<html xmlns:string="xalan://java.lang.String" xmlns:lxslt="http://xml.apache.org/xslt">
    <head>
        <META http-equiv="Content-Type" content="text/html; charset=UTF-8">
        <title>Standard Output from JUnitTclTest</title>
    </head>
    <body>
        <pre>/home/travis/build/icyphy/ptII/ptolemy/actor/lib/python/test/PythonScript.tcl
testDefs.tcl: setting time out to 9000 seconds at Sat Jan 04 06:41:34 UTC 2020
['/home/travis/build/icyphy/ptII/lib/Lib', '/home/travis/build/icyphy/ptII/lib/jython.jar/Lib', '__classpath__', '__pyclasspath__/']
206 ms. Memory: 242688K Free: 139021K (57%)
['/home/travis/build/icyphy/ptII/lib/Lib', '/home/travis/build/icyphy/ptII/lib/jython.jar/Lib', '__classpath__', '__pyclasspath__/']
20 ms. Memory: 242688K Free: 136965K (56%)
['/home/travis/build/icyphy/ptII/lib/Lib', '/home/travis/build/icyphy/ptII/lib/jython.jar/Lib', '__classpath__', '__pyclasspath__/']
17 ms. Memory: 242688K Free: 135445K (56%)
['/home/travis/build/icyphy/ptII/lib/Lib', '/home/travis/build/icyphy/ptII/lib/jython.jar/Lib', '__classpath__', '__pyclasspath__/']
17 ms. Memory: 242688K Free: 133697K (55%)
['/home/travis/build/icyphy/ptII/lib/Lib', '/home/travis/build/icyphy/ptII/lib/jython.jar/Lib', '__classpath__', '__pyclasspath__/']
15 ms. Memory: 242688K Free: 132373K (55%)
['/home/travis/build/icyphy/ptII/lib/Lib', '/home/travis/build/icyphy/ptII/lib/jython.jar/Lib', '__classpath__', '__pyclasspath__/']
40 ms. Memory: 242688K Free: 129811K (53%)


==== $PTII/ptolemy/actor/lib/python/test/PythonScript.tcl: PythonScript-2.5 Bogus script, test _reportScriptError()
==== Contents of test case:

    # Uses test 2.1 above
    $script setExpression {
class Main :
  "double"
  def fire(self) :
    if not self.input.hasToken(0) :
      return
    t = self.input.get(0)
    ThisIsATypo 	
    self.output.broadcast(t.add(t))}

    catch {[$e0 getManager] execute} errMsg
    list $errMsg

==== Result was:
{ptolemy.kernel.util.IllegalActionException: Error in invoking the fire method:
line 8, in fire
NameError: global name 'ThisIsATypo' is not defined

  in .top.PythonScript
Because:
NameError: global name 'ThisIsATypo' is not defined}
---- Result should have been:
{ptolemy.kernel.util.IllegalActionException: Error in invoking the fire method:
line 8, in fire
NameError: global name 'ThisIsATypo' is not defined

  in .top.PythonScript
Because:
Traceback (most recent call last):
  File "&lt;string&gt;", line 8, in fire
NameError: global name 'ThisIsATypo' is not defined
}
@@@@@ known results is more than 7 lines long, so we run diff
7,10c7
&lt; Traceback (most recent call last):
&lt;   File "&lt;string&gt;", line 8, in fire
&lt; NameError: global name 'ThisIsATypo' is not defined
&lt; }
---
&gt; NameError: global name 'ThisIsATypo' is not defined}
@@@@@ Done running diffText
---- PythonScript-2.5 FAILED
01/04/20 06:41:39
Failed: 1  Total Tests: 5  ((Passed: 4, Newly Passed: 0)  Known Failed: 0) /home/travis/build/icyphy/ptII/ptolemy/actor/lib/python/test
No auto/knownFailedTests/*.xml tests in /home/travis/build/icyphy/ptII/ptolemy/actor/lib/python/test
No auto/linux-amd64/*.xml tests in /home/travis/build/icyphy/ptII/ptolemy/actor/lib/python/test
AutoTests.java: About to close Vertx.
AutoTests.java: Vertx closed.

===========================================================================================
----------------- testing Sat Jan 04 06:41:39 UTC 2020 /home/travis/build/icyphy/ptII/ptolemy/actor/lib/python/test/auto/PythonClone.xml
----------------- Instantiating /home/travis/build/icyphy/ptII/ptolemy/actor/lib/python/test/auto/PythonClone.xml
184 ms. Memory: 242688K Free: 176638K (73%)
----------------- Invoking toplevel() on ptolemy.moml.MoMLSimpleApplication@3a713f83
----------------- Done invoking toplevel() on ptolemy.moml.MoMLSimpleApplication@3a713f83
reloadAllAccessors: .PythonClone

===========================================================================================
----------------- testing Sat Jan 04 06:41:40 UTC 2020 /home/travis/build/icyphy/ptII/ptolemy/actor/lib/python/test/auto/PythonContainerName.xml
----------------- Instantiating /home/travis/build/icyphy/ptII/ptolemy/actor/lib/python/test/auto/PythonContainerName.xml
16 ms. Memory: 242688K Free: 169984K (70%)
----------------- Invoking toplevel() on ptolemy.moml.MoMLSimpleApplication@30846023
----------------- Done invoking toplevel() on ptolemy.moml.MoMLSimpleApplication@30846023
reloadAllAccessors: .PythonContainerName

===========================================================================================
----------------- testing Sat Jan 04 06:41:40 UTC 2020 /home/travis/build/icyphy/ptII/ptolemy/actor/lib/python/test/auto/PythonReadFile.xml
----------------- Instantiating /home/travis/build/icyphy/ptII/ptolemy/actor/lib/python/test/auto/PythonReadFile.xml
/home/travis/build/icyphy/ptII/ptolemy/actor/lib/python/test/auto/PythonReadFile.xml
/home/travis/build/icyphy/ptII/ptolemy/actor/lib/python/test/auto/PythonReadFile.xml
/home/travis/build/icyphy/ptII/ptolemy/actor/lib/python/test/auto/PythonReadFile.xml
/home/travis/build/icyphy/ptII/ptolemy/actor/lib/python/test/auto/PythonReadFile.xml
/home/travis/build/icyphy/ptII/ptolemy/actor/lib/python/test/auto/PythonReadFile.xml
/home/travis/build/icyphy/ptII/ptolemy/actor/lib/python/test/auto/PythonReadFile.xml
/home/travis/build/icyphy/ptII/ptolemy/actor/lib/python/test/auto/PythonReadFile.xml
/home/travis/build/icyphy/ptII/ptolemy/actor/lib/python/test/auto/PythonReadFile.xml
/home/travis/build/icyphy/ptII/ptolemy/actor/lib/python/test/auto/PythonReadFile.xml
/home/travis/build/icyphy/ptII/ptolemy/actor/lib/python/test/auto/PythonReadFile.xml
75 ms. Memory: 242688K Free: 163326K (67%)
----------------- Invoking toplevel() on ptolemy.moml.MoMLSimpleApplication@4e5e3777
----------------- Done invoking toplevel() on ptolemy.moml.MoMLSimpleApplication@4e5e3777
reloadAllAccessors: .PythonReadFile

===========================================================================================
----------------- testing Sat Jan 04 06:41:40 UTC 2020 /home/travis/build/icyphy/ptII/ptolemy/actor/lib/python/test/auto/PythonScale.xml
----------------- Instantiating /home/travis/build/icyphy/ptII/ptolemy/actor/lib/python/test/auto/PythonScale.xml
14 ms. Memory: 242688K Free: 159230K (66%)
----------------- Invoking toplevel() on ptolemy.moml.MoMLSimpleApplication@31bd8946
----------------- Done invoking toplevel() on ptolemy.moml.MoMLSimpleApplication@31bd8946
reloadAllAccessors: .PythonScale

===========================================================================================
----------------- testing Sat Jan 04 06:41:40 UTC 2020 /home/travis/build/icyphy/ptII/ptolemy/actor/lib/python/test/auto/PythonScalePN.xml
----------------- Instantiating /home/travis/build/icyphy/ptII/ptolemy/actor/lib/python/test/auto/PythonScalePN.xml
55 ms. Memory: 242688K Free: 153600K (63%)
----------------- Invoking toplevel() on ptolemy.moml.MoMLSimpleApplication@2133fa64
----------------- Done invoking toplevel() on ptolemy.moml.MoMLSimpleApplication@2133fa64
reloadAllAccessors: .PythonScalePN

===========================================================================================
----------------- testing Sat Jan 04 06:41:40 UTC 2020 /home/travis/build/icyphy/ptII/ptolemy/actor/lib/python/test/auto/PythonStop.xml
----------------- Instantiating /home/travis/build/icyphy/ptII/ptolemy/actor/lib/python/test/auto/PythonStop.xml
22 ms. Memory: 242688K Free: 148990K (61%)
----------------- Invoking toplevel() on ptolemy.moml.MoMLSimpleApplication@32b4d23b
----------------- Done invoking toplevel() on ptolemy.moml.MoMLSimpleApplication@32b4d23b
reloadAllAccessors: .PythonStop

===========================================================================================
----------------- testing Sat Jan 04 06:41:40 UTC 2020 /home/travis/build/icyphy/ptII/ptolemy/actor/lib/python/test/auto/PythonSysPath.xml
----------------- Instantiating /home/travis/build/icyphy/ptII/ptolemy/actor/lib/python/test/auto/PythonSysPath.xml
40 ms. Memory: 242688K Free: 142846K (59%)
----------------- Invoking toplevel() on ptolemy.moml.MoMLSimpleApplication@3c073cab
----------------- Done invoking toplevel() on ptolemy.moml.MoMLSimpleApplication@3c073cab
reloadAllAccessors: .PythonSysPath

===========================================================================================
----------------- testing Sat Jan 04 06:41:40 UTC 2020 /home/travis/build/icyphy/ptII/ptolemy/actor/lib/python/test/auto/PythonTerminate.xml
----------------- Instantiating /home/travis/build/icyphy/ptII/ptolemy/actor/lib/python/test/auto/PythonTerminate.xml
11 ms. Memory: 242688K Free: 138240K (57%)
----------------- Invoking toplevel() on ptolemy.moml.MoMLSimpleApplication@5eb454a5
----------------- Done invoking toplevel() on ptolemy.moml.MoMLSimpleApplication@5eb454a5
reloadAllAccessors: .PythonTerminate

===========================================================================================
----------------- testing Sat Jan 04 06:41:40 UTC 2020 /home/travis/build/icyphy/ptII/ptolemy/actor/lib/python/test/auto/Records2.xml
----------------- Instantiating /home/travis/build/icyphy/ptII/ptolemy/actor/lib/python/test/auto/Records2.xml
41 ms. Memory: 242688K Free: 132096K (54%)
----------------- Invoking toplevel() on ptolemy.moml.MoMLSimpleApplication@1c208620
----------------- Done invoking toplevel() on ptolemy.moml.MoMLSimpleApplication@1c208620
reloadAllAccessors: .Records2

===========================================================================================
----------------- testing Sat Jan 04 06:41:40 UTC 2020 /home/travis/build/icyphy/ptII/ptolemy/actor/lib/python/test/auto/methodCall.xml
----------------- Instantiating /home/travis/build/icyphy/ptII/ptolemy/actor/lib/python/test/auto/methodCall.xml
3 ms. Memory: 242688K Free: 128000K (53%)
----------------- Invoking toplevel() on ptolemy.moml.MoMLSimpleApplication@678f4093
----------------- Done invoking toplevel() on ptolemy.moml.MoMLSimpleApplication@678f4093
reloadAllAccessors: .methodCall

===========================================================================================
----------------- testing Sat Jan 04 06:41:40 UTC 2020 /home/travis/build/icyphy/ptII/ptolemy/actor/lib/python/test/auto/testPythonClass.xml
----------------- Instantiating /home/travis/build/icyphy/ptII/ptolemy/actor/lib/python/test/auto/testPythonClass.xml
27 ms. Memory: 242688K Free: 118784K (49%)
----------------- Invoking toplevel() on ptolemy.moml.MoMLSimpleApplication@1b0a8091
----------------- Done invoking toplevel() on ptolemy.moml.MoMLSimpleApplication@1b0a8091
reloadAllAccessors: .testPythonClass
AutoTests.java: About to close Vertx.
AutoTests.java: Vertx closed.
</pre>
    </body>
</html>
