<html xmlns:string="xalan://java.lang.String" xmlns:lxslt="http://xml.apache.org/xslt">
    <head>
        <META http-equiv="Content-Type" content="text/html; charset=UTF-8">
        <title>Standard Output from JUnitTclTest</title>
    </head>
    <body>
        <pre>/home/travis/build/icyphy/ptII/ptolemy/configs/test/constraints/test/checkFullConstraints.tcl
testDefs.tcl: setting time out to 9000 seconds at Wed Apr 13 02:18:18 UTC 2022
FIXME FIXME FIXME FIXME FIXME FIXME
ptolemy/configs/test/checkFullConstraints.tcl: FIXME: Invoking Configuration.check() 
results in a memory leak that consumes
more than 4gig of memory and causes problems under Travis.
so, we check the constraints only of the full configuration.
FIXME FIXME FIXME FIXME FIXME FIXME
 Force everything to get expanded ptolemy/configs/configurationFile
    (Skipping certain optional packages, jxta and viptos)
JSAccessor: PT_NO_NET environment variable is set, so git pull and ptdoc are not being run.
Retrieving library from file:/home/travis/build/icyphy/ptII/org/terraswarm/accessor/accessors/web/index.json
Retrieving library from file:/home/travis/build/icyphy/ptII/org/terraswarm/accessor/accessors/web/adapters/index.json
Retrieving library from file:/home/travis/build/icyphy/ptII/org/terraswarm/accessor/accessors/web/audio/index.json
Prism pipeline init order: es2 sw 
Using Double Precision Marlin Rasterizer
Using dirty region optimizations
Not using texture mask for primitives
Not forcing power of 2 sizes for textures
Using hardware CLAMP_TO_ZERO mode
Opting in for HiDPI pixel scaling
Prism pipeline name = com.sun.prism.es2.ES2Pipeline
Loading ES2 native library ... prism_es2
	succeeded.
GLFactory using com.sun.prism.es2.X11GLFactory
(X) Got class = class com.sun.prism.es2.ES2Pipeline
Prism pipeline name = com.sun.prism.sw.SWPipeline
(X) Got class = class com.sun.prism.sw.SWPipeline
Initialized prism pipeline: com.sun.prism.sw.SWPipeline
Retrieving library from file:/home/travis/build/icyphy/ptII/org/terraswarm/accessor/accessors/web/cameras/index.json
No physical cameras found, using WebcamDummyDriver.
Retrieving library from file:/home/travis/build/icyphy/ptII/org/terraswarm/accessor/accessors/web/dashboard/index.json
Retrieving library from file:/home/travis/build/icyphy/ptII/org/terraswarm/accessor/accessors/web/devices/index.json
Retrieving library from file:/home/travis/build/icyphy/ptII/org/terraswarm/accessor/accessors/web/image/index.json
CharacterRecognition: The tesseract module was not present.  The CharacterRecognition accessor is not supported on this accessor host. (Thread[main,5,main])
CharacterRecognition: The tesseract module was not present.  The CharacterRecognition accessor is not supported on this accessor host. (Thread[main,5,main])
Retrieving library from file:/home/travis/build/icyphy/ptII/org/terraswarm/accessor/accessors/web/net/index.json
Retrieving library from file:/home/travis/build/icyphy/ptII/org/terraswarm/accessor/accessors/web/robotics/index.json
Retrieving library from file:/home/travis/build/icyphy/ptII/org/terraswarm/accessor/accessors/web/geodesy/index.json
Retrieving library from file:/home/travis/build/icyphy/ptII/org/terraswarm/accessor/accessors/web/services/index.json
Retrieving library from file:/home/travis/build/icyphy/ptII/org/terraswarm/accessor/accessors/web/signals/index.json
Retrieving library from file:/home/travis/build/icyphy/ptII/org/terraswarm/accessor/accessors/web/test/index.json
Retrieving library from file:/home/travis/build/icyphy/ptII/org/terraswarm/accessor/accessors/web/utilities/index.json
The Mutable accessor original file has no documentation, so we are not running jsdoc on https://accessors.org/utilities/Mutable.js
HLA version is 1.3.
HLA version is 1.3.
HLA version is 1.3.
Loading accessor failed: ComputerVision.js


==== $PTII/ptolemy/configs/test/constraints/test/checkFullConstraints.tcl: configurationFile-3.1 Test to see if configurationFile contains any actors whose type constraints don't clone
==== Contents of test case:

            set results [[java::cast ptolemy.actor.gui.Configuration $configuration] check]
            # FIXME: Need to call this twice to find problems with RecordAssembler.
            puts "---- Second call to Configuration.check"
            set results2 [[java::cast ptolemy.actor.gui.Configuration $configuration] check]
            # Don't call return as the last line of a test proc, since return
            # throws an exception.
            list $results $results2
    
==== Test generated error:
    while executing
ptolemy.kernel.util.InvalidStateException: Failed to populate Library
  in .actor library.MoreLibraries.Accessors.image
Because:
Loading accessor failed: ComputerVision.js
  in .actor library.MoreLibraries.Accessors.image
Because:
Error evaluating expression:
// A computer vision accessor.
...
  in .actor library.MoreLibraries.Accessors.image.ComputerVision.script
Because:
Failed to evaluate script.
  in .actor library.MoreLibraries.Accessors.image.ComputerVision
Because:
Error: Error executing module @accessors-modules/computer-vision line #89 : Could not find the org.ptolemy.opencv.ComputerVision class, perhaps OpenCV was not installed. The OpenCV API can be downloaded from http://opencv.org.  Under Mac OS X, try:  :sudo port install opencv +python27 +java".See org/ptolemy/opencv/package.html for installation help.
In file: /home/travis/build/icyphy/ptII/ptolemy/actor/lib/jjs/modules/computerVision/computerVision.js
Error: Could not find the org.ptolemy.opencv.ComputerVision class, perhaps OpenCV was not installed. The OpenCV API can be downloaded from http://opencv.org.  Under Mac OS X, try:  :sudo port install opencv +python27 +java".See org/ptolemy/opencv/package.html for installation help.
	at &lt;anonymous&gt; (/home/travis/build/icyphy/ptII/ptolemy/actor/lib/jjs/external/require.js#409:30&lt;eval&gt;:89)
	at _require (/home/travis/build/icyphy/ptII/ptolemy/actor/lib/jjs/external/require.js:429)
	at &lt;anonymous&gt; (/home/travis/build/icyphy/ptII/ptolemy/actor/lib/jjs/external/require.js:467)
	at &lt;anonymous&gt; (&lt;function&gt;:62)
	at Accessor (/home/travis/build/icyphy/ptII/ptolemy/actor/lib/jjs/external/require.js#409:30&lt;eval&gt;:545)
	at evaluateCode (&lt;eval&gt;:96) in /home/travis/build/icyphy/ptII/ptolemy/actor/lib/jjs/external/require.js at line number 454 at column number 12
  in .actor library.MoreLibraries.Accessors.image.ComputerVision.script
Because:
Error evaluating expression:
// A computer vision accessor.
...
  in .actor library.MoreLibraries.Accessors.image.ComputerVision.script
Because:
Failed to evaluate script.
  in .actor library.MoreLibraries.Accessors.image.ComputerVision
Because:
Error: Error executing module @accessors-modules/computer-vision line #89 : Could not find the org.ptolemy.opencv.ComputerVision class, perhaps OpenCV was not installed. The OpenCV API can be downloaded from http://opencv.org.  Under Mac OS X, try:  :sudo port install opencv +python27 +java".See org/ptolemy/opencv/package.html for installation help.
In file: /home/travis/build/icyphy/ptII/ptolemy/actor/lib/jjs/modules/computerVision/computerVision.js
Error: Could not find the org.ptolemy.opencv.ComputerVision class, perhaps OpenCV was not installed. The OpenCV API can be downloaded from http://opencv.org.  Under Mac OS X, try:  :sudo port install opencv +python27 +java".See org/ptolemy/opencv/package.html for installation help.
	at &lt;anonymous&gt; (/home/travis/build/icyphy/ptII/ptolemy/actor/lib/jjs/external/require.js#409:30&lt;eval&gt;:89)
	at _require (/home/travis/build/icyphy/ptII/ptolemy/actor/lib/jjs/external/require.js:429)
	at &lt;anonymous&gt; (/home/travis/build/icyphy/ptII/ptolemy/actor/lib/jjs/external/require.js:467)
	at &lt;anonymous&gt; (&lt;function&gt;:62)
	at Accessor (/home/travis/build/icyphy/ptII/ptolemy/actor/lib/jjs/external/require.js#409:30&lt;eval&gt;:545)
	at evaluateCode (&lt;eval&gt;:96) in /home/travis/build/icyphy/ptII/ptolemy/actor/lib/jjs/external/require.js at line number 454 at column number 12
	at org.terraswarm.accessor.AccessorLibrary.populate(AccessorLibrary.java:307)
	at ptolemy.moml.EntityLibrary.entityList(EntityLibrary.java:366)
	at ptolemy.kernel.CompositeEntity._unlinkLevelCrossingLinksToOutside(CompositeEntity.java:2769)
	at ptolemy.kernel.CompositeEntity._unlinkLevelCrossingLinksToOutside(CompositeEntity.java:2775)
	at ptolemy.kernel.CompositeEntity._unlinkLevelCrossingLinksToOutside(CompositeEntity.java:2775)
	at ptolemy.kernel.CompositeEntity._unlinkLevelCrossingLinksToOutside(CompositeEntity.java:2775)
	at ptolemy.kernel.CompositeEntity.setContainer(CompositeEntity.java:1878)
	at ptolemy.actor.gui.Configuration.check(Configuration.java:415)
	at java.base/jdk.internal.reflect.NativeMethodAccessorImpl.invoke0(Native Method)
	at java.base/jdk.internal.reflect.NativeMethodAccessorImpl.invoke(NativeMethodAccessorImpl.java:62)
	at java.base/jdk.internal.reflect.DelegatingMethodAccessorImpl.invoke(DelegatingMethodAccessorImpl.java:43)
	at java.base/java.lang.reflect.Method.invoke(Method.java:566)
	at tcl.lang.reflect.PkgInvoker.invokeMethod(PkgInvoker.java:129)
	at tcl.lang.JavaInvoke.call(JavaInvoke.java:253)
	at tcl.lang.JavaInvoke.callMethod(JavaInvoke.java:116)
	at tcl.lang.ReflectObject.cmdProc(ReflectObject.java:727)
	at tcl.lang.Parser.evalObjv(Parser.java:740)
	at tcl.lang.Parser.eval2(Parser.java:1138)
	at tcl.lang.Parser.evalTokens(Parser.java:930)
	at tcl.lang.Parser.eval2(Parser.java:1125)
	at tcl.lang.Interp.eval(Interp.java:1782)
	at tcl.lang.Interp.eval(Interp.java:1841)
	at tcl.lang.UplevelCmd.cmdProc(UplevelCmd.java:93)
	at tcl.lang.AutoloadStub.cmdProc(Extension.java:144)
	at tcl.lang.Parser.evalObjv(Parser.java:740)
	at tcl.lang.Parser.eval2(Parser.java:1138)
	at tcl.lang.Interp.eval(Interp.java:1782)
	at tcl.lang.Interp.eval(Interp.java:1841)
	at tcl.lang.CatchCmd.cmdProc(CatchCmd.java:42)
	at tcl.lang.Parser.evalObjv(Parser.java:740)
	at tcl.lang.Parser.eval2(Parser.java:1138)
	at tcl.lang.Parser.evalTokens(Parser.java:930)
	at tcl.lang.Parser.eval2(Parser.java:1125)
	at tcl.lang.Procedure.cmdProc(Procedure.java:175)
	at tcl.lang.Parser.evalObjv(Parser.java:740)
	at tcl.lang.Parser.eval2(Parser.java:1138)
	at tcl.lang.Procedure.cmdProc(Procedure.java:175)
	at tcl.lang.Parser.evalObjv(Parser.java:740)
	at tcl.lang.Parser.eval2(Parser.java:1138)
	at tcl.lang.Interp.eval(Interp.java:1782)
	at tcl.lang.Interp.evalFile(Interp.java:1880)
	at java.base/jdk.internal.reflect.NativeMethodAccessorImpl.invoke0(Native Method)
	at java.base/jdk.internal.reflect.NativeMethodAccessorImpl.invoke(NativeMethodAccessorImpl.java:62)
	at java.base/jdk.internal.reflect.DelegatingMethodAccessorImpl.invoke(DelegatingMethodAccessorImpl.java:43)
	at java.base/java.lang.reflect.Method.invoke(Method.java:566)
	at ptolemy.util.test.junit.TclTests.RunTclFile(TclTests.java:233)
	at java.base/jdk.internal.reflect.NativeMethodAccessorImpl.invoke0(Native Method)
	at java.base/jdk.internal.reflect.NativeMethodAccessorImpl.invoke(NativeMethodAccessorImpl.java:62)
	at java.base/jdk.internal.reflect.DelegatingMethodAccessorImpl.invoke(DelegatingMethodAccessorImpl.java:43)
	at java.base/java.lang.reflect.Method.invoke(Method.java:566)
	at org.junit.runners.model.FrameworkMethod$1.runReflectiveCall(FrameworkMethod.java:44)
	at org.junit.internal.runners.model.ReflectiveCallable.run(ReflectiveCallable.java:15)
	at org.junit.runners.model.FrameworkMethod.invokeExplosively(FrameworkMethod.java:41)
	at junitparams.internal.InvokeParameterisedMethod.evaluate(InvokeParameterisedMethod.java:102)
	at junitparams.internal.ParameterisedTestMethodRunner.runMethodInvoker(ParameterisedTestMethodRunner.java:47)
	at junitparams.internal.ParameterisedTestMethodRunner.runTestMethod(ParameterisedTestMethodRunner.java:41)
	at junitparams.internal.ParameterisedTestClassRunner.runParameterisedTest(ParameterisedTestClassRunner.java:143)
	at junitparams.JUnitParamsRunner.runChild(JUnitParamsRunner.java:237)
	at junitparams.JUnitParamsRunner.runChild(JUnitParamsRunner.java:215)
	at org.junit.runners.ParentRunner$3.run(ParentRunner.java:193)
	at org.junit.runners.ParentRunner$1.schedule(ParentRunner.java:52)
	at org.junit.runners.ParentRunner.runChildren(ParentRunner.java:191)
	at org.junit.runners.ParentRunner.access$000(ParentRunner.java:42)
	at org.junit.runners.ParentRunner$2.evaluate(ParentRunner.java:184)
	at org.junit.internal.runners.statements.RunAfters.evaluate(RunAfters.java:31)
	at org.junit.runners.ParentRunner.run(ParentRunner.java:236)
	at org.junit.runners.Suite.runChild(Suite.java:128)
	at org.junit.runners.Suite.runChild(Suite.java:24)
	at org.junit.runners.ParentRunner$3.run(ParentRunner.java:193)
	at org.junit.runners.ParentRunner$1.schedule(ParentRunner.java:52)
	at org.junit.runners.ParentRunner.runChildren(ParentRunner.java:191)
	at org.junit.runners.ParentRunner.access$000(ParentRunner.java:42)
	at org.junit.runners.ParentRunner$2.evaluate(ParentRunner.java:184)
	at org.junit.runners.ParentRunner.run(ParentRunner.java:236)
	at junit.framework.JUnit4TestAdapter.run(JUnit4TestAdapter.java:39)
	at org.apache.tools.ant.taskdefs.optional.junit.JUnitTestRunner.run(JUnitTestRunner.java:535)
	at org.apache.tools.ant.taskdefs.optional.junit.JUnitTestRunner.launch(JUnitTestRunner.java:1182)
	at org.apache.tools.ant.taskdefs.optional.junit.JUnitTestRunner.main(JUnitTestRunner.java:1033)
Caused by: ptolemy.kernel.util.InternalErrorException: Loading accessor failed: ComputerVision.js
  in .actor library.MoreLibraries.Accessors.image
Because:
Error evaluating expression:
// A computer vision accessor.
...
  in .actor library.MoreLibraries.Accessors.image.ComputerVision.script
Because:
Failed to evaluate script.
  in .actor library.MoreLibraries.Accessors.image.ComputerVision
Because:
Error: Error executing module @accessors-modules/computer-vision line #89 : Could not find the org.ptolemy.opencv.ComputerVision class, perhaps OpenCV was not installed. The OpenCV API can be downloaded from http://opencv.org.  Under Mac OS X, try:  :sudo port install opencv +python27 +java".See org/ptolemy/opencv/package.html for installation help.
In file: /home/travis/build/icyphy/ptII/ptolemy/actor/lib/jjs/modules/computerVision/computerVision.js
Error: Could not find the org.ptolemy.opencv.ComputerVision class, perhaps OpenCV was not installed. The OpenCV API can be downloaded from http://opencv.org.  Under Mac OS X, try:  :sudo port install opencv +python27 +java".See org/ptolemy/opencv/package.html for installation help.
	at &lt;anonymous&gt; (/home/travis/build/icyphy/ptII/ptolemy/actor/lib/jjs/external/require.js#409:30&lt;eval&gt;:89)
	at _require (/home/travis/build/icyphy/ptII/ptolemy/actor/lib/jjs/external/require.js:429)
	at &lt;anonymous&gt; (/home/travis/build/icyphy/ptII/ptolemy/actor/lib/jjs/external/require.js:467)
	at &lt;anonymous&gt; (&lt;function&gt;:62)
	at Accessor (/home/travis/build/icyphy/ptII/ptolemy/actor/lib/jjs/external/require.js#409:30&lt;eval&gt;:545)
	at evaluateCode (&lt;eval&gt;:96) in /home/travis/build/icyphy/ptII/ptolemy/actor/lib/jjs/external/require.js at line number 454 at column number 12
  in .actor library.MoreLibraries.Accessors.image.ComputerVision.script
Because:
Error evaluating expression:
// A computer vision accessor.
...
  in .actor library.MoreLibraries.Accessors.image.ComputerVision.script
Because:
Failed to evaluate script.
  in .actor library.MoreLibraries.Accessors.image.ComputerVision
Because:
Error: Error executing module @accessors-modules/computer-vision line #89 : Could not find the org.ptolemy.opencv.ComputerVision class, perhaps OpenCV was not installed. The OpenCV API can be downloaded from http://opencv.org.  Under Mac OS X, try:  :sudo port install opencv +python27 +java".See org/ptolemy/opencv/package.html for installation help.
In file: /home/travis/build/icyphy/ptII/ptolemy/actor/lib/jjs/modules/computerVision/computerVision.js
Error: Could not find the org.ptolemy.opencv.ComputerVision class, perhaps OpenCV was not installed. The OpenCV API can be downloaded from http://opencv.org.  Under Mac OS X, try:  :sudo port install opencv +python27 +java".See org/ptolemy/opencv/package.html for installation help.
	at &lt;anonymous&gt; (/home/travis/build/icyphy/ptII/ptolemy/actor/lib/jjs/external/require.js#409:30&lt;eval&gt;:89)
	at _require (/home/travis/build/icyphy/ptII/ptolemy/actor/lib/jjs/external/require.js:429)
	at &lt;anonymous&gt; (/home/travis/build/icyphy/ptII/ptolemy/actor/lib/jjs/external/require.js:467)
	at &lt;anonymous&gt; (&lt;function&gt;:62)
	at Accessor (/home/travis/build/icyphy/ptII/ptolemy/actor/lib/jjs/external/require.js#409:30&lt;eval&gt;:545)
	at evaluateCode (&lt;eval&gt;:96) in /home/travis/build/icyphy/ptII/ptolemy/actor/lib/jjs/external/require.js at line number 454 at column number 12
	at org.terraswarm.accessor.AccessorLibrary.populate(AccessorLibrary.java:224)
	... 77 more
Caused by: ptolemy.kernel.util.IllegalActionException: Error evaluating expression:
// A computer vision accessor.
...
  in .actor library.MoreLibraries.Accessors.image.ComputerVision.script
Because:
Failed to evaluate script.
  in .actor library.MoreLibraries.Accessors.image.ComputerVision
Because:
Error: Error executing module @accessors-modules/computer-vision line #89 : Could not find the org.ptolemy.opencv.ComputerVision class, perhaps OpenCV was not installed. The OpenCV API can be downloaded from http://opencv.org.  Under Mac OS X, try:  :sudo port install opencv +python27 +java".See org/ptolemy/opencv/package.html for installation help.
In file: /home/travis/build/icyphy/ptII/ptolemy/actor/lib/jjs/modules/computerVision/computerVision.js
Error: Could not find the org.ptolemy.opencv.ComputerVision class, perhaps OpenCV was not installed. The OpenCV API can be downloaded from http://opencv.org.  Under Mac OS X, try:  :sudo port install opencv +python27 +java".See org/ptolemy/opencv/package.html for installation help.
	at &lt;anonymous&gt; (/home/travis/build/icyphy/ptII/ptolemy/actor/lib/jjs/external/require.js#409:30&lt;eval&gt;:89)
	at _require (/home/travis/build/icyphy/ptII/ptolemy/actor/lib/jjs/external/require.js:429)
	at &lt;anonymous&gt; (/home/travis/build/icyphy/ptII/ptolemy/actor/lib/jjs/external/require.js:467)
	at &lt;anonymous&gt; (&lt;function&gt;:62)
	at Accessor (/home/travis/build/icyphy/ptII/ptolemy/actor/lib/jjs/external/require.js#409:30&lt;eval&gt;:545)
	at evaluateCode (&lt;eval&gt;:96) in /home/travis/build/icyphy/ptII/ptolemy/actor/lib/jjs/external/require.js at line number 454 at column number 12
  in .actor library.MoreLibraries.Accessors.image.ComputerVision.script
Because:
Error evaluating expression:
// A computer vision accessor.
...
  in .actor library.MoreLibraries.Accessors.image.ComputerVision.script
Because:
Failed to evaluate script.
  in .actor library.MoreLibraries.Accessors.image.ComputerVision
Because:
Error: Error executing module @accessors-modules/computer-vision line #89 : Could not find the org.ptolemy.opencv.ComputerVision class, perhaps OpenCV was not installed. The OpenCV API can be downloaded from http://opencv.org.  Under Mac OS X, try:  :sudo port install opencv +python27 +java".See org/ptolemy/opencv/package.html for installation help.
In file: /home/travis/build/icyphy/ptII/ptolemy/actor/lib/jjs/modules/computerVision/computerVision.js
Error: Could not find the org.ptolemy.opencv.ComputerVision class, perhaps OpenCV was not installed. The OpenCV API can be downloaded from http://opencv.org.  Under Mac OS X, try:  :sudo port install opencv +python27 +java".See org/ptolemy/opencv/package.html for installation help.
	at &lt;anonymous&gt; (/home/travis/build/icyphy/ptII/ptolemy/actor/lib/jjs/external/require.js#409:30&lt;eval&gt;:89)
	at _require (/home/travis/build/icyphy/ptII/ptolemy/actor/lib/jjs/external/require.js:429)
	at &lt;anonymous&gt; (/home/travis/build/icyphy/ptII/ptolemy/actor/lib/jjs/external/require.js:467)
	at &lt;anonymous&gt; (&lt;function&gt;:62)
	at Accessor (/home/travis/build/icyphy/ptII/ptolemy/actor/lib/jjs/external/require.js#409:30&lt;eval&gt;:545)
	at evaluateCode (&lt;eval&gt;:96) in /home/travis/build/icyphy/ptII/ptolemy/actor/lib/jjs/external/require.js at line number 454 at column number 12
	at ptolemy.data.expr.Variable.validate(Variable.java:1619)
	at ptolemy.moml.MoMLParser.endDocument(MoMLParser.java:867)
	at com.microstar.xml.XmlParser.doParse(XmlParser.java:162)
	at com.microstar.xml.XmlParser.parse(XmlParser.java:132)
	at ptolemy.moml.MoMLParser.parse(MoMLParser.java:1676)
	at ptolemy.moml.MoMLParser.parse(MoMLParser.java:1617)
	at ptolemy.moml.MoMLParser.parse(MoMLParser.java:1792)
	at org.terraswarm.accessor.AccessorLibrary.populate(AccessorLibrary.java:194)
	... 77 more
Caused by: ptolemy.kernel.util.IllegalActionException: Error evaluating expression:
// A computer vision accessor.
...
  in .actor library.MoreLibraries.Accessors.image.ComputerVision.script
Because:
Failed to evaluate script.
  in .actor library.MoreLibraries.Accessors.image.ComputerVision
Because:
Error: Error executing module @accessors-modules/computer-vision line #89 : Could not find the org.ptolemy.opencv.ComputerVision class, perhaps OpenCV was not installed. The OpenCV API can be downloaded from http://opencv.org.  Under Mac OS X, try:  :sudo port install opencv +python27 +java".See org/ptolemy/opencv/package.html for installation help.
In file: /home/travis/build/icyphy/ptII/ptolemy/actor/lib/jjs/modules/computerVision/computerVision.js
Error: Could not find the org.ptolemy.opencv.ComputerVision class, perhaps OpenCV was not installed. The OpenCV API can be downloaded from http://opencv.org.  Under Mac OS X, try:  :sudo port install opencv +python27 +java".See org/ptolemy/opencv/package.html for installation help.
	at &lt;anonymous&gt; (/home/travis/build/icyphy/ptII/ptolemy/actor/lib/jjs/external/require.js#409:30&lt;eval&gt;:89)
	at _require (/home/travis/build/icyphy/ptII/ptolemy/actor/lib/jjs/external/require.js:429)
	at &lt;anonymous&gt; (/home/travis/build/icyphy/ptII/ptolemy/actor/lib/jjs/external/require.js:467)
	at &lt;anonymous&gt; (&lt;function&gt;:62)
	at Accessor (/home/travis/build/icyphy/ptII/ptolemy/actor/lib/jjs/external/require.js#409:30&lt;eval&gt;:545)
	at evaluateCode (&lt;eval&gt;:96) in /home/travis/build/icyphy/ptII/ptolemy/actor/lib/jjs/external/require.js at line number 454 at column number 12
	at ptolemy.data.expr.Variable._evaluate(Variable.java:1891)
	at ptolemy.data.expr.Variable._propagate(Variable.java:1984)
	at ptolemy.data.expr.Variable.validate(Variable.java:1596)
	... 84 more
Caused by: ptolemy.kernel.util.IllegalActionException: Failed to evaluate script.
  in .actor library.MoreLibraries.Accessors.image.ComputerVision
Because:
Error: Error executing module @accessors-modules/computer-vision line #89 : Could not find the org.ptolemy.opencv.ComputerVision class, perhaps OpenCV was not installed. The OpenCV API can be downloaded from http://opencv.org.  Under Mac OS X, try:  :sudo port install opencv +python27 +java".See org/ptolemy/opencv/package.html for installation help.
In file: /home/travis/build/icyphy/ptII/ptolemy/actor/lib/jjs/modules/computerVision/computerVision.js
Error: Could not find the org.ptolemy.opencv.ComputerVision class, perhaps OpenCV was not installed. The OpenCV API can be downloaded from http://opencv.org.  Under Mac OS X, try:  :sudo port install opencv +python27 +java".See org/ptolemy/opencv/package.html for installation help.
	at &lt;anonymous&gt; (/home/travis/build/icyphy/ptII/ptolemy/actor/lib/jjs/external/require.js#409:30&lt;eval&gt;:89)
	at _require (/home/travis/build/icyphy/ptII/ptolemy/actor/lib/jjs/external/require.js:429)
	at &lt;anonymous&gt; (/home/travis/build/icyphy/ptII/ptolemy/actor/lib/jjs/external/require.js:467)
	at &lt;anonymous&gt; (&lt;function&gt;:62)
	at Accessor (/home/travis/build/icyphy/ptII/ptolemy/actor/lib/jjs/external/require.js#409:30&lt;eval&gt;:545)
	at evaluateCode (&lt;eval&gt;:96) in /home/travis/build/icyphy/ptII/ptolemy/actor/lib/jjs/external/require.js at line number 454 at column number 12
	at ptolemy.actor.lib.jjs.JavaScript._createEngineAndEvaluateSetup(JavaScript.java:2501)
	at ptolemy.actor.lib.jjs.JavaScript.attributeChanged(JavaScript.java:548)
	at org.terraswarm.accessor.JSAccessor.attributeChanged(JSAccessor.java:312)
	at ptolemy.data.expr.Variable._setTokenAndNotify(Variable.java:2271)
	at ptolemy.data.expr.Variable._evaluate(Variable.java:1873)
	... 86 more
Caused by: javax.script.ScriptException: Error: Error executing module @accessors-modules/computer-vision line #89 : Could not find the org.ptolemy.opencv.ComputerVision class, perhaps OpenCV was not installed. The OpenCV API can be downloaded from http://opencv.org.  Under Mac OS X, try:  :sudo port install opencv +python27 +java".See org/ptolemy/opencv/package.html for installation help.
In file: /home/travis/build/icyphy/ptII/ptolemy/actor/lib/jjs/modules/computerVision/computerVision.js
Error: Could not find the org.ptolemy.opencv.ComputerVision class, perhaps OpenCV was not installed. The OpenCV API can be downloaded from http://opencv.org.  Under Mac OS X, try:  :sudo port install opencv +python27 +java".See org/ptolemy/opencv/package.html for installation help.
	at &lt;anonymous&gt; (/home/travis/build/icyphy/ptII/ptolemy/actor/lib/jjs/external/require.js#409:30&lt;eval&gt;:89)
	at _require (/home/travis/build/icyphy/ptII/ptolemy/actor/lib/jjs/external/require.js:429)
	at &lt;anonymous&gt; (/home/travis/build/icyphy/ptII/ptolemy/actor/lib/jjs/external/require.js:467)
	at &lt;anonymous&gt; (&lt;function&gt;:62)
	at Accessor (/home/travis/build/icyphy/ptII/ptolemy/actor/lib/jjs/external/require.js#409:30&lt;eval&gt;:545)
	at evaluateCode (&lt;eval&gt;:96) in /home/travis/build/icyphy/ptII/ptolemy/actor/lib/jjs/external/require.js at line number 454 at column number 12
	at org.openjdk.nashorn.api.scripting.NashornScriptEngine.throwAsScriptException(NashornScriptEngine.java:463)
	at org.openjdk.nashorn.api.scripting.NashornScriptEngine.invokeImpl(NashornScriptEngine.java:385)
	at org.openjdk.nashorn.api.scripting.NashornScriptEngine.invokeFunction(NashornScriptEngine.java:186)
	at ptolemy.actor.lib.jjs.JavaScript._createEngineAndEvaluateSetup(JavaScript.java:2497)
	... 90 more
Caused by: /home/travis/build/icyphy/ptII/ptolemy/actor/lib/jjs/external/require.js:454:12 Error: Error executing module @accessors-modules/computer-vision line #89 : Could not find the org.ptolemy.opencv.ComputerVision class, perhaps OpenCV was not installed. The OpenCV API can be downloaded from http://opencv.org.  Under Mac OS X, try:  :sudo port install opencv +python27 +java".See org/ptolemy/opencv/package.html for installation help.
In file: /home/travis/build/icyphy/ptII/ptolemy/actor/lib/jjs/modules/computerVision/computerVision.js
Error: Could not find the org.ptolemy.opencv.ComputerVision class, perhaps OpenCV was not installed. The OpenCV API can be downloaded from http://opencv.org.  Under Mac OS X, try:  :sudo port install opencv +python27 +java".See org/ptolemy/opencv/package.html for installation help.
	at &lt;anonymous&gt; (/home/travis/build/icyphy/ptII/ptolemy/actor/lib/jjs/external/require.js#409:30&lt;eval&gt;:89)
	at _require (/home/travis/build/icyphy/ptII/ptolemy/actor/lib/jjs/external/require.js:429)
	at &lt;anonymous&gt; (/home/travis/build/icyphy/ptII/ptolemy/actor/lib/jjs/external/require.js:467)
	at &lt;anonymous&gt; (&lt;function&gt;:62)
	at Accessor (/home/travis/build/icyphy/ptII/ptolemy/actor/lib/jjs/external/require.js#409:30&lt;eval&gt;:545)
	at evaluateCode (&lt;eval&gt;:96)
	at org.openjdk.nashorn.internal.objects.NativeError.initException(NativeError.java:135)
	at org.openjdk.nashorn.internal.objects.NativeError.&lt;init&gt;(NativeError.java:101)
	at org.openjdk.nashorn.internal.objects.NativeError.&lt;init&gt;(NativeError.java:105)
	at org.openjdk.nashorn.internal.objects.NativeError.&lt;init&gt;(NativeError.java:109)
	at org.openjdk.nashorn.internal.objects.NativeError.constructor(NativeError.java:128)
	at org.openjdk.nashorn.internal.scripts.Script$Recompilation$3401$16264AAA$require.L:45#_require(/home/travis/build/icyphy/ptII/ptolemy/actor/lib/jjs/external/require.js:454)
	at org.openjdk.nashorn.internal.scripts.Script$Recompilation$3400$21065A$require.L:45#_requireClosure#L:466(/home/travis/build/icyphy/ptII/ptolemy/actor/lib/jjs/external/require.js:467)
	at org.openjdk.nashorn.internal.scripts.Script$Recompilation$3425$1AAAAAAAAAAAAAA$\^function\_.L:1(&lt;function&gt;:62)
	at org.openjdk.nashorn.internal.scripts.Script$Recompilation$3419$17933AAAAAA$require.L:1#Accessor(/home/travis/build/icyphy/ptII/ptolemy/actor/lib/jjs/external/require.js#409:30&lt;eval&gt;:545)
	at org.openjdk.nashorn.internal.scripts.Script$Recompilation$3418$2801AAA$\^eval\_.evaluateCode(&lt;eval&gt;:96)
	at org.openjdk.nashorn.internal.runtime.ScriptFunctionData.invoke(ScriptFunctionData.java:652)
	at org.openjdk.nashorn.internal.runtime.ScriptFunction.invoke(ScriptFunction.java:513)
	at org.openjdk.nashorn.internal.runtime.ScriptRuntime.apply(ScriptRuntime.java:520)
	at org.openjdk.nashorn.api.scripting.ScriptObjectMirror.callMember(ScriptObjectMirror.java:187)
	at org.openjdk.nashorn.api.scripting.NashornScriptEngine.invokeImpl(NashornScriptEngine.java:379)
	... 92 more
Caused by: ptolemy.kernel.util.InternalErrorException: Loading accessor failed: ComputerVision.js
  in .actor library.MoreLibraries.Accessors.image
Because:
Error evaluating expression:
// A computer vision accessor.
...
  in .actor library.MoreLibraries.Accessors.image.ComputerVision.script
Because:
Failed to evaluate script.
  in .actor library.MoreLibraries.Accessors.image.ComputerVision
Because:
Error: Error executing module @accessors-modules/computer-vision line #89 : Could not find the org.ptolemy.opencv.ComputerVision class, perhaps OpenCV was not installed. The OpenCV API can be downloaded from http://opencv.org.  Under Mac OS X, try:  :sudo port install opencv +python27 +java".See org/ptolemy/opencv/package.html for installation help.
In file: /home/travis/build/icyphy/ptII/ptolemy/actor/lib/jjs/modules/computerVision/computerVision.js
Error: Could not find the org.ptolemy.opencv.ComputerVision class, perhaps OpenCV was not installed. The OpenCV API can be downloaded from http://opencv.org.  Under Mac OS X, try:  :sudo port install opencv +python27 +java".See org/ptolemy/opencv/package.html for installation help.
	at &lt;anonymous&gt; (/home/travis/build/icyphy/ptII/ptolemy/actor/lib/jjs/external/require.js#409:30&lt;eval&gt;:89)
	at _require (/home/travis/build/icyphy/ptII/ptolemy/actor/lib/jjs/external/require.js:429)
	at &lt;anonymous&gt; (/home/travis/build/icyphy/ptII/ptolemy/actor/lib/jjs/external/require.js:467)
	at &lt;anonymous&gt; (&lt;function&gt;:62)
	at Accessor (/home/travis/build/icyphy/ptII/ptolemy/actor/lib/jjs/external/require.js#409:30&lt;eval&gt;:545)
	at evaluateCode (&lt;eval&gt;:96) in /home/travis/build/icyphy/ptII/ptolemy/actor/lib/jjs/external/require.js at line number 454 at column number 12
  in .actor library.MoreLibraries.Accessors.image.ComputerVision.script
Because:
Error evaluating expression:
// A computer vision accessor.
...
  in .actor library.MoreLibraries.Accessors.image.ComputerVision.script
Because:
Failed to evaluate script.
  in .actor library.MoreLibraries.Accessors.image.ComputerVision
Because:
Error: Error executing module @accessors-modules/computer-vision line #89 : Could not find the org.ptolemy.opencv.ComputerVision class, perhaps OpenCV was not installed. The OpenCV API can be downloaded from http://opencv.org.  Under Mac OS X, try:  :sudo port install opencv +python27 +java".See org/ptolemy/opencv/package.html for installation help.
In file: /home/travis/build/icyphy/ptII/ptolemy/actor/lib/jjs/modules/computerVision/computerVision.js
Error: Could not find the org.ptolemy.opencv.ComputerVision class, perhaps OpenCV was not installed. The OpenCV API can be downloaded from http://opencv.org.  Under Mac OS X, try:  :sudo port install opencv +python27 +java".See org/ptolemy/opencv/package.html for installation help.
	at &lt;anonymous&gt; (/home/travis/build/icyphy/ptII/ptolemy/actor/lib/jjs/external/require.js#409:30&lt;eval&gt;:89)
	at _require (/home/travis/build/icyphy/ptII/ptolemy/actor/lib/jjs/external/require.js:429)
	at &lt;anonymous&gt; (/home/travis/build/icyphy/ptII/ptolemy/actor/lib/jjs/external/require.js:467)
	at &lt;anonymous&gt; (&lt;function&gt;:62)
	at Accessor (/home/travis/build/icyphy/ptII/ptolemy/actor/lib/jjs/external/require.js#409:30&lt;eval&gt;:545)
	at evaluateCode (&lt;eval&gt;:96) in /home/travis/build/icyphy/ptII/ptolemy/actor/lib/jjs/external/require.js at line number 454 at column number 12
	at org.terraswarm.accessor.AccessorLibrary.populate(AccessorLibrary.java:224)
	at ptolemy.moml.EntityLibrary.entityList(EntityLibrary.java:366)
	at ptolemy.kernel.CompositeEntity._unlinkLevelCrossingLinksToOutside(CompositeEntity.java:2769)
	at ptolemy.kernel.CompositeEntity._unlinkLevelCrossingLinksToOutside(CompositeEntity.java:2775)
	at ptolemy.kernel.CompositeEntity._unlinkLevelCrossingLinksToOutside(CompositeEntity.java:2775)
	at ptolemy.kernel.CompositeEntity._unlinkLevelCrossingLinksToOutside(CompositeEntity.java:2775)
	at ptolemy.kernel.CompositeEntity.setContainer(CompositeEntity.java:1878)
	at ptolemy.actor.gui.Configuration.check(Configuration.java:415)
	at java.base/jdk.internal.reflect.NativeMethodAccessorImpl.invoke0(Native Method)
	at java.base/jdk.internal.reflect.NativeMethodAccessorImpl.invoke(NativeMethodAccessorImpl.java:62)
	at java.base/jdk.internal.reflect.DelegatingMethodAccessorImpl.invoke(DelegatingMethodAccessorImpl.java:43)
	at java.base/java.lang.reflect.Method.invoke(Method.java:566)
	at tcl.lang.reflect.PkgInvoker.invokeMethod(PkgInvoker.java:129)
	at tcl.lang.JavaInvoke.call(JavaInvoke.java:253)
	at tcl.lang.JavaInvoke.callMethod(JavaInvoke.java:116)
	at tcl.lang.ReflectObject.cmdProc(ReflectObject.java:727)
	at tcl.lang.Parser.evalObjv(Parser.java:740)
	at tcl.lang.Parser.eval2(Parser.java:1138)
	at tcl.lang.Parser.evalTokens(Parser.java:930)
	at tcl.lang.Parser.eval2(Parser.java:1125)
	at tcl.lang.Interp.eval(Interp.java:1782)
	at tcl.lang.Interp.eval(Interp.java:1841)
	at tcl.lang.UplevelCmd.cmdProc(UplevelCmd.java:93)
	at tcl.lang.AutoloadStub.cmdProc(Extension.java:144)
	at tcl.lang.Parser.evalObjv(Parser.java:740)
	at tcl.lang.Parser.eval2(Parser.java:1138)
	at tcl.lang.Interp.eval(Interp.java:1782)
	at tcl.lang.Interp.eval(Interp.java:1841)
	at tcl.lang.CatchCmd.cmdProc(CatchCmd.java:42)
	at tcl.lang.Parser.evalObjv(Parser.java:740)
	at tcl.lang.Parser.eval2(Parser.java:1138)
	at tcl.lang.Parser.evalTokens(Parser.java:930)
	at tcl.lang.Parser.eval2(Parser.java:1125)
	at tcl.lang.Procedure.cmdProc(Procedure.java:175)
	at tcl.lang.Parser.evalObjv(Parser.java:740)
	at tcl.lang.Parser.eval2(Parser.java:1138)
	at tcl.lang.Procedure.cmdProc(Procedure.java:175)
	at tcl.lang.Parser.evalObjv(Parser.java:740)
	at tcl.lang.Parser.eval2(Parser.java:1138)
	at tcl.lang.Interp.eval(Interp.java:1782)
	at tcl.lang.Interp.evalFile(Interp.java:1880)
	at java.base/jdk.internal.reflect.NativeMethodAccessorImpl.invoke0(Native Method)
	at java.base/jdk.internal.reflect.NativeMethodAccessorImpl.invoke(NativeMethodAccessorImpl.java:62)
	at java.base/jdk.internal.reflect.DelegatingMethodAccessorImpl.invoke(DelegatingMethodAccessorImpl.java:43)
	at java.base/java.lang.reflect.Method.invoke(Method.java:566)
	at ptolemy.util.test.junit.TclTests.RunTclFile(TclTests.java:233)
	at java.base/jdk.internal.reflect.NativeMethodAccessorImpl.invoke0(Native Method)
	at java.base/jdk.internal.reflect.NativeMethodAccessorImpl.invoke(NativeMethodAccessorImpl.java:62)
	at java.base/jdk.internal.reflect.DelegatingMethodAccessorImpl.invoke(DelegatingMethodAccessorImpl.java:43)
	at java.base/java.lang.reflect.Method.invoke(Method.java:566)
	at org.junit.runners.model.FrameworkMethod$1.runReflectiveCall(FrameworkMethod.java:44)
	at org.junit.internal.runners.model.ReflectiveCallable.run(ReflectiveCallable.java:15)
	at org.junit.runners.model.FrameworkMethod.invokeExplosively(FrameworkMethod.java:41)
	at junitparams.internal.InvokeParameterisedMethod.evaluate(InvokeParameterisedMethod.java:102)
	at junitparams.internal.ParameterisedTestMethodRunner.runMethodInvoker(ParameterisedTestMethodRunner.java:47)
	at junitparams.internal.ParameterisedTestMethodRunner.runTestMethod(ParameterisedTestMethodRunner.java:41)
	at junitparams.internal.ParameterisedTestClassRunner.runParameterisedTest(ParameterisedTestClassRunner.java:143)
	at junitparams.JUnitParamsRunner.runChild(JUnitParamsRunner.java:237)
	at junitparams.JUnitParamsRunner.runChild(JUnitParamsRunner.java:215)
	at org.junit.runners.ParentRunner$3.run(ParentRunner.java:193)
	at org.junit.runners.ParentRunner$1.schedule(ParentRunner.java:52)
	at org.junit.runners.ParentRunner.runChildren(ParentRunner.java:191)
	at org.junit.runners.ParentRunner.access$000(ParentRunner.java:42)
	at org.junit.runners.ParentRunner$2.evaluate(ParentRunner.java:184)
	at org.junit.internal.runners.statements.RunAfters.evaluate(RunAfters.java:31)
	at org.junit.runners.ParentRunner.run(ParentRunner.java:236)
	at org.junit.runners.Suite.runChild(Suite.java:128)
	at org.junit.runners.Suite.runChild(Suite.java:24)
	at org.junit.runners.ParentRunner$3.run(ParentRunner.java:193)
	at org.junit.runners.ParentRunner$1.schedule(ParentRunner.java:52)
	at org.junit.runners.ParentRunner.runChildren(ParentRunner.java:191)
	at org.junit.runners.ParentRunner.access$000(ParentRunner.java:42)
	at org.junit.runners.ParentRunner$2.evaluate(ParentRunner.java:184)
	at org.junit.runners.ParentRunner.run(ParentRunner.java:236)
	at junit.framework.JUnit4TestAdapter.run(JUnit4TestAdapter.java:39)
	at org.apache.tools.ant.taskdefs.optional.junit.JUnitTestRunner.run(JUnitTestRunner.java:535)
	at org.apache.tools.ant.taskdefs.optional.junit.JUnitTestRunner.launch(JUnitTestRunner.java:1182)
	at org.apache.tools.ant.taskdefs.optional.junit.JUnitTestRunner.main(JUnitTestRunner.java:1033)
Caused by: ptolemy.kernel.util.IllegalActionException: Error evaluating expression:
// A computer vision accessor.
...
  in .actor library.MoreLibraries.Accessors.image.ComputerVision.script
Because:
Failed to evaluate script.
  in .actor library.MoreLibraries.Accessors.image.ComputerVision
Because:
Error: Error executing module @accessors-modules/computer-vision line #89 : Could not find the org.ptolemy.opencv.ComputerVision class, perhaps OpenCV was not installed. The OpenCV API can be downloaded from http://opencv.org.  Under Mac OS X, try:  :sudo port install opencv +python27 +java".See org/ptolemy/opencv/package.html for installation help.
In file: /home/travis/build/icyphy/ptII/ptolemy/actor/lib/jjs/modules/computerVision/computerVision.js
Error: Could not find the org.ptolemy.opencv.ComputerVision class, perhaps OpenCV was not installed. The OpenCV API can be downloaded from http://opencv.org.  Under Mac OS X, try:  :sudo port install opencv +python27 +java".See org/ptolemy/opencv/package.html for installation help.
	at &lt;anonymous&gt; (/home/travis/build/icyphy/ptII/ptolemy/actor/lib/jjs/external/require.js#409:30&lt;eval&gt;:89)
	at _require (/home/travis/build/icyphy/ptII/ptolemy/actor/lib/jjs/external/require.js:429)
	at &lt;anonymous&gt; (/home/travis/build/icyphy/ptII/ptolemy/actor/lib/jjs/external/require.js:467)
	at &lt;anonymous&gt; (&lt;function&gt;:62)
	at Accessor (/home/travis/build/icyphy/ptII/ptolemy/actor/lib/jjs/external/require.js#409:30&lt;eval&gt;:545)
	at evaluateCode (&lt;eval&gt;:96) in /home/travis/build/icyphy/ptII/ptolemy/actor/lib/jjs/external/require.js at line number 454 at column number 12
  in .actor library.MoreLibraries.Accessors.image.ComputerVision.script
Because:
Error evaluating expression:
// A computer vision accessor.
...
  in .actor library.MoreLibraries.Accessors.image.ComputerVision.script
Because:
Failed to evaluate script.
  in .actor library.MoreLibraries.Accessors.image.ComputerVision
Because:
Error: Error executing module @accessors-modules/computer-vision line #89 : Could not find the org.ptolemy.opencv.ComputerVision class, perhaps OpenCV was not installed. The OpenCV API can be downloaded from http://opencv.org.  Under Mac OS X, try:  :sudo port install opencv +python27 +java".See org/ptolemy/opencv/package.html for installation help.
In file: /home/travis/build/icyphy/ptII/ptolemy/actor/lib/jjs/modules/computerVision/computerVision.js
Error: Could not find the org.ptolemy.opencv.ComputerVision class, perhaps OpenCV was not installed. The OpenCV API can be downloaded from http://opencv.org.  Under Mac OS X, try:  :sudo port install opencv +python27 +java".See org/ptolemy/opencv/package.html for installation help.
	at &lt;anonymous&gt; (/home/travis/build/icyphy/ptII/ptolemy/actor/lib/jjs/external/require.js#409:30&lt;eval&gt;:89)
	at _require (/home/travis/build/icyphy/ptII/ptolemy/actor/lib/jjs/external/require.js:429)
	at &lt;anonymous&gt; (/home/travis/build/icyphy/ptII/ptolemy/actor/lib/jjs/external/require.js:467)
	at &lt;anonymous&gt; (&lt;function&gt;:62)
	at Accessor (/home/travis/build/icyphy/ptII/ptolemy/actor/lib/jjs/external/require.js#409:30&lt;eval&gt;:545)
	at evaluateCode (&lt;eval&gt;:96) in /home/travis/build/icyphy/ptII/ptolemy/actor/lib/jjs/external/require.js at line number 454 at column number 12
	at ptolemy.data.expr.Variable.validate(Variable.java:1619)
	at ptolemy.moml.MoMLParser.endDocument(MoMLParser.java:867)
	at com.microstar.xml.XmlParser.doParse(XmlParser.java:162)
	at com.microstar.xml.XmlParser.parse(XmlParser.java:132)
	at ptolemy.moml.MoMLParser.parse(MoMLParser.java:1676)
	at ptolemy.moml.MoMLParser.parse(MoMLParser.java:1617)
	at ptolemy.moml.MoMLParser.parse(MoMLParser.java:1792)
	at org.terraswarm.accessor.AccessorLibrary.populate(AccessorLibrary.java:194)
	... 77 more
Caused by: ptolemy.kernel.util.IllegalActionException: Error evaluating expression:
// A computer vision accessor.
...
  in .actor library.MoreLibraries.Accessors.image.ComputerVision.script
Because:
Failed to evaluate script.
  in .actor library.MoreLibraries.Accessors.image.ComputerVision
Because:
Error: Error executing module @accessors-modules/computer-vision line #89 : Could not find the org.ptolemy.opencv.ComputerVision class, perhaps OpenCV was not installed. The OpenCV API can be downloaded from http://opencv.org.  Under Mac OS X, try:  :sudo port install opencv +python27 +java".See org/ptolemy/opencv/package.html for installation help.
In file: /home/travis/build/icyphy/ptII/ptolemy/actor/lib/jjs/modules/computerVision/computerVision.js
Error: Could not find the org.ptolemy.opencv.ComputerVision class, perhaps OpenCV was not installed. The OpenCV API can be downloaded from http://opencv.org.  Under Mac OS X, try:  :sudo port install opencv +python27 +java".See org/ptolemy/opencv/package.html for installation help.
	at &lt;anonymous&gt; (/home/travis/build/icyphy/ptII/ptolemy/actor/lib/jjs/external/require.js#409:30&lt;eval&gt;:89)
	at _require (/home/travis/build/icyphy/ptII/ptolemy/actor/lib/jjs/external/require.js:429)
	at &lt;anonymous&gt; (/home/travis/build/icyphy/ptII/ptolemy/actor/lib/jjs/external/require.js:467)
	at &lt;anonymous&gt; (&lt;function&gt;:62)
	at Accessor (/home/travis/build/icyphy/ptII/ptolemy/actor/lib/jjs/external/require.js#409:30&lt;eval&gt;:545)
	at evaluateCode (&lt;eval&gt;:96) in /home/travis/build/icyphy/ptII/ptolemy/actor/lib/jjs/external/require.js at line number 454 at column number 12
	at ptolemy.data.expr.Variable._evaluate(Variable.java:1891)
	at ptolemy.data.expr.Variable._propagate(Variable.java:1984)
	at ptolemy.data.expr.Variable.validate(Variable.java:1596)
	... 84 more
Caused by: ptolemy.kernel.util.IllegalActionException: Failed to evaluate script.
  in .actor library.MoreLibraries.Accessors.image.ComputerVision
Because:
Error: Error executing module @accessors-modules/computer-vision line #89 : Could not find the org.ptolemy.opencv.ComputerVision class, perhaps OpenCV was not installed. The OpenCV API can be downloaded from http://opencv.org.  Under Mac OS X, try:  :sudo port install opencv +python27 +java".See org/ptolemy/opencv/package.html for installation help.
In file: /home/travis/build/icyphy/ptII/ptolemy/actor/lib/jjs/modules/computerVision/computerVision.js
Error: Could not find the org.ptolemy.opencv.ComputerVision class, perhaps OpenCV was not installed. The OpenCV API can be downloaded from http://opencv.org.  Under Mac OS X, try:  :sudo port install opencv +python27 +java".See org/ptolemy/opencv/package.html for installation help.
	at &lt;anonymous&gt; (/home/travis/build/icyphy/ptII/ptolemy/actor/lib/jjs/external/require.js#409:30&lt;eval&gt;:89)
	at _require (/home/travis/build/icyphy/ptII/ptolemy/actor/lib/jjs/external/require.js:429)
	at &lt;anonymous&gt; (/home/travis/build/icyphy/ptII/ptolemy/actor/lib/jjs/external/require.js:467)
	at &lt;anonymous&gt; (&lt;function&gt;:62)
	at Accessor (/home/travis/build/icyphy/ptII/ptolemy/actor/lib/jjs/external/require.js#409:30&lt;eval&gt;:545)
	at evaluateCode (&lt;eval&gt;:96) in /home/travis/build/icyphy/ptII/ptolemy/actor/lib/jjs/external/require.js at line number 454 at column number 12
	at ptolemy.actor.lib.jjs.JavaScript._createEngineAndEvaluateSetup(JavaScript.java:2501)
	at ptolemy.actor.lib.jjs.JavaScript.attributeChanged(JavaScript.java:548)
	at org.terraswarm.accessor.JSAccessor.attributeChanged(JSAccessor.java:312)
	at ptolemy.data.expr.Variable._setTokenAndNotify(Variable.java:2271)
	at ptolemy.data.expr.Variable._evaluate(Variable.java:1873)
	... 86 more
Caused by: javax.script.ScriptException: Error: Error executing module @accessors-modules/computer-vision line #89 : Could not find the org.ptolemy.opencv.ComputerVision class, perhaps OpenCV was not installed. The OpenCV API can be downloaded from http://opencv.org.  Under Mac OS X, try:  :sudo port install opencv +python27 +java".See org/ptolemy/opencv/package.html for installation help.
In file: /home/travis/build/icyphy/ptII/ptolemy/actor/lib/jjs/modules/computerVision/computerVision.js
Error: Could not find the org.ptolemy.opencv.ComputerVision class, perhaps OpenCV was not installed. The OpenCV API can be downloaded from http://opencv.org.  Under Mac OS X, try:  :sudo port install opencv +python27 +java".See org/ptolemy/opencv/package.html for installation help.
	at &lt;anonymous&gt; (/home/travis/build/icyphy/ptII/ptolemy/actor/lib/jjs/external/require.js#409:30&lt;eval&gt;:89)
	at _require (/home/travis/build/icyphy/ptII/ptolemy/actor/lib/jjs/external/require.js:429)
	at &lt;anonymous&gt; (/home/travis/build/icyphy/ptII/ptolemy/actor/lib/jjs/external/require.js:467)
	at &lt;anonymous&gt; (&lt;function&gt;:62)
	at Accessor (/home/travis/build/icyphy/ptII/ptolemy/actor/lib/jjs/external/require.js#409:30&lt;eval&gt;:545)
	at evaluateCode (&lt;eval&gt;:96) in /home/travis/build/icyphy/ptII/ptolemy/actor/lib/jjs/external/require.js at line number 454 at column number 12
	at org.openjdk.nashorn.api.scripting.NashornScriptEngine.throwAsScriptException(NashornScriptEngine.java:463)
	at org.openjdk.nashorn.api.scripting.NashornScriptEngine.invokeImpl(NashornScriptEngine.java:385)
	at org.openjdk.nashorn.api.scripting.NashornScriptEngine.invokeFunction(NashornScriptEngine.java:186)
	at ptolemy.actor.lib.jjs.JavaScript._createEngineAndEvaluateSetup(JavaScript.java:2497)
	... 90 more
Caused by: /home/travis/build/icyphy/ptII/ptolemy/actor/lib/jjs/external/require.js:454:12 Error: Error executing module @accessors-modules/computer-vision line #89 : Could not find the org.ptolemy.opencv.ComputerVision class, perhaps OpenCV was not installed. The OpenCV API can be downloaded from http://opencv.org.  Under Mac OS X, try:  :sudo port install opencv +python27 +java".See org/ptolemy/opencv/package.html for installation help.
In file: /home/travis/build/icyphy/ptII/ptolemy/actor/lib/jjs/modules/computerVision/computerVision.js
Error: Could not find the org.ptolemy.opencv.ComputerVision class, perhaps OpenCV was not installed. The OpenCV API can be downloaded from http://opencv.org.  Under Mac OS X, try:  :sudo port install opencv +python27 +java".See org/ptolemy/opencv/package.html for installation help.
	at &lt;anonymous&gt; (/home/travis/build/icyphy/ptII/ptolemy/actor/lib/jjs/external/require.js#409:30&lt;eval&gt;:89)
	at _require (/home/travis/build/icyphy/ptII/ptolemy/actor/lib/jjs/external/require.js:429)
	at &lt;anonymous&gt; (/home/travis/build/icyphy/ptII/ptolemy/actor/lib/jjs/external/require.js:467)
	at &lt;anonymous&gt; (&lt;function&gt;:62)
	at Accessor (/home/travis/build/icyphy/ptII/ptolemy/actor/lib/jjs/external/require.js#409:30&lt;eval&gt;:545)
	at evaluateCode (&lt;eval&gt;:96)
	at org.openjdk.nashorn.internal.objects.NativeError.initException(NativeError.java:135)
	at org.openjdk.nashorn.internal.objects.NativeError.&lt;init&gt;(NativeError.java:101)
	at org.openjdk.nashorn.internal.objects.NativeError.&lt;init&gt;(NativeError.java:105)
	at org.openjdk.nashorn.internal.objects.NativeError.&lt;init&gt;(NativeError.java:109)
	at org.openjdk.nashorn.internal.objects.NativeError.constructor(NativeError.java:128)
	at org.openjdk.nashorn.internal.scripts.Script$Recompilation$3401$16264AAA$require.L:45#_require(/home/travis/build/icyphy/ptII/ptolemy/actor/lib/jjs/external/require.js:454)
	at org.openjdk.nashorn.internal.scripts.Script$Recompilation$3400$21065A$require.L:45#_requireClosure#L:466(/home/travis/build/icyphy/ptII/ptolemy/actor/lib/jjs/external/require.js:467)
	at org.openjdk.nashorn.internal.scripts.Script$Recompilation$3425$1AAAAAAAAAAAAAA$\^function\_.L:1(&lt;function&gt;:62)
	at org.openjdk.nashorn.internal.scripts.Script$Recompilation$3419$17933AAAAAA$require.L:1#Accessor(/home/travis/build/icyphy/ptII/ptolemy/actor/lib/jjs/external/require.js#409:30&lt;eval&gt;:545)
	at org.openjdk.nashorn.internal.scripts.Script$Recompilation$3418$2801AAA$\^eval\_.evaluateCode(&lt;eval&gt;:96)
	at org.openjdk.nashorn.internal.runtime.ScriptFunctionData.invoke(ScriptFunctionData.java:652)
	at org.openjdk.nashorn.internal.runtime.ScriptFunction.invoke(ScriptFunction.java:513)
	at org.openjdk.nashorn.internal.runtime.ScriptRuntime.apply(ScriptRuntime.java:520)
	at org.openjdk.nashorn.api.scripting.ScriptObjectMirror.callMember(ScriptObjectMirror.java:187)
	at org.openjdk.nashorn.api.scripting.NashornScriptEngine.invokeImpl(NashornScriptEngine.java:379)
	... 92 more
Caused by: ptolemy.kernel.util.IllegalActionException: Error evaluating expression:
// A computer vision accessor.
...
  in .actor library.MoreLibraries.Accessors.image.ComputerVision.script
Because:
Failed to evaluate script.
  in .actor library.MoreLibraries.Accessors.image.ComputerVision
Because:
Error: Error executing module @accessors-modules/computer-vision line #89 : Could not find the org.ptolemy.opencv.ComputerVision class, perhaps OpenCV was not installed. The OpenCV API can be downloaded from http://opencv.org.  Under Mac OS X, try:  :sudo port install opencv +python27 +java".See org/ptolemy/opencv/package.html for installation help.
In file: /home/travis/build/icyphy/ptII/ptolemy/actor/lib/jjs/modules/computerVision/computerVision.js
Error: Could not find the org.ptolemy.opencv.ComputerVision class, perhaps OpenCV was not installed. The OpenCV API can be downloaded from http://opencv.org.  Under Mac OS X, try:  :sudo port install opencv +python27 +java".See org/ptolemy/opencv/package.html for installation help.
	at &lt;anonymous&gt; (/home/travis/build/icyphy/ptII/ptolemy/actor/lib/jjs/external/require.js#409:30&lt;eval&gt;:89)
	at _require (/home/travis/build/icyphy/ptII/ptolemy/actor/lib/jjs/external/require.js:429)
	at &lt;anonymous&gt; (/home/travis/build/icyphy/ptII/ptolemy/actor/lib/jjs/external/require.js:467)
	at &lt;anonymous&gt; (&lt;function&gt;:62)
	at Accessor (/home/travis/build/icyphy/ptII/ptolemy/actor/lib/jjs/external/require.js#409:30&lt;eval&gt;:545)
	at evaluateCode (&lt;eval&gt;:96) in /home/travis/build/icyphy/ptII/ptolemy/actor/lib/jjs/external/require.js at line number 454 at column number 12
  in .actor library.MoreLibraries.Accessors.image.ComputerVision.script
Because:
Error evaluating expression:
// A computer vision accessor.
...
  in .actor library.MoreLibraries.Accessors.image.ComputerVision.script
Because:
Failed to evaluate script.
  in .actor library.MoreLibraries.Accessors.image.ComputerVision
Because:
Error: Error executing module @accessors-modules/computer-vision line #89 : Could not find the org.ptolemy.opencv.ComputerVision class, perhaps OpenCV was not installed. The OpenCV API can be downloaded from http://opencv.org.  Under Mac OS X, try:  :sudo port install opencv +python27 +java".See org/ptolemy/opencv/package.html for installation help.
In file: /home/travis/build/icyphy/ptII/ptolemy/actor/lib/jjs/modules/computerVision/computerVision.js
Error: Could not find the org.ptolemy.opencv.ComputerVision class, perhaps OpenCV was not installed. The OpenCV API can be downloaded from http://opencv.org.  Under Mac OS X, try:  :sudo port install opencv +python27 +java".See org/ptolemy/opencv/package.html for installation help.
	at &lt;anonymous&gt; (/home/travis/build/icyphy/ptII/ptolemy/actor/lib/jjs/external/require.js#409:30&lt;eval&gt;:89)
	at _require (/home/travis/build/icyphy/ptII/ptolemy/actor/lib/jjs/external/require.js:429)
	at &lt;anonymous&gt; (/home/travis/build/icyphy/ptII/ptolemy/actor/lib/jjs/external/require.js:467)
	at &lt;anonymous&gt; (&lt;function&gt;:62)
	at Accessor (/home/travis/build/icyphy/ptII/ptolemy/actor/lib/jjs/external/require.js#409:30&lt;eval&gt;:545)
	at evaluateCode (&lt;eval&gt;:96) in /home/travis/build/icyphy/ptII/ptolemy/actor/lib/jjs/external/require.js at line number 454 at column number 12
	at ptolemy.data.expr.Variable.validate(Variable.java:1619)
	at ptolemy.moml.MoMLParser.endDocument(MoMLParser.java:867)
	at com.microstar.xml.XmlParser.doParse(XmlParser.java:162)
	at com.microstar.xml.XmlParser.parse(XmlParser.java:132)
	at ptolemy.moml.MoMLParser.parse(MoMLParser.java:1676)
	at ptolemy.moml.MoMLParser.parse(MoMLParser.java:1617)
	at ptolemy.moml.MoMLParser.parse(MoMLParser.java:1792)
	at org.terraswarm.accessor.AccessorLibrary.populate(AccessorLibrary.java:194)
	at ptolemy.moml.EntityLibrary.entityList(EntityLibrary.java:366)
	at ptolemy.kernel.CompositeEntity._unlinkLevelCrossingLinksToOutside(CompositeEntity.java:2769)
	at ptolemy.kernel.CompositeEntity._unlinkLevelCrossingLinksToOutside(CompositeEntity.java:2775)
	at ptolemy.kernel.CompositeEntity._unlinkLevelCrossingLinksToOutside(CompositeEntity.java:2775)
	at ptolemy.kernel.CompositeEntity._unlinkLevelCrossingLinksToOutside(CompositeEntity.java:2775)
	at ptolemy.kernel.CompositeEntity.setContainer(CompositeEntity.java:1878)
	at ptolemy.actor.gui.Configuration.check(Configuration.java:415)
	at java.base/jdk.internal.reflect.NativeMethodAccessorImpl.invoke0(Native Method)
	at java.base/jdk.internal.reflect.NativeMethodAccessorImpl.invoke(NativeMethodAccessorImpl.java:62)
	at java.base/jdk.internal.reflect.DelegatingMethodAccessorImpl.invoke(DelegatingMethodAccessorImpl.java:43)
	at java.base/java.lang.reflect.Method.invoke(Method.java:566)
	at tcl.lang.reflect.PkgInvoker.invokeMethod(PkgInvoker.java:129)
	at tcl.lang.JavaInvoke.call(JavaInvoke.java:253)
	at tcl.lang.JavaInvoke.callMethod(JavaInvoke.java:116)
	at tcl.lang.ReflectObject.cmdProc(ReflectObject.java:727)
	at tcl.lang.Parser.evalObjv(Parser.java:740)
	at tcl.lang.Parser.eval2(Parser.java:1138)
	at tcl.lang.Parser.evalTokens(Parser.java:930)
	at tcl.lang.Parser.eval2(Parser.java:1125)
	at tcl.lang.Interp.eval(Interp.java:1782)
	at tcl.lang.Interp.eval(Interp.java:1841)
	at tcl.lang.UplevelCmd.cmdProc(UplevelCmd.java:93)
	at tcl.lang.AutoloadStub.cmdProc(Extension.java:144)
	at tcl.lang.Parser.evalObjv(Parser.java:740)
	at tcl.lang.Parser.eval2(Parser.java:1138)
	at tcl.lang.Interp.eval(Interp.java:1782)
	at tcl.lang.Interp.eval(Interp.java:1841)
	at tcl.lang.CatchCmd.cmdProc(CatchCmd.java:42)
	at tcl.lang.Parser.evalObjv(Parser.java:740)
	at tcl.lang.Parser.eval2(Parser.java:1138)
	at tcl.lang.Parser.evalTokens(Parser.java:930)
	at tcl.lang.Parser.eval2(Parser.java:1125)
	at tcl.lang.Procedure.cmdProc(Procedure.java:175)
	at tcl.lang.Parser.evalObjv(Parser.java:740)
	at tcl.lang.Parser.eval2(Parser.java:1138)
	at tcl.lang.Procedure.cmdProc(Procedure.java:175)
	at tcl.lang.Parser.evalObjv(Parser.java:740)
	at tcl.lang.Parser.eval2(Parser.java:1138)
	at tcl.lang.Interp.eval(Interp.java:1782)
	at tcl.lang.Interp.evalFile(Interp.java:1880)
	at java.base/jdk.internal.reflect.NativeMethodAccessorImpl.invoke0(Native Method)
	at java.base/jdk.internal.reflect.NativeMethodAccessorImpl.invoke(NativeMethodAccessorImpl.java:62)
	at java.base/jdk.internal.reflect.DelegatingMethodAccessorImpl.invoke(DelegatingMethodAccessorImpl.java:43)
	at java.base/java.lang.reflect.Method.invoke(Method.java:566)
	at ptolemy.util.test.junit.TclTests.RunTclFile(TclTests.java:233)
	at java.base/jdk.internal.reflect.NativeMethodAccessorImpl.invoke0(Native Method)
	at java.base/jdk.internal.reflect.NativeMethodAccessorImpl.invoke(NativeMethodAccessorImpl.java:62)
	at java.base/jdk.internal.reflect.DelegatingMethodAccessorImpl.invoke(DelegatingMethodAccessorImpl.java:43)
	at java.base/java.lang.reflect.Method.invoke(Method.java:566)
	at org.junit.runners.model.FrameworkMethod$1.runReflectiveCall(FrameworkMethod.java:44)
	at org.junit.internal.runners.model.ReflectiveCallable.run(ReflectiveCallable.java:15)
	at org.junit.runners.model.FrameworkMethod.invokeExplosively(FrameworkMethod.java:41)
	at junitparams.internal.InvokeParameterisedMethod.evaluate(InvokeParameterisedMethod.java:102)
	at junitparams.internal.ParameterisedTestMethodRunner.runMethodInvoker(ParameterisedTestMethodRunner.java:47)
	at junitparams.internal.ParameterisedTestMethodRunner.runTestMethod(ParameterisedTestMethodRunner.java:41)
	at junitparams.internal.ParameterisedTestClassRunner.runParameterisedTest(ParameterisedTestClassRunner.java:143)
	at junitparams.JUnitParamsRunner.runChild(JUnitParamsRunner.java:237)
	at junitparams.JUnitParamsRunner.runChild(JUnitParamsRunner.java:215)
	at org.junit.runners.ParentRunner$3.run(ParentRunner.java:193)
	at org.junit.runners.ParentRunner$1.schedule(ParentRunner.java:52)
	at org.junit.runners.ParentRunner.runChildren(ParentRunner.java:191)
	at org.junit.runners.ParentRunner.access$000(ParentRunner.java:42)
	at org.junit.runners.ParentRunner$2.evaluate(ParentRunner.java:184)
	at org.junit.internal.runners.statements.RunAfters.evaluate(RunAfters.java:31)
	at org.junit.runners.ParentRunner.run(ParentRunner.java:236)
	at org.junit.runners.Suite.runChild(Suite.java:128)
	at org.junit.runners.Suite.runChild(Suite.java:24)
	at org.junit.runners.ParentRunner$3.run(ParentRunner.java:193)
	at org.junit.runners.ParentRunner$1.schedule(ParentRunner.java:52)
	at org.junit.runners.ParentRunner.runChildren(ParentRunner.java:191)
	at org.junit.runners.ParentRunner.access$000(ParentRunner.java:42)
	at org.junit.runners.ParentRunner$2.evaluate(ParentRunner.java:184)
	at org.junit.runners.ParentRunner.run(ParentRunner.java:236)
	at junit.framework.JUnit4TestAdapter.run(JUnit4TestAdapter.java:39)
	at org.apache.tools.ant.taskdefs.optional.junit.JUnitTestRunner.run(JUnitTestRunner.java:535)
	at org.apache.tools.ant.taskdefs.optional.junit.JUnitTestRunner.launch(JUnitTestRunner.java:1182)
	at org.apache.tools.ant.taskdefs.optional.junit.JUnitTestRunner.main(JUnitTestRunner.java:1033)
Caused by: ptolemy.kernel.util.IllegalActionException: Error evaluating expression:
// A computer vision accessor.
...
  in .actor library.MoreLibraries.Accessors.image.ComputerVision.script
Because:
Failed to evaluate script.
  in .actor library.MoreLibraries.Accessors.image.ComputerVision
Because:
Error: Error executing module @accessors-modules/computer-vision line #89 : Could not find the org.ptolemy.opencv.ComputerVision class, perhaps OpenCV was not installed. The OpenCV API can be downloaded from http://opencv.org.  Under Mac OS X, try:  :sudo port install opencv +python27 +java".See org/ptolemy/opencv/package.html for installation help.
In file: /home/travis/build/icyphy/ptII/ptolemy/actor/lib/jjs/modules/computerVision/computerVision.js
Error: Could not find the org.ptolemy.opencv.ComputerVision class, perhaps OpenCV was not installed. The OpenCV API can be downloaded from http://opencv.org.  Under Mac OS X, try:  :sudo port install opencv +python27 +java".See org/ptolemy/opencv/package.html for installation help.
	at &lt;anonymous&gt; (/home/travis/build/icyphy/ptII/ptolemy/actor/lib/jjs/external/require.js#409:30&lt;eval&gt;:89)
	at _require (/home/travis/build/icyphy/ptII/ptolemy/actor/lib/jjs/external/require.js:429)
	at &lt;anonymous&gt; (/home/travis/build/icyphy/ptII/ptolemy/actor/lib/jjs/external/require.js:467)
	at &lt;anonymous&gt; (&lt;function&gt;:62)
	at Accessor (/home/travis/build/icyphy/ptII/ptolemy/actor/lib/jjs/external/require.js#409:30&lt;eval&gt;:545)
	at evaluateCode (&lt;eval&gt;:96) in /home/travis/build/icyphy/ptII/ptolemy/actor/lib/jjs/external/require.js at line number 454 at column number 12
	at ptolemy.data.expr.Variable._evaluate(Variable.java:1891)
	at ptolemy.data.expr.Variable._propagate(Variable.java:1984)
	at ptolemy.data.expr.Variable.validate(Variable.java:1596)
	... 84 more
Caused by: ptolemy.kernel.util.IllegalActionException: Failed to evaluate script.
  in .actor library.MoreLibraries.Accessors.image.ComputerVision
Because:
Error: Error executing module @accessors-modules/computer-vision line #89 : Could not find the org.ptolemy.opencv.ComputerVision class, perhaps OpenCV was not installed. The OpenCV API can be downloaded from http://opencv.org.  Under Mac OS X, try:  :sudo port install opencv +python27 +java".See org/ptolemy/opencv/package.html for installation help.
In file: /home/travis/build/icyphy/ptII/ptolemy/actor/lib/jjs/modules/computerVision/computerVision.js
Error: Could not find the org.ptolemy.opencv.ComputerVision class, perhaps OpenCV was not installed. The OpenCV API can be downloaded from http://opencv.org.  Under Mac OS X, try:  :sudo port install opencv +python27 +java".See org/ptolemy/opencv/package.html for installation help.
	at &lt;anonymous&gt; (/home/travis/build/icyphy/ptII/ptolemy/actor/lib/jjs/external/require.js#409:30&lt;eval&gt;:89)
	at _require (/home/travis/build/icyphy/ptII/ptolemy/actor/lib/jjs/external/require.js:429)
	at &lt;anonymous&gt; (/home/travis/build/icyphy/ptII/ptolemy/actor/lib/jjs/external/require.js:467)
	at &lt;anonymous&gt; (&lt;function&gt;:62)
	at Accessor (/home/travis/build/icyphy/ptII/ptolemy/actor/lib/jjs/external/require.js#409:30&lt;eval&gt;:545)
	at evaluateCode (&lt;eval&gt;:96) in /home/travis/build/icyphy/ptII/ptolemy/actor/lib/jjs/external/require.js at line number 454 at column number 12
	at ptolemy.actor.lib.jjs.JavaScript._createEngineAndEvaluateSetup(JavaScript.java:2501)
	at ptolemy.actor.lib.jjs.JavaScript.attributeChanged(JavaScript.java:548)
	at org.terraswarm.accessor.JSAccessor.attributeChanged(JSAccessor.java:312)
	at ptolemy.data.expr.Variable._setTokenAndNotify(Variable.java:2271)
	at ptolemy.data.expr.Variable._evaluate(Variable.java:1873)
	... 86 more
Caused by: javax.script.ScriptException: Error: Error executing module @accessors-modules/computer-vision line #89 : Could not find the org.ptolemy.opencv.ComputerVision class, perhaps OpenCV was not installed. The OpenCV API can be downloaded from http://opencv.org.  Under Mac OS X, try:  :sudo port install opencv +python27 +java".See org/ptolemy/opencv/package.html for installation help.
In file: /home/travis/build/icyphy/ptII/ptolemy/actor/lib/jjs/modules/computerVision/computerVision.js
Error: Could not find the org.ptolemy.opencv.ComputerVision class, perhaps OpenCV was not installed. The OpenCV API can be downloaded from http://opencv.org.  Under Mac OS X, try:  :sudo port install opencv +python27 +java".See org/ptolemy/opencv/package.html for installation help.
	at &lt;anonymous&gt; (/home/travis/build/icyphy/ptII/ptolemy/actor/lib/jjs/external/require.js#409:30&lt;eval&gt;:89)
	at _require (/home/travis/build/icyphy/ptII/ptolemy/actor/lib/jjs/external/require.js:429)
	at &lt;anonymous&gt; (/home/travis/build/icyphy/ptII/ptolemy/actor/lib/jjs/external/require.js:467)
	at &lt;anonymous&gt; (&lt;function&gt;:62)
	at Accessor (/home/travis/build/icyphy/ptII/ptolemy/actor/lib/jjs/external/require.js#409:30&lt;eval&gt;:545)
	at evaluateCode (&lt;eval&gt;:96) in /home/travis/build/icyphy/ptII/ptolemy/actor/lib/jjs/external/require.js at line number 454 at column number 12
	at org.openjdk.nashorn.api.scripting.NashornScriptEngine.throwAsScriptException(NashornScriptEngine.java:463)
	at org.openjdk.nashorn.api.scripting.NashornScriptEngine.invokeImpl(NashornScriptEngine.java:385)
	at org.openjdk.nashorn.api.scripting.NashornScriptEngine.invokeFunction(NashornScriptEngine.java:186)
	at ptolemy.actor.lib.jjs.JavaScript._createEngineAndEvaluateSetup(JavaScript.java:2497)
	... 90 more
Caused by: /home/travis/build/icyphy/ptII/ptolemy/actor/lib/jjs/external/require.js:454:12 Error: Error executing module @accessors-modules/computer-vision line #89 : Could not find the org.ptolemy.opencv.ComputerVision class, perhaps OpenCV was not installed. The OpenCV API can be downloaded from http://opencv.org.  Under Mac OS X, try:  :sudo port install opencv +python27 +java".See org/ptolemy/opencv/package.html for installation help.
In file: /home/travis/build/icyphy/ptII/ptolemy/actor/lib/jjs/modules/computerVision/computerVision.js
Error: Could not find the org.ptolemy.opencv.ComputerVision class, perhaps OpenCV was not installed. The OpenCV API can be downloaded from http://opencv.org.  Under Mac OS X, try:  :sudo port install opencv +python27 +java".See org/ptolemy/opencv/package.html for installation help.
	at &lt;anonymous&gt; (/home/travis/build/icyphy/ptII/ptolemy/actor/lib/jjs/external/require.js#409:30&lt;eval&gt;:89)
	at _require (/home/travis/build/icyphy/ptII/ptolemy/actor/lib/jjs/external/require.js:429)
	at &lt;anonymous&gt; (/home/travis/build/icyphy/ptII/ptolemy/actor/lib/jjs/external/require.js:467)
	at &lt;anonymous&gt; (&lt;function&gt;:62)
	at Accessor (/home/travis/build/icyphy/ptII/ptolemy/actor/lib/jjs/external/require.js#409:30&lt;eval&gt;:545)
	at evaluateCode (&lt;eval&gt;:96)
	at org.openjdk.nashorn.internal.objects.NativeError.initException(NativeError.java:135)
	at org.openjdk.nashorn.internal.objects.NativeError.&lt;init&gt;(NativeError.java:101)
	at org.openjdk.nashorn.internal.objects.NativeError.&lt;init&gt;(NativeError.java:105)
	at org.openjdk.nashorn.internal.objects.NativeError.&lt;init&gt;(NativeError.java:109)
	at org.openjdk.nashorn.internal.objects.NativeError.constructor(NativeError.java:128)
	at org.openjdk.nashorn.internal.scripts.Script$Recompilation$3401$16264AAA$require.L:45#_require(/home/travis/build/icyphy/ptII/ptolemy/actor/lib/jjs/external/require.js:454)
	at org.openjdk.nashorn.internal.scripts.Script$Recompilation$3400$21065A$require.L:45#_requireClosure#L:466(/home/travis/build/icyphy/ptII/ptolemy/actor/lib/jjs/external/require.js:467)
	at org.openjdk.nashorn.internal.scripts.Script$Recompilation$3425$1AAAAAAAAAAAAAA$\^function\_.L:1(&lt;function&gt;:62)
	at org.openjdk.nashorn.internal.scripts.Script$Recompilation$3419$17933AAAAAA$require.L:1#Accessor(/home/travis/build/icyphy/ptII/ptolemy/actor/lib/jjs/external/require.js#409:30&lt;eval&gt;:545)
	at org.openjdk.nashorn.internal.scripts.Script$Recompilation$3418$2801AAA$\^eval\_.evaluateCode(&lt;eval&gt;:96)
	at org.openjdk.nashorn.internal.runtime.ScriptFunctionData.invoke(ScriptFunctionData.java:652)
	at org.openjdk.nashorn.internal.runtime.ScriptFunction.invoke(ScriptFunction.java:513)
	at org.openjdk.nashorn.internal.runtime.ScriptRuntime.apply(ScriptRuntime.java:520)
	at org.openjdk.nashorn.api.scripting.ScriptObjectMirror.callMember(ScriptObjectMirror.java:187)
	at org.openjdk.nashorn.api.scripting.NashornScriptEngine.invokeImpl(NashornScriptEngine.java:379)
	... 92 more
Caused by: ptolemy.kernel.util.IllegalActionException: Error evaluating expression:
// A computer vision accessor.
...
  in .actor library.MoreLibraries.Accessors.image.ComputerVision.script
Because:
Failed to evaluate script.
  in .actor library.MoreLibraries.Accessors.image.ComputerVision
Because:
Error: Error executing module @accessors-modules/computer-vision line #89 : Could not find the org.ptolemy.opencv.ComputerVision class, perhaps OpenCV was not installed. The OpenCV API can be downloaded from http://opencv.org.  Under Mac OS X, try:  :sudo port install opencv +python27 +java".See org/ptolemy/opencv/package.html for installation help.
In file: /home/travis/build/icyphy/ptII/ptolemy/actor/lib/jjs/modules/computerVision/computerVision.js
Error: Could not find the org.ptolemy.opencv.ComputerVision class, perhaps OpenCV was not installed. The OpenCV API can be downloaded from http://opencv.org.  Under Mac OS X, try:  :sudo port install opencv +python27 +java".See org/ptolemy/opencv/package.html for installation help.
	at &lt;anonymous&gt; (/home/travis/build/icyphy/ptII/ptolemy/actor/lib/jjs/external/require.js#409:30&lt;eval&gt;:89)
	at _require (/home/travis/build/icyphy/ptII/ptolemy/actor/lib/jjs/external/require.js:429)
	at &lt;anonymous&gt; (/home/travis/build/icyphy/ptII/ptolemy/actor/lib/jjs/external/require.js:467)
	at &lt;anonymous&gt; (&lt;function&gt;:62)
	at Accessor (/home/travis/build/icyphy/ptII/ptolemy/actor/lib/jjs/external/require.js#409:30&lt;eval&gt;:545)
	at evaluateCode (&lt;eval&gt;:96) in /home/travis/build/icyphy/ptII/ptolemy/actor/lib/jjs/external/require.js at line number 454 at column number 12
	at ptolemy.data.expr.Variable._evaluate(Variable.java:1891)
	at ptolemy.data.expr.Variable._propagate(Variable.java:1984)
	at ptolemy.data.expr.Variable.validate(Variable.java:1596)
	at ptolemy.moml.MoMLParser.endDocument(MoMLParser.java:867)
	at com.microstar.xml.XmlParser.doParse(XmlParser.java:162)
	at com.microstar.xml.XmlParser.parse(XmlParser.java:132)
	at ptolemy.moml.MoMLParser.parse(MoMLParser.java:1676)
	at ptolemy.moml.MoMLParser.parse(MoMLParser.java:1617)
	at ptolemy.moml.MoMLParser.parse(MoMLParser.java:1792)
	at org.terraswarm.accessor.AccessorLibrary.populate(AccessorLibrary.java:194)
	at ptolemy.moml.EntityLibrary.entityList(EntityLibrary.java:366)
	at ptolemy.kernel.CompositeEntity._unlinkLevelCrossingLinksToOutside(CompositeEntity.java:2769)
	at ptolemy.kernel.CompositeEntity._unlinkLevelCrossingLinksToOutside(CompositeEntity.java:2775)
	at ptolemy.kernel.CompositeEntity._unlinkLevelCrossingLinksToOutside(CompositeEntity.java:2775)
	at ptolemy.kernel.CompositeEntity._unlinkLevelCrossingLinksToOutside(CompositeEntity.java:2775)
	at ptolemy.kernel.CompositeEntity.setContainer(CompositeEntity.java:1878)
	at ptolemy.actor.gui.Configuration.check(Configuration.java:415)
	at java.base/jdk.internal.reflect.NativeMethodAccessorImpl.invoke0(Native Method)
	at java.base/jdk.internal.reflect.NativeMethodAccessorImpl.invoke(NativeMethodAccessorImpl.java:62)
	at java.base/jdk.internal.reflect.DelegatingMethodAccessorImpl.invoke(DelegatingMethodAccessorImpl.java:43)
	at java.base/java.lang.reflect.Method.invoke(Method.java:566)
	at tcl.lang.reflect.PkgInvoker.invokeMethod(PkgInvoker.java:129)
	at tcl.lang.JavaInvoke.call(JavaInvoke.java:253)
	at tcl.lang.JavaInvoke.callMethod(JavaInvoke.java:116)
	at tcl.lang.ReflectObject.cmdProc(ReflectObject.java:727)
	at tcl.lang.Parser.evalObjv(Parser.java:740)
	at tcl.lang.Parser.eval2(Parser.java:1138)
	at tcl.lang.Parser.evalTokens(Parser.java:930)
	at tcl.lang.Parser.eval2(Parser.java:1125)
	at tcl.lang.Interp.eval(Interp.java:1782)
	at tcl.lang.Interp.eval(Interp.java:1841)
	at tcl.lang.UplevelCmd.cmdProc(UplevelCmd.java:93)
	at tcl.lang.AutoloadStub.cmdProc(Extension.java:144)
	at tcl.lang.Parser.evalObjv(Parser.java:740)
	at tcl.lang.Parser.eval2(Parser.java:1138)
	at tcl.lang.Interp.eval(Interp.java:1782)
	at tcl.lang.Interp.eval(Interp.java:1841)
	at tcl.lang.CatchCmd.cmdProc(CatchCmd.java:42)
	at tcl.lang.Parser.evalObjv(Parser.java:740)
	at tcl.lang.Parser.eval2(Parser.java:1138)
	at tcl.lang.Parser.evalTokens(Parser.java:930)
	at tcl.lang.Parser.eval2(Parser.java:1125)
	at tcl.lang.Procedure.cmdProc(Procedure.java:175)
	at tcl.lang.Parser.evalObjv(Parser.java:740)
	at tcl.lang.Parser.eval2(Parser.java:1138)
	at tcl.lang.Procedure.cmdProc(Procedure.java:175)
	at tcl.lang.Parser.evalObjv(Parser.java:740)
	at tcl.lang.Parser.eval2(Parser.java:1138)
	at tcl.lang.Interp.eval(Interp.java:1782)
	at tcl.lang.Interp.evalFile(Interp.java:1880)
	at java.base/jdk.internal.reflect.NativeMethodAccessorImpl.invoke0(Native Method)
	at java.base/jdk.internal.reflect.NativeMethodAccessorImpl.invoke(NativeMethodAccessorImpl.java:62)
	at java.base/jdk.internal.reflect.DelegatingMethodAccessorImpl.invoke(DelegatingMethodAccessorImpl.java:43)
	at java.base/java.lang.reflect.Method.invoke(Method.java:566)
	at ptolemy.util.test.junit.TclTests.RunTclFile(TclTests.java:233)
	at java.base/jdk.internal.reflect.NativeMethodAccessorImpl.invoke0(Native Method)
	at java.base/jdk.internal.reflect.NativeMethodAccessorImpl.invoke(NativeMethodAccessorImpl.java:62)
	at java.base/jdk.internal.reflect.DelegatingMethodAccessorImpl.invoke(DelegatingMethodAccessorImpl.java:43)
	at java.base/java.lang.reflect.Method.invoke(Method.java:566)
	at org.junit.runners.model.FrameworkMethod$1.runReflectiveCall(FrameworkMethod.java:44)
	at org.junit.internal.runners.model.ReflectiveCallable.run(ReflectiveCallable.java:15)
	at org.junit.runners.model.FrameworkMethod.invokeExplosively(FrameworkMethod.java:41)
	at junitparams.internal.InvokeParameterisedMethod.evaluate(InvokeParameterisedMethod.java:102)
	at junitparams.internal.ParameterisedTestMethodRunner.runMethodInvoker(ParameterisedTestMethodRunner.java:47)
	at junitparams.internal.ParameterisedTestMethodRunner.runTestMethod(ParameterisedTestMethodRunner.java:41)
	at junitparams.internal.ParameterisedTestClassRunner.runParameterisedTest(ParameterisedTestClassRunner.java:143)
	at junitparams.JUnitParamsRunner.runChild(JUnitParamsRunner.java:237)
	at junitparams.JUnitParamsRunner.runChild(JUnitParamsRunner.java:215)
	at org.junit.runners.ParentRunner$3.run(ParentRunner.java:193)
	at org.junit.runners.ParentRunner$1.schedule(ParentRunner.java:52)
	at org.junit.runners.ParentRunner.runChildren(ParentRunner.java:191)
	at org.junit.runners.ParentRunner.access$000(ParentRunner.java:42)
	at org.junit.runners.ParentRunner$2.evaluate(ParentRunner.java:184)
	at org.junit.internal.runners.statements.RunAfters.evaluate(RunAfters.java:31)
	at org.junit.runners.ParentRunner.run(ParentRunner.java:236)
	at org.junit.runners.Suite.runChild(Suite.java:128)
	at org.junit.runners.Suite.runChild(Suite.java:24)
	at org.junit.runners.ParentRunner$3.run(ParentRunner.java:193)
	at org.junit.runners.ParentRunner$1.schedule(ParentRunner.java:52)
	at org.junit.runners.ParentRunner.runChildren(ParentRunner.java:191)
	at org.junit.runners.ParentRunner.access$000(ParentRunner.java:42)
	at org.junit.runners.ParentRunner$2.evaluate(ParentRunner.java:184)
	at org.junit.runners.ParentRunner.run(ParentRunner.java:236)
	at junit.framework.JUnit4TestAdapter.run(JUnit4TestAdapter.java:39)
	at org.apache.tools.ant.taskdefs.optional.junit.JUnitTestRunner.run(JUnitTestRunner.java:535)
	at org.apache.tools.ant.taskdefs.optional.junit.JUnitTestRunner.launch(JUnitTestRunner.java:1182)
	at org.apache.tools.ant.taskdefs.optional.junit.JUnitTestRunner.main(JUnitTestRunner.java:1033)
Caused by: ptolemy.kernel.util.IllegalActionException: Failed to evaluate script.
  in .actor library.MoreLibraries.Accessors.image.ComputerVision
Because:
Error: Error executing module @accessors-modules/computer-vision line #89 : Could not find the org.ptolemy.opencv.ComputerVision class, perhaps OpenCV was not installed. The OpenCV API can be downloaded from http://opencv.org.  Under Mac OS X, try:  :sudo port install opencv +python27 +java".See org/ptolemy/opencv/package.html for installation help.
In file: /home/travis/build/icyphy/ptII/ptolemy/actor/lib/jjs/modules/computerVision/computerVision.js
Error: Could not find the org.ptolemy.opencv.ComputerVision class, perhaps OpenCV was not installed. The OpenCV API can be downloaded from http://opencv.org.  Under Mac OS X, try:  :sudo port install opencv +python27 +java".See org/ptolemy/opencv/package.html for installation help.
	at &lt;anonymous&gt; (/home/travis/build/icyphy/ptII/ptolemy/actor/lib/jjs/external/require.js#409:30&lt;eval&gt;:89)
	at _require (/home/travis/build/icyphy/ptII/ptolemy/actor/lib/jjs/external/require.js:429)
	at &lt;anonymous&gt; (/home/travis/build/icyphy/ptII/ptolemy/actor/lib/jjs/external/require.js:467)
	at &lt;anonymous&gt; (&lt;function&gt;:62)
	at Accessor (/home/travis/build/icyphy/ptII/ptolemy/actor/lib/jjs/external/require.js#409:30&lt;eval&gt;:545)
	at evaluateCode (&lt;eval&gt;:96) in /home/travis/build/icyphy/ptII/ptolemy/actor/lib/jjs/external/require.js at line number 454 at column number 12
	at ptolemy.actor.lib.jjs.JavaScript._createEngineAndEvaluateSetup(JavaScript.java:2501)
	at ptolemy.actor.lib.jjs.JavaScript.attributeChanged(JavaScript.java:548)
	at org.terraswarm.accessor.JSAccessor.attributeChanged(JSAccessor.java:312)
	at ptolemy.data.expr.Variable._setTokenAndNotify(Variable.java:2271)
	at ptolemy.data.expr.Variable._evaluate(Variable.java:1873)
	... 86 more
Caused by: javax.script.ScriptException: Error: Error executing module @accessors-modules/computer-vision line #89 : Could not find the org.ptolemy.opencv.ComputerVision class, perhaps OpenCV was not installed. The OpenCV API can be downloaded from http://opencv.org.  Under Mac OS X, try:  :sudo port install opencv +python27 +java".See org/ptolemy/opencv/package.html for installation help.
In file: /home/travis/build/icyphy/ptII/ptolemy/actor/lib/jjs/modules/computerVision/computerVision.js
Error: Could not find the org.ptolemy.opencv.ComputerVision class, perhaps OpenCV was not installed. The OpenCV API can be downloaded from http://opencv.org.  Under Mac OS X, try:  :sudo port install opencv +python27 +java".See org/ptolemy/opencv/package.html for installation help.
	at &lt;anonymous&gt; (/home/travis/build/icyphy/ptII/ptolemy/actor/lib/jjs/external/require.js#409:30&lt;eval&gt;:89)
	at _require (/home/travis/build/icyphy/ptII/ptolemy/actor/lib/jjs/external/require.js:429)
	at &lt;anonymous&gt; (/home/travis/build/icyphy/ptII/ptolemy/actor/lib/jjs/external/require.js:467)
	at &lt;anonymous&gt; (&lt;function&gt;:62)
	at Accessor (/home/travis/build/icyphy/ptII/ptolemy/actor/lib/jjs/external/require.js#409:30&lt;eval&gt;:545)
	at evaluateCode (&lt;eval&gt;:96) in /home/travis/build/icyphy/ptII/ptolemy/actor/lib/jjs/external/require.js at line number 454 at column number 12
	at org.openjdk.nashorn.api.scripting.NashornScriptEngine.throwAsScriptException(NashornScriptEngine.java:463)
	at org.openjdk.nashorn.api.scripting.NashornScriptEngine.invokeImpl(NashornScriptEngine.java:385)
	at org.openjdk.nashorn.api.scripting.NashornScriptEngine.invokeFunction(NashornScriptEngine.java:186)
	at ptolemy.actor.lib.jjs.JavaScript._createEngineAndEvaluateSetup(JavaScript.java:2497)
	... 90 more
Caused by: /home/travis/build/icyphy/ptII/ptolemy/actor/lib/jjs/external/require.js:454:12 Error: Error executing module @accessors-modules/computer-vision line #89 : Could not find the org.ptolemy.opencv.ComputerVision class, perhaps OpenCV was not installed. The OpenCV API can be downloaded from http://opencv.org.  Under Mac OS X, try:  :sudo port install opencv +python27 +java".See org/ptolemy/opencv/package.html for installation help.
In file: /home/travis/build/icyphy/ptII/ptolemy/actor/lib/jjs/modules/computerVision/computerVision.js
Error: Could not find the org.ptolemy.opencv.ComputerVision class, perhaps OpenCV was not installed. The OpenCV API can be downloaded from http://opencv.org.  Under Mac OS X, try:  :sudo port install opencv +python27 +java".See org/ptolemy/opencv/package.html for installation help.
	at &lt;anonymous&gt; (/home/travis/build/icyphy/ptII/ptolemy/actor/lib/jjs/external/require.js#409:30&lt;eval&gt;:89)
	at _require (/home/travis/build/icyphy/ptII/ptolemy/actor/lib/jjs/external/require.js:429)
	at &lt;anonymous&gt; (/home/travis/build/icyphy/ptII/ptolemy/actor/lib/jjs/external/require.js:467)
	at &lt;anonymous&gt; (&lt;function&gt;:62)
	at Accessor (/home/travis/build/icyphy/ptII/ptolemy/actor/lib/jjs/external/require.js#409:30&lt;eval&gt;:545)
	at evaluateCode (&lt;eval&gt;:96)
	at org.openjdk.nashorn.internal.objects.NativeError.initException(NativeError.java:135)
	at org.openjdk.nashorn.internal.objects.NativeError.&lt;init&gt;(NativeError.java:101)
	at org.openjdk.nashorn.internal.objects.NativeError.&lt;init&gt;(NativeError.java:105)
	at org.openjdk.nashorn.internal.objects.NativeError.&lt;init&gt;(NativeError.java:109)
	at org.openjdk.nashorn.internal.objects.NativeError.constructor(NativeError.java:128)
	at org.openjdk.nashorn.internal.scripts.Script$Recompilation$3401$16264AAA$require.L:45#_require(/home/travis/build/icyphy/ptII/ptolemy/actor/lib/jjs/external/require.js:454)
	at org.openjdk.nashorn.internal.scripts.Script$Recompilation$3400$21065A$require.L:45#_requireClosure#L:466(/home/travis/build/icyphy/ptII/ptolemy/actor/lib/jjs/external/require.js:467)
	at org.openjdk.nashorn.internal.scripts.Script$Recompilation$3425$1AAAAAAAAAAAAAA$\^function\_.L:1(&lt;function&gt;:62)
	at org.openjdk.nashorn.internal.scripts.Script$Recompilation$3419$17933AAAAAA$require.L:1#Accessor(/home/travis/build/icyphy/ptII/ptolemy/actor/lib/jjs/external/require.js#409:30&lt;eval&gt;:545)
	at org.openjdk.nashorn.internal.scripts.Script$Recompilation$3418$2801AAA$\^eval\_.evaluateCode(&lt;eval&gt;:96)
	at org.openjdk.nashorn.internal.runtime.ScriptFunctionData.invoke(ScriptFunctionData.java:652)
	at org.openjdk.nashorn.internal.runtime.ScriptFunction.invoke(ScriptFunction.java:513)
	at org.openjdk.nashorn.internal.runtime.ScriptRuntime.apply(ScriptRuntime.java:520)
	at org.openjdk.nashorn.api.scripting.ScriptObjectMirror.callMember(ScriptObjectMirror.java:187)
	at org.openjdk.nashorn.api.scripting.NashornScriptEngine.invokeImpl(NashornScriptEngine.java:379)
	... 92 more
Caused by: ptolemy.kernel.util.IllegalActionException: Failed to evaluate script.
  in .actor library.MoreLibraries.Accessors.image.ComputerVision
Because:
Error: Error executing module @accessors-modules/computer-vision line #89 : Could not find the org.ptolemy.opencv.ComputerVision class, perhaps OpenCV was not installed. The OpenCV API can be downloaded from http://opencv.org.  Under Mac OS X, try:  :sudo port install opencv +python27 +java".See org/ptolemy/opencv/package.html for installation help.
In file: /home/travis/build/icyphy/ptII/ptolemy/actor/lib/jjs/modules/computerVision/computerVision.js
Error: Could not find the org.ptolemy.opencv.ComputerVision class, perhaps OpenCV was not installed. The OpenCV API can be downloaded from http://opencv.org.  Under Mac OS X, try:  :sudo port install opencv +python27 +java".See org/ptolemy/opencv/package.html for installation help.
	at &lt;anonymous&gt; (/home/travis/build/icyphy/ptII/ptolemy/actor/lib/jjs/external/require.js#409:30&lt;eval&gt;:89)
	at _require (/home/travis/build/icyphy/ptII/ptolemy/actor/lib/jjs/external/require.js:429)
	at &lt;anonymous&gt; (/home/travis/build/icyphy/ptII/ptolemy/actor/lib/jjs/external/require.js:467)
	at &lt;anonymous&gt; (&lt;function&gt;:62)
	at Accessor (/home/travis/build/icyphy/ptII/ptolemy/actor/lib/jjs/external/require.js#409:30&lt;eval&gt;:545)
	at evaluateCode (&lt;eval&gt;:96) in /home/travis/build/icyphy/ptII/ptolemy/actor/lib/jjs/external/require.js at line number 454 at column number 12
	at ptolemy.actor.lib.jjs.JavaScript._createEngineAndEvaluateSetup(JavaScript.java:2501)
	at ptolemy.actor.lib.jjs.JavaScript.attributeChanged(JavaScript.java:548)
	at org.terraswarm.accessor.JSAccessor.attributeChanged(JSAccessor.java:312)
	at ptolemy.data.expr.Variable._setTokenAndNotify(Variable.java:2271)
	at ptolemy.data.expr.Variable._evaluate(Variable.java:1873)
	at ptolemy.data.expr.Variable._propagate(Variable.java:1984)
	at ptolemy.data.expr.Variable.validate(Variable.java:1596)
	at ptolemy.moml.MoMLParser.endDocument(MoMLParser.java:867)
	at com.microstar.xml.XmlParser.doParse(XmlParser.java:162)
	at com.microstar.xml.XmlParser.parse(XmlParser.java:132)
	at ptolemy.moml.MoMLParser.parse(MoMLParser.java:1676)
	at ptolemy.moml.MoMLParser.parse(MoMLParser.java:1617)
	at ptolemy.moml.MoMLParser.parse(MoMLParser.java:1792)
	at org.terraswarm.accessor.AccessorLibrary.populate(AccessorLibrary.java:194)
	at ptolemy.moml.EntityLibrary.entityList(EntityLibrary.java:366)
	at ptolemy.kernel.CompositeEntity._unlinkLevelCrossingLinksToOutside(CompositeEntity.java:2769)
	at ptolemy.kernel.CompositeEntity._unlinkLevelCrossingLinksToOutside(CompositeEntity.java:2775)
	at ptolemy.kernel.CompositeEntity._unlinkLevelCrossingLinksToOutside(CompositeEntity.java:2775)
	at ptolemy.kernel.CompositeEntity._unlinkLevelCrossingLinksToOutside(CompositeEntity.java:2775)
	at ptolemy.kernel.CompositeEntity.setContainer(CompositeEntity.java:1878)
	at ptolemy.actor.gui.Configuration.check(Configuration.java:415)
	at java.base/jdk.internal.reflect.NativeMethodAccessorImpl.invoke0(Native Method)
	at java.base/jdk.internal.reflect.NativeMethodAccessorImpl.invoke(NativeMethodAccessorImpl.java:62)
	at java.base/jdk.internal.reflect.DelegatingMethodAccessorImpl.invoke(DelegatingMethodAccessorImpl.java:43)
	at java.base/java.lang.reflect.Method.invoke(Method.java:566)
	at tcl.lang.reflect.PkgInvoker.invokeMethod(PkgInvoker.java:129)
	at tcl.lang.JavaInvoke.call(JavaInvoke.java:253)
	at tcl.lang.JavaInvoke.callMethod(JavaInvoke.java:116)
	at tcl.lang.ReflectObject.cmdProc(ReflectObject.java:727)
	at tcl.lang.Parser.evalObjv(Parser.java:740)
	at tcl.lang.Parser.eval2(Parser.java:1138)
	at tcl.lang.Parser.evalTokens(Parser.java:930)
	at tcl.lang.Parser.eval2(Parser.java:1125)
	at tcl.lang.Interp.eval(Interp.java:1782)
	at tcl.lang.Interp.eval(Interp.java:1841)
	at tcl.lang.UplevelCmd.cmdProc(UplevelCmd.java:93)
	at tcl.lang.AutoloadStub.cmdProc(Extension.java:144)
	at tcl.lang.Parser.evalObjv(Parser.java:740)
	at tcl.lang.Parser.eval2(Parser.java:1138)
	at tcl.lang.Interp.eval(Interp.java:1782)
	at tcl.lang.Interp.eval(Interp.java:1841)
	at tcl.lang.CatchCmd.cmdProc(CatchCmd.java:42)
	at tcl.lang.Parser.evalObjv(Parser.java:740)
	at tcl.lang.Parser.eval2(Parser.java:1138)
	at tcl.lang.Parser.evalTokens(Parser.java:930)
	at tcl.lang.Parser.eval2(Parser.java:1125)
	at tcl.lang.Procedure.cmdProc(Procedure.java:175)
	at tcl.lang.Parser.evalObjv(Parser.java:740)
	at tcl.lang.Parser.eval2(Parser.java:1138)
	at tcl.lang.Procedure.cmdProc(Procedure.java:175)
	at tcl.lang.Parser.evalObjv(Parser.java:740)
	at tcl.lang.Parser.eval2(Parser.java:1138)
	at tcl.lang.Interp.eval(Interp.java:1782)
	at tcl.lang.Interp.evalFile(Interp.java:1880)
	at java.base/jdk.internal.reflect.NativeMethodAccessorImpl.invoke0(Native Method)
	at java.base/jdk.internal.reflect.NativeMethodAccessorImpl.invoke(NativeMethodAccessorImpl.java:62)
	at java.base/jdk.internal.reflect.DelegatingMethodAccessorImpl.invoke(DelegatingMethodAccessorImpl.java:43)
	at java.base/java.lang.reflect.Method.invoke(Method.java:566)
	at ptolemy.util.test.junit.TclTests.RunTclFile(TclTests.java:233)
	at java.base/jdk.internal.reflect.NativeMethodAccessorImpl.invoke0(Native Method)
	at java.base/jdk.internal.reflect.NativeMethodAccessorImpl.invoke(NativeMethodAccessorImpl.java:62)
	at java.base/jdk.internal.reflect.DelegatingMethodAccessorImpl.invoke(DelegatingMethodAccessorImpl.java:43)
	at java.base/java.lang.reflect.Method.invoke(Method.java:566)
	at org.junit.runners.model.FrameworkMethod$1.runReflectiveCall(FrameworkMethod.java:44)
	at org.junit.internal.runners.model.ReflectiveCallable.run(ReflectiveCallable.java:15)
	at org.junit.runners.model.FrameworkMethod.invokeExplosively(FrameworkMethod.java:41)
	at junitparams.internal.InvokeParameterisedMethod.evaluate(InvokeParameterisedMethod.java:102)
	at junitparams.internal.ParameterisedTestMethodRunner.runMethodInvoker(ParameterisedTestMethodRunner.java:47)
	at junitparams.internal.ParameterisedTestMethodRunner.runTestMethod(ParameterisedTestMethodRunner.java:41)
	at junitparams.internal.ParameterisedTestClassRunner.runParameterisedTest(ParameterisedTestClassRunner.java:143)
	at junitparams.JUnitParamsRunner.runChild(JUnitParamsRunner.java:237)
	at junitparams.JUnitParamsRunner.runChild(JUnitParamsRunner.java:215)
	at org.junit.runners.ParentRunner$3.run(ParentRunner.java:193)
	at org.junit.runners.ParentRunner$1.schedule(ParentRunner.java:52)
	at org.junit.runners.ParentRunner.runChildren(ParentRunner.java:191)
	at org.junit.runners.ParentRunner.access$000(ParentRunner.java:42)
	at org.junit.runners.ParentRunner$2.evaluate(ParentRunner.java:184)
	at org.junit.internal.runners.statements.RunAfters.evaluate(RunAfters.java:31)
	at org.junit.runners.ParentRunner.run(ParentRunner.java:236)
	at org.junit.runners.Suite.runChild(Suite.java:128)
	at org.junit.runners.Suite.runChild(Suite.java:24)
	at org.junit.runners.ParentRunner$3.run(ParentRunner.java:193)
	at org.junit.runners.ParentRunner$1.schedule(ParentRunner.java:52)
	at org.junit.runners.ParentRunner.runChildren(ParentRunner.java:191)
	at org.junit.runners.ParentRunner.access$000(ParentRunner.java:42)
	at org.junit.runners.ParentRunner$2.evaluate(ParentRunner.java:184)
	at org.junit.runners.ParentRunner.run(ParentRunner.java:236)
	at junit.framework.JUnit4TestAdapter.run(JUnit4TestAdapter.java:39)
	at org.apache.tools.ant.taskdefs.optional.junit.JUnitTestRunner.run(JUnitTestRunner.java:535)
	at org.apache.tools.ant.taskdefs.optional.junit.JUnitTestRunner.launch(JUnitTestRunner.java:1182)
	at org.apache.tools.ant.taskdefs.optional.junit.JUnitTestRunner.main(JUnitTestRunner.java:1033)
Caused by: javax.script.ScriptException: Error: Error executing module @accessors-modules/computer-vision line #89 : Could not find the org.ptolemy.opencv.ComputerVision class, perhaps OpenCV was not installed. The OpenCV API can be downloaded from http://opencv.org.  Under Mac OS X, try:  :sudo port install opencv +python27 +java".See org/ptolemy/opencv/package.html for installation help.
In file: /home/travis/build/icyphy/ptII/ptolemy/actor/lib/jjs/modules/computerVision/computerVision.js
Error: Could not find the org.ptolemy.opencv.ComputerVision class, perhaps OpenCV was not installed. The OpenCV API can be downloaded from http://opencv.org.  Under Mac OS X, try:  :sudo port install opencv +python27 +java".See org/ptolemy/opencv/package.html for installation help.
	at &lt;anonymous&gt; (/home/travis/build/icyphy/ptII/ptolemy/actor/lib/jjs/external/require.js#409:30&lt;eval&gt;:89)
	at _require (/home/travis/build/icyphy/ptII/ptolemy/actor/lib/jjs/external/require.js:429)
	at &lt;anonymous&gt; (/home/travis/build/icyphy/ptII/ptolemy/actor/lib/jjs/external/require.js:467)
	at &lt;anonymous&gt; (&lt;function&gt;:62)
	at Accessor (/home/travis/build/icyphy/ptII/ptolemy/actor/lib/jjs/external/require.js#409:30&lt;eval&gt;:545)
	at evaluateCode (&lt;eval&gt;:96) in /home/travis/build/icyphy/ptII/ptolemy/actor/lib/jjs/external/require.js at line number 454 at column number 12
	at org.openjdk.nashorn.api.scripting.NashornScriptEngine.throwAsScriptException(NashornScriptEngine.java:463)
	at org.openjdk.nashorn.api.scripting.NashornScriptEngine.invokeImpl(NashornScriptEngine.java:385)
	at org.openjdk.nashorn.api.scripting.NashornScriptEngine.invokeFunction(NashornScriptEngine.java:186)
	at ptolemy.actor.lib.jjs.JavaScript._createEngineAndEvaluateSetup(JavaScript.java:2497)
	... 90 more
Caused by: /home/travis/build/icyphy/ptII/ptolemy/actor/lib/jjs/external/require.js:454:12 Error: Error executing module @accessors-modules/computer-vision line #89 : Could not find the org.ptolemy.opencv.ComputerVision class, perhaps OpenCV was not installed. The OpenCV API can be downloaded from http://opencv.org.  Under Mac OS X, try:  :sudo port install opencv +python27 +java".See org/ptolemy/opencv/package.html for installation help.
In file: /home/travis/build/icyphy/ptII/ptolemy/actor/lib/jjs/modules/computerVision/computerVision.js
Error: Could not find the org.ptolemy.opencv.ComputerVision class, perhaps OpenCV was not installed. The OpenCV API can be downloaded from http://opencv.org.  Under Mac OS X, try:  :sudo port install opencv +python27 +java".See org/ptolemy/opencv/package.html for installation help.
	at &lt;anonymous&gt; (/home/travis/build/icyphy/ptII/ptolemy/actor/lib/jjs/external/require.js#409:30&lt;eval&gt;:89)
	at _require (/home/travis/build/icyphy/ptII/ptolemy/actor/lib/jjs/external/require.js:429)
	at &lt;anonymous&gt; (/home/travis/build/icyphy/ptII/ptolemy/actor/lib/jjs/external/require.js:467)
	at &lt;anonymous&gt; (&lt;function&gt;:62)
	at Accessor (/home/travis/build/icyphy/ptII/ptolemy/actor/lib/jjs/external/require.js#409:30&lt;eval&gt;:545)
	at evaluateCode (&lt;eval&gt;:96)
	at org.openjdk.nashorn.internal.objects.NativeError.initException(NativeError.java:135)
	at org.openjdk.nashorn.internal.objects.NativeError.&lt;init&gt;(NativeError.java:101)
	at org.openjdk.nashorn.internal.objects.NativeError.&lt;init&gt;(NativeError.java:105)
	at org.openjdk.nashorn.internal.objects.NativeError.&lt;init&gt;(NativeError.java:109)
	at org.openjdk.nashorn.internal.objects.NativeError.constructor(NativeError.java:128)
	at org.openjdk.nashorn.internal.scripts.Script$Recompilation$3401$16264AAA$require.L:45#_require(/home/travis/build/icyphy/ptII/ptolemy/actor/lib/jjs/external/require.js:454)
	at org.openjdk.nashorn.internal.scripts.Script$Recompilation$3400$21065A$require.L:45#_requireClosure#L:466(/home/travis/build/icyphy/ptII/ptolemy/actor/lib/jjs/external/require.js:467)
	at org.openjdk.nashorn.internal.scripts.Script$Recompilation$3425$1AAAAAAAAAAAAAA$\^function\_.L:1(&lt;function&gt;:62)
	at org.openjdk.nashorn.internal.scripts.Script$Recompilation$3419$17933AAAAAA$require.L:1#Accessor(/home/travis/build/icyphy/ptII/ptolemy/actor/lib/jjs/external/require.js#409:30&lt;eval&gt;:545)
	at org.openjdk.nashorn.internal.scripts.Script$Recompilation$3418$2801AAA$\^eval\_.evaluateCode(&lt;eval&gt;:96)
	at org.openjdk.nashorn.internal.runtime.ScriptFunctionData.invoke(ScriptFunctionData.java:652)
	at org.openjdk.nashorn.internal.runtime.ScriptFunction.invoke(ScriptFunction.java:513)
	at org.openjdk.nashorn.internal.runtime.ScriptRuntime.apply(ScriptRuntime.java:520)
	at org.openjdk.nashorn.api.scripting.ScriptObjectMirror.callMember(ScriptObjectMirror.java:187)
	at org.openjdk.nashorn.api.scripting.NashornScriptEngine.invokeImpl(NashornScriptEngine.java:379)
	... 92 more
Caused by: javax.script.ScriptException: Error: Error executing module @accessors-modules/computer-vision line #89 : Could not find the org.ptolemy.opencv.ComputerVision class, perhaps OpenCV was not installed. The OpenCV API can be downloaded from http://opencv.org.  Under Mac OS X, try:  :sudo port install opencv +python27 +java".See org/ptolemy/opencv/package.html for installation help.
In file: /home/travis/build/icyphy/ptII/ptolemy/actor/lib/jjs/modules/computerVision/computerVision.js
Error: Could not find the org.ptolemy.opencv.ComputerVision class, perhaps OpenCV was not installed. The OpenCV API can be downloaded from http://opencv.org.  Under Mac OS X, try:  :sudo port install opencv +python27 +java".See org/ptolemy/opencv/package.html for installation help.
	at &lt;anonymous&gt; (/home/travis/build/icyphy/ptII/ptolemy/actor/lib/jjs/external/require.js#409:30&lt;eval&gt;:89)
	at _require (/home/travis/build/icyphy/ptII/ptolemy/actor/lib/jjs/external/require.js:429)
	at &lt;anonymous&gt; (/home/travis/build/icyphy/ptII/ptolemy/actor/lib/jjs/external/require.js:467)
	at &lt;anonymous&gt; (&lt;function&gt;:62)
	at Accessor (/home/travis/build/icyphy/ptII/ptolemy/actor/lib/jjs/external/require.js#409:30&lt;eval&gt;:545)
	at evaluateCode (&lt;eval&gt;:96) in /home/travis/build/icyphy/ptII/ptolemy/actor/lib/jjs/external/require.js at line number 454 at column number 12
	at org.openjdk.nashorn.api.scripting.NashornScriptEngine.throwAsScriptException(NashornScriptEngine.java:463)
	at org.openjdk.nashorn.api.scripting.NashornScriptEngine.invokeImpl(NashornScriptEngine.java:385)
	at org.openjdk.nashorn.api.scripting.NashornScriptEngine.invokeFunction(NashornScriptEngine.java:186)
	at ptolemy.actor.lib.jjs.JavaScript._createEngineAndEvaluateSetup(JavaScript.java:2497)
	at ptolemy.actor.lib.jjs.JavaScript.attributeChanged(JavaScript.java:548)
	at org.terraswarm.accessor.JSAccessor.attributeChanged(JSAccessor.java:312)
	at ptolemy.data.expr.Variable._setTokenAndNotify(Variable.java:2271)
	at ptolemy.data.expr.Variable._evaluate(Variable.java:1873)
	at ptolemy.data.expr.Variable._propagate(Variable.java:1984)
	at ptolemy.data.expr.Variable.validate(Variable.java:1596)
	at ptolemy.moml.MoMLParser.endDocument(MoMLParser.java:867)
	at com.microstar.xml.XmlParser.doParse(XmlParser.java:162)
	at com.microstar.xml.XmlParser.parse(XmlParser.java:132)
	at ptolemy.moml.MoMLParser.parse(MoMLParser.java:1676)
	at ptolemy.moml.MoMLParser.parse(MoMLParser.java:1617)
	at ptolemy.moml.MoMLParser.parse(MoMLParser.java:1792)
	at org.terraswarm.accessor.AccessorLibrary.populate(AccessorLibrary.java:194)
	at ptolemy.moml.EntityLibrary.entityList(EntityLibrary.java:366)
	at ptolemy.kernel.CompositeEntity._unlinkLevelCrossingLinksToOutside(CompositeEntity.java:2769)
	at ptolemy.kernel.CompositeEntity._unlinkLevelCrossingLinksToOutside(CompositeEntity.java:2775)
	at ptolemy.kernel.CompositeEntity._unlinkLevelCrossingLinksToOutside(CompositeEntity.java:2775)
	at ptolemy.kernel.CompositeEntity._unlinkLevelCrossingLinksToOutside(CompositeEntity.java:2775)
	at ptolemy.kernel.CompositeEntity.setContainer(CompositeEntity.java:1878)
	at ptolemy.actor.gui.Configuration.check(Configuration.java:415)
	at java.base/jdk.internal.reflect.NativeMethodAccessorImpl.invoke0(Native Method)
	at java.base/jdk.internal.reflect.NativeMethodAccessorImpl.invoke(NativeMethodAccessorImpl.java:62)
	at java.base/jdk.internal.reflect.DelegatingMethodAccessorImpl.invoke(DelegatingMethodAccessorImpl.java:43)
	at java.base/java.lang.reflect.Method.invoke(Method.java:566)
	at tcl.lang.reflect.PkgInvoker.invokeMethod(PkgInvoker.java:129)
	at tcl.lang.JavaInvoke.call(JavaInvoke.java:253)
	at tcl.lang.JavaInvoke.callMethod(JavaInvoke.java:116)
	at tcl.lang.ReflectObject.cmdProc(ReflectObject.java:727)
	at tcl.lang.Parser.evalObjv(Parser.java:740)
	at tcl.lang.Parser.eval2(Parser.java:1138)
	at tcl.lang.Parser.evalTokens(Parser.java:930)
	at tcl.lang.Parser.eval2(Parser.java:1125)
	at tcl.lang.Interp.eval(Interp.java:1782)
	at tcl.lang.Interp.eval(Interp.java:1841)
	at tcl.lang.UplevelCmd.cmdProc(UplevelCmd.java:93)
	at tcl.lang.AutoloadStub.cmdProc(Extension.java:144)
	at tcl.lang.Parser.evalObjv(Parser.java:740)
	at tcl.lang.Parser.eval2(Parser.java:1138)
	at tcl.lang.Interp.eval(Interp.java:1782)
	at tcl.lang.Interp.eval(Interp.java:1841)
	at tcl.lang.CatchCmd.cmdProc(CatchCmd.java:42)
	at tcl.lang.Parser.evalObjv(Parser.java:740)
	at tcl.lang.Parser.eval2(Parser.java:1138)
	at tcl.lang.Parser.evalTokens(Parser.java:930)
	at tcl.lang.Parser.eval2(Parser.java:1125)
	at tcl.lang.Procedure.cmdProc(Procedure.java:175)
	at tcl.lang.Parser.evalObjv(Parser.java:740)
	at tcl.lang.Parser.eval2(Parser.java:1138)
	at tcl.lang.Procedure.cmdProc(Procedure.java:175)
	at tcl.lang.Parser.evalObjv(Parser.java:740)
	at tcl.lang.Parser.eval2(Parser.java:1138)
	at tcl.lang.Interp.eval(Interp.java:1782)
	at tcl.lang.Interp.evalFile(Interp.java:1880)
	at java.base/jdk.internal.reflect.NativeMethodAccessorImpl.invoke0(Native Method)
	at java.base/jdk.internal.reflect.NativeMethodAccessorImpl.invoke(NativeMethodAccessorImpl.java:62)
	at java.base/jdk.internal.reflect.DelegatingMethodAccessorImpl.invoke(DelegatingMethodAccessorImpl.java:43)
	at java.base/java.lang.reflect.Method.invoke(Method.java:566)
	at ptolemy.util.test.junit.TclTests.RunTclFile(TclTests.java:233)
	at java.base/jdk.internal.reflect.NativeMethodAccessorImpl.invoke0(Native Method)
	at java.base/jdk.internal.reflect.NativeMethodAccessorImpl.invoke(NativeMethodAccessorImpl.java:62)
	at java.base/jdk.internal.reflect.DelegatingMethodAccessorImpl.invoke(DelegatingMethodAccessorImpl.java:43)
	at java.base/java.lang.reflect.Method.invoke(Method.java:566)
	at org.junit.runners.model.FrameworkMethod$1.runReflectiveCall(FrameworkMethod.java:44)
	at org.junit.internal.runners.model.ReflectiveCallable.run(ReflectiveCallable.java:15)
	at org.junit.runners.model.FrameworkMethod.invokeExplosively(FrameworkMethod.java:41)
	at junitparams.internal.InvokeParameterisedMethod.evaluate(InvokeParameterisedMethod.java:102)
	at junitparams.internal.ParameterisedTestMethodRunner.runMethodInvoker(ParameterisedTestMethodRunner.java:47)
	at junitparams.internal.ParameterisedTestMethodRunner.runTestMethod(ParameterisedTestMethodRunner.java:41)
	at junitparams.internal.ParameterisedTestClassRunner.runParameterisedTest(ParameterisedTestClassRunner.java:143)
	at junitparams.JUnitParamsRunner.runChild(JUnitParamsRunner.java:237)
	at junitparams.JUnitParamsRunner.runChild(JUnitParamsRunner.java:215)
	at org.junit.runners.ParentRunner$3.run(ParentRunner.java:193)
	at org.junit.runners.ParentRunner$1.schedule(ParentRunner.java:52)
	at org.junit.runners.ParentRunner.runChildren(ParentRunner.java:191)
	at org.junit.runners.ParentRunner.access$000(ParentRunner.java:42)
	at org.junit.runners.ParentRunner$2.evaluate(ParentRunner.java:184)
	at org.junit.internal.runners.statements.RunAfters.evaluate(RunAfters.java:31)
	at org.junit.runners.ParentRunner.run(ParentRunner.java:236)
	at org.junit.runners.Suite.runChild(Suite.java:128)
	at org.junit.runners.Suite.runChild(Suite.java:24)
	at org.junit.runners.ParentRunner$3.run(ParentRunner.java:193)
	at org.junit.runners.ParentRunner$1.schedule(ParentRunner.java:52)
	at org.junit.runners.ParentRunner.runChildren(ParentRunner.java:191)
	at org.junit.runners.ParentRunner.access$000(ParentRunner.java:42)
	at org.junit.runners.ParentRunner$2.evaluate(ParentRunner.java:184)
	at org.junit.runners.ParentRunner.run(ParentRunner.java:236)
	at junit.framework.JUnit4TestAdapter.run(JUnit4TestAdapter.java:39)
	at org.apache.tools.ant.taskdefs.optional.junit.JUnitTestRunner.run(JUnitTestRunner.java:535)
	at org.apache.tools.ant.taskdefs.optional.junit.JUnitTestRunner.launch(JUnitTestRunner.java:1182)
	at org.apache.tools.ant.taskdefs.optional.junit.JUnitTestRunner.main(JUnitTestRunner.java:1033)
Caused by: /home/travis/build/icyphy/ptII/ptolemy/actor/lib/jjs/external/require.js:454:12 Error: Error executing module @accessors-modules/computer-vision line #89 : Could not find the org.ptolemy.opencv.ComputerVision class, perhaps OpenCV was not installed. The OpenCV API can be downloaded from http://opencv.org.  Under Mac OS X, try:  :sudo port install opencv +python27 +java".See org/ptolemy/opencv/package.html for installation help.
In file: /home/travis/build/icyphy/ptII/ptolemy/actor/lib/jjs/modules/computerVision/computerVision.js
Error: Could not find the org.ptolemy.opencv.ComputerVision class, perhaps OpenCV was not installed. The OpenCV API can be downloaded from http://opencv.org.  Under Mac OS X, try:  :sudo port install opencv +python27 +java".See org/ptolemy/opencv/package.html for installation help.
	at &lt;anonymous&gt; (/home/travis/build/icyphy/ptII/ptolemy/actor/lib/jjs/external/require.js#409:30&lt;eval&gt;:89)
	at _require (/home/travis/build/icyphy/ptII/ptolemy/actor/lib/jjs/external/require.js:429)
	at &lt;anonymous&gt; (/home/travis/build/icyphy/ptII/ptolemy/actor/lib/jjs/external/require.js:467)
	at &lt;anonymous&gt; (&lt;function&gt;:62)
	at Accessor (/home/travis/build/icyphy/ptII/ptolemy/actor/lib/jjs/external/require.js#409:30&lt;eval&gt;:545)
	at evaluateCode (&lt;eval&gt;:96)
	at org.openjdk.nashorn.internal.objects.NativeError.initException(NativeError.java:135)
	at org.openjdk.nashorn.internal.objects.NativeError.&lt;init&gt;(NativeError.java:101)
	at org.openjdk.nashorn.internal.objects.NativeError.&lt;init&gt;(NativeError.java:105)
	at org.openjdk.nashorn.internal.objects.NativeError.&lt;init&gt;(NativeError.java:109)
	at org.openjdk.nashorn.internal.objects.NativeError.constructor(NativeError.java:128)
	at org.openjdk.nashorn.internal.scripts.Script$Recompilation$3401$16264AAA$require.L:45#_require(/home/travis/build/icyphy/ptII/ptolemy/actor/lib/jjs/external/require.js:454)
	at org.openjdk.nashorn.internal.scripts.Script$Recompilation$3400$21065A$require.L:45#_requireClosure#L:466(/home/travis/build/icyphy/ptII/ptolemy/actor/lib/jjs/external/require.js:467)
	at org.openjdk.nashorn.internal.scripts.Script$Recompilation$3425$1AAAAAAAAAAAAAA$\^function\_.L:1(&lt;function&gt;:62)
	at org.openjdk.nashorn.internal.scripts.Script$Recompilation$3419$17933AAAAAA$require.L:1#Accessor(/home/travis/build/icyphy/ptII/ptolemy/actor/lib/jjs/external/require.js#409:30&lt;eval&gt;:545)
	at org.openjdk.nashorn.internal.scripts.Script$Recompilation$3418$2801AAA$\^eval\_.evaluateCode(&lt;eval&gt;:96)
	at org.openjdk.nashorn.internal.runtime.ScriptFunctionData.invoke(ScriptFunctionData.java:652)
	at org.openjdk.nashorn.internal.runtime.ScriptFunction.invoke(ScriptFunction.java:513)
	at org.openjdk.nashorn.internal.runtime.ScriptRuntime.apply(ScriptRuntime.java:520)
	at org.openjdk.nashorn.api.scripting.ScriptObjectMirror.callMember(ScriptObjectMirror.java:187)
	at org.openjdk.nashorn.api.scripting.NashornScriptEngine.invokeImpl(NashornScriptEngine.java:379)
	... 92 more

    while executing
ptolemy.kernel.util.InvalidStateException: Failed to populate Library
  in .actor library.MoreLibraries.Accessors.image
Because:
Loading accessor failed: ComputerVision.js
  in .actor library.MoreLibraries.Accessors.image
Because:
Error evaluating expression:
// A computer vision accessor.
...
  in .actor library.MoreLibraries.Accessors.image.ComputerVision.script
Because:
Failed to evaluate script.
  in .actor library.MoreLibraries.Accessors.image.ComputerVision
Because:
Error: Error executing module @accessors-modules/computer-vision line #89 : Could not find the org.ptolemy.opencv.ComputerVision class, perhaps OpenCV was not installed. The OpenCV API can be downloaded from http://opencv.org.  Under Mac OS X, try:  :sudo port install opencv +python27 +java".See org/ptolemy/opencv/package.html for installation help.
In file: /home/travis/build/icyphy/ptII/ptolemy/actor/lib/jjs/modules/computerVision/computerVision.js
Error: Could not find the org.ptolemy.opencv.ComputerVision class, perhaps OpenCV was not installed. The OpenCV API can be downloaded from http://opencv.org.  Under Mac OS X, try:  :sudo port install opencv +python27 +java".See org/ptolemy/opencv/package.html for installation help.
	at &lt;anonymous&gt; (/home/travis/build/icyphy/ptII/ptolemy/actor/lib/jjs/external/require.js#409:30&lt;eval&gt;:89)
	at _require (/home/travis/build/icyphy/ptII/ptolemy/actor/lib/jjs/external/require.js:429)
	at &lt;anonymous&gt; (/home/travis/build/icyphy/ptII/ptolemy/actor/lib/jjs/external/require.js:467)
	at &lt;anonymous&gt; (&lt;function&gt;:62)
	at Accessor (/home/travis/build/icyphy/ptII/ptolemy/actor/lib/jjs/external/require.js#409:30&lt;eval&gt;:545)
	at evaluateCode (&lt;eval&gt;:96) in /home/travis/build/icyphy/ptII/ptolemy/actor/lib/jjs/external/require.js at line number 454 at column number 12
  in .actor library.MoreLibraries.Accessors.image.ComputerVision.script
Because:
Error evaluating expression:
// A computer vision accessor.
...
  in .actor library.MoreLibraries.Accessors.image.ComputerVision.script
Because:
Failed to evaluate script.
  in .actor library.MoreLibraries.Accessors.image.ComputerVision
Because:
Error: Error executing module @accessors-modules/computer-vision line #89 : Could not find the org.ptolemy.opencv.ComputerVision class, perhaps OpenCV was not installed. The OpenCV API can be downloaded from http://opencv.org.  Under Mac OS X, try:  :sudo port install opencv +python27 +java".See org/ptolemy/opencv/package.html for installation help.
In file: /home/travis/build/icyphy/ptII/ptolemy/actor/lib/jjs/modules/computerVision/computerVision.js
Error: Could not find the org.ptolemy.opencv.ComputerVision class, perhaps OpenCV was not installed. The OpenCV API can be downloaded from http://opencv.org.  Under Mac OS X, try:  :sudo port install opencv +python27 +java".See org/ptolemy/opencv/package.html for installation help.
	at &lt;anonymous&gt; (/home/travis/build/icyphy/ptII/ptolemy/actor/lib/jjs/external/require.js#409:30&lt;eval&gt;:89)
	at _require (/home/travis/build/icyphy/ptII/ptolemy/actor/lib/jjs/external/require.js:429)
	at &lt;anonymous&gt; (/home/travis/build/icyphy/ptII/ptolemy/actor/lib/jjs/external/require.js:467)
	at &lt;anonymous&gt; (&lt;function&gt;:62)
	at Accessor (/home/travis/build/icyphy/ptII/ptolemy/actor/lib/jjs/external/require.js#409:30&lt;eval&gt;:545)
	at evaluateCode (&lt;eval&gt;:96) in /home/travis/build/icyphy/ptII/ptolemy/actor/lib/jjs/external/require.js at line number 454 at column number 12
    while executing
"[java::cast ptolemy.actor.gui.Configuration $configuration] check"
    invoked from within
"set results [[java::cast ptolemy.actor.gui.Configuration $configuration] check]"
    ("uplevel" body line 2)
    invoked from within
"uplevel $contents_of_test"
1649816382852 ms. Memory: 1169408K Free: 171520K (15%)
Setting containers of atomic entities to null
Retrieving library from file:/home/travis/build/icyphy/ptII/org/terraswarm/accessor/accessors/web/index.json
Retrieving library from file:/home/travis/build/icyphy/ptII/org/terraswarm/accessor/accessors/web/adapters/index.json
Retrieving library from file:/home/travis/build/icyphy/ptII/org/terraswarm/accessor/accessors/web/audio/index.json
Retrieving library from file:/home/travis/build/icyphy/ptII/org/terraswarm/accessor/accessors/web/cameras/index.json
Retrieving library from file:/home/travis/build/icyphy/ptII/org/terraswarm/accessor/accessors/web/dashboard/index.json
Retrieving library from file:/home/travis/build/icyphy/ptII/org/terraswarm/accessor/accessors/web/devices/index.json
Retrieving library from file:/home/travis/build/icyphy/ptII/org/terraswarm/accessor/accessors/web/image/index.json
CharacterRecognition: The tesseract module was not present.  The CharacterRecognition accessor is not supported on this accessor host. (Thread[main,5,main])
CharacterRecognition: The tesseract module was not present.  The CharacterRecognition accessor is not supported on this accessor host. (Thread[main,5,main])
Retrieving library from file:/home/travis/build/icyphy/ptII/org/terraswarm/accessor/accessors/web/net/index.json
Retrieving library from file:/home/travis/build/icyphy/ptII/org/terraswarm/accessor/accessors/web/robotics/index.json
Retrieving library from file:/home/travis/build/icyphy/ptII/org/terraswarm/accessor/accessors/web/geodesy/index.json
Retrieving library from file:/home/travis/build/icyphy/ptII/org/terraswarm/accessor/accessors/web/services/index.json
Retrieving library from file:/home/travis/build/icyphy/ptII/org/terraswarm/accessor/accessors/web/signals/index.json
Retrieving library from file:/home/travis/build/icyphy/ptII/org/terraswarm/accessor/accessors/web/test/index.json
Retrieving library from file:/home/travis/build/icyphy/ptII/org/terraswarm/accessor/accessors/web/utilities/index.json
The Mutable accessor original file has no documentation, so we are not running jsdoc on https://accessors.org/utilities/Mutable.js
HLA version is 1.3.
HLA version is 1.3.
HLA version is 1.3.
Loading accessor failed: ComputerVision.js
04/13/22 02:20:37
Failed: 1  Total Tests: 1  ((Passed: 0, Newly Passed: 0)  Known Failed: 0) /home/travis/build/icyphy/ptII/ptolemy/configs/test/constraints/test
No auto/knownFailedTests/*.xml tests in /home/travis/build/icyphy/ptII/ptolemy/configs/test/constraints/test
No auto/linux-amd64/*.xml tests in /home/travis/build/icyphy/ptII/ptolemy/configs/test/constraints/test
AutoTests.java: About to close Vertx.
AutoTests.java: Vertx closed.
No auto/*.xml tests in /home/travis/build/icyphy/ptII/ptolemy/configs/test/constraints/test
AutoTests.java: About to close Vertx.
AutoTests.java: Vertx closed.
</pre>
    </body>
</html>
