<html xmlns:string="xalan://java.lang.String" xmlns:lxslt="http://xml.apache.org/xslt">
<head>
<META http-equiv="Content-Type" content="text/html; charset=UTF-8">
<title>Standard Error from JUnitTclTest</title>
</head>
<body>
<pre>java.lang.RuntimeException: Execution failed
	at ptolemy.moml.MoMLSimpleApplication$UnloadThread.run(MoMLSimpleApplication.java:402)
Caused by: ptolemy.kernel.util.IllegalActionException: Expected a message starting with:
 was initialized and
But got:
Exception(s) thrown during wrapup:
ptolemy.kernel.util.IllegalActionException:  was initialized and should have handled an exception but did not see any.
  in .JavaScript8.TestExceptionAttribute========
ptolemy.kernel.util.IllegalActionException: Exceptions occurred during wrapup:
ptolemy.kernel.util.IllegalActionException: The test produced only 0 tokens, yet the correctValues parameter was expecting 3 tokens.
  in .JavaScript8.NonStrictTest

  in .JavaScript8.SDF Director
Because:
The test produced only 0 tokens, yet the correctValues parameter was expecting 3 tokens.
  in .JavaScript8.NonStrictTest========

  in .JavaScript8
Because:
 was initialized and should have handled an exception but did not see any.
  in .JavaScript8.TestExceptionAttribute
  in .JavaScript8.TestExceptionAttribute
Because:
Exception(s) thrown during wrapup:
ptolemy.kernel.util.IllegalActionException:  was initialized and should have handled an exception but did not see any.
  in .JavaScript8.TestExceptionAttribute========
ptolemy.kernel.util.IllegalActionException: Exceptions occurred during wrapup:
ptolemy.kernel.util.IllegalActionException: The test produced only 0 tokens, yet the correctValues parameter was expecting 3 tokens.
  in .JavaScript8.NonStrictTest

  in .JavaScript8.SDF Director
Because:
The test produced only 0 tokens, yet the correctValues parameter was expecting 3 tokens.
  in .JavaScript8.NonStrictTest========

  in .JavaScript8
Because:
 was initialized and should have handled an exception but did not see any.
  in .JavaScript8.TestExceptionAttribute
	at ptolemy.actor.lib.TestExceptionAttribute.handleException(TestExceptionAttribute.java:185)
	at ptolemy.actor.Manager.execute(Manager.java:476)
	at ptolemy.actor.Manager.run(Manager.java:1263)
	at ptolemy.actor.Manager$PtolemyRunThread.run(Manager.java:1915)
Caused by: ptolemy.kernel.util.IllegalActionException: Exception(s) thrown during wrapup:
ptolemy.kernel.util.IllegalActionException:  was initialized and should have handled an exception but did not see any.
  in .JavaScript8.TestExceptionAttribute========
ptolemy.kernel.util.IllegalActionException: Exceptions occurred during wrapup:
ptolemy.kernel.util.IllegalActionException: The test produced only 0 tokens, yet the correctValues parameter was expecting 3 tokens.
  in .JavaScript8.NonStrictTest

  in .JavaScript8.SDF Director
Because:
The test produced only 0 tokens, yet the correctValues parameter was expecting 3 tokens.
  in .JavaScript8.NonStrictTest========

  in .JavaScript8
Because:
 was initialized and should have handled an exception but did not see any.
  in .JavaScript8.TestExceptionAttribute
	at ptolemy.actor.CompositeActor.wrapup(CompositeActor.java:2780)
	at ptolemy.actor.Manager.wrapup(Manager.java:1512)
	at ptolemy.actor.Manager.execute(Manager.java:407)
	... 2 more
Caused by: ptolemy.kernel.util.IllegalActionException:  was initialized and should have handled an exception but did not see any.
  in .JavaScript8.TestExceptionAttribute
	at ptolemy.actor.lib.TestExceptionAttribute.wrapup(TestExceptionAttribute.java:213)
	at ptolemy.actor.CompositeActor.wrapup(CompositeActor.java:2705)
	... 4 more
WARNING: JavaScript: Model stopped before executing actions (e.g. producing outputs) scheduled for execution at times [0.8]
WARNING: JavaScript: Model stopped before executing actions (e.g. producing outputs) scheduled for execution at times [0.6]
WARNING: TestSpontaneous: Model stopped before executing actions (e.g. producing outputs) scheduled for execution at times [6.0]
</pre>
</body>
</html>
