<?xml version="1.0" encoding="UTF-8" ?>
<testsuite errors="0" failures="0" hostname="travis-job-b9a8c749-5e13-4cf1-befd-f70fc31fb81f" name="ptolemy.vergil.basic.export.test.junit.ExportModelJUnitTestBatch3" skipped="0" tests="60" time="1449.885" timestamp="2019-07-20T00:54:39">
  <properties>
[...]
</properties>
  <testcase classname="ptolemy.vergil.basic.export.test.junit.ExportModelJUnitTestBatch3" name="[0] ptolemy/actor/lib/jjs/modules/iotAuth/demo/SecurePubSub/SecurePubSub.xml (RunExportModel)" time="48.708" />
  <testcase classname="ptolemy.vergil.basic.export.test.junit.ExportModelJUnitTestBatch3" name="[1] ptolemy/actor/lib/jjs/modules/localStorage/demo/LocalStorage/LocalStorage.xml (RunExportModel)" time="18.592" />
  <testcase classname="ptolemy.vergil.basic.export.test.junit.ExportModelJUnitTestBatch3" name="[2] ptolemy/actor/lib/jjs/modules/mqtt/demo/MQTTPubSub/MQTTPubSub.xml (RunExportModel)" time="34.591" />
  <testcase classname="ptolemy.vergil.basic.export.test.junit.ExportModelJUnitTestBatch3" name="[3] ptolemy/actor/lib/jjs/modules/socket/demo/SecureSocket/SecureSocket.xml (RunExportModel)" time="32.82" />
  <testcase classname="ptolemy.vergil.basic.export.test.junit.ExportModelJUnitTestBatch3" name="[4] ptolemy/actor/lib/jjs/modules/socket/demo/SocketDoubleArrayBatched/SocketDoubleArrayBatched.xml (RunExportModel)" time="23.576" />
  <testcase classname="ptolemy.vergil.basic.export.test.junit.ExportModelJUnitTestBatch3" name="[5] ptolemy/actor/lib/jjs/modules/socket/demo/SocketImage/SocketImage.xml (RunExportModel)" time="49.655" />
  <testcase classname="ptolemy.vergil.basic.export.test.junit.ExportModelJUnitTestBatch3" name="[6] ptolemy/actor/lib/jjs/modules/socket/demo/SocketString/SocketString.xml (RunExportModel)" time="25.037" />
  <testcase classname="ptolemy.vergil.basic.export.test.junit.ExportModelJUnitTestBatch3" name="[7] ptolemy/actor/lib/jjs/modules/socket/demo/SocketUnsignedShort/SocketUnsignedShort.xml (RunExportModel)" time="22.488" />
  <testcase classname="ptolemy.vergil.basic.export.test.junit.ExportModelJUnitTestBatch3" name="[8] ptolemy/actor/lib/jjs/modules/socket/demo/TCPSocket/TCPSocket.xml (RunExportModel)" time="8.239" />
  <testcase classname="ptolemy.vergil.basic.export.test.junit.ExportModelJUnitTestBatch3" name="[9] ptolemy/actor/lib/jjs/modules/socket/demo/TCPSocket/TCPSocketDoubleArrayBatched.xml (RunExportModel)" time="23.01" />
  <testcase classname="ptolemy.vergil.basic.export.test.junit.ExportModelJUnitTestBatch3" name="[10] ptolemy/actor/lib/jjs/modules/socket/demo/TCPSocket/TCPSocketImage.xml (RunExportModel)" time="45.731" />
  <testcase classname="ptolemy.vergil.basic.export.test.junit.ExportModelJUnitTestBatch3" name="[11] ptolemy/actor/lib/jjs/modules/socket/demo/TCPSocket/TCPSocketSecureServerClient.xml (RunExportModel)" time="37.292" />
  <testcase classname="ptolemy.vergil.basic.export.test.junit.ExportModelJUnitTestBatch3" name="[12] ptolemy/actor/lib/jjs/modules/socket/demo/TCPSocket/TCPSocketTwoClients.xml (RunExportModel)" time="45.541" />
  <testcase classname="ptolemy.vergil.basic.export.test.junit.ExportModelJUnitTestBatch3" name="[13] ptolemy/actor/lib/jjs/modules/socket/demo/TCPSocket/TCPSocketUnsignedShort.xml (RunExportModel)" time="24.789" />
  <testcase classname="ptolemy.vergil.basic.export.test.junit.ExportModelJUnitTestBatch3" name="[14] ptolemy/actor/lib/jjs/modules/speechRecognition/demo/SpeechRecognition/SpeechRecognition.xml (RunExportModel)" time="18.085" />
  <testcase classname="ptolemy.vergil.basic.export.test.junit.ExportModelJUnitTestBatch3" name="[15] ptolemy/actor/lib/jjs/modules/speechRecognition/demo/WatchCommandUpdater/WatchCommandUpdater.xml (RunExportModel)" time="23.751" />
  <testcase classname="ptolemy.vergil.basic.export.test.junit.ExportModelJUnitTestBatch3" name="[16] ptolemy/actor/lib/jjs/modules/testing/demo/Testing/Testing.xml (RunExportModel)" time="36.113" />
  <testcase classname="ptolemy.vergil.basic.export.test.junit.ExportModelJUnitTestBatch3" name="[17] ptolemy/actor/lib/jjs/modules/udpSocket/demo/UDPSocket/UDPSocket.xml (RunExportModel)" time="41.685" />
  <testcase classname="ptolemy.vergil.basic.export.test.junit.ExportModelJUnitTestBatch3" name="[18] ptolemy/actor/lib/jjs/modules/udpSocket/demo/WatchEmulator/WatchEmulator.xml (RunExportModel)" time="24.263" />
  <testcase classname="ptolemy.vergil.basic.export.test.junit.ExportModelJUnitTestBatch3" name="[19] ptolemy/actor/lib/jjs/modules/userInterface/demo/Dots/Dots.xml (RunExportModel)" time="46.144" />
  <testcase classname="ptolemy.vergil.basic.export.test.junit.ExportModelJUnitTestBatch3" name="[20] ptolemy/actor/lib/jjs/modules/userInterface/demo/HelloUserInterface/HelloUserInterface.xml (RunExportModel)" time="33.712" />
  <testcase classname="ptolemy.vergil.basic.export.test.junit.ExportModelJUnitTestBatch3" name="[21] ptolemy/actor/lib/jjs/modules/userInterface/demo/UserInterface/UserInterface.xml (RunExportModel)" time="8.191" />
  <testcase classname="ptolemy.vergil.basic.export.test.junit.ExportModelJUnitTestBatch3" name="[22] ptolemy/actor/lib/jjs/modules/userInterface/demo/UserInterface/UserInterfaceBrowser.xml (RunExportModel)" time="51.647" />
  <testcase classname="ptolemy.vergil.basic.export.test.junit.ExportModelJUnitTestBatch3" name="[23] ptolemy/actor/lib/jjs/modules/userInterface/demo/UserInterface/UserInterfaceFixedPage.xml (RunExportModel)" time="20.482" />
  <testcase classname="ptolemy.vergil.basic.export.test.junit.ExportModelJUnitTestBatch3" name="[24] ptolemy/actor/lib/jjs/modules/userInterface/demo/UserInterface/UserInterfaceInteractive.xml (RunExportModel)" time="43.331" />
  <testcase classname="ptolemy.vergil.basic.export.test.junit.ExportModelJUnitTestBatch3" name="[25] ptolemy/actor/lib/jjs/modules/userInterface/demo/UserInterface/UserInterfaceRamp.xml (RunExportModel)" time="38.129" />
  <testcase classname="ptolemy.vergil.basic.export.test.junit.ExportModelJUnitTestBatch3" name="[26] ptolemy/actor/lib/jjs/modules/userInterface/demo/UserInterface/UserInterfaceUpdate.xml (RunExportModel)" time="42.716" />
  <testcase classname="ptolemy.vergil.basic.export.test.junit.ExportModelJUnitTestBatch3" name="[27] ptolemy/actor/lib/jjs/modules/userInterface/demo/UserInterface/UserInterfaceVideo.xml (RunExportModel)" time="45.482" />
  <testcase classname="ptolemy.vergil.basic.export.test.junit.ExportModelJUnitTestBatch3" name="[28] ptolemy/actor/lib/jjs/modules/webSocket/demo/SpeakingServerListeningClient/SpeakingServerListeningClient.xml (RunExportModel)" time="28.516" />
  <testcase classname="ptolemy.vergil.basic.export.test.junit.ExportModelJUnitTestBatch3" name="[29] ptolemy/actor/lib/jjs/modules/webSocket/demo/TwoWebSockets/TwoWebSockets.xml (RunExportModel)" time="19.596" />
  <testcase classname="ptolemy.vergil.basic.export.test.junit.ExportModelJUnitTestBatch3" name="[30] ptolemy/actor/lib/jjs/modules/webSocket/demo/WebSocketChat/Client.xml (RunExportModel)" time="11.642" />
  <testcase classname="ptolemy.vergil.basic.export.test.junit.ExportModelJUnitTestBatch3" name="[31] ptolemy/actor/lib/jjs/modules/webSocket/demo/WebSocketChat/SecureClient.xml (RunExportModel)" time="10.194" />
  <testcase classname="ptolemy.vergil.basic.export.test.junit.ExportModelJUnitTestBatch3" name="[32] ptolemy/actor/lib/jjs/modules/webSocket/demo/WebSocketChat/SecureServer.xml (RunExportModel)" time="41.273" />
  <testcase classname="ptolemy.vergil.basic.export.test.junit.ExportModelJUnitTestBatch3" name="[33] ptolemy/actor/lib/jjs/modules/webSocket/demo/WebSocketChat/Server.xml (RunExportModel)" time="41.181" />
  <testcase classname="ptolemy.vergil.basic.export.test.junit.ExportModelJUnitTestBatch3" name="[34] ptolemy/actor/lib/jjs/modules/webSocket/demo/WebSocketChat/WebSocketChat.xml (RunExportModel)" time="8.177" />
  <testcase classname="ptolemy.vergil.basic.export.test.junit.ExportModelJUnitTestBatch3" name="[35] ptolemy/actor/lib/jjs/modules/webSocket/demo/WebSocketClient/WebSocketClient.xml (RunExportModel)" time="10.116" />
  <testcase classname="ptolemy.vergil.basic.export.test.junit.ExportModelJUnitTestBatch3" name="[36] ptolemy/actor/lib/jjs/modules/webSocket/demo/WebSocketClient/WebSocketServer.xml (RunExportModel)" time="43.125" />
  <testcase classname="ptolemy.vergil.basic.export.test.junit.ExportModelJUnitTestBatch3" name="[37] ptolemy/actor/lib/jjs/modules/webSocket/demo/WebSocketFullDuplex/WebSocketFullDuplex.xml (RunExportModel)" time="22.327" />
  <testcase classname="ptolemy.vergil.basic.export.test.junit.ExportModelJUnitTestBatch3" name="[38] ptolemy/actor/lib/jjs/modules/webSocket/demo/WebSocketGraph/WebSocketGraph.xml (RunExportModel)" time="53.282" />
  <testcase classname="ptolemy.vergil.basic.export.test.junit.ExportModelJUnitTestBatch3" name="[39] ptolemy/actor/lib/jjs/modules/webSocket/demo/WebSocketImage/WebSocketImage.xml (RunExportModel)" time="47.911" />
  <testcase classname="ptolemy.vergil.basic.export.test.junit.ExportModelJUnitTestBatch3" name="[40] ptolemy/actor/lib/jjs/modules/webSocket/demo/WebSocketLog/WebSocketLog.xml (RunExportModel)" time="36.374" />
  <testcase classname="ptolemy.vergil.basic.export.test.junit.ExportModelJUnitTestBatch3" name="[41] ptolemy/actor/lib/jjs/modules/webSocket/demo/WebSocketsServerClient/WebSocketsServerClient.xml (RunExportModel)" time="29.772" />
  <testcase classname="ptolemy.vergil.basic.export.test.junit.ExportModelJUnitTestBatch3" name="[42] ptolemy/actor/lib/jjs/modules/xbee/demo/XBeeHelloWorld/XBeeDataTypes.xml (RunExportModel)" time="12.653" />
  <testcase classname="ptolemy.vergil.basic.export.test.junit.ExportModelJUnitTestBatch3" name="[43] ptolemy/actor/lib/jjs/modules/xbee/demo/XBeeHelloWorld/XBeeHelloWorld.xml (RunExportModel)" time="12.449" />
  <testcase classname="ptolemy.vergil.basic.export.test.junit.ExportModelJUnitTestBatch3" name="[44] ptolemy/actor/lib/jmf/demo/VideoCapture/VideoCapture.xml (RunExportModel)" time="3.256" />
  <testcase classname="ptolemy.vergil.basic.export.test.junit.ExportModelJUnitTestBatch3" name="[45] ptolemy/actor/lib/mail/demo/ExceptionEmailer/ExceptionEmailer.xml (RunExportModel)" time="4.36" />
  <testcase classname="ptolemy.vergil.basic.export.test.junit.ExportModelJUnitTestBatch3" name="[46] ptolemy/actor/lib/mail/demo/SendMail/SendMail.xml (RunExportModel)" time="4.242" />
  <testcase classname="ptolemy.vergil.basic.export.test.junit.ExportModelJUnitTestBatch3" name="[47] ptolemy/actor/lib/python/demo/Ptolemnizer/Ptolemnizer.xml (RunExportModel)" time="7.062" />
  <testcase classname="ptolemy.vergil.basic.export.test.junit.ExportModelJUnitTestBatch3" name="[48] ptolemy/actor/lib/python/demo/PythonScale/PythonScale.xml (RunExportModel)" time="4.33" />
  <testcase classname="ptolemy.vergil.basic.export.test.junit.ExportModelJUnitTestBatch3" name="[49] ptolemy/actor/lib/python/demo/RecordManipulation/RecordManipulation.xml (RunExportModel)" time="3.306" />
  <testcase classname="ptolemy.vergil.basic.export.test.junit.ExportModelJUnitTestBatch3" name="[50] ptolemy/actor/lib/r/demo/R3DPlot/R3DPlot.xml (RunExportModel)" time="3.232" />
  <testcase classname="ptolemy.vergil.basic.export.test.junit.ExportModelJUnitTestBatch3" name="[51] ptolemy/actor/lib/r/demo/RRecordToDataframe/RRecordToDataframe.xml (RunExportModel)" time="3.165" />
  <testcase classname="ptolemy.vergil.basic.export.test.junit.ExportModelJUnitTestBatch3" name="[52] ptolemy/actor/lib/security/demo/Signature/Signature.xml (RunExportModel)" time="3.389" />
  <testcase classname="ptolemy.vergil.basic.export.test.junit.ExportModelJUnitTestBatch3" name="[53] ptolemy/actor/lib/video/demo/DCT2x2dc/DCT2x2dc.xml (RunExportModel)" time="4.322" />
  <testcase classname="ptolemy.vergil.basic.export.test.junit.ExportModelJUnitTestBatch3" name="[54] ptolemy/actor/lib/video/demo/DCT4x4dc/DCT4x4dc.xml (RunExportModel)" time="4.262" />
  <testcase classname="ptolemy.vergil.basic.export.test.junit.ExportModelJUnitTestBatch3" name="[55] ptolemy/actor/lib/video/demo/DCT8x8/DCT8x8.xml (RunExportModel)" time="4.251" />
  <testcase classname="ptolemy.vergil.basic.export.test.junit.ExportModelJUnitTestBatch3" name="[56] ptolemy/actor/lib/xslt/demo/MoMLFileTransformation/MoMLFileTransformation.xml (RunExportModel)" time="5.014" />
  <testcase classname="ptolemy.vergil.basic.export.test.junit.ExportModelJUnitTestBatch3" name="[57] ptolemy/actor/lib/xslt/demo/XMLInclusion/XMLInclusion.xml (RunExportModel)" time="4.253" />
  <testcase classname="ptolemy.vergil.basic.export.test.junit.ExportModelJUnitTestBatch3" name="[58] ptolemy/actor/parameters/demo/Bouncer/Bouncer.xml (RunExportModel)" time="14.377" />
  <testcase classname="ptolemy.vergil.basic.export.test.junit.ExportModelJUnitTestBatch3" name="[59] ptolemy/actor/parameters/demo/SliderParameter/SliderParameter.xml (RunExportModel)" time="34.345" />
  <system-out><![CDATA[ExportModeJUnitTestBatch: There are 741 demos. Exporting demos: 211 to 270.
####### 1 Sat Jul 20 00:54:39 UTC 2019 $PTII/bin/ptinvoke ptolemy.vergil.basic.export.ExportModel -force htm -run -openComposites -timeOut 30000 -whiteBackground ptolemy/actor/lib/jjs/modules/iotAuth/demo/SecurePubSub/SecurePubSub.xml $PTII/ptolemy/actor/lib/jjs/modules/iotAuth/demo/SecurePubSub/SecurePubSub
----------------- Sat Jul 20 00:54:39 UTC 2019 About to sleep for 5.0 seconds before running or rerunning.  Test is: /home/travis/build/icyphy/ptII/ptolemy/actor/lib/jjs/modules/iotAuth/demo/SecurePubSub/SecurePubSub.xml
Done sleeping
JSAccessor: PT_NO_NET environment variable is set, so git pull and ptdoc are not being run.
Opened file:/home/travis/build/icyphy/ptII/ptolemy/actor/lib/jjs/modules/iotAuth/demo/SecurePubSub/SecurePubSub.xml in 13012 ms.
Size Statistics for .SecurePubSub
AtomicEntities: 18
CompositeEntities: 0
OpaqueCompositeEntities: 0
Relations: 19
Attributes: 153
Atomic Actor Names and Counts:
ptolemy.actor.lib.gui.TimedDisplay 8
org.terraswarm.accessor.JSAccessor 2
ptolemy.actor.lib.Const 2
ptolemy.actor.lib.Expression 2
ptolemy.actor.lib.Ramp 2
ptolemy.actor.lib.DiscreteClock 1
ptolemy.actor.lib.logic.TrueGate 1

Composite Entity Depths and Counts:

Running .SecurePubSub
Manager.initialize() finished: 13310 ms. Memory: 509952K Free: 232653K (46%)
23361 ms. Memory: 509952K Free: 227019K (45%)
Exported /home/travis/build/icyphy/ptII/ptolemy/actor/lib/jjs/modules/iotAuth/demo/SecurePubSub/SecurePubSub/index.html
43575 ms. Memory: 509952K Free: 139979K (27%)
####### 2 Sat Jul 20 00:55:28 UTC 2019 $PTII/bin/ptinvoke ptolemy.vergil.basic.export.ExportModel -force htm -run -openComposites -timeOut 30000 -whiteBackground ptolemy/actor/lib/jjs/modules/localStorage/demo/LocalStorage/LocalStorage.xml $PTII/ptolemy/actor/lib/jjs/modules/localStorage/demo/LocalStorage/LocalStorage
----------------- Sat Jul 20 00:55:28 UTC 2019 About to sleep for 5.0 seconds before running or rerunning.  Test is: /home/travis/build/icyphy/ptII/ptolemy/actor/lib/jjs/modules/localStorage/demo/LocalStorage/LocalStorage.xml
Done sleeping
Running .LocalStorage
5981 ms. Memory: 509952K Free: 340478K (67%)
Exported /home/travis/build/icyphy/ptII/ptolemy/actor/lib/jjs/modules/localStorage/demo/LocalStorage/LocalStorage/index.html
13590 ms. Memory: 509952K Free: 293888K (58%)
####### 3 Sat Jul 20 00:55:46 UTC 2019 $PTII/bin/ptinvoke ptolemy.vergil.basic.export.ExportModel -force htm -run -openComposites -timeOut 30000 -whiteBackground ptolemy/actor/lib/jjs/modules/mqtt/demo/MQTTPubSub/MQTTPubSub.xml $PTII/ptolemy/actor/lib/jjs/modules/mqtt/demo/MQTTPubSub/MQTTPubSub
----------------- Sat Jul 20 00:55:46 UTC 2019 About to sleep for 5.0 seconds before running or rerunning.  Test is: /home/travis/build/icyphy/ptII/ptolemy/actor/lib/jjs/modules/mqtt/demo/MQTTPubSub/MQTTPubSub.xml
Done sleeping
Running .MQTTPubSub
19428 ms. Memory: 612352K Free: 251392K (41%)
Exported /home/travis/build/icyphy/ptII/ptolemy/actor/lib/jjs/modules/mqtt/demo/MQTTPubSub/MQTTPubSub/index.html
29590 ms. Memory: 612352K Free: 193500K (32%)
####### 4 Sat Jul 20 00:56:21 UTC 2019 $PTII/bin/ptinvoke ptolemy.vergil.basic.export.ExportModel -force htm -run -openComposites -timeOut 30000 -whiteBackground ptolemy/actor/lib/jjs/modules/socket/demo/SecureSocket/SecureSocket.xml $PTII/ptolemy/actor/lib/jjs/modules/socket/demo/SecureSocket/SecureSocket
----------------- Sat Jul 20 00:56:21 UTC 2019 About to sleep for 5.0 seconds before running or rerunning.  Test is: /home/travis/build/icyphy/ptII/ptolemy/actor/lib/jjs/modules/socket/demo/SecureSocket/SecureSocket.xml
Done sleeping
Running .SecureSocket
18656 ms. Memory: 612352K Free: 151552K (25%)
Exported /home/travis/build/icyphy/ptII/ptolemy/actor/lib/jjs/modules/socket/demo/SecureSocket/SecureSocket/index.html
27819 ms. Memory: 612352K Free: 93635K (15%)
####### 5 Sat Jul 20 00:56:54 UTC 2019 $PTII/bin/ptinvoke ptolemy.vergil.basic.export.ExportModel -force htm -run -openComposites -timeOut 30000 -whiteBackground ptolemy/actor/lib/jjs/modules/socket/demo/SocketDoubleArrayBatched/SocketDoubleArrayBatched.xml $PTII/ptolemy/actor/lib/jjs/modules/socket/demo/SocketDoubleArrayBatched/SocketDoubleArrayBatched
----------------- Sat Jul 20 00:56:54 UTC 2019 About to sleep for 5.0 seconds before running or rerunning.  Test is: /home/travis/build/icyphy/ptII/ptolemy/actor/lib/jjs/modules/socket/demo/SocketDoubleArrayBatched/SocketDoubleArrayBatched.xml
Done sleeping
Running .SocketDoubleArrayBatched
Client: Sending data: 1.1,1.2 (Thread[AWT-EventQueue-0,6,main])
9413 ms. Memory: 612352K Free: 154112K (25%)
Exported /home/travis/build/icyphy/ptII/ptolemy/actor/lib/jjs/modules/socket/demo/SocketDoubleArrayBatched/SocketDoubleArrayBatched/index.html
18573 ms. Memory: 612352K Free: 108490K (18%)
####### 6 Sat Jul 20 00:57:17 UTC 2019 $PTII/bin/ptinvoke ptolemy.vergil.basic.export.ExportModel -force htm -run -openComposites -timeOut 30000 -whiteBackground ptolemy/actor/lib/jjs/modules/socket/demo/SocketImage/SocketImage.xml $PTII/ptolemy/actor/lib/jjs/modules/socket/demo/SocketImage/SocketImage
----------------- Sat Jul 20 00:57:17 UTC 2019 About to sleep for 5.0 seconds before running or rerunning.  Test is: /home/travis/build/icyphy/ptII/ptolemy/actor/lib/jjs/modules/socket/demo/SocketImage/SocketImage.xml
Done sleeping
No physical cameras found, using WebcamDummyDriver.
Opened file:/home/travis/build/icyphy/ptII/ptolemy/actor/lib/jjs/modules/socket/demo/SocketImage/SocketImage.xml in 10171 ms.
Size Statistics for .SocketImage
AtomicEntities: 5
CompositeEntities: 0
OpaqueCompositeEntities: 0
Relations: 3
Attributes: 44
Atomic Actor Names and Counts:
ptolemy.actor.lib.image.ImageDisplay 2
ptolemy.actor.lib.jjs.JavaScript 2
org.terraswarm.accessor.JSAccessor 1

Composite Entity Depths and Counts:

Running .SocketImage
Manager.initialize() finished: 12637 ms. Memory: 735232K Free: 354799K (48%)
ExportHTMLTimer went off after 30000 ms., calling getDirector().finish and getDirector().stopFire()
30121 ms. Memory: 1114112K Free: 274320K (25%)
Exported /home/travis/build/icyphy/ptII/ptolemy/actor/lib/jjs/modules/socket/demo/SocketImage/SocketImage/index.html
44653 ms. Memory: 1114112K Free: 228727K (21%)
####### 7 Sat Jul 20 00:58:07 UTC 2019 $PTII/bin/ptinvoke ptolemy.vergil.basic.export.ExportModel -force htm -run -openComposites -timeOut 30000 -whiteBackground ptolemy/actor/lib/jjs/modules/socket/demo/SocketString/SocketString.xml $PTII/ptolemy/actor/lib/jjs/modules/socket/demo/SocketString/SocketString
----------------- Sat Jul 20 00:58:07 UTC 2019 About to sleep for 5.0 seconds before running or rerunning.  Test is: /home/travis/build/icyphy/ptII/ptolemy/actor/lib/jjs/modules/socket/demo/SocketString/SocketString.xml
Done sleeping
Running .SocketString
11860 ms. Memory: 1114112K Free: 352430K (32%)
Exported /home/travis/build/icyphy/ptII/ptolemy/actor/lib/jjs/modules/socket/demo/SocketString/SocketString/index.html
20036 ms. Memory: 1114112K Free: 316038K (28%)
####### 8 Sat Jul 20 00:58:32 UTC 2019 $PTII/bin/ptinvoke ptolemy.vergil.basic.export.ExportModel -force htm -run -openComposites -timeOut 30000 -whiteBackground ptolemy/actor/lib/jjs/modules/socket/demo/SocketUnsignedShort/SocketUnsignedShort.xml $PTII/ptolemy/actor/lib/jjs/modules/socket/demo/SocketUnsignedShort/SocketUnsignedShort
----------------- Sat Jul 20 00:58:32 UTC 2019 About to sleep for 5.0 seconds before running or rerunning.  Test is: /home/travis/build/icyphy/ptII/ptolemy/actor/lib/jjs/modules/socket/demo/SocketUnsignedShort/SocketUnsignedShort.xml
Done sleeping
Running .SocketUnsignedShort
9185 ms. Memory: 1114112K Free: 684030K (61%)
Exported /home/travis/build/icyphy/ptII/ptolemy/actor/lib/jjs/modules/socket/demo/SocketUnsignedShort/SocketUnsignedShort/index.html
17487 ms. Memory: 1114112K Free: 643035K (58%)
####### 9 Sat Jul 20 00:58:54 UTC 2019 $PTII/bin/ptinvoke ptolemy.vergil.basic.export.ExportModel -force htm  -openComposites -timeOut 30000 -whiteBackground ptolemy/actor/lib/jjs/modules/socket/demo/TCPSocket/TCPSocket.xml $PTII/ptolemy/actor/lib/jjs/modules/socket/demo/TCPSocket/TCPSocket
Warning: not running ptolemy/actor/lib/jjs/modules/socket/demo/TCPSocket/TCPSocket.xml. See ptolemy/vergil/basic/export/test/junit/ExportModelJUnitTest.java
----------------- Sat Jul 20 00:58:54 UTC 2019 About to sleep for 5.0 seconds before running or rerunning.  Test is: /home/travis/build/icyphy/ptII/ptolemy/actor/lib/jjs/modules/socket/demo/TCPSocket/TCPSocket.xml
Done sleeping
Exported /home/travis/build/icyphy/ptII/ptolemy/actor/lib/jjs/modules/socket/demo/TCPSocket/TCPSocket/index.html
3237 ms. Memory: 1114112K Free: 523251K (47%)
####### 10 Sat Jul 20 00:59:03 UTC 2019 $PTII/bin/ptinvoke ptolemy.vergil.basic.export.ExportModel -force htm -run -openComposites -timeOut 30000 -whiteBackground ptolemy/actor/lib/jjs/modules/socket/demo/TCPSocket/TCPSocketDoubleArrayBatched.xml $PTII/ptolemy/actor/lib/jjs/modules/socket/demo/TCPSocket/TCPSocketDoubleArrayBatched
----------------- Sat Jul 20 00:59:03 UTC 2019 About to sleep for 5.0 seconds before running or rerunning.  Test is: /home/travis/build/icyphy/ptII/ptolemy/actor/lib/jjs/modules/socket/demo/TCPSocket/TCPSocketDoubleArrayBatched.xml
Done sleeping
Running .TCPSocketDoubleArrayBatched
9704 ms. Memory: 1114112K Free: 625664K (56%)
Exported /home/travis/build/icyphy/ptII/ptolemy/actor/lib/jjs/modules/socket/demo/TCPSocket/TCPSocketDoubleArrayBatched/index.html
18009 ms. Memory: 1114112K Free: 582706K (52%)
####### 11 Sat Jul 20 00:59:26 UTC 2019 $PTII/bin/ptinvoke ptolemy.vergil.basic.export.ExportModel -force htm -run -openComposites -timeOut 30000 -whiteBackground ptolemy/actor/lib/jjs/modules/socket/demo/TCPSocket/TCPSocketImage.xml $PTII/ptolemy/actor/lib/jjs/modules/socket/demo/TCPSocket/TCPSocketImage
----------------- Sat Jul 20 00:59:26 UTC 2019 About to sleep for 5.0 seconds before running or rerunning.  Test is: /home/travis/build/icyphy/ptII/ptolemy/actor/lib/jjs/modules/socket/demo/TCPSocket/TCPSocketImage.xml
Done sleeping
Running .TCPSocketImage
Manager.initialize() finished: 11934 ms. Memory: 1114112K Free: 158025K (14%)
ExportHTMLTimer went off after 30000 ms., calling getDirector().finish and getDirector().stopFire()
30063 ms. Memory: 1859584K Free: 1358665K (73%)
Exported /home/travis/build/icyphy/ptII/ptolemy/actor/lib/jjs/modules/socket/demo/TCPSocket/TCPSocketImage/index.html
40729 ms. Memory: 1859584K Free: 1330989K (72%)
####### 12 Sat Jul 20 01:00:11 UTC 2019 $PTII/bin/ptinvoke ptolemy.vergil.basic.export.ExportModel -force htm -run -openComposites -timeOut 30000 -whiteBackground ptolemy/actor/lib/jjs/modules/socket/demo/TCPSocket/TCPSocketSecureServerClient.xml $PTII/ptolemy/actor/lib/jjs/modules/socket/demo/TCPSocket/TCPSocketSecureServerClient
----------------- Sat Jul 20 01:00:11 UTC 2019 About to sleep for 5.0 seconds before running or rerunning.  Test is: /home/travis/build/icyphy/ptII/ptolemy/actor/lib/jjs/modules/socket/demo/TCPSocket/TCPSocketSecureServerClient.xml
Done sleeping
Running .TCPSocketSecureServerClient
Manager.initialize() finished: 14712 ms. Memory: 1859584K Free: 856574K (46%)
19782 ms. Memory: 1859584K Free: 776695K (42%)
Exported /home/travis/build/icyphy/ptII/ptolemy/actor/lib/jjs/modules/socket/demo/TCPSocket/TCPSocketSecureServerClient/index.html
32284 ms. Memory: 1859584K Free: 739715K (40%)
####### 13 Sat Jul 20 01:00:49 UTC 2019 $PTII/bin/ptinvoke ptolemy.vergil.basic.export.ExportModel -force htm -run -openComposites -timeOut 30000 -whiteBackground ptolemy/actor/lib/jjs/modules/socket/demo/TCPSocket/TCPSocketTwoClients.xml $PTII/ptolemy/actor/lib/jjs/modules/socket/demo/TCPSocket/TCPSocketTwoClients
----------------- Sat Jul 20 01:00:49 UTC 2019 About to sleep for 5.0 seconds before running or rerunning.  Test is: /home/travis/build/icyphy/ptII/ptolemy/actor/lib/jjs/modules/socket/demo/TCPSocket/TCPSocketTwoClients.xml
Done sleeping
Running .TCPSocketTwoClients
Manager.initialize() finished: 11476 ms. Memory: 1859584K Free: 645632K (35%)
ExportHTMLTimer went off after 30000 ms., calling getDirector().finish and getDirector().stopFire()
30072 ms. Memory: 1859584K Free: 537302K (29%)
Exported /home/travis/build/icyphy/ptII/ptolemy/actor/lib/jjs/modules/socket/demo/TCPSocket/TCPSocketTwoClients/index.html
40540 ms. Memory: 1859584K Free: 493495K (27%)
####### 14 Sat Jul 20 01:01:34 UTC 2019 $PTII/bin/ptinvoke ptolemy.vergil.basic.export.ExportModel -force htm -run -openComposites -timeOut 30000 -whiteBackground ptolemy/actor/lib/jjs/modules/socket/demo/TCPSocket/TCPSocketUnsignedShort.xml $PTII/ptolemy/actor/lib/jjs/modules/socket/demo/TCPSocket/TCPSocketUnsignedShort
----------------- Sat Jul 20 01:01:34 UTC 2019 About to sleep for 5.0 seconds before running or rerunning.  Test is: /home/travis/build/icyphy/ptII/ptolemy/actor/lib/jjs/modules/socket/demo/TCPSocket/TCPSocketUnsignedShort.xml
Done sleeping
Running .TCPSocketUnsignedShort
10812 ms. Memory: 1859584K Free: 1061374K (57%)
Exported /home/travis/build/icyphy/ptII/ptolemy/actor/lib/jjs/modules/socket/demo/TCPSocket/TCPSocketUnsignedShort/index.html
19788 ms. Memory: 1859584K Free: 1022924K (55%)
####### 15 Sat Jul 20 01:01:59 UTC 2019 $PTII/bin/ptinvoke ptolemy.vergil.basic.export.ExportModel -force htm  -openComposites -timeOut 30000 -whiteBackground ptolemy/actor/lib/jjs/modules/speechRecognition/demo/SpeechRecognition/SpeechRecognition.xml $PTII/ptolemy/actor/lib/jjs/modules/speechRecognition/demo/SpeechRecognition/SpeechRecognition
Warning: not running ptolemy/actor/lib/jjs/modules/speechRecognition/demo/SpeechRecognition/SpeechRecognition.xml. See ptolemy/vergil/basic/export/test/junit/ExportModelJUnitTest.java
----------------- Sat Jul 20 01:01:59 UTC 2019 About to sleep for 5.0 seconds before running or rerunning.  Test is: /home/travis/build/icyphy/ptII/ptolemy/actor/lib/jjs/modules/speechRecognition/demo/SpeechRecognition/SpeechRecognition.xml
Done sleeping
Exported /home/travis/build/icyphy/ptII/ptolemy/actor/lib/jjs/modules/speechRecognition/demo/SpeechRecognition/SpeechRecognition/index.html
13084 ms. Memory: 1859584K Free: 1291254K (69%)
####### 16 Sat Jul 20 01:02:17 UTC 2019 $PTII/bin/ptinvoke ptolemy.vergil.basic.export.ExportModel -force htm  -openComposites -timeOut 30000 -whiteBackground ptolemy/actor/lib/jjs/modules/speechRecognition/demo/WatchCommandUpdater/WatchCommandUpdater.xml $PTII/ptolemy/actor/lib/jjs/modules/speechRecognition/demo/WatchCommandUpdater/WatchCommandUpdater
Warning: not running ptolemy/actor/lib/jjs/modules/speechRecognition/demo/WatchCommandUpdater/WatchCommandUpdater.xml. See ptolemy/vergil/basic/export/test/junit/ExportModelJUnitTest.java
----------------- Sat Jul 20 01:02:17 UTC 2019 About to sleep for 5.0 seconds before running or rerunning.  Test is: /home/travis/build/icyphy/ptII/ptolemy/actor/lib/jjs/modules/speechRecognition/demo/WatchCommandUpdater/WatchCommandUpdater.xml
Done sleeping
Opened file:/home/travis/build/icyphy/ptII/ptolemy/actor/lib/jjs/modules/speechRecognition/demo/WatchCommandUpdater/WatchCommandUpdater.xml in 15508 ms.
Size Statistics for .WatchCommandUpdater
AtomicEntities: 9
CompositeEntities: 0
OpaqueCompositeEntities: 0
Relations: 6
Attributes: 93
Atomic Actor Names and Counts:
org.terraswarm.accessor.JSAccessor 6
ptolemy.actor.lib.jjs.JavaScript 3

Composite Entity Depths and Counts:

Exported /home/travis/build/icyphy/ptII/ptolemy/actor/lib/jjs/modules/speechRecognition/demo/WatchCommandUpdater/WatchCommandUpdater/index.html
18749 ms. Memory: 1859584K Free: 873696K (47%)
####### 17 Sat Jul 20 01:02:41 UTC 2019 $PTII/bin/ptinvoke ptolemy.vergil.basic.export.ExportModel -force htm -run -openComposites -timeOut 30000 -whiteBackground ptolemy/actor/lib/jjs/modules/testing/demo/Testing/Testing.xml $PTII/ptolemy/actor/lib/jjs/modules/testing/demo/Testing/Testing
----------------- Sat Jul 20 01:02:41 UTC 2019 About to sleep for 5.0 seconds before running or rerunning.  Test is: /home/travis/build/icyphy/ptII/ptolemy/actor/lib/jjs/modules/testing/demo/Testing/Testing.xml
Done sleeping
Running .Testing
MochaTest: Start of Common host: Basic (Thread[AWT-EventQueue-0,6,main])
MochaTest: End of Common host: Basic (Thread[AWT-EventQueue-0,6,main])
MochaTest: Start of Common host: Composite accessors (Thread[AWT-EventQueue-0,6,main])
MochaTest: Start of Common host: Spontaneous accessors (Thread[AWT-EventQueue-0,6,main])
MochaTest: Start of Common host: Spontaneous accessors (Thread[AWT-EventQueue-0,6,main])
MochaTest: Before Spontaneous accessor produces correct outputs after 1 and 2 seconds. (Thread[AWT-EventQueue-0,6,main])
MochaTest: After Spontaneous accessor produces correct outputs after 1 and 2 seconds. (Thread[AWT-EventQueue-0,6,main])
MochaTest: End of Common host: Spontaneous accessors (Thread[AWT-EventQueue-0,6,main])
MochaTest: Start of Common host: Inheritance (Thread[AWT-EventQueue-0,6,main])
MochaTest: End of Common host: Inheritance (Thread[AWT-EventQueue-0,6,main])
MochaTest: Instance of TestAccessor: [Circular]
Tests: (Thread[AWT-EventQueue-0,6,main])
MochaTest: TestAccessor.fire() invoked. (Thread[AWT-EventQueue-0,6,main])
MochaTest: TestAdder: fire(): inputLeft: 10 inputRight: 40 (Thread[AWT-EventQueue-0,6,main])
MochaTest: TestAdder: fire(): inputLeft: 5 inputRight: 20 (Thread[AWT-EventQueue-0,6,main])
MochaTest: TestAdder: fire(): inputLeft: 0 inputRight: 0 (Thread[AWT-EventQueue-0,6,main])
MochaTest: TestAccessor.fire() invoked. (Thread[AWT-EventQueue-0,6,main])
MochaTest: <?xml version="1.0" encoding="UTF-8"?>
 <testsuites>
 <testsuite name="Root Suite" tests="0">
 <testsuite name="Common host: Basic" tests="7">
 <testcase name="this.getParameter() returns default value." > </testcase>
 <testcase name="this.getParameter() returns value set by this.setParameter()." > </testcase>
 <testcase name="this.get() returns default value." > </testcase>
 <testcase name="this.get() returns null if no input yet provided." > </testcase>
 <testcase name="this.get() returns null if no input yet provided but type being boolean." > </testcase>
 <testcase name="this.get() returns value provided by provideInput()." > </testcase>
 <testcase name="latestOutput contains value provided by inputHandlers and send()." > </testcase>
 </testsuite>
 <testsuite name="Common host: Composite accessors" tests="2">
 <testcase name="Composite accessor produces correct output when manually scheduled." > </testcase>
 <testcase name="Composite accessor produces correct output when automatically scheduled." > <failure message="AssertionError: expected 0 to equal 25"/> </testcase>
 </testsuite>
 <testsuite name="Common host: Spontaneous accessors" tests="2">
 <testcase name="Spontaneous accessor produces correct outputs after 1 and 2 seconds." > </testcase>
 <testcase name="Composite spontaneous accessor produces correct outputs after 1 and 2 seconds." > </testcase>
 </testsuite>
 <testsuite name="Common host: Inheritance" tests="4">
 <testcase name="Inheritance, function overriding, and variable visiility should work properly." > </testcase>
 <testcase name="Implementing an interface should work properly." > </testcase>
 <testcase name="Exported fields of base classes can be accessed and initialize() is properly scoped." > </testcase>
 <testcase name="Two-level inheritance should work properly." > </testcase>
 </testsuite>
 </testsuite>
 </testsuites>
 (Thread[AWT-EventQueue-0,6,main])
22785 ms. Memory: 1859584K Free: 1031142K (55%)
Exported /home/travis/build/icyphy/ptII/ptolemy/actor/lib/jjs/modules/testing/demo/Testing/Testing/index.html
31111 ms. Memory: 1859584K Free: 1002998K (54%)
####### 18 Sat Jul 20 01:03:17 UTC 2019 $PTII/bin/ptinvoke ptolemy.vergil.basic.export.ExportModel -force htm -run -openComposites -timeOut 30000 -whiteBackground ptolemy/actor/lib/jjs/modules/udpSocket/demo/UDPSocket/UDPSocket.xml $PTII/ptolemy/actor/lib/jjs/modules/udpSocket/demo/UDPSocket/UDPSocket
----------------- Sat Jul 20 01:03:17 UTC 2019 About to sleep for 5.0 seconds before running or rerunning.  Test is: /home/travis/build/icyphy/ptII/ptolemy/actor/lib/jjs/modules/udpSocket/demo/UDPSocket/UDPSocket.xml
Done sleeping
Running .UDPSocket
ExportHTMLTimer went off after 30000 ms., calling getDirector().finish and getDirector().stopFire()
30029 ms. Memory: 1859584K Free: 1042194K (56%)
Exported /home/travis/build/icyphy/ptII/ptolemy/actor/lib/jjs/modules/udpSocket/demo/UDPSocket/UDPSocket/index.html
36676 ms. Memory: 1859584K Free: 1012202K (54%)
####### 19 Sat Jul 20 01:03:59 UTC 2019 $PTII/bin/ptinvoke ptolemy.vergil.basic.export.ExportModel -force htm  -openComposites -timeOut 30000 -whiteBackground ptolemy/actor/lib/jjs/modules/udpSocket/demo/WatchEmulator/WatchEmulator.xml $PTII/ptolemy/actor/lib/jjs/modules/udpSocket/demo/WatchEmulator/WatchEmulator
Warning: not running ptolemy/actor/lib/jjs/modules/udpSocket/demo/WatchEmulator/WatchEmulator.xml. See ptolemy/vergil/basic/export/test/junit/ExportModelJUnitTest.java
----------------- Sat Jul 20 01:03:59 UTC 2019 About to sleep for 5.0 seconds before running or rerunning.  Test is: /home/travis/build/icyphy/ptII/ptolemy/actor/lib/jjs/modules/udpSocket/demo/WatchEmulator/WatchEmulator.xml
Done sleeping
Opened file:/home/travis/build/icyphy/ptII/ptolemy/actor/lib/jjs/modules/udpSocket/demo/WatchEmulator/WatchEmulator.xml in 15961 ms.
Size Statistics for .WatchEmulator
AtomicEntities: 7
CompositeEntities: 0
OpaqueCompositeEntities: 0
Relations: 5
Attributes: 85
Atomic Actor Names and Counts:
org.terraswarm.accessor.JSAccessor 5
ptolemy.actor.lib.jjs.JavaScript 2

Composite Entity Depths and Counts:

Exported /home/travis/build/icyphy/ptII/ptolemy/actor/lib/jjs/modules/udpSocket/demo/WatchEmulator/WatchEmulator/index.html
19261 ms. Memory: 1859584K Free: 713050K (38%)
####### 20 Sat Jul 20 01:04:23 UTC 2019 $PTII/bin/ptinvoke ptolemy.vergil.basic.export.ExportModel -force htm -run -openComposites -timeOut 30000 -whiteBackground ptolemy/actor/lib/jjs/modules/userInterface/demo/Dots/Dots.xml $PTII/ptolemy/actor/lib/jjs/modules/userInterface/demo/Dots/Dots
----------------- Sat Jul 20 01:04:23 UTC 2019 About to sleep for 5.0 seconds before running or rerunning.  Test is: /home/travis/build/icyphy/ptII/ptolemy/actor/lib/jjs/modules/userInterface/demo/Dots/Dots.xml
Done sleeping
Running .Dots
Manager.initialize() finished: 12324 ms. Memory: 1859584K Free: 300030K (16%)
BrowserLauncher: UnsupportedOperation: http://localhost:8089: java.lang.UnsupportedOperationException: The BROWSE action is not supported on the current platform!
ExportHTMLTimer went off after 30000 ms., calling getDirector().finish and getDirector().stopFire()
UserInterface: Connection closed because model is no longer running. (Thread[AWT-EventQueue-0,6,main])
30081 ms. Memory: 1859584K Free: 935424K (50%)
Exported /home/travis/build/icyphy/ptII/ptolemy/actor/lib/jjs/modules/userInterface/demo/Dots/Dots/index.html
41144 ms. Memory: 1859584K Free: 904163K (49%)
####### 21 Sat Jul 20 01:05:09 UTC 2019 $PTII/bin/ptinvoke ptolemy.vergil.basic.export.ExportModel -force htm -run -openComposites -timeOut 30000 -whiteBackground ptolemy/actor/lib/jjs/modules/userInterface/demo/HelloUserInterface/HelloUserInterface.xml $PTII/ptolemy/actor/lib/jjs/modules/userInterface/demo/HelloUserInterface/HelloUserInterface
----------------- Sat Jul 20 01:05:09 UTC 2019 About to sleep for 5.0 seconds before running or rerunning.  Test is: /home/travis/build/icyphy/ptII/ptolemy/actor/lib/jjs/modules/userInterface/demo/HelloUserInterface/HelloUserInterface.xml
Done sleeping
Running .HelloUserInterface
BrowserLauncher: UnsupportedOperation: http://localhost:8089: java.lang.UnsupportedOperationException: The BROWSE action is not supported on the current platform!
UserInterface: Connection closed because model is no longer running. (Thread[AWT-EventQueue-0,6,main])
18964 ms. Memory: 1859584K Free: 643063K (35%)
Exported /home/travis/build/icyphy/ptII/ptolemy/actor/lib/jjs/modules/userInterface/demo/HelloUserInterface/HelloUserInterface/index.html
28711 ms. Memory: 1859584K Free: 614373K (33%)
####### 22 Sat Jul 20 01:05:43 UTC 2019 $PTII/bin/ptinvoke ptolemy.vergil.basic.export.ExportModel -force htm -run -openComposites -timeOut 30000 -whiteBackground ptolemy/actor/lib/jjs/modules/userInterface/demo/UserInterface/UserInterface.xml $PTII/ptolemy/actor/lib/jjs/modules/userInterface/demo/UserInterface/UserInterface
----------------- Sat Jul 20 01:05:43 UTC 2019 About to sleep for 5.0 seconds before running or rerunning.  Test is: /home/travis/build/icyphy/ptII/ptolemy/actor/lib/jjs/modules/userInterface/demo/UserInterface/UserInterface.xml
Done sleeping
Model ".UserInterface" contains actors such cannot be run  as part of the export process from ExportModel or it has a WebExportParameters value that runBeforeExport set to false. To export run this model and export it, use vergil.
Exported /home/travis/build/icyphy/ptII/ptolemy/actor/lib/jjs/modules/userInterface/demo/UserInterface/UserInterface/index.html
3187 ms. Memory: 1859584K Free: 493549K (27%)
####### 23 Sat Jul 20 01:05:51 UTC 2019 $PTII/bin/ptinvoke ptolemy.vergil.basic.export.ExportModel -force htm -run -openComposites -timeOut 30000 -whiteBackground ptolemy/actor/lib/jjs/modules/userInterface/demo/UserInterface/UserInterfaceBrowser.xml $PTII/ptolemy/actor/lib/jjs/modules/userInterface/demo/UserInterface/UserInterfaceBrowser
----------------- Sat Jul 20 01:05:51 UTC 2019 About to sleep for 5.0 seconds before running or rerunning.  Test is: /home/travis/build/icyphy/ptII/ptolemy/actor/lib/jjs/modules/userInterface/demo/UserInterface/UserInterfaceBrowser.xml
Done sleeping
Opened file:/home/travis/build/icyphy/ptII/ptolemy/actor/lib/jjs/modules/userInterface/demo/UserInterface/UserInterfaceBrowser.xml in 12367 ms.
Size Statistics for .UserInterfaceBrowser
AtomicEntities: 4
CompositeEntities: 0
OpaqueCompositeEntities: 0
Relations: 3
Attributes: 48
Atomic Actor Names and Counts:
org.terraswarm.accessor.JSAccessor 3
ptolemy.actor.lib.jjs.JavaScript 1

Composite Entity Depths and Counts:

Running .UserInterfaceBrowser
Manager.initialize() finished: 15707 ms. Memory: 1859584K Free: 1169408K (63%)
BrowserLauncher: UnsupportedOperation: http://localhost:8090: java.lang.UnsupportedOperationException: The BROWSE action is not supported on the current platform!
ExportHTMLTimer went off after 30000 ms., calling getDirector().finish and getDirector().stopFire()
UserInterface: Connection closed because model is no longer running. (Thread[AWT-EventQueue-0,6,main])
30071 ms. Memory: 1859584K Free: 1099776K (59%)
Exported /home/travis/build/icyphy/ptII/ptolemy/actor/lib/jjs/modules/userInterface/demo/UserInterface/UserInterfaceBrowser/index.html
46643 ms. Memory: 1859584K Free: 1067507K (57%)
####### 24 Sat Jul 20 01:06:43 UTC 2019 $PTII/bin/ptinvoke ptolemy.vergil.basic.export.ExportModel -force htm -run -openComposites -timeOut 30000 -whiteBackground ptolemy/actor/lib/jjs/modules/userInterface/demo/UserInterface/UserInterfaceFixedPage.xml $PTII/ptolemy/actor/lib/jjs/modules/userInterface/demo/UserInterface/UserInterfaceFixedPage
----------------- Sat Jul 20 01:06:43 UTC 2019 About to sleep for 5.0 seconds before running or rerunning.  Test is: /home/travis/build/icyphy/ptII/ptolemy/actor/lib/jjs/modules/userInterface/demo/UserInterface/UserInterfaceFixedPage.xml
Done sleeping
Running .UserInterfaceFixedPage
9097 ms. Memory: 1859584K Free: 953647K (51%)
Exported /home/travis/build/icyphy/ptII/ptolemy/actor/lib/jjs/modules/userInterface/demo/UserInterface/UserInterfaceFixedPage/index.html
15481 ms. Memory: 1859584K Free: 920338K (49%)
####### 25 Sat Jul 20 01:07:03 UTC 2019 $PTII/bin/ptinvoke ptolemy.vergil.basic.export.ExportModel -force htm -run -openComposites -timeOut 30000 -whiteBackground ptolemy/actor/lib/jjs/modules/userInterface/demo/UserInterface/UserInterfaceInteractive.xml $PTII/ptolemy/actor/lib/jjs/modules/userInterface/demo/UserInterface/UserInterfaceInteractive
----------------- Sat Jul 20 01:07:03 UTC 2019 About to sleep for 5.0 seconds before running or rerunning.  Test is: /home/travis/build/icyphy/ptII/ptolemy/actor/lib/jjs/modules/userInterface/demo/UserInterface/UserInterfaceInteractive.xml
Done sleeping
Running .UserInterfaceInteractive
ExportHTMLTimer went off after 30000 ms., calling getDirector().finish and getDirector().stopFire()
30028 ms. Memory: 1859584K Free: 642046K (35%)
Exported /home/travis/build/icyphy/ptII/ptolemy/actor/lib/jjs/modules/userInterface/demo/UserInterface/UserInterfaceInteractive/index.html
38329 ms. Memory: 1859584K Free: 612339K (33%)
####### 26 Sat Jul 20 01:07:47 UTC 2019 $PTII/bin/ptinvoke ptolemy.vergil.basic.export.ExportModel -force htm -run -openComposites -timeOut 30000 -whiteBackground ptolemy/actor/lib/jjs/modules/userInterface/demo/UserInterface/UserInterfaceRamp.xml $PTII/ptolemy/actor/lib/jjs/modules/userInterface/demo/UserInterface/UserInterfaceRamp
----------------- Sat Jul 20 01:07:47 UTC 2019 About to sleep for 5.0 seconds before running or rerunning.  Test is: /home/travis/build/icyphy/ptII/ptolemy/actor/lib/jjs/modules/userInterface/demo/UserInterface/UserInterfaceRamp.xml
Done sleeping
Running .UserInterfaceRamp
Manager.initialize() finished: 11801 ms. Memory: 1859584K Free: 961022K (52%)
BrowserLauncher: UnsupportedOperation: http://localhost:8089: java.lang.UnsupportedOperationException: The BROWSE action is not supported on the current platform!
UserInterface: Connection closed because model is no longer running. (Thread[AWT-EventQueue-0,6,main])
22351 ms. Memory: 1859584K Free: 979966K (53%)
Exported /home/travis/build/icyphy/ptII/ptolemy/actor/lib/jjs/modules/userInterface/demo/UserInterface/UserInterfaceRamp/index.html
33127 ms. Memory: 1859584K Free: 950774K (51%)
####### 27 Sat Jul 20 01:08:25 UTC 2019 $PTII/bin/ptinvoke ptolemy.vergil.basic.export.ExportModel -force htm -run -openComposites -timeOut 30000 -whiteBackground ptolemy/actor/lib/jjs/modules/userInterface/demo/UserInterface/UserInterfaceUpdate.xml $PTII/ptolemy/actor/lib/jjs/modules/userInterface/demo/UserInterface/UserInterfaceUpdate
----------------- Sat Jul 20 01:08:25 UTC 2019 About to sleep for 5.0 seconds before running or rerunning.  Test is: /home/travis/build/icyphy/ptII/ptolemy/actor/lib/jjs/modules/userInterface/demo/UserInterface/UserInterfaceUpdate.xml
Done sleeping
Running .UserInterfaceUpdate
Manager.initialize() finished: 15266 ms. Memory: 1859584K Free: 761856K (41%)
BrowserLauncher: UnsupportedOperation: http://localhost:8090: java.lang.UnsupportedOperationException: The BROWSE action is not supported on the current platform!
UserInterface: Connection closed because model is no longer running. (Thread[AWT-EventQueue-0,6,main])
25344 ms. Memory: 1859584K Free: 696830K (37%)
Exported /home/travis/build/icyphy/ptII/ptolemy/actor/lib/jjs/modules/userInterface/demo/UserInterface/UserInterfaceUpdate/index.html
37714 ms. Memory: 1859584K Free: 1101551K (59%)
####### 28 Sat Jul 20 01:09:07 UTC 2019 $PTII/bin/ptinvoke ptolemy.vergil.basic.export.ExportModel -force htm -run -openComposites -timeOut 30000 -whiteBackground ptolemy/actor/lib/jjs/modules/userInterface/demo/UserInterface/UserInterfaceVideo.xml $PTII/ptolemy/actor/lib/jjs/modules/userInterface/demo/UserInterface/UserInterfaceVideo
----------------- Sat Jul 20 01:09:07 UTC 2019 About to sleep for 5.0 seconds before running or rerunning.  Test is: /home/travis/build/icyphy/ptII/ptolemy/actor/lib/jjs/modules/userInterface/demo/UserInterface/UserInterfaceVideo.xml
Done sleeping
Running .UserInterfaceVideo
Manager.initialize() finished: 11887 ms. Memory: 1859584K Free: 739838K (40%)
ExportHTMLTimer went off after 30000 ms., calling getDirector().finish and getDirector().stopFire()
30088 ms. Memory: 1869824K Free: 1085950K (58%)
Exported /home/travis/build/icyphy/ptII/ptolemy/actor/lib/jjs/modules/userInterface/demo/UserInterface/UserInterfaceVideo/index.html
40481 ms. Memory: 1869824K Free: 1056755K (57%)
####### 29 Sat Jul 20 01:09:53 UTC 2019 $PTII/bin/ptinvoke ptolemy.vergil.basic.export.ExportModel -force htm -run -openComposites -timeOut 30000 -whiteBackground ptolemy/actor/lib/jjs/modules/webSocket/demo/SpeakingServerListeningClient/SpeakingServerListeningClient.xml $PTII/ptolemy/actor/lib/jjs/modules/webSocket/demo/SpeakingServerListeningClient/SpeakingServerListeningClient
----------------- Sat Jul 20 01:09:53 UTC 2019 About to sleep for 5.0 seconds before running or rerunning.  Test is: /home/travis/build/icyphy/ptII/ptolemy/actor/lib/jjs/modules/webSocket/demo/SpeakingServerListeningClient/SpeakingServerListeningClient.xml
Done sleeping
Running .SpeakingServerListeningClient
WSServer: *** server is listenting. (Thread[vert.x-eventloop-thread-3,6,main])
WSServer: *** server initialized. (Thread[AWT-EventQueue-0,6,main])
WSClient1: --- client 1 initialized. (Thread[AWT-EventQueue-0,6,main])
WSServer: *** server received connection 0 (Thread[vert.x-eventloop-thread-3,6,main])
WSClient1: --- client 1 connection open. Sending message to server. (Thread[vert.x-eventloop-thread-1,6,main])
WSServer: *** server received connection 1 (Thread[vert.x-eventloop-thread-3,6,main])
WSClient2: +++ client 2 initialized. (Thread[AWT-EventQueue-0,6,main])
Manager.initialize() finished: 10164 ms. Memory: 1869824K Free: 1008999K (54%)
WSClient2: +++ connection established. Sending message to server. (Thread[vert.x-eventloop-thread-3,6,main])
WSServer: *** server received message: Hello from the client (Thread[AWT-EventQueue-0,6,main])
WSClient1: --- client 1 received message: Hello to client number 1 (Thread[AWT-EventQueue-0,6,main])
WSClient2: +++ client 2 received message: Hello to client number 2 (Thread[AWT-EventQueue-0,6,main])
WSServer: *** server received message: Hello from the client (Thread[AWT-EventQueue-0,6,main])
WSServer: *** server wrapping up. (Thread[AWT-EventQueue-0,6,main])
WSClient1: --- client 1 wrapping up. (Thread[AWT-EventQueue-0,6,main])
WSClient1: Connection closed because model is no longer running. (Thread[AWT-EventQueue-0,6,main])
WSClient2: +++ client 2 wrapping up. (Thread[AWT-EventQueue-0,6,main])
WSClient2: Connection closed because model is no longer running. (Thread[AWT-EventQueue-0,6,main])
13210 ms. Memory: 1869824K Free: 972223K (52%)
Exported /home/travis/build/icyphy/ptII/ptolemy/actor/lib/jjs/modules/webSocket/demo/SpeakingServerListeningClient/SpeakingServerListeningClient/index.html
23515 ms. Memory: 1869824K Free: 942486K (50%)
####### 30 Sat Jul 20 01:10:21 UTC 2019 $PTII/bin/ptinvoke ptolemy.vergil.basic.export.ExportModel -force htm -run -openComposites -timeOut 30000 -whiteBackground ptolemy/actor/lib/jjs/modules/webSocket/demo/TwoWebSockets/TwoWebSockets.xml $PTII/ptolemy/actor/lib/jjs/modules/webSocket/demo/TwoWebSockets/TwoWebSockets
----------------- Sat Jul 20 01:10:21 UTC 2019 About to sleep for 5.0 seconds before running or rerunning.  Test is: /home/travis/build/icyphy/ptII/ptolemy/actor/lib/jjs/modules/webSocket/demo/TwoWebSockets/TwoWebSockets.xml
Done sleeping
Running .TwoWebSockets
JavaScript: Connection failed. Will try again: Connection refused: localhost/127.0.0.1:8080
Connection refused (Thread[vert.x-eventloop-thread-0,6,main])
JavaScript: Connection failed. Will try again: Connection refused: localhost/127.0.0.1:1984
Connection refused (Thread[vert.x-eventloop-thread-0,6,main])
JavaScript: Connection failed. Will try again: Connection refused: localhost/127.0.0.1:8080
Connection refused (Thread[vert.x-eventloop-thread-0,6,main])
JavaScript: Connection failed. Will try again: Connection refused: localhost/127.0.0.1:1984
Connection refused (Thread[vert.x-eventloop-thread-0,6,main])
JavaScript: Connection failed. Will try again: Connection refused: localhost/127.0.0.1:8080
Connection refused (Thread[vert.x-eventloop-thread-0,6,main])
JavaScript: Connection failed. Will try again: Connection refused: localhost/127.0.0.1:1984
Connection refused (Thread[vert.x-eventloop-thread-0,6,main])
JavaScript: Connection failed. Will try again: Connection refused: localhost/127.0.0.1:8080
Connection refused (Thread[vert.x-eventloop-thread-0,6,main])
JavaScript: Connection failed. Will try again: Connection refused: localhost/127.0.0.1:1984
Connection refused (Thread[vert.x-eventloop-thread-0,6,main])
JavaScript: Connection failed. Will try again: Connection refused: localhost/127.0.0.1:8080
Connection refused (Thread[vert.x-eventloop-thread-0,6,main])
JavaScript: Connection failed. Will try again: Connection refused: localhost/127.0.0.1:1984
Connection refused (Thread[vert.x-eventloop-thread-0,6,main])
JavaScript: Connection failed. Will try again: Connection refused: localhost/127.0.0.1:8080
Connection refused (Thread[vert.x-eventloop-thread-0,6,main])
JavaScript: Connection failed. Will try again: Connection refused: localhost/127.0.0.1:1984
Connection refused (Thread[vert.x-eventloop-thread-0,6,main])
JavaScript: Connection failed. Will try again: Connection refused: localhost/127.0.0.1:8080
Connection refused (Thread[vert.x-eventloop-thread-0,6,main])
JavaScript: Connection failed. Will try again: Connection refused: localhost/127.0.0.1:1984
Connection refused (Thread[vert.x-eventloop-thread-0,6,main])
JavaScript: Connection failed. Will try again: Connection refused: localhost/127.0.0.1:8080
Connection refused (Thread[vert.x-eventloop-thread-0,6,main])
JavaScript: Connection failed. Will try again: Connection refused: localhost/127.0.0.1:1984
Connection refused (Thread[vert.x-eventloop-thread-0,6,main])
JavaScript: Connection failed. Will try again: Connection refused: localhost/127.0.0.1:8080
Connection refused (Thread[vert.x-eventloop-thread-0,6,main])
JavaScript: Connection failed. Will try again: Connection refused: localhost/127.0.0.1:1984
Connection refused (Thread[vert.x-eventloop-thread-0,6,main])
JavaScript: Connection failed. Will try again: Connection refused: localhost/127.0.0.1:8080
Connection refused (Thread[vert.x-eventloop-thread-0,6,main])
JavaScript: Connection failed. Will try again: Connection refused: localhost/127.0.0.1:1984
Connection refused (Thread[vert.x-eventloop-thread-0,6,main])
8418 ms. Memory: 1869824K Free: 561597K (30%)
Exported /home/travis/build/icyphy/ptII/ptolemy/actor/lib/jjs/modules/webSocket/demo/TwoWebSockets/TwoWebSockets/index.html
14595 ms. Memory: 1869824K Free: 532406K (28%)
####### 31 Sat Jul 20 01:10:41 UTC 2019 $PTII/bin/ptinvoke ptolemy.vergil.basic.export.ExportModel -force htm -run -openComposites -timeOut 30000 -whiteBackground ptolemy/actor/lib/jjs/modules/webSocket/demo/WebSocketChat/Client.xml $PTII/ptolemy/actor/lib/jjs/modules/webSocket/demo/WebSocketChat/Client
----------------- Sat Jul 20 01:10:41 UTC 2019 About to sleep for 5.0 seconds before running or rerunning.  Test is: /home/travis/build/icyphy/ptII/ptolemy/actor/lib/jjs/modules/webSocket/demo/WebSocketChat/Client.xml
Done sleeping
.Client.InteractiveDialog invoked SwingUtilities.invokeAndWait()
Model ".Client" contains actors such cannot be run  as part of the export process from ExportModel or it has a WebExportParameters value that runBeforeExport set to false. To export run this model and export it, use vergil.
Exported /home/travis/build/icyphy/ptII/ptolemy/actor/lib/jjs/modules/webSocket/demo/WebSocketChat/Client/index.html
6640 ms. Memory: 1869824K Free: 864211K (46%)
####### 32 Sat Jul 20 01:10:53 UTC 2019 $PTII/bin/ptinvoke ptolemy.vergil.basic.export.ExportModel -force htm -run -openComposites -timeOut 30000 -whiteBackground ptolemy/actor/lib/jjs/modules/webSocket/demo/WebSocketChat/SecureClient.xml $PTII/ptolemy/actor/lib/jjs/modules/webSocket/demo/WebSocketChat/SecureClient
----------------- Sat Jul 20 01:10:53 UTC 2019 About to sleep for 5.0 seconds before running or rerunning.  Test is: /home/travis/build/icyphy/ptII/ptolemy/actor/lib/jjs/modules/webSocket/demo/WebSocketChat/SecureClient.xml
Done sleeping
.SecureClient.InteractiveDialog invoked SwingUtilities.invokeAndWait()
Model ".SecureClient" contains actors such cannot be run  as part of the export process from ExportModel or it has a WebExportParameters value that runBeforeExport set to false. To export run this model and export it, use vergil.
Exported /home/travis/build/icyphy/ptII/ptolemy/actor/lib/jjs/modules/webSocket/demo/WebSocketChat/SecureClient/index.html
5192 ms. Memory: 1869824K Free: 330739K (18%)
####### 33 Sat Jul 20 01:11:03 UTC 2019 $PTII/bin/ptinvoke ptolemy.vergil.basic.export.ExportModel -force htm -run -openComposites -timeOut 30000 -whiteBackground ptolemy/actor/lib/jjs/modules/webSocket/demo/WebSocketChat/SecureServer.xml $PTII/ptolemy/actor/lib/jjs/modules/webSocket/demo/WebSocketChat/SecureServer
----------------- Sat Jul 20 01:11:03 UTC 2019 About to sleep for 5.0 seconds before running or rerunning.  Test is: /home/travis/build/icyphy/ptII/ptolemy/actor/lib/jjs/modules/webSocket/demo/WebSocketChat/SecureServer.xml
Done sleeping
Running .SecureServer
ExportHTMLTimer went off after 30000 ms., calling getDirector().finish and getDirector().stopFire()
30019 ms. Memory: 1869824K Free: 914942K (49%)
Exported /home/travis/build/icyphy/ptII/ptolemy/actor/lib/jjs/modules/webSocket/demo/WebSocketChat/SecureServer/index.html
36270 ms. Memory: 1869824K Free: 1141170K (61%)
####### 34 Sat Jul 20 01:11:44 UTC 2019 $PTII/bin/ptinvoke ptolemy.vergil.basic.export.ExportModel -force htm -run -openComposites -timeOut 30000 -whiteBackground ptolemy/actor/lib/jjs/modules/webSocket/demo/WebSocketChat/Server.xml $PTII/ptolemy/actor/lib/jjs/modules/webSocket/demo/WebSocketChat/Server
----------------- Sat Jul 20 01:11:44 UTC 2019 About to sleep for 5.0 seconds before running or rerunning.  Test is: /home/travis/build/icyphy/ptII/ptolemy/actor/lib/jjs/modules/webSocket/demo/WebSocketChat/Server.xml
Done sleeping
Running .Server
ExportHTMLTimer went off after 30000 ms., calling getDirector().finish and getDirector().stopFire()
30018 ms. Memory: 1869824K Free: 644606K (34%)
Exported /home/travis/build/icyphy/ptII/ptolemy/actor/lib/jjs/modules/webSocket/demo/WebSocketChat/Server/index.html
36176 ms. Memory: 1869824K Free: 622053K (33%)
####### 35 Sat Jul 20 01:12:25 UTC 2019 $PTII/bin/ptinvoke ptolemy.vergil.basic.export.ExportModel -force htm  -openComposites -timeOut 30000 -whiteBackground ptolemy/actor/lib/jjs/modules/webSocket/demo/WebSocketChat/WebSocketChat.xml $PTII/ptolemy/actor/lib/jjs/modules/webSocket/demo/WebSocketChat/WebSocketChat
Warning: not running ptolemy/actor/lib/jjs/modules/webSocket/demo/WebSocketChat/WebSocketChat.xml. See ptolemy/vergil/basic/export/test/junit/ExportModelJUnitTest.java
----------------- Sat Jul 20 01:12:25 UTC 2019 About to sleep for 5.0 seconds before running or rerunning.  Test is: /home/travis/build/icyphy/ptII/ptolemy/actor/lib/jjs/modules/webSocket/demo/WebSocketChat/WebSocketChat.xml
Done sleeping
Exported /home/travis/build/icyphy/ptII/ptolemy/actor/lib/jjs/modules/webSocket/demo/WebSocketChat/WebSocketChat/index.html
3176 ms. Memory: 1869824K Free: 510976K (27%)
####### 36 Sat Jul 20 01:12:33 UTC 2019 $PTII/bin/ptinvoke ptolemy.vergil.basic.export.ExportModel -force htm  -openComposites -timeOut 30000 -whiteBackground ptolemy/actor/lib/jjs/modules/webSocket/demo/WebSocketClient/WebSocketClient.xml $PTII/ptolemy/actor/lib/jjs/modules/webSocket/demo/WebSocketClient/WebSocketClient
Warning: not running ptolemy/actor/lib/jjs/modules/webSocket/demo/WebSocketClient/WebSocketClient.xml. See ptolemy/vergil/basic/export/test/junit/ExportModelJUnitTest.java
----------------- Sat Jul 20 01:12:33 UTC 2019 About to sleep for 5.0 seconds before running or rerunning.  Test is: /home/travis/build/icyphy/ptII/ptolemy/actor/lib/jjs/modules/webSocket/demo/WebSocketClient/WebSocketClient.xml
Done sleeping
Exported /home/travis/build/icyphy/ptII/ptolemy/actor/lib/jjs/modules/webSocket/demo/WebSocketClient/WebSocketClient/index.html
5115 ms. Memory: 1869824K Free: 1164660K (62%)
####### 37 Sat Jul 20 01:12:44 UTC 2019 $PTII/bin/ptinvoke ptolemy.vergil.basic.export.ExportModel -force htm -run -openComposites -timeOut 30000 -whiteBackground ptolemy/actor/lib/jjs/modules/webSocket/demo/WebSocketClient/WebSocketServer.xml $PTII/ptolemy/actor/lib/jjs/modules/webSocket/demo/WebSocketClient/WebSocketServer
----------------- Sat Jul 20 01:12:44 UTC 2019 About to sleep for 5.0 seconds before running or rerunning.  Test is: /home/travis/build/icyphy/ptII/ptolemy/actor/lib/jjs/modules/webSocket/demo/WebSocketClient/WebSocketServer.xml
Done sleeping
Running .WebSocketServer
ExportHTMLTimer went off after 30000 ms., calling getDirector().finish and getDirector().stopFire()
30041 ms. Memory: 1869824K Free: 1023488K (55%)
Exported /home/travis/build/icyphy/ptII/ptolemy/actor/lib/jjs/modules/webSocket/demo/WebSocketClient/WebSocketServer/index.html
38125 ms. Memory: 1869824K Free: 996836K (53%)
####### 38 Sat Jul 20 01:13:27 UTC 2019 $PTII/bin/ptinvoke ptolemy.vergil.basic.export.ExportModel -force htm -run -openComposites -timeOut 30000 -whiteBackground ptolemy/actor/lib/jjs/modules/webSocket/demo/WebSocketFullDuplex/WebSocketFullDuplex.xml $PTII/ptolemy/actor/lib/jjs/modules/webSocket/demo/WebSocketFullDuplex/WebSocketFullDuplex
----------------- Sat Jul 20 01:13:27 UTC 2019 About to sleep for 5.0 seconds before running or rerunning.  Test is: /home/travis/build/icyphy/ptII/ptolemy/actor/lib/jjs/modules/webSocket/demo/WebSocketFullDuplex/WebSocketFullDuplex.xml
Done sleeping
Running .WebSocketFullDuplex
WebSocketServer: WebSocketServer message(): 0, typeof message: number (Thread[AWT-EventQueue-0,6,main])
WebSocketServer: WebSocketServer message(): -1, typeof message: number (Thread[AWT-EventQueue-0,6,main])
WebSocketServer: WebSocketServer message(): -2, typeof message: number (Thread[AWT-EventQueue-0,6,main])
WebSocketServer: WebSocketServer message(): -3, typeof message: number (Thread[AWT-EventQueue-0,6,main])
WebSocketServer: WebSocketServer message(): -4, typeof message: number (Thread[AWT-EventQueue-0,6,main])
WebSocketServer: WebSocketServer message(): -5, typeof message: number (Thread[AWT-EventQueue-0,6,main])
WebSocketServer: WebSocketServer message(): -6, typeof message: number (Thread[AWT-EventQueue-0,6,main])
WebSocketServer: WebSocketServer message(): -7, typeof message: number (Thread[AWT-EventQueue-0,6,main])
WebSocketServer: WebSocketServer message(): -8, typeof message: number (Thread[AWT-EventQueue-0,6,main])
WebSocketServer: WebSocketServer message(): -9, typeof message: number (Thread[AWT-EventQueue-0,6,main])
WebSocketServer: WebSocketServer message(): -10, typeof message: number (Thread[AWT-EventQueue-0,6,main])
WebSocketServer: WebSocketServer message(): -11, typeof message: number (Thread[AWT-EventQueue-0,6,main])
WebSocketServer: WebSocketServer message(): -12, typeof message: number (Thread[AWT-EventQueue-0,6,main])
WebSocketServer: WebSocketServer message(): -13, typeof message: number (Thread[AWT-EventQueue-0,6,main])
WebSocketServer: WebSocketServer message(): -14, typeof message: number (Thread[AWT-EventQueue-0,6,main])
WebSocketServer: WebSocketServer message(): -15, typeof message: number (Thread[AWT-EventQueue-0,6,main])
WebSocketServer: WebSocketServer message(): -16, typeof message: number (Thread[AWT-EventQueue-0,6,main])
WebSocketServer: WebSocketServer message(): -17, typeof message: number (Thread[AWT-EventQueue-0,6,main])
WebSocketServer: WebSocketServer message(): -18, typeof message: number (Thread[AWT-EventQueue-0,6,main])
WebSocketServer: WebSocketServer message(): -19, typeof message: number (Thread[AWT-EventQueue-0,6,main])
WebSocketServer: WebSocketServer message(): -20, typeof message: number (Thread[AWT-EventQueue-0,6,main])
WebSocketServer: WebSocketServer message(): -21, typeof message: number (Thread[AWT-EventQueue-0,6,main])
WebSocketServer: WebSocketServer message(): -22, typeof message: number (Thread[AWT-EventQueue-0,6,main])
WebSocketServer: WebSocketServer message(): -23, typeof message: number (Thread[AWT-EventQueue-0,6,main])
WebSocketServer: WebSocketServer message(): -24, typeof message: number (Thread[AWT-EventQueue-0,6,main])
WebSocketServer: WebSocketServer message(): -25, typeof message: number (Thread[AWT-EventQueue-0,6,main])
WebSocketServer: WebSocketServer message(): -26, typeof message: number (Thread[AWT-EventQueue-0,6,main])
WebSocketServer: WebSocketServer message(): -27, typeof message: number (Thread[AWT-EventQueue-0,6,main])
WebSocketServer: WebSocketServer message(): -28, typeof message: number (Thread[AWT-EventQueue-0,6,main])
WebSocketServer: WebSocketServer message(): -29, typeof message: number (Thread[AWT-EventQueue-0,6,main])
WebSocketServer: WebSocketServer message(): -30, typeof message: number (Thread[AWT-EventQueue-0,6,main])
WebSocketServer: WebSocketServer message(): -31, typeof message: number (Thread[AWT-EventQueue-0,6,main])
WebSocketServer: WebSocketServer message(): -32, typeof message: number (Thread[AWT-EventQueue-0,6,main])
WebSocketServer: WebSocketServer message(): -33, typeof message: number (Thread[AWT-EventQueue-0,6,main])
WebSocketServer: WebSocketServer message(): -34, typeof message: number (Thread[AWT-EventQueue-0,6,main])
WebSocketServer: WebSocketServer message(): -35, typeof message: number (Thread[AWT-EventQueue-0,6,main])
WebSocketServer: WebSocketServer message(): -36, typeof message: number (Thread[AWT-EventQueue-0,6,main])
WebSocketServer: WebSocketServer message(): -37, typeof message: number (Thread[AWT-EventQueue-0,6,main])
WebSocketServer: WebSocketServer message(): -38, typeof message: number (Thread[AWT-EventQueue-0,6,main])
WebSocketServer: WebSocketServer message(): -39, typeof message: number (Thread[AWT-EventQueue-0,6,main])
WebSocketServer: WebSocketServer message(): -40, typeof message: number (Thread[AWT-EventQueue-0,6,main])
WebSocketServer: WebSocketServer message(): -41, typeof message: number (Thread[AWT-EventQueue-0,6,main])
WebSocketServer: WebSocketServer message(): -42, typeof message: number (Thread[AWT-EventQueue-0,6,main])
WebSocketServer: WebSocketServer message(): -43, typeof message: number (Thread[AWT-EventQueue-0,6,main])
WebSocketServer: WebSocketServer message(): -44, typeof message: number (Thread[AWT-EventQueue-0,6,main])
WebSocketServer: WebSocketServer message(): -45, typeof message: number (Thread[AWT-EventQueue-0,6,main])
WebSocketServer: WebSocketServer message(): -46, typeof message: number (Thread[AWT-EventQueue-0,6,main])
WebSocketServer: WebSocketServer message(): -47, typeof message: number (Thread[AWT-EventQueue-0,6,main])
WebSocketServer: WebSocketServer message(): -48, typeof message: number (Thread[AWT-EventQueue-0,6,main])
WebSocketServer: WebSocketServer message(): -49, typeof message: number (Thread[AWT-EventQueue-0,6,main])
WebSocketServer: WebSocketServer message(): -50, typeof message: number (Thread[AWT-EventQueue-0,6,main])
WebSocketServer: WebSocketServer message(): -51, typeof message: number (Thread[AWT-EventQueue-0,6,main])
WebSocketServer: WebSocketServer message(): -52, typeof message: number (Thread[AWT-EventQueue-0,6,main])
WebSocketServer: WebSocketServer message(): -53, typeof message: number (Thread[AWT-EventQueue-0,6,main])
WebSocketServer: WebSocketServer message(): -54, typeof message: number (Thread[AWT-EventQueue-0,6,main])
WebSocketServer: WebSocketServer message(): -55, typeof message: number (Thread[AWT-EventQueue-0,6,main])
WebSocketServer: WebSocketServer message(): -56, typeof message: number (Thread[AWT-EventQueue-0,6,main])
WebSocketServer: WebSocketServer message(): -57, typeof message: number (Thread[AWT-EventQueue-0,6,main])
WebSocketServer: WebSocketServer message(): -58, typeof message: number (Thread[AWT-EventQueue-0,6,main])
WebSocketServer: WebSocketServer message(): -59, typeof message: number (Thread[AWT-EventQueue-0,6,main])
WebSocketServer: WebSocketServer message(): -60, typeof message: number (Thread[AWT-EventQueue-0,6,main])
WebSocketServer: WebSocketServer message(): -61, typeof message: number (Thread[AWT-EventQueue-0,6,main])
WebSocketServer: WebSocketServer message(): -62, typeof message: number (Thread[AWT-EventQueue-0,6,main])
WebSocketServer: WebSocketServer message(): -63, typeof message: number (Thread[AWT-EventQueue-0,6,main])
WebSocketServer: WebSocketServer message(): -64, typeof message: number (Thread[AWT-EventQueue-0,6,main])
WebSocketServer: WebSocketServer message(): -65, typeof message: number (Thread[AWT-EventQueue-0,6,main])
WebSocketServer: WebSocketServer message(): -66, typeof message: number (Thread[AWT-EventQueue-0,6,main])
WebSocketServer: WebSocketServer message(): -67, typeof message: number (Thread[AWT-EventQueue-0,6,main])
WebSocketServer: WebSocketServer message(): -68, typeof message: number (Thread[AWT-EventQueue-0,6,main])
WebSocketServer: WebSocketServer message(): -69, typeof message: number (Thread[AWT-EventQueue-0,6,main])
WebSocketServer: WebSocketServer message(): -70, typeof message: number (Thread[AWT-EventQueue-0,6,main])
WebSocketServer: WebSocketServer message(): -71, typeof message: number (Thread[AWT-EventQueue-0,6,main])
WebSocketServer: WebSocketServer message(): -72, typeof message: number (Thread[AWT-EventQueue-0,6,main])
WebSocketServer: WebSocketServer message(): -73, typeof message: number (Thread[AWT-EventQueue-0,6,main])
WebSocketServer: WebSocketServer message(): -74, typeof message: number (Thread[AWT-EventQueue-0,6,main])
WebSocketServer: WebSocketServer message(): -75, typeof message: number (Thread[AWT-EventQueue-0,6,main])
WebSocketServer: WebSocketServer message(): -76, typeof message: number (Thread[AWT-EventQueue-0,6,main])
WebSocketServer: WebSocketServer message(): -77, typeof message: number (Thread[AWT-EventQueue-0,6,main])
WebSocketServer: WebSocketServer message(): -78, typeof message: number (Thread[AWT-EventQueue-0,6,main])
WebSocketServer: WebSocketServer message(): -79, typeof message: number (Thread[AWT-EventQueue-0,6,main])
WebSocketServer: WebSocketServer message(): -80, typeof message: number (Thread[AWT-EventQueue-0,6,main])
WebSocketServer: WebSocketServer message(): -81, typeof message: number (Thread[AWT-EventQueue-0,6,main])
WebSocketServer: WebSocketServer message(): -82, typeof message: number (Thread[AWT-EventQueue-0,6,main])
WebSocketServer: WebSocketServer message(): -83, typeof message: number (Thread[AWT-EventQueue-0,6,main])
WebSocketServer: WebSocketServer message(): -84, typeof message: number (Thread[AWT-EventQueue-0,6,main])
WebSocketServer: WebSocketServer message(): -85, typeof message: number (Thread[AWT-EventQueue-0,6,main])
WebSocketServer: WebSocketServer message(): -86, typeof message: number (Thread[AWT-EventQueue-0,6,main])
WebSocketServer: WebSocketServer message(): -87, typeof message: number (Thread[AWT-EventQueue-0,6,main])
WebSocketServer: WebSocketServer message(): -88, typeof message: number (Thread[AWT-EventQueue-0,6,main])
WebSocketServer: WebSocketServer message(): -89, typeof message: number (Thread[AWT-EventQueue-0,6,main])
WebSocketServer: WebSocketServer message(): -90, typeof message: number (Thread[AWT-EventQueue-0,6,main])
WebSocketServer: WebSocketServer message(): -91, typeof message: number (Thread[AWT-EventQueue-0,6,main])
WebSocketServer: WebSocketServer message(): -92, typeof message: number (Thread[AWT-EventQueue-0,6,main])
WebSocketServer: WebSocketServer message(): -93, typeof message: number (Thread[AWT-EventQueue-0,6,main])
WebSocketServer: WebSocketServer message(): -94, typeof message: number (Thread[AWT-EventQueue-0,6,main])
WebSocketServer: WebSocketServer message(): -95, typeof message: number (Thread[AWT-EventQueue-0,6,main])
WebSocketServer: WebSocketServer message(): -96, typeof message: number (Thread[AWT-EventQueue-0,6,main])
WebSocketServer: WebSocketServer message(): -97, typeof message: number (Thread[AWT-EventQueue-0,6,main])
WebSocketServer: WebSocketServer message(): -98, typeof message: number (Thread[AWT-EventQueue-0,6,main])
WebSocketServer: WebSocketServer message(): -99, typeof message: number (Thread[AWT-EventQueue-0,6,main])
WebSocketServer: WebSocketServer message(): -100, typeof message: number (Thread[AWT-EventQueue-0,6,main])
WebSocketClient: Connection closed because model is no longer running. (Thread[AWT-EventQueue-0,6,main])
8744 ms. Memory: 1869824K Free: 701950K (38%)
Exported /home/travis/build/icyphy/ptII/ptolemy/actor/lib/jjs/modules/webSocket/demo/WebSocketFullDuplex/WebSocketFullDuplex/index.html
17324 ms. Memory: 1869824K Free: 671684K (36%)
####### 39 Sat Jul 20 01:13:49 UTC 2019 $PTII/bin/ptinvoke ptolemy.vergil.basic.export.ExportModel -force htm -run -openComposites -timeOut 30000 -whiteBackground ptolemy/actor/lib/jjs/modules/webSocket/demo/WebSocketGraph/WebSocketGraph.xml $PTII/ptolemy/actor/lib/jjs/modules/webSocket/demo/WebSocketGraph/WebSocketGraph
----------------- Sat Jul 20 01:13:49 UTC 2019 About to sleep for 5.0 seconds before running or rerunning.  Test is: /home/travis/build/icyphy/ptII/ptolemy/actor/lib/jjs/modules/webSocket/demo/WebSocketGraph/WebSocketGraph.xml
Done sleeping
Opened file:/home/travis/build/icyphy/ptII/ptolemy/actor/lib/jjs/modules/webSocket/demo/WebSocketGraph/WebSocketGraph.xml in 14005 ms.
Size Statistics for .WebSocketGraph
AtomicEntities: 6
CompositeEntities: 0
OpaqueCompositeEntities: 0
Relations: 4
Attributes: 71
Atomic Actor Names and Counts:
org.terraswarm.accessor.JSAccessor 5
ptolemy.actor.lib.jjs.JavaScript 1

Composite Entity Depths and Counts:

Running .WebSocketGraph
preinitialize() finished: 13800 ms. Memory: 1869824K Free: 670208K (36%)
Manager.initialize() finished: 22748 ms. Memory: 1869824K Free: 707072K (38%)
BrowserLauncher: UnsupportedOperation: http://localhost:8089: java.lang.UnsupportedOperationException: The BROWSE action is not supported on the current platform!
ExportHTMLTimer went off after 30000 ms., calling getDirector().finish and getDirector().stopFire()
UserInterface: Connection closed because model is no longer running. (Thread[AWT-EventQueue-0,6,main])
30088 ms. Memory: 1869824K Free: 569856K (30%)
Exported /home/travis/build/icyphy/ptII/ptolemy/actor/lib/jjs/modules/webSocket/demo/WebSocketGraph/WebSocketGraph/index.html
48279 ms. Memory: 1869824K Free: 1051549K (56%)
####### 40 Sat Jul 20 01:14:42 UTC 2019 $PTII/bin/ptinvoke ptolemy.vergil.basic.export.ExportModel -force htm -run -openComposites -timeOut 30000 -whiteBackground ptolemy/actor/lib/jjs/modules/webSocket/demo/WebSocketImage/WebSocketImage.xml $PTII/ptolemy/actor/lib/jjs/modules/webSocket/demo/WebSocketImage/WebSocketImage
----------------- Sat Jul 20 01:14:42 UTC 2019 About to sleep for 5.0 seconds before running or rerunning.  Test is: /home/travis/build/icyphy/ptII/ptolemy/actor/lib/jjs/modules/webSocket/demo/WebSocketImage/WebSocketImage.xml
Done sleeping
Running .WebSocketImage
preinitialize() finished: 10128 ms. Memory: 1869824K Free: 862720K (46%)
WebSocketClient: WebSocketClient: WebSocketClient.js: connect(): portValue: -1, which is less than 0. This could be a signal to close a previously open socket.  Returning. (Thread[AWT-EventQueue-0,6,main])
Manager.initialize() finished: 16677 ms. Memory: 1869824K Free: 326647K (17%)
WebSocketServer: WebSocketServer message(): {type="class ptolemy.data.AWTImageToken", width="640", height="480"}, typeof message: object (Thread[AWT-EventQueue-0,6,main])
WebSocketServer: WebSocketServer message(): {type="class ptolemy.data.AWTImageToken", width="640", height="480"}, typeof message: object (Thread[AWT-EventQueue-0,6,main])
WebSocketServer: WebSocketServer message(): {type="class ptolemy.data.AWTImageToken", width="640", height="480"}, typeof message: object (Thread[AWT-EventQueue-0,6,main])
WebSocketServer: WebSocketServer message(): {type="class ptolemy.data.AWTImageToken", width="640", height="480"}, typeof message: object (Thread[AWT-EventQueue-0,6,main])
WebSocketServer: WebSocketServer message(): {type="class ptolemy.data.AWTImageToken", width="640", height="480"}, typeof message: object (Thread[AWT-EventQueue-0,6,main])
WebSocketServer: WebSocketServer message(): {type="class ptolemy.data.AWTImageToken", width="640", height="480"}, typeof message: object (Thread[AWT-EventQueue-0,6,main])
WebSocketServer: WebSocketServer message(): {type="class ptolemy.data.AWTImageToken", width="640", height="480"}, typeof message: object (Thread[AWT-EventQueue-0,6,main])
WebSocketServer: WebSocketServer message(): {type="class ptolemy.data.AWTImageToken", width="640", height="480"}, typeof message: object (Thread[AWT-EventQueue-0,6,main])
WebSocketServer: WebSocketServer message(): {type="class ptolemy.data.AWTImageToken", width="640", height="480"}, typeof message: object (Thread[AWT-EventQueue-0,6,main])
WebSocketServer: WebSocketServer message(): {type="class ptolemy.data.AWTImageToken", width="640", height="480"}, typeof message: object (Thread[AWT-EventQueue-0,6,main])
WebSocketServer: WebSocketServer message(): {type="class ptolemy.data.AWTImageToken", width="640", height="480"}, typeof message: object (Thread[AWT-EventQueue-0,6,main])
WebSocketServer: WebSocketServer message(): {type="class ptolemy.data.AWTImageToken", width="640", height="480"}, typeof message: object (Thread[AWT-EventQueue-0,6,main])
WebSocketServer: WebSocketServer message(): {type="class ptolemy.data.AWTImageToken", width="640", height="480"}, typeof message: object (Thread[AWT-EventQueue-0,6,main])
WebSocketServer: WebSocketServer message(): {type="class ptolemy.data.AWTImageToken", width="640", height="480"}, typeof message: object (Thread[AWT-EventQueue-0,6,main])
WebSocketServer: WebSocketServer message(): {type="class ptolemy.data.AWTImageToken", width="640", height="480"}, typeof message: object (Thread[AWT-EventQueue-0,6,main])
WebSocketServer: WebSocketServer message(): {type="class ptolemy.data.AWTImageToken", width="640", height="480"}, typeof message: object (Thread[AWT-EventQueue-0,6,main])
WebSocketServer: WebSocketServer message(): {type="class ptolemy.data.AWTImageToken", width="640", height="480"}, typeof message: object (Thread[AWT-EventQueue-0,6,main])
WebSocketServer: WebSocketServer message(): {type="class ptolemy.data.AWTImageToken", width="640", height="480"}, typeof message: object (Thread[AWT-EventQueue-0,6,main])
WebSocketServer: WebSocketServer message(): {type="class ptolemy.data.AWTImageToken", width="640", height="480"}, typeof message: object (Thread[AWT-EventQueue-0,6,main])
WebSocketServer: WebSocketServer message(): {type="class ptolemy.data.AWTImageToken", width="640", height="480"}, typeof message: object (Thread[AWT-EventQueue-0,6,main])
WebSocketServer: WebSocketServer message(): {type="class ptolemy.data.AWTImageToken", width="640", height="480"}, typeof message: object (Thread[AWT-EventQueue-0,6,main])
WebSocketServer: WebSocketServer message(): {type="class ptolemy.data.AWTImageToken", width="640", height="480"}, typeof message: object (Thread[AWT-EventQueue-0,6,main])
WebSocketServer: WebSocketServer message(): {type="class ptolemy.data.AWTImageToken", width="640", height="480"}, typeof message: object (Thread[AWT-EventQueue-0,6,main])
WebSocketServer: WebSocketServer message(): {type="class ptolemy.data.AWTImageToken", width="640", height="480"}, typeof message: object (Thread[AWT-EventQueue-0,6,main])
WebSocketServer: WebSocketServer message(): {type="class ptolemy.data.AWTImageToken", width="640", height="480"}, typeof message: object (Thread[AWT-EventQueue-0,6,main])
WebSocketServer: WebSocketServer message(): {type="class ptolemy.data.AWTImageToken", width="640", height="480"}, typeof message: object (Thread[AWT-EventQueue-0,6,main])
WebSocketServer: WebSocketServer message(): {type="class ptolemy.data.AWTImageToken", width="640", height="480"}, typeof message: object (Thread[AWT-EventQueue-0,6,main])
WebSocketServer: WebSocketServer message(): {type="class ptolemy.data.AWTImageToken", width="640", height="480"}, typeof message: object (Thread[AWT-EventQueue-0,6,main])
WebSocketServer: WebSocketServer message(): {type="class ptolemy.data.AWTImageToken", width="640", height="480"}, typeof message: object (Thread[AWT-EventQueue-0,6,main])
WebSocketServer: WebSocketServer message(): {type="class ptolemy.data.AWTImageToken", width="640", height="480"}, typeof message: object (Thread[AWT-EventQueue-0,6,main])
WebSocketServer: WebSocketServer message(): {type="class ptolemy.data.AWTImageToken", width="640", height="480"}, typeof message: object (Thread[AWT-EventQueue-0,6,main])
WebSocketServer: WebSocketServer message(): {type="class ptolemy.data.AWTImageToken", width="640", height="480"}, typeof message: object (Thread[AWT-EventQueue-0,6,main])
WebSocketServer: WebSocketServer message(): {type="class ptolemy.data.AWTImageToken", width="640", height="480"}, typeof message: object (Thread[AWT-EventQueue-0,6,main])
WebSocketServer: WebSocketServer message(): {type="class ptolemy.data.AWTImageToken", width="640", height="480"}, typeof message: object (Thread[AWT-EventQueue-0,6,main])
WebSocketServer: WebSocketServer message(): {type="class ptolemy.data.AWTImageToken", width="640", height="480"}, typeof message: object (Thread[AWT-EventQueue-0,6,main])
WebSocketServer: WebSocketServer message(): {type="class ptolemy.data.AWTImageToken", width="640", height="480"}, typeof message: object (Thread[AWT-EventQueue-0,6,main])
WebSocketServer: WebSocketServer message(): {type="class ptolemy.data.AWTImageToken", width="640", height="480"}, typeof message: object (Thread[AWT-EventQueue-0,6,main])
WebSocketServer: WebSocketServer message(): {type="class ptolemy.data.AWTImageToken", width="640", height="480"}, typeof message: object (Thread[AWT-EventQueue-0,6,main])
WebSocketServer: WebSocketServer message(): {type="class ptolemy.data.AWTImageToken", width="640", height="480"}, typeof message: object (Thread[AWT-EventQueue-0,6,main])
WebSocketServer: WebSocketServer message(): {type="class ptolemy.data.AWTImageToken", width="640", height="480"}, typeof message: object (Thread[AWT-EventQueue-0,6,main])
WebSocketServer: WebSocketServer message(): {type="class ptolemy.data.AWTImageToken", width="640", height="480"}, typeof message: object (Thread[AWT-EventQueue-0,6,main])
WebSocketServer: WebSocketServer message(): {type="class ptolemy.data.AWTImageToken", width="640", height="480"}, typeof message: object (Thread[AWT-EventQueue-0,6,main])
WebSocketServer: WebSocketServer message(): {type="class ptolemy.data.AWTImageToken", width="640", height="480"}, typeof message: object (Thread[AWT-EventQueue-0,6,main])
WebSocketServer: WebSocketServer message(): {type="class ptolemy.data.AWTImageToken", width="640", height="480"}, typeof message: object (Thread[AWT-EventQueue-0,6,main])
WebSocketServer: WebSocketServer message(): {type="class ptolemy.data.AWTImageToken", width="640", height="480"}, typeof message: object (Thread[AWT-EventQueue-0,6,main])
[...]
Warning: Nashorn engine is planned to be removed from a future JDK release
Warning: Nashorn engine is planned to be removed from a future JDK release
Warning: Nashorn engine is planned to be removed from a future JDK release
Warning: Nashorn engine is planned to be removed from a future JDK release
Warning: Nashorn engine is planned to be removed from a future JDK release
Warning: Nashorn engine is planned to be removed from a future JDK release
Warning: Nashorn engine is planned to be removed from a future JDK release
Warning: Nashorn engine is planned to be removed from a future JDK release
Warning: Nashorn engine is planned to be removed from a future JDK release
Warning: Nashorn engine is planned to be removed from a future JDK release
Warning: Nashorn engine is planned to be removed from a future JDK release
Warning: Nashorn engine is planned to be removed from a future JDK release
Warning: Nashorn engine is planned to be removed from a future JDK release
Warning: Nashorn engine is planned to be removed from a future JDK release
Warning: Nashorn engine is planned to be removed from a future JDK release
Warning: Nashorn engine is planned to be removed from a future JDK release
Warning: Nashorn engine is planned to be removed from a future JDK release
Warning: Nashorn engine is planned to be removed from a future JDK release
Warning: Nashorn engine is planned to be removed from a future JDK release
Warning: Nashorn engine is planned to be removed from a future JDK release
Warning: Nashorn engine is planned to be removed from a future JDK release
Warning: Nashorn engine is planned to be removed from a future JDK release
Warning: Nashorn engine is planned to be removed from a future JDK release
Warning: Nashorn engine is planned to be removed from a future JDK release
Warning: Nashorn engine is planned to be removed from a future JDK release
Warning: Nashorn engine is planned to be removed from a future JDK release
Warning: Nashorn engine is planned to be removed from a future JDK release
Warning: Nashorn engine is planned to be removed from a future JDK release
JavaScript: Connection failed after 11 tries: Connection refused: localhost/127.0.0.1:8080
Connection refused
Warning: Nashorn engine is planned to be removed from a future JDK release
Warning: Nashorn engine is planned to be removed from a future JDK release
Warning: Nashorn engine is planned to be removed from a future JDK release
Warning: Nashorn engine is planned to be removed from a future JDK release
Warning: Nashorn engine is planned to be removed from a future JDK release
Warning: Nashorn engine is planned to be removed from a future JDK release
Warning: Nashorn engine is planned to be removed from a future JDK release
Warning: Nashorn engine is planned to be removed from a future JDK release
Warning: Nashorn engine is planned to be removed from a future JDK release
Warning: Nashorn engine is planned to be removed from a future JDK release
Warning: Nashorn engine is planned to be removed from a future JDK release
Warning: Nashorn engine is planned to be removed from a future JDK release
Warning: Nashorn engine is planned to be removed from a future JDK release
Warning: Nashorn engine is planned to be removed from a future JDK release
Warning: Nashorn engine is planned to be removed from a future JDK release
Warning: Nashorn engine is planned to be removed from a future JDK release
Warning: Nashorn engine is planned to be removed from a future JDK release
Warning: Nashorn engine is planned to be removed from a future JDK release
Warning: Nashorn engine is planned to be removed from a future JDK release
Warning: Nashorn engine is planned to be removed from a future JDK release
Warning: Nashorn engine is planned to be removed from a future JDK release
Warning: Nashorn engine is planned to be removed from a future JDK release
Warning: Nashorn engine is planned to be removed from a future JDK release
Warning: Nashorn engine is planned to be removed from a future JDK release
Warning: Nashorn engine is planned to be removed from a future JDK release
Warning: Nashorn engine is planned to be removed from a future JDK release
Warning: Nashorn engine is planned to be removed from a future JDK release
Warning: Nashorn engine is planned to be removed from a future JDK release
Warning: Nashorn engine is planned to be removed from a future JDK release
Warning: Nashorn engine is planned to be removed from a future JDK release
Warning: Nashorn engine is planned to be removed from a future JDK release
Warning: Nashorn engine is planned to be removed from a future JDK release
Warning: Nashorn engine is planned to be removed from a future JDK release
Warning: Nashorn engine is planned to be removed from a future JDK release
Warning: Nashorn engine is planned to be removed from a future JDK release
Warning: Nashorn engine is planned to be removed from a future JDK release
Warning: Nashorn engine is planned to be removed from a future JDK release
Warning: Nashorn engine is planned to be removed from a future JDK release
Warning: Nashorn engine is planned to be removed from a future JDK release
Warning: Nashorn engine is planned to be removed from a future JDK release
Warning: Nashorn engine is planned to be removed from a future JDK release
Warning: Nashorn engine is planned to be removed from a future JDK release
Warning: Nashorn engine is planned to be removed from a future JDK release
Warning: Nashorn engine is planned to be removed from a future JDK release
Warning: Nashorn engine is planned to be removed from a future JDK release
Warning: Nashorn engine is planned to be removed from a future JDK release
Warning: Nashorn engine is planned to be removed from a future JDK release
Warning: Nashorn engine is planned to be removed from a future JDK release
Warning: Nashorn engine is planned to be removed from a future JDK release
Warning: Nashorn engine is planned to be removed from a future JDK release
Warning: Nashorn engine is planned to be removed from a future JDK release
Warning: Nashorn engine is planned to be removed from a future JDK release
Warning: Nashorn engine is planned to be removed from a future JDK release
Warning: Nashorn engine is planned to be removed from a future JDK release
Warning: Nashorn engine is planned to be removed from a future JDK release
Warning: Nashorn engine is planned to be removed from a future JDK release
Warning: Nashorn engine is planned to be removed from a future JDK release
WARNING: Invoking send() too late (probably in a callback), so WebSocketServer is not able to send the token {socketID = 0, status = "closed"} to the output connection. Token is discarded.
WARNING: Invoking send() too late (probably in a callback), so WebSocketServer is not able to send the token {socketID = 0, status = "closed"} to the output connection. Token is discarded.
WARNING: WebSocketClient: Model stopped before executing actions (e.g. producing outputs) scheduled for execution at times [101.0]
Warning: Nashorn engine is planned to be removed from a future JDK release
Warning: Nashorn engine is planned to be removed from a future JDK release
Warning: Nashorn engine is planned to be removed from a future JDK release
Warning: Nashorn engine is planned to be removed from a future JDK release
Warning: Nashorn engine is planned to be removed from a future JDK release
Warning: Nashorn engine is planned to be removed from a future JDK release
Warning: Nashorn engine is planned to be removed from a future JDK release
Warning: Nashorn engine is planned to be removed from a future JDK release
Warning: Nashorn engine is planned to be removed from a future JDK release
Warning: Nashorn engine is planned to be removed from a future JDK release
Warning: Nashorn engine is planned to be removed from a future JDK release
Warning: Nashorn engine is planned to be removed from a future JDK release
Warning: Nashorn engine is planned to be removed from a future JDK release
Warning: Nashorn engine is planned to be removed from a future JDK release
Warning: Nashorn engine is planned to be removed from a future JDK release
Warning: Nashorn engine is planned to be removed from a future JDK release
Warning: Nashorn engine is planned to be removed from a future JDK release
Warning: Nashorn engine is planned to be removed from a future JDK release
Warning: Nashorn engine is planned to be removed from a future JDK release
Warning: Nashorn engine is planned to be removed from a future JDK release
Warning: Nashorn engine is planned to be removed from a future JDK release
Warning: Nashorn engine is planned to be removed from a future JDK release
Warning: Nashorn engine is planned to be removed from a future JDK release
Warning: Nashorn engine is planned to be removed from a future JDK release
Warning: Nashorn engine is planned to be removed from a future JDK release
Warning: Nashorn engine is planned to be removed from a future JDK release
Warning: Nashorn engine is planned to be removed from a future JDK release
Warning: Nashorn engine is planned to be removed from a future JDK release
Warning: Nashorn engine is planned to be removed from a future JDK release
Warning: Nashorn engine is planned to be removed from a future JDK release
Warning: Nashorn engine is planned to be removed from a future JDK release
Warning: Nashorn engine is planned to be removed from a future JDK release
Warning: Nashorn engine is planned to be removed from a future JDK release
Warning: Nashorn engine is planned to be removed from a future JDK release
Warning: Nashorn engine is planned to be removed from a future JDK release
Warning: Nashorn engine is planned to be removed from a future JDK release
Warning: Nashorn engine is planned to be removed from a future JDK release
Warning: Nashorn engine is planned to be removed from a future JDK release
Warning: Nashorn engine is planned to be removed from a future JDK release
Warning: Nashorn engine is planned to be removed from a future JDK release
Warning: Nashorn engine is planned to be removed from a future JDK release
Warning: Nashorn engine is planned to be removed from a future JDK release
Warning: Nashorn engine is planned to be removed from a future JDK release
Warning: Nashorn engine is planned to be removed from a future JDK release
Warning: Nashorn engine is planned to be removed from a future JDK release
Warning: Nashorn engine is planned to be removed from a future JDK release
Warning: Nashorn engine is planned to be removed from a future JDK release
Warning: Nashorn engine is planned to be removed from a future JDK release
WARNING: TestSpontaneous: Model stopped before executing actions (e.g. producing outputs) scheduled for execution at times [8.0]
WARNING: Invoking send() too late (probably in a callback), so WebSocketServer is not able to send the token {socketID = 0, status = "closed"} to the output connection. Token is discarded.
WARNING: Invoking send() too late (probably in a callback), so WebSocketServer is not able to send the token {socketID = 0, status = "closed"} to the output connection. Token is discarded.
Warning: Nashorn engine is planned to be removed from a future JDK release
Warning: Nashorn engine is planned to be removed from a future JDK release
Warning: Nashorn engine is planned to be removed from a future JDK release
Warning: Nashorn engine is planned to be removed from a future JDK release
Warning: Nashorn engine is planned to be removed from a future JDK release
Warning: Nashorn engine is planned to be removed from a future JDK release
Warning: Nashorn engine is planned to be removed from a future JDK release
Warning: Nashorn engine is planned to be removed from a future JDK release
Warning: Nashorn engine is planned to be removed from a future JDK release
Warning: Nashorn engine is planned to be removed from a future JDK release
Warning: Nashorn engine is planned to be removed from a future JDK release
Warning: Nashorn engine is planned to be removed from a future JDK release
Warning: Nashorn engine is planned to be removed from a future JDK release
Warning: Nashorn engine is planned to be removed from a future JDK release
Warning: Nashorn engine is planned to be removed from a future JDK release
Warning: Nashorn engine is planned to be removed from a future JDK release
Warning: Nashorn engine is planned to be removed from a future JDK release
Warning: Nashorn engine is planned to be removed from a future JDK release
Warning: Nashorn engine is planned to be removed from a future JDK release
Warning: Nashorn engine is planned to be removed from a future JDK release
Warning: Nashorn engine is planned to be removed from a future JDK release
Warning: Nashorn engine is planned to be removed from a future JDK release
Warning: Nashorn engine is planned to be removed from a future JDK release
Warning: Nashorn engine is planned to be removed from a future JDK release
Warning: Nashorn engine is planned to be removed from a future JDK release
Warning: Nashorn engine is planned to be removed from a future JDK release
[atomic-processor-1] INFO com.github.sarxos.webcam.ds.cgt.WebcamOpenTask - Opening webcam Dummy Webcam 0
Warning: Nashorn engine is planned to be removed from a future JDK release
Warning: Nashorn engine is planned to be removed from a future JDK release
Warning: Nashorn engine is planned to be removed from a future JDK release
Warning: Nashorn engine is planned to be removed from a future JDK release
Warning: Nashorn engine is planned to be removed from a future JDK release
Warning: Nashorn engine is planned to be removed from a future JDK release
WARNING: Invoking send() too late (probably in a callback), so Camera is not able to send the token {type="class ptolemy.data.AWTImageToken", width="640", height="480"} to the output image. Token is discarded.
[atomic-processor-1] INFO com.github.sarxos.webcam.ds.cgt.WebcamCloseTask - Closing Dummy Webcam 0
WARNING: Invoking send() too late (probably in a callback), so WebSocketServer is not able to send the token {socketID = 0, status = "closed"} to the output connection. Token is discarded.
WARNING: Invoking send() too late (probably in a callback), so WebSocketServer is not able to send the token {socketID = 0, status = "closed"} to the output connection. Token is discarded.
WARNING: WebSocketClient: Model stopped before executing actions (e.g. producing outputs) scheduled for execution at times [13.4]
Warning: Nashorn engine is planned to be removed from a future JDK release
Warning: Nashorn engine is planned to be removed from a future JDK release
Warning: Nashorn engine is planned to be removed from a future JDK release
Warning: Nashorn engine is planned to be removed from a future JDK release
Warning: Nashorn engine is planned to be removed from a future JDK release
Warning: Nashorn engine is planned to be removed from a future JDK release
Warning: Nashorn engine is planned to be removed from a future JDK release
Warning: Nashorn engine is planned to be removed from a future JDK release
Warning: Nashorn engine is planned to be removed from a future JDK release
Warning: Nashorn engine is planned to be removed from a future JDK release
Warning: Nashorn engine is planned to be removed from a future JDK release
Warning: Nashorn engine is planned to be removed from a future JDK release
Warning: Nashorn engine is planned to be removed from a future JDK release
Warning: Nashorn engine is planned to be removed from a future JDK release
Warning: Nashorn engine is planned to be removed from a future JDK release
Warning: Nashorn engine is planned to be removed from a future JDK release
Warning: Nashorn engine is planned to be removed from a future JDK release
Warning: Nashorn engine is planned to be removed from a future JDK release
Warning: Nashorn engine is planned to be removed from a future JDK release
Warning: Nashorn engine is planned to be removed from a future JDK release
Warning: Nashorn engine is planned to be removed from a future JDK release
Warning: Nashorn engine is planned to be removed from a future JDK release
Warning: Nashorn engine is planned to be removed from a future JDK release
Warning: Nashorn engine is planned to be removed from a future JDK release
WARNING: TestSpontaneous: Model stopped before executing actions (e.g. producing outputs) scheduled for execution at times [12.5]
Warning: Nashorn engine is planned to be removed from a future JDK release
Warning: Nashorn engine is planned to be removed from a future JDK release
Warning: Nashorn engine is planned to be removed from a future JDK release
Warning: Nashorn engine is planned to be removed from a future JDK release
Warning: Nashorn engine is planned to be removed from a future JDK release
Warning: Nashorn engine is planned to be removed from a future JDK release
Warning: Nashorn engine is planned to be removed from a future JDK release
Warning: Nashorn engine is planned to be removed from a future JDK release
Warning: Nashorn engine is planned to be removed from a future JDK release
Warning: Nashorn engine is planned to be removed from a future JDK release
Warning: Nashorn engine is planned to be removed from a future JDK release
Warning: Nashorn engine is planned to be removed from a future JDK release
Warning: Nashorn engine is planned to be removed from a future JDK release
Warning: Nashorn engine is planned to be removed from a future JDK release
Warning: Nashorn engine is planned to be removed from a future JDK release
Warning: Nashorn engine is planned to be removed from a future JDK release
Warning: Nashorn engine is planned to be removed from a future JDK release
Warning: Nashorn engine is planned to be removed from a future JDK release
Warning: Nashorn engine is planned to be removed from a future JDK release
Warning: Nashorn engine is planned to be removed from a future JDK release
Warning: Nashorn engine is planned to be removed from a future JDK release
Warning: Nashorn engine is planned to be removed from a future JDK release
Warning: Nashorn engine is planned to be removed from a future JDK release
Warning: Nashorn engine is planned to be removed from a future JDK release
Warning: Nashorn engine is planned to be removed from a future JDK release
Warning: Nashorn engine is planned to be removed from a future JDK release
Warning: Nashorn engine is planned to be removed from a future JDK release
Warning: Nashorn engine is planned to be removed from a future JDK release
Warning: Running an XSLT 1.0 stylesheet with an XSLT 2.0 processor
Warning: Running an XSLT 1.0 stylesheet with an XSLT 2.0 processor
Warning: Running an XSLT 1.0 stylesheet with an XSLT 2.0 processor
Jul 20, 2019 1:18:48 AM sun.awt.X11.XToolkit processException
WARNING: Exception on Toolkit thread
java.lang.NullPointerException
	at java.desktop/java.awt.Component$BltBufferStrategy.contentsLost(Component.java:4584)
	at java.desktop/java.awt.Component$BltSubRegionBufferStrategy.showIfNotLost(Component.java:4647)
	at java.desktop/javax.swing.BufferStrategyPaintManager.show(BufferStrategyPaintManager.java:208)
	at java.desktop/javax.swing.RepaintManager.show(RepaintManager.java:1430)
	at java.desktop/javax.swing.SwingPaintEventDispatcher.createPaintEvent(SwingPaintEventDispatcher.java:61)
	at java.desktop/sun.awt.X11.XWindow.postPaintEvent(XWindow.java:568)
	at java.desktop/sun.awt.X11.XContentWindow.postPaintEvent(XContentWindow.java:180)
	at java.desktop/sun.awt.X11.XWindow.handleExposeEvent(XWindow.java:562)
	at java.desktop/sun.awt.X11.XContentWindow.handleExposeEvent(XContentWindow.java:151)
	at java.desktop/sun.awt.X11.XBaseWindow.dispatchEvent(XBaseWindow.java:1132)
	at java.desktop/sun.awt.X11.XBaseWindow.dispatchToWindow(XBaseWindow.java:1108)
	at java.desktop/sun.awt.X11.XToolkit.dispatchEvent(XToolkit.java:621)
	at java.desktop/sun.awt.X11.XToolkit.run(XToolkit.java:736)
	at java.desktop/sun.awt.X11.XToolkit.run(XToolkit.java:652)
	at java.base/java.lang.Thread.run(Thread.java:834)

]]></system-err>
</testsuite>
