<?xml version="1.0" encoding="UTF-8" ?>
<testsuite errors="0" failures="0" hostname="travis-job-26f1be09-56e4-4169-8768-522f7ae558de" name="ptolemy.domains.de.test.junit.JUnitTclTest" skipped="0" tests="101" time="133.062" timestamp="2019-07-12T02:57:34">
  <properties>
[...]
</properties>
  <testcase classname="ptolemy.util.test.junit.TclTests" name="[0] /home/travis/build/icyphy/ptII/ptolemy/domains/de/test/DependencyLoop.tcl (RunTclFile)" time="1.102" />
  <testcase classname="ptolemy.util.test.junit.TclTests" name="[1] /home/travis/build/icyphy/ptII/ptolemy/domains/de/test/RunDETestsAsQSS.tcl (RunTclFile)" time="90.071" />
  <testcase classname="ptolemy.util.test.junit.AutoKnownFailedTests" name="[0] /home/travis/build/icyphy/ptII/ptolemy/domains/de/test/auto/knownFailedTests/DESDFClockTest.xml (RunModel)" time="2.049" />
  <testcase classname="ptolemy.util.test.junit.AutoKnownFailedTests" name="[1] /home/travis/build/icyphy/ptII/ptolemy/domains/de/test/auto/knownFailedTests/DirectFeedback.xml (RunModel)" time="0.016" />
  <testcase classname="ptolemy.util.test.junit.AutoKnownFailedTests" name="[2] /home/travis/build/icyphy/ptII/ptolemy/domains/de/test/auto/knownFailedTests/FSMSource.xml (RunModel)" time="0.027" />
  <testcase classname="ptolemy.util.test.junit.AutoKnownFailedTests" name="[3] /home/travis/build/icyphy/ptII/ptolemy/domains/de/test/auto/knownFailedTests/HierarchicalModel.xml (RunModel)" time="0.06" />
  <testcase classname="ptolemy.util.test.junit.AutoKnownFailedTests" name="[4] /home/travis/build/icyphy/ptII/ptolemy/domains/de/test/auto/knownFailedTests/dependencyLoop.xml (RunModel)" time="0.05" />
  <testcase classname="ptolemy.util.test.junit.AutoKnownFailedTests" name="[5] /home/travis/build/icyphy/ptII/ptolemy/domains/de/test/auto/knownFailedTests/dependencyLoop2.xml (RunModel)" time="0.059" />
  <testcase classname="ptolemy.util.test.junit.AutoNameArchTests" name="[0] ThereAreNoAutoArchTests (RunModel)" time="0.005" />
  <testcase classname="ptolemy.util.test.junit.AutoTests" name="[0] /home/travis/build/icyphy/ptII/ptolemy/domains/de/test/auto/ActorDepthCalculation_actorWithoutPorts.xml (RunModel)" time="0.029" />
  <testcase classname="ptolemy.util.test.junit.AutoTests" name="[1] /home/travis/build/icyphy/ptII/ptolemy/domains/de/test/auto/AssemblyLine.xml (RunModel)" time="0.035" />
  <testcase classname="ptolemy.util.test.junit.AutoTests" name="[2] /home/travis/build/icyphy/ptII/ptolemy/domains/de/test/auto/CQBug1.xml (RunModel)" time="0.011" />
  <testcase classname="ptolemy.util.test.junit.AutoTests" name="[3] /home/travis/build/icyphy/ptII/ptolemy/domains/de/test/auto/CancelFireAt.xml (RunModel)" time="0.016" />
  <testcase classname="ptolemy.util.test.junit.AutoTests" name="[4] /home/travis/build/icyphy/ptII/ptolemy/domains/de/test/auto/CausalityAndComposabilityAnalysis.xml (RunModel)" time="0.015" />
  <testcase classname="ptolemy.util.test.junit.AutoTests" name="[5] /home/travis/build/icyphy/ptII/ptolemy/domains/de/test/auto/CausalityInterface1.xml (RunModel)" time="0.026" />
  <testcase classname="ptolemy.util.test.junit.AutoTests" name="[6] /home/travis/build/icyphy/ptII/ptolemy/domains/de/test/auto/CausalityInterface15.xml (RunModel)" time="0.018" />
  <testcase classname="ptolemy.util.test.junit.AutoTests" name="[7] /home/travis/build/icyphy/ptII/ptolemy/domains/de/test/auto/CausalityInterface2.xml (RunModel)" time="0.012" />
  <testcase classname="ptolemy.util.test.junit.AutoTests" name="[8] /home/travis/build/icyphy/ptII/ptolemy/domains/de/test/auto/CausalityInterface3.xml (RunModel)" time="0.015" />
  <testcase classname="ptolemy.util.test.junit.AutoTests" name="[9] /home/travis/build/icyphy/ptII/ptolemy/domains/de/test/auto/ClockDrift.xml (RunModel)" time="0.048" />
  <testcase classname="ptolemy.util.test.junit.AutoTests" name="[10] /home/travis/build/icyphy/ptII/ptolemy/domains/de/test/auto/ClockDriftAndValueChange.xml (RunModel)" time="0.037" />
  <testcase classname="ptolemy.util.test.junit.AutoTests" name="[11] /home/travis/build/icyphy/ptII/ptolemy/domains/de/test/auto/ClockDriftChange.xml (RunModel)" time="0.04" />
  <testcase classname="ptolemy.util.test.junit.AutoTests" name="[12] /home/travis/build/icyphy/ptII/ptolemy/domains/de/test/auto/ComposableCausalityAnalysis.xml (RunModel)" time="0.019" />
  <testcase classname="ptolemy.util.test.junit.AutoTests" name="[13] /home/travis/build/icyphy/ptII/ptolemy/domains/de/test/auto/DEFixedPointLimitation.xml (RunModel)" time="0.015" />
  <testcase classname="ptolemy.util.test.junit.AutoTests" name="[14] /home/travis/build/icyphy/ptII/ptolemy/domains/de/test/auto/DEScheduleTest.xml (RunModel)" time="0.015" />
  <testcase classname="ptolemy.util.test.junit.AutoTests" name="[15] /home/travis/build/icyphy/ptII/ptolemy/domains/de/test/auto/DEinDEwithStartTimes.xml (RunModel)" time="0.024" />
  <testcase classname="ptolemy.util.test.junit.AutoTests" name="[16] /home/travis/build/icyphy/ptII/ptolemy/domains/de/test/auto/DEinDEwithStartTimes2.xml (RunModel)" time="0.016" />
  <testcase classname="ptolemy.util.test.junit.AutoTests" name="[17] /home/travis/build/icyphy/ptII/ptolemy/domains/de/test/auto/DateDemo.xml (RunModel)" time="0.04" />
  <testcase classname="ptolemy.util.test.junit.AutoTests" name="[18] /home/travis/build/icyphy/ptII/ptolemy/domains/de/test/auto/DateToEvent.xml (RunModel)" time="2.051" />
  <testcase classname="ptolemy.util.test.junit.AutoTests" name="[19] /home/travis/build/icyphy/ptII/ptolemy/domains/de/test/auto/DepthTest1.xml (RunModel)" time="0.008" />
  <testcase classname="ptolemy.util.test.junit.AutoTests" name="[20] /home/travis/build/icyphy/ptII/ptolemy/domains/de/test/auto/DepthTest2.xml (RunModel)" time="0.019" />
  <testcase classname="ptolemy.util.test.junit.AutoTests" name="[21] /home/travis/build/icyphy/ptII/ptolemy/domains/de/test/auto/DepthTest3.xml (RunModel)" time="0.008" />
  <testcase classname="ptolemy.util.test.junit.AutoTests" name="[22] /home/travis/build/icyphy/ptII/ptolemy/domains/de/test/auto/DepthTest4.xml (RunModel)" time="0.022" />
  <testcase classname="ptolemy.util.test.junit.AutoTests" name="[23] /home/travis/build/icyphy/ptII/ptolemy/domains/de/test/auto/DepthTest5.xml (RunModel)" time="0.015" />
  <testcase classname="ptolemy.util.test.junit.AutoTests" name="[24] /home/travis/build/icyphy/ptII/ptolemy/domains/de/test/auto/DepthTest6.xml (RunModel)" time="0.016" />
  <testcase classname="ptolemy.util.test.junit.AutoTests" name="[25] /home/travis/build/icyphy/ptII/ptolemy/domains/de/test/auto/DepthTest7.xml (RunModel)" time="0.011" />
  <testcase classname="ptolemy.util.test.junit.AutoTests" name="[26] /home/travis/build/icyphy/ptII/ptolemy/domains/de/test/auto/EventToDate.xml (RunModel)" time="3.038" />
  <testcase classname="ptolemy.util.test.junit.AutoTests" name="[27] /home/travis/build/icyphy/ptII/ptolemy/domains/de/test/auto/FSM1.xml (RunModel)" time="0.037" />
  <testcase classname="ptolemy.util.test.junit.AutoTests" name="[28] /home/travis/build/icyphy/ptII/ptolemy/domains/de/test/auto/FSM7.xml (RunModel)" time="0.051" />
  <testcase classname="ptolemy.util.test.junit.AutoTests" name="[29] /home/travis/build/icyphy/ptII/ptolemy/domains/de/test/auto/Inspection.xml (RunModel)" time="0.038" />
  <testcase classname="ptolemy.util.test.junit.AutoTests" name="[30] /home/travis/build/icyphy/ptII/ptolemy/domains/de/test/auto/Iteration.xml (RunModel)" time="0.024" />
  <testcase classname="ptolemy.util.test.junit.AutoTests" name="[31] /home/travis/build/icyphy/ptII/ptolemy/domains/de/test/auto/LineFault.xml (RunModel)" time="0.672" />
  <testcase classname="ptolemy.util.test.junit.AutoTests" name="[32] /home/travis/build/icyphy/ptII/ptolemy/domains/de/test/auto/MergeModel1Add.xml (RunModel)" time="0.054" />
  <testcase classname="ptolemy.util.test.junit.AutoTests" name="[33] /home/travis/build/icyphy/ptII/ptolemy/domains/de/test/auto/MergeModel2Add.xml (RunModel)" time="0.048" />
  <testcase classname="ptolemy.util.test.junit.AutoTests" name="[34] /home/travis/build/icyphy/ptII/ptolemy/domains/de/test/auto/MergeModel3Add.xml (RunModel)" time="0.042" />
  <testcase classname="ptolemy.util.test.junit.AutoTests" name="[35] /home/travis/build/icyphy/ptII/ptolemy/domains/de/test/auto/MergeWithoutDiscard.xml (RunModel)" time="0.024" />
  <testcase classname="ptolemy.util.test.junit.AutoTests" name="[36] /home/travis/build/icyphy/ptII/ptolemy/domains/de/test/auto/Modal1.xml (RunModel)" time="0.035" />
  <testcase classname="ptolemy.util.test.junit.AutoTests" name="[37] /home/travis/build/icyphy/ptII/ptolemy/domains/de/test/auto/Modal2.xml (RunModel)" time="0.034" />
  <testcase classname="ptolemy.util.test.junit.AutoTests" name="[38] /home/travis/build/icyphy/ptII/ptolemy/domains/de/test/auto/Modal3.xml (RunModel)" time="0.026" />
  <testcase classname="ptolemy.util.test.junit.AutoTests" name="[39] /home/travis/build/icyphy/ptII/ptolemy/domains/de/test/auto/Modal4.xml (RunModel)" time="0.034" />
  <testcase classname="ptolemy.util.test.junit.AutoTests" name="[40] /home/travis/build/icyphy/ptII/ptolemy/domains/de/test/auto/Modal5.xml (RunModel)" time="0.039" />
  <testcase classname="ptolemy.util.test.junit.AutoTests" name="[41] /home/travis/build/icyphy/ptII/ptolemy/domains/de/test/auto/Modal6.xml (RunModel)" time="0.031" />
  <testcase classname="ptolemy.util.test.junit.AutoTests" name="[42] /home/travis/build/icyphy/ptII/ptolemy/domains/de/test/auto/Modal7.xml (RunModel)" time="0.031" />
  <testcase classname="ptolemy.util.test.junit.AutoTests" name="[43] /home/travis/build/icyphy/ptII/ptolemy/domains/de/test/auto/ModalModel.xml (RunModel)" time="0.176" />
  <testcase classname="ptolemy.util.test.junit.AutoTests" name="[44] /home/travis/build/icyphy/ptII/ptolemy/domains/de/test/auto/ModalSource.xml (RunModel)" time="0.018" />
  <testcase classname="ptolemy.util.test.junit.AutoTests" name="[45] /home/travis/build/icyphy/ptII/ptolemy/domains/de/test/auto/NonInterruptibleTimerZeroDelay.xml (RunModel)" time="0.009" />
  <testcase classname="ptolemy.util.test.junit.AutoTests" name="[46] /home/travis/build/icyphy/ptII/ptolemy/domains/de/test/auto/OpenQueueingNetwork.xml (RunModel)" time="2.398" />
  <testcase classname="ptolemy.util.test.junit.AutoTests" name="[47] /home/travis/build/icyphy/ptII/ptolemy/domains/de/test/auto/OpenQueuingNetwork.xml (RunModel)" time="0.287" />
  <testcase classname="ptolemy.util.test.junit.AutoTests" name="[48] /home/travis/build/icyphy/ptII/ptolemy/domains/de/test/auto/PeriodicSampler.xml (RunModel)" time="0.011" />
  <testcase classname="ptolemy.util.test.junit.AutoTests" name="[49] /home/travis/build/icyphy/ptII/ptolemy/domains/de/test/auto/PersistentIO.xml (RunModel)" time="0.021" />
  <testcase classname="ptolemy.util.test.junit.AutoTests" name="[50] /home/travis/build/icyphy/ptII/ptolemy/domains/de/test/auto/PortParameterResetOnInitialize.xml (RunModel)" time="0.011" />
  <testcase classname="ptolemy.util.test.junit.AutoTests" name="[51] /home/travis/build/icyphy/ptII/ptolemy/domains/de/test/auto/PortParameterUpdates.xml (RunModel)" time="0.013" />
  <testcase classname="ptolemy.util.test.junit.AutoTests" name="[52] /home/travis/build/icyphy/ptII/ptolemy/domains/de/test/auto/QueueAndServer.xml (RunModel)" time="0.022" />
  <testcase classname="ptolemy.util.test.junit.AutoTests" name="[53] /home/travis/build/icyphy/ptII/ptolemy/domains/de/test/auto/Records.xml (RunModel)" time="0.017" />
  <testcase classname="ptolemy.util.test.junit.AutoTests" name="[54] /home/travis/build/icyphy/ptII/ptolemy/domains/de/test/auto/ResetTransitionWithStartTime1.xml (RunModel)" time="0.016" />
  <testcase classname="ptolemy.util.test.junit.AutoTests" name="[55] /home/travis/build/icyphy/ptII/ptolemy/domains/de/test/auto/ResetTransitionWithStartTime2.xml (RunModel)" time="0.018" />
  <testcase classname="ptolemy.util.test.junit.AutoTests" name="[56] /home/travis/build/icyphy/ptII/ptolemy/domains/de/test/auto/ResetTransitionWithStartTime3.xml (RunModel)" time="0.019" />
  <testcase classname="ptolemy.util.test.junit.AutoTests" name="[57] /home/travis/build/icyphy/ptII/ptolemy/domains/de/test/auto/ResetTransitionWithStartTime4.xml (RunModel)" time="0.019" />
  <testcase classname="ptolemy.util.test.junit.AutoTests" name="[58] /home/travis/build/icyphy/ptII/ptolemy/domains/de/test/auto/ResettableTimer1.xml (RunModel)" time="0.01" />
  <testcase classname="ptolemy.util.test.junit.AutoTests" name="[59] /home/travis/build/icyphy/ptII/ptolemy/domains/de/test/auto/ResettableTimer2.xml (RunModel)" time="0.01" />
  <testcase classname="ptolemy.util.test.junit.AutoTests" name="[60] /home/travis/build/icyphy/ptII/ptolemy/domains/de/test/auto/ResettableTimer3.xml (RunModel)" time="0.009" />
  <testcase classname="ptolemy.util.test.junit.AutoTests" name="[61] /home/travis/build/icyphy/ptII/ptolemy/domains/de/test/auto/ResettableTimer4.xml (RunModel)" time="0.011" />
  <testcase classname="ptolemy.util.test.junit.AutoTests" name="[62] /home/travis/build/icyphy/ptII/ptolemy/domains/de/test/auto/ResettableTimer5.xml (RunModel)" time="0.01" />
  <testcase classname="ptolemy.util.test.junit.AutoTests" name="[63] /home/travis/build/icyphy/ptII/ptolemy/domains/de/test/auto/ResettableTimer6.xml (RunModel)" time="0.018" />
  <testcase classname="ptolemy.util.test.junit.AutoTests" name="[64] /home/travis/build/icyphy/ptII/ptolemy/domains/de/test/auto/ServerZeroDelay.xml (RunModel)" time="0.009" />
  <testcase classname="ptolemy.util.test.junit.AutoTests" name="[65] /home/travis/build/icyphy/ptII/ptolemy/domains/de/test/auto/SmartSender.xml (RunModel)" time="3.008" />
  <testcase classname="ptolemy.util.test.junit.AutoTests" name="[66] /home/travis/build/icyphy/ptII/ptolemy/domains/de/test/auto/ThreadedComposite.xml (RunModel)" time="0.135" />
  <testcase classname="ptolemy.util.test.junit.AutoTests" name="[67] /home/travis/build/icyphy/ptII/ptolemy/domains/de/test/auto/Time.xml (RunModel)" time="0.437" />
  <testcase classname="ptolemy.util.test.junit.AutoTests" name="[68] /home/travis/build/icyphy/ptII/ptolemy/domains/de/test/auto/TimeDelayZeroDelay.xml (RunModel)" time="0.016" />
  <testcase classname="ptolemy.util.test.junit.AutoTests" name="[69] /home/travis/build/icyphy/ptII/ptolemy/domains/de/test/auto/TimerZeroDelay.xml (RunModel)" time="0.011" />
  <testcase classname="ptolemy.util.test.junit.AutoTests" name="[70] /home/travis/build/icyphy/ptII/ptolemy/domains/de/test/auto/TimingParadox.xml (RunModel)" time="0.36" />
  <testcase classname="ptolemy.util.test.junit.AutoTests" name="[71] /home/travis/build/icyphy/ptII/ptolemy/domains/de/test/auto/TransferInputs.xml (RunModel)" time="0.017" />
  <testcase classname="ptolemy.util.test.junit.AutoTests" name="[72] /home/travis/build/icyphy/ptII/ptolemy/domains/de/test/auto/TransferOutputs2.xml (RunModel)" time="0.013" />
  <testcase classname="ptolemy.util.test.junit.AutoTests" name="[73] /home/travis/build/icyphy/ptII/ptolemy/domains/de/test/auto/Trilateration.xml (RunModel)" time="12.808" />
  <testcase classname="ptolemy.util.test.junit.AutoTests" name="[74] /home/travis/build/icyphy/ptII/ptolemy/domains/de/test/auto/TwoSigmaDelta.xml (RunModel)" time="2.211" />
  <testcase classname="ptolemy.util.test.junit.AutoTests" name="[75] /home/travis/build/icyphy/ptII/ptolemy/domains/de/test/auto/VariableDelay.xml (RunModel)" time="0.011" />
  <testcase classname="ptolemy.util.test.junit.AutoTests" name="[76] /home/travis/build/icyphy/ptII/ptolemy/domains/de/test/auto/VariableDelay2.xml (RunModel)" time="0.012" />
  <testcase classname="ptolemy.util.test.junit.AutoTests" name="[77] /home/travis/build/icyphy/ptII/ptolemy/domains/de/test/auto/VariableDelayZeroDelay.xml (RunModel)" time="0.011" />
  <testcase classname="ptolemy.util.test.junit.AutoTests" name="[78] /home/travis/build/icyphy/ptII/ptolemy/domains/de/test/auto/VariableDelayZeroDelay2.xml (RunModel)" time="0.008" />
  <testcase classname="ptolemy.util.test.junit.AutoTests" name="[79] /home/travis/build/icyphy/ptII/ptolemy/domains/de/test/auto/deInCt.xml (RunModel)" time="0.013" />
  <testcase classname="ptolemy.util.test.junit.AutoTests" name="[80] /home/travis/build/icyphy/ptII/ptolemy/domains/de/test/auto/deInCt2.xml (RunModel)" time="0.015" />
  <testcase classname="ptolemy.util.test.junit.AutoTests" name="[81] /home/travis/build/icyphy/ptII/ptolemy/domains/de/test/auto/dynamicCausalityInterface1.xml (RunModel)" time="0.016" />
  <testcase classname="ptolemy.util.test.junit.AutoTests" name="[82] /home/travis/build/icyphy/ptII/ptolemy/domains/de/test/auto/fsm_de_test.xml (RunModel)" time="0.021" />
  <testcase classname="ptolemy.util.test.junit.AutoTests" name="[83] /home/travis/build/icyphy/ptII/ptolemy/domains/de/test/auto/functionDependencyReconstruction.xml (RunModel)" time="0.038" />
  <testcase classname="ptolemy.util.test.junit.AutoTests" name="[84] /home/travis/build/icyphy/ptII/ptolemy/domains/de/test/auto/multirate.xml (RunModel)" time="0.015" />
  <testcase classname="ptolemy.util.test.junit.AutoTests" name="[85] /home/travis/build/icyphy/ptII/ptolemy/domains/de/test/auto/multirate2.xml (RunModel)" time="0.016" />
  <testcase classname="ptolemy.util.test.junit.AutoTests" name="[86] /home/travis/build/icyphy/ptII/ptolemy/domains/de/test/auto/realtime.xml (RunModel)" time="10.01" />
  <testcase classname="ptolemy.util.test.junit.AutoTests" name="[87] /home/travis/build/icyphy/ptII/ptolemy/domains/de/test/auto/relationGroup.xml (RunModel)" time="0.008" />
  <testcase classname="ptolemy.util.test.junit.AutoTests" name="[88] /home/travis/build/icyphy/ptII/ptolemy/domains/de/test/auto/relationGroup2.xml (RunModel)" time="0.013" />
  <testcase classname="ptolemy.util.test.junit.AutoTests" name="[89] /home/travis/build/icyphy/ptII/ptolemy/domains/de/test/auto/sortWithOpaquePorts.xml (RunModel)" time="0.007" />
  <testcase classname="ptolemy.util.test.junit.AutoTests" name="[90] /home/travis/build/icyphy/ptII/ptolemy/domains/de/test/auto/transferInputsandOutputs.xml (RunModel)" time="0.017" />
  <testcase classname="ptolemy.util.test.junit.AutoTests" name="[91] /home/travis/build/icyphy/ptII/ptolemy/domains/de/test/auto/triggerType.xml (RunModel)" time="0.013" />
  <system-out><![CDATA[/home/travis/build/icyphy/ptII/ptolemy/domains/de/test/DependencyLoop.tcl
testDefs.tcl: setting time out to 9000 seconds at Fri Jul 12 02:57:34 UTC 2019
86 ms. Memory: 120832K Free: 99488K (82%)
27 ms. Memory: 152576K Free: 135129K (89%)
/home/travis/build/icyphy/ptII/ptolemy/domains/de/test/RunDETestsAsQSS.tcl
Run the DE tests using ptolemy.domains.qss.test.QSSDirectorTest, which extends QSSDirector and prints a message in the constructors.
------------------ testing $PTII/ptolemy/domains/de/test/auto/knownFailedTests/DirectFeedback.xml (Known Failure) 
74 ms. Memory: 152576K Free: 130079K (85%)


==== $PTIIhome/travis/build/icyphy/ptII/ptolemy/domains/de/test/../../../../: Auto Automatic test in file $PTII/ptolemy/domains/de/test/auto/knownFailedTests/DirectFeedback.xml
==== Contents of test case:

	    # FIXME: we should use $relativeFilename here, but it
	    # might have backslashes under Windows, which causes no end
	    # of trouble.
	    createAndExecute $file
	    list {}
	
.... Test generated KNOWN error:
    while executing
ptolemy.kernel.util.IllegalActionException: Test fails in iteration 1.
Value was: 1.0. Should have been: 2.0
  in .DirectFeedback.Test
	at ptolemy.actor.lib.Test.fire(Test.java:268)
	at ptolemy.domains.de.kernel.DEDirector._fire(DEDirector.java:1949)
	at ptolemy.domains.de.kernel.DEDirector.fire(DEDirector.java:502)
	at ptolemy.actor.CompositeActor.fire(CompositeActor.java:455)
	at ptolemy.actor.Manager.iterate(Manager.java:851)
	at ptolemy.actor.Manager.execute(Manager.java:369)
	at ptolemy.actor.Manager.run(Manager.java:1263)
	at ptolemy.actor.Manager$PtolemyRunThread.run(Manager.java:1915)

    while executing
ptolemy.kernel.util.IllegalActionException: Test fails in iteration 1.
Value was: 1.0. Should have been: 2.0
  in .DirectFeedback.Test
    while executing
"java::new ptolemy.moml.MoMLSimpleApplication $file
"
    (procedure "createAndExecute" line 2)
    invoked from within
"createAndExecute $file"
    ("uplevel" body line 5)
    invoked from within
"uplevel $contents_of_test"
------------------ testing $PTII/ptolemy/domains/de/test/auto/knownFailedTests/dependencyLoop.xml (Known Failure) 
14 ms. Memory: 152576K Free: 126953K (83%)


==== $PTIIhome/travis/build/icyphy/ptII/ptolemy/domains/de/test/../../../../: Auto Automatic test in file $PTII/ptolemy/domains/de/test/auto/knownFailedTests/dependencyLoop.xml
==== Contents of test case:

	    # FIXME: we should use $relativeFilename here, but it
	    # might have backslashes under Windows, which causes no end
	    # of trouble.
	    createAndExecute $file
	    list {}
	
.... Test generated KNOWN error:
    while executing
ptolemy.kernel.util.IllegalActionException: Found a zero delay loop containing .dependencyLoop.original
  in .dependencyLoop and .dependencyLoop.original
	at ptolemy.actor.util.CausalityInterfaceForComposites._computeOutputPortDepth(CausalityInterfaceForComposites.java:759)
	at ptolemy.actor.util.CausalityInterfaceForComposites._computeInputDepth(CausalityInterfaceForComposites.java:696)
	at ptolemy.actor.util.CausalityInterfaceForComposites._computeOutputPortDepth(CausalityInterfaceForComposites.java:765)
	at ptolemy.actor.util.CausalityInterfaceForComposites._computeInputDepth(CausalityInterfaceForComposites.java:696)
	at ptolemy.actor.util.CausalityInterfaceForComposites._computeOutputPortDepth(CausalityInterfaceForComposites.java:765)
	at ptolemy.actor.util.CausalityInterfaceForComposites._computeInputDepth(CausalityInterfaceForComposites.java:696)
	at ptolemy.actor.util.CausalityInterfaceForComposites._computeActorDepth(CausalityInterfaceForComposites.java:532)
	at ptolemy.actor.util.CausalityInterfaceForComposites.checkForCycles(CausalityInterfaceForComposites.java:96)
	at ptolemy.domains.de.kernel.DEDirector.preinitialize(DEDirector.java:1338)
	at ptolemy.actor.CompositeActor.preinitialize(CompositeActor.java:1828)
	at ptolemy.actor.Manager.preinitializeAndResolveTypes(Manager.java:1040)
	at ptolemy.actor.Manager.initialize(Manager.java:710)
	at ptolemy.actor.Manager.execute(Manager.java:356)
	at ptolemy.actor.Manager.run(Manager.java:1263)
	at ptolemy.actor.Manager$PtolemyRunThread.run(Manager.java:1915)

    while executing
ptolemy.kernel.util.IllegalActionException: Found a zero delay loop containing .dependencyLoop.original
  in .dependencyLoop and .dependencyLoop.original
    while executing
"java::new ptolemy.moml.MoMLSimpleApplication $file
"
    (procedure "createAndExecute" line 2)
    invoked from within
"createAndExecute $file"
    ("uplevel" body line 5)
    invoked from within
"uplevel $contents_of_test"
------------------ testing $PTII/ptolemy/domains/de/test/auto/knownFailedTests/FSMSource.xml (Known Failure) 
43 ms. Memory: 152576K Free: 118111K (77%)
!!!! Auto was marked as failing, but now passes
------------------ testing $PTII/ptolemy/domains/de/test/auto/knownFailedTests/HierarchicalModel.xml (Known Failure) 
7 ms. Memory: 152576K Free: 132096K (87%)


==== $PTIIhome/travis/build/icyphy/ptII/ptolemy/domains/de/test/../../../../: Auto Automatic test in file $PTII/ptolemy/domains/de/test/auto/knownFailedTests/HierarchicalModel.xml
==== Contents of test case:

	    # FIXME: we should use $relativeFilename here, but it
	    # might have backslashes under Windows, which causes no end
	    # of trouble.
	    createAndExecute $file
	    list {}
	
.... Test generated KNOWN error:
    while executing
ptolemy.kernel.util.IllegalActionException: Found a zero delay loop containing .HierarchicalModel.A
  in .HierarchicalModel and .HierarchicalModel.A
	at ptolemy.actor.util.CausalityInterfaceForComposites._computeOutputPortDepth(CausalityInterfaceForComposites.java:759)
	at ptolemy.actor.util.CausalityInterfaceForComposites._computeInputDepth(CausalityInterfaceForComposites.java:696)
	at ptolemy.actor.util.CausalityInterfaceForComposites._computeOutputPortDepth(CausalityInterfaceForComposites.java:765)
	at ptolemy.actor.util.CausalityInterfaceForComposites._computeInputDepth(CausalityInterfaceForComposites.java:696)
	at ptolemy.actor.util.CausalityInterfaceForComposites._computeOutputPortDepth(CausalityInterfaceForComposites.java:765)
	at ptolemy.actor.util.CausalityInterfaceForComposites._computeInputDepth(CausalityInterfaceForComposites.java:696)
	at ptolemy.actor.util.CausalityInterfaceForComposites._computeActorDepth(CausalityInterfaceForComposites.java:532)
	at ptolemy.actor.util.CausalityInterfaceForComposites.checkForCycles(CausalityInterfaceForComposites.java:96)
	at ptolemy.domains.de.kernel.DEDirector.preinitialize(DEDirector.java:1338)
	at ptolemy.actor.CompositeActor.preinitialize(CompositeActor.java:1828)
	at ptolemy.actor.Manager.preinitializeAndResolveTypes(Manager.java:1040)
	at ptolemy.actor.Manager.initialize(Manager.java:710)
	at ptolemy.actor.Manager.execute(Manager.java:356)
	at ptolemy.actor.Manager.run(Manager.java:1263)
	at ptolemy.actor.Manager$PtolemyRunThread.run(Manager.java:1915)

    while executing
ptolemy.kernel.util.IllegalActionException: Found a zero delay loop containing .HierarchicalModel.A
  in .HierarchicalModel and .HierarchicalModel.A
    while executing
"java::new ptolemy.moml.MoMLSimpleApplication $file
"
    (procedure "createAndExecute" line 2)
    invoked from within
"createAndExecute $file"
    ("uplevel" body line 5)
    invoked from within
"uplevel $contents_of_test"
------------------ testing $PTII/ptolemy/domains/de/test/auto/knownFailedTests/dependencyLoop2.xml (Known Failure) 
6 ms. Memory: 152576K Free: 116207K (76%)


==== $PTIIhome/travis/build/icyphy/ptII/ptolemy/domains/de/test/../../../../: Auto Automatic test in file $PTII/ptolemy/domains/de/test/auto/knownFailedTests/dependencyLoop2.xml
==== Contents of test case:

	    # FIXME: we should use $relativeFilename here, but it
	    # might have backslashes under Windows, which causes no end
	    # of trouble.
	    createAndExecute $file
	    list {}
	
.... Test generated KNOWN error:
    while executing
ptolemy.kernel.util.IllegalActionException: Found a zero delay loop containing .dependencyLoop2.original
  in .dependencyLoop2 and .dependencyLoop2.original
	at ptolemy.actor.util.CausalityInterfaceForComposites._computeOutputPortDepth(CausalityInterfaceForComposites.java:759)
	at ptolemy.actor.util.CausalityInterfaceForComposites._computeInputDepth(CausalityInterfaceForComposites.java:696)
	at ptolemy.actor.util.CausalityInterfaceForComposites._computeOutputPortDepth(CausalityInterfaceForComposites.java:765)
	at ptolemy.actor.util.CausalityInterfaceForComposites._computeInputDepth(CausalityInterfaceForComposites.java:696)
	at ptolemy.actor.util.CausalityInterfaceForComposites._computeOutputPortDepth(CausalityInterfaceForComposites.java:765)
	at ptolemy.actor.util.CausalityInterfaceForComposites._computeInputDepth(CausalityInterfaceForComposites.java:696)
	at ptolemy.actor.util.CausalityInterfaceForComposites._computeActorDepth(CausalityInterfaceForComposites.java:532)
	at ptolemy.actor.util.CausalityInterfaceForComposites.checkForCycles(CausalityInterfaceForComposites.java:96)
	at ptolemy.domains.de.kernel.DEDirector.preinitialize(DEDirector.java:1338)
	at ptolemy.actor.CompositeActor.preinitialize(CompositeActor.java:1828)
	at ptolemy.actor.Manager.preinitializeAndResolveTypes(Manager.java:1040)
	at ptolemy.actor.Manager.initialize(Manager.java:710)
	at ptolemy.actor.Manager.execute(Manager.java:356)
	at ptolemy.actor.Manager.run(Manager.java:1263)
	at ptolemy.actor.Manager$PtolemyRunThread.run(Manager.java:1915)

    while executing
ptolemy.kernel.util.IllegalActionException: Found a zero delay loop containing .dependencyLoop2.original
  in .dependencyLoop2 and .dependencyLoop2.original
    while executing
"java::new ptolemy.moml.MoMLSimpleApplication $file
"
    (procedure "createAndExecute" line 2)
    invoked from within
"createAndExecute $file"
    ("uplevel" body line 5)
    invoked from within
"uplevel $contents_of_test"
------------------ testing $PTII/ptolemy/domains/de/test/auto/knownFailedTests/DESDFClockTest.xml (Known Failure) 
2045 ms. Memory: 152576K Free: 102910K (67%)


==== $PTIIhome/travis/build/icyphy/ptII/ptolemy/domains/de/test/../../../../: Auto Automatic test in file $PTII/ptolemy/domains/de/test/auto/knownFailedTests/DESDFClockTest.xml
==== Contents of test case:

	    # FIXME: we should use $relativeFilename here, but it
	    # might have backslashes under Windows, which causes no end
	    # of trouble.
	    createAndExecute $file
	    list {}
	
.... Test generated KNOWN error:
    while executing
ptolemy.kernel.util.IllegalActionException: Actor is not ready to fire.  Perhaps UpSample.prefire() returned false? Try debugging the actor by selecting "Listen to Actor".  Also, for SDF check moml for tokenConsumptionRate on input.
  in .DESDFClockTest.Play Bell.Copy1:SDF Director and .DESDFClockTest.Play Bell.UpSample
	at ptolemy.actor.sched.StaticSchedulingDirector.fire(StaticSchedulingDirector.java:227)
	at ptolemy.domains.sdf.kernel.SDFDirector.fire(SDFDirector.java:500)
	at ptolemy.actor.CompositeActor.fire(CompositeActor.java:455)
	at ptolemy.domains.de.kernel.DEDirector._fire(DEDirector.java:1949)
	at ptolemy.domains.de.kernel.DEDirector.fire(DEDirector.java:502)
	at ptolemy.actor.CompositeActor.fire(CompositeActor.java:455)
	at ptolemy.actor.Manager.iterate(Manager.java:851)
	at ptolemy.actor.Manager.execute(Manager.java:369)
	at ptolemy.actor.Manager.run(Manager.java:1263)
	at ptolemy.actor.Manager$PtolemyRunThread.run(Manager.java:1915)

    while executing
ptolemy.kernel.util.IllegalActionException: Actor is not ready to fire.  Perhaps UpSample.prefire() returned false? Try debugging the actor by selecting "Listen to Actor".  Also, for SDF check moml for tokenConsumptionRate on input.
  in .DESDFClockTest.Play Bell.Copy1:SDF Director and .DESDFClockTest.Play Bell.UpSample
    while executing
"java::new ptolemy.moml.MoMLSimpleApplication $file
"
    (procedure "createAndExecute" line 2)
    invoked from within
"createAndExecute $file"
    ("uplevel" body line 5)
    invoked from within
"uplevel $contents_of_test"
------------------ testing $PTII/ptolemy/domains/de/test/auto/ActorDepthCalculation_actorWithoutPorts.xml
auto.tcl: Setting watchdog for 200 seconds at Fri Jul 12 02:57:38 UTC 2019
7 ms. Memory: 152576K Free: 95232K (62%)
ptolemy.util.test.WatchDog.cancel(): canceling Fri Jul 12 02:57:38 UTC 2019
auto.tcl: Setting watchdog for 200 seconds at Fri Jul 12 02:57:38 UTC 2019
6 ms. Memory: 152576K Free: 93679K (61%)
ptolemy.util.test.WatchDog.cancel(): canceling Fri Jul 12 02:57:38 UTC 2019
------------------ testing $PTII/ptolemy/domains/de/test/auto/AssemblyLine.xml
auto.tcl: Setting watchdog for 200 seconds at Fri Jul 12 02:57:38 UTC 2019
13 ms. Memory: 48128K Free: 26865K (56%)
ptolemy.util.test.WatchDog.cancel(): canceling Fri Jul 12 02:57:38 UTC 2019
auto.tcl: Setting watchdog for 200 seconds at Fri Jul 12 02:57:38 UTC 2019
11 ms. Memory: 48128K Free: 26267K (55%)
ptolemy.util.test.WatchDog.cancel(): canceling Fri Jul 12 02:57:38 UTC 2019
------------------ testing $PTII/ptolemy/domains/de/test/auto/CQBug1.xml
auto.tcl: Setting watchdog for 200 seconds at Fri Jul 12 02:57:38 UTC 2019
2 ms. Memory: 45056K Free: 29063K (65%)
ptolemy.util.test.WatchDog.cancel(): canceling Fri Jul 12 02:57:39 UTC 2019
auto.tcl: Setting watchdog for 200 seconds at Fri Jul 12 02:57:39 UTC 2019
2 ms. Memory: 45056K Free: 28753K (64%)
ptolemy.util.test.WatchDog.cancel(): canceling Fri Jul 12 02:57:39 UTC 2019
------------------ testing $PTII/ptolemy/domains/de/test/auto/CancelFireAt.xml
auto.tcl: Setting watchdog for 200 seconds at Fri Jul 12 02:57:39 UTC 2019
3 ms. Memory: 45056K Free: 30058K (67%)
ptolemy.util.test.WatchDog.cancel(): canceling Fri Jul 12 02:57:39 UTC 2019
auto.tcl: Setting watchdog for 200 seconds at Fri Jul 12 02:57:39 UTC 2019
1 ms. Memory: 45056K Free: 29732K (66%)
ptolemy.util.test.WatchDog.cancel(): canceling Fri Jul 12 02:57:39 UTC 2019
------------------ testing $PTII/ptolemy/domains/de/test/auto/CausalityAndComposabilityAnalysis.xml
auto.tcl: Setting watchdog for 200 seconds at Fri Jul 12 02:57:39 UTC 2019
6 ms. Memory: 45056K Free: 28220K (63%)
ptolemy.util.test.WatchDog.cancel(): canceling Fri Jul 12 02:57:39 UTC 2019
auto.tcl: Setting watchdog for 200 seconds at Fri Jul 12 02:57:39 UTC 2019
5 ms. Memory: 45056K Free: 27584K (61%)
ptolemy.util.test.WatchDog.cancel(): canceling Fri Jul 12 02:57:39 UTC 2019
------------------ testing $PTII/ptolemy/domains/de/test/auto/CausalityInterface1.xml
auto.tcl: Setting watchdog for 200 seconds at Fri Jul 12 02:57:39 UTC 2019
20 ms. Memory: 45056K Free: 26709K (59%)
ptolemy.util.test.WatchDog.cancel(): canceling Fri Jul 12 02:57:39 UTC 2019
auto.tcl: Setting watchdog for 200 seconds at Fri Jul 12 02:57:39 UTC 2019
3 ms. Memory: 45056K Free: 25689K (57%)
ptolemy.util.test.WatchDog.cancel(): canceling Fri Jul 12 02:57:39 UTC 2019
------------------ testing $PTII/ptolemy/domains/de/test/auto/CausalityInterface15.xml
auto.tcl: Setting watchdog for 200 seconds at Fri Jul 12 02:57:39 UTC 2019
12 ms. Memory: 45056K Free: 27098K (60%)
ptolemy.util.test.WatchDog.cancel(): canceling Fri Jul 12 02:57:39 UTC 2019
auto.tcl: Setting watchdog for 200 seconds at Fri Jul 12 02:57:39 UTC 2019
7 ms. Memory: 45056K Free: 25943K (58%)
ptolemy.util.test.WatchDog.cancel(): canceling Fri Jul 12 02:57:39 UTC 2019
------------------ testing $PTII/ptolemy/domains/de/test/auto/CausalityInterface2.xml
auto.tcl: Setting watchdog for 200 seconds at Fri Jul 12 02:57:39 UTC 2019
7 ms. Memory: 45056K Free: 27474K (61%)
ptolemy.util.test.WatchDog.cancel(): canceling Fri Jul 12 02:57:39 UTC 2019
auto.tcl: Setting watchdog for 200 seconds at Fri Jul 12 02:57:39 UTC 2019
3 ms. Memory: 45056K Free: 26921K (60%)
ptolemy.util.test.WatchDog.cancel(): canceling Fri Jul 12 02:57:39 UTC 2019
------------------ testing $PTII/ptolemy/domains/de/test/auto/CausalityInterface3.xml
auto.tcl: Setting watchdog for 200 seconds at Fri Jul 12 02:57:39 UTC 2019
8 ms. Memory: 45056K Free: 27280K (61%)
ptolemy.util.test.WatchDog.cancel(): canceling Fri Jul 12 02:57:39 UTC 2019
auto.tcl: Setting watchdog for 200 seconds at Fri Jul 12 02:57:39 UTC 2019
3 ms. Memory: 45056K Free: 26628K (59%)
ptolemy.util.test.WatchDog.cancel(): canceling Fri Jul 12 02:57:39 UTC 2019
------------------ testing $PTII/ptolemy/domains/de/test/auto/ClockDrift.xml
auto.tcl: Setting watchdog for 200 seconds at Fri Jul 12 02:57:39 UTC 2019
69 ms. Memory: 45056K Free: 19730K (44%)
ptolemy.util.test.WatchDog.cancel(): canceling Fri Jul 12 02:57:39 UTC 2019
auto.tcl: Setting watchdog for 200 seconds at Fri Jul 12 02:57:39 UTC 2019
41 ms. Memory: 45056K Free: 16440K (36%)
ptolemy.util.test.WatchDog.cancel(): canceling Fri Jul 12 02:57:39 UTC 2019
------------------ testing $PTII/ptolemy/domains/de/test/auto/ClockDriftAndValueChange.xml
auto.tcl: Setting watchdog for 200 seconds at Fri Jul 12 02:57:39 UTC 2019
40 ms. Memory: 45056K Free: 20231K (45%)
ptolemy.util.test.WatchDog.cancel(): canceling Fri Jul 12 02:57:39 UTC 2019
auto.tcl: Setting watchdog for 200 seconds at Fri Jul 12 02:57:39 UTC 2019
23 ms. Memory: 45056K Free: 17317K (38%)
ptolemy.util.test.WatchDog.cancel(): canceling Fri Jul 12 02:57:39 UTC 2019
------------------ testing $PTII/ptolemy/domains/de/test/auto/ClockDriftChange.xml
auto.tcl: Setting watchdog for 200 seconds at Fri Jul 12 02:57:39 UTC 2019
23 ms. Memory: 45056K Free: 21788K (48%)
ptolemy.util.test.WatchDog.cancel(): canceling Fri Jul 12 02:57:40 UTC 2019
auto.tcl: Setting watchdog for 200 seconds at Fri Jul 12 02:57:40 UTC 2019
17 ms. Memory: 45056K Free: 19015K (42%)
ptolemy.util.test.WatchDog.cancel(): canceling Fri Jul 12 02:57:40 UTC 2019
------------------ testing $PTII/ptolemy/domains/de/test/auto/ComposableCausalityAnalysis.xml
auto.tcl: Setting watchdog for 200 seconds at Fri Jul 12 02:57:40 UTC 2019
2 ms. Memory: 45056K Free: 26326K (58%)
ptolemy.util.test.WatchDog.cancel(): canceling Fri Jul 12 02:57:40 UTC 2019
auto.tcl: Setting watchdog for 200 seconds at Fri Jul 12 02:57:40 UTC 2019
4 ms. Memory: 45056K Free: 25500K (57%)
ptolemy.util.test.WatchDog.cancel(): canceling Fri Jul 12 02:57:40 UTC 2019
------------------ testing $PTII/ptolemy/domains/de/test/auto/DEFixedPointLimitation.xml
auto.tcl: Setting watchdog for 200 seconds at Fri Jul 12 02:57:40 UTC 2019
2 ms. Memory: 45056K Free: 27591K (61%)
ptolemy.util.test.WatchDog.cancel(): canceling Fri Jul 12 02:57:40 UTC 2019
auto.tcl: Setting watchdog for 200 seconds at Fri Jul 12 02:57:40 UTC 2019
2 ms. Memory: 45056K Free: 26885K (60%)
ptolemy.util.test.WatchDog.cancel(): canceling Fri Jul 12 02:57:40 UTC 2019
------------------ testing $PTII/ptolemy/domains/de/test/auto/DEScheduleTest.xml
auto.tcl: Setting watchdog for 200 seconds at Fri Jul 12 02:57:40 UTC 2019
6 ms. Memory: 45056K Free: 28055K (62%)
ptolemy.util.test.WatchDog.cancel(): canceling Fri Jul 12 02:57:40 UTC 2019
auto.tcl: Setting watchdog for 200 seconds at Fri Jul 12 02:57:40 UTC 2019
3 ms. Memory: 45056K Free: 27258K (60%)
ptolemy.util.test.WatchDog.cancel(): canceling Fri Jul 12 02:57:40 UTC 2019
------------------ testing $PTII/ptolemy/domains/de/test/auto/DEinDEwithStartTimes.xml
auto.tcl: Setting watchdog for 200 seconds at Fri Jul 12 02:57:40 UTC 2019
5 ms. Memory: 45056K Free: 26335K (58%)
ptolemy.util.test.WatchDog.cancel(): canceling Fri Jul 12 02:57:40 UTC 2019
auto.tcl: Setting watchdog for 200 seconds at Fri Jul 12 02:57:40 UTC 2019
5 ms. Memory: 45056K Free: 25212K (56%)
ptolemy.util.test.WatchDog.cancel(): canceling Fri Jul 12 02:57:40 UTC 2019
------------------ testing $PTII/ptolemy/domains/de/test/auto/DEinDEwithStartTimes2.xml
auto.tcl: Setting watchdog for 200 seconds at Fri Jul 12 02:57:40 UTC 2019
6 ms. Memory: 45056K Free: 25563K (57%)
ptolemy.util.test.WatchDog.cancel(): canceling Fri Jul 12 02:57:40 UTC 2019
auto.tcl: Setting watchdog for 200 seconds at Fri Jul 12 02:57:40 UTC 2019
4 ms. Memory: 45056K Free: 24247K (54%)
ptolemy.util.test.WatchDog.cancel(): canceling Fri Jul 12 02:57:40 UTC 2019
------------------ testing $PTII/ptolemy/domains/de/test/auto/DateDemo.xml
auto.tcl: Setting watchdog for 200 seconds at Fri Jul 12 02:57:40 UTC 2019
13 ms. Memory: 45056K Free: 20226K (45%)
ptolemy.util.test.WatchDog.cancel(): canceling Fri Jul 12 02:57:40 UTC 2019
auto.tcl: Setting watchdog for 200 seconds at Fri Jul 12 02:57:40 UTC 2019
8 ms. Memory: 45056K Free: 18650K (41%)
ptolemy.util.test.WatchDog.cancel(): canceling Fri Jul 12 02:57:40 UTC 2019
------------------ testing $PTII/ptolemy/domains/de/test/auto/DateToEvent.xml
auto.tcl: Setting watchdog for 200 seconds at Fri Jul 12 02:57:40 UTC 2019
2014 ms. Memory: 45056K Free: 15680K (35%)
ptolemy.util.test.WatchDog.cancel(): canceling Fri Jul 12 02:57:42 UTC 2019
auto.tcl: Setting watchdog for 200 seconds at Fri Jul 12 02:57:42 UTC 2019
2005 ms. Memory: 45056K Free: 15056K (33%)
ptolemy.util.test.WatchDog.cancel(): canceling Fri Jul 12 02:57:44 UTC 2019
------------------ testing $PTII/ptolemy/domains/de/test/auto/DepthTest1.xml
auto.tcl: Setting watchdog for 200 seconds at Fri Jul 12 02:57:44 UTC 2019
2 ms. Memory: 45056K Free: 28903K (64%)
ptolemy.util.test.WatchDog.cancel(): canceling Fri Jul 12 02:57:44 UTC 2019
auto.tcl: Setting watchdog for 200 seconds at Fri Jul 12 02:57:44 UTC 2019
1 ms. Memory: 45056K Free: 28512K (63%)
ptolemy.util.test.WatchDog.cancel(): canceling Fri Jul 12 02:57:44 UTC 2019
------------------ testing $PTII/ptolemy/domains/de/test/auto/DepthTest2.xml
auto.tcl: Setting watchdog for 200 seconds at Fri Jul 12 02:57:44 UTC 2019
4 ms. Memory: 45056K Free: 25805K (57%)
ptolemy.util.test.WatchDog.cancel(): canceling Fri Jul 12 02:57:44 UTC 2019
auto.tcl: Setting watchdog for 200 seconds at Fri Jul 12 02:57:44 UTC 2019
2 ms. Memory: 45056K Free: 25152K (56%)
ptolemy.util.test.WatchDog.cancel(): canceling Fri Jul 12 02:57:44 UTC 2019
------------------ testing $PTII/ptolemy/domains/de/test/auto/DepthTest3.xml
auto.tcl: Setting watchdog for 200 seconds at Fri Jul 12 02:57:44 UTC 2019
2 ms. Memory: 45056K Free: 29210K (65%)
ptolemy.util.test.WatchDog.cancel(): canceling Fri Jul 12 02:57:44 UTC 2019
auto.tcl: Setting watchdog for 200 seconds at Fri Jul 12 02:57:44 UTC 2019
2 ms. Memory: 45056K Free: 28827K (64%)
ptolemy.util.test.WatchDog.cancel(): canceling Fri Jul 12 02:57:44 UTC 2019
------------------ testing $PTII/ptolemy/domains/de/test/auto/DepthTest4.xml
auto.tcl: Setting watchdog for 200 seconds at Fri Jul 12 02:57:45 UTC 2019
3 ms. Memory: 45056K Free: 27524K (61%)
ptolemy.util.test.WatchDog.cancel(): canceling Fri Jul 12 02:57:45 UTC 2019
auto.tcl: Setting watchdog for 200 seconds at Fri Jul 12 02:57:45 UTC 2019
3 ms. Memory: 45056K Free: 26862K (60%)
ptolemy.util.test.WatchDog.cancel(): canceling Fri Jul 12 02:57:45 UTC 2019
------------------ testing $PTII/ptolemy/domains/de/test/auto/DepthTest5.xml
auto.tcl: Setting watchdog for 200 seconds at Fri Jul 12 02:57:45 UTC 2019
3 ms. Memory: 45056K Free: 27139K (60%)
ptolemy.util.test.WatchDog.cancel(): canceling Fri Jul 12 02:57:45 UTC 2019
auto.tcl: Setting watchdog for 200 seconds at Fri Jul 12 02:57:45 UTC 2019
4 ms. Memory: 45056K Free: 26173K (58%)
ptolemy.util.test.WatchDog.cancel(): canceling Fri Jul 12 02:57:45 UTC 2019
------------------ testing $PTII/ptolemy/domains/de/test/auto/DepthTest6.xml
auto.tcl: Setting watchdog for 200 seconds at Fri Jul 12 02:57:45 UTC 2019
3 ms. Memory: 45056K Free: 26656K (59%)
ptolemy.util.test.WatchDog.cancel(): canceling Fri Jul 12 02:57:45 UTC 2019
auto.tcl: Setting watchdog for 200 seconds at Fri Jul 12 02:57:45 UTC 2019
2 ms. Memory: 45056K Free: 26094K (58%)
ptolemy.util.test.WatchDog.cancel(): canceling Fri Jul 12 02:57:45 UTC 2019
------------------ testing $PTII/ptolemy/domains/de/test/auto/DepthTest7.xml
auto.tcl: Setting watchdog for 200 seconds at Fri Jul 12 02:57:45 UTC 2019
6 ms. Memory: 45056K Free: 27358K (61%)
ptolemy.util.test.WatchDog.cancel(): canceling Fri Jul 12 02:57:45 UTC 2019
auto.tcl: Setting watchdog for 200 seconds at Fri Jul 12 02:57:45 UTC 2019
2 ms. Memory: 45056K Free: 26410K (59%)
ptolemy.util.test.WatchDog.cancel(): canceling Fri Jul 12 02:57:45 UTC 2019
------------------ testing $PTII/ptolemy/domains/de/test/auto/EventToDate.xml
auto.tcl: Setting watchdog for 200 seconds at Fri Jul 12 02:57:45 UTC 2019
3008 ms. Memory: 45056K Free: 18357K (41%)
ptolemy.util.test.WatchDog.cancel(): canceling Fri Jul 12 02:57:48 UTC 2019
auto.tcl: Setting watchdog for 200 seconds at Fri Jul 12 02:57:48 UTC 2019
3004 ms. Memory: 45056K Free: 17589K (39%)
ptolemy.util.test.WatchDog.cancel(): canceling Fri Jul 12 02:57:51 UTC 2019
------------------ testing $PTII/ptolemy/domains/de/test/auto/FSM1.xml
auto.tcl: Setting watchdog for 200 seconds at Fri Jul 12 02:57:51 UTC 2019
43 ms. Memory: 45056K Free: 19473K (43%)
ptolemy.util.test.WatchDog.cancel(): canceling Fri Jul 12 02:57:51 UTC 2019
auto.tcl: Setting watchdog for 200 seconds at Fri Jul 12 02:57:51 UTC 2019
28 ms. Memory: 45056K Free: 15948K (35%)
ptolemy.util.test.WatchDog.cancel(): canceling Fri Jul 12 02:57:51 UTC 2019
------------------ testing $PTII/ptolemy/domains/de/test/auto/FSM7.xml
auto.tcl: Setting watchdog for 200 seconds at Fri Jul 12 02:57:51 UTC 2019
18 ms. Memory: 45056K Free: 19626K (44%)
ptolemy.util.test.WatchDog.cancel(): canceling Fri Jul 12 02:57:51 UTC 2019
auto.tcl: Setting watchdog for 200 seconds at Fri Jul 12 02:57:51 UTC 2019
21 ms. Memory: 45056K Free: 16100K (36%)
ptolemy.util.test.WatchDog.cancel(): canceling Fri Jul 12 02:57:51 UTC 2019
------------------ testing $PTII/ptolemy/domains/de/test/auto/Inspection.xml
auto.tcl: Setting watchdog for 200 seconds at Fri Jul 12 02:57:51 UTC 2019
44 ms. Memory: 45056K Free: 19292K (43%)
ptolemy.util.test.WatchDog.cancel(): canceling Fri Jul 12 02:57:51 UTC 2019
auto.tcl: Setting watchdog for 200 seconds at Fri Jul 12 02:57:51 UTC 2019
33 ms. Memory: 45056K Free: 17501K (39%)
ptolemy.util.test.WatchDog.cancel(): canceling Fri Jul 12 02:57:51 UTC 2019
------------------ testing $PTII/ptolemy/domains/de/test/auto/Iteration.xml
auto.tcl: Setting watchdog for 200 seconds at Fri Jul 12 02:57:51 UTC 2019
9 ms. Memory: 45056K Free: 24942K (55%)
ptolemy.util.test.WatchDog.cancel(): canceling Fri Jul 12 02:57:51 UTC 2019
auto.tcl: Setting watchdog for 200 seconds at Fri Jul 12 02:57:51 UTC 2019
8 ms. Memory: 45056K Free: 23910K (53%)
ptolemy.util.test.WatchDog.cancel(): canceling Fri Jul 12 02:57:51 UTC 2019
------------------ testing $PTII/ptolemy/domains/de/test/auto/LineFault.xml
auto.tcl: Setting watchdog for 200 seconds at Fri Jul 12 02:57:51 UTC 2019
775 ms. Memory: 54272K Free: 28420K (52%)
ptolemy.util.test.WatchDog.cancel(): canceling Fri Jul 12 02:57:52 UTC 2019
auto.tcl: Setting watchdog for 200 seconds at Fri Jul 12 02:57:52 UTC 2019
616 ms. Memory: 54272K Free: 20631K (38%)
ptolemy.util.test.WatchDog.cancel(): canceling Fri Jul 12 02:57:53 UTC 2019
------------------ testing $PTII/ptolemy/domains/de/test/auto/MergeModel1Add.xml
auto.tcl: Setting watchdog for 200 seconds at Fri Jul 12 02:57:53 UTC 2019
19 ms. Memory: 51200K Free: 17217K (34%)
ptolemy.util.test.WatchDog.cancel(): canceling Fri Jul 12 02:57:53 UTC 2019
auto.tcl: Setting watchdog for 200 seconds at Fri Jul 12 02:57:53 UTC 2019
15 ms. Memory: 51200K Free: 15543K (30%)
ptolemy.util.test.WatchDog.cancel(): canceling Fri Jul 12 02:57:53 UTC 2019
------------------ testing $PTII/ptolemy/domains/de/test/auto/MergeModel2Add.xml
auto.tcl: Setting watchdog for 200 seconds at Fri Jul 12 02:57:53 UTC 2019
14 ms. Memory: 51200K Free: 19290K (38%)
ptolemy.util.test.WatchDog.cancel(): canceling Fri Jul 12 02:57:53 UTC 2019
auto.tcl: Setting watchdog for 200 seconds at Fri Jul 12 02:57:53 UTC 2019
10 ms. Memory: 51200K Free: 17849K (35%)
ptolemy.util.test.WatchDog.cancel(): canceling Fri Jul 12 02:57:53 UTC 2019
------------------ testing $PTII/ptolemy/domains/de/test/auto/MergeModel3Add.xml
auto.tcl: Setting watchdog for 200 seconds at Fri Jul 12 02:57:53 UTC 2019
8 ms. Memory: 51200K Free: 19051K (37%)
ptolemy.util.test.WatchDog.cancel(): canceling Fri Jul 12 02:57:53 UTC 2019
auto.tcl: Setting watchdog for 200 seconds at Fri Jul 12 02:57:54 UTC 2019
7 ms. Memory: 51200K Free: 17385K (34%)
ptolemy.util.test.WatchDog.cancel(): canceling Fri Jul 12 02:57:54 UTC 2019
------------------ testing $PTII/ptolemy/domains/de/test/auto/MergeWithoutDiscard.xml
auto.tcl: Setting watchdog for 200 seconds at Fri Jul 12 02:57:54 UTC 2019
2 ms. Memory: 51200K Free: 33110K (65%)
ptolemy.util.test.WatchDog.cancel(): canceling Fri Jul 12 02:57:54 UTC 2019
auto.tcl: Setting watchdog for 200 seconds at Fri Jul 12 02:57:54 UTC 2019
1 ms. Memory: 51200K Free: 32669K (64%)
ptolemy.util.test.WatchDog.cancel(): canceling Fri Jul 12 02:57:54 UTC 2019
------------------ testing $PTII/ptolemy/domains/de/test/auto/Modal1.xml
auto.tcl: Setting watchdog for 200 seconds at Fri Jul 12 02:57:54 UTC 2019
17 ms. Memory: 48128K Free: 22713K (47%)
ptolemy.util.test.WatchDog.cancel(): canceling Fri Jul 12 02:57:54 UTC 2019
auto.tcl: Setting watchdog for 200 seconds at Fri Jul 12 02:57:54 UTC 2019
20 ms. Memory: 48128K Free: 19168K (40%)
ptolemy.util.test.WatchDog.cancel(): canceling Fri Jul 12 02:57:54 UTC 2019
------------------ testing $PTII/ptolemy/domains/de/test/auto/Modal2.xml
auto.tcl: Setting watchdog for 200 seconds at Fri Jul 12 02:57:54 UTC 2019
11 ms. Memory: 48128K Free: 21848K (45%)
ptolemy.util.test.WatchDog.cancel(): canceling Fri Jul 12 02:57:54 UTC 2019
auto.tcl: Setting watchdog for 200 seconds at Fri Jul 12 02:57:54 UTC 2019
16 ms. Memory: 48128K Free: 18691K (39%)
ptolemy.util.test.WatchDog.cancel(): canceling Fri Jul 12 02:57:54 UTC 2019
------------------ testing $PTII/ptolemy/domains/de/test/auto/Modal3.xml
auto.tcl: Setting watchdog for 200 seconds at Fri Jul 12 02:57:54 UTC 2019
11 ms. Memory: 48128K Free: 22318K (46%)
ptolemy.util.test.WatchDog.cancel(): canceling Fri Jul 12 02:57:54 UTC 2019
auto.tcl: Setting watchdog for 200 seconds at Fri Jul 12 02:57:54 UTC 2019
12 ms. Memory: 48128K Free: 19063K (40%)
ptolemy.util.test.WatchDog.cancel(): canceling Fri Jul 12 02:57:54 UTC 2019
------------------ testing $PTII/ptolemy/domains/de/test/auto/Modal4.xml
auto.tcl: Setting watchdog for 200 seconds at Fri Jul 12 02:57:54 UTC 2019
29 ms. Memory: 48128K Free: 21252K (44%)
ptolemy.util.test.WatchDog.cancel(): canceling Fri Jul 12 02:57:54 UTC 2019
auto.tcl: Setting watchdog for 200 seconds at Fri Jul 12 02:57:54 UTC 2019
26 ms. Memory: 48128K Free: 17432K (36%)
ptolemy.util.test.WatchDog.cancel(): canceling Fri Jul 12 02:57:54 UTC 2019
------------------ testing $PTII/ptolemy/domains/de/test/auto/Modal5.xml
auto.tcl: Setting watchdog for 200 seconds at Fri Jul 12 02:57:54 UTC 2019
13 ms. Memory: 48128K Free: 21255K (44%)
ptolemy.util.test.WatchDog.cancel(): canceling Fri Jul 12 02:57:54 UTC 2019
auto.tcl: Setting watchdog for 200 seconds at Fri Jul 12 02:57:54 UTC 2019
14 ms. Memory: 48128K Free: 17675K (37%)
ptolemy.util.test.WatchDog.cancel(): canceling Fri Jul 12 02:57:54 UTC 2019
------------------ testing $PTII/ptolemy/domains/de/test/auto/Modal6.xml
auto.tcl: Setting watchdog for 200 seconds at Fri Jul 12 02:57:54 UTC 2019
17 ms. Memory: 48128K Free: 22009K (46%)
ptolemy.util.test.WatchDog.cancel(): canceling Fri Jul 12 02:57:54 UTC 2019
auto.tcl: Setting watchdog for 200 seconds at Fri Jul 12 02:57:54 UTC 2019
17 ms. Memory: 48128K Free: 18073K (38%)
ptolemy.util.test.WatchDog.cancel(): canceling Fri Jul 12 02:57:54 UTC 2019
------------------ testing $PTII/ptolemy/domains/de/test/auto/Modal7.xml
auto.tcl: Setting watchdog for 200 seconds at Fri Jul 12 02:57:54 UTC 2019
10 ms. Memory: 48128K Free: 21010K (44%)
ptolemy.util.test.WatchDog.cancel(): canceling Fri Jul 12 02:57:54 UTC 2019
auto.tcl: Setting watchdog for 200 seconds at Fri Jul 12 02:57:54 UTC 2019
10 ms. Memory: 48128K Free: 17710K (37%)
ptolemy.util.test.WatchDog.cancel(): canceling Fri Jul 12 02:57:54 UTC 2019
------------------ testing $PTII/ptolemy/domains/de/test/auto/ModalModel.xml
auto.tcl: Setting watchdog for 200 seconds at Fri Jul 12 02:57:54 UTC 2019
191 ms. Memory: 59392K Free: 22581K (38%)
ptolemy.util.test.WatchDog.cancel(): canceling Fri Jul 12 02:57:55 UTC 2019
auto.tcl: Setting watchdog for 200 seconds at Fri Jul 12 02:57:55 UTC 2019
189 ms. Memory: 59392K Free: 21256K (36%)
ptolemy.util.test.WatchDog.cancel(): canceling Fri Jul 12 02:57:55 UTC 2019
------------------ testing $PTII/ptolemy/domains/de/test/auto/ModalSource.xml
auto.tcl: Setting watchdog for 200 seconds at Fri Jul 12 02:57:55 UTC 2019
6 ms. Memory: 48128K Free: 26109K (54%)
ptolemy.util.test.WatchDog.cancel(): canceling Fri Jul 12 02:57:55 UTC 2019
auto.tcl: Setting watchdog for 200 seconds at Fri Jul 12 02:57:55 UTC 2019
5 ms. Memory: 48128K Free: 24044K (50%)
ptolemy.util.test.WatchDog.cancel(): canceling Fri Jul 12 02:57:55 UTC 2019
------------------ testing $PTII/ptolemy/domains/de/test/auto/NonInterruptibleTimerZeroDelay.xml
auto.tcl: Setting watchdog for 200 seconds at Fri Jul 12 02:57:55 UTC 2019
3 ms. Memory: 48128K Free: 31281K (65%)
ptolemy.util.test.WatchDog.cancel(): canceling Fri Jul 12 02:57:55 UTC 2019
auto.tcl: Setting watchdog for 200 seconds at Fri Jul 12 02:57:55 UTC 2019
2 ms. Memory: 48128K Free: 30383K (63%)
ptolemy.util.test.WatchDog.cancel(): canceling Fri Jul 12 02:57:55 UTC 2019
------------------ testing $PTII/ptolemy/domains/de/test/auto/OpenQueueingNetwork.xml
auto.tcl: Setting watchdog for 200 seconds at Fri Jul 12 02:57:55 UTC 2019
2871 ms. Memory: 92160K Free: 43015K (47%)
ptolemy.util.test.WatchDog.cancel(): canceling Fri Jul 12 02:57:58 UTC 2019
auto.tcl: Setting watchdog for 200 seconds at Fri Jul 12 02:57:58 UTC 2019
2602 ms. Memory: 110592K Free: 75741K (68%)
ptolemy.util.test.WatchDog.cancel(): canceling Fri Jul 12 02:58:01 UTC 2019
------------------ testing $PTII/ptolemy/domains/de/test/auto/OpenQueuingNetwork.xml
auto.tcl: Setting watchdog for 200 seconds at Fri Jul 12 02:58:01 UTC 2019
249 ms. Memory: 51200K Free: 16943K (33%)
ptolemy.util.test.WatchDog.cancel(): canceling Fri Jul 12 02:58:01 UTC 2019
auto.tcl: Setting watchdog for 200 seconds at Fri Jul 12 02:58:01 UTC 2019
243 ms. Memory: 51200K Free: 21534K (42%)
ptolemy.util.test.WatchDog.cancel(): canceling Fri Jul 12 02:58:01 UTC 2019
------------------ testing $PTII/ptolemy/domains/de/test/auto/PeriodicSampler.xml
auto.tcl: Setting watchdog for 200 seconds at Fri Jul 12 02:58:01 UTC 2019
3 ms. Memory: 48128K Free: 30223K (63%)
ptolemy.util.test.WatchDog.cancel(): canceling Fri Jul 12 02:58:01 UTC 2019
auto.tcl: Setting watchdog for 200 seconds at Fri Jul 12 02:58:01 UTC 2019
2 ms. Memory: 48128K Free: 29744K (62%)
ptolemy.util.test.WatchDog.cancel(): canceling Fri Jul 12 02:58:01 UTC 2019
------------------ testing $PTII/ptolemy/domains/de/test/auto/PersistentIO.xml
auto.tcl: Setting watchdog for 200 seconds at Fri Jul 12 02:58:01 UTC 2019
19 ms. Memory: 48128K Free: 25161K (52%)
ptolemy.util.test.WatchDog.cancel(): canceling Fri Jul 12 02:58:01 UTC 2019
auto.tcl: Setting watchdog for 200 seconds at Fri Jul 12 02:58:01 UTC 2019
4 ms. Memory: 48128K Free: 23686K (49%)
ptolemy.util.test.WatchDog.cancel(): canceling Fri Jul 12 02:58:01 UTC 2019
------------------ testing $PTII/ptolemy/domains/de/test/auto/PortParameterResetOnInitialize.xml
auto.tcl: Setting watchdog for 200 seconds at Fri Jul 12 02:58:02 UTC 2019
3 ms. Memory: 48128K Free: 30131K (63%)
ptolemy.util.test.WatchDog.cancel(): canceling Fri Jul 12 02:58:02 UTC 2019
auto.tcl: Setting watchdog for 200 seconds at Fri Jul 12 02:58:02 UTC 2019
2 ms. Memory: 48128K Free: 29652K (62%)
ptolemy.util.test.WatchDog.cancel(): canceling Fri Jul 12 02:58:02 UTC 2019
------------------ testing $PTII/ptolemy/domains/de/test/auto/PortParameterUpdates.xml
auto.tcl: Setting watchdog for 200 seconds at Fri Jul 12 02:58:02 UTC 2019
5 ms. Memory: 48128K Free: 28445K (59%)
ptolemy.util.test.WatchDog.cancel(): canceling Fri Jul 12 02:58:02 UTC 2019
auto.tcl: Setting watchdog for 200 seconds at Fri Jul 12 02:58:02 UTC 2019
6 ms. Memory: 48128K Free: 27214K (57%)
ptolemy.util.test.WatchDog.cancel(): canceling Fri Jul 12 02:58:02 UTC 2019
------------------ testing $PTII/ptolemy/domains/de/test/auto/QueueAndServer.xml
auto.tcl: Setting watchdog for 200 seconds at Fri Jul 12 02:58:02 UTC 2019
6 ms. Memory: 48128K Free: 27415K (57%)
ptolemy.util.test.WatchDog.cancel(): canceling Fri Jul 12 02:58:02 UTC 2019
auto.tcl: Setting watchdog for 200 seconds at Fri Jul 12 02:58:02 UTC 2019
7 ms. Memory: 48128K Free: 25702K (53%)
ptolemy.util.test.WatchDog.cancel(): canceling Fri Jul 12 02:58:02 UTC 2019
------------------ testing $PTII/ptolemy/domains/de/test/auto/Records.xml
auto.tcl: Setting watchdog for 200 seconds at Fri Jul 12 02:58:02 UTC 2019
6 ms. Memory: 48128K Free: 29406K (61%)
ptolemy.util.test.WatchDog.cancel(): canceling Fri Jul 12 02:58:02 UTC 2019
auto.tcl: Setting watchdog for 200 seconds at Fri Jul 12 02:58:02 UTC 2019
3 ms. Memory: 48128K Free: 28927K (60%)
ptolemy.util.test.WatchDog.cancel(): canceling Fri Jul 12 02:58:02 UTC 2019
------------------ testing $PTII/ptolemy/domains/de/test/auto/ResetTransitionWithStartTime1.xml
auto.tcl: Setting watchdog for 200 seconds at Fri Jul 12 02:58:02 UTC 2019
11 ms. Memory: 48128K Free: 26631K (55%)
ptolemy.util.test.WatchDog.cancel(): canceling Fri Jul 12 02:58:02 UTC 2019
auto.tcl: Setting watchdog for 200 seconds at Fri Jul 12 02:58:02 UTC 2019
7 ms. Memory: 48128K Free: 24118K (50%)
ptolemy.util.test.WatchDog.cancel(): canceling Fri Jul 12 02:58:02 UTC 2019
------------------ testing $PTII/ptolemy/domains/de/test/auto/ResetTransitionWithStartTime2.xml
auto.tcl: Setting watchdog for 200 seconds at Fri Jul 12 02:58:02 UTC 2019
10 ms. Memory: 48128K Free: 26587K (55%)
ptolemy.util.test.WatchDog.cancel(): canceling Fri Jul 12 02:58:02 UTC 2019
auto.tcl: Setting watchdog for 200 seconds at Fri Jul 12 02:58:02 UTC 2019
8 ms. Memory: 48128K Free: 24539K (51%)
ptolemy.util.test.WatchDog.cancel(): canceling Fri Jul 12 02:58:02 UTC 2019
------------------ testing $PTII/ptolemy/domains/de/test/auto/ResetTransitionWithStartTime3.xml
auto.tcl: Setting watchdog for 200 seconds at Fri Jul 12 02:58:02 UTC 2019
10 ms. Memory: 48128K Free: 26585K (55%)
ptolemy.util.test.WatchDog.cancel(): canceling Fri Jul 12 02:58:02 UTC 2019
auto.tcl: Setting watchdog for 200 seconds at Fri Jul 12 02:58:02 UTC 2019
10 ms. Memory: 48128K Free: 24073K (50%)
ptolemy.util.test.WatchDog.cancel(): canceling Fri Jul 12 02:58:02 UTC 2019
------------------ testing $PTII/ptolemy/domains/de/test/auto/ResetTransitionWithStartTime4.xml
auto.tcl: Setting watchdog for 200 seconds at Fri Jul 12 02:58:02 UTC 2019
15 ms. Memory: 48128K Free: 27035K (56%)
ptolemy.util.test.WatchDog.cancel(): canceling Fri Jul 12 02:58:02 UTC 2019
auto.tcl: Setting watchdog for 200 seconds at Fri Jul 12 02:58:02 UTC 2019
4 ms. Memory: 48128K Free: 25641K (53%)
ptolemy.util.test.WatchDog.cancel(): canceling Fri Jul 12 02:58:02 UTC 2019
------------------ testing $PTII/ptolemy/domains/de/test/auto/ResettableTimer1.xml
auto.tcl: Setting watchdog for 200 seconds at Fri Jul 12 02:58:02 UTC 2019
2 ms. Memory: 48128K Free: 30845K (64%)
ptolemy.util.test.WatchDog.cancel(): canceling Fri Jul 12 02:58:02 UTC 2019
auto.tcl: Setting watchdog for 200 seconds at Fri Jul 12 02:58:02 UTC 2019
3 ms. Memory: 48128K Free: 30187K (63%)
ptolemy.util.test.WatchDog.cancel(): canceling Fri Jul 12 02:58:02 UTC 2019
------------------ testing $PTII/ptolemy/domains/de/test/auto/ResettableTimer2.xml
auto.tcl: Setting watchdog for 200 seconds at Fri Jul 12 02:58:02 UTC 2019
5 ms. Memory: 48128K Free: 30888K (64%)
ptolemy.util.test.WatchDog.cancel(): canceling Fri Jul 12 02:58:02 UTC 2019
auto.tcl: Setting watchdog for 200 seconds at Fri Jul 12 02:58:02 UTC 2019
3 ms. Memory: 48128K Free: 30240K (63%)
ptolemy.util.test.WatchDog.cancel(): canceling Fri Jul 12 02:58:02 UTC 2019
------------------ testing $PTII/ptolemy/domains/de/test/auto/ResettableTimer3.xml
auto.tcl: Setting watchdog for 200 seconds at Fri Jul 12 02:58:02 UTC 2019
1 ms. Memory: 48128K Free: 31215K (65%)
ptolemy.util.test.WatchDog.cancel(): canceling Fri Jul 12 02:58:02 UTC 2019
auto.tcl: Setting watchdog for 200 seconds at Fri Jul 12 02:58:02 UTC 2019
1 ms. Memory: 48128K Free: 30719K (64%)
ptolemy.util.test.WatchDog.cancel(): canceling Fri Jul 12 02:58:02 UTC 2019
------------------ testing $PTII/ptolemy/domains/de/test/auto/ResettableTimer4.xml
auto.tcl: Setting watchdog for 200 seconds at Fri Jul 12 02:58:02 UTC 2019
1 ms. Memory: 48128K Free: 31191K (65%)
ptolemy.util.test.WatchDog.cancel(): canceling Fri Jul 12 02:58:02 UTC 2019
auto.tcl: Setting watchdog for 200 seconds at Fri Jul 12 02:58:02 UTC 2019
1 ms. Memory: 48128K Free: 30732K (64%)
ptolemy.util.test.WatchDog.cancel(): canceling Fri Jul 12 02:58:02 UTC 2019
------------------ testing $PTII/ptolemy/domains/de/test/auto/ResettableTimer5.xml
auto.tcl: Setting watchdog for 200 seconds at Fri Jul 12 02:58:02 UTC 2019
2 ms. Memory: 48128K Free: 30747K (64%)
ptolemy.util.test.WatchDog.cancel(): canceling Fri Jul 12 02:58:02 UTC 2019
auto.tcl: Setting watchdog for 200 seconds at Fri Jul 12 02:58:02 UTC 2019
2 ms. Memory: 48128K Free: 30265K (63%)
ptolemy.util.test.WatchDog.cancel(): canceling Fri Jul 12 02:58:02 UTC 2019
------------------ testing $PTII/ptolemy/domains/de/test/auto/ResettableTimer6.xml
auto.tcl: Setting watchdog for 200 seconds at Fri Jul 12 02:58:02 UTC 2019
2 ms. Memory: 48128K Free: 30192K (63%)
ptolemy.util.test.WatchDog.cancel(): canceling Fri Jul 12 02:58:03 UTC 2019
auto.tcl: Setting watchdog for 200 seconds at Fri Jul 12 02:58:03 UTC 2019
2 ms. Memory: 48128K Free: 29714K (62%)
ptolemy.util.test.WatchDog.cancel(): canceling Fri Jul 12 02:58:03 UTC 2019
------------------ testing $PTII/ptolemy/domains/de/test/auto/ServerZeroDelay.xml
auto.tcl: Setting watchdog for 200 seconds at Fri Jul 12 02:58:03 UTC 2019
2 ms. Memory: 48128K Free: 30887K (64%)
ptolemy.util.test.WatchDog.cancel(): canceling Fri Jul 12 02:58:03 UTC 2019
auto.tcl: Setting watchdog for 200 seconds at Fri Jul 12 02:58:03 UTC 2019
3 ms. Memory: 48128K Free: 29754K (62%)
ptolemy.util.test.WatchDog.cancel(): canceling Fri Jul 12 02:58:03 UTC 2019
------------------ testing $PTII/ptolemy/domains/de/test/auto/SmartSender.xml
auto.tcl: Setting watchdog for 200 seconds at Fri Jul 12 02:58:03 UTC 2019
3002 ms. Memory: 48128K Free: 30754K (64%)
ptolemy.util.test.WatchDog.cancel(): canceling Fri Jul 12 02:58:06 UTC 2019
auto.tcl: Setting watchdog for 200 seconds at Fri Jul 12 02:58:06 UTC 2019
3003 ms. Memory: 48128K Free: 30242K (63%)
ptolemy.util.test.WatchDog.cancel(): canceling Fri Jul 12 02:58:09 UTC 2019
------------------ testing $PTII/ptolemy/domains/de/test/auto/ThreadedComposite.xml
auto.tcl: Setting watchdog for 200 seconds at Fri Jul 12 02:58:09 UTC 2019
225 ms. Memory: 48128K Free: 11264K (23%)
ptolemy.util.test.WatchDog.cancel(): canceling Fri Jul 12 02:58:09 UTC 2019
auto.tcl: Setting watchdog for 200 seconds at Fri Jul 12 02:58:09 UTC 2019
205 ms. Memory: 48128K Free: 19274K (40%)
ptolemy.util.test.WatchDog.cancel(): canceling Fri Jul 12 02:58:09 UTC 2019
------------------ testing $PTII/ptolemy/domains/de/test/auto/Time.xml
auto.tcl: Setting watchdog for 200 seconds at Fri Jul 12 02:58:09 UTC 2019
585 ms. Memory: 75776K Free: 30741K (41%)
ptolemy.util.test.WatchDog.cancel(): canceling Fri Jul 12 02:58:10 UTC 2019
auto.tcl: Setting watchdog for 200 seconds at Fri Jul 12 02:58:10 UTC 2019
540 ms. Memory: 75776K Free: 61538K (81%)
ptolemy.util.test.WatchDog.cancel(): canceling Fri Jul 12 02:58:10 UTC 2019
------------------ testing $PTII/ptolemy/domains/de/test/auto/TimeDelayZeroDelay.xml
auto.tcl: Setting watchdog for 200 seconds at Fri Jul 12 02:58:10 UTC 2019
2 ms. Memory: 48128K Free: 31133K (65%)
ptolemy.util.test.WatchDog.cancel(): canceling Fri Jul 12 02:58:10 UTC 2019
auto.tcl: Setting watchdog for 200 seconds at Fri Jul 12 02:58:10 UTC 2019
2 ms. Memory: 48128K Free: 30311K (63%)
ptolemy.util.test.WatchDog.cancel(): canceling Fri Jul 12 02:58:10 UTC 2019
------------------ testing $PTII/ptolemy/domains/de/test/auto/TimerZeroDelay.xml
auto.tcl: Setting watchdog for 200 seconds at Fri Jul 12 02:58:11 UTC 2019
4 ms. Memory: 48128K Free: 31134K (65%)
ptolemy.util.test.WatchDog.cancel(): canceling Fri Jul 12 02:58:11 UTC 2019
auto.tcl: Setting watchdog for 200 seconds at Fri Jul 12 02:58:11 UTC 2019
2 ms. Memory: 48128K Free: 30354K (63%)
ptolemy.util.test.WatchDog.cancel(): canceling Fri Jul 12 02:58:11 UTC 2019
------------------ testing $PTII/ptolemy/domains/de/test/auto/TimingParadox.xml
auto.tcl: Setting watchdog for 200 seconds at Fri Jul 12 02:58:11 UTC 2019
352 ms. Memory: 48128K Free: 15773K (33%)
ptolemy.util.test.WatchDog.cancel(): canceling Fri Jul 12 02:58:11 UTC 2019
auto.tcl: Setting watchdog for 200 seconds at Fri Jul 12 02:58:11 UTC 2019
359 ms. Memory: 48128K Free: 29499K (61%)
ptolemy.util.test.WatchDog.cancel(): canceling Fri Jul 12 02:58:11 UTC 2019
------------------ testing $PTII/ptolemy/domains/de/test/auto/TransferInputs.xml
auto.tcl: Setting watchdog for 200 seconds at Fri Jul 12 02:58:11 UTC 2019
2 ms. Memory: 48128K Free: 29147K (61%)
ptolemy.util.test.WatchDog.cancel(): canceling Fri Jul 12 02:58:11 UTC 2019
auto.tcl: Setting watchdog for 200 seconds at Fri Jul 12 02:58:11 UTC 2019
2 ms. Memory: 48128K Free: 28315K (59%)
ptolemy.util.test.WatchDog.cancel(): canceling Fri Jul 12 02:58:11 UTC 2019
------------------ testing $PTII/ptolemy/domains/de/test/auto/TransferOutputs2.xml
auto.tcl: Setting watchdog for 200 seconds at Fri Jul 12 02:58:12 UTC 2019
3 ms. Memory: 48128K Free: 26590K (55%)
ptolemy.util.test.WatchDog.cancel(): canceling Fri Jul 12 02:58:12 UTC 2019
auto.tcl: Setting watchdog for 200 seconds at Fri Jul 12 02:58:12 UTC 2019
3 ms. Memory: 48128K Free: 25186K (52%)
ptolemy.util.test.WatchDog.cancel(): canceling Fri Jul 12 02:58:12 UTC 2019
------------------ testing $PTII/ptolemy/domains/de/test/auto/Trilateration.xml
auto.tcl: Setting watchdog for 200 seconds at Fri Jul 12 02:58:12 UTC 2019
14870 ms. Memory: 435200K Free: 190160K (44%)
ptolemy.util.test.WatchDog.cancel(): canceling Fri Jul 12 02:58:28 UTC 2019
auto.tcl: Setting watchdog for 200 seconds at Fri Jul 12 02:58:28 UTC 2019
11209 ms. Memory: 522240K Free: 324890K (62%)
ptolemy.util.test.WatchDog.cancel(): canceling Fri Jul 12 02:58:39 UTC 2019
------------------ testing $PTII/ptolemy/domains/de/test/auto/TwoSigmaDelta.xml
auto.tcl: Setting watchdog for 200 seconds at Fri Jul 12 02:58:39 UTC 2019
2594 ms. Memory: 86016K Free: 23743K (28%)
ptolemy.util.test.WatchDog.cancel(): canceling Fri Jul 12 02:58:42 UTC 2019
auto.tcl: Setting watchdog for 200 seconds at Fri Jul 12 02:58:42 UTC 2019
2044 ms. Memory: 86016K Free: 14505K (17%)
ptolemy.util.test.WatchDog.cancel(): canceling Fri Jul 12 02:58:44 UTC 2019
------------------ testing $PTII/ptolemy/domains/de/test/auto/VariableDelay.xml
auto.tcl: Setting watchdog for 200 seconds at Fri Jul 12 02:58:44 UTC 2019
3 ms. Memory: 51200K Free: 32699K (64%)
ptolemy.util.test.WatchDog.cancel(): canceling Fri Jul 12 02:58:44 UTC 2019
auto.tcl: Setting watchdog for 200 seconds at Fri Jul 12 02:58:44 UTC 2019
2 ms. Memory: 51200K Free: 31675K (62%)
ptolemy.util.test.WatchDog.cancel(): canceling Fri Jul 12 02:58:44 UTC 2019
------------------ testing $PTII/ptolemy/domains/de/test/auto/VariableDelay2.xml
auto.tcl: Setting watchdog for 200 seconds at Fri Jul 12 02:58:44 UTC 2019
2 ms. Memory: 51200K Free: 33023K (64%)
ptolemy.util.test.WatchDog.cancel(): canceling Fri Jul 12 02:58:44 UTC 2019
auto.tcl: Setting watchdog for 200 seconds at Fri Jul 12 02:58:44 UTC 2019
1 ms. Memory: 51200K Free: 32073K (63%)
ptolemy.util.test.WatchDog.cancel(): canceling Fri Jul 12 02:58:44 UTC 2019
------------------ testing $PTII/ptolemy/domains/de/test/auto/VariableDelayZeroDelay.xml
auto.tcl: Setting watchdog for 200 seconds at Fri Jul 12 02:58:44 UTC 2019
2 ms. Memory: 48128K Free: 30568K (64%)
ptolemy.util.test.WatchDog.cancel(): canceling Fri Jul 12 02:58:44 UTC 2019
auto.tcl: Setting watchdog for 200 seconds at Fri Jul 12 02:58:44 UTC 2019
2 ms. Memory: 48128K Free: 30067K (62%)
ptolemy.util.test.WatchDog.cancel(): canceling Fri Jul 12 02:58:44 UTC 2019
------------------ testing $PTII/ptolemy/domains/de/test/auto/VariableDelayZeroDelay2.xml
auto.tcl: Setting watchdog for 200 seconds at Fri Jul 12 02:58:44 UTC 2019
4 ms. Memory: 48128K Free: 30567K (64%)
ptolemy.util.test.WatchDog.cancel(): canceling Fri Jul 12 02:58:44 UTC 2019
auto.tcl: Setting watchdog for 200 seconds at Fri Jul 12 02:58:44 UTC 2019
2 ms. Memory: 48128K Free: 29595K (61%)
ptolemy.util.test.WatchDog.cancel(): canceling Fri Jul 12 02:58:44 UTC 2019
------------------ testing $PTII/ptolemy/domains/de/test/auto/deInCt.xml
auto.tcl: Setting watchdog for 200 seconds at Fri Jul 12 02:58:44 UTC 2019
0
1
1
0
0
0
1
1
1
1
1
0
0
1
1
1
1
0
0
0
1
1
1
0
0
1
1
1
0
0
0
1
1
1
1
1
1
1
9 ms. Memory: 48128K Free: 29540K (61%)
ptolemy.util.test.WatchDog.cancel(): canceling Fri Jul 12 02:58:44 UTC 2019
auto.tcl: Setting watchdog for 200 seconds at Fri Jul 12 02:58:44 UTC 2019
0
1
1
1
0
0
0
0
1
1
1
0
0
0
1
1
1
0
0
0
1
1
1
1
1
0
0
0
1
1
1
0
0
0
1
1
1
0
0
0
0
10 ms. Memory: 48128K Free: 27999K (58%)
ptolemy.util.test.WatchDog.cancel(): canceling Fri Jul 12 02:58:44 UTC 2019
------------------ testing $PTII/ptolemy/domains/de/test/auto/deInCt2.xml
auto.tcl: Setting watchdog for 200 seconds at Fri Jul 12 02:58:44 UTC 2019
0
1
1
1
0
0
1
1
1
0
0
1
1
1
0
0
1
1
1
0
0
1
1
1
0
0
1
1
1
0
0
1
1
1
0
0
1
1
1
0
0
0
13 ms. Memory: 48128K Free: 29543K (61%)
ptolemy.util.test.WatchDog.cancel(): canceling Fri Jul 12 02:58:44 UTC 2019
auto.tcl: Setting watchdog for 200 seconds at Fri Jul 12 02:58:44 UTC 2019
0
1
1
1
0
0
1
1
1
0
0
1
1
1
0
0
1
1
1
0
0
1
1
1
0
0
1
1
1
0
0
1
1
1
0
0
1
1
1
0
0
0
9 ms. Memory: 48128K Free: 28002K (58%)
ptolemy.util.test.WatchDog.cancel(): canceling Fri Jul 12 02:58:44 UTC 2019
------------------ testing $PTII/ptolemy/domains/de/test/auto/dynamicCausalityInterface1.xml
auto.tcl: Setting watchdog for 200 seconds at Fri Jul 12 02:58:44 UTC 2019
2 ms. Memory: 48128K Free: 25441K (53%)
ptolemy.util.test.WatchDog.cancel(): canceling Fri Jul 12 02:58:44 UTC 2019
auto.tcl: Setting watchdog for 200 seconds at Fri Jul 12 02:58:44 UTC 2019
1 ms. Memory: 48128K Free: 24940K (52%)
ptolemy.util.test.WatchDog.cancel(): canceling Fri Jul 12 02:58:44 UTC 2019
------------------ testing $PTII/ptolemy/domains/de/test/auto/fsm_de_test.xml
auto.tcl: Setting watchdog for 200 seconds at Fri Jul 12 02:58:44 UTC 2019
7 ms. Memory: 48128K Free: 25339K (53%)
ptolemy.util.test.WatchDog.cancel(): canceling Fri Jul 12 02:58:44 UTC 2019
auto.tcl: Setting watchdog for 200 seconds at Fri Jul 12 02:58:44 UTC 2019
4 ms. Memory: 48128K Free: 23343K (49%)
ptolemy.util.test.WatchDog.cancel(): canceling Fri Jul 12 02:58:44 UTC 2019
------------------ testing $PTII/ptolemy/domains/de/test/auto/functionDependencyReconstruction.xml
auto.tcl: Setting watchdog for 200 seconds at Fri Jul 12 02:58:44 UTC 2019
2 ms. Memory: 48128K Free: 19308K (40%)
ptolemy.util.test.WatchDog.cancel(): canceling Fri Jul 12 02:58:44 UTC 2019
auto.tcl: Setting watchdog for 200 seconds at Fri Jul 12 02:58:44 UTC 2019
2 ms. Memory: 48128K Free: 17644K (37%)
ptolemy.util.test.WatchDog.cancel(): canceling Fri Jul 12 02:58:44 UTC 2019
------------------ testing $PTII/ptolemy/domains/de/test/auto/multirate.xml
auto.tcl: Setting watchdog for 200 seconds at Fri Jul 12 02:58:44 UTC 2019
6 ms. Memory: 48128K Free: 27984K (58%)
ptolemy.util.test.WatchDog.cancel(): canceling Fri Jul 12 02:58:45 UTC 2019
auto.tcl: Setting watchdog for 200 seconds at Fri Jul 12 02:58:45 UTC 2019
3 ms. Memory: 48128K Free: 26316K (55%)
ptolemy.util.test.WatchDog.cancel(): canceling Fri Jul 12 02:58:45 UTC 2019
------------------ testing $PTII/ptolemy/domains/de/test/auto/multirate2.xml
auto.tcl: Setting watchdog for 200 seconds at Fri Jul 12 02:58:45 UTC 2019
3 ms. Memory: 48128K Free: 28155K (59%)
ptolemy.util.test.WatchDog.cancel(): canceling Fri Jul 12 02:58:45 UTC 2019
auto.tcl: Setting watchdog for 200 seconds at Fri Jul 12 02:58:45 UTC 2019
3 ms. Memory: 48128K Free: 26935K (56%)
ptolemy.util.test.WatchDog.cancel(): canceling Fri Jul 12 02:58:45 UTC 2019
------------------ testing $PTII/ptolemy/domains/de/test/auto/realtime.xml
auto.tcl: Setting watchdog for 200 seconds at Fri Jul 12 02:58:45 UTC 2019
10001 ms. Memory: 48128K Free: 30174K (63%)
ptolemy.util.test.WatchDog.cancel(): canceling Fri Jul 12 02:58:55 UTC 2019
auto.tcl: Setting watchdog for 200 seconds at Fri Jul 12 02:58:55 UTC 2019
10003 ms. Memory: 48128K Free: 29486K (61%)
ptolemy.util.test.WatchDog.cancel(): canceling Fri Jul 12 02:59:05 UTC 2019
------------------ testing $PTII/ptolemy/domains/de/test/auto/relationGroup.xml
auto.tcl: Setting watchdog for 200 seconds at Fri Jul 12 02:59:05 UTC 2019
2 ms. Memory: 48128K Free: 31272K (65%)
ptolemy.util.test.WatchDog.cancel(): canceling Fri Jul 12 02:59:05 UTC 2019
auto.tcl: Setting watchdog for 200 seconds at Fri Jul 12 02:59:05 UTC 2019
2 ms. Memory: 48128K Free: 30535K (63%)
ptolemy.util.test.WatchDog.cancel(): canceling Fri Jul 12 02:59:05 UTC 2019
------------------ testing $PTII/ptolemy/domains/de/test/auto/relationGroup2.xml
auto.tcl: Setting watchdog for 200 seconds at Fri Jul 12 02:59:05 UTC 2019
1 ms. Memory: 48128K Free: 31307K (65%)
ptolemy.util.test.WatchDog.cancel(): canceling Fri Jul 12 02:59:05 UTC 2019
auto.tcl: Setting watchdog for 200 seconds at Fri Jul 12 02:59:05 UTC 2019
1 ms. Memory: 48128K Free: 30561K (63%)
ptolemy.util.test.WatchDog.cancel(): canceling Fri Jul 12 02:59:05 UTC 2019
------------------ testing $PTII/ptolemy/domains/de/test/auto/sortWithOpaquePorts.xml
auto.tcl: Setting watchdog for 200 seconds at Fri Jul 12 02:59:05 UTC 2019
2 ms. Memory: 48128K Free: 30016K (62%)
ptolemy.util.test.WatchDog.cancel(): canceling Fri Jul 12 02:59:05 UTC 2019
auto.tcl: Setting watchdog for 200 seconds at Fri Jul 12 02:59:05 UTC 2019
2 ms. Memory: 48128K Free: 29056K (60%)
ptolemy.util.test.WatchDog.cancel(): canceling Fri Jul 12 02:59:05 UTC 2019
------------------ testing $PTII/ptolemy/domains/de/test/auto/transferInputsandOutputs.xml
auto.tcl: Setting watchdog for 200 seconds at Fri Jul 12 02:59:05 UTC 2019
2 ms. Memory: 48128K Free: 27508K (57%)
ptolemy.util.test.WatchDog.cancel(): canceling Fri Jul 12 02:59:05 UTC 2019
auto.tcl: Setting watchdog for 200 seconds at Fri Jul 12 02:59:05 UTC 2019
3 ms. Memory: 48128K Free: 26498K (55%)
ptolemy.util.test.WatchDog.cancel(): canceling Fri Jul 12 02:59:05 UTC 2019
------------------ testing $PTII/ptolemy/domains/de/test/auto/triggerType.xml
auto.tcl: Setting watchdog for 200 seconds at Fri Jul 12 02:59:05 UTC 2019
3 ms. Memory: 48128K Free: 30533K (63%)
ptolemy.util.test.WatchDog.cancel(): canceling Fri Jul 12 02:59:05 UTC 2019
auto.tcl: Setting watchdog for 200 seconds at Fri Jul 12 02:59:05 UTC 2019
2 ms. Memory: 48128K Free: 29569K (61%)
ptolemy.util.test.WatchDog.cancel(): canceling Fri Jul 12 02:59:05 UTC 2019
07/12/19 02:59:05
Failed: 0  Total Tests: 192  ((Passed: 187, Newly Passed: 1)  Known Failed: 5) /home/travis/build/icyphy/ptII/ptolemy/domains/de/test
07/12/19 02:59:05
Failed: 0  Total Tests: 192  ((Passed: 187, Newly Passed: 1)  Known Failed: 5) /home/travis/build/icyphy/ptII/ptolemy/domains/de/test
----------------- testing (KnownFailure) /home/travis/build/icyphy/ptII/ptolemy/domains/de/test/auto/knownFailedTests/DESDFClockTest.xml
2018 ms. Memory: 48128K Free: 23928K (50%)
Known Failure: java.lang.reflect.InvocationTargetException
----------------- testing (KnownFailure) /home/travis/build/icyphy/ptII/ptolemy/domains/de/test/auto/knownFailedTests/DirectFeedback.xml
4 ms. Memory: 48128K Free: 20346K (42%)
Known Failure: java.lang.reflect.InvocationTargetException
----------------- testing (KnownFailure) /home/travis/build/icyphy/ptII/ptolemy/domains/de/test/auto/knownFailedTests/FSMSource.xml
9 ms. Memory: 48128K Free: 13178K (27%)
----------------- testing (KnownFailure) /home/travis/build/icyphy/ptII/ptolemy/domains/de/test/auto/knownFailedTests/HierarchicalModel.xml
4 ms. Memory: 48128K Free: 24175K (50%)
Known Failure: java.lang.reflect.InvocationTargetException
----------------- testing (KnownFailure) /home/travis/build/icyphy/ptII/ptolemy/domains/de/test/auto/knownFailedTests/dependencyLoop.xml
2 ms. Memory: 48128K Free: 9060K (19%)
Known Failure: java.lang.reflect.InvocationTargetException
----------------- testing (KnownFailure) /home/travis/build/icyphy/ptII/ptolemy/domains/de/test/auto/knownFailedTests/dependencyLoop2.xml
8 ms. Memory: 48128K Free: 21173K (44%)
Known Failure: java.lang.reflect.InvocationTargetException
No auto/linux-amd64/*.xml tests in /home/travis/build/icyphy/ptII/ptolemy/domains/de/test
AutoTests.java: About to close Vertx.
AutoTests.java: Vertx closed.

===========================================================================================
----------------- testing Fri Jul 12 02:59:07 UTC 2019 /home/travis/build/icyphy/ptII/ptolemy/domains/de/test/auto/ActorDepthCalculation_actorWithoutPorts.xml
----------------- Instantiating /home/travis/build/icyphy/ptII/ptolemy/domains/de/test/auto/ActorDepthCalculation_actorWithoutPorts.xml
2 ms. Memory: 48128K Free: 14610K (30%)
----------------- Invoking toplevel() on ptolemy.moml.MoMLSimpleApplication@30ea4efb
----------------- Done invoking toplevel() on ptolemy.moml.MoMLSimpleApplication@30ea4efb
reloadAllAccessors: .ActorDepthCalculation_actorWithoutPorts

===========================================================================================
----------------- testing Fri Jul 12 02:59:07 UTC 2019 /home/travis/build/icyphy/ptII/ptolemy/domains/de/test/auto/AssemblyLine.xml
----------------- Instantiating /home/travis/build/icyphy/ptII/ptolemy/domains/de/test/auto/AssemblyLine.xml
7 ms. Memory: 48128K Free: 33828K (70%)
----------------- Invoking toplevel() on ptolemy.moml.MoMLSimpleApplication@384bf4e4
----------------- Done invoking toplevel() on ptolemy.moml.MoMLSimpleApplication@384bf4e4
reloadAllAccessors: .AssemblyLine

===========================================================================================
----------------- testing Fri Jul 12 02:59:07 UTC 2019 /home/travis/build/icyphy/ptII/ptolemy/domains/de/test/auto/CQBug1.xml
----------------- Instantiating /home/travis/build/icyphy/ptII/ptolemy/domains/de/test/auto/CQBug1.xml
1 ms. Memory: 48128K Free: 30748K (64%)
----------------- Invoking toplevel() on ptolemy.moml.MoMLSimpleApplication@5839d176
----------------- Done invoking toplevel() on ptolemy.moml.MoMLSimpleApplication@5839d176
reloadAllAccessors: .CQBug1

===========================================================================================
----------------- testing Fri Jul 12 02:59:07 UTC 2019 /home/travis/build/icyphy/ptII/ptolemy/domains/de/test/auto/CancelFireAt.xml
----------------- Instantiating /home/travis/build/icyphy/ptII/ptolemy/domains/de/test/auto/CancelFireAt.xml
2 ms. Memory: 48128K Free: 28329K (59%)
----------------- Invoking toplevel() on ptolemy.moml.MoMLSimpleApplication@718e612a
----------------- Done invoking toplevel() on ptolemy.moml.MoMLSimpleApplication@718e612a
reloadAllAccessors: .CancelFireAt

===========================================================================================
----------------- testing Fri Jul 12 02:59:07 UTC 2019 /home/travis/build/icyphy/ptII/ptolemy/domains/de/test/auto/CausalityAndComposabilityAnalysis.xml
----------------- Instantiating /home/travis/build/icyphy/ptII/ptolemy/domains/de/test/auto/CausalityAndComposabilityAnalysis.xml
4 ms. Memory: 48128K Free: 24241K (50%)
----------------- Invoking toplevel() on ptolemy.moml.MoMLSimpleApplication@282c2d11
----------------- Done invoking toplevel() on ptolemy.moml.MoMLSimpleApplication@282c2d11
reloadAllAccessors: .CausalityAndComposabilityAnalysis

===========================================================================================
----------------- testing Fri Jul 12 02:59:07 UTC 2019 /home/travis/build/icyphy/ptII/ptolemy/domains/de/test/auto/CausalityInterface1.xml
----------------- Instantiating /home/travis/build/icyphy/ptII/ptolemy/domains/de/test/auto/CausalityInterface1.xml
13 ms. Memory: 48128K Free: 19314K (40%)
----------------- Invoking toplevel() on ptolemy.moml.MoMLSimpleApplication@2295b9f8
----------------- Done invoking toplevel() on ptolemy.moml.MoMLSimpleApplication@2295b9f8
reloadAllAccessors: .CausalityInterface1

===========================================================================================
----------------- testing Fri Jul 12 02:59:08 UTC 2019 /home/travis/build/icyphy/ptII/ptolemy/domains/de/test/auto/CausalityInterface15.xml
----------------- Instantiating /home/travis/build/icyphy/ptII/ptolemy/domains/de/test/auto/CausalityInterface15.xml
2 ms. Memory: 48128K Free: 13959K (29%)
----------------- Invoking toplevel() on ptolemy.moml.MoMLSimpleApplication@a145c3a
----------------- Done invoking toplevel() on ptolemy.moml.MoMLSimpleApplication@a145c3a
reloadAllAccessors: .CausalityInterface15

===========================================================================================
----------------- testing Fri Jul 12 02:59:08 UTC 2019 /home/travis/build/icyphy/ptII/ptolemy/domains/de/test/auto/CausalityInterface2.xml
----------------- Instantiating /home/travis/build/icyphy/ptII/ptolemy/domains/de/test/auto/CausalityInterface2.xml
1 ms. Memory: 48128K Free: 9454K (20%)
[...]
	at ptolemy.actor.Manager.run(Manager.java:1263)
	at ptolemy.actor.Manager$PtolemyRunThread.run(Manager.java:1915)
java.lang.RuntimeException: Execution failed
	at ptolemy.moml.MoMLSimpleApplication$UnloadThread.run(MoMLSimpleApplication.java:402)
Caused by: ptolemy.kernel.util.IllegalActionException: Actor is not ready to fire.  Perhaps UpSample.prefire() returned false? Try debugging the actor by selecting "Listen to Actor".  Also, for SDF check moml for tokenConsumptionRate on input.
  in .DESDFClockTest.Play Bell.Copy1:SDF Director and .DESDFClockTest.Play Bell.UpSample
	at ptolemy.actor.sched.StaticSchedulingDirector.fire(StaticSchedulingDirector.java:227)
	at ptolemy.domains.sdf.kernel.SDFDirector.fire(SDFDirector.java:500)
	at ptolemy.actor.CompositeActor.fire(CompositeActor.java:455)
	at ptolemy.domains.de.kernel.DEDirector._fire(DEDirector.java:1949)
	at ptolemy.domains.de.kernel.DEDirector.fire(DEDirector.java:502)
	at ptolemy.actor.CompositeActor.fire(CompositeActor.java:455)
	at ptolemy.actor.Manager.iterate(Manager.java:851)
	at ptolemy.actor.Manager.execute(Manager.java:369)
	at ptolemy.actor.Manager.run(Manager.java:1263)
	at ptolemy.actor.Manager$PtolemyRunThread.run(Manager.java:1915)
java.lang.reflect.InvocationTargetException
	at java.base/jdk.internal.reflect.NativeConstructorAccessorImpl.newInstance0(Native Method)
	at java.base/jdk.internal.reflect.NativeConstructorAccessorImpl.newInstance(NativeConstructorAccessorImpl.java:62)
	at java.base/jdk.internal.reflect.DelegatingConstructorAccessorImpl.newInstance(DelegatingConstructorAccessorImpl.java:45)
	at java.base/java.lang.reflect.Constructor.newInstance(Constructor.java:490)
	at ptolemy.util.test.junit.AutoKnownFailedTests.RunModel(AutoKnownFailedTests.java:105)
	at java.base/jdk.internal.reflect.NativeMethodAccessorImpl.invoke0(Native Method)
	at java.base/jdk.internal.reflect.NativeMethodAccessorImpl.invoke(NativeMethodAccessorImpl.java:62)
	at java.base/jdk.internal.reflect.DelegatingMethodAccessorImpl.invoke(DelegatingMethodAccessorImpl.java:43)
	at java.base/java.lang.reflect.Method.invoke(Method.java:566)
	at org.junit.runners.model.FrameworkMethod$1.runReflectiveCall(FrameworkMethod.java:44)
	at org.junit.internal.runners.model.ReflectiveCallable.run(ReflectiveCallable.java:15)
	at org.junit.runners.model.FrameworkMethod.invokeExplosively(FrameworkMethod.java:41)
	at junitparams.internal.InvokeParameterisedMethod.evaluate(InvokeParameterisedMethod.java:102)
	at org.junit.internal.runners.statements.FailOnTimeout$1.run(FailOnTimeout.java:28)
Caused by: ptolemy.kernel.util.IllegalActionException: Actor is not ready to fire.  Perhaps UpSample.prefire() returned false? Try debugging the actor by selecting "Listen to Actor".  Also, for SDF check moml for tokenConsumptionRate on input.
  in .DESDFClockTest.Play Bell.Copy1:SDF Director and .DESDFClockTest.Play Bell.UpSample
	at ptolemy.actor.sched.StaticSchedulingDirector.fire(StaticSchedulingDirector.java:227)
	at ptolemy.domains.sdf.kernel.SDFDirector.fire(SDFDirector.java:500)
	at ptolemy.actor.CompositeActor.fire(CompositeActor.java:455)
	at ptolemy.domains.de.kernel.DEDirector._fire(DEDirector.java:1949)
	at ptolemy.domains.de.kernel.DEDirector.fire(DEDirector.java:502)
	at ptolemy.actor.CompositeActor.fire(CompositeActor.java:455)
	at ptolemy.actor.Manager.iterate(Manager.java:851)
	at ptolemy.actor.Manager.execute(Manager.java:369)
	at ptolemy.actor.Manager.run(Manager.java:1263)
	at ptolemy.actor.Manager$PtolemyRunThread.run(Manager.java:1915)
java.lang.RuntimeException: Execution failed
	at ptolemy.moml.MoMLSimpleApplication$UnloadThread.run(MoMLSimpleApplication.java:402)
Caused by: ptolemy.kernel.util.IllegalActionException: Test fails in iteration 1.
Value was: 1.0. Should have been: 2.0
  in .DirectFeedback.Test
	at ptolemy.actor.lib.Test.fire(Test.java:268)
	at ptolemy.domains.de.kernel.DEDirector._fire(DEDirector.java:1949)
	at ptolemy.domains.de.kernel.DEDirector.fire(DEDirector.java:502)
	at ptolemy.actor.CompositeActor.fire(CompositeActor.java:455)
	at ptolemy.actor.Manager.iterate(Manager.java:851)
	at ptolemy.actor.Manager.execute(Manager.java:369)
	at ptolemy.actor.Manager.run(Manager.java:1263)
	at ptolemy.actor.Manager$PtolemyRunThread.run(Manager.java:1915)
java.lang.reflect.InvocationTargetException
	at java.base/jdk.internal.reflect.NativeConstructorAccessorImpl.newInstance0(Native Method)
	at java.base/jdk.internal.reflect.NativeConstructorAccessorImpl.newInstance(NativeConstructorAccessorImpl.java:62)
	at java.base/jdk.internal.reflect.DelegatingConstructorAccessorImpl.newInstance(DelegatingConstructorAccessorImpl.java:45)
	at java.base/java.lang.reflect.Constructor.newInstance(Constructor.java:490)
	at ptolemy.util.test.junit.AutoKnownFailedTests.RunModel(AutoKnownFailedTests.java:105)
	at java.base/jdk.internal.reflect.NativeMethodAccessorImpl.invoke0(Native Method)
	at java.base/jdk.internal.reflect.NativeMethodAccessorImpl.invoke(NativeMethodAccessorImpl.java:62)
	at java.base/jdk.internal.reflect.DelegatingMethodAccessorImpl.invoke(DelegatingMethodAccessorImpl.java:43)
	at java.base/java.lang.reflect.Method.invoke(Method.java:566)
	at org.junit.runners.model.FrameworkMethod$1.runReflectiveCall(FrameworkMethod.java:44)
	at org.junit.internal.runners.model.ReflectiveCallable.run(ReflectiveCallable.java:15)
	at org.junit.runners.model.FrameworkMethod.invokeExplosively(FrameworkMethod.java:41)
	at junitparams.internal.InvokeParameterisedMethod.evaluate(InvokeParameterisedMethod.java:102)
	at org.junit.internal.runners.statements.FailOnTimeout$1.run(FailOnTimeout.java:28)
Caused by: ptolemy.kernel.util.IllegalActionException: Test fails in iteration 1.
Value was: 1.0. Should have been: 2.0
  in .DirectFeedback.Test
	at ptolemy.actor.lib.Test.fire(Test.java:268)
	at ptolemy.domains.de.kernel.DEDirector._fire(DEDirector.java:1949)
	at ptolemy.domains.de.kernel.DEDirector.fire(DEDirector.java:502)
	at ptolemy.actor.CompositeActor.fire(CompositeActor.java:455)
	at ptolemy.actor.Manager.iterate(Manager.java:851)
	at ptolemy.actor.Manager.execute(Manager.java:369)
	at ptolemy.actor.Manager.run(Manager.java:1263)
	at ptolemy.actor.Manager$PtolemyRunThread.run(Manager.java:1915)
java.lang.RuntimeException: Execution failed
	at ptolemy.moml.MoMLSimpleApplication$UnloadThread.run(MoMLSimpleApplication.java:402)
Caused by: ptolemy.kernel.util.IllegalActionException: Found a zero delay loop containing .HierarchicalModel.A
  in .HierarchicalModel and .HierarchicalModel.A
	at ptolemy.actor.util.CausalityInterfaceForComposites._computeOutputPortDepth(CausalityInterfaceForComposites.java:759)
	at ptolemy.actor.util.CausalityInterfaceForComposites._computeInputDepth(CausalityInterfaceForComposites.java:696)
	at ptolemy.actor.util.CausalityInterfaceForComposites._computeOutputPortDepth(CausalityInterfaceForComposites.java:765)
	at ptolemy.actor.util.CausalityInterfaceForComposites._computeInputDepth(CausalityInterfaceForComposites.java:696)
	at ptolemy.actor.util.CausalityInterfaceForComposites._computeOutputPortDepth(CausalityInterfaceForComposites.java:765)
	at ptolemy.actor.util.CausalityInterfaceForComposites._computeInputDepth(CausalityInterfaceForComposites.java:696)
	at ptolemy.actor.util.CausalityInterfaceForComposites._computeActorDepth(CausalityInterfaceForComposites.java:532)
	at ptolemy.actor.util.CausalityInterfaceForComposites.checkForCycles(CausalityInterfaceForComposites.java:96)
	at ptolemy.domains.de.kernel.DEDirector.preinitialize(DEDirector.java:1338)
	at ptolemy.actor.CompositeActor.preinitialize(CompositeActor.java:1828)
	at ptolemy.actor.Manager.preinitializeAndResolveTypes(Manager.java:1040)
	at ptolemy.actor.Manager.initialize(Manager.java:710)
	at ptolemy.actor.Manager.execute(Manager.java:356)
	at ptolemy.actor.Manager.run(Manager.java:1263)
	at ptolemy.actor.Manager$PtolemyRunThread.run(Manager.java:1915)
java.lang.reflect.InvocationTargetException
	at java.base/jdk.internal.reflect.NativeConstructorAccessorImpl.newInstance0(Native Method)
	at java.base/jdk.internal.reflect.NativeConstructorAccessorImpl.newInstance(NativeConstructorAccessorImpl.java:62)
	at java.base/jdk.internal.reflect.DelegatingConstructorAccessorImpl.newInstance(DelegatingConstructorAccessorImpl.java:45)
	at java.base/java.lang.reflect.Constructor.newInstance(Constructor.java:490)
	at ptolemy.util.test.junit.AutoKnownFailedTests.RunModel(AutoKnownFailedTests.java:105)
	at java.base/jdk.internal.reflect.NativeMethodAccessorImpl.invoke0(Native Method)
	at java.base/jdk.internal.reflect.NativeMethodAccessorImpl.invoke(NativeMethodAccessorImpl.java:62)
	at java.base/jdk.internal.reflect.DelegatingMethodAccessorImpl.invoke(DelegatingMethodAccessorImpl.java:43)
	at java.base/java.lang.reflect.Method.invoke(Method.java:566)
	at org.junit.runners.model.FrameworkMethod$1.runReflectiveCall(FrameworkMethod.java:44)
	at org.junit.internal.runners.model.ReflectiveCallable.run(ReflectiveCallable.java:15)
	at org.junit.runners.model.FrameworkMethod.invokeExplosively(FrameworkMethod.java:41)
	at junitparams.internal.InvokeParameterisedMethod.evaluate(InvokeParameterisedMethod.java:102)
	at org.junit.internal.runners.statements.FailOnTimeout$1.run(FailOnTimeout.java:28)
Caused by: ptolemy.kernel.util.IllegalActionException: Found a zero delay loop containing .HierarchicalModel.A
  in .HierarchicalModel and .HierarchicalModel.A
	at ptolemy.actor.util.CausalityInterfaceForComposites._computeOutputPortDepth(CausalityInterfaceForComposites.java:759)
	at ptolemy.actor.util.CausalityInterfaceForComposites._computeInputDepth(CausalityInterfaceForComposites.java:696)
	at ptolemy.actor.util.CausalityInterfaceForComposites._computeOutputPortDepth(CausalityInterfaceForComposites.java:765)
	at ptolemy.actor.util.CausalityInterfaceForComposites._computeInputDepth(CausalityInterfaceForComposites.java:696)
	at ptolemy.actor.util.CausalityInterfaceForComposites._computeOutputPortDepth(CausalityInterfaceForComposites.java:765)
	at ptolemy.actor.util.CausalityInterfaceForComposites._computeInputDepth(CausalityInterfaceForComposites.java:696)
	at ptolemy.actor.util.CausalityInterfaceForComposites._computeActorDepth(CausalityInterfaceForComposites.java:532)
	at ptolemy.actor.util.CausalityInterfaceForComposites.checkForCycles(CausalityInterfaceForComposites.java:96)
	at ptolemy.domains.de.kernel.DEDirector.preinitialize(DEDirector.java:1338)
	at ptolemy.actor.CompositeActor.preinitialize(CompositeActor.java:1828)
	at ptolemy.actor.Manager.preinitializeAndResolveTypes(Manager.java:1040)
	at ptolemy.actor.Manager.initialize(Manager.java:710)
	at ptolemy.actor.Manager.execute(Manager.java:356)
	at ptolemy.actor.Manager.run(Manager.java:1263)
	at ptolemy.actor.Manager$PtolemyRunThread.run(Manager.java:1915)
java.lang.RuntimeException: Execution failed
	at ptolemy.moml.MoMLSimpleApplication$UnloadThread.run(MoMLSimpleApplication.java:402)
Caused by: ptolemy.kernel.util.IllegalActionException: Found a zero delay loop containing .dependencyLoop.original
  in .dependencyLoop and .dependencyLoop.original
	at ptolemy.actor.util.CausalityInterfaceForComposites._computeOutputPortDepth(CausalityInterfaceForComposites.java:759)
	at ptolemy.actor.util.CausalityInterfaceForComposites._computeInputDepth(CausalityInterfaceForComposites.java:696)
	at ptolemy.actor.util.CausalityInterfaceForComposites._computeOutputPortDepth(CausalityInterfaceForComposites.java:765)
	at ptolemy.actor.util.CausalityInterfaceForComposites._computeInputDepth(CausalityInterfaceForComposites.java:696)
	at ptolemy.actor.util.CausalityInterfaceForComposites._computeOutputPortDepth(CausalityInterfaceForComposites.java:765)
	at ptolemy.actor.util.CausalityInterfaceForComposites._computeInputDepth(CausalityInterfaceForComposites.java:696)
	at ptolemy.actor.util.CausalityInterfaceForComposites._computeActorDepth(CausalityInterfaceForComposites.java:532)
	at ptolemy.actor.util.CausalityInterfaceForComposites.checkForCycles(CausalityInterfaceForComposites.java:96)
	at ptolemy.domains.de.kernel.DEDirector.preinitialize(DEDirector.java:1338)
	at ptolemy.actor.CompositeActor.preinitialize(CompositeActor.java:1828)
	at ptolemy.actor.Manager.preinitializeAndResolveTypes(Manager.java:1040)
	at ptolemy.actor.Manager.initialize(Manager.java:710)
	at ptolemy.actor.Manager.execute(Manager.java:356)
	at ptolemy.actor.Manager.run(Manager.java:1263)
	at ptolemy.actor.Manager$PtolemyRunThread.run(Manager.java:1915)
java.lang.reflect.InvocationTargetException
	at java.base/jdk.internal.reflect.NativeConstructorAccessorImpl.newInstance0(Native Method)
	at java.base/jdk.internal.reflect.NativeConstructorAccessorImpl.newInstance(NativeConstructorAccessorImpl.java:62)
	at java.base/jdk.internal.reflect.DelegatingConstructorAccessorImpl.newInstance(DelegatingConstructorAccessorImpl.java:45)
	at java.base/java.lang.reflect.Constructor.newInstance(Constructor.java:490)
	at ptolemy.util.test.junit.AutoKnownFailedTests.RunModel(AutoKnownFailedTests.java:105)
	at java.base/jdk.internal.reflect.NativeMethodAccessorImpl.invoke0(Native Method)
	at java.base/jdk.internal.reflect.NativeMethodAccessorImpl.invoke(NativeMethodAccessorImpl.java:62)
	at java.base/jdk.internal.reflect.DelegatingMethodAccessorImpl.invoke(DelegatingMethodAccessorImpl.java:43)
	at java.base/java.lang.reflect.Method.invoke(Method.java:566)
	at org.junit.runners.model.FrameworkMethod$1.runReflectiveCall(FrameworkMethod.java:44)
	at org.junit.internal.runners.model.ReflectiveCallable.run(ReflectiveCallable.java:15)
	at org.junit.runners.model.FrameworkMethod.invokeExplosively(FrameworkMethod.java:41)
	at junitparams.internal.InvokeParameterisedMethod.evaluate(InvokeParameterisedMethod.java:102)
	at org.junit.internal.runners.statements.FailOnTimeout$1.run(FailOnTimeout.java:28)
Caused by: ptolemy.kernel.util.IllegalActionException: Found a zero delay loop containing .dependencyLoop.original
  in .dependencyLoop and .dependencyLoop.original
	at ptolemy.actor.util.CausalityInterfaceForComposites._computeOutputPortDepth(CausalityInterfaceForComposites.java:759)
	at ptolemy.actor.util.CausalityInterfaceForComposites._computeInputDepth(CausalityInterfaceForComposites.java:696)
	at ptolemy.actor.util.CausalityInterfaceForComposites._computeOutputPortDepth(CausalityInterfaceForComposites.java:765)
	at ptolemy.actor.util.CausalityInterfaceForComposites._computeInputDepth(CausalityInterfaceForComposites.java:696)
	at ptolemy.actor.util.CausalityInterfaceForComposites._computeOutputPortDepth(CausalityInterfaceForComposites.java:765)
	at ptolemy.actor.util.CausalityInterfaceForComposites._computeInputDepth(CausalityInterfaceForComposites.java:696)
	at ptolemy.actor.util.CausalityInterfaceForComposites._computeActorDepth(CausalityInterfaceForComposites.java:532)
	at ptolemy.actor.util.CausalityInterfaceForComposites.checkForCycles(CausalityInterfaceForComposites.java:96)
	at ptolemy.domains.de.kernel.DEDirector.preinitialize(DEDirector.java:1338)
	at ptolemy.actor.CompositeActor.preinitialize(CompositeActor.java:1828)
	at ptolemy.actor.Manager.preinitializeAndResolveTypes(Manager.java:1040)
	at ptolemy.actor.Manager.initialize(Manager.java:710)
	at ptolemy.actor.Manager.execute(Manager.java:356)
	at ptolemy.actor.Manager.run(Manager.java:1263)
	at ptolemy.actor.Manager$PtolemyRunThread.run(Manager.java:1915)
java.lang.RuntimeException: Execution failed
	at ptolemy.moml.MoMLSimpleApplication$UnloadThread.run(MoMLSimpleApplication.java:402)
Caused by: ptolemy.kernel.util.IllegalActionException: Found a zero delay loop containing .dependencyLoop2.original
  in .dependencyLoop2 and .dependencyLoop2.original
	at ptolemy.actor.util.CausalityInterfaceForComposites._computeOutputPortDepth(CausalityInterfaceForComposites.java:759)
	at ptolemy.actor.util.CausalityInterfaceForComposites._computeInputDepth(CausalityInterfaceForComposites.java:696)
	at ptolemy.actor.util.CausalityInterfaceForComposites._computeOutputPortDepth(CausalityInterfaceForComposites.java:765)
	at ptolemy.actor.util.CausalityInterfaceForComposites._computeInputDepth(CausalityInterfaceForComposites.java:696)
	at ptolemy.actor.util.CausalityInterfaceForComposites._computeOutputPortDepth(CausalityInterfaceForComposites.java:765)
	at ptolemy.actor.util.CausalityInterfaceForComposites._computeInputDepth(CausalityInterfaceForComposites.java:696)
	at ptolemy.actor.util.CausalityInterfaceForComposites._computeActorDepth(CausalityInterfaceForComposites.java:532)
	at ptolemy.actor.util.CausalityInterfaceForComposites.checkForCycles(CausalityInterfaceForComposites.java:96)
	at ptolemy.domains.de.kernel.DEDirector.preinitialize(DEDirector.java:1338)
	at ptolemy.actor.CompositeActor.preinitialize(CompositeActor.java:1828)
	at ptolemy.actor.Manager.preinitializeAndResolveTypes(Manager.java:1040)
	at ptolemy.actor.Manager.initialize(Manager.java:710)
	at ptolemy.actor.Manager.execute(Manager.java:356)
	at ptolemy.actor.Manager.run(Manager.java:1263)
	at ptolemy.actor.Manager$PtolemyRunThread.run(Manager.java:1915)
java.lang.reflect.InvocationTargetException
	at java.base/jdk.internal.reflect.NativeConstructorAccessorImpl.newInstance0(Native Method)
	at java.base/jdk.internal.reflect.NativeConstructorAccessorImpl.newInstance(NativeConstructorAccessorImpl.java:62)
	at java.base/jdk.internal.reflect.DelegatingConstructorAccessorImpl.newInstance(DelegatingConstructorAccessorImpl.java:45)
	at java.base/java.lang.reflect.Constructor.newInstance(Constructor.java:490)
	at ptolemy.util.test.junit.AutoKnownFailedTests.RunModel(AutoKnownFailedTests.java:105)
	at java.base/jdk.internal.reflect.NativeMethodAccessorImpl.invoke0(Native Method)
	at java.base/jdk.internal.reflect.NativeMethodAccessorImpl.invoke(NativeMethodAccessorImpl.java:62)
	at java.base/jdk.internal.reflect.DelegatingMethodAccessorImpl.invoke(DelegatingMethodAccessorImpl.java:43)
	at java.base/java.lang.reflect.Method.invoke(Method.java:566)
	at org.junit.runners.model.FrameworkMethod$1.runReflectiveCall(FrameworkMethod.java:44)
	at org.junit.internal.runners.model.ReflectiveCallable.run(ReflectiveCallable.java:15)
	at org.junit.runners.model.FrameworkMethod.invokeExplosively(FrameworkMethod.java:41)
	at junitparams.internal.InvokeParameterisedMethod.evaluate(InvokeParameterisedMethod.java:102)
	at org.junit.internal.runners.statements.FailOnTimeout$1.run(FailOnTimeout.java:28)
Caused by: ptolemy.kernel.util.IllegalActionException: Found a zero delay loop containing .dependencyLoop2.original
  in .dependencyLoop2 and .dependencyLoop2.original
	at ptolemy.actor.util.CausalityInterfaceForComposites._computeOutputPortDepth(CausalityInterfaceForComposites.java:759)
	at ptolemy.actor.util.CausalityInterfaceForComposites._computeInputDepth(CausalityInterfaceForComposites.java:696)
	at ptolemy.actor.util.CausalityInterfaceForComposites._computeOutputPortDepth(CausalityInterfaceForComposites.java:765)
	at ptolemy.actor.util.CausalityInterfaceForComposites._computeInputDepth(CausalityInterfaceForComposites.java:696)
	at ptolemy.actor.util.CausalityInterfaceForComposites._computeOutputPortDepth(CausalityInterfaceForComposites.java:765)
	at ptolemy.actor.util.CausalityInterfaceForComposites._computeInputDepth(CausalityInterfaceForComposites.java:696)
	at ptolemy.actor.util.CausalityInterfaceForComposites._computeActorDepth(CausalityInterfaceForComposites.java:532)
	at ptolemy.actor.util.CausalityInterfaceForComposites.checkForCycles(CausalityInterfaceForComposites.java:96)
	at ptolemy.domains.de.kernel.DEDirector.preinitialize(DEDirector.java:1338)
	at ptolemy.actor.CompositeActor.preinitialize(CompositeActor.java:1828)
	at ptolemy.actor.Manager.preinitializeAndResolveTypes(Manager.java:1040)
	at ptolemy.actor.Manager.initialize(Manager.java:710)
	at ptolemy.actor.Manager.execute(Manager.java:356)
	at ptolemy.actor.Manager.run(Manager.java:1263)
	at ptolemy.actor.Manager$PtolemyRunThread.run(Manager.java:1915)
]]></system-err>
</testsuite>
