<?xml version="1.0" encoding="UTF-8" ?>
<testsuite errors="0" failures="0" hostname="travis-job-4c21979d-c6fb-4782-ba0d-c2d914a925a8" name="ptolemy.cg.kernel.generic.accessor.test.junit.JUnitTclTest" skipped="0" tests="9" time="269.164" timestamp="2019-09-19T05:51:43">
  <properties>
[...]
</properties>
  <testcase classname="ptolemy.util.test.junit.TclTests" name="[0] /home/travis/build/icyphy/ptII/ptolemy/cg/kernel/generic/accessor/test/AccessorSSHCodeGenerator.tcl (RunTclFile)" time="44.998" />
  <testcase classname="ptolemy.util.test.junit.AutoKnownFailedTests" name="[0] ThereAreNoKnowFailedTests (RunModel)" time="0.006" />
  <testcase classname="ptolemy.util.test.junit.AutoNameArchTests" name="[0] ThereAreNoAutoArchTests (RunModel)" time="0.009" />
  <testcase classname="ptolemy.util.test.junit.AutoTests" name="[0] /home/travis/build/icyphy/ptII/ptolemy/cg/kernel/generic/accessor/test/auto/AccessorStatusTest.xml (RunModel)" time="81.661" />
  <testcase classname="ptolemy.util.test.junit.AutoTests" name="[1] /home/travis/build/icyphy/ptII/ptolemy/cg/kernel/generic/accessor/test/auto/RampJSDisplay.xml (RunModel)" time="26.191" />
  <testcase classname="ptolemy.util.test.junit.AutoTests" name="[2] /home/travis/build/icyphy/ptII/ptolemy/cg/kernel/generic/accessor/test/auto/RampJSInspect.xml (RunModel)" time="36.824" />
  <testcase classname="ptolemy.util.test.junit.AutoTests" name="[3] /home/travis/build/icyphy/ptII/ptolemy/cg/kernel/generic/accessor/test/auto/RampJSTest.xml (RunModel)" time="27.98" />
  <testcase classname="ptolemy.util.test.junit.AutoTests" name="[4] /home/travis/build/icyphy/ptII/ptolemy/cg/kernel/generic/accessor/test/auto/RampJSTextDisplay.xml (RunModel)" time="38.879" />
  <testcase classname="ptolemy.util.test.junit.AutoTests" name="[5] /home/travis/build/icyphy/ptII/ptolemy/cg/kernel/generic/accessor/test/auto/TestComposite.xml (RunModel)" time="12.053" />
  <system-out><![CDATA[/home/travis/build/icyphy/ptII/ptolemy/cg/kernel/generic/accessor/test/AccessorSSHCodeGenerator.tcl
testDefs.tcl: setting time out to 9000 seconds at Thu Sep 19 05:51:44 UTC 2019
JSAccessor: found node
RunnableCodeGenerator: run command: (cd /home/travis/build/icyphy/ptII/org/terraswarm/accessor/accessors/web/cg; /home/travis/build/icyphy/ptII/ptolemy/cg/kernel/generic/accessor/accessorInvokeSSH localhost /home/travis/build/icyphy/ptII/org/terraswarm/accessor/accessors/web/cg/top.js   npmInstall  )
In "/home/travis/build/icyphy/ptII/org/terraswarm/accessor/accessors/web/cg", about to execute:
    /home/travis/build/icyphy/ptII/ptolemy/cg/kernel/generic/accessor/accessorInvok
eSSH localhost
/home/travis/build/icyphy/ptII/org/terraswarm/accessor/accessors/web/cg/top.js
npmInstall
/home/travis/build/icyphy/ptII/ptolemy/cg/kernel/generic/accessor/accessorInvokeSSH: Note that the timeout defaults to 15000
### accessorInvokeSSH: Creating cg/node_modules and cg/top on localhost
### accessorInvokeSSH: Running npm install @terraswarm/accessors pm2 
### accessorInvokeSSH:   Ignore messages like: 'npm WARN enoent ENOENT: no such file or directory, open cg/top/package.json'
/home/travis/pthla/certi-tools/share/scripts:/home/travis/.rvm/gems/ruby-2.5.3/bin:/home/travis/.rvm/gems/ruby-2.5.3@global/bin:/home/travis/.rvm/rubies/ruby-2.5.3/bin:/home/travis/.rvm/bin:/home/travis/.nvm/versions/node/v7.10.1/bin:./node_modules/.bin:/home/travis/build/icyphy/ptII/bin:/home/travis/pthla/certi-tools/bin:/home/travis/bin:/home/travis/.local/bin:/usr/local/lib/jvm/openjdk11/bin:/opt/pyenv/shims:/home/travis/.phpenv/shims:/home/travis/perl5/perlbrew/bin:/home/travis/gopath/bin:/home/travis/.gimme/versions/go1.11.1.linux.amd64/bin:/usr/local/maven-3.6.0/bin:/usr/local/cmake-3.12.4/bin:/usr/local/clang-7.0.0/bin:/usr/local/sbin:/usr/local/bin:/usr/sbin:/usr/bin:/sbin:/bin:/snap/bin:/home/travis/.phpenv/bin:/opt/pyenv/bin:/home/travis/.yarn/bin
/usr/local/bin/npm
/home/travis/cg
├─┬ @terraswarm/accessors@0.0.27 
│ ├── @accessors-hosts/common@0.1.0 
│ ├── @accessors-modules/local-storage@0.1.1 
│ ├─┬ express@4.17.1 
│ │ ├─┬ accepts@1.3.7 
│ │ │ ├─┬ mime-types@2.1.24 
│ │ │ │ └── mime-db@1.40.0 
│ │ │ └── negotiator@0.6.2 
│ │ ├── array-flatten@1.1.1 
│ │ ├─┬ body-parser@1.19.0 
│ │ │ ├── bytes@3.1.0 
│ │ │ ├─┬ http-errors@1.7.2 
│ │ │ │ └── toidentifier@1.0.0 
│ │ │ └── raw-body@2.4.0 
│ │ ├── content-disposition@0.5.3 
│ │ ├── content-type@1.0.4 
│ │ ├── cookie@0.4.0 
│ │ ├── cookie-signature@1.0.6 
│ │ ├── depd@1.1.2 
│ │ ├── encodeurl@1.0.2 
│ │ ├── escape-html@1.0.3 
│ │ ├── etag@1.8.1 
│ │ ├─┬ finalhandler@1.1.2 
│ │ │ └── unpipe@1.0.0 
│ │ ├── fresh@0.5.2 
│ │ ├── merge-descriptors@1.0.1 
│ │ ├── methods@1.1.2 
│ │ ├─┬ on-finished@2.3.0 
│ │ │ └── ee-first@1.1.1 
│ │ ├── parseurl@1.3.3 
│ │ ├── path-to-regexp@0.1.7 
│ │ ├─┬ proxy-addr@2.0.5 
│ │ │ ├── forwarded@0.1.2 
│ │ │ └── ipaddr.js@1.9.0 
│ │ ├── qs@6.7.0 
│ │ ├── range-parser@1.2.1 
│ │ ├─┬ send@0.17.1 
│ │ │ ├── destroy@1.0.4 
│ │ │ ├── mime@1.6.0 
│ │ │ └── ms@2.1.1 
│ │ ├── serve-static@1.14.1 
│ │ ├── setprototypeof@1.1.1 
│ │ ├── statuses@1.5.0 
│ │ ├─┬ type-is@1.6.18 
│ │ │ └── media-typer@0.3.0 
│ │ ├── utils-merge@1.0.1 
│ │ └── vary@1.1.2 
│ ├─┬ helmet@3.21.0 
│ │ ├── depd@2.0.0 
│ │ ├── dns-prefetch-control@0.2.0 
│ │ ├── dont-sniff-mimetype@1.1.0 
│ │ ├── expect-ct@0.2.0 
│ │ ├── feature-policy@0.3.0 
│ │ ├── frameguard@3.1.0 
│ │ ├── helmet-crossdomain@0.4.0 
│ │ ├─┬ helmet-csp@2.9.1 
│ │ │ ├── bowser@2.5.4 
│ │ │ ├── camelize@1.0.0 
│ │ │ ├── content-security-policy-builder@2.1.0 
│ │ │ └── dasherize@2.0.0 
│ │ ├── hide-powered-by@1.1.0 
│ │ ├── hpkp@2.0.0 
│ │ ├─┬ hsts@2.2.0 
│ │ │ └── depd@2.0.0 
│ │ ├── ienoopen@1.1.0 
│ │ ├── nocache@2.1.0 
│ │ ├── referrer-policy@1.2.0 
│ │ └── x-xss-protection@1.3.0 
│ ├─┬ node-localstorage@1.3.1 
│ │ └─┬ write-file-atomic@1.3.4 
│ │   ├── imurmurhash@0.1.4 
│ │   └── slide@1.1.6 
│ └─┬ portscanner@2.2.0 
│   └─┬ is-number-like@1.0.8 
│     └── lodash.isfinite@3.3.2 
└─┬ pm2@3.5.1 
  ├─┬ @pm2/agent@0.5.26 
  │ ├─┬ nssocket@0.6.0 
  │ │ ├── eventemitter2@0.4.14 
  │ │ └── lazy@1.0.11 
  │ ├─┬ proxy-agent@3.1.0 
  │ │ ├─┬ agent-base@4.3.0 
  │ │ │ └─┬ es6-promisify@5.0.0 
  │ │ │   └── es6-promise@4.2.8 
  │ │ ├─┬ debug@3.2.6 
  │ │ │ └── ms@2.1.2 
  │ │ ├─┬ http-proxy-agent@2.1.0 
  │ │ │ └── debug@3.1.0 
  │ │ ├─┬ https-proxy-agent@2.2.2 
  │ │ │ └─┬ debug@3.2.6 
  │ │ │   └── ms@2.1.2 
  │ │ ├─┬ lru-cache@4.1.5 
  │ │ │ ├── pseudomap@1.0.2 
  │ │ │ └── yallist@2.1.2 
  │ │ ├─┬ pac-proxy-agent@3.0.0 
  │ │ │ ├─┬ debug@3.2.6 
  │ │ │ │ └── ms@2.1.2 
  │ │ │ ├─┬ get-uri@2.0.3 
  │ │ │ │ ├─┬ data-uri-to-buffer@2.0.1 
  │ │ │ │ │ └── @types/node@8.10.54 
  │ │ │ │ ├─┬ debug@4.1.1 
  │ │ │ │ │ └── ms@2.1.2 
  │ │ │ │ ├── extend@3.0.2 
  │ │ │ │ ├── file-uri-to-path@1.0.0 
  │ │ │ │ ├─┬ ftp@0.3.10 
  │ │ │ │ │ ├─┬ readable-stream@1.1.14 
  │ │ │ │ │ │ ├── isarray@0.0.1 
  │ │ │ │ │ │ └── string_decoder@0.10.31 
  │ │ │ │ │ └── xregexp@2.0.0 
  │ │ │ │ └─┬ readable-stream@3.4.0 
  │ │ │ │   └─┬ string_decoder@1.3.0 
  │ │ │ │     └── safe-buffer@5.2.0 
  │ │ │ └─┬ pac-resolver@3.0.0 
  │ │ │   ├── co@4.6.0 
  │ │ │   ├─┬ degenerator@1.0.4 
  │ │ │   │ ├── ast-types@0.13.2 
  │ │ │   │ ├─┬ escodegen@1.12.0 
  │ │ │   │ │ ├── estraverse@4.3.0 
  │ │ │   │ │ ├── esutils@2.0.3 
  │ │ │   │ │ └─┬ optionator@0.8.2 
  │ │ │   │ │   ├── deep-is@0.1.3 
  │ │ │   │ │   ├── fast-levenshtein@2.0.6 
  │ │ │   │ │   ├── levn@0.3.0 
  │ │ │   │ │   ├── prelude-ls@1.1.2 
  │ │ │   │ │   ├── type-check@0.3.2 
  │ │ │   │ │   └── wordwrap@1.0.0 
  │ │ │   │ └── esprima@3.1.3 
  │ │ │   ├── ip@1.1.5 
  │ │ │   ├── netmask@1.0.6 
  │ │ │   └── thunkify@2.1.2 
  │ │ ├── proxy-from-env@1.0.0 
  │ │ └─┬ socks-proxy-agent@4.0.2 
  │ │   ├── agent-base@4.2.1 
  │ │   └─┬ socks@2.3.2 
  │ │     └── smart-buffer@4.0.2 
  │ └─┬ ws@5.2.2 
  │   └── async-limiter@1.0.1 
  ├─┬ @pm2/io@4.3.2 
  │ ├─┬ @opencensus/core@0.0.9 
  │ │ ├─┬ continuation-local-storage@3.2.1 
  │ │ │ ├── async-listener@0.6.10 
  │ │ │ └── emitter-listener@1.1.2 
  │ │ ├── log-driver@1.2.7 
  │ │ └── uuid@3.3.3 
  │ ├─┬ @opencensus/propagation-b3@0.0.8 
  │ │ └── @opencensus/core@0.0.8 
  │ ├─┬ @pm2/agent-node@1.1.10 
  │ │ ├─┬ debug@3.2.6 
  │ │ │ └── ms@2.1.2 
  │ │ └── ws@6.2.1 
  │ ├─┬ debug@3.1.0 
  │ │ └── ms@2.0.0 
  │ ├── event-loop-inspector@1.2.2 
  │ ├─┬ require-in-the-middle@4.0.1 
  │ │ ├─┬ debug@4.1.1 
  │ │ │ └── ms@2.1.2 
  │ │ ├── module-details-from-path@1.0.3 
  │ │ └─┬ resolve@1.12.0 
  │ │   └── path-parse@1.0.6 
  │ ├── semver@5.5.0 
  │ ├── shimmer@1.2.1 
  │ ├── signal-exit@3.0.2 
  │ └── tslib@1.9.3 
  ├─┬ @pm2/js-api@0.5.60 
  │ ├─┬ axios@0.19.0 
  │ │ ├─┬ follow-redirects@1.5.10 
  │ │ │ └── debug@3.1.0 
  │ │ └── is-buffer@2.0.3 
  │ ├── debug@2.6.9 
  │ ├── eventemitter2@4.1.2 
  │ └─┬ ws@3.3.3 
  │   └── ultron@1.1.1 
  ├─┬ async@2.6.3 
  │ └── lodash@4.17.15 
  ├── blessed@0.1.81 
  ├─┬ chalk@2.4.2 
  │ ├─┬ ansi-styles@3.2.1 
  │ │ └─┬ color-convert@1.9.3 
  │ │   └── color-name@1.1.3 
  │ ├── escape-string-regexp@1.0.5 
  │ └─┬ supports-color@5.5.0 
  │   └── has-flag@3.0.0 
  ├─┬ chokidar@2.1.8 
  │ ├─┬ anymatch@2.0.0 
  │ │ ├─┬ micromatch@3.1.10 
  │ │ │ ├── arr-diff@4.0.0 
  │ │ │ ├─┬ define-property@2.0.2 
  │ │ │ │ └─┬ is-descriptor@1.0.2 
  │ │ │ │   ├── is-accessor-descriptor@1.0.0 
  │ │ │ │   └── is-data-descriptor@1.0.0 
  │ │ │ ├─┬ extend-shallow@3.0.2 
  │ │ │ │ ├── assign-symbols@1.0.0 
  │ │ │ │ └─┬ is-extendable@1.0.1 
  │ │ │ │   └── is-plain-object@2.0.4 
  │ │ │ ├─┬ extglob@2.0.4 
  │ │ │ │ ├─┬ define-property@1.0.0 
  │ │ │ │ │ └─┬ is-descriptor@1.0.2 
  │ │ │ │ │   ├── is-accessor-descriptor@1.0.0 
  │ │ │ │ │   └── is-data-descriptor@1.0.0 
  │ │ │ │ ├─┬ expand-brackets@2.1.4 
  │ │ │ │ │ ├── define-property@0.2.5 
  │ │ │ │ │ ├── extend-shallow@2.0.1 
  │ │ │ │ │ └── posix-character-classes@0.1.1 
  │ │ │ │ └── extend-shallow@2.0.1 
  │ │ │ ├── fragment-cache@0.2.1 
  │ │ │ ├── kind-of@6.0.2 
  │ │ │ ├─┬ nanomatch@1.2.13 
  │ │ │ │ └── is-windows@1.0.2 
  │ │ │ ├── object.pick@1.3.0 
  │ │ │ └── regex-not@1.0.2 
  │ │ └─┬ normalize-path@2.1.1 
  │ │   └── remove-trailing-separator@1.1.0 
  │ ├── async-each@1.0.3 
  │ ├─┬ braces@2.3.2 
  │ │ ├── arr-flatten@1.1.0 
  │ │ ├── array-unique@0.3.2 
  │ │ ├─┬ extend-shallow@2.0.1 
  │ │ │ └── is-extendable@0.1.1 
  │ │ ├─┬ fill-range@4.0.0 
  │ │ │ ├── extend-shallow@2.0.1 
  │ │ │ ├─┬ is-number@3.0.0 
  │ │ │ │ └─┬ kind-of@3.2.2 
  │ │ │ │   └── is-buffer@1.1.6 
  │ │ │ ├── repeat-string@1.6.1 
  │ │ │ └── to-regex-range@2.1.1 
  │ │ ├── isobject@3.0.1 
  │ │ ├── repeat-element@1.1.3 
  │ │ ├─┬ snapdragon@0.8.2 
  │ │ │ ├─┬ base@0.11.2 
  │ │ │ │ ├─┬ cache-base@1.0.1 
  │ │ │ │ │ ├─┬ collection-visit@1.0.0 
  │ │ │ │ │ │ ├── map-visit@1.0.0 
  │ │ │ │ │ │ └── object-visit@1.0.1 
  │ │ │ │ │ ├── get-value@2.0.6 
  │ │ │ │ │ ├─┬ has-value@1.0.0 
  │ │ │ │ │ │ └─┬ has-values@1.0.0 
  │ │ │ │ │ │   └─┬ kind-of@4.0.0 
  │ │ │ │ │ │     └── is-buffer@1.1.6 
  │ │ │ │ │ ├─┬ set-value@2.0.1 
  │ │ │ │ │ │ └── extend-shallow@2.0.1 
  │ │ │ │ │ ├─┬ to-object-path@0.3.0 
  │ │ │ │ │ │ └─┬ kind-of@3.2.2 
  │ │ │ │ │ │   └── is-buffer@1.1.6 
  │ │ │ │ │ ├── union-value@1.0.1 
  │ │ │ │ │ └─┬ unset-value@1.0.0 
  │ │ │ │ │   └─┬ has-value@0.3.1 
  │ │ │ │ │     ├── has-values@0.1.4 
  │ │ │ │ │     └─┬ isobject@2.1.0 
  │ │ │ │ │       └── isarray@1.0.0 
  │ │ │ │ ├─┬ class-utils@0.3.6 
  │ │ │ │ │ ├── arr-union@3.1.0 
  │ │ │ │ │ ├── define-property@0.2.5 
  │ │ │ │ │ └─┬ static-extend@0.1.2 
  │ │ │ │ │   ├── define-property@0.2.5 
  │ │ │ │ │   └─┬ object-copy@0.1.0 
  │ │ │ │ │     ├── copy-descriptor@0.1.1 
  │ │ │ │ │     ├── define-property@0.2.5 
  │ │ │ │ │     └─┬ kind-of@3.2.2 
  │ │ │ │ │       └── is-buffer@1.1.6 
  │ │ │ │ ├── component-emitter@1.3.0 
  │ │ │ │ ├─┬ define-property@1.0.0 
  │ │ │ │ │ └─┬ is-descriptor@1.0.2 
  │ │ │ │ │   ├── is-accessor-descriptor@1.0.0 
  │ │ │ │ │   └── is-data-descriptor@1.0.0 
  │ │ │ │ ├─┬ mixin-deep@1.3.2 
  │ │ │ │ │ ├── for-in@1.0.2 
  │ │ │ │ │ └── is-extendable@1.0.1 
  │ │ │ │ └── pascalcase@0.1.1 
npm WARN optional SKIPPING OPTIONAL DEPENDENCY: fsevents@^1.2.7 (node_modules/chokidar/node_modules/fsevents):
npm WARN notsup SKIPPING OPTIONAL DEPENDENCY: Unsupported platform for fsevents@1.2.9: wanted {"os":"darwin","arch":"any"} (current: {"os":"linux","arch":"x64"})
npm WARN enoent ENOENT: no such file or directory, open '/home/travis/cg/package.json'
npm WARN cg No description
npm WARN cg No repository field.
npm WARN cg No README data
npm WARN cg No license field.
  │ │ │ ├─┬ define-property@0.2.5 
  │ │ │ │ └─┬ is-descriptor@0.1.6 
  │ │ │ │   ├─┬ is-accessor-descriptor@0.1.6 
  │ │ │ │   │ └─┬ kind-of@3.2.2 
  │ │ │ │   │   └── is-buffer@1.1.6 
  │ │ │ │   ├─┬ is-data-descriptor@0.1.4 
  │ │ │ │   │ └─┬ kind-of@3.2.2 
  │ │ │ │   │   └── is-buffer@1.1.6 
  │ │ │ │   └── kind-of@5.1.0 
  │ │ │ ├── extend-shallow@2.0.1 
  │ │ │ ├── map-cache@0.2.2 
  │ │ │ ├── source-map@0.5.7 
  │ │ │ ├─┬ source-map-resolve@0.5.2 
  │ │ │ │ ├── atob@2.1.2 
  │ │ │ │ ├── decode-uri-component@0.2.0 
  │ │ │ │ ├── resolve-url@0.2.1 
  │ │ │ │ ├── source-map-url@0.4.0 
  │ │ │ │ └── urix@0.1.0 
  │ │ │ └── use@3.1.1 
  │ │ ├─┬ snapdragon-node@2.1.1 
  │ │ │ ├─┬ define-property@1.0.0 
  │ │ │ │ └─┬ is-descriptor@1.0.2 
  │ │ │ │   ├── is-accessor-descriptor@1.0.0 
  │ │ │ │   └── is-data-descriptor@1.0.0 
  │ │ │ └─┬ snapdragon-util@3.0.1 
  │ │ │   └─┬ kind-of@3.2.2 
  │ │ │     └── is-buffer@1.1.6 
  │ │ ├── split-string@3.1.0 
  │ │ └─┬ to-regex@3.0.2 
  │ │   └─┬ safe-regex@1.1.0 
  │ │     └── ret@0.1.15 
  │ ├─┬ glob-parent@3.1.0 
  │ │ ├── is-glob@3.1.0 
  │ │ └── path-dirname@1.0.2 
  │ ├── inherits@2.0.3 
  │ ├─┬ is-binary-path@1.0.1 
  │ │ └── binary-extensions@1.13.1 
  │ ├─┬ is-glob@4.0.1 
  │ │ └── is-extglob@2.1.1 
  │ ├── normalize-path@3.0.0 
  │ ├── path-is-absolute@1.0.1 
  │ ├─┬ readdirp@2.2.1 
  │ │ ├── graceful-fs@4.2.2 
  │ │ └─┬ readable-stream@2.3.6 
  │ │   ├── core-util-is@1.0.2 
  │ │   ├── isarray@1.0.0 
  │ │   ├── process-nextick-args@2.0.1 
  │ │   ├── string_decoder@1.1.1 
  │ │   └── util-deprecate@1.0.2 
  │ └── upath@1.2.0 
  ├─┬ cli-table-redemption@1.0.1 
  │ └─┬ chalk@1.1.3 
  │   ├── ansi-styles@2.2.1 
  │   ├─┬ has-ansi@2.0.0 
  │   │ └── ansi-regex@2.1.1 
  │   ├── strip-ansi@3.0.1 
  │   └── supports-color@2.0.0 
  ├── commander@2.15.1 
  ├─┬ cron@1.7.2 
  │ └── moment-timezone@0.5.26 
  ├── date-fns@1.30.1 
  ├─┬ debug@3.2.6 
  │ └── ms@2.1.2 
  ├── eventemitter2@5.0.1 
  ├── fclone@1.0.11 
  ├─┬ mkdirp@0.5.1 
  │ └── minimist@0.0.8 
  ├── moment@2.24.0 
  ├─┬ needle@2.4.0 
  │ ├─┬ debug@3.2.6 
  │ │ └── ms@2.1.2 
  │ ├─┬ iconv-lite@0.4.24 
  │ │ └── safer-buffer@2.1.2 
  │ └── sax@1.2.4 
  ├─┬ pidusage@2.0.17 
  │ └── safe-buffer@5.1.2 
  ├─┬ pm2-axon@3.3.0 
  │ ├── amp@0.3.1 
  │ ├── amp-message@0.1.2 
  │ ├─┬ debug@3.2.6 
  │ │ └── ms@2.1.2 
  │ └── escape-regexp@0.0.1 
  ├─┬ pm2-axon-rpc@0.5.1 
  │ └─┬ debug@3.2.6 
  │   └── ms@2.1.2 
  ├─┬ pm2-deploy@0.4.0 
  │ └── tv4@1.3.0 
  ├─┬ pm2-multimeter@0.1.2 
  │ └── charm@0.1.2 
  ├─┬ promptly@2.2.0 
  │ └─┬ read@1.0.7 
  │   └── mute-stream@0.0.8 
  ├── semver@5.7.1 
  ├─┬ shelljs@0.8.3 
  │ ├─┬ glob@7.1.4 
  │ │ ├── fs.realpath@1.0.0 
  │ │ ├─┬ inflight@1.0.6 
  │ │ │ └── wrappy@1.0.2 
  │ │ ├─┬ minimatch@3.0.4 
  │ │ │ └─┬ brace-expansion@1.1.11 
  │ │ │   ├── balanced-match@1.0.0 
  │ │ │   └── concat-map@0.0.1 
  │ │ └── once@1.4.0 
  │ ├── interpret@1.2.0 
  │ └── rechoir@0.6.2 
  ├─┬ source-map-support@0.5.13 
  │ ├── buffer-from@1.1.1 
  │ └── source-map@0.6.1 
  ├── sprintf-js@1.1.1 
  ├── v8-compile-cache@2.1.0 
  ├─┬ vizion@2.0.2 
  │ ├── async@2.6.1 
  │ ├── git-node-fs@1.0.0 
  │ ├── ini@1.3.5 
  │ ├─┬ js-git@0.7.8 
  │ │ ├── bodec@0.1.0 
  │ │ ├── culvert@0.1.2 
  │ │ ├── git-sha1@0.1.2 
  │ │ └── pako@0.2.9 
  │ ├── lodash.findindex@4.6.0 
  │ ├── lodash.foreach@4.5.0 
  │ ├── lodash.get@4.4.2 
  │ └── lodash.last@3.0.0 
  └─┬ yamljs@0.3.0 
    └─┬ argparse@1.0.10 
      └── sprintf-js@1.0.3 

### accessorInvokeSSH: Running npm update @terraswarm/accessors pm2 
### accessorInvokeSSH: Creating cg/top/invoke.js
### accessorInvokeSSH: Copying the accessor to cg/top
### accessorInvokeSSH: Creating the runit.sh command in cg/top
### accessorInvokeSSH: Invoking cg/top/runit.sh   on localhost
Running top.js *once* for 15000 ms.
commonHost.js: processCommandLineArguments(): Setting timeout to stop after 15000 ms.
commonHost.js: processCommandLineArguments(): Maximum time reached. Calling stopAllAccessors().
commonHost.js: invoking wrapup() for accessor: top
All initialized accessors have wrapped up. Terminating.
All Done
### accessorInvokeSSH: ssh cg/top/runit.sh returned.
09/19/19 05:52:29
Failed: 0  Total Tests: 2  ((Passed: 2, Newly Passed: 0)  Known Failed: 0) /home/travis/build/icyphy/ptII/ptolemy/cg/kernel/generic/accessor/test
No auto/knownFailedTests/*.xml tests in /home/travis/build/icyphy/ptII/ptolemy/cg/kernel/generic/accessor/test
No auto/linux-amd64/*.xml tests in /home/travis/build/icyphy/ptII/ptolemy/cg/kernel/generic/accessor/test
AutoTests.java: About to close Vertx.
AutoTests.java: Vertx closed.

===========================================================================================
----------------- testing Thu Sep 19 05:52:29 UTC 2019 /home/travis/build/icyphy/ptII/ptolemy/cg/kernel/generic/accessor/test/auto/AccessorStatusTest.xml
----------------- Instantiating /home/travis/build/icyphy/ptII/ptolemy/cg/kernel/generic/accessor/test/auto/AccessorStatusTest.xml
JSAccessor: PT_NO_NET environment variable is set, so git pull and ptdoc are not being run.
preinitialize() finished: 21525 ms. Memory: 912384K Free: 339954K (37%)
Manager.initialize() finished: 34878 ms. Memory: 912384K Free: 419838K (46%)
TextDisplayHelper: [ { utilization: 0,
    startMonitoringTime: 1568872413434,
    initialize: { count: 0, utilization: 0, latestStart: 0, latestEnd: 0 },
    react: { count: 0, utilization: 0, latestStart: 0, latestEnd: 0 },
    wrapup: { count: 0, utilization: 0, latestStart: 0, latestEnd: 0 },
    accessorName: 'monitor',
    currentMonitoringTime: 1568872414613,
    containedAccessors: [] },
  { utilization: 0.011343804537521814,
    startMonitoringTime: 1568872413499,
    initialize: { count: 0, utilization: 0, latestStart: 0, latestEnd: 0 },
    react: 
     { count: 1,
       utilization: 0.011343804537521814,
       latestStart: 1568872414473,
       latestEnd: 1568872414486 },
    wrapup: { count: 0, utilization: 0, latestStart: 0, latestEnd: 0 },
    accessorName: 'TestSpontaneous2',
    currentMonitoringTime: 1568872414645,
    containedAccessors: [] },
  { utilization: 0,
    startMonitoringTime: 1568872413557,
    initialize: { count: 0, utilization: 0, latestStart: 0, latestEnd: 0 },
    react: { count: 0, utilization: 0, latestStart: 0, latestEnd: 0 },
    wrapup: { count: 0, utilization: 0, latestStart: 0, latestEnd: 0 },
    accessorName: 'TextDisplay',
    currentMonitoringTime: 1568872414678,
    containedAccessors: [] },
  { utilization: 0.010978956999085087,
    startMonitoringTime: 1568872413610,
    initialize: { count: 0, utilization: 0, latestStart: 0, latestEnd: 0 },
    react: 
     { count: 1,
       utilization: 0.010978956999085087,
       latestStart: 1568872414563,
       latestEnd: 1568872414575 },
    wrapup: { count: 0, utilization: 0, latestStart: 0, latestEnd: 0 },
    accessorName: 'TestSpontaneous',
    currentMonitoringTime: 1568872414703,
    containedAccessors: [] },
  { utilization: 0,
    startMonitoringTime: 1568872413656,
    initialize: { count: 0, utilization: 0, latestStart: 0, latestEnd: 0 },
    react: { count: 0, utilization: 0, latestStart: 0, latestEnd: 0 },
    wrapup: { count: 0, utilization: 0, latestStart: 0, latestEnd: 0 },
    accessorName: 'JavaScriptRamp',
    currentMonitoringTime: 1568872414733,
    containedAccessors: [] },
  { utilization: 0.026743075453677174,
    startMonitoringTime: 1568872413709,
    initialize: { count: 0, utilization: 0, latestStart: 0, latestEnd: 0 },
    react: 
     { count: 1,
       utilization: 0.026743075453677174,
       latestStart: 1568872413825,
       latestEnd: 1568872413853 },
    wrapup: { count: 0, utilization: 0, latestStart: 0, latestEnd: 0 },
    accessorName: 'AccessorStatus',
    currentMonitoringTime: 1568872414756,
    containedAccessors: [] },
  { utilization: 0,
    startMonitoringTime: 1568872413763,
    initialize: { count: 0, utilization: 0, latestStart: 0, latestEnd: 0 },
    react: { count: 0, utilization: 0, latestStart: 0, latestEnd: 0 },
    wrapup: { count: 0, utilization: 0, latestStart: 0, latestEnd: 0 },
    accessorName: 'status',
    currentMonitoringTime: 1568872414784,
    containedAccessors: [] } ]
TextDisplayHelper: [ { accessorClass: 'https://accessors.org/utilities/TextDisplay.js',
    accessorName: 'monitor',
    initialized: true },
  { accessorClass: 'https://accessors.org/test/TestSpontaneous.js',
    accessorName: 'TestSpontaneous2',
    initialized: true },
  { accessorClass: 'https://accessors.org/utilities/TextDisplay.js',
    accessorName: 'TextDisplay',
    initialized: true },
  { accessorClass: 'https://accessors.org/test/TestSpontaneous.js',
    accessorName: 'TestSpontaneous',
    initialized: true },
  { accessorClass: 'JavaScript',
    accessorName: 'JavaScriptRamp',
    initialized: true },
  { accessorClass: 'https://accessors.org/trusted/AccessorStatus.js',
    accessorName: 'AccessorStatus',
    initialized: true },
  { accessorClass: 'https://accessors.org/utilities/TextDisplay.js',
    accessorName: 'status',
    initialized: true } ]
TextDisplayHelper: 1
TextDisplayHelper: [ { utilization: 0.24774118332847567,
    startMonitoringTime: 1568872413434,
    initialize: { count: 0, utilization: 0, latestStart: 0, latestEnd: 0 },
    react: 
     { count: 1,
       utilization: 0.24774118332847567,
       latestStart: 1568872415221,
       latestEnd: 1568872416071 },
    wrapup: { count: 0, utilization: 0, latestStart: 0, latestEnd: 0 },
    accessorName: 'monitor',
    currentMonitoringTime: 1568872416865,
    containedAccessors: [] },
  { utilization: 0.0036137289121582314,
    startMonitoringTime: 1568872413499,
    initialize: { count: 0, utilization: 0, latestStart: 0, latestEnd: 0 },
    react: 
     { count: 2,
       utilization: 0.0036137289121582314,
       latestStart: 1568872416843,
       latestEnd: 1568872416844 },
    wrapup: { count: 0, utilization: 0, latestStart: 0, latestEnd: 0 },
    accessorName: 'TestSpontaneous2',
    currentMonitoringTime: 1568872416874,
    containedAccessors: [] },
  { utilization: 0.05242542934618861,
    startMonitoringTime: 1568872413557,
    initialize: { count: 0, utilization: 0, latestStart: 0, latestEnd: 0 },
    react: 
     { count: 1,
       utilization: 0.05242542934618861,
       latestStart: 1568872416650,
       latestEnd: 1568872416824 },
    wrapup: { count: 0, utilization: 0, latestStart: 0, latestEnd: 0 },
    accessorName: 'TextDisplay',
    currentMonitoringTime: 1568872416876,
    containedAccessors: [] },
  { utilization: 0.0035403644287380484,
    startMonitoringTime: 1568872413610,
    initialize: { count: 0, utilization: 0, latestStart: 0, latestEnd: 0 },
    react: 
     { count: 2,
       utilization: 0.0035403644287380484,
       latestStart: 1568872416855,
       latestEnd: 1568872416856 },
    wrapup: { count: 0, utilization: 0, latestStart: 0, latestEnd: 0 },
    accessorName: 'TestSpontaneous',
    currentMonitoringTime: 1568872416885,
    containedAccessors: [] },
  { utilization: 0.02347127856701668,
    startMonitoringTime: 1568872413656,
    initialize: { count: 0, utilization: 0, latestStart: 0, latestEnd: 0 },
    react: 
     { count: 1,
       utilization: 0.02347127856701668,
       latestStart: 1568872415090,
       latestEnd: 1568872415166 },
    wrapup: { count: 0, utilization: 0, latestStart: 0, latestEnd: 0 },
    accessorName: 'JavaScriptRamp',
    currentMonitoringTime: 1568872416894,
    containedAccessors: [] },
  { utilization: 0.04405724205984658,
    startMonitoringTime: 1568872413709,
    initialize: { count: 0, utilization: 0, latestStart: 0, latestEnd: 0 },
    react: 
     { count: 2,
       utilization: 0.04405724205984658,
       latestStart: 1568872414926,
       latestEnd: 1568872415063 },
    wrapup: { count: 0, utilization: 0, latestStart: 0, latestEnd: 0 },
    accessorName: 'AccessorStatus',
    currentMonitoringTime: 1568872416906,
    containedAccessors: [] },
  { utilization: 0.13354531001589828,
    startMonitoringTime: 1568872413763,
    initialize: { count: 0, utilization: 0, latestStart: 0, latestEnd: 0 },
    react: 
     { count: 1,
       utilization: 0.13354531001589828,
       latestStart: 1568872416194,
       latestEnd: 1568872416614 },
    wrapup: { count: 0, utilization: 0, latestStart: 0, latestEnd: 0 },
    accessorName: 'status',
    currentMonitoringTime: 1568872416908,
    containedAccessors: [] } ]
TextDisplayHelper: [ { accessorClass: 'https://accessors.org/utilities/TextDisplay.js',
    accessorName: 'monitor',
    initialized: true },
  { accessorClass: 'https://accessors.org/test/TestSpontaneous.js',
    accessorName: 'TestSpontaneous2',
    initialized: true },
  { accessorClass: 'https://accessors.org/utilities/TextDisplay.js',
    accessorName: 'TextDisplay',
    initialized: true },
  { accessorClass: 'https://accessors.org/test/TestSpontaneous.js',
    accessorName: 'TestSpontaneous',
    initialized: true },
  { accessorClass: 'JavaScript',
    accessorName: 'JavaScriptRamp',
    initialized: true },
  { accessorClass: 'https://accessors.org/trusted/AccessorStatus.js',
    accessorName: 'AccessorStatus',
    initialized: true },
  { accessorClass: 'https://accessors.org/utilities/TextDisplay.js',
    accessorName: 'status',
    initialized: true } ]
TextDisplayHelper: 2
TextDisplayHelper: [ { utilization: 0.21430658773048494,
    startMonitoringTime: 1568872413434,
    initialize: { count: 0, utilization: 0, latestStart: 0, latestEnd: 0 },
    react: 
     { count: 2,
       utilization: 0.21430658773048494,
       latestStart: 1568872416973,
       latestEnd: 1568872417133 },
    wrapup: { count: 0, utilization: 0, latestStart: 0, latestEnd: 0 },
    accessorName: 'monitor',
    currentMonitoringTime: 1568872417229,
    containedAccessors: [] },
  { utilization: 0.0035069461980625095,
    startMonitoringTime: 1568872413499,
    initialize: { count: 0, utilization: 0, latestStart: 0, latestEnd: 0 },
    react: 
     { count: 3,
       utilization: 0.0035069461980625095,
       latestStart: 1568872417219,
       latestEnd: 1568872417220 },
    wrapup: { count: 0, utilization: 0, latestStart: 0, latestEnd: 0 },
    accessorName: 'TestSpontaneous2',
    currentMonitoringTime: 1568872417231,
    containedAccessors: [] },
  { utilization: 0.04959833406095189,
    startMonitoringTime: 1568872413557,
    initialize: { count: 0, utilization: 0, latestStart: 0, latestEnd: 0 },
    react: 
     { count: 2,
       utilization: 0.04959833406095189,
       latestStart: 1568872417199,
       latestEnd: 1568872417210 },
    wrapup: { count: 0, utilization: 0, latestStart: 0, latestEnd: 0 },
    accessorName: 'TextDisplay',
    currentMonitoringTime: 1568872417232,
    containedAccessors: [] },
  { utilization: 0.003447977625085207,
    startMonitoringTime: 1568872413610,
    initialize: { count: 0, utilization: 0, latestStart: 0, latestEnd: 0 },
    react: 
     { count: 3,
       utilization: 0.003447977625085207,
       latestStart: 1568872417225,
       latestEnd: 1568872417226 },
    wrapup: { count: 0, utilization: 0, latestStart: 0, latestEnd: 0 },
    accessorName: 'TestSpontaneous',
    currentMonitoringTime: 1568872417233,
    containedAccessors: [] },
  { utilization: 0.011302859316991388,
    startMonitoringTime: 1568872413656,
    initialize: { count: 0, utilization: 0, latestStart: 0, latestEnd: 0 },
    react: 
     { count: 2,
       utilization: 0.011302859316991388,
       latestStart: 1568872416958,
       latestEnd: 1568872416963 },
    wrapup: { count: 0, utilization: 0, latestStart: 0, latestEnd: 0 },
    accessorName: 'JavaScriptRamp',
    currentMonitoringTime: 1568872417234,
    containedAccessors: [] },
  { utilization: 0.021443737457208692,
    startMonitoringTime: 1568872413709,
    initialize: { count: 0, utilization: 0, latestStart: 0, latestEnd: 0 },
    react: 
     { count: 3,
       utilization: 0.021443737457208692,
       latestStart: 1568872416939,
       latestEnd: 1568872416955 },
    wrapup: { count: 0, utilization: 0, latestStart: 0, latestEnd: 0 },
    accessorName: 'AccessorStatus',
    currentMonitoringTime: 1568872417237,
    containedAccessors: [] },
  { utilization: 0.12280220974253986,
    startMonitoringTime: 1568872413763,
    initialize: { count: 0, utilization: 0, latestStart: 0, latestEnd: 0 },
    react: 
     { count: 2,
       utilization: 0.12280220974253986,
       latestStart: 1568872417145,
       latestEnd: 1568872417191 },
    wrapup: { count: 0, utilization: 0, latestStart: 0, latestEnd: 0 },
    accessorName: 'status',
    currentMonitoringTime: 1568872417238,
    containedAccessors: [] } ]
TextDisplayHelper: [ { accessorClass: 'https://accessors.org/utilities/TextDisplay.js',
    accessorName: 'monitor',
    initialized: true },
  { accessorClass: 'https://accessors.org/test/TestSpontaneous.js',
    accessorName: 'TestSpontaneous2',
    initialized: true },
  { accessorClass: 'https://accessors.org/utilities/TextDisplay.js',
    accessorName: 'TextDisplay',
    initialized: true },
  { accessorClass: 'https://accessors.org/test/TestSpontaneous.js',
    accessorName: 'TestSpontaneous',
    initialized: true },
  { accessorClass: 'JavaScript',
    accessorName: 'JavaScriptRamp',
    initialized: true },
  { accessorClass: 'https://accessors.org/trusted/AccessorStatus.js',
    accessorName: 'AccessorStatus',
    initialized: true },
  { accessorClass: 'https://accessors.org/utilities/TextDisplay.js',
    accessorName: 'status',
    initialized: true } ]
TextDisplayHelper: 3
TextDisplayHelper: [ { utilization: 0.22061764198219025,
    startMonitoringTime: 1568872413434,
    initialize: { count: 0, utilization: 0, latestStart: 0, latestEnd: 0 },
    react: 
     { count: 3,
       utilization: 0.22061764198219025,
       latestStart: 1568872417277,
       latestEnd: 1568872417363 },
    wrapup: { count: 0, utilization: 0, latestStart: 0, latestEnd: 0 },
    accessorName: 'monitor',
    currentMonitoringTime: 1568872417417,
    containedAccessors: [] },
  { utilization: 0.003585846555127769,
    startMonitoringTime: 1568872413499,
    initialize: { count: 0, utilization: 0, latestStart: 0, latestEnd: 0 },
    react: 
     { count: 4,
       utilization: 0.003585846555127769,
       latestStart: 1568872417409,
       latestEnd: 1568872417410 },
    wrapup: { count: 0, utilization: 0, latestStart: 0, latestEnd: 0 },
    accessorName: 'TestSpontaneous2',
    currentMonitoringTime: 1568872417417,
    containedAccessors: [] },
  { utilization: 0.04823386381467805,
    startMonitoringTime: 1568872413557,
    initialize: { count: 0, utilization: 0, latestStart: 0, latestEnd: 0 },
    react: 
     { count: 3,
       utilization: 0.04823386381467805,
       latestStart: 1568872417394,
       latestEnd: 1568872417399 },
    wrapup: { count: 0, utilization: 0, latestStart: 0, latestEnd: 0 },
    accessorName: 'TextDisplay',
    currentMonitoringTime: 1568872417417,
    containedAccessors: [] },
  { utilization: 0.0035376640641733934,
    startMonitoringTime: 1568872413610,
    initialize: { count: 0, utilization: 0, latestStart: 0, latestEnd: 0 },
    react: 
     { count: 4,
       utilization: 0.0035376640641733934,
       latestStart: 1568872417415,
       latestEnd: 1568872417416 },
    wrapup: { count: 0, utilization: 0, latestStart: 0, latestEnd: 0 },
    accessorName: 'TestSpontaneous',
    currentMonitoringTime: 1568872417417,
    containedAccessors: [] },
  { utilization: 0.011264900521342509,
    startMonitoringTime: 1568872413656,
    initialize: { count: 0, utilization: 0, latestStart: 0, latestEnd: 0 },
    react: 
     { count: 3,
       utilization: 0.011264900521342509,
       latestStart: 1568872417269,
       latestEnd: 1568872417274 },
    wrapup: { count: 0, utilization: 0, latestStart: 0, latestEnd: 0 },
    accessorName: 'JavaScriptRamp',
    currentMonitoringTime: 1568872417418,
    containedAccessors: [] },
  { utilization: 0.022002257154515883,
    startMonitoringTime: 1568872413709,
    initialize: { count: 0, utilization: 0, latestStart: 0, latestEnd: 0 },
    react: 
     { count: 4,
       utilization: 0.022002257154515883,
       latestStart: 1568872417256,
       latestEnd: 1568872417268 },
    wrapup: { count: 0, utilization: 0, latestStart: 0, latestEnd: 0 },
    accessorName: 'AccessorStatus',
    currentMonitoringTime: 1568872417418,
    containedAccessors: [] },
  { utilization: 0.12037372776947378,
    startMonitoringTime: 1568872413763,
    initialize: { count: 0, utilization: 0, latestStart: 0, latestEnd: 0 },
    react: 
     { count: 3,
       utilization: 0.12037372776947378,
       latestStart: 1568872417373,
       latestEnd: 1568872417392 },
    wrapup: { count: 0, utilization: 0, latestStart: 0, latestEnd: 0 },
    accessorName: 'status',
    currentMonitoringTime: 1568872417418,
    containedAccessors: [] } ]
TextDisplayHelper: [ { accessorClass: 'https://accessors.org/utilities/TextDisplay.js',
    accessorName: 'monitor',
    initialized: true },
  { accessorClass: 'https://accessors.org/test/TestSpontaneous.js',
    accessorName: 'TestSpontaneous2',
    initialized: true },
  { accessorClass: 'https://accessors.org/utilities/TextDisplay.js',
    accessorName: 'TextDisplay',
    initialized: true },
  { accessorClass: 'https://accessors.org/test/TestSpontaneous.js',
    accessorName: 'TestSpontaneous',
    initialized: true },
  { accessorClass: 'JavaScript',
    accessorName: 'JavaScriptRamp',
    initialized: true },
  { accessorClass: 'https://accessors.org/trusted/AccessorStatus.js',
    accessorName: 'AccessorStatus',
    initialized: true },
  { accessorClass: 'https://accessors.org/utilities/TextDisplay.js',
    accessorName: 'status',
    initialized: true } ]
TextDisplayHelper: 4
TextDisplayHelper: [ { utilization: 0.18704474578163985,
    startMonitoringTime: 1568872413434,
    initialize: { count: 0, utilization: 0, latestStart: 0, latestEnd: 0 },
    react: 
     { count: 4,
       utilization: 0.18704474578163985,
       latestStart: 1568872417457,
       latestEnd: 1568872417517 },
    wrapup: { count: 0, utilization: 0, latestStart: 0, latestEnd: 0 },
    accessorName: 'monitor',
    currentMonitoringTime: 1568872418389,
    containedAccessors: [] },
  { utilization: 0.0028697044970543697,
    startMonitoringTime: 1568872413499,
    initialize: { count: 0, utilization: 0, latestStart: 0, latestEnd: 0 },
    react: 
     { count: 5,
       utilization: 0.0028697044970543697,
       latestStart: 1568872418386,
       latestEnd: 1568872418386 },
    wrapup: { count: 0, utilization: 0, latestStart: 0, latestEnd: 0 },
    accessorName: 'TestSpontaneous2',
    currentMonitoringTime: 1568872418389,
    containedAccessors: [] },
  { utilization: 0.03870134396198204,
    startMonitoringTime: 1568872413557,
    initialize: { count: 0, utilization: 0, latestStart: 0, latestEnd: 0 },
    react: 
     { count: 4,
       utilization: 0.03870134396198204,
       latestStart: 1568872417536,
       latestEnd: 1568872417538 },
    wrapup: { count: 0, utilization: 0, latestStart: 0, latestEnd: 0 },
    accessorName: 'TextDisplay',
    currentMonitoringTime: 1568872418397,
    containedAccessors: [] },
  { utilization: 0.0028179885785357753,
    startMonitoringTime: 1568872413610,
    initialize: { count: 0, utilization: 0, latestStart: 0, latestEnd: 0 },
    react: 
     { count: 5,
       utilization: 0.0028179885785357753,
       latestStart: 1568872418388,
       latestEnd: 1568872418388 },
    wrapup: { count: 0, utilization: 0, latestStart: 0, latestEnd: 0 },
    accessorName: 'TestSpontaneous',
    currentMonitoringTime: 1568872418397,
    containedAccessors: [] },
  { utilization: 0.009005141130205811,
    startMonitoringTime: 1568872413656,
    initialize: { count: 0, utilization: 0, latestStart: 0, latestEnd: 0 },
    react: 
     { count: 4,
       utilization: 0.009005141130205811,
       latestStart: 1568872417445,
       latestEnd: 1568872417447 },
    wrapup: { count: 0, utilization: 0, latestStart: 0, latestEnd: 0 },
    accessorName: 'JavaScriptRamp',
    currentMonitoringTime: 1568872418404,
    containedAccessors: [] },
  { utilization: 0.01753057150434974,
    startMonitoringTime: 1568872413709,
    initialize: { count: 0, utilization: 0, latestStart: 0, latestEnd: 0 },
    react: 
     { count: 5,
       utilization: 0.01753057150434974,
       latestStart: 1568872417441,
       latestEnd: 1568872417445 },
    wrapup: { count: 0, utilization: 0, latestStart: 0, latestEnd: 0 },
    accessorName: 'AccessorStatus',
    currentMonitoringTime: 1568872418404,
    containedAccessors: [] },
  { utilization: 0.09776739725881524,
    startMonitoringTime: 1568872413763,
    initialize: { count: 0, utilization: 0, latestStart: 0, latestEnd: 0 },
    react: 
     { count: 4,
       utilization: 0.09776739725881524,
       latestStart: 1568872417518,
       latestEnd: 1568872417535 },
    wrapup: { count: 0, utilization: 0, latestStart: 0, latestEnd: 0 },
    accessorName: 'status',
    currentMonitoringTime: 1568872418405,
    containedAccessors: [] } ]
TextDisplayHelper: [ { accessorClass: 'https://accessors.org/utilities/TextDisplay.js',
    accessorName: 'monitor',
    initialized: true },
  { accessorClass: 'https://accessors.org/test/TestSpontaneous.js',
    accessorName: 'TestSpontaneous2',
    initialized: true },
  { accessorClass: 'https://accessors.org/utilities/TextDisplay.js',
    accessorName: 'TextDisplay',
    initialized: true },
  { accessorClass: 'https://accessors.org/test/TestSpontaneous.js',
    accessorName: 'TestSpontaneous',
    initialized: true },
  { accessorClass: 'JavaScript',
    accessorName: 'JavaScriptRamp',
    initialized: true },
  { accessorClass: 'https://accessors.org/trusted/AccessorStatus.js',
    accessorName: 'AccessorStatus',
    initialized: true },
  { accessorClass: 'https://accessors.org/utilities/TextDisplay.js',
    accessorName: 'status',
    initialized: true } ]
TextDisplayHelper: 5
AccessorStatus: *** Final monitoring information: (Thread[AccessorStatusTest,1,main])
AccessorStatus: { utilization: 0.15891729281951517,
  startMonitoringTime: 1568872413434,
  initialize: { count: 0, utilization: 0, latestStart: 0, latestEnd: 0 },
  react: 
   { count: 5,
     utilization: 0.15333278053358815,
     latestStart: 1568872418426,
     latestEnd: 1568872418486 },
  wrapup: 
   { count: 2,
     utilization: 0.005584512285927029,
     latestStart: 1568872418529,
     latestEnd: 1568872418559 },
  accessorName: 'monitor',
  currentMonitoringTime: 1568872418806,
  containedAccessors: [] } (Thread[AccessorStatusTest,1,main])
AccessorStatus: { utilization: 0.006357671012575821,
  startMonitoringTime: 1568872413499,
  initialize: { count: 0, utilization: 0, latestStart: 0, latestEnd: 0 },
  react: 
   { count: 5,
     utilization: 0.0028697044970543697,
     latestStart: 1568872418386,
     latestEnd: 1568872418386 },
  wrapup: 
   { count: 2,
     utilization: 0.003487966515521451,
     latestStart: 1568872418571,
     latestEnd: 1568872418591 },
  accessorName: 'TestSpontaneous2',
  currentMonitoringTime: 1568872419233,
  containedAccessors: [] } (Thread[AccessorStatusTest,1,main])
AccessorStatus: { utilization: 0.029618608553230667,
  startMonitoringTime: 1568872413557,
  initialize: { count: 0, utilization: 0, latestStart: 0, latestEnd: 0 },
  react: 
   { count: 5,
     utilization: 0.027877055087539272,
     latestStart: 1568872418515,
     latestEnd: 1568872418521 },
  wrapup: 
   { count: 2,
     utilization: 0.0017415534656913968,
     latestStart: 1568872418603,
     latestEnd: 1568872418613 },
  accessorName: 'TextDisplay',
  currentMonitoringTime: 1568872419299,
  containedAccessors: [] } (Thread[AccessorStatusTest,1,main])
AccessorStatus: { utilization: 0.004907488839723308,
  startMonitoringTime: 1568872413610,
  initialize: { count: 0, utilization: 0, latestStart: 0, latestEnd: 0 },
  react: 
   { count: 5,
     utilization: 0.0028179885785357753,
     latestStart: 1568872418388,
     latestEnd: 1568872418388 },
  wrapup: 
   { count: 2,
     utilization: 0.0020895002611875328,
     latestStart: 1568872418622,
     latestEnd: 1568872418634 },
  accessorName: 'TestSpontaneous',
  currentMonitoringTime: 1568872419353,
  containedAccessors: [] } (Thread[AccessorStatusTest,1,main])
AccessorStatus: { utilization: 0.009761518001149406,
  startMonitoringTime: 1568872413656,
  initialize: { count: 0, utilization: 0, latestStart: 0, latestEnd: 0 },
  react: 
   { count: 5,
     utilization: 0.006283861941333721,
     latestStart: 1568872418424,
     latestEnd: 1568872418426 },
  wrapup: 
   { count: 2,
     utilization: 0.003477656059815684,
     latestStart: 1568872418655,
     latestEnd: 1568872418675 },
  accessorName: 'JavaScriptRamp',
  currentMonitoringTime: 1568872419407,
  containedAccessors: [] } (Thread[AccessorStatusTest,1,main])
AccessorStatus: { utilization: 0.14406089639023661,
  startMonitoringTime: 1568872413709,
  initialize: { count: 0, utilization: 0, latestStart: 0, latestEnd: 0 },
  react: 
   { count: 6,
     utilization: 0.012257731723222158,
     latestStart: 1568872418418,
     latestEnd: 1568872418423 },
  wrapup: 
   { count: 1,
     utilization: 0.13180316466701444,
     latestStart: 1568872418702,
     latestEnd: 0 },
  accessorName: 'AccessorStatus',
  currentMonitoringTime: 1568872419460,
  containedAccessors: [] } (Thread[AccessorStatusTest,1,main])
AccessorStatus: { utilization: 0.06848565884413411,
  startMonitoringTime: 1568872413763,
  initialize: { count: 0, utilization: 0, latestStart: 0, latestEnd: 0 },
  react: 
   { count: 5,
     utilization: 0.06848565884413411,
     latestStart: 1568872418487,
     latestEnd: 1568872418514 },
  wrapup: { count: 0, utilization: 0, latestStart: 0, latestEnd: 0 },
  accessorName: 'status',
  currentMonitoringTime: 1568872419542,
  containedAccessors: [] } (Thread[AccessorStatusTest,1,main])
41129 ms. Memory: 912384K Free: 428542K (47%)
----------------- Invoking toplevel() on ptolemy.moml.MoMLSimpleApplication@2f5b5195
----------------- Done invoking toplevel() on ptolemy.moml.MoMLSimpleApplication@2f5b5195
reloadAllAccessors: .AccessorStatusTest
This is the first time that the reloadAllAccessors method has been invoked in this JVM, so the the accessors repo will be checked out or updated and JSDoc invoked. Note that running the tests may end up invoking a new JVM for each directory, so the repo may be checked out or updated and JSDoc invoked more than once when the tests are run.
-------------- Reloaded accessors, but skipping rerun for now. Thu Sep 19 05:53:51 UTC 2019 /home/travis/build/icyphy/ptII/ptolemy/cg/kernel/generic/accessor/test/auto/AccessorStatusTest.xml

===========================================================================================
----------------- testing Thu Sep 19 05:53:51 UTC 2019 /home/travis/build/icyphy/ptII/ptolemy/cg/kernel/generic/accessor/test/auto/RampJSDisplay.xml
----------------- Instantiating /home/travis/build/icyphy/ptII/ptolemy/cg/kernel/generic/accessor/test/auto/RampJSDisplay.xml
Manager.initialize() finished: 10767 ms. Memory: 912384K Free: 599550K (66%)
TextDisplayHelper: 1
TextDisplayHelper: 2
TextDisplayHelper: 3
TextDisplayHelper: 4
TextDisplayHelper: 5
15813 ms. Memory: 912384K Free: 545278K (60%)
----------------- Invoking toplevel() on ptolemy.moml.MoMLSimpleApplication@11d1eec2
----------------- Done invoking toplevel() on ptolemy.moml.MoMLSimpleApplication@11d1eec2
reloadAllAccessors: .RampJSDisplay
-------------- Reloaded accessors, but skipping rerun for now. Thu Sep 19 05:54:17 UTC 2019 /home/travis/build/icyphy/ptII/ptolemy/cg/kernel/generic/accessor/test/auto/RampJSDisplay.xml

===========================================================================================
----------------- testing Thu Sep 19 05:54:17 UTC 2019 /home/travis/build/icyphy/ptII/ptolemy/cg/kernel/generic/accessor/test/auto/RampJSInspect.xml
----------------- Instantiating /home/travis/build/icyphy/ptII/ptolemy/cg/kernel/generic/accessor/test/auto/RampJSInspect.xml
preinitialize() finished: 10810 ms. Memory: 1007616K Free: 268286K (27%)
Manager.initialize() finished: 17245 ms. Memory: 1007616K Free: 593722K (59%)
21327 ms. Memory: 1007616K Free: 503610K (50%)
----------------- Invoking toplevel() on ptolemy.moml.MoMLSimpleApplication@212f6783
----------------- Done invoking toplevel() on ptolemy.moml.MoMLSimpleApplication@212f6783
reloadAllAccessors: .RampJSInspect
-------------- Reloaded accessors, but skipping rerun for now. Thu Sep 19 05:54:54 UTC 2019 /home/travis/build/icyphy/ptII/ptolemy/cg/kernel/generic/accessor/test/auto/RampJSInspect.xml

===========================================================================================
----------------- testing Thu Sep 19 05:54:54 UTC 2019 /home/travis/build/icyphy/ptII/ptolemy/cg/kernel/generic/accessor/test/auto/RampJSTest.xml
----------------- Instantiating /home/travis/build/icyphy/ptII/ptolemy/cg/kernel/generic/accessor/test/auto/RampJSTest.xml
Manager.initialize() finished: 12588 ms. Memory: 1007616K Free: 261120K (26%)
16648 ms. Memory: 1007616K Free: 202238K (20%)
----------------- Invoking toplevel() on ptolemy.moml.MoMLSimpleApplication@42aa8587
----------------- Done invoking toplevel() on ptolemy.moml.MoMLSimpleApplication@42aa8587
reloadAllAccessors: .RampJSTest
-------------- Reloaded accessors, but skipping rerun for now. Thu Sep 19 05:55:22 UTC 2019 /home/travis/build/icyphy/ptII/ptolemy/cg/kernel/generic/accessor/test/auto/RampJSTest.xml

===========================================================================================
----------------- testing Thu Sep 19 05:55:22 UTC 2019 /home/travis/build/icyphy/ptII/ptolemy/cg/kernel/generic/accessor/test/auto/RampJSTextDisplay.xml
----------------- Instantiating /home/travis/build/icyphy/ptII/ptolemy/cg/kernel/generic/accessor/test/auto/RampJSTextDisplay.xml
preinitialize() finished: 10714 ms. Memory: 1007616K Free: 277502K (28%)
Manager.initialize() finished: 18987 ms. Memory: 1007616K Free: 343149K (34%)
TextDisplayHelper: 1
TextDisplayHelper: 2
TextDisplayHelper: 3
TextDisplayHelper: 4
TextDisplayHelper: 5
24054 ms. Memory: 1007616K Free: 656030K (65%)
----------------- Invoking toplevel() on ptolemy.moml.MoMLSimpleApplication@673aff97
----------------- Done invoking toplevel() on ptolemy.moml.MoMLSimpleApplication@673aff97
reloadAllAccessors: .RampJSTextDisplay
-------------- Reloaded accessors, but skipping rerun for now. Thu Sep 19 05:56:01 UTC 2019 /home/travis/build/icyphy/ptII/ptolemy/cg/kernel/generic/accessor/test/auto/RampJSTextDisplay.xml

===========================================================================================
----------------- testing Thu Sep 19 05:56:01 UTC 2019 /home/travis/build/icyphy/ptII/ptolemy/cg/kernel/generic/accessor/test/auto/TestComposite.xml
----------------- Instantiating /home/travis/build/icyphy/ptII/ptolemy/cg/kernel/generic/accessor/test/auto/TestComposite.xml
6308 ms. Memory: 1103872K Free: 543230K (49%)
----------------- Invoking toplevel() on ptolemy.moml.MoMLSimpleApplication@4e88dfb5
----------------- Done invoking toplevel() on ptolemy.moml.MoMLSimpleApplication@4e88dfb5
reloadAllAccessors: .TestComposite
-------------- Reloaded accessors, but skipping rerun for now. Thu Sep 19 05:56:13 UTC 2019 /home/travis/build/icyphy/ptII/ptolemy/cg/kernel/generic/accessor/test/auto/TestComposite.xml
AutoTests.java: About to close Vertx.
AutoTests.java: Vertx closed.
]]></system-out>
  <system-err><![CDATA[Warning: Nashorn engine is planned to be removed from a future JDK release
Warning: Nashorn engine is planned to be removed from a future JDK release
Warning: Nashorn engine is planned to be removed from a future JDK release
Warning: Nashorn engine is planned to be removed from a future JDK release
Warning: Nashorn engine is planned to be removed from a future JDK release
Warning: Nashorn engine is planned to be removed from a future JDK release
Warning: Nashorn engine is planned to be removed from a future JDK release
Warning: Nashorn engine is planned to be removed from a future JDK release
Warning: Nashorn engine is planned to be removed from a future JDK release
Warning: Nashorn engine is planned to be removed from a future JDK release
Warning: Nashorn engine is planned to be removed from a future JDK release
Warning: Nashorn engine is planned to be removed from a future JDK release
Warning: Nashorn engine is planned to be removed from a future JDK release
Warning: Nashorn engine is planned to be removed from a future JDK release
Warning: Nashorn engine is planned to be removed from a future JDK release
Warning: Nashorn engine is planned to be removed from a future JDK release
Warning: Nashorn engine is planned to be removed from a future JDK release
Warning: Nashorn engine is planned to be removed from a future JDK release
Warning: Nashorn engine is planned to be removed from a future JDK release
Warning: Nashorn engine is planned to be removed from a future JDK release
Warning: Nashorn engine is planned to be removed from a future JDK release
Warning: Nashorn engine is planned to be removed from a future JDK release
Warning: Nashorn engine is planned to be removed from a future JDK release
Warning: Nashorn engine is planned to be removed from a future JDK release
Warning: Nashorn engine is planned to be removed from a future JDK release
Warning: Nashorn engine is planned to be removed from a future JDK release
Warning: Nashorn engine is planned to be removed from a future JDK release
Warning: Nashorn engine is planned to be removed from a future JDK release
Warning: Nashorn engine is planned to be removed from a future JDK release
Warning: Nashorn engine is planned to be removed from a future JDK release
Warning: Nashorn engine is planned to be removed from a future JDK release
Warning: Nashorn engine is planned to be removed from a future JDK release
Warning: Nashorn engine is planned to be removed from a future JDK release
Warning: Nashorn engine is planned to be removed from a future JDK release
Warning: Nashorn engine is planned to be removed from a future JDK release
Warning: Nashorn engine is planned to be removed from a future JDK release
Warning: Nashorn engine is planned to be removed from a future JDK release
Warning: Nashorn engine is planned to be removed from a future JDK release
Warning: Nashorn engine is planned to be removed from a future JDK release
Warning: Nashorn engine is planned to be removed from a future JDK release
Warning: Nashorn engine is planned to be removed from a future JDK release
Warning: Nashorn engine is planned to be removed from a future JDK release
Warning: Nashorn engine is planned to be removed from a future JDK release
Warning: Nashorn engine is planned to be removed from a future JDK release
Warning: Nashorn engine is planned to be removed from a future JDK release
Warning: Nashorn engine is planned to be removed from a future JDK release
Warning: Nashorn engine is planned to be removed from a future JDK release
Warning: Nashorn engine is planned to be removed from a future JDK release
Warning: Nashorn engine is planned to be removed from a future JDK release
Warning: Nashorn engine is planned to be removed from a future JDK release
Warning: Nashorn engine is planned to be removed from a future JDK release
Warning: Nashorn engine is planned to be removed from a future JDK release
Warning: Nashorn engine is planned to be removed from a future JDK release
Warning: Nashorn engine is planned to be removed from a future JDK release
Warning: Nashorn engine is planned to be removed from a future JDK release
Warning: Nashorn engine is planned to be removed from a future JDK release
WARNING: TestSpontaneous2: Model stopped before executing actions (e.g. producing outputs) scheduled for execution at times [6.0]
WARNING: TestSpontaneous: Model stopped before executing actions (e.g. producing outputs) scheduled for execution at times [6.0]
WARNING: AccessorStatus: Model stopped before executing actions (e.g. producing outputs) scheduled for execution at times [6.0]
Warning: Nashorn engine is planned to be removed from a future JDK release
Warning: Nashorn engine is planned to be removed from a future JDK release
Warning: Nashorn engine is planned to be removed from a future JDK release
Warning: Nashorn engine is planned to be removed from a future JDK release
Warning: Nashorn engine is planned to be removed from a future JDK release
Warning: Nashorn engine is planned to be removed from a future JDK release
Warning: Nashorn engine is planned to be removed from a future JDK release
Warning: Nashorn engine is planned to be removed from a future JDK release
Warning: Nashorn engine is planned to be removed from a future JDK release
Warning: Nashorn engine is planned to be removed from a future JDK release
Warning: Nashorn engine is planned to be removed from a future JDK release
Warning: Nashorn engine is planned to be removed from a future JDK release
Warning: Nashorn engine is planned to be removed from a future JDK release
Warning: Nashorn engine is planned to be removed from a future JDK release
Warning: Nashorn engine is planned to be removed from a future JDK release
Warning: Nashorn engine is planned to be removed from a future JDK release
Warning: Nashorn engine is planned to be removed from a future JDK release
Warning: Nashorn engine is planned to be removed from a future JDK release
Warning: Nashorn engine is planned to be removed from a future JDK release
Warning: Nashorn engine is planned to be removed from a future JDK release
Warning: Nashorn engine is planned to be removed from a future JDK release
Warning: Nashorn engine is planned to be removed from a future JDK release
Warning: Nashorn engine is planned to be removed from a future JDK release
Warning: Nashorn engine is planned to be removed from a future JDK release
Warning: Nashorn engine is planned to be removed from a future JDK release
Warning: Nashorn engine is planned to be removed from a future JDK release
Warning: Nashorn engine is planned to be removed from a future JDK release
Warning: Nashorn engine is planned to be removed from a future JDK release
Warning: Nashorn engine is planned to be removed from a future JDK release
Warning: Nashorn engine is planned to be removed from a future JDK release
Warning: Nashorn engine is planned to be removed from a future JDK release
Warning: Nashorn engine is planned to be removed from a future JDK release
Warning: Nashorn engine is planned to be removed from a future JDK release
Warning: Nashorn engine is planned to be removed from a future JDK release
Warning: Nashorn engine is planned to be removed from a future JDK release
Warning: Nashorn engine is planned to be removed from a future JDK release
WARNING: TestSpontaneous: Model stopped before executing actions (e.g. producing outputs) scheduled for execution at times [6.0]
Warning: Nashorn engine is planned to be removed from a future JDK release
Warning: Nashorn engine is planned to be removed from a future JDK release
Warning: Nashorn engine is planned to be removed from a future JDK release
Warning: Nashorn engine is planned to be removed from a future JDK release
Warning: Nashorn engine is planned to be removed from a future JDK release
Warning: Nashorn engine is planned to be removed from a future JDK release
Warning: Nashorn engine is planned to be removed from a future JDK release
Warning: Nashorn engine is planned to be removed from a future JDK release
Warning: Nashorn engine is planned to be removed from a future JDK release
Warning: Nashorn engine is planned to be removed from a future JDK release
Warning: Nashorn engine is planned to be removed from a future JDK release
Warning: Nashorn engine is planned to be removed from a future JDK release
Warning: Nashorn engine is planned to be removed from a future JDK release
Warning: Nashorn engine is planned to be removed from a future JDK release
Warning: Nashorn engine is planned to be removed from a future JDK release
Warning: Nashorn engine is planned to be removed from a future JDK release
Warning: Nashorn engine is planned to be removed from a future JDK release
Warning: Nashorn engine is planned to be removed from a future JDK release
Warning: Nashorn engine is planned to be removed from a future JDK release
Warning: Nashorn engine is planned to be removed from a future JDK release
Warning: Nashorn engine is planned to be removed from a future JDK release
Warning: Nashorn engine is planned to be removed from a future JDK release
Warning: Nashorn engine is planned to be removed from a future JDK release
Warning: Nashorn engine is planned to be removed from a future JDK release
Warning: Nashorn engine is planned to be removed from a future JDK release
Warning: Nashorn engine is planned to be removed from a future JDK release
Warning: Nashorn engine is planned to be removed from a future JDK release
Warning: Nashorn engine is planned to be removed from a future JDK release
Warning: Nashorn engine is planned to be removed from a future JDK release
Warning: Nashorn engine is planned to be removed from a future JDK release
Warning: Nashorn engine is planned to be removed from a future JDK release
Warning: Nashorn engine is planned to be removed from a future JDK release
Warning: Nashorn engine is planned to be removed from a future JDK release
Warning: Nashorn engine is planned to be removed from a future JDK release
Warning: Nashorn engine is planned to be removed from a future JDK release
Warning: Nashorn engine is planned to be removed from a future JDK release
Warning: Nashorn engine is planned to be removed from a future JDK release
Warning: Nashorn engine is planned to be removed from a future JDK release
Warning: Nashorn engine is planned to be removed from a future JDK release
Warning: Nashorn engine is planned to be removed from a future JDK release
Warning: Nashorn engine is planned to be removed from a future JDK release
Warning: Nashorn engine is planned to be removed from a future JDK release
Warning: Nashorn engine is planned to be removed from a future JDK release
Warning: Nashorn engine is planned to be removed from a future JDK release
WARNING: TestSpontaneous: Model stopped before executing actions (e.g. producing outputs) scheduled for execution at times [5.0]
Warning: Nashorn engine is planned to be removed from a future JDK release
Warning: Nashorn engine is planned to be removed from a future JDK release
Warning: Nashorn engine is planned to be removed from a future JDK release
Warning: Nashorn engine is planned to be removed from a future JDK release
Warning: Nashorn engine is planned to be removed from a future JDK release
Warning: Nashorn engine is planned to be removed from a future JDK release
Warning: Nashorn engine is planned to be removed from a future JDK release
Warning: Nashorn engine is planned to be removed from a future JDK release
Warning: Nashorn engine is planned to be removed from a future JDK release
Warning: Nashorn engine is planned to be removed from a future JDK release
Warning: Nashorn engine is planned to be removed from a future JDK release
Warning: Nashorn engine is planned to be removed from a future JDK release
Warning: Nashorn engine is planned to be removed from a future JDK release
Warning: Nashorn engine is planned to be removed from a future JDK release
Warning: Nashorn engine is planned to be removed from a future JDK release
Warning: Nashorn engine is planned to be removed from a future JDK release
Warning: Nashorn engine is planned to be removed from a future JDK release
Warning: Nashorn engine is planned to be removed from a future JDK release
Warning: Nashorn engine is planned to be removed from a future JDK release
Warning: Nashorn engine is planned to be removed from a future JDK release
Warning: Nashorn engine is planned to be removed from a future JDK release
Warning: Nashorn engine is planned to be removed from a future JDK release
Warning: Nashorn engine is planned to be removed from a future JDK release
Warning: Nashorn engine is planned to be removed from a future JDK release
Warning: Nashorn engine is planned to be removed from a future JDK release
Warning: Nashorn engine is planned to be removed from a future JDK release
Warning: Nashorn engine is planned to be removed from a future JDK release
Warning: Nashorn engine is planned to be removed from a future JDK release
Warning: Nashorn engine is planned to be removed from a future JDK release
Warning: Nashorn engine is planned to be removed from a future JDK release
Warning: Nashorn engine is planned to be removed from a future JDK release
Warning: Nashorn engine is planned to be removed from a future JDK release
Warning: Nashorn engine is planned to be removed from a future JDK release
Warning: Nashorn engine is planned to be removed from a future JDK release
Warning: Nashorn engine is planned to be removed from a future JDK release
Warning: Nashorn engine is planned to be removed from a future JDK release
Warning: Nashorn engine is planned to be removed from a future JDK release
Warning: Nashorn engine is planned to be removed from a future JDK release
WARNING: TestSpontaneous: Model stopped before executing actions (e.g. producing outputs) scheduled for execution at times [5.0]
Warning: Nashorn engine is planned to be removed from a future JDK release
Warning: Nashorn engine is planned to be removed from a future JDK release
Warning: Nashorn engine is planned to be removed from a future JDK release
Warning: Nashorn engine is planned to be removed from a future JDK release
Warning: Nashorn engine is planned to be removed from a future JDK release
Warning: Nashorn engine is planned to be removed from a future JDK release
Warning: Nashorn engine is planned to be removed from a future JDK release
Warning: Nashorn engine is planned to be removed from a future JDK release
Warning: Nashorn engine is planned to be removed from a future JDK release
Warning: Nashorn engine is planned to be removed from a future JDK release
Warning: Nashorn engine is planned to be removed from a future JDK release
Warning: Nashorn engine is planned to be removed from a future JDK release
Warning: Nashorn engine is planned to be removed from a future JDK release
Warning: Nashorn engine is planned to be removed from a future JDK release
Warning: Nashorn engine is planned to be removed from a future JDK release
Warning: Nashorn engine is planned to be removed from a future JDK release
Warning: Nashorn engine is planned to be removed from a future JDK release
Warning: Nashorn engine is planned to be removed from a future JDK release
Warning: Nashorn engine is planned to be removed from a future JDK release
Warning: Nashorn engine is planned to be removed from a future JDK release
Warning: Nashorn engine is planned to be removed from a future JDK release
Warning: Nashorn engine is planned to be removed from a future JDK release
Warning: Nashorn engine is planned to be removed from a future JDK release
Warning: Nashorn engine is planned to be removed from a future JDK release
Warning: Nashorn engine is planned to be removed from a future JDK release
Warning: Nashorn engine is planned to be removed from a future JDK release
Warning: Nashorn engine is planned to be removed from a future JDK release
Warning: Nashorn engine is planned to be removed from a future JDK release
Warning: Nashorn engine is planned to be removed from a future JDK release
Warning: Nashorn engine is planned to be removed from a future JDK release
Warning: Nashorn engine is planned to be removed from a future JDK release
Warning: Nashorn engine is planned to be removed from a future JDK release
Warning: Nashorn engine is planned to be removed from a future JDK release
Warning: Nashorn engine is planned to be removed from a future JDK release
Warning: Nashorn engine is planned to be removed from a future JDK release
Warning: Nashorn engine is planned to be removed from a future JDK release
Warning: Nashorn engine is planned to be removed from a future JDK release
Warning: Nashorn engine is planned to be removed from a future JDK release
Warning: Nashorn engine is planned to be removed from a future JDK release
Warning: Nashorn engine is planned to be removed from a future JDK release
Warning: Nashorn engine is planned to be removed from a future JDK release
Warning: Nashorn engine is planned to be removed from a future JDK release
Warning: Nashorn engine is planned to be removed from a future JDK release
Warning: Nashorn engine is planned to be removed from a future JDK release
Warning: Nashorn engine is planned to be removed from a future JDK release
Warning: Nashorn engine is planned to be removed from a future JDK release
WARNING: TestSpontaneous: Model stopped before executing actions (e.g. producing outputs) scheduled for execution at times [6.0]
Warning: Nashorn engine is planned to be removed from a future JDK release
Warning: Nashorn engine is planned to be removed from a future JDK release
Warning: Nashorn engine is planned to be removed from a future JDK release
Warning: Nashorn engine is planned to be removed from a future JDK release
Warning: Nashorn engine is planned to be removed from a future JDK release
Warning: Nashorn engine is planned to be removed from a future JDK release
Warning: Nashorn engine is planned to be removed from a future JDK release
Warning: Nashorn engine is planned to be removed from a future JDK release
Warning: Nashorn engine is planned to be removed from a future JDK release
Warning: Nashorn engine is planned to be removed from a future JDK release
Warning: Nashorn engine is planned to be removed from a future JDK release
Warning: Nashorn engine is planned to be removed from a future JDK release
Warning: Nashorn engine is planned to be removed from a future JDK release
Warning: Nashorn engine is planned to be removed from a future JDK release
Warning: Nashorn engine is planned to be removed from a future JDK release
Warning: Nashorn engine is planned to be removed from a future JDK release
Warning: Nashorn engine is planned to be removed from a future JDK release
Warning: Nashorn engine is planned to be removed from a future JDK release
Warning: Nashorn engine is planned to be removed from a future JDK release
Warning: Nashorn engine is planned to be removed from a future JDK release
Warning: Nashorn engine is planned to be removed from a future JDK release
Warning: Nashorn engine is planned to be removed from a future JDK release
Warning: Nashorn engine is planned to be removed from a future JDK release
Warning: Nashorn engine is planned to be removed from a future JDK release
Warning: Nashorn engine is planned to be removed from a future JDK release
Warning: Nashorn engine is planned to be removed from a future JDK release
Warning: Nashorn engine is planned to be removed from a future JDK release
Warning: Nashorn engine is planned to be removed from a future JDK release
]]></system-err>
</testsuite>
