<?xml version="1.0" encoding="UTF-8" ?>
<testsuite errors="0" failures="0" hostname="travis-job-f547f73e-a3b8-4ccc-88cc-d4b94304698c" name="ptolemy.actor.lib.security.test.junit.JUnitTclTest" skipped="0" tests="9" time="7.192" timestamp="2019-04-10T17:45:59">
  <properties>
[...]
</properties>
  <testcase classname="ptolemy.util.test.junit.TclTests" name="[0] /home/travis/build/icyphy/ptII/ptolemy/actor/lib/security/test/KeyReader.tcl (RunTclFile)" time="2.758" />
  <testcase classname="ptolemy.util.test.junit.TclTests" name="[1] /home/travis/build/icyphy/ptII/ptolemy/actor/lib/security/test/KeyToken.tcl (RunTclFile)" time="0.067" />
  <testcase classname="ptolemy.util.test.junit.TclTests" name="[2] /home/travis/build/icyphy/ptII/ptolemy/actor/lib/security/test/info.tcl (RunTclFile)" time="0.006" />
  <testcase classname="ptolemy.util.test.junit.AutoKnownFailedTests" name="[0] ThereAreNoKnowFailedTests (RunModel)" time="0.008" />
  <testcase classname="ptolemy.util.test.junit.AutoNameArchTests" name="[0] ThereAreNoAutoArchTests (RunModel)" time="0.003" />
  <testcase classname="ptolemy.util.test.junit.AutoTests" name="[0] /home/travis/build/icyphy/ptII/ptolemy/actor/lib/security/test/auto/KeyReader.xml (RunModel)" time="1.973" />
  <testcase classname="ptolemy.util.test.junit.AutoTests" name="[1] /home/travis/build/icyphy/ptII/ptolemy/actor/lib/security/test/auto/KeyWriter.xml (RunModel)" time="0.147" />
  <testcase classname="ptolemy.util.test.junit.AutoTests" name="[2] /home/travis/build/icyphy/ptII/ptolemy/actor/lib/security/test/auto/Signature.xml (RunModel)" time="1.008" />
  <testcase classname="ptolemy.util.test.junit.AutoTests" name="[3] /home/travis/build/icyphy/ptII/ptolemy/actor/lib/security/test/auto/Symmetric.xml (RunModel)" time="0.846" />
  <system-out><![CDATA[/home/travis/build/icyphy/ptII/ptolemy/actor/lib/security/test/KeyReader.tcl
testDefs.tcl: setting time out to 9000 seconds at Wed Apr 10 17:45:59 UTC 2019
Creating keystore foo.keystore
Keystore Command: /usr/lib/jvm/java-8-oracle/jre/bin/keytool -genkey -dname "CN=ClaudiusPtolemaus, OU=YourProject, O=YourUniversity, L=YourTown, ST=YourState, C=US" -keystore foo.keystore -storetype JCEKS -alias $aliasName -storepass "this.is.the.storePassword,change.it" -keypass "this.is.the.keyPassword,change.it"
Keystore Command: /usr/lib/jvm/java-8-oracle/jre/bin/keytool -selfcert -keystore foo.keystore -storetype JCEKS -alias $aliasName -storepass "this.is.the.storePassword,change.it" -keypass "this.is.the.keyPassword,change.it"
Keystore Command: /usr/lib/jvm/java-8-oracle/jre/bin/keytool -list -v -keystore foo.keystore -storetype JCEKS -alias $aliasName -storepass "this.is.the.storePassword,change.it" -keypass "this.is.the.keyPassword,change.it"
Alias name: $aliasName
Creation date: Apr 10, 2019
Entry type: PrivateKeyEntry
Certificate chain length: 1
Certificate[1]:
Owner: CN=ClaudiusPtolemaus, OU=YourProject, O=YourUniversity, L=YourTown, ST=YourState, C=US
Issuer: CN=ClaudiusPtolemaus, OU=YourProject, O=YourUniversity, L=YourTown, ST=YourState, C=US
Serial number: 2672c291
Valid from: Wed Apr 10 17:46:01 UTC 2019 until: Tue Jul 09 17:46:01 UTC 2019
Certificate fingerprints:
	 MD5:  5D:63:06:68:54:5B:B2:0E:38:24:5B:E5:C6:A8:7B:88
	 SHA1: 3F:6F:73:F1:EF:EE:F4:75:25:B0:59:C0:B3:C9:20:CC:A0:75:64:02
	 SHA256: 8F:CE:F5:D7:1E:C0:83:18:4A:57:71:2A:67:C2:E6:8F:D6:9E:0B:79:65:91:9B:B6:3E:A7:BD:88:2F:6E:60:75
Signature algorithm name: SHA256withDSA
Subject Public Key Algorithm: 2048-bit DSA key
Version: 3

Extensions: 

#1: ObjectId: 2.5.29.14 Criticality=false
SubjectKeyIdentifier [
KeyIdentifier [
0000: 5D C0 EB 03 67 70 14 07   BD 76 4B 4E FB 2D E0 A9  ]...gp...vKN.-..
0010: A5 3A 2D 6D                                        .:-m
]
]

2146 ms. Memory: 116224K Free: 101506K (87%)
/home/travis/build/icyphy/ptII/ptolemy/actor/lib/security/test/KeyToken.tcl
Available Ciphers: PBEWITHHMACSHA384ANDAES_128 AES_256/GCM/NOPADDING AES_192/GCM/NOPADDING PBEWITHHMACSHA512ANDAES_128 AES_256/CBC/NOPADDING AES_256/ECB/NOPADDING PBEWITHHMACSHA224ANDAES_256 AES_128/CBC/NOPADDING AESWRAP_192 AESWRAP PBEWITHMD5ANDDES AES_192/CBC/NOPADDING PBEWITHHMACSHA256ANDAES_256 PBEWITHHMACSHA1ANDAES_128 PBEWITHSHA1ANDRC4_128 AES_192/OFB/NOPADDING AES_128/ECB/NOPADDING DESEDEWRAP AESWRAP_256 RC2 PBEWITHSHA1ANDRC4_40 RSA AESWRAP_128 PBEWITHHMACSHA512ANDAES_256 AES_192/CFB/NOPADDING DESEDE AES_128/CFB/NOPADDING AES_192/ECB/NOPADDING BLOWFISH ARCFOUR AES_256/CFB/NOPADDING AES AES_128/OFB/NOPADDING AES_128/GCM/NOPADDING DES PBEWITHHMACSHA256ANDAES_128 PBEWITHSHA1ANDDESEDE PBEWITHSHA1ANDRC2_40 PBEWITHHMACSHA384ANDAES_256 AES_256/OFB/NOPADDING PBEWITHSHA1ANDRC2_128 PBEWITHMD5ANDTRIPLEDES PBEWITHHMACSHA1ANDAES_256 PBEWITHHMACSHA224ANDAES_128
Using BLOWFISH
/home/travis/build/icyphy/ptII/ptolemy/actor/lib/security/test/info.tcl
04/10/19 05:46:02
Failed: 0  Total Tests: 15  ((Passed: 15, Newly Passed: 0)  Known Failed: 0) /home/travis/build/icyphy/ptII/ptolemy/actor/lib/security/test
No auto/knownFailedTests/*.xml tests in /home/travis/build/icyphy/ptII/ptolemy/actor/lib/security/test
No auto/linux-amd64/*.xml tests in /home/travis/build/icyphy/ptII/ptolemy/actor/lib/security/test
AutoTests.java: About to close Vertx.
AutoTests.java: Vertx closed.

===========================================================================================
----------------- testing Wed Apr 10 17:46:02 UTC 2019 /home/travis/build/icyphy/ptII/ptolemy/actor/lib/security/test/auto/KeyReader.xml
----------------- Instantiating /home/travis/build/icyphy/ptII/ptolemy/actor/lib/security/test/auto/KeyReader.xml
Creating keystore foo.keystore
Keystore Command: /usr/lib/jvm/java-8-oracle/jre/bin/keytool -genkey -dname "CN=ClaudiusPtolemaus, OU=YourProject, O=YourUniversity, L=YourTown, ST=YourState, C=US" -keystore foo.keystore -storetype JCEKS -alias $aliasName -storepass "this.is.the.storePassword,change.it" -keypass "this.is.the.keyPassword,change.it"
keytool error: java.lang.Exception: Key pair not generated, alias <$aliasName> already exists
Keystore Command: /usr/lib/jvm/java-8-oracle/jre/bin/keytool -selfcert -keystore foo.keystore -storetype JCEKS -alias $aliasName -storepass "this.is.the.storePassword,change.it" -keypass "this.is.the.keyPassword,change.it"
keytool error: java.lang.ClassCastException: javax.crypto.spec.SecretKeySpec cannot be cast to java.security.PrivateKey
Keystore Command: /usr/lib/jvm/java-8-oracle/jre/bin/keytool -list -v -keystore foo.keystore -storetype JCEKS -alias $aliasName -storepass "this.is.the.storePassword,change.it" -keypass "this.is.the.keyPassword,change.it"
Alias name: $aliasName
Creation date: Apr 10, 2019
Entry type: SecretKeyEntry
1865 ms. Memory: 146944K Free: 132833K (90%)
----------------- Invoking toplevel() on ptolemy.moml.MoMLSimpleApplication@3472e093
----------------- Done invoking toplevel() on ptolemy.moml.MoMLSimpleApplication@3472e093
reloadAllAccessors: .KeyReader

===========================================================================================
----------------- testing Wed Apr 10 17:46:04 UTC 2019 /home/travis/build/icyphy/ptII/ptolemy/actor/lib/security/test/auto/KeyWriter.xml
----------------- Instantiating /home/travis/build/icyphy/ptII/ptolemy/actor/lib/security/test/auto/KeyWriter.xml
124 ms. Memory: 146944K Free: 115768K (79%)
----------------- Invoking toplevel() on ptolemy.moml.MoMLSimpleApplication@7e89c387
----------------- Done invoking toplevel() on ptolemy.moml.MoMLSimpleApplication@7e89c387
reloadAllAccessors: .KeyWriter

===========================================================================================
----------------- testing Wed Apr 10 17:46:04 UTC 2019 /home/travis/build/icyphy/ptII/ptolemy/actor/lib/security/test/auto/Signature.xml
----------------- Instantiating /home/travis/build/icyphy/ptII/ptolemy/actor/lib/security/test/auto/Signature.xml
Creating keystore /home/travis/build/icyphy/ptII/ptKeystore
Keystore Command: /usr/lib/jvm/java-8-oracle/jre/bin/keytool -genkey -dname "CN=ClaudiusPtolemaus, OU=YourProject, O=YourUniversity, L=YourTown, ST=YourState, C=US" -keystore /home/travis/build/icyphy/ptII/ptKeystore -storetype jks -alias ptolemy -storepass "this.is.the.storePassword,change.it" -keypass "this.is.the.keyPassword,change.it"
Keystore Command: /usr/lib/jvm/java-8-oracle/jre/bin/keytool -selfcert -keystore /home/travis/build/icyphy/ptII/ptKeystore -storetype jks -alias ptolemy -storepass "this.is.the.storePassword,change.it" -keypass "this.is.the.keyPassword,change.it"
Keystore Command: /usr/lib/jvm/java-8-oracle/jre/bin/keytool -list -v -keystore /home/travis/build/icyphy/ptII/ptKeystore -storetype jks -alias ptolemy -storepass "this.is.the.storePassword,change.it" -keypass "this.is.the.keyPassword,change.it"
Alias name: ptolemy
Creation date: Apr 10, 2019
Entry type: PrivateKeyEntry
Certificate chain length: 1
Certificate[1]:
Owner: CN=ClaudiusPtolemaus, OU=YourProject, O=YourUniversity, L=YourTown, ST=YourState, C=US
Issuer: CN=ClaudiusPtolemaus, OU=YourProject, O=YourUniversity, L=YourTown, ST=YourState, C=US
Serial number: 3d87718f
Valid from: Wed Apr 10 17:46:05 UTC 2019 until: Tue Jul 09 17:46:05 UTC 2019
Certificate fingerprints:
	 MD5:  FB:BF:0E:0E:0F:B2:8F:00:A7:FB:99:7E:30:CE:C4:C1
	 SHA1: E3:4C:BE:99:43:0B:47:B3:F2:BA:9D:14:6F:79:0F:6F:F1:C5:64:2E
	 SHA256: F7:6A:AF:1F:A3:92:16:D8:FD:85:2B:34:03:2B:AF:9C:CF:C4:A1:D5:15:B1:E0:60:A2:DD:B7:A1:AF:21:13:CD
Signature algorithm name: SHA256withDSA
Subject Public Key Algorithm: 2048-bit DSA key
Version: 3

Extensions: 

#1: ObjectId: 2.5.29.14 Criticality=false
SubjectKeyIdentifier [
KeyIdentifier [
0000: 9E 2B AB F7 08 2A 9C 45   68 90 3A D2 E6 E0 74 F7  .+...*.Eh.:...t.
0010: 87 38 E9 21                                        .8.!
]
]

884 ms. Memory: 146944K Free: 101906K (69%)
----------------- Invoking toplevel() on ptolemy.moml.MoMLSimpleApplication@37eeda20
----------------- Done invoking toplevel() on ptolemy.moml.MoMLSimpleApplication@37eeda20
reloadAllAccessors: .Signature

===========================================================================================
----------------- testing Wed Apr 10 17:46:05 UTC 2019 /home/travis/build/icyphy/ptII/ptolemy/actor/lib/security/test/auto/Symmetric.xml
----------------- Instantiating /home/travis/build/icyphy/ptII/ptolemy/actor/lib/security/test/auto/Symmetric.xml
789 ms. Memory: 146944K Free: 79321K (54%)
----------------- Invoking toplevel() on ptolemy.moml.MoMLSimpleApplication@5b7c11d
----------------- Done invoking toplevel() on ptolemy.moml.MoMLSimpleApplication@5b7c11d
reloadAllAccessors: .Symmetric
AutoTests.java: About to close Vertx.
AutoTests.java: Vertx closed.
]]></system-out>
  <system-err><![CDATA[
Warning:
The JCEKS keystore uses a proprietary format. It is recommended to migrate to PKCS12 which is an industry standard format using "keytool -importkeystore -srckeystore foo.keystore -destkeystore foo.keystore -deststoretype pkcs12".

Warning:
The JKS keystore uses a proprietary format. It is recommended to migrate to PKCS12 which is an industry standard format using "keytool -importkeystore -srckeystore /home/travis/build/icyphy/ptII/ptKeystore -destkeystore /home/travis/build/icyphy/ptII/ptKeystore -deststoretype pkcs12".

Warning:
The JKS keystore uses a proprietary format. It is recommended to migrate to PKCS12 which is an industry standard format using "keytool -importkeystore -srckeystore /home/travis/build/icyphy/ptII/ptKeystore -destkeystore /home/travis/build/icyphy/ptII/ptKeystore -deststoretype pkcs12".

Warning:
The JKS keystore uses a proprietary format. It is recommended to migrate to PKCS12 which is an industry standard format using "keytool -importkeystore -srckeystore /home/travis/build/icyphy/ptII/ptKeystore -destkeystore /home/travis/build/icyphy/ptII/ptKeystore -deststoretype pkcs12".
]]></system-err>
</testsuite>
