<?xml version="1.0" encoding="UTF-8" ?>
<testsuite errors="0" failures="0" hostname="travis-job-6956e9cb-d1b4-4783-84dc-292f39a8c7ac" name="ptolemy.domains.sdf.lib.test.junit.JUnitTclTest" skipped="0" tests="82" time="8.323" timestamp="2020-10-04T16:17:05">
  <properties>
[...]
</properties>
  <testcase classname="ptolemy.util.test.junit.TclTests" name="[0] /home/travis/build/icyphy/ptII/ptolemy/domains/sdf/lib/test/ArrayToSequence.tcl (RunTclFile)" time="0.497" />
  <testcase classname="ptolemy.util.test.junit.TclTests" name="[1] /home/travis/build/icyphy/ptII/ptolemy/domains/sdf/lib/test/BitsToInt.tcl (RunTclFile)" time="0.076" />
  <testcase classname="ptolemy.util.test.junit.TclTests" name="[2] /home/travis/build/icyphy/ptII/ptolemy/domains/sdf/lib/test/DelayLine.tcl (RunTclFile)" time="0.035" />
  <testcase classname="ptolemy.util.test.junit.TclTests" name="[3] /home/travis/build/icyphy/ptII/ptolemy/domains/sdf/lib/test/FFT.tcl (RunTclFile)" time="0.021" />
  <testcase classname="ptolemy.util.test.junit.TclTests" name="[4] /home/travis/build/icyphy/ptII/ptolemy/domains/sdf/lib/test/FIR.tcl (RunTclFile)" time="0.223" />
  <testcase classname="ptolemy.util.test.junit.TclTests" name="[5] /home/travis/build/icyphy/ptII/ptolemy/domains/sdf/lib/test/IntToBits.tcl (RunTclFile)" time="0.061" />
  <testcase classname="ptolemy.util.test.junit.TclTests" name="[6] /home/travis/build/icyphy/ptII/ptolemy/domains/sdf/lib/test/MaximumEntropySpectrum.tcl (RunTclFile)" time="0.437" />
  <testcase classname="ptolemy.util.test.junit.TclTests" name="[7] /home/travis/build/icyphy/ptII/ptolemy/domains/sdf/lib/test/Repeat.tcl (RunTclFile)" time="0.049" />
  <testcase classname="ptolemy.util.test.junit.TclTests" name="[8] /home/travis/build/icyphy/ptII/ptolemy/domains/sdf/lib/test/SampleDelay.tcl (RunTclFile)" time="0.076" />
  <testcase classname="ptolemy.util.test.junit.TclTests" name="[9] /home/travis/build/icyphy/ptII/ptolemy/domains/sdf/lib/test/SequenceToArray.tcl (RunTclFile)" time="0.033" />
  <testcase classname="ptolemy.util.test.junit.AutoKnownFailedTests" name="[0] ThereAreNoKnowFailedTests (RunModel)" time="0.002" />
  <testcase classname="ptolemy.util.test.junit.AutoNameArchTests" name="[0] ThereAreNoAutoArchTests (RunModel)" time="0.001" />
  <testcase classname="ptolemy.util.test.junit.AutoTests" name="[0] /home/travis/build/icyphy/ptII/ptolemy/domains/sdf/lib/test/auto/ArrayToSequence.xml (RunModel)" time="0.216" />
  <testcase classname="ptolemy.util.test.junit.AutoTests" name="[1] /home/travis/build/icyphy/ptII/ptolemy/domains/sdf/lib/test/auto/ArrayToSequenceTest.xml (RunModel)" time="0.094" />
  <testcase classname="ptolemy.util.test.junit.AutoTests" name="[2] /home/travis/build/icyphy/ptII/ptolemy/domains/sdf/lib/test/auto/Autocorrelation.xml (RunModel)" time="0.068" />
  <testcase classname="ptolemy.util.test.junit.AutoTests" name="[3] /home/travis/build/icyphy/ptII/ptolemy/domains/sdf/lib/test/auto/Autocorrelation2.xml (RunModel)" time="0.058" />
  <testcase classname="ptolemy.util.test.junit.AutoTests" name="[4] /home/travis/build/icyphy/ptII/ptolemy/domains/sdf/lib/test/auto/Autocorrelation3.xml (RunModel)" time="0.041" />
  <testcase classname="ptolemy.util.test.junit.AutoTests" name="[5] /home/travis/build/icyphy/ptII/ptolemy/domains/sdf/lib/test/auto/Autocorrelation4.xml (RunModel)" time="0.046" />
  <testcase classname="ptolemy.util.test.junit.AutoTests" name="[6] /home/travis/build/icyphy/ptII/ptolemy/domains/sdf/lib/test/auto/Autocorrelation5.xml (RunModel)" time="0.104" />
  <testcase classname="ptolemy.util.test.junit.AutoTests" name="[7] /home/travis/build/icyphy/ptII/ptolemy/domains/sdf/lib/test/auto/BitsToInt.xml (RunModel)" time="0.03" />
  <testcase classname="ptolemy.util.test.junit.AutoTests" name="[8] /home/travis/build/icyphy/ptII/ptolemy/domains/sdf/lib/test/auto/BooleanJoin.xml (RunModel)" time="0.038" />
  <testcase classname="ptolemy.util.test.junit.AutoTests" name="[9] /home/travis/build/icyphy/ptII/ptolemy/domains/sdf/lib/test/auto/BootstrapSampleDelay.xml (RunModel)" time="0.057" />
  <testcase classname="ptolemy.util.test.junit.AutoTests" name="[10] /home/travis/build/icyphy/ptII/ptolemy/domains/sdf/lib/test/auto/Chop.xml (RunModel)" time="0.068" />
  <testcase classname="ptolemy.util.test.junit.AutoTests" name="[11] /home/travis/build/icyphy/ptII/ptolemy/domains/sdf/lib/test/auto/Chop2.xml (RunModel)" time="0.05" />
  <testcase classname="ptolemy.util.test.junit.AutoTests" name="[12] /home/travis/build/icyphy/ptII/ptolemy/domains/sdf/lib/test/auto/ComplexJoin.xml (RunModel)" time="0.034" />
  <testcase classname="ptolemy.util.test.junit.AutoTests" name="[13] /home/travis/build/icyphy/ptII/ptolemy/domains/sdf/lib/test/auto/CountTrues.xml (RunModel)" time="0.038" />
  <testcase classname="ptolemy.util.test.junit.AutoTests" name="[14] /home/travis/build/icyphy/ptII/ptolemy/domains/sdf/lib/test/auto/DelayLine.xml (RunModel)" time="0.02" />
  <testcase classname="ptolemy.util.test.junit.AutoTests" name="[15] /home/travis/build/icyphy/ptII/ptolemy/domains/sdf/lib/test/auto/DotProduct.xml (RunModel)" time="0.023" />
  <testcase classname="ptolemy.util.test.junit.AutoTests" name="[16] /home/travis/build/icyphy/ptII/ptolemy/domains/sdf/lib/test/auto/DotProductMatrix.xml (RunModel)" time="0.024" />
  <testcase classname="ptolemy.util.test.junit.AutoTests" name="[17] /home/travis/build/icyphy/ptII/ptolemy/domains/sdf/lib/test/auto/DownSample1.xml (RunModel)" time="0.026" />
  <testcase classname="ptolemy.util.test.junit.AutoTests" name="[18] /home/travis/build/icyphy/ptII/ptolemy/domains/sdf/lib/test/auto/DynamicRateChange.xml (RunModel)" time="0.028" />
  <testcase classname="ptolemy.util.test.junit.AutoTests" name="[19] /home/travis/build/icyphy/ptII/ptolemy/domains/sdf/lib/test/auto/DynamicRates.xml (RunModel)" time="0.032" />
  <testcase classname="ptolemy.util.test.junit.AutoTests" name="[20] /home/travis/build/icyphy/ptII/ptolemy/domains/sdf/lib/test/auto/FFT1.xml (RunModel)" time="0.026" />
  <testcase classname="ptolemy.util.test.junit.AutoTests" name="[21] /home/travis/build/icyphy/ptII/ptolemy/domains/sdf/lib/test/auto/FIR1.xml (RunModel)" time="0.069" />
  <testcase classname="ptolemy.util.test.junit.AutoTests" name="[22] /home/travis/build/icyphy/ptII/ptolemy/domains/sdf/lib/test/auto/FIR2.xml (RunModel)" time="0.023" />
  <testcase classname="ptolemy.util.test.junit.AutoTests" name="[23] /home/travis/build/icyphy/ptII/ptolemy/domains/sdf/lib/test/auto/FIR4.xml (RunModel)" time="0.042" />
  <testcase classname="ptolemy.util.test.junit.AutoTests" name="[24] /home/travis/build/icyphy/ptII/ptolemy/domains/sdf/lib/test/auto/FixJoin.xml (RunModel)" time="0.067" />
  <testcase classname="ptolemy.util.test.junit.AutoTests" name="[25] /home/travis/build/icyphy/ptII/ptolemy/domains/sdf/lib/test/auto/IntJoin1.xml (RunModel)" time="0.028" />
  <testcase classname="ptolemy.util.test.junit.AutoTests" name="[26] /home/travis/build/icyphy/ptII/ptolemy/domains/sdf/lib/test/auto/IntJoin2.xml (RunModel)" time="0.024" />
  <testcase classname="ptolemy.util.test.junit.AutoTests" name="[27] /home/travis/build/icyphy/ptII/ptolemy/domains/sdf/lib/test/auto/IntJoin3.xml (RunModel)" time="0.029" />
  <testcase classname="ptolemy.util.test.junit.AutoTests" name="[28] /home/travis/build/icyphy/ptII/ptolemy/domains/sdf/lib/test/auto/IntJoin4.xml (RunModel)" time="0.027" />
  <testcase classname="ptolemy.util.test.junit.AutoTests" name="[29] /home/travis/build/icyphy/ptII/ptolemy/domains/sdf/lib/test/auto/IntJoin5.xml (RunModel)" time="0.028" />
  <testcase classname="ptolemy.util.test.junit.AutoTests" name="[30] /home/travis/build/icyphy/ptII/ptolemy/domains/sdf/lib/test/auto/IntToBits.xml (RunModel)" time="0.023" />
  <testcase classname="ptolemy.util.test.junit.AutoTests" name="[31] /home/travis/build/icyphy/ptII/ptolemy/domains/sdf/lib/test/auto/LMSAdaptive.xml (RunModel)" time="0.048" />
  <testcase classname="ptolemy.util.test.junit.AutoTests" name="[32] /home/travis/build/icyphy/ptII/ptolemy/domains/sdf/lib/test/auto/LMSAdaptiveFIR.xml (RunModel)" time="0.339" />
  <testcase classname="ptolemy.util.test.junit.AutoTests" name="[33] /home/travis/build/icyphy/ptII/ptolemy/domains/sdf/lib/test/auto/LMSAdaptiveFIR2.xml (RunModel)" time="0.41" />
  <testcase classname="ptolemy.util.test.junit.AutoTests" name="[34] /home/travis/build/icyphy/ptII/ptolemy/domains/sdf/lib/test/auto/LongJoin.xml (RunModel)" time="0.051" />
  <testcase classname="ptolemy.util.test.junit.AutoTests" name="[35] /home/travis/build/icyphy/ptII/ptolemy/domains/sdf/lib/test/auto/Matrix1.xml (RunModel)" time="0.021" />
  <testcase classname="ptolemy.util.test.junit.AutoTests" name="[36] /home/travis/build/icyphy/ptII/ptolemy/domains/sdf/lib/test/auto/Matrix2.xml (RunModel)" time="0.026" />
  <testcase classname="ptolemy.util.test.junit.AutoTests" name="[37] /home/travis/build/icyphy/ptII/ptolemy/domains/sdf/lib/test/auto/MatrixJoin1.xml (RunModel)" time="0.029" />
  <testcase classname="ptolemy.util.test.junit.AutoTests" name="[38] /home/travis/build/icyphy/ptII/ptolemy/domains/sdf/lib/test/auto/MatrixJoin2.xml (RunModel)" time="0.015" />
  <testcase classname="ptolemy.util.test.junit.AutoTests" name="[39] /home/travis/build/icyphy/ptII/ptolemy/domains/sdf/lib/test/auto/MatrixJoin3.xml (RunModel)" time="0.022" />
  <testcase classname="ptolemy.util.test.junit.AutoTests" name="[40] /home/travis/build/icyphy/ptII/ptolemy/domains/sdf/lib/test/auto/MatrixJoin4.xml (RunModel)" time="0.029" />
  <testcase classname="ptolemy.util.test.junit.AutoTests" name="[41] /home/travis/build/icyphy/ptII/ptolemy/domains/sdf/lib/test/auto/MatrixJoin5.xml (RunModel)" time="0.016" />
  <testcase classname="ptolemy.util.test.junit.AutoTests" name="[42] /home/travis/build/icyphy/ptII/ptolemy/domains/sdf/lib/test/auto/MatrixSplit1.xml (RunModel)" time="0.026" />
  <testcase classname="ptolemy.util.test.junit.AutoTests" name="[43] /home/travis/build/icyphy/ptII/ptolemy/domains/sdf/lib/test/auto/MatrixSplit10.xml (RunModel)" time="0.015" />
  <testcase classname="ptolemy.util.test.junit.AutoTests" name="[44] /home/travis/build/icyphy/ptII/ptolemy/domains/sdf/lib/test/auto/MatrixSplit11.xml (RunModel)" time="0.012" />
  <testcase classname="ptolemy.util.test.junit.AutoTests" name="[45] /home/travis/build/icyphy/ptII/ptolemy/domains/sdf/lib/test/auto/MatrixSplit12.xml (RunModel)" time="0.018" />
  <testcase classname="ptolemy.util.test.junit.AutoTests" name="[46] /home/travis/build/icyphy/ptII/ptolemy/domains/sdf/lib/test/auto/MatrixSplit13.xml (RunModel)" time="0.022" />
  <testcase classname="ptolemy.util.test.junit.AutoTests" name="[47] /home/travis/build/icyphy/ptII/ptolemy/domains/sdf/lib/test/auto/MatrixSplit14.xml (RunModel)" time="0.014" />
  <testcase classname="ptolemy.util.test.junit.AutoTests" name="[48] /home/travis/build/icyphy/ptII/ptolemy/domains/sdf/lib/test/auto/MatrixSplit2.xml (RunModel)" time="0.014" />
  <testcase classname="ptolemy.util.test.junit.AutoTests" name="[49] /home/travis/build/icyphy/ptII/ptolemy/domains/sdf/lib/test/auto/MatrixSplit3.xml (RunModel)" time="0.015" />
  <testcase classname="ptolemy.util.test.junit.AutoTests" name="[50] /home/travis/build/icyphy/ptII/ptolemy/domains/sdf/lib/test/auto/MatrixSplit4.xml (RunModel)" time="0.015" />
  <testcase classname="ptolemy.util.test.junit.AutoTests" name="[51] /home/travis/build/icyphy/ptII/ptolemy/domains/sdf/lib/test/auto/MatrixSplit5.xml (RunModel)" time="0.023" />
  <testcase classname="ptolemy.util.test.junit.AutoTests" name="[52] /home/travis/build/icyphy/ptII/ptolemy/domains/sdf/lib/test/auto/MatrixSplit6.xml (RunModel)" time="0.016" />
  <testcase classname="ptolemy.util.test.junit.AutoTests" name="[53] /home/travis/build/icyphy/ptII/ptolemy/domains/sdf/lib/test/auto/MatrixSplit7.xml (RunModel)" time="0.014" />
  <testcase classname="ptolemy.util.test.junit.AutoTests" name="[54] /home/travis/build/icyphy/ptII/ptolemy/domains/sdf/lib/test/auto/MatrixSplit8.xml (RunModel)" time="0.014" />
  <testcase classname="ptolemy.util.test.junit.AutoTests" name="[55] /home/travis/build/icyphy/ptII/ptolemy/domains/sdf/lib/test/auto/MatrixSplit9.xml (RunModel)" time="0.025" />
  <testcase classname="ptolemy.util.test.junit.AutoTests" name="[56] /home/travis/build/icyphy/ptII/ptolemy/domains/sdf/lib/test/auto/MatrixToSequence.xml (RunModel)" time="0.037" />
  <testcase classname="ptolemy.util.test.junit.AutoTests" name="[57] /home/travis/build/icyphy/ptII/ptolemy/domains/sdf/lib/test/auto/MaximumEntropySpectrum.xml (RunModel)" time="0.093" />
  <testcase classname="ptolemy.util.test.junit.AutoTests" name="[58] /home/travis/build/icyphy/ptII/ptolemy/domains/sdf/lib/test/auto/SampleDelayConversion.xml (RunModel)" time="0.018" />
  <testcase classname="ptolemy.util.test.junit.AutoTests" name="[59] /home/travis/build/icyphy/ptII/ptolemy/domains/sdf/lib/test/auto/SequenceToArray.xml (RunModel)" time="0.033" />
  <testcase classname="ptolemy.util.test.junit.AutoTests" name="[60] /home/travis/build/icyphy/ptII/ptolemy/domains/sdf/lib/test/auto/SequenceToMatrix.xml (RunModel)" time="2.969" />
  <testcase classname="ptolemy.util.test.junit.AutoTests" name="[61] /home/travis/build/icyphy/ptII/ptolemy/domains/sdf/lib/test/auto/SmoothedPeriodogram.xml (RunModel)" time="0.084" />
  <testcase classname="ptolemy.util.test.junit.AutoTests" name="[62] /home/travis/build/icyphy/ptII/ptolemy/domains/sdf/lib/test/auto/UpDownSample1.xml (RunModel)" time="0.021" />
  <testcase classname="ptolemy.util.test.junit.AutoTests" name="[63] /home/travis/build/icyphy/ptII/ptolemy/domains/sdf/lib/test/auto/UpSample1.xml (RunModel)" time="0.017" />
  <testcase classname="ptolemy.util.test.junit.AutoTests" name="[64] /home/travis/build/icyphy/ptII/ptolemy/domains/sdf/lib/test/auto/VariableFIR.xml (RunModel)" time="0.032" />
  <testcase classname="ptolemy.util.test.junit.AutoTests" name="[65] /home/travis/build/icyphy/ptII/ptolemy/domains/sdf/lib/test/auto/VariableFIR2.xml (RunModel)" time="0.022" />
  <testcase classname="ptolemy.util.test.junit.AutoTests" name="[66] /home/travis/build/icyphy/ptII/ptolemy/domains/sdf/lib/test/auto/VariableLattice.xml (RunModel)" time="0.024" />
  <testcase classname="ptolemy.util.test.junit.AutoTests" name="[67] /home/travis/build/icyphy/ptII/ptolemy/domains/sdf/lib/test/auto/VariableLattice2.xml (RunModel)" time="0.018" />
  <testcase classname="ptolemy.util.test.junit.AutoTests" name="[68] /home/travis/build/icyphy/ptII/ptolemy/domains/sdf/lib/test/auto/VariableRecursiveLattice.xml (RunModel)" time="0.023" />
  <testcase classname="ptolemy.util.test.junit.AutoTests" name="[69] /home/travis/build/icyphy/ptII/ptolemy/domains/sdf/lib/test/auto/VariableRecursiveLattice2.xml (RunModel)" time="0.015" />
  <system-out><![CDATA[/home/travis/build/icyphy/ptII/ptolemy/domains/sdf/lib/test/ArrayToSequence.tcl
testDefs.tcl: setting time out to 9000 seconds at Sun Oct 04 16:17:06 UTC 2020
62 ms. Memory: 129024K Free: 94148K (73%)
10 ms. Memory: 129024K Free: 92100K (71%)
12 ms. Memory: 129024K Free: 90052K (70%)
13 ms. Memory: 129024K Free: 88514K (69%)
/home/travis/build/icyphy/ptII/ptolemy/domains/sdf/lib/test/BitsToInt.tcl
25 ms. Memory: 129024K Free: 86980K (67%)
15 ms. Memory: 129024K Free: 84932K (66%)
/home/travis/build/icyphy/ptII/ptolemy/domains/sdf/lib/test/DelayLine.tcl
7 ms. Memory: 129024K Free: 83379K (65%)
/home/travis/build/icyphy/ptII/ptolemy/domains/sdf/lib/test/FFT.tcl
6 ms. Memory: 129024K Free: 81346K (63%)
/home/travis/build/icyphy/ptII/ptolemy/domains/sdf/lib/test/FIR.tcl
11 ms. Memory: 129024K Free: 79812K (62%)
100 ms. Memory: 129024K Free: 75716K (59%)
ptolemy.kernel.util.IllegalActionException: multiplyReverse method not supported between ptolemy.data.FixToken 'fix(-0.0625,6,2)' and ptolemy.data.IntToken '1' because the types are incomparable.
  in .top.FIRclone
Because:
multiplyReverse method not supported between ptolemy.data.FixToken 'fix(-0.0625,6,2)' and ptolemy.data.IntToken '1' because the types are incomparable.
35 ms. Memory: 129024K Free: 73154K (57%)
/home/travis/build/icyphy/ptII/ptolemy/domains/sdf/lib/test/IntToBits.tcl
15 ms. Memory: 129024K Free: 71620K (56%)
10 ms. Memory: 129024K Free: 70082K (54%)
/home/travis/build/icyphy/ptII/ptolemy/domains/sdf/lib/test/MaximumEntropySpectrum.tcl
/home/travis/build/icyphy/ptII/ptolemy/domains/sdf/lib/test/Repeat.tcl
12 ms. Memory: 129024K Free: 48563K (38%)
/home/travis/build/icyphy/ptII/ptolemy/domains/sdf/lib/test/SampleDelay.tcl
8 ms. Memory: 129024K Free: 113174K (88%)
4 ms. Memory: 129024K Free: 112144K (87%)
3 ms. Memory: 129024K Free: 111126K (86%)
4 ms. Memory: 129024K Free: 110616K (86%)
2 ms. Memory: 129024K Free: 110088K (85%)
2 ms. Memory: 129024K Free: 109592K (85%)
/home/travis/build/icyphy/ptII/ptolemy/domains/sdf/lib/test/SequenceToArray.tcl
5 ms. Memory: 129024K Free: 108040K (84%)
4 ms. Memory: 129024K Free: 107030K (83%)
5 ms. Memory: 129024K Free: 105496K (82%)
5 ms. Memory: 129024K Free: 104472K (81%)
10/04/20 04:17:07
Failed: 0  Total Tests: 41  ((Passed: 41, Newly Passed: 0)  Known Failed: 0) /home/travis/build/icyphy/ptII/ptolemy/domains/sdf/lib/test
No auto/knownFailedTests/*.xml tests in /home/travis/build/icyphy/ptII/ptolemy/domains/sdf/lib/test
No auto/linux-amd64/*.xml tests in /home/travis/build/icyphy/ptII/ptolemy/domains/sdf/lib/test
AutoTests.java: About to close Vertx.
AutoTests.java: Vertx closed.

===========================================================================================
----------------- testing Sun Oct 04 16:17:07 UTC 2020 /home/travis/build/icyphy/ptII/ptolemy/domains/sdf/lib/test/auto/ArrayToSequence.xml
----------------- Instantiating /home/travis/build/icyphy/ptII/ptolemy/domains/sdf/lib/test/auto/ArrayToSequence.xml
40 ms. Memory: 129024K Free: 92468K (72%)
----------------- Invoking toplevel() on ptolemy.moml.MoMLSimpleApplication@7aa5f282
----------------- Done invoking toplevel() on ptolemy.moml.MoMLSimpleApplication@7aa5f282
reloadAllAccessors: .ArrayToSequence

===========================================================================================
----------------- testing Sun Oct 04 16:17:08 UTC 2020 /home/travis/build/icyphy/ptII/ptolemy/domains/sdf/lib/test/auto/ArrayToSequenceTest.xml
----------------- Instantiating /home/travis/build/icyphy/ptII/ptolemy/domains/sdf/lib/test/auto/ArrayToSequenceTest.xml
29 ms. Memory: 129024K Free: 86651K (67%)
----------------- Invoking toplevel() on ptolemy.moml.MoMLSimpleApplication@711d0915
----------------- Done invoking toplevel() on ptolemy.moml.MoMLSimpleApplication@711d0915
reloadAllAccessors: .ArrayToSequenceTest

===========================================================================================
----------------- testing Sun Oct 04 16:17:08 UTC 2020 /home/travis/build/icyphy/ptII/ptolemy/domains/sdf/lib/test/auto/Autocorrelation.xml
----------------- Instantiating /home/travis/build/icyphy/ptII/ptolemy/domains/sdf/lib/test/auto/Autocorrelation.xml
11 ms. Memory: 129024K Free: 111939K (87%)
----------------- Invoking toplevel() on ptolemy.moml.MoMLSimpleApplication@7709a1f
----------------- Done invoking toplevel() on ptolemy.moml.MoMLSimpleApplication@7709a1f
reloadAllAccessors: .Autocorrelation

===========================================================================================
----------------- testing Sun Oct 04 16:17:08 UTC 2020 /home/travis/build/icyphy/ptII/ptolemy/domains/sdf/lib/test/auto/Autocorrelation2.xml
----------------- Instantiating /home/travis/build/icyphy/ptII/ptolemy/domains/sdf/lib/test/auto/Autocorrelation2.xml
4 ms. Memory: 129024K Free: 107504K (83%)
----------------- Invoking toplevel() on ptolemy.moml.MoMLSimpleApplication@774fa03d
----------------- Done invoking toplevel() on ptolemy.moml.MoMLSimpleApplication@774fa03d
reloadAllAccessors: .Autocorrelation2

===========================================================================================
----------------- testing Sun Oct 04 16:17:08 UTC 2020 /home/travis/build/icyphy/ptII/ptolemy/domains/sdf/lib/test/auto/Autocorrelation3.xml
----------------- Instantiating /home/travis/build/icyphy/ptII/ptolemy/domains/sdf/lib/test/auto/Autocorrelation3.xml
3 ms. Memory: 129024K Free: 104063K (81%)
----------------- Invoking toplevel() on ptolemy.moml.MoMLSimpleApplication@6879a593
----------------- Done invoking toplevel() on ptolemy.moml.MoMLSimpleApplication@6879a593
reloadAllAccessors: .Autocorrelation3

===========================================================================================
----------------- testing Sun Oct 04 16:17:08 UTC 2020 /home/travis/build/icyphy/ptII/ptolemy/domains/sdf/lib/test/auto/Autocorrelation4.xml
----------------- Instantiating /home/travis/build/icyphy/ptII/ptolemy/domains/sdf/lib/test/auto/Autocorrelation4.xml
7 ms. Memory: 129024K Free: 99635K (77%)
----------------- Invoking toplevel() on ptolemy.moml.MoMLSimpleApplication@1bc01af3
----------------- Done invoking toplevel() on ptolemy.moml.MoMLSimpleApplication@1bc01af3
reloadAllAccessors: .Autocorrelation4

===========================================================================================
----------------- testing Sun Oct 04 16:17:08 UTC 2020 /home/travis/build/icyphy/ptII/ptolemy/domains/sdf/lib/test/auto/Autocorrelation5.xml
----------------- Instantiating /home/travis/build/icyphy/ptII/ptolemy/domains/sdf/lib/test/auto/Autocorrelation5.xml
48 ms. Memory: 129024K Free: 93102K (72%)
----------------- Invoking toplevel() on ptolemy.moml.MoMLSimpleApplication@2940bb7b
----------------- Done invoking toplevel() on ptolemy.moml.MoMLSimpleApplication@2940bb7b
reloadAllAccessors: .Autocorrelation5

===========================================================================================
----------------- testing Sun Oct 04 16:17:08 UTC 2020 /home/travis/build/icyphy/ptII/ptolemy/domains/sdf/lib/test/auto/BitsToInt.xml
----------------- Instantiating /home/travis/build/icyphy/ptII/ptolemy/domains/sdf/lib/test/auto/BitsToInt.xml
4 ms. Memory: 129024K Free: 89704K (70%)
----------------- Invoking toplevel() on ptolemy.moml.MoMLSimpleApplication@3788aa51
----------------- Done invoking toplevel() on ptolemy.moml.MoMLSimpleApplication@3788aa51
reloadAllAccessors: .BitsToInt

===========================================================================================
----------------- testing Sun Oct 04 16:17:08 UTC 2020 /home/travis/build/icyphy/ptII/ptolemy/domains/sdf/lib/test/auto/BooleanJoin.xml
----------------- Instantiating /home/travis/build/icyphy/ptII/ptolemy/domains/sdf/lib/test/auto/BooleanJoin.xml
5 ms. Memory: 129024K Free: 85344K (66%)
----------------- Invoking toplevel() on ptolemy.moml.MoMLSimpleApplication@1ffb4ab5
----------------- Done invoking toplevel() on ptolemy.moml.MoMLSimpleApplication@1ffb4ab5
reloadAllAccessors: .BooleanJoin

===========================================================================================
----------------- testing Sun Oct 04 16:17:08 UTC 2020 /home/travis/build/icyphy/ptII/ptolemy/domains/sdf/lib/test/auto/BootstrapSampleDelay.xml
----------------- Instantiating /home/travis/build/icyphy/ptII/ptolemy/domains/sdf/lib/test/auto/BootstrapSampleDelay.xml
15 ms. Memory: 129024K Free: 81542K (63%)
----------------- Invoking toplevel() on ptolemy.moml.MoMLSimpleApplication@65fc1a2c
----------------- Done invoking toplevel() on ptolemy.moml.MoMLSimpleApplication@65fc1a2c
reloadAllAccessors: .BootstrapSampleDelay

===========================================================================================
----------------- testing Sun Oct 04 16:17:08 UTC 2020 /home/travis/build/icyphy/ptII/ptolemy/domains/sdf/lib/test/auto/Chop.xml
----------------- Instantiating /home/travis/build/icyphy/ptII/ptolemy/domains/sdf/lib/test/auto/Chop.xml
5 ms. Memory: 129024K Free: 73733K (57%)
----------------- Invoking toplevel() on ptolemy.moml.MoMLSimpleApplication@57f766ae
----------------- Done invoking toplevel() on ptolemy.moml.MoMLSimpleApplication@57f766ae
reloadAllAccessors: .Chop

===========================================================================================
----------------- testing Sun Oct 04 16:17:08 UTC 2020 /home/travis/build/icyphy/ptII/ptolemy/domains/sdf/lib/test/auto/Chop2.xml
----------------- Instantiating /home/travis/build/icyphy/ptII/ptolemy/domains/sdf/lib/test/auto/Chop2.xml
10 ms. Memory: 129024K Free: 110231K (85%)
----------------- Invoking toplevel() on ptolemy.moml.MoMLSimpleApplication@3bd0062a
----------------- Done invoking toplevel() on ptolemy.moml.MoMLSimpleApplication@3bd0062a
reloadAllAccessors: .Chop2

===========================================================================================
----------------- testing Sun Oct 04 16:17:08 UTC 2020 /home/travis/build/icyphy/ptII/ptolemy/domains/sdf/lib/test/auto/ComplexJoin.xml
----------------- Instantiating /home/travis/build/icyphy/ptII/ptolemy/domains/sdf/lib/test/auto/ComplexJoin.xml
5 ms. Memory: 129024K Free: 105633K (82%)
----------------- Invoking toplevel() on ptolemy.moml.MoMLSimpleApplication@65eb6f32
----------------- Done invoking toplevel() on ptolemy.moml.MoMLSimpleApplication@65eb6f32
reloadAllAccessors: .ComplexJoin

===========================================================================================
----------------- testing Sun Oct 04 16:17:08 UTC 2020 /home/travis/build/icyphy/ptII/ptolemy/domains/sdf/lib/test/auto/CountTrues.xml
----------------- Instantiating /home/travis/build/icyphy/ptII/ptolemy/domains/sdf/lib/test/auto/CountTrues.xml
5 ms. Memory: 129024K Free: 102583K (80%)
----------------- Invoking toplevel() on ptolemy.moml.MoMLSimpleApplication@7f6560f1
----------------- Done invoking toplevel() on ptolemy.moml.MoMLSimpleApplication@7f6560f1
reloadAllAccessors: .CountTrues

===========================================================================================
----------------- testing Sun Oct 04 16:17:08 UTC 2020 /home/travis/build/icyphy/ptII/ptolemy/domains/sdf/lib/test/auto/DelayLine.xml
----------------- Instantiating /home/travis/build/icyphy/ptII/ptolemy/domains/sdf/lib/test/auto/DelayLine.xml
4 ms. Memory: 129024K Free: 97032K (75%)
----------------- Invoking toplevel() on ptolemy.moml.MoMLSimpleApplication@4af78050
----------------- Done invoking toplevel() on ptolemy.moml.MoMLSimpleApplication@4af78050
reloadAllAccessors: .DelayLine

===========================================================================================
----------------- testing Sun Oct 04 16:17:08 UTC 2020 /home/travis/build/icyphy/ptII/ptolemy/domains/sdf/lib/test/auto/DotProduct.xml
----------------- Instantiating /home/travis/build/icyphy/ptII/ptolemy/domains/sdf/lib/test/auto/DotProduct.xml
3 ms. Memory: 129024K Free: 93974K (73%)
----------------- Invoking toplevel() on ptolemy.moml.MoMLSimpleApplication@59e2f515
----------------- Done invoking toplevel() on ptolemy.moml.MoMLSimpleApplication@59e2f515
reloadAllAccessors: .DotProduct

===========================================================================================
----------------- testing Sun Oct 04 16:17:08 UTC 2020 /home/travis/build/icyphy/ptII/ptolemy/domains/sdf/lib/test/auto/DotProductMatrix.xml
----------------- Instantiating /home/travis/build/icyphy/ptII/ptolemy/domains/sdf/lib/test/auto/DotProductMatrix.xml
4 ms. Memory: 129024K Free: 90902K (70%)
----------------- Invoking toplevel() on ptolemy.moml.MoMLSimpleApplication@3b633a18
----------------- Done invoking toplevel() on ptolemy.moml.MoMLSimpleApplication@3b633a18
reloadAllAccessors: .DotProductMatrix

===========================================================================================
----------------- testing Sun Oct 04 16:17:08 UTC 2020 /home/travis/build/icyphy/ptII/ptolemy/domains/sdf/lib/test/auto/DownSample1.xml
----------------- Instantiating /home/travis/build/icyphy/ptII/ptolemy/domains/sdf/lib/test/auto/DownSample1.xml
6 ms. Memory: 129024K Free: 87814K (68%)
----------------- Invoking toplevel() on ptolemy.moml.MoMLSimpleApplication@32c482e7
----------------- Done invoking toplevel() on ptolemy.moml.MoMLSimpleApplication@32c482e7
reloadAllAccessors: .DownSample1

===========================================================================================
----------------- testing Sun Oct 04 16:17:08 UTC 2020 /home/travis/build/icyphy/ptII/ptolemy/domains/sdf/lib/test/auto/DynamicRateChange.xml
----------------- Instantiating /home/travis/build/icyphy/ptII/ptolemy/domains/sdf/lib/test/auto/DynamicRateChange.xml
10 ms. Memory: 129024K Free: 82103K (64%)
----------------- Invoking toplevel() on ptolemy.moml.MoMLSimpleApplication@74c8da65
----------------- Done invoking toplevel() on ptolemy.moml.MoMLSimpleApplication@74c8da65
reloadAllAccessors: .DynamicRateChange

===========================================================================================
----------------- testing Sun Oct 04 16:17:08 UTC 2020 /home/travis/build/icyphy/ptII/ptolemy/domains/sdf/lib/test/auto/DynamicRates.xml
----------------- Instantiating /home/travis/build/icyphy/ptII/ptolemy/domains/sdf/lib/test/auto/DynamicRates.xml
10 ms. Memory: 129024K Free: 76566K (59%)
----------------- Invoking toplevel() on ptolemy.moml.MoMLSimpleApplication@1b4956d6
----------------- Done invoking toplevel() on ptolemy.moml.MoMLSimpleApplication@1b4956d6
reloadAllAccessors: .DynamicRates

===========================================================================================
----------------- testing Sun Oct 04 16:17:09 UTC 2020 /home/travis/build/icyphy/ptII/ptolemy/domains/sdf/lib/test/auto/FFT1.xml
----------------- Instantiating /home/travis/build/icyphy/ptII/ptolemy/domains/sdf/lib/test/auto/FFT1.xml
6 ms. Memory: 129024K Free: 72281K (56%)
----------------- Invoking toplevel() on ptolemy.moml.MoMLSimpleApplication@39a63a1c
----------------- Done invoking toplevel() on ptolemy.moml.MoMLSimpleApplication@39a63a1c
reloadAllAccessors: .FFT1

===========================================================================================
----------------- testing Sun Oct 04 16:17:09 UTC 2020 /home/travis/build/icyphy/ptII/ptolemy/domains/sdf/lib/test/auto/FIR1.xml
----------------- Instantiating /home/travis/build/icyphy/ptII/ptolemy/domains/sdf/lib/test/auto/FIR1.xml
22 ms. Memory: 129024K Free: 65316K (51%)
----------------- Invoking toplevel() on ptolemy.moml.MoMLSimpleApplication@1a69f795
----------------- Done invoking toplevel() on ptolemy.moml.MoMLSimpleApplication@1a69f795
reloadAllAccessors: .FIR1

===========================================================================================
----------------- testing Sun Oct 04 16:17:09 UTC 2020 /home/travis/build/icyphy/ptII/ptolemy/domains/sdf/lib/test/auto/FIR2.xml
----------------- Instantiating /home/travis/build/icyphy/ptII/ptolemy/domains/sdf/lib/test/auto/FIR2.xml
2 ms. Memory: 129024K Free: 62041K (48%)
----------------- Invoking toplevel() on ptolemy.moml.MoMLSimpleApplication@5ef4e5c
----------------- Done invoking toplevel() on ptolemy.moml.MoMLSimpleApplication@5ef4e5c
reloadAllAccessors: .FIR2

===========================================================================================
----------------- testing Sun Oct 04 16:17:09 UTC 2020 /home/travis/build/icyphy/ptII/ptolemy/domains/sdf/lib/test/auto/FIR4.xml
----------------- Instantiating /home/travis/build/icyphy/ptII/ptolemy/domains/sdf/lib/test/auto/FIR4.xml
5 ms. Memory: 129024K Free: 54462K (42%)
----------------- Invoking toplevel() on ptolemy.moml.MoMLSimpleApplication@182b3b5e
----------------- Done invoking toplevel() on ptolemy.moml.MoMLSimpleApplication@182b3b5e
reloadAllAccessors: .FIR4

===========================================================================================
----------------- testing Sun Oct 04 16:17:09 UTC 2020 /home/travis/build/icyphy/ptII/ptolemy/domains/sdf/lib/test/auto/FixJoin.xml
----------------- Instantiating /home/travis/build/icyphy/ptII/ptolemy/domains/sdf/lib/test/auto/FixJoin.xml
4 ms. Memory: 155648K Free: 137876K (89%)
----------------- Invoking toplevel() on ptolemy.moml.MoMLSimpleApplication@59ae495c
----------------- Done invoking toplevel() on ptolemy.moml.MoMLSimpleApplication@59ae495c
reloadAllAccessors: .FixJoin

===========================================================================================
----------------- testing Sun Oct 04 16:17:09 UTC 2020 /home/travis/build/icyphy/ptII/ptolemy/domains/sdf/lib/test/auto/IntJoin1.xml
----------------- Instantiating /home/travis/build/icyphy/ptII/ptolemy/domains/sdf/lib/test/auto/IntJoin1.xml
2 ms. Memory: 155648K Free: 133148K (86%)
----------------- Invoking toplevel() on ptolemy.moml.MoMLSimpleApplication@3c6e6e11
----------------- Done invoking toplevel() on ptolemy.moml.MoMLSimpleApplication@3c6e6e11
reloadAllAccessors: .IntJoin1

===========================================================================================
----------------- testing Sun Oct 04 16:17:09 UTC 2020 /home/travis/build/icyphy/ptII/ptolemy/domains/sdf/lib/test/auto/IntJoin2.xml
----------------- Instantiating /home/travis/build/icyphy/ptII/ptolemy/domains/sdf/lib/test/auto/IntJoin2.xml
6 ms. Memory: 155648K Free: 129052K (83%)
----------------- Invoking toplevel() on ptolemy.moml.MoMLSimpleApplication@2a962e12
----------------- Done invoking toplevel() on ptolemy.moml.MoMLSimpleApplication@2a962e12
reloadAllAccessors: .IntJoin2

===========================================================================================
----------------- testing Sun Oct 04 16:17:09 UTC 2020 /home/travis/build/icyphy/ptII/ptolemy/domains/sdf/lib/test/auto/IntJoin3.xml
----------------- Instantiating /home/travis/build/icyphy/ptII/ptolemy/domains/sdf/lib/test/auto/IntJoin3.xml
8 ms. Memory: 155648K Free: 124446K (80%)
----------------- Invoking toplevel() on ptolemy.moml.MoMLSimpleApplication@49ac9a60
----------------- Done invoking toplevel() on ptolemy.moml.MoMLSimpleApplication@49ac9a60
reloadAllAccessors: .IntJoin3

===========================================================================================
----------------- testing Sun Oct 04 16:17:09 UTC 2020 /home/travis/build/icyphy/ptII/ptolemy/domains/sdf/lib/test/auto/IntJoin4.xml
----------------- Instantiating /home/travis/build/icyphy/ptII/ptolemy/domains/sdf/lib/test/auto/IntJoin4.xml
4 ms. Memory: 155648K Free: 120350K (77%)
----------------- Invoking toplevel() on ptolemy.moml.MoMLSimpleApplication@593c19f1
----------------- Done invoking toplevel() on ptolemy.moml.MoMLSimpleApplication@593c19f1
reloadAllAccessors: .IntJoin4

===========================================================================================
----------------- testing Sun Oct 04 16:17:09 UTC 2020 /home/travis/build/icyphy/ptII/ptolemy/domains/sdf/lib/test/auto/IntJoin5.xml
----------------- Instantiating /home/travis/build/icyphy/ptII/ptolemy/domains/sdf/lib/test/auto/IntJoin5.xml
5 ms. Memory: 155648K Free: 115740K (74%)
----------------- Invoking toplevel() on ptolemy.moml.MoMLSimpleApplication@4a9832fd
----------------- Done invoking toplevel() on ptolemy.moml.MoMLSimpleApplication@4a9832fd
reloadAllAccessors: .IntJoin5

===========================================================================================
----------------- testing Sun Oct 04 16:17:09 UTC 2020 /home/travis/build/icyphy/ptII/ptolemy/domains/sdf/lib/test/auto/IntToBits.xml
----------------- Instantiating /home/travis/build/icyphy/ptII/ptolemy/domains/sdf/lib/test/auto/IntToBits.xml
6 ms. Memory: 155648K Free: 112668K (72%)
----------------- Invoking toplevel() on ptolemy.moml.MoMLSimpleApplication@1e36ff90
----------------- Done invoking toplevel() on ptolemy.moml.MoMLSimpleApplication@1e36ff90
reloadAllAccessors: .IntToBits

===========================================================================================
----------------- testing Sun Oct 04 16:17:09 UTC 2020 /home/travis/build/icyphy/ptII/ptolemy/domains/sdf/lib/test/auto/LMSAdaptive.xml
----------------- Instantiating /home/travis/build/icyphy/ptII/ptolemy/domains/sdf/lib/test/auto/LMSAdaptive.xml
6 ms. Memory: 155648K Free: 103966K (67%)
----------------- Invoking toplevel() on ptolemy.moml.MoMLSimpleApplication@7b54f5a4
----------------- Done invoking toplevel() on ptolemy.moml.MoMLSimpleApplication@7b54f5a4
reloadAllAccessors: .LMSAdaptive

===========================================================================================
----------------- testing Sun Oct 04 16:17:09 UTC 2020 /home/travis/build/icyphy/ptII/ptolemy/domains/sdf/lib/test/auto/LMSAdaptiveFIR.xml
----------------- Instantiating /home/travis/build/icyphy/ptII/ptolemy/domains/sdf/lib/test/auto/LMSAdaptiveFIR.xml
271 ms. Memory: 155648K Free: 70174K (45%)
----------------- Invoking toplevel() on ptolemy.moml.MoMLSimpleApplication@5f9498bb
----------------- Done invoking toplevel() on ptolemy.moml.MoMLSimpleApplication@5f9498bb
reloadAllAccessors: .LMSAdaptiveFIR

===========================================================================================
----------------- testing Sun Oct 04 16:17:09 UTC 2020 /home/travis/build/icyphy/ptII/ptolemy/domains/sdf/lib/test/auto/LMSAdaptiveFIR2.xml
----------------- Instantiating /home/travis/build/icyphy/ptII/ptolemy/domains/sdf/lib/test/auto/LMSAdaptiveFIR2.xml
318 ms. Memory: 155648K Free: 88814K (57%)
----------------- Invoking toplevel() on ptolemy.moml.MoMLSimpleApplication@240f665b
----------------- Done invoking toplevel() on ptolemy.moml.MoMLSimpleApplication@240f665b
reloadAllAccessors: .LMSAdaptiveFIR2

===========================================================================================
----------------- testing Sun Oct 04 16:17:10 UTC 2020 /home/travis/build/icyphy/ptII/ptolemy/domains/sdf/lib/test/auto/LongJoin.xml
----------------- Instantiating /home/travis/build/icyphy/ptII/ptolemy/domains/sdf/lib/test/auto/LongJoin.xml
2 ms. Memory: 155648K Free: 84208K (54%)
----------------- Invoking toplevel() on ptolemy.moml.MoMLSimpleApplication@4032bff
----------------- Done invoking toplevel() on ptolemy.moml.MoMLSimpleApplication@4032bff
reloadAllAccessors: .LongJoin

===========================================================================================
----------------- testing Sun Oct 04 16:17:10 UTC 2020 /home/travis/build/icyphy/ptII/ptolemy/domains/sdf/lib/test/auto/Matrix1.xml
----------------- Instantiating /home/travis/build/icyphy/ptII/ptolemy/domains/sdf/lib/test/auto/Matrix1.xml
4 ms. Memory: 155648K Free: 80112K (51%)
----------------- Invoking toplevel() on ptolemy.moml.MoMLSimpleApplication@5a9c8b84
----------------- Done invoking toplevel() on ptolemy.moml.MoMLSimpleApplication@5a9c8b84
reloadAllAccessors: .Matrix1

===========================================================================================
----------------- testing Sun Oct 04 16:17:10 UTC 2020 /home/travis/build/icyphy/ptII/ptolemy/domains/sdf/lib/test/auto/Matrix2.xml
----------------- Instantiating /home/travis/build/icyphy/ptII/ptolemy/domains/sdf/lib/test/auto/Matrix2.xml
6 ms. Memory: 155648K Free: 76016K (49%)
----------------- Invoking toplevel() on ptolemy.moml.MoMLSimpleApplication@33217589
----------------- Done invoking toplevel() on ptolemy.moml.MoMLSimpleApplication@33217589
reloadAllAccessors: .Matrix2

===========================================================================================
----------------- testing Sun Oct 04 16:17:10 UTC 2020 /home/travis/build/icyphy/ptII/ptolemy/domains/sdf/lib/test/auto/MatrixJoin1.xml
----------------- Instantiating /home/travis/build/icyphy/ptII/ptolemy/domains/sdf/lib/test/auto/MatrixJoin1.xml
3 ms. Memory: 155648K Free: 71920K (46%)
----------------- Invoking toplevel() on ptolemy.moml.MoMLSimpleApplication@9f180bf
----------------- Done invoking toplevel() on ptolemy.moml.MoMLSimpleApplication@9f180bf
reloadAllAccessors: .MatrixJoin1

===========================================================================================
----------------- testing Sun Oct 04 16:17:10 UTC 2020 /home/travis/build/icyphy/ptII/ptolemy/domains/sdf/lib/test/auto/MatrixJoin2.xml
----------------- Instantiating /home/travis/build/icyphy/ptII/ptolemy/domains/sdf/lib/test/auto/MatrixJoin2.xml
3 ms. Memory: 155648K Free: 67310K (43%)
----------------- Invoking toplevel() on ptolemy.moml.MoMLSimpleApplication@5d6d6f02
----------------- Done invoking toplevel() on ptolemy.moml.MoMLSimpleApplication@5d6d6f02
reloadAllAccessors: .MatrixJoin2

===========================================================================================
----------------- testing Sun Oct 04 16:17:10 UTC 2020 /home/travis/build/icyphy/ptII/ptolemy/domains/sdf/lib/test/auto/MatrixJoin3.xml
----------------- Instantiating /home/travis/build/icyphy/ptII/ptolemy/domains/sdf/lib/test/auto/MatrixJoin3.xml
3 ms. Memory: 155648K Free: 62704K (40%)
----------------- Invoking toplevel() on ptolemy.moml.MoMLSimpleApplication@4728552
----------------- Done invoking toplevel() on ptolemy.moml.MoMLSimpleApplication@4728552
reloadAllAccessors: .MatrixJoin3

===========================================================================================
----------------- testing Sun Oct 04 16:17:10 UTC 2020 /home/travis/build/icyphy/ptII/ptolemy/domains/sdf/lib/test/auto/MatrixJoin4.xml
----------------- Instantiating /home/travis/build/icyphy/ptII/ptolemy/domains/sdf/lib/test/auto/MatrixJoin4.xml
4 ms. Memory: 155648K Free: 137743K (88%)
----------------- Invoking toplevel() on ptolemy.moml.MoMLSimpleApplication@52d0654a
----------------- Done invoking toplevel() on ptolemy.moml.MoMLSimpleApplication@52d0654a
reloadAllAccessors: .MatrixJoin4

===========================================================================================
----------------- testing Sun Oct 04 16:17:10 UTC 2020 /home/travis/build/icyphy/ptII/ptolemy/domains/sdf/lib/test/auto/MatrixJoin5.xml
----------------- Instantiating /home/travis/build/icyphy/ptII/ptolemy/domains/sdf/lib/test/auto/MatrixJoin5.xml
2 ms. Memory: 155648K Free: 133499K (86%)
----------------- Invoking toplevel() on ptolemy.moml.MoMLSimpleApplication@57b14e69
----------------- Done invoking toplevel() on ptolemy.moml.MoMLSimpleApplication@57b14e69
reloadAllAccessors: .MatrixJoin5

===========================================================================================
----------------- testing Sun Oct 04 16:17:10 UTC 2020 /home/travis/build/icyphy/ptII/ptolemy/domains/sdf/lib/test/auto/MatrixSplit1.xml
----------------- Instantiating /home/travis/build/icyphy/ptII/ptolemy/domains/sdf/lib/test/auto/MatrixSplit1.xml
3 ms. Memory: 155648K Free: 127865K (82%)
----------------- Invoking toplevel() on ptolemy.moml.MoMLSimpleApplication@7578b8ee
----------------- Done invoking toplevel() on ptolemy.moml.MoMLSimpleApplication@7578b8ee
reloadAllAccessors: .MatrixSplit1

===========================================================================================
----------------- testing Sun Oct 04 16:17:10 UTC 2020 /home/travis/build/icyphy/ptII/ptolemy/domains/sdf/lib/test/auto/MatrixSplit10.xml
----------------- Instantiating /home/travis/build/icyphy/ptII/ptolemy/domains/sdf/lib/test/auto/MatrixSplit10.xml
2 ms. Memory: 155648K Free: 124283K (80%)
----------------- Invoking toplevel() on ptolemy.moml.MoMLSimpleApplication@1a913238
----------------- Done invoking toplevel() on ptolemy.moml.MoMLSimpleApplication@1a913238
reloadAllAccessors: .MatrixSplit10

===========================================================================================
----------------- testing Sun Oct 04 16:17:10 UTC 2020 /home/travis/build/icyphy/ptII/ptolemy/domains/sdf/lib/test/auto/MatrixSplit11.xml
----------------- Instantiating /home/travis/build/icyphy/ptII/ptolemy/domains/sdf/lib/test/auto/MatrixSplit11.xml
1 ms. Memory: 155648K Free: 120697K (78%)
----------------- Invoking toplevel() on ptolemy.moml.MoMLSimpleApplication@6834806b
----------------- Done invoking toplevel() on ptolemy.moml.MoMLSimpleApplication@6834806b
reloadAllAccessors: .MatrixSplit11

===========================================================================================
----------------- testing Sun Oct 04 16:17:10 UTC 2020 /home/travis/build/icyphy/ptII/ptolemy/domains/sdf/lib/test/auto/MatrixSplit12.xml
----------------- Instantiating /home/travis/build/icyphy/ptII/ptolemy/domains/sdf/lib/test/auto/MatrixSplit12.xml
3 ms. Memory: 155648K Free: 117115K (75%)
----------------- Invoking toplevel() on ptolemy.moml.MoMLSimpleApplication@37441ada
----------------- Done invoking toplevel() on ptolemy.moml.MoMLSimpleApplication@37441ada
reloadAllAccessors: .MatrixSplit12

===========================================================================================
----------------- testing Sun Oct 04 16:17:10 UTC 2020 /home/travis/build/icyphy/ptII/ptolemy/domains/sdf/lib/test/auto/MatrixSplit13.xml
----------------- Instantiating /home/travis/build/icyphy/ptII/ptolemy/domains/sdf/lib/test/auto/MatrixSplit13.xml
3 ms. Memory: 155648K Free: 113529K (73%)
----------------- Invoking toplevel() on ptolemy.moml.MoMLSimpleApplication@64790980
----------------- Done invoking toplevel() on ptolemy.moml.MoMLSimpleApplication@64790980
reloadAllAccessors: .MatrixSplit13

===========================================================================================
----------------- testing Sun Oct 04 16:17:10 UTC 2020 /home/travis/build/icyphy/ptII/ptolemy/domains/sdf/lib/test/auto/MatrixSplit14.xml
----------------- Instantiating /home/travis/build/icyphy/ptII/ptolemy/domains/sdf/lib/test/auto/MatrixSplit14.xml
2 ms. Memory: 155648K Free: 109947K (71%)
----------------- Invoking toplevel() on ptolemy.moml.MoMLSimpleApplication@502ef045
----------------- Done invoking toplevel() on ptolemy.moml.MoMLSimpleApplication@502ef045
reloadAllAccessors: .MatrixSplit14

===========================================================================================
----------------- testing Sun Oct 04 16:17:10 UTC 2020 /home/travis/build/icyphy/ptII/ptolemy/domains/sdf/lib/test/auto/MatrixSplit2.xml
----------------- Instantiating /home/travis/build/icyphy/ptII/ptolemy/domains/sdf/lib/test/auto/MatrixSplit2.xml
2 ms. Memory: 155648K Free: 106361K (68%)
----------------- Invoking toplevel() on ptolemy.moml.MoMLSimpleApplication@63ee01f6
----------------- Done invoking toplevel() on ptolemy.moml.MoMLSimpleApplication@63ee01f6
reloadAllAccessors: .MatrixSplit2

===========================================================================================
----------------- testing Sun Oct 04 16:17:10 UTC 2020 /home/travis/build/icyphy/ptII/ptolemy/domains/sdf/lib/test/auto/MatrixSplit3.xml
----------------- Instantiating /home/travis/build/icyphy/ptII/ptolemy/domains/sdf/lib/test/auto/MatrixSplit3.xml
2 ms. Memory: 155648K Free: 102779K (66%)
----------------- Invoking toplevel() on ptolemy.moml.MoMLSimpleApplication@5f320082
----------------- Done invoking toplevel() on ptolemy.moml.MoMLSimpleApplication@5f320082
reloadAllAccessors: .MatrixSplit3

===========================================================================================
----------------- testing Sun Oct 04 16:17:10 UTC 2020 /home/travis/build/icyphy/ptII/ptolemy/domains/sdf/lib/test/auto/MatrixSplit4.xml
----------------- Instantiating /home/travis/build/icyphy/ptII/ptolemy/domains/sdf/lib/test/auto/MatrixSplit4.xml
3 ms. Memory: 155648K Free: 99193K (64%)
----------------- Invoking toplevel() on ptolemy.moml.MoMLSimpleApplication@45b0d43a
----------------- Done invoking toplevel() on ptolemy.moml.MoMLSimpleApplication@45b0d43a
reloadAllAccessors: .MatrixSplit4

===========================================================================================
----------------- testing Sun Oct 04 16:17:10 UTC 2020 /home/travis/build/icyphy/ptII/ptolemy/domains/sdf/lib/test/auto/MatrixSplit5.xml
----------------- Instantiating /home/travis/build/icyphy/ptII/ptolemy/domains/sdf/lib/test/auto/MatrixSplit5.xml
11 ms. Memory: 155648K Free: 95611K (61%)
----------------- Invoking toplevel() on ptolemy.moml.MoMLSimpleApplication@c434459
----------------- Done invoking toplevel() on ptolemy.moml.MoMLSimpleApplication@c434459
reloadAllAccessors: .MatrixSplit5

===========================================================================================
----------------- testing Sun Oct 04 16:17:10 UTC 2020 /home/travis/build/icyphy/ptII/ptolemy/domains/sdf/lib/test/auto/MatrixSplit6.xml
----------------- Instantiating /home/travis/build/icyphy/ptII/ptolemy/domains/sdf/lib/test/auto/MatrixSplit6.xml
3 ms. Memory: 155648K Free: 92025K (59%)
----------------- Invoking toplevel() on ptolemy.moml.MoMLSimpleApplication@39d6a571
----------------- Done invoking toplevel() on ptolemy.moml.MoMLSimpleApplication@39d6a571
reloadAllAccessors: .MatrixSplit6

===========================================================================================
----------------- testing Sun Oct 04 16:17:10 UTC 2020 /home/travis/build/icyphy/ptII/ptolemy/domains/sdf/lib/test/auto/MatrixSplit7.xml
----------------- Instantiating /home/travis/build/icyphy/ptII/ptolemy/domains/sdf/lib/test/auto/MatrixSplit7.xml
2 ms. Memory: 155648K Free: 88443K (57%)
----------------- Invoking toplevel() on ptolemy.moml.MoMLSimpleApplication@4f7b18b2
----------------- Done invoking toplevel() on ptolemy.moml.MoMLSimpleApplication@4f7b18b2
reloadAllAccessors: .MatrixSplit7

===========================================================================================
----------------- testing Sun Oct 04 16:17:10 UTC 2020 /home/travis/build/icyphy/ptII/ptolemy/domains/sdf/lib/test/auto/MatrixSplit8.xml
----------------- Instantiating /home/travis/build/icyphy/ptII/ptolemy/domains/sdf/lib/test/auto/MatrixSplit8.xml
2 ms. Memory: 155648K Free: 84857K (55%)
----------------- Invoking toplevel() on ptolemy.moml.MoMLSimpleApplication@70c8ca80
----------------- Done invoking toplevel() on ptolemy.moml.MoMLSimpleApplication@70c8ca80
reloadAllAccessors: .MatrixSplit8

===========================================================================================
----------------- testing Sun Oct 04 16:17:10 UTC 2020 /home/travis/build/icyphy/ptII/ptolemy/domains/sdf/lib/test/auto/MatrixSplit9.xml
----------------- Instantiating /home/travis/build/icyphy/ptII/ptolemy/domains/sdf/lib/test/auto/MatrixSplit9.xml
4 ms. Memory: 155648K Free: 81275K (52%)
----------------- Invoking toplevel() on ptolemy.moml.MoMLSimpleApplication@80fb66b
----------------- Done invoking toplevel() on ptolemy.moml.MoMLSimpleApplication@80fb66b
reloadAllAccessors: .MatrixSplit9

===========================================================================================
----------------- testing Sun Oct 04 16:17:10 UTC 2020 /home/travis/build/icyphy/ptII/ptolemy/domains/sdf/lib/test/auto/MatrixToSequence.xml
----------------- Instantiating /home/travis/build/icyphy/ptII/ptolemy/domains/sdf/lib/test/auto/MatrixToSequence.xml
12 ms. Memory: 155648K Free: 72059K (46%)
----------------- Invoking toplevel() on ptolemy.moml.MoMLSimpleApplication@522db98f
----------------- Done invoking toplevel() on ptolemy.moml.MoMLSimpleApplication@522db98f
reloadAllAccessors: .MatrixToSequence

===========================================================================================
----------------- testing Sun Oct 04 16:17:10 UTC 2020 /home/travis/build/icyphy/ptII/ptolemy/domains/sdf/lib/test/auto/MaximumEntropySpectrum.xml
----------------- Instantiating /home/travis/build/icyphy/ptII/ptolemy/domains/sdf/lib/test/auto/MaximumEntropySpectrum.xml
11 ms. Memory: 155648K Free: 133696K (86%)
----------------- Invoking toplevel() on ptolemy.moml.MoMLSimpleApplication@46314787
----------------- Done invoking toplevel() on ptolemy.moml.MoMLSimpleApplication@46314787
reloadAllAccessors: .MaximumEntropySpectrum

===========================================================================================
----------------- testing Sun Oct 04 16:17:10 UTC 2020 /home/travis/build/icyphy/ptII/ptolemy/domains/sdf/lib/test/auto/SampleDelayConversion.xml
----------------- Instantiating /home/travis/build/icyphy/ptII/ptolemy/domains/sdf/lib/test/auto/SampleDelayConversion.xml
2 ms. Memory: 155648K Free: 129600K (83%)
----------------- Invoking toplevel() on ptolemy.moml.MoMLSimpleApplication@2d3bba7f
----------------- Done invoking toplevel() on ptolemy.moml.MoMLSimpleApplication@2d3bba7f
reloadAllAccessors: .SampleDelayConversion

===========================================================================================
----------------- testing Sun Oct 04 16:17:10 UTC 2020 /home/travis/build/icyphy/ptII/ptolemy/domains/sdf/lib/test/auto/SequenceToArray.xml
----------------- Instantiating /home/travis/build/icyphy/ptII/ptolemy/domains/sdf/lib/test/auto/SequenceToArray.xml
9 ms. Memory: 155648K Free: 118850K (76%)
----------------- Invoking toplevel() on ptolemy.moml.MoMLSimpleApplication@99be6b8
----------------- Done invoking toplevel() on ptolemy.moml.MoMLSimpleApplication@99be6b8
reloadAllAccessors: .SequenceToArray

===========================================================================================
----------------- testing Sun Oct 04 16:17:10 UTC 2020 /home/travis/build/icyphy/ptII/ptolemy/domains/sdf/lib/test/auto/SequenceToMatrix.xml
----------------- Instantiating /home/travis/build/icyphy/ptII/ptolemy/domains/sdf/lib/test/auto/SequenceToMatrix.xml
2949 ms. Memory: 155648K Free: 134968K (87%)
----------------- Invoking toplevel() on ptolemy.moml.MoMLSimpleApplication@266a5068
----------------- Done invoking toplevel() on ptolemy.moml.MoMLSimpleApplication@266a5068
reloadAllAccessors: .SequenceToMatrix

===========================================================================================
----------------- testing Sun Oct 04 16:17:13 UTC 2020 /home/travis/build/icyphy/ptII/ptolemy/domains/sdf/lib/test/auto/SmoothedPeriodogram.xml
----------------- Instantiating /home/travis/build/icyphy/ptII/ptolemy/domains/sdf/lib/test/auto/SmoothedPeriodogram.xml
16 ms. Memory: 155648K Free: 119608K (77%)
----------------- Invoking toplevel() on ptolemy.moml.MoMLSimpleApplication@5b19ef91
----------------- Done invoking toplevel() on ptolemy.moml.MoMLSimpleApplication@5b19ef91
reloadAllAccessors: .SmoothedPeriodogram

===========================================================================================
----------------- testing Sun Oct 04 16:17:13 UTC 2020 /home/travis/build/icyphy/ptII/ptolemy/domains/sdf/lib/test/auto/UpDownSample1.xml
----------------- Instantiating /home/travis/build/icyphy/ptII/ptolemy/domains/sdf/lib/test/auto/UpDownSample1.xml
4 ms. Memory: 155648K Free: 115512K (74%)
----------------- Invoking toplevel() on ptolemy.moml.MoMLSimpleApplication@63c710d5
----------------- Done invoking toplevel() on ptolemy.moml.MoMLSimpleApplication@63c710d5
reloadAllAccessors: .UpDownSample1

===========================================================================================
----------------- testing Sun Oct 04 16:17:13 UTC 2020 /home/travis/build/icyphy/ptII/ptolemy/domains/sdf/lib/test/auto/UpSample1.xml
----------------- Instantiating /home/travis/build/icyphy/ptII/ptolemy/domains/sdf/lib/test/auto/UpSample1.xml
2 ms. Memory: 155648K Free: 111930K (72%)
----------------- Invoking toplevel() on ptolemy.moml.MoMLSimpleApplication@319e97c
----------------- Done invoking toplevel() on ptolemy.moml.MoMLSimpleApplication@319e97c
reloadAllAccessors: .UpSample1

===========================================================================================
----------------- testing Sun Oct 04 16:17:14 UTC 2020 /home/travis/build/icyphy/ptII/ptolemy/domains/sdf/lib/test/auto/VariableFIR.xml
----------------- Instantiating /home/travis/build/icyphy/ptII/ptolemy/domains/sdf/lib/test/auto/VariableFIR.xml
5 ms. Memory: 155648K Free: 106810K (69%)
----------------- Invoking toplevel() on ptolemy.moml.MoMLSimpleApplication@949cbe7
----------------- Done invoking toplevel() on ptolemy.moml.MoMLSimpleApplication@949cbe7
reloadAllAccessors: .VariableFIR

===========================================================================================
----------------- testing Sun Oct 04 16:17:14 UTC 2020 /home/travis/build/icyphy/ptII/ptolemy/domains/sdf/lib/test/auto/VariableFIR2.xml
----------------- Instantiating /home/travis/build/icyphy/ptII/ptolemy/domains/sdf/lib/test/auto/VariableFIR2.xml
3 ms. Memory: 155648K Free: 101690K (65%)
----------------- Invoking toplevel() on ptolemy.moml.MoMLSimpleApplication@662642b8
----------------- Done invoking toplevel() on ptolemy.moml.MoMLSimpleApplication@662642b8
reloadAllAccessors: .VariableFIR2

===========================================================================================
----------------- testing Sun Oct 04 16:17:14 UTC 2020 /home/travis/build/icyphy/ptII/ptolemy/domains/sdf/lib/test/auto/VariableLattice.xml
----------------- Instantiating /home/travis/build/icyphy/ptII/ptolemy/domains/sdf/lib/test/auto/VariableLattice.xml
5 ms. Memory: 155648K Free: 95546K (61%)
----------------- Invoking toplevel() on ptolemy.moml.MoMLSimpleApplication@54d39893
----------------- Done invoking toplevel() on ptolemy.moml.MoMLSimpleApplication@54d39893
reloadAllAccessors: .VariableLattice

===========================================================================================
----------------- testing Sun Oct 04 16:17:14 UTC 2020 /home/travis/build/icyphy/ptII/ptolemy/domains/sdf/lib/test/auto/VariableLattice2.xml
----------------- Instantiating /home/travis/build/icyphy/ptII/ptolemy/domains/sdf/lib/test/auto/VariableLattice2.xml
1.0
-1.999999602036
1.9099998677481
-0.9099996420674
0.205
0.0
0.0
1.0
-0.25
-0.5
0.0
0.0
0.0
0.0
3 ms. Memory: 155648K Free: 90936K (58%)
----------------- Invoking toplevel() on ptolemy.moml.MoMLSimpleApplication@fd71ed0
----------------- Done invoking toplevel() on ptolemy.moml.MoMLSimpleApplication@fd71ed0
reloadAllAccessors: .VariableLattice2

===========================================================================================
----------------- testing Sun Oct 04 16:17:14 UTC 2020 /home/travis/build/icyphy/ptII/ptolemy/domains/sdf/lib/test/auto/VariableRecursiveLattice.xml
----------------- Instantiating /home/travis/build/icyphy/ptII/ptolemy/domains/sdf/lib/test/auto/VariableRecursiveLattice.xml
8 ms. Memory: 155648K Free: 86330K (55%)
----------------- Invoking toplevel() on ptolemy.moml.MoMLSimpleApplication@4f16ad34
----------------- Done invoking toplevel() on ptolemy.moml.MoMLSimpleApplication@4f16ad34
reloadAllAccessors: .VariableRecursiveLattice

===========================================================================================
----------------- testing Sun Oct 04 16:17:14 UTC 2020 /home/travis/build/icyphy/ptII/ptolemy/domains/sdf/lib/test/auto/VariableRecursiveLattice2.xml
----------------- Instantiating /home/travis/build/icyphy/ptII/ptolemy/domains/sdf/lib/test/auto/VariableRecursiveLattice2.xml
3 ms. Memory: 155648K Free: 81720K (53%)
----------------- Invoking toplevel() on ptolemy.moml.MoMLSimpleApplication@1c7091eb
----------------- Done invoking toplevel() on ptolemy.moml.MoMLSimpleApplication@1c7091eb
reloadAllAccessors: .VariableRecursiveLattice2
AutoTests.java: About to close Vertx.
AutoTests.java: Vertx closed.
]]></system-out>
  <system-err><![CDATA[]]></system-err>
</testsuite>
