<?xml version="1.0" encoding="UTF-8" ?>
<testsuite errors="0" failures="0" hostname="travis-job-f4921776-5566-4584-b879-b242ce008dbb" name="ptolemy.domains.de.test.junit.JUnitTclTest" skipped="0" tests="101" time="126.053" timestamp="2019-02-28T03:41:06">
  <properties>
[...]
</properties>
  <testcase classname="ptolemy.util.test.junit.TclTests" name="[0] /home/travis/build/icyphy/ptII/ptolemy/domains/de/test/DependencyLoop.tcl (RunTclFile)" time="0.719" />
  <testcase classname="ptolemy.util.test.junit.TclTests" name="[1] /home/travis/build/icyphy/ptII/ptolemy/domains/de/test/RunDETestsAsQSS.tcl (RunTclFile)" time="86.415" />
  <testcase classname="ptolemy.util.test.junit.AutoKnownFailedTests" name="[0] /home/travis/build/icyphy/ptII/ptolemy/domains/de/test/auto/knownFailedTests/DESDFClockTest.xml (RunModel)" time="2.042" />
  <testcase classname="ptolemy.util.test.junit.AutoKnownFailedTests" name="[1] /home/travis/build/icyphy/ptII/ptolemy/domains/de/test/auto/knownFailedTests/DirectFeedback.xml (RunModel)" time="0.014" />
  <testcase classname="ptolemy.util.test.junit.AutoKnownFailedTests" name="[2] /home/travis/build/icyphy/ptII/ptolemy/domains/de/test/auto/knownFailedTests/FSMSource.xml (RunModel)" time="0.016" />
  <testcase classname="ptolemy.util.test.junit.AutoKnownFailedTests" name="[3] /home/travis/build/icyphy/ptII/ptolemy/domains/de/test/auto/knownFailedTests/HierarchicalModel.xml (RunModel)" time="0.034" />
  <testcase classname="ptolemy.util.test.junit.AutoKnownFailedTests" name="[4] /home/travis/build/icyphy/ptII/ptolemy/domains/de/test/auto/knownFailedTests/dependencyLoop.xml (RunModel)" time="0.033" />
  <testcase classname="ptolemy.util.test.junit.AutoKnownFailedTests" name="[5] /home/travis/build/icyphy/ptII/ptolemy/domains/de/test/auto/knownFailedTests/dependencyLoop2.xml (RunModel)" time="0.04" />
  <testcase classname="ptolemy.util.test.junit.AutoNameArchTests" name="[0] ThereAreNoAutoArchTests (RunModel)" time="0.0" />
  <testcase classname="ptolemy.util.test.junit.AutoTests" name="[0] /home/travis/build/icyphy/ptII/ptolemy/domains/de/test/auto/ActorDepthCalculation_actorWithoutPorts.xml (RunModel)" time="0.015" />
  <testcase classname="ptolemy.util.test.junit.AutoTests" name="[1] /home/travis/build/icyphy/ptII/ptolemy/domains/de/test/auto/AssemblyLine.xml (RunModel)" time="0.014" />
  <testcase classname="ptolemy.util.test.junit.AutoTests" name="[2] /home/travis/build/icyphy/ptII/ptolemy/domains/de/test/auto/CQBug1.xml (RunModel)" time="0.006" />
  <testcase classname="ptolemy.util.test.junit.AutoTests" name="[3] /home/travis/build/icyphy/ptII/ptolemy/domains/de/test/auto/CancelFireAt.xml (RunModel)" time="0.005" />
  <testcase classname="ptolemy.util.test.junit.AutoTests" name="[4] /home/travis/build/icyphy/ptII/ptolemy/domains/de/test/auto/CausalityAndComposabilityAnalysis.xml (RunModel)" time="0.009" />
  <testcase classname="ptolemy.util.test.junit.AutoTests" name="[5] /home/travis/build/icyphy/ptII/ptolemy/domains/de/test/auto/CausalityInterface1.xml (RunModel)" time="0.011" />
  <testcase classname="ptolemy.util.test.junit.AutoTests" name="[6] /home/travis/build/icyphy/ptII/ptolemy/domains/de/test/auto/CausalityInterface15.xml (RunModel)" time="0.012" />
  <testcase classname="ptolemy.util.test.junit.AutoTests" name="[7] /home/travis/build/icyphy/ptII/ptolemy/domains/de/test/auto/CausalityInterface2.xml (RunModel)" time="0.009" />
  <testcase classname="ptolemy.util.test.junit.AutoTests" name="[8] /home/travis/build/icyphy/ptII/ptolemy/domains/de/test/auto/CausalityInterface3.xml (RunModel)" time="0.01" />
  <testcase classname="ptolemy.util.test.junit.AutoTests" name="[9] /home/travis/build/icyphy/ptII/ptolemy/domains/de/test/auto/ClockDrift.xml (RunModel)" time="0.032" />
  <testcase classname="ptolemy.util.test.junit.AutoTests" name="[10] /home/travis/build/icyphy/ptII/ptolemy/domains/de/test/auto/ClockDriftAndValueChange.xml (RunModel)" time="0.028" />
  <testcase classname="ptolemy.util.test.junit.AutoTests" name="[11] /home/travis/build/icyphy/ptII/ptolemy/domains/de/test/auto/ClockDriftChange.xml (RunModel)" time="0.025" />
  <testcase classname="ptolemy.util.test.junit.AutoTests" name="[12] /home/travis/build/icyphy/ptII/ptolemy/domains/de/test/auto/ComposableCausalityAnalysis.xml (RunModel)" time="0.017" />
  <testcase classname="ptolemy.util.test.junit.AutoTests" name="[13] /home/travis/build/icyphy/ptII/ptolemy/domains/de/test/auto/DEFixedPointLimitation.xml (RunModel)" time="0.008" />
  <testcase classname="ptolemy.util.test.junit.AutoTests" name="[14] /home/travis/build/icyphy/ptII/ptolemy/domains/de/test/auto/DEScheduleTest.xml (RunModel)" time="0.009" />
  <testcase classname="ptolemy.util.test.junit.AutoTests" name="[15] /home/travis/build/icyphy/ptII/ptolemy/domains/de/test/auto/DEinDEwithStartTimes.xml (RunModel)" time="0.01" />
  <testcase classname="ptolemy.util.test.junit.AutoTests" name="[16] /home/travis/build/icyphy/ptII/ptolemy/domains/de/test/auto/DEinDEwithStartTimes2.xml (RunModel)" time="0.011" />
  <testcase classname="ptolemy.util.test.junit.AutoTests" name="[17] /home/travis/build/icyphy/ptII/ptolemy/domains/de/test/auto/DateDemo.xml (RunModel)" time="0.023" />
  <testcase classname="ptolemy.util.test.junit.AutoTests" name="[18] /home/travis/build/icyphy/ptII/ptolemy/domains/de/test/auto/DateToEvent.xml (RunModel)" time="2.033" />
  <testcase classname="ptolemy.util.test.junit.AutoTests" name="[19] /home/travis/build/icyphy/ptII/ptolemy/domains/de/test/auto/DepthTest1.xml (RunModel)" time="0.006" />
  <testcase classname="ptolemy.util.test.junit.AutoTests" name="[20] /home/travis/build/icyphy/ptII/ptolemy/domains/de/test/auto/DepthTest2.xml (RunModel)" time="0.014" />
  <testcase classname="ptolemy.util.test.junit.AutoTests" name="[21] /home/travis/build/icyphy/ptII/ptolemy/domains/de/test/auto/DepthTest3.xml (RunModel)" time="0.006" />
  <testcase classname="ptolemy.util.test.junit.AutoTests" name="[22] /home/travis/build/icyphy/ptII/ptolemy/domains/de/test/auto/DepthTest4.xml (RunModel)" time="0.01" />
  <testcase classname="ptolemy.util.test.junit.AutoTests" name="[23] /home/travis/build/icyphy/ptII/ptolemy/domains/de/test/auto/DepthTest5.xml (RunModel)" time="0.011" />
  <testcase classname="ptolemy.util.test.junit.AutoTests" name="[24] /home/travis/build/icyphy/ptII/ptolemy/domains/de/test/auto/DepthTest6.xml (RunModel)" time="0.011" />
  <testcase classname="ptolemy.util.test.junit.AutoTests" name="[25] /home/travis/build/icyphy/ptII/ptolemy/domains/de/test/auto/DepthTest7.xml (RunModel)" time="0.009" />
  <testcase classname="ptolemy.util.test.junit.AutoTests" name="[26] /home/travis/build/icyphy/ptII/ptolemy/domains/de/test/auto/EventToDate.xml (RunModel)" time="3.028" />
  <testcase classname="ptolemy.util.test.junit.AutoTests" name="[27] /home/travis/build/icyphy/ptII/ptolemy/domains/de/test/auto/FSM1.xml (RunModel)" time="0.026" />
  <testcase classname="ptolemy.util.test.junit.AutoTests" name="[28] /home/travis/build/icyphy/ptII/ptolemy/domains/de/test/auto/FSM7.xml (RunModel)" time="0.025" />
  <testcase classname="ptolemy.util.test.junit.AutoTests" name="[29] /home/travis/build/icyphy/ptII/ptolemy/domains/de/test/auto/Inspection.xml (RunModel)" time="0.033" />
  <testcase classname="ptolemy.util.test.junit.AutoTests" name="[30] /home/travis/build/icyphy/ptII/ptolemy/domains/de/test/auto/Iteration.xml (RunModel)" time="0.016" />
  <testcase classname="ptolemy.util.test.junit.AutoTests" name="[31] /home/travis/build/icyphy/ptII/ptolemy/domains/de/test/auto/LineFault.xml (RunModel)" time="0.393" />
  <testcase classname="ptolemy.util.test.junit.AutoTests" name="[32] /home/travis/build/icyphy/ptII/ptolemy/domains/de/test/auto/MergeModel1Add.xml (RunModel)" time="0.025" />
  <testcase classname="ptolemy.util.test.junit.AutoTests" name="[33] /home/travis/build/icyphy/ptII/ptolemy/domains/de/test/auto/MergeModel2Add.xml (RunModel)" time="0.03" />
  <testcase classname="ptolemy.util.test.junit.AutoTests" name="[34] /home/travis/build/icyphy/ptII/ptolemy/domains/de/test/auto/MergeModel3Add.xml (RunModel)" time="0.037" />
  <testcase classname="ptolemy.util.test.junit.AutoTests" name="[35] /home/travis/build/icyphy/ptII/ptolemy/domains/de/test/auto/MergeWithoutDiscard.xml (RunModel)" time="0.011" />
  <testcase classname="ptolemy.util.test.junit.AutoTests" name="[36] /home/travis/build/icyphy/ptII/ptolemy/domains/de/test/auto/Modal1.xml (RunModel)" time="0.022" />
  <testcase classname="ptolemy.util.test.junit.AutoTests" name="[37] /home/travis/build/icyphy/ptII/ptolemy/domains/de/test/auto/Modal2.xml (RunModel)" time="0.022" />
  <testcase classname="ptolemy.util.test.junit.AutoTests" name="[38] /home/travis/build/icyphy/ptII/ptolemy/domains/de/test/auto/Modal3.xml (RunModel)" time="0.025" />
  <testcase classname="ptolemy.util.test.junit.AutoTests" name="[39] /home/travis/build/icyphy/ptII/ptolemy/domains/de/test/auto/Modal4.xml (RunModel)" time="0.023" />
  <testcase classname="ptolemy.util.test.junit.AutoTests" name="[40] /home/travis/build/icyphy/ptII/ptolemy/domains/de/test/auto/Modal5.xml (RunModel)" time="0.024" />
  <testcase classname="ptolemy.util.test.junit.AutoTests" name="[41] /home/travis/build/icyphy/ptII/ptolemy/domains/de/test/auto/Modal6.xml (RunModel)" time="0.02" />
  <testcase classname="ptolemy.util.test.junit.AutoTests" name="[42] /home/travis/build/icyphy/ptII/ptolemy/domains/de/test/auto/Modal7.xml (RunModel)" time="0.021" />
  <testcase classname="ptolemy.util.test.junit.AutoTests" name="[43] /home/travis/build/icyphy/ptII/ptolemy/domains/de/test/auto/ModalModel.xml (RunModel)" time="0.109" />
  <testcase classname="ptolemy.util.test.junit.AutoTests" name="[44] /home/travis/build/icyphy/ptII/ptolemy/domains/de/test/auto/ModalSource.xml (RunModel)" time="0.013" />
  <testcase classname="ptolemy.util.test.junit.AutoTests" name="[45] /home/travis/build/icyphy/ptII/ptolemy/domains/de/test/auto/NonInterruptibleTimerZeroDelay.xml (RunModel)" time="0.006" />
  <testcase classname="ptolemy.util.test.junit.AutoTests" name="[46] /home/travis/build/icyphy/ptII/ptolemy/domains/de/test/auto/OpenQueueingNetwork.xml (RunModel)" time="1.624" />
  <testcase classname="ptolemy.util.test.junit.AutoTests" name="[47] /home/travis/build/icyphy/ptII/ptolemy/domains/de/test/auto/OpenQueuingNetwork.xml (RunModel)" time="0.261" />
  <testcase classname="ptolemy.util.test.junit.AutoTests" name="[48] /home/travis/build/icyphy/ptII/ptolemy/domains/de/test/auto/PeriodicSampler.xml (RunModel)" time="0.008" />
  <testcase classname="ptolemy.util.test.junit.AutoTests" name="[49] /home/travis/build/icyphy/ptII/ptolemy/domains/de/test/auto/PersistentIO.xml (RunModel)" time="0.018" />
  <testcase classname="ptolemy.util.test.junit.AutoTests" name="[50] /home/travis/build/icyphy/ptII/ptolemy/domains/de/test/auto/PortParameterResetOnInitialize.xml (RunModel)" time="0.011" />
  <testcase classname="ptolemy.util.test.junit.AutoTests" name="[51] /home/travis/build/icyphy/ptII/ptolemy/domains/de/test/auto/PortParameterUpdates.xml (RunModel)" time="0.015" />
  <testcase classname="ptolemy.util.test.junit.AutoTests" name="[52] /home/travis/build/icyphy/ptII/ptolemy/domains/de/test/auto/QueueAndServer.xml (RunModel)" time="0.029" />
  <testcase classname="ptolemy.util.test.junit.AutoTests" name="[53] /home/travis/build/icyphy/ptII/ptolemy/domains/de/test/auto/Records.xml (RunModel)" time="0.016" />
  <testcase classname="ptolemy.util.test.junit.AutoTests" name="[54] /home/travis/build/icyphy/ptII/ptolemy/domains/de/test/auto/ResetTransitionWithStartTime1.xml (RunModel)" time="0.021" />
  <testcase classname="ptolemy.util.test.junit.AutoTests" name="[55] /home/travis/build/icyphy/ptII/ptolemy/domains/de/test/auto/ResetTransitionWithStartTime2.xml (RunModel)" time="0.015" />
  <testcase classname="ptolemy.util.test.junit.AutoTests" name="[56] /home/travis/build/icyphy/ptII/ptolemy/domains/de/test/auto/ResetTransitionWithStartTime3.xml (RunModel)" time="0.019" />
  <testcase classname="ptolemy.util.test.junit.AutoTests" name="[57] /home/travis/build/icyphy/ptII/ptolemy/domains/de/test/auto/ResetTransitionWithStartTime4.xml (RunModel)" time="0.019" />
  <testcase classname="ptolemy.util.test.junit.AutoTests" name="[58] /home/travis/build/icyphy/ptII/ptolemy/domains/de/test/auto/ResettableTimer1.xml (RunModel)" time="0.008" />
  <testcase classname="ptolemy.util.test.junit.AutoTests" name="[59] /home/travis/build/icyphy/ptII/ptolemy/domains/de/test/auto/ResettableTimer2.xml (RunModel)" time="0.008" />
  <testcase classname="ptolemy.util.test.junit.AutoTests" name="[60] /home/travis/build/icyphy/ptII/ptolemy/domains/de/test/auto/ResettableTimer3.xml (RunModel)" time="0.007" />
  <testcase classname="ptolemy.util.test.junit.AutoTests" name="[61] /home/travis/build/icyphy/ptII/ptolemy/domains/de/test/auto/ResettableTimer4.xml (RunModel)" time="0.01" />
  <testcase classname="ptolemy.util.test.junit.AutoTests" name="[62] /home/travis/build/icyphy/ptII/ptolemy/domains/de/test/auto/ResettableTimer5.xml (RunModel)" time="0.009" />
  <testcase classname="ptolemy.util.test.junit.AutoTests" name="[63] /home/travis/build/icyphy/ptII/ptolemy/domains/de/test/auto/ResettableTimer6.xml (RunModel)" time="0.015" />
  <testcase classname="ptolemy.util.test.junit.AutoTests" name="[64] /home/travis/build/icyphy/ptII/ptolemy/domains/de/test/auto/ServerZeroDelay.xml (RunModel)" time="0.013" />
  <testcase classname="ptolemy.util.test.junit.AutoTests" name="[65] /home/travis/build/icyphy/ptII/ptolemy/domains/de/test/auto/SmartSender.xml (RunModel)" time="3.009" />
  <testcase classname="ptolemy.util.test.junit.AutoTests" name="[66] /home/travis/build/icyphy/ptII/ptolemy/domains/de/test/auto/ThreadedComposite.xml (RunModel)" time="0.405" />
  <testcase classname="ptolemy.util.test.junit.AutoTests" name="[67] /home/travis/build/icyphy/ptII/ptolemy/domains/de/test/auto/Time.xml (RunModel)" time="0.436" />
  <testcase classname="ptolemy.util.test.junit.AutoTests" name="[68] /home/travis/build/icyphy/ptII/ptolemy/domains/de/test/auto/TimeDelayZeroDelay.xml (RunModel)" time="0.009" />
  <testcase classname="ptolemy.util.test.junit.AutoTests" name="[69] /home/travis/build/icyphy/ptII/ptolemy/domains/de/test/auto/TimerZeroDelay.xml (RunModel)" time="0.007" />
  <testcase classname="ptolemy.util.test.junit.AutoTests" name="[70] /home/travis/build/icyphy/ptII/ptolemy/domains/de/test/auto/TimingParadox.xml (RunModel)" time="0.35" />
  <testcase classname="ptolemy.util.test.junit.AutoTests" name="[71] /home/travis/build/icyphy/ptII/ptolemy/domains/de/test/auto/TransferInputs.xml (RunModel)" time="0.017" />
  <testcase classname="ptolemy.util.test.junit.AutoTests" name="[72] /home/travis/build/icyphy/ptII/ptolemy/domains/de/test/auto/TransferOutputs2.xml (RunModel)" time="0.02" />
  <testcase classname="ptolemy.util.test.junit.AutoTests" name="[73] /home/travis/build/icyphy/ptII/ptolemy/domains/de/test/auto/Trilateration.xml (RunModel)" time="11.557" />
  <testcase classname="ptolemy.util.test.junit.AutoTests" name="[74] /home/travis/build/icyphy/ptII/ptolemy/domains/de/test/auto/TwoSigmaDelta.xml (RunModel)" time="2.08" />
  <testcase classname="ptolemy.util.test.junit.AutoTests" name="[75] /home/travis/build/icyphy/ptII/ptolemy/domains/de/test/auto/VariableDelay.xml (RunModel)" time="0.01" />
  <testcase classname="ptolemy.util.test.junit.AutoTests" name="[76] /home/travis/build/icyphy/ptII/ptolemy/domains/de/test/auto/VariableDelay2.xml (RunModel)" time="0.01" />
  <testcase classname="ptolemy.util.test.junit.AutoTests" name="[77] /home/travis/build/icyphy/ptII/ptolemy/domains/de/test/auto/VariableDelayZeroDelay.xml (RunModel)" time="0.011" />
  <testcase classname="ptolemy.util.test.junit.AutoTests" name="[78] /home/travis/build/icyphy/ptII/ptolemy/domains/de/test/auto/VariableDelayZeroDelay2.xml (RunModel)" time="0.008" />
  <testcase classname="ptolemy.util.test.junit.AutoTests" name="[79] /home/travis/build/icyphy/ptII/ptolemy/domains/de/test/auto/deInCt.xml (RunModel)" time="0.016" />
  <testcase classname="ptolemy.util.test.junit.AutoTests" name="[80] /home/travis/build/icyphy/ptII/ptolemy/domains/de/test/auto/deInCt2.xml (RunModel)" time="0.011" />
  <testcase classname="ptolemy.util.test.junit.AutoTests" name="[81] /home/travis/build/icyphy/ptII/ptolemy/domains/de/test/auto/dynamicCausalityInterface1.xml (RunModel)" time="0.016" />
  <testcase classname="ptolemy.util.test.junit.AutoTests" name="[82] /home/travis/build/icyphy/ptII/ptolemy/domains/de/test/auto/fsm_de_test.xml (RunModel)" time="0.02" />
  <testcase classname="ptolemy.util.test.junit.AutoTests" name="[83] /home/travis/build/icyphy/ptII/ptolemy/domains/de/test/auto/functionDependencyReconstruction.xml (RunModel)" time="0.029" />
  <testcase classname="ptolemy.util.test.junit.AutoTests" name="[84] /home/travis/build/icyphy/ptII/ptolemy/domains/de/test/auto/multirate.xml (RunModel)" time="0.013" />
  <testcase classname="ptolemy.util.test.junit.AutoTests" name="[85] /home/travis/build/icyphy/ptII/ptolemy/domains/de/test/auto/multirate2.xml (RunModel)" time="0.013" />
  <testcase classname="ptolemy.util.test.junit.AutoTests" name="[86] /home/travis/build/icyphy/ptII/ptolemy/domains/de/test/auto/realtime.xml (RunModel)" time="10.008" />
  <testcase classname="ptolemy.util.test.junit.AutoTests" name="[87] /home/travis/build/icyphy/ptII/ptolemy/domains/de/test/auto/relationGroup.xml (RunModel)" time="0.01" />
  <testcase classname="ptolemy.util.test.junit.AutoTests" name="[88] /home/travis/build/icyphy/ptII/ptolemy/domains/de/test/auto/relationGroup2.xml (RunModel)" time="0.006" />
  <testcase classname="ptolemy.util.test.junit.AutoTests" name="[89] /home/travis/build/icyphy/ptII/ptolemy/domains/de/test/auto/sortWithOpaquePorts.xml (RunModel)" time="0.007" />
  <testcase classname="ptolemy.util.test.junit.AutoTests" name="[90] /home/travis/build/icyphy/ptII/ptolemy/domains/de/test/auto/transferInputsandOutputs.xml (RunModel)" time="0.019" />
  <testcase classname="ptolemy.util.test.junit.AutoTests" name="[91] /home/travis/build/icyphy/ptII/ptolemy/domains/de/test/auto/triggerType.xml (RunModel)" time="0.01" />
  <system-out><![CDATA[/home/travis/build/icyphy/ptII/ptolemy/domains/de/test/DependencyLoop.tcl
testDefs.tcl: setting time out to 9000 seconds at Thu Feb 28 03:41:06 UTC 2019
14 ms. Memory: 116224K Free: 97447K (84%)
29 ms. Memory: 146944K Free: 142416K (97%)
/home/travis/build/icyphy/ptII/ptolemy/domains/de/test/RunDETestsAsQSS.tcl
Run the DE tests using ptolemy.domains.qss.test.QSSDirectorTest, which extends QSSDirector and prints a message in the constructors.
------------------ testing $PTII/ptolemy/domains/de/test/auto/knownFailedTests/dependencyLoop.xml (Known Failure) 
6 ms. Memory: 146944K Free: 136937K (93%)


==== $PTIIhome/travis/build/icyphy/ptII/ptolemy/domains/de/test/../../../../: Auto Automatic test in file $PTII/ptolemy/domains/de/test/auto/knownFailedTests/dependencyLoop.xml
==== Contents of test case:

	    # FIXME: we should use $relativeFilename here, but it
	    # might have backslashes under Windows, which causes no end
	    # of trouble.
	    createAndExecute $file
	    list {}
	
.... Test generated KNOWN error:
    while executing
ptolemy.kernel.util.IllegalActionException: Found a zero delay loop containing .dependencyLoop.original
  in .dependencyLoop and .dependencyLoop.original
	at ptolemy.actor.util.CausalityInterfaceForComposites._computeOutputPortDepth(CausalityInterfaceForComposites.java:759)
	at ptolemy.actor.util.CausalityInterfaceForComposites._computeInputDepth(CausalityInterfaceForComposites.java:696)
	at ptolemy.actor.util.CausalityInterfaceForComposites._computeOutputPortDepth(CausalityInterfaceForComposites.java:765)
	at ptolemy.actor.util.CausalityInterfaceForComposites._computeInputDepth(CausalityInterfaceForComposites.java:696)
	at ptolemy.actor.util.CausalityInterfaceForComposites._computeOutputPortDepth(CausalityInterfaceForComposites.java:765)
	at ptolemy.actor.util.CausalityInterfaceForComposites._computeInputDepth(CausalityInterfaceForComposites.java:696)
	at ptolemy.actor.util.CausalityInterfaceForComposites._computeActorDepth(CausalityInterfaceForComposites.java:532)
	at ptolemy.actor.util.CausalityInterfaceForComposites.checkForCycles(CausalityInterfaceForComposites.java:96)
	at ptolemy.domains.de.kernel.DEDirector.preinitialize(DEDirector.java:1338)
	at ptolemy.actor.CompositeActor.preinitialize(CompositeActor.java:1828)
	at ptolemy.actor.Manager.preinitializeAndResolveTypes(Manager.java:1040)
	at ptolemy.actor.Manager.initialize(Manager.java:710)
	at ptolemy.actor.Manager.execute(Manager.java:356)
	at ptolemy.actor.Manager.run(Manager.java:1263)
	at ptolemy.actor.Manager$PtolemyRunThread.run(Manager.java:1915)

    while executing
ptolemy.kernel.util.IllegalActionException: Found a zero delay loop containing .dependencyLoop.original
  in .dependencyLoop and .dependencyLoop.original
    while executing
"java::new ptolemy.moml.MoMLSimpleApplication $file
"
    (procedure "createAndExecute" line 2)
    invoked from within
"createAndExecute $file"
    ("uplevel" body line 5)
    invoked from within
"uplevel $contents_of_test"
------------------ testing $PTII/ptolemy/domains/de/test/auto/knownFailedTests/DESDFClockTest.xml (Known Failure) 
2064 ms. Memory: 146944K Free: 121335K (83%)


==== $PTIIhome/travis/build/icyphy/ptII/ptolemy/domains/de/test/../../../../: Auto Automatic test in file $PTII/ptolemy/domains/de/test/auto/knownFailedTests/DESDFClockTest.xml
==== Contents of test case:

	    # FIXME: we should use $relativeFilename here, but it
	    # might have backslashes under Windows, which causes no end
	    # of trouble.
	    createAndExecute $file
	    list {}
	
.... Test generated KNOWN error:
    while executing
ptolemy.kernel.util.IllegalActionException: Actor is not ready to fire.  Perhaps UpSample.prefire() returned false? Try debugging the actor by selecting "Listen to Actor".  Also, for SDF check moml for tokenConsumptionRate on input.
  in .DESDFClockTest.Play Bell.Copy1:SDF Director and .DESDFClockTest.Play Bell.UpSample
	at ptolemy.actor.sched.StaticSchedulingDirector.fire(StaticSchedulingDirector.java:227)
	at ptolemy.domains.sdf.kernel.SDFDirector.fire(SDFDirector.java:500)
	at ptolemy.actor.CompositeActor.fire(CompositeActor.java:455)
	at ptolemy.domains.de.kernel.DEDirector._fire(DEDirector.java:1949)
	at ptolemy.domains.de.kernel.DEDirector.fire(DEDirector.java:502)
	at ptolemy.actor.CompositeActor.fire(CompositeActor.java:455)
	at ptolemy.actor.Manager.iterate(Manager.java:851)
	at ptolemy.actor.Manager.execute(Manager.java:369)
	at ptolemy.actor.Manager.run(Manager.java:1263)
	at ptolemy.actor.Manager$PtolemyRunThread.run(Manager.java:1915)

    while executing
ptolemy.kernel.util.IllegalActionException: Actor is not ready to fire.  Perhaps UpSample.prefire() returned false? Try debugging the actor by selecting "Listen to Actor".  Also, for SDF check moml for tokenConsumptionRate on input.
  in .DESDFClockTest.Play Bell.Copy1:SDF Director and .DESDFClockTest.Play Bell.UpSample
    while executing
"java::new ptolemy.moml.MoMLSimpleApplication $file
"
    (procedure "createAndExecute" line 2)
    invoked from within
"createAndExecute $file"
    ("uplevel" body line 5)
    invoked from within
"uplevel $contents_of_test"
------------------ testing $PTII/ptolemy/domains/de/test/auto/knownFailedTests/FSMSource.xml (Known Failure) 
22 ms. Memory: 146944K Free: 112419K (77%)
!!!! Auto was marked as failing, but now passes
------------------ testing $PTII/ptolemy/domains/de/test/auto/knownFailedTests/dependencyLoop2.xml (Known Failure) 
5 ms. Memory: 146944K Free: 110536K (75%)


==== $PTIIhome/travis/build/icyphy/ptII/ptolemy/domains/de/test/../../../../: Auto Automatic test in file $PTII/ptolemy/domains/de/test/auto/knownFailedTests/dependencyLoop2.xml
==== Contents of test case:

	    # FIXME: we should use $relativeFilename here, but it
	    # might have backslashes under Windows, which causes no end
	    # of trouble.
	    createAndExecute $file
	    list {}
	
.... Test generated KNOWN error:
    while executing
ptolemy.kernel.util.IllegalActionException: Found a zero delay loop containing .dependencyLoop2.original
  in .dependencyLoop2 and .dependencyLoop2.original
	at ptolemy.actor.util.CausalityInterfaceForComposites._computeOutputPortDepth(CausalityInterfaceForComposites.java:759)
	at ptolemy.actor.util.CausalityInterfaceForComposites._computeInputDepth(CausalityInterfaceForComposites.java:696)
	at ptolemy.actor.util.CausalityInterfaceForComposites._computeOutputPortDepth(CausalityInterfaceForComposites.java:765)
	at ptolemy.actor.util.CausalityInterfaceForComposites._computeInputDepth(CausalityInterfaceForComposites.java:696)
	at ptolemy.actor.util.CausalityInterfaceForComposites._computeOutputPortDepth(CausalityInterfaceForComposites.java:765)
	at ptolemy.actor.util.CausalityInterfaceForComposites._computeInputDepth(CausalityInterfaceForComposites.java:696)
	at ptolemy.actor.util.CausalityInterfaceForComposites._computeActorDepth(CausalityInterfaceForComposites.java:532)
	at ptolemy.actor.util.CausalityInterfaceForComposites.checkForCycles(CausalityInterfaceForComposites.java:96)
	at ptolemy.domains.de.kernel.DEDirector.preinitialize(DEDirector.java:1338)
	at ptolemy.actor.CompositeActor.preinitialize(CompositeActor.java:1828)
	at ptolemy.actor.Manager.preinitializeAndResolveTypes(Manager.java:1040)
	at ptolemy.actor.Manager.initialize(Manager.java:710)
	at ptolemy.actor.Manager.execute(Manager.java:356)
	at ptolemy.actor.Manager.run(Manager.java:1263)
	at ptolemy.actor.Manager$PtolemyRunThread.run(Manager.java:1915)

    while executing
ptolemy.kernel.util.IllegalActionException: Found a zero delay loop containing .dependencyLoop2.original
  in .dependencyLoop2 and .dependencyLoop2.original
    while executing
"java::new ptolemy.moml.MoMLSimpleApplication $file
"
    (procedure "createAndExecute" line 2)
    invoked from within
"createAndExecute $file"
    ("uplevel" body line 5)
    invoked from within
"uplevel $contents_of_test"
------------------ testing $PTII/ptolemy/domains/de/test/auto/knownFailedTests/HierarchicalModel.xml (Known Failure) 
5 ms. Memory: 146944K Free: 90306K (61%)


==== $PTIIhome/travis/build/icyphy/ptII/ptolemy/domains/de/test/../../../../: Auto Automatic test in file $PTII/ptolemy/domains/de/test/auto/knownFailedTests/HierarchicalModel.xml
==== Contents of test case:

	    # FIXME: we should use $relativeFilename here, but it
	    # might have backslashes under Windows, which causes no end
	    # of trouble.
	    createAndExecute $file
	    list {}
	
.... Test generated KNOWN error:
    while executing
ptolemy.kernel.util.IllegalActionException: Found a zero delay loop containing .HierarchicalModel.A
  in .HierarchicalModel and .HierarchicalModel.A
	at ptolemy.actor.util.CausalityInterfaceForComposites._computeOutputPortDepth(CausalityInterfaceForComposites.java:759)
	at ptolemy.actor.util.CausalityInterfaceForComposites._computeInputDepth(CausalityInterfaceForComposites.java:696)
	at ptolemy.actor.util.CausalityInterfaceForComposites._computeOutputPortDepth(CausalityInterfaceForComposites.java:765)
	at ptolemy.actor.util.CausalityInterfaceForComposites._computeInputDepth(CausalityInterfaceForComposites.java:696)
	at ptolemy.actor.util.CausalityInterfaceForComposites._computeOutputPortDepth(CausalityInterfaceForComposites.java:765)
	at ptolemy.actor.util.CausalityInterfaceForComposites._computeInputDepth(CausalityInterfaceForComposites.java:696)
	at ptolemy.actor.util.CausalityInterfaceForComposites._computeActorDepth(CausalityInterfaceForComposites.java:532)
	at ptolemy.actor.util.CausalityInterfaceForComposites.checkForCycles(CausalityInterfaceForComposites.java:96)
	at ptolemy.domains.de.kernel.DEDirector.preinitialize(DEDirector.java:1338)
	at ptolemy.actor.CompositeActor.preinitialize(CompositeActor.java:1828)
	at ptolemy.actor.Manager.preinitializeAndResolveTypes(Manager.java:1040)
	at ptolemy.actor.Manager.initialize(Manager.java:710)
	at ptolemy.actor.Manager.execute(Manager.java:356)
	at ptolemy.actor.Manager.run(Manager.java:1263)
	at ptolemy.actor.Manager$PtolemyRunThread.run(Manager.java:1915)

    while executing
ptolemy.kernel.util.IllegalActionException: Found a zero delay loop containing .HierarchicalModel.A
  in .HierarchicalModel and .HierarchicalModel.A
    while executing
"java::new ptolemy.moml.MoMLSimpleApplication $file
"
    (procedure "createAndExecute" line 2)
    invoked from within
"createAndExecute $file"
    ("uplevel" body line 5)
    invoked from within
"uplevel $contents_of_test"
------------------ testing $PTII/ptolemy/domains/de/test/auto/knownFailedTests/DirectFeedback.xml (Known Failure) 
4 ms. Memory: 146944K Free: 86186K (59%)


==== $PTIIhome/travis/build/icyphy/ptII/ptolemy/domains/de/test/../../../../: Auto Automatic test in file $PTII/ptolemy/domains/de/test/auto/knownFailedTests/DirectFeedback.xml
==== Contents of test case:

	    # FIXME: we should use $relativeFilename here, but it
	    # might have backslashes under Windows, which causes no end
	    # of trouble.
	    createAndExecute $file
	    list {}
	
.... Test generated KNOWN error:
    while executing
ptolemy.kernel.util.IllegalActionException: Test fails in iteration 1.
Value was: 1.0. Should have been: 2.0
  in .DirectFeedback.Test
	at ptolemy.actor.lib.Test.fire(Test.java:268)
	at ptolemy.domains.de.kernel.DEDirector._fire(DEDirector.java:1949)
	at ptolemy.domains.de.kernel.DEDirector.fire(DEDirector.java:502)
	at ptolemy.actor.CompositeActor.fire(CompositeActor.java:455)
	at ptolemy.actor.Manager.iterate(Manager.java:851)
	at ptolemy.actor.Manager.execute(Manager.java:369)
	at ptolemy.actor.Manager.run(Manager.java:1263)
	at ptolemy.actor.Manager$PtolemyRunThread.run(Manager.java:1915)

    while executing
ptolemy.kernel.util.IllegalActionException: Test fails in iteration 1.
Value was: 1.0. Should have been: 2.0
  in .DirectFeedback.Test
    while executing
"java::new ptolemy.moml.MoMLSimpleApplication $file
"
    (procedure "createAndExecute" line 2)
    invoked from within
"createAndExecute $file"
    ("uplevel" body line 5)
    invoked from within
"uplevel $contents_of_test"
------------------ testing $PTII/ptolemy/domains/de/test/auto/ActorDepthCalculation_actorWithoutPorts.xml
auto.tcl: Setting watchdog for 200 seconds at Thu Feb 28 03:41:09 UTC 2019
9 ms. Memory: 146944K Free: 138672K (94%)
ptolemy.util.test.WatchDog.cancel(): canceling Thu Feb 28 03:41:09 UTC 2019
auto.tcl: Setting watchdog for 200 seconds at Thu Feb 28 03:41:09 UTC 2019
3 ms. Memory: 146944K Free: 137648K (94%)
ptolemy.util.test.WatchDog.cancel(): canceling Thu Feb 28 03:41:09 UTC 2019
------------------ testing $PTII/ptolemy/domains/de/test/auto/AssemblyLine.xml
auto.tcl: Setting watchdog for 200 seconds at Thu Feb 28 03:41:10 UTC 2019
27 ms. Memory: 208384K Free: 186228K (89%)
ptolemy.util.test.WatchDog.cancel(): canceling Thu Feb 28 03:41:10 UTC 2019
auto.tcl: Setting watchdog for 200 seconds at Thu Feb 28 03:41:10 UTC 2019
7 ms. Memory: 208384K Free: 186228K (89%)
ptolemy.util.test.WatchDog.cancel(): canceling Thu Feb 28 03:41:10 UTC 2019
------------------ testing $PTII/ptolemy/domains/de/test/auto/CQBug1.xml
auto.tcl: Setting watchdog for 200 seconds at Thu Feb 28 03:41:10 UTC 2019
4 ms. Memory: 208384K Free: 197886K (95%)
ptolemy.util.test.WatchDog.cancel(): canceling Thu Feb 28 03:41:10 UTC 2019
auto.tcl: Setting watchdog for 200 seconds at Thu Feb 28 03:41:10 UTC 2019
2 ms. Memory: 208384K Free: 197886K (95%)
ptolemy.util.test.WatchDog.cancel(): canceling Thu Feb 28 03:41:10 UTC 2019
------------------ testing $PTII/ptolemy/domains/de/test/auto/CancelFireAt.xml
auto.tcl: Setting watchdog for 200 seconds at Thu Feb 28 03:41:10 UTC 2019
4 ms. Memory: 208384K Free: 201556K (97%)
ptolemy.util.test.WatchDog.cancel(): canceling Thu Feb 28 03:41:10 UTC 2019
auto.tcl: Setting watchdog for 200 seconds at Thu Feb 28 03:41:10 UTC 2019
10 ms. Memory: 208384K Free: 199491K (96%)
ptolemy.util.test.WatchDog.cancel(): canceling Thu Feb 28 03:41:10 UTC 2019
------------------ testing $PTII/ptolemy/domains/de/test/auto/CausalityAndComposabilityAnalysis.xml
auto.tcl: Setting watchdog for 200 seconds at Thu Feb 28 03:41:10 UTC 2019
8 ms. Memory: 208384K Free: 198567K (95%)
ptolemy.util.test.WatchDog.cancel(): canceling Thu Feb 28 03:41:10 UTC 2019
auto.tcl: Setting watchdog for 200 seconds at Thu Feb 28 03:41:10 UTC 2019
5 ms. Memory: 208384K Free: 196501K (94%)
ptolemy.util.test.WatchDog.cancel(): canceling Thu Feb 28 03:41:10 UTC 2019
------------------ testing $PTII/ptolemy/domains/de/test/auto/CausalityInterface1.xml
auto.tcl: Setting watchdog for 200 seconds at Thu Feb 28 03:41:10 UTC 2019
8 ms. Memory: 208384K Free: 196469K (94%)
ptolemy.util.test.WatchDog.cancel(): canceling Thu Feb 28 03:41:10 UTC 2019
auto.tcl: Setting watchdog for 200 seconds at Thu Feb 28 03:41:10 UTC 2019
4 ms. Memory: 208384K Free: 196469K (94%)
ptolemy.util.test.WatchDog.cancel(): canceling Thu Feb 28 03:41:10 UTC 2019
------------------ testing $PTII/ptolemy/domains/de/test/auto/CausalityInterface15.xml
auto.tcl: Setting watchdog for 200 seconds at Thu Feb 28 03:41:10 UTC 2019
8 ms. Memory: 208384K Free: 196414K (94%)
ptolemy.util.test.WatchDog.cancel(): canceling Thu Feb 28 03:41:10 UTC 2019
auto.tcl: Setting watchdog for 200 seconds at Thu Feb 28 03:41:10 UTC 2019
4 ms. Memory: 208384K Free: 196414K (94%)
ptolemy.util.test.WatchDog.cancel(): canceling Thu Feb 28 03:41:10 UTC 2019
------------------ testing $PTII/ptolemy/domains/de/test/auto/CausalityInterface2.xml
auto.tcl: Setting watchdog for 200 seconds at Thu Feb 28 03:41:10 UTC 2019
9 ms. Memory: 208384K Free: 196446K (94%)
ptolemy.util.test.WatchDog.cancel(): canceling Thu Feb 28 03:41:10 UTC 2019
auto.tcl: Setting watchdog for 200 seconds at Thu Feb 28 03:41:10 UTC 2019
3 ms. Memory: 208384K Free: 196446K (94%)
ptolemy.util.test.WatchDog.cancel(): canceling Thu Feb 28 03:41:10 UTC 2019
------------------ testing $PTII/ptolemy/domains/de/test/auto/CausalityInterface3.xml
auto.tcl: Setting watchdog for 200 seconds at Thu Feb 28 03:41:10 UTC 2019
3 ms. Memory: 208384K Free: 196442K (94%)
ptolemy.util.test.WatchDog.cancel(): canceling Thu Feb 28 03:41:10 UTC 2019
auto.tcl: Setting watchdog for 200 seconds at Thu Feb 28 03:41:10 UTC 2019
7 ms. Memory: 208384K Free: 196442K (94%)
ptolemy.util.test.WatchDog.cancel(): canceling Thu Feb 28 03:41:10 UTC 2019
------------------ testing $PTII/ptolemy/domains/de/test/auto/ClockDrift.xml
auto.tcl: Setting watchdog for 200 seconds at Thu Feb 28 03:41:10 UTC 2019
95 ms. Memory: 208384K Free: 187802K (90%)
ptolemy.util.test.WatchDog.cancel(): canceling Thu Feb 28 03:41:11 UTC 2019
auto.tcl: Setting watchdog for 200 seconds at Thu Feb 28 03:41:11 UTC 2019
39 ms. Memory: 208384K Free: 185737K (89%)
ptolemy.util.test.WatchDog.cancel(): canceling Thu Feb 28 03:41:11 UTC 2019
------------------ testing $PTII/ptolemy/domains/de/test/auto/ClockDriftAndValueChange.xml
auto.tcl: Setting watchdog for 200 seconds at Thu Feb 28 03:41:11 UTC 2019
52 ms. Memory: 208384K Free: 189699K (91%)
ptolemy.util.test.WatchDog.cancel(): canceling Thu Feb 28 03:41:11 UTC 2019
auto.tcl: Setting watchdog for 200 seconds at Thu Feb 28 03:41:11 UTC 2019
30 ms. Memory: 208384K Free: 185600K (89%)
ptolemy.util.test.WatchDog.cancel(): canceling Thu Feb 28 03:41:11 UTC 2019
------------------ testing $PTII/ptolemy/domains/de/test/auto/ClockDriftChange.xml
auto.tcl: Setting watchdog for 200 seconds at Thu Feb 28 03:41:11 UTC 2019
39 ms. Memory: 208384K Free: 190904K (92%)
ptolemy.util.test.WatchDog.cancel(): canceling Thu Feb 28 03:41:11 UTC 2019
auto.tcl: Setting watchdog for 200 seconds at Thu Feb 28 03:41:11 UTC 2019
19 ms. Memory: 208384K Free: 188854K (91%)
ptolemy.util.test.WatchDog.cancel(): canceling Thu Feb 28 03:41:11 UTC 2019
------------------ testing $PTII/ptolemy/domains/de/test/auto/ComposableCausalityAnalysis.xml
auto.tcl: Setting watchdog for 200 seconds at Thu Feb 28 03:41:11 UTC 2019
3 ms. Memory: 208384K Free: 196301K (94%)
ptolemy.util.test.WatchDog.cancel(): canceling Thu Feb 28 03:41:11 UTC 2019
auto.tcl: Setting watchdog for 200 seconds at Thu Feb 28 03:41:11 UTC 2019
2 ms. Memory: 208384K Free: 194251K (93%)
ptolemy.util.test.WatchDog.cancel(): canceling Thu Feb 28 03:41:11 UTC 2019
------------------ testing $PTII/ptolemy/domains/de/test/auto/DEFixedPointLimitation.xml
auto.tcl: Setting watchdog for 200 seconds at Thu Feb 28 03:41:11 UTC 2019
3 ms. Memory: 208384K Free: 198228K (95%)
ptolemy.util.test.WatchDog.cancel(): canceling Thu Feb 28 03:41:11 UTC 2019
auto.tcl: Setting watchdog for 200 seconds at Thu Feb 28 03:41:11 UTC 2019
5 ms. Memory: 208384K Free: 196179K (94%)
ptolemy.util.test.WatchDog.cancel(): canceling Thu Feb 28 03:41:11 UTC 2019
------------------ testing $PTII/ptolemy/domains/de/test/auto/DEScheduleTest.xml
auto.tcl: Setting watchdog for 200 seconds at Thu Feb 28 03:41:11 UTC 2019
7 ms. Memory: 208384K Free: 198278K (95%)
ptolemy.util.test.WatchDog.cancel(): canceling Thu Feb 28 03:41:11 UTC 2019
auto.tcl: Setting watchdog for 200 seconds at Thu Feb 28 03:41:11 UTC 2019
5 ms. Memory: 208384K Free: 196229K (94%)
ptolemy.util.test.WatchDog.cancel(): canceling Thu Feb 28 03:41:11 UTC 2019
------------------ testing $PTII/ptolemy/domains/de/test/auto/DEinDEwithStartTimes.xml
auto.tcl: Setting watchdog for 200 seconds at Thu Feb 28 03:41:11 UTC 2019
3 ms. Memory: 208384K Free: 196175K (94%)
ptolemy.util.test.WatchDog.cancel(): canceling Thu Feb 28 03:41:11 UTC 2019
auto.tcl: Setting watchdog for 200 seconds at Thu Feb 28 03:41:11 UTC 2019
3 ms. Memory: 208384K Free: 196175K (94%)
ptolemy.util.test.WatchDog.cancel(): canceling Thu Feb 28 03:41:11 UTC 2019
------------------ testing $PTII/ptolemy/domains/de/test/auto/DEinDEwithStartTimes2.xml
auto.tcl: Setting watchdog for 200 seconds at Thu Feb 28 03:41:11 UTC 2019
6 ms. Memory: 208384K Free: 196680K (94%)
ptolemy.util.test.WatchDog.cancel(): canceling Thu Feb 28 03:41:11 UTC 2019
auto.tcl: Setting watchdog for 200 seconds at Thu Feb 28 03:41:11 UTC 2019
4 ms. Memory: 208384K Free: 194096K (93%)
ptolemy.util.test.WatchDog.cancel(): canceling Thu Feb 28 03:41:11 UTC 2019
------------------ testing $PTII/ptolemy/domains/de/test/auto/DateDemo.xml
auto.tcl: Setting watchdog for 200 seconds at Thu Feb 28 03:41:11 UTC 2019
9 ms. Memory: 208384K Free: 188741K (91%)
ptolemy.util.test.WatchDog.cancel(): canceling Thu Feb 28 03:41:11 UTC 2019
auto.tcl: Setting watchdog for 200 seconds at Thu Feb 28 03:41:11 UTC 2019
9 ms. Memory: 208384K Free: 186692K (90%)
ptolemy.util.test.WatchDog.cancel(): canceling Thu Feb 28 03:41:11 UTC 2019
------------------ testing $PTII/ptolemy/domains/de/test/auto/DateToEvent.xml
auto.tcl: Setting watchdog for 200 seconds at Thu Feb 28 03:41:11 UTC 2019
2010 ms. Memory: 208384K Free: 183570K (88%)
ptolemy.util.test.WatchDog.cancel(): canceling Thu Feb 28 03:41:14 UTC 2019
auto.tcl: Setting watchdog for 200 seconds at Thu Feb 28 03:41:14 UTC 2019
2005 ms. Memory: 208384K Free: 183570K (88%)
ptolemy.util.test.WatchDog.cancel(): canceling Thu Feb 28 03:41:16 UTC 2019
------------------ testing $PTII/ptolemy/domains/de/test/auto/DepthTest1.xml
auto.tcl: Setting watchdog for 200 seconds at Thu Feb 28 03:41:16 UTC 2019
6 ms. Memory: 208384K Free: 198325K (95%)
ptolemy.util.test.WatchDog.cancel(): canceling Thu Feb 28 03:41:16 UTC 2019
auto.tcl: Setting watchdog for 200 seconds at Thu Feb 28 03:41:16 UTC 2019
3 ms. Memory: 208384K Free: 198325K (95%)
ptolemy.util.test.WatchDog.cancel(): canceling Thu Feb 28 03:41:16 UTC 2019
------------------ testing $PTII/ptolemy/domains/de/test/auto/DepthTest2.xml
auto.tcl: Setting watchdog for 200 seconds at Thu Feb 28 03:41:16 UTC 2019
3 ms. Memory: 208384K Free: 194133K (93%)
ptolemy.util.test.WatchDog.cancel(): canceling Thu Feb 28 03:41:16 UTC 2019
auto.tcl: Setting watchdog for 200 seconds at Thu Feb 28 03:41:16 UTC 2019
5 ms. Memory: 208384K Free: 194133K (93%)
ptolemy.util.test.WatchDog.cancel(): canceling Thu Feb 28 03:41:16 UTC 2019
------------------ testing $PTII/ptolemy/domains/de/test/auto/DepthTest3.xml
auto.tcl: Setting watchdog for 200 seconds at Thu Feb 28 03:41:16 UTC 2019
2 ms. Memory: 208384K Free: 198140K (95%)
ptolemy.util.test.WatchDog.cancel(): canceling Thu Feb 28 03:41:16 UTC 2019
auto.tcl: Setting watchdog for 200 seconds at Thu Feb 28 03:41:16 UTC 2019
1 ms. Memory: 208384K Free: 198140K (95%)
ptolemy.util.test.WatchDog.cancel(): canceling Thu Feb 28 03:41:16 UTC 2019
------------------ testing $PTII/ptolemy/domains/de/test/auto/DepthTest4.xml
auto.tcl: Setting watchdog for 200 seconds at Thu Feb 28 03:41:16 UTC 2019
3 ms. Memory: 208384K Free: 196147K (94%)
ptolemy.util.test.WatchDog.cancel(): canceling Thu Feb 28 03:41:16 UTC 2019
auto.tcl: Setting watchdog for 200 seconds at Thu Feb 28 03:41:16 UTC 2019
2 ms. Memory: 208384K Free: 196147K (94%)
ptolemy.util.test.WatchDog.cancel(): canceling Thu Feb 28 03:41:16 UTC 2019
------------------ testing $PTII/ptolemy/domains/de/test/auto/DepthTest5.xml
auto.tcl: Setting watchdog for 200 seconds at Thu Feb 28 03:41:16 UTC 2019
3 ms. Memory: 208384K Free: 196110K (94%)
ptolemy.util.test.WatchDog.cancel(): canceling Thu Feb 28 03:41:16 UTC 2019
auto.tcl: Setting watchdog for 200 seconds at Thu Feb 28 03:41:16 UTC 2019
3 ms. Memory: 208384K Free: 196110K (94%)
ptolemy.util.test.WatchDog.cancel(): canceling Thu Feb 28 03:41:16 UTC 2019
------------------ testing $PTII/ptolemy/domains/de/test/auto/DepthTest6.xml
auto.tcl: Setting watchdog for 200 seconds at Thu Feb 28 03:41:16 UTC 2019
6 ms. Memory: 208384K Free: 196621K (94%)
ptolemy.util.test.WatchDog.cancel(): canceling Thu Feb 28 03:41:16 UTC 2019
auto.tcl: Setting watchdog for 200 seconds at Thu Feb 28 03:41:16 UTC 2019
2 ms. Memory: 208384K Free: 196621K (94%)
ptolemy.util.test.WatchDog.cancel(): canceling Thu Feb 28 03:41:16 UTC 2019
------------------ testing $PTII/ptolemy/domains/de/test/auto/DepthTest7.xml
auto.tcl: Setting watchdog for 200 seconds at Thu Feb 28 03:41:16 UTC 2019
3 ms. Memory: 208384K Free: 196051K (94%)
ptolemy.util.test.WatchDog.cancel(): canceling Thu Feb 28 03:41:16 UTC 2019
auto.tcl: Setting watchdog for 200 seconds at Thu Feb 28 03:41:16 UTC 2019
2 ms. Memory: 208384K Free: 196051K (94%)
ptolemy.util.test.WatchDog.cancel(): canceling Thu Feb 28 03:41:16 UTC 2019
------------------ testing $PTII/ptolemy/domains/de/test/auto/EventToDate.xml
auto.tcl: Setting watchdog for 200 seconds at Thu Feb 28 03:41:16 UTC 2019
3005 ms. Memory: 208384K Free: 185402K (89%)
ptolemy.util.test.WatchDog.cancel(): canceling Thu Feb 28 03:41:19 UTC 2019
auto.tcl: Setting watchdog for 200 seconds at Thu Feb 28 03:41:19 UTC 2019
3005 ms. Memory: 208384K Free: 183337K (88%)
ptolemy.util.test.WatchDog.cancel(): canceling Thu Feb 28 03:41:22 UTC 2019
------------------ testing $PTII/ptolemy/domains/de/test/auto/FSM1.xml
auto.tcl: Setting watchdog for 200 seconds at Thu Feb 28 03:41:22 UTC 2019
29 ms. Memory: 208384K Free: 189196K (91%)
ptolemy.util.test.WatchDog.cancel(): canceling Thu Feb 28 03:41:22 UTC 2019
auto.tcl: Setting watchdog for 200 seconds at Thu Feb 28 03:41:22 UTC 2019
17 ms. Memory: 208384K Free: 185082K (89%)
ptolemy.util.test.WatchDog.cancel(): canceling Thu Feb 28 03:41:22 UTC 2019
------------------ testing $PTII/ptolemy/domains/de/test/auto/FSM7.xml
auto.tcl: Setting watchdog for 200 seconds at Thu Feb 28 03:41:22 UTC 2019
12 ms. Memory: 208384K Free: 189392K (91%)
ptolemy.util.test.WatchDog.cancel(): canceling Thu Feb 28 03:41:22 UTC 2019
auto.tcl: Setting watchdog for 200 seconds at Thu Feb 28 03:41:22 UTC 2019
12 ms. Memory: 208384K Free: 185278K (89%)
ptolemy.util.test.WatchDog.cancel(): canceling Thu Feb 28 03:41:22 UTC 2019
------------------ testing $PTII/ptolemy/domains/de/test/auto/Inspection.xml
auto.tcl: Setting watchdog for 200 seconds at Thu Feb 28 03:41:22 UTC 2019
38 ms. Memory: 208384K Free: 189077K (91%)
ptolemy.util.test.WatchDog.cancel(): canceling Thu Feb 28 03:41:22 UTC 2019
auto.tcl: Setting watchdog for 200 seconds at Thu Feb 28 03:41:22 UTC 2019
27 ms. Memory: 208384K Free: 186492K (89%)
ptolemy.util.test.WatchDog.cancel(): canceling Thu Feb 28 03:41:23 UTC 2019
------------------ testing $PTII/ptolemy/domains/de/test/auto/Iteration.xml
auto.tcl: Setting watchdog for 200 seconds at Thu Feb 28 03:41:23 UTC 2019
8 ms. Memory: 208384K Free: 195874K (94%)
ptolemy.util.test.WatchDog.cancel(): canceling Thu Feb 28 03:41:23 UTC 2019
auto.tcl: Setting watchdog for 200 seconds at Thu Feb 28 03:41:23 UTC 2019
7 ms. Memory: 208384K Free: 193809K (93%)
ptolemy.util.test.WatchDog.cancel(): canceling Thu Feb 28 03:41:23 UTC 2019
------------------ testing $PTII/ptolemy/domains/de/test/auto/LineFault.xml
auto.tcl: Setting watchdog for 200 seconds at Thu Feb 28 03:41:23 UTC 2019
746 ms. Memory: 208384K Free: 199720K (96%)
ptolemy.util.test.WatchDog.cancel(): canceling Thu Feb 28 03:41:24 UTC 2019
auto.tcl: Setting watchdog for 200 seconds at Thu Feb 28 03:41:24 UTC 2019
556 ms. Memory: 208384K Free: 141998K (68%)
ptolemy.util.test.WatchDog.cancel(): canceling Thu Feb 28 03:41:24 UTC 2019
------------------ testing $PTII/ptolemy/domains/de/test/auto/MergeModel1Add.xml
auto.tcl: Setting watchdog for 200 seconds at Thu Feb 28 03:41:24 UTC 2019
20 ms. Memory: 331264K Free: 300497K (91%)
ptolemy.util.test.WatchDog.cancel(): canceling Thu Feb 28 03:41:24 UTC 2019
auto.tcl: Setting watchdog for 200 seconds at Thu Feb 28 03:41:24 UTC 2019
13 ms. Memory: 331264K Free: 300497K (91%)
ptolemy.util.test.WatchDog.cancel(): canceling Thu Feb 28 03:41:24 UTC 2019
------------------ testing $PTII/ptolemy/domains/de/test/auto/MergeModel2Add.xml
auto.tcl: Setting watchdog for 200 seconds at Thu Feb 28 03:41:24 UTC 2019
10 ms. Memory: 331264K Free: 305435K (92%)
ptolemy.util.test.WatchDog.cancel(): canceling Thu Feb 28 03:41:25 UTC 2019
auto.tcl: Setting watchdog for 200 seconds at Thu Feb 28 03:41:25 UTC 2019
11 ms. Memory: 331264K Free: 301836K (91%)
ptolemy.util.test.WatchDog.cancel(): canceling Thu Feb 28 03:41:25 UTC 2019
------------------ testing $PTII/ptolemy/domains/de/test/auto/MergeModel3Add.xml
auto.tcl: Setting watchdog for 200 seconds at Thu Feb 28 03:41:25 UTC 2019
12 ms. Memory: 331264K Free: 305429K (92%)
ptolemy.util.test.WatchDog.cancel(): canceling Thu Feb 28 03:41:25 UTC 2019
auto.tcl: Setting watchdog for 200 seconds at Thu Feb 28 03:41:25 UTC 2019
11 ms. Memory: 331264K Free: 301830K (91%)
ptolemy.util.test.WatchDog.cancel(): canceling Thu Feb 28 03:41:25 UTC 2019
------------------ testing $PTII/ptolemy/domains/de/test/auto/MergeWithoutDiscard.xml
auto.tcl: Setting watchdog for 200 seconds at Thu Feb 28 03:41:25 UTC 2019
2 ms. Memory: 331264K Free: 316481K (96%)
ptolemy.util.test.WatchDog.cancel(): canceling Thu Feb 28 03:41:25 UTC 2019
auto.tcl: Setting watchdog for 200 seconds at Thu Feb 28 03:41:25 UTC 2019
1 ms. Memory: 331264K Free: 316481K (96%)
ptolemy.util.test.WatchDog.cancel(): canceling Thu Feb 28 03:41:25 UTC 2019
------------------ testing $PTII/ptolemy/domains/de/test/auto/Modal1.xml
auto.tcl: Setting watchdog for 200 seconds at Thu Feb 28 03:41:25 UTC 2019
17 ms. Memory: 331264K Free: 310031K (94%)
ptolemy.util.test.WatchDog.cancel(): canceling Thu Feb 28 03:41:25 UTC 2019
auto.tcl: Setting watchdog for 200 seconds at Thu Feb 28 03:41:25 UTC 2019
20 ms. Memory: 331264K Free: 306432K (93%)
ptolemy.util.test.WatchDog.cancel(): canceling Thu Feb 28 03:41:25 UTC 2019
------------------ testing $PTII/ptolemy/domains/de/test/auto/Modal2.xml
auto.tcl: Setting watchdog for 200 seconds at Thu Feb 28 03:41:25 UTC 2019
20 ms. Memory: 331264K Free: 309904K (94%)
ptolemy.util.test.WatchDog.cancel(): canceling Thu Feb 28 03:41:25 UTC 2019
auto.tcl: Setting watchdog for 200 seconds at Thu Feb 28 03:41:25 UTC 2019
15 ms. Memory: 331264K Free: 301390K (91%)
ptolemy.util.test.WatchDog.cancel(): canceling Thu Feb 28 03:41:25 UTC 2019
------------------ testing $PTII/ptolemy/domains/de/test/auto/Modal3.xml
auto.tcl: Setting watchdog for 200 seconds at Thu Feb 28 03:41:25 UTC 2019
19 ms. Memory: 331264K Free: 310609K (94%)
ptolemy.util.test.WatchDog.cancel(): canceling Thu Feb 28 03:41:25 UTC 2019
auto.tcl: Setting watchdog for 200 seconds at Thu Feb 28 03:41:25 UTC 2019
16 ms. Memory: 331264K Free: 306335K (92%)
ptolemy.util.test.WatchDog.cancel(): canceling Thu Feb 28 03:41:25 UTC 2019
------------------ testing $PTII/ptolemy/domains/de/test/auto/Modal4.xml
auto.tcl: Setting watchdog for 200 seconds at Thu Feb 28 03:41:25 UTC 2019
24 ms. Memory: 331264K Free: 309940K (94%)
ptolemy.util.test.WatchDog.cancel(): canceling Thu Feb 28 03:41:25 UTC 2019
auto.tcl: Setting watchdog for 200 seconds at Thu Feb 28 03:41:25 UTC 2019
19 ms. Memory: 331264K Free: 306341K (92%)
ptolemy.util.test.WatchDog.cancel(): canceling Thu Feb 28 03:41:25 UTC 2019
------------------ testing $PTII/ptolemy/domains/de/test/auto/Modal5.xml
auto.tcl: Setting watchdog for 200 seconds at Thu Feb 28 03:41:25 UTC 2019
14 ms. Memory: 331264K Free: 309919K (94%)
ptolemy.util.test.WatchDog.cancel(): canceling Thu Feb 28 03:41:25 UTC 2019
auto.tcl: Setting watchdog for 200 seconds at Thu Feb 28 03:41:25 UTC 2019
12 ms. Memory: 331264K Free: 306328K (92%)
ptolemy.util.test.WatchDog.cancel(): canceling Thu Feb 28 03:41:25 UTC 2019
------------------ testing $PTII/ptolemy/domains/de/test/auto/Modal6.xml
auto.tcl: Setting watchdog for 200 seconds at Thu Feb 28 03:41:25 UTC 2019
11 ms. Memory: 331264K Free: 309916K (94%)
ptolemy.util.test.WatchDog.cancel(): canceling Thu Feb 28 03:41:25 UTC 2019
auto.tcl: Setting watchdog for 200 seconds at Thu Feb 28 03:41:25 UTC 2019
12 ms. Memory: 331264K Free: 306325K (92%)
ptolemy.util.test.WatchDog.cancel(): canceling Thu Feb 28 03:41:25 UTC 2019
------------------ testing $PTII/ptolemy/domains/de/test/auto/Modal7.xml
auto.tcl: Setting watchdog for 200 seconds at Thu Feb 28 03:41:25 UTC 2019
14 ms. Memory: 331264K Free: 306310K (92%)
ptolemy.util.test.WatchDog.cancel(): canceling Thu Feb 28 03:41:26 UTC 2019
auto.tcl: Setting watchdog for 200 seconds at Thu Feb 28 03:41:26 UTC 2019
11 ms. Memory: 331264K Free: 302727K (91%)
ptolemy.util.test.WatchDog.cancel(): canceling Thu Feb 28 03:41:26 UTC 2019
------------------ testing $PTII/ptolemy/domains/de/test/auto/ModalModel.xml
auto.tcl: Setting watchdog for 200 seconds at Thu Feb 28 03:41:26 UTC 2019
163 ms. Memory: 331264K Free: 247293K (75%)
ptolemy.util.test.WatchDog.cancel(): canceling Thu Feb 28 03:41:26 UTC 2019
auto.tcl: Setting watchdog for 200 seconds at Thu Feb 28 03:41:26 UTC 2019
165 ms. Memory: 331264K Free: 189877K (57%)
ptolemy.util.test.WatchDog.cancel(): canceling Thu Feb 28 03:41:26 UTC 2019
------------------ testing $PTII/ptolemy/domains/de/test/auto/ModalSource.xml
auto.tcl: Setting watchdog for 200 seconds at Thu Feb 28 03:41:26 UTC 2019
14 ms. Memory: 331264K Free: 316220K (95%)
ptolemy.util.test.WatchDog.cancel(): canceling Thu Feb 28 03:41:26 UTC 2019
auto.tcl: Setting watchdog for 200 seconds at Thu Feb 28 03:41:26 UTC 2019
6 ms. Memory: 331264K Free: 312925K (94%)
ptolemy.util.test.WatchDog.cancel(): canceling Thu Feb 28 03:41:26 UTC 2019
------------------ testing $PTII/ptolemy/domains/de/test/auto/NonInterruptibleTimerZeroDelay.xml
auto.tcl: Setting watchdog for 200 seconds at Thu Feb 28 03:41:26 UTC 2019
4 ms. Memory: 331264K Free: 320606K (97%)
ptolemy.util.test.WatchDog.cancel(): canceling Thu Feb 28 03:41:26 UTC 2019
auto.tcl: Setting watchdog for 200 seconds at Thu Feb 28 03:41:26 UTC 2019
2 ms. Memory: 331264K Free: 317311K (96%)
ptolemy.util.test.WatchDog.cancel(): canceling Thu Feb 28 03:41:26 UTC 2019
------------------ testing $PTII/ptolemy/domains/de/test/auto/OpenQueueingNetwork.xml
auto.tcl: Setting watchdog for 200 seconds at Thu Feb 28 03:41:26 UTC 2019
2687 ms. Memory: 573952K Free: 411996K (72%)
ptolemy.util.test.WatchDog.cancel(): canceling Thu Feb 28 03:41:29 UTC 2019
auto.tcl: Setting watchdog for 200 seconds at Thu Feb 28 03:41:29 UTC 2019
2392 ms. Memory: 550912K Free: 298599K (54%)
ptolemy.util.test.WatchDog.cancel(): canceling Thu Feb 28 03:41:31 UTC 2019
------------------ testing $PTII/ptolemy/domains/de/test/auto/OpenQueuingNetwork.xml
auto.tcl: Setting watchdog for 200 seconds at Thu Feb 28 03:41:31 UTC 2019
245 ms. Memory: 549888K Free: 444217K (81%)
ptolemy.util.test.WatchDog.cancel(): canceling Thu Feb 28 03:41:32 UTC 2019
auto.tcl: Setting watchdog for 200 seconds at Thu Feb 28 03:41:32 UTC 2019
248 ms. Memory: 549888K Free: 384804K (70%)
ptolemy.util.test.WatchDog.cancel(): canceling Thu Feb 28 03:41:32 UTC 2019
------------------ testing $PTII/ptolemy/domains/de/test/auto/PeriodicSampler.xml
auto.tcl: Setting watchdog for 200 seconds at Thu Feb 28 03:41:32 UTC 2019
3 ms. Memory: 551936K Free: 535120K (97%)
ptolemy.util.test.WatchDog.cancel(): canceling Thu Feb 28 03:41:32 UTC 2019
auto.tcl: Setting watchdog for 200 seconds at Thu Feb 28 03:41:32 UTC 2019
1 ms. Memory: 551936K Free: 535120K (97%)
ptolemy.util.test.WatchDog.cancel(): canceling Thu Feb 28 03:41:32 UTC 2019
------------------ testing $PTII/ptolemy/domains/de/test/auto/PersistentIO.xml
auto.tcl: Setting watchdog for 200 seconds at Thu Feb 28 03:41:32 UTC 2019
5 ms. Memory: 549376K Free: 521878K (95%)
ptolemy.util.test.WatchDog.cancel(): canceling Thu Feb 28 03:41:32 UTC 2019
auto.tcl: Setting watchdog for 200 seconds at Thu Feb 28 03:41:32 UTC 2019
4 ms. Memory: 549376K Free: 521878K (95%)
ptolemy.util.test.WatchDog.cancel(): canceling Thu Feb 28 03:41:32 UTC 2019
------------------ testing $PTII/ptolemy/domains/de/test/auto/PortParameterResetOnInitialize.xml
auto.tcl: Setting watchdog for 200 seconds at Thu Feb 28 03:41:32 UTC 2019
8 ms. Memory: 551424K Free: 530389K (96%)
ptolemy.util.test.WatchDog.cancel(): canceling Thu Feb 28 03:41:32 UTC 2019
auto.tcl: Setting watchdog for 200 seconds at Thu Feb 28 03:41:32 UTC 2019
2 ms. Memory: 551424K Free: 530389K (96%)
ptolemy.util.test.WatchDog.cancel(): canceling Thu Feb 28 03:41:32 UTC 2019
------------------ testing $PTII/ptolemy/domains/de/test/auto/PortParameterUpdates.xml
auto.tcl: Setting watchdog for 200 seconds at Thu Feb 28 03:41:32 UTC 2019
4 ms. Memory: 549376K Free: 532610K (97%)
ptolemy.util.test.WatchDog.cancel(): canceling Thu Feb 28 03:41:32 UTC 2019
auto.tcl: Setting watchdog for 200 seconds at Thu Feb 28 03:41:32 UTC 2019
4 ms. Memory: 549376K Free: 532610K (97%)
ptolemy.util.test.WatchDog.cancel(): canceling Thu Feb 28 03:41:32 UTC 2019
------------------ testing $PTII/ptolemy/domains/de/test/auto/QueueAndServer.xml
auto.tcl: Setting watchdog for 200 seconds at Thu Feb 28 03:41:32 UTC 2019
7 ms. Memory: 551424K Free: 534622K (97%)
ptolemy.util.test.WatchDog.cancel(): canceling Thu Feb 28 03:41:32 UTC 2019
auto.tcl: Setting watchdog for 200 seconds at Thu Feb 28 03:41:32 UTC 2019
6 ms. Memory: 551424K Free: 528012K (96%)
ptolemy.util.test.WatchDog.cancel(): canceling Thu Feb 28 03:41:32 UTC 2019
------------------ testing $PTII/ptolemy/domains/de/test/auto/Records.xml
auto.tcl: Setting watchdog for 200 seconds at Thu Feb 28 03:41:32 UTC 2019
7 ms. Memory: 549376K Free: 532515K (97%)
ptolemy.util.test.WatchDog.cancel(): canceling Thu Feb 28 03:41:32 UTC 2019
auto.tcl: Setting watchdog for 200 seconds at Thu Feb 28 03:41:32 UTC 2019
2 ms. Memory: 549376K Free: 532515K (97%)
ptolemy.util.test.WatchDog.cancel(): canceling Thu Feb 28 03:41:32 UTC 2019
------------------ testing $PTII/ptolemy/domains/de/test/auto/ResetTransitionWithStartTime1.xml
auto.tcl: Setting watchdog for 200 seconds at Thu Feb 28 03:41:32 UTC 2019
6 ms. Memory: 551424K Free: 535131K (97%)
ptolemy.util.test.WatchDog.cancel(): canceling Thu Feb 28 03:41:32 UTC 2019
auto.tcl: Setting watchdog for 200 seconds at Thu Feb 28 03:41:32 UTC 2019
5 ms. Memory: 551424K Free: 527970K (96%)
ptolemy.util.test.WatchDog.cancel(): canceling Thu Feb 28 03:41:33 UTC 2019
------------------ testing $PTII/ptolemy/domains/de/test/auto/ResetTransitionWithStartTime2.xml
auto.tcl: Setting watchdog for 200 seconds at Thu Feb 28 03:41:33 UTC 2019
4 ms. Memory: 549376K Free: 532531K (97%)
ptolemy.util.test.WatchDog.cancel(): canceling Thu Feb 28 03:41:33 UTC 2019
auto.tcl: Setting watchdog for 200 seconds at Thu Feb 28 03:41:33 UTC 2019
5 ms. Memory: 549376K Free: 525914K (96%)
ptolemy.util.test.WatchDog.cancel(): canceling Thu Feb 28 03:41:33 UTC 2019
------------------ testing $PTII/ptolemy/domains/de/test/auto/ResetTransitionWithStartTime3.xml
auto.tcl: Setting watchdog for 200 seconds at Thu Feb 28 03:41:33 UTC 2019
4 ms. Memory: 550912K Free: 534066K (97%)
ptolemy.util.test.WatchDog.cancel(): canceling Thu Feb 28 03:41:33 UTC 2019
auto.tcl: Setting watchdog for 200 seconds at Thu Feb 28 03:41:33 UTC 2019
5 ms. Memory: 550912K Free: 527449K (96%)
ptolemy.util.test.WatchDog.cancel(): canceling Thu Feb 28 03:41:33 UTC 2019
------------------ testing $PTII/ptolemy/domains/de/test/auto/ResetTransitionWithStartTime4.xml
auto.tcl: Setting watchdog for 200 seconds at Thu Feb 28 03:41:33 UTC 2019
5 ms. Memory: 549376K Free: 532529K (97%)
ptolemy.util.test.WatchDog.cancel(): canceling Thu Feb 28 03:41:33 UTC 2019
auto.tcl: Setting watchdog for 200 seconds at Thu Feb 28 03:41:33 UTC 2019
3 ms. Memory: 549376K Free: 525912K (96%)
ptolemy.util.test.WatchDog.cancel(): canceling Thu Feb 28 03:41:33 UTC 2019
------------------ testing $PTII/ptolemy/domains/de/test/auto/ResettableTimer1.xml
auto.tcl: Setting watchdog for 200 seconds at Thu Feb 28 03:41:33 UTC 2019
4 ms. Memory: 550912K Free: 534060K (97%)
ptolemy.util.test.WatchDog.cancel(): canceling Thu Feb 28 03:41:33 UTC 2019
auto.tcl: Setting watchdog for 200 seconds at Thu Feb 28 03:41:33 UTC 2019
2 ms. Memory: 550912K Free: 534060K (97%)
ptolemy.util.test.WatchDog.cancel(): canceling Thu Feb 28 03:41:33 UTC 2019
------------------ testing $PTII/ptolemy/domains/de/test/auto/ResettableTimer2.xml
auto.tcl: Setting watchdog for 200 seconds at Thu Feb 28 03:41:33 UTC 2019
2 ms. Memory: 549376K Free: 533125K (97%)
ptolemy.util.test.WatchDog.cancel(): canceling Thu Feb 28 03:41:33 UTC 2019
auto.tcl: Setting watchdog for 200 seconds at Thu Feb 28 03:41:33 UTC 2019
2 ms. Memory: 549376K Free: 533125K (97%)
ptolemy.util.test.WatchDog.cancel(): canceling Thu Feb 28 03:41:33 UTC 2019
------------------ testing $PTII/ptolemy/domains/de/test/auto/ResettableTimer3.xml
auto.tcl: Setting watchdog for 200 seconds at Thu Feb 28 03:41:33 UTC 2019
2 ms. Memory: 550912K Free: 534118K (97%)
ptolemy.util.test.WatchDog.cancel(): canceling Thu Feb 28 03:41:33 UTC 2019
auto.tcl: Setting watchdog for 200 seconds at Thu Feb 28 03:41:33 UTC 2019
1 ms. Memory: 550912K Free: 534118K (97%)
ptolemy.util.test.WatchDog.cancel(): canceling Thu Feb 28 03:41:33 UTC 2019
------------------ testing $PTII/ptolemy/domains/de/test/auto/ResettableTimer4.xml
auto.tcl: Setting watchdog for 200 seconds at Thu Feb 28 03:41:33 UTC 2019
1 ms. Memory: 549376K Free: 533138K (97%)
ptolemy.util.test.WatchDog.cancel(): canceling Thu Feb 28 03:41:33 UTC 2019
auto.tcl: Setting watchdog for 200 seconds at Thu Feb 28 03:41:33 UTC 2019
1 ms. Memory: 549376K Free: 533138K (97%)
ptolemy.util.test.WatchDog.cancel(): canceling Thu Feb 28 03:41:33 UTC 2019
------------------ testing $PTII/ptolemy/domains/de/test/auto/ResettableTimer5.xml
auto.tcl: Setting watchdog for 200 seconds at Thu Feb 28 03:41:33 UTC 2019
2 ms. Memory: 550400K Free: 529480K (96%)
ptolemy.util.test.WatchDog.cancel(): canceling Thu Feb 28 03:41:33 UTC 2019
auto.tcl: Setting watchdog for 200 seconds at Thu Feb 28 03:41:33 UTC 2019
1 ms. Memory: 550400K Free: 529480K (96%)
ptolemy.util.test.WatchDog.cancel(): canceling Thu Feb 28 03:41:33 UTC 2019
------------------ testing $PTII/ptolemy/domains/de/test/auto/ResettableTimer6.xml
auto.tcl: Setting watchdog for 200 seconds at Thu Feb 28 03:41:33 UTC 2019
2 ms. Memory: 549376K Free: 527862K (96%)
ptolemy.util.test.WatchDog.cancel(): canceling Thu Feb 28 03:41:33 UTC 2019
auto.tcl: Setting watchdog for 200 seconds at Thu Feb 28 03:41:33 UTC 2019
2 ms. Memory: 549376K Free: 527862K (96%)
ptolemy.util.test.WatchDog.cancel(): canceling Thu Feb 28 03:41:33 UTC 2019
------------------ testing $PTII/ptolemy/domains/de/test/auto/ServerZeroDelay.xml
auto.tcl: Setting watchdog for 200 seconds at Thu Feb 28 03:41:33 UTC 2019
3 ms. Memory: 550400K Free: 534100K (97%)
ptolemy.util.test.WatchDog.cancel(): canceling Thu Feb 28 03:41:33 UTC 2019
auto.tcl: Setting watchdog for 200 seconds at Thu Feb 28 03:41:33 UTC 2019
2 ms. Memory: 550400K Free: 534100K (97%)
ptolemy.util.test.WatchDog.cancel(): canceling Thu Feb 28 03:41:33 UTC 2019
------------------ testing $PTII/ptolemy/domains/de/test/auto/SmartSender.xml
auto.tcl: Setting watchdog for 200 seconds at Thu Feb 28 03:41:33 UTC 2019
3002 ms. Memory: 549376K Free: 528392K (96%)
ptolemy.util.test.WatchDog.cancel(): canceling Thu Feb 28 03:41:36 UTC 2019
auto.tcl: Setting watchdog for 200 seconds at Thu Feb 28 03:41:36 UTC 2019
3001 ms. Memory: 549376K Free: 528392K (96%)
ptolemy.util.test.WatchDog.cancel(): canceling Thu Feb 28 03:41:39 UTC 2019
------------------ testing $PTII/ptolemy/domains/de/test/auto/ThreadedComposite.xml
auto.tcl: Setting watchdog for 200 seconds at Thu Feb 28 03:41:39 UTC 2019
279 ms. Memory: 550400K Free: 512925K (93%)
ptolemy.util.test.WatchDog.cancel(): canceling Thu Feb 28 03:41:40 UTC 2019
auto.tcl: Setting watchdog for 200 seconds at Thu Feb 28 03:41:40 UTC 2019
230 ms. Memory: 550400K Free: 487605K (89%)
ptolemy.util.test.WatchDog.cancel(): canceling Thu Feb 28 03:41:40 UTC 2019
------------------ testing $PTII/ptolemy/domains/de/test/auto/Time.xml
auto.tcl: Setting watchdog for 200 seconds at Thu Feb 28 03:41:40 UTC 2019
491 ms. Memory: 549376K Free: 480776K (88%)
ptolemy.util.test.WatchDog.cancel(): canceling Thu Feb 28 03:41:40 UTC 2019
auto.tcl: Setting watchdog for 200 seconds at Thu Feb 28 03:41:40 UTC 2019
495 ms. Memory: 549376K Free: 427965K (78%)
ptolemy.util.test.WatchDog.cancel(): canceling Thu Feb 28 03:41:41 UTC 2019
------------------ testing $PTII/ptolemy/domains/de/test/auto/TimeDelayZeroDelay.xml
auto.tcl: Setting watchdog for 200 seconds at Thu Feb 28 03:41:41 UTC 2019
2 ms. Memory: 550400K Free: 533475K (97%)
ptolemy.util.test.WatchDog.cancel(): canceling Thu Feb 28 03:41:41 UTC 2019
auto.tcl: Setting watchdog for 200 seconds at Thu Feb 28 03:41:41 UTC 2019
2 ms. Memory: 550400K Free: 533475K (97%)
ptolemy.util.test.WatchDog.cancel(): canceling Thu Feb 28 03:41:41 UTC 2019
------------------ testing $PTII/ptolemy/domains/de/test/auto/TimerZeroDelay.xml
auto.tcl: Setting watchdog for 200 seconds at Thu Feb 28 03:41:41 UTC 2019
4 ms. Memory: 549376K Free: 533037K (97%)
ptolemy.util.test.WatchDog.cancel(): canceling Thu Feb 28 03:41:41 UTC 2019
auto.tcl: Setting watchdog for 200 seconds at Thu Feb 28 03:41:41 UTC 2019
2 ms. Memory: 549376K Free: 533037K (97%)
ptolemy.util.test.WatchDog.cancel(): canceling Thu Feb 28 03:41:41 UTC 2019
------------------ testing $PTII/ptolemy/domains/de/test/auto/TimingParadox.xml
auto.tcl: Setting watchdog for 200 seconds at Thu Feb 28 03:41:41 UTC 2019
347 ms. Memory: 549888K Free: 467217K (85%)
ptolemy.util.test.WatchDog.cancel(): canceling Thu Feb 28 03:41:42 UTC 2019
auto.tcl: Setting watchdog for 200 seconds at Thu Feb 28 03:41:42 UTC 2019
331 ms. Memory: 549888K Free: 434210K (79%)
ptolemy.util.test.WatchDog.cancel(): canceling Thu Feb 28 03:41:42 UTC 2019
------------------ testing $PTII/ptolemy/domains/de/test/auto/TransferInputs.xml
auto.tcl: Setting watchdog for 200 seconds at Thu Feb 28 03:41:42 UTC 2019
1 ms. Memory: 549888K Free: 532509K (97%)
ptolemy.util.test.WatchDog.cancel(): canceling Thu Feb 28 03:41:42 UTC 2019
auto.tcl: Setting watchdog for 200 seconds at Thu Feb 28 03:41:42 UTC 2019
2 ms. Memory: 549888K Free: 532509K (97%)
ptolemy.util.test.WatchDog.cancel(): canceling Thu Feb 28 03:41:42 UTC 2019
------------------ testing $PTII/ptolemy/domains/de/test/auto/TransferOutputs2.xml
auto.tcl: Setting watchdog for 200 seconds at Thu Feb 28 03:41:42 UTC 2019
3 ms. Memory: 549376K Free: 521817K (95%)
ptolemy.util.test.WatchDog.cancel(): canceling Thu Feb 28 03:41:42 UTC 2019
auto.tcl: Setting watchdog for 200 seconds at Thu Feb 28 03:41:42 UTC 2019
3 ms. Memory: 549376K Free: 521817K (95%)
ptolemy.util.test.WatchDog.cancel(): canceling Thu Feb 28 03:41:42 UTC 2019
------------------ testing $PTII/ptolemy/domains/de/test/auto/Trilateration.xml
auto.tcl: Setting watchdog for 200 seconds at Thu Feb 28 03:41:42 UTC 2019
13433 ms. Memory: 766976K Free: 247883K (32%)
ptolemy.util.test.WatchDog.cancel(): canceling Thu Feb 28 03:41:56 UTC 2019
auto.tcl: Setting watchdog for 200 seconds at Thu Feb 28 03:41:56 UTC 2019
10465 ms. Memory: 646144K Free: 100137K (15%)
ptolemy.util.test.WatchDog.cancel(): canceling Thu Feb 28 03:42:07 UTC 2019
------------------ testing $PTII/ptolemy/domains/de/test/auto/TwoSigmaDelta.xml
auto.tcl: Setting watchdog for 200 seconds at Thu Feb 28 03:42:07 UTC 2019
2655 ms. Memory: 649728K Free: 352083K (54%)
ptolemy.util.test.WatchDog.cancel(): canceling Thu Feb 28 03:42:10 UTC 2019
auto.tcl: Setting watchdog for 200 seconds at Thu Feb 28 03:42:10 UTC 2019
2079 ms. Memory: 649728K Free: 113935K (18%)
ptolemy.util.test.WatchDog.cancel(): canceling Thu Feb 28 03:42:12 UTC 2019
------------------ testing $PTII/ptolemy/domains/de/test/auto/VariableDelay.xml
auto.tcl: Setting watchdog for 200 seconds at Thu Feb 28 03:42:12 UTC 2019
7 ms. Memory: 646656K Free: 626774K (97%)
ptolemy.util.test.WatchDog.cancel(): canceling Thu Feb 28 03:42:12 UTC 2019
auto.tcl: Setting watchdog for 200 seconds at Thu Feb 28 03:42:12 UTC 2019
2 ms. Memory: 646656K Free: 626774K (97%)
ptolemy.util.test.WatchDog.cancel(): canceling Thu Feb 28 03:42:12 UTC 2019
------------------ testing $PTII/ptolemy/domains/de/test/auto/VariableDelay2.xml
auto.tcl: Setting watchdog for 200 seconds at Thu Feb 28 03:42:12 UTC 2019
8 ms. Memory: 646144K Free: 626751K (97%)
ptolemy.util.test.WatchDog.cancel(): canceling Thu Feb 28 03:42:12 UTC 2019
auto.tcl: Setting watchdog for 200 seconds at Thu Feb 28 03:42:12 UTC 2019
1 ms. Memory: 646144K Free: 626751K (97%)
ptolemy.util.test.WatchDog.cancel(): canceling Thu Feb 28 03:42:12 UTC 2019
------------------ testing $PTII/ptolemy/domains/de/test/auto/VariableDelayZeroDelay.xml
auto.tcl: Setting watchdog for 200 seconds at Thu Feb 28 03:42:12 UTC 2019
2 ms. Memory: 646144K Free: 621103K (96%)
ptolemy.util.test.WatchDog.cancel(): canceling Thu Feb 28 03:42:12 UTC 2019
auto.tcl: Setting watchdog for 200 seconds at Thu Feb 28 03:42:12 UTC 2019
1 ms. Memory: 646144K Free: 621103K (96%)
ptolemy.util.test.WatchDog.cancel(): canceling Thu Feb 28 03:42:12 UTC 2019
------------------ testing $PTII/ptolemy/domains/de/test/auto/VariableDelayZeroDelay2.xml
auto.tcl: Setting watchdog for 200 seconds at Thu Feb 28 03:42:12 UTC 2019
4 ms. Memory: 649216K Free: 624172K (96%)
ptolemy.util.test.WatchDog.cancel(): canceling Thu Feb 28 03:42:12 UTC 2019
auto.tcl: Setting watchdog for 200 seconds at Thu Feb 28 03:42:12 UTC 2019
2 ms. Memory: 649216K Free: 624172K (96%)
ptolemy.util.test.WatchDog.cancel(): canceling Thu Feb 28 03:42:12 UTC 2019
------------------ testing $PTII/ptolemy/domains/de/test/auto/deInCt.xml
auto.tcl: Setting watchdog for 200 seconds at Thu Feb 28 03:42:12 UTC 2019
0
1
1
0
0
0
1
1
1
0
0
0
1
1
1
1
0
0
0
1
1
1
0
0
0
1
1
1
1
0
0
0
0
1
1
1
1
0
0
0
1
1
1
1
0
0
0
0
11 ms. Memory: 646144K Free: 621097K (96%)
ptolemy.util.test.WatchDog.cancel(): canceling Thu Feb 28 03:42:12 UTC 2019
auto.tcl: Setting watchdog for 200 seconds at Thu Feb 28 03:42:12 UTC 2019
0
1
1
1
1
1
1
1
0
0
0
0
1
1
1
1
0
0
0
1
1
1
0
0
0
1
1
1
1
8 ms. Memory: 646144K Free: 621097K (96%)
ptolemy.util.test.WatchDog.cancel(): canceling Thu Feb 28 03:42:12 UTC 2019
------------------ testing $PTII/ptolemy/domains/de/test/auto/deInCt2.xml
auto.tcl: Setting watchdog for 200 seconds at Thu Feb 28 03:42:12 UTC 2019
0
1
1
1
0
0
1
1
1
0
0
1
1
1
0
0
1
1
1
0
0
1
1
1
0
0
1
1
1
0
0
1
1
1
0
0
1
1
1
0
0
0
8 ms. Memory: 648704K Free: 623657K (96%)
ptolemy.util.test.WatchDog.cancel(): canceling Thu Feb 28 03:42:12 UTC 2019
auto.tcl: Setting watchdog for 200 seconds at Thu Feb 28 03:42:12 UTC 2019
0
1
1
1
0
0
1
1
1
0
0
1
1
1
0
0
1
1
1
0
0
1
1
1
0
0
1
1
1
0
0
1
1
1
0
0
1
1
1
0
0
0
9 ms. Memory: 648704K Free: 623657K (96%)
ptolemy.util.test.WatchDog.cancel(): canceling Thu Feb 28 03:42:12 UTC 2019
------------------ testing $PTII/ptolemy/domains/de/test/auto/dynamicCausalityInterface1.xml
auto.tcl: Setting watchdog for 200 seconds at Thu Feb 28 03:42:12 UTC 2019
1 ms. Memory: 646144K Free: 612451K (95%)
ptolemy.util.test.WatchDog.cancel(): canceling Thu Feb 28 03:42:12 UTC 2019
auto.tcl: Setting watchdog for 200 seconds at Thu Feb 28 03:42:12 UTC 2019
1 ms. Memory: 646144K Free: 612451K (95%)
ptolemy.util.test.WatchDog.cancel(): canceling Thu Feb 28 03:42:12 UTC 2019
------------------ testing $PTII/ptolemy/domains/de/test/auto/fsm_de_test.xml
auto.tcl: Setting watchdog for 200 seconds at Thu Feb 28 03:42:12 UTC 2019
6 ms. Memory: 648192K Free: 623033K (96%)
ptolemy.util.test.WatchDog.cancel(): canceling Thu Feb 28 03:42:12 UTC 2019
auto.tcl: Setting watchdog for 200 seconds at Thu Feb 28 03:42:12 UTC 2019
4 ms. Memory: 648192K Free: 614402K (95%)
ptolemy.util.test.WatchDog.cancel(): canceling Thu Feb 28 03:42:12 UTC 2019
------------------ testing $PTII/ptolemy/domains/de/test/auto/functionDependencyReconstruction.xml
auto.tcl: Setting watchdog for 200 seconds at Thu Feb 28 03:42:12 UTC 2019
3 ms. Memory: 646144K Free: 601057K (93%)
ptolemy.util.test.WatchDog.cancel(): canceling Thu Feb 28 03:42:12 UTC 2019
auto.tcl: Setting watchdog for 200 seconds at Thu Feb 28 03:42:12 UTC 2019
2 ms. Memory: 646144K Free: 601057K (93%)
ptolemy.util.test.WatchDog.cancel(): canceling Thu Feb 28 03:42:12 UTC 2019
------------------ testing $PTII/ptolemy/domains/de/test/auto/multirate.xml
auto.tcl: Setting watchdog for 200 seconds at Thu Feb 28 03:42:12 UTC 2019
3 ms. Memory: 648192K Free: 622900K (96%)
ptolemy.util.test.WatchDog.cancel(): canceling Thu Feb 28 03:42:13 UTC 2019
auto.tcl: Setting watchdog for 200 seconds at Thu Feb 28 03:42:13 UTC 2019
3 ms. Memory: 648192K Free: 622900K (96%)
ptolemy.util.test.WatchDog.cancel(): canceling Thu Feb 28 03:42:13 UTC 2019
------------------ testing $PTII/ptolemy/domains/de/test/auto/multirate2.xml
auto.tcl: Setting watchdog for 200 seconds at Thu Feb 28 03:42:13 UTC 2019
2 ms. Memory: 646144K Free: 621040K (96%)
ptolemy.util.test.WatchDog.cancel(): canceling Thu Feb 28 03:42:13 UTC 2019
auto.tcl: Setting watchdog for 200 seconds at Thu Feb 28 03:42:13 UTC 2019
3 ms. Memory: 646144K Free: 621040K (96%)
ptolemy.util.test.WatchDog.cancel(): canceling Thu Feb 28 03:42:13 UTC 2019
------------------ testing $PTII/ptolemy/domains/de/test/auto/realtime.xml
auto.tcl: Setting watchdog for 200 seconds at Thu Feb 28 03:42:13 UTC 2019
10001 ms. Memory: 647680K Free: 622499K (96%)
ptolemy.util.test.WatchDog.cancel(): canceling Thu Feb 28 03:42:23 UTC 2019
auto.tcl: Setting watchdog for 200 seconds at Thu Feb 28 03:42:23 UTC 2019
10002 ms. Memory: 647680K Free: 622499K (96%)
ptolemy.util.test.WatchDog.cancel(): canceling Thu Feb 28 03:42:33 UTC 2019
------------------ testing $PTII/ptolemy/domains/de/test/auto/relationGroup.xml
auto.tcl: Setting watchdog for 200 seconds at Thu Feb 28 03:42:33 UTC 2019
1 ms. Memory: 646144K Free: 621064K (96%)
ptolemy.util.test.WatchDog.cancel(): canceling Thu Feb 28 03:42:33 UTC 2019
auto.tcl: Setting watchdog for 200 seconds at Thu Feb 28 03:42:33 UTC 2019
1 ms. Memory: 646144K Free: 621064K (96%)
ptolemy.util.test.WatchDog.cancel(): canceling Thu Feb 28 03:42:33 UTC 2019
------------------ testing $PTII/ptolemy/domains/de/test/auto/relationGroup2.xml
auto.tcl: Setting watchdog for 200 seconds at Thu Feb 28 03:42:33 UTC 2019
1 ms. Memory: 647680K Free: 622627K (96%)
ptolemy.util.test.WatchDog.cancel(): canceling Thu Feb 28 03:42:33 UTC 2019
auto.tcl: Setting watchdog for 200 seconds at Thu Feb 28 03:42:33 UTC 2019
2 ms. Memory: 647680K Free: 622627K (96%)
ptolemy.util.test.WatchDog.cancel(): canceling Thu Feb 28 03:42:33 UTC 2019
------------------ testing $PTII/ptolemy/domains/de/test/auto/sortWithOpaquePorts.xml
auto.tcl: Setting watchdog for 200 seconds at Thu Feb 28 03:42:33 UTC 2019
2 ms. Memory: 646144K Free: 621091K (96%)
ptolemy.util.test.WatchDog.cancel(): canceling Thu Feb 28 03:42:33 UTC 2019
auto.tcl: Setting watchdog for 200 seconds at Thu Feb 28 03:42:33 UTC 2019
1 ms. Memory: 646144K Free: 621091K (96%)
ptolemy.util.test.WatchDog.cancel(): canceling Thu Feb 28 03:42:33 UTC 2019
------------------ testing $PTII/ptolemy/domains/de/test/auto/transferInputsandOutputs.xml
auto.tcl: Setting watchdog for 200 seconds at Thu Feb 28 03:42:33 UTC 2019
2 ms. Memory: 647168K Free: 622102K (96%)
ptolemy.util.test.WatchDog.cancel(): canceling Thu Feb 28 03:42:33 UTC 2019
auto.tcl: Setting watchdog for 200 seconds at Thu Feb 28 03:42:33 UTC 2019
2 ms. Memory: 647168K Free: 622102K (96%)
ptolemy.util.test.WatchDog.cancel(): canceling Thu Feb 28 03:42:33 UTC 2019
------------------ testing $PTII/ptolemy/domains/de/test/auto/triggerType.xml
auto.tcl: Setting watchdog for 200 seconds at Thu Feb 28 03:42:33 UTC 2019
1 ms. Memory: 646144K Free: 621029K (96%)
ptolemy.util.test.WatchDog.cancel(): canceling Thu Feb 28 03:42:33 UTC 2019
auto.tcl: Setting watchdog for 200 seconds at Thu Feb 28 03:42:33 UTC 2019
2 ms. Memory: 646144K Free: 621029K (96%)
ptolemy.util.test.WatchDog.cancel(): canceling Thu Feb 28 03:42:33 UTC 2019
02/28/19 03:42:33
Failed: 0  Total Tests: 192  ((Passed: 187, Newly Passed: 1)  Known Failed: 5) /home/travis/build/icyphy/ptII/ptolemy/domains/de/test
02/28/19 03:42:33
Failed: 0  Total Tests: 192  ((Passed: 187, Newly Passed: 1)  Known Failed: 5) /home/travis/build/icyphy/ptII/ptolemy/domains/de/test
----------------- testing (KnownFailure) /home/travis/build/icyphy/ptII/ptolemy/domains/de/test/auto/knownFailedTests/DESDFClockTest.xml
2017 ms. Memory: 647168K Free: 610735K (94%)
Known Failure: java.lang.reflect.InvocationTargetException
----------------- testing (KnownFailure) /home/travis/build/icyphy/ptII/ptolemy/domains/de/test/auto/knownFailedTests/DirectFeedback.xml
1 ms. Memory: 647168K Free: 565556K (87%)
Known Failure: java.lang.reflect.InvocationTargetException
----------------- testing (KnownFailure) /home/travis/build/icyphy/ptII/ptolemy/domains/de/test/auto/knownFailedTests/FSMSource.xml
5 ms. Memory: 647168K Free: 520377K (80%)
----------------- testing (KnownFailure) /home/travis/build/icyphy/ptII/ptolemy/domains/de/test/auto/knownFailedTests/HierarchicalModel.xml
2 ms. Memory: 647168K Free: 486477K (75%)
Known Failure: java.lang.reflect.InvocationTargetException
----------------- testing (KnownFailure) /home/travis/build/icyphy/ptII/ptolemy/domains/de/test/auto/knownFailedTests/dependencyLoop.xml
2 ms. Memory: 647168K Free: 429987K (66%)
Known Failure: java.lang.reflect.InvocationTargetException
----------------- testing (KnownFailure) /home/travis/build/icyphy/ptII/ptolemy/domains/de/test/auto/knownFailedTests/dependencyLoop2.xml
3 ms. Memory: 647168K Free: 373505K (58%)
Known Failure: java.lang.reflect.InvocationTargetException
No auto/linux-amd64/*.xml tests in /home/travis/build/icyphy/ptII/ptolemy/domains/de/test
AutoTests.java: About to close Vertx.
AutoTests.java: Vertx closed.

===========================================================================================
----------------- testing Thu Feb 28 03:42:35 UTC 2019 /home/travis/build/icyphy/ptII/ptolemy/domains/de/test/auto/ActorDepthCalculation_actorWithoutPorts.xml
----------------- Instantiating /home/travis/build/icyphy/ptII/ptolemy/domains/de/test/auto/ActorDepthCalculation_actorWithoutPorts.xml
1 ms. Memory: 647168K Free: 317031K (49%)
----------------- Invoking toplevel() on ptolemy.moml.MoMLSimpleApplication@468547c0
----------------- Done invoking toplevel() on ptolemy.moml.MoMLSimpleApplication@468547c0
reloadAllAccessors: .ActorDepthCalculation_actorWithoutPorts

===========================================================================================
----------------- testing Thu Feb 28 03:42:35 UTC 2019 /home/travis/build/icyphy/ptII/ptolemy/domains/de/test/auto/AssemblyLine.xml
----------------- Instantiating /home/travis/build/icyphy/ptII/ptolemy/domains/de/test/auto/AssemblyLine.xml
2 ms. Memory: 647168K Free: 294441K (45%)
----------------- Invoking toplevel() on ptolemy.moml.MoMLSimpleApplication@40dad9bb
----------------- Done invoking toplevel() on ptolemy.moml.MoMLSimpleApplication@40dad9bb
reloadAllAccessors: .AssemblyLine

===========================================================================================
----------------- testing Thu Feb 28 03:42:35 UTC 2019 /home/travis/build/icyphy/ptII/ptolemy/domains/de/test/auto/CQBug1.xml
----------------- Instantiating /home/travis/build/icyphy/ptII/ptolemy/domains/de/test/auto/CQBug1.xml
1 ms. Memory: 647168K Free: 271852K (42%)
----------------- Invoking toplevel() on ptolemy.moml.MoMLSimpleApplication@3fd3c567
----------------- Done invoking toplevel() on ptolemy.moml.MoMLSimpleApplication@3fd3c567
reloadAllAccessors: .CQBug1

===========================================================================================
----------------- testing Thu Feb 28 03:42:35 UTC 2019 /home/travis/build/icyphy/ptII/ptolemy/domains/de/test/auto/CancelFireAt.xml
----------------- Instantiating /home/travis/build/icyphy/ptII/ptolemy/domains/de/test/auto/CancelFireAt.xml
0 ms. Memory: 647168K Free: 249263K (39%)
----------------- Invoking toplevel() on ptolemy.moml.MoMLSimpleApplication@1a45b39b
----------------- Done invoking toplevel() on ptolemy.moml.MoMLSimpleApplication@1a45b39b
reloadAllAccessors: .CancelFireAt

===========================================================================================
----------------- testing Thu Feb 28 03:42:35 UTC 2019 /home/travis/build/icyphy/ptII/ptolemy/domains/de/test/auto/CausalityAndComposabilityAnalysis.xml
----------------- Instantiating /home/travis/build/icyphy/ptII/ptolemy/domains/de/test/auto/CausalityAndComposabilityAnalysis.xml
2 ms. Memory: 647168K Free: 226673K (35%)
----------------- Invoking toplevel() on ptolemy.moml.MoMLSimpleApplication@4c0efba5
----------------- Done invoking toplevel() on ptolemy.moml.MoMLSimpleApplication@4c0efba5
reloadAllAccessors: .CausalityAndComposabilityAnalysis

===========================================================================================
----------------- testing Thu Feb 28 03:42:35 UTC 2019 /home/travis/build/icyphy/ptII/ptolemy/domains/de/test/auto/CausalityInterface1.xml
----------------- Instantiating /home/travis/build/icyphy/ptII/ptolemy/domains/de/test/auto/CausalityInterface1.xml
4 ms. Memory: 647168K Free: 204084K (32%)
----------------- Invoking toplevel() on ptolemy.moml.MoMLSimpleApplication@3d3ef02a
----------------- Done invoking toplevel() on ptolemy.moml.MoMLSimpleApplication@3d3ef02a
reloadAllAccessors: .CausalityInterface1

===========================================================================================
----------------- testing Thu Feb 28 03:42:35 UTC 2019 /home/travis/build/icyphy/ptII/ptolemy/domains/de/test/auto/CausalityInterface15.xml
----------------- Instantiating /home/travis/build/icyphy/ptII/ptolemy/domains/de/test/auto/CausalityInterface15.xml
2 ms. Memory: 647168K Free: 181494K (28%)
----------------- Invoking toplevel() on ptolemy.moml.MoMLSimpleApplication@4b5cbcee
----------------- Done invoking toplevel() on ptolemy.moml.MoMLSimpleApplication@4b5cbcee
reloadAllAccessors: .CausalityInterface15

[...]
java.lang.RuntimeException: Execution failed
	at ptolemy.moml.MoMLSimpleApplication$UnloadThread.run(MoMLSimpleApplication.java:402)
Caused by: ptolemy.kernel.util.IllegalActionException: Test fails in iteration 1.
Value was: 1.0. Should have been: 2.0
  in .DirectFeedback.Test
	at ptolemy.actor.lib.Test.fire(Test.java:268)
	at ptolemy.domains.de.kernel.DEDirector._fire(DEDirector.java:1949)
	at ptolemy.domains.de.kernel.DEDirector.fire(DEDirector.java:502)
	at ptolemy.actor.CompositeActor.fire(CompositeActor.java:455)
	at ptolemy.actor.Manager.iterate(Manager.java:851)
	at ptolemy.actor.Manager.execute(Manager.java:369)
	at ptolemy.actor.Manager.run(Manager.java:1263)
	at ptolemy.actor.Manager$PtolemyRunThread.run(Manager.java:1915)
java.lang.RuntimeException: Execution failed
	at ptolemy.moml.MoMLSimpleApplication$UnloadThread.run(MoMLSimpleApplication.java:402)
Caused by: ptolemy.kernel.util.IllegalActionException: Actor is not ready to fire.  Perhaps UpSample.prefire() returned false? Try debugging the actor by selecting "Listen to Actor".  Also, for SDF check moml for tokenConsumptionRate on input.
  in .DESDFClockTest.Play Bell.Copy1:SDF Director and .DESDFClockTest.Play Bell.UpSample
	at ptolemy.actor.sched.StaticSchedulingDirector.fire(StaticSchedulingDirector.java:227)
	at ptolemy.domains.sdf.kernel.SDFDirector.fire(SDFDirector.java:500)
	at ptolemy.actor.CompositeActor.fire(CompositeActor.java:455)
	at ptolemy.domains.de.kernel.DEDirector._fire(DEDirector.java:1949)
	at ptolemy.domains.de.kernel.DEDirector.fire(DEDirector.java:502)
	at ptolemy.actor.CompositeActor.fire(CompositeActor.java:455)
	at ptolemy.actor.Manager.iterate(Manager.java:851)
	at ptolemy.actor.Manager.execute(Manager.java:369)
	at ptolemy.actor.Manager.run(Manager.java:1263)
	at ptolemy.actor.Manager$PtolemyRunThread.run(Manager.java:1915)
java.lang.reflect.InvocationTargetException
	at sun.reflect.NativeConstructorAccessorImpl.newInstance0(Native Method)
	at sun.reflect.NativeConstructorAccessorImpl.newInstance(NativeConstructorAccessorImpl.java:62)
	at sun.reflect.DelegatingConstructorAccessorImpl.newInstance(DelegatingConstructorAccessorImpl.java:45)
	at java.lang.reflect.Constructor.newInstance(Constructor.java:423)
	at ptolemy.util.test.junit.AutoKnownFailedTests.RunModel(AutoKnownFailedTests.java:105)
	at sun.reflect.NativeMethodAccessorImpl.invoke0(Native Method)
	at sun.reflect.NativeMethodAccessorImpl.invoke(NativeMethodAccessorImpl.java:62)
	at sun.reflect.DelegatingMethodAccessorImpl.invoke(DelegatingMethodAccessorImpl.java:43)
	at java.lang.reflect.Method.invoke(Method.java:498)
	at org.junit.runners.model.FrameworkMethod$1.runReflectiveCall(FrameworkMethod.java:44)
	at org.junit.internal.runners.model.ReflectiveCallable.run(ReflectiveCallable.java:15)
	at org.junit.runners.model.FrameworkMethod.invokeExplosively(FrameworkMethod.java:41)
	at junitparams.internal.InvokeParameterisedMethod.evaluate(InvokeParameterisedMethod.java:102)
	at org.junit.internal.runners.statements.FailOnTimeout$1.run(FailOnTimeout.java:28)
Caused by: ptolemy.kernel.util.IllegalActionException: Actor is not ready to fire.  Perhaps UpSample.prefire() returned false? Try debugging the actor by selecting "Listen to Actor".  Also, for SDF check moml for tokenConsumptionRate on input.
  in .DESDFClockTest.Play Bell.Copy1:SDF Director and .DESDFClockTest.Play Bell.UpSample
	at ptolemy.actor.sched.StaticSchedulingDirector.fire(StaticSchedulingDirector.java:227)
	at ptolemy.domains.sdf.kernel.SDFDirector.fire(SDFDirector.java:500)
	at ptolemy.actor.CompositeActor.fire(CompositeActor.java:455)
	at ptolemy.domains.de.kernel.DEDirector._fire(DEDirector.java:1949)
	at ptolemy.domains.de.kernel.DEDirector.fire(DEDirector.java:502)
	at ptolemy.actor.CompositeActor.fire(CompositeActor.java:455)
	at ptolemy.actor.Manager.iterate(Manager.java:851)
	at ptolemy.actor.Manager.execute(Manager.java:369)
	at ptolemy.actor.Manager.run(Manager.java:1263)
	at ptolemy.actor.Manager$PtolemyRunThread.run(Manager.java:1915)
java.lang.RuntimeException: Execution failed
	at ptolemy.moml.MoMLSimpleApplication$UnloadThread.run(MoMLSimpleApplication.java:402)
Caused by: ptolemy.kernel.util.IllegalActionException: Test fails in iteration 1.
Value was: 1.0. Should have been: 2.0
  in .DirectFeedback.Test
	at ptolemy.actor.lib.Test.fire(Test.java:268)
	at ptolemy.domains.de.kernel.DEDirector._fire(DEDirector.java:1949)
	at ptolemy.domains.de.kernel.DEDirector.fire(DEDirector.java:502)
	at ptolemy.actor.CompositeActor.fire(CompositeActor.java:455)
	at ptolemy.actor.Manager.iterate(Manager.java:851)
	at ptolemy.actor.Manager.execute(Manager.java:369)
	at ptolemy.actor.Manager.run(Manager.java:1263)
	at ptolemy.actor.Manager$PtolemyRunThread.run(Manager.java:1915)
java.lang.reflect.InvocationTargetException
	at sun.reflect.NativeConstructorAccessorImpl.newInstance0(Native Method)
	at sun.reflect.NativeConstructorAccessorImpl.newInstance(NativeConstructorAccessorImpl.java:62)
	at sun.reflect.DelegatingConstructorAccessorImpl.newInstance(DelegatingConstructorAccessorImpl.java:45)
	at java.lang.reflect.Constructor.newInstance(Constructor.java:423)
	at ptolemy.util.test.junit.AutoKnownFailedTests.RunModel(AutoKnownFailedTests.java:105)
	at sun.reflect.NativeMethodAccessorImpl.invoke0(Native Method)
	at sun.reflect.NativeMethodAccessorImpl.invoke(NativeMethodAccessorImpl.java:62)
	at sun.reflect.DelegatingMethodAccessorImpl.invoke(DelegatingMethodAccessorImpl.java:43)
	at java.lang.reflect.Method.invoke(Method.java:498)
	at org.junit.runners.model.FrameworkMethod$1.runReflectiveCall(FrameworkMethod.java:44)
	at org.junit.internal.runners.model.ReflectiveCallable.run(ReflectiveCallable.java:15)
	at org.junit.runners.model.FrameworkMethod.invokeExplosively(FrameworkMethod.java:41)
	at junitparams.internal.InvokeParameterisedMethod.evaluate(InvokeParameterisedMethod.java:102)
	at org.junit.internal.runners.statements.FailOnTimeout$1.run(FailOnTimeout.java:28)
Caused by: ptolemy.kernel.util.IllegalActionException: Test fails in iteration 1.
Value was: 1.0. Should have been: 2.0
  in .DirectFeedback.Test
	at ptolemy.actor.lib.Test.fire(Test.java:268)
	at ptolemy.domains.de.kernel.DEDirector._fire(DEDirector.java:1949)
	at ptolemy.domains.de.kernel.DEDirector.fire(DEDirector.java:502)
	at ptolemy.actor.CompositeActor.fire(CompositeActor.java:455)
	at ptolemy.actor.Manager.iterate(Manager.java:851)
	at ptolemy.actor.Manager.execute(Manager.java:369)
	at ptolemy.actor.Manager.run(Manager.java:1263)
	at ptolemy.actor.Manager$PtolemyRunThread.run(Manager.java:1915)
java.lang.RuntimeException: Execution failed
	at ptolemy.moml.MoMLSimpleApplication$UnloadThread.run(MoMLSimpleApplication.java:402)
Caused by: ptolemy.kernel.util.IllegalActionException: Found a zero delay loop containing .HierarchicalModel.A
  in .HierarchicalModel and .HierarchicalModel.A
	at ptolemy.actor.util.CausalityInterfaceForComposites._computeOutputPortDepth(CausalityInterfaceForComposites.java:759)
	at ptolemy.actor.util.CausalityInterfaceForComposites._computeInputDepth(CausalityInterfaceForComposites.java:696)
	at ptolemy.actor.util.CausalityInterfaceForComposites._computeOutputPortDepth(CausalityInterfaceForComposites.java:765)
	at ptolemy.actor.util.CausalityInterfaceForComposites._computeInputDepth(CausalityInterfaceForComposites.java:696)
	at ptolemy.actor.util.CausalityInterfaceForComposites._computeOutputPortDepth(CausalityInterfaceForComposites.java:765)
	at ptolemy.actor.util.CausalityInterfaceForComposites._computeInputDepth(CausalityInterfaceForComposites.java:696)
	at ptolemy.actor.util.CausalityInterfaceForComposites._computeActorDepth(CausalityInterfaceForComposites.java:532)
	at ptolemy.actor.util.CausalityInterfaceForComposites.checkForCycles(CausalityInterfaceForComposites.java:96)
	at ptolemy.domains.de.kernel.DEDirector.preinitialize(DEDirector.java:1338)
	at ptolemy.actor.CompositeActor.preinitialize(CompositeActor.java:1828)
	at ptolemy.actor.Manager.preinitializeAndResolveTypes(Manager.java:1040)
	at ptolemy.actor.Manager.initialize(Manager.java:710)
	at ptolemy.actor.Manager.execute(Manager.java:356)
	at ptolemy.actor.Manager.run(Manager.java:1263)
	at ptolemy.actor.Manager$PtolemyRunThread.run(Manager.java:1915)
java.lang.reflect.InvocationTargetException
	at sun.reflect.NativeConstructorAccessorImpl.newInstance0(Native Method)
	at sun.reflect.NativeConstructorAccessorImpl.newInstance(NativeConstructorAccessorImpl.java:62)
	at sun.reflect.DelegatingConstructorAccessorImpl.newInstance(DelegatingConstructorAccessorImpl.java:45)
	at java.lang.reflect.Constructor.newInstance(Constructor.java:423)
	at ptolemy.util.test.junit.AutoKnownFailedTests.RunModel(AutoKnownFailedTests.java:105)
	at sun.reflect.NativeMethodAccessorImpl.invoke0(Native Method)
	at sun.reflect.NativeMethodAccessorImpl.invoke(NativeMethodAccessorImpl.java:62)
	at sun.reflect.DelegatingMethodAccessorImpl.invoke(DelegatingMethodAccessorImpl.java:43)
	at java.lang.reflect.Method.invoke(Method.java:498)
	at org.junit.runners.model.FrameworkMethod$1.runReflectiveCall(FrameworkMethod.java:44)
	at org.junit.internal.runners.model.ReflectiveCallable.run(ReflectiveCallable.java:15)
	at org.junit.runners.model.FrameworkMethod.invokeExplosively(FrameworkMethod.java:41)
	at junitparams.internal.InvokeParameterisedMethod.evaluate(InvokeParameterisedMethod.java:102)
	at org.junit.internal.runners.statements.FailOnTimeout$1.run(FailOnTimeout.java:28)
Caused by: ptolemy.kernel.util.IllegalActionException: Found a zero delay loop containing .HierarchicalModel.A
  in .HierarchicalModel and .HierarchicalModel.A
	at ptolemy.actor.util.CausalityInterfaceForComposites._computeOutputPortDepth(CausalityInterfaceForComposites.java:759)
	at ptolemy.actor.util.CausalityInterfaceForComposites._computeInputDepth(CausalityInterfaceForComposites.java:696)
	at ptolemy.actor.util.CausalityInterfaceForComposites._computeOutputPortDepth(CausalityInterfaceForComposites.java:765)
	at ptolemy.actor.util.CausalityInterfaceForComposites._computeInputDepth(CausalityInterfaceForComposites.java:696)
	at ptolemy.actor.util.CausalityInterfaceForComposites._computeOutputPortDepth(CausalityInterfaceForComposites.java:765)
	at ptolemy.actor.util.CausalityInterfaceForComposites._computeInputDepth(CausalityInterfaceForComposites.java:696)
	at ptolemy.actor.util.CausalityInterfaceForComposites._computeActorDepth(CausalityInterfaceForComposites.java:532)
	at ptolemy.actor.util.CausalityInterfaceForComposites.checkForCycles(CausalityInterfaceForComposites.java:96)
	at ptolemy.domains.de.kernel.DEDirector.preinitialize(DEDirector.java:1338)
	at ptolemy.actor.CompositeActor.preinitialize(CompositeActor.java:1828)
	at ptolemy.actor.Manager.preinitializeAndResolveTypes(Manager.java:1040)
	at ptolemy.actor.Manager.initialize(Manager.java:710)
	at ptolemy.actor.Manager.execute(Manager.java:356)
	at ptolemy.actor.Manager.run(Manager.java:1263)
	at ptolemy.actor.Manager$PtolemyRunThread.run(Manager.java:1915)
java.lang.RuntimeException: Execution failed
	at ptolemy.moml.MoMLSimpleApplication$UnloadThread.run(MoMLSimpleApplication.java:402)
Caused by: ptolemy.kernel.util.IllegalActionException: Found a zero delay loop containing .dependencyLoop.original
  in .dependencyLoop and .dependencyLoop.original
	at ptolemy.actor.util.CausalityInterfaceForComposites._computeOutputPortDepth(CausalityInterfaceForComposites.java:759)
	at ptolemy.actor.util.CausalityInterfaceForComposites._computeInputDepth(CausalityInterfaceForComposites.java:696)
	at ptolemy.actor.util.CausalityInterfaceForComposites._computeOutputPortDepth(CausalityInterfaceForComposites.java:765)
	at ptolemy.actor.util.CausalityInterfaceForComposites._computeInputDepth(CausalityInterfaceForComposites.java:696)
	at ptolemy.actor.util.CausalityInterfaceForComposites._computeOutputPortDepth(CausalityInterfaceForComposites.java:765)
	at ptolemy.actor.util.CausalityInterfaceForComposites._computeInputDepth(CausalityInterfaceForComposites.java:696)
	at ptolemy.actor.util.CausalityInterfaceForComposites._computeActorDepth(CausalityInterfaceForComposites.java:532)
	at ptolemy.actor.util.CausalityInterfaceForComposites.checkForCycles(CausalityInterfaceForComposites.java:96)
	at ptolemy.domains.de.kernel.DEDirector.preinitialize(DEDirector.java:1338)
	at ptolemy.actor.CompositeActor.preinitialize(CompositeActor.java:1828)
	at ptolemy.actor.Manager.preinitializeAndResolveTypes(Manager.java:1040)
	at ptolemy.actor.Manager.initialize(Manager.java:710)
	at ptolemy.actor.Manager.execute(Manager.java:356)
	at ptolemy.actor.Manager.run(Manager.java:1263)
	at ptolemy.actor.Manager$PtolemyRunThread.run(Manager.java:1915)
java.lang.reflect.InvocationTargetException
	at sun.reflect.NativeConstructorAccessorImpl.newInstance0(Native Method)
	at sun.reflect.NativeConstructorAccessorImpl.newInstance(NativeConstructorAccessorImpl.java:62)
	at sun.reflect.DelegatingConstructorAccessorImpl.newInstance(DelegatingConstructorAccessorImpl.java:45)
	at java.lang.reflect.Constructor.newInstance(Constructor.java:423)
	at ptolemy.util.test.junit.AutoKnownFailedTests.RunModel(AutoKnownFailedTests.java:105)
	at sun.reflect.NativeMethodAccessorImpl.invoke0(Native Method)
	at sun.reflect.NativeMethodAccessorImpl.invoke(NativeMethodAccessorImpl.java:62)
	at sun.reflect.DelegatingMethodAccessorImpl.invoke(DelegatingMethodAccessorImpl.java:43)
	at java.lang.reflect.Method.invoke(Method.java:498)
	at org.junit.runners.model.FrameworkMethod$1.runReflectiveCall(FrameworkMethod.java:44)
	at org.junit.internal.runners.model.ReflectiveCallable.run(ReflectiveCallable.java:15)
	at org.junit.runners.model.FrameworkMethod.invokeExplosively(FrameworkMethod.java:41)
	at junitparams.internal.InvokeParameterisedMethod.evaluate(InvokeParameterisedMethod.java:102)
	at org.junit.internal.runners.statements.FailOnTimeout$1.run(FailOnTimeout.java:28)
Caused by: ptolemy.kernel.util.IllegalActionException: Found a zero delay loop containing .dependencyLoop.original
  in .dependencyLoop and .dependencyLoop.original
	at ptolemy.actor.util.CausalityInterfaceForComposites._computeOutputPortDepth(CausalityInterfaceForComposites.java:759)
	at ptolemy.actor.util.CausalityInterfaceForComposites._computeInputDepth(CausalityInterfaceForComposites.java:696)
	at ptolemy.actor.util.CausalityInterfaceForComposites._computeOutputPortDepth(CausalityInterfaceForComposites.java:765)
	at ptolemy.actor.util.CausalityInterfaceForComposites._computeInputDepth(CausalityInterfaceForComposites.java:696)
	at ptolemy.actor.util.CausalityInterfaceForComposites._computeOutputPortDepth(CausalityInterfaceForComposites.java:765)
	at ptolemy.actor.util.CausalityInterfaceForComposites._computeInputDepth(CausalityInterfaceForComposites.java:696)
	at ptolemy.actor.util.CausalityInterfaceForComposites._computeActorDepth(CausalityInterfaceForComposites.java:532)
	at ptolemy.actor.util.CausalityInterfaceForComposites.checkForCycles(CausalityInterfaceForComposites.java:96)
	at ptolemy.domains.de.kernel.DEDirector.preinitialize(DEDirector.java:1338)
	at ptolemy.actor.CompositeActor.preinitialize(CompositeActor.java:1828)
	at ptolemy.actor.Manager.preinitializeAndResolveTypes(Manager.java:1040)
	at ptolemy.actor.Manager.initialize(Manager.java:710)
	at ptolemy.actor.Manager.execute(Manager.java:356)
	at ptolemy.actor.Manager.run(Manager.java:1263)
	at ptolemy.actor.Manager$PtolemyRunThread.run(Manager.java:1915)
java.lang.RuntimeException: Execution failed
	at ptolemy.moml.MoMLSimpleApplication$UnloadThread.run(MoMLSimpleApplication.java:402)
Caused by: ptolemy.kernel.util.IllegalActionException: Found a zero delay loop containing .dependencyLoop2.original
  in .dependencyLoop2 and .dependencyLoop2.original
	at ptolemy.actor.util.CausalityInterfaceForComposites._computeOutputPortDepth(CausalityInterfaceForComposites.java:759)
	at ptolemy.actor.util.CausalityInterfaceForComposites._computeInputDepth(CausalityInterfaceForComposites.java:696)
	at ptolemy.actor.util.CausalityInterfaceForComposites._computeOutputPortDepth(CausalityInterfaceForComposites.java:765)
	at ptolemy.actor.util.CausalityInterfaceForComposites._computeInputDepth(CausalityInterfaceForComposites.java:696)
	at ptolemy.actor.util.CausalityInterfaceForComposites._computeOutputPortDepth(CausalityInterfaceForComposites.java:765)
	at ptolemy.actor.util.CausalityInterfaceForComposites._computeInputDepth(CausalityInterfaceForComposites.java:696)
	at ptolemy.actor.util.CausalityInterfaceForComposites._computeActorDepth(CausalityInterfaceForComposites.java:532)
	at ptolemy.actor.util.CausalityInterfaceForComposites.checkForCycles(CausalityInterfaceForComposites.java:96)
	at ptolemy.domains.de.kernel.DEDirector.preinitialize(DEDirector.java:1338)
	at ptolemy.actor.CompositeActor.preinitialize(CompositeActor.java:1828)
	at ptolemy.actor.Manager.preinitializeAndResolveTypes(Manager.java:1040)
	at ptolemy.actor.Manager.initialize(Manager.java:710)
	at ptolemy.actor.Manager.execute(Manager.java:356)
	at ptolemy.actor.Manager.run(Manager.java:1263)
	at ptolemy.actor.Manager$PtolemyRunThread.run(Manager.java:1915)
java.lang.reflect.InvocationTargetException
	at sun.reflect.NativeConstructorAccessorImpl.newInstance0(Native Method)
	at sun.reflect.NativeConstructorAccessorImpl.newInstance(NativeConstructorAccessorImpl.java:62)
	at sun.reflect.DelegatingConstructorAccessorImpl.newInstance(DelegatingConstructorAccessorImpl.java:45)
	at java.lang.reflect.Constructor.newInstance(Constructor.java:423)
	at ptolemy.util.test.junit.AutoKnownFailedTests.RunModel(AutoKnownFailedTests.java:105)
	at sun.reflect.NativeMethodAccessorImpl.invoke0(Native Method)
	at sun.reflect.NativeMethodAccessorImpl.invoke(NativeMethodAccessorImpl.java:62)
	at sun.reflect.DelegatingMethodAccessorImpl.invoke(DelegatingMethodAccessorImpl.java:43)
	at java.lang.reflect.Method.invoke(Method.java:498)
	at org.junit.runners.model.FrameworkMethod$1.runReflectiveCall(FrameworkMethod.java:44)
	at org.junit.internal.runners.model.ReflectiveCallable.run(ReflectiveCallable.java:15)
	at org.junit.runners.model.FrameworkMethod.invokeExplosively(FrameworkMethod.java:41)
	at junitparams.internal.InvokeParameterisedMethod.evaluate(InvokeParameterisedMethod.java:102)
	at org.junit.internal.runners.statements.FailOnTimeout$1.run(FailOnTimeout.java:28)
Caused by: ptolemy.kernel.util.IllegalActionException: Found a zero delay loop containing .dependencyLoop2.original
  in .dependencyLoop2 and .dependencyLoop2.original
	at ptolemy.actor.util.CausalityInterfaceForComposites._computeOutputPortDepth(CausalityInterfaceForComposites.java:759)
	at ptolemy.actor.util.CausalityInterfaceForComposites._computeInputDepth(CausalityInterfaceForComposites.java:696)
	at ptolemy.actor.util.CausalityInterfaceForComposites._computeOutputPortDepth(CausalityInterfaceForComposites.java:765)
	at ptolemy.actor.util.CausalityInterfaceForComposites._computeInputDepth(CausalityInterfaceForComposites.java:696)
	at ptolemy.actor.util.CausalityInterfaceForComposites._computeOutputPortDepth(CausalityInterfaceForComposites.java:765)
	at ptolemy.actor.util.CausalityInterfaceForComposites._computeInputDepth(CausalityInterfaceForComposites.java:696)
	at ptolemy.actor.util.CausalityInterfaceForComposites._computeActorDepth(CausalityInterfaceForComposites.java:532)
	at ptolemy.actor.util.CausalityInterfaceForComposites.checkForCycles(CausalityInterfaceForComposites.java:96)
	at ptolemy.domains.de.kernel.DEDirector.preinitialize(DEDirector.java:1338)
	at ptolemy.actor.CompositeActor.preinitialize(CompositeActor.java:1828)
	at ptolemy.actor.Manager.preinitializeAndResolveTypes(Manager.java:1040)
	at ptolemy.actor.Manager.initialize(Manager.java:710)
	at ptolemy.actor.Manager.execute(Manager.java:356)
	at ptolemy.actor.Manager.run(Manager.java:1263)
	at ptolemy.actor.Manager$PtolemyRunThread.run(Manager.java:1915)
]]></system-err>
</testsuite>
