<?xml version="1.0" encoding="UTF-8" ?>
<testsuite errors="0" failures="0" hostname="travis-job-2a96f681-a2ae-46b0-ba1b-b6b8fe7bbc6b" name="ptolemy.domains.de.test.junit.JUnitTclTest" skipped="0" tests="101" time="129.302" timestamp="2018-09-10T02:45:11">
  <properties>
[...]
</properties>
  <testcase classname="ptolemy.util.test.junit.TclTests" name="[0] /home/travis/build/icyphy/ptII/ptolemy/domains/de/test/DependencyLoop.tcl (RunTclFile)" time="0.705" />
  <testcase classname="ptolemy.util.test.junit.TclTests" name="[1] /home/travis/build/icyphy/ptII/ptolemy/domains/de/test/RunDETestsAsQSS.tcl (RunTclFile)" time="87.177" />
  <testcase classname="ptolemy.util.test.junit.AutoKnownFailedTests" name="[0] /home/travis/build/icyphy/ptII/ptolemy/domains/de/test/auto/knownFailedTests/DESDFClockTest.xml (RunModel)" time="2.039" />
  <testcase classname="ptolemy.util.test.junit.AutoKnownFailedTests" name="[1] /home/travis/build/icyphy/ptII/ptolemy/domains/de/test/auto/knownFailedTests/DirectFeedback.xml (RunModel)" time="0.026" />
  <testcase classname="ptolemy.util.test.junit.AutoKnownFailedTests" name="[2] /home/travis/build/icyphy/ptII/ptolemy/domains/de/test/auto/knownFailedTests/FSMSource.xml (RunModel)" time="0.028" />
  <testcase classname="ptolemy.util.test.junit.AutoKnownFailedTests" name="[3] /home/travis/build/icyphy/ptII/ptolemy/domains/de/test/auto/knownFailedTests/HierarchicalModel.xml (RunModel)" time="0.044" />
  <testcase classname="ptolemy.util.test.junit.AutoKnownFailedTests" name="[4] /home/travis/build/icyphy/ptII/ptolemy/domains/de/test/auto/knownFailedTests/dependencyLoop.xml (RunModel)" time="0.036" />
  <testcase classname="ptolemy.util.test.junit.AutoKnownFailedTests" name="[5] /home/travis/build/icyphy/ptII/ptolemy/domains/de/test/auto/knownFailedTests/dependencyLoop2.xml (RunModel)" time="0.044" />
  <testcase classname="ptolemy.util.test.junit.AutoNameArchTests" name="[0] ThereAreNoAutoArchTests (RunModel)" time="0.005" />
  <testcase classname="ptolemy.util.test.junit.AutoTests" name="[0] /home/travis/build/icyphy/ptII/ptolemy/domains/de/test/auto/ActorDepthCalculation_actorWithoutPorts.xml (RunModel)" time="0.019" />
  <testcase classname="ptolemy.util.test.junit.AutoTests" name="[1] /home/travis/build/icyphy/ptII/ptolemy/domains/de/test/auto/AssemblyLine.xml (RunModel)" time="0.024" />
  <testcase classname="ptolemy.util.test.junit.AutoTests" name="[2] /home/travis/build/icyphy/ptII/ptolemy/domains/de/test/auto/CQBug1.xml (RunModel)" time="0.009" />
  <testcase classname="ptolemy.util.test.junit.AutoTests" name="[3] /home/travis/build/icyphy/ptII/ptolemy/domains/de/test/auto/CancelFireAt.xml (RunModel)" time="0.013" />
  <testcase classname="ptolemy.util.test.junit.AutoTests" name="[4] /home/travis/build/icyphy/ptII/ptolemy/domains/de/test/auto/CausalityAndComposabilityAnalysis.xml (RunModel)" time="0.011" />
  <testcase classname="ptolemy.util.test.junit.AutoTests" name="[5] /home/travis/build/icyphy/ptII/ptolemy/domains/de/test/auto/CausalityInterface1.xml (RunModel)" time="0.012" />
  <testcase classname="ptolemy.util.test.junit.AutoTests" name="[6] /home/travis/build/icyphy/ptII/ptolemy/domains/de/test/auto/CausalityInterface15.xml (RunModel)" time="0.013" />
  <testcase classname="ptolemy.util.test.junit.AutoTests" name="[7] /home/travis/build/icyphy/ptII/ptolemy/domains/de/test/auto/CausalityInterface2.xml (RunModel)" time="0.011" />
  <testcase classname="ptolemy.util.test.junit.AutoTests" name="[8] /home/travis/build/icyphy/ptII/ptolemy/domains/de/test/auto/CausalityInterface3.xml (RunModel)" time="0.011" />
  <testcase classname="ptolemy.util.test.junit.AutoTests" name="[9] /home/travis/build/icyphy/ptII/ptolemy/domains/de/test/auto/ClockDrift.xml (RunModel)" time="0.035" />
  <testcase classname="ptolemy.util.test.junit.AutoTests" name="[10] /home/travis/build/icyphy/ptII/ptolemy/domains/de/test/auto/ClockDriftAndValueChange.xml (RunModel)" time="0.03" />
  <testcase classname="ptolemy.util.test.junit.AutoTests" name="[11] /home/travis/build/icyphy/ptII/ptolemy/domains/de/test/auto/ClockDriftChange.xml (RunModel)" time="0.024" />
  <testcase classname="ptolemy.util.test.junit.AutoTests" name="[12] /home/travis/build/icyphy/ptII/ptolemy/domains/de/test/auto/ComposableCausalityAnalysis.xml (RunModel)" time="0.019" />
  <testcase classname="ptolemy.util.test.junit.AutoTests" name="[13] /home/travis/build/icyphy/ptII/ptolemy/domains/de/test/auto/DEFixedPointLimitation.xml (RunModel)" time="0.009" />
  <testcase classname="ptolemy.util.test.junit.AutoTests" name="[14] /home/travis/build/icyphy/ptII/ptolemy/domains/de/test/auto/DEScheduleTest.xml (RunModel)" time="0.011" />
  <testcase classname="ptolemy.util.test.junit.AutoTests" name="[15] /home/travis/build/icyphy/ptII/ptolemy/domains/de/test/auto/DEinDEwithStartTimes.xml (RunModel)" time="0.014" />
  <testcase classname="ptolemy.util.test.junit.AutoTests" name="[16] /home/travis/build/icyphy/ptII/ptolemy/domains/de/test/auto/DEinDEwithStartTimes2.xml (RunModel)" time="0.017" />
  <testcase classname="ptolemy.util.test.junit.AutoTests" name="[17] /home/travis/build/icyphy/ptII/ptolemy/domains/de/test/auto/DateDemo.xml (RunModel)" time="0.028" />
  <testcase classname="ptolemy.util.test.junit.AutoTests" name="[18] /home/travis/build/icyphy/ptII/ptolemy/domains/de/test/auto/DateToEvent.xml (RunModel)" time="2.039" />
  <testcase classname="ptolemy.util.test.junit.AutoTests" name="[19] /home/travis/build/icyphy/ptII/ptolemy/domains/de/test/auto/DepthTest1.xml (RunModel)" time="0.009" />
  <testcase classname="ptolemy.util.test.junit.AutoTests" name="[20] /home/travis/build/icyphy/ptII/ptolemy/domains/de/test/auto/DepthTest2.xml (RunModel)" time="0.019" />
  <testcase classname="ptolemy.util.test.junit.AutoTests" name="[21] /home/travis/build/icyphy/ptII/ptolemy/domains/de/test/auto/DepthTest3.xml (RunModel)" time="0.007" />
  <testcase classname="ptolemy.util.test.junit.AutoTests" name="[22] /home/travis/build/icyphy/ptII/ptolemy/domains/de/test/auto/DepthTest4.xml (RunModel)" time="0.011" />
  <testcase classname="ptolemy.util.test.junit.AutoTests" name="[23] /home/travis/build/icyphy/ptII/ptolemy/domains/de/test/auto/DepthTest5.xml (RunModel)" time="0.013" />
  <testcase classname="ptolemy.util.test.junit.AutoTests" name="[24] /home/travis/build/icyphy/ptII/ptolemy/domains/de/test/auto/DepthTest6.xml (RunModel)" time="0.012" />
  <testcase classname="ptolemy.util.test.junit.AutoTests" name="[25] /home/travis/build/icyphy/ptII/ptolemy/domains/de/test/auto/DepthTest7.xml (RunModel)" time="0.016" />
  <testcase classname="ptolemy.util.test.junit.AutoTests" name="[26] /home/travis/build/icyphy/ptII/ptolemy/domains/de/test/auto/EventToDate.xml (RunModel)" time="3.038" />
  <testcase classname="ptolemy.util.test.junit.AutoTests" name="[27] /home/travis/build/icyphy/ptII/ptolemy/domains/de/test/auto/FSM1.xml (RunModel)" time="0.061" />
  <testcase classname="ptolemy.util.test.junit.AutoTests" name="[28] /home/travis/build/icyphy/ptII/ptolemy/domains/de/test/auto/FSM7.xml (RunModel)" time="0.038" />
  <testcase classname="ptolemy.util.test.junit.AutoTests" name="[29] /home/travis/build/icyphy/ptII/ptolemy/domains/de/test/auto/Inspection.xml (RunModel)" time="0.037" />
  <testcase classname="ptolemy.util.test.junit.AutoTests" name="[30] /home/travis/build/icyphy/ptII/ptolemy/domains/de/test/auto/Iteration.xml (RunModel)" time="0.016" />
  <testcase classname="ptolemy.util.test.junit.AutoTests" name="[31] /home/travis/build/icyphy/ptII/ptolemy/domains/de/test/auto/LineFault.xml (RunModel)" time="0.531" />
  <testcase classname="ptolemy.util.test.junit.AutoTests" name="[32] /home/travis/build/icyphy/ptII/ptolemy/domains/de/test/auto/MergeModel1Add.xml (RunModel)" time="0.04" />
  <testcase classname="ptolemy.util.test.junit.AutoTests" name="[33] /home/travis/build/icyphy/ptII/ptolemy/domains/de/test/auto/MergeModel2Add.xml (RunModel)" time="0.033" />
  <testcase classname="ptolemy.util.test.junit.AutoTests" name="[34] /home/travis/build/icyphy/ptII/ptolemy/domains/de/test/auto/MergeModel3Add.xml (RunModel)" time="0.032" />
  <testcase classname="ptolemy.util.test.junit.AutoTests" name="[35] /home/travis/build/icyphy/ptII/ptolemy/domains/de/test/auto/MergeWithoutDiscard.xml (RunModel)" time="0.008" />
  <testcase classname="ptolemy.util.test.junit.AutoTests" name="[36] /home/travis/build/icyphy/ptII/ptolemy/domains/de/test/auto/Modal1.xml (RunModel)" time="0.023" />
  <testcase classname="ptolemy.util.test.junit.AutoTests" name="[37] /home/travis/build/icyphy/ptII/ptolemy/domains/de/test/auto/Modal2.xml (RunModel)" time="0.024" />
  <testcase classname="ptolemy.util.test.junit.AutoTests" name="[38] /home/travis/build/icyphy/ptII/ptolemy/domains/de/test/auto/Modal3.xml (RunModel)" time="0.026" />
  <testcase classname="ptolemy.util.test.junit.AutoTests" name="[39] /home/travis/build/icyphy/ptII/ptolemy/domains/de/test/auto/Modal4.xml (RunModel)" time="0.025" />
  <testcase classname="ptolemy.util.test.junit.AutoTests" name="[40] /home/travis/build/icyphy/ptII/ptolemy/domains/de/test/auto/Modal5.xml (RunModel)" time="0.026" />
  <testcase classname="ptolemy.util.test.junit.AutoTests" name="[41] /home/travis/build/icyphy/ptII/ptolemy/domains/de/test/auto/Modal6.xml (RunModel)" time="0.026" />
  <testcase classname="ptolemy.util.test.junit.AutoTests" name="[42] /home/travis/build/icyphy/ptII/ptolemy/domains/de/test/auto/Modal7.xml (RunModel)" time="0.026" />
  <testcase classname="ptolemy.util.test.junit.AutoTests" name="[43] /home/travis/build/icyphy/ptII/ptolemy/domains/de/test/auto/ModalModel.xml (RunModel)" time="0.139" />
  <testcase classname="ptolemy.util.test.junit.AutoTests" name="[44] /home/travis/build/icyphy/ptII/ptolemy/domains/de/test/auto/ModalSource.xml (RunModel)" time="0.02" />
  <testcase classname="ptolemy.util.test.junit.AutoTests" name="[45] /home/travis/build/icyphy/ptII/ptolemy/domains/de/test/auto/NonInterruptibleTimerZeroDelay.xml (RunModel)" time="0.01" />
  <testcase classname="ptolemy.util.test.junit.AutoTests" name="[46] /home/travis/build/icyphy/ptII/ptolemy/domains/de/test/auto/OpenQueueingNetwork.xml (RunModel)" time="2.362" />
  <testcase classname="ptolemy.util.test.junit.AutoTests" name="[47] /home/travis/build/icyphy/ptII/ptolemy/domains/de/test/auto/OpenQueuingNetwork.xml (RunModel)" time="0.282" />
  <testcase classname="ptolemy.util.test.junit.AutoTests" name="[48] /home/travis/build/icyphy/ptII/ptolemy/domains/de/test/auto/PeriodicSampler.xml (RunModel)" time="0.008" />
  <testcase classname="ptolemy.util.test.junit.AutoTests" name="[49] /home/travis/build/icyphy/ptII/ptolemy/domains/de/test/auto/PersistentIO.xml (RunModel)" time="0.019" />
  <testcase classname="ptolemy.util.test.junit.AutoTests" name="[50] /home/travis/build/icyphy/ptII/ptolemy/domains/de/test/auto/PortParameterResetOnInitialize.xml (RunModel)" time="0.009" />
  <testcase classname="ptolemy.util.test.junit.AutoTests" name="[51] /home/travis/build/icyphy/ptII/ptolemy/domains/de/test/auto/PortParameterUpdates.xml (RunModel)" time="0.012" />
  <testcase classname="ptolemy.util.test.junit.AutoTests" name="[52] /home/travis/build/icyphy/ptII/ptolemy/domains/de/test/auto/QueueAndServer.xml (RunModel)" time="0.02" />
  <testcase classname="ptolemy.util.test.junit.AutoTests" name="[53] /home/travis/build/icyphy/ptII/ptolemy/domains/de/test/auto/Records.xml (RunModel)" time="0.013" />
  <testcase classname="ptolemy.util.test.junit.AutoTests" name="[54] /home/travis/build/icyphy/ptII/ptolemy/domains/de/test/auto/ResetTransitionWithStartTime1.xml (RunModel)" time="0.017" />
  <testcase classname="ptolemy.util.test.junit.AutoTests" name="[55] /home/travis/build/icyphy/ptII/ptolemy/domains/de/test/auto/ResetTransitionWithStartTime2.xml (RunModel)" time="0.017" />
  <testcase classname="ptolemy.util.test.junit.AutoTests" name="[56] /home/travis/build/icyphy/ptII/ptolemy/domains/de/test/auto/ResetTransitionWithStartTime3.xml (RunModel)" time="0.016" />
  <testcase classname="ptolemy.util.test.junit.AutoTests" name="[57] /home/travis/build/icyphy/ptII/ptolemy/domains/de/test/auto/ResetTransitionWithStartTime4.xml (RunModel)" time="0.015" />
  <testcase classname="ptolemy.util.test.junit.AutoTests" name="[58] /home/travis/build/icyphy/ptII/ptolemy/domains/de/test/auto/ResettableTimer1.xml (RunModel)" time="0.009" />
  <testcase classname="ptolemy.util.test.junit.AutoTests" name="[59] /home/travis/build/icyphy/ptII/ptolemy/domains/de/test/auto/ResettableTimer2.xml (RunModel)" time="0.01" />
  <testcase classname="ptolemy.util.test.junit.AutoTests" name="[60] /home/travis/build/icyphy/ptII/ptolemy/domains/de/test/auto/ResettableTimer3.xml (RunModel)" time="0.008" />
  <testcase classname="ptolemy.util.test.junit.AutoTests" name="[61] /home/travis/build/icyphy/ptII/ptolemy/domains/de/test/auto/ResettableTimer4.xml (RunModel)" time="0.008" />
  <testcase classname="ptolemy.util.test.junit.AutoTests" name="[62] /home/travis/build/icyphy/ptII/ptolemy/domains/de/test/auto/ResettableTimer5.xml (RunModel)" time="0.008" />
  <testcase classname="ptolemy.util.test.junit.AutoTests" name="[63] /home/travis/build/icyphy/ptII/ptolemy/domains/de/test/auto/ResettableTimer6.xml (RunModel)" time="0.01" />
  <testcase classname="ptolemy.util.test.junit.AutoTests" name="[64] /home/travis/build/icyphy/ptII/ptolemy/domains/de/test/auto/ServerZeroDelay.xml (RunModel)" time="0.009" />
  <testcase classname="ptolemy.util.test.junit.AutoTests" name="[65] /home/travis/build/icyphy/ptII/ptolemy/domains/de/test/auto/SmartSender.xml (RunModel)" time="3.007" />
  <testcase classname="ptolemy.util.test.junit.AutoTests" name="[66] /home/travis/build/icyphy/ptII/ptolemy/domains/de/test/auto/ThreadedComposite.xml (RunModel)" time="2.619" />
  <testcase classname="ptolemy.util.test.junit.AutoTests" name="[67] /home/travis/build/icyphy/ptII/ptolemy/domains/de/test/auto/Time.xml (RunModel)" time="0.395" />
  <testcase classname="ptolemy.util.test.junit.AutoTests" name="[68] /home/travis/build/icyphy/ptII/ptolemy/domains/de/test/auto/TimeDelayZeroDelay.xml (RunModel)" time="0.01" />
  <testcase classname="ptolemy.util.test.junit.AutoTests" name="[69] /home/travis/build/icyphy/ptII/ptolemy/domains/de/test/auto/TimerZeroDelay.xml (RunModel)" time="0.009" />
  <testcase classname="ptolemy.util.test.junit.AutoTests" name="[70] /home/travis/build/icyphy/ptII/ptolemy/domains/de/test/auto/TimingParadox.xml (RunModel)" time="0.342" />
  <testcase classname="ptolemy.util.test.junit.AutoTests" name="[71] /home/travis/build/icyphy/ptII/ptolemy/domains/de/test/auto/TransferInputs.xml (RunModel)" time="0.009" />
  <testcase classname="ptolemy.util.test.junit.AutoTests" name="[72] /home/travis/build/icyphy/ptII/ptolemy/domains/de/test/auto/TransferOutputs2.xml (RunModel)" time="0.014" />
  <testcase classname="ptolemy.util.test.junit.AutoTests" name="[73] /home/travis/build/icyphy/ptII/ptolemy/domains/de/test/auto/Trilateration.xml (RunModel)" time="10.93" />
  <testcase classname="ptolemy.util.test.junit.AutoTests" name="[74] /home/travis/build/icyphy/ptII/ptolemy/domains/de/test/auto/TwoSigmaDelta.xml (RunModel)" time="1.9" />
  <testcase classname="ptolemy.util.test.junit.AutoTests" name="[75] /home/travis/build/icyphy/ptII/ptolemy/domains/de/test/auto/VariableDelay.xml (RunModel)" time="0.013" />
  <testcase classname="ptolemy.util.test.junit.AutoTests" name="[76] /home/travis/build/icyphy/ptII/ptolemy/domains/de/test/auto/VariableDelay2.xml (RunModel)" time="0.018" />
  <testcase classname="ptolemy.util.test.junit.AutoTests" name="[77] /home/travis/build/icyphy/ptII/ptolemy/domains/de/test/auto/VariableDelayZeroDelay.xml (RunModel)" time="0.012" />
  <testcase classname="ptolemy.util.test.junit.AutoTests" name="[78] /home/travis/build/icyphy/ptII/ptolemy/domains/de/test/auto/VariableDelayZeroDelay2.xml (RunModel)" time="0.01" />
  <testcase classname="ptolemy.util.test.junit.AutoTests" name="[79] /home/travis/build/icyphy/ptII/ptolemy/domains/de/test/auto/deInCt.xml (RunModel)" time="0.015" />
  <testcase classname="ptolemy.util.test.junit.AutoTests" name="[80] /home/travis/build/icyphy/ptII/ptolemy/domains/de/test/auto/deInCt2.xml (RunModel)" time="0.017" />
  <testcase classname="ptolemy.util.test.junit.AutoTests" name="[81] /home/travis/build/icyphy/ptII/ptolemy/domains/de/test/auto/dynamicCausalityInterface1.xml (RunModel)" time="0.017" />
  <testcase classname="ptolemy.util.test.junit.AutoTests" name="[82] /home/travis/build/icyphy/ptII/ptolemy/domains/de/test/auto/fsm_de_test.xml (RunModel)" time="0.031" />
  <testcase classname="ptolemy.util.test.junit.AutoTests" name="[83] /home/travis/build/icyphy/ptII/ptolemy/domains/de/test/auto/functionDependencyReconstruction.xml (RunModel)" time="0.03" />
  <testcase classname="ptolemy.util.test.junit.AutoTests" name="[84] /home/travis/build/icyphy/ptII/ptolemy/domains/de/test/auto/multirate.xml (RunModel)" time="0.019" />
  <testcase classname="ptolemy.util.test.junit.AutoTests" name="[85] /home/travis/build/icyphy/ptII/ptolemy/domains/de/test/auto/multirate2.xml (RunModel)" time="0.016" />
  <testcase classname="ptolemy.util.test.junit.AutoTests" name="[86] /home/travis/build/icyphy/ptII/ptolemy/domains/de/test/auto/realtime.xml (RunModel)" time="10.01" />
  <testcase classname="ptolemy.util.test.junit.AutoTests" name="[87] /home/travis/build/icyphy/ptII/ptolemy/domains/de/test/auto/relationGroup.xml (RunModel)" time="0.008" />
  <testcase classname="ptolemy.util.test.junit.AutoTests" name="[88] /home/travis/build/icyphy/ptII/ptolemy/domains/de/test/auto/relationGroup2.xml (RunModel)" time="0.006" />
  <testcase classname="ptolemy.util.test.junit.AutoTests" name="[89] /home/travis/build/icyphy/ptII/ptolemy/domains/de/test/auto/sortWithOpaquePorts.xml (RunModel)" time="0.008" />
  <testcase classname="ptolemy.util.test.junit.AutoTests" name="[90] /home/travis/build/icyphy/ptII/ptolemy/domains/de/test/auto/transferInputsandOutputs.xml (RunModel)" time="0.014" />
  <testcase classname="ptolemy.util.test.junit.AutoTests" name="[91] /home/travis/build/icyphy/ptII/ptolemy/domains/de/test/auto/triggerType.xml (RunModel)" time="0.007" />
  <system-out><![CDATA[/home/travis/build/icyphy/ptII/ptolemy/domains/de/test/DependencyLoop.tcl
testDefs.tcl: setting time out to 9000 seconds at Mon Sep 10 02:45:11 UTC 2018
13 ms. Memory: 116224K Free: 93849K (81%)
12 ms. Memory: 146944K Free: 135475K (92%)
/home/travis/build/icyphy/ptII/ptolemy/domains/de/test/RunDETestsAsQSS.tcl
Run the DE tests using ptolemy.domains.qss.test.QSSDirectorTest, which extends QSSDirector and prints a message in the constructors.
------------------ testing $PTII/ptolemy/domains/de/test/auto/knownFailedTests/dependencyLoop.xml (Known Failure) 
6 ms. Memory: 146944K Free: 132363K (90%)


==== $PTIIhome/travis/build/icyphy/ptII/ptolemy/domains/de/test/../../../../: Auto Automatic test in file $PTII/ptolemy/domains/de/test/auto/knownFailedTests/dependencyLoop.xml
==== Contents of test case:

	    # FIXME: we should use $relativeFilename here, but it
	    # might have backslashes under Windows, which causes no end
	    # of trouble.
	    createAndExecute $file
	    list {}
	
.... Test generated KNOWN error:
    while executing
ptolemy.kernel.util.IllegalActionException: Found a zero delay loop containing .dependencyLoop.original
  in .dependencyLoop and .dependencyLoop.original
	at ptolemy.actor.util.CausalityInterfaceForComposites._computeOutputPortDepth(CausalityInterfaceForComposites.java:759)
	at ptolemy.actor.util.CausalityInterfaceForComposites._computeInputDepth(CausalityInterfaceForComposites.java:696)
	at ptolemy.actor.util.CausalityInterfaceForComposites._computeOutputPortDepth(CausalityInterfaceForComposites.java:765)
	at ptolemy.actor.util.CausalityInterfaceForComposites._computeInputDepth(CausalityInterfaceForComposites.java:696)
	at ptolemy.actor.util.CausalityInterfaceForComposites._computeOutputPortDepth(CausalityInterfaceForComposites.java:765)
	at ptolemy.actor.util.CausalityInterfaceForComposites._computeInputDepth(CausalityInterfaceForComposites.java:696)
	at ptolemy.actor.util.CausalityInterfaceForComposites._computeActorDepth(CausalityInterfaceForComposites.java:532)
	at ptolemy.actor.util.CausalityInterfaceForComposites.checkForCycles(CausalityInterfaceForComposites.java:96)
	at ptolemy.domains.de.kernel.DEDirector.preinitialize(DEDirector.java:1338)
	at ptolemy.actor.CompositeActor.preinitialize(CompositeActor.java:1828)
	at ptolemy.actor.Manager.preinitializeAndResolveTypes(Manager.java:1040)
	at ptolemy.actor.Manager.initialize(Manager.java:710)
	at ptolemy.actor.Manager.execute(Manager.java:356)
	at ptolemy.actor.Manager.run(Manager.java:1263)
	at ptolemy.actor.Manager$PtolemyRunThread.run(Manager.java:1915)

    while executing
ptolemy.kernel.util.IllegalActionException: Found a zero delay loop containing .dependencyLoop.original
  in .dependencyLoop and .dependencyLoop.original
    while executing
"java::new ptolemy.moml.MoMLSimpleApplication $file
"
    (procedure "createAndExecute" line 2)
    invoked from within
"createAndExecute $file"
    ("uplevel" body line 5)
    invoked from within
"uplevel $contents_of_test"
------------------ testing $PTII/ptolemy/domains/de/test/auto/knownFailedTests/DESDFClockTest.xml (Known Failure) 
2057 ms. Memory: 146944K Free: 116534K (79%)


==== $PTIIhome/travis/build/icyphy/ptII/ptolemy/domains/de/test/../../../../: Auto Automatic test in file $PTII/ptolemy/domains/de/test/auto/knownFailedTests/DESDFClockTest.xml
==== Contents of test case:

	    # FIXME: we should use $relativeFilename here, but it
	    # might have backslashes under Windows, which causes no end
	    # of trouble.
	    createAndExecute $file
	    list {}
	
.... Test generated KNOWN error:
    while executing
ptolemy.kernel.util.IllegalActionException: Actor is not ready to fire.  Perhaps UpSample.prefire() returned false? Try debugging the actor by selecting "Listen to Actor".  Also, for SDF check moml for tokenConsumptionRate on input.
  in .DESDFClockTest.Play Bell.Copy1:SDF Director and .DESDFClockTest.Play Bell.UpSample
	at ptolemy.actor.sched.StaticSchedulingDirector.fire(StaticSchedulingDirector.java:227)
	at ptolemy.domains.sdf.kernel.SDFDirector.fire(SDFDirector.java:500)
	at ptolemy.actor.CompositeActor.fire(CompositeActor.java:455)
	at ptolemy.domains.de.kernel.DEDirector._fire(DEDirector.java:1949)
	at ptolemy.domains.de.kernel.DEDirector.fire(DEDirector.java:502)
	at ptolemy.actor.CompositeActor.fire(CompositeActor.java:455)
	at ptolemy.actor.Manager.iterate(Manager.java:851)
	at ptolemy.actor.Manager.execute(Manager.java:369)
	at ptolemy.actor.Manager.run(Manager.java:1263)
	at ptolemy.actor.Manager$PtolemyRunThread.run(Manager.java:1915)

    while executing
ptolemy.kernel.util.IllegalActionException: Actor is not ready to fire.  Perhaps UpSample.prefire() returned false? Try debugging the actor by selecting "Listen to Actor".  Also, for SDF check moml for tokenConsumptionRate on input.
  in .DESDFClockTest.Play Bell.Copy1:SDF Director and .DESDFClockTest.Play Bell.UpSample
    while executing
"java::new ptolemy.moml.MoMLSimpleApplication $file
"
    (procedure "createAndExecute" line 2)
    invoked from within
"createAndExecute $file"
    ("uplevel" body line 5)
    invoked from within
"uplevel $contents_of_test"
------------------ testing $PTII/ptolemy/domains/de/test/auto/knownFailedTests/FSMSource.xml (Known Failure) 
35 ms. Memory: 146944K Free: 107536K (73%)
!!!! Auto was marked as failing, but now passes
------------------ testing $PTII/ptolemy/domains/de/test/auto/knownFailedTests/dependencyLoop2.xml (Known Failure) 
10 ms. Memory: 146944K Free: 105661K (72%)


==== $PTIIhome/travis/build/icyphy/ptII/ptolemy/domains/de/test/../../../../: Auto Automatic test in file $PTII/ptolemy/domains/de/test/auto/knownFailedTests/dependencyLoop2.xml
==== Contents of test case:

	    # FIXME: we should use $relativeFilename here, but it
	    # might have backslashes under Windows, which causes no end
	    # of trouble.
	    createAndExecute $file
	    list {}
	
.... Test generated KNOWN error:
    while executing
ptolemy.kernel.util.IllegalActionException: Found a zero delay loop containing .dependencyLoop2.original
  in .dependencyLoop2 and .dependencyLoop2.original
	at ptolemy.actor.util.CausalityInterfaceForComposites._computeOutputPortDepth(CausalityInterfaceForComposites.java:759)
	at ptolemy.actor.util.CausalityInterfaceForComposites._computeInputDepth(CausalityInterfaceForComposites.java:696)
	at ptolemy.actor.util.CausalityInterfaceForComposites._computeOutputPortDepth(CausalityInterfaceForComposites.java:765)
	at ptolemy.actor.util.CausalityInterfaceForComposites._computeInputDepth(CausalityInterfaceForComposites.java:696)
	at ptolemy.actor.util.CausalityInterfaceForComposites._computeOutputPortDepth(CausalityInterfaceForComposites.java:765)
	at ptolemy.actor.util.CausalityInterfaceForComposites._computeInputDepth(CausalityInterfaceForComposites.java:696)
	at ptolemy.actor.util.CausalityInterfaceForComposites._computeActorDepth(CausalityInterfaceForComposites.java:532)
	at ptolemy.actor.util.CausalityInterfaceForComposites.checkForCycles(CausalityInterfaceForComposites.java:96)
	at ptolemy.domains.de.kernel.DEDirector.preinitialize(DEDirector.java:1338)
	at ptolemy.actor.CompositeActor.preinitialize(CompositeActor.java:1828)
	at ptolemy.actor.Manager.preinitializeAndResolveTypes(Manager.java:1040)
	at ptolemy.actor.Manager.initialize(Manager.java:710)
	at ptolemy.actor.Manager.execute(Manager.java:356)
	at ptolemy.actor.Manager.run(Manager.java:1263)
	at ptolemy.actor.Manager$PtolemyRunThread.run(Manager.java:1915)

    while executing
ptolemy.kernel.util.IllegalActionException: Found a zero delay loop containing .dependencyLoop2.original
  in .dependencyLoop2 and .dependencyLoop2.original
    while executing
"java::new ptolemy.moml.MoMLSimpleApplication $file
"
    (procedure "createAndExecute" line 2)
    invoked from within
"createAndExecute $file"
    ("uplevel" body line 5)
    invoked from within
"uplevel $contents_of_test"
------------------ testing $PTII/ptolemy/domains/de/test/auto/knownFailedTests/HierarchicalModel.xml (Known Failure) 
5 ms. Memory: 146944K Free: 85119K (58%)


==== $PTIIhome/travis/build/icyphy/ptII/ptolemy/domains/de/test/../../../../: Auto Automatic test in file $PTII/ptolemy/domains/de/test/auto/knownFailedTests/HierarchicalModel.xml
==== Contents of test case:

	    # FIXME: we should use $relativeFilename here, but it
	    # might have backslashes under Windows, which causes no end
	    # of trouble.
	    createAndExecute $file
	    list {}
	
.... Test generated KNOWN error:
    while executing
ptolemy.kernel.util.IllegalActionException: Found a zero delay loop containing .HierarchicalModel.A
  in .HierarchicalModel and .HierarchicalModel.A
	at ptolemy.actor.util.CausalityInterfaceForComposites._computeOutputPortDepth(CausalityInterfaceForComposites.java:759)
	at ptolemy.actor.util.CausalityInterfaceForComposites._computeInputDepth(CausalityInterfaceForComposites.java:696)
	at ptolemy.actor.util.CausalityInterfaceForComposites._computeOutputPortDepth(CausalityInterfaceForComposites.java:765)
	at ptolemy.actor.util.CausalityInterfaceForComposites._computeInputDepth(CausalityInterfaceForComposites.java:696)
	at ptolemy.actor.util.CausalityInterfaceForComposites._computeOutputPortDepth(CausalityInterfaceForComposites.java:765)
	at ptolemy.actor.util.CausalityInterfaceForComposites._computeInputDepth(CausalityInterfaceForComposites.java:696)
	at ptolemy.actor.util.CausalityInterfaceForComposites._computeActorDepth(CausalityInterfaceForComposites.java:532)
	at ptolemy.actor.util.CausalityInterfaceForComposites.checkForCycles(CausalityInterfaceForComposites.java:96)
	at ptolemy.domains.de.kernel.DEDirector.preinitialize(DEDirector.java:1338)
	at ptolemy.actor.CompositeActor.preinitialize(CompositeActor.java:1828)
	at ptolemy.actor.Manager.preinitializeAndResolveTypes(Manager.java:1040)
	at ptolemy.actor.Manager.initialize(Manager.java:710)
	at ptolemy.actor.Manager.execute(Manager.java:356)
	at ptolemy.actor.Manager.run(Manager.java:1263)
	at ptolemy.actor.Manager$PtolemyRunThread.run(Manager.java:1915)

    while executing
ptolemy.kernel.util.IllegalActionException: Found a zero delay loop containing .HierarchicalModel.A
  in .HierarchicalModel and .HierarchicalModel.A
    while executing
"java::new ptolemy.moml.MoMLSimpleApplication $file
"
    (procedure "createAndExecute" line 2)
    invoked from within
"createAndExecute $file"
    ("uplevel" body line 5)
    invoked from within
"uplevel $contents_of_test"
------------------ testing $PTII/ptolemy/domains/de/test/auto/knownFailedTests/DirectFeedback.xml (Known Failure) 
6 ms. Memory: 146944K Free: 141104K (96%)


==== $PTIIhome/travis/build/icyphy/ptII/ptolemy/domains/de/test/../../../../: Auto Automatic test in file $PTII/ptolemy/domains/de/test/auto/knownFailedTests/DirectFeedback.xml
==== Contents of test case:

	    # FIXME: we should use $relativeFilename here, but it
	    # might have backslashes under Windows, which causes no end
	    # of trouble.
	    createAndExecute $file
	    list {}
	
.... Test generated KNOWN error:
    while executing
ptolemy.kernel.util.IllegalActionException: Test fails in iteration 1.
Value was: 1.0. Should have been: 2.0
  in .DirectFeedback.Test
	at ptolemy.actor.lib.Test.fire(Test.java:268)
	at ptolemy.domains.de.kernel.DEDirector._fire(DEDirector.java:1949)
	at ptolemy.domains.de.kernel.DEDirector.fire(DEDirector.java:502)
	at ptolemy.actor.CompositeActor.fire(CompositeActor.java:455)
	at ptolemy.actor.Manager.iterate(Manager.java:851)
	at ptolemy.actor.Manager.execute(Manager.java:369)
	at ptolemy.actor.Manager.run(Manager.java:1263)
	at ptolemy.actor.Manager$PtolemyRunThread.run(Manager.java:1915)

    while executing
ptolemy.kernel.util.IllegalActionException: Test fails in iteration 1.
Value was: 1.0. Should have been: 2.0
  in .DirectFeedback.Test
    while executing
"java::new ptolemy.moml.MoMLSimpleApplication $file
"
    (procedure "createAndExecute" line 2)
    invoked from within
"createAndExecute $file"
    ("uplevel" body line 5)
    invoked from within
"uplevel $contents_of_test"
------------------ testing $PTII/ptolemy/domains/de/test/auto/ActorDepthCalculation_actorWithoutPorts.xml
auto.tcl: Setting watchdog for 200 seconds at Mon Sep 10 02:45:14 UTC 2018
4 ms. Memory: 146944K Free: 132370K (90%)
ptolemy.util.test.WatchDog.cancel(): canceling Mon Sep 10 02:45:14 UTC 2018
auto.tcl: Setting watchdog for 200 seconds at Mon Sep 10 02:45:14 UTC 2018
4 ms. Memory: 146944K Free: 131324K (89%)
ptolemy.util.test.WatchDog.cancel(): canceling Mon Sep 10 02:45:14 UTC 2018
------------------ testing $PTII/ptolemy/domains/de/test/auto/AssemblyLine.xml
auto.tcl: Setting watchdog for 200 seconds at Mon Sep 10 02:45:15 UTC 2018
24 ms. Memory: 208384K Free: 186336K (89%)
ptolemy.util.test.WatchDog.cancel(): canceling Mon Sep 10 02:45:15 UTC 2018
auto.tcl: Setting watchdog for 200 seconds at Mon Sep 10 02:45:15 UTC 2018
6 ms. Memory: 208384K Free: 186336K (89%)
ptolemy.util.test.WatchDog.cancel(): canceling Mon Sep 10 02:45:15 UTC 2018
------------------ testing $PTII/ptolemy/domains/de/test/auto/CQBug1.xml
auto.tcl: Setting watchdog for 200 seconds at Mon Sep 10 02:45:15 UTC 2018
12 ms. Memory: 208384K Free: 197723K (95%)
ptolemy.util.test.WatchDog.cancel(): canceling Mon Sep 10 02:45:15 UTC 2018
auto.tcl: Setting watchdog for 200 seconds at Mon Sep 10 02:45:15 UTC 2018
2 ms. Memory: 208384K Free: 197723K (95%)
ptolemy.util.test.WatchDog.cancel(): canceling Mon Sep 10 02:45:15 UTC 2018
------------------ testing $PTII/ptolemy/domains/de/test/auto/CancelFireAt.xml
auto.tcl: Setting watchdog for 200 seconds at Mon Sep 10 02:45:15 UTC 2018
5 ms. Memory: 208384K Free: 201103K (97%)
ptolemy.util.test.WatchDog.cancel(): canceling Mon Sep 10 02:45:15 UTC 2018
auto.tcl: Setting watchdog for 200 seconds at Mon Sep 10 02:45:15 UTC 2018
8 ms. Memory: 208384K Free: 199004K (95%)
ptolemy.util.test.WatchDog.cancel(): canceling Mon Sep 10 02:45:15 UTC 2018
------------------ testing $PTII/ptolemy/domains/de/test/auto/CausalityAndComposabilityAnalysis.xml
auto.tcl: Setting watchdog for 200 seconds at Mon Sep 10 02:45:15 UTC 2018
13 ms. Memory: 208384K Free: 196490K (94%)
ptolemy.util.test.WatchDog.cancel(): canceling Mon Sep 10 02:45:15 UTC 2018
auto.tcl: Setting watchdog for 200 seconds at Mon Sep 10 02:45:15 UTC 2018
11 ms. Memory: 208384K Free: 196490K (94%)
ptolemy.util.test.WatchDog.cancel(): canceling Mon Sep 10 02:45:15 UTC 2018
------------------ testing $PTII/ptolemy/domains/de/test/auto/CausalityInterface1.xml
auto.tcl: Setting watchdog for 200 seconds at Mon Sep 10 02:45:15 UTC 2018
11 ms. Memory: 208384K Free: 196406K (94%)
ptolemy.util.test.WatchDog.cancel(): canceling Mon Sep 10 02:45:15 UTC 2018
auto.tcl: Setting watchdog for 200 seconds at Mon Sep 10 02:45:15 UTC 2018
7 ms. Memory: 208384K Free: 196406K (94%)
ptolemy.util.test.WatchDog.cancel(): canceling Mon Sep 10 02:45:15 UTC 2018
------------------ testing $PTII/ptolemy/domains/de/test/auto/CausalityInterface15.xml
auto.tcl: Setting watchdog for 200 seconds at Mon Sep 10 02:45:15 UTC 2018
14 ms. Memory: 208384K Free: 196750K (94%)
ptolemy.util.test.WatchDog.cancel(): canceling Mon Sep 10 02:45:15 UTC 2018
auto.tcl: Setting watchdog for 200 seconds at Mon Sep 10 02:45:15 UTC 2018
6 ms. Memory: 208384K Free: 196412K (94%)
ptolemy.util.test.WatchDog.cancel(): canceling Mon Sep 10 02:45:15 UTC 2018
------------------ testing $PTII/ptolemy/domains/de/test/auto/CausalityInterface2.xml
auto.tcl: Setting watchdog for 200 seconds at Mon Sep 10 02:45:15 UTC 2018
7 ms. Memory: 208384K Free: 196379K (94%)
ptolemy.util.test.WatchDog.cancel(): canceling Mon Sep 10 02:45:15 UTC 2018
auto.tcl: Setting watchdog for 200 seconds at Mon Sep 10 02:45:15 UTC 2018
5 ms. Memory: 208384K Free: 196379K (94%)
ptolemy.util.test.WatchDog.cancel(): canceling Mon Sep 10 02:45:15 UTC 2018
------------------ testing $PTII/ptolemy/domains/de/test/auto/CausalityInterface3.xml
auto.tcl: Setting watchdog for 200 seconds at Mon Sep 10 02:45:15 UTC 2018
8 ms. Memory: 208384K Free: 196408K (94%)
ptolemy.util.test.WatchDog.cancel(): canceling Mon Sep 10 02:45:15 UTC 2018
auto.tcl: Setting watchdog for 200 seconds at Mon Sep 10 02:45:15 UTC 2018
3 ms. Memory: 208384K Free: 196408K (94%)
ptolemy.util.test.WatchDog.cancel(): canceling Mon Sep 10 02:45:15 UTC 2018
------------------ testing $PTII/ptolemy/domains/de/test/auto/ClockDrift.xml
auto.tcl: Setting watchdog for 200 seconds at Mon Sep 10 02:45:16 UTC 2018
83 ms. Memory: 208384K Free: 187617K (90%)
ptolemy.util.test.WatchDog.cancel(): canceling Mon Sep 10 02:45:16 UTC 2018
auto.tcl: Setting watchdog for 200 seconds at Mon Sep 10 02:45:16 UTC 2018
62 ms. Memory: 208384K Free: 185512K (89%)
ptolemy.util.test.WatchDog.cancel(): canceling Mon Sep 10 02:45:16 UTC 2018
------------------ testing $PTII/ptolemy/domains/de/test/auto/ClockDriftAndValueChange.xml
auto.tcl: Setting watchdog for 200 seconds at Mon Sep 10 02:45:16 UTC 2018
24 ms. Memory: 208384K Free: 187453K (90%)
ptolemy.util.test.WatchDog.cancel(): canceling Mon Sep 10 02:45:16 UTC 2018
auto.tcl: Setting watchdog for 200 seconds at Mon Sep 10 02:45:16 UTC 2018
27 ms. Memory: 208384K Free: 185348K (89%)
ptolemy.util.test.WatchDog.cancel(): canceling Mon Sep 10 02:45:16 UTC 2018
------------------ testing $PTII/ptolemy/domains/de/test/auto/ClockDriftChange.xml
auto.tcl: Setting watchdog for 200 seconds at Mon Sep 10 02:45:16 UTC 2018
40 ms. Memory: 208384K Free: 190812K (92%)
ptolemy.util.test.WatchDog.cancel(): canceling Mon Sep 10 02:45:16 UTC 2018
auto.tcl: Setting watchdog for 200 seconds at Mon Sep 10 02:45:16 UTC 2018
28 ms. Memory: 208384K Free: 188715K (91%)
ptolemy.util.test.WatchDog.cancel(): canceling Mon Sep 10 02:45:16 UTC 2018
------------------ testing $PTII/ptolemy/domains/de/test/auto/ComposableCausalityAnalysis.xml
auto.tcl: Setting watchdog for 200 seconds at Mon Sep 10 02:45:16 UTC 2018
2 ms. Memory: 208384K Free: 196609K (94%)
ptolemy.util.test.WatchDog.cancel(): canceling Mon Sep 10 02:45:16 UTC 2018
auto.tcl: Setting watchdog for 200 seconds at Mon Sep 10 02:45:16 UTC 2018
2 ms. Memory: 208384K Free: 194496K (93%)
ptolemy.util.test.WatchDog.cancel(): canceling Mon Sep 10 02:45:16 UTC 2018
------------------ testing $PTII/ptolemy/domains/de/test/auto/DEFixedPointLimitation.xml
auto.tcl: Setting watchdog for 200 seconds at Mon Sep 10 02:45:16 UTC 2018
9 ms. Memory: 208384K Free: 196336K (94%)
ptolemy.util.test.WatchDog.cancel(): canceling Mon Sep 10 02:45:16 UTC 2018
auto.tcl: Setting watchdog for 200 seconds at Mon Sep 10 02:45:16 UTC 2018
1 ms. Memory: 208384K Free: 196336K (94%)
ptolemy.util.test.WatchDog.cancel(): canceling Mon Sep 10 02:45:16 UTC 2018
------------------ testing $PTII/ptolemy/domains/de/test/auto/DEScheduleTest.xml
auto.tcl: Setting watchdog for 200 seconds at Mon Sep 10 02:45:16 UTC 2018
5 ms. Memory: 208384K Free: 198484K (95%)
ptolemy.util.test.WatchDog.cancel(): canceling Mon Sep 10 02:45:16 UTC 2018
auto.tcl: Setting watchdog for 200 seconds at Mon Sep 10 02:45:16 UTC 2018
5 ms. Memory: 208384K Free: 196371K (94%)
ptolemy.util.test.WatchDog.cancel(): canceling Mon Sep 10 02:45:16 UTC 2018
------------------ testing $PTII/ptolemy/domains/de/test/auto/DEinDEwithStartTimes.xml
auto.tcl: Setting watchdog for 200 seconds at Mon Sep 10 02:45:16 UTC 2018
3 ms. Memory: 208384K Free: 196349K (94%)
ptolemy.util.test.WatchDog.cancel(): canceling Mon Sep 10 02:45:16 UTC 2018
auto.tcl: Setting watchdog for 200 seconds at Mon Sep 10 02:45:16 UTC 2018
3 ms. Memory: 208384K Free: 194236K (93%)
ptolemy.util.test.WatchDog.cancel(): canceling Mon Sep 10 02:45:16 UTC 2018
------------------ testing $PTII/ptolemy/domains/de/test/auto/DEinDEwithStartTimes2.xml
auto.tcl: Setting watchdog for 200 seconds at Mon Sep 10 02:45:16 UTC 2018
8 ms. Memory: 208384K Free: 196344K (94%)
ptolemy.util.test.WatchDog.cancel(): canceling Mon Sep 10 02:45:16 UTC 2018
auto.tcl: Setting watchdog for 200 seconds at Mon Sep 10 02:45:16 UTC 2018
4 ms. Memory: 208384K Free: 194239K (93%)
ptolemy.util.test.WatchDog.cancel(): canceling Mon Sep 10 02:45:16 UTC 2018
------------------ testing $PTII/ptolemy/domains/de/test/auto/DateDemo.xml
auto.tcl: Setting watchdog for 200 seconds at Mon Sep 10 02:45:17 UTC 2018
14 ms. Memory: 208384K Free: 188750K (91%)
ptolemy.util.test.WatchDog.cancel(): canceling Mon Sep 10 02:45:17 UTC 2018
auto.tcl: Setting watchdog for 200 seconds at Mon Sep 10 02:45:17 UTC 2018
6 ms. Memory: 208384K Free: 186653K (90%)
ptolemy.util.test.WatchDog.cancel(): canceling Mon Sep 10 02:45:17 UTC 2018
------------------ testing $PTII/ptolemy/domains/de/test/auto/DateToEvent.xml
auto.tcl: Setting watchdog for 200 seconds at Mon Sep 10 02:45:17 UTC 2018
2030 ms. Memory: 208384K Free: 183457K (88%)
ptolemy.util.test.WatchDog.cancel(): canceling Mon Sep 10 02:45:19 UTC 2018
auto.tcl: Setting watchdog for 200 seconds at Mon Sep 10 02:45:19 UTC 2018
2004 ms. Memory: 208384K Free: 181000K (87%)
ptolemy.util.test.WatchDog.cancel(): canceling Mon Sep 10 02:45:21 UTC 2018
------------------ testing $PTII/ptolemy/domains/de/test/auto/DepthTest1.xml
auto.tcl: Setting watchdog for 200 seconds at Mon Sep 10 02:45:21 UTC 2018
2 ms. Memory: 208384K Free: 198011K (95%)
ptolemy.util.test.WatchDog.cancel(): canceling Mon Sep 10 02:45:21 UTC 2018
auto.tcl: Setting watchdog for 200 seconds at Mon Sep 10 02:45:21 UTC 2018
0 ms. Memory: 208384K Free: 198011K (95%)
ptolemy.util.test.WatchDog.cancel(): canceling Mon Sep 10 02:45:21 UTC 2018
------------------ testing $PTII/ptolemy/domains/de/test/auto/DepthTest2.xml
auto.tcl: Setting watchdog for 200 seconds at Mon Sep 10 02:45:21 UTC 2018
6 ms. Memory: 208384K Free: 194219K (93%)
ptolemy.util.test.WatchDog.cancel(): canceling Mon Sep 10 02:45:21 UTC 2018
auto.tcl: Setting watchdog for 200 seconds at Mon Sep 10 02:45:21 UTC 2018
3 ms. Memory: 208384K Free: 194219K (93%)
ptolemy.util.test.WatchDog.cancel(): canceling Mon Sep 10 02:45:21 UTC 2018
------------------ testing $PTII/ptolemy/domains/de/test/auto/DepthTest3.xml
auto.tcl: Setting watchdog for 200 seconds at Mon Sep 10 02:45:21 UTC 2018
2 ms. Memory: 208384K Free: 198684K (95%)
ptolemy.util.test.WatchDog.cancel(): canceling Mon Sep 10 02:45:21 UTC 2018
auto.tcl: Setting watchdog for 200 seconds at Mon Sep 10 02:45:21 UTC 2018
5 ms. Memory: 208384K Free: 198347K (95%)
ptolemy.util.test.WatchDog.cancel(): canceling Mon Sep 10 02:45:21 UTC 2018
------------------ testing $PTII/ptolemy/domains/de/test/auto/DepthTest4.xml
auto.tcl: Setting watchdog for 200 seconds at Mon Sep 10 02:45:21 UTC 2018
3 ms. Memory: 208384K Free: 196337K (94%)
ptolemy.util.test.WatchDog.cancel(): canceling Mon Sep 10 02:45:21 UTC 2018
auto.tcl: Setting watchdog for 200 seconds at Mon Sep 10 02:45:21 UTC 2018
2 ms. Memory: 208384K Free: 196337K (94%)
ptolemy.util.test.WatchDog.cancel(): canceling Mon Sep 10 02:45:21 UTC 2018
------------------ testing $PTII/ptolemy/domains/de/test/auto/DepthTest5.xml
auto.tcl: Setting watchdog for 200 seconds at Mon Sep 10 02:45:21 UTC 2018
3 ms. Memory: 208384K Free: 196292K (94%)
ptolemy.util.test.WatchDog.cancel(): canceling Mon Sep 10 02:45:21 UTC 2018
auto.tcl: Setting watchdog for 200 seconds at Mon Sep 10 02:45:21 UTC 2018
2 ms. Memory: 208384K Free: 196292K (94%)
ptolemy.util.test.WatchDog.cancel(): canceling Mon Sep 10 02:45:21 UTC 2018
------------------ testing $PTII/ptolemy/domains/de/test/auto/DepthTest6.xml
auto.tcl: Setting watchdog for 200 seconds at Mon Sep 10 02:45:21 UTC 2018
6 ms. Memory: 208384K Free: 196268K (94%)
ptolemy.util.test.WatchDog.cancel(): canceling Mon Sep 10 02:45:21 UTC 2018
auto.tcl: Setting watchdog for 200 seconds at Mon Sep 10 02:45:21 UTC 2018
2 ms. Memory: 208384K Free: 196268K (94%)
ptolemy.util.test.WatchDog.cancel(): canceling Mon Sep 10 02:45:21 UTC 2018
------------------ testing $PTII/ptolemy/domains/de/test/auto/DepthTest7.xml
auto.tcl: Setting watchdog for 200 seconds at Mon Sep 10 02:45:21 UTC 2018
3 ms. Memory: 208384K Free: 196241K (94%)
ptolemy.util.test.WatchDog.cancel(): canceling Mon Sep 10 02:45:21 UTC 2018
auto.tcl: Setting watchdog for 200 seconds at Mon Sep 10 02:45:21 UTC 2018
2 ms. Memory: 208384K Free: 196241K (94%)
ptolemy.util.test.WatchDog.cancel(): canceling Mon Sep 10 02:45:21 UTC 2018
------------------ testing $PTII/ptolemy/domains/de/test/auto/EventToDate.xml
auto.tcl: Setting watchdog for 200 seconds at Mon Sep 10 02:45:21 UTC 2018
3005 ms. Memory: 208384K Free: 185746K (89%)
ptolemy.util.test.WatchDog.cancel(): canceling Mon Sep 10 02:45:24 UTC 2018
auto.tcl: Setting watchdog for 200 seconds at Mon Sep 10 02:45:24 UTC 2018
3004 ms. Memory: 208384K Free: 185746K (89%)
ptolemy.util.test.WatchDog.cancel(): canceling Mon Sep 10 02:45:27 UTC 2018
------------------ testing $PTII/ptolemy/domains/de/test/auto/FSM1.xml
auto.tcl: Setting watchdog for 200 seconds at Mon Sep 10 02:45:27 UTC 2018
32 ms. Memory: 208384K Free: 189259K (91%)
ptolemy.util.test.WatchDog.cancel(): canceling Mon Sep 10 02:45:28 UTC 2018
auto.tcl: Setting watchdog for 200 seconds at Mon Sep 10 02:45:28 UTC 2018
22 ms. Memory: 208384K Free: 185049K (89%)
ptolemy.util.test.WatchDog.cancel(): canceling Mon Sep 10 02:45:28 UTC 2018
------------------ testing $PTII/ptolemy/domains/de/test/auto/FSM7.xml
auto.tcl: Setting watchdog for 200 seconds at Mon Sep 10 02:45:28 UTC 2018
23 ms. Memory: 208384K Free: 187373K (90%)
ptolemy.util.test.WatchDog.cancel(): canceling Mon Sep 10 02:45:28 UTC 2018
auto.tcl: Setting watchdog for 200 seconds at Mon Sep 10 02:45:28 UTC 2018
21 ms. Memory: 208384K Free: 185260K (89%)
ptolemy.util.test.WatchDog.cancel(): canceling Mon Sep 10 02:45:28 UTC 2018
------------------ testing $PTII/ptolemy/domains/de/test/auto/Inspection.xml
auto.tcl: Setting watchdog for 200 seconds at Mon Sep 10 02:45:28 UTC 2018
40 ms. Memory: 208384K Free: 188714K (91%)
ptolemy.util.test.WatchDog.cancel(): canceling Mon Sep 10 02:45:28 UTC 2018
auto.tcl: Setting watchdog for 200 seconds at Mon Sep 10 02:45:28 UTC 2018
30 ms. Memory: 208384K Free: 186601K (90%)
ptolemy.util.test.WatchDog.cancel(): canceling Mon Sep 10 02:45:28 UTC 2018
------------------ testing $PTII/ptolemy/domains/de/test/auto/Iteration.xml
auto.tcl: Setting watchdog for 200 seconds at Mon Sep 10 02:45:28 UTC 2018
16 ms. Memory: 208384K Free: 195836K (94%)
ptolemy.util.test.WatchDog.cancel(): canceling Mon Sep 10 02:45:28 UTC 2018
auto.tcl: Setting watchdog for 200 seconds at Mon Sep 10 02:45:28 UTC 2018
8 ms. Memory: 208384K Free: 193731K (93%)
ptolemy.util.test.WatchDog.cancel(): canceling Mon Sep 10 02:45:28 UTC 2018
------------------ testing $PTII/ptolemy/domains/de/test/auto/LineFault.xml
auto.tcl: Setting watchdog for 200 seconds at Mon Sep 10 02:45:28 UTC 2018
659 ms. Memory: 208384K Free: 196074K (94%)
ptolemy.util.test.WatchDog.cancel(): canceling Mon Sep 10 02:45:29 UTC 2018
auto.tcl: Setting watchdog for 200 seconds at Mon Sep 10 02:45:29 UTC 2018
599 ms. Memory: 208384K Free: 138719K (67%)
ptolemy.util.test.WatchDog.cancel(): canceling Mon Sep 10 02:45:29 UTC 2018
------------------ testing $PTII/ptolemy/domains/de/test/auto/MergeModel1Add.xml
auto.tcl: Setting watchdog for 200 seconds at Mon Sep 10 02:45:30 UTC 2018
22 ms. Memory: 331264K Free: 298646K (90%)
ptolemy.util.test.WatchDog.cancel(): canceling Mon Sep 10 02:45:30 UTC 2018
auto.tcl: Setting watchdog for 200 seconds at Mon Sep 10 02:45:30 UTC 2018
9 ms. Memory: 331264K Free: 298646K (90%)
ptolemy.util.test.WatchDog.cancel(): canceling Mon Sep 10 02:45:30 UTC 2018
------------------ testing $PTII/ptolemy/domains/de/test/auto/MergeModel2Add.xml
auto.tcl: Setting watchdog for 200 seconds at Mon Sep 10 02:45:30 UTC 2018
12 ms. Memory: 331264K Free: 303936K (92%)
ptolemy.util.test.WatchDog.cancel(): canceling Mon Sep 10 02:45:30 UTC 2018
auto.tcl: Setting watchdog for 200 seconds at Mon Sep 10 02:45:30 UTC 2018
15 ms. Memory: 331264K Free: 299976K (91%)
ptolemy.util.test.WatchDog.cancel(): canceling Mon Sep 10 02:45:30 UTC 2018
------------------ testing $PTII/ptolemy/domains/de/test/auto/MergeModel3Add.xml
auto.tcl: Setting watchdog for 200 seconds at Mon Sep 10 02:45:30 UTC 2018
14 ms. Memory: 331264K Free: 303938K (92%)
ptolemy.util.test.WatchDog.cancel(): canceling Mon Sep 10 02:45:30 UTC 2018
auto.tcl: Setting watchdog for 200 seconds at Mon Sep 10 02:45:30 UTC 2018
8 ms. Memory: 331264K Free: 299994K (91%)
ptolemy.util.test.WatchDog.cancel(): canceling Mon Sep 10 02:45:30 UTC 2018
------------------ testing $PTII/ptolemy/domains/de/test/auto/MergeWithoutDiscard.xml
auto.tcl: Setting watchdog for 200 seconds at Mon Sep 10 02:45:30 UTC 2018
2 ms. Memory: 331264K Free: 320028K (97%)
ptolemy.util.test.WatchDog.cancel(): canceling Mon Sep 10 02:45:30 UTC 2018
auto.tcl: Setting watchdog for 200 seconds at Mon Sep 10 02:45:30 UTC 2018
1 ms. Memory: 331264K Free: 316085K (95%)
ptolemy.util.test.WatchDog.cancel(): canceling Mon Sep 10 02:45:30 UTC 2018
------------------ testing $PTII/ptolemy/domains/de/test/auto/Modal1.xml
auto.tcl: Setting watchdog for 200 seconds at Mon Sep 10 02:45:30 UTC 2018
21 ms. Memory: 331264K Free: 309680K (93%)
ptolemy.util.test.WatchDog.cancel(): canceling Mon Sep 10 02:45:30 UTC 2018
auto.tcl: Setting watchdog for 200 seconds at Mon Sep 10 02:45:30 UTC 2018
25 ms. Memory: 331264K Free: 305735K (92%)
ptolemy.util.test.WatchDog.cancel(): canceling Mon Sep 10 02:45:30 UTC 2018
------------------ testing $PTII/ptolemy/domains/de/test/auto/Modal2.xml
auto.tcl: Setting watchdog for 200 seconds at Mon Sep 10 02:45:30 UTC 2018
15 ms. Memory: 331264K Free: 309569K (93%)
ptolemy.util.test.WatchDog.cancel(): canceling Mon Sep 10 02:45:30 UTC 2018
auto.tcl: Setting watchdog for 200 seconds at Mon Sep 10 02:45:30 UTC 2018
17 ms. Memory: 331264K Free: 305625K (92%)
ptolemy.util.test.WatchDog.cancel(): canceling Mon Sep 10 02:45:30 UTC 2018
------------------ testing $PTII/ptolemy/domains/de/test/auto/Modal3.xml
auto.tcl: Setting watchdog for 200 seconds at Mon Sep 10 02:45:30 UTC 2018
9 ms. Memory: 331264K Free: 309820K (94%)
ptolemy.util.test.WatchDog.cancel(): canceling Mon Sep 10 02:45:30 UTC 2018
auto.tcl: Setting watchdog for 200 seconds at Mon Sep 10 02:45:30 UTC 2018
9 ms. Memory: 331264K Free: 305575K (92%)
ptolemy.util.test.WatchDog.cancel(): canceling Mon Sep 10 02:45:30 UTC 2018
------------------ testing $PTII/ptolemy/domains/de/test/auto/Modal4.xml
auto.tcl: Setting watchdog for 200 seconds at Mon Sep 10 02:45:30 UTC 2018
11 ms. Memory: 331264K Free: 309580K (93%)
ptolemy.util.test.WatchDog.cancel(): canceling Mon Sep 10 02:45:30 UTC 2018
auto.tcl: Setting watchdog for 200 seconds at Mon Sep 10 02:45:30 UTC 2018
15 ms. Memory: 331264K Free: 305636K (92%)
ptolemy.util.test.WatchDog.cancel(): canceling Mon Sep 10 02:45:30 UTC 2018
------------------ testing $PTII/ptolemy/domains/de/test/auto/Modal5.xml
auto.tcl: Setting watchdog for 200 seconds at Mon Sep 10 02:45:30 UTC 2018
16 ms. Memory: 331264K Free: 304652K (92%)
ptolemy.util.test.WatchDog.cancel(): canceling Mon Sep 10 02:45:31 UTC 2018
auto.tcl: Setting watchdog for 200 seconds at Mon Sep 10 02:45:31 UTC 2018
12 ms. Memory: 331264K Free: 300693K (91%)
ptolemy.util.test.WatchDog.cancel(): canceling Mon Sep 10 02:45:31 UTC 2018
------------------ testing $PTII/ptolemy/domains/de/test/auto/Modal6.xml
auto.tcl: Setting watchdog for 200 seconds at Mon Sep 10 02:45:31 UTC 2018
11 ms. Memory: 331264K Free: 309549K (93%)
ptolemy.util.test.WatchDog.cancel(): canceling Mon Sep 10 02:45:31 UTC 2018
auto.tcl: Setting watchdog for 200 seconds at Mon Sep 10 02:45:31 UTC 2018
12 ms. Memory: 331264K Free: 305605K (92%)
ptolemy.util.test.WatchDog.cancel(): canceling Mon Sep 10 02:45:31 UTC 2018
------------------ testing $PTII/ptolemy/domains/de/test/auto/Modal7.xml
auto.tcl: Setting watchdog for 200 seconds at Mon Sep 10 02:45:31 UTC 2018
9 ms. Memory: 331264K Free: 309541K (93%)
ptolemy.util.test.WatchDog.cancel(): canceling Mon Sep 10 02:45:31 UTC 2018
auto.tcl: Setting watchdog for 200 seconds at Mon Sep 10 02:45:31 UTC 2018
9 ms. Memory: 331264K Free: 305597K (92%)
ptolemy.util.test.WatchDog.cancel(): canceling Mon Sep 10 02:45:31 UTC 2018
------------------ testing $PTII/ptolemy/domains/de/test/auto/ModalModel.xml
auto.tcl: Setting watchdog for 200 seconds at Mon Sep 10 02:45:31 UTC 2018
157 ms. Memory: 331264K Free: 245787K (74%)
ptolemy.util.test.WatchDog.cancel(): canceling Mon Sep 10 02:45:31 UTC 2018
auto.tcl: Setting watchdog for 200 seconds at Mon Sep 10 02:45:31 UTC 2018
175 ms. Memory: 331264K Free: 190412K (57%)
ptolemy.util.test.WatchDog.cancel(): canceling Mon Sep 10 02:45:31 UTC 2018
------------------ testing $PTII/ptolemy/domains/de/test/auto/ModalSource.xml
auto.tcl: Setting watchdog for 200 seconds at Mon Sep 10 02:45:31 UTC 2018
5 ms. Memory: 331264K Free: 316518K (96%)
ptolemy.util.test.WatchDog.cancel(): canceling Mon Sep 10 02:45:31 UTC 2018
auto.tcl: Setting watchdog for 200 seconds at Mon Sep 10 02:45:31 UTC 2018
5 ms. Memory: 331264K Free: 312990K (94%)
ptolemy.util.test.WatchDog.cancel(): canceling Mon Sep 10 02:45:31 UTC 2018
------------------ testing $PTII/ptolemy/domains/de/test/auto/NonInterruptibleTimerZeroDelay.xml
auto.tcl: Setting watchdog for 200 seconds at Mon Sep 10 02:45:31 UTC 2018
3 ms. Memory: 331264K Free: 320698K (97%)
ptolemy.util.test.WatchDog.cancel(): canceling Mon Sep 10 02:45:31 UTC 2018
auto.tcl: Setting watchdog for 200 seconds at Mon Sep 10 02:45:31 UTC 2018
3 ms. Memory: 331264K Free: 317179K (96%)
ptolemy.util.test.WatchDog.cancel(): canceling Mon Sep 10 02:45:31 UTC 2018
------------------ testing $PTII/ptolemy/domains/de/test/auto/OpenQueueingNetwork.xml
auto.tcl: Setting watchdog for 200 seconds at Mon Sep 10 02:45:31 UTC 2018
2785 ms. Memory: 317952K Free: 165116K (52%)
ptolemy.util.test.WatchDog.cancel(): canceling Mon Sep 10 02:45:34 UTC 2018
auto.tcl: Setting watchdog for 200 seconds at Mon Sep 10 02:45:34 UTC 2018
2244 ms. Memory: 287232K Free: 248836K (87%)
ptolemy.util.test.WatchDog.cancel(): canceling Mon Sep 10 02:45:37 UTC 2018
------------------ testing $PTII/ptolemy/domains/de/test/auto/OpenQueuingNetwork.xml
auto.tcl: Setting watchdog for 200 seconds at Mon Sep 10 02:45:37 UTC 2018
244 ms. Memory: 287232K Free: 187221K (65%)
ptolemy.util.test.WatchDog.cancel(): canceling Mon Sep 10 02:45:37 UTC 2018
auto.tcl: Setting watchdog for 200 seconds at Mon Sep 10 02:45:37 UTC 2018
213 ms. Memory: 287232K Free: 129722K (45%)
ptolemy.util.test.WatchDog.cancel(): canceling Mon Sep 10 02:45:37 UTC 2018
------------------ testing $PTII/ptolemy/domains/de/test/auto/PeriodicSampler.xml
auto.tcl: Setting watchdog for 200 seconds at Mon Sep 10 02:45:37 UTC 2018
3 ms. Memory: 289792K Free: 274645K (95%)
ptolemy.util.test.WatchDog.cancel(): canceling Mon Sep 10 02:45:37 UTC 2018
auto.tcl: Setting watchdog for 200 seconds at Mon Sep 10 02:45:37 UTC 2018
2 ms. Memory: 289792K Free: 274645K (95%)
ptolemy.util.test.WatchDog.cancel(): canceling Mon Sep 10 02:45:37 UTC 2018
------------------ testing $PTII/ptolemy/domains/de/test/auto/PersistentIO.xml
auto.tcl: Setting watchdog for 200 seconds at Mon Sep 10 02:45:37 UTC 2018
14 ms. Memory: 287232K Free: 266888K (93%)
ptolemy.util.test.WatchDog.cancel(): canceling Mon Sep 10 02:45:37 UTC 2018
auto.tcl: Setting watchdog for 200 seconds at Mon Sep 10 02:45:37 UTC 2018
3 ms. Memory: 287232K Free: 266888K (93%)
ptolemy.util.test.WatchDog.cancel(): canceling Mon Sep 10 02:45:37 UTC 2018
------------------ testing $PTII/ptolemy/domains/de/test/auto/PortParameterResetOnInitialize.xml
auto.tcl: Setting watchdog for 200 seconds at Mon Sep 10 02:45:37 UTC 2018
2 ms. Memory: 289280K Free: 274593K (95%)
ptolemy.util.test.WatchDog.cancel(): canceling Mon Sep 10 02:45:37 UTC 2018
auto.tcl: Setting watchdog for 200 seconds at Mon Sep 10 02:45:37 UTC 2018
1 ms. Memory: 289280K Free: 274593K (95%)
ptolemy.util.test.WatchDog.cancel(): canceling Mon Sep 10 02:45:37 UTC 2018
------------------ testing $PTII/ptolemy/domains/de/test/auto/PortParameterUpdates.xml
auto.tcl: Setting watchdog for 200 seconds at Mon Sep 10 02:45:37 UTC 2018
5 ms. Memory: 287232K Free: 274737K (96%)
ptolemy.util.test.WatchDog.cancel(): canceling Mon Sep 10 02:45:37 UTC 2018
auto.tcl: Setting watchdog for 200 seconds at Mon Sep 10 02:45:37 UTC 2018
3 ms. Memory: 287232K Free: 271831K (95%)
ptolemy.util.test.WatchDog.cancel(): canceling Mon Sep 10 02:45:37 UTC 2018
------------------ testing $PTII/ptolemy/domains/de/test/auto/QueueAndServer.xml
auto.tcl: Setting watchdog for 200 seconds at Mon Sep 10 02:45:37 UTC 2018
17 ms. Memory: 289280K Free: 271691K (94%)
ptolemy.util.test.WatchDog.cancel(): canceling Mon Sep 10 02:45:38 UTC 2018
auto.tcl: Setting watchdog for 200 seconds at Mon Sep 10 02:45:38 UTC 2018
5 ms. Memory: 289280K Free: 271691K (94%)
ptolemy.util.test.WatchDog.cancel(): canceling Mon Sep 10 02:45:38 UTC 2018
------------------ testing $PTII/ptolemy/domains/de/test/auto/Records.xml
auto.tcl: Setting watchdog for 200 seconds at Mon Sep 10 02:45:38 UTC 2018
4 ms. Memory: 287232K Free: 274542K (96%)
ptolemy.util.test.WatchDog.cancel(): canceling Mon Sep 10 02:45:38 UTC 2018
auto.tcl: Setting watchdog for 200 seconds at Mon Sep 10 02:45:38 UTC 2018
2 ms. Memory: 287232K Free: 274542K (96%)
ptolemy.util.test.WatchDog.cancel(): canceling Mon Sep 10 02:45:38 UTC 2018
------------------ testing $PTII/ptolemy/domains/de/test/auto/ResetTransitionWithStartTime1.xml
auto.tcl: Setting watchdog for 200 seconds at Mon Sep 10 02:45:38 UTC 2018
6 ms. Memory: 288768K Free: 273206K (95%)
ptolemy.util.test.WatchDog.cancel(): canceling Mon Sep 10 02:45:38 UTC 2018
auto.tcl: Setting watchdog for 200 seconds at Mon Sep 10 02:45:38 UTC 2018
5 ms. Memory: 288768K Free: 270292K (94%)
ptolemy.util.test.WatchDog.cancel(): canceling Mon Sep 10 02:45:38 UTC 2018
------------------ testing $PTII/ptolemy/domains/de/test/auto/ResetTransitionWithStartTime2.xml
auto.tcl: Setting watchdog for 200 seconds at Mon Sep 10 02:45:38 UTC 2018
7 ms. Memory: 287232K Free: 271754K (95%)
ptolemy.util.test.WatchDog.cancel(): canceling Mon Sep 10 02:45:38 UTC 2018
auto.tcl: Setting watchdog for 200 seconds at Mon Sep 10 02:45:38 UTC 2018
6 ms. Memory: 287232K Free: 268840K (94%)
ptolemy.util.test.WatchDog.cancel(): canceling Mon Sep 10 02:45:38 UTC 2018
------------------ testing $PTII/ptolemy/domains/de/test/auto/ResetTransitionWithStartTime3.xml
auto.tcl: Setting watchdog for 200 seconds at Mon Sep 10 02:45:38 UTC 2018
4 ms. Memory: 288768K Free: 273196K (95%)
ptolemy.util.test.WatchDog.cancel(): canceling Mon Sep 10 02:45:38 UTC 2018
auto.tcl: Setting watchdog for 200 seconds at Mon Sep 10 02:45:38 UTC 2018
5 ms. Memory: 288768K Free: 270289K (94%)
ptolemy.util.test.WatchDog.cancel(): canceling Mon Sep 10 02:45:38 UTC 2018
------------------ testing $PTII/ptolemy/domains/de/test/auto/ResetTransitionWithStartTime4.xml
auto.tcl: Setting watchdog for 200 seconds at Mon Sep 10 02:45:38 UTC 2018
3 ms. Memory: 287232K Free: 271674K (95%)
ptolemy.util.test.WatchDog.cancel(): canceling Mon Sep 10 02:45:38 UTC 2018
auto.tcl: Setting watchdog for 200 seconds at Mon Sep 10 02:45:38 UTC 2018
3 ms. Memory: 287232K Free: 271674K (95%)
ptolemy.util.test.WatchDog.cancel(): canceling Mon Sep 10 02:45:38 UTC 2018
------------------ testing $PTII/ptolemy/domains/de/test/auto/ResettableTimer1.xml
auto.tcl: Setting watchdog for 200 seconds at Mon Sep 10 02:45:38 UTC 2018
3 ms. Memory: 288768K Free: 276104K (96%)
ptolemy.util.test.WatchDog.cancel(): canceling Mon Sep 10 02:45:38 UTC 2018
auto.tcl: Setting watchdog for 200 seconds at Mon Sep 10 02:45:38 UTC 2018
2 ms. Memory: 288768K Free: 276104K (96%)
ptolemy.util.test.WatchDog.cancel(): canceling Mon Sep 10 02:45:38 UTC 2018
------------------ testing $PTII/ptolemy/domains/de/test/auto/ResettableTimer2.xml
auto.tcl: Setting watchdog for 200 seconds at Mon Sep 10 02:45:38 UTC 2018
2 ms. Memory: 287232K Free: 274711K (96%)
ptolemy.util.test.WatchDog.cancel(): canceling Mon Sep 10 02:45:38 UTC 2018
auto.tcl: Setting watchdog for 200 seconds at Mon Sep 10 02:45:38 UTC 2018
2 ms. Memory: 287232K Free: 274711K (96%)
ptolemy.util.test.WatchDog.cancel(): canceling Mon Sep 10 02:45:38 UTC 2018
------------------ testing $PTII/ptolemy/domains/de/test/auto/ResettableTimer3.xml
auto.tcl: Setting watchdog for 200 seconds at Mon Sep 10 02:45:38 UTC 2018
1 ms. Memory: 288256K Free: 275634K (96%)
ptolemy.util.test.WatchDog.cancel(): canceling Mon Sep 10 02:45:38 UTC 2018
auto.tcl: Setting watchdog for 200 seconds at Mon Sep 10 02:45:38 UTC 2018
1 ms. Memory: 288256K Free: 275634K (96%)
ptolemy.util.test.WatchDog.cancel(): canceling Mon Sep 10 02:45:38 UTC 2018
------------------ testing $PTII/ptolemy/domains/de/test/auto/ResettableTimer4.xml
auto.tcl: Setting watchdog for 200 seconds at Mon Sep 10 02:45:38 UTC 2018
1 ms. Memory: 287232K Free: 274724K (96%)
ptolemy.util.test.WatchDog.cancel(): canceling Mon Sep 10 02:45:38 UTC 2018
auto.tcl: Setting watchdog for 200 seconds at Mon Sep 10 02:45:38 UTC 2018
1 ms. Memory: 287232K Free: 274724K (96%)
ptolemy.util.test.WatchDog.cancel(): canceling Mon Sep 10 02:45:38 UTC 2018
------------------ testing $PTII/ptolemy/domains/de/test/auto/ResettableTimer5.xml
auto.tcl: Setting watchdog for 200 seconds at Mon Sep 10 02:45:38 UTC 2018
2 ms. Memory: 288256K Free: 273587K (95%)
ptolemy.util.test.WatchDog.cancel(): canceling Mon Sep 10 02:45:38 UTC 2018
auto.tcl: Setting watchdog for 200 seconds at Mon Sep 10 02:45:38 UTC 2018
1 ms. Memory: 288256K Free: 273587K (95%)
ptolemy.util.test.WatchDog.cancel(): canceling Mon Sep 10 02:45:38 UTC 2018
------------------ testing $PTII/ptolemy/domains/de/test/auto/ResettableTimer6.xml
auto.tcl: Setting watchdog for 200 seconds at Mon Sep 10 02:45:38 UTC 2018
3 ms. Memory: 287232K Free: 274570K (96%)
ptolemy.util.test.WatchDog.cancel(): canceling Mon Sep 10 02:45:38 UTC 2018
auto.tcl: Setting watchdog for 200 seconds at Mon Sep 10 02:45:38 UTC 2018
1 ms. Memory: 287232K Free: 274570K (96%)
ptolemy.util.test.WatchDog.cancel(): canceling Mon Sep 10 02:45:38 UTC 2018
------------------ testing $PTII/ptolemy/domains/de/test/auto/ServerZeroDelay.xml
auto.tcl: Setting watchdog for 200 seconds at Mon Sep 10 02:45:38 UTC 2018
2 ms. Memory: 288256K Free: 275686K (96%)
ptolemy.util.test.WatchDog.cancel(): canceling Mon Sep 10 02:45:38 UTC 2018
auto.tcl: Setting watchdog for 200 seconds at Mon Sep 10 02:45:38 UTC 2018
3 ms. Memory: 288256K Free: 275686K (96%)
ptolemy.util.test.WatchDog.cancel(): canceling Mon Sep 10 02:45:38 UTC 2018
------------------ testing $PTII/ptolemy/domains/de/test/auto/SmartSender.xml
auto.tcl: Setting watchdog for 200 seconds at Mon Sep 10 02:45:38 UTC 2018
3002 ms. Memory: 287232K Free: 274657K (96%)
ptolemy.util.test.WatchDog.cancel(): canceling Mon Sep 10 02:45:41 UTC 2018
auto.tcl: Setting watchdog for 200 seconds at Mon Sep 10 02:45:41 UTC 2018
3003 ms. Memory: 287232K Free: 274657K (96%)
ptolemy.util.test.WatchDog.cancel(): canceling Mon Sep 10 02:45:44 UTC 2018
------------------ testing $PTII/ptolemy/domains/de/test/auto/ThreadedComposite.xml
auto.tcl: Setting watchdog for 200 seconds at Mon Sep 10 02:45:44 UTC 2018
226 ms. Memory: 288256K Free: 252474K (88%)
ptolemy.util.test.WatchDog.cancel(): canceling Mon Sep 10 02:45:45 UTC 2018
auto.tcl: Setting watchdog for 200 seconds at Mon Sep 10 02:45:45 UTC 2018
190 ms. Memory: 288256K Free: 234328K (81%)
ptolemy.util.test.WatchDog.cancel(): canceling Mon Sep 10 02:45:45 UTC 2018
------------------ testing $PTII/ptolemy/domains/de/test/auto/Time.xml
auto.tcl: Setting watchdog for 200 seconds at Mon Sep 10 02:45:45 UTC 2018
493 ms. Memory: 287232K Free: 222825K (78%)
ptolemy.util.test.WatchDog.cancel(): canceling Mon Sep 10 02:45:45 UTC 2018
auto.tcl: Setting watchdog for 200 seconds at Mon Sep 10 02:45:45 UTC 2018
452 ms. Memory: 287232K Free: 170656K (59%)
ptolemy.util.test.WatchDog.cancel(): canceling Mon Sep 10 02:45:46 UTC 2018
------------------ testing $PTII/ptolemy/domains/de/test/auto/TimeDelayZeroDelay.xml
auto.tcl: Setting watchdog for 200 seconds at Mon Sep 10 02:45:46 UTC 2018
2 ms. Memory: 287744K Free: 275633K (96%)
ptolemy.util.test.WatchDog.cancel(): canceling Mon Sep 10 02:45:46 UTC 2018
auto.tcl: Setting watchdog for 200 seconds at Mon Sep 10 02:45:46 UTC 2018
2 ms. Memory: 287744K Free: 275633K (96%)
ptolemy.util.test.WatchDog.cancel(): canceling Mon Sep 10 02:45:46 UTC 2018
------------------ testing $PTII/ptolemy/domains/de/test/auto/TimerZeroDelay.xml
auto.tcl: Setting watchdog for 200 seconds at Mon Sep 10 02:45:46 UTC 2018
4 ms. Memory: 287232K Free: 275231K (96%)
ptolemy.util.test.WatchDog.cancel(): canceling Mon Sep 10 02:45:46 UTC 2018
auto.tcl: Setting watchdog for 200 seconds at Mon Sep 10 02:45:46 UTC 2018
2 ms. Memory: 287232K Free: 275231K (96%)
ptolemy.util.test.WatchDog.cancel(): canceling Mon Sep 10 02:45:46 UTC 2018
------------------ testing $PTII/ptolemy/domains/de/test/auto/TimingParadox.xml
auto.tcl: Setting watchdog for 200 seconds at Mon Sep 10 02:45:46 UTC 2018
330 ms. Memory: 287744K Free: 211521K (74%)
ptolemy.util.test.WatchDog.cancel(): canceling Mon Sep 10 02:45:47 UTC 2018
auto.tcl: Setting watchdog for 200 seconds at Mon Sep 10 02:45:47 UTC 2018
318 ms. Memory: 287744K Free: 177772K (62%)
ptolemy.util.test.WatchDog.cancel(): canceling Mon Sep 10 02:45:47 UTC 2018
------------------ testing $PTII/ptolemy/domains/de/test/auto/TransferInputs.xml
auto.tcl: Setting watchdog for 200 seconds at Mon Sep 10 02:45:47 UTC 2018
1 ms. Memory: 287744K Free: 274613K (95%)
ptolemy.util.test.WatchDog.cancel(): canceling Mon Sep 10 02:45:47 UTC 2018
auto.tcl: Setting watchdog for 200 seconds at Mon Sep 10 02:45:47 UTC 2018
2 ms. Memory: 287744K Free: 274613K (95%)
ptolemy.util.test.WatchDog.cancel(): canceling Mon Sep 10 02:45:47 UTC 2018
------------------ testing $PTII/ptolemy/domains/de/test/auto/TransferOutputs2.xml
auto.tcl: Setting watchdog for 200 seconds at Mon Sep 10 02:45:47 UTC 2018
4 ms. Memory: 287232K Free: 270533K (94%)
ptolemy.util.test.WatchDog.cancel(): canceling Mon Sep 10 02:45:47 UTC 2018
auto.tcl: Setting watchdog for 200 seconds at Mon Sep 10 02:45:47 UTC 2018
2 ms. Memory: 287232K Free: 267906K (93%)
ptolemy.util.test.WatchDog.cancel(): canceling Mon Sep 10 02:45:47 UTC 2018
------------------ testing $PTII/ptolemy/domains/de/test/auto/Trilateration.xml
auto.tcl: Setting watchdog for 200 seconds at Mon Sep 10 02:45:47 UTC 2018
13863 ms. Memory: 759296K Free: 729493K (96%)
ptolemy.util.test.WatchDog.cancel(): canceling Mon Sep 10 02:46:02 UTC 2018
auto.tcl: Setting watchdog for 200 seconds at Mon Sep 10 02:46:02 UTC 2018
10877 ms. Memory: 639488K Free: 547956K (86%)
ptolemy.util.test.WatchDog.cancel(): canceling Mon Sep 10 02:46:13 UTC 2018
------------------ testing $PTII/ptolemy/domains/de/test/auto/TwoSigmaDelta.xml
auto.tcl: Setting watchdog for 200 seconds at Mon Sep 10 02:46:13 UTC 2018
2641 ms. Memory: 643072K Free: 337935K (53%)
ptolemy.util.test.WatchDog.cancel(): canceling Mon Sep 10 02:46:16 UTC 2018
auto.tcl: Setting watchdog for 200 seconds at Mon Sep 10 02:46:16 UTC 2018
2107 ms. Memory: 643072K Free: 116843K (18%)
ptolemy.util.test.WatchDog.cancel(): canceling Mon Sep 10 02:46:18 UTC 2018
------------------ testing $PTII/ptolemy/domains/de/test/auto/VariableDelay.xml
auto.tcl: Setting watchdog for 200 seconds at Mon Sep 10 02:46:18 UTC 2018
2 ms. Memory: 640000K Free: 620387K (97%)
ptolemy.util.test.WatchDog.cancel(): canceling Mon Sep 10 02:46:18 UTC 2018
auto.tcl: Setting watchdog for 200 seconds at Mon Sep 10 02:46:18 UTC 2018
2 ms. Memory: 640000K Free: 620387K (97%)
ptolemy.util.test.WatchDog.cancel(): canceling Mon Sep 10 02:46:18 UTC 2018
------------------ testing $PTII/ptolemy/domains/de/test/auto/VariableDelay2.xml
auto.tcl: Setting watchdog for 200 seconds at Mon Sep 10 02:46:18 UTC 2018
3 ms. Memory: 639488K Free: 620298K (97%)
ptolemy.util.test.WatchDog.cancel(): canceling Mon Sep 10 02:46:18 UTC 2018
auto.tcl: Setting watchdog for 200 seconds at Mon Sep 10 02:46:18 UTC 2018
2 ms. Memory: 639488K Free: 620298K (97%)
ptolemy.util.test.WatchDog.cancel(): canceling Mon Sep 10 02:46:18 UTC 2018
------------------ testing $PTII/ptolemy/domains/de/test/auto/VariableDelayZeroDelay.xml
auto.tcl: Setting watchdog for 200 seconds at Mon Sep 10 02:46:18 UTC 2018
2 ms. Memory: 639488K Free: 614716K (96%)
ptolemy.util.test.WatchDog.cancel(): canceling Mon Sep 10 02:46:18 UTC 2018
auto.tcl: Setting watchdog for 200 seconds at Mon Sep 10 02:46:18 UTC 2018
1 ms. Memory: 639488K Free: 614716K (96%)
ptolemy.util.test.WatchDog.cancel(): canceling Mon Sep 10 02:46:18 UTC 2018
------------------ testing $PTII/ptolemy/domains/de/test/auto/VariableDelayZeroDelay2.xml
auto.tcl: Setting watchdog for 200 seconds at Mon Sep 10 02:46:18 UTC 2018
1 ms. Memory: 642048K Free: 617274K (96%)
ptolemy.util.test.WatchDog.cancel(): canceling Mon Sep 10 02:46:18 UTC 2018
auto.tcl: Setting watchdog for 200 seconds at Mon Sep 10 02:46:18 UTC 2018
2 ms. Memory: 642048K Free: 617274K (96%)
ptolemy.util.test.WatchDog.cancel(): canceling Mon Sep 10 02:46:18 UTC 2018
------------------ testing $PTII/ptolemy/domains/de/test/auto/deInCt.xml
auto.tcl: Setting watchdog for 200 seconds at Mon Sep 10 02:46:18 UTC 2018
0
1
1
1
1
1
0
0
0
1
1
0
0
0
1
1
1
0
0
0
0
0
0
1
1
1
1
0
0
0
1
1
1
0
0
0
16 ms. Memory: 639488K Free: 614703K (96%)
ptolemy.util.test.WatchDog.cancel(): canceling Mon Sep 10 02:46:18 UTC 2018
auto.tcl: Setting watchdog for 200 seconds at Mon Sep 10 02:46:18 UTC 2018
0
1
1
1
1
0
0
0
1
1
1
0
0
0
0
1
1
1
1
0
0
0
0
0
0
1
1
1
4 ms. Memory: 639488K Free: 614703K (96%)
ptolemy.util.test.WatchDog.cancel(): canceling Mon Sep 10 02:46:18 UTC 2018
------------------ testing $PTII/ptolemy/domains/de/test/auto/deInCt2.xml
auto.tcl: Setting watchdog for 200 seconds at Mon Sep 10 02:46:18 UTC 2018
0
1
1
1
0
0
1
1
1
0
0
1
1
1
0
0
1
1
1
0
0
1
1
1
0
0
1
1
1
0
0
1
1
1
0
0
1
1
1
0
0
0
8 ms. Memory: 642048K Free: 617263K (96%)
ptolemy.util.test.WatchDog.cancel(): canceling Mon Sep 10 02:46:18 UTC 2018
auto.tcl: Setting watchdog for 200 seconds at Mon Sep 10 02:46:18 UTC 2018
0
1
1
1
0
0
1
1
1
0
0
1
1
1
0
0
1
1
1
0
0
1
1
1
0
0
1
1
1
0
0
1
1
1
0
0
1
1
1
0
0
0
5 ms. Memory: 642048K Free: 617263K (96%)
ptolemy.util.test.WatchDog.cancel(): canceling Mon Sep 10 02:46:18 UTC 2018
------------------ testing $PTII/ptolemy/domains/de/test/auto/dynamicCausalityInterface1.xml
auto.tcl: Setting watchdog for 200 seconds at Mon Sep 10 02:46:18 UTC 2018
2 ms. Memory: 639488K Free: 611530K (96%)
ptolemy.util.test.WatchDog.cancel(): canceling Mon Sep 10 02:46:18 UTC 2018
auto.tcl: Setting watchdog for 200 seconds at Mon Sep 10 02:46:18 UTC 2018
0 ms. Memory: 639488K Free: 611530K (96%)
ptolemy.util.test.WatchDog.cancel(): canceling Mon Sep 10 02:46:18 UTC 2018
------------------ testing $PTII/ptolemy/domains/de/test/auto/fsm_de_test.xml
auto.tcl: Setting watchdog for 200 seconds at Mon Sep 10 02:46:18 UTC 2018
13 ms. Memory: 641536K Free: 616650K (96%)
ptolemy.util.test.WatchDog.cancel(): canceling Mon Sep 10 02:46:18 UTC 2018
auto.tcl: Setting watchdog for 200 seconds at Mon Sep 10 02:46:18 UTC 2018
5 ms. Memory: 641536K Free: 607900K (95%)
ptolemy.util.test.WatchDog.cancel(): canceling Mon Sep 10 02:46:18 UTC 2018
------------------ testing $PTII/ptolemy/domains/de/test/auto/functionDependencyReconstruction.xml
auto.tcl: Setting watchdog for 200 seconds at Mon Sep 10 02:46:18 UTC 2018
2 ms. Memory: 639488K Free: 605851K (95%)
ptolemy.util.test.WatchDog.cancel(): canceling Mon Sep 10 02:46:18 UTC 2018
auto.tcl: Setting watchdog for 200 seconds at Mon Sep 10 02:46:18 UTC 2018
3 ms. Memory: 639488K Free: 605851K (95%)
ptolemy.util.test.WatchDog.cancel(): canceling Mon Sep 10 02:46:18 UTC 2018
------------------ testing $PTII/ptolemy/domains/de/test/auto/multirate.xml
auto.tcl: Setting watchdog for 200 seconds at Mon Sep 10 02:46:18 UTC 2018
6 ms. Memory: 641536K Free: 622096K (97%)
ptolemy.util.test.WatchDog.cancel(): canceling Mon Sep 10 02:46:18 UTC 2018
auto.tcl: Setting watchdog for 200 seconds at Mon Sep 10 02:46:18 UTC 2018
3 ms. Memory: 641536K Free: 622096K (97%)
ptolemy.util.test.WatchDog.cancel(): canceling Mon Sep 10 02:46:18 UTC 2018
------------------ testing $PTII/ptolemy/domains/de/test/auto/multirate2.xml
auto.tcl: Setting watchdog for 200 seconds at Mon Sep 10 02:46:19 UTC 2018
3 ms. Memory: 639488K Free: 614656K (96%)
ptolemy.util.test.WatchDog.cancel(): canceling Mon Sep 10 02:46:19 UTC 2018
auto.tcl: Setting watchdog for 200 seconds at Mon Sep 10 02:46:19 UTC 2018
3 ms. Memory: 639488K Free: 614656K (96%)
ptolemy.util.test.WatchDog.cancel(): canceling Mon Sep 10 02:46:19 UTC 2018
------------------ testing $PTII/ptolemy/domains/de/test/auto/realtime.xml
auto.tcl: Setting watchdog for 200 seconds at Mon Sep 10 02:46:19 UTC 2018
10007 ms. Memory: 641024K Free: 616182K (96%)
ptolemy.util.test.WatchDog.cancel(): canceling Mon Sep 10 02:46:29 UTC 2018
auto.tcl: Setting watchdog for 200 seconds at Mon Sep 10 02:46:29 UTC 2018
10001 ms. Memory: 641024K Free: 616182K (96%)
ptolemy.util.test.WatchDog.cancel(): canceling Mon Sep 10 02:46:39 UTC 2018
------------------ testing $PTII/ptolemy/domains/de/test/auto/relationGroup.xml
auto.tcl: Setting watchdog for 200 seconds at Mon Sep 10 02:46:39 UTC 2018
1 ms. Memory: 639488K Free: 614680K (96%)
ptolemy.util.test.WatchDog.cancel(): canceling Mon Sep 10 02:46:39 UTC 2018
auto.tcl: Setting watchdog for 200 seconds at Mon Sep 10 02:46:39 UTC 2018
2 ms. Memory: 639488K Free: 614680K (96%)
ptolemy.util.test.WatchDog.cancel(): canceling Mon Sep 10 02:46:39 UTC 2018
------------------ testing $PTII/ptolemy/domains/de/test/auto/relationGroup2.xml
auto.tcl: Setting watchdog for 200 seconds at Mon Sep 10 02:46:39 UTC 2018
2 ms. Memory: 641024K Free: 616243K (96%)
ptolemy.util.test.WatchDog.cancel(): canceling Mon Sep 10 02:46:39 UTC 2018
auto.tcl: Setting watchdog for 200 seconds at Mon Sep 10 02:46:39 UTC 2018
1 ms. Memory: 641024K Free: 616243K (96%)
ptolemy.util.test.WatchDog.cancel(): canceling Mon Sep 10 02:46:39 UTC 2018
------------------ testing $PTII/ptolemy/domains/de/test/auto/sortWithOpaquePorts.xml
auto.tcl: Setting watchdog for 200 seconds at Mon Sep 10 02:46:39 UTC 2018
1 ms. Memory: 639488K Free: 614708K (96%)
ptolemy.util.test.WatchDog.cancel(): canceling Mon Sep 10 02:46:39 UTC 2018
auto.tcl: Setting watchdog for 200 seconds at Mon Sep 10 02:46:39 UTC 2018
2 ms. Memory: 639488K Free: 614708K (96%)
ptolemy.util.test.WatchDog.cancel(): canceling Mon Sep 10 02:46:39 UTC 2018
------------------ testing $PTII/ptolemy/domains/de/test/auto/transferInputsandOutputs.xml
auto.tcl: Setting watchdog for 200 seconds at Mon Sep 10 02:46:39 UTC 2018
2 ms. Memory: 640512K Free: 615719K (96%)
ptolemy.util.test.WatchDog.cancel(): canceling Mon Sep 10 02:46:39 UTC 2018
auto.tcl: Setting watchdog for 200 seconds at Mon Sep 10 02:46:39 UTC 2018
2 ms. Memory: 640512K Free: 615719K (96%)
ptolemy.util.test.WatchDog.cancel(): canceling Mon Sep 10 02:46:39 UTC 2018
------------------ testing $PTII/ptolemy/domains/de/test/auto/triggerType.xml
auto.tcl: Setting watchdog for 200 seconds at Mon Sep 10 02:46:39 UTC 2018
2 ms. Memory: 639488K Free: 614645K (96%)
ptolemy.util.test.WatchDog.cancel(): canceling Mon Sep 10 02:46:39 UTC 2018
auto.tcl: Setting watchdog for 200 seconds at Mon Sep 10 02:46:39 UTC 2018
2 ms. Memory: 639488K Free: 614645K (96%)
ptolemy.util.test.WatchDog.cancel(): canceling Mon Sep 10 02:46:39 UTC 2018
09/10/18 02:46:39
Failed: 0  Total Tests: 192  ((Passed: 187, Newly Passed: 1)  Known Failed: 5) /home/travis/build/icyphy/ptII/ptolemy/domains/de/test
09/10/18 02:46:39
Failed: 0  Total Tests: 192  ((Passed: 187, Newly Passed: 1)  Known Failed: 5) /home/travis/build/icyphy/ptII/ptolemy/domains/de/test
----------------- testing (KnownFailure) /home/travis/build/icyphy/ptII/ptolemy/domains/de/test/auto/knownFailedTests/DESDFClockTest.xml
2015 ms. Memory: 640512K Free: 604552K (94%)
Known Failure: java.lang.reflect.InvocationTargetException
----------------- testing (KnownFailure) /home/travis/build/icyphy/ptII/ptolemy/domains/de/test/auto/knownFailedTests/DirectFeedback.xml
3 ms. Memory: 640512K Free: 559905K (87%)
Known Failure: java.lang.reflect.InvocationTargetException
----------------- testing (KnownFailure) /home/travis/build/icyphy/ptII/ptolemy/domains/de/test/auto/knownFailedTests/FSMSource.xml
10 ms. Memory: 640512K Free: 515258K (80%)
----------------- testing (KnownFailure) /home/travis/build/icyphy/ptII/ptolemy/domains/de/test/auto/knownFailedTests/HierarchicalModel.xml
4 ms. Memory: 640512K Free: 481773K (75%)
Known Failure: java.lang.reflect.InvocationTargetException
----------------- testing (KnownFailure) /home/travis/build/icyphy/ptII/ptolemy/domains/de/test/auto/knownFailedTests/dependencyLoop.xml
2 ms. Memory: 640512K Free: 425949K (67%)
Known Failure: java.lang.reflect.InvocationTargetException
----------------- testing (KnownFailure) /home/travis/build/icyphy/ptII/ptolemy/domains/de/test/auto/knownFailedTests/dependencyLoop2.xml
4 ms. Memory: 640512K Free: 370133K (58%)
Known Failure: java.lang.reflect.InvocationTargetException
No auto/linux-amd64/*.xml tests in /home/travis/build/icyphy/ptII/ptolemy/domains/de/test
AutoTests.java: About to close Vertx.
AutoTests.java: Vertx closed.

===========================================================================================
----------------- testing Mon Sep 10 02:46:41 UTC 2018 /home/travis/build/icyphy/ptII/ptolemy/domains/de/test/auto/ActorDepthCalculation_actorWithoutPorts.xml
----------------- Instantiating /home/travis/build/icyphy/ptII/ptolemy/domains/de/test/auto/ActorDepthCalculation_actorWithoutPorts.xml
1 ms. Memory: 640512K Free: 314325K (49%)
----------------- Invoking toplevel() on ptolemy.moml.MoMLSimpleApplication@5451a4d8
----------------- Done invoking toplevel() on ptolemy.moml.MoMLSimpleApplication@5451a4d8
reloadAllAccessors: .ActorDepthCalculation_actorWithoutPorts

===========================================================================================
----------------- testing Mon Sep 10 02:46:41 UTC 2018 /home/travis/build/icyphy/ptII/ptolemy/domains/de/test/auto/AssemblyLine.xml
----------------- Instantiating /home/travis/build/icyphy/ptII/ptolemy/domains/de/test/auto/AssemblyLine.xml
5 ms. Memory: 640512K Free: 292001K (46%)
----------------- Invoking toplevel() on ptolemy.moml.MoMLSimpleApplication@28f9bc64
----------------- Done invoking toplevel() on ptolemy.moml.MoMLSimpleApplication@28f9bc64
reloadAllAccessors: .AssemblyLine

===========================================================================================
----------------- testing Mon Sep 10 02:46:41 UTC 2018 /home/travis/build/icyphy/ptII/ptolemy/domains/de/test/auto/CQBug1.xml
----------------- Instantiating /home/travis/build/icyphy/ptII/ptolemy/domains/de/test/auto/CQBug1.xml
1 ms. Memory: 640512K Free: 269678K (42%)
----------------- Invoking toplevel() on ptolemy.moml.MoMLSimpleApplication@7cfcb50e
----------------- Done invoking toplevel() on ptolemy.moml.MoMLSimpleApplication@7cfcb50e
reloadAllAccessors: .CQBug1

===========================================================================================
----------------- testing Mon Sep 10 02:46:41 UTC 2018 /home/travis/build/icyphy/ptII/ptolemy/domains/de/test/auto/CancelFireAt.xml
----------------- Instantiating /home/travis/build/icyphy/ptII/ptolemy/domains/de/test/auto/CancelFireAt.xml
1 ms. Memory: 640512K Free: 247355K (39%)
----------------- Invoking toplevel() on ptolemy.moml.MoMLSimpleApplication@58d6aa17
----------------- Done invoking toplevel() on ptolemy.moml.MoMLSimpleApplication@58d6aa17
reloadAllAccessors: .CancelFireAt

===========================================================================================
----------------- testing Mon Sep 10 02:46:41 UTC 2018 /home/travis/build/icyphy/ptII/ptolemy/domains/de/test/auto/CausalityAndComposabilityAnalysis.xml
----------------- Instantiating /home/travis/build/icyphy/ptII/ptolemy/domains/de/test/auto/CausalityAndComposabilityAnalysis.xml
2 ms. Memory: 640512K Free: 225032K (35%)
----------------- Invoking toplevel() on ptolemy.moml.MoMLSimpleApplication@379ace5e
----------------- Done invoking toplevel() on ptolemy.moml.MoMLSimpleApplication@379ace5e
reloadAllAccessors: .CausalityAndComposabilityAnalysis

===========================================================================================
----------------- testing Mon Sep 10 02:46:41 UTC 2018 /home/travis/build/icyphy/ptII/ptolemy/domains/de/test/auto/CausalityInterface1.xml
----------------- Instantiating /home/travis/build/icyphy/ptII/ptolemy/domains/de/test/auto/CausalityInterface1.xml
4 ms. Memory: 640512K Free: 202709K (32%)
----------------- Invoking toplevel() on ptolemy.moml.MoMLSimpleApplication@bb6ab05
----------------- Done invoking toplevel() on ptolemy.moml.MoMLSimpleApplication@bb6ab05
reloadAllAccessors: .CausalityInterface1

===========================================================================================
----------------- testing Mon Sep 10 02:46:41 UTC 2018 /home/travis/build/icyphy/ptII/ptolemy/domains/de/test/auto/CausalityInterface15.xml
----------------- Instantiating /home/travis/build/icyphy/ptII/ptolemy/domains/de/test/auto/CausalityInterface15.xml
1 ms. Memory: 640512K Free: 180385K (28%)
----------------- Invoking toplevel() on ptolemy.moml.MoMLSimpleApplication@1de5450d
----------------- Done invoking toplevel() on ptolemy.moml.MoMLSimpleApplication@1de5450d
reloadAllAccessors: .CausalityInterface15

[...]
java.lang.RuntimeException: Execution failed
	at ptolemy.moml.MoMLSimpleApplication$UnloadThread.run(MoMLSimpleApplication.java:402)
Caused by: ptolemy.kernel.util.IllegalActionException: Test fails in iteration 1.
Value was: 1.0. Should have been: 2.0
  in .DirectFeedback.Test
	at ptolemy.actor.lib.Test.fire(Test.java:268)
	at ptolemy.domains.de.kernel.DEDirector._fire(DEDirector.java:1949)
	at ptolemy.domains.de.kernel.DEDirector.fire(DEDirector.java:502)
	at ptolemy.actor.CompositeActor.fire(CompositeActor.java:455)
	at ptolemy.actor.Manager.iterate(Manager.java:851)
	at ptolemy.actor.Manager.execute(Manager.java:369)
	at ptolemy.actor.Manager.run(Manager.java:1263)
	at ptolemy.actor.Manager$PtolemyRunThread.run(Manager.java:1915)
java.lang.RuntimeException: Execution failed
	at ptolemy.moml.MoMLSimpleApplication$UnloadThread.run(MoMLSimpleApplication.java:402)
Caused by: ptolemy.kernel.util.IllegalActionException: Actor is not ready to fire.  Perhaps UpSample.prefire() returned false? Try debugging the actor by selecting "Listen to Actor".  Also, for SDF check moml for tokenConsumptionRate on input.
  in .DESDFClockTest.Play Bell.Copy1:SDF Director and .DESDFClockTest.Play Bell.UpSample
	at ptolemy.actor.sched.StaticSchedulingDirector.fire(StaticSchedulingDirector.java:227)
	at ptolemy.domains.sdf.kernel.SDFDirector.fire(SDFDirector.java:500)
	at ptolemy.actor.CompositeActor.fire(CompositeActor.java:455)
	at ptolemy.domains.de.kernel.DEDirector._fire(DEDirector.java:1949)
	at ptolemy.domains.de.kernel.DEDirector.fire(DEDirector.java:502)
	at ptolemy.actor.CompositeActor.fire(CompositeActor.java:455)
	at ptolemy.actor.Manager.iterate(Manager.java:851)
	at ptolemy.actor.Manager.execute(Manager.java:369)
	at ptolemy.actor.Manager.run(Manager.java:1263)
	at ptolemy.actor.Manager$PtolemyRunThread.run(Manager.java:1915)
java.lang.reflect.InvocationTargetException
	at sun.reflect.NativeConstructorAccessorImpl.newInstance0(Native Method)
	at sun.reflect.NativeConstructorAccessorImpl.newInstance(NativeConstructorAccessorImpl.java:62)
	at sun.reflect.DelegatingConstructorAccessorImpl.newInstance(DelegatingConstructorAccessorImpl.java:45)
	at java.lang.reflect.Constructor.newInstance(Constructor.java:423)
	at ptolemy.util.test.junit.AutoKnownFailedTests.RunModel(AutoKnownFailedTests.java:107)
	at sun.reflect.NativeMethodAccessorImpl.invoke0(Native Method)
	at sun.reflect.NativeMethodAccessorImpl.invoke(NativeMethodAccessorImpl.java:62)
	at sun.reflect.DelegatingMethodAccessorImpl.invoke(DelegatingMethodAccessorImpl.java:43)
	at java.lang.reflect.Method.invoke(Method.java:498)
	at org.junit.runners.model.FrameworkMethod$1.runReflectiveCall(FrameworkMethod.java:44)
	at org.junit.internal.runners.model.ReflectiveCallable.run(ReflectiveCallable.java:15)
	at org.junit.runners.model.FrameworkMethod.invokeExplosively(FrameworkMethod.java:41)
	at junitparams.internal.InvokeParameterisedMethod.evaluate(InvokeParameterisedMethod.java:102)
	at org.junit.internal.runners.statements.FailOnTimeout$1.run(FailOnTimeout.java:28)
Caused by: ptolemy.kernel.util.IllegalActionException: Actor is not ready to fire.  Perhaps UpSample.prefire() returned false? Try debugging the actor by selecting "Listen to Actor".  Also, for SDF check moml for tokenConsumptionRate on input.
  in .DESDFClockTest.Play Bell.Copy1:SDF Director and .DESDFClockTest.Play Bell.UpSample
	at ptolemy.actor.sched.StaticSchedulingDirector.fire(StaticSchedulingDirector.java:227)
	at ptolemy.domains.sdf.kernel.SDFDirector.fire(SDFDirector.java:500)
	at ptolemy.actor.CompositeActor.fire(CompositeActor.java:455)
	at ptolemy.domains.de.kernel.DEDirector._fire(DEDirector.java:1949)
	at ptolemy.domains.de.kernel.DEDirector.fire(DEDirector.java:502)
	at ptolemy.actor.CompositeActor.fire(CompositeActor.java:455)
	at ptolemy.actor.Manager.iterate(Manager.java:851)
	at ptolemy.actor.Manager.execute(Manager.java:369)
	at ptolemy.actor.Manager.run(Manager.java:1263)
	at ptolemy.actor.Manager$PtolemyRunThread.run(Manager.java:1915)
java.lang.RuntimeException: Execution failed
	at ptolemy.moml.MoMLSimpleApplication$UnloadThread.run(MoMLSimpleApplication.java:402)
Caused by: ptolemy.kernel.util.IllegalActionException: Test fails in iteration 1.
Value was: 1.0. Should have been: 2.0
  in .DirectFeedback.Test
	at ptolemy.actor.lib.Test.fire(Test.java:268)
	at ptolemy.domains.de.kernel.DEDirector._fire(DEDirector.java:1949)
	at ptolemy.domains.de.kernel.DEDirector.fire(DEDirector.java:502)
	at ptolemy.actor.CompositeActor.fire(CompositeActor.java:455)
	at ptolemy.actor.Manager.iterate(Manager.java:851)
	at ptolemy.actor.Manager.execute(Manager.java:369)
	at ptolemy.actor.Manager.run(Manager.java:1263)
	at ptolemy.actor.Manager$PtolemyRunThread.run(Manager.java:1915)
java.lang.reflect.InvocationTargetException
	at sun.reflect.NativeConstructorAccessorImpl.newInstance0(Native Method)
	at sun.reflect.NativeConstructorAccessorImpl.newInstance(NativeConstructorAccessorImpl.java:62)
	at sun.reflect.DelegatingConstructorAccessorImpl.newInstance(DelegatingConstructorAccessorImpl.java:45)
	at java.lang.reflect.Constructor.newInstance(Constructor.java:423)
	at ptolemy.util.test.junit.AutoKnownFailedTests.RunModel(AutoKnownFailedTests.java:107)
	at sun.reflect.NativeMethodAccessorImpl.invoke0(Native Method)
	at sun.reflect.NativeMethodAccessorImpl.invoke(NativeMethodAccessorImpl.java:62)
	at sun.reflect.DelegatingMethodAccessorImpl.invoke(DelegatingMethodAccessorImpl.java:43)
	at java.lang.reflect.Method.invoke(Method.java:498)
	at org.junit.runners.model.FrameworkMethod$1.runReflectiveCall(FrameworkMethod.java:44)
	at org.junit.internal.runners.model.ReflectiveCallable.run(ReflectiveCallable.java:15)
	at org.junit.runners.model.FrameworkMethod.invokeExplosively(FrameworkMethod.java:41)
	at junitparams.internal.InvokeParameterisedMethod.evaluate(InvokeParameterisedMethod.java:102)
	at org.junit.internal.runners.statements.FailOnTimeout$1.run(FailOnTimeout.java:28)
Caused by: ptolemy.kernel.util.IllegalActionException: Test fails in iteration 1.
Value was: 1.0. Should have been: 2.0
  in .DirectFeedback.Test
	at ptolemy.actor.lib.Test.fire(Test.java:268)
	at ptolemy.domains.de.kernel.DEDirector._fire(DEDirector.java:1949)
	at ptolemy.domains.de.kernel.DEDirector.fire(DEDirector.java:502)
	at ptolemy.actor.CompositeActor.fire(CompositeActor.java:455)
	at ptolemy.actor.Manager.iterate(Manager.java:851)
	at ptolemy.actor.Manager.execute(Manager.java:369)
	at ptolemy.actor.Manager.run(Manager.java:1263)
	at ptolemy.actor.Manager$PtolemyRunThread.run(Manager.java:1915)
java.lang.RuntimeException: Execution failed
	at ptolemy.moml.MoMLSimpleApplication$UnloadThread.run(MoMLSimpleApplication.java:402)
Caused by: ptolemy.kernel.util.IllegalActionException: Found a zero delay loop containing .HierarchicalModel.A
  in .HierarchicalModel and .HierarchicalModel.A
	at ptolemy.actor.util.CausalityInterfaceForComposites._computeOutputPortDepth(CausalityInterfaceForComposites.java:759)
	at ptolemy.actor.util.CausalityInterfaceForComposites._computeInputDepth(CausalityInterfaceForComposites.java:696)
	at ptolemy.actor.util.CausalityInterfaceForComposites._computeOutputPortDepth(CausalityInterfaceForComposites.java:765)
	at ptolemy.actor.util.CausalityInterfaceForComposites._computeInputDepth(CausalityInterfaceForComposites.java:696)
	at ptolemy.actor.util.CausalityInterfaceForComposites._computeOutputPortDepth(CausalityInterfaceForComposites.java:765)
	at ptolemy.actor.util.CausalityInterfaceForComposites._computeInputDepth(CausalityInterfaceForComposites.java:696)
	at ptolemy.actor.util.CausalityInterfaceForComposites._computeActorDepth(CausalityInterfaceForComposites.java:532)
	at ptolemy.actor.util.CausalityInterfaceForComposites.checkForCycles(CausalityInterfaceForComposites.java:96)
	at ptolemy.domains.de.kernel.DEDirector.preinitialize(DEDirector.java:1338)
	at ptolemy.actor.CompositeActor.preinitialize(CompositeActor.java:1828)
	at ptolemy.actor.Manager.preinitializeAndResolveTypes(Manager.java:1040)
	at ptolemy.actor.Manager.initialize(Manager.java:710)
	at ptolemy.actor.Manager.execute(Manager.java:356)
	at ptolemy.actor.Manager.run(Manager.java:1263)
	at ptolemy.actor.Manager$PtolemyRunThread.run(Manager.java:1915)
java.lang.reflect.InvocationTargetException
	at sun.reflect.NativeConstructorAccessorImpl.newInstance0(Native Method)
	at sun.reflect.NativeConstructorAccessorImpl.newInstance(NativeConstructorAccessorImpl.java:62)
	at sun.reflect.DelegatingConstructorAccessorImpl.newInstance(DelegatingConstructorAccessorImpl.java:45)
	at java.lang.reflect.Constructor.newInstance(Constructor.java:423)
	at ptolemy.util.test.junit.AutoKnownFailedTests.RunModel(AutoKnownFailedTests.java:107)
	at sun.reflect.NativeMethodAccessorImpl.invoke0(Native Method)
	at sun.reflect.NativeMethodAccessorImpl.invoke(NativeMethodAccessorImpl.java:62)
	at sun.reflect.DelegatingMethodAccessorImpl.invoke(DelegatingMethodAccessorImpl.java:43)
	at java.lang.reflect.Method.invoke(Method.java:498)
	at org.junit.runners.model.FrameworkMethod$1.runReflectiveCall(FrameworkMethod.java:44)
	at org.junit.internal.runners.model.ReflectiveCallable.run(ReflectiveCallable.java:15)
	at org.junit.runners.model.FrameworkMethod.invokeExplosively(FrameworkMethod.java:41)
	at junitparams.internal.InvokeParameterisedMethod.evaluate(InvokeParameterisedMethod.java:102)
	at org.junit.internal.runners.statements.FailOnTimeout$1.run(FailOnTimeout.java:28)
Caused by: ptolemy.kernel.util.IllegalActionException: Found a zero delay loop containing .HierarchicalModel.A
  in .HierarchicalModel and .HierarchicalModel.A
	at ptolemy.actor.util.CausalityInterfaceForComposites._computeOutputPortDepth(CausalityInterfaceForComposites.java:759)
	at ptolemy.actor.util.CausalityInterfaceForComposites._computeInputDepth(CausalityInterfaceForComposites.java:696)
	at ptolemy.actor.util.CausalityInterfaceForComposites._computeOutputPortDepth(CausalityInterfaceForComposites.java:765)
	at ptolemy.actor.util.CausalityInterfaceForComposites._computeInputDepth(CausalityInterfaceForComposites.java:696)
	at ptolemy.actor.util.CausalityInterfaceForComposites._computeOutputPortDepth(CausalityInterfaceForComposites.java:765)
	at ptolemy.actor.util.CausalityInterfaceForComposites._computeInputDepth(CausalityInterfaceForComposites.java:696)
	at ptolemy.actor.util.CausalityInterfaceForComposites._computeActorDepth(CausalityInterfaceForComposites.java:532)
	at ptolemy.actor.util.CausalityInterfaceForComposites.checkForCycles(CausalityInterfaceForComposites.java:96)
	at ptolemy.domains.de.kernel.DEDirector.preinitialize(DEDirector.java:1338)
	at ptolemy.actor.CompositeActor.preinitialize(CompositeActor.java:1828)
	at ptolemy.actor.Manager.preinitializeAndResolveTypes(Manager.java:1040)
	at ptolemy.actor.Manager.initialize(Manager.java:710)
	at ptolemy.actor.Manager.execute(Manager.java:356)
	at ptolemy.actor.Manager.run(Manager.java:1263)
	at ptolemy.actor.Manager$PtolemyRunThread.run(Manager.java:1915)
java.lang.RuntimeException: Execution failed
	at ptolemy.moml.MoMLSimpleApplication$UnloadThread.run(MoMLSimpleApplication.java:402)
Caused by: ptolemy.kernel.util.IllegalActionException: Found a zero delay loop containing .dependencyLoop.original
  in .dependencyLoop and .dependencyLoop.original
	at ptolemy.actor.util.CausalityInterfaceForComposites._computeOutputPortDepth(CausalityInterfaceForComposites.java:759)
	at ptolemy.actor.util.CausalityInterfaceForComposites._computeInputDepth(CausalityInterfaceForComposites.java:696)
	at ptolemy.actor.util.CausalityInterfaceForComposites._computeOutputPortDepth(CausalityInterfaceForComposites.java:765)
	at ptolemy.actor.util.CausalityInterfaceForComposites._computeInputDepth(CausalityInterfaceForComposites.java:696)
	at ptolemy.actor.util.CausalityInterfaceForComposites._computeOutputPortDepth(CausalityInterfaceForComposites.java:765)
	at ptolemy.actor.util.CausalityInterfaceForComposites._computeInputDepth(CausalityInterfaceForComposites.java:696)
	at ptolemy.actor.util.CausalityInterfaceForComposites._computeActorDepth(CausalityInterfaceForComposites.java:532)
	at ptolemy.actor.util.CausalityInterfaceForComposites.checkForCycles(CausalityInterfaceForComposites.java:96)
	at ptolemy.domains.de.kernel.DEDirector.preinitialize(DEDirector.java:1338)
	at ptolemy.actor.CompositeActor.preinitialize(CompositeActor.java:1828)
	at ptolemy.actor.Manager.preinitializeAndResolveTypes(Manager.java:1040)
	at ptolemy.actor.Manager.initialize(Manager.java:710)
	at ptolemy.actor.Manager.execute(Manager.java:356)
	at ptolemy.actor.Manager.run(Manager.java:1263)
	at ptolemy.actor.Manager$PtolemyRunThread.run(Manager.java:1915)
java.lang.reflect.InvocationTargetException
	at sun.reflect.NativeConstructorAccessorImpl.newInstance0(Native Method)
	at sun.reflect.NativeConstructorAccessorImpl.newInstance(NativeConstructorAccessorImpl.java:62)
	at sun.reflect.DelegatingConstructorAccessorImpl.newInstance(DelegatingConstructorAccessorImpl.java:45)
	at java.lang.reflect.Constructor.newInstance(Constructor.java:423)
	at ptolemy.util.test.junit.AutoKnownFailedTests.RunModel(AutoKnownFailedTests.java:107)
	at sun.reflect.NativeMethodAccessorImpl.invoke0(Native Method)
	at sun.reflect.NativeMethodAccessorImpl.invoke(NativeMethodAccessorImpl.java:62)
	at sun.reflect.DelegatingMethodAccessorImpl.invoke(DelegatingMethodAccessorImpl.java:43)
	at java.lang.reflect.Method.invoke(Method.java:498)
	at org.junit.runners.model.FrameworkMethod$1.runReflectiveCall(FrameworkMethod.java:44)
	at org.junit.internal.runners.model.ReflectiveCallable.run(ReflectiveCallable.java:15)
	at org.junit.runners.model.FrameworkMethod.invokeExplosively(FrameworkMethod.java:41)
	at junitparams.internal.InvokeParameterisedMethod.evaluate(InvokeParameterisedMethod.java:102)
	at org.junit.internal.runners.statements.FailOnTimeout$1.run(FailOnTimeout.java:28)
Caused by: ptolemy.kernel.util.IllegalActionException: Found a zero delay loop containing .dependencyLoop.original
  in .dependencyLoop and .dependencyLoop.original
	at ptolemy.actor.util.CausalityInterfaceForComposites._computeOutputPortDepth(CausalityInterfaceForComposites.java:759)
	at ptolemy.actor.util.CausalityInterfaceForComposites._computeInputDepth(CausalityInterfaceForComposites.java:696)
	at ptolemy.actor.util.CausalityInterfaceForComposites._computeOutputPortDepth(CausalityInterfaceForComposites.java:765)
	at ptolemy.actor.util.CausalityInterfaceForComposites._computeInputDepth(CausalityInterfaceForComposites.java:696)
	at ptolemy.actor.util.CausalityInterfaceForComposites._computeOutputPortDepth(CausalityInterfaceForComposites.java:765)
	at ptolemy.actor.util.CausalityInterfaceForComposites._computeInputDepth(CausalityInterfaceForComposites.java:696)
	at ptolemy.actor.util.CausalityInterfaceForComposites._computeActorDepth(CausalityInterfaceForComposites.java:532)
	at ptolemy.actor.util.CausalityInterfaceForComposites.checkForCycles(CausalityInterfaceForComposites.java:96)
	at ptolemy.domains.de.kernel.DEDirector.preinitialize(DEDirector.java:1338)
	at ptolemy.actor.CompositeActor.preinitialize(CompositeActor.java:1828)
	at ptolemy.actor.Manager.preinitializeAndResolveTypes(Manager.java:1040)
	at ptolemy.actor.Manager.initialize(Manager.java:710)
	at ptolemy.actor.Manager.execute(Manager.java:356)
	at ptolemy.actor.Manager.run(Manager.java:1263)
	at ptolemy.actor.Manager$PtolemyRunThread.run(Manager.java:1915)
java.lang.RuntimeException: Execution failed
	at ptolemy.moml.MoMLSimpleApplication$UnloadThread.run(MoMLSimpleApplication.java:402)
Caused by: ptolemy.kernel.util.IllegalActionException: Found a zero delay loop containing .dependencyLoop2.original
  in .dependencyLoop2 and .dependencyLoop2.original
	at ptolemy.actor.util.CausalityInterfaceForComposites._computeOutputPortDepth(CausalityInterfaceForComposites.java:759)
	at ptolemy.actor.util.CausalityInterfaceForComposites._computeInputDepth(CausalityInterfaceForComposites.java:696)
	at ptolemy.actor.util.CausalityInterfaceForComposites._computeOutputPortDepth(CausalityInterfaceForComposites.java:765)
	at ptolemy.actor.util.CausalityInterfaceForComposites._computeInputDepth(CausalityInterfaceForComposites.java:696)
	at ptolemy.actor.util.CausalityInterfaceForComposites._computeOutputPortDepth(CausalityInterfaceForComposites.java:765)
	at ptolemy.actor.util.CausalityInterfaceForComposites._computeInputDepth(CausalityInterfaceForComposites.java:696)
	at ptolemy.actor.util.CausalityInterfaceForComposites._computeActorDepth(CausalityInterfaceForComposites.java:532)
	at ptolemy.actor.util.CausalityInterfaceForComposites.checkForCycles(CausalityInterfaceForComposites.java:96)
	at ptolemy.domains.de.kernel.DEDirector.preinitialize(DEDirector.java:1338)
	at ptolemy.actor.CompositeActor.preinitialize(CompositeActor.java:1828)
	at ptolemy.actor.Manager.preinitializeAndResolveTypes(Manager.java:1040)
	at ptolemy.actor.Manager.initialize(Manager.java:710)
	at ptolemy.actor.Manager.execute(Manager.java:356)
	at ptolemy.actor.Manager.run(Manager.java:1263)
	at ptolemy.actor.Manager$PtolemyRunThread.run(Manager.java:1915)
java.lang.reflect.InvocationTargetException
	at sun.reflect.NativeConstructorAccessorImpl.newInstance0(Native Method)
	at sun.reflect.NativeConstructorAccessorImpl.newInstance(NativeConstructorAccessorImpl.java:62)
	at sun.reflect.DelegatingConstructorAccessorImpl.newInstance(DelegatingConstructorAccessorImpl.java:45)
	at java.lang.reflect.Constructor.newInstance(Constructor.java:423)
	at ptolemy.util.test.junit.AutoKnownFailedTests.RunModel(AutoKnownFailedTests.java:107)
	at sun.reflect.NativeMethodAccessorImpl.invoke0(Native Method)
	at sun.reflect.NativeMethodAccessorImpl.invoke(NativeMethodAccessorImpl.java:62)
	at sun.reflect.DelegatingMethodAccessorImpl.invoke(DelegatingMethodAccessorImpl.java:43)
	at java.lang.reflect.Method.invoke(Method.java:498)
	at org.junit.runners.model.FrameworkMethod$1.runReflectiveCall(FrameworkMethod.java:44)
	at org.junit.internal.runners.model.ReflectiveCallable.run(ReflectiveCallable.java:15)
	at org.junit.runners.model.FrameworkMethod.invokeExplosively(FrameworkMethod.java:41)
	at junitparams.internal.InvokeParameterisedMethod.evaluate(InvokeParameterisedMethod.java:102)
	at org.junit.internal.runners.statements.FailOnTimeout$1.run(FailOnTimeout.java:28)
Caused by: ptolemy.kernel.util.IllegalActionException: Found a zero delay loop containing .dependencyLoop2.original
  in .dependencyLoop2 and .dependencyLoop2.original
	at ptolemy.actor.util.CausalityInterfaceForComposites._computeOutputPortDepth(CausalityInterfaceForComposites.java:759)
	at ptolemy.actor.util.CausalityInterfaceForComposites._computeInputDepth(CausalityInterfaceForComposites.java:696)
	at ptolemy.actor.util.CausalityInterfaceForComposites._computeOutputPortDepth(CausalityInterfaceForComposites.java:765)
	at ptolemy.actor.util.CausalityInterfaceForComposites._computeInputDepth(CausalityInterfaceForComposites.java:696)
	at ptolemy.actor.util.CausalityInterfaceForComposites._computeOutputPortDepth(CausalityInterfaceForComposites.java:765)
	at ptolemy.actor.util.CausalityInterfaceForComposites._computeInputDepth(CausalityInterfaceForComposites.java:696)
	at ptolemy.actor.util.CausalityInterfaceForComposites._computeActorDepth(CausalityInterfaceForComposites.java:532)
	at ptolemy.actor.util.CausalityInterfaceForComposites.checkForCycles(CausalityInterfaceForComposites.java:96)
	at ptolemy.domains.de.kernel.DEDirector.preinitialize(DEDirector.java:1338)
	at ptolemy.actor.CompositeActor.preinitialize(CompositeActor.java:1828)
	at ptolemy.actor.Manager.preinitializeAndResolveTypes(Manager.java:1040)
	at ptolemy.actor.Manager.initialize(Manager.java:710)
	at ptolemy.actor.Manager.execute(Manager.java:356)
	at ptolemy.actor.Manager.run(Manager.java:1263)
	at ptolemy.actor.Manager$PtolemyRunThread.run(Manager.java:1915)
]]></system-err>
</testsuite>
