<?xml version="1.0" encoding="UTF-8" ?>
<testsuite errors="0" failures="0" hostname="travis-job-ab8bc502-79f2-487f-8818-2db833c26141" name="ptolemy.domains.de.test.junit.JUnitTclTest" skipped="0" tests="101" time="129.257" timestamp="2019-03-21T03:49:03">
  <properties>
[...]
</properties>
  <testcase classname="ptolemy.util.test.junit.TclTests" name="[0] /home/travis/build/icyphy/ptII/ptolemy/domains/de/test/DependencyLoop.tcl (RunTclFile)" time="0.799" />
  <testcase classname="ptolemy.util.test.junit.TclTests" name="[1] /home/travis/build/icyphy/ptII/ptolemy/domains/de/test/RunDETestsAsQSS.tcl (RunTclFile)" time="88.669" />
  <testcase classname="ptolemy.util.test.junit.AutoKnownFailedTests" name="[0] /home/travis/build/icyphy/ptII/ptolemy/domains/de/test/auto/knownFailedTests/DESDFClockTest.xml (RunModel)" time="2.047" />
  <testcase classname="ptolemy.util.test.junit.AutoKnownFailedTests" name="[1] /home/travis/build/icyphy/ptII/ptolemy/domains/de/test/auto/knownFailedTests/DirectFeedback.xml (RunModel)" time="0.02" />
  <testcase classname="ptolemy.util.test.junit.AutoKnownFailedTests" name="[2] /home/travis/build/icyphy/ptII/ptolemy/domains/de/test/auto/knownFailedTests/FSMSource.xml (RunModel)" time="0.034" />
  <testcase classname="ptolemy.util.test.junit.AutoKnownFailedTests" name="[3] /home/travis/build/icyphy/ptII/ptolemy/domains/de/test/auto/knownFailedTests/HierarchicalModel.xml (RunModel)" time="0.042" />
  <testcase classname="ptolemy.util.test.junit.AutoKnownFailedTests" name="[4] /home/travis/build/icyphy/ptII/ptolemy/domains/de/test/auto/knownFailedTests/dependencyLoop.xml (RunModel)" time="0.034" />
  <testcase classname="ptolemy.util.test.junit.AutoKnownFailedTests" name="[5] /home/travis/build/icyphy/ptII/ptolemy/domains/de/test/auto/knownFailedTests/dependencyLoop2.xml (RunModel)" time="0.036" />
  <testcase classname="ptolemy.util.test.junit.AutoNameArchTests" name="[0] ThereAreNoAutoArchTests (RunModel)" time="0.001" />
  <testcase classname="ptolemy.util.test.junit.AutoTests" name="[0] /home/travis/build/icyphy/ptII/ptolemy/domains/de/test/auto/ActorDepthCalculation_actorWithoutPorts.xml (RunModel)" time="0.022" />
  <testcase classname="ptolemy.util.test.junit.AutoTests" name="[1] /home/travis/build/icyphy/ptII/ptolemy/domains/de/test/auto/AssemblyLine.xml (RunModel)" time="0.017" />
  <testcase classname="ptolemy.util.test.junit.AutoTests" name="[2] /home/travis/build/icyphy/ptII/ptolemy/domains/de/test/auto/CQBug1.xml (RunModel)" time="0.008" />
  <testcase classname="ptolemy.util.test.junit.AutoTests" name="[3] /home/travis/build/icyphy/ptII/ptolemy/domains/de/test/auto/CancelFireAt.xml (RunModel)" time="0.006" />
  <testcase classname="ptolemy.util.test.junit.AutoTests" name="[4] /home/travis/build/icyphy/ptII/ptolemy/domains/de/test/auto/CausalityAndComposabilityAnalysis.xml (RunModel)" time="0.012" />
  <testcase classname="ptolemy.util.test.junit.AutoTests" name="[5] /home/travis/build/icyphy/ptII/ptolemy/domains/de/test/auto/CausalityInterface1.xml (RunModel)" time="0.013" />
  <testcase classname="ptolemy.util.test.junit.AutoTests" name="[6] /home/travis/build/icyphy/ptII/ptolemy/domains/de/test/auto/CausalityInterface15.xml (RunModel)" time="0.013" />
  <testcase classname="ptolemy.util.test.junit.AutoTests" name="[7] /home/travis/build/icyphy/ptII/ptolemy/domains/de/test/auto/CausalityInterface2.xml (RunModel)" time="0.01" />
  <testcase classname="ptolemy.util.test.junit.AutoTests" name="[8] /home/travis/build/icyphy/ptII/ptolemy/domains/de/test/auto/CausalityInterface3.xml (RunModel)" time="0.011" />
  <testcase classname="ptolemy.util.test.junit.AutoTests" name="[9] /home/travis/build/icyphy/ptII/ptolemy/domains/de/test/auto/ClockDrift.xml (RunModel)" time="0.023" />
  <testcase classname="ptolemy.util.test.junit.AutoTests" name="[10] /home/travis/build/icyphy/ptII/ptolemy/domains/de/test/auto/ClockDriftAndValueChange.xml (RunModel)" time="0.021" />
  <testcase classname="ptolemy.util.test.junit.AutoTests" name="[11] /home/travis/build/icyphy/ptII/ptolemy/domains/de/test/auto/ClockDriftChange.xml (RunModel)" time="0.03" />
  <testcase classname="ptolemy.util.test.junit.AutoTests" name="[12] /home/travis/build/icyphy/ptII/ptolemy/domains/de/test/auto/ComposableCausalityAnalysis.xml (RunModel)" time="0.012" />
  <testcase classname="ptolemy.util.test.junit.AutoTests" name="[13] /home/travis/build/icyphy/ptII/ptolemy/domains/de/test/auto/DEFixedPointLimitation.xml (RunModel)" time="0.012" />
  <testcase classname="ptolemy.util.test.junit.AutoTests" name="[14] /home/travis/build/icyphy/ptII/ptolemy/domains/de/test/auto/DEScheduleTest.xml (RunModel)" time="0.012" />
  <testcase classname="ptolemy.util.test.junit.AutoTests" name="[15] /home/travis/build/icyphy/ptII/ptolemy/domains/de/test/auto/DEinDEwithStartTimes.xml (RunModel)" time="0.014" />
  <testcase classname="ptolemy.util.test.junit.AutoTests" name="[16] /home/travis/build/icyphy/ptII/ptolemy/domains/de/test/auto/DEinDEwithStartTimes2.xml (RunModel)" time="0.01" />
  <testcase classname="ptolemy.util.test.junit.AutoTests" name="[17] /home/travis/build/icyphy/ptII/ptolemy/domains/de/test/auto/DateDemo.xml (RunModel)" time="0.019" />
  <testcase classname="ptolemy.util.test.junit.AutoTests" name="[18] /home/travis/build/icyphy/ptII/ptolemy/domains/de/test/auto/DateToEvent.xml (RunModel)" time="2.028" />
  <testcase classname="ptolemy.util.test.junit.AutoTests" name="[19] /home/travis/build/icyphy/ptII/ptolemy/domains/de/test/auto/DepthTest1.xml (RunModel)" time="0.007" />
  <testcase classname="ptolemy.util.test.junit.AutoTests" name="[20] /home/travis/build/icyphy/ptII/ptolemy/domains/de/test/auto/DepthTest2.xml (RunModel)" time="0.016" />
  <testcase classname="ptolemy.util.test.junit.AutoTests" name="[21] /home/travis/build/icyphy/ptII/ptolemy/domains/de/test/auto/DepthTest3.xml (RunModel)" time="0.007" />
  <testcase classname="ptolemy.util.test.junit.AutoTests" name="[22] /home/travis/build/icyphy/ptII/ptolemy/domains/de/test/auto/DepthTest4.xml (RunModel)" time="0.01" />
  <testcase classname="ptolemy.util.test.junit.AutoTests" name="[23] /home/travis/build/icyphy/ptII/ptolemy/domains/de/test/auto/DepthTest5.xml (RunModel)" time="0.013" />
  <testcase classname="ptolemy.util.test.junit.AutoTests" name="[24] /home/travis/build/icyphy/ptII/ptolemy/domains/de/test/auto/DepthTest6.xml (RunModel)" time="0.012" />
  <testcase classname="ptolemy.util.test.junit.AutoTests" name="[25] /home/travis/build/icyphy/ptII/ptolemy/domains/de/test/auto/DepthTest7.xml (RunModel)" time="0.011" />
  <testcase classname="ptolemy.util.test.junit.AutoTests" name="[26] /home/travis/build/icyphy/ptII/ptolemy/domains/de/test/auto/EventToDate.xml (RunModel)" time="3.032" />
  <testcase classname="ptolemy.util.test.junit.AutoTests" name="[27] /home/travis/build/icyphy/ptII/ptolemy/domains/de/test/auto/FSM1.xml (RunModel)" time="0.037" />
  <testcase classname="ptolemy.util.test.junit.AutoTests" name="[28] /home/travis/build/icyphy/ptII/ptolemy/domains/de/test/auto/FSM7.xml (RunModel)" time="0.052" />
  <testcase classname="ptolemy.util.test.junit.AutoTests" name="[29] /home/travis/build/icyphy/ptII/ptolemy/domains/de/test/auto/Inspection.xml (RunModel)" time="0.045" />
  <testcase classname="ptolemy.util.test.junit.AutoTests" name="[30] /home/travis/build/icyphy/ptII/ptolemy/domains/de/test/auto/Iteration.xml (RunModel)" time="0.022" />
  <testcase classname="ptolemy.util.test.junit.AutoTests" name="[31] /home/travis/build/icyphy/ptII/ptolemy/domains/de/test/auto/LineFault.xml (RunModel)" time="0.511" />
  <testcase classname="ptolemy.util.test.junit.AutoTests" name="[32] /home/travis/build/icyphy/ptII/ptolemy/domains/de/test/auto/MergeModel1Add.xml (RunModel)" time="0.039" />
  <testcase classname="ptolemy.util.test.junit.AutoTests" name="[33] /home/travis/build/icyphy/ptII/ptolemy/domains/de/test/auto/MergeModel2Add.xml (RunModel)" time="0.038" />
  <testcase classname="ptolemy.util.test.junit.AutoTests" name="[34] /home/travis/build/icyphy/ptII/ptolemy/domains/de/test/auto/MergeModel3Add.xml (RunModel)" time="0.046" />
  <testcase classname="ptolemy.util.test.junit.AutoTests" name="[35] /home/travis/build/icyphy/ptII/ptolemy/domains/de/test/auto/MergeWithoutDiscard.xml (RunModel)" time="0.016" />
  <testcase classname="ptolemy.util.test.junit.AutoTests" name="[36] /home/travis/build/icyphy/ptII/ptolemy/domains/de/test/auto/Modal1.xml (RunModel)" time="0.036" />
  <testcase classname="ptolemy.util.test.junit.AutoTests" name="[37] /home/travis/build/icyphy/ptII/ptolemy/domains/de/test/auto/Modal2.xml (RunModel)" time="0.026" />
  <testcase classname="ptolemy.util.test.junit.AutoTests" name="[38] /home/travis/build/icyphy/ptII/ptolemy/domains/de/test/auto/Modal3.xml (RunModel)" time="0.026" />
  <testcase classname="ptolemy.util.test.junit.AutoTests" name="[39] /home/travis/build/icyphy/ptII/ptolemy/domains/de/test/auto/Modal4.xml (RunModel)" time="0.027" />
  <testcase classname="ptolemy.util.test.junit.AutoTests" name="[40] /home/travis/build/icyphy/ptII/ptolemy/domains/de/test/auto/Modal5.xml (RunModel)" time="0.026" />
  <testcase classname="ptolemy.util.test.junit.AutoTests" name="[41] /home/travis/build/icyphy/ptII/ptolemy/domains/de/test/auto/Modal6.xml (RunModel)" time="0.025" />
  <testcase classname="ptolemy.util.test.junit.AutoTests" name="[42] /home/travis/build/icyphy/ptII/ptolemy/domains/de/test/auto/Modal7.xml (RunModel)" time="0.026" />
  <testcase classname="ptolemy.util.test.junit.AutoTests" name="[43] /home/travis/build/icyphy/ptII/ptolemy/domains/de/test/auto/ModalModel.xml (RunModel)" time="0.142" />
  <testcase classname="ptolemy.util.test.junit.AutoTests" name="[44] /home/travis/build/icyphy/ptII/ptolemy/domains/de/test/auto/ModalSource.xml (RunModel)" time="0.016" />
  <testcase classname="ptolemy.util.test.junit.AutoTests" name="[45] /home/travis/build/icyphy/ptII/ptolemy/domains/de/test/auto/NonInterruptibleTimerZeroDelay.xml (RunModel)" time="0.009" />
  <testcase classname="ptolemy.util.test.junit.AutoTests" name="[46] /home/travis/build/icyphy/ptII/ptolemy/domains/de/test/auto/OpenQueueingNetwork.xml (RunModel)" time="2.235" />
  <testcase classname="ptolemy.util.test.junit.AutoTests" name="[47] /home/travis/build/icyphy/ptII/ptolemy/domains/de/test/auto/OpenQueuingNetwork.xml (RunModel)" time="0.27" />
  <testcase classname="ptolemy.util.test.junit.AutoTests" name="[48] /home/travis/build/icyphy/ptII/ptolemy/domains/de/test/auto/PeriodicSampler.xml (RunModel)" time="0.011" />
  <testcase classname="ptolemy.util.test.junit.AutoTests" name="[49] /home/travis/build/icyphy/ptII/ptolemy/domains/de/test/auto/PersistentIO.xml (RunModel)" time="0.024" />
  <testcase classname="ptolemy.util.test.junit.AutoTests" name="[50] /home/travis/build/icyphy/ptII/ptolemy/domains/de/test/auto/PortParameterResetOnInitialize.xml (RunModel)" time="0.011" />
  <testcase classname="ptolemy.util.test.junit.AutoTests" name="[51] /home/travis/build/icyphy/ptII/ptolemy/domains/de/test/auto/PortParameterUpdates.xml (RunModel)" time="0.013" />
  <testcase classname="ptolemy.util.test.junit.AutoTests" name="[52] /home/travis/build/icyphy/ptII/ptolemy/domains/de/test/auto/QueueAndServer.xml (RunModel)" time="0.02" />
  <testcase classname="ptolemy.util.test.junit.AutoTests" name="[53] /home/travis/build/icyphy/ptII/ptolemy/domains/de/test/auto/Records.xml (RunModel)" time="0.018" />
  <testcase classname="ptolemy.util.test.junit.AutoTests" name="[54] /home/travis/build/icyphy/ptII/ptolemy/domains/de/test/auto/ResetTransitionWithStartTime1.xml (RunModel)" time="0.023" />
  <testcase classname="ptolemy.util.test.junit.AutoTests" name="[55] /home/travis/build/icyphy/ptII/ptolemy/domains/de/test/auto/ResetTransitionWithStartTime2.xml (RunModel)" time="0.016" />
  <testcase classname="ptolemy.util.test.junit.AutoTests" name="[56] /home/travis/build/icyphy/ptII/ptolemy/domains/de/test/auto/ResetTransitionWithStartTime3.xml (RunModel)" time="0.017" />
  <testcase classname="ptolemy.util.test.junit.AutoTests" name="[57] /home/travis/build/icyphy/ptII/ptolemy/domains/de/test/auto/ResetTransitionWithStartTime4.xml (RunModel)" time="0.017" />
  <testcase classname="ptolemy.util.test.junit.AutoTests" name="[58] /home/travis/build/icyphy/ptII/ptolemy/domains/de/test/auto/ResettableTimer1.xml (RunModel)" time="0.01" />
  <testcase classname="ptolemy.util.test.junit.AutoTests" name="[59] /home/travis/build/icyphy/ptII/ptolemy/domains/de/test/auto/ResettableTimer2.xml (RunModel)" time="0.009" />
  <testcase classname="ptolemy.util.test.junit.AutoTests" name="[60] /home/travis/build/icyphy/ptII/ptolemy/domains/de/test/auto/ResettableTimer3.xml (RunModel)" time="0.011" />
  <testcase classname="ptolemy.util.test.junit.AutoTests" name="[61] /home/travis/build/icyphy/ptII/ptolemy/domains/de/test/auto/ResettableTimer4.xml (RunModel)" time="0.01" />
  <testcase classname="ptolemy.util.test.junit.AutoTests" name="[62] /home/travis/build/icyphy/ptII/ptolemy/domains/de/test/auto/ResettableTimer5.xml (RunModel)" time="0.008" />
  <testcase classname="ptolemy.util.test.junit.AutoTests" name="[63] /home/travis/build/icyphy/ptII/ptolemy/domains/de/test/auto/ResettableTimer6.xml (RunModel)" time="0.019" />
  <testcase classname="ptolemy.util.test.junit.AutoTests" name="[64] /home/travis/build/icyphy/ptII/ptolemy/domains/de/test/auto/ServerZeroDelay.xml (RunModel)" time="0.011" />
  <testcase classname="ptolemy.util.test.junit.AutoTests" name="[65] /home/travis/build/icyphy/ptII/ptolemy/domains/de/test/auto/SmartSender.xml (RunModel)" time="3.008" />
  <testcase classname="ptolemy.util.test.junit.AutoTests" name="[66] /home/travis/build/icyphy/ptII/ptolemy/domains/de/test/auto/ThreadedComposite.xml (RunModel)" time="0.279" />
  <testcase classname="ptolemy.util.test.junit.AutoTests" name="[67] /home/travis/build/icyphy/ptII/ptolemy/domains/de/test/auto/Time.xml (RunModel)" time="0.414" />
  <testcase classname="ptolemy.util.test.junit.AutoTests" name="[68] /home/travis/build/icyphy/ptII/ptolemy/domains/de/test/auto/TimeDelayZeroDelay.xml (RunModel)" time="0.019" />
  <testcase classname="ptolemy.util.test.junit.AutoTests" name="[69] /home/travis/build/icyphy/ptII/ptolemy/domains/de/test/auto/TimerZeroDelay.xml (RunModel)" time="0.01" />
  <testcase classname="ptolemy.util.test.junit.AutoTests" name="[70] /home/travis/build/icyphy/ptII/ptolemy/domains/de/test/auto/TimingParadox.xml (RunModel)" time="0.347" />
  <testcase classname="ptolemy.util.test.junit.AutoTests" name="[71] /home/travis/build/icyphy/ptII/ptolemy/domains/de/test/auto/TransferInputs.xml (RunModel)" time="0.017" />
  <testcase classname="ptolemy.util.test.junit.AutoTests" name="[72] /home/travis/build/icyphy/ptII/ptolemy/domains/de/test/auto/TransferOutputs2.xml (RunModel)" time="0.016" />
  <testcase classname="ptolemy.util.test.junit.AutoTests" name="[73] /home/travis/build/icyphy/ptII/ptolemy/domains/de/test/auto/Trilateration.xml (RunModel)" time="11.67" />
  <testcase classname="ptolemy.util.test.junit.AutoTests" name="[74] /home/travis/build/icyphy/ptII/ptolemy/domains/de/test/auto/TwoSigmaDelta.xml (RunModel)" time="1.926" />
  <testcase classname="ptolemy.util.test.junit.AutoTests" name="[75] /home/travis/build/icyphy/ptII/ptolemy/domains/de/test/auto/VariableDelay.xml (RunModel)" time="0.016" />
  <testcase classname="ptolemy.util.test.junit.AutoTests" name="[76] /home/travis/build/icyphy/ptII/ptolemy/domains/de/test/auto/VariableDelay2.xml (RunModel)" time="0.011" />
  <testcase classname="ptolemy.util.test.junit.AutoTests" name="[77] /home/travis/build/icyphy/ptII/ptolemy/domains/de/test/auto/VariableDelayZeroDelay.xml (RunModel)" time="0.017" />
  <testcase classname="ptolemy.util.test.junit.AutoTests" name="[78] /home/travis/build/icyphy/ptII/ptolemy/domains/de/test/auto/VariableDelayZeroDelay2.xml (RunModel)" time="0.016" />
  <testcase classname="ptolemy.util.test.junit.AutoTests" name="[79] /home/travis/build/icyphy/ptII/ptolemy/domains/de/test/auto/deInCt.xml (RunModel)" time="0.021" />
  <testcase classname="ptolemy.util.test.junit.AutoTests" name="[80] /home/travis/build/icyphy/ptII/ptolemy/domains/de/test/auto/deInCt2.xml (RunModel)" time="0.014" />
  <testcase classname="ptolemy.util.test.junit.AutoTests" name="[81] /home/travis/build/icyphy/ptII/ptolemy/domains/de/test/auto/dynamicCausalityInterface1.xml (RunModel)" time="0.019" />
  <testcase classname="ptolemy.util.test.junit.AutoTests" name="[82] /home/travis/build/icyphy/ptII/ptolemy/domains/de/test/auto/fsm_de_test.xml (RunModel)" time="0.029" />
  <testcase classname="ptolemy.util.test.junit.AutoTests" name="[83] /home/travis/build/icyphy/ptII/ptolemy/domains/de/test/auto/functionDependencyReconstruction.xml (RunModel)" time="0.03" />
  <testcase classname="ptolemy.util.test.junit.AutoTests" name="[84] /home/travis/build/icyphy/ptII/ptolemy/domains/de/test/auto/multirate.xml (RunModel)" time="0.017" />
  <testcase classname="ptolemy.util.test.junit.AutoTests" name="[85] /home/travis/build/icyphy/ptII/ptolemy/domains/de/test/auto/multirate2.xml (RunModel)" time="0.016" />
  <testcase classname="ptolemy.util.test.junit.AutoTests" name="[86] /home/travis/build/icyphy/ptII/ptolemy/domains/de/test/auto/realtime.xml (RunModel)" time="10.01" />
  <testcase classname="ptolemy.util.test.junit.AutoTests" name="[87] /home/travis/build/icyphy/ptII/ptolemy/domains/de/test/auto/relationGroup.xml (RunModel)" time="0.009" />
  <testcase classname="ptolemy.util.test.junit.AutoTests" name="[88] /home/travis/build/icyphy/ptII/ptolemy/domains/de/test/auto/relationGroup2.xml (RunModel)" time="0.006" />
  <testcase classname="ptolemy.util.test.junit.AutoTests" name="[89] /home/travis/build/icyphy/ptII/ptolemy/domains/de/test/auto/sortWithOpaquePorts.xml (RunModel)" time="0.011" />
  <testcase classname="ptolemy.util.test.junit.AutoTests" name="[90] /home/travis/build/icyphy/ptII/ptolemy/domains/de/test/auto/transferInputsandOutputs.xml (RunModel)" time="0.017" />
  <testcase classname="ptolemy.util.test.junit.AutoTests" name="[91] /home/travis/build/icyphy/ptII/ptolemy/domains/de/test/auto/triggerType.xml (RunModel)" time="0.009" />
  <system-out><![CDATA[/home/travis/build/icyphy/ptII/ptolemy/domains/de/test/DependencyLoop.tcl
testDefs.tcl: setting time out to 9000 seconds at Thu Mar 21 03:49:03 UTC 2019
17 ms. Memory: 116224K Free: 97545K (84%)
30 ms. Memory: 146944K Free: 140863K (96%)
/home/travis/build/icyphy/ptII/ptolemy/domains/de/test/RunDETestsAsQSS.tcl
Run the DE tests using ptolemy.domains.qss.test.QSSDirectorTest, which extends QSSDirector and prints a message in the constructors.
------------------ testing $PTII/ptolemy/domains/de/test/auto/knownFailedTests/dependencyLoop.xml (Known Failure) 
7 ms. Memory: 146944K Free: 136616K (93%)


==== $PTIIhome/travis/build/icyphy/ptII/ptolemy/domains/de/test/../../../../: Auto Automatic test in file $PTII/ptolemy/domains/de/test/auto/knownFailedTests/dependencyLoop.xml
==== Contents of test case:

	    # FIXME: we should use $relativeFilename here, but it
	    # might have backslashes under Windows, which causes no end
	    # of trouble.
	    createAndExecute $file
	    list {}
	
.... Test generated KNOWN error:
    while executing
ptolemy.kernel.util.IllegalActionException: Found a zero delay loop containing .dependencyLoop.original
  in .dependencyLoop and .dependencyLoop.original
	at ptolemy.actor.util.CausalityInterfaceForComposites._computeOutputPortDepth(CausalityInterfaceForComposites.java:759)
	at ptolemy.actor.util.CausalityInterfaceForComposites._computeInputDepth(CausalityInterfaceForComposites.java:696)
	at ptolemy.actor.util.CausalityInterfaceForComposites._computeOutputPortDepth(CausalityInterfaceForComposites.java:765)
	at ptolemy.actor.util.CausalityInterfaceForComposites._computeInputDepth(CausalityInterfaceForComposites.java:696)
	at ptolemy.actor.util.CausalityInterfaceForComposites._computeOutputPortDepth(CausalityInterfaceForComposites.java:765)
	at ptolemy.actor.util.CausalityInterfaceForComposites._computeInputDepth(CausalityInterfaceForComposites.java:696)
	at ptolemy.actor.util.CausalityInterfaceForComposites._computeActorDepth(CausalityInterfaceForComposites.java:532)
	at ptolemy.actor.util.CausalityInterfaceForComposites.checkForCycles(CausalityInterfaceForComposites.java:96)
	at ptolemy.domains.de.kernel.DEDirector.preinitialize(DEDirector.java:1338)
	at ptolemy.actor.CompositeActor.preinitialize(CompositeActor.java:1828)
	at ptolemy.actor.Manager.preinitializeAndResolveTypes(Manager.java:1040)
	at ptolemy.actor.Manager.initialize(Manager.java:710)
	at ptolemy.actor.Manager.execute(Manager.java:356)
	at ptolemy.actor.Manager.run(Manager.java:1263)
	at ptolemy.actor.Manager$PtolemyRunThread.run(Manager.java:1915)

    while executing
ptolemy.kernel.util.IllegalActionException: Found a zero delay loop containing .dependencyLoop.original
  in .dependencyLoop and .dependencyLoop.original
    while executing
"java::new ptolemy.moml.MoMLSimpleApplication $file
"
    (procedure "createAndExecute" line 2)
    invoked from within
"createAndExecute $file"
    ("uplevel" body line 5)
    invoked from within
"uplevel $contents_of_test"
------------------ testing $PTII/ptolemy/domains/de/test/auto/knownFailedTests/DESDFClockTest.xml (Known Failure) 
2057 ms. Memory: 146944K Free: 121024K (82%)


==== $PTIIhome/travis/build/icyphy/ptII/ptolemy/domains/de/test/../../../../: Auto Automatic test in file $PTII/ptolemy/domains/de/test/auto/knownFailedTests/DESDFClockTest.xml
==== Contents of test case:

	    # FIXME: we should use $relativeFilename here, but it
	    # might have backslashes under Windows, which causes no end
	    # of trouble.
	    createAndExecute $file
	    list {}
	
.... Test generated KNOWN error:
    while executing
ptolemy.kernel.util.IllegalActionException: Actor is not ready to fire.  Perhaps UpSample.prefire() returned false? Try debugging the actor by selecting "Listen to Actor".  Also, for SDF check moml for tokenConsumptionRate on input.
  in .DESDFClockTest.Play Bell.Copy1:SDF Director and .DESDFClockTest.Play Bell.UpSample
	at ptolemy.actor.sched.StaticSchedulingDirector.fire(StaticSchedulingDirector.java:227)
	at ptolemy.domains.sdf.kernel.SDFDirector.fire(SDFDirector.java:500)
	at ptolemy.actor.CompositeActor.fire(CompositeActor.java:455)
	at ptolemy.domains.de.kernel.DEDirector._fire(DEDirector.java:1949)
	at ptolemy.domains.de.kernel.DEDirector.fire(DEDirector.java:502)
	at ptolemy.actor.CompositeActor.fire(CompositeActor.java:455)
	at ptolemy.actor.Manager.iterate(Manager.java:851)
	at ptolemy.actor.Manager.execute(Manager.java:369)
	at ptolemy.actor.Manager.run(Manager.java:1263)
	at ptolemy.actor.Manager$PtolemyRunThread.run(Manager.java:1915)

    while executing
ptolemy.kernel.util.IllegalActionException: Actor is not ready to fire.  Perhaps UpSample.prefire() returned false? Try debugging the actor by selecting "Listen to Actor".  Also, for SDF check moml for tokenConsumptionRate on input.
  in .DESDFClockTest.Play Bell.Copy1:SDF Director and .DESDFClockTest.Play Bell.UpSample
    while executing
"java::new ptolemy.moml.MoMLSimpleApplication $file
"
    (procedure "createAndExecute" line 2)
    invoked from within
"createAndExecute $file"
    ("uplevel" body line 5)
    invoked from within
"uplevel $contents_of_test"
------------------ testing $PTII/ptolemy/domains/de/test/auto/knownFailedTests/FSMSource.xml (Known Failure) 
34 ms. Memory: 146944K Free: 112150K (76%)
!!!! Auto was marked as failing, but now passes
------------------ testing $PTII/ptolemy/domains/de/test/auto/knownFailedTests/dependencyLoop2.xml (Known Failure) 
11 ms. Memory: 146944K Free: 110267K (75%)


==== $PTIIhome/travis/build/icyphy/ptII/ptolemy/domains/de/test/../../../../: Auto Automatic test in file $PTII/ptolemy/domains/de/test/auto/knownFailedTests/dependencyLoop2.xml
==== Contents of test case:

	    # FIXME: we should use $relativeFilename here, but it
	    # might have backslashes under Windows, which causes no end
	    # of trouble.
	    createAndExecute $file
	    list {}
	
.... Test generated KNOWN error:
    while executing
ptolemy.kernel.util.IllegalActionException: Found a zero delay loop containing .dependencyLoop2.original
  in .dependencyLoop2 and .dependencyLoop2.original
	at ptolemy.actor.util.CausalityInterfaceForComposites._computeOutputPortDepth(CausalityInterfaceForComposites.java:759)
	at ptolemy.actor.util.CausalityInterfaceForComposites._computeInputDepth(CausalityInterfaceForComposites.java:696)
	at ptolemy.actor.util.CausalityInterfaceForComposites._computeOutputPortDepth(CausalityInterfaceForComposites.java:765)
	at ptolemy.actor.util.CausalityInterfaceForComposites._computeInputDepth(CausalityInterfaceForComposites.java:696)
	at ptolemy.actor.util.CausalityInterfaceForComposites._computeOutputPortDepth(CausalityInterfaceForComposites.java:765)
	at ptolemy.actor.util.CausalityInterfaceForComposites._computeInputDepth(CausalityInterfaceForComposites.java:696)
	at ptolemy.actor.util.CausalityInterfaceForComposites._computeActorDepth(CausalityInterfaceForComposites.java:532)
	at ptolemy.actor.util.CausalityInterfaceForComposites.checkForCycles(CausalityInterfaceForComposites.java:96)
	at ptolemy.domains.de.kernel.DEDirector.preinitialize(DEDirector.java:1338)
	at ptolemy.actor.CompositeActor.preinitialize(CompositeActor.java:1828)
	at ptolemy.actor.Manager.preinitializeAndResolveTypes(Manager.java:1040)
	at ptolemy.actor.Manager.initialize(Manager.java:710)
	at ptolemy.actor.Manager.execute(Manager.java:356)
	at ptolemy.actor.Manager.run(Manager.java:1263)
	at ptolemy.actor.Manager$PtolemyRunThread.run(Manager.java:1915)

    while executing
ptolemy.kernel.util.IllegalActionException: Found a zero delay loop containing .dependencyLoop2.original
  in .dependencyLoop2 and .dependencyLoop2.original
    while executing
"java::new ptolemy.moml.MoMLSimpleApplication $file
"
    (procedure "createAndExecute" line 2)
    invoked from within
"createAndExecute $file"
    ("uplevel" body line 5)
    invoked from within
"uplevel $contents_of_test"
------------------ testing $PTII/ptolemy/domains/de/test/auto/knownFailedTests/HierarchicalModel.xml (Known Failure) 
8 ms. Memory: 146944K Free: 90093K (61%)


==== $PTIIhome/travis/build/icyphy/ptII/ptolemy/domains/de/test/../../../../: Auto Automatic test in file $PTII/ptolemy/domains/de/test/auto/knownFailedTests/HierarchicalModel.xml
==== Contents of test case:

	    # FIXME: we should use $relativeFilename here, but it
	    # might have backslashes under Windows, which causes no end
	    # of trouble.
	    createAndExecute $file
	    list {}
	
.... Test generated KNOWN error:
    while executing
ptolemy.kernel.util.IllegalActionException: Found a zero delay loop containing .HierarchicalModel.A
  in .HierarchicalModel and .HierarchicalModel.A
	at ptolemy.actor.util.CausalityInterfaceForComposites._computeOutputPortDepth(CausalityInterfaceForComposites.java:759)
	at ptolemy.actor.util.CausalityInterfaceForComposites._computeInputDepth(CausalityInterfaceForComposites.java:696)
	at ptolemy.actor.util.CausalityInterfaceForComposites._computeOutputPortDepth(CausalityInterfaceForComposites.java:765)
	at ptolemy.actor.util.CausalityInterfaceForComposites._computeInputDepth(CausalityInterfaceForComposites.java:696)
	at ptolemy.actor.util.CausalityInterfaceForComposites._computeOutputPortDepth(CausalityInterfaceForComposites.java:765)
	at ptolemy.actor.util.CausalityInterfaceForComposites._computeInputDepth(CausalityInterfaceForComposites.java:696)
	at ptolemy.actor.util.CausalityInterfaceForComposites._computeActorDepth(CausalityInterfaceForComposites.java:532)
	at ptolemy.actor.util.CausalityInterfaceForComposites.checkForCycles(CausalityInterfaceForComposites.java:96)
	at ptolemy.domains.de.kernel.DEDirector.preinitialize(DEDirector.java:1338)
	at ptolemy.actor.CompositeActor.preinitialize(CompositeActor.java:1828)
	at ptolemy.actor.Manager.preinitializeAndResolveTypes(Manager.java:1040)
	at ptolemy.actor.Manager.initialize(Manager.java:710)
	at ptolemy.actor.Manager.execute(Manager.java:356)
	at ptolemy.actor.Manager.run(Manager.java:1263)
	at ptolemy.actor.Manager$PtolemyRunThread.run(Manager.java:1915)

    while executing
ptolemy.kernel.util.IllegalActionException: Found a zero delay loop containing .HierarchicalModel.A
  in .HierarchicalModel and .HierarchicalModel.A
    while executing
"java::new ptolemy.moml.MoMLSimpleApplication $file
"
    (procedure "createAndExecute" line 2)
    invoked from within
"createAndExecute $file"
    ("uplevel" body line 5)
    invoked from within
"uplevel $contents_of_test"
------------------ testing $PTII/ptolemy/domains/de/test/auto/knownFailedTests/DirectFeedback.xml (Known Failure) 
11 ms. Memory: 146944K Free: 85980K (59%)


==== $PTIIhome/travis/build/icyphy/ptII/ptolemy/domains/de/test/../../../../: Auto Automatic test in file $PTII/ptolemy/domains/de/test/auto/knownFailedTests/DirectFeedback.xml
==== Contents of test case:

	    # FIXME: we should use $relativeFilename here, but it
	    # might have backslashes under Windows, which causes no end
	    # of trouble.
	    createAndExecute $file
	    list {}
	
.... Test generated KNOWN error:
    while executing
ptolemy.kernel.util.IllegalActionException: Test fails in iteration 1.
Value was: 1.0. Should have been: 2.0
  in .DirectFeedback.Test
	at ptolemy.actor.lib.Test.fire(Test.java:268)
	at ptolemy.domains.de.kernel.DEDirector._fire(DEDirector.java:1949)
	at ptolemy.domains.de.kernel.DEDirector.fire(DEDirector.java:502)
	at ptolemy.actor.CompositeActor.fire(CompositeActor.java:455)
	at ptolemy.actor.Manager.iterate(Manager.java:851)
	at ptolemy.actor.Manager.execute(Manager.java:369)
	at ptolemy.actor.Manager.run(Manager.java:1263)
	at ptolemy.actor.Manager$PtolemyRunThread.run(Manager.java:1915)

    while executing
ptolemy.kernel.util.IllegalActionException: Test fails in iteration 1.
Value was: 1.0. Should have been: 2.0
  in .DirectFeedback.Test
    while executing
"java::new ptolemy.moml.MoMLSimpleApplication $file
"
    (procedure "createAndExecute" line 2)
    invoked from within
"createAndExecute $file"
    ("uplevel" body line 5)
    invoked from within
"uplevel $contents_of_test"
------------------ testing $PTII/ptolemy/domains/de/test/auto/ActorDepthCalculation_actorWithoutPorts.xml
auto.tcl: Setting watchdog for 200 seconds at Thu Mar 21 03:49:06 UTC 2019
7 ms. Memory: 146944K Free: 138789K (94%)
ptolemy.util.test.WatchDog.cancel(): canceling Thu Mar 21 03:49:06 UTC 2019
auto.tcl: Setting watchdog for 200 seconds at Thu Mar 21 03:49:06 UTC 2019
6 ms. Memory: 146944K Free: 136763K (93%)
ptolemy.util.test.WatchDog.cancel(): canceling Thu Mar 21 03:49:06 UTC 2019
------------------ testing $PTII/ptolemy/domains/de/test/auto/AssemblyLine.xml
auto.tcl: Setting watchdog for 200 seconds at Thu Mar 21 03:49:07 UTC 2019
29 ms. Memory: 208384K Free: 186336K (89%)
ptolemy.util.test.WatchDog.cancel(): canceling Thu Mar 21 03:49:07 UTC 2019
auto.tcl: Setting watchdog for 200 seconds at Thu Mar 21 03:49:07 UTC 2019
10 ms. Memory: 208384K Free: 186336K (89%)
ptolemy.util.test.WatchDog.cancel(): canceling Thu Mar 21 03:49:07 UTC 2019
------------------ testing $PTII/ptolemy/domains/de/test/auto/CQBug1.xml
auto.tcl: Setting watchdog for 200 seconds at Thu Mar 21 03:49:07 UTC 2019
3 ms. Memory: 208384K Free: 197944K (95%)
ptolemy.util.test.WatchDog.cancel(): canceling Thu Mar 21 03:49:07 UTC 2019
auto.tcl: Setting watchdog for 200 seconds at Thu Mar 21 03:49:07 UTC 2019
2 ms. Memory: 208384K Free: 197944K (95%)
ptolemy.util.test.WatchDog.cancel(): canceling Thu Mar 21 03:49:07 UTC 2019
------------------ testing $PTII/ptolemy/domains/de/test/auto/CancelFireAt.xml
auto.tcl: Setting watchdog for 200 seconds at Thu Mar 21 03:49:07 UTC 2019
11 ms. Memory: 208384K Free: 201591K (97%)
ptolemy.util.test.WatchDog.cancel(): canceling Thu Mar 21 03:49:07 UTC 2019
auto.tcl: Setting watchdog for 200 seconds at Thu Mar 21 03:49:07 UTC 2019
7 ms. Memory: 208384K Free: 199565K (96%)
ptolemy.util.test.WatchDog.cancel(): canceling Thu Mar 21 03:49:07 UTC 2019
------------------ testing $PTII/ptolemy/domains/de/test/auto/CausalityAndComposabilityAnalysis.xml
auto.tcl: Setting watchdog for 200 seconds at Thu Mar 21 03:49:07 UTC 2019
8 ms. Memory: 208384K Free: 198643K (95%)
ptolemy.util.test.WatchDog.cancel(): canceling Thu Mar 21 03:49:07 UTC 2019
auto.tcl: Setting watchdog for 200 seconds at Thu Mar 21 03:49:07 UTC 2019
5 ms. Memory: 208384K Free: 196617K (94%)
ptolemy.util.test.WatchDog.cancel(): canceling Thu Mar 21 03:49:07 UTC 2019
------------------ testing $PTII/ptolemy/domains/de/test/auto/CausalityInterface1.xml
auto.tcl: Setting watchdog for 200 seconds at Thu Mar 21 03:49:07 UTC 2019
10 ms. Memory: 208384K Free: 196555K (94%)
ptolemy.util.test.WatchDog.cancel(): canceling Thu Mar 21 03:49:07 UTC 2019
auto.tcl: Setting watchdog for 200 seconds at Thu Mar 21 03:49:07 UTC 2019
3 ms. Memory: 208384K Free: 196555K (94%)
ptolemy.util.test.WatchDog.cancel(): canceling Thu Mar 21 03:49:07 UTC 2019
------------------ testing $PTII/ptolemy/domains/de/test/auto/CausalityInterface15.xml
auto.tcl: Setting watchdog for 200 seconds at Thu Mar 21 03:49:07 UTC 2019
9 ms. Memory: 208384K Free: 196513K (94%)
ptolemy.util.test.WatchDog.cancel(): canceling Thu Mar 21 03:49:07 UTC 2019
auto.tcl: Setting watchdog for 200 seconds at Thu Mar 21 03:49:07 UTC 2019
4 ms. Memory: 208384K Free: 196513K (94%)
ptolemy.util.test.WatchDog.cancel(): canceling Thu Mar 21 03:49:07 UTC 2019
------------------ testing $PTII/ptolemy/domains/de/test/auto/CausalityInterface2.xml
auto.tcl: Setting watchdog for 200 seconds at Thu Mar 21 03:49:07 UTC 2019
8 ms. Memory: 208384K Free: 196527K (94%)
ptolemy.util.test.WatchDog.cancel(): canceling Thu Mar 21 03:49:08 UTC 2019
auto.tcl: Setting watchdog for 200 seconds at Thu Mar 21 03:49:08 UTC 2019
2 ms. Memory: 208384K Free: 196527K (94%)
ptolemy.util.test.WatchDog.cancel(): canceling Thu Mar 21 03:49:08 UTC 2019
------------------ testing $PTII/ptolemy/domains/de/test/auto/CausalityInterface3.xml
auto.tcl: Setting watchdog for 200 seconds at Thu Mar 21 03:49:08 UTC 2019
7 ms. Memory: 208384K Free: 196539K (94%)
ptolemy.util.test.WatchDog.cancel(): canceling Thu Mar 21 03:49:08 UTC 2019
auto.tcl: Setting watchdog for 200 seconds at Thu Mar 21 03:49:08 UTC 2019
4 ms. Memory: 208384K Free: 196539K (94%)
ptolemy.util.test.WatchDog.cancel(): canceling Thu Mar 21 03:49:08 UTC 2019
------------------ testing $PTII/ptolemy/domains/de/test/auto/ClockDrift.xml
auto.tcl: Setting watchdog for 200 seconds at Thu Mar 21 03:49:08 UTC 2019
82 ms. Memory: 208384K Free: 187993K (90%)
ptolemy.util.test.WatchDog.cancel(): canceling Thu Mar 21 03:49:08 UTC 2019
auto.tcl: Setting watchdog for 200 seconds at Thu Mar 21 03:49:08 UTC 2019
63 ms. Memory: 208384K Free: 185967K (89%)
ptolemy.util.test.WatchDog.cancel(): canceling Thu Mar 21 03:49:08 UTC 2019
------------------ testing $PTII/ptolemy/domains/de/test/auto/ClockDriftAndValueChange.xml
auto.tcl: Setting watchdog for 200 seconds at Thu Mar 21 03:49:08 UTC 2019
51 ms. Memory: 208384K Free: 187819K (90%)
ptolemy.util.test.WatchDog.cancel(): canceling Thu Mar 21 03:49:08 UTC 2019
auto.tcl: Setting watchdog for 200 seconds at Thu Mar 21 03:49:08 UTC 2019
27 ms. Memory: 208384K Free: 185793K (89%)
ptolemy.util.test.WatchDog.cancel(): canceling Thu Mar 21 03:49:08 UTC 2019
------------------ testing $PTII/ptolemy/domains/de/test/auto/ClockDriftChange.xml
auto.tcl: Setting watchdog for 200 seconds at Thu Mar 21 03:49:08 UTC 2019
22 ms. Memory: 208384K Free: 191065K (92%)
ptolemy.util.test.WatchDog.cancel(): canceling Thu Mar 21 03:49:08 UTC 2019
auto.tcl: Setting watchdog for 200 seconds at Thu Mar 21 03:49:08 UTC 2019
25 ms. Memory: 208384K Free: 189039K (91%)
ptolemy.util.test.WatchDog.cancel(): canceling Thu Mar 21 03:49:08 UTC 2019
------------------ testing $PTII/ptolemy/domains/de/test/auto/ComposableCausalityAnalysis.xml
auto.tcl: Setting watchdog for 200 seconds at Thu Mar 21 03:49:08 UTC 2019
5 ms. Memory: 208384K Free: 196384K (94%)
ptolemy.util.test.WatchDog.cancel(): canceling Thu Mar 21 03:49:08 UTC 2019
auto.tcl: Setting watchdog for 200 seconds at Thu Mar 21 03:49:08 UTC 2019
1 ms. Memory: 208384K Free: 194358K (93%)
ptolemy.util.test.WatchDog.cancel(): canceling Thu Mar 21 03:49:08 UTC 2019
------------------ testing $PTII/ptolemy/domains/de/test/auto/DEFixedPointLimitation.xml
auto.tcl: Setting watchdog for 200 seconds at Thu Mar 21 03:49:08 UTC 2019
1 ms. Memory: 208384K Free: 196465K (94%)
ptolemy.util.test.WatchDog.cancel(): canceling Thu Mar 21 03:49:08 UTC 2019
auto.tcl: Setting watchdog for 200 seconds at Thu Mar 21 03:49:08 UTC 2019
2 ms. Memory: 208384K Free: 196465K (94%)
ptolemy.util.test.WatchDog.cancel(): canceling Thu Mar 21 03:49:08 UTC 2019
------------------ testing $PTII/ptolemy/domains/de/test/auto/DEScheduleTest.xml
auto.tcl: Setting watchdog for 200 seconds at Thu Mar 21 03:49:08 UTC 2019
8 ms. Memory: 208384K Free: 199045K (96%)
ptolemy.util.test.WatchDog.cancel(): canceling Thu Mar 21 03:49:08 UTC 2019
auto.tcl: Setting watchdog for 200 seconds at Thu Mar 21 03:49:08 UTC 2019
4 ms. Memory: 208384K Free: 197020K (95%)
ptolemy.util.test.WatchDog.cancel(): canceling Thu Mar 21 03:49:08 UTC 2019
------------------ testing $PTII/ptolemy/domains/de/test/auto/DEinDEwithStartTimes.xml
auto.tcl: Setting watchdog for 200 seconds at Thu Mar 21 03:49:09 UTC 2019
7 ms. Memory: 208384K Free: 196470K (94%)
ptolemy.util.test.WatchDog.cancel(): canceling Thu Mar 21 03:49:09 UTC 2019
auto.tcl: Setting watchdog for 200 seconds at Thu Mar 21 03:49:09 UTC 2019
3 ms. Memory: 208384K Free: 194444K (93%)
ptolemy.util.test.WatchDog.cancel(): canceling Thu Mar 21 03:49:09 UTC 2019
------------------ testing $PTII/ptolemy/domains/de/test/auto/DEinDEwithStartTimes2.xml
auto.tcl: Setting watchdog for 200 seconds at Thu Mar 21 03:49:09 UTC 2019
7 ms. Memory: 208384K Free: 196969K (95%)
ptolemy.util.test.WatchDog.cancel(): canceling Thu Mar 21 03:49:09 UTC 2019
auto.tcl: Setting watchdog for 200 seconds at Thu Mar 21 03:49:09 UTC 2019
3 ms. Memory: 208384K Free: 194424K (93%)
ptolemy.util.test.WatchDog.cancel(): canceling Thu Mar 21 03:49:09 UTC 2019
------------------ testing $PTII/ptolemy/domains/de/test/auto/DateDemo.xml
auto.tcl: Setting watchdog for 200 seconds at Thu Mar 21 03:49:09 UTC 2019
15 ms. Memory: 208384K Free: 189102K (91%)
ptolemy.util.test.WatchDog.cancel(): canceling Thu Mar 21 03:49:09 UTC 2019
auto.tcl: Setting watchdog for 200 seconds at Thu Mar 21 03:49:09 UTC 2019
12 ms. Memory: 208384K Free: 187076K (90%)
ptolemy.util.test.WatchDog.cancel(): canceling Thu Mar 21 03:49:09 UTC 2019
------------------ testing $PTII/ptolemy/domains/de/test/auto/DateToEvent.xml
auto.tcl: Setting watchdog for 200 seconds at Thu Mar 21 03:49:09 UTC 2019
2010 ms. Memory: 208384K Free: 184062K (88%)
ptolemy.util.test.WatchDog.cancel(): canceling Thu Mar 21 03:49:11 UTC 2019
auto.tcl: Setting watchdog for 200 seconds at Thu Mar 21 03:49:11 UTC 2019
2004 ms. Memory: 208384K Free: 181605K (87%)
ptolemy.util.test.WatchDog.cancel(): canceling Thu Mar 21 03:49:13 UTC 2019
------------------ testing $PTII/ptolemy/domains/de/test/auto/DepthTest1.xml
auto.tcl: Setting watchdog for 200 seconds at Thu Mar 21 03:49:13 UTC 2019
4 ms. Memory: 208384K Free: 197731K (95%)
ptolemy.util.test.WatchDog.cancel(): canceling Thu Mar 21 03:49:13 UTC 2019
auto.tcl: Setting watchdog for 200 seconds at Thu Mar 21 03:49:13 UTC 2019
2 ms. Memory: 208384K Free: 197731K (95%)
ptolemy.util.test.WatchDog.cancel(): canceling Thu Mar 21 03:49:13 UTC 2019
------------------ testing $PTII/ptolemy/domains/de/test/auto/DepthTest2.xml
auto.tcl: Setting watchdog for 200 seconds at Thu Mar 21 03:49:13 UTC 2019
6 ms. Memory: 208384K Free: 194079K (93%)
ptolemy.util.test.WatchDog.cancel(): canceling Thu Mar 21 03:49:13 UTC 2019
auto.tcl: Setting watchdog for 200 seconds at Thu Mar 21 03:49:13 UTC 2019
3 ms. Memory: 208384K Free: 194079K (93%)
ptolemy.util.test.WatchDog.cancel(): canceling Thu Mar 21 03:49:13 UTC 2019
------------------ testing $PTII/ptolemy/domains/de/test/auto/DepthTest3.xml
auto.tcl: Setting watchdog for 200 seconds at Thu Mar 21 03:49:13 UTC 2019
8 ms. Memory: 208384K Free: 198063K (95%)
ptolemy.util.test.WatchDog.cancel(): canceling Thu Mar 21 03:49:13 UTC 2019
auto.tcl: Setting watchdog for 200 seconds at Thu Mar 21 03:49:13 UTC 2019
1 ms. Memory: 208384K Free: 198063K (95%)
ptolemy.util.test.WatchDog.cancel(): canceling Thu Mar 21 03:49:13 UTC 2019
------------------ testing $PTII/ptolemy/domains/de/test/auto/DepthTest4.xml
auto.tcl: Setting watchdog for 200 seconds at Thu Mar 21 03:49:13 UTC 2019
5 ms. Memory: 208384K Free: 196125K (94%)
ptolemy.util.test.WatchDog.cancel(): canceling Thu Mar 21 03:49:13 UTC 2019
auto.tcl: Setting watchdog for 200 seconds at Thu Mar 21 03:49:13 UTC 2019
2 ms. Memory: 208384K Free: 196125K (94%)
ptolemy.util.test.WatchDog.cancel(): canceling Thu Mar 21 03:49:13 UTC 2019
------------------ testing $PTII/ptolemy/domains/de/test/auto/DepthTest5.xml
auto.tcl: Setting watchdog for 200 seconds at Thu Mar 21 03:49:13 UTC 2019
5 ms. Memory: 208384K Free: 196592K (94%)
ptolemy.util.test.WatchDog.cancel(): canceling Thu Mar 21 03:49:13 UTC 2019
auto.tcl: Setting watchdog for 200 seconds at Thu Mar 21 03:49:13 UTC 2019
3 ms. Memory: 208384K Free: 196592K (94%)
ptolemy.util.test.WatchDog.cancel(): canceling Thu Mar 21 03:49:13 UTC 2019
------------------ testing $PTII/ptolemy/domains/de/test/auto/DepthTest6.xml
auto.tcl: Setting watchdog for 200 seconds at Thu Mar 21 03:49:13 UTC 2019
7 ms. Memory: 208384K Free: 196567K (94%)
ptolemy.util.test.WatchDog.cancel(): canceling Thu Mar 21 03:49:13 UTC 2019
auto.tcl: Setting watchdog for 200 seconds at Thu Mar 21 03:49:13 UTC 2019
2 ms. Memory: 208384K Free: 196567K (94%)
ptolemy.util.test.WatchDog.cancel(): canceling Thu Mar 21 03:49:13 UTC 2019
------------------ testing $PTII/ptolemy/domains/de/test/auto/DepthTest7.xml
auto.tcl: Setting watchdog for 200 seconds at Thu Mar 21 03:49:13 UTC 2019
3 ms. Memory: 208384K Free: 196030K (94%)
ptolemy.util.test.WatchDog.cancel(): canceling Thu Mar 21 03:49:13 UTC 2019
auto.tcl: Setting watchdog for 200 seconds at Thu Mar 21 03:49:13 UTC 2019
2 ms. Memory: 208384K Free: 196030K (94%)
ptolemy.util.test.WatchDog.cancel(): canceling Thu Mar 21 03:49:13 UTC 2019
------------------ testing $PTII/ptolemy/domains/de/test/auto/EventToDate.xml
auto.tcl: Setting watchdog for 200 seconds at Thu Mar 21 03:49:13 UTC 2019
3005 ms. Memory: 208384K Free: 185922K (89%)
ptolemy.util.test.WatchDog.cancel(): canceling Thu Mar 21 03:49:17 UTC 2019
auto.tcl: Setting watchdog for 200 seconds at Thu Mar 21 03:49:17 UTC 2019
3007 ms. Memory: 208384K Free: 185922K (89%)
ptolemy.util.test.WatchDog.cancel(): canceling Thu Mar 21 03:49:20 UTC 2019
------------------ testing $PTII/ptolemy/domains/de/test/auto/FSM1.xml
auto.tcl: Setting watchdog for 200 seconds at Thu Mar 21 03:49:20 UTC 2019
18 ms. Memory: 208384K Free: 189231K (91%)
ptolemy.util.test.WatchDog.cancel(): canceling Thu Mar 21 03:49:20 UTC 2019
auto.tcl: Setting watchdog for 200 seconds at Thu Mar 21 03:49:20 UTC 2019
17 ms. Memory: 208384K Free: 185179K (89%)
ptolemy.util.test.WatchDog.cancel(): canceling Thu Mar 21 03:49:20 UTC 2019
------------------ testing $PTII/ptolemy/domains/de/test/auto/FSM7.xml
auto.tcl: Setting watchdog for 200 seconds at Thu Mar 21 03:49:20 UTC 2019
17 ms. Memory: 208384K Free: 189433K (91%)
ptolemy.util.test.WatchDog.cancel(): canceling Thu Mar 21 03:49:20 UTC 2019
auto.tcl: Setting watchdog for 200 seconds at Thu Mar 21 03:49:20 UTC 2019
18 ms. Memory: 208384K Free: 185381K (89%)
ptolemy.util.test.WatchDog.cancel(): canceling Thu Mar 21 03:49:20 UTC 2019
------------------ testing $PTII/ptolemy/domains/de/test/auto/Inspection.xml
auto.tcl: Setting watchdog for 200 seconds at Thu Mar 21 03:49:20 UTC 2019
28 ms. Memory: 208384K Free: 189141K (91%)
ptolemy.util.test.WatchDog.cancel(): canceling Thu Mar 21 03:49:20 UTC 2019
auto.tcl: Setting watchdog for 200 seconds at Thu Mar 21 03:49:20 UTC 2019
26 ms. Memory: 208384K Free: 187115K (90%)
ptolemy.util.test.WatchDog.cancel(): canceling Thu Mar 21 03:49:20 UTC 2019
------------------ testing $PTII/ptolemy/domains/de/test/auto/Iteration.xml
auto.tcl: Setting watchdog for 200 seconds at Thu Mar 21 03:49:20 UTC 2019
9 ms. Memory: 208384K Free: 195837K (94%)
ptolemy.util.test.WatchDog.cancel(): canceling Thu Mar 21 03:49:20 UTC 2019
auto.tcl: Setting watchdog for 200 seconds at Thu Mar 21 03:49:20 UTC 2019
6 ms. Memory: 208384K Free: 193811K (93%)
ptolemy.util.test.WatchDog.cancel(): canceling Thu Mar 21 03:49:20 UTC 2019
------------------ testing $PTII/ptolemy/domains/de/test/auto/LineFault.xml
auto.tcl: Setting watchdog for 200 seconds at Thu Mar 21 03:49:20 UTC 2019
651 ms. Memory: 208384K Free: 200378K (96%)
ptolemy.util.test.WatchDog.cancel(): canceling Thu Mar 21 03:49:21 UTC 2019
auto.tcl: Setting watchdog for 200 seconds at Thu Mar 21 03:49:21 UTC 2019
596 ms. Memory: 208384K Free: 143727K (69%)
ptolemy.util.test.WatchDog.cancel(): canceling Thu Mar 21 03:49:22 UTC 2019
------------------ testing $PTII/ptolemy/domains/de/test/auto/MergeModel1Add.xml
auto.tcl: Setting watchdog for 200 seconds at Thu Mar 21 03:49:22 UTC 2019
24 ms. Memory: 331264K Free: 300630K (91%)
ptolemy.util.test.WatchDog.cancel(): canceling Thu Mar 21 03:49:22 UTC 2019
auto.tcl: Setting watchdog for 200 seconds at Thu Mar 21 03:49:22 UTC 2019
10 ms. Memory: 331264K Free: 300630K (91%)
ptolemy.util.test.WatchDog.cancel(): canceling Thu Mar 21 03:49:22 UTC 2019
------------------ testing $PTII/ptolemy/domains/de/test/auto/MergeModel2Add.xml
auto.tcl: Setting watchdog for 200 seconds at Thu Mar 21 03:49:22 UTC 2019
11 ms. Memory: 331264K Free: 305541K (92%)
ptolemy.util.test.WatchDog.cancel(): canceling Thu Mar 21 03:49:22 UTC 2019
auto.tcl: Setting watchdog for 200 seconds at Thu Mar 21 03:49:22 UTC 2019
8 ms. Memory: 331264K Free: 302001K (91%)
ptolemy.util.test.WatchDog.cancel(): canceling Thu Mar 21 03:49:22 UTC 2019
------------------ testing $PTII/ptolemy/domains/de/test/auto/MergeModel3Add.xml
auto.tcl: Setting watchdog for 200 seconds at Thu Mar 21 03:49:22 UTC 2019
10 ms. Memory: 331264K Free: 305552K (92%)
ptolemy.util.test.WatchDog.cancel(): canceling Thu Mar 21 03:49:22 UTC 2019
auto.tcl: Setting watchdog for 200 seconds at Thu Mar 21 03:49:22 UTC 2019
11 ms. Memory: 331264K Free: 302011K (91%)
ptolemy.util.test.WatchDog.cancel(): canceling Thu Mar 21 03:49:22 UTC 2019
------------------ testing $PTII/ptolemy/domains/de/test/auto/MergeWithoutDiscard.xml
auto.tcl: Setting watchdog for 200 seconds at Thu Mar 21 03:49:22 UTC 2019
4 ms. Memory: 331264K Free: 316171K (95%)
ptolemy.util.test.WatchDog.cancel(): canceling Thu Mar 21 03:49:22 UTC 2019
auto.tcl: Setting watchdog for 200 seconds at Thu Mar 21 03:49:22 UTC 2019
1 ms. Memory: 331264K Free: 316171K (95%)
ptolemy.util.test.WatchDog.cancel(): canceling Thu Mar 21 03:49:22 UTC 2019
------------------ testing $PTII/ptolemy/domains/de/test/auto/Modal1.xml
auto.tcl: Setting watchdog for 200 seconds at Thu Mar 21 03:49:22 UTC 2019
20 ms. Memory: 331264K Free: 310487K (94%)
ptolemy.util.test.WatchDog.cancel(): canceling Thu Mar 21 03:49:22 UTC 2019
auto.tcl: Setting watchdog for 200 seconds at Thu Mar 21 03:49:22 UTC 2019
23 ms. Memory: 331264K Free: 306946K (93%)
ptolemy.util.test.WatchDog.cancel(): canceling Thu Mar 21 03:49:22 UTC 2019
------------------ testing $PTII/ptolemy/domains/de/test/auto/Modal2.xml
auto.tcl: Setting watchdog for 200 seconds at Thu Mar 21 03:49:22 UTC 2019
19 ms. Memory: 331264K Free: 310328K (94%)
ptolemy.util.test.WatchDog.cancel(): canceling Thu Mar 21 03:49:22 UTC 2019
auto.tcl: Setting watchdog for 200 seconds at Thu Mar 21 03:49:22 UTC 2019
19 ms. Memory: 331264K Free: 306787K (93%)
ptolemy.util.test.WatchDog.cancel(): canceling Thu Mar 21 03:49:22 UTC 2019
------------------ testing $PTII/ptolemy/domains/de/test/auto/Modal3.xml
auto.tcl: Setting watchdog for 200 seconds at Thu Mar 21 03:49:22 UTC 2019
18 ms. Memory: 331264K Free: 311029K (94%)
ptolemy.util.test.WatchDog.cancel(): canceling Thu Mar 21 03:49:23 UTC 2019
auto.tcl: Setting watchdog for 200 seconds at Thu Mar 21 03:49:23 UTC 2019
11 ms. Memory: 331264K Free: 306813K (93%)
ptolemy.util.test.WatchDog.cancel(): canceling Thu Mar 21 03:49:23 UTC 2019
------------------ testing $PTII/ptolemy/domains/de/test/auto/Modal4.xml
auto.tcl: Setting watchdog for 200 seconds at Thu Mar 21 03:49:23 UTC 2019
25 ms. Memory: 331264K Free: 310356K (94%)
ptolemy.util.test.WatchDog.cancel(): canceling Thu Mar 21 03:49:23 UTC 2019
auto.tcl: Setting watchdog for 200 seconds at Thu Mar 21 03:49:23 UTC 2019
15 ms. Memory: 331264K Free: 306815K (93%)
ptolemy.util.test.WatchDog.cancel(): canceling Thu Mar 21 03:49:23 UTC 2019
------------------ testing $PTII/ptolemy/domains/de/test/auto/Modal5.xml
auto.tcl: Setting watchdog for 200 seconds at Thu Mar 21 03:49:23 UTC 2019
19 ms. Memory: 331264K Free: 310343K (94%)
ptolemy.util.test.WatchDog.cancel(): canceling Thu Mar 21 03:49:23 UTC 2019
auto.tcl: Setting watchdog for 200 seconds at Thu Mar 21 03:49:23 UTC 2019
12 ms. Memory: 331264K Free: 306802K (93%)
ptolemy.util.test.WatchDog.cancel(): canceling Thu Mar 21 03:49:23 UTC 2019
------------------ testing $PTII/ptolemy/domains/de/test/auto/Modal6.xml
auto.tcl: Setting watchdog for 200 seconds at Thu Mar 21 03:49:23 UTC 2019
11 ms. Memory: 331264K Free: 310340K (94%)
ptolemy.util.test.WatchDog.cancel(): canceling Thu Mar 21 03:49:23 UTC 2019
auto.tcl: Setting watchdog for 200 seconds at Thu Mar 21 03:49:23 UTC 2019
13 ms. Memory: 331264K Free: 306800K (93%)
ptolemy.util.test.WatchDog.cancel(): canceling Thu Mar 21 03:49:23 UTC 2019
------------------ testing $PTII/ptolemy/domains/de/test/auto/Modal7.xml
auto.tcl: Setting watchdog for 200 seconds at Thu Mar 21 03:49:23 UTC 2019
10 ms. Memory: 331264K Free: 306800K (93%)
ptolemy.util.test.WatchDog.cancel(): canceling Thu Mar 21 03:49:23 UTC 2019
auto.tcl: Setting watchdog for 200 seconds at Thu Mar 21 03:49:23 UTC 2019
11 ms. Memory: 331264K Free: 303260K (92%)
ptolemy.util.test.WatchDog.cancel(): canceling Thu Mar 21 03:49:23 UTC 2019
------------------ testing $PTII/ptolemy/domains/de/test/auto/ModalModel.xml
auto.tcl: Setting watchdog for 200 seconds at Thu Mar 21 03:49:23 UTC 2019
160 ms. Memory: 331264K Free: 248077K (75%)
ptolemy.util.test.WatchDog.cancel(): canceling Thu Mar 21 03:49:23 UTC 2019
auto.tcl: Setting watchdog for 200 seconds at Thu Mar 21 03:49:23 UTC 2019
188 ms. Memory: 331264K Free: 191427K (58%)
ptolemy.util.test.WatchDog.cancel(): canceling Thu Mar 21 03:49:23 UTC 2019
------------------ testing $PTII/ptolemy/domains/de/test/auto/ModalSource.xml
auto.tcl: Setting watchdog for 200 seconds at Thu Mar 21 03:49:24 UTC 2019
10 ms. Memory: 331264K Free: 316579K (96%)
ptolemy.util.test.WatchDog.cancel(): canceling Thu Mar 21 03:49:24 UTC 2019
auto.tcl: Setting watchdog for 200 seconds at Thu Mar 21 03:49:24 UTC 2019
6 ms. Memory: 331264K Free: 313333K (95%)
ptolemy.util.test.WatchDog.cancel(): canceling Thu Mar 21 03:49:24 UTC 2019
------------------ testing $PTII/ptolemy/domains/de/test/auto/NonInterruptibleTimerZeroDelay.xml
auto.tcl: Setting watchdog for 200 seconds at Thu Mar 21 03:49:24 UTC 2019
4 ms. Memory: 331264K Free: 320917K (97%)
ptolemy.util.test.WatchDog.cancel(): canceling Thu Mar 21 03:49:24 UTC 2019
auto.tcl: Setting watchdog for 200 seconds at Thu Mar 21 03:49:24 UTC 2019
3 ms. Memory: 331264K Free: 317671K (96%)
ptolemy.util.test.WatchDog.cancel(): canceling Thu Mar 21 03:49:24 UTC 2019
------------------ testing $PTII/ptolemy/domains/de/test/auto/OpenQueueingNetwork.xml
auto.tcl: Setting watchdog for 200 seconds at Thu Mar 21 03:49:24 UTC 2019
3393 ms. Memory: 573952K Free: 391028K (68%)
ptolemy.util.test.WatchDog.cancel(): canceling Thu Mar 21 03:49:27 UTC 2019
auto.tcl: Setting watchdog for 200 seconds at Thu Mar 21 03:49:27 UTC 2019
2608 ms. Memory: 574464K Free: 303119K (53%)
ptolemy.util.test.WatchDog.cancel(): canceling Thu Mar 21 03:49:30 UTC 2019
------------------ testing $PTII/ptolemy/domains/de/test/auto/OpenQueuingNetwork.xml
auto.tcl: Setting watchdog for 200 seconds at Thu Mar 21 03:49:30 UTC 2019
273 ms. Memory: 1064960K Free: 939286K (88%)
ptolemy.util.test.WatchDog.cancel(): canceling Thu Mar 21 03:49:30 UTC 2019
auto.tcl: Setting watchdog for 200 seconds at Thu Mar 21 03:49:30 UTC 2019
240 ms. Memory: 1064960K Free: 884826K (83%)
ptolemy.util.test.WatchDog.cancel(): canceling Thu Mar 21 03:49:30 UTC 2019
------------------ testing $PTII/ptolemy/domains/de/test/auto/PeriodicSampler.xml
auto.tcl: Setting watchdog for 200 seconds at Thu Mar 21 03:49:31 UTC 2019
3 ms. Memory: 1065472K Free: 1026971K (96%)
ptolemy.util.test.WatchDog.cancel(): canceling Thu Mar 21 03:49:31 UTC 2019
auto.tcl: Setting watchdog for 200 seconds at Thu Mar 21 03:49:31 UTC 2019
1 ms. Memory: 1065472K Free: 1026971K (96%)
ptolemy.util.test.WatchDog.cancel(): canceling Thu Mar 21 03:49:31 UTC 2019
------------------ testing $PTII/ptolemy/domains/de/test/auto/PersistentIO.xml
auto.tcl: Setting watchdog for 200 seconds at Thu Mar 21 03:49:31 UTC 2019
8 ms. Memory: 1065472K Free: 1027553K (96%)
ptolemy.util.test.WatchDog.cancel(): canceling Thu Mar 21 03:49:31 UTC 2019
auto.tcl: Setting watchdog for 200 seconds at Thu Mar 21 03:49:31 UTC 2019
6 ms. Memory: 1065472K Free: 1027553K (96%)
ptolemy.util.test.WatchDog.cancel(): canceling Thu Mar 21 03:49:31 UTC 2019
------------------ testing $PTII/ptolemy/domains/de/test/auto/PortParameterResetOnInitialize.xml
auto.tcl: Setting watchdog for 200 seconds at Thu Mar 21 03:49:31 UTC 2019
3 ms. Memory: 1065472K Free: 1027414K (96%)
ptolemy.util.test.WatchDog.cancel(): canceling Thu Mar 21 03:49:31 UTC 2019
auto.tcl: Setting watchdog for 200 seconds at Thu Mar 21 03:49:31 UTC 2019
2 ms. Memory: 1065472K Free: 1027414K (96%)
ptolemy.util.test.WatchDog.cancel(): canceling Thu Mar 21 03:49:31 UTC 2019
------------------ testing $PTII/ptolemy/domains/de/test/auto/PortParameterUpdates.xml
auto.tcl: Setting watchdog for 200 seconds at Thu Mar 21 03:49:31 UTC 2019
3 ms. Memory: 1065472K Free: 1026407K (96%)
ptolemy.util.test.WatchDog.cancel(): canceling Thu Mar 21 03:49:31 UTC 2019
auto.tcl: Setting watchdog for 200 seconds at Thu Mar 21 03:49:31 UTC 2019
4 ms. Memory: 1065472K Free: 1026407K (96%)
ptolemy.util.test.WatchDog.cancel(): canceling Thu Mar 21 03:49:31 UTC 2019
------------------ testing $PTII/ptolemy/domains/de/test/auto/QueueAndServer.xml
auto.tcl: Setting watchdog for 200 seconds at Thu Mar 21 03:49:31 UTC 2019
16 ms. Memory: 1065472K Free: 1036191K (97%)
ptolemy.util.test.WatchDog.cancel(): canceling Thu Mar 21 03:49:31 UTC 2019
auto.tcl: Setting watchdog for 200 seconds at Thu Mar 21 03:49:31 UTC 2019
7 ms. Memory: 1065472K Free: 1036191K (97%)
ptolemy.util.test.WatchDog.cancel(): canceling Thu Mar 21 03:49:31 UTC 2019
------------------ testing $PTII/ptolemy/domains/de/test/auto/Records.xml
auto.tcl: Setting watchdog for 200 seconds at Thu Mar 21 03:49:31 UTC 2019
3 ms. Memory: 1065472K Free: 1016491K (95%)
ptolemy.util.test.WatchDog.cancel(): canceling Thu Mar 21 03:49:31 UTC 2019
auto.tcl: Setting watchdog for 200 seconds at Thu Mar 21 03:49:31 UTC 2019
2 ms. Memory: 1065472K Free: 1016491K (95%)
ptolemy.util.test.WatchDog.cancel(): canceling Thu Mar 21 03:49:31 UTC 2019
------------------ testing $PTII/ptolemy/domains/de/test/auto/ResetTransitionWithStartTime1.xml
auto.tcl: Setting watchdog for 200 seconds at Thu Mar 21 03:49:31 UTC 2019
13 ms. Memory: 1065472K Free: 1037296K (97%)
ptolemy.util.test.WatchDog.cancel(): canceling Thu Mar 21 03:49:31 UTC 2019
auto.tcl: Setting watchdog for 200 seconds at Thu Mar 21 03:49:31 UTC 2019
5 ms. Memory: 1065472K Free: 1036157K (97%)
ptolemy.util.test.WatchDog.cancel(): canceling Thu Mar 21 03:49:31 UTC 2019
------------------ testing $PTII/ptolemy/domains/de/test/auto/ResetTransitionWithStartTime2.xml
auto.tcl: Setting watchdog for 200 seconds at Thu Mar 21 03:49:31 UTC 2019
6 ms. Memory: 1064448K Free: 1036264K (97%)
ptolemy.util.test.WatchDog.cancel(): canceling Thu Mar 21 03:49:31 UTC 2019
auto.tcl: Setting watchdog for 200 seconds at Thu Mar 21 03:49:31 UTC 2019
5 ms. Memory: 1064448K Free: 1036264K (97%)
ptolemy.util.test.WatchDog.cancel(): canceling Thu Mar 21 03:49:31 UTC 2019
------------------ testing $PTII/ptolemy/domains/de/test/auto/ResetTransitionWithStartTime3.xml
auto.tcl: Setting watchdog for 200 seconds at Thu Mar 21 03:49:31 UTC 2019
12 ms. Memory: 1064960K Free: 1035635K (97%)
ptolemy.util.test.WatchDog.cancel(): canceling Thu Mar 21 03:49:31 UTC 2019
auto.tcl: Setting watchdog for 200 seconds at Thu Mar 21 03:49:31 UTC 2019
5 ms. Memory: 1064960K Free: 1035635K (97%)
ptolemy.util.test.WatchDog.cancel(): canceling Thu Mar 21 03:49:31 UTC 2019
------------------ testing $PTII/ptolemy/domains/de/test/auto/ResetTransitionWithStartTime4.xml
auto.tcl: Setting watchdog for 200 seconds at Thu Mar 21 03:49:31 UTC 2019
4 ms. Memory: 1064960K Free: 1035634K (97%)
ptolemy.util.test.WatchDog.cancel(): canceling Thu Mar 21 03:49:31 UTC 2019
auto.tcl: Setting watchdog for 200 seconds at Thu Mar 21 03:49:31 UTC 2019
4 ms. Memory: 1064960K Free: 1035634K (97%)
ptolemy.util.test.WatchDog.cancel(): canceling Thu Mar 21 03:49:31 UTC 2019
------------------ testing $PTII/ptolemy/domains/de/test/auto/ResettableTimer1.xml
auto.tcl: Setting watchdog for 200 seconds at Thu Mar 21 03:49:31 UTC 2019
2 ms. Memory: 1064960K Free: 1035629K (97%)
ptolemy.util.test.WatchDog.cancel(): canceling Thu Mar 21 03:49:31 UTC 2019
auto.tcl: Setting watchdog for 200 seconds at Thu Mar 21 03:49:31 UTC 2019
2 ms. Memory: 1064960K Free: 1035629K (97%)
ptolemy.util.test.WatchDog.cancel(): canceling Thu Mar 21 03:49:31 UTC 2019
------------------ testing $PTII/ptolemy/domains/de/test/auto/ResettableTimer2.xml
auto.tcl: Setting watchdog for 200 seconds at Thu Mar 21 03:49:31 UTC 2019
3 ms. Memory: 1064960K Free: 1036827K (97%)
ptolemy.util.test.WatchDog.cancel(): canceling Thu Mar 21 03:49:31 UTC 2019
auto.tcl: Setting watchdog for 200 seconds at Thu Mar 21 03:49:31 UTC 2019
2 ms. Memory: 1064960K Free: 1036827K (97%)
ptolemy.util.test.WatchDog.cancel(): canceling Thu Mar 21 03:49:31 UTC 2019
------------------ testing $PTII/ptolemy/domains/de/test/auto/ResettableTimer3.xml
auto.tcl: Setting watchdog for 200 seconds at Thu Mar 21 03:49:31 UTC 2019
2 ms. Memory: 1064960K Free: 1035687K (97%)
ptolemy.util.test.WatchDog.cancel(): canceling Thu Mar 21 03:49:31 UTC 2019
auto.tcl: Setting watchdog for 200 seconds at Thu Mar 21 03:49:31 UTC 2019
1 ms. Memory: 1064960K Free: 1035687K (97%)
ptolemy.util.test.WatchDog.cancel(): canceling Thu Mar 21 03:49:31 UTC 2019
------------------ testing $PTII/ptolemy/domains/de/test/auto/ResettableTimer4.xml
auto.tcl: Setting watchdog for 200 seconds at Thu Mar 21 03:49:31 UTC 2019
1 ms. Memory: 1063936K Free: 1035815K (97%)
ptolemy.util.test.WatchDog.cancel(): canceling Thu Mar 21 03:49:31 UTC 2019
auto.tcl: Setting watchdog for 200 seconds at Thu Mar 21 03:49:31 UTC 2019
2 ms. Memory: 1063936K Free: 1035815K (97%)
ptolemy.util.test.WatchDog.cancel(): canceling Thu Mar 21 03:49:31 UTC 2019
------------------ testing $PTII/ptolemy/domains/de/test/auto/ResettableTimer5.xml
auto.tcl: Setting watchdog for 200 seconds at Thu Mar 21 03:49:32 UTC 2019
1 ms. Memory: 1064448K Free: 1026505K (96%)
ptolemy.util.test.WatchDog.cancel(): canceling Thu Mar 21 03:49:32 UTC 2019
auto.tcl: Setting watchdog for 200 seconds at Thu Mar 21 03:49:32 UTC 2019
1 ms. Memory: 1064448K Free: 1026505K (96%)
ptolemy.util.test.WatchDog.cancel(): canceling Thu Mar 21 03:49:32 UTC 2019
------------------ testing $PTII/ptolemy/domains/de/test/auto/ResettableTimer6.xml
auto.tcl: Setting watchdog for 200 seconds at Thu Mar 21 03:49:32 UTC 2019
1 ms. Memory: 1064448K Free: 1025314K (96%)
ptolemy.util.test.WatchDog.cancel(): canceling Thu Mar 21 03:49:32 UTC 2019
auto.tcl: Setting watchdog for 200 seconds at Thu Mar 21 03:49:32 UTC 2019
1 ms. Memory: 1064448K Free: 1025314K (96%)
ptolemy.util.test.WatchDog.cancel(): canceling Thu Mar 21 03:49:32 UTC 2019
------------------ testing $PTII/ptolemy/domains/de/test/auto/ServerZeroDelay.xml
auto.tcl: Setting watchdog for 200 seconds at Thu Mar 21 03:49:32 UTC 2019
2 ms. Memory: 1064448K Free: 1036265K (97%)
ptolemy.util.test.WatchDog.cancel(): canceling Thu Mar 21 03:49:32 UTC 2019
auto.tcl: Setting watchdog for 200 seconds at Thu Mar 21 03:49:32 UTC 2019
2 ms. Memory: 1064448K Free: 1036265K (97%)
ptolemy.util.test.WatchDog.cancel(): canceling Thu Mar 21 03:49:32 UTC 2019
------------------ testing $PTII/ptolemy/domains/de/test/auto/SmartSender.xml
auto.tcl: Setting watchdog for 200 seconds at Thu Mar 21 03:49:32 UTC 2019
3002 ms. Memory: 1064448K Free: 1026441K (96%)
ptolemy.util.test.WatchDog.cancel(): canceling Thu Mar 21 03:49:35 UTC 2019
auto.tcl: Setting watchdog for 200 seconds at Thu Mar 21 03:49:35 UTC 2019
3002 ms. Memory: 1064448K Free: 1026441K (96%)
ptolemy.util.test.WatchDog.cancel(): canceling Thu Mar 21 03:49:38 UTC 2019
------------------ testing $PTII/ptolemy/domains/de/test/auto/ThreadedComposite.xml
auto.tcl: Setting watchdog for 200 seconds at Thu Mar 21 03:49:38 UTC 2019
239 ms. Memory: 1064448K Free: 1005674K (94%)
ptolemy.util.test.WatchDog.cancel(): canceling Thu Mar 21 03:49:38 UTC 2019
auto.tcl: Setting watchdog for 200 seconds at Thu Mar 21 03:49:38 UTC 2019
180 ms. Memory: 1064448K Free: 972411K (91%)
ptolemy.util.test.WatchDog.cancel(): canceling Thu Mar 21 03:49:38 UTC 2019
------------------ testing $PTII/ptolemy/domains/de/test/auto/Time.xml
auto.tcl: Setting watchdog for 200 seconds at Thu Mar 21 03:49:38 UTC 2019
540 ms. Memory: 1064448K Free: 985746K (93%)
ptolemy.util.test.WatchDog.cancel(): canceling Thu Mar 21 03:49:39 UTC 2019
auto.tcl: Setting watchdog for 200 seconds at Thu Mar 21 03:49:39 UTC 2019
523 ms. Memory: 1064448K Free: 931257K (87%)
ptolemy.util.test.WatchDog.cancel(): canceling Thu Mar 21 03:49:39 UTC 2019
------------------ testing $PTII/ptolemy/domains/de/test/auto/TimeDelayZeroDelay.xml
auto.tcl: Setting watchdog for 200 seconds at Thu Mar 21 03:49:39 UTC 2019
2 ms. Memory: 1064448K Free: 1035044K (97%)
ptolemy.util.test.WatchDog.cancel(): canceling Thu Mar 21 03:49:39 UTC 2019
auto.tcl: Setting watchdog for 200 seconds at Thu Mar 21 03:49:39 UTC 2019
2 ms. Memory: 1064448K Free: 1035044K (97%)
ptolemy.util.test.WatchDog.cancel(): canceling Thu Mar 21 03:49:39 UTC 2019
------------------ testing $PTII/ptolemy/domains/de/test/auto/TimerZeroDelay.xml
auto.tcl: Setting watchdog for 200 seconds at Thu Mar 21 03:49:39 UTC 2019
2 ms. Memory: 1063424K Free: 1035204K (97%)
ptolemy.util.test.WatchDog.cancel(): canceling Thu Mar 21 03:49:40 UTC 2019
auto.tcl: Setting watchdog for 200 seconds at Thu Mar 21 03:49:40 UTC 2019
2 ms. Memory: 1063424K Free: 1035204K (97%)
ptolemy.util.test.WatchDog.cancel(): canceling Thu Mar 21 03:49:40 UTC 2019
------------------ testing $PTII/ptolemy/domains/de/test/auto/TimingParadox.xml
auto.tcl: Setting watchdog for 200 seconds at Thu Mar 21 03:49:40 UTC 2019
366 ms. Memory: 1063936K Free: 977854K (92%)
ptolemy.util.test.WatchDog.cancel(): canceling Thu Mar 21 03:49:40 UTC 2019
auto.tcl: Setting watchdog for 200 seconds at Thu Mar 21 03:49:40 UTC 2019
342 ms. Memory: 1063936K Free: 936988K (88%)
ptolemy.util.test.WatchDog.cancel(): canceling Thu Mar 21 03:49:40 UTC 2019
------------------ testing $PTII/ptolemy/domains/de/test/auto/TransferInputs.xml
auto.tcl: Setting watchdog for 200 seconds at Thu Mar 21 03:49:40 UTC 2019
2 ms. Memory: 1063424K Free: 1034175K (97%)
ptolemy.util.test.WatchDog.cancel(): canceling Thu Mar 21 03:49:40 UTC 2019
auto.tcl: Setting watchdog for 200 seconds at Thu Mar 21 03:49:40 UTC 2019
1 ms. Memory: 1063424K Free: 1034175K (97%)
ptolemy.util.test.WatchDog.cancel(): canceling Thu Mar 21 03:49:40 UTC 2019
------------------ testing $PTII/ptolemy/domains/de/test/auto/TransferOutputs2.xml
auto.tcl: Setting watchdog for 200 seconds at Thu Mar 21 03:49:40 UTC 2019
6 ms. Memory: 1063936K Free: 1025973K (96%)
ptolemy.util.test.WatchDog.cancel(): canceling Thu Mar 21 03:49:41 UTC 2019
auto.tcl: Setting watchdog for 200 seconds at Thu Mar 21 03:49:41 UTC 2019
4 ms. Memory: 1063936K Free: 1025973K (96%)
ptolemy.util.test.WatchDog.cancel(): canceling Thu Mar 21 03:49:41 UTC 2019
------------------ testing $PTII/ptolemy/domains/de/test/auto/Trilateration.xml
auto.tcl: Setting watchdog for 200 seconds at Thu Mar 21 03:49:41 UTC 2019
13997 ms. Memory: 976384K Free: 942877K (97%)
ptolemy.util.test.WatchDog.cancel(): canceling Thu Mar 21 03:49:56 UTC 2019
auto.tcl: Setting watchdog for 200 seconds at Thu Mar 21 03:49:56 UTC 2019
10543 ms. Memory: 849408K Free: 791337K (93%)
ptolemy.util.test.WatchDog.cancel(): canceling Thu Mar 21 03:50:06 UTC 2019
------------------ testing $PTII/ptolemy/domains/de/test/auto/TwoSigmaDelta.xml
auto.tcl: Setting watchdog for 200 seconds at Thu Mar 21 03:50:06 UTC 2019
2754 ms. Memory: 853504K Free: 548338K (64%)
ptolemy.util.test.WatchDog.cancel(): canceling Thu Mar 21 03:50:09 UTC 2019
auto.tcl: Setting watchdog for 200 seconds at Thu Mar 21 03:50:09 UTC 2019
2049 ms. Memory: 853504K Free: 317986K (37%)
ptolemy.util.test.WatchDog.cancel(): canceling Thu Mar 21 03:50:11 UTC 2019
------------------ testing $PTII/ptolemy/domains/de/test/auto/VariableDelay.xml
auto.tcl: Setting watchdog for 200 seconds at Thu Mar 21 03:50:11 UTC 2019
2 ms. Memory: 849920K Free: 825538K (97%)
ptolemy.util.test.WatchDog.cancel(): canceling Thu Mar 21 03:50:11 UTC 2019
auto.tcl: Setting watchdog for 200 seconds at Thu Mar 21 03:50:11 UTC 2019
2 ms. Memory: 849920K Free: 825538K (97%)
ptolemy.util.test.WatchDog.cancel(): canceling Thu Mar 21 03:50:11 UTC 2019
------------------ testing $PTII/ptolemy/domains/de/test/auto/VariableDelay2.xml
auto.tcl: Setting watchdog for 200 seconds at Thu Mar 21 03:50:11 UTC 2019
2 ms. Memory: 849408K Free: 825542K (97%)
ptolemy.util.test.WatchDog.cancel(): canceling Thu Mar 21 03:50:11 UTC 2019
auto.tcl: Setting watchdog for 200 seconds at Thu Mar 21 03:50:11 UTC 2019
2 ms. Memory: 849408K Free: 825542K (97%)
ptolemy.util.test.WatchDog.cancel(): canceling Thu Mar 21 03:50:11 UTC 2019
------------------ testing $PTII/ptolemy/domains/de/test/auto/VariableDelayZeroDelay.xml
auto.tcl: Setting watchdog for 200 seconds at Thu Mar 21 03:50:11 UTC 2019
2 ms. Memory: 849408K Free: 825541K (97%)
ptolemy.util.test.WatchDog.cancel(): canceling Thu Mar 21 03:50:11 UTC 2019
auto.tcl: Setting watchdog for 200 seconds at Thu Mar 21 03:50:11 UTC 2019
3 ms. Memory: 849408K Free: 825541K (97%)
ptolemy.util.test.WatchDog.cancel(): canceling Thu Mar 21 03:50:11 UTC 2019
------------------ testing $PTII/ptolemy/domains/de/test/auto/VariableDelayZeroDelay2.xml
auto.tcl: Setting watchdog for 200 seconds at Thu Mar 21 03:50:11 UTC 2019
2 ms. Memory: 852992K Free: 821443K (96%)
ptolemy.util.test.WatchDog.cancel(): canceling Thu Mar 21 03:50:11 UTC 2019
auto.tcl: Setting watchdog for 200 seconds at Thu Mar 21 03:50:11 UTC 2019
2 ms. Memory: 852992K Free: 821443K (96%)
ptolemy.util.test.WatchDog.cancel(): canceling Thu Mar 21 03:50:11 UTC 2019
------------------ testing $PTII/ptolemy/domains/de/test/auto/deInCt.xml
auto.tcl: Setting watchdog for 200 seconds at Thu Mar 21 03:50:11 UTC 2019
0
1
1
1
0
0
0
0
1
1
1
0
0
0
0
1
1
1
0
0
0
0
0
1
1
1
1
0
0
0
1
1
1
1
10 ms. Memory: 849408K Free: 817753K (96%)
ptolemy.util.test.WatchDog.cancel(): canceling Thu Mar 21 03:50:11 UTC 2019
auto.tcl: Setting watchdog for 200 seconds at Thu Mar 21 03:50:11 UTC 2019
0
1
1
1
1
1
1
0
0
0
1
1
1
1
0
0
0
0
1
1
1
0
0
0
1
1
1
0
0
0
0
4 ms. Memory: 849408K Free: 817753K (96%)
ptolemy.util.test.WatchDog.cancel(): canceling Thu Mar 21 03:50:11 UTC 2019
------------------ testing $PTII/ptolemy/domains/de/test/auto/deInCt2.xml
auto.tcl: Setting watchdog for 200 seconds at Thu Mar 21 03:50:12 UTC 2019
0
1
1
1
0
0
1
1
1
0
0
1
1
1
0
0
1
1
1
0
0
1
1
1
0
0
1
1
1
0
0
1
1
1
0
0
1
1
1
0
0
0
5 ms. Memory: 852480K Free: 820824K (96%)
ptolemy.util.test.WatchDog.cancel(): canceling Thu Mar 21 03:50:12 UTC 2019
auto.tcl: Setting watchdog for 200 seconds at Thu Mar 21 03:50:12 UTC 2019
0
1
1
1
0
0
1
1
1
0
0
1
1
1
0
0
1
1
1
0
0
1
1
1
0
0
1
1
1
0
0
1
1
1
0
0
1
1
1
0
0
0
7 ms. Memory: 852480K Free: 820824K (96%)
ptolemy.util.test.WatchDog.cancel(): canceling Thu Mar 21 03:50:12 UTC 2019
------------------ testing $PTII/ptolemy/domains/de/test/auto/dynamicCausalityInterface1.xml
auto.tcl: Setting watchdog for 200 seconds at Thu Mar 21 03:50:12 UTC 2019
1 ms. Memory: 849408K Free: 825531K (97%)
ptolemy.util.test.WatchDog.cancel(): canceling Thu Mar 21 03:50:12 UTC 2019
auto.tcl: Setting watchdog for 200 seconds at Thu Mar 21 03:50:12 UTC 2019
1 ms. Memory: 849408K Free: 825531K (97%)
ptolemy.util.test.WatchDog.cancel(): canceling Thu Mar 21 03:50:12 UTC 2019
------------------ testing $PTII/ptolemy/domains/de/test/auto/fsm_de_test.xml
auto.tcl: Setting watchdog for 200 seconds at Thu Mar 21 03:50:12 UTC 2019
7 ms. Memory: 851968K Free: 820306K (96%)
ptolemy.util.test.WatchDog.cancel(): canceling Thu Mar 21 03:50:12 UTC 2019
auto.tcl: Setting watchdog for 200 seconds at Thu Mar 21 03:50:12 UTC 2019
5 ms. Memory: 851968K Free: 820306K (96%)
ptolemy.util.test.WatchDog.cancel(): canceling Thu Mar 21 03:50:12 UTC 2019
------------------ testing $PTII/ptolemy/domains/de/test/auto/functionDependencyReconstruction.xml
auto.tcl: Setting watchdog for 200 seconds at Thu Mar 21 03:50:12 UTC 2019
2 ms. Memory: 849408K Free: 806393K (95%)
ptolemy.util.test.WatchDog.cancel(): canceling Thu Mar 21 03:50:12 UTC 2019
auto.tcl: Setting watchdog for 200 seconds at Thu Mar 21 03:50:12 UTC 2019
3 ms. Memory: 849408K Free: 806393K (95%)
ptolemy.util.test.WatchDog.cancel(): canceling Thu Mar 21 03:50:12 UTC 2019
------------------ testing $PTII/ptolemy/domains/de/test/auto/multirate.xml
auto.tcl: Setting watchdog for 200 seconds at Thu Mar 21 03:50:12 UTC 2019
7 ms. Memory: 851456K Free: 819660K (96%)
ptolemy.util.test.WatchDog.cancel(): canceling Thu Mar 21 03:50:12 UTC 2019
auto.tcl: Setting watchdog for 200 seconds at Thu Mar 21 03:50:12 UTC 2019
3 ms. Memory: 851456K Free: 819660K (96%)
ptolemy.util.test.WatchDog.cancel(): canceling Thu Mar 21 03:50:12 UTC 2019
------------------ testing $PTII/ptolemy/domains/de/test/auto/multirate2.xml
auto.tcl: Setting watchdog for 200 seconds at Thu Mar 21 03:50:12 UTC 2019
3 ms. Memory: 849408K Free: 817799K (96%)
ptolemy.util.test.WatchDog.cancel(): canceling Thu Mar 21 03:50:12 UTC 2019
auto.tcl: Setting watchdog for 200 seconds at Thu Mar 21 03:50:12 UTC 2019
2 ms. Memory: 849408K Free: 817799K (96%)
ptolemy.util.test.WatchDog.cancel(): canceling Thu Mar 21 03:50:12 UTC 2019
------------------ testing $PTII/ptolemy/domains/de/test/auto/realtime.xml
auto.tcl: Setting watchdog for 200 seconds at Thu Mar 21 03:50:12 UTC 2019
10001 ms. Memory: 851456K Free: 819742K (96%)
ptolemy.util.test.WatchDog.cancel(): canceling Thu Mar 21 03:50:22 UTC 2019
auto.tcl: Setting watchdog for 200 seconds at Thu Mar 21 03:50:22 UTC 2019
10001 ms. Memory: 851456K Free: 819742K (96%)
ptolemy.util.test.WatchDog.cancel(): canceling Thu Mar 21 03:50:32 UTC 2019
------------------ testing $PTII/ptolemy/domains/de/test/auto/relationGroup.xml
auto.tcl: Setting watchdog for 200 seconds at Thu Mar 21 03:50:32 UTC 2019
2 ms. Memory: 849408K Free: 817823K (96%)
ptolemy.util.test.WatchDog.cancel(): canceling Thu Mar 21 03:50:32 UTC 2019
auto.tcl: Setting watchdog for 200 seconds at Thu Mar 21 03:50:32 UTC 2019
2 ms. Memory: 849408K Free: 817823K (96%)
ptolemy.util.test.WatchDog.cancel(): canceling Thu Mar 21 03:50:32 UTC 2019
------------------ testing $PTII/ptolemy/domains/de/test/auto/relationGroup2.xml
auto.tcl: Setting watchdog for 200 seconds at Thu Mar 21 03:50:32 UTC 2019
8 ms. Memory: 850944K Free: 819385K (96%)
ptolemy.util.test.WatchDog.cancel(): canceling Thu Mar 21 03:50:32 UTC 2019
auto.tcl: Setting watchdog for 200 seconds at Thu Mar 21 03:50:32 UTC 2019
1 ms. Memory: 850944K Free: 819385K (96%)
ptolemy.util.test.WatchDog.cancel(): canceling Thu Mar 21 03:50:32 UTC 2019
------------------ testing $PTII/ptolemy/domains/de/test/auto/sortWithOpaquePorts.xml
auto.tcl: Setting watchdog for 200 seconds at Thu Mar 21 03:50:32 UTC 2019
3 ms. Memory: 849408K Free: 817850K (96%)
ptolemy.util.test.WatchDog.cancel(): canceling Thu Mar 21 03:50:32 UTC 2019
auto.tcl: Setting watchdog for 200 seconds at Thu Mar 21 03:50:32 UTC 2019
2 ms. Memory: 849408K Free: 817850K (96%)
ptolemy.util.test.WatchDog.cancel(): canceling Thu Mar 21 03:50:32 UTC 2019
------------------ testing $PTII/ptolemy/domains/de/test/auto/transferInputsandOutputs.xml
auto.tcl: Setting watchdog for 200 seconds at Thu Mar 21 03:50:32 UTC 2019
2 ms. Memory: 850944K Free: 819373K (96%)
ptolemy.util.test.WatchDog.cancel(): canceling Thu Mar 21 03:50:32 UTC 2019
auto.tcl: Setting watchdog for 200 seconds at Thu Mar 21 03:50:32 UTC 2019
2 ms. Memory: 850944K Free: 819373K (96%)
ptolemy.util.test.WatchDog.cancel(): canceling Thu Mar 21 03:50:32 UTC 2019
------------------ testing $PTII/ptolemy/domains/de/test/auto/triggerType.xml
auto.tcl: Setting watchdog for 200 seconds at Thu Mar 21 03:50:32 UTC 2019
2 ms. Memory: 849408K Free: 817788K (96%)
ptolemy.util.test.WatchDog.cancel(): canceling Thu Mar 21 03:50:32 UTC 2019
auto.tcl: Setting watchdog for 200 seconds at Thu Mar 21 03:50:32 UTC 2019
1 ms. Memory: 849408K Free: 817788K (96%)
ptolemy.util.test.WatchDog.cancel(): canceling Thu Mar 21 03:50:32 UTC 2019
03/21/19 03:50:32
Failed: 0  Total Tests: 192  ((Passed: 187, Newly Passed: 1)  Known Failed: 5) /home/travis/build/icyphy/ptII/ptolemy/domains/de/test
03/21/19 03:50:32
Failed: 0  Total Tests: 192  ((Passed: 187, Newly Passed: 1)  Known Failed: 5) /home/travis/build/icyphy/ptII/ptolemy/domains/de/test
----------------- testing (KnownFailure) /home/travis/build/icyphy/ptII/ptolemy/domains/de/test/auto/knownFailedTests/DESDFClockTest.xml
2011 ms. Memory: 850432K Free: 803401K (94%)
Known Failure: java.lang.reflect.InvocationTargetException
----------------- testing (KnownFailure) /home/travis/build/icyphy/ptII/ptolemy/domains/de/test/auto/knownFailedTests/DirectFeedback.xml
1 ms. Memory: 850432K Free: 741961K (87%)
Known Failure: java.lang.reflect.InvocationTargetException
----------------- testing (KnownFailure) /home/travis/build/icyphy/ptII/ptolemy/domains/de/test/auto/knownFailedTests/FSMSource.xml
11 ms. Memory: 850432K Free: 680521K (80%)
----------------- testing (KnownFailure) /home/travis/build/icyphy/ptII/ptolemy/domains/de/test/auto/knownFailedTests/HierarchicalModel.xml
3 ms. Memory: 850432K Free: 634424K (75%)
Known Failure: java.lang.reflect.InvocationTargetException
----------------- testing (KnownFailure) /home/travis/build/icyphy/ptII/ptolemy/domains/de/test/auto/knownFailedTests/dependencyLoop.xml
2 ms. Memory: 850432K Free: 572984K (67%)
Known Failure: java.lang.reflect.InvocationTargetException
----------------- testing (KnownFailure) /home/travis/build/icyphy/ptII/ptolemy/domains/de/test/auto/knownFailedTests/dependencyLoop2.xml
2 ms. Memory: 850432K Free: 511544K (60%)
Known Failure: java.lang.reflect.InvocationTargetException
No auto/linux-amd64/*.xml tests in /home/travis/build/icyphy/ptII/ptolemy/domains/de/test
AutoTests.java: About to close Vertx.
AutoTests.java: Vertx closed.

===========================================================================================
----------------- testing Thu Mar 21 03:50:35 UTC 2019 /home/travis/build/icyphy/ptII/ptolemy/domains/de/test/auto/ActorDepthCalculation_actorWithoutPorts.xml
----------------- Instantiating /home/travis/build/icyphy/ptII/ptolemy/domains/de/test/auto/ActorDepthCalculation_actorWithoutPorts.xml
3 ms. Memory: 850432K Free: 434744K (51%)
----------------- Invoking toplevel() on ptolemy.moml.MoMLSimpleApplication@5ca884bb
----------------- Done invoking toplevel() on ptolemy.moml.MoMLSimpleApplication@5ca884bb
reloadAllAccessors: .ActorDepthCalculation_actorWithoutPorts

===========================================================================================
----------------- testing Thu Mar 21 03:50:35 UTC 2019 /home/travis/build/icyphy/ptII/ptolemy/domains/de/test/auto/AssemblyLine.xml
----------------- Instantiating /home/travis/build/icyphy/ptII/ptolemy/domains/de/test/auto/AssemblyLine.xml
2 ms. Memory: 850432K Free: 404024K (48%)
----------------- Invoking toplevel() on ptolemy.moml.MoMLSimpleApplication@76a74948
----------------- Done invoking toplevel() on ptolemy.moml.MoMLSimpleApplication@76a74948
reloadAllAccessors: .AssemblyLine

===========================================================================================
----------------- testing Thu Mar 21 03:50:35 UTC 2019 /home/travis/build/icyphy/ptII/ptolemy/domains/de/test/auto/CQBug1.xml
----------------- Instantiating /home/travis/build/icyphy/ptII/ptolemy/domains/de/test/auto/CQBug1.xml
0 ms. Memory: 850432K Free: 373303K (44%)
----------------- Invoking toplevel() on ptolemy.moml.MoMLSimpleApplication@a1601e8
----------------- Done invoking toplevel() on ptolemy.moml.MoMLSimpleApplication@a1601e8
reloadAllAccessors: .CQBug1

===========================================================================================
----------------- testing Thu Mar 21 03:50:35 UTC 2019 /home/travis/build/icyphy/ptII/ptolemy/domains/de/test/auto/CancelFireAt.xml
----------------- Instantiating /home/travis/build/icyphy/ptII/ptolemy/domains/de/test/auto/CancelFireAt.xml
1 ms. Memory: 850432K Free: 342583K (40%)
----------------- Invoking toplevel() on ptolemy.moml.MoMLSimpleApplication@4915f8c8
----------------- Done invoking toplevel() on ptolemy.moml.MoMLSimpleApplication@4915f8c8
reloadAllAccessors: .CancelFireAt

===========================================================================================
----------------- testing Thu Mar 21 03:50:35 UTC 2019 /home/travis/build/icyphy/ptII/ptolemy/domains/de/test/auto/CausalityAndComposabilityAnalysis.xml
----------------- Instantiating /home/travis/build/icyphy/ptII/ptolemy/domains/de/test/auto/CausalityAndComposabilityAnalysis.xml
1 ms. Memory: 850432K Free: 311863K (37%)
----------------- Invoking toplevel() on ptolemy.moml.MoMLSimpleApplication@742e7b0d
----------------- Done invoking toplevel() on ptolemy.moml.MoMLSimpleApplication@742e7b0d
reloadAllAccessors: .CausalityAndComposabilityAnalysis

===========================================================================================
----------------- testing Thu Mar 21 03:50:35 UTC 2019 /home/travis/build/icyphy/ptII/ptolemy/domains/de/test/auto/CausalityInterface1.xml
----------------- Instantiating /home/travis/build/icyphy/ptII/ptolemy/domains/de/test/auto/CausalityInterface1.xml
4 ms. Memory: 850432K Free: 281143K (33%)
----------------- Invoking toplevel() on ptolemy.moml.MoMLSimpleApplication@dc26206
----------------- Done invoking toplevel() on ptolemy.moml.MoMLSimpleApplication@dc26206
reloadAllAccessors: .CausalityInterface1

===========================================================================================
----------------- testing Thu Mar 21 03:50:35 UTC 2019 /home/travis/build/icyphy/ptII/ptolemy/domains/de/test/auto/CausalityInterface15.xml
----------------- Instantiating /home/travis/build/icyphy/ptII/ptolemy/domains/de/test/auto/CausalityInterface15.xml
1 ms. Memory: 850432K Free: 250423K (29%)
----------------- Invoking toplevel() on ptolemy.moml.MoMLSimpleApplication@286c5af2
----------------- Done invoking toplevel() on ptolemy.moml.MoMLSimpleApplication@286c5af2
[...]
java.lang.RuntimeException: Execution failed
	at ptolemy.moml.MoMLSimpleApplication$UnloadThread.run(MoMLSimpleApplication.java:402)
Caused by: ptolemy.kernel.util.IllegalActionException: Test fails in iteration 1.
Value was: 1.0. Should have been: 2.0
  in .DirectFeedback.Test
	at ptolemy.actor.lib.Test.fire(Test.java:268)
	at ptolemy.domains.de.kernel.DEDirector._fire(DEDirector.java:1949)
	at ptolemy.domains.de.kernel.DEDirector.fire(DEDirector.java:502)
	at ptolemy.actor.CompositeActor.fire(CompositeActor.java:455)
	at ptolemy.actor.Manager.iterate(Manager.java:851)
	at ptolemy.actor.Manager.execute(Manager.java:369)
	at ptolemy.actor.Manager.run(Manager.java:1263)
	at ptolemy.actor.Manager$PtolemyRunThread.run(Manager.java:1915)
java.lang.RuntimeException: Execution failed
	at ptolemy.moml.MoMLSimpleApplication$UnloadThread.run(MoMLSimpleApplication.java:402)
Caused by: ptolemy.kernel.util.IllegalActionException: Actor is not ready to fire.  Perhaps UpSample.prefire() returned false? Try debugging the actor by selecting "Listen to Actor".  Also, for SDF check moml for tokenConsumptionRate on input.
  in .DESDFClockTest.Play Bell.Copy1:SDF Director and .DESDFClockTest.Play Bell.UpSample
	at ptolemy.actor.sched.StaticSchedulingDirector.fire(StaticSchedulingDirector.java:227)
	at ptolemy.domains.sdf.kernel.SDFDirector.fire(SDFDirector.java:500)
	at ptolemy.actor.CompositeActor.fire(CompositeActor.java:455)
	at ptolemy.domains.de.kernel.DEDirector._fire(DEDirector.java:1949)
	at ptolemy.domains.de.kernel.DEDirector.fire(DEDirector.java:502)
	at ptolemy.actor.CompositeActor.fire(CompositeActor.java:455)
	at ptolemy.actor.Manager.iterate(Manager.java:851)
	at ptolemy.actor.Manager.execute(Manager.java:369)
	at ptolemy.actor.Manager.run(Manager.java:1263)
	at ptolemy.actor.Manager$PtolemyRunThread.run(Manager.java:1915)
java.lang.reflect.InvocationTargetException
	at sun.reflect.NativeConstructorAccessorImpl.newInstance0(Native Method)
	at sun.reflect.NativeConstructorAccessorImpl.newInstance(NativeConstructorAccessorImpl.java:62)
	at sun.reflect.DelegatingConstructorAccessorImpl.newInstance(DelegatingConstructorAccessorImpl.java:45)
	at java.lang.reflect.Constructor.newInstance(Constructor.java:423)
	at ptolemy.util.test.junit.AutoKnownFailedTests.RunModel(AutoKnownFailedTests.java:105)
	at sun.reflect.NativeMethodAccessorImpl.invoke0(Native Method)
	at sun.reflect.NativeMethodAccessorImpl.invoke(NativeMethodAccessorImpl.java:62)
	at sun.reflect.DelegatingMethodAccessorImpl.invoke(DelegatingMethodAccessorImpl.java:43)
	at java.lang.reflect.Method.invoke(Method.java:498)
	at org.junit.runners.model.FrameworkMethod$1.runReflectiveCall(FrameworkMethod.java:44)
	at org.junit.internal.runners.model.ReflectiveCallable.run(ReflectiveCallable.java:15)
	at org.junit.runners.model.FrameworkMethod.invokeExplosively(FrameworkMethod.java:41)
	at junitparams.internal.InvokeParameterisedMethod.evaluate(InvokeParameterisedMethod.java:102)
	at org.junit.internal.runners.statements.FailOnTimeout$1.run(FailOnTimeout.java:28)
Caused by: ptolemy.kernel.util.IllegalActionException: Actor is not ready to fire.  Perhaps UpSample.prefire() returned false? Try debugging the actor by selecting "Listen to Actor".  Also, for SDF check moml for tokenConsumptionRate on input.
  in .DESDFClockTest.Play Bell.Copy1:SDF Director and .DESDFClockTest.Play Bell.UpSample
	at ptolemy.actor.sched.StaticSchedulingDirector.fire(StaticSchedulingDirector.java:227)
	at ptolemy.domains.sdf.kernel.SDFDirector.fire(SDFDirector.java:500)
	at ptolemy.actor.CompositeActor.fire(CompositeActor.java:455)
	at ptolemy.domains.de.kernel.DEDirector._fire(DEDirector.java:1949)
	at ptolemy.domains.de.kernel.DEDirector.fire(DEDirector.java:502)
	at ptolemy.actor.CompositeActor.fire(CompositeActor.java:455)
	at ptolemy.actor.Manager.iterate(Manager.java:851)
	at ptolemy.actor.Manager.execute(Manager.java:369)
	at ptolemy.actor.Manager.run(Manager.java:1263)
	at ptolemy.actor.Manager$PtolemyRunThread.run(Manager.java:1915)
java.lang.RuntimeException: Execution failed
	at ptolemy.moml.MoMLSimpleApplication$UnloadThread.run(MoMLSimpleApplication.java:402)
Caused by: ptolemy.kernel.util.IllegalActionException: Test fails in iteration 1.
Value was: 1.0. Should have been: 2.0
  in .DirectFeedback.Test
	at ptolemy.actor.lib.Test.fire(Test.java:268)
	at ptolemy.domains.de.kernel.DEDirector._fire(DEDirector.java:1949)
	at ptolemy.domains.de.kernel.DEDirector.fire(DEDirector.java:502)
	at ptolemy.actor.CompositeActor.fire(CompositeActor.java:455)
	at ptolemy.actor.Manager.iterate(Manager.java:851)
	at ptolemy.actor.Manager.execute(Manager.java:369)
	at ptolemy.actor.Manager.run(Manager.java:1263)
	at ptolemy.actor.Manager$PtolemyRunThread.run(Manager.java:1915)
java.lang.reflect.InvocationTargetException
	at sun.reflect.NativeConstructorAccessorImpl.newInstance0(Native Method)
	at sun.reflect.NativeConstructorAccessorImpl.newInstance(NativeConstructorAccessorImpl.java:62)
	at sun.reflect.DelegatingConstructorAccessorImpl.newInstance(DelegatingConstructorAccessorImpl.java:45)
	at java.lang.reflect.Constructor.newInstance(Constructor.java:423)
	at ptolemy.util.test.junit.AutoKnownFailedTests.RunModel(AutoKnownFailedTests.java:105)
	at sun.reflect.NativeMethodAccessorImpl.invoke0(Native Method)
	at sun.reflect.NativeMethodAccessorImpl.invoke(NativeMethodAccessorImpl.java:62)
	at sun.reflect.DelegatingMethodAccessorImpl.invoke(DelegatingMethodAccessorImpl.java:43)
	at java.lang.reflect.Method.invoke(Method.java:498)
	at org.junit.runners.model.FrameworkMethod$1.runReflectiveCall(FrameworkMethod.java:44)
	at org.junit.internal.runners.model.ReflectiveCallable.run(ReflectiveCallable.java:15)
	at org.junit.runners.model.FrameworkMethod.invokeExplosively(FrameworkMethod.java:41)
	at junitparams.internal.InvokeParameterisedMethod.evaluate(InvokeParameterisedMethod.java:102)
	at org.junit.internal.runners.statements.FailOnTimeout$1.run(FailOnTimeout.java:28)
Caused by: ptolemy.kernel.util.IllegalActionException: Test fails in iteration 1.
Value was: 1.0. Should have been: 2.0
  in .DirectFeedback.Test
	at ptolemy.actor.lib.Test.fire(Test.java:268)
	at ptolemy.domains.de.kernel.DEDirector._fire(DEDirector.java:1949)
	at ptolemy.domains.de.kernel.DEDirector.fire(DEDirector.java:502)
	at ptolemy.actor.CompositeActor.fire(CompositeActor.java:455)
	at ptolemy.actor.Manager.iterate(Manager.java:851)
	at ptolemy.actor.Manager.execute(Manager.java:369)
	at ptolemy.actor.Manager.run(Manager.java:1263)
	at ptolemy.actor.Manager$PtolemyRunThread.run(Manager.java:1915)
java.lang.RuntimeException: Execution failed
	at ptolemy.moml.MoMLSimpleApplication$UnloadThread.run(MoMLSimpleApplication.java:402)
Caused by: ptolemy.kernel.util.IllegalActionException: Found a zero delay loop containing .HierarchicalModel.A
  in .HierarchicalModel and .HierarchicalModel.A
	at ptolemy.actor.util.CausalityInterfaceForComposites._computeOutputPortDepth(CausalityInterfaceForComposites.java:759)
	at ptolemy.actor.util.CausalityInterfaceForComposites._computeInputDepth(CausalityInterfaceForComposites.java:696)
	at ptolemy.actor.util.CausalityInterfaceForComposites._computeOutputPortDepth(CausalityInterfaceForComposites.java:765)
	at ptolemy.actor.util.CausalityInterfaceForComposites._computeInputDepth(CausalityInterfaceForComposites.java:696)
	at ptolemy.actor.util.CausalityInterfaceForComposites._computeOutputPortDepth(CausalityInterfaceForComposites.java:765)
	at ptolemy.actor.util.CausalityInterfaceForComposites._computeInputDepth(CausalityInterfaceForComposites.java:696)
	at ptolemy.actor.util.CausalityInterfaceForComposites._computeActorDepth(CausalityInterfaceForComposites.java:532)
	at ptolemy.actor.util.CausalityInterfaceForComposites.checkForCycles(CausalityInterfaceForComposites.java:96)
	at ptolemy.domains.de.kernel.DEDirector.preinitialize(DEDirector.java:1338)
	at ptolemy.actor.CompositeActor.preinitialize(CompositeActor.java:1828)
	at ptolemy.actor.Manager.preinitializeAndResolveTypes(Manager.java:1040)
	at ptolemy.actor.Manager.initialize(Manager.java:710)
	at ptolemy.actor.Manager.execute(Manager.java:356)
	at ptolemy.actor.Manager.run(Manager.java:1263)
	at ptolemy.actor.Manager$PtolemyRunThread.run(Manager.java:1915)
java.lang.reflect.InvocationTargetException
	at sun.reflect.NativeConstructorAccessorImpl.newInstance0(Native Method)
	at sun.reflect.NativeConstructorAccessorImpl.newInstance(NativeConstructorAccessorImpl.java:62)
	at sun.reflect.DelegatingConstructorAccessorImpl.newInstance(DelegatingConstructorAccessorImpl.java:45)
	at java.lang.reflect.Constructor.newInstance(Constructor.java:423)
	at ptolemy.util.test.junit.AutoKnownFailedTests.RunModel(AutoKnownFailedTests.java:105)
	at sun.reflect.NativeMethodAccessorImpl.invoke0(Native Method)
	at sun.reflect.NativeMethodAccessorImpl.invoke(NativeMethodAccessorImpl.java:62)
	at sun.reflect.DelegatingMethodAccessorImpl.invoke(DelegatingMethodAccessorImpl.java:43)
	at java.lang.reflect.Method.invoke(Method.java:498)
	at org.junit.runners.model.FrameworkMethod$1.runReflectiveCall(FrameworkMethod.java:44)
	at org.junit.internal.runners.model.ReflectiveCallable.run(ReflectiveCallable.java:15)
	at org.junit.runners.model.FrameworkMethod.invokeExplosively(FrameworkMethod.java:41)
	at junitparams.internal.InvokeParameterisedMethod.evaluate(InvokeParameterisedMethod.java:102)
	at org.junit.internal.runners.statements.FailOnTimeout$1.run(FailOnTimeout.java:28)
Caused by: ptolemy.kernel.util.IllegalActionException: Found a zero delay loop containing .HierarchicalModel.A
  in .HierarchicalModel and .HierarchicalModel.A
	at ptolemy.actor.util.CausalityInterfaceForComposites._computeOutputPortDepth(CausalityInterfaceForComposites.java:759)
	at ptolemy.actor.util.CausalityInterfaceForComposites._computeInputDepth(CausalityInterfaceForComposites.java:696)
	at ptolemy.actor.util.CausalityInterfaceForComposites._computeOutputPortDepth(CausalityInterfaceForComposites.java:765)
	at ptolemy.actor.util.CausalityInterfaceForComposites._computeInputDepth(CausalityInterfaceForComposites.java:696)
	at ptolemy.actor.util.CausalityInterfaceForComposites._computeOutputPortDepth(CausalityInterfaceForComposites.java:765)
	at ptolemy.actor.util.CausalityInterfaceForComposites._computeInputDepth(CausalityInterfaceForComposites.java:696)
	at ptolemy.actor.util.CausalityInterfaceForComposites._computeActorDepth(CausalityInterfaceForComposites.java:532)
	at ptolemy.actor.util.CausalityInterfaceForComposites.checkForCycles(CausalityInterfaceForComposites.java:96)
	at ptolemy.domains.de.kernel.DEDirector.preinitialize(DEDirector.java:1338)
	at ptolemy.actor.CompositeActor.preinitialize(CompositeActor.java:1828)
	at ptolemy.actor.Manager.preinitializeAndResolveTypes(Manager.java:1040)
	at ptolemy.actor.Manager.initialize(Manager.java:710)
	at ptolemy.actor.Manager.execute(Manager.java:356)
	at ptolemy.actor.Manager.run(Manager.java:1263)
	at ptolemy.actor.Manager$PtolemyRunThread.run(Manager.java:1915)
java.lang.RuntimeException: Execution failed
	at ptolemy.moml.MoMLSimpleApplication$UnloadThread.run(MoMLSimpleApplication.java:402)
Caused by: ptolemy.kernel.util.IllegalActionException: Found a zero delay loop containing .dependencyLoop.original
  in .dependencyLoop and .dependencyLoop.original
	at ptolemy.actor.util.CausalityInterfaceForComposites._computeOutputPortDepth(CausalityInterfaceForComposites.java:759)
	at ptolemy.actor.util.CausalityInterfaceForComposites._computeInputDepth(CausalityInterfaceForComposites.java:696)
	at ptolemy.actor.util.CausalityInterfaceForComposites._computeOutputPortDepth(CausalityInterfaceForComposites.java:765)
	at ptolemy.actor.util.CausalityInterfaceForComposites._computeInputDepth(CausalityInterfaceForComposites.java:696)
	at ptolemy.actor.util.CausalityInterfaceForComposites._computeOutputPortDepth(CausalityInterfaceForComposites.java:765)
	at ptolemy.actor.util.CausalityInterfaceForComposites._computeInputDepth(CausalityInterfaceForComposites.java:696)
	at ptolemy.actor.util.CausalityInterfaceForComposites._computeActorDepth(CausalityInterfaceForComposites.java:532)
	at ptolemy.actor.util.CausalityInterfaceForComposites.checkForCycles(CausalityInterfaceForComposites.java:96)
	at ptolemy.domains.de.kernel.DEDirector.preinitialize(DEDirector.java:1338)
	at ptolemy.actor.CompositeActor.preinitialize(CompositeActor.java:1828)
	at ptolemy.actor.Manager.preinitializeAndResolveTypes(Manager.java:1040)
	at ptolemy.actor.Manager.initialize(Manager.java:710)
	at ptolemy.actor.Manager.execute(Manager.java:356)
	at ptolemy.actor.Manager.run(Manager.java:1263)
	at ptolemy.actor.Manager$PtolemyRunThread.run(Manager.java:1915)
java.lang.reflect.InvocationTargetException
	at sun.reflect.NativeConstructorAccessorImpl.newInstance0(Native Method)
	at sun.reflect.NativeConstructorAccessorImpl.newInstance(NativeConstructorAccessorImpl.java:62)
	at sun.reflect.DelegatingConstructorAccessorImpl.newInstance(DelegatingConstructorAccessorImpl.java:45)
	at java.lang.reflect.Constructor.newInstance(Constructor.java:423)
	at ptolemy.util.test.junit.AutoKnownFailedTests.RunModel(AutoKnownFailedTests.java:105)
	at sun.reflect.NativeMethodAccessorImpl.invoke0(Native Method)
	at sun.reflect.NativeMethodAccessorImpl.invoke(NativeMethodAccessorImpl.java:62)
	at sun.reflect.DelegatingMethodAccessorImpl.invoke(DelegatingMethodAccessorImpl.java:43)
	at java.lang.reflect.Method.invoke(Method.java:498)
	at org.junit.runners.model.FrameworkMethod$1.runReflectiveCall(FrameworkMethod.java:44)
	at org.junit.internal.runners.model.ReflectiveCallable.run(ReflectiveCallable.java:15)
	at org.junit.runners.model.FrameworkMethod.invokeExplosively(FrameworkMethod.java:41)
	at junitparams.internal.InvokeParameterisedMethod.evaluate(InvokeParameterisedMethod.java:102)
	at org.junit.internal.runners.statements.FailOnTimeout$1.run(FailOnTimeout.java:28)
Caused by: ptolemy.kernel.util.IllegalActionException: Found a zero delay loop containing .dependencyLoop.original
  in .dependencyLoop and .dependencyLoop.original
	at ptolemy.actor.util.CausalityInterfaceForComposites._computeOutputPortDepth(CausalityInterfaceForComposites.java:759)
	at ptolemy.actor.util.CausalityInterfaceForComposites._computeInputDepth(CausalityInterfaceForComposites.java:696)
	at ptolemy.actor.util.CausalityInterfaceForComposites._computeOutputPortDepth(CausalityInterfaceForComposites.java:765)
	at ptolemy.actor.util.CausalityInterfaceForComposites._computeInputDepth(CausalityInterfaceForComposites.java:696)
	at ptolemy.actor.util.CausalityInterfaceForComposites._computeOutputPortDepth(CausalityInterfaceForComposites.java:765)
	at ptolemy.actor.util.CausalityInterfaceForComposites._computeInputDepth(CausalityInterfaceForComposites.java:696)
	at ptolemy.actor.util.CausalityInterfaceForComposites._computeActorDepth(CausalityInterfaceForComposites.java:532)
	at ptolemy.actor.util.CausalityInterfaceForComposites.checkForCycles(CausalityInterfaceForComposites.java:96)
	at ptolemy.domains.de.kernel.DEDirector.preinitialize(DEDirector.java:1338)
	at ptolemy.actor.CompositeActor.preinitialize(CompositeActor.java:1828)
	at ptolemy.actor.Manager.preinitializeAndResolveTypes(Manager.java:1040)
	at ptolemy.actor.Manager.initialize(Manager.java:710)
	at ptolemy.actor.Manager.execute(Manager.java:356)
	at ptolemy.actor.Manager.run(Manager.java:1263)
	at ptolemy.actor.Manager$PtolemyRunThread.run(Manager.java:1915)
java.lang.RuntimeException: Execution failed
	at ptolemy.moml.MoMLSimpleApplication$UnloadThread.run(MoMLSimpleApplication.java:402)
Caused by: ptolemy.kernel.util.IllegalActionException: Found a zero delay loop containing .dependencyLoop2.original
  in .dependencyLoop2 and .dependencyLoop2.original
	at ptolemy.actor.util.CausalityInterfaceForComposites._computeOutputPortDepth(CausalityInterfaceForComposites.java:759)
	at ptolemy.actor.util.CausalityInterfaceForComposites._computeInputDepth(CausalityInterfaceForComposites.java:696)
	at ptolemy.actor.util.CausalityInterfaceForComposites._computeOutputPortDepth(CausalityInterfaceForComposites.java:765)
	at ptolemy.actor.util.CausalityInterfaceForComposites._computeInputDepth(CausalityInterfaceForComposites.java:696)
	at ptolemy.actor.util.CausalityInterfaceForComposites._computeOutputPortDepth(CausalityInterfaceForComposites.java:765)
	at ptolemy.actor.util.CausalityInterfaceForComposites._computeInputDepth(CausalityInterfaceForComposites.java:696)
	at ptolemy.actor.util.CausalityInterfaceForComposites._computeActorDepth(CausalityInterfaceForComposites.java:532)
	at ptolemy.actor.util.CausalityInterfaceForComposites.checkForCycles(CausalityInterfaceForComposites.java:96)
	at ptolemy.domains.de.kernel.DEDirector.preinitialize(DEDirector.java:1338)
	at ptolemy.actor.CompositeActor.preinitialize(CompositeActor.java:1828)
	at ptolemy.actor.Manager.preinitializeAndResolveTypes(Manager.java:1040)
	at ptolemy.actor.Manager.initialize(Manager.java:710)
	at ptolemy.actor.Manager.execute(Manager.java:356)
	at ptolemy.actor.Manager.run(Manager.java:1263)
	at ptolemy.actor.Manager$PtolemyRunThread.run(Manager.java:1915)
java.lang.reflect.InvocationTargetException
	at sun.reflect.NativeConstructorAccessorImpl.newInstance0(Native Method)
	at sun.reflect.NativeConstructorAccessorImpl.newInstance(NativeConstructorAccessorImpl.java:62)
	at sun.reflect.DelegatingConstructorAccessorImpl.newInstance(DelegatingConstructorAccessorImpl.java:45)
	at java.lang.reflect.Constructor.newInstance(Constructor.java:423)
	at ptolemy.util.test.junit.AutoKnownFailedTests.RunModel(AutoKnownFailedTests.java:105)
	at sun.reflect.NativeMethodAccessorImpl.invoke0(Native Method)
	at sun.reflect.NativeMethodAccessorImpl.invoke(NativeMethodAccessorImpl.java:62)
	at sun.reflect.DelegatingMethodAccessorImpl.invoke(DelegatingMethodAccessorImpl.java:43)
	at java.lang.reflect.Method.invoke(Method.java:498)
	at org.junit.runners.model.FrameworkMethod$1.runReflectiveCall(FrameworkMethod.java:44)
	at org.junit.internal.runners.model.ReflectiveCallable.run(ReflectiveCallable.java:15)
	at org.junit.runners.model.FrameworkMethod.invokeExplosively(FrameworkMethod.java:41)
	at junitparams.internal.InvokeParameterisedMethod.evaluate(InvokeParameterisedMethod.java:102)
	at org.junit.internal.runners.statements.FailOnTimeout$1.run(FailOnTimeout.java:28)
Caused by: ptolemy.kernel.util.IllegalActionException: Found a zero delay loop containing .dependencyLoop2.original
  in .dependencyLoop2 and .dependencyLoop2.original
	at ptolemy.actor.util.CausalityInterfaceForComposites._computeOutputPortDepth(CausalityInterfaceForComposites.java:759)
	at ptolemy.actor.util.CausalityInterfaceForComposites._computeInputDepth(CausalityInterfaceForComposites.java:696)
	at ptolemy.actor.util.CausalityInterfaceForComposites._computeOutputPortDepth(CausalityInterfaceForComposites.java:765)
	at ptolemy.actor.util.CausalityInterfaceForComposites._computeInputDepth(CausalityInterfaceForComposites.java:696)
	at ptolemy.actor.util.CausalityInterfaceForComposites._computeOutputPortDepth(CausalityInterfaceForComposites.java:765)
	at ptolemy.actor.util.CausalityInterfaceForComposites._computeInputDepth(CausalityInterfaceForComposites.java:696)
	at ptolemy.actor.util.CausalityInterfaceForComposites._computeActorDepth(CausalityInterfaceForComposites.java:532)
	at ptolemy.actor.util.CausalityInterfaceForComposites.checkForCycles(CausalityInterfaceForComposites.java:96)
	at ptolemy.domains.de.kernel.DEDirector.preinitialize(DEDirector.java:1338)
	at ptolemy.actor.CompositeActor.preinitialize(CompositeActor.java:1828)
	at ptolemy.actor.Manager.preinitializeAndResolveTypes(Manager.java:1040)
	at ptolemy.actor.Manager.initialize(Manager.java:710)
	at ptolemy.actor.Manager.execute(Manager.java:356)
	at ptolemy.actor.Manager.run(Manager.java:1263)
	at ptolemy.actor.Manager$PtolemyRunThread.run(Manager.java:1915)
]]></system-err>
</testsuite>
