<?xml version="1.0" encoding="UTF-8" ?>
<testsuite errors="0" failures="0" hostname="travis-job-3f0913ef-c7b1-49a0-bd37-ac7ee3f89977" name="ptolemy.domains.sdf.test.junit.JUnitTclTest" skipped="0" tests="66" time="20.761" timestamp="2019-05-26T04:32:29">
  <properties>
[...]
</properties>
  <testcase classname="ptolemy.util.test.junit.TclTests" name="[0] /home/travis/build/icyphy/ptII/ptolemy/domains/sdf/test/SDFSchedulerErrors.tcl (RunTclFile)" time="0.733" />
  <testcase classname="ptolemy.util.test.junit.TclTests" name="[1] /home/travis/build/icyphy/ptII/ptolemy/domains/sdf/test/composition.tcl (RunTclFile)" time="0.178" />
  <testcase classname="ptolemy.util.test.junit.TclTests" name="[2] /home/travis/build/icyphy/ptII/ptolemy/domains/sdf/test/cycle.tcl (RunTclFile)" time="0.04" />
  <testcase classname="ptolemy.util.test.junit.AutoKnownFailedTests" name="[0] ThereAreNoKnowFailedTests (RunModel)" time="0.005" />
  <testcase classname="ptolemy.util.test.junit.AutoNameArchTests" name="[0] ThereAreNoAutoArchTests (RunModel)" time="0.002" />
  <testcase classname="ptolemy.util.test.junit.AutoTests" name="[0] /home/travis/build/icyphy/ptII/ptolemy/domains/sdf/test/auto/Array.xml (RunModel)" time="0.158" />
  <testcase classname="ptolemy.util.test.junit.AutoTests" name="[1] /home/travis/build/icyphy/ptII/ptolemy/domains/sdf/test/auto/Butterfly.xml (RunModel)" time="0.208" />
  <testcase classname="ptolemy.util.test.junit.AutoTests" name="[2] /home/travis/build/icyphy/ptII/ptolemy/domains/sdf/test/auto/Expression.xml (RunModel)" time="0.158" />
  <testcase classname="ptolemy.util.test.junit.AutoTests" name="[3] /home/travis/build/icyphy/ptII/ptolemy/domains/sdf/test/auto/Eye.xml (RunModel)" time="0.373" />
  <testcase classname="ptolemy.util.test.junit.AutoTests" name="[4] /home/travis/build/icyphy/ptII/ptolemy/domains/sdf/test/auto/FixFIR.xml (RunModel)" time="0.284" />
  <testcase classname="ptolemy.util.test.junit.AutoTests" name="[5] /home/travis/build/icyphy/ptII/ptolemy/domains/sdf/test/auto/FixPoint.xml (RunModel)" time="0.032" />
  <testcase classname="ptolemy.util.test.junit.AutoTests" name="[6] /home/travis/build/icyphy/ptII/ptolemy/domains/sdf/test/auto/Gravitation.xml (RunModel)" time="3.295" />
  <testcase classname="ptolemy.util.test.junit.AutoTests" name="[7] /home/travis/build/icyphy/ptII/ptolemy/domains/sdf/test/auto/GravitationWithCollisionDetection.xml (RunModel)" time="6.863" />
  <testcase classname="ptolemy.util.test.junit.AutoTests" name="[8] /home/travis/build/icyphy/ptII/ptolemy/domains/sdf/test/auto/HDF.xml (RunModel)" time="0.153" />
  <testcase classname="ptolemy.util.test.junit.AutoTests" name="[9] /home/travis/build/icyphy/ptII/ptolemy/domains/sdf/test/auto/HDFwithTransientStates.xml (RunModel)" time="0.124" />
  <testcase classname="ptolemy.util.test.junit.AutoTests" name="[10] /home/travis/build/icyphy/ptII/ptolemy/domains/sdf/test/auto/HTVQ.xml (RunModel)" time="0.869" />
  <testcase classname="ptolemy.util.test.junit.AutoTests" name="[11] /home/travis/build/icyphy/ptII/ptolemy/domains/sdf/test/auto/InferInitProduction.xml (RunModel)" time="0.035" />
  <testcase classname="ptolemy.util.test.junit.AutoTests" name="[12] /home/travis/build/icyphy/ptII/ptolemy/domains/sdf/test/auto/InferInitProductionDeeper.xml (RunModel)" time="0.032" />
  <testcase classname="ptolemy.util.test.junit.AutoTests" name="[13] /home/travis/build/icyphy/ptII/ptolemy/domains/sdf/test/auto/LMSAdaptive.xml (RunModel)" time="0.084" />
  <testcase classname="ptolemy.util.test.junit.AutoTests" name="[14] /home/travis/build/icyphy/ptII/ptolemy/domains/sdf/test/auto/LogisticMap.xml (RunModel)" time="0.499" />
  <testcase classname="ptolemy.util.test.junit.AutoTests" name="[15] /home/travis/build/icyphy/ptII/ptolemy/domains/sdf/test/auto/MaximumEntropySpectrum.xml (RunModel)" time="0.284" />
  <testcase classname="ptolemy.util.test.junit.AutoTests" name="[16] /home/travis/build/icyphy/ptII/ptolemy/domains/sdf/test/auto/MultirateSDF.xml (RunModel)" time="0.079" />
  <testcase classname="ptolemy.util.test.junit.AutoTests" name="[17] /home/travis/build/icyphy/ptII/ptolemy/domains/sdf/test/auto/MultirateSDFwithTransientStates.xml (RunModel)" time="0.083" />
  <testcase classname="ptolemy.util.test.junit.AutoTests" name="[18] /home/travis/build/icyphy/ptII/ptolemy/domains/sdf/test/auto/NoisySinewave.xml (RunModel)" time="0.067" />
  <testcase classname="ptolemy.util.test.junit.AutoTests" name="[19] /home/travis/build/icyphy/ptII/ptolemy/domains/sdf/test/auto/Objects.xml (RunModel)" time="0.062" />
  <testcase classname="ptolemy.util.test.junit.AutoTests" name="[20] /home/travis/build/icyphy/ptII/ptolemy/domains/sdf/test/auto/OrthogonalCom.xml (RunModel)" time="0.049" />
  <testcase classname="ptolemy.util.test.junit.AutoTests" name="[21] /home/travis/build/icyphy/ptII/ptolemy/domains/sdf/test/auto/RijndaelEncryption.xml (RunModel)" time="0.502" />
  <testcase classname="ptolemy.util.test.junit.AutoTests" name="[22] /home/travis/build/icyphy/ptII/ptolemy/domains/sdf/test/auto/SDFEmptyIterations.xml (RunModel)" time="0.018" />
  <testcase classname="ptolemy.util.test.junit.AutoTests" name="[23] /home/travis/build/icyphy/ptII/ptolemy/domains/sdf/test/auto/Spectrum.xml (RunModel)" time="0.083" />
  <testcase classname="ptolemy.util.test.junit.AutoTests" name="[24] /home/travis/build/icyphy/ptII/ptolemy/domains/sdf/test/auto/de_inside_sdf.xml (RunModel)" time="0.033" />
  <testcase classname="ptolemy.util.test.junit.AutoTests" name="[25] /home/travis/build/icyphy/ptII/ptolemy/domains/sdf/test/auto/disconnectedHierarchicalSDF.xml (RunModel)" time="0.028" />
  <testcase classname="ptolemy.util.test.junit.AutoTests" name="[26] /home/travis/build/icyphy/ptII/ptolemy/domains/sdf/test/auto/disconnectedSDF.xml (RunModel)" time="0.018" />
  <testcase classname="ptolemy.util.test.junit.AutoTests" name="[27] /home/travis/build/icyphy/ptII/ptolemy/domains/sdf/test/auto/emptyRefinement.xml (RunModel)" time="0.021" />
  <testcase classname="ptolemy.util.test.junit.AutoTests" name="[28] /home/travis/build/icyphy/ptII/ptolemy/domains/sdf/test/auto/filePortParameter.xml (RunModel)" time="0.058" />
  <testcase classname="ptolemy.util.test.junit.AutoTests" name="[29] /home/travis/build/icyphy/ptII/ptolemy/domains/sdf/test/auto/inferRelationWidth1.xml (RunModel)" time="0.017" />
  <testcase classname="ptolemy.util.test.junit.AutoTests" name="[30] /home/travis/build/icyphy/ptII/ptolemy/domains/sdf/test/auto/initProductionInference.xml (RunModel)" time="0.014" />
  <testcase classname="ptolemy.util.test.junit.AutoTests" name="[31] /home/travis/build/icyphy/ptII/ptolemy/domains/sdf/test/auto/relationGroup.xml (RunModel)" time="0.01" />
  <testcase classname="ptolemy.util.test.junit.AutoTests" name="[32] /home/travis/build/icyphy/ptII/ptolemy/domains/sdf/test/auto/relationGroup10.xml (RunModel)" time="0.018" />
  <testcase classname="ptolemy.util.test.junit.AutoTests" name="[33] /home/travis/build/icyphy/ptII/ptolemy/domains/sdf/test/auto/relationGroup11.xml (RunModel)" time="0.015" />
  <testcase classname="ptolemy.util.test.junit.AutoTests" name="[34] /home/travis/build/icyphy/ptII/ptolemy/domains/sdf/test/auto/relationGroup12.xml (RunModel)" time="0.011" />
  <testcase classname="ptolemy.util.test.junit.AutoTests" name="[35] /home/travis/build/icyphy/ptII/ptolemy/domains/sdf/test/auto/relationGroup13.xml (RunModel)" time="0.031" />
  <testcase classname="ptolemy.util.test.junit.AutoTests" name="[36] /home/travis/build/icyphy/ptII/ptolemy/domains/sdf/test/auto/relationGroup14.xml (RunModel)" time="0.022" />
  <testcase classname="ptolemy.util.test.junit.AutoTests" name="[37] /home/travis/build/icyphy/ptII/ptolemy/domains/sdf/test/auto/relationGroup15.xml (RunModel)" time="0.021" />
  <testcase classname="ptolemy.util.test.junit.AutoTests" name="[38] /home/travis/build/icyphy/ptII/ptolemy/domains/sdf/test/auto/relationGroup2.xml (RunModel)" time="0.014" />
  <testcase classname="ptolemy.util.test.junit.AutoTests" name="[39] /home/travis/build/icyphy/ptII/ptolemy/domains/sdf/test/auto/relationGroup3.xml (RunModel)" time="0.018" />
  <testcase classname="ptolemy.util.test.junit.AutoTests" name="[40] /home/travis/build/icyphy/ptII/ptolemy/domains/sdf/test/auto/relationGroup4.xml (RunModel)" time="0.018" />
  <testcase classname="ptolemy.util.test.junit.AutoTests" name="[41] /home/travis/build/icyphy/ptII/ptolemy/domains/sdf/test/auto/relationGroup5.xml (RunModel)" time="0.017" />
  <testcase classname="ptolemy.util.test.junit.AutoTests" name="[42] /home/travis/build/icyphy/ptII/ptolemy/domains/sdf/test/auto/relationGroup6.xml (RunModel)" time="0.022" />
  <testcase classname="ptolemy.util.test.junit.AutoTests" name="[43] /home/travis/build/icyphy/ptII/ptolemy/domains/sdf/test/auto/relationGroup7.xml (RunModel)" time="0.015" />
  <testcase classname="ptolemy.util.test.junit.AutoTests" name="[44] /home/travis/build/icyphy/ptII/ptolemy/domains/sdf/test/auto/relationGroup8.xml (RunModel)" time="0.012" />
  <testcase classname="ptolemy.util.test.junit.AutoTests" name="[45] /home/travis/build/icyphy/ptII/ptolemy/domains/sdf/test/auto/relationGroup9.xml (RunModel)" time="0.021" />
  <testcase classname="ptolemy.util.test.junit.AutoTests" name="[46] /home/travis/build/icyphy/ptII/ptolemy/domains/sdf/test/auto/sdf_inside_de.xml (RunModel)" time="0.045" />
  <testcase classname="ptolemy.util.test.junit.AutoTests" name="[47] /home/travis/build/icyphy/ptII/ptolemy/domains/sdf/test/auto/sdf_inside_pn.xml (RunModel)" time="0.083" />
  <testcase classname="ptolemy.util.test.junit.AutoTests" name="[48] /home/travis/build/icyphy/ptII/ptolemy/domains/sdf/test/auto/sdf_sdf1.xml (RunModel)" time="0.022" />
  <testcase classname="ptolemy.util.test.junit.AutoTests" name="[49] /home/travis/build/icyphy/ptII/ptolemy/domains/sdf/test/auto/test1.xml (RunModel)" time="0.016" />
  <testcase classname="ptolemy.util.test.junit.AutoTests" name="[50] /home/travis/build/icyphy/ptII/ptolemy/domains/sdf/test/auto/time1.xml (RunModel)" time="0.011" />
  <testcase classname="ptolemy.util.test.junit.AutoTests" name="[51] /home/travis/build/icyphy/ptII/ptolemy/domains/sdf/test/auto/time2.xml (RunModel)" time="0.016" />
  <testcase classname="ptolemy.util.test.junit.AutoTests" name="[52] /home/travis/build/icyphy/ptII/ptolemy/domains/sdf/test/auto/time3.xml (RunModel)" time="0.033" />
  <testcase classname="ptolemy.util.test.junit.AutoTests" name="[53] /home/travis/build/icyphy/ptII/ptolemy/domains/sdf/test/auto/time4.xml (RunModel)" time="0.02" />
  <testcase classname="ptolemy.util.test.junit.AutoTests" name="[54] /home/travis/build/icyphy/ptII/ptolemy/domains/sdf/test/auto/time5.xml (RunModel)" time="4.01" />
  <testcase classname="ptolemy.util.test.junit.AutoTests" name="[55] /home/travis/build/icyphy/ptII/ptolemy/domains/sdf/test/auto/typeSystem_Const_Integer_smallest_Type.xml (RunModel)" time="0.029" />
  <testcase classname="ptolemy.util.test.junit.AutoTests" name="[56] /home/travis/build/icyphy/ptII/ptolemy/domains/sdf/test/auto/typeSystem_declared_Inports_OutportTypeException.xml (RunModel)" time="0.039" />
  <testcase classname="ptolemy.util.test.junit.AutoTests" name="[57] /home/travis/build/icyphy/ptII/ptolemy/domains/sdf/test/auto/typeSystem_oneDeclaredInportType_wrongTypeOutport.xml (RunModel)" time="0.025" />
  <testcase classname="ptolemy.util.test.junit.AutoTests" name="[58] /home/travis/build/icyphy/ptII/ptolemy/domains/sdf/test/auto/width.xml (RunModel)" time="0.022" />
  <testcase classname="ptolemy.util.test.junit.AutoTests" name="[59] /home/travis/build/icyphy/ptII/ptolemy/domains/sdf/test/auto/width2.xml (RunModel)" time="0.034" />
  <testcase classname="ptolemy.util.test.junit.AutoTests" name="[60] /home/travis/build/icyphy/ptII/ptolemy/domains/sdf/test/auto/width3.xml (RunModel)" time="0.032" />
  <system-out><![CDATA[/home/travis/build/icyphy/ptII/ptolemy/domains/sdf/test/SDFSchedulerErrors.tcl
testDefs.tcl: setting time out to 9000 seconds at Sun May 26 04:32:29 UTC 2019
17 ms. Memory: 116224K Free: 108852K (94%)
22 ms. Memory: 116224K Free: 101893K (88%)
17 ms. Memory: 116224K Free: 95508K (82%)
4 ms. Memory: 116224K Free: 92455K (80%)
/home/travis/build/icyphy/ptII/ptolemy/domains/sdf/test/composition.tcl
45 ms. Memory: 116224K Free: 88863K (76%)
8 ms. Memory: 116224K Free: 87072K (75%)
/home/travis/build/icyphy/ptII/ptolemy/domains/sdf/test/cycle.tcl
.Toplevel.Director Preinitializing ...
Invoking preinitialize():  .Toplevel.Actor1
Invoking preinitialize():  .Toplevel.Actor2
Invoking preinitialize():  .Toplevel.Delay
.Toplevel.Director Finished preinitialize().
### Schedule:
Execute Schedule{
Fire Actor ptolemy.domains.sdf.kernel.test.SDFTestDelay {.Toplevel.Actor1}
Fire Actor ptolemy.domains.sdf.kernel.test.SDFTestDelay {.Toplevel.Actor2}
Fire Actor ptolemy.domains.sdf.lib.SampleDelay {.Toplevel.Delay}
}
### End schedule
Called initialize().
Invoking initialize():  .Toplevel.Actor1
Initializing actor: .Toplevel.Actor1.
Invoking initialize():  .Toplevel.Actor2
Initializing actor: .Toplevel.Actor2.
Invoking initialize():  .Toplevel.Delay
Initializing actor: .Toplevel.Delay.
Director: Called prefire().
-- Setting current time to 0.0
Director prefire returns true.
The actor .Toplevel.Actor1 will be iterated.
The actor .Toplevel.Actor1 was iterated.
The actor .Toplevel.Actor2 will be iterated.
The actor .Toplevel.Actor2 was iterated.
The actor .Toplevel.Delay will be iterated.
The actor .Toplevel.Delay was iterated.
Director: Called postfire().
Postfire returns: true
Director: Called prefire().
-- Setting current time to 0.0
Director prefire returns true.
The actor .Toplevel.Actor1 will be iterated.
The actor .Toplevel.Actor1 was iterated.
The actor .Toplevel.Actor2 will be iterated.
The actor .Toplevel.Actor2 was iterated.
The actor .Toplevel.Delay will be iterated.
The actor .Toplevel.Delay was iterated.
Director: Called postfire().
Postfire returns: true
Director: Called prefire().
-- Setting current time to 0.0
Director prefire returns true.
The actor .Toplevel.Actor1 will be iterated.
The actor .Toplevel.Actor1 was iterated.
The actor .Toplevel.Actor2 will be iterated.
The actor .Toplevel.Actor2 was iterated.
The actor .Toplevel.Delay will be iterated.
The actor .Toplevel.Delay was iterated.
Director: Called postfire().
Postfire returns: true
Director: Called prefire().
-- Setting current time to 0.0
Director prefire returns true.
The actor .Toplevel.Actor1 will be iterated.
The actor .Toplevel.Actor1 was iterated.
The actor .Toplevel.Actor2 will be iterated.
The actor .Toplevel.Actor2 was iterated.
The actor .Toplevel.Delay will be iterated.
The actor .Toplevel.Delay was iterated.
Director: Called postfire().
Postfire returns: true
Director: Called prefire().
-- Setting current time to 0.0
Director prefire returns true.
The actor .Toplevel.Actor1 will be iterated.
The actor .Toplevel.Actor1 was iterated.
The actor .Toplevel.Actor2 will be iterated.
The actor .Toplevel.Actor2 was iterated.
The actor .Toplevel.Delay will be iterated.
The actor .Toplevel.Delay was iterated.
Director: Called postfire().
Postfire returns: true
Director: Called prefire().
-- Setting current time to 0.0
Director prefire returns true.
The actor .Toplevel.Actor1 will be iterated.
The actor .Toplevel.Actor1 was iterated.
The actor .Toplevel.Actor2 will be iterated.
The actor .Toplevel.Actor2 was iterated.
The actor .Toplevel.Delay will be iterated.
The actor .Toplevel.Delay was iterated.
Reached specified number of iterations: 6
Director: Called wrapup().
6 ms. Memory: 116224K Free: 84653K (73%)
05/26/19 04:32:30
Failed: 0  Total Tests: 8  ((Passed: 8, Newly Passed: 0)  Known Failed: 0) /home/travis/build/icyphy/ptII/ptolemy/domains/sdf/test
No auto/knownFailedTests/*.xml tests in /home/travis/build/icyphy/ptII/ptolemy/domains/sdf/test
No auto/linux-amd64/*.xml tests in /home/travis/build/icyphy/ptII/ptolemy/domains/sdf/test
AutoTests.java: About to close Vertx.
AutoTests.java: Vertx closed.

===========================================================================================
----------------- testing Sun May 26 04:32:30 UTC 2019 /home/travis/build/icyphy/ptII/ptolemy/domains/sdf/test/auto/Array.xml
----------------- Instantiating /home/travis/build/icyphy/ptII/ptolemy/domains/sdf/test/auto/Array.xml
31 ms. Memory: 146944K Free: 109135K (74%)
----------------- Invoking toplevel() on ptolemy.moml.MoMLSimpleApplication@7d275c2d
----------------- Done invoking toplevel() on ptolemy.moml.MoMLSimpleApplication@7d275c2d
reloadAllAccessors: .Array

===========================================================================================
----------------- testing Sun May 26 04:32:31 UTC 2019 /home/travis/build/icyphy/ptII/ptolemy/domains/sdf/test/auto/Butterfly.xml
----------------- Instantiating /home/travis/build/icyphy/ptII/ptolemy/domains/sdf/test/auto/Butterfly.xml
127 ms. Memory: 146944K Free: 102958K (70%)
----------------- Invoking toplevel() on ptolemy.moml.MoMLSimpleApplication@6be3ebc2
----------------- Done invoking toplevel() on ptolemy.moml.MoMLSimpleApplication@6be3ebc2
reloadAllAccessors: .Butterfly

===========================================================================================
----------------- testing Sun May 26 04:32:31 UTC 2019 /home/travis/build/icyphy/ptII/ptolemy/domains/sdf/test/auto/Expression.xml
----------------- Instantiating /home/travis/build/icyphy/ptII/ptolemy/domains/sdf/test/auto/Expression.xml
86 ms. Memory: 146944K Free: 97995K (67%)
----------------- Invoking toplevel() on ptolemy.moml.MoMLSimpleApplication@6dbb82ee
----------------- Done invoking toplevel() on ptolemy.moml.MoMLSimpleApplication@6dbb82ee
reloadAllAccessors: .Expression

===========================================================================================
----------------- testing Sun May 26 04:32:31 UTC 2019 /home/travis/build/icyphy/ptII/ptolemy/domains/sdf/test/auto/Eye.xml
----------------- Instantiating /home/travis/build/icyphy/ptII/ptolemy/domains/sdf/test/auto/Eye.xml
239 ms. Memory: 146944K Free: 130270K (89%)
----------------- Invoking toplevel() on ptolemy.moml.MoMLSimpleApplication@7d9a704b
----------------- Done invoking toplevel() on ptolemy.moml.MoMLSimpleApplication@7d9a704b
reloadAllAccessors: .Eye

===========================================================================================
----------------- testing Sun May 26 04:32:31 UTC 2019 /home/travis/build/icyphy/ptII/ptolemy/domains/sdf/test/auto/FixFIR.xml
----------------- Instantiating /home/travis/build/icyphy/ptII/ptolemy/domains/sdf/test/auto/FixFIR.xml
108 ms. Memory: 146944K Free: 93795K (64%)
----------------- Invoking toplevel() on ptolemy.moml.MoMLSimpleApplication@ee7069f
----------------- Done invoking toplevel() on ptolemy.moml.MoMLSimpleApplication@ee7069f
reloadAllAccessors: .FixFIR

===========================================================================================
----------------- testing Sun May 26 04:32:32 UTC 2019 /home/travis/build/icyphy/ptII/ptolemy/domains/sdf/test/auto/FixPoint.xml
----------------- Instantiating /home/travis/build/icyphy/ptII/ptolemy/domains/sdf/test/auto/FixPoint.xml
13 ms. Memory: 146944K Free: 89177K (61%)
----------------- Invoking toplevel() on ptolemy.moml.MoMLSimpleApplication@7a8ce98c
----------------- Done invoking toplevel() on ptolemy.moml.MoMLSimpleApplication@7a8ce98c
reloadAllAccessors: .FixPoint

===========================================================================================
----------------- testing Sun May 26 04:32:32 UTC 2019 /home/travis/build/icyphy/ptII/ptolemy/domains/sdf/test/auto/Gravitation.xml
----------------- Instantiating /home/travis/build/icyphy/ptII/ptolemy/domains/sdf/test/auto/Gravitation.xml
3211 ms. Memory: 208384K Free: 115494K (55%)
----------------- Invoking toplevel() on ptolemy.moml.MoMLSimpleApplication@7c1a322a
----------------- Done invoking toplevel() on ptolemy.moml.MoMLSimpleApplication@7c1a322a
reloadAllAccessors: .Gravitation

===========================================================================================
----------------- testing Sun May 26 04:32:35 UTC 2019 /home/travis/build/icyphy/ptII/ptolemy/domains/sdf/test/auto/GravitationWithCollisionDetection.xml
----------------- Instantiating /home/travis/build/icyphy/ptII/ptolemy/domains/sdf/test/auto/GravitationWithCollisionDetection.xml
6638 ms. Memory: 873472K Free: 363865K (42%)
----------------- Invoking toplevel() on ptolemy.moml.MoMLSimpleApplication@665fbc05
----------------- Done invoking toplevel() on ptolemy.moml.MoMLSimpleApplication@665fbc05
reloadAllAccessors: .GravitationWithCollisionDetection

===========================================================================================
----------------- testing Sun May 26 04:32:42 UTC 2019 /home/travis/build/icyphy/ptII/ptolemy/domains/sdf/test/auto/HDF.xml
----------------- Instantiating /home/travis/build/icyphy/ptII/ptolemy/domains/sdf/test/auto/HDF.xml
65 ms. Memory: 873472K Free: 331880K (38%)
----------------- Invoking toplevel() on ptolemy.moml.MoMLSimpleApplication@72d6bbef
----------------- Done invoking toplevel() on ptolemy.moml.MoMLSimpleApplication@72d6bbef
reloadAllAccessors: .HDF

===========================================================================================
----------------- testing Sun May 26 04:32:42 UTC 2019 /home/travis/build/icyphy/ptII/ptolemy/domains/sdf/test/auto/HDFwithTransientStates.xml
----------------- Instantiating /home/travis/build/icyphy/ptII/ptolemy/domains/sdf/test/auto/HDFwithTransientStates.xml
39 ms. Memory: 873472K Free: 308294K (35%)
----------------- Invoking toplevel() on ptolemy.moml.MoMLSimpleApplication@7069e640
----------------- Done invoking toplevel() on ptolemy.moml.MoMLSimpleApplication@7069e640
reloadAllAccessors: .HDFwithTransientStates

===========================================================================================
----------------- testing Sun May 26 04:32:42 UTC 2019 /home/travis/build/icyphy/ptII/ptolemy/domains/sdf/test/auto/HTVQ.xml
----------------- Instantiating /home/travis/build/icyphy/ptII/ptolemy/domains/sdf/test/auto/HTVQ.xml
821 ms. Memory: 873472K Free: 135276K (15%)
----------------- Invoking toplevel() on ptolemy.moml.MoMLSimpleApplication@5af4db87
----------------- Done invoking toplevel() on ptolemy.moml.MoMLSimpleApplication@5af4db87
reloadAllAccessors: .HTVQ

===========================================================================================
----------------- testing Sun May 26 04:32:43 UTC 2019 /home/travis/build/icyphy/ptII/ptolemy/domains/sdf/test/auto/InferInitProduction.xml
----------------- Instantiating /home/travis/build/icyphy/ptII/ptolemy/domains/sdf/test/auto/InferInitProduction.xml
15 ms. Memory: 873472K Free: 119557K (14%)
----------------- Invoking toplevel() on ptolemy.moml.MoMLSimpleApplication@6be9f717
----------------- Done invoking toplevel() on ptolemy.moml.MoMLSimpleApplication@6be9f717
reloadAllAccessors: .InferInitProduction

===========================================================================================
----------------- testing Sun May 26 04:32:43 UTC 2019 /home/travis/build/icyphy/ptII/ptolemy/domains/sdf/test/auto/InferInitProductionDeeper.xml
----------------- Instantiating /home/travis/build/icyphy/ptII/ptolemy/domains/sdf/test/auto/InferInitProductionDeeper.xml
6 ms. Memory: 873472K Free: 103839K (12%)
----------------- Invoking toplevel() on ptolemy.moml.MoMLSimpleApplication@74d6a4e0
----------------- Done invoking toplevel() on ptolemy.moml.MoMLSimpleApplication@74d6a4e0
reloadAllAccessors: .InferInitProductionDeeper

===========================================================================================
----------------- testing Sun May 26 04:32:43 UTC 2019 /home/travis/build/icyphy/ptII/ptolemy/domains/sdf/test/auto/LMSAdaptive.xml
----------------- Instantiating /home/travis/build/icyphy/ptII/ptolemy/domains/sdf/test/auto/LMSAdaptive.xml
19 ms. Memory: 873472K Free: 80253K (9%)
----------------- Invoking toplevel() on ptolemy.moml.MoMLSimpleApplication@7f282b1c
----------------- Done invoking toplevel() on ptolemy.moml.MoMLSimpleApplication@7f282b1c
reloadAllAccessors: .LMSAdaptive

===========================================================================================
----------------- testing Sun May 26 04:32:43 UTC 2019 /home/travis/build/icyphy/ptII/ptolemy/domains/sdf/test/auto/LogisticMap.xml
----------------- Instantiating /home/travis/build/icyphy/ptII/ptolemy/domains/sdf/test/auto/LogisticMap.xml
452 ms. Memory: 830464K Free: 811788K (98%)
----------------- Invoking toplevel() on ptolemy.moml.MoMLSimpleApplication@3249dcc8
----------------- Done invoking toplevel() on ptolemy.moml.MoMLSimpleApplication@3249dcc8
reloadAllAccessors: .LogisticMap

===========================================================================================
----------------- testing Sun May 26 04:32:44 UTC 2019 /home/travis/build/icyphy/ptII/ptolemy/domains/sdf/test/auto/MaximumEntropySpectrum.xml
----------------- Instantiating /home/travis/build/icyphy/ptII/ptolemy/domains/sdf/test/auto/MaximumEntropySpectrum.xml
75 ms. Memory: 830464K Free: 744029K (90%)
----------------- Invoking toplevel() on ptolemy.moml.MoMLSimpleApplication@3a8313e6
----------------- Done invoking toplevel() on ptolemy.moml.MoMLSimpleApplication@3a8313e6
reloadAllAccessors: .MaximumEntropySpectrum

===========================================================================================
----------------- testing Sun May 26 04:32:44 UTC 2019 /home/travis/build/icyphy/ptII/ptolemy/domains/sdf/test/auto/MultirateSDF.xml
----------------- Instantiating /home/travis/build/icyphy/ptII/ptolemy/domains/sdf/test/auto/MultirateSDF.xml
21 ms. Memory: 830464K Free: 724052K (87%)
----------------- Invoking toplevel() on ptolemy.moml.MoMLSimpleApplication@10ff7d
----------------- Done invoking toplevel() on ptolemy.moml.MoMLSimpleApplication@10ff7d
reloadAllAccessors: .MultirateSDF

===========================================================================================
----------------- testing Sun May 26 04:32:44 UTC 2019 /home/travis/build/icyphy/ptII/ptolemy/domains/sdf/test/auto/MultirateSDFwithTransientStates.xml
----------------- Instantiating /home/travis/build/icyphy/ptII/ptolemy/domains/sdf/test/auto/MultirateSDFwithTransientStates.xml
19 ms. Memory: 830464K Free: 699068K (84%)
----------------- Invoking toplevel() on ptolemy.moml.MoMLSimpleApplication@2d29002b
----------------- Done invoking toplevel() on ptolemy.moml.MoMLSimpleApplication@2d29002b
reloadAllAccessors: .MultirateSDFwithTransientStates

===========================================================================================
----------------- testing Sun May 26 04:32:44 UTC 2019 /home/travis/build/icyphy/ptII/ptolemy/domains/sdf/test/auto/NoisySinewave.xml
----------------- Instantiating /home/travis/build/icyphy/ptII/ptolemy/domains/sdf/test/auto/NoisySinewave.xml
14 ms. Memory: 830464K Free: 679091K (82%)
----------------- Invoking toplevel() on ptolemy.moml.MoMLSimpleApplication@5c8de0e0
----------------- Done invoking toplevel() on ptolemy.moml.MoMLSimpleApplication@5c8de0e0
reloadAllAccessors: .NoisySinewave

===========================================================================================
----------------- testing Sun May 26 04:32:44 UTC 2019 /home/travis/build/icyphy/ptII/ptolemy/domains/sdf/test/auto/Objects.xml
----------------- Instantiating /home/travis/build/icyphy/ptII/ptolemy/domains/sdf/test/auto/Objects.xml
2 ms. Memory: 830464K Free: 664104K (80%)
----------------- Invoking toplevel() on ptolemy.moml.MoMLSimpleApplication@242623d1
----------------- Done invoking toplevel() on ptolemy.moml.MoMLSimpleApplication@242623d1
reloadAllAccessors: .Objects

===========================================================================================
----------------- testing Sun May 26 04:32:44 UTC 2019 /home/travis/build/icyphy/ptII/ptolemy/domains/sdf/test/auto/OrthogonalCom.xml
----------------- Instantiating /home/travis/build/icyphy/ptII/ptolemy/domains/sdf/test/auto/OrthogonalCom.xml
6 ms. Memory: 830464K Free: 649117K (78%)
----------------- Invoking toplevel() on ptolemy.moml.MoMLSimpleApplication@4c8e2ff8
----------------- Done invoking toplevel() on ptolemy.moml.MoMLSimpleApplication@4c8e2ff8
reloadAllAccessors: .OrthogonalCom

===========================================================================================
----------------- testing Sun May 26 04:32:44 UTC 2019 /home/travis/build/icyphy/ptII/ptolemy/domains/sdf/test/auto/RijndaelEncryption.xml
----------------- Instantiating /home/travis/build/icyphy/ptII/ptolemy/domains/sdf/test/auto/RijndaelEncryption.xml
236 ms. Memory: 830464K Free: 494161K (60%)
----------------- Invoking toplevel() on ptolemy.moml.MoMLSimpleApplication@6d464373
----------------- Done invoking toplevel() on ptolemy.moml.MoMLSimpleApplication@6d464373
reloadAllAccessors: .RijndaelEncryption

===========================================================================================
----------------- testing Sun May 26 04:32:45 UTC 2019 /home/travis/build/icyphy/ptII/ptolemy/domains/sdf/test/auto/SDFEmptyIterations.xml
----------------- Instantiating /home/travis/build/icyphy/ptII/ptolemy/domains/sdf/test/auto/SDFEmptyIterations.xml
7 ms. Memory: 830464K Free: 484180K (58%)
----------------- Invoking toplevel() on ptolemy.moml.MoMLSimpleApplication@3f0c8794
----------------- Done invoking toplevel() on ptolemy.moml.MoMLSimpleApplication@3f0c8794
reloadAllAccessors: .SDFEmptyIterations

===========================================================================================
----------------- testing Sun May 26 04:32:45 UTC 2019 /home/travis/build/icyphy/ptII/ptolemy/domains/sdf/test/auto/Spectrum.xml
----------------- Instantiating /home/travis/build/icyphy/ptII/ptolemy/domains/sdf/test/auto/Spectrum.xml
33 ms. Memory: 830464K Free: 461422K (56%)
----------------- Invoking toplevel() on ptolemy.moml.MoMLSimpleApplication@6a18e1fc
----------------- Done invoking toplevel() on ptolemy.moml.MoMLSimpleApplication@6a18e1fc
reloadAllAccessors: .Spectrum

===========================================================================================
----------------- testing Sun May 26 04:32:45 UTC 2019 /home/travis/build/icyphy/ptII/ptolemy/domains/sdf/test/auto/de_inside_sdf.xml
----------------- Instantiating /home/travis/build/icyphy/ptII/ptolemy/domains/sdf/test/auto/de_inside_sdf.xml
9 ms. Memory: 830464K Free: 451442K (54%)
----------------- Invoking toplevel() on ptolemy.moml.MoMLSimpleApplication@3c2e5ede
----------------- Done invoking toplevel() on ptolemy.moml.MoMLSimpleApplication@3c2e5ede
reloadAllAccessors: .de_inside_sdf

===========================================================================================
----------------- testing Sun May 26 04:32:45 UTC 2019 /home/travis/build/icyphy/ptII/ptolemy/domains/sdf/test/auto/disconnectedHierarchicalSDF.xml
----------------- Instantiating /home/travis/build/icyphy/ptII/ptolemy/domains/sdf/test/auto/disconnectedHierarchicalSDF.xml
6 ms. Memory: 830464K Free: 441461K (53%)
----------------- Invoking toplevel() on ptolemy.moml.MoMLSimpleApplication@14bd21a4
----------------- Done invoking toplevel() on ptolemy.moml.MoMLSimpleApplication@14bd21a4
reloadAllAccessors: .disconnectedHierarchicalSDF

===========================================================================================
----------------- testing Sun May 26 04:32:45 UTC 2019 /home/travis/build/icyphy/ptII/ptolemy/domains/sdf/test/auto/disconnectedSDF.xml
----------------- Instantiating /home/travis/build/icyphy/ptII/ptolemy/domains/sdf/test/auto/disconnectedSDF.xml
3 ms. Memory: 830464K Free: 431481K (52%)
----------------- Invoking toplevel() on ptolemy.moml.MoMLSimpleApplication@327924e9
----------------- Done invoking toplevel() on ptolemy.moml.MoMLSimpleApplication@327924e9
reloadAllAccessors: .disconnectedSDF

===========================================================================================
----------------- testing Sun May 26 04:32:45 UTC 2019 /home/travis/build/icyphy/ptII/ptolemy/domains/sdf/test/auto/emptyRefinement.xml
----------------- Instantiating /home/travis/build/icyphy/ptII/ptolemy/domains/sdf/test/auto/emptyRefinement.xml
4 ms. Memory: 830464K Free: 421500K (51%)
----------------- Invoking toplevel() on ptolemy.moml.MoMLSimpleApplication@1ae38ed4
----------------- Done invoking toplevel() on ptolemy.moml.MoMLSimpleApplication@1ae38ed4
reloadAllAccessors: .emptyRefinement

===========================================================================================
----------------- testing Sun May 26 04:32:45 UTC 2019 /home/travis/build/icyphy/ptII/ptolemy/domains/sdf/test/auto/filePortParameter.xml
----------------- Instantiating /home/travis/build/icyphy/ptII/ptolemy/domains/sdf/test/auto/filePortParameter.xml
20 ms. Memory: 830464K Free: 406513K (49%)
----------------- Invoking toplevel() on ptolemy.moml.MoMLSimpleApplication@5694b4b4
----------------- Done invoking toplevel() on ptolemy.moml.MoMLSimpleApplication@5694b4b4
reloadAllAccessors: .filePortParameter

===========================================================================================
----------------- testing Sun May 26 04:32:45 UTC 2019 /home/travis/build/icyphy/ptII/ptolemy/domains/sdf/test/auto/inferRelationWidth1.xml
----------------- Instantiating /home/travis/build/icyphy/ptII/ptolemy/domains/sdf/test/auto/inferRelationWidth1.xml
3 ms. Memory: 830464K Free: 396532K (48%)
----------------- Invoking toplevel() on ptolemy.moml.MoMLSimpleApplication@655611fd
----------------- Done invoking toplevel() on ptolemy.moml.MoMLSimpleApplication@655611fd
reloadAllAccessors: .inferRelationWidth1

===========================================================================================
----------------- testing Sun May 26 04:32:45 UTC 2019 /home/travis/build/icyphy/ptII/ptolemy/domains/sdf/test/auto/initProductionInference.xml
----------------- Instantiating /home/travis/build/icyphy/ptII/ptolemy/domains/sdf/test/auto/initProductionInference.xml
3 ms. Memory: 830464K Free: 386552K (47%)
----------------- Invoking toplevel() on ptolemy.moml.MoMLSimpleApplication@1be1cd5a
----------------- Done invoking toplevel() on ptolemy.moml.MoMLSimpleApplication@1be1cd5a
reloadAllAccessors: .initProductionInference

===========================================================================================
----------------- testing Sun May 26 04:32:45 UTC 2019 /home/travis/build/icyphy/ptII/ptolemy/domains/sdf/test/auto/relationGroup.xml
----------------- Instantiating /home/travis/build/icyphy/ptII/ptolemy/domains/sdf/test/auto/relationGroup.xml
3 ms. Memory: 830464K Free: 373783K (45%)
----------------- Invoking toplevel() on ptolemy.moml.MoMLSimpleApplication@385903e
----------------- Done invoking toplevel() on ptolemy.moml.MoMLSimpleApplication@385903e
reloadAllAccessors: .relationGroup

===========================================================================================
----------------- testing Sun May 26 04:32:45 UTC 2019 /home/travis/build/icyphy/ptII/ptolemy/domains/sdf/test/auto/relationGroup10.xml
----------------- Instantiating /home/travis/build/icyphy/ptII/ptolemy/domains/sdf/test/auto/relationGroup10.xml
2 ms. Memory: 830464K Free: 363802K (44%)
----------------- Invoking toplevel() on ptolemy.moml.MoMLSimpleApplication@aa2a73a
----------------- Done invoking toplevel() on ptolemy.moml.MoMLSimpleApplication@aa2a73a
reloadAllAccessors: .relationGroup10

===========================================================================================
----------------- testing Sun May 26 04:32:45 UTC 2019 /home/travis/build/icyphy/ptII/ptolemy/domains/sdf/test/auto/relationGroup11.xml
----------------- Instantiating /home/travis/build/icyphy/ptII/ptolemy/domains/sdf/test/auto/relationGroup11.xml
2 ms. Memory: 830464K Free: 353822K (43%)
----------------- Invoking toplevel() on ptolemy.moml.MoMLSimpleApplication@289c090
----------------- Done invoking toplevel() on ptolemy.moml.MoMLSimpleApplication@289c090
reloadAllAccessors: .relationGroup11

===========================================================================================
----------------- testing Sun May 26 04:32:45 UTC 2019 /home/travis/build/icyphy/ptII/ptolemy/domains/sdf/test/auto/relationGroup12.xml
----------------- Instantiating /home/travis/build/icyphy/ptII/ptolemy/domains/sdf/test/auto/relationGroup12.xml
2 ms. Memory: 830464K Free: 343841K (41%)
----------------- Invoking toplevel() on ptolemy.moml.MoMLSimpleApplication@63e4204f
----------------- Done invoking toplevel() on ptolemy.moml.MoMLSimpleApplication@63e4204f
reloadAllAccessors: .relationGroup12

===========================================================================================
----------------- testing Sun May 26 04:32:45 UTC 2019 /home/travis/build/icyphy/ptII/ptolemy/domains/sdf/test/auto/relationGroup13.xml
----------------- Instantiating /home/travis/build/icyphy/ptII/ptolemy/domains/sdf/test/auto/relationGroup13.xml
7 ms. Memory: 830464K Free: 333860K (40%)
----------------- Invoking toplevel() on ptolemy.moml.MoMLSimpleApplication@e2fca63
----------------- Done invoking toplevel() on ptolemy.moml.MoMLSimpleApplication@e2fca63
reloadAllAccessors: .relationGroup13

===========================================================================================
----------------- testing Sun May 26 04:32:45 UTC 2019 /home/travis/build/icyphy/ptII/ptolemy/domains/sdf/test/auto/relationGroup14.xml
----------------- Instantiating /home/travis/build/icyphy/ptII/ptolemy/domains/sdf/test/auto/relationGroup14.xml
4 ms. Memory: 830464K Free: 323880K (39%)
----------------- Invoking toplevel() on ptolemy.moml.MoMLSimpleApplication@51e7fcc5
----------------- Done invoking toplevel() on ptolemy.moml.MoMLSimpleApplication@51e7fcc5
reloadAllAccessors: .relationGroup14

===========================================================================================
----------------- testing Sun May 26 04:32:45 UTC 2019 /home/travis/build/icyphy/ptII/ptolemy/domains/sdf/test/auto/relationGroup15.xml
----------------- Instantiating /home/travis/build/icyphy/ptII/ptolemy/domains/sdf/test/auto/relationGroup15.xml
5 ms. Memory: 830464K Free: 313899K (38%)
----------------- Invoking toplevel() on ptolemy.moml.MoMLSimpleApplication@1cdd3067
----------------- Done invoking toplevel() on ptolemy.moml.MoMLSimpleApplication@1cdd3067
reloadAllAccessors: .relationGroup15

===========================================================================================
----------------- testing Sun May 26 04:32:45 UTC 2019 /home/travis/build/icyphy/ptII/ptolemy/domains/sdf/test/auto/relationGroup2.xml
----------------- Instantiating /home/travis/build/icyphy/ptII/ptolemy/domains/sdf/test/auto/relationGroup2.xml
5 ms. Memory: 830464K Free: 303919K (37%)
----------------- Invoking toplevel() on ptolemy.moml.MoMLSimpleApplication@691b7498
----------------- Done invoking toplevel() on ptolemy.moml.MoMLSimpleApplication@691b7498
reloadAllAccessors: .relationGroup2

===========================================================================================
----------------- testing Sun May 26 04:32:45 UTC 2019 /home/travis/build/icyphy/ptII/ptolemy/domains/sdf/test/auto/relationGroup3.xml
----------------- Instantiating /home/travis/build/icyphy/ptII/ptolemy/domains/sdf/test/auto/relationGroup3.xml
3 ms. Memory: 830464K Free: 291150K (35%)
----------------- Invoking toplevel() on ptolemy.moml.MoMLSimpleApplication@54d48c9
----------------- Done invoking toplevel() on ptolemy.moml.MoMLSimpleApplication@54d48c9
reloadAllAccessors: .relationGroup3

===========================================================================================
----------------- testing Sun May 26 04:32:45 UTC 2019 /home/travis/build/icyphy/ptII/ptolemy/domains/sdf/test/auto/relationGroup4.xml
----------------- Instantiating /home/travis/build/icyphy/ptII/ptolemy/domains/sdf/test/auto/relationGroup4.xml
5 ms. Memory: 830464K Free: 281169K (34%)
----------------- Invoking toplevel() on ptolemy.moml.MoMLSimpleApplication@56db7b7b
----------------- Done invoking toplevel() on ptolemy.moml.MoMLSimpleApplication@56db7b7b
reloadAllAccessors: .relationGroup4

===========================================================================================
----------------- testing Sun May 26 04:32:45 UTC 2019 /home/travis/build/icyphy/ptII/ptolemy/domains/sdf/test/auto/relationGroup5.xml
----------------- Instantiating /home/travis/build/icyphy/ptII/ptolemy/domains/sdf/test/auto/relationGroup5.xml
3 ms. Memory: 830464K Free: 271188K (33%)
----------------- Invoking toplevel() on ptolemy.moml.MoMLSimpleApplication@405dfe4b
----------------- Done invoking toplevel() on ptolemy.moml.MoMLSimpleApplication@405dfe4b
reloadAllAccessors: .relationGroup5

===========================================================================================
----------------- testing Sun May 26 04:32:45 UTC 2019 /home/travis/build/icyphy/ptII/ptolemy/domains/sdf/test/auto/relationGroup6.xml
----------------- Instantiating /home/travis/build/icyphy/ptII/ptolemy/domains/sdf/test/auto/relationGroup6.xml
4 ms. Memory: 830464K Free: 261208K (31%)
----------------- Invoking toplevel() on ptolemy.moml.MoMLSimpleApplication@6e1e781b
----------------- Done invoking toplevel() on ptolemy.moml.MoMLSimpleApplication@6e1e781b
reloadAllAccessors: .relationGroup6

===========================================================================================
----------------- testing Sun May 26 04:32:45 UTC 2019 /home/travis/build/icyphy/ptII/ptolemy/domains/sdf/test/auto/relationGroup7.xml
----------------- Instantiating /home/travis/build/icyphy/ptII/ptolemy/domains/sdf/test/auto/relationGroup7.xml
2 ms. Memory: 830464K Free: 251227K (30%)
----------------- Invoking toplevel() on ptolemy.moml.MoMLSimpleApplication@5d095fa3
----------------- Done invoking toplevel() on ptolemy.moml.MoMLSimpleApplication@5d095fa3
reloadAllAccessors: .relationGroup7

===========================================================================================
----------------- testing Sun May 26 04:32:45 UTC 2019 /home/travis/build/icyphy/ptII/ptolemy/domains/sdf/test/auto/relationGroup8.xml
----------------- Instantiating /home/travis/build/icyphy/ptII/ptolemy/domains/sdf/test/auto/relationGroup8.xml
2 ms. Memory: 830464K Free: 241247K (29%)
----------------- Invoking toplevel() on ptolemy.moml.MoMLSimpleApplication@1e8fb68e
----------------- Done invoking toplevel() on ptolemy.moml.MoMLSimpleApplication@1e8fb68e
reloadAllAccessors: .relationGroup8

===========================================================================================
----------------- testing Sun May 26 04:32:45 UTC 2019 /home/travis/build/icyphy/ptII/ptolemy/domains/sdf/test/auto/relationGroup9.xml
----------------- Instantiating /home/travis/build/icyphy/ptII/ptolemy/domains/sdf/test/auto/relationGroup9.xml
6 ms. Memory: 830464K Free: 231266K (28%)
----------------- Invoking toplevel() on ptolemy.moml.MoMLSimpleApplication@622eaefb
----------------- Done invoking toplevel() on ptolemy.moml.MoMLSimpleApplication@622eaefb
reloadAllAccessors: .relationGroup9

===========================================================================================
----------------- testing Sun May 26 04:32:45 UTC 2019 /home/travis/build/icyphy/ptII/ptolemy/domains/sdf/test/auto/sdf_inside_de.xml
----------------- Instantiating /home/travis/build/icyphy/ptII/ptolemy/domains/sdf/test/auto/sdf_inside_de.xml
8 ms. Memory: 830464K Free: 216279K (26%)
----------------- Invoking toplevel() on ptolemy.moml.MoMLSimpleApplication@18c45f73
----------------- Done invoking toplevel() on ptolemy.moml.MoMLSimpleApplication@18c45f73
reloadAllAccessors: .sdf_inside_de

===========================================================================================
----------------- testing Sun May 26 04:32:45 UTC 2019 /home/travis/build/icyphy/ptII/ptolemy/domains/sdf/test/auto/sdf_inside_pn.xml
----------------- Instantiating /home/travis/build/icyphy/ptII/ptolemy/domains/sdf/test/auto/sdf_inside_pn.xml
54 ms. Memory: 830464K Free: 173552K (21%)
----------------- Invoking toplevel() on ptolemy.moml.MoMLSimpleApplication@43286127
----------------- Done invoking toplevel() on ptolemy.moml.MoMLSimpleApplication@43286127
reloadAllAccessors: .sdf_inside_pn

===========================================================================================
----------------- testing Sun May 26 04:32:45 UTC 2019 /home/travis/build/icyphy/ptII/ptolemy/domains/sdf/test/auto/sdf_sdf1.xml
----------------- Instantiating /home/travis/build/icyphy/ptII/ptolemy/domains/sdf/test/auto/sdf_sdf1.xml
3 ms. Memory: 830464K Free: 163571K (20%)
----------------- Invoking toplevel() on ptolemy.moml.MoMLSimpleApplication@1118b783
----------------- Done invoking toplevel() on ptolemy.moml.MoMLSimpleApplication@1118b783
reloadAllAccessors: .sdf_sdf1

===========================================================================================
----------------- testing Sun May 26 04:32:45 UTC 2019 /home/travis/build/icyphy/ptII/ptolemy/domains/sdf/test/auto/test1.xml
----------------- Instantiating /home/travis/build/icyphy/ptII/ptolemy/domains/sdf/test/auto/test1.xml
3 ms. Memory: 830464K Free: 153591K (18%)
----------------- Invoking toplevel() on ptolemy.moml.MoMLSimpleApplication@2c42ecdd
----------------- Done invoking toplevel() on ptolemy.moml.MoMLSimpleApplication@2c42ecdd
reloadAllAccessors: .test1

===========================================================================================
----------------- testing Sun May 26 04:32:45 UTC 2019 /home/travis/build/icyphy/ptII/ptolemy/domains/sdf/test/auto/time1.xml
----------------- Instantiating /home/travis/build/icyphy/ptII/ptolemy/domains/sdf/test/auto/time1.xml
2 ms. Memory: 830464K Free: 143610K (17%)
----------------- Invoking toplevel() on ptolemy.moml.MoMLSimpleApplication@22a33a37
----------------- Done invoking toplevel() on ptolemy.moml.MoMLSimpleApplication@22a33a37
reloadAllAccessors: .time1

===========================================================================================
----------------- testing Sun May 26 04:32:46 UTC 2019 /home/travis/build/icyphy/ptII/ptolemy/domains/sdf/test/auto/time2.xml
----------------- Instantiating /home/travis/build/icyphy/ptII/ptolemy/domains/sdf/test/auto/time2.xml
3 ms. Memory: 830464K Free: 133630K (16%)
----------------- Invoking toplevel() on ptolemy.moml.MoMLSimpleApplication@4e86c8ea
----------------- Done invoking toplevel() on ptolemy.moml.MoMLSimpleApplication@4e86c8ea
reloadAllAccessors: .time2

===========================================================================================
----------------- testing Sun May 26 04:32:46 UTC 2019 /home/travis/build/icyphy/ptII/ptolemy/domains/sdf/test/auto/time3.xml
----------------- Instantiating /home/travis/build/icyphy/ptII/ptolemy/domains/sdf/test/auto/time3.xml
6 ms. Memory: 830464K Free: 123649K (15%)
----------------- Invoking toplevel() on ptolemy.moml.MoMLSimpleApplication@7ffb7a45
----------------- Done invoking toplevel() on ptolemy.moml.MoMLSimpleApplication@7ffb7a45
reloadAllAccessors: .time3

===========================================================================================
----------------- testing Sun May 26 04:32:46 UTC 2019 /home/travis/build/icyphy/ptII/ptolemy/domains/sdf/test/auto/time4.xml
----------------- Instantiating /home/travis/build/icyphy/ptII/ptolemy/domains/sdf/test/auto/time4.xml
6 ms. Memory: 830464K Free: 113668K (14%)
----------------- Invoking toplevel() on ptolemy.moml.MoMLSimpleApplication@5a70d722
----------------- Done invoking toplevel() on ptolemy.moml.MoMLSimpleApplication@5a70d722
reloadAllAccessors: .time4

===========================================================================================
----------------- testing Sun May 26 04:32:46 UTC 2019 /home/travis/build/icyphy/ptII/ptolemy/domains/sdf/test/auto/time5.xml
----------------- Instantiating /home/travis/build/icyphy/ptII/ptolemy/domains/sdf/test/auto/time5.xml
4003 ms. Memory: 830464K Free: 103688K (12%)
----------------- Invoking toplevel() on ptolemy.moml.MoMLSimpleApplication@638d5796
----------------- Done invoking toplevel() on ptolemy.moml.MoMLSimpleApplication@638d5796
reloadAllAccessors: .time5

===========================================================================================
----------------- testing Sun May 26 04:32:50 UTC 2019 /home/travis/build/icyphy/ptII/ptolemy/domains/sdf/test/auto/typeSystem_Const_Integer_smallest_Type.xml
----------------- Instantiating /home/travis/build/icyphy/ptII/ptolemy/domains/sdf/test/auto/typeSystem_Const_Integer_smallest_Type.xml
6 ms. Memory: 830464K Free: 90918K (11%)
----------------- Invoking toplevel() on ptolemy.moml.MoMLSimpleApplication@1aa57f65
----------------- Done invoking toplevel() on ptolemy.moml.MoMLSimpleApplication@1aa57f65
reloadAllAccessors: .typeSystem_Const_Integer_smallest_Type

===========================================================================================
----------------- testing Sun May 26 04:32:50 UTC 2019 /home/travis/build/icyphy/ptII/ptolemy/domains/sdf/test/auto/typeSystem_declared_Inports_OutportTypeException.xml
----------------- Instantiating /home/travis/build/icyphy/ptII/ptolemy/domains/sdf/test/auto/typeSystem_declared_Inports_OutportTypeException.xml
.typeSystem_declared_Inports_OutportTypeException.TestExceptionAttribute: initialize() was not invoked, but wrapup() was.  This is unusual, but not always a problem.  For example, exporting JNLP will do this.
6 ms. Memory: 830464K Free: 80938K (10%)
----------------- Invoking toplevel() on ptolemy.moml.MoMLSimpleApplication@2fe4c303
----------------- Done invoking toplevel() on ptolemy.moml.MoMLSimpleApplication@2fe4c303
reloadAllAccessors: .typeSystem_declared_Inports_OutportTypeException

===========================================================================================
----------------- testing Sun May 26 04:32:50 UTC 2019 /home/travis/build/icyphy/ptII/ptolemy/domains/sdf/test/auto/typeSystem_oneDeclaredInportType_wrongTypeOutport.xml
----------------- Instantiating /home/travis/build/icyphy/ptII/ptolemy/domains/sdf/test/auto/typeSystem_oneDeclaredInportType_wrongTypeOutport.xml
4 ms. Memory: 830464K Free: 72252K (9%)
----------------- Invoking toplevel() on ptolemy.moml.MoMLSimpleApplication@4ad9e0c2
----------------- Done invoking toplevel() on ptolemy.moml.MoMLSimpleApplication@4ad9e0c2
reloadAllAccessors: .typeSystem_oneDeclaredInportType_wrongTypeOutport

===========================================================================================
----------------- testing Sun May 26 04:32:50 UTC 2019 /home/travis/build/icyphy/ptII/ptolemy/domains/sdf/test/auto/width.xml
----------------- Instantiating /home/travis/build/icyphy/ptII/ptolemy/domains/sdf/test/auto/width.xml
2 ms. Memory: 794624K Free: 772439K (97%)
----------------- Invoking toplevel() on ptolemy.moml.MoMLSimpleApplication@64b7603b
----------------- Done invoking toplevel() on ptolemy.moml.MoMLSimpleApplication@64b7603b
reloadAllAccessors: .width

===========================================================================================
----------------- testing Sun May 26 04:32:50 UTC 2019 /home/travis/build/icyphy/ptII/ptolemy/domains/sdf/test/auto/width2.xml
----------------- Instantiating /home/travis/build/icyphy/ptII/ptolemy/domains/sdf/test/auto/width2.xml
24 ms. Memory: 794624K Free: 756352K (95%)
----------------- Invoking toplevel() on ptolemy.moml.MoMLSimpleApplication@415cf30d
----------------- Done invoking toplevel() on ptolemy.moml.MoMLSimpleApplication@415cf30d
reloadAllAccessors: .width2

===========================================================================================
----------------- testing Sun May 26 04:32:50 UTC 2019 /home/travis/build/icyphy/ptII/ptolemy/domains/sdf/test/auto/width3.xml
----------------- Instantiating /home/travis/build/icyphy/ptII/ptolemy/domains/sdf/test/auto/width3.xml
23 ms. Memory: 794624K Free: 742098K (93%)
----------------- Invoking toplevel() on ptolemy.moml.MoMLSimpleApplication@59c23f23
----------------- Done invoking toplevel() on ptolemy.moml.MoMLSimpleApplication@59c23f23
reloadAllAccessors: .width3
AutoTests.java: About to close Vertx.
AutoTests.java: Vertx closed.
]]></system-out>
  <system-err><![CDATA[java.lang.RuntimeException: Execution failed
	at ptolemy.moml.MoMLSimpleApplication$UnloadThread.run(MoMLSimpleApplication.java:402)
Caused by: ptolemy.actor.sched.NotSchedulableException: No solution exists for the balance equations.
Graph is not consistent under the SDF domain detected on external port .rateConsistency.actor.port2
  in .rateConsistency.SDF Director.Scheduler
	at ptolemy.domains.sdf.kernel.SDFScheduler._propagatePort(SDFScheduler.java:1425)
	at ptolemy.domains.sdf.kernel.SDFScheduler._solveBalanceEquations(SDFScheduler.java:710)
	at ptolemy.domains.sdf.kernel.SDFScheduler._getSchedule(SDFScheduler.java:566)
	at ptolemy.actor.sched.Scheduler.getSchedule(Scheduler.java:189)
	at ptolemy.domains.sdf.kernel.SDFDirector.createSchedule(SDFDirector.java:408)
	at ptolemy.domains.sdf.kernel.SDFDirector.preinitialize(SDFDirector.java:764)
	at ptolemy.actor.CompositeActor.preinitialize(CompositeActor.java:1828)
	at ptolemy.actor.Manager.preinitializeAndResolveTypes(Manager.java:1040)
	at ptolemy.actor.Manager.initialize(Manager.java:710)
	at ptolemy.actor.Manager.execute(Manager.java:356)
	at ptolemy.actor.Manager.run(Manager.java:1263)
	at ptolemy.actor.Manager$PtolemyRunThread.run(Manager.java:1915)
java.lang.RuntimeException: Execution failed
	at ptolemy.moml.MoMLSimpleApplication$UnloadThread.run(MoMLSimpleApplication.java:402)
Caused by: ptolemy.kernel.util.IllegalActionException: Failed to compute schedule:
  in .badRateChanges.typed composite actor.SDF Director
Because:
The SDF rate parameter may change. This is not allowed in SDF models that will be run through the code generator.  If you don't care about code generation, then you might consider setting the allowRateChanges parameter of the SDF director to false.
  in .badRateChanges.typed composite actor.Repeat.output.tokenProductionRate
	at ptolemy.domains.sdf.kernel.SDFDirector.createSchedule(SDFDirector.java:418)
	at ptolemy.domains.sdf.kernel.SDFDirector.preinitialize(SDFDirector.java:764)
	at ptolemy.actor.CompositeActor.preinitialize(CompositeActor.java:1828)
	at ptolemy.actor.Director.preinitialize(Director.java:1302)
	at ptolemy.actor.Director.preinitialize(Director.java:1257)
	at ptolemy.domains.sdf.kernel.SDFDirector.preinitialize(SDFDirector.java:763)
	at ptolemy.actor.CompositeActor.preinitialize(CompositeActor.java:1828)
	at ptolemy.actor.Manager.preinitializeAndResolveTypes(Manager.java:1040)
	at ptolemy.actor.Manager.initialize(Manager.java:710)
	at ptolemy.actor.Manager.execute(Manager.java:356)
	at ptolemy.actor.Manager.run(Manager.java:1263)
	at ptolemy.actor.Manager$PtolemyRunThread.run(Manager.java:1915)
Caused by: ptolemy.kernel.util.IllegalActionException: The SDF rate parameter may change. This is not allowed in SDF models that will be run through the code generator.  If you don't care about code generation, then you might consider setting the allowRateChanges parameter of the SDF director to false.
  in .badRateChanges.typed composite actor.Repeat.output.tokenProductionRate
	at ptolemy.domains.sdf.kernel.SDFScheduler._assertDynamicRateVariable(SDFScheduler.java:931)
	at ptolemy.domains.sdf.kernel.SDFScheduler._checkDynamicRateVariables(SDFScheduler.java:339)
	at ptolemy.domains.sdf.kernel.SDFScheduler._getSchedule(SDFScheduler.java:527)
	at ptolemy.actor.sched.Scheduler.getSchedule(Scheduler.java:189)
	at ptolemy.domains.sdf.kernel.SDFDirector.createSchedule(SDFDirector.java:408)
	... 11 more
java.lang.RuntimeException: Execution failed
	at ptolemy.moml.MoMLSimpleApplication$UnloadThread.run(MoMLSimpleApplication.java:402)
Caused by: ptolemy.kernel.util.IllegalActionException: Failed to compute schedule:
  in .badRateChanges2.typed composite actor.SDF Director
Because:
The SDF rate parameter may change. This is not allowed in SDF models that will be run through the code generator.  If you don't care about code generation, then you might consider setting the allowRateChanges parameter of the SDF director to false.
  in .badRateChanges2.typed composite actor.Repeat.output.tokenProductionRate
	at ptolemy.domains.sdf.kernel.SDFDirector.createSchedule(SDFDirector.java:418)
	at ptolemy.domains.sdf.kernel.SDFDirector.preinitialize(SDFDirector.java:764)
	at ptolemy.actor.CompositeActor.preinitialize(CompositeActor.java:1828)
	at ptolemy.actor.Director.preinitialize(Director.java:1302)
	at ptolemy.actor.Director.preinitialize(Director.java:1257)
	at ptolemy.domains.sdf.kernel.SDFDirector.preinitialize(SDFDirector.java:763)
	at ptolemy.actor.CompositeActor.preinitialize(CompositeActor.java:1828)
	at ptolemy.actor.Manager.preinitializeAndResolveTypes(Manager.java:1040)
	at ptolemy.actor.Manager.initialize(Manager.java:710)
	at ptolemy.actor.Manager.execute(Manager.java:356)
	at ptolemy.actor.Manager.run(Manager.java:1263)
	at ptolemy.actor.Manager$PtolemyRunThread.run(Manager.java:1915)
Caused by: ptolemy.kernel.util.IllegalActionException: The SDF rate parameter may change. This is not allowed in SDF models that will be run through the code generator.  If you don't care about code generation, then you might consider setting the allowRateChanges parameter of the SDF director to false.
  in .badRateChanges2.typed composite actor.Repeat.output.tokenProductionRate
	at ptolemy.domains.sdf.kernel.SDFScheduler._assertDynamicRateVariable(SDFScheduler.java:931)
	at ptolemy.domains.sdf.kernel.SDFScheduler._checkDynamicRateVariables(SDFScheduler.java:339)
	at ptolemy.domains.sdf.kernel.SDFScheduler._getSchedule(SDFScheduler.java:527)
	at ptolemy.actor.sched.Scheduler.getSchedule(Scheduler.java:189)
	at ptolemy.domains.sdf.kernel.SDFDirector.createSchedule(SDFDirector.java:408)
	... 11 more
java.lang.RuntimeException: Execution failed
	at ptolemy.moml.MoMLSimpleApplication$UnloadThread.run(MoMLSimpleApplication.java:402)
Caused by: ptolemy.actor.sched.NotSchedulableException: Actors remain that cannot be scheduled!

There are several possible reasons:
* SDF Graphs with feedback loops should have an actor with a delay in the loop, such as a SampleDelay.
* The SDF director has an "allowDisconnectedGraphs"parameter, which, when true, permits disconnected SDF graphs.
* The token consumption rate and production rates might be mismatched.
Usually, actors produce one token or consume one token on a port.  To produce or consume multiple tokens per firing, add a "tokenConsumptionRate" or "tokenProductionRate" parameter to the appropriate port.
Unscheduled actors:
.partiallyConnected.Const2 
Scheduled actors:
.partiallyConnected.Const 
  in .partiallyConnected.SDF Director.Scheduler
	at ptolemy.domains.sdf.kernel.SDFScheduler._scheduleConnectedActors(SDFScheduler.java:1828)
	at ptolemy.domains.sdf.kernel.SDFScheduler._getSchedule(SDFScheduler.java:587)
	at ptolemy.actor.sched.Scheduler.getSchedule(Scheduler.java:189)
	at ptolemy.domains.sdf.kernel.SDFDirector.createSchedule(SDFDirector.java:408)
	at ptolemy.domains.sdf.kernel.SDFDirector.preinitialize(SDFDirector.java:764)
	at ptolemy.actor.CompositeActor.preinitialize(CompositeActor.java:1828)
	at ptolemy.actor.Manager.preinitializeAndResolveTypes(Manager.java:1040)
	at ptolemy.actor.Manager.initialize(Manager.java:710)
	at ptolemy.actor.Manager.execute(Manager.java:356)
	at ptolemy.actor.Manager.run(Manager.java:1263)
	at ptolemy.actor.Manager$PtolemyRunThread.run(Manager.java:1915)
]]></system-err>
</testsuite>
