<?xml version="1.0" encoding="UTF-8" ?>
<testsuite errors="0" failures="1" hostname="travis-job-905383df-d776-4ed0-9ac0-c8476054d843" name="adm.installers.test.junit.JUnitTclTest" skipped="0" tests="5" time="108.486" timestamp="2018-06-13T14:54:50">
  <properties>
    <property name="npm.executable" value="npm" />
    <property name="file.encoding.pkg" value="sun.io" />
    <property name="ptII.mk.exists" value="true" />
    <property name="env.rvm_bin_path" value="/home/travis/.rvm/bin" />
    <property name="java.home" value="/usr/lib/jvm/java-8-oracle/jre" />
    <property name="env.TRAVIS_JOB_NUMBER" value="571.20" />
    <property name="env.DISPLAY" value=":99.0" />
    <property name="java.net.preferIPv4Stack" value="true" />
    <property name="env.SSH_TTY" value="/dev/pts/0" />
    <property name="env.RUN_TESTS" value="true" />
    <property name="timeout.short" value="1000000" />
    <property name="env.TRAVIS_STACK_NODE_ATTRIBUTES" value="/.node-attributes.yml" />
    <property name="junit.formatter" value="xml" />
    <property name="java.endorsed.dirs" value="/usr/lib/jvm/java-8-oracle/jre/lib/endorsed" />
    <property name="env.TRAVIS_SUDO" value="true" />
    <property name="env.LOGNAME" value="travis" />
    <property name="jsdoc.home" value="node_modules/@terraswarm/jsdoc" />
    <property name="debuglevel" value="source,lines,vars" />
    <property name="checkstyle.formatter" value="xml" />
    <property name="bin.vergil.makeable" value="true" />
    <property name="env._system_version" value="14.04" />
    <property name="sun.os.patch.level" value="unknown" />
    <property name="java.vendor.url" value="http://java.oracle.com/" />
    <property name="java.version" value="1.8.0_151" />
    <property name="env.TZ" value="UTC" />
    <property name="env.PT_NO_NET" value="true" />
    <property name="env.TRAVIS_PULL_REQUEST_SHA" value="" />
    <property name="env.TRAVIS_SECURE_ENV_VARS" value="true" />
    <property name="env._system_type" value="Linux" />
    <property name="java.vendor.url.bug" value="http://bugreport.sun.com/bugreport/" />
    <property name="env.SSH_CLIENT" value="10.10.4.20 47734 22" />
    <property name="npmjs-org-is-up" value="true" />
    <property name="env.GEM_HOME" value="/home/travis/.rvm/gems/ruby-2.4.1" />
    <property name="env.HAS_ANTARES_THREE_LITTLE_FRONZIES_BADGE" value="true" />
    <property name="env.PS4" value="+" />
    <property name="ant.project.invoked-targets" value="build,test.installers" />
    <property name="env.TRAVIS_PULL_REQUEST_BRANCH" value="" />
    <property name="env.TRAVIS_REPO_SLUG" value="icyphy/ptII" />
    <property name="node.in.path" value="true" />
    <property name="java.maxmemory" value="1400m" />
    <property name="env.RUBY_VERSION" value="ruby-2.4.1" />
    <property name="user.name" value="travis" />
    <property name="env.LANG" value="en_US.UTF-8" />
    <property name="sun.io.unicode.encoding" value="UnicodeLittle" />
    <property name="sun.jnu.encoding" value="UTF-8" />
    <property name="java.runtime.name" value="Java(TM) SE Runtime Environment" />
    <property name="usefile" value="false" />
    <property name="return.code" value="0" />
    <property name="junit.single.formatter" value="plain" />
    <property name="env.DYLD_LIBRARY_PATH" value="/home/travis/pthla/certi-tools/lib:" />
    <property name="env.DEBIAN_FRONTEND" value="noninteractive" />
    <property name="env.SSH_CONNECTION" value="10.10.4.20 47734 10.20.255.60 22" />
    <property name="env.MYSQL_UNIX_PORT" value="/var/run/mysqld/mysqld.sock" />
    <property name="env.TRAVIS_ALLOW_FAILURE" value="false" />
    <property name="env.LC_ALL" value="en_US.UTF-8" />
    <property name="java.specification.name" value="Java Platform API Specification" />
    <property name="node.works" value="true" />
    <property name="user.timezone" value="" />
    <property name="path.separator" value=":" />
    <property name="env.PYTHON_CFLAGS" value="-g -fstack-protector --param=ssp-buffer-size=4 -Wformat -Werror=format-security" />
    <property name="timeout.long" value="4000000" />
    <property name="env.CERTI_HOME" value="/home/travis/pthla/certi-tools" />
    <property name="file.encoding" value="UTF-8" />
    <property name="ant.file.ptII" value="/home/travis/build/icyphy/ptII/build.xml" />
    <property name="javadoc.packagenames" value="com.*,diva.*,lbnl.*,org.hlacerti.*,org.json.*,org.ptolemy.*,org.terraswarm.*,ptolemy.*,ptserver.*" />
    <property name="env.TRAVIS_PULL_REQUEST_SLUG" value="" />
    <property name="ant.project.default-target" value="build" />
    <property name="env.GIT_ASKPASS" value="echo" />
    <property name="env.HOME" value="/home/travis" />
    <property name="sun.java.command" value="org.apache.tools.ant.taskdefs.optional.junit.JUnitTestRunner adm.installers.test.junit.JUnitTclTest skipNonTests=false filtertrace=true haltOnError=false haltOnFailure=false formatter=org.apache.tools.ant.taskdefs.optional.junit.OutErrSummaryJUnitResultFormatter showoutput=true outputtoformatters=true logfailedtests=true threadid=0 logtestlistenerevents=false formatter=org.apache.tools.ant.taskdefs.optional.junit.XMLJUnitResultFormatter,/home/travis/build/icyphy/ptII/reports/junit/TEST-adm.installers.test.junit.JUnitTclTest.xml crashfile=/home/travis/build/icyphy/ptII/junitvmwatcher8859756691808464811.properties propsfile=/home/travis/build/icyphy/ptII/junit5604639803360876968.properties" />
    <property name="env.MANPATH" value="/home/travis/.nvm/versions/node/v7.10.1/share/man:/home/travis/.kiex/elixirs/elixir-1.4.5/man:/home/travis/.rvm/rubies/ruby-2.4.1/share/man:/usr/local/man:/usr/local/cmake-3.9.2/man:/usr/local/clang-5.0.0/share/man:/usr/local/share/man:/usr/share/man:/home/travis/.rvm/man" />
    <property name="env.COMPOSER_NO_INTERACTION" value="1" />
    <property name="env.JDK_SWITCHER_DEFAULT" value="oraclejdk8" />
    <property name="ant.file" value="/home/travis/build/icyphy/ptII/build.xml" />
    <property name="env.TRAVIS_COMMIT_RANGE" value="0e824a7b1900...aa56d2ab2468" />
    <property name="env._system_name" value="Ubuntu" />
    <property name="timeout" value="2400000" />
    <property name="ptII.classpath.optional.property" value="/home/travis/build/icyphy/ptII/lib/bsh-2.0b4.jar:/home/travis/build/icyphy/ptII/lib/ptCal.jar:/home/travis/build/icyphy/ptII/lib/java_cup.jar:/home/travis/build/icyphy/ptII/lib/saxon8.jar:/home/travis/build/icyphy/ptII/lib/saxon8-dom.jar:/home/travis/build/icyphy/ptII/lib/chic.jar:/home/travis/build/icyphy/ptII/lib/ptcolt.jar:/usr/lib/jvm/java-8-oracle/lib/tools.jar:/usr/lib/eclipse/plugins/org.eclipse.jdt.core_3.8.2.dist.jar:/usr/lib/eclipse/plugins/org.eclipse.core.runtime_3.8.0.dist.jar:/usr/lib/eclipse/plugins/org.eclipse.osgi_3.8.1.dist.jar:/usr/lib/eclipse/plugins/org.eclipse.core.resources_3.8.1.dist.jar:/usr/lib/eclipse/plugins/org.eclipse.equinox.common_3.6.100.dist.jar:/usr/lib/eclipse/plugins/org.eclipse.core.jobs_3.5.200.dist.jar:/usr/lib/eclipse/plugins/org.eclipse.core.contenttype_3.4.200.dist.jar:/usr/lib/eclipse/plugins/org.eclipse.equinox.preferences_3.5.0.dist.jar:/usr/lib/eclipse/plugins/org.eclipse.text_3.5.200.dist.jar:/usr/lib/eclipse/plugins/org.eclipse.ui.workbench_3.8.1.dist.jar:/usr/lib/eclipse/plugins/org.eclipse.jface_3.8.0.dist.jar:/usr/lib/eclipse/plugins/org.eclipse.swt_3.8.2.jar:/usr/lib/eclipse/plugins/org.eclipse.jface.text_3.8.1.dist.jar:/usr/lib/eclipse/plugins/org.eclipse.ui.workbench.texteditor_3.8.0.dist.jar:/usr/lib/eclipse/plugins/org.eclipse.ui.editors_3.8.0.dist.jar:/usr/lib/eclipse/plugins/org.eclipse.core.commands_3.6.1.dist.jar:/usr/lib/eclipse/plugins/org.eclipse.equinox.registry_3.5.200.dist.jar:/usr/lib/eclipse/plugins/org.eclipse.ui.console_3.5.100.dist.jar:/usr/lib/eclipse/plugins/org.eclipse.ui.forms_3.5.200.dist.jar:/usr/lib/eclipse/plugins/org.eclipse.ui.ide_3.8.1.dist.jar:/home/travis/build/icyphy/ptII/vendors/oracle/dbxml.jar:/home/travis/build/icyphy/ptII/vendors/oracle/db.jar:/home/travis/build/icyphy/ptII/vendors/misc/itext/iText.jar:/home/travis/build/icyphy/ptII/lib/g4ltl.jar:/home/travis/build/icyphy/ptII/lib/StructuralCoder.jar:/home/travis/build/icyphy/ptII/lib/org-openide-util.jar:/home/travis/build/icyphy/ptII/lib/org-openide-util-lookup.jar:/home/travis/build/icyphy/ptII/lib/org-netbeans-api-visual.jar:/home/travis/build/icyphy/ptII/vendors/jai-1_1_2_01/lib/jai_core.jar:/home/travis/build/icyphy/ptII/vendors/jai-1_1_2_01/lib/jai_codec.jar:/home/travis/build/icyphy/ptII/lib/jcerti.jar:/home/travis/build/icyphy/ptII/lib/smack.jar:/home/travis/build/icyphy/ptII/lib/smackx.jar:/home/travis/build/icyphy/ptII/lib/jetty-all-8.1.5-v20120716.jar:/home/travis/build/icyphy/ptII/lib/javax.servlet-api-3.0.1.jar:/home/travis/build/icyphy/ptII/lib/javax.mail.jar:/home/travis/build/icyphy/ptII/vendors/JMF-2.1.1e/lib/jmf.jar:/home/travis/build/icyphy/ptII/lib/jna-4.0.0-variadic.jar:/home/travis/build/icyphy/ptII/vendors/misc/joystick/Joystick.jar:/home/travis/build/icyphy/ptII/lib/ptjacl.jar:/home/travis/build/icyphy/ptII/lib/jsoup-1.8.2.jar:/home/travis/build/icyphy/ptII/lib/junit-4.8.2.jar:/home/travis/build/icyphy/ptII/lib/JUnitParams-0.4.0.jar:/home/travis/build/icyphy/ptII/ptolemy/actor/lib/excel/jxl.jar:/home/travis/build/icyphy/ptII/lib/jython.jar:/home/travis/build/icyphy/ptII/lib/kieler.jar:/home/travis/build/icyphy/ptII/vendors/opencv/share/OpenCV/java/opencv-341.jar:/home/travis/build/icyphy/ptII/lib/oscP5.jar:/home/travis/build/icyphy/ptII/lib/nrjavaserial-3.11.0.devel.jar:/usr/share/java/j3dcore.jar:/usr/share/java/j3dutils.jar:/usr/share/java/vecmath.jar:/home/travis/build/icyphy/ptII/ptolemy/distributed/jini/jar/jini-core.jar:/home/travis/build/icyphy/ptII/ptolemy/distributed/jini/jar/jini-ext.jar:/home/travis/build/icyphy/ptII/ptolemy/distributed/jini/jar/sun-util.jar:/home/travis/build/icyphy/ptII/lib/protobuf-java-2.4.1.jar:/home/travis/build/icyphy/ptII/lib/org.eclipse.paho.client.mqttv3.jar:/home/travis/build/icyphy/ptII/ptserver/lib/hessian-4.0.7.jar:/home/travis/build/icyphy/ptII/ptserver/lib/wmqtt.jar:/home/travis/build/icyphy/ptII/lib/mapss.jar:/home/travis/build/icyphy/ptII/ptolemy/actor/ptalon/antlr/antlr.jar:/home/travis/build/icyphy/ptII/lib/JRI.jar:/home/travis/build/icyphy/ptII/lib/commons-lang-2.6.jar:/home/travis/build/icyphy/ptII/lib/commons-logging-1.1.1.jar:/home/travis/build/icyphy/ptII/lib/sootclasses.jar:/home/travis/build/icyphy/ptII/ptolemy/actor/lib/database/mysql-connector-java-5.1.6-bin.jar:/home/travis/build/icyphy/ptII/vendors/misc/sphinx4/sphinx4-data-5prealpha.jar:/home/travis/build/icyphy/ptII/vendors/misc/sphinx4/sphinx4-core-5prealpha.jar:/home/travis/build/icyphy/ptII/lib/PDFRenderer.jar:/home/travis/build/icyphy/ptII/lib/svgSalamander.jar:/home/travis/build/icyphy/ptII/lib/rsyntaxtextarea-2.6.0-SNAPSHOT.jar:/home/travis/build/icyphy/ptII/lib/hazelcast-3.8.2.jar:/home/travis/build/icyphy/ptII/lib/jackson-annotations-2.9.0.jar:/home/travis/build/icyphy/ptII/lib/jackson-core-2.9.3.jar:/home/travis/build/icyphy/ptII/lib/jackson-databind-2.9.3.jar:/home/travis/build/icyphy/ptII/lib/netty-buffer-4.1.19.Final.jar:/home/travis/build/icyphy/ptII/lib/netty-codec-4.1.19.Final.jar:/home/travis/build/icyphy/ptII/lib/netty-codec-dns-4.1.19.Final.jar:/home/travis/build/icyphy/ptII/lib/netty-codec-http-4.1.19.Final.jar:/home/travis/build/icyphy/ptII/lib/netty-codec-http2-4.1.19.Final.jar:/home/travis/build/icyphy/ptII/lib/netty-common-4.1.19.Final.jar:/home/travis/build/icyphy/ptII/lib/netty-handler-4.1.19.Final.jar:/home/travis/build/icyphy/ptII/lib/netty-resolver-4.1.19.Final.jar:/home/travis/build/icyphy/ptII/lib/netty-resolver-dns-4.1.19.Final.jar:/home/travis/build/icyphy/ptII/lib/netty-transport-4.1.19.Final.jar:/home/travis/build/icyphy/ptII/lib/vertx-codegen-3.5.1.jar:/home/travis/build/icyphy/ptII/lib/vertx-core-3.5.2-SNAPSHOT.jar:/home/travis/build/icyphy/ptII/lib/vertx-hazelcast-3.5.1.jar:/home/travis/build/icyphy/ptII/lib/vertx-lang-js-3.5.1.jar:/home/travis/build/icyphy/ptII/lib/vertx-service-proxy-3.5.1.jar:/home/travis/build/icyphy/ptII/lib/vertx-web-3.5.1.jar:/home/travis/build/icyphy/ptII/lib/slf4j-api-1.7.13.jar:/home/travis/build/icyphy/ptII/lib/slf4j-simple-1.7.13.jar:/home/travis/build/icyphy/ptII/lib/webcam-capture-0.3.12.jar:/home/travis/build/icyphy/ptII/lib/bridj-0.7.0.jar:/home/travis/build/icyphy/ptII/lib/xbjlib-1.1.0.nrjavaserial.jar" />
    <property name="test.batch" value="**/junit/*.java" />
    <property name="env._" value="/usr/bin/timeout" />
    <property name="java.io.tmpdir" value="/tmp" />
    <property name="user.language" value="en" />
    <property name="env.HISTCONTROL" value="ignoredups:ignorespace" />
    <property name="env.GOROOT" value="/home/travis/.gimme/versions/go1.7.4.linux.amd64" />
    <property name="line.separator" value="&#xa;" />
    <property name="target" value="1.8" />
    <property name="env.TRAVIS_BUILD_DIR" value="/home/travis/build/icyphy/ptII" />
    <property name="env.ANT_OPTS" value="-Xmx2048m" />
    <property name="ant.file.type" value="file" />
    <property name="ptolemy.ptII.batchMode" value="true" />
    <property name="env.HISTSIZE" value="1000" />
    <property name="env.MERB_ENV" value="test" />
    <property name="java.vm.info" value="mixed mode" />
    <property name="source" value="1.8" />
    <property name="java.vm.specification.name" value="Java Virtual Machine Specification" />
    <property name="env.TRAVIS_TEST_RESULT" value="0" />
    <property name="jsdoc.command" value="node_modules/@terraswarm/jsdoc/jsdoc.js" />
    <property name="npm.works" value="true" />
    <property name="cobertura.dir" value="/home/travis/build/icyphy/ptII/vendors/cobertura-2.0.3" />
    <property name="jsdoc.command.exists" value="true" />
    <property name="env.rvm_path" value="/home/travis/.rvm" />
    <property name="env.GEM_PATH" value="/home/travis/.rvm/gems/ruby-2.4.1:/home/travis/.rvm/gems/ruby-2.4.1@global" />
    <property name="env.LC_CTYPE" value="en_US.UTF-8" />
    <property name="java.awt.printerjob" value="sun.print.PSPrinterJob" />
    <property name="env.TRAVIS_STACK_NAME" value="garnet" />
    <property name="ant.version" value="Apache Ant(TM) version 1.10.1 compiled on February 2 2017" />
    <property name="ptII.reports" value="/home/travis/build/icyphy/ptII/reports" />
    <property name="env.TRAVIS_STACK_TIMESTAMP" value="2017-12-05 19:33:09 UTC" />
    <property name="ant.file.type.ptII" value="file" />
    <property name="env.RBENV_SHELL" value="bash" />
    <property name="os.name" value="Linux" />
    <property name="java.specification.vendor" value="Oracle Corporation" />
    <property name="env.rvm_version" value="1.29.3 (latest)" />
    <property name="env.TERM" value="xterm" />
    <property name="java.vm.name" value="Java HotSpot(TM) 64-Bit Server VM" />
    <property name="env.TRAVIS_BUILD_NUMBER" value="571" />
    <property name="env.CI" value="true" />
    <property name="java.library.path" value="/home/travis/pthla/certi-tools/lib:/usr/lib/jni:/usr/local/share/OpenCV/java/:/usr/share/OpenCV/java::/usr/java/packages/lib/amd64:/usr/lib64:/lib64:/lib:/usr/lib" />
    <property name="env.rvm_prefix" value="/home/travis" />
    <property name="env.PATH" value="/home/travis/pthla/certi-tools/share/scripts:/home/travis/.rvm/gems/ruby-2.4.1/bin:/home/travis/.rvm/gems/ruby-2.4.1@global/bin:/home/travis/.rvm/rubies/ruby-2.4.1/bin:/home/travis/.rvm/bin:/home/travis/.nvm/versions/node/v7.10.1/bin:./node_modules/.bin:/home/travis/build/icyphy/ptII/bin:/home/travis/pthla/certi-tools/bin:/home/travis/bin:/home/travis/.local/bin:/opt/pyenv/shims:/home/travis/.phpenv/shims:/home/travis/perl5/perlbrew/bin:/home/travis/.kiex/elixirs/elixir-1.4.5/bin:/home/travis/.kiex/bin:/home/travis/gopath/bin:/home/travis/.gimme/versions/go1.7.4.linux.amd64/bin:/usr/local/phantomjs/bin:/usr/local/phantomjs:/usr/local/neo4j-3.2.7/bin:/usr/local/maven-3.5.2/bin:/usr/local/cmake-3.9.2/bin:/usr/local/clang-5.0.0/bin:/usr/local/sbin:/usr/local/bin:/usr/sbin:/usr/bin:/sbin:/bin:/home/travis/.phpenv/bin:/opt/pyenv/bin:/home/travis/.yarn/bin" />
    <property name="env.TRAVIS_OS_NAME" value="linux" />
    <property name="ant.java.version" value="1.8" />
    <property name="basedir" value="/home/travis/build/icyphy/ptII" />
    <property name="java.class.version" value="52.0" />
    <property name="env.SHLVL" value="3" />
    <property name="env.LD_LIBRARY_PATH" value="/home/travis/pthla/certi-tools/lib:/usr/lib/jni:/usr/local/share/OpenCV/java/:/usr/share/OpenCV/java:" />
    <property name="env.RACK_ENV" value="test" />
    <property name="ant.home" value="/home/travis/build/icyphy/ptII/ant" />
    <property name="env.NVM_DIR" value="/home/travis/.nvm" />
    <property name="env.PERLBREW_BASHRC_VERSION" value="0.80" />
    <property name="env.CERTI_FOM_PATH" value="/home/travis/pthla/certi-tools/share/federations" />
    <property name="env.TRAVIS_BUILD_ID" value="391601224" />
    <property name="env.PYENV_ROOT" value="/opt/pyenv" />
    <property name="env.TRAVIS_UID" value="2000" />
    <property name="env.rvm_pretty_print_flag" value="auto" />
    <property name="env.NVM_BIN" value="/home/travis/.nvm/versions/node/v7.10.1/bin" />
    <property name="env.TRAVIS_COMMIT" value="aa56d2ab24681767188955797d937708cf9f8ecd" />
    <property name="env._system_arch" value="x86_64" />
    <property name="node.executable" value="node" />
    <property name="sun.boot.library.path" value="/usr/lib/jvm/java-8-oracle/jre/lib/amd64" />
    <property name="sun.management.compiler" value="HotSpot 64-Bit Tiered Compilers" />
    <property name="env.GOPATH" value="/home/travis/gopath" />
    <property name="java.awt.graphicsenv" value="sun.awt.X11GraphicsEnvironment" />
    <property name="ptolemy.ptII.dir" value="/home/travis/build/icyphy/ptII" />
    <property name="env.USER" value="travis" />
    <property name="env.HISTFILESIZE" value="2000" />
    <property name="timeout.longest" value="19000000" />
    <property name="env.TRAVIS_STACK_FEATURES" value="basic cassandra chromium couchdb disabled-ipv6 docker docker-compose elasticsearch firefox go-toolchain google-chrome jdk memcached mongodb mysql neo4j nodejs_interpreter perl_interpreter perlbrew phantomjs postgresql python_interpreter rabbitmq redis riak ruby_interpreter sqlite xserver" />
    <property name="env.TRAVIS_PULL_REQUEST" value="false" />
    <property name="env.PYENV_SHELL" value="bash" />
    <property name="bin.vergil.exists" value="true" />
    <property name="ant.project.name" value="ptII" />
    <property name="java.vm.specification.version" value="1.8" />
    <property name="env.CERTI_VERSION" value="4.0.0" />
    <property name="env.NLSPATH" value="/usr/dt/lib/nls/msg/%L/%N.cat" />
    <property name="awt.toolkit" value="sun.awt.X11.XToolkit" />
    <property name="env.CERTI_HOST" value="localhost" />
    <property name="env.MY_RUBY_HOME" value="/home/travis/.rvm/rubies/ruby-2.4.1" />
    <property name="sun.cpu.isalist" value="" />
    <property name="java.ext.dirs" value="/usr/lib/jvm/java-8-oracle/jre/lib/ext:/usr/java/packages/lib/ext" />
    <property name="os.version" value="4.4.0-101-generic" />
    <property name="user.home" value="/home/travis" />
    <property name="env.MIX_ARCHIVES" value="/home/travis/.kiex/mix/elixir-1.4.5" />
    <property name="java.vm.vendor" value="Oracle Corporation" />
    <property name="env.TRAVIS_TAG" value="nightly" />
    <property name="env.TRAVIS_FILTERED" value="redirect_io" />
    <property name="env.JAVA_HOME" value="/usr/lib/jvm/java-8-oracle" />
    <property name="env.PTII" value="/home/travis/build/icyphy/ptII" />
    <property name="javadoc.excludepackagenames" value="adm.cvs2svn.*,build.*,config.*,doc.coding.templates.*,jni.test.jni.meaningOfLife.*,jni.test.jni.testDeux.*,jni.test.jni.testTrois.*,org.terraswarm.accessor.accessors.web.node_modules.*,org.terraswarm.accessor.accessors.web.hosts.cordova.demo.*,org.terraswarm.accessor.accessors.web.hosts.cordova.plugins.*,org.terraswarm.accessor.accessors-svn.*,pt-modules.*,ptolemy.apps.agilent.*,ptolemy.apps.anytimecontrol.*,ptolemy.apps.apes.*,ptolemy.apps.charon.*,ptolemy.apps.crazyboard.*,ptolemy.apps.eclipse.*,ptolemy.apps.etherealSting.*,ptolemy.apps.fullscreen.*,ptolemy.apps.giotto.*,ptolemy.apps.ia.*,ptolemy.apps.interfaces.*,ptolemy.apps.jmf.*,ptolemy.apps.kurt.*,ptolemy.apps.kvm.*,ptolemy.apps.lego.*,ptolemy.apps.lejos.*,ptolemy.apps.midp.*,ptolemy.apps.mobileCoding.*,ptolemy.apps.pendulum.*,ptolemy.apps.rijndael.*,ptolemy.apps.robot.*,ptolemy.apps.security.*,ptolemy.apps.sobel.*,ptolemy.apps.soot.*,ptolemy.apps.throttle.*,ptolemy.apps.tini.*,ptolemy.apps.transmission.*,ptolemy.apps.vergil.*,ptolemy.apps.waba.*,ptolemy.apps.websensor.*,ptolemy.apps.webstart.*,ptolemy.apps.xsl.*,ptolemy.apps.zaurus.*,ptolemy.backtrack.eclipse.plugin.*,ptolemy.backtrack.test.*,ptolemy.codegen.c.actor.lib.oldJavaFiles.*,ptolemy.codegen.dsp.lib.*,ptolemy.codegen.kernel.newInterfaces.*,ptolemy.codegen.lib.*,ptolemy.copernicus.kernel.fragment.*,ptolemy.copernicus.shallow.cg.*,ptolemy.domains.giotto.demo.Hierarchy.Hierarchy.*,ptolemy.domains.giotto.demo.Multimode.Multimode.*,ptolemy.domains.giotto.demo.Simple.Simple.*,ptolemy.domains.gr.lib.experimental.*,ptolemy.domains.gro.*,ptolemy.domains.pdf.*,ptolemy.domains.ptinyos.demo.Surge.output.*,ptolemy.moml.test.NoPackageActor.java*,ptolemy.plot.adm.*,ptolemy.plot.servlet.*,reports.*,signed.*,src.*,target.*,vendors.*,ptolemy.cg.adapter.generic.program.procedural.c.mbed*,ptolemy.actor.lib.fmi.fmus.omc*,ptolemy.domains.openmodelica*,ptdb.kernel.bl.save.test.*,ptdb.kernel.bl.load.test.*,ptdb.kernel.bl.search.test.*,ptdb.kernel.bl.migration.test.*,ptdb.kernel.database.test.*,ptdb.test.*,ptdb.gui.test.*,org.ptolemy.scala.*,diva.util.java2d.svg.*,ptolemy.domains.ptinyos.*,ptolemy.actor.lib.fmi.fmipp.*,,org.terraswarm.accessor.accessors.web.node_modules.*,org.terraswarm.accessor.accessors-svn,ptolemy.apps.*,ptolemy.actor.ptalon.demo.ptinyos.SendAndReceiveCnt.output,ptolemy.actor.ptalon.demo.ptinyos.SenseToLeds.output,ptolemy.domains.ptinyos.demo.CntToLedsAndRfm.output,ptolemy.domains.ptinyos.demo.RfmToLeds.output,ptolemy.domains.ptinyos.demo.SendAndReceiveCnt.output,ptolemy.domains.ptinyos.demo.SenseToLeds.output,ptolemy.actor.lib.jjs.modules.udpSocket.*" />
    <property name="env.TRAVIS_COMMIT_MESSAGE" value="Tracking down problem with jogl." />
    <property name="keystore" value="ptKeystore" />
    <property name="env.XDG_SESSION_ID" value="2" />
    <property name="junit.output.dir" value="/home/travis/build/icyphy/ptII/reports/junit" />
    <property name="npm.return.code" value="0" />
    <property name="user.dir" value="/home/travis/build/icyphy/ptII/adm/installers/test" />
    <property name="env.TRAVIS_NODE_VERSION" value="7" />
    <property name="env.XFILESEARCHPATH" value="/usr/dt/app-defaults/%L/Dt" />
    <property name="env.TRAVIS_EVENT_TYPE" value="push" />
    <property name="env.MAIL" value="/var/mail/travis" />
    <property name="env.PERLBREW_ROOT" value="/home/travis/perl5/perlbrew" />
    <property name="env.PWD" value="/home/travis/build/icyphy/ptII" />
    <property name="timeout.npm" value="45000" />
    <property name="env.PAGER" value="cat" />
    <property name="sun.cpu.endian" value="little" />
    <property name="env.TRAVIS_BUILD_STAGE_NAME" value="Installers" />
    <property name="env.PERLBREW_HOME" value="/home/travis/.perlbrew" />
    <property name="env.RAILS_ENV" value="test" />
    <property name="java.vm.version" value="25.151-b12" />
    <property name="java.class.path" value="/home/travis/build/icyphy/ptII:/home/travis/build/icyphy/ptII/lib/bsh-2.0b4.jar:/home/travis/build/icyphy/ptII/lib/ptCal.jar:/home/travis/build/icyphy/ptII/lib/java_cup.jar:/home/travis/build/icyphy/ptII/lib/saxon8.jar:/home/travis/build/icyphy/ptII/lib/saxon8-dom.jar:/home/travis/build/icyphy/ptII/lib/chic.jar:/home/travis/build/icyphy/ptII/lib/ptcolt.jar:/usr/lib/jvm/java-8-oracle/lib/tools.jar:/usr/lib/eclipse/plugins/org.eclipse.jdt.core_3.8.2.dist.jar:/usr/lib/eclipse/plugins/org.eclipse.core.runtime_3.8.0.dist.jar:/usr/lib/eclipse/plugins/org.eclipse.osgi_3.8.1.dist.jar:/usr/lib/eclipse/plugins/org.eclipse.core.resources_3.8.1.dist.jar:/usr/lib/eclipse/plugins/org.eclipse.equinox.common_3.6.100.dist.jar:/usr/lib/eclipse/plugins/org.eclipse.core.jobs_3.5.200.dist.jar:/usr/lib/eclipse/plugins/org.eclipse.core.contenttype_3.4.200.dist.jar:/usr/lib/eclipse/plugins/org.eclipse.equinox.preferences_3.5.0.dist.jar:/usr/lib/eclipse/plugins/org.eclipse.text_3.5.200.dist.jar:/usr/lib/eclipse/plugins/org.eclipse.ui.workbench_3.8.1.dist.jar:/usr/lib/eclipse/plugins/org.eclipse.jface_3.8.0.dist.jar:/usr/lib/eclipse/plugins/org.eclipse.swt_3.8.2.jar:/usr/lib/eclipse/plugins/org.eclipse.jface.text_3.8.1.dist.jar:/usr/lib/eclipse/plugins/org.eclipse.ui.workbench.texteditor_3.8.0.dist.jar:/usr/lib/eclipse/plugins/org.eclipse.ui.editors_3.8.0.dist.jar:/usr/lib/eclipse/plugins/org.eclipse.core.commands_3.6.1.dist.jar:/usr/lib/eclipse/plugins/org.eclipse.equinox.registry_3.5.200.dist.jar:/usr/lib/eclipse/plugins/org.eclipse.ui.console_3.5.100.dist.jar:/usr/lib/eclipse/plugins/org.eclipse.ui.forms_3.5.200.dist.jar:/usr/lib/eclipse/plugins/org.eclipse.ui.ide_3.8.1.dist.jar:/home/travis/build/icyphy/ptII/vendors/oracle/dbxml.jar:/home/travis/build/icyphy/ptII/vendors/oracle/db.jar:/home/travis/build/icyphy/ptII/vendors/misc/itext/iText.jar:/home/travis/build/icyphy/ptII/lib/g4ltl.jar:/home/travis/build/icyphy/ptII/lib/StructuralCoder.jar:/home/travis/build/icyphy/ptII/lib/org-openide-util.jar:/home/travis/build/icyphy/ptII/lib/org-openide-util-lookup.jar:/home/travis/build/icyphy/ptII/lib/org-netbeans-api-visual.jar:/home/travis/build/icyphy/ptII/vendors/jai-1_1_2_01/lib/jai_core.jar:/home/travis/build/icyphy/ptII/vendors/jai-1_1_2_01/lib/jai_codec.jar:/home/travis/build/icyphy/ptII/lib/jcerti.jar:/home/travis/build/icyphy/ptII/lib/smack.jar:/home/travis/build/icyphy/ptII/lib/smackx.jar:/home/travis/build/icyphy/ptII/lib/jetty-all-8.1.5-v20120716.jar:/home/travis/build/icyphy/ptII/lib/javax.servlet-api-3.0.1.jar:/home/travis/build/icyphy/ptII/lib/javax.mail.jar:/home/travis/build/icyphy/ptII/vendors/JMF-2.1.1e/lib/jmf.jar:/home/travis/build/icyphy/ptII/lib/jna-4.0.0-variadic.jar:/home/travis/build/icyphy/ptII/vendors/misc/joystick/Joystick.jar:/home/travis/build/icyphy/ptII/lib/ptjacl.jar:/home/travis/build/icyphy/ptII/lib/jsoup-1.8.2.jar:/home/travis/build/icyphy/ptII/lib/junit-4.8.2.jar:/home/travis/build/icyphy/ptII/lib/JUnitParams-0.4.0.jar:/home/travis/build/icyphy/ptII/ptolemy/actor/lib/excel/jxl.jar:/home/travis/build/icyphy/ptII/lib/jython.jar:/home/travis/build/icyphy/ptII/lib/kieler.jar:/home/travis/build/icyphy/ptII/vendors/opencv/share/OpenCV/java/opencv-341.jar:/home/travis/build/icyphy/ptII/lib/oscP5.jar:/home/travis/build/icyphy/ptII/lib/nrjavaserial-3.11.0.devel.jar:/usr/share/java/j3dcore.jar:/usr/share/java/j3dutils.jar:/usr/share/java/vecmath.jar:/home/travis/build/icyphy/ptII/ptolemy/distributed/jini/jar/jini-core.jar:/home/travis/build/icyphy/ptII/ptolemy/distributed/jini/jar/jini-ext.jar:/home/travis/build/icyphy/ptII/ptolemy/distributed/jini/jar/sun-util.jar:/home/travis/build/icyphy/ptII/lib/protobuf-java-2.4.1.jar:/home/travis/build/icyphy/ptII/lib/org.eclipse.paho.client.mqttv3.jar:/home/travis/build/icyphy/ptII/ptserver/lib/hessian-4.0.7.jar:/home/travis/build/icyphy/ptII/ptserver/lib/wmqtt.jar:/home/travis/build/icyphy/ptII/lib/mapss.jar:/home/travis/build/icyphy/ptII/ptolemy/actor/ptalon/antlr/antlr.jar:/home/travis/build/icyphy/ptII/lib/JRI.jar:/home/travis/build/icyphy/ptII/lib/commons-lang-2.6.jar:/home/travis/build/icyphy/ptII/lib/commons-logging-1.1.1.jar:/home/travis/build/icyphy/ptII/lib/sootclasses.jar:/home/travis/build/icyphy/ptII/ptolemy/actor/lib/database/mysql-connector-java-5.1.6-bin.jar:/home/travis/build/icyphy/ptII/vendors/misc/sphinx4/sphinx4-data-5prealpha.jar:/home/travis/build/icyphy/ptII/vendors/misc/sphinx4/sphinx4-core-5prealpha.jar:/home/travis/build/icyphy/ptII/lib/PDFRenderer.jar:/home/travis/build/icyphy/ptII/lib/svgSalamander.jar:/home/travis/build/icyphy/ptII/lib/rsyntaxtextarea-2.6.0-SNAPSHOT.jar:/home/travis/build/icyphy/ptII/lib/hazelcast-3.8.2.jar:/home/travis/build/icyphy/ptII/lib/jackson-annotations-2.9.0.jar:/home/travis/build/icyphy/ptII/lib/jackson-core-2.9.3.jar:/home/travis/build/icyphy/ptII/lib/jackson-databind-2.9.3.jar:/home/travis/build/icyphy/ptII/lib/netty-buffer-4.1.19.Final.jar:/home/travis/build/icyphy/ptII/lib/netty-codec-4.1.19.Final.jar:/home/travis/build/icyphy/ptII/lib/netty-codec-dns-4.1.19.Final.jar:/home/travis/build/icyphy/ptII/lib/netty-codec-http-4.1.19.Final.jar:/home/travis/build/icyphy/ptII/lib/netty-codec-http2-4.1.19.Final.jar:/home/travis/build/icyphy/ptII/lib/netty-common-4.1.19.Final.jar:/home/travis/build/icyphy/ptII/lib/netty-handler-4.1.19.Final.jar:/home/travis/build/icyphy/ptII/lib/netty-resolver-4.1.19.Final.jar:/home/travis/build/icyphy/ptII/lib/netty-resolver-dns-4.1.19.Final.jar:/home/travis/build/icyphy/ptII/lib/netty-transport-4.1.19.Final.jar:/home/travis/build/icyphy/ptII/lib/vertx-codegen-3.5.1.jar:/home/travis/build/icyphy/ptII/lib/vertx-core-3.5.2-SNAPSHOT.jar:/home/travis/build/icyphy/ptII/lib/vertx-hazelcast-3.5.1.jar:/home/travis/build/icyphy/ptII/lib/vertx-lang-js-3.5.1.jar:/home/travis/build/icyphy/ptII/lib/vertx-service-proxy-3.5.1.jar:/home/travis/build/icyphy/ptII/lib/vertx-web-3.5.1.jar:/home/travis/build/icyphy/ptII/lib/slf4j-api-1.7.13.jar:/home/travis/build/icyphy/ptII/lib/slf4j-simple-1.7.13.jar:/home/travis/build/icyphy/ptII/lib/webcam-capture-0.3.12.jar:/home/travis/build/icyphy/ptII/lib/bridj-0.7.0.jar:/home/travis/build/icyphy/ptII/lib/xbjlib-1.1.0.nrjavaserial.jar:/home/travis/build/icyphy/ptII/ptolemy/moml/test:/home/travis/build/icyphy/ptII/lib/JUnitParams-0.3.0.jar:/home/travis/build/icyphy/ptII/ant/lib/ant-launcher.jar:/home/travis/build/icyphy/ptII/ant/lib/ant.jar:/home/travis/build/icyphy/ptII/ant/lib/ant-junit.jar:/home/travis/build/icyphy/ptII/ant/lib/ant-junit4.jar" />
    <property name="ant.library.dir" value="/home/travis/build/icyphy/ptII/ant/lib" />
    <property name="os.arch" value="amd64" />
    <property name="env.TRAVIS_LANGUAGE" value="node_js" />
    <property name="env.CONTINUOUS_INTEGRATION" value="true" />
    <property name="env.TRAVIS_STACK_LANGUAGES" value="__garnet__ c c++ clojure cplusplus cpp default go groovy java node_js php pure_java python ruby scala" />
    <property name="test.name" value="ptolemy.actor.lib.test.junit.JUnitTclTest" />
    <property name="sun.java.launcher" value="SUN_STANDARD" />
    <property name="env.PYTHON_CONFIGURE_OPTS" value="--enable-unicode=ucs4 --with-wide-unicode --enable-shared --enable-ipv6 --enable-loadable-sqlite-extensions --with-computed-gotos" />
    <property name="ant.core.lib" value="/home/travis/build/icyphy/ptII/ant/lib/ant.jar" />
    <property name="java.vm.specification.vendor" value="Oracle Corporation" />
    <property name="env.BCVTB_HOME" value="/home/travis/build/icyphy/ptII/lbnl" />
    <property name="file.separator" value="/" />
    <property name="java.runtime.version" value="1.8.0_151-b12" />
    <property name="spotbugs.home" value="/home/travis/build/icyphy/ptII/vendors/spotbugs-3.1.1" />
    <property name="sun.boot.class.path" value="/usr/lib/jvm/java-8-oracle/jre/lib/resources.jar:/usr/lib/jvm/java-8-oracle/jre/lib/rt.jar:/usr/lib/jvm/java-8-oracle/jre/lib/sunrsasign.jar:/usr/lib/jvm/java-8-oracle/jre/lib/jsse.jar:/usr/lib/jvm/java-8-oracle/jre/lib/jce.jar:/usr/lib/jvm/java-8-oracle/jre/lib/charsets.jar:/usr/lib/jvm/java-8-oracle/jre/lib/jfr.jar:/usr/lib/jvm/java-8-oracle/jre/classes" />
    <property name="env.HAS_JOSH_K_SEAL_OF_APPROVAL" value="true" />
    <property name="env.XDG_RUNTIME_DIR" value="/run/user/2000" />
    <property name="env.TRAVIS_OSX_IMAGE" value="" />
    <property name="env.TRAVIS_BRANCH" value="master" />
    <property name="env.TRAVIS_JOB_ID" value="391601245" />
    <property name="user.country" value="US" />
    <property name="env.CERTI_HOME_TRAVIS" value="/home/travis/pthla/certi-tools" />
    <property name="env.SHELL" value="/bin/bash" />
    <property name="java.maxmemory.large" value="5000m" />
    <property name="model" value="" />
    <property name="env.PT_TRAVIS_TEST_INSTALLERS" value="true" />
    <property name="env.CASHER_DIR" value="/home/travis/.casher" />
    <property name="env.NVM_CD_FLAGS" value="" />
    <property name="jshint.executable" value="/home/travis/node_modules/jshint/bin/jshint" />
    <property name="java.vendor" value="Oracle Corporation" />
    <property name="env.JRUBY_OPTS" value=" --client -J-XX:+TieredCompilation -J-XX:TieredStopAtLevel=1 -J-Xss2m -Xcompile.invokedynamic=false" />
    <property name="env.TRAVIS_PRE_CHEF_BOOTSTRAP_TIME" value="2017-12-05T19:32:55" />
    <property name="env.ELIXIR_VERSION" value="1.4.5" />
    <property name="env.TRAVIS_STACK_JOB_BOARD_REGISTER" value="/.job-board-register.yml" />
    <property name="java.specification.version" value="1.8" />
    <property name="env.TRAVIS" value="true" />
    <property name="env.IRBRC" value="/home/travis/.rvm/rubies/ruby-2.4.1/.irbrc" />
    <property name="sun.arch.data.model" value="64" />
  </properties>
  <testcase classname="ptolemy.util.test.junit.TclTests" name="[0] /home/travis/build/icyphy/ptII/adm/installers/test/NightlyUpdate.tcl (RunTclFile)" time="61.272" />
  <testcase classname="ptolemy.util.test.junit.TclTests" name="[1] /home/travis/build/icyphy/ptII/adm/installers/test/installers.tcl (RunTclFile)" time="46.78">
    <failure message="Number of failed tests is has increased. expected:&lt;0&gt; but was:&lt;3&gt;" type="junit.framework.AssertionFailedError">junit.framework.AssertionFailedError: Number of failed tests is has increased. expected:&lt;0&gt; but was:&lt;3&gt;
	at ptolemy.util.test.junit.TclTests.RunTclFile(TclTests.java:286)
	at junitparams.internal.InvokeParameterisedMethod.evaluate(InvokeParameterisedMethod.java:102)
	at junitparams.internal.ParameterisedTestMethodRunner.runMethodInvoker(ParameterisedTestMethodRunner.java:47)
	at junitparams.internal.ParameterisedTestMethodRunner.runTestMethod(ParameterisedTestMethodRunner.java:41)
	at junitparams.internal.ParameterisedTestClassRunner.runParameterisedTest(ParameterisedTestClassRunner.java:143)
	at junitparams.JUnitParamsRunner.runChild(JUnitParamsRunner.java:237)
	at junitparams.JUnitParamsRunner.runChild(JUnitParamsRunner.java:215)
</failure>
  </testcase>
  <testcase classname="ptolemy.util.test.junit.AutoKnownFailedTests" name="[0] ThereAreNoKnowFailedTests (RunModel)" time="0.01" />
  <testcase classname="ptolemy.util.test.junit.AutoNameArchTests" name="[0] ThereAreNoAutoArchTests (RunModel)" time="0.003" />
  <testcase classname="ptolemy.util.test.junit.AutoTests" name="[0] ThereAreNoAutoTests (RunModel)" time="0.005" />
  <system-out><![CDATA[/home/travis/build/icyphy/ptII/adm/installers/test/NightlyUpdate.tcl
testDefs.tcl: setting time out to 9000 seconds at Wed Jun 13 14:54:51 UTC 2018
This test (NightlyUpdate.tcl) should be run after NightlyTest.tcl
adm/test/nightlyMake.tcl: about to execute [make -C /home/travis/build/icyphy/ptII/adm/installers/test/../../../adm/gen-11.0 PTIIHOME=/home/travis/build/icyphy/ptII/adm/installers/test/../../.. PTIIADM=/home/travis/build/icyphy/ptII/adm/installers/test/../../../adm JAR=/usr/bin/jar TAR=/usr/local/bin/tar updateDOPCenterImage]
About to execute:
    make -C
/home/travis/build/icyphy/ptII/adm/installers/test/../../../adm/gen-11.0
PTIIHOME=/home/travis/build/icyphy/ptII/adm/installers/test/../../..
PTIIADM=/home/travis/build/icyphy/ptII/adm/installers/test/../../../adm
JAR=/usr/bin/jar TAR=/usr/local/bin/tar updateDOPCenterImage
make: Entering directory `/home/travis/build/icyphy/ptII/adm/gen-11.0'
/home/travis/build/icyphy/ptII/adm/installers/test/../../../adm/gen-11.0/updateDOPCenterImageX11
Be sure that everything is built
For more verbose output, run ./configure --enable-verbose
checking if your path has 'program files/java' instead of 'Program Files/Java' ... ok
checking if $PTII ('/home/travis/build/icyphy/ptII') has backslashes... ok
checking if $PTII ('/home/travis/build/icyphy/ptII') and the current directory are the same"... checking if $PTII ('/home/travis/build/icyphy/ptII') contains "cygdrive"... ok
checking for find... /usr/bin/find
checking for javac... /usr/bin/javac
checking PTJAVA_DIR == /usr, checking for links... checking the value of the Java directory ... checking for java... /usr/bin/java
ok
Error: This Java instance does not support a 32-bit JVM.
Please install the desired version.
checking for java32... no
configure: WARNING: Running java -d32 -version failed,
    and ./bin/java does not exist.
    Perhaps you need to install a separate 32-bit JVM
    or rerun configure with --with-java32?
    The 32-bit JVM is only needed for certain 32-bit FMI tests.
    In general, under a 64-bit JVM, FMI will work fine without a 32-bit JVM.
checking for the java runtime in /usr/lib/jvm/java-8-oracle/bin... ok
checking for java... (cached) /usr/bin/java
checking for the java compiler in /usr/lib/jvm/java-8-oracle/bin... ok
checking for javac... (cached) /usr/bin/javac
configure: WARNING: '/usr/lib/jvm/java-8-oracle/bin/java' is not
    the same as '/usr/bin/java'.
    Perhaps '/usr/bin/java' is in your path before
    '/usr/lib/jvm/java-8-oracle/bin/java'?
    If you have problems later, be sure that you don't have a mismatch
    in JDK versions.
configure: WARNING: '/usr/lib/jvm/java-8-oracle/bin/javac' is not
	 the same as '/usr/bin/javac'.
	 Perhaps '/usr/bin/javac' is in your path
	 before '/usr/lib/jvm/java-8-oracle/bin/javac'?
	 If you have problems later, be sure that you don't have a mismatch
	 in JDK versions.
checking the Java compiler with a simple compile... ok
checking the value of the java.version Property ... ok
checking the JDK version... ok
checking for java.home property by compiling a test program ... ok
checking for java.home property by running a test program ... ok
checking for the jar command... ok
checking that /usr/lib/jvm/java-8-oracle/bin/jar can handle -i... ok
checking for the jarsigner command... ok
checking for the javaws command... ok
checking for the keytool command... ok
checking for the proper CLASSPATH separator... ok
checking for /home/travis/build/icyphy/ptII/org/terraswarm/accessor/accessors/, used by CapeCode and Accessors... ok
checking Java 9 and later... ok
checking for the Apache ant binary... ok
checking for gawk... /usr/bin/gawk
checking for mvn... /usr/local/maven-3.5.2/bin/mvn
checking for maven ant task.  This could take a minute the first time configure is run.... ok
checking for websensor in $PTII/ptolemy/apps/websensor... ok
configure: WARNING: Failed to find /usr/local/include/boost/numeric/odeint.hpp
    This is only a problem if you want to rebuild the Functional
    Mock-up Interface ++ C files in actor/lib/fmi/fmipp.
checking for Boost... checking for BSH, the Java Bean Shell... ok
checking for Cal, the actor language... ok
checking for saxon8.jar (used by caltrop)... ok
checking for saxon8-dom.jar (used by caltrop)... ok
checking for java_cup.jar (used by caltrop)... ok
    Most users can use the shared libraries in /home/travis/build/icyphy/ptII/lib or /home/travis/build/icyphy/ptII/bin.
configure: WARNING: Failed to find Checkstyle in /home/travis/build/icyphy/ptII/vendors/checkstyle-6.2
    Checkstyle is only necessary for code cleaning.
    Checkstyle is LGPL'd, so while it could be in the ptII repo, we don't add it.
    Checkstyle may be downloaded from http://checkstyle.sourceforge.net/
checking for Checkstyle, optionally used to check the style of Java files.... checking for Chic, the model checker... ok
checking for Ptolemy subset of Colt, the scientific computing lib... ok
configure: WARNING: Did not find /home/travis/build/icyphy/ptII/vendors/misc/colt/colt.jar,
    using /home/travis/build/icyphy/ptII/lib/ptcolt.jar
checking for Full version of Colt, the scientific computing lib... checking for CORBA... ok
configure: WARNING: Failed to find Cobertura in /home/travis/build/icyphy/ptII/vendors/corbertura-2.0.3
    Cobertura is only necessary to for code coverage.
    Cobertura is GPL'd, so we don't check it in to the ptII repository.
    Cobertura may be downloaded from http://cobertura.github.io/cobertura/
configure: WARNING: Failed to find CUnit in /usr/local or
    /home/travis/build/icyphy/ptII/vendors/CUnit.
    CUnit is only necessary to test the C templates of the code generation facility
checking for Cobertura, optionally used for Java code coverage.... checking for CUnit to be used to test the C cg templates... checking for tools.jar for use with doclets... ok
checking for javadoc... /usr/bin/javadoc
checking for Eclipse installation... checking for eclipse... /usr/bin/eclipse
checking the value of the Eclipse root directory ... ok
ok
checking for jars used by backtracking in /usr/lib/eclipse... ....................ok
checking for Eclipse jars used with javadoc... ............ok
checking for ITreeSelection from Eclipse... ok
checking for dbxml.jar ... ok
checking for db.jar ... ok
configure: WARNING: Failed to find dbxml-X.Y shared library in /home/travis/build/icyphy/ptII/vendors/misc/dbxml-2.5.16/install/lib.
    This means that the Ptolemy/Android HandSimDroid prototype will not run.
configure: WARNING: Failed to find /home/travis/build/icyphy/ptII/vendors/mbed/gcc-arm/bin/arm-none-eabi-gcc
    so the Mbed CG facility will not be run.
checking for dbxml runtime shared libraries... checking for arm-none-eabi-gcc... checking for the iText PDF jar... ok
checking G4LTL... ok
checking for org-openide-util.jar, used by homer ... ok
checking for org-openide-util-lookup.jar, used by homer ... ok
checking for org-netbeans-api-visual.jar, used by homer ... ok
JAITest.java:28: error: package javax.media.jai does not exist
import javax.media.jai.*;
^
1 error
configure: WARNING: JAI not found in the default classpath
checking for Java Advanced Imaging (JAI) API... checking for JAI in /home/travis/build/icyphy/ptII/vendors... ok
checking for JAI using jars in /home/travis/build/icyphy/ptII/vendors/jai-1_1_2_01/lib... ok
checking for the JAI jar files, possibly again... ok
checking for Jcerti, used by hlacerti ... ok
checking for Jetty, used by ptango and ptserver ... ok
checking for Servlet, used by ptango and ptserver... ok
checking for Smack, used by ptango... ok
checking for Smackx, used by ptango... ok
checking for JavaMail directory... ok
configure: WARNING: Failed to find /usr/local/jmodelica/include/jmi.h
    which is part of JModelica.
    Ptolemy optionally includes one or more FMUs that use JModelica.
    To install JModelica, see https://svn.jmodelica.org/trunk/INSTALL
checking for JModelica... checking for JavaFX... ok
JMFTest.java:28: error: package javax.media does not exist
import javax.media.CaptureDeviceInfo;
                  ^
1 error
checking for Java Media Framework (JMF)... ok
checking for the JMF directory... ok
checking for Java Native Access (JNA) jar... ok
checking for joystick jar file... ok
checking for ptjacl.jar... ok
checking for how to run jacl with "/usr/lib/jvm/java-8-oracle/bin/java"... % ok
checking for JSoup, used when exporting html pages. ... ok
checking for the JUnit - the Java Unit Testing Framework... ok
checking for the JUnitParams, needed by our JUnit tests... ok
checking for the Java Excel API (JXL)... ok
checking for jython... no
checking for jython.bat... no
checking for Jython, the Java implementation of Python... ok
checking for kieler jar file used by layout ... ok
checking for node... checking for node... /home/travis/.nvm/versions/node/v7.10.1/bin/node
checking for npm... checking for npm... /home/travis/.nvm/versions/node/v7.10.1/bin/npm
checking for npm before 5.x... ok
checking for OpenCV Java API... ok
checking for OpenCV by compiling and running a small OpenCV program... About to load opencv_java320
Exception in thread "main" java.lang.RuntimeException: Could not load opencv_java320.
    java.library.path = /home/travis/pthla/certi-tools/lib:/usr/lib/jni:/usr/local/share/OpenCV/java/:/usr/share/OpenCV/java::/usr/java/packages/lib/amd64:/usr/lib64:/lib64:/lib:/usr/lib
	at OpenCVTest.main(OpenCVTest.java:75)
Caused by: java.lang.UnsatisfiedLinkError: no opencv_java320 in java.library.path
	at java.lang.ClassLoader.loadLibrary(ClassLoader.java:1867)
	at java.lang.Runtime.loadLibrary0(Runtime.java:870)
	at java.lang.System.loadLibrary(System.java:1122)
	at OpenCVTest.main(OpenCVTest.java:52)
configure: WARNING: Failed to run OpenCV test program in /home/travis/build/icyphy/ptII/config with
    /usr/lib/jvm/java-8-oracle/bin/java -classpath /home/travis/build/icyphy/ptII/lib/opencv-320.jar:. OpenCVTest
    so we will try other jars.
checking for opencv-*.jar in /home/travis/build/icyphy/ptII/vendors/opencv/share/OpenCV/java /home/travis/build/icyphy/ptII/lib /opt/local/share/OpenCV/java /usr/share/OpenCV/java /usr/local/share/OpenCV/java... ok
checking /home/travis/build/icyphy/ptII/vendors/opencv/share/OpenCV/java/opencv-341.jar... About to load opencv_java341
libdc1394 error: Failed to initialize libdc1394
Imgproc.LINE_8: 8
Loaded opencv_java341
ok
checking if org/ptolemy/opencv will be compiled.... ok
checking for Open Sound Control/Processing.org interface (oscP5). ... ok
checking for rxtx directory... ok
configure: WARNING: Could not find directory
    '/home/travis/build/icyphy/ptII/vendors/sun/javacc-5.0'
    so we search for the jjtree command.
checking for JavaCC... checking for jjtree... no
configure: WARNING: Failed to find jjtree
configure: WARNING: Failed to find javacc, perhaps JavaCC is not installed?
    You need not download JavaCC unless you plan on modifying .jjt files
    in ptolemy/data/expr.
    JavaCC is available from
    http://javacc.dev.java.net/

    Note that the zip file that gets downloaded is actually an installer
    that must be run to install the JavaCC.zip file that contains the classes.

    Note that JavaCC-4.1 and 4.2 will not work, there are problems with
    ReInit() being static or not static.

    JavaCC-6.0 seems to not include the jjtree and javacc scripts, so
    we recommend JavaCC-5.0.

    Try:
    cd /home/travis/build/icyphy/ptII/vendors/sun
    wget https://java.net/projects/javacc/downloads/download/javacc-5.0.tar.gz
    tar -zxf javacc-5.0.tar.gz
    cd /home/travis/build/icyphy/ptII
    ./configure

    Configure looks for JavaCC in /home/travis/build/icyphy/ptII/vendors/sun/javacc-5.0
    so either install JavaCC in that location or use the --with-javacc= flag
    and then rerun configure.'
ls: cannot access /home/travis/build/icyphy/ptII/vendors/j3d/*/lib/ext: No such file or directory
checking for Java3D... ok
checking for jini directory... ok
checking for jars used by jini... ...ok
checking for the proper JNI architecture... checking for gcc... /usr/bin/gcc
checking for cc... (cached) /usr/bin/gcc
checking for javah... /usr/bin/javah
checking for the cc for JNI... checking for that the pieces for JNI have been found... ok
checking for the proper JNI architecture include directory... ok
checking for the proper JNI library architecture... ok
checking for if the -mno-cygwin flag is available... ok
checking for the proper shared library gcc flag... ok
checking for the proper shared library cc flag... ok
checking for the proper shared library link flag... ok
checking for the proper shared library prefix... ok
checking for the proper shared library suffix... ok
checking for JNI libraries needed to link JNI... ok
checking for jode directory... ok
checking for $JODE_DIR/jode.jar... ok
checking for json directory... ok
checking for matlab... no
configure: WARNING: Failed to find matlab executable in the path.
    Perhaps Matlab is not installed?
    If Matlab is not present, then the Ptolemy II/Matlab interface in
    $PTII/ptolemy/matlab will not be usable.
configure: WARNING: Matlab was not found, but compiling the .java files in ptolemy/matlab/ should be ok.
checking for omc... no
configure: WARNING: Failed to find omc, the OpenModelicaCompiler.
    Rebuilding the OpenModelica fmus will not be possible.
    Running the OpenModelica models will not be possible.
    This is only a concern if you are interested in OpenModelica
checking for Protocol Buffers (ProtoBuf)... ok
checking for the Paho MQTT jar... ok
checking for Hessian, used by ptserver ... ok
checking for WMQTT, used by ptserver ... ok
checking for mapss.jar, used by the PSDF domain... ok
configure: WARNING: Failed to find PowerMock.
    Perhaps PowerMock was not installed?
    You need not download these packages if you would like
    to run the tests.  To install PowerMock, go to
    http://code.google.com/p/powermock/ and download
    http://powermock.googlecode.com/files/powermock-easymock-junit-1.3.8.zip
    (which contains PowerMock for EasyMock and JUnit) and unzip it in
    /home/travis/build/icyphy/ptII/vendors/misc so that
    /home/travis/build/icyphy/ptII/vendors/misc/powermock-easymock-junit-1.3.8 is created,
    then rerun configure.
    Other versions of PowerMock _may_ work, but are untested.
checking for PowerMock test harness... checking for anltr.jar, used by the Ptalon... ok
checking for scalac... no
configure: WARNING: Failed to find the scalac binary,
    so org/ptolemy/scala will be excluded
checking for soot directory... ok
checking for $SOOT_DIR/sootclasses.jar... ok
checking for rt.jar by compiling config/SystemJar.java... ok
checking the location or rt.jar... ok
checking for mysql jar, used by the database actors... ok
configure: WARNING: ojdbc5.jar not found,
    but only necessary to use database actors with Oracle.
    If the mysql jar file is present, then the Oracle Java Database Connector is not necessary
    To install ojdbc5.jar or ojdbc6.jar,
    download it from http://www.oracle.com/technetwork/apps-tech/jdbc-111060-084321.html
    copy it to ptolemy/actor/lib/database
    and rerun ./configure
checking for ojdbc.jar... checking for Sphinx4 Speech recognition data jar API... ok
checking for Sphinx4 Speech recognition core jar API... ok
checking for PDFRenderer... ok
configure: WARNING: Failed to find Batik Jar file
    You need only have Batik if you are planning on rebuilding diva.jar
    for use with Kepler.
    Batik can be downloaded from http://xmlgraphics.apache.org/batik/,
    batike-1.9/lib/batik-all-1.9.jar copied to /home/travis/build/icyphy/ptII/lib
    and ./configure rerun.
checking for Batik SVG... checking for svgSalamander... ok
checking for RSyntaxEditor... ok
configure: WARNING: $TOSROOT is not set.  It must be set to use PtinyOS.
configure: WARNING: $TOSROOT is set to '',
     but there is no directory by that name, so we will not set up for PtinyOS.
     For details, see /home/travis/build/icyphy/ptII/ptolemy/domains/ptinyos/README.txt.
configure: WARNING: Failed to find giotto/gdk.jar
    perhaps Giotto is not installed?
    You need not download Giotto unless you plan on generating code for
    Giotto models.
    The Giotto SDK can be
    downloaded from https://embedded.eecs.berkeley.edu/giotto/
    Copy gdk.jar to /home/travis/build/icyphy/ptII/vendors/giotto, for example:
        mkdir -p /home/travis/build/icyphy/ptII/vendors/giotto
        cp C:/Program\ Files/Giotto*/gdk.jar /home/travis/build/icyphy/ptII/vendors/giotto/
checking the for TinyOS... checking for giotto directory... checking for the Vertx application platform interface. ... ok
checking for slf4-api... ok
checking for slf4-simple... ok
checking for webcam-capture... ok
checking for xbjlib directory... ok
checking for gcc... /usr/bin/gcc
checking for libexpat... ok
checking for expat.h... ok
configure: WARNING: Failed to find boost/numeric/odeint.hpp, so FMI ++
    will not be compiled. FMI++ is an extension of the
    Functional Mockup Interface, see
    http://sourceforge.net/p/fmipp/wiki/Home/
configure: creating ./config.status
config.status: creating mk/ptII.mk
config.status: creating bin/ptinvoke
config.status: creating build.xml
config.status: creating .classpath
config.status: creating bin/comm.policy
config.status: creating lib/ptII.properties
config.status: creating ptolemy/util/test/junit/javachdir32
config.status: executing default commands
/home/travis/build/icyphy/ptII/bin/ant: Running /home/travis/build/icyphy/ptII/ant/bin/ant 
Buildfile: /home/travis/build/icyphy/ptII/build.xml

build-message:
     [echo] Use ant -p to see other targets. JAVA_HOME=/usr/lib/jvm/java-8-oracle
     [echo] tools.jar is necessary for compilation of doc/doclets/.
     [echo] If compilation fails, try setting JAVA_HOME to the location of the JDK.
     [echo] For example:
     [echo]   [bldmastr@sisyphus ptII]$ which java
     [echo]   /usr/bin/java
     [echo]   [bldmastr@sisyphus ptII]$ ls -l /usr/bin/java
     [echo]   lrwxrwxrwx 1 root root 26 Jul 31 10:12 /usr/bin/java -> /usr/java/default/bin/java
     [echo]   [bldmastr@sisyphus ptII]$ export JAVA_HOME=/usr/java/default
     [echo]     

-build-subprojects-empty:

-check-maven-ant-task:

build-websensor:

build-subprojects:

-check-node:

-check-node-works:
     [exec] v7.10.1

-check-npm:

-check-npm-works:
     [exec] 4.2.0

-check-if-npmjs-org-is-up:
     [echo] Check to see if https://www.npmjs.org is up.

-jsdoc-no-network-message:

-check-jsdoc:

jsdoc-install:

jsdoc-update:

-ptdoc-no-node:

-ptdoc-no-npm:

ptdoc:
     [echo] 
     [echo]       If the ptdoc target fails, then try running:
     [echo]           ant build-project build-bin
     [echo]     

-check-node:

-check-node-works:
     [exec] v7.10.1

-check-npm:

-check-npm-works:
     [exec] 4.2.0

-check-if-npmjs-org-is-up:
     [echo] Check to see if https://www.npmjs.org is up or $TRAVIS is set.

-jsdoc-no-network-message:

-check-jsdoc:
     [echo] To stop CapeCode from invoking jsdoc and svn, set the PT_NO_NET environment variable.  
     [echo]     Under BASH:
     [echo]         export PT_NO_NET=true
     [echo]     If ptdoc fails, and you are building from $PTII, try:
     [echo]         ant build-project build-bin
     [echo]     

jsdoc-install:

jsdoc-update:

-ptdoc-no-node-message:

-ptdoc-no-npm-message:

-check-jsdoc-again:

-jsdoc-command-message:

ptdoc:
     [echo] Invoke /home/travis/build/icyphy/ptII/org/terraswarm/accessor/accessors/web/../node_modules/@terraswarm/jsdoc/jsdoc.js to read *.js files and generate *PtDoc.xml files suitable for Ptolemy.
     [echo]     See https://chess.eecs.berkeley.edu/ptexternal/wiki/Main/JSDocSystems
     [echo]     See jsdoc/jsdoc.json
     [echo]     See jsdoc/plugins/accessorJSDocTags.js
     [echo]     See jsdoc/templates/ptdoc/publish.js
     [echo] 
     [echo]     If the ptdoc target fails, the there is likely a problem with node or npm.  It is possible
     [echo]     to use CapeCode even if the ptdoc target fails.
     [echo]     
     [echo]     If you are building from $PTII, try:
     [echo]         ant build-project build-bin
     [echo] 
     [echo]     
     [exec] Generating output files...
     [exec] Finished running in 5.18 seconds.

build-project:
     [echo] ptII: /home/travis/build/icyphy/ptII/build.xml

-check-ptII-mk-file:

-check-bin-vergil:

-check-make-bin-vergil:

build-bin-not:

build-not-bin-vergil:

build-bin:

build:

BUILD SUCCESSFUL
Total time: 11 seconds
Loading DOPCenter model, running it and exporting
+rm DOPCenter.png
rm: cannot remove DOPCenter.png: No such file or directory
+/home/travis/build/icyphy/ptII/bin/ptinvoke -Dptolemy.ptII.doNotExit= ptolemy.vergil.basic.export.ExportModel png -run -save /home/travis/build/icyphy/ptII/ptolemy/domains/space/demo/DOPCenter/DOPCenter.xml
Running .DOPCenter
2199 ms. Memory: 178176K Free: 112742K (63%)
Saving .DOPCenter
Exported /home/travis/build/icyphy/ptII/ptolemy/domains/space/demo/DOPCenter/DOPCenter.png
+/home/travis/build/icyphy/ptII/bin/ptinvoke -Dptolemy.ptII.doNotExit= ptolemy.vergil.basic.export.ExportModel png -run -save /home/travis/build/icyphy/ptII/ptolemy/domains/space/demo/DOPCenter/DOPCenter.xml
Running .DOPCenter
2002 ms. Memory: 180736K Free: 116383K (64%)
Saving .DOPCenter
Exported /home/travis/build/icyphy/ptII/ptolemy/domains/space/demo/DOPCenter/DOPCenter.png
+/home/travis/build/icyphy/ptII/bin/ptinvoke ptolemy.actor.gui.MoMLSimpleApplication Placard.xml
2119 ms. Memory: 116224K Free: 93557K (80%)
+[ -f Placard.tex ]
+pdflatex Placard.tex
This is pdfTeX, Version 3.1415926-2.5-1.40.14 (TeX Live 2013/Debian)
 restricted \write18 enabled.
entering extended mode
(./Placard.tex
LaTeX2e <2011/06/27>
Babel <3.9h> and hyphenation patterns for 2 languages loaded.
(/usr/share/texlive/texmf-dist/tex/latex/base/article.cls
Document Class: article 2007/10/19 v1.4h Standard LaTeX document class
(/usr/share/texlive/texmf-dist/tex/latex/base/size10.clo))
No file Placard.aux.

Overfull \hbox (19.2013pt too wide) in paragraph at lines 21--31
[] 
[1{/var/lib/texmf/fonts/map/pdftex/updmap/pdftex.map}] [2] [3] [4] [5] [6]
[7] (./Placard.aux) )
(see the transcript file for additional information)</usr/share/texlive/texmf-d
ist/fonts/type1/public/amsfonts/cm/cmssbx10.pfb>
Output written on Placard.pdf (7 pages, 23167 bytes).
Transcript written on Placard.log.
+[ ! -f Placard.pdf ]
+rm Placard.aux Placard.log
+/home/travis/build/icyphy/ptII/bin/ptinvoke ptolemy.actor.gui.MoMLSimpleApplication DOPCSV.xml
2400 ms. Memory: 116224K Free: 85683K (74%)
+[ ! -f DOP.csv ]
-rw-rw-r-- 1 travis travis 117326 Jun 13 14:55 /home/travis/build/icyphy/ptII/ptolemy/domains/space/demo/DOPCenter/DOPCenter.png
make: Leaving directory `/home/travis/build/icyphy/ptII/adm/gen-11.0'
All Done
/home/travis/build/icyphy/ptII/adm/installers/test/installers.tcl
adm/test/Nightly.tcl: about to clean
adm/test/nightlyMake.tcl: about to execute [make -C /home/travis/build/icyphy/ptII/adm/installers/test/../../../adm/gen-11.0 PTIIHOME=/home/travis/build/icyphy/ptII/adm/installers/test/../../.. PTIIADM=/home/travis/build/icyphy/ptII/adm/installers/test/../../../adm JAR=/usr/bin/jar TAR=/usr/local/bin/tar clean]
About to execute:
    make -C
/home/travis/build/icyphy/ptII/adm/installers/test/../../../adm/gen-11.0
PTIIHOME=/home/travis/build/icyphy/ptII/adm/installers/test/../../..
PTIIADM=/home/travis/build/icyphy/ptII/adm/installers/test/../../../adm
JAR=/usr/bin/jar TAR=/usr/local/bin/tar clean
make: Entering directory `/home/travis/build/icyphy/ptII/adm/gen-11.0'
rm -f ptII11_0_beta_setup_windows.jar ptII11_0_beta_setup_windows.exe
rm -rf /home/travis/build/icyphy/ptII/adm/installers/test/../../../adm/dists/ptII11.0.beta/ptiny.exe /home/travis/build/icyphy/ptII/adm/installers/test/../../../adm/dists/ptII11.0.beta/ptbook.exe /home/travis/build/icyphy/ptII/adm/installers/test/../../../adm/dists/ptII11.0.beta/jar_dist /home/travis/build/icyphy/ptII/adm/installers/test/../../../adm/dists/ptII11.0.beta/ptolemy/matlab/ptmatlab.dll
#
# Now cleaning old tar files
#
clean Wed Jun 13 14:55:52 UTC 2018
 14:55:52 up 9 min,  1 user,  load average: 1.53, 1.17, 0.58
rm -f /home/travis/build/icyphy/ptII/adm/installers/test/../../../adm/gen-11.0/ptII11.0.beta.tar /home/travis/build/icyphy/ptII/adm/installers/test/../../../adm/gen-11.0/ptII11.0.beta.src.zip /home/travis/build/icyphy/ptII/adm/installers/test/../../../adm/gen-11.0/ptolemy.devel11.0.beta.src.tar /home/travis/build/icyphy/ptII/adm/installers/test/../../../adm/gen-11.0/ptII11.0.beta.src.tar
rm -f opencv_java320.dll
rm -rf /home/travis/build/icyphy/ptII/adm/installers/test/../../../adm/gen-11.0/ptII11.0.beta.src.jar src_jar
rm -rf /home/travis/build/icyphy/ptII/adm/installers/test/../../../adm/dists/ptII11.0.beta src installshield/*
rm -rf capecode0.2.beta.src.jar
rm -rf hyvisual11.0.beta.src.jar
rm -rf viptos1.1.devel.src.jar
rm -rf /home/travis/build/icyphy/ptII/adm/installers/test/../../../adm/gen-11.0/ptzip
rm -rf ptII11_0_beta_setup_windows_64.exe ptII11_0_beta_setup_windows_64.jar ptII11_0_beta_setup_windows_64.xml ptII11_0_beta_setup_windows.jar ptII11_0_beta_setup_windows.exe test/installerTest test/ptII11.0.beta
rm -rf capecode0.2.beta.src.jar capecode0.2.beta.tar.gz
rm -rf capecode0_2_beta_setup_windows_64.xml capecode0_2_beta_setup_windows.jar capecode0_2_beta_setup_windows_64.exe
rm -rf capecode0.2.beta.setup.mac.app capecode0.2.beta.setup.mac.app.tar.gz capecode0.2.beta.setup.mac.dmg capecode0.2.beta.setup.mac.jar capecode0.2.beta.setup.mac.xml
rm -rf capecode0.2.beta.setup.linux.tar.gz capecode0.2.beta.setup.linux.jar capecode0.2.beta.setup.linux.xml
rm -rf capecode0_2_beta_setup_windows.exe capecode0_2_beta_setup_windows.jar
rm -rf capecode0_2_beta_setup_windows_64.exe capecode0_2_beta_setup_windows_64.jar
rm -rf capeCodeNonGUI.tar.gz
rm -rf ptII11.0.beta.setup.mac.jar ptII11.0.beta.setup.mac.app ptII11.0.beta.setup.mac.app.tar.gz ptII11.0.beta.setup.mac.dmg ptII11.0.beta.setup.mac.jar ptII11.0.beta.setup.mac.xml
rm -rf ptII11.0.beta.setup.linux.jar ptII11.0.beta.setup.mac.xml
rm -rf /home/travis/build/icyphy/ptII/adm/installers/test/../../../adm/gen-11.0/ptII11.0.beta.tar /home/travis/build/icyphy/ptII/adm/installers/test/../../../adm/gen-11.0/ptII11.0.beta.src.zip /home/travis/build/icyphy/ptII/adm/installers/test/../../../adm/gen-11.0/ptII11.0.beta.src.tar /home/travis/build/icyphy/ptII/adm/installers/test/../../../adm/gen-11.0/ptII11.0.beta.src.jar
make: Leaving directory `/home/travis/build/icyphy/ptII/adm/gen-11.0'
All Done
adm/test/nightlyMake.tcl: about to execute [make -C /home/travis/build/icyphy/ptII/adm/installers/test/../../../adm/gen-11.0 PTIIHOME=/home/travis/build/icyphy/ptII/adm/installers/test/../../.. PTIIADM=/home/travis/build/icyphy/ptII/adm/installers/test/../../../adm JAR=/usr/bin/jar TAR=/usr/local/bin/tar all]
About to execute:
    make -C
/home/travis/build/icyphy/ptII/adm/installers/test/../../../adm/gen-11.0
PTIIHOME=/home/travis/build/icyphy/ptII/adm/installers/test/../../..
PTIIADM=/home/travis/build/icyphy/ptII/adm/installers/test/../../../adm
JAR=/usr/bin/jar TAR=/usr/local/bin/tar all
make: Entering directory `/home/travis/build/icyphy/ptII/adm/gen-11.0'
if [ ! -f /home/travis/build/icyphy/ptII/adm/installers/test/../../../vendors/installer/izpack-dist-5.1.3-SNAPSHOT.jar ]; then \
		echo "Downloading izpack: `date`"; \
		wget --quiet -O /home/travis/build/icyphy/ptII/adm/installers/test/../../../vendors/installer/izpack-dist-5.1.3-SNAPSHOT.jar \
			https://github.com/icyphy/ptII/releases/download/nightly/izpack-dist-5.1.3-SNAPSHOT.jar; \
	fi
sed 's#@@PTII@@#/home/travis/build/icyphy/ptII/adm/installers/test/../../..#' izpackInstallDist.xml > izpackInstall.xml
(cd /home/travis/build/icyphy/ptII/adm/installers/test/../../../vendors; java -jar /home/travis/build/icyphy/ptII/adm/installers/test/../../../vendors/installer/izpack-dist-5.1.3-SNAPSHOT.jar /home/travis/build/icyphy/ptII/adm/installers/test/../../../adm/gen-11.0/izpackInstall.xml)
Command line arguments: /home/travis/build/icyphy/ptII/adm/installers/test/../../../adm/gen-11.0/izpackInstall.xml 
[ Starting automated installation ]
====================
Installation started
Framework: 5.1.3-SNAPSHOT-3e7e3 (IzPack)
Platform: ubuntu_linux,version=4.4.0-101-generic,arch=x64,symbolicName=null,javaVersion=1.8.0_151
[ Starting to unpack ]
[ Processing package: Required files (1/2) ]
Cleaning up the target folder ...
[ Processing package: Experimental tools (2/2) ]
Installation finished
[ Unpacking finished ]
[ Writing the uninstaller data ... ]
[ Automated installation done ]
#rm -f izpackInstall.xml

izpackFix:
Changing the Info.plist for the Mac installer app to require Java 1.8 or later.

if [ ! -f "/home/travis/build/icyphy/ptII/adm/installers/test/../../../vendors/izpack/utils/wrappers/izpack2app/Mac-App-Template/Contents/Info.plist.orig" ]; then \
		cp "/home/travis/build/icyphy/ptII/adm/installers/test/../../../vendors/izpack/utils/wrappers/izpack2app/Mac-App-Template/Contents/Info.plist" "/home/travis/build/icyphy/ptII/adm/installers/test/../../../vendors/izpack/utils/wrappers/izpack2app/Mac-App-Template/Contents/Info.plist.orig"; \
        fi
sed 's@<string>1.[*0-8+]*</string>@<string>1.8+</string>@' "/home/travis/build/icyphy/ptII/adm/installers/test/../../../vendors/izpack/utils/wrappers/izpack2app/Mac-App-Template/Contents/Info.plist" > "/home/travis/build/icyphy/ptII/adm/installers/test/../../../vendors/izpack/utils/wrappers/izpack2app/Mac-App-Template/Contents/Info.plist.tmp"
diff "/home/travis/build/icyphy/ptII/adm/installers/test/../../../vendors/izpack/utils/wrappers/izpack2app/Mac-App-Template/Contents/Info.plist.tmp" "/home/travis/build/icyphy/ptII/adm/installers/test/../../../vendors/izpack/utils/wrappers/izpack2app/Mac-App-Template/Contents/Info.plist"
28c28
<     <string>1.8+</string>
---
>     <string>1.4+</string>
make: [izpackFix] Error 1 (ignored)
mv "/home/travis/build/icyphy/ptII/adm/installers/test/../../../vendors/izpack/utils/wrappers/izpack2app/Mac-App-Template/Contents/Info.plist.tmp" "/home/travis/build/icyphy/ptII/adm/installers/test/../../../vendors/izpack/utils/wrappers/izpack2app/Mac-App-Template/Contents/Info.plist"
if [ ! -f /home/travis/build/icyphy/ptII/adm/installers/test/../../../vendors/installer/launch4j-3.11.tgz ]; then \
	    case `uname` in \
		Darwin) osfile=macosx-x86;; \
		Linux) osfile=linux-x64;; \
	    esac; \
	    echo "Downloading /home/travis/build/icyphy/ptII/adm/installers/test/../../../vendors/installer/launch4j-3.11.tgz for $osfile: `date`"; \
	    wget --quiet "https://osdn.net/frs/g_redir.php?m=kent&f=launch4j%2Flaunch4j-3%2F3.11%2Flaunch4j-3.11-$osfile.tgz" -O /home/travis/build/icyphy/ptII/adm/installers/test/../../../vendors/installer/launch4j-3.11.tgz; \
        fi
Creating L4J_DIR: /home/travis/build/icyphy/ptII/adm/installers/test/../../../vendors/launch4j
if [ ! -d /home/travis/build/icyphy/ptII/adm/installers/test/../../../vendors/launch4j ]; then \
		cd /home/travis/build/icyphy/ptII/adm/installers/test/../../../vendors; \
		/usr/local/bin/tar -zxf /home/travis/build/icyphy/ptII/adm/installers/test/../../../vendors/installer/launch4j-3.11.tgz; \
		ls -l /home/travis/build/icyphy/ptII/adm/installers/test/../../../vendors/launch4j; \
	fi
total 264
drwxr-xr-x 2 travis travis   4096 Jun 27  2017 bin
-rw-r--r-- 1 travis travis   2457 Jun 27  2017 build.xml
drwxr-xr-x 5 travis travis   4096 Jun 27  2017 demo
drwxr-xr-x 2 travis travis   4096 Jun 27  2017 head
drwxr-xr-x 2 travis travis   4096 Jun 27  2017 head_jni_BETA
drwxr-xr-x 6 travis travis   4096 Jun 27  2017 head_src
-rwxr-xr-x 1 travis travis    160 Jun 27  2017 launch4j
-rw-r--r-- 1 travis travis 197822 Jun 27  2017 launch4j.jar
-rw-r--r-- 1 travis travis    125 Jun 27  2017 launch4j.jfpr
drwxr-xr-x 2 travis travis   4096 Jun 27  2017 lib
-rw-r--r-- 1 travis travis   1630 Jun 27  2017 LICENSE.txt
drwxr-xr-x 2 travis travis   4096 Jun 27  2017 manifest
drwxr-xr-x 4 travis travis   4096 Jun 27  2017 maven
drwxr-xr-x 2 travis travis   4096 Jun 27  2017 sign4j
drwxr-xr-x 4 travis travis   4096 Jun 27  2017 src
drwxr-xr-x 2 travis travis   4096 Jun 27  2017 w32api
drwxr-xr-x 2 travis travis   4096 Jun 27  2017 w32api_jni
drwxr-xr-x 2 travis travis   4096 Jun 27  2017 web
cp /home/travis/build/icyphy/ptII/adm/installers/test/../../../vendors/installer/opencv_java320.dll opencv_java320.dll
if [ ! -f "node/node-v7.10.1-darwin-x64.tar.gz" ]; then \
		echo "Downloading node darwin node/node-v7.10.1-darwin-x64.tar.gz: `date`"; \
		(cd node; wget --quiet https://nodejs.org/dist/v7.10.1/node-v7.10.1-darwin-x64.tar.gz); \
	fi
Downloading node darwin node/node-v7.10.1-darwin-x64.tar.gz: Wed Jun 13 14:55:54 UTC 2018
if [ ! -f "node/node-v7.10.1-linux-x64.tar.xz" ]; then \
		echo "Downloading node linux node/node-v7.10.1-linux-x64.tar.xz: `date`"; \
		(cd node; wget --quiet https://nodejs.org/dist/v7.10.1/node-v7.10.1-linux-x64.tar.xz); \
	fi
Downloading node linux node/node-v7.10.1-linux-x64.tar.xz: Wed Jun 13 14:55:55 UTC 2018
if [ ! -f "node/node-v7.10.1-win-x64.zip" ]; then \
		echo "Downloading node win node/node-v7.10.1-win-x64.zip: `date`"; \
		(cd node; wget --quiet https://nodejs.org/dist/v7.10.1/node-v7.10.1-win-x64.zip); \
	fi
Downloading node win node/node-v7.10.1-win-x64.zip: Wed Jun 13 14:55:56 UTC 2018
#
# Now creating PTIIDIST: /home/travis/build/icyphy/ptII/adm/installers/test/../../../adm/dists/ptII11.0.beta
#
/home/travis/build/icyphy/ptII/adm/installers/test/../../../adm/dists/ptII11.0.beta Wed Jun 13 14:55:58 UTC 2018
 14:55:58 up 9 min,  1 user,  load average: 1.41, 1.15, 0.58
OPENCV_DLL: opencv_java320.dll
NODE_DARWIN: node/node-v7.10.1-darwin-x64.tar.gz
NODE_LINUX: node/node-v7.10.1-linux-x64.tar.xz
NODE_WIN: node/node-v7.10.1-win-x64.zip
IZPACK_DIR: /home/travis/build/icyphy/ptII/adm/installers/test/../../../vendors/izpack
L4J_DIR: /home/travis/build/icyphy/ptII/adm/installers/test/../../../vendors/launch4j
mkdir -p /home/travis/build/icyphy/ptII/adm/installers/test/../../../adm/dists/ptII11.0.beta
git pull in /home/travis/build/icyphy/ptII/adm/installers/test/../../..
(cd /home/travis/build/icyphy/ptII/adm/installers/test/../../..; git pull)
Updating aa56d2ab..1fbd6d2f
Fast-forward
 .travis.yml                                      |    3 +
 adm/gen-11.0/makefile                            |    2 +
 bin/ptinvoke.in                                  |    5 +-
 ptolemy/configs/capecode/demonstrations.htm      |    2 +
 ptolemy/configs/doc/completeDemos.htm            |    1 +
 ptolemy/configs/doc/completeDemosPtiny.htm       |    2 +-
 ptolemy/configs/doc/completeDemosPtinyKepler.htm |    2 +-
 ptolemy/configs/doc/demosBcvtb.htm               |  833 ++++++++-----
 ptolemy/configs/doc/demosPtiny.htm               | 1361 ++++++++++++----------
 ptolemy/configs/doc/demosPtinyKepler.htm         |  750 +++++-------
 ptolemy/configs/doc/docsBcvtb.htm                |    2 +
 ptolemy/configs/doc/docsPtdb.htm                 |    2 +
 ptolemy/configs/doc/docsPtiny.htm                |    2 +
 ptolemy/configs/doc/docsPtinyKepler.htm          |    2 +
 ptolemy/configs/doc/models.txt                   |    1 +
 vendors/j3d/lib/j3dcore.jar                      |  Bin 0 -> 1396868 bytes
 vendors/j3d/lib/j3dutils.jar                     |  Bin 0 -> 2278939 bytes
 vendors/j3d/lib/vecmath.jar                      |  Bin 0 -> 12065031 bytes
 18 files changed, 1577 insertions(+), 1393 deletions(-)
 create mode 100644 vendors/j3d/lib/j3dcore.jar
 create mode 100644 vendors/j3d/lib/j3dutils.jar
 create mode 100644 vendors/j3d/lib/vecmath.jar
git pull in /home/travis/build/icyphy/ptII/adm/installers/test/../../../org/terraswarm/accessor/accessors/web
(cd /home/travis/build/icyphy/ptII/adm/installers/test/../../../org/terraswarm/accessor/accessors/web; git pull)
Already up to date.
#@echo "Be sure that ptolemy/media/javasound/javasound.jar exists"
#(cd /home/travis/build/icyphy/ptII/adm/installers/test/../../../ptolemy/media/javasound; make jars)
#@echo "Be sure that ptolemy/actor/lib/javasound/javasound.jar exists"
#(cd /home/travis/build/icyphy/ptII/adm/installers/test/../../../ptolemy/actor/lib/javasound; make jars)
(cd /home/travis/build/icyphy/ptII/adm/installers/test/../../..; \
		rm -f build.xml; \
		/usr/local/bin/tar -c --no-anchored \
			--exclude="CVS" \
			--exclude=",svn" \
			--exclude=".git" \
			-X /home/travis/build/icyphy/ptII/adm/installers/test/../../../adm/gen-11.0/src.ex \
			-X /home/travis/build/icyphy/ptII/adm/installers/test/../../../adm/gen-11.0/src1.ex \
		-f - .cshrc .classpath.in .classpath.default .eclipse.epf .project.default CONTRIBUTING.md README.md ant bin build.default.xml build.xml.in cluster.xml com/cureos com/jgoodies com/jhlabs com/makefile com/microstar config configure configure.in contrib copyright.htm copyright.txt diva doc edu jars.xml lib lbnl makefile mk net org plugin.xml pom.xml ptdb ptKeystore.properties ptolemy ptserver thales util vergil.jnlp.in vergilBCVTB.jnlp.in vergilCapeCode.jnlp.in vergilCyPhySim.jnlp.in vergilDSP.jnlp.in vergilHyVisual.jnlp.in vergilPtiny.jnlp.in vergilPtinyKepler.jnlp.in vergilPtinySandbox.jnlp.in vergilSpace.jnlp.in vergilVisualSense.jnlp.in )| \
		(cd /home/travis/build/icyphy/ptII/adm/installers/test/../../../adm/dists/ptII11.0.beta; /usr/local/bin/tar -xpf -)
Removing other documentation
#@echo "  tar -X does not seem to work under Cygwin"
ls -l /home/travis/build/icyphy/ptII/adm/installers/test/../../../adm/dists/ptII11.0.beta/configure /home/travis/build/icyphy/ptII/adm/installers/test/../../../adm/dists/ptII11.0.beta/config
-rwxrwxr-x 1 travis travis 630561 Jun 13 14:53 /home/travis/build/icyphy/ptII/adm/installers/test/../../../adm/dists/ptII11.0.beta/configure

/home/travis/build/icyphy/ptII/adm/installers/test/../../../adm/dists/ptII11.0.beta/config:
total 84
-rw-rw-r-- 1 travis travis 1647 Jun 13 14:48 confTest.java
-rw-rw-r-- 1 travis travis 1660 Jun 13 14:48 CORBATest.java
-rw-rw-r-- 1 travis travis 1717 Jun 13 14:48 EclipseITreeSelection.java
-rw-rw-r-- 1 travis travis 5183 Jun 13 14:48 FindClass.java
-rw-rw-r-- 1 travis travis  289 Jun 13 14:48 gmpTest2.cc
-rw-rw-r-- 1 travis travis  163 Jun 13 14:48 gmpTest.c
-rwxrwxr-x 1 travis travis 2585 Jun 13 14:48 install-sh
-rw-rw-r-- 1 travis travis 1689 Jun 13 14:48 JAITest.java
-rw-rw-r-- 1 travis travis 1653 Jun 13 14:48 java3dTest.java
-rw-rw-r-- 1 travis travis 1842 Jun 13 14:48 JavaFXTest.java
-rw-rw-r-- 1 travis travis 1914 Jun 13 14:48 JavaHome.java
-rw-rw-r-- 1 travis travis 1522 Jun 13 14:48 javasoundTest.java
-rw-rw-r-- 1 travis travis 1739 Jun 13 14:48 JMFTest.java
-rw-rw-r-- 1 travis travis 1707 Jun 13 14:48 JXLTest.java
-rw-rw-r-- 1 travis travis 1727 Jun 13 14:48 MajorOSName.java
-rw-rw-r-- 1 travis travis 3229 Jun 13 14:48 OpenCVTest.java
-rw-rw-r-- 1 travis travis 1715 Jun 13 14:48 quickTimeTest.java
-rw-rw-r-- 1 travis travis 4967 Jun 13 14:48 RootDirectory.java
-rw-rw-r-- 1 travis travis 3730 Jun 13 14:48 SystemJar.java
rm -rf /home/travis/build/icyphy/ptII/adm/installers/test/../../../adm/dists/ptII11.0.beta/config/*.jar \
		/home/travis/build/icyphy/ptII/adm/installers/test/../../../adm/dists/ptII11.0.beta/config/*.class
ls -l /home/travis/build/icyphy/ptII/adm/installers/test/../../../adm/dists/ptII11.0.beta/configure /home/travis/build/icyphy/ptII/adm/installers/test/../../../adm/dists/ptII11.0.beta/config
-rwxrwxr-x 1 travis travis 630561 Jun 13 14:53 /home/travis/build/icyphy/ptII/adm/installers/test/../../../adm/dists/ptII11.0.beta/configure

/home/travis/build/icyphy/ptII/adm/installers/test/../../../adm/dists/ptII11.0.beta/config:
total 84
-rw-rw-r-- 1 travis travis 1647 Jun 13 14:48 confTest.java
-rw-rw-r-- 1 travis travis 1660 Jun 13 14:48 CORBATest.java
-rw-rw-r-- 1 travis travis 1717 Jun 13 14:48 EclipseITreeSelection.java
-rw-rw-r-- 1 travis travis 5183 Jun 13 14:48 FindClass.java
-rw-rw-r-- 1 travis travis  289 Jun 13 14:48 gmpTest2.cc
-rw-rw-r-- 1 travis travis  163 Jun 13 14:48 gmpTest.c
-rwxrwxr-x 1 travis travis 2585 Jun 13 14:48 install-sh
-rw-rw-r-- 1 travis travis 1689 Jun 13 14:48 JAITest.java
-rw-rw-r-- 1 travis travis 1653 Jun 13 14:48 java3dTest.java
-rw-rw-r-- 1 travis travis 1842 Jun 13 14:48 JavaFXTest.java
-rw-rw-r-- 1 travis travis 1914 Jun 13 14:48 JavaHome.java
-rw-rw-r-- 1 travis travis 1522 Jun 13 14:48 javasoundTest.java
-rw-rw-r-- 1 travis travis 1739 Jun 13 14:48 JMFTest.java
-rw-rw-r-- 1 travis travis 1707 Jun 13 14:48 JXLTest.java
-rw-rw-r-- 1 travis travis 1727 Jun 13 14:48 MajorOSName.java
-rw-rw-r-- 1 travis travis 3229 Jun 13 14:48 OpenCVTest.java
-rw-rw-r-- 1 travis travis 1715 Jun 13 14:48 quickTimeTest.java
-rw-rw-r-- 1 travis travis 4967 Jun 13 14:48 RootDirectory.java
-rw-rw-r-- 1 travis travis 3730 Jun 13 14:48 SystemJar.java
(cd /home/travis/build/icyphy/ptII/adm/installers/test/../../../adm/dists/ptII11.0.beta; /home/travis/build/icyphy/ptII/adm/installers/test/../../../adm/gen-11.0/findclean)
find: `./doc/codeDoc': No such file or directory
rm: cannot remove ./org/terraswarm/accessor/accessors/web/hosts/node/node_modules/chai/lib/chai/core: Is a directory
(cd /home/travis/build/icyphy/ptII/adm/installers/test/../../../adm/dists/ptII11.0.beta; rm -rf `cat /home/travis/build/icyphy/ptII/adm/installers/test/../../../adm/gen-11.0/src.ex`)
# Copy 35Mb OpenCV dll into lib.
cp /home/travis/build/icyphy/ptII/adm/installers/test/../../../adm/gen-11.0/opencv_java320.dll /home/travis/build/icyphy/ptII/adm/installers/test/../../../adm/dists/ptII11.0.beta/lib
# Set up node directories
mkdir -p /home/travis/build/icyphy/ptII/adm/installers/test/../../../adm/dists/ptII11.0.beta/vendors/node
(cd /home/travis/build/icyphy/ptII/adm/installers/test/../../../adm/dists/ptII11.0.beta/vendors/node; tar -zxf /home/travis/build/icyphy/ptII/adm/installers/test/../../../adm/gen-11.0/node/node-v7.10.1-darwin-x64.tar.gz)
(cd /home/travis/build/icyphy/ptII/adm/installers/test/../../../adm/dists/ptII11.0.beta/vendors/node; tar -Jxf /home/travis/build/icyphy/ptII/adm/installers/test/../../../adm/gen-11.0/node/node-v7.10.1-linux-x64.tar.xz)
(cd /home/travis/build/icyphy/ptII/adm/installers/test/../../../adm/dists/ptII11.0.beta/vendors/node; unzip -q /home/travis/build/icyphy/ptII/adm/installers/test/../../../adm/gen-11.0/node/node-v7.10.1-win-x64.zip)
(cd /home/travis/build/icyphy/ptII/adm/installers/test/../../../adm/dists/ptII11.0.beta/vendors; ln -s /home/travis/build/icyphy/ptII/adm/installers/test/../../../vendors/installer .)
ls -l /home/travis/build/icyphy/ptII/adm/installers/test/../../../adm/dists/ptII11.0.beta/vendors/installer
lrwxrwxrwx 1 travis travis 77 Jun 13 14:56 /home/travis/build/icyphy/ptII/adm/installers/test/../../../adm/dists/ptII11.0.beta/vendors/installer -> /home/travis/build/icyphy/ptII/adm/installers/test/../../../vendors/installer
# Remove the duktape binaries.
(cd /home/travis/build/icyphy/ptII/adm/installers/test/../../../adm/dists/ptII11.0.beta/org/terraswarm/accessor/accessors/web; ant clean.duktape);
/home/travis/build/icyphy/ptII/bin/ant: Running /home/travis/build/icyphy/ptII/ant/bin/ant clean.duktape
Buildfile: /home/travis/build/icyphy/ptII/adm/dists/ptII11.0.beta/org/terraswarm/accessor/accessors/web/build.xml

-cargo-in-path:
     [echo] 
     [echo]       Checking to see if the cargo binary is present.
     [echo]       cargo is used for the rusteduk target.
     [echo]       Rusteduk is a Duktape-based JavaScript Interpreter
     [echo]       that can be called from rust.
     [echo]       If cargo is not found, then rusteduk won't compile.
     [echo]       Rusteduk is not required by Accessors.
     [echo]     

clean.rusteduk:

clean.duktape:

BUILD SUCCESSFUL
Total time: 0 seconds
#
# Set up vendors directory for making docs and jar_dist
#
# Java3D (for the Mac)
cp -r /home/travis/build/icyphy/ptII/adm/installers/test/../../../vendors/j3d /home/travis/build/icyphy/ptII/adm/installers/test/../../../adm/dists/ptII11.0.beta/vendors
#
# Jogl (for the Mac)
mkdir -p /home/travis/build/icyphy/ptII/adm/installers/test/../../../adm/dists/ptII11.0.beta/vendors/jogl
cp /home/travis/build/icyphy/ptII/adm/installers/test/../../../vendors/jogl/*.txt /home/travis/build/icyphy/ptII/adm/installers/test/../../../adm/dists/ptII11.0.beta/vendors/jogl
mkdir -p /home/travis/build/icyphy/ptII/adm/installers/test/../../../adm/dists/ptII11.0.beta/vendors/jogl/lib
ls TII/vendors/jogl
ls: cannot access TII/vendors/jogl: No such file or directory
make: [/home/travis/build/icyphy/ptII/adm/installers/test/../../../adm/dists/ptII11.0.beta] Error 2 (ignored)
ls TII/vendors/jogl/lib
ls: cannot access TII/vendors/jogl/lib: No such file or directory
make: [/home/travis/build/icyphy/ptII/adm/installers/test/../../../adm/dists/ptII11.0.beta] Error 2 (ignored)
cp /home/travis/build/icyphy/ptII/adm/installers/test/../../../vendors/jogl/lib/*.jar /home/travis/build/icyphy/ptII/adm/installers/test/../../../adm/dists/ptII11.0.beta/vendors/jogl/lib
cp: cannot stat /home/travis/build/icyphy/ptII/adm/installers/test/../../../vendors/jogl/lib/*.jar: No such file or directory
make: Leaving directory `/home/travis/build/icyphy/ptII/adm/gen-11.0'
make: *** [/home/travis/build/icyphy/ptII/adm/installers/test/../../../adm/dists/ptII11.0.beta] Error 1
All Done


==== $PTII/adm/installers/test/installers.tcl: installers-1.2 all
==== Contents of test case:

    set matches [nightlyMake all]
    list $matches [file exists $ptII_full]

==== Result was:
{{Last subprocess returned non-zero: 2} {make: *** [/home/travis/build/icyphy/ptII/adm/installers/test/../../../adm/dists/ptII11.0.beta] Error 1
}} 0
---- Result should have been:
{} 1
---- installers-1.2 FAILED
adm/test/nightlyMake.tcl: about to execute [make -C /home/travis/build/icyphy/ptII/adm/installers/test/../../../adm/gen-11.0 PTIIHOME=/home/travis/build/icyphy/ptII/adm/installers/test/../../.. PTIIADM=/home/travis/build/icyphy/ptII/adm/installers/test/../../../adm JAR=/usr/bin/jar TAR=/usr/local/bin/tar src.jar]
About to execute:
    make -C
/home/travis/build/icyphy/ptII/adm/installers/test/../../../adm/gen-11.0
PTIIHOME=/home/travis/build/icyphy/ptII/adm/installers/test/../../..
PTIIADM=/home/travis/build/icyphy/ptII/adm/installers/test/../../../adm
JAR=/usr/bin/jar TAR=/usr/local/bin/tar src.jar
make: Entering directory `/home/travis/build/icyphy/ptII/adm/gen-11.0'
#
src_jar rule
#
mkdir src_jar;
# Don't use -v with tar, you may see "/usr/local/bin/tar: write error"
(cd src_jar; /usr/local/bin/tar -xf /home/travis/build/icyphy/ptII/adm/installers/test/../../../adm/gen-11.0/ptII11.0.beta.src.tar)
/usr/local/bin/tar: /home/travis/build/icyphy/ptII/adm/installers/test/../../../adm/gen-11.0/ptII11.0.beta.src.tar: Cannot open: No such file or directory
/usr/local/bin/tar: Error is not recoverable: exiting now
make: Leaving directory `/home/travis/build/icyphy/ptII/adm/gen-11.0'
All Done
nightly-1.4: /home/travis/build/icyphy/ptII/adm/installers/test/../../../adm/gen-11.0/ptII11.0.devel.src.jar
make: *** [src_jar] Error 2


==== $PTII/adm/installers/test/installers.tcl: installers-1.4 src.jar
==== Contents of test case:

    set filename $gendir/ptII$version.src.jar
    file delete -force $filename
    set r0  [file exists $filename]

    set matches [nightlyMake src.jar]

    puts "nightly-1.4: $filename"
    list $r0 $matches [file exists $filename]

==== Result was:
0 {{Last subprocess returned non-zero: 2} {}} 0
---- Result should have been:
0 {} 1
---- installers-1.4 FAILED
adm/test/nightlyMake.tcl: about to execute [make -C /home/travis/build/icyphy/ptII/adm/installers/test/../../../adm/gen-11.0 PTIIHOME=/home/travis/build/icyphy/ptII/adm/installers/test/../../.. PTIIADM=/home/travis/build/icyphy/ptII/adm/installers/test/../../../adm JAR=/usr/bin/jar TAR=/usr/local/bin/tar setup]
About to execute:
    make -C
/home/travis/build/icyphy/ptII/adm/installers/test/../../../adm/gen-11.0
PTIIHOME=/home/travis/build/icyphy/ptII/adm/installers/test/../../..
PTIIADM=/home/travis/build/icyphy/ptII/adm/installers/test/../../../adm
JAR=/usr/bin/jar TAR=/usr/local/bin/tar setup
make: Entering directory `/home/travis/build/icyphy/ptII/adm/gen-11.0'
if [ ! -h /home/travis/build/icyphy/ptII/adm/installers/test/../../../adm/dists/ptII11.0.beta/vendors/launch4j ]; then \
		echo "Created link for launch4j"; \
		ln -s /home/travis/build/icyphy/ptII/adm/installers/test/../../../vendors/launch4j /home/travis/build/icyphy/ptII/adm/installers/test/../../../adm/dists/ptII11.0.beta/vendors/launch4j; \
	fi
Created link for launch4j
 Creating /home/travis/build/icyphy/ptII/adm/installers/test/../../../adm/dists/ptII11.0.beta/ptiny.exe
make -C /home/travis/build/icyphy/ptII/adm/installers/test/../../../adm/dists/ptII11.0.beta PTII=`/home/travis/build/icyphy/ptII/adm/installers/test/../../../adm/gen-11.0/ptcygpath /home/travis/build/icyphy/ptII/adm/installers/test/../../../adm/dists/ptII11.0.beta` exes
make[1]: Entering directory `/home/travis/build/icyphy/ptII/adm/dists/ptII11.0.beta'
makefile:53: mk/ptII.mk: No such file or directory
./configure
For more verbose output, run ./configure --enable-verbose
checking if your path has 'program files/java' instead of 'Program Files/Java' ... ok
checking if $PTII ('/home/travis/build/icyphy/ptII/adm/installers/test/../../../adm/dists/ptII11.0.beta') has backslashes... ok
checking if $PTII ('/home/travis/build/icyphy/ptII/adm/installers/test/../../../adm/dists/ptII11.0.beta') and the current directory are the same"... checking if $PTII ('/home/travis/build/icyphy/ptII/adm/installers/test/../../../adm/dists/ptII11.0.beta') contains "cygdrive"... ok
checking for find... /usr/bin/find
checking for javac... /usr/bin/javac
checking PTJAVA_DIR == /usr, checking for links... checking the value of the Java directory ... checking for java... /usr/bin/java
ok
Error: This Java instance does not support a 32-bit JVM.
Please install the desired version.
checking for java32... no
configure: WARNING: Running java -d32 -version failed,
    and ./bin/java does not exist.
    Perhaps you need to install a separate 32-bit JVM
    or rerun configure with --with-java32?
    The 32-bit JVM is only needed for certain 32-bit FMI tests.
    In general, under a 64-bit JVM, FMI will work fine without a 32-bit JVM.
checking for the java runtime in /usr/lib/jvm/java-8-oracle/bin... ok
checking for java... (cached) /usr/bin/java
configure: WARNING: '/usr/lib/jvm/java-8-oracle/bin/java' is not
    the same as '/usr/bin/java'.
    Perhaps '/usr/bin/java' is in your path before
    '/usr/lib/jvm/java-8-oracle/bin/java'?
    If you have problems later, be sure that you don't have a mismatch
    in JDK versions.
checking for the java compiler in /usr/lib/jvm/java-8-oracle/bin... ok
checking for javac... (cached) /usr/bin/javac
configure: WARNING: '/usr/lib/jvm/java-8-oracle/bin/javac' is not
	 the same as '/usr/bin/javac'.
	 Perhaps '/usr/bin/javac' is in your path
	 before '/usr/lib/jvm/java-8-oracle/bin/javac'?
	 If you have problems later, be sure that you don't have a mismatch
	 in JDK versions.
checking the Java compiler with a simple compile... ok
checking the value of the java.version Property ... ok
checking the JDK version... ok
checking for java.home property by compiling a test program ... ok
checking for java.home property by running a test program ... ok
checking for the jar command... ok
checking that /usr/lib/jvm/java-8-oracle/bin/jar can handle -i... ok
checking for the jarsigner command... ok
checking for the javaws command... ok
checking for the keytool command... ok
checking for the proper CLASSPATH separator... ok
checking for /home/travis/build/icyphy/ptII/adm/installers/test/../../../adm/dists/ptII11.0.beta/org/terraswarm/accessor/accessors/, used by CapeCode and Accessors... ok
checking Java 9 and later... ok
checking for the Apache ant binary... ok
checking for gawk... /usr/bin/gawk
checking for mvn... /usr/local/maven-3.5.2/bin/mvn
checking for maven ant task.  This could take a minute the first time configure is run.... ok
configure: WARNING: Failed to find /usr/local/include/boost/numeric/odeint.hpp
    This is only a problem if you want to rebuild the Functional
    Mock-up Interface ++ C files in actor/lib/fmi/fmipp.
    Most users can use the shared libraries in /home/travis/build/icyphy/ptII/adm/installers/test/../../../adm/dists/ptII11.0.beta/lib or /home/travis/build/icyphy/ptII/adm/installers/test/../../../adm/dists/ptII11.0.beta/bin.
checking for websensor in $PTII/ptolemy/apps/websensor... checking for Boost... checking for BSH, the Java Bean Shell... ok
checking for Cal, the actor language... ok
checking for saxon8.jar (used by caltrop)... ok
checking for saxon8-dom.jar (used by caltrop)... ok
checking for java_cup.jar (used by caltrop)... ok
configure: WARNING: Failed to find Checkstyle in /home/travis/build/icyphy/ptII/adm/installers/test/../../../adm/dists/ptII11.0.beta/vendors/checkstyle-6.2
    Checkstyle is only necessary for code cleaning.
    Checkstyle is LGPL'd, so while it could be in the ptII repo, we don't add it.
    Checkstyle may be downloaded from http://checkstyle.sourceforge.net/
checking for Checkstyle, optionally used to check the style of Java files.... checking for Ptolemy subset of Colt, the scientific computing lib... ok
configure: WARNING: Did not find /home/travis/build/icyphy/ptII/adm/installers/test/../../../adm/dists/ptII11.0.beta/vendors/misc/colt/colt.jar,
    using /home/travis/build/icyphy/ptII/adm/installers/test/../../../adm/dists/ptII11.0.beta/lib/ptcolt.jar
configure: WARNING: Failed to find Cobertura in /home/travis/build/icyphy/ptII/adm/installers/test/../../../adm/dists/ptII11.0.beta/vendors/corbertura-2.0.3
    Cobertura is only necessary to for code coverage.
    Cobertura is GPL'd, so we don't check it in to the ptII repository.
    Cobertura may be downloaded from http://cobertura.github.io/cobertura/
configure: WARNING: Failed to find CUnit in /usr/local or
    /home/travis/build/icyphy/ptII/adm/installers/test/../../../adm/dists/ptII11.0.beta/vendors/CUnit.
    CUnit is only necessary to test the C templates of the code generation facility
checking for Full version of Colt, the scientific computing lib... checking for Cobertura, optionally used for Java code coverage.... checking for CUnit to be used to test the C cg templates... checking for tools.jar for use with doclets... ok
checking for javadoc... /usr/bin/javadoc
checking for Eclipse installation... checking for eclipse... /usr/bin/eclipse
checking the value of the Eclipse root directory ... ok
ok
checking for jars used by backtracking in /usr/lib/eclipse... ....................ok
checking for Eclipse jars used with javadoc... ............ok
checking for ITreeSelection from Eclipse... ok
configure: WARNING: Failed to find dbxml-X.Y shared library in /home/travis/build/icyphy/ptII/adm/installers/test/../../../adm/dists/ptII11.0.beta/vendors/misc/dbxml-2.5.16/install/lib.
    This means that the Ptolemy/Android HandSimDroid prototype will not run.
configure: WARNING: Failed to find the Oracle Berkeley XML DB (dbxml) in
    /home/travis/build/icyphy/ptII/adm/installers/test/../../../adm/dists/ptII11.0.beta/vendors/oracle/dbxml.jar and
    ${PTII}/vendors/oracle/db.jar
    Perhaps the Oracle Berkeley XML DB is not installed?
    You need not download dbxml unless you
    plan on using the ptdb facility which uses a database to manage actors with Ptolemy II.
    The dbxml interface can be downloaded from
    http://www.oracle.com/technology/software/products/berkeley-db/xml/index.html
    an untar'd into /home/travis/build/icyphy/ptII/adm/installers/test/../../../adm/dists/ptII11.0.beta/vendors/misc and built.
    For further instructions, see /home/travis/build/icyphy/ptII/adm/installers/test/../../../adm/dists/ptII11.0.beta/ptdb/doc 
configure: WARNING: Failed to find /home/travis/build/icyphy/ptII/adm/installers/test/../../../adm/dists/ptII11.0.beta/vendors/mbed/gcc-arm/bin/arm-none-eabi-gcc
    so the Mbed CG facility will not be run.
configure: WARNING: Failed to find iText.jar
    as /home/travis/build/icyphy/ptII/adm/installers/test/../../../adm/dists/ptII11.0.beta/vendors/misc/itext/iText.jar.
    Perhaps the iText is not installed?
    You need not download the iText interface unless you
    would like to export PDF from Vergil.
    Note that the iText jar file has the Affero General Public License (AGPL),
    which is an extension of the GNU Public License.
    To use the iText interface, download iText from http://itextpdf.com
    place iText.jar in /home/travis/build/icyphy/ptII/adm/installers/test/../../../adm/dists/ptII11.0.beta/vendors/misc/itext/ and then rerun configure.
checking for dbxml.jar ... checking for dbxml runtime shared libraries... checking for arm-none-eabi-gcc... checking for the iText PDF jar... checking G4LTL... ok
checking for org-openide-util.jar, used by homer ... ok
checking for org-openide-util-lookup.jar, used by homer ... ok
checking for org-netbeans-api-visual.jar, used by homer ... ok
JAITest.java:28: error: package javax.media.jai does not exist
import javax.media.jai.*;
^
1 error
configure: WARNING: JAI not found in the default classpath
configure: WARNING: '"/usr/lib/jvm/java-8-oracle/bin/javac" JAITest.java' failed.
    perhaps the Java Advanced Imaging API is not installed?
    You need not download Jai unless you plan on using the video
    actors in /home/travis/build/icyphy/ptII/adm/installers/test/../../../adm/dists/ptII11.0.beta/ptolemy/actor/lib/jai
    The JAI API can be downloaded from
    http://www.oracle.com/technetwork/java/javasebusiness/downloads/java-archive-downloads-java-client-419417.html
checking for Java Advanced Imaging (JAI) API... checking for JAI in /home/travis/build/icyphy/ptII/adm/installers/test/../../../adm/dists/ptII11.0.beta/vendors... checking for Jcerti, used by hlacerti ... ok
checking for Jetty, used by ptango and ptserver ... ok
checking for Servlet, used by ptango and ptserver... ok
checking for Smack, used by ptango... ok
checking for Smackx, used by ptango... ok
checking for JavaMail directory... ok
configure: WARNING: Failed to find /usr/local/jmodelica/include/jmi.h
    which is part of JModelica.
    Ptolemy optionally includes one or more FMUs that use JModelica.
    To install JModelica, see https://svn.jmodelica.org/trunk/INSTALL
checking for JModelica... checking for JavaFX... ok
JMFTest.java:28: error: package javax.media does not exist
import javax.media.CaptureDeviceInfo;
                  ^
1 error
configure: WARNING: '"/usr/lib/jvm/java-8-oracle/bin/javac" JMFTest.java' failed.
    perhaps the Java Media Framework (JMF) is not installed?
    You need not download the JMF unless you plan on using the video
    actors in /home/travis/build/icyphy/ptII/adm/installers/test/../../../adm/dists/ptII11.0.beta/ptolemy/actor/lib/jmf
    The JMF SDK can be downloaded from
    http://www.oracle.com/technetwork/java/javase/download-142937.html 
checking for Java Media Framework (JMF)... checking for Java Native Access (JNA) jar... ok
configure: WARNING: Failed to find /home/travis/build/icyphy/ptII/adm/installers/test/../../../adm/dists/ptII11.0.beta/vendors/misc/joystick/Joystick.jar
    perhaps the Joystick is not installed?
    You need not download the Joystick interface unless you
    plan on using a Joystick with Ptolemy II.
    The Joystick interface can be downloaded from
    http://sourceforge.net/projects/javajoystick/
checking for joystick jar file... checking for ptjacl.jar... ok
checking for how to run jacl with "/usr/lib/jvm/java-8-oracle/bin/java"... % ok
checking for JSoup, used when exporting html pages. ... ok
checking for the JUnit - the Java Unit Testing Framework... ok
checking for the JUnitParams, needed by our JUnit tests... ok
checking for the Java Excel API (JXL)... ok
checking for jython... no
checking for jython.bat... no
checking for Jython, the Java implementation of Python... ok
checking for kieler jar file used by layout ... ok
checking for node... checking for node... /home/travis/.nvm/versions/node/v7.10.1/bin/node
checking for npm... checking for npm... /home/travis/.nvm/versions/node/v7.10.1/bin/npm
checking for npm before 5.x... ok
checking for OpenCV Java API... ok
checking for OpenCV by compiling and running a small OpenCV program... About to load opencv_java320
Exception in thread "main" java.lang.RuntimeException: Could not load opencv_java320.
    java.library.path = /home/travis/pthla/certi-tools/lib:/usr/lib/jni:/usr/local/share/OpenCV/java/:/usr/share/OpenCV/java::/usr/java/packages/lib/amd64:/usr/lib64:/lib64:/lib:/usr/lib
	at OpenCVTest.main(OpenCVTest.java:75)
Caused by: java.lang.UnsatisfiedLinkError: no opencv_java320 in java.library.path
	at java.lang.ClassLoader.loadLibrary(ClassLoader.java:1867)
	at java.lang.Runtime.loadLibrary0(Runtime.java:870)
	at java.lang.System.loadLibrary(System.java:1122)
	at OpenCVTest.main(OpenCVTest.java:52)
configure: WARNING: Failed to run OpenCV test program in /home/travis/build/icyphy/ptII/adm/installers/test/../../../adm/dists/ptII11.0.beta/config with
    /usr/lib/jvm/java-8-oracle/bin/java -classpath /home/travis/build/icyphy/ptII/adm/installers/test/../../../adm/dists/ptII11.0.beta/lib/opencv-320.jar:. OpenCVTest
    so we will try other jars.
checking for opencv-*.jar in /home/travis/build/icyphy/ptII/adm/installers/test/../../../adm/dists/ptII11.0.beta/vendors/opencv/share/OpenCV/java /home/travis/build/icyphy/ptII/adm/installers/test/../../../adm/dists/ptII11.0.beta/lib /opt/local/share/OpenCV/java /usr/share/OpenCV/java /usr/local/share/OpenCV/java... ok
checking /home/travis/build/icyphy/ptII/adm/installers/test/../../../adm/dists/ptII11.0.beta/lib/opencv-341.jar... About to load opencv_java341
libdc1394 error: Failed to initialize libdc1394
Imgproc.LINE_8: 8
Loaded opencv_java341
ok
checking if org/ptolemy/opencv will be compiled.... ok
checking for Open Sound Control/Processing.org interface (oscP5). ... ok
checking for rxtx directory... ok
configure: WARNING: Could not find directory
    '/home/travis/build/icyphy/ptII/adm/installers/test/../../../adm/dists/ptII11.0.beta/vendors/sun/javacc-5.0'
    so we search for the jjtree command.
checking for JavaCC... checking for jjtree... no
configure: WARNING: Failed to find jjtree
configure: WARNING: Failed to find javacc, perhaps JavaCC is not installed?
    You need not download JavaCC unless you plan on modifying .jjt files
    in ptolemy/data/expr.
    JavaCC is available from
    http://javacc.dev.java.net/

    Note that the zip file that gets downloaded is actually an installer
    that must be run to install the JavaCC.zip file that contains the classes.

    Note that JavaCC-4.1 and 4.2 will not work, there are problems with
    ReInit() being static or not static.

    JavaCC-6.0 seems to not include the jjtree and javacc scripts, so
    we recommend JavaCC-5.0.

    Try:
    cd /home/travis/build/icyphy/ptII/adm/installers/test/../../../adm/dists/ptII11.0.beta/vendors/sun
    wget https://java.net/projects/javacc/downloads/download/javacc-5.0.tar.gz
    tar -zxf javacc-5.0.tar.gz
    cd /home/travis/build/icyphy/ptII/adm/installers/test/../../../adm/dists/ptII11.0.beta
    ./configure

    Configure looks for JavaCC in /home/travis/build/icyphy/ptII/adm/installers/test/../../../adm/dists/ptII11.0.beta/vendors/sun/javacc-5.0
    so either install JavaCC in that location or use the --with-javacc= flag
    and then rerun configure.'
ls: cannot access /home/travis/build/icyphy/ptII/adm/installers/test/../../../adm/dists/ptII11.0.beta/vendors/j3d/*/lib/ext: No such file or directory
checking for Java3D... ok
checking for jini directory... ok
checking for jars used by jini... ...ok
checking for the proper JNI architecture... checking for gcc... /usr/bin/gcc
checking for cc... (cached) /usr/bin/gcc
checking for javah... /usr/bin/javah
checking for the cc for JNI... checking for that the pieces for JNI have been found... ok
checking for the proper JNI architecture include directory... ok
checking for the proper JNI library architecture... ok
checking for if the -mno-cygwin flag is available... ok
checking for the proper shared library gcc flag... ok
checking for the proper shared library cc flag... ok
checking for the proper shared library link flag... ok
checking for the proper shared library prefix... ok
checking for the proper shared library suffix... ok
checking for JNI libraries needed to link JNI... ok
checking for json directory... ok
checking for matlab... no
configure: WARNING: Failed to find matlab executable in the path.
    Perhaps Matlab is not installed?
    If Matlab is not present, then the Ptolemy II/Matlab interface in
    $PTII/ptolemy/matlab will not be usable.
configure: WARNING: Matlab was not found, but compiling the .java files in ptolemy/matlab/ should be ok.
checking for omc... no
configure: WARNING: Failed to find omc, the OpenModelicaCompiler.
    Rebuilding the OpenModelica fmus will not be possible.
    Running the OpenModelica models will not be possible.
    This is only a concern if you are interested in OpenModelica
checking for Protocol Buffers (ProtoBuf)... ok
checking for the Paho MQTT jar... ok
checking for Hessian, used by ptserver ... ok
checking for WMQTT, used by ptserver ... ok
checking for mapss.jar, used by the PSDF domain... ok
configure: WARNING: Failed to find PowerMock.
    Perhaps PowerMock was not installed?
    You need not download these packages if you would like
    to run the tests.  To install PowerMock, go to
    http://code.google.com/p/powermock/ and download
    http://powermock.googlecode.com/files/powermock-easymock-junit-1.3.8.zip
    (which contains PowerMock for EasyMock and JUnit) and unzip it in
    /home/travis/build/icyphy/ptII/adm/installers/test/../../../adm/dists/ptII11.0.beta/vendors/misc so that
    /home/travis/build/icyphy/ptII/adm/installers/test/../../../adm/dists/ptII11.0.beta/vendors/misc/powermock-easymock-junit-1.3.8 is created,
    then rerun configure.
    Other versions of PowerMock _may_ work, but are untested.
checking for PowerMock test harness... checking for anltr.jar, used by the Ptalon... ok
checking for scalac... no
configure: WARNING: Failed to find the scalac binary,
    so org/ptolemy/scala will be excluded
checking for soot directory... ok
checking for $SOOT_DIR/sootclasses.jar... ok
checking for rt.jar by compiling config/SystemJar.java... ok
checking the location or rt.jar... ok
checking for mysql jar, used by the database actors... ok
configure: WARNING: ojdbc5.jar not found,
    but only necessary to use database actors with Oracle.
    If the mysql jar file is present, then the Oracle Java Database Connector is not necessary
    To install ojdbc5.jar or ojdbc6.jar,
    download it from http://www.oracle.com/technetwork/apps-tech/jdbc-111060-084321.html
    copy it to ptolemy/actor/lib/database
    and rerun ./configure
configure: WARNING: Could not find the sphinx4 jar files.
    These files are only necessary for the accessor in
    ptolemy/actor/lib/jjs/modules/speechRecognition.
    To install Sphinx4:
    1. mkdir /home/travis/build/icyphy/ptII/adm/installers/test/../../../adm/dists/ptII11.0.beta/vendors/misc/sphinx4
    2. Download these .jar files and place in ptolemy/vendors/misc/sphinx:

      wget -O /home/travis/build/icyphy/ptII/adm/installers/test/../../../adm/dists/ptII11.0.beta/vendors/misc/sphinx4/sphinx4-core-5prealpha.jar 'https://oss.sonatype.org/service/local/artifact/maven/redirect?r=releases&g=net.sf.phat&a=sphinx4-core&v=5prealpha&e=jar'

      wget -O /home/travis/build/icyphy/ptII/adm/installers/test/../../../adm/dists/ptII11.0.beta/vendors/misc/sphinx4/sphinx4-data-5prealpha.jar 'https://oss.sonatype.org/service/local/artifact/maven/redirect?r=releases&g=net.sf.phat&a=sphinx4-data&v=5prealpha&e=jar'

    3. Rerun
      (cd /home/travis/build/icyphy/ptII/adm/installers/test/../../../adm/dists/ptII11.0.beta; ./configure)
checking for ojdbc.jar... checking for Sphinx4 Speech recognition data jar API... checking for PDFRenderer... ok
configure: WARNING: Failed to find Batik Jar file
    You need only have Batik if you are planning on rebuilding diva.jar
    for use with Kepler.
    Batik can be downloaded from http://xmlgraphics.apache.org/batik/,
    batike-1.9/lib/batik-all-1.9.jar copied to /home/travis/build/icyphy/ptII/adm/installers/test/../../../adm/dists/ptII11.0.beta/lib
    and ./configure rerun.
checking for Batik SVG... checking for svgSalamander... ok
checking for RSyntaxEditor... ok
configure: WARNING: $TOSROOT is not set.  It must be set to use PtinyOS.
configure: WARNING: $TOSROOT is set to '',
     but there is no directory by that name, so we will not set up for PtinyOS.
     For details, see /home/travis/build/icyphy/ptII/adm/installers/test/../../../adm/dists/ptII11.0.beta/ptolemy/domains/ptinyos/README.txt.
configure: WARNING: Failed to find giotto/gdk.jar
    perhaps Giotto is not installed?
    You need not download Giotto unless you plan on generating code for
    Giotto models.
    The Giotto SDK can be
    downloaded from https://embedded.eecs.berkeley.edu/giotto/
    Copy gdk.jar to /home/travis/build/icyphy/ptII/adm/installers/test/../../../adm/dists/ptII11.0.beta/vendors/giotto, for example:
        mkdir -p /home/travis/build/icyphy/ptII/adm/installers/test/../../../adm/dists/ptII11.0.beta/vendors/giotto
        cp C:/Program\ Files/Giotto*/gdk.jar /home/travis/build/icyphy/ptII/adm/installers/test/../../../adm/dists/ptII11.0.beta/vendors/giotto/
checking the for TinyOS... checking for giotto directory... checking for the Vertx application platform interface. ... ok
checking for slf4-api... ok
checking for slf4-simple... ok
checking for webcam-capture... ok
checking for xbjlib directory... ok
checking for gcc... /usr/bin/gcc
checking for libexpat... ok
checking for expat.h... ok
configure: WARNING: Failed to find boost/numeric/odeint.hpp, so FMI ++
    will not be compiled. FMI++ is an extension of the
    Functional Mockup Interface, see
    http://sourceforge.net/p/fmipp/wiki/Home/
configure: creating ./config.status
config.status: creating mk/ptII.mk
config.status: creating bin/ptinvoke
config.status: creating build.xml
config.status: creating .classpath
config.status: creating bin/comm.policy
config.status: creating lib/ptII.properties
config.status: creating ptolemy/util/test/junit/javachdir32
config.status: executing default commands
make[1]: Leaving directory `/home/travis/build/icyphy/ptII/adm/dists/ptII11.0.beta'
make[1]: Entering directory `/home/travis/build/icyphy/ptII/adm/dists/ptII11.0.beta'
./bin/mkl4j capecode ptolemy.vergil.VergilApplication \
		doc/img/capecode.ico \
		-capecode \
		`echo ptolemy/ptsupport.jar doc/docConfig.jar lib/diva.jar lib/ptliblicenses.jar ptolemy/domains/domains.jar  ant/apache-ant-license.jar com/cureos/cureos.jar doc/codeDocCapeCode.jar doc/design/usingVergil/usingVergil.jar edu/umich/eecs/april/april.jar lib/svgSalamander.jar com/jhlabs/jhlabs.jar org/json/json.jar org/terraswarm/accessor/accessor.jar org/terraswarm/accessor/accessors/accessors.jar org/terraswarm/accessor/demo/demo.jar org/terraswarm/ros/demo/demo.jar org/ptolemy/ssm/ssm.jar org/ptolemy/machineLearning/machineLearning.jar org/ptolemy/optimization/optimization.jar ptolemy/actor/lib/conversions/json/json.jar ptolemy/actor/lib/io/comm/comm.jar ptolemy/actor/lib/io/comm/demo/demo.jar ptolemy/actor/lib/jjs/jjs.jar ptolemy/actor/lib/jjs/demo/demo.jar ptolemy/actor/lib/jjs/modules/demo.jar ptolemy/actor/lib/jjs/modules/modules.jar ptolemy/actor/lib/jjs/node/node.jar ptolemy/actor/lib/mail/mail.jar ptolemy/demo/CapeCodeDemos.jar ptolemy/vergil/basic/imprt/accessor/accessor.jar ptolemy/cg/cgAccessor.jar org/ptolemy/ptango/ptango.jar lib/jetty-all-8.1.5-v20120716.jar lib/javax.servlet-api-3.0.1.jar lib/jsoup-1.8.2.jar lib/smack.jar lib/smackx.jar ptolemy/actor/lib/database/database.jar ptolemy/domains/space/space.jar ptolemy/actor/lib/database/mysql-connector-java-5.1.6-bin.jar  /home/travis/build/icyphy/ptII/adm/installers/test/../../../adm/dists/ptII11.0.beta/lib/jna-4.0.0-variadic.jar /home/travis/build/icyphy/ptII/adm/installers/test/../../../adm/dists/ptII11.0.beta/lib/javax.mail.jar lib/nrjavaserial-3.11.0.devel.jar org/ptolemy/opencv/opencv.jar lib/opencv-320.jar lib/opencv-341.jar /home/travis/build/icyphy/ptII/adm/installers/test/../../../adm/dists/ptII11.0.beta/lib/org.eclipse.paho.client.mqttv3.jar /home/travis/build/icyphy/ptII/adm/installers/test/../../../adm/dists/ptII11.0.beta/lib/slf4j-api-1.7.13.jar /home/travis/build/icyphy/ptII/adm/installers/test/../../../adm/dists/ptII11.0.beta/lib/slf4j-simple-1.7.13.jar :/home/travis/build/icyphy/ptII/adm/installers/test/../../../adm/dists/ptII11.0.beta/lib/hazelcast-3.8.2.jar:/home/travis/build/icyphy/ptII/adm/installers/test/../../../adm/dists/ptII11.0.beta/lib/jackson-annotations-2.9.0.jar:/home/travis/build/icyphy/ptII/adm/installers/test/../../../adm/dists/ptII11.0.beta/lib/jackson-core-2.9.3.jar:/home/travis/build/icyphy/ptII/adm/installers/test/../../../adm/dists/ptII11.0.beta/lib/jackson-databind-2.9.3.jar:/home/travis/build/icyphy/ptII/adm/installers/test/../../../adm/dists/ptII11.0.beta/lib/netty-buffer-4.1.19.Final.jar:/home/travis/build/icyphy/ptII/adm/installers/test/../../../adm/dists/ptII11.0.beta/lib/netty-codec-4.1.19.Final.jar:/home/travis/build/icyphy/ptII/adm/installers/test/../../../adm/dists/ptII11.0.beta/lib/netty-codec-dns-4.1.19.Final.jar:/home/travis/build/icyphy/ptII/adm/installers/test/../../../adm/dists/ptII11.0.beta/lib/netty-codec-http-4.1.19.Final.jar:/home/travis/build/icyphy/ptII/adm/installers/test/../../../adm/dists/ptII11.0.beta/lib/netty-codec-http2-4.1.19.Final.jar:/home/travis/build/icyphy/ptII/adm/installers/test/../../../adm/dists/ptII11.0.beta/lib/netty-common-4.1.19.Final.jar:/home/travis/build/icyphy/ptII/adm/installers/test/../../../adm/dists/ptII11.0.beta/lib/netty-handler-4.1.19.Final.jar:/home/travis/build/icyphy/ptII/adm/installers/test/../../../adm/dists/ptII11.0.beta/lib/netty-resolver-4.1.19.Final.jar:/home/travis/build/icyphy/ptII/adm/installers/test/../../../adm/dists/ptII11.0.beta/lib/netty-resolver-dns-4.1.19.Final.jar:/home/travis/build/icyphy/ptII/adm/installers/test/../../../adm/dists/ptII11.0.beta/lib/netty-transport-4.1.19.Final.jar:/home/travis/build/icyphy/ptII/adm/installers/test/../../../adm/dists/ptII11.0.beta/lib/vertx-codegen-3.5.1.jar:/home/travis/build/icyphy/ptII/adm/installers/test/../../../adm/dists/ptII11.0.beta/lib/vertx-core-3.5.2-SNAPSHOT.jar:/home/travis/build/icyphy/ptII/adm/installers/test/../../../adm/dists/ptII11.0.beta/lib/vertx-hazelcast-3.5.1.jar:/home/travis/build/icyphy/ptII/adm/installers/test/../../../adm/dists/ptII11.0.beta/lib/vertx-lang-js-3.5.1.jar:/home/travis/build/icyphy/ptII/adm/installers/test/../../../adm/dists/ptII11.0.beta/lib/vertx-service-proxy-3.5.1.jar:/home/travis/build/icyphy/ptII/adm/installers/test/../../../adm/dists/ptII11.0.beta/lib/vertx-web-3.5.1.jar /home/travis/build/icyphy/ptII/adm/installers/test/../../../adm/dists/ptII11.0.beta/lib/webcam-capture-0.3.12.jar:/home/travis/build/icyphy/ptII/adm/installers/test/../../../adm/dists/ptII11.0.beta/lib/bridj-0.7.0.jar lib/xbjlib-1.1.0.nrjavaserial.jar lib/slf4j-simple-1.7.13.jar lib/slf4j-api-1.7.13.jar ptolemy/actor/lib/conversions/json/json.jar ptolemy/actor/lib/colt/colt.jar lib/ptcolt.jar /home/travis/build/icyphy/ptII/adm/installers/test/../../../adm/dists/ptII11.0.beta/lib/jsoup-1.8.2.jar ptolemy/vergil/basic/export/html/jsoup/jsoup.jar ptolemy/actor/gui/jnlp/CapeCodeApplication.jar lib/universalJavaApplicationStub-license.jar lib/kieler.jar ptolemy/vergil/basic/layout/layout.jar ptolemy/vergil/vergil.jar ptolemy/actor/parameters/demo/demo.jar doc/codeDoc.jar ptolemy/vergil/basic/export/html/html.jar ptolemy/vergil/basic/export/export.jar ptolemy/vergil/basic/export/web/web.jar  ptolemy/vergil/pdfrenderer/pdfrenderer.jar lib/PDFRenderer.jar ptolemy/actor/gui/syntax/syntax.jar ptolemy/data/ontologies/ontologies.jar ptolemy/vergil/ontologies/ontologies.jar /home/travis/build/icyphy/ptII/adm/installers/test/../../../adm/dists/ptII11.0.beta/lib/rsyntaxtextarea-2.6.0-SNAPSHOT.jar /home/travis/build/icyphy/ptII/adm/installers/test/../../../adm/dists/ptII11.0.beta/lib/jsoup-1.8.2.jar ptolemy/vergil/basic/export/html/jsoup/jsoup.jar | sed "s@/home/travis/build/icyphy/ptII/adm/installers/test/../../../adm/dists/ptII11.0.beta/@@g" | sed 's/:/ /g'` > capecode_l4j.xml
if [ ! -f /home/travis/build/icyphy/ptII/adm/installers/test/../../../adm/dists/ptII11.0.beta/vendors/installer/PtolemyII_DigitalV1_02.pdf ]; then \
		echo "Creating /home/travis/build/icyphy/ptII/adm/installers/test/../../../adm/dists/ptII11.0.beta/vendors/installer/PtolemyII_DigitalV1_02.pdf: `date`"; \
		wget --quiet -O /home/travis/build/icyphy/ptII/adm/installers/test/../../../adm/dists/ptII11.0.beta/vendors/installer/PtolemyII_DigitalV1_02.pdf https://ptolemy.berkeley.edu/books/Systems/PtolemyII_DigitalV1_02.pdf; \
        fi
./bin/mkl4j ptbook ptolemy.actor.gui.BrowserLauncher \
		 doc/img/pdf.ico \
		 doc/books/systems/ ptolemy/ptsupport.jar > ptbook_l4j.xml
chmod a+x doc/books/systems/
./bin/mkl4j hyvisual ptolemy.vergil.VergilApplication \
		doc/img/hyvisual.ico \
		-hyvisual \
		`echo ptolemy/actor/gui/jnlp/HyVisualApplication.jar doc/design/hyvisual.jar doc/codeDocHyVisual.jar ptolemy/domains/continuous/continuous.jar ptolemy/domains/de/de.jar ptolemy/domains/gr/gr.jar /usr/share/java/j3dcore.jar:/usr/share/java/j3dutils.jar:/usr/share/java/vecmath.jar: ptolemy/domains/gr/demo/demo.jar ptolemy/domains/modal/modal.jar ptolemy/domains/sdf/lib/lib.jar ptolemy/domains/sdf/kernel/kernel.jar ptolemy/domains/sr/sr.jar lib/saxon8.jar lib/saxon8-dom.jar ptolemy/domains/continuous/demo/demo.jar ptolemy/domains/continuous/doc/doc.jar ptolemy/domains/modal/doc/doc.jar ptolemy/domains/modal/demo/demo.jar ptolemy/domains/sdf/demo/demo.jar ptolemy/domains/sdf/doc/doc.jar doc/docConfig.jar lib/diva.jar lib/kieler.jar ptolemy/vergil/basic/layout/layout.jar ptolemy/ptsupport.jar ptolemy/vergil/vergil.jar   | sed "s@/home/travis/build/icyphy/ptII/adm/installers/test/../../../adm/dists/ptII11.0.beta/@@g" | sed 's/:/ /g'` > hyvisual_l4j.xml
./bin/mkl4j ptiny ptolemy.vergil.VergilApplication \
		doc/img/ptiny.ico \
		-ptiny \
		`echo ptolemy/actor/gui/jnlp/PtinyApplication.jar ptolemy/ptsupport.jar doc/docConfig.jar lib/diva.jar lib/ptliblicenses.jar ptolemy/domains/domains.jar  lib/universalJavaApplicationStub-license.jar lib/kieler.jar ptolemy/vergil/basic/layout/layout.jar ptolemy/vergil/vergil.jar ptolemy/actor/parameters/demo/demo.jar doc/codeDoc.jar doc/design/usingVergil/usingVergil.jar  ptolemy/actor/lib/colt/demo/demo.jar ptolemy/actor/lib/security/demo/demo.jar ptolemy/actor/lib/comm/demo/demo.jar ptolemy/actor/lib/hoc/demo/demo.jar ptolemy/actor/lib/io/demo/demo.jar ptolemy/actor/lib/javasound/demo/demo.jar ptolemy/data/type/demo/demo.jar ptolemy/data/unit/demo/demo.jar ptolemy/moml/demo/demo.jar ptolemy/vergil/kernel/attributes/demo/demo.jar ptolemy/actor/ptalon/antlr/antlr.jar ptolemy/actor/ptalon/demo/demo.jar ptolemy/actor/ptalon/ptalon.jar ptolemy/actor/lib/jjs/jjs.jar ptolemy/actor/lib/jjs/demo/demo.jar ptolemy/actor/lib/jjs/modules/demo.jar ptolemy/actor/lib/jjs/modules/modules.jar ptolemy/actor/lib/jjs/node/node.jar lib/jython.jar ptolemy/actor/lib/python/python.jar ptolemy/actor/lib/python/demo/demo.jar ptolemy/domains/continuous/demo/demo.jar ptolemy/domains/continuous/doc/doc.jar ptolemy/domains/modal/doc/doc.jar ptolemy/domains/modal/demo/demo.jar ptolemy/domains/sdf/demo/demo.jar ptolemy/domains/sdf/doc/doc.jar ptolemy/domains/ddf/demo/demo.jar ptolemy/domains/ddf/doc/doc.jar ptolemy/domains/de/demo/demo.jar ptolemy/domains/de/doc/doc.jar ptolemy/domains/hdf/demo/demo.jar ptolemy/domains/hdf/doc/doc.jar ptolemy/domains/pn/demo/demo.jar ptolemy/domains/pn/doc/doc.jar ptolemy/domains/rendezvous/demo/demo.jar ptolemy/domains/rendezvous/doc/doc.jar ptolemy/domains/sr/demo/demo.jar ptolemy/domains/sr/doc/doc.jar ptolemy/actor/lib/conversions/json/json.jar ptolemy/actor/lib/colt/colt.jar lib/ptcolt.jar | sed "s@/home/travis/build/icyphy/ptII/adm/installers/test/../../../adm/dists/ptII11.0.beta/@@g" | sed 's/:/ /g'` > ptiny_l4j.xml
# Remove /home/travis/build/icyphy/ptII/adm/installers/test/../../../adm/dists/ptII11.0.beta/ for files like /var/lib/hudson/jobs/ptII/workspace/adm/dists/ptII11.0devel/vendors/oracle/javamail/javax.mail.jar and /home/hudson/jobs/ptII/workspace/adm/dists/ptII11.0.devel/lib/jsoup-1.7.3.jar
./bin/mkl4j vergil ptolemy.vergil.VergilApplication \
		doc/img/vergil.ico \
		"" \
		`echo ptolemy/actor/gui/jnlp/FullApplication.jar lbnl/lbnl.jar lbnl/demo/demo.jar ant/apache-ant-license.jar com/cureos/cureos.jar doc/codeDocCapeCode.jar doc/design/usingVergil/usingVergil.jar edu/umich/eecs/april/april.jar lib/svgSalamander.jar com/jhlabs/jhlabs.jar org/json/json.jar org/terraswarm/accessor/accessor.jar org/terraswarm/accessor/accessors/accessors.jar org/terraswarm/accessor/demo/demo.jar org/terraswarm/ros/demo/demo.jar org/ptolemy/ssm/ssm.jar org/ptolemy/machineLearning/machineLearning.jar org/ptolemy/optimization/optimization.jar ptolemy/actor/lib/conversions/json/json.jar ptolemy/actor/lib/io/comm/comm.jar ptolemy/actor/lib/io/comm/demo/demo.jar ptolemy/actor/lib/jjs/jjs.jar ptolemy/actor/lib/jjs/demo/demo.jar ptolemy/actor/lib/jjs/modules/demo.jar ptolemy/actor/lib/jjs/modules/modules.jar ptolemy/actor/lib/jjs/node/node.jar ptolemy/actor/lib/mail/mail.jar ptolemy/demo/CapeCodeDemos.jar ptolemy/vergil/basic/imprt/accessor/accessor.jar ptolemy/cg/cgAccessor.jar org/ptolemy/ptango/ptango.jar lib/jetty-all-8.1.5-v20120716.jar lib/javax.servlet-api-3.0.1.jar lib/jsoup-1.8.2.jar lib/smack.jar lib/smackx.jar ptolemy/actor/lib/database/database.jar ptolemy/domains/space/space.jar ptolemy/actor/lib/database/mysql-connector-java-5.1.6-bin.jar  /home/travis/build/icyphy/ptII/adm/installers/test/../../../adm/dists/ptII11.0.beta/lib/jna-4.0.0-variadic.jar /home/travis/build/icyphy/ptII/adm/installers/test/../../../adm/dists/ptII11.0.beta/lib/javax.mail.jar lib/nrjavaserial-3.11.0.devel.jar org/ptolemy/opencv/opencv.jar lib/opencv-320.jar lib/opencv-341.jar /home/travis/build/icyphy/ptII/adm/installers/test/../../../adm/dists/ptII11.0.beta/lib/org.eclipse.paho.client.mqttv3.jar /home/travis/build/icyphy/ptII/adm/installers/test/../../../adm/dists/ptII11.0.beta/lib/slf4j-api-1.7.13.jar /home/travis/build/icyphy/ptII/adm/installers/test/../../../adm/dists/ptII11.0.beta/lib/slf4j-simple-1.7.13.jar :/home/travis/build/icyphy/ptII/adm/installers/test/../../../adm/dists/ptII11.0.beta/lib/hazelcast-3.8.2.jar:/home/travis/build/icyphy/ptII/adm/installers/test/../../../adm/dists/ptII11.0.beta/lib/jackson-annotations-2.9.0.jar:/home/travis/build/icyphy/ptII/adm/installers/test/../../../adm/dists/ptII11.0.beta/lib/jackson-core-2.9.3.jar:/home/travis/build/icyphy/ptII/adm/installers/test/../../../adm/dists/ptII11.0.beta/lib/jackson-databind-2.9.3.jar:/home/travis/build/icyphy/ptII/adm/installers/test/../../../adm/dists/ptII11.0.beta/lib/netty-buffer-4.1.19.Final.jar:/home/travis/build/icyphy/ptII/adm/installers/test/../../../adm/dists/ptII11.0.beta/lib/netty-codec-4.1.19.Final.jar:/home/travis/build/icyphy/ptII/adm/installers/test/../../../adm/dists/ptII11.0.beta/lib/netty-codec-dns-4.1.19.Final.jar:/home/travis/build/icyphy/ptII/adm/installers/test/../../../adm/dists/ptII11.0.beta/lib/netty-codec-http-4.1.19.Final.jar:/home/travis/build/icyphy/ptII/adm/installers/test/../../../adm/dists/ptII11.0.beta/lib/netty-codec-http2-4.1.19.Final.jar:/home/travis/build/icyphy/ptII/adm/installers/test/../../../adm/dists/ptII11.0.beta/lib/netty-common-4.1.19.Final.jar:/home/travis/build/icyphy/ptII/adm/installers/test/../../../adm/dists/ptII11.0.beta/lib/netty-handler-4.1.19.Final.jar:/home/travis/build/icyphy/ptII/adm/installers/test/../../../adm/dists/ptII11.0.beta/lib/netty-resolver-4.1.19.Final.jar:/home/travis/build/icyphy/ptII/adm/installers/test/../../../adm/dists/ptII11.0.beta/lib/netty-resolver-dns-4.1.19.Final.jar:/home/travis/build/icyphy/ptII/adm/installers/test/../../../adm/dists/ptII11.0.beta/lib/netty-transport-4.1.19.Final.jar:/home/travis/build/icyphy/ptII/adm/installers/test/../../../adm/dists/ptII11.0.beta/lib/vertx-codegen-3.5.1.jar:/home/travis/build/icyphy/ptII/adm/installers/test/../../../adm/dists/ptII11.0.beta/lib/vertx-core-3.5.2-SNAPSHOT.jar:/home/travis/build/icyphy/ptII/adm/installers/test/../../../adm/dists/ptII11.0.beta/lib/vertx-hazelcast-3.5.1.jar:/home/travis/build/icyphy/ptII/adm/installers/test/../../../adm/dists/ptII11.0.beta/lib/vertx-lang-js-3.5.1.jar:/home/travis/build/icyphy/ptII/adm/installers/test/../../../adm/dists/ptII11.0.beta/lib/vertx-service-proxy-3.5.1.jar:/home/travis/build/icyphy/ptII/adm/installers/test/../../../adm/dists/ptII11.0.beta/lib/vertx-web-3.5.1.jar /home/travis/build/icyphy/ptII/adm/installers/test/../../../adm/dists/ptII11.0.beta/lib/webcam-capture-0.3.12.jar:/home/travis/build/icyphy/ptII/adm/installers/test/../../../adm/dists/ptII11.0.beta/lib/bridj-0.7.0.jar lib/xbjlib-1.1.0.nrjavaserial.jar lib/slf4j-simple-1.7.13.jar lib/slf4j-api-1.7.13.jar ptolemy/ptsupport.jar doc/docConfig.jar lib/diva.jar lib/ptliblicenses.jar ptolemy/domains/domains.jar  lib/universalJavaApplicationStub-license.jar lib/kieler.jar ptolemy/vergil/basic/layout/layout.jar ptolemy/vergil/vergil.jar ptolemy/actor/parameters/demo/demo.jar doc/codeDoc.jar doc/design/usingVergil/usingVergil.jar  ptolemy/actor/lib/colt/demo/demo.jar ptolemy/actor/lib/security/demo/demo.jar ptolemy/actor/lib/comm/demo/demo.jar ptolemy/actor/lib/hoc/demo/demo.jar ptolemy/actor/lib/io/demo/demo.jar ptolemy/actor/lib/javasound/demo/demo.jar ptolemy/data/type/demo/demo.jar ptolemy/data/unit/demo/demo.jar ptolemy/moml/demo/demo.jar ptolemy/vergil/kernel/attributes/demo/demo.jar ptolemy/actor/ptalon/antlr/antlr.jar ptolemy/actor/ptalon/demo/demo.jar ptolemy/actor/ptalon/ptalon.jar ptolemy/actor/lib/jjs/jjs.jar ptolemy/actor/lib/jjs/demo/demo.jar ptolemy/actor/lib/jjs/modules/demo.jar ptolemy/actor/lib/jjs/modules/modules.jar ptolemy/actor/lib/jjs/node/node.jar lib/jython.jar ptolemy/actor/lib/python/python.jar ptolemy/actor/lib/python/demo/demo.jar ptolemy/domains/continuous/demo/demo.jar ptolemy/domains/continuous/doc/doc.jar ptolemy/domains/modal/doc/doc.jar ptolemy/domains/modal/demo/demo.jar ptolemy/domains/sdf/demo/demo.jar ptolemy/domains/sdf/doc/doc.jar ptolemy/domains/ddf/demo/demo.jar ptolemy/domains/ddf/doc/doc.jar ptolemy/domains/de/demo/demo.jar ptolemy/domains/de/doc/doc.jar ptolemy/domains/hdf/demo/demo.jar ptolemy/domains/hdf/doc/doc.jar ptolemy/domains/pn/demo/demo.jar ptolemy/domains/pn/doc/doc.jar ptolemy/domains/rendezvous/demo/demo.jar ptolemy/domains/rendezvous/doc/doc.jar ptolemy/domains/sr/demo/demo.jar ptolemy/domains/sr/doc/doc.jar lib/sootclasses.jar ptolemy/copernicus/copernicus.jar contrib/contrib.jar doc/books/systems/vergil/vergil.jar doc/design/design.jar doc/img/img.jar doc/papers/papers.jar ptolemy/vergil/basic/export/html/html.jar ptolemy/vergil/basic/export/export.jar ptolemy/vergil/basic/export/web/web.jar  lib/jetty-all-8.1.5-v20120716.jar lib/javax.servlet-api-3.0.1.jar lib/jsoup-1.8.2.jar lib/smack.jar lib/smackx.jar lib/jcerti.jar org/hlacerti/hlacerti.jar org/ptolemy/ptango/ptango.jar org/ptolemy/ptango/demo/demo.jar org/ptolemy/qss/qss.jar org/ptolemy/qss/demo/demo.jar lib/jna.jar lib/jna-4.0.0-variadic.jar org/ptolemy/fmi/fmi.jar ptolemy/actor/lib/fmi/fmi.jar ptolemy/actor/lib/fmi/demo/demo.jar ptolemy/vergil/basic/imprt/fmu/fmu.jar  ptolemy/actor/gt/gt.jar ptolemy/actor/gt/demo/demo.jar ptolemy/actor/lib/aspect/aspect.jar ptolemy/actor/lib/aspect/demo/demo.jar ptolemy/actor/lib/colt/colt.jar lib/ptcolt.jar ptolemy/actor/lib/fmi/demo/demo.jar ptolemy/actor/lib/gem5/gem5.jar ptolemy/actor/lib/gem5/demo/demo.jar ptolemy/actor/lib/jai/jai.jar ptolemy/actor/lib/jai/demo/demo.jar ptolemy/actor/lib/jmf/jmf.jar ptolemy/actor/lib/jmf/demo/demo.jar ptolemy/actor/lib/joystick/joystick.jar vendors/misc/joystick/Joystick.jar ptolemy/actor/lib/mail/mail.jar ptolemy/actor/lib/mail/demo/demo.jar ptolemy/actor/ptalon/gt/gt.jar ptolemy/actor/ptalon/gt/demo/demo.jar lib/ptCal.jar lib/saxon8.jar lib/saxon8-dom.jar lib/java_cup.jar ptolemy/backtrack/backtrack.jar ptolemy/backtrack/demo/demo.jar ptolemy/caltrop/caltrop.jar ptolemy/caltrop/demo/demo.jar ptolemy/distributed/distributed.jar ptolemy/distributed/domains/sdf/sdf.jar ptolemy/distributed/demo/demo.jar ptolemy/demo/demo.jar ptolemy/domains/experimentalDomains.jar ptolemy/domains/algebraic/demo/demo.jar ptolemy/domains/ca/demo/demo.jar ptolemy/domains/ci/demo/demo.jar ptolemy/domains/ci/doc/doc.jar ptolemy/domains/csp/demo/demo.jar ptolemy/domains/csp/doc/doc.jar ptolemy/domains/curriculum/curriculum.jar ptolemy/domains/dde/demo/demo.jar ptolemy/domains/dde/doc/doc.jar ptolemy/domains/dt/demo/demo.jar ptolemy/domains/dt/doc/doc.jar ptolemy/domains/giotto/demo/demo.jar ptolemy/domains/giotto/doc/doc.jar ptolemy/domains/gr/gr.jar /usr/share/java/j3dcore.jar:/usr/share/java/j3dutils.jar:/usr/share/java/vecmath.jar: ptolemy/domains/gr/demo/demo.jar ptolemy/domains/gr/doc/doc.jar ptolemy/domains/petrinet/demo/demo.jar ptolemy/domains/psdf/psdf.jar ptolemy/domains/psdf/demo/demo.jar ptolemy/domains/psdf/demo/BlindCommunication/BlindCommunication.jar ptolemy/domains/psdf/doc/doc.jar lib/mapss.jar ptolemy/domains/ptides/ptides.jar ptolemy/domains/ptides/demo/demo.jar ptolemy/domains/scr/scr.jar ptolemy/domains/scr/demo/demo.jar ptolemy/domains/sdf/lib/vq/vq.jar ptolemy/domains/sdf/lib/vq/data/data.jar ptolemy/domains/sdf/optimize/optimize.jar ptolemy/domains/sdf/optimize/demo/demo.jar ptolemy/domains/taskpt/taskpt.jar ptolemy/domains/taskpt/demo/demo.jar ptolemy/domains/taskpt/doc/doc.jar ptolemy/domains/tcs/tcs.jar ptolemy/domains/tcs/demo/demo.jar ptolemy/domains/tdl/tdl.jar ptolemy/domains/tdl/demo/demo.jar ptolemy/domains/tester/tester.jar ptolemy/domains/tm/demo/demo.jar ptolemy/domains/tm/doc/doc.jar ptolemy/domains/tm/tm.jar ptolemy/verification/verification.jar ptolemy/verification/demo/demo.jar ptolemy/domains/ptera/ptera.jar ptolemy/domains/ptera/demo/demo.jar ptolemy/domains/ptera/doc/doc.jar ptolemy/vergil/ptera/ptera.jar ptolemy/vergil/pdfrenderer/pdfrenderer.jar lib/PDFRenderer.jar ptolemy/vergil/basic/export/exportFull.jar /home/travis/build/icyphy/ptII/adm/installers/test/../../../adm/dists/ptII11.0.beta/lib/jsoup-1.8.2.jar ptolemy/vergil/basic/export/html/jsoup/jsoup.jar ptolemy/vergil/modal/fmv/fmv.jar ptolemy/vergil/gt/gt.jar ptolemy/vergil/scr/scr.jar ptolemy/vergil/tdl/tdl.jar ptolemy/cg/cg.jar ptolemy/data/ontologies/ontologies.jar ptolemy/data/ontologies/demo/demo.jar ptolemy/vergil/ontologies/ontologies.jar ptolemy/domains/sequence/sequence.jar ptolemy/domains/sequence/demo/demo.jar ptolemy/domains/pthales/pthales.jar ptolemy/domains/pthales/demo/demo.jar org/ptolemy/faultModels/faultModels.jar org/ptolemy/machineImprovisation/machineImprovisation.jar org/ptolemy/machineImprovisation/demo/demo.jar org/ptolemy/osc/osc.jar /home/travis/build/icyphy/ptII/adm/installers/test/../../../adm/dists/ptII11.0.beta/lib/oscP5.jar lib/protobuf-java-2.4.1.jar ptolemy/domains/metroII/metroII.jar ptolemy/domains/metroII/demo/demo.jar ptolemy/domains/atc/atc.jar ptolemy/domains/atc/demo/demo.jar ptolemy/domains/fmima/fmima.jar ptolemy/domains/openmodelica/openmodelica.jar ptolemy/domains/scr/scr.jar ptolemy/domains/scr/demo/demo.jar ptolemy/vergil/scr/scr.jar /home/travis/build/icyphy/ptII/adm/installers/test/../../../adm/dists/ptII11.0.beta/lib/g4ltl.jar ptolemy/vergil/basic/imprt/g4ltl/g4ltl.jar ptolemy/vergil/basic/imprt/g4ltl/demo/demo.jar org/ptolemy/classloading/classloading.jar org/ptolemy/commons/commons.jar org/ptolemy/qss/qss.jar org/ptolemy/qss/demo/demo.jar ptolemy/actor/gui/syntax/syntax.jar ptolemy/domains/qss/qss.jar ptolemy/domains/qss/demo/demo.jar /home/travis/build/icyphy/ptII/adm/installers/test/../../../adm/dists/ptII11.0.beta/lib/rsyntaxtextarea-2.6.0-SNAPSHOT.jar :/home/travis/build/icyphy/ptII/adm/installers/test/../../../adm/dists/ptII11.0.beta/lib/JRI.jar:/home/travis/build/icyphy/ptII/adm/installers/test/../../../adm/dists/ptII11.0.beta/lib/commons-lang-2.6.jar:/home/travis/build/icyphy/ptII/adm/installers/test/../../../adm/dists/ptII11.0.beta/lib/commons-logging-1.1.1.jar ptolemy/actor/lib/r/r.jar ptolemy/actor/lib/r/demo/demo.jar ptolemy/actor/lib/database/database.jar ptolemy/domains/space/space.jar ptolemy/actor/lib/database/mysql-connector-java-5.1.6-bin.jar com/jgoodies/jgoodies.jar lib/bsh-2.0b4.jar org/mlc/mlc.jar ptolemy/actor/gui/run/run.jar ptolemy/domains/wireless/wireless.jar ptolemy/domains/wireless/demo/demo.jar ptolemy/domains/wireless/doc/doc.jar com/jhlabs/jhlabs.jar | sed 's/:/ /g' | sed 's/C:/c:/g' | sed "s@/home/travis/build/icyphy/ptII/adm/installers/test/../../../adm/dists/ptII11.0.beta/@@g" ` > vergil_l4j.xml
./bin/mkl4j: warning: vendors/misc/joystick/Joystick.jar does not exist
make[1]: *** [vergil_l4j.xml] Error 2
make[1]: Leaving directory `/home/travis/build/icyphy/ptII/adm/dists/ptII11.0.beta'
make: *** [/home/travis/build/icyphy/ptII/adm/installers/test/../../../adm/dists/ptII11.0.beta/ptiny.exe] Error 2
make: Leaving directory `/home/travis/build/icyphy/ptII/adm/gen-11.0'
All Done
nightly-1.5: /home/travis/build/icyphy/ptII/adm/installers/test/../../../adm/gen-11.0/ptII11_0_devel_setup_windows.exe


==== $PTII/adm/installers/test/installers.tcl: installers-1.5 setup
==== Contents of test case:

    set filename $gendir/$ptsetup.exe
    file delete -force $filename
    set r0  [file exists $filename]

    set matches [nightlyMake setup]

    puts "nightly-1.5: $filename"
    list $r0 $matches [file exists $filename]

==== Result was:
0 {{Last subprocess returned non-zero: 2} {make[1]: *** [vergil_l4j.xml] Error 2
make: *** [/home/travis/build/icyphy/ptII/adm/installers/test/../../../adm/dists/ptII11.0.beta/ptiny.exe] Error 2
}} 0
---- Result should have been:
0 {} 1
---- installers-1.5 FAILED
06/13/18 02:56:39
Failed: 3  Total Tests: 5  ((Passed: 2, Newly Passed: 0)  Known Failed: 0) /home/travis/build/icyphy/ptII/adm/installers/test
No auto/knownFailedTests/*.xml tests in /home/travis/build/icyphy/ptII/adm/installers/test
No auto/linux-amd64/*.xml tests in /home/travis/build/icyphy/ptII/adm/installers/test
AutoTests.java: About to close Vertx.
AutoTests.java: Vertx closed.
No auto/*.xml tests in /home/travis/build/icyphy/ptII/adm/installers/test
AutoTests.java: About to close Vertx.
AutoTests.java: Vertx closed.
]]></system-out>
  <system-err><![CDATA[]]></system-err>
</testsuite>
