<?xml version="1.0" encoding="UTF-8" ?>
<testsuite errors="0" failures="0" hostname="travis-job-7c0b57ec-c326-4db0-baf6-c22682825790" name="ptolemy.domains.sdf.test.junit.JUnitTclTest" skipped="0" tests="66" time="22.104" timestamp="2019-12-06T06:47:47">
  <properties>
[...]
</properties>
  <testcase classname="ptolemy.util.test.junit.TclTests" name="[0] /home/travis/build/icyphy/ptII/ptolemy/domains/sdf/test/SDFSchedulerErrors.tcl (RunTclFile)" time="0.955" />
  <testcase classname="ptolemy.util.test.junit.TclTests" name="[1] /home/travis/build/icyphy/ptII/ptolemy/domains/sdf/test/composition.tcl (RunTclFile)" time="0.213" />
  <testcase classname="ptolemy.util.test.junit.TclTests" name="[2] /home/travis/build/icyphy/ptII/ptolemy/domains/sdf/test/cycle.tcl (RunTclFile)" time="0.084" />
  <testcase classname="ptolemy.util.test.junit.AutoKnownFailedTests" name="[0] ThereAreNoKnowFailedTests (RunModel)" time="0.001" />
  <testcase classname="ptolemy.util.test.junit.AutoNameArchTests" name="[0] ThereAreNoAutoArchTests (RunModel)" time="0.002" />
  <testcase classname="ptolemy.util.test.junit.AutoTests" name="[0] /home/travis/build/icyphy/ptII/ptolemy/domains/sdf/test/auto/Array.xml (RunModel)" time="0.34" />
  <testcase classname="ptolemy.util.test.junit.AutoTests" name="[1] /home/travis/build/icyphy/ptII/ptolemy/domains/sdf/test/auto/Butterfly.xml (RunModel)" time="0.192" />
  <testcase classname="ptolemy.util.test.junit.AutoTests" name="[2] /home/travis/build/icyphy/ptII/ptolemy/domains/sdf/test/auto/Expression.xml (RunModel)" time="0.112" />
  <testcase classname="ptolemy.util.test.junit.AutoTests" name="[3] /home/travis/build/icyphy/ptII/ptolemy/domains/sdf/test/auto/Eye.xml (RunModel)" time="0.237" />
  <testcase classname="ptolemy.util.test.junit.AutoTests" name="[4] /home/travis/build/icyphy/ptII/ptolemy/domains/sdf/test/auto/FixFIR.xml (RunModel)" time="0.329" />
  <testcase classname="ptolemy.util.test.junit.AutoTests" name="[5] /home/travis/build/icyphy/ptII/ptolemy/domains/sdf/test/auto/FixPoint.xml (RunModel)" time="0.032" />
  <testcase classname="ptolemy.util.test.junit.AutoTests" name="[6] /home/travis/build/icyphy/ptII/ptolemy/domains/sdf/test/auto/Gravitation.xml (RunModel)" time="3.343" />
  <testcase classname="ptolemy.util.test.junit.AutoTests" name="[7] /home/travis/build/icyphy/ptII/ptolemy/domains/sdf/test/auto/GravitationWithCollisionDetection.xml (RunModel)" time="7.408" />
  <testcase classname="ptolemy.util.test.junit.AutoTests" name="[8] /home/travis/build/icyphy/ptII/ptolemy/domains/sdf/test/auto/HDF.xml (RunModel)" time="0.119" />
  <testcase classname="ptolemy.util.test.junit.AutoTests" name="[9] /home/travis/build/icyphy/ptII/ptolemy/domains/sdf/test/auto/HDFwithTransientStates.xml (RunModel)" time="0.07" />
  <testcase classname="ptolemy.util.test.junit.AutoTests" name="[10] /home/travis/build/icyphy/ptII/ptolemy/domains/sdf/test/auto/HTVQ.xml (RunModel)" time="1.015" />
  <testcase classname="ptolemy.util.test.junit.AutoTests" name="[11] /home/travis/build/icyphy/ptII/ptolemy/domains/sdf/test/auto/InferInitProduction.xml (RunModel)" time="0.032" />
  <testcase classname="ptolemy.util.test.junit.AutoTests" name="[12] /home/travis/build/icyphy/ptII/ptolemy/domains/sdf/test/auto/InferInitProductionDeeper.xml (RunModel)" time="0.024" />
  <testcase classname="ptolemy.util.test.junit.AutoTests" name="[13] /home/travis/build/icyphy/ptII/ptolemy/domains/sdf/test/auto/LMSAdaptive.xml (RunModel)" time="0.084" />
  <testcase classname="ptolemy.util.test.junit.AutoTests" name="[14] /home/travis/build/icyphy/ptII/ptolemy/domains/sdf/test/auto/LogisticMap.xml (RunModel)" time="0.486" />
  <testcase classname="ptolemy.util.test.junit.AutoTests" name="[15] /home/travis/build/icyphy/ptII/ptolemy/domains/sdf/test/auto/MaximumEntropySpectrum.xml (RunModel)" time="0.345" />
  <testcase classname="ptolemy.util.test.junit.AutoTests" name="[16] /home/travis/build/icyphy/ptII/ptolemy/domains/sdf/test/auto/MultirateSDF.xml (RunModel)" time="0.071" />
  <testcase classname="ptolemy.util.test.junit.AutoTests" name="[17] /home/travis/build/icyphy/ptII/ptolemy/domains/sdf/test/auto/MultirateSDFwithTransientStates.xml (RunModel)" time="0.086" />
  <testcase classname="ptolemy.util.test.junit.AutoTests" name="[18] /home/travis/build/icyphy/ptII/ptolemy/domains/sdf/test/auto/NoisySinewave.xml (RunModel)" time="0.071" />
  <testcase classname="ptolemy.util.test.junit.AutoTests" name="[19] /home/travis/build/icyphy/ptII/ptolemy/domains/sdf/test/auto/Objects.xml (RunModel)" time="0.038" />
  <testcase classname="ptolemy.util.test.junit.AutoTests" name="[20] /home/travis/build/icyphy/ptII/ptolemy/domains/sdf/test/auto/OrthogonalCom.xml (RunModel)" time="0.061" />
  <testcase classname="ptolemy.util.test.junit.AutoTests" name="[21] /home/travis/build/icyphy/ptII/ptolemy/domains/sdf/test/auto/RijndaelEncryption.xml (RunModel)" time="0.623" />
  <testcase classname="ptolemy.util.test.junit.AutoTests" name="[22] /home/travis/build/icyphy/ptII/ptolemy/domains/sdf/test/auto/SDFEmptyIterations.xml (RunModel)" time="0.021" />
  <testcase classname="ptolemy.util.test.junit.AutoTests" name="[23] /home/travis/build/icyphy/ptII/ptolemy/domains/sdf/test/auto/Spectrum.xml (RunModel)" time="0.129" />
  <testcase classname="ptolemy.util.test.junit.AutoTests" name="[24] /home/travis/build/icyphy/ptII/ptolemy/domains/sdf/test/auto/de_inside_sdf.xml (RunModel)" time="0.021" />
  <testcase classname="ptolemy.util.test.junit.AutoTests" name="[25] /home/travis/build/icyphy/ptII/ptolemy/domains/sdf/test/auto/disconnectedHierarchicalSDF.xml (RunModel)" time="0.023" />
  <testcase classname="ptolemy.util.test.junit.AutoTests" name="[26] /home/travis/build/icyphy/ptII/ptolemy/domains/sdf/test/auto/disconnectedSDF.xml (RunModel)" time="0.017" />
  <testcase classname="ptolemy.util.test.junit.AutoTests" name="[27] /home/travis/build/icyphy/ptII/ptolemy/domains/sdf/test/auto/emptyRefinement.xml (RunModel)" time="0.016" />
  <testcase classname="ptolemy.util.test.junit.AutoTests" name="[28] /home/travis/build/icyphy/ptII/ptolemy/domains/sdf/test/auto/filePortParameter.xml (RunModel)" time="0.045" />
  <testcase classname="ptolemy.util.test.junit.AutoTests" name="[29] /home/travis/build/icyphy/ptII/ptolemy/domains/sdf/test/auto/inferRelationWidth1.xml (RunModel)" time="0.014" />
  <testcase classname="ptolemy.util.test.junit.AutoTests" name="[30] /home/travis/build/icyphy/ptII/ptolemy/domains/sdf/test/auto/initProductionInference.xml (RunModel)" time="0.018" />
  <testcase classname="ptolemy.util.test.junit.AutoTests" name="[31] /home/travis/build/icyphy/ptII/ptolemy/domains/sdf/test/auto/relationGroup.xml (RunModel)" time="0.031" />
  <testcase classname="ptolemy.util.test.junit.AutoTests" name="[32] /home/travis/build/icyphy/ptII/ptolemy/domains/sdf/test/auto/relationGroup10.xml (RunModel)" time="0.02" />
  <testcase classname="ptolemy.util.test.junit.AutoTests" name="[33] /home/travis/build/icyphy/ptII/ptolemy/domains/sdf/test/auto/relationGroup11.xml (RunModel)" time="0.019" />
  <testcase classname="ptolemy.util.test.junit.AutoTests" name="[34] /home/travis/build/icyphy/ptII/ptolemy/domains/sdf/test/auto/relationGroup12.xml (RunModel)" time="0.013" />
  <testcase classname="ptolemy.util.test.junit.AutoTests" name="[35] /home/travis/build/icyphy/ptII/ptolemy/domains/sdf/test/auto/relationGroup13.xml (RunModel)" time="0.025" />
  <testcase classname="ptolemy.util.test.junit.AutoTests" name="[36] /home/travis/build/icyphy/ptII/ptolemy/domains/sdf/test/auto/relationGroup14.xml (RunModel)" time="0.018" />
  <testcase classname="ptolemy.util.test.junit.AutoTests" name="[37] /home/travis/build/icyphy/ptII/ptolemy/domains/sdf/test/auto/relationGroup15.xml (RunModel)" time="0.019" />
  <testcase classname="ptolemy.util.test.junit.AutoTests" name="[38] /home/travis/build/icyphy/ptII/ptolemy/domains/sdf/test/auto/relationGroup2.xml (RunModel)" time="0.026" />
  <testcase classname="ptolemy.util.test.junit.AutoTests" name="[39] /home/travis/build/icyphy/ptII/ptolemy/domains/sdf/test/auto/relationGroup3.xml (RunModel)" time="0.018" />
  <testcase classname="ptolemy.util.test.junit.AutoTests" name="[40] /home/travis/build/icyphy/ptII/ptolemy/domains/sdf/test/auto/relationGroup4.xml (RunModel)" time="0.013" />
  <testcase classname="ptolemy.util.test.junit.AutoTests" name="[41] /home/travis/build/icyphy/ptII/ptolemy/domains/sdf/test/auto/relationGroup5.xml (RunModel)" time="0.02" />
  <testcase classname="ptolemy.util.test.junit.AutoTests" name="[42] /home/travis/build/icyphy/ptII/ptolemy/domains/sdf/test/auto/relationGroup6.xml (RunModel)" time="0.017" />
  <testcase classname="ptolemy.util.test.junit.AutoTests" name="[43] /home/travis/build/icyphy/ptII/ptolemy/domains/sdf/test/auto/relationGroup7.xml (RunModel)" time="0.01" />
  <testcase classname="ptolemy.util.test.junit.AutoTests" name="[44] /home/travis/build/icyphy/ptII/ptolemy/domains/sdf/test/auto/relationGroup8.xml (RunModel)" time="0.01" />
  <testcase classname="ptolemy.util.test.junit.AutoTests" name="[45] /home/travis/build/icyphy/ptII/ptolemy/domains/sdf/test/auto/relationGroup9.xml (RunModel)" time="0.013" />
  <testcase classname="ptolemy.util.test.junit.AutoTests" name="[46] /home/travis/build/icyphy/ptII/ptolemy/domains/sdf/test/auto/sdf_inside_de.xml (RunModel)" time="0.043" />
  <testcase classname="ptolemy.util.test.junit.AutoTests" name="[47] /home/travis/build/icyphy/ptII/ptolemy/domains/sdf/test/auto/sdf_inside_pn.xml (RunModel)" time="0.067" />
  <testcase classname="ptolemy.util.test.junit.AutoTests" name="[48] /home/travis/build/icyphy/ptII/ptolemy/domains/sdf/test/auto/sdf_sdf1.xml (RunModel)" time="0.031" />
  <testcase classname="ptolemy.util.test.junit.AutoTests" name="[49] /home/travis/build/icyphy/ptII/ptolemy/domains/sdf/test/auto/test1.xml (RunModel)" time="0.019" />
  <testcase classname="ptolemy.util.test.junit.AutoTests" name="[50] /home/travis/build/icyphy/ptII/ptolemy/domains/sdf/test/auto/time1.xml (RunModel)" time="0.013" />
  <testcase classname="ptolemy.util.test.junit.AutoTests" name="[51] /home/travis/build/icyphy/ptII/ptolemy/domains/sdf/test/auto/time2.xml (RunModel)" time="0.012" />
  <testcase classname="ptolemy.util.test.junit.AutoTests" name="[52] /home/travis/build/icyphy/ptII/ptolemy/domains/sdf/test/auto/time3.xml (RunModel)" time="0.026" />
  <testcase classname="ptolemy.util.test.junit.AutoTests" name="[53] /home/travis/build/icyphy/ptII/ptolemy/domains/sdf/test/auto/time4.xml (RunModel)" time="0.019" />
  <testcase classname="ptolemy.util.test.junit.AutoTests" name="[54] /home/travis/build/icyphy/ptII/ptolemy/domains/sdf/test/auto/time5.xml (RunModel)" time="4.009" />
  <testcase classname="ptolemy.util.test.junit.AutoTests" name="[55] /home/travis/build/icyphy/ptII/ptolemy/domains/sdf/test/auto/typeSystem_Const_Integer_smallest_Type.xml (RunModel)" time="0.032" />
  <testcase classname="ptolemy.util.test.junit.AutoTests" name="[56] /home/travis/build/icyphy/ptII/ptolemy/domains/sdf/test/auto/typeSystem_declared_Inports_OutportTypeException.xml (RunModel)" time="0.024" />
  <testcase classname="ptolemy.util.test.junit.AutoTests" name="[57] /home/travis/build/icyphy/ptII/ptolemy/domains/sdf/test/auto/typeSystem_oneDeclaredInportType_wrongTypeOutport.xml (RunModel)" time="0.017" />
  <testcase classname="ptolemy.util.test.junit.AutoTests" name="[58] /home/travis/build/icyphy/ptII/ptolemy/domains/sdf/test/auto/width.xml (RunModel)" time="0.013" />
  <testcase classname="ptolemy.util.test.junit.AutoTests" name="[59] /home/travis/build/icyphy/ptII/ptolemy/domains/sdf/test/auto/width2.xml (RunModel)" time="0.055" />
  <testcase classname="ptolemy.util.test.junit.AutoTests" name="[60] /home/travis/build/icyphy/ptII/ptolemy/domains/sdf/test/auto/width3.xml (RunModel)" time="0.051" />
  <system-out><![CDATA[/home/travis/build/icyphy/ptII/ptolemy/domains/sdf/test/SDFSchedulerErrors.tcl
testDefs.tcl: setting time out to 9000 seconds at Fri Dec 06 06:47:48 UTC 2019
90 ms. Memory: 120832K Free: 82374K (68%)
14 ms. Memory: 120832K Free: 74696K (62%)
11 ms. Memory: 120832K Free: 68023K (56%)
6 ms. Memory: 120832K Free: 65480K (54%)
/home/travis/build/icyphy/ptII/ptolemy/domains/sdf/test/composition.tcl
49 ms. Memory: 120832K Free: 61384K (51%)
9 ms. Memory: 120832K Free: 59336K (49%)
/home/travis/build/icyphy/ptII/ptolemy/domains/sdf/test/cycle.tcl
.Toplevel.Director Preinitializing ...
Invoking preinitialize():  .Toplevel.Actor1
Invoking preinitialize():  .Toplevel.Actor2
Invoking preinitialize():  .Toplevel.Delay
.Toplevel.Director Finished preinitialize().
### Schedule:
Execute Schedule{
Fire Actor ptolemy.domains.sdf.kernel.test.SDFTestDelay {.Toplevel.Actor1}
Fire Actor ptolemy.domains.sdf.kernel.test.SDFTestDelay {.Toplevel.Actor2}
Fire Actor ptolemy.domains.sdf.lib.SampleDelay {.Toplevel.Delay}
}
### End schedule
Called initialize().
Invoking initialize():  .Toplevel.Actor1
Initializing actor: .Toplevel.Actor1.
Invoking initialize():  .Toplevel.Actor2
Initializing actor: .Toplevel.Actor2.
Invoking initialize():  .Toplevel.Delay
Initializing actor: .Toplevel.Delay.
Director: Called prefire().
-- Setting current time to 0.0
Director prefire returns true.
The actor .Toplevel.Actor1 will be iterated.
The actor .Toplevel.Actor1 was iterated.
The actor .Toplevel.Actor2 will be iterated.
The actor .Toplevel.Actor2 was iterated.
The actor .Toplevel.Delay will be iterated.
The actor .Toplevel.Delay was iterated.
Director: Called postfire().
Postfire returns: true
Director: Called prefire().
-- Setting current time to 0.0
Director prefire returns true.
The actor .Toplevel.Actor1 will be iterated.
The actor .Toplevel.Actor1 was iterated.
The actor .Toplevel.Actor2 will be iterated.
The actor .Toplevel.Actor2 was iterated.
The actor .Toplevel.Delay will be iterated.
The actor .Toplevel.Delay was iterated.
Director: Called postfire().
Postfire returns: true
Director: Called prefire().
-- Setting current time to 0.0
Director prefire returns true.
The actor .Toplevel.Actor1 will be iterated.
The actor .Toplevel.Actor1 was iterated.
The actor .Toplevel.Actor2 will be iterated.
The actor .Toplevel.Actor2 was iterated.
The actor .Toplevel.Delay will be iterated.
The actor .Toplevel.Delay was iterated.
Director: Called postfire().
Postfire returns: true
Director: Called prefire().
-- Setting current time to 0.0
Director prefire returns true.
The actor .Toplevel.Actor1 will be iterated.
The actor .Toplevel.Actor1 was iterated.
The actor .Toplevel.Actor2 will be iterated.
The actor .Toplevel.Actor2 was iterated.
The actor .Toplevel.Delay will be iterated.
The actor .Toplevel.Delay was iterated.
Director: Called postfire().
Postfire returns: true
Director: Called prefire().
-- Setting current time to 0.0
Director prefire returns true.
The actor .Toplevel.Actor1 will be iterated.
The actor .Toplevel.Actor1 was iterated.
The actor .Toplevel.Actor2 will be iterated.
The actor .Toplevel.Actor2 was iterated.
The actor .Toplevel.Delay will be iterated.
The actor .Toplevel.Delay was iterated.
Director: Called postfire().
Postfire returns: true
Director: Called prefire().
-- Setting current time to 0.0
Director prefire returns true.
The actor .Toplevel.Actor1 will be iterated.
The actor .Toplevel.Actor1 was iterated.
The actor .Toplevel.Actor2 will be iterated.
The actor .Toplevel.Actor2 was iterated.
The actor .Toplevel.Delay will be iterated.
The actor .Toplevel.Delay was iterated.
Reached specified number of iterations: 6
Director: Called wrapup().
32 ms. Memory: 120832K Free: 56264K (47%)
12/06/19 06:47:49
Failed: 0  Total Tests: 8  ((Passed: 8, Newly Passed: 0)  Known Failed: 0) /home/travis/build/icyphy/ptII/ptolemy/domains/sdf/test
No auto/knownFailedTests/*.xml tests in /home/travis/build/icyphy/ptII/ptolemy/domains/sdf/test
No auto/linux-amd64/*.xml tests in /home/travis/build/icyphy/ptII/ptolemy/domains/sdf/test
AutoTests.java: About to close Vertx.
AutoTests.java: Vertx closed.

===========================================================================================
----------------- testing Fri Dec 06 06:47:49 UTC 2019 /home/travis/build/icyphy/ptII/ptolemy/domains/sdf/test/auto/Array.xml
----------------- Instantiating /home/travis/build/icyphy/ptII/ptolemy/domains/sdf/test/auto/Array.xml
72 ms. Memory: 120832K Free: 96873K (80%)
----------------- Invoking toplevel() on ptolemy.moml.MoMLSimpleApplication@3b2c8c53
----------------- Done invoking toplevel() on ptolemy.moml.MoMLSimpleApplication@3b2c8c53
reloadAllAccessors: .Array

===========================================================================================
----------------- testing Fri Dec 06 06:47:50 UTC 2019 /home/travis/build/icyphy/ptII/ptolemy/domains/sdf/test/auto/Butterfly.xml
----------------- Instantiating /home/travis/build/icyphy/ptII/ptolemy/domains/sdf/test/auto/Butterfly.xml
108 ms. Memory: 120832K Free: 91198K (75%)
----------------- Invoking toplevel() on ptolemy.moml.MoMLSimpleApplication@1ffb4ab5
----------------- Done invoking toplevel() on ptolemy.moml.MoMLSimpleApplication@1ffb4ab5
reloadAllAccessors: .Butterfly

===========================================================================================
----------------- testing Fri Dec 06 06:47:50 UTC 2019 /home/travis/build/icyphy/ptII/ptolemy/domains/sdf/test/auto/Expression.xml
----------------- Instantiating /home/travis/build/icyphy/ptII/ptolemy/domains/sdf/test/auto/Expression.xml
67 ms. Memory: 120832K Free: 86672K (72%)
----------------- Invoking toplevel() on ptolemy.moml.MoMLSimpleApplication@46cfa79d
----------------- Done invoking toplevel() on ptolemy.moml.MoMLSimpleApplication@46cfa79d
reloadAllAccessors: .Expression

===========================================================================================
----------------- testing Fri Dec 06 06:47:50 UTC 2019 /home/travis/build/icyphy/ptII/ptolemy/domains/sdf/test/auto/Eye.xml
----------------- Instantiating /home/travis/build/icyphy/ptII/ptolemy/domains/sdf/test/auto/Eye.xml
138 ms. Memory: 120832K Free: 83267K (69%)
----------------- Invoking toplevel() on ptolemy.moml.MoMLSimpleApplication@6ed404a9
----------------- Done invoking toplevel() on ptolemy.moml.MoMLSimpleApplication@6ed404a9
reloadAllAccessors: .Eye

===========================================================================================
----------------- testing Fri Dec 06 06:47:50 UTC 2019 /home/travis/build/icyphy/ptII/ptolemy/domains/sdf/test/auto/FixFIR.xml
----------------- Instantiating /home/travis/build/icyphy/ptII/ptolemy/domains/sdf/test/auto/FixFIR.xml
126 ms. Memory: 120832K Free: 83484K (69%)
----------------- Invoking toplevel() on ptolemy.moml.MoMLSimpleApplication@1f258dc4
----------------- Done invoking toplevel() on ptolemy.moml.MoMLSimpleApplication@1f258dc4
reloadAllAccessors: .FixFIR

===========================================================================================
----------------- testing Fri Dec 06 06:47:50 UTC 2019 /home/travis/build/icyphy/ptII/ptolemy/domains/sdf/test/auto/FixPoint.xml
----------------- Instantiating /home/travis/build/icyphy/ptII/ptolemy/domains/sdf/test/auto/FixPoint.xml
12 ms. Memory: 120832K Free: 79388K (66%)
----------------- Invoking toplevel() on ptolemy.moml.MoMLSimpleApplication@54a9cce7
----------------- Done invoking toplevel() on ptolemy.moml.MoMLSimpleApplication@54a9cce7
reloadAllAccessors: .FixPoint

===========================================================================================
----------------- testing Fri Dec 06 06:47:51 UTC 2019 /home/travis/build/icyphy/ptII/ptolemy/domains/sdf/test/auto/Gravitation.xml
----------------- Instantiating /home/travis/build/icyphy/ptII/ptolemy/domains/sdf/test/auto/Gravitation.xml
3234 ms. Memory: 145408K Free: 99813K (69%)
----------------- Invoking toplevel() on ptolemy.moml.MoMLSimpleApplication@39b334db
----------------- Done invoking toplevel() on ptolemy.moml.MoMLSimpleApplication@39b334db
reloadAllAccessors: .Gravitation

===========================================================================================
----------------- testing Fri Dec 06 06:47:54 UTC 2019 /home/travis/build/icyphy/ptII/ptolemy/domains/sdf/test/auto/GravitationWithCollisionDetection.xml
----------------- Instantiating /home/travis/build/icyphy/ptII/ptolemy/domains/sdf/test/auto/GravitationWithCollisionDetection.xml
7191 ms. Memory: 309248K Free: 162747K (53%)
----------------- Invoking toplevel() on ptolemy.moml.MoMLSimpleApplication@6649a047
----------------- Done invoking toplevel() on ptolemy.moml.MoMLSimpleApplication@6649a047
reloadAllAccessors: .GravitationWithCollisionDetection

===========================================================================================
----------------- testing Fri Dec 06 06:48:01 UTC 2019 /home/travis/build/icyphy/ptII/ptolemy/domains/sdf/test/auto/HDF.xml
----------------- Instantiating /home/travis/build/icyphy/ptII/ptolemy/domains/sdf/test/auto/HDF.xml
46 ms. Memory: 309248K Free: 146883K (47%)
----------------- Invoking toplevel() on ptolemy.moml.MoMLSimpleApplication@305e03f8
----------------- Done invoking toplevel() on ptolemy.moml.MoMLSimpleApplication@305e03f8
reloadAllAccessors: .HDF

===========================================================================================
----------------- testing Fri Dec 06 06:48:01 UTC 2019 /home/travis/build/icyphy/ptII/ptolemy/domains/sdf/test/auto/HDFwithTransientStates.xml
----------------- Instantiating /home/travis/build/icyphy/ptII/ptolemy/domains/sdf/test/auto/HDFwithTransientStates.xml
19 ms. Memory: 309248K Free: 127937K (41%)
----------------- Invoking toplevel() on ptolemy.moml.MoMLSimpleApplication@6f7c8dc5
----------------- Done invoking toplevel() on ptolemy.moml.MoMLSimpleApplication@6f7c8dc5
reloadAllAccessors: .HDFwithTransientStates

===========================================================================================
----------------- testing Fri Dec 06 06:48:01 UTC 2019 /home/travis/build/icyphy/ptII/ptolemy/domains/sdf/test/auto/HTVQ.xml
----------------- Instantiating /home/travis/build/icyphy/ptII/ptolemy/domains/sdf/test/auto/HTVQ.xml
980 ms. Memory: 309248K Free: 141667K (46%)
----------------- Invoking toplevel() on ptolemy.moml.MoMLSimpleApplication@382bf922
----------------- Done invoking toplevel() on ptolemy.moml.MoMLSimpleApplication@382bf922
reloadAllAccessors: .HTVQ

===========================================================================================
----------------- testing Fri Dec 06 06:48:02 UTC 2019 /home/travis/build/icyphy/ptII/ptolemy/domains/sdf/test/auto/InferInitProduction.xml
----------------- Instantiating /home/travis/build/icyphy/ptII/ptolemy/domains/sdf/test/auto/InferInitProduction.xml
5 ms. Memory: 309248K Free: 136509K (44%)
----------------- Invoking toplevel() on ptolemy.moml.MoMLSimpleApplication@7db82e34
----------------- Done invoking toplevel() on ptolemy.moml.MoMLSimpleApplication@7db82e34
reloadAllAccessors: .InferInitProduction

===========================================================================================
----------------- testing Fri Dec 06 06:48:03 UTC 2019 /home/travis/build/icyphy/ptII/ptolemy/domains/sdf/test/auto/InferInitProductionDeeper.xml
----------------- Instantiating /home/travis/build/icyphy/ptII/ptolemy/domains/sdf/test/auto/InferInitProductionDeeper.xml
6 ms. Memory: 309248K Free: 131389K (42%)
----------------- Invoking toplevel() on ptolemy.moml.MoMLSimpleApplication@9e60af5
----------------- Done invoking toplevel() on ptolemy.moml.MoMLSimpleApplication@9e60af5
reloadAllAccessors: .InferInitProductionDeeper

===========================================================================================
----------------- testing Fri Dec 06 06:48:03 UTC 2019 /home/travis/build/icyphy/ptII/ptolemy/domains/sdf/test/auto/LMSAdaptive.xml
----------------- Instantiating /home/travis/build/icyphy/ptII/ptolemy/domains/sdf/test/auto/LMSAdaptive.xml
15 ms. Memory: 309248K Free: 121149K (39%)
----------------- Invoking toplevel() on ptolemy.moml.MoMLSimpleApplication@3f43dcb
----------------- Done invoking toplevel() on ptolemy.moml.MoMLSimpleApplication@3f43dcb
reloadAllAccessors: .LMSAdaptive

===========================================================================================
----------------- testing Fri Dec 06 06:48:03 UTC 2019 /home/travis/build/icyphy/ptII/ptolemy/domains/sdf/test/auto/LogisticMap.xml
----------------- Instantiating /home/travis/build/icyphy/ptII/ptolemy/domains/sdf/test/auto/LogisticMap.xml
442 ms. Memory: 309248K Free: 115005K (37%)
----------------- Invoking toplevel() on ptolemy.moml.MoMLSimpleApplication@2ae63746
----------------- Done invoking toplevel() on ptolemy.moml.MoMLSimpleApplication@2ae63746
reloadAllAccessors: .LogisticMap

===========================================================================================
----------------- testing Fri Dec 06 06:48:03 UTC 2019 /home/travis/build/icyphy/ptII/ptolemy/domains/sdf/test/auto/MaximumEntropySpectrum.xml
----------------- Instantiating /home/travis/build/icyphy/ptII/ptolemy/domains/sdf/test/auto/MaximumEntropySpectrum.xml
81 ms. Memory: 309248K Free: 235110K (76%)
----------------- Invoking toplevel() on ptolemy.moml.MoMLSimpleApplication@657ed896
----------------- Done invoking toplevel() on ptolemy.moml.MoMLSimpleApplication@657ed896
reloadAllAccessors: .MaximumEntropySpectrum

===========================================================================================
----------------- testing Fri Dec 06 06:48:03 UTC 2019 /home/travis/build/icyphy/ptII/ptolemy/domains/sdf/test/auto/MultirateSDF.xml
----------------- Instantiating /home/travis/build/icyphy/ptII/ptolemy/domains/sdf/test/auto/MultirateSDF.xml
23 ms. Memory: 309248K Free: 220264K (71%)
----------------- Invoking toplevel() on ptolemy.moml.MoMLSimpleApplication@63011831
----------------- Done invoking toplevel() on ptolemy.moml.MoMLSimpleApplication@63011831
reloadAllAccessors: .MultirateSDF

===========================================================================================
----------------- testing Fri Dec 06 06:48:04 UTC 2019 /home/travis/build/icyphy/ptII/ptolemy/domains/sdf/test/auto/MultirateSDFwithTransientStates.xml
----------------- Instantiating /home/travis/build/icyphy/ptII/ptolemy/domains/sdf/test/auto/MultirateSDFwithTransientStates.xml
23 ms. Memory: 309248K Free: 201318K (65%)
----------------- Invoking toplevel() on ptolemy.moml.MoMLSimpleApplication@12721ab1
----------------- Done invoking toplevel() on ptolemy.moml.MoMLSimpleApplication@12721ab1
reloadAllAccessors: .MultirateSDFwithTransientStates

===========================================================================================
----------------- testing Fri Dec 06 06:48:04 UTC 2019 /home/travis/build/icyphy/ptII/ptolemy/domains/sdf/test/auto/NoisySinewave.xml
----------------- Instantiating /home/travis/build/icyphy/ptII/ptolemy/domains/sdf/test/auto/NoisySinewave.xml
16 ms. Memory: 309248K Free: 184934K (60%)
----------------- Invoking toplevel() on ptolemy.moml.MoMLSimpleApplication@4c02be88
----------------- Done invoking toplevel() on ptolemy.moml.MoMLSimpleApplication@4c02be88
reloadAllAccessors: .NoisySinewave

===========================================================================================
----------------- testing Fri Dec 06 06:48:04 UTC 2019 /home/travis/build/icyphy/ptII/ptolemy/domains/sdf/test/auto/Objects.xml
----------------- Instantiating /home/travis/build/icyphy/ptII/ptolemy/domains/sdf/test/auto/Objects.xml
2 ms. Memory: 309248K Free: 176742K (57%)
----------------- Invoking toplevel() on ptolemy.moml.MoMLSimpleApplication@1f6a05b6
----------------- Done invoking toplevel() on ptolemy.moml.MoMLSimpleApplication@1f6a05b6
reloadAllAccessors: .Objects

===========================================================================================
----------------- testing Fri Dec 06 06:48:04 UTC 2019 /home/travis/build/icyphy/ptII/ptolemy/domains/sdf/test/auto/OrthogonalCom.xml
----------------- Instantiating /home/travis/build/icyphy/ptII/ptolemy/domains/sdf/test/auto/OrthogonalCom.xml
13 ms. Memory: 309248K Free: 169064K (55%)
----------------- Invoking toplevel() on ptolemy.moml.MoMLSimpleApplication@78e22677
----------------- Done invoking toplevel() on ptolemy.moml.MoMLSimpleApplication@78e22677
reloadAllAccessors: .OrthogonalCom

===========================================================================================
----------------- testing Fri Dec 06 06:48:04 UTC 2019 /home/travis/build/icyphy/ptII/ptolemy/domains/sdf/test/auto/RijndaelEncryption.xml
----------------- Instantiating /home/travis/build/icyphy/ptII/ptolemy/domains/sdf/test/auto/RijndaelEncryption.xml
323 ms. Memory: 309248K Free: 203958K (66%)
----------------- Invoking toplevel() on ptolemy.moml.MoMLSimpleApplication@19b8ed84
----------------- Done invoking toplevel() on ptolemy.moml.MoMLSimpleApplication@19b8ed84
reloadAllAccessors: .RijndaelEncryption

===========================================================================================
----------------- testing Fri Dec 06 06:48:04 UTC 2019 /home/travis/build/icyphy/ptII/ptolemy/domains/sdf/test/auto/SDFEmptyIterations.xml
----------------- Instantiating /home/travis/build/icyphy/ptII/ptolemy/domains/sdf/test/auto/SDFEmptyIterations.xml
6 ms. Memory: 309248K Free: 199334K (64%)
----------------- Invoking toplevel() on ptolemy.moml.MoMLSimpleApplication@26982456
----------------- Done invoking toplevel() on ptolemy.moml.MoMLSimpleApplication@26982456
reloadAllAccessors: .SDFEmptyIterations

===========================================================================================
----------------- testing Fri Dec 06 06:48:04 UTC 2019 /home/travis/build/icyphy/ptII/ptolemy/domains/sdf/test/auto/Spectrum.xml
----------------- Instantiating /home/travis/build/icyphy/ptII/ptolemy/domains/sdf/test/auto/Spectrum.xml
47 ms. Memory: 309248K Free: 174262K (56%)
----------------- Invoking toplevel() on ptolemy.moml.MoMLSimpleApplication@23da30ac
----------------- Done invoking toplevel() on ptolemy.moml.MoMLSimpleApplication@23da30ac
reloadAllAccessors: .Spectrum

===========================================================================================
----------------- testing Fri Dec 06 06:48:05 UTC 2019 /home/travis/build/icyphy/ptII/ptolemy/domains/sdf/test/auto/de_inside_sdf.xml
----------------- Instantiating /home/travis/build/icyphy/ptII/ptolemy/domains/sdf/test/auto/de_inside_sdf.xml
6 ms. Memory: 309248K Free: 169142K (55%)
----------------- Invoking toplevel() on ptolemy.moml.MoMLSimpleApplication@3890fc95
----------------- Done invoking toplevel() on ptolemy.moml.MoMLSimpleApplication@3890fc95
reloadAllAccessors: .de_inside_sdf

===========================================================================================
----------------- testing Fri Dec 06 06:48:05 UTC 2019 /home/travis/build/icyphy/ptII/ptolemy/domains/sdf/test/auto/disconnectedHierarchicalSDF.xml
----------------- Instantiating /home/travis/build/icyphy/ptII/ptolemy/domains/sdf/test/auto/disconnectedHierarchicalSDF.xml
7 ms. Memory: 309248K Free: 162998K (53%)
----------------- Invoking toplevel() on ptolemy.moml.MoMLSimpleApplication@1849606b
----------------- Done invoking toplevel() on ptolemy.moml.MoMLSimpleApplication@1849606b
reloadAllAccessors: .disconnectedHierarchicalSDF

===========================================================================================
----------------- testing Fri Dec 06 06:48:05 UTC 2019 /home/travis/build/icyphy/ptII/ptolemy/domains/sdf/test/auto/disconnectedSDF.xml
----------------- Instantiating /home/travis/build/icyphy/ptII/ptolemy/domains/sdf/test/auto/disconnectedSDF.xml
3 ms. Memory: 309248K Free: 158902K (51%)
----------------- Invoking toplevel() on ptolemy.moml.MoMLSimpleApplication@261f243f
----------------- Done invoking toplevel() on ptolemy.moml.MoMLSimpleApplication@261f243f
reloadAllAccessors: .disconnectedSDF

===========================================================================================
----------------- testing Fri Dec 06 06:48:05 UTC 2019 /home/travis/build/icyphy/ptII/ptolemy/domains/sdf/test/auto/emptyRefinement.xml
----------------- Instantiating /home/travis/build/icyphy/ptII/ptolemy/domains/sdf/test/auto/emptyRefinement.xml
4 ms. Memory: 309248K Free: 154292K (50%)
----------------- Invoking toplevel() on ptolemy.moml.MoMLSimpleApplication@44f87274
----------------- Done invoking toplevel() on ptolemy.moml.MoMLSimpleApplication@44f87274
reloadAllAccessors: .emptyRefinement

===========================================================================================
----------------- testing Fri Dec 06 06:48:05 UTC 2019 /home/travis/build/icyphy/ptII/ptolemy/domains/sdf/test/auto/filePortParameter.xml
----------------- Instantiating /home/travis/build/icyphy/ptII/ptolemy/domains/sdf/test/auto/filePortParameter.xml
14 ms. Memory: 309248K Free: 147124K (48%)
----------------- Invoking toplevel() on ptolemy.moml.MoMLSimpleApplication@307b1844
----------------- Done invoking toplevel() on ptolemy.moml.MoMLSimpleApplication@307b1844
reloadAllAccessors: .filePortParameter

===========================================================================================
----------------- testing Fri Dec 06 06:48:05 UTC 2019 /home/travis/build/icyphy/ptII/ptolemy/domains/sdf/test/auto/inferRelationWidth1.xml
----------------- Instantiating /home/travis/build/icyphy/ptII/ptolemy/domains/sdf/test/auto/inferRelationWidth1.xml
5 ms. Memory: 309248K Free: 144052K (47%)
----------------- Invoking toplevel() on ptolemy.moml.MoMLSimpleApplication@5ec469c4
----------------- Done invoking toplevel() on ptolemy.moml.MoMLSimpleApplication@5ec469c4
reloadAllAccessors: .inferRelationWidth1

===========================================================================================
----------------- testing Fri Dec 06 06:48:05 UTC 2019 /home/travis/build/icyphy/ptII/ptolemy/domains/sdf/test/auto/initProductionInference.xml
----------------- Instantiating /home/travis/build/icyphy/ptII/ptolemy/domains/sdf/test/auto/initProductionInference.xml
5 ms. Memory: 309248K Free: 139956K (45%)
----------------- Invoking toplevel() on ptolemy.moml.MoMLSimpleApplication@209eea55
----------------- Done invoking toplevel() on ptolemy.moml.MoMLSimpleApplication@209eea55
reloadAllAccessors: .initProductionInference

===========================================================================================
----------------- testing Fri Dec 06 06:48:05 UTC 2019 /home/travis/build/icyphy/ptII/ptolemy/domains/sdf/test/auto/relationGroup.xml
----------------- Instantiating /home/travis/build/icyphy/ptII/ptolemy/domains/sdf/test/auto/relationGroup.xml
6 ms. Memory: 309248K Free: 136374K (44%)
----------------- Invoking toplevel() on ptolemy.moml.MoMLSimpleApplication@53968080
----------------- Done invoking toplevel() on ptolemy.moml.MoMLSimpleApplication@53968080
reloadAllAccessors: .relationGroup

===========================================================================================
----------------- testing Fri Dec 06 06:48:05 UTC 2019 /home/travis/build/icyphy/ptII/ptolemy/domains/sdf/test/auto/relationGroup10.xml
----------------- Instantiating /home/travis/build/icyphy/ptII/ptolemy/domains/sdf/test/auto/relationGroup10.xml
5 ms. Memory: 309248K Free: 132788K (43%)
----------------- Invoking toplevel() on ptolemy.moml.MoMLSimpleApplication@1e34c8d9
----------------- Done invoking toplevel() on ptolemy.moml.MoMLSimpleApplication@1e34c8d9
reloadAllAccessors: .relationGroup10

===========================================================================================
----------------- testing Fri Dec 06 06:48:05 UTC 2019 /home/travis/build/icyphy/ptII/ptolemy/domains/sdf/test/auto/relationGroup11.xml
----------------- Instantiating /home/travis/build/icyphy/ptII/ptolemy/domains/sdf/test/auto/relationGroup11.xml
2 ms. Memory: 309248K Free: 129206K (42%)
----------------- Invoking toplevel() on ptolemy.moml.MoMLSimpleApplication@361ea518
----------------- Done invoking toplevel() on ptolemy.moml.MoMLSimpleApplication@361ea518
reloadAllAccessors: .relationGroup11

===========================================================================================
----------------- testing Fri Dec 06 06:48:05 UTC 2019 /home/travis/build/icyphy/ptII/ptolemy/domains/sdf/test/auto/relationGroup12.xml
----------------- Instantiating /home/travis/build/icyphy/ptII/ptolemy/domains/sdf/test/auto/relationGroup12.xml
3 ms. Memory: 309248K Free: 125620K (41%)
----------------- Invoking toplevel() on ptolemy.moml.MoMLSimpleApplication@17dedee6
----------------- Done invoking toplevel() on ptolemy.moml.MoMLSimpleApplication@17dedee6
reloadAllAccessors: .relationGroup12

===========================================================================================
----------------- testing Fri Dec 06 06:48:05 UTC 2019 /home/travis/build/icyphy/ptII/ptolemy/domains/sdf/test/auto/relationGroup13.xml
----------------- Instantiating /home/travis/build/icyphy/ptII/ptolemy/domains/sdf/test/auto/relationGroup13.xml
15 ms. Memory: 309248K Free: 121014K (39%)
----------------- Invoking toplevel() on ptolemy.moml.MoMLSimpleApplication@3a6b8114
----------------- Done invoking toplevel() on ptolemy.moml.MoMLSimpleApplication@3a6b8114
reloadAllAccessors: .relationGroup13

===========================================================================================
----------------- testing Fri Dec 06 06:48:05 UTC 2019 /home/travis/build/icyphy/ptII/ptolemy/domains/sdf/test/auto/relationGroup14.xml
----------------- Instantiating /home/travis/build/icyphy/ptII/ptolemy/domains/sdf/test/auto/relationGroup14.xml
3 ms. Memory: 309248K Free: 116404K (38%)
----------------- Invoking toplevel() on ptolemy.moml.MoMLSimpleApplication@1b8327c2
----------------- Done invoking toplevel() on ptolemy.moml.MoMLSimpleApplication@1b8327c2
reloadAllAccessors: .relationGroup14

===========================================================================================
----------------- testing Fri Dec 06 06:48:05 UTC 2019 /home/travis/build/icyphy/ptII/ptolemy/domains/sdf/test/auto/relationGroup15.xml
----------------- Instantiating /home/travis/build/icyphy/ptII/ptolemy/domains/sdf/test/auto/relationGroup15.xml
2 ms. Memory: 309248K Free: 112822K (36%)
----------------- Invoking toplevel() on ptolemy.moml.MoMLSimpleApplication@6f2d86bc
----------------- Done invoking toplevel() on ptolemy.moml.MoMLSimpleApplication@6f2d86bc
reloadAllAccessors: .relationGroup15

===========================================================================================
----------------- testing Fri Dec 06 06:48:05 UTC 2019 /home/travis/build/icyphy/ptII/ptolemy/domains/sdf/test/auto/relationGroup2.xml
----------------- Instantiating /home/travis/build/icyphy/ptII/ptolemy/domains/sdf/test/auto/relationGroup2.xml
1 ms. Memory: 309248K Free: 109750K (35%)
----------------- Invoking toplevel() on ptolemy.moml.MoMLSimpleApplication@6618ea09
----------------- Done invoking toplevel() on ptolemy.moml.MoMLSimpleApplication@6618ea09
reloadAllAccessors: .relationGroup2

===========================================================================================
----------------- testing Fri Dec 06 06:48:05 UTC 2019 /home/travis/build/icyphy/ptII/ptolemy/domains/sdf/test/auto/relationGroup3.xml
----------------- Instantiating /home/travis/build/icyphy/ptII/ptolemy/domains/sdf/test/auto/relationGroup3.xml
11 ms. Memory: 371712K Free: 353193K (95%)
----------------- Invoking toplevel() on ptolemy.moml.MoMLSimpleApplication@3f764d71
----------------- Done invoking toplevel() on ptolemy.moml.MoMLSimpleApplication@3f764d71
reloadAllAccessors: .relationGroup3

===========================================================================================
----------------- testing Fri Dec 06 06:48:05 UTC 2019 /home/travis/build/icyphy/ptII/ptolemy/domains/sdf/test/auto/relationGroup4.xml
----------------- Instantiating /home/travis/build/icyphy/ptII/ptolemy/domains/sdf/test/auto/relationGroup4.xml
4 ms. Memory: 371712K Free: 348581K (94%)
----------------- Invoking toplevel() on ptolemy.moml.MoMLSimpleApplication@49eda584
----------------- Done invoking toplevel() on ptolemy.moml.MoMLSimpleApplication@49eda584
reloadAllAccessors: .relationGroup4

===========================================================================================
----------------- testing Fri Dec 06 06:48:05 UTC 2019 /home/travis/build/icyphy/ptII/ptolemy/domains/sdf/test/auto/relationGroup5.xml
----------------- Instantiating /home/travis/build/icyphy/ptII/ptolemy/domains/sdf/test/auto/relationGroup5.xml
3 ms. Memory: 371712K Free: 344457K (93%)
----------------- Invoking toplevel() on ptolemy.moml.MoMLSimpleApplication@27f4fc6
----------------- Done invoking toplevel() on ptolemy.moml.MoMLSimpleApplication@27f4fc6
reloadAllAccessors: .relationGroup5

===========================================================================================
----------------- testing Fri Dec 06 06:48:05 UTC 2019 /home/travis/build/icyphy/ptII/ptolemy/domains/sdf/test/auto/relationGroup6.xml
----------------- Instantiating /home/travis/build/icyphy/ptII/ptolemy/domains/sdf/test/auto/relationGroup6.xml
4 ms. Memory: 371712K Free: 339881K (91%)
----------------- Invoking toplevel() on ptolemy.moml.MoMLSimpleApplication@7635b4b1
----------------- Done invoking toplevel() on ptolemy.moml.MoMLSimpleApplication@7635b4b1
reloadAllAccessors: .relationGroup6

===========================================================================================
----------------- testing Fri Dec 06 06:48:05 UTC 2019 /home/travis/build/icyphy/ptII/ptolemy/domains/sdf/test/auto/relationGroup7.xml
----------------- Instantiating /home/travis/build/icyphy/ptII/ptolemy/domains/sdf/test/auto/relationGroup7.xml
2 ms. Memory: 371712K Free: 336295K (90%)
----------------- Invoking toplevel() on ptolemy.moml.MoMLSimpleApplication@7a860588
----------------- Done invoking toplevel() on ptolemy.moml.MoMLSimpleApplication@7a860588
reloadAllAccessors: .relationGroup7

===========================================================================================
----------------- testing Fri Dec 06 06:48:05 UTC 2019 /home/travis/build/icyphy/ptII/ptolemy/domains/sdf/test/auto/relationGroup8.xml
----------------- Instantiating /home/travis/build/icyphy/ptII/ptolemy/domains/sdf/test/auto/relationGroup8.xml
2 ms. Memory: 371712K Free: 333223K (90%)
----------------- Invoking toplevel() on ptolemy.moml.MoMLSimpleApplication@57d34746
----------------- Done invoking toplevel() on ptolemy.moml.MoMLSimpleApplication@57d34746
reloadAllAccessors: .relationGroup8

===========================================================================================
----------------- testing Fri Dec 06 06:48:05 UTC 2019 /home/travis/build/icyphy/ptII/ptolemy/domains/sdf/test/auto/relationGroup9.xml
----------------- Instantiating /home/travis/build/icyphy/ptII/ptolemy/domains/sdf/test/auto/relationGroup9.xml
3 ms. Memory: 371712K Free: 329127K (89%)
----------------- Invoking toplevel() on ptolemy.moml.MoMLSimpleApplication@5ceb12dc
----------------- Done invoking toplevel() on ptolemy.moml.MoMLSimpleApplication@5ceb12dc
reloadAllAccessors: .relationGroup9

===========================================================================================
----------------- testing Fri Dec 06 06:48:05 UTC 2019 /home/travis/build/icyphy/ptII/ptolemy/domains/sdf/test/auto/sdf_inside_de.xml
----------------- Instantiating /home/travis/build/icyphy/ptII/ptolemy/domains/sdf/test/auto/sdf_inside_de.xml
13 ms. Memory: 371712K Free: 320425K (86%)
----------------- Invoking toplevel() on ptolemy.moml.MoMLSimpleApplication@3de4e5e2
----------------- Done invoking toplevel() on ptolemy.moml.MoMLSimpleApplication@3de4e5e2
reloadAllAccessors: .sdf_inside_de

===========================================================================================
----------------- testing Fri Dec 06 06:48:05 UTC 2019 /home/travis/build/icyphy/ptII/ptolemy/domains/sdf/test/auto/sdf_inside_pn.xml
----------------- Instantiating /home/travis/build/icyphy/ptII/ptolemy/domains/sdf/test/auto/sdf_inside_pn.xml
38 ms. Memory: 371712K Free: 311719K (84%)
----------------- Invoking toplevel() on ptolemy.moml.MoMLSimpleApplication@440d8af5
----------------- Done invoking toplevel() on ptolemy.moml.MoMLSimpleApplication@440d8af5
reloadAllAccessors: .sdf_inside_pn

===========================================================================================
----------------- testing Fri Dec 06 06:48:05 UTC 2019 /home/travis/build/icyphy/ptII/ptolemy/domains/sdf/test/auto/sdf_sdf1.xml
----------------- Instantiating /home/travis/build/icyphy/ptII/ptolemy/domains/sdf/test/auto/sdf_sdf1.xml
4 ms. Memory: 371712K Free: 306089K (82%)
----------------- Invoking toplevel() on ptolemy.moml.MoMLSimpleApplication@2d8c2682
----------------- Done invoking toplevel() on ptolemy.moml.MoMLSimpleApplication@2d8c2682
reloadAllAccessors: .sdf_sdf1

===========================================================================================
----------------- testing Fri Dec 06 06:48:05 UTC 2019 /home/travis/build/icyphy/ptII/ptolemy/domains/sdf/test/auto/test1.xml
----------------- Instantiating /home/travis/build/icyphy/ptII/ptolemy/domains/sdf/test/auto/test1.xml
3 ms. Memory: 371712K Free: 300969K (81%)
----------------- Invoking toplevel() on ptolemy.moml.MoMLSimpleApplication@1bb80272
----------------- Done invoking toplevel() on ptolemy.moml.MoMLSimpleApplication@1bb80272
reloadAllAccessors: .test1

===========================================================================================
----------------- testing Fri Dec 06 06:48:05 UTC 2019 /home/travis/build/icyphy/ptII/ptolemy/domains/sdf/test/auto/time1.xml
----------------- Instantiating /home/travis/build/icyphy/ptII/ptolemy/domains/sdf/test/auto/time1.xml
3 ms. Memory: 371712K Free: 297383K (80%)
----------------- Invoking toplevel() on ptolemy.moml.MoMLSimpleApplication@65edd969
----------------- Done invoking toplevel() on ptolemy.moml.MoMLSimpleApplication@65edd969
reloadAllAccessors: .time1

===========================================================================================
----------------- testing Fri Dec 06 06:48:05 UTC 2019 /home/travis/build/icyphy/ptII/ptolemy/domains/sdf/test/auto/time2.xml
----------------- Instantiating /home/travis/build/icyphy/ptII/ptolemy/domains/sdf/test/auto/time2.xml
2 ms. Memory: 371712K Free: 293801K (79%)
----------------- Invoking toplevel() on ptolemy.moml.MoMLSimpleApplication@2fdba83b
----------------- Done invoking toplevel() on ptolemy.moml.MoMLSimpleApplication@2fdba83b
reloadAllAccessors: .time2

===========================================================================================
----------------- testing Fri Dec 06 06:48:05 UTC 2019 /home/travis/build/icyphy/ptII/ptolemy/domains/sdf/test/auto/time3.xml
----------------- Instantiating /home/travis/build/icyphy/ptII/ptolemy/domains/sdf/test/auto/time3.xml
7 ms. Memory: 371712K Free: 288681K (78%)
----------------- Invoking toplevel() on ptolemy.moml.MoMLSimpleApplication@3c9e6c33
----------------- Done invoking toplevel() on ptolemy.moml.MoMLSimpleApplication@3c9e6c33
reloadAllAccessors: .time3

===========================================================================================
----------------- testing Fri Dec 06 06:48:05 UTC 2019 /home/travis/build/icyphy/ptII/ptolemy/domains/sdf/test/auto/time4.xml
----------------- Instantiating /home/travis/build/icyphy/ptII/ptolemy/domains/sdf/test/auto/time4.xml
7 ms. Memory: 371712K Free: 283033K (76%)
----------------- Invoking toplevel() on ptolemy.moml.MoMLSimpleApplication@49d0a327
----------------- Done invoking toplevel() on ptolemy.moml.MoMLSimpleApplication@49d0a327
reloadAllAccessors: .time4

===========================================================================================
----------------- testing Fri Dec 06 06:48:05 UTC 2019 /home/travis/build/icyphy/ptII/ptolemy/domains/sdf/test/auto/time5.xml
----------------- Instantiating /home/travis/build/icyphy/ptII/ptolemy/domains/sdf/test/auto/time5.xml
4001 ms. Memory: 371712K Free: 279465K (75%)
----------------- Invoking toplevel() on ptolemy.moml.MoMLSimpleApplication@7ca4e2cf
----------------- Done invoking toplevel() on ptolemy.moml.MoMLSimpleApplication@7ca4e2cf
reloadAllAccessors: .time5

===========================================================================================
----------------- testing Fri Dec 06 06:48:09 UTC 2019 /home/travis/build/icyphy/ptII/ptolemy/domains/sdf/test/auto/typeSystem_Const_Integer_smallest_Type.xml
----------------- Instantiating /home/travis/build/icyphy/ptII/ptolemy/domains/sdf/test/auto/typeSystem_Const_Integer_smallest_Type.xml
9 ms. Memory: 371712K Free: 274855K (74%)
----------------- Invoking toplevel() on ptolemy.moml.MoMLSimpleApplication@249d243b
----------------- Done invoking toplevel() on ptolemy.moml.MoMLSimpleApplication@249d243b
reloadAllAccessors: .typeSystem_Const_Integer_smallest_Type

===========================================================================================
----------------- testing Fri Dec 06 06:48:09 UTC 2019 /home/travis/build/icyphy/ptII/ptolemy/domains/sdf/test/auto/typeSystem_declared_Inports_OutportTypeException.xml
----------------- Instantiating /home/travis/build/icyphy/ptII/ptolemy/domains/sdf/test/auto/typeSystem_declared_Inports_OutportTypeException.xml
.typeSystem_declared_Inports_OutportTypeException.TestExceptionAttribute: initialize() was not invoked, but wrapup() was.  This is unusual, but not always a problem.  For example, exporting JNLP will do this.
7 ms. Memory: 371712K Free: 270759K (73%)
----------------- Invoking toplevel() on ptolemy.moml.MoMLSimpleApplication@6a445461
----------------- Done invoking toplevel() on ptolemy.moml.MoMLSimpleApplication@6a445461
reloadAllAccessors: .typeSystem_declared_Inports_OutportTypeException

===========================================================================================
----------------- testing Fri Dec 06 06:48:09 UTC 2019 /home/travis/build/icyphy/ptII/ptolemy/domains/sdf/test/auto/typeSystem_oneDeclaredInportType_wrongTypeOutport.xml
----------------- Instantiating /home/travis/build/icyphy/ptII/ptolemy/domains/sdf/test/auto/typeSystem_oneDeclaredInportType_wrongTypeOutport.xml
4 ms. Memory: 371712K Free: 266663K (72%)
----------------- Invoking toplevel() on ptolemy.moml.MoMLSimpleApplication@9ce27b
----------------- Done invoking toplevel() on ptolemy.moml.MoMLSimpleApplication@9ce27b
reloadAllAccessors: .typeSystem_oneDeclaredInportType_wrongTypeOutport

===========================================================================================
----------------- testing Fri Dec 06 06:48:09 UTC 2019 /home/travis/build/icyphy/ptII/ptolemy/domains/sdf/test/auto/width.xml
----------------- Instantiating /home/travis/build/icyphy/ptII/ptolemy/domains/sdf/test/auto/width.xml
2 ms. Memory: 371712K Free: 263081K (71%)
----------------- Invoking toplevel() on ptolemy.moml.MoMLSimpleApplication@2330b82d
----------------- Done invoking toplevel() on ptolemy.moml.MoMLSimpleApplication@2330b82d
reloadAllAccessors: .width

===========================================================================================
----------------- testing Fri Dec 06 06:48:09 UTC 2019 /home/travis/build/icyphy/ptII/ptolemy/domains/sdf/test/auto/width2.xml
----------------- Instantiating /home/travis/build/icyphy/ptII/ptolemy/domains/sdf/test/auto/width2.xml
46 ms. Memory: 371712K Free: 258471K (70%)
----------------- Invoking toplevel() on ptolemy.moml.MoMLSimpleApplication@3ad547de
----------------- Done invoking toplevel() on ptolemy.moml.MoMLSimpleApplication@3ad547de
reloadAllAccessors: .width2

===========================================================================================
----------------- testing Fri Dec 06 06:48:09 UTC 2019 /home/travis/build/icyphy/ptII/ptolemy/domains/sdf/test/auto/width3.xml
----------------- Instantiating /home/travis/build/icyphy/ptII/ptolemy/domains/sdf/test/auto/width3.xml
39 ms. Memory: 371712K Free: 253351K (68%)
----------------- Invoking toplevel() on ptolemy.moml.MoMLSimpleApplication@2c6463e8
----------------- Done invoking toplevel() on ptolemy.moml.MoMLSimpleApplication@2c6463e8
reloadAllAccessors: .width3
AutoTests.java: About to close Vertx.
AutoTests.java: Vertx closed.
]]></system-out>
  <system-err><![CDATA[java.lang.RuntimeException: Execution failed
	at ptolemy.moml.MoMLSimpleApplication$UnloadThread.run(MoMLSimpleApplication.java:402)
Caused by: ptolemy.actor.sched.NotSchedulableException: No solution exists for the balance equations.
Graph is not consistent under the SDF domain detected on external port .rateConsistency.actor.port2
  in .rateConsistency.SDF Director.Scheduler
	at ptolemy.domains.sdf.kernel.SDFScheduler._propagatePort(SDFScheduler.java:1425)
	at ptolemy.domains.sdf.kernel.SDFScheduler._solveBalanceEquations(SDFScheduler.java:710)
	at ptolemy.domains.sdf.kernel.SDFScheduler._getSchedule(SDFScheduler.java:566)
	at ptolemy.actor.sched.Scheduler.getSchedule(Scheduler.java:189)
	at ptolemy.domains.sdf.kernel.SDFDirector.createSchedule(SDFDirector.java:408)
	at ptolemy.domains.sdf.kernel.SDFDirector.preinitialize(SDFDirector.java:764)
	at ptolemy.actor.CompositeActor.preinitialize(CompositeActor.java:1828)
	at ptolemy.actor.Manager.preinitializeAndResolveTypes(Manager.java:1040)
	at ptolemy.actor.Manager.initialize(Manager.java:710)
	at ptolemy.actor.Manager.execute(Manager.java:356)
	at ptolemy.actor.Manager.run(Manager.java:1263)
	at ptolemy.actor.Manager$PtolemyRunThread.run(Manager.java:1933)
java.lang.RuntimeException: Execution failed
	at ptolemy.moml.MoMLSimpleApplication$UnloadThread.run(MoMLSimpleApplication.java:402)
Caused by: ptolemy.kernel.util.IllegalActionException: Failed to compute schedule:
  in .badRateChanges.typed composite actor.SDF Director
Because:
The SDF rate parameter may change. This is not allowed in SDF models that will be run through the code generator.  If you don't care about code generation, then you might consider setting the allowRateChanges parameter of the SDF director to false.
  in .badRateChanges.typed composite actor.Repeat.output.tokenProductionRate
	at ptolemy.domains.sdf.kernel.SDFDirector.createSchedule(SDFDirector.java:418)
	at ptolemy.domains.sdf.kernel.SDFDirector.preinitialize(SDFDirector.java:764)
	at ptolemy.actor.CompositeActor.preinitialize(CompositeActor.java:1828)
	at ptolemy.actor.Director.preinitialize(Director.java:1302)
	at ptolemy.actor.Director.preinitialize(Director.java:1257)
	at ptolemy.domains.sdf.kernel.SDFDirector.preinitialize(SDFDirector.java:763)
	at ptolemy.actor.CompositeActor.preinitialize(CompositeActor.java:1828)
	at ptolemy.actor.Manager.preinitializeAndResolveTypes(Manager.java:1040)
	at ptolemy.actor.Manager.initialize(Manager.java:710)
	at ptolemy.actor.Manager.execute(Manager.java:356)
	at ptolemy.actor.Manager.run(Manager.java:1263)
	at ptolemy.actor.Manager$PtolemyRunThread.run(Manager.java:1933)
Caused by: ptolemy.kernel.util.IllegalActionException: The SDF rate parameter may change. This is not allowed in SDF models that will be run through the code generator.  If you don't care about code generation, then you might consider setting the allowRateChanges parameter of the SDF director to false.
  in .badRateChanges.typed composite actor.Repeat.output.tokenProductionRate
	at ptolemy.domains.sdf.kernel.SDFScheduler._assertDynamicRateVariable(SDFScheduler.java:931)
	at ptolemy.domains.sdf.kernel.SDFScheduler._checkDynamicRateVariables(SDFScheduler.java:339)
	at ptolemy.domains.sdf.kernel.SDFScheduler._getSchedule(SDFScheduler.java:527)
	at ptolemy.actor.sched.Scheduler.getSchedule(Scheduler.java:189)
	at ptolemy.domains.sdf.kernel.SDFDirector.createSchedule(SDFDirector.java:408)
	... 11 more
java.lang.RuntimeException: Execution failed
	at ptolemy.moml.MoMLSimpleApplication$UnloadThread.run(MoMLSimpleApplication.java:402)
Caused by: ptolemy.kernel.util.IllegalActionException: Failed to compute schedule:
  in .badRateChanges2.typed composite actor.SDF Director
Because:
The SDF rate parameter may change. This is not allowed in SDF models that will be run through the code generator.  If you don't care about code generation, then you might consider setting the allowRateChanges parameter of the SDF director to false.
  in .badRateChanges2.typed composite actor.Repeat.output.tokenProductionRate
	at ptolemy.domains.sdf.kernel.SDFDirector.createSchedule(SDFDirector.java:418)
	at ptolemy.domains.sdf.kernel.SDFDirector.preinitialize(SDFDirector.java:764)
	at ptolemy.actor.CompositeActor.preinitialize(CompositeActor.java:1828)
	at ptolemy.actor.Director.preinitialize(Director.java:1302)
	at ptolemy.actor.Director.preinitialize(Director.java:1257)
	at ptolemy.domains.sdf.kernel.SDFDirector.preinitialize(SDFDirector.java:763)
	at ptolemy.actor.CompositeActor.preinitialize(CompositeActor.java:1828)
	at ptolemy.actor.Manager.preinitializeAndResolveTypes(Manager.java:1040)
	at ptolemy.actor.Manager.initialize(Manager.java:710)
	at ptolemy.actor.Manager.execute(Manager.java:356)
	at ptolemy.actor.Manager.run(Manager.java:1263)
	at ptolemy.actor.Manager$PtolemyRunThread.run(Manager.java:1933)
Caused by: ptolemy.kernel.util.IllegalActionException: The SDF rate parameter may change. This is not allowed in SDF models that will be run through the code generator.  If you don't care about code generation, then you might consider setting the allowRateChanges parameter of the SDF director to false.
  in .badRateChanges2.typed composite actor.Repeat.output.tokenProductionRate
	at ptolemy.domains.sdf.kernel.SDFScheduler._assertDynamicRateVariable(SDFScheduler.java:931)
	at ptolemy.domains.sdf.kernel.SDFScheduler._checkDynamicRateVariables(SDFScheduler.java:339)
	at ptolemy.domains.sdf.kernel.SDFScheduler._getSchedule(SDFScheduler.java:527)
	at ptolemy.actor.sched.Scheduler.getSchedule(Scheduler.java:189)
	at ptolemy.domains.sdf.kernel.SDFDirector.createSchedule(SDFDirector.java:408)
	... 11 more
java.lang.RuntimeException: Execution failed
	at ptolemy.moml.MoMLSimpleApplication$UnloadThread.run(MoMLSimpleApplication.java:402)
Caused by: ptolemy.actor.sched.NotSchedulableException: Actors remain that cannot be scheduled!

There are several possible reasons:
* SDF Graphs with feedback loops should have an actor with a delay in the loop, such as a SampleDelay.
* The SDF director has an "allowDisconnectedGraphs"parameter, which, when true, permits disconnected SDF graphs.
* The token consumption rate and production rates might be mismatched.
Usually, actors produce one token or consume one token on a port.  To produce or consume multiple tokens per firing, add a "tokenConsumptionRate" or "tokenProductionRate" parameter to the appropriate port.
Unscheduled actors:
.partiallyConnected.Const2 
Scheduled actors:
.partiallyConnected.Const 
  in .partiallyConnected.SDF Director.Scheduler
	at ptolemy.domains.sdf.kernel.SDFScheduler._scheduleConnectedActors(SDFScheduler.java:1828)
	at ptolemy.domains.sdf.kernel.SDFScheduler._getSchedule(SDFScheduler.java:587)
	at ptolemy.actor.sched.Scheduler.getSchedule(Scheduler.java:189)
	at ptolemy.domains.sdf.kernel.SDFDirector.createSchedule(SDFDirector.java:408)
	at ptolemy.domains.sdf.kernel.SDFDirector.preinitialize(SDFDirector.java:764)
	at ptolemy.actor.CompositeActor.preinitialize(CompositeActor.java:1828)
	at ptolemy.actor.Manager.preinitializeAndResolveTypes(Manager.java:1040)
	at ptolemy.actor.Manager.initialize(Manager.java:710)
	at ptolemy.actor.Manager.execute(Manager.java:356)
	at ptolemy.actor.Manager.run(Manager.java:1263)
	at ptolemy.actor.Manager$PtolemyRunThread.run(Manager.java:1933)
]]></system-err>
</testsuite>
