<?xml version="1.0" encoding="UTF-8" ?>
<testsuite errors="0" failures="0" hostname="travis-job-ad6523ea-1419-4b8b-a6c4-acd666fe7a61" name="ptolemy.domains.de.test.junit.JUnitTclTest" skipped="0" tests="101" time="131.144" timestamp="2019-04-19T04:04:32">
  <properties>
[...]
</properties>
  <testcase classname="ptolemy.util.test.junit.TclTests" name="[0] /home/travis/build/icyphy/ptII/ptolemy/domains/de/test/DependencyLoop.tcl (RunTclFile)" time="0.743" />
  <testcase classname="ptolemy.util.test.junit.TclTests" name="[1] /home/travis/build/icyphy/ptII/ptolemy/domains/de/test/RunDETestsAsQSS.tcl (RunTclFile)" time="89.841" />
  <testcase classname="ptolemy.util.test.junit.AutoKnownFailedTests" name="[0] /home/travis/build/icyphy/ptII/ptolemy/domains/de/test/auto/knownFailedTests/DESDFClockTest.xml (RunModel)" time="2.035" />
  <testcase classname="ptolemy.util.test.junit.AutoKnownFailedTests" name="[1] /home/travis/build/icyphy/ptII/ptolemy/domains/de/test/auto/knownFailedTests/DirectFeedback.xml (RunModel)" time="0.012" />
  <testcase classname="ptolemy.util.test.junit.AutoKnownFailedTests" name="[2] /home/travis/build/icyphy/ptII/ptolemy/domains/de/test/auto/knownFailedTests/FSMSource.xml (RunModel)" time="0.024" />
  <testcase classname="ptolemy.util.test.junit.AutoKnownFailedTests" name="[3] /home/travis/build/icyphy/ptII/ptolemy/domains/de/test/auto/knownFailedTests/HierarchicalModel.xml (RunModel)" time="0.043" />
  <testcase classname="ptolemy.util.test.junit.AutoKnownFailedTests" name="[4] /home/travis/build/icyphy/ptII/ptolemy/domains/de/test/auto/knownFailedTests/dependencyLoop.xml (RunModel)" time="0.042" />
  <testcase classname="ptolemy.util.test.junit.AutoKnownFailedTests" name="[5] /home/travis/build/icyphy/ptII/ptolemy/domains/de/test/auto/knownFailedTests/dependencyLoop2.xml (RunModel)" time="0.042" />
  <testcase classname="ptolemy.util.test.junit.AutoNameArchTests" name="[0] ThereAreNoAutoArchTests (RunModel)" time="0.003" />
  <testcase classname="ptolemy.util.test.junit.AutoTests" name="[0] /home/travis/build/icyphy/ptII/ptolemy/domains/de/test/auto/ActorDepthCalculation_actorWithoutPorts.xml (RunModel)" time="0.03" />
  <testcase classname="ptolemy.util.test.junit.AutoTests" name="[1] /home/travis/build/icyphy/ptII/ptolemy/domains/de/test/auto/AssemblyLine.xml (RunModel)" time="0.022" />
  <testcase classname="ptolemy.util.test.junit.AutoTests" name="[2] /home/travis/build/icyphy/ptII/ptolemy/domains/de/test/auto/CQBug1.xml (RunModel)" time="0.012" />
  <testcase classname="ptolemy.util.test.junit.AutoTests" name="[3] /home/travis/build/icyphy/ptII/ptolemy/domains/de/test/auto/CancelFireAt.xml (RunModel)" time="0.01" />
  <testcase classname="ptolemy.util.test.junit.AutoTests" name="[4] /home/travis/build/icyphy/ptII/ptolemy/domains/de/test/auto/CausalityAndComposabilityAnalysis.xml (RunModel)" time="0.014" />
  <testcase classname="ptolemy.util.test.junit.AutoTests" name="[5] /home/travis/build/icyphy/ptII/ptolemy/domains/de/test/auto/CausalityInterface1.xml (RunModel)" time="0.015" />
  <testcase classname="ptolemy.util.test.junit.AutoTests" name="[6] /home/travis/build/icyphy/ptII/ptolemy/domains/de/test/auto/CausalityInterface15.xml (RunModel)" time="0.017" />
  <testcase classname="ptolemy.util.test.junit.AutoTests" name="[7] /home/travis/build/icyphy/ptII/ptolemy/domains/de/test/auto/CausalityInterface2.xml (RunModel)" time="0.013" />
  <testcase classname="ptolemy.util.test.junit.AutoTests" name="[8] /home/travis/build/icyphy/ptII/ptolemy/domains/de/test/auto/CausalityInterface3.xml (RunModel)" time="0.009" />
  <testcase classname="ptolemy.util.test.junit.AutoTests" name="[9] /home/travis/build/icyphy/ptII/ptolemy/domains/de/test/auto/ClockDrift.xml (RunModel)" time="0.022" />
  <testcase classname="ptolemy.util.test.junit.AutoTests" name="[10] /home/travis/build/icyphy/ptII/ptolemy/domains/de/test/auto/ClockDriftAndValueChange.xml (RunModel)" time="0.02" />
  <testcase classname="ptolemy.util.test.junit.AutoTests" name="[11] /home/travis/build/icyphy/ptII/ptolemy/domains/de/test/auto/ClockDriftChange.xml (RunModel)" time="0.027" />
  <testcase classname="ptolemy.util.test.junit.AutoTests" name="[12] /home/travis/build/icyphy/ptII/ptolemy/domains/de/test/auto/ComposableCausalityAnalysis.xml (RunModel)" time="0.014" />
  <testcase classname="ptolemy.util.test.junit.AutoTests" name="[13] /home/travis/build/icyphy/ptII/ptolemy/domains/de/test/auto/DEFixedPointLimitation.xml (RunModel)" time="0.007" />
  <testcase classname="ptolemy.util.test.junit.AutoTests" name="[14] /home/travis/build/icyphy/ptII/ptolemy/domains/de/test/auto/DEScheduleTest.xml (RunModel)" time="0.01" />
  <testcase classname="ptolemy.util.test.junit.AutoTests" name="[15] /home/travis/build/icyphy/ptII/ptolemy/domains/de/test/auto/DEinDEwithStartTimes.xml (RunModel)" time="0.012" />
  <testcase classname="ptolemy.util.test.junit.AutoTests" name="[16] /home/travis/build/icyphy/ptII/ptolemy/domains/de/test/auto/DEinDEwithStartTimes2.xml (RunModel)" time="0.016" />
  <testcase classname="ptolemy.util.test.junit.AutoTests" name="[17] /home/travis/build/icyphy/ptII/ptolemy/domains/de/test/auto/DateDemo.xml (RunModel)" time="0.031" />
  <testcase classname="ptolemy.util.test.junit.AutoTests" name="[18] /home/travis/build/icyphy/ptII/ptolemy/domains/de/test/auto/DateToEvent.xml (RunModel)" time="2.037" />
  <testcase classname="ptolemy.util.test.junit.AutoTests" name="[19] /home/travis/build/icyphy/ptII/ptolemy/domains/de/test/auto/DepthTest1.xml (RunModel)" time="0.013" />
  <testcase classname="ptolemy.util.test.junit.AutoTests" name="[20] /home/travis/build/icyphy/ptII/ptolemy/domains/de/test/auto/DepthTest2.xml (RunModel)" time="0.019" />
  <testcase classname="ptolemy.util.test.junit.AutoTests" name="[21] /home/travis/build/icyphy/ptII/ptolemy/domains/de/test/auto/DepthTest3.xml (RunModel)" time="0.008" />
  <testcase classname="ptolemy.util.test.junit.AutoTests" name="[22] /home/travis/build/icyphy/ptII/ptolemy/domains/de/test/auto/DepthTest4.xml (RunModel)" time="0.011" />
  <testcase classname="ptolemy.util.test.junit.AutoTests" name="[23] /home/travis/build/icyphy/ptII/ptolemy/domains/de/test/auto/DepthTest5.xml (RunModel)" time="0.012" />
  <testcase classname="ptolemy.util.test.junit.AutoTests" name="[24] /home/travis/build/icyphy/ptII/ptolemy/domains/de/test/auto/DepthTest6.xml (RunModel)" time="0.011" />
  <testcase classname="ptolemy.util.test.junit.AutoTests" name="[25] /home/travis/build/icyphy/ptII/ptolemy/domains/de/test/auto/DepthTest7.xml (RunModel)" time="0.01" />
  <testcase classname="ptolemy.util.test.junit.AutoTests" name="[26] /home/travis/build/icyphy/ptII/ptolemy/domains/de/test/auto/EventToDate.xml (RunModel)" time="3.031" />
  <testcase classname="ptolemy.util.test.junit.AutoTests" name="[27] /home/travis/build/icyphy/ptII/ptolemy/domains/de/test/auto/FSM1.xml (RunModel)" time="0.03" />
  <testcase classname="ptolemy.util.test.junit.AutoTests" name="[28] /home/travis/build/icyphy/ptII/ptolemy/domains/de/test/auto/FSM7.xml (RunModel)" time="0.028" />
  <testcase classname="ptolemy.util.test.junit.AutoTests" name="[29] /home/travis/build/icyphy/ptII/ptolemy/domains/de/test/auto/Inspection.xml (RunModel)" time="0.038" />
  <testcase classname="ptolemy.util.test.junit.AutoTests" name="[30] /home/travis/build/icyphy/ptII/ptolemy/domains/de/test/auto/Iteration.xml (RunModel)" time="0.017" />
  <testcase classname="ptolemy.util.test.junit.AutoTests" name="[31] /home/travis/build/icyphy/ptII/ptolemy/domains/de/test/auto/LineFault.xml (RunModel)" time="0.579" />
  <testcase classname="ptolemy.util.test.junit.AutoTests" name="[32] /home/travis/build/icyphy/ptII/ptolemy/domains/de/test/auto/MergeModel1Add.xml (RunModel)" time="0.041" />
  <testcase classname="ptolemy.util.test.junit.AutoTests" name="[33] /home/travis/build/icyphy/ptII/ptolemy/domains/de/test/auto/MergeModel2Add.xml (RunModel)" time="0.034" />
  <testcase classname="ptolemy.util.test.junit.AutoTests" name="[34] /home/travis/build/icyphy/ptII/ptolemy/domains/de/test/auto/MergeModel3Add.xml (RunModel)" time="0.039" />
  <testcase classname="ptolemy.util.test.junit.AutoTests" name="[35] /home/travis/build/icyphy/ptII/ptolemy/domains/de/test/auto/MergeWithoutDiscard.xml (RunModel)" time="0.01" />
  <testcase classname="ptolemy.util.test.junit.AutoTests" name="[36] /home/travis/build/icyphy/ptII/ptolemy/domains/de/test/auto/Modal1.xml (RunModel)" time="0.036" />
  <testcase classname="ptolemy.util.test.junit.AutoTests" name="[37] /home/travis/build/icyphy/ptII/ptolemy/domains/de/test/auto/Modal2.xml (RunModel)" time="0.034" />
  <testcase classname="ptolemy.util.test.junit.AutoTests" name="[38] /home/travis/build/icyphy/ptII/ptolemy/domains/de/test/auto/Modal3.xml (RunModel)" time="0.026" />
  <testcase classname="ptolemy.util.test.junit.AutoTests" name="[39] /home/travis/build/icyphy/ptII/ptolemy/domains/de/test/auto/Modal4.xml (RunModel)" time="0.032" />
  <testcase classname="ptolemy.util.test.junit.AutoTests" name="[40] /home/travis/build/icyphy/ptII/ptolemy/domains/de/test/auto/Modal5.xml (RunModel)" time="0.026" />
  <testcase classname="ptolemy.util.test.junit.AutoTests" name="[41] /home/travis/build/icyphy/ptII/ptolemy/domains/de/test/auto/Modal6.xml (RunModel)" time="0.025" />
  <testcase classname="ptolemy.util.test.junit.AutoTests" name="[42] /home/travis/build/icyphy/ptII/ptolemy/domains/de/test/auto/Modal7.xml (RunModel)" time="0.028" />
  <testcase classname="ptolemy.util.test.junit.AutoTests" name="[43] /home/travis/build/icyphy/ptII/ptolemy/domains/de/test/auto/ModalModel.xml (RunModel)" time="0.149" />
  <testcase classname="ptolemy.util.test.junit.AutoTests" name="[44] /home/travis/build/icyphy/ptII/ptolemy/domains/de/test/auto/ModalSource.xml (RunModel)" time="0.017" />
  <testcase classname="ptolemy.util.test.junit.AutoTests" name="[45] /home/travis/build/icyphy/ptII/ptolemy/domains/de/test/auto/NonInterruptibleTimerZeroDelay.xml (RunModel)" time="0.009" />
  <testcase classname="ptolemy.util.test.junit.AutoTests" name="[46] /home/travis/build/icyphy/ptII/ptolemy/domains/de/test/auto/OpenQueueingNetwork.xml (RunModel)" time="2.222" />
  <testcase classname="ptolemy.util.test.junit.AutoTests" name="[47] /home/travis/build/icyphy/ptII/ptolemy/domains/de/test/auto/OpenQueuingNetwork.xml (RunModel)" time="0.273" />
  <testcase classname="ptolemy.util.test.junit.AutoTests" name="[48] /home/travis/build/icyphy/ptII/ptolemy/domains/de/test/auto/PeriodicSampler.xml (RunModel)" time="0.008" />
  <testcase classname="ptolemy.util.test.junit.AutoTests" name="[49] /home/travis/build/icyphy/ptII/ptolemy/domains/de/test/auto/PersistentIO.xml (RunModel)" time="0.018" />
  <testcase classname="ptolemy.util.test.junit.AutoTests" name="[50] /home/travis/build/icyphy/ptII/ptolemy/domains/de/test/auto/PortParameterResetOnInitialize.xml (RunModel)" time="0.016" />
  <testcase classname="ptolemy.util.test.junit.AutoTests" name="[51] /home/travis/build/icyphy/ptII/ptolemy/domains/de/test/auto/PortParameterUpdates.xml (RunModel)" time="0.02" />
  <testcase classname="ptolemy.util.test.junit.AutoTests" name="[52] /home/travis/build/icyphy/ptII/ptolemy/domains/de/test/auto/QueueAndServer.xml (RunModel)" time="0.023" />
  <testcase classname="ptolemy.util.test.junit.AutoTests" name="[53] /home/travis/build/icyphy/ptII/ptolemy/domains/de/test/auto/Records.xml (RunModel)" time="0.02" />
  <testcase classname="ptolemy.util.test.junit.AutoTests" name="[54] /home/travis/build/icyphy/ptII/ptolemy/domains/de/test/auto/ResetTransitionWithStartTime1.xml (RunModel)" time="0.024" />
  <testcase classname="ptolemy.util.test.junit.AutoTests" name="[55] /home/travis/build/icyphy/ptII/ptolemy/domains/de/test/auto/ResetTransitionWithStartTime2.xml (RunModel)" time="0.018" />
  <testcase classname="ptolemy.util.test.junit.AutoTests" name="[56] /home/travis/build/icyphy/ptII/ptolemy/domains/de/test/auto/ResetTransitionWithStartTime3.xml (RunModel)" time="0.017" />
  <testcase classname="ptolemy.util.test.junit.AutoTests" name="[57] /home/travis/build/icyphy/ptII/ptolemy/domains/de/test/auto/ResetTransitionWithStartTime4.xml (RunModel)" time="0.019" />
  <testcase classname="ptolemy.util.test.junit.AutoTests" name="[58] /home/travis/build/icyphy/ptII/ptolemy/domains/de/test/auto/ResettableTimer1.xml (RunModel)" time="0.009" />
  <testcase classname="ptolemy.util.test.junit.AutoTests" name="[59] /home/travis/build/icyphy/ptII/ptolemy/domains/de/test/auto/ResettableTimer2.xml (RunModel)" time="0.009" />
  <testcase classname="ptolemy.util.test.junit.AutoTests" name="[60] /home/travis/build/icyphy/ptII/ptolemy/domains/de/test/auto/ResettableTimer3.xml (RunModel)" time="0.008" />
  <testcase classname="ptolemy.util.test.junit.AutoTests" name="[61] /home/travis/build/icyphy/ptII/ptolemy/domains/de/test/auto/ResettableTimer4.xml (RunModel)" time="0.011" />
  <testcase classname="ptolemy.util.test.junit.AutoTests" name="[62] /home/travis/build/icyphy/ptII/ptolemy/domains/de/test/auto/ResettableTimer5.xml (RunModel)" time="0.009" />
  <testcase classname="ptolemy.util.test.junit.AutoTests" name="[63] /home/travis/build/icyphy/ptII/ptolemy/domains/de/test/auto/ResettableTimer6.xml (RunModel)" time="0.017" />
  <testcase classname="ptolemy.util.test.junit.AutoTests" name="[64] /home/travis/build/icyphy/ptII/ptolemy/domains/de/test/auto/ServerZeroDelay.xml (RunModel)" time="0.012" />
  <testcase classname="ptolemy.util.test.junit.AutoTests" name="[65] /home/travis/build/icyphy/ptII/ptolemy/domains/de/test/auto/SmartSender.xml (RunModel)" time="3.009" />
  <testcase classname="ptolemy.util.test.junit.AutoTests" name="[66] /home/travis/build/icyphy/ptII/ptolemy/domains/de/test/auto/ThreadedComposite.xml (RunModel)" time="0.402" />
  <testcase classname="ptolemy.util.test.junit.AutoTests" name="[67] /home/travis/build/icyphy/ptII/ptolemy/domains/de/test/auto/Time.xml (RunModel)" time="0.437" />
  <testcase classname="ptolemy.util.test.junit.AutoTests" name="[68] /home/travis/build/icyphy/ptII/ptolemy/domains/de/test/auto/TimeDelayZeroDelay.xml (RunModel)" time="0.01" />
  <testcase classname="ptolemy.util.test.junit.AutoTests" name="[69] /home/travis/build/icyphy/ptII/ptolemy/domains/de/test/auto/TimerZeroDelay.xml (RunModel)" time="0.007" />
  <testcase classname="ptolemy.util.test.junit.AutoTests" name="[70] /home/travis/build/icyphy/ptII/ptolemy/domains/de/test/auto/TimingParadox.xml (RunModel)" time="0.345" />
  <testcase classname="ptolemy.util.test.junit.AutoTests" name="[71] /home/travis/build/icyphy/ptII/ptolemy/domains/de/test/auto/TransferInputs.xml (RunModel)" time="0.012" />
  <testcase classname="ptolemy.util.test.junit.AutoTests" name="[72] /home/travis/build/icyphy/ptII/ptolemy/domains/de/test/auto/TransferOutputs2.xml (RunModel)" time="0.014" />
  <testcase classname="ptolemy.util.test.junit.AutoTests" name="[73] /home/travis/build/icyphy/ptII/ptolemy/domains/de/test/auto/Trilateration.xml (RunModel)" time="12.155" />
  <testcase classname="ptolemy.util.test.junit.AutoTests" name="[74] /home/travis/build/icyphy/ptII/ptolemy/domains/de/test/auto/TwoSigmaDelta.xml (RunModel)" time="2.072" />
  <testcase classname="ptolemy.util.test.junit.AutoTests" name="[75] /home/travis/build/icyphy/ptII/ptolemy/domains/de/test/auto/VariableDelay.xml (RunModel)" time="0.01" />
  <testcase classname="ptolemy.util.test.junit.AutoTests" name="[76] /home/travis/build/icyphy/ptII/ptolemy/domains/de/test/auto/VariableDelay2.xml (RunModel)" time="0.009" />
  <testcase classname="ptolemy.util.test.junit.AutoTests" name="[77] /home/travis/build/icyphy/ptII/ptolemy/domains/de/test/auto/VariableDelayZeroDelay.xml (RunModel)" time="0.009" />
  <testcase classname="ptolemy.util.test.junit.AutoTests" name="[78] /home/travis/build/icyphy/ptII/ptolemy/domains/de/test/auto/VariableDelayZeroDelay2.xml (RunModel)" time="0.009" />
  <testcase classname="ptolemy.util.test.junit.AutoTests" name="[79] /home/travis/build/icyphy/ptII/ptolemy/domains/de/test/auto/deInCt.xml (RunModel)" time="0.012" />
  <testcase classname="ptolemy.util.test.junit.AutoTests" name="[80] /home/travis/build/icyphy/ptII/ptolemy/domains/de/test/auto/deInCt2.xml (RunModel)" time="0.011" />
  <testcase classname="ptolemy.util.test.junit.AutoTests" name="[81] /home/travis/build/icyphy/ptII/ptolemy/domains/de/test/auto/dynamicCausalityInterface1.xml (RunModel)" time="0.017" />
  <testcase classname="ptolemy.util.test.junit.AutoTests" name="[82] /home/travis/build/icyphy/ptII/ptolemy/domains/de/test/auto/fsm_de_test.xml (RunModel)" time="0.019" />
  <testcase classname="ptolemy.util.test.junit.AutoTests" name="[83] /home/travis/build/icyphy/ptII/ptolemy/domains/de/test/auto/functionDependencyReconstruction.xml (RunModel)" time="0.028" />
  <testcase classname="ptolemy.util.test.junit.AutoTests" name="[84] /home/travis/build/icyphy/ptII/ptolemy/domains/de/test/auto/multirate.xml (RunModel)" time="0.014" />
  <testcase classname="ptolemy.util.test.junit.AutoTests" name="[85] /home/travis/build/icyphy/ptII/ptolemy/domains/de/test/auto/multirate2.xml (RunModel)" time="0.013" />
  <testcase classname="ptolemy.util.test.junit.AutoTests" name="[86] /home/travis/build/icyphy/ptII/ptolemy/domains/de/test/auto/realtime.xml (RunModel)" time="10.011" />
  <testcase classname="ptolemy.util.test.junit.AutoTests" name="[87] /home/travis/build/icyphy/ptII/ptolemy/domains/de/test/auto/relationGroup.xml (RunModel)" time="0.013" />
  <testcase classname="ptolemy.util.test.junit.AutoTests" name="[88] /home/travis/build/icyphy/ptII/ptolemy/domains/de/test/auto/relationGroup2.xml (RunModel)" time="0.008" />
  <testcase classname="ptolemy.util.test.junit.AutoTests" name="[89] /home/travis/build/icyphy/ptII/ptolemy/domains/de/test/auto/sortWithOpaquePorts.xml (RunModel)" time="0.009" />
  <testcase classname="ptolemy.util.test.junit.AutoTests" name="[90] /home/travis/build/icyphy/ptII/ptolemy/domains/de/test/auto/transferInputsandOutputs.xml (RunModel)" time="0.018" />
  <testcase classname="ptolemy.util.test.junit.AutoTests" name="[91] /home/travis/build/icyphy/ptII/ptolemy/domains/de/test/auto/triggerType.xml (RunModel)" time="0.008" />
  <system-out><![CDATA[/home/travis/build/icyphy/ptII/ptolemy/domains/de/test/DependencyLoop.tcl
testDefs.tcl: setting time out to 9000 seconds at Fri Apr 19 04:04:32 UTC 2019
15 ms. Memory: 116224K Free: 97611K (84%)
15 ms. Memory: 146944K Free: 141164K (96%)
/home/travis/build/icyphy/ptII/ptolemy/domains/de/test/RunDETestsAsQSS.tcl
Run the DE tests using ptolemy.domains.qss.test.QSSDirectorTest, which extends QSSDirector and prints a message in the constructors.
------------------ testing $PTII/ptolemy/domains/de/test/auto/knownFailedTests/dependencyLoop.xml (Known Failure) 
5 ms. Memory: 146944K Free: 136917K (93%)


==== $PTIIhome/travis/build/icyphy/ptII/ptolemy/domains/de/test/../../../../: Auto Automatic test in file $PTII/ptolemy/domains/de/test/auto/knownFailedTests/dependencyLoop.xml
==== Contents of test case:

	    # FIXME: we should use $relativeFilename here, but it
	    # might have backslashes under Windows, which causes no end
	    # of trouble.
	    createAndExecute $file
	    list {}
	
.... Test generated KNOWN error:
    while executing
ptolemy.kernel.util.IllegalActionException: Found a zero delay loop containing .dependencyLoop.original
  in .dependencyLoop and .dependencyLoop.original
	at ptolemy.actor.util.CausalityInterfaceForComposites._computeOutputPortDepth(CausalityInterfaceForComposites.java:759)
	at ptolemy.actor.util.CausalityInterfaceForComposites._computeInputDepth(CausalityInterfaceForComposites.java:696)
	at ptolemy.actor.util.CausalityInterfaceForComposites._computeOutputPortDepth(CausalityInterfaceForComposites.java:765)
	at ptolemy.actor.util.CausalityInterfaceForComposites._computeInputDepth(CausalityInterfaceForComposites.java:696)
	at ptolemy.actor.util.CausalityInterfaceForComposites._computeOutputPortDepth(CausalityInterfaceForComposites.java:765)
	at ptolemy.actor.util.CausalityInterfaceForComposites._computeInputDepth(CausalityInterfaceForComposites.java:696)
	at ptolemy.actor.util.CausalityInterfaceForComposites._computeActorDepth(CausalityInterfaceForComposites.java:532)
	at ptolemy.actor.util.CausalityInterfaceForComposites.checkForCycles(CausalityInterfaceForComposites.java:96)
	at ptolemy.domains.de.kernel.DEDirector.preinitialize(DEDirector.java:1338)
	at ptolemy.actor.CompositeActor.preinitialize(CompositeActor.java:1828)
	at ptolemy.actor.Manager.preinitializeAndResolveTypes(Manager.java:1040)
	at ptolemy.actor.Manager.initialize(Manager.java:710)
	at ptolemy.actor.Manager.execute(Manager.java:356)
	at ptolemy.actor.Manager.run(Manager.java:1263)
	at ptolemy.actor.Manager$PtolemyRunThread.run(Manager.java:1915)

    while executing
ptolemy.kernel.util.IllegalActionException: Found a zero delay loop containing .dependencyLoop.original
  in .dependencyLoop and .dependencyLoop.original
    while executing
"java::new ptolemy.moml.MoMLSimpleApplication $file
"
    (procedure "createAndExecute" line 2)
    invoked from within
"createAndExecute $file"
    ("uplevel" body line 5)
    invoked from within
"uplevel $contents_of_test"
------------------ testing $PTII/ptolemy/domains/de/test/auto/knownFailedTests/DESDFClockTest.xml (Known Failure) 
2107 ms. Memory: 146944K Free: 121339K (83%)


==== $PTIIhome/travis/build/icyphy/ptII/ptolemy/domains/de/test/../../../../: Auto Automatic test in file $PTII/ptolemy/domains/de/test/auto/knownFailedTests/DESDFClockTest.xml
==== Contents of test case:

	    # FIXME: we should use $relativeFilename here, but it
	    # might have backslashes under Windows, which causes no end
	    # of trouble.
	    createAndExecute $file
	    list {}
	
.... Test generated KNOWN error:
    while executing
ptolemy.kernel.util.IllegalActionException: Actor is not ready to fire.  Perhaps UpSample.prefire() returned false? Try debugging the actor by selecting "Listen to Actor".  Also, for SDF check moml for tokenConsumptionRate on input.
  in .DESDFClockTest.Play Bell.Copy1:SDF Director and .DESDFClockTest.Play Bell.UpSample
	at ptolemy.actor.sched.StaticSchedulingDirector.fire(StaticSchedulingDirector.java:227)
	at ptolemy.domains.sdf.kernel.SDFDirector.fire(SDFDirector.java:500)
	at ptolemy.actor.CompositeActor.fire(CompositeActor.java:455)
	at ptolemy.domains.de.kernel.DEDirector._fire(DEDirector.java:1949)
	at ptolemy.domains.de.kernel.DEDirector.fire(DEDirector.java:502)
	at ptolemy.actor.CompositeActor.fire(CompositeActor.java:455)
	at ptolemy.actor.Manager.iterate(Manager.java:851)
	at ptolemy.actor.Manager.execute(Manager.java:369)
	at ptolemy.actor.Manager.run(Manager.java:1263)
	at ptolemy.actor.Manager$PtolemyRunThread.run(Manager.java:1915)

    while executing
ptolemy.kernel.util.IllegalActionException: Actor is not ready to fire.  Perhaps UpSample.prefire() returned false? Try debugging the actor by selecting "Listen to Actor".  Also, for SDF check moml for tokenConsumptionRate on input.
  in .DESDFClockTest.Play Bell.Copy1:SDF Director and .DESDFClockTest.Play Bell.UpSample
    while executing
"java::new ptolemy.moml.MoMLSimpleApplication $file
"
    (procedure "createAndExecute" line 2)
    invoked from within
"createAndExecute $file"
    ("uplevel" body line 5)
    invoked from within
"uplevel $contents_of_test"
------------------ testing $PTII/ptolemy/domains/de/test/auto/knownFailedTests/FSMSource.xml (Known Failure) 
29 ms. Memory: 146944K Free: 112510K (77%)
!!!! Auto was marked as failing, but now passes
------------------ testing $PTII/ptolemy/domains/de/test/auto/knownFailedTests/dependencyLoop2.xml (Known Failure) 
15 ms. Memory: 146944K Free: 110627K (75%)


==== $PTIIhome/travis/build/icyphy/ptII/ptolemy/domains/de/test/../../../../: Auto Automatic test in file $PTII/ptolemy/domains/de/test/auto/knownFailedTests/dependencyLoop2.xml
==== Contents of test case:

	    # FIXME: we should use $relativeFilename here, but it
	    # might have backslashes under Windows, which causes no end
	    # of trouble.
	    createAndExecute $file
	    list {}
	
.... Test generated KNOWN error:
    while executing
ptolemy.kernel.util.IllegalActionException: Found a zero delay loop containing .dependencyLoop2.original
  in .dependencyLoop2 and .dependencyLoop2.original
	at ptolemy.actor.util.CausalityInterfaceForComposites._computeOutputPortDepth(CausalityInterfaceForComposites.java:759)
	at ptolemy.actor.util.CausalityInterfaceForComposites._computeInputDepth(CausalityInterfaceForComposites.java:696)
	at ptolemy.actor.util.CausalityInterfaceForComposites._computeOutputPortDepth(CausalityInterfaceForComposites.java:765)
	at ptolemy.actor.util.CausalityInterfaceForComposites._computeInputDepth(CausalityInterfaceForComposites.java:696)
	at ptolemy.actor.util.CausalityInterfaceForComposites._computeOutputPortDepth(CausalityInterfaceForComposites.java:765)
	at ptolemy.actor.util.CausalityInterfaceForComposites._computeInputDepth(CausalityInterfaceForComposites.java:696)
	at ptolemy.actor.util.CausalityInterfaceForComposites._computeActorDepth(CausalityInterfaceForComposites.java:532)
	at ptolemy.actor.util.CausalityInterfaceForComposites.checkForCycles(CausalityInterfaceForComposites.java:96)
	at ptolemy.domains.de.kernel.DEDirector.preinitialize(DEDirector.java:1338)
	at ptolemy.actor.CompositeActor.preinitialize(CompositeActor.java:1828)
	at ptolemy.actor.Manager.preinitializeAndResolveTypes(Manager.java:1040)
	at ptolemy.actor.Manager.initialize(Manager.java:710)
	at ptolemy.actor.Manager.execute(Manager.java:356)
	at ptolemy.actor.Manager.run(Manager.java:1263)
	at ptolemy.actor.Manager$PtolemyRunThread.run(Manager.java:1915)

    while executing
ptolemy.kernel.util.IllegalActionException: Found a zero delay loop containing .dependencyLoop2.original
  in .dependencyLoop2 and .dependencyLoop2.original
    while executing
"java::new ptolemy.moml.MoMLSimpleApplication $file
"
    (procedure "createAndExecute" line 2)
    invoked from within
"createAndExecute $file"
    ("uplevel" body line 5)
    invoked from within
"uplevel $contents_of_test"
------------------ testing $PTII/ptolemy/domains/de/test/auto/knownFailedTests/HierarchicalModel.xml (Known Failure) 
5 ms. Memory: 146944K Free: 90413K (62%)


==== $PTIIhome/travis/build/icyphy/ptII/ptolemy/domains/de/test/../../../../: Auto Automatic test in file $PTII/ptolemy/domains/de/test/auto/knownFailedTests/HierarchicalModel.xml
==== Contents of test case:

	    # FIXME: we should use $relativeFilename here, but it
	    # might have backslashes under Windows, which causes no end
	    # of trouble.
	    createAndExecute $file
	    list {}
	
.... Test generated KNOWN error:
    while executing
ptolemy.kernel.util.IllegalActionException: Found a zero delay loop containing .HierarchicalModel.A
  in .HierarchicalModel and .HierarchicalModel.A
	at ptolemy.actor.util.CausalityInterfaceForComposites._computeOutputPortDepth(CausalityInterfaceForComposites.java:759)
	at ptolemy.actor.util.CausalityInterfaceForComposites._computeInputDepth(CausalityInterfaceForComposites.java:696)
	at ptolemy.actor.util.CausalityInterfaceForComposites._computeOutputPortDepth(CausalityInterfaceForComposites.java:765)
	at ptolemy.actor.util.CausalityInterfaceForComposites._computeInputDepth(CausalityInterfaceForComposites.java:696)
	at ptolemy.actor.util.CausalityInterfaceForComposites._computeOutputPortDepth(CausalityInterfaceForComposites.java:765)
	at ptolemy.actor.util.CausalityInterfaceForComposites._computeInputDepth(CausalityInterfaceForComposites.java:696)
	at ptolemy.actor.util.CausalityInterfaceForComposites._computeActorDepth(CausalityInterfaceForComposites.java:532)
	at ptolemy.actor.util.CausalityInterfaceForComposites.checkForCycles(CausalityInterfaceForComposites.java:96)
	at ptolemy.domains.de.kernel.DEDirector.preinitialize(DEDirector.java:1338)
	at ptolemy.actor.CompositeActor.preinitialize(CompositeActor.java:1828)
	at ptolemy.actor.Manager.preinitializeAndResolveTypes(Manager.java:1040)
	at ptolemy.actor.Manager.initialize(Manager.java:710)
	at ptolemy.actor.Manager.execute(Manager.java:356)
	at ptolemy.actor.Manager.run(Manager.java:1263)
	at ptolemy.actor.Manager$PtolemyRunThread.run(Manager.java:1915)

    while executing
ptolemy.kernel.util.IllegalActionException: Found a zero delay loop containing .HierarchicalModel.A
  in .HierarchicalModel and .HierarchicalModel.A
    while executing
"java::new ptolemy.moml.MoMLSimpleApplication $file
"
    (procedure "createAndExecute" line 2)
    invoked from within
"createAndExecute $file"
    ("uplevel" body line 5)
    invoked from within
"uplevel $contents_of_test"
------------------ testing $PTII/ptolemy/domains/de/test/auto/knownFailedTests/DirectFeedback.xml (Known Failure) 
10 ms. Memory: 146944K Free: 86300K (59%)


==== $PTIIhome/travis/build/icyphy/ptII/ptolemy/domains/de/test/../../../../: Auto Automatic test in file $PTII/ptolemy/domains/de/test/auto/knownFailedTests/DirectFeedback.xml
==== Contents of test case:

	    # FIXME: we should use $relativeFilename here, but it
	    # might have backslashes under Windows, which causes no end
	    # of trouble.
	    createAndExecute $file
	    list {}
	
.... Test generated KNOWN error:
    while executing
ptolemy.kernel.util.IllegalActionException: Test fails in iteration 1.
Value was: 1.0. Should have been: 2.0
  in .DirectFeedback.Test
	at ptolemy.actor.lib.Test.fire(Test.java:268)
	at ptolemy.domains.de.kernel.DEDirector._fire(DEDirector.java:1949)
	at ptolemy.domains.de.kernel.DEDirector.fire(DEDirector.java:502)
	at ptolemy.actor.CompositeActor.fire(CompositeActor.java:455)
	at ptolemy.actor.Manager.iterate(Manager.java:851)
	at ptolemy.actor.Manager.execute(Manager.java:369)
	at ptolemy.actor.Manager.run(Manager.java:1263)
	at ptolemy.actor.Manager$PtolemyRunThread.run(Manager.java:1915)

    while executing
ptolemy.kernel.util.IllegalActionException: Test fails in iteration 1.
Value was: 1.0. Should have been: 2.0
  in .DirectFeedback.Test
    while executing
"java::new ptolemy.moml.MoMLSimpleApplication $file
"
    (procedure "createAndExecute" line 2)
    invoked from within
"createAndExecute $file"
    ("uplevel" body line 5)
    invoked from within
"uplevel $contents_of_test"
------------------ testing $PTII/ptolemy/domains/de/test/auto/ActorDepthCalculation_actorWithoutPorts.xml
auto.tcl: Setting watchdog for 200 seconds at Fri Apr 19 04:04:36 UTC 2019
10 ms. Memory: 146944K Free: 138659K (94%)
ptolemy.util.test.WatchDog.cancel(): canceling Fri Apr 19 04:04:36 UTC 2019
auto.tcl: Setting watchdog for 200 seconds at Fri Apr 19 04:04:36 UTC 2019
4 ms. Memory: 146944K Free: 137639K (94%)
ptolemy.util.test.WatchDog.cancel(): canceling Fri Apr 19 04:04:36 UTC 2019
------------------ testing $PTII/ptolemy/domains/de/test/auto/AssemblyLine.xml
auto.tcl: Setting watchdog for 200 seconds at Fri Apr 19 04:04:36 UTC 2019
23 ms. Memory: 208384K Free: 183399K (88%)
ptolemy.util.test.WatchDog.cancel(): canceling Fri Apr 19 04:04:36 UTC 2019
auto.tcl: Setting watchdog for 200 seconds at Fri Apr 19 04:04:36 UTC 2019
7 ms. Memory: 208384K Free: 183399K (88%)
ptolemy.util.test.WatchDog.cancel(): canceling Fri Apr 19 04:04:36 UTC 2019
------------------ testing $PTII/ptolemy/domains/de/test/auto/CQBug1.xml
auto.tcl: Setting watchdog for 200 seconds at Fri Apr 19 04:04:37 UTC 2019
6 ms. Memory: 208384K Free: 197903K (95%)
ptolemy.util.test.WatchDog.cancel(): canceling Fri Apr 19 04:04:37 UTC 2019
auto.tcl: Setting watchdog for 200 seconds at Fri Apr 19 04:04:37 UTC 2019
2 ms. Memory: 208384K Free: 197903K (95%)
ptolemy.util.test.WatchDog.cancel(): canceling Fri Apr 19 04:04:37 UTC 2019
------------------ testing $PTII/ptolemy/domains/de/test/auto/CancelFireAt.xml
auto.tcl: Setting watchdog for 200 seconds at Fri Apr 19 04:04:37 UTC 2019
8 ms. Memory: 208384K Free: 201045K (96%)
ptolemy.util.test.WatchDog.cancel(): canceling Fri Apr 19 04:04:37 UTC 2019
auto.tcl: Setting watchdog for 200 seconds at Fri Apr 19 04:04:37 UTC 2019
7 ms. Memory: 208384K Free: 199004K (95%)
ptolemy.util.test.WatchDog.cancel(): canceling Fri Apr 19 04:04:37 UTC 2019
------------------ testing $PTII/ptolemy/domains/de/test/auto/CausalityAndComposabilityAnalysis.xml
auto.tcl: Setting watchdog for 200 seconds at Fri Apr 19 04:04:37 UTC 2019
14 ms. Memory: 208384K Free: 198602K (95%)
ptolemy.util.test.WatchDog.cancel(): canceling Fri Apr 19 04:04:37 UTC 2019
auto.tcl: Setting watchdog for 200 seconds at Fri Apr 19 04:04:37 UTC 2019
5 ms. Memory: 208384K Free: 196562K (94%)
ptolemy.util.test.WatchDog.cancel(): canceling Fri Apr 19 04:04:37 UTC 2019
------------------ testing $PTII/ptolemy/domains/de/test/auto/CausalityInterface1.xml
auto.tcl: Setting watchdog for 200 seconds at Fri Apr 19 04:04:37 UTC 2019
9 ms. Memory: 208384K Free: 196499K (94%)
ptolemy.util.test.WatchDog.cancel(): canceling Fri Apr 19 04:04:37 UTC 2019
auto.tcl: Setting watchdog for 200 seconds at Fri Apr 19 04:04:37 UTC 2019
4 ms. Memory: 208384K Free: 196499K (94%)
ptolemy.util.test.WatchDog.cancel(): canceling Fri Apr 19 04:04:37 UTC 2019
------------------ testing $PTII/ptolemy/domains/de/test/auto/CausalityInterface15.xml
auto.tcl: Setting watchdog for 200 seconds at Fri Apr 19 04:04:37 UTC 2019
5 ms. Memory: 208384K Free: 196458K (94%)
ptolemy.util.test.WatchDog.cancel(): canceling Fri Apr 19 04:04:37 UTC 2019
auto.tcl: Setting watchdog for 200 seconds at Fri Apr 19 04:04:37 UTC 2019
6 ms. Memory: 208384K Free: 196458K (94%)
ptolemy.util.test.WatchDog.cancel(): canceling Fri Apr 19 04:04:37 UTC 2019
------------------ testing $PTII/ptolemy/domains/de/test/auto/CausalityInterface2.xml
auto.tcl: Setting watchdog for 200 seconds at Fri Apr 19 04:04:37 UTC 2019
12 ms. Memory: 208384K Free: 196474K (94%)
ptolemy.util.test.WatchDog.cancel(): canceling Fri Apr 19 04:04:37 UTC 2019
auto.tcl: Setting watchdog for 200 seconds at Fri Apr 19 04:04:37 UTC 2019
3 ms. Memory: 208384K Free: 196474K (94%)
ptolemy.util.test.WatchDog.cancel(): canceling Fri Apr 19 04:04:37 UTC 2019
------------------ testing $PTII/ptolemy/domains/de/test/auto/CausalityInterface3.xml
auto.tcl: Setting watchdog for 200 seconds at Fri Apr 19 04:04:37 UTC 2019
3 ms. Memory: 208384K Free: 196487K (94%)
ptolemy.util.test.WatchDog.cancel(): canceling Fri Apr 19 04:04:37 UTC 2019
auto.tcl: Setting watchdog for 200 seconds at Fri Apr 19 04:04:37 UTC 2019
4 ms. Memory: 208384K Free: 196487K (94%)
ptolemy.util.test.WatchDog.cancel(): canceling Fri Apr 19 04:04:37 UTC 2019
------------------ testing $PTII/ptolemy/domains/de/test/auto/ClockDrift.xml
auto.tcl: Setting watchdog for 200 seconds at Fri Apr 19 04:04:37 UTC 2019
95 ms. Memory: 208384K Free: 187898K (90%)
ptolemy.util.test.WatchDog.cancel(): canceling Fri Apr 19 04:04:37 UTC 2019
auto.tcl: Setting watchdog for 200 seconds at Fri Apr 19 04:04:37 UTC 2019
51 ms. Memory: 208384K Free: 185857K (89%)
ptolemy.util.test.WatchDog.cancel(): canceling Fri Apr 19 04:04:37 UTC 2019
------------------ testing $PTII/ptolemy/domains/de/test/auto/ClockDriftAndValueChange.xml
auto.tcl: Setting watchdog for 200 seconds at Fri Apr 19 04:04:38 UTC 2019
57 ms. Memory: 208384K Free: 187727K (90%)
ptolemy.util.test.WatchDog.cancel(): canceling Fri Apr 19 04:04:38 UTC 2019
auto.tcl: Setting watchdog for 200 seconds at Fri Apr 19 04:04:38 UTC 2019
35 ms. Memory: 208384K Free: 185687K (89%)
ptolemy.util.test.WatchDog.cancel(): canceling Fri Apr 19 04:04:38 UTC 2019
------------------ testing $PTII/ptolemy/domains/de/test/auto/ClockDriftChange.xml
auto.tcl: Setting watchdog for 200 seconds at Fri Apr 19 04:04:38 UTC 2019
25 ms. Memory: 208384K Free: 190995K (92%)
ptolemy.util.test.WatchDog.cancel(): canceling Fri Apr 19 04:04:38 UTC 2019
auto.tcl: Setting watchdog for 200 seconds at Fri Apr 19 04:04:38 UTC 2019
28 ms. Memory: 208384K Free: 188954K (91%)
ptolemy.util.test.WatchDog.cancel(): canceling Fri Apr 19 04:04:38 UTC 2019
------------------ testing $PTII/ptolemy/domains/de/test/auto/ComposableCausalityAnalysis.xml
auto.tcl: Setting watchdog for 200 seconds at Fri Apr 19 04:04:38 UTC 2019
2 ms. Memory: 208384K Free: 196342K (94%)
ptolemy.util.test.WatchDog.cancel(): canceling Fri Apr 19 04:04:38 UTC 2019
auto.tcl: Setting watchdog for 200 seconds at Fri Apr 19 04:04:38 UTC 2019
2 ms. Memory: 208384K Free: 194302K (93%)
ptolemy.util.test.WatchDog.cancel(): canceling Fri Apr 19 04:04:38 UTC 2019
------------------ testing $PTII/ptolemy/domains/de/test/auto/DEFixedPointLimitation.xml
auto.tcl: Setting watchdog for 200 seconds at Fri Apr 19 04:04:38 UTC 2019
3 ms. Memory: 208384K Free: 198463K (95%)
ptolemy.util.test.WatchDog.cancel(): canceling Fri Apr 19 04:04:38 UTC 2019
auto.tcl: Setting watchdog for 200 seconds at Fri Apr 19 04:04:38 UTC 2019
2 ms. Memory: 208384K Free: 196423K (94%)
ptolemy.util.test.WatchDog.cancel(): canceling Fri Apr 19 04:04:38 UTC 2019
------------------ testing $PTII/ptolemy/domains/de/test/auto/DEScheduleTest.xml
auto.tcl: Setting watchdog for 200 seconds at Fri Apr 19 04:04:38 UTC 2019
4 ms. Memory: 208384K Free: 199018K (96%)
ptolemy.util.test.WatchDog.cancel(): canceling Fri Apr 19 04:04:38 UTC 2019
auto.tcl: Setting watchdog for 200 seconds at Fri Apr 19 04:04:38 UTC 2019
3 ms. Memory: 208384K Free: 196459K (94%)
ptolemy.util.test.WatchDog.cancel(): canceling Fri Apr 19 04:04:38 UTC 2019
------------------ testing $PTII/ptolemy/domains/de/test/auto/DEinDEwithStartTimes.xml
auto.tcl: Setting watchdog for 200 seconds at Fri Apr 19 04:04:38 UTC 2019
3 ms. Memory: 208384K Free: 196428K (94%)
ptolemy.util.test.WatchDog.cancel(): canceling Fri Apr 19 04:04:38 UTC 2019
auto.tcl: Setting watchdog for 200 seconds at Fri Apr 19 04:04:38 UTC 2019
3 ms. Memory: 208384K Free: 196428K (94%)
ptolemy.util.test.WatchDog.cancel(): canceling Fri Apr 19 04:04:38 UTC 2019
------------------ testing $PTII/ptolemy/domains/de/test/auto/DEinDEwithStartTimes2.xml
auto.tcl: Setting watchdog for 200 seconds at Fri Apr 19 04:04:38 UTC 2019
4 ms. Memory: 208384K Free: 196927K (95%)
ptolemy.util.test.WatchDog.cancel(): canceling Fri Apr 19 04:04:38 UTC 2019
auto.tcl: Setting watchdog for 200 seconds at Fri Apr 19 04:04:38 UTC 2019
4 ms. Memory: 208384K Free: 194368K (93%)
ptolemy.util.test.WatchDog.cancel(): canceling Fri Apr 19 04:04:38 UTC 2019
------------------ testing $PTII/ptolemy/domains/de/test/auto/DateDemo.xml
auto.tcl: Setting watchdog for 200 seconds at Fri Apr 19 04:04:38 UTC 2019
16 ms. Memory: 208384K Free: 189017K (91%)
ptolemy.util.test.WatchDog.cancel(): canceling Fri Apr 19 04:04:38 UTC 2019
auto.tcl: Setting watchdog for 200 seconds at Fri Apr 19 04:04:38 UTC 2019
10 ms. Memory: 208384K Free: 186977K (90%)
ptolemy.util.test.WatchDog.cancel(): canceling Fri Apr 19 04:04:38 UTC 2019
------------------ testing $PTII/ptolemy/domains/de/test/auto/DateToEvent.xml
auto.tcl: Setting watchdog for 200 seconds at Fri Apr 19 04:04:38 UTC 2019
2020 ms. Memory: 208384K Free: 183903K (88%)
ptolemy.util.test.WatchDog.cancel(): canceling Fri Apr 19 04:04:41 UTC 2019
auto.tcl: Setting watchdog for 200 seconds at Fri Apr 19 04:04:41 UTC 2019
2006 ms. Memory: 208384K Free: 181446K (87%)
ptolemy.util.test.WatchDog.cancel(): canceling Fri Apr 19 04:04:43 UTC 2019
------------------ testing $PTII/ptolemy/domains/de/test/auto/DepthTest1.xml
auto.tcl: Setting watchdog for 200 seconds at Fri Apr 19 04:04:43 UTC 2019
6 ms. Memory: 208384K Free: 198027K (95%)
ptolemy.util.test.WatchDog.cancel(): canceling Fri Apr 19 04:04:43 UTC 2019
auto.tcl: Setting watchdog for 200 seconds at Fri Apr 19 04:04:43 UTC 2019
2 ms. Memory: 208384K Free: 198027K (95%)
ptolemy.util.test.WatchDog.cancel(): canceling Fri Apr 19 04:04:43 UTC 2019
------------------ testing $PTII/ptolemy/domains/de/test/auto/DepthTest2.xml
auto.tcl: Setting watchdog for 200 seconds at Fri Apr 19 04:04:43 UTC 2019
7 ms. Memory: 208384K Free: 194380K (93%)
ptolemy.util.test.WatchDog.cancel(): canceling Fri Apr 19 04:04:43 UTC 2019
auto.tcl: Setting watchdog for 200 seconds at Fri Apr 19 04:04:43 UTC 2019
6 ms. Memory: 208384K Free: 194380K (93%)
ptolemy.util.test.WatchDog.cancel(): canceling Fri Apr 19 04:04:43 UTC 2019
------------------ testing $PTII/ptolemy/domains/de/test/auto/DepthTest3.xml
auto.tcl: Setting watchdog for 200 seconds at Fri Apr 19 04:04:43 UTC 2019
4 ms. Memory: 208384K Free: 198362K (95%)
ptolemy.util.test.WatchDog.cancel(): canceling Fri Apr 19 04:04:43 UTC 2019
auto.tcl: Setting watchdog for 200 seconds at Fri Apr 19 04:04:43 UTC 2019
2 ms. Memory: 208384K Free: 198362K (95%)
ptolemy.util.test.WatchDog.cancel(): canceling Fri Apr 19 04:04:43 UTC 2019
------------------ testing $PTII/ptolemy/domains/de/test/auto/DepthTest4.xml
auto.tcl: Setting watchdog for 200 seconds at Fri Apr 19 04:04:43 UTC 2019
9 ms. Memory: 208384K Free: 196409K (94%)
ptolemy.util.test.WatchDog.cancel(): canceling Fri Apr 19 04:04:43 UTC 2019
auto.tcl: Setting watchdog for 200 seconds at Fri Apr 19 04:04:43 UTC 2019
3 ms. Memory: 208384K Free: 196409K (94%)
ptolemy.util.test.WatchDog.cancel(): canceling Fri Apr 19 04:04:43 UTC 2019
------------------ testing $PTII/ptolemy/domains/de/test/auto/DepthTest5.xml
auto.tcl: Setting watchdog for 200 seconds at Fri Apr 19 04:04:43 UTC 2019
5 ms. Memory: 208384K Free: 196356K (94%)
ptolemy.util.test.WatchDog.cancel(): canceling Fri Apr 19 04:04:43 UTC 2019
auto.tcl: Setting watchdog for 200 seconds at Fri Apr 19 04:04:43 UTC 2019
2 ms. Memory: 208384K Free: 196356K (94%)
ptolemy.util.test.WatchDog.cancel(): canceling Fri Apr 19 04:04:43 UTC 2019
------------------ testing $PTII/ptolemy/domains/de/test/auto/DepthTest6.xml
auto.tcl: Setting watchdog for 200 seconds at Fri Apr 19 04:04:43 UTC 2019
7 ms. Memory: 208384K Free: 196333K (94%)
ptolemy.util.test.WatchDog.cancel(): canceling Fri Apr 19 04:04:43 UTC 2019
auto.tcl: Setting watchdog for 200 seconds at Fri Apr 19 04:04:43 UTC 2019
2 ms. Memory: 208384K Free: 196333K (94%)
ptolemy.util.test.WatchDog.cancel(): canceling Fri Apr 19 04:04:43 UTC 2019
------------------ testing $PTII/ptolemy/domains/de/test/auto/DepthTest7.xml
auto.tcl: Setting watchdog for 200 seconds at Fri Apr 19 04:04:43 UTC 2019
3 ms. Memory: 208384K Free: 196313K (94%)
ptolemy.util.test.WatchDog.cancel(): canceling Fri Apr 19 04:04:43 UTC 2019
auto.tcl: Setting watchdog for 200 seconds at Fri Apr 19 04:04:43 UTC 2019
2 ms. Memory: 208384K Free: 196313K (94%)
ptolemy.util.test.WatchDog.cancel(): canceling Fri Apr 19 04:04:43 UTC 2019
------------------ testing $PTII/ptolemy/domains/de/test/auto/EventToDate.xml
auto.tcl: Setting watchdog for 200 seconds at Fri Apr 19 04:04:43 UTC 2019
3010 ms. Memory: 208384K Free: 186126K (89%)
ptolemy.util.test.WatchDog.cancel(): canceling Fri Apr 19 04:04:46 UTC 2019
auto.tcl: Setting watchdog for 200 seconds at Fri Apr 19 04:04:46 UTC 2019
3005 ms. Memory: 208384K Free: 186126K (89%)
ptolemy.util.test.WatchDog.cancel(): canceling Fri Apr 19 04:04:49 UTC 2019
------------------ testing $PTII/ptolemy/domains/de/test/auto/FSM1.xml
auto.tcl: Setting watchdog for 200 seconds at Fri Apr 19 04:04:49 UTC 2019
17 ms. Memory: 208384K Free: 189485K (91%)
ptolemy.util.test.WatchDog.cancel(): canceling Fri Apr 19 04:04:49 UTC 2019
auto.tcl: Setting watchdog for 200 seconds at Fri Apr 19 04:04:49 UTC 2019
30 ms. Memory: 208384K Free: 185405K (89%)
ptolemy.util.test.WatchDog.cancel(): canceling Fri Apr 19 04:04:49 UTC 2019
------------------ testing $PTII/ptolemy/domains/de/test/auto/FSM7.xml
auto.tcl: Setting watchdog for 200 seconds at Fri Apr 19 04:04:49 UTC 2019
26 ms. Memory: 208384K Free: 189689K (91%)
ptolemy.util.test.WatchDog.cancel(): canceling Fri Apr 19 04:04:49 UTC 2019
auto.tcl: Setting watchdog for 200 seconds at Fri Apr 19 04:04:49 UTC 2019
20 ms. Memory: 208384K Free: 185608K (89%)
ptolemy.util.test.WatchDog.cancel(): canceling Fri Apr 19 04:04:50 UTC 2019
------------------ testing $PTII/ptolemy/domains/de/test/auto/Inspection.xml
auto.tcl: Setting watchdog for 200 seconds at Fri Apr 19 04:04:50 UTC 2019
22 ms. Memory: 208384K Free: 189381K (91%)
ptolemy.util.test.WatchDog.cancel(): canceling Fri Apr 19 04:04:50 UTC 2019
auto.tcl: Setting watchdog for 200 seconds at Fri Apr 19 04:04:50 UTC 2019
29 ms. Memory: 208384K Free: 187341K (90%)
ptolemy.util.test.WatchDog.cancel(): canceling Fri Apr 19 04:04:50 UTC 2019
------------------ testing $PTII/ptolemy/domains/de/test/auto/Iteration.xml
auto.tcl: Setting watchdog for 200 seconds at Fri Apr 19 04:04:50 UTC 2019
8 ms. Memory: 208384K Free: 196639K (94%)
ptolemy.util.test.WatchDog.cancel(): canceling Fri Apr 19 04:04:50 UTC 2019
auto.tcl: Setting watchdog for 200 seconds at Fri Apr 19 04:04:50 UTC 2019
6 ms. Memory: 208384K Free: 194599K (93%)
ptolemy.util.test.WatchDog.cancel(): canceling Fri Apr 19 04:04:50 UTC 2019
------------------ testing $PTII/ptolemy/domains/de/test/auto/LineFault.xml
auto.tcl: Setting watchdog for 200 seconds at Fri Apr 19 04:04:50 UTC 2019
703 ms. Memory: 208384K Free: 200100K (96%)
ptolemy.util.test.WatchDog.cancel(): canceling Fri Apr 19 04:04:51 UTC 2019
auto.tcl: Setting watchdog for 200 seconds at Fri Apr 19 04:04:51 UTC 2019
566 ms. Memory: 208384K Free: 143059K (69%)
ptolemy.util.test.WatchDog.cancel(): canceling Fri Apr 19 04:04:51 UTC 2019
------------------ testing $PTII/ptolemy/domains/de/test/auto/MergeModel1Add.xml
auto.tcl: Setting watchdog for 200 seconds at Fri Apr 19 04:04:51 UTC 2019
23 ms. Memory: 331264K Free: 300823K (91%)
ptolemy.util.test.WatchDog.cancel(): canceling Fri Apr 19 04:04:52 UTC 2019
auto.tcl: Setting watchdog for 200 seconds at Fri Apr 19 04:04:52 UTC 2019
10 ms. Memory: 331264K Free: 300823K (91%)
ptolemy.util.test.WatchDog.cancel(): canceling Fri Apr 19 04:04:52 UTC 2019
------------------ testing $PTII/ptolemy/domains/de/test/auto/MergeModel2Add.xml
auto.tcl: Setting watchdog for 200 seconds at Fri Apr 19 04:04:52 UTC 2019
13 ms. Memory: 331264K Free: 305743K (92%)
ptolemy.util.test.WatchDog.cancel(): canceling Fri Apr 19 04:04:52 UTC 2019
auto.tcl: Setting watchdog for 200 seconds at Fri Apr 19 04:04:52 UTC 2019
12 ms. Memory: 331264K Free: 302178K (91%)
ptolemy.util.test.WatchDog.cancel(): canceling Fri Apr 19 04:04:52 UTC 2019
------------------ testing $PTII/ptolemy/domains/de/test/auto/MergeModel3Add.xml
auto.tcl: Setting watchdog for 200 seconds at Fri Apr 19 04:04:52 UTC 2019
9 ms. Memory: 331264K Free: 305721K (92%)
ptolemy.util.test.WatchDog.cancel(): canceling Fri Apr 19 04:04:52 UTC 2019
auto.tcl: Setting watchdog for 200 seconds at Fri Apr 19 04:04:52 UTC 2019
7 ms. Memory: 331264K Free: 302156K (91%)
ptolemy.util.test.WatchDog.cancel(): canceling Fri Apr 19 04:04:52 UTC 2019
------------------ testing $PTII/ptolemy/domains/de/test/auto/MergeWithoutDiscard.xml
auto.tcl: Setting watchdog for 200 seconds at Fri Apr 19 04:04:52 UTC 2019
3 ms. Memory: 331264K Free: 317120K (96%)
ptolemy.util.test.WatchDog.cancel(): canceling Fri Apr 19 04:04:52 UTC 2019
auto.tcl: Setting watchdog for 200 seconds at Fri Apr 19 04:04:52 UTC 2019
1 ms. Memory: 331264K Free: 317120K (96%)
ptolemy.util.test.WatchDog.cancel(): canceling Fri Apr 19 04:04:52 UTC 2019
------------------ testing $PTII/ptolemy/domains/de/test/auto/Modal1.xml
auto.tcl: Setting watchdog for 200 seconds at Fri Apr 19 04:04:52 UTC 2019
22 ms. Memory: 331264K Free: 310721K (94%)
ptolemy.util.test.WatchDog.cancel(): canceling Fri Apr 19 04:04:52 UTC 2019
auto.tcl: Setting watchdog for 200 seconds at Fri Apr 19 04:04:52 UTC 2019
26 ms. Memory: 331264K Free: 307156K (93%)
ptolemy.util.test.WatchDog.cancel(): canceling Fri Apr 19 04:04:52 UTC 2019
------------------ testing $PTII/ptolemy/domains/de/test/auto/Modal2.xml
auto.tcl: Setting watchdog for 200 seconds at Fri Apr 19 04:04:52 UTC 2019
15 ms. Memory: 331264K Free: 310605K (94%)
ptolemy.util.test.WatchDog.cancel(): canceling Fri Apr 19 04:04:52 UTC 2019
auto.tcl: Setting watchdog for 200 seconds at Fri Apr 19 04:04:52 UTC 2019
11 ms. Memory: 331264K Free: 307040K (93%)
ptolemy.util.test.WatchDog.cancel(): canceling Fri Apr 19 04:04:52 UTC 2019
------------------ testing $PTII/ptolemy/domains/de/test/auto/Modal3.xml
auto.tcl: Setting watchdog for 200 seconds at Fri Apr 19 04:04:52 UTC 2019
13 ms. Memory: 331264K Free: 311267K (94%)
ptolemy.util.test.WatchDog.cancel(): canceling Fri Apr 19 04:04:52 UTC 2019
auto.tcl: Setting watchdog for 200 seconds at Fri Apr 19 04:04:52 UTC 2019
11 ms. Memory: 331264K Free: 307027K (93%)
ptolemy.util.test.WatchDog.cancel(): canceling Fri Apr 19 04:04:52 UTC 2019
------------------ testing $PTII/ptolemy/domains/de/test/auto/Modal4.xml
auto.tcl: Setting watchdog for 200 seconds at Fri Apr 19 04:04:52 UTC 2019
26 ms. Memory: 331264K Free: 310606K (94%)
ptolemy.util.test.WatchDog.cancel(): canceling Fri Apr 19 04:04:52 UTC 2019
auto.tcl: Setting watchdog for 200 seconds at Fri Apr 19 04:04:52 UTC 2019
18 ms. Memory: 331264K Free: 307041K (93%)
ptolemy.util.test.WatchDog.cancel(): canceling Fri Apr 19 04:04:52 UTC 2019
------------------ testing $PTII/ptolemy/domains/de/test/auto/Modal5.xml
auto.tcl: Setting watchdog for 200 seconds at Fri Apr 19 04:04:52 UTC 2019
19 ms. Memory: 331264K Free: 310593K (94%)
ptolemy.util.test.WatchDog.cancel(): canceling Fri Apr 19 04:04:52 UTC 2019
auto.tcl: Setting watchdog for 200 seconds at Fri Apr 19 04:04:52 UTC 2019
12 ms. Memory: 331264K Free: 307028K (93%)
ptolemy.util.test.WatchDog.cancel(): canceling Fri Apr 19 04:04:52 UTC 2019
------------------ testing $PTII/ptolemy/domains/de/test/auto/Modal6.xml
auto.tcl: Setting watchdog for 200 seconds at Fri Apr 19 04:04:52 UTC 2019
14 ms. Memory: 331264K Free: 310591K (94%)
ptolemy.util.test.WatchDog.cancel(): canceling Fri Apr 19 04:04:53 UTC 2019
auto.tcl: Setting watchdog for 200 seconds at Fri Apr 19 04:04:53 UTC 2019
14 ms. Memory: 331264K Free: 307026K (93%)
ptolemy.util.test.WatchDog.cancel(): canceling Fri Apr 19 04:04:53 UTC 2019
------------------ testing $PTII/ptolemy/domains/de/test/auto/Modal7.xml
auto.tcl: Setting watchdog for 200 seconds at Fri Apr 19 04:04:53 UTC 2019
10 ms. Memory: 331264K Free: 307026K (93%)
ptolemy.util.test.WatchDog.cancel(): canceling Fri Apr 19 04:04:53 UTC 2019
auto.tcl: Setting watchdog for 200 seconds at Fri Apr 19 04:04:53 UTC 2019
12 ms. Memory: 331264K Free: 303461K (92%)
ptolemy.util.test.WatchDog.cancel(): canceling Fri Apr 19 04:04:53 UTC 2019
------------------ testing $PTII/ptolemy/domains/de/test/auto/ModalModel.xml
auto.tcl: Setting watchdog for 200 seconds at Fri Apr 19 04:04:53 UTC 2019
177 ms. Memory: 331264K Free: 248254K (75%)
ptolemy.util.test.WatchDog.cancel(): canceling Fri Apr 19 04:04:53 UTC 2019
auto.tcl: Setting watchdog for 200 seconds at Fri Apr 19 04:04:53 UTC 2019
200 ms. Memory: 331264K Free: 191212K (58%)
ptolemy.util.test.WatchDog.cancel(): canceling Fri Apr 19 04:04:53 UTC 2019
------------------ testing $PTII/ptolemy/domains/de/test/auto/ModalSource.xml
auto.tcl: Setting watchdog for 200 seconds at Fri Apr 19 04:04:53 UTC 2019
11 ms. Memory: 331264K Free: 316866K (96%)
ptolemy.util.test.WatchDog.cancel(): canceling Fri Apr 19 04:04:53 UTC 2019
auto.tcl: Setting watchdog for 200 seconds at Fri Apr 19 04:04:53 UTC 2019
6 ms. Memory: 331264K Free: 313601K (95%)
ptolemy.util.test.WatchDog.cancel(): canceling Fri Apr 19 04:04:53 UTC 2019
------------------ testing $PTII/ptolemy/domains/de/test/auto/NonInterruptibleTimerZeroDelay.xml
auto.tcl: Setting watchdog for 200 seconds at Fri Apr 19 04:04:53 UTC 2019
4 ms. Memory: 331264K Free: 321223K (97%)
ptolemy.util.test.WatchDog.cancel(): canceling Fri Apr 19 04:04:53 UTC 2019
auto.tcl: Setting watchdog for 200 seconds at Fri Apr 19 04:04:53 UTC 2019
3 ms. Memory: 331264K Free: 317957K (96%)
ptolemy.util.test.WatchDog.cancel(): canceling Fri Apr 19 04:04:53 UTC 2019
------------------ testing $PTII/ptolemy/domains/de/test/auto/OpenQueueingNetwork.xml
auto.tcl: Setting watchdog for 200 seconds at Fri Apr 19 04:04:53 UTC 2019
3255 ms. Memory: 317952K Free: 123459K (39%)
ptolemy.util.test.WatchDog.cancel(): canceling Fri Apr 19 04:04:57 UTC 2019
auto.tcl: Setting watchdog for 200 seconds at Fri Apr 19 04:04:57 UTC 2019
2612 ms. Memory: 287232K Free: 183286K (64%)
ptolemy.util.test.WatchDog.cancel(): canceling Fri Apr 19 04:04:59 UTC 2019
------------------ testing $PTII/ptolemy/domains/de/test/auto/OpenQueuingNetwork.xml
auto.tcl: Setting watchdog for 200 seconds at Fri Apr 19 04:04:59 UTC 2019
262 ms. Memory: 287232K Free: 184591K (64%)
ptolemy.util.test.WatchDog.cancel(): canceling Fri Apr 19 04:05:00 UTC 2019
auto.tcl: Setting watchdog for 200 seconds at Fri Apr 19 04:05:00 UTC 2019
276 ms. Memory: 287232K Free: 123482K (43%)
ptolemy.util.test.WatchDog.cancel(): canceling Fri Apr 19 04:05:00 UTC 2019
------------------ testing $PTII/ptolemy/domains/de/test/auto/PeriodicSampler.xml
auto.tcl: Setting watchdog for 200 seconds at Fri Apr 19 04:05:00 UTC 2019
2 ms. Memory: 289792K Free: 275007K (95%)
ptolemy.util.test.WatchDog.cancel(): canceling Fri Apr 19 04:05:00 UTC 2019
auto.tcl: Setting watchdog for 200 seconds at Fri Apr 19 04:05:00 UTC 2019
2 ms. Memory: 289792K Free: 275007K (95%)
ptolemy.util.test.WatchDog.cancel(): canceling Fri Apr 19 04:05:00 UTC 2019
------------------ testing $PTII/ptolemy/domains/de/test/auto/PersistentIO.xml
auto.tcl: Setting watchdog for 200 seconds at Fri Apr 19 04:05:00 UTC 2019
4 ms. Memory: 287232K Free: 269671K (94%)
ptolemy.util.test.WatchDog.cancel(): canceling Fri Apr 19 04:05:00 UTC 2019
auto.tcl: Setting watchdog for 200 seconds at Fri Apr 19 04:05:00 UTC 2019
7 ms. Memory: 287232K Free: 269671K (94%)
ptolemy.util.test.WatchDog.cancel(): canceling Fri Apr 19 04:05:00 UTC 2019
------------------ testing $PTII/ptolemy/domains/de/test/auto/PortParameterResetOnInitialize.xml
auto.tcl: Setting watchdog for 200 seconds at Fri Apr 19 04:05:00 UTC 2019
3 ms. Memory: 289280K Free: 277169K (96%)
ptolemy.util.test.WatchDog.cancel(): canceling Fri Apr 19 04:05:00 UTC 2019
auto.tcl: Setting watchdog for 200 seconds at Fri Apr 19 04:05:00 UTC 2019
2 ms. Memory: 289280K Free: 277169K (96%)
ptolemy.util.test.WatchDog.cancel(): canceling Fri Apr 19 04:05:00 UTC 2019
------------------ testing $PTII/ptolemy/domains/de/test/auto/PortParameterUpdates.xml
auto.tcl: Setting watchdog for 200 seconds at Fri Apr 19 04:05:00 UTC 2019
3 ms. Memory: 287232K Free: 275100K (96%)
ptolemy.util.test.WatchDog.cancel(): canceling Fri Apr 19 04:05:00 UTC 2019
auto.tcl: Setting watchdog for 200 seconds at Fri Apr 19 04:05:00 UTC 2019
3 ms. Memory: 287232K Free: 272305K (95%)
ptolemy.util.test.WatchDog.cancel(): canceling Fri Apr 19 04:05:00 UTC 2019
------------------ testing $PTII/ptolemy/domains/de/test/auto/QueueAndServer.xml
auto.tcl: Setting watchdog for 200 seconds at Fri Apr 19 04:05:00 UTC 2019
6 ms. Memory: 289280K Free: 274316K (95%)
ptolemy.util.test.WatchDog.cancel(): canceling Fri Apr 19 04:05:00 UTC 2019
auto.tcl: Setting watchdog for 200 seconds at Fri Apr 19 04:05:00 UTC 2019
6 ms. Memory: 289280K Free: 274316K (95%)
ptolemy.util.test.WatchDog.cancel(): canceling Fri Apr 19 04:05:00 UTC 2019
------------------ testing $PTII/ptolemy/domains/de/test/auto/Records.xml
auto.tcl: Setting watchdog for 200 seconds at Fri Apr 19 04:05:00 UTC 2019
9 ms. Memory: 287232K Free: 275005K (96%)
ptolemy.util.test.WatchDog.cancel(): canceling Fri Apr 19 04:05:00 UTC 2019
auto.tcl: Setting watchdog for 200 seconds at Fri Apr 19 04:05:00 UTC 2019
2 ms. Memory: 287232K Free: 275005K (96%)
ptolemy.util.test.WatchDog.cancel(): canceling Fri Apr 19 04:05:00 UTC 2019
------------------ testing $PTII/ptolemy/domains/de/test/auto/ResetTransitionWithStartTime1.xml
auto.tcl: Setting watchdog for 200 seconds at Fri Apr 19 04:05:00 UTC 2019
8 ms. Memory: 288768K Free: 273771K (95%)
ptolemy.util.test.WatchDog.cancel(): canceling Fri Apr 19 04:05:01 UTC 2019
auto.tcl: Setting watchdog for 200 seconds at Fri Apr 19 04:05:01 UTC 2019
5 ms. Memory: 288768K Free: 270976K (94%)
ptolemy.util.test.WatchDog.cancel(): canceling Fri Apr 19 04:05:01 UTC 2019
------------------ testing $PTII/ptolemy/domains/de/test/auto/ResetTransitionWithStartTime2.xml
auto.tcl: Setting watchdog for 200 seconds at Fri Apr 19 04:05:01 UTC 2019
5 ms. Memory: 287232K Free: 272226K (95%)
ptolemy.util.test.WatchDog.cancel(): canceling Fri Apr 19 04:05:01 UTC 2019
auto.tcl: Setting watchdog for 200 seconds at Fri Apr 19 04:05:01 UTC 2019
5 ms. Memory: 287232K Free: 269432K (94%)
ptolemy.util.test.WatchDog.cancel(): canceling Fri Apr 19 04:05:01 UTC 2019
------------------ testing $PTII/ptolemy/domains/de/test/auto/ResetTransitionWithStartTime3.xml
auto.tcl: Setting watchdog for 200 seconds at Fri Apr 19 04:05:01 UTC 2019
6 ms. Memory: 288768K Free: 273761K (95%)
ptolemy.util.test.WatchDog.cancel(): canceling Fri Apr 19 04:05:01 UTC 2019
auto.tcl: Setting watchdog for 200 seconds at Fri Apr 19 04:05:01 UTC 2019
7 ms. Memory: 288768K Free: 270967K (94%)
ptolemy.util.test.WatchDog.cancel(): canceling Fri Apr 19 04:05:01 UTC 2019
------------------ testing $PTII/ptolemy/domains/de/test/auto/ResetTransitionWithStartTime4.xml
auto.tcl: Setting watchdog for 200 seconds at Fri Apr 19 04:05:01 UTC 2019
3 ms. Memory: 287232K Free: 272224K (95%)
ptolemy.util.test.WatchDog.cancel(): canceling Fri Apr 19 04:05:01 UTC 2019
auto.tcl: Setting watchdog for 200 seconds at Fri Apr 19 04:05:01 UTC 2019
3 ms. Memory: 287232K Free: 272224K (95%)
ptolemy.util.test.WatchDog.cancel(): canceling Fri Apr 19 04:05:01 UTC 2019
------------------ testing $PTII/ptolemy/domains/de/test/auto/ResettableTimer1.xml
auto.tcl: Setting watchdog for 200 seconds at Fri Apr 19 04:05:01 UTC 2019
3 ms. Memory: 288768K Free: 276550K (96%)
ptolemy.util.test.WatchDog.cancel(): canceling Fri Apr 19 04:05:01 UTC 2019
auto.tcl: Setting watchdog for 200 seconds at Fri Apr 19 04:05:01 UTC 2019
2 ms. Memory: 288768K Free: 276550K (96%)
ptolemy.util.test.WatchDog.cancel(): canceling Fri Apr 19 04:05:01 UTC 2019
------------------ testing $PTII/ptolemy/domains/de/test/auto/ResettableTimer2.xml
auto.tcl: Setting watchdog for 200 seconds at Fri Apr 19 04:05:01 UTC 2019
2 ms. Memory: 287232K Free: 275228K (96%)
ptolemy.util.test.WatchDog.cancel(): canceling Fri Apr 19 04:05:01 UTC 2019
auto.tcl: Setting watchdog for 200 seconds at Fri Apr 19 04:05:01 UTC 2019
2 ms. Memory: 287232K Free: 275228K (96%)
ptolemy.util.test.WatchDog.cancel(): canceling Fri Apr 19 04:05:01 UTC 2019
------------------ testing $PTII/ptolemy/domains/de/test/auto/ResettableTimer3.xml
auto.tcl: Setting watchdog for 200 seconds at Fri Apr 19 04:05:01 UTC 2019
1 ms. Memory: 288256K Free: 276096K (96%)
ptolemy.util.test.WatchDog.cancel(): canceling Fri Apr 19 04:05:01 UTC 2019
auto.tcl: Setting watchdog for 200 seconds at Fri Apr 19 04:05:01 UTC 2019
2 ms. Memory: 288256K Free: 276096K (96%)
ptolemy.util.test.WatchDog.cancel(): canceling Fri Apr 19 04:05:01 UTC 2019
------------------ testing $PTII/ptolemy/domains/de/test/auto/ResettableTimer4.xml
auto.tcl: Setting watchdog for 200 seconds at Fri Apr 19 04:05:01 UTC 2019
5 ms. Memory: 287232K Free: 275240K (96%)
ptolemy.util.test.WatchDog.cancel(): canceling Fri Apr 19 04:05:01 UTC 2019
auto.tcl: Setting watchdog for 200 seconds at Fri Apr 19 04:05:01 UTC 2019
1 ms. Memory: 287232K Free: 275240K (96%)
ptolemy.util.test.WatchDog.cancel(): canceling Fri Apr 19 04:05:01 UTC 2019
------------------ testing $PTII/ptolemy/domains/de/test/auto/ResettableTimer5.xml
auto.tcl: Setting watchdog for 200 seconds at Fri Apr 19 04:05:01 UTC 2019
2 ms. Memory: 288256K Free: 276246K (96%)
ptolemy.util.test.WatchDog.cancel(): canceling Fri Apr 19 04:05:01 UTC 2019
auto.tcl: Setting watchdog for 200 seconds at Fri Apr 19 04:05:01 UTC 2019
1 ms. Memory: 288256K Free: 276246K (96%)
ptolemy.util.test.WatchDog.cancel(): canceling Fri Apr 19 04:05:01 UTC 2019
------------------ testing $PTII/ptolemy/domains/de/test/auto/ResettableTimer6.xml
auto.tcl: Setting watchdog for 200 seconds at Fri Apr 19 04:05:01 UTC 2019
2 ms. Memory: 287232K Free: 272957K (95%)
ptolemy.util.test.WatchDog.cancel(): canceling Fri Apr 19 04:05:01 UTC 2019
auto.tcl: Setting watchdog for 200 seconds at Fri Apr 19 04:05:01 UTC 2019
2 ms. Memory: 287232K Free: 272957K (95%)
ptolemy.util.test.WatchDog.cancel(): canceling Fri Apr 19 04:05:01 UTC 2019
------------------ testing $PTII/ptolemy/domains/de/test/auto/ServerZeroDelay.xml
auto.tcl: Setting watchdog for 200 seconds at Fri Apr 19 04:05:01 UTC 2019
3 ms. Memory: 288256K Free: 276186K (96%)
ptolemy.util.test.WatchDog.cancel(): canceling Fri Apr 19 04:05:01 UTC 2019
auto.tcl: Setting watchdog for 200 seconds at Fri Apr 19 04:05:01 UTC 2019
2 ms. Memory: 288256K Free: 276186K (96%)
ptolemy.util.test.WatchDog.cancel(): canceling Fri Apr 19 04:05:01 UTC 2019
------------------ testing $PTII/ptolemy/domains/de/test/auto/SmartSender.xml
auto.tcl: Setting watchdog for 200 seconds at Fri Apr 19 04:05:01 UTC 2019
3002 ms. Memory: 287232K Free: 273106K (95%)
ptolemy.util.test.WatchDog.cancel(): canceling Fri Apr 19 04:05:04 UTC 2019
auto.tcl: Setting watchdog for 200 seconds at Fri Apr 19 04:05:04 UTC 2019
3003 ms. Memory: 287232K Free: 273106K (95%)
ptolemy.util.test.WatchDog.cancel(): canceling Fri Apr 19 04:05:07 UTC 2019
------------------ testing $PTII/ptolemy/domains/de/test/auto/ThreadedComposite.xml
auto.tcl: Setting watchdog for 200 seconds at Fri Apr 19 04:05:07 UTC 2019
255 ms. Memory: 288256K Free: 253247K (88%)
ptolemy.util.test.WatchDog.cancel(): canceling Fri Apr 19 04:05:08 UTC 2019
auto.tcl: Setting watchdog for 200 seconds at Fri Apr 19 04:05:08 UTC 2019
161 ms. Memory: 288256K Free: 235308K (82%)
ptolemy.util.test.WatchDog.cancel(): canceling Fri Apr 19 04:05:08 UTC 2019
------------------ testing $PTII/ptolemy/domains/de/test/auto/Time.xml
auto.tcl: Setting watchdog for 200 seconds at Fri Apr 19 04:05:08 UTC 2019
577 ms. Memory: 287232K Free: 217102K (76%)
ptolemy.util.test.WatchDog.cancel(): canceling Fri Apr 19 04:05:08 UTC 2019
auto.tcl: Setting watchdog for 200 seconds at Fri Apr 19 04:05:08 UTC 2019
555 ms. Memory: 287232K Free: 154296K (54%)
ptolemy.util.test.WatchDog.cancel(): canceling Fri Apr 19 04:05:09 UTC 2019
------------------ testing $PTII/ptolemy/domains/de/test/auto/TimeDelayZeroDelay.xml
auto.tcl: Setting watchdog for 200 seconds at Fri Apr 19 04:05:09 UTC 2019
2 ms. Memory: 287744K Free: 276072K (96%)
ptolemy.util.test.WatchDog.cancel(): canceling Fri Apr 19 04:05:09 UTC 2019
auto.tcl: Setting watchdog for 200 seconds at Fri Apr 19 04:05:09 UTC 2019
2 ms. Memory: 287744K Free: 276072K (96%)
ptolemy.util.test.WatchDog.cancel(): canceling Fri Apr 19 04:05:09 UTC 2019
------------------ testing $PTII/ptolemy/domains/de/test/auto/TimerZeroDelay.xml
auto.tcl: Setting watchdog for 200 seconds at Fri Apr 19 04:05:09 UTC 2019
3 ms. Memory: 287232K Free: 275696K (96%)
ptolemy.util.test.WatchDog.cancel(): canceling Fri Apr 19 04:05:09 UTC 2019
auto.tcl: Setting watchdog for 200 seconds at Fri Apr 19 04:05:09 UTC 2019
2 ms. Memory: 287232K Free: 275696K (96%)
ptolemy.util.test.WatchDog.cancel(): canceling Fri Apr 19 04:05:09 UTC 2019
------------------ testing $PTII/ptolemy/domains/de/test/auto/TimingParadox.xml
auto.tcl: Setting watchdog for 200 seconds at Fri Apr 19 04:05:09 UTC 2019
356 ms. Memory: 287744K Free: 208906K (73%)
ptolemy.util.test.WatchDog.cancel(): canceling Fri Apr 19 04:05:10 UTC 2019
auto.tcl: Setting watchdog for 200 seconds at Fri Apr 19 04:05:10 UTC 2019
332 ms. Memory: 287744K Free: 171296K (60%)
ptolemy.util.test.WatchDog.cancel(): canceling Fri Apr 19 04:05:10 UTC 2019
------------------ testing $PTII/ptolemy/domains/de/test/auto/TransferInputs.xml
auto.tcl: Setting watchdog for 200 seconds at Fri Apr 19 04:05:10 UTC 2019
2 ms. Memory: 287744K Free: 275106K (96%)
ptolemy.util.test.WatchDog.cancel(): canceling Fri Apr 19 04:05:10 UTC 2019
auto.tcl: Setting watchdog for 200 seconds at Fri Apr 19 04:05:10 UTC 2019
1 ms. Memory: 287744K Free: 275106K (96%)
ptolemy.util.test.WatchDog.cancel(): canceling Fri Apr 19 04:05:10 UTC 2019
------------------ testing $PTII/ptolemy/domains/de/test/auto/TransferOutputs2.xml
auto.tcl: Setting watchdog for 200 seconds at Fri Apr 19 04:05:10 UTC 2019
2 ms. Memory: 287232K Free: 273135K (95%)
ptolemy.util.test.WatchDog.cancel(): canceling Fri Apr 19 04:05:10 UTC 2019
auto.tcl: Setting watchdog for 200 seconds at Fri Apr 19 04:05:10 UTC 2019
3 ms. Memory: 287232K Free: 270574K (94%)
ptolemy.util.test.WatchDog.cancel(): canceling Fri Apr 19 04:05:10 UTC 2019
------------------ testing $PTII/ptolemy/domains/de/test/auto/Trilateration.xml
auto.tcl: Setting watchdog for 200 seconds at Fri Apr 19 04:05:10 UTC 2019
14659 ms. Memory: 759296K Free: 656032K (86%)
ptolemy.util.test.WatchDog.cancel(): canceling Fri Apr 19 04:05:26 UTC 2019
auto.tcl: Setting watchdog for 200 seconds at Fri Apr 19 04:05:26 UTC 2019
10887 ms. Memory: 639488K Free: 476724K (75%)
ptolemy.util.test.WatchDog.cancel(): canceling Fri Apr 19 04:05:37 UTC 2019
------------------ testing $PTII/ptolemy/domains/de/test/auto/TwoSigmaDelta.xml
auto.tcl: Setting watchdog for 200 seconds at Fri Apr 19 04:05:37 UTC 2019
2792 ms. Memory: 643072K Free: 337980K (53%)
ptolemy.util.test.WatchDog.cancel(): canceling Fri Apr 19 04:05:40 UTC 2019
auto.tcl: Setting watchdog for 200 seconds at Fri Apr 19 04:05:40 UTC 2019
2072 ms. Memory: 643072K Free: 99420K (15%)
ptolemy.util.test.WatchDog.cancel(): canceling Fri Apr 19 04:05:42 UTC 2019
------------------ testing $PTII/ptolemy/domains/de/test/auto/VariableDelay.xml
auto.tcl: Setting watchdog for 200 seconds at Fri Apr 19 04:05:42 UTC 2019
3 ms. Memory: 640000K Free: 620893K (97%)
ptolemy.util.test.WatchDog.cancel(): canceling Fri Apr 19 04:05:42 UTC 2019
auto.tcl: Setting watchdog for 200 seconds at Fri Apr 19 04:05:42 UTC 2019
2 ms. Memory: 640000K Free: 620893K (97%)
ptolemy.util.test.WatchDog.cancel(): canceling Fri Apr 19 04:05:42 UTC 2019
------------------ testing $PTII/ptolemy/domains/de/test/auto/VariableDelay2.xml
auto.tcl: Setting watchdog for 200 seconds at Fri Apr 19 04:05:42 UTC 2019
3 ms. Memory: 639488K Free: 620808K (97%)
ptolemy.util.test.WatchDog.cancel(): canceling Fri Apr 19 04:05:42 UTC 2019
auto.tcl: Setting watchdog for 200 seconds at Fri Apr 19 04:05:42 UTC 2019
1 ms. Memory: 639488K Free: 620808K (97%)
ptolemy.util.test.WatchDog.cancel(): canceling Fri Apr 19 04:05:42 UTC 2019
------------------ testing $PTII/ptolemy/domains/de/test/auto/VariableDelayZeroDelay.xml
auto.tcl: Setting watchdog for 200 seconds at Fri Apr 19 04:05:42 UTC 2019
2 ms. Memory: 639488K Free: 615226K (96%)
ptolemy.util.test.WatchDog.cancel(): canceling Fri Apr 19 04:05:42 UTC 2019
auto.tcl: Setting watchdog for 200 seconds at Fri Apr 19 04:05:42 UTC 2019
2 ms. Memory: 639488K Free: 615226K (96%)
ptolemy.util.test.WatchDog.cancel(): canceling Fri Apr 19 04:05:42 UTC 2019
------------------ testing $PTII/ptolemy/domains/de/test/auto/VariableDelayZeroDelay2.xml
auto.tcl: Setting watchdog for 200 seconds at Fri Apr 19 04:05:42 UTC 2019
2 ms. Memory: 642048K Free: 617784K (96%)
ptolemy.util.test.WatchDog.cancel(): canceling Fri Apr 19 04:05:42 UTC 2019
auto.tcl: Setting watchdog for 200 seconds at Fri Apr 19 04:05:42 UTC 2019
1 ms. Memory: 642048K Free: 617784K (96%)
ptolemy.util.test.WatchDog.cancel(): canceling Fri Apr 19 04:05:42 UTC 2019
------------------ testing $PTII/ptolemy/domains/de/test/auto/deInCt.xml
auto.tcl: Setting watchdog for 200 seconds at Fri Apr 19 04:05:42 UTC 2019
0
1
1
1
1
0
0
1
1
1
1
0
0
0
1
1
1
0
0
0
1
1
1
0
0
0
1
1
0
0
0
1
1
1
0
0
0
0
1
1
1
1
1
1
19 ms. Memory: 639488K Free: 615208K (96%)
ptolemy.util.test.WatchDog.cancel(): canceling Fri Apr 19 04:05:42 UTC 2019
auto.tcl: Setting watchdog for 200 seconds at Fri Apr 19 04:05:42 UTC 2019
0
1
1
1
0
0
0
0
1
1
1
1
0
0
0
0
1
1
1
0
0
0
1
1
0
0
0
1
1
1
0
0
0
1
1
1
1
0
0
0
1
1
0
0
0
1
1
1
1
7 ms. Memory: 639488K Free: 615208K (96%)
ptolemy.util.test.WatchDog.cancel(): canceling Fri Apr 19 04:05:42 UTC 2019
------------------ testing $PTII/ptolemy/domains/de/test/auto/deInCt2.xml
auto.tcl: Setting watchdog for 200 seconds at Fri Apr 19 04:05:42 UTC 2019
0
1
1
1
0
0
1
1
1
0
0
1
1
1
0
0
1
1
1
0
0
1
1
1
0
0
1
1
1
0
0
1
1
1
0
0
1
1
1
0
0
0
6 ms. Memory: 642048K Free: 617767K (96%)
ptolemy.util.test.WatchDog.cancel(): canceling Fri Apr 19 04:05:42 UTC 2019
auto.tcl: Setting watchdog for 200 seconds at Fri Apr 19 04:05:42 UTC 2019
0
1
1
1
0
0
1
1
1
0
0
1
1
1
0
0
1
1
1
0
0
1
1
1
0
0
1
1
1
0
0
1
1
1
0
0
1
1
1
0
0
0
6 ms. Memory: 642048K Free: 617767K (96%)
ptolemy.util.test.WatchDog.cancel(): canceling Fri Apr 19 04:05:42 UTC 2019
------------------ testing $PTII/ptolemy/domains/de/test/auto/dynamicCausalityInterface1.xml
auto.tcl: Setting watchdog for 200 seconds at Fri Apr 19 04:05:42 UTC 2019
1 ms. Memory: 639488K Free: 612195K (96%)
ptolemy.util.test.WatchDog.cancel(): canceling Fri Apr 19 04:05:42 UTC 2019
auto.tcl: Setting watchdog for 200 seconds at Fri Apr 19 04:05:42 UTC 2019
1 ms. Memory: 639488K Free: 612195K (96%)
ptolemy.util.test.WatchDog.cancel(): canceling Fri Apr 19 04:05:42 UTC 2019
------------------ testing $PTII/ptolemy/domains/de/test/auto/fsm_de_test.xml
auto.tcl: Setting watchdog for 200 seconds at Fri Apr 19 04:05:42 UTC 2019
7 ms. Memory: 641536K Free: 617158K (96%)
ptolemy.util.test.WatchDog.cancel(): canceling Fri Apr 19 04:05:42 UTC 2019
auto.tcl: Setting watchdog for 200 seconds at Fri Apr 19 04:05:42 UTC 2019
8 ms. Memory: 641536K Free: 608556K (95%)
ptolemy.util.test.WatchDog.cancel(): canceling Fri Apr 19 04:05:42 UTC 2019
------------------ testing $PTII/ptolemy/domains/de/test/auto/functionDependencyReconstruction.xml
auto.tcl: Setting watchdog for 200 seconds at Fri Apr 19 04:05:42 UTC 2019
2 ms. Memory: 639488K Free: 606499K (95%)
ptolemy.util.test.WatchDog.cancel(): canceling Fri Apr 19 04:05:42 UTC 2019
auto.tcl: Setting watchdog for 200 seconds at Fri Apr 19 04:05:42 UTC 2019
3 ms. Memory: 639488K Free: 606499K (95%)
ptolemy.util.test.WatchDog.cancel(): canceling Fri Apr 19 04:05:42 UTC 2019
------------------ testing $PTII/ptolemy/domains/de/test/auto/multirate.xml
auto.tcl: Setting watchdog for 200 seconds at Fri Apr 19 04:05:42 UTC 2019
7 ms. Memory: 641536K Free: 622605K (97%)
ptolemy.util.test.WatchDog.cancel(): canceling Fri Apr 19 04:05:42 UTC 2019
auto.tcl: Setting watchdog for 200 seconds at Fri Apr 19 04:05:42 UTC 2019
4 ms. Memory: 641536K Free: 622605K (97%)
ptolemy.util.test.WatchDog.cancel(): canceling Fri Apr 19 04:05:42 UTC 2019
------------------ testing $PTII/ptolemy/domains/de/test/auto/multirate2.xml
auto.tcl: Setting watchdog for 200 seconds at Fri Apr 19 04:05:42 UTC 2019
8 ms. Memory: 639488K Free: 615164K (96%)
ptolemy.util.test.WatchDog.cancel(): canceling Fri Apr 19 04:05:43 UTC 2019
auto.tcl: Setting watchdog for 200 seconds at Fri Apr 19 04:05:43 UTC 2019
3 ms. Memory: 639488K Free: 615164K (96%)
ptolemy.util.test.WatchDog.cancel(): canceling Fri Apr 19 04:05:43 UTC 2019
------------------ testing $PTII/ptolemy/domains/de/test/auto/realtime.xml
auto.tcl: Setting watchdog for 200 seconds at Fri Apr 19 04:05:43 UTC 2019
10001 ms. Memory: 641024K Free: 616685K (96%)
ptolemy.util.test.WatchDog.cancel(): canceling Fri Apr 19 04:05:53 UTC 2019
auto.tcl: Setting watchdog for 200 seconds at Fri Apr 19 04:05:53 UTC 2019
10001 ms. Memory: 641024K Free: 616685K (96%)
ptolemy.util.test.WatchDog.cancel(): canceling Fri Apr 19 04:06:03 UTC 2019
------------------ testing $PTII/ptolemy/domains/de/test/auto/relationGroup.xml
auto.tcl: Setting watchdog for 200 seconds at Fri Apr 19 04:06:03 UTC 2019
10 ms. Memory: 639488K Free: 615187K (96%)
ptolemy.util.test.WatchDog.cancel(): canceling Fri Apr 19 04:06:03 UTC 2019
auto.tcl: Setting watchdog for 200 seconds at Fri Apr 19 04:06:03 UTC 2019
2 ms. Memory: 639488K Free: 615187K (96%)
ptolemy.util.test.WatchDog.cancel(): canceling Fri Apr 19 04:06:03 UTC 2019
------------------ testing $PTII/ptolemy/domains/de/test/auto/relationGroup2.xml
auto.tcl: Setting watchdog for 200 seconds at Fri Apr 19 04:06:03 UTC 2019
2 ms. Memory: 641024K Free: 616750K (96%)
ptolemy.util.test.WatchDog.cancel(): canceling Fri Apr 19 04:06:03 UTC 2019
auto.tcl: Setting watchdog for 200 seconds at Fri Apr 19 04:06:03 UTC 2019
2 ms. Memory: 641024K Free: 616750K (96%)
ptolemy.util.test.WatchDog.cancel(): canceling Fri Apr 19 04:06:03 UTC 2019
------------------ testing $PTII/ptolemy/domains/de/test/auto/sortWithOpaquePorts.xml
auto.tcl: Setting watchdog for 200 seconds at Fri Apr 19 04:06:03 UTC 2019
2 ms. Memory: 639488K Free: 615215K (96%)
ptolemy.util.test.WatchDog.cancel(): canceling Fri Apr 19 04:06:03 UTC 2019
auto.tcl: Setting watchdog for 200 seconds at Fri Apr 19 04:06:03 UTC 2019
2 ms. Memory: 639488K Free: 615215K (96%)
ptolemy.util.test.WatchDog.cancel(): canceling Fri Apr 19 04:06:03 UTC 2019
------------------ testing $PTII/ptolemy/domains/de/test/auto/transferInputsandOutputs.xml
auto.tcl: Setting watchdog for 200 seconds at Fri Apr 19 04:06:03 UTC 2019
3 ms. Memory: 640512K Free: 616225K (96%)
ptolemy.util.test.WatchDog.cancel(): canceling Fri Apr 19 04:06:03 UTC 2019
auto.tcl: Setting watchdog for 200 seconds at Fri Apr 19 04:06:03 UTC 2019
3 ms. Memory: 640512K Free: 616225K (96%)
ptolemy.util.test.WatchDog.cancel(): canceling Fri Apr 19 04:06:03 UTC 2019
------------------ testing $PTII/ptolemy/domains/de/test/auto/triggerType.xml
auto.tcl: Setting watchdog for 200 seconds at Fri Apr 19 04:06:03 UTC 2019
2 ms. Memory: 639488K Free: 615152K (96%)
ptolemy.util.test.WatchDog.cancel(): canceling Fri Apr 19 04:06:03 UTC 2019
auto.tcl: Setting watchdog for 200 seconds at Fri Apr 19 04:06:03 UTC 2019
1 ms. Memory: 639488K Free: 615152K (96%)
ptolemy.util.test.WatchDog.cancel(): canceling Fri Apr 19 04:06:03 UTC 2019
04/19/19 04:06:03
Failed: 0  Total Tests: 192  ((Passed: 187, Newly Passed: 1)  Known Failed: 5) /home/travis/build/icyphy/ptII/ptolemy/domains/de/test
04/19/19 04:06:03
Failed: 0  Total Tests: 192  ((Passed: 187, Newly Passed: 1)  Known Failed: 5) /home/travis/build/icyphy/ptII/ptolemy/domains/de/test
----------------- testing (KnownFailure) /home/travis/build/icyphy/ptII/ptolemy/domains/de/test/auto/knownFailedTests/DESDFClockTest.xml
2012 ms. Memory: 640512K Free: 605054K (94%)
Known Failure: java.lang.reflect.InvocationTargetException
----------------- testing (KnownFailure) /home/travis/build/icyphy/ptII/ptolemy/domains/de/test/auto/knownFailedTests/DirectFeedback.xml
2 ms. Memory: 640512K Free: 560408K (87%)
Known Failure: java.lang.reflect.InvocationTargetException
----------------- testing (KnownFailure) /home/travis/build/icyphy/ptII/ptolemy/domains/de/test/auto/knownFailedTests/FSMSource.xml
6 ms. Memory: 640512K Free: 515761K (81%)
----------------- testing (KnownFailure) /home/travis/build/icyphy/ptII/ptolemy/domains/de/test/auto/knownFailedTests/HierarchicalModel.xml
3 ms. Memory: 640512K Free: 482260K (75%)
Known Failure: java.lang.reflect.InvocationTargetException
----------------- testing (KnownFailure) /home/travis/build/icyphy/ptII/ptolemy/domains/de/test/auto/knownFailedTests/dependencyLoop.xml
2 ms. Memory: 640512K Free: 426452K (67%)
Known Failure: java.lang.reflect.InvocationTargetException
----------------- testing (KnownFailure) /home/travis/build/icyphy/ptII/ptolemy/domains/de/test/auto/knownFailedTests/dependencyLoop2.xml
3 ms. Memory: 640512K Free: 370636K (58%)
Known Failure: java.lang.reflect.InvocationTargetException
No auto/linux-amd64/*.xml tests in /home/travis/build/icyphy/ptII/ptolemy/domains/de/test
AutoTests.java: About to close Vertx.
AutoTests.java: Vertx closed.

===========================================================================================
----------------- testing Fri Apr 19 04:06:05 UTC 2019 /home/travis/build/icyphy/ptII/ptolemy/domains/de/test/auto/ActorDepthCalculation_actorWithoutPorts.xml
----------------- Instantiating /home/travis/build/icyphy/ptII/ptolemy/domains/de/test/auto/ActorDepthCalculation_actorWithoutPorts.xml
2 ms. Memory: 640512K Free: 314827K (49%)
----------------- Invoking toplevel() on ptolemy.moml.MoMLSimpleApplication@6b320884
----------------- Done invoking toplevel() on ptolemy.moml.MoMLSimpleApplication@6b320884
reloadAllAccessors: .ActorDepthCalculation_actorWithoutPorts

===========================================================================================
----------------- testing Fri Apr 19 04:06:05 UTC 2019 /home/travis/build/icyphy/ptII/ptolemy/domains/de/test/auto/AssemblyLine.xml
----------------- Instantiating /home/travis/build/icyphy/ptII/ptolemy/domains/de/test/auto/AssemblyLine.xml
2 ms. Memory: 640512K Free: 292504K (46%)
----------------- Invoking toplevel() on ptolemy.moml.MoMLSimpleApplication@19a7c181
----------------- Done invoking toplevel() on ptolemy.moml.MoMLSimpleApplication@19a7c181
reloadAllAccessors: .AssemblyLine

===========================================================================================
----------------- testing Fri Apr 19 04:06:05 UTC 2019 /home/travis/build/icyphy/ptII/ptolemy/domains/de/test/auto/CQBug1.xml
----------------- Instantiating /home/travis/build/icyphy/ptII/ptolemy/domains/de/test/auto/CQBug1.xml
1 ms. Memory: 640512K Free: 270181K (42%)
----------------- Invoking toplevel() on ptolemy.moml.MoMLSimpleApplication@61bd345f
----------------- Done invoking toplevel() on ptolemy.moml.MoMLSimpleApplication@61bd345f
reloadAllAccessors: .CQBug1

===========================================================================================
----------------- testing Fri Apr 19 04:06:05 UTC 2019 /home/travis/build/icyphy/ptII/ptolemy/domains/de/test/auto/CancelFireAt.xml
----------------- Instantiating /home/travis/build/icyphy/ptII/ptolemy/domains/de/test/auto/CancelFireAt.xml
2 ms. Memory: 640512K Free: 247858K (39%)
----------------- Invoking toplevel() on ptolemy.moml.MoMLSimpleApplication@45d4fb95
----------------- Done invoking toplevel() on ptolemy.moml.MoMLSimpleApplication@45d4fb95
reloadAllAccessors: .CancelFireAt

===========================================================================================
----------------- testing Fri Apr 19 04:06:05 UTC 2019 /home/travis/build/icyphy/ptII/ptolemy/domains/de/test/auto/CausalityAndComposabilityAnalysis.xml
----------------- Instantiating /home/travis/build/icyphy/ptII/ptolemy/domains/de/test/auto/CausalityAndComposabilityAnalysis.xml
2 ms. Memory: 640512K Free: 225534K (35%)
----------------- Invoking toplevel() on ptolemy.moml.MoMLSimpleApplication@5df6f043
----------------- Done invoking toplevel() on ptolemy.moml.MoMLSimpleApplication@5df6f043
reloadAllAccessors: .CausalityAndComposabilityAnalysis

===========================================================================================
----------------- testing Fri Apr 19 04:06:05 UTC 2019 /home/travis/build/icyphy/ptII/ptolemy/domains/de/test/auto/CausalityInterface1.xml
----------------- Instantiating /home/travis/build/icyphy/ptII/ptolemy/domains/de/test/auto/CausalityInterface1.xml
5 ms. Memory: 640512K Free: 203211K (32%)
----------------- Invoking toplevel() on ptolemy.moml.MoMLSimpleApplication@561d4154
----------------- Done invoking toplevel() on ptolemy.moml.MoMLSimpleApplication@561d4154
reloadAllAccessors: .CausalityInterface1

===========================================================================================
----------------- testing Fri Apr 19 04:06:05 UTC 2019 /home/travis/build/icyphy/ptII/ptolemy/domains/de/test/auto/CausalityInterface15.xml
----------------- Instantiating /home/travis/build/icyphy/ptII/ptolemy/domains/de/test/auto/CausalityInterface15.xml
2 ms. Memory: 640512K Free: 180888K (28%)
----------------- Invoking toplevel() on ptolemy.moml.MoMLSimpleApplication@6f8adf1f
----------------- Done invoking toplevel() on ptolemy.moml.MoMLSimpleApplication@6f8adf1f
reloadAllAccessors: .CausalityInterface15

[...]
java.lang.RuntimeException: Execution failed
	at ptolemy.moml.MoMLSimpleApplication$UnloadThread.run(MoMLSimpleApplication.java:402)
Caused by: ptolemy.kernel.util.IllegalActionException: Test fails in iteration 1.
Value was: 1.0. Should have been: 2.0
  in .DirectFeedback.Test
	at ptolemy.actor.lib.Test.fire(Test.java:268)
	at ptolemy.domains.de.kernel.DEDirector._fire(DEDirector.java:1949)
	at ptolemy.domains.de.kernel.DEDirector.fire(DEDirector.java:502)
	at ptolemy.actor.CompositeActor.fire(CompositeActor.java:455)
	at ptolemy.actor.Manager.iterate(Manager.java:851)
	at ptolemy.actor.Manager.execute(Manager.java:369)
	at ptolemy.actor.Manager.run(Manager.java:1263)
	at ptolemy.actor.Manager$PtolemyRunThread.run(Manager.java:1915)
java.lang.RuntimeException: Execution failed
	at ptolemy.moml.MoMLSimpleApplication$UnloadThread.run(MoMLSimpleApplication.java:402)
Caused by: ptolemy.kernel.util.IllegalActionException: Actor is not ready to fire.  Perhaps UpSample.prefire() returned false? Try debugging the actor by selecting "Listen to Actor".  Also, for SDF check moml for tokenConsumptionRate on input.
  in .DESDFClockTest.Play Bell.Copy1:SDF Director and .DESDFClockTest.Play Bell.UpSample
	at ptolemy.actor.sched.StaticSchedulingDirector.fire(StaticSchedulingDirector.java:227)
	at ptolemy.domains.sdf.kernel.SDFDirector.fire(SDFDirector.java:500)
	at ptolemy.actor.CompositeActor.fire(CompositeActor.java:455)
	at ptolemy.domains.de.kernel.DEDirector._fire(DEDirector.java:1949)
	at ptolemy.domains.de.kernel.DEDirector.fire(DEDirector.java:502)
	at ptolemy.actor.CompositeActor.fire(CompositeActor.java:455)
	at ptolemy.actor.Manager.iterate(Manager.java:851)
	at ptolemy.actor.Manager.execute(Manager.java:369)
	at ptolemy.actor.Manager.run(Manager.java:1263)
	at ptolemy.actor.Manager$PtolemyRunThread.run(Manager.java:1915)
java.lang.reflect.InvocationTargetException
	at sun.reflect.NativeConstructorAccessorImpl.newInstance0(Native Method)
	at sun.reflect.NativeConstructorAccessorImpl.newInstance(NativeConstructorAccessorImpl.java:62)
	at sun.reflect.DelegatingConstructorAccessorImpl.newInstance(DelegatingConstructorAccessorImpl.java:45)
	at java.lang.reflect.Constructor.newInstance(Constructor.java:423)
	at ptolemy.util.test.junit.AutoKnownFailedTests.RunModel(AutoKnownFailedTests.java:105)
	at sun.reflect.NativeMethodAccessorImpl.invoke0(Native Method)
	at sun.reflect.NativeMethodAccessorImpl.invoke(NativeMethodAccessorImpl.java:62)
	at sun.reflect.DelegatingMethodAccessorImpl.invoke(DelegatingMethodAccessorImpl.java:43)
	at java.lang.reflect.Method.invoke(Method.java:498)
	at org.junit.runners.model.FrameworkMethod$1.runReflectiveCall(FrameworkMethod.java:44)
	at org.junit.internal.runners.model.ReflectiveCallable.run(ReflectiveCallable.java:15)
	at org.junit.runners.model.FrameworkMethod.invokeExplosively(FrameworkMethod.java:41)
	at junitparams.internal.InvokeParameterisedMethod.evaluate(InvokeParameterisedMethod.java:102)
	at org.junit.internal.runners.statements.FailOnTimeout$1.run(FailOnTimeout.java:28)
Caused by: ptolemy.kernel.util.IllegalActionException: Actor is not ready to fire.  Perhaps UpSample.prefire() returned false? Try debugging the actor by selecting "Listen to Actor".  Also, for SDF check moml for tokenConsumptionRate on input.
  in .DESDFClockTest.Play Bell.Copy1:SDF Director and .DESDFClockTest.Play Bell.UpSample
	at ptolemy.actor.sched.StaticSchedulingDirector.fire(StaticSchedulingDirector.java:227)
	at ptolemy.domains.sdf.kernel.SDFDirector.fire(SDFDirector.java:500)
	at ptolemy.actor.CompositeActor.fire(CompositeActor.java:455)
	at ptolemy.domains.de.kernel.DEDirector._fire(DEDirector.java:1949)
	at ptolemy.domains.de.kernel.DEDirector.fire(DEDirector.java:502)
	at ptolemy.actor.CompositeActor.fire(CompositeActor.java:455)
	at ptolemy.actor.Manager.iterate(Manager.java:851)
	at ptolemy.actor.Manager.execute(Manager.java:369)
	at ptolemy.actor.Manager.run(Manager.java:1263)
	at ptolemy.actor.Manager$PtolemyRunThread.run(Manager.java:1915)
java.lang.RuntimeException: Execution failed
	at ptolemy.moml.MoMLSimpleApplication$UnloadThread.run(MoMLSimpleApplication.java:402)
Caused by: ptolemy.kernel.util.IllegalActionException: Test fails in iteration 1.
Value was: 1.0. Should have been: 2.0
  in .DirectFeedback.Test
	at ptolemy.actor.lib.Test.fire(Test.java:268)
	at ptolemy.domains.de.kernel.DEDirector._fire(DEDirector.java:1949)
	at ptolemy.domains.de.kernel.DEDirector.fire(DEDirector.java:502)
	at ptolemy.actor.CompositeActor.fire(CompositeActor.java:455)
	at ptolemy.actor.Manager.iterate(Manager.java:851)
	at ptolemy.actor.Manager.execute(Manager.java:369)
	at ptolemy.actor.Manager.run(Manager.java:1263)
	at ptolemy.actor.Manager$PtolemyRunThread.run(Manager.java:1915)
java.lang.reflect.InvocationTargetException
	at sun.reflect.NativeConstructorAccessorImpl.newInstance0(Native Method)
	at sun.reflect.NativeConstructorAccessorImpl.newInstance(NativeConstructorAccessorImpl.java:62)
	at sun.reflect.DelegatingConstructorAccessorImpl.newInstance(DelegatingConstructorAccessorImpl.java:45)
	at java.lang.reflect.Constructor.newInstance(Constructor.java:423)
	at ptolemy.util.test.junit.AutoKnownFailedTests.RunModel(AutoKnownFailedTests.java:105)
	at sun.reflect.NativeMethodAccessorImpl.invoke0(Native Method)
	at sun.reflect.NativeMethodAccessorImpl.invoke(NativeMethodAccessorImpl.java:62)
	at sun.reflect.DelegatingMethodAccessorImpl.invoke(DelegatingMethodAccessorImpl.java:43)
	at java.lang.reflect.Method.invoke(Method.java:498)
	at org.junit.runners.model.FrameworkMethod$1.runReflectiveCall(FrameworkMethod.java:44)
	at org.junit.internal.runners.model.ReflectiveCallable.run(ReflectiveCallable.java:15)
	at org.junit.runners.model.FrameworkMethod.invokeExplosively(FrameworkMethod.java:41)
	at junitparams.internal.InvokeParameterisedMethod.evaluate(InvokeParameterisedMethod.java:102)
	at org.junit.internal.runners.statements.FailOnTimeout$1.run(FailOnTimeout.java:28)
Caused by: ptolemy.kernel.util.IllegalActionException: Test fails in iteration 1.
Value was: 1.0. Should have been: 2.0
  in .DirectFeedback.Test
	at ptolemy.actor.lib.Test.fire(Test.java:268)
	at ptolemy.domains.de.kernel.DEDirector._fire(DEDirector.java:1949)
	at ptolemy.domains.de.kernel.DEDirector.fire(DEDirector.java:502)
	at ptolemy.actor.CompositeActor.fire(CompositeActor.java:455)
	at ptolemy.actor.Manager.iterate(Manager.java:851)
	at ptolemy.actor.Manager.execute(Manager.java:369)
	at ptolemy.actor.Manager.run(Manager.java:1263)
	at ptolemy.actor.Manager$PtolemyRunThread.run(Manager.java:1915)
java.lang.RuntimeException: Execution failed
	at ptolemy.moml.MoMLSimpleApplication$UnloadThread.run(MoMLSimpleApplication.java:402)
Caused by: ptolemy.kernel.util.IllegalActionException: Found a zero delay loop containing .HierarchicalModel.A
  in .HierarchicalModel and .HierarchicalModel.A
	at ptolemy.actor.util.CausalityInterfaceForComposites._computeOutputPortDepth(CausalityInterfaceForComposites.java:759)
	at ptolemy.actor.util.CausalityInterfaceForComposites._computeInputDepth(CausalityInterfaceForComposites.java:696)
	at ptolemy.actor.util.CausalityInterfaceForComposites._computeOutputPortDepth(CausalityInterfaceForComposites.java:765)
	at ptolemy.actor.util.CausalityInterfaceForComposites._computeInputDepth(CausalityInterfaceForComposites.java:696)
	at ptolemy.actor.util.CausalityInterfaceForComposites._computeOutputPortDepth(CausalityInterfaceForComposites.java:765)
	at ptolemy.actor.util.CausalityInterfaceForComposites._computeInputDepth(CausalityInterfaceForComposites.java:696)
	at ptolemy.actor.util.CausalityInterfaceForComposites._computeActorDepth(CausalityInterfaceForComposites.java:532)
	at ptolemy.actor.util.CausalityInterfaceForComposites.checkForCycles(CausalityInterfaceForComposites.java:96)
	at ptolemy.domains.de.kernel.DEDirector.preinitialize(DEDirector.java:1338)
	at ptolemy.actor.CompositeActor.preinitialize(CompositeActor.java:1828)
	at ptolemy.actor.Manager.preinitializeAndResolveTypes(Manager.java:1040)
	at ptolemy.actor.Manager.initialize(Manager.java:710)
	at ptolemy.actor.Manager.execute(Manager.java:356)
	at ptolemy.actor.Manager.run(Manager.java:1263)
	at ptolemy.actor.Manager$PtolemyRunThread.run(Manager.java:1915)
java.lang.reflect.InvocationTargetException
	at sun.reflect.NativeConstructorAccessorImpl.newInstance0(Native Method)
	at sun.reflect.NativeConstructorAccessorImpl.newInstance(NativeConstructorAccessorImpl.java:62)
	at sun.reflect.DelegatingConstructorAccessorImpl.newInstance(DelegatingConstructorAccessorImpl.java:45)
	at java.lang.reflect.Constructor.newInstance(Constructor.java:423)
	at ptolemy.util.test.junit.AutoKnownFailedTests.RunModel(AutoKnownFailedTests.java:105)
	at sun.reflect.NativeMethodAccessorImpl.invoke0(Native Method)
	at sun.reflect.NativeMethodAccessorImpl.invoke(NativeMethodAccessorImpl.java:62)
	at sun.reflect.DelegatingMethodAccessorImpl.invoke(DelegatingMethodAccessorImpl.java:43)
	at java.lang.reflect.Method.invoke(Method.java:498)
	at org.junit.runners.model.FrameworkMethod$1.runReflectiveCall(FrameworkMethod.java:44)
	at org.junit.internal.runners.model.ReflectiveCallable.run(ReflectiveCallable.java:15)
	at org.junit.runners.model.FrameworkMethod.invokeExplosively(FrameworkMethod.java:41)
	at junitparams.internal.InvokeParameterisedMethod.evaluate(InvokeParameterisedMethod.java:102)
	at org.junit.internal.runners.statements.FailOnTimeout$1.run(FailOnTimeout.java:28)
Caused by: ptolemy.kernel.util.IllegalActionException: Found a zero delay loop containing .HierarchicalModel.A
  in .HierarchicalModel and .HierarchicalModel.A
	at ptolemy.actor.util.CausalityInterfaceForComposites._computeOutputPortDepth(CausalityInterfaceForComposites.java:759)
	at ptolemy.actor.util.CausalityInterfaceForComposites._computeInputDepth(CausalityInterfaceForComposites.java:696)
	at ptolemy.actor.util.CausalityInterfaceForComposites._computeOutputPortDepth(CausalityInterfaceForComposites.java:765)
	at ptolemy.actor.util.CausalityInterfaceForComposites._computeInputDepth(CausalityInterfaceForComposites.java:696)
	at ptolemy.actor.util.CausalityInterfaceForComposites._computeOutputPortDepth(CausalityInterfaceForComposites.java:765)
	at ptolemy.actor.util.CausalityInterfaceForComposites._computeInputDepth(CausalityInterfaceForComposites.java:696)
	at ptolemy.actor.util.CausalityInterfaceForComposites._computeActorDepth(CausalityInterfaceForComposites.java:532)
	at ptolemy.actor.util.CausalityInterfaceForComposites.checkForCycles(CausalityInterfaceForComposites.java:96)
	at ptolemy.domains.de.kernel.DEDirector.preinitialize(DEDirector.java:1338)
	at ptolemy.actor.CompositeActor.preinitialize(CompositeActor.java:1828)
	at ptolemy.actor.Manager.preinitializeAndResolveTypes(Manager.java:1040)
	at ptolemy.actor.Manager.initialize(Manager.java:710)
	at ptolemy.actor.Manager.execute(Manager.java:356)
	at ptolemy.actor.Manager.run(Manager.java:1263)
	at ptolemy.actor.Manager$PtolemyRunThread.run(Manager.java:1915)
java.lang.RuntimeException: Execution failed
	at ptolemy.moml.MoMLSimpleApplication$UnloadThread.run(MoMLSimpleApplication.java:402)
Caused by: ptolemy.kernel.util.IllegalActionException: Found a zero delay loop containing .dependencyLoop.original
  in .dependencyLoop and .dependencyLoop.original
	at ptolemy.actor.util.CausalityInterfaceForComposites._computeOutputPortDepth(CausalityInterfaceForComposites.java:759)
	at ptolemy.actor.util.CausalityInterfaceForComposites._computeInputDepth(CausalityInterfaceForComposites.java:696)
	at ptolemy.actor.util.CausalityInterfaceForComposites._computeOutputPortDepth(CausalityInterfaceForComposites.java:765)
	at ptolemy.actor.util.CausalityInterfaceForComposites._computeInputDepth(CausalityInterfaceForComposites.java:696)
	at ptolemy.actor.util.CausalityInterfaceForComposites._computeOutputPortDepth(CausalityInterfaceForComposites.java:765)
	at ptolemy.actor.util.CausalityInterfaceForComposites._computeInputDepth(CausalityInterfaceForComposites.java:696)
	at ptolemy.actor.util.CausalityInterfaceForComposites._computeActorDepth(CausalityInterfaceForComposites.java:532)
	at ptolemy.actor.util.CausalityInterfaceForComposites.checkForCycles(CausalityInterfaceForComposites.java:96)
	at ptolemy.domains.de.kernel.DEDirector.preinitialize(DEDirector.java:1338)
	at ptolemy.actor.CompositeActor.preinitialize(CompositeActor.java:1828)
	at ptolemy.actor.Manager.preinitializeAndResolveTypes(Manager.java:1040)
	at ptolemy.actor.Manager.initialize(Manager.java:710)
	at ptolemy.actor.Manager.execute(Manager.java:356)
	at ptolemy.actor.Manager.run(Manager.java:1263)
	at ptolemy.actor.Manager$PtolemyRunThread.run(Manager.java:1915)
java.lang.reflect.InvocationTargetException
	at sun.reflect.NativeConstructorAccessorImpl.newInstance0(Native Method)
	at sun.reflect.NativeConstructorAccessorImpl.newInstance(NativeConstructorAccessorImpl.java:62)
	at sun.reflect.DelegatingConstructorAccessorImpl.newInstance(DelegatingConstructorAccessorImpl.java:45)
	at java.lang.reflect.Constructor.newInstance(Constructor.java:423)
	at ptolemy.util.test.junit.AutoKnownFailedTests.RunModel(AutoKnownFailedTests.java:105)
	at sun.reflect.NativeMethodAccessorImpl.invoke0(Native Method)
	at sun.reflect.NativeMethodAccessorImpl.invoke(NativeMethodAccessorImpl.java:62)
	at sun.reflect.DelegatingMethodAccessorImpl.invoke(DelegatingMethodAccessorImpl.java:43)
	at java.lang.reflect.Method.invoke(Method.java:498)
	at org.junit.runners.model.FrameworkMethod$1.runReflectiveCall(FrameworkMethod.java:44)
	at org.junit.internal.runners.model.ReflectiveCallable.run(ReflectiveCallable.java:15)
	at org.junit.runners.model.FrameworkMethod.invokeExplosively(FrameworkMethod.java:41)
	at junitparams.internal.InvokeParameterisedMethod.evaluate(InvokeParameterisedMethod.java:102)
	at org.junit.internal.runners.statements.FailOnTimeout$1.run(FailOnTimeout.java:28)
Caused by: ptolemy.kernel.util.IllegalActionException: Found a zero delay loop containing .dependencyLoop.original
  in .dependencyLoop and .dependencyLoop.original
	at ptolemy.actor.util.CausalityInterfaceForComposites._computeOutputPortDepth(CausalityInterfaceForComposites.java:759)
	at ptolemy.actor.util.CausalityInterfaceForComposites._computeInputDepth(CausalityInterfaceForComposites.java:696)
	at ptolemy.actor.util.CausalityInterfaceForComposites._computeOutputPortDepth(CausalityInterfaceForComposites.java:765)
	at ptolemy.actor.util.CausalityInterfaceForComposites._computeInputDepth(CausalityInterfaceForComposites.java:696)
	at ptolemy.actor.util.CausalityInterfaceForComposites._computeOutputPortDepth(CausalityInterfaceForComposites.java:765)
	at ptolemy.actor.util.CausalityInterfaceForComposites._computeInputDepth(CausalityInterfaceForComposites.java:696)
	at ptolemy.actor.util.CausalityInterfaceForComposites._computeActorDepth(CausalityInterfaceForComposites.java:532)
	at ptolemy.actor.util.CausalityInterfaceForComposites.checkForCycles(CausalityInterfaceForComposites.java:96)
	at ptolemy.domains.de.kernel.DEDirector.preinitialize(DEDirector.java:1338)
	at ptolemy.actor.CompositeActor.preinitialize(CompositeActor.java:1828)
	at ptolemy.actor.Manager.preinitializeAndResolveTypes(Manager.java:1040)
	at ptolemy.actor.Manager.initialize(Manager.java:710)
	at ptolemy.actor.Manager.execute(Manager.java:356)
	at ptolemy.actor.Manager.run(Manager.java:1263)
	at ptolemy.actor.Manager$PtolemyRunThread.run(Manager.java:1915)
java.lang.RuntimeException: Execution failed
	at ptolemy.moml.MoMLSimpleApplication$UnloadThread.run(MoMLSimpleApplication.java:402)
Caused by: ptolemy.kernel.util.IllegalActionException: Found a zero delay loop containing .dependencyLoop2.original
  in .dependencyLoop2 and .dependencyLoop2.original
	at ptolemy.actor.util.CausalityInterfaceForComposites._computeOutputPortDepth(CausalityInterfaceForComposites.java:759)
	at ptolemy.actor.util.CausalityInterfaceForComposites._computeInputDepth(CausalityInterfaceForComposites.java:696)
	at ptolemy.actor.util.CausalityInterfaceForComposites._computeOutputPortDepth(CausalityInterfaceForComposites.java:765)
	at ptolemy.actor.util.CausalityInterfaceForComposites._computeInputDepth(CausalityInterfaceForComposites.java:696)
	at ptolemy.actor.util.CausalityInterfaceForComposites._computeOutputPortDepth(CausalityInterfaceForComposites.java:765)
	at ptolemy.actor.util.CausalityInterfaceForComposites._computeInputDepth(CausalityInterfaceForComposites.java:696)
	at ptolemy.actor.util.CausalityInterfaceForComposites._computeActorDepth(CausalityInterfaceForComposites.java:532)
	at ptolemy.actor.util.CausalityInterfaceForComposites.checkForCycles(CausalityInterfaceForComposites.java:96)
	at ptolemy.domains.de.kernel.DEDirector.preinitialize(DEDirector.java:1338)
	at ptolemy.actor.CompositeActor.preinitialize(CompositeActor.java:1828)
	at ptolemy.actor.Manager.preinitializeAndResolveTypes(Manager.java:1040)
	at ptolemy.actor.Manager.initialize(Manager.java:710)
	at ptolemy.actor.Manager.execute(Manager.java:356)
	at ptolemy.actor.Manager.run(Manager.java:1263)
	at ptolemy.actor.Manager$PtolemyRunThread.run(Manager.java:1915)
java.lang.reflect.InvocationTargetException
	at sun.reflect.NativeConstructorAccessorImpl.newInstance0(Native Method)
	at sun.reflect.NativeConstructorAccessorImpl.newInstance(NativeConstructorAccessorImpl.java:62)
	at sun.reflect.DelegatingConstructorAccessorImpl.newInstance(DelegatingConstructorAccessorImpl.java:45)
	at java.lang.reflect.Constructor.newInstance(Constructor.java:423)
	at ptolemy.util.test.junit.AutoKnownFailedTests.RunModel(AutoKnownFailedTests.java:105)
	at sun.reflect.NativeMethodAccessorImpl.invoke0(Native Method)
	at sun.reflect.NativeMethodAccessorImpl.invoke(NativeMethodAccessorImpl.java:62)
	at sun.reflect.DelegatingMethodAccessorImpl.invoke(DelegatingMethodAccessorImpl.java:43)
	at java.lang.reflect.Method.invoke(Method.java:498)
	at org.junit.runners.model.FrameworkMethod$1.runReflectiveCall(FrameworkMethod.java:44)
	at org.junit.internal.runners.model.ReflectiveCallable.run(ReflectiveCallable.java:15)
	at org.junit.runners.model.FrameworkMethod.invokeExplosively(FrameworkMethod.java:41)
	at junitparams.internal.InvokeParameterisedMethod.evaluate(InvokeParameterisedMethod.java:102)
	at org.junit.internal.runners.statements.FailOnTimeout$1.run(FailOnTimeout.java:28)
Caused by: ptolemy.kernel.util.IllegalActionException: Found a zero delay loop containing .dependencyLoop2.original
  in .dependencyLoop2 and .dependencyLoop2.original
	at ptolemy.actor.util.CausalityInterfaceForComposites._computeOutputPortDepth(CausalityInterfaceForComposites.java:759)
	at ptolemy.actor.util.CausalityInterfaceForComposites._computeInputDepth(CausalityInterfaceForComposites.java:696)
	at ptolemy.actor.util.CausalityInterfaceForComposites._computeOutputPortDepth(CausalityInterfaceForComposites.java:765)
	at ptolemy.actor.util.CausalityInterfaceForComposites._computeInputDepth(CausalityInterfaceForComposites.java:696)
	at ptolemy.actor.util.CausalityInterfaceForComposites._computeOutputPortDepth(CausalityInterfaceForComposites.java:765)
	at ptolemy.actor.util.CausalityInterfaceForComposites._computeInputDepth(CausalityInterfaceForComposites.java:696)
	at ptolemy.actor.util.CausalityInterfaceForComposites._computeActorDepth(CausalityInterfaceForComposites.java:532)
	at ptolemy.actor.util.CausalityInterfaceForComposites.checkForCycles(CausalityInterfaceForComposites.java:96)
	at ptolemy.domains.de.kernel.DEDirector.preinitialize(DEDirector.java:1338)
	at ptolemy.actor.CompositeActor.preinitialize(CompositeActor.java:1828)
	at ptolemy.actor.Manager.preinitializeAndResolveTypes(Manager.java:1040)
	at ptolemy.actor.Manager.initialize(Manager.java:710)
	at ptolemy.actor.Manager.execute(Manager.java:356)
	at ptolemy.actor.Manager.run(Manager.java:1263)
	at ptolemy.actor.Manager$PtolemyRunThread.run(Manager.java:1915)
]]></system-err>
</testsuite>
