<?xml version="1.0" encoding="UTF-8" ?>
<testsuite errors="0" failures="0" hostname="travis-job-8cf7d8a8-044a-425b-bfc3-b881aefbf8db" name="ptolemy.vergil.basic.export.test.junit.ExportModelJUnitTestBatch2" skipped="0" tests="50" time="1234.568" timestamp="2018-12-09T03:13:22">
  <properties>
[...]
</properties>
  <testcase classname="ptolemy.vergil.basic.export.test.junit.ExportModelJUnitTestBatch2" name="[0] ptolemy/actor/lib/jai/demo/AdaptiveMedian/AdaptiveMedian.xml (RunExportModel)" time="8.341" />
  <testcase classname="ptolemy.vergil.basic.export.test.junit.ExportModelJUnitTestBatch2" name="[1] ptolemy/actor/lib/jai/demo/ImageReconstruction/ImageReconstruction.xml (RunExportModel)" time="4.779" />
  <testcase classname="ptolemy.vergil.basic.export.test.junit.ExportModelJUnitTestBatch2" name="[2] ptolemy/actor/lib/jai/demo/VQSequenceDisplay/VQSequenceDisplay.xml (RunExportModel)" time="5.112" />
  <testcase classname="ptolemy.vergil.basic.export.test.junit.ExportModelJUnitTestBatch2" name="[3] ptolemy/actor/lib/javasound/demo/KarplusStrong/KarplusStrong.xml (RunExportModel)" time="3.433" />
  <testcase classname="ptolemy.vergil.basic.export.test.junit.ExportModelJUnitTestBatch2" name="[4] ptolemy/actor/lib/jjs/demo/Factorial/Factorial.xml (RunExportModel)" time="15.149" />
  <testcase classname="ptolemy.vergil.basic.export.test.junit.ExportModelJUnitTestBatch2" name="[5] ptolemy/actor/lib/jjs/demo/JavaScriptShell/JavaScriptShell.xml (RunExportModel)" time="9.273" />
  <testcase classname="ptolemy.vergil.basic.export.test.junit.ExportModelJUnitTestBatch2" name="[6] ptolemy/actor/lib/jjs/demo/ModelBuilder/ModelBuilder.xml (RunExportModel)" time="13.586" />
  <testcase classname="ptolemy.vergil.basic.export.test.junit.ExportModelJUnitTestBatch2" name="[7] ptolemy/actor/lib/jjs/modules/aprilTags/demo/AprilTags/AprilTags.xml (RunExportModel)" time="44.543" />
  <testcase classname="ptolemy.vergil.basic.export.test.junit.ExportModelJUnitTestBatch2" name="[8] ptolemy/actor/lib/jjs/modules/aprilTags/demo/Kubi/Kubi.xml (RunExportModel)" time="44.442" />
  <testcase classname="ptolemy.vergil.basic.export.test.junit.ExportModelJUnitTestBatch2" name="[9] ptolemy/actor/lib/jjs/modules/audio/demo/Audio/Audio.xml (RunExportModel)" time="8.256" />
  <testcase classname="ptolemy.vergil.basic.export.test.junit.ExportModelJUnitTestBatch2" name="[10] ptolemy/actor/lib/jjs/modules/audio/demo/Audio/AudioCapture.xml (RunExportModel)" time="9.456" />
  <testcase classname="ptolemy.vergil.basic.export.test.junit.ExportModelJUnitTestBatch2" name="[11] ptolemy/actor/lib/jjs/modules/audio/demo/Audio/AudioClipPlayer.xml (RunExportModel)" time="9.119" />
  <testcase classname="ptolemy.vergil.basic.export.test.junit.ExportModelJUnitTestBatch2" name="[12] ptolemy/actor/lib/jjs/modules/audio/demo/Audio/AudioRecorder.xml (RunExportModel)" time="10.234" />
  <testcase classname="ptolemy.vergil.basic.export.test.junit.ExportModelJUnitTestBatch2" name="[13] ptolemy/actor/lib/jjs/modules/audio/demo/Audio/AudioSynthesis.xml (RunExportModel)" time="9.549" />
  <testcase classname="ptolemy.vergil.basic.export.test.junit.ExportModelJUnitTestBatch2" name="[14] ptolemy/actor/lib/jjs/modules/audio/demo/Audio/SpeechSynthesis.xml (RunExportModel)" time="42.812" />
  <testcase classname="ptolemy.vergil.basic.export.test.junit.ExportModelJUnitTestBatch2" name="[15] ptolemy/actor/lib/jjs/modules/cameras/demo/Camera/Camera.xml (RunExportModel)" time="34.617" />
  <testcase classname="ptolemy.vergil.basic.export.test.junit.ExportModelJUnitTestBatch2" name="[16] ptolemy/actor/lib/jjs/modules/cameras/demo/Camera/CaptureOpenLoop.xml (RunExportModel)" time="33.045" />
  <testcase classname="ptolemy.vergil.basic.export.test.junit.ExportModelJUnitTestBatch2" name="[17] ptolemy/actor/lib/jjs/modules/cameras/demo/CameraWebSocket/CameraWebSocket.xml (RunExportModel)" time="39.368" />
  <testcase classname="ptolemy.vergil.basic.export.test.junit.ExportModelJUnitTestBatch2" name="[18] ptolemy/actor/lib/jjs/modules/cameras/demo/Foscam/Foscam.xml (RunExportModel)" time="40.285" />
  <testcase classname="ptolemy.vergil.basic.export.test.junit.ExportModelJUnitTestBatch2" name="[19] ptolemy/actor/lib/jjs/modules/computerVision/demo/ComputerVision/ComputerVision.xml (RunExportModel)" time="36.19" />
  <testcase classname="ptolemy.vergil.basic.export.test.junit.ExportModelJUnitTestBatch2" name="[20] ptolemy/actor/lib/jjs/modules/contextAware/demo/ContextAware/ContextAware.xml (RunExportModel)" time="9.657" />
  <testcase classname="ptolemy.vergil.basic.export.test.junit.ExportModelJUnitTestBatch2" name="[21] ptolemy/actor/lib/jjs/modules/crypto/demo/AsymmetricEncrypt/AsymmetricEncrypt.xml (RunExportModel)" time="29.177" />
  <testcase classname="ptolemy.vergil.basic.export.test.junit.ExportModelJUnitTestBatch2" name="[22] ptolemy/actor/lib/jjs/modules/crypto/demo/MessageDigest/MessageDigest.xml (RunExportModel)" time="21.392" />
  <testcase classname="ptolemy.vergil.basic.export.test.junit.ExportModelJUnitTestBatch2" name="[23] ptolemy/actor/lib/jjs/modules/crypto/demo/RandomBytes/RandomBytes.xml (RunExportModel)" time="13.865" />
  <testcase classname="ptolemy.vergil.basic.export.test.junit.ExportModelJUnitTestBatch2" name="[24] ptolemy/actor/lib/jjs/modules/crypto/demo/SymmetricEncrypt/SymmetricEncrypt.xml (RunExportModel)" time="17.123" />
  <testcase classname="ptolemy.vergil.basic.export.test.junit.ExportModelJUnitTestBatch2" name="[25] ptolemy/actor/lib/jjs/modules/discovery/demo/Discovery/Discovery.xml (RunExportModel)" time="8.23" />
  <testcase classname="ptolemy.vergil.basic.export.test.junit.ExportModelJUnitTestBatch2" name="[26] ptolemy/actor/lib/jjs/modules/discovery/demo/Discovery/DiscoveryJS.xml (RunExportModel)" time="17.44" />
  <testcase classname="ptolemy.vergil.basic.export.test.junit.ExportModelJUnitTestBatch2" name="[27] ptolemy/actor/lib/jjs/modules/discovery/demo/Discovery/PopulateSwarmboxMap.xml (RunExportModel)" time="37.193" />
  <testcase classname="ptolemy.vergil.basic.export.test.junit.ExportModelJUnitTestBatch2" name="[28] ptolemy/actor/lib/jjs/modules/discovery/demo/Discovery/PostSwarmboxDevices.xml (RunExportModel)" time="41.321" />
  <testcase classname="ptolemy.vergil.basic.export.test.junit.ExportModelJUnitTestBatch2" name="[29] ptolemy/actor/lib/jjs/modules/discovery/demo/Heartbeat/Heartbeat.xml (RunExportModel)" time="25.027" />
  <testcase classname="ptolemy.vergil.basic.export.test.junit.ExportModelJUnitTestBatch2" name="[30] ptolemy/actor/lib/jjs/modules/dsp/demo/AudioFFT/AudioFFT.xml (RunExportModel)" time="9.965" />
  <testcase classname="ptolemy.vergil.basic.export.test.junit.ExportModelJUnitTestBatch2" name="[31] ptolemy/actor/lib/jjs/modules/dsp/demo/AudioFFT/SinusoidFFT.xml (RunExportModel)" time="12.943" />
  <testcase classname="ptolemy.vergil.basic.export.test.junit.ExportModelJUnitTestBatch2" name="[32] ptolemy/actor/lib/jjs/modules/eventbus/demo/VertxBus/VertxBus.xml (RunExportModel)" time="23.33" />
  <testcase classname="ptolemy.vergil.basic.export.test.junit.ExportModelJUnitTestBatch2" name="[33] ptolemy/actor/lib/jjs/modules/eventbus/demo/VertxChat/VertxChat.xml (RunExportModel)" time="10.445" />
  <testcase classname="ptolemy.vergil.basic.export.test.junit.ExportModelJUnitTestBatch2" name="[34] ptolemy/actor/lib/jjs/modules/faceDetector/demo/FaceDetector/FaceDetector.xml (RunExportModel)" time="11.258" />
  <testcase classname="ptolemy.vergil.basic.export.test.junit.ExportModelJUnitTestBatch2" name="[35] ptolemy/actor/lib/jjs/modules/faceDetector/demo/FaceDetectorCamera/FaceDetectorCamera.xml (RunExportModel)" time="40.933" />
  <testcase classname="ptolemy.vergil.basic.export.test.junit.ExportModelJUnitTestBatch2" name="[36] ptolemy/actor/lib/jjs/modules/faceDetector/demo/OccupancyCount/OccupancyCount.xml (RunExportModel)" time="40.783" />
  <testcase classname="ptolemy.vergil.basic.export.test.junit.ExportModelJUnitTestBatch2" name="[37] ptolemy/actor/lib/jjs/modules/httpClient/demo/REST/REST.xml (RunExportModel)" time="9.057" />
  <testcase classname="ptolemy.vergil.basic.export.test.junit.ExportModelJUnitTestBatch2" name="[38] ptolemy/actor/lib/jjs/modules/httpClient/demo/REST/RESTSimple.xml (RunExportModel)" time="12.022" />
  <testcase classname="ptolemy.vergil.basic.export.test.junit.ExportModelJUnitTestBatch2" name="[39] ptolemy/actor/lib/jjs/modules/httpClient/demo/REST/Weather.xml (RunExportModel)" time="9.99" />
  <testcase classname="ptolemy.vergil.basic.export.test.junit.ExportModelJUnitTestBatch2" name="[40] ptolemy/actor/lib/jjs/modules/httpServer/demo/HttpServer/HttpServer.xml (RunExportModel)" time="39.795" />
  <testcase classname="ptolemy.vergil.basic.export.test.junit.ExportModelJUnitTestBatch2" name="[41] ptolemy/actor/lib/jjs/modules/httpServer/demo/KeyValueStoreClient/KeyValueStoreClient.xml (RunExportModel)" time="41.396" />
  <testcase classname="ptolemy.vergil.basic.export.test.junit.ExportModelJUnitTestBatch2" name="[42] ptolemy/actor/lib/jjs/modules/httpServer/demo/KeyValueStoreClient/KeyValueStoreServer.xml (RunExportModel)" time="44.284" />
  <testcase classname="ptolemy.vergil.basic.export.test.junit.ExportModelJUnitTestBatch2" name="[43] ptolemy/actor/lib/jjs/modules/httpServer/demo/KeyValueStoreClient/KeyValueStoreServerTerra.xml (RunExportModel)" time="44.064" />
  <testcase classname="ptolemy.vergil.basic.export.test.junit.ExportModelJUnitTestBatch2" name="[44] ptolemy/actor/lib/jjs/modules/httpServer/demo/WebServer/WebServer.xml (RunExportModel)" time="36.723" />
  <testcase classname="ptolemy.vergil.basic.export.test.junit.ExportModelJUnitTestBatch2" name="[45] ptolemy/actor/lib/jjs/modules/imageFilters/demo/ImageAnnotate/ImageAnnotate.xml (RunExportModel)" time="41.586" />
  <testcase classname="ptolemy.vergil.basic.export.test.junit.ExportModelJUnitTestBatch2" name="[46] ptolemy/actor/lib/jjs/modules/imageFilters/demo/ImageFilters/Annotate.xml (RunExportModel)" time="40.716" />
  <testcase classname="ptolemy.vergil.basic.export.test.junit.ExportModelJUnitTestBatch2" name="[47] ptolemy/actor/lib/jjs/modules/imageFilters/demo/ImageFilters/Average.xml (RunExportModel)" time="40.955" />
  <testcase classname="ptolemy.vergil.basic.export.test.junit.ExportModelJUnitTestBatch2" name="[48] ptolemy/actor/lib/jjs/modules/imageFilters/demo/ImageFilters/BicubicScale.xml (RunExportModel)" time="41.043" />
  <testcase classname="ptolemy.vergil.basic.export.test.junit.ExportModelJUnitTestBatch2" name="[49] ptolemy/actor/lib/jjs/modules/imageFilters/demo/ImageFilters/Block.xml (RunExportModel)" time="41.079" />
  <system-out><![CDATA[ExportModeJUnitTestBatch: There are 756 demos. Exporting demos: 151 to 200.
####### 1 Sun Dec 09 03:13:22 UTC 2018 $PTII/bin/ptinvoke ptolemy.vergil.basic.export.ExportModel -force htm -run -openComposites -timeOut 30000 -whiteBackground ptolemy/actor/lib/jai/demo/AdaptiveMedian/AdaptiveMedian.xml $PTII/ptolemy/actor/lib/jai/demo/AdaptiveMedian/AdaptiveMedian
Running .AdaptiveMedian
1008 ms. Memory: 179200K Free: 143147K (80%)
Exported /home/travis/build/icyphy/ptII/ptolemy/actor/lib/jai/demo/AdaptiveMedian/AdaptiveMedian/index.html
8333 ms. Memory: 179200K Free: 109499K (61%)
####### 2 Sun Dec 09 03:13:30 UTC 2018 $PTII/bin/ptinvoke ptolemy.vergil.basic.export.ExportModel -force htm -run -openComposites -timeOut 30000 -whiteBackground ptolemy/actor/lib/jai/demo/ImageReconstruction/ImageReconstruction.xml $PTII/ptolemy/actor/lib/jai/demo/ImageReconstruction/ImageReconstruction
Running .ImageReconstruction
70 ms. Memory: 233984K Free: 164835K (70%)
Exported /home/travis/build/icyphy/ptII/ptolemy/actor/lib/jai/demo/ImageReconstruction/ImageReconstruction/index.html
4778 ms. Memory: 233984K Free: 128268K (55%)
####### 3 Sun Dec 09 03:13:35 UTC 2018 $PTII/bin/ptinvoke ptolemy.vergil.basic.export.ExportModel -force htm -run -openComposites -timeOut 30000 -whiteBackground ptolemy/actor/lib/jai/demo/VQSequenceDisplay/VQSequenceDisplay.xml $PTII/ptolemy/actor/lib/jai/demo/VQSequenceDisplay/VQSequenceDisplay
Running .VQSequenceDisplay
731 ms. Memory: 239616K Free: 134364K (56%)
Exported /home/travis/build/icyphy/ptII/ptolemy/actor/lib/jai/demo/VQSequenceDisplay/VQSequenceDisplay/index.html
5111 ms. Memory: 239616K Free: 99828K (42%)
####### 4 Sun Dec 09 03:13:40 UTC 2018 $PTII/bin/ptinvoke ptolemy.vergil.basic.export.ExportModel -force htm  -openComposites -timeOut 30000 -whiteBackground ptolemy/actor/lib/javasound/demo/KarplusStrong/KarplusStrong.xml $PTII/ptolemy/actor/lib/javasound/demo/KarplusStrong/KarplusStrong
Warning: not running ptolemy/actor/lib/javasound/demo/KarplusStrong/KarplusStrong.xml. See ptolemy/vergil/basic/export/test/junit/ExportModelJUnitTest.java
Exported /home/travis/build/icyphy/ptII/ptolemy/actor/lib/javasound/demo/KarplusStrong/KarplusStrong/index.html
3433 ms. Memory: 297984K Free: 176446K (59%)
####### 5 Sun Dec 09 03:13:43 UTC 2018 $PTII/bin/ptinvoke ptolemy.vergil.basic.export.ExportModel -force htm -run -openComposites -timeOut 30000 -whiteBackground ptolemy/actor/lib/jjs/demo/Factorial/Factorial.xml $PTII/ptolemy/actor/lib/jjs/demo/Factorial/Factorial
----------------- Sun Dec 09 03:13:43 UTC 2018 About to sleep for 5.0 seconds before running or rerunning.  Test is: /home/travis/build/icyphy/ptII/ptolemy/actor/lib/jjs/demo/Factorial/Factorial.xml
Done sleeping
Running .Factorial
1930 ms. Memory: 410624K Free: 210679K (51%)
Exported /home/travis/build/icyphy/ptII/ptolemy/actor/lib/jjs/demo/Factorial/Factorial/index.html
10148 ms. Memory: 410624K Free: 180760K (44%)
####### 6 Sun Dec 09 03:13:59 UTC 2018 $PTII/bin/ptinvoke ptolemy.vergil.basic.export.ExportModel -force htm -run -openComposites -timeOut 30000 -whiteBackground ptolemy/actor/lib/jjs/demo/JavaScriptShell/JavaScriptShell.xml $PTII/ptolemy/actor/lib/jjs/demo/JavaScriptShell/JavaScriptShell
----------------- Sun Dec 09 03:13:59 UTC 2018 About to sleep for 5.0 seconds before running or rerunning.  Test is: /home/travis/build/icyphy/ptII/ptolemy/actor/lib/jjs/demo/JavaScriptShell/JavaScriptShell.xml
Done sleeping
.JavaScriptShell.InteractiveShell invoked SwingUtilities.invokeAndWait()
Model ".JavaScriptShell" contains actors such cannot be run  as part of the export process from ExportModel or it has a WebExportParameters value that runBeforeExport set to false. To export run this model and export it, use vergil.
Exported /home/travis/build/icyphy/ptII/ptolemy/actor/lib/jjs/demo/JavaScriptShell/JavaScriptShell/index.html
4273 ms. Memory: 412672K Free: 202231K (49%)
####### 7 Sun Dec 09 03:14:08 UTC 2018 $PTII/bin/ptinvoke ptolemy.vergil.basic.export.ExportModel -force htm -run -openComposites -timeOut 30000 -whiteBackground ptolemy/actor/lib/jjs/demo/ModelBuilder/ModelBuilder.xml $PTII/ptolemy/actor/lib/jjs/demo/ModelBuilder/ModelBuilder
----------------- Sun Dec 09 03:14:08 UTC 2018 About to sleep for 5.0 seconds before running or rerunning.  Test is: /home/travis/build/icyphy/ptII/ptolemy/actor/lib/jjs/demo/ModelBuilder/ModelBuilder.xml
Done sleeping
Running .ModelBuilder
0
1
2
3
4
5
6
7
8
9
10
11
12
13
14
15
16
17
18
19
20
21
22
23
24
25
26
27
28
29
30
31
32
33
34
35
36
37
38
39
40
41
42
43
44
45
46
47
48
49
50
51
52
53
54
55
56
57
58
59
60
61
62
63
64
65
66
67
68
69
70
71
72
73
74
75
76
77
78
79
80
81
82
83
84
85
86
87
88
89
90
91
92
93
94
95
96
97
98
99
15 ms. Memory: 488960K Free: 106288K (22%)
2676 ms. Memory: 488960K Free: 98751K (20%)
Exported /home/travis/build/icyphy/ptII/ptolemy/actor/lib/jjs/demo/ModelBuilder/ModelBuilder/index.html
8586 ms. Memory: 614400K Free: 483471K (79%)
####### 8 Sun Dec 09 03:14:21 UTC 2018 $PTII/bin/ptinvoke ptolemy.vergil.basic.export.ExportModel -force htm -run -openComposites -timeOut 30000 -whiteBackground ptolemy/actor/lib/jjs/modules/aprilTags/demo/AprilTags/AprilTags.xml $PTII/ptolemy/actor/lib/jjs/modules/aprilTags/demo/AprilTags/AprilTags
----------------- Sun Dec 09 03:14:21 UTC 2018 About to sleep for 5.0 seconds before running or rerunning.  Test is: /home/travis/build/icyphy/ptII/ptolemy/actor/lib/jjs/modules/aprilTags/demo/AprilTags/AprilTags.xml
Done sleeping
JSAccessor: PT_NO_NET environment variable is set, so git pull and ptdoc are not being run.
No physical cameras found, using WebcamDummyDriver.
Running .AprilTags
ExportHTMLTimer went off after 30000 ms., calling getDirector().finish and getDirector().stopFire()
30081 ms. Memory: 2048000K Free: 1257924K (61%)
Exported /home/travis/build/icyphy/ptII/ptolemy/actor/lib/jjs/modules/aprilTags/demo/AprilTags/AprilTags/index.html
39541 ms. Memory: 2048000K Free: 1222199K (60%)
####### 9 Sun Dec 09 03:15:06 UTC 2018 $PTII/bin/ptinvoke ptolemy.vergil.basic.export.ExportModel -force htm -run -openComposites -timeOut 30000 -whiteBackground ptolemy/actor/lib/jjs/modules/aprilTags/demo/Kubi/Kubi.xml $PTII/ptolemy/actor/lib/jjs/modules/aprilTags/demo/Kubi/Kubi
----------------- Sun Dec 09 03:15:06 UTC 2018 About to sleep for 5.0 seconds before running or rerunning.  Test is: /home/travis/build/icyphy/ptII/ptolemy/actor/lib/jjs/modules/aprilTags/demo/Kubi/Kubi.xml
Done sleeping
Running .Kubi
Kubi: Kubi.js: Initializing... (Thread[AWT-EventQueue-0,6,main])
Kubi: Kubi.js: Handler added (Thread[AWT-EventQueue-0,6,main])
Kubi: Kubi.js: Connecting... (Thread[AWT-EventQueue-0,6,main])
Kubi2: Kubi.js: Initializing... (Thread[AWT-EventQueue-0,6,main])
Kubi2: Kubi.js: Handler added (Thread[AWT-EventQueue-0,6,main])
Kubi2: Kubi.js: Connecting... (Thread[AWT-EventQueue-0,6,main])
JavaScript: April is right by 128px (Thread[AWT-EventQueue-0,6,main])
JavaScript: Movement sent7.154615356913663 (Thread[AWT-EventQueue-0,6,main])
Kubi2: Kubi.js: issueCommand(): { face: [ { height: 60, width: 60, x: 22, y: 35 } ],
  pan: 7.154615356913663,
  panSpeed: '100',
  tilt: 7.4673710669175595,
  tiltSpeed: '100' } (Thread[AWT-EventQueue-0,6,main])
Kubi2: Proccessing command (Thread[AWT-EventQueue-0,6,main])
Kubi2: Got command object  (Thread[AWT-EventQueue-0,6,main])
Kubi2: Building URL... (Thread[AWT-EventQueue-0,6,main])
Kubi2: Making an HTTP request. (Thread[AWT-EventQueue-0,6,main])
ExportHTMLTimer went off after 30000 ms., calling getDirector().finish and getDirector().stopFire()
30103 ms. Memory: 1816064K Free: 969200K (53%)
Exported /home/travis/build/icyphy/ptII/ptolemy/actor/lib/jjs/modules/aprilTags/demo/Kubi/Kubi/index.html
39442 ms. Memory: 1816064K Free: 928301K (51%)
####### 10 Sun Dec 09 03:15:50 UTC 2018 $PTII/bin/ptinvoke ptolemy.vergil.basic.export.ExportModel -force htm  -openComposites -timeOut 30000 -whiteBackground ptolemy/actor/lib/jjs/modules/audio/demo/Audio/Audio.xml $PTII/ptolemy/actor/lib/jjs/modules/audio/demo/Audio/Audio
Warning: not running ptolemy/actor/lib/jjs/modules/audio/demo/Audio/Audio.xml. See ptolemy/vergil/basic/export/test/junit/ExportModelJUnitTest.java
----------------- Sun Dec 09 03:15:50 UTC 2018 About to sleep for 5.0 seconds before running or rerunning.  Test is: /home/travis/build/icyphy/ptII/ptolemy/actor/lib/jjs/modules/audio/demo/Audio/Audio.xml
Done sleeping
Exported /home/travis/build/icyphy/ptII/ptolemy/actor/lib/jjs/modules/audio/demo/Audio/Audio/index.html
3256 ms. Memory: 1816064K Free: 792733K (44%)
####### 11 Sun Dec 09 03:15:59 UTC 2018 $PTII/bin/ptinvoke ptolemy.vergil.basic.export.ExportModel -force htm  -openComposites -timeOut 30000 -whiteBackground ptolemy/actor/lib/jjs/modules/audio/demo/Audio/AudioCapture.xml $PTII/ptolemy/actor/lib/jjs/modules/audio/demo/Audio/AudioCapture
Warning: not running ptolemy/actor/lib/jjs/modules/audio/demo/Audio/AudioCapture.xml. See ptolemy/vergil/basic/export/test/junit/ExportModelJUnitTest.java
----------------- Sun Dec 09 03:15:59 UTC 2018 About to sleep for 5.0 seconds before running or rerunning.  Test is: /home/travis/build/icyphy/ptII/ptolemy/actor/lib/jjs/modules/audio/demo/Audio/AudioCapture.xml
Done sleeping
Exported /home/travis/build/icyphy/ptII/ptolemy/actor/lib/jjs/modules/audio/demo/Audio/AudioCapture/index.html
4456 ms. Memory: 1816064K Free: 428600K (24%)
####### 12 Sun Dec 09 03:16:08 UTC 2018 $PTII/bin/ptinvoke ptolemy.vergil.basic.export.ExportModel -force htm  -openComposites -timeOut 30000 -whiteBackground ptolemy/actor/lib/jjs/modules/audio/demo/Audio/AudioClipPlayer.xml $PTII/ptolemy/actor/lib/jjs/modules/audio/demo/Audio/AudioClipPlayer
Warning: not running ptolemy/actor/lib/jjs/modules/audio/demo/Audio/AudioClipPlayer.xml. See ptolemy/vergil/basic/export/test/junit/ExportModelJUnitTest.java
----------------- Sun Dec 09 03:16:08 UTC 2018 About to sleep for 5.0 seconds before running or rerunning.  Test is: /home/travis/build/icyphy/ptII/ptolemy/actor/lib/jjs/modules/audio/demo/Audio/AudioClipPlayer.xml
Done sleeping
Exported /home/travis/build/icyphy/ptII/ptolemy/actor/lib/jjs/modules/audio/demo/Audio/AudioClipPlayer/index.html
4119 ms. Memory: 1874432K Free: 1573514K (84%)
####### 13 Sun Dec 09 03:16:17 UTC 2018 $PTII/bin/ptinvoke ptolemy.vergil.basic.export.ExportModel -force htm  -openComposites -timeOut 30000 -whiteBackground ptolemy/actor/lib/jjs/modules/audio/demo/Audio/AudioRecorder.xml $PTII/ptolemy/actor/lib/jjs/modules/audio/demo/Audio/AudioRecorder
Warning: not running ptolemy/actor/lib/jjs/modules/audio/demo/Audio/AudioRecorder.xml. See ptolemy/vergil/basic/export/test/junit/ExportModelJUnitTest.java
----------------- Sun Dec 09 03:16:17 UTC 2018 About to sleep for 5.0 seconds before running or rerunning.  Test is: /home/travis/build/icyphy/ptII/ptolemy/actor/lib/jjs/modules/audio/demo/Audio/AudioRecorder.xml
Done sleeping
Exported /home/travis/build/icyphy/ptII/ptolemy/actor/lib/jjs/modules/audio/demo/Audio/AudioRecorder/index.html
5234 ms. Memory: 1874432K Free: 1057694K (56%)
####### 14 Sun Dec 09 03:16:27 UTC 2018 $PTII/bin/ptinvoke ptolemy.vergil.basic.export.ExportModel -force htm  -openComposites -timeOut 30000 -whiteBackground ptolemy/actor/lib/jjs/modules/audio/demo/Audio/AudioSynthesis.xml $PTII/ptolemy/actor/lib/jjs/modules/audio/demo/Audio/AudioSynthesis
Warning: not running ptolemy/actor/lib/jjs/modules/audio/demo/Audio/AudioSynthesis.xml. See ptolemy/vergil/basic/export/test/junit/ExportModelJUnitTest.java
----------------- Sun Dec 09 03:16:27 UTC 2018 About to sleep for 5.0 seconds before running or rerunning.  Test is: /home/travis/build/icyphy/ptII/ptolemy/actor/lib/jjs/modules/audio/demo/Audio/AudioSynthesis.xml
Done sleeping
Exported /home/travis/build/icyphy/ptII/ptolemy/actor/lib/jjs/modules/audio/demo/Audio/AudioSynthesis/index.html
4549 ms. Memory: 1874432K Free: 679606K (36%)
####### 15 Sun Dec 09 03:16:37 UTC 2018 $PTII/bin/ptinvoke ptolemy.vergil.basic.export.ExportModel -force htm -run -openComposites -timeOut 30000 -whiteBackground ptolemy/actor/lib/jjs/modules/audio/demo/Audio/SpeechSynthesis.xml $PTII/ptolemy/actor/lib/jjs/modules/audio/demo/Audio/SpeechSynthesis
----------------- Sun Dec 09 03:16:37 UTC 2018 About to sleep for 5.0 seconds before running or rerunning.  Test is: /home/travis/build/icyphy/ptII/ptolemy/actor/lib/jjs/modules/audio/demo/Audio/SpeechSynthesis.xml
Done sleeping
Running .SpeechSynthesis
ExportHTMLTimer went off after 30000 ms., calling getDirector().finish and getDirector().stopFire()
30048 ms. Memory: 1872384K Free: 1527038K (82%)
Exported /home/travis/build/icyphy/ptII/ptolemy/actor/lib/jjs/modules/audio/demo/Audio/SpeechSynthesis/index.html
37810 ms. Memory: 1872384K Free: 1495810K (80%)
####### 16 Sun Dec 09 03:17:20 UTC 2018 $PTII/bin/ptinvoke ptolemy.vergil.basic.export.ExportModel -force htm -run -openComposites -timeOut 30000 -whiteBackground ptolemy/actor/lib/jjs/modules/cameras/demo/Camera/Camera.xml $PTII/ptolemy/actor/lib/jjs/modules/cameras/demo/Camera/Camera
----------------- Sun Dec 09 03:17:20 UTC 2018 About to sleep for 5.0 seconds before running or rerunning.  Test is: /home/travis/build/icyphy/ptII/ptolemy/actor/lib/jjs/modules/cameras/demo/Camera/Camera.xml
Done sleeping
Running .Camera
23450 ms. Memory: 2002432K Free: 1225694K (61%)
Exported /home/travis/build/icyphy/ptII/ptolemy/actor/lib/jjs/modules/cameras/demo/Camera/Camera/index.html
29616 ms. Memory: 2002432K Free: 1195124K (60%)
####### 17 Sun Dec 09 03:17:54 UTC 2018 $PTII/bin/ptinvoke ptolemy.vergil.basic.export.ExportModel -force htm -run -openComposites -timeOut 30000 -whiteBackground ptolemy/actor/lib/jjs/modules/cameras/demo/Camera/CaptureOpenLoop.xml $PTII/ptolemy/actor/lib/jjs/modules/cameras/demo/Camera/CaptureOpenLoop
----------------- Sun Dec 09 03:17:54 UTC 2018 About to sleep for 5.0 seconds before running or rerunning.  Test is: /home/travis/build/icyphy/ptII/ptolemy/actor/lib/jjs/modules/cameras/demo/Camera/CaptureOpenLoop.xml
Done sleeping
Running .CaptureOpenLoop
22444 ms. Memory: 2014208K Free: 747436K (37%)
Exported /home/travis/build/icyphy/ptII/ptolemy/actor/lib/jjs/modules/cameras/demo/Camera/CaptureOpenLoop/index.html
28044 ms. Memory: 2014208K Free: 715657K (36%)
####### 18 Sun Dec 09 03:18:27 UTC 2018 $PTII/bin/ptinvoke ptolemy.vergil.basic.export.ExportModel -force htm -run -openComposites -timeOut 30000 -whiteBackground ptolemy/actor/lib/jjs/modules/cameras/demo/CameraWebSocket/CameraWebSocket.xml $PTII/ptolemy/actor/lib/jjs/modules/cameras/demo/CameraWebSocket/CameraWebSocket
----------------- Sun Dec 09 03:18:27 UTC 2018 About to sleep for 5.0 seconds before running or rerunning.  Test is: /home/travis/build/icyphy/ptII/ptolemy/actor/lib/jjs/modules/cameras/demo/CameraWebSocket/CameraWebSocket.xml
Done sleeping
Running .CameraWebSocket
WebSocketClient: Connection failed. Will try again: Connection refused: localhost/127.0.0.1:8071
Connection refused (Thread[vert.x-eventloop-thread-2,6,main])
WebSocketClient: Connection failed. Will try again: Connection refused: localhost/127.0.0.1:8071
Connection refused (Thread[vert.x-eventloop-thread-2,6,main])
WebSocketClient: Connection failed. Will try again: Connection refused: localhost/127.0.0.1:8071
Connection refused (Thread[vert.x-eventloop-thread-2,6,main])
WebSocketClient: Connection failed. Will try again: Connection refused: localhost/127.0.0.1:8071
Connection refused (Thread[vert.x-eventloop-thread-2,6,main])
WebSocketClient: Connection failed. Will try again: Connection refused: localhost/127.0.0.1:8071
Connection refused (Thread[vert.x-eventloop-thread-2,6,main])
WebSocketClient: undefined: WebSocketClient.js: Error: Connection failed after 6 tries: Connection refused: localhost/127.0.0.1:8071
Connection refused (Thread[vert.x-eventloop-thread-2,6,main])
WebSocketClient: Connection closed because model is no longer running. (Thread[AWT-EventQueue-0,6,main])
WebSocketClient: undefined: WebSocketClient.js: Error: Unsent messages remain that were queued before the socket opened: [����JFIF��C		
 $.' ",#(7),01444'9=82<.342��C			2!!22222222222222222222222222222222222222222222222222����"��	
���}!1AQa"q2���#B��R��$3br�	
%&'()*456789:CDEFGHIJSTUVWXYZcdefghijstuvwxyz���������������������������������������������������������������������������	
���w!1AQaq"2�B����	#3R�br�
$4�%�&'()*56789:CDEFGHIJSTUVWXYZcdefghijstuvwxyz��������������������������������������������������������������������������?�袊��
(��
(��
+Fh���9��������YӨ���6���C��i?�(��Ѐ��(��(��(��(��(��(��(��(��(N����٫2����~������+�����3��}�QEu�EPEPEPEPEPEPEPEPEP���/��C��Vei��"���t?�5fW.i��gF#x�/�(���9(��(��(��(��(��(������o����L�yR	��h�6�0�A@�Wt�	���Ѯu�+��6�S�#Č��d�Ͻ�j�/E\�K��Ok�a�l�Fȳ:��
X��� zv�6��o_MK{P�	M��PD_����VfUѿ��R�|Lp�$���8���C^�Z�G�Oe��KE�0�N;zދ��+��"���t?�5fWeq��/�̏/
0H�������f���o�g˧�]y-8�ȟ2���5χ�JW]_�o���ݗ�a�Vml.o-.��E6�����Ϊ���9$g>��Z� �5W��i�[�m�0�U,��t�6cQ]w��+c�\_\O:\���0Y�-.ӐI�v�CX��ڏ>�!��5�V����T��������r�2�߶�O�/4ѨA���̻����z�'q�O�xF�X�w�e��֠ڙ�xՔ"D"/��pw`d�r(��Y��Z����z����R�v��7�n3�x�j^��;���l�ڂr�v��d���Zfa�[���ɣ���d�d���@�I_]���R����gݎ��[�� �;Nrx�ׯj,>V`�]xĩi=���Pg�,T:�3�=�5��&��(��<;�赈<5y{�zT�|�Ɵf�I2��;��zz���M�q,�E#F���H#� �a����x��O�w{s��bR�M DQ�8��C��<&�7���t�A�<v�<��I�L`��J���RIZ�Se-���!=�����N�u�uf�yq"8(�Aҷ��S@��C�(���s���nnuT�v�[$mRwN3���z)ܥS��=Q��#I��;�M�8i��r^_�㜱*Nqں�j�U����&�l�[+mL܇�T@����~Py�q���U�/�B�_��?�!Bfs��+l���w�w�=Y$�D�Ֆ�ش�e�2H�/|���oj��A�e�9,n!k�>;֖�9�S4{C(�C.�3�8��0��ؿ䵇cu�^�ye1��#��
i�3���y�X�\���6waR���Z[�1zL��o���âi�+Ŭ�i��6�.1�齸�p����ex�O��N���~o�5B���R�f�5ɯ/&<��8��֢��*N^���a�oy֧�i�'��9e��6���}�����̲*�%*�J�X�����i�6�������wr=��"�I!X��$X�{�3E7����{�=SP����c}�+Aq�m^Ѿ���s������.����N��>�i-׈��Q96��G���Yb��#�Py5��O���gw��}+�����-J�E�d�����-!���zz��\ީ�iZ]��?�i����'���W-�N�����q��Y��ZR�9��֤������<Skqo{�M4È�D������̐�g<������P����'���9e����{u�G��g\�p_��h��������:d�o5iuKG�����k�0Ƃ������_z�m8��-	9&$��EY��w&R���\x~�ũ�;���г�u=��EȒ4Eؑ�,	�r=Mpr]=���������k��d���7b��+�i�G�0u%e6��<;��V��H)k�&&��F��KEG3>��O�����G�Z�j���t�ЅV��#�*KãS��t���0��j�gS�m4�]W��������K\�j��2����;�p@�YU���R~o�g�P�O	Fz�9B*.�]$����(�hQEQE��L��J�����uQ^��Q@Q@�*J�u%eSs�xg�U=W�QEf}8QE%��V��e�~᎙<U*�@=@4m_�ʹ�Wfxx��Uj�q���EXڿ��#*���Xv����ҥ*�K�M��T���AW�Iw>w��GEI��(��}R]���GON�������p�3fU�
�yR
(���P��(��(EIQ�����n}��
�����(�ϧ
(��
(��
F�����i�s���W�2���(��̂�(��(��(��(��(�u%F:������<3�*���
(��>�(��(��)���7ݧ�L��_���c(���?2
(��
(��
(��
(��
(��?��, ����JFIF��C		
 $.' ",#(7),01444'9=82<.342��C			2!!22222222222222222222222222222222222222222222222222����"��	
���}!1AQa"q2���#B��R��$3br�	
%&'()*456789:CDEFGHIJSTUVWXYZcdefghijstuvwxyz���������������������������������������������������������������������������	
���w!1AQaq"2�B����	#3R�br�
$4�%�&'()*56789:CDEFGHIJSTUVWXYZcdefghijstuvwxyz��������������������������������������������������������������������������?΢���FM�N3��RQWgU*n��Rz*��%���(�D���e�����{���^����_�~���K���Q����u^�����?h��ߠ���{�}b!��W���E�*��%���(�D���X�gU�z������
>�/��AG�"��{���^����_�~��U¢����nn�EV�8QEQEQEUk���j�V��Ʋ��3��x��"�Q\'�QEQEQEQE�x��A��UkA��?�oK���������Ǒ����y��(��RQ_;�'ݟ�'ݑ���(��G�����%{I�a�'ݑ���(��P^CڹX��B�Z�U���O����Rn�5�3Z��z��Ǣ�+��
�w��Y�����U�u`����V��+����(��(��(��(��������βkZ�������j_�#6����(��l���(�����'���X�����'���m��4=W�m��4=W�c�E�gӅV��ƺ�pk^!���^D�]��dB�d�O��ϊ|����,�'P���	II1�۟zΪ�ZF�z��UJ[��&�,V?m�JA��i��A�)��ӱ�6�����8a����گ���#���:�r�	����0讨x\S	�M�)�ᔑ�q�?�(_G�Ŧ���w*�D2'�'�NǽtQ�T���l�Z�d�d�n�+Ev��VE����$8\2���ߎ*|}鳒�U�De�dNTu �?AZ,���Q����p{M}��h�ȴ8泸�W"��1$�����x'֮h����$�g���H`Up��
J�J�*���#'m7ԩÒ2�{nr�We�xSL����{�qpLv+��"iv��콽dɦXE�8���<�Wq�Z�u
r�ُ�s���X��i���U���7���0�Z��������	֮lE�:t�]��Aa������ۍGE�������?�H��$q��9�z���a+�>a��h�N�
*�֝yex-.-�'8�u-���Z��A���O�]Z4PdŁ�N@<r@���s�M��䖺lgQZC���i��Z1�)�xe����J[Oj���Omh�E(%X:�ppz�9���m����)�feW���9?�+q�9�������Y�I��r
þ��9?�+J�kC�[U��Q��Z�گ�Ǣ�D�t4֣���ƣ��Ȟd�Ɵf�G]�d�'z�s���I�<nѺ��e$�E}Bw>�;������]����6��	����ܒxSC_�V->����f�-�FR�G�ܼ� `du?�fQC@ѱd��Ǆ��OU����K����vD|Ԑ� ��V֟��6�$�R��i��Vz�\N&UX��l��I8�2+���(�G�wV��1գ��b�՟O�]���y��,J�϶{Wa��ZV���.������Q{�2��l.3��c>�����_��U���85^������Oo/�F�Z�߷��R��qmo�QI.�+�Y��0��e�i%_7��R���j�:���s���e�Kekz�[F�(�h��Q����R�\�gp����NR@*q����_�����=7��j��vV�̹��{}:����R+è\N]�m�C�c#�y���ZM��5{K��E*�}3����4��������mO9]�2xu4��"r�ZapΝ'������t0����{�ַ�lM�i�*Ь4�B���J������Y���	�X��=�;�3i�kӴm2����Nw25��"�I!X��<2��X�t�����A�B0dl}k�8Ǘ��^�}���#�Џ.��{�o��5Mr��W�X���-���ڵ�؈��Զq���[E׼&t�S�V�-οqu���n�
�b6,V p�vFɮg'�ӣ�XdE#����A�qd�������=H��$�F��s��3E��9���E$�˱��lP���nϟxSMC.������	u4���v�P�;�=��SP��������Z~���\��[��C�*��{f�yO$�Zk�ሧ&�˹�A?�t�$�^xF�%���-������)a�$W��\������xJ��2�ty��:�-Ge �zM�����iEyʔQکE�w�U���w�S�����}�\4�b�5����?tg�#��axwA���ZD�\ܓ-��+Ԣ����)�(6�A���9{��x�����6�K$7R����dq�lH���S\|3�vg��#�w]�T�$g�~��R�M++QLaEP������Uz����_��U��,����G������AEW�z�L��L���O�M��O�O��e����eQE�~NQE���m���������6��?��X��K��F��TzQ_2{�EP�QE$�Q@Q@
�Q�)�'�%���**+HV�hI�Fk
�i�BM/&K����
>�/��AQQW������_�����K����
F�B���AQ�����I9���<Uw����袊�C悊(���3�#���@5�Z����������)z?�ҏ�#�B��+�Ot(����(�����(��(��(��(��(��m;�j���F�z}���G�~���������V��?�B�+_7�ߟ�nq�OL�Uz��������	���G�~���Z]�3K������ʭ����"��g����:�޺)K^I��G�XjI� ��+��(����(�����(��(��(��(��(��(�_�~�����ʭ_�~�����諸����(��(�,��*I?��, ����JFIF��C		
 $.' ",#(7),01444'9=82<.342��C			2!!22222222222222222222222222222222222222222222222222����"��	
���}!1AQa"q2���#B��R��$3br�	
%&'()*456789:CDEFGHIJSTUVWXYZcdefghijstuvwxyz���������������������������������������������������������������������������	
���w!1AQaq"2�B����	#3R�br�
$4�%�&'()*56789:CDEFGHIJSTUVWXYZcdefghijstuvwxyz��������������������������������������������������������������������������?�z(��;�(��(��(��(��(��(��(��(��(��(��(��(��(�����!�F*������i9$q��S�>I&R����/�����������F?ڔ{?���TU߳������x����9�jQ���)QW~��SG�����h�A��G��?�ҷ�m�'h�̀����֤�˳��?���4�����z
�^j�aQǙ�����긼4+���v�
�v���?�G�]����Ǐ���+?oW���v}S�>�܊�v���?�U��-���H���;��=�V������b��Z����]L1XZ�6��g�v9�(����B�(��(��(�#����}�_�~����#9Q�7yE?�'�%���(�D���GED�^��/�}�_�~���K���TtQdW����D�h��ߠ���{�Y���"����F�m��tR���T6����s_�SW�UmͶ~���
tc$��ZQPnOT��t���r������b���X�����������QE�g�*#Hꈥ��@�'ҷ���x���:M�̖�f愀�ll��:��[:����R�-�Z��i�]N8�LA(1���٦�{0�W�9?�K���_���K���_��½BI"���K<1�-ɴ.���(A9�'�b��Kư[v�F���	���_��=�ק�*�O��~�F����'��Կ�u�~[�(��Կ�u�~[�+���z¬d�I�Å��#<~5^]*�V.X�/gR�B�(.$��4}N������j���<��'R��}���o��'R��}���o�go�
��a'������y���{�c,J�MJ�4� �G<�ڏ������}Z����� ��Կ�u�~[�(��Կ�u�~[�+��緻��������PI<�z�I�$�ާѤ��k׳��n^�qιy����`��6�KF)�=�)��Կ�u�~[�(��Կ�u�~[�+��}?YК�.�;46QG ē�]����_Q���ZϜ����!Ī���v,pz(�8�����\�[�3�X{�ϵ�����`��5��q���0�"�W�k>�5O
O=����"+��	u�@�O�ֹ+�7z��Pҭnn�#�F�YDi�~��݁�qȮlM8R�,]�1�9Z2���y��\��T�fmRҦ�N���+��_x�x�A�*���moJ��m��l�)ۓ��G$k�'	9J��JU��pNKT����=���J�i�օ<��ԝ��s�Җ��Z�k՝�K��8�;Nrx�׭/g>̧���nkM7[��OT��t����7��@��ܶ�2�w� ���q���O�K�1WJ2�X][U��b*ө���$����(��?
xj^��7����!�#�$q'�`�E��N�y^���p�Iku=��l���H����?0k�|B�{?�k�M;��e���6�щ��<�t�<H��=+@��Ֆ��x�H�6%��G���4�ʯO�\uXN-���g��W�o,ou�7H�_^�W"�o.&Y��|u��]��xJ׾���ۘ4�u?�ܬ�p1�$m�8݌��j)XN�K���$|X�j+���$��������������8Y�;(���D���
�	�'��q���4Q`t��跰[�.��[Ŋ�Tkۥ�-�<���9bT�}��a��4��G�g��XAz��F�r)�-��r���~8�������;�IL7���A*q���?1_R���W��o��/*����;Z�F��f׌��t�m�ExuK��96��0�G������/��u�+��C2���L�	��������{���i��E@�M���q��{�_���Pq�����d�㧼�t�+����K�]6���w��dT�%(�J�b���M��Η�iZ���]�H��,��$�bRT�c�Y4VT��	F\׳����Q�#NP���]ޛ����u=v��V�Y���%���ڽ�}���K`�k$���ͧ�x�N�{�Ot�q�x���$���a�#�Py5�QY,�1m�_����S�q�n���;뭟܎���ZM��<3oow�g�[��ݷ�ilT?���׊�/�MJ��c�]7R��D�a�������"�P�w��0�IK^�y�E�觕�5%-z�+o}C�t���,�������,#��L��d���u�GMpW�������i �����H	G���O�*+:yZ��ܯ�����2���9���[ﾾgcm�is|n�5yu+W�����i��b�K(l���^l�[¶�Ēm�$��-j�*C�Fڃ��k6���k)#�]�q����ھs9��b)R��Iko6L��p��u~F������cq/���e�n<M�Z�^�����$Eؑ�,	�r=My���jZ������[�����Ϗ�uEE$��Q�
(����(��(���(��?D
(��
(��
�������'��bV߅��''�q?�k����Y[����O��+7^��-���B�Y����n?�?���r������������8�(��m>̧��:_����+��?�/���s����ק�ϕ�?�#�ՅQ^I�Q@Q@Q@}Q_r~�QEQE���	��\O�Zī�^���r�y^f�+�����yپ�#V�%y5���9�t�R����Vn�� [����+;���r�ȿ�j���YIm�]���y��=1�_�e�9���R�:V�e��ɫ�<>_��X�Q�5�w�1(���H�b��� ��+���T��t����W�g�^��>W<�x��VQEy'�QEQEQEu�QE}�� QEQEQEQEQEOT��t����WG��:_����+�3��O՟+��G�?�
(����
(��
(��
(��:�(����(��(��(��(��(�����:_����+��?�/���s����ק�ϕ�?�#�ՅQ^I���, ����JFIF��C		
 $.' ",#(7),01444'9=82<.342��C			2!!22222222222222222222222222222222222222222222222222����"��	
���}!1AQa"q2���#B��R��$3br�	
%&'()*456789:CDEFGHIJSTUVWXYZcdefghijstuvwxyz���������������������������������������������������������������������������	
���w!1AQaq"2�B����	#3R�br�
$4�%�&'()*56789:CDEFGHIJSTUVWXYZcdefghijstuvwxyz��������������������������������������������������������������������������?��(����(��(�DiQ�1�P2I���zW��,��?�R&o�-��V��>_���G�|.����z����?�G�ej?��u�~[�)����Fd���4Y� Ċ�:��?���_��hR4��Nu#�H�(��=���(��(��(��(��(�����Zu���tXQ�+� >Z����b{8Y�8�����ֳ�8EI�\��*�΢�+"��_�������!U*ޕ�!�����B���?C�h����Ь��Ȼu���ֵ�#���.��?�5��6���<�(���
(��
(��
(��
(��
(��=wF����^���"��ſ�3��?��Cѿ���״��<�o������k���?/���4b�E朁V���X������oJ��ŏ�|G��
DU���4QEb|hV_��y���c�?�
Ԫz���e�?�����KN/���y��e����Ǉ����y�<���5��U�����w����e����Ǉ����y�<���5��G;��]���G=��y�<���4f^��x�t4Q���:�w���:�vFe8#ޒ����ɿ�:��<y+I���)�WM��ö�+�Ɲ�_I<v�>n���q�6q�ATv����W�xwV֬59��M^(�s?d��'���X��@z�{G��������y����6�M�������l�s�|�L�c9�
#\����S�E���<���a��k�y(<ά6�Ō��zX�z*�_��Y��=�I���n��۬\0T
�H'���ձUf�}�o��~m!�S�Vx"iS�v������9����b���#�Ѕt�|+��qۻxv��	��)�lQk�Xx��M�Қ+��cK$ �V݆ v�j"������I�l��	�{X�٥iU�I}^��������O5��ۄ`7J� �pk!r�I-�2���� ��+��΁e���M4�q;4:|H�	e��NA콽r��6����Zi&Yg����#	#�bx��Gb)���E*�it����RY�?�Ρ���k�_Ifɽ[��}Un ���h~�<I�?�]/�q��&�eU�a�,s����=3Oٳ�?����m��h~#����u[�o�\;�2p6�$6Og���<�MH:������n�̭�$�%y r&��a���
)�x���}5ش˩4��Yu,S��7n�~��?��m�iֺ���\\Z]1J.QT�m�����#�g�ٰ�҇���~M�]��Uֿ�?�+��4��o5��n:���a��J���IݶW���O	��~�5}R/]G^(����"���~ryQ��:W���M����\.���hd_FRA��ao�[�=7�n�wu��~v���".ap2ǁ��M�z�ukMs[�z�|�q��9��i�W8F@���k���{֙=����M��a�]>�&���_."&�O�9� ��U�������ߕ�-6{{���p.V"�1�$m�)8��W3�G�iVq�; EϮW�7��/n��aU���A�>��V�5w���J0N�3C�z�����i>�#�/���^|K92�7h'-���_��{I���i�լ�6)���-�/��dG�'�t�3ڼ^��`zw����Ꮚ�ӫD���X}�5�J�/�:�IV����A%Αe��;k�Y5��Ʋ�FtH�)`2��A���������Ei��\Y\�ͬ���$�pA����ū����Rq~j�=��1���,mt	��.�����T9�2=7�?�5���f�vW���ef�w<���������Oy{>��Fp:(
d��i՟�[���&'�UJ��o��6o5];K�N�c��6�v�e����k*ȩ�JR4%O�{��m�[蚕��v�st�C0tFy��\�5a�z�����Vn�9]���[���5}r)5�mZ������{X�q{� ���q�\�Y[�5]6O�Zu֥�[��|�{x�b��Y#�p�@rih�xE��g��Λ{cc����j�xr)���^6is�#l|�X�n�����G��|k���ʪ�E<�spL�̩���s��]]}R6Z��bw~輪��~�/��?�Ag?�l����y�&y����H:�z�;ה��f_�~��P��k�����&���fQ�?�8'��WOX�,��f�����L��1n洳YT�a˻H�o�����O�Z6����/���NW~v��'���z�����+�����wú�l~!��2��Z����Y�YaU<|���S^S�������˩n6�����*(l�(�c���o���W)�O������ ����<-���!\��?������삽��,��(����袊�LO[���	a�^���"��-�@�����*�{Q�Q�U~9z�QT@QEQEQEV/�?�Y����k[U����o?���u~	z3|/���3�h���ϱ
(��
(��=���<-���!\��?������삺�/����K��r�$��������
���lW��#���+�1=oG��%��{G����T��X״����G�G�U���QEQEPEPEPX�,��f�����mV/�?�Y����kY��%���Ǉ���1��+�>�(��(���;/����K��r�$��������
�������/��x��>o����+ޟ�ͱ_����(�����@�����*�r3ӭt�[w��Q"1U\|�c��3�x^���W���Z�)S�smA�t�W1�	֙�</?������L�������U^ޟr>���Ft�W1�	֙�</?������L�������T{z}��8��gOEs�i������_�*��N����y�|/�G���>���Ft�W1�	֙�</?������L�������T{z}��8��gOX�,��f�����R���L�������U��x��S�糆+��M�.�c�QR�7��m��׍hI��5��uQ^Y�EPEP��ǅ��r_�+��'�|��?��SV��T*���U[�y-nٙ�m��$�^��E\B��9:(��(��(��(��(��(��(��(��(���, ����JFIF��C		
 $.' ",#(7),01444'9=82<.342��C			2!!22222222222222222222222222222222222222222222222222����"��	
���}!1AQa"q2���#B��R��$3br�	
%&'()*456789:CDEFGHIJSTUVWXYZcdefghijstuvwxyz���������������������������������������������������������������������������	
���w!1AQaq"2�B����	#3R�br�
$4�%�&'()*56789:CDEFGHIJSTUVWXYZcdefghijstuvwxyz��������������������������������������������������������������������������?��(��8(��(��(��(��(��(��(��(��(��(��(��(��(��(��(��(��(��(��(��(��(��(��(��(��(��(��(��(��(��(��(��(����f�m�/YiWo*A?��� 0�0� ��v�7L�w���D��log��T�&�c���d�'ބ�5�9
+b_�����p���ٖb���K�s�=;�k��R��䷌;j"Sh��|��c����J\�V�}{�����"ײ���3�����m�dHX��c�)#�eTx\�Y�I�Ֆ�u-e�$�m�z��W{[��M���5��}���b�C�_�,Y����6�u�x�:l���@
H���_��h~Դ�66��e�h�2_���r�^&{��<[I��}D�Ɍ�T�k�F��ɨ�9��ƶРy%yUT�9'f��]�$!Y�19�Cm��dpx8���)�Q�[�y����K����?���-zu����G��s:\]�M�6P%�[y�NA'��1�� �%��-��%����+KER�T��$�G"����*���R�����,5YAYv�v0(��x�}8_[isKlWxa�3e'q�O�x:�Z�w�]��֢ڙ�xՔ"D!߼�pw`d�r+�XNM'+5�_��p�&�֨����
�Zf���I�cl{7�'<�U�G�Z����Hm���v��d���_�f'M�{���]N��b4�k����b�����#:W��Zd�X���*�d�����)�g��I�Y[�Xi�5��c�T�;Nr���=��p�$�-��*r��Z��ѷ��R�wo�\,6����A�����9RKMnWq��7�o���I|A2G�H�O�A$�#l���=GJ��!���kyF�a��u�e$��E����K����N��w{s��bR�O DQ�8���B�4	���:����A�JI��1��iT`GS�W%O��|��WJ*SQ}Yt����ݔ����d��um?I��ۗVq{7�����d�+wM�tx8|A�\Ack�����U#�S��T����"����y������n����S,�*����V.����_IoV+�Q�3�m�ܳ�<�s�%Kg�������X��]B��,�u3r�2��K.��?(<�8���s�!$�v��v�/���N�/+tK�`�_�������6�nY�n9��������Z�6C��Z��kc~�[����� �Q����}�e�E��	Z)W~�T�nFA����1�`y����֋�+��3�q���]Z^�O��~$��ٴ�[8x.':����3�##��?�٫�e���8���y�+6�ɣ����������%��*X��j��*����ժ���U*�S�Go��'�ժ�4�0�]f�I�g��t�B��2���᭥WT�'��qі ��Y>-�L�m/C�uK�{'����fYZI
Ĥ� 2�#ޫ���C�?��V]~��e����Rk�&���\J�*��߷�z.��+�Zf���V�8�(�ţ}��0-��m���r94����mǉ��9��G=҉���u���X��#�Py�B��h�v��'��*҄^��=���^T�ɞ�o�=#M�G��ἋQ��m����爴�lT?�#����sZ����V�\i����'���W-�N�����q��T诣�Y�Ԕ��t���]������]<��=7L�|-�x����Zi�-��5,�G>d����'�㩯2�5.~�OK��n��e�5<�u �	��e����ʠ��ŮJ��f��|�&\�eͯ�����6_��U�U�m:��\)��*;@�[<���-�$��Ĝ���=���%+��q7��|a��|K�Z�^��)��$H��#�X�z��ۛ��o�/�3^\�rP�_1���n�衰r�
]�P.3���ӑE>����?�iF��6�3\,��sW]�6(���8�`��(��ÿ�����F�J�ӼI����l���c9$�ǽ|��؜�XX�II=���]Z�y��&��%w{�������a�N?������q�����~y���?���&��$|��.;�?�e���;���/��VN�y����/������0��V�NmFt1*�EiF4��P�g�q%O0�%�P_�$B�(�4�(�;�7��7_��VMkx��F����+&���(�/�����?��(����
(��
|?���x:e>����?�kC���_�t��TlQE�i�AEPEPEP������k���?������W�S�#j����������F�����&!EWϟ<QEy߉��a�����k[���0��?�Y5���G�~G���ݩ��~AEV�HQES��_����)��������Zŏ��˥�H��b�(��O�
(��
(��
(��7�3�/_��]s��������� ��U����~7��7��n��1
(��|�ࢊ(��M�#���@�Z�&�������
ɯ���
>��>���O�+�
(��:B�(������ΙNF�"�3�*�IF�d�MM�4�sf�����L�����������W��m`���}g�����E�*����2�ǿ��h�/�{��G�����A�������z�����L�����������Q�������ja?���^���h�/�{��G���2�ǿ��m`���ژO���o�����k��g�7�>]�vw���������:��J��ӷ���ɸ��*�gt���QEx��QEy߉��a�����k[���0��?�Y5���G�~G���ݩ��~AEV�HQE��, ����JFIF��C		
 $.' ",#(7),01444'9=82<.342��C			2!!22222222222222222222222222222222222222222222222222����"��	
���}!1AQa"q2���#B��R��$3br�	
%&'()*456789:CDEFGHIJSTUVWXYZcdefghijstuvwxyz���������������������������������������������������������������������������	
���w!1AQaq"2�B����	#3R�br�
$4�%�&'()*56789:CDEFGHIJSTUVWXYZcdefghijstuvwxyz��������������������������������������������������������������������������?�EPbV|�3,���@�S>�?��A^�r��'u����Ç�2���u��i�Rhj/<�<o۷���}+_�����?�^}u�*:r�N+,5gF{�ޗ1(�K�8"�wD�`���]Dd���t�QEP(��(��(��(��(��(��(��������t�|����x�:e}u?�z���}�oxk�^��ַ��_������_+���O��#�3����/�����O���ĭ������b�+��Ǘ��+B��(��(��(��(��(��(��(��������t�|����x�:e}u?�z���}�oxk�^��ַ��_������_+���O��#�3����/���SUJ�7����ߕ������ߨVd����Zu�/���x�fE��P�(�����8Uܤc8��9=W�l�ԟ���z4���&xx�}jue�_c��:>�'��uv���t����}�/��꿝c��:�ES��U���1���N2=)�-��|7���*�j%��v����Ov�QE�EkxkK�Y����H�K�q���O��4��9�O*-)�{)�5��R"��2cc�>��7��?�?ΙWnt먭$�$�%���s8��M��@��jk_j���%��v�D��|�Q�<�1���T���Տ�(֧1nKn�W��~�������f���~��4�PNT ʓߨ+���D�SP������w"^F	�v5���R���U�䏆�d���������j�]��D)��!�
�<���tN�i%�Y�f]�וH9��+�,�cI�;k�"p�(4����/���xּp��wjP[[��YZEUU=I�Q��tZ��=���^)L�J��x85y�N)/T��Et>�쵭K�e�n'c�J�	e4�NA콽dyv��$�H�\�Ekj��)ʗbx9x�yg��?�'��W���3i�k�O���2��Xc����ž�s�[�XZ�ss%��p�G������}�^���%v|�'Rx�Yy��4U��6���Z\[�\mN�����U���u�����(2r�q���G$
ߞ:k���k�7�c2��_�ͧ��clS~�˝���J[?j���\Zٴ�J��PS�>���;�P�ݹ_�sW?��߇�z��K���J!�;ؐ�rGҰkǫ���ϧæ��>��
+�M/DMj?�>���Ȟd�Ɵf�G]�d�'z�t�u���F��n��YI~Y��cs��v�*�������!#I,�ym�'�T�A��A��_x�LԦ�H�Z�D`p2:�~�E�~�8��������M���՟�l�������m隖�e�$��q����7`�b���
N�	�8ȮV���ϓ���~GW�j�?e���-���K_�����D�֥Ӂ�ؖ��0�G<�(͜g����L�4�3_����,�a����3*�����Xg�{��-��~=g�|��WK~H�UF�;~H��d���Qv�p�]����˶[��U2�*_>��Z�T������	l�/^Kh�e�ܨ���L��ST6�3�N��Jb�>�T���?1]�
J�'/?��	�<п�c�V�i�X�v��ྸ:��x�j�0�G��?�٬�2��;_���W�����f�E,�������D��Wv��(
�d��j�����F&��5ͻb�+�n]j�v���L�-.�˛����U�S̔�hH<2��Y�#�N[�/E��[�}<�����,��$�bRT�2�#ިQ\'71��z֟q�E���xɣD�V�&�"p�R�9���Wҵ�-���+ι=ʥ�6�wq�YbV�0�Z˵uX�f��j6?�违wR�.c��cf����W���ipx�A���+�"�X�n�����b��-�7N�¹��#��LmwOԵ	��"'/wq'��t�����?���_Ώ6?�违n�E4��Yb�$����W���:�K�i�0������F�����;��Xyc�$G�k�]K����+��N��kc b��!���O�*ϛ��_Ώ6?�违DhAJ�W.�:��ʡm-�yyڞ�/ƝOW�P�{Ky<�v�(Ū�P���g�9�#Fb���Icm$��Ei\ӱ�#�QW�5�&�js��V��\]�	�v�U߈,m��Hn�����7�&ďp|���5�A<�~}�������=S̑�i�n�KEIm�(��QEn���S����T����|�$i��+����SUJ�7�����e�~��:��~���K�����³��5c+��ޑ��˻��KY�����N=T�Wk���,^����=[��w����G���@����W�i�_w��B����@�����V��]����U
(�����h_��տ�{����a������w�
�E�u����z�����ªM��4S��H�Qԩ���iK���*�(��(��(���Iy�9��}��������������׵8ag.iY�SҒ�'wb�LΥH5E����>���CWNT)�A��J��EZ-�d����W����CT$!�b:H�LuHJ+����N2J�mQ^i�QEQEQEQEQEQEQEQEQEQEQEQEQEQEQEQEQEQEQEQEQEQEQEQEQEQEQE��, ����JFIF��C		
 $.' ",#(7),01444'9=82<.342��C			2!!22222222222222222222222222222222222222222222222222����"��	
���}!1AQa"q2���#B��R��$3br�	
%&'()*456789:CDEFGHIJSTUVWXYZcdefghijstuvwxyz���������������������������������������������������������������������������	
���w!1AQaq"2�B����	#3R�br�
$4�%�&'()*56789:CDEFGHIJSTUVWXYZcdefghijstuvwxyz��������������������������������������������������������������������������?�袊��4�KXo/^9�z���9�����=;�}��������C~�,����09�}���~������u�{A�[�Ϙ�jbc�j��V[\����Ͽ�>��G���>����X�}�����o����?��k��i~'���/������������h��ӿ���o�o����?��������{\W�K�m��i}����Ͽ�>��G���>����X�}�����o����?���⿚_�{lo�K�e�=;�}�����ִ�+]*y������c��	���������Vf�{i.�qwP���U�~aڴ�S�Ǚ��]�C*���6�r���}�k���N'vI=:����~��}u
��l��Q��}D����n�2��O����K�}��"���:����E��g>����/�_y�Eh�`�_�����h��Կ���"/����ه�����3���K�}��"���:����E�=��0�Կ�}�u����Ϸ�D_��R��o����G��fڗ�/�΢�*�(��(��(��(��������T��c}ML�g&���Ko�_�wz��m��_�����
��������#]X?��x�E�Yz��Ң�+�>d(��(��(���(��s�B�(��(��(��(��4N]�^	��4P�ά6*xf�׹(ɻp�k���o��Ѝqu�h?�����F�p���nmZU�����Ң�+����(��(��(�9��|��x��VZ]�ʐO�sD@a��2�j�����3�k��k67��m��F9����d�Ͻx�>��'c��<�g�V>��M?�ڞ=&�����C��n�ȳ:�L�M��@�8�{_�w��$��Q�E�P|�xǾ+��֫
�4�C��0�J�J�ݫ�������O�v���O�v���?�Q!c�O�N�����qPI�Mnb&K[�Դq�\0���:޹���]���z��k�]��sb�����b�����urx#ı�.�D���P�I���UY�5�[j�ٓY:^yp#,�2/R�8b='کU�Kd����6T�q������ؿ��;Gؿ��;W,��B���؆���θ��UE���s�M^�6 ��M3Hg��Sl���T��H<pkD��ە��ݽt"tr�Eɵ�i�1~��M?��>��M?���|%�i�#�����-Ē5��hB�f��NT����k~�<&��+4���ۨ8\���	8_LP���?��^�Me	�������_>�Wؿ��;W�<A�(��˿f~o3�'�޵m<'�_iCR���{V]���}B������xJ�]�jM��֠uCh�*�D!߸��'���TĮiTMZ�?�nqCh*6{������g�%_�������U�N_���Y����iZ��׶R�v��7�n3�x��~���h_�AjB�v��d���Z���N��J�M�	W�9�_���ӗ�E��Ti�K�.��#Y4~h�]I+�;�J]7�>#�젼��ky�� i�s��>��j>�S�}W��c��*��/���֣���r�ȿ�jkx��iqt�<����A�9a��z��T�5���_�:?�J����"����������/�Z���^�X��W�ڒ��{�4�4H��6��O+��t�6x^��kyF�a��u�e$��G�*w��{/��>����9Ӯ�na���J^i��<���R�z~��)�uS�ZN��$��G���4���`�#��+������۽��L����'��5};I��.���o.&F�T?L���tzn��X�����4�,mu3qp&UH��F�'p�8ȯ0������hם���T�[~���`%��8��7z[�-�{�e��>��-��{�5�wM�[�yG��rĩl㷵u�մ�S�Q˨Yۥ���n�T)e�_'��g�\E�SM]W�����$�v��v�/�}3Q���7���,Wڐ�?4�e�g����,J�Ϸ�>OE���n,n���M�5�H��
��e�{g����>_����ӵ�'P���c�'tr���w�+�Z~���R=6�O��pѡ�Q�T�������hk�iR�ǯ]j6э���dzobG���xoS���.���op������j���_�����y-���L��u�֫W��øSj{��/��OJ�u�/��%�Ֆ��Z^ZX����̲"�e*�J�n�Y?�ҭ���Q�������W��dPd����$T�k�����Pq|׷����/<Oa��V�ޝ}�U�8�6�l��
2���s������.��jZl�(Ҭ���,�J&cwQ���%�3�n��@'5�4���'�±�[�5/�~�[���t}'���K�;m	����爴��T?�#����s:����v�_�i����'���7-�Nd^���w|��Ex�:,z���xSL�E�ŵ4�#y�&Y��2B@A��z�:��}KP���>�[��{��YAd1<�u��O�+"�,%N��X��2_��Z������%n��L(��eC�h�g����V��jI�0�'�b�iX��Ǡ�O�����[�i��3�u=��EȒ4Eؑ�,	�r=Mp3]��yw$f6�����z��#>?��(Hl(��[o��_��V�g[���?ʴk��?��?��̋��_��
(��h����>_���竡���/���s���7��/�?��_�Q�
��QE��QE���'�O��r�**|�ksN�(��:(��(��(��(�	m����Z5�m���*ѯ#0�*��3�2/�i��H(���=���� ��+���S��|����W�p������$|g�G�+�aEW�QES��\��
e>/�����?A��:(��H�
(��
(��
(��
(��%������h�\ncp��7�$���U����*�J=�{+�(ᨸT���z����?���l����W/�k�����������b��׽�y-H\t��ȯ��)J�Q��?�5���k�����XQE�@QES��\��
e>/�����?A��:(��H�
(��
(��
(��
(��
(��
(��!���v�?�gօ��{����>���/��F~ ��+�2
(��
|_���L����?�>�5��EW�aEPEPEP��, ����JFIF��C		
 $.' ",#(7),01444'9=82<.342��C			2!!22222222222222222222222222222222222222222222222222����"��	
���}!1AQa"q2���#B��R��$3br�	
%&'()*456789:CDEFGHIJSTUVWXYZcdefghijstuvwxyz���������������������������������������������������������������������������	
���w!1AQaq"2�B����	#3R�br�
$4�%�&'()*56789:CDEFGHIJSTUVWXYZcdefghijstuvwxyz��������������������������������������������������������������������������?�(��;�(��(��(��(��(��(��(��(��(��(��(��(��(��(��(��(��(��(��(��(��(��(��(��(��(��(��(��(��(��(��(��(���xv��~8ӴK�'������06��0H#��ջc��x��t���Ն�7ɬE�g웣����֋��'c�(�K��zTڝš����䐺�n�)�9�8ǽZ��_�5?쏱�y��w�?}��N|ά6��c=�@�+���W�#���÷X�`���O��9O�b�M���V�#����C��t��B�ǉ���oOz..e��h��O�^8�;wo�bႠVBA?��>���q���v���D�C��k������v�@I���̻��f��ko�-��+�u\g8�G���B�C�@����G�?�!��T��>[{XVk�� $��9'r}+��.�����-�]j�G,ֳCqΨYCeT��z���g��m�{�Tu�|����k����?�#G��Q�W��������>����<5�_�kWPݴ�k��p��u��*��I��t5�Z꺩�s}�K�Rqp/㱳D� ��w�`S'�sY����ϛ�����
����4�U��x�����?�*���b�+	7�	�g'��.o�k{�Y�nd�6��X��r?�z��+Ɇi�������_Mu=�`�E]��o�}O��i�ϲٻ8����j�B�C�@����^��2�����{i�07��:��^�TӬ��wf�A��S���r9 WU|�ON�a�澏K;|�f�J����_M����B�C�@����G�!^!���F����r_�ͧ���clS~�˝���J,�9�_��qmf�E(b�@88=O��ͱ���o����xI_گ�����+�?������T�����h�����W�������Aa2��2�C*��~�>�׋�k���������q؈�ʣ�<�e)ӒTd���A�W���������+�?������U���gk��xWT�>��.�/���Y��7�ʌ�QҼ���^'���l�/��o+C"�1��H#����7���ĥ�{r�%����zo�����[h���O D\� c���֦��������x�E�]>E���F���4�r��� rN���Wu����z}�ݏ�<�iw:֙������j3yQ:�R���/z�t[��Z��;8�M��C���.���U#g\�ۈ��n�GZ�zU`=M+��φ��'᧏}PG�_#���reo7h'-���_��{I���a�լ�6+���-�/��dF'�t�3ڼ]��CIE��4w^׼���<I�A�|l�j��Yɕ�ݠ���~lv�W��Zh��k}ey��[�4�,��!�p�3��=�W���+T��585-:"�ݷE&��N1с�qE��z_�Ht�
xe��ex�Kv5BTcm���و�v�
j��^,�uM�-��r>;�F���EV�u�O�:����y%�ۀ�G���B�C�l�=��^!�|+�/Y蚝�坮�q�\�i2ȁe��BT��#�O��:E���xDԭ/������KI�DIH�IRFU+��a*v>���{	u��x��4j�'լI���8V��q�����o��c�x��s�Or�p��.��<�K,C*�vFA�U����q)$���-���ʣ�e�y�]u&�.�[\E}a��4w7v�tE�#j��!��G~+:}#��L����Z��ǸD���$��~�~s��b��C�.��/�[�Ռ����˕���^�v^����%-z��}C����֝�n~���[_(�i!���<������:�Aq޸���Լ3�;	n"��:{�������n��g�>���WL�Ο"�����m<���3�r������۳�4��/j���֯mm/����SQ��P�����k�d����n��^Կ��_�׉W���e�U&���3�8���=���w]�Տ�9�U�ZZ�[���K!I,*�bG����{��gQ���uOf϶]Kq���-�֩Q^��0���-?����ʦr�;�xO�ɫ��/NO����������q|��8�ƣ�{���?����mS0J��EPEPEP��E���������+r��C�.��/�[��c?�0�����EW�~��"���^����J��]��{R��Y�^%_S�~���|q�
(����
�-?����ʹz�-?����ʲ��=��㗡���������?���VEU?����Ծ_�
(���
(��
(��
(��=��(��Ϯ0�C�.��/�[����v��Jܯ[�������
(���3����/����@5�U����ڗ�z����*����s�<\�㏠QE�XWQi�p�5�U��Qi�p�5�U�]������s�X���dV���,?�_Ҳ*��(�̿ޥ���QEgQEQEQE�QE~n}q���v��Jܬ?�˷��V�z���7����QE䁟��Ƚ�׬����m��^Կ��_�׉W��ß���}�(�|�º�O������^��O�������g'���gk�����+"����a����UO�G&e��/�䂊(�8B�(��(��(��(��¿����٫����+��N�58�����*LB�(��(���, ����JFIF��C		
 $.' ",#(7),01444'9=82<.342��C			2!!22222222222222222222222222222222222222222222222222����"��	
���}!1AQa"q2���#B��R��$3br�	
%&'()*456789:CDEFGHIJSTUVWXYZcdefghijstuvwxyz���������������������������������������������������������������������������	
���w!1AQaq"2�B����	#3R�br�
$4�%�&'()*56789:CDEFGHIJSTUVWXYZcdefghijstuvwxyz��������������������������������������������������������������������������?��(��8(�	��^��-�*��8�������������*���!����k��K��V����6c��B��6�����"�������o��k���o�}7�W]Eu}B������ㇿѮt�i�&R�p����{Vuu�)��d���-\�y��Q�S�;���Q��EW1�QEQEQEQEQEQEWkcch�}�5��%$��$�T���_��o�~��W�����̵=��%.u��������&�z���R���qѕ"��U+�ǒN�O��L$����N���
(��>|��O��#����Aj�k��
�h�*T�GC��\Ux��mZ���9\m�O��0��+��N���;�#���Q�?��������ب�?�H�������g����/��x���?�����<�U{}bA��_������A�E�@����G� �"��w�G����b���H?�k�_���;�?�����������_������U�TQ����~���3������<�U��������?�*���>� �ٯ�~?�gh:�7�t�e�l^G�����	bPd��Mh��;���O��T�
㴯�=��cg-��x�b��	U����\�����Ϯ��~����q�Ϣ�3�Hu��EH�VUE
8v^�?�i���ߴ��������Ϯ��~������}(�G�m���g�1Q�{y��2�S�/T��|G�;�8�H���D���{�"�+��/�q�������&��k���K�VQEh|���\��!\Mu�)��d���-\�x���U.����W�Ev��QEp������3���������*+��(���b����	���}_�?�?�����
����>��؟�����}E|�EW��O�y��
+��F�k�_Xi�M�Ǚ�� 8�0� ��;V����/��������?їU�#͌���I�����j�EhO�j6�d����-c�6,��"p��m�r<�U�/
kZ�ikkf$:���9�����c��fA��n�������;I�{��=J��}�b���*Hʟ���8���9�E�E�=�[�T�q�_�I�8�{ױ��*�M�����������ۭٗEm��5�X���S���#<~8�e���̭ǔf�]yAԃ��滽��G��Ֆ�s8���2?��?��F��sM��4)�cW���!�UQ0FrH�$p95�����Z�铼�,�қ_-��ʥ�6A����޼l��S���f�x'�6%�������WRH��tq��,��k��lt5��i�ǈ'i�美���RJ�r��/L�qX��Y�Et���U��5+m��Yw�eC2��'q�5sH�5޿���t�k��L�͢�D!�X�pw`d�r(I�(�����/j�F��m���^>6E���p6�!�㊻��ĺ&�u-GLx-7H]Nܜ�r9 s�Z:SZ�+3���8��y�5�c�e{��YВ��s��.��/�V6��v���\1J%@��s��=q�q����g7Et���ŉeqv���o��,T:���ps4	��
+���>�V��ơ��i�)�=�GX%�C$o���W��:Wso%����.�`���}I~`�a����|3��Ӿ �w�P��F&/4�E�N9c�䊳����/,�]_źE��d�;Mcs$�'*�dO�\M\jI+X��n,�[����cM�5'פ�ȿ�ˉ�De*Ac�WI��^�u�v�x�M��O�S�M�Ϊ���F�[ ��ȯ ��ƪu���KS�|�x.uK�Nm<my��s��㜶T��z���Zv���^���++-I��T!d�\g���q޼�@��ݿ��A5�ץ����z��?��6?*����ЏG����[�$�i��~���餔y��ĩl�g�l��o�Kറ�:���䶍�QL�m��#p�+*������K�YLS�) �8���v}Un��,y�2�����+����A�-�	G�������y�3�<�k��ާ���m7Q�������?,ֿ����{����/g���Fp��(����R�|D%	�[�A��
�榬�����g\��;�OYh���奎�q�\���"(�R��� �~����J��K�tmF����k��^�e�A�R"RT�Pc�.���S�sگ<Oa��V��}���c�2��[0��`�*`[8+��\�i� �.��M�*�{��t�f6��Ƿ����y�>P	�y�I�?Jҏ�Q!�C���6��x��֢�-R�C�d�����-)��ǧ��}o��v�cyy�	~���pˈ����勃�����>ZĦ��o�zr��7����z��t��\Y^�&�I0�I�&Y���2B@A��z�:��cS��>�⾍�;ɮ-�PZ7�W�gPr`�|W7EyR��U���h��I5{F�"���5��(�d]���s�_z�KRM��1��ɔ�z�ľԼgo㻏iֶ�໹��ȺYbD]�2���S^m}zڞ�{��f6������_�j
(l���(����(K@��ݿ��A5����n�����������D|�q�u�����+��O��2?��?��F����2?��?��F�<�ʿݗ�
(���L*H>��Tu$|�+l7�b�k���S����^��Z(��|�(��(��(��(�:}��o��ٿf~\�9u�ko���r�ȿ�j�譩�*�\�vG5l������Y�N_���G�%���������Z}v��~��3����3_T�?��V��{\>w����E�J��.i=N�TaF<�VAET�I�?J���m��,@�M��Ju5��}+ڟ���EWπQEQEQEQEQEQEQEQET�}����H>��V�o�������S_�7ҽ��,
�QE|�Q@Q@Q@Q@Q@Q@Q@Q@I�?J���m��,@�M��Ju5��}+ڟ���EWπQEQE��, ����JFIF��C		
 $.' ",#(7),01444'9=82<.342��C			2!!22222222222222222222222222222222222222222222222222����"��	
���}!1AQa"q2���#B��R��$3br�	
%&'()*456789:CDEFGHIJSTUVWXYZcdefghijstuvwxyz���������������������������������������������������������������������������	
���w!1AQaq"2�B����	#3R�br�
$4�%�&'()*56789:CDEFGHIJSTUVWXYZcdefghijstuvwxyz��������������������������������������������������������������������������?ˢ�+3�(��(��(��(��(��(��(��(��(��(��(��(��(��(��(��($��?��h�����_�i�4F6_��Ƽ|I��\���vG+��Cͷ/���F�������������"��G�":����W�⫷�c�����L��T���7/���F�������������"��G�":����W���X�_�{������S��8ܿ�������i:Wؾ���o��gqԟS\�}~W��s,$1te%^�J�6�7۹k/�W�,�_�Δz�Z��~���J�2oSF4�̙%Q^�QEQEQEQEQE{Q_��QEQE�|A��w����k�����ÿ���\M~��?�"��o�r7��4?p�j��~�����o�����QE��V��4�5�Z��/"C6����c �6���I�C���eqp����R"��2cc�>�Xj-��TU�,nb��l����&�s8�
X�3��	��ՋmQ���8 V}@JmW�@d����u�ZfgQ]	�?�!:[��������Q����K6���7*y����v4Y��¢���_���ҥ��m]���|>�������["�>Q�!�yAԃ�����T�ZMsgswO�����+H����rH��*���ص}A���p��B���I��(�����ѡ�BZ[�?b�v�9���.p�O�T�5Xb�4�أi��u(}�2�f<��{W��ٸ�X��4�ݹ�s�b�el.�/5ab����E;Cfֶ�\4�F[
���?���G��<"n��mi�]���.�(�$�X��]����>k;�h�٣ؙ$���~����{���w����|��x����?���\o����z'�t-N�����Ѥ���e# |��9�k����sg`��0b�@;Nrx�׭~��b1Tr�pR�w��n���sίR���[��姧�N
`V�xG_KY�[L�b�;��RrG��J��bkԏ-I���f�Q�I���d�44֣���ƣ���d�Ɵf�G]�d�'z�sN��D��n��) ���+�����-�<Yguyq��BC$�8DA�$�V����������f�-�FR�G���4��O�YTQq�$�cjɭ��	�����W�Z�U�˲#椀�~�OҶ��_@��'�VO����Ԛ��L���)�gT����"�X�k����ҵ!��	�Y�##>��\]:R��:�ЩV<�D�p���S��H���ӄ�d�-�K*y�ĩ|�g�uW�^��Oڭ՝�zf�$����o�k0����C�X��Sv?����Sv?���G��(�1�������k�{���Kx�^j����.�nY�n9�����[�����,g�ϰ��嶍��S4[C(�A��qI5�S�$��ر��9���[5��]Z\K�g) 
J�c8 ��T�hQ:�
�U���ck�XH��s��&�6ڡ�1���ㆳ�[���n��8̬����5b]9��翾�����癗8P<:�l�l)�i2�H��O��[�&x��;;�7Y_Z�����6�4����,A�j䲹�&��X�[^A��u+��� ��ˉ�X�����__:�XԂ�����w���T�mL�~��-�R]K��F����^�p�5Ks�mt��[�ze���[�5k���Ml����q�1X�*�q#
��k����NqJp��۫i�����RٙzN������=��t�)"���f��J"�lU~���k{h����}e�k2�����O7��̐}��j�h�j���R���-&������;u3$�д�%����b(T4��Q���Җ�$`�?7isym}���5�sI�����@�|b7u�pς}�]w��������W��؟�aaRֿE���}yr��뭵].o����6�j�p?��m:���Z�e���}��4�-��3I���{����]���R���]h�]����)$��[9��̎4]�2��c��k��yn�{٢1Iwq5ь�O2F|��T�P�9]QA%������F����?c������O�=���O��AEW�Q@Gq�����IH�t�*��h���;�(��8�
(��
(��8��ˇ����k�������m?�Z������g���+��Q^��QEQEf��?c����İ�����kn�l������o,���QE�z!EPH�t�)iU?���%����(��9�(��(�?����m?�Z㫱�����O�����#�p����������EW�`QEQEY������kn�,?��?��ۯ1�*��3��?��DQEp�QER7�?JZF���UO�Fu~	z3�������!��Q�������Co�*���[�4���G��iU��;_��7�~��E'�t��k���?���+���������4�xO�޿ȸfd����g�	N��?��	��Jt_����O���Q���?�_z�#o�T쎓Ś����?���y{�|�c;q�{�袽�.j*�6]�nsT����QE�HQEQEf��?c����İ�����kn�l������o,���QE�z!EPH�t�)iU?���%���QE}1�!Y�������kF���ׯ����iK�*�EAEPEPEP��, ����JFIF��C		
 $.' ",#(7),01444'9=82<.342��C			2!!22222222222222222222222222222222222222222222222222����"��	
���}!1AQa"q2���#B��R��$3br�	
%&'()*456789:CDEFGHIJSTUVWXYZcdefghijstuvwxyz���������������������������������������������������������������������������	
���w!1AQaq"2�B����	#3R�br�
$4�%�&'()*56789:CDEFGHIJSTUVWXYZcdefghijstuvwxyz��������������������������������������������������������������������������?�袊��
(��
(��
(��
(��
(��
(��
(��
(��
(��
(��
���{N�����!Tj���!�;����Ѕ5����h���<`��(��(��(��/�����]�p���m�Jί�Ͱ��GEW�Q@Q@Q@Q@^�?�=���_��5{D�����_Q�B��R�Y�QEw�0QEQEQEW��a����d��o�������%gW�f�o⣅��+���(��(��(��(��h��ӿ��/�U�	i�����ۧ�!�~戀��1�GQ�Z~��z֫`t���;�"K�c���!�����������E0K��s"*M)�=�i,T�X��i���&y���n�(ˀΨ@bz˟����e��l�QV��x�|���S���[c�d.�ӟ�4sG�r��U������7��ǳ�9�N�\&����9��9_b
)�,Ig%��[F��g�*z���̾j���c۹����49$	6G\7�_����_����I�hoQ�Kx��Qn��?�҅������ٲ��:~��ZI�EVH�w�n	8T'�VU&�Z6����<��ݶ�g�����3۲�Vʂ��)9?����
]j���M����mHڼj�8�E����/'���9#����躖����yg,wM���ql�6�9�ҭ�>״�?���t��r�v��d���Ztb�[���~M j����m�:�W�nw~���|A��Awe�4��1�$@Ӄ��9��ڋ��TV�x+�ii=�i3�Pg�,@<u g${��M=���@��Z�>���F�"G�X�O�A#�卲w���+��7�ya�m�)7_FRA���I=���w����.�na���J^i�"(�<
O��^�N���6���g嘬�YMԓʸڣc,'��v���{K�nc
^EАr3E��ި�;H/�Sk����s�>�?�e3$ٌ9� ���8��k��/��Ŷ�g-�����4�hU�<���Eʶ�v�+������Ͻ�����U�5_��������_.��r*57��c���{dg��m��p�M�ݴ��e�bU�>��]<z^��ZGqggmg�_�4A�5�?2�â��x�������Ͻ�����U�5_���������1*5{�0�[|'�Fx���Md�-�K,fPOV%Y���щ�4�xr�����m6����3@������#���>�_���T����h���L���T������cP��UZO��`��1ԧ��F߸�����DF����nb���	�W�Xx�T�����D�������X��j��UTd��kC���>�_���UP�Tl�,=F�:�K�6�~��Y_Z�����6�4����,A�k��D�w�^�i{m{o�-̲}�`���6��,j����U��{/�������K�y>w���F��q�$�R����7�NQ�sZέ��I�E���k&��mZō�D·���s�����ς����66��^���>�d�@��K,C�a��*�\����_�����������4�I6��og�gk�4;�m-����Kyb���/I![��ǎ�J��/閯<�)��o.$M���nz��.2���8�ǞYJ�:ᘚ��V��r+�����OL�E��������E��Gw�!a���q��qw�_x7��|��!����x@Y%��u����H��d�P��T��wpkd�ouiu;W�����k�1F��K(l�yl��޼�L%��6'$�����TSH���qqq���X�1����/$7SY���"H�Eؑ�.	�r=Mp��K��o����w3\��T�$g��QE�F�(��

ٱ���g�R����v �H���j�/�Ƚk������m\5(��o�������k_����?��?絯����Mv�Tݟ-��c����?��?絯����M��j�����o�&�z(����}��v��=����h��;P��ֿ���5��E������8��C���k�}7�G�!ڇ���������ފ.��d�w_q纇�ot�i)6�DI=	��������e�L�W�k�����#\f��,�^�0��"�����5Z���j�z�~&uQ\'hQEQEQEQEW�xg�E�_���k�kм3�"����C4�|�����K�f�QR|QEQEQE��Ǌ�A��q������vz��x��t�������W�O�E���Q��ȟ��4gQE��QEQEQEQEW�xg�E�_���k�kм3�"����C4�|�����K�f�QR|QEQEQE��Ǌ�A��q������vz��x��t�������W�O�E���Q��ȟ��4gQE��QEQEQEQEW�xg�E�_���k�kм3�"����C4�|�����K�f�QR|QEQEQE��Ǌ�A��q������u�'��6��ݙ��q٫����Vϓn���z��SXF���������K�w������P(��(��(����] (Thread[vert.x-eventloop-thread-2,6,main])
26413 ms. Memory: 1993216K Free: 654279K (33%)
Exported /home/travis/build/icyphy/ptII/ptolemy/actor/lib/jjs/modules/cameras/demo/CameraWebSocket/CameraWebSocket/index.html
34367 ms. Memory: 1993216K Free: 624227K (31%)
####### 19 Sun Dec 09 03:19:07 UTC 2018 $PTII/bin/ptinvoke ptolemy.vergil.basic.export.ExportModel -force htm -run -openComposites -timeOut 30000 -whiteBackground ptolemy/actor/lib/jjs/modules/cameras/demo/Foscam/Foscam.xml $PTII/ptolemy/actor/lib/jjs/modules/cameras/demo/Foscam/Foscam
----------------- Sun Dec 09 03:19:07 UTC 2018 About to sleep for 5.0 seconds before running or rerunning.  Test is: /home/travis/build/icyphy/ptII/ptolemy/actor/lib/jjs/modules/cameras/demo/Foscam/Foscam.xml
Done sleeping
Running .Foscam
Foscam2: snapshot.cgi?user=admin&pwd=&undefined= (Thread[AWT-EventQueue-0,6,main])
Foscam2: Making an HTTP request. (Thread[AWT-EventQueue-0,6,main])
ExportHTMLTimer went off after 30000 ms., calling getDirector().finish and getDirector().stopFire()
Foscam2: undefined.cgi?user=admin&pwd=&undefined= (Thread[AWT-EventQueue-0,6,main])
Foscam2: Making an HTTP request. (Thread[AWT-EventQueue-0,6,main])
30017 ms. Memory: 2043392K Free: 1323302K (65%)
Exported /home/travis/build/icyphy/ptII/ptolemy/actor/lib/jjs/modules/cameras/demo/Foscam/Foscam/index.html
35285 ms. Memory: 2043392K Free: 1287523K (63%)
####### 20 Sun Dec 09 03:19:47 UTC 2018 $PTII/bin/ptinvoke ptolemy.vergil.basic.export.ExportModel -force htm -run -openComposites -timeOut 30000 -whiteBackground ptolemy/actor/lib/jjs/modules/computerVision/demo/ComputerVision/ComputerVision.xml $PTII/ptolemy/actor/lib/jjs/modules/computerVision/demo/ComputerVision/ComputerVision
----------------- Sun Dec 09 03:19:47 UTC 2018 About to sleep for 5.0 seconds before running or rerunning.  Test is: /home/travis/build/icyphy/ptII/ptolemy/actor/lib/jjs/modules/computerVision/demo/ComputerVision/ComputerVision.xml
Done sleeping
Running .ComputerVision
Manager.initialize() finished: 14051 ms. Memory: 1933312K Free: 418797K (22%)
17563 ms. Memory: 2115584K Free: 1756476K (83%)
Exported /home/travis/build/icyphy/ptII/ptolemy/actor/lib/jjs/modules/computerVision/demo/ComputerVision/ComputerVision/index.html
31189 ms. Memory: 2115584K Free: 1708651K (81%)
####### 21 Sun Dec 09 03:20:23 UTC 2018 $PTII/bin/ptinvoke ptolemy.vergil.basic.export.ExportModel -force htm  -openComposites -timeOut 30000 -whiteBackground ptolemy/actor/lib/jjs/modules/contextAware/demo/ContextAware/ContextAware.xml $PTII/ptolemy/actor/lib/jjs/modules/contextAware/demo/ContextAware/ContextAware
Warning: not running ptolemy/actor/lib/jjs/modules/contextAware/demo/ContextAware/ContextAware.xml. See ptolemy/vergil/basic/export/test/junit/ExportModelJUnitTest.java
----------------- Sun Dec 09 03:20:23 UTC 2018 About to sleep for 5.0 seconds before running or rerunning.  Test is: /home/travis/build/icyphy/ptII/ptolemy/actor/lib/jjs/modules/contextAware/demo/ContextAware/ContextAware.xml
Done sleeping
Exported /home/travis/build/icyphy/ptII/ptolemy/actor/lib/jjs/modules/contextAware/demo/ContextAware/ContextAware/index.html
4656 ms. Memory: 2115584K Free: 1394832K (66%)
####### 22 Sun Dec 09 03:20:33 UTC 2018 $PTII/bin/ptinvoke ptolemy.vergil.basic.export.ExportModel -force htm -run -openComposites -timeOut 30000 -whiteBackground ptolemy/actor/lib/jjs/modules/crypto/demo/AsymmetricEncrypt/AsymmetricEncrypt.xml $PTII/ptolemy/actor/lib/jjs/modules/crypto/demo/AsymmetricEncrypt/AsymmetricEncrypt
----------------- Sun Dec 09 03:20:33 UTC 2018 About to sleep for 5.0 seconds before running or rerunning.  Test is: /home/travis/build/icyphy/ptII/ptolemy/actor/lib/jjs/modules/crypto/demo/AsymmetricEncrypt/AsymmetricEncrypt.xml
Done sleeping
Running .AsymmetricEncrypt
Manager.initialize() finished: 10091 ms. Memory: 2105856K Free: 1507696K (72%)
RandomBytes: [ 83 ] (Thread[AWT-EventQueue-0,6,main])
EncryptWithHash: ### it is a string: hello world! (Thread[AWT-EventQueue-0,6,main])
RandomBytes: [ -113, -107 ] (Thread[AWT-EventQueue-0,6,main])
EncryptWithHash: ### it is a string: bye world! (Thread[AWT-EventQueue-0,6,main])
RandomBytes: [ 32, -48, -100 ] (Thread[AWT-EventQueue-0,6,main])
RandomBytes: [ -65, -9, -3, 47 ] (Thread[AWT-EventQueue-0,6,main])
13179 ms. Memory: 2105856K Free: 1435842K (68%)
Exported /home/travis/build/icyphy/ptII/ptolemy/actor/lib/jjs/modules/crypto/demo/AsymmetricEncrypt/AsymmetricEncrypt/index.html
24175 ms. Memory: 2105856K Free: 1299446K (62%)
####### 23 Sun Dec 09 03:21:02 UTC 2018 $PTII/bin/ptinvoke ptolemy.vergil.basic.export.ExportModel -force htm -run -openComposites -timeOut 30000 -whiteBackground ptolemy/actor/lib/jjs/modules/crypto/demo/MessageDigest/MessageDigest.xml $PTII/ptolemy/actor/lib/jjs/modules/crypto/demo/MessageDigest/MessageDigest
----------------- Sun Dec 09 03:21:02 UTC 2018 About to sleep for 5.0 seconds before running or rerunning.  Test is: /home/travis/build/icyphy/ptII/ptolemy/actor/lib/jjs/modules/crypto/demo/MessageDigest/MessageDigest.xml
Done sleeping
Running .MessageDigest
RandomBytes: [ -115 ] (Thread[AWT-EventQueue-0,6,main])
EncryptWithHash: ### it is a string: hello world! (Thread[AWT-EventQueue-0,6,main])
EncryptWithHash: [ 104,
  101,
  108,
  108,
  111,
  32,
  119,
  111,
  114,
  108,
  100,
  33,
  117,
  9,
  -27,
  -67,
  -96,
  -57,
  98,
  -46,
  -70,
  -57,
  -7,
  13,
  117,
  -117,
  91,
  34,
  99,
  -6,
  1,
  -52,
  -68,
  84,
  42,
  -75,
  -29,
  -33,
  22,
  59,
  -32,
  -114,
  108,
  -87 ] (Thread[AWT-EventQueue-0,6,main])
DecryptWithHash: [ 104, 101, 108, 108, 111, 32, 119, 111, 114, 108, 100, 33 ] (Thread[AWT-EventQueue-0,6,main])
DecryptWithHash: [ 117,
  9,
  -27,
  -67,
  -96,
  -57,
  98,
  -46,
  -70,
  -57,
  -7,
  13,
  117,
  -117,
  91,
  34,
  99,
  -6,
  1,
  -52,
  -68,
  84,
  42,
  -75,
  -29,
  -33,
  22,
  59,
  -32,
  -114,
  108,
  -87 ] (Thread[AWT-EventQueue-0,6,main])
DecryptWithHash: [ 117,
  9,
  -27,
  -67,
  -96,
  -57,
  98,
  -46,
  -70,
  -57,
  -7,
  13,
  117,
  -117,
  91,
  34,
  99,
  -6,
  1,
  -52,
  -68,
  84,
  42,
  -75,
  -29,
  -33,
  22,
  59,
  -32,
  -114,
  108,
  -87 ] (Thread[AWT-EventQueue-0,6,main])
RandomBytes: [ -87, 102 ] (Thread[AWT-EventQueue-0,6,main])
EncryptWithHash: ### it is a string: bye world! (Thread[AWT-EventQueue-0,6,main])
EncryptWithHash: [ 98,
  121,
  101,
  32,
  119,
  111,
  114,
  108,
  100,
  33,
  87,
  -40,
  61,
  -97,
  47,
  -93,
  111,
  -126,
  41,
  -41,
  5,
  71,
  -116,
  -126,
  88,
  -110,
  -25,
  18,
  9,
  123,
  68,
  24,
  11,
  -64,
  -67,
  36,
  -65,
  21,
  -14,
  -69,
  -122,
  53 ] (Thread[AWT-EventQueue-0,6,main])
DecryptWithHash: [ 98, 121, 101, 32, 119, 111, 114, 108, 100, 33 ] (Thread[AWT-EventQueue-0,6,main])
DecryptWithHash: [ 87,
  -40,
  61,
  -97,
  47,
  -93,
  111,
  -126,
  41,
  -41,
  5,
  71,
  -116,
  -126,
  88,
  -110,
  -25,
  18,
  9,
  123,
  68,
  24,
  11,
  -64,
  -67,
  36,
  -65,
  21,
  -14,
  -69,
  -122,
  53 ] (Thread[AWT-EventQueue-0,6,main])
DecryptWithHash: [ 87,
  -40,
  61,
  -97,
  47,
  -93,
  111,
  -126,
  41,
  -41,
  5,
  71,
  -116,
  -126,
  88,
  -110,
  -25,
  18,
  9,
  123,
  68,
  24,
  11,
  -64,
  -67,
  36,
  -65,
  21,
  -14,
  -69,
  -122,
  53 ] (Thread[AWT-EventQueue-0,6,main])
RandomBytes: [ -64, 91, 13 ] (Thread[AWT-EventQueue-0,6,main])
RandomBytes: [ 32, -74, -90, -69 ] (Thread[AWT-EventQueue-0,6,main])
9177 ms. Memory: 2089984K Free: 888086K (42%)
Exported /home/travis/build/icyphy/ptII/ptolemy/actor/lib/jjs/modules/crypto/demo/MessageDigest/MessageDigest/index.html
16391 ms. Memory: 2089984K Free: 812873K (39%)
####### 24 Sun Dec 09 03:21:24 UTC 2018 $PTII/bin/ptinvoke ptolemy.vergil.basic.export.ExportModel -force htm -run -openComposites -timeOut 30000 -whiteBackground ptolemy/actor/lib/jjs/modules/crypto/demo/RandomBytes/RandomBytes.xml $PTII/ptolemy/actor/lib/jjs/modules/crypto/demo/RandomBytes/RandomBytes
----------------- Sun Dec 09 03:21:24 UTC 2018 About to sleep for 5.0 seconds before running or rerunning.  Test is: /home/travis/build/icyphy/ptII/ptolemy/actor/lib/jjs/modules/crypto/demo/RandomBytes/RandomBytes.xml
Done sleeping
Running .RandomBytes
RandomBytes: [ -125 ] (Thread[AWT-EventQueue-0,6,main])
RandomBytes: [ 106, 91 ] (Thread[AWT-EventQueue-0,6,main])
RandomBytes: [ 47, 81, 53 ] (Thread[AWT-EventQueue-0,6,main])
RandomBytes: [ -27, -19, -125, 87 ] (Thread[AWT-EventQueue-0,6,main])
4051 ms. Memory: 2097664K Free: 1500895K (72%)
Exported /home/travis/build/icyphy/ptII/ptolemy/actor/lib/jjs/modules/crypto/demo/RandomBytes/RandomBytes/index.html
8865 ms. Memory: 2097664K Free: 1472670K (70%)
####### 25 Sun Dec 09 03:21:37 UTC 2018 $PTII/bin/ptinvoke ptolemy.vergil.basic.export.ExportModel -force htm -run -openComposites -timeOut 30000 -whiteBackground ptolemy/actor/lib/jjs/modules/crypto/demo/SymmetricEncrypt/SymmetricEncrypt.xml $PTII/ptolemy/actor/lib/jjs/modules/crypto/demo/SymmetricEncrypt/SymmetricEncrypt
----------------- Sun Dec 09 03:21:37 UTC 2018 About to sleep for 5.0 seconds before running or rerunning.  Test is: /home/travis/build/icyphy/ptII/ptolemy/actor/lib/jjs/modules/crypto/demo/SymmetricEncrypt/SymmetricEncrypt.xml
Done sleeping
Running .SymmetricEncrypt
RandomBytes: [ 18 ] (Thread[AWT-EventQueue-0,6,main])
RandomBytes: [ 15, 12 ] (Thread[AWT-EventQueue-0,6,main])
RandomBytes: [ -42, 58, 1 ] (Thread[AWT-EventQueue-0,6,main])
RandomBytes: [ 72, 106, -38, 89 ] (Thread[AWT-EventQueue-0,6,main])
6279 ms. Memory: 2114560K Free: 1537607K (73%)
Exported /home/travis/build/icyphy/ptII/ptolemy/actor/lib/jjs/modules/crypto/demo/SymmetricEncrypt/SymmetricEncrypt/index.html
12122 ms. Memory: 2114560K Free: 1484827K (70%)
####### 26 Sun Dec 09 03:21:55 UTC 2018 $PTII/bin/ptinvoke ptolemy.vergil.basic.export.ExportModel -force htm  -openComposites -timeOut 30000 -whiteBackground ptolemy/actor/lib/jjs/modules/discovery/demo/Discovery/Discovery.xml $PTII/ptolemy/actor/lib/jjs/modules/discovery/demo/Discovery/Discovery
Warning: not running ptolemy/actor/lib/jjs/modules/discovery/demo/Discovery/Discovery.xml. See ptolemy/vergil/basic/export/test/junit/ExportModelJUnitTest.java
----------------- Sun Dec 09 03:21:55 UTC 2018 About to sleep for 5.0 seconds before running or rerunning.  Test is: /home/travis/build/icyphy/ptII/ptolemy/actor/lib/jjs/modules/discovery/demo/Discovery/Discovery.xml
Done sleeping
Exported /home/travis/build/icyphy/ptII/ptolemy/actor/lib/jjs/modules/discovery/demo/Discovery/Discovery/index.html
3230 ms. Memory: 2114560K Free: 1329234K (63%)
####### 27 Sun Dec 09 03:22:03 UTC 2018 $PTII/bin/ptinvoke ptolemy.vergil.basic.export.ExportModel -force htm -run -openComposites -timeOut 30000 -whiteBackground ptolemy/actor/lib/jjs/modules/discovery/demo/Discovery/DiscoveryJS.xml $PTII/ptolemy/actor/lib/jjs/modules/discovery/demo/Discovery/DiscoveryJS
----------------- Sun Dec 09 03:22:03 UTC 2018 About to sleep for 5.0 seconds before running or rerunning.  Test is: /home/travis/build/icyphy/ptII/ptolemy/actor/lib/jjs/modules/discovery/demo/Discovery/DiscoveryJS.xml
Done sleeping
Running .DiscoveryJS
7069 ms. Memory: 2120704K Free: 972309K (46%)
Exported /home/travis/build/icyphy/ptII/ptolemy/actor/lib/jjs/modules/discovery/demo/Discovery/DiscoveryJS/index.html
12439 ms. Memory: 2120704K Free: 946316K (45%)
####### 28 Sun Dec 09 03:22:20 UTC 2018 $PTII/bin/ptinvoke ptolemy.vergil.basic.export.ExportModel -force htm -run -openComposites -timeOut 30000 -whiteBackground ptolemy/actor/lib/jjs/modules/discovery/demo/Discovery/PopulateSwarmboxMap.xml $PTII/ptolemy/actor/lib/jjs/modules/discovery/demo/Discovery/PopulateSwarmboxMap
----------------- Sun Dec 09 03:22:20 UTC 2018 About to sleep for 5.0 seconds before running or rerunning.  Test is: /home/travis/build/icyphy/ptII/ptolemy/actor/lib/jjs/modules/discovery/demo/Discovery/PopulateSwarmboxMap.xml
Done sleeping
Running .PopulateSwarmboxMap
Manager.initialize() finished: 10771 ms. Memory: 2168832K Free: 1269633K (59%)
REST: Making an HTTP request. (Thread[AWT-EventQueue-0,6,main])
20848 ms. Memory: 2168832K Free: 1234076K (57%)
Exported /home/travis/build/icyphy/ptII/ptolemy/actor/lib/jjs/modules/discovery/demo/Discovery/PopulateSwarmboxMap/index.html
32193 ms. Memory: 2168832K Free: 1112474K (51%)
####### 29 Sun Dec 09 03:22:57 UTC 2018 $PTII/bin/ptinvoke ptolemy.vergil.basic.export.ExportModel -force htm -run -openComposites -timeOut 30000 -whiteBackground ptolemy/actor/lib/jjs/modules/discovery/demo/Discovery/PostSwarmboxDevices.xml $PTII/ptolemy/actor/lib/jjs/modules/discovery/demo/Discovery/PostSwarmboxDevices
----------------- Sun Dec 09 03:22:57 UTC 2018 About to sleep for 5.0 seconds before running or rerunning.  Test is: /home/travis/build/icyphy/ptII/ptolemy/actor/lib/jjs/modules/discovery/demo/Discovery/PostSwarmboxDevices.xml
Done sleeping
Running .PostSwarmboxDevices
REST: Making an HTTP request. (Thread[AWT-EventQueue-0,6,main])
ExportHTMLTimer went off after 30000 ms., calling getDirector().finish and getDirector().stopFire()
30022 ms. Memory: 2171904K Free: 783376K (36%)
Exported /home/travis/build/icyphy/ptII/ptolemy/actor/lib/jjs/modules/discovery/demo/Discovery/PostSwarmboxDevices/index.html
36320 ms. Memory: 2171904K Free: 731401K (34%)
####### 30 Sun Dec 09 03:23:39 UTC 2018 $PTII/bin/ptinvoke ptolemy.vergil.basic.export.ExportModel -force htm -run -openComposites -timeOut 30000 -whiteBackground ptolemy/actor/lib/jjs/modules/discovery/demo/Heartbeat/Heartbeat.xml $PTII/ptolemy/actor/lib/jjs/modules/discovery/demo/Heartbeat/Heartbeat
----------------- Sun Dec 09 03:23:39 UTC 2018 About to sleep for 5.0 seconds before running or rerunning.  Test is: /home/travis/build/icyphy/ptII/ptolemy/actor/lib/jjs/modules/discovery/demo/Heartbeat/Heartbeat.xml
Done sleeping
Running .Heartbeat
Heartbeat: HeartBeat: pingMothership (Thread[AWT-EventQueue-0,6,main])
Heartbeat: Making an HTTP request. (Thread[AWT-EventQueue-0,6,main])
Heartbeat: Request problem: Unable to check in with server: Error: Search domain query failed. Original hostname: 'terra.eecs.berkeley.edu' failed to resolve 'terra.eecs.berkeley.edu.google.internal' after 2 queries  (Thread[AWT-EventQueue-0,6,main])
Heartbeat: HeartBeat: pingMothership (Thread[AWT-EventQueue-0,6,main])
Heartbeat: Making an HTTP request. (Thread[AWT-EventQueue-0,6,main])
Heartbeat: Request problem: Unable to check in with server: Error: Search domain query failed. Original hostname: 'terra.eecs.berkeley.edu' failed to resolve 'terra.eecs.berkeley.edu.google.internal' after 2 queries  (Thread[AWT-EventQueue-0,6,main])
Heartbeat: HeartBeat: pingMothership (Thread[AWT-EventQueue-0,6,main])
Heartbeat: Making an HTTP request. (Thread[AWT-EventQueue-0,6,main])
Heartbeat: Request problem: Unable to check in with server: Error: Search domain query failed. Original hostname: 'terra.eecs.berkeley.edu' failed to resolve 'terra.eecs.berkeley.edu.google.internal' after 2 queries  (Thread[AWT-EventQueue-0,6,main])
Heartbeat: HeartBeat: pingMothership (Thread[AWT-EventQueue-0,6,main])
Heartbeat: Making an HTTP request. (Thread[AWT-EventQueue-0,6,main])
Heartbeat: Request problem: Unable to check in with server: Error: Search domain query failed. Original hostname: 'terra.eecs.berkeley.edu' failed to resolve 'terra.eecs.berkeley.edu.google.internal' after 2 queries  (Thread[AWT-EventQueue-0,6,main])
Heartbeat: HeartBeat: pingMothership (Thread[AWT-EventQueue-0,6,main])
Heartbeat: Making an HTTP request. (Thread[AWT-EventQueue-0,6,main])
Heartbeat: Request problem: Unable to check in with server: Error: Search domain query failed. Original hostname: 'terra.eecs.berkeley.edu' failed to resolve 'terra.eecs.berkeley.edu.google.internal' after 2 queries  (Thread[AWT-EventQueue-0,6,main])
Heartbeat: HeartBeat: pingMothership (Thread[AWT-EventQueue-0,6,main])
Heartbeat: Making an HTTP request. (Thread[AWT-EventQueue-0,6,main])
Heartbeat: Request problem: Unable to check in with server: Error: Search domain query failed. Original hostname: 'terra.eecs.berkeley.edu' failed to resolve 'terra.eecs.berkeley.edu.google.internal' after 2 queries  (Thread[AWT-EventQueue-0,6,main])
Heartbeat: HeartBeat: pingMothership (Thread[AWT-EventQueue-0,6,main])
Heartbeat: Making an HTTP request. (Thread[AWT-EventQueue-0,6,main])
Heartbeat: Request problem: Unable to check in with server: Error: Search domain query failed. Original hostname: 'terra.eecs.berkeley.edu' failed to resolve 'terra.eecs.berkeley.edu.google.internal' after 2 queries  (Thread[AWT-EventQueue-0,6,main])
Heartbeat: HeartBeat: pingMothership (Thread[AWT-EventQueue-0,6,main])
Heartbeat: Making an HTTP request. (Thread[AWT-EventQueue-0,6,main])
Heartbeat: Request problem: Unable to check in with server: Error: Search domain query failed. Original hostname: 'terra.eecs.berkeley.edu' failed to resolve 'terra.eecs.berkeley.edu.google.internal' after 2 queries  (Thread[AWT-EventQueue-0,6,main])
Heartbeat: HeartBeat: pingMothership (Thread[AWT-EventQueue-0,6,main])
Heartbeat: Making an HTTP request. (Thread[AWT-EventQueue-0,6,main])
Heartbeat: Request problem: Unable to check in with server: Error: Search domain query failed. Original hostname: 'terra.eecs.berkeley.edu' failed to resolve 'terra.eecs.berkeley.edu.google.internal' after 2 queries  (Thread[AWT-EventQueue-0,6,main])
Heartbeat: HeartBeat: pingMothership (Thread[AWT-EventQueue-0,6,main])
Heartbeat: Making an HTTP request. (Thread[AWT-EventQueue-0,6,main])
13037 ms. Memory: 2226176K Free: 1139648K (51%)
Exported /home/travis/build/icyphy/ptII/ptolemy/actor/lib/jjs/modules/discovery/demo/Heartbeat/Heartbeat/index.html
20027 ms. Memory: 2226176K Free: 1115879K (50%)
####### 31 Sun Dec 09 03:24:04 UTC 2018 $PTII/bin/ptinvoke ptolemy.vergil.basic.export.ExportModel -force htm  -openComposites -timeOut 30000 -whiteBackground ptolemy/actor/lib/jjs/modules/dsp/demo/AudioFFT/AudioFFT.xml $PTII/ptolemy/actor/lib/jjs/modules/dsp/demo/AudioFFT/AudioFFT
Warning: not running ptolemy/actor/lib/jjs/modules/dsp/demo/AudioFFT/AudioFFT.xml. See ptolemy/vergil/basic/export/test/junit/ExportModelJUnitTest.java
----------------- Sun Dec 09 03:24:04 UTC 2018 About to sleep for 5.0 seconds before running or rerunning.  Test is: /home/travis/build/icyphy/ptII/ptolemy/actor/lib/jjs/modules/dsp/demo/AudioFFT/AudioFFT.xml
Done sleeping
Exported /home/travis/build/icyphy/ptII/ptolemy/actor/lib/jjs/modules/dsp/demo/AudioFFT/AudioFFT/index.html
4965 ms. Memory: 2226176K Free: 611780K (27%)
####### 32 Sun Dec 09 03:24:14 UTC 2018 $PTII/bin/ptinvoke ptolemy.vergil.basic.export.ExportModel -force htm -run -openComposites -timeOut 30000 -whiteBackground ptolemy/actor/lib/jjs/modules/dsp/demo/AudioFFT/SinusoidFFT.xml $PTII/ptolemy/actor/lib/jjs/modules/dsp/demo/AudioFFT/SinusoidFFT
----------------- Sun Dec 09 03:24:14 UTC 2018 About to sleep for 5.0 seconds before running or rerunning.  Test is: /home/travis/build/icyphy/ptII/ptolemy/actor/lib/jjs/modules/dsp/demo/AudioFFT/SinusoidFFT.xml
Done sleeping
Running .SinusoidFFT
2441 ms. Memory: 2231808K Free: 1132668K (51%)
Exported /home/travis/build/icyphy/ptII/ptolemy/actor/lib/jjs/modules/dsp/demo/AudioFFT/SinusoidFFT/index.html
7943 ms. Memory: 2231808K Free: 1031374K (46%)
####### 33 Sun Dec 09 03:24:27 UTC 2018 $PTII/bin/ptinvoke ptolemy.vergil.basic.export.ExportModel -force htm -run -openComposites -timeOut 30000 -whiteBackground ptolemy/actor/lib/jjs/modules/eventbus/demo/VertxBus/VertxBus.xml $PTII/ptolemy/actor/lib/jjs/modules/eventbus/demo/VertxBus/VertxBus
----------------- Sun Dec 09 03:24:27 UTC 2018 About to sleep for 5.0 seconds before running or rerunning.  Test is: /home/travis/build/icyphy/ptII/ptolemy/actor/lib/jjs/modules/eventbus/demo/VertxBus/VertxBus.xml
Done sleeping
Running .VertxBus
12468 ms. Memory: 2243072K Free: 1550857K (69%)
Exported /home/travis/build/icyphy/ptII/ptolemy/actor/lib/jjs/modules/eventbus/demo/VertxBus/VertxBus/index.html
18329 ms. Memory: 2243072K Free: 1522853K (68%)
####### 34 Sun Dec 09 03:24:50 UTC 2018 $PTII/bin/ptinvoke ptolemy.vergil.basic.export.ExportModel -force htm -run -openComposites -timeOut 30000 -whiteBackground ptolemy/actor/lib/jjs/modules/eventbus/demo/VertxChat/VertxChat.xml $PTII/ptolemy/actor/lib/jjs/modules/eventbus/demo/VertxChat/VertxChat
----------------- Sun Dec 09 03:24:50 UTC 2018 About to sleep for 5.0 seconds before running or rerunning.  Test is: /home/travis/build/icyphy/ptII/ptolemy/actor/lib/jjs/modules/eventbus/demo/VertxChat/VertxChat.xml
Done sleeping
.VertxChat.ThreadedComposite.InteractiveShell invoked SwingUtilities.invokeAndWait()
Model ".VertxChat" contains actors such cannot be run  as part of the export process from ExportModel or it has a WebExportParameters value that runBeforeExport set to false. To export run this model and export it, use vergil.
Exported /home/travis/build/icyphy/ptII/ptolemy/actor/lib/jjs/modules/eventbus/demo/VertxChat/VertxChat/index.html
5445 ms. Memory: 2243072K Free: 973881K (43%)
####### 35 Sun Dec 09 03:25:00 UTC 2018 $PTII/bin/ptinvoke ptolemy.vergil.basic.export.ExportModel -force htm -run -openComposites -timeOut 30000 -whiteBackground ptolemy/actor/lib/jjs/modules/faceDetector/demo/FaceDetector/FaceDetector.xml $PTII/ptolemy/actor/lib/jjs/modules/faceDetector/demo/FaceDetector/FaceDetector
----------------- Sun Dec 09 03:25:00 UTC 2018 About to sleep for 5.0 seconds before running or rerunning.  Test is: /home/travis/build/icyphy/ptII/ptolemy/actor/lib/jjs/modules/faceDetector/demo/FaceDetector/FaceDetector.xml
Done sleeping
Running .FaceDetector
1389 ms. Memory: 2243072K Free: 529416K (24%)
Exported /home/travis/build/icyphy/ptII/ptolemy/actor/lib/jjs/modules/faceDetector/demo/FaceDetector/FaceDetector/index.html
6258 ms. Memory: 2243072K Free: 502832K (22%)
####### 36 Sun Dec 09 03:25:12 UTC 2018 $PTII/bin/ptinvoke ptolemy.vergil.basic.export.ExportModel -force htm -run -openComposites -timeOut 30000 -whiteBackground ptolemy/actor/lib/jjs/modules/faceDetector/demo/FaceDetectorCamera/FaceDetectorCamera.xml $PTII/ptolemy/actor/lib/jjs/modules/faceDetector/demo/FaceDetectorCamera/FaceDetectorCamera
----------------- Sun Dec 09 03:25:12 UTC 2018 About to sleep for 5.0 seconds before running or rerunning.  Test is: /home/travis/build/icyphy/ptII/ptolemy/actor/lib/jjs/modules/faceDetector/demo/FaceDetectorCamera/FaceDetectorCamera.xml
Done sleeping
Running .FaceDetectorCamera
[...]
[atomic-processor-1] INFO com.github.sarxos.webcam.ds.cgt.WebcamOpenTask - Opening webcam Dummy Webcam 0
[atomic-processor-1] INFO com.github.sarxos.webcam.ds.cgt.WebcamCloseTask - Closing Dummy Webcam 0
WARNING: REST: Model stopped before executing actions (e.g. producing outputs) scheduled for execution at times [5.473, 5.0]
HttpClientHelper.java: Received an error for request 0: io.netty.channel.AbstractChannel$AnnotatedConnectException: Connection refused: localhost/127.0.0.1:8077
io.netty.channel.AbstractChannel$AnnotatedConnectException: Connection refused: localhost/127.0.0.1:8077
	at sun.nio.ch.SocketChannelImpl.checkConnect(Native Method)
	at sun.nio.ch.SocketChannelImpl.finishConnect(SocketChannelImpl.java:717)
	at io.netty.channel.socket.nio.NioSocketChannel.doFinishConnect(NioSocketChannel.java:325)
	at io.netty.channel.nio.AbstractNioChannel$AbstractNioUnsafe.finishConnect(AbstractNioChannel.java:340)
	at io.netty.channel.nio.NioEventLoop.processSelectedKey(NioEventLoop.java:633)
	at io.netty.channel.nio.NioEventLoop.processSelectedKeysOptimized(NioEventLoop.java:580)
	at io.netty.channel.nio.NioEventLoop.processSelectedKeys(NioEventLoop.java:497)
	at io.netty.channel.nio.NioEventLoop.run(NioEventLoop.java:459)
	at io.netty.util.concurrent.SingleThreadEventExecutor$5.run(SingleThreadEventExecutor.java:886)
	at io.netty.util.concurrent.FastThreadLocalRunnable.run(FastThreadLocalRunnable.java:30)
	at java.lang.Thread.run(Thread.java:748)
Caused by: java.net.ConnectException: Connection refused
	... 11 more
HttpClientHelper.java: Received an error for request 1: io.netty.channel.AbstractChannel$AnnotatedConnectException: Connection refused: localhost/127.0.0.1:8077
io.netty.channel.AbstractChannel$AnnotatedConnectException: Connection refused: localhost/127.0.0.1:8077
	at sun.nio.ch.SocketChannelImpl.checkConnect(Native Method)
	at sun.nio.ch.SocketChannelImpl.finishConnect(SocketChannelImpl.java:717)
	at io.netty.channel.socket.nio.NioSocketChannel.doFinishConnect(NioSocketChannel.java:325)
	at io.netty.channel.nio.AbstractNioChannel$AbstractNioUnsafe.finishConnect(AbstractNioChannel.java:340)
	at io.netty.channel.nio.NioEventLoop.processSelectedKey(NioEventLoop.java:633)
	at io.netty.channel.nio.NioEventLoop.processSelectedKeysOptimized(NioEventLoop.java:580)
	at io.netty.channel.nio.NioEventLoop.processSelectedKeys(NioEventLoop.java:497)
	at io.netty.channel.nio.NioEventLoop.run(NioEventLoop.java:459)
	at io.netty.util.concurrent.SingleThreadEventExecutor$5.run(SingleThreadEventExecutor.java:886)
	at io.netty.util.concurrent.FastThreadLocalRunnable.run(FastThreadLocalRunnable.java:30)
	at java.lang.Thread.run(Thread.java:748)
Caused by: java.net.ConnectException: Connection refused
	... 11 more
HttpClientHelper.java: Received an error for request 2: io.netty.channel.AbstractChannel$AnnotatedConnectException: Connection refused: localhost/127.0.0.1:8077
io.netty.channel.AbstractChannel$AnnotatedConnectException: Connection refused: localhost/127.0.0.1:8077
	at sun.nio.ch.SocketChannelImpl.checkConnect(Native Method)
	at sun.nio.ch.SocketChannelImpl.finishConnect(SocketChannelImpl.java:717)
	at io.netty.channel.socket.nio.NioSocketChannel.doFinishConnect(NioSocketChannel.java:325)
	at io.netty.channel.nio.AbstractNioChannel$AbstractNioUnsafe.finishConnect(AbstractNioChannel.java:340)
	at io.netty.channel.nio.NioEventLoop.processSelectedKey(NioEventLoop.java:633)
	at io.netty.channel.nio.NioEventLoop.processSelectedKeysOptimized(NioEventLoop.java:580)
	at io.netty.channel.nio.NioEventLoop.processSelectedKeys(NioEventLoop.java:497)
	at io.netty.channel.nio.NioEventLoop.run(NioEventLoop.java:459)
	at io.netty.util.concurrent.SingleThreadEventExecutor$5.run(SingleThreadEventExecutor.java:886)
	at io.netty.util.concurrent.FastThreadLocalRunnable.run(FastThreadLocalRunnable.java:30)
	at java.lang.Thread.run(Thread.java:748)
Caused by: java.net.ConnectException: Connection refused
	... 11 more
HttpClientHelper.java: Received an error for request 3: io.netty.channel.AbstractChannel$AnnotatedConnectException: Connection refused: localhost/127.0.0.1:8077
io.netty.channel.AbstractChannel$AnnotatedConnectException: Connection refused: localhost/127.0.0.1:8077
	at sun.nio.ch.SocketChannelImpl.checkConnect(Native Method)
	at sun.nio.ch.SocketChannelImpl.finishConnect(SocketChannelImpl.java:717)
	at io.netty.channel.socket.nio.NioSocketChannel.doFinishConnect(NioSocketChannel.java:325)
	at io.netty.channel.nio.AbstractNioChannel$AbstractNioUnsafe.finishConnect(AbstractNioChannel.java:340)
	at io.netty.channel.nio.NioEventLoop.processSelectedKey(NioEventLoop.java:633)
	at io.netty.channel.nio.NioEventLoop.processSelectedKeysOptimized(NioEventLoop.java:580)
	at io.netty.channel.nio.NioEventLoop.processSelectedKeys(NioEventLoop.java:497)
	at io.netty.channel.nio.NioEventLoop.run(NioEventLoop.java:459)
	at io.netty.util.concurrent.SingleThreadEventExecutor$5.run(SingleThreadEventExecutor.java:886)
	at io.netty.util.concurrent.FastThreadLocalRunnable.run(FastThreadLocalRunnable.java:30)
	at java.lang.Thread.run(Thread.java:748)
Caused by: java.net.ConnectException: Connection refused
	... 11 more
HttpClientHelper.java: Received an error for request 4: io.netty.channel.AbstractChannel$AnnotatedConnectException: Connection refused: localhost/127.0.0.1:8077
io.netty.channel.AbstractChannel$AnnotatedConnectException: Connection refused: localhost/127.0.0.1:8077
	at sun.nio.ch.SocketChannelImpl.checkConnect(Native Method)
	at sun.nio.ch.SocketChannelImpl.finishConnect(SocketChannelImpl.java:717)
	at io.netty.channel.socket.nio.NioSocketChannel.doFinishConnect(NioSocketChannel.java:325)
	at io.netty.channel.nio.AbstractNioChannel$AbstractNioUnsafe.finishConnect(AbstractNioChannel.java:340)
	at io.netty.channel.nio.NioEventLoop.processSelectedKey(NioEventLoop.java:633)
	at io.netty.channel.nio.NioEventLoop.processSelectedKeysOptimized(NioEventLoop.java:580)
	at io.netty.channel.nio.NioEventLoop.processSelectedKeys(NioEventLoop.java:497)
	at io.netty.channel.nio.NioEventLoop.run(NioEventLoop.java:459)
	at io.netty.util.concurrent.SingleThreadEventExecutor$5.run(SingleThreadEventExecutor.java:886)
	at io.netty.util.concurrent.FastThreadLocalRunnable.run(FastThreadLocalRunnable.java:30)
	at java.lang.Thread.run(Thread.java:748)
Caused by: java.net.ConnectException: Connection refused
	... 11 more
HttpClientHelper.java: Received an error for request 5: io.netty.channel.AbstractChannel$AnnotatedConnectException: Connection refused: localhost/127.0.0.1:8077
io.netty.channel.AbstractChannel$AnnotatedConnectException: Connection refused: localhost/127.0.0.1:8077
	at sun.nio.ch.SocketChannelImpl.checkConnect(Native Method)
	at sun.nio.ch.SocketChannelImpl.finishConnect(SocketChannelImpl.java:717)
	at io.netty.channel.socket.nio.NioSocketChannel.doFinishConnect(NioSocketChannel.java:325)
	at io.netty.channel.nio.AbstractNioChannel$AbstractNioUnsafe.finishConnect(AbstractNioChannel.java:340)
	at io.netty.channel.nio.NioEventLoop.processSelectedKey(NioEventLoop.java:633)
	at io.netty.channel.nio.NioEventLoop.processSelectedKeysOptimized(NioEventLoop.java:580)
	at io.netty.channel.nio.NioEventLoop.processSelectedKeys(NioEventLoop.java:497)
	at io.netty.channel.nio.NioEventLoop.run(NioEventLoop.java:459)
	at io.netty.util.concurrent.SingleThreadEventExecutor$5.run(SingleThreadEventExecutor.java:886)
	at io.netty.util.concurrent.FastThreadLocalRunnable.run(FastThreadLocalRunnable.java:30)
	at java.lang.Thread.run(Thread.java:748)
Caused by: java.net.ConnectException: Connection refused
	... 11 more
HttpClientHelper.java: Received an error for request 6: io.netty.channel.AbstractChannel$AnnotatedConnectException: Connection refused: localhost/127.0.0.1:8077
io.netty.channel.AbstractChannel$AnnotatedConnectException: Connection refused: localhost/127.0.0.1:8077
	at sun.nio.ch.SocketChannelImpl.checkConnect(Native Method)
	at sun.nio.ch.SocketChannelImpl.finishConnect(SocketChannelImpl.java:717)
	at io.netty.channel.socket.nio.NioSocketChannel.doFinishConnect(NioSocketChannel.java:325)
	at io.netty.channel.nio.AbstractNioChannel$AbstractNioUnsafe.finishConnect(AbstractNioChannel.java:340)
	at io.netty.channel.nio.NioEventLoop.processSelectedKey(NioEventLoop.java:633)
	at io.netty.channel.nio.NioEventLoop.processSelectedKeysOptimized(NioEventLoop.java:580)
	at io.netty.channel.nio.NioEventLoop.processSelectedKeys(NioEventLoop.java:497)
	at io.netty.channel.nio.NioEventLoop.run(NioEventLoop.java:459)
	at io.netty.util.concurrent.SingleThreadEventExecutor$5.run(SingleThreadEventExecutor.java:886)
	at io.netty.util.concurrent.FastThreadLocalRunnable.run(FastThreadLocalRunnable.java:30)
	at java.lang.Thread.run(Thread.java:748)
Caused by: java.net.ConnectException: Connection refused
	... 11 more
HttpClientHelper.java: Received an error for request 7: io.netty.channel.AbstractChannel$AnnotatedConnectException: Connection refused: localhost/127.0.0.1:8077
io.netty.channel.AbstractChannel$AnnotatedConnectException: Connection refused: localhost/127.0.0.1:8077
	at sun.nio.ch.SocketChannelImpl.checkConnect(Native Method)
	at sun.nio.ch.SocketChannelImpl.finishConnect(SocketChannelImpl.java:717)
	at io.netty.channel.socket.nio.NioSocketChannel.doFinishConnect(NioSocketChannel.java:325)
	at io.netty.channel.nio.AbstractNioChannel$AbstractNioUnsafe.finishConnect(AbstractNioChannel.java:340)
	at io.netty.channel.nio.NioEventLoop.processSelectedKey(NioEventLoop.java:633)
	at io.netty.channel.nio.NioEventLoop.processSelectedKeysOptimized(NioEventLoop.java:580)
	at io.netty.channel.nio.NioEventLoop.processSelectedKeys(NioEventLoop.java:497)
	at io.netty.channel.nio.NioEventLoop.run(NioEventLoop.java:459)
	at io.netty.util.concurrent.SingleThreadEventExecutor$5.run(SingleThreadEventExecutor.java:886)
	at io.netty.util.concurrent.FastThreadLocalRunnable.run(FastThreadLocalRunnable.java:30)
	at java.lang.Thread.run(Thread.java:748)
Caused by: java.net.ConnectException: Connection refused
	... 11 more
HttpClientHelper.java: Received an error for request 8: io.netty.channel.AbstractChannel$AnnotatedConnectException: Connection refused: localhost/127.0.0.1:8077
io.netty.channel.AbstractChannel$AnnotatedConnectException: Connection refused: localhost/127.0.0.1:8077
	at sun.nio.ch.SocketChannelImpl.checkConnect(Native Method)
	at sun.nio.ch.SocketChannelImpl.finishConnect(SocketChannelImpl.java:717)
	at io.netty.channel.socket.nio.NioSocketChannel.doFinishConnect(NioSocketChannel.java:325)
	at io.netty.channel.nio.AbstractNioChannel$AbstractNioUnsafe.finishConnect(AbstractNioChannel.java:340)
	at io.netty.channel.nio.NioEventLoop.processSelectedKey(NioEventLoop.java:633)
	at io.netty.channel.nio.NioEventLoop.processSelectedKeysOptimized(NioEventLoop.java:580)
	at io.netty.channel.nio.NioEventLoop.processSelectedKeys(NioEventLoop.java:497)
	at io.netty.channel.nio.NioEventLoop.run(NioEventLoop.java:459)
	at io.netty.util.concurrent.SingleThreadEventExecutor$5.run(SingleThreadEventExecutor.java:886)
	at io.netty.util.concurrent.FastThreadLocalRunnable.run(FastThreadLocalRunnable.java:30)
	at java.lang.Thread.run(Thread.java:748)
Caused by: java.net.ConnectException: Connection refused
	... 11 more
HttpClientHelper.java: Received an error for request 9: io.netty.channel.AbstractChannel$AnnotatedConnectException: Connection refused: localhost/127.0.0.1:8077
io.netty.channel.AbstractChannel$AnnotatedConnectException: Connection refused: localhost/127.0.0.1:8077
	at sun.nio.ch.SocketChannelImpl.checkConnect(Native Method)
	at sun.nio.ch.SocketChannelImpl.finishConnect(SocketChannelImpl.java:717)
	at io.netty.channel.socket.nio.NioSocketChannel.doFinishConnect(NioSocketChannel.java:325)
	at io.netty.channel.nio.AbstractNioChannel$AbstractNioUnsafe.finishConnect(AbstractNioChannel.java:340)
	at io.netty.channel.nio.NioEventLoop.processSelectedKey(NioEventLoop.java:633)
	at io.netty.channel.nio.NioEventLoop.processSelectedKeysOptimized(NioEventLoop.java:580)
	at io.netty.channel.nio.NioEventLoop.processSelectedKeys(NioEventLoop.java:497)
	at io.netty.channel.nio.NioEventLoop.run(NioEventLoop.java:459)
	at io.netty.util.concurrent.SingleThreadEventExecutor$5.run(SingleThreadEventExecutor.java:886)
	at io.netty.util.concurrent.FastThreadLocalRunnable.run(FastThreadLocalRunnable.java:30)
	at java.lang.Thread.run(Thread.java:748)
Caused by: java.net.ConnectException: Connection refused
	... 11 more
HttpClientHelper.java: Received an error for request 10: io.netty.channel.AbstractChannel$AnnotatedConnectException: Connection refused: localhost/127.0.0.1:8077
io.netty.channel.AbstractChannel$AnnotatedConnectException: Connection refused: localhost/127.0.0.1:8077
	at sun.nio.ch.SocketChannelImpl.checkConnect(Native Method)
	at sun.nio.ch.SocketChannelImpl.finishConnect(SocketChannelImpl.java:717)
	at io.netty.channel.socket.nio.NioSocketChannel.doFinishConnect(NioSocketChannel.java:325)
	at io.netty.channel.nio.AbstractNioChannel$AbstractNioUnsafe.finishConnect(AbstractNioChannel.java:340)
	at io.netty.channel.nio.NioEventLoop.processSelectedKey(NioEventLoop.java:633)
	at io.netty.channel.nio.NioEventLoop.processSelectedKeysOptimized(NioEventLoop.java:580)
	at io.netty.channel.nio.NioEventLoop.processSelectedKeys(NioEventLoop.java:497)
	at io.netty.channel.nio.NioEventLoop.run(NioEventLoop.java:459)
	at io.netty.util.concurrent.SingleThreadEventExecutor$5.run(SingleThreadEventExecutor.java:886)
	at io.netty.util.concurrent.FastThreadLocalRunnable.run(FastThreadLocalRunnable.java:30)
	at java.lang.Thread.run(Thread.java:748)
Caused by: java.net.ConnectException: Connection refused
	... 11 more
HttpClientHelper.java: Received an error for request 11: io.netty.channel.AbstractChannel$AnnotatedConnectException: Connection refused: localhost/127.0.0.1:8077
io.netty.channel.AbstractChannel$AnnotatedConnectException: Connection refused: localhost/127.0.0.1:8077
	at sun.nio.ch.SocketChannelImpl.checkConnect(Native Method)
	at sun.nio.ch.SocketChannelImpl.finishConnect(SocketChannelImpl.java:717)
	at io.netty.channel.socket.nio.NioSocketChannel.doFinishConnect(NioSocketChannel.java:325)
	at io.netty.channel.nio.AbstractNioChannel$AbstractNioUnsafe.finishConnect(AbstractNioChannel.java:340)
	at io.netty.channel.nio.NioEventLoop.processSelectedKey(NioEventLoop.java:633)
	at io.netty.channel.nio.NioEventLoop.processSelectedKeysOptimized(NioEventLoop.java:580)
	at io.netty.channel.nio.NioEventLoop.processSelectedKeys(NioEventLoop.java:497)
	at io.netty.channel.nio.NioEventLoop.run(NioEventLoop.java:459)
	at io.netty.util.concurrent.SingleThreadEventExecutor$5.run(SingleThreadEventExecutor.java:886)
	at io.netty.util.concurrent.FastThreadLocalRunnable.run(FastThreadLocalRunnable.java:30)
	at java.lang.Thread.run(Thread.java:748)
Caused by: java.net.ConnectException: Connection refused
	... 11 more
HttpClientHelper.java: Received an error for request 12: io.netty.channel.AbstractChannel$AnnotatedConnectException: Connection refused: localhost/127.0.0.1:8077
io.netty.channel.AbstractChannel$AnnotatedConnectException: Connection refused: localhost/127.0.0.1:8077
	at sun.nio.ch.SocketChannelImpl.checkConnect(Native Method)
	at sun.nio.ch.SocketChannelImpl.finishConnect(SocketChannelImpl.java:717)
	at io.netty.channel.socket.nio.NioSocketChannel.doFinishConnect(NioSocketChannel.java:325)
	at io.netty.channel.nio.AbstractNioChannel$AbstractNioUnsafe.finishConnect(AbstractNioChannel.java:340)
	at io.netty.channel.nio.NioEventLoop.processSelectedKey(NioEventLoop.java:633)
	at io.netty.channel.nio.NioEventLoop.processSelectedKeysOptimized(NioEventLoop.java:580)
	at io.netty.channel.nio.NioEventLoop.processSelectedKeys(NioEventLoop.java:497)
	at io.netty.channel.nio.NioEventLoop.run(NioEventLoop.java:459)
	at io.netty.util.concurrent.SingleThreadEventExecutor$5.run(SingleThreadEventExecutor.java:886)
	at io.netty.util.concurrent.FastThreadLocalRunnable.run(FastThreadLocalRunnable.java:30)
	at java.lang.Thread.run(Thread.java:748)
Caused by: java.net.ConnectException: Connection refused
	... 11 more
HttpClientHelper.java: Received an error for request 13: io.netty.channel.AbstractChannel$AnnotatedConnectException: Connection refused: localhost/127.0.0.1:8077
io.netty.channel.AbstractChannel$AnnotatedConnectException: Connection refused: localhost/127.0.0.1:8077
	at sun.nio.ch.SocketChannelImpl.checkConnect(Native Method)
	at sun.nio.ch.SocketChannelImpl.finishConnect(SocketChannelImpl.java:717)
	at io.netty.channel.socket.nio.NioSocketChannel.doFinishConnect(NioSocketChannel.java:325)
	at io.netty.channel.nio.AbstractNioChannel$AbstractNioUnsafe.finishConnect(AbstractNioChannel.java:340)
	at io.netty.channel.nio.NioEventLoop.processSelectedKey(NioEventLoop.java:633)
	at io.netty.channel.nio.NioEventLoop.processSelectedKeysOptimized(NioEventLoop.java:580)
	at io.netty.channel.nio.NioEventLoop.processSelectedKeys(NioEventLoop.java:497)
	at io.netty.channel.nio.NioEventLoop.run(NioEventLoop.java:459)
	at io.netty.util.concurrent.SingleThreadEventExecutor$5.run(SingleThreadEventExecutor.java:886)
	at io.netty.util.concurrent.FastThreadLocalRunnable.run(FastThreadLocalRunnable.java:30)
	at java.lang.Thread.run(Thread.java:748)
Caused by: java.net.ConnectException: Connection refused
	... 11 more
WARNING: Clock: Model stopped before executing actions (e.g. producing outputs) scheduled for execution at times [28.0]
WARNING: WebServer: Model stopped before executing actions (e.g. producing outputs) scheduled for execution at times [25.007, 28.009, 22.008]
WARNING: REST: Model stopped before executing actions (e.g. producing outputs) scheduled for execution at times [23.0]
WARNING: TestSpontaneous: Model stopped before executing actions (e.g. producing outputs) scheduled for execution at times [21.0]
[atomic-processor-1] INFO com.github.sarxos.webcam.ds.cgt.WebcamOpenTask - Opening webcam Dummy Webcam 0
[atomic-processor-1] INFO com.github.sarxos.webcam.ds.cgt.WebcamCloseTask - Closing Dummy Webcam 0
WARNING: Camera: Model stopped before executing actions (e.g. producing outputs) scheduled for execution at times [26.507]
[atomic-processor-1] INFO com.github.sarxos.webcam.ds.cgt.WebcamOpenTask - Opening webcam Dummy Webcam 0
[atomic-processor-1] INFO com.github.sarxos.webcam.ds.cgt.WebcamCloseTask - Closing Dummy Webcam 0
[atomic-processor-1] INFO com.github.sarxos.webcam.ds.cgt.WebcamOpenTask - Opening webcam Dummy Webcam 0
[atomic-processor-1] INFO com.github.sarxos.webcam.ds.cgt.WebcamCloseTask - Closing Dummy Webcam 0
[atomic-processor-1] INFO com.github.sarxos.webcam.ds.cgt.WebcamOpenTask - Opening webcam Dummy Webcam 0
[atomic-processor-1] INFO com.github.sarxos.webcam.ds.cgt.WebcamCloseTask - Closing Dummy Webcam 0
[atomic-processor-1] INFO com.github.sarxos.webcam.ds.cgt.WebcamOpenTask - Opening webcam Dummy Webcam 0
[atomic-processor-1] INFO com.github.sarxos.webcam.ds.cgt.WebcamCloseTask - Closing Dummy Webcam 0
]]></system-err>
</testsuite>
