<?xml version="1.0" encoding="UTF-8" ?>
<testsuite errors="0" failures="0" hostname="travis-job-1c030926-58d9-4f67-82d4-9d7ff61a8900" name="ptolemy.domains.de.test.junit.JUnitTclTest" skipped="0" tests="101" time="122.293" timestamp="2019-05-30T04:27:39">
  <properties>
[...]
</properties>
  <testcase classname="ptolemy.util.test.junit.TclTests" name="[0] /home/travis/build/icyphy/ptII/ptolemy/domains/de/test/DependencyLoop.tcl (RunTclFile)" time="0.678" />
  <testcase classname="ptolemy.util.test.junit.TclTests" name="[1] /home/travis/build/icyphy/ptII/ptolemy/domains/de/test/RunDETestsAsQSS.tcl (RunTclFile)" time="84.089" />
  <testcase classname="ptolemy.util.test.junit.AutoKnownFailedTests" name="[0] /home/travis/build/icyphy/ptII/ptolemy/domains/de/test/auto/knownFailedTests/DESDFClockTest.xml (RunModel)" time="2.028" />
  <testcase classname="ptolemy.util.test.junit.AutoKnownFailedTests" name="[1] /home/travis/build/icyphy/ptII/ptolemy/domains/de/test/auto/knownFailedTests/DirectFeedback.xml (RunModel)" time="0.016" />
  <testcase classname="ptolemy.util.test.junit.AutoKnownFailedTests" name="[2] /home/travis/build/icyphy/ptII/ptolemy/domains/de/test/auto/knownFailedTests/FSMSource.xml (RunModel)" time="0.022" />
  <testcase classname="ptolemy.util.test.junit.AutoKnownFailedTests" name="[3] /home/travis/build/icyphy/ptII/ptolemy/domains/de/test/auto/knownFailedTests/HierarchicalModel.xml (RunModel)" time="0.032" />
  <testcase classname="ptolemy.util.test.junit.AutoKnownFailedTests" name="[4] /home/travis/build/icyphy/ptII/ptolemy/domains/de/test/auto/knownFailedTests/dependencyLoop.xml (RunModel)" time="0.024" />
  <testcase classname="ptolemy.util.test.junit.AutoKnownFailedTests" name="[5] /home/travis/build/icyphy/ptII/ptolemy/domains/de/test/auto/knownFailedTests/dependencyLoop2.xml (RunModel)" time="0.037" />
  <testcase classname="ptolemy.util.test.junit.AutoNameArchTests" name="[0] ThereAreNoAutoArchTests (RunModel)" time="0.0" />
  <testcase classname="ptolemy.util.test.junit.AutoTests" name="[0] /home/travis/build/icyphy/ptII/ptolemy/domains/de/test/auto/ActorDepthCalculation_actorWithoutPorts.xml (RunModel)" time="0.011" />
  <testcase classname="ptolemy.util.test.junit.AutoTests" name="[1] /home/travis/build/icyphy/ptII/ptolemy/domains/de/test/auto/AssemblyLine.xml (RunModel)" time="0.015" />
  <testcase classname="ptolemy.util.test.junit.AutoTests" name="[2] /home/travis/build/icyphy/ptII/ptolemy/domains/de/test/auto/CQBug1.xml (RunModel)" time="0.004" />
  <testcase classname="ptolemy.util.test.junit.AutoTests" name="[3] /home/travis/build/icyphy/ptII/ptolemy/domains/de/test/auto/CancelFireAt.xml (RunModel)" time="0.003" />
  <testcase classname="ptolemy.util.test.junit.AutoTests" name="[4] /home/travis/build/icyphy/ptII/ptolemy/domains/de/test/auto/CausalityAndComposabilityAnalysis.xml (RunModel)" time="0.011" />
  <testcase classname="ptolemy.util.test.junit.AutoTests" name="[5] /home/travis/build/icyphy/ptII/ptolemy/domains/de/test/auto/CausalityInterface1.xml (RunModel)" time="0.009" />
  <testcase classname="ptolemy.util.test.junit.AutoTests" name="[6] /home/travis/build/icyphy/ptII/ptolemy/domains/de/test/auto/CausalityInterface15.xml (RunModel)" time="0.015" />
  <testcase classname="ptolemy.util.test.junit.AutoTests" name="[7] /home/travis/build/icyphy/ptII/ptolemy/domains/de/test/auto/CausalityInterface2.xml (RunModel)" time="0.013" />
  <testcase classname="ptolemy.util.test.junit.AutoTests" name="[8] /home/travis/build/icyphy/ptII/ptolemy/domains/de/test/auto/CausalityInterface3.xml (RunModel)" time="0.009" />
  <testcase classname="ptolemy.util.test.junit.AutoTests" name="[9] /home/travis/build/icyphy/ptII/ptolemy/domains/de/test/auto/ClockDrift.xml (RunModel)" time="0.025" />
  <testcase classname="ptolemy.util.test.junit.AutoTests" name="[10] /home/travis/build/icyphy/ptII/ptolemy/domains/de/test/auto/ClockDriftAndValueChange.xml (RunModel)" time="0.023" />
  <testcase classname="ptolemy.util.test.junit.AutoTests" name="[11] /home/travis/build/icyphy/ptII/ptolemy/domains/de/test/auto/ClockDriftChange.xml (RunModel)" time="0.02" />
  <testcase classname="ptolemy.util.test.junit.AutoTests" name="[12] /home/travis/build/icyphy/ptII/ptolemy/domains/de/test/auto/ComposableCausalityAnalysis.xml (RunModel)" time="0.015" />
  <testcase classname="ptolemy.util.test.junit.AutoTests" name="[13] /home/travis/build/icyphy/ptII/ptolemy/domains/de/test/auto/DEFixedPointLimitation.xml (RunModel)" time="0.005" />
  <testcase classname="ptolemy.util.test.junit.AutoTests" name="[14] /home/travis/build/icyphy/ptII/ptolemy/domains/de/test/auto/DEScheduleTest.xml (RunModel)" time="0.008" />
  <testcase classname="ptolemy.util.test.junit.AutoTests" name="[15] /home/travis/build/icyphy/ptII/ptolemy/domains/de/test/auto/DEinDEwithStartTimes.xml (RunModel)" time="0.01" />
  <testcase classname="ptolemy.util.test.junit.AutoTests" name="[16] /home/travis/build/icyphy/ptII/ptolemy/domains/de/test/auto/DEinDEwithStartTimes2.xml (RunModel)" time="0.01" />
  <testcase classname="ptolemy.util.test.junit.AutoTests" name="[17] /home/travis/build/icyphy/ptII/ptolemy/domains/de/test/auto/DateDemo.xml (RunModel)" time="0.021" />
  <testcase classname="ptolemy.util.test.junit.AutoTests" name="[18] /home/travis/build/icyphy/ptII/ptolemy/domains/de/test/auto/DateToEvent.xml (RunModel)" time="2.03" />
  <testcase classname="ptolemy.util.test.junit.AutoTests" name="[19] /home/travis/build/icyphy/ptII/ptolemy/domains/de/test/auto/DepthTest1.xml (RunModel)" time="0.007" />
  <testcase classname="ptolemy.util.test.junit.AutoTests" name="[20] /home/travis/build/icyphy/ptII/ptolemy/domains/de/test/auto/DepthTest2.xml (RunModel)" time="0.015" />
  <testcase classname="ptolemy.util.test.junit.AutoTests" name="[21] /home/travis/build/icyphy/ptII/ptolemy/domains/de/test/auto/DepthTest3.xml (RunModel)" time="0.005" />
  <testcase classname="ptolemy.util.test.junit.AutoTests" name="[22] /home/travis/build/icyphy/ptII/ptolemy/domains/de/test/auto/DepthTest4.xml (RunModel)" time="0.01" />
  <testcase classname="ptolemy.util.test.junit.AutoTests" name="[23] /home/travis/build/icyphy/ptII/ptolemy/domains/de/test/auto/DepthTest5.xml (RunModel)" time="0.011" />
  <testcase classname="ptolemy.util.test.junit.AutoTests" name="[24] /home/travis/build/icyphy/ptII/ptolemy/domains/de/test/auto/DepthTest6.xml (RunModel)" time="0.01" />
  <testcase classname="ptolemy.util.test.junit.AutoTests" name="[25] /home/travis/build/icyphy/ptII/ptolemy/domains/de/test/auto/DepthTest7.xml (RunModel)" time="0.009" />
  <testcase classname="ptolemy.util.test.junit.AutoTests" name="[26] /home/travis/build/icyphy/ptII/ptolemy/domains/de/test/auto/EventToDate.xml (RunModel)" time="3.027" />
  <testcase classname="ptolemy.util.test.junit.AutoTests" name="[27] /home/travis/build/icyphy/ptII/ptolemy/domains/de/test/auto/FSM1.xml (RunModel)" time="0.027" />
  <testcase classname="ptolemy.util.test.junit.AutoTests" name="[28] /home/travis/build/icyphy/ptII/ptolemy/domains/de/test/auto/FSM7.xml (RunModel)" time="0.057" />
  <testcase classname="ptolemy.util.test.junit.AutoTests" name="[29] /home/travis/build/icyphy/ptII/ptolemy/domains/de/test/auto/Inspection.xml (RunModel)" time="0.047" />
  <testcase classname="ptolemy.util.test.junit.AutoTests" name="[30] /home/travis/build/icyphy/ptII/ptolemy/domains/de/test/auto/Iteration.xml (RunModel)" time="0.033" />
  <testcase classname="ptolemy.util.test.junit.AutoTests" name="[31] /home/travis/build/icyphy/ptII/ptolemy/domains/de/test/auto/LineFault.xml (RunModel)" time="0.513" />
  <testcase classname="ptolemy.util.test.junit.AutoTests" name="[32] /home/travis/build/icyphy/ptII/ptolemy/domains/de/test/auto/MergeModel1Add.xml (RunModel)" time="0.037" />
  <testcase classname="ptolemy.util.test.junit.AutoTests" name="[33] /home/travis/build/icyphy/ptII/ptolemy/domains/de/test/auto/MergeModel2Add.xml (RunModel)" time="0.033" />
  <testcase classname="ptolemy.util.test.junit.AutoTests" name="[34] /home/travis/build/icyphy/ptII/ptolemy/domains/de/test/auto/MergeModel3Add.xml (RunModel)" time="0.038" />
  <testcase classname="ptolemy.util.test.junit.AutoTests" name="[35] /home/travis/build/icyphy/ptII/ptolemy/domains/de/test/auto/MergeWithoutDiscard.xml (RunModel)" time="0.009" />
  <testcase classname="ptolemy.util.test.junit.AutoTests" name="[36] /home/travis/build/icyphy/ptII/ptolemy/domains/de/test/auto/Modal1.xml (RunModel)" time="0.031" />
  <testcase classname="ptolemy.util.test.junit.AutoTests" name="[37] /home/travis/build/icyphy/ptII/ptolemy/domains/de/test/auto/Modal2.xml (RunModel)" time="0.028" />
  <testcase classname="ptolemy.util.test.junit.AutoTests" name="[38] /home/travis/build/icyphy/ptII/ptolemy/domains/de/test/auto/Modal3.xml (RunModel)" time="0.022" />
  <testcase classname="ptolemy.util.test.junit.AutoTests" name="[39] /home/travis/build/icyphy/ptII/ptolemy/domains/de/test/auto/Modal4.xml (RunModel)" time="0.023" />
  <testcase classname="ptolemy.util.test.junit.AutoTests" name="[40] /home/travis/build/icyphy/ptII/ptolemy/domains/de/test/auto/Modal5.xml (RunModel)" time="0.024" />
  <testcase classname="ptolemy.util.test.junit.AutoTests" name="[41] /home/travis/build/icyphy/ptII/ptolemy/domains/de/test/auto/Modal6.xml (RunModel)" time="0.023" />
  <testcase classname="ptolemy.util.test.junit.AutoTests" name="[42] /home/travis/build/icyphy/ptII/ptolemy/domains/de/test/auto/Modal7.xml (RunModel)" time="0.023" />
  <testcase classname="ptolemy.util.test.junit.AutoTests" name="[43] /home/travis/build/icyphy/ptII/ptolemy/domains/de/test/auto/ModalModel.xml (RunModel)" time="0.128" />
  <testcase classname="ptolemy.util.test.junit.AutoTests" name="[44] /home/travis/build/icyphy/ptII/ptolemy/domains/de/test/auto/ModalSource.xml (RunModel)" time="0.015" />
  <testcase classname="ptolemy.util.test.junit.AutoTests" name="[45] /home/travis/build/icyphy/ptII/ptolemy/domains/de/test/auto/NonInterruptibleTimerZeroDelay.xml (RunModel)" time="0.008" />
  <testcase classname="ptolemy.util.test.junit.AutoTests" name="[46] /home/travis/build/icyphy/ptII/ptolemy/domains/de/test/auto/OpenQueueingNetwork.xml (RunModel)" time="1.92" />
  <testcase classname="ptolemy.util.test.junit.AutoTests" name="[47] /home/travis/build/icyphy/ptII/ptolemy/domains/de/test/auto/OpenQueuingNetwork.xml (RunModel)" time="0.234" />
  <testcase classname="ptolemy.util.test.junit.AutoTests" name="[48] /home/travis/build/icyphy/ptII/ptolemy/domains/de/test/auto/PeriodicSampler.xml (RunModel)" time="0.008" />
  <testcase classname="ptolemy.util.test.junit.AutoTests" name="[49] /home/travis/build/icyphy/ptII/ptolemy/domains/de/test/auto/PersistentIO.xml (RunModel)" time="0.016" />
  <testcase classname="ptolemy.util.test.junit.AutoTests" name="[50] /home/travis/build/icyphy/ptII/ptolemy/domains/de/test/auto/PortParameterResetOnInitialize.xml (RunModel)" time="0.007" />
  <testcase classname="ptolemy.util.test.junit.AutoTests" name="[51] /home/travis/build/icyphy/ptII/ptolemy/domains/de/test/auto/PortParameterUpdates.xml (RunModel)" time="0.013" />
  <testcase classname="ptolemy.util.test.junit.AutoTests" name="[52] /home/travis/build/icyphy/ptII/ptolemy/domains/de/test/auto/QueueAndServer.xml (RunModel)" time="0.018" />
  <testcase classname="ptolemy.util.test.junit.AutoTests" name="[53] /home/travis/build/icyphy/ptII/ptolemy/domains/de/test/auto/Records.xml (RunModel)" time="0.017" />
  <testcase classname="ptolemy.util.test.junit.AutoTests" name="[54] /home/travis/build/icyphy/ptII/ptolemy/domains/de/test/auto/ResetTransitionWithStartTime1.xml (RunModel)" time="0.015" />
  <testcase classname="ptolemy.util.test.junit.AutoTests" name="[55] /home/travis/build/icyphy/ptII/ptolemy/domains/de/test/auto/ResetTransitionWithStartTime2.xml (RunModel)" time="0.014" />
  <testcase classname="ptolemy.util.test.junit.AutoTests" name="[56] /home/travis/build/icyphy/ptII/ptolemy/domains/de/test/auto/ResetTransitionWithStartTime3.xml (RunModel)" time="0.017" />
  <testcase classname="ptolemy.util.test.junit.AutoTests" name="[57] /home/travis/build/icyphy/ptII/ptolemy/domains/de/test/auto/ResetTransitionWithStartTime4.xml (RunModel)" time="0.015" />
  <testcase classname="ptolemy.util.test.junit.AutoTests" name="[58] /home/travis/build/icyphy/ptII/ptolemy/domains/de/test/auto/ResettableTimer1.xml (RunModel)" time="0.009" />
  <testcase classname="ptolemy.util.test.junit.AutoTests" name="[59] /home/travis/build/icyphy/ptII/ptolemy/domains/de/test/auto/ResettableTimer2.xml (RunModel)" time="0.008" />
  <testcase classname="ptolemy.util.test.junit.AutoTests" name="[60] /home/travis/build/icyphy/ptII/ptolemy/domains/de/test/auto/ResettableTimer3.xml (RunModel)" time="0.007" />
  <testcase classname="ptolemy.util.test.junit.AutoTests" name="[61] /home/travis/build/icyphy/ptII/ptolemy/domains/de/test/auto/ResettableTimer4.xml (RunModel)" time="0.007" />
  <testcase classname="ptolemy.util.test.junit.AutoTests" name="[62] /home/travis/build/icyphy/ptII/ptolemy/domains/de/test/auto/ResettableTimer5.xml (RunModel)" time="0.008" />
  <testcase classname="ptolemy.util.test.junit.AutoTests" name="[63] /home/travis/build/icyphy/ptII/ptolemy/domains/de/test/auto/ResettableTimer6.xml (RunModel)" time="0.009" />
  <testcase classname="ptolemy.util.test.junit.AutoTests" name="[64] /home/travis/build/icyphy/ptII/ptolemy/domains/de/test/auto/ServerZeroDelay.xml (RunModel)" time="0.009" />
  <testcase classname="ptolemy.util.test.junit.AutoTests" name="[65] /home/travis/build/icyphy/ptII/ptolemy/domains/de/test/auto/SmartSender.xml (RunModel)" time="3.008" />
  <testcase classname="ptolemy.util.test.junit.AutoTests" name="[66] /home/travis/build/icyphy/ptII/ptolemy/domains/de/test/auto/ThreadedComposite.xml (RunModel)" time="0.108" />
  <testcase classname="ptolemy.util.test.junit.AutoTests" name="[67] /home/travis/build/icyphy/ptII/ptolemy/domains/de/test/auto/Time.xml (RunModel)" time="0.399" />
  <testcase classname="ptolemy.util.test.junit.AutoTests" name="[68] /home/travis/build/icyphy/ptII/ptolemy/domains/de/test/auto/TimeDelayZeroDelay.xml (RunModel)" time="0.011" />
  <testcase classname="ptolemy.util.test.junit.AutoTests" name="[69] /home/travis/build/icyphy/ptII/ptolemy/domains/de/test/auto/TimerZeroDelay.xml (RunModel)" time="0.011" />
  <testcase classname="ptolemy.util.test.junit.AutoTests" name="[70] /home/travis/build/icyphy/ptII/ptolemy/domains/de/test/auto/TimingParadox.xml (RunModel)" time="0.335" />
  <testcase classname="ptolemy.util.test.junit.AutoTests" name="[71] /home/travis/build/icyphy/ptII/ptolemy/domains/de/test/auto/TransferInputs.xml (RunModel)" time="0.013" />
  <testcase classname="ptolemy.util.test.junit.AutoTests" name="[72] /home/travis/build/icyphy/ptII/ptolemy/domains/de/test/auto/TransferOutputs2.xml (RunModel)" time="0.017" />
  <testcase classname="ptolemy.util.test.junit.AutoTests" name="[73] /home/travis/build/icyphy/ptII/ptolemy/domains/de/test/auto/Trilateration.xml (RunModel)" time="10.169" />
  <testcase classname="ptolemy.util.test.junit.AutoTests" name="[74] /home/travis/build/icyphy/ptII/ptolemy/domains/de/test/auto/TwoSigmaDelta.xml (RunModel)" time="2.049" />
  <testcase classname="ptolemy.util.test.junit.AutoTests" name="[75] /home/travis/build/icyphy/ptII/ptolemy/domains/de/test/auto/VariableDelay.xml (RunModel)" time="0.011" />
  <testcase classname="ptolemy.util.test.junit.AutoTests" name="[76] /home/travis/build/icyphy/ptII/ptolemy/domains/de/test/auto/VariableDelay2.xml (RunModel)" time="0.007" />
  <testcase classname="ptolemy.util.test.junit.AutoTests" name="[77] /home/travis/build/icyphy/ptII/ptolemy/domains/de/test/auto/VariableDelayZeroDelay.xml (RunModel)" time="0.007" />
  <testcase classname="ptolemy.util.test.junit.AutoTests" name="[78] /home/travis/build/icyphy/ptII/ptolemy/domains/de/test/auto/VariableDelayZeroDelay2.xml (RunModel)" time="0.01" />
  <testcase classname="ptolemy.util.test.junit.AutoTests" name="[79] /home/travis/build/icyphy/ptII/ptolemy/domains/de/test/auto/deInCt.xml (RunModel)" time="0.011" />
  <testcase classname="ptolemy.util.test.junit.AutoTests" name="[80] /home/travis/build/icyphy/ptII/ptolemy/domains/de/test/auto/deInCt2.xml (RunModel)" time="0.018" />
  <testcase classname="ptolemy.util.test.junit.AutoTests" name="[81] /home/travis/build/icyphy/ptII/ptolemy/domains/de/test/auto/dynamicCausalityInterface1.xml (RunModel)" time="0.017" />
  <testcase classname="ptolemy.util.test.junit.AutoTests" name="[82] /home/travis/build/icyphy/ptII/ptolemy/domains/de/test/auto/fsm_de_test.xml (RunModel)" time="0.019" />
  <testcase classname="ptolemy.util.test.junit.AutoTests" name="[83] /home/travis/build/icyphy/ptII/ptolemy/domains/de/test/auto/functionDependencyReconstruction.xml (RunModel)" time="0.03" />
  <testcase classname="ptolemy.util.test.junit.AutoTests" name="[84] /home/travis/build/icyphy/ptII/ptolemy/domains/de/test/auto/multirate.xml (RunModel)" time="0.013" />
  <testcase classname="ptolemy.util.test.junit.AutoTests" name="[85] /home/travis/build/icyphy/ptII/ptolemy/domains/de/test/auto/multirate2.xml (RunModel)" time="0.012" />
  <testcase classname="ptolemy.util.test.junit.AutoTests" name="[86] /home/travis/build/icyphy/ptII/ptolemy/domains/de/test/auto/realtime.xml (RunModel)" time="10.009" />
  <testcase classname="ptolemy.util.test.junit.AutoTests" name="[87] /home/travis/build/icyphy/ptII/ptolemy/domains/de/test/auto/relationGroup.xml (RunModel)" time="0.005" />
  <testcase classname="ptolemy.util.test.junit.AutoTests" name="[88] /home/travis/build/icyphy/ptII/ptolemy/domains/de/test/auto/relationGroup2.xml (RunModel)" time="0.005" />
  <testcase classname="ptolemy.util.test.junit.AutoTests" name="[89] /home/travis/build/icyphy/ptII/ptolemy/domains/de/test/auto/sortWithOpaquePorts.xml (RunModel)" time="0.007" />
  <testcase classname="ptolemy.util.test.junit.AutoTests" name="[90] /home/travis/build/icyphy/ptII/ptolemy/domains/de/test/auto/transferInputsandOutputs.xml (RunModel)" time="0.012" />
  <testcase classname="ptolemy.util.test.junit.AutoTests" name="[91] /home/travis/build/icyphy/ptII/ptolemy/domains/de/test/auto/triggerType.xml (RunModel)" time="0.005" />
  <system-out><![CDATA[/home/travis/build/icyphy/ptII/ptolemy/domains/de/test/DependencyLoop.tcl
testDefs.tcl: setting time out to 9000 seconds at Thu May 30 04:27:39 UTC 2019
15 ms. Memory: 116224K Free: 97423K (84%)
19 ms. Memory: 146944K Free: 140923K (96%)
/home/travis/build/icyphy/ptII/ptolemy/domains/de/test/RunDETestsAsQSS.tcl
Run the DE tests using ptolemy.domains.qss.test.QSSDirectorTest, which extends QSSDirector and prints a message in the constructors.
------------------ testing $PTII/ptolemy/domains/de/test/auto/knownFailedTests/dependencyLoop.xml (Known Failure) 
13 ms. Memory: 146944K Free: 136665K (93%)


==== $PTIIhome/travis/build/icyphy/ptII/ptolemy/domains/de/test/../../../../: Auto Automatic test in file $PTII/ptolemy/domains/de/test/auto/knownFailedTests/dependencyLoop.xml
==== Contents of test case:

	    # FIXME: we should use $relativeFilename here, but it
	    # might have backslashes under Windows, which causes no end
	    # of trouble.
	    createAndExecute $file
	    list {}
	
.... Test generated KNOWN error:
    while executing
ptolemy.kernel.util.IllegalActionException: Found a zero delay loop containing .dependencyLoop.original
  in .dependencyLoop and .dependencyLoop.original
	at ptolemy.actor.util.CausalityInterfaceForComposites._computeOutputPortDepth(CausalityInterfaceForComposites.java:759)
	at ptolemy.actor.util.CausalityInterfaceForComposites._computeInputDepth(CausalityInterfaceForComposites.java:696)
	at ptolemy.actor.util.CausalityInterfaceForComposites._computeOutputPortDepth(CausalityInterfaceForComposites.java:765)
	at ptolemy.actor.util.CausalityInterfaceForComposites._computeInputDepth(CausalityInterfaceForComposites.java:696)
	at ptolemy.actor.util.CausalityInterfaceForComposites._computeOutputPortDepth(CausalityInterfaceForComposites.java:765)
	at ptolemy.actor.util.CausalityInterfaceForComposites._computeInputDepth(CausalityInterfaceForComposites.java:696)
	at ptolemy.actor.util.CausalityInterfaceForComposites._computeActorDepth(CausalityInterfaceForComposites.java:532)
	at ptolemy.actor.util.CausalityInterfaceForComposites.checkForCycles(CausalityInterfaceForComposites.java:96)
	at ptolemy.domains.de.kernel.DEDirector.preinitialize(DEDirector.java:1338)
	at ptolemy.actor.CompositeActor.preinitialize(CompositeActor.java:1828)
	at ptolemy.actor.Manager.preinitializeAndResolveTypes(Manager.java:1040)
	at ptolemy.actor.Manager.initialize(Manager.java:710)
	at ptolemy.actor.Manager.execute(Manager.java:356)
	at ptolemy.actor.Manager.run(Manager.java:1263)
	at ptolemy.actor.Manager$PtolemyRunThread.run(Manager.java:1915)

    while executing
ptolemy.kernel.util.IllegalActionException: Found a zero delay loop containing .dependencyLoop.original
  in .dependencyLoop and .dependencyLoop.original
    while executing
"java::new ptolemy.moml.MoMLSimpleApplication $file
"
    (procedure "createAndExecute" line 2)
    invoked from within
"createAndExecute $file"
    ("uplevel" body line 5)
    invoked from within
"uplevel $contents_of_test"
------------------ testing $PTII/ptolemy/domains/de/test/auto/knownFailedTests/DESDFClockTest.xml (Known Failure) 
2067 ms. Memory: 146944K Free: 120978K (82%)


==== $PTIIhome/travis/build/icyphy/ptII/ptolemy/domains/de/test/../../../../: Auto Automatic test in file $PTII/ptolemy/domains/de/test/auto/knownFailedTests/DESDFClockTest.xml
==== Contents of test case:

	    # FIXME: we should use $relativeFilename here, but it
	    # might have backslashes under Windows, which causes no end
	    # of trouble.
	    createAndExecute $file
	    list {}
	
.... Test generated KNOWN error:
    while executing
ptolemy.kernel.util.IllegalActionException: Actor is not ready to fire.  Perhaps UpSample.prefire() returned false? Try debugging the actor by selecting "Listen to Actor".  Also, for SDF check moml for tokenConsumptionRate on input.
  in .DESDFClockTest.Play Bell.Copy1:SDF Director and .DESDFClockTest.Play Bell.UpSample
	at ptolemy.actor.sched.StaticSchedulingDirector.fire(StaticSchedulingDirector.java:227)
	at ptolemy.domains.sdf.kernel.SDFDirector.fire(SDFDirector.java:500)
	at ptolemy.actor.CompositeActor.fire(CompositeActor.java:455)
	at ptolemy.domains.de.kernel.DEDirector._fire(DEDirector.java:1949)
	at ptolemy.domains.de.kernel.DEDirector.fire(DEDirector.java:502)
	at ptolemy.actor.CompositeActor.fire(CompositeActor.java:455)
	at ptolemy.actor.Manager.iterate(Manager.java:851)
	at ptolemy.actor.Manager.execute(Manager.java:369)
	at ptolemy.actor.Manager.run(Manager.java:1263)
	at ptolemy.actor.Manager$PtolemyRunThread.run(Manager.java:1915)

    while executing
ptolemy.kernel.util.IllegalActionException: Actor is not ready to fire.  Perhaps UpSample.prefire() returned false? Try debugging the actor by selecting "Listen to Actor".  Also, for SDF check moml for tokenConsumptionRate on input.
  in .DESDFClockTest.Play Bell.Copy1:SDF Director and .DESDFClockTest.Play Bell.UpSample
    while executing
"java::new ptolemy.moml.MoMLSimpleApplication $file
"
    (procedure "createAndExecute" line 2)
    invoked from within
"createAndExecute $file"
    ("uplevel" body line 5)
    invoked from within
"uplevel $contents_of_test"
------------------ testing $PTII/ptolemy/domains/de/test/auto/knownFailedTests/FSMSource.xml (Known Failure) 
25 ms. Memory: 146944K Free: 111485K (76%)
!!!! Auto was marked as failing, but now passes
------------------ testing $PTII/ptolemy/domains/de/test/auto/knownFailedTests/dependencyLoop2.xml (Known Failure) 
5 ms. Memory: 146944K Free: 109602K (75%)


==== $PTIIhome/travis/build/icyphy/ptII/ptolemy/domains/de/test/../../../../: Auto Automatic test in file $PTII/ptolemy/domains/de/test/auto/knownFailedTests/dependencyLoop2.xml
==== Contents of test case:

	    # FIXME: we should use $relativeFilename here, but it
	    # might have backslashes under Windows, which causes no end
	    # of trouble.
	    createAndExecute $file
	    list {}
	
.... Test generated KNOWN error:
    while executing
ptolemy.kernel.util.IllegalActionException: Found a zero delay loop containing .dependencyLoop2.original
  in .dependencyLoop2 and .dependencyLoop2.original
	at ptolemy.actor.util.CausalityInterfaceForComposites._computeOutputPortDepth(CausalityInterfaceForComposites.java:759)
	at ptolemy.actor.util.CausalityInterfaceForComposites._computeInputDepth(CausalityInterfaceForComposites.java:696)
	at ptolemy.actor.util.CausalityInterfaceForComposites._computeOutputPortDepth(CausalityInterfaceForComposites.java:765)
	at ptolemy.actor.util.CausalityInterfaceForComposites._computeInputDepth(CausalityInterfaceForComposites.java:696)
	at ptolemy.actor.util.CausalityInterfaceForComposites._computeOutputPortDepth(CausalityInterfaceForComposites.java:765)
	at ptolemy.actor.util.CausalityInterfaceForComposites._computeInputDepth(CausalityInterfaceForComposites.java:696)
	at ptolemy.actor.util.CausalityInterfaceForComposites._computeActorDepth(CausalityInterfaceForComposites.java:532)
	at ptolemy.actor.util.CausalityInterfaceForComposites.checkForCycles(CausalityInterfaceForComposites.java:96)
	at ptolemy.domains.de.kernel.DEDirector.preinitialize(DEDirector.java:1338)
	at ptolemy.actor.CompositeActor.preinitialize(CompositeActor.java:1828)
	at ptolemy.actor.Manager.preinitializeAndResolveTypes(Manager.java:1040)
	at ptolemy.actor.Manager.initialize(Manager.java:710)
	at ptolemy.actor.Manager.execute(Manager.java:356)
	at ptolemy.actor.Manager.run(Manager.java:1263)
	at ptolemy.actor.Manager$PtolemyRunThread.run(Manager.java:1915)

    while executing
ptolemy.kernel.util.IllegalActionException: Found a zero delay loop containing .dependencyLoop2.original
  in .dependencyLoop2 and .dependencyLoop2.original
    while executing
"java::new ptolemy.moml.MoMLSimpleApplication $file
"
    (procedure "createAndExecute" line 2)
    invoked from within
"createAndExecute $file"
    ("uplevel" body line 5)
    invoked from within
"uplevel $contents_of_test"
------------------ testing $PTII/ptolemy/domains/de/test/auto/knownFailedTests/HierarchicalModel.xml (Known Failure) 
9 ms. Memory: 146944K Free: 90320K (61%)


==== $PTIIhome/travis/build/icyphy/ptII/ptolemy/domains/de/test/../../../../: Auto Automatic test in file $PTII/ptolemy/domains/de/test/auto/knownFailedTests/HierarchicalModel.xml
==== Contents of test case:

	    # FIXME: we should use $relativeFilename here, but it
	    # might have backslashes under Windows, which causes no end
	    # of trouble.
	    createAndExecute $file
	    list {}
	
.... Test generated KNOWN error:
    while executing
ptolemy.kernel.util.IllegalActionException: Found a zero delay loop containing .HierarchicalModel.A
  in .HierarchicalModel and .HierarchicalModel.A
	at ptolemy.actor.util.CausalityInterfaceForComposites._computeOutputPortDepth(CausalityInterfaceForComposites.java:759)
	at ptolemy.actor.util.CausalityInterfaceForComposites._computeInputDepth(CausalityInterfaceForComposites.java:696)
	at ptolemy.actor.util.CausalityInterfaceForComposites._computeOutputPortDepth(CausalityInterfaceForComposites.java:765)
	at ptolemy.actor.util.CausalityInterfaceForComposites._computeInputDepth(CausalityInterfaceForComposites.java:696)
	at ptolemy.actor.util.CausalityInterfaceForComposites._computeOutputPortDepth(CausalityInterfaceForComposites.java:765)
	at ptolemy.actor.util.CausalityInterfaceForComposites._computeInputDepth(CausalityInterfaceForComposites.java:696)
	at ptolemy.actor.util.CausalityInterfaceForComposites._computeActorDepth(CausalityInterfaceForComposites.java:532)
	at ptolemy.actor.util.CausalityInterfaceForComposites.checkForCycles(CausalityInterfaceForComposites.java:96)
	at ptolemy.domains.de.kernel.DEDirector.preinitialize(DEDirector.java:1338)
	at ptolemy.actor.CompositeActor.preinitialize(CompositeActor.java:1828)
	at ptolemy.actor.Manager.preinitializeAndResolveTypes(Manager.java:1040)
	at ptolemy.actor.Manager.initialize(Manager.java:710)
	at ptolemy.actor.Manager.execute(Manager.java:356)
	at ptolemy.actor.Manager.run(Manager.java:1263)
	at ptolemy.actor.Manager$PtolemyRunThread.run(Manager.java:1915)

    while executing
ptolemy.kernel.util.IllegalActionException: Found a zero delay loop containing .HierarchicalModel.A
  in .HierarchicalModel and .HierarchicalModel.A
    while executing
"java::new ptolemy.moml.MoMLSimpleApplication $file
"
    (procedure "createAndExecute" line 2)
    invoked from within
"createAndExecute $file"
    ("uplevel" body line 5)
    invoked from within
"uplevel $contents_of_test"
------------------ testing $PTII/ptolemy/domains/de/test/auto/knownFailedTests/DirectFeedback.xml (Known Failure) 
5 ms. Memory: 146944K Free: 85015K (58%)


==== $PTIIhome/travis/build/icyphy/ptII/ptolemy/domains/de/test/../../../../: Auto Automatic test in file $PTII/ptolemy/domains/de/test/auto/knownFailedTests/DirectFeedback.xml
==== Contents of test case:

	    # FIXME: we should use $relativeFilename here, but it
	    # might have backslashes under Windows, which causes no end
	    # of trouble.
	    createAndExecute $file
	    list {}
	
.... Test generated KNOWN error:
    while executing
ptolemy.kernel.util.IllegalActionException: Test fails in iteration 1.
Value was: 1.0. Should have been: 2.0
  in .DirectFeedback.Test
	at ptolemy.actor.lib.Test.fire(Test.java:268)
	at ptolemy.domains.de.kernel.DEDirector._fire(DEDirector.java:1949)
	at ptolemy.domains.de.kernel.DEDirector.fire(DEDirector.java:502)
	at ptolemy.actor.CompositeActor.fire(CompositeActor.java:455)
	at ptolemy.actor.Manager.iterate(Manager.java:851)
	at ptolemy.actor.Manager.execute(Manager.java:369)
	at ptolemy.actor.Manager.run(Manager.java:1263)
	at ptolemy.actor.Manager$PtolemyRunThread.run(Manager.java:1915)

    while executing
ptolemy.kernel.util.IllegalActionException: Test fails in iteration 1.
Value was: 1.0. Should have been: 2.0
  in .DirectFeedback.Test
    while executing
"java::new ptolemy.moml.MoMLSimpleApplication $file
"
    (procedure "createAndExecute" line 2)
    invoked from within
"createAndExecute $file"
    ("uplevel" body line 5)
    invoked from within
"uplevel $contents_of_test"
------------------ testing $PTII/ptolemy/domains/de/test/auto/ActorDepthCalculation_actorWithoutPorts.xml
auto.tcl: Setting watchdog for 200 seconds at Thu May 30 04:27:42 UTC 2019
7 ms. Memory: 146944K Free: 138990K (95%)
ptolemy.util.test.WatchDog.cancel(): canceling Thu May 30 04:27:42 UTC 2019
auto.tcl: Setting watchdog for 200 seconds at Thu May 30 04:27:42 UTC 2019
6 ms. Memory: 146944K Free: 136702K (93%)
ptolemy.util.test.WatchDog.cancel(): canceling Thu May 30 04:27:42 UTC 2019
------------------ testing $PTII/ptolemy/domains/de/test/auto/AssemblyLine.xml
auto.tcl: Setting watchdog for 200 seconds at Thu May 30 04:27:42 UTC 2019
10 ms. Memory: 208384K Free: 183453K (88%)
ptolemy.util.test.WatchDog.cancel(): canceling Thu May 30 04:27:42 UTC 2019
auto.tcl: Setting watchdog for 200 seconds at Thu May 30 04:27:42 UTC 2019
7 ms. Memory: 208384K Free: 183453K (88%)
ptolemy.util.test.WatchDog.cancel(): canceling Thu May 30 04:27:42 UTC 2019
------------------ testing $PTII/ptolemy/domains/de/test/auto/CQBug1.xml
auto.tcl: Setting watchdog for 200 seconds at Thu May 30 04:27:42 UTC 2019
3 ms. Memory: 208384K Free: 197935K (95%)
ptolemy.util.test.WatchDog.cancel(): canceling Thu May 30 04:27:42 UTC 2019
auto.tcl: Setting watchdog for 200 seconds at Thu May 30 04:27:42 UTC 2019
2 ms. Memory: 208384K Free: 197935K (95%)
ptolemy.util.test.WatchDog.cancel(): canceling Thu May 30 04:27:42 UTC 2019
------------------ testing $PTII/ptolemy/domains/de/test/auto/CancelFireAt.xml
auto.tcl: Setting watchdog for 200 seconds at Thu May 30 04:27:42 UTC 2019
3 ms. Memory: 208384K Free: 201584K (97%)
ptolemy.util.test.WatchDog.cancel(): canceling Thu May 30 04:27:42 UTC 2019
auto.tcl: Setting watchdog for 200 seconds at Thu May 30 04:27:42 UTC 2019
3 ms. Memory: 208384K Free: 199555K (96%)
ptolemy.util.test.WatchDog.cancel(): canceling Thu May 30 04:27:42 UTC 2019
------------------ testing $PTII/ptolemy/domains/de/test/auto/CausalityAndComposabilityAnalysis.xml
auto.tcl: Setting watchdog for 200 seconds at Thu May 30 04:27:43 UTC 2019
10 ms. Memory: 208384K Free: 199153K (96%)
ptolemy.util.test.WatchDog.cancel(): canceling Thu May 30 04:27:43 UTC 2019
auto.tcl: Setting watchdog for 200 seconds at Thu May 30 04:27:43 UTC 2019
10 ms. Memory: 208384K Free: 197125K (95%)
ptolemy.util.test.WatchDog.cancel(): canceling Thu May 30 04:27:43 UTC 2019
------------------ testing $PTII/ptolemy/domains/de/test/auto/CausalityInterface1.xml
auto.tcl: Setting watchdog for 200 seconds at Thu May 30 04:27:43 UTC 2019
11 ms. Memory: 208384K Free: 196544K (94%)
ptolemy.util.test.WatchDog.cancel(): canceling Thu May 30 04:27:43 UTC 2019
auto.tcl: Setting watchdog for 200 seconds at Thu May 30 04:27:43 UTC 2019
10 ms. Memory: 208384K Free: 196544K (94%)
ptolemy.util.test.WatchDog.cancel(): canceling Thu May 30 04:27:43 UTC 2019
------------------ testing $PTII/ptolemy/domains/de/test/auto/CausalityInterface15.xml
auto.tcl: Setting watchdog for 200 seconds at Thu May 30 04:27:43 UTC 2019
8 ms. Memory: 208384K Free: 196502K (94%)
ptolemy.util.test.WatchDog.cancel(): canceling Thu May 30 04:27:43 UTC 2019
auto.tcl: Setting watchdog for 200 seconds at Thu May 30 04:27:43 UTC 2019
5 ms. Memory: 208384K Free: 196502K (94%)
ptolemy.util.test.WatchDog.cancel(): canceling Thu May 30 04:27:43 UTC 2019
------------------ testing $PTII/ptolemy/domains/de/test/auto/CausalityInterface2.xml
auto.tcl: Setting watchdog for 200 seconds at Thu May 30 04:27:43 UTC 2019
17 ms. Memory: 208384K Free: 196518K (94%)
ptolemy.util.test.WatchDog.cancel(): canceling Thu May 30 04:27:43 UTC 2019
auto.tcl: Setting watchdog for 200 seconds at Thu May 30 04:27:43 UTC 2019
3 ms. Memory: 208384K Free: 196518K (94%)
ptolemy.util.test.WatchDog.cancel(): canceling Thu May 30 04:27:43 UTC 2019
------------------ testing $PTII/ptolemy/domains/de/test/auto/CausalityInterface3.xml
auto.tcl: Setting watchdog for 200 seconds at Thu May 30 04:27:43 UTC 2019
10 ms. Memory: 208384K Free: 197044K (95%)
ptolemy.util.test.WatchDog.cancel(): canceling Thu May 30 04:27:43 UTC 2019
auto.tcl: Setting watchdog for 200 seconds at Thu May 30 04:27:43 UTC 2019
8 ms. Memory: 208384K Free: 197044K (95%)
ptolemy.util.test.WatchDog.cancel(): canceling Thu May 30 04:27:43 UTC 2019
------------------ testing $PTII/ptolemy/domains/de/test/auto/ClockDrift.xml
auto.tcl: Setting watchdog for 200 seconds at Thu May 30 04:27:43 UTC 2019
99 ms. Memory: 208384K Free: 187969K (90%)
ptolemy.util.test.WatchDog.cancel(): canceling Thu May 30 04:27:43 UTC 2019
auto.tcl: Setting watchdog for 200 seconds at Thu May 30 04:27:43 UTC 2019
59 ms. Memory: 208384K Free: 185941K (89%)
ptolemy.util.test.WatchDog.cancel(): canceling Thu May 30 04:27:43 UTC 2019
------------------ testing $PTII/ptolemy/domains/de/test/auto/ClockDriftAndValueChange.xml
auto.tcl: Setting watchdog for 200 seconds at Thu May 30 04:27:43 UTC 2019
42 ms. Memory: 208384K Free: 187801K (90%)
ptolemy.util.test.WatchDog.cancel(): canceling Thu May 30 04:27:43 UTC 2019
auto.tcl: Setting watchdog for 200 seconds at Thu May 30 04:27:43 UTC 2019
34 ms. Memory: 208384K Free: 185773K (89%)
ptolemy.util.test.WatchDog.cancel(): canceling Thu May 30 04:27:43 UTC 2019
------------------ testing $PTII/ptolemy/domains/de/test/auto/ClockDriftChange.xml
auto.tcl: Setting watchdog for 200 seconds at Thu May 30 04:27:44 UTC 2019
37 ms. Memory: 208384K Free: 191056K (92%)
ptolemy.util.test.WatchDog.cancel(): canceling Thu May 30 04:27:44 UTC 2019
auto.tcl: Setting watchdog for 200 seconds at Thu May 30 04:27:44 UTC 2019
20 ms. Memory: 208384K Free: 189027K (91%)
ptolemy.util.test.WatchDog.cancel(): canceling Thu May 30 04:27:44 UTC 2019
------------------ testing $PTII/ptolemy/domains/de/test/auto/ComposableCausalityAnalysis.xml
auto.tcl: Setting watchdog for 200 seconds at Thu May 30 04:27:44 UTC 2019
1 ms. Memory: 208384K Free: 196380K (94%)
ptolemy.util.test.WatchDog.cancel(): canceling Thu May 30 04:27:44 UTC 2019
auto.tcl: Setting watchdog for 200 seconds at Thu May 30 04:27:44 UTC 2019
1 ms. Memory: 208384K Free: 194351K (93%)
ptolemy.util.test.WatchDog.cancel(): canceling Thu May 30 04:27:44 UTC 2019
------------------ testing $PTII/ptolemy/domains/de/test/auto/DEFixedPointLimitation.xml
auto.tcl: Setting watchdog for 200 seconds at Thu May 30 04:27:44 UTC 2019
1 ms. Memory: 208384K Free: 196461K (94%)
ptolemy.util.test.WatchDog.cancel(): canceling Thu May 30 04:27:44 UTC 2019
auto.tcl: Setting watchdog for 200 seconds at Thu May 30 04:27:44 UTC 2019
1 ms. Memory: 208384K Free: 196461K (94%)
ptolemy.util.test.WatchDog.cancel(): canceling Thu May 30 04:27:44 UTC 2019
------------------ testing $PTII/ptolemy/domains/de/test/auto/DEScheduleTest.xml
auto.tcl: Setting watchdog for 200 seconds at Thu May 30 04:27:44 UTC 2019
4 ms. Memory: 208384K Free: 198525K (95%)
ptolemy.util.test.WatchDog.cancel(): canceling Thu May 30 04:27:44 UTC 2019
auto.tcl: Setting watchdog for 200 seconds at Thu May 30 04:27:44 UTC 2019
3 ms. Memory: 208384K Free: 196496K (94%)
ptolemy.util.test.WatchDog.cancel(): canceling Thu May 30 04:27:44 UTC 2019
------------------ testing $PTII/ptolemy/domains/de/test/auto/DEinDEwithStartTimes.xml
auto.tcl: Setting watchdog for 200 seconds at Thu May 30 04:27:44 UTC 2019
7 ms. Memory: 208384K Free: 196465K (94%)
ptolemy.util.test.WatchDog.cancel(): canceling Thu May 30 04:27:44 UTC 2019
auto.tcl: Setting watchdog for 200 seconds at Thu May 30 04:27:44 UTC 2019
3 ms. Memory: 208384K Free: 194437K (93%)
ptolemy.util.test.WatchDog.cancel(): canceling Thu May 30 04:27:44 UTC 2019
------------------ testing $PTII/ptolemy/domains/de/test/auto/DEinDEwithStartTimes2.xml
auto.tcl: Setting watchdog for 200 seconds at Thu May 30 04:27:44 UTC 2019
5 ms. Memory: 208384K Free: 196445K (94%)
ptolemy.util.test.WatchDog.cancel(): canceling Thu May 30 04:27:44 UTC 2019
auto.tcl: Setting watchdog for 200 seconds at Thu May 30 04:27:44 UTC 2019
4 ms. Memory: 208384K Free: 194416K (93%)
ptolemy.util.test.WatchDog.cancel(): canceling Thu May 30 04:27:44 UTC 2019
------------------ testing $PTII/ptolemy/domains/de/test/auto/DateDemo.xml
auto.tcl: Setting watchdog for 200 seconds at Thu May 30 04:27:44 UTC 2019
15 ms. Memory: 208384K Free: 189088K (91%)
ptolemy.util.test.WatchDog.cancel(): canceling Thu May 30 04:27:44 UTC 2019
auto.tcl: Setting watchdog for 200 seconds at Thu May 30 04:27:44 UTC 2019
5 ms. Memory: 208384K Free: 187060K (90%)
ptolemy.util.test.WatchDog.cancel(): canceling Thu May 30 04:27:44 UTC 2019
------------------ testing $PTII/ptolemy/domains/de/test/auto/DateToEvent.xml
auto.tcl: Setting watchdog for 200 seconds at Thu May 30 04:27:44 UTC 2019
2018 ms. Memory: 208384K Free: 184009K (88%)
ptolemy.util.test.WatchDog.cancel(): canceling Thu May 30 04:27:46 UTC 2019
auto.tcl: Setting watchdog for 200 seconds at Thu May 30 04:27:46 UTC 2019
2006 ms. Memory: 208384K Free: 184009K (88%)
ptolemy.util.test.WatchDog.cancel(): canceling Thu May 30 04:27:48 UTC 2019
------------------ testing $PTII/ptolemy/domains/de/test/auto/DepthTest1.xml
auto.tcl: Setting watchdog for 200 seconds at Thu May 30 04:27:48 UTC 2019
2 ms. Memory: 208384K Free: 195271K (94%)
ptolemy.util.test.WatchDog.cancel(): canceling Thu May 30 04:27:48 UTC 2019
auto.tcl: Setting watchdog for 200 seconds at Thu May 30 04:27:48 UTC 2019
4 ms. Memory: 208384K Free: 195271K (94%)
ptolemy.util.test.WatchDog.cancel(): canceling Thu May 30 04:27:48 UTC 2019
------------------ testing $PTII/ptolemy/domains/de/test/auto/DepthTest2.xml
auto.tcl: Setting watchdog for 200 seconds at Thu May 30 04:27:48 UTC 2019
6 ms. Memory: 208384K Free: 194070K (93%)
ptolemy.util.test.WatchDog.cancel(): canceling Thu May 30 04:27:48 UTC 2019
auto.tcl: Setting watchdog for 200 seconds at Thu May 30 04:27:48 UTC 2019
2 ms. Memory: 208384K Free: 194070K (93%)
ptolemy.util.test.WatchDog.cancel(): canceling Thu May 30 04:27:48 UTC 2019
------------------ testing $PTII/ptolemy/domains/de/test/auto/DepthTest3.xml
auto.tcl: Setting watchdog for 200 seconds at Thu May 30 04:27:49 UTC 2019
3 ms. Memory: 208384K Free: 198580K (95%)
ptolemy.util.test.WatchDog.cancel(): canceling Thu May 30 04:27:49 UTC 2019
auto.tcl: Setting watchdog for 200 seconds at Thu May 30 04:27:49 UTC 2019
5 ms. Memory: 208384K Free: 198580K (95%)
ptolemy.util.test.WatchDog.cancel(): canceling Thu May 30 04:27:49 UTC 2019
------------------ testing $PTII/ptolemy/domains/de/test/auto/DepthTest4.xml
auto.tcl: Setting watchdog for 200 seconds at Thu May 30 04:27:49 UTC 2019
6 ms. Memory: 208384K Free: 196121K (94%)
ptolemy.util.test.WatchDog.cancel(): canceling Thu May 30 04:27:49 UTC 2019
auto.tcl: Setting watchdog for 200 seconds at Thu May 30 04:27:49 UTC 2019
6 ms. Memory: 208384K Free: 196121K (94%)
ptolemy.util.test.WatchDog.cancel(): canceling Thu May 30 04:27:49 UTC 2019
------------------ testing $PTII/ptolemy/domains/de/test/auto/DepthTest5.xml
auto.tcl: Setting watchdog for 200 seconds at Thu May 30 04:27:49 UTC 2019
3 ms. Memory: 208384K Free: 196068K (94%)
ptolemy.util.test.WatchDog.cancel(): canceling Thu May 30 04:27:49 UTC 2019
auto.tcl: Setting watchdog for 200 seconds at Thu May 30 04:27:49 UTC 2019
2 ms. Memory: 208384K Free: 196068K (94%)
ptolemy.util.test.WatchDog.cancel(): canceling Thu May 30 04:27:49 UTC 2019
------------------ testing $PTII/ptolemy/domains/de/test/auto/DepthTest6.xml
auto.tcl: Setting watchdog for 200 seconds at Thu May 30 04:27:49 UTC 2019
6 ms. Memory: 208384K Free: 196044K (94%)
ptolemy.util.test.WatchDog.cancel(): canceling Thu May 30 04:27:49 UTC 2019
auto.tcl: Setting watchdog for 200 seconds at Thu May 30 04:27:49 UTC 2019
1 ms. Memory: 208384K Free: 196044K (94%)
ptolemy.util.test.WatchDog.cancel(): canceling Thu May 30 04:27:49 UTC 2019
------------------ testing $PTII/ptolemy/domains/de/test/auto/DepthTest7.xml
auto.tcl: Setting watchdog for 200 seconds at Thu May 30 04:27:49 UTC 2019
2 ms. Memory: 208384K Free: 196025K (94%)
ptolemy.util.test.WatchDog.cancel(): canceling Thu May 30 04:27:49 UTC 2019
auto.tcl: Setting watchdog for 200 seconds at Thu May 30 04:27:49 UTC 2019
2 ms. Memory: 208384K Free: 196025K (94%)
ptolemy.util.test.WatchDog.cancel(): canceling Thu May 30 04:27:49 UTC 2019
------------------ testing $PTII/ptolemy/domains/de/test/auto/EventToDate.xml
auto.tcl: Setting watchdog for 200 seconds at Thu May 30 04:27:49 UTC 2019
3005 ms. Memory: 208384K Free: 185904K (89%)
ptolemy.util.test.WatchDog.cancel(): canceling Thu May 30 04:27:52 UTC 2019
auto.tcl: Setting watchdog for 200 seconds at Thu May 30 04:27:52 UTC 2019
3004 ms. Memory: 208384K Free: 185904K (89%)
ptolemy.util.test.WatchDog.cancel(): canceling Thu May 30 04:27:55 UTC 2019
------------------ testing $PTII/ptolemy/domains/de/test/auto/FSM1.xml
auto.tcl: Setting watchdog for 200 seconds at Thu May 30 04:27:55 UTC 2019
24 ms. Memory: 208384K Free: 189220K (91%)
ptolemy.util.test.WatchDog.cancel(): canceling Thu May 30 04:27:55 UTC 2019
auto.tcl: Setting watchdog for 200 seconds at Thu May 30 04:27:55 UTC 2019
19 ms. Memory: 208384K Free: 185163K (89%)
ptolemy.util.test.WatchDog.cancel(): canceling Thu May 30 04:27:55 UTC 2019
------------------ testing $PTII/ptolemy/domains/de/test/auto/FSM7.xml
auto.tcl: Setting watchdog for 200 seconds at Thu May 30 04:27:55 UTC 2019
21 ms. Memory: 208384K Free: 187395K (90%)
ptolemy.util.test.WatchDog.cancel(): canceling Thu May 30 04:27:55 UTC 2019
auto.tcl: Setting watchdog for 200 seconds at Thu May 30 04:27:55 UTC 2019
16 ms. Memory: 208384K Free: 185366K (89%)
ptolemy.util.test.WatchDog.cancel(): canceling Thu May 30 04:27:55 UTC 2019
------------------ testing $PTII/ptolemy/domains/de/test/auto/Inspection.xml
auto.tcl: Setting watchdog for 200 seconds at Thu May 30 04:27:55 UTC 2019
34 ms. Memory: 208384K Free: 189128K (91%)
ptolemy.util.test.WatchDog.cancel(): canceling Thu May 30 04:27:55 UTC 2019
auto.tcl: Setting watchdog for 200 seconds at Thu May 30 04:27:55 UTC 2019
20 ms. Memory: 208384K Free: 187099K (90%)
ptolemy.util.test.WatchDog.cancel(): canceling Thu May 30 04:27:55 UTC 2019
------------------ testing $PTII/ptolemy/domains/de/test/auto/Iteration.xml
auto.tcl: Setting watchdog for 200 seconds at Thu May 30 04:27:55 UTC 2019
11 ms. Memory: 208384K Free: 196351K (94%)
ptolemy.util.test.WatchDog.cancel(): canceling Thu May 30 04:27:55 UTC 2019
auto.tcl: Setting watchdog for 200 seconds at Thu May 30 04:27:55 UTC 2019
6 ms. Memory: 208384K Free: 193804K (93%)
ptolemy.util.test.WatchDog.cancel(): canceling Thu May 30 04:27:55 UTC 2019
------------------ testing $PTII/ptolemy/domains/de/test/auto/LineFault.xml
auto.tcl: Setting watchdog for 200 seconds at Thu May 30 04:27:56 UTC 2019
724 ms. Memory: 208384K Free: 200750K (96%)
ptolemy.util.test.WatchDog.cancel(): canceling Thu May 30 04:27:56 UTC 2019
auto.tcl: Setting watchdog for 200 seconds at Thu May 30 04:27:56 UTC 2019
511 ms. Memory: 208384K Free: 143692K (69%)
ptolemy.util.test.WatchDog.cancel(): canceling Thu May 30 04:27:57 UTC 2019
------------------ testing $PTII/ptolemy/domains/de/test/auto/MergeModel1Add.xml
auto.tcl: Setting watchdog for 200 seconds at Thu May 30 04:27:57 UTC 2019
26 ms. Memory: 331264K Free: 300622K (91%)
ptolemy.util.test.WatchDog.cancel(): canceling Thu May 30 04:27:57 UTC 2019
auto.tcl: Setting watchdog for 200 seconds at Thu May 30 04:27:57 UTC 2019
10 ms. Memory: 331264K Free: 300622K (91%)
ptolemy.util.test.WatchDog.cancel(): canceling Thu May 30 04:27:57 UTC 2019
------------------ testing $PTII/ptolemy/domains/de/test/auto/MergeModel2Add.xml
auto.tcl: Setting watchdog for 200 seconds at Thu May 30 04:27:57 UTC 2019
8 ms. Memory: 331264K Free: 305521K (92%)
ptolemy.util.test.WatchDog.cancel(): canceling Thu May 30 04:27:57 UTC 2019
auto.tcl: Setting watchdog for 200 seconds at Thu May 30 04:27:57 UTC 2019
7 ms. Memory: 331264K Free: 301976K (91%)
ptolemy.util.test.WatchDog.cancel(): canceling Thu May 30 04:27:57 UTC 2019
------------------ testing $PTII/ptolemy/domains/de/test/auto/MergeModel3Add.xml
auto.tcl: Setting watchdog for 200 seconds at Thu May 30 04:27:57 UTC 2019
8 ms. Memory: 331264K Free: 305499K (92%)
ptolemy.util.test.WatchDog.cancel(): canceling Thu May 30 04:27:57 UTC 2019
auto.tcl: Setting watchdog for 200 seconds at Thu May 30 04:27:57 UTC 2019
7 ms. Memory: 331264K Free: 301954K (91%)
ptolemy.util.test.WatchDog.cancel(): canceling Thu May 30 04:27:57 UTC 2019
------------------ testing $PTII/ptolemy/domains/de/test/auto/MergeWithoutDiscard.xml
auto.tcl: Setting watchdog for 200 seconds at Thu May 30 04:27:57 UTC 2019
2 ms. Memory: 331264K Free: 316839K (96%)
ptolemy.util.test.WatchDog.cancel(): canceling Thu May 30 04:27:57 UTC 2019
auto.tcl: Setting watchdog for 200 seconds at Thu May 30 04:27:57 UTC 2019
1 ms. Memory: 331264K Free: 316839K (96%)
ptolemy.util.test.WatchDog.cancel(): canceling Thu May 30 04:27:57 UTC 2019
------------------ testing $PTII/ptolemy/domains/de/test/auto/Modal1.xml
auto.tcl: Setting watchdog for 200 seconds at Thu May 30 04:27:57 UTC 2019
17 ms. Memory: 331264K Free: 310459K (94%)
ptolemy.util.test.WatchDog.cancel(): canceling Thu May 30 04:27:58 UTC 2019
auto.tcl: Setting watchdog for 200 seconds at Thu May 30 04:27:58 UTC 2019
23 ms. Memory: 331264K Free: 306914K (93%)
ptolemy.util.test.WatchDog.cancel(): canceling Thu May 30 04:27:58 UTC 2019
------------------ testing $PTII/ptolemy/domains/de/test/auto/Modal2.xml
auto.tcl: Setting watchdog for 200 seconds at Thu May 30 04:27:58 UTC 2019
16 ms. Memory: 331264K Free: 310341K (94%)
ptolemy.util.test.WatchDog.cancel(): canceling Thu May 30 04:27:58 UTC 2019
auto.tcl: Setting watchdog for 200 seconds at Thu May 30 04:27:58 UTC 2019
10 ms. Memory: 331264K Free: 306795K (93%)
ptolemy.util.test.WatchDog.cancel(): canceling Thu May 30 04:27:58 UTC 2019
------------------ testing $PTII/ptolemy/domains/de/test/auto/Modal3.xml
auto.tcl: Setting watchdog for 200 seconds at Thu May 30 04:27:58 UTC 2019
10 ms. Memory: 331264K Free: 311006K (94%)
ptolemy.util.test.WatchDog.cancel(): canceling Thu May 30 04:27:58 UTC 2019
auto.tcl: Setting watchdog for 200 seconds at Thu May 30 04:27:58 UTC 2019
10 ms. Memory: 331264K Free: 306786K (93%)
ptolemy.util.test.WatchDog.cancel(): canceling Thu May 30 04:27:58 UTC 2019
------------------ testing $PTII/ptolemy/domains/de/test/auto/Modal4.xml
auto.tcl: Setting watchdog for 200 seconds at Thu May 30 04:27:58 UTC 2019
27 ms. Memory: 331264K Free: 310343K (94%)
ptolemy.util.test.WatchDog.cancel(): canceling Thu May 30 04:27:58 UTC 2019
auto.tcl: Setting watchdog for 200 seconds at Thu May 30 04:27:58 UTC 2019
15 ms. Memory: 331264K Free: 306798K (93%)
ptolemy.util.test.WatchDog.cancel(): canceling Thu May 30 04:27:58 UTC 2019
------------------ testing $PTII/ptolemy/domains/de/test/auto/Modal5.xml
auto.tcl: Setting watchdog for 200 seconds at Thu May 30 04:27:58 UTC 2019
21 ms. Memory: 331264K Free: 310330K (94%)
ptolemy.util.test.WatchDog.cancel(): canceling Thu May 30 04:27:58 UTC 2019
auto.tcl: Setting watchdog for 200 seconds at Thu May 30 04:27:58 UTC 2019
13 ms. Memory: 331264K Free: 306785K (93%)
ptolemy.util.test.WatchDog.cancel(): canceling Thu May 30 04:27:58 UTC 2019
------------------ testing $PTII/ptolemy/domains/de/test/auto/Modal6.xml
auto.tcl: Setting watchdog for 200 seconds at Thu May 30 04:27:58 UTC 2019
16 ms. Memory: 331264K Free: 310328K (94%)
ptolemy.util.test.WatchDog.cancel(): canceling Thu May 30 04:27:58 UTC 2019
auto.tcl: Setting watchdog for 200 seconds at Thu May 30 04:27:58 UTC 2019
12 ms. Memory: 331264K Free: 306783K (93%)
ptolemy.util.test.WatchDog.cancel(): canceling Thu May 30 04:27:58 UTC 2019
------------------ testing $PTII/ptolemy/domains/de/test/auto/Modal7.xml
auto.tcl: Setting watchdog for 200 seconds at Thu May 30 04:27:58 UTC 2019
9 ms. Memory: 331264K Free: 306783K (93%)
ptolemy.util.test.WatchDog.cancel(): canceling Thu May 30 04:27:58 UTC 2019
auto.tcl: Setting watchdog for 200 seconds at Thu May 30 04:27:58 UTC 2019
10 ms. Memory: 331264K Free: 303238K (92%)
ptolemy.util.test.WatchDog.cancel(): canceling Thu May 30 04:27:58 UTC 2019
------------------ testing $PTII/ptolemy/domains/de/test/auto/ModalModel.xml
auto.tcl: Setting watchdog for 200 seconds at Thu May 30 04:27:58 UTC 2019
169 ms. Memory: 331264K Free: 248051K (75%)
ptolemy.util.test.WatchDog.cancel(): canceling Thu May 30 04:27:58 UTC 2019
auto.tcl: Setting watchdog for 200 seconds at Thu May 30 04:27:58 UTC 2019
197 ms. Memory: 331264K Free: 191331K (58%)
ptolemy.util.test.WatchDog.cancel(): canceling Thu May 30 04:27:59 UTC 2019
------------------ testing $PTII/ptolemy/domains/de/test/auto/ModalSource.xml
auto.tcl: Setting watchdog for 200 seconds at Thu May 30 04:27:59 UTC 2019
6 ms. Memory: 331264K Free: 317013K (96%)
ptolemy.util.test.WatchDog.cancel(): canceling Thu May 30 04:27:59 UTC 2019
auto.tcl: Setting watchdog for 200 seconds at Thu May 30 04:27:59 UTC 2019
6 ms. Memory: 331264K Free: 313763K (95%)
ptolemy.util.test.WatchDog.cancel(): canceling Thu May 30 04:27:59 UTC 2019
------------------ testing $PTII/ptolemy/domains/de/test/auto/NonInterruptibleTimerZeroDelay.xml
auto.tcl: Setting watchdog for 200 seconds at Thu May 30 04:27:59 UTC 2019
4 ms. Memory: 331264K Free: 320916K (97%)
ptolemy.util.test.WatchDog.cancel(): canceling Thu May 30 04:27:59 UTC 2019
auto.tcl: Setting watchdog for 200 seconds at Thu May 30 04:27:59 UTC 2019
2 ms. Memory: 331264K Free: 317665K (96%)
ptolemy.util.test.WatchDog.cancel(): canceling Thu May 30 04:27:59 UTC 2019
------------------ testing $PTII/ptolemy/domains/de/test/auto/OpenQueueingNetwork.xml
auto.tcl: Setting watchdog for 200 seconds at Thu May 30 04:27:59 UTC 2019
2593 ms. Memory: 317952K Free: 135269K (43%)
ptolemy.util.test.WatchDog.cancel(): canceling Thu May 30 04:28:02 UTC 2019
auto.tcl: Setting watchdog for 200 seconds at Thu May 30 04:28:02 UTC 2019
2196 ms. Memory: 287232K Free: 216102K (75%)
ptolemy.util.test.WatchDog.cancel(): canceling Thu May 30 04:28:04 UTC 2019
------------------ testing $PTII/ptolemy/domains/de/test/auto/OpenQueuingNetwork.xml
auto.tcl: Setting watchdog for 200 seconds at Thu May 30 04:28:04 UTC 2019
222 ms. Memory: 287232K Free: 188120K (65%)
ptolemy.util.test.WatchDog.cancel(): canceling Thu May 30 04:28:04 UTC 2019
auto.tcl: Setting watchdog for 200 seconds at Thu May 30 04:28:04 UTC 2019
220 ms. Memory: 287232K Free: 129632K (45%)
ptolemy.util.test.WatchDog.cancel(): canceling Thu May 30 04:28:04 UTC 2019
------------------ testing $PTII/ptolemy/domains/de/test/auto/PeriodicSampler.xml
auto.tcl: Setting watchdog for 200 seconds at Thu May 30 04:28:04 UTC 2019
3 ms. Memory: 289792K Free: 277446K (96%)
ptolemy.util.test.WatchDog.cancel(): canceling Thu May 30 04:28:04 UTC 2019
auto.tcl: Setting watchdog for 200 seconds at Thu May 30 04:28:04 UTC 2019
2 ms. Memory: 289792K Free: 274624K (95%)
ptolemy.util.test.WatchDog.cancel(): canceling Thu May 30 04:28:04 UTC 2019
------------------ testing $PTII/ptolemy/domains/de/test/auto/PersistentIO.xml
auto.tcl: Setting watchdog for 200 seconds at Thu May 30 04:28:04 UTC 2019
9 ms. Memory: 287232K Free: 272055K (95%)
ptolemy.util.test.WatchDog.cancel(): canceling Thu May 30 04:28:04 UTC 2019
auto.tcl: Setting watchdog for 200 seconds at Thu May 30 04:28:04 UTC 2019
3 ms. Memory: 287232K Free: 269233K (94%)
ptolemy.util.test.WatchDog.cancel(): canceling Thu May 30 04:28:04 UTC 2019
------------------ testing $PTII/ptolemy/domains/de/test/auto/PortParameterResetOnInitialize.xml
auto.tcl: Setting watchdog for 200 seconds at Thu May 30 04:28:05 UTC 2019
2 ms. Memory: 289280K Free: 274728K (95%)
ptolemy.util.test.WatchDog.cancel(): canceling Thu May 30 04:28:05 UTC 2019
auto.tcl: Setting watchdog for 200 seconds at Thu May 30 04:28:05 UTC 2019
1 ms. Memory: 289280K Free: 274728K (95%)
ptolemy.util.test.WatchDog.cancel(): canceling Thu May 30 04:28:05 UTC 2019
------------------ testing $PTII/ptolemy/domains/de/test/auto/PortParameterUpdates.xml
auto.tcl: Setting watchdog for 200 seconds at Thu May 30 04:28:05 UTC 2019
7 ms. Memory: 287232K Free: 274872K (96%)
ptolemy.util.test.WatchDog.cancel(): canceling Thu May 30 04:28:05 UTC 2019
auto.tcl: Setting watchdog for 200 seconds at Thu May 30 04:28:05 UTC 2019
3 ms. Memory: 287232K Free: 272050K (95%)
ptolemy.util.test.WatchDog.cancel(): canceling Thu May 30 04:28:05 UTC 2019
------------------ testing $PTII/ptolemy/domains/de/test/auto/QueueAndServer.xml
auto.tcl: Setting watchdog for 200 seconds at Thu May 30 04:28:05 UTC 2019
11 ms. Memory: 289280K Free: 273906K (95%)
ptolemy.util.test.WatchDog.cancel(): canceling Thu May 30 04:28:05 UTC 2019
auto.tcl: Setting watchdog for 200 seconds at Thu May 30 04:28:05 UTC 2019
6 ms. Memory: 289280K Free: 273906K (95%)
ptolemy.util.test.WatchDog.cancel(): canceling Thu May 30 04:28:05 UTC 2019
------------------ testing $PTII/ptolemy/domains/de/test/auto/Records.xml
auto.tcl: Setting watchdog for 200 seconds at Thu May 30 04:28:05 UTC 2019
9 ms. Memory: 287232K Free: 274620K (96%)
ptolemy.util.test.WatchDog.cancel(): canceling Thu May 30 04:28:05 UTC 2019
auto.tcl: Setting watchdog for 200 seconds at Thu May 30 04:28:05 UTC 2019
1 ms. Memory: 287232K Free: 274620K (96%)
ptolemy.util.test.WatchDog.cancel(): canceling Thu May 30 04:28:05 UTC 2019
------------------ testing $PTII/ptolemy/domains/de/test/auto/ResetTransitionWithStartTime1.xml
auto.tcl: Setting watchdog for 200 seconds at Thu May 30 04:28:05 UTC 2019
5 ms. Memory: 288768K Free: 273359K (95%)
ptolemy.util.test.WatchDog.cancel(): canceling Thu May 30 04:28:05 UTC 2019
auto.tcl: Setting watchdog for 200 seconds at Thu May 30 04:28:05 UTC 2019
5 ms. Memory: 288768K Free: 270538K (94%)
ptolemy.util.test.WatchDog.cancel(): canceling Thu May 30 04:28:05 UTC 2019
------------------ testing $PTII/ptolemy/domains/de/test/auto/ResetTransitionWithStartTime2.xml
auto.tcl: Setting watchdog for 200 seconds at Thu May 30 04:28:05 UTC 2019
5 ms. Memory: 287232K Free: 271970K (95%)
ptolemy.util.test.WatchDog.cancel(): canceling Thu May 30 04:28:05 UTC 2019
auto.tcl: Setting watchdog for 200 seconds at Thu May 30 04:28:05 UTC 2019
6 ms. Memory: 287232K Free: 269149K (94%)
ptolemy.util.test.WatchDog.cancel(): canceling Thu May 30 04:28:05 UTC 2019
------------------ testing $PTII/ptolemy/domains/de/test/auto/ResetTransitionWithStartTime3.xml
auto.tcl: Setting watchdog for 200 seconds at Thu May 30 04:28:05 UTC 2019
6 ms. Memory: 288768K Free: 273350K (95%)
ptolemy.util.test.WatchDog.cancel(): canceling Thu May 30 04:28:05 UTC 2019
auto.tcl: Setting watchdog for 200 seconds at Thu May 30 04:28:05 UTC 2019
5 ms. Memory: 288768K Free: 270528K (94%)
ptolemy.util.test.WatchDog.cancel(): canceling Thu May 30 04:28:05 UTC 2019
------------------ testing $PTII/ptolemy/domains/de/test/auto/ResetTransitionWithStartTime4.xml
auto.tcl: Setting watchdog for 200 seconds at Thu May 30 04:28:05 UTC 2019
4 ms. Memory: 287232K Free: 271813K (95%)
ptolemy.util.test.WatchDog.cancel(): canceling Thu May 30 04:28:05 UTC 2019
auto.tcl: Setting watchdog for 200 seconds at Thu May 30 04:28:05 UTC 2019
3 ms. Memory: 287232K Free: 271813K (95%)
ptolemy.util.test.WatchDog.cancel(): canceling Thu May 30 04:28:05 UTC 2019
------------------ testing $PTII/ptolemy/domains/de/test/auto/ResettableTimer1.xml
auto.tcl: Setting watchdog for 200 seconds at Thu May 30 04:28:05 UTC 2019
2 ms. Memory: 288768K Free: 276166K (96%)
ptolemy.util.test.WatchDog.cancel(): canceling Thu May 30 04:28:05 UTC 2019
auto.tcl: Setting watchdog for 200 seconds at Thu May 30 04:28:05 UTC 2019
2 ms. Memory: 288768K Free: 276166K (96%)
ptolemy.util.test.WatchDog.cancel(): canceling Thu May 30 04:28:05 UTC 2019
------------------ testing $PTII/ptolemy/domains/de/test/auto/ResettableTimer2.xml
auto.tcl: Setting watchdog for 200 seconds at Thu May 30 04:28:05 UTC 2019
2 ms. Memory: 287232K Free: 274843K (96%)
ptolemy.util.test.WatchDog.cancel(): canceling Thu May 30 04:28:05 UTC 2019
auto.tcl: Setting watchdog for 200 seconds at Thu May 30 04:28:05 UTC 2019
2 ms. Memory: 287232K Free: 274843K (96%)
ptolemy.util.test.WatchDog.cancel(): canceling Thu May 30 04:28:05 UTC 2019
------------------ testing $PTII/ptolemy/domains/de/test/auto/ResettableTimer3.xml
auto.tcl: Setting watchdog for 200 seconds at Thu May 30 04:28:05 UTC 2019
1 ms. Memory: 288256K Free: 275711K (96%)
ptolemy.util.test.WatchDog.cancel(): canceling Thu May 30 04:28:05 UTC 2019
auto.tcl: Setting watchdog for 200 seconds at Thu May 30 04:28:05 UTC 2019
2 ms. Memory: 288256K Free: 275711K (96%)
ptolemy.util.test.WatchDog.cancel(): canceling Thu May 30 04:28:05 UTC 2019
------------------ testing $PTII/ptolemy/domains/de/test/auto/ResettableTimer4.xml
auto.tcl: Setting watchdog for 200 seconds at Thu May 30 04:28:05 UTC 2019
1 ms. Memory: 287232K Free: 274855K (96%)
ptolemy.util.test.WatchDog.cancel(): canceling Thu May 30 04:28:05 UTC 2019
auto.tcl: Setting watchdog for 200 seconds at Thu May 30 04:28:05 UTC 2019
1 ms. Memory: 287232K Free: 274855K (96%)
ptolemy.util.test.WatchDog.cancel(): canceling Thu May 30 04:28:05 UTC 2019
------------------ testing $PTII/ptolemy/domains/de/test/auto/ResettableTimer5.xml
auto.tcl: Setting watchdog for 200 seconds at Thu May 30 04:28:05 UTC 2019
3 ms. Memory: 288256K Free: 273819K (95%)
ptolemy.util.test.WatchDog.cancel(): canceling Thu May 30 04:28:05 UTC 2019
auto.tcl: Setting watchdog for 200 seconds at Thu May 30 04:28:05 UTC 2019
1 ms. Memory: 288256K Free: 273819K (95%)
ptolemy.util.test.WatchDog.cancel(): canceling Thu May 30 04:28:05 UTC 2019
------------------ testing $PTII/ptolemy/domains/de/test/auto/ResettableTimer6.xml
auto.tcl: Setting watchdog for 200 seconds at Thu May 30 04:28:05 UTC 2019
1 ms. Memory: 287232K Free: 272589K (95%)
ptolemy.util.test.WatchDog.cancel(): canceling Thu May 30 04:28:05 UTC 2019
auto.tcl: Setting watchdog for 200 seconds at Thu May 30 04:28:05 UTC 2019
1 ms. Memory: 287232K Free: 272589K (95%)
ptolemy.util.test.WatchDog.cancel(): canceling Thu May 30 04:28:05 UTC 2019
------------------ testing $PTII/ptolemy/domains/de/test/auto/ServerZeroDelay.xml
auto.tcl: Setting watchdog for 200 seconds at Thu May 30 04:28:05 UTC 2019
5 ms. Memory: 288256K Free: 275817K (96%)
ptolemy.util.test.WatchDog.cancel(): canceling Thu May 30 04:28:05 UTC 2019
auto.tcl: Setting watchdog for 200 seconds at Thu May 30 04:28:05 UTC 2019
2 ms. Memory: 288256K Free: 275817K (96%)
ptolemy.util.test.WatchDog.cancel(): canceling Thu May 30 04:28:05 UTC 2019
------------------ testing $PTII/ptolemy/domains/de/test/auto/SmartSender.xml
auto.tcl: Setting watchdog for 200 seconds at Thu May 30 04:28:05 UTC 2019
3001 ms. Memory: 287232K Free: 272715K (95%)
ptolemy.util.test.WatchDog.cancel(): canceling Thu May 30 04:28:08 UTC 2019
auto.tcl: Setting watchdog for 200 seconds at Thu May 30 04:28:08 UTC 2019
3002 ms. Memory: 287232K Free: 272715K (95%)
ptolemy.util.test.WatchDog.cancel(): canceling Thu May 30 04:28:11 UTC 2019
------------------ testing $PTII/ptolemy/domains/de/test/auto/ThreadedComposite.xml
auto.tcl: Setting watchdog for 200 seconds at Thu May 30 04:28:12 UTC 2019
226 ms. Memory: 288256K Free: 252750K (88%)
ptolemy.util.test.WatchDog.cancel(): canceling Thu May 30 04:28:12 UTC 2019
auto.tcl: Setting watchdog for 200 seconds at Thu May 30 04:28:12 UTC 2019
129 ms. Memory: 288256K Free: 241696K (84%)
ptolemy.util.test.WatchDog.cancel(): canceling Thu May 30 04:28:12 UTC 2019
------------------ testing $PTII/ptolemy/domains/de/test/auto/Time.xml
auto.tcl: Setting watchdog for 200 seconds at Thu May 30 04:28:12 UTC 2019
462 ms. Memory: 287232K Free: 220828K (77%)
ptolemy.util.test.WatchDog.cancel(): canceling Thu May 30 04:28:12 UTC 2019
auto.tcl: Setting watchdog for 200 seconds at Thu May 30 04:28:12 UTC 2019
454 ms. Memory: 287232K Free: 167217K (58%)
ptolemy.util.test.WatchDog.cancel(): canceling Thu May 30 04:28:13 UTC 2019
------------------ testing $PTII/ptolemy/domains/de/test/auto/TimeDelayZeroDelay.xml
auto.tcl: Setting watchdog for 200 seconds at Thu May 30 04:28:13 UTC 2019
2 ms. Memory: 287744K Free: 275667K (96%)
ptolemy.util.test.WatchDog.cancel(): canceling Thu May 30 04:28:13 UTC 2019
auto.tcl: Setting watchdog for 200 seconds at Thu May 30 04:28:13 UTC 2019
2 ms. Memory: 287744K Free: 275667K (96%)
ptolemy.util.test.WatchDog.cancel(): canceling Thu May 30 04:28:13 UTC 2019
------------------ testing $PTII/ptolemy/domains/de/test/auto/TimerZeroDelay.xml
auto.tcl: Setting watchdog for 200 seconds at Thu May 30 04:28:13 UTC 2019
3 ms. Memory: 287232K Free: 275315K (96%)
ptolemy.util.test.WatchDog.cancel(): canceling Thu May 30 04:28:13 UTC 2019
auto.tcl: Setting watchdog for 200 seconds at Thu May 30 04:28:13 UTC 2019
2 ms. Memory: 287232K Free: 275315K (96%)
ptolemy.util.test.WatchDog.cancel(): canceling Thu May 30 04:28:13 UTC 2019
------------------ testing $PTII/ptolemy/domains/de/test/auto/TimingParadox.xml
auto.tcl: Setting watchdog for 200 seconds at Thu May 30 04:28:13 UTC 2019
328 ms. Memory: 287744K Free: 210162K (73%)
ptolemy.util.test.WatchDog.cancel(): canceling Thu May 30 04:28:13 UTC 2019
auto.tcl: Setting watchdog for 200 seconds at Thu May 30 04:28:13 UTC 2019
325 ms. Memory: 287744K Free: 174586K (61%)
ptolemy.util.test.WatchDog.cancel(): canceling Thu May 30 04:28:14 UTC 2019
------------------ testing $PTII/ptolemy/domains/de/test/auto/TransferInputs.xml
auto.tcl: Setting watchdog for 200 seconds at Thu May 30 04:28:14 UTC 2019
2 ms. Memory: 287744K Free: 274703K (95%)
ptolemy.util.test.WatchDog.cancel(): canceling Thu May 30 04:28:14 UTC 2019
auto.tcl: Setting watchdog for 200 seconds at Thu May 30 04:28:14 UTC 2019
1 ms. Memory: 287744K Free: 274703K (95%)
ptolemy.util.test.WatchDog.cancel(): canceling Thu May 30 04:28:14 UTC 2019
------------------ testing $PTII/ptolemy/domains/de/test/auto/TransferOutputs2.xml
auto.tcl: Setting watchdog for 200 seconds at Thu May 30 04:28:14 UTC 2019
3 ms. Memory: 287232K Free: 270673K (94%)
ptolemy.util.test.WatchDog.cancel(): canceling Thu May 30 04:28:14 UTC 2019
auto.tcl: Setting watchdog for 200 seconds at Thu May 30 04:28:14 UTC 2019
2 ms. Memory: 287232K Free: 268089K (93%)
ptolemy.util.test.WatchDog.cancel(): canceling Thu May 30 04:28:14 UTC 2019
------------------ testing $PTII/ptolemy/domains/de/test/auto/Trilateration.xml
auto.tcl: Setting watchdog for 200 seconds at Thu May 30 04:28:14 UTC 2019
12728 ms. Memory: 759296K Free: 729419K (96%)
ptolemy.util.test.WatchDog.cancel(): canceling Thu May 30 04:28:28 UTC 2019
auto.tcl: Setting watchdog for 200 seconds at Thu May 30 04:28:28 UTC 2019
9909 ms. Memory: 639488K Free: 558835K (87%)
ptolemy.util.test.WatchDog.cancel(): canceling Thu May 30 04:28:37 UTC 2019
------------------ testing $PTII/ptolemy/domains/de/test/auto/TwoSigmaDelta.xml
auto.tcl: Setting watchdog for 200 seconds at Thu May 30 04:28:38 UTC 2019
2498 ms. Memory: 643072K Free: 348622K (54%)
ptolemy.util.test.WatchDog.cancel(): canceling Thu May 30 04:28:40 UTC 2019
auto.tcl: Setting watchdog for 200 seconds at Thu May 30 04:28:40 UTC 2019
2088 ms. Memory: 643072K Free: 118395K (18%)
ptolemy.util.test.WatchDog.cancel(): canceling Thu May 30 04:28:42 UTC 2019
------------------ testing $PTII/ptolemy/domains/de/test/auto/VariableDelay.xml
auto.tcl: Setting watchdog for 200 seconds at Thu May 30 04:28:42 UTC 2019
3 ms. Memory: 640000K Free: 620492K (97%)
ptolemy.util.test.WatchDog.cancel(): canceling Thu May 30 04:28:42 UTC 2019
auto.tcl: Setting watchdog for 200 seconds at Thu May 30 04:28:42 UTC 2019
2 ms. Memory: 640000K Free: 620492K (97%)
ptolemy.util.test.WatchDog.cancel(): canceling Thu May 30 04:28:42 UTC 2019
------------------ testing $PTII/ptolemy/domains/de/test/auto/VariableDelay2.xml
auto.tcl: Setting watchdog for 200 seconds at Thu May 30 04:28:42 UTC 2019
10 ms. Memory: 639488K Free: 620407K (97%)
ptolemy.util.test.WatchDog.cancel(): canceling Thu May 30 04:28:42 UTC 2019
auto.tcl: Setting watchdog for 200 seconds at Thu May 30 04:28:42 UTC 2019
1 ms. Memory: 639488K Free: 620407K (97%)
ptolemy.util.test.WatchDog.cancel(): canceling Thu May 30 04:28:42 UTC 2019
------------------ testing $PTII/ptolemy/domains/de/test/auto/VariableDelayZeroDelay.xml
auto.tcl: Setting watchdog for 200 seconds at Thu May 30 04:28:42 UTC 2019
2 ms. Memory: 639488K Free: 614825K (96%)
ptolemy.util.test.WatchDog.cancel(): canceling Thu May 30 04:28:43 UTC 2019
auto.tcl: Setting watchdog for 200 seconds at Thu May 30 04:28:43 UTC 2019
2 ms. Memory: 639488K Free: 614825K (96%)
ptolemy.util.test.WatchDog.cancel(): canceling Thu May 30 04:28:43 UTC 2019
------------------ testing $PTII/ptolemy/domains/de/test/auto/VariableDelayZeroDelay2.xml
auto.tcl: Setting watchdog for 200 seconds at Thu May 30 04:28:43 UTC 2019
2 ms. Memory: 642048K Free: 617383K (96%)
ptolemy.util.test.WatchDog.cancel(): canceling Thu May 30 04:28:43 UTC 2019
auto.tcl: Setting watchdog for 200 seconds at Thu May 30 04:28:43 UTC 2019
1 ms. Memory: 642048K Free: 617383K (96%)
ptolemy.util.test.WatchDog.cancel(): canceling Thu May 30 04:28:43 UTC 2019
------------------ testing $PTII/ptolemy/domains/de/test/auto/deInCt.xml
auto.tcl: Setting watchdog for 200 seconds at Thu May 30 04:28:43 UTC 2019
0
1
1
1
0
0
0
0
0
0
0
0
1
1
1
0
0
0
1
1
1
1
0
0
0
1
1
1
0
0
1
1
1
0
0
0
1
1
1
1
7 ms. Memory: 639488K Free: 614806K (96%)
ptolemy.util.test.WatchDog.cancel(): canceling Thu May 30 04:28:43 UTC 2019
auto.tcl: Setting watchdog for 200 seconds at Thu May 30 04:28:43 UTC 2019
0
1
1
1
0
0
1
1
1
0
0
0
1
1
1
0
0
0
1
1
1
1
1
1
1
0
0
0
1
1
1
1
0
0
0
0
0
0
9 ms. Memory: 639488K Free: 614806K (96%)
ptolemy.util.test.WatchDog.cancel(): canceling Thu May 30 04:28:43 UTC 2019
------------------ testing $PTII/ptolemy/domains/de/test/auto/deInCt2.xml
auto.tcl: Setting watchdog for 200 seconds at Thu May 30 04:28:43 UTC 2019
0
1
1
1
0
0
1
1
1
0
0
1
1
1
0
0
1
1
1
0
0
1
1
1
0
0
1
1
1
0
0
1
1
1
0
0
1
1
1
0
0
0
11 ms. Memory: 642048K Free: 617366K (96%)
ptolemy.util.test.WatchDog.cancel(): canceling Thu May 30 04:28:43 UTC 2019
auto.tcl: Setting watchdog for 200 seconds at Thu May 30 04:28:43 UTC 2019
0
1
1
1
0
0
1
1
1
0
0
1
1
1
0
0
1
1
1
0
0
1
1
1
0
0
1
1
1
0
0
1
1
1
0
0
1
1
1
0
0
0
4 ms. Memory: 642048K Free: 617366K (96%)
ptolemy.util.test.WatchDog.cancel(): canceling Thu May 30 04:28:43 UTC 2019
------------------ testing $PTII/ptolemy/domains/de/test/auto/dynamicCausalityInterface1.xml
auto.tcl: Setting watchdog for 200 seconds at Thu May 30 04:28:43 UTC 2019
1 ms. Memory: 639488K Free: 611742K (96%)
ptolemy.util.test.WatchDog.cancel(): canceling Thu May 30 04:28:43 UTC 2019
auto.tcl: Setting watchdog for 200 seconds at Thu May 30 04:28:43 UTC 2019
1 ms. Memory: 639488K Free: 611742K (96%)
ptolemy.util.test.WatchDog.cancel(): canceling Thu May 30 04:28:43 UTC 2019
------------------ testing $PTII/ptolemy/domains/de/test/auto/fsm_de_test.xml
auto.tcl: Setting watchdog for 200 seconds at Thu May 30 04:28:43 UTC 2019
6 ms. Memory: 641536K Free: 616757K (96%)
ptolemy.util.test.WatchDog.cancel(): canceling Thu May 30 04:28:43 UTC 2019
auto.tcl: Setting watchdog for 200 seconds at Thu May 30 04:28:43 UTC 2019
4 ms. Memory: 641536K Free: 608088K (95%)
ptolemy.util.test.WatchDog.cancel(): canceling Thu May 30 04:28:43 UTC 2019
------------------ testing $PTII/ptolemy/domains/de/test/auto/functionDependencyReconstruction.xml
auto.tcl: Setting watchdog for 200 seconds at Thu May 30 04:28:43 UTC 2019
2 ms. Memory: 639488K Free: 611611K (96%)
ptolemy.util.test.WatchDog.cancel(): canceling Thu May 30 04:28:43 UTC 2019
auto.tcl: Setting watchdog for 200 seconds at Thu May 30 04:28:43 UTC 2019
3 ms. Memory: 639488K Free: 611611K (96%)
ptolemy.util.test.WatchDog.cancel(): canceling Thu May 30 04:28:43 UTC 2019
------------------ testing $PTII/ptolemy/domains/de/test/auto/multirate.xml
auto.tcl: Setting watchdog for 200 seconds at Thu May 30 04:28:43 UTC 2019
3 ms. Memory: 641536K Free: 616624K (96%)
ptolemy.util.test.WatchDog.cancel(): canceling Thu May 30 04:28:43 UTC 2019
auto.tcl: Setting watchdog for 200 seconds at Thu May 30 04:28:43 UTC 2019
2 ms. Memory: 641536K Free: 616624K (96%)
ptolemy.util.test.WatchDog.cancel(): canceling Thu May 30 04:28:43 UTC 2019
------------------ testing $PTII/ptolemy/domains/de/test/auto/multirate2.xml
auto.tcl: Setting watchdog for 200 seconds at Thu May 30 04:28:43 UTC 2019
3 ms. Memory: 639488K Free: 614764K (96%)
ptolemy.util.test.WatchDog.cancel(): canceling Thu May 30 04:28:43 UTC 2019
auto.tcl: Setting watchdog for 200 seconds at Thu May 30 04:28:43 UTC 2019
2 ms. Memory: 639488K Free: 614764K (96%)
ptolemy.util.test.WatchDog.cancel(): canceling Thu May 30 04:28:43 UTC 2019
------------------ testing $PTII/ptolemy/domains/de/test/auto/realtime.xml
auto.tcl: Setting watchdog for 200 seconds at Thu May 30 04:28:43 UTC 2019
10001 ms. Memory: 641024K Free: 616285K (96%)
ptolemy.util.test.WatchDog.cancel(): canceling Thu May 30 04:28:53 UTC 2019
auto.tcl: Setting watchdog for 200 seconds at Thu May 30 04:28:53 UTC 2019
10001 ms. Memory: 641024K Free: 616285K (96%)
ptolemy.util.test.WatchDog.cancel(): canceling Thu May 30 04:29:03 UTC 2019
------------------ testing $PTII/ptolemy/domains/de/test/auto/relationGroup.xml
auto.tcl: Setting watchdog for 200 seconds at Thu May 30 04:29:03 UTC 2019
4 ms. Memory: 639488K Free: 614789K (96%)
ptolemy.util.test.WatchDog.cancel(): canceling Thu May 30 04:29:03 UTC 2019
auto.tcl: Setting watchdog for 200 seconds at Thu May 30 04:29:03 UTC 2019
1 ms. Memory: 639488K Free: 614789K (96%)
ptolemy.util.test.WatchDog.cancel(): canceling Thu May 30 04:29:03 UTC 2019
------------------ testing $PTII/ptolemy/domains/de/test/auto/relationGroup2.xml
auto.tcl: Setting watchdog for 200 seconds at Thu May 30 04:29:03 UTC 2019
1 ms. Memory: 641024K Free: 616351K (96%)
ptolemy.util.test.WatchDog.cancel(): canceling Thu May 30 04:29:03 UTC 2019
auto.tcl: Setting watchdog for 200 seconds at Thu May 30 04:29:03 UTC 2019
1 ms. Memory: 641024K Free: 616351K (96%)
ptolemy.util.test.WatchDog.cancel(): canceling Thu May 30 04:29:03 UTC 2019
------------------ testing $PTII/ptolemy/domains/de/test/auto/sortWithOpaquePorts.xml
auto.tcl: Setting watchdog for 200 seconds at Thu May 30 04:29:03 UTC 2019
1 ms. Memory: 639488K Free: 614816K (96%)
ptolemy.util.test.WatchDog.cancel(): canceling Thu May 30 04:29:03 UTC 2019
auto.tcl: Setting watchdog for 200 seconds at Thu May 30 04:29:03 UTC 2019
2 ms. Memory: 639488K Free: 614816K (96%)
ptolemy.util.test.WatchDog.cancel(): canceling Thu May 30 04:29:03 UTC 2019
------------------ testing $PTII/ptolemy/domains/de/test/auto/transferInputsandOutputs.xml
auto.tcl: Setting watchdog for 200 seconds at Thu May 30 04:29:03 UTC 2019
1 ms. Memory: 640512K Free: 615826K (96%)
ptolemy.util.test.WatchDog.cancel(): canceling Thu May 30 04:29:03 UTC 2019
auto.tcl: Setting watchdog for 200 seconds at Thu May 30 04:29:03 UTC 2019
2 ms. Memory: 640512K Free: 615826K (96%)
ptolemy.util.test.WatchDog.cancel(): canceling Thu May 30 04:29:03 UTC 2019
------------------ testing $PTII/ptolemy/domains/de/test/auto/triggerType.xml
auto.tcl: Setting watchdog for 200 seconds at Thu May 30 04:29:03 UTC 2019
1 ms. Memory: 639488K Free: 614753K (96%)
ptolemy.util.test.WatchDog.cancel(): canceling Thu May 30 04:29:03 UTC 2019
auto.tcl: Setting watchdog for 200 seconds at Thu May 30 04:29:03 UTC 2019
2 ms. Memory: 639488K Free: 614753K (96%)
ptolemy.util.test.WatchDog.cancel(): canceling Thu May 30 04:29:03 UTC 2019
05/30/19 04:29:03
Failed: 0  Total Tests: 192  ((Passed: 187, Newly Passed: 1)  Known Failed: 5) /home/travis/build/icyphy/ptII/ptolemy/domains/de/test
05/30/19 04:29:03
Failed: 0  Total Tests: 192  ((Passed: 187, Newly Passed: 1)  Known Failed: 5) /home/travis/build/icyphy/ptII/ptolemy/domains/de/test
----------------- testing (KnownFailure) /home/travis/build/icyphy/ptII/ptolemy/domains/de/test/auto/knownFailedTests/DESDFClockTest.xml
2009 ms. Memory: 640512K Free: 604655K (94%)
Known Failure: java.lang.reflect.InvocationTargetException
----------------- testing (KnownFailure) /home/travis/build/icyphy/ptII/ptolemy/domains/de/test/auto/knownFailedTests/DirectFeedback.xml
1 ms. Memory: 640512K Free: 560008K (87%)
Known Failure: java.lang.reflect.InvocationTargetException
----------------- testing (KnownFailure) /home/travis/build/icyphy/ptII/ptolemy/domains/de/test/auto/knownFailedTests/FSMSource.xml
10 ms. Memory: 640512K Free: 515362K (80%)
----------------- testing (KnownFailure) /home/travis/build/icyphy/ptII/ptolemy/domains/de/test/auto/knownFailedTests/HierarchicalModel.xml
1 ms. Memory: 640512K Free: 481877K (75%)
Known Failure: java.lang.reflect.InvocationTargetException
----------------- testing (KnownFailure) /home/travis/build/icyphy/ptII/ptolemy/domains/de/test/auto/knownFailedTests/dependencyLoop.xml
2 ms. Memory: 640512K Free: 426053K (67%)
Known Failure: java.lang.reflect.InvocationTargetException
----------------- testing (KnownFailure) /home/travis/build/icyphy/ptII/ptolemy/domains/de/test/auto/knownFailedTests/dependencyLoop2.xml
2 ms. Memory: 640512K Free: 370228K (58%)
Known Failure: java.lang.reflect.InvocationTargetException
No auto/linux-amd64/*.xml tests in /home/travis/build/icyphy/ptII/ptolemy/domains/de/test
AutoTests.java: About to close Vertx.
AutoTests.java: Vertx closed.

===========================================================================================
----------------- testing Thu May 30 04:29:06 UTC 2019 /home/travis/build/icyphy/ptII/ptolemy/domains/de/test/auto/ActorDepthCalculation_actorWithoutPorts.xml
----------------- Instantiating /home/travis/build/icyphy/ptII/ptolemy/domains/de/test/auto/ActorDepthCalculation_actorWithoutPorts.xml
2 ms. Memory: 640512K Free: 314420K (49%)
----------------- Invoking toplevel() on ptolemy.moml.MoMLSimpleApplication@5974878a
----------------- Done invoking toplevel() on ptolemy.moml.MoMLSimpleApplication@5974878a
reloadAllAccessors: .ActorDepthCalculation_actorWithoutPorts

===========================================================================================
----------------- testing Thu May 30 04:29:06 UTC 2019 /home/travis/build/icyphy/ptII/ptolemy/domains/de/test/auto/AssemblyLine.xml
----------------- Instantiating /home/travis/build/icyphy/ptII/ptolemy/domains/de/test/auto/AssemblyLine.xml
1 ms. Memory: 640512K Free: 292097K (46%)
----------------- Invoking toplevel() on ptolemy.moml.MoMLSimpleApplication@2d00fcb3
----------------- Done invoking toplevel() on ptolemy.moml.MoMLSimpleApplication@2d00fcb3
reloadAllAccessors: .AssemblyLine

===========================================================================================
----------------- testing Thu May 30 04:29:06 UTC 2019 /home/travis/build/icyphy/ptII/ptolemy/domains/de/test/auto/CQBug1.xml
----------------- Instantiating /home/travis/build/icyphy/ptII/ptolemy/domains/de/test/auto/CQBug1.xml
0 ms. Memory: 640512K Free: 269773K (42%)
----------------- Invoking toplevel() on ptolemy.moml.MoMLSimpleApplication@76c9b0f8
----------------- Done invoking toplevel() on ptolemy.moml.MoMLSimpleApplication@76c9b0f8
reloadAllAccessors: .CQBug1

===========================================================================================
----------------- testing Thu May 30 04:29:06 UTC 2019 /home/travis/build/icyphy/ptII/ptolemy/domains/de/test/auto/CancelFireAt.xml
----------------- Instantiating /home/travis/build/icyphy/ptII/ptolemy/domains/de/test/auto/CancelFireAt.xml
0 ms. Memory: 640512K Free: 247450K (39%)
----------------- Invoking toplevel() on ptolemy.moml.MoMLSimpleApplication@4416631d
----------------- Done invoking toplevel() on ptolemy.moml.MoMLSimpleApplication@4416631d
reloadAllAccessors: .CancelFireAt

===========================================================================================
----------------- testing Thu May 30 04:29:06 UTC 2019 /home/travis/build/icyphy/ptII/ptolemy/domains/de/test/auto/CausalityAndComposabilityAnalysis.xml
----------------- Instantiating /home/travis/build/icyphy/ptII/ptolemy/domains/de/test/auto/CausalityAndComposabilityAnalysis.xml
1 ms. Memory: 640512K Free: 225127K (35%)
----------------- Invoking toplevel() on ptolemy.moml.MoMLSimpleApplication@1ca00837
----------------- Done invoking toplevel() on ptolemy.moml.MoMLSimpleApplication@1ca00837
reloadAllAccessors: .CausalityAndComposabilityAnalysis

===========================================================================================
----------------- testing Thu May 30 04:29:06 UTC 2019 /home/travis/build/icyphy/ptII/ptolemy/domains/de/test/auto/CausalityInterface1.xml
----------------- Instantiating /home/travis/build/icyphy/ptII/ptolemy/domains/de/test/auto/CausalityInterface1.xml
3 ms. Memory: 640512K Free: 202804K (32%)
----------------- Invoking toplevel() on ptolemy.moml.MoMLSimpleApplication@49e96e8f
----------------- Done invoking toplevel() on ptolemy.moml.MoMLSimpleApplication@49e96e8f
reloadAllAccessors: .CausalityInterface1

===========================================================================================
----------------- testing Thu May 30 04:29:06 UTC 2019 /home/travis/build/icyphy/ptII/ptolemy/domains/de/test/auto/CausalityInterface15.xml
----------------- Instantiating /home/travis/build/icyphy/ptII/ptolemy/domains/de/test/auto/CausalityInterface15.xml
4 ms. Memory: 640512K Free: 180481K (28%)
----------------- Invoking toplevel() on ptolemy.moml.MoMLSimpleApplication@216a0333
----------------- Done invoking toplevel() on ptolemy.moml.MoMLSimpleApplication@216a0333
reloadAllAccessors: .CausalityInterface15

[...]
java.lang.RuntimeException: Execution failed
	at ptolemy.moml.MoMLSimpleApplication$UnloadThread.run(MoMLSimpleApplication.java:402)
Caused by: ptolemy.kernel.util.IllegalActionException: Test fails in iteration 1.
Value was: 1.0. Should have been: 2.0
  in .DirectFeedback.Test
	at ptolemy.actor.lib.Test.fire(Test.java:268)
	at ptolemy.domains.de.kernel.DEDirector._fire(DEDirector.java:1949)
	at ptolemy.domains.de.kernel.DEDirector.fire(DEDirector.java:502)
	at ptolemy.actor.CompositeActor.fire(CompositeActor.java:455)
	at ptolemy.actor.Manager.iterate(Manager.java:851)
	at ptolemy.actor.Manager.execute(Manager.java:369)
	at ptolemy.actor.Manager.run(Manager.java:1263)
	at ptolemy.actor.Manager$PtolemyRunThread.run(Manager.java:1915)
java.lang.RuntimeException: Execution failed
	at ptolemy.moml.MoMLSimpleApplication$UnloadThread.run(MoMLSimpleApplication.java:402)
Caused by: ptolemy.kernel.util.IllegalActionException: Actor is not ready to fire.  Perhaps UpSample.prefire() returned false? Try debugging the actor by selecting "Listen to Actor".  Also, for SDF check moml for tokenConsumptionRate on input.
  in .DESDFClockTest.Play Bell.Copy1:SDF Director and .DESDFClockTest.Play Bell.UpSample
	at ptolemy.actor.sched.StaticSchedulingDirector.fire(StaticSchedulingDirector.java:227)
	at ptolemy.domains.sdf.kernel.SDFDirector.fire(SDFDirector.java:500)
	at ptolemy.actor.CompositeActor.fire(CompositeActor.java:455)
	at ptolemy.domains.de.kernel.DEDirector._fire(DEDirector.java:1949)
	at ptolemy.domains.de.kernel.DEDirector.fire(DEDirector.java:502)
	at ptolemy.actor.CompositeActor.fire(CompositeActor.java:455)
	at ptolemy.actor.Manager.iterate(Manager.java:851)
	at ptolemy.actor.Manager.execute(Manager.java:369)
	at ptolemy.actor.Manager.run(Manager.java:1263)
	at ptolemy.actor.Manager$PtolemyRunThread.run(Manager.java:1915)
java.lang.reflect.InvocationTargetException
	at sun.reflect.NativeConstructorAccessorImpl.newInstance0(Native Method)
	at sun.reflect.NativeConstructorAccessorImpl.newInstance(NativeConstructorAccessorImpl.java:62)
	at sun.reflect.DelegatingConstructorAccessorImpl.newInstance(DelegatingConstructorAccessorImpl.java:45)
	at java.lang.reflect.Constructor.newInstance(Constructor.java:423)
	at ptolemy.util.test.junit.AutoKnownFailedTests.RunModel(AutoKnownFailedTests.java:105)
	at sun.reflect.NativeMethodAccessorImpl.invoke0(Native Method)
	at sun.reflect.NativeMethodAccessorImpl.invoke(NativeMethodAccessorImpl.java:62)
	at sun.reflect.DelegatingMethodAccessorImpl.invoke(DelegatingMethodAccessorImpl.java:43)
	at java.lang.reflect.Method.invoke(Method.java:498)
	at org.junit.runners.model.FrameworkMethod$1.runReflectiveCall(FrameworkMethod.java:44)
	at org.junit.internal.runners.model.ReflectiveCallable.run(ReflectiveCallable.java:15)
	at org.junit.runners.model.FrameworkMethod.invokeExplosively(FrameworkMethod.java:41)
	at junitparams.internal.InvokeParameterisedMethod.evaluate(InvokeParameterisedMethod.java:102)
	at org.junit.internal.runners.statements.FailOnTimeout$1.run(FailOnTimeout.java:28)
Caused by: ptolemy.kernel.util.IllegalActionException: Actor is not ready to fire.  Perhaps UpSample.prefire() returned false? Try debugging the actor by selecting "Listen to Actor".  Also, for SDF check moml for tokenConsumptionRate on input.
  in .DESDFClockTest.Play Bell.Copy1:SDF Director and .DESDFClockTest.Play Bell.UpSample
	at ptolemy.actor.sched.StaticSchedulingDirector.fire(StaticSchedulingDirector.java:227)
	at ptolemy.domains.sdf.kernel.SDFDirector.fire(SDFDirector.java:500)
	at ptolemy.actor.CompositeActor.fire(CompositeActor.java:455)
	at ptolemy.domains.de.kernel.DEDirector._fire(DEDirector.java:1949)
	at ptolemy.domains.de.kernel.DEDirector.fire(DEDirector.java:502)
	at ptolemy.actor.CompositeActor.fire(CompositeActor.java:455)
	at ptolemy.actor.Manager.iterate(Manager.java:851)
	at ptolemy.actor.Manager.execute(Manager.java:369)
	at ptolemy.actor.Manager.run(Manager.java:1263)
	at ptolemy.actor.Manager$PtolemyRunThread.run(Manager.java:1915)
java.lang.RuntimeException: Execution failed
	at ptolemy.moml.MoMLSimpleApplication$UnloadThread.run(MoMLSimpleApplication.java:402)
Caused by: ptolemy.kernel.util.IllegalActionException: Test fails in iteration 1.
Value was: 1.0. Should have been: 2.0
  in .DirectFeedback.Test
	at ptolemy.actor.lib.Test.fire(Test.java:268)
	at ptolemy.domains.de.kernel.DEDirector._fire(DEDirector.java:1949)
	at ptolemy.domains.de.kernel.DEDirector.fire(DEDirector.java:502)
	at ptolemy.actor.CompositeActor.fire(CompositeActor.java:455)
	at ptolemy.actor.Manager.iterate(Manager.java:851)
	at ptolemy.actor.Manager.execute(Manager.java:369)
	at ptolemy.actor.Manager.run(Manager.java:1263)
	at ptolemy.actor.Manager$PtolemyRunThread.run(Manager.java:1915)
java.lang.reflect.InvocationTargetException
	at sun.reflect.NativeConstructorAccessorImpl.newInstance0(Native Method)
	at sun.reflect.NativeConstructorAccessorImpl.newInstance(NativeConstructorAccessorImpl.java:62)
	at sun.reflect.DelegatingConstructorAccessorImpl.newInstance(DelegatingConstructorAccessorImpl.java:45)
	at java.lang.reflect.Constructor.newInstance(Constructor.java:423)
	at ptolemy.util.test.junit.AutoKnownFailedTests.RunModel(AutoKnownFailedTests.java:105)
	at sun.reflect.NativeMethodAccessorImpl.invoke0(Native Method)
	at sun.reflect.NativeMethodAccessorImpl.invoke(NativeMethodAccessorImpl.java:62)
	at sun.reflect.DelegatingMethodAccessorImpl.invoke(DelegatingMethodAccessorImpl.java:43)
	at java.lang.reflect.Method.invoke(Method.java:498)
	at org.junit.runners.model.FrameworkMethod$1.runReflectiveCall(FrameworkMethod.java:44)
	at org.junit.internal.runners.model.ReflectiveCallable.run(ReflectiveCallable.java:15)
	at org.junit.runners.model.FrameworkMethod.invokeExplosively(FrameworkMethod.java:41)
	at junitparams.internal.InvokeParameterisedMethod.evaluate(InvokeParameterisedMethod.java:102)
	at org.junit.internal.runners.statements.FailOnTimeout$1.run(FailOnTimeout.java:28)
Caused by: ptolemy.kernel.util.IllegalActionException: Test fails in iteration 1.
Value was: 1.0. Should have been: 2.0
  in .DirectFeedback.Test
	at ptolemy.actor.lib.Test.fire(Test.java:268)
	at ptolemy.domains.de.kernel.DEDirector._fire(DEDirector.java:1949)
	at ptolemy.domains.de.kernel.DEDirector.fire(DEDirector.java:502)
	at ptolemy.actor.CompositeActor.fire(CompositeActor.java:455)
	at ptolemy.actor.Manager.iterate(Manager.java:851)
	at ptolemy.actor.Manager.execute(Manager.java:369)
	at ptolemy.actor.Manager.run(Manager.java:1263)
	at ptolemy.actor.Manager$PtolemyRunThread.run(Manager.java:1915)
java.lang.RuntimeException: Execution failed
	at ptolemy.moml.MoMLSimpleApplication$UnloadThread.run(MoMLSimpleApplication.java:402)
Caused by: ptolemy.kernel.util.IllegalActionException: Found a zero delay loop containing .HierarchicalModel.A
  in .HierarchicalModel and .HierarchicalModel.A
	at ptolemy.actor.util.CausalityInterfaceForComposites._computeOutputPortDepth(CausalityInterfaceForComposites.java:759)
	at ptolemy.actor.util.CausalityInterfaceForComposites._computeInputDepth(CausalityInterfaceForComposites.java:696)
	at ptolemy.actor.util.CausalityInterfaceForComposites._computeOutputPortDepth(CausalityInterfaceForComposites.java:765)
	at ptolemy.actor.util.CausalityInterfaceForComposites._computeInputDepth(CausalityInterfaceForComposites.java:696)
	at ptolemy.actor.util.CausalityInterfaceForComposites._computeOutputPortDepth(CausalityInterfaceForComposites.java:765)
	at ptolemy.actor.util.CausalityInterfaceForComposites._computeInputDepth(CausalityInterfaceForComposites.java:696)
	at ptolemy.actor.util.CausalityInterfaceForComposites._computeActorDepth(CausalityInterfaceForComposites.java:532)
	at ptolemy.actor.util.CausalityInterfaceForComposites.checkForCycles(CausalityInterfaceForComposites.java:96)
	at ptolemy.domains.de.kernel.DEDirector.preinitialize(DEDirector.java:1338)
	at ptolemy.actor.CompositeActor.preinitialize(CompositeActor.java:1828)
	at ptolemy.actor.Manager.preinitializeAndResolveTypes(Manager.java:1040)
	at ptolemy.actor.Manager.initialize(Manager.java:710)
	at ptolemy.actor.Manager.execute(Manager.java:356)
	at ptolemy.actor.Manager.run(Manager.java:1263)
	at ptolemy.actor.Manager$PtolemyRunThread.run(Manager.java:1915)
java.lang.reflect.InvocationTargetException
	at sun.reflect.NativeConstructorAccessorImpl.newInstance0(Native Method)
	at sun.reflect.NativeConstructorAccessorImpl.newInstance(NativeConstructorAccessorImpl.java:62)
	at sun.reflect.DelegatingConstructorAccessorImpl.newInstance(DelegatingConstructorAccessorImpl.java:45)
	at java.lang.reflect.Constructor.newInstance(Constructor.java:423)
	at ptolemy.util.test.junit.AutoKnownFailedTests.RunModel(AutoKnownFailedTests.java:105)
	at sun.reflect.NativeMethodAccessorImpl.invoke0(Native Method)
	at sun.reflect.NativeMethodAccessorImpl.invoke(NativeMethodAccessorImpl.java:62)
	at sun.reflect.DelegatingMethodAccessorImpl.invoke(DelegatingMethodAccessorImpl.java:43)
	at java.lang.reflect.Method.invoke(Method.java:498)
	at org.junit.runners.model.FrameworkMethod$1.runReflectiveCall(FrameworkMethod.java:44)
	at org.junit.internal.runners.model.ReflectiveCallable.run(ReflectiveCallable.java:15)
	at org.junit.runners.model.FrameworkMethod.invokeExplosively(FrameworkMethod.java:41)
	at junitparams.internal.InvokeParameterisedMethod.evaluate(InvokeParameterisedMethod.java:102)
	at org.junit.internal.runners.statements.FailOnTimeout$1.run(FailOnTimeout.java:28)
Caused by: ptolemy.kernel.util.IllegalActionException: Found a zero delay loop containing .HierarchicalModel.A
  in .HierarchicalModel and .HierarchicalModel.A
	at ptolemy.actor.util.CausalityInterfaceForComposites._computeOutputPortDepth(CausalityInterfaceForComposites.java:759)
	at ptolemy.actor.util.CausalityInterfaceForComposites._computeInputDepth(CausalityInterfaceForComposites.java:696)
	at ptolemy.actor.util.CausalityInterfaceForComposites._computeOutputPortDepth(CausalityInterfaceForComposites.java:765)
	at ptolemy.actor.util.CausalityInterfaceForComposites._computeInputDepth(CausalityInterfaceForComposites.java:696)
	at ptolemy.actor.util.CausalityInterfaceForComposites._computeOutputPortDepth(CausalityInterfaceForComposites.java:765)
	at ptolemy.actor.util.CausalityInterfaceForComposites._computeInputDepth(CausalityInterfaceForComposites.java:696)
	at ptolemy.actor.util.CausalityInterfaceForComposites._computeActorDepth(CausalityInterfaceForComposites.java:532)
	at ptolemy.actor.util.CausalityInterfaceForComposites.checkForCycles(CausalityInterfaceForComposites.java:96)
	at ptolemy.domains.de.kernel.DEDirector.preinitialize(DEDirector.java:1338)
	at ptolemy.actor.CompositeActor.preinitialize(CompositeActor.java:1828)
	at ptolemy.actor.Manager.preinitializeAndResolveTypes(Manager.java:1040)
	at ptolemy.actor.Manager.initialize(Manager.java:710)
	at ptolemy.actor.Manager.execute(Manager.java:356)
	at ptolemy.actor.Manager.run(Manager.java:1263)
	at ptolemy.actor.Manager$PtolemyRunThread.run(Manager.java:1915)
java.lang.RuntimeException: Execution failed
	at ptolemy.moml.MoMLSimpleApplication$UnloadThread.run(MoMLSimpleApplication.java:402)
Caused by: ptolemy.kernel.util.IllegalActionException: Found a zero delay loop containing .dependencyLoop.original
  in .dependencyLoop and .dependencyLoop.original
	at ptolemy.actor.util.CausalityInterfaceForComposites._computeOutputPortDepth(CausalityInterfaceForComposites.java:759)
	at ptolemy.actor.util.CausalityInterfaceForComposites._computeInputDepth(CausalityInterfaceForComposites.java:696)
	at ptolemy.actor.util.CausalityInterfaceForComposites._computeOutputPortDepth(CausalityInterfaceForComposites.java:765)
	at ptolemy.actor.util.CausalityInterfaceForComposites._computeInputDepth(CausalityInterfaceForComposites.java:696)
	at ptolemy.actor.util.CausalityInterfaceForComposites._computeOutputPortDepth(CausalityInterfaceForComposites.java:765)
	at ptolemy.actor.util.CausalityInterfaceForComposites._computeInputDepth(CausalityInterfaceForComposites.java:696)
	at ptolemy.actor.util.CausalityInterfaceForComposites._computeActorDepth(CausalityInterfaceForComposites.java:532)
	at ptolemy.actor.util.CausalityInterfaceForComposites.checkForCycles(CausalityInterfaceForComposites.java:96)
	at ptolemy.domains.de.kernel.DEDirector.preinitialize(DEDirector.java:1338)
	at ptolemy.actor.CompositeActor.preinitialize(CompositeActor.java:1828)
	at ptolemy.actor.Manager.preinitializeAndResolveTypes(Manager.java:1040)
	at ptolemy.actor.Manager.initialize(Manager.java:710)
	at ptolemy.actor.Manager.execute(Manager.java:356)
	at ptolemy.actor.Manager.run(Manager.java:1263)
	at ptolemy.actor.Manager$PtolemyRunThread.run(Manager.java:1915)
java.lang.reflect.InvocationTargetException
	at sun.reflect.NativeConstructorAccessorImpl.newInstance0(Native Method)
	at sun.reflect.NativeConstructorAccessorImpl.newInstance(NativeConstructorAccessorImpl.java:62)
	at sun.reflect.DelegatingConstructorAccessorImpl.newInstance(DelegatingConstructorAccessorImpl.java:45)
	at java.lang.reflect.Constructor.newInstance(Constructor.java:423)
	at ptolemy.util.test.junit.AutoKnownFailedTests.RunModel(AutoKnownFailedTests.java:105)
	at sun.reflect.NativeMethodAccessorImpl.invoke0(Native Method)
	at sun.reflect.NativeMethodAccessorImpl.invoke(NativeMethodAccessorImpl.java:62)
	at sun.reflect.DelegatingMethodAccessorImpl.invoke(DelegatingMethodAccessorImpl.java:43)
	at java.lang.reflect.Method.invoke(Method.java:498)
	at org.junit.runners.model.FrameworkMethod$1.runReflectiveCall(FrameworkMethod.java:44)
	at org.junit.internal.runners.model.ReflectiveCallable.run(ReflectiveCallable.java:15)
	at org.junit.runners.model.FrameworkMethod.invokeExplosively(FrameworkMethod.java:41)
	at junitparams.internal.InvokeParameterisedMethod.evaluate(InvokeParameterisedMethod.java:102)
	at org.junit.internal.runners.statements.FailOnTimeout$1.run(FailOnTimeout.java:28)
Caused by: ptolemy.kernel.util.IllegalActionException: Found a zero delay loop containing .dependencyLoop.original
  in .dependencyLoop and .dependencyLoop.original
	at ptolemy.actor.util.CausalityInterfaceForComposites._computeOutputPortDepth(CausalityInterfaceForComposites.java:759)
	at ptolemy.actor.util.CausalityInterfaceForComposites._computeInputDepth(CausalityInterfaceForComposites.java:696)
	at ptolemy.actor.util.CausalityInterfaceForComposites._computeOutputPortDepth(CausalityInterfaceForComposites.java:765)
	at ptolemy.actor.util.CausalityInterfaceForComposites._computeInputDepth(CausalityInterfaceForComposites.java:696)
	at ptolemy.actor.util.CausalityInterfaceForComposites._computeOutputPortDepth(CausalityInterfaceForComposites.java:765)
	at ptolemy.actor.util.CausalityInterfaceForComposites._computeInputDepth(CausalityInterfaceForComposites.java:696)
	at ptolemy.actor.util.CausalityInterfaceForComposites._computeActorDepth(CausalityInterfaceForComposites.java:532)
	at ptolemy.actor.util.CausalityInterfaceForComposites.checkForCycles(CausalityInterfaceForComposites.java:96)
	at ptolemy.domains.de.kernel.DEDirector.preinitialize(DEDirector.java:1338)
	at ptolemy.actor.CompositeActor.preinitialize(CompositeActor.java:1828)
	at ptolemy.actor.Manager.preinitializeAndResolveTypes(Manager.java:1040)
	at ptolemy.actor.Manager.initialize(Manager.java:710)
	at ptolemy.actor.Manager.execute(Manager.java:356)
	at ptolemy.actor.Manager.run(Manager.java:1263)
	at ptolemy.actor.Manager$PtolemyRunThread.run(Manager.java:1915)
java.lang.RuntimeException: Execution failed
	at ptolemy.moml.MoMLSimpleApplication$UnloadThread.run(MoMLSimpleApplication.java:402)
Caused by: ptolemy.kernel.util.IllegalActionException: Found a zero delay loop containing .dependencyLoop2.original
  in .dependencyLoop2 and .dependencyLoop2.original
	at ptolemy.actor.util.CausalityInterfaceForComposites._computeOutputPortDepth(CausalityInterfaceForComposites.java:759)
	at ptolemy.actor.util.CausalityInterfaceForComposites._computeInputDepth(CausalityInterfaceForComposites.java:696)
	at ptolemy.actor.util.CausalityInterfaceForComposites._computeOutputPortDepth(CausalityInterfaceForComposites.java:765)
	at ptolemy.actor.util.CausalityInterfaceForComposites._computeInputDepth(CausalityInterfaceForComposites.java:696)
	at ptolemy.actor.util.CausalityInterfaceForComposites._computeOutputPortDepth(CausalityInterfaceForComposites.java:765)
	at ptolemy.actor.util.CausalityInterfaceForComposites._computeInputDepth(CausalityInterfaceForComposites.java:696)
	at ptolemy.actor.util.CausalityInterfaceForComposites._computeActorDepth(CausalityInterfaceForComposites.java:532)
	at ptolemy.actor.util.CausalityInterfaceForComposites.checkForCycles(CausalityInterfaceForComposites.java:96)
	at ptolemy.domains.de.kernel.DEDirector.preinitialize(DEDirector.java:1338)
	at ptolemy.actor.CompositeActor.preinitialize(CompositeActor.java:1828)
	at ptolemy.actor.Manager.preinitializeAndResolveTypes(Manager.java:1040)
	at ptolemy.actor.Manager.initialize(Manager.java:710)
	at ptolemy.actor.Manager.execute(Manager.java:356)
	at ptolemy.actor.Manager.run(Manager.java:1263)
	at ptolemy.actor.Manager$PtolemyRunThread.run(Manager.java:1915)
java.lang.reflect.InvocationTargetException
	at sun.reflect.NativeConstructorAccessorImpl.newInstance0(Native Method)
	at sun.reflect.NativeConstructorAccessorImpl.newInstance(NativeConstructorAccessorImpl.java:62)
	at sun.reflect.DelegatingConstructorAccessorImpl.newInstance(DelegatingConstructorAccessorImpl.java:45)
	at java.lang.reflect.Constructor.newInstance(Constructor.java:423)
	at ptolemy.util.test.junit.AutoKnownFailedTests.RunModel(AutoKnownFailedTests.java:105)
	at sun.reflect.NativeMethodAccessorImpl.invoke0(Native Method)
	at sun.reflect.NativeMethodAccessorImpl.invoke(NativeMethodAccessorImpl.java:62)
	at sun.reflect.DelegatingMethodAccessorImpl.invoke(DelegatingMethodAccessorImpl.java:43)
	at java.lang.reflect.Method.invoke(Method.java:498)
	at org.junit.runners.model.FrameworkMethod$1.runReflectiveCall(FrameworkMethod.java:44)
	at org.junit.internal.runners.model.ReflectiveCallable.run(ReflectiveCallable.java:15)
	at org.junit.runners.model.FrameworkMethod.invokeExplosively(FrameworkMethod.java:41)
	at junitparams.internal.InvokeParameterisedMethod.evaluate(InvokeParameterisedMethod.java:102)
	at org.junit.internal.runners.statements.FailOnTimeout$1.run(FailOnTimeout.java:28)
Caused by: ptolemy.kernel.util.IllegalActionException: Found a zero delay loop containing .dependencyLoop2.original
  in .dependencyLoop2 and .dependencyLoop2.original
	at ptolemy.actor.util.CausalityInterfaceForComposites._computeOutputPortDepth(CausalityInterfaceForComposites.java:759)
	at ptolemy.actor.util.CausalityInterfaceForComposites._computeInputDepth(CausalityInterfaceForComposites.java:696)
	at ptolemy.actor.util.CausalityInterfaceForComposites._computeOutputPortDepth(CausalityInterfaceForComposites.java:765)
	at ptolemy.actor.util.CausalityInterfaceForComposites._computeInputDepth(CausalityInterfaceForComposites.java:696)
	at ptolemy.actor.util.CausalityInterfaceForComposites._computeOutputPortDepth(CausalityInterfaceForComposites.java:765)
	at ptolemy.actor.util.CausalityInterfaceForComposites._computeInputDepth(CausalityInterfaceForComposites.java:696)
	at ptolemy.actor.util.CausalityInterfaceForComposites._computeActorDepth(CausalityInterfaceForComposites.java:532)
	at ptolemy.actor.util.CausalityInterfaceForComposites.checkForCycles(CausalityInterfaceForComposites.java:96)
	at ptolemy.domains.de.kernel.DEDirector.preinitialize(DEDirector.java:1338)
	at ptolemy.actor.CompositeActor.preinitialize(CompositeActor.java:1828)
	at ptolemy.actor.Manager.preinitializeAndResolveTypes(Manager.java:1040)
	at ptolemy.actor.Manager.initialize(Manager.java:710)
	at ptolemy.actor.Manager.execute(Manager.java:356)
	at ptolemy.actor.Manager.run(Manager.java:1263)
	at ptolemy.actor.Manager$PtolemyRunThread.run(Manager.java:1915)
]]></system-err>
</testsuite>
