<?xml version="1.0" encoding="UTF-8" ?>
<testsuite errors="0" failures="0" hostname="travis-job-22cf56f6-74c1-4bbe-a36f-b6f119223fca" name="ptolemy.domains.de.test.junit.JUnitTclTest" skipped="0" tests="101" time="138.396" timestamp="2019-07-11T04:46:52">
  <properties>
[...]
</properties>
  <testcase classname="ptolemy.util.test.junit.TclTests" name="[0] /home/travis/build/icyphy/ptII/ptolemy/domains/de/test/DependencyLoop.tcl (RunTclFile)" time="1.039" />
  <testcase classname="ptolemy.util.test.junit.TclTests" name="[1] /home/travis/build/icyphy/ptII/ptolemy/domains/de/test/RunDETestsAsQSS.tcl (RunTclFile)" time="95.989" />
  <testcase classname="ptolemy.util.test.junit.AutoKnownFailedTests" name="[0] /home/travis/build/icyphy/ptII/ptolemy/domains/de/test/auto/knownFailedTests/DESDFClockTest.xml (RunModel)" time="2.045" />
  <testcase classname="ptolemy.util.test.junit.AutoKnownFailedTests" name="[1] /home/travis/build/icyphy/ptII/ptolemy/domains/de/test/auto/knownFailedTests/DirectFeedback.xml (RunModel)" time="0.027" />
  <testcase classname="ptolemy.util.test.junit.AutoKnownFailedTests" name="[2] /home/travis/build/icyphy/ptII/ptolemy/domains/de/test/auto/knownFailedTests/FSMSource.xml (RunModel)" time="0.025" />
  <testcase classname="ptolemy.util.test.junit.AutoKnownFailedTests" name="[3] /home/travis/build/icyphy/ptII/ptolemy/domains/de/test/auto/knownFailedTests/HierarchicalModel.xml (RunModel)" time="0.04" />
  <testcase classname="ptolemy.util.test.junit.AutoKnownFailedTests" name="[4] /home/travis/build/icyphy/ptII/ptolemy/domains/de/test/auto/knownFailedTests/dependencyLoop.xml (RunModel)" time="0.038" />
  <testcase classname="ptolemy.util.test.junit.AutoKnownFailedTests" name="[5] /home/travis/build/icyphy/ptII/ptolemy/domains/de/test/auto/knownFailedTests/dependencyLoop2.xml (RunModel)" time="0.041" />
  <testcase classname="ptolemy.util.test.junit.AutoNameArchTests" name="[0] ThereAreNoAutoArchTests (RunModel)" time="0.004" />
  <testcase classname="ptolemy.util.test.junit.AutoTests" name="[0] /home/travis/build/icyphy/ptII/ptolemy/domains/de/test/auto/ActorDepthCalculation_actorWithoutPorts.xml (RunModel)" time="0.02" />
  <testcase classname="ptolemy.util.test.junit.AutoTests" name="[1] /home/travis/build/icyphy/ptII/ptolemy/domains/de/test/auto/AssemblyLine.xml (RunModel)" time="0.02" />
  <testcase classname="ptolemy.util.test.junit.AutoTests" name="[2] /home/travis/build/icyphy/ptII/ptolemy/domains/de/test/auto/CQBug1.xml (RunModel)" time="0.009" />
  <testcase classname="ptolemy.util.test.junit.AutoTests" name="[3] /home/travis/build/icyphy/ptII/ptolemy/domains/de/test/auto/CancelFireAt.xml (RunModel)" time="0.009" />
  <testcase classname="ptolemy.util.test.junit.AutoTests" name="[4] /home/travis/build/icyphy/ptII/ptolemy/domains/de/test/auto/CausalityAndComposabilityAnalysis.xml (RunModel)" time="0.01" />
  <testcase classname="ptolemy.util.test.junit.AutoTests" name="[5] /home/travis/build/icyphy/ptII/ptolemy/domains/de/test/auto/CausalityInterface1.xml (RunModel)" time="0.013" />
  <testcase classname="ptolemy.util.test.junit.AutoTests" name="[6] /home/travis/build/icyphy/ptII/ptolemy/domains/de/test/auto/CausalityInterface15.xml (RunModel)" time="0.013" />
  <testcase classname="ptolemy.util.test.junit.AutoTests" name="[7] /home/travis/build/icyphy/ptII/ptolemy/domains/de/test/auto/CausalityInterface2.xml (RunModel)" time="0.01" />
  <testcase classname="ptolemy.util.test.junit.AutoTests" name="[8] /home/travis/build/icyphy/ptII/ptolemy/domains/de/test/auto/CausalityInterface3.xml (RunModel)" time="0.011" />
  <testcase classname="ptolemy.util.test.junit.AutoTests" name="[9] /home/travis/build/icyphy/ptII/ptolemy/domains/de/test/auto/ClockDrift.xml (RunModel)" time="0.033" />
  <testcase classname="ptolemy.util.test.junit.AutoTests" name="[10] /home/travis/build/icyphy/ptII/ptolemy/domains/de/test/auto/ClockDriftAndValueChange.xml (RunModel)" time="0.027" />
  <testcase classname="ptolemy.util.test.junit.AutoTests" name="[11] /home/travis/build/icyphy/ptII/ptolemy/domains/de/test/auto/ClockDriftChange.xml (RunModel)" time="0.034" />
  <testcase classname="ptolemy.util.test.junit.AutoTests" name="[12] /home/travis/build/icyphy/ptII/ptolemy/domains/de/test/auto/ComposableCausalityAnalysis.xml (RunModel)" time="0.014" />
  <testcase classname="ptolemy.util.test.junit.AutoTests" name="[13] /home/travis/build/icyphy/ptII/ptolemy/domains/de/test/auto/DEFixedPointLimitation.xml (RunModel)" time="0.008" />
  <testcase classname="ptolemy.util.test.junit.AutoTests" name="[14] /home/travis/build/icyphy/ptII/ptolemy/domains/de/test/auto/DEScheduleTest.xml (RunModel)" time="0.01" />
  <testcase classname="ptolemy.util.test.junit.AutoTests" name="[15] /home/travis/build/icyphy/ptII/ptolemy/domains/de/test/auto/DEinDEwithStartTimes.xml (RunModel)" time="0.013" />
  <testcase classname="ptolemy.util.test.junit.AutoTests" name="[16] /home/travis/build/icyphy/ptII/ptolemy/domains/de/test/auto/DEinDEwithStartTimes2.xml (RunModel)" time="0.017" />
  <testcase classname="ptolemy.util.test.junit.AutoTests" name="[17] /home/travis/build/icyphy/ptII/ptolemy/domains/de/test/auto/DateDemo.xml (RunModel)" time="0.032" />
  <testcase classname="ptolemy.util.test.junit.AutoTests" name="[18] /home/travis/build/icyphy/ptII/ptolemy/domains/de/test/auto/DateToEvent.xml (RunModel)" time="2.035" />
  <testcase classname="ptolemy.util.test.junit.AutoTests" name="[19] /home/travis/build/icyphy/ptII/ptolemy/domains/de/test/auto/DepthTest1.xml (RunModel)" time="0.006" />
  <testcase classname="ptolemy.util.test.junit.AutoTests" name="[20] /home/travis/build/icyphy/ptII/ptolemy/domains/de/test/auto/DepthTest2.xml (RunModel)" time="0.013" />
  <testcase classname="ptolemy.util.test.junit.AutoTests" name="[21] /home/travis/build/icyphy/ptII/ptolemy/domains/de/test/auto/DepthTest3.xml (RunModel)" time="0.009" />
  <testcase classname="ptolemy.util.test.junit.AutoTests" name="[22] /home/travis/build/icyphy/ptII/ptolemy/domains/de/test/auto/DepthTest4.xml (RunModel)" time="0.01" />
  <testcase classname="ptolemy.util.test.junit.AutoTests" name="[23] /home/travis/build/icyphy/ptII/ptolemy/domains/de/test/auto/DepthTest5.xml (RunModel)" time="0.014" />
  <testcase classname="ptolemy.util.test.junit.AutoTests" name="[24] /home/travis/build/icyphy/ptII/ptolemy/domains/de/test/auto/DepthTest6.xml (RunModel)" time="0.015" />
  <testcase classname="ptolemy.util.test.junit.AutoTests" name="[25] /home/travis/build/icyphy/ptII/ptolemy/domains/de/test/auto/DepthTest7.xml (RunModel)" time="0.016" />
  <testcase classname="ptolemy.util.test.junit.AutoTests" name="[26] /home/travis/build/icyphy/ptII/ptolemy/domains/de/test/auto/EventToDate.xml (RunModel)" time="3.039" />
  <testcase classname="ptolemy.util.test.junit.AutoTests" name="[27] /home/travis/build/icyphy/ptII/ptolemy/domains/de/test/auto/FSM1.xml (RunModel)" time="0.038" />
  <testcase classname="ptolemy.util.test.junit.AutoTests" name="[28] /home/travis/build/icyphy/ptII/ptolemy/domains/de/test/auto/FSM7.xml (RunModel)" time="0.029" />
  <testcase classname="ptolemy.util.test.junit.AutoTests" name="[29] /home/travis/build/icyphy/ptII/ptolemy/domains/de/test/auto/Inspection.xml (RunModel)" time="0.052" />
  <testcase classname="ptolemy.util.test.junit.AutoTests" name="[30] /home/travis/build/icyphy/ptII/ptolemy/domains/de/test/auto/Iteration.xml (RunModel)" time="0.022" />
  <testcase classname="ptolemy.util.test.junit.AutoTests" name="[31] /home/travis/build/icyphy/ptII/ptolemy/domains/de/test/auto/LineFault.xml (RunModel)" time="0.432" />
  <testcase classname="ptolemy.util.test.junit.AutoTests" name="[32] /home/travis/build/icyphy/ptII/ptolemy/domains/de/test/auto/MergeModel1Add.xml (RunModel)" time="0.044" />
  <testcase classname="ptolemy.util.test.junit.AutoTests" name="[33] /home/travis/build/icyphy/ptII/ptolemy/domains/de/test/auto/MergeModel2Add.xml (RunModel)" time="0.032" />
  <testcase classname="ptolemy.util.test.junit.AutoTests" name="[34] /home/travis/build/icyphy/ptII/ptolemy/domains/de/test/auto/MergeModel3Add.xml (RunModel)" time="0.025" />
  <testcase classname="ptolemy.util.test.junit.AutoTests" name="[35] /home/travis/build/icyphy/ptII/ptolemy/domains/de/test/auto/MergeWithoutDiscard.xml (RunModel)" time="0.006" />
  <testcase classname="ptolemy.util.test.junit.AutoTests" name="[36] /home/travis/build/icyphy/ptII/ptolemy/domains/de/test/auto/Modal1.xml (RunModel)" time="0.027" />
  <testcase classname="ptolemy.util.test.junit.AutoTests" name="[37] /home/travis/build/icyphy/ptII/ptolemy/domains/de/test/auto/Modal2.xml (RunModel)" time="0.019" />
  <testcase classname="ptolemy.util.test.junit.AutoTests" name="[38] /home/travis/build/icyphy/ptII/ptolemy/domains/de/test/auto/Modal3.xml (RunModel)" time="0.018" />
  <testcase classname="ptolemy.util.test.junit.AutoTests" name="[39] /home/travis/build/icyphy/ptII/ptolemy/domains/de/test/auto/Modal4.xml (RunModel)" time="0.024" />
  <testcase classname="ptolemy.util.test.junit.AutoTests" name="[40] /home/travis/build/icyphy/ptII/ptolemy/domains/de/test/auto/Modal5.xml (RunModel)" time="0.019" />
  <testcase classname="ptolemy.util.test.junit.AutoTests" name="[41] /home/travis/build/icyphy/ptII/ptolemy/domains/de/test/auto/Modal6.xml (RunModel)" time="0.021" />
  <testcase classname="ptolemy.util.test.junit.AutoTests" name="[42] /home/travis/build/icyphy/ptII/ptolemy/domains/de/test/auto/Modal7.xml (RunModel)" time="0.019" />
  <testcase classname="ptolemy.util.test.junit.AutoTests" name="[43] /home/travis/build/icyphy/ptII/ptolemy/domains/de/test/auto/ModalModel.xml (RunModel)" time="0.116" />
  <testcase classname="ptolemy.util.test.junit.AutoTests" name="[44] /home/travis/build/icyphy/ptII/ptolemy/domains/de/test/auto/ModalSource.xml (RunModel)" time="0.013" />
  <testcase classname="ptolemy.util.test.junit.AutoTests" name="[45] /home/travis/build/icyphy/ptII/ptolemy/domains/de/test/auto/NonInterruptibleTimerZeroDelay.xml (RunModel)" time="0.007" />
  <testcase classname="ptolemy.util.test.junit.AutoTests" name="[46] /home/travis/build/icyphy/ptII/ptolemy/domains/de/test/auto/OpenQueueingNetwork.xml (RunModel)" time="2.268" />
  <testcase classname="ptolemy.util.test.junit.AutoTests" name="[47] /home/travis/build/icyphy/ptII/ptolemy/domains/de/test/auto/OpenQueuingNetwork.xml (RunModel)" time="0.293" />
  <testcase classname="ptolemy.util.test.junit.AutoTests" name="[48] /home/travis/build/icyphy/ptII/ptolemy/domains/de/test/auto/PeriodicSampler.xml (RunModel)" time="0.009" />
  <testcase classname="ptolemy.util.test.junit.AutoTests" name="[49] /home/travis/build/icyphy/ptII/ptolemy/domains/de/test/auto/PersistentIO.xml (RunModel)" time="0.018" />
  <testcase classname="ptolemy.util.test.junit.AutoTests" name="[50] /home/travis/build/icyphy/ptII/ptolemy/domains/de/test/auto/PortParameterResetOnInitialize.xml (RunModel)" time="0.01" />
  <testcase classname="ptolemy.util.test.junit.AutoTests" name="[51] /home/travis/build/icyphy/ptII/ptolemy/domains/de/test/auto/PortParameterUpdates.xml (RunModel)" time="0.019" />
  <testcase classname="ptolemy.util.test.junit.AutoTests" name="[52] /home/travis/build/icyphy/ptII/ptolemy/domains/de/test/auto/QueueAndServer.xml (RunModel)" time="0.02" />
  <testcase classname="ptolemy.util.test.junit.AutoTests" name="[53] /home/travis/build/icyphy/ptII/ptolemy/domains/de/test/auto/Records.xml (RunModel)" time="0.016" />
  <testcase classname="ptolemy.util.test.junit.AutoTests" name="[54] /home/travis/build/icyphy/ptII/ptolemy/domains/de/test/auto/ResetTransitionWithStartTime1.xml (RunModel)" time="0.023" />
  <testcase classname="ptolemy.util.test.junit.AutoTests" name="[55] /home/travis/build/icyphy/ptII/ptolemy/domains/de/test/auto/ResetTransitionWithStartTime2.xml (RunModel)" time="0.017" />
  <testcase classname="ptolemy.util.test.junit.AutoTests" name="[56] /home/travis/build/icyphy/ptII/ptolemy/domains/de/test/auto/ResetTransitionWithStartTime3.xml (RunModel)" time="0.02" />
  <testcase classname="ptolemy.util.test.junit.AutoTests" name="[57] /home/travis/build/icyphy/ptII/ptolemy/domains/de/test/auto/ResetTransitionWithStartTime4.xml (RunModel)" time="0.02" />
  <testcase classname="ptolemy.util.test.junit.AutoTests" name="[58] /home/travis/build/icyphy/ptII/ptolemy/domains/de/test/auto/ResettableTimer1.xml (RunModel)" time="0.011" />
  <testcase classname="ptolemy.util.test.junit.AutoTests" name="[59] /home/travis/build/icyphy/ptII/ptolemy/domains/de/test/auto/ResettableTimer2.xml (RunModel)" time="0.009" />
  <testcase classname="ptolemy.util.test.junit.AutoTests" name="[60] /home/travis/build/icyphy/ptII/ptolemy/domains/de/test/auto/ResettableTimer3.xml (RunModel)" time="0.008" />
  <testcase classname="ptolemy.util.test.junit.AutoTests" name="[61] /home/travis/build/icyphy/ptII/ptolemy/domains/de/test/auto/ResettableTimer4.xml (RunModel)" time="0.009" />
  <testcase classname="ptolemy.util.test.junit.AutoTests" name="[62] /home/travis/build/icyphy/ptII/ptolemy/domains/de/test/auto/ResettableTimer5.xml (RunModel)" time="0.011" />
  <testcase classname="ptolemy.util.test.junit.AutoTests" name="[63] /home/travis/build/icyphy/ptII/ptolemy/domains/de/test/auto/ResettableTimer6.xml (RunModel)" time="0.017" />
  <testcase classname="ptolemy.util.test.junit.AutoTests" name="[64] /home/travis/build/icyphy/ptII/ptolemy/domains/de/test/auto/ServerZeroDelay.xml (RunModel)" time="0.011" />
  <testcase classname="ptolemy.util.test.junit.AutoTests" name="[65] /home/travis/build/icyphy/ptII/ptolemy/domains/de/test/auto/SmartSender.xml (RunModel)" time="3.008" />
  <testcase classname="ptolemy.util.test.junit.AutoTests" name="[66] /home/travis/build/icyphy/ptII/ptolemy/domains/de/test/auto/ThreadedComposite.xml (RunModel)" time="0.117" />
  <testcase classname="ptolemy.util.test.junit.AutoTests" name="[67] /home/travis/build/icyphy/ptII/ptolemy/domains/de/test/auto/Time.xml (RunModel)" time="0.465" />
  <testcase classname="ptolemy.util.test.junit.AutoTests" name="[68] /home/travis/build/icyphy/ptII/ptolemy/domains/de/test/auto/TimeDelayZeroDelay.xml (RunModel)" time="0.013" />
  <testcase classname="ptolemy.util.test.junit.AutoTests" name="[69] /home/travis/build/icyphy/ptII/ptolemy/domains/de/test/auto/TimerZeroDelay.xml (RunModel)" time="0.011" />
  <testcase classname="ptolemy.util.test.junit.AutoTests" name="[70] /home/travis/build/icyphy/ptII/ptolemy/domains/de/test/auto/TimingParadox.xml (RunModel)" time="0.394" />
  <testcase classname="ptolemy.util.test.junit.AutoTests" name="[71] /home/travis/build/icyphy/ptII/ptolemy/domains/de/test/auto/TransferInputs.xml (RunModel)" time="0.015" />
  <testcase classname="ptolemy.util.test.junit.AutoTests" name="[72] /home/travis/build/icyphy/ptII/ptolemy/domains/de/test/auto/TransferOutputs2.xml (RunModel)" time="0.016" />
  <testcase classname="ptolemy.util.test.junit.AutoTests" name="[73] /home/travis/build/icyphy/ptII/ptolemy/domains/de/test/auto/Trilateration.xml (RunModel)" time="12.915" />
  <testcase classname="ptolemy.util.test.junit.AutoTests" name="[74] /home/travis/build/icyphy/ptII/ptolemy/domains/de/test/auto/TwoSigmaDelta.xml (RunModel)" time="2.318" />
  <testcase classname="ptolemy.util.test.junit.AutoTests" name="[75] /home/travis/build/icyphy/ptII/ptolemy/domains/de/test/auto/VariableDelay.xml (RunModel)" time="0.016" />
  <testcase classname="ptolemy.util.test.junit.AutoTests" name="[76] /home/travis/build/icyphy/ptII/ptolemy/domains/de/test/auto/VariableDelay2.xml (RunModel)" time="0.018" />
  <testcase classname="ptolemy.util.test.junit.AutoTests" name="[77] /home/travis/build/icyphy/ptII/ptolemy/domains/de/test/auto/VariableDelayZeroDelay.xml (RunModel)" time="0.027" />
  <testcase classname="ptolemy.util.test.junit.AutoTests" name="[78] /home/travis/build/icyphy/ptII/ptolemy/domains/de/test/auto/VariableDelayZeroDelay2.xml (RunModel)" time="0.012" />
  <testcase classname="ptolemy.util.test.junit.AutoTests" name="[79] /home/travis/build/icyphy/ptII/ptolemy/domains/de/test/auto/deInCt.xml (RunModel)" time="0.023" />
  <testcase classname="ptolemy.util.test.junit.AutoTests" name="[80] /home/travis/build/icyphy/ptII/ptolemy/domains/de/test/auto/deInCt2.xml (RunModel)" time="0.018" />
  <testcase classname="ptolemy.util.test.junit.AutoTests" name="[81] /home/travis/build/icyphy/ptII/ptolemy/domains/de/test/auto/dynamicCausalityInterface1.xml (RunModel)" time="0.017" />
  <testcase classname="ptolemy.util.test.junit.AutoTests" name="[82] /home/travis/build/icyphy/ptII/ptolemy/domains/de/test/auto/fsm_de_test.xml (RunModel)" time="0.022" />
  <testcase classname="ptolemy.util.test.junit.AutoTests" name="[83] /home/travis/build/icyphy/ptII/ptolemy/domains/de/test/auto/functionDependencyReconstruction.xml (RunModel)" time="0.032" />
  <testcase classname="ptolemy.util.test.junit.AutoTests" name="[84] /home/travis/build/icyphy/ptII/ptolemy/domains/de/test/auto/multirate.xml (RunModel)" time="0.015" />
  <testcase classname="ptolemy.util.test.junit.AutoTests" name="[85] /home/travis/build/icyphy/ptII/ptolemy/domains/de/test/auto/multirate2.xml (RunModel)" time="0.033" />
  <testcase classname="ptolemy.util.test.junit.AutoTests" name="[86] /home/travis/build/icyphy/ptII/ptolemy/domains/de/test/auto/realtime.xml (RunModel)" time="10.01" />
  <testcase classname="ptolemy.util.test.junit.AutoTests" name="[87] /home/travis/build/icyphy/ptII/ptolemy/domains/de/test/auto/relationGroup.xml (RunModel)" time="0.008" />
  <testcase classname="ptolemy.util.test.junit.AutoTests" name="[88] /home/travis/build/icyphy/ptII/ptolemy/domains/de/test/auto/relationGroup2.xml (RunModel)" time="0.006" />
  <testcase classname="ptolemy.util.test.junit.AutoTests" name="[89] /home/travis/build/icyphy/ptII/ptolemy/domains/de/test/auto/sortWithOpaquePorts.xml (RunModel)" time="0.008" />
  <testcase classname="ptolemy.util.test.junit.AutoTests" name="[90] /home/travis/build/icyphy/ptII/ptolemy/domains/de/test/auto/transferInputsandOutputs.xml (RunModel)" time="0.022" />
  <testcase classname="ptolemy.util.test.junit.AutoTests" name="[91] /home/travis/build/icyphy/ptII/ptolemy/domains/de/test/auto/triggerType.xml (RunModel)" time="0.016" />
  <system-out><![CDATA[/home/travis/build/icyphy/ptII/ptolemy/domains/de/test/DependencyLoop.tcl
testDefs.tcl: setting time out to 9000 seconds at Thu Jul 11 04:46:52 UTC 2019
60 ms. Memory: 120832K Free: 101242K (84%)
36 ms. Memory: 164864K Free: 150856K (92%)
/home/travis/build/icyphy/ptII/ptolemy/domains/de/test/RunDETestsAsQSS.tcl
Run the DE tests using ptolemy.domains.qss.test.QSSDirectorTest, which extends QSSDirector and prints a message in the constructors.
------------------ testing $PTII/ptolemy/domains/de/test/auto/knownFailedTests/DirectFeedback.xml (Known Failure) 
70 ms. Memory: 164864K Free: 144962K (88%)


==== $PTIIhome/travis/build/icyphy/ptII/ptolemy/domains/de/test/../../../../: Auto Automatic test in file $PTII/ptolemy/domains/de/test/auto/knownFailedTests/DirectFeedback.xml
==== Contents of test case:

	    # FIXME: we should use $relativeFilename here, but it
	    # might have backslashes under Windows, which causes no end
	    # of trouble.
	    createAndExecute $file
	    list {}
	
.... Test generated KNOWN error:
    while executing
ptolemy.kernel.util.IllegalActionException: Test fails in iteration 1.
Value was: 1.0. Should have been: 2.0
  in .DirectFeedback.Test
	at ptolemy.actor.lib.Test.fire(Test.java:268)
	at ptolemy.domains.de.kernel.DEDirector._fire(DEDirector.java:1949)
	at ptolemy.domains.de.kernel.DEDirector.fire(DEDirector.java:502)
	at ptolemy.actor.CompositeActor.fire(CompositeActor.java:455)
	at ptolemy.actor.Manager.iterate(Manager.java:851)
	at ptolemy.actor.Manager.execute(Manager.java:369)
	at ptolemy.actor.Manager.run(Manager.java:1263)
	at ptolemy.actor.Manager$PtolemyRunThread.run(Manager.java:1915)

    while executing
ptolemy.kernel.util.IllegalActionException: Test fails in iteration 1.
Value was: 1.0. Should have been: 2.0
  in .DirectFeedback.Test
    while executing
"java::new ptolemy.moml.MoMLSimpleApplication $file
"
    (procedure "createAndExecute" line 2)
    invoked from within
"createAndExecute $file"
    ("uplevel" body line 5)
    invoked from within
"uplevel $contents_of_test"
------------------ testing $PTII/ptolemy/domains/de/test/auto/knownFailedTests/dependencyLoop.xml (Known Failure) 
11 ms. Memory: 164864K Free: 141380K (86%)


==== $PTIIhome/travis/build/icyphy/ptII/ptolemy/domains/de/test/../../../../: Auto Automatic test in file $PTII/ptolemy/domains/de/test/auto/knownFailedTests/dependencyLoop.xml
==== Contents of test case:

	    # FIXME: we should use $relativeFilename here, but it
	    # might have backslashes under Windows, which causes no end
	    # of trouble.
	    createAndExecute $file
	    list {}
	
.... Test generated KNOWN error:
    while executing
ptolemy.kernel.util.IllegalActionException: Found a zero delay loop containing .dependencyLoop.original
  in .dependencyLoop and .dependencyLoop.original
	at ptolemy.actor.util.CausalityInterfaceForComposites._computeOutputPortDepth(CausalityInterfaceForComposites.java:759)
	at ptolemy.actor.util.CausalityInterfaceForComposites._computeInputDepth(CausalityInterfaceForComposites.java:696)
	at ptolemy.actor.util.CausalityInterfaceForComposites._computeOutputPortDepth(CausalityInterfaceForComposites.java:765)
	at ptolemy.actor.util.CausalityInterfaceForComposites._computeInputDepth(CausalityInterfaceForComposites.java:696)
	at ptolemy.actor.util.CausalityInterfaceForComposites._computeOutputPortDepth(CausalityInterfaceForComposites.java:765)
	at ptolemy.actor.util.CausalityInterfaceForComposites._computeInputDepth(CausalityInterfaceForComposites.java:696)
	at ptolemy.actor.util.CausalityInterfaceForComposites._computeActorDepth(CausalityInterfaceForComposites.java:532)
	at ptolemy.actor.util.CausalityInterfaceForComposites.checkForCycles(CausalityInterfaceForComposites.java:96)
	at ptolemy.domains.de.kernel.DEDirector.preinitialize(DEDirector.java:1338)
	at ptolemy.actor.CompositeActor.preinitialize(CompositeActor.java:1828)
	at ptolemy.actor.Manager.preinitializeAndResolveTypes(Manager.java:1040)
	at ptolemy.actor.Manager.initialize(Manager.java:710)
	at ptolemy.actor.Manager.execute(Manager.java:356)
	at ptolemy.actor.Manager.run(Manager.java:1263)
	at ptolemy.actor.Manager$PtolemyRunThread.run(Manager.java:1915)

    while executing
ptolemy.kernel.util.IllegalActionException: Found a zero delay loop containing .dependencyLoop.original
  in .dependencyLoop and .dependencyLoop.original
    while executing
"java::new ptolemy.moml.MoMLSimpleApplication $file
"
    (procedure "createAndExecute" line 2)
    invoked from within
"createAndExecute $file"
    ("uplevel" body line 5)
    invoked from within
"uplevel $contents_of_test"
------------------ testing $PTII/ptolemy/domains/de/test/auto/knownFailedTests/FSMSource.xml (Known Failure) 
52 ms. Memory: 164864K Free: 132644K (80%)
!!!! Auto was marked as failing, but now passes
------------------ testing $PTII/ptolemy/domains/de/test/auto/knownFailedTests/HierarchicalModel.xml (Known Failure) 
9 ms. Memory: 164864K Free: 114756K (70%)


==== $PTIIhome/travis/build/icyphy/ptII/ptolemy/domains/de/test/../../../../: Auto Automatic test in file $PTII/ptolemy/domains/de/test/auto/knownFailedTests/HierarchicalModel.xml
==== Contents of test case:

	    # FIXME: we should use $relativeFilename here, but it
	    # might have backslashes under Windows, which causes no end
	    # of trouble.
	    createAndExecute $file
	    list {}
	
.... Test generated KNOWN error:
    while executing
ptolemy.kernel.util.IllegalActionException: Found a zero delay loop containing .HierarchicalModel.A
  in .HierarchicalModel and .HierarchicalModel.A
	at ptolemy.actor.util.CausalityInterfaceForComposites._computeOutputPortDepth(CausalityInterfaceForComposites.java:759)
	at ptolemy.actor.util.CausalityInterfaceForComposites._computeInputDepth(CausalityInterfaceForComposites.java:696)
	at ptolemy.actor.util.CausalityInterfaceForComposites._computeOutputPortDepth(CausalityInterfaceForComposites.java:765)
	at ptolemy.actor.util.CausalityInterfaceForComposites._computeInputDepth(CausalityInterfaceForComposites.java:696)
	at ptolemy.actor.util.CausalityInterfaceForComposites._computeOutputPortDepth(CausalityInterfaceForComposites.java:765)
	at ptolemy.actor.util.CausalityInterfaceForComposites._computeInputDepth(CausalityInterfaceForComposites.java:696)
	at ptolemy.actor.util.CausalityInterfaceForComposites._computeActorDepth(CausalityInterfaceForComposites.java:532)
	at ptolemy.actor.util.CausalityInterfaceForComposites.checkForCycles(CausalityInterfaceForComposites.java:96)
	at ptolemy.domains.de.kernel.DEDirector.preinitialize(DEDirector.java:1338)
	at ptolemy.actor.CompositeActor.preinitialize(CompositeActor.java:1828)
	at ptolemy.actor.Manager.preinitializeAndResolveTypes(Manager.java:1040)
	at ptolemy.actor.Manager.initialize(Manager.java:710)
	at ptolemy.actor.Manager.execute(Manager.java:356)
	at ptolemy.actor.Manager.run(Manager.java:1263)
	at ptolemy.actor.Manager$PtolemyRunThread.run(Manager.java:1915)

    while executing
ptolemy.kernel.util.IllegalActionException: Found a zero delay loop containing .HierarchicalModel.A
  in .HierarchicalModel and .HierarchicalModel.A
    while executing
"java::new ptolemy.moml.MoMLSimpleApplication $file
"
    (procedure "createAndExecute" line 2)
    invoked from within
"createAndExecute $file"
    ("uplevel" body line 5)
    invoked from within
"uplevel $contents_of_test"
------------------ testing $PTII/ptolemy/domains/de/test/auto/knownFailedTests/dependencyLoop2.xml (Known Failure) 
18 ms. Memory: 164864K Free: 112194K (68%)


==== $PTIIhome/travis/build/icyphy/ptII/ptolemy/domains/de/test/../../../../: Auto Automatic test in file $PTII/ptolemy/domains/de/test/auto/knownFailedTests/dependencyLoop2.xml
==== Contents of test case:

	    # FIXME: we should use $relativeFilename here, but it
	    # might have backslashes under Windows, which causes no end
	    # of trouble.
	    createAndExecute $file
	    list {}
	
.... Test generated KNOWN error:
    while executing
ptolemy.kernel.util.IllegalActionException: Found a zero delay loop containing .dependencyLoop2.original
  in .dependencyLoop2 and .dependencyLoop2.original
	at ptolemy.actor.util.CausalityInterfaceForComposites._computeOutputPortDepth(CausalityInterfaceForComposites.java:759)
	at ptolemy.actor.util.CausalityInterfaceForComposites._computeInputDepth(CausalityInterfaceForComposites.java:696)
	at ptolemy.actor.util.CausalityInterfaceForComposites._computeOutputPortDepth(CausalityInterfaceForComposites.java:765)
	at ptolemy.actor.util.CausalityInterfaceForComposites._computeInputDepth(CausalityInterfaceForComposites.java:696)
	at ptolemy.actor.util.CausalityInterfaceForComposites._computeOutputPortDepth(CausalityInterfaceForComposites.java:765)
	at ptolemy.actor.util.CausalityInterfaceForComposites._computeInputDepth(CausalityInterfaceForComposites.java:696)
	at ptolemy.actor.util.CausalityInterfaceForComposites._computeActorDepth(CausalityInterfaceForComposites.java:532)
	at ptolemy.actor.util.CausalityInterfaceForComposites.checkForCycles(CausalityInterfaceForComposites.java:96)
	at ptolemy.domains.de.kernel.DEDirector.preinitialize(DEDirector.java:1338)
	at ptolemy.actor.CompositeActor.preinitialize(CompositeActor.java:1828)
	at ptolemy.actor.Manager.preinitializeAndResolveTypes(Manager.java:1040)
	at ptolemy.actor.Manager.initialize(Manager.java:710)
	at ptolemy.actor.Manager.execute(Manager.java:356)
	at ptolemy.actor.Manager.run(Manager.java:1263)
	at ptolemy.actor.Manager$PtolemyRunThread.run(Manager.java:1915)

    while executing
ptolemy.kernel.util.IllegalActionException: Found a zero delay loop containing .dependencyLoop2.original
  in .dependencyLoop2 and .dependencyLoop2.original
    while executing
"java::new ptolemy.moml.MoMLSimpleApplication $file
"
    (procedure "createAndExecute" line 2)
    invoked from within
"createAndExecute $file"
    ("uplevel" body line 5)
    invoked from within
"uplevel $contents_of_test"
------------------ testing $PTII/ptolemy/domains/de/test/auto/knownFailedTests/DESDFClockTest.xml (Known Failure) 
2083 ms. Memory: 164864K Free: 98882K (60%)


==== $PTIIhome/travis/build/icyphy/ptII/ptolemy/domains/de/test/../../../../: Auto Automatic test in file $PTII/ptolemy/domains/de/test/auto/knownFailedTests/DESDFClockTest.xml
==== Contents of test case:

	    # FIXME: we should use $relativeFilename here, but it
	    # might have backslashes under Windows, which causes no end
	    # of trouble.
	    createAndExecute $file
	    list {}
	
.... Test generated KNOWN error:
    while executing
ptolemy.kernel.util.IllegalActionException: Actor is not ready to fire.  Perhaps UpSample.prefire() returned false? Try debugging the actor by selecting "Listen to Actor".  Also, for SDF check moml for tokenConsumptionRate on input.
  in .DESDFClockTest.Play Bell.Copy1:SDF Director and .DESDFClockTest.Play Bell.UpSample
	at ptolemy.actor.sched.StaticSchedulingDirector.fire(StaticSchedulingDirector.java:227)
	at ptolemy.domains.sdf.kernel.SDFDirector.fire(SDFDirector.java:500)
	at ptolemy.actor.CompositeActor.fire(CompositeActor.java:455)
	at ptolemy.domains.de.kernel.DEDirector._fire(DEDirector.java:1949)
	at ptolemy.domains.de.kernel.DEDirector.fire(DEDirector.java:502)
	at ptolemy.actor.CompositeActor.fire(CompositeActor.java:455)
	at ptolemy.actor.Manager.iterate(Manager.java:851)
	at ptolemy.actor.Manager.execute(Manager.java:369)
	at ptolemy.actor.Manager.run(Manager.java:1263)
	at ptolemy.actor.Manager$PtolemyRunThread.run(Manager.java:1915)

    while executing
ptolemy.kernel.util.IllegalActionException: Actor is not ready to fire.  Perhaps UpSample.prefire() returned false? Try debugging the actor by selecting "Listen to Actor".  Also, for SDF check moml for tokenConsumptionRate on input.
  in .DESDFClockTest.Play Bell.Copy1:SDF Director and .DESDFClockTest.Play Bell.UpSample
    while executing
"java::new ptolemy.moml.MoMLSimpleApplication $file
"
    (procedure "createAndExecute" line 2)
    invoked from within
"createAndExecute $file"
    ("uplevel" body line 5)
    invoked from within
"uplevel $contents_of_test"
------------------ testing $PTII/ptolemy/domains/de/test/auto/ActorDepthCalculation_actorWithoutPorts.xml
auto.tcl: Setting watchdog for 200 seconds at Thu Jul 11 04:46:56 UTC 2019
9 ms. Memory: 164864K Free: 91204K (55%)
ptolemy.util.test.WatchDog.cancel(): canceling Thu Jul 11 04:46:56 UTC 2019
auto.tcl: Setting watchdog for 200 seconds at Thu Jul 11 04:46:56 UTC 2019
10 ms. Memory: 164864K Free: 89666K (54%)
ptolemy.util.test.WatchDog.cancel(): canceling Thu Jul 11 04:46:56 UTC 2019
------------------ testing $PTII/ptolemy/domains/de/test/auto/AssemblyLine.xml
auto.tcl: Setting watchdog for 200 seconds at Thu Jul 11 04:46:56 UTC 2019
26 ms. Memory: 48128K Free: 25286K (53%)
ptolemy.util.test.WatchDog.cancel(): canceling Thu Jul 11 04:46:56 UTC 2019
auto.tcl: Setting watchdog for 200 seconds at Thu Jul 11 04:46:56 UTC 2019
16 ms. Memory: 48128K Free: 24543K (51%)
ptolemy.util.test.WatchDog.cancel(): canceling Thu Jul 11 04:46:56 UTC 2019
------------------ testing $PTII/ptolemy/domains/de/test/auto/CQBug1.xml
auto.tcl: Setting watchdog for 200 seconds at Thu Jul 11 04:46:56 UTC 2019
3 ms. Memory: 48128K Free: 30923K (64%)
ptolemy.util.test.WatchDog.cancel(): canceling Thu Jul 11 04:46:56 UTC 2019
auto.tcl: Setting watchdog for 200 seconds at Thu Jul 11 04:46:56 UTC 2019
2 ms. Memory: 48128K Free: 30604K (64%)
ptolemy.util.test.WatchDog.cancel(): canceling Thu Jul 11 04:46:56 UTC 2019
------------------ testing $PTII/ptolemy/domains/de/test/auto/CancelFireAt.xml
auto.tcl: Setting watchdog for 200 seconds at Thu Jul 11 04:46:56 UTC 2019
11 ms. Memory: 48128K Free: 31902K (66%)
ptolemy.util.test.WatchDog.cancel(): canceling Thu Jul 11 04:46:56 UTC 2019
auto.tcl: Setting watchdog for 200 seconds at Thu Jul 11 04:46:56 UTC 2019
2 ms. Memory: 48128K Free: 31583K (66%)
ptolemy.util.test.WatchDog.cancel(): canceling Thu Jul 11 04:46:56 UTC 2019
------------------ testing $PTII/ptolemy/domains/de/test/auto/CausalityAndComposabilityAnalysis.xml
auto.tcl: Setting watchdog for 200 seconds at Thu Jul 11 04:46:56 UTC 2019
6 ms. Memory: 48128K Free: 30022K (62%)
ptolemy.util.test.WatchDog.cancel(): canceling Thu Jul 11 04:46:57 UTC 2019
auto.tcl: Setting watchdog for 200 seconds at Thu Jul 11 04:46:57 UTC 2019
9 ms. Memory: 48128K Free: 29375K (61%)
ptolemy.util.test.WatchDog.cancel(): canceling Thu Jul 11 04:46:57 UTC 2019
------------------ testing $PTII/ptolemy/domains/de/test/auto/CausalityInterface1.xml
auto.tcl: Setting watchdog for 200 seconds at Thu Jul 11 04:46:57 UTC 2019
40 ms. Memory: 48128K Free: 28757K (60%)
ptolemy.util.test.WatchDog.cancel(): canceling Thu Jul 11 04:46:57 UTC 2019
auto.tcl: Setting watchdog for 200 seconds at Thu Jul 11 04:46:57 UTC 2019
13 ms. Memory: 48128K Free: 27789K (58%)
ptolemy.util.test.WatchDog.cancel(): canceling Thu Jul 11 04:46:57 UTC 2019
------------------ testing $PTII/ptolemy/domains/de/test/auto/CausalityInterface15.xml
auto.tcl: Setting watchdog for 200 seconds at Thu Jul 11 04:46:57 UTC 2019
8 ms. Memory: 48128K Free: 28510K (59%)
ptolemy.util.test.WatchDog.cancel(): canceling Thu Jul 11 04:46:57 UTC 2019
auto.tcl: Setting watchdog for 200 seconds at Thu Jul 11 04:46:57 UTC 2019
7 ms. Memory: 48128K Free: 27751K (58%)
ptolemy.util.test.WatchDog.cancel(): canceling Thu Jul 11 04:46:57 UTC 2019
------------------ testing $PTII/ptolemy/domains/de/test/auto/CausalityInterface2.xml
auto.tcl: Setting watchdog for 200 seconds at Thu Jul 11 04:46:57 UTC 2019
5 ms. Memory: 48128K Free: 29421K (61%)
ptolemy.util.test.WatchDog.cancel(): canceling Thu Jul 11 04:46:57 UTC 2019
auto.tcl: Setting watchdog for 200 seconds at Thu Jul 11 04:46:57 UTC 2019
4 ms. Memory: 48128K Free: 28771K (60%)
ptolemy.util.test.WatchDog.cancel(): canceling Thu Jul 11 04:46:57 UTC 2019
------------------ testing $PTII/ptolemy/domains/de/test/auto/CausalityInterface3.xml
auto.tcl: Setting watchdog for 200 seconds at Thu Jul 11 04:46:57 UTC 2019
5 ms. Memory: 48128K Free: 29088K (60%)
ptolemy.util.test.WatchDog.cancel(): canceling Thu Jul 11 04:46:57 UTC 2019
auto.tcl: Setting watchdog for 200 seconds at Thu Jul 11 04:46:57 UTC 2019
4 ms. Memory: 48128K Free: 28447K (59%)
ptolemy.util.test.WatchDog.cancel(): canceling Thu Jul 11 04:46:57 UTC 2019
------------------ testing $PTII/ptolemy/domains/de/test/auto/ClockDrift.xml
auto.tcl: Setting watchdog for 200 seconds at Thu Jul 11 04:46:57 UTC 2019
82 ms. Memory: 48128K Free: 21515K (45%)
ptolemy.util.test.WatchDog.cancel(): canceling Thu Jul 11 04:46:57 UTC 2019
auto.tcl: Setting watchdog for 200 seconds at Thu Jul 11 04:46:57 UTC 2019
64 ms. Memory: 48128K Free: 18225K (38%)
ptolemy.util.test.WatchDog.cancel(): canceling Thu Jul 11 04:46:57 UTC 2019
------------------ testing $PTII/ptolemy/domains/de/test/auto/ClockDriftAndValueChange.xml
auto.tcl: Setting watchdog for 200 seconds at Thu Jul 11 04:46:57 UTC 2019
36 ms. Memory: 48128K Free: 21802K (45%)
ptolemy.util.test.WatchDog.cancel(): canceling Thu Jul 11 04:46:57 UTC 2019
auto.tcl: Setting watchdog for 200 seconds at Thu Jul 11 04:46:57 UTC 2019
35 ms. Memory: 48128K Free: 18794K (39%)
ptolemy.util.test.WatchDog.cancel(): canceling Thu Jul 11 04:46:57 UTC 2019
------------------ testing $PTII/ptolemy/domains/de/test/auto/ClockDriftChange.xml
auto.tcl: Setting watchdog for 200 seconds at Thu Jul 11 04:46:57 UTC 2019
21 ms. Memory: 48128K Free: 23611K (49%)
ptolemy.util.test.WatchDog.cancel(): canceling Thu Jul 11 04:46:58 UTC 2019
auto.tcl: Setting watchdog for 200 seconds at Thu Jul 11 04:46:58 UTC 2019
20 ms. Memory: 48128K Free: 20876K (43%)
ptolemy.util.test.WatchDog.cancel(): canceling Thu Jul 11 04:46:58 UTC 2019
------------------ testing $PTII/ptolemy/domains/de/test/auto/ComposableCausalityAnalysis.xml
auto.tcl: Setting watchdog for 200 seconds at Thu Jul 11 04:46:58 UTC 2019
2 ms. Memory: 48128K Free: 27938K (58%)
ptolemy.util.test.WatchDog.cancel(): canceling Thu Jul 11 04:46:58 UTC 2019
auto.tcl: Setting watchdog for 200 seconds at Thu Jul 11 04:46:58 UTC 2019
2 ms. Memory: 48128K Free: 26967K (56%)
ptolemy.util.test.WatchDog.cancel(): canceling Thu Jul 11 04:46:58 UTC 2019
------------------ testing $PTII/ptolemy/domains/de/test/auto/DEFixedPointLimitation.xml
auto.tcl: Setting watchdog for 200 seconds at Thu Jul 11 04:46:58 UTC 2019
2 ms. Memory: 48128K Free: 29415K (61%)
ptolemy.util.test.WatchDog.cancel(): canceling Thu Jul 11 04:46:58 UTC 2019
auto.tcl: Setting watchdog for 200 seconds at Thu Jul 11 04:46:58 UTC 2019
3 ms. Memory: 48128K Free: 28727K (60%)
ptolemy.util.test.WatchDog.cancel(): canceling Thu Jul 11 04:46:58 UTC 2019
------------------ testing $PTII/ptolemy/domains/de/test/auto/DEScheduleTest.xml
auto.tcl: Setting watchdog for 200 seconds at Thu Jul 11 04:46:58 UTC 2019
7 ms. Memory: 48128K Free: 29856K (62%)
ptolemy.util.test.WatchDog.cancel(): canceling Thu Jul 11 04:46:58 UTC 2019
auto.tcl: Setting watchdog for 200 seconds at Thu Jul 11 04:46:58 UTC 2019
3 ms. Memory: 48128K Free: 29067K (60%)
ptolemy.util.test.WatchDog.cancel(): canceling Thu Jul 11 04:46:58 UTC 2019
------------------ testing $PTII/ptolemy/domains/de/test/auto/DEinDEwithStartTimes.xml
auto.tcl: Setting watchdog for 200 seconds at Thu Jul 11 04:46:58 UTC 2019
5 ms. Memory: 48128K Free: 28208K (59%)
ptolemy.util.test.WatchDog.cancel(): canceling Thu Jul 11 04:46:58 UTC 2019
auto.tcl: Setting watchdog for 200 seconds at Thu Jul 11 04:46:58 UTC 2019
3 ms. Memory: 48128K Free: 27104K (56%)
ptolemy.util.test.WatchDog.cancel(): canceling Thu Jul 11 04:46:58 UTC 2019
------------------ testing $PTII/ptolemy/domains/de/test/auto/DEinDEwithStartTimes2.xml
auto.tcl: Setting watchdog for 200 seconds at Thu Jul 11 04:46:58 UTC 2019
8 ms. Memory: 48128K Free: 27353K (57%)
ptolemy.util.test.WatchDog.cancel(): canceling Thu Jul 11 04:46:58 UTC 2019
auto.tcl: Setting watchdog for 200 seconds at Thu Jul 11 04:46:58 UTC 2019
7 ms. Memory: 48128K Free: 26036K (54%)
ptolemy.util.test.WatchDog.cancel(): canceling Thu Jul 11 04:46:58 UTC 2019
------------------ testing $PTII/ptolemy/domains/de/test/auto/DateDemo.xml
auto.tcl: Setting watchdog for 200 seconds at Thu Jul 11 04:46:58 UTC 2019
25 ms. Memory: 48128K Free: 21805K (45%)
ptolemy.util.test.WatchDog.cancel(): canceling Thu Jul 11 04:46:58 UTC 2019
auto.tcl: Setting watchdog for 200 seconds at Thu Jul 11 04:46:58 UTC 2019
9 ms. Memory: 48128K Free: 20132K (42%)
ptolemy.util.test.WatchDog.cancel(): canceling Thu Jul 11 04:46:58 UTC 2019
------------------ testing $PTII/ptolemy/domains/de/test/auto/DateToEvent.xml
auto.tcl: Setting watchdog for 200 seconds at Thu Jul 11 04:46:58 UTC 2019
2015 ms. Memory: 48128K Free: 17488K (36%)
ptolemy.util.test.WatchDog.cancel(): canceling Thu Jul 11 04:47:00 UTC 2019
auto.tcl: Setting watchdog for 200 seconds at Thu Jul 11 04:47:00 UTC 2019
2006 ms. Memory: 48128K Free: 16564K (34%)
ptolemy.util.test.WatchDog.cancel(): canceling Thu Jul 11 04:47:02 UTC 2019
------------------ testing $PTII/ptolemy/domains/de/test/auto/DepthTest1.xml
auto.tcl: Setting watchdog for 200 seconds at Thu Jul 11 04:47:02 UTC 2019
3 ms. Memory: 48128K Free: 30680K (64%)
ptolemy.util.test.WatchDog.cancel(): canceling Thu Jul 11 04:47:02 UTC 2019
auto.tcl: Setting watchdog for 200 seconds at Thu Jul 11 04:47:02 UTC 2019
1 ms. Memory: 48128K Free: 29992K (62%)
ptolemy.util.test.WatchDog.cancel(): canceling Thu Jul 11 04:47:02 UTC 2019
------------------ testing $PTII/ptolemy/domains/de/test/auto/DepthTest2.xml
auto.tcl: Setting watchdog for 200 seconds at Thu Jul 11 04:47:02 UTC 2019
5 ms. Memory: 48128K Free: 27739K (58%)
ptolemy.util.test.WatchDog.cancel(): canceling Thu Jul 11 04:47:03 UTC 2019
auto.tcl: Setting watchdog for 200 seconds at Thu Jul 11 04:47:03 UTC 2019
3 ms. Memory: 48128K Free: 27096K (56%)
ptolemy.util.test.WatchDog.cancel(): canceling Thu Jul 11 04:47:03 UTC 2019
------------------ testing $PTII/ptolemy/domains/de/test/auto/DepthTest3.xml
auto.tcl: Setting watchdog for 200 seconds at Thu Jul 11 04:47:03 UTC 2019
10 ms. Memory: 48128K Free: 31073K (65%)
ptolemy.util.test.WatchDog.cancel(): canceling Thu Jul 11 04:47:03 UTC 2019
auto.tcl: Setting watchdog for 200 seconds at Thu Jul 11 04:47:03 UTC 2019
2 ms. Memory: 48128K Free: 30641K (64%)
ptolemy.util.test.WatchDog.cancel(): canceling Thu Jul 11 04:47:03 UTC 2019
------------------ testing $PTII/ptolemy/domains/de/test/auto/DepthTest4.xml
auto.tcl: Setting watchdog for 200 seconds at Thu Jul 11 04:47:03 UTC 2019
5 ms. Memory: 48128K Free: 29237K (61%)
ptolemy.util.test.WatchDog.cancel(): canceling Thu Jul 11 04:47:03 UTC 2019
auto.tcl: Setting watchdog for 200 seconds at Thu Jul 11 04:47:03 UTC 2019
2 ms. Memory: 48128K Free: 28366K (59%)
ptolemy.util.test.WatchDog.cancel(): canceling Thu Jul 11 04:47:03 UTC 2019
------------------ testing $PTII/ptolemy/domains/de/test/auto/DepthTest5.xml
auto.tcl: Setting watchdog for 200 seconds at Thu Jul 11 04:47:03 UTC 2019
3 ms. Memory: 48128K Free: 28521K (59%)
ptolemy.util.test.WatchDog.cancel(): canceling Thu Jul 11 04:47:03 UTC 2019
auto.tcl: Setting watchdog for 200 seconds at Thu Jul 11 04:47:03 UTC 2019
2 ms. Memory: 48128K Free: 27927K (58%)
ptolemy.util.test.WatchDog.cancel(): canceling Thu Jul 11 04:47:03 UTC 2019
------------------ testing $PTII/ptolemy/domains/de/test/auto/DepthTest6.xml
auto.tcl: Setting watchdog for 200 seconds at Thu Jul 11 04:47:03 UTC 2019
4 ms. Memory: 48128K Free: 28550K (59%)
ptolemy.util.test.WatchDog.cancel(): canceling Thu Jul 11 04:47:03 UTC 2019
auto.tcl: Setting watchdog for 200 seconds at Thu Jul 11 04:47:03 UTC 2019
3 ms. Memory: 48128K Free: 27915K (58%)
ptolemy.util.test.WatchDog.cancel(): canceling Thu Jul 11 04:47:03 UTC 2019
------------------ testing $PTII/ptolemy/domains/de/test/auto/DepthTest7.xml
auto.tcl: Setting watchdog for 200 seconds at Thu Jul 11 04:47:03 UTC 2019
2 ms. Memory: 48128K Free: 29145K (61%)
ptolemy.util.test.WatchDog.cancel(): canceling Thu Jul 11 04:47:03 UTC 2019
auto.tcl: Setting watchdog for 200 seconds at Thu Jul 11 04:47:03 UTC 2019
2 ms. Memory: 48128K Free: 28248K (59%)
ptolemy.util.test.WatchDog.cancel(): canceling Thu Jul 11 04:47:03 UTC 2019
------------------ testing $PTII/ptolemy/domains/de/test/auto/EventToDate.xml
auto.tcl: Setting watchdog for 200 seconds at Thu Jul 11 04:47:03 UTC 2019
3014 ms. Memory: 48128K Free: 19784K (41%)
ptolemy.util.test.WatchDog.cancel(): canceling Thu Jul 11 04:47:06 UTC 2019
auto.tcl: Setting watchdog for 200 seconds at Thu Jul 11 04:47:06 UTC 2019
3004 ms. Memory: 48128K Free: 19079K (40%)
ptolemy.util.test.WatchDog.cancel(): canceling Thu Jul 11 04:47:09 UTC 2019
------------------ testing $PTII/ptolemy/domains/de/test/auto/FSM1.xml
auto.tcl: Setting watchdog for 200 seconds at Thu Jul 11 04:47:09 UTC 2019
21 ms. Memory: 48128K Free: 21269K (44%)
ptolemy.util.test.WatchDog.cancel(): canceling Thu Jul 11 04:47:09 UTC 2019
auto.tcl: Setting watchdog for 200 seconds at Thu Jul 11 04:47:09 UTC 2019
18 ms. Memory: 48128K Free: 18041K (37%)
ptolemy.util.test.WatchDog.cancel(): canceling Thu Jul 11 04:47:09 UTC 2019
------------------ testing $PTII/ptolemy/domains/de/test/auto/FSM7.xml
auto.tcl: Setting watchdog for 200 seconds at Thu Jul 11 04:47:09 UTC 2019
33 ms. Memory: 48128K Free: 21114K (44%)
ptolemy.util.test.WatchDog.cancel(): canceling Thu Jul 11 04:47:09 UTC 2019
auto.tcl: Setting watchdog for 200 seconds at Thu Jul 11 04:47:09 UTC 2019
27 ms. Memory: 48128K Free: 17954K (37%)
ptolemy.util.test.WatchDog.cancel(): canceling Thu Jul 11 04:47:09 UTC 2019
------------------ testing $PTII/ptolemy/domains/de/test/auto/Inspection.xml
auto.tcl: Setting watchdog for 200 seconds at Thu Jul 11 04:47:09 UTC 2019
29 ms. Memory: 48128K Free: 21100K (44%)
ptolemy.util.test.WatchDog.cancel(): canceling Thu Jul 11 04:47:10 UTC 2019
auto.tcl: Setting watchdog for 200 seconds at Thu Jul 11 04:47:10 UTC 2019
37 ms. Memory: 48128K Free: 19310K (40%)
ptolemy.util.test.WatchDog.cancel(): canceling Thu Jul 11 04:47:10 UTC 2019
------------------ testing $PTII/ptolemy/domains/de/test/auto/Iteration.xml
auto.tcl: Setting watchdog for 200 seconds at Thu Jul 11 04:47:10 UTC 2019
7 ms. Memory: 48128K Free: 26864K (56%)
ptolemy.util.test.WatchDog.cancel(): canceling Thu Jul 11 04:47:10 UTC 2019
auto.tcl: Setting watchdog for 200 seconds at Thu Jul 11 04:47:10 UTC 2019
8 ms. Memory: 48128K Free: 25722K (53%)
ptolemy.util.test.WatchDog.cancel(): canceling Thu Jul 11 04:47:10 UTC 2019
------------------ testing $PTII/ptolemy/domains/de/test/auto/LineFault.xml
auto.tcl: Setting watchdog for 200 seconds at Thu Jul 11 04:47:10 UTC 2019
745 ms. Memory: 48128K Free: 12238K (25%)
ptolemy.util.test.WatchDog.cancel(): canceling Thu Jul 11 04:47:11 UTC 2019
auto.tcl: Setting watchdog for 200 seconds at Thu Jul 11 04:47:11 UTC 2019
748 ms. Memory: 58368K Free: 30677K (53%)
ptolemy.util.test.WatchDog.cancel(): canceling Thu Jul 11 04:47:11 UTC 2019
------------------ testing $PTII/ptolemy/domains/de/test/auto/MergeModel1Add.xml
auto.tcl: Setting watchdog for 200 seconds at Thu Jul 11 04:47:12 UTC 2019
23 ms. Memory: 55296K Free: 19700K (36%)
ptolemy.util.test.WatchDog.cancel(): canceling Thu Jul 11 04:47:12 UTC 2019
auto.tcl: Setting watchdog for 200 seconds at Thu Jul 11 04:47:12 UTC 2019
12 ms. Memory: 55296K Free: 18176K (33%)
ptolemy.util.test.WatchDog.cancel(): canceling Thu Jul 11 04:47:12 UTC 2019
------------------ testing $PTII/ptolemy/domains/de/test/auto/MergeModel2Add.xml
auto.tcl: Setting watchdog for 200 seconds at Thu Jul 11 04:47:12 UTC 2019
9 ms. Memory: 51200K Free: 18169K (35%)
ptolemy.util.test.WatchDog.cancel(): canceling Thu Jul 11 04:47:12 UTC 2019
auto.tcl: Setting watchdog for 200 seconds at Thu Jul 11 04:47:12 UTC 2019
9 ms. Memory: 51200K Free: 16763K (33%)
ptolemy.util.test.WatchDog.cancel(): canceling Thu Jul 11 04:47:12 UTC 2019
------------------ testing $PTII/ptolemy/domains/de/test/auto/MergeModel3Add.xml
auto.tcl: Setting watchdog for 200 seconds at Thu Jul 11 04:47:12 UTC 2019
9 ms. Memory: 51200K Free: 17692K (35%)
ptolemy.util.test.WatchDog.cancel(): canceling Thu Jul 11 04:47:12 UTC 2019
auto.tcl: Setting watchdog for 200 seconds at Thu Jul 11 04:47:12 UTC 2019
9 ms. Memory: 51200K Free: 16131K (32%)
ptolemy.util.test.WatchDog.cancel(): canceling Thu Jul 11 04:47:12 UTC 2019
------------------ testing $PTII/ptolemy/domains/de/test/auto/MergeWithoutDiscard.xml
auto.tcl: Setting watchdog for 200 seconds at Thu Jul 11 04:47:12 UTC 2019
2 ms. Memory: 51200K Free: 32626K (64%)
ptolemy.util.test.WatchDog.cancel(): canceling Thu Jul 11 04:47:12 UTC 2019
auto.tcl: Setting watchdog for 200 seconds at Thu Jul 11 04:47:12 UTC 2019
2 ms. Memory: 51200K Free: 32089K (63%)
ptolemy.util.test.WatchDog.cancel(): canceling Thu Jul 11 04:47:12 UTC 2019
------------------ testing $PTII/ptolemy/domains/de/test/auto/Modal1.xml
auto.tcl: Setting watchdog for 200 seconds at Thu Jul 11 04:47:12 UTC 2019
12 ms. Memory: 51200K Free: 24143K (47%)
ptolemy.util.test.WatchDog.cancel(): canceling Thu Jul 11 04:47:12 UTC 2019
auto.tcl: Setting watchdog for 200 seconds at Thu Jul 11 04:47:12 UTC 2019
13 ms. Memory: 51200K Free: 20726K (40%)
ptolemy.util.test.WatchDog.cancel(): canceling Thu Jul 11 04:47:12 UTC 2019
------------------ testing $PTII/ptolemy/domains/de/test/auto/Modal2.xml
auto.tcl: Setting watchdog for 200 seconds at Thu Jul 11 04:47:12 UTC 2019
14 ms. Memory: 51200K Free: 24239K (47%)
ptolemy.util.test.WatchDog.cancel(): canceling Thu Jul 11 04:47:12 UTC 2019
auto.tcl: Setting watchdog for 200 seconds at Thu Jul 11 04:47:12 UTC 2019
26 ms. Memory: 51200K Free: 21049K (41%)
ptolemy.util.test.WatchDog.cancel(): canceling Thu Jul 11 04:47:12 UTC 2019
------------------ testing $PTII/ptolemy/domains/de/test/auto/Modal3.xml
auto.tcl: Setting watchdog for 200 seconds at Thu Jul 11 04:47:12 UTC 2019
16 ms. Memory: 51200K Free: 23979K (47%)
ptolemy.util.test.WatchDog.cancel(): canceling Thu Jul 11 04:47:12 UTC 2019
auto.tcl: Setting watchdog for 200 seconds at Thu Jul 11 04:47:12 UTC 2019
18 ms. Memory: 51200K Free: 21055K (41%)
ptolemy.util.test.WatchDog.cancel(): canceling Thu Jul 11 04:47:12 UTC 2019
------------------ testing $PTII/ptolemy/domains/de/test/auto/Modal4.xml
auto.tcl: Setting watchdog for 200 seconds at Thu Jul 11 04:47:12 UTC 2019
14 ms. Memory: 51200K Free: 23228K (45%)
ptolemy.util.test.WatchDog.cancel(): canceling Thu Jul 11 04:47:12 UTC 2019
auto.tcl: Setting watchdog for 200 seconds at Thu Jul 11 04:47:12 UTC 2019
14 ms. Memory: 51200K Free: 19634K (38%)
ptolemy.util.test.WatchDog.cancel(): canceling Thu Jul 11 04:47:12 UTC 2019
------------------ testing $PTII/ptolemy/domains/de/test/auto/Modal5.xml
auto.tcl: Setting watchdog for 200 seconds at Thu Jul 11 04:47:13 UTC 2019
13 ms. Memory: 51200K Free: 23199K (45%)
ptolemy.util.test.WatchDog.cancel(): canceling Thu Jul 11 04:47:13 UTC 2019
auto.tcl: Setting watchdog for 200 seconds at Thu Jul 11 04:47:13 UTC 2019
14 ms. Memory: 51200K Free: 19371K (38%)
ptolemy.util.test.WatchDog.cancel(): canceling Thu Jul 11 04:47:13 UTC 2019
------------------ testing $PTII/ptolemy/domains/de/test/auto/Modal6.xml
auto.tcl: Setting watchdog for 200 seconds at Thu Jul 11 04:47:13 UTC 2019
13 ms. Memory: 51200K Free: 24016K (47%)
ptolemy.util.test.WatchDog.cancel(): canceling Thu Jul 11 04:47:13 UTC 2019
auto.tcl: Setting watchdog for 200 seconds at Thu Jul 11 04:47:13 UTC 2019
14 ms. Memory: 51200K Free: 20393K (40%)
ptolemy.util.test.WatchDog.cancel(): canceling Thu Jul 11 04:47:13 UTC 2019
------------------ testing $PTII/ptolemy/domains/de/test/auto/Modal7.xml
auto.tcl: Setting watchdog for 200 seconds at Thu Jul 11 04:47:13 UTC 2019
11 ms. Memory: 51200K Free: 22978K (45%)
ptolemy.util.test.WatchDog.cancel(): canceling Thu Jul 11 04:47:13 UTC 2019
auto.tcl: Setting watchdog for 200 seconds at Thu Jul 11 04:47:13 UTC 2019
10 ms. Memory: 51200K Free: 19617K (38%)
ptolemy.util.test.WatchDog.cancel(): canceling Thu Jul 11 04:47:13 UTC 2019
------------------ testing $PTII/ptolemy/domains/de/test/auto/ModalModel.xml
auto.tcl: Setting watchdog for 200 seconds at Thu Jul 11 04:47:13 UTC 2019
199 ms. Memory: 51200K Free: 13009K (25%)
ptolemy.util.test.WatchDog.cancel(): canceling Thu Jul 11 04:47:13 UTC 2019
auto.tcl: Setting watchdog for 200 seconds at Thu Jul 11 04:47:13 UTC 2019
208 ms. Memory: 61440K Free: 45238K (74%)
ptolemy.util.test.WatchDog.cancel(): canceling Thu Jul 11 04:47:13 UTC 2019
------------------ testing $PTII/ptolemy/domains/de/test/auto/ModalSource.xml
auto.tcl: Setting watchdog for 200 seconds at Thu Jul 11 04:47:13 UTC 2019
8 ms. Memory: 51200K Free: 28041K (55%)
ptolemy.util.test.WatchDog.cancel(): canceling Thu Jul 11 04:47:14 UTC 2019
auto.tcl: Setting watchdog for 200 seconds at Thu Jul 11 04:47:14 UTC 2019
7 ms. Memory: 51200K Free: 25993K (51%)
ptolemy.util.test.WatchDog.cancel(): canceling Thu Jul 11 04:47:14 UTC 2019
------------------ testing $PTII/ptolemy/domains/de/test/auto/NonInterruptibleTimerZeroDelay.xml
auto.tcl: Setting watchdog for 200 seconds at Thu Jul 11 04:47:14 UTC 2019
5 ms. Memory: 51200K Free: 32754K (64%)
ptolemy.util.test.WatchDog.cancel(): canceling Thu Jul 11 04:47:14 UTC 2019
auto.tcl: Setting watchdog for 200 seconds at Thu Jul 11 04:47:14 UTC 2019
3 ms. Memory: 51200K Free: 31909K (62%)
ptolemy.util.test.WatchDog.cancel(): canceling Thu Jul 11 04:47:14 UTC 2019
------------------ testing $PTII/ptolemy/domains/de/test/auto/OpenQueueingNetwork.xml
auto.tcl: Setting watchdog for 200 seconds at Thu Jul 11 04:47:14 UTC 2019
3781 ms. Memory: 159744K Free: 73032K (46%)
ptolemy.util.test.WatchDog.cancel(): canceling Thu Jul 11 04:47:18 UTC 2019
auto.tcl: Setting watchdog for 200 seconds at Thu Jul 11 04:47:18 UTC 2019
3070 ms. Memory: 159744K Free: 57678K (36%)
ptolemy.util.test.WatchDog.cancel(): canceling Thu Jul 11 04:47:21 UTC 2019
------------------ testing $PTII/ptolemy/domains/de/test/auto/OpenQueuingNetwork.xml
auto.tcl: Setting watchdog for 200 seconds at Thu Jul 11 04:47:21 UTC 2019
334 ms. Memory: 55296K Free: 24031K (43%)
ptolemy.util.test.WatchDog.cancel(): canceling Thu Jul 11 04:47:21 UTC 2019
auto.tcl: Setting watchdog for 200 seconds at Thu Jul 11 04:47:21 UTC 2019
347 ms. Memory: 66560K Free: 49528K (74%)
ptolemy.util.test.WatchDog.cancel(): canceling Thu Jul 11 04:47:22 UTC 2019
------------------ testing $PTII/ptolemy/domains/de/test/auto/PeriodicSampler.xml
auto.tcl: Setting watchdog for 200 seconds at Thu Jul 11 04:47:22 UTC 2019
2 ms. Memory: 51200K Free: 32180K (63%)
ptolemy.util.test.WatchDog.cancel(): canceling Thu Jul 11 04:47:22 UTC 2019
auto.tcl: Setting watchdog for 200 seconds at Thu Jul 11 04:47:22 UTC 2019
2 ms. Memory: 51200K Free: 31647K (62%)
ptolemy.util.test.WatchDog.cancel(): canceling Thu Jul 11 04:47:22 UTC 2019
------------------ testing $PTII/ptolemy/domains/de/test/auto/PersistentIO.xml
auto.tcl: Setting watchdog for 200 seconds at Thu Jul 11 04:47:22 UTC 2019
5 ms. Memory: 51200K Free: 27104K (53%)
ptolemy.util.test.WatchDog.cancel(): canceling Thu Jul 11 04:47:22 UTC 2019
auto.tcl: Setting watchdog for 200 seconds at Thu Jul 11 04:47:22 UTC 2019
4 ms. Memory: 51200K Free: 25588K (50%)
ptolemy.util.test.WatchDog.cancel(): canceling Thu Jul 11 04:47:22 UTC 2019
------------------ testing $PTII/ptolemy/domains/de/test/auto/PortParameterResetOnInitialize.xml
auto.tcl: Setting watchdog for 200 seconds at Thu Jul 11 04:47:22 UTC 2019
7 ms. Memory: 51200K Free: 32102K (63%)
ptolemy.util.test.WatchDog.cancel(): canceling Thu Jul 11 04:47:22 UTC 2019
auto.tcl: Setting watchdog for 200 seconds at Thu Jul 11 04:47:22 UTC 2019
2 ms. Memory: 51200K Free: 31593K (62%)
ptolemy.util.test.WatchDog.cancel(): canceling Thu Jul 11 04:47:22 UTC 2019
------------------ testing $PTII/ptolemy/domains/de/test/auto/PortParameterUpdates.xml
auto.tcl: Setting watchdog for 200 seconds at Thu Jul 11 04:47:22 UTC 2019
4 ms. Memory: 51200K Free: 30172K (59%)
ptolemy.util.test.WatchDog.cancel(): canceling Thu Jul 11 04:47:22 UTC 2019
auto.tcl: Setting watchdog for 200 seconds at Thu Jul 11 04:47:22 UTC 2019
4 ms. Memory: 51200K Free: 29148K (57%)
ptolemy.util.test.WatchDog.cancel(): canceling Thu Jul 11 04:47:22 UTC 2019
------------------ testing $PTII/ptolemy/domains/de/test/auto/QueueAndServer.xml
auto.tcl: Setting watchdog for 200 seconds at Thu Jul 11 04:47:22 UTC 2019
18 ms. Memory: 51200K Free: 29064K (57%)
ptolemy.util.test.WatchDog.cancel(): canceling Thu Jul 11 04:47:22 UTC 2019
auto.tcl: Setting watchdog for 200 seconds at Thu Jul 11 04:47:22 UTC 2019
10 ms. Memory: 51200K Free: 27616K (54%)
ptolemy.util.test.WatchDog.cancel(): canceling Thu Jul 11 04:47:22 UTC 2019
------------------ testing $PTII/ptolemy/domains/de/test/auto/Records.xml
auto.tcl: Setting watchdog for 200 seconds at Thu Jul 11 04:47:22 UTC 2019
4 ms. Memory: 51200K Free: 31333K (61%)
ptolemy.util.test.WatchDog.cancel(): canceling Thu Jul 11 04:47:22 UTC 2019
auto.tcl: Setting watchdog for 200 seconds at Thu Jul 11 04:47:22 UTC 2019
2 ms. Memory: 51200K Free: 30821K (60%)
ptolemy.util.test.WatchDog.cancel(): canceling Thu Jul 11 04:47:22 UTC 2019
------------------ testing $PTII/ptolemy/domains/de/test/auto/ResetTransitionWithStartTime1.xml
auto.tcl: Setting watchdog for 200 seconds at Thu Jul 11 04:47:22 UTC 2019
6 ms. Memory: 51200K Free: 28586K (56%)
ptolemy.util.test.WatchDog.cancel(): canceling Thu Jul 11 04:47:22 UTC 2019
auto.tcl: Setting watchdog for 200 seconds at Thu Jul 11 04:47:22 UTC 2019
7 ms. Memory: 51200K Free: 26547K (52%)
ptolemy.util.test.WatchDog.cancel(): canceling Thu Jul 11 04:47:22 UTC 2019
------------------ testing $PTII/ptolemy/domains/de/test/auto/ResetTransitionWithStartTime2.xml
auto.tcl: Setting watchdog for 200 seconds at Thu Jul 11 04:47:22 UTC 2019
6 ms. Memory: 51200K Free: 28541K (56%)
ptolemy.util.test.WatchDog.cancel(): canceling Thu Jul 11 04:47:22 UTC 2019
auto.tcl: Setting watchdog for 200 seconds at Thu Jul 11 04:47:22 UTC 2019
6 ms. Memory: 51200K Free: 26502K (52%)
ptolemy.util.test.WatchDog.cancel(): canceling Thu Jul 11 04:47:22 UTC 2019
------------------ testing $PTII/ptolemy/domains/de/test/auto/ResetTransitionWithStartTime3.xml
auto.tcl: Setting watchdog for 200 seconds at Thu Jul 11 04:47:22 UTC 2019
6 ms. Memory: 51200K Free: 28541K (56%)
ptolemy.util.test.WatchDog.cancel(): canceling Thu Jul 11 04:47:22 UTC 2019
auto.tcl: Setting watchdog for 200 seconds at Thu Jul 11 04:47:22 UTC 2019
7 ms. Memory: 51200K Free: 26493K (52%)
ptolemy.util.test.WatchDog.cancel(): canceling Thu Jul 11 04:47:22 UTC 2019
------------------ testing $PTII/ptolemy/domains/de/test/auto/ResetTransitionWithStartTime4.xml
auto.tcl: Setting watchdog for 200 seconds at Thu Jul 11 04:47:22 UTC 2019
7 ms. Memory: 51200K Free: 28950K (57%)
ptolemy.util.test.WatchDog.cancel(): canceling Thu Jul 11 04:47:23 UTC 2019
auto.tcl: Setting watchdog for 200 seconds at Thu Jul 11 04:47:23 UTC 2019
4 ms. Memory: 51200K Free: 27556K (54%)
ptolemy.util.test.WatchDog.cancel(): canceling Thu Jul 11 04:47:23 UTC 2019
------------------ testing $PTII/ptolemy/domains/de/test/auto/ResettableTimer1.xml
auto.tcl: Setting watchdog for 200 seconds at Thu Jul 11 04:47:23 UTC 2019
2 ms. Memory: 51200K Free: 32754K (64%)
ptolemy.util.test.WatchDog.cancel(): canceling Thu Jul 11 04:47:23 UTC 2019
auto.tcl: Setting watchdog for 200 seconds at Thu Jul 11 04:47:23 UTC 2019
3 ms. Memory: 51200K Free: 32093K (63%)
ptolemy.util.test.WatchDog.cancel(): canceling Thu Jul 11 04:47:23 UTC 2019
------------------ testing $PTII/ptolemy/domains/de/test/auto/ResettableTimer2.xml
auto.tcl: Setting watchdog for 200 seconds at Thu Jul 11 04:47:23 UTC 2019
3 ms. Memory: 51200K Free: 32773K (64%)
ptolemy.util.test.WatchDog.cancel(): canceling Thu Jul 11 04:47:23 UTC 2019
auto.tcl: Setting watchdog for 200 seconds at Thu Jul 11 04:47:23 UTC 2019
2 ms. Memory: 51200K Free: 32140K (63%)
ptolemy.util.test.WatchDog.cancel(): canceling Thu Jul 11 04:47:23 UTC 2019
------------------ testing $PTII/ptolemy/domains/de/test/auto/ResettableTimer3.xml
auto.tcl: Setting watchdog for 200 seconds at Thu Jul 11 04:47:23 UTC 2019
1 ms. Memory: 51200K Free: 33183K (65%)
ptolemy.util.test.WatchDog.cancel(): canceling Thu Jul 11 04:47:23 UTC 2019
auto.tcl: Setting watchdog for 200 seconds at Thu Jul 11 04:47:23 UTC 2019
1 ms. Memory: 51200K Free: 32682K (64%)
ptolemy.util.test.WatchDog.cancel(): canceling Thu Jul 11 04:47:23 UTC 2019
------------------ testing $PTII/ptolemy/domains/de/test/auto/ResettableTimer4.xml
auto.tcl: Setting watchdog for 200 seconds at Thu Jul 11 04:47:23 UTC 2019
2 ms. Memory: 51200K Free: 32686K (64%)
ptolemy.util.test.WatchDog.cancel(): canceling Thu Jul 11 04:47:23 UTC 2019
auto.tcl: Setting watchdog for 200 seconds at Thu Jul 11 04:47:23 UTC 2019
1 ms. Memory: 51200K Free: 32183K (63%)
ptolemy.util.test.WatchDog.cancel(): canceling Thu Jul 11 04:47:23 UTC 2019
------------------ testing $PTII/ptolemy/domains/de/test/auto/ResettableTimer5.xml
auto.tcl: Setting watchdog for 200 seconds at Thu Jul 11 04:47:23 UTC 2019
1 ms. Memory: 51200K Free: 32693K (64%)
ptolemy.util.test.WatchDog.cancel(): canceling Thu Jul 11 04:47:23 UTC 2019
auto.tcl: Setting watchdog for 200 seconds at Thu Jul 11 04:47:23 UTC 2019
1 ms. Memory: 51200K Free: 32156K (63%)
ptolemy.util.test.WatchDog.cancel(): canceling Thu Jul 11 04:47:23 UTC 2019
------------------ testing $PTII/ptolemy/domains/de/test/auto/ResettableTimer6.xml
auto.tcl: Setting watchdog for 200 seconds at Thu Jul 11 04:47:23 UTC 2019
1 ms. Memory: 51200K Free: 32160K (63%)
ptolemy.util.test.WatchDog.cancel(): canceling Thu Jul 11 04:47:23 UTC 2019
auto.tcl: Setting watchdog for 200 seconds at Thu Jul 11 04:47:23 UTC 2019
1 ms. Memory: 51200K Free: 31659K (62%)
ptolemy.util.test.WatchDog.cancel(): canceling Thu Jul 11 04:47:23 UTC 2019
------------------ testing $PTII/ptolemy/domains/de/test/auto/ServerZeroDelay.xml
auto.tcl: Setting watchdog for 200 seconds at Thu Jul 11 04:47:23 UTC 2019
2 ms. Memory: 51200K Free: 32764K (64%)
ptolemy.util.test.WatchDog.cancel(): canceling Thu Jul 11 04:47:23 UTC 2019
auto.tcl: Setting watchdog for 200 seconds at Thu Jul 11 04:47:23 UTC 2019
3 ms. Memory: 51200K Free: 31641K (62%)
ptolemy.util.test.WatchDog.cancel(): canceling Thu Jul 11 04:47:23 UTC 2019
------------------ testing $PTII/ptolemy/domains/de/test/auto/SmartSender.xml
auto.tcl: Setting watchdog for 200 seconds at Thu Jul 11 04:47:23 UTC 2019
3001 ms. Memory: 51200K Free: 32660K (64%)
ptolemy.util.test.WatchDog.cancel(): canceling Thu Jul 11 04:47:26 UTC 2019
auto.tcl: Setting watchdog for 200 seconds at Thu Jul 11 04:47:26 UTC 2019
3002 ms. Memory: 51200K Free: 32140K (63%)
ptolemy.util.test.WatchDog.cancel(): canceling Thu Jul 11 04:47:29 UTC 2019
------------------ testing $PTII/ptolemy/domains/de/test/auto/ThreadedComposite.xml
auto.tcl: Setting watchdog for 200 seconds at Thu Jul 11 04:47:29 UTC 2019
166 ms. Memory: 51200K Free: 13218K (26%)
ptolemy.util.test.WatchDog.cancel(): canceling Thu Jul 11 04:47:29 UTC 2019
auto.tcl: Setting watchdog for 200 seconds at Thu Jul 11 04:47:29 UTC 2019
232 ms. Memory: 51200K Free: 23139K (45%)
ptolemy.util.test.WatchDog.cancel(): canceling Thu Jul 11 04:47:30 UTC 2019
------------------ testing $PTII/ptolemy/domains/de/test/auto/Time.xml
auto.tcl: Setting watchdog for 200 seconds at Thu Jul 11 04:47:30 UTC 2019
634 ms. Memory: 51200K Free: 8914K (17%)
ptolemy.util.test.WatchDog.cancel(): canceling Thu Jul 11 04:47:30 UTC 2019
auto.tcl: Setting watchdog for 200 seconds at Thu Jul 11 04:47:30 UTC 2019
625 ms. Memory: 51200K Free: 14488K (28%)
ptolemy.util.test.WatchDog.cancel(): canceling Thu Jul 11 04:47:31 UTC 2019
------------------ testing $PTII/ptolemy/domains/de/test/auto/TimeDelayZeroDelay.xml
auto.tcl: Setting watchdog for 200 seconds at Thu Jul 11 04:47:31 UTC 2019
3 ms. Memory: 51200K Free: 32984K (64%)
ptolemy.util.test.WatchDog.cancel(): canceling Thu Jul 11 04:47:31 UTC 2019
auto.tcl: Setting watchdog for 200 seconds at Thu Jul 11 04:47:31 UTC 2019
2 ms. Memory: 51200K Free: 32146K (63%)
ptolemy.util.test.WatchDog.cancel(): canceling Thu Jul 11 04:47:31 UTC 2019
------------------ testing $PTII/ptolemy/domains/de/test/auto/TimerZeroDelay.xml
auto.tcl: Setting watchdog for 200 seconds at Thu Jul 11 04:47:31 UTC 2019
4 ms. Memory: 51200K Free: 33002K (64%)
ptolemy.util.test.WatchDog.cancel(): canceling Thu Jul 11 04:47:31 UTC 2019
auto.tcl: Setting watchdog for 200 seconds at Thu Jul 11 04:47:31 UTC 2019
2 ms. Memory: 51200K Free: 32202K (63%)
ptolemy.util.test.WatchDog.cancel(): canceling Thu Jul 11 04:47:31 UTC 2019
------------------ testing $PTII/ptolemy/domains/de/test/auto/TimingParadox.xml
auto.tcl: Setting watchdog for 200 seconds at Thu Jul 11 04:47:31 UTC 2019
410 ms. Memory: 51200K Free: 17822K (35%)
ptolemy.util.test.WatchDog.cancel(): canceling Thu Jul 11 04:47:32 UTC 2019
auto.tcl: Setting watchdog for 200 seconds at Thu Jul 11 04:47:32 UTC 2019
417 ms. Memory: 61440K Free: 42755K (70%)
ptolemy.util.test.WatchDog.cancel(): canceling Thu Jul 11 04:47:32 UTC 2019
------------------ testing $PTII/ptolemy/domains/de/test/auto/TransferInputs.xml
auto.tcl: Setting watchdog for 200 seconds at Thu Jul 11 04:47:32 UTC 2019
3 ms. Memory: 55296K Free: 35176K (64%)
ptolemy.util.test.WatchDog.cancel(): canceling Thu Jul 11 04:47:32 UTC 2019
auto.tcl: Setting watchdog for 200 seconds at Thu Jul 11 04:47:32 UTC 2019
2 ms. Memory: 55296K Free: 34262K (62%)
ptolemy.util.test.WatchDog.cancel(): canceling Thu Jul 11 04:47:32 UTC 2019
------------------ testing $PTII/ptolemy/domains/de/test/auto/TransferOutputs2.xml
auto.tcl: Setting watchdog for 200 seconds at Thu Jul 11 04:47:32 UTC 2019
3 ms. Memory: 51200K Free: 28538K (56%)
ptolemy.util.test.WatchDog.cancel(): canceling Thu Jul 11 04:47:32 UTC 2019
auto.tcl: Setting watchdog for 200 seconds at Thu Jul 11 04:47:32 UTC 2019
2 ms. Memory: 51200K Free: 27122K (53%)
ptolemy.util.test.WatchDog.cancel(): canceling Thu Jul 11 04:47:32 UTC 2019
------------------ testing $PTII/ptolemy/domains/de/test/auto/Trilateration.xml
auto.tcl: Setting watchdog for 200 seconds at Thu Jul 11 04:47:32 UTC 2019
16494 ms. Memory: 591872K Free: 563406K (95%)
ptolemy.util.test.WatchDog.cancel(): canceling Thu Jul 11 04:47:50 UTC 2019
auto.tcl: Setting watchdog for 200 seconds at Thu Jul 11 04:47:50 UTC 2019
12136 ms. Memory: 710656K Free: 399998K (56%)
ptolemy.util.test.WatchDog.cancel(): canceling Thu Jul 11 04:48:02 UTC 2019
------------------ testing $PTII/ptolemy/domains/de/test/auto/TwoSigmaDelta.xml
auto.tcl: Setting watchdog for 200 seconds at Thu Jul 11 04:48:02 UTC 2019
2849 ms. Memory: 89088K Free: 19021K (21%)
ptolemy.util.test.WatchDog.cancel(): canceling Thu Jul 11 04:48:05 UTC 2019
auto.tcl: Setting watchdog for 200 seconds at Thu Jul 11 04:48:05 UTC 2019
2008 ms. Memory: 89088K Free: 14905K (17%)
ptolemy.util.test.WatchDog.cancel(): canceling Thu Jul 11 04:48:07 UTC 2019
------------------ testing $PTII/ptolemy/domains/de/test/auto/VariableDelay.xml
auto.tcl: Setting watchdog for 200 seconds at Thu Jul 11 04:48:07 UTC 2019
2 ms. Memory: 55296K Free: 35682K (65%)
ptolemy.util.test.WatchDog.cancel(): canceling Thu Jul 11 04:48:07 UTC 2019
auto.tcl: Setting watchdog for 200 seconds at Thu Jul 11 04:48:07 UTC 2019
1 ms. Memory: 55296K Free: 35186K (64%)
ptolemy.util.test.WatchDog.cancel(): canceling Thu Jul 11 04:48:07 UTC 2019
------------------ testing $PTII/ptolemy/domains/de/test/auto/VariableDelay2.xml
auto.tcl: Setting watchdog for 200 seconds at Thu Jul 11 04:48:07 UTC 2019
3 ms. Memory: 55296K Free: 36080K (65%)
ptolemy.util.test.WatchDog.cancel(): canceling Thu Jul 11 04:48:07 UTC 2019
auto.tcl: Setting watchdog for 200 seconds at Thu Jul 11 04:48:07 UTC 2019
2 ms. Memory: 55296K Free: 35040K (63%)
ptolemy.util.test.WatchDog.cancel(): canceling Thu Jul 11 04:48:07 UTC 2019
------------------ testing $PTII/ptolemy/domains/de/test/auto/VariableDelayZeroDelay.xml
auto.tcl: Setting watchdog for 200 seconds at Thu Jul 11 04:48:07 UTC 2019
3 ms. Memory: 51200K Free: 32511K (63%)
ptolemy.util.test.WatchDog.cancel(): canceling Thu Jul 11 04:48:07 UTC 2019
auto.tcl: Setting watchdog for 200 seconds at Thu Jul 11 04:48:07 UTC 2019
1 ms. Memory: 51200K Free: 31983K (62%)
ptolemy.util.test.WatchDog.cancel(): canceling Thu Jul 11 04:48:07 UTC 2019
------------------ testing $PTII/ptolemy/domains/de/test/auto/VariableDelayZeroDelay2.xml
auto.tcl: Setting watchdog for 200 seconds at Thu Jul 11 04:48:08 UTC 2019
5 ms. Memory: 51200K Free: 32511K (63%)
ptolemy.util.test.WatchDog.cancel(): canceling Thu Jul 11 04:48:08 UTC 2019
auto.tcl: Setting watchdog for 200 seconds at Thu Jul 11 04:48:08 UTC 2019
2 ms. Memory: 51200K Free: 31487K (61%)
ptolemy.util.test.WatchDog.cancel(): canceling Thu Jul 11 04:48:08 UTC 2019
------------------ testing $PTII/ptolemy/domains/de/test/auto/deInCt.xml
auto.tcl: Setting watchdog for 200 seconds at Thu Jul 11 04:48:08 UTC 2019
0
1
1
1
1
0
0
0
1
1
1
1
0
0
0
1
1
1
0
0
0
0
0
0
1
1
1
1
1
10 ms. Memory: 51200K Free: 31484K (61%)
ptolemy.util.test.WatchDog.cancel(): canceling Thu Jul 11 04:48:08 UTC 2019
auto.tcl: Setting watchdog for 200 seconds at Thu Jul 11 04:48:08 UTC 2019
0
1
1
1
0
0
0
0
1
1
1
1
0
0
1
1
1
0
0
0
1
1
1
0
0
0
1
1
1
0
0
0
1
1
1
0
0
0
0
0
0
0
1
1
1
1
8 ms. Memory: 51200K Free: 29944K (58%)
ptolemy.util.test.WatchDog.cancel(): canceling Thu Jul 11 04:48:08 UTC 2019
------------------ testing $PTII/ptolemy/domains/de/test/auto/deInCt2.xml
auto.tcl: Setting watchdog for 200 seconds at Thu Jul 11 04:48:08 UTC 2019
0
1
1
1
0
0
1
1
1
0
0
1
1
1
0
0
1
1
1
0
0
1
1
1
0
0
1
1
1
0
0
1
1
1
0
0
1
1
1
0
0
0
10 ms. Memory: 51200K Free: 31486K (61%)
ptolemy.util.test.WatchDog.cancel(): canceling Thu Jul 11 04:48:08 UTC 2019
auto.tcl: Setting watchdog for 200 seconds at Thu Jul 11 04:48:08 UTC 2019
0
1
1
1
0
0
1
1
1
0
0
1
1
1
0
0
1
1
1
0
0
1
1
1
0
0
1
1
1
0
0
1
1
1
0
0
1
1
1
0
0
0
9 ms. Memory: 51200K Free: 29960K (59%)
ptolemy.util.test.WatchDog.cancel(): canceling Thu Jul 11 04:48:08 UTC 2019
------------------ testing $PTII/ptolemy/domains/de/test/auto/dynamicCausalityInterface1.xml
auto.tcl: Setting watchdog for 200 seconds at Thu Jul 11 04:48:08 UTC 2019
2 ms. Memory: 51200K Free: 26797K (52%)
ptolemy.util.test.WatchDog.cancel(): canceling Thu Jul 11 04:48:08 UTC 2019
auto.tcl: Setting watchdog for 200 seconds at Thu Jul 11 04:48:08 UTC 2019
1 ms. Memory: 51200K Free: 26394K (52%)
ptolemy.util.test.WatchDog.cancel(): canceling Thu Jul 11 04:48:08 UTC 2019
------------------ testing $PTII/ptolemy/domains/de/test/auto/fsm_de_test.xml
auto.tcl: Setting watchdog for 200 seconds at Thu Jul 11 04:48:08 UTC 2019
15 ms. Memory: 51200K Free: 27317K (53%)
ptolemy.util.test.WatchDog.cancel(): canceling Thu Jul 11 04:48:08 UTC 2019
auto.tcl: Setting watchdog for 200 seconds at Thu Jul 11 04:48:08 UTC 2019
8 ms. Memory: 51200K Free: 25269K (49%)
ptolemy.util.test.WatchDog.cancel(): canceling Thu Jul 11 04:48:08 UTC 2019
------------------ testing $PTII/ptolemy/domains/de/test/auto/functionDependencyReconstruction.xml
auto.tcl: Setting watchdog for 200 seconds at Thu Jul 11 04:48:08 UTC 2019
2 ms. Memory: 51200K Free: 21162K (41%)
ptolemy.util.test.WatchDog.cancel(): canceling Thu Jul 11 04:48:08 UTC 2019
auto.tcl: Setting watchdog for 200 seconds at Thu Jul 11 04:48:08 UTC 2019
3 ms. Memory: 51200K Free: 19114K (37%)
ptolemy.util.test.WatchDog.cancel(): canceling Thu Jul 11 04:48:08 UTC 2019
------------------ testing $PTII/ptolemy/domains/de/test/auto/multirate.xml
auto.tcl: Setting watchdog for 200 seconds at Thu Jul 11 04:48:08 UTC 2019
3 ms. Memory: 51200K Free: 29235K (57%)
ptolemy.util.test.WatchDog.cancel(): canceling Thu Jul 11 04:48:08 UTC 2019
auto.tcl: Setting watchdog for 200 seconds at Thu Jul 11 04:48:08 UTC 2019
8 ms. Memory: 51200K Free: 28214K (55%)
ptolemy.util.test.WatchDog.cancel(): canceling Thu Jul 11 04:48:08 UTC 2019
------------------ testing $PTII/ptolemy/domains/de/test/auto/multirate2.xml
auto.tcl: Setting watchdog for 200 seconds at Thu Jul 11 04:48:08 UTC 2019
3 ms. Memory: 51200K Free: 29913K (58%)
ptolemy.util.test.WatchDog.cancel(): canceling Thu Jul 11 04:48:08 UTC 2019
auto.tcl: Setting watchdog for 200 seconds at Thu Jul 11 04:48:08 UTC 2019
3 ms. Memory: 51200K Free: 28393K (55%)
ptolemy.util.test.WatchDog.cancel(): canceling Thu Jul 11 04:48:08 UTC 2019
------------------ testing $PTII/ptolemy/domains/de/test/auto/realtime.xml
auto.tcl: Setting watchdog for 200 seconds at Thu Jul 11 04:48:08 UTC 2019
10003 ms. Memory: 51200K Free: 31974K (62%)
ptolemy.util.test.WatchDog.cancel(): canceling Thu Jul 11 04:48:18 UTC 2019
auto.tcl: Setting watchdog for 200 seconds at Thu Jul 11 04:48:18 UTC 2019
10002 ms. Memory: 51200K Free: 30950K (60%)
ptolemy.util.test.WatchDog.cancel(): canceling Thu Jul 11 04:48:28 UTC 2019
------------------ testing $PTII/ptolemy/domains/de/test/auto/relationGroup.xml
auto.tcl: Setting watchdog for 200 seconds at Thu Jul 11 04:48:28 UTC 2019
2 ms. Memory: 51200K Free: 33022K (64%)
ptolemy.util.test.WatchDog.cancel(): canceling Thu Jul 11 04:48:28 UTC 2019
auto.tcl: Setting watchdog for 200 seconds at Thu Jul 11 04:48:28 UTC 2019
2 ms. Memory: 51200K Free: 32015K (63%)
ptolemy.util.test.WatchDog.cancel(): canceling Thu Jul 11 04:48:28 UTC 2019
------------------ testing $PTII/ptolemy/domains/de/test/auto/relationGroup2.xml
auto.tcl: Setting watchdog for 200 seconds at Thu Jul 11 04:48:28 UTC 2019
2 ms. Memory: 51200K Free: 33049K (65%)
ptolemy.util.test.WatchDog.cancel(): canceling Thu Jul 11 04:48:28 UTC 2019
auto.tcl: Setting watchdog for 200 seconds at Thu Jul 11 04:48:28 UTC 2019
2 ms. Memory: 51200K Free: 32025K (63%)
ptolemy.util.test.WatchDog.cancel(): canceling Thu Jul 11 04:48:28 UTC 2019
------------------ testing $PTII/ptolemy/domains/de/test/auto/sortWithOpaquePorts.xml
auto.tcl: Setting watchdog for 200 seconds at Thu Jul 11 04:48:29 UTC 2019
1 ms. Memory: 51200K Free: 32539K (64%)
ptolemy.util.test.WatchDog.cancel(): canceling Thu Jul 11 04:48:29 UTC 2019
auto.tcl: Setting watchdog for 200 seconds at Thu Jul 11 04:48:29 UTC 2019
2 ms. Memory: 51200K Free: 31019K (61%)
ptolemy.util.test.WatchDog.cancel(): canceling Thu Jul 11 04:48:29 UTC 2019
------------------ testing $PTII/ptolemy/domains/de/test/auto/transferInputsandOutputs.xml
auto.tcl: Setting watchdog for 200 seconds at Thu Jul 11 04:48:29 UTC 2019
2 ms. Memory: 51200K Free: 29455K (58%)
ptolemy.util.test.WatchDog.cancel(): canceling Thu Jul 11 04:48:29 UTC 2019
auto.tcl: Setting watchdog for 200 seconds at Thu Jul 11 04:48:29 UTC 2019
3 ms. Memory: 51200K Free: 28431K (56%)
ptolemy.util.test.WatchDog.cancel(): canceling Thu Jul 11 04:48:29 UTC 2019
------------------ testing $PTII/ptolemy/domains/de/test/auto/triggerType.xml
auto.tcl: Setting watchdog for 200 seconds at Thu Jul 11 04:48:29 UTC 2019
1 ms. Memory: 51200K Free: 32480K (63%)
ptolemy.util.test.WatchDog.cancel(): canceling Thu Jul 11 04:48:29 UTC 2019
auto.tcl: Setting watchdog for 200 seconds at Thu Jul 11 04:48:29 UTC 2019
2 ms. Memory: 51200K Free: 31466K (61%)
ptolemy.util.test.WatchDog.cancel(): canceling Thu Jul 11 04:48:29 UTC 2019
07/11/19 04:48:29
Failed: 0  Total Tests: 192  ((Passed: 187, Newly Passed: 1)  Known Failed: 5) /home/travis/build/icyphy/ptII/ptolemy/domains/de/test
07/11/19 04:48:29
Failed: 0  Total Tests: 192  ((Passed: 187, Newly Passed: 1)  Known Failed: 5) /home/travis/build/icyphy/ptII/ptolemy/domains/de/test
----------------- testing (KnownFailure) /home/travis/build/icyphy/ptII/ptolemy/domains/de/test/auto/knownFailedTests/DESDFClockTest.xml
2010 ms. Memory: 51200K Free: 25875K (51%)
Known Failure: java.lang.reflect.InvocationTargetException
----------------- testing (KnownFailure) /home/travis/build/icyphy/ptII/ptolemy/domains/de/test/auto/knownFailedTests/DirectFeedback.xml
2 ms. Memory: 51200K Free: 22293K (44%)
Known Failure: java.lang.reflect.InvocationTargetException
----------------- testing (KnownFailure) /home/travis/build/icyphy/ptII/ptolemy/domains/de/test/auto/knownFailedTests/FSMSource.xml
12 ms. Memory: 51200K Free: 15125K (30%)
----------------- testing (KnownFailure) /home/travis/build/icyphy/ptII/ptolemy/domains/de/test/auto/knownFailedTests/HierarchicalModel.xml
3 ms. Memory: 51200K Free: 27329K (53%)
Known Failure: java.lang.reflect.InvocationTargetException
----------------- testing (KnownFailure) /home/travis/build/icyphy/ptII/ptolemy/domains/de/test/auto/knownFailedTests/dependencyLoop.xml
2 ms. Memory: 51200K Free: 12057K (24%)
Known Failure: java.lang.reflect.InvocationTargetException
----------------- testing (KnownFailure) /home/travis/build/icyphy/ptII/ptolemy/domains/de/test/auto/knownFailedTests/dependencyLoop2.xml
3 ms. Memory: 51200K Free: 24993K (49%)
Known Failure: java.lang.reflect.InvocationTargetException
No auto/linux-amd64/*.xml tests in /home/travis/build/icyphy/ptII/ptolemy/domains/de/test
AutoTests.java: About to close Vertx.
AutoTests.java: Vertx closed.

===========================================================================================
----------------- testing Thu Jul 11 04:48:31 UTC 2019 /home/travis/build/icyphy/ptII/ptolemy/domains/de/test/auto/ActorDepthCalculation_actorWithoutPorts.xml
----------------- Instantiating /home/travis/build/icyphy/ptII/ptolemy/domains/de/test/auto/ActorDepthCalculation_actorWithoutPorts.xml
1 ms. Memory: 51200K Free: 18466K (36%)
----------------- Invoking toplevel() on ptolemy.moml.MoMLSimpleApplication@e37b159
----------------- Done invoking toplevel() on ptolemy.moml.MoMLSimpleApplication@e37b159
reloadAllAccessors: .ActorDepthCalculation_actorWithoutPorts

===========================================================================================
----------------- testing Thu Jul 11 04:48:31 UTC 2019 /home/travis/build/icyphy/ptII/ptolemy/domains/de/test/auto/AssemblyLine.xml
----------------- Instantiating /home/travis/build/icyphy/ptII/ptolemy/domains/de/test/auto/AssemblyLine.xml
3 ms. Memory: 51200K Free: 11276K (22%)
----------------- Invoking toplevel() on ptolemy.moml.MoMLSimpleApplication@22fecca0
----------------- Done invoking toplevel() on ptolemy.moml.MoMLSimpleApplication@22fecca0
reloadAllAccessors: .AssemblyLine

===========================================================================================
----------------- testing Thu Jul 11 04:48:31 UTC 2019 /home/travis/build/icyphy/ptII/ptolemy/domains/de/test/auto/CQBug1.xml
----------------- Instantiating /home/travis/build/icyphy/ptII/ptolemy/domains/de/test/auto/CQBug1.xml
0 ms. Memory: 51200K Free: 8512K (17%)
----------------- Invoking toplevel() on ptolemy.moml.MoMLSimpleApplication@75e03706
----------------- Done invoking toplevel() on ptolemy.moml.MoMLSimpleApplication@75e03706
reloadAllAccessors: .CQBug1

===========================================================================================
----------------- testing Thu Jul 11 04:48:31 UTC 2019 /home/travis/build/icyphy/ptII/ptolemy/domains/de/test/auto/CancelFireAt.xml
----------------- Instantiating /home/travis/build/icyphy/ptII/ptolemy/domains/de/test/auto/CancelFireAt.xml
2 ms. Memory: 51200K Free: 34071K (67%)
----------------- Invoking toplevel() on ptolemy.moml.MoMLSimpleApplication@17ff6c1d
----------------- Done invoking toplevel() on ptolemy.moml.MoMLSimpleApplication@17ff6c1d
reloadAllAccessors: .CancelFireAt

===========================================================================================
----------------- testing Thu Jul 11 04:48:31 UTC 2019 /home/travis/build/icyphy/ptII/ptolemy/domains/de/test/auto/CausalityAndComposabilityAnalysis.xml
----------------- Instantiating /home/travis/build/icyphy/ptII/ptolemy/domains/de/test/auto/CausalityAndComposabilityAnalysis.xml
2 ms. Memory: 51200K Free: 29650K (58%)
----------------- Invoking toplevel() on ptolemy.moml.MoMLSimpleApplication@49b72fd3
----------------- Done invoking toplevel() on ptolemy.moml.MoMLSimpleApplication@49b72fd3
reloadAllAccessors: .CausalityAndComposabilityAnalysis

===========================================================================================
----------------- testing Thu Jul 11 04:48:31 UTC 2019 /home/travis/build/icyphy/ptII/ptolemy/domains/de/test/auto/CausalityInterface1.xml
----------------- Instantiating /home/travis/build/icyphy/ptII/ptolemy/domains/de/test/auto/CausalityInterface1.xml
4 ms. Memory: 51200K Free: 24610K (48%)
----------------- Invoking toplevel() on ptolemy.moml.MoMLSimpleApplication@36f5d13a
----------------- Done invoking toplevel() on ptolemy.moml.MoMLSimpleApplication@36f5d13a
reloadAllAccessors: .CausalityInterface1

===========================================================================================
----------------- testing Thu Jul 11 04:48:31 UTC 2019 /home/travis/build/icyphy/ptII/ptolemy/domains/de/test/auto/CausalityInterface15.xml
----------------- Instantiating /home/travis/build/icyphy/ptII/ptolemy/domains/de/test/auto/CausalityInterface15.xml
2 ms. Memory: 51200K Free: 19165K (37%)
----------------- Invoking toplevel() on ptolemy.moml.MoMLSimpleApplication@72b8cd13
----------------- Done invoking toplevel() on ptolemy.moml.MoMLSimpleApplication@72b8cd13
reloadAllAccessors: .CausalityInterface15

===========================================================================================
----------------- testing Thu Jul 11 04:48:31 UTC 2019 /home/travis/build/icyphy/ptII/ptolemy/domains/de/test/auto/CausalityInterface2.xml
----------------- Instantiating /home/travis/build/icyphy/ptII/ptolemy/domains/de/test/auto/CausalityInterface2.xml
2 ms. Memory: 51200K Free: 14623K (29%)
[...]
	at ptolemy.actor.Manager.run(Manager.java:1263)
	at ptolemy.actor.Manager$PtolemyRunThread.run(Manager.java:1915)
java.lang.RuntimeException: Execution failed
	at ptolemy.moml.MoMLSimpleApplication$UnloadThread.run(MoMLSimpleApplication.java:402)
Caused by: ptolemy.kernel.util.IllegalActionException: Actor is not ready to fire.  Perhaps UpSample.prefire() returned false? Try debugging the actor by selecting "Listen to Actor".  Also, for SDF check moml for tokenConsumptionRate on input.
  in .DESDFClockTest.Play Bell.Copy1:SDF Director and .DESDFClockTest.Play Bell.UpSample
	at ptolemy.actor.sched.StaticSchedulingDirector.fire(StaticSchedulingDirector.java:227)
	at ptolemy.domains.sdf.kernel.SDFDirector.fire(SDFDirector.java:500)
	at ptolemy.actor.CompositeActor.fire(CompositeActor.java:455)
	at ptolemy.domains.de.kernel.DEDirector._fire(DEDirector.java:1949)
	at ptolemy.domains.de.kernel.DEDirector.fire(DEDirector.java:502)
	at ptolemy.actor.CompositeActor.fire(CompositeActor.java:455)
	at ptolemy.actor.Manager.iterate(Manager.java:851)
	at ptolemy.actor.Manager.execute(Manager.java:369)
	at ptolemy.actor.Manager.run(Manager.java:1263)
	at ptolemy.actor.Manager$PtolemyRunThread.run(Manager.java:1915)
java.lang.reflect.InvocationTargetException
	at java.base/jdk.internal.reflect.NativeConstructorAccessorImpl.newInstance0(Native Method)
	at java.base/jdk.internal.reflect.NativeConstructorAccessorImpl.newInstance(NativeConstructorAccessorImpl.java:62)
	at java.base/jdk.internal.reflect.DelegatingConstructorAccessorImpl.newInstance(DelegatingConstructorAccessorImpl.java:45)
	at java.base/java.lang.reflect.Constructor.newInstance(Constructor.java:488)
	at ptolemy.util.test.junit.AutoKnownFailedTests.RunModel(AutoKnownFailedTests.java:105)
	at java.base/jdk.internal.reflect.NativeMethodAccessorImpl.invoke0(Native Method)
	at java.base/jdk.internal.reflect.NativeMethodAccessorImpl.invoke(NativeMethodAccessorImpl.java:62)
	at java.base/jdk.internal.reflect.DelegatingMethodAccessorImpl.invoke(DelegatingMethodAccessorImpl.java:43)
	at java.base/java.lang.reflect.Method.invoke(Method.java:564)
	at org.junit.runners.model.FrameworkMethod$1.runReflectiveCall(FrameworkMethod.java:44)
	at org.junit.internal.runners.model.ReflectiveCallable.run(ReflectiveCallable.java:15)
	at org.junit.runners.model.FrameworkMethod.invokeExplosively(FrameworkMethod.java:41)
	at junitparams.internal.InvokeParameterisedMethod.evaluate(InvokeParameterisedMethod.java:102)
	at org.junit.internal.runners.statements.FailOnTimeout$1.run(FailOnTimeout.java:28)
Caused by: ptolemy.kernel.util.IllegalActionException: Actor is not ready to fire.  Perhaps UpSample.prefire() returned false? Try debugging the actor by selecting "Listen to Actor".  Also, for SDF check moml for tokenConsumptionRate on input.
  in .DESDFClockTest.Play Bell.Copy1:SDF Director and .DESDFClockTest.Play Bell.UpSample
	at ptolemy.actor.sched.StaticSchedulingDirector.fire(StaticSchedulingDirector.java:227)
	at ptolemy.domains.sdf.kernel.SDFDirector.fire(SDFDirector.java:500)
	at ptolemy.actor.CompositeActor.fire(CompositeActor.java:455)
	at ptolemy.domains.de.kernel.DEDirector._fire(DEDirector.java:1949)
	at ptolemy.domains.de.kernel.DEDirector.fire(DEDirector.java:502)
	at ptolemy.actor.CompositeActor.fire(CompositeActor.java:455)
	at ptolemy.actor.Manager.iterate(Manager.java:851)
	at ptolemy.actor.Manager.execute(Manager.java:369)
	at ptolemy.actor.Manager.run(Manager.java:1263)
	at ptolemy.actor.Manager$PtolemyRunThread.run(Manager.java:1915)
java.lang.RuntimeException: Execution failed
	at ptolemy.moml.MoMLSimpleApplication$UnloadThread.run(MoMLSimpleApplication.java:402)
Caused by: ptolemy.kernel.util.IllegalActionException: Test fails in iteration 1.
Value was: 1.0. Should have been: 2.0
  in .DirectFeedback.Test
	at ptolemy.actor.lib.Test.fire(Test.java:268)
	at ptolemy.domains.de.kernel.DEDirector._fire(DEDirector.java:1949)
	at ptolemy.domains.de.kernel.DEDirector.fire(DEDirector.java:502)
	at ptolemy.actor.CompositeActor.fire(CompositeActor.java:455)
	at ptolemy.actor.Manager.iterate(Manager.java:851)
	at ptolemy.actor.Manager.execute(Manager.java:369)
	at ptolemy.actor.Manager.run(Manager.java:1263)
	at ptolemy.actor.Manager$PtolemyRunThread.run(Manager.java:1915)
java.lang.reflect.InvocationTargetException
	at java.base/jdk.internal.reflect.NativeConstructorAccessorImpl.newInstance0(Native Method)
	at java.base/jdk.internal.reflect.NativeConstructorAccessorImpl.newInstance(NativeConstructorAccessorImpl.java:62)
	at java.base/jdk.internal.reflect.DelegatingConstructorAccessorImpl.newInstance(DelegatingConstructorAccessorImpl.java:45)
	at java.base/java.lang.reflect.Constructor.newInstance(Constructor.java:488)
	at ptolemy.util.test.junit.AutoKnownFailedTests.RunModel(AutoKnownFailedTests.java:105)
	at java.base/jdk.internal.reflect.NativeMethodAccessorImpl.invoke0(Native Method)
	at java.base/jdk.internal.reflect.NativeMethodAccessorImpl.invoke(NativeMethodAccessorImpl.java:62)
	at java.base/jdk.internal.reflect.DelegatingMethodAccessorImpl.invoke(DelegatingMethodAccessorImpl.java:43)
	at java.base/java.lang.reflect.Method.invoke(Method.java:564)
	at org.junit.runners.model.FrameworkMethod$1.runReflectiveCall(FrameworkMethod.java:44)
	at org.junit.internal.runners.model.ReflectiveCallable.run(ReflectiveCallable.java:15)
	at org.junit.runners.model.FrameworkMethod.invokeExplosively(FrameworkMethod.java:41)
	at junitparams.internal.InvokeParameterisedMethod.evaluate(InvokeParameterisedMethod.java:102)
	at org.junit.internal.runners.statements.FailOnTimeout$1.run(FailOnTimeout.java:28)
Caused by: ptolemy.kernel.util.IllegalActionException: Test fails in iteration 1.
Value was: 1.0. Should have been: 2.0
  in .DirectFeedback.Test
	at ptolemy.actor.lib.Test.fire(Test.java:268)
	at ptolemy.domains.de.kernel.DEDirector._fire(DEDirector.java:1949)
	at ptolemy.domains.de.kernel.DEDirector.fire(DEDirector.java:502)
	at ptolemy.actor.CompositeActor.fire(CompositeActor.java:455)
	at ptolemy.actor.Manager.iterate(Manager.java:851)
	at ptolemy.actor.Manager.execute(Manager.java:369)
	at ptolemy.actor.Manager.run(Manager.java:1263)
	at ptolemy.actor.Manager$PtolemyRunThread.run(Manager.java:1915)
java.lang.RuntimeException: Execution failed
	at ptolemy.moml.MoMLSimpleApplication$UnloadThread.run(MoMLSimpleApplication.java:402)
Caused by: ptolemy.kernel.util.IllegalActionException: Found a zero delay loop containing .HierarchicalModel.A
  in .HierarchicalModel and .HierarchicalModel.A
	at ptolemy.actor.util.CausalityInterfaceForComposites._computeOutputPortDepth(CausalityInterfaceForComposites.java:759)
	at ptolemy.actor.util.CausalityInterfaceForComposites._computeInputDepth(CausalityInterfaceForComposites.java:696)
	at ptolemy.actor.util.CausalityInterfaceForComposites._computeOutputPortDepth(CausalityInterfaceForComposites.java:765)
	at ptolemy.actor.util.CausalityInterfaceForComposites._computeInputDepth(CausalityInterfaceForComposites.java:696)
	at ptolemy.actor.util.CausalityInterfaceForComposites._computeOutputPortDepth(CausalityInterfaceForComposites.java:765)
	at ptolemy.actor.util.CausalityInterfaceForComposites._computeInputDepth(CausalityInterfaceForComposites.java:696)
	at ptolemy.actor.util.CausalityInterfaceForComposites._computeActorDepth(CausalityInterfaceForComposites.java:532)
	at ptolemy.actor.util.CausalityInterfaceForComposites.checkForCycles(CausalityInterfaceForComposites.java:96)
	at ptolemy.domains.de.kernel.DEDirector.preinitialize(DEDirector.java:1338)
	at ptolemy.actor.CompositeActor.preinitialize(CompositeActor.java:1828)
	at ptolemy.actor.Manager.preinitializeAndResolveTypes(Manager.java:1040)
	at ptolemy.actor.Manager.initialize(Manager.java:710)
	at ptolemy.actor.Manager.execute(Manager.java:356)
	at ptolemy.actor.Manager.run(Manager.java:1263)
	at ptolemy.actor.Manager$PtolemyRunThread.run(Manager.java:1915)
java.lang.reflect.InvocationTargetException
	at java.base/jdk.internal.reflect.NativeConstructorAccessorImpl.newInstance0(Native Method)
	at java.base/jdk.internal.reflect.NativeConstructorAccessorImpl.newInstance(NativeConstructorAccessorImpl.java:62)
	at java.base/jdk.internal.reflect.DelegatingConstructorAccessorImpl.newInstance(DelegatingConstructorAccessorImpl.java:45)
	at java.base/java.lang.reflect.Constructor.newInstance(Constructor.java:488)
	at ptolemy.util.test.junit.AutoKnownFailedTests.RunModel(AutoKnownFailedTests.java:105)
	at java.base/jdk.internal.reflect.NativeMethodAccessorImpl.invoke0(Native Method)
	at java.base/jdk.internal.reflect.NativeMethodAccessorImpl.invoke(NativeMethodAccessorImpl.java:62)
	at java.base/jdk.internal.reflect.DelegatingMethodAccessorImpl.invoke(DelegatingMethodAccessorImpl.java:43)
	at java.base/java.lang.reflect.Method.invoke(Method.java:564)
	at org.junit.runners.model.FrameworkMethod$1.runReflectiveCall(FrameworkMethod.java:44)
	at org.junit.internal.runners.model.ReflectiveCallable.run(ReflectiveCallable.java:15)
	at org.junit.runners.model.FrameworkMethod.invokeExplosively(FrameworkMethod.java:41)
	at junitparams.internal.InvokeParameterisedMethod.evaluate(InvokeParameterisedMethod.java:102)
	at org.junit.internal.runners.statements.FailOnTimeout$1.run(FailOnTimeout.java:28)
Caused by: ptolemy.kernel.util.IllegalActionException: Found a zero delay loop containing .HierarchicalModel.A
  in .HierarchicalModel and .HierarchicalModel.A
	at ptolemy.actor.util.CausalityInterfaceForComposites._computeOutputPortDepth(CausalityInterfaceForComposites.java:759)
	at ptolemy.actor.util.CausalityInterfaceForComposites._computeInputDepth(CausalityInterfaceForComposites.java:696)
	at ptolemy.actor.util.CausalityInterfaceForComposites._computeOutputPortDepth(CausalityInterfaceForComposites.java:765)
	at ptolemy.actor.util.CausalityInterfaceForComposites._computeInputDepth(CausalityInterfaceForComposites.java:696)
	at ptolemy.actor.util.CausalityInterfaceForComposites._computeOutputPortDepth(CausalityInterfaceForComposites.java:765)
	at ptolemy.actor.util.CausalityInterfaceForComposites._computeInputDepth(CausalityInterfaceForComposites.java:696)
	at ptolemy.actor.util.CausalityInterfaceForComposites._computeActorDepth(CausalityInterfaceForComposites.java:532)
	at ptolemy.actor.util.CausalityInterfaceForComposites.checkForCycles(CausalityInterfaceForComposites.java:96)
	at ptolemy.domains.de.kernel.DEDirector.preinitialize(DEDirector.java:1338)
	at ptolemy.actor.CompositeActor.preinitialize(CompositeActor.java:1828)
	at ptolemy.actor.Manager.preinitializeAndResolveTypes(Manager.java:1040)
	at ptolemy.actor.Manager.initialize(Manager.java:710)
	at ptolemy.actor.Manager.execute(Manager.java:356)
	at ptolemy.actor.Manager.run(Manager.java:1263)
	at ptolemy.actor.Manager$PtolemyRunThread.run(Manager.java:1915)
java.lang.RuntimeException: Execution failed
	at ptolemy.moml.MoMLSimpleApplication$UnloadThread.run(MoMLSimpleApplication.java:402)
Caused by: ptolemy.kernel.util.IllegalActionException: Found a zero delay loop containing .dependencyLoop.original
  in .dependencyLoop and .dependencyLoop.original
	at ptolemy.actor.util.CausalityInterfaceForComposites._computeOutputPortDepth(CausalityInterfaceForComposites.java:759)
	at ptolemy.actor.util.CausalityInterfaceForComposites._computeInputDepth(CausalityInterfaceForComposites.java:696)
	at ptolemy.actor.util.CausalityInterfaceForComposites._computeOutputPortDepth(CausalityInterfaceForComposites.java:765)
	at ptolemy.actor.util.CausalityInterfaceForComposites._computeInputDepth(CausalityInterfaceForComposites.java:696)
	at ptolemy.actor.util.CausalityInterfaceForComposites._computeOutputPortDepth(CausalityInterfaceForComposites.java:765)
	at ptolemy.actor.util.CausalityInterfaceForComposites._computeInputDepth(CausalityInterfaceForComposites.java:696)
	at ptolemy.actor.util.CausalityInterfaceForComposites._computeActorDepth(CausalityInterfaceForComposites.java:532)
	at ptolemy.actor.util.CausalityInterfaceForComposites.checkForCycles(CausalityInterfaceForComposites.java:96)
	at ptolemy.domains.de.kernel.DEDirector.preinitialize(DEDirector.java:1338)
	at ptolemy.actor.CompositeActor.preinitialize(CompositeActor.java:1828)
	at ptolemy.actor.Manager.preinitializeAndResolveTypes(Manager.java:1040)
	at ptolemy.actor.Manager.initialize(Manager.java:710)
	at ptolemy.actor.Manager.execute(Manager.java:356)
	at ptolemy.actor.Manager.run(Manager.java:1263)
	at ptolemy.actor.Manager$PtolemyRunThread.run(Manager.java:1915)
java.lang.reflect.InvocationTargetException
	at java.base/jdk.internal.reflect.NativeConstructorAccessorImpl.newInstance0(Native Method)
	at java.base/jdk.internal.reflect.NativeConstructorAccessorImpl.newInstance(NativeConstructorAccessorImpl.java:62)
	at java.base/jdk.internal.reflect.DelegatingConstructorAccessorImpl.newInstance(DelegatingConstructorAccessorImpl.java:45)
	at java.base/java.lang.reflect.Constructor.newInstance(Constructor.java:488)
	at ptolemy.util.test.junit.AutoKnownFailedTests.RunModel(AutoKnownFailedTests.java:105)
	at java.base/jdk.internal.reflect.NativeMethodAccessorImpl.invoke0(Native Method)
	at java.base/jdk.internal.reflect.NativeMethodAccessorImpl.invoke(NativeMethodAccessorImpl.java:62)
	at java.base/jdk.internal.reflect.DelegatingMethodAccessorImpl.invoke(DelegatingMethodAccessorImpl.java:43)
	at java.base/java.lang.reflect.Method.invoke(Method.java:564)
	at org.junit.runners.model.FrameworkMethod$1.runReflectiveCall(FrameworkMethod.java:44)
	at org.junit.internal.runners.model.ReflectiveCallable.run(ReflectiveCallable.java:15)
	at org.junit.runners.model.FrameworkMethod.invokeExplosively(FrameworkMethod.java:41)
	at junitparams.internal.InvokeParameterisedMethod.evaluate(InvokeParameterisedMethod.java:102)
	at org.junit.internal.runners.statements.FailOnTimeout$1.run(FailOnTimeout.java:28)
Caused by: ptolemy.kernel.util.IllegalActionException: Found a zero delay loop containing .dependencyLoop.original
  in .dependencyLoop and .dependencyLoop.original
	at ptolemy.actor.util.CausalityInterfaceForComposites._computeOutputPortDepth(CausalityInterfaceForComposites.java:759)
	at ptolemy.actor.util.CausalityInterfaceForComposites._computeInputDepth(CausalityInterfaceForComposites.java:696)
	at ptolemy.actor.util.CausalityInterfaceForComposites._computeOutputPortDepth(CausalityInterfaceForComposites.java:765)
	at ptolemy.actor.util.CausalityInterfaceForComposites._computeInputDepth(CausalityInterfaceForComposites.java:696)
	at ptolemy.actor.util.CausalityInterfaceForComposites._computeOutputPortDepth(CausalityInterfaceForComposites.java:765)
	at ptolemy.actor.util.CausalityInterfaceForComposites._computeInputDepth(CausalityInterfaceForComposites.java:696)
	at ptolemy.actor.util.CausalityInterfaceForComposites._computeActorDepth(CausalityInterfaceForComposites.java:532)
	at ptolemy.actor.util.CausalityInterfaceForComposites.checkForCycles(CausalityInterfaceForComposites.java:96)
	at ptolemy.domains.de.kernel.DEDirector.preinitialize(DEDirector.java:1338)
	at ptolemy.actor.CompositeActor.preinitialize(CompositeActor.java:1828)
	at ptolemy.actor.Manager.preinitializeAndResolveTypes(Manager.java:1040)
	at ptolemy.actor.Manager.initialize(Manager.java:710)
	at ptolemy.actor.Manager.execute(Manager.java:356)
	at ptolemy.actor.Manager.run(Manager.java:1263)
	at ptolemy.actor.Manager$PtolemyRunThread.run(Manager.java:1915)
java.lang.RuntimeException: Execution failed
	at ptolemy.moml.MoMLSimpleApplication$UnloadThread.run(MoMLSimpleApplication.java:402)
Caused by: ptolemy.kernel.util.IllegalActionException: Found a zero delay loop containing .dependencyLoop2.original
  in .dependencyLoop2 and .dependencyLoop2.original
	at ptolemy.actor.util.CausalityInterfaceForComposites._computeOutputPortDepth(CausalityInterfaceForComposites.java:759)
	at ptolemy.actor.util.CausalityInterfaceForComposites._computeInputDepth(CausalityInterfaceForComposites.java:696)
	at ptolemy.actor.util.CausalityInterfaceForComposites._computeOutputPortDepth(CausalityInterfaceForComposites.java:765)
	at ptolemy.actor.util.CausalityInterfaceForComposites._computeInputDepth(CausalityInterfaceForComposites.java:696)
	at ptolemy.actor.util.CausalityInterfaceForComposites._computeOutputPortDepth(CausalityInterfaceForComposites.java:765)
	at ptolemy.actor.util.CausalityInterfaceForComposites._computeInputDepth(CausalityInterfaceForComposites.java:696)
	at ptolemy.actor.util.CausalityInterfaceForComposites._computeActorDepth(CausalityInterfaceForComposites.java:532)
	at ptolemy.actor.util.CausalityInterfaceForComposites.checkForCycles(CausalityInterfaceForComposites.java:96)
	at ptolemy.domains.de.kernel.DEDirector.preinitialize(DEDirector.java:1338)
	at ptolemy.actor.CompositeActor.preinitialize(CompositeActor.java:1828)
	at ptolemy.actor.Manager.preinitializeAndResolveTypes(Manager.java:1040)
	at ptolemy.actor.Manager.initialize(Manager.java:710)
	at ptolemy.actor.Manager.execute(Manager.java:356)
	at ptolemy.actor.Manager.run(Manager.java:1263)
	at ptolemy.actor.Manager$PtolemyRunThread.run(Manager.java:1915)
java.lang.reflect.InvocationTargetException
	at java.base/jdk.internal.reflect.NativeConstructorAccessorImpl.newInstance0(Native Method)
	at java.base/jdk.internal.reflect.NativeConstructorAccessorImpl.newInstance(NativeConstructorAccessorImpl.java:62)
	at java.base/jdk.internal.reflect.DelegatingConstructorAccessorImpl.newInstance(DelegatingConstructorAccessorImpl.java:45)
	at java.base/java.lang.reflect.Constructor.newInstance(Constructor.java:488)
	at ptolemy.util.test.junit.AutoKnownFailedTests.RunModel(AutoKnownFailedTests.java:105)
	at java.base/jdk.internal.reflect.NativeMethodAccessorImpl.invoke0(Native Method)
	at java.base/jdk.internal.reflect.NativeMethodAccessorImpl.invoke(NativeMethodAccessorImpl.java:62)
	at java.base/jdk.internal.reflect.DelegatingMethodAccessorImpl.invoke(DelegatingMethodAccessorImpl.java:43)
	at java.base/java.lang.reflect.Method.invoke(Method.java:564)
	at org.junit.runners.model.FrameworkMethod$1.runReflectiveCall(FrameworkMethod.java:44)
	at org.junit.internal.runners.model.ReflectiveCallable.run(ReflectiveCallable.java:15)
	at org.junit.runners.model.FrameworkMethod.invokeExplosively(FrameworkMethod.java:41)
	at junitparams.internal.InvokeParameterisedMethod.evaluate(InvokeParameterisedMethod.java:102)
	at org.junit.internal.runners.statements.FailOnTimeout$1.run(FailOnTimeout.java:28)
Caused by: ptolemy.kernel.util.IllegalActionException: Found a zero delay loop containing .dependencyLoop2.original
  in .dependencyLoop2 and .dependencyLoop2.original
	at ptolemy.actor.util.CausalityInterfaceForComposites._computeOutputPortDepth(CausalityInterfaceForComposites.java:759)
	at ptolemy.actor.util.CausalityInterfaceForComposites._computeInputDepth(CausalityInterfaceForComposites.java:696)
	at ptolemy.actor.util.CausalityInterfaceForComposites._computeOutputPortDepth(CausalityInterfaceForComposites.java:765)
	at ptolemy.actor.util.CausalityInterfaceForComposites._computeInputDepth(CausalityInterfaceForComposites.java:696)
	at ptolemy.actor.util.CausalityInterfaceForComposites._computeOutputPortDepth(CausalityInterfaceForComposites.java:765)
	at ptolemy.actor.util.CausalityInterfaceForComposites._computeInputDepth(CausalityInterfaceForComposites.java:696)
	at ptolemy.actor.util.CausalityInterfaceForComposites._computeActorDepth(CausalityInterfaceForComposites.java:532)
	at ptolemy.actor.util.CausalityInterfaceForComposites.checkForCycles(CausalityInterfaceForComposites.java:96)
	at ptolemy.domains.de.kernel.DEDirector.preinitialize(DEDirector.java:1338)
	at ptolemy.actor.CompositeActor.preinitialize(CompositeActor.java:1828)
	at ptolemy.actor.Manager.preinitializeAndResolveTypes(Manager.java:1040)
	at ptolemy.actor.Manager.initialize(Manager.java:710)
	at ptolemy.actor.Manager.execute(Manager.java:356)
	at ptolemy.actor.Manager.run(Manager.java:1263)
	at ptolemy.actor.Manager$PtolemyRunThread.run(Manager.java:1915)
]]></system-err>
</testsuite>
