<?xml version="1.0" encoding="UTF-8" ?>
<testsuite errors="0" failures="0" hostname="travis-job-5cf9333b-9b35-4c4e-b844-8064ea76b146" name="ptolemy.domains.continuous.test.junit.JUnitTclTest" skipped="0" tests="156" time="71.949" timestamp="2020-01-18T06:42:37">
  <properties>
[...]
</properties>
  <testcase classname="ptolemy.util.test.junit.TclTests" name="[0] ThereAreNoTclTests (RunTclFile)" time="0.008" />
  <testcase classname="ptolemy.util.test.junit.AutoKnownFailedTests" name="[0] ThereAreNoKnowFailedTests (RunModel)" time="0.012" />
  <testcase classname="ptolemy.util.test.junit.AutoNameArchTests" name="[0] ThereAreNoAutoArchTests (RunModel)" time="0.023" />
  <testcase classname="ptolemy.util.test.junit.AutoTests" name="[0] /home/travis/build/icyphy/ptII/ptolemy/domains/continuous/test/auto/BouncingBall.xml (RunModel)" time="2.913" />
  <testcase classname="ptolemy.util.test.junit.AutoTests" name="[1] /home/travis/build/icyphy/ptII/ptolemy/domains/continuous/test/auto/BouncingBallWithoutGR.xml (RunModel)" time="0.844" />
  <testcase classname="ptolemy.util.test.junit.AutoTests" name="[2] /home/travis/build/icyphy/ptII/ptolemy/domains/continuous/test/auto/Brownian.xml (RunModel)" time="0.08" />
  <testcase classname="ptolemy.util.test.junit.AutoTests" name="[3] /home/travis/build/icyphy/ptII/ptolemy/domains/continuous/test/auto/CarTracking.xml (RunModel)" time="4.207" />
  <testcase classname="ptolemy.util.test.junit.AutoTests" name="[4] /home/travis/build/icyphy/ptII/ptolemy/domains/continuous/test/auto/CartPendulum.xml (RunModel)" time="0.564" />
  <testcase classname="ptolemy.util.test.junit.AutoTests" name="[5] /home/travis/build/icyphy/ptII/ptolemy/domains/continuous/test/auto/CausalityInterface10.xml (RunModel)" time="0.04" />
  <testcase classname="ptolemy.util.test.junit.AutoTests" name="[6] /home/travis/build/icyphy/ptII/ptolemy/domains/continuous/test/auto/CausalityInterface11.xml (RunModel)" time="0.032" />
  <testcase classname="ptolemy.util.test.junit.AutoTests" name="[7] /home/travis/build/icyphy/ptII/ptolemy/domains/continuous/test/auto/CausalityInterface12.xml (RunModel)" time="0.041" />
  <testcase classname="ptolemy.util.test.junit.AutoTests" name="[8] /home/travis/build/icyphy/ptII/ptolemy/domains/continuous/test/auto/CausalityInterface13.xml (RunModel)" time="0.033" />
  <testcase classname="ptolemy.util.test.junit.AutoTests" name="[9] /home/travis/build/icyphy/ptII/ptolemy/domains/continuous/test/auto/CausalityInterface14.xml (RunModel)" time="0.044" />
  <testcase classname="ptolemy.util.test.junit.AutoTests" name="[10] /home/travis/build/icyphy/ptII/ptolemy/domains/continuous/test/auto/CausalityInterface4.xml (RunModel)" time="0.027" />
  <testcase classname="ptolemy.util.test.junit.AutoTests" name="[11] /home/travis/build/icyphy/ptII/ptolemy/domains/continuous/test/auto/CausalityInterface5.xml (RunModel)" time="0.041" />
  <testcase classname="ptolemy.util.test.junit.AutoTests" name="[12] /home/travis/build/icyphy/ptII/ptolemy/domains/continuous/test/auto/CausalityInterface6.xml (RunModel)" time="0.025" />
  <testcase classname="ptolemy.util.test.junit.AutoTests" name="[13] /home/travis/build/icyphy/ptII/ptolemy/domains/continuous/test/auto/CausalityInterface7.xml (RunModel)" time="0.033" />
  <testcase classname="ptolemy.util.test.junit.AutoTests" name="[14] /home/travis/build/icyphy/ptII/ptolemy/domains/continuous/test/auto/CausalityInterface8.xml (RunModel)" time="0.042" />
  <testcase classname="ptolemy.util.test.junit.AutoTests" name="[15] /home/travis/build/icyphy/ptII/ptolemy/domains/continuous/test/auto/CausalityInterface9.xml (RunModel)" time="0.04" />
  <testcase classname="ptolemy.util.test.junit.AutoTests" name="[16] /home/travis/build/icyphy/ptII/ptolemy/domains/continuous/test/auto/CausalityInterfaceFeedback1.xml (RunModel)" time="0.024" />
  <testcase classname="ptolemy.util.test.junit.AutoTests" name="[17] /home/travis/build/icyphy/ptII/ptolemy/domains/continuous/test/auto/CausalityInterfaceFeedback2.xml (RunModel)" time="0.029" />
  <testcase classname="ptolemy.util.test.junit.AutoTests" name="[18] /home/travis/build/icyphy/ptII/ptolemy/domains/continuous/test/auto/CompareWithCurrentTime.xml (RunModel)" time="0.016" />
  <testcase classname="ptolemy.util.test.junit.AutoTests" name="[19] /home/travis/build/icyphy/ptII/ptolemy/domains/continuous/test/auto/ComparedClocks.xml (RunModel)" time="0.074" />
  <testcase classname="ptolemy.util.test.junit.AutoTests" name="[20] /home/travis/build/icyphy/ptII/ptolemy/domains/continuous/test/auto/ContinuousAOCClone.xml (RunModel)" time="2.495" />
  <testcase classname="ptolemy.util.test.junit.AutoTests" name="[21] /home/travis/build/icyphy/ptII/ptolemy/domains/continuous/test/auto/ContinuousClock.xml (RunModel)" time="0.095" />
  <testcase classname="ptolemy.util.test.junit.AutoTests" name="[22] /home/travis/build/icyphy/ptII/ptolemy/domains/continuous/test/auto/ContinuousInContinuous.xml (RunModel)" time="0.079" />
  <testcase classname="ptolemy.util.test.junit.AutoTests" name="[23] /home/travis/build/icyphy/ptII/ptolemy/domains/continuous/test/auto/ContinuousInContinuousInContinuous.xml (RunModel)" time="0.021" />
  <testcase classname="ptolemy.util.test.junit.AutoTests" name="[24] /home/travis/build/icyphy/ptII/ptolemy/domains/continuous/test/auto/ContinuousInDE.xml (RunModel)" time="0.101" />
  <testcase classname="ptolemy.util.test.junit.AutoTests" name="[25] /home/travis/build/icyphy/ptII/ptolemy/domains/continuous/test/auto/ContinuousInDE2.xml (RunModel)" time="0.043" />
  <testcase classname="ptolemy.util.test.junit.AutoTests" name="[26] /home/travis/build/icyphy/ptII/ptolemy/domains/continuous/test/auto/ContinuousInDE3.xml (RunModel)" time="0.052" />
  <testcase classname="ptolemy.util.test.junit.AutoTests" name="[27] /home/travis/build/icyphy/ptII/ptolemy/domains/continuous/test/auto/ContinuousInDE4.xml (RunModel)" time="0.038" />
  <testcase classname="ptolemy.util.test.junit.AutoTests" name="[28] /home/travis/build/icyphy/ptII/ptolemy/domains/continuous/test/auto/ContinuousInDEDifferentRefinements.xml (RunModel)" time="0.098" />
  <testcase classname="ptolemy.util.test.junit.AutoTests" name="[29] /home/travis/build/icyphy/ptII/ptolemy/domains/continuous/test/auto/ContinuousInDEDifferentRefinementsPreemptive.xml (RunModel)" time="0.078" />
  <testcase classname="ptolemy.util.test.junit.AutoTests" name="[30] /home/travis/build/icyphy/ptII/ptolemy/domains/continuous/test/auto/ContinuousInDEInContinuous2.xml (RunModel)" time="0.051" />
  <testcase classname="ptolemy.util.test.junit.AutoTests" name="[31] /home/travis/build/icyphy/ptII/ptolemy/domains/continuous/test/auto/ContinuousInDEInContinuous3.xml (RunModel)" time="0.056" />
  <testcase classname="ptolemy.util.test.junit.AutoTests" name="[32] /home/travis/build/icyphy/ptII/ptolemy/domains/continuous/test/auto/ContinuousInDEInput.xml (RunModel)" time="0.034" />
  <testcase classname="ptolemy.util.test.junit.AutoTests" name="[33] /home/travis/build/icyphy/ptII/ptolemy/domains/continuous/test/auto/ContinuousInDEInput2.xml (RunModel)" time="0.026" />
  <testcase classname="ptolemy.util.test.junit.AutoTests" name="[34] /home/travis/build/icyphy/ptII/ptolemy/domains/continuous/test/auto/ContinuousInDEInput3.xml (RunModel)" time="0.032" />
  <testcase classname="ptolemy.util.test.junit.AutoTests" name="[35] /home/travis/build/icyphy/ptII/ptolemy/domains/continuous/test/auto/ContinuousInDESharingRefinement.xml (RunModel)" time="0.162" />
  <testcase classname="ptolemy.util.test.junit.AutoTests" name="[36] /home/travis/build/icyphy/ptII/ptolemy/domains/continuous/test/auto/ContinuousInDEwithNoPorts.xml (RunModel)" time="0.016" />
  <testcase classname="ptolemy.util.test.junit.AutoTests" name="[37] /home/travis/build/icyphy/ptII/ptolemy/domains/continuous/test/auto/ContinuousInsideDE.xml (RunModel)" time="0.068" />
  <testcase classname="ptolemy.util.test.junit.AutoTests" name="[38] /home/travis/build/icyphy/ptII/ptolemy/domains/continuous/test/auto/ContinuousMerge1.xml (RunModel)" time="0.013" />
  <testcase classname="ptolemy.util.test.junit.AutoTests" name="[39] /home/travis/build/icyphy/ptII/ptolemy/domains/continuous/test/auto/ContinuousMerge2.xml (RunModel)" time="0.032" />
  <testcase classname="ptolemy.util.test.junit.AutoTests" name="[40] /home/travis/build/icyphy/ptII/ptolemy/domains/continuous/test/auto/ContinuousMerge3.xml (RunModel)" time="0.056" />
  <testcase classname="ptolemy.util.test.junit.AutoTests" name="[41] /home/travis/build/icyphy/ptII/ptolemy/domains/continuous/test/auto/ContinuousWithinContinuous.xml (RunModel)" time="0.049" />
  <testcase classname="ptolemy.util.test.junit.AutoTests" name="[42] /home/travis/build/icyphy/ptII/ptolemy/domains/continuous/test/auto/ContinuousWithinContinuous2.xml (RunModel)" time="0.063" />
  <testcase classname="ptolemy.util.test.junit.AutoTests" name="[43] /home/travis/build/icyphy/ptII/ptolemy/domains/continuous/test/auto/ContinuousWithinContinuous3.xml (RunModel)" time="0.023" />
  <testcase classname="ptolemy.util.test.junit.AutoTests" name="[44] /home/travis/build/icyphy/ptII/ptolemy/domains/continuous/test/auto/ContinuousWithinContinuous4.xml (RunModel)" time="0.075" />
  <testcase classname="ptolemy.util.test.junit.AutoTests" name="[45] /home/travis/build/icyphy/ptII/ptolemy/domains/continuous/test/auto/ContinuousWithinContinuous5.xml (RunModel)" time="0.041" />
  <testcase classname="ptolemy.util.test.junit.AutoTests" name="[46] /home/travis/build/icyphy/ptII/ptolemy/domains/continuous/test/auto/ContinuousWithinContinuous6.xml (RunModel)" time="0.032" />
  <testcase classname="ptolemy.util.test.junit.AutoTests" name="[47] /home/travis/build/icyphy/ptII/ptolemy/domains/continuous/test/auto/ContinuousWithinContinuous7.xml (RunModel)" time="0.076" />
  <testcase classname="ptolemy.util.test.junit.AutoTests" name="[48] /home/travis/build/icyphy/ptII/ptolemy/domains/continuous/test/auto/DCMotor.xml (RunModel)" time="14.16" />
  <testcase classname="ptolemy.util.test.junit.AutoTests" name="[49] /home/travis/build/icyphy/ptII/ptolemy/domains/continuous/test/auto/DEInContinuous.xml (RunModel)" time="0.038" />
  <testcase classname="ptolemy.util.test.junit.AutoTests" name="[50] /home/travis/build/icyphy/ptII/ptolemy/domains/continuous/test/auto/DEinContinuous2.xml (RunModel)" time="0.027" />
  <testcase classname="ptolemy.util.test.junit.AutoTests" name="[51] /home/travis/build/icyphy/ptII/ptolemy/domains/continuous/test/auto/Derivative.xml (RunModel)" time="0.202" />
  <testcase classname="ptolemy.util.test.junit.AutoTests" name="[52] /home/travis/build/icyphy/ptII/ptolemy/domains/continuous/test/auto/Derivative1.xml (RunModel)" time="0.057" />
  <testcase classname="ptolemy.util.test.junit.AutoTests" name="[53] /home/travis/build/icyphy/ptII/ptolemy/domains/continuous/test/auto/DiscreteClock.xml (RunModel)" time="0.017" />
  <testcase classname="ptolemy.util.test.junit.AutoTests" name="[54] /home/travis/build/icyphy/ptII/ptolemy/domains/continuous/test/auto/EfficiencyCurve.xml (RunModel)" time="0.076" />
  <testcase classname="ptolemy.util.test.junit.AutoTests" name="[55] /home/travis/build/icyphy/ptII/ptolemy/domains/continuous/test/auto/ExponentialResponse.xml (RunModel)" time="0.124" />
  <testcase classname="ptolemy.util.test.junit.AutoTests" name="[56] /home/travis/build/icyphy/ptII/ptolemy/domains/continuous/test/auto/ExponentialResponseRK45.xml (RunModel)" time="0.033" />
  <testcase classname="ptolemy.util.test.junit.AutoTests" name="[57] /home/travis/build/icyphy/ptII/ptolemy/domains/continuous/test/auto/Friction.xml (RunModel)" time="1.652" />
  <testcase classname="ptolemy.util.test.junit.AutoTests" name="[58] /home/travis/build/icyphy/ptII/ptolemy/domains/continuous/test/auto/FurutaPendulum.xml (RunModel)" time="3.106" />
  <testcase classname="ptolemy.util.test.junit.AutoTests" name="[59] /home/travis/build/icyphy/ptII/ptolemy/domains/continuous/test/auto/HierarchicalExecution.xml (RunModel)" time="2.206" />
  <testcase classname="ptolemy.util.test.junit.AutoTests" name="[60] /home/travis/build/icyphy/ptII/ptolemy/domains/continuous/test/auto/HybridPlant.xml (RunModel)" time="0.624" />
  <testcase classname="ptolemy.util.test.junit.AutoTests" name="[61] /home/travis/build/icyphy/ptII/ptolemy/domains/continuous/test/auto/Hysteresis.xml (RunModel)" time="0.19" />
  <testcase classname="ptolemy.util.test.junit.AutoTests" name="[62] /home/travis/build/icyphy/ptII/ptolemy/domains/continuous/test/auto/HysteresisWithRandomDelay.xml (RunModel)" time="0.237" />
  <testcase classname="ptolemy.util.test.junit.AutoTests" name="[63] /home/travis/build/icyphy/ptII/ptolemy/domains/continuous/test/auto/HysteresisWithRandomLosses.xml (RunModel)" time="2.414" />
  <testcase classname="ptolemy.util.test.junit.AutoTests" name="[64] /home/travis/build/icyphy/ptII/ptolemy/domains/continuous/test/auto/ImmediateTransitions.xml (RunModel)" time="0.031" />
  <testcase classname="ptolemy.util.test.junit.AutoTests" name="[65] /home/travis/build/icyphy/ptII/ptolemy/domains/continuous/test/auto/ImpulseFeedback.xml (RunModel)" time="0.016" />
  <testcase classname="ptolemy.util.test.junit.AutoTests" name="[66] /home/travis/build/icyphy/ptII/ptolemy/domains/continuous/test/auto/ImpulseFeedback2.xml (RunModel)" time="0.019" />
  <testcase classname="ptolemy.util.test.junit.AutoTests" name="[67] /home/travis/build/icyphy/ptII/ptolemy/domains/continuous/test/auto/IncreasingRatePoisson.xml (RunModel)" time="0.706" />
  <testcase classname="ptolemy.util.test.junit.AutoTests" name="[68] /home/travis/build/icyphy/ptII/ptolemy/domains/continuous/test/auto/InitialStateFeedback.xml (RunModel)" time="0.014" />
  <testcase classname="ptolemy.util.test.junit.AutoTests" name="[69] /home/travis/build/icyphy/ptII/ptolemy/domains/continuous/test/auto/Integration.xml (RunModel)" time="0.012" />
  <testcase classname="ptolemy.util.test.junit.AutoTests" name="[70] /home/travis/build/icyphy/ptII/ptolemy/domains/continuous/test/auto/Integration2.xml (RunModel)" time="0.077" />
  <testcase classname="ptolemy.util.test.junit.AutoTests" name="[71] /home/travis/build/icyphy/ptII/ptolemy/domains/continuous/test/auto/Integration3.xml (RunModel)" time="0.014" />
  <testcase classname="ptolemy.util.test.junit.AutoTests" name="[72] /home/travis/build/icyphy/ptII/ptolemy/domains/continuous/test/auto/Integration5.xml (RunModel)" time="0.013" />
  <testcase classname="ptolemy.util.test.junit.AutoTests" name="[73] /home/travis/build/icyphy/ptII/ptolemy/domains/continuous/test/auto/IntegratorImpulse.xml (RunModel)" time="0.009" />
  <testcase classname="ptolemy.util.test.junit.AutoTests" name="[74] /home/travis/build/icyphy/ptII/ptolemy/domains/continuous/test/auto/IntegratorImpulse2.xml (RunModel)" time="0.023" />
  <testcase classname="ptolemy.util.test.junit.AutoTests" name="[75] /home/travis/build/icyphy/ptII/ptolemy/domains/continuous/test/auto/LevelCrossing1.xml (RunModel)" time="0.011" />
  <testcase classname="ptolemy.util.test.junit.AutoTests" name="[76] /home/travis/build/icyphy/ptII/ptolemy/domains/continuous/test/auto/LevelCrossing2.xml (RunModel)" time="0.011" />
  <testcase classname="ptolemy.util.test.junit.AutoTests" name="[77] /home/travis/build/icyphy/ptII/ptolemy/domains/continuous/test/auto/LevelCrossing3.xml (RunModel)" time="0.009" />
  <testcase classname="ptolemy.util.test.junit.AutoTests" name="[78] /home/travis/build/icyphy/ptII/ptolemy/domains/continuous/test/auto/LevelCrossing4.xml (RunModel)" time="0.015" />
  <testcase classname="ptolemy.util.test.junit.AutoTests" name="[79] /home/travis/build/icyphy/ptII/ptolemy/domains/continuous/test/auto/LevelCrossing5.xml (RunModel)" time="0.013" />
  <testcase classname="ptolemy.util.test.junit.AutoTests" name="[80] /home/travis/build/icyphy/ptII/ptolemy/domains/continuous/test/auto/LevelCrossing6.xml (RunModel)" time="0.011" />
  <testcase classname="ptolemy.util.test.junit.AutoTests" name="[81] /home/travis/build/icyphy/ptII/ptolemy/domains/continuous/test/auto/LevelCrossingDetector.xml (RunModel)" time="0.033" />
  <testcase classname="ptolemy.util.test.junit.AutoTests" name="[82] /home/travis/build/icyphy/ptII/ptolemy/domains/continuous/test/auto/LevelCrossingDetectorDetectingDirections.xml (RunModel)" time="0.079" />
  <testcase classname="ptolemy.util.test.junit.AutoTests" name="[83] /home/travis/build/icyphy/ptII/ptolemy/domains/continuous/test/auto/LevelCrossingDetectorDetectsGlitches.xml (RunModel)" time="0.056" />
  <testcase classname="ptolemy.util.test.junit.AutoTests" name="[84] /home/travis/build/icyphy/ptII/ptolemy/domains/continuous/test/auto/LevelCrossingNoInitialOuput.xml (RunModel)" time="0.017" />
  <testcase classname="ptolemy.util.test.junit.AutoTests" name="[85] /home/travis/build/icyphy/ptII/ptolemy/domains/continuous/test/auto/LinearStateSpaceExample.xml (RunModel)" time="0.069" />
  <testcase classname="ptolemy.util.test.junit.AutoTests" name="[86] /home/travis/build/icyphy/ptII/ptolemy/domains/continuous/test/auto/Lorenz.xml (RunModel)" time="3.407" />
  <testcase classname="ptolemy.util.test.junit.AutoTests" name="[87] /home/travis/build/icyphy/ptII/ptolemy/domains/continuous/test/auto/LorenzDifferentialSystem.xml (RunModel)" time="1.028" />
  <testcase classname="ptolemy.util.test.junit.AutoTests" name="[88] /home/travis/build/icyphy/ptII/ptolemy/domains/continuous/test/auto/LorenzDifferentialSystemWithInput.xml (RunModel)" time="1.36" />
  <testcase classname="ptolemy.util.test.junit.AutoTests" name="[89] /home/travis/build/icyphy/ptII/ptolemy/domains/continuous/test/auto/LorenzDifferentialSystemWithTime.xml (RunModel)" time="0.629" />
  <testcase classname="ptolemy.util.test.junit.AutoTests" name="[90] /home/travis/build/icyphy/ptII/ptolemy/domains/continuous/test/auto/Microsteps.xml (RunModel)" time="0.023" />
  <testcase classname="ptolemy.util.test.junit.AutoTests" name="[91] /home/travis/build/icyphy/ptII/ptolemy/domains/continuous/test/auto/Modal1.xml (RunModel)" time="0.038" />
  <testcase classname="ptolemy.util.test.junit.AutoTests" name="[92] /home/travis/build/icyphy/ptII/ptolemy/domains/continuous/test/auto/Modal2.xml (RunModel)" time="0.044" />
  <testcase classname="ptolemy.util.test.junit.AutoTests" name="[93] /home/travis/build/icyphy/ptII/ptolemy/domains/continuous/test/auto/ModalTransitionGuardWithReset.xml (RunModel)" time="0.027" />
  <testcase classname="ptolemy.util.test.junit.AutoTests" name="[94] /home/travis/build/icyphy/ptII/ptolemy/domains/continuous/test/auto/ModalTransitionGuardWithResetUsingPreemptiveTransition.xml (RunModel)" time="0.032" />
  <testcase classname="ptolemy.util.test.junit.AutoTests" name="[95] /home/travis/build/icyphy/ptII/ptolemy/domains/continuous/test/auto/ModalTransitionGuardWithResetUsingPreemptiveTransition2.xml (RunModel)" time="0.023" />
  <testcase classname="ptolemy.util.test.junit.AutoTests" name="[96] /home/travis/build/icyphy/ptII/ptolemy/domains/continuous/test/auto/ModalTransitionGuardWithResetUsingPreemptiveTransition3.xml (RunModel)" time="0.033" />
  <testcase classname="ptolemy.util.test.junit.AutoTests" name="[97] /home/travis/build/icyphy/ptII/ptolemy/domains/continuous/test/auto/NewtonsCradle.xml (RunModel)" time="0.717" />
  <testcase classname="ptolemy.util.test.junit.AutoTests" name="[98] /home/travis/build/icyphy/ptII/ptolemy/domains/continuous/test/auto/NewtonsCradleAnimated.xml (RunModel)" time="1.261" />
  <testcase classname="ptolemy.util.test.junit.AutoTests" name="[99] /home/travis/build/icyphy/ptII/ptolemy/domains/continuous/test/auto/NewtonsCradleComplicated.xml (RunModel)" time="0.898" />
  <testcase classname="ptolemy.util.test.junit.AutoTests" name="[100] /home/travis/build/icyphy/ptII/ptolemy/domains/continuous/test/auto/NewtonsCradleNondeterministic.xml (RunModel)" time="0.616" />
  <testcase classname="ptolemy.util.test.junit.AutoTests" name="[101] /home/travis/build/icyphy/ptII/ptolemy/domains/continuous/test/auto/NewtonsCradlePerfectlyInelastic1.xml (RunModel)" time="1.12" />
  <testcase classname="ptolemy.util.test.junit.AutoTests" name="[102] /home/travis/build/icyphy/ptII/ptolemy/domains/continuous/test/auto/Noise.xml (RunModel)" time="0.193" />
  <testcase classname="ptolemy.util.test.junit.AutoTests" name="[103] /home/travis/build/icyphy/ptII/ptolemy/domains/continuous/test/auto/NoiseSpectrum.xml (RunModel)" time="0.653" />
  <testcase classname="ptolemy.util.test.junit.AutoTests" name="[104] /home/travis/build/icyphy/ptII/ptolemy/domains/continuous/test/auto/ParameterizedNewtonsCradleAnimated.xml (RunModel)" time="0.317" />
  <testcase classname="ptolemy.util.test.junit.AutoTests" name="[105] /home/travis/build/icyphy/ptII/ptolemy/domains/continuous/test/auto/ParameterizedNewtonsCradleAnimatedNondeterministic.xml (RunModel)" time="1.109" />
  <testcase classname="ptolemy.util.test.junit.AutoTests" name="[106] /home/travis/build/icyphy/ptII/ptolemy/domains/continuous/test/auto/Pendulum3D.xml (RunModel)" time="0.147" />
  <testcase classname="ptolemy.util.test.junit.AutoTests" name="[107] /home/travis/build/icyphy/ptII/ptolemy/domains/continuous/test/auto/PeriodicSampler.xml (RunModel)" time="0.008" />
  <testcase classname="ptolemy.util.test.junit.AutoTests" name="[108] /home/travis/build/icyphy/ptII/ptolemy/domains/continuous/test/auto/PeriodicSampler1.xml (RunModel)" time="0.034" />
  <testcase classname="ptolemy.util.test.junit.AutoTests" name="[109] /home/travis/build/icyphy/ptII/ptolemy/domains/continuous/test/auto/PeriodicSampler2.xml (RunModel)" time="0.07" />
  <testcase classname="ptolemy.util.test.junit.AutoTests" name="[110] /home/travis/build/icyphy/ptII/ptolemy/domains/continuous/test/auto/Poisson.xml (RunModel)" time="0.42" />
  <testcase classname="ptolemy.util.test.junit.AutoTests" name="[111] /home/travis/build/icyphy/ptII/ptolemy/domains/continuous/test/auto/PoissonClock.xml (RunModel)" time="0.012" />
  <testcase classname="ptolemy.util.test.junit.AutoTests" name="[112] /home/travis/build/icyphy/ptII/ptolemy/domains/continuous/test/auto/PoissonClock2.xml (RunModel)" time="0.009" />
  <testcase classname="ptolemy.util.test.junit.AutoTests" name="[113] /home/travis/build/icyphy/ptII/ptolemy/domains/continuous/test/auto/PortParameterHierarchy.xml (RunModel)" time="0.019" />
  <testcase classname="ptolemy.util.test.junit.AutoTests" name="[114] /home/travis/build/icyphy/ptII/ptolemy/domains/continuous/test/auto/RandomHybridPlant.xml (RunModel)" time="0.527" />
  <testcase classname="ptolemy.util.test.junit.AutoTests" name="[115] /home/travis/build/icyphy/ptII/ptolemy/domains/continuous/test/auto/ResetTransitionWithStartTime1.xml (RunModel)" time="0.03" />
  <testcase classname="ptolemy.util.test.junit.AutoTests" name="[116] /home/travis/build/icyphy/ptII/ptolemy/domains/continuous/test/auto/ResetTransitionWithStartTime2.xml (RunModel)" time="0.033" />
  <testcase classname="ptolemy.util.test.junit.AutoTests" name="[117] /home/travis/build/icyphy/ptII/ptolemy/domains/continuous/test/auto/ResetTransitionWithStartTime3.xml (RunModel)" time="0.031" />
  <testcase classname="ptolemy.util.test.junit.AutoTests" name="[118] /home/travis/build/icyphy/ptII/ptolemy/domains/continuous/test/auto/ResetTransitionWithStartTime4.xml (RunModel)" time="0.028" />
  <testcase classname="ptolemy.util.test.junit.AutoTests" name="[119] /home/travis/build/icyphy/ptII/ptolemy/domains/continuous/test/auto/ResetTransitionWithStartTime5.xml (RunModel)" time="0.029" />
  <testcase classname="ptolemy.util.test.junit.AutoTests" name="[120] /home/travis/build/icyphy/ptII/ptolemy/domains/continuous/test/auto/ResetTransitionWithStartTime6.xml (RunModel)" time="0.02" />
  <testcase classname="ptolemy.util.test.junit.AutoTests" name="[121] /home/travis/build/icyphy/ptII/ptolemy/domains/continuous/test/auto/SRinContinuous.xml (RunModel)" time="0.022" />
  <testcase classname="ptolemy.util.test.junit.AutoTests" name="[122] /home/travis/build/icyphy/ptII/ptolemy/domains/continuous/test/auto/SampledClocks.xml (RunModel)" time="0.03" />
  <testcase classname="ptolemy.util.test.junit.AutoTests" name="[123] /home/travis/build/icyphy/ptII/ptolemy/domains/continuous/test/auto/Satellite.xml (RunModel)" time="0.759" />
  <testcase classname="ptolemy.util.test.junit.AutoTests" name="[124] /home/travis/build/icyphy/ptII/ptolemy/domains/continuous/test/auto/SigmaDelta.xml (RunModel)" time="2.039" />
  <testcase classname="ptolemy.util.test.junit.AutoTests" name="[125] /home/travis/build/icyphy/ptII/ptolemy/domains/continuous/test/auto/SingleRefinement.xml (RunModel)" time="0.38" />
  <testcase classname="ptolemy.util.test.junit.AutoTests" name="[126] /home/travis/build/icyphy/ptII/ptolemy/domains/continuous/test/auto/SinuBouncingBall.xml (RunModel)" time="0.802" />
  <testcase classname="ptolemy.util.test.junit.AutoTests" name="[127] /home/travis/build/icyphy/ptII/ptolemy/domains/continuous/test/auto/Sinusoid.xml (RunModel)" time="0.013" />
  <testcase classname="ptolemy.util.test.junit.AutoTests" name="[128] /home/travis/build/icyphy/ptII/ptolemy/domains/continuous/test/auto/SinusoidInNoise.xml (RunModel)" time="0.857" />
  <testcase classname="ptolemy.util.test.junit.AutoTests" name="[129] /home/travis/build/icyphy/ptII/ptolemy/domains/continuous/test/auto/SinusoidRK45.xml (RunModel)" time="0.016" />
  <testcase classname="ptolemy.util.test.junit.AutoTests" name="[130] /home/travis/build/icyphy/ptII/ptolemy/domains/continuous/test/auto/SinusoidWithMultipleImpulses.xml (RunModel)" time="0.016" />
  <testcase classname="ptolemy.util.test.junit.AutoTests" name="[131] /home/travis/build/icyphy/ptII/ptolemy/domains/continuous/test/auto/SquareWave.xml (RunModel)" time="0.171" />
  <testcase classname="ptolemy.util.test.junit.AutoTests" name="[132] /home/travis/build/icyphy/ptII/ptolemy/domains/continuous/test/auto/Starmac.xml (RunModel)" time="3.342" />
  <testcase classname="ptolemy.util.test.junit.AutoTests" name="[133] /home/travis/build/icyphy/ptII/ptolemy/domains/continuous/test/auto/StaticUnits.xml (RunModel)" time="2.48" />
  <testcase classname="ptolemy.util.test.junit.AutoTests" name="[134] /home/travis/build/icyphy/ptII/ptolemy/domains/continuous/test/auto/StickyMasses.xml (RunModel)" time="0.193" />
  <testcase classname="ptolemy.util.test.junit.AutoTests" name="[135] /home/travis/build/icyphy/ptII/ptolemy/domains/continuous/test/auto/StopTime.xml (RunModel)" time="0.058" />
  <testcase classname="ptolemy.util.test.junit.AutoTests" name="[136] /home/travis/build/icyphy/ptII/ptolemy/domains/continuous/test/auto/StopTime2.xml (RunModel)" time="0.05" />
  <testcase classname="ptolemy.util.test.junit.AutoTests" name="[137] /home/travis/build/icyphy/ptII/ptolemy/domains/continuous/test/auto/Switch.xml (RunModel)" time="0.066" />
  <testcase classname="ptolemy.util.test.junit.AutoTests" name="[138] /home/travis/build/icyphy/ptII/ptolemy/domains/continuous/test/auto/Thermostat.xml (RunModel)" time="0.205" />
  <testcase classname="ptolemy.util.test.junit.AutoTests" name="[139] /home/travis/build/icyphy/ptII/ptolemy/domains/continuous/test/auto/TimeDelay.xml (RunModel)" time="0.012" />
  <testcase classname="ptolemy.util.test.junit.AutoTests" name="[140] /home/travis/build/icyphy/ptII/ptolemy/domains/continuous/test/auto/TimeDelay2.xml (RunModel)" time="0.025" />
  <testcase classname="ptolemy.util.test.junit.AutoTests" name="[141] /home/travis/build/icyphy/ptII/ptolemy/domains/continuous/test/auto/TimeDelay3.xml (RunModel)" time="0.01" />
  <testcase classname="ptolemy.util.test.junit.AutoTests" name="[142] /home/travis/build/icyphy/ptII/ptolemy/domains/continuous/test/auto/TransferAbsentToInside.xml (RunModel)" time="0.103" />
  <testcase classname="ptolemy.util.test.junit.AutoTests" name="[143] /home/travis/build/icyphy/ptII/ptolemy/domains/continuous/test/auto/Transmission.xml (RunModel)" time="0.795" />
  <testcase classname="ptolemy.util.test.junit.AutoTests" name="[144] /home/travis/build/icyphy/ptII/ptolemy/domains/continuous/test/auto/TriggeredContinuousClock.xml (RunModel)" time="0.057" />
  <testcase classname="ptolemy.util.test.junit.AutoTests" name="[145] /home/travis/build/icyphy/ptII/ptolemy/domains/continuous/test/auto/TwoMachineInfiniteBusControl.xml (RunModel)" time="2.782" />
  <testcase classname="ptolemy.util.test.junit.AutoTests" name="[146] /home/travis/build/icyphy/ptII/ptolemy/domains/continuous/test/auto/V2V.xml (RunModel)" time="0.723" />
  <testcase classname="ptolemy.util.test.junit.AutoTests" name="[147] /home/travis/build/icyphy/ptII/ptolemy/domains/continuous/test/auto/hierarchicalModalModel.xml (RunModel)" time="0.031" />
  <testcase classname="ptolemy.util.test.junit.AutoTests" name="[148] /home/travis/build/icyphy/ptII/ptolemy/domains/continuous/test/auto/hierarchicalModalModel1.xml (RunModel)" time="0.04" />
  <testcase classname="ptolemy.util.test.junit.AutoTests" name="[149] /home/travis/build/icyphy/ptII/ptolemy/domains/continuous/test/auto/hierarchicalModalModel2.xml (RunModel)" time="0.023" />
  <testcase classname="ptolemy.util.test.junit.AutoTests" name="[150] /home/travis/build/icyphy/ptII/ptolemy/domains/continuous/test/auto/hierarchicalModalModel3.xml (RunModel)" time="0.019" />
  <testcase classname="ptolemy.util.test.junit.AutoTests" name="[151] /home/travis/build/icyphy/ptII/ptolemy/domains/continuous/test/auto/hierarchicalModalModel4.xml (RunModel)" time="0.022" />
  <testcase classname="ptolemy.util.test.junit.AutoTests" name="[152] /home/travis/build/icyphy/ptII/ptolemy/domains/continuous/test/auto/junk.xml (RunModel)" time="0.134" />
  <system-out><![CDATA[No tcl tests in /home/travis/build/icyphy/ptII/ptolemy/domains/continuous/test
No auto/knownFailedTests/*.xml tests in /home/travis/build/icyphy/ptII/ptolemy/domains/continuous/test
No auto/linux-amd64/*.xml tests in /home/travis/build/icyphy/ptII/ptolemy/domains/continuous/test
AutoTests.java: About to close Vertx.
AutoTests.java: Vertx closed.

===========================================================================================
----------------- testing Sat Jan 18 06:42:38 UTC 2020 /home/travis/build/icyphy/ptII/ptolemy/domains/continuous/test/auto/BouncingBall.xml
----------------- Instantiating /home/travis/build/icyphy/ptII/ptolemy/domains/continuous/test/auto/BouncingBall.xml
2297 ms. Memory: 155648K Free: 129182K (83%)
----------------- Invoking toplevel() on ptolemy.moml.MoMLSimpleApplication@5072617f
----------------- Done invoking toplevel() on ptolemy.moml.MoMLSimpleApplication@5072617f
reloadAllAccessors: .BouncingBall

===========================================================================================
----------------- testing Sat Jan 18 06:42:41 UTC 2020 /home/travis/build/icyphy/ptII/ptolemy/domains/continuous/test/auto/BouncingBallWithoutGR.xml
----------------- Instantiating /home/travis/build/icyphy/ptII/ptolemy/domains/continuous/test/auto/BouncingBallWithoutGR.xml
698 ms. Memory: 155648K Free: 126615K (81%)
----------------- Invoking toplevel() on ptolemy.moml.MoMLSimpleApplication@4661ad36
----------------- Done invoking toplevel() on ptolemy.moml.MoMLSimpleApplication@4661ad36
reloadAllAccessors: .BouncingBallWithoutGR

===========================================================================================
----------------- testing Sat Jan 18 06:42:42 UTC 2020 /home/travis/build/icyphy/ptII/ptolemy/domains/continuous/test/auto/Brownian.xml
----------------- Instantiating /home/travis/build/icyphy/ptII/ptolemy/domains/continuous/test/auto/Brownian.xml
34 ms. Memory: 155648K Free: 117909K (76%)
----------------- Invoking toplevel() on ptolemy.moml.MoMLSimpleApplication@54c31ee1
----------------- Done invoking toplevel() on ptolemy.moml.MoMLSimpleApplication@54c31ee1
reloadAllAccessors: .Brownian

===========================================================================================
----------------- testing Sat Jan 18 06:42:42 UTC 2020 /home/travis/build/icyphy/ptII/ptolemy/domains/continuous/test/auto/CarTracking.xml
----------------- Instantiating /home/travis/build/icyphy/ptII/ptolemy/domains/continuous/test/auto/CarTracking.xml
3717 ms. Memory: 225280K Free: 200400K (89%)
----------------- Invoking toplevel() on ptolemy.moml.MoMLSimpleApplication@2719eba3
----------------- Done invoking toplevel() on ptolemy.moml.MoMLSimpleApplication@2719eba3
reloadAllAccessors: .CarTracking

===========================================================================================
----------------- testing Sat Jan 18 06:42:46 UTC 2020 /home/travis/build/icyphy/ptII/ptolemy/domains/continuous/test/auto/CartPendulum.xml
----------------- Instantiating /home/travis/build/icyphy/ptII/ptolemy/domains/continuous/test/auto/CartPendulum.xml
396 ms. Memory: 225280K Free: 106192K (47%)
----------------- Invoking toplevel() on ptolemy.moml.MoMLSimpleApplication@28e2ec20
----------------- Done invoking toplevel() on ptolemy.moml.MoMLSimpleApplication@28e2ec20
reloadAllAccessors: .CartPendulum

===========================================================================================
----------------- testing Sat Jan 18 06:42:47 UTC 2020 /home/travis/build/icyphy/ptII/ptolemy/domains/continuous/test/auto/CausalityInterface10.xml
----------------- Instantiating /home/travis/build/icyphy/ptII/ptolemy/domains/continuous/test/auto/CausalityInterface10.xml
8 ms. Memory: 225280K Free: 95952K (43%)
----------------- Invoking toplevel() on ptolemy.moml.MoMLSimpleApplication@7ecd7054
----------------- Done invoking toplevel() on ptolemy.moml.MoMLSimpleApplication@7ecd7054
reloadAllAccessors: .CausalityInterface10

===========================================================================================
----------------- testing Sat Jan 18 06:42:47 UTC 2020 /home/travis/build/icyphy/ptII/ptolemy/domains/continuous/test/auto/CausalityInterface11.xml
----------------- Instantiating /home/travis/build/icyphy/ptII/ptolemy/domains/continuous/test/auto/CausalityInterface11.xml
9 ms. Memory: 225280K Free: 89808K (40%)
----------------- Invoking toplevel() on ptolemy.moml.MoMLSimpleApplication@239d03e0
----------------- Done invoking toplevel() on ptolemy.moml.MoMLSimpleApplication@239d03e0
reloadAllAccessors: .CausalityInterface11

===========================================================================================
----------------- testing Sat Jan 18 06:42:47 UTC 2020 /home/travis/build/icyphy/ptII/ptolemy/domains/continuous/test/auto/CausalityInterface12.xml
----------------- Instantiating /home/travis/build/icyphy/ptII/ptolemy/domains/continuous/test/auto/CausalityInterface12.xml
9 ms. Memory: 225280K Free: 83664K (37%)
----------------- Invoking toplevel() on ptolemy.moml.MoMLSimpleApplication@4a73b48f
----------------- Done invoking toplevel() on ptolemy.moml.MoMLSimpleApplication@4a73b48f
reloadAllAccessors: .CausalityInterface12

===========================================================================================
----------------- testing Sat Jan 18 06:42:47 UTC 2020 /home/travis/build/icyphy/ptII/ptolemy/domains/continuous/test/auto/CausalityInterface13.xml
----------------- Instantiating /home/travis/build/icyphy/ptII/ptolemy/domains/continuous/test/auto/CausalityInterface13.xml
6 ms. Memory: 225280K Free: 77520K (34%)
----------------- Invoking toplevel() on ptolemy.moml.MoMLSimpleApplication@6b4b2a39
----------------- Done invoking toplevel() on ptolemy.moml.MoMLSimpleApplication@6b4b2a39
reloadAllAccessors: .CausalityInterface13

===========================================================================================
----------------- testing Sat Jan 18 06:42:47 UTC 2020 /home/travis/build/icyphy/ptII/ptolemy/domains/continuous/test/auto/CausalityInterface14.xml
----------------- Instantiating /home/travis/build/icyphy/ptII/ptolemy/domains/continuous/test/auto/CausalityInterface14.xml
3 ms. Memory: 225280K Free: 205551K (91%)
----------------- Invoking toplevel() on ptolemy.moml.MoMLSimpleApplication@19ed3d70
----------------- Done invoking toplevel() on ptolemy.moml.MoMLSimpleApplication@19ed3d70
reloadAllAccessors: .CausalityInterface14

===========================================================================================
----------------- testing Sat Jan 18 06:42:47 UTC 2020 /home/travis/build/icyphy/ptII/ptolemy/domains/continuous/test/auto/CausalityInterface4.xml
----------------- Instantiating /home/travis/build/icyphy/ptII/ptolemy/domains/continuous/test/auto/CausalityInterface4.xml
4 ms. Memory: 225280K Free: 198403K (88%)
----------------- Invoking toplevel() on ptolemy.moml.MoMLSimpleApplication@345296
----------------- Done invoking toplevel() on ptolemy.moml.MoMLSimpleApplication@345296
reloadAllAccessors: .CausalityInterface4

===========================================================================================
----------------- testing Sat Jan 18 06:42:47 UTC 2020 /home/travis/build/icyphy/ptII/ptolemy/domains/continuous/test/auto/CausalityInterface5.xml
----------------- Instantiating /home/travis/build/icyphy/ptII/ptolemy/domains/continuous/test/auto/CausalityInterface5.xml
3 ms. Memory: 225280K Free: 190225K (84%)
----------------- Invoking toplevel() on ptolemy.moml.MoMLSimpleApplication@474bb879
----------------- Done invoking toplevel() on ptolemy.moml.MoMLSimpleApplication@474bb879
reloadAllAccessors: .CausalityInterface5

===========================================================================================
----------------- testing Sat Jan 18 06:42:47 UTC 2020 /home/travis/build/icyphy/ptII/ptolemy/domains/continuous/test/auto/CausalityInterface6.xml
----------------- Instantiating /home/travis/build/icyphy/ptII/ptolemy/domains/continuous/test/auto/CausalityInterface6.xml
4 ms. Memory: 225280K Free: 184595K (82%)
----------------- Invoking toplevel() on ptolemy.moml.MoMLSimpleApplication@7be07b96
----------------- Done invoking toplevel() on ptolemy.moml.MoMLSimpleApplication@7be07b96
reloadAllAccessors: .CausalityInterface6

===========================================================================================
----------------- testing Sat Jan 18 06:42:47 UTC 2020 /home/travis/build/icyphy/ptII/ptolemy/domains/continuous/test/auto/CausalityInterface7.xml
----------------- Instantiating /home/travis/build/icyphy/ptII/ptolemy/domains/continuous/test/auto/CausalityInterface7.xml
7 ms. Memory: 225280K Free: 175889K (78%)
----------------- Invoking toplevel() on ptolemy.moml.MoMLSimpleApplication@45a369dd
----------------- Done invoking toplevel() on ptolemy.moml.MoMLSimpleApplication@45a369dd
reloadAllAccessors: .CausalityInterface7

===========================================================================================
----------------- testing Sat Jan 18 06:42:47 UTC 2020 /home/travis/build/icyphy/ptII/ptolemy/domains/continuous/test/auto/CausalityInterface8.xml
----------------- Instantiating /home/travis/build/icyphy/ptII/ptolemy/domains/continuous/test/auto/CausalityInterface8.xml
6 ms. Memory: 225280K Free: 166673K (74%)
----------------- Invoking toplevel() on ptolemy.moml.MoMLSimpleApplication@55dd91ce
----------------- Done invoking toplevel() on ptolemy.moml.MoMLSimpleApplication@55dd91ce
reloadAllAccessors: .CausalityInterface8

===========================================================================================
----------------- testing Sat Jan 18 06:42:47 UTC 2020 /home/travis/build/icyphy/ptII/ptolemy/domains/continuous/test/auto/CausalityInterface9.xml
----------------- Instantiating /home/travis/build/icyphy/ptII/ptolemy/domains/continuous/test/auto/CausalityInterface9.xml
8 ms. Memory: 225280K Free: 155923K (69%)
----------------- Invoking toplevel() on ptolemy.moml.MoMLSimpleApplication@577b17ae
----------------- Done invoking toplevel() on ptolemy.moml.MoMLSimpleApplication@577b17ae
reloadAllAccessors: .CausalityInterface9

===========================================================================================
----------------- testing Sat Jan 18 06:42:47 UTC 2020 /home/travis/build/icyphy/ptII/ptolemy/domains/continuous/test/auto/CausalityInterfaceFeedback1.xml
----------------- Instantiating /home/travis/build/icyphy/ptII/ptolemy/domains/continuous/test/auto/CausalityInterfaceFeedback1.xml
4 ms. Memory: 225280K Free: 149251K (66%)
----------------- Invoking toplevel() on ptolemy.moml.MoMLSimpleApplication@6a93cfbb
----------------- Done invoking toplevel() on ptolemy.moml.MoMLSimpleApplication@6a93cfbb
reloadAllAccessors: .CausalityInterfaceFeedback1

===========================================================================================
----------------- testing Sat Jan 18 06:42:47 UTC 2020 /home/travis/build/icyphy/ptII/ptolemy/domains/continuous/test/auto/CausalityInterfaceFeedback2.xml
----------------- Instantiating /home/travis/build/icyphy/ptII/ptolemy/domains/continuous/test/auto/CausalityInterfaceFeedback2.xml
3 ms. Memory: 225280K Free: 142611K (63%)
----------------- Invoking toplevel() on ptolemy.moml.MoMLSimpleApplication@6540cc11
----------------- Done invoking toplevel() on ptolemy.moml.MoMLSimpleApplication@6540cc11
reloadAllAccessors: .CausalityInterfaceFeedback2

===========================================================================================
----------------- testing Sat Jan 18 06:42:47 UTC 2020 /home/travis/build/icyphy/ptII/ptolemy/domains/continuous/test/auto/CompareWithCurrentTime.xml
----------------- Instantiating /home/travis/build/icyphy/ptII/ptolemy/domains/continuous/test/auto/CompareWithCurrentTime.xml
2 ms. Memory: 225280K Free: 138515K (61%)
----------------- Invoking toplevel() on ptolemy.moml.MoMLSimpleApplication@7b9e3e56
----------------- Done invoking toplevel() on ptolemy.moml.MoMLSimpleApplication@7b9e3e56
reloadAllAccessors: .CompareWithCurrentTime

===========================================================================================
----------------- testing Sat Jan 18 06:42:47 UTC 2020 /home/travis/build/icyphy/ptII/ptolemy/domains/continuous/test/auto/ComparedClocks.xml
----------------- Instantiating /home/travis/build/icyphy/ptII/ptolemy/domains/continuous/test/auto/ComparedClocks.xml
6 ms. Memory: 225280K Free: 123155K (55%)
----------------- Invoking toplevel() on ptolemy.moml.MoMLSimpleApplication@4d6030f
----------------- Done invoking toplevel() on ptolemy.moml.MoMLSimpleApplication@4d6030f
reloadAllAccessors: .ComparedClocks

===========================================================================================
----------------- testing Sat Jan 18 06:42:47 UTC 2020 /home/travis/build/icyphy/ptII/ptolemy/domains/continuous/test/auto/ContinuousAOCClone.xml
----------------- Instantiating /home/travis/build/icyphy/ptII/ptolemy/domains/continuous/test/auto/ContinuousAOCClone.xml
2231 ms. Memory: 270336K Free: 192122K (71%)
----------------- Invoking toplevel() on ptolemy.moml.MoMLSimpleApplication@bccdc7f
----------------- Done invoking toplevel() on ptolemy.moml.MoMLSimpleApplication@bccdc7f
reloadAllAccessors: .ContinuousAOCClone

===========================================================================================
----------------- testing Sat Jan 18 06:42:50 UTC 2020 /home/travis/build/icyphy/ptII/ptolemy/domains/continuous/test/auto/ContinuousClock.xml
----------------- Instantiating /home/travis/build/icyphy/ptII/ptolemy/domains/continuous/test/auto/ContinuousClock.xml
28 ms. Memory: 270336K Free: 170618K (63%)
----------------- Invoking toplevel() on ptolemy.moml.MoMLSimpleApplication@783618b2
----------------- Done invoking toplevel() on ptolemy.moml.MoMLSimpleApplication@783618b2
reloadAllAccessors: .ContinuousClock

===========================================================================================
----------------- testing Sat Jan 18 06:42:50 UTC 2020 /home/travis/build/icyphy/ptII/ptolemy/domains/continuous/test/auto/ContinuousInContinuous.xml
----------------- Instantiating /home/travis/build/icyphy/ptII/ptolemy/domains/continuous/test/auto/ContinuousInContinuous.xml
39 ms. Memory: 270336K Free: 147066K (54%)
----------------- Invoking toplevel() on ptolemy.moml.MoMLSimpleApplication@7f217c89
----------------- Done invoking toplevel() on ptolemy.moml.MoMLSimpleApplication@7f217c89
reloadAllAccessors: .ContinuousInContinuous

===========================================================================================
----------------- testing Sat Jan 18 06:42:50 UTC 2020 /home/travis/build/icyphy/ptII/ptolemy/domains/continuous/test/auto/ContinuousInContinuousInContinuous.xml
----------------- Instantiating /home/travis/build/icyphy/ptII/ptolemy/domains/continuous/test/auto/ContinuousInContinuousInContinuous.xml
6 ms. Memory: 270336K Free: 138874K (51%)
----------------- Invoking toplevel() on ptolemy.moml.MoMLSimpleApplication@671b8a83
----------------- Done invoking toplevel() on ptolemy.moml.MoMLSimpleApplication@671b8a83
reloadAllAccessors: .ContinuousInContinuousInContinuous

===========================================================================================
----------------- testing Sat Jan 18 06:42:50 UTC 2020 /home/travis/build/icyphy/ptII/ptolemy/domains/continuous/test/auto/ContinuousInDE.xml
----------------- Instantiating /home/travis/build/icyphy/ptII/ptolemy/domains/continuous/test/auto/ContinuousInDE.xml
82 ms. Memory: 270336K Free: 128124K (47%)
----------------- Invoking toplevel() on ptolemy.moml.MoMLSimpleApplication@2512423a
----------------- Done invoking toplevel() on ptolemy.moml.MoMLSimpleApplication@2512423a
reloadAllAccessors: .ContinuousInDE

===========================================================================================
----------------- testing Sat Jan 18 06:42:50 UTC 2020 /home/travis/build/icyphy/ptII/ptolemy/domains/continuous/test/auto/ContinuousInDE2.xml
----------------- Instantiating /home/travis/build/icyphy/ptII/ptolemy/domains/continuous/test/auto/ContinuousInDE2.xml
30 ms. Memory: 270336K Free: 118908K (44%)
----------------- Invoking toplevel() on ptolemy.moml.MoMLSimpleApplication@65ab9ac2
----------------- Done invoking toplevel() on ptolemy.moml.MoMLSimpleApplication@65ab9ac2
reloadAllAccessors: .ContinuousInDE2

===========================================================================================
----------------- testing Sat Jan 18 06:42:50 UTC 2020 /home/travis/build/icyphy/ptII/ptolemy/domains/continuous/test/auto/ContinuousInDE3.xml
----------------- Instantiating /home/travis/build/icyphy/ptII/ptolemy/domains/continuous/test/auto/ContinuousInDE3.xml
32 ms. Memory: 270336K Free: 109692K (41%)
----------------- Invoking toplevel() on ptolemy.moml.MoMLSimpleApplication@10ec8eeb
----------------- Done invoking toplevel() on ptolemy.moml.MoMLSimpleApplication@10ec8eeb
reloadAllAccessors: .ContinuousInDE3

===========================================================================================
----------------- testing Sat Jan 18 06:42:50 UTC 2020 /home/travis/build/icyphy/ptII/ptolemy/domains/continuous/test/auto/ContinuousInDE4.xml
----------------- Instantiating /home/travis/build/icyphy/ptII/ptolemy/domains/continuous/test/auto/ContinuousInDE4.xml
16 ms. Memory: 270336K Free: 103548K (38%)
----------------- Invoking toplevel() on ptolemy.moml.MoMLSimpleApplication@2c9d9c65
----------------- Done invoking toplevel() on ptolemy.moml.MoMLSimpleApplication@2c9d9c65
reloadAllAccessors: .ContinuousInDE4

===========================================================================================
----------------- testing Sat Jan 18 06:42:50 UTC 2020 /home/travis/build/icyphy/ptII/ptolemy/domains/continuous/test/auto/ContinuousInDEDifferentRefinements.xml
----------------- Instantiating /home/travis/build/icyphy/ptII/ptolemy/domains/continuous/test/auto/ContinuousInDEDifferentRefinements.xml
53 ms. Memory: 270336K Free: 232559K (86%)
----------------- Invoking toplevel() on ptolemy.moml.MoMLSimpleApplication@3471bf47
----------------- Done invoking toplevel() on ptolemy.moml.MoMLSimpleApplication@3471bf47
reloadAllAccessors: .ContinuousInDEDifferentRefinements

===========================================================================================
----------------- testing Sat Jan 18 06:42:50 UTC 2020 /home/travis/build/icyphy/ptII/ptolemy/domains/continuous/test/auto/ContinuousInDEDifferentRefinementsPreemptive.xml
----------------- Instantiating /home/travis/build/icyphy/ptII/ptolemy/domains/continuous/test/auto/ContinuousInDEDifferentRefinementsPreemptive.xml
44 ms. Memory: 270336K Free: 201831K (75%)
----------------- Invoking toplevel() on ptolemy.moml.MoMLSimpleApplication@620c167f
----------------- Done invoking toplevel() on ptolemy.moml.MoMLSimpleApplication@620c167f
reloadAllAccessors: .ContinuousInDEDifferentRefinementsPreemptive

===========================================================================================
----------------- testing Sat Jan 18 06:42:50 UTC 2020 /home/travis/build/icyphy/ptII/ptolemy/domains/continuous/test/auto/ContinuousInDEInContinuous2.xml
----------------- Instantiating /home/travis/build/icyphy/ptII/ptolemy/domains/continuous/test/auto/ContinuousInDEInContinuous2.xml
32 ms. Memory: 270336K Free: 190582K (70%)
----------------- Invoking toplevel() on ptolemy.moml.MoMLSimpleApplication@6651a8ea
----------------- Done invoking toplevel() on ptolemy.moml.MoMLSimpleApplication@6651a8ea
reloadAllAccessors: .ContinuousInDEInContinuous2

===========================================================================================
----------------- testing Sat Jan 18 06:42:50 UTC 2020 /home/travis/build/icyphy/ptII/ptolemy/domains/continuous/test/auto/ContinuousInDEInContinuous3.xml
----------------- Instantiating /home/travis/build/icyphy/ptII/ptolemy/domains/continuous/test/auto/ContinuousInDEInContinuous3.xml
35 ms. Memory: 270336K Free: 178294K (66%)
----------------- Invoking toplevel() on ptolemy.moml.MoMLSimpleApplication@12213d66
----------------- Done invoking toplevel() on ptolemy.moml.MoMLSimpleApplication@12213d66
reloadAllAccessors: .ContinuousInDEInContinuous3

===========================================================================================
----------------- testing Sat Jan 18 06:42:51 UTC 2020 /home/travis/build/icyphy/ptII/ptolemy/domains/continuous/test/auto/ContinuousInDEInput.xml
----------------- Instantiating /home/travis/build/icyphy/ptII/ptolemy/domains/continuous/test/auto/ContinuousInDEInput.xml
16 ms. Memory: 270336K Free: 171126K (63%)
----------------- Invoking toplevel() on ptolemy.moml.MoMLSimpleApplication@59627e14
----------------- Done invoking toplevel() on ptolemy.moml.MoMLSimpleApplication@59627e14
reloadAllAccessors: .ContinuousInDEInput

===========================================================================================
----------------- testing Sat Jan 18 06:42:51 UTC 2020 /home/travis/build/icyphy/ptII/ptolemy/domains/continuous/test/auto/ContinuousInDEInput2.xml
----------------- Instantiating /home/travis/build/icyphy/ptII/ptolemy/domains/continuous/test/auto/ContinuousInDEInput2.xml
12 ms. Memory: 270336K Free: 163958K (61%)
----------------- Invoking toplevel() on ptolemy.moml.MoMLSimpleApplication@77704f70
----------------- Done invoking toplevel() on ptolemy.moml.MoMLSimpleApplication@77704f70
reloadAllAccessors: .ContinuousInDEInput2

===========================================================================================
----------------- testing Sat Jan 18 06:42:51 UTC 2020 /home/travis/build/icyphy/ptII/ptolemy/domains/continuous/test/auto/ContinuousInDEInput3.xml
----------------- Instantiating /home/travis/build/icyphy/ptII/ptolemy/domains/continuous/test/auto/ContinuousInDEInput3.xml
13 ms. Memory: 270336K Free: 156790K (58%)
----------------- Invoking toplevel() on ptolemy.moml.MoMLSimpleApplication@b946b55
----------------- Done invoking toplevel() on ptolemy.moml.MoMLSimpleApplication@b946b55
reloadAllAccessors: .ContinuousInDEInput3

===========================================================================================
----------------- testing Sat Jan 18 06:42:51 UTC 2020 /home/travis/build/icyphy/ptII/ptolemy/domains/continuous/test/auto/ContinuousInDESharingRefinement.xml
----------------- Instantiating /home/travis/build/icyphy/ptII/ptolemy/domains/continuous/test/auto/ContinuousInDESharingRefinement.xml
142 ms. Memory: 270336K Free: 222729K (82%)
----------------- Invoking toplevel() on ptolemy.moml.MoMLSimpleApplication@1e98fa96
----------------- Done invoking toplevel() on ptolemy.moml.MoMLSimpleApplication@1e98fa96
reloadAllAccessors: .ContinuousInDESharingRefinement

===========================================================================================
----------------- testing Sat Jan 18 06:42:51 UTC 2020 /home/travis/build/icyphy/ptII/ptolemy/domains/continuous/test/auto/ContinuousInDEwithNoPorts.xml
----------------- Instantiating /home/travis/build/icyphy/ptII/ptolemy/domains/continuous/test/auto/ContinuousInDEwithNoPorts.xml
2 ms. Memory: 270336K Free: 218153K (81%)
----------------- Invoking toplevel() on ptolemy.moml.MoMLSimpleApplication@342fdd15
----------------- Done invoking toplevel() on ptolemy.moml.MoMLSimpleApplication@342fdd15
reloadAllAccessors: .ContinuousInDEwithNoPorts

===========================================================================================
----------------- testing Sat Jan 18 06:42:51 UTC 2020 /home/travis/build/icyphy/ptII/ptolemy/domains/continuous/test/auto/ContinuousInsideDE.xml
----------------- Instantiating /home/travis/build/icyphy/ptII/ptolemy/domains/continuous/test/auto/ContinuousInsideDE.xml
35 ms. Memory: 270336K Free: 206889K (77%)
----------------- Invoking toplevel() on ptolemy.moml.MoMLSimpleApplication@2a86341f
----------------- Done invoking toplevel() on ptolemy.moml.MoMLSimpleApplication@2a86341f
reloadAllAccessors: .ContinuousInsideDE

===========================================================================================
----------------- testing Sat Jan 18 06:42:51 UTC 2020 /home/travis/build/icyphy/ptII/ptolemy/domains/continuous/test/auto/ContinuousMerge1.xml
----------------- Instantiating /home/travis/build/icyphy/ptII/ptolemy/domains/continuous/test/auto/ContinuousMerge1.xml
3 ms. Memory: 270336K Free: 202249K (75%)
----------------- Invoking toplevel() on ptolemy.moml.MoMLSimpleApplication@5990b777
----------------- Done invoking toplevel() on ptolemy.moml.MoMLSimpleApplication@5990b777
reloadAllAccessors: .ContinuousMerge1

===========================================================================================
----------------- testing Sat Jan 18 06:42:51 UTC 2020 /home/travis/build/icyphy/ptII/ptolemy/domains/continuous/test/auto/ContinuousMerge2.xml
----------------- Instantiating /home/travis/build/icyphy/ptII/ptolemy/domains/continuous/test/auto/ContinuousMerge2.xml
9 ms. Memory: 270336K Free: 192039K (71%)
----------------- Invoking toplevel() on ptolemy.moml.MoMLSimpleApplication@1e9157a4
----------------- Done invoking toplevel() on ptolemy.moml.MoMLSimpleApplication@1e9157a4
reloadAllAccessors: .ContinuousMerge2

===========================================================================================
----------------- testing Sat Jan 18 06:42:51 UTC 2020 /home/travis/build/icyphy/ptII/ptolemy/domains/continuous/test/auto/ContinuousMerge3.xml
----------------- Instantiating /home/travis/build/icyphy/ptII/ptolemy/domains/continuous/test/auto/ContinuousMerge3.xml
37 ms. Memory: 270336K Free: 181289K (67%)
----------------- Invoking toplevel() on ptolemy.moml.MoMLSimpleApplication@1388c6f8
----------------- Done invoking toplevel() on ptolemy.moml.MoMLSimpleApplication@1388c6f8
reloadAllAccessors: .ContinuousMerge3

===========================================================================================
----------------- testing Sat Jan 18 06:42:51 UTC 2020 /home/travis/build/icyphy/ptII/ptolemy/domains/continuous/test/auto/ContinuousWithinContinuous.xml
----------------- Instantiating /home/travis/build/icyphy/ptII/ptolemy/domains/continuous/test/auto/ContinuousWithinContinuous.xml
35 ms. Memory: 270336K Free: 172073K (64%)
----------------- Invoking toplevel() on ptolemy.moml.MoMLSimpleApplication@6241dae4
----------------- Done invoking toplevel() on ptolemy.moml.MoMLSimpleApplication@6241dae4
reloadAllAccessors: .ContinuousWithinContinuous

===========================================================================================
----------------- testing Sat Jan 18 06:42:51 UTC 2020 /home/travis/build/icyphy/ptII/ptolemy/domains/continuous/test/auto/ContinuousWithinContinuous2.xml
----------------- Instantiating /home/travis/build/icyphy/ptII/ptolemy/domains/continuous/test/auto/ContinuousWithinContinuous2.xml
53 ms. Memory: 270336K Free: 161833K (60%)
----------------- Invoking toplevel() on ptolemy.moml.MoMLSimpleApplication@58e623f1
----------------- Done invoking toplevel() on ptolemy.moml.MoMLSimpleApplication@58e623f1
reloadAllAccessors: .ContinuousWithinContinuous2

===========================================================================================
----------------- testing Sat Jan 18 06:42:51 UTC 2020 /home/travis/build/icyphy/ptII/ptolemy/domains/continuous/test/auto/ContinuousWithinContinuous3.xml
----------------- Instantiating /home/travis/build/icyphy/ptII/ptolemy/domains/continuous/test/auto/ContinuousWithinContinuous3.xml
11 ms. Memory: 270336K Free: 154665K (57%)
----------------- Invoking toplevel() on ptolemy.moml.MoMLSimpleApplication@5546d6d0
----------------- Done invoking toplevel() on ptolemy.moml.MoMLSimpleApplication@5546d6d0
reloadAllAccessors: .ContinuousWithinContinuous3

===========================================================================================
----------------- testing Sat Jan 18 06:42:51 UTC 2020 /home/travis/build/icyphy/ptII/ptolemy/domains/continuous/test/auto/ContinuousWithinContinuous4.xml
----------------- Instantiating /home/travis/build/icyphy/ptII/ptolemy/domains/continuous/test/auto/ContinuousWithinContinuous4.xml
64 ms. Memory: 270336K Free: 142377K (53%)
----------------- Invoking toplevel() on ptolemy.moml.MoMLSimpleApplication@3cef64ba
----------------- Done invoking toplevel() on ptolemy.moml.MoMLSimpleApplication@3cef64ba
reloadAllAccessors: .ContinuousWithinContinuous4

===========================================================================================
----------------- testing Sat Jan 18 06:42:51 UTC 2020 /home/travis/build/icyphy/ptII/ptolemy/domains/continuous/test/auto/ContinuousWithinContinuous5.xml
----------------- Instantiating /home/travis/build/icyphy/ptII/ptolemy/domains/continuous/test/auto/ContinuousWithinContinuous5.xml
19 ms. Memory: 270336K Free: 134695K (50%)
----------------- Invoking toplevel() on ptolemy.moml.MoMLSimpleApplication@61b4072e
----------------- Done invoking toplevel() on ptolemy.moml.MoMLSimpleApplication@61b4072e
reloadAllAccessors: .ContinuousWithinContinuous5

===========================================================================================
----------------- testing Sat Jan 18 06:42:51 UTC 2020 /home/travis/build/icyphy/ptII/ptolemy/domains/continuous/test/auto/ContinuousWithinContinuous6.xml
----------------- Instantiating /home/travis/build/icyphy/ptII/ptolemy/domains/continuous/test/auto/ContinuousWithinContinuous6.xml
11 ms. Memory: 270336K Free: 128041K (47%)
----------------- Invoking toplevel() on ptolemy.moml.MoMLSimpleApplication@7ceae3d9
----------------- Done invoking toplevel() on ptolemy.moml.MoMLSimpleApplication@7ceae3d9
reloadAllAccessors: .ContinuousWithinContinuous6

===========================================================================================
----------------- testing Sat Jan 18 06:42:51 UTC 2020 /home/travis/build/icyphy/ptII/ptolemy/domains/continuous/test/auto/ContinuousWithinContinuous7.xml
----------------- Instantiating /home/travis/build/icyphy/ptII/ptolemy/domains/continuous/test/auto/ContinuousWithinContinuous7.xml
55 ms. Memory: 270336K Free: 117287K (43%)
----------------- Invoking toplevel() on ptolemy.moml.MoMLSimpleApplication@28ea75a9
----------------- Done invoking toplevel() on ptolemy.moml.MoMLSimpleApplication@28ea75a9
reloadAllAccessors: .ContinuousWithinContinuous7

===========================================================================================
----------------- testing Sat Jan 18 06:42:51 UTC 2020 /home/travis/build/icyphy/ptII/ptolemy/domains/continuous/test/auto/DCMotor.xml
----------------- Instantiating /home/travis/build/icyphy/ptII/ptolemy/domains/continuous/test/auto/DCMotor.xml
14064 ms. Memory: 270336K Free: 208117K (77%)
----------------- Invoking toplevel() on ptolemy.moml.MoMLSimpleApplication@24e7eb1c
----------------- Done invoking toplevel() on ptolemy.moml.MoMLSimpleApplication@24e7eb1c
reloadAllAccessors: .DCMotor

===========================================================================================
----------------- testing Sat Jan 18 06:43:06 UTC 2020 /home/travis/build/icyphy/ptII/ptolemy/domains/continuous/test/auto/DEInContinuous.xml
----------------- Instantiating /home/travis/build/icyphy/ptII/ptolemy/domains/continuous/test/auto/DEInContinuous.xml
22 ms. Memory: 270336K Free: 201973K (75%)
----------------- Invoking toplevel() on ptolemy.moml.MoMLSimpleApplication@67a90b34
----------------- Done invoking toplevel() on ptolemy.moml.MoMLSimpleApplication@67a90b34
reloadAllAccessors: .DEInContinuous

===========================================================================================
----------------- testing Sat Jan 18 06:43:06 UTC 2020 /home/travis/build/icyphy/ptII/ptolemy/domains/continuous/test/auto/DEinContinuous2.xml
----------------- Instantiating /home/travis/build/icyphy/ptII/ptolemy/domains/continuous/test/auto/DEinContinuous2.xml
6 ms. Memory: 270336K Free: 193767K (72%)
----------------- Invoking toplevel() on ptolemy.moml.MoMLSimpleApplication@4daa9eff
----------------- Done invoking toplevel() on ptolemy.moml.MoMLSimpleApplication@4daa9eff
reloadAllAccessors: .DEinContinuous2

===========================================================================================
----------------- testing Sat Jan 18 06:43:06 UTC 2020 /home/travis/build/icyphy/ptII/ptolemy/domains/continuous/test/auto/Derivative.xml
----------------- Instantiating /home/travis/build/icyphy/ptII/ptolemy/domains/continuous/test/auto/Derivative.xml
151 ms. Memory: 270336K Free: 164085K (61%)
----------------- Invoking toplevel() on ptolemy.moml.MoMLSimpleApplication@79936e74
----------------- Done invoking toplevel() on ptolemy.moml.MoMLSimpleApplication@79936e74
reloadAllAccessors: .Derivative2

===========================================================================================
----------------- testing Sat Jan 18 06:43:06 UTC 2020 /home/travis/build/icyphy/ptII/ptolemy/domains/continuous/test/auto/Derivative1.xml
----------------- Instantiating /home/travis/build/icyphy/ptII/ptolemy/domains/continuous/test/auto/Derivative1.xml
30 ms. Memory: 270336K Free: 149749K (55%)
----------------- Invoking toplevel() on ptolemy.moml.MoMLSimpleApplication@317acad4
----------------- Done invoking toplevel() on ptolemy.moml.MoMLSimpleApplication@317acad4
reloadAllAccessors: .Derivative1

===========================================================================================
----------------- testing Sat Jan 18 06:43:06 UTC 2020 /home/travis/build/icyphy/ptII/ptolemy/domains/continuous/test/auto/DiscreteClock.xml
----------------- Instantiating /home/travis/build/icyphy/ptII/ptolemy/domains/continuous/test/auto/DiscreteClock.xml
4 ms. Memory: 270336K Free: 144629K (53%)
----------------- Invoking toplevel() on ptolemy.moml.MoMLSimpleApplication@ba77c92
----------------- Done invoking toplevel() on ptolemy.moml.MoMLSimpleApplication@ba77c92
reloadAllAccessors: .DiscreteClock

===========================================================================================
----------------- testing Sat Jan 18 06:43:06 UTC 2020 /home/travis/build/icyphy/ptII/ptolemy/domains/continuous/test/auto/EfficiencyCurve.xml
----------------- Instantiating /home/travis/build/icyphy/ptII/ptolemy/domains/continuous/test/auto/EfficiencyCurve.xml
55 ms. Memory: 270336K Free: 135413K (50%)
----------------- Invoking toplevel() on ptolemy.moml.MoMLSimpleApplication@18a3b41a
----------------- Done invoking toplevel() on ptolemy.moml.MoMLSimpleApplication@18a3b41a
reloadAllAccessors: .EfficiencyCurve

===========================================================================================
----------------- testing Sat Jan 18 06:43:06 UTC 2020 /home/travis/build/icyphy/ptII/ptolemy/domains/continuous/test/auto/ExponentialResponse.xml
----------------- Instantiating /home/travis/build/icyphy/ptII/ptolemy/domains/continuous/test/auto/ExponentialResponse.xml
99 ms. Memory: 270336K Free: 120053K (44%)
----------------- Invoking toplevel() on ptolemy.moml.MoMLSimpleApplication@36c98fa2
----------------- Done invoking toplevel() on ptolemy.moml.MoMLSimpleApplication@36c98fa2
reloadAllAccessors: .ExponentialResponse

===========================================================================================
----------------- testing Sat Jan 18 06:43:06 UTC 2020 /home/travis/build/icyphy/ptII/ptolemy/domains/continuous/test/auto/ExponentialResponseRK45.xml
----------------- Instantiating /home/travis/build/icyphy/ptII/ptolemy/domains/continuous/test/auto/ExponentialResponseRK45.xml
23 ms. Memory: 270336K Free: 113399K (42%)
----------------- Invoking toplevel() on ptolemy.moml.MoMLSimpleApplication@c81a92d
----------------- Done invoking toplevel() on ptolemy.moml.MoMLSimpleApplication@c81a92d
reloadAllAccessors: .ExponentialResponseRK45

===========================================================================================
----------------- testing Sat Jan 18 06:43:06 UTC 2020 /home/travis/build/icyphy/ptII/ptolemy/domains/continuous/test/auto/Friction.xml
----------------- Instantiating /home/travis/build/icyphy/ptII/ptolemy/domains/continuous/test/auto/Friction.xml
1535 ms. Memory: 270336K Free: 168043K (62%)
----------------- Invoking toplevel() on ptolemy.moml.MoMLSimpleApplication@2ae34dbc
----------------- Done invoking toplevel() on ptolemy.moml.MoMLSimpleApplication@2ae34dbc
reloadAllAccessors: .Friction

===========================================================================================
----------------- testing Sat Jan 18 06:43:08 UTC 2020 /home/travis/build/icyphy/ptII/ptolemy/domains/continuous/test/auto/FurutaPendulum.xml
----------------- Instantiating /home/travis/build/icyphy/ptII/ptolemy/domains/continuous/test/auto/FurutaPendulum.xml
2963 ms. Memory: 270336K Free: 131242K (49%)
----------------- Invoking toplevel() on ptolemy.moml.MoMLSimpleApplication@7fa1f5d8
----------------- Done invoking toplevel() on ptolemy.moml.MoMLSimpleApplication@7fa1f5d8
reloadAllAccessors: .FurutaPendulum

===========================================================================================
----------------- testing Sat Jan 18 06:43:11 UTC 2020 /home/travis/build/icyphy/ptII/ptolemy/domains/continuous/test/auto/HierarchicalExecution.xml
----------------- Instantiating /home/travis/build/icyphy/ptII/ptolemy/domains/continuous/test/auto/HierarchicalExecution.xml
1636 ms. Memory: 270336K Free: 164846K (61%)
----------------- Invoking toplevel() on ptolemy.moml.MoMLSimpleApplication@1d217e3b
----------------- Done invoking toplevel() on ptolemy.moml.MoMLSimpleApplication@1d217e3b
reloadAllAccessors: .HierarchicalExecution

===========================================================================================
----------------- testing Sat Jan 18 06:43:13 UTC 2020 /home/travis/build/icyphy/ptII/ptolemy/domains/continuous/test/auto/HybridPlant.xml
----------------- Instantiating /home/travis/build/icyphy/ptII/ptolemy/domains/continuous/test/auto/HybridPlant.xml
559 ms. Memory: 270336K Free: 220958K (82%)
----------------- Invoking toplevel() on ptolemy.moml.MoMLSimpleApplication@1eb97069
----------------- Done invoking toplevel() on ptolemy.moml.MoMLSimpleApplication@1eb97069
reloadAllAccessors: .HybridPlant

===========================================================================================
----------------- testing Sat Jan 18 06:43:14 UTC 2020 /home/travis/build/icyphy/ptII/ptolemy/domains/continuous/test/auto/Hysteresis.xml
----------------- Instantiating /home/travis/build/icyphy/ptII/ptolemy/domains/continuous/test/auto/Hysteresis.xml
145 ms. Memory: 270336K Free: 158494K (59%)
----------------- Invoking toplevel() on ptolemy.moml.MoMLSimpleApplication@428fb966
----------------- Done invoking toplevel() on ptolemy.moml.MoMLSimpleApplication@428fb966
reloadAllAccessors: .Hysteresis

===========================================================================================
----------------- testing Sat Jan 18 06:43:14 UTC 2020 /home/travis/build/icyphy/ptII/ptolemy/domains/continuous/test/auto/HysteresisWithRandomDelay.xml
----------------- Instantiating /home/travis/build/icyphy/ptII/ptolemy/domains/continuous/test/auto/HysteresisWithRandomDelay.xml
186 ms. Memory: 270336K Free: 247230K (91%)
----------------- Invoking toplevel() on ptolemy.moml.MoMLSimpleApplication@273bb962
----------------- Done invoking toplevel() on ptolemy.moml.MoMLSimpleApplication@273bb962
reloadAllAccessors: .HysteresisWithRandomDelay

===========================================================================================
----------------- testing Sat Jan 18 06:43:14 UTC 2020 /home/travis/build/icyphy/ptII/ptolemy/domains/continuous/test/auto/HysteresisWithRandomLosses.xml
----------------- Instantiating /home/travis/build/icyphy/ptII/ptolemy/domains/continuous/test/auto/HysteresisWithRandomLosses.xml
2345 ms. Memory: 270336K Free: 145337K (54%)
----------------- Invoking toplevel() on ptolemy.moml.MoMLSimpleApplication@147db72d
----------------- Done invoking toplevel() on ptolemy.moml.MoMLSimpleApplication@147db72d
reloadAllAccessors: .HysteresisWithRandomLosses

===========================================================================================
----------------- testing Sat Jan 18 06:43:17 UTC 2020 /home/travis/build/icyphy/ptII/ptolemy/domains/continuous/test/auto/ImmediateTransitions.xml
----------------- Instantiating /home/travis/build/icyphy/ptII/ptolemy/domains/continuous/test/auto/ImmediateTransitions.xml
8 ms. Memory: 270336K Free: 134073K (50%)
----------------- Invoking toplevel() on ptolemy.moml.MoMLSimpleApplication@5f904438
----------------- Done invoking toplevel() on ptolemy.moml.MoMLSimpleApplication@5f904438
reloadAllAccessors: .ImmediateTransitions

===========================================================================================
----------------- testing Sat Jan 18 06:43:17 UTC 2020 /home/travis/build/icyphy/ptII/ptolemy/domains/continuous/test/auto/ImpulseFeedback.xml
----------------- Instantiating /home/travis/build/icyphy/ptII/ptolemy/domains/continuous/test/auto/ImpulseFeedback.xml
6 ms. Memory: 270336K Free: 128473K (48%)
----------------- Invoking toplevel() on ptolemy.moml.MoMLSimpleApplication@481bb571
----------------- Done invoking toplevel() on ptolemy.moml.MoMLSimpleApplication@481bb571
reloadAllAccessors: .ImpulseFeedback

===========================================================================================
----------------- testing Sat Jan 18 06:43:17 UTC 2020 /home/travis/build/icyphy/ptII/ptolemy/domains/continuous/test/auto/ImpulseFeedback2.xml
----------------- Instantiating /home/travis/build/icyphy/ptII/ptolemy/domains/continuous/test/auto/ImpulseFeedback2.xml
4 ms. Memory: 270336K Free: 122839K (45%)
----------------- Invoking toplevel() on ptolemy.moml.MoMLSimpleApplication@125de8d6
----------------- Done invoking toplevel() on ptolemy.moml.MoMLSimpleApplication@125de8d6
reloadAllAccessors: .ImpulseFeedback2

===========================================================================================
----------------- testing Sat Jan 18 06:43:17 UTC 2020 /home/travis/build/icyphy/ptII/ptolemy/domains/continuous/test/auto/IncreasingRatePoisson.xml
----------------- Instantiating /home/travis/build/icyphy/ptII/ptolemy/domains/continuous/test/auto/IncreasingRatePoisson.xml
686 ms. Memory: 270336K Free: 125557K (46%)
----------------- Invoking toplevel() on ptolemy.moml.MoMLSimpleApplication@dac1d7b
----------------- Done invoking toplevel() on ptolemy.moml.MoMLSimpleApplication@dac1d7b
reloadAllAccessors: .IncreasingRatePoisson

===========================================================================================
----------------- testing Sat Jan 18 06:43:17 UTC 2020 /home/travis/build/icyphy/ptII/ptolemy/domains/continuous/test/auto/InitialStateFeedback.xml
----------------- Instantiating /home/travis/build/icyphy/ptII/ptolemy/domains/continuous/test/auto/InitialStateFeedback.xml
6 ms. Memory: 270336K Free: 120951K (45%)
----------------- Invoking toplevel() on ptolemy.moml.MoMLSimpleApplication@fdc4afb
----------------- Done invoking toplevel() on ptolemy.moml.MoMLSimpleApplication@fdc4afb
reloadAllAccessors: .InitialStateFeedback

===========================================================================================
----------------- testing Sat Jan 18 06:43:17 UTC 2020 /home/travis/build/icyphy/ptII/ptolemy/domains/continuous/test/auto/Integration.xml
----------------- Instantiating /home/travis/build/icyphy/ptII/ptolemy/domains/continuous/test/auto/Integration.xml
1 ms. Memory: 270336K Free: 116855K (43%)
----------------- Invoking toplevel() on ptolemy.moml.MoMLSimpleApplication@34765256
----------------- Done invoking toplevel() on ptolemy.moml.MoMLSimpleApplication@34765256
reloadAllAccessors: .Integration

===========================================================================================
----------------- testing Sat Jan 18 06:43:17 UTC 2020 /home/travis/build/icyphy/ptII/ptolemy/domains/continuous/test/auto/Integration2.xml
----------------- Instantiating /home/travis/build/icyphy/ptII/ptolemy/domains/continuous/test/auto/Integration2.xml
66 ms. Memory: 270336K Free: 102005K (38%)
----------------- Invoking toplevel() on ptolemy.moml.MoMLSimpleApplication@6d21150
----------------- Done invoking toplevel() on ptolemy.moml.MoMLSimpleApplication@6d21150
reloadAllAccessors: .Integration2

===========================================================================================
----------------- testing Sat Jan 18 06:43:17 UTC 2020 /home/travis/build/icyphy/ptII/ptolemy/domains/continuous/test/auto/Integration3.xml
----------------- Instantiating /home/travis/build/icyphy/ptII/ptolemy/domains/continuous/test/auto/Integration3.xml
2 ms. Memory: 270336K Free: 97399K (36%)
----------------- Invoking toplevel() on ptolemy.moml.MoMLSimpleApplication@2a8b9f41
----------------- Done invoking toplevel() on ptolemy.moml.MoMLSimpleApplication@2a8b9f41
reloadAllAccessors: .Integration3

===========================================================================================
----------------- testing Sat Jan 18 06:43:17 UTC 2020 /home/travis/build/icyphy/ptII/ptolemy/domains/continuous/test/auto/Integration5.xml
----------------- Instantiating /home/travis/build/icyphy/ptII/ptolemy/domains/continuous/test/auto/Integration5.xml
2 ms. Memory: 270336K Free: 93303K (35%)
----------------- Invoking toplevel() on ptolemy.moml.MoMLSimpleApplication@7437dbbb
----------------- Done invoking toplevel() on ptolemy.moml.MoMLSimpleApplication@7437dbbb
reloadAllAccessors: .Integration5

===========================================================================================
----------------- testing Sat Jan 18 06:43:17 UTC 2020 /home/travis/build/icyphy/ptII/ptolemy/domains/continuous/test/auto/IntegratorImpulse.xml
----------------- Instantiating /home/travis/build/icyphy/ptII/ptolemy/domains/continuous/test/auto/IntegratorImpulse.xml
2 ms. Memory: 270336K Free: 250202K (93%)
----------------- Invoking toplevel() on ptolemy.moml.MoMLSimpleApplication@57f5c9d9
----------------- Done invoking toplevel() on ptolemy.moml.MoMLSimpleApplication@57f5c9d9
reloadAllAccessors: .IntegratorImpulse

===========================================================================================
----------------- testing Sat Jan 18 06:43:18 UTC 2020 /home/travis/build/icyphy/ptII/ptolemy/domains/continuous/test/auto/IntegratorImpulse2.xml
----------------- Instantiating /home/travis/build/icyphy/ptII/ptolemy/domains/continuous/test/auto/IntegratorImpulse2.xml
3 ms. Memory: 270336K Free: 245586K (91%)
----------------- Invoking toplevel() on ptolemy.moml.MoMLSimpleApplication@1fd3057c
----------------- Done invoking toplevel() on ptolemy.moml.MoMLSimpleApplication@1fd3057c
reloadAllAccessors: .IntegratorImpulse2

===========================================================================================
----------------- testing Sat Jan 18 06:43:18 UTC 2020 /home/travis/build/icyphy/ptII/ptolemy/domains/continuous/test/auto/LevelCrossing1.xml
----------------- Instantiating /home/travis/build/icyphy/ptII/ptolemy/domains/continuous/test/auto/LevelCrossing1.xml
2 ms. Memory: 270336K Free: 240472K (89%)
----------------- Invoking toplevel() on ptolemy.moml.MoMLSimpleApplication@4ca288c
----------------- Done invoking toplevel() on ptolemy.moml.MoMLSimpleApplication@4ca288c
reloadAllAccessors: .LevelCrossing1

===========================================================================================
----------------- testing Sat Jan 18 06:43:18 UTC 2020 /home/travis/build/icyphy/ptII/ptolemy/domains/continuous/test/auto/LevelCrossing2.xml
----------------- Instantiating /home/travis/build/icyphy/ptII/ptolemy/domains/continuous/test/auto/LevelCrossing2.xml
2 ms. Memory: 270336K Free: 235346K (87%)
----------------- Invoking toplevel() on ptolemy.moml.MoMLSimpleApplication@3cd92d60
----------------- Done invoking toplevel() on ptolemy.moml.MoMLSimpleApplication@3cd92d60
reloadAllAccessors: .LevelCrossing2

===========================================================================================
----------------- testing Sat Jan 18 06:43:18 UTC 2020 /home/travis/build/icyphy/ptII/ptolemy/domains/continuous/test/auto/LevelCrossing3.xml
----------------- Instantiating /home/travis/build/icyphy/ptII/ptolemy/domains/continuous/test/auto/LevelCrossing3.xml
2 ms. Memory: 270336K Free: 230218K (85%)
----------------- Invoking toplevel() on ptolemy.moml.MoMLSimpleApplication@77d1fb44
----------------- Done invoking toplevel() on ptolemy.moml.MoMLSimpleApplication@77d1fb44
reloadAllAccessors: .LevelCrossing3

===========================================================================================
----------------- testing Sat Jan 18 06:43:18 UTC 2020 /home/travis/build/icyphy/ptII/ptolemy/domains/continuous/test/auto/LevelCrossing4.xml
----------------- Instantiating /home/travis/build/icyphy/ptII/ptolemy/domains/continuous/test/auto/LevelCrossing4.xml
6 ms. Memory: 270336K Free: 225098K (83%)
----------------- Invoking toplevel() on ptolemy.moml.MoMLSimpleApplication@373fb7d1
----------------- Done invoking toplevel() on ptolemy.moml.MoMLSimpleApplication@373fb7d1
reloadAllAccessors: .LevelCrossing4

===========================================================================================
----------------- testing Sat Jan 18 06:43:18 UTC 2020 /home/travis/build/icyphy/ptII/ptolemy/domains/continuous/test/auto/LevelCrossing5.xml
----------------- Instantiating /home/travis/build/icyphy/ptII/ptolemy/domains/continuous/test/auto/LevelCrossing5.xml
2 ms. Memory: 270336K Free: 219986K (81%)
----------------- Invoking toplevel() on ptolemy.moml.MoMLSimpleApplication@3be15d5
----------------- Done invoking toplevel() on ptolemy.moml.MoMLSimpleApplication@3be15d5
reloadAllAccessors: .LevelCrossing5

===========================================================================================
[...]
----------------- Done invoking toplevel() on ptolemy.moml.MoMLSimpleApplication@152f115f
reloadAllAccessors: .ResetTransitionWithStartTime6

===========================================================================================
----------------- testing Sat Jan 18 06:43:33 UTC 2020 /home/travis/build/icyphy/ptII/ptolemy/domains/continuous/test/auto/SRinContinuous.xml
----------------- Instantiating /home/travis/build/icyphy/ptII/ptolemy/domains/continuous/test/auto/SRinContinuous.xml
4 ms. Memory: 270336K Free: 127378K (47%)
----------------- Invoking toplevel() on ptolemy.moml.MoMLSimpleApplication@abdb424
----------------- Done invoking toplevel() on ptolemy.moml.MoMLSimpleApplication@abdb424
reloadAllAccessors: .SRinContinuous

===========================================================================================
----------------- testing Sat Jan 18 06:43:33 UTC 2020 /home/travis/build/icyphy/ptII/ptolemy/domains/continuous/test/auto/SampledClocks.xml
----------------- Instantiating /home/travis/build/icyphy/ptII/ptolemy/domains/continuous/test/auto/SampledClocks.xml
6 ms. Memory: 270336K Free: 114576K (42%)
----------------- Invoking toplevel() on ptolemy.moml.MoMLSimpleApplication@1276ac29
----------------- Done invoking toplevel() on ptolemy.moml.MoMLSimpleApplication@1276ac29
reloadAllAccessors: .SampledClocks

===========================================================================================
----------------- testing Sat Jan 18 06:43:33 UTC 2020 /home/travis/build/icyphy/ptII/ptolemy/domains/continuous/test/auto/Satellite.xml
----------------- Instantiating /home/travis/build/icyphy/ptII/ptolemy/domains/continuous/test/auto/Satellite.xml
740 ms. Memory: 270336K Free: 237562K (88%)
----------------- Invoking toplevel() on ptolemy.moml.MoMLSimpleApplication@8efd4be
----------------- Done invoking toplevel() on ptolemy.moml.MoMLSimpleApplication@8efd4be
reloadAllAccessors: .Satellite

===========================================================================================
----------------- testing Sat Jan 18 06:43:34 UTC 2020 /home/travis/build/icyphy/ptII/ptolemy/domains/continuous/test/auto/SigmaDelta.xml
----------------- Instantiating /home/travis/build/icyphy/ptII/ptolemy/domains/continuous/test/auto/SigmaDelta.xml
1908 ms. Memory: 270336K Free: 135820K (50%)
----------------- Invoking toplevel() on ptolemy.moml.MoMLSimpleApplication@18511
----------------- Done invoking toplevel() on ptolemy.moml.MoMLSimpleApplication@18511
reloadAllAccessors: .SigmaDelta

===========================================================================================
----------------- testing Sat Jan 18 06:43:36 UTC 2020 /home/travis/build/icyphy/ptII/ptolemy/domains/continuous/test/auto/SingleRefinement.xml
----------------- Instantiating /home/travis/build/icyphy/ptII/ptolemy/domains/continuous/test/auto/SingleRefinement.xml
280 ms. Memory: 270336K Free: 112741K (42%)
----------------- Invoking toplevel() on ptolemy.moml.MoMLSimpleApplication@7c5bd452
----------------- Done invoking toplevel() on ptolemy.moml.MoMLSimpleApplication@7c5bd452
reloadAllAccessors: .SingleRefinement

===========================================================================================
----------------- testing Sat Jan 18 06:43:36 UTC 2020 /home/travis/build/icyphy/ptII/ptolemy/domains/continuous/test/auto/SinuBouncingBall.xml
----------------- Instantiating /home/travis/build/icyphy/ptII/ptolemy/domains/continuous/test/auto/SinuBouncingBall.xml
726 ms. Memory: 270336K Free: 212805K (79%)
----------------- Invoking toplevel() on ptolemy.moml.MoMLSimpleApplication@203818f4
----------------- Done invoking toplevel() on ptolemy.moml.MoMLSimpleApplication@203818f4
reloadAllAccessors: .SinuBouncingBall

===========================================================================================
----------------- testing Sat Jan 18 06:43:37 UTC 2020 /home/travis/build/icyphy/ptII/ptolemy/domains/continuous/test/auto/Sinusoid.xml
----------------- Instantiating /home/travis/build/icyphy/ptII/ptolemy/domains/continuous/test/auto/Sinusoid.xml
4 ms. Memory: 270336K Free: 208199K (77%)
----------------- Invoking toplevel() on ptolemy.moml.MoMLSimpleApplication@6a1d0f7f
----------------- Done invoking toplevel() on ptolemy.moml.MoMLSimpleApplication@6a1d0f7f
reloadAllAccessors: .Sinusoid

===========================================================================================
----------------- testing Sat Jan 18 06:43:37 UTC 2020 /home/travis/build/icyphy/ptII/ptolemy/domains/continuous/test/auto/SinusoidInNoise.xml
----------------- Instantiating /home/travis/build/icyphy/ptII/ptolemy/domains/continuous/test/auto/SinusoidInNoise.xml
822 ms. Memory: 270336K Free: 232920K (86%)
----------------- Invoking toplevel() on ptolemy.moml.MoMLSimpleApplication@313965bd
----------------- Done invoking toplevel() on ptolemy.moml.MoMLSimpleApplication@313965bd
reloadAllAccessors: .SinusoidInNoise

===========================================================================================
----------------- testing Sat Jan 18 06:43:38 UTC 2020 /home/travis/build/icyphy/ptII/ptolemy/domains/continuous/test/auto/SinusoidRK45.xml
----------------- Instantiating /home/travis/build/icyphy/ptII/ptolemy/domains/continuous/test/auto/SinusoidRK45.xml
2 ms. Memory: 270336K Free: 228314K (84%)
----------------- Invoking toplevel() on ptolemy.moml.MoMLSimpleApplication@4fce4266
----------------- Done invoking toplevel() on ptolemy.moml.MoMLSimpleApplication@4fce4266
reloadAllAccessors: .SinusoidRK45

===========================================================================================
----------------- testing Sat Jan 18 06:43:38 UTC 2020 /home/travis/build/icyphy/ptII/ptolemy/domains/continuous/test/auto/SinusoidWithMultipleImpulses.xml
----------------- Instantiating /home/travis/build/icyphy/ptII/ptolemy/domains/continuous/test/auto/SinusoidWithMultipleImpulses.xml
10 ms. Memory: 270336K Free: 223704K (83%)
----------------- Invoking toplevel() on ptolemy.moml.MoMLSimpleApplication@5e966f32
----------------- Done invoking toplevel() on ptolemy.moml.MoMLSimpleApplication@5e966f32
reloadAllAccessors: .SinusoidWithMultipleImpulses

===========================================================================================
----------------- testing Sat Jan 18 06:43:38 UTC 2020 /home/travis/build/icyphy/ptII/ptolemy/domains/continuous/test/auto/SquareWave.xml
----------------- Instantiating /home/travis/build/icyphy/ptII/ptolemy/domains/continuous/test/auto/SquareWave.xml
139 ms. Memory: 270336K Free: 196570K (73%)
----------------- Invoking toplevel() on ptolemy.moml.MoMLSimpleApplication@43ed0859
----------------- Done invoking toplevel() on ptolemy.moml.MoMLSimpleApplication@43ed0859
reloadAllAccessors: .SquareWave

===========================================================================================
----------------- testing Sat Jan 18 06:43:38 UTC 2020 /home/travis/build/icyphy/ptII/ptolemy/domains/continuous/test/auto/Starmac.xml
----------------- Instantiating /home/travis/build/icyphy/ptII/ptolemy/domains/continuous/test/auto/Starmac.xml
3061 ms. Memory: 270336K Free: 197262K (73%)
----------------- Invoking toplevel() on ptolemy.moml.MoMLSimpleApplication@54e96236
----------------- Done invoking toplevel() on ptolemy.moml.MoMLSimpleApplication@54e96236
reloadAllAccessors: .Starmac

===========================================================================================
----------------- testing Sat Jan 18 06:43:41 UTC 2020 /home/travis/build/icyphy/ptII/ptolemy/domains/continuous/test/auto/StaticUnits.xml
----------------- Instantiating /home/travis/build/icyphy/ptII/ptolemy/domains/continuous/test/auto/StaticUnits.xml
1784 ms. Memory: 270336K Free: 203789K (75%)
----------------- Invoking toplevel() on ptolemy.moml.MoMLSimpleApplication@377b3347
----------------- Done invoking toplevel() on ptolemy.moml.MoMLSimpleApplication@377b3347
reloadAllAccessors: .StaticUnits

===========================================================================================
----------------- testing Sat Jan 18 06:43:44 UTC 2020 /home/travis/build/icyphy/ptII/ptolemy/domains/continuous/test/auto/StickyMasses.xml
----------------- Instantiating /home/travis/build/icyphy/ptII/ptolemy/domains/continuous/test/auto/StickyMasses.xml
137 ms. Memory: 270336K Free: 154127K (57%)
----------------- Invoking toplevel() on ptolemy.moml.MoMLSimpleApplication@44407f58
----------------- Done invoking toplevel() on ptolemy.moml.MoMLSimpleApplication@44407f58
reloadAllAccessors: .StickyMasses

===========================================================================================
----------------- testing Sat Jan 18 06:43:44 UTC 2020 /home/travis/build/icyphy/ptII/ptolemy/domains/continuous/test/auto/StopTime.xml
----------------- Instantiating /home/travis/build/icyphy/ptII/ptolemy/domains/continuous/test/auto/StopTime.xml
39 ms. Memory: 270336K Free: 129023K (48%)
----------------- Invoking toplevel() on ptolemy.moml.MoMLSimpleApplication@56dbdd88
----------------- Done invoking toplevel() on ptolemy.moml.MoMLSimpleApplication@56dbdd88
reloadAllAccessors: .StopTime

===========================================================================================
----------------- testing Sat Jan 18 06:43:44 UTC 2020 /home/travis/build/icyphy/ptII/ptolemy/domains/continuous/test/auto/StopTime2.xml
----------------- Instantiating /home/travis/build/icyphy/ptII/ptolemy/domains/continuous/test/auto/StopTime2.xml
31 ms. Memory: 270336K Free: 107023K (40%)
----------------- Invoking toplevel() on ptolemy.moml.MoMLSimpleApplication@d4e2cc3
----------------- Done invoking toplevel() on ptolemy.moml.MoMLSimpleApplication@d4e2cc3
reloadAllAccessors: .StopTime2

===========================================================================================
----------------- testing Sat Jan 18 06:43:44 UTC 2020 /home/travis/build/icyphy/ptII/ptolemy/domains/continuous/test/auto/Switch.xml
----------------- Instantiating /home/travis/build/icyphy/ptII/ptolemy/domains/continuous/test/auto/Switch.xml
46 ms. Memory: 270336K Free: 239140K (88%)
----------------- Invoking toplevel() on ptolemy.moml.MoMLSimpleApplication@5fe3636
----------------- Done invoking toplevel() on ptolemy.moml.MoMLSimpleApplication@5fe3636
reloadAllAccessors: .Switch

===========================================================================================
----------------- testing Sat Jan 18 06:43:44 UTC 2020 /home/travis/build/icyphy/ptII/ptolemy/domains/continuous/test/auto/Thermostat.xml
----------------- Instantiating /home/travis/build/icyphy/ptII/ptolemy/domains/continuous/test/auto/Thermostat.xml
175 ms. Memory: 270336K Free: 166906K (62%)
----------------- Invoking toplevel() on ptolemy.moml.MoMLSimpleApplication@10b2fa32
----------------- Done invoking toplevel() on ptolemy.moml.MoMLSimpleApplication@10b2fa32
reloadAllAccessors: .Thermostat

===========================================================================================
----------------- testing Sat Jan 18 06:43:44 UTC 2020 /home/travis/build/icyphy/ptII/ptolemy/domains/continuous/test/auto/TimeDelay.xml
----------------- Instantiating /home/travis/build/icyphy/ptII/ptolemy/domains/continuous/test/auto/TimeDelay.xml
4 ms. Memory: 270336K Free: 162315K (60%)
----------------- Invoking toplevel() on ptolemy.moml.MoMLSimpleApplication@275e1696
----------------- Done invoking toplevel() on ptolemy.moml.MoMLSimpleApplication@275e1696
reloadAllAccessors: .TimeDelay

===========================================================================================
----------------- testing Sat Jan 18 06:43:44 UTC 2020 /home/travis/build/icyphy/ptII/ptolemy/domains/continuous/test/auto/TimeDelay2.xml
----------------- Instantiating /home/travis/build/icyphy/ptII/ptolemy/domains/continuous/test/auto/TimeDelay2.xml
8 ms. Memory: 270336K Free: 152075K (56%)
----------------- Invoking toplevel() on ptolemy.moml.MoMLSimpleApplication@18628cd4
----------------- Done invoking toplevel() on ptolemy.moml.MoMLSimpleApplication@18628cd4
reloadAllAccessors: .TimeDelay2

===========================================================================================
----------------- testing Sat Jan 18 06:43:44 UTC 2020 /home/travis/build/icyphy/ptII/ptolemy/domains/continuous/test/auto/TimeDelay3.xml
----------------- Instantiating /home/travis/build/icyphy/ptII/ptolemy/domains/continuous/test/auto/TimeDelay3.xml
4 ms. Memory: 270336K Free: 147448K (55%)
----------------- Invoking toplevel() on ptolemy.moml.MoMLSimpleApplication@6ab5872
----------------- Done invoking toplevel() on ptolemy.moml.MoMLSimpleApplication@6ab5872
reloadAllAccessors: .TimeDelay3

===========================================================================================
----------------- testing Sat Jan 18 06:43:44 UTC 2020 /home/travis/build/icyphy/ptII/ptolemy/domains/continuous/test/auto/TransferAbsentToInside.xml
----------------- Instantiating /home/travis/build/icyphy/ptII/ptolemy/domains/continuous/test/auto/TransferAbsentToInside.xml
32 ms. Memory: 270336K Free: 93707K (35%)
----------------- Invoking toplevel() on ptolemy.moml.MoMLSimpleApplication@78af679
----------------- Done invoking toplevel() on ptolemy.moml.MoMLSimpleApplication@78af679
reloadAllAccessors: .TransferAbsentToInside

===========================================================================================
----------------- testing Sat Jan 18 06:43:45 UTC 2020 /home/travis/build/icyphy/ptII/ptolemy/domains/continuous/test/auto/Transmission.xml
----------------- Instantiating /home/travis/build/icyphy/ptII/ptolemy/domains/continuous/test/auto/Transmission.xml
754 ms. Memory: 270336K Free: 173554K (64%)
----------------- Invoking toplevel() on ptolemy.moml.MoMLSimpleApplication@2fa71d43
----------------- Done invoking toplevel() on ptolemy.moml.MoMLSimpleApplication@2fa71d43
reloadAllAccessors: .Transmission

===========================================================================================
----------------- testing Sat Jan 18 06:43:45 UTC 2020 /home/travis/build/icyphy/ptII/ptolemy/domains/continuous/test/auto/TriggeredContinuousClock.xml
----------------- Instantiating /home/travis/build/icyphy/ptII/ptolemy/domains/continuous/test/auto/TriggeredContinuousClock.xml
32 ms. Memory: 270336K Free: 143834K (53%)
----------------- Invoking toplevel() on ptolemy.moml.MoMLSimpleApplication@62a33462
----------------- Done invoking toplevel() on ptolemy.moml.MoMLSimpleApplication@62a33462
reloadAllAccessors: .TriggeredContinuousClock

===========================================================================================
----------------- testing Sat Jan 18 06:43:45 UTC 2020 /home/travis/build/icyphy/ptII/ptolemy/domains/continuous/test/auto/TwoMachineInfiniteBusControl.xml
----------------- Instantiating /home/travis/build/icyphy/ptII/ptolemy/domains/continuous/test/auto/TwoMachineInfiniteBusControl.xml
2648 ms. Memory: 324608K Free: 132037K (41%)
----------------- Invoking toplevel() on ptolemy.moml.MoMLSimpleApplication@3977ebaa
----------------- Done invoking toplevel() on ptolemy.moml.MoMLSimpleApplication@3977ebaa
reloadAllAccessors: .TwoMachineInfiniteBusControl

===========================================================================================
----------------- testing Sat Jan 18 06:43:48 UTC 2020 /home/travis/build/icyphy/ptII/ptolemy/domains/continuous/test/auto/V2V.xml
----------------- Instantiating /home/travis/build/icyphy/ptII/ptolemy/domains/continuous/test/auto/V2V.xml
645 ms. Memory: 324608K Free: 132031K (41%)
----------------- Invoking toplevel() on ptolemy.moml.MoMLSimpleApplication@1a55d203
----------------- Done invoking toplevel() on ptolemy.moml.MoMLSimpleApplication@1a55d203
reloadAllAccessors: .V2V

===========================================================================================
----------------- testing Sat Jan 18 06:43:49 UTC 2020 /home/travis/build/icyphy/ptII/ptolemy/domains/continuous/test/auto/hierarchicalModalModel.xml
----------------- Instantiating /home/travis/build/icyphy/ptII/ptolemy/domains/continuous/test/auto/hierarchicalModalModel.xml
7 ms. Memory: 324608K Free: 118190K (36%)
----------------- Invoking toplevel() on ptolemy.moml.MoMLSimpleApplication@7c4e5fdf
----------------- Done invoking toplevel() on ptolemy.moml.MoMLSimpleApplication@7c4e5fdf
reloadAllAccessors: .hierarchicalModalModel

===========================================================================================
----------------- testing Sat Jan 18 06:43:49 UTC 2020 /home/travis/build/icyphy/ptII/ptolemy/domains/continuous/test/auto/hierarchicalModalModel1.xml
----------------- Instantiating /home/travis/build/icyphy/ptII/ptolemy/domains/continuous/test/auto/hierarchicalModalModel1.xml
7 ms. Memory: 324608K Free: 292792K (90%)
----------------- Invoking toplevel() on ptolemy.moml.MoMLSimpleApplication@360e942a
----------------- Done invoking toplevel() on ptolemy.moml.MoMLSimpleApplication@360e942a
reloadAllAccessors: .hierarchicalModalModel1

===========================================================================================
----------------- testing Sat Jan 18 06:43:49 UTC 2020 /home/travis/build/icyphy/ptII/ptolemy/domains/continuous/test/auto/hierarchicalModalModel2.xml
----------------- Instantiating /home/travis/build/icyphy/ptII/ptolemy/domains/continuous/test/auto/hierarchicalModalModel2.xml
6 ms. Memory: 324608K Free: 280504K (86%)
----------------- Invoking toplevel() on ptolemy.moml.MoMLSimpleApplication@7c178387
----------------- Done invoking toplevel() on ptolemy.moml.MoMLSimpleApplication@7c178387
reloadAllAccessors: .hierarchicalModalModel2

===========================================================================================
----------------- testing Sat Jan 18 06:43:49 UTC 2020 /home/travis/build/icyphy/ptII/ptolemy/domains/continuous/test/auto/hierarchicalModalModel3.xml
----------------- Instantiating /home/travis/build/icyphy/ptII/ptolemy/domains/continuous/test/auto/hierarchicalModalModel3.xml
5 ms. Memory: 324608K Free: 269750K (83%)
----------------- Invoking toplevel() on ptolemy.moml.MoMLSimpleApplication@2a0def23
----------------- Done invoking toplevel() on ptolemy.moml.MoMLSimpleApplication@2a0def23
reloadAllAccessors: .hierarchicalModalModel3

===========================================================================================
----------------- testing Sat Jan 18 06:43:49 UTC 2020 /home/travis/build/icyphy/ptII/ptolemy/domains/continuous/test/auto/hierarchicalModalModel4.xml
----------------- Instantiating /home/travis/build/icyphy/ptII/ptolemy/domains/continuous/test/auto/hierarchicalModalModel4.xml
4 ms. Memory: 324608K Free: 257976K (79%)
----------------- Invoking toplevel() on ptolemy.moml.MoMLSimpleApplication@6a1217a1
----------------- Done invoking toplevel() on ptolemy.moml.MoMLSimpleApplication@6a1217a1
reloadAllAccessors: .hierarchicalModalModel4

===========================================================================================
----------------- testing Sat Jan 18 06:43:49 UTC 2020 /home/travis/build/icyphy/ptII/ptolemy/domains/continuous/test/auto/junk.xml
----------------- Instantiating /home/travis/build/icyphy/ptII/ptolemy/domains/continuous/test/auto/junk.xml
113 ms. Memory: 324608K Free: 229814K (71%)
----------------- Invoking toplevel() on ptolemy.moml.MoMLSimpleApplication@3324be4d
----------------- Done invoking toplevel() on ptolemy.moml.MoMLSimpleApplication@3324be4d
reloadAllAccessors: .junk
AutoTests.java: About to close Vertx.
AutoTests.java: Vertx closed.
]]></system-out>
  <system-err><![CDATA[Warning: '.HysteresisWithRandomDelay.NonStrictTest3' The test produced only 29 tokens, yet the correctValues parameter was expecting 30 tokens.
Warning: '.Poisson.NonStrictTest' The test produced only 390 tokens, yet the correctValues parameter was expecting 430 tokens.
]]></system-err>
</testsuite>
