<?xml version="1.0" encoding="UTF-8" ?>
<testsuite errors="0" failures="0" hostname="travis-job-da167d05-bea3-4da1-ac9f-596c94f5c9d0" name="ptolemy.domains.de.test.junit.JUnitTclTest" skipped="0" tests="101" time="124.767" timestamp="2018-11-14T02:44:52">
  <properties>
[...]
</properties>
  <testcase classname="ptolemy.util.test.junit.TclTests" name="[0] /home/travis/build/icyphy/ptII/ptolemy/domains/de/test/DependencyLoop.tcl (RunTclFile)" time="0.711" />
  <testcase classname="ptolemy.util.test.junit.TclTests" name="[1] /home/travis/build/icyphy/ptII/ptolemy/domains/de/test/RunDETestsAsQSS.tcl (RunTclFile)" time="85.149" />
  <testcase classname="ptolemy.util.test.junit.AutoKnownFailedTests" name="[0] /home/travis/build/icyphy/ptII/ptolemy/domains/de/test/auto/knownFailedTests/DESDFClockTest.xml (RunModel)" time="2.03" />
  <testcase classname="ptolemy.util.test.junit.AutoKnownFailedTests" name="[1] /home/travis/build/icyphy/ptII/ptolemy/domains/de/test/auto/knownFailedTests/DirectFeedback.xml (RunModel)" time="0.021" />
  <testcase classname="ptolemy.util.test.junit.AutoKnownFailedTests" name="[2] /home/travis/build/icyphy/ptII/ptolemy/domains/de/test/auto/knownFailedTests/FSMSource.xml (RunModel)" time="0.016" />
  <testcase classname="ptolemy.util.test.junit.AutoKnownFailedTests" name="[3] /home/travis/build/icyphy/ptII/ptolemy/domains/de/test/auto/knownFailedTests/HierarchicalModel.xml (RunModel)" time="0.035" />
  <testcase classname="ptolemy.util.test.junit.AutoKnownFailedTests" name="[4] /home/travis/build/icyphy/ptII/ptolemy/domains/de/test/auto/knownFailedTests/dependencyLoop.xml (RunModel)" time="0.033" />
  <testcase classname="ptolemy.util.test.junit.AutoKnownFailedTests" name="[5] /home/travis/build/icyphy/ptII/ptolemy/domains/de/test/auto/knownFailedTests/dependencyLoop2.xml (RunModel)" time="0.047" />
  <testcase classname="ptolemy.util.test.junit.AutoNameArchTests" name="[0] ThereAreNoAutoArchTests (RunModel)" time="0.005" />
  <testcase classname="ptolemy.util.test.junit.AutoTests" name="[0] /home/travis/build/icyphy/ptII/ptolemy/domains/de/test/auto/ActorDepthCalculation_actorWithoutPorts.xml (RunModel)" time="0.018" />
  <testcase classname="ptolemy.util.test.junit.AutoTests" name="[1] /home/travis/build/icyphy/ptII/ptolemy/domains/de/test/auto/AssemblyLine.xml (RunModel)" time="0.016" />
  <testcase classname="ptolemy.util.test.junit.AutoTests" name="[2] /home/travis/build/icyphy/ptII/ptolemy/domains/de/test/auto/CQBug1.xml (RunModel)" time="0.006" />
  <testcase classname="ptolemy.util.test.junit.AutoTests" name="[3] /home/travis/build/icyphy/ptII/ptolemy/domains/de/test/auto/CancelFireAt.xml (RunModel)" time="0.005" />
  <testcase classname="ptolemy.util.test.junit.AutoTests" name="[4] /home/travis/build/icyphy/ptII/ptolemy/domains/de/test/auto/CausalityAndComposabilityAnalysis.xml (RunModel)" time="0.01" />
  <testcase classname="ptolemy.util.test.junit.AutoTests" name="[5] /home/travis/build/icyphy/ptII/ptolemy/domains/de/test/auto/CausalityInterface1.xml (RunModel)" time="0.011" />
  <testcase classname="ptolemy.util.test.junit.AutoTests" name="[6] /home/travis/build/icyphy/ptII/ptolemy/domains/de/test/auto/CausalityInterface15.xml (RunModel)" time="0.013" />
  <testcase classname="ptolemy.util.test.junit.AutoTests" name="[7] /home/travis/build/icyphy/ptII/ptolemy/domains/de/test/auto/CausalityInterface2.xml (RunModel)" time="0.01" />
  <testcase classname="ptolemy.util.test.junit.AutoTests" name="[8] /home/travis/build/icyphy/ptII/ptolemy/domains/de/test/auto/CausalityInterface3.xml (RunModel)" time="0.011" />
  <testcase classname="ptolemy.util.test.junit.AutoTests" name="[9] /home/travis/build/icyphy/ptII/ptolemy/domains/de/test/auto/ClockDrift.xml (RunModel)" time="0.036" />
  <testcase classname="ptolemy.util.test.junit.AutoTests" name="[10] /home/travis/build/icyphy/ptII/ptolemy/domains/de/test/auto/ClockDriftAndValueChange.xml (RunModel)" time="0.03" />
  <testcase classname="ptolemy.util.test.junit.AutoTests" name="[11] /home/travis/build/icyphy/ptII/ptolemy/domains/de/test/auto/ClockDriftChange.xml (RunModel)" time="0.026" />
  <testcase classname="ptolemy.util.test.junit.AutoTests" name="[12] /home/travis/build/icyphy/ptII/ptolemy/domains/de/test/auto/ComposableCausalityAnalysis.xml (RunModel)" time="0.016" />
  <testcase classname="ptolemy.util.test.junit.AutoTests" name="[13] /home/travis/build/icyphy/ptII/ptolemy/domains/de/test/auto/DEFixedPointLimitation.xml (RunModel)" time="0.011" />
  <testcase classname="ptolemy.util.test.junit.AutoTests" name="[14] /home/travis/build/icyphy/ptII/ptolemy/domains/de/test/auto/DEScheduleTest.xml (RunModel)" time="0.011" />
  <testcase classname="ptolemy.util.test.junit.AutoTests" name="[15] /home/travis/build/icyphy/ptII/ptolemy/domains/de/test/auto/DEinDEwithStartTimes.xml (RunModel)" time="0.012" />
  <testcase classname="ptolemy.util.test.junit.AutoTests" name="[16] /home/travis/build/icyphy/ptII/ptolemy/domains/de/test/auto/DEinDEwithStartTimes2.xml (RunModel)" time="0.012" />
  <testcase classname="ptolemy.util.test.junit.AutoTests" name="[17] /home/travis/build/icyphy/ptII/ptolemy/domains/de/test/auto/DateDemo.xml (RunModel)" time="0.026" />
  <testcase classname="ptolemy.util.test.junit.AutoTests" name="[18] /home/travis/build/icyphy/ptII/ptolemy/domains/de/test/auto/DateToEvent.xml (RunModel)" time="2.037" />
  <testcase classname="ptolemy.util.test.junit.AutoTests" name="[19] /home/travis/build/icyphy/ptII/ptolemy/domains/de/test/auto/DepthTest1.xml (RunModel)" time="0.015" />
  <testcase classname="ptolemy.util.test.junit.AutoTests" name="[20] /home/travis/build/icyphy/ptII/ptolemy/domains/de/test/auto/DepthTest2.xml (RunModel)" time="0.019" />
  <testcase classname="ptolemy.util.test.junit.AutoTests" name="[21] /home/travis/build/icyphy/ptII/ptolemy/domains/de/test/auto/DepthTest3.xml (RunModel)" time="0.009" />
  <testcase classname="ptolemy.util.test.junit.AutoTests" name="[22] /home/travis/build/icyphy/ptII/ptolemy/domains/de/test/auto/DepthTest4.xml (RunModel)" time="0.01" />
  <testcase classname="ptolemy.util.test.junit.AutoTests" name="[23] /home/travis/build/icyphy/ptII/ptolemy/domains/de/test/auto/DepthTest5.xml (RunModel)" time="0.018" />
  <testcase classname="ptolemy.util.test.junit.AutoTests" name="[24] /home/travis/build/icyphy/ptII/ptolemy/domains/de/test/auto/DepthTest6.xml (RunModel)" time="0.018" />
  <testcase classname="ptolemy.util.test.junit.AutoTests" name="[25] /home/travis/build/icyphy/ptII/ptolemy/domains/de/test/auto/DepthTest7.xml (RunModel)" time="0.015" />
  <testcase classname="ptolemy.util.test.junit.AutoTests" name="[26] /home/travis/build/icyphy/ptII/ptolemy/domains/de/test/auto/EventToDate.xml (RunModel)" time="3.035" />
  <testcase classname="ptolemy.util.test.junit.AutoTests" name="[27] /home/travis/build/icyphy/ptII/ptolemy/domains/de/test/auto/FSM1.xml (RunModel)" time="0.03" />
  <testcase classname="ptolemy.util.test.junit.AutoTests" name="[28] /home/travis/build/icyphy/ptII/ptolemy/domains/de/test/auto/FSM7.xml (RunModel)" time="0.027" />
  <testcase classname="ptolemy.util.test.junit.AutoTests" name="[29] /home/travis/build/icyphy/ptII/ptolemy/domains/de/test/auto/Inspection.xml (RunModel)" time="0.034" />
  <testcase classname="ptolemy.util.test.junit.AutoTests" name="[30] /home/travis/build/icyphy/ptII/ptolemy/domains/de/test/auto/Iteration.xml (RunModel)" time="0.017" />
  <testcase classname="ptolemy.util.test.junit.AutoTests" name="[31] /home/travis/build/icyphy/ptII/ptolemy/domains/de/test/auto/LineFault.xml (RunModel)" time="0.554" />
  <testcase classname="ptolemy.util.test.junit.AutoTests" name="[32] /home/travis/build/icyphy/ptII/ptolemy/domains/de/test/auto/MergeModel1Add.xml (RunModel)" time="0.04" />
  <testcase classname="ptolemy.util.test.junit.AutoTests" name="[33] /home/travis/build/icyphy/ptII/ptolemy/domains/de/test/auto/MergeModel2Add.xml (RunModel)" time="0.039" />
  <testcase classname="ptolemy.util.test.junit.AutoTests" name="[34] /home/travis/build/icyphy/ptII/ptolemy/domains/de/test/auto/MergeModel3Add.xml (RunModel)" time="0.033" />
  <testcase classname="ptolemy.util.test.junit.AutoTests" name="[35] /home/travis/build/icyphy/ptII/ptolemy/domains/de/test/auto/MergeWithoutDiscard.xml (RunModel)" time="0.009" />
  <testcase classname="ptolemy.util.test.junit.AutoTests" name="[36] /home/travis/build/icyphy/ptII/ptolemy/domains/de/test/auto/Modal1.xml (RunModel)" time="0.024" />
  <testcase classname="ptolemy.util.test.junit.AutoTests" name="[37] /home/travis/build/icyphy/ptII/ptolemy/domains/de/test/auto/Modal2.xml (RunModel)" time="0.025" />
  <testcase classname="ptolemy.util.test.junit.AutoTests" name="[38] /home/travis/build/icyphy/ptII/ptolemy/domains/de/test/auto/Modal3.xml (RunModel)" time="0.024" />
  <testcase classname="ptolemy.util.test.junit.AutoTests" name="[39] /home/travis/build/icyphy/ptII/ptolemy/domains/de/test/auto/Modal4.xml (RunModel)" time="0.034" />
  <testcase classname="ptolemy.util.test.junit.AutoTests" name="[40] /home/travis/build/icyphy/ptII/ptolemy/domains/de/test/auto/Modal5.xml (RunModel)" time="0.027" />
  <testcase classname="ptolemy.util.test.junit.AutoTests" name="[41] /home/travis/build/icyphy/ptII/ptolemy/domains/de/test/auto/Modal6.xml (RunModel)" time="0.027" />
  <testcase classname="ptolemy.util.test.junit.AutoTests" name="[42] /home/travis/build/icyphy/ptII/ptolemy/domains/de/test/auto/Modal7.xml (RunModel)" time="0.027" />
  <testcase classname="ptolemy.util.test.junit.AutoTests" name="[43] /home/travis/build/icyphy/ptII/ptolemy/domains/de/test/auto/ModalModel.xml (RunModel)" time="0.153" />
  <testcase classname="ptolemy.util.test.junit.AutoTests" name="[44] /home/travis/build/icyphy/ptII/ptolemy/domains/de/test/auto/ModalSource.xml (RunModel)" time="0.018" />
  <testcase classname="ptolemy.util.test.junit.AutoTests" name="[45] /home/travis/build/icyphy/ptII/ptolemy/domains/de/test/auto/NonInterruptibleTimerZeroDelay.xml (RunModel)" time="0.009" />
  <testcase classname="ptolemy.util.test.junit.AutoTests" name="[46] /home/travis/build/icyphy/ptII/ptolemy/domains/de/test/auto/OpenQueueingNetwork.xml (RunModel)" time="2.194" />
  <testcase classname="ptolemy.util.test.junit.AutoTests" name="[47] /home/travis/build/icyphy/ptII/ptolemy/domains/de/test/auto/OpenQueuingNetwork.xml (RunModel)" time="0.257" />
  <testcase classname="ptolemy.util.test.junit.AutoTests" name="[48] /home/travis/build/icyphy/ptII/ptolemy/domains/de/test/auto/PeriodicSampler.xml (RunModel)" time="0.008" />
  <testcase classname="ptolemy.util.test.junit.AutoTests" name="[49] /home/travis/build/icyphy/ptII/ptolemy/domains/de/test/auto/PersistentIO.xml (RunModel)" time="0.02" />
  <testcase classname="ptolemy.util.test.junit.AutoTests" name="[50] /home/travis/build/icyphy/ptII/ptolemy/domains/de/test/auto/PortParameterResetOnInitialize.xml (RunModel)" time="0.009" />
  <testcase classname="ptolemy.util.test.junit.AutoTests" name="[51] /home/travis/build/icyphy/ptII/ptolemy/domains/de/test/auto/PortParameterUpdates.xml (RunModel)" time="0.013" />
  <testcase classname="ptolemy.util.test.junit.AutoTests" name="[52] /home/travis/build/icyphy/ptII/ptolemy/domains/de/test/auto/QueueAndServer.xml (RunModel)" time="0.02" />
  <testcase classname="ptolemy.util.test.junit.AutoTests" name="[53] /home/travis/build/icyphy/ptII/ptolemy/domains/de/test/auto/Records.xml (RunModel)" time="0.018" />
  <testcase classname="ptolemy.util.test.junit.AutoTests" name="[54] /home/travis/build/icyphy/ptII/ptolemy/domains/de/test/auto/ResetTransitionWithStartTime1.xml (RunModel)" time="0.019" />
  <testcase classname="ptolemy.util.test.junit.AutoTests" name="[55] /home/travis/build/icyphy/ptII/ptolemy/domains/de/test/auto/ResetTransitionWithStartTime2.xml (RunModel)" time="0.02" />
  <testcase classname="ptolemy.util.test.junit.AutoTests" name="[56] /home/travis/build/icyphy/ptII/ptolemy/domains/de/test/auto/ResetTransitionWithStartTime3.xml (RunModel)" time="0.017" />
  <testcase classname="ptolemy.util.test.junit.AutoTests" name="[57] /home/travis/build/icyphy/ptII/ptolemy/domains/de/test/auto/ResetTransitionWithStartTime4.xml (RunModel)" time="0.016" />
  <testcase classname="ptolemy.util.test.junit.AutoTests" name="[58] /home/travis/build/icyphy/ptII/ptolemy/domains/de/test/auto/ResettableTimer1.xml (RunModel)" time="0.015" />
  <testcase classname="ptolemy.util.test.junit.AutoTests" name="[59] /home/travis/build/icyphy/ptII/ptolemy/domains/de/test/auto/ResettableTimer2.xml (RunModel)" time="0.01" />
  <testcase classname="ptolemy.util.test.junit.AutoTests" name="[60] /home/travis/build/icyphy/ptII/ptolemy/domains/de/test/auto/ResettableTimer3.xml (RunModel)" time="0.008" />
  <testcase classname="ptolemy.util.test.junit.AutoTests" name="[61] /home/travis/build/icyphy/ptII/ptolemy/domains/de/test/auto/ResettableTimer4.xml (RunModel)" time="0.008" />
  <testcase classname="ptolemy.util.test.junit.AutoTests" name="[62] /home/travis/build/icyphy/ptII/ptolemy/domains/de/test/auto/ResettableTimer5.xml (RunModel)" time="0.008" />
  <testcase classname="ptolemy.util.test.junit.AutoTests" name="[63] /home/travis/build/icyphy/ptII/ptolemy/domains/de/test/auto/ResettableTimer6.xml (RunModel)" time="0.019" />
  <testcase classname="ptolemy.util.test.junit.AutoTests" name="[64] /home/travis/build/icyphy/ptII/ptolemy/domains/de/test/auto/ServerZeroDelay.xml (RunModel)" time="0.015" />
  <testcase classname="ptolemy.util.test.junit.AutoTests" name="[65] /home/travis/build/icyphy/ptII/ptolemy/domains/de/test/auto/SmartSender.xml (RunModel)" time="3.009" />
  <testcase classname="ptolemy.util.test.junit.AutoTests" name="[66] /home/travis/build/icyphy/ptII/ptolemy/domains/de/test/auto/ThreadedComposite.xml (RunModel)" time="0.12" />
  <testcase classname="ptolemy.util.test.junit.AutoTests" name="[67] /home/travis/build/icyphy/ptII/ptolemy/domains/de/test/auto/Time.xml (RunModel)" time="0.421" />
  <testcase classname="ptolemy.util.test.junit.AutoTests" name="[68] /home/travis/build/icyphy/ptII/ptolemy/domains/de/test/auto/TimeDelayZeroDelay.xml (RunModel)" time="0.01" />
  <testcase classname="ptolemy.util.test.junit.AutoTests" name="[69] /home/travis/build/icyphy/ptII/ptolemy/domains/de/test/auto/TimerZeroDelay.xml (RunModel)" time="0.009" />
  <testcase classname="ptolemy.util.test.junit.AutoTests" name="[70] /home/travis/build/icyphy/ptII/ptolemy/domains/de/test/auto/TimingParadox.xml (RunModel)" time="0.359" />
  <testcase classname="ptolemy.util.test.junit.AutoTests" name="[71] /home/travis/build/icyphy/ptII/ptolemy/domains/de/test/auto/TransferInputs.xml (RunModel)" time="0.008" />
  <testcase classname="ptolemy.util.test.junit.AutoTests" name="[72] /home/travis/build/icyphy/ptII/ptolemy/domains/de/test/auto/TransferOutputs2.xml (RunModel)" time="0.013" />
  <testcase classname="ptolemy.util.test.junit.AutoTests" name="[73] /home/travis/build/icyphy/ptII/ptolemy/domains/de/test/auto/Trilateration.xml (RunModel)" time="10.99" />
  <testcase classname="ptolemy.util.test.junit.AutoTests" name="[74] /home/travis/build/icyphy/ptII/ptolemy/domains/de/test/auto/TwoSigmaDelta.xml (RunModel)" time="1.989" />
  <testcase classname="ptolemy.util.test.junit.AutoTests" name="[75] /home/travis/build/icyphy/ptII/ptolemy/domains/de/test/auto/VariableDelay.xml (RunModel)" time="0.01" />
  <testcase classname="ptolemy.util.test.junit.AutoTests" name="[76] /home/travis/build/icyphy/ptII/ptolemy/domains/de/test/auto/VariableDelay2.xml (RunModel)" time="0.011" />
  <testcase classname="ptolemy.util.test.junit.AutoTests" name="[77] /home/travis/build/icyphy/ptII/ptolemy/domains/de/test/auto/VariableDelayZeroDelay.xml (RunModel)" time="0.008" />
  <testcase classname="ptolemy.util.test.junit.AutoTests" name="[78] /home/travis/build/icyphy/ptII/ptolemy/domains/de/test/auto/VariableDelayZeroDelay2.xml (RunModel)" time="0.012" />
  <testcase classname="ptolemy.util.test.junit.AutoTests" name="[79] /home/travis/build/icyphy/ptII/ptolemy/domains/de/test/auto/deInCt.xml (RunModel)" time="0.018" />
  <testcase classname="ptolemy.util.test.junit.AutoTests" name="[80] /home/travis/build/icyphy/ptII/ptolemy/domains/de/test/auto/deInCt2.xml (RunModel)" time="0.016" />
  <testcase classname="ptolemy.util.test.junit.AutoTests" name="[81] /home/travis/build/icyphy/ptII/ptolemy/domains/de/test/auto/dynamicCausalityInterface1.xml (RunModel)" time="0.019" />
  <testcase classname="ptolemy.util.test.junit.AutoTests" name="[82] /home/travis/build/icyphy/ptII/ptolemy/domains/de/test/auto/fsm_de_test.xml (RunModel)" time="0.02" />
  <testcase classname="ptolemy.util.test.junit.AutoTests" name="[83] /home/travis/build/icyphy/ptII/ptolemy/domains/de/test/auto/functionDependencyReconstruction.xml (RunModel)" time="0.028" />
  <testcase classname="ptolemy.util.test.junit.AutoTests" name="[84] /home/travis/build/icyphy/ptII/ptolemy/domains/de/test/auto/multirate.xml (RunModel)" time="0.019" />
  <testcase classname="ptolemy.util.test.junit.AutoTests" name="[85] /home/travis/build/icyphy/ptII/ptolemy/domains/de/test/auto/multirate2.xml (RunModel)" time="0.014" />
  <testcase classname="ptolemy.util.test.junit.AutoTests" name="[86] /home/travis/build/icyphy/ptII/ptolemy/domains/de/test/auto/realtime.xml (RunModel)" time="10.009" />
  <testcase classname="ptolemy.util.test.junit.AutoTests" name="[87] /home/travis/build/icyphy/ptII/ptolemy/domains/de/test/auto/relationGroup.xml (RunModel)" time="0.009" />
  <testcase classname="ptolemy.util.test.junit.AutoTests" name="[88] /home/travis/build/icyphy/ptII/ptolemy/domains/de/test/auto/relationGroup2.xml (RunModel)" time="0.012" />
  <testcase classname="ptolemy.util.test.junit.AutoTests" name="[89] /home/travis/build/icyphy/ptII/ptolemy/domains/de/test/auto/sortWithOpaquePorts.xml (RunModel)" time="0.011" />
  <testcase classname="ptolemy.util.test.junit.AutoTests" name="[90] /home/travis/build/icyphy/ptII/ptolemy/domains/de/test/auto/transferInputsandOutputs.xml (RunModel)" time="0.017" />
  <testcase classname="ptolemy.util.test.junit.AutoTests" name="[91] /home/travis/build/icyphy/ptII/ptolemy/domains/de/test/auto/triggerType.xml (RunModel)" time="0.011" />
  <system-out><![CDATA[/home/travis/build/icyphy/ptII/ptolemy/domains/de/test/DependencyLoop.tcl
testDefs.tcl: setting time out to 9000 seconds at Wed Nov 14 02:44:52 UTC 2018
15 ms. Memory: 116224K Free: 93383K (80%)
9 ms. Memory: 146944K Free: 135443K (92%)
/home/travis/build/icyphy/ptII/ptolemy/domains/de/test/RunDETestsAsQSS.tcl
Run the DE tests using ptolemy.domains.qss.test.QSSDirectorTest, which extends QSSDirector and prints a message in the constructors.
------------------ testing $PTII/ptolemy/domains/de/test/auto/knownFailedTests/dependencyLoop.xml (Known Failure) 
9 ms. Memory: 146944K Free: 132330K (90%)


==== $PTIIhome/travis/build/icyphy/ptII/ptolemy/domains/de/test/../../../../: Auto Automatic test in file $PTII/ptolemy/domains/de/test/auto/knownFailedTests/dependencyLoop.xml
==== Contents of test case:

	    # FIXME: we should use $relativeFilename here, but it
	    # might have backslashes under Windows, which causes no end
	    # of trouble.
	    createAndExecute $file
	    list {}
	
.... Test generated KNOWN error:
    while executing
ptolemy.kernel.util.IllegalActionException: Found a zero delay loop containing .dependencyLoop.original
  in .dependencyLoop and .dependencyLoop.original
	at ptolemy.actor.util.CausalityInterfaceForComposites._computeOutputPortDepth(CausalityInterfaceForComposites.java:759)
	at ptolemy.actor.util.CausalityInterfaceForComposites._computeInputDepth(CausalityInterfaceForComposites.java:696)
	at ptolemy.actor.util.CausalityInterfaceForComposites._computeOutputPortDepth(CausalityInterfaceForComposites.java:765)
	at ptolemy.actor.util.CausalityInterfaceForComposites._computeInputDepth(CausalityInterfaceForComposites.java:696)
	at ptolemy.actor.util.CausalityInterfaceForComposites._computeOutputPortDepth(CausalityInterfaceForComposites.java:765)
	at ptolemy.actor.util.CausalityInterfaceForComposites._computeInputDepth(CausalityInterfaceForComposites.java:696)
	at ptolemy.actor.util.CausalityInterfaceForComposites._computeActorDepth(CausalityInterfaceForComposites.java:532)
	at ptolemy.actor.util.CausalityInterfaceForComposites.checkForCycles(CausalityInterfaceForComposites.java:96)
	at ptolemy.domains.de.kernel.DEDirector.preinitialize(DEDirector.java:1338)
	at ptolemy.actor.CompositeActor.preinitialize(CompositeActor.java:1828)
	at ptolemy.actor.Manager.preinitializeAndResolveTypes(Manager.java:1040)
	at ptolemy.actor.Manager.initialize(Manager.java:710)
	at ptolemy.actor.Manager.execute(Manager.java:356)
	at ptolemy.actor.Manager.run(Manager.java:1263)
	at ptolemy.actor.Manager$PtolemyRunThread.run(Manager.java:1915)

    while executing
ptolemy.kernel.util.IllegalActionException: Found a zero delay loop containing .dependencyLoop.original
  in .dependencyLoop and .dependencyLoop.original
    while executing
"java::new ptolemy.moml.MoMLSimpleApplication $file
"
    (procedure "createAndExecute" line 2)
    invoked from within
"createAndExecute $file"
    ("uplevel" body line 5)
    invoked from within
"uplevel $contents_of_test"
------------------ testing $PTII/ptolemy/domains/de/test/auto/knownFailedTests/DESDFClockTest.xml (Known Failure) 
2088 ms. Memory: 146944K Free: 116503K (79%)


==== $PTIIhome/travis/build/icyphy/ptII/ptolemy/domains/de/test/../../../../: Auto Automatic test in file $PTII/ptolemy/domains/de/test/auto/knownFailedTests/DESDFClockTest.xml
==== Contents of test case:

	    # FIXME: we should use $relativeFilename here, but it
	    # might have backslashes under Windows, which causes no end
	    # of trouble.
	    createAndExecute $file
	    list {}
	
.... Test generated KNOWN error:
    while executing
ptolemy.kernel.util.IllegalActionException: Actor is not ready to fire.  Perhaps UpSample.prefire() returned false? Try debugging the actor by selecting "Listen to Actor".  Also, for SDF check moml for tokenConsumptionRate on input.
  in .DESDFClockTest.Play Bell.Copy1:SDF Director and .DESDFClockTest.Play Bell.UpSample
	at ptolemy.actor.sched.StaticSchedulingDirector.fire(StaticSchedulingDirector.java:227)
	at ptolemy.domains.sdf.kernel.SDFDirector.fire(SDFDirector.java:500)
	at ptolemy.actor.CompositeActor.fire(CompositeActor.java:455)
	at ptolemy.domains.de.kernel.DEDirector._fire(DEDirector.java:1949)
	at ptolemy.domains.de.kernel.DEDirector.fire(DEDirector.java:502)
	at ptolemy.actor.CompositeActor.fire(CompositeActor.java:455)
	at ptolemy.actor.Manager.iterate(Manager.java:851)
	at ptolemy.actor.Manager.execute(Manager.java:369)
	at ptolemy.actor.Manager.run(Manager.java:1263)
	at ptolemy.actor.Manager$PtolemyRunThread.run(Manager.java:1915)

    while executing
ptolemy.kernel.util.IllegalActionException: Actor is not ready to fire.  Perhaps UpSample.prefire() returned false? Try debugging the actor by selecting "Listen to Actor".  Also, for SDF check moml for tokenConsumptionRate on input.
  in .DESDFClockTest.Play Bell.Copy1:SDF Director and .DESDFClockTest.Play Bell.UpSample
    while executing
"java::new ptolemy.moml.MoMLSimpleApplication $file
"
    (procedure "createAndExecute" line 2)
    invoked from within
"createAndExecute $file"
    ("uplevel" body line 5)
    invoked from within
"uplevel $contents_of_test"
------------------ testing $PTII/ptolemy/domains/de/test/auto/knownFailedTests/FSMSource.xml (Known Failure) 
19 ms. Memory: 146944K Free: 107538K (73%)
!!!! Auto was marked as failing, but now passes
------------------ testing $PTII/ptolemy/domains/de/test/auto/knownFailedTests/dependencyLoop2.xml (Known Failure) 
7 ms. Memory: 146944K Free: 105654K (72%)


==== $PTIIhome/travis/build/icyphy/ptII/ptolemy/domains/de/test/../../../../: Auto Automatic test in file $PTII/ptolemy/domains/de/test/auto/knownFailedTests/dependencyLoop2.xml
==== Contents of test case:

	    # FIXME: we should use $relativeFilename here, but it
	    # might have backslashes under Windows, which causes no end
	    # of trouble.
	    createAndExecute $file
	    list {}
	
.... Test generated KNOWN error:
    while executing
ptolemy.kernel.util.IllegalActionException: Found a zero delay loop containing .dependencyLoop2.original
  in .dependencyLoop2 and .dependencyLoop2.original
	at ptolemy.actor.util.CausalityInterfaceForComposites._computeOutputPortDepth(CausalityInterfaceForComposites.java:759)
	at ptolemy.actor.util.CausalityInterfaceForComposites._computeInputDepth(CausalityInterfaceForComposites.java:696)
	at ptolemy.actor.util.CausalityInterfaceForComposites._computeOutputPortDepth(CausalityInterfaceForComposites.java:765)
	at ptolemy.actor.util.CausalityInterfaceForComposites._computeInputDepth(CausalityInterfaceForComposites.java:696)
	at ptolemy.actor.util.CausalityInterfaceForComposites._computeOutputPortDepth(CausalityInterfaceForComposites.java:765)
	at ptolemy.actor.util.CausalityInterfaceForComposites._computeInputDepth(CausalityInterfaceForComposites.java:696)
	at ptolemy.actor.util.CausalityInterfaceForComposites._computeActorDepth(CausalityInterfaceForComposites.java:532)
	at ptolemy.actor.util.CausalityInterfaceForComposites.checkForCycles(CausalityInterfaceForComposites.java:96)
	at ptolemy.domains.de.kernel.DEDirector.preinitialize(DEDirector.java:1338)
	at ptolemy.actor.CompositeActor.preinitialize(CompositeActor.java:1828)
	at ptolemy.actor.Manager.preinitializeAndResolveTypes(Manager.java:1040)
	at ptolemy.actor.Manager.initialize(Manager.java:710)
	at ptolemy.actor.Manager.execute(Manager.java:356)
	at ptolemy.actor.Manager.run(Manager.java:1263)
	at ptolemy.actor.Manager$PtolemyRunThread.run(Manager.java:1915)

    while executing
ptolemy.kernel.util.IllegalActionException: Found a zero delay loop containing .dependencyLoop2.original
  in .dependencyLoop2 and .dependencyLoop2.original
    while executing
"java::new ptolemy.moml.MoMLSimpleApplication $file
"
    (procedure "createAndExecute" line 2)
    invoked from within
"createAndExecute $file"
    ("uplevel" body line 5)
    invoked from within
"uplevel $contents_of_test"
------------------ testing $PTII/ptolemy/domains/de/test/auto/knownFailedTests/HierarchicalModel.xml (Known Failure) 
7 ms. Memory: 146944K Free: 85105K (58%)


==== $PTIIhome/travis/build/icyphy/ptII/ptolemy/domains/de/test/../../../../: Auto Automatic test in file $PTII/ptolemy/domains/de/test/auto/knownFailedTests/HierarchicalModel.xml
==== Contents of test case:

	    # FIXME: we should use $relativeFilename here, but it
	    # might have backslashes under Windows, which causes no end
	    # of trouble.
	    createAndExecute $file
	    list {}
	
.... Test generated KNOWN error:
    while executing
ptolemy.kernel.util.IllegalActionException: Found a zero delay loop containing .HierarchicalModel.A
  in .HierarchicalModel and .HierarchicalModel.A
	at ptolemy.actor.util.CausalityInterfaceForComposites._computeOutputPortDepth(CausalityInterfaceForComposites.java:759)
	at ptolemy.actor.util.CausalityInterfaceForComposites._computeInputDepth(CausalityInterfaceForComposites.java:696)
	at ptolemy.actor.util.CausalityInterfaceForComposites._computeOutputPortDepth(CausalityInterfaceForComposites.java:765)
	at ptolemy.actor.util.CausalityInterfaceForComposites._computeInputDepth(CausalityInterfaceForComposites.java:696)
	at ptolemy.actor.util.CausalityInterfaceForComposites._computeOutputPortDepth(CausalityInterfaceForComposites.java:765)
	at ptolemy.actor.util.CausalityInterfaceForComposites._computeInputDepth(CausalityInterfaceForComposites.java:696)
	at ptolemy.actor.util.CausalityInterfaceForComposites._computeActorDepth(CausalityInterfaceForComposites.java:532)
	at ptolemy.actor.util.CausalityInterfaceForComposites.checkForCycles(CausalityInterfaceForComposites.java:96)
	at ptolemy.domains.de.kernel.DEDirector.preinitialize(DEDirector.java:1338)
	at ptolemy.actor.CompositeActor.preinitialize(CompositeActor.java:1828)
	at ptolemy.actor.Manager.preinitializeAndResolveTypes(Manager.java:1040)
	at ptolemy.actor.Manager.initialize(Manager.java:710)
	at ptolemy.actor.Manager.execute(Manager.java:356)
	at ptolemy.actor.Manager.run(Manager.java:1263)
	at ptolemy.actor.Manager$PtolemyRunThread.run(Manager.java:1915)

    while executing
ptolemy.kernel.util.IllegalActionException: Found a zero delay loop containing .HierarchicalModel.A
  in .HierarchicalModel and .HierarchicalModel.A
    while executing
"java::new ptolemy.moml.MoMLSimpleApplication $file
"
    (procedure "createAndExecute" line 2)
    invoked from within
"createAndExecute $file"
    ("uplevel" body line 5)
    invoked from within
"uplevel $contents_of_test"
------------------ testing $PTII/ptolemy/domains/de/test/auto/knownFailedTests/DirectFeedback.xml (Known Failure) 
10 ms. Memory: 146944K Free: 141139K (96%)


==== $PTIIhome/travis/build/icyphy/ptII/ptolemy/domains/de/test/../../../../: Auto Automatic test in file $PTII/ptolemy/domains/de/test/auto/knownFailedTests/DirectFeedback.xml
==== Contents of test case:

	    # FIXME: we should use $relativeFilename here, but it
	    # might have backslashes under Windows, which causes no end
	    # of trouble.
	    createAndExecute $file
	    list {}
	
.... Test generated KNOWN error:
    while executing
ptolemy.kernel.util.IllegalActionException: Test fails in iteration 1.
Value was: 1.0. Should have been: 2.0
  in .DirectFeedback.Test
	at ptolemy.actor.lib.Test.fire(Test.java:268)
	at ptolemy.domains.de.kernel.DEDirector._fire(DEDirector.java:1949)
	at ptolemy.domains.de.kernel.DEDirector.fire(DEDirector.java:502)
	at ptolemy.actor.CompositeActor.fire(CompositeActor.java:455)
	at ptolemy.actor.Manager.iterate(Manager.java:851)
	at ptolemy.actor.Manager.execute(Manager.java:369)
	at ptolemy.actor.Manager.run(Manager.java:1263)
	at ptolemy.actor.Manager$PtolemyRunThread.run(Manager.java:1915)

    while executing
ptolemy.kernel.util.IllegalActionException: Test fails in iteration 1.
Value was: 1.0. Should have been: 2.0
  in .DirectFeedback.Test
    while executing
"java::new ptolemy.moml.MoMLSimpleApplication $file
"
    (procedure "createAndExecute" line 2)
    invoked from within
"createAndExecute $file"
    ("uplevel" body line 5)
    invoked from within
"uplevel $contents_of_test"
------------------ testing $PTII/ptolemy/domains/de/test/auto/ActorDepthCalculation_actorWithoutPorts.xml
auto.tcl: Setting watchdog for 200 seconds at Wed Nov 14 02:44:56 UTC 2018
8 ms. Memory: 146944K Free: 132422K (90%)
ptolemy.util.test.WatchDog.cancel(): canceling Wed Nov 14 02:44:56 UTC 2018
auto.tcl: Setting watchdog for 200 seconds at Wed Nov 14 02:44:56 UTC 2018
4 ms. Memory: 146944K Free: 131378K (89%)
ptolemy.util.test.WatchDog.cancel(): canceling Wed Nov 14 02:44:56 UTC 2018
------------------ testing $PTII/ptolemy/domains/de/test/auto/AssemblyLine.xml
auto.tcl: Setting watchdog for 200 seconds at Wed Nov 14 02:44:56 UTC 2018
19 ms. Memory: 208384K Free: 182808K (88%)
ptolemy.util.test.WatchDog.cancel(): canceling Wed Nov 14 02:44:56 UTC 2018
auto.tcl: Setting watchdog for 200 seconds at Wed Nov 14 02:44:56 UTC 2018
12 ms. Memory: 208384K Free: 182808K (88%)
ptolemy.util.test.WatchDog.cancel(): canceling Wed Nov 14 02:44:56 UTC 2018
------------------ testing $PTII/ptolemy/domains/de/test/auto/CQBug1.xml
auto.tcl: Setting watchdog for 200 seconds at Wed Nov 14 02:44:56 UTC 2018
7 ms. Memory: 208384K Free: 197694K (95%)
ptolemy.util.test.WatchDog.cancel(): canceling Wed Nov 14 02:44:56 UTC 2018
auto.tcl: Setting watchdog for 200 seconds at Wed Nov 14 02:44:56 UTC 2018
2 ms. Memory: 208384K Free: 197694K (95%)
ptolemy.util.test.WatchDog.cancel(): canceling Wed Nov 14 02:44:56 UTC 2018
------------------ testing $PTII/ptolemy/domains/de/test/auto/CancelFireAt.xml
auto.tcl: Setting watchdog for 200 seconds at Wed Nov 14 02:44:56 UTC 2018
4 ms. Memory: 208384K Free: 201421K (97%)
ptolemy.util.test.WatchDog.cancel(): canceling Wed Nov 14 02:44:56 UTC 2018
auto.tcl: Setting watchdog for 200 seconds at Wed Nov 14 02:44:56 UTC 2018
7 ms. Memory: 208384K Free: 199314K (96%)
ptolemy.util.test.WatchDog.cancel(): canceling Wed Nov 14 02:44:56 UTC 2018
------------------ testing $PTII/ptolemy/domains/de/test/auto/CausalityAndComposabilityAnalysis.xml
auto.tcl: Setting watchdog for 200 seconds at Wed Nov 14 02:44:57 UTC 2018
15 ms. Memory: 208384K Free: 196806K (94%)
ptolemy.util.test.WatchDog.cancel(): canceling Wed Nov 14 02:44:57 UTC 2018
auto.tcl: Setting watchdog for 200 seconds at Wed Nov 14 02:44:57 UTC 2018
6 ms. Memory: 208384K Free: 196806K (94%)
ptolemy.util.test.WatchDog.cancel(): canceling Wed Nov 14 02:44:57 UTC 2018
------------------ testing $PTII/ptolemy/domains/de/test/auto/CausalityInterface1.xml
auto.tcl: Setting watchdog for 200 seconds at Wed Nov 14 02:44:57 UTC 2018
17 ms. Memory: 208384K Free: 196404K (94%)
ptolemy.util.test.WatchDog.cancel(): canceling Wed Nov 14 02:44:57 UTC 2018
auto.tcl: Setting watchdog for 200 seconds at Wed Nov 14 02:44:57 UTC 2018
8 ms. Memory: 208384K Free: 196404K (94%)
ptolemy.util.test.WatchDog.cancel(): canceling Wed Nov 14 02:44:57 UTC 2018
------------------ testing $PTII/ptolemy/domains/de/test/auto/CausalityInterface15.xml
auto.tcl: Setting watchdog for 200 seconds at Wed Nov 14 02:44:57 UTC 2018
8 ms. Memory: 208384K Free: 196394K (94%)
ptolemy.util.test.WatchDog.cancel(): canceling Wed Nov 14 02:44:57 UTC 2018
auto.tcl: Setting watchdog for 200 seconds at Wed Nov 14 02:44:57 UTC 2018
16 ms. Memory: 208384K Free: 196394K (94%)
ptolemy.util.test.WatchDog.cancel(): canceling Wed Nov 14 02:44:57 UTC 2018
------------------ testing $PTII/ptolemy/domains/de/test/auto/CausalityInterface2.xml
auto.tcl: Setting watchdog for 200 seconds at Wed Nov 14 02:44:57 UTC 2018
6 ms. Memory: 208384K Free: 196377K (94%)
ptolemy.util.test.WatchDog.cancel(): canceling Wed Nov 14 02:44:57 UTC 2018
auto.tcl: Setting watchdog for 200 seconds at Wed Nov 14 02:44:57 UTC 2018
3 ms. Memory: 208384K Free: 196377K (94%)
ptolemy.util.test.WatchDog.cancel(): canceling Wed Nov 14 02:44:57 UTC 2018
------------------ testing $PTII/ptolemy/domains/de/test/auto/CausalityInterface3.xml
auto.tcl: Setting watchdog for 200 seconds at Wed Nov 14 02:44:57 UTC 2018
10 ms. Memory: 208384K Free: 196391K (94%)
ptolemy.util.test.WatchDog.cancel(): canceling Wed Nov 14 02:44:57 UTC 2018
auto.tcl: Setting watchdog for 200 seconds at Wed Nov 14 02:44:57 UTC 2018
4 ms. Memory: 208384K Free: 196391K (94%)
ptolemy.util.test.WatchDog.cancel(): canceling Wed Nov 14 02:44:57 UTC 2018
------------------ testing $PTII/ptolemy/domains/de/test/auto/ClockDrift.xml
auto.tcl: Setting watchdog for 200 seconds at Wed Nov 14 02:44:57 UTC 2018
63 ms. Memory: 208384K Free: 187603K (90%)
ptolemy.util.test.WatchDog.cancel(): canceling Wed Nov 14 02:44:57 UTC 2018
auto.tcl: Setting watchdog for 200 seconds at Wed Nov 14 02:44:57 UTC 2018
47 ms. Memory: 208384K Free: 185497K (89%)
ptolemy.util.test.WatchDog.cancel(): canceling Wed Nov 14 02:44:57 UTC 2018
------------------ testing $PTII/ptolemy/domains/de/test/auto/ClockDriftAndValueChange.xml
auto.tcl: Setting watchdog for 200 seconds at Wed Nov 14 02:44:57 UTC 2018
64 ms. Memory: 208384K Free: 187440K (90%)
ptolemy.util.test.WatchDog.cancel(): canceling Wed Nov 14 02:44:57 UTC 2018
auto.tcl: Setting watchdog for 200 seconds at Wed Nov 14 02:44:57 UTC 2018
35 ms. Memory: 208384K Free: 185334K (89%)
ptolemy.util.test.WatchDog.cancel(): canceling Wed Nov 14 02:44:57 UTC 2018
------------------ testing $PTII/ptolemy/domains/de/test/auto/ClockDriftChange.xml
auto.tcl: Setting watchdog for 200 seconds at Wed Nov 14 02:44:58 UTC 2018
40 ms. Memory: 208384K Free: 190769K (92%)
ptolemy.util.test.WatchDog.cancel(): canceling Wed Nov 14 02:44:58 UTC 2018
auto.tcl: Setting watchdog for 200 seconds at Wed Nov 14 02:44:58 UTC 2018
31 ms. Memory: 208384K Free: 188662K (91%)
ptolemy.util.test.WatchDog.cancel(): canceling Wed Nov 14 02:44:58 UTC 2018
------------------ testing $PTII/ptolemy/domains/de/test/auto/ComposableCausalityAnalysis.xml
auto.tcl: Setting watchdog for 200 seconds at Wed Nov 14 02:44:58 UTC 2018
2 ms. Memory: 208384K Free: 196246K (94%)
ptolemy.util.test.WatchDog.cancel(): canceling Wed Nov 14 02:44:58 UTC 2018
auto.tcl: Setting watchdog for 200 seconds at Wed Nov 14 02:44:58 UTC 2018
1 ms. Memory: 208384K Free: 194139K (93%)
ptolemy.util.test.WatchDog.cancel(): canceling Wed Nov 14 02:44:58 UTC 2018
------------------ testing $PTII/ptolemy/domains/de/test/auto/DEFixedPointLimitation.xml
auto.tcl: Setting watchdog for 200 seconds at Wed Nov 14 02:44:58 UTC 2018
1 ms. Memory: 208384K Free: 196326K (94%)
ptolemy.util.test.WatchDog.cancel(): canceling Wed Nov 14 02:44:58 UTC 2018
auto.tcl: Setting watchdog for 200 seconds at Wed Nov 14 02:44:58 UTC 2018
1 ms. Memory: 208384K Free: 196326K (94%)
ptolemy.util.test.WatchDog.cancel(): canceling Wed Nov 14 02:44:58 UTC 2018
------------------ testing $PTII/ptolemy/domains/de/test/auto/DEScheduleTest.xml
auto.tcl: Setting watchdog for 200 seconds at Wed Nov 14 02:44:58 UTC 2018
4 ms. Memory: 208384K Free: 198468K (95%)
ptolemy.util.test.WatchDog.cancel(): canceling Wed Nov 14 02:44:58 UTC 2018
auto.tcl: Setting watchdog for 200 seconds at Wed Nov 14 02:44:58 UTC 2018
5 ms. Memory: 208384K Free: 196361K (94%)
ptolemy.util.test.WatchDog.cancel(): canceling Wed Nov 14 02:44:58 UTC 2018
------------------ testing $PTII/ptolemy/domains/de/test/auto/DEinDEwithStartTimes.xml
auto.tcl: Setting watchdog for 200 seconds at Wed Nov 14 02:44:58 UTC 2018
3 ms. Memory: 208384K Free: 196332K (94%)
ptolemy.util.test.WatchDog.cancel(): canceling Wed Nov 14 02:44:58 UTC 2018
auto.tcl: Setting watchdog for 200 seconds at Wed Nov 14 02:44:58 UTC 2018
3 ms. Memory: 208384K Free: 194225K (93%)
ptolemy.util.test.WatchDog.cancel(): canceling Wed Nov 14 02:44:58 UTC 2018
------------------ testing $PTII/ptolemy/domains/de/test/auto/DEinDEwithStartTimes2.xml
auto.tcl: Setting watchdog for 200 seconds at Wed Nov 14 02:44:58 UTC 2018
4 ms. Memory: 208384K Free: 196311K (94%)
ptolemy.util.test.WatchDog.cancel(): canceling Wed Nov 14 02:44:58 UTC 2018
auto.tcl: Setting watchdog for 200 seconds at Wed Nov 14 02:44:58 UTC 2018
4 ms. Memory: 208384K Free: 194205K (93%)
ptolemy.util.test.WatchDog.cancel(): canceling Wed Nov 14 02:44:58 UTC 2018
------------------ testing $PTII/ptolemy/domains/de/test/auto/DateDemo.xml
auto.tcl: Setting watchdog for 200 seconds at Wed Nov 14 02:44:58 UTC 2018
13 ms. Memory: 208384K Free: 188721K (91%)
ptolemy.util.test.WatchDog.cancel(): canceling Wed Nov 14 02:44:58 UTC 2018
auto.tcl: Setting watchdog for 200 seconds at Wed Nov 14 02:44:58 UTC 2018
14 ms. Memory: 208384K Free: 186614K (90%)
ptolemy.util.test.WatchDog.cancel(): canceling Wed Nov 14 02:44:58 UTC 2018
------------------ testing $PTII/ptolemy/domains/de/test/auto/DateToEvent.xml
auto.tcl: Setting watchdog for 200 seconds at Wed Nov 14 02:44:58 UTC 2018
2019 ms. Memory: 208384K Free: 183424K (88%)
ptolemy.util.test.WatchDog.cancel(): canceling Wed Nov 14 02:45:00 UTC 2018
auto.tcl: Setting watchdog for 200 seconds at Wed Nov 14 02:45:00 UTC 2018
2009 ms. Memory: 208384K Free: 180966K (87%)
ptolemy.util.test.WatchDog.cancel(): canceling Wed Nov 14 02:45:02 UTC 2018
------------------ testing $PTII/ptolemy/domains/de/test/auto/DepthTest1.xml
auto.tcl: Setting watchdog for 200 seconds at Wed Nov 14 02:45:02 UTC 2018
6 ms. Memory: 208384K Free: 197996K (95%)
ptolemy.util.test.WatchDog.cancel(): canceling Wed Nov 14 02:45:02 UTC 2018
auto.tcl: Setting watchdog for 200 seconds at Wed Nov 14 02:45:02 UTC 2018
2 ms. Memory: 208384K Free: 197996K (95%)
ptolemy.util.test.WatchDog.cancel(): canceling Wed Nov 14 02:45:02 UTC 2018
------------------ testing $PTII/ptolemy/domains/de/test/auto/DepthTest2.xml
auto.tcl: Setting watchdog for 200 seconds at Wed Nov 14 02:45:02 UTC 2018
3 ms. Memory: 208384K Free: 194185K (93%)
ptolemy.util.test.WatchDog.cancel(): canceling Wed Nov 14 02:45:02 UTC 2018
auto.tcl: Setting watchdog for 200 seconds at Wed Nov 14 02:45:02 UTC 2018
3 ms. Memory: 208384K Free: 194185K (93%)
ptolemy.util.test.WatchDog.cancel(): canceling Wed Nov 14 02:45:02 UTC 2018
------------------ testing $PTII/ptolemy/domains/de/test/auto/DepthTest3.xml
auto.tcl: Setting watchdog for 200 seconds at Wed Nov 14 02:45:03 UTC 2018
2 ms. Memory: 208384K Free: 198669K (95%)
ptolemy.util.test.WatchDog.cancel(): canceling Wed Nov 14 02:45:03 UTC 2018
auto.tcl: Setting watchdog for 200 seconds at Wed Nov 14 02:45:03 UTC 2018
2 ms. Memory: 208384K Free: 198332K (95%)
ptolemy.util.test.WatchDog.cancel(): canceling Wed Nov 14 02:45:03 UTC 2018
------------------ testing $PTII/ptolemy/domains/de/test/auto/DepthTest4.xml
auto.tcl: Setting watchdog for 200 seconds at Wed Nov 14 02:45:03 UTC 2018
3 ms. Memory: 208384K Free: 196313K (94%)
ptolemy.util.test.WatchDog.cancel(): canceling Wed Nov 14 02:45:03 UTC 2018
auto.tcl: Setting watchdog for 200 seconds at Wed Nov 14 02:45:03 UTC 2018
2 ms. Memory: 208384K Free: 196313K (94%)
ptolemy.util.test.WatchDog.cancel(): canceling Wed Nov 14 02:45:03 UTC 2018
------------------ testing $PTII/ptolemy/domains/de/test/auto/DepthTest5.xml
auto.tcl: Setting watchdog for 200 seconds at Wed Nov 14 02:45:03 UTC 2018
3 ms. Memory: 208384K Free: 196259K (94%)
ptolemy.util.test.WatchDog.cancel(): canceling Wed Nov 14 02:45:03 UTC 2018
auto.tcl: Setting watchdog for 200 seconds at Wed Nov 14 02:45:03 UTC 2018
1 ms. Memory: 208384K Free: 196259K (94%)
ptolemy.util.test.WatchDog.cancel(): canceling Wed Nov 14 02:45:03 UTC 2018
------------------ testing $PTII/ptolemy/domains/de/test/auto/DepthTest6.xml
auto.tcl: Setting watchdog for 200 seconds at Wed Nov 14 02:45:03 UTC 2018
11 ms. Memory: 208384K Free: 196228K (94%)
ptolemy.util.test.WatchDog.cancel(): canceling Wed Nov 14 02:45:03 UTC 2018
auto.tcl: Setting watchdog for 200 seconds at Wed Nov 14 02:45:03 UTC 2018
2 ms. Memory: 208384K Free: 196228K (94%)
ptolemy.util.test.WatchDog.cancel(): canceling Wed Nov 14 02:45:03 UTC 2018
------------------ testing $PTII/ptolemy/domains/de/test/auto/DepthTest7.xml
auto.tcl: Setting watchdog for 200 seconds at Wed Nov 14 02:45:03 UTC 2018
2 ms. Memory: 208384K Free: 196217K (94%)
ptolemy.util.test.WatchDog.cancel(): canceling Wed Nov 14 02:45:03 UTC 2018
auto.tcl: Setting watchdog for 200 seconds at Wed Nov 14 02:45:03 UTC 2018
1 ms. Memory: 208384K Free: 196217K (94%)
ptolemy.util.test.WatchDog.cancel(): canceling Wed Nov 14 02:45:03 UTC 2018
------------------ testing $PTII/ptolemy/domains/de/test/auto/EventToDate.xml
auto.tcl: Setting watchdog for 200 seconds at Wed Nov 14 02:45:03 UTC 2018
3007 ms. Memory: 208384K Free: 185706K (89%)
ptolemy.util.test.WatchDog.cancel(): canceling Wed Nov 14 02:45:06 UTC 2018
auto.tcl: Setting watchdog for 200 seconds at Wed Nov 14 02:45:06 UTC 2018
3005 ms. Memory: 208384K Free: 185706K (89%)
ptolemy.util.test.WatchDog.cancel(): canceling Wed Nov 14 02:45:09 UTC 2018
------------------ testing $PTII/ptolemy/domains/de/test/auto/FSM1.xml
auto.tcl: Setting watchdog for 200 seconds at Wed Nov 14 02:45:09 UTC 2018
35 ms. Memory: 208384K Free: 189256K (91%)
ptolemy.util.test.WatchDog.cancel(): canceling Wed Nov 14 02:45:09 UTC 2018
auto.tcl: Setting watchdog for 200 seconds at Wed Nov 14 02:45:09 UTC 2018
21 ms. Memory: 208384K Free: 185043K (89%)
ptolemy.util.test.WatchDog.cancel(): canceling Wed Nov 14 02:45:09 UTC 2018
------------------ testing $PTII/ptolemy/domains/de/test/auto/FSM7.xml
auto.tcl: Setting watchdog for 200 seconds at Wed Nov 14 02:45:09 UTC 2018
12 ms. Memory: 208384K Free: 187351K (90%)
ptolemy.util.test.WatchDog.cancel(): canceling Wed Nov 14 02:45:09 UTC 2018
auto.tcl: Setting watchdog for 200 seconds at Wed Nov 14 02:45:09 UTC 2018
14 ms. Memory: 208384K Free: 185245K (89%)
ptolemy.util.test.WatchDog.cancel(): canceling Wed Nov 14 02:45:09 UTC 2018
------------------ testing $PTII/ptolemy/domains/de/test/auto/Inspection.xml
auto.tcl: Setting watchdog for 200 seconds at Wed Nov 14 02:45:09 UTC 2018
27 ms. Memory: 208384K Free: 188901K (91%)
ptolemy.util.test.WatchDog.cancel(): canceling Wed Nov 14 02:45:09 UTC 2018
auto.tcl: Setting watchdog for 200 seconds at Wed Nov 14 02:45:09 UTC 2018
27 ms. Memory: 208384K Free: 186795K (90%)
ptolemy.util.test.WatchDog.cancel(): canceling Wed Nov 14 02:45:09 UTC 2018
------------------ testing $PTII/ptolemy/domains/de/test/auto/Iteration.xml
auto.tcl: Setting watchdog for 200 seconds at Wed Nov 14 02:45:09 UTC 2018
7 ms. Memory: 208384K Free: 196358K (94%)
ptolemy.util.test.WatchDog.cancel(): canceling Wed Nov 14 02:45:09 UTC 2018
auto.tcl: Setting watchdog for 200 seconds at Wed Nov 14 02:45:09 UTC 2018
6 ms. Memory: 208384K Free: 194251K (93%)
ptolemy.util.test.WatchDog.cancel(): canceling Wed Nov 14 02:45:09 UTC 2018
------------------ testing $PTII/ptolemy/domains/de/test/auto/LineFault.xml
auto.tcl: Setting watchdog for 200 seconds at Wed Nov 14 02:45:09 UTC 2018
689 ms. Memory: 208384K Free: 194772K (93%)
ptolemy.util.test.WatchDog.cancel(): canceling Wed Nov 14 02:45:10 UTC 2018
auto.tcl: Setting watchdog for 200 seconds at Wed Nov 14 02:45:10 UTC 2018
549 ms. Memory: 208384K Free: 137268K (66%)
ptolemy.util.test.WatchDog.cancel(): canceling Wed Nov 14 02:45:11 UTC 2018
------------------ testing $PTII/ptolemy/domains/de/test/auto/MergeModel1Add.xml
auto.tcl: Setting watchdog for 200 seconds at Wed Nov 14 02:45:11 UTC 2018
14 ms. Memory: 331264K Free: 299015K (90%)
ptolemy.util.test.WatchDog.cancel(): canceling Wed Nov 14 02:45:11 UTC 2018
auto.tcl: Setting watchdog for 200 seconds at Wed Nov 14 02:45:11 UTC 2018
8 ms. Memory: 331264K Free: 299015K (90%)
ptolemy.util.test.WatchDog.cancel(): canceling Wed Nov 14 02:45:11 UTC 2018
------------------ testing $PTII/ptolemy/domains/de/test/auto/MergeModel2Add.xml
auto.tcl: Setting watchdog for 200 seconds at Wed Nov 14 02:45:11 UTC 2018
7 ms. Memory: 331264K Free: 304301K (92%)
ptolemy.util.test.WatchDog.cancel(): canceling Wed Nov 14 02:45:11 UTC 2018
auto.tcl: Setting watchdog for 200 seconds at Wed Nov 14 02:45:11 UTC 2018
7 ms. Memory: 331264K Free: 300386K (91%)
ptolemy.util.test.WatchDog.cancel(): canceling Wed Nov 14 02:45:11 UTC 2018
------------------ testing $PTII/ptolemy/domains/de/test/auto/MergeModel3Add.xml
auto.tcl: Setting watchdog for 200 seconds at Wed Nov 14 02:45:11 UTC 2018
9 ms. Memory: 331264K Free: 304311K (92%)
ptolemy.util.test.WatchDog.cancel(): canceling Wed Nov 14 02:45:11 UTC 2018
auto.tcl: Setting watchdog for 200 seconds at Wed Nov 14 02:45:11 UTC 2018
7 ms. Memory: 331264K Free: 300396K (91%)
ptolemy.util.test.WatchDog.cancel(): canceling Wed Nov 14 02:45:11 UTC 2018
------------------ testing $PTII/ptolemy/domains/de/test/auto/MergeWithoutDiscard.xml
auto.tcl: Setting watchdog for 200 seconds at Wed Nov 14 02:45:11 UTC 2018
3 ms. Memory: 331264K Free: 319970K (97%)
ptolemy.util.test.WatchDog.cancel(): canceling Wed Nov 14 02:45:11 UTC 2018
auto.tcl: Setting watchdog for 200 seconds at Wed Nov 14 02:45:11 UTC 2018
1 ms. Memory: 331264K Free: 316055K (95%)
ptolemy.util.test.WatchDog.cancel(): canceling Wed Nov 14 02:45:11 UTC 2018
------------------ testing $PTII/ptolemy/domains/de/test/auto/Modal1.xml
auto.tcl: Setting watchdog for 200 seconds at Wed Nov 14 02:45:11 UTC 2018
17 ms. Memory: 331264K Free: 309987K (94%)
ptolemy.util.test.WatchDog.cancel(): canceling Wed Nov 14 02:45:11 UTC 2018
auto.tcl: Setting watchdog for 200 seconds at Wed Nov 14 02:45:11 UTC 2018
19 ms. Memory: 331264K Free: 306072K (92%)
ptolemy.util.test.WatchDog.cancel(): canceling Wed Nov 14 02:45:11 UTC 2018
------------------ testing $PTII/ptolemy/domains/de/test/auto/Modal2.xml
auto.tcl: Setting watchdog for 200 seconds at Wed Nov 14 02:45:12 UTC 2018
10 ms. Memory: 331264K Free: 309853K (94%)
ptolemy.util.test.WatchDog.cancel(): canceling Wed Nov 14 02:45:12 UTC 2018
auto.tcl: Setting watchdog for 200 seconds at Wed Nov 14 02:45:12 UTC 2018
10 ms. Memory: 331264K Free: 305937K (92%)
ptolemy.util.test.WatchDog.cancel(): canceling Wed Nov 14 02:45:12 UTC 2018
------------------ testing $PTII/ptolemy/domains/de/test/auto/Modal3.xml
auto.tcl: Setting watchdog for 200 seconds at Wed Nov 14 02:45:12 UTC 2018
20 ms. Memory: 331264K Free: 310153K (94%)
ptolemy.util.test.WatchDog.cancel(): canceling Wed Nov 14 02:45:12 UTC 2018
auto.tcl: Setting watchdog for 200 seconds at Wed Nov 14 02:45:12 UTC 2018
16 ms. Memory: 331264K Free: 305952K (92%)
ptolemy.util.test.WatchDog.cancel(): canceling Wed Nov 14 02:45:12 UTC 2018
------------------ testing $PTII/ptolemy/domains/de/test/auto/Modal4.xml
auto.tcl: Setting watchdog for 200 seconds at Wed Nov 14 02:45:12 UTC 2018
25 ms. Memory: 331264K Free: 309865K (94%)
ptolemy.util.test.WatchDog.cancel(): canceling Wed Nov 14 02:45:12 UTC 2018
auto.tcl: Setting watchdog for 200 seconds at Wed Nov 14 02:45:12 UTC 2018
13 ms. Memory: 331264K Free: 305949K (92%)
ptolemy.util.test.WatchDog.cancel(): canceling Wed Nov 14 02:45:12 UTC 2018
------------------ testing $PTII/ptolemy/domains/de/test/auto/Modal5.xml
auto.tcl: Setting watchdog for 200 seconds at Wed Nov 14 02:45:12 UTC 2018
16 ms. Memory: 331264K Free: 309852K (94%)
ptolemy.util.test.WatchDog.cancel(): canceling Wed Nov 14 02:45:12 UTC 2018
auto.tcl: Setting watchdog for 200 seconds at Wed Nov 14 02:45:12 UTC 2018
16 ms. Memory: 331264K Free: 305937K (92%)
ptolemy.util.test.WatchDog.cancel(): canceling Wed Nov 14 02:45:12 UTC 2018
------------------ testing $PTII/ptolemy/domains/de/test/auto/Modal6.xml
auto.tcl: Setting watchdog for 200 seconds at Wed Nov 14 02:45:12 UTC 2018
12 ms. Memory: 331264K Free: 309850K (94%)
ptolemy.util.test.WatchDog.cancel(): canceling Wed Nov 14 02:45:12 UTC 2018
auto.tcl: Setting watchdog for 200 seconds at Wed Nov 14 02:45:12 UTC 2018
15 ms. Memory: 331264K Free: 305934K (92%)
ptolemy.util.test.WatchDog.cancel(): canceling Wed Nov 14 02:45:12 UTC 2018
------------------ testing $PTII/ptolemy/domains/de/test/auto/Modal7.xml
auto.tcl: Setting watchdog for 200 seconds at Wed Nov 14 02:45:12 UTC 2018
9 ms. Memory: 331264K Free: 305934K (92%)
ptolemy.util.test.WatchDog.cancel(): canceling Wed Nov 14 02:45:12 UTC 2018
auto.tcl: Setting watchdog for 200 seconds at Wed Nov 14 02:45:12 UTC 2018
10 ms. Memory: 331264K Free: 305934K (92%)
ptolemy.util.test.WatchDog.cancel(): canceling Wed Nov 14 02:45:12 UTC 2018
------------------ testing $PTII/ptolemy/domains/de/test/auto/ModalModel.xml
auto.tcl: Setting watchdog for 200 seconds at Wed Nov 14 02:45:12 UTC 2018
188 ms. Memory: 331264K Free: 246460K (74%)
ptolemy.util.test.WatchDog.cancel(): canceling Wed Nov 14 02:45:12 UTC 2018
auto.tcl: Setting watchdog for 200 seconds at Wed Nov 14 02:45:12 UTC 2018
167 ms. Memory: 331264K Free: 191555K (58%)
ptolemy.util.test.WatchDog.cancel(): canceling Wed Nov 14 02:45:13 UTC 2018
------------------ testing $PTII/ptolemy/domains/de/test/auto/ModalSource.xml
auto.tcl: Setting watchdog for 200 seconds at Wed Nov 14 02:45:13 UTC 2018
5 ms. Memory: 331264K Free: 316587K (96%)
ptolemy.util.test.WatchDog.cancel(): canceling Wed Nov 14 02:45:13 UTC 2018
auto.tcl: Setting watchdog for 200 seconds at Wed Nov 14 02:45:13 UTC 2018
5 ms. Memory: 331264K Free: 313080K (95%)
ptolemy.util.test.WatchDog.cancel(): canceling Wed Nov 14 02:45:13 UTC 2018
------------------ testing $PTII/ptolemy/domains/de/test/auto/NonInterruptibleTimerZeroDelay.xml
auto.tcl: Setting watchdog for 200 seconds at Wed Nov 14 02:45:13 UTC 2018
3 ms. Memory: 331264K Free: 320916K (97%)
ptolemy.util.test.WatchDog.cancel(): canceling Wed Nov 14 02:45:13 UTC 2018
auto.tcl: Setting watchdog for 200 seconds at Wed Nov 14 02:45:13 UTC 2018
2 ms. Memory: 331264K Free: 317410K (96%)
ptolemy.util.test.WatchDog.cancel(): canceling Wed Nov 14 02:45:13 UTC 2018
------------------ testing $PTII/ptolemy/domains/de/test/auto/OpenQueueingNetwork.xml
auto.tcl: Setting watchdog for 200 seconds at Wed Nov 14 02:45:13 UTC 2018
2641 ms. Memory: 573952K Free: 414192K (72%)
ptolemy.util.test.WatchDog.cancel(): canceling Wed Nov 14 02:45:16 UTC 2018
auto.tcl: Setting watchdog for 200 seconds at Wed Nov 14 02:45:16 UTC 2018
2268 ms. Memory: 574464K Free: 341798K (59%)
ptolemy.util.test.WatchDog.cancel(): canceling Wed Nov 14 02:45:18 UTC 2018
------------------ testing $PTII/ptolemy/domains/de/test/auto/OpenQueuingNetwork.xml
auto.tcl: Setting watchdog for 200 seconds at Wed Nov 14 02:45:18 UTC 2018
224 ms. Memory: 1064960K Free: 946432K (89%)
ptolemy.util.test.WatchDog.cancel(): canceling Wed Nov 14 02:45:18 UTC 2018
auto.tcl: Setting watchdog for 200 seconds at Wed Nov 14 02:45:18 UTC 2018
208 ms. Memory: 1064960K Free: 889865K (84%)
ptolemy.util.test.WatchDog.cancel(): canceling Wed Nov 14 02:45:18 UTC 2018
------------------ testing $PTII/ptolemy/domains/de/test/auto/PeriodicSampler.xml
auto.tcl: Setting watchdog for 200 seconds at Wed Nov 14 02:45:18 UTC 2018
4 ms. Memory: 1065472K Free: 1029516K (97%)
ptolemy.util.test.WatchDog.cancel(): canceling Wed Nov 14 02:45:18 UTC 2018
auto.tcl: Setting watchdog for 200 seconds at Wed Nov 14 02:45:18 UTC 2018
2 ms. Memory: 1065472K Free: 1029516K (97%)
ptolemy.util.test.WatchDog.cancel(): canceling Wed Nov 14 02:45:18 UTC 2018
------------------ testing $PTII/ptolemy/domains/de/test/auto/PersistentIO.xml
auto.tcl: Setting watchdog for 200 seconds at Wed Nov 14 02:45:19 UTC 2018
8 ms. Memory: 1065472K Free: 1030098K (97%)
ptolemy.util.test.WatchDog.cancel(): canceling Wed Nov 14 02:45:19 UTC 2018
auto.tcl: Setting watchdog for 200 seconds at Wed Nov 14 02:45:19 UTC 2018
3 ms. Memory: 1065472K Free: 1030098K (97%)
ptolemy.util.test.WatchDog.cancel(): canceling Wed Nov 14 02:45:19 UTC 2018
------------------ testing $PTII/ptolemy/domains/de/test/auto/PortParameterResetOnInitialize.xml
auto.tcl: Setting watchdog for 200 seconds at Wed Nov 14 02:45:19 UTC 2018
2 ms. Memory: 1065472K Free: 1029479K (97%)
ptolemy.util.test.WatchDog.cancel(): canceling Wed Nov 14 02:45:19 UTC 2018
auto.tcl: Setting watchdog for 200 seconds at Wed Nov 14 02:45:19 UTC 2018
1 ms. Memory: 1065472K Free: 1029479K (97%)
ptolemy.util.test.WatchDog.cancel(): canceling Wed Nov 14 02:45:19 UTC 2018
------------------ testing $PTII/ptolemy/domains/de/test/auto/PortParameterUpdates.xml
auto.tcl: Setting watchdog for 200 seconds at Wed Nov 14 02:45:19 UTC 2018
3 ms. Memory: 1065472K Free: 1029611K (97%)
ptolemy.util.test.WatchDog.cancel(): canceling Wed Nov 14 02:45:19 UTC 2018
auto.tcl: Setting watchdog for 200 seconds at Wed Nov 14 02:45:19 UTC 2018
3 ms. Memory: 1065472K Free: 1029611K (97%)
ptolemy.util.test.WatchDog.cancel(): canceling Wed Nov 14 02:45:19 UTC 2018
------------------ testing $PTII/ptolemy/domains/de/test/auto/QueueAndServer.xml
auto.tcl: Setting watchdog for 200 seconds at Wed Nov 14 02:45:19 UTC 2018
9 ms. Memory: 1065472K Free: 1039395K (98%)
ptolemy.util.test.WatchDog.cancel(): canceling Wed Nov 14 02:45:19 UTC 2018
auto.tcl: Setting watchdog for 200 seconds at Wed Nov 14 02:45:19 UTC 2018
6 ms. Memory: 1065472K Free: 1039395K (98%)
ptolemy.util.test.WatchDog.cancel(): canceling Wed Nov 14 02:45:19 UTC 2018
------------------ testing $PTII/ptolemy/domains/de/test/auto/Records.xml
auto.tcl: Setting watchdog for 200 seconds at Wed Nov 14 02:45:19 UTC 2018
7 ms. Memory: 1065472K Free: 1039819K (98%)
ptolemy.util.test.WatchDog.cancel(): canceling Wed Nov 14 02:45:19 UTC 2018
auto.tcl: Setting watchdog for 200 seconds at Wed Nov 14 02:45:19 UTC 2018
1 ms. Memory: 1065472K Free: 1039819K (98%)
ptolemy.util.test.WatchDog.cancel(): canceling Wed Nov 14 02:45:19 UTC 2018
------------------ testing $PTII/ptolemy/domains/de/test/auto/ResetTransitionWithStartTime1.xml
auto.tcl: Setting watchdog for 200 seconds at Wed Nov 14 02:45:19 UTC 2018
12 ms. Memory: 1065472K Free: 1039844K (98%)
ptolemy.util.test.WatchDog.cancel(): canceling Wed Nov 14 02:45:19 UTC 2018
auto.tcl: Setting watchdog for 200 seconds at Wed Nov 14 02:45:19 UTC 2018
5 ms. Memory: 1065472K Free: 1039362K (98%)
ptolemy.util.test.WatchDog.cancel(): canceling Wed Nov 14 02:45:19 UTC 2018
------------------ testing $PTII/ptolemy/domains/de/test/auto/ResetTransitionWithStartTime2.xml
auto.tcl: Setting watchdog for 200 seconds at Wed Nov 14 02:45:19 UTC 2018
9 ms. Memory: 1064448K Free: 1038811K (98%)
ptolemy.util.test.WatchDog.cancel(): canceling Wed Nov 14 02:45:19 UTC 2018
auto.tcl: Setting watchdog for 200 seconds at Wed Nov 14 02:45:19 UTC 2018
5 ms. Memory: 1064448K Free: 1038811K (98%)
ptolemy.util.test.WatchDog.cancel(): canceling Wed Nov 14 02:45:19 UTC 2018
------------------ testing $PTII/ptolemy/domains/de/test/auto/ResetTransitionWithStartTime3.xml
auto.tcl: Setting watchdog for 200 seconds at Wed Nov 14 02:45:19 UTC 2018
5 ms. Memory: 1064960K Free: 1039322K (98%)
ptolemy.util.test.WatchDog.cancel(): canceling Wed Nov 14 02:45:19 UTC 2018
auto.tcl: Setting watchdog for 200 seconds at Wed Nov 14 02:45:19 UTC 2018
5 ms. Memory: 1064960K Free: 1038840K (98%)
ptolemy.util.test.WatchDog.cancel(): canceling Wed Nov 14 02:45:19 UTC 2018
------------------ testing $PTII/ptolemy/domains/de/test/auto/ResetTransitionWithStartTime4.xml
auto.tcl: Setting watchdog for 200 seconds at Wed Nov 14 02:45:19 UTC 2018
4 ms. Memory: 1064960K Free: 1038838K (98%)
ptolemy.util.test.WatchDog.cancel(): canceling Wed Nov 14 02:45:19 UTC 2018
auto.tcl: Setting watchdog for 200 seconds at Wed Nov 14 02:45:19 UTC 2018
3 ms. Memory: 1064960K Free: 1038838K (98%)
ptolemy.util.test.WatchDog.cancel(): canceling Wed Nov 14 02:45:19 UTC 2018
------------------ testing $PTII/ptolemy/domains/de/test/auto/ResettableTimer1.xml
auto.tcl: Setting watchdog for 200 seconds at Wed Nov 14 02:45:19 UTC 2018
3 ms. Memory: 1064960K Free: 1038833K (98%)
ptolemy.util.test.WatchDog.cancel(): canceling Wed Nov 14 02:45:19 UTC 2018
auto.tcl: Setting watchdog for 200 seconds at Wed Nov 14 02:45:19 UTC 2018
2 ms. Memory: 1064960K Free: 1038833K (98%)
ptolemy.util.test.WatchDog.cancel(): canceling Wed Nov 14 02:45:19 UTC 2018
------------------ testing $PTII/ptolemy/domains/de/test/auto/ResettableTimer2.xml
auto.tcl: Setting watchdog for 200 seconds at Wed Nov 14 02:45:19 UTC 2018
3 ms. Memory: 1064960K Free: 1039373K (98%)
ptolemy.util.test.WatchDog.cancel(): canceling Wed Nov 14 02:45:19 UTC 2018
auto.tcl: Setting watchdog for 200 seconds at Wed Nov 14 02:45:19 UTC 2018
2 ms. Memory: 1064960K Free: 1039373K (98%)
ptolemy.util.test.WatchDog.cancel(): canceling Wed Nov 14 02:45:19 UTC 2018
------------------ testing $PTII/ptolemy/domains/de/test/auto/ResettableTimer3.xml
auto.tcl: Setting watchdog for 200 seconds at Wed Nov 14 02:45:19 UTC 2018
1 ms. Memory: 1064960K Free: 1038890K (98%)
ptolemy.util.test.WatchDog.cancel(): canceling Wed Nov 14 02:45:19 UTC 2018
auto.tcl: Setting watchdog for 200 seconds at Wed Nov 14 02:45:19 UTC 2018
1 ms. Memory: 1064960K Free: 1038890K (98%)
ptolemy.util.test.WatchDog.cancel(): canceling Wed Nov 14 02:45:19 UTC 2018
------------------ testing $PTII/ptolemy/domains/de/test/auto/ResettableTimer4.xml
auto.tcl: Setting watchdog for 200 seconds at Wed Nov 14 02:45:19 UTC 2018
1 ms. Memory: 1063936K Free: 1038362K (98%)
ptolemy.util.test.WatchDog.cancel(): canceling Wed Nov 14 02:45:19 UTC 2018
auto.tcl: Setting watchdog for 200 seconds at Wed Nov 14 02:45:19 UTC 2018
1 ms. Memory: 1063936K Free: 1038362K (98%)
ptolemy.util.test.WatchDog.cancel(): canceling Wed Nov 14 02:45:19 UTC 2018
------------------ testing $PTII/ptolemy/domains/de/test/auto/ResettableTimer5.xml
auto.tcl: Setting watchdog for 200 seconds at Wed Nov 14 02:45:19 UTC 2018
2 ms. Memory: 1064448K Free: 1029052K (97%)
ptolemy.util.test.WatchDog.cancel(): canceling Wed Nov 14 02:45:19 UTC 2018
auto.tcl: Setting watchdog for 200 seconds at Wed Nov 14 02:45:19 UTC 2018
2 ms. Memory: 1064448K Free: 1029052K (97%)
ptolemy.util.test.WatchDog.cancel(): canceling Wed Nov 14 02:45:19 UTC 2018
------------------ testing $PTII/ptolemy/domains/de/test/auto/ResettableTimer6.xml
auto.tcl: Setting watchdog for 200 seconds at Wed Nov 14 02:45:19 UTC 2018
1 ms. Memory: 1064448K Free: 1028519K (97%)
ptolemy.util.test.WatchDog.cancel(): canceling Wed Nov 14 02:45:19 UTC 2018
auto.tcl: Setting watchdog for 200 seconds at Wed Nov 14 02:45:19 UTC 2018
1 ms. Memory: 1064448K Free: 1028519K (97%)
ptolemy.util.test.WatchDog.cancel(): canceling Wed Nov 14 02:45:19 UTC 2018
------------------ testing $PTII/ptolemy/domains/de/test/auto/ServerZeroDelay.xml
auto.tcl: Setting watchdog for 200 seconds at Wed Nov 14 02:45:20 UTC 2018
3 ms. Memory: 1064448K Free: 1038330K (98%)
ptolemy.util.test.WatchDog.cancel(): canceling Wed Nov 14 02:45:20 UTC 2018
auto.tcl: Setting watchdog for 200 seconds at Wed Nov 14 02:45:20 UTC 2018
3 ms. Memory: 1064448K Free: 1038330K (98%)
ptolemy.util.test.WatchDog.cancel(): canceling Wed Nov 14 02:45:20 UTC 2018
------------------ testing $PTII/ptolemy/domains/de/test/auto/SmartSender.xml
auto.tcl: Setting watchdog for 200 seconds at Wed Nov 14 02:45:20 UTC 2018
3001 ms. Memory: 1064448K Free: 1019167K (96%)
ptolemy.util.test.WatchDog.cancel(): canceling Wed Nov 14 02:45:23 UTC 2018
auto.tcl: Setting watchdog for 200 seconds at Wed Nov 14 02:45:23 UTC 2018
3003 ms. Memory: 1064448K Free: 1019167K (96%)
ptolemy.util.test.WatchDog.cancel(): canceling Wed Nov 14 02:45:26 UTC 2018
------------------ testing $PTII/ptolemy/domains/de/test/auto/ThreadedComposite.xml
auto.tcl: Setting watchdog for 200 seconds at Wed Nov 14 02:45:26 UTC 2018
156 ms. Memory: 1064448K Free: 1017182K (96%)
ptolemy.util.test.WatchDog.cancel(): canceling Wed Nov 14 02:45:26 UTC 2018
auto.tcl: Setting watchdog for 200 seconds at Wed Nov 14 02:45:26 UTC 2018
104 ms. Memory: 1064448K Free: 1007362K (95%)
ptolemy.util.test.WatchDog.cancel(): canceling Wed Nov 14 02:45:26 UTC 2018
------------------ testing $PTII/ptolemy/domains/de/test/auto/Time.xml
auto.tcl: Setting watchdog for 200 seconds at Wed Nov 14 02:45:26 UTC 2018
492 ms. Memory: 1064448K Free: 988948K (93%)
ptolemy.util.test.WatchDog.cancel(): canceling Wed Nov 14 02:45:26 UTC 2018
auto.tcl: Setting watchdog for 200 seconds at Wed Nov 14 02:45:26 UTC 2018
447 ms. Memory: 1064448K Free: 943671K (89%)
ptolemy.util.test.WatchDog.cancel(): canceling Wed Nov 14 02:45:27 UTC 2018
------------------ testing $PTII/ptolemy/domains/de/test/auto/TimeDelayZeroDelay.xml
auto.tcl: Setting watchdog for 200 seconds at Wed Nov 14 02:45:27 UTC 2018
2 ms. Memory: 1064448K Free: 1038247K (98%)
ptolemy.util.test.WatchDog.cancel(): canceling Wed Nov 14 02:45:27 UTC 2018
auto.tcl: Setting watchdog for 200 seconds at Wed Nov 14 02:45:27 UTC 2018
2 ms. Memory: 1064448K Free: 1038247K (98%)
ptolemy.util.test.WatchDog.cancel(): canceling Wed Nov 14 02:45:27 UTC 2018
------------------ testing $PTII/ptolemy/domains/de/test/auto/TimerZeroDelay.xml
auto.tcl: Setting watchdog for 200 seconds at Wed Nov 14 02:45:27 UTC 2018
2 ms. Memory: 1063424K Free: 1037749K (98%)
ptolemy.util.test.WatchDog.cancel(): canceling Wed Nov 14 02:45:27 UTC 2018
auto.tcl: Setting watchdog for 200 seconds at Wed Nov 14 02:45:27 UTC 2018
2 ms. Memory: 1063424K Free: 1037749K (98%)
ptolemy.util.test.WatchDog.cancel(): canceling Wed Nov 14 02:45:27 UTC 2018
------------------ testing $PTII/ptolemy/domains/de/test/auto/TimingParadox.xml
auto.tcl: Setting watchdog for 200 seconds at Wed Nov 14 02:45:27 UTC 2018
295 ms. Memory: 1063936K Free: 974327K (92%)
ptolemy.util.test.WatchDog.cancel(): canceling Wed Nov 14 02:45:28 UTC 2018
auto.tcl: Setting watchdog for 200 seconds at Wed Nov 14 02:45:28 UTC 2018
292 ms. Memory: 1063936K Free: 940369K (88%)
ptolemy.util.test.WatchDog.cancel(): canceling Wed Nov 14 02:45:28 UTC 2018
------------------ testing $PTII/ptolemy/domains/de/test/auto/TransferInputs.xml
auto.tcl: Setting watchdog for 200 seconds at Wed Nov 14 02:45:28 UTC 2018
1 ms. Memory: 1063424K Free: 1036664K (97%)
ptolemy.util.test.WatchDog.cancel(): canceling Wed Nov 14 02:45:28 UTC 2018
auto.tcl: Setting watchdog for 200 seconds at Wed Nov 14 02:45:28 UTC 2018
1 ms. Memory: 1063424K Free: 1036664K (97%)
ptolemy.util.test.WatchDog.cancel(): canceling Wed Nov 14 02:45:28 UTC 2018
------------------ testing $PTII/ptolemy/domains/de/test/auto/TransferOutputs2.xml
auto.tcl: Setting watchdog for 200 seconds at Wed Nov 14 02:45:28 UTC 2018
6 ms. Memory: 1063936K Free: 1038277K (98%)
ptolemy.util.test.WatchDog.cancel(): canceling Wed Nov 14 02:45:28 UTC 2018
auto.tcl: Setting watchdog for 200 seconds at Wed Nov 14 02:45:28 UTC 2018
2 ms. Memory: 1063936K Free: 1038277K (98%)
ptolemy.util.test.WatchDog.cancel(): canceling Wed Nov 14 02:45:28 UTC 2018
------------------ testing $PTII/ptolemy/domains/de/test/auto/Trilateration.xml
auto.tcl: Setting watchdog for 200 seconds at Wed Nov 14 02:45:28 UTC 2018
12830 ms. Memory: 976384K Free: 926878K (95%)
ptolemy.util.test.WatchDog.cancel(): canceling Wed Nov 14 02:45:42 UTC 2018
auto.tcl: Setting watchdog for 200 seconds at Wed Nov 14 02:45:42 UTC 2018
10352 ms. Memory: 849408K Free: 766069K (90%)
ptolemy.util.test.WatchDog.cancel(): canceling Wed Nov 14 02:45:52 UTC 2018
------------------ testing $PTII/ptolemy/domains/de/test/auto/TwoSigmaDelta.xml
auto.tcl: Setting watchdog for 200 seconds at Wed Nov 14 02:45:52 UTC 2018
2591 ms. Memory: 853504K Free: 549288K (64%)
ptolemy.util.test.WatchDog.cancel(): canceling Wed Nov 14 02:45:55 UTC 2018
auto.tcl: Setting watchdog for 200 seconds at Wed Nov 14 02:45:55 UTC 2018
2070 ms. Memory: 853504K Free: 324652K (38%)
ptolemy.util.test.WatchDog.cancel(): canceling Wed Nov 14 02:45:57 UTC 2018
------------------ testing $PTII/ptolemy/domains/de/test/auto/VariableDelay.xml
auto.tcl: Setting watchdog for 200 seconds at Wed Nov 14 02:45:57 UTC 2018
2 ms. Memory: 849920K Free: 826026K (97%)
ptolemy.util.test.WatchDog.cancel(): canceling Wed Nov 14 02:45:57 UTC 2018
auto.tcl: Setting watchdog for 200 seconds at Wed Nov 14 02:45:57 UTC 2018
2 ms. Memory: 849920K Free: 826026K (97%)
ptolemy.util.test.WatchDog.cancel(): canceling Wed Nov 14 02:45:57 UTC 2018
------------------ testing $PTII/ptolemy/domains/de/test/auto/VariableDelay2.xml
auto.tcl: Setting watchdog for 200 seconds at Wed Nov 14 02:45:57 UTC 2018
3 ms. Memory: 849408K Free: 825928K (97%)
ptolemy.util.test.WatchDog.cancel(): canceling Wed Nov 14 02:45:57 UTC 2018
auto.tcl: Setting watchdog for 200 seconds at Wed Nov 14 02:45:57 UTC 2018
2 ms. Memory: 849408K Free: 825928K (97%)
ptolemy.util.test.WatchDog.cancel(): canceling Wed Nov 14 02:45:57 UTC 2018
------------------ testing $PTII/ptolemy/domains/de/test/auto/VariableDelayZeroDelay.xml
auto.tcl: Setting watchdog for 200 seconds at Wed Nov 14 02:45:57 UTC 2018
3 ms. Memory: 849408K Free: 825971K (97%)
ptolemy.util.test.WatchDog.cancel(): canceling Wed Nov 14 02:45:57 UTC 2018
auto.tcl: Setting watchdog for 200 seconds at Wed Nov 14 02:45:57 UTC 2018
2 ms. Memory: 849408K Free: 825927K (97%)
ptolemy.util.test.WatchDog.cancel(): canceling Wed Nov 14 02:45:57 UTC 2018
------------------ testing $PTII/ptolemy/domains/de/test/auto/VariableDelayZeroDelay2.xml
auto.tcl: Setting watchdog for 200 seconds at Wed Nov 14 02:45:57 UTC 2018
2 ms. Memory: 852480K Free: 829041K (97%)
ptolemy.util.test.WatchDog.cancel(): canceling Wed Nov 14 02:45:57 UTC 2018
auto.tcl: Setting watchdog for 200 seconds at Wed Nov 14 02:45:57 UTC 2018
2 ms. Memory: 852480K Free: 829041K (97%)
ptolemy.util.test.WatchDog.cancel(): canceling Wed Nov 14 02:45:57 UTC 2018
------------------ testing $PTII/ptolemy/domains/de/test/auto/deInCt.xml
auto.tcl: Setting watchdog for 200 seconds at Wed Nov 14 02:45:57 UTC 2018
0
1
1
1
1
1
0
0
0
0
0
1
1
1
1
0
0
0
1
1
1
0
0
0
1
1
1
1
1
13 ms. Memory: 849408K Free: 825923K (97%)
ptolemy.util.test.WatchDog.cancel(): canceling Wed Nov 14 02:45:57 UTC 2018
auto.tcl: Setting watchdog for 200 seconds at Wed Nov 14 02:45:57 UTC 2018
0
1
1
1
0
0
0
1
1
1
1
0
0
0
0
1
1
1
1
1
0
0
0
1
1
1
0
0
0
0
1
1
1
0
0
0
0
6 ms. Memory: 849408K Free: 825923K (97%)
ptolemy.util.test.WatchDog.cancel(): canceling Wed Nov 14 02:45:57 UTC 2018
------------------ testing $PTII/ptolemy/domains/de/test/auto/deInCt2.xml
auto.tcl: Setting watchdog for 200 seconds at Wed Nov 14 02:45:57 UTC 2018
0
1
1
1
0
0
1
1
1
0
0
1
1
1
0
0
1
1
1
0
0
1
1
1
0
0
1
1
1
0
0
1
1
1
0
0
1
1
1
0
0
0
16 ms. Memory: 852480K Free: 828994K (97%)
ptolemy.util.test.WatchDog.cancel(): canceling Wed Nov 14 02:45:57 UTC 2018
auto.tcl: Setting watchdog for 200 seconds at Wed Nov 14 02:45:57 UTC 2018
0
1
1
1
0
0
1
1
1
0
0
1
1
1
0
0
1
1
1
0
0
1
1
1
0
0
1
1
1
0
0
1
1
1
0
0
1
1
1
0
0
0
5 ms. Memory: 852480K Free: 828994K (97%)
ptolemy.util.test.WatchDog.cancel(): canceling Wed Nov 14 02:45:57 UTC 2018
------------------ testing $PTII/ptolemy/domains/de/test/auto/dynamicCausalityInterface1.xml
auto.tcl: Setting watchdog for 200 seconds at Wed Nov 14 02:45:58 UTC 2018
1 ms. Memory: 849408K Free: 825961K (97%)
ptolemy.util.test.WatchDog.cancel(): canceling Wed Nov 14 02:45:58 UTC 2018
auto.tcl: Setting watchdog for 200 seconds at Wed Nov 14 02:45:58 UTC 2018
1 ms. Memory: 849408K Free: 825961K (97%)
ptolemy.util.test.WatchDog.cancel(): canceling Wed Nov 14 02:45:58 UTC 2018
------------------ testing $PTII/ptolemy/domains/de/test/auto/fsm_de_test.xml
auto.tcl: Setting watchdog for 200 seconds at Wed Nov 14 02:45:58 UTC 2018
11 ms. Memory: 851968K Free: 828417K (97%)
ptolemy.util.test.WatchDog.cancel(): canceling Wed Nov 14 02:45:58 UTC 2018
auto.tcl: Setting watchdog for 200 seconds at Wed Nov 14 02:45:58 UTC 2018
4 ms. Memory: 851968K Free: 828417K (97%)
ptolemy.util.test.WatchDog.cancel(): canceling Wed Nov 14 02:45:58 UTC 2018
------------------ testing $PTII/ptolemy/domains/de/test/auto/functionDependencyReconstruction.xml
auto.tcl: Setting watchdog for 200 seconds at Wed Nov 14 02:45:58 UTC 2018
2 ms. Memory: 849408K Free: 807066K (95%)
ptolemy.util.test.WatchDog.cancel(): canceling Wed Nov 14 02:45:58 UTC 2018
auto.tcl: Setting watchdog for 200 seconds at Wed Nov 14 02:45:58 UTC 2018
3 ms. Memory: 849408K Free: 807066K (95%)
ptolemy.util.test.WatchDog.cancel(): canceling Wed Nov 14 02:45:58 UTC 2018
------------------ testing $PTII/ptolemy/domains/de/test/auto/multirate.xml
auto.tcl: Setting watchdog for 200 seconds at Wed Nov 14 02:45:58 UTC 2018
6 ms. Memory: 851456K Free: 820092K (96%)
ptolemy.util.test.WatchDog.cancel(): canceling Wed Nov 14 02:45:58 UTC 2018
auto.tcl: Setting watchdog for 200 seconds at Wed Nov 14 02:45:58 UTC 2018
3 ms. Memory: 851456K Free: 820048K (96%)
ptolemy.util.test.WatchDog.cancel(): canceling Wed Nov 14 02:45:58 UTC 2018
------------------ testing $PTII/ptolemy/domains/de/test/auto/multirate2.xml
auto.tcl: Setting watchdog for 200 seconds at Wed Nov 14 02:45:58 UTC 2018
3 ms. Memory: 849408K Free: 818187K (96%)
ptolemy.util.test.WatchDog.cancel(): canceling Wed Nov 14 02:45:58 UTC 2018
auto.tcl: Setting watchdog for 200 seconds at Wed Nov 14 02:45:58 UTC 2018
3 ms. Memory: 849408K Free: 818187K (96%)
ptolemy.util.test.WatchDog.cancel(): canceling Wed Nov 14 02:45:58 UTC 2018
------------------ testing $PTII/ptolemy/domains/de/test/auto/realtime.xml
auto.tcl: Setting watchdog for 200 seconds at Wed Nov 14 02:45:58 UTC 2018
10001 ms. Memory: 851456K Free: 827914K (97%)
ptolemy.util.test.WatchDog.cancel(): canceling Wed Nov 14 02:46:08 UTC 2018
auto.tcl: Setting watchdog for 200 seconds at Wed Nov 14 02:46:08 UTC 2018
10002 ms. Memory: 851456K Free: 827914K (97%)
ptolemy.util.test.WatchDog.cancel(): canceling Wed Nov 14 02:46:18 UTC 2018
------------------ testing $PTII/ptolemy/domains/de/test/auto/relationGroup.xml
auto.tcl: Setting watchdog for 200 seconds at Wed Nov 14 02:46:18 UTC 2018
1 ms. Memory: 849408K Free: 825936K (97%)
ptolemy.util.test.WatchDog.cancel(): canceling Wed Nov 14 02:46:18 UTC 2018
auto.tcl: Setting watchdog for 200 seconds at Wed Nov 14 02:46:18 UTC 2018
1 ms. Memory: 849408K Free: 825936K (97%)
ptolemy.util.test.WatchDog.cancel(): canceling Wed Nov 14 02:46:18 UTC 2018
------------------ testing $PTII/ptolemy/domains/de/test/auto/relationGroup2.xml
auto.tcl: Setting watchdog for 200 seconds at Wed Nov 14 02:46:18 UTC 2018
1 ms. Memory: 850944K Free: 827499K (97%)
ptolemy.util.test.WatchDog.cancel(): canceling Wed Nov 14 02:46:18 UTC 2018
auto.tcl: Setting watchdog for 200 seconds at Wed Nov 14 02:46:18 UTC 2018
1 ms. Memory: 850944K Free: 827499K (97%)
ptolemy.util.test.WatchDog.cancel(): canceling Wed Nov 14 02:46:18 UTC 2018
------------------ testing $PTII/ptolemy/domains/de/test/auto/sortWithOpaquePorts.xml
auto.tcl: Setting watchdog for 200 seconds at Wed Nov 14 02:46:18 UTC 2018
1 ms. Memory: 849408K Free: 818282K (96%)
ptolemy.util.test.WatchDog.cancel(): canceling Wed Nov 14 02:46:18 UTC 2018
auto.tcl: Setting watchdog for 200 seconds at Wed Nov 14 02:46:18 UTC 2018
2 ms. Memory: 849408K Free: 818282K (96%)
ptolemy.util.test.WatchDog.cancel(): canceling Wed Nov 14 02:46:18 UTC 2018
------------------ testing $PTII/ptolemy/domains/de/test/auto/transferInputsandOutputs.xml
auto.tcl: Setting watchdog for 200 seconds at Wed Nov 14 02:46:18 UTC 2018
2 ms. Memory: 850944K Free: 819806K (96%)
ptolemy.util.test.WatchDog.cancel(): canceling Wed Nov 14 02:46:18 UTC 2018
auto.tcl: Setting watchdog for 200 seconds at Wed Nov 14 02:46:18 UTC 2018
1 ms. Memory: 850944K Free: 819806K (96%)
ptolemy.util.test.WatchDog.cancel(): canceling Wed Nov 14 02:46:18 UTC 2018
------------------ testing $PTII/ptolemy/domains/de/test/auto/triggerType.xml
auto.tcl: Setting watchdog for 200 seconds at Wed Nov 14 02:46:18 UTC 2018
1 ms. Memory: 849408K Free: 818221K (96%)
ptolemy.util.test.WatchDog.cancel(): canceling Wed Nov 14 02:46:18 UTC 2018
auto.tcl: Setting watchdog for 200 seconds at Wed Nov 14 02:46:18 UTC 2018
1 ms. Memory: 849408K Free: 818221K (96%)
ptolemy.util.test.WatchDog.cancel(): canceling Wed Nov 14 02:46:18 UTC 2018
11/14/18 02:46:18
Failed: 0  Total Tests: 192  ((Passed: 187, Newly Passed: 1)  Known Failed: 5) /home/travis/build/icyphy/ptII/ptolemy/domains/de/test
11/14/18 02:46:18
Failed: 0  Total Tests: 192  ((Passed: 187, Newly Passed: 1)  Known Failed: 5) /home/travis/build/icyphy/ptII/ptolemy/domains/de/test
----------------- testing (KnownFailure) /home/travis/build/icyphy/ptII/ptolemy/domains/de/test/auto/knownFailedTests/DESDFClockTest.xml
2010 ms. Memory: 850432K Free: 803938K (95%)
Known Failure: java.lang.reflect.InvocationTargetException
----------------- testing (KnownFailure) /home/travis/build/icyphy/ptII/ptolemy/domains/de/test/auto/knownFailedTests/DirectFeedback.xml
2 ms. Memory: 850432K Free: 742454K (87%)
Known Failure: java.lang.reflect.InvocationTargetException
----------------- testing (KnownFailure) /home/travis/build/icyphy/ptII/ptolemy/domains/de/test/auto/knownFailedTests/FSMSource.xml
6 ms. Memory: 850432K Free: 681014K (80%)
----------------- testing (KnownFailure) /home/travis/build/icyphy/ptII/ptolemy/domains/de/test/auto/knownFailedTests/HierarchicalModel.xml
3 ms. Memory: 850432K Free: 634917K (75%)
Known Failure: java.lang.reflect.InvocationTargetException
----------------- testing (KnownFailure) /home/travis/build/icyphy/ptII/ptolemy/domains/de/test/auto/knownFailedTests/dependencyLoop.xml
2 ms. Memory: 850432K Free: 573477K (67%)
Known Failure: java.lang.reflect.InvocationTargetException
----------------- testing (KnownFailure) /home/travis/build/icyphy/ptII/ptolemy/domains/de/test/auto/knownFailedTests/dependencyLoop2.xml
2 ms. Memory: 850432K Free: 512037K (60%)
Known Failure: java.lang.reflect.InvocationTargetException
No auto/linux-amd64/*.xml tests in /home/travis/build/icyphy/ptII/ptolemy/domains/de/test
AutoTests.java: About to close Vertx.
AutoTests.java: Vertx closed.

===========================================================================================
----------------- testing Wed Nov 14 02:46:21 UTC 2018 /home/travis/build/icyphy/ptII/ptolemy/domains/de/test/auto/ActorDepthCalculation_actorWithoutPorts.xml
----------------- Instantiating /home/travis/build/icyphy/ptII/ptolemy/domains/de/test/auto/ActorDepthCalculation_actorWithoutPorts.xml
1 ms. Memory: 850432K Free: 435237K (51%)
----------------- Invoking toplevel() on ptolemy.moml.MoMLSimpleApplication@5d054496
----------------- Done invoking toplevel() on ptolemy.moml.MoMLSimpleApplication@5d054496
reloadAllAccessors: .ActorDepthCalculation_actorWithoutPorts

===========================================================================================
----------------- testing Wed Nov 14 02:46:21 UTC 2018 /home/travis/build/icyphy/ptII/ptolemy/domains/de/test/auto/AssemblyLine.xml
----------------- Instantiating /home/travis/build/icyphy/ptII/ptolemy/domains/de/test/auto/AssemblyLine.xml
1 ms. Memory: 850432K Free: 404517K (48%)
----------------- Invoking toplevel() on ptolemy.moml.MoMLSimpleApplication@405942be
----------------- Done invoking toplevel() on ptolemy.moml.MoMLSimpleApplication@405942be
reloadAllAccessors: .AssemblyLine

===========================================================================================
----------------- testing Wed Nov 14 02:46:21 UTC 2018 /home/travis/build/icyphy/ptII/ptolemy/domains/de/test/auto/CQBug1.xml
----------------- Instantiating /home/travis/build/icyphy/ptII/ptolemy/domains/de/test/auto/CQBug1.xml
1 ms. Memory: 850432K Free: 373797K (44%)
----------------- Invoking toplevel() on ptolemy.moml.MoMLSimpleApplication@6590423b
----------------- Done invoking toplevel() on ptolemy.moml.MoMLSimpleApplication@6590423b
reloadAllAccessors: .CQBug1

===========================================================================================
----------------- testing Wed Nov 14 02:46:21 UTC 2018 /home/travis/build/icyphy/ptII/ptolemy/domains/de/test/auto/CancelFireAt.xml
----------------- Instantiating /home/travis/build/icyphy/ptII/ptolemy/domains/de/test/auto/CancelFireAt.xml
1 ms. Memory: 850432K Free: 343077K (40%)
----------------- Invoking toplevel() on ptolemy.moml.MoMLSimpleApplication@7fe19006
----------------- Done invoking toplevel() on ptolemy.moml.MoMLSimpleApplication@7fe19006
reloadAllAccessors: .CancelFireAt

===========================================================================================
----------------- testing Wed Nov 14 02:46:21 UTC 2018 /home/travis/build/icyphy/ptII/ptolemy/domains/de/test/auto/CausalityAndComposabilityAnalysis.xml
----------------- Instantiating /home/travis/build/icyphy/ptII/ptolemy/domains/de/test/auto/CausalityAndComposabilityAnalysis.xml
1 ms. Memory: 850432K Free: 312357K (37%)
----------------- Invoking toplevel() on ptolemy.moml.MoMLSimpleApplication@548a6898
----------------- Done invoking toplevel() on ptolemy.moml.MoMLSimpleApplication@548a6898
reloadAllAccessors: .CausalityAndComposabilityAnalysis

===========================================================================================
----------------- testing Wed Nov 14 02:46:21 UTC 2018 /home/travis/build/icyphy/ptII/ptolemy/domains/de/test/auto/CausalityInterface1.xml
----------------- Instantiating /home/travis/build/icyphy/ptII/ptolemy/domains/de/test/auto/CausalityInterface1.xml
4 ms. Memory: 850432K Free: 281637K (33%)
----------------- Invoking toplevel() on ptolemy.moml.MoMLSimpleApplication@7c472cab
----------------- Done invoking toplevel() on ptolemy.moml.MoMLSimpleApplication@7c472cab
reloadAllAccessors: .CausalityInterface1

===========================================================================================
----------------- testing Wed Nov 14 02:46:21 UTC 2018 /home/travis/build/icyphy/ptII/ptolemy/domains/de/test/auto/CausalityInterface15.xml
----------------- Instantiating /home/travis/build/icyphy/ptII/ptolemy/domains/de/test/auto/CausalityInterface15.xml
1 ms. Memory: 850432K Free: 250917K (30%)
----------------- Invoking toplevel() on ptolemy.moml.MoMLSimpleApplication@42dcfc33
----------------- Done invoking toplevel() on ptolemy.moml.MoMLSimpleApplication@42dcfc33
[...]
java.lang.RuntimeException: Execution failed
	at ptolemy.moml.MoMLSimpleApplication$UnloadThread.run(MoMLSimpleApplication.java:402)
Caused by: ptolemy.kernel.util.IllegalActionException: Test fails in iteration 1.
Value was: 1.0. Should have been: 2.0
  in .DirectFeedback.Test
	at ptolemy.actor.lib.Test.fire(Test.java:268)
	at ptolemy.domains.de.kernel.DEDirector._fire(DEDirector.java:1949)
	at ptolemy.domains.de.kernel.DEDirector.fire(DEDirector.java:502)
	at ptolemy.actor.CompositeActor.fire(CompositeActor.java:455)
	at ptolemy.actor.Manager.iterate(Manager.java:851)
	at ptolemy.actor.Manager.execute(Manager.java:369)
	at ptolemy.actor.Manager.run(Manager.java:1263)
	at ptolemy.actor.Manager$PtolemyRunThread.run(Manager.java:1915)
java.lang.RuntimeException: Execution failed
	at ptolemy.moml.MoMLSimpleApplication$UnloadThread.run(MoMLSimpleApplication.java:402)
Caused by: ptolemy.kernel.util.IllegalActionException: Actor is not ready to fire.  Perhaps UpSample.prefire() returned false? Try debugging the actor by selecting "Listen to Actor".  Also, for SDF check moml for tokenConsumptionRate on input.
  in .DESDFClockTest.Play Bell.Copy1:SDF Director and .DESDFClockTest.Play Bell.UpSample
	at ptolemy.actor.sched.StaticSchedulingDirector.fire(StaticSchedulingDirector.java:227)
	at ptolemy.domains.sdf.kernel.SDFDirector.fire(SDFDirector.java:500)
	at ptolemy.actor.CompositeActor.fire(CompositeActor.java:455)
	at ptolemy.domains.de.kernel.DEDirector._fire(DEDirector.java:1949)
	at ptolemy.domains.de.kernel.DEDirector.fire(DEDirector.java:502)
	at ptolemy.actor.CompositeActor.fire(CompositeActor.java:455)
	at ptolemy.actor.Manager.iterate(Manager.java:851)
	at ptolemy.actor.Manager.execute(Manager.java:369)
	at ptolemy.actor.Manager.run(Manager.java:1263)
	at ptolemy.actor.Manager$PtolemyRunThread.run(Manager.java:1915)
java.lang.reflect.InvocationTargetException
	at sun.reflect.NativeConstructorAccessorImpl.newInstance0(Native Method)
	at sun.reflect.NativeConstructorAccessorImpl.newInstance(NativeConstructorAccessorImpl.java:62)
	at sun.reflect.DelegatingConstructorAccessorImpl.newInstance(DelegatingConstructorAccessorImpl.java:45)
	at java.lang.reflect.Constructor.newInstance(Constructor.java:423)
	at ptolemy.util.test.junit.AutoKnownFailedTests.RunModel(AutoKnownFailedTests.java:105)
	at sun.reflect.NativeMethodAccessorImpl.invoke0(Native Method)
	at sun.reflect.NativeMethodAccessorImpl.invoke(NativeMethodAccessorImpl.java:62)
	at sun.reflect.DelegatingMethodAccessorImpl.invoke(DelegatingMethodAccessorImpl.java:43)
	at java.lang.reflect.Method.invoke(Method.java:498)
	at org.junit.runners.model.FrameworkMethod$1.runReflectiveCall(FrameworkMethod.java:44)
	at org.junit.internal.runners.model.ReflectiveCallable.run(ReflectiveCallable.java:15)
	at org.junit.runners.model.FrameworkMethod.invokeExplosively(FrameworkMethod.java:41)
	at junitparams.internal.InvokeParameterisedMethod.evaluate(InvokeParameterisedMethod.java:102)
	at org.junit.internal.runners.statements.FailOnTimeout$1.run(FailOnTimeout.java:28)
Caused by: ptolemy.kernel.util.IllegalActionException: Actor is not ready to fire.  Perhaps UpSample.prefire() returned false? Try debugging the actor by selecting "Listen to Actor".  Also, for SDF check moml for tokenConsumptionRate on input.
  in .DESDFClockTest.Play Bell.Copy1:SDF Director and .DESDFClockTest.Play Bell.UpSample
	at ptolemy.actor.sched.StaticSchedulingDirector.fire(StaticSchedulingDirector.java:227)
	at ptolemy.domains.sdf.kernel.SDFDirector.fire(SDFDirector.java:500)
	at ptolemy.actor.CompositeActor.fire(CompositeActor.java:455)
	at ptolemy.domains.de.kernel.DEDirector._fire(DEDirector.java:1949)
	at ptolemy.domains.de.kernel.DEDirector.fire(DEDirector.java:502)
	at ptolemy.actor.CompositeActor.fire(CompositeActor.java:455)
	at ptolemy.actor.Manager.iterate(Manager.java:851)
	at ptolemy.actor.Manager.execute(Manager.java:369)
	at ptolemy.actor.Manager.run(Manager.java:1263)
	at ptolemy.actor.Manager$PtolemyRunThread.run(Manager.java:1915)
java.lang.RuntimeException: Execution failed
	at ptolemy.moml.MoMLSimpleApplication$UnloadThread.run(MoMLSimpleApplication.java:402)
Caused by: ptolemy.kernel.util.IllegalActionException: Test fails in iteration 1.
Value was: 1.0. Should have been: 2.0
  in .DirectFeedback.Test
	at ptolemy.actor.lib.Test.fire(Test.java:268)
	at ptolemy.domains.de.kernel.DEDirector._fire(DEDirector.java:1949)
	at ptolemy.domains.de.kernel.DEDirector.fire(DEDirector.java:502)
	at ptolemy.actor.CompositeActor.fire(CompositeActor.java:455)
	at ptolemy.actor.Manager.iterate(Manager.java:851)
	at ptolemy.actor.Manager.execute(Manager.java:369)
	at ptolemy.actor.Manager.run(Manager.java:1263)
	at ptolemy.actor.Manager$PtolemyRunThread.run(Manager.java:1915)
java.lang.reflect.InvocationTargetException
	at sun.reflect.NativeConstructorAccessorImpl.newInstance0(Native Method)
	at sun.reflect.NativeConstructorAccessorImpl.newInstance(NativeConstructorAccessorImpl.java:62)
	at sun.reflect.DelegatingConstructorAccessorImpl.newInstance(DelegatingConstructorAccessorImpl.java:45)
	at java.lang.reflect.Constructor.newInstance(Constructor.java:423)
	at ptolemy.util.test.junit.AutoKnownFailedTests.RunModel(AutoKnownFailedTests.java:105)
	at sun.reflect.NativeMethodAccessorImpl.invoke0(Native Method)
	at sun.reflect.NativeMethodAccessorImpl.invoke(NativeMethodAccessorImpl.java:62)
	at sun.reflect.DelegatingMethodAccessorImpl.invoke(DelegatingMethodAccessorImpl.java:43)
	at java.lang.reflect.Method.invoke(Method.java:498)
	at org.junit.runners.model.FrameworkMethod$1.runReflectiveCall(FrameworkMethod.java:44)
	at org.junit.internal.runners.model.ReflectiveCallable.run(ReflectiveCallable.java:15)
	at org.junit.runners.model.FrameworkMethod.invokeExplosively(FrameworkMethod.java:41)
	at junitparams.internal.InvokeParameterisedMethod.evaluate(InvokeParameterisedMethod.java:102)
	at org.junit.internal.runners.statements.FailOnTimeout$1.run(FailOnTimeout.java:28)
Caused by: ptolemy.kernel.util.IllegalActionException: Test fails in iteration 1.
Value was: 1.0. Should have been: 2.0
  in .DirectFeedback.Test
	at ptolemy.actor.lib.Test.fire(Test.java:268)
	at ptolemy.domains.de.kernel.DEDirector._fire(DEDirector.java:1949)
	at ptolemy.domains.de.kernel.DEDirector.fire(DEDirector.java:502)
	at ptolemy.actor.CompositeActor.fire(CompositeActor.java:455)
	at ptolemy.actor.Manager.iterate(Manager.java:851)
	at ptolemy.actor.Manager.execute(Manager.java:369)
	at ptolemy.actor.Manager.run(Manager.java:1263)
	at ptolemy.actor.Manager$PtolemyRunThread.run(Manager.java:1915)
java.lang.RuntimeException: Execution failed
	at ptolemy.moml.MoMLSimpleApplication$UnloadThread.run(MoMLSimpleApplication.java:402)
Caused by: ptolemy.kernel.util.IllegalActionException: Found a zero delay loop containing .HierarchicalModel.A
  in .HierarchicalModel and .HierarchicalModel.A
	at ptolemy.actor.util.CausalityInterfaceForComposites._computeOutputPortDepth(CausalityInterfaceForComposites.java:759)
	at ptolemy.actor.util.CausalityInterfaceForComposites._computeInputDepth(CausalityInterfaceForComposites.java:696)
	at ptolemy.actor.util.CausalityInterfaceForComposites._computeOutputPortDepth(CausalityInterfaceForComposites.java:765)
	at ptolemy.actor.util.CausalityInterfaceForComposites._computeInputDepth(CausalityInterfaceForComposites.java:696)
	at ptolemy.actor.util.CausalityInterfaceForComposites._computeOutputPortDepth(CausalityInterfaceForComposites.java:765)
	at ptolemy.actor.util.CausalityInterfaceForComposites._computeInputDepth(CausalityInterfaceForComposites.java:696)
	at ptolemy.actor.util.CausalityInterfaceForComposites._computeActorDepth(CausalityInterfaceForComposites.java:532)
	at ptolemy.actor.util.CausalityInterfaceForComposites.checkForCycles(CausalityInterfaceForComposites.java:96)
	at ptolemy.domains.de.kernel.DEDirector.preinitialize(DEDirector.java:1338)
	at ptolemy.actor.CompositeActor.preinitialize(CompositeActor.java:1828)
	at ptolemy.actor.Manager.preinitializeAndResolveTypes(Manager.java:1040)
	at ptolemy.actor.Manager.initialize(Manager.java:710)
	at ptolemy.actor.Manager.execute(Manager.java:356)
	at ptolemy.actor.Manager.run(Manager.java:1263)
	at ptolemy.actor.Manager$PtolemyRunThread.run(Manager.java:1915)
java.lang.reflect.InvocationTargetException
	at sun.reflect.NativeConstructorAccessorImpl.newInstance0(Native Method)
	at sun.reflect.NativeConstructorAccessorImpl.newInstance(NativeConstructorAccessorImpl.java:62)
	at sun.reflect.DelegatingConstructorAccessorImpl.newInstance(DelegatingConstructorAccessorImpl.java:45)
	at java.lang.reflect.Constructor.newInstance(Constructor.java:423)
	at ptolemy.util.test.junit.AutoKnownFailedTests.RunModel(AutoKnownFailedTests.java:105)
	at sun.reflect.NativeMethodAccessorImpl.invoke0(Native Method)
	at sun.reflect.NativeMethodAccessorImpl.invoke(NativeMethodAccessorImpl.java:62)
	at sun.reflect.DelegatingMethodAccessorImpl.invoke(DelegatingMethodAccessorImpl.java:43)
	at java.lang.reflect.Method.invoke(Method.java:498)
	at org.junit.runners.model.FrameworkMethod$1.runReflectiveCall(FrameworkMethod.java:44)
	at org.junit.internal.runners.model.ReflectiveCallable.run(ReflectiveCallable.java:15)
	at org.junit.runners.model.FrameworkMethod.invokeExplosively(FrameworkMethod.java:41)
	at junitparams.internal.InvokeParameterisedMethod.evaluate(InvokeParameterisedMethod.java:102)
	at org.junit.internal.runners.statements.FailOnTimeout$1.run(FailOnTimeout.java:28)
Caused by: ptolemy.kernel.util.IllegalActionException: Found a zero delay loop containing .HierarchicalModel.A
  in .HierarchicalModel and .HierarchicalModel.A
	at ptolemy.actor.util.CausalityInterfaceForComposites._computeOutputPortDepth(CausalityInterfaceForComposites.java:759)
	at ptolemy.actor.util.CausalityInterfaceForComposites._computeInputDepth(CausalityInterfaceForComposites.java:696)
	at ptolemy.actor.util.CausalityInterfaceForComposites._computeOutputPortDepth(CausalityInterfaceForComposites.java:765)
	at ptolemy.actor.util.CausalityInterfaceForComposites._computeInputDepth(CausalityInterfaceForComposites.java:696)
	at ptolemy.actor.util.CausalityInterfaceForComposites._computeOutputPortDepth(CausalityInterfaceForComposites.java:765)
	at ptolemy.actor.util.CausalityInterfaceForComposites._computeInputDepth(CausalityInterfaceForComposites.java:696)
	at ptolemy.actor.util.CausalityInterfaceForComposites._computeActorDepth(CausalityInterfaceForComposites.java:532)
	at ptolemy.actor.util.CausalityInterfaceForComposites.checkForCycles(CausalityInterfaceForComposites.java:96)
	at ptolemy.domains.de.kernel.DEDirector.preinitialize(DEDirector.java:1338)
	at ptolemy.actor.CompositeActor.preinitialize(CompositeActor.java:1828)
	at ptolemy.actor.Manager.preinitializeAndResolveTypes(Manager.java:1040)
	at ptolemy.actor.Manager.initialize(Manager.java:710)
	at ptolemy.actor.Manager.execute(Manager.java:356)
	at ptolemy.actor.Manager.run(Manager.java:1263)
	at ptolemy.actor.Manager$PtolemyRunThread.run(Manager.java:1915)
java.lang.RuntimeException: Execution failed
	at ptolemy.moml.MoMLSimpleApplication$UnloadThread.run(MoMLSimpleApplication.java:402)
Caused by: ptolemy.kernel.util.IllegalActionException: Found a zero delay loop containing .dependencyLoop.original
  in .dependencyLoop and .dependencyLoop.original
	at ptolemy.actor.util.CausalityInterfaceForComposites._computeOutputPortDepth(CausalityInterfaceForComposites.java:759)
	at ptolemy.actor.util.CausalityInterfaceForComposites._computeInputDepth(CausalityInterfaceForComposites.java:696)
	at ptolemy.actor.util.CausalityInterfaceForComposites._computeOutputPortDepth(CausalityInterfaceForComposites.java:765)
	at ptolemy.actor.util.CausalityInterfaceForComposites._computeInputDepth(CausalityInterfaceForComposites.java:696)
	at ptolemy.actor.util.CausalityInterfaceForComposites._computeOutputPortDepth(CausalityInterfaceForComposites.java:765)
	at ptolemy.actor.util.CausalityInterfaceForComposites._computeInputDepth(CausalityInterfaceForComposites.java:696)
	at ptolemy.actor.util.CausalityInterfaceForComposites._computeActorDepth(CausalityInterfaceForComposites.java:532)
	at ptolemy.actor.util.CausalityInterfaceForComposites.checkForCycles(CausalityInterfaceForComposites.java:96)
	at ptolemy.domains.de.kernel.DEDirector.preinitialize(DEDirector.java:1338)
	at ptolemy.actor.CompositeActor.preinitialize(CompositeActor.java:1828)
	at ptolemy.actor.Manager.preinitializeAndResolveTypes(Manager.java:1040)
	at ptolemy.actor.Manager.initialize(Manager.java:710)
	at ptolemy.actor.Manager.execute(Manager.java:356)
	at ptolemy.actor.Manager.run(Manager.java:1263)
	at ptolemy.actor.Manager$PtolemyRunThread.run(Manager.java:1915)
java.lang.reflect.InvocationTargetException
	at sun.reflect.NativeConstructorAccessorImpl.newInstance0(Native Method)
	at sun.reflect.NativeConstructorAccessorImpl.newInstance(NativeConstructorAccessorImpl.java:62)
	at sun.reflect.DelegatingConstructorAccessorImpl.newInstance(DelegatingConstructorAccessorImpl.java:45)
	at java.lang.reflect.Constructor.newInstance(Constructor.java:423)
	at ptolemy.util.test.junit.AutoKnownFailedTests.RunModel(AutoKnownFailedTests.java:105)
	at sun.reflect.NativeMethodAccessorImpl.invoke0(Native Method)
	at sun.reflect.NativeMethodAccessorImpl.invoke(NativeMethodAccessorImpl.java:62)
	at sun.reflect.DelegatingMethodAccessorImpl.invoke(DelegatingMethodAccessorImpl.java:43)
	at java.lang.reflect.Method.invoke(Method.java:498)
	at org.junit.runners.model.FrameworkMethod$1.runReflectiveCall(FrameworkMethod.java:44)
	at org.junit.internal.runners.model.ReflectiveCallable.run(ReflectiveCallable.java:15)
	at org.junit.runners.model.FrameworkMethod.invokeExplosively(FrameworkMethod.java:41)
	at junitparams.internal.InvokeParameterisedMethod.evaluate(InvokeParameterisedMethod.java:102)
	at org.junit.internal.runners.statements.FailOnTimeout$1.run(FailOnTimeout.java:28)
Caused by: ptolemy.kernel.util.IllegalActionException: Found a zero delay loop containing .dependencyLoop.original
  in .dependencyLoop and .dependencyLoop.original
	at ptolemy.actor.util.CausalityInterfaceForComposites._computeOutputPortDepth(CausalityInterfaceForComposites.java:759)
	at ptolemy.actor.util.CausalityInterfaceForComposites._computeInputDepth(CausalityInterfaceForComposites.java:696)
	at ptolemy.actor.util.CausalityInterfaceForComposites._computeOutputPortDepth(CausalityInterfaceForComposites.java:765)
	at ptolemy.actor.util.CausalityInterfaceForComposites._computeInputDepth(CausalityInterfaceForComposites.java:696)
	at ptolemy.actor.util.CausalityInterfaceForComposites._computeOutputPortDepth(CausalityInterfaceForComposites.java:765)
	at ptolemy.actor.util.CausalityInterfaceForComposites._computeInputDepth(CausalityInterfaceForComposites.java:696)
	at ptolemy.actor.util.CausalityInterfaceForComposites._computeActorDepth(CausalityInterfaceForComposites.java:532)
	at ptolemy.actor.util.CausalityInterfaceForComposites.checkForCycles(CausalityInterfaceForComposites.java:96)
	at ptolemy.domains.de.kernel.DEDirector.preinitialize(DEDirector.java:1338)
	at ptolemy.actor.CompositeActor.preinitialize(CompositeActor.java:1828)
	at ptolemy.actor.Manager.preinitializeAndResolveTypes(Manager.java:1040)
	at ptolemy.actor.Manager.initialize(Manager.java:710)
	at ptolemy.actor.Manager.execute(Manager.java:356)
	at ptolemy.actor.Manager.run(Manager.java:1263)
	at ptolemy.actor.Manager$PtolemyRunThread.run(Manager.java:1915)
java.lang.RuntimeException: Execution failed
	at ptolemy.moml.MoMLSimpleApplication$UnloadThread.run(MoMLSimpleApplication.java:402)
Caused by: ptolemy.kernel.util.IllegalActionException: Found a zero delay loop containing .dependencyLoop2.original
  in .dependencyLoop2 and .dependencyLoop2.original
	at ptolemy.actor.util.CausalityInterfaceForComposites._computeOutputPortDepth(CausalityInterfaceForComposites.java:759)
	at ptolemy.actor.util.CausalityInterfaceForComposites._computeInputDepth(CausalityInterfaceForComposites.java:696)
	at ptolemy.actor.util.CausalityInterfaceForComposites._computeOutputPortDepth(CausalityInterfaceForComposites.java:765)
	at ptolemy.actor.util.CausalityInterfaceForComposites._computeInputDepth(CausalityInterfaceForComposites.java:696)
	at ptolemy.actor.util.CausalityInterfaceForComposites._computeOutputPortDepth(CausalityInterfaceForComposites.java:765)
	at ptolemy.actor.util.CausalityInterfaceForComposites._computeInputDepth(CausalityInterfaceForComposites.java:696)
	at ptolemy.actor.util.CausalityInterfaceForComposites._computeActorDepth(CausalityInterfaceForComposites.java:532)
	at ptolemy.actor.util.CausalityInterfaceForComposites.checkForCycles(CausalityInterfaceForComposites.java:96)
	at ptolemy.domains.de.kernel.DEDirector.preinitialize(DEDirector.java:1338)
	at ptolemy.actor.CompositeActor.preinitialize(CompositeActor.java:1828)
	at ptolemy.actor.Manager.preinitializeAndResolveTypes(Manager.java:1040)
	at ptolemy.actor.Manager.initialize(Manager.java:710)
	at ptolemy.actor.Manager.execute(Manager.java:356)
	at ptolemy.actor.Manager.run(Manager.java:1263)
	at ptolemy.actor.Manager$PtolemyRunThread.run(Manager.java:1915)
java.lang.reflect.InvocationTargetException
	at sun.reflect.NativeConstructorAccessorImpl.newInstance0(Native Method)
	at sun.reflect.NativeConstructorAccessorImpl.newInstance(NativeConstructorAccessorImpl.java:62)
	at sun.reflect.DelegatingConstructorAccessorImpl.newInstance(DelegatingConstructorAccessorImpl.java:45)
	at java.lang.reflect.Constructor.newInstance(Constructor.java:423)
	at ptolemy.util.test.junit.AutoKnownFailedTests.RunModel(AutoKnownFailedTests.java:105)
	at sun.reflect.NativeMethodAccessorImpl.invoke0(Native Method)
	at sun.reflect.NativeMethodAccessorImpl.invoke(NativeMethodAccessorImpl.java:62)
	at sun.reflect.DelegatingMethodAccessorImpl.invoke(DelegatingMethodAccessorImpl.java:43)
	at java.lang.reflect.Method.invoke(Method.java:498)
	at org.junit.runners.model.FrameworkMethod$1.runReflectiveCall(FrameworkMethod.java:44)
	at org.junit.internal.runners.model.ReflectiveCallable.run(ReflectiveCallable.java:15)
	at org.junit.runners.model.FrameworkMethod.invokeExplosively(FrameworkMethod.java:41)
	at junitparams.internal.InvokeParameterisedMethod.evaluate(InvokeParameterisedMethod.java:102)
	at org.junit.internal.runners.statements.FailOnTimeout$1.run(FailOnTimeout.java:28)
Caused by: ptolemy.kernel.util.IllegalActionException: Found a zero delay loop containing .dependencyLoop2.original
  in .dependencyLoop2 and .dependencyLoop2.original
	at ptolemy.actor.util.CausalityInterfaceForComposites._computeOutputPortDepth(CausalityInterfaceForComposites.java:759)
	at ptolemy.actor.util.CausalityInterfaceForComposites._computeInputDepth(CausalityInterfaceForComposites.java:696)
	at ptolemy.actor.util.CausalityInterfaceForComposites._computeOutputPortDepth(CausalityInterfaceForComposites.java:765)
	at ptolemy.actor.util.CausalityInterfaceForComposites._computeInputDepth(CausalityInterfaceForComposites.java:696)
	at ptolemy.actor.util.CausalityInterfaceForComposites._computeOutputPortDepth(CausalityInterfaceForComposites.java:765)
	at ptolemy.actor.util.CausalityInterfaceForComposites._computeInputDepth(CausalityInterfaceForComposites.java:696)
	at ptolemy.actor.util.CausalityInterfaceForComposites._computeActorDepth(CausalityInterfaceForComposites.java:532)
	at ptolemy.actor.util.CausalityInterfaceForComposites.checkForCycles(CausalityInterfaceForComposites.java:96)
	at ptolemy.domains.de.kernel.DEDirector.preinitialize(DEDirector.java:1338)
	at ptolemy.actor.CompositeActor.preinitialize(CompositeActor.java:1828)
	at ptolemy.actor.Manager.preinitializeAndResolveTypes(Manager.java:1040)
	at ptolemy.actor.Manager.initialize(Manager.java:710)
	at ptolemy.actor.Manager.execute(Manager.java:356)
	at ptolemy.actor.Manager.run(Manager.java:1263)
	at ptolemy.actor.Manager$PtolemyRunThread.run(Manager.java:1915)
]]></system-err>
</testsuite>
