<?xml version="1.0" encoding="UTF-8" ?>
<testsuite errors="0" failures="0" hostname="travis-job-bd1a8b60-e0a0-49d9-b590-e99a99000100" name="ptolemy.domains.de.test.junit.JUnitTclTest" skipped="0" tests="101" time="126.664" timestamp="2018-10-30T02:36:12">
  <properties>
[...]
</properties>
  <testcase classname="ptolemy.util.test.junit.TclTests" name="[0] /home/travis/build/icyphy/ptII/ptolemy/domains/de/test/DependencyLoop.tcl (RunTclFile)" time="0.702" />
  <testcase classname="ptolemy.util.test.junit.TclTests" name="[1] /home/travis/build/icyphy/ptII/ptolemy/domains/de/test/RunDETestsAsQSS.tcl (RunTclFile)" time="86.606" />
  <testcase classname="ptolemy.util.test.junit.AutoKnownFailedTests" name="[0] /home/travis/build/icyphy/ptII/ptolemy/domains/de/test/auto/knownFailedTests/DESDFClockTest.xml (RunModel)" time="2.036" />
  <testcase classname="ptolemy.util.test.junit.AutoKnownFailedTests" name="[1] /home/travis/build/icyphy/ptII/ptolemy/domains/de/test/auto/knownFailedTests/DirectFeedback.xml (RunModel)" time="0.01" />
  <testcase classname="ptolemy.util.test.junit.AutoKnownFailedTests" name="[2] /home/travis/build/icyphy/ptII/ptolemy/domains/de/test/auto/knownFailedTests/FSMSource.xml (RunModel)" time="0.027" />
  <testcase classname="ptolemy.util.test.junit.AutoKnownFailedTests" name="[3] /home/travis/build/icyphy/ptII/ptolemy/domains/de/test/auto/knownFailedTests/HierarchicalModel.xml (RunModel)" time="0.04" />
  <testcase classname="ptolemy.util.test.junit.AutoKnownFailedTests" name="[4] /home/travis/build/icyphy/ptII/ptolemy/domains/de/test/auto/knownFailedTests/dependencyLoop.xml (RunModel)" time="0.04" />
  <testcase classname="ptolemy.util.test.junit.AutoKnownFailedTests" name="[5] /home/travis/build/icyphy/ptII/ptolemy/domains/de/test/auto/knownFailedTests/dependencyLoop2.xml (RunModel)" time="0.051" />
  <testcase classname="ptolemy.util.test.junit.AutoNameArchTests" name="[0] ThereAreNoAutoArchTests (RunModel)" time="0.001" />
  <testcase classname="ptolemy.util.test.junit.AutoTests" name="[0] /home/travis/build/icyphy/ptII/ptolemy/domains/de/test/auto/ActorDepthCalculation_actorWithoutPorts.xml (RunModel)" time="0.021" />
  <testcase classname="ptolemy.util.test.junit.AutoTests" name="[1] /home/travis/build/icyphy/ptII/ptolemy/domains/de/test/auto/AssemblyLine.xml (RunModel)" time="0.02" />
  <testcase classname="ptolemy.util.test.junit.AutoTests" name="[2] /home/travis/build/icyphy/ptII/ptolemy/domains/de/test/auto/CQBug1.xml (RunModel)" time="0.007" />
  <testcase classname="ptolemy.util.test.junit.AutoTests" name="[3] /home/travis/build/icyphy/ptII/ptolemy/domains/de/test/auto/CancelFireAt.xml (RunModel)" time="0.006" />
  <testcase classname="ptolemy.util.test.junit.AutoTests" name="[4] /home/travis/build/icyphy/ptII/ptolemy/domains/de/test/auto/CausalityAndComposabilityAnalysis.xml (RunModel)" time="0.011" />
  <testcase classname="ptolemy.util.test.junit.AutoTests" name="[5] /home/travis/build/icyphy/ptII/ptolemy/domains/de/test/auto/CausalityInterface1.xml (RunModel)" time="0.014" />
  <testcase classname="ptolemy.util.test.junit.AutoTests" name="[6] /home/travis/build/icyphy/ptII/ptolemy/domains/de/test/auto/CausalityInterface15.xml (RunModel)" time="0.018" />
  <testcase classname="ptolemy.util.test.junit.AutoTests" name="[7] /home/travis/build/icyphy/ptII/ptolemy/domains/de/test/auto/CausalityInterface2.xml (RunModel)" time="0.014" />
  <testcase classname="ptolemy.util.test.junit.AutoTests" name="[8] /home/travis/build/icyphy/ptII/ptolemy/domains/de/test/auto/CausalityInterface3.xml (RunModel)" time="0.012" />
  <testcase classname="ptolemy.util.test.junit.AutoTests" name="[9] /home/travis/build/icyphy/ptII/ptolemy/domains/de/test/auto/ClockDrift.xml (RunModel)" time="0.038" />
  <testcase classname="ptolemy.util.test.junit.AutoTests" name="[10] /home/travis/build/icyphy/ptII/ptolemy/domains/de/test/auto/ClockDriftAndValueChange.xml (RunModel)" time="0.032" />
  <testcase classname="ptolemy.util.test.junit.AutoTests" name="[11] /home/travis/build/icyphy/ptII/ptolemy/domains/de/test/auto/ClockDriftChange.xml (RunModel)" time="0.035" />
  <testcase classname="ptolemy.util.test.junit.AutoTests" name="[12] /home/travis/build/icyphy/ptII/ptolemy/domains/de/test/auto/ComposableCausalityAnalysis.xml (RunModel)" time="0.02" />
  <testcase classname="ptolemy.util.test.junit.AutoTests" name="[13] /home/travis/build/icyphy/ptII/ptolemy/domains/de/test/auto/DEFixedPointLimitation.xml (RunModel)" time="0.011" />
  <testcase classname="ptolemy.util.test.junit.AutoTests" name="[14] /home/travis/build/icyphy/ptII/ptolemy/domains/de/test/auto/DEScheduleTest.xml (RunModel)" time="0.037" />
  <testcase classname="ptolemy.util.test.junit.AutoTests" name="[15] /home/travis/build/icyphy/ptII/ptolemy/domains/de/test/auto/DEinDEwithStartTimes.xml (RunModel)" time="0.015" />
  <testcase classname="ptolemy.util.test.junit.AutoTests" name="[16] /home/travis/build/icyphy/ptII/ptolemy/domains/de/test/auto/DEinDEwithStartTimes2.xml (RunModel)" time="0.014" />
  <testcase classname="ptolemy.util.test.junit.AutoTests" name="[17] /home/travis/build/icyphy/ptII/ptolemy/domains/de/test/auto/DateDemo.xml (RunModel)" time="0.029" />
  <testcase classname="ptolemy.util.test.junit.AutoTests" name="[18] /home/travis/build/icyphy/ptII/ptolemy/domains/de/test/auto/DateToEvent.xml (RunModel)" time="2.042" />
  <testcase classname="ptolemy.util.test.junit.AutoTests" name="[19] /home/travis/build/icyphy/ptII/ptolemy/domains/de/test/auto/DepthTest1.xml (RunModel)" time="0.008" />
  <testcase classname="ptolemy.util.test.junit.AutoTests" name="[20] /home/travis/build/icyphy/ptII/ptolemy/domains/de/test/auto/DepthTest2.xml (RunModel)" time="0.022" />
  <testcase classname="ptolemy.util.test.junit.AutoTests" name="[21] /home/travis/build/icyphy/ptII/ptolemy/domains/de/test/auto/DepthTest3.xml (RunModel)" time="0.008" />
  <testcase classname="ptolemy.util.test.junit.AutoTests" name="[22] /home/travis/build/icyphy/ptII/ptolemy/domains/de/test/auto/DepthTest4.xml (RunModel)" time="0.014" />
  <testcase classname="ptolemy.util.test.junit.AutoTests" name="[23] /home/travis/build/icyphy/ptII/ptolemy/domains/de/test/auto/DepthTest5.xml (RunModel)" time="0.014" />
  <testcase classname="ptolemy.util.test.junit.AutoTests" name="[24] /home/travis/build/icyphy/ptII/ptolemy/domains/de/test/auto/DepthTest6.xml (RunModel)" time="0.014" />
  <testcase classname="ptolemy.util.test.junit.AutoTests" name="[25] /home/travis/build/icyphy/ptII/ptolemy/domains/de/test/auto/DepthTest7.xml (RunModel)" time="0.013" />
  <testcase classname="ptolemy.util.test.junit.AutoTests" name="[26] /home/travis/build/icyphy/ptII/ptolemy/domains/de/test/auto/EventToDate.xml (RunModel)" time="3.038" />
  <testcase classname="ptolemy.util.test.junit.AutoTests" name="[27] /home/travis/build/icyphy/ptII/ptolemy/domains/de/test/auto/FSM1.xml (RunModel)" time="0.033" />
  <testcase classname="ptolemy.util.test.junit.AutoTests" name="[28] /home/travis/build/icyphy/ptII/ptolemy/domains/de/test/auto/FSM7.xml (RunModel)" time="0.027" />
  <testcase classname="ptolemy.util.test.junit.AutoTests" name="[29] /home/travis/build/icyphy/ptII/ptolemy/domains/de/test/auto/Inspection.xml (RunModel)" time="0.036" />
  <testcase classname="ptolemy.util.test.junit.AutoTests" name="[30] /home/travis/build/icyphy/ptII/ptolemy/domains/de/test/auto/Iteration.xml (RunModel)" time="0.018" />
  <testcase classname="ptolemy.util.test.junit.AutoTests" name="[31] /home/travis/build/icyphy/ptII/ptolemy/domains/de/test/auto/LineFault.xml (RunModel)" time="0.514" />
  <testcase classname="ptolemy.util.test.junit.AutoTests" name="[32] /home/travis/build/icyphy/ptII/ptolemy/domains/de/test/auto/MergeModel1Add.xml (RunModel)" time="0.039" />
  <testcase classname="ptolemy.util.test.junit.AutoTests" name="[33] /home/travis/build/icyphy/ptII/ptolemy/domains/de/test/auto/MergeModel2Add.xml (RunModel)" time="0.045" />
  <testcase classname="ptolemy.util.test.junit.AutoTests" name="[34] /home/travis/build/icyphy/ptII/ptolemy/domains/de/test/auto/MergeModel3Add.xml (RunModel)" time="0.041" />
  <testcase classname="ptolemy.util.test.junit.AutoTests" name="[35] /home/travis/build/icyphy/ptII/ptolemy/domains/de/test/auto/MergeWithoutDiscard.xml (RunModel)" time="0.01" />
  <testcase classname="ptolemy.util.test.junit.AutoTests" name="[36] /home/travis/build/icyphy/ptII/ptolemy/domains/de/test/auto/Modal1.xml (RunModel)" time="0.027" />
  <testcase classname="ptolemy.util.test.junit.AutoTests" name="[37] /home/travis/build/icyphy/ptII/ptolemy/domains/de/test/auto/Modal2.xml (RunModel)" time="0.032" />
  <testcase classname="ptolemy.util.test.junit.AutoTests" name="[38] /home/travis/build/icyphy/ptII/ptolemy/domains/de/test/auto/Modal3.xml (RunModel)" time="0.024" />
  <testcase classname="ptolemy.util.test.junit.AutoTests" name="[39] /home/travis/build/icyphy/ptII/ptolemy/domains/de/test/auto/Modal4.xml (RunModel)" time="0.026" />
  <testcase classname="ptolemy.util.test.junit.AutoTests" name="[40] /home/travis/build/icyphy/ptII/ptolemy/domains/de/test/auto/Modal5.xml (RunModel)" time="0.025" />
  <testcase classname="ptolemy.util.test.junit.AutoTests" name="[41] /home/travis/build/icyphy/ptII/ptolemy/domains/de/test/auto/Modal6.xml (RunModel)" time="0.024" />
  <testcase classname="ptolemy.util.test.junit.AutoTests" name="[42] /home/travis/build/icyphy/ptII/ptolemy/domains/de/test/auto/Modal7.xml (RunModel)" time="0.027" />
  <testcase classname="ptolemy.util.test.junit.AutoTests" name="[43] /home/travis/build/icyphy/ptII/ptolemy/domains/de/test/auto/ModalModel.xml (RunModel)" time="0.17" />
  <testcase classname="ptolemy.util.test.junit.AutoTests" name="[44] /home/travis/build/icyphy/ptII/ptolemy/domains/de/test/auto/ModalSource.xml (RunModel)" time="0.022" />
  <testcase classname="ptolemy.util.test.junit.AutoTests" name="[45] /home/travis/build/icyphy/ptII/ptolemy/domains/de/test/auto/NonInterruptibleTimerZeroDelay.xml (RunModel)" time="0.01" />
  <testcase classname="ptolemy.util.test.junit.AutoTests" name="[46] /home/travis/build/icyphy/ptII/ptolemy/domains/de/test/auto/OpenQueueingNetwork.xml (RunModel)" time="2.205" />
  <testcase classname="ptolemy.util.test.junit.AutoTests" name="[47] /home/travis/build/icyphy/ptII/ptolemy/domains/de/test/auto/OpenQueuingNetwork.xml (RunModel)" time="0.267" />
  <testcase classname="ptolemy.util.test.junit.AutoTests" name="[48] /home/travis/build/icyphy/ptII/ptolemy/domains/de/test/auto/PeriodicSampler.xml (RunModel)" time="0.007" />
  <testcase classname="ptolemy.util.test.junit.AutoTests" name="[49] /home/travis/build/icyphy/ptII/ptolemy/domains/de/test/auto/PersistentIO.xml (RunModel)" time="0.021" />
  <testcase classname="ptolemy.util.test.junit.AutoTests" name="[50] /home/travis/build/icyphy/ptII/ptolemy/domains/de/test/auto/PortParameterResetOnInitialize.xml (RunModel)" time="0.008" />
  <testcase classname="ptolemy.util.test.junit.AutoTests" name="[51] /home/travis/build/icyphy/ptII/ptolemy/domains/de/test/auto/PortParameterUpdates.xml (RunModel)" time="0.013" />
  <testcase classname="ptolemy.util.test.junit.AutoTests" name="[52] /home/travis/build/icyphy/ptII/ptolemy/domains/de/test/auto/QueueAndServer.xml (RunModel)" time="0.02" />
  <testcase classname="ptolemy.util.test.junit.AutoTests" name="[53] /home/travis/build/icyphy/ptII/ptolemy/domains/de/test/auto/Records.xml (RunModel)" time="0.013" />
  <testcase classname="ptolemy.util.test.junit.AutoTests" name="[54] /home/travis/build/icyphy/ptII/ptolemy/domains/de/test/auto/ResetTransitionWithStartTime1.xml (RunModel)" time="0.017" />
  <testcase classname="ptolemy.util.test.junit.AutoTests" name="[55] /home/travis/build/icyphy/ptII/ptolemy/domains/de/test/auto/ResetTransitionWithStartTime2.xml (RunModel)" time="0.017" />
  <testcase classname="ptolemy.util.test.junit.AutoTests" name="[56] /home/travis/build/icyphy/ptII/ptolemy/domains/de/test/auto/ResetTransitionWithStartTime3.xml (RunModel)" time="0.016" />
  <testcase classname="ptolemy.util.test.junit.AutoTests" name="[57] /home/travis/build/icyphy/ptII/ptolemy/domains/de/test/auto/ResetTransitionWithStartTime4.xml (RunModel)" time="0.016" />
  <testcase classname="ptolemy.util.test.junit.AutoTests" name="[58] /home/travis/build/icyphy/ptII/ptolemy/domains/de/test/auto/ResettableTimer1.xml (RunModel)" time="0.01" />
  <testcase classname="ptolemy.util.test.junit.AutoTests" name="[59] /home/travis/build/icyphy/ptII/ptolemy/domains/de/test/auto/ResettableTimer2.xml (RunModel)" time="0.009" />
  <testcase classname="ptolemy.util.test.junit.AutoTests" name="[60] /home/travis/build/icyphy/ptII/ptolemy/domains/de/test/auto/ResettableTimer3.xml (RunModel)" time="0.008" />
  <testcase classname="ptolemy.util.test.junit.AutoTests" name="[61] /home/travis/build/icyphy/ptII/ptolemy/domains/de/test/auto/ResettableTimer4.xml (RunModel)" time="0.01" />
  <testcase classname="ptolemy.util.test.junit.AutoTests" name="[62] /home/travis/build/icyphy/ptII/ptolemy/domains/de/test/auto/ResettableTimer5.xml (RunModel)" time="0.013" />
  <testcase classname="ptolemy.util.test.junit.AutoTests" name="[63] /home/travis/build/icyphy/ptII/ptolemy/domains/de/test/auto/ResettableTimer6.xml (RunModel)" time="0.01" />
  <testcase classname="ptolemy.util.test.junit.AutoTests" name="[64] /home/travis/build/icyphy/ptII/ptolemy/domains/de/test/auto/ServerZeroDelay.xml (RunModel)" time="0.01" />
  <testcase classname="ptolemy.util.test.junit.AutoTests" name="[65] /home/travis/build/icyphy/ptII/ptolemy/domains/de/test/auto/SmartSender.xml (RunModel)" time="3.01" />
  <testcase classname="ptolemy.util.test.junit.AutoTests" name="[66] /home/travis/build/icyphy/ptII/ptolemy/domains/de/test/auto/ThreadedComposite.xml (RunModel)" time="0.124" />
  <testcase classname="ptolemy.util.test.junit.AutoTests" name="[67] /home/travis/build/icyphy/ptII/ptolemy/domains/de/test/auto/Time.xml (RunModel)" time="0.421" />
  <testcase classname="ptolemy.util.test.junit.AutoTests" name="[68] /home/travis/build/icyphy/ptII/ptolemy/domains/de/test/auto/TimeDelayZeroDelay.xml (RunModel)" time="0.015" />
  <testcase classname="ptolemy.util.test.junit.AutoTests" name="[69] /home/travis/build/icyphy/ptII/ptolemy/domains/de/test/auto/TimerZeroDelay.xml (RunModel)" time="0.01" />
  <testcase classname="ptolemy.util.test.junit.AutoTests" name="[70] /home/travis/build/icyphy/ptII/ptolemy/domains/de/test/auto/TimingParadox.xml (RunModel)" time="0.352" />
  <testcase classname="ptolemy.util.test.junit.AutoTests" name="[71] /home/travis/build/icyphy/ptII/ptolemy/domains/de/test/auto/TransferInputs.xml (RunModel)" time="0.017" />
  <testcase classname="ptolemy.util.test.junit.AutoTests" name="[72] /home/travis/build/icyphy/ptII/ptolemy/domains/de/test/auto/TransferOutputs2.xml (RunModel)" time="0.015" />
  <testcase classname="ptolemy.util.test.junit.AutoTests" name="[73] /home/travis/build/icyphy/ptII/ptolemy/domains/de/test/auto/Trilateration.xml (RunModel)" time="11.247" />
  <testcase classname="ptolemy.util.test.junit.AutoTests" name="[74] /home/travis/build/icyphy/ptII/ptolemy/domains/de/test/auto/TwoSigmaDelta.xml (RunModel)" time="2.073" />
  <testcase classname="ptolemy.util.test.junit.AutoTests" name="[75] /home/travis/build/icyphy/ptII/ptolemy/domains/de/test/auto/VariableDelay.xml (RunModel)" time="0.014" />
  <testcase classname="ptolemy.util.test.junit.AutoTests" name="[76] /home/travis/build/icyphy/ptII/ptolemy/domains/de/test/auto/VariableDelay2.xml (RunModel)" time="0.015" />
  <testcase classname="ptolemy.util.test.junit.AutoTests" name="[77] /home/travis/build/icyphy/ptII/ptolemy/domains/de/test/auto/VariableDelayZeroDelay.xml (RunModel)" time="0.01" />
  <testcase classname="ptolemy.util.test.junit.AutoTests" name="[78] /home/travis/build/icyphy/ptII/ptolemy/domains/de/test/auto/VariableDelayZeroDelay2.xml (RunModel)" time="0.009" />
  <testcase classname="ptolemy.util.test.junit.AutoTests" name="[79] /home/travis/build/icyphy/ptII/ptolemy/domains/de/test/auto/deInCt.xml (RunModel)" time="0.016" />
  <testcase classname="ptolemy.util.test.junit.AutoTests" name="[80] /home/travis/build/icyphy/ptII/ptolemy/domains/de/test/auto/deInCt2.xml (RunModel)" time="0.017" />
  <testcase classname="ptolemy.util.test.junit.AutoTests" name="[81] /home/travis/build/icyphy/ptII/ptolemy/domains/de/test/auto/dynamicCausalityInterface1.xml (RunModel)" time="0.019" />
  <testcase classname="ptolemy.util.test.junit.AutoTests" name="[82] /home/travis/build/icyphy/ptII/ptolemy/domains/de/test/auto/fsm_de_test.xml (RunModel)" time="0.024" />
  <testcase classname="ptolemy.util.test.junit.AutoTests" name="[83] /home/travis/build/icyphy/ptII/ptolemy/domains/de/test/auto/functionDependencyReconstruction.xml (RunModel)" time="0.029" />
  <testcase classname="ptolemy.util.test.junit.AutoTests" name="[84] /home/travis/build/icyphy/ptII/ptolemy/domains/de/test/auto/multirate.xml (RunModel)" time="0.016" />
  <testcase classname="ptolemy.util.test.junit.AutoTests" name="[85] /home/travis/build/icyphy/ptII/ptolemy/domains/de/test/auto/multirate2.xml (RunModel)" time="0.016" />
  <testcase classname="ptolemy.util.test.junit.AutoTests" name="[86] /home/travis/build/icyphy/ptII/ptolemy/domains/de/test/auto/realtime.xml (RunModel)" time="10.009" />
  <testcase classname="ptolemy.util.test.junit.AutoTests" name="[87] /home/travis/build/icyphy/ptII/ptolemy/domains/de/test/auto/relationGroup.xml (RunModel)" time="0.008" />
  <testcase classname="ptolemy.util.test.junit.AutoTests" name="[88] /home/travis/build/icyphy/ptII/ptolemy/domains/de/test/auto/relationGroup2.xml (RunModel)" time="0.012" />
  <testcase classname="ptolemy.util.test.junit.AutoTests" name="[89] /home/travis/build/icyphy/ptII/ptolemy/domains/de/test/auto/sortWithOpaquePorts.xml (RunModel)" time="0.011" />
  <testcase classname="ptolemy.util.test.junit.AutoTests" name="[90] /home/travis/build/icyphy/ptII/ptolemy/domains/de/test/auto/transferInputsandOutputs.xml (RunModel)" time="0.012" />
  <testcase classname="ptolemy.util.test.junit.AutoTests" name="[91] /home/travis/build/icyphy/ptII/ptolemy/domains/de/test/auto/triggerType.xml (RunModel)" time="0.006" />
  <system-out><![CDATA[/home/travis/build/icyphy/ptII/ptolemy/domains/de/test/DependencyLoop.tcl
testDefs.tcl: setting time out to 9000 seconds at Tue Oct 30 02:36:13 UTC 2018
15 ms. Memory: 116224K Free: 93596K (81%)
12 ms. Memory: 146944K Free: 135073K (92%)
/home/travis/build/icyphy/ptII/ptolemy/domains/de/test/RunDETestsAsQSS.tcl
Run the DE tests using ptolemy.domains.qss.test.QSSDirectorTest, which extends QSSDirector and prints a message in the constructors.
------------------ testing $PTII/ptolemy/domains/de/test/auto/knownFailedTests/dependencyLoop.xml (Known Failure) 
7 ms. Memory: 146944K Free: 131961K (90%)


==== $PTIIhome/travis/build/icyphy/ptII/ptolemy/domains/de/test/../../../../: Auto Automatic test in file $PTII/ptolemy/domains/de/test/auto/knownFailedTests/dependencyLoop.xml
==== Contents of test case:

	    # FIXME: we should use $relativeFilename here, but it
	    # might have backslashes under Windows, which causes no end
	    # of trouble.
	    createAndExecute $file
	    list {}
	
.... Test generated KNOWN error:
    while executing
ptolemy.kernel.util.IllegalActionException: Found a zero delay loop containing .dependencyLoop.original
  in .dependencyLoop and .dependencyLoop.original
	at ptolemy.actor.util.CausalityInterfaceForComposites._computeOutputPortDepth(CausalityInterfaceForComposites.java:759)
	at ptolemy.actor.util.CausalityInterfaceForComposites._computeInputDepth(CausalityInterfaceForComposites.java:696)
	at ptolemy.actor.util.CausalityInterfaceForComposites._computeOutputPortDepth(CausalityInterfaceForComposites.java:765)
	at ptolemy.actor.util.CausalityInterfaceForComposites._computeInputDepth(CausalityInterfaceForComposites.java:696)
	at ptolemy.actor.util.CausalityInterfaceForComposites._computeOutputPortDepth(CausalityInterfaceForComposites.java:765)
	at ptolemy.actor.util.CausalityInterfaceForComposites._computeInputDepth(CausalityInterfaceForComposites.java:696)
	at ptolemy.actor.util.CausalityInterfaceForComposites._computeActorDepth(CausalityInterfaceForComposites.java:532)
	at ptolemy.actor.util.CausalityInterfaceForComposites.checkForCycles(CausalityInterfaceForComposites.java:96)
	at ptolemy.domains.de.kernel.DEDirector.preinitialize(DEDirector.java:1338)
	at ptolemy.actor.CompositeActor.preinitialize(CompositeActor.java:1828)
	at ptolemy.actor.Manager.preinitializeAndResolveTypes(Manager.java:1040)
	at ptolemy.actor.Manager.initialize(Manager.java:710)
	at ptolemy.actor.Manager.execute(Manager.java:356)
	at ptolemy.actor.Manager.run(Manager.java:1263)
	at ptolemy.actor.Manager$PtolemyRunThread.run(Manager.java:1915)

    while executing
ptolemy.kernel.util.IllegalActionException: Found a zero delay loop containing .dependencyLoop.original
  in .dependencyLoop and .dependencyLoop.original
    while executing
"java::new ptolemy.moml.MoMLSimpleApplication $file
"
    (procedure "createAndExecute" line 2)
    invoked from within
"createAndExecute $file"
    ("uplevel" body line 5)
    invoked from within
"uplevel $contents_of_test"
------------------ testing $PTII/ptolemy/domains/de/test/auto/knownFailedTests/DESDFClockTest.xml (Known Failure) 
2080 ms. Memory: 146944K Free: 116630K (79%)


==== $PTIIhome/travis/build/icyphy/ptII/ptolemy/domains/de/test/../../../../: Auto Automatic test in file $PTII/ptolemy/domains/de/test/auto/knownFailedTests/DESDFClockTest.xml
==== Contents of test case:

	    # FIXME: we should use $relativeFilename here, but it
	    # might have backslashes under Windows, which causes no end
	    # of trouble.
	    createAndExecute $file
	    list {}
	
.... Test generated KNOWN error:
    while executing
ptolemy.kernel.util.IllegalActionException: Actor is not ready to fire.  Perhaps UpSample.prefire() returned false? Try debugging the actor by selecting "Listen to Actor".  Also, for SDF check moml for tokenConsumptionRate on input.
  in .DESDFClockTest.Play Bell.Copy1:SDF Director and .DESDFClockTest.Play Bell.UpSample
	at ptolemy.actor.sched.StaticSchedulingDirector.fire(StaticSchedulingDirector.java:227)
	at ptolemy.domains.sdf.kernel.SDFDirector.fire(SDFDirector.java:500)
	at ptolemy.actor.CompositeActor.fire(CompositeActor.java:455)
	at ptolemy.domains.de.kernel.DEDirector._fire(DEDirector.java:1949)
	at ptolemy.domains.de.kernel.DEDirector.fire(DEDirector.java:502)
	at ptolemy.actor.CompositeActor.fire(CompositeActor.java:455)
	at ptolemy.actor.Manager.iterate(Manager.java:851)
	at ptolemy.actor.Manager.execute(Manager.java:369)
	at ptolemy.actor.Manager.run(Manager.java:1263)
	at ptolemy.actor.Manager$PtolemyRunThread.run(Manager.java:1915)

    while executing
ptolemy.kernel.util.IllegalActionException: Actor is not ready to fire.  Perhaps UpSample.prefire() returned false? Try debugging the actor by selecting "Listen to Actor".  Also, for SDF check moml for tokenConsumptionRate on input.
  in .DESDFClockTest.Play Bell.Copy1:SDF Director and .DESDFClockTest.Play Bell.UpSample
    while executing
"java::new ptolemy.moml.MoMLSimpleApplication $file
"
    (procedure "createAndExecute" line 2)
    invoked from within
"createAndExecute $file"
    ("uplevel" body line 5)
    invoked from within
"uplevel $contents_of_test"
------------------ testing $PTII/ptolemy/domains/de/test/auto/knownFailedTests/FSMSource.xml (Known Failure) 
20 ms. Memory: 146944K Free: 107685K (73%)
!!!! Auto was marked as failing, but now passes
------------------ testing $PTII/ptolemy/domains/de/test/auto/knownFailedTests/dependencyLoop2.xml (Known Failure) 
6 ms. Memory: 146944K Free: 105802K (72%)


==== $PTIIhome/travis/build/icyphy/ptII/ptolemy/domains/de/test/../../../../: Auto Automatic test in file $PTII/ptolemy/domains/de/test/auto/knownFailedTests/dependencyLoop2.xml
==== Contents of test case:

	    # FIXME: we should use $relativeFilename here, but it
	    # might have backslashes under Windows, which causes no end
	    # of trouble.
	    createAndExecute $file
	    list {}
	
.... Test generated KNOWN error:
    while executing
ptolemy.kernel.util.IllegalActionException: Found a zero delay loop containing .dependencyLoop2.original
  in .dependencyLoop2 and .dependencyLoop2.original
	at ptolemy.actor.util.CausalityInterfaceForComposites._computeOutputPortDepth(CausalityInterfaceForComposites.java:759)
	at ptolemy.actor.util.CausalityInterfaceForComposites._computeInputDepth(CausalityInterfaceForComposites.java:696)
	at ptolemy.actor.util.CausalityInterfaceForComposites._computeOutputPortDepth(CausalityInterfaceForComposites.java:765)
	at ptolemy.actor.util.CausalityInterfaceForComposites._computeInputDepth(CausalityInterfaceForComposites.java:696)
	at ptolemy.actor.util.CausalityInterfaceForComposites._computeOutputPortDepth(CausalityInterfaceForComposites.java:765)
	at ptolemy.actor.util.CausalityInterfaceForComposites._computeInputDepth(CausalityInterfaceForComposites.java:696)
	at ptolemy.actor.util.CausalityInterfaceForComposites._computeActorDepth(CausalityInterfaceForComposites.java:532)
	at ptolemy.actor.util.CausalityInterfaceForComposites.checkForCycles(CausalityInterfaceForComposites.java:96)
	at ptolemy.domains.de.kernel.DEDirector.preinitialize(DEDirector.java:1338)
	at ptolemy.actor.CompositeActor.preinitialize(CompositeActor.java:1828)
	at ptolemy.actor.Manager.preinitializeAndResolveTypes(Manager.java:1040)
	at ptolemy.actor.Manager.initialize(Manager.java:710)
	at ptolemy.actor.Manager.execute(Manager.java:356)
	at ptolemy.actor.Manager.run(Manager.java:1263)
	at ptolemy.actor.Manager$PtolemyRunThread.run(Manager.java:1915)

    while executing
ptolemy.kernel.util.IllegalActionException: Found a zero delay loop containing .dependencyLoop2.original
  in .dependencyLoop2 and .dependencyLoop2.original
    while executing
"java::new ptolemy.moml.MoMLSimpleApplication $file
"
    (procedure "createAndExecute" line 2)
    invoked from within
"createAndExecute $file"
    ("uplevel" body line 5)
    invoked from within
"uplevel $contents_of_test"
------------------ testing $PTII/ptolemy/domains/de/test/auto/knownFailedTests/HierarchicalModel.xml (Known Failure) 
4 ms. Memory: 146944K Free: 85217K (58%)


==== $PTIIhome/travis/build/icyphy/ptII/ptolemy/domains/de/test/../../../../: Auto Automatic test in file $PTII/ptolemy/domains/de/test/auto/knownFailedTests/HierarchicalModel.xml
==== Contents of test case:

	    # FIXME: we should use $relativeFilename here, but it
	    # might have backslashes under Windows, which causes no end
	    # of trouble.
	    createAndExecute $file
	    list {}
	
.... Test generated KNOWN error:
    while executing
ptolemy.kernel.util.IllegalActionException: Found a zero delay loop containing .HierarchicalModel.A
  in .HierarchicalModel and .HierarchicalModel.A
	at ptolemy.actor.util.CausalityInterfaceForComposites._computeOutputPortDepth(CausalityInterfaceForComposites.java:759)
	at ptolemy.actor.util.CausalityInterfaceForComposites._computeInputDepth(CausalityInterfaceForComposites.java:696)
	at ptolemy.actor.util.CausalityInterfaceForComposites._computeOutputPortDepth(CausalityInterfaceForComposites.java:765)
	at ptolemy.actor.util.CausalityInterfaceForComposites._computeInputDepth(CausalityInterfaceForComposites.java:696)
	at ptolemy.actor.util.CausalityInterfaceForComposites._computeOutputPortDepth(CausalityInterfaceForComposites.java:765)
	at ptolemy.actor.util.CausalityInterfaceForComposites._computeInputDepth(CausalityInterfaceForComposites.java:696)
	at ptolemy.actor.util.CausalityInterfaceForComposites._computeActorDepth(CausalityInterfaceForComposites.java:532)
	at ptolemy.actor.util.CausalityInterfaceForComposites.checkForCycles(CausalityInterfaceForComposites.java:96)
	at ptolemy.domains.de.kernel.DEDirector.preinitialize(DEDirector.java:1338)
	at ptolemy.actor.CompositeActor.preinitialize(CompositeActor.java:1828)
	at ptolemy.actor.Manager.preinitializeAndResolveTypes(Manager.java:1040)
	at ptolemy.actor.Manager.initialize(Manager.java:710)
	at ptolemy.actor.Manager.execute(Manager.java:356)
	at ptolemy.actor.Manager.run(Manager.java:1263)
	at ptolemy.actor.Manager$PtolemyRunThread.run(Manager.java:1915)

    while executing
ptolemy.kernel.util.IllegalActionException: Found a zero delay loop containing .HierarchicalModel.A
  in .HierarchicalModel and .HierarchicalModel.A
    while executing
"java::new ptolemy.moml.MoMLSimpleApplication $file
"
    (procedure "createAndExecute" line 2)
    invoked from within
"createAndExecute $file"
    ("uplevel" body line 5)
    invoked from within
"uplevel $contents_of_test"
------------------ testing $PTII/ptolemy/domains/de/test/auto/knownFailedTests/DirectFeedback.xml (Known Failure) 
7 ms. Memory: 146944K Free: 141102K (96%)


==== $PTIIhome/travis/build/icyphy/ptII/ptolemy/domains/de/test/../../../../: Auto Automatic test in file $PTII/ptolemy/domains/de/test/auto/knownFailedTests/DirectFeedback.xml
==== Contents of test case:

	    # FIXME: we should use $relativeFilename here, but it
	    # might have backslashes under Windows, which causes no end
	    # of trouble.
	    createAndExecute $file
	    list {}
	
.... Test generated KNOWN error:
    while executing
ptolemy.kernel.util.IllegalActionException: Test fails in iteration 1.
Value was: 1.0. Should have been: 2.0
  in .DirectFeedback.Test
	at ptolemy.actor.lib.Test.fire(Test.java:268)
	at ptolemy.domains.de.kernel.DEDirector._fire(DEDirector.java:1949)
	at ptolemy.domains.de.kernel.DEDirector.fire(DEDirector.java:502)
	at ptolemy.actor.CompositeActor.fire(CompositeActor.java:455)
	at ptolemy.actor.Manager.iterate(Manager.java:851)
	at ptolemy.actor.Manager.execute(Manager.java:369)
	at ptolemy.actor.Manager.run(Manager.java:1263)
	at ptolemy.actor.Manager$PtolemyRunThread.run(Manager.java:1915)

    while executing
ptolemy.kernel.util.IllegalActionException: Test fails in iteration 1.
Value was: 1.0. Should have been: 2.0
  in .DirectFeedback.Test
    while executing
"java::new ptolemy.moml.MoMLSimpleApplication $file
"
    (procedure "createAndExecute" line 2)
    invoked from within
"createAndExecute $file"
    ("uplevel" body line 5)
    invoked from within
"uplevel $contents_of_test"
------------------ testing $PTII/ptolemy/domains/de/test/auto/ActorDepthCalculation_actorWithoutPorts.xml
auto.tcl: Setting watchdog for 200 seconds at Tue Oct 30 02:36:16 UTC 2018
9 ms. Memory: 146944K Free: 132405K (90%)
ptolemy.util.test.WatchDog.cancel(): canceling Tue Oct 30 02:36:16 UTC 2018
auto.tcl: Setting watchdog for 200 seconds at Tue Oct 30 02:36:16 UTC 2018
4 ms. Memory: 146944K Free: 131366K (89%)
ptolemy.util.test.WatchDog.cancel(): canceling Tue Oct 30 02:36:16 UTC 2018
------------------ testing $PTII/ptolemy/domains/de/test/auto/AssemblyLine.xml
auto.tcl: Setting watchdog for 200 seconds at Tue Oct 30 02:36:16 UTC 2018
19 ms. Memory: 208384K Free: 186356K (89%)
ptolemy.util.test.WatchDog.cancel(): canceling Tue Oct 30 02:36:16 UTC 2018
auto.tcl: Setting watchdog for 200 seconds at Tue Oct 30 02:36:16 UTC 2018
21 ms. Memory: 208384K Free: 186356K (89%)
ptolemy.util.test.WatchDog.cancel(): canceling Tue Oct 30 02:36:16 UTC 2018
------------------ testing $PTII/ptolemy/domains/de/test/auto/CQBug1.xml
auto.tcl: Setting watchdog for 200 seconds at Tue Oct 30 02:36:17 UTC 2018
5 ms. Memory: 208384K Free: 197728K (95%)
ptolemy.util.test.WatchDog.cancel(): canceling Tue Oct 30 02:36:17 UTC 2018
auto.tcl: Setting watchdog for 200 seconds at Tue Oct 30 02:36:17 UTC 2018
2 ms. Memory: 208384K Free: 197728K (95%)
ptolemy.util.test.WatchDog.cancel(): canceling Tue Oct 30 02:36:17 UTC 2018
------------------ testing $PTII/ptolemy/domains/de/test/auto/CancelFireAt.xml
auto.tcl: Setting watchdog for 200 seconds at Tue Oct 30 02:36:17 UTC 2018
7 ms. Memory: 208384K Free: 199010K (96%)
ptolemy.util.test.WatchDog.cancel(): canceling Tue Oct 30 02:36:17 UTC 2018
auto.tcl: Setting watchdog for 200 seconds at Tue Oct 30 02:36:17 UTC 2018
14 ms. Memory: 208384K Free: 199010K (96%)
ptolemy.util.test.WatchDog.cancel(): canceling Tue Oct 30 02:36:17 UTC 2018
------------------ testing $PTII/ptolemy/domains/de/test/auto/CausalityAndComposabilityAnalysis.xml
auto.tcl: Setting watchdog for 200 seconds at Tue Oct 30 02:36:17 UTC 2018
8 ms. Memory: 208384K Free: 199017K (96%)
ptolemy.util.test.WatchDog.cancel(): canceling Tue Oct 30 02:36:17 UTC 2018
auto.tcl: Setting watchdog for 200 seconds at Tue Oct 30 02:36:17 UTC 2018
15 ms. Memory: 208384K Free: 196927K (95%)
ptolemy.util.test.WatchDog.cancel(): canceling Tue Oct 30 02:36:17 UTC 2018
------------------ testing $PTII/ptolemy/domains/de/test/auto/CausalityInterface1.xml
auto.tcl: Setting watchdog for 200 seconds at Tue Oct 30 02:36:17 UTC 2018
12 ms. Memory: 208384K Free: 196454K (94%)
ptolemy.util.test.WatchDog.cancel(): canceling Tue Oct 30 02:36:17 UTC 2018
auto.tcl: Setting watchdog for 200 seconds at Tue Oct 30 02:36:17 UTC 2018
7 ms. Memory: 208384K Free: 196454K (94%)
ptolemy.util.test.WatchDog.cancel(): canceling Tue Oct 30 02:36:17 UTC 2018
------------------ testing $PTII/ptolemy/domains/de/test/auto/CausalityInterface15.xml
auto.tcl: Setting watchdog for 200 seconds at Tue Oct 30 02:36:17 UTC 2018
8 ms. Memory: 208384K Free: 196445K (94%)
ptolemy.util.test.WatchDog.cancel(): canceling Tue Oct 30 02:36:17 UTC 2018
auto.tcl: Setting watchdog for 200 seconds at Tue Oct 30 02:36:17 UTC 2018
4 ms. Memory: 208384K Free: 194356K (93%)
ptolemy.util.test.WatchDog.cancel(): canceling Tue Oct 30 02:36:17 UTC 2018
------------------ testing $PTII/ptolemy/domains/de/test/auto/CausalityInterface2.xml
auto.tcl: Setting watchdog for 200 seconds at Tue Oct 30 02:36:17 UTC 2018
5 ms. Memory: 208384K Free: 196429K (94%)
ptolemy.util.test.WatchDog.cancel(): canceling Tue Oct 30 02:36:17 UTC 2018
auto.tcl: Setting watchdog for 200 seconds at Tue Oct 30 02:36:17 UTC 2018
2 ms. Memory: 208384K Free: 196429K (94%)
ptolemy.util.test.WatchDog.cancel(): canceling Tue Oct 30 02:36:17 UTC 2018
------------------ testing $PTII/ptolemy/domains/de/test/auto/CausalityInterface3.xml
auto.tcl: Setting watchdog for 200 seconds at Tue Oct 30 02:36:17 UTC 2018
9 ms. Memory: 208384K Free: 196443K (94%)
ptolemy.util.test.WatchDog.cancel(): canceling Tue Oct 30 02:36:17 UTC 2018
auto.tcl: Setting watchdog for 200 seconds at Tue Oct 30 02:36:17 UTC 2018
3 ms. Memory: 208384K Free: 196443K (94%)
ptolemy.util.test.WatchDog.cancel(): canceling Tue Oct 30 02:36:17 UTC 2018
------------------ testing $PTII/ptolemy/domains/de/test/auto/ClockDrift.xml
auto.tcl: Setting watchdog for 200 seconds at Tue Oct 30 02:36:17 UTC 2018
87 ms. Memory: 208384K Free: 187706K (90%)
ptolemy.util.test.WatchDog.cancel(): canceling Tue Oct 30 02:36:17 UTC 2018
auto.tcl: Setting watchdog for 200 seconds at Tue Oct 30 02:36:17 UTC 2018
61 ms. Memory: 208384K Free: 185616K (89%)
ptolemy.util.test.WatchDog.cancel(): canceling Tue Oct 30 02:36:17 UTC 2018
------------------ testing $PTII/ptolemy/domains/de/test/auto/ClockDriftAndValueChange.xml
auto.tcl: Setting watchdog for 200 seconds at Tue Oct 30 02:36:17 UTC 2018
39 ms. Memory: 208384K Free: 187540K (90%)
ptolemy.util.test.WatchDog.cancel(): canceling Tue Oct 30 02:36:18 UTC 2018
auto.tcl: Setting watchdog for 200 seconds at Tue Oct 30 02:36:18 UTC 2018
39 ms. Memory: 208384K Free: 185451K (89%)
ptolemy.util.test.WatchDog.cancel(): canceling Tue Oct 30 02:36:18 UTC 2018
------------------ testing $PTII/ptolemy/domains/de/test/auto/ClockDriftChange.xml
auto.tcl: Setting watchdog for 200 seconds at Tue Oct 30 02:36:18 UTC 2018
42 ms. Memory: 208384K Free: 190853K (92%)
ptolemy.util.test.WatchDog.cancel(): canceling Tue Oct 30 02:36:18 UTC 2018
auto.tcl: Setting watchdog for 200 seconds at Tue Oct 30 02:36:18 UTC 2018
17 ms. Memory: 208384K Free: 188764K (91%)
ptolemy.util.test.WatchDog.cancel(): canceling Tue Oct 30 02:36:18 UTC 2018
------------------ testing $PTII/ptolemy/domains/de/test/auto/ComposableCausalityAnalysis.xml
auto.tcl: Setting watchdog for 200 seconds at Tue Oct 30 02:36:18 UTC 2018
2 ms. Memory: 208384K Free: 196297K (94%)
ptolemy.util.test.WatchDog.cancel(): canceling Tue Oct 30 02:36:18 UTC 2018
auto.tcl: Setting watchdog for 200 seconds at Tue Oct 30 02:36:18 UTC 2018
4 ms. Memory: 208384K Free: 194208K (93%)
ptolemy.util.test.WatchDog.cancel(): canceling Tue Oct 30 02:36:18 UTC 2018
------------------ testing $PTII/ptolemy/domains/de/test/auto/DEFixedPointLimitation.xml
auto.tcl: Setting watchdog for 200 seconds at Tue Oct 30 02:36:18 UTC 2018
1 ms. Memory: 208384K Free: 198468K (95%)
ptolemy.util.test.WatchDog.cancel(): canceling Tue Oct 30 02:36:18 UTC 2018
auto.tcl: Setting watchdog for 200 seconds at Tue Oct 30 02:36:18 UTC 2018
1 ms. Memory: 208384K Free: 196378K (94%)
ptolemy.util.test.WatchDog.cancel(): canceling Tue Oct 30 02:36:18 UTC 2018
------------------ testing $PTII/ptolemy/domains/de/test/auto/DEScheduleTest.xml
auto.tcl: Setting watchdog for 200 seconds at Tue Oct 30 02:36:18 UTC 2018
3 ms. Memory: 208384K Free: 198504K (95%)
ptolemy.util.test.WatchDog.cancel(): canceling Tue Oct 30 02:36:18 UTC 2018
auto.tcl: Setting watchdog for 200 seconds at Tue Oct 30 02:36:18 UTC 2018
7 ms. Memory: 208384K Free: 196414K (94%)
ptolemy.util.test.WatchDog.cancel(): canceling Tue Oct 30 02:36:18 UTC 2018
------------------ testing $PTII/ptolemy/domains/de/test/auto/DEinDEwithStartTimes.xml
auto.tcl: Setting watchdog for 200 seconds at Tue Oct 30 02:36:18 UTC 2018
7 ms. Memory: 208384K Free: 196721K (94%)
ptolemy.util.test.WatchDog.cancel(): canceling Tue Oct 30 02:36:18 UTC 2018
auto.tcl: Setting watchdog for 200 seconds at Tue Oct 30 02:36:18 UTC 2018
7 ms. Memory: 208384K Free: 194632K (93%)
ptolemy.util.test.WatchDog.cancel(): canceling Tue Oct 30 02:36:18 UTC 2018
------------------ testing $PTII/ptolemy/domains/de/test/auto/DEinDEwithStartTimes2.xml
auto.tcl: Setting watchdog for 200 seconds at Tue Oct 30 02:36:18 UTC 2018
8 ms. Memory: 208384K Free: 196701K (94%)
ptolemy.util.test.WatchDog.cancel(): canceling Tue Oct 30 02:36:18 UTC 2018
auto.tcl: Setting watchdog for 200 seconds at Tue Oct 30 02:36:18 UTC 2018
4 ms. Memory: 208384K Free: 194274K (93%)
ptolemy.util.test.WatchDog.cancel(): canceling Tue Oct 30 02:36:18 UTC 2018
------------------ testing $PTII/ptolemy/domains/de/test/auto/DateDemo.xml
auto.tcl: Setting watchdog for 200 seconds at Tue Oct 30 02:36:18 UTC 2018
12 ms. Memory: 208384K Free: 188833K (91%)
ptolemy.util.test.WatchDog.cancel(): canceling Tue Oct 30 02:36:18 UTC 2018
auto.tcl: Setting watchdog for 200 seconds at Tue Oct 30 02:36:18 UTC 2018
6 ms. Memory: 208384K Free: 186743K (90%)
ptolemy.util.test.WatchDog.cancel(): canceling Tue Oct 30 02:36:18 UTC 2018
------------------ testing $PTII/ptolemy/domains/de/test/auto/DateToEvent.xml
auto.tcl: Setting watchdog for 200 seconds at Tue Oct 30 02:36:18 UTC 2018
2008 ms. Memory: 208384K Free: 183578K (88%)
ptolemy.util.test.WatchDog.cancel(): canceling Tue Oct 30 02:36:21 UTC 2018
auto.tcl: Setting watchdog for 200 seconds at Tue Oct 30 02:36:21 UTC 2018
2006 ms. Memory: 208384K Free: 183578K (88%)
ptolemy.util.test.WatchDog.cancel(): canceling Tue Oct 30 02:36:23 UTC 2018
------------------ testing $PTII/ptolemy/domains/de/test/auto/DepthTest1.xml
auto.tcl: Setting watchdog for 200 seconds at Tue Oct 30 02:36:23 UTC 2018
4 ms. Memory: 208384K Free: 198370K (95%)
ptolemy.util.test.WatchDog.cancel(): canceling Tue Oct 30 02:36:23 UTC 2018
auto.tcl: Setting watchdog for 200 seconds at Tue Oct 30 02:36:23 UTC 2018
2 ms. Memory: 208384K Free: 198370K (95%)
ptolemy.util.test.WatchDog.cancel(): canceling Tue Oct 30 02:36:23 UTC 2018
------------------ testing $PTII/ptolemy/domains/de/test/auto/DepthTest2.xml
auto.tcl: Setting watchdog for 200 seconds at Tue Oct 30 02:36:23 UTC 2018
3 ms. Memory: 208384K Free: 194591K (93%)
ptolemy.util.test.WatchDog.cancel(): canceling Tue Oct 30 02:36:23 UTC 2018
auto.tcl: Setting watchdog for 200 seconds at Tue Oct 30 02:36:23 UTC 2018
6 ms. Memory: 208384K Free: 194591K (93%)
ptolemy.util.test.WatchDog.cancel(): canceling Tue Oct 30 02:36:23 UTC 2018
------------------ testing $PTII/ptolemy/domains/de/test/auto/DepthTest3.xml
auto.tcl: Setting watchdog for 200 seconds at Tue Oct 30 02:36:23 UTC 2018
3 ms. Memory: 208384K Free: 197138K (95%)
ptolemy.util.test.WatchDog.cancel(): canceling Tue Oct 30 02:36:23 UTC 2018
auto.tcl: Setting watchdog for 200 seconds at Tue Oct 30 02:36:23 UTC 2018
2 ms. Memory: 208384K Free: 197138K (95%)
ptolemy.util.test.WatchDog.cancel(): canceling Tue Oct 30 02:36:23 UTC 2018
------------------ testing $PTII/ptolemy/domains/de/test/auto/DepthTest4.xml
auto.tcl: Setting watchdog for 200 seconds at Tue Oct 30 02:36:23 UTC 2018
5 ms. Memory: 208384K Free: 196364K (94%)
ptolemy.util.test.WatchDog.cancel(): canceling Tue Oct 30 02:36:23 UTC 2018
auto.tcl: Setting watchdog for 200 seconds at Tue Oct 30 02:36:23 UTC 2018
2 ms. Memory: 208384K Free: 196364K (94%)
ptolemy.util.test.WatchDog.cancel(): canceling Tue Oct 30 02:36:23 UTC 2018
------------------ testing $PTII/ptolemy/domains/de/test/auto/DepthTest5.xml
auto.tcl: Setting watchdog for 200 seconds at Tue Oct 30 02:36:23 UTC 2018
3 ms. Memory: 208384K Free: 196312K (94%)
ptolemy.util.test.WatchDog.cancel(): canceling Tue Oct 30 02:36:23 UTC 2018
auto.tcl: Setting watchdog for 200 seconds at Tue Oct 30 02:36:23 UTC 2018
2 ms. Memory: 208384K Free: 196312K (94%)
ptolemy.util.test.WatchDog.cancel(): canceling Tue Oct 30 02:36:23 UTC 2018
------------------ testing $PTII/ptolemy/domains/de/test/auto/DepthTest6.xml
auto.tcl: Setting watchdog for 200 seconds at Tue Oct 30 02:36:23 UTC 2018
6 ms. Memory: 208384K Free: 196288K (94%)
ptolemy.util.test.WatchDog.cancel(): canceling Tue Oct 30 02:36:23 UTC 2018
auto.tcl: Setting watchdog for 200 seconds at Tue Oct 30 02:36:23 UTC 2018
2 ms. Memory: 208384K Free: 196288K (94%)
ptolemy.util.test.WatchDog.cancel(): canceling Tue Oct 30 02:36:23 UTC 2018
------------------ testing $PTII/ptolemy/domains/de/test/auto/DepthTest7.xml
auto.tcl: Setting watchdog for 200 seconds at Tue Oct 30 02:36:23 UTC 2018
3 ms. Memory: 208384K Free: 196269K (94%)
ptolemy.util.test.WatchDog.cancel(): canceling Tue Oct 30 02:36:23 UTC 2018
auto.tcl: Setting watchdog for 200 seconds at Tue Oct 30 02:36:23 UTC 2018
2 ms. Memory: 208384K Free: 196269K (94%)
ptolemy.util.test.WatchDog.cancel(): canceling Tue Oct 30 02:36:23 UTC 2018
------------------ testing $PTII/ptolemy/domains/de/test/auto/EventToDate.xml
auto.tcl: Setting watchdog for 200 seconds at Tue Oct 30 02:36:23 UTC 2018
3008 ms. Memory: 208384K Free: 185843K (89%)
ptolemy.util.test.WatchDog.cancel(): canceling Tue Oct 30 02:36:26 UTC 2018
auto.tcl: Setting watchdog for 200 seconds at Tue Oct 30 02:36:26 UTC 2018
3004 ms. Memory: 208384K Free: 185843K (89%)
ptolemy.util.test.WatchDog.cancel(): canceling Tue Oct 30 02:36:29 UTC 2018
------------------ testing $PTII/ptolemy/domains/de/test/auto/FSM1.xml
auto.tcl: Setting watchdog for 200 seconds at Tue Oct 30 02:36:29 UTC 2018
25 ms. Memory: 208384K Free: 189342K (91%)
ptolemy.util.test.WatchDog.cancel(): canceling Tue Oct 30 02:36:29 UTC 2018
auto.tcl: Setting watchdog for 200 seconds at Tue Oct 30 02:36:29 UTC 2018
20 ms. Memory: 208384K Free: 185163K (89%)
ptolemy.util.test.WatchDog.cancel(): canceling Tue Oct 30 02:36:29 UTC 2018
------------------ testing $PTII/ptolemy/domains/de/test/auto/FSM7.xml
auto.tcl: Setting watchdog for 200 seconds at Tue Oct 30 02:36:29 UTC 2018
23 ms. Memory: 208384K Free: 187454K (90%)
ptolemy.util.test.WatchDog.cancel(): canceling Tue Oct 30 02:36:29 UTC 2018
auto.tcl: Setting watchdog for 200 seconds at Tue Oct 30 02:36:29 UTC 2018
20 ms. Memory: 208384K Free: 185365K (89%)
ptolemy.util.test.WatchDog.cancel(): canceling Tue Oct 30 02:36:29 UTC 2018
------------------ testing $PTII/ptolemy/domains/de/test/auto/Inspection.xml
auto.tcl: Setting watchdog for 200 seconds at Tue Oct 30 02:36:29 UTC 2018
21 ms. Memory: 208384K Free: 188668K (91%)
ptolemy.util.test.WatchDog.cancel(): canceling Tue Oct 30 02:36:29 UTC 2018
auto.tcl: Setting watchdog for 200 seconds at Tue Oct 30 02:36:29 UTC 2018
29 ms. Memory: 208384K Free: 186579K (90%)
ptolemy.util.test.WatchDog.cancel(): canceling Tue Oct 30 02:36:30 UTC 2018
------------------ testing $PTII/ptolemy/domains/de/test/auto/Iteration.xml
auto.tcl: Setting watchdog for 200 seconds at Tue Oct 30 02:36:30 UTC 2018
8 ms. Memory: 208384K Free: 194323K (93%)
ptolemy.util.test.WatchDog.cancel(): canceling Tue Oct 30 02:36:30 UTC 2018
auto.tcl: Setting watchdog for 200 seconds at Tue Oct 30 02:36:30 UTC 2018
5 ms. Memory: 208384K Free: 193985K (93%)
ptolemy.util.test.WatchDog.cancel(): canceling Tue Oct 30 02:36:30 UTC 2018
------------------ testing $PTII/ptolemy/domains/de/test/auto/LineFault.xml
auto.tcl: Setting watchdog for 200 seconds at Tue Oct 30 02:36:30 UTC 2018
679 ms. Memory: 208384K Free: 196173K (94%)
ptolemy.util.test.WatchDog.cancel(): canceling Tue Oct 30 02:36:31 UTC 2018
auto.tcl: Setting watchdog for 200 seconds at Tue Oct 30 02:36:31 UTC 2018
624 ms. Memory: 208384K Free: 139130K (67%)
ptolemy.util.test.WatchDog.cancel(): canceling Tue Oct 30 02:36:31 UTC 2018
------------------ testing $PTII/ptolemy/domains/de/test/auto/MergeModel1Add.xml
auto.tcl: Setting watchdog for 200 seconds at Tue Oct 30 02:36:31 UTC 2018
24 ms. Memory: 331264K Free: 302819K (91%)
ptolemy.util.test.WatchDog.cancel(): canceling Tue Oct 30 02:36:31 UTC 2018
auto.tcl: Setting watchdog for 200 seconds at Tue Oct 30 02:36:31 UTC 2018
12 ms. Memory: 331264K Free: 298874K (90%)
ptolemy.util.test.WatchDog.cancel(): canceling Tue Oct 30 02:36:31 UTC 2018
------------------ testing $PTII/ptolemy/domains/de/test/auto/MergeModel2Add.xml
auto.tcl: Setting watchdog for 200 seconds at Tue Oct 30 02:36:32 UTC 2018
8 ms. Memory: 331264K Free: 304158K (92%)
ptolemy.util.test.WatchDog.cancel(): canceling Tue Oct 30 02:36:32 UTC 2018
auto.tcl: Setting watchdog for 200 seconds at Tue Oct 30 02:36:32 UTC 2018
8 ms. Memory: 331264K Free: 300213K (91%)
ptolemy.util.test.WatchDog.cancel(): canceling Tue Oct 30 02:36:32 UTC 2018
------------------ testing $PTII/ptolemy/domains/de/test/auto/MergeModel3Add.xml
auto.tcl: Setting watchdog for 200 seconds at Tue Oct 30 02:36:32 UTC 2018
9 ms. Memory: 331264K Free: 304168K (92%)
ptolemy.util.test.WatchDog.cancel(): canceling Tue Oct 30 02:36:32 UTC 2018
auto.tcl: Setting watchdog for 200 seconds at Tue Oct 30 02:36:32 UTC 2018
7 ms. Memory: 331264K Free: 300223K (91%)
ptolemy.util.test.WatchDog.cancel(): canceling Tue Oct 30 02:36:32 UTC 2018
------------------ testing $PTII/ptolemy/domains/de/test/auto/MergeWithoutDiscard.xml
auto.tcl: Setting watchdog for 200 seconds at Tue Oct 30 02:36:32 UTC 2018
1 ms. Memory: 331264K Free: 316285K (95%)
ptolemy.util.test.WatchDog.cancel(): canceling Tue Oct 30 02:36:32 UTC 2018
auto.tcl: Setting watchdog for 200 seconds at Tue Oct 30 02:36:32 UTC 2018
1 ms. Memory: 331264K Free: 316285K (95%)
ptolemy.util.test.WatchDog.cancel(): canceling Tue Oct 30 02:36:32 UTC 2018
------------------ testing $PTII/ptolemy/domains/de/test/auto/Modal1.xml
auto.tcl: Setting watchdog for 200 seconds at Tue Oct 30 02:36:32 UTC 2018
10 ms. Memory: 331264K Free: 309895K (94%)
ptolemy.util.test.WatchDog.cancel(): canceling Tue Oct 30 02:36:32 UTC 2018
auto.tcl: Setting watchdog for 200 seconds at Tue Oct 30 02:36:32 UTC 2018
11 ms. Memory: 331264K Free: 305950K (92%)
ptolemy.util.test.WatchDog.cancel(): canceling Tue Oct 30 02:36:32 UTC 2018
------------------ testing $PTII/ptolemy/domains/de/test/auto/Modal2.xml
auto.tcl: Setting watchdog for 200 seconds at Tue Oct 30 02:36:32 UTC 2018
19 ms. Memory: 331264K Free: 309777K (94%)
ptolemy.util.test.WatchDog.cancel(): canceling Tue Oct 30 02:36:32 UTC 2018
auto.tcl: Setting watchdog for 200 seconds at Tue Oct 30 02:36:32 UTC 2018
14 ms. Memory: 331264K Free: 305832K (92%)
ptolemy.util.test.WatchDog.cancel(): canceling Tue Oct 30 02:36:32 UTC 2018
------------------ testing $PTII/ptolemy/domains/de/test/auto/Modal3.xml
auto.tcl: Setting watchdog for 200 seconds at Tue Oct 30 02:36:32 UTC 2018
10 ms. Memory: 331264K Free: 309767K (94%)
ptolemy.util.test.WatchDog.cancel(): canceling Tue Oct 30 02:36:32 UTC 2018
auto.tcl: Setting watchdog for 200 seconds at Tue Oct 30 02:36:32 UTC 2018
10 ms. Memory: 331264K Free: 305823K (92%)
ptolemy.util.test.WatchDog.cancel(): canceling Tue Oct 30 02:36:32 UTC 2018
------------------ testing $PTII/ptolemy/domains/de/test/auto/Modal4.xml
auto.tcl: Setting watchdog for 200 seconds at Tue Oct 30 02:36:32 UTC 2018
23 ms. Memory: 331264K Free: 309781K (94%)
ptolemy.util.test.WatchDog.cancel(): canceling Tue Oct 30 02:36:32 UTC 2018
auto.tcl: Setting watchdog for 200 seconds at Tue Oct 30 02:36:32 UTC 2018
19 ms. Memory: 331264K Free: 305836K (92%)
ptolemy.util.test.WatchDog.cancel(): canceling Tue Oct 30 02:36:32 UTC 2018
------------------ testing $PTII/ptolemy/domains/de/test/auto/Modal5.xml
auto.tcl: Setting watchdog for 200 seconds at Tue Oct 30 02:36:32 UTC 2018
17 ms. Memory: 331264K Free: 309767K (94%)
ptolemy.util.test.WatchDog.cancel(): canceling Tue Oct 30 02:36:32 UTC 2018
auto.tcl: Setting watchdog for 200 seconds at Tue Oct 30 02:36:32 UTC 2018
12 ms. Memory: 331264K Free: 305822K (92%)
ptolemy.util.test.WatchDog.cancel(): canceling Tue Oct 30 02:36:32 UTC 2018
------------------ testing $PTII/ptolemy/domains/de/test/auto/Modal6.xml
auto.tcl: Setting watchdog for 200 seconds at Tue Oct 30 02:36:32 UTC 2018
11 ms. Memory: 331264K Free: 304628K (92%)
ptolemy.util.test.WatchDog.cancel(): canceling Tue Oct 30 02:36:32 UTC 2018
auto.tcl: Setting watchdog for 200 seconds at Tue Oct 30 02:36:32 UTC 2018
13 ms. Memory: 331264K Free: 300684K (91%)
ptolemy.util.test.WatchDog.cancel(): canceling Tue Oct 30 02:36:32 UTC 2018
------------------ testing $PTII/ptolemy/domains/de/test/auto/Modal7.xml
auto.tcl: Setting watchdog for 200 seconds at Tue Oct 30 02:36:32 UTC 2018
10 ms. Memory: 331264K Free: 309543K (93%)
ptolemy.util.test.WatchDog.cancel(): canceling Tue Oct 30 02:36:32 UTC 2018
auto.tcl: Setting watchdog for 200 seconds at Tue Oct 30 02:36:32 UTC 2018
9 ms. Memory: 331264K Free: 305598K (92%)
ptolemy.util.test.WatchDog.cancel(): canceling Tue Oct 30 02:36:33 UTC 2018
------------------ testing $PTII/ptolemy/domains/de/test/auto/ModalModel.xml
auto.tcl: Setting watchdog for 200 seconds at Tue Oct 30 02:36:33 UTC 2018
186 ms. Memory: 331264K Free: 246067K (74%)
ptolemy.util.test.WatchDog.cancel(): canceling Tue Oct 30 02:36:33 UTC 2018
auto.tcl: Setting watchdog for 200 seconds at Tue Oct 30 02:36:33 UTC 2018
164 ms. Memory: 331264K Free: 190842K (58%)
ptolemy.util.test.WatchDog.cancel(): canceling Tue Oct 30 02:36:33 UTC 2018
------------------ testing $PTII/ptolemy/domains/de/test/auto/ModalSource.xml
auto.tcl: Setting watchdog for 200 seconds at Tue Oct 30 02:36:33 UTC 2018
9 ms. Memory: 331264K Free: 316308K (95%)
ptolemy.util.test.WatchDog.cancel(): canceling Tue Oct 30 02:36:33 UTC 2018
auto.tcl: Setting watchdog for 200 seconds at Tue Oct 30 02:36:33 UTC 2018
6 ms. Memory: 331264K Free: 312779K (94%)
ptolemy.util.test.WatchDog.cancel(): canceling Tue Oct 30 02:36:33 UTC 2018
------------------ testing $PTII/ptolemy/domains/de/test/auto/NonInterruptibleTimerZeroDelay.xml
auto.tcl: Setting watchdog for 200 seconds at Tue Oct 30 02:36:33 UTC 2018
3 ms. Memory: 331264K Free: 320676K (97%)
ptolemy.util.test.WatchDog.cancel(): canceling Tue Oct 30 02:36:33 UTC 2018
auto.tcl: Setting watchdog for 200 seconds at Tue Oct 30 02:36:33 UTC 2018
3 ms. Memory: 331264K Free: 317146K (96%)
ptolemy.util.test.WatchDog.cancel(): canceling Tue Oct 30 02:36:33 UTC 2018
------------------ testing $PTII/ptolemy/domains/de/test/auto/OpenQueueingNetwork.xml
auto.tcl: Setting watchdog for 200 seconds at Tue Oct 30 02:36:33 UTC 2018
2730 ms. Memory: 573952K Free: 411892K (72%)
ptolemy.util.test.WatchDog.cancel(): canceling Tue Oct 30 02:36:36 UTC 2018
auto.tcl: Setting watchdog for 200 seconds at Tue Oct 30 02:36:36 UTC 2018
2259 ms. Memory: 550912K Free: 339200K (62%)
ptolemy.util.test.WatchDog.cancel(): canceling Tue Oct 30 02:36:38 UTC 2018
------------------ testing $PTII/ptolemy/domains/de/test/auto/OpenQueuingNetwork.xml
auto.tcl: Setting watchdog for 200 seconds at Tue Oct 30 02:36:38 UTC 2018
233 ms. Memory: 549888K Free: 450326K (82%)
ptolemy.util.test.WatchDog.cancel(): canceling Tue Oct 30 02:36:39 UTC 2018
auto.tcl: Setting watchdog for 200 seconds at Tue Oct 30 02:36:39 UTC 2018
216 ms. Memory: 549888K Free: 390916K (71%)
ptolemy.util.test.WatchDog.cancel(): canceling Tue Oct 30 02:36:39 UTC 2018
------------------ testing $PTII/ptolemy/domains/de/test/auto/PeriodicSampler.xml
auto.tcl: Setting watchdog for 200 seconds at Tue Oct 30 02:36:39 UTC 2018
3 ms. Memory: 551936K Free: 531716K (96%)
ptolemy.util.test.WatchDog.cancel(): canceling Tue Oct 30 02:36:39 UTC 2018
auto.tcl: Setting watchdog for 200 seconds at Tue Oct 30 02:36:39 UTC 2018
2 ms. Memory: 551936K Free: 531716K (96%)
ptolemy.util.test.WatchDog.cancel(): canceling Tue Oct 30 02:36:39 UTC 2018
------------------ testing $PTII/ptolemy/domains/de/test/auto/PersistentIO.xml
auto.tcl: Setting watchdog for 200 seconds at Tue Oct 30 02:36:39 UTC 2018
17 ms. Memory: 549376K Free: 529247K (96%)
ptolemy.util.test.WatchDog.cancel(): canceling Tue Oct 30 02:36:39 UTC 2018
auto.tcl: Setting watchdog for 200 seconds at Tue Oct 30 02:36:39 UTC 2018
3 ms. Memory: 549376K Free: 529247K (96%)
ptolemy.util.test.WatchDog.cancel(): canceling Tue Oct 30 02:36:39 UTC 2018
------------------ testing $PTII/ptolemy/domains/de/test/auto/PortParameterResetOnInitialize.xml
auto.tcl: Setting watchdog for 200 seconds at Tue Oct 30 02:36:39 UTC 2018
2 ms. Memory: 551424K Free: 531664K (96%)
ptolemy.util.test.WatchDog.cancel(): canceling Tue Oct 30 02:36:39 UTC 2018
auto.tcl: Setting watchdog for 200 seconds at Tue Oct 30 02:36:39 UTC 2018
2 ms. Memory: 551424K Free: 531664K (96%)
ptolemy.util.test.WatchDog.cancel(): canceling Tue Oct 30 02:36:39 UTC 2018
------------------ testing $PTII/ptolemy/domains/de/test/auto/PortParameterUpdates.xml
auto.tcl: Setting watchdog for 200 seconds at Tue Oct 30 02:36:39 UTC 2018
5 ms. Memory: 549376K Free: 529011K (96%)
ptolemy.util.test.WatchDog.cancel(): canceling Tue Oct 30 02:36:39 UTC 2018
auto.tcl: Setting watchdog for 200 seconds at Tue Oct 30 02:36:39 UTC 2018
3 ms. Memory: 549376K Free: 529011K (96%)
ptolemy.util.test.WatchDog.cancel(): canceling Tue Oct 30 02:36:39 UTC 2018
------------------ testing $PTII/ptolemy/domains/de/test/auto/QueueAndServer.xml
auto.tcl: Setting watchdog for 200 seconds at Tue Oct 30 02:36:39 UTC 2018
18 ms. Memory: 551424K Free: 531030K (96%)
ptolemy.util.test.WatchDog.cancel(): canceling Tue Oct 30 02:36:39 UTC 2018
auto.tcl: Setting watchdog for 200 seconds at Tue Oct 30 02:36:39 UTC 2018
6 ms. Memory: 551424K Free: 531030K (96%)
ptolemy.util.test.WatchDog.cancel(): canceling Tue Oct 30 02:36:39 UTC 2018
------------------ testing $PTII/ptolemy/domains/de/test/auto/Records.xml
auto.tcl: Setting watchdog for 200 seconds at Tue Oct 30 02:36:39 UTC 2018
6 ms. Memory: 549376K Free: 534334K (97%)
ptolemy.util.test.WatchDog.cancel(): canceling Tue Oct 30 02:36:39 UTC 2018
auto.tcl: Setting watchdog for 200 seconds at Tue Oct 30 02:36:39 UTC 2018
1 ms. Memory: 549376K Free: 528933K (96%)
ptolemy.util.test.WatchDog.cancel(): canceling Tue Oct 30 02:36:39 UTC 2018
------------------ testing $PTII/ptolemy/domains/de/test/auto/ResetTransitionWithStartTime1.xml
auto.tcl: Setting watchdog for 200 seconds at Tue Oct 30 02:36:39 UTC 2018
8 ms. Memory: 551424K Free: 530991K (96%)
ptolemy.util.test.WatchDog.cancel(): canceling Tue Oct 30 02:36:39 UTC 2018
auto.tcl: Setting watchdog for 200 seconds at Tue Oct 30 02:36:39 UTC 2018
6 ms. Memory: 551424K Free: 530991K (96%)
ptolemy.util.test.WatchDog.cancel(): canceling Tue Oct 30 02:36:39 UTC 2018
------------------ testing $PTII/ptolemy/domains/de/test/auto/ResetTransitionWithStartTime2.xml
auto.tcl: Setting watchdog for 200 seconds at Tue Oct 30 02:36:39 UTC 2018
6 ms. Memory: 549376K Free: 528934K (96%)
ptolemy.util.test.WatchDog.cancel(): canceling Tue Oct 30 02:36:40 UTC 2018
auto.tcl: Setting watchdog for 200 seconds at Tue Oct 30 02:36:40 UTC 2018
9 ms. Memory: 549376K Free: 528934K (96%)
ptolemy.util.test.WatchDog.cancel(): canceling Tue Oct 30 02:36:40 UTC 2018
------------------ testing $PTII/ptolemy/domains/de/test/auto/ResetTransitionWithStartTime3.xml
auto.tcl: Setting watchdog for 200 seconds at Tue Oct 30 02:36:40 UTC 2018
5 ms. Memory: 550912K Free: 530468K (96%)
ptolemy.util.test.WatchDog.cancel(): canceling Tue Oct 30 02:36:40 UTC 2018
auto.tcl: Setting watchdog for 200 seconds at Tue Oct 30 02:36:40 UTC 2018
6 ms. Memory: 550912K Free: 530468K (96%)
ptolemy.util.test.WatchDog.cancel(): canceling Tue Oct 30 02:36:40 UTC 2018
------------------ testing $PTII/ptolemy/domains/de/test/auto/ResetTransitionWithStartTime4.xml
auto.tcl: Setting watchdog for 200 seconds at Tue Oct 30 02:36:40 UTC 2018
4 ms. Memory: 549376K Free: 528939K (96%)
ptolemy.util.test.WatchDog.cancel(): canceling Tue Oct 30 02:36:40 UTC 2018
auto.tcl: Setting watchdog for 200 seconds at Tue Oct 30 02:36:40 UTC 2018
4 ms. Memory: 549376K Free: 528939K (96%)
ptolemy.util.test.WatchDog.cancel(): canceling Tue Oct 30 02:36:40 UTC 2018
------------------ testing $PTII/ptolemy/domains/de/test/auto/ResettableTimer1.xml
auto.tcl: Setting watchdog for 200 seconds at Tue Oct 30 02:36:40 UTC 2018
3 ms. Memory: 550912K Free: 535879K (97%)
ptolemy.util.test.WatchDog.cancel(): canceling Tue Oct 30 02:36:40 UTC 2018
auto.tcl: Setting watchdog for 200 seconds at Tue Oct 30 02:36:40 UTC 2018
2 ms. Memory: 550912K Free: 535879K (97%)
ptolemy.util.test.WatchDog.cancel(): canceling Tue Oct 30 02:36:40 UTC 2018
------------------ testing $PTII/ptolemy/domains/de/test/auto/ResettableTimer2.xml
auto.tcl: Setting watchdog for 200 seconds at Tue Oct 30 02:36:40 UTC 2018
2 ms. Memory: 549376K Free: 534630K (97%)
ptolemy.util.test.WatchDog.cancel(): canceling Tue Oct 30 02:36:40 UTC 2018
auto.tcl: Setting watchdog for 200 seconds at Tue Oct 30 02:36:40 UTC 2018
4 ms. Memory: 549376K Free: 534630K (97%)
ptolemy.util.test.WatchDog.cancel(): canceling Tue Oct 30 02:36:40 UTC 2018
------------------ testing $PTII/ptolemy/domains/de/test/auto/ResettableTimer3.xml
auto.tcl: Setting watchdog for 200 seconds at Tue Oct 30 02:36:40 UTC 2018
1 ms. Memory: 550912K Free: 535935K (97%)
ptolemy.util.test.WatchDog.cancel(): canceling Tue Oct 30 02:36:40 UTC 2018
auto.tcl: Setting watchdog for 200 seconds at Tue Oct 30 02:36:40 UTC 2018
2 ms. Memory: 550912K Free: 535935K (97%)
ptolemy.util.test.WatchDog.cancel(): canceling Tue Oct 30 02:36:40 UTC 2018
------------------ testing $PTII/ptolemy/domains/de/test/auto/ResettableTimer4.xml
auto.tcl: Setting watchdog for 200 seconds at Tue Oct 30 02:36:40 UTC 2018
2 ms. Memory: 549376K Free: 534642K (97%)
ptolemy.util.test.WatchDog.cancel(): canceling Tue Oct 30 02:36:40 UTC 2018
auto.tcl: Setting watchdog for 200 seconds at Tue Oct 30 02:36:40 UTC 2018
1 ms. Memory: 549376K Free: 534642K (97%)
ptolemy.util.test.WatchDog.cancel(): canceling Tue Oct 30 02:36:40 UTC 2018
------------------ testing $PTII/ptolemy/domains/de/test/auto/ResettableTimer5.xml
auto.tcl: Setting watchdog for 200 seconds at Tue Oct 30 02:36:40 UTC 2018
2 ms. Memory: 550400K Free: 530984K (96%)
ptolemy.util.test.WatchDog.cancel(): canceling Tue Oct 30 02:36:40 UTC 2018
auto.tcl: Setting watchdog for 200 seconds at Tue Oct 30 02:36:40 UTC 2018
1 ms. Memory: 550400K Free: 530984K (96%)
ptolemy.util.test.WatchDog.cancel(): canceling Tue Oct 30 02:36:40 UTC 2018
------------------ testing $PTII/ptolemy/domains/de/test/auto/ResettableTimer6.xml
auto.tcl: Setting watchdog for 200 seconds at Tue Oct 30 02:36:40 UTC 2018
1 ms. Memory: 549376K Free: 529681K (96%)
ptolemy.util.test.WatchDog.cancel(): canceling Tue Oct 30 02:36:40 UTC 2018
auto.tcl: Setting watchdog for 200 seconds at Tue Oct 30 02:36:40 UTC 2018
1 ms. Memory: 549376K Free: 529681K (96%)
ptolemy.util.test.WatchDog.cancel(): canceling Tue Oct 30 02:36:40 UTC 2018
------------------ testing $PTII/ptolemy/domains/de/test/auto/ServerZeroDelay.xml
auto.tcl: Setting watchdog for 200 seconds at Tue Oct 30 02:36:40 UTC 2018
4 ms. Memory: 550400K Free: 535604K (97%)
ptolemy.util.test.WatchDog.cancel(): canceling Tue Oct 30 02:36:40 UTC 2018
auto.tcl: Setting watchdog for 200 seconds at Tue Oct 30 02:36:40 UTC 2018
2 ms. Memory: 550400K Free: 535604K (97%)
ptolemy.util.test.WatchDog.cancel(): canceling Tue Oct 30 02:36:40 UTC 2018
------------------ testing $PTII/ptolemy/domains/de/test/auto/SmartSender.xml
auto.tcl: Setting watchdog for 200 seconds at Tue Oct 30 02:36:40 UTC 2018
3002 ms. Memory: 549376K Free: 529896K (96%)
ptolemy.util.test.WatchDog.cancel(): canceling Tue Oct 30 02:36:43 UTC 2018
auto.tcl: Setting watchdog for 200 seconds at Tue Oct 30 02:36:43 UTC 2018
3001 ms. Memory: 549376K Free: 529896K (96%)
ptolemy.util.test.WatchDog.cancel(): canceling Tue Oct 30 02:36:46 UTC 2018
------------------ testing $PTII/ptolemy/domains/de/test/auto/ThreadedComposite.xml
auto.tcl: Setting watchdog for 200 seconds at Tue Oct 30 02:36:46 UTC 2018
228 ms. Memory: 550400K Free: 510526K (93%)
ptolemy.util.test.WatchDog.cancel(): canceling Tue Oct 30 02:36:46 UTC 2018
auto.tcl: Setting watchdog for 200 seconds at Tue Oct 30 02:36:46 UTC 2018
127 ms. Memory: 550400K Free: 495766K (90%)
ptolemy.util.test.WatchDog.cancel(): canceling Tue Oct 30 02:36:47 UTC 2018
------------------ testing $PTII/ptolemy/domains/de/test/auto/Time.xml
auto.tcl: Setting watchdog for 200 seconds at Tue Oct 30 02:36:47 UTC 2018
542 ms. Memory: 549376K Free: 487271K (89%)
ptolemy.util.test.WatchDog.cancel(): canceling Tue Oct 30 02:36:47 UTC 2018
auto.tcl: Setting watchdog for 200 seconds at Tue Oct 30 02:36:47 UTC 2018
507 ms. Memory: 549376K Free: 438663K (80%)
ptolemy.util.test.WatchDog.cancel(): canceling Tue Oct 30 02:36:48 UTC 2018
------------------ testing $PTII/ptolemy/domains/de/test/auto/TimeDelayZeroDelay.xml
auto.tcl: Setting watchdog for 200 seconds at Tue Oct 30 02:36:48 UTC 2018
1 ms. Memory: 550400K Free: 535290K (97%)
ptolemy.util.test.WatchDog.cancel(): canceling Tue Oct 30 02:36:48 UTC 2018
auto.tcl: Setting watchdog for 200 seconds at Tue Oct 30 02:36:48 UTC 2018
2 ms. Memory: 550400K Free: 535290K (97%)
ptolemy.util.test.WatchDog.cancel(): canceling Tue Oct 30 02:36:48 UTC 2018
------------------ testing $PTII/ptolemy/domains/de/test/auto/TimerZeroDelay.xml
auto.tcl: Setting watchdog for 200 seconds at Tue Oct 30 02:36:48 UTC 2018
2 ms. Memory: 549376K Free: 534539K (97%)
ptolemy.util.test.WatchDog.cancel(): canceling Tue Oct 30 02:36:48 UTC 2018
auto.tcl: Setting watchdog for 200 seconds at Tue Oct 30 02:36:48 UTC 2018
2 ms. Memory: 549376K Free: 534539K (97%)
ptolemy.util.test.WatchDog.cancel(): canceling Tue Oct 30 02:36:48 UTC 2018
------------------ testing $PTII/ptolemy/domains/de/test/auto/TimingParadox.xml
auto.tcl: Setting watchdog for 200 seconds at Tue Oct 30 02:36:48 UTC 2018
331 ms. Memory: 549888K Free: 474298K (86%)
ptolemy.util.test.WatchDog.cancel(): canceling Tue Oct 30 02:36:48 UTC 2018
auto.tcl: Setting watchdog for 200 seconds at Tue Oct 30 02:36:48 UTC 2018
291 ms. Memory: 549888K Free: 441893K (80%)
ptolemy.util.test.WatchDog.cancel(): canceling Tue Oct 30 02:36:49 UTC 2018
------------------ testing $PTII/ptolemy/domains/de/test/auto/TransferInputs.xml
auto.tcl: Setting watchdog for 200 seconds at Tue Oct 30 02:36:49 UTC 2018
2 ms. Memory: 549888K Free: 533955K (97%)
ptolemy.util.test.WatchDog.cancel(): canceling Tue Oct 30 02:36:49 UTC 2018
auto.tcl: Setting watchdog for 200 seconds at Tue Oct 30 02:36:49 UTC 2018
2 ms. Memory: 549888K Free: 533955K (97%)
ptolemy.util.test.WatchDog.cancel(): canceling Tue Oct 30 02:36:49 UTC 2018
------------------ testing $PTII/ptolemy/domains/de/test/auto/TransferOutputs2.xml
auto.tcl: Setting watchdog for 200 seconds at Tue Oct 30 02:36:49 UTC 2018
3 ms. Memory: 549376K Free: 524449K (95%)
ptolemy.util.test.WatchDog.cancel(): canceling Tue Oct 30 02:36:49 UTC 2018
auto.tcl: Setting watchdog for 200 seconds at Tue Oct 30 02:36:49 UTC 2018
2 ms. Memory: 549376K Free: 524449K (95%)
ptolemy.util.test.WatchDog.cancel(): canceling Tue Oct 30 02:36:49 UTC 2018
------------------ testing $PTII/ptolemy/domains/de/test/auto/Trilateration.xml
auto.tcl: Setting watchdog for 200 seconds at Tue Oct 30 02:36:49 UTC 2018
13118 ms. Memory: 453632K Free: 131540K (29%)
ptolemy.util.test.WatchDog.cancel(): canceling Tue Oct 30 02:37:03 UTC 2018
auto.tcl: Setting watchdog for 200 seconds at Tue Oct 30 02:37:03 UTC 2018
10684 ms. Memory: 331264K Free: 240765K (73%)
ptolemy.util.test.WatchDog.cancel(): canceling Tue Oct 30 02:37:14 UTC 2018
------------------ testing $PTII/ptolemy/domains/de/test/auto/TwoSigmaDelta.xml
auto.tcl: Setting watchdog for 200 seconds at Tue Oct 30 02:37:14 UTC 2018
2642 ms. Memory: 320000K Free: 275625K (86%)
ptolemy.util.test.WatchDog.cancel(): canceling Tue Oct 30 02:37:17 UTC 2018
auto.tcl: Setting watchdog for 200 seconds at Tue Oct 30 02:37:17 UTC 2018
1997 ms. Memory: 307712K Free: 270033K (88%)
ptolemy.util.test.WatchDog.cancel(): canceling Tue Oct 30 02:37:19 UTC 2018
------------------ testing $PTII/ptolemy/domains/de/test/auto/VariableDelay.xml
auto.tcl: Setting watchdog for 200 seconds at Tue Oct 30 02:37:19 UTC 2018
8 ms. Memory: 309760K Free: 293154K (95%)
ptolemy.util.test.WatchDog.cancel(): canceling Tue Oct 30 02:37:19 UTC 2018
auto.tcl: Setting watchdog for 200 seconds at Tue Oct 30 02:37:19 UTC 2018
2 ms. Memory: 309760K Free: 293154K (95%)
ptolemy.util.test.WatchDog.cancel(): canceling Tue Oct 30 02:37:19 UTC 2018
------------------ testing $PTII/ptolemy/domains/de/test/auto/VariableDelay2.xml
auto.tcl: Setting watchdog for 200 seconds at Tue Oct 30 02:37:19 UTC 2018
6 ms. Memory: 307712K Free: 293788K (95%)
ptolemy.util.test.WatchDog.cancel(): canceling Tue Oct 30 02:37:19 UTC 2018
auto.tcl: Setting watchdog for 200 seconds at Tue Oct 30 02:37:19 UTC 2018
2 ms. Memory: 307712K Free: 293788K (95%)
ptolemy.util.test.WatchDog.cancel(): canceling Tue Oct 30 02:37:19 UTC 2018
------------------ testing $PTII/ptolemy/domains/de/test/auto/VariableDelayZeroDelay.xml
auto.tcl: Setting watchdog for 200 seconds at Tue Oct 30 02:37:19 UTC 2018
2 ms. Memory: 309248K Free: 296453K (96%)
ptolemy.util.test.WatchDog.cancel(): canceling Tue Oct 30 02:37:19 UTC 2018
auto.tcl: Setting watchdog for 200 seconds at Tue Oct 30 02:37:19 UTC 2018
2 ms. Memory: 309248K Free: 293060K (95%)
ptolemy.util.test.WatchDog.cancel(): canceling Tue Oct 30 02:37:19 UTC 2018
------------------ testing $PTII/ptolemy/domains/de/test/auto/VariableDelayZeroDelay2.xml
auto.tcl: Setting watchdog for 200 seconds at Tue Oct 30 02:37:19 UTC 2018
2 ms. Memory: 307712K Free: 294915K (96%)
ptolemy.util.test.WatchDog.cancel(): canceling Tue Oct 30 02:37:19 UTC 2018
auto.tcl: Setting watchdog for 200 seconds at Tue Oct 30 02:37:19 UTC 2018
2 ms. Memory: 307712K Free: 291538K (95%)
ptolemy.util.test.WatchDog.cancel(): canceling Tue Oct 30 02:37:19 UTC 2018
------------------ testing $PTII/ptolemy/domains/de/test/auto/deInCt.xml
auto.tcl: Setting watchdog for 200 seconds at Tue Oct 30 02:37:19 UTC 2018
0
1
1
1
0
0
0
1
1
1
1
0
0
0
1
1
1
0
0
0
1
1
1
1
1
0
0
0
1
1
1
0
0
0
0
0
0
14 ms. Memory: 309248K Free: 293055K (95%)
ptolemy.util.test.WatchDog.cancel(): canceling Tue Oct 30 02:37:19 UTC 2018
auto.tcl: Setting watchdog for 200 seconds at Tue Oct 30 02:37:19 UTC 2018
0
1
1
1
0
0
0
1
1
1
0
0
0
0
1
1
1
0
0
1
1
1
1
1
0
0
0
0
1
1
1
1
0
0
0
0
1
1
1
1
1
8 ms. Memory: 309248K Free: 293055K (95%)
ptolemy.util.test.WatchDog.cancel(): canceling Tue Oct 30 02:37:19 UTC 2018
------------------ testing $PTII/ptolemy/domains/de/test/auto/deInCt2.xml
auto.tcl: Setting watchdog for 200 seconds at Tue Oct 30 02:37:19 UTC 2018
0
1
1
1
0
0
1
1
1
0
0
1
1
1
0
0
1
1
1
0
0
1
1
1
0
0
1
1
1
0
0
1
1
1
0
0
1
1
1
0
0
0
5 ms. Memory: 307712K Free: 291507K (95%)
ptolemy.util.test.WatchDog.cancel(): canceling Tue Oct 30 02:37:19 UTC 2018
auto.tcl: Setting watchdog for 200 seconds at Tue Oct 30 02:37:19 UTC 2018
0
1
1
1
0
0
1
1
1
0
0
1
1
1
0
0
1
1
1
0
0
1
1
1
0
0
1
1
1
0
0
1
1
1
0
0
1
1
1
0
0
0
5 ms. Memory: 307712K Free: 291507K (95%)
ptolemy.util.test.WatchDog.cancel(): canceling Tue Oct 30 02:37:19 UTC 2018
------------------ testing $PTII/ptolemy/domains/de/test/auto/dynamicCausalityInterface1.xml
auto.tcl: Setting watchdog for 200 seconds at Tue Oct 30 02:37:19 UTC 2018
1 ms. Memory: 308736K Free: 289162K (94%)
ptolemy.util.test.WatchDog.cancel(): canceling Tue Oct 30 02:37:19 UTC 2018
auto.tcl: Setting watchdog for 200 seconds at Tue Oct 30 02:37:19 UTC 2018
1 ms. Memory: 308736K Free: 289162K (94%)
ptolemy.util.test.WatchDog.cancel(): canceling Tue Oct 30 02:37:19 UTC 2018
------------------ testing $PTII/ptolemy/domains/de/test/auto/fsm_de_test.xml
auto.tcl: Setting watchdog for 200 seconds at Tue Oct 30 02:37:19 UTC 2018
13 ms. Memory: 307712K Free: 288033K (94%)
ptolemy.util.test.WatchDog.cancel(): canceling Tue Oct 30 02:37:19 UTC 2018
auto.tcl: Setting watchdog for 200 seconds at Tue Oct 30 02:37:19 UTC 2018
4 ms. Memory: 307712K Free: 288033K (94%)
ptolemy.util.test.WatchDog.cancel(): canceling Tue Oct 30 02:37:19 UTC 2018
------------------ testing $PTII/ptolemy/domains/de/test/auto/functionDependencyReconstruction.xml
auto.tcl: Setting watchdog for 200 seconds at Tue Oct 30 02:37:19 UTC 2018
2 ms. Memory: 308736K Free: 282278K (91%)
ptolemy.util.test.WatchDog.cancel(): canceling Tue Oct 30 02:37:19 UTC 2018
auto.tcl: Setting watchdog for 200 seconds at Tue Oct 30 02:37:19 UTC 2018
3 ms. Memory: 308736K Free: 278885K (90%)
ptolemy.util.test.WatchDog.cancel(): canceling Tue Oct 30 02:37:19 UTC 2018
------------------ testing $PTII/ptolemy/domains/de/test/auto/multirate.xml
auto.tcl: Setting watchdog for 200 seconds at Tue Oct 30 02:37:19 UTC 2018
3 ms. Memory: 307712K Free: 291272K (95%)
ptolemy.util.test.WatchDog.cancel(): canceling Tue Oct 30 02:37:19 UTC 2018
auto.tcl: Setting watchdog for 200 seconds at Tue Oct 30 02:37:19 UTC 2018
3 ms. Memory: 307712K Free: 287879K (94%)
ptolemy.util.test.WatchDog.cancel(): canceling Tue Oct 30 02:37:19 UTC 2018
------------------ testing $PTII/ptolemy/domains/de/test/auto/multirate2.xml
auto.tcl: Setting watchdog for 200 seconds at Tue Oct 30 02:37:19 UTC 2018
3 ms. Memory: 308736K Free: 294752K (95%)
ptolemy.util.test.WatchDog.cancel(): canceling Tue Oct 30 02:37:19 UTC 2018
auto.tcl: Setting watchdog for 200 seconds at Tue Oct 30 02:37:19 UTC 2018
2 ms. Memory: 308736K Free: 294752K (95%)
ptolemy.util.test.WatchDog.cancel(): canceling Tue Oct 30 02:37:19 UTC 2018
------------------ testing $PTII/ptolemy/domains/de/test/auto/realtime.xml
auto.tcl: Setting watchdog for 200 seconds at Tue Oct 30 02:37:19 UTC 2018
10002 ms. Memory: 307712K Free: 289187K (94%)
ptolemy.util.test.WatchDog.cancel(): canceling Tue Oct 30 02:37:29 UTC 2018
auto.tcl: Setting watchdog for 200 seconds at Tue Oct 30 02:37:29 UTC 2018
10001 ms. Memory: 307712K Free: 289187K (94%)
ptolemy.util.test.WatchDog.cancel(): canceling Tue Oct 30 02:37:39 UTC 2018
------------------ testing $PTII/ptolemy/domains/de/test/auto/relationGroup.xml
auto.tcl: Setting watchdog for 200 seconds at Tue Oct 30 02:37:40 UTC 2018
2 ms. Memory: 308224K Free: 297656K (97%)
ptolemy.util.test.WatchDog.cancel(): canceling Tue Oct 30 02:37:40 UTC 2018
auto.tcl: Setting watchdog for 200 seconds at Tue Oct 30 02:37:40 UTC 2018
1 ms. Memory: 308224K Free: 297656K (97%)
ptolemy.util.test.WatchDog.cancel(): canceling Tue Oct 30 02:37:40 UTC 2018
------------------ testing $PTII/ptolemy/domains/de/test/auto/relationGroup2.xml
auto.tcl: Setting watchdog for 200 seconds at Tue Oct 30 02:37:40 UTC 2018
1 ms. Memory: 307712K Free: 297171K (97%)
ptolemy.util.test.WatchDog.cancel(): canceling Tue Oct 30 02:37:40 UTC 2018
auto.tcl: Setting watchdog for 200 seconds at Tue Oct 30 02:37:40 UTC 2018
1 ms. Memory: 307712K Free: 297171K (97%)
ptolemy.util.test.WatchDog.cancel(): canceling Tue Oct 30 02:37:40 UTC 2018
------------------ testing $PTII/ptolemy/domains/de/test/auto/sortWithOpaquePorts.xml
auto.tcl: Setting watchdog for 200 seconds at Tue Oct 30 02:37:40 UTC 2018
2 ms. Memory: 308224K Free: 295420K (96%)
ptolemy.util.test.WatchDog.cancel(): canceling Tue Oct 30 02:37:40 UTC 2018
auto.tcl: Setting watchdog for 200 seconds at Tue Oct 30 02:37:40 UTC 2018
2 ms. Memory: 308224K Free: 292040K (95%)
ptolemy.util.test.WatchDog.cancel(): canceling Tue Oct 30 02:37:40 UTC 2018
------------------ testing $PTII/ptolemy/domains/de/test/auto/transferInputsandOutputs.xml
auto.tcl: Setting watchdog for 200 seconds at Tue Oct 30 02:37:40 UTC 2018
1 ms. Memory: 307712K Free: 291519K (95%)
ptolemy.util.test.WatchDog.cancel(): canceling Tue Oct 30 02:37:40 UTC 2018
auto.tcl: Setting watchdog for 200 seconds at Tue Oct 30 02:37:40 UTC 2018
2 ms. Memory: 307712K Free: 288126K (94%)
ptolemy.util.test.WatchDog.cancel(): canceling Tue Oct 30 02:37:40 UTC 2018
------------------ testing $PTII/ptolemy/domains/de/test/auto/triggerType.xml
auto.tcl: Setting watchdog for 200 seconds at Tue Oct 30 02:37:40 UTC 2018
1 ms. Memory: 308224K Free: 295358K (96%)
ptolemy.util.test.WatchDog.cancel(): canceling Tue Oct 30 02:37:40 UTC 2018
auto.tcl: Setting watchdog for 200 seconds at Tue Oct 30 02:37:40 UTC 2018
2 ms. Memory: 308224K Free: 291965K (95%)
ptolemy.util.test.WatchDog.cancel(): canceling Tue Oct 30 02:37:40 UTC 2018
10/30/18 02:37:40
Failed: 0  Total Tests: 192  ((Passed: 187, Newly Passed: 1)  Known Failed: 5) /home/travis/build/icyphy/ptII/ptolemy/domains/de/test
10/30/18 02:37:40
Failed: 0  Total Tests: 192  ((Passed: 187, Newly Passed: 1)  Known Failed: 5) /home/travis/build/icyphy/ptII/ptolemy/domains/de/test
----------------- testing (KnownFailure) /home/travis/build/icyphy/ptII/ptolemy/domains/de/test/auto/knownFailedTests/DESDFClockTest.xml
2013 ms. Memory: 307712K Free: 285832K (93%)
Known Failure: java.lang.reflect.InvocationTargetException
----------------- testing (KnownFailure) /home/travis/build/icyphy/ptII/ptolemy/domains/de/test/auto/knownFailedTests/DirectFeedback.xml
1 ms. Memory: 307712K Free: 267714K (87%)
Known Failure: java.lang.reflect.InvocationTargetException
----------------- testing (KnownFailure) /home/travis/build/icyphy/ptII/ptolemy/domains/de/test/auto/knownFailedTests/FSMSource.xml
8 ms. Memory: 307712K Free: 245068K (80%)
----------------- testing (KnownFailure) /home/travis/build/icyphy/ptII/ptolemy/domains/de/test/auto/knownFailedTests/HierarchicalModel.xml
3 ms. Memory: 307712K Free: 222405K (72%)
Known Failure: java.lang.reflect.InvocationTargetException
----------------- testing (KnownFailure) /home/travis/build/icyphy/ptII/ptolemy/domains/de/test/auto/knownFailedTests/dependencyLoop.xml
2 ms. Memory: 307712K Free: 190690K (62%)
Known Failure: java.lang.reflect.InvocationTargetException
----------------- testing (KnownFailure) /home/travis/build/icyphy/ptII/ptolemy/domains/de/test/auto/knownFailedTests/dependencyLoop2.xml
2 ms. Memory: 307712K Free: 158975K (52%)
Known Failure: java.lang.reflect.InvocationTargetException
No auto/linux-amd64/*.xml tests in /home/travis/build/icyphy/ptII/ptolemy/domains/de/test
AutoTests.java: About to close Vertx.
AutoTests.java: Vertx closed.

===========================================================================================
----------------- testing Tue Oct 30 02:37:42 UTC 2018 /home/travis/build/icyphy/ptII/ptolemy/domains/de/test/auto/ActorDepthCalculation_actorWithoutPorts.xml
----------------- Instantiating /home/travis/build/icyphy/ptII/ptolemy/domains/de/test/auto/ActorDepthCalculation_actorWithoutPorts.xml
2 ms. Memory: 307712K Free: 131802K (43%)
----------------- Invoking toplevel() on ptolemy.moml.MoMLSimpleApplication@4597d37c
----------------- Done invoking toplevel() on ptolemy.moml.MoMLSimpleApplication@4597d37c
reloadAllAccessors: .ActorDepthCalculation_actorWithoutPorts

===========================================================================================
----------------- testing Tue Oct 30 02:37:42 UTC 2018 /home/travis/build/icyphy/ptII/ptolemy/domains/de/test/auto/AssemblyLine.xml
----------------- Instantiating /home/travis/build/icyphy/ptII/ptolemy/domains/de/test/auto/AssemblyLine.xml
2 ms. Memory: 307712K Free: 118208K (38%)
----------------- Invoking toplevel() on ptolemy.moml.MoMLSimpleApplication@6ad557fc
----------------- Done invoking toplevel() on ptolemy.moml.MoMLSimpleApplication@6ad557fc
reloadAllAccessors: .AssemblyLine

===========================================================================================
----------------- testing Tue Oct 30 02:37:42 UTC 2018 /home/travis/build/icyphy/ptII/ptolemy/domains/de/test/auto/CQBug1.xml
----------------- Instantiating /home/travis/build/icyphy/ptII/ptolemy/domains/de/test/auto/CQBug1.xml
1 ms. Memory: 307712K Free: 109156K (35%)
----------------- Invoking toplevel() on ptolemy.moml.MoMLSimpleApplication@4f94d781
----------------- Done invoking toplevel() on ptolemy.moml.MoMLSimpleApplication@4f94d781
reloadAllAccessors: .CQBug1

===========================================================================================
----------------- testing Tue Oct 30 02:37:42 UTC 2018 /home/travis/build/icyphy/ptII/ptolemy/domains/de/test/auto/CancelFireAt.xml
----------------- Instantiating /home/travis/build/icyphy/ptII/ptolemy/domains/de/test/auto/CancelFireAt.xml
1 ms. Memory: 307712K Free: 100104K (33%)
----------------- Invoking toplevel() on ptolemy.moml.MoMLSimpleApplication@98cb0bd
----------------- Done invoking toplevel() on ptolemy.moml.MoMLSimpleApplication@98cb0bd
reloadAllAccessors: .CancelFireAt

===========================================================================================
----------------- testing Tue Oct 30 02:37:42 UTC 2018 /home/travis/build/icyphy/ptII/ptolemy/domains/de/test/auto/CausalityAndComposabilityAnalysis.xml
----------------- Instantiating /home/travis/build/icyphy/ptII/ptolemy/domains/de/test/auto/CausalityAndComposabilityAnalysis.xml
2 ms. Memory: 307712K Free: 91052K (30%)
----------------- Invoking toplevel() on ptolemy.moml.MoMLSimpleApplication@15cda1a7
----------------- Done invoking toplevel() on ptolemy.moml.MoMLSimpleApplication@15cda1a7
reloadAllAccessors: .CausalityAndComposabilityAnalysis

===========================================================================================
----------------- testing Tue Oct 30 02:37:42 UTC 2018 /home/travis/build/icyphy/ptII/ptolemy/domains/de/test/auto/CausalityInterface1.xml
----------------- Instantiating /home/travis/build/icyphy/ptII/ptolemy/domains/de/test/auto/CausalityInterface1.xml
4 ms. Memory: 307712K Free: 78622K (26%)
----------------- Invoking toplevel() on ptolemy.moml.MoMLSimpleApplication@1e36ca7f
----------------- Done invoking toplevel() on ptolemy.moml.MoMLSimpleApplication@1e36ca7f
reloadAllAccessors: .CausalityInterface1

===========================================================================================
----------------- testing Tue Oct 30 02:37:42 UTC 2018 /home/travis/build/icyphy/ptII/ptolemy/domains/de/test/auto/CausalityInterface15.xml
----------------- Instantiating /home/travis/build/icyphy/ptII/ptolemy/domains/de/test/auto/CausalityInterface15.xml
2 ms. Memory: 298496K Free: 286496K (96%)
----------------- Invoking toplevel() on ptolemy.moml.MoMLSimpleApplication@4e7cce6
----------------- Done invoking toplevel() on ptolemy.moml.MoMLSimpleApplication@4e7cce6
reloadAllAccessors: .CausalityInterface15

[...]
java.lang.RuntimeException: Execution failed
	at ptolemy.moml.MoMLSimpleApplication$UnloadThread.run(MoMLSimpleApplication.java:402)
Caused by: ptolemy.kernel.util.IllegalActionException: Test fails in iteration 1.
Value was: 1.0. Should have been: 2.0
  in .DirectFeedback.Test
	at ptolemy.actor.lib.Test.fire(Test.java:268)
	at ptolemy.domains.de.kernel.DEDirector._fire(DEDirector.java:1949)
	at ptolemy.domains.de.kernel.DEDirector.fire(DEDirector.java:502)
	at ptolemy.actor.CompositeActor.fire(CompositeActor.java:455)
	at ptolemy.actor.Manager.iterate(Manager.java:851)
	at ptolemy.actor.Manager.execute(Manager.java:369)
	at ptolemy.actor.Manager.run(Manager.java:1263)
	at ptolemy.actor.Manager$PtolemyRunThread.run(Manager.java:1915)
java.lang.RuntimeException: Execution failed
	at ptolemy.moml.MoMLSimpleApplication$UnloadThread.run(MoMLSimpleApplication.java:402)
Caused by: ptolemy.kernel.util.IllegalActionException: Actor is not ready to fire.  Perhaps UpSample.prefire() returned false? Try debugging the actor by selecting "Listen to Actor".  Also, for SDF check moml for tokenConsumptionRate on input.
  in .DESDFClockTest.Play Bell.Copy1:SDF Director and .DESDFClockTest.Play Bell.UpSample
	at ptolemy.actor.sched.StaticSchedulingDirector.fire(StaticSchedulingDirector.java:227)
	at ptolemy.domains.sdf.kernel.SDFDirector.fire(SDFDirector.java:500)
	at ptolemy.actor.CompositeActor.fire(CompositeActor.java:455)
	at ptolemy.domains.de.kernel.DEDirector._fire(DEDirector.java:1949)
	at ptolemy.domains.de.kernel.DEDirector.fire(DEDirector.java:502)
	at ptolemy.actor.CompositeActor.fire(CompositeActor.java:455)
	at ptolemy.actor.Manager.iterate(Manager.java:851)
	at ptolemy.actor.Manager.execute(Manager.java:369)
	at ptolemy.actor.Manager.run(Manager.java:1263)
	at ptolemy.actor.Manager$PtolemyRunThread.run(Manager.java:1915)
java.lang.reflect.InvocationTargetException
	at sun.reflect.NativeConstructorAccessorImpl.newInstance0(Native Method)
	at sun.reflect.NativeConstructorAccessorImpl.newInstance(NativeConstructorAccessorImpl.java:62)
	at sun.reflect.DelegatingConstructorAccessorImpl.newInstance(DelegatingConstructorAccessorImpl.java:45)
	at java.lang.reflect.Constructor.newInstance(Constructor.java:423)
	at ptolemy.util.test.junit.AutoKnownFailedTests.RunModel(AutoKnownFailedTests.java:105)
	at sun.reflect.NativeMethodAccessorImpl.invoke0(Native Method)
	at sun.reflect.NativeMethodAccessorImpl.invoke(NativeMethodAccessorImpl.java:62)
	at sun.reflect.DelegatingMethodAccessorImpl.invoke(DelegatingMethodAccessorImpl.java:43)
	at java.lang.reflect.Method.invoke(Method.java:498)
	at org.junit.runners.model.FrameworkMethod$1.runReflectiveCall(FrameworkMethod.java:44)
	at org.junit.internal.runners.model.ReflectiveCallable.run(ReflectiveCallable.java:15)
	at org.junit.runners.model.FrameworkMethod.invokeExplosively(FrameworkMethod.java:41)
	at junitparams.internal.InvokeParameterisedMethod.evaluate(InvokeParameterisedMethod.java:102)
	at org.junit.internal.runners.statements.FailOnTimeout$1.run(FailOnTimeout.java:28)
Caused by: ptolemy.kernel.util.IllegalActionException: Actor is not ready to fire.  Perhaps UpSample.prefire() returned false? Try debugging the actor by selecting "Listen to Actor".  Also, for SDF check moml for tokenConsumptionRate on input.
  in .DESDFClockTest.Play Bell.Copy1:SDF Director and .DESDFClockTest.Play Bell.UpSample
	at ptolemy.actor.sched.StaticSchedulingDirector.fire(StaticSchedulingDirector.java:227)
	at ptolemy.domains.sdf.kernel.SDFDirector.fire(SDFDirector.java:500)
	at ptolemy.actor.CompositeActor.fire(CompositeActor.java:455)
	at ptolemy.domains.de.kernel.DEDirector._fire(DEDirector.java:1949)
	at ptolemy.domains.de.kernel.DEDirector.fire(DEDirector.java:502)
	at ptolemy.actor.CompositeActor.fire(CompositeActor.java:455)
	at ptolemy.actor.Manager.iterate(Manager.java:851)
	at ptolemy.actor.Manager.execute(Manager.java:369)
	at ptolemy.actor.Manager.run(Manager.java:1263)
	at ptolemy.actor.Manager$PtolemyRunThread.run(Manager.java:1915)
java.lang.RuntimeException: Execution failed
	at ptolemy.moml.MoMLSimpleApplication$UnloadThread.run(MoMLSimpleApplication.java:402)
Caused by: ptolemy.kernel.util.IllegalActionException: Test fails in iteration 1.
Value was: 1.0. Should have been: 2.0
  in .DirectFeedback.Test
	at ptolemy.actor.lib.Test.fire(Test.java:268)
	at ptolemy.domains.de.kernel.DEDirector._fire(DEDirector.java:1949)
	at ptolemy.domains.de.kernel.DEDirector.fire(DEDirector.java:502)
	at ptolemy.actor.CompositeActor.fire(CompositeActor.java:455)
	at ptolemy.actor.Manager.iterate(Manager.java:851)
	at ptolemy.actor.Manager.execute(Manager.java:369)
	at ptolemy.actor.Manager.run(Manager.java:1263)
	at ptolemy.actor.Manager$PtolemyRunThread.run(Manager.java:1915)
java.lang.reflect.InvocationTargetException
	at sun.reflect.NativeConstructorAccessorImpl.newInstance0(Native Method)
	at sun.reflect.NativeConstructorAccessorImpl.newInstance(NativeConstructorAccessorImpl.java:62)
	at sun.reflect.DelegatingConstructorAccessorImpl.newInstance(DelegatingConstructorAccessorImpl.java:45)
	at java.lang.reflect.Constructor.newInstance(Constructor.java:423)
	at ptolemy.util.test.junit.AutoKnownFailedTests.RunModel(AutoKnownFailedTests.java:105)
	at sun.reflect.NativeMethodAccessorImpl.invoke0(Native Method)
	at sun.reflect.NativeMethodAccessorImpl.invoke(NativeMethodAccessorImpl.java:62)
	at sun.reflect.DelegatingMethodAccessorImpl.invoke(DelegatingMethodAccessorImpl.java:43)
	at java.lang.reflect.Method.invoke(Method.java:498)
	at org.junit.runners.model.FrameworkMethod$1.runReflectiveCall(FrameworkMethod.java:44)
	at org.junit.internal.runners.model.ReflectiveCallable.run(ReflectiveCallable.java:15)
	at org.junit.runners.model.FrameworkMethod.invokeExplosively(FrameworkMethod.java:41)
	at junitparams.internal.InvokeParameterisedMethod.evaluate(InvokeParameterisedMethod.java:102)
	at org.junit.internal.runners.statements.FailOnTimeout$1.run(FailOnTimeout.java:28)
Caused by: ptolemy.kernel.util.IllegalActionException: Test fails in iteration 1.
Value was: 1.0. Should have been: 2.0
  in .DirectFeedback.Test
	at ptolemy.actor.lib.Test.fire(Test.java:268)
	at ptolemy.domains.de.kernel.DEDirector._fire(DEDirector.java:1949)
	at ptolemy.domains.de.kernel.DEDirector.fire(DEDirector.java:502)
	at ptolemy.actor.CompositeActor.fire(CompositeActor.java:455)
	at ptolemy.actor.Manager.iterate(Manager.java:851)
	at ptolemy.actor.Manager.execute(Manager.java:369)
	at ptolemy.actor.Manager.run(Manager.java:1263)
	at ptolemy.actor.Manager$PtolemyRunThread.run(Manager.java:1915)
java.lang.RuntimeException: Execution failed
	at ptolemy.moml.MoMLSimpleApplication$UnloadThread.run(MoMLSimpleApplication.java:402)
Caused by: ptolemy.kernel.util.IllegalActionException: Found a zero delay loop containing .HierarchicalModel.A
  in .HierarchicalModel and .HierarchicalModel.A
	at ptolemy.actor.util.CausalityInterfaceForComposites._computeOutputPortDepth(CausalityInterfaceForComposites.java:759)
	at ptolemy.actor.util.CausalityInterfaceForComposites._computeInputDepth(CausalityInterfaceForComposites.java:696)
	at ptolemy.actor.util.CausalityInterfaceForComposites._computeOutputPortDepth(CausalityInterfaceForComposites.java:765)
	at ptolemy.actor.util.CausalityInterfaceForComposites._computeInputDepth(CausalityInterfaceForComposites.java:696)
	at ptolemy.actor.util.CausalityInterfaceForComposites._computeOutputPortDepth(CausalityInterfaceForComposites.java:765)
	at ptolemy.actor.util.CausalityInterfaceForComposites._computeInputDepth(CausalityInterfaceForComposites.java:696)
	at ptolemy.actor.util.CausalityInterfaceForComposites._computeActorDepth(CausalityInterfaceForComposites.java:532)
	at ptolemy.actor.util.CausalityInterfaceForComposites.checkForCycles(CausalityInterfaceForComposites.java:96)
	at ptolemy.domains.de.kernel.DEDirector.preinitialize(DEDirector.java:1338)
	at ptolemy.actor.CompositeActor.preinitialize(CompositeActor.java:1828)
	at ptolemy.actor.Manager.preinitializeAndResolveTypes(Manager.java:1040)
	at ptolemy.actor.Manager.initialize(Manager.java:710)
	at ptolemy.actor.Manager.execute(Manager.java:356)
	at ptolemy.actor.Manager.run(Manager.java:1263)
	at ptolemy.actor.Manager$PtolemyRunThread.run(Manager.java:1915)
java.lang.reflect.InvocationTargetException
	at sun.reflect.NativeConstructorAccessorImpl.newInstance0(Native Method)
	at sun.reflect.NativeConstructorAccessorImpl.newInstance(NativeConstructorAccessorImpl.java:62)
	at sun.reflect.DelegatingConstructorAccessorImpl.newInstance(DelegatingConstructorAccessorImpl.java:45)
	at java.lang.reflect.Constructor.newInstance(Constructor.java:423)
	at ptolemy.util.test.junit.AutoKnownFailedTests.RunModel(AutoKnownFailedTests.java:105)
	at sun.reflect.NativeMethodAccessorImpl.invoke0(Native Method)
	at sun.reflect.NativeMethodAccessorImpl.invoke(NativeMethodAccessorImpl.java:62)
	at sun.reflect.DelegatingMethodAccessorImpl.invoke(DelegatingMethodAccessorImpl.java:43)
	at java.lang.reflect.Method.invoke(Method.java:498)
	at org.junit.runners.model.FrameworkMethod$1.runReflectiveCall(FrameworkMethod.java:44)
	at org.junit.internal.runners.model.ReflectiveCallable.run(ReflectiveCallable.java:15)
	at org.junit.runners.model.FrameworkMethod.invokeExplosively(FrameworkMethod.java:41)
	at junitparams.internal.InvokeParameterisedMethod.evaluate(InvokeParameterisedMethod.java:102)
	at org.junit.internal.runners.statements.FailOnTimeout$1.run(FailOnTimeout.java:28)
Caused by: ptolemy.kernel.util.IllegalActionException: Found a zero delay loop containing .HierarchicalModel.A
  in .HierarchicalModel and .HierarchicalModel.A
	at ptolemy.actor.util.CausalityInterfaceForComposites._computeOutputPortDepth(CausalityInterfaceForComposites.java:759)
	at ptolemy.actor.util.CausalityInterfaceForComposites._computeInputDepth(CausalityInterfaceForComposites.java:696)
	at ptolemy.actor.util.CausalityInterfaceForComposites._computeOutputPortDepth(CausalityInterfaceForComposites.java:765)
	at ptolemy.actor.util.CausalityInterfaceForComposites._computeInputDepth(CausalityInterfaceForComposites.java:696)
	at ptolemy.actor.util.CausalityInterfaceForComposites._computeOutputPortDepth(CausalityInterfaceForComposites.java:765)
	at ptolemy.actor.util.CausalityInterfaceForComposites._computeInputDepth(CausalityInterfaceForComposites.java:696)
	at ptolemy.actor.util.CausalityInterfaceForComposites._computeActorDepth(CausalityInterfaceForComposites.java:532)
	at ptolemy.actor.util.CausalityInterfaceForComposites.checkForCycles(CausalityInterfaceForComposites.java:96)
	at ptolemy.domains.de.kernel.DEDirector.preinitialize(DEDirector.java:1338)
	at ptolemy.actor.CompositeActor.preinitialize(CompositeActor.java:1828)
	at ptolemy.actor.Manager.preinitializeAndResolveTypes(Manager.java:1040)
	at ptolemy.actor.Manager.initialize(Manager.java:710)
	at ptolemy.actor.Manager.execute(Manager.java:356)
	at ptolemy.actor.Manager.run(Manager.java:1263)
	at ptolemy.actor.Manager$PtolemyRunThread.run(Manager.java:1915)
java.lang.RuntimeException: Execution failed
	at ptolemy.moml.MoMLSimpleApplication$UnloadThread.run(MoMLSimpleApplication.java:402)
Caused by: ptolemy.kernel.util.IllegalActionException: Found a zero delay loop containing .dependencyLoop.original
  in .dependencyLoop and .dependencyLoop.original
	at ptolemy.actor.util.CausalityInterfaceForComposites._computeOutputPortDepth(CausalityInterfaceForComposites.java:759)
	at ptolemy.actor.util.CausalityInterfaceForComposites._computeInputDepth(CausalityInterfaceForComposites.java:696)
	at ptolemy.actor.util.CausalityInterfaceForComposites._computeOutputPortDepth(CausalityInterfaceForComposites.java:765)
	at ptolemy.actor.util.CausalityInterfaceForComposites._computeInputDepth(CausalityInterfaceForComposites.java:696)
	at ptolemy.actor.util.CausalityInterfaceForComposites._computeOutputPortDepth(CausalityInterfaceForComposites.java:765)
	at ptolemy.actor.util.CausalityInterfaceForComposites._computeInputDepth(CausalityInterfaceForComposites.java:696)
	at ptolemy.actor.util.CausalityInterfaceForComposites._computeActorDepth(CausalityInterfaceForComposites.java:532)
	at ptolemy.actor.util.CausalityInterfaceForComposites.checkForCycles(CausalityInterfaceForComposites.java:96)
	at ptolemy.domains.de.kernel.DEDirector.preinitialize(DEDirector.java:1338)
	at ptolemy.actor.CompositeActor.preinitialize(CompositeActor.java:1828)
	at ptolemy.actor.Manager.preinitializeAndResolveTypes(Manager.java:1040)
	at ptolemy.actor.Manager.initialize(Manager.java:710)
	at ptolemy.actor.Manager.execute(Manager.java:356)
	at ptolemy.actor.Manager.run(Manager.java:1263)
	at ptolemy.actor.Manager$PtolemyRunThread.run(Manager.java:1915)
java.lang.reflect.InvocationTargetException
	at sun.reflect.NativeConstructorAccessorImpl.newInstance0(Native Method)
	at sun.reflect.NativeConstructorAccessorImpl.newInstance(NativeConstructorAccessorImpl.java:62)
	at sun.reflect.DelegatingConstructorAccessorImpl.newInstance(DelegatingConstructorAccessorImpl.java:45)
	at java.lang.reflect.Constructor.newInstance(Constructor.java:423)
	at ptolemy.util.test.junit.AutoKnownFailedTests.RunModel(AutoKnownFailedTests.java:105)
	at sun.reflect.NativeMethodAccessorImpl.invoke0(Native Method)
	at sun.reflect.NativeMethodAccessorImpl.invoke(NativeMethodAccessorImpl.java:62)
	at sun.reflect.DelegatingMethodAccessorImpl.invoke(DelegatingMethodAccessorImpl.java:43)
	at java.lang.reflect.Method.invoke(Method.java:498)
	at org.junit.runners.model.FrameworkMethod$1.runReflectiveCall(FrameworkMethod.java:44)
	at org.junit.internal.runners.model.ReflectiveCallable.run(ReflectiveCallable.java:15)
	at org.junit.runners.model.FrameworkMethod.invokeExplosively(FrameworkMethod.java:41)
	at junitparams.internal.InvokeParameterisedMethod.evaluate(InvokeParameterisedMethod.java:102)
	at org.junit.internal.runners.statements.FailOnTimeout$1.run(FailOnTimeout.java:28)
Caused by: ptolemy.kernel.util.IllegalActionException: Found a zero delay loop containing .dependencyLoop.original
  in .dependencyLoop and .dependencyLoop.original
	at ptolemy.actor.util.CausalityInterfaceForComposites._computeOutputPortDepth(CausalityInterfaceForComposites.java:759)
	at ptolemy.actor.util.CausalityInterfaceForComposites._computeInputDepth(CausalityInterfaceForComposites.java:696)
	at ptolemy.actor.util.CausalityInterfaceForComposites._computeOutputPortDepth(CausalityInterfaceForComposites.java:765)
	at ptolemy.actor.util.CausalityInterfaceForComposites._computeInputDepth(CausalityInterfaceForComposites.java:696)
	at ptolemy.actor.util.CausalityInterfaceForComposites._computeOutputPortDepth(CausalityInterfaceForComposites.java:765)
	at ptolemy.actor.util.CausalityInterfaceForComposites._computeInputDepth(CausalityInterfaceForComposites.java:696)
	at ptolemy.actor.util.CausalityInterfaceForComposites._computeActorDepth(CausalityInterfaceForComposites.java:532)
	at ptolemy.actor.util.CausalityInterfaceForComposites.checkForCycles(CausalityInterfaceForComposites.java:96)
	at ptolemy.domains.de.kernel.DEDirector.preinitialize(DEDirector.java:1338)
	at ptolemy.actor.CompositeActor.preinitialize(CompositeActor.java:1828)
	at ptolemy.actor.Manager.preinitializeAndResolveTypes(Manager.java:1040)
	at ptolemy.actor.Manager.initialize(Manager.java:710)
	at ptolemy.actor.Manager.execute(Manager.java:356)
	at ptolemy.actor.Manager.run(Manager.java:1263)
	at ptolemy.actor.Manager$PtolemyRunThread.run(Manager.java:1915)
java.lang.RuntimeException: Execution failed
	at ptolemy.moml.MoMLSimpleApplication$UnloadThread.run(MoMLSimpleApplication.java:402)
Caused by: ptolemy.kernel.util.IllegalActionException: Found a zero delay loop containing .dependencyLoop2.original
  in .dependencyLoop2 and .dependencyLoop2.original
	at ptolemy.actor.util.CausalityInterfaceForComposites._computeOutputPortDepth(CausalityInterfaceForComposites.java:759)
	at ptolemy.actor.util.CausalityInterfaceForComposites._computeInputDepth(CausalityInterfaceForComposites.java:696)
	at ptolemy.actor.util.CausalityInterfaceForComposites._computeOutputPortDepth(CausalityInterfaceForComposites.java:765)
	at ptolemy.actor.util.CausalityInterfaceForComposites._computeInputDepth(CausalityInterfaceForComposites.java:696)
	at ptolemy.actor.util.CausalityInterfaceForComposites._computeOutputPortDepth(CausalityInterfaceForComposites.java:765)
	at ptolemy.actor.util.CausalityInterfaceForComposites._computeInputDepth(CausalityInterfaceForComposites.java:696)
	at ptolemy.actor.util.CausalityInterfaceForComposites._computeActorDepth(CausalityInterfaceForComposites.java:532)
	at ptolemy.actor.util.CausalityInterfaceForComposites.checkForCycles(CausalityInterfaceForComposites.java:96)
	at ptolemy.domains.de.kernel.DEDirector.preinitialize(DEDirector.java:1338)
	at ptolemy.actor.CompositeActor.preinitialize(CompositeActor.java:1828)
	at ptolemy.actor.Manager.preinitializeAndResolveTypes(Manager.java:1040)
	at ptolemy.actor.Manager.initialize(Manager.java:710)
	at ptolemy.actor.Manager.execute(Manager.java:356)
	at ptolemy.actor.Manager.run(Manager.java:1263)
	at ptolemy.actor.Manager$PtolemyRunThread.run(Manager.java:1915)
java.lang.reflect.InvocationTargetException
	at sun.reflect.NativeConstructorAccessorImpl.newInstance0(Native Method)
	at sun.reflect.NativeConstructorAccessorImpl.newInstance(NativeConstructorAccessorImpl.java:62)
	at sun.reflect.DelegatingConstructorAccessorImpl.newInstance(DelegatingConstructorAccessorImpl.java:45)
	at java.lang.reflect.Constructor.newInstance(Constructor.java:423)
	at ptolemy.util.test.junit.AutoKnownFailedTests.RunModel(AutoKnownFailedTests.java:105)
	at sun.reflect.NativeMethodAccessorImpl.invoke0(Native Method)
	at sun.reflect.NativeMethodAccessorImpl.invoke(NativeMethodAccessorImpl.java:62)
	at sun.reflect.DelegatingMethodAccessorImpl.invoke(DelegatingMethodAccessorImpl.java:43)
	at java.lang.reflect.Method.invoke(Method.java:498)
	at org.junit.runners.model.FrameworkMethod$1.runReflectiveCall(FrameworkMethod.java:44)
	at org.junit.internal.runners.model.ReflectiveCallable.run(ReflectiveCallable.java:15)
	at org.junit.runners.model.FrameworkMethod.invokeExplosively(FrameworkMethod.java:41)
	at junitparams.internal.InvokeParameterisedMethod.evaluate(InvokeParameterisedMethod.java:102)
	at org.junit.internal.runners.statements.FailOnTimeout$1.run(FailOnTimeout.java:28)
Caused by: ptolemy.kernel.util.IllegalActionException: Found a zero delay loop containing .dependencyLoop2.original
  in .dependencyLoop2 and .dependencyLoop2.original
	at ptolemy.actor.util.CausalityInterfaceForComposites._computeOutputPortDepth(CausalityInterfaceForComposites.java:759)
	at ptolemy.actor.util.CausalityInterfaceForComposites._computeInputDepth(CausalityInterfaceForComposites.java:696)
	at ptolemy.actor.util.CausalityInterfaceForComposites._computeOutputPortDepth(CausalityInterfaceForComposites.java:765)
	at ptolemy.actor.util.CausalityInterfaceForComposites._computeInputDepth(CausalityInterfaceForComposites.java:696)
	at ptolemy.actor.util.CausalityInterfaceForComposites._computeOutputPortDepth(CausalityInterfaceForComposites.java:765)
	at ptolemy.actor.util.CausalityInterfaceForComposites._computeInputDepth(CausalityInterfaceForComposites.java:696)
	at ptolemy.actor.util.CausalityInterfaceForComposites._computeActorDepth(CausalityInterfaceForComposites.java:532)
	at ptolemy.actor.util.CausalityInterfaceForComposites.checkForCycles(CausalityInterfaceForComposites.java:96)
	at ptolemy.domains.de.kernel.DEDirector.preinitialize(DEDirector.java:1338)
	at ptolemy.actor.CompositeActor.preinitialize(CompositeActor.java:1828)
	at ptolemy.actor.Manager.preinitializeAndResolveTypes(Manager.java:1040)
	at ptolemy.actor.Manager.initialize(Manager.java:710)
	at ptolemy.actor.Manager.execute(Manager.java:356)
	at ptolemy.actor.Manager.run(Manager.java:1263)
	at ptolemy.actor.Manager$PtolemyRunThread.run(Manager.java:1915)
]]></system-err>
</testsuite>
