<?xml version="1.0" encoding="UTF-8" ?>
<testsuite errors="0" failures="0" hostname="travis-job-836af05b-06fc-4861-bdb4-0133476999e3" name="ptolemy.actor.lib.hoc.test.junit.JUnitTclTest" skipped="0" tests="58" time="30.831" timestamp="2019-12-07T06:21:34">
  <properties>
[...]
</properties>
  <testcase classname="ptolemy.util.test.junit.TclTests" name="[0] /home/travis/build/icyphy/ptII/ptolemy/actor/lib/hoc/test/IterateOverArray.tcl (RunTclFile)" time="0.273" />
  <testcase classname="ptolemy.util.test.junit.AutoKnownFailedTests" name="[0] /home/travis/build/icyphy/ptII/ptolemy/actor/lib/hoc/test/auto/knownFailedTests/PreinitializeMustBeInvokedRunComposite.xml (RunModel)" time="0.368" />
  <testcase classname="ptolemy.util.test.junit.AutoNameArchTests" name="[0] ThereAreNoAutoArchTests (RunModel)" time="0.002" />
  <testcase classname="ptolemy.util.test.junit.AutoTests" name="[0] /home/travis/build/icyphy/ptII/ptolemy/actor/lib/hoc/test/auto/AllToAllMultiInstanceComposite.xml (RunModel)" time="0.373" />
  <testcase classname="ptolemy.util.test.junit.AutoTests" name="[1] /home/travis/build/icyphy/ptII/ptolemy/actor/lib/hoc/test/auto/ApplyFFTTest.xml (RunModel)" time="0.305" />
  <testcase classname="ptolemy.util.test.junit.AutoTests" name="[2] /home/travis/build/icyphy/ptII/ptolemy/actor/lib/hoc/test/auto/ApplyFunction.xml (RunModel)" time="0.05" />
  <testcase classname="ptolemy.util.test.junit.AutoTests" name="[3] /home/travis/build/icyphy/ptII/ptolemy/actor/lib/hoc/test/auto/BackgroundExecution.xml (RunModel)" time="0.734" />
  <testcase classname="ptolemy.util.test.junit.AutoTests" name="[4] /home/travis/build/icyphy/ptII/ptolemy/actor/lib/hoc/test/auto/Case.xml (RunModel)" time="0.083" />
  <testcase classname="ptolemy.util.test.junit.AutoTests" name="[5] /home/travis/build/icyphy/ptII/ptolemy/actor/lib/hoc/test/auto/Case1.xml (RunModel)" time="0.042" />
  <testcase classname="ptolemy.util.test.junit.AutoTests" name="[6] /home/travis/build/icyphy/ptII/ptolemy/actor/lib/hoc/test/auto/Case2.xml (RunModel)" time="0.082" />
  <testcase classname="ptolemy.util.test.junit.AutoTests" name="[7] /home/travis/build/icyphy/ptII/ptolemy/actor/lib/hoc/test/auto/Case3.xml (RunModel)" time="0.044" />
  <testcase classname="ptolemy.util.test.junit.AutoTests" name="[8] /home/travis/build/icyphy/ptII/ptolemy/actor/lib/hoc/test/auto/Case4.xml (RunModel)" time="0.074" />
  <testcase classname="ptolemy.util.test.junit.AutoTests" name="[9] /home/travis/build/icyphy/ptII/ptolemy/actor/lib/hoc/test/auto/Case5.xml (RunModel)" time="0.045" />
  <testcase classname="ptolemy.util.test.junit.AutoTests" name="[10] /home/travis/build/icyphy/ptII/ptolemy/actor/lib/hoc/test/auto/Case6.xml (RunModel)" time="0.075" />
  <testcase classname="ptolemy.util.test.junit.AutoTests" name="[11] /home/travis/build/icyphy/ptII/ptolemy/actor/lib/hoc/test/auto/CaseString2.xml (RunModel)" time="0.059" />
  <testcase classname="ptolemy.util.test.junit.AutoTests" name="[12] /home/travis/build/icyphy/ptII/ptolemy/actor/lib/hoc/test/auto/CatchUpComposite1.xml (RunModel)" time="0.065" />
  <testcase classname="ptolemy.util.test.junit.AutoTests" name="[13] /home/travis/build/icyphy/ptII/ptolemy/actor/lib/hoc/test/auto/CatchUpComposite2.xml (RunModel)" time="0.052" />
  <testcase classname="ptolemy.util.test.junit.AutoTests" name="[14] /home/travis/build/icyphy/ptII/ptolemy/actor/lib/hoc/test/auto/CatchUpComposite3.xml (RunModel)" time="0.064" />
  <testcase classname="ptolemy.util.test.junit.AutoTests" name="[15] /home/travis/build/icyphy/ptII/ptolemy/actor/lib/hoc/test/auto/CatchUpComposite4.xml (RunModel)" time="0.07" />
  <testcase classname="ptolemy.util.test.junit.AutoTests" name="[16] /home/travis/build/icyphy/ptII/ptolemy/actor/lib/hoc/test/auto/CatchUpComposite5.xml (RunModel)" time="0.05" />
  <testcase classname="ptolemy.util.test.junit.AutoTests" name="[17] /home/travis/build/icyphy/ptII/ptolemy/actor/lib/hoc/test/auto/CatchUpComposite6.xml (RunModel)" time="0.123" />
  <testcase classname="ptolemy.util.test.junit.AutoTests" name="[18] /home/travis/build/icyphy/ptII/ptolemy/actor/lib/hoc/test/auto/CatchUpComposite7.xml (RunModel)" time="0.075" />
  <testcase classname="ptolemy.util.test.junit.AutoTests" name="[19] /home/travis/build/icyphy/ptII/ptolemy/actor/lib/hoc/test/auto/ConcurrentExecutionTimeSDF.xml (RunModel)" time="0.92" />
  <testcase classname="ptolemy.util.test.junit.AutoTests" name="[20] /home/travis/build/icyphy/ptII/ptolemy/actor/lib/hoc/test/auto/ConcurrentSleep.xml (RunModel)" time="0.769" />
  <testcase classname="ptolemy.util.test.junit.AutoTests" name="[21] /home/travis/build/icyphy/ptII/ptolemy/actor/lib/hoc/test/auto/DEInPNInRunCompositeActor.xml (RunModel)" time="0.029" />
  <testcase classname="ptolemy.util.test.junit.AutoTests" name="[22] /home/travis/build/icyphy/ptII/ptolemy/actor/lib/hoc/test/auto/DFTSubSetTest.xml (RunModel)" time="0.216" />
  <testcase classname="ptolemy.util.test.junit.AutoTests" name="[23] /home/travis/build/icyphy/ptII/ptolemy/actor/lib/hoc/test/auto/HocDE.xml (RunModel)" time="0.181" />
  <testcase classname="ptolemy.util.test.junit.AutoTests" name="[24] /home/travis/build/icyphy/ptII/ptolemy/actor/lib/hoc/test/auto/IterateOverArray.xml (RunModel)" time="0.023" />
  <testcase classname="ptolemy.util.test.junit.AutoTests" name="[25] /home/travis/build/icyphy/ptII/ptolemy/actor/lib/hoc/test/auto/IterateOverArray10.xml (RunModel)" time="0.026" />
  <testcase classname="ptolemy.util.test.junit.AutoTests" name="[26] /home/travis/build/icyphy/ptII/ptolemy/actor/lib/hoc/test/auto/IterateOverArray11.xml (RunModel)" time="0.031" />
  <testcase classname="ptolemy.util.test.junit.AutoTests" name="[27] /home/travis/build/icyphy/ptII/ptolemy/actor/lib/hoc/test/auto/IterateOverArray12.xml (RunModel)" time="0.03" />
  <testcase classname="ptolemy.util.test.junit.AutoTests" name="[28] /home/travis/build/icyphy/ptII/ptolemy/actor/lib/hoc/test/auto/IterateOverArray13.xml (RunModel)" time="0.142" />
  <testcase classname="ptolemy.util.test.junit.AutoTests" name="[29] /home/travis/build/icyphy/ptII/ptolemy/actor/lib/hoc/test/auto/IterateOverArray14.xml (RunModel)" time="0.137" />
  <testcase classname="ptolemy.util.test.junit.AutoTests" name="[30] /home/travis/build/icyphy/ptII/ptolemy/actor/lib/hoc/test/auto/IterateOverArray2.xml (RunModel)" time="0.025" />
  <testcase classname="ptolemy.util.test.junit.AutoTests" name="[31] /home/travis/build/icyphy/ptII/ptolemy/actor/lib/hoc/test/auto/IterateOverArray3.xml (RunModel)" time="0.039" />
  <testcase classname="ptolemy.util.test.junit.AutoTests" name="[32] /home/travis/build/icyphy/ptII/ptolemy/actor/lib/hoc/test/auto/IterateOverArray4.xml (RunModel)" time="0.017" />
  <testcase classname="ptolemy.util.test.junit.AutoTests" name="[33] /home/travis/build/icyphy/ptII/ptolemy/actor/lib/hoc/test/auto/IterateOverArray5.xml (RunModel)" time="0.019" />
  <testcase classname="ptolemy.util.test.junit.AutoTests" name="[34] /home/travis/build/icyphy/ptII/ptolemy/actor/lib/hoc/test/auto/IterateOverArray6.xml (RunModel)" time="0.02" />
  <testcase classname="ptolemy.util.test.junit.AutoTests" name="[35] /home/travis/build/icyphy/ptII/ptolemy/actor/lib/hoc/test/auto/IterateOverArray7.xml (RunModel)" time="0.026" />
  <testcase classname="ptolemy.util.test.junit.AutoTests" name="[36] /home/travis/build/icyphy/ptII/ptolemy/actor/lib/hoc/test/auto/IterateOverArray8.xml (RunModel)" time="0.023" />
  <testcase classname="ptolemy.util.test.junit.AutoTests" name="[37] /home/travis/build/icyphy/ptII/ptolemy/actor/lib/hoc/test/auto/IterateOverArray9.xml (RunModel)" time="0.016" />
  <testcase classname="ptolemy.util.test.junit.AutoTests" name="[38] /home/travis/build/icyphy/ptII/ptolemy/actor/lib/hoc/test/auto/IterateOverArrayCoercedOutputType.xml (RunModel)" time="0.04" />
  <testcase classname="ptolemy.util.test.junit.AutoTests" name="[39] /home/travis/build/icyphy/ptII/ptolemy/actor/lib/hoc/test/auto/IterateOverArrayInferredOutputType.xml (RunModel)" time="0.028" />
  <testcase classname="ptolemy.util.test.junit.AutoTests" name="[40] /home/travis/build/icyphy/ptII/ptolemy/actor/lib/hoc/test/auto/MobileFunctionTest.xml (RunModel)" time="0.018" />
  <testcase classname="ptolemy.util.test.junit.AutoTests" name="[41] /home/travis/build/icyphy/ptII/ptolemy/actor/lib/hoc/test/auto/MobileModelTest.xml (RunModel)" time="0.152" />
  <testcase classname="ptolemy.util.test.junit.AutoTests" name="[42] /home/travis/build/icyphy/ptII/ptolemy/actor/lib/hoc/test/auto/ModelReference.xml (RunModel)" time="0.074" />
  <testcase classname="ptolemy.util.test.junit.AutoTests" name="[43] /home/travis/build/icyphy/ptII/ptolemy/actor/lib/hoc/test/auto/ModelReference3.xml (RunModel)" time="0.042" />
  <testcase classname="ptolemy.util.test.junit.AutoTests" name="[44] /home/travis/build/icyphy/ptII/ptolemy/actor/lib/hoc/test/auto/ModelReference4.xml (RunModel)" time="10.027" />
  <testcase classname="ptolemy.util.test.junit.AutoTests" name="[45] /home/travis/build/icyphy/ptII/ptolemy/actor/lib/hoc/test/auto/MultiInstanceComposite.xml (RunModel)" time="0.053" />
  <testcase classname="ptolemy.util.test.junit.AutoTests" name="[46] /home/travis/build/icyphy/ptII/ptolemy/actor/lib/hoc/test/auto/MultiInstanceComposite2.xml (RunModel)" time="0.037" />
  <testcase classname="ptolemy.util.test.junit.AutoTests" name="[47] /home/travis/build/icyphy/ptII/ptolemy/actor/lib/hoc/test/auto/MulticoreExecution.xml (RunModel)" time="1.07" />
  <testcase classname="ptolemy.util.test.junit.AutoTests" name="[48] /home/travis/build/icyphy/ptII/ptolemy/actor/lib/hoc/test/auto/ParallelExecution.xml (RunModel)" time="0.942" />
  <testcase classname="ptolemy.util.test.junit.AutoTests" name="[49] /home/travis/build/icyphy/ptII/ptolemy/actor/lib/hoc/test/auto/RunCompositeActor.xml (RunModel)" time="0.021" />
  <testcase classname="ptolemy.util.test.junit.AutoTests" name="[50] /home/travis/build/icyphy/ptII/ptolemy/actor/lib/hoc/test/auto/RunCompositeActor2.xml (RunModel)" time="0.027" />
  <testcase classname="ptolemy.util.test.junit.AutoTests" name="[51] /home/travis/build/icyphy/ptII/ptolemy/actor/lib/hoc/test/auto/RunCompositeActor3.xml (RunModel)" time="0.027" />
  <testcase classname="ptolemy.util.test.junit.AutoTests" name="[52] /home/travis/build/icyphy/ptII/ptolemy/actor/lib/hoc/test/auto/RunCompositeActor4.xml (RunModel)" time="0.022" />
  <testcase classname="ptolemy.util.test.junit.AutoTests" name="[53] /home/travis/build/icyphy/ptII/ptolemy/actor/lib/hoc/test/auto/RunCompositeIterateOverArray.xml (RunModel)" time="0.024" />
  <testcase classname="ptolemy.util.test.junit.AutoTests" name="[54] /home/travis/build/icyphy/ptII/ptolemy/actor/lib/hoc/test/auto/ThreadedJS.xml (RunModel)" time="11.812" />
  <system-out><![CDATA[/home/travis/build/icyphy/ptII/ptolemy/actor/lib/hoc/test/IterateOverArray.tcl
testDefs.tcl: setting time out to 9000 seconds at Sat Dec 07 06:21:35 UTC 2019
12/07/19 06:21:35
Failed: 0  Total Tests: 2  ((Passed: 2, Newly Passed: 0)  Known Failed: 0) /home/travis/build/icyphy/ptII/ptolemy/actor/lib/hoc/test
----------------- testing (KnownFailure) /home/travis/build/icyphy/ptII/ptolemy/actor/lib/hoc/test/auto/knownFailedTests/PreinitializeMustBeInvokedRunComposite.xml
119 ms. Memory: 129024K Free: 88004K (68%)
Known Failure: java.lang.reflect.InvocationTargetException
No auto/linux-amd64/*.xml tests in /home/travis/build/icyphy/ptII/ptolemy/actor/lib/hoc/test
AutoTests.java: About to close Vertx.
AutoTests.java: Vertx closed.

===========================================================================================
----------------- testing Sat Dec 07 06:21:35 UTC 2019 /home/travis/build/icyphy/ptII/ptolemy/actor/lib/hoc/test/auto/AllToAllMultiInstanceComposite.xml
----------------- Instantiating /home/travis/build/icyphy/ptII/ptolemy/actor/lib/hoc/test/auto/AllToAllMultiInstanceComposite.xml
187 ms. Memory: 129024K Free: 102359K (79%)
----------------- Invoking toplevel() on ptolemy.moml.MoMLSimpleApplication@25236895
----------------- Done invoking toplevel() on ptolemy.moml.MoMLSimpleApplication@25236895
reloadAllAccessors: .AllToAllMultiInstanceComposite

===========================================================================================
----------------- testing Sat Dec 07 06:21:36 UTC 2019 /home/travis/build/icyphy/ptII/ptolemy/actor/lib/hoc/test/auto/ApplyFFTTest.xml
----------------- Instantiating /home/travis/build/icyphy/ptII/ptolemy/actor/lib/hoc/test/auto/ApplyFFTTest.xml
157 ms. Memory: 129024K Free: 83927K (65%)
----------------- Invoking toplevel() on ptolemy.moml.MoMLSimpleApplication@2fc98076
----------------- Done invoking toplevel() on ptolemy.moml.MoMLSimpleApplication@2fc98076
reloadAllAccessors: .ApplyFFTTest

===========================================================================================
----------------- testing Sat Dec 07 06:21:36 UTC 2019 /home/travis/build/icyphy/ptII/ptolemy/actor/lib/hoc/test/auto/ApplyFunction.xml
----------------- Instantiating /home/travis/build/icyphy/ptII/ptolemy/actor/lib/hoc/test/auto/ApplyFunction.xml
4 ms. Memory: 129024K Free: 80862K (63%)
----------------- Invoking toplevel() on ptolemy.moml.MoMLSimpleApplication@6fc990da
----------------- Done invoking toplevel() on ptolemy.moml.MoMLSimpleApplication@6fc990da
reloadAllAccessors: .ApplyFunction

===========================================================================================
----------------- testing Sat Dec 07 06:21:36 UTC 2019 /home/travis/build/icyphy/ptII/ptolemy/actor/lib/hoc/test/auto/BackgroundExecution.xml
----------------- Instantiating /home/travis/build/icyphy/ptII/ptolemy/actor/lib/hoc/test/auto/BackgroundExecution.xml
630 ms. Memory: 129024K Free: 73694K (57%)
----------------- Invoking toplevel() on ptolemy.moml.MoMLSimpleApplication@1b0eeb77
----------------- Done invoking toplevel() on ptolemy.moml.MoMLSimpleApplication@1b0eeb77
reloadAllAccessors: .BackgroundExecution

===========================================================================================
----------------- testing Sat Dec 07 06:21:37 UTC 2019 /home/travis/build/icyphy/ptII/ptolemy/actor/lib/hoc/test/auto/Case.xml
----------------- Instantiating /home/travis/build/icyphy/ptII/ptolemy/actor/lib/hoc/test/auto/Case.xml
13 ms. Memory: 129024K Free: 112043K (87%)
----------------- Invoking toplevel() on ptolemy.moml.MoMLSimpleApplication@28896fa8
----------------- Done invoking toplevel() on ptolemy.moml.MoMLSimpleApplication@28896fa8
reloadAllAccessors: .Case

===========================================================================================
----------------- testing Sat Dec 07 06:21:37 UTC 2019 /home/travis/build/icyphy/ptII/ptolemy/actor/lib/hoc/test/auto/Case1.xml
----------------- Instantiating /home/travis/build/icyphy/ptII/ptolemy/actor/lib/hoc/test/auto/Case1.xml
18 ms. Memory: 129024K Free: 105230K (82%)
----------------- Invoking toplevel() on ptolemy.moml.MoMLSimpleApplication@33b7442a
----------------- Done invoking toplevel() on ptolemy.moml.MoMLSimpleApplication@33b7442a
reloadAllAccessors: .Case1

===========================================================================================
----------------- testing Sat Dec 07 06:21:37 UTC 2019 /home/travis/build/icyphy/ptII/ptolemy/actor/lib/hoc/test/auto/Case2.xml
----------------- Instantiating /home/travis/build/icyphy/ptII/ptolemy/actor/lib/hoc/test/auto/Case2.xml
32 ms. Memory: 129024K Free: 94635K (73%)
----------------- Invoking toplevel() on ptolemy.moml.MoMLSimpleApplication@3ad1bf41
----------------- Done invoking toplevel() on ptolemy.moml.MoMLSimpleApplication@3ad1bf41
reloadAllAccessors: .Case2

===========================================================================================
----------------- testing Sat Dec 07 06:21:37 UTC 2019 /home/travis/build/icyphy/ptII/ptolemy/actor/lib/hoc/test/auto/Case3.xml
----------------- Instantiating /home/travis/build/icyphy/ptII/ptolemy/actor/lib/hoc/test/auto/Case3.xml
8 ms. Memory: 129024K Free: 88792K (69%)
----------------- Invoking toplevel() on ptolemy.moml.MoMLSimpleApplication@7c9437b
----------------- Done invoking toplevel() on ptolemy.moml.MoMLSimpleApplication@7c9437b
reloadAllAccessors: .Case3

===========================================================================================
----------------- testing Sat Dec 07 06:21:37 UTC 2019 /home/travis/build/icyphy/ptII/ptolemy/actor/lib/hoc/test/auto/Case4.xml
----------------- Instantiating /home/travis/build/icyphy/ptII/ptolemy/actor/lib/hoc/test/auto/Case4.xml
14 ms. Memory: 129024K Free: 81269K (63%)
----------------- Invoking toplevel() on ptolemy.moml.MoMLSimpleApplication@5c7c79c5
----------------- Done invoking toplevel() on ptolemy.moml.MoMLSimpleApplication@5c7c79c5
reloadAllAccessors: .Case4

===========================================================================================
----------------- testing Sat Dec 07 06:21:37 UTC 2019 /home/travis/build/icyphy/ptII/ptolemy/actor/lib/hoc/test/auto/Case5.xml
----------------- Instantiating /home/travis/build/icyphy/ptII/ptolemy/actor/lib/hoc/test/auto/Case5.xml
24 ms. Memory: 129024K Free: 74867K (58%)
----------------- Invoking toplevel() on ptolemy.moml.MoMLSimpleApplication@25b663c8
----------------- Done invoking toplevel() on ptolemy.moml.MoMLSimpleApplication@25b663c8
reloadAllAccessors: .junk

===========================================================================================
----------------- testing Sat Dec 07 06:21:37 UTC 2019 /home/travis/build/icyphy/ptII/ptolemy/actor/lib/hoc/test/auto/Case6.xml
----------------- Instantiating /home/travis/build/icyphy/ptII/ptolemy/actor/lib/hoc/test/auto/Case6.xml
39 ms. Memory: 129024K Free: 63246K (49%)
----------------- Invoking toplevel() on ptolemy.moml.MoMLSimpleApplication@5f3276d3
----------------- Done invoking toplevel() on ptolemy.moml.MoMLSimpleApplication@5f3276d3
reloadAllAccessors: .Case6

===========================================================================================
----------------- testing Sat Dec 07 06:21:37 UTC 2019 /home/travis/build/icyphy/ptII/ptolemy/actor/lib/hoc/test/auto/CaseString2.xml
----------------- Instantiating /home/travis/build/icyphy/ptII/ptolemy/actor/lib/hoc/test/auto/CaseString2.xml
16 ms. Memory: 129024K Free: 108819K (84%)
----------------- Invoking toplevel() on ptolemy.moml.MoMLSimpleApplication@14b1c01
----------------- Done invoking toplevel() on ptolemy.moml.MoMLSimpleApplication@14b1c01
reloadAllAccessors: .CaseString2

===========================================================================================
----------------- testing Sat Dec 07 06:21:37 UTC 2019 /home/travis/build/icyphy/ptII/ptolemy/actor/lib/hoc/test/auto/CatchUpComposite1.xml
----------------- Instantiating /home/travis/build/icyphy/ptII/ptolemy/actor/lib/hoc/test/auto/CatchUpComposite1.xml
22 ms. Memory: 129024K Free: 99096K (77%)
----------------- Invoking toplevel() on ptolemy.moml.MoMLSimpleApplication@2b520bb
----------------- Done invoking toplevel() on ptolemy.moml.MoMLSimpleApplication@2b520bb
reloadAllAccessors: .CatchUpComposite1

===========================================================================================
----------------- testing Sat Dec 07 06:21:38 UTC 2019 /home/travis/build/icyphy/ptII/ptolemy/actor/lib/hoc/test/auto/CatchUpComposite2.xml
----------------- Instantiating /home/travis/build/icyphy/ptII/ptolemy/actor/lib/hoc/test/auto/CatchUpComposite2.xml
12 ms. Memory: 129024K Free: 90904K (70%)
----------------- Invoking toplevel() on ptolemy.moml.MoMLSimpleApplication@18750dd
----------------- Done invoking toplevel() on ptolemy.moml.MoMLSimpleApplication@18750dd
reloadAllAccessors: .CatchUpComposite2

===========================================================================================
----------------- testing Sat Dec 07 06:21:38 UTC 2019 /home/travis/build/icyphy/ptII/ptolemy/actor/lib/hoc/test/auto/CatchUpComposite3.xml
----------------- Instantiating /home/travis/build/icyphy/ptII/ptolemy/actor/lib/hoc/test/auto/CatchUpComposite3.xml
21 ms. Memory: 129024K Free: 81688K (63%)
----------------- Invoking toplevel() on ptolemy.moml.MoMLSimpleApplication@52d40fdd
----------------- Done invoking toplevel() on ptolemy.moml.MoMLSimpleApplication@52d40fdd
reloadAllAccessors: .CatchUpComposite3

===========================================================================================
----------------- testing Sat Dec 07 06:21:38 UTC 2019 /home/travis/build/icyphy/ptII/ptolemy/actor/lib/hoc/test/auto/CatchUpComposite4.xml
----------------- Instantiating /home/travis/build/icyphy/ptII/ptolemy/actor/lib/hoc/test/auto/CatchUpComposite4.xml
25 ms. Memory: 129024K Free: 74003K (57%)
----------------- Invoking toplevel() on ptolemy.moml.MoMLSimpleApplication@5b41923f
----------------- Done invoking toplevel() on ptolemy.moml.MoMLSimpleApplication@5b41923f
reloadAllAccessors: .CatchUpComposite4

===========================================================================================
----------------- testing Sat Dec 07 06:21:38 UTC 2019 /home/travis/build/icyphy/ptII/ptolemy/actor/lib/hoc/test/auto/CatchUpComposite5.xml
----------------- Instantiating /home/travis/build/icyphy/ptII/ptolemy/actor/lib/hoc/test/auto/CatchUpComposite5.xml
10 ms. Memory: 129024K Free: 65816K (51%)
----------------- Invoking toplevel() on ptolemy.moml.MoMLSimpleApplication@23561eb2
----------------- Done invoking toplevel() on ptolemy.moml.MoMLSimpleApplication@23561eb2
reloadAllAccessors: .CatchUpComposite5

===========================================================================================
----------------- testing Sat Dec 07 06:21:38 UTC 2019 /home/travis/build/icyphy/ptII/ptolemy/actor/lib/hoc/test/auto/CatchUpComposite6.xml
----------------- Instantiating /home/travis/build/icyphy/ptII/ptolemy/actor/lib/hoc/test/auto/CatchUpComposite6.xml
WARNING: The execution aspects in this model can influence the timing of actors by delaying the 
execution, potentially changing the behavior. There is no guarantee that actors fire at the 
time they request to be fired. 
Use Ptides for deterministic DE behavior that is not influenced by execution aspects. 

53 ms. Memory: 129024K Free: 50968K (40%)
----------------- Invoking toplevel() on ptolemy.moml.MoMLSimpleApplication@3316d89c
----------------- Done invoking toplevel() on ptolemy.moml.MoMLSimpleApplication@3316d89c
reloadAllAccessors: .CatchUpComposite6

===========================================================================================
----------------- testing Sat Dec 07 06:21:38 UTC 2019 /home/travis/build/icyphy/ptII/ptolemy/actor/lib/hoc/test/auto/CatchUpComposite7.xml
----------------- Instantiating /home/travis/build/icyphy/ptII/ptolemy/actor/lib/hoc/test/auto/CatchUpComposite7.xml
WARNING: The execution aspects in this model can influence the timing of actors by delaying the 
execution, potentially changing the behavior. There is no guarantee that actors fire at the 
time they request to be fired. 
Use Ptides for deterministic DE behavior that is not influenced by execution aspects. 

29 ms. Memory: 129024K Free: 112638K (87%)
----------------- Invoking toplevel() on ptolemy.moml.MoMLSimpleApplication@8ed2023
----------------- Done invoking toplevel() on ptolemy.moml.MoMLSimpleApplication@8ed2023
reloadAllAccessors: .CatchUpComposite7

===========================================================================================
----------------- testing Sat Dec 07 06:21:38 UTC 2019 /home/travis/build/icyphy/ptII/ptolemy/actor/lib/hoc/test/auto/ConcurrentExecutionTimeSDF.xml
----------------- Instantiating /home/travis/build/icyphy/ptII/ptolemy/actor/lib/hoc/test/auto/ConcurrentExecutionTimeSDF.xml
Fired ExecutionTime: 40400000
Fired ExecutionTime: 40400000
Fired ExecutionTime: 40400000
Fired ExecutionTime: 40400000
Fired ExecutionTime: 40400000
Fired ExecutionTime: 40400000
Fired ExecutionTime: 40400000
Fired ExecutionTime: 40400000
Fired ExecutionTime: 40400000
Fired ExecutionTime: 40400000
Fired ExecutionTime: 40400000
Fired ExecutionTime: 40400000
Fired ExecutionTime: 40400000
Fired ExecutionTime: 40400000
Fired ExecutionTime: 40400000
Fired ExecutionTime: 40400000
Fired ExecutionTime: 40400000
Fired ExecutionTime: 40400000
Fired ExecutionTime: 40400000
Fired ExecutionTime: 40400000
897 ms. Memory: 129024K Free: 105470K (82%)
----------------- Invoking toplevel() on ptolemy.moml.MoMLSimpleApplication@55408d43
----------------- Done invoking toplevel() on ptolemy.moml.MoMLSimpleApplication@55408d43
reloadAllAccessors: .ConcurrentExecutionTimeSDF

===========================================================================================
----------------- testing Sat Dec 07 06:21:39 UTC 2019 /home/travis/build/icyphy/ptII/ptolemy/actor/lib/hoc/test/auto/ConcurrentSleep.xml
----------------- Instantiating /home/travis/build/icyphy/ptII/ptolemy/actor/lib/hoc/test/auto/ConcurrentSleep.xml
735 ms. Memory: 129024K Free: 94704K (73%)
----------------- Invoking toplevel() on ptolemy.moml.MoMLSimpleApplication@9026d07
----------------- Done invoking toplevel() on ptolemy.moml.MoMLSimpleApplication@9026d07
reloadAllAccessors: .ConcurrentSleep

===========================================================================================
----------------- testing Sat Dec 07 06:21:40 UTC 2019 /home/travis/build/icyphy/ptII/ptolemy/actor/lib/hoc/test/auto/DEInPNInRunCompositeActor.xml
----------------- Instantiating /home/travis/build/icyphy/ptII/ptolemy/actor/lib/hoc/test/auto/DEInPNInRunCompositeActor.xml
8 ms. Memory: 129024K Free: 89085K (69%)
----------------- Invoking toplevel() on ptolemy.moml.MoMLSimpleApplication@176504ab
----------------- Done invoking toplevel() on ptolemy.moml.MoMLSimpleApplication@176504ab
reloadAllAccessors: .DEInPNInRunCompositeActor

===========================================================================================
----------------- testing Sat Dec 07 06:21:40 UTC 2019 /home/travis/build/icyphy/ptII/ptolemy/actor/lib/hoc/test/auto/DFTSubSetTest.xml
----------------- Instantiating /home/travis/build/icyphy/ptII/ptolemy/actor/lib/hoc/test/auto/DFTSubSetTest.xml
151 ms. Memory: 129024K Free: 46078K (36%)
----------------- Invoking toplevel() on ptolemy.moml.MoMLSimpleApplication@c20754e
----------------- Done invoking toplevel() on ptolemy.moml.MoMLSimpleApplication@c20754e
reloadAllAccessors: .DFTSubSetTest

===========================================================================================
----------------- testing Sat Dec 07 06:21:40 UTC 2019 /home/travis/build/icyphy/ptII/ptolemy/actor/lib/hoc/test/auto/HocDE.xml
----------------- Instantiating /home/travis/build/icyphy/ptII/ptolemy/actor/lib/hoc/test/auto/HocDE.xml
128 ms. Memory: 161792K Free: 128693K (80%)
----------------- Invoking toplevel() on ptolemy.moml.MoMLSimpleApplication@5a59c037
----------------- Done invoking toplevel() on ptolemy.moml.MoMLSimpleApplication@5a59c037
reloadAllAccessors: .HocDE

===========================================================================================
----------------- testing Sat Dec 07 06:21:40 UTC 2019 /home/travis/build/icyphy/ptII/ptolemy/actor/lib/hoc/test/auto/IterateOverArray.xml
----------------- Instantiating /home/travis/build/icyphy/ptII/ptolemy/actor/lib/hoc/test/auto/IterateOverArray.xml
6 ms. Memory: 161792K Free: 124083K (77%)
----------------- Invoking toplevel() on ptolemy.moml.MoMLSimpleApplication@23f1fbe
----------------- Done invoking toplevel() on ptolemy.moml.MoMLSimpleApplication@23f1fbe
reloadAllAccessors: .IterateOverArray

===========================================================================================
----------------- testing Sat Dec 07 06:21:40 UTC 2019 /home/travis/build/icyphy/ptII/ptolemy/actor/lib/hoc/test/auto/IterateOverArray10.xml
----------------- Instantiating /home/travis/build/icyphy/ptII/ptolemy/actor/lib/hoc/test/auto/IterateOverArray10.xml
8 ms. Memory: 161792K Free: 120501K (74%)
----------------- Invoking toplevel() on ptolemy.moml.MoMLSimpleApplication@1abab573
----------------- Done invoking toplevel() on ptolemy.moml.MoMLSimpleApplication@1abab573
reloadAllAccessors: .IterateOverArray10

===========================================================================================
----------------- testing Sat Dec 07 06:21:40 UTC 2019 /home/travis/build/icyphy/ptII/ptolemy/actor/lib/hoc/test/auto/IterateOverArray11.xml
----------------- Instantiating /home/travis/build/icyphy/ptII/ptolemy/actor/lib/hoc/test/auto/IterateOverArray11.xml
6 ms. Memory: 161792K Free: 116405K (72%)
----------------- Invoking toplevel() on ptolemy.moml.MoMLSimpleApplication@15cd3164
----------------- Done invoking toplevel() on ptolemy.moml.MoMLSimpleApplication@15cd3164
reloadAllAccessors: .IterateOverArray11

===========================================================================================
----------------- testing Sat Dec 07 06:21:40 UTC 2019 /home/travis/build/icyphy/ptII/ptolemy/actor/lib/hoc/test/auto/IterateOverArray12.xml
----------------- Instantiating /home/travis/build/icyphy/ptII/ptolemy/actor/lib/hoc/test/auto/IterateOverArray12.xml
14 ms. Memory: 161792K Free: 110261K (68%)
----------------- Invoking toplevel() on ptolemy.moml.MoMLSimpleApplication@68b236f1
----------------- Done invoking toplevel() on ptolemy.moml.MoMLSimpleApplication@68b236f1
reloadAllAccessors: .IterateOverArray12

===========================================================================================
----------------- testing Sat Dec 07 06:21:40 UTC 2019 /home/travis/build/icyphy/ptII/ptolemy/actor/lib/hoc/test/auto/IterateOverArray13.xml
----------------- Instantiating /home/travis/build/icyphy/ptII/ptolemy/actor/lib/hoc/test/auto/IterateOverArray13.xml
65 ms. Memory: 161792K Free: 80565K (50%)
----------------- Invoking toplevel() on ptolemy.moml.MoMLSimpleApplication@228637cc
----------------- Done invoking toplevel() on ptolemy.moml.MoMLSimpleApplication@228637cc
reloadAllAccessors: .IterateOverArray13

===========================================================================================
----------------- testing Sat Dec 07 06:21:40 UTC 2019 /home/travis/build/icyphy/ptII/ptolemy/actor/lib/hoc/test/auto/IterateOverArray14.xml
----------------- Instantiating /home/travis/build/icyphy/ptII/ptolemy/actor/lib/hoc/test/auto/IterateOverArray14.xml
54 ms. Memory: 161792K Free: 136131K (84%)
----------------- Invoking toplevel() on ptolemy.moml.MoMLSimpleApplication@52ab0f8d
----------------- Done invoking toplevel() on ptolemy.moml.MoMLSimpleApplication@52ab0f8d
reloadAllAccessors: .IterateOverArray14

===========================================================================================
----------------- testing Sat Dec 07 06:21:40 UTC 2019 /home/travis/build/icyphy/ptII/ptolemy/actor/lib/hoc/test/auto/IterateOverArray2.xml
----------------- Instantiating /home/travis/build/icyphy/ptII/ptolemy/actor/lib/hoc/test/auto/IterateOverArray2.xml
7 ms. Memory: 161792K Free: 131525K (81%)
----------------- Invoking toplevel() on ptolemy.moml.MoMLSimpleApplication@37055341
----------------- Done invoking toplevel() on ptolemy.moml.MoMLSimpleApplication@37055341
reloadAllAccessors: .IterateOverArray2

===========================================================================================
----------------- testing Sat Dec 07 06:21:41 UTC 2019 /home/travis/build/icyphy/ptII/ptolemy/actor/lib/hoc/test/auto/IterateOverArray3.xml
----------------- Instantiating /home/travis/build/icyphy/ptII/ptolemy/actor/lib/hoc/test/auto/IterateOverArray3.xml
11 ms. Memory: 161792K Free: 125381K (77%)
----------------- Invoking toplevel() on ptolemy.moml.MoMLSimpleApplication@2fa93b02
----------------- Done invoking toplevel() on ptolemy.moml.MoMLSimpleApplication@2fa93b02
reloadAllAccessors: .IterateOverArray3

===========================================================================================
----------------- testing Sat Dec 07 06:21:41 UTC 2019 /home/travis/build/icyphy/ptII/ptolemy/actor/lib/hoc/test/auto/IterateOverArray4.xml
----------------- Instantiating /home/travis/build/icyphy/ptII/ptolemy/actor/lib/hoc/test/auto/IterateOverArray4.xml
3 ms. Memory: 161792K Free: 121285K (75%)
----------------- Invoking toplevel() on ptolemy.moml.MoMLSimpleApplication@7e4de0ff
----------------- Done invoking toplevel() on ptolemy.moml.MoMLSimpleApplication@7e4de0ff
reloadAllAccessors: .IterateOverArray4

===========================================================================================
----------------- testing Sat Dec 07 06:21:41 UTC 2019 /home/travis/build/icyphy/ptII/ptolemy/actor/lib/hoc/test/auto/IterateOverArray5.xml
----------------- Instantiating /home/travis/build/icyphy/ptII/ptolemy/actor/lib/hoc/test/auto/IterateOverArray5.xml
3 ms. Memory: 161792K Free: 117189K (72%)
----------------- Invoking toplevel() on ptolemy.moml.MoMLSimpleApplication@4e242c17
----------------- Done invoking toplevel() on ptolemy.moml.MoMLSimpleApplication@4e242c17
reloadAllAccessors: .IterateOverArray5

===========================================================================================
----------------- testing Sat Dec 07 06:21:41 UTC 2019 /home/travis/build/icyphy/ptII/ptolemy/actor/lib/hoc/test/auto/IterateOverArray6.xml
----------------- Instantiating /home/travis/build/icyphy/ptII/ptolemy/actor/lib/hoc/test/auto/IterateOverArray6.xml
5 ms. Memory: 161792K Free: 113603K (70%)
----------------- Invoking toplevel() on ptolemy.moml.MoMLSimpleApplication@ab77cbb
----------------- Done invoking toplevel() on ptolemy.moml.MoMLSimpleApplication@ab77cbb
reloadAllAccessors: .IterateOverArray6

===========================================================================================
----------------- testing Sat Dec 07 06:21:41 UTC 2019 /home/travis/build/icyphy/ptII/ptolemy/actor/lib/hoc/test/auto/IterateOverArray7.xml
----------------- Instantiating /home/travis/build/icyphy/ptII/ptolemy/actor/lib/hoc/test/auto/IterateOverArray7.xml
5 ms. Memory: 161792K Free: 108997K (67%)
----------------- Invoking toplevel() on ptolemy.moml.MoMLSimpleApplication@6130f95e
----------------- Done invoking toplevel() on ptolemy.moml.MoMLSimpleApplication@6130f95e
reloadAllAccessors: .IterateOverArray7

===========================================================================================
----------------- testing Sat Dec 07 06:21:41 UTC 2019 /home/travis/build/icyphy/ptII/ptolemy/actor/lib/hoc/test/auto/IterateOverArray8.xml
----------------- Instantiating /home/travis/build/icyphy/ptII/ptolemy/actor/lib/hoc/test/auto/IterateOverArray8.xml
5 ms. Memory: 161792K Free: 104901K (65%)
----------------- Invoking toplevel() on ptolemy.moml.MoMLSimpleApplication@1c6b835a
----------------- Done invoking toplevel() on ptolemy.moml.MoMLSimpleApplication@1c6b835a
reloadAllAccessors: .IterateOverArray8

===========================================================================================
----------------- testing Sat Dec 07 06:21:41 UTC 2019 /home/travis/build/icyphy/ptII/ptolemy/actor/lib/hoc/test/auto/IterateOverArray9.xml
----------------- Instantiating /home/travis/build/icyphy/ptII/ptolemy/actor/lib/hoc/test/auto/IterateOverArray9.xml
4 ms. Memory: 161792K Free: 100805K (62%)
----------------- Invoking toplevel() on ptolemy.moml.MoMLSimpleApplication@44121b4b
----------------- Done invoking toplevel() on ptolemy.moml.MoMLSimpleApplication@44121b4b
reloadAllAccessors: .IterateOverArray9

===========================================================================================
----------------- testing Sat Dec 07 06:21:41 UTC 2019 /home/travis/build/icyphy/ptII/ptolemy/actor/lib/hoc/test/auto/IterateOverArrayCoercedOutputType.xml
----------------- Instantiating /home/travis/build/icyphy/ptII/ptolemy/actor/lib/hoc/test/auto/IterateOverArrayCoercedOutputType.xml
5 ms. Memory: 161792K Free: 95685K (59%)
----------------- Invoking toplevel() on ptolemy.moml.MoMLSimpleApplication@34691afc
----------------- Done invoking toplevel() on ptolemy.moml.MoMLSimpleApplication@34691afc
reloadAllAccessors: .IterateOverArrayCoercedOutputType

===========================================================================================
----------------- testing Sat Dec 07 06:21:41 UTC 2019 /home/travis/build/icyphy/ptII/ptolemy/actor/lib/hoc/test/auto/IterateOverArrayInferredOutputType.xml
----------------- Instantiating /home/travis/build/icyphy/ptII/ptolemy/actor/lib/hoc/test/auto/IterateOverArrayInferredOutputType.xml
8 ms. Memory: 161792K Free: 90565K (56%)
----------------- Invoking toplevel() on ptolemy.moml.MoMLSimpleApplication@a18f4bc
----------------- Done invoking toplevel() on ptolemy.moml.MoMLSimpleApplication@a18f4bc
reloadAllAccessors: .IterateOverArrayInferredOutputType

===========================================================================================
----------------- testing Sat Dec 07 06:21:41 UTC 2019 /home/travis/build/icyphy/ptII/ptolemy/actor/lib/hoc/test/auto/MobileFunctionTest.xml
----------------- Instantiating /home/travis/build/icyphy/ptII/ptolemy/actor/lib/hoc/test/auto/MobileFunctionTest.xml
3 ms. Memory: 161792K Free: 86469K (53%)
----------------- Invoking toplevel() on ptolemy.moml.MoMLSimpleApplication@9c42fe5
----------------- Done invoking toplevel() on ptolemy.moml.MoMLSimpleApplication@9c42fe5
reloadAllAccessors: .MobileFunctionTest

===========================================================================================
----------------- testing Sat Dec 07 06:21:41 UTC 2019 /home/travis/build/icyphy/ptII/ptolemy/actor/lib/hoc/test/auto/MobileModelTest.xml
----------------- Instantiating /home/travis/build/icyphy/ptII/ptolemy/actor/lib/hoc/test/auto/MobileModelTest.xml
127 ms. Memory: 161792K Free: 65475K (40%)
----------------- Invoking toplevel() on ptolemy.moml.MoMLSimpleApplication@6e557de1
----------------- Done invoking toplevel() on ptolemy.moml.MoMLSimpleApplication@6e557de1
reloadAllAccessors: .MobileModelTest

===========================================================================================
----------------- testing Sat Dec 07 06:21:41 UTC 2019 /home/travis/build/icyphy/ptII/ptolemy/actor/lib/hoc/test/auto/ModelReference.xml
----------------- Instantiating /home/travis/build/icyphy/ptII/ptolemy/actor/lib/hoc/test/auto/ModelReference.xml
1 ms. Memory: 161792K Free: 58821K (36%)
2 ms. Memory: 161792K Free: 58277K (36%)
2 ms. Memory: 161792K Free: 57269K (35%)
2 ms. Memory: 161792K Free: 56245K (35%)
2 ms. Memory: 161792K Free: 55749K (34%)
1 ms. Memory: 161792K Free: 54725K (34%)
1 ms. Memory: 161792K Free: 54181K (33%)
16 ms. Memory: 161792K Free: 147458K (91%)
2 ms. Memory: 161792K Free: 146434K (91%)
4 ms. Memory: 161792K Free: 145765K (90%)
42 ms. Memory: 161792K Free: 145765K (90%)
----------------- Invoking toplevel() on ptolemy.moml.MoMLSimpleApplication@1f8833ab
----------------- Done invoking toplevel() on ptolemy.moml.MoMLSimpleApplication@1f8833ab
reloadAllAccessors: .ModelReference

===========================================================================================
----------------- testing Sat Dec 07 06:21:41 UTC 2019 /home/travis/build/icyphy/ptII/ptolemy/actor/lib/hoc/test/auto/ModelReference3.xml
----------------- Instantiating /home/travis/build/icyphy/ptII/ptolemy/actor/lib/hoc/test/auto/ModelReference3.xml
2 ms. Memory: 161792K Free: 140637K (87%)
4 ms. Memory: 161792K Free: 140063K (87%)
1 ms. Memory: 161792K Free: 139099K (86%)
3 ms. Memory: 161792K Free: 138589K (86%)
2 ms. Memory: 161792K Free: 137565K (85%)
1 ms. Memory: 161792K Free: 136541K (84%)
3 ms. Memory: 161792K Free: 136027K (84%)
3 ms. Memory: 161792K Free: 135003K (83%)
1 ms. Memory: 161792K Free: 134493K (83%)
1 ms. Memory: 161792K Free: 133469K (82%)
30 ms. Memory: 161792K Free: 133469K (82%)
----------------- Invoking toplevel() on ptolemy.moml.MoMLSimpleApplication@1bc7efb8
----------------- Done invoking toplevel() on ptolemy.moml.MoMLSimpleApplication@1bc7efb8
reloadAllAccessors: .ModelReference3

===========================================================================================
----------------- testing Sat Dec 07 06:21:41 UTC 2019 /home/travis/build/icyphy/ptII/ptolemy/actor/lib/hoc/test/auto/ModelReference4.xml
----------------- Instantiating /home/travis/build/icyphy/ptII/ptolemy/actor/lib/hoc/test/auto/ModelReference4.xml
2 ms. Memory: 161792K Free: 128845K (80%)
2 ms. Memory: 161792K Free: 127325K (79%)
2 ms. Memory: 161792K Free: 126301K (78%)
1 ms. Memory: 161792K Free: 124757K (77%)
1 ms. Memory: 161792K Free: 123725K (76%)
2 ms. Memory: 161792K Free: 122709K (76%)
1 ms. Memory: 161792K Free: 121181K (75%)
2 ms. Memory: 161792K Free: 120157K (74%)
2 ms. Memory: 161792K Free: 118613K (73%)
2 ms. Memory: 161792K Free: 117581K (73%)
10015 ms. Memory: 161792K Free: 117581K (73%)
----------------- Invoking toplevel() on ptolemy.moml.MoMLSimpleApplication@307b7b6
----------------- Done invoking toplevel() on ptolemy.moml.MoMLSimpleApplication@307b7b6
reloadAllAccessors: .ModelReference4

===========================================================================================
----------------- testing Sat Dec 07 06:21:51 UTC 2019 /home/travis/build/icyphy/ptII/ptolemy/actor/lib/hoc/test/auto/MultiInstanceComposite.xml
----------------- Instantiating /home/travis/build/icyphy/ptII/ptolemy/actor/lib/hoc/test/auto/MultiInstanceComposite.xml
27 ms. Memory: 161792K Free: 98653K (61%)
----------------- Invoking toplevel() on ptolemy.moml.MoMLSimpleApplication@368b29a
----------------- Done invoking toplevel() on ptolemy.moml.MoMLSimpleApplication@368b29a
reloadAllAccessors: .MultiInstanceComposite

===========================================================================================
----------------- testing Sat Dec 07 06:21:51 UTC 2019 /home/travis/build/icyphy/ptII/ptolemy/actor/lib/hoc/test/auto/MultiInstanceComposite2.xml
----------------- Instantiating /home/travis/build/icyphy/ptII/ptolemy/actor/lib/hoc/test/auto/MultiInstanceComposite2.xml
21 ms. Memory: 161792K Free: 87389K (54%)
----------------- Invoking toplevel() on ptolemy.moml.MoMLSimpleApplication@61f5b5fd
----------------- Done invoking toplevel() on ptolemy.moml.MoMLSimpleApplication@61f5b5fd
reloadAllAccessors: .MultiInstanceComposite2

===========================================================================================
----------------- testing Sat Dec 07 06:21:51 UTC 2019 /home/travis/build/icyphy/ptII/ptolemy/actor/lib/hoc/test/auto/MulticoreExecution.xml
----------------- Instantiating /home/travis/build/icyphy/ptII/ptolemy/actor/lib/hoc/test/auto/MulticoreExecution.xml
Fired ExecutionTime: 6800000
Fired ExecutionTime: 14800000
Fired ExecutionTime: 41200000
Fired ExecutionTime: 33600000
Fired ExecutionTime: 31600000
Fired ExecutionTime: 52400000
Fired ExecutionTime: 56800000
Fired ExecutionTime: 30800000
Fired ExecutionTime: 54400000
Fired ExecutionTime: 60800000
Fired ExecutionTime: 108400000
Fired ExecutionTime: 110000000
Fired ExecutionTime: 109600000
Fired ExecutionTime: 109600000
Fired ExecutionTime: 110000000
Fired ExecutionTime: 114000000
Fired ExecutionTime: 109200000
Fired ExecutionTime: 108000000
Fired ExecutionTime: 107200000
Fired ExecutionTime: 108800000
1055 ms. Memory: 161792K Free: 78173K (48%)
----------------- Invoking toplevel() on ptolemy.moml.MoMLSimpleApplication@6db112a8
----------------- Done invoking toplevel() on ptolemy.moml.MoMLSimpleApplication@6db112a8
reloadAllAccessors: .MulticoreExecution

===========================================================================================
----------------- testing Sat Dec 07 06:21:52 UTC 2019 /home/travis/build/icyphy/ptII/ptolemy/actor/lib/hoc/test/auto/ParallelExecution.xml
----------------- Instantiating /home/travis/build/icyphy/ptII/ptolemy/actor/lib/hoc/test/auto/ParallelExecution.xml
918 ms. Memory: 161792K Free: 70491K (44%)
----------------- Invoking toplevel() on ptolemy.moml.MoMLSimpleApplication@36b9cf3c
----------------- Done invoking toplevel() on ptolemy.moml.MoMLSimpleApplication@36b9cf3c
reloadAllAccessors: .ParallelExecution

===========================================================================================
----------------- testing Sat Dec 07 06:21:53 UTC 2019 /home/travis/build/icyphy/ptII/ptolemy/actor/lib/hoc/test/auto/RunCompositeActor.xml
----------------- Instantiating /home/travis/build/icyphy/ptII/ptolemy/actor/lib/hoc/test/auto/RunCompositeActor.xml
7 ms. Memory: 161792K Free: 63309K (39%)
----------------- Invoking toplevel() on ptolemy.moml.MoMLSimpleApplication@5b5a6e38
----------------- Done invoking toplevel() on ptolemy.moml.MoMLSimpleApplication@5b5a6e38
reloadAllAccessors: .RunCompositeActor

===========================================================================================
----------------- testing Sat Dec 07 06:21:53 UTC 2019 /home/travis/build/icyphy/ptII/ptolemy/actor/lib/hoc/test/auto/RunCompositeActor2.xml
----------------- Instantiating /home/travis/build/icyphy/ptII/ptolemy/actor/lib/hoc/test/auto/RunCompositeActor2.xml
11 ms. Memory: 161792K Free: 57165K (35%)
----------------- Invoking toplevel() on ptolemy.moml.MoMLSimpleApplication@20e880c1
----------------- Done invoking toplevel() on ptolemy.moml.MoMLSimpleApplication@20e880c1
reloadAllAccessors: .RunCompositeActor2

===========================================================================================
----------------- testing Sat Dec 07 06:21:53 UTC 2019 /home/travis/build/icyphy/ptII/ptolemy/actor/lib/hoc/test/auto/RunCompositeActor3.xml
----------------- Instantiating /home/travis/build/icyphy/ptII/ptolemy/actor/lib/hoc/test/auto/RunCompositeActor3.xml
4 ms. Memory: 161792K Free: 145934K (90%)
----------------- Invoking toplevel() on ptolemy.moml.MoMLSimpleApplication@261aa59f
----------------- Done invoking toplevel() on ptolemy.moml.MoMLSimpleApplication@261aa59f
reloadAllAccessors: .RunCompositeActor3

===========================================================================================
----------------- testing Sat Dec 07 06:21:53 UTC 2019 /home/travis/build/icyphy/ptII/ptolemy/actor/lib/hoc/test/auto/RunCompositeActor4.xml
----------------- Instantiating /home/travis/build/icyphy/ptII/ptolemy/actor/lib/hoc/test/auto/RunCompositeActor4.xml
10 ms. Memory: 161792K Free: 137742K (85%)
----------------- Invoking toplevel() on ptolemy.moml.MoMLSimpleApplication@783df4f8
----------------- Done invoking toplevel() on ptolemy.moml.MoMLSimpleApplication@783df4f8
reloadAllAccessors: .RunCompositeActor4

===========================================================================================
----------------- testing Sat Dec 07 06:21:53 UTC 2019 /home/travis/build/icyphy/ptII/ptolemy/actor/lib/hoc/test/auto/RunCompositeIterateOverArray.xml
----------------- Instantiating /home/travis/build/icyphy/ptII/ptolemy/actor/lib/hoc/test/auto/RunCompositeIterateOverArray.xml
4 ms. Memory: 161792K Free: 131598K (81%)
----------------- Invoking toplevel() on ptolemy.moml.MoMLSimpleApplication@3a5a390f
----------------- Done invoking toplevel() on ptolemy.moml.MoMLSimpleApplication@3a5a390f
reloadAllAccessors: .RunCompositeIterateOverArray

===========================================================================================
----------------- testing Sat Dec 07 06:21:53 UTC 2019 /home/travis/build/icyphy/ptII/ptolemy/actor/lib/hoc/test/auto/ThreadedJS.xml
----------------- Instantiating /home/travis/build/icyphy/ptII/ptolemy/actor/lib/hoc/test/auto/ThreadedJS.xml
5382 ms. Memory: 233472K Free: 126081K (54%)
----------------- Invoking toplevel() on ptolemy.moml.MoMLSimpleApplication@5c2a87ba
----------------- Done invoking toplevel() on ptolemy.moml.MoMLSimpleApplication@5c2a87ba
reloadAllAccessors: .ThreadedJS
AutoTests.java: About to close Vertx.
AutoTests.java: Vertx closed.
]]></system-out>
  <system-err><![CDATA[java.lang.RuntimeException: Execution failed
	at ptolemy.moml.MoMLSimpleApplication$UnloadThread.run(MoMLSimpleApplication.java:402)
Caused by: ptolemy.kernel.util.IllegalActionException: initialize() was called after wrapup() was called but preinitialize() was not called after wrapup().
	at ptolemy.actor.lib.hoc.test.PreinitializeMustBeInvoked.initialize(PreinitializeMustBeInvoked.java:78)
	at ptolemy.actor.Director.initialize(Director.java:938)
	at ptolemy.actor.Director.initialize(Director.java:907)
	at ptolemy.actor.sched.StaticSchedulingDirector.initialize(StaticSchedulingDirector.java:159)
	at ptolemy.domains.sdf.kernel.SDFDirector.initialize(SDFDirector.java:544)
	at ptolemy.actor.CompositeActor.initialize(CompositeActor.java:935)
	at ptolemy.actor.lib.hoc.LifeCycleManager._executeInsideModel(LifeCycleManager.java:339)
	at ptolemy.actor.lib.hoc.RunCompositeActor.fire(RunCompositeActor.java:205)
	at ptolemy.actor.CompositeActor.iterate(CompositeActor.java:1146)
	at ptolemy.actor.sched.StaticSchedulingDirector.fire(StaticSchedulingDirector.java:216)
	at ptolemy.domains.sdf.kernel.SDFDirector.fire(SDFDirector.java:500)
	at ptolemy.actor.CompositeActor.fire(CompositeActor.java:455)
	at ptolemy.actor.Manager.iterate(Manager.java:851)
	at ptolemy.actor.Manager.execute(Manager.java:369)
	at ptolemy.actor.Manager.run(Manager.java:1263)
	at ptolemy.actor.Manager$PtolemyRunThread.run(Manager.java:1933)
java.lang.reflect.InvocationTargetException
	at java.base/jdk.internal.reflect.NativeConstructorAccessorImpl.newInstance0(Native Method)
	at java.base/jdk.internal.reflect.NativeConstructorAccessorImpl.newInstance(NativeConstructorAccessorImpl.java:62)
	at java.base/jdk.internal.reflect.DelegatingConstructorAccessorImpl.newInstance(DelegatingConstructorAccessorImpl.java:45)
	at java.base/java.lang.reflect.Constructor.newInstance(Constructor.java:490)
	at ptolemy.util.test.junit.AutoKnownFailedTests.RunModel(AutoKnownFailedTests.java:105)
	at java.base/jdk.internal.reflect.NativeMethodAccessorImpl.invoke0(Native Method)
	at java.base/jdk.internal.reflect.NativeMethodAccessorImpl.invoke(NativeMethodAccessorImpl.java:62)
	at java.base/jdk.internal.reflect.DelegatingMethodAccessorImpl.invoke(DelegatingMethodAccessorImpl.java:43)
	at java.base/java.lang.reflect.Method.invoke(Method.java:566)
	at org.junit.runners.model.FrameworkMethod$1.runReflectiveCall(FrameworkMethod.java:44)
	at org.junit.internal.runners.model.ReflectiveCallable.run(ReflectiveCallable.java:15)
	at org.junit.runners.model.FrameworkMethod.invokeExplosively(FrameworkMethod.java:41)
	at junitparams.internal.InvokeParameterisedMethod.evaluate(InvokeParameterisedMethod.java:102)
	at org.junit.internal.runners.statements.FailOnTimeout$1.run(FailOnTimeout.java:28)
Caused by: ptolemy.kernel.util.IllegalActionException: initialize() was called after wrapup() was called but preinitialize() was not called after wrapup().
	at ptolemy.actor.lib.hoc.test.PreinitializeMustBeInvoked.initialize(PreinitializeMustBeInvoked.java:78)
	at ptolemy.actor.Director.initialize(Director.java:938)
	at ptolemy.actor.Director.initialize(Director.java:907)
	at ptolemy.actor.sched.StaticSchedulingDirector.initialize(StaticSchedulingDirector.java:159)
	at ptolemy.domains.sdf.kernel.SDFDirector.initialize(SDFDirector.java:544)
	at ptolemy.actor.CompositeActor.initialize(CompositeActor.java:935)
	at ptolemy.actor.lib.hoc.LifeCycleManager._executeInsideModel(LifeCycleManager.java:339)
	at ptolemy.actor.lib.hoc.RunCompositeActor.fire(RunCompositeActor.java:205)
	at ptolemy.actor.CompositeActor.iterate(CompositeActor.java:1146)
	at ptolemy.actor.sched.StaticSchedulingDirector.fire(StaticSchedulingDirector.java:216)
	at ptolemy.domains.sdf.kernel.SDFDirector.fire(SDFDirector.java:500)
	at ptolemy.actor.CompositeActor.fire(CompositeActor.java:455)
	at ptolemy.actor.Manager.iterate(Manager.java:851)
	at ptolemy.actor.Manager.execute(Manager.java:369)
	at ptolemy.actor.Manager.run(Manager.java:1263)
	at ptolemy.actor.Manager$PtolemyRunThread.run(Manager.java:1933)
Warning: Nashorn engine is planned to be removed from a future JDK release
Warning: Nashorn engine is planned to be removed from a future JDK release
Warning: Nashorn engine is planned to be removed from a future JDK release
Warning: Nashorn engine is planned to be removed from a future JDK release
Warning: Nashorn engine is planned to be removed from a future JDK release
Warning: Nashorn engine is planned to be removed from a future JDK release
Warning: Nashorn engine is planned to be removed from a future JDK release
Warning: Nashorn engine is planned to be removed from a future JDK release
]]></system-err>
</testsuite>
