<?xml version="1.0" encoding="UTF-8" ?>
<testsuite errors="0" failures="0" hostname="travis-job-86806cfa-0088-4294-8d88-f26bfbd3a2be" name="ptolemy.vergil.basic.export.test.junit.ExportModelJUnitTestBatch3" skipped="0" tests="60" time="1581.715" timestamp="2018-12-16T03:18:49">
  <properties>
[...]
</properties>
  <testcase classname="ptolemy.vergil.basic.export.test.junit.ExportModelJUnitTestBatch3" name="[0] ptolemy/actor/lib/jjs/modules/imageFilters/demo/ImageFilters/Crystallize.xml (RunExportModel)" time="50.437" />
  <testcase classname="ptolemy.vergil.basic.export.test.junit.ExportModelJUnitTestBatch3" name="[1] ptolemy/actor/lib/jjs/modules/imageFilters/demo/ImageFilters/Gray.xml (RunExportModel)" time="41.107" />
  <testcase classname="ptolemy.vergil.basic.export.test.junit.ExportModelJUnitTestBatch3" name="[2] ptolemy/actor/lib/jjs/modules/imageFilters/demo/ImageFilters/ImageFilters.xml (RunExportModel)" time="8.286" />
  <testcase classname="ptolemy.vergil.basic.export.test.junit.ExportModelJUnitTestBatch3" name="[3] ptolemy/actor/lib/jjs/modules/imageFilters/demo/ImageFilters/Invert.xml (RunExportModel)" time="40.337" />
  <testcase classname="ptolemy.vergil.basic.export.test.junit.ExportModelJUnitTestBatch3" name="[4] ptolemy/actor/lib/jjs/modules/imageFilters/demo/ImageFilters/LensBlur.xml (RunExportModel)" time="40.933" />
  <testcase classname="ptolemy.vergil.basic.export.test.junit.ExportModelJUnitTestBatch3" name="[5] ptolemy/actor/lib/jjs/modules/imageFilters/demo/ImageFilters/Random.xml (RunExportModel)" time="41.526" />
  <testcase classname="ptolemy.vergil.basic.export.test.junit.ExportModelJUnitTestBatch3" name="[6] ptolemy/actor/lib/jjs/modules/imageFilters/demo/ImageFilters/Solarize.xml (RunExportModel)" time="41.206" />
  <testcase classname="ptolemy.vergil.basic.export.test.junit.ExportModelJUnitTestBatch3" name="[7] ptolemy/actor/lib/jjs/modules/imageFilters/demo/ImageFilters/Threshold.xml (RunExportModel)" time="40.881" />
  <testcase classname="ptolemy.vergil.basic.export.test.junit.ExportModelJUnitTestBatch3" name="[8] ptolemy/actor/lib/jjs/modules/iotAuth/demo/SecureCommClient/SecureCommClient.xml (RunExportModel)" time="18.133" />
  <testcase classname="ptolemy.vergil.basic.export.test.junit.ExportModelJUnitTestBatch3" name="[9] ptolemy/actor/lib/jjs/modules/iotAuth/demo/SecureCommServer/SecureCommServer.xml (RunExportModel)" time="22.272" />
  <testcase classname="ptolemy.vergil.basic.export.test.junit.ExportModelJUnitTestBatch3" name="[10] ptolemy/actor/lib/jjs/modules/iotAuth/demo/SecureCommServerClient/SecureCommServerClient.xml (RunExportModel)" time="20.756" />
  <testcase classname="ptolemy.vergil.basic.export.test.junit.ExportModelJUnitTestBatch3" name="[11] ptolemy/actor/lib/jjs/modules/iotAuth/demo/SecureCommServerClient/SecureCommServerClientJS.xml (RunExportModel)" time="22.766" />
  <testcase classname="ptolemy.vergil.basic.export.test.junit.ExportModelJUnitTestBatch3" name="[12] ptolemy/actor/lib/jjs/modules/iotAuth/demo/SecureCommServerClientWithAuthManager/SecureCommServerClientWithAuthManager.xml (RunExportModel)" time="22.53" />
  <testcase classname="ptolemy.vergil.basic.export.test.junit.ExportModelJUnitTestBatch3" name="[13] ptolemy/actor/lib/jjs/modules/iotAuth/demo/SecurePubSub/SecurePubSub.xml (RunExportModel)" time="25.395" />
  <testcase classname="ptolemy.vergil.basic.export.test.junit.ExportModelJUnitTestBatch3" name="[14] ptolemy/actor/lib/jjs/modules/localStorage/demo/LocalStorage/LocalStorage.xml (RunExportModel)" time="13.179" />
  <testcase classname="ptolemy.vergil.basic.export.test.junit.ExportModelJUnitTestBatch3" name="[15] ptolemy/actor/lib/jjs/modules/mqtt/demo/MQTTPubSub/MQTTPubSub.xml (RunExportModel)" time="24.192" />
  <testcase classname="ptolemy.vergil.basic.export.test.junit.ExportModelJUnitTestBatch3" name="[16] ptolemy/actor/lib/jjs/modules/socket/demo/SecureSocket/SecureSocket.xml (RunExportModel)" time="24.432" />
  <testcase classname="ptolemy.vergil.basic.export.test.junit.ExportModelJUnitTestBatch3" name="[17] ptolemy/actor/lib/jjs/modules/socket/demo/SocketDoubleArrayBatched/SocketDoubleArrayBatched.xml (RunExportModel)" time="16.108" />
  <testcase classname="ptolemy.vergil.basic.export.test.junit.ExportModelJUnitTestBatch3" name="[18] ptolemy/actor/lib/jjs/modules/socket/demo/SocketImage/SocketImage.xml (RunExportModel)" time="36.831" />
  <testcase classname="ptolemy.vergil.basic.export.test.junit.ExportModelJUnitTestBatch3" name="[19] ptolemy/actor/lib/jjs/modules/socket/demo/SocketString/SocketString.xml (RunExportModel)" time="18.715" />
  <testcase classname="ptolemy.vergil.basic.export.test.junit.ExportModelJUnitTestBatch3" name="[20] ptolemy/actor/lib/jjs/modules/socket/demo/SocketUnsignedShort/SocketUnsignedShort.xml (RunExportModel)" time="16.238" />
  <testcase classname="ptolemy.vergil.basic.export.test.junit.ExportModelJUnitTestBatch3" name="[21] ptolemy/actor/lib/jjs/modules/socket/demo/TCPSocket/TCPSocket.xml (RunExportModel)" time="8.183" />
  <testcase classname="ptolemy.vergil.basic.export.test.junit.ExportModelJUnitTestBatch3" name="[22] ptolemy/actor/lib/jjs/modules/socket/demo/TCPSocket/TCPSocketDoubleArrayBatched.xml (RunExportModel)" time="16.362" />
  <testcase classname="ptolemy.vergil.basic.export.test.junit.ExportModelJUnitTestBatch3" name="[23] ptolemy/actor/lib/jjs/modules/socket/demo/TCPSocket/TCPSocketImage.xml (RunExportModel)" time="37.997" />
  <testcase classname="ptolemy.vergil.basic.export.test.junit.ExportModelJUnitTestBatch3" name="[24] ptolemy/actor/lib/jjs/modules/socket/demo/TCPSocket/TCPSocketSecureServerClient.xml (RunExportModel)" time="25.839" />
  <testcase classname="ptolemy.vergil.basic.export.test.junit.ExportModelJUnitTestBatch3" name="[25] ptolemy/actor/lib/jjs/modules/socket/demo/TCPSocket/TCPSocketTwoClients.xml (RunExportModel)" time="37.699" />
  <testcase classname="ptolemy.vergil.basic.export.test.junit.ExportModelJUnitTestBatch3" name="[26] ptolemy/actor/lib/jjs/modules/socket/demo/TCPSocket/TCPSocketUnsignedShort.xml (RunExportModel)" time="17.171" />
  <testcase classname="ptolemy.vergil.basic.export.test.junit.ExportModelJUnitTestBatch3" name="[27] ptolemy/actor/lib/jjs/modules/speechRecognition/demo/SpeechRecognition/SpeechRecognition.xml (RunExportModel)" time="11.834" />
  <testcase classname="ptolemy.vergil.basic.export.test.junit.ExportModelJUnitTestBatch3" name="[28] ptolemy/actor/lib/jjs/modules/speechRecognition/demo/WatchCommandUpdater/WatchCommandUpdater.xml (RunExportModel)" time="18.768" />
  <testcase classname="ptolemy.vergil.basic.export.test.junit.ExportModelJUnitTestBatch3" name="[29] ptolemy/actor/lib/jjs/modules/testing/demo/Testing/Testing.xml (RunExportModel)" time="33.72" />
  <testcase classname="ptolemy.vergil.basic.export.test.junit.ExportModelJUnitTestBatch3" name="[30] ptolemy/actor/lib/jjs/modules/udpSocket/demo/UDPSocket/UDPSocket.xml (RunExportModel)" time="40.525" />
  <testcase classname="ptolemy.vergil.basic.export.test.junit.ExportModelJUnitTestBatch3" name="[31] ptolemy/actor/lib/jjs/modules/udpSocket/demo/WatchEmulator/WatchEmulator.xml (RunExportModel)" time="15.478" />
  <testcase classname="ptolemy.vergil.basic.export.test.junit.ExportModelJUnitTestBatch3" name="[32] ptolemy/actor/lib/jjs/modules/userInterface/demo/Dots/Dots.xml (RunExportModel)" time="80.313" />
  <testcase classname="ptolemy.vergil.basic.export.test.junit.ExportModelJUnitTestBatch3" name="[33] ptolemy/actor/lib/jjs/modules/userInterface/demo/HelloUserInterface/HelloUserInterface.xml (RunExportModel)" time="24.777" />
  <testcase classname="ptolemy.vergil.basic.export.test.junit.ExportModelJUnitTestBatch3" name="[34] ptolemy/actor/lib/jjs/modules/userInterface/demo/UserInterface/UserInterface.xml (RunExportModel)" time="8.217" />
  <testcase classname="ptolemy.vergil.basic.export.test.junit.ExportModelJUnitTestBatch3" name="[35] ptolemy/actor/lib/jjs/modules/userInterface/demo/UserInterface/UserInterfaceBrowser.xml (RunExportModel)" time="43.134" />
  <testcase classname="ptolemy.vergil.basic.export.test.junit.ExportModelJUnitTestBatch3" name="[36] ptolemy/actor/lib/jjs/modules/userInterface/demo/UserInterface/UserInterfaceFixedPage.xml (RunExportModel)" time="17.193" />
  <testcase classname="ptolemy.vergil.basic.export.test.junit.ExportModelJUnitTestBatch3" name="[37] ptolemy/actor/lib/jjs/modules/userInterface/demo/UserInterface/UserInterfaceInteractive.xml (RunExportModel)" time="41.65" />
  <testcase classname="ptolemy.vergil.basic.export.test.junit.ExportModelJUnitTestBatch3" name="[38] ptolemy/actor/lib/jjs/modules/userInterface/demo/UserInterface/UserInterfaceRamp.xml (RunExportModel)" time="26.955" />
  <testcase classname="ptolemy.vergil.basic.export.test.junit.ExportModelJUnitTestBatch3" name="[39] ptolemy/actor/lib/jjs/modules/userInterface/demo/UserInterface/UserInterfaceUpdate.xml (RunExportModel)" time="30.03" />
  <testcase classname="ptolemy.vergil.basic.export.test.junit.ExportModelJUnitTestBatch3" name="[40] ptolemy/actor/lib/jjs/modules/userInterface/demo/UserInterface/UserInterfaceVideo.xml (RunExportModel)" time="41.912" />
  <testcase classname="ptolemy.vergil.basic.export.test.junit.ExportModelJUnitTestBatch3" name="[41] ptolemy/actor/lib/jjs/modules/webSocket/demo/SpeakingServerListeningClient/SpeakingServerListeningClient.xml (RunExportModel)" time="20.681" />
  <testcase classname="ptolemy.vergil.basic.export.test.junit.ExportModelJUnitTestBatch3" name="[42] ptolemy/actor/lib/jjs/modules/webSocket/demo/TwoWebSockets/TwoWebSockets.xml (RunExportModel)" time="17.041" />
  <testcase classname="ptolemy.vergil.basic.export.test.junit.ExportModelJUnitTestBatch3" name="[43] ptolemy/actor/lib/jjs/modules/webSocket/demo/WebSocketChat/Client.xml (RunExportModel)" time="9.485" />
  <testcase classname="ptolemy.vergil.basic.export.test.junit.ExportModelJUnitTestBatch3" name="[44] ptolemy/actor/lib/jjs/modules/webSocket/demo/WebSocketChat/SecureClient.xml (RunExportModel)" time="9.269" />
  <testcase classname="ptolemy.vergil.basic.export.test.junit.ExportModelJUnitTestBatch3" name="[45] ptolemy/actor/lib/jjs/modules/webSocket/demo/WebSocketChat/SecureServer.xml (RunExportModel)" time="40.106" />
  <testcase classname="ptolemy.vergil.basic.export.test.junit.ExportModelJUnitTestBatch3" name="[46] ptolemy/actor/lib/jjs/modules/webSocket/demo/WebSocketChat/Server.xml (RunExportModel)" time="41.599" />
  <testcase classname="ptolemy.vergil.basic.export.test.junit.ExportModelJUnitTestBatch3" name="[47] ptolemy/actor/lib/jjs/modules/webSocket/demo/WebSocketChat/WebSocketChat.xml (RunExportModel)" time="8.132" />
  <testcase classname="ptolemy.vergil.basic.export.test.junit.ExportModelJUnitTestBatch3" name="[48] ptolemy/actor/lib/jjs/modules/webSocket/demo/WebSocketClient/WebSocketClient.xml (RunExportModel)" time="9.168" />
  <testcase classname="ptolemy.vergil.basic.export.test.junit.ExportModelJUnitTestBatch3" name="[49] ptolemy/actor/lib/jjs/modules/webSocket/demo/WebSocketClient/WebSocketServer.xml (RunExportModel)" time="41.276" />
  <testcase classname="ptolemy.vergil.basic.export.test.junit.ExportModelJUnitTestBatch3" name="[50] ptolemy/actor/lib/jjs/modules/webSocket/demo/WebSocketFullDuplex/WebSocketFullDuplex.xml (RunExportModel)" time="43.313" />
  <testcase classname="ptolemy.vergil.basic.export.test.junit.ExportModelJUnitTestBatch3" name="[51] ptolemy/actor/lib/jjs/modules/webSocket/demo/WebSocketGraph/WebSocketGraph.xml (RunExportModel)" time="45.915" />
  <testcase classname="ptolemy.vergil.basic.export.test.junit.ExportModelJUnitTestBatch3" name="[52] ptolemy/actor/lib/jjs/modules/webSocket/demo/WebSocketImage/WebSocketImage.xml (RunExportModel)" time="44.108" />
  <testcase classname="ptolemy.vergil.basic.export.test.junit.ExportModelJUnitTestBatch3" name="[53] ptolemy/actor/lib/jjs/modules/webSocket/demo/WebSocketLog/WebSocketLog.xml (RunExportModel)" time="29.44" />
  <testcase classname="ptolemy.vergil.basic.export.test.junit.ExportModelJUnitTestBatch3" name="[54] ptolemy/actor/lib/jjs/modules/webSocket/demo/WebSocketsServerClient/WebSocketsServerClient.xml (RunExportModel)" time="25.674" />
  <testcase classname="ptolemy.vergil.basic.export.test.junit.ExportModelJUnitTestBatch3" name="[55] ptolemy/actor/lib/jjs/modules/xbee/demo/XBeeHelloWorld/XBeeDataTypes.xml (RunExportModel)" time="11.218" />
  <testcase classname="ptolemy.vergil.basic.export.test.junit.ExportModelJUnitTestBatch3" name="[56] ptolemy/actor/lib/jjs/modules/xbee/demo/XBeeHelloWorld/XBeeHelloWorld.xml (RunExportModel)" time="10.501" />
  <testcase classname="ptolemy.vergil.basic.export.test.junit.ExportModelJUnitTestBatch3" name="[57] ptolemy/actor/lib/jmf/demo/JMFJAI/JMFJAI.xml (RunExportModel)" time="3.197" />
  <testcase classname="ptolemy.vergil.basic.export.test.junit.ExportModelJUnitTestBatch3" name="[58] ptolemy/actor/lib/jmf/demo/VideoCapture/VideoCapture.xml (RunExportModel)" time="3.149" />
  <testcase classname="ptolemy.vergil.basic.export.test.junit.ExportModelJUnitTestBatch3" name="[59] ptolemy/actor/lib/mail/demo/ExceptionEmailer/ExceptionEmailer.xml (RunExportModel)" time="4.228" />
  <system-out><![CDATA[ExportModeJUnitTestBatch: There are 756 demos. Exporting demos: 211 to 270.
####### 1 Sun Dec 16 03:18:49 UTC 2018 $PTII/bin/ptinvoke ptolemy.vergil.basic.export.ExportModel -force htm -run -openComposites -timeOut 30000 -whiteBackground ptolemy/actor/lib/jjs/modules/imageFilters/demo/ImageFilters/Crystallize.xml $PTII/ptolemy/actor/lib/jjs/modules/imageFilters/demo/ImageFilters/Crystallize
----------------- Sun Dec 16 03:18:49 UTC 2018 About to sleep for 5.0 seconds before running or rerunning.  Test is: /home/travis/build/icyphy/ptII/ptolemy/actor/lib/jjs/modules/imageFilters/demo/ImageFilters/Crystallize.xml
Done sleeping
JSAccessor: PT_NO_NET environment variable is set, so git pull and ptdoc are not being run.
No physical cameras found, using WebcamDummyDriver.
Running .Crystallize
ExportHTMLTimer went off after 30000 ms., calling getDirector().finish and getDirector().stopFire()
30111 ms. Memory: 845312K Free: 253338K (30%)
Exported /home/travis/build/icyphy/ptII/ptolemy/actor/lib/jjs/modules/imageFilters/demo/ImageFilters/Crystallize/index.html
45427 ms. Memory: 845312K Free: 215804K (26%)
####### 2 Sun Dec 16 03:19:39 UTC 2018 $PTII/bin/ptinvoke ptolemy.vergil.basic.export.ExportModel -force htm -run -openComposites -timeOut 30000 -whiteBackground ptolemy/actor/lib/jjs/modules/imageFilters/demo/ImageFilters/Gray.xml $PTII/ptolemy/actor/lib/jjs/modules/imageFilters/demo/ImageFilters/Gray
----------------- Sun Dec 16 03:19:39 UTC 2018 About to sleep for 5.0 seconds before running or rerunning.  Test is: /home/travis/build/icyphy/ptII/ptolemy/actor/lib/jjs/modules/imageFilters/demo/ImageFilters/Gray.xml
Done sleeping
Running .Gray
ExportHTMLTimer went off after 30000 ms., calling getDirector().finish and getDirector().stopFire()
30046 ms. Memory: 1218048K Free: 501344K (41%)
Exported /home/travis/build/icyphy/ptII/ptolemy/actor/lib/jjs/modules/imageFilters/demo/ImageFilters/Gray/index.html
36106 ms. Memory: 1218048K Free: 473448K (39%)
####### 3 Sun Dec 16 03:20:20 UTC 2018 $PTII/bin/ptinvoke ptolemy.vergil.basic.export.ExportModel -force htm  -openComposites -timeOut 30000 -whiteBackground ptolemy/actor/lib/jjs/modules/imageFilters/demo/ImageFilters/ImageFilters.xml $PTII/ptolemy/actor/lib/jjs/modules/imageFilters/demo/ImageFilters/ImageFilters
Warning: not running ptolemy/actor/lib/jjs/modules/imageFilters/demo/ImageFilters/ImageFilters.xml. See ptolemy/vergil/basic/export/test/junit/ExportModelJUnitTest.java
----------------- Sun Dec 16 03:20:20 UTC 2018 About to sleep for 5.0 seconds before running or rerunning.  Test is: /home/travis/build/icyphy/ptII/ptolemy/actor/lib/jjs/modules/imageFilters/demo/ImageFilters/ImageFilters.xml
Done sleeping
Exported /home/travis/build/icyphy/ptII/ptolemy/actor/lib/jjs/modules/imageFilters/demo/ImageFilters/ImageFilters/index.html
3285 ms. Memory: 1241600K Free: 840157K (68%)
####### 4 Sun Dec 16 03:20:29 UTC 2018 $PTII/bin/ptinvoke ptolemy.vergil.basic.export.ExportModel -force htm -run -openComposites -timeOut 30000 -whiteBackground ptolemy/actor/lib/jjs/modules/imageFilters/demo/ImageFilters/Invert.xml $PTII/ptolemy/actor/lib/jjs/modules/imageFilters/demo/ImageFilters/Invert
----------------- Sun Dec 16 03:20:29 UTC 2018 About to sleep for 5.0 seconds before running or rerunning.  Test is: /home/travis/build/icyphy/ptII/ptolemy/actor/lib/jjs/modules/imageFilters/demo/ImageFilters/Invert.xml
Done sleeping
Running .Invert
ExportHTMLTimer went off after 30000 ms., calling getDirector().finish and getDirector().stopFire()
30043 ms. Memory: 1707008K Free: 1185035K (69%)
Exported /home/travis/build/icyphy/ptII/ptolemy/actor/lib/jjs/modules/imageFilters/demo/ImageFilters/Invert/index.html
35337 ms. Memory: 1707008K Free: 1157381K (68%)
####### 5 Sun Dec 16 03:21:09 UTC 2018 $PTII/bin/ptinvoke ptolemy.vergil.basic.export.ExportModel -force htm -run -openComposites -timeOut 30000 -whiteBackground ptolemy/actor/lib/jjs/modules/imageFilters/demo/ImageFilters/LensBlur.xml $PTII/ptolemy/actor/lib/jjs/modules/imageFilters/demo/ImageFilters/LensBlur
----------------- Sun Dec 16 03:21:09 UTC 2018 About to sleep for 5.0 seconds before running or rerunning.  Test is: /home/travis/build/icyphy/ptII/ptolemy/actor/lib/jjs/modules/imageFilters/demo/ImageFilters/LensBlur.xml
Done sleeping
Running .LensBlur
ExportHTMLTimer went off after 30000 ms., calling getDirector().finish and getDirector().stopFire()
30045 ms. Memory: 1825280K Free: 417383K (23%)
Exported /home/travis/build/icyphy/ptII/ptolemy/actor/lib/jjs/modules/imageFilters/demo/ImageFilters/LensBlur/index.html
35933 ms. Memory: 1838592K Free: 1346695K (73%)
####### 6 Sun Dec 16 03:21:50 UTC 2018 $PTII/bin/ptinvoke ptolemy.vergil.basic.export.ExportModel -force htm -run -openComposites -timeOut 30000 -whiteBackground ptolemy/actor/lib/jjs/modules/imageFilters/demo/ImageFilters/Random.xml $PTII/ptolemy/actor/lib/jjs/modules/imageFilters/demo/ImageFilters/Random
----------------- Sun Dec 16 03:21:50 UTC 2018 About to sleep for 5.0 seconds before running or rerunning.  Test is: /home/travis/build/icyphy/ptII/ptolemy/actor/lib/jjs/modules/imageFilters/demo/ImageFilters/Random.xml
Done sleeping
Running .Random
ExportHTMLTimer went off after 30000 ms., calling getDirector().finish and getDirector().stopFire()
30128 ms. Memory: 1906688K Free: 342807K (18%)
Exported /home/travis/build/icyphy/ptII/ptolemy/actor/lib/jjs/modules/imageFilters/demo/ImageFilters/Random/index.html
36525 ms. Memory: 1906688K Free: 318584K (17%)
####### 7 Sun Dec 16 03:22:32 UTC 2018 $PTII/bin/ptinvoke ptolemy.vergil.basic.export.ExportModel -force htm -run -openComposites -timeOut 30000 -whiteBackground ptolemy/actor/lib/jjs/modules/imageFilters/demo/ImageFilters/Solarize.xml $PTII/ptolemy/actor/lib/jjs/modules/imageFilters/demo/ImageFilters/Solarize
----------------- Sun Dec 16 03:22:32 UTC 2018 About to sleep for 5.0 seconds before running or rerunning.  Test is: /home/travis/build/icyphy/ptII/ptolemy/actor/lib/jjs/modules/imageFilters/demo/ImageFilters/Solarize.xml
Done sleeping
Running .Solarize
ExportHTMLTimer went off after 30000 ms., calling getDirector().finish and getDirector().stopFire()
30070 ms. Memory: 1778688K Free: 749515K (42%)
Exported /home/travis/build/icyphy/ptII/ptolemy/actor/lib/jjs/modules/imageFilters/demo/ImageFilters/Solarize/index.html
36204 ms. Memory: 1778688K Free: 722279K (41%)
####### 8 Sun Dec 16 03:23:13 UTC 2018 $PTII/bin/ptinvoke ptolemy.vergil.basic.export.ExportModel -force htm -run -openComposites -timeOut 30000 -whiteBackground ptolemy/actor/lib/jjs/modules/imageFilters/demo/ImageFilters/Threshold.xml $PTII/ptolemy/actor/lib/jjs/modules/imageFilters/demo/ImageFilters/Threshold
----------------- Sun Dec 16 03:23:13 UTC 2018 About to sleep for 5.0 seconds before running or rerunning.  Test is: /home/travis/build/icyphy/ptII/ptolemy/actor/lib/jjs/modules/imageFilters/demo/ImageFilters/Threshold.xml
Done sleeping
Running .Threshold
ExportHTMLTimer went off after 30000 ms., calling getDirector().finish and getDirector().stopFire()
30053 ms. Memory: 1733632K Free: 1167241K (67%)
Exported /home/travis/build/icyphy/ptII/ptolemy/actor/lib/jjs/modules/imageFilters/demo/ImageFilters/Threshold/index.html
35880 ms. Memory: 1733632K Free: 1140214K (66%)
####### 9 Sun Dec 16 03:23:54 UTC 2018 $PTII/bin/ptinvoke ptolemy.vergil.basic.export.ExportModel -force htm -run -openComposites -timeOut 30000 -whiteBackground ptolemy/actor/lib/jjs/modules/iotAuth/demo/SecureCommClient/SecureCommClient.xml $PTII/ptolemy/actor/lib/jjs/modules/iotAuth/demo/SecureCommClient/SecureCommClient
----------------- Sun Dec 16 03:23:54 UTC 2018 About to sleep for 5.0 seconds before running or rerunning.  Test is: /home/travis/build/icyphy/ptII/ptolemy/actor/lib/jjs/modules/iotAuth/demo/SecureCommClient/SecureCommClient.xml
Done sleeping
Running .SecureCommClient
7139 ms. Memory: 1733632K Free: 545082K (31%)
Exported /home/travis/build/icyphy/ptII/ptolemy/actor/lib/jjs/modules/iotAuth/demo/SecureCommClient/SecureCommClient/index.html
13132 ms. Memory: 1733632K Free: 504841K (29%)
####### 10 Sun Dec 16 03:24:12 UTC 2018 $PTII/bin/ptinvoke ptolemy.vergil.basic.export.ExportModel -force htm -run -openComposites -timeOut 30000 -whiteBackground ptolemy/actor/lib/jjs/modules/iotAuth/demo/SecureCommServer/SecureCommServer.xml $PTII/ptolemy/actor/lib/jjs/modules/iotAuth/demo/SecureCommServer/SecureCommServer
----------------- Sun Dec 16 03:24:12 UTC 2018 About to sleep for 5.0 seconds before running or rerunning.  Test is: /home/travis/build/icyphy/ptII/ptolemy/actor/lib/jjs/modules/iotAuth/demo/SecureCommServer/SecureCommServer.xml
Done sleeping
Running .SecureCommServer
11872 ms. Memory: 1769984K Free: 1013183K (57%)
Exported /home/travis/build/icyphy/ptII/ptolemy/actor/lib/jjs/modules/iotAuth/demo/SecureCommServer/SecureCommServer/index.html
17271 ms. Memory: 1769984K Free: 980403K (55%)
####### 11 Sun Dec 16 03:24:34 UTC 2018 $PTII/bin/ptinvoke ptolemy.vergil.basic.export.ExportModel -force htm -run -openComposites -timeOut 30000 -whiteBackground ptolemy/actor/lib/jjs/modules/iotAuth/demo/SecureCommServerClient/SecureCommServerClient.xml $PTII/ptolemy/actor/lib/jjs/modules/iotAuth/demo/SecureCommServerClient/SecureCommServerClient
----------------- Sun Dec 16 03:24:34 UTC 2018 About to sleep for 5.0 seconds before running or rerunning.  Test is: /home/travis/build/icyphy/ptII/ptolemy/actor/lib/jjs/modules/iotAuth/demo/SecureCommServerClient/SecureCommServerClient.xml
Done sleeping
Running .SecureCommServerClient
9226 ms. Memory: 1404928K Free: 317865K (23%)
Exported /home/travis/build/icyphy/ptII/ptolemy/actor/lib/jjs/modules/iotAuth/demo/SecureCommServerClient/SecureCommServerClient/index.html
15755 ms. Memory: 1778176K Free: 1366679K (77%)
####### 12 Sun Dec 16 03:24:55 UTC 2018 $PTII/bin/ptinvoke ptolemy.vergil.basic.export.ExportModel -force htm  -openComposites -timeOut 30000 -whiteBackground ptolemy/actor/lib/jjs/modules/iotAuth/demo/SecureCommServerClient/SecureCommServerClientJS.xml $PTII/ptolemy/actor/lib/jjs/modules/iotAuth/demo/SecureCommServerClient/SecureCommServerClientJS
Warning: not running ptolemy/actor/lib/jjs/modules/iotAuth/demo/SecureCommServerClient/SecureCommServerClientJS.xml. See ptolemy/vergil/basic/export/test/junit/ExportModelJUnitTest.java
----------------- Sun Dec 16 03:24:55 UTC 2018 About to sleep for 5.0 seconds before running or rerunning.  Test is: /home/travis/build/icyphy/ptII/ptolemy/actor/lib/jjs/modules/iotAuth/demo/SecureCommServerClient/SecureCommServerClientJS.xml
Done sleeping
Opened file:/home/travis/build/icyphy/ptII/ptolemy/actor/lib/jjs/modules/iotAuth/demo/SecureCommServerClient/SecureCommServerClientJS.xml in 14429 ms.
Size Statistics for .SecureCommServerClientJS
AtomicEntities: 17
CompositeEntities: 0
OpaqueCompositeEntities: 0
Relations: 18
Attributes: 213
Atomic Actor Names and Counts:
org.terraswarm.accessor.JSAccessor 12
ptolemy.actor.lib.jjs.JavaScript 5

Composite Entity Depths and Counts:

Exported /home/travis/build/icyphy/ptII/ptolemy/actor/lib/jjs/modules/iotAuth/demo/SecureCommServerClient/SecureCommServerClientJS/index.html
17765 ms. Memory: 1767424K Free: 1218640K (69%)
####### 13 Sun Dec 16 03:25:18 UTC 2018 $PTII/bin/ptinvoke ptolemy.vergil.basic.export.ExportModel -force htm -run -openComposites -timeOut 30000 -whiteBackground ptolemy/actor/lib/jjs/modules/iotAuth/demo/SecureCommServerClientWithAuthManager/SecureCommServerClientWithAuthManager.xml $PTII/ptolemy/actor/lib/jjs/modules/iotAuth/demo/SecureCommServerClientWithAuthManager/SecureCommServerClientWithAuthManager
----------------- Sun Dec 16 03:25:18 UTC 2018 About to sleep for 5.0 seconds before running or rerunning.  Test is: /home/travis/build/icyphy/ptII/ptolemy/actor/lib/jjs/modules/iotAuth/demo/SecureCommServerClientWithAuthManager/SecureCommServerClientWithAuthManager.xml
Done sleeping
Running .SecureCommServerClientWithAuthManager
AuthManager._cloneOrPull(/home/travis/build/icyphy/ptII/vendors/iotauth, https://github.com/iotauth/iotauth.git, -1
In "/home/travis/build/icyphy/ptII/vendors/iotauth", about to execute:
    git clone https://github.com/iotauth/iotauth.git .
Cloning into '.'...
All Done
patternLog: 
AuthManager._generateCredentials(/home/travis/build/icyphy/ptII/vendors/iotauth, examples)
11349 ms. Memory: 1734656K Free: 932142K (54%)
Exported /home/travis/build/icyphy/ptII/ptolemy/actor/lib/jjs/modules/iotAuth/demo/SecureCommServerClientWithAuthManager/SecureCommServerClientWithAuthManager/index.html
17529 ms. Memory: 1734656K Free: 889855K (51%)
####### 14 Sun Dec 16 03:25:40 UTC 2018 $PTII/bin/ptinvoke ptolemy.vergil.basic.export.ExportModel -force htm -run -openComposites -timeOut 30000 -whiteBackground ptolemy/actor/lib/jjs/modules/iotAuth/demo/SecurePubSub/SecurePubSub.xml $PTII/ptolemy/actor/lib/jjs/modules/iotAuth/demo/SecurePubSub/SecurePubSub
----------------- Sun Dec 16 03:25:40 UTC 2018 About to sleep for 5.0 seconds before running or rerunning.  Test is: /home/travis/build/icyphy/ptII/ptolemy/actor/lib/jjs/modules/iotAuth/demo/SecurePubSub/SecurePubSub.xml
Done sleeping
Running .SecurePubSub
14043 ms. Memory: 1593856K Free: 447647K (28%)
Exported /home/travis/build/icyphy/ptII/ptolemy/actor/lib/jjs/modules/iotAuth/demo/SecurePubSub/SecurePubSub/index.html
20394 ms. Memory: 1593856K Free: 392587K (25%)
####### 15 Sun Dec 16 03:26:05 UTC 2018 $PTII/bin/ptinvoke ptolemy.vergil.basic.export.ExportModel -force htm -run -openComposites -timeOut 30000 -whiteBackground ptolemy/actor/lib/jjs/modules/localStorage/demo/LocalStorage/LocalStorage.xml $PTII/ptolemy/actor/lib/jjs/modules/localStorage/demo/LocalStorage/LocalStorage
----------------- Sun Dec 16 03:26:05 UTC 2018 About to sleep for 5.0 seconds before running or rerunning.  Test is: /home/travis/build/icyphy/ptII/ptolemy/actor/lib/jjs/modules/localStorage/demo/LocalStorage/LocalStorage.xml
Done sleeping
Running .LocalStorage
1654 ms. Memory: 1890816K Free: 1282651K (68%)
Exported /home/travis/build/icyphy/ptII/ptolemy/actor/lib/jjs/modules/localStorage/demo/LocalStorage/LocalStorage/index.html
8179 ms. Memory: 1890816K Free: 1252266K (66%)
####### 16 Sun Dec 16 03:26:19 UTC 2018 $PTII/bin/ptinvoke ptolemy.vergil.basic.export.ExportModel -force htm -run -openComposites -timeOut 30000 -whiteBackground ptolemy/actor/lib/jjs/modules/mqtt/demo/MQTTPubSub/MQTTPubSub.xml $PTII/ptolemy/actor/lib/jjs/modules/mqtt/demo/MQTTPubSub/MQTTPubSub
----------------- Sun Dec 16 03:26:19 UTC 2018 About to sleep for 5.0 seconds before running or rerunning.  Test is: /home/travis/build/icyphy/ptII/ptolemy/actor/lib/jjs/modules/mqtt/demo/MQTTPubSub/MQTTPubSub.xml
Done sleeping
Running .MQTTPubSub
13274 ms. Memory: 1874432K Free: 1101877K (59%)
Exported /home/travis/build/icyphy/ptII/ptolemy/actor/lib/jjs/modules/mqtt/demo/MQTTPubSub/MQTTPubSub/index.html
19190 ms. Memory: 1874432K Free: 1055391K (56%)
####### 17 Sun Dec 16 03:26:43 UTC 2018 $PTII/bin/ptinvoke ptolemy.vergil.basic.export.ExportModel -force htm -run -openComposites -timeOut 30000 -whiteBackground ptolemy/actor/lib/jjs/modules/socket/demo/SecureSocket/SecureSocket.xml $PTII/ptolemy/actor/lib/jjs/modules/socket/demo/SecureSocket/SecureSocket
----------------- Sun Dec 16 03:26:43 UTC 2018 About to sleep for 5.0 seconds before running or rerunning.  Test is: /home/travis/build/icyphy/ptII/ptolemy/actor/lib/jjs/modules/socket/demo/SecureSocket/SecureSocket.xml
Done sleeping
Running .SecureSocket
13527 ms. Memory: 1884160K Free: 920330K (49%)
Exported /home/travis/build/icyphy/ptII/ptolemy/actor/lib/jjs/modules/socket/demo/SecureSocket/SecureSocket/index.html
19431 ms. Memory: 1884160K Free: 876640K (47%)
####### 18 Sun Dec 16 03:27:07 UTC 2018 $PTII/bin/ptinvoke ptolemy.vergil.basic.export.ExportModel -force htm -run -openComposites -timeOut 30000 -whiteBackground ptolemy/actor/lib/jjs/modules/socket/demo/SocketDoubleArrayBatched/SocketDoubleArrayBatched.xml $PTII/ptolemy/actor/lib/jjs/modules/socket/demo/SocketDoubleArrayBatched/SocketDoubleArrayBatched
----------------- Sun Dec 16 03:27:07 UTC 2018 About to sleep for 5.0 seconds before running or rerunning.  Test is: /home/travis/build/icyphy/ptII/ptolemy/actor/lib/jjs/modules/socket/demo/SocketDoubleArrayBatched/SocketDoubleArrayBatched.xml
Done sleeping
Running .SocketDoubleArrayBatched
Client: Sending data: 1.1,1.2 (Thread[AWT-EventQueue-0,6,main])
5221 ms. Memory: 1517056K Free: 421041K (28%)
Exported /home/travis/build/icyphy/ptII/ptolemy/actor/lib/jjs/modules/socket/demo/SocketDoubleArrayBatched/SocketDoubleArrayBatched/index.html
11108 ms. Memory: 1517056K Free: 385248K (25%)
####### 19 Sun Dec 16 03:27:23 UTC 2018 $PTII/bin/ptinvoke ptolemy.vergil.basic.export.ExportModel -force htm -run -openComposites -timeOut 30000 -whiteBackground ptolemy/actor/lib/jjs/modules/socket/demo/SocketImage/SocketImage.xml $PTII/ptolemy/actor/lib/jjs/modules/socket/demo/SocketImage/SocketImage
----------------- Sun Dec 16 03:27:23 UTC 2018 About to sleep for 5.0 seconds before running or rerunning.  Test is: /home/travis/build/icyphy/ptII/ptolemy/actor/lib/jjs/modules/socket/demo/SocketImage/SocketImage.xml
Done sleeping
Running .SocketImage
25031 ms. Memory: 1966080K Free: 1400698K (71%)
Exported /home/travis/build/icyphy/ptII/ptolemy/actor/lib/jjs/modules/socket/demo/SocketImage/SocketImage/index.html
31830 ms. Memory: 1966080K Free: 1364125K (69%)
####### 20 Sun Dec 16 03:28:00 UTC 2018 $PTII/bin/ptinvoke ptolemy.vergil.basic.export.ExportModel -force htm -run -openComposites -timeOut 30000 -whiteBackground ptolemy/actor/lib/jjs/modules/socket/demo/SocketString/SocketString.xml $PTII/ptolemy/actor/lib/jjs/modules/socket/demo/SocketString/SocketString
----------------- Sun Dec 16 03:28:00 UTC 2018 About to sleep for 5.0 seconds before running or rerunning.  Test is: /home/travis/build/icyphy/ptII/ptolemy/actor/lib/jjs/modules/socket/demo/SocketString/SocketString.xml
Done sleeping
Running .SocketString
7930 ms. Memory: 1961472K Free: 1340719K (68%)
Exported /home/travis/build/icyphy/ptII/ptolemy/actor/lib/jjs/modules/socket/demo/SocketString/SocketString/index.html
13715 ms. Memory: 1961472K Free: 1311120K (67%)
####### 21 Sun Dec 16 03:28:19 UTC 2018 $PTII/bin/ptinvoke ptolemy.vergil.basic.export.ExportModel -force htm -run -openComposites -timeOut 30000 -whiteBackground ptolemy/actor/lib/jjs/modules/socket/demo/SocketUnsignedShort/SocketUnsignedShort.xml $PTII/ptolemy/actor/lib/jjs/modules/socket/demo/SocketUnsignedShort/SocketUnsignedShort
----------------- Sun Dec 16 03:28:19 UTC 2018 About to sleep for 5.0 seconds before running or rerunning.  Test is: /home/travis/build/icyphy/ptII/ptolemy/actor/lib/jjs/modules/socket/demo/SocketUnsignedShort/SocketUnsignedShort.xml
Done sleeping
Running .SocketUnsignedShort
Client: Sending data: -1,0,1,65535,65536 (Thread[AWT-EventQueue-0,6,main])
5390 ms. Memory: 1970688K Free: 1269366K (64%)
Exported /home/travis/build/icyphy/ptII/ptolemy/actor/lib/jjs/modules/socket/demo/SocketUnsignedShort/SocketUnsignedShort/index.html
11238 ms. Memory: 1970688K Free: 1238051K (63%)
####### 22 Sun Dec 16 03:28:35 UTC 2018 $PTII/bin/ptinvoke ptolemy.vergil.basic.export.ExportModel -force htm  -openComposites -timeOut 30000 -whiteBackground ptolemy/actor/lib/jjs/modules/socket/demo/TCPSocket/TCPSocket.xml $PTII/ptolemy/actor/lib/jjs/modules/socket/demo/TCPSocket/TCPSocket
Warning: not running ptolemy/actor/lib/jjs/modules/socket/demo/TCPSocket/TCPSocket.xml. See ptolemy/vergil/basic/export/test/junit/ExportModelJUnitTest.java
----------------- Sun Dec 16 03:28:35 UTC 2018 About to sleep for 5.0 seconds before running or rerunning.  Test is: /home/travis/build/icyphy/ptII/ptolemy/actor/lib/jjs/modules/socket/demo/TCPSocket/TCPSocket.xml
Done sleeping
Exported /home/travis/build/icyphy/ptII/ptolemy/actor/lib/jjs/modules/socket/demo/TCPSocket/TCPSocket/index.html
3183 ms. Memory: 1970688K Free: 1112019K (56%)
####### 23 Sun Dec 16 03:28:43 UTC 2018 $PTII/bin/ptinvoke ptolemy.vergil.basic.export.ExportModel -force htm -run -openComposites -timeOut 30000 -whiteBackground ptolemy/actor/lib/jjs/modules/socket/demo/TCPSocket/TCPSocketDoubleArrayBatched.xml $PTII/ptolemy/actor/lib/jjs/modules/socket/demo/TCPSocket/TCPSocketDoubleArrayBatched
----------------- Sun Dec 16 03:28:43 UTC 2018 About to sleep for 5.0 seconds before running or rerunning.  Test is: /home/travis/build/icyphy/ptII/ptolemy/actor/lib/jjs/modules/socket/demo/TCPSocket/TCPSocketDoubleArrayBatched.xml
Done sleeping
Running .TCPSocketDoubleArrayBatched
5251 ms. Memory: 1969152K Free: 1043446K (53%)
Exported /home/travis/build/icyphy/ptII/ptolemy/actor/lib/jjs/modules/socket/demo/TCPSocket/TCPSocketDoubleArrayBatched/index.html
11362 ms. Memory: 1969152K Free: 1002579K (51%)
####### 24 Sun Dec 16 03:29:00 UTC 2018 $PTII/bin/ptinvoke ptolemy.vergil.basic.export.ExportModel -force htm -run -openComposites -timeOut 30000 -whiteBackground ptolemy/actor/lib/jjs/modules/socket/demo/TCPSocket/TCPSocketImage.xml $PTII/ptolemy/actor/lib/jjs/modules/socket/demo/TCPSocket/TCPSocketImage
----------------- Sun Dec 16 03:29:00 UTC 2018 About to sleep for 5.0 seconds before running or rerunning.  Test is: /home/travis/build/icyphy/ptII/ptolemy/actor/lib/jjs/modules/socket/demo/TCPSocket/TCPSocketImage.xml
Done sleeping
Running .TCPSocketImage
25339 ms. Memory: 2406912K Free: 1253736K (52%)
Exported /home/travis/build/icyphy/ptII/ptolemy/actor/lib/jjs/modules/socket/demo/TCPSocket/TCPSocketImage/index.html
32996 ms. Memory: 2406912K Free: 1229223K (51%)
####### 25 Sun Dec 16 03:29:38 UTC 2018 $PTII/bin/ptinvoke ptolemy.vergil.basic.export.ExportModel -force htm -run -openComposites -timeOut 30000 -whiteBackground ptolemy/actor/lib/jjs/modules/socket/demo/TCPSocket/TCPSocketSecureServerClient.xml $PTII/ptolemy/actor/lib/jjs/modules/socket/demo/TCPSocket/TCPSocketSecureServerClient
----------------- Sun Dec 16 03:29:38 UTC 2018 About to sleep for 5.0 seconds before running or rerunning.  Test is: /home/travis/build/icyphy/ptII/ptolemy/actor/lib/jjs/modules/socket/demo/TCPSocket/TCPSocketSecureServerClient.xml
Done sleeping
Running .TCPSocketSecureServerClient
12813 ms. Memory: 2418688K Free: 1377677K (57%)
Exported /home/travis/build/icyphy/ptII/ptolemy/actor/lib/jjs/modules/socket/demo/TCPSocket/TCPSocketSecureServerClient/index.html
20838 ms. Memory: 2418688K Free: 1343673K (56%)
####### 26 Sun Dec 16 03:30:04 UTC 2018 $PTII/bin/ptinvoke ptolemy.vergil.basic.export.ExportModel -force htm -run -openComposites -timeOut 30000 -whiteBackground ptolemy/actor/lib/jjs/modules/socket/demo/TCPSocket/TCPSocketTwoClients.xml $PTII/ptolemy/actor/lib/jjs/modules/socket/demo/TCPSocket/TCPSocketTwoClients
----------------- Sun Dec 16 03:30:04 UTC 2018 About to sleep for 5.0 seconds before running or rerunning.  Test is: /home/travis/build/icyphy/ptII/ptolemy/actor/lib/jjs/modules/socket/demo/TCPSocket/TCPSocketTwoClients.xml
Done sleeping
Running .TCPSocketTwoClients
25561 ms. Memory: 2465792K Free: 1071368K (43%)
Exported /home/travis/build/icyphy/ptII/ptolemy/actor/lib/jjs/modules/socket/demo/TCPSocket/TCPSocketTwoClients/index.html
32699 ms. Memory: 2465792K Free: 1032660K (42%)
####### 27 Sun Dec 16 03:30:41 UTC 2018 $PTII/bin/ptinvoke ptolemy.vergil.basic.export.ExportModel -force htm -run -openComposites -timeOut 30000 -whiteBackground ptolemy/actor/lib/jjs/modules/socket/demo/TCPSocket/TCPSocketUnsignedShort.xml $PTII/ptolemy/actor/lib/jjs/modules/socket/demo/TCPSocket/TCPSocketUnsignedShort
----------------- Sun Dec 16 03:30:41 UTC 2018 About to sleep for 5.0 seconds before running or rerunning.  Test is: /home/travis/build/icyphy/ptII/ptolemy/actor/lib/jjs/modules/socket/demo/TCPSocket/TCPSocketUnsignedShort.xml
Done sleeping
Running .TCPSocketUnsignedShort
5829 ms. Memory: 2458112K Free: 1144898K (47%)
Exported /home/travis/build/icyphy/ptII/ptolemy/actor/lib/jjs/modules/socket/demo/TCPSocket/TCPSocketUnsignedShort/index.html
12171 ms. Memory: 2458112K Free: 1101289K (45%)
####### 28 Sun Dec 16 03:30:58 UTC 2018 $PTII/bin/ptinvoke ptolemy.vergil.basic.export.ExportModel -force htm  -openComposites -timeOut 30000 -whiteBackground ptolemy/actor/lib/jjs/modules/speechRecognition/demo/SpeechRecognition/SpeechRecognition.xml $PTII/ptolemy/actor/lib/jjs/modules/speechRecognition/demo/SpeechRecognition/SpeechRecognition
Warning: not running ptolemy/actor/lib/jjs/modules/speechRecognition/demo/SpeechRecognition/SpeechRecognition.xml. See ptolemy/vergil/basic/export/test/junit/ExportModelJUnitTest.java
----------------- Sun Dec 16 03:30:58 UTC 2018 About to sleep for 5.0 seconds before running or rerunning.  Test is: /home/travis/build/icyphy/ptII/ptolemy/actor/lib/jjs/modules/speechRecognition/demo/SpeechRecognition/SpeechRecognition.xml
Done sleeping
Exported /home/travis/build/icyphy/ptII/ptolemy/actor/lib/jjs/modules/speechRecognition/demo/SpeechRecognition/SpeechRecognition/index.html
6834 ms. Memory: 2458112K Free: 414916K (17%)
####### 29 Sun Dec 16 03:31:10 UTC 2018 $PTII/bin/ptinvoke ptolemy.vergil.basic.export.ExportModel -force htm  -openComposites -timeOut 30000 -whiteBackground ptolemy/actor/lib/jjs/modules/speechRecognition/demo/WatchCommandUpdater/WatchCommandUpdater.xml $PTII/ptolemy/actor/lib/jjs/modules/speechRecognition/demo/WatchCommandUpdater/WatchCommandUpdater
Warning: not running ptolemy/actor/lib/jjs/modules/speechRecognition/demo/WatchCommandUpdater/WatchCommandUpdater.xml. See ptolemy/vergil/basic/export/test/junit/ExportModelJUnitTest.java
----------------- Sun Dec 16 03:31:10 UTC 2018 About to sleep for 5.0 seconds before running or rerunning.  Test is: /home/travis/build/icyphy/ptII/ptolemy/actor/lib/jjs/modules/speechRecognition/demo/WatchCommandUpdater/WatchCommandUpdater.xml
Done sleeping
Exported /home/travis/build/icyphy/ptII/ptolemy/actor/lib/jjs/modules/speechRecognition/demo/WatchCommandUpdater/WatchCommandUpdater/index.html
13768 ms. Memory: 2292224K Free: 1526612K (67%)
####### 30 Sun Dec 16 03:31:29 UTC 2018 $PTII/bin/ptinvoke ptolemy.vergil.basic.export.ExportModel -force htm -run -openComposites -timeOut 30000 -whiteBackground ptolemy/actor/lib/jjs/modules/testing/demo/Testing/Testing.xml $PTII/ptolemy/actor/lib/jjs/modules/testing/demo/Testing/Testing
----------------- Sun Dec 16 03:31:29 UTC 2018 About to sleep for 5.0 seconds before running or rerunning.  Test is: /home/travis/build/icyphy/ptII/ptolemy/actor/lib/jjs/modules/testing/demo/Testing/Testing.xml
Done sleeping
Running .Testing
MochaTest: Start of Common host: Basic (Thread[AWT-EventQueue-0,6,main])
MochaTest: End of Common host: Basic (Thread[AWT-EventQueue-0,6,main])
MochaTest: Start of Common host: Composite accessors (Thread[AWT-EventQueue-0,6,main])
MochaTest: Start of Common host: Spontaneous accessors (Thread[AWT-EventQueue-0,6,main])
MochaTest: Start of Common host: Spontaneous accessors (Thread[AWT-EventQueue-0,6,main])
MochaTest: Before Spontaneous accessor produces correct outputs after 1 and 2 seconds. (Thread[AWT-EventQueue-0,6,main])
MochaTest: After Spontaneous accessor produces correct outputs after 1 and 2 seconds. (Thread[AWT-EventQueue-0,6,main])
MochaTest: End of Common host: Spontaneous accessors (Thread[AWT-EventQueue-0,6,main])
MochaTest: Start of Common host: Inheritance (Thread[AWT-EventQueue-0,6,main])
MochaTest: End of Common host: Inheritance (Thread[AWT-EventQueue-0,6,main])
MochaTest: Instance of TestAccessor: [Circular]
Tests: (Thread[AWT-EventQueue-0,6,main])
MochaTest: TestAccessor.fire() invoked. (Thread[AWT-EventQueue-0,6,main])
MochaTest: TestAdder: fire(): inputLeft: 10 inputRight: 40 (Thread[AWT-EventQueue-0,6,main])
MochaTest: TestAdder: fire(): inputLeft: 5 inputRight: 20 (Thread[AWT-EventQueue-0,6,main])
MochaTest: TestAdder: fire(): inputLeft: 5 inputRight: 20 (Thread[AWT-EventQueue-0,6,main])
MochaTest: TestAccessor.fire() invoked. (Thread[AWT-EventQueue-0,6,main])
MochaTest: <?xml version="1.0" encoding="UTF-8"?>
 <testsuites>
 <testsuite name="Root Suite" tests="0">
 <testsuite name="Common host: Basic" tests="7">
 <testcase name="this.getParameter() returns default value." > </testcase>
 <testcase name="this.getParameter() returns value set by this.setParameter()." > </testcase>
 <testcase name="this.get() returns default value." > </testcase>
 <testcase name="this.get() returns null if no input yet provided." > </testcase>
 <testcase name="this.get() returns null if no input yet provided but type being boolean." > </testcase>
 <testcase name="this.get() returns value provided by provideInput()." > </testcase>
 <testcase name="latestOutput contains value provided by inputHandlers and send()." > </testcase>
 </testsuite>
 <testsuite name="Common host: Composite accessors" tests="2">
 <testcase name="Composite accessor produces correct output when manually scheduled." > </testcase>
 <testcase name="Composite accessor produces correct output when automatically scheduled." > </testcase>
 </testsuite>
 <testsuite name="Common host: Spontaneous accessors" tests="2">
 <testcase name="Spontaneous accessor produces correct outputs after 1 and 2 seconds." > </testcase>
 <testcase name="Composite spontaneous accessor produces correct outputs after 1 and 2 seconds." > </testcase>
 </testsuite>
 <testsuite name="Common host: Inheritance" tests="4">
 <testcase name="Inheritance, function overriding, and variable visiility should work properly." > </testcase>
 <testcase name="Implementing an interface should work properly." > </testcase>
 <testcase name="Exported fields of base classes can be accessed and initialize() is properly scoped." > </testcase>
 <testcase name="Two-level inheritance should work properly." > </testcase>
 </testsuite>
 </testsuite>
 </testsuites>
 (Thread[AWT-EventQueue-0,6,main])
20739 ms. Memory: 2317824K Free: 1308300K (56%)
Exported /home/travis/build/icyphy/ptII/ptolemy/actor/lib/jjs/modules/testing/demo/Testing/Testing/index.html
28719 ms. Memory: 2317824K Free: 1284829K (55%)
####### 31 Sun Dec 16 03:32:03 UTC 2018 $PTII/bin/ptinvoke ptolemy.vergil.basic.export.ExportModel -force htm -run -openComposites -timeOut 30000 -whiteBackground ptolemy/actor/lib/jjs/modules/udpSocket/demo/UDPSocket/UDPSocket.xml $PTII/ptolemy/actor/lib/jjs/modules/udpSocket/demo/UDPSocket/UDPSocket
----------------- Sun Dec 16 03:32:03 UTC 2018 About to sleep for 5.0 seconds before running or rerunning.  Test is: /home/travis/build/icyphy/ptII/ptolemy/actor/lib/jjs/modules/udpSocket/demo/UDPSocket/UDPSocket.xml
Done sleeping
Running .UDPSocket
ExportHTMLTimer went off after 30000 ms., calling getDirector().finish and getDirector().stopFire()
30025 ms. Memory: 2317824K Free: 798501K (34%)
Exported /home/travis/build/icyphy/ptII/ptolemy/actor/lib/jjs/modules/udpSocket/demo/UDPSocket/UDPSocket/index.html
35525 ms. Memory: 2317824K Free: 766573K (33%)
####### 32 Sun Dec 16 03:32:43 UTC 2018 $PTII/bin/ptinvoke ptolemy.vergil.basic.export.ExportModel -force htm  -openComposites -timeOut 30000 -whiteBackground ptolemy/actor/lib/jjs/modules/udpSocket/demo/WatchEmulator/WatchEmulator.xml $PTII/ptolemy/actor/lib/jjs/modules/udpSocket/demo/WatchEmulator/WatchEmulator
Warning: not running ptolemy/actor/lib/jjs/modules/udpSocket/demo/WatchEmulator/WatchEmulator.xml. See ptolemy/vergil/basic/export/test/junit/ExportModelJUnitTest.java
----------------- Sun Dec 16 03:32:43 UTC 2018 About to sleep for 5.0 seconds before running or rerunning.  Test is: /home/travis/build/icyphy/ptII/ptolemy/actor/lib/jjs/modules/udpSocket/demo/WatchEmulator/WatchEmulator.xml
Done sleeping
Exported /home/travis/build/icyphy/ptII/ptolemy/actor/lib/jjs/modules/udpSocket/demo/WatchEmulator/WatchEmulator/index.html
10478 ms. Memory: 2308096K Free: 744370K (32%)
####### 33 Sun Dec 16 03:32:59 UTC 2018 $PTII/bin/ptinvoke ptolemy.vergil.basic.export.ExportModel -force htm -run -openComposites -timeOut 30000 -whiteBackground ptolemy/actor/lib/jjs/modules/userInterface/demo/Dots/Dots.xml $PTII/ptolemy/actor/lib/jjs/modules/userInterface/demo/Dots/Dots
----------------- Sun Dec 16 03:32:59 UTC 2018 About to sleep for 5.0 seconds before running or rerunning.  Test is: /home/travis/build/icyphy/ptII/ptolemy/actor/lib/jjs/modules/userInterface/demo/Dots/Dots.xml
Done sleeping
Running .Dots
BrowserLauncher: UnsupportedOperation: http://localhost:8089: java.lang.UnsupportedOperationException: The BROWSE action is not supported on the current platform!
ExportHTMLTimer went off after 30000 ms., calling getDirector().finish and getDirector().stopFire()
ExportHTMLTimer went off after 60000 ms., calling manager.stop().
68213 ms. Memory: 2338304K Free: 703426K (30%)
Exported /home/travis/build/icyphy/ptII/ptolemy/actor/lib/jjs/modules/userInterface/demo/Dots/Dots/index.html
75308 ms. Memory: 2338304K Free: 671928K (29%)
####### 34 Sun Dec 16 03:34:19 UTC 2018 $PTII/bin/ptinvoke ptolemy.vergil.basic.export.ExportModel -force htm -run -openComposites -timeOut 30000 -whiteBackground ptolemy/actor/lib/jjs/modules/userInterface/demo/HelloUserInterface/HelloUserInterface.xml $PTII/ptolemy/actor/lib/jjs/modules/userInterface/demo/HelloUserInterface/HelloUserInterface
----------------- Sun Dec 16 03:34:19 UTC 2018 About to sleep for 5.0 seconds before running or rerunning.  Test is: /home/travis/build/icyphy/ptII/ptolemy/actor/lib/jjs/modules/userInterface/demo/HelloUserInterface/HelloUserInterface.xml
Done sleeping
Running .HelloUserInterface
BrowserLauncher: UnsupportedOperation: http://localhost:8089: java.lang.UnsupportedOperationException: The BROWSE action is not supported on the current platform!
UserInterface: Connection closed because model is no longer running. (Thread[AWT-EventQueue-0,6,main])
13457 ms. Memory: 2329600K Free: 955897K (41%)
Exported /home/travis/build/icyphy/ptII/ptolemy/actor/lib/jjs/modules/userInterface/demo/HelloUserInterface/HelloUserInterface/index.html
19777 ms. Memory: 2329600K Free: 926649K (40%)
####### 35 Sun Dec 16 03:34:44 UTC 2018 $PTII/bin/ptinvoke ptolemy.vergil.basic.export.ExportModel -force htm -run -openComposites -timeOut 30000 -whiteBackground ptolemy/actor/lib/jjs/modules/userInterface/demo/UserInterface/UserInterface.xml $PTII/ptolemy/actor/lib/jjs/modules/userInterface/demo/UserInterface/UserInterface
----------------- Sun Dec 16 03:34:44 UTC 2018 About to sleep for 5.0 seconds before running or rerunning.  Test is: /home/travis/build/icyphy/ptII/ptolemy/actor/lib/jjs/modules/userInterface/demo/UserInterface/UserInterface.xml
Done sleeping
Model ".UserInterface" contains actors such cannot be run  as part of the export process from ExportModel or it has a WebExportParameters value that runBeforeExport set to false. To export run this model and export it, use vergil.
Exported /home/travis/build/icyphy/ptII/ptolemy/actor/lib/jjs/modules/userInterface/demo/UserInterface/UserInterface/index.html
3216 ms. Memory: 2329600K Free: 787947K (34%)
####### 36 Sun Dec 16 03:34:52 UTC 2018 $PTII/bin/ptinvoke ptolemy.vergil.basic.export.ExportModel -force htm -run -openComposites -timeOut 30000 -whiteBackground ptolemy/actor/lib/jjs/modules/userInterface/demo/UserInterface/UserInterfaceBrowser.xml $PTII/ptolemy/actor/lib/jjs/modules/userInterface/demo/UserInterface/UserInterfaceBrowser
----------------- Sun Dec 16 03:34:52 UTC 2018 About to sleep for 5.0 seconds before running or rerunning.  Test is: /home/travis/build/icyphy/ptII/ptolemy/actor/lib/jjs/modules/userInterface/demo/UserInterface/UserInterfaceBrowser.xml
Done sleeping
Running .UserInterfaceBrowser
BrowserLauncher: UnsupportedOperation: http://localhost:8090: java.lang.UnsupportedOperationException: The BROWSE action is not supported on the current platform!
ExportHTMLTimer went off after 30000 ms., calling getDirector().finish and getDirector().stopFire()
UserInterface: Connection closed because model is no longer running. (Thread[AWT-EventQueue-0,6,main])
30075 ms. Memory: 2344960K Free: 364133K (16%)
Exported /home/travis/build/icyphy/ptII/ptolemy/actor/lib/jjs/modules/userInterface/demo/UserInterface/UserInterfaceBrowser/index.html
38133 ms. Memory: 2344960K Free: 331149K (14%)
####### 37 Sun Dec 16 03:35:35 UTC 2018 $PTII/bin/ptinvoke ptolemy.vergil.basic.export.ExportModel -force htm -run -openComposites -timeOut 30000 -whiteBackground ptolemy/actor/lib/jjs/modules/userInterface/demo/UserInterface/UserInterfaceFixedPage.xml $PTII/ptolemy/actor/lib/jjs/modules/userInterface/demo/UserInterface/UserInterfaceFixedPage
----------------- Sun Dec 16 03:35:35 UTC 2018 About to sleep for 5.0 seconds before running or rerunning.  Test is: /home/travis/build/icyphy/ptII/ptolemy/actor/lib/jjs/modules/userInterface/demo/UserInterface/UserInterfaceFixedPage.xml
Done sleeping
Running .UserInterfaceFixedPage
BrowserLauncher: UnsupportedOperation: http://localhost:8089: java.lang.UnsupportedOperationException: The BROWSE action is not supported on the current platform!
UserInterface: Connection closed because model is no longer running. (Thread[AWT-EventQueue-0,6,main])
6797 ms. Memory: 2327552K Free: 971851K (42%)
Exported /home/travis/build/icyphy/ptII/ptolemy/actor/lib/jjs/modules/userInterface/demo/UserInterface/UserInterfaceFixedPage/index.html
12193 ms. Memory: 2327552K Free: 934339K (40%)
####### 38 Sun Dec 16 03:35:52 UTC 2018 $PTII/bin/ptinvoke ptolemy.vergil.basic.export.ExportModel -force htm -run -openComposites -timeOut 30000 -whiteBackground ptolemy/actor/lib/jjs/modules/userInterface/demo/UserInterface/UserInterfaceInteractive.xml $PTII/ptolemy/actor/lib/jjs/modules/userInterface/demo/UserInterface/UserInterfaceInteractive
----------------- Sun Dec 16 03:35:52 UTC 2018 About to sleep for 5.0 seconds before running or rerunning.  Test is: /home/travis/build/icyphy/ptII/ptolemy/actor/lib/jjs/modules/userInterface/demo/UserInterface/UserInterfaceInteractive.xml
Done sleeping
Running .UserInterfaceInteractive
BrowserLauncher: UnsupportedOperation: http://localhost:8090: java.lang.UnsupportedOperationException: The BROWSE action is not supported on the current platform!
ExportHTMLTimer went off after 30000 ms., calling getDirector().finish and getDirector().stopFire()
UserInterface: Connection closed because model is no longer running. (Thread[AWT-EventQueue-0,6,main])
30039 ms. Memory: 2327552K Free: 156123K (7%)
Exported /home/travis/build/icyphy/ptII/ptolemy/actor/lib/jjs/modules/userInterface/demo/UserInterface/UserInterfaceInteractive/index.html
36650 ms. Memory: 2314752K Free: 1721596K (74%)
####### 39 Sun Dec 16 03:36:34 UTC 2018 $PTII/bin/ptinvoke ptolemy.vergil.basic.export.ExportModel -force htm -run -openComposites -timeOut 30000 -whiteBackground ptolemy/actor/lib/jjs/modules/userInterface/demo/UserInterface/UserInterfaceRamp.xml $PTII/ptolemy/actor/lib/jjs/modules/userInterface/demo/UserInterface/UserInterfaceRamp
----------------- Sun Dec 16 03:36:34 UTC 2018 About to sleep for 5.0 seconds before running or rerunning.  Test is: /home/travis/build/icyphy/ptII/ptolemy/actor/lib/jjs/modules/userInterface/demo/UserInterface/UserInterfaceRamp.xml
Done sleeping
Running .UserInterfaceRamp
BrowserLauncher: UnsupportedOperation: http://localhost:8089: java.lang.UnsupportedOperationException: The BROWSE action is not supported on the current platform!
UserInterface: Connection closed because model is no longer running. (Thread[AWT-EventQueue-0,6,main])
15186 ms. Memory: 2366464K Free: 1644005K (69%)
Exported /home/travis/build/icyphy/ptII/ptolemy/actor/lib/jjs/modules/userInterface/demo/UserInterface/UserInterfaceRamp/index.html
21954 ms. Memory: 2366464K Free: 1619773K (68%)
####### 40 Sun Dec 16 03:37:01 UTC 2018 $PTII/bin/ptinvoke ptolemy.vergil.basic.export.ExportModel -force htm -run -openComposites -timeOut 30000 -whiteBackground ptolemy/actor/lib/jjs/modules/userInterface/demo/UserInterface/UserInterfaceUpdate.xml $PTII/ptolemy/actor/lib/jjs/modules/userInterface/demo/UserInterface/UserInterfaceUpdate
----------------- Sun Dec 16 03:37:01 UTC 2018 About to sleep for 5.0 seconds before running or rerunning.  Test is: /home/travis/build/icyphy/ptII/ptolemy/actor/lib/jjs/modules/userInterface/demo/UserInterface/UserInterfaceUpdate.xml
Done sleeping
Running .UserInterfaceUpdate
BrowserLauncher: UnsupportedOperation: http://localhost:8090: java.lang.UnsupportedOperationException: The BROWSE action is not supported on the current platform!
UserInterface: Connection closed because model is no longer running. (Thread[AWT-EventQueue-0,6,main])
17133 ms. Memory: 2331648K Free: 1074681K (46%)
Exported /home/travis/build/icyphy/ptII/ptolemy/actor/lib/jjs/modules/userInterface/demo/UserInterface/UserInterfaceUpdate/index.html
25029 ms. Memory: 2331648K Free: 1041025K (45%)
####### 41 Sun Dec 16 03:37:31 UTC 2018 $PTII/bin/ptinvoke ptolemy.vergil.basic.export.ExportModel -force htm -run -openComposites -timeOut 30000 -whiteBackground ptolemy/actor/lib/jjs/modules/userInterface/demo/UserInterface/UserInterfaceVideo.xml $PTII/ptolemy/actor/lib/jjs/modules/userInterface/demo/UserInterface/UserInterfaceVideo
----------------- Sun Dec 16 03:37:31 UTC 2018 About to sleep for 5.0 seconds before running or rerunning.  Test is: /home/travis/build/icyphy/ptII/ptolemy/actor/lib/jjs/modules/userInterface/demo/UserInterface/UserInterfaceVideo.xml
Done sleeping
Running .UserInterfaceVideo
BrowserLauncher: UnsupportedOperation: http://localhost:8090: java.lang.UnsupportedOperationException: The BROWSE action is not supported on the current platform!
ExportHTMLTimer went off after 30000 ms., calling getDirector().finish and getDirector().stopFire()
UserInterface: Connection closed because model is no longer running. (Thread[AWT-EventQueue-0,6,main])
30101 ms. Memory: 2266624K Free: 1051842K (46%)
Exported /home/travis/build/icyphy/ptII/ptolemy/actor/lib/jjs/modules/userInterface/demo/UserInterface/UserInterfaceVideo/index.html
36912 ms. Memory: 2266624K Free: 1019029K (45%)
####### 42 Sun Dec 16 03:38:13 UTC 2018 $PTII/bin/ptinvoke ptolemy.vergil.basic.export.ExportModel -force htm -run -openComposites -timeOut 30000 -whiteBackground ptolemy/actor/lib/jjs/modules/webSocket/demo/SpeakingServerListeningClient/SpeakingServerListeningClient.xml $PTII/ptolemy/actor/lib/jjs/modules/webSocket/demo/SpeakingServerListeningClient/SpeakingServerListeningClient
----------------- Sun Dec 16 03:38:13 UTC 2018 About to sleep for 5.0 seconds before running or rerunning.  Test is: /home/travis/build/icyphy/ptII/ptolemy/actor/lib/jjs/modules/webSocket/demo/SpeakingServerListeningClient/SpeakingServerListeningClient.xml
Done sleeping
Running .SpeakingServerListeningClient
WSServer: *** server is listenting. (Thread[vert.x-eventloop-thread-1,6,main])
WSServer: *** server initialized. (Thread[AWT-EventQueue-0,6,main])
WSClient1: --- client 1 initialized. (Thread[AWT-EventQueue-0,6,main])
WSServer: *** server received connection 0 (Thread[vert.x-eventloop-thread-1,6,main])
WSClient1: --- client 1 connection open. Sending message to server. (Thread[vert.x-eventloop-thread-3,6,main])
WSServer: *** server received connection 1 (Thread[vert.x-eventloop-thread-1,6,main])
WSClient2: +++ client 2 initialized. (Thread[AWT-EventQueue-0,6,main])
WSServer: *** server received message: Hello from the client (Thread[AWT-EventQueue-0,6,main])
WSClient2: +++ connection established. Sending message to server. (Thread[vert.x-eventloop-thread-1,6,main])
WSClient1: --- client 1 received message: Hello to client number 1 (Thread[AWT-EventQueue-0,6,main])
WSClient2: +++ client 2 received message: Hello to client number 2 (Thread[AWT-EventQueue-0,6,main])
WSServer: *** server received message: Hello from the client (Thread[AWT-EventQueue-0,6,main])
WSServer: *** server wrapping up. (Thread[AWT-EventQueue-0,6,main])
WSClient1: --- client 1 wrapping up. (Thread[AWT-EventQueue-0,6,main])
WSClient1: Connection closed because model is no longer running. (Thread[AWT-EventQueue-0,6,main])
WSClient2: +++ client 2 wrapping up. (Thread[AWT-EventQueue-0,6,main])
WSClient2: Connection closed because model is no longer running. (Thread[AWT-EventQueue-0,6,main])
8552 ms. Memory: 2345472K Free: 987647K (42%)
Exported /home/travis/build/icyphy/ptII/ptolemy/actor/lib/jjs/modules/webSocket/demo/SpeakingServerListeningClient/SpeakingServerListeningClient/index.html
15681 ms. Memory: 2345472K Free: 955308K (41%)
####### 43 Sun Dec 16 03:38:34 UTC 2018 $PTII/bin/ptinvoke ptolemy.vergil.basic.export.ExportModel -force htm -run -openComposites -timeOut 30000 -whiteBackground ptolemy/actor/lib/jjs/modules/webSocket/demo/TwoWebSockets/TwoWebSockets.xml $PTII/ptolemy/actor/lib/jjs/modules/webSocket/demo/TwoWebSockets/TwoWebSockets
----------------- Sun Dec 16 03:38:34 UTC 2018 About to sleep for 5.0 seconds before running or rerunning.  Test is: /home/travis/build/icyphy/ptII/ptolemy/actor/lib/jjs/modules/webSocket/demo/TwoWebSockets/TwoWebSockets.xml
Done sleeping
Running .TwoWebSockets
JavaScript: Connection failed. Will try again: Connection refused: localhost/127.0.0.1:8080
Connection refused (Thread[vert.x-eventloop-thread-3,6,main])
JavaScript: Connection failed. Will try again: Connection refused: localhost/127.0.0.1:1984
Connection refused (Thread[vert.x-eventloop-thread-3,6,main])
JavaScript: Connection failed. Will try again: Connection refused: localhost/127.0.0.1:8080
Connection refused (Thread[vert.x-eventloop-thread-3,6,main])
JavaScript: Connection failed. Will try again: Connection refused: localhost/127.0.0.1:1984
Connection refused (Thread[vert.x-eventloop-thread-3,6,main])
JavaScript: Connection failed. Will try again: Connection refused: localhost/127.0.0.1:8080
Connection refused (Thread[vert.x-eventloop-thread-3,6,main])
JavaScript: Connection failed. Will try again: Connection refused: localhost/127.0.0.1:1984
Connection refused (Thread[vert.x-eventloop-thread-3,6,main])
JavaScript: Connection failed. Will try again: Connection refused: localhost/127.0.0.1:8080
Connection refused (Thread[vert.x-eventloop-thread-3,6,main])
JavaScript: Connection failed. Will try again: Connection refused: localhost/127.0.0.1:1984
Connection refused (Thread[vert.x-eventloop-thread-3,6,main])
JavaScript: Connection failed. Will try again: Connection refused: localhost/127.0.0.1:8080
Connection refused (Thread[vert.x-eventloop-thread-3,6,main])
JavaScript: Connection failed. Will try again: Connection refused: localhost/127.0.0.1:1984
Connection refused (Thread[vert.x-eventloop-thread-3,6,main])
JavaScript: Connection failed. Will try again: Connection refused: localhost/127.0.0.1:8080
Connection refused (Thread[vert.x-eventloop-thread-3,6,main])
JavaScript: Connection failed. Will try again: Connection refused: localhost/127.0.0.1:1984
Connection refused (Thread[vert.x-eventloop-thread-3,6,main])
JavaScript: Connection failed. Will try again: Connection refused: localhost/127.0.0.1:8080
Connection refused (Thread[vert.x-eventloop-thread-3,6,main])
JavaScript: Connection failed. Will try again: Connection refused: localhost/127.0.0.1:1984
Connection refused (Thread[vert.x-eventloop-thread-3,6,main])
JavaScript: Connection failed. Will try again: Connection refused: localhost/127.0.0.1:8080
Connection refused (Thread[vert.x-eventloop-thread-3,6,main])
JavaScript: Connection failed. Will try again: Connection refused: localhost/127.0.0.1:1984
Connection refused (Thread[vert.x-eventloop-thread-3,6,main])
JavaScript: Connection failed. Will try again: Connection refused: localhost/127.0.0.1:8080
Connection refused (Thread[vert.x-eventloop-thread-3,6,main])
JavaScript: Connection failed. Will try again: Connection refused: localhost/127.0.0.1:1984
Connection refused (Thread[vert.x-eventloop-thread-3,6,main])
JavaScript: Connection failed. Will try again: Connection refused: localhost/127.0.0.1:8080
Connection refused (Thread[vert.x-eventloop-thread-3,6,main])
JavaScript: Connection failed. Will try again: Connection refused: localhost/127.0.0.1:1984
Connection refused (Thread[vert.x-eventloop-thread-3,6,main])
6892 ms. Memory: 2345472K Free: 514521K (22%)
Exported /home/travis/build/icyphy/ptII/ptolemy/actor/lib/jjs/modules/webSocket/demo/TwoWebSockets/TwoWebSockets/index.html
12041 ms. Memory: 2345472K Free: 484683K (21%)
####### 44 Sun Dec 16 03:38:51 UTC 2018 $PTII/bin/ptinvoke ptolemy.vergil.basic.export.ExportModel -force htm -run -openComposites -timeOut 30000 -whiteBackground ptolemy/actor/lib/jjs/modules/webSocket/demo/WebSocketChat/Client.xml $PTII/ptolemy/actor/lib/jjs/modules/webSocket/demo/WebSocketChat/Client
----------------- Sun Dec 16 03:38:51 UTC 2018 About to sleep for 5.0 seconds before running or rerunning.  Test is: /home/travis/build/icyphy/ptII/ptolemy/actor/lib/jjs/modules/webSocket/demo/WebSocketChat/Client.xml
Done sleeping
.Client.InteractiveDialog invoked SwingUtilities.invokeAndWait()
Model ".Client" contains actors such cannot be run  as part of the export process from ExportModel or it has a WebExportParameters value that runBeforeExport set to false. To export run this model and export it, use vergil.
Exported /home/travis/build/icyphy/ptII/ptolemy/actor/lib/jjs/modules/webSocket/demo/WebSocketChat/Client/index.html
4485 ms. Memory: 2093056K Free: 913454K (44%)
####### 45 Sun Dec 16 03:39:00 UTC 2018 $PTII/bin/ptinvoke ptolemy.vergil.basic.export.ExportModel -force htm -run -openComposites -timeOut 30000 -whiteBackground ptolemy/actor/lib/jjs/modules/webSocket/demo/WebSocketChat/SecureClient.xml $PTII/ptolemy/actor/lib/jjs/modules/webSocket/demo/WebSocketChat/SecureClient
----------------- Sun Dec 16 03:39:00 UTC 2018 About to sleep for 5.0 seconds before running or rerunning.  Test is: /home/travis/build/icyphy/ptII/ptolemy/actor/lib/jjs/modules/webSocket/demo/WebSocketChat/SecureClient.xml
Done sleeping
.SecureClient.InteractiveDialog invoked SwingUtilities.invokeAndWait()
Model ".SecureClient" contains actors such cannot be run  as part of the export process from ExportModel or it has a WebExportParameters value that runBeforeExport set to false. To export run this model and export it, use vergil.
Exported /home/travis/build/icyphy/ptII/ptolemy/actor/lib/jjs/modules/webSocket/demo/WebSocketChat/SecureClient/index.html
4269 ms. Memory: 2093056K Free: 649107K (31%)
####### 46 Sun Dec 16 03:39:09 UTC 2018 $PTII/bin/ptinvoke ptolemy.vergil.basic.export.ExportModel -force htm -run -openComposites -timeOut 30000 -whiteBackground ptolemy/actor/lib/jjs/modules/webSocket/demo/WebSocketChat/SecureServer.xml $PTII/ptolemy/actor/lib/jjs/modules/webSocket/demo/WebSocketChat/SecureServer
----------------- Sun Dec 16 03:39:09 UTC 2018 About to sleep for 5.0 seconds before running or rerunning.  Test is: /home/travis/build/icyphy/ptII/ptolemy/actor/lib/jjs/modules/webSocket/demo/WebSocketChat/SecureServer.xml
Done sleeping
Running .SecureServer
ExportHTMLTimer went off after 30000 ms., calling getDirector().finish and getDirector().stopFire()
30018 ms. Memory: 2093056K Free: 201942K (10%)
Exported /home/travis/build/icyphy/ptII/ptolemy/actor/lib/jjs/modules/webSocket/demo/WebSocketChat/SecureServer/index.html
35106 ms. Memory: 2093056K Free: 180662K (9%)
####### 47 Sun Dec 16 03:39:50 UTC 2018 $PTII/bin/ptinvoke ptolemy.vergil.basic.export.ExportModel -force htm -run -openComposites -timeOut 30000 -whiteBackground ptolemy/actor/lib/jjs/modules/webSocket/demo/WebSocketChat/Server.xml $PTII/ptolemy/actor/lib/jjs/modules/webSocket/demo/WebSocketChat/Server
----------------- Sun Dec 16 03:39:50 UTC 2018 About to sleep for 5.0 seconds before running or rerunning.  Test is: /home/travis/build/icyphy/ptII/ptolemy/actor/lib/jjs/modules/webSocket/demo/WebSocketChat/Server.xml
Done sleeping
Running .Server
ExportHTMLTimer went off after 30000 ms., calling getDirector().finish and getDirector().stopFire()
30021 ms. Memory: 2463232K Free: 1383385K (56%)
Exported /home/travis/build/icyphy/ptII/ptolemy/actor/lib/jjs/modules/webSocket/demo/WebSocketChat/Server/index.html
36599 ms. Memory: 2463232K Free: 1360479K (55%)
####### 48 Sun Dec 16 03:40:31 UTC 2018 $PTII/bin/ptinvoke ptolemy.vergil.basic.export.ExportModel -force htm  -openComposites -timeOut 30000 -whiteBackground ptolemy/actor/lib/jjs/modules/webSocket/demo/WebSocketChat/WebSocketChat.xml $PTII/ptolemy/actor/lib/jjs/modules/webSocket/demo/WebSocketChat/WebSocketChat
Warning: not running ptolemy/actor/lib/jjs/modules/webSocket/demo/WebSocketChat/WebSocketChat.xml. See ptolemy/vergil/basic/export/test/junit/ExportModelJUnitTest.java
----------------- Sun Dec 16 03:40:31 UTC 2018 About to sleep for 5.0 seconds before running or rerunning.  Test is: /home/travis/build/icyphy/ptII/ptolemy/actor/lib/jjs/modules/webSocket/demo/WebSocketChat/WebSocketChat.xml
Done sleeping
Exported /home/travis/build/icyphy/ptII/ptolemy/actor/lib/jjs/modules/webSocket/demo/WebSocketChat/WebSocketChat/index.html
3130 ms. Memory: 2463232K Free: 1236503K (50%)
####### 49 Sun Dec 16 03:40:39 UTC 2018 $PTII/bin/ptinvoke ptolemy.vergil.basic.export.ExportModel -force htm  -openComposites -timeOut 30000 -whiteBackground ptolemy/actor/lib/jjs/modules/webSocket/demo/WebSocketClient/WebSocketClient.xml $PTII/ptolemy/actor/lib/jjs/modules/webSocket/demo/WebSocketClient/WebSocketClient
Warning: not running ptolemy/actor/lib/jjs/modules/webSocket/demo/WebSocketClient/WebSocketClient.xml. See ptolemy/vergil/basic/export/test/junit/ExportModelJUnitTest.java
----------------- Sun Dec 16 03:40:39 UTC 2018 About to sleep for 5.0 seconds before running or rerunning.  Test is: /home/travis/build/icyphy/ptII/ptolemy/actor/lib/jjs/modules/webSocket/demo/WebSocketClient/WebSocketClient.xml
Done sleeping
Exported /home/travis/build/icyphy/ptII/ptolemy/actor/lib/jjs/modules/webSocket/demo/WebSocketClient/WebSocketClient/index.html
4166 ms. Memory: 2463232K Free: 949922K (39%)
####### 50 Sun Dec 16 03:40:48 UTC 2018 $PTII/bin/ptinvoke ptolemy.vergil.basic.export.ExportModel -force htm -run -openComposites -timeOut 30000 -whiteBackground ptolemy/actor/lib/jjs/modules/webSocket/demo/WebSocketClient/WebSocketServer.xml $PTII/ptolemy/actor/lib/jjs/modules/webSocket/demo/WebSocketClient/WebSocketServer
----------------- Sun Dec 16 03:40:48 UTC 2018 About to sleep for 5.0 seconds before running or rerunning.  Test is: /home/travis/build/icyphy/ptII/ptolemy/actor/lib/jjs/modules/webSocket/demo/WebSocketClient/WebSocketServer.xml
Done sleeping
Running .WebSocketServer
ExportHTMLTimer went off after 30000 ms., calling getDirector().finish and getDirector().stopFire()
30035 ms. Memory: 2451968K Free: 1119094K (46%)
Exported /home/travis/build/icyphy/ptII/ptolemy/actor/lib/jjs/modules/webSocket/demo/WebSocketClient/WebSocketServer/index.html
36275 ms. Memory: 2451968K Free: 1091682K (45%)
####### 51 Sun Dec 16 03:41:30 UTC 2018 $PTII/bin/ptinvoke ptolemy.vergil.basic.export.ExportModel -force htm -run -openComposites -timeOut 30000 -whiteBackground ptolemy/actor/lib/jjs/modules/webSocket/demo/WebSocketFullDuplex/WebSocketFullDuplex.xml $PTII/ptolemy/actor/lib/jjs/modules/webSocket/demo/WebSocketFullDuplex/WebSocketFullDuplex
----------------- Sun Dec 16 03:41:30 UTC 2018 About to sleep for 5.0 seconds before running or rerunning.  Test is: /home/travis/build/icyphy/ptII/ptolemy/actor/lib/jjs/modules/webSocket/demo/WebSocketFullDuplex/WebSocketFullDuplex.xml
Done sleeping
Running .WebSocketFullDuplex
ExportHTMLTimer went off after 30000 ms., calling getDirector().finish and getDirector().stopFire()
WebSocketClient: Connection closed because model is no longer running. (Thread[AWT-EventQueue-0,6,main])
32005 ms. Memory: 2496512K Free: 1207011K (48%)
Exported /home/travis/build/icyphy/ptII/ptolemy/actor/lib/jjs/modules/webSocket/demo/WebSocketFullDuplex/WebSocketFullDuplex/index.html
38313 ms. Memory: 2496512K Free: 1175840K (47%)
####### 52 Sun Dec 16 03:42:13 UTC 2018 $PTII/bin/ptinvoke ptolemy.vergil.basic.export.ExportModel -force htm -run -openComposites -timeOut 30000 -whiteBackground ptolemy/actor/lib/jjs/modules/webSocket/demo/WebSocketGraph/WebSocketGraph.xml $PTII/ptolemy/actor/lib/jjs/modules/webSocket/demo/WebSocketGraph/WebSocketGraph
----------------- Sun Dec 16 03:42:13 UTC 2018 About to sleep for 5.0 seconds before running or rerunning.  Test is: /home/travis/build/icyphy/ptII/ptolemy/actor/lib/jjs/modules/webSocket/demo/WebSocketGraph/WebSocketGraph.xml
Done sleeping
Running .WebSocketGraph
Manager.initialize() finished: 11709 ms. Memory: 2473472K Free: 999809K (40%)
BrowserLauncher: UnsupportedOperation: http://localhost:8089: java.lang.UnsupportedOperationException: The BROWSE action is not supported on the current platform!
ExportHTMLTimer went off after 30000 ms., calling getDirector().finish and getDirector().stopFire()
UserInterface: Connection closed because model is no longer running. (Thread[AWT-EventQueue-0,6,main])
30113 ms. Memory: 2473472K Free: 928948K (38%)
Exported /home/travis/build/icyphy/ptII/ptolemy/actor/lib/jjs/modules/webSocket/demo/WebSocketGraph/WebSocketGraph/index.html
40915 ms. Memory: 2473472K Free: 892962K (36%)
####### 53 Sun Dec 16 03:42:59 UTC 2018 $PTII/bin/ptinvoke ptolemy.vergil.basic.export.ExportModel -force htm -run -openComposites -timeOut 30000 -whiteBackground ptolemy/actor/lib/jjs/modules/webSocket/demo/WebSocketImage/WebSocketImage.xml $PTII/ptolemy/actor/lib/jjs/modules/webSocket/demo/WebSocketImage/WebSocketImage
----------------- Sun Dec 16 03:42:59 UTC 2018 About to sleep for 5.0 seconds before running or rerunning.  Test is: /home/travis/build/icyphy/ptII/ptolemy/actor/lib/jjs/modules/webSocket/demo/WebSocketImage/WebSocketImage.xml
Done sleeping
Running .WebSocketImage
WebSocketClient: WebSocketClient: WebSocketClient.js: connect(): portValue: -1, which is less than 0. This could be a signal to close a previously open socket.  Returning. (Thread[AWT-EventQueue-0,6,main])
Manager.initialize() finished: 10329 ms. Memory: 2655744K Free: 1715348K (65%)
WebSocketServer: WebSocketServer message(): {type="class ptolemy.data.AWTImageToken", width="640", height="480"}, typeof message: object (Thread[AWT-EventQueue-0,6,main])
WebSocketServer: WebSocketServer message(): {type="class ptolemy.data.AWTImageToken", width="640", height="480"}, typeof message: object (Thread[AWT-EventQueue-0,6,main])
WebSocketServer: WebSocketServer message(): {type="class ptolemy.data.AWTImageToken", width="640", height="480"}, typeof message: object (Thread[AWT-EventQueue-0,6,main])
WebSocketServer: WebSocketServer message(): {type="class ptolemy.data.AWTImageToken", width="640", height="480"}, typeof message: object (Thread[AWT-EventQueue-0,6,main])
WebSocketServer: WebSocketServer message(): {type="class ptolemy.data.AWTImageToken", width="640", height="480"}, typeof message: object (Thread[AWT-EventQueue-0,6,main])
WebSocketServer: WebSocketServer message(): {type="class ptolemy.data.AWTImageToken", width="640", height="480"}, typeof message: object (Thread[AWT-EventQueue-0,6,main])
WebSocketServer: WebSocketServer message(): {type="class ptolemy.data.AWTImageToken", width="640", height="480"}, typeof message: object (Thread[AWT-EventQueue-0,6,main])
WebSocketServer: WebSocketServer message(): {type="class ptolemy.data.AWTImageToken", width="640", height="480"}, typeof message: object (Thread[AWT-EventQueue-0,6,main])
WebSocketServer: WebSocketServer message(): {type="class ptolemy.data.AWTImageToken", width="640", height="480"}, typeof message: object (Thread[AWT-EventQueue-0,6,main])
WebSocketServer: WebSocketServer message(): {type="class ptolemy.data.AWTImageToken", width="640", height="480"}, typeof message: object (Thread[AWT-EventQueue-0,6,main])
WebSocketServer: WebSocketServer message(): {type="class ptolemy.data.AWTImageToken", width="640", height="480"}, typeof message: object (Thread[AWT-EventQueue-0,6,main])
WebSocketServer: WebSocketServer message(): {type="class ptolemy.data.AWTImageToken", width="640", height="480"}, typeof message: object (Thread[AWT-EventQueue-0,6,main])
WebSocketServer: WebSocketServer message(): {type="class ptolemy.data.AWTImageToken", width="640", height="480"}, typeof message: object (Thread[AWT-EventQueue-0,6,main])
WebSocketServer: WebSocketServer message(): {type="class ptolemy.data.AWTImageToken", width="640", height="480"}, typeof message: object (Thread[AWT-EventQueue-0,6,main])
WebSocketServer: WebSocketServer message(): {type="class ptolemy.data.AWTImageToken", width="640", height="480"}, typeof message: object (Thread[AWT-EventQueue-0,6,main])
WebSocketServer: WebSocketServer message(): {type="class ptolemy.data.AWTImageToken", width="640", height="480"}, typeof message: object (Thread[AWT-EventQueue-0,6,main])
WebSocketServer: WebSocketServer message(): {type="class ptolemy.data.AWTImageToken", width="640", height="480"}, typeof message: object (Thread[AWT-EventQueue-0,6,main])
WebSocketServer: WebSocketServer message(): {type="class ptolemy.data.AWTImageToken", width="640", height="480"}, typeof message: object (Thread[AWT-EventQueue-0,6,main])
WebSocketServer: WebSocketServer message(): {type="class ptolemy.data.AWTImageToken", width="640", height="480"}, typeof message: object (Thread[AWT-EventQueue-0,6,main])
WebSocketServer: WebSocketServer message(): {type="class ptolemy.data.AWTImageToken", width="640", height="480"}, typeof message: object (Thread[AWT-EventQueue-0,6,main])
WebSocketServer: WebSocketServer message(): {type="class ptolemy.data.AWTImageToken", width="640", height="480"}, typeof message: object (Thread[AWT-EventQueue-0,6,main])
WebSocketServer: WebSocketServer message(): {type="class ptolemy.data.AWTImageToken", width="640", height="480"}, typeof message: object (Thread[AWT-EventQueue-0,6,main])
WebSocketServer: WebSocketServer message(): {type="class ptolemy.data.AWTImageToken", width="640", height="480"}, typeof message: object (Thread[AWT-EventQueue-0,6,main])
WebSocketServer: WebSocketServer message(): {type="class ptolemy.data.AWTImageToken", width="640", height="480"}, typeof message: object (Thread[AWT-EventQueue-0,6,main])
WebSocketServer: WebSocketServer message(): {type="class ptolemy.data.AWTImageToken", width="640", height="480"}, typeof message: object (Thread[AWT-EventQueue-0,6,main])
WebSocketServer: WebSocketServer message(): {type="class ptolemy.data.AWTImageToken", width="640", height="480"}, typeof message: object (Thread[AWT-EventQueue-0,6,main])
WebSocketServer: WebSocketServer message(): {type="class ptolemy.data.AWTImageToken", width="640", height="480"}, typeof message: object (Thread[AWT-EventQueue-0,6,main])
WebSocketServer: WebSocketServer message(): {type="class ptolemy.data.AWTImageToken", width="640", height="480"}, typeof message: object (Thread[AWT-EventQueue-0,6,main])
WebSocketServer: WebSocketServer message(): {type="class ptolemy.data.AWTImageToken", width="640", height="480"}, typeof message: object (Thread[AWT-EventQueue-0,6,main])
WebSocketServer: WebSocketServer message(): {type="class ptolemy.data.AWTImageToken", width="640", height="480"}, typeof message: object (Thread[AWT-EventQueue-0,6,main])
WebSocketServer: WebSocketServer message(): {type="class ptolemy.data.AWTImageToken", width="640", height="480"}, typeof message: object (Thread[AWT-EventQueue-0,6,main])
WebSocketServer: WebSocketServer message(): {type="class ptolemy.data.AWTImageToken", width="640", height="480"}, typeof message: object (Thread[AWT-EventQueue-0,6,main])
WebSocketServer: WebSocketServer message(): {type="class ptolemy.data.AWTImageToken", width="640", height="480"}, typeof message: object (Thread[AWT-EventQueue-0,6,main])
WebSocketServer: WebSocketServer message(): {type="class ptolemy.data.AWTImageToken", width="640", height="480"}, typeof message: object (Thread[AWT-EventQueue-0,6,main])
WebSocketServer: WebSocketServer message(): {type="class ptolemy.data.AWTImageToken", width="640", height="480"}, typeof message: object (Thread[AWT-EventQueue-0,6,main])
WebSocketServer: WebSocketServer message(): {type="class ptolemy.data.AWTImageToken", width="640", height="480"}, typeof message: object (Thread[AWT-EventQueue-0,6,main])
WebSocketServer: WebSocketServer message(): {type="class ptolemy.data.AWTImageToken", width="640", height="480"}, typeof message: object (Thread[AWT-EventQueue-0,6,main])
WebSocketServer: WebSocketServer message(): {type="class ptolemy.data.AWTImageToken", width="640", height="480"}, typeof message: object (Thread[AWT-EventQueue-0,6,main])
WebSocketServer: WebSocketServer message(): {type="class ptolemy.data.AWTImageToken", width="640", height="480"}, typeof message: object (Thread[AWT-EventQueue-0,6,main])
WebSocketServer: WebSocketServer message(): {type="class ptolemy.data.AWTImageToken", width="640", height="480"}, typeof message: object (Thread[AWT-EventQueue-0,6,main])
WebSocketServer: WebSocketServer message(): {type="class ptolemy.data.AWTImageToken", width="640", height="480"}, typeof message: object (Thread[AWT-EventQueue-0,6,main])
WebSocketServer: WebSocketServer message(): {type="class ptolemy.data.AWTImageToken", width="640", height="480"}, typeof message: object (Thread[AWT-EventQueue-0,6,main])
WebSocketServer: WebSocketServer message(): {type="class ptolemy.data.AWTImageToken", width="640", height="480"}, typeof message: object (Thread[AWT-EventQueue-0,6,main])
WebSocketServer: WebSocketServer message(): {type="class ptolemy.data.AWTImageToken", width="640", height="480"}, typeof message: object (Thread[AWT-EventQueue-0,6,main])
WebSocketServer: WebSocketServer message(): {type="class ptolemy.data.AWTImageToken", width="640", height="480"}, typeof message: object (Thread[AWT-EventQueue-0,6,main])
WebSocketServer: WebSocketServer message(): {type="class ptolemy.data.AWTImageToken", width="640", height="480"}, typeof message: object (Thread[AWT-EventQueue-0,6,main])
WebSocketServer: WebSocketServer message(): {type="class ptolemy.data.AWTImageToken", width="640", height="480"}, typeof message: object (Thread[AWT-EventQueue-0,6,main])
WebSocketServer: WebSocketServer message(): {type="class ptolemy.data.AWTImageToken", width="640", height="480"}, typeof message: object (Thread[AWT-EventQueue-0,6,main])
WebSocketServer: WebSocketServer message(): {type="class ptolemy.data.AWTImageToken", width="640", height="480"}, typeof message: object (Thread[AWT-EventQueue-0,6,main])
WebSocketServer: WebSocketServer message(): {type="class ptolemy.data.AWTImageToken", width="640", height="480"}, typeof message: object (Thread[AWT-EventQueue-0,6,main])
WebSocketServer: WebSocketServer message(): {type="class ptolemy.data.AWTImageToken", width="640", height="480"}, typeof message: object (Thread[AWT-EventQueue-0,6,main])
[...]
WebSocketServer: WebSocketServer message(): {type="class ptolemy.data.AWTImageToken", width="640", height="480"}, typeof message: object (Thread[AWT-EventQueue-0,6,main])
WebSocketServer: WebSocketServer message(): {type="class ptolemy.data.AWTImageToken", width="640", height="480"}, typeof message: object (Thread[AWT-EventQueue-0,6,main])
WebSocketServer: WebSocketServer message(): {type="class ptolemy.data.AWTImageToken", width="640", height="480"}, typeof message: object (Thread[AWT-EventQueue-0,6,main])
WebSocketServer: WebSocketServer message(): {type="class ptolemy.data.AWTImageToken", width="640", height="480"}, typeof message: object (Thread[AWT-EventQueue-0,6,main])
WebSocketServer: WebSocketServer message(): {type="class ptolemy.data.AWTImageToken", width="640", height="480"}, typeof message: object (Thread[AWT-EventQueue-0,6,main])
WebSocketServer: WebSocketServer message(): {type="class ptolemy.data.AWTImageToken", width="640", height="480"}, typeof message: object (Thread[AWT-EventQueue-0,6,main])
WebSocketServer: WebSocketServer message(): {type="class ptolemy.data.AWTImageToken", width="640", height="480"}, typeof message: object (Thread[AWT-EventQueue-0,6,main])
WebSocketServer: WebSocketServer message(): {type="class ptolemy.data.AWTImageToken", width="640", height="480"}, typeof message: object (Thread[AWT-EventQueue-0,6,main])
WebSocketServer: WebSocketServer message(): {type="class ptolemy.data.AWTImageToken", width="640", height="480"}, typeof message: object (Thread[AWT-EventQueue-0,6,main])
WebSocketServer: WebSocketServer message(): {type="class ptolemy.data.AWTImageToken", width="640", height="480"}, typeof message: object (Thread[AWT-EventQueue-0,6,main])
WebSocketServer: WebSocketServer message(): {type="class ptolemy.data.AWTImageToken", width="640", height="480"}, typeof message: object (Thread[AWT-EventQueue-0,6,main])
WebSocketServer: WebSocketServer message(): {type="class ptolemy.data.AWTImageToken", width="640", height="480"}, typeof message: object (Thread[AWT-EventQueue-0,6,main])
WebSocketServer: WebSocketServer message(): {type="class ptolemy.data.AWTImageToken", width="640", height="480"}, typeof message: object (Thread[AWT-EventQueue-0,6,main])
WebSocketServer: WebSocketServer message(): {type="class ptolemy.data.AWTImageToken", width="640", height="480"}, typeof message: object (Thread[AWT-EventQueue-0,6,main])
WebSocketServer: WebSocketServer message(): {type="class ptolemy.data.AWTImageToken", width="640", height="480"}, typeof message: object (Thread[AWT-EventQueue-0,6,main])
WebSocketServer: WebSocketServer message(): {type="class ptolemy.data.AWTImageToken", width="640", height="480"}, typeof message: object (Thread[AWT-EventQueue-0,6,main])
WebSocketServer: WebSocketServer message(): {type="class ptolemy.data.AWTImageToken", width="640", height="480"}, typeof message: object (Thread[AWT-EventQueue-0,6,main])
WebSocketServer: WebSocketServer message(): {type="class ptolemy.data.AWTImageToken", width="640", height="480"}, typeof message: object (Thread[AWT-EventQueue-0,6,main])
WebSocketServer: WebSocketServer message(): {type="class ptolemy.data.AWTImageToken", width="640", height="480"}, typeof message: object (Thread[AWT-EventQueue-0,6,main])
WebSocketServer: WebSocketServer message(): {type="class ptolemy.data.AWTImageToken", width="640", height="480"}, typeof message: object (Thread[AWT-EventQueue-0,6,main])
WebSocketServer: WebSocketServer message(): {type="class ptolemy.data.AWTImageToken", width="640", height="480"}, typeof message: object (Thread[AWT-EventQueue-0,6,main])
WebSocketServer: WebSocketServer message(): {type="class ptolemy.data.AWTImageToken", width="640", height="480"}, typeof message: object (Thread[AWT-EventQueue-0,6,main])
WebSocketServer: WebSocketServer message(): {type="class ptolemy.data.AWTImageToken", width="640", height="480"}, typeof message: object (Thread[AWT-EventQueue-0,6,main])
WebSocketServer: WebSocketServer message(): {type="class ptolemy.data.AWTImageToken", width="640", height="480"}, typeof message: object (Thread[AWT-EventQueue-0,6,main])
WebSocketServer: WebSocketServer message(): {type="class ptolemy.data.AWTImageToken", width="640", height="480"}, typeof message: object (Thread[AWT-EventQueue-0,6,main])
WebSocketServer: WebSocketServer message(): {type="class ptolemy.data.AWTImageToken", width="640", height="480"}, typeof message: object (Thread[AWT-EventQueue-0,6,main])
WebSocketServer: WebSocketServer message(): {type="class ptolemy.data.AWTImageToken", width="640", height="480"}, typeof message: object (Thread[AWT-EventQueue-0,6,main])
WebSocketServer: WebSocketServer message(): {type="class ptolemy.data.AWTImageToken", width="640", height="480"}, typeof message: object (Thread[AWT-EventQueue-0,6,main])
WebSocketServer: WebSocketServer message(): {type="class ptolemy.data.AWTImageToken", width="640", height="480"}, typeof message: object (Thread[AWT-EventQueue-0,6,main])
ExportHTMLTimer went off after 30000 ms., calling getDirector().finish and getDirector().stopFire()
WebSocketClient: Connection closed because model is no longer running. (Thread[AWT-EventQueue-0,6,main])
30108 ms. Memory: 2658816K Free: 727983K (27%)
Exported /home/travis/build/icyphy/ptII/ptolemy/actor/lib/jjs/modules/webSocket/demo/WebSocketImage/WebSocketImage/index.html
39108 ms. Memory: 2658816K Free: 687166K (26%)
####### 54 Sun Dec 16 03:43:43 UTC 2018 $PTII/bin/ptinvoke ptolemy.vergil.basic.export.ExportModel -force htm -run -openComposites -timeOut 30000 -whiteBackground ptolemy/actor/lib/jjs/modules/webSocket/demo/WebSocketLog/WebSocketLog.xml $PTII/ptolemy/actor/lib/jjs/modules/webSocket/demo/WebSocketLog/WebSocketLog
----------------- Sun Dec 16 03:43:43 UTC 2018 About to sleep for 5.0 seconds before running or rerunning.  Test is: /home/travis/build/icyphy/ptII/ptolemy/actor/lib/jjs/modules/webSocket/demo/WebSocketLog/WebSocketLog.xml
Done sleeping
Running .WebSocketLog
16562 ms. Memory: 2678784K Free: 1570083K (59%)
Exported /home/travis/build/icyphy/ptII/ptolemy/actor/lib/jjs/modules/webSocket/demo/WebSocketLog/WebSocketLog/index.html
24440 ms. Memory: 2678784K Free: 1529275K (57%)
####### 55 Sun Dec 16 03:44:13 UTC 2018 $PTII/bin/ptinvoke ptolemy.vergil.basic.export.ExportModel -force htm -run -openComposites -timeOut 30000 -whiteBackground ptolemy/actor/lib/jjs/modules/webSocket/demo/WebSocketsServerClient/WebSocketsServerClient.xml $PTII/ptolemy/actor/lib/jjs/modules/webSocket/demo/WebSocketsServerClient/WebSocketsServerClient
----------------- Sun Dec 16 03:44:13 UTC 2018 About to sleep for 5.0 seconds before running or rerunning.  Test is: /home/travis/build/icyphy/ptII/ptolemy/actor/lib/jjs/modules/webSocket/demo/WebSocketsServerClient/WebSocketsServerClient.xml
Done sleeping
Running .WebSocketsServerClient
WSClient: Connection to socket is open. (Thread[vert.x-eventloop-thread-0,6,main])
WSClient: Connection closed because model is no longer running. (Thread[AWT-EventQueue-0,6,main])
14273 ms. Memory: 2678784K Free: 763465K (29%)
Exported /home/travis/build/icyphy/ptII/ptolemy/actor/lib/jjs/modules/webSocket/demo/WebSocketsServerClient/WebSocketsServerClient/index.html
20673 ms. Memory: 2678784K Free: 735779K (27%)
####### 56 Sun Dec 16 03:44:38 UTC 2018 $PTII/bin/ptinvoke ptolemy.vergil.basic.export.ExportModel -force htm  -openComposites -timeOut 30000 -whiteBackground ptolemy/actor/lib/jjs/modules/xbee/demo/XBeeHelloWorld/XBeeDataTypes.xml $PTII/ptolemy/actor/lib/jjs/modules/xbee/demo/XBeeHelloWorld/XBeeDataTypes
Warning: not running ptolemy/actor/lib/jjs/modules/xbee/demo/XBeeHelloWorld/XBeeDataTypes.xml. See ptolemy/vergil/basic/export/test/junit/ExportModelJUnitTest.java
----------------- Sun Dec 16 03:44:38 UTC 2018 About to sleep for 5.0 seconds before running or rerunning.  Test is: /home/travis/build/icyphy/ptII/ptolemy/actor/lib/jjs/modules/xbee/demo/XBeeHelloWorld/XBeeDataTypes.xml
Done sleeping
Exported /home/travis/build/icyphy/ptII/ptolemy/actor/lib/jjs/modules/xbee/demo/XBeeHelloWorld/XBeeDataTypes/index.html
6218 ms. Memory: 2701824K Free: 1447654K (54%)
####### 57 Sun Dec 16 03:44:49 UTC 2018 $PTII/bin/ptinvoke ptolemy.vergil.basic.export.ExportModel -force htm  -openComposites -timeOut 30000 -whiteBackground ptolemy/actor/lib/jjs/modules/xbee/demo/XBeeHelloWorld/XBeeHelloWorld.xml $PTII/ptolemy/actor/lib/jjs/modules/xbee/demo/XBeeHelloWorld/XBeeHelloWorld
Warning: not running ptolemy/actor/lib/jjs/modules/xbee/demo/XBeeHelloWorld/XBeeHelloWorld.xml. See ptolemy/vergil/basic/export/test/junit/ExportModelJUnitTest.java
----------------- Sun Dec 16 03:44:49 UTC 2018 About to sleep for 5.0 seconds before running or rerunning.  Test is: /home/travis/build/icyphy/ptII/ptolemy/actor/lib/jjs/modules/xbee/demo/XBeeHelloWorld/XBeeHelloWorld.xml
Done sleeping
Exported /home/travis/build/icyphy/ptII/ptolemy/actor/lib/jjs/modules/xbee/demo/XBeeHelloWorld/XBeeHelloWorld/index.html
5501 ms. Memory: 2701824K Free: 1023333K (38%)
####### 58 Sun Dec 16 03:45:00 UTC 2018 $PTII/bin/ptinvoke ptolemy.vergil.basic.export.ExportModel -force htm  -openComposites -timeOut 30000 -whiteBackground ptolemy/actor/lib/jmf/demo/JMFJAI/JMFJAI.xml $PTII/ptolemy/actor/lib/jmf/demo/JMFJAI/JMFJAI
Warning: not running ptolemy/actor/lib/jmf/demo/JMFJAI/JMFJAI.xml. See ptolemy/vergil/basic/export/test/junit/ExportModelJUnitTest.java
Exported /home/travis/build/icyphy/ptII/ptolemy/actor/lib/jmf/demo/JMFJAI/JMFJAI/index.html
3197 ms. Memory: 2701824K Free: 906269K (34%)
####### 59 Sun Dec 16 03:45:03 UTC 2018 $PTII/bin/ptinvoke ptolemy.vergil.basic.export.ExportModel -force htm  -openComposites -timeOut 30000 -whiteBackground ptolemy/actor/lib/jmf/demo/VideoCapture/VideoCapture.xml $PTII/ptolemy/actor/lib/jmf/demo/VideoCapture/VideoCapture
Warning: not running ptolemy/actor/lib/jmf/demo/VideoCapture/VideoCapture.xml. See ptolemy/vergil/basic/export/test/junit/ExportModelJUnitTest.java
Exported /home/travis/build/icyphy/ptII/ptolemy/actor/lib/jmf/demo/VideoCapture/VideoCapture/index.html
3149 ms. Memory: 2701824K Free: 788032K (29%)
####### 60 Sun Dec 16 03:45:06 UTC 2018 $PTII/bin/ptinvoke ptolemy.vergil.basic.export.ExportModel -force htm -run -openComposites -timeOut 30000 -whiteBackground ptolemy/actor/lib/mail/demo/ExceptionEmailer/ExceptionEmailer.xml $PTII/ptolemy/actor/lib/mail/demo/ExceptionEmailer/ExceptionEmailer
Running .ExceptionEmailer
19 ms. Memory: 2701824K Free: 675675K (25%)
Exported /home/travis/build/icyphy/ptII/ptolemy/actor/lib/mail/demo/ExceptionEmailer/ExceptionEmailer/index.html
4228 ms. Memory: 2701824K Free: 632998K (23%)
]]></system-out>
  <system-err><![CDATA[[AWT-EventQueue-0] INFO com.github.sarxos.webcam.Webcam - WebcamDefaultDriver capture driver will be used
[atomic-processor-1] INFO com.github.sarxos.webcam.ds.cgt.WebcamOpenTask - Opening webcam Dummy Webcam 0
[atomic-processor-1] INFO com.github.sarxos.webcam.ds.cgt.WebcamCloseTask - Closing Dummy Webcam 0
WARNING: Camera: Model stopped before executing actions (e.g. producing outputs) scheduled for execution at times [27.114]
[atomic-processor-1] INFO com.github.sarxos.webcam.ds.cgt.WebcamOpenTask - Opening webcam Dummy Webcam 0
[atomic-processor-1] INFO com.github.sarxos.webcam.ds.cgt.WebcamCloseTask - Closing Dummy Webcam 0
[atomic-processor-1] INFO com.github.sarxos.webcam.ds.cgt.WebcamOpenTask - Opening webcam Dummy Webcam 0
[atomic-processor-1] INFO com.github.sarxos.webcam.ds.cgt.WebcamCloseTask - Closing Dummy Webcam 0
[atomic-processor-1] INFO com.github.sarxos.webcam.ds.cgt.WebcamOpenTask - Opening webcam Dummy Webcam 0
[atomic-processor-1] INFO com.github.sarxos.webcam.ds.cgt.WebcamCloseTask - Closing Dummy Webcam 0
[atomic-processor-1] INFO com.github.sarxos.webcam.ds.cgt.WebcamOpenTask - Opening webcam Dummy Webcam 0
[atomic-processor-1] INFO com.github.sarxos.webcam.ds.cgt.WebcamCloseTask - Closing Dummy Webcam 0
WARNING: Camera: Model stopped before executing actions (e.g. producing outputs) scheduled for execution at times [25.933, 26.037000000000003]
[atomic-processor-1] INFO com.github.sarxos.webcam.ds.cgt.WebcamOpenTask - Opening webcam Dummy Webcam 0
[atomic-processor-1] INFO com.github.sarxos.webcam.ds.cgt.WebcamCloseTask - Closing Dummy Webcam 0
[atomic-processor-1] INFO com.github.sarxos.webcam.ds.cgt.WebcamOpenTask - Opening webcam Dummy Webcam 0
[atomic-processor-1] INFO com.github.sarxos.webcam.ds.cgt.WebcamCloseTask - Closing Dummy Webcam 0
[atomic-processor-1] INFO com.github.sarxos.webcam.ds.cgt.WebcamOpenTask - Opening webcam Dummy Webcam 0
[atomic-processor-1] INFO com.github.sarxos.webcam.ds.cgt.WebcamCloseTask - Closing Dummy Webcam 0
Dec 16, 2018 3:28:40 AM org.eclipse.paho.client.mqttv3.internal.ClientState checkForActivity
SEVERE: mqttpt_1446594382259526206: Timed out as no activity, keepAlive=60,000 lastOutboundActivity=1,544,930,860,311 lastInboundActivity=1,544,930,796,502 time=1,544,930,920,311 lastPing=1,544,930,860,311
Dec 16, 2018 3:28:40 AM org.eclipse.paho.client.mqttv3.internal.ClientState checkForActivity
SEVERE: mqttpt_1446594382259526206: Timed out as no activity, keepAlive=60,000 lastOutboundActivity=1,544,930,860,328 lastInboundActivity=1,544,930,799,459 time=1,544,930,920,328 lastPing=1,544,930,860,328
[atomic-processor-1] INFO com.github.sarxos.webcam.ds.cgt.WebcamOpenTask - Opening webcam Dummy Webcam 0
[atomic-processor-1] INFO com.github.sarxos.webcam.ds.cgt.WebcamCloseTask - Closing Dummy Webcam 0
Dec 16, 2018 3:29:37 AM sun.awt.X11.XToolkit processException
WARNING: Exception on Toolkit thread
java.lang.NullPointerException
	at java.awt.Component$BltBufferStrategy.contentsLost(Component.java:4479)
	at java.awt.Component$BltSubRegionBufferStrategy.showIfNotLost(Component.java:4542)
	at javax.swing.BufferStrategyPaintManager.show(BufferStrategyPaintManager.java:252)
	at javax.swing.RepaintManager.show(RepaintManager.java:1379)
	at javax.swing.SwingPaintEventDispatcher.createPaintEvent(SwingPaintEventDispatcher.java:61)
	at sun.awt.X11.XWindow.postPaintEvent(XWindow.java:564)
	at sun.awt.X11.XContentWindow.postPaintEvent(XContentWindow.java:163)
	at sun.awt.X11.XWindow.handleExposeEvent(XWindow.java:558)
	at sun.awt.X11.XContentWindow.handleExposeEvent(XContentWindow.java:45)
	at sun.awt.X11.XBaseWindow.dispatchEvent(XBaseWindow.java:1110)
	at sun.awt.X11.XBaseWindow.dispatchToWindow(XBaseWindow.java:1086)
	at sun.awt.X11.XToolkit.dispatchEvent(XToolkit.java:502)
	at sun.awt.X11.XToolkit.run(XToolkit.java:616)
	at sun.awt.X11.XToolkit.run(XToolkit.java:532)
	at java.lang.Thread.run(Thread.java:748)

Dec 16, 2018 3:29:37 AM sun.awt.X11.XToolkit processException
WARNING: Exception on Toolkit thread
java.lang.NullPointerException
	at java.awt.Component$BltBufferStrategy.contentsLost(Component.java:4479)
	at java.awt.Component$BltSubRegionBufferStrategy.showIfNotLost(Component.java:4542)
	at javax.swing.BufferStrategyPaintManager.show(BufferStrategyPaintManager.java:252)
	at javax.swing.RepaintManager.show(RepaintManager.java:1379)
	at javax.swing.SwingPaintEventDispatcher.createPaintEvent(SwingPaintEventDispatcher.java:61)
	at sun.awt.X11.XWindow.postPaintEvent(XWindow.java:564)
	at sun.awt.X11.XContentWindow.postPaintEvent(XContentWindow.java:163)
	at sun.awt.X11.XWindow.handleExposeEvent(XWindow.java:558)
	at sun.awt.X11.XContentWindow.handleExposeEvent(XContentWindow.java:45)
	at sun.awt.X11.XBaseWindow.dispatchEvent(XBaseWindow.java:1110)
	at sun.awt.X11.XBaseWindow.dispatchToWindow(XBaseWindow.java:1086)
	at sun.awt.X11.XToolkit.dispatchEvent(XToolkit.java:502)
	at sun.awt.X11.XToolkit.run(XToolkit.java:616)
	at sun.awt.X11.XToolkit.run(XToolkit.java:532)
	at java.lang.Thread.run(Thread.java:748)

WARNING: Clock: Model stopped before executing actions (e.g. producing outputs) scheduled for execution at times [24.0]
WARNING: Invoking send() too late (probably in a callback), so WebSocketServer is not able to send the token {socketID = 0, status = "closed"} to the output connection. Token is discarded.
WARNING: Invoking send() too late (probably in a callback), so WebSocketServer is not able to send the token {socketID = 0, status = "closed"} to the output connection. Token is discarded.
WARNING: Clock: Model stopped before executing actions (e.g. producing outputs) scheduled for execution at times [11.0]
WARNING: Clock: Model stopped before executing actions (e.g. producing outputs) scheduled for execution at times [11.0]
WARNING: Invoking send() too late (probably in a callback), so WebSocketServer is not able to send the token {socketID = 0, status = "closed"} to the output connection. Token is discarded.
WARNING: Invoking send() too late (probably in a callback), so WebSocketServer is not able to send the token {socketID = 0, status = "closed"} to the output connection. Token is discarded.
[atomic-processor-1] INFO com.github.sarxos.webcam.ds.cgt.WebcamOpenTask - Opening webcam Dummy Webcam 0
WARNING: Invoking send() too late (probably in a callback), so Camera is not able to send the token {type="class ptolemy.data.AWTImageToken", width="640", height="480"} to the output image. Token is discarded.
[atomic-processor-1] INFO com.github.sarxos.webcam.ds.cgt.WebcamCloseTask - Closing Dummy Webcam 0
JavaScript: Connection failed after 11 tries: Connection refused: localhost/127.0.0.1:8080
Connection refused
JavaScript: Connection failed after 11 tries: Connection refused: localhost/127.0.0.1:1984
Connection refused
Dec 16, 2018 3:41:29 AM sun.awt.X11.XToolkit processException
WARNING: Exception on Toolkit thread
java.lang.NullPointerException
	at java.awt.Component$BltBufferStrategy.contentsLost(Component.java:4479)
	at java.awt.Component$BltSubRegionBufferStrategy.showIfNotLost(Component.java:4542)
	at javax.swing.BufferStrategyPaintManager.show(BufferStrategyPaintManager.java:252)
	at javax.swing.RepaintManager.show(RepaintManager.java:1379)
	at javax.swing.SwingPaintEventDispatcher.createPaintEvent(SwingPaintEventDispatcher.java:61)
	at sun.awt.X11.XWindow.postPaintEvent(XWindow.java:564)
	at sun.awt.X11.XContentWindow.postPaintEvent(XContentWindow.java:163)
	at sun.awt.X11.XWindow.handleExposeEvent(XWindow.java:558)
	at sun.awt.X11.XContentWindow.handleExposeEvent(XContentWindow.java:45)
	at sun.awt.X11.XBaseWindow.dispatchEvent(XBaseWindow.java:1110)
	at sun.awt.X11.XBaseWindow.dispatchToWindow(XBaseWindow.java:1086)
	at sun.awt.X11.XToolkit.dispatchEvent(XToolkit.java:502)
	at sun.awt.X11.XToolkit.run(XToolkit.java:616)
	at sun.awt.X11.XToolkit.run(XToolkit.java:532)
	at java.lang.Thread.run(Thread.java:748)

WARNING: TestSpontaneous: Model stopped before executing actions (e.g. producing outputs) scheduled for execution at times [19.0]
WARNING: Invoking send() too late (probably in a callback), so WebSocketServer is not able to send the token {socketID = 0, status = "closed"} to the output connection. Token is discarded.
WARNING: Invoking send() too late (probably in a callback), so WebSocketServer is not able to send the token {socketID = 0, status = "closed"} to the output connection. Token is discarded.
[atomic-processor-1] INFO com.github.sarxos.webcam.ds.cgt.WebcamOpenTask - Opening webcam Dummy Webcam 0
[atomic-processor-1] INFO com.github.sarxos.webcam.ds.cgt.WebcamCloseTask - Closing Dummy Webcam 0
WARNING: Invoking send() too late (probably in a callback), so WebSocketServer is not able to send the token {socketID = 0, status = "closed"} to the output connection. Token is discarded.
WARNING: Invoking send() too late (probably in a callback), so WebSocketServer is not able to send the token {socketID = 0, status = "closed"} to the output connection. Token is discarded.
WARNING: WebSocketClient: Model stopped before executing actions (e.g. producing outputs) scheduled for execution at times [19.738, 19.739]
WARNING: TestSpontaneous: Model stopped before executing actions (e.g. producing outputs) scheduled for execution at times [12.5]
]]></system-err>
</testsuite>
