<?xml version="1.0" encoding="UTF-8" ?>
<testsuite errors="0" failures="0" hostname="travis-job-36151ef6-cc25-48a8-8bca-b66f69a29b09" name="ptolemy.domains.de.test.junit.JUnitTclTest" skipped="0" tests="101" time="126.482" timestamp="2018-12-24T03:08:12">
  <properties>
[...]
</properties>
  <testcase classname="ptolemy.util.test.junit.TclTests" name="[0] /home/travis/build/icyphy/ptII/ptolemy/domains/de/test/DependencyLoop.tcl (RunTclFile)" time="0.802" />
  <testcase classname="ptolemy.util.test.junit.TclTests" name="[1] /home/travis/build/icyphy/ptII/ptolemy/domains/de/test/RunDETestsAsQSS.tcl (RunTclFile)" time="85.762" />
  <testcase classname="ptolemy.util.test.junit.AutoKnownFailedTests" name="[0] /home/travis/build/icyphy/ptII/ptolemy/domains/de/test/auto/knownFailedTests/DESDFClockTest.xml (RunModel)" time="2.037" />
  <testcase classname="ptolemy.util.test.junit.AutoKnownFailedTests" name="[1] /home/travis/build/icyphy/ptII/ptolemy/domains/de/test/auto/knownFailedTests/DirectFeedback.xml (RunModel)" time="0.017" />
  <testcase classname="ptolemy.util.test.junit.AutoKnownFailedTests" name="[2] /home/travis/build/icyphy/ptII/ptolemy/domains/de/test/auto/knownFailedTests/FSMSource.xml (RunModel)" time="0.017" />
  <testcase classname="ptolemy.util.test.junit.AutoKnownFailedTests" name="[3] /home/travis/build/icyphy/ptII/ptolemy/domains/de/test/auto/knownFailedTests/HierarchicalModel.xml (RunModel)" time="0.035" />
  <testcase classname="ptolemy.util.test.junit.AutoKnownFailedTests" name="[4] /home/travis/build/icyphy/ptII/ptolemy/domains/de/test/auto/knownFailedTests/dependencyLoop.xml (RunModel)" time="0.038" />
  <testcase classname="ptolemy.util.test.junit.AutoKnownFailedTests" name="[5] /home/travis/build/icyphy/ptII/ptolemy/domains/de/test/auto/knownFailedTests/dependencyLoop2.xml (RunModel)" time="0.055" />
  <testcase classname="ptolemy.util.test.junit.AutoNameArchTests" name="[0] ThereAreNoAutoArchTests (RunModel)" time="0.0" />
  <testcase classname="ptolemy.util.test.junit.AutoTests" name="[0] /home/travis/build/icyphy/ptII/ptolemy/domains/de/test/auto/ActorDepthCalculation_actorWithoutPorts.xml (RunModel)" time="0.023" />
  <testcase classname="ptolemy.util.test.junit.AutoTests" name="[1] /home/travis/build/icyphy/ptII/ptolemy/domains/de/test/auto/AssemblyLine.xml (RunModel)" time="0.016" />
  <testcase classname="ptolemy.util.test.junit.AutoTests" name="[2] /home/travis/build/icyphy/ptII/ptolemy/domains/de/test/auto/CQBug1.xml (RunModel)" time="0.007" />
  <testcase classname="ptolemy.util.test.junit.AutoTests" name="[3] /home/travis/build/icyphy/ptII/ptolemy/domains/de/test/auto/CancelFireAt.xml (RunModel)" time="0.005" />
  <testcase classname="ptolemy.util.test.junit.AutoTests" name="[4] /home/travis/build/icyphy/ptII/ptolemy/domains/de/test/auto/CausalityAndComposabilityAnalysis.xml (RunModel)" time="0.011" />
  <testcase classname="ptolemy.util.test.junit.AutoTests" name="[5] /home/travis/build/icyphy/ptII/ptolemy/domains/de/test/auto/CausalityInterface1.xml (RunModel)" time="0.012" />
  <testcase classname="ptolemy.util.test.junit.AutoTests" name="[6] /home/travis/build/icyphy/ptII/ptolemy/domains/de/test/auto/CausalityInterface15.xml (RunModel)" time="0.013" />
  <testcase classname="ptolemy.util.test.junit.AutoTests" name="[7] /home/travis/build/icyphy/ptII/ptolemy/domains/de/test/auto/CausalityInterface2.xml (RunModel)" time="0.01" />
  <testcase classname="ptolemy.util.test.junit.AutoTests" name="[8] /home/travis/build/icyphy/ptII/ptolemy/domains/de/test/auto/CausalityInterface3.xml (RunModel)" time="0.011" />
  <testcase classname="ptolemy.util.test.junit.AutoTests" name="[9] /home/travis/build/icyphy/ptII/ptolemy/domains/de/test/auto/ClockDrift.xml (RunModel)" time="0.034" />
  <testcase classname="ptolemy.util.test.junit.AutoTests" name="[10] /home/travis/build/icyphy/ptII/ptolemy/domains/de/test/auto/ClockDriftAndValueChange.xml (RunModel)" time="0.022" />
  <testcase classname="ptolemy.util.test.junit.AutoTests" name="[11] /home/travis/build/icyphy/ptII/ptolemy/domains/de/test/auto/ClockDriftChange.xml (RunModel)" time="0.019" />
  <testcase classname="ptolemy.util.test.junit.AutoTests" name="[12] /home/travis/build/icyphy/ptII/ptolemy/domains/de/test/auto/ComposableCausalityAnalysis.xml (RunModel)" time="0.013" />
  <testcase classname="ptolemy.util.test.junit.AutoTests" name="[13] /home/travis/build/icyphy/ptII/ptolemy/domains/de/test/auto/DEFixedPointLimitation.xml (RunModel)" time="0.006" />
  <testcase classname="ptolemy.util.test.junit.AutoTests" name="[14] /home/travis/build/icyphy/ptII/ptolemy/domains/de/test/auto/DEScheduleTest.xml (RunModel)" time="0.008" />
  <testcase classname="ptolemy.util.test.junit.AutoTests" name="[15] /home/travis/build/icyphy/ptII/ptolemy/domains/de/test/auto/DEinDEwithStartTimes.xml (RunModel)" time="0.009" />
  <testcase classname="ptolemy.util.test.junit.AutoTests" name="[16] /home/travis/build/icyphy/ptII/ptolemy/domains/de/test/auto/DEinDEwithStartTimes2.xml (RunModel)" time="0.019" />
  <testcase classname="ptolemy.util.test.junit.AutoTests" name="[17] /home/travis/build/icyphy/ptII/ptolemy/domains/de/test/auto/DateDemo.xml (RunModel)" time="0.031" />
  <testcase classname="ptolemy.util.test.junit.AutoTests" name="[18] /home/travis/build/icyphy/ptII/ptolemy/domains/de/test/auto/DateToEvent.xml (RunModel)" time="2.037" />
  <testcase classname="ptolemy.util.test.junit.AutoTests" name="[19] /home/travis/build/icyphy/ptII/ptolemy/domains/de/test/auto/DepthTest1.xml (RunModel)" time="0.007" />
  <testcase classname="ptolemy.util.test.junit.AutoTests" name="[20] /home/travis/build/icyphy/ptII/ptolemy/domains/de/test/auto/DepthTest2.xml (RunModel)" time="0.016" />
  <testcase classname="ptolemy.util.test.junit.AutoTests" name="[21] /home/travis/build/icyphy/ptII/ptolemy/domains/de/test/auto/DepthTest3.xml (RunModel)" time="0.007" />
  <testcase classname="ptolemy.util.test.junit.AutoTests" name="[22] /home/travis/build/icyphy/ptII/ptolemy/domains/de/test/auto/DepthTest4.xml (RunModel)" time="0.012" />
  <testcase classname="ptolemy.util.test.junit.AutoTests" name="[23] /home/travis/build/icyphy/ptII/ptolemy/domains/de/test/auto/DepthTest5.xml (RunModel)" time="0.014" />
  <testcase classname="ptolemy.util.test.junit.AutoTests" name="[24] /home/travis/build/icyphy/ptII/ptolemy/domains/de/test/auto/DepthTest6.xml (RunModel)" time="0.015" />
  <testcase classname="ptolemy.util.test.junit.AutoTests" name="[25] /home/travis/build/icyphy/ptII/ptolemy/domains/de/test/auto/DepthTest7.xml (RunModel)" time="0.013" />
  <testcase classname="ptolemy.util.test.junit.AutoTests" name="[26] /home/travis/build/icyphy/ptII/ptolemy/domains/de/test/auto/EventToDate.xml (RunModel)" time="3.043" />
  <testcase classname="ptolemy.util.test.junit.AutoTests" name="[27] /home/travis/build/icyphy/ptII/ptolemy/domains/de/test/auto/FSM1.xml (RunModel)" time="0.033" />
  <testcase classname="ptolemy.util.test.junit.AutoTests" name="[28] /home/travis/build/icyphy/ptII/ptolemy/domains/de/test/auto/FSM7.xml (RunModel)" time="0.032" />
  <testcase classname="ptolemy.util.test.junit.AutoTests" name="[29] /home/travis/build/icyphy/ptII/ptolemy/domains/de/test/auto/Inspection.xml (RunModel)" time="0.035" />
  <testcase classname="ptolemy.util.test.junit.AutoTests" name="[30] /home/travis/build/icyphy/ptII/ptolemy/domains/de/test/auto/Iteration.xml (RunModel)" time="0.017" />
  <testcase classname="ptolemy.util.test.junit.AutoTests" name="[31] /home/travis/build/icyphy/ptII/ptolemy/domains/de/test/auto/LineFault.xml (RunModel)" time="0.499" />
  <testcase classname="ptolemy.util.test.junit.AutoTests" name="[32] /home/travis/build/icyphy/ptII/ptolemy/domains/de/test/auto/MergeModel1Add.xml (RunModel)" time="0.037" />
  <testcase classname="ptolemy.util.test.junit.AutoTests" name="[33] /home/travis/build/icyphy/ptII/ptolemy/domains/de/test/auto/MergeModel2Add.xml (RunModel)" time="0.035" />
  <testcase classname="ptolemy.util.test.junit.AutoTests" name="[34] /home/travis/build/icyphy/ptII/ptolemy/domains/de/test/auto/MergeModel3Add.xml (RunModel)" time="0.045" />
  <testcase classname="ptolemy.util.test.junit.AutoTests" name="[35] /home/travis/build/icyphy/ptII/ptolemy/domains/de/test/auto/MergeWithoutDiscard.xml (RunModel)" time="0.011" />
  <testcase classname="ptolemy.util.test.junit.AutoTests" name="[36] /home/travis/build/icyphy/ptII/ptolemy/domains/de/test/auto/Modal1.xml (RunModel)" time="0.03" />
  <testcase classname="ptolemy.util.test.junit.AutoTests" name="[37] /home/travis/build/icyphy/ptII/ptolemy/domains/de/test/auto/Modal2.xml (RunModel)" time="0.034" />
  <testcase classname="ptolemy.util.test.junit.AutoTests" name="[38] /home/travis/build/icyphy/ptII/ptolemy/domains/de/test/auto/Modal3.xml (RunModel)" time="0.025" />
  <testcase classname="ptolemy.util.test.junit.AutoTests" name="[39] /home/travis/build/icyphy/ptII/ptolemy/domains/de/test/auto/Modal4.xml (RunModel)" time="0.026" />
  <testcase classname="ptolemy.util.test.junit.AutoTests" name="[40] /home/travis/build/icyphy/ptII/ptolemy/domains/de/test/auto/Modal5.xml (RunModel)" time="0.026" />
  <testcase classname="ptolemy.util.test.junit.AutoTests" name="[41] /home/travis/build/icyphy/ptII/ptolemy/domains/de/test/auto/Modal6.xml (RunModel)" time="0.027" />
  <testcase classname="ptolemy.util.test.junit.AutoTests" name="[42] /home/travis/build/icyphy/ptII/ptolemy/domains/de/test/auto/Modal7.xml (RunModel)" time="0.027" />
  <testcase classname="ptolemy.util.test.junit.AutoTests" name="[43] /home/travis/build/icyphy/ptII/ptolemy/domains/de/test/auto/ModalModel.xml (RunModel)" time="0.137" />
  <testcase classname="ptolemy.util.test.junit.AutoTests" name="[44] /home/travis/build/icyphy/ptII/ptolemy/domains/de/test/auto/ModalSource.xml (RunModel)" time="0.017" />
  <testcase classname="ptolemy.util.test.junit.AutoTests" name="[45] /home/travis/build/icyphy/ptII/ptolemy/domains/de/test/auto/NonInterruptibleTimerZeroDelay.xml (RunModel)" time="0.011" />
  <testcase classname="ptolemy.util.test.junit.AutoTests" name="[46] /home/travis/build/icyphy/ptII/ptolemy/domains/de/test/auto/OpenQueueingNetwork.xml (RunModel)" time="2.022" />
  <testcase classname="ptolemy.util.test.junit.AutoTests" name="[47] /home/travis/build/icyphy/ptII/ptolemy/domains/de/test/auto/OpenQueuingNetwork.xml (RunModel)" time="0.262" />
  <testcase classname="ptolemy.util.test.junit.AutoTests" name="[48] /home/travis/build/icyphy/ptII/ptolemy/domains/de/test/auto/PeriodicSampler.xml (RunModel)" time="0.008" />
  <testcase classname="ptolemy.util.test.junit.AutoTests" name="[49] /home/travis/build/icyphy/ptII/ptolemy/domains/de/test/auto/PersistentIO.xml (RunModel)" time="0.019" />
  <testcase classname="ptolemy.util.test.junit.AutoTests" name="[50] /home/travis/build/icyphy/ptII/ptolemy/domains/de/test/auto/PortParameterResetOnInitialize.xml (RunModel)" time="0.008" />
  <testcase classname="ptolemy.util.test.junit.AutoTests" name="[51] /home/travis/build/icyphy/ptII/ptolemy/domains/de/test/auto/PortParameterUpdates.xml (RunModel)" time="0.015" />
  <testcase classname="ptolemy.util.test.junit.AutoTests" name="[52] /home/travis/build/icyphy/ptII/ptolemy/domains/de/test/auto/QueueAndServer.xml (RunModel)" time="0.023" />
  <testcase classname="ptolemy.util.test.junit.AutoTests" name="[53] /home/travis/build/icyphy/ptII/ptolemy/domains/de/test/auto/Records.xml (RunModel)" time="0.017" />
  <testcase classname="ptolemy.util.test.junit.AutoTests" name="[54] /home/travis/build/icyphy/ptII/ptolemy/domains/de/test/auto/ResetTransitionWithStartTime1.xml (RunModel)" time="0.025" />
  <testcase classname="ptolemy.util.test.junit.AutoTests" name="[55] /home/travis/build/icyphy/ptII/ptolemy/domains/de/test/auto/ResetTransitionWithStartTime2.xml (RunModel)" time="0.022" />
  <testcase classname="ptolemy.util.test.junit.AutoTests" name="[56] /home/travis/build/icyphy/ptII/ptolemy/domains/de/test/auto/ResetTransitionWithStartTime3.xml (RunModel)" time="0.023" />
  <testcase classname="ptolemy.util.test.junit.AutoTests" name="[57] /home/travis/build/icyphy/ptII/ptolemy/domains/de/test/auto/ResetTransitionWithStartTime4.xml (RunModel)" time="0.02" />
  <testcase classname="ptolemy.util.test.junit.AutoTests" name="[58] /home/travis/build/icyphy/ptII/ptolemy/domains/de/test/auto/ResettableTimer1.xml (RunModel)" time="0.009" />
  <testcase classname="ptolemy.util.test.junit.AutoTests" name="[59] /home/travis/build/icyphy/ptII/ptolemy/domains/de/test/auto/ResettableTimer2.xml (RunModel)" time="0.009" />
  <testcase classname="ptolemy.util.test.junit.AutoTests" name="[60] /home/travis/build/icyphy/ptII/ptolemy/domains/de/test/auto/ResettableTimer3.xml (RunModel)" time="0.009" />
  <testcase classname="ptolemy.util.test.junit.AutoTests" name="[61] /home/travis/build/icyphy/ptII/ptolemy/domains/de/test/auto/ResettableTimer4.xml (RunModel)" time="0.009" />
  <testcase classname="ptolemy.util.test.junit.AutoTests" name="[62] /home/travis/build/icyphy/ptII/ptolemy/domains/de/test/auto/ResettableTimer5.xml (RunModel)" time="0.009" />
  <testcase classname="ptolemy.util.test.junit.AutoTests" name="[63] /home/travis/build/icyphy/ptII/ptolemy/domains/de/test/auto/ResettableTimer6.xml (RunModel)" time="0.019" />
  <testcase classname="ptolemy.util.test.junit.AutoTests" name="[64] /home/travis/build/icyphy/ptII/ptolemy/domains/de/test/auto/ServerZeroDelay.xml (RunModel)" time="0.01" />
  <testcase classname="ptolemy.util.test.junit.AutoTests" name="[65] /home/travis/build/icyphy/ptII/ptolemy/domains/de/test/auto/SmartSender.xml (RunModel)" time="3.011" />
  <testcase classname="ptolemy.util.test.junit.AutoTests" name="[66] /home/travis/build/icyphy/ptII/ptolemy/domains/de/test/auto/ThreadedComposite.xml (RunModel)" time="0.446" />
  <testcase classname="ptolemy.util.test.junit.AutoTests" name="[67] /home/travis/build/icyphy/ptII/ptolemy/domains/de/test/auto/Time.xml (RunModel)" time="0.475" />
  <testcase classname="ptolemy.util.test.junit.AutoTests" name="[68] /home/travis/build/icyphy/ptII/ptolemy/domains/de/test/auto/TimeDelayZeroDelay.xml (RunModel)" time="0.011" />
  <testcase classname="ptolemy.util.test.junit.AutoTests" name="[69] /home/travis/build/icyphy/ptII/ptolemy/domains/de/test/auto/TimerZeroDelay.xml (RunModel)" time="0.009" />
  <testcase classname="ptolemy.util.test.junit.AutoTests" name="[70] /home/travis/build/icyphy/ptII/ptolemy/domains/de/test/auto/TimingParadox.xml (RunModel)" time="0.351" />
  <testcase classname="ptolemy.util.test.junit.AutoTests" name="[71] /home/travis/build/icyphy/ptII/ptolemy/domains/de/test/auto/TransferInputs.xml (RunModel)" time="0.009" />
  <testcase classname="ptolemy.util.test.junit.AutoTests" name="[72] /home/travis/build/icyphy/ptII/ptolemy/domains/de/test/auto/TransferOutputs2.xml (RunModel)" time="0.015" />
  <testcase classname="ptolemy.util.test.junit.AutoTests" name="[73] /home/travis/build/icyphy/ptII/ptolemy/domains/de/test/auto/Trilateration.xml (RunModel)" time="11.841" />
  <testcase classname="ptolemy.util.test.junit.AutoTests" name="[74] /home/travis/build/icyphy/ptII/ptolemy/domains/de/test/auto/TwoSigmaDelta.xml (RunModel)" time="1.939" />
  <testcase classname="ptolemy.util.test.junit.AutoTests" name="[75] /home/travis/build/icyphy/ptII/ptolemy/domains/de/test/auto/VariableDelay.xml (RunModel)" time="0.01" />
  <testcase classname="ptolemy.util.test.junit.AutoTests" name="[76] /home/travis/build/icyphy/ptII/ptolemy/domains/de/test/auto/VariableDelay2.xml (RunModel)" time="0.006" />
  <testcase classname="ptolemy.util.test.junit.AutoTests" name="[77] /home/travis/build/icyphy/ptII/ptolemy/domains/de/test/auto/VariableDelayZeroDelay.xml (RunModel)" time="0.011" />
  <testcase classname="ptolemy.util.test.junit.AutoTests" name="[78] /home/travis/build/icyphy/ptII/ptolemy/domains/de/test/auto/VariableDelayZeroDelay2.xml (RunModel)" time="0.029" />
  <testcase classname="ptolemy.util.test.junit.AutoTests" name="[79] /home/travis/build/icyphy/ptII/ptolemy/domains/de/test/auto/deInCt.xml (RunModel)" time="0.02" />
  <testcase classname="ptolemy.util.test.junit.AutoTests" name="[80] /home/travis/build/icyphy/ptII/ptolemy/domains/de/test/auto/deInCt2.xml (RunModel)" time="0.014" />
  <testcase classname="ptolemy.util.test.junit.AutoTests" name="[81] /home/travis/build/icyphy/ptII/ptolemy/domains/de/test/auto/dynamicCausalityInterface1.xml (RunModel)" time="0.021" />
  <testcase classname="ptolemy.util.test.junit.AutoTests" name="[82] /home/travis/build/icyphy/ptII/ptolemy/domains/de/test/auto/fsm_de_test.xml (RunModel)" time="0.025" />
  <testcase classname="ptolemy.util.test.junit.AutoTests" name="[83] /home/travis/build/icyphy/ptII/ptolemy/domains/de/test/auto/functionDependencyReconstruction.xml (RunModel)" time="0.03" />
  <testcase classname="ptolemy.util.test.junit.AutoTests" name="[84] /home/travis/build/icyphy/ptII/ptolemy/domains/de/test/auto/multirate.xml (RunModel)" time="0.015" />
  <testcase classname="ptolemy.util.test.junit.AutoTests" name="[85] /home/travis/build/icyphy/ptII/ptolemy/domains/de/test/auto/multirate2.xml (RunModel)" time="0.013" />
  <testcase classname="ptolemy.util.test.junit.AutoTests" name="[86] /home/travis/build/icyphy/ptII/ptolemy/domains/de/test/auto/realtime.xml (RunModel)" time="10.011" />
  <testcase classname="ptolemy.util.test.junit.AutoTests" name="[87] /home/travis/build/icyphy/ptII/ptolemy/domains/de/test/auto/relationGroup.xml (RunModel)" time="0.008" />
  <testcase classname="ptolemy.util.test.junit.AutoTests" name="[88] /home/travis/build/icyphy/ptII/ptolemy/domains/de/test/auto/relationGroup2.xml (RunModel)" time="0.009" />
  <testcase classname="ptolemy.util.test.junit.AutoTests" name="[89] /home/travis/build/icyphy/ptII/ptolemy/domains/de/test/auto/sortWithOpaquePorts.xml (RunModel)" time="0.011" />
  <testcase classname="ptolemy.util.test.junit.AutoTests" name="[90] /home/travis/build/icyphy/ptII/ptolemy/domains/de/test/auto/transferInputsandOutputs.xml (RunModel)" time="0.014" />
  <testcase classname="ptolemy.util.test.junit.AutoTests" name="[91] /home/travis/build/icyphy/ptII/ptolemy/domains/de/test/auto/triggerType.xml (RunModel)" time="0.009" />
  <system-out><![CDATA[/home/travis/build/icyphy/ptII/ptolemy/domains/de/test/DependencyLoop.tcl
testDefs.tcl: setting time out to 9000 seconds at Mon Dec 24 03:08:12 UTC 2018
16 ms. Memory: 116224K Free: 93916K (81%)
17 ms. Memory: 146944K Free: 135041K (92%)
/home/travis/build/icyphy/ptII/ptolemy/domains/de/test/RunDETestsAsQSS.tcl
Run the DE tests using ptolemy.domains.qss.test.QSSDirectorTest, which extends QSSDirector and prints a message in the constructors.
------------------ testing $PTII/ptolemy/domains/de/test/auto/knownFailedTests/dependencyLoop.xml (Known Failure) 
15 ms. Memory: 146944K Free: 131929K (90%)


==== $PTIIhome/travis/build/icyphy/ptII/ptolemy/domains/de/test/../../../../: Auto Automatic test in file $PTII/ptolemy/domains/de/test/auto/knownFailedTests/dependencyLoop.xml
==== Contents of test case:

	    # FIXME: we should use $relativeFilename here, but it
	    # might have backslashes under Windows, which causes no end
	    # of trouble.
	    createAndExecute $file
	    list {}
	
.... Test generated KNOWN error:
    while executing
ptolemy.kernel.util.IllegalActionException: Found a zero delay loop containing .dependencyLoop.original
  in .dependencyLoop and .dependencyLoop.original
	at ptolemy.actor.util.CausalityInterfaceForComposites._computeOutputPortDepth(CausalityInterfaceForComposites.java:759)
	at ptolemy.actor.util.CausalityInterfaceForComposites._computeInputDepth(CausalityInterfaceForComposites.java:696)
	at ptolemy.actor.util.CausalityInterfaceForComposites._computeOutputPortDepth(CausalityInterfaceForComposites.java:765)
	at ptolemy.actor.util.CausalityInterfaceForComposites._computeInputDepth(CausalityInterfaceForComposites.java:696)
	at ptolemy.actor.util.CausalityInterfaceForComposites._computeOutputPortDepth(CausalityInterfaceForComposites.java:765)
	at ptolemy.actor.util.CausalityInterfaceForComposites._computeInputDepth(CausalityInterfaceForComposites.java:696)
	at ptolemy.actor.util.CausalityInterfaceForComposites._computeActorDepth(CausalityInterfaceForComposites.java:532)
	at ptolemy.actor.util.CausalityInterfaceForComposites.checkForCycles(CausalityInterfaceForComposites.java:96)
	at ptolemy.domains.de.kernel.DEDirector.preinitialize(DEDirector.java:1338)
	at ptolemy.actor.CompositeActor.preinitialize(CompositeActor.java:1828)
	at ptolemy.actor.Manager.preinitializeAndResolveTypes(Manager.java:1040)
	at ptolemy.actor.Manager.initialize(Manager.java:710)
	at ptolemy.actor.Manager.execute(Manager.java:356)
	at ptolemy.actor.Manager.run(Manager.java:1263)
	at ptolemy.actor.Manager$PtolemyRunThread.run(Manager.java:1915)

    while executing
ptolemy.kernel.util.IllegalActionException: Found a zero delay loop containing .dependencyLoop.original
  in .dependencyLoop and .dependencyLoop.original
    while executing
"java::new ptolemy.moml.MoMLSimpleApplication $file
"
    (procedure "createAndExecute" line 2)
    invoked from within
"createAndExecute $file"
    ("uplevel" body line 5)
    invoked from within
"uplevel $contents_of_test"
------------------ testing $PTII/ptolemy/domains/de/test/auto/knownFailedTests/DESDFClockTest.xml (Known Failure) 
2077 ms. Memory: 146944K Free: 116557K (79%)


==== $PTIIhome/travis/build/icyphy/ptII/ptolemy/domains/de/test/../../../../: Auto Automatic test in file $PTII/ptolemy/domains/de/test/auto/knownFailedTests/DESDFClockTest.xml
==== Contents of test case:

	    # FIXME: we should use $relativeFilename here, but it
	    # might have backslashes under Windows, which causes no end
	    # of trouble.
	    createAndExecute $file
	    list {}
	
.... Test generated KNOWN error:
    while executing
ptolemy.kernel.util.IllegalActionException: Actor is not ready to fire.  Perhaps UpSample.prefire() returned false? Try debugging the actor by selecting "Listen to Actor".  Also, for SDF check moml for tokenConsumptionRate on input.
  in .DESDFClockTest.Play Bell.Copy1:SDF Director and .DESDFClockTest.Play Bell.UpSample
	at ptolemy.actor.sched.StaticSchedulingDirector.fire(StaticSchedulingDirector.java:227)
	at ptolemy.domains.sdf.kernel.SDFDirector.fire(SDFDirector.java:500)
	at ptolemy.actor.CompositeActor.fire(CompositeActor.java:455)
	at ptolemy.domains.de.kernel.DEDirector._fire(DEDirector.java:1949)
	at ptolemy.domains.de.kernel.DEDirector.fire(DEDirector.java:502)
	at ptolemy.actor.CompositeActor.fire(CompositeActor.java:455)
	at ptolemy.actor.Manager.iterate(Manager.java:851)
	at ptolemy.actor.Manager.execute(Manager.java:369)
	at ptolemy.actor.Manager.run(Manager.java:1263)
	at ptolemy.actor.Manager$PtolemyRunThread.run(Manager.java:1915)

    while executing
ptolemy.kernel.util.IllegalActionException: Actor is not ready to fire.  Perhaps UpSample.prefire() returned false? Try debugging the actor by selecting "Listen to Actor".  Also, for SDF check moml for tokenConsumptionRate on input.
  in .DESDFClockTest.Play Bell.Copy1:SDF Director and .DESDFClockTest.Play Bell.UpSample
    while executing
"java::new ptolemy.moml.MoMLSimpleApplication $file
"
    (procedure "createAndExecute" line 2)
    invoked from within
"createAndExecute $file"
    ("uplevel" body line 5)
    invoked from within
"uplevel $contents_of_test"
------------------ testing $PTII/ptolemy/domains/de/test/auto/knownFailedTests/FSMSource.xml (Known Failure) 
34 ms. Memory: 146944K Free: 107575K (73%)
!!!! Auto was marked as failing, but now passes
------------------ testing $PTII/ptolemy/domains/de/test/auto/knownFailedTests/dependencyLoop2.xml (Known Failure) 
12 ms. Memory: 146944K Free: 105699K (72%)


==== $PTIIhome/travis/build/icyphy/ptII/ptolemy/domains/de/test/../../../../: Auto Automatic test in file $PTII/ptolemy/domains/de/test/auto/knownFailedTests/dependencyLoop2.xml
==== Contents of test case:

	    # FIXME: we should use $relativeFilename here, but it
	    # might have backslashes under Windows, which causes no end
	    # of trouble.
	    createAndExecute $file
	    list {}
	
.... Test generated KNOWN error:
    while executing
ptolemy.kernel.util.IllegalActionException: Found a zero delay loop containing .dependencyLoop2.original
  in .dependencyLoop2 and .dependencyLoop2.original
	at ptolemy.actor.util.CausalityInterfaceForComposites._computeOutputPortDepth(CausalityInterfaceForComposites.java:759)
	at ptolemy.actor.util.CausalityInterfaceForComposites._computeInputDepth(CausalityInterfaceForComposites.java:696)
	at ptolemy.actor.util.CausalityInterfaceForComposites._computeOutputPortDepth(CausalityInterfaceForComposites.java:765)
	at ptolemy.actor.util.CausalityInterfaceForComposites._computeInputDepth(CausalityInterfaceForComposites.java:696)
	at ptolemy.actor.util.CausalityInterfaceForComposites._computeOutputPortDepth(CausalityInterfaceForComposites.java:765)
	at ptolemy.actor.util.CausalityInterfaceForComposites._computeInputDepth(CausalityInterfaceForComposites.java:696)
	at ptolemy.actor.util.CausalityInterfaceForComposites._computeActorDepth(CausalityInterfaceForComposites.java:532)
	at ptolemy.actor.util.CausalityInterfaceForComposites.checkForCycles(CausalityInterfaceForComposites.java:96)
	at ptolemy.domains.de.kernel.DEDirector.preinitialize(DEDirector.java:1338)
	at ptolemy.actor.CompositeActor.preinitialize(CompositeActor.java:1828)
	at ptolemy.actor.Manager.preinitializeAndResolveTypes(Manager.java:1040)
	at ptolemy.actor.Manager.initialize(Manager.java:710)
	at ptolemy.actor.Manager.execute(Manager.java:356)
	at ptolemy.actor.Manager.run(Manager.java:1263)
	at ptolemy.actor.Manager$PtolemyRunThread.run(Manager.java:1915)

    while executing
ptolemy.kernel.util.IllegalActionException: Found a zero delay loop containing .dependencyLoop2.original
  in .dependencyLoop2 and .dependencyLoop2.original
    while executing
"java::new ptolemy.moml.MoMLSimpleApplication $file
"
    (procedure "createAndExecute" line 2)
    invoked from within
"createAndExecute $file"
    ("uplevel" body line 5)
    invoked from within
"uplevel $contents_of_test"
------------------ testing $PTII/ptolemy/domains/de/test/auto/knownFailedTests/HierarchicalModel.xml (Known Failure) 
5 ms. Memory: 146944K Free: 84020K (57%)


==== $PTIIhome/travis/build/icyphy/ptII/ptolemy/domains/de/test/../../../../: Auto Automatic test in file $PTII/ptolemy/domains/de/test/auto/knownFailedTests/HierarchicalModel.xml
==== Contents of test case:

	    # FIXME: we should use $relativeFilename here, but it
	    # might have backslashes under Windows, which causes no end
	    # of trouble.
	    createAndExecute $file
	    list {}
	
.... Test generated KNOWN error:
    while executing
ptolemy.kernel.util.IllegalActionException: Found a zero delay loop containing .HierarchicalModel.A
  in .HierarchicalModel and .HierarchicalModel.A
	at ptolemy.actor.util.CausalityInterfaceForComposites._computeOutputPortDepth(CausalityInterfaceForComposites.java:759)
	at ptolemy.actor.util.CausalityInterfaceForComposites._computeInputDepth(CausalityInterfaceForComposites.java:696)
	at ptolemy.actor.util.CausalityInterfaceForComposites._computeOutputPortDepth(CausalityInterfaceForComposites.java:765)
	at ptolemy.actor.util.CausalityInterfaceForComposites._computeInputDepth(CausalityInterfaceForComposites.java:696)
	at ptolemy.actor.util.CausalityInterfaceForComposites._computeOutputPortDepth(CausalityInterfaceForComposites.java:765)
	at ptolemy.actor.util.CausalityInterfaceForComposites._computeInputDepth(CausalityInterfaceForComposites.java:696)
	at ptolemy.actor.util.CausalityInterfaceForComposites._computeActorDepth(CausalityInterfaceForComposites.java:532)
	at ptolemy.actor.util.CausalityInterfaceForComposites.checkForCycles(CausalityInterfaceForComposites.java:96)
	at ptolemy.domains.de.kernel.DEDirector.preinitialize(DEDirector.java:1338)
	at ptolemy.actor.CompositeActor.preinitialize(CompositeActor.java:1828)
	at ptolemy.actor.Manager.preinitializeAndResolveTypes(Manager.java:1040)
	at ptolemy.actor.Manager.initialize(Manager.java:710)
	at ptolemy.actor.Manager.execute(Manager.java:356)
	at ptolemy.actor.Manager.run(Manager.java:1263)
	at ptolemy.actor.Manager$PtolemyRunThread.run(Manager.java:1915)

    while executing
ptolemy.kernel.util.IllegalActionException: Found a zero delay loop containing .HierarchicalModel.A
  in .HierarchicalModel and .HierarchicalModel.A
    while executing
"java::new ptolemy.moml.MoMLSimpleApplication $file
"
    (procedure "createAndExecute" line 2)
    invoked from within
"createAndExecute $file"
    ("uplevel" body line 5)
    invoked from within
"uplevel $contents_of_test"
------------------ testing $PTII/ptolemy/domains/de/test/auto/knownFailedTests/DirectFeedback.xml (Known Failure) 
4 ms. Memory: 146944K Free: 141139K (96%)


==== $PTIIhome/travis/build/icyphy/ptII/ptolemy/domains/de/test/../../../../: Auto Automatic test in file $PTII/ptolemy/domains/de/test/auto/knownFailedTests/DirectFeedback.xml
==== Contents of test case:

	    # FIXME: we should use $relativeFilename here, but it
	    # might have backslashes under Windows, which causes no end
	    # of trouble.
	    createAndExecute $file
	    list {}
	
.... Test generated KNOWN error:
    while executing
ptolemy.kernel.util.IllegalActionException: Test fails in iteration 1.
Value was: 1.0. Should have been: 2.0
  in .DirectFeedback.Test
	at ptolemy.actor.lib.Test.fire(Test.java:268)
	at ptolemy.domains.de.kernel.DEDirector._fire(DEDirector.java:1949)
	at ptolemy.domains.de.kernel.DEDirector.fire(DEDirector.java:502)
	at ptolemy.actor.CompositeActor.fire(CompositeActor.java:455)
	at ptolemy.actor.Manager.iterate(Manager.java:851)
	at ptolemy.actor.Manager.execute(Manager.java:369)
	at ptolemy.actor.Manager.run(Manager.java:1263)
	at ptolemy.actor.Manager$PtolemyRunThread.run(Manager.java:1915)

    while executing
ptolemy.kernel.util.IllegalActionException: Test fails in iteration 1.
Value was: 1.0. Should have been: 2.0
  in .DirectFeedback.Test
    while executing
"java::new ptolemy.moml.MoMLSimpleApplication $file
"
    (procedure "createAndExecute" line 2)
    invoked from within
"createAndExecute $file"
    ("uplevel" body line 5)
    invoked from within
"uplevel $contents_of_test"
------------------ testing $PTII/ptolemy/domains/de/test/auto/ActorDepthCalculation_actorWithoutPorts.xml
auto.tcl: Setting watchdog for 200 seconds at Mon Dec 24 03:08:16 UTC 2018
10 ms. Memory: 146944K Free: 132419K (90%)
ptolemy.util.test.WatchDog.cancel(): canceling Mon Dec 24 03:08:16 UTC 2018
auto.tcl: Setting watchdog for 200 seconds at Mon Dec 24 03:08:16 UTC 2018
4 ms. Memory: 146944K Free: 131376K (89%)
ptolemy.util.test.WatchDog.cancel(): canceling Mon Dec 24 03:08:16 UTC 2018
------------------ testing $PTII/ptolemy/domains/de/test/auto/AssemblyLine.xml
auto.tcl: Setting watchdog for 200 seconds at Mon Dec 24 03:08:16 UTC 2018
12 ms. Memory: 208384K Free: 186323K (89%)
ptolemy.util.test.WatchDog.cancel(): canceling Mon Dec 24 03:08:16 UTC 2018
auto.tcl: Setting watchdog for 200 seconds at Mon Dec 24 03:08:16 UTC 2018
6 ms. Memory: 208384K Free: 186323K (89%)
ptolemy.util.test.WatchDog.cancel(): canceling Mon Dec 24 03:08:16 UTC 2018
------------------ testing $PTII/ptolemy/domains/de/test/auto/CQBug1.xml
auto.tcl: Setting watchdog for 200 seconds at Mon Dec 24 03:08:16 UTC 2018
14 ms. Memory: 208384K Free: 197712K (95%)
ptolemy.util.test.WatchDog.cancel(): canceling Mon Dec 24 03:08:16 UTC 2018
auto.tcl: Setting watchdog for 200 seconds at Mon Dec 24 03:08:16 UTC 2018
2 ms. Memory: 208384K Free: 197712K (95%)
ptolemy.util.test.WatchDog.cancel(): canceling Mon Dec 24 03:08:16 UTC 2018
------------------ testing $PTII/ptolemy/domains/de/test/auto/CancelFireAt.xml
auto.tcl: Setting watchdog for 200 seconds at Mon Dec 24 03:08:16 UTC 2018
4 ms. Memory: 208384K Free: 201426K (97%)
ptolemy.util.test.WatchDog.cancel(): canceling Mon Dec 24 03:08:16 UTC 2018
auto.tcl: Setting watchdog for 200 seconds at Mon Dec 24 03:08:16 UTC 2018
17 ms. Memory: 208384K Free: 198992K (95%)
ptolemy.util.test.WatchDog.cancel(): canceling Mon Dec 24 03:08:16 UTC 2018
------------------ testing $PTII/ptolemy/domains/de/test/auto/CausalityAndComposabilityAnalysis.xml
auto.tcl: Setting watchdog for 200 seconds at Mon Dec 24 03:08:16 UTC 2018
29 ms. Memory: 208384K Free: 196497K (94%)
ptolemy.util.test.WatchDog.cancel(): canceling Mon Dec 24 03:08:16 UTC 2018
auto.tcl: Setting watchdog for 200 seconds at Mon Dec 24 03:08:16 UTC 2018
4 ms. Memory: 208384K Free: 196497K (94%)
ptolemy.util.test.WatchDog.cancel(): canceling Mon Dec 24 03:08:16 UTC 2018
------------------ testing $PTII/ptolemy/domains/de/test/auto/CausalityInterface1.xml
auto.tcl: Setting watchdog for 200 seconds at Mon Dec 24 03:08:16 UTC 2018
19 ms. Memory: 208384K Free: 196434K (94%)
ptolemy.util.test.WatchDog.cancel(): canceling Mon Dec 24 03:08:17 UTC 2018
auto.tcl: Setting watchdog for 200 seconds at Mon Dec 24 03:08:17 UTC 2018
3 ms. Memory: 208384K Free: 196434K (94%)
ptolemy.util.test.WatchDog.cancel(): canceling Mon Dec 24 03:08:17 UTC 2018
------------------ testing $PTII/ptolemy/domains/de/test/auto/CausalityInterface15.xml
auto.tcl: Setting watchdog for 200 seconds at Mon Dec 24 03:08:17 UTC 2018
7 ms. Memory: 208384K Free: 196426K (94%)
ptolemy.util.test.WatchDog.cancel(): canceling Mon Dec 24 03:08:17 UTC 2018
auto.tcl: Setting watchdog for 200 seconds at Mon Dec 24 03:08:17 UTC 2018
4 ms. Memory: 208384K Free: 196426K (94%)
ptolemy.util.test.WatchDog.cancel(): canceling Mon Dec 24 03:08:17 UTC 2018
------------------ testing $PTII/ptolemy/domains/de/test/auto/CausalityInterface2.xml
auto.tcl: Setting watchdog for 200 seconds at Mon Dec 24 03:08:17 UTC 2018
4 ms. Memory: 208384K Free: 196410K (94%)
ptolemy.util.test.WatchDog.cancel(): canceling Mon Dec 24 03:08:17 UTC 2018
auto.tcl: Setting watchdog for 200 seconds at Mon Dec 24 03:08:17 UTC 2018
2 ms. Memory: 208384K Free: 196410K (94%)
ptolemy.util.test.WatchDog.cancel(): canceling Mon Dec 24 03:08:17 UTC 2018
------------------ testing $PTII/ptolemy/domains/de/test/auto/CausalityInterface3.xml
auto.tcl: Setting watchdog for 200 seconds at Mon Dec 24 03:08:17 UTC 2018
8 ms. Memory: 208384K Free: 196422K (94%)
ptolemy.util.test.WatchDog.cancel(): canceling Mon Dec 24 03:08:17 UTC 2018
auto.tcl: Setting watchdog for 200 seconds at Mon Dec 24 03:08:17 UTC 2018
6 ms. Memory: 208384K Free: 196422K (94%)
ptolemy.util.test.WatchDog.cancel(): canceling Mon Dec 24 03:08:17 UTC 2018
------------------ testing $PTII/ptolemy/domains/de/test/auto/ClockDrift.xml
auto.tcl: Setting watchdog for 200 seconds at Mon Dec 24 03:08:17 UTC 2018
84 ms. Memory: 208384K Free: 187669K (90%)
ptolemy.util.test.WatchDog.cancel(): canceling Mon Dec 24 03:08:17 UTC 2018
auto.tcl: Setting watchdog for 200 seconds at Mon Dec 24 03:08:17 UTC 2018
44 ms. Memory: 208384K Free: 185575K (89%)
ptolemy.util.test.WatchDog.cancel(): canceling Mon Dec 24 03:08:17 UTC 2018
------------------ testing $PTII/ptolemy/domains/de/test/auto/ClockDriftAndValueChange.xml
auto.tcl: Setting watchdog for 200 seconds at Mon Dec 24 03:08:17 UTC 2018
52 ms. Memory: 208384K Free: 187497K (90%)
ptolemy.util.test.WatchDog.cancel(): canceling Mon Dec 24 03:08:17 UTC 2018
auto.tcl: Setting watchdog for 200 seconds at Mon Dec 24 03:08:17 UTC 2018
32 ms. Memory: 208384K Free: 185402K (89%)
ptolemy.util.test.WatchDog.cancel(): canceling Mon Dec 24 03:08:17 UTC 2018
------------------ testing $PTII/ptolemy/domains/de/test/auto/ClockDriftChange.xml
auto.tcl: Setting watchdog for 200 seconds at Mon Dec 24 03:08:17 UTC 2018
17 ms. Memory: 208384K Free: 190570K (91%)
ptolemy.util.test.WatchDog.cancel(): canceling Mon Dec 24 03:08:17 UTC 2018
auto.tcl: Setting watchdog for 200 seconds at Mon Dec 24 03:08:17 UTC 2018
16 ms. Memory: 208384K Free: 188475K (90%)
ptolemy.util.test.WatchDog.cancel(): canceling Mon Dec 24 03:08:17 UTC 2018
------------------ testing $PTII/ptolemy/domains/de/test/auto/ComposableCausalityAnalysis.xml
auto.tcl: Setting watchdog for 200 seconds at Mon Dec 24 03:08:17 UTC 2018
1 ms. Memory: 208384K Free: 196023K (94%)
ptolemy.util.test.WatchDog.cancel(): canceling Mon Dec 24 03:08:17 UTC 2018
auto.tcl: Setting watchdog for 200 seconds at Mon Dec 24 03:08:17 UTC 2018
2 ms. Memory: 208384K Free: 193928K (93%)
ptolemy.util.test.WatchDog.cancel(): canceling Mon Dec 24 03:08:17 UTC 2018
------------------ testing $PTII/ptolemy/domains/de/test/auto/DEFixedPointLimitation.xml
auto.tcl: Setting watchdog for 200 seconds at Mon Dec 24 03:08:17 UTC 2018
2 ms. Memory: 208384K Free: 195901K (94%)
ptolemy.util.test.WatchDog.cancel(): canceling Mon Dec 24 03:08:17 UTC 2018
auto.tcl: Setting watchdog for 200 seconds at Mon Dec 24 03:08:18 UTC 2018
1 ms. Memory: 208384K Free: 195901K (94%)
ptolemy.util.test.WatchDog.cancel(): canceling Mon Dec 24 03:08:18 UTC 2018
------------------ testing $PTII/ptolemy/domains/de/test/auto/DEScheduleTest.xml
auto.tcl: Setting watchdog for 200 seconds at Mon Dec 24 03:08:18 UTC 2018
6 ms. Memory: 208384K Free: 198030K (95%)
ptolemy.util.test.WatchDog.cancel(): canceling Mon Dec 24 03:08:18 UTC 2018
auto.tcl: Setting watchdog for 200 seconds at Mon Dec 24 03:08:18 UTC 2018
4 ms. Memory: 208384K Free: 195936K (94%)
ptolemy.util.test.WatchDog.cancel(): canceling Mon Dec 24 03:08:18 UTC 2018
------------------ testing $PTII/ptolemy/domains/de/test/auto/DEinDEwithStartTimes.xml
auto.tcl: Setting watchdog for 200 seconds at Mon Dec 24 03:08:18 UTC 2018
6 ms. Memory: 208384K Free: 195905K (94%)
ptolemy.util.test.WatchDog.cancel(): canceling Mon Dec 24 03:08:18 UTC 2018
auto.tcl: Setting watchdog for 200 seconds at Mon Dec 24 03:08:18 UTC 2018
3 ms. Memory: 208384K Free: 193810K (93%)
ptolemy.util.test.WatchDog.cancel(): canceling Mon Dec 24 03:08:18 UTC 2018
------------------ testing $PTII/ptolemy/domains/de/test/auto/DEinDEwithStartTimes2.xml
auto.tcl: Setting watchdog for 200 seconds at Mon Dec 24 03:08:18 UTC 2018
4 ms. Memory: 208384K Free: 196223K (94%)
ptolemy.util.test.WatchDog.cancel(): canceling Mon Dec 24 03:08:18 UTC 2018
auto.tcl: Setting watchdog for 200 seconds at Mon Dec 24 03:08:18 UTC 2018
3 ms. Memory: 208384K Free: 193790K (93%)
ptolemy.util.test.WatchDog.cancel(): canceling Mon Dec 24 03:08:18 UTC 2018
------------------ testing $PTII/ptolemy/domains/de/test/auto/DateDemo.xml
auto.tcl: Setting watchdog for 200 seconds at Mon Dec 24 03:08:18 UTC 2018
12 ms. Memory: 208384K Free: 188338K (90%)
ptolemy.util.test.WatchDog.cancel(): canceling Mon Dec 24 03:08:18 UTC 2018
auto.tcl: Setting watchdog for 200 seconds at Mon Dec 24 03:08:18 UTC 2018
6 ms. Memory: 208384K Free: 186243K (89%)
ptolemy.util.test.WatchDog.cancel(): canceling Mon Dec 24 03:08:18 UTC 2018
------------------ testing $PTII/ptolemy/domains/de/test/auto/DateToEvent.xml
auto.tcl: Setting watchdog for 200 seconds at Mon Dec 24 03:08:18 UTC 2018
2016 ms. Memory: 208384K Free: 183076K (88%)
ptolemy.util.test.WatchDog.cancel(): canceling Mon Dec 24 03:08:20 UTC 2018
auto.tcl: Setting watchdog for 200 seconds at Mon Dec 24 03:08:20 UTC 2018
2004 ms. Memory: 208384K Free: 180618K (87%)
ptolemy.util.test.WatchDog.cancel(): canceling Mon Dec 24 03:08:22 UTC 2018
------------------ testing $PTII/ptolemy/domains/de/test/auto/DepthTest1.xml
auto.tcl: Setting watchdog for 200 seconds at Mon Dec 24 03:08:22 UTC 2018
3 ms. Memory: 208384K Free: 197573K (95%)
ptolemy.util.test.WatchDog.cancel(): canceling Mon Dec 24 03:08:22 UTC 2018
auto.tcl: Setting watchdog for 200 seconds at Mon Dec 24 03:08:22 UTC 2018
6 ms. Memory: 208384K Free: 197573K (95%)
ptolemy.util.test.WatchDog.cancel(): canceling Mon Dec 24 03:08:22 UTC 2018
------------------ testing $PTII/ptolemy/domains/de/test/auto/DepthTest2.xml
auto.tcl: Setting watchdog for 200 seconds at Mon Dec 24 03:08:22 UTC 2018
4 ms. Memory: 208384K Free: 193783K (93%)
ptolemy.util.test.WatchDog.cancel(): canceling Mon Dec 24 03:08:22 UTC 2018
auto.tcl: Setting watchdog for 200 seconds at Mon Dec 24 03:08:22 UTC 2018
6 ms. Memory: 208384K Free: 193783K (93%)
ptolemy.util.test.WatchDog.cancel(): canceling Mon Dec 24 03:08:22 UTC 2018
------------------ testing $PTII/ptolemy/domains/de/test/auto/DepthTest3.xml
auto.tcl: Setting watchdog for 200 seconds at Mon Dec 24 03:08:22 UTC 2018
7 ms. Memory: 208384K Free: 197567K (95%)
ptolemy.util.test.WatchDog.cancel(): canceling Mon Dec 24 03:08:22 UTC 2018
auto.tcl: Setting watchdog for 200 seconds at Mon Dec 24 03:08:22 UTC 2018
2 ms. Memory: 208384K Free: 197567K (95%)
ptolemy.util.test.WatchDog.cancel(): canceling Mon Dec 24 03:08:22 UTC 2018
------------------ testing $PTII/ptolemy/domains/de/test/auto/DepthTest4.xml
auto.tcl: Setting watchdog for 200 seconds at Mon Dec 24 03:08:22 UTC 2018
7 ms. Memory: 208384K Free: 195560K (94%)
ptolemy.util.test.WatchDog.cancel(): canceling Mon Dec 24 03:08:22 UTC 2018
auto.tcl: Setting watchdog for 200 seconds at Mon Dec 24 03:08:22 UTC 2018
2 ms. Memory: 208384K Free: 195560K (94%)
ptolemy.util.test.WatchDog.cancel(): canceling Mon Dec 24 03:08:22 UTC 2018
------------------ testing $PTII/ptolemy/domains/de/test/auto/DepthTest5.xml
auto.tcl: Setting watchdog for 200 seconds at Mon Dec 24 03:08:22 UTC 2018
6 ms. Memory: 208384K Free: 195507K (94%)
ptolemy.util.test.WatchDog.cancel(): canceling Mon Dec 24 03:08:22 UTC 2018
auto.tcl: Setting watchdog for 200 seconds at Mon Dec 24 03:08:22 UTC 2018
2 ms. Memory: 208384K Free: 195507K (94%)
ptolemy.util.test.WatchDog.cancel(): canceling Mon Dec 24 03:08:22 UTC 2018
------------------ testing $PTII/ptolemy/domains/de/test/auto/DepthTest6.xml
auto.tcl: Setting watchdog for 200 seconds at Mon Dec 24 03:08:22 UTC 2018
7 ms. Memory: 208384K Free: 195474K (94%)
ptolemy.util.test.WatchDog.cancel(): canceling Mon Dec 24 03:08:22 UTC 2018
auto.tcl: Setting watchdog for 200 seconds at Mon Dec 24 03:08:22 UTC 2018
2 ms. Memory: 208384K Free: 195474K (94%)
ptolemy.util.test.WatchDog.cancel(): canceling Mon Dec 24 03:08:22 UTC 2018
------------------ testing $PTII/ptolemy/domains/de/test/auto/DepthTest7.xml
auto.tcl: Setting watchdog for 200 seconds at Mon Dec 24 03:08:23 UTC 2018
7 ms. Memory: 208384K Free: 195463K (94%)
ptolemy.util.test.WatchDog.cancel(): canceling Mon Dec 24 03:08:23 UTC 2018
auto.tcl: Setting watchdog for 200 seconds at Mon Dec 24 03:08:23 UTC 2018
1 ms. Memory: 208384K Free: 195463K (94%)
ptolemy.util.test.WatchDog.cancel(): canceling Mon Dec 24 03:08:23 UTC 2018
------------------ testing $PTII/ptolemy/domains/de/test/auto/EventToDate.xml
auto.tcl: Setting watchdog for 200 seconds at Mon Dec 24 03:08:23 UTC 2018
3009 ms. Memory: 208384K Free: 185010K (89%)
ptolemy.util.test.WatchDog.cancel(): canceling Mon Dec 24 03:08:26 UTC 2018
auto.tcl: Setting watchdog for 200 seconds at Mon Dec 24 03:08:26 UTC 2018
3004 ms. Memory: 208384K Free: 185010K (89%)
ptolemy.util.test.WatchDog.cancel(): canceling Mon Dec 24 03:08:29 UTC 2018
------------------ testing $PTII/ptolemy/domains/de/test/auto/FSM1.xml
auto.tcl: Setting watchdog for 200 seconds at Mon Dec 24 03:08:29 UTC 2018
17 ms. Memory: 208384K Free: 188524K (90%)
ptolemy.util.test.WatchDog.cancel(): canceling Mon Dec 24 03:08:29 UTC 2018
auto.tcl: Setting watchdog for 200 seconds at Mon Dec 24 03:08:29 UTC 2018
14 ms. Memory: 208384K Free: 184335K (88%)
ptolemy.util.test.WatchDog.cancel(): canceling Mon Dec 24 03:08:29 UTC 2018
------------------ testing $PTII/ptolemy/domains/de/test/auto/FSM7.xml
auto.tcl: Setting watchdog for 200 seconds at Mon Dec 24 03:08:29 UTC 2018
23 ms. Memory: 208384K Free: 186584K (90%)
ptolemy.util.test.WatchDog.cancel(): canceling Mon Dec 24 03:08:29 UTC 2018
auto.tcl: Setting watchdog for 200 seconds at Mon Dec 24 03:08:29 UTC 2018
18 ms. Memory: 208384K Free: 184473K (89%)
ptolemy.util.test.WatchDog.cancel(): canceling Mon Dec 24 03:08:29 UTC 2018
------------------ testing $PTII/ptolemy/domains/de/test/auto/Inspection.xml
auto.tcl: Setting watchdog for 200 seconds at Mon Dec 24 03:08:29 UTC 2018
48 ms. Memory: 208384K Free: 188126K (90%)
ptolemy.util.test.WatchDog.cancel(): canceling Mon Dec 24 03:08:29 UTC 2018
auto.tcl: Setting watchdog for 200 seconds at Mon Dec 24 03:08:29 UTC 2018
18 ms. Memory: 208384K Free: 186015K (89%)
ptolemy.util.test.WatchDog.cancel(): canceling Mon Dec 24 03:08:29 UTC 2018
------------------ testing $PTII/ptolemy/domains/de/test/auto/Iteration.xml
auto.tcl: Setting watchdog for 200 seconds at Mon Dec 24 03:08:29 UTC 2018
9 ms. Memory: 208384K Free: 195589K (94%)
ptolemy.util.test.WatchDog.cancel(): canceling Mon Dec 24 03:08:29 UTC 2018
auto.tcl: Setting watchdog for 200 seconds at Mon Dec 24 03:08:29 UTC 2018
8 ms. Memory: 208384K Free: 193140K (93%)
ptolemy.util.test.WatchDog.cancel(): canceling Mon Dec 24 03:08:29 UTC 2018
------------------ testing $PTII/ptolemy/domains/de/test/auto/LineFault.xml
auto.tcl: Setting watchdog for 200 seconds at Mon Dec 24 03:08:29 UTC 2018
671 ms. Memory: 208384K Free: 195477K (94%)
ptolemy.util.test.WatchDog.cancel(): canceling Mon Dec 24 03:08:30 UTC 2018
auto.tcl: Setting watchdog for 200 seconds at Mon Dec 24 03:08:30 UTC 2018
564 ms. Memory: 208384K Free: 138201K (66%)
ptolemy.util.test.WatchDog.cancel(): canceling Mon Dec 24 03:08:31 UTC 2018
------------------ testing $PTII/ptolemy/domains/de/test/auto/MergeModel1Add.xml
auto.tcl: Setting watchdog for 200 seconds at Mon Dec 24 03:08:31 UTC 2018
20 ms. Memory: 331264K Free: 298060K (90%)
ptolemy.util.test.WatchDog.cancel(): canceling Mon Dec 24 03:08:31 UTC 2018
auto.tcl: Setting watchdog for 200 seconds at Mon Dec 24 03:08:31 UTC 2018
9 ms. Memory: 331264K Free: 298060K (90%)
ptolemy.util.test.WatchDog.cancel(): canceling Mon Dec 24 03:08:31 UTC 2018
------------------ testing $PTII/ptolemy/domains/de/test/auto/MergeModel2Add.xml
auto.tcl: Setting watchdog for 200 seconds at Mon Dec 24 03:08:31 UTC 2018
8 ms. Memory: 331264K Free: 303341K (92%)
ptolemy.util.test.WatchDog.cancel(): canceling Mon Dec 24 03:08:31 UTC 2018
auto.tcl: Setting watchdog for 200 seconds at Mon Dec 24 03:08:31 UTC 2018
10 ms. Memory: 331264K Free: 299398K (90%)
ptolemy.util.test.WatchDog.cancel(): canceling Mon Dec 24 03:08:31 UTC 2018
------------------ testing $PTII/ptolemy/domains/de/test/auto/MergeModel3Add.xml
auto.tcl: Setting watchdog for 200 seconds at Mon Dec 24 03:08:31 UTC 2018
10 ms. Memory: 331264K Free: 303351K (92%)
ptolemy.util.test.WatchDog.cancel(): canceling Mon Dec 24 03:08:31 UTC 2018
auto.tcl: Setting watchdog for 200 seconds at Mon Dec 24 03:08:31 UTC 2018
8 ms. Memory: 331264K Free: 299409K (90%)
ptolemy.util.test.WatchDog.cancel(): canceling Mon Dec 24 03:08:31 UTC 2018
------------------ testing $PTII/ptolemy/domains/de/test/auto/MergeWithoutDiscard.xml
auto.tcl: Setting watchdog for 200 seconds at Mon Dec 24 03:08:31 UTC 2018
5 ms. Memory: 331264K Free: 319435K (96%)
ptolemy.util.test.WatchDog.cancel(): canceling Mon Dec 24 03:08:31 UTC 2018
auto.tcl: Setting watchdog for 200 seconds at Mon Dec 24 03:08:31 UTC 2018
1 ms. Memory: 331264K Free: 315492K (95%)
ptolemy.util.test.WatchDog.cancel(): canceling Mon Dec 24 03:08:31 UTC 2018
------------------ testing $PTII/ptolemy/domains/de/test/auto/Modal1.xml
auto.tcl: Setting watchdog for 200 seconds at Mon Dec 24 03:08:31 UTC 2018
20 ms. Memory: 331264K Free: 309089K (93%)
ptolemy.util.test.WatchDog.cancel(): canceling Mon Dec 24 03:08:31 UTC 2018
auto.tcl: Setting watchdog for 200 seconds at Mon Dec 24 03:08:31 UTC 2018
21 ms. Memory: 331264K Free: 305147K (92%)
ptolemy.util.test.WatchDog.cancel(): canceling Mon Dec 24 03:08:31 UTC 2018
------------------ testing $PTII/ptolemy/domains/de/test/auto/Modal2.xml
auto.tcl: Setting watchdog for 200 seconds at Mon Dec 24 03:08:31 UTC 2018
18 ms. Memory: 331264K Free: 308963K (93%)
ptolemy.util.test.WatchDog.cancel(): canceling Mon Dec 24 03:08:31 UTC 2018
auto.tcl: Setting watchdog for 200 seconds at Mon Dec 24 03:08:31 UTC 2018
20 ms. Memory: 331264K Free: 305021K (92%)
ptolemy.util.test.WatchDog.cancel(): canceling Mon Dec 24 03:08:31 UTC 2018
------------------ testing $PTII/ptolemy/domains/de/test/auto/Modal3.xml
auto.tcl: Setting watchdog for 200 seconds at Mon Dec 24 03:08:32 UTC 2018
17 ms. Memory: 331264K Free: 304340K (92%)
ptolemy.util.test.WatchDog.cancel(): canceling Mon Dec 24 03:08:32 UTC 2018
auto.tcl: Setting watchdog for 200 seconds at Mon Dec 24 03:08:32 UTC 2018
14 ms. Memory: 331264K Free: 300096K (91%)
ptolemy.util.test.WatchDog.cancel(): canceling Mon Dec 24 03:08:32 UTC 2018
------------------ testing $PTII/ptolemy/domains/de/test/auto/Modal4.xml
auto.tcl: Setting watchdog for 200 seconds at Mon Dec 24 03:08:32 UTC 2018
37 ms. Memory: 331264K Free: 308975K (93%)
ptolemy.util.test.WatchDog.cancel(): canceling Mon Dec 24 03:08:32 UTC 2018
auto.tcl: Setting watchdog for 200 seconds at Mon Dec 24 03:08:32 UTC 2018
12 ms. Memory: 331264K Free: 305017K (92%)
ptolemy.util.test.WatchDog.cancel(): canceling Mon Dec 24 03:08:32 UTC 2018
------------------ testing $PTII/ptolemy/domains/de/test/auto/Modal5.xml
auto.tcl: Setting watchdog for 200 seconds at Mon Dec 24 03:08:32 UTC 2018
20 ms. Memory: 331264K Free: 308954K (93%)
ptolemy.util.test.WatchDog.cancel(): canceling Mon Dec 24 03:08:32 UTC 2018
auto.tcl: Setting watchdog for 200 seconds at Mon Dec 24 03:08:32 UTC 2018
15 ms. Memory: 331264K Free: 304995K (92%)
ptolemy.util.test.WatchDog.cancel(): canceling Mon Dec 24 03:08:32 UTC 2018
------------------ testing $PTII/ptolemy/domains/de/test/auto/Modal6.xml
auto.tcl: Setting watchdog for 200 seconds at Mon Dec 24 03:08:32 UTC 2018
14 ms. Memory: 331264K Free: 308967K (93%)
ptolemy.util.test.WatchDog.cancel(): canceling Mon Dec 24 03:08:32 UTC 2018
auto.tcl: Setting watchdog for 200 seconds at Mon Dec 24 03:08:32 UTC 2018
18 ms. Memory: 331264K Free: 305024K (92%)
ptolemy.util.test.WatchDog.cancel(): canceling Mon Dec 24 03:08:32 UTC 2018
------------------ testing $PTII/ptolemy/domains/de/test/auto/Modal7.xml
auto.tcl: Setting watchdog for 200 seconds at Mon Dec 24 03:08:32 UTC 2018
17 ms. Memory: 331264K Free: 308951K (93%)
ptolemy.util.test.WatchDog.cancel(): canceling Mon Dec 24 03:08:32 UTC 2018
auto.tcl: Setting watchdog for 200 seconds at Mon Dec 24 03:08:32 UTC 2018
10 ms. Memory: 331264K Free: 304992K (92%)
ptolemy.util.test.WatchDog.cancel(): canceling Mon Dec 24 03:08:32 UTC 2018
------------------ testing $PTII/ptolemy/domains/de/test/auto/ModalModel.xml
auto.tcl: Setting watchdog for 200 seconds at Mon Dec 24 03:08:32 UTC 2018
190 ms. Memory: 331264K Free: 247738K (75%)
ptolemy.util.test.WatchDog.cancel(): canceling Mon Dec 24 03:08:32 UTC 2018
auto.tcl: Setting watchdog for 200 seconds at Mon Dec 24 03:08:32 UTC 2018
165 ms. Memory: 331264K Free: 192368K (58%)
ptolemy.util.test.WatchDog.cancel(): canceling Mon Dec 24 03:08:33 UTC 2018
------------------ testing $PTII/ptolemy/domains/de/test/auto/ModalSource.xml
auto.tcl: Setting watchdog for 200 seconds at Mon Dec 24 03:08:33 UTC 2018
6 ms. Memory: 331264K Free: 315702K (95%)
ptolemy.util.test.WatchDog.cancel(): canceling Mon Dec 24 03:08:33 UTC 2018
auto.tcl: Setting watchdog for 200 seconds at Mon Dec 24 03:08:33 UTC 2018
6 ms. Memory: 331264K Free: 312174K (94%)
ptolemy.util.test.WatchDog.cancel(): canceling Mon Dec 24 03:08:33 UTC 2018
------------------ testing $PTII/ptolemy/domains/de/test/auto/NonInterruptibleTimerZeroDelay.xml
auto.tcl: Setting watchdog for 200 seconds at Mon Dec 24 03:08:33 UTC 2018
4 ms. Memory: 331264K Free: 320085K (97%)
ptolemy.util.test.WatchDog.cancel(): canceling Mon Dec 24 03:08:33 UTC 2018
auto.tcl: Setting watchdog for 200 seconds at Mon Dec 24 03:08:33 UTC 2018
2 ms. Memory: 331264K Free: 316556K (96%)
ptolemy.util.test.WatchDog.cancel(): canceling Mon Dec 24 03:08:33 UTC 2018
------------------ testing $PTII/ptolemy/domains/de/test/auto/OpenQueueingNetwork.xml
auto.tcl: Setting watchdog for 200 seconds at Mon Dec 24 03:08:33 UTC 2018
2795 ms. Memory: 307712K Free: 138851K (45%)
ptolemy.util.test.WatchDog.cancel(): canceling Mon Dec 24 03:08:36 UTC 2018
auto.tcl: Setting watchdog for 200 seconds at Mon Dec 24 03:08:36 UTC 2018
2100 ms. Memory: 278528K Free: 190331K (68%)
ptolemy.util.test.WatchDog.cancel(): canceling Mon Dec 24 03:08:38 UTC 2018
------------------ testing $PTII/ptolemy/domains/de/test/auto/OpenQueuingNetwork.xml
auto.tcl: Setting watchdog for 200 seconds at Mon Dec 24 03:08:38 UTC 2018
253 ms. Memory: 278528K Free: 178447K (64%)
ptolemy.util.test.WatchDog.cancel(): canceling Mon Dec 24 03:08:38 UTC 2018
auto.tcl: Setting watchdog for 200 seconds at Mon Dec 24 03:08:38 UTC 2018
234 ms. Memory: 278528K Free: 118334K (42%)
ptolemy.util.test.WatchDog.cancel(): canceling Mon Dec 24 03:08:38 UTC 2018
------------------ testing $PTII/ptolemy/domains/de/test/auto/PeriodicSampler.xml
auto.tcl: Setting watchdog for 200 seconds at Mon Dec 24 03:08:38 UTC 2018
2 ms. Memory: 281088K Free: 265863K (95%)
ptolemy.util.test.WatchDog.cancel(): canceling Mon Dec 24 03:08:38 UTC 2018
auto.tcl: Setting watchdog for 200 seconds at Mon Dec 24 03:08:38 UTC 2018
1 ms. Memory: 281088K Free: 265863K (95%)
ptolemy.util.test.WatchDog.cancel(): canceling Mon Dec 24 03:08:38 UTC 2018
------------------ testing $PTII/ptolemy/domains/de/test/auto/PersistentIO.xml
auto.tcl: Setting watchdog for 200 seconds at Mon Dec 24 03:08:39 UTC 2018
5 ms. Memory: 278528K Free: 258401K (93%)
ptolemy.util.test.WatchDog.cancel(): canceling Mon Dec 24 03:08:39 UTC 2018
auto.tcl: Setting watchdog for 200 seconds at Mon Dec 24 03:08:39 UTC 2018
4 ms. Memory: 278528K Free: 258401K (93%)
ptolemy.util.test.WatchDog.cancel(): canceling Mon Dec 24 03:08:39 UTC 2018
------------------ testing $PTII/ptolemy/domains/de/test/auto/PortParameterResetOnInitialize.xml
auto.tcl: Setting watchdog for 200 seconds at Mon Dec 24 03:08:39 UTC 2018
3 ms. Memory: 280576K Free: 265811K (95%)
ptolemy.util.test.WatchDog.cancel(): canceling Mon Dec 24 03:08:39 UTC 2018
auto.tcl: Setting watchdog for 200 seconds at Mon Dec 24 03:08:39 UTC 2018
2 ms. Memory: 280576K Free: 265811K (95%)
ptolemy.util.test.WatchDog.cancel(): canceling Mon Dec 24 03:08:39 UTC 2018
------------------ testing $PTII/ptolemy/domains/de/test/auto/PortParameterUpdates.xml
auto.tcl: Setting watchdog for 200 seconds at Mon Dec 24 03:08:39 UTC 2018
4 ms. Memory: 278528K Free: 263881K (95%)
ptolemy.util.test.WatchDog.cancel(): canceling Mon Dec 24 03:08:39 UTC 2018
auto.tcl: Setting watchdog for 200 seconds at Mon Dec 24 03:08:39 UTC 2018
6 ms. Memory: 278528K Free: 261127K (94%)
ptolemy.util.test.WatchDog.cancel(): canceling Mon Dec 24 03:08:39 UTC 2018
------------------ testing $PTII/ptolemy/domains/de/test/auto/QueueAndServer.xml
auto.tcl: Setting watchdog for 200 seconds at Mon Dec 24 03:08:39 UTC 2018
12 ms. Memory: 280576K Free: 263048K (94%)
ptolemy.util.test.WatchDog.cancel(): canceling Mon Dec 24 03:08:39 UTC 2018
auto.tcl: Setting watchdog for 200 seconds at Mon Dec 24 03:08:39 UTC 2018
6 ms. Memory: 280576K Free: 263048K (94%)
ptolemy.util.test.WatchDog.cancel(): canceling Mon Dec 24 03:08:39 UTC 2018
------------------ testing $PTII/ptolemy/domains/de/test/auto/Records.xml
auto.tcl: Setting watchdog for 200 seconds at Mon Dec 24 03:08:39 UTC 2018
3 ms. Memory: 278528K Free: 265660K (95%)
ptolemy.util.test.WatchDog.cancel(): canceling Mon Dec 24 03:08:39 UTC 2018
auto.tcl: Setting watchdog for 200 seconds at Mon Dec 24 03:08:39 UTC 2018
2 ms. Memory: 278528K Free: 262922K (94%)
ptolemy.util.test.WatchDog.cancel(): canceling Mon Dec 24 03:08:39 UTC 2018
------------------ testing $PTII/ptolemy/domains/de/test/auto/ResetTransitionWithStartTime1.xml
auto.tcl: Setting watchdog for 200 seconds at Mon Dec 24 03:08:39 UTC 2018
13 ms. Memory: 280064K Free: 262593K (94%)
ptolemy.util.test.WatchDog.cancel(): canceling Mon Dec 24 03:08:39 UTC 2018
auto.tcl: Setting watchdog for 200 seconds at Mon Dec 24 03:08:39 UTC 2018
5 ms. Memory: 280064K Free: 259758K (93%)
ptolemy.util.test.WatchDog.cancel(): canceling Mon Dec 24 03:08:39 UTC 2018
------------------ testing $PTII/ptolemy/domains/de/test/auto/ResetTransitionWithStartTime2.xml
auto.tcl: Setting watchdog for 200 seconds at Mon Dec 24 03:08:39 UTC 2018
5 ms. Memory: 278528K Free: 261048K (94%)
ptolemy.util.test.WatchDog.cancel(): canceling Mon Dec 24 03:08:39 UTC 2018
auto.tcl: Setting watchdog for 200 seconds at Mon Dec 24 03:08:39 UTC 2018
6 ms. Memory: 278528K Free: 258309K (93%)
ptolemy.util.test.WatchDog.cancel(): canceling Mon Dec 24 03:08:39 UTC 2018
------------------ testing $PTII/ptolemy/domains/de/test/auto/ResetTransitionWithStartTime3.xml
auto.tcl: Setting watchdog for 200 seconds at Mon Dec 24 03:08:39 UTC 2018
9 ms. Memory: 280064K Free: 262485K (94%)
ptolemy.util.test.WatchDog.cancel(): canceling Mon Dec 24 03:08:39 UTC 2018
auto.tcl: Setting watchdog for 200 seconds at Mon Dec 24 03:08:39 UTC 2018
4 ms. Memory: 280064K Free: 259731K (93%)
ptolemy.util.test.WatchDog.cancel(): canceling Mon Dec 24 03:08:39 UTC 2018
------------------ testing $PTII/ptolemy/domains/de/test/auto/ResetTransitionWithStartTime4.xml
auto.tcl: Setting watchdog for 200 seconds at Mon Dec 24 03:08:39 UTC 2018
4 ms. Memory: 278528K Free: 262936K (94%)
ptolemy.util.test.WatchDog.cancel(): canceling Mon Dec 24 03:08:39 UTC 2018
auto.tcl: Setting watchdog for 200 seconds at Mon Dec 24 03:08:39 UTC 2018
4 ms. Memory: 278528K Free: 262936K (94%)
ptolemy.util.test.WatchDog.cancel(): canceling Mon Dec 24 03:08:39 UTC 2018
------------------ testing $PTII/ptolemy/domains/de/test/auto/ResettableTimer1.xml
auto.tcl: Setting watchdog for 200 seconds at Mon Dec 24 03:08:39 UTC 2018
7 ms. Memory: 280064K Free: 267205K (95%)
ptolemy.util.test.WatchDog.cancel(): canceling Mon Dec 24 03:08:39 UTC 2018
auto.tcl: Setting watchdog for 200 seconds at Mon Dec 24 03:08:39 UTC 2018
2 ms. Memory: 280064K Free: 267205K (95%)
ptolemy.util.test.WatchDog.cancel(): canceling Mon Dec 24 03:08:39 UTC 2018
------------------ testing $PTII/ptolemy/domains/de/test/auto/ResettableTimer2.xml
auto.tcl: Setting watchdog for 200 seconds at Mon Dec 24 03:08:39 UTC 2018
4 ms. Memory: 278528K Free: 265840K (95%)
ptolemy.util.test.WatchDog.cancel(): canceling Mon Dec 24 03:08:39 UTC 2018
auto.tcl: Setting watchdog for 200 seconds at Mon Dec 24 03:08:39 UTC 2018
2 ms. Memory: 278528K Free: 265840K (95%)
ptolemy.util.test.WatchDog.cancel(): canceling Mon Dec 24 03:08:39 UTC 2018
------------------ testing $PTII/ptolemy/domains/de/test/auto/ResettableTimer3.xml
auto.tcl: Setting watchdog for 200 seconds at Mon Dec 24 03:08:39 UTC 2018
4 ms. Memory: 279552K Free: 266751K (95%)
ptolemy.util.test.WatchDog.cancel(): canceling Mon Dec 24 03:08:39 UTC 2018
auto.tcl: Setting watchdog for 200 seconds at Mon Dec 24 03:08:39 UTC 2018
1 ms. Memory: 279552K Free: 266751K (95%)
ptolemy.util.test.WatchDog.cancel(): canceling Mon Dec 24 03:08:39 UTC 2018
------------------ testing $PTII/ptolemy/domains/de/test/auto/ResettableTimer4.xml
auto.tcl: Setting watchdog for 200 seconds at Mon Dec 24 03:08:39 UTC 2018
1 ms. Memory: 278528K Free: 265837K (95%)
ptolemy.util.test.WatchDog.cancel(): canceling Mon Dec 24 03:08:39 UTC 2018
auto.tcl: Setting watchdog for 200 seconds at Mon Dec 24 03:08:39 UTC 2018
1 ms. Memory: 278528K Free: 265837K (95%)
ptolemy.util.test.WatchDog.cancel(): canceling Mon Dec 24 03:08:39 UTC 2018
------------------ testing $PTII/ptolemy/domains/de/test/auto/ResettableTimer5.xml
auto.tcl: Setting watchdog for 200 seconds at Mon Dec 24 03:08:39 UTC 2018
1 ms. Memory: 279552K Free: 264904K (95%)
ptolemy.util.test.WatchDog.cancel(): canceling Mon Dec 24 03:08:40 UTC 2018
auto.tcl: Setting watchdog for 200 seconds at Mon Dec 24 03:08:40 UTC 2018
1 ms. Memory: 279552K Free: 264904K (95%)
ptolemy.util.test.WatchDog.cancel(): canceling Mon Dec 24 03:08:40 UTC 2018
------------------ testing $PTII/ptolemy/domains/de/test/auto/ResettableTimer6.xml
auto.tcl: Setting watchdog for 200 seconds at Mon Dec 24 03:08:40 UTC 2018
2 ms. Memory: 278528K Free: 263716K (95%)
ptolemy.util.test.WatchDog.cancel(): canceling Mon Dec 24 03:08:40 UTC 2018
auto.tcl: Setting watchdog for 200 seconds at Mon Dec 24 03:08:40 UTC 2018
1 ms. Memory: 278528K Free: 263716K (95%)
ptolemy.util.test.WatchDog.cancel(): canceling Mon Dec 24 03:08:40 UTC 2018
------------------ testing $PTII/ptolemy/domains/de/test/auto/ServerZeroDelay.xml
auto.tcl: Setting watchdog for 200 seconds at Mon Dec 24 03:08:40 UTC 2018
5 ms. Memory: 279552K Free: 266807K (95%)
ptolemy.util.test.WatchDog.cancel(): canceling Mon Dec 24 03:08:40 UTC 2018
auto.tcl: Setting watchdog for 200 seconds at Mon Dec 24 03:08:40 UTC 2018
3 ms. Memory: 279552K Free: 266807K (95%)
ptolemy.util.test.WatchDog.cancel(): canceling Mon Dec 24 03:08:40 UTC 2018
------------------ testing $PTII/ptolemy/domains/de/test/auto/SmartSender.xml
auto.tcl: Setting watchdog for 200 seconds at Mon Dec 24 03:08:40 UTC 2018
3002 ms. Memory: 278528K Free: 263799K (95%)
ptolemy.util.test.WatchDog.cancel(): canceling Mon Dec 24 03:08:43 UTC 2018
auto.tcl: Setting watchdog for 200 seconds at Mon Dec 24 03:08:43 UTC 2018
3001 ms. Memory: 278528K Free: 263799K (95%)
ptolemy.util.test.WatchDog.cancel(): canceling Mon Dec 24 03:08:46 UTC 2018
------------------ testing $PTII/ptolemy/domains/de/test/auto/ThreadedComposite.xml
auto.tcl: Setting watchdog for 200 seconds at Mon Dec 24 03:08:46 UTC 2018
156 ms. Memory: 279552K Free: 244689K (88%)
ptolemy.util.test.WatchDog.cancel(): canceling Mon Dec 24 03:08:46 UTC 2018
auto.tcl: Setting watchdog for 200 seconds at Mon Dec 24 03:08:46 UTC 2018
100 ms. Memory: 279552K Free: 227385K (81%)
ptolemy.util.test.WatchDog.cancel(): canceling Mon Dec 24 03:08:46 UTC 2018
------------------ testing $PTII/ptolemy/domains/de/test/auto/Time.xml
auto.tcl: Setting watchdog for 200 seconds at Mon Dec 24 03:08:46 UTC 2018
531 ms. Memory: 278528K Free: 212184K (76%)
ptolemy.util.test.WatchDog.cancel(): canceling Mon Dec 24 03:08:47 UTC 2018
auto.tcl: Setting watchdog for 200 seconds at Mon Dec 24 03:08:47 UTC 2018
442 ms. Memory: 278528K Free: 160155K (58%)
ptolemy.util.test.WatchDog.cancel(): canceling Mon Dec 24 03:08:47 UTC 2018
------------------ testing $PTII/ptolemy/domains/de/test/auto/TimeDelayZeroDelay.xml
auto.tcl: Setting watchdog for 200 seconds at Mon Dec 24 03:08:47 UTC 2018
2 ms. Memory: 279040K Free: 266720K (96%)
ptolemy.util.test.WatchDog.cancel(): canceling Mon Dec 24 03:08:47 UTC 2018
auto.tcl: Setting watchdog for 200 seconds at Mon Dec 24 03:08:47 UTC 2018
1 ms. Memory: 279040K Free: 266720K (96%)
ptolemy.util.test.WatchDog.cancel(): canceling Mon Dec 24 03:08:47 UTC 2018
------------------ testing $PTII/ptolemy/domains/de/test/auto/TimerZeroDelay.xml
auto.tcl: Setting watchdog for 200 seconds at Mon Dec 24 03:08:47 UTC 2018
2 ms. Memory: 278528K Free: 266314K (96%)
ptolemy.util.test.WatchDog.cancel(): canceling Mon Dec 24 03:08:47 UTC 2018
auto.tcl: Setting watchdog for 200 seconds at Mon Dec 24 03:08:47 UTC 2018
2 ms. Memory: 278528K Free: 266314K (96%)
ptolemy.util.test.WatchDog.cancel(): canceling Mon Dec 24 03:08:47 UTC 2018
------------------ testing $PTII/ptolemy/domains/de/test/auto/TimingParadox.xml
auto.tcl: Setting watchdog for 200 seconds at Mon Dec 24 03:08:47 UTC 2018
303 ms. Memory: 279040K Free: 201316K (72%)
ptolemy.util.test.WatchDog.cancel(): canceling Mon Dec 24 03:08:48 UTC 2018
auto.tcl: Setting watchdog for 200 seconds at Mon Dec 24 03:08:48 UTC 2018
283 ms. Memory: 279040K Free: 167018K (60%)
ptolemy.util.test.WatchDog.cancel(): canceling Mon Dec 24 03:08:48 UTC 2018
------------------ testing $PTII/ptolemy/domains/de/test/auto/TransferInputs.xml
auto.tcl: Setting watchdog for 200 seconds at Mon Dec 24 03:08:48 UTC 2018
2 ms. Memory: 279040K Free: 265687K (95%)
ptolemy.util.test.WatchDog.cancel(): canceling Mon Dec 24 03:08:48 UTC 2018
auto.tcl: Setting watchdog for 200 seconds at Mon Dec 24 03:08:48 UTC 2018
1 ms. Memory: 279040K Free: 265687K (95%)
ptolemy.util.test.WatchDog.cancel(): canceling Mon Dec 24 03:08:48 UTC 2018
------------------ testing $PTII/ptolemy/domains/de/test/auto/TransferOutputs2.xml
auto.tcl: Setting watchdog for 200 seconds at Mon Dec 24 03:08:48 UTC 2018
8 ms. Memory: 278528K Free: 261818K (94%)
ptolemy.util.test.WatchDog.cancel(): canceling Mon Dec 24 03:08:48 UTC 2018
auto.tcl: Setting watchdog for 200 seconds at Mon Dec 24 03:08:48 UTC 2018
2 ms. Memory: 278528K Free: 259322K (93%)
ptolemy.util.test.WatchDog.cancel(): canceling Mon Dec 24 03:08:48 UTC 2018
------------------ testing $PTII/ptolemy/domains/de/test/auto/Trilateration.xml
auto.tcl: Setting watchdog for 200 seconds at Mon Dec 24 03:08:48 UTC 2018
12272 ms. Memory: 521728K Free: 86492K (17%)
ptolemy.util.test.WatchDog.cancel(): canceling Mon Dec 24 03:09:01 UTC 2018
auto.tcl: Setting watchdog for 200 seconds at Mon Dec 24 03:09:01 UTC 2018
10785 ms. Memory: 385024K Free: 354821K (92%)
ptolemy.util.test.WatchDog.cancel(): canceling Mon Dec 24 03:09:12 UTC 2018
------------------ testing $PTII/ptolemy/domains/de/test/auto/TwoSigmaDelta.xml
auto.tcl: Setting watchdog for 200 seconds at Mon Dec 24 03:09:12 UTC 2018
2709 ms. Memory: 381952K Free: 76606K (20%)
ptolemy.util.test.WatchDog.cancel(): canceling Mon Dec 24 03:09:15 UTC 2018
auto.tcl: Setting watchdog for 200 seconds at Mon Dec 24 03:09:15 UTC 2018
2096 ms. Memory: 371200K Free: 135542K (37%)
ptolemy.util.test.WatchDog.cancel(): canceling Mon Dec 24 03:09:17 UTC 2018
------------------ testing $PTII/ptolemy/domains/de/test/auto/VariableDelay.xml
auto.tcl: Setting watchdog for 200 seconds at Mon Dec 24 03:09:17 UTC 2018
2 ms. Memory: 368640K Free: 352532K (96%)
ptolemy.util.test.WatchDog.cancel(): canceling Mon Dec 24 03:09:17 UTC 2018
auto.tcl: Setting watchdog for 200 seconds at Mon Dec 24 03:09:17 UTC 2018
1 ms. Memory: 368640K Free: 352532K (96%)
ptolemy.util.test.WatchDog.cancel(): canceling Mon Dec 24 03:09:17 UTC 2018
------------------ testing $PTII/ptolemy/domains/de/test/auto/VariableDelay2.xml
auto.tcl: Setting watchdog for 200 seconds at Mon Dec 24 03:09:17 UTC 2018
2 ms. Memory: 370688K Free: 357863K (97%)
ptolemy.util.test.WatchDog.cancel(): canceling Mon Dec 24 03:09:17 UTC 2018
auto.tcl: Setting watchdog for 200 seconds at Mon Dec 24 03:09:17 UTC 2018
2 ms. Memory: 370688K Free: 357863K (97%)
ptolemy.util.test.WatchDog.cancel(): canceling Mon Dec 24 03:09:17 UTC 2018
------------------ testing $PTII/ptolemy/domains/de/test/auto/VariableDelayZeroDelay.xml
auto.tcl: Setting watchdog for 200 seconds at Mon Dec 24 03:09:17 UTC 2018
2 ms. Memory: 368640K Free: 352941K (96%)
ptolemy.util.test.WatchDog.cancel(): canceling Mon Dec 24 03:09:17 UTC 2018
auto.tcl: Setting watchdog for 200 seconds at Mon Dec 24 03:09:17 UTC 2018
2 ms. Memory: 368640K Free: 352941K (96%)
ptolemy.util.test.WatchDog.cancel(): canceling Mon Dec 24 03:09:18 UTC 2018
------------------ testing $PTII/ptolemy/domains/de/test/auto/VariableDelayZeroDelay2.xml
auto.tcl: Setting watchdog for 200 seconds at Mon Dec 24 03:09:18 UTC 2018
3 ms. Memory: 370688K Free: 354988K (96%)
ptolemy.util.test.WatchDog.cancel(): canceling Mon Dec 24 03:09:18 UTC 2018
auto.tcl: Setting watchdog for 200 seconds at Mon Dec 24 03:09:18 UTC 2018
2 ms. Memory: 370688K Free: 354988K (96%)
ptolemy.util.test.WatchDog.cancel(): canceling Mon Dec 24 03:09:18 UTC 2018
------------------ testing $PTII/ptolemy/domains/de/test/auto/deInCt.xml
auto.tcl: Setting watchdog for 200 seconds at Mon Dec 24 03:09:18 UTC 2018
0
1
1
1
0
0
0
0
1
1
1
1
1
0
0
0
0
1
1
1
0
0
0
0
0
10 ms. Memory: 368640K Free: 352936K (96%)
ptolemy.util.test.WatchDog.cancel(): canceling Mon Dec 24 03:09:18 UTC 2018
auto.tcl: Setting watchdog for 200 seconds at Mon Dec 24 03:09:18 UTC 2018
0
1
1
1
0
0
0
1
1
1
0
0
0
1
1
1
0
0
0
1
1
1
0
0
0
0
0
0
1
1
1
1
1
0
0
0
0
8 ms. Memory: 368640K Free: 348435K (95%)
ptolemy.util.test.WatchDog.cancel(): canceling Mon Dec 24 03:09:18 UTC 2018
------------------ testing $PTII/ptolemy/domains/de/test/auto/deInCt2.xml
auto.tcl: Setting watchdog for 200 seconds at Mon Dec 24 03:09:18 UTC 2018
0
1
1
1
0
0
1
1
1
0
0
1
1
1
0
0
1
1
1
0
0
1
1
1
0
0
1
1
1
0
0
1
1
1
0
0
1
1
1
0
0
0
9 ms. Memory: 370176K Free: 354473K (96%)
ptolemy.util.test.WatchDog.cancel(): canceling Mon Dec 24 03:09:18 UTC 2018
auto.tcl: Setting watchdog for 200 seconds at Mon Dec 24 03:09:18 UTC 2018
0
1
1
1
0
0
1
1
1
0
0
1
1
1
0
0
1
1
1
0
0
1
1
1
0
0
1
1
1
0
0
1
1
1
0
0
1
1
1
0
0
0
11 ms. Memory: 370176K Free: 349971K (95%)
ptolemy.util.test.WatchDog.cancel(): canceling Mon Dec 24 03:09:18 UTC 2018
------------------ testing $PTII/ptolemy/domains/de/test/auto/dynamicCausalityInterface1.xml
auto.tcl: Setting watchdog for 200 seconds at Mon Dec 24 03:09:18 UTC 2018
1 ms. Memory: 368640K Free: 343905K (93%)
ptolemy.util.test.WatchDog.cancel(): canceling Mon Dec 24 03:09:18 UTC 2018
auto.tcl: Setting watchdog for 200 seconds at Mon Dec 24 03:09:18 UTC 2018
1 ms. Memory: 368640K Free: 343905K (93%)
ptolemy.util.test.WatchDog.cancel(): canceling Mon Dec 24 03:09:18 UTC 2018
------------------ testing $PTII/ptolemy/domains/de/test/auto/fsm_de_test.xml
auto.tcl: Setting watchdog for 200 seconds at Mon Dec 24 03:09:18 UTC 2018
6 ms. Memory: 370176K Free: 349846K (95%)
ptolemy.util.test.WatchDog.cancel(): canceling Mon Dec 24 03:09:18 UTC 2018
auto.tcl: Setting watchdog for 200 seconds at Mon Dec 24 03:09:18 UTC 2018
5 ms. Memory: 370176K Free: 345328K (93%)
ptolemy.util.test.WatchDog.cancel(): canceling Mon Dec 24 03:09:18 UTC 2018
------------------ testing $PTII/ptolemy/domains/de/test/auto/functionDependencyReconstruction.xml
auto.tcl: Setting watchdog for 200 seconds at Mon Dec 24 03:09:18 UTC 2018
2 ms. Memory: 368640K Free: 339297K (92%)
ptolemy.util.test.WatchDog.cancel(): canceling Mon Dec 24 03:09:18 UTC 2018
auto.tcl: Setting watchdog for 200 seconds at Mon Dec 24 03:09:18 UTC 2018
3 ms. Memory: 368640K Free: 339297K (92%)
ptolemy.util.test.WatchDog.cancel(): canceling Mon Dec 24 03:09:18 UTC 2018
------------------ testing $PTII/ptolemy/domains/de/test/auto/multirate.xml
auto.tcl: Setting watchdog for 200 seconds at Mon Dec 24 03:09:18 UTC 2018
3 ms. Memory: 369664K Free: 349201K (94%)
ptolemy.util.test.WatchDog.cancel(): canceling Mon Dec 24 03:09:18 UTC 2018
auto.tcl: Setting watchdog for 200 seconds at Mon Dec 24 03:09:18 UTC 2018
3 ms. Memory: 369664K Free: 349201K (94%)
ptolemy.util.test.WatchDog.cancel(): canceling Mon Dec 24 03:09:18 UTC 2018
------------------ testing $PTII/ptolemy/domains/de/test/auto/multirate2.xml
auto.tcl: Setting watchdog for 200 seconds at Mon Dec 24 03:09:18 UTC 2018
2 ms. Memory: 368640K Free: 348365K (95%)
ptolemy.util.test.WatchDog.cancel(): canceling Mon Dec 24 03:09:18 UTC 2018
auto.tcl: Setting watchdog for 200 seconds at Mon Dec 24 03:09:18 UTC 2018
3 ms. Memory: 368640K Free: 348365K (95%)
ptolemy.util.test.WatchDog.cancel(): canceling Mon Dec 24 03:09:18 UTC 2018
------------------ testing $PTII/ptolemy/domains/de/test/auto/realtime.xml
auto.tcl: Setting watchdog for 200 seconds at Mon Dec 24 03:09:18 UTC 2018
10002 ms. Memory: 369664K Free: 353901K (96%)
ptolemy.util.test.WatchDog.cancel(): canceling Mon Dec 24 03:09:28 UTC 2018
auto.tcl: Setting watchdog for 200 seconds at Mon Dec 24 03:09:28 UTC 2018
10001 ms. Memory: 369664K Free: 349399K (95%)
ptolemy.util.test.WatchDog.cancel(): canceling Mon Dec 24 03:09:38 UTC 2018
------------------ testing $PTII/ptolemy/domains/de/test/auto/relationGroup.xml
auto.tcl: Setting watchdog for 200 seconds at Mon Dec 24 03:09:38 UTC 2018
4 ms. Memory: 368640K Free: 352907K (96%)
ptolemy.util.test.WatchDog.cancel(): canceling Mon Dec 24 03:09:38 UTC 2018
auto.tcl: Setting watchdog for 200 seconds at Mon Dec 24 03:09:38 UTC 2018
2 ms. Memory: 368640K Free: 352907K (96%)
ptolemy.util.test.WatchDog.cancel(): canceling Mon Dec 24 03:09:38 UTC 2018
------------------ testing $PTII/ptolemy/domains/de/test/auto/relationGroup2.xml
auto.tcl: Setting watchdog for 200 seconds at Mon Dec 24 03:09:38 UTC 2018
1 ms. Memory: 369664K Free: 353958K (96%)
ptolemy.util.test.WatchDog.cancel(): canceling Mon Dec 24 03:09:38 UTC 2018
auto.tcl: Setting watchdog for 200 seconds at Mon Dec 24 03:09:38 UTC 2018
2 ms. Memory: 369664K Free: 353958K (96%)
ptolemy.util.test.WatchDog.cancel(): canceling Mon Dec 24 03:09:38 UTC 2018
------------------ testing $PTII/ptolemy/domains/de/test/auto/sortWithOpaquePorts.xml
auto.tcl: Setting watchdog for 200 seconds at Mon Dec 24 03:09:38 UTC 2018
1 ms. Memory: 368640K Free: 352935K (96%)
ptolemy.util.test.WatchDog.cancel(): canceling Mon Dec 24 03:09:38 UTC 2018
auto.tcl: Setting watchdog for 200 seconds at Mon Dec 24 03:09:38 UTC 2018
2 ms. Memory: 368640K Free: 348417K (95%)
ptolemy.util.test.WatchDog.cancel(): canceling Mon Dec 24 03:09:38 UTC 2018
------------------ testing $PTII/ptolemy/domains/de/test/auto/transferInputsandOutputs.xml
auto.tcl: Setting watchdog for 200 seconds at Mon Dec 24 03:09:38 UTC 2018
4 ms. Memory: 369152K Free: 348932K (95%)
ptolemy.util.test.WatchDog.cancel(): canceling Mon Dec 24 03:09:38 UTC 2018
auto.tcl: Setting watchdog for 200 seconds at Mon Dec 24 03:09:38 UTC 2018
3 ms. Memory: 369152K Free: 348932K (95%)
ptolemy.util.test.WatchDog.cancel(): canceling Mon Dec 24 03:09:38 UTC 2018
------------------ testing $PTII/ptolemy/domains/de/test/auto/triggerType.xml
auto.tcl: Setting watchdog for 200 seconds at Mon Dec 24 03:09:39 UTC 2018
1 ms. Memory: 368640K Free: 352872K (96%)
ptolemy.util.test.WatchDog.cancel(): canceling Mon Dec 24 03:09:39 UTC 2018
auto.tcl: Setting watchdog for 200 seconds at Mon Dec 24 03:09:39 UTC 2018
1 ms. Memory: 368640K Free: 352872K (96%)
ptolemy.util.test.WatchDog.cancel(): canceling Mon Dec 24 03:09:39 UTC 2018
12/24/18 03:09:39
Failed: 0  Total Tests: 192  ((Passed: 187, Newly Passed: 1)  Known Failed: 5) /home/travis/build/icyphy/ptII/ptolemy/domains/de/test
12/24/18 03:09:39
Failed: 0  Total Tests: 192  ((Passed: 187, Newly Passed: 1)  Known Failed: 5) /home/travis/build/icyphy/ptII/ptolemy/domains/de/test
----------------- testing (KnownFailure) /home/travis/build/icyphy/ptII/ptolemy/domains/de/test/auto/knownFailedTests/DESDFClockTest.xml
2009 ms. Memory: 369152K Free: 341928K (93%)
Known Failure: java.lang.reflect.InvocationTargetException
----------------- testing (KnownFailure) /home/travis/build/icyphy/ptII/ptolemy/domains/de/test/auto/knownFailedTests/DirectFeedback.xml
2 ms. Memory: 369152K Free: 318949K (86%)
Known Failure: java.lang.reflect.InvocationTargetException
----------------- testing (KnownFailure) /home/travis/build/icyphy/ptII/ptolemy/domains/de/test/auto/knownFailedTests/FSMSource.xml
6 ms. Memory: 369152K Free: 295970K (80%)
----------------- testing (KnownFailure) /home/travis/build/icyphy/ptII/ptolemy/domains/de/test/auto/knownFailedTests/HierarchicalModel.xml
2 ms. Memory: 369152K Free: 272976K (74%)
Known Failure: java.lang.reflect.InvocationTargetException
----------------- testing (KnownFailure) /home/travis/build/icyphy/ptII/ptolemy/domains/de/test/auto/knownFailedTests/dependencyLoop.xml
2 ms. Memory: 369152K Free: 238491K (65%)
Known Failure: java.lang.reflect.InvocationTargetException
----------------- testing (KnownFailure) /home/travis/build/icyphy/ptII/ptolemy/domains/de/test/auto/knownFailedTests/dependencyLoop2.xml
5 ms. Memory: 369152K Free: 204023K (55%)
Known Failure: java.lang.reflect.InvocationTargetException
No auto/linux-amd64/*.xml tests in /home/travis/build/icyphy/ptII/ptolemy/domains/de/test
AutoTests.java: About to close Vertx.
AutoTests.java: Vertx closed.

===========================================================================================
----------------- testing Mon Dec 24 03:09:41 UTC 2018 /home/travis/build/icyphy/ptII/ptolemy/domains/de/test/auto/ActorDepthCalculation_actorWithoutPorts.xml
----------------- Instantiating /home/travis/build/icyphy/ptII/ptolemy/domains/de/test/auto/ActorDepthCalculation_actorWithoutPorts.xml
6 ms. Memory: 369152K Free: 175300K (47%)
----------------- Invoking toplevel() on ptolemy.moml.MoMLSimpleApplication@2e29a5d2
----------------- Done invoking toplevel() on ptolemy.moml.MoMLSimpleApplication@2e29a5d2
reloadAllAccessors: .ActorDepthCalculation_actorWithoutPorts

===========================================================================================
----------------- testing Mon Dec 24 03:09:41 UTC 2018 /home/travis/build/icyphy/ptII/ptolemy/domains/de/test/auto/AssemblyLine.xml
----------------- Instantiating /home/travis/build/icyphy/ptII/ptolemy/domains/de/test/auto/AssemblyLine.xml
2 ms. Memory: 369152K Free: 158050K (43%)
----------------- Invoking toplevel() on ptolemy.moml.MoMLSimpleApplication@755ba935
----------------- Done invoking toplevel() on ptolemy.moml.MoMLSimpleApplication@755ba935
reloadAllAccessors: .AssemblyLine

===========================================================================================
----------------- testing Mon Dec 24 03:09:41 UTC 2018 /home/travis/build/icyphy/ptII/ptolemy/domains/de/test/auto/CQBug1.xml
----------------- Instantiating /home/travis/build/icyphy/ptII/ptolemy/domains/de/test/auto/CQBug1.xml
1 ms. Memory: 369152K Free: 146560K (40%)
----------------- Invoking toplevel() on ptolemy.moml.MoMLSimpleApplication@39f5d5e0
----------------- Done invoking toplevel() on ptolemy.moml.MoMLSimpleApplication@39f5d5e0
reloadAllAccessors: .CQBug1

===========================================================================================
----------------- testing Mon Dec 24 03:09:41 UTC 2018 /home/travis/build/icyphy/ptII/ptolemy/domains/de/test/auto/CancelFireAt.xml
----------------- Instantiating /home/travis/build/icyphy/ptII/ptolemy/domains/de/test/auto/CancelFireAt.xml
1 ms. Memory: 369152K Free: 135071K (37%)
----------------- Invoking toplevel() on ptolemy.moml.MoMLSimpleApplication@52a8969
----------------- Done invoking toplevel() on ptolemy.moml.MoMLSimpleApplication@52a8969
reloadAllAccessors: .CancelFireAt

===========================================================================================
----------------- testing Mon Dec 24 03:09:41 UTC 2018 /home/travis/build/icyphy/ptII/ptolemy/domains/de/test/auto/CausalityAndComposabilityAnalysis.xml
----------------- Instantiating /home/travis/build/icyphy/ptII/ptolemy/domains/de/test/auto/CausalityAndComposabilityAnalysis.xml
1 ms. Memory: 369152K Free: 123582K (33%)
----------------- Invoking toplevel() on ptolemy.moml.MoMLSimpleApplication@360e3ea4
----------------- Done invoking toplevel() on ptolemy.moml.MoMLSimpleApplication@360e3ea4
reloadAllAccessors: .CausalityAndComposabilityAnalysis

===========================================================================================
----------------- testing Mon Dec 24 03:09:41 UTC 2018 /home/travis/build/icyphy/ptII/ptolemy/domains/de/test/auto/CausalityInterface1.xml
----------------- Instantiating /home/travis/build/icyphy/ptII/ptolemy/domains/de/test/auto/CausalityInterface1.xml
3 ms. Memory: 369152K Free: 112092K (30%)
----------------- Invoking toplevel() on ptolemy.moml.MoMLSimpleApplication@2b009c0c
----------------- Done invoking toplevel() on ptolemy.moml.MoMLSimpleApplication@2b009c0c
reloadAllAccessors: .CausalityInterface1

===========================================================================================
----------------- testing Mon Dec 24 03:09:41 UTC 2018 /home/travis/build/icyphy/ptII/ptolemy/domains/de/test/auto/CausalityInterface15.xml
----------------- Instantiating /home/travis/build/icyphy/ptII/ptolemy/domains/de/test/auto/CausalityInterface15.xml
2 ms. Memory: 369152K Free: 100603K (27%)
----------------- Invoking toplevel() on ptolemy.moml.MoMLSimpleApplication@45d79594
----------------- Done invoking toplevel() on ptolemy.moml.MoMLSimpleApplication@45d79594
reloadAllAccessors: .CausalityInterface15

[...]
java.lang.RuntimeException: Execution failed
	at ptolemy.moml.MoMLSimpleApplication$UnloadThread.run(MoMLSimpleApplication.java:402)
Caused by: ptolemy.kernel.util.IllegalActionException: Test fails in iteration 1.
Value was: 1.0. Should have been: 2.0
  in .DirectFeedback.Test
	at ptolemy.actor.lib.Test.fire(Test.java:268)
	at ptolemy.domains.de.kernel.DEDirector._fire(DEDirector.java:1949)
	at ptolemy.domains.de.kernel.DEDirector.fire(DEDirector.java:502)
	at ptolemy.actor.CompositeActor.fire(CompositeActor.java:455)
	at ptolemy.actor.Manager.iterate(Manager.java:851)
	at ptolemy.actor.Manager.execute(Manager.java:369)
	at ptolemy.actor.Manager.run(Manager.java:1263)
	at ptolemy.actor.Manager$PtolemyRunThread.run(Manager.java:1915)
java.lang.RuntimeException: Execution failed
	at ptolemy.moml.MoMLSimpleApplication$UnloadThread.run(MoMLSimpleApplication.java:402)
Caused by: ptolemy.kernel.util.IllegalActionException: Actor is not ready to fire.  Perhaps UpSample.prefire() returned false? Try debugging the actor by selecting "Listen to Actor".  Also, for SDF check moml for tokenConsumptionRate on input.
  in .DESDFClockTest.Play Bell.Copy1:SDF Director and .DESDFClockTest.Play Bell.UpSample
	at ptolemy.actor.sched.StaticSchedulingDirector.fire(StaticSchedulingDirector.java:227)
	at ptolemy.domains.sdf.kernel.SDFDirector.fire(SDFDirector.java:500)
	at ptolemy.actor.CompositeActor.fire(CompositeActor.java:455)
	at ptolemy.domains.de.kernel.DEDirector._fire(DEDirector.java:1949)
	at ptolemy.domains.de.kernel.DEDirector.fire(DEDirector.java:502)
	at ptolemy.actor.CompositeActor.fire(CompositeActor.java:455)
	at ptolemy.actor.Manager.iterate(Manager.java:851)
	at ptolemy.actor.Manager.execute(Manager.java:369)
	at ptolemy.actor.Manager.run(Manager.java:1263)
	at ptolemy.actor.Manager$PtolemyRunThread.run(Manager.java:1915)
java.lang.reflect.InvocationTargetException
	at sun.reflect.NativeConstructorAccessorImpl.newInstance0(Native Method)
	at sun.reflect.NativeConstructorAccessorImpl.newInstance(NativeConstructorAccessorImpl.java:62)
	at sun.reflect.DelegatingConstructorAccessorImpl.newInstance(DelegatingConstructorAccessorImpl.java:45)
	at java.lang.reflect.Constructor.newInstance(Constructor.java:423)
	at ptolemy.util.test.junit.AutoKnownFailedTests.RunModel(AutoKnownFailedTests.java:105)
	at sun.reflect.NativeMethodAccessorImpl.invoke0(Native Method)
	at sun.reflect.NativeMethodAccessorImpl.invoke(NativeMethodAccessorImpl.java:62)
	at sun.reflect.DelegatingMethodAccessorImpl.invoke(DelegatingMethodAccessorImpl.java:43)
	at java.lang.reflect.Method.invoke(Method.java:498)
	at org.junit.runners.model.FrameworkMethod$1.runReflectiveCall(FrameworkMethod.java:44)
	at org.junit.internal.runners.model.ReflectiveCallable.run(ReflectiveCallable.java:15)
	at org.junit.runners.model.FrameworkMethod.invokeExplosively(FrameworkMethod.java:41)
	at junitparams.internal.InvokeParameterisedMethod.evaluate(InvokeParameterisedMethod.java:102)
	at org.junit.internal.runners.statements.FailOnTimeout$1.run(FailOnTimeout.java:28)
Caused by: ptolemy.kernel.util.IllegalActionException: Actor is not ready to fire.  Perhaps UpSample.prefire() returned false? Try debugging the actor by selecting "Listen to Actor".  Also, for SDF check moml for tokenConsumptionRate on input.
  in .DESDFClockTest.Play Bell.Copy1:SDF Director and .DESDFClockTest.Play Bell.UpSample
	at ptolemy.actor.sched.StaticSchedulingDirector.fire(StaticSchedulingDirector.java:227)
	at ptolemy.domains.sdf.kernel.SDFDirector.fire(SDFDirector.java:500)
	at ptolemy.actor.CompositeActor.fire(CompositeActor.java:455)
	at ptolemy.domains.de.kernel.DEDirector._fire(DEDirector.java:1949)
	at ptolemy.domains.de.kernel.DEDirector.fire(DEDirector.java:502)
	at ptolemy.actor.CompositeActor.fire(CompositeActor.java:455)
	at ptolemy.actor.Manager.iterate(Manager.java:851)
	at ptolemy.actor.Manager.execute(Manager.java:369)
	at ptolemy.actor.Manager.run(Manager.java:1263)
	at ptolemy.actor.Manager$PtolemyRunThread.run(Manager.java:1915)
java.lang.RuntimeException: Execution failed
	at ptolemy.moml.MoMLSimpleApplication$UnloadThread.run(MoMLSimpleApplication.java:402)
Caused by: ptolemy.kernel.util.IllegalActionException: Test fails in iteration 1.
Value was: 1.0. Should have been: 2.0
  in .DirectFeedback.Test
	at ptolemy.actor.lib.Test.fire(Test.java:268)
	at ptolemy.domains.de.kernel.DEDirector._fire(DEDirector.java:1949)
	at ptolemy.domains.de.kernel.DEDirector.fire(DEDirector.java:502)
	at ptolemy.actor.CompositeActor.fire(CompositeActor.java:455)
	at ptolemy.actor.Manager.iterate(Manager.java:851)
	at ptolemy.actor.Manager.execute(Manager.java:369)
	at ptolemy.actor.Manager.run(Manager.java:1263)
	at ptolemy.actor.Manager$PtolemyRunThread.run(Manager.java:1915)
java.lang.reflect.InvocationTargetException
	at sun.reflect.NativeConstructorAccessorImpl.newInstance0(Native Method)
	at sun.reflect.NativeConstructorAccessorImpl.newInstance(NativeConstructorAccessorImpl.java:62)
	at sun.reflect.DelegatingConstructorAccessorImpl.newInstance(DelegatingConstructorAccessorImpl.java:45)
	at java.lang.reflect.Constructor.newInstance(Constructor.java:423)
	at ptolemy.util.test.junit.AutoKnownFailedTests.RunModel(AutoKnownFailedTests.java:105)
	at sun.reflect.NativeMethodAccessorImpl.invoke0(Native Method)
	at sun.reflect.NativeMethodAccessorImpl.invoke(NativeMethodAccessorImpl.java:62)
	at sun.reflect.DelegatingMethodAccessorImpl.invoke(DelegatingMethodAccessorImpl.java:43)
	at java.lang.reflect.Method.invoke(Method.java:498)
	at org.junit.runners.model.FrameworkMethod$1.runReflectiveCall(FrameworkMethod.java:44)
	at org.junit.internal.runners.model.ReflectiveCallable.run(ReflectiveCallable.java:15)
	at org.junit.runners.model.FrameworkMethod.invokeExplosively(FrameworkMethod.java:41)
	at junitparams.internal.InvokeParameterisedMethod.evaluate(InvokeParameterisedMethod.java:102)
	at org.junit.internal.runners.statements.FailOnTimeout$1.run(FailOnTimeout.java:28)
Caused by: ptolemy.kernel.util.IllegalActionException: Test fails in iteration 1.
Value was: 1.0. Should have been: 2.0
  in .DirectFeedback.Test
	at ptolemy.actor.lib.Test.fire(Test.java:268)
	at ptolemy.domains.de.kernel.DEDirector._fire(DEDirector.java:1949)
	at ptolemy.domains.de.kernel.DEDirector.fire(DEDirector.java:502)
	at ptolemy.actor.CompositeActor.fire(CompositeActor.java:455)
	at ptolemy.actor.Manager.iterate(Manager.java:851)
	at ptolemy.actor.Manager.execute(Manager.java:369)
	at ptolemy.actor.Manager.run(Manager.java:1263)
	at ptolemy.actor.Manager$PtolemyRunThread.run(Manager.java:1915)
java.lang.RuntimeException: Execution failed
	at ptolemy.moml.MoMLSimpleApplication$UnloadThread.run(MoMLSimpleApplication.java:402)
Caused by: ptolemy.kernel.util.IllegalActionException: Found a zero delay loop containing .HierarchicalModel.A
  in .HierarchicalModel and .HierarchicalModel.A
	at ptolemy.actor.util.CausalityInterfaceForComposites._computeOutputPortDepth(CausalityInterfaceForComposites.java:759)
	at ptolemy.actor.util.CausalityInterfaceForComposites._computeInputDepth(CausalityInterfaceForComposites.java:696)
	at ptolemy.actor.util.CausalityInterfaceForComposites._computeOutputPortDepth(CausalityInterfaceForComposites.java:765)
	at ptolemy.actor.util.CausalityInterfaceForComposites._computeInputDepth(CausalityInterfaceForComposites.java:696)
	at ptolemy.actor.util.CausalityInterfaceForComposites._computeOutputPortDepth(CausalityInterfaceForComposites.java:765)
	at ptolemy.actor.util.CausalityInterfaceForComposites._computeInputDepth(CausalityInterfaceForComposites.java:696)
	at ptolemy.actor.util.CausalityInterfaceForComposites._computeActorDepth(CausalityInterfaceForComposites.java:532)
	at ptolemy.actor.util.CausalityInterfaceForComposites.checkForCycles(CausalityInterfaceForComposites.java:96)
	at ptolemy.domains.de.kernel.DEDirector.preinitialize(DEDirector.java:1338)
	at ptolemy.actor.CompositeActor.preinitialize(CompositeActor.java:1828)
	at ptolemy.actor.Manager.preinitializeAndResolveTypes(Manager.java:1040)
	at ptolemy.actor.Manager.initialize(Manager.java:710)
	at ptolemy.actor.Manager.execute(Manager.java:356)
	at ptolemy.actor.Manager.run(Manager.java:1263)
	at ptolemy.actor.Manager$PtolemyRunThread.run(Manager.java:1915)
java.lang.reflect.InvocationTargetException
	at sun.reflect.NativeConstructorAccessorImpl.newInstance0(Native Method)
	at sun.reflect.NativeConstructorAccessorImpl.newInstance(NativeConstructorAccessorImpl.java:62)
	at sun.reflect.DelegatingConstructorAccessorImpl.newInstance(DelegatingConstructorAccessorImpl.java:45)
	at java.lang.reflect.Constructor.newInstance(Constructor.java:423)
	at ptolemy.util.test.junit.AutoKnownFailedTests.RunModel(AutoKnownFailedTests.java:105)
	at sun.reflect.NativeMethodAccessorImpl.invoke0(Native Method)
	at sun.reflect.NativeMethodAccessorImpl.invoke(NativeMethodAccessorImpl.java:62)
	at sun.reflect.DelegatingMethodAccessorImpl.invoke(DelegatingMethodAccessorImpl.java:43)
	at java.lang.reflect.Method.invoke(Method.java:498)
	at org.junit.runners.model.FrameworkMethod$1.runReflectiveCall(FrameworkMethod.java:44)
	at org.junit.internal.runners.model.ReflectiveCallable.run(ReflectiveCallable.java:15)
	at org.junit.runners.model.FrameworkMethod.invokeExplosively(FrameworkMethod.java:41)
	at junitparams.internal.InvokeParameterisedMethod.evaluate(InvokeParameterisedMethod.java:102)
	at org.junit.internal.runners.statements.FailOnTimeout$1.run(FailOnTimeout.java:28)
Caused by: ptolemy.kernel.util.IllegalActionException: Found a zero delay loop containing .HierarchicalModel.A
  in .HierarchicalModel and .HierarchicalModel.A
	at ptolemy.actor.util.CausalityInterfaceForComposites._computeOutputPortDepth(CausalityInterfaceForComposites.java:759)
	at ptolemy.actor.util.CausalityInterfaceForComposites._computeInputDepth(CausalityInterfaceForComposites.java:696)
	at ptolemy.actor.util.CausalityInterfaceForComposites._computeOutputPortDepth(CausalityInterfaceForComposites.java:765)
	at ptolemy.actor.util.CausalityInterfaceForComposites._computeInputDepth(CausalityInterfaceForComposites.java:696)
	at ptolemy.actor.util.CausalityInterfaceForComposites._computeOutputPortDepth(CausalityInterfaceForComposites.java:765)
	at ptolemy.actor.util.CausalityInterfaceForComposites._computeInputDepth(CausalityInterfaceForComposites.java:696)
	at ptolemy.actor.util.CausalityInterfaceForComposites._computeActorDepth(CausalityInterfaceForComposites.java:532)
	at ptolemy.actor.util.CausalityInterfaceForComposites.checkForCycles(CausalityInterfaceForComposites.java:96)
	at ptolemy.domains.de.kernel.DEDirector.preinitialize(DEDirector.java:1338)
	at ptolemy.actor.CompositeActor.preinitialize(CompositeActor.java:1828)
	at ptolemy.actor.Manager.preinitializeAndResolveTypes(Manager.java:1040)
	at ptolemy.actor.Manager.initialize(Manager.java:710)
	at ptolemy.actor.Manager.execute(Manager.java:356)
	at ptolemy.actor.Manager.run(Manager.java:1263)
	at ptolemy.actor.Manager$PtolemyRunThread.run(Manager.java:1915)
java.lang.RuntimeException: Execution failed
	at ptolemy.moml.MoMLSimpleApplication$UnloadThread.run(MoMLSimpleApplication.java:402)
Caused by: ptolemy.kernel.util.IllegalActionException: Found a zero delay loop containing .dependencyLoop.original
  in .dependencyLoop and .dependencyLoop.original
	at ptolemy.actor.util.CausalityInterfaceForComposites._computeOutputPortDepth(CausalityInterfaceForComposites.java:759)
	at ptolemy.actor.util.CausalityInterfaceForComposites._computeInputDepth(CausalityInterfaceForComposites.java:696)
	at ptolemy.actor.util.CausalityInterfaceForComposites._computeOutputPortDepth(CausalityInterfaceForComposites.java:765)
	at ptolemy.actor.util.CausalityInterfaceForComposites._computeInputDepth(CausalityInterfaceForComposites.java:696)
	at ptolemy.actor.util.CausalityInterfaceForComposites._computeOutputPortDepth(CausalityInterfaceForComposites.java:765)
	at ptolemy.actor.util.CausalityInterfaceForComposites._computeInputDepth(CausalityInterfaceForComposites.java:696)
	at ptolemy.actor.util.CausalityInterfaceForComposites._computeActorDepth(CausalityInterfaceForComposites.java:532)
	at ptolemy.actor.util.CausalityInterfaceForComposites.checkForCycles(CausalityInterfaceForComposites.java:96)
	at ptolemy.domains.de.kernel.DEDirector.preinitialize(DEDirector.java:1338)
	at ptolemy.actor.CompositeActor.preinitialize(CompositeActor.java:1828)
	at ptolemy.actor.Manager.preinitializeAndResolveTypes(Manager.java:1040)
	at ptolemy.actor.Manager.initialize(Manager.java:710)
	at ptolemy.actor.Manager.execute(Manager.java:356)
	at ptolemy.actor.Manager.run(Manager.java:1263)
	at ptolemy.actor.Manager$PtolemyRunThread.run(Manager.java:1915)
java.lang.reflect.InvocationTargetException
	at sun.reflect.NativeConstructorAccessorImpl.newInstance0(Native Method)
	at sun.reflect.NativeConstructorAccessorImpl.newInstance(NativeConstructorAccessorImpl.java:62)
	at sun.reflect.DelegatingConstructorAccessorImpl.newInstance(DelegatingConstructorAccessorImpl.java:45)
	at java.lang.reflect.Constructor.newInstance(Constructor.java:423)
	at ptolemy.util.test.junit.AutoKnownFailedTests.RunModel(AutoKnownFailedTests.java:105)
	at sun.reflect.NativeMethodAccessorImpl.invoke0(Native Method)
	at sun.reflect.NativeMethodAccessorImpl.invoke(NativeMethodAccessorImpl.java:62)
	at sun.reflect.DelegatingMethodAccessorImpl.invoke(DelegatingMethodAccessorImpl.java:43)
	at java.lang.reflect.Method.invoke(Method.java:498)
	at org.junit.runners.model.FrameworkMethod$1.runReflectiveCall(FrameworkMethod.java:44)
	at org.junit.internal.runners.model.ReflectiveCallable.run(ReflectiveCallable.java:15)
	at org.junit.runners.model.FrameworkMethod.invokeExplosively(FrameworkMethod.java:41)
	at junitparams.internal.InvokeParameterisedMethod.evaluate(InvokeParameterisedMethod.java:102)
	at org.junit.internal.runners.statements.FailOnTimeout$1.run(FailOnTimeout.java:28)
Caused by: ptolemy.kernel.util.IllegalActionException: Found a zero delay loop containing .dependencyLoop.original
  in .dependencyLoop and .dependencyLoop.original
	at ptolemy.actor.util.CausalityInterfaceForComposites._computeOutputPortDepth(CausalityInterfaceForComposites.java:759)
	at ptolemy.actor.util.CausalityInterfaceForComposites._computeInputDepth(CausalityInterfaceForComposites.java:696)
	at ptolemy.actor.util.CausalityInterfaceForComposites._computeOutputPortDepth(CausalityInterfaceForComposites.java:765)
	at ptolemy.actor.util.CausalityInterfaceForComposites._computeInputDepth(CausalityInterfaceForComposites.java:696)
	at ptolemy.actor.util.CausalityInterfaceForComposites._computeOutputPortDepth(CausalityInterfaceForComposites.java:765)
	at ptolemy.actor.util.CausalityInterfaceForComposites._computeInputDepth(CausalityInterfaceForComposites.java:696)
	at ptolemy.actor.util.CausalityInterfaceForComposites._computeActorDepth(CausalityInterfaceForComposites.java:532)
	at ptolemy.actor.util.CausalityInterfaceForComposites.checkForCycles(CausalityInterfaceForComposites.java:96)
	at ptolemy.domains.de.kernel.DEDirector.preinitialize(DEDirector.java:1338)
	at ptolemy.actor.CompositeActor.preinitialize(CompositeActor.java:1828)
	at ptolemy.actor.Manager.preinitializeAndResolveTypes(Manager.java:1040)
	at ptolemy.actor.Manager.initialize(Manager.java:710)
	at ptolemy.actor.Manager.execute(Manager.java:356)
	at ptolemy.actor.Manager.run(Manager.java:1263)
	at ptolemy.actor.Manager$PtolemyRunThread.run(Manager.java:1915)
java.lang.RuntimeException: Execution failed
	at ptolemy.moml.MoMLSimpleApplication$UnloadThread.run(MoMLSimpleApplication.java:402)
Caused by: ptolemy.kernel.util.IllegalActionException: Found a zero delay loop containing .dependencyLoop2.original
  in .dependencyLoop2 and .dependencyLoop2.original
	at ptolemy.actor.util.CausalityInterfaceForComposites._computeOutputPortDepth(CausalityInterfaceForComposites.java:759)
	at ptolemy.actor.util.CausalityInterfaceForComposites._computeInputDepth(CausalityInterfaceForComposites.java:696)
	at ptolemy.actor.util.CausalityInterfaceForComposites._computeOutputPortDepth(CausalityInterfaceForComposites.java:765)
	at ptolemy.actor.util.CausalityInterfaceForComposites._computeInputDepth(CausalityInterfaceForComposites.java:696)
	at ptolemy.actor.util.CausalityInterfaceForComposites._computeOutputPortDepth(CausalityInterfaceForComposites.java:765)
	at ptolemy.actor.util.CausalityInterfaceForComposites._computeInputDepth(CausalityInterfaceForComposites.java:696)
	at ptolemy.actor.util.CausalityInterfaceForComposites._computeActorDepth(CausalityInterfaceForComposites.java:532)
	at ptolemy.actor.util.CausalityInterfaceForComposites.checkForCycles(CausalityInterfaceForComposites.java:96)
	at ptolemy.domains.de.kernel.DEDirector.preinitialize(DEDirector.java:1338)
	at ptolemy.actor.CompositeActor.preinitialize(CompositeActor.java:1828)
	at ptolemy.actor.Manager.preinitializeAndResolveTypes(Manager.java:1040)
	at ptolemy.actor.Manager.initialize(Manager.java:710)
	at ptolemy.actor.Manager.execute(Manager.java:356)
	at ptolemy.actor.Manager.run(Manager.java:1263)
	at ptolemy.actor.Manager$PtolemyRunThread.run(Manager.java:1915)
java.lang.reflect.InvocationTargetException
	at sun.reflect.NativeConstructorAccessorImpl.newInstance0(Native Method)
	at sun.reflect.NativeConstructorAccessorImpl.newInstance(NativeConstructorAccessorImpl.java:62)
	at sun.reflect.DelegatingConstructorAccessorImpl.newInstance(DelegatingConstructorAccessorImpl.java:45)
	at java.lang.reflect.Constructor.newInstance(Constructor.java:423)
	at ptolemy.util.test.junit.AutoKnownFailedTests.RunModel(AutoKnownFailedTests.java:105)
	at sun.reflect.NativeMethodAccessorImpl.invoke0(Native Method)
	at sun.reflect.NativeMethodAccessorImpl.invoke(NativeMethodAccessorImpl.java:62)
	at sun.reflect.DelegatingMethodAccessorImpl.invoke(DelegatingMethodAccessorImpl.java:43)
	at java.lang.reflect.Method.invoke(Method.java:498)
	at org.junit.runners.model.FrameworkMethod$1.runReflectiveCall(FrameworkMethod.java:44)
	at org.junit.internal.runners.model.ReflectiveCallable.run(ReflectiveCallable.java:15)
	at org.junit.runners.model.FrameworkMethod.invokeExplosively(FrameworkMethod.java:41)
	at junitparams.internal.InvokeParameterisedMethod.evaluate(InvokeParameterisedMethod.java:102)
	at org.junit.internal.runners.statements.FailOnTimeout$1.run(FailOnTimeout.java:28)
Caused by: ptolemy.kernel.util.IllegalActionException: Found a zero delay loop containing .dependencyLoop2.original
  in .dependencyLoop2 and .dependencyLoop2.original
	at ptolemy.actor.util.CausalityInterfaceForComposites._computeOutputPortDepth(CausalityInterfaceForComposites.java:759)
	at ptolemy.actor.util.CausalityInterfaceForComposites._computeInputDepth(CausalityInterfaceForComposites.java:696)
	at ptolemy.actor.util.CausalityInterfaceForComposites._computeOutputPortDepth(CausalityInterfaceForComposites.java:765)
	at ptolemy.actor.util.CausalityInterfaceForComposites._computeInputDepth(CausalityInterfaceForComposites.java:696)
	at ptolemy.actor.util.CausalityInterfaceForComposites._computeOutputPortDepth(CausalityInterfaceForComposites.java:765)
	at ptolemy.actor.util.CausalityInterfaceForComposites._computeInputDepth(CausalityInterfaceForComposites.java:696)
	at ptolemy.actor.util.CausalityInterfaceForComposites._computeActorDepth(CausalityInterfaceForComposites.java:532)
	at ptolemy.actor.util.CausalityInterfaceForComposites.checkForCycles(CausalityInterfaceForComposites.java:96)
	at ptolemy.domains.de.kernel.DEDirector.preinitialize(DEDirector.java:1338)
	at ptolemy.actor.CompositeActor.preinitialize(CompositeActor.java:1828)
	at ptolemy.actor.Manager.preinitializeAndResolveTypes(Manager.java:1040)
	at ptolemy.actor.Manager.initialize(Manager.java:710)
	at ptolemy.actor.Manager.execute(Manager.java:356)
	at ptolemy.actor.Manager.run(Manager.java:1263)
	at ptolemy.actor.Manager$PtolemyRunThread.run(Manager.java:1915)
]]></system-err>
</testsuite>
