<?xml version="1.0" encoding="UTF-8" ?>
<testsuite errors="0" failures="0" hostname="travis-job-c2325949-8b22-414d-8c89-c1a0f1d40a28" name="ptolemy.domains.de.test.junit.JUnitTclTest" skipped="0" tests="101" time="127.331" timestamp="2018-06-20T23:06:09">
  <properties>
[...]
</properties>
  <testcase classname="ptolemy.util.test.junit.TclTests" name="[0] /home/travis/build/icyphy/ptII/ptolemy/domains/de/test/DependencyLoop.tcl (RunTclFile)" time="0.674" />
  <testcase classname="ptolemy.util.test.junit.TclTests" name="[1] /home/travis/build/icyphy/ptII/ptolemy/domains/de/test/RunDETestsAsQSS.tcl (RunTclFile)" time="86.814" />
  <testcase classname="ptolemy.util.test.junit.AutoKnownFailedTests" name="[0] /home/travis/build/icyphy/ptII/ptolemy/domains/de/test/auto/knownFailedTests/DESDFClockTest.xml (RunModel)" time="2.03" />
  <testcase classname="ptolemy.util.test.junit.AutoKnownFailedTests" name="[1] /home/travis/build/icyphy/ptII/ptolemy/domains/de/test/auto/knownFailedTests/DirectFeedback.xml (RunModel)" time="0.009" />
  <testcase classname="ptolemy.util.test.junit.AutoKnownFailedTests" name="[2] /home/travis/build/icyphy/ptII/ptolemy/domains/de/test/auto/knownFailedTests/FSMSource.xml (RunModel)" time="0.014" />
  <testcase classname="ptolemy.util.test.junit.AutoKnownFailedTests" name="[3] /home/travis/build/icyphy/ptII/ptolemy/domains/de/test/auto/knownFailedTests/HierarchicalModel.xml (RunModel)" time="0.03" />
  <testcase classname="ptolemy.util.test.junit.AutoKnownFailedTests" name="[4] /home/travis/build/icyphy/ptII/ptolemy/domains/de/test/auto/knownFailedTests/dependencyLoop.xml (RunModel)" time="0.031" />
  <testcase classname="ptolemy.util.test.junit.AutoKnownFailedTests" name="[5] /home/travis/build/icyphy/ptII/ptolemy/domains/de/test/auto/knownFailedTests/dependencyLoop2.xml (RunModel)" time="0.04" />
  <testcase classname="ptolemy.util.test.junit.AutoNameArchTests" name="[0] ThereAreNoAutoArchTests (RunModel)" time="0.001" />
  <testcase classname="ptolemy.util.test.junit.AutoTests" name="[0] /home/travis/build/icyphy/ptII/ptolemy/domains/de/test/auto/ActorDepthCalculation_actorWithoutPorts.xml (RunModel)" time="0.015" />
  <testcase classname="ptolemy.util.test.junit.AutoTests" name="[1] /home/travis/build/icyphy/ptII/ptolemy/domains/de/test/auto/AssemblyLine.xml (RunModel)" time="0.016" />
  <testcase classname="ptolemy.util.test.junit.AutoTests" name="[2] /home/travis/build/icyphy/ptII/ptolemy/domains/de/test/auto/CQBug1.xml (RunModel)" time="0.005" />
  <testcase classname="ptolemy.util.test.junit.AutoTests" name="[3] /home/travis/build/icyphy/ptII/ptolemy/domains/de/test/auto/CancelFireAt.xml (RunModel)" time="0.005" />
  <testcase classname="ptolemy.util.test.junit.AutoTests" name="[4] /home/travis/build/icyphy/ptII/ptolemy/domains/de/test/auto/CausalityAndComposabilityAnalysis.xml (RunModel)" time="0.008" />
  <testcase classname="ptolemy.util.test.junit.AutoTests" name="[5] /home/travis/build/icyphy/ptII/ptolemy/domains/de/test/auto/CausalityInterface1.xml (RunModel)" time="0.008" />
  <testcase classname="ptolemy.util.test.junit.AutoTests" name="[6] /home/travis/build/icyphy/ptII/ptolemy/domains/de/test/auto/CausalityInterface15.xml (RunModel)" time="0.009" />
  <testcase classname="ptolemy.util.test.junit.AutoTests" name="[7] /home/travis/build/icyphy/ptII/ptolemy/domains/de/test/auto/CausalityInterface2.xml (RunModel)" time="0.008" />
  <testcase classname="ptolemy.util.test.junit.AutoTests" name="[8] /home/travis/build/icyphy/ptII/ptolemy/domains/de/test/auto/CausalityInterface3.xml (RunModel)" time="0.008" />
  <testcase classname="ptolemy.util.test.junit.AutoTests" name="[9] /home/travis/build/icyphy/ptII/ptolemy/domains/de/test/auto/ClockDrift.xml (RunModel)" time="0.023" />
  <testcase classname="ptolemy.util.test.junit.AutoTests" name="[10] /home/travis/build/icyphy/ptII/ptolemy/domains/de/test/auto/ClockDriftAndValueChange.xml (RunModel)" time="0.023" />
  <testcase classname="ptolemy.util.test.junit.AutoTests" name="[11] /home/travis/build/icyphy/ptII/ptolemy/domains/de/test/auto/ClockDriftChange.xml (RunModel)" time="0.019" />
  <testcase classname="ptolemy.util.test.junit.AutoTests" name="[12] /home/travis/build/icyphy/ptII/ptolemy/domains/de/test/auto/ComposableCausalityAnalysis.xml (RunModel)" time="0.018" />
  <testcase classname="ptolemy.util.test.junit.AutoTests" name="[13] /home/travis/build/icyphy/ptII/ptolemy/domains/de/test/auto/DEFixedPointLimitation.xml (RunModel)" time="0.007" />
  <testcase classname="ptolemy.util.test.junit.AutoTests" name="[14] /home/travis/build/icyphy/ptII/ptolemy/domains/de/test/auto/DEScheduleTest.xml (RunModel)" time="0.008" />
  <testcase classname="ptolemy.util.test.junit.AutoTests" name="[15] /home/travis/build/icyphy/ptII/ptolemy/domains/de/test/auto/DEinDEwithStartTimes.xml (RunModel)" time="0.015" />
  <testcase classname="ptolemy.util.test.junit.AutoTests" name="[16] /home/travis/build/icyphy/ptII/ptolemy/domains/de/test/auto/DEinDEwithStartTimes2.xml (RunModel)" time="0.016" />
  <testcase classname="ptolemy.util.test.junit.AutoTests" name="[17] /home/travis/build/icyphy/ptII/ptolemy/domains/de/test/auto/DateDemo.xml (RunModel)" time="0.028" />
  <testcase classname="ptolemy.util.test.junit.AutoTests" name="[18] /home/travis/build/icyphy/ptII/ptolemy/domains/de/test/auto/DateToEvent.xml (RunModel)" time="2.034" />
  <testcase classname="ptolemy.util.test.junit.AutoTests" name="[19] /home/travis/build/icyphy/ptII/ptolemy/domains/de/test/auto/DepthTest1.xml (RunModel)" time="0.015" />
  <testcase classname="ptolemy.util.test.junit.AutoTests" name="[20] /home/travis/build/icyphy/ptII/ptolemy/domains/de/test/auto/DepthTest2.xml (RunModel)" time="0.021" />
  <testcase classname="ptolemy.util.test.junit.AutoTests" name="[21] /home/travis/build/icyphy/ptII/ptolemy/domains/de/test/auto/DepthTest3.xml (RunModel)" time="0.008" />
  <testcase classname="ptolemy.util.test.junit.AutoTests" name="[22] /home/travis/build/icyphy/ptII/ptolemy/domains/de/test/auto/DepthTest4.xml (RunModel)" time="0.015" />
  <testcase classname="ptolemy.util.test.junit.AutoTests" name="[23] /home/travis/build/icyphy/ptII/ptolemy/domains/de/test/auto/DepthTest5.xml (RunModel)" time="0.014" />
  <testcase classname="ptolemy.util.test.junit.AutoTests" name="[24] /home/travis/build/icyphy/ptII/ptolemy/domains/de/test/auto/DepthTest6.xml (RunModel)" time="0.014" />
  <testcase classname="ptolemy.util.test.junit.AutoTests" name="[25] /home/travis/build/icyphy/ptII/ptolemy/domains/de/test/auto/DepthTest7.xml (RunModel)" time="0.012" />
  <testcase classname="ptolemy.util.test.junit.AutoTests" name="[26] /home/travis/build/icyphy/ptII/ptolemy/domains/de/test/auto/EventToDate.xml (RunModel)" time="3.034" />
  <testcase classname="ptolemy.util.test.junit.AutoTests" name="[27] /home/travis/build/icyphy/ptII/ptolemy/domains/de/test/auto/FSM1.xml (RunModel)" time="0.03" />
  <testcase classname="ptolemy.util.test.junit.AutoTests" name="[28] /home/travis/build/icyphy/ptII/ptolemy/domains/de/test/auto/FSM7.xml (RunModel)" time="0.029" />
  <testcase classname="ptolemy.util.test.junit.AutoTests" name="[29] /home/travis/build/icyphy/ptII/ptolemy/domains/de/test/auto/Inspection.xml (RunModel)" time="0.037" />
  <testcase classname="ptolemy.util.test.junit.AutoTests" name="[30] /home/travis/build/icyphy/ptII/ptolemy/domains/de/test/auto/Iteration.xml (RunModel)" time="0.019" />
  <testcase classname="ptolemy.util.test.junit.AutoTests" name="[31] /home/travis/build/icyphy/ptII/ptolemy/domains/de/test/auto/LineFault.xml (RunModel)" time="0.539" />
  <testcase classname="ptolemy.util.test.junit.AutoTests" name="[32] /home/travis/build/icyphy/ptII/ptolemy/domains/de/test/auto/MergeModel1Add.xml (RunModel)" time="0.042" />
  <testcase classname="ptolemy.util.test.junit.AutoTests" name="[33] /home/travis/build/icyphy/ptII/ptolemy/domains/de/test/auto/MergeModel2Add.xml (RunModel)" time="0.033" />
  <testcase classname="ptolemy.util.test.junit.AutoTests" name="[34] /home/travis/build/icyphy/ptII/ptolemy/domains/de/test/auto/MergeModel3Add.xml (RunModel)" time="0.039" />
  <testcase classname="ptolemy.util.test.junit.AutoTests" name="[35] /home/travis/build/icyphy/ptII/ptolemy/domains/de/test/auto/MergeWithoutDiscard.xml (RunModel)" time="0.011" />
  <testcase classname="ptolemy.util.test.junit.AutoTests" name="[36] /home/travis/build/icyphy/ptII/ptolemy/domains/de/test/auto/Modal1.xml (RunModel)" time="0.031" />
  <testcase classname="ptolemy.util.test.junit.AutoTests" name="[37] /home/travis/build/icyphy/ptII/ptolemy/domains/de/test/auto/Modal2.xml (RunModel)" time="0.031" />
  <testcase classname="ptolemy.util.test.junit.AutoTests" name="[38] /home/travis/build/icyphy/ptII/ptolemy/domains/de/test/auto/Modal3.xml (RunModel)" time="0.025" />
  <testcase classname="ptolemy.util.test.junit.AutoTests" name="[39] /home/travis/build/icyphy/ptII/ptolemy/domains/de/test/auto/Modal4.xml (RunModel)" time="0.035" />
  <testcase classname="ptolemy.util.test.junit.AutoTests" name="[40] /home/travis/build/icyphy/ptII/ptolemy/domains/de/test/auto/Modal5.xml (RunModel)" time="0.033" />
  <testcase classname="ptolemy.util.test.junit.AutoTests" name="[41] /home/travis/build/icyphy/ptII/ptolemy/domains/de/test/auto/Modal6.xml (RunModel)" time="0.025" />
  <testcase classname="ptolemy.util.test.junit.AutoTests" name="[42] /home/travis/build/icyphy/ptII/ptolemy/domains/de/test/auto/Modal7.xml (RunModel)" time="0.029" />
  <testcase classname="ptolemy.util.test.junit.AutoTests" name="[43] /home/travis/build/icyphy/ptII/ptolemy/domains/de/test/auto/ModalModel.xml (RunModel)" time="0.154" />
  <testcase classname="ptolemy.util.test.junit.AutoTests" name="[44] /home/travis/build/icyphy/ptII/ptolemy/domains/de/test/auto/ModalSource.xml (RunModel)" time="0.02" />
  <testcase classname="ptolemy.util.test.junit.AutoTests" name="[45] /home/travis/build/icyphy/ptII/ptolemy/domains/de/test/auto/NonInterruptibleTimerZeroDelay.xml (RunModel)" time="0.011" />
  <testcase classname="ptolemy.util.test.junit.AutoTests" name="[46] /home/travis/build/icyphy/ptII/ptolemy/domains/de/test/auto/OpenQueueingNetwork.xml (RunModel)" time="2.152" />
  <testcase classname="ptolemy.util.test.junit.AutoTests" name="[47] /home/travis/build/icyphy/ptII/ptolemy/domains/de/test/auto/OpenQueuingNetwork.xml (RunModel)" time="0.258" />
  <testcase classname="ptolemy.util.test.junit.AutoTests" name="[48] /home/travis/build/icyphy/ptII/ptolemy/domains/de/test/auto/PeriodicSampler.xml (RunModel)" time="0.008" />
  <testcase classname="ptolemy.util.test.junit.AutoTests" name="[49] /home/travis/build/icyphy/ptII/ptolemy/domains/de/test/auto/PersistentIO.xml (RunModel)" time="0.032" />
  <testcase classname="ptolemy.util.test.junit.AutoTests" name="[50] /home/travis/build/icyphy/ptII/ptolemy/domains/de/test/auto/PortParameterResetOnInitialize.xml (RunModel)" time="0.014" />
  <testcase classname="ptolemy.util.test.junit.AutoTests" name="[51] /home/travis/build/icyphy/ptII/ptolemy/domains/de/test/auto/PortParameterUpdates.xml (RunModel)" time="0.023" />
  <testcase classname="ptolemy.util.test.junit.AutoTests" name="[52] /home/travis/build/icyphy/ptII/ptolemy/domains/de/test/auto/QueueAndServer.xml (RunModel)" time="0.021" />
  <testcase classname="ptolemy.util.test.junit.AutoTests" name="[53] /home/travis/build/icyphy/ptII/ptolemy/domains/de/test/auto/Records.xml (RunModel)" time="0.013" />
  <testcase classname="ptolemy.util.test.junit.AutoTests" name="[54] /home/travis/build/icyphy/ptII/ptolemy/domains/de/test/auto/ResetTransitionWithStartTime1.xml (RunModel)" time="0.017" />
  <testcase classname="ptolemy.util.test.junit.AutoTests" name="[55] /home/travis/build/icyphy/ptII/ptolemy/domains/de/test/auto/ResetTransitionWithStartTime2.xml (RunModel)" time="0.016" />
  <testcase classname="ptolemy.util.test.junit.AutoTests" name="[56] /home/travis/build/icyphy/ptII/ptolemy/domains/de/test/auto/ResetTransitionWithStartTime3.xml (RunModel)" time="0.017" />
  <testcase classname="ptolemy.util.test.junit.AutoTests" name="[57] /home/travis/build/icyphy/ptII/ptolemy/domains/de/test/auto/ResetTransitionWithStartTime4.xml (RunModel)" time="0.017" />
  <testcase classname="ptolemy.util.test.junit.AutoTests" name="[58] /home/travis/build/icyphy/ptII/ptolemy/domains/de/test/auto/ResettableTimer1.xml (RunModel)" time="0.011" />
  <testcase classname="ptolemy.util.test.junit.AutoTests" name="[59] /home/travis/build/icyphy/ptII/ptolemy/domains/de/test/auto/ResettableTimer2.xml (RunModel)" time="0.01" />
  <testcase classname="ptolemy.util.test.junit.AutoTests" name="[60] /home/travis/build/icyphy/ptII/ptolemy/domains/de/test/auto/ResettableTimer3.xml (RunModel)" time="0.009" />
  <testcase classname="ptolemy.util.test.junit.AutoTests" name="[61] /home/travis/build/icyphy/ptII/ptolemy/domains/de/test/auto/ResettableTimer4.xml (RunModel)" time="0.008" />
  <testcase classname="ptolemy.util.test.junit.AutoTests" name="[62] /home/travis/build/icyphy/ptII/ptolemy/domains/de/test/auto/ResettableTimer5.xml (RunModel)" time="0.01" />
  <testcase classname="ptolemy.util.test.junit.AutoTests" name="[63] /home/travis/build/icyphy/ptII/ptolemy/domains/de/test/auto/ResettableTimer6.xml (RunModel)" time="0.011" />
  <testcase classname="ptolemy.util.test.junit.AutoTests" name="[64] /home/travis/build/icyphy/ptII/ptolemy/domains/de/test/auto/ServerZeroDelay.xml (RunModel)" time="0.01" />
  <testcase classname="ptolemy.util.test.junit.AutoTests" name="[65] /home/travis/build/icyphy/ptII/ptolemy/domains/de/test/auto/SmartSender.xml (RunModel)" time="3.009" />
  <testcase classname="ptolemy.util.test.junit.AutoTests" name="[66] /home/travis/build/icyphy/ptII/ptolemy/domains/de/test/auto/ThreadedComposite.xml (RunModel)" time="0.129" />
  <testcase classname="ptolemy.util.test.junit.AutoTests" name="[67] /home/travis/build/icyphy/ptII/ptolemy/domains/de/test/auto/Time.xml (RunModel)" time="0.425" />
  <testcase classname="ptolemy.util.test.junit.AutoTests" name="[68] /home/travis/build/icyphy/ptII/ptolemy/domains/de/test/auto/TimeDelayZeroDelay.xml (RunModel)" time="0.015" />
  <testcase classname="ptolemy.util.test.junit.AutoTests" name="[69] /home/travis/build/icyphy/ptII/ptolemy/domains/de/test/auto/TimerZeroDelay.xml (RunModel)" time="0.013" />
  <testcase classname="ptolemy.util.test.junit.AutoTests" name="[70] /home/travis/build/icyphy/ptII/ptolemy/domains/de/test/auto/TimingParadox.xml (RunModel)" time="0.329" />
  <testcase classname="ptolemy.util.test.junit.AutoTests" name="[71] /home/travis/build/icyphy/ptII/ptolemy/domains/de/test/auto/TransferInputs.xml (RunModel)" time="0.013" />
  <testcase classname="ptolemy.util.test.junit.AutoTests" name="[72] /home/travis/build/icyphy/ptII/ptolemy/domains/de/test/auto/TransferOutputs2.xml (RunModel)" time="0.015" />
  <testcase classname="ptolemy.util.test.junit.AutoTests" name="[73] /home/travis/build/icyphy/ptII/ptolemy/domains/de/test/auto/Trilateration.xml (RunModel)" time="11.888" />
  <testcase classname="ptolemy.util.test.junit.AutoTests" name="[74] /home/travis/build/icyphy/ptII/ptolemy/domains/de/test/auto/TwoSigmaDelta.xml (RunModel)" time="2.113" />
  <testcase classname="ptolemy.util.test.junit.AutoTests" name="[75] /home/travis/build/icyphy/ptII/ptolemy/domains/de/test/auto/VariableDelay.xml (RunModel)" time="0.01" />
  <testcase classname="ptolemy.util.test.junit.AutoTests" name="[76] /home/travis/build/icyphy/ptII/ptolemy/domains/de/test/auto/VariableDelay2.xml (RunModel)" time="0.009" />
  <testcase classname="ptolemy.util.test.junit.AutoTests" name="[77] /home/travis/build/icyphy/ptII/ptolemy/domains/de/test/auto/VariableDelayZeroDelay.xml (RunModel)" time="0.01" />
  <testcase classname="ptolemy.util.test.junit.AutoTests" name="[78] /home/travis/build/icyphy/ptII/ptolemy/domains/de/test/auto/VariableDelayZeroDelay2.xml (RunModel)" time="0.01" />
  <testcase classname="ptolemy.util.test.junit.AutoTests" name="[79] /home/travis/build/icyphy/ptII/ptolemy/domains/de/test/auto/deInCt.xml (RunModel)" time="0.014" />
  <testcase classname="ptolemy.util.test.junit.AutoTests" name="[80] /home/travis/build/icyphy/ptII/ptolemy/domains/de/test/auto/deInCt2.xml (RunModel)" time="0.014" />
  <testcase classname="ptolemy.util.test.junit.AutoTests" name="[81] /home/travis/build/icyphy/ptII/ptolemy/domains/de/test/auto/dynamicCausalityInterface1.xml (RunModel)" time="0.017" />
  <testcase classname="ptolemy.util.test.junit.AutoTests" name="[82] /home/travis/build/icyphy/ptII/ptolemy/domains/de/test/auto/fsm_de_test.xml (RunModel)" time="0.031" />
  <testcase classname="ptolemy.util.test.junit.AutoTests" name="[83] /home/travis/build/icyphy/ptII/ptolemy/domains/de/test/auto/functionDependencyReconstruction.xml (RunModel)" time="0.034" />
  <testcase classname="ptolemy.util.test.junit.AutoTests" name="[84] /home/travis/build/icyphy/ptII/ptolemy/domains/de/test/auto/multirate.xml (RunModel)" time="0.017" />
  <testcase classname="ptolemy.util.test.junit.AutoTests" name="[85] /home/travis/build/icyphy/ptII/ptolemy/domains/de/test/auto/multirate2.xml (RunModel)" time="0.016" />
  <testcase classname="ptolemy.util.test.junit.AutoTests" name="[86] /home/travis/build/icyphy/ptII/ptolemy/domains/de/test/auto/realtime.xml (RunModel)" time="10.011" />
  <testcase classname="ptolemy.util.test.junit.AutoTests" name="[87] /home/travis/build/icyphy/ptII/ptolemy/domains/de/test/auto/relationGroup.xml (RunModel)" time="0.017" />
  <testcase classname="ptolemy.util.test.junit.AutoTests" name="[88] /home/travis/build/icyphy/ptII/ptolemy/domains/de/test/auto/relationGroup2.xml (RunModel)" time="0.017" />
  <testcase classname="ptolemy.util.test.junit.AutoTests" name="[89] /home/travis/build/icyphy/ptII/ptolemy/domains/de/test/auto/sortWithOpaquePorts.xml (RunModel)" time="0.012" />
  <testcase classname="ptolemy.util.test.junit.AutoTests" name="[90] /home/travis/build/icyphy/ptII/ptolemy/domains/de/test/auto/transferInputsandOutputs.xml (RunModel)" time="0.015" />
  <testcase classname="ptolemy.util.test.junit.AutoTests" name="[91] /home/travis/build/icyphy/ptII/ptolemy/domains/de/test/auto/triggerType.xml (RunModel)" time="0.009" />
  <system-out><![CDATA[/home/travis/build/icyphy/ptII/ptolemy/domains/de/test/DependencyLoop.tcl
testDefs.tcl: setting time out to 9000 seconds at Wed Jun 20 23:06:09 UTC 2018
13 ms. Memory: 116224K Free: 93459K (80%)
6 ms. Memory: 146944K Free: 135482K (92%)
/home/travis/build/icyphy/ptII/ptolemy/domains/de/test/RunDETestsAsQSS.tcl
Run the DE tests using ptolemy.domains.qss.test.QSSDirectorTest, which extends QSSDirector and prints a message in the constructors.
------------------ testing $PTII/ptolemy/domains/de/test/auto/knownFailedTests/dependencyLoop.xml (Known Failure) 
6 ms. Memory: 146944K Free: 131970K (90%)


==== $PTIIhome/travis/build/icyphy/ptII/ptolemy/domains/de/test/../../../../: Auto Automatic test in file $PTII/ptolemy/domains/de/test/auto/knownFailedTests/dependencyLoop.xml
==== Contents of test case:

	    # FIXME: we should use $relativeFilename here, but it
	    # might have backslashes under Windows, which causes no end
	    # of trouble.
	    createAndExecute $file
	    list {}
	
.... Test generated KNOWN error:
    while executing
ptolemy.kernel.util.IllegalActionException: Found a zero delay loop containing .dependencyLoop.original
  in .dependencyLoop and .dependencyLoop.original
	at ptolemy.actor.util.CausalityInterfaceForComposites._computeOutputPortDepth(CausalityInterfaceForComposites.java:759)
	at ptolemy.actor.util.CausalityInterfaceForComposites._computeInputDepth(CausalityInterfaceForComposites.java:696)
	at ptolemy.actor.util.CausalityInterfaceForComposites._computeOutputPortDepth(CausalityInterfaceForComposites.java:765)
	at ptolemy.actor.util.CausalityInterfaceForComposites._computeInputDepth(CausalityInterfaceForComposites.java:696)
	at ptolemy.actor.util.CausalityInterfaceForComposites._computeOutputPortDepth(CausalityInterfaceForComposites.java:765)
	at ptolemy.actor.util.CausalityInterfaceForComposites._computeInputDepth(CausalityInterfaceForComposites.java:696)
	at ptolemy.actor.util.CausalityInterfaceForComposites._computeActorDepth(CausalityInterfaceForComposites.java:532)
	at ptolemy.actor.util.CausalityInterfaceForComposites.checkForCycles(CausalityInterfaceForComposites.java:96)
	at ptolemy.domains.de.kernel.DEDirector.preinitialize(DEDirector.java:1338)
	at ptolemy.actor.CompositeActor.preinitialize(CompositeActor.java:1828)
	at ptolemy.actor.Manager.preinitializeAndResolveTypes(Manager.java:1040)
	at ptolemy.actor.Manager.initialize(Manager.java:710)
	at ptolemy.actor.Manager.execute(Manager.java:356)
	at ptolemy.actor.Manager.run(Manager.java:1263)
	at ptolemy.actor.Manager$PtolemyRunThread.run(Manager.java:1915)

    while executing
ptolemy.kernel.util.IllegalActionException: Found a zero delay loop containing .dependencyLoop.original
  in .dependencyLoop and .dependencyLoop.original
    while executing
"java::new ptolemy.moml.MoMLSimpleApplication $file
"
    (procedure "createAndExecute" line 2)
    invoked from within
"createAndExecute $file"
    ("uplevel" body line 5)
    invoked from within
"uplevel $contents_of_test"
------------------ testing $PTII/ptolemy/domains/de/test/auto/knownFailedTests/DESDFClockTest.xml (Known Failure) 
2068 ms. Memory: 146944K Free: 116609K (79%)


==== $PTIIhome/travis/build/icyphy/ptII/ptolemy/domains/de/test/../../../../: Auto Automatic test in file $PTII/ptolemy/domains/de/test/auto/knownFailedTests/DESDFClockTest.xml
==== Contents of test case:

	    # FIXME: we should use $relativeFilename here, but it
	    # might have backslashes under Windows, which causes no end
	    # of trouble.
	    createAndExecute $file
	    list {}
	
.... Test generated KNOWN error:
    while executing
ptolemy.kernel.util.IllegalActionException: Actor is not ready to fire.  Perhaps UpSample.prefire() returned false? Try debugging the actor by selecting "Listen to Actor".  Also, for SDF check moml for tokenConsumptionRate on input.
  in .DESDFClockTest.Play Bell.Copy1:SDF Director and .DESDFClockTest.Play Bell.UpSample
	at ptolemy.actor.sched.StaticSchedulingDirector.fire(StaticSchedulingDirector.java:227)
	at ptolemy.domains.sdf.kernel.SDFDirector.fire(SDFDirector.java:500)
	at ptolemy.actor.CompositeActor.fire(CompositeActor.java:455)
	at ptolemy.domains.de.kernel.DEDirector._fire(DEDirector.java:1949)
	at ptolemy.domains.de.kernel.DEDirector.fire(DEDirector.java:502)
	at ptolemy.actor.CompositeActor.fire(CompositeActor.java:455)
	at ptolemy.actor.Manager.iterate(Manager.java:851)
	at ptolemy.actor.Manager.execute(Manager.java:369)
	at ptolemy.actor.Manager.run(Manager.java:1263)
	at ptolemy.actor.Manager$PtolemyRunThread.run(Manager.java:1915)

    while executing
ptolemy.kernel.util.IllegalActionException: Actor is not ready to fire.  Perhaps UpSample.prefire() returned false? Try debugging the actor by selecting "Listen to Actor".  Also, for SDF check moml for tokenConsumptionRate on input.
  in .DESDFClockTest.Play Bell.Copy1:SDF Director and .DESDFClockTest.Play Bell.UpSample
    while executing
"java::new ptolemy.moml.MoMLSimpleApplication $file
"
    (procedure "createAndExecute" line 2)
    invoked from within
"createAndExecute $file"
    ("uplevel" body line 5)
    invoked from within
"uplevel $contents_of_test"
------------------ testing $PTII/ptolemy/domains/de/test/auto/knownFailedTests/FSMSource.xml (Known Failure) 
20 ms. Memory: 146944K Free: 107681K (73%)
!!!! Auto was marked as failing, but now passes
------------------ testing $PTII/ptolemy/domains/de/test/auto/knownFailedTests/dependencyLoop2.xml (Known Failure) 
7 ms. Memory: 146944K Free: 105798K (72%)


==== $PTIIhome/travis/build/icyphy/ptII/ptolemy/domains/de/test/../../../../: Auto Automatic test in file $PTII/ptolemy/domains/de/test/auto/knownFailedTests/dependencyLoop2.xml
==== Contents of test case:

	    # FIXME: we should use $relativeFilename here, but it
	    # might have backslashes under Windows, which causes no end
	    # of trouble.
	    createAndExecute $file
	    list {}
	
.... Test generated KNOWN error:
    while executing
ptolemy.kernel.util.IllegalActionException: Found a zero delay loop containing .dependencyLoop2.original
  in .dependencyLoop2 and .dependencyLoop2.original
	at ptolemy.actor.util.CausalityInterfaceForComposites._computeOutputPortDepth(CausalityInterfaceForComposites.java:759)
	at ptolemy.actor.util.CausalityInterfaceForComposites._computeInputDepth(CausalityInterfaceForComposites.java:696)
	at ptolemy.actor.util.CausalityInterfaceForComposites._computeOutputPortDepth(CausalityInterfaceForComposites.java:765)
	at ptolemy.actor.util.CausalityInterfaceForComposites._computeInputDepth(CausalityInterfaceForComposites.java:696)
	at ptolemy.actor.util.CausalityInterfaceForComposites._computeOutputPortDepth(CausalityInterfaceForComposites.java:765)
	at ptolemy.actor.util.CausalityInterfaceForComposites._computeInputDepth(CausalityInterfaceForComposites.java:696)
	at ptolemy.actor.util.CausalityInterfaceForComposites._computeActorDepth(CausalityInterfaceForComposites.java:532)
	at ptolemy.actor.util.CausalityInterfaceForComposites.checkForCycles(CausalityInterfaceForComposites.java:96)
	at ptolemy.domains.de.kernel.DEDirector.preinitialize(DEDirector.java:1338)
	at ptolemy.actor.CompositeActor.preinitialize(CompositeActor.java:1828)
	at ptolemy.actor.Manager.preinitializeAndResolveTypes(Manager.java:1040)
	at ptolemy.actor.Manager.initialize(Manager.java:710)
	at ptolemy.actor.Manager.execute(Manager.java:356)
	at ptolemy.actor.Manager.run(Manager.java:1263)
	at ptolemy.actor.Manager$PtolemyRunThread.run(Manager.java:1915)

    while executing
ptolemy.kernel.util.IllegalActionException: Found a zero delay loop containing .dependencyLoop2.original
  in .dependencyLoop2 and .dependencyLoop2.original
    while executing
"java::new ptolemy.moml.MoMLSimpleApplication $file
"
    (procedure "createAndExecute" line 2)
    invoked from within
"createAndExecute $file"
    ("uplevel" body line 5)
    invoked from within
"uplevel $contents_of_test"
------------------ testing $PTII/ptolemy/domains/de/test/auto/knownFailedTests/HierarchicalModel.xml (Known Failure) 
18 ms. Memory: 146944K Free: 84135K (57%)


==== $PTIIhome/travis/build/icyphy/ptII/ptolemy/domains/de/test/../../../../: Auto Automatic test in file $PTII/ptolemy/domains/de/test/auto/knownFailedTests/HierarchicalModel.xml
==== Contents of test case:

	    # FIXME: we should use $relativeFilename here, but it
	    # might have backslashes under Windows, which causes no end
	    # of trouble.
	    createAndExecute $file
	    list {}
	
.... Test generated KNOWN error:
    while executing
ptolemy.kernel.util.IllegalActionException: Found a zero delay loop containing .HierarchicalModel.A
  in .HierarchicalModel and .HierarchicalModel.A
	at ptolemy.actor.util.CausalityInterfaceForComposites._computeOutputPortDepth(CausalityInterfaceForComposites.java:759)
	at ptolemy.actor.util.CausalityInterfaceForComposites._computeInputDepth(CausalityInterfaceForComposites.java:696)
	at ptolemy.actor.util.CausalityInterfaceForComposites._computeOutputPortDepth(CausalityInterfaceForComposites.java:765)
	at ptolemy.actor.util.CausalityInterfaceForComposites._computeInputDepth(CausalityInterfaceForComposites.java:696)
	at ptolemy.actor.util.CausalityInterfaceForComposites._computeOutputPortDepth(CausalityInterfaceForComposites.java:765)
	at ptolemy.actor.util.CausalityInterfaceForComposites._computeInputDepth(CausalityInterfaceForComposites.java:696)
	at ptolemy.actor.util.CausalityInterfaceForComposites._computeActorDepth(CausalityInterfaceForComposites.java:532)
	at ptolemy.actor.util.CausalityInterfaceForComposites.checkForCycles(CausalityInterfaceForComposites.java:96)
	at ptolemy.domains.de.kernel.DEDirector.preinitialize(DEDirector.java:1338)
	at ptolemy.actor.CompositeActor.preinitialize(CompositeActor.java:1828)
	at ptolemy.actor.Manager.preinitializeAndResolveTypes(Manager.java:1040)
	at ptolemy.actor.Manager.initialize(Manager.java:710)
	at ptolemy.actor.Manager.execute(Manager.java:356)
	at ptolemy.actor.Manager.run(Manager.java:1263)
	at ptolemy.actor.Manager$PtolemyRunThread.run(Manager.java:1915)

    while executing
ptolemy.kernel.util.IllegalActionException: Found a zero delay loop containing .HierarchicalModel.A
  in .HierarchicalModel and .HierarchicalModel.A
    while executing
"java::new ptolemy.moml.MoMLSimpleApplication $file
"
    (procedure "createAndExecute" line 2)
    invoked from within
"createAndExecute $file"
    ("uplevel" body line 5)
    invoked from within
"uplevel $contents_of_test"
------------------ testing $PTII/ptolemy/domains/de/test/auto/knownFailedTests/DirectFeedback.xml (Known Failure) 
4 ms. Memory: 146944K Free: 141425K (96%)


==== $PTIIhome/travis/build/icyphy/ptII/ptolemy/domains/de/test/../../../../: Auto Automatic test in file $PTII/ptolemy/domains/de/test/auto/knownFailedTests/DirectFeedback.xml
==== Contents of test case:

	    # FIXME: we should use $relativeFilename here, but it
	    # might have backslashes under Windows, which causes no end
	    # of trouble.
	    createAndExecute $file
	    list {}
	
.... Test generated KNOWN error:
    while executing
ptolemy.kernel.util.IllegalActionException: Test fails in iteration 1.
Value was: 1.0. Should have been: 2.0
  in .DirectFeedback.Test
	at ptolemy.actor.lib.Test.fire(Test.java:268)
	at ptolemy.domains.de.kernel.DEDirector._fire(DEDirector.java:1949)
	at ptolemy.domains.de.kernel.DEDirector.fire(DEDirector.java:502)
	at ptolemy.actor.CompositeActor.fire(CompositeActor.java:455)
	at ptolemy.actor.Manager.iterate(Manager.java:851)
	at ptolemy.actor.Manager.execute(Manager.java:369)
	at ptolemy.actor.Manager.run(Manager.java:1263)
	at ptolemy.actor.Manager$PtolemyRunThread.run(Manager.java:1915)

    while executing
ptolemy.kernel.util.IllegalActionException: Test fails in iteration 1.
Value was: 1.0. Should have been: 2.0
  in .DirectFeedback.Test
    while executing
"java::new ptolemy.moml.MoMLSimpleApplication $file
"
    (procedure "createAndExecute" line 2)
    invoked from within
"createAndExecute $file"
    ("uplevel" body line 5)
    invoked from within
"uplevel $contents_of_test"
------------------ testing $PTII/ptolemy/domains/de/test/auto/ActorDepthCalculation_actorWithoutPorts.xml
auto.tcl: Setting watchdog for 200 seconds at Wed Jun 20 23:06:12 UTC 2018
4 ms. Memory: 146944K Free: 132512K (90%)
ptolemy.util.test.WatchDog.cancel(): canceling Wed Jun 20 23:06:12 UTC 2018
auto.tcl: Setting watchdog for 200 seconds at Wed Jun 20 23:06:12 UTC 2018
5 ms. Memory: 146944K Free: 131480K (89%)
ptolemy.util.test.WatchDog.cancel(): canceling Wed Jun 20 23:06:12 UTC 2018
------------------ testing $PTII/ptolemy/domains/de/test/auto/AssemblyLine.xml
auto.tcl: Setting watchdog for 200 seconds at Wed Jun 20 23:06:13 UTC 2018
19 ms. Memory: 208384K Free: 182885K (88%)
ptolemy.util.test.WatchDog.cancel(): canceling Wed Jun 20 23:06:13 UTC 2018
auto.tcl: Setting watchdog for 200 seconds at Wed Jun 20 23:06:13 UTC 2018
18 ms. Memory: 208384K Free: 182885K (88%)
ptolemy.util.test.WatchDog.cancel(): canceling Wed Jun 20 23:06:13 UTC 2018
------------------ testing $PTII/ptolemy/domains/de/test/auto/CQBug1.xml
auto.tcl: Setting watchdog for 200 seconds at Wed Jun 20 23:06:13 UTC 2018
11 ms. Memory: 208384K Free: 197739K (95%)
ptolemy.util.test.WatchDog.cancel(): canceling Wed Jun 20 23:06:13 UTC 2018
auto.tcl: Setting watchdog for 200 seconds at Wed Jun 20 23:06:13 UTC 2018
2 ms. Memory: 208384K Free: 197739K (95%)
ptolemy.util.test.WatchDog.cancel(): canceling Wed Jun 20 23:06:13 UTC 2018
------------------ testing $PTII/ptolemy/domains/de/test/auto/CancelFireAt.xml
auto.tcl: Setting watchdog for 200 seconds at Wed Jun 20 23:06:13 UTC 2018
4 ms. Memory: 208384K Free: 201446K (97%)
ptolemy.util.test.WatchDog.cancel(): canceling Wed Jun 20 23:06:13 UTC 2018
auto.tcl: Setting watchdog for 200 seconds at Wed Jun 20 23:06:13 UTC 2018
4 ms. Memory: 208384K Free: 199354K (96%)
ptolemy.util.test.WatchDog.cancel(): canceling Wed Jun 20 23:06:13 UTC 2018
------------------ testing $PTII/ptolemy/domains/de/test/auto/CausalityAndComposabilityAnalysis.xml
auto.tcl: Setting watchdog for 200 seconds at Wed Jun 20 23:06:13 UTC 2018
14 ms. Memory: 208384K Free: 196514K (94%)
ptolemy.util.test.WatchDog.cancel(): canceling Wed Jun 20 23:06:13 UTC 2018
auto.tcl: Setting watchdog for 200 seconds at Wed Jun 20 23:06:13 UTC 2018
9 ms. Memory: 208384K Free: 196514K (94%)
ptolemy.util.test.WatchDog.cancel(): canceling Wed Jun 20 23:06:13 UTC 2018
------------------ testing $PTII/ptolemy/domains/de/test/auto/CausalityInterface1.xml
auto.tcl: Setting watchdog for 200 seconds at Wed Jun 20 23:06:13 UTC 2018
16 ms. Memory: 208384K Free: 196427K (94%)
ptolemy.util.test.WatchDog.cancel(): canceling Wed Jun 20 23:06:13 UTC 2018
auto.tcl: Setting watchdog for 200 seconds at Wed Jun 20 23:06:13 UTC 2018
4 ms. Memory: 208384K Free: 196427K (94%)
ptolemy.util.test.WatchDog.cancel(): canceling Wed Jun 20 23:06:13 UTC 2018
------------------ testing $PTII/ptolemy/domains/de/test/auto/CausalityInterface15.xml
auto.tcl: Setting watchdog for 200 seconds at Wed Jun 20 23:06:13 UTC 2018
10 ms. Memory: 208384K Free: 196434K (94%)
ptolemy.util.test.WatchDog.cancel(): canceling Wed Jun 20 23:06:13 UTC 2018
auto.tcl: Setting watchdog for 200 seconds at Wed Jun 20 23:06:13 UTC 2018
5 ms. Memory: 208384K Free: 196434K (94%)
ptolemy.util.test.WatchDog.cancel(): canceling Wed Jun 20 23:06:13 UTC 2018
------------------ testing $PTII/ptolemy/domains/de/test/auto/CausalityInterface2.xml
auto.tcl: Setting watchdog for 200 seconds at Wed Jun 20 23:06:13 UTC 2018
5 ms. Memory: 208384K Free: 196738K (94%)
ptolemy.util.test.WatchDog.cancel(): canceling Wed Jun 20 23:06:13 UTC 2018
auto.tcl: Setting watchdog for 200 seconds at Wed Jun 20 23:06:13 UTC 2018
6 ms. Memory: 208384K Free: 196400K (94%)
ptolemy.util.test.WatchDog.cancel(): canceling Wed Jun 20 23:06:13 UTC 2018
------------------ testing $PTII/ptolemy/domains/de/test/auto/CausalityInterface3.xml
auto.tcl: Setting watchdog for 200 seconds at Wed Jun 20 23:06:13 UTC 2018
12 ms. Memory: 208384K Free: 196429K (94%)
ptolemy.util.test.WatchDog.cancel(): canceling Wed Jun 20 23:06:13 UTC 2018
auto.tcl: Setting watchdog for 200 seconds at Wed Jun 20 23:06:13 UTC 2018
3 ms. Memory: 208384K Free: 196429K (94%)
ptolemy.util.test.WatchDog.cancel(): canceling Wed Jun 20 23:06:13 UTC 2018
------------------ testing $PTII/ptolemy/domains/de/test/auto/ClockDrift.xml
auto.tcl: Setting watchdog for 200 seconds at Wed Jun 20 23:06:14 UTC 2018
104 ms. Memory: 208384K Free: 187644K (90%)
ptolemy.util.test.WatchDog.cancel(): canceling Wed Jun 20 23:06:14 UTC 2018
auto.tcl: Setting watchdog for 200 seconds at Wed Jun 20 23:06:14 UTC 2018
65 ms. Memory: 208384K Free: 185536K (89%)
ptolemy.util.test.WatchDog.cancel(): canceling Wed Jun 20 23:06:14 UTC 2018
------------------ testing $PTII/ptolemy/domains/de/test/auto/ClockDriftAndValueChange.xml
auto.tcl: Setting watchdog for 200 seconds at Wed Jun 20 23:06:14 UTC 2018
31 ms. Memory: 208384K Free: 187487K (90%)
ptolemy.util.test.WatchDog.cancel(): canceling Wed Jun 20 23:06:14 UTC 2018
auto.tcl: Setting watchdog for 200 seconds at Wed Jun 20 23:06:14 UTC 2018
24 ms. Memory: 208384K Free: 185379K (89%)
ptolemy.util.test.WatchDog.cancel(): canceling Wed Jun 20 23:06:14 UTC 2018
------------------ testing $PTII/ptolemy/domains/de/test/auto/ClockDriftChange.xml
auto.tcl: Setting watchdog for 200 seconds at Wed Jun 20 23:06:14 UTC 2018
42 ms. Memory: 208384K Free: 190835K (92%)
ptolemy.util.test.WatchDog.cancel(): canceling Wed Jun 20 23:06:14 UTC 2018
auto.tcl: Setting watchdog for 200 seconds at Wed Jun 20 23:06:14 UTC 2018
25 ms. Memory: 208384K Free: 188727K (91%)
ptolemy.util.test.WatchDog.cancel(): canceling Wed Jun 20 23:06:14 UTC 2018
------------------ testing $PTII/ptolemy/domains/de/test/auto/ComposableCausalityAnalysis.xml
auto.tcl: Setting watchdog for 200 seconds at Wed Jun 20 23:06:14 UTC 2018
2 ms. Memory: 208384K Free: 196282K (94%)
ptolemy.util.test.WatchDog.cancel(): canceling Wed Jun 20 23:06:14 UTC 2018
auto.tcl: Setting watchdog for 200 seconds at Wed Jun 20 23:06:14 UTC 2018
4 ms. Memory: 208384K Free: 194182K (93%)
ptolemy.util.test.WatchDog.cancel(): canceling Wed Jun 20 23:06:14 UTC 2018
------------------ testing $PTII/ptolemy/domains/de/test/auto/DEFixedPointLimitation.xml
auto.tcl: Setting watchdog for 200 seconds at Wed Jun 20 23:06:14 UTC 2018
4 ms. Memory: 208384K Free: 196346K (94%)
ptolemy.util.test.WatchDog.cancel(): canceling Wed Jun 20 23:06:14 UTC 2018
auto.tcl: Setting watchdog for 200 seconds at Wed Jun 20 23:06:14 UTC 2018
2 ms. Memory: 208384K Free: 196346K (94%)
ptolemy.util.test.WatchDog.cancel(): canceling Wed Jun 20 23:06:14 UTC 2018
------------------ testing $PTII/ptolemy/domains/de/test/auto/DEScheduleTest.xml
auto.tcl: Setting watchdog for 200 seconds at Wed Jun 20 23:06:14 UTC 2018
4 ms. Memory: 208384K Free: 198828K (95%)
ptolemy.util.test.WatchDog.cancel(): canceling Wed Jun 20 23:06:14 UTC 2018
auto.tcl: Setting watchdog for 200 seconds at Wed Jun 20 23:06:14 UTC 2018
4 ms. Memory: 208384K Free: 196382K (94%)
ptolemy.util.test.WatchDog.cancel(): canceling Wed Jun 20 23:06:14 UTC 2018
------------------ testing $PTII/ptolemy/domains/de/test/auto/DEinDEwithStartTimes.xml
auto.tcl: Setting watchdog for 200 seconds at Wed Jun 20 23:06:14 UTC 2018
6 ms. Memory: 208384K Free: 196360K (94%)
ptolemy.util.test.WatchDog.cancel(): canceling Wed Jun 20 23:06:14 UTC 2018
auto.tcl: Setting watchdog for 200 seconds at Wed Jun 20 23:06:14 UTC 2018
3 ms. Memory: 208384K Free: 194252K (93%)
ptolemy.util.test.WatchDog.cancel(): canceling Wed Jun 20 23:06:14 UTC 2018
------------------ testing $PTII/ptolemy/domains/de/test/auto/DEinDEwithStartTimes2.xml
auto.tcl: Setting watchdog for 200 seconds at Wed Jun 20 23:06:14 UTC 2018
4 ms. Memory: 208384K Free: 196700K (94%)
ptolemy.util.test.WatchDog.cancel(): canceling Wed Jun 20 23:06:15 UTC 2018
auto.tcl: Setting watchdog for 200 seconds at Wed Jun 20 23:06:15 UTC 2018
3 ms. Memory: 208384K Free: 194592K (93%)
ptolemy.util.test.WatchDog.cancel(): canceling Wed Jun 20 23:06:15 UTC 2018
------------------ testing $PTII/ptolemy/domains/de/test/auto/DateDemo.xml
auto.tcl: Setting watchdog for 200 seconds at Wed Jun 20 23:06:15 UTC 2018
11 ms. Memory: 208384K Free: 188800K (91%)
ptolemy.util.test.WatchDog.cancel(): canceling Wed Jun 20 23:06:15 UTC 2018
auto.tcl: Setting watchdog for 200 seconds at Wed Jun 20 23:06:15 UTC 2018
7 ms. Memory: 208384K Free: 186692K (90%)
ptolemy.util.test.WatchDog.cancel(): canceling Wed Jun 20 23:06:15 UTC 2018
------------------ testing $PTII/ptolemy/domains/de/test/auto/DateToEvent.xml
auto.tcl: Setting watchdog for 200 seconds at Wed Jun 20 23:06:15 UTC 2018
2010 ms. Memory: 208384K Free: 183490K (88%)
ptolemy.util.test.WatchDog.cancel(): canceling Wed Jun 20 23:06:17 UTC 2018
auto.tcl: Setting watchdog for 200 seconds at Wed Jun 20 23:06:17 UTC 2018
2007 ms. Memory: 208384K Free: 183490K (88%)
ptolemy.util.test.WatchDog.cancel(): canceling Wed Jun 20 23:06:19 UTC 2018
------------------ testing $PTII/ptolemy/domains/de/test/auto/DepthTest1.xml
auto.tcl: Setting watchdog for 200 seconds at Wed Jun 20 23:06:19 UTC 2018
3 ms. Memory: 208384K Free: 195898K (94%)
ptolemy.util.test.WatchDog.cancel(): canceling Wed Jun 20 23:06:19 UTC 2018
auto.tcl: Setting watchdog for 200 seconds at Wed Jun 20 23:06:19 UTC 2018
2 ms. Memory: 208384K Free: 195898K (94%)
ptolemy.util.test.WatchDog.cancel(): canceling Wed Jun 20 23:06:19 UTC 2018
------------------ testing $PTII/ptolemy/domains/de/test/auto/DepthTest2.xml
auto.tcl: Setting watchdog for 200 seconds at Wed Jun 20 23:06:19 UTC 2018
5 ms. Memory: 208384K Free: 194236K (93%)
ptolemy.util.test.WatchDog.cancel(): canceling Wed Jun 20 23:06:19 UTC 2018
auto.tcl: Setting watchdog for 200 seconds at Wed Jun 20 23:06:19 UTC 2018
2 ms. Memory: 208384K Free: 194236K (93%)
ptolemy.util.test.WatchDog.cancel(): canceling Wed Jun 20 23:06:19 UTC 2018
------------------ testing $PTII/ptolemy/domains/de/test/auto/DepthTest3.xml
auto.tcl: Setting watchdog for 200 seconds at Wed Jun 20 23:06:19 UTC 2018
2 ms. Memory: 208384K Free: 198352K (95%)
ptolemy.util.test.WatchDog.cancel(): canceling Wed Jun 20 23:06:19 UTC 2018
auto.tcl: Setting watchdog for 200 seconds at Wed Jun 20 23:06:19 UTC 2018
3 ms. Memory: 208384K Free: 198352K (95%)
ptolemy.util.test.WatchDog.cancel(): canceling Wed Jun 20 23:06:19 UTC 2018
------------------ testing $PTII/ptolemy/domains/de/test/auto/DepthTest4.xml
auto.tcl: Setting watchdog for 200 seconds at Wed Jun 20 23:06:19 UTC 2018
3 ms. Memory: 208384K Free: 196348K (94%)
ptolemy.util.test.WatchDog.cancel(): canceling Wed Jun 20 23:06:19 UTC 2018
auto.tcl: Setting watchdog for 200 seconds at Wed Jun 20 23:06:19 UTC 2018
3 ms. Memory: 208384K Free: 196348K (94%)
ptolemy.util.test.WatchDog.cancel(): canceling Wed Jun 20 23:06:19 UTC 2018
------------------ testing $PTII/ptolemy/domains/de/test/auto/DepthTest5.xml
auto.tcl: Setting watchdog for 200 seconds at Wed Jun 20 23:06:19 UTC 2018
8 ms. Memory: 208384K Free: 196309K (94%)
ptolemy.util.test.WatchDog.cancel(): canceling Wed Jun 20 23:06:19 UTC 2018
auto.tcl: Setting watchdog for 200 seconds at Wed Jun 20 23:06:19 UTC 2018
2 ms. Memory: 208384K Free: 196309K (94%)
ptolemy.util.test.WatchDog.cancel(): canceling Wed Jun 20 23:06:19 UTC 2018
------------------ testing $PTII/ptolemy/domains/de/test/auto/DepthTest6.xml
auto.tcl: Setting watchdog for 200 seconds at Wed Jun 20 23:06:19 UTC 2018
6 ms. Memory: 208384K Free: 196621K (94%)
ptolemy.util.test.WatchDog.cancel(): canceling Wed Jun 20 23:06:19 UTC 2018
auto.tcl: Setting watchdog for 200 seconds at Wed Jun 20 23:06:19 UTC 2018
2 ms. Memory: 208384K Free: 196621K (94%)
ptolemy.util.test.WatchDog.cancel(): canceling Wed Jun 20 23:06:19 UTC 2018
------------------ testing $PTII/ptolemy/domains/de/test/auto/DepthTest7.xml
auto.tcl: Setting watchdog for 200 seconds at Wed Jun 20 23:06:19 UTC 2018
3 ms. Memory: 208384K Free: 196234K (94%)
ptolemy.util.test.WatchDog.cancel(): canceling Wed Jun 20 23:06:19 UTC 2018
auto.tcl: Setting watchdog for 200 seconds at Wed Jun 20 23:06:19 UTC 2018
2 ms. Memory: 208384K Free: 196234K (94%)
ptolemy.util.test.WatchDog.cancel(): canceling Wed Jun 20 23:06:19 UTC 2018
------------------ testing $PTII/ptolemy/domains/de/test/auto/EventToDate.xml
auto.tcl: Setting watchdog for 200 seconds at Wed Jun 20 23:06:19 UTC 2018
3009 ms. Memory: 208384K Free: 185787K (89%)
ptolemy.util.test.WatchDog.cancel(): canceling Wed Jun 20 23:06:22 UTC 2018
auto.tcl: Setting watchdog for 200 seconds at Wed Jun 20 23:06:22 UTC 2018
3004 ms. Memory: 208384K Free: 185787K (89%)
ptolemy.util.test.WatchDog.cancel(): canceling Wed Jun 20 23:06:25 UTC 2018
------------------ testing $PTII/ptolemy/domains/de/test/auto/FSM1.xml
auto.tcl: Setting watchdog for 200 seconds at Wed Jun 20 23:06:25 UTC 2018
32 ms. Memory: 208384K Free: 189279K (91%)
ptolemy.util.test.WatchDog.cancel(): canceling Wed Jun 20 23:06:25 UTC 2018
auto.tcl: Setting watchdog for 200 seconds at Wed Jun 20 23:06:25 UTC 2018
21 ms. Memory: 208384K Free: 185079K (89%)
ptolemy.util.test.WatchDog.cancel(): canceling Wed Jun 20 23:06:26 UTC 2018
------------------ testing $PTII/ptolemy/domains/de/test/auto/FSM7.xml
auto.tcl: Setting watchdog for 200 seconds at Wed Jun 20 23:06:26 UTC 2018
28 ms. Memory: 208384K Free: 187405K (90%)
ptolemy.util.test.WatchDog.cancel(): canceling Wed Jun 20 23:06:26 UTC 2018
auto.tcl: Setting watchdog for 200 seconds at Wed Jun 20 23:06:26 UTC 2018
21 ms. Memory: 208384K Free: 185305K (89%)
ptolemy.util.test.WatchDog.cancel(): canceling Wed Jun 20 23:06:26 UTC 2018
------------------ testing $PTII/ptolemy/domains/de/test/auto/Inspection.xml
auto.tcl: Setting watchdog for 200 seconds at Wed Jun 20 23:06:26 UTC 2018
22 ms. Memory: 208384K Free: 188618K (91%)
ptolemy.util.test.WatchDog.cancel(): canceling Wed Jun 20 23:06:26 UTC 2018
auto.tcl: Setting watchdog for 200 seconds at Wed Jun 20 23:06:26 UTC 2018
21 ms. Memory: 208384K Free: 186510K (90%)
ptolemy.util.test.WatchDog.cancel(): canceling Wed Jun 20 23:06:26 UTC 2018
------------------ testing $PTII/ptolemy/domains/de/test/auto/Iteration.xml
auto.tcl: Setting watchdog for 200 seconds at Wed Jun 20 23:06:26 UTC 2018
12 ms. Memory: 208384K Free: 196394K (94%)
ptolemy.util.test.WatchDog.cancel(): canceling Wed Jun 20 23:06:26 UTC 2018
auto.tcl: Setting watchdog for 200 seconds at Wed Jun 20 23:06:26 UTC 2018
8 ms. Memory: 208384K Free: 194302K (93%)
ptolemy.util.test.WatchDog.cancel(): canceling Wed Jun 20 23:06:26 UTC 2018
------------------ testing $PTII/ptolemy/domains/de/test/auto/LineFault.xml
auto.tcl: Setting watchdog for 200 seconds at Wed Jun 20 23:06:26 UTC 2018
649 ms. Memory: 208384K Free: 196247K (94%)
ptolemy.util.test.WatchDog.cancel(): canceling Wed Jun 20 23:06:27 UTC 2018
auto.tcl: Setting watchdog for 200 seconds at Wed Jun 20 23:06:27 UTC 2018
546 ms. Memory: 208384K Free: 140829K (68%)
ptolemy.util.test.WatchDog.cancel(): canceling Wed Jun 20 23:06:27 UTC 2018
------------------ testing $PTII/ptolemy/domains/de/test/auto/MergeModel1Add.xml
auto.tcl: Setting watchdog for 200 seconds at Wed Jun 20 23:06:27 UTC 2018
25 ms. Memory: 331264K Free: 298876K (90%)
ptolemy.util.test.WatchDog.cancel(): canceling Wed Jun 20 23:06:28 UTC 2018
auto.tcl: Setting watchdog for 200 seconds at Wed Jun 20 23:06:28 UTC 2018
15 ms. Memory: 331264K Free: 298876K (90%)
ptolemy.util.test.WatchDog.cancel(): canceling Wed Jun 20 23:06:28 UTC 2018
------------------ testing $PTII/ptolemy/domains/de/test/auto/MergeModel2Add.xml
auto.tcl: Setting watchdog for 200 seconds at Wed Jun 20 23:06:28 UTC 2018
10 ms. Memory: 331264K Free: 304169K (92%)
ptolemy.util.test.WatchDog.cancel(): canceling Wed Jun 20 23:06:28 UTC 2018
auto.tcl: Setting watchdog for 200 seconds at Wed Jun 20 23:06:28 UTC 2018
7 ms. Memory: 331264K Free: 300214K (91%)
ptolemy.util.test.WatchDog.cancel(): canceling Wed Jun 20 23:06:28 UTC 2018
------------------ testing $PTII/ptolemy/domains/de/test/auto/MergeModel3Add.xml
auto.tcl: Setting watchdog for 200 seconds at Wed Jun 20 23:06:28 UTC 2018
9 ms. Memory: 331264K Free: 304171K (92%)
ptolemy.util.test.WatchDog.cancel(): canceling Wed Jun 20 23:06:28 UTC 2018
auto.tcl: Setting watchdog for 200 seconds at Wed Jun 20 23:06:28 UTC 2018
8 ms. Memory: 331264K Free: 300232K (91%)
ptolemy.util.test.WatchDog.cancel(): canceling Wed Jun 20 23:06:28 UTC 2018
------------------ testing $PTII/ptolemy/domains/de/test/auto/MergeWithoutDiscard.xml
auto.tcl: Setting watchdog for 200 seconds at Wed Jun 20 23:06:28 UTC 2018
2 ms. Memory: 331264K Free: 315325K (95%)
ptolemy.util.test.WatchDog.cancel(): canceling Wed Jun 20 23:06:28 UTC 2018
auto.tcl: Setting watchdog for 200 seconds at Wed Jun 20 23:06:28 UTC 2018
1 ms. Memory: 331264K Free: 311386K (94%)
ptolemy.util.test.WatchDog.cancel(): canceling Wed Jun 20 23:06:28 UTC 2018
------------------ testing $PTII/ptolemy/domains/de/test/auto/Modal1.xml
auto.tcl: Setting watchdog for 200 seconds at Wed Jun 20 23:06:28 UTC 2018
20 ms. Memory: 331264K Free: 309930K (94%)
ptolemy.util.test.WatchDog.cancel(): canceling Wed Jun 20 23:06:28 UTC 2018
auto.tcl: Setting watchdog for 200 seconds at Wed Jun 20 23:06:28 UTC 2018
19 ms. Memory: 331264K Free: 305991K (92%)
ptolemy.util.test.WatchDog.cancel(): canceling Wed Jun 20 23:06:28 UTC 2018
------------------ testing $PTII/ptolemy/domains/de/test/auto/Modal2.xml
auto.tcl: Setting watchdog for 200 seconds at Wed Jun 20 23:06:28 UTC 2018
18 ms. Memory: 331264K Free: 309759K (94%)
ptolemy.util.test.WatchDog.cancel(): canceling Wed Jun 20 23:06:28 UTC 2018
auto.tcl: Setting watchdog for 200 seconds at Wed Jun 20 23:06:28 UTC 2018
9 ms. Memory: 331264K Free: 305820K (92%)
ptolemy.util.test.WatchDog.cancel(): canceling Wed Jun 20 23:06:28 UTC 2018
------------------ testing $PTII/ptolemy/domains/de/test/auto/Modal3.xml
auto.tcl: Setting watchdog for 200 seconds at Wed Jun 20 23:06:28 UTC 2018
9 ms. Memory: 331264K Free: 309850K (94%)
ptolemy.util.test.WatchDog.cancel(): canceling Wed Jun 20 23:06:28 UTC 2018
auto.tcl: Setting watchdog for 200 seconds at Wed Jun 20 23:06:28 UTC 2018
9 ms. Memory: 331264K Free: 305625K (92%)
ptolemy.util.test.WatchDog.cancel(): canceling Wed Jun 20 23:06:28 UTC 2018
------------------ testing $PTII/ptolemy/domains/de/test/auto/Modal4.xml
auto.tcl: Setting watchdog for 200 seconds at Wed Jun 20 23:06:28 UTC 2018
24 ms. Memory: 331264K Free: 309592K (93%)
ptolemy.util.test.WatchDog.cancel(): canceling Wed Jun 20 23:06:28 UTC 2018
auto.tcl: Setting watchdog for 200 seconds at Wed Jun 20 23:06:28 UTC 2018
16 ms. Memory: 331264K Free: 305637K (92%)
ptolemy.util.test.WatchDog.cancel(): canceling Wed Jun 20 23:06:28 UTC 2018
------------------ testing $PTII/ptolemy/domains/de/test/auto/Modal5.xml
auto.tcl: Setting watchdog for 200 seconds at Wed Jun 20 23:06:28 UTC 2018
20 ms. Memory: 331264K Free: 309564K (93%)
ptolemy.util.test.WatchDog.cancel(): canceling Wed Jun 20 23:06:28 UTC 2018
auto.tcl: Setting watchdog for 200 seconds at Wed Jun 20 23:06:28 UTC 2018
10 ms. Memory: 331264K Free: 305609K (92%)
ptolemy.util.test.WatchDog.cancel(): canceling Wed Jun 20 23:06:28 UTC 2018
------------------ testing $PTII/ptolemy/domains/de/test/auto/Modal6.xml
auto.tcl: Setting watchdog for 200 seconds at Wed Jun 20 23:06:28 UTC 2018
15 ms. Memory: 331264K Free: 309561K (93%)
ptolemy.util.test.WatchDog.cancel(): canceling Wed Jun 20 23:06:29 UTC 2018
auto.tcl: Setting watchdog for 200 seconds at Wed Jun 20 23:06:29 UTC 2018
15 ms. Memory: 331264K Free: 305606K (92%)
ptolemy.util.test.WatchDog.cancel(): canceling Wed Jun 20 23:06:29 UTC 2018
------------------ testing $PTII/ptolemy/domains/de/test/auto/Modal7.xml
auto.tcl: Setting watchdog for 200 seconds at Wed Jun 20 23:06:29 UTC 2018
10 ms. Memory: 331264K Free: 309545K (93%)
ptolemy.util.test.WatchDog.cancel(): canceling Wed Jun 20 23:06:29 UTC 2018
auto.tcl: Setting watchdog for 200 seconds at Wed Jun 20 23:06:29 UTC 2018
9 ms. Memory: 331264K Free: 305591K (92%)
ptolemy.util.test.WatchDog.cancel(): canceling Wed Jun 20 23:06:29 UTC 2018
------------------ testing $PTII/ptolemy/domains/de/test/auto/ModalModel.xml
auto.tcl: Setting watchdog for 200 seconds at Wed Jun 20 23:06:29 UTC 2018
199 ms. Memory: 331264K Free: 248368K (75%)
ptolemy.util.test.WatchDog.cancel(): canceling Wed Jun 20 23:06:29 UTC 2018
auto.tcl: Setting watchdog for 200 seconds at Wed Jun 20 23:06:29 UTC 2018
176 ms. Memory: 331264K Free: 193090K (58%)
ptolemy.util.test.WatchDog.cancel(): canceling Wed Jun 20 23:06:29 UTC 2018
------------------ testing $PTII/ptolemy/domains/de/test/auto/ModalSource.xml
auto.tcl: Setting watchdog for 200 seconds at Wed Jun 20 23:06:29 UTC 2018
10 ms. Memory: 331264K Free: 316308K (95%)
ptolemy.util.test.WatchDog.cancel(): canceling Wed Jun 20 23:06:29 UTC 2018
auto.tcl: Setting watchdog for 200 seconds at Wed Jun 20 23:06:29 UTC 2018
5 ms. Memory: 331264K Free: 312783K (94%)
ptolemy.util.test.WatchDog.cancel(): canceling Wed Jun 20 23:06:29 UTC 2018
------------------ testing $PTII/ptolemy/domains/de/test/auto/NonInterruptibleTimerZeroDelay.xml
auto.tcl: Setting watchdog for 200 seconds at Wed Jun 20 23:06:29 UTC 2018
4 ms. Memory: 331264K Free: 320680K (97%)
ptolemy.util.test.WatchDog.cancel(): canceling Wed Jun 20 23:06:29 UTC 2018
auto.tcl: Setting watchdog for 200 seconds at Wed Jun 20 23:06:29 UTC 2018
2 ms. Memory: 331264K Free: 317139K (96%)
ptolemy.util.test.WatchDog.cancel(): canceling Wed Jun 20 23:06:29 UTC 2018
------------------ testing $PTII/ptolemy/domains/de/test/auto/OpenQueueingNetwork.xml
auto.tcl: Setting watchdog for 200 seconds at Wed Jun 20 23:06:29 UTC 2018
2491 ms. Memory: 573952K Free: 421734K (73%)
ptolemy.util.test.WatchDog.cancel(): canceling Wed Jun 20 23:06:32 UTC 2018
auto.tcl: Setting watchdog for 200 seconds at Wed Jun 20 23:06:32 UTC 2018
2216 ms. Memory: 574464K Free: 355351K (62%)
ptolemy.util.test.WatchDog.cancel(): canceling Wed Jun 20 23:06:34 UTC 2018
------------------ testing $PTII/ptolemy/domains/de/test/auto/OpenQueuingNetwork.xml
auto.tcl: Setting watchdog for 200 seconds at Wed Jun 20 23:06:34 UTC 2018
223 ms. Memory: 1064960K Free: 945673K (89%)
ptolemy.util.test.WatchDog.cancel(): canceling Wed Jun 20 23:06:35 UTC 2018
auto.tcl: Setting watchdog for 200 seconds at Wed Jun 20 23:06:35 UTC 2018
225 ms. Memory: 1064960K Free: 888230K (83%)
ptolemy.util.test.WatchDog.cancel(): canceling Wed Jun 20 23:06:35 UTC 2018
------------------ testing $PTII/ptolemy/domains/de/test/auto/PeriodicSampler.xml
auto.tcl: Setting watchdog for 200 seconds at Wed Jun 20 23:06:35 UTC 2018
2 ms. Memory: 1065472K Free: 1029144K (97%)
ptolemy.util.test.WatchDog.cancel(): canceling Wed Jun 20 23:06:35 UTC 2018
auto.tcl: Setting watchdog for 200 seconds at Wed Jun 20 23:06:35 UTC 2018
2 ms. Memory: 1065472K Free: 1029144K (97%)
ptolemy.util.test.WatchDog.cancel(): canceling Wed Jun 20 23:06:35 UTC 2018
------------------ testing $PTII/ptolemy/domains/de/test/auto/PersistentIO.xml
auto.tcl: Setting watchdog for 200 seconds at Wed Jun 20 23:06:35 UTC 2018
15 ms. Memory: 1064960K Free: 1029215K (97%)
ptolemy.util.test.WatchDog.cancel(): canceling Wed Jun 20 23:06:35 UTC 2018
auto.tcl: Setting watchdog for 200 seconds at Wed Jun 20 23:06:35 UTC 2018
4 ms. Memory: 1064960K Free: 1029215K (97%)
ptolemy.util.test.WatchDog.cancel(): canceling Wed Jun 20 23:06:35 UTC 2018
------------------ testing $PTII/ptolemy/domains/de/test/auto/PortParameterResetOnInitialize.xml
auto.tcl: Setting watchdog for 200 seconds at Wed Jun 20 23:06:35 UTC 2018
2 ms. Memory: 1065472K Free: 1029106K (97%)
ptolemy.util.test.WatchDog.cancel(): canceling Wed Jun 20 23:06:35 UTC 2018
auto.tcl: Setting watchdog for 200 seconds at Wed Jun 20 23:06:35 UTC 2018
2 ms. Memory: 1065472K Free: 1029106K (97%)
ptolemy.util.test.WatchDog.cancel(): canceling Wed Jun 20 23:06:35 UTC 2018
------------------ testing $PTII/ptolemy/domains/de/test/auto/PortParameterUpdates.xml
auto.tcl: Setting watchdog for 200 seconds at Wed Jun 20 23:06:35 UTC 2018
3 ms. Memory: 1065472K Free: 1029721K (97%)
ptolemy.util.test.WatchDog.cancel(): canceling Wed Jun 20 23:06:35 UTC 2018
auto.tcl: Setting watchdog for 200 seconds at Wed Jun 20 23:06:35 UTC 2018
5 ms. Memory: 1065472K Free: 1029721K (97%)
ptolemy.util.test.WatchDog.cancel(): canceling Wed Jun 20 23:06:35 UTC 2018
------------------ testing $PTII/ptolemy/domains/de/test/auto/QueueAndServer.xml
auto.tcl: Setting watchdog for 200 seconds at Wed Jun 20 23:06:35 UTC 2018
13 ms. Memory: 1065472K Free: 1039022K (98%)
ptolemy.util.test.WatchDog.cancel(): canceling Wed Jun 20 23:06:35 UTC 2018
auto.tcl: Setting watchdog for 200 seconds at Wed Jun 20 23:06:35 UTC 2018
6 ms. Memory: 1065472K Free: 1039022K (98%)
ptolemy.util.test.WatchDog.cancel(): canceling Wed Jun 20 23:06:35 UTC 2018
------------------ testing $PTII/ptolemy/domains/de/test/auto/Records.xml
auto.tcl: Setting watchdog for 200 seconds at Wed Jun 20 23:06:35 UTC 2018
12 ms. Memory: 1065472K Free: 1038964K (98%)
ptolemy.util.test.WatchDog.cancel(): canceling Wed Jun 20 23:06:35 UTC 2018
auto.tcl: Setting watchdog for 200 seconds at Wed Jun 20 23:06:35 UTC 2018
2 ms. Memory: 1065472K Free: 1038964K (98%)
ptolemy.util.test.WatchDog.cancel(): canceling Wed Jun 20 23:06:35 UTC 2018
------------------ testing $PTII/ptolemy/domains/de/test/auto/ResetTransitionWithStartTime1.xml
auto.tcl: Setting watchdog for 200 seconds at Wed Jun 20 23:06:35 UTC 2018
13 ms. Memory: 1065472K Free: 1038989K (98%)
ptolemy.util.test.WatchDog.cancel(): canceling Wed Jun 20 23:06:35 UTC 2018
auto.tcl: Setting watchdog for 200 seconds at Wed Jun 20 23:06:35 UTC 2018
5 ms. Memory: 1065472K Free: 1038989K (98%)
ptolemy.util.test.WatchDog.cancel(): canceling Wed Jun 20 23:06:35 UTC 2018
------------------ testing $PTII/ptolemy/domains/de/test/auto/ResetTransitionWithStartTime2.xml
auto.tcl: Setting watchdog for 200 seconds at Wed Jun 20 23:06:35 UTC 2018
6 ms. Memory: 1064448K Free: 1038438K (98%)
ptolemy.util.test.WatchDog.cancel(): canceling Wed Jun 20 23:06:35 UTC 2018
auto.tcl: Setting watchdog for 200 seconds at Wed Jun 20 23:06:35 UTC 2018
11 ms. Memory: 1064448K Free: 1038438K (98%)
ptolemy.util.test.WatchDog.cancel(): canceling Wed Jun 20 23:06:35 UTC 2018
------------------ testing $PTII/ptolemy/domains/de/test/auto/ResetTransitionWithStartTime3.xml
auto.tcl: Setting watchdog for 200 seconds at Wed Jun 20 23:06:36 UTC 2018
6 ms. Memory: 1064960K Free: 1038467K (98%)
ptolemy.util.test.WatchDog.cancel(): canceling Wed Jun 20 23:06:36 UTC 2018
auto.tcl: Setting watchdog for 200 seconds at Wed Jun 20 23:06:36 UTC 2018
3 ms. Memory: 1064960K Free: 1038467K (98%)
ptolemy.util.test.WatchDog.cancel(): canceling Wed Jun 20 23:06:36 UTC 2018
------------------ testing $PTII/ptolemy/domains/de/test/auto/ResetTransitionWithStartTime4.xml
auto.tcl: Setting watchdog for 200 seconds at Wed Jun 20 23:06:36 UTC 2018
5 ms. Memory: 1064960K Free: 1038465K (98%)
ptolemy.util.test.WatchDog.cancel(): canceling Wed Jun 20 23:06:36 UTC 2018
auto.tcl: Setting watchdog for 200 seconds at Wed Jun 20 23:06:36 UTC 2018
5 ms. Memory: 1064960K Free: 1038465K (98%)
ptolemy.util.test.WatchDog.cancel(): canceling Wed Jun 20 23:06:36 UTC 2018
------------------ testing $PTII/ptolemy/domains/de/test/auto/ResettableTimer1.xml
auto.tcl: Setting watchdog for 200 seconds at Wed Jun 20 23:06:36 UTC 2018
2 ms. Memory: 1064960K Free: 1038461K (98%)
ptolemy.util.test.WatchDog.cancel(): canceling Wed Jun 20 23:06:36 UTC 2018
auto.tcl: Setting watchdog for 200 seconds at Wed Jun 20 23:06:36 UTC 2018
2 ms. Memory: 1064960K Free: 1038461K (98%)
ptolemy.util.test.WatchDog.cancel(): canceling Wed Jun 20 23:06:36 UTC 2018
------------------ testing $PTII/ptolemy/domains/de/test/auto/ResettableTimer2.xml
auto.tcl: Setting watchdog for 200 seconds at Wed Jun 20 23:06:36 UTC 2018
8 ms. Memory: 1064960K Free: 1039001K (98%)
ptolemy.util.test.WatchDog.cancel(): canceling Wed Jun 20 23:06:36 UTC 2018
auto.tcl: Setting watchdog for 200 seconds at Wed Jun 20 23:06:36 UTC 2018
2 ms. Memory: 1064960K Free: 1039001K (98%)
ptolemy.util.test.WatchDog.cancel(): canceling Wed Jun 20 23:06:36 UTC 2018
------------------ testing $PTII/ptolemy/domains/de/test/auto/ResettableTimer3.xml
auto.tcl: Setting watchdog for 200 seconds at Wed Jun 20 23:06:36 UTC 2018
1 ms. Memory: 1064960K Free: 1038519K (98%)
ptolemy.util.test.WatchDog.cancel(): canceling Wed Jun 20 23:06:36 UTC 2018
auto.tcl: Setting watchdog for 200 seconds at Wed Jun 20 23:06:36 UTC 2018
1 ms. Memory: 1064960K Free: 1038519K (98%)
ptolemy.util.test.WatchDog.cancel(): canceling Wed Jun 20 23:06:36 UTC 2018
------------------ testing $PTII/ptolemy/domains/de/test/auto/ResettableTimer4.xml
auto.tcl: Setting watchdog for 200 seconds at Wed Jun 20 23:06:36 UTC 2018
2 ms. Memory: 1063936K Free: 1037989K (98%)
ptolemy.util.test.WatchDog.cancel(): canceling Wed Jun 20 23:06:36 UTC 2018
auto.tcl: Setting watchdog for 200 seconds at Wed Jun 20 23:06:36 UTC 2018
1 ms. Memory: 1063936K Free: 1037989K (98%)
ptolemy.util.test.WatchDog.cancel(): canceling Wed Jun 20 23:06:36 UTC 2018
------------------ testing $PTII/ptolemy/domains/de/test/auto/ResettableTimer5.xml
auto.tcl: Setting watchdog for 200 seconds at Wed Jun 20 23:06:36 UTC 2018
2 ms. Memory: 1064448K Free: 1028680K (97%)
ptolemy.util.test.WatchDog.cancel(): canceling Wed Jun 20 23:06:36 UTC 2018
auto.tcl: Setting watchdog for 200 seconds at Wed Jun 20 23:06:36 UTC 2018
1 ms. Memory: 1064448K Free: 1028680K (97%)
ptolemy.util.test.WatchDog.cancel(): canceling Wed Jun 20 23:06:36 UTC 2018
------------------ testing $PTII/ptolemy/domains/de/test/auto/ResettableTimer6.xml
auto.tcl: Setting watchdog for 200 seconds at Wed Jun 20 23:06:36 UTC 2018
2 ms. Memory: 1064448K Free: 1028147K (97%)
ptolemy.util.test.WatchDog.cancel(): canceling Wed Jun 20 23:06:36 UTC 2018
auto.tcl: Setting watchdog for 200 seconds at Wed Jun 20 23:06:36 UTC 2018
1 ms. Memory: 1064448K Free: 1028147K (97%)
ptolemy.util.test.WatchDog.cancel(): canceling Wed Jun 20 23:06:36 UTC 2018
------------------ testing $PTII/ptolemy/domains/de/test/auto/ServerZeroDelay.xml
auto.tcl: Setting watchdog for 200 seconds at Wed Jun 20 23:06:36 UTC 2018
4 ms. Memory: 1064448K Free: 1038440K (98%)
ptolemy.util.test.WatchDog.cancel(): canceling Wed Jun 20 23:06:36 UTC 2018
auto.tcl: Setting watchdog for 200 seconds at Wed Jun 20 23:06:36 UTC 2018
2 ms. Memory: 1064448K Free: 1038440K (98%)
ptolemy.util.test.WatchDog.cancel(): canceling Wed Jun 20 23:06:36 UTC 2018
------------------ testing $PTII/ptolemy/domains/de/test/auto/SmartSender.xml
auto.tcl: Setting watchdog for 200 seconds at Wed Jun 20 23:06:36 UTC 2018
3002 ms. Memory: 1064448K Free: 1028615K (97%)
ptolemy.util.test.WatchDog.cancel(): canceling Wed Jun 20 23:06:39 UTC 2018
auto.tcl: Setting watchdog for 200 seconds at Wed Jun 20 23:06:39 UTC 2018
3001 ms. Memory: 1064448K Free: 1028615K (97%)
ptolemy.util.test.WatchDog.cancel(): canceling Wed Jun 20 23:06:42 UTC 2018
------------------ testing $PTII/ptolemy/domains/de/test/auto/ThreadedComposite.xml
auto.tcl: Setting watchdog for 200 seconds at Wed Jun 20 23:06:42 UTC 2018
190 ms. Memory: 1064448K Free: 996996K (94%)
ptolemy.util.test.WatchDog.cancel(): canceling Wed Jun 20 23:06:42 UTC 2018
auto.tcl: Setting watchdog for 200 seconds at Wed Jun 20 23:06:42 UTC 2018
118 ms. Memory: 1064448K Free: 977355K (92%)
ptolemy.util.test.WatchDog.cancel(): canceling Wed Jun 20 23:06:43 UTC 2018
------------------ testing $PTII/ptolemy/domains/de/test/auto/Time.xml
auto.tcl: Setting watchdog for 200 seconds at Wed Jun 20 23:06:43 UTC 2018
498 ms. Memory: 1064448K Free: 988578K (93%)
ptolemy.util.test.WatchDog.cancel(): canceling Wed Jun 20 23:06:43 UTC 2018
auto.tcl: Setting watchdog for 200 seconds at Wed Jun 20 23:06:43 UTC 2018
466 ms. Memory: 1064448K Free: 931105K (87%)
ptolemy.util.test.WatchDog.cancel(): canceling Wed Jun 20 23:06:44 UTC 2018
------------------ testing $PTII/ptolemy/domains/de/test/auto/TimeDelayZeroDelay.xml
auto.tcl: Setting watchdog for 200 seconds at Wed Jun 20 23:06:44 UTC 2018
2 ms. Memory: 1064448K Free: 1037876K (98%)
ptolemy.util.test.WatchDog.cancel(): canceling Wed Jun 20 23:06:44 UTC 2018
auto.tcl: Setting watchdog for 200 seconds at Wed Jun 20 23:06:44 UTC 2018
2 ms. Memory: 1064448K Free: 1037876K (98%)
ptolemy.util.test.WatchDog.cancel(): canceling Wed Jun 20 23:06:44 UTC 2018
------------------ testing $PTII/ptolemy/domains/de/test/auto/TimerZeroDelay.xml
auto.tcl: Setting watchdog for 200 seconds at Wed Jun 20 23:06:44 UTC 2018
2 ms. Memory: 1063424K Free: 1037379K (98%)
ptolemy.util.test.WatchDog.cancel(): canceling Wed Jun 20 23:06:44 UTC 2018
auto.tcl: Setting watchdog for 200 seconds at Wed Jun 20 23:06:44 UTC 2018
1 ms. Memory: 1063424K Free: 1037379K (98%)
ptolemy.util.test.WatchDog.cancel(): canceling Wed Jun 20 23:06:44 UTC 2018
------------------ testing $PTII/ptolemy/domains/de/test/auto/TimingParadox.xml
auto.tcl: Setting watchdog for 200 seconds at Wed Jun 20 23:06:44 UTC 2018
341 ms. Memory: 1063936K Free: 973448K (91%)
ptolemy.util.test.WatchDog.cancel(): canceling Wed Jun 20 23:06:44 UTC 2018
auto.tcl: Setting watchdog for 200 seconds at Wed Jun 20 23:06:44 UTC 2018
325 ms. Memory: 1063936K Free: 938964K (88%)
ptolemy.util.test.WatchDog.cancel(): canceling Wed Jun 20 23:06:44 UTC 2018
------------------ testing $PTII/ptolemy/domains/de/test/auto/TransferInputs.xml
auto.tcl: Setting watchdog for 200 seconds at Wed Jun 20 23:06:45 UTC 2018
2 ms. Memory: 1063424K Free: 1036294K (97%)
ptolemy.util.test.WatchDog.cancel(): canceling Wed Jun 20 23:06:45 UTC 2018
auto.tcl: Setting watchdog for 200 seconds at Wed Jun 20 23:06:45 UTC 2018
1 ms. Memory: 1063424K Free: 1036294K (97%)
ptolemy.util.test.WatchDog.cancel(): canceling Wed Jun 20 23:06:45 UTC 2018
------------------ testing $PTII/ptolemy/domains/de/test/auto/TransferOutputs2.xml
auto.tcl: Setting watchdog for 200 seconds at Wed Jun 20 23:06:45 UTC 2018
4 ms. Memory: 1063936K Free: 1028092K (97%)
ptolemy.util.test.WatchDog.cancel(): canceling Wed Jun 20 23:06:45 UTC 2018
auto.tcl: Setting watchdog for 200 seconds at Wed Jun 20 23:06:45 UTC 2018
3 ms. Memory: 1063936K Free: 1028092K (97%)
ptolemy.util.test.WatchDog.cancel(): canceling Wed Jun 20 23:06:45 UTC 2018
------------------ testing $PTII/ptolemy/domains/de/test/auto/Trilateration.xml
auto.tcl: Setting watchdog for 200 seconds at Wed Jun 20 23:06:45 UTC 2018
13836 ms. Memory: 933376K Free: 745568K (80%)
ptolemy.util.test.WatchDog.cancel(): canceling Wed Jun 20 23:06:59 UTC 2018
auto.tcl: Setting watchdog for 200 seconds at Wed Jun 20 23:06:59 UTC 2018
11002 ms. Memory: 812544K Free: 464576K (57%)
ptolemy.util.test.WatchDog.cancel(): canceling Wed Jun 20 23:07:10 UTC 2018
------------------ testing $PTII/ptolemy/domains/de/test/auto/TwoSigmaDelta.xml
auto.tcl: Setting watchdog for 200 seconds at Wed Jun 20 23:07:11 UTC 2018
2619 ms. Memory: 816640K Free: 526726K (64%)
ptolemy.util.test.WatchDog.cancel(): canceling Wed Jun 20 23:07:13 UTC 2018
auto.tcl: Setting watchdog for 200 seconds at Wed Jun 20 23:07:13 UTC 2018
1918 ms. Memory: 816640K Free: 294194K (36%)
ptolemy.util.test.WatchDog.cancel(): canceling Wed Jun 20 23:07:15 UTC 2018
------------------ testing $PTII/ptolemy/domains/de/test/auto/VariableDelay.xml
auto.tcl: Setting watchdog for 200 seconds at Wed Jun 20 23:07:15 UTC 2018
3 ms. Memory: 813056K Free: 789994K (97%)
ptolemy.util.test.WatchDog.cancel(): canceling Wed Jun 20 23:07:15 UTC 2018
auto.tcl: Setting watchdog for 200 seconds at Wed Jun 20 23:07:15 UTC 2018
2 ms. Memory: 813056K Free: 789994K (97%)
ptolemy.util.test.WatchDog.cancel(): canceling Wed Jun 20 23:07:15 UTC 2018
------------------ testing $PTII/ptolemy/domains/de/test/auto/VariableDelay2.xml
auto.tcl: Setting watchdog for 200 seconds at Wed Jun 20 23:07:15 UTC 2018
6 ms. Memory: 812544K Free: 789937K (97%)
ptolemy.util.test.WatchDog.cancel(): canceling Wed Jun 20 23:07:15 UTC 2018
auto.tcl: Setting watchdog for 200 seconds at Wed Jun 20 23:07:15 UTC 2018
2 ms. Memory: 812544K Free: 789937K (97%)
ptolemy.util.test.WatchDog.cancel(): canceling Wed Jun 20 23:07:15 UTC 2018
------------------ testing $PTII/ptolemy/domains/de/test/auto/VariableDelayZeroDelay.xml
auto.tcl: Setting watchdog for 200 seconds at Wed Jun 20 23:07:15 UTC 2018
2 ms. Memory: 812544K Free: 789936K (97%)
ptolemy.util.test.WatchDog.cancel(): canceling Wed Jun 20 23:07:15 UTC 2018
auto.tcl: Setting watchdog for 200 seconds at Wed Jun 20 23:07:15 UTC 2018
2 ms. Memory: 812544K Free: 789936K (97%)
ptolemy.util.test.WatchDog.cancel(): canceling Wed Jun 20 23:07:15 UTC 2018
------------------ testing $PTII/ptolemy/domains/de/test/auto/VariableDelayZeroDelay2.xml
auto.tcl: Setting watchdog for 200 seconds at Wed Jun 20 23:07:15 UTC 2018
5 ms. Memory: 816128K Free: 786206K (96%)
ptolemy.util.test.WatchDog.cancel(): canceling Wed Jun 20 23:07:16 UTC 2018
auto.tcl: Setting watchdog for 200 seconds at Wed Jun 20 23:07:16 UTC 2018
2 ms. Memory: 816128K Free: 786206K (96%)
ptolemy.util.test.WatchDog.cancel(): canceling Wed Jun 20 23:07:16 UTC 2018
------------------ testing $PTII/ptolemy/domains/de/test/auto/deInCt.xml
auto.tcl: Setting watchdog for 200 seconds at Wed Jun 20 23:07:16 UTC 2018
0
1
1
1
0
0
0
0
1
1
1
1
0
0
0
1
1
1
0
0
0
0
1
1
1
0
0
0
1
1
1
1
0
0
0
0
14 ms. Memory: 812544K Free: 782578K (96%)
ptolemy.util.test.WatchDog.cancel(): canceling Wed Jun 20 23:07:16 UTC 2018
auto.tcl: Setting watchdog for 200 seconds at Wed Jun 20 23:07:16 UTC 2018
0
1
1
1
0
0
0
1
1
1
1
0
0
0
1
1
0
0
0
1
1
1
0
0
1
1
1
1
1
0
0
0
1
1
1
0
0
0
1
1
1
1
0
0
0
0
11 ms. Memory: 812544K Free: 782578K (96%)
ptolemy.util.test.WatchDog.cancel(): canceling Wed Jun 20 23:07:16 UTC 2018
------------------ testing $PTII/ptolemy/domains/de/test/auto/deInCt2.xml
auto.tcl: Setting watchdog for 200 seconds at Wed Jun 20 23:07:16 UTC 2018
0
1
1
1
0
0
1
1
1
0
0
1
1
1
0
0
1
1
1
0
0
1
1
1
0
0
1
1
1
0
0
1
1
1
0
0
1
1
1
0
0
0
13 ms. Memory: 815616K Free: 785650K (96%)
ptolemy.util.test.WatchDog.cancel(): canceling Wed Jun 20 23:07:16 UTC 2018
auto.tcl: Setting watchdog for 200 seconds at Wed Jun 20 23:07:16 UTC 2018
0
1
1
1
0
0
1
1
1
0
0
1
1
1
0
0
1
1
1
0
0
1
1
1
0
0
1
1
1
0
0
1
1
1
0
0
1
1
1
0
0
0
11 ms. Memory: 815616K Free: 785650K (96%)
ptolemy.util.test.WatchDog.cancel(): canceling Wed Jun 20 23:07:16 UTC 2018
------------------ testing $PTII/ptolemy/domains/de/test/auto/dynamicCausalityInterface1.xml
auto.tcl: Setting watchdog for 200 seconds at Wed Jun 20 23:07:16 UTC 2018
1 ms. Memory: 812544K Free: 789927K (97%)
ptolemy.util.test.WatchDog.cancel(): canceling Wed Jun 20 23:07:16 UTC 2018
auto.tcl: Setting watchdog for 200 seconds at Wed Jun 20 23:07:16 UTC 2018
1 ms. Memory: 812544K Free: 789927K (97%)
ptolemy.util.test.WatchDog.cancel(): canceling Wed Jun 20 23:07:16 UTC 2018
------------------ testing $PTII/ptolemy/domains/de/test/auto/fsm_de_test.xml
auto.tcl: Setting watchdog for 200 seconds at Wed Jun 20 23:07:16 UTC 2018
10 ms. Memory: 815104K Free: 785071K (96%)
ptolemy.util.test.WatchDog.cancel(): canceling Wed Jun 20 23:07:16 UTC 2018
auto.tcl: Setting watchdog for 200 seconds at Wed Jun 20 23:07:16 UTC 2018
8 ms. Memory: 815104K Free: 785071K (96%)
ptolemy.util.test.WatchDog.cancel(): canceling Wed Jun 20 23:07:16 UTC 2018
------------------ testing $PTII/ptolemy/domains/de/test/auto/functionDependencyReconstruction.xml
auto.tcl: Setting watchdog for 200 seconds at Wed Jun 20 23:07:16 UTC 2018
3 ms. Memory: 812544K Free: 772053K (95%)
ptolemy.util.test.WatchDog.cancel(): canceling Wed Jun 20 23:07:16 UTC 2018
auto.tcl: Setting watchdog for 200 seconds at Wed Jun 20 23:07:16 UTC 2018
3 ms. Memory: 812544K Free: 772053K (95%)
ptolemy.util.test.WatchDog.cancel(): canceling Wed Jun 20 23:07:16 UTC 2018
------------------ testing $PTII/ptolemy/domains/de/test/auto/multirate.xml
auto.tcl: Setting watchdog for 200 seconds at Wed Jun 20 23:07:16 UTC 2018
3 ms. Memory: 814592K Free: 784426K (96%)
ptolemy.util.test.WatchDog.cancel(): canceling Wed Jun 20 23:07:16 UTC 2018
auto.tcl: Setting watchdog for 200 seconds at Wed Jun 20 23:07:16 UTC 2018
3 ms. Memory: 814592K Free: 784426K (96%)
ptolemy.util.test.WatchDog.cancel(): canceling Wed Jun 20 23:07:16 UTC 2018
------------------ testing $PTII/ptolemy/domains/de/test/auto/multirate2.xml
auto.tcl: Setting watchdog for 200 seconds at Wed Jun 20 23:07:16 UTC 2018
3 ms. Memory: 812544K Free: 782566K (96%)
ptolemy.util.test.WatchDog.cancel(): canceling Wed Jun 20 23:07:16 UTC 2018
auto.tcl: Setting watchdog for 200 seconds at Wed Jun 20 23:07:16 UTC 2018
3 ms. Memory: 812544K Free: 782566K (96%)
ptolemy.util.test.WatchDog.cancel(): canceling Wed Jun 20 23:07:16 UTC 2018
------------------ testing $PTII/ptolemy/domains/de/test/auto/realtime.xml
auto.tcl: Setting watchdog for 200 seconds at Wed Jun 20 23:07:16 UTC 2018
10003 ms. Memory: 814592K Free: 784571K (96%)
ptolemy.util.test.WatchDog.cancel(): canceling Wed Jun 20 23:07:26 UTC 2018
auto.tcl: Setting watchdog for 200 seconds at Wed Jun 20 23:07:26 UTC 2018
10001 ms. Memory: 814592K Free: 784571K (96%)
ptolemy.util.test.WatchDog.cancel(): canceling Wed Jun 20 23:07:36 UTC 2018
------------------ testing $PTII/ptolemy/domains/de/test/auto/relationGroup.xml
auto.tcl: Setting watchdog for 200 seconds at Wed Jun 20 23:07:36 UTC 2018
1 ms. Memory: 812544K Free: 782590K (96%)
ptolemy.util.test.WatchDog.cancel(): canceling Wed Jun 20 23:07:36 UTC 2018
auto.tcl: Setting watchdog for 200 seconds at Wed Jun 20 23:07:36 UTC 2018
1 ms. Memory: 812544K Free: 782590K (96%)
ptolemy.util.test.WatchDog.cancel(): canceling Wed Jun 20 23:07:36 UTC 2018
------------------ testing $PTII/ptolemy/domains/de/test/auto/relationGroup2.xml
auto.tcl: Setting watchdog for 200 seconds at Wed Jun 20 23:07:36 UTC 2018
1 ms. Memory: 814080K Free: 784152K (96%)
ptolemy.util.test.WatchDog.cancel(): canceling Wed Jun 20 23:07:36 UTC 2018
auto.tcl: Setting watchdog for 200 seconds at Wed Jun 20 23:07:36 UTC 2018
1 ms. Memory: 814080K Free: 784152K (96%)
ptolemy.util.test.WatchDog.cancel(): canceling Wed Jun 20 23:07:36 UTC 2018
------------------ testing $PTII/ptolemy/domains/de/test/auto/sortWithOpaquePorts.xml
auto.tcl: Setting watchdog for 200 seconds at Wed Jun 20 23:07:36 UTC 2018
1 ms. Memory: 812544K Free: 782618K (96%)
ptolemy.util.test.WatchDog.cancel(): canceling Wed Jun 20 23:07:36 UTC 2018
auto.tcl: Setting watchdog for 200 seconds at Wed Jun 20 23:07:36 UTC 2018
2 ms. Memory: 812544K Free: 782618K (96%)
ptolemy.util.test.WatchDog.cancel(): canceling Wed Jun 20 23:07:36 UTC 2018
------------------ testing $PTII/ptolemy/domains/de/test/auto/transferInputsandOutputs.xml
auto.tcl: Setting watchdog for 200 seconds at Wed Jun 20 23:07:36 UTC 2018
1 ms. Memory: 814080K Free: 784141K (96%)
ptolemy.util.test.WatchDog.cancel(): canceling Wed Jun 20 23:07:36 UTC 2018
auto.tcl: Setting watchdog for 200 seconds at Wed Jun 20 23:07:36 UTC 2018
2 ms. Memory: 814080K Free: 784141K (96%)
ptolemy.util.test.WatchDog.cancel(): canceling Wed Jun 20 23:07:36 UTC 2018
------------------ testing $PTII/ptolemy/domains/de/test/auto/triggerType.xml
auto.tcl: Setting watchdog for 200 seconds at Wed Jun 20 23:07:36 UTC 2018
1 ms. Memory: 812544K Free: 782555K (96%)
ptolemy.util.test.WatchDog.cancel(): canceling Wed Jun 20 23:07:36 UTC 2018
auto.tcl: Setting watchdog for 200 seconds at Wed Jun 20 23:07:36 UTC 2018
1 ms. Memory: 812544K Free: 782555K (96%)
ptolemy.util.test.WatchDog.cancel(): canceling Wed Jun 20 23:07:36 UTC 2018
06/20/18 11:07:36
Failed: 0  Total Tests: 192  ((Passed: 187, Newly Passed: 1)  Known Failed: 5) /home/travis/build/icyphy/ptII/ptolemy/domains/de/test
06/20/18 11:07:36
Failed: 0  Total Tests: 192  ((Passed: 187, Newly Passed: 1)  Known Failed: 5) /home/travis/build/icyphy/ptII/ptolemy/domains/de/test
----------------- testing (KnownFailure) /home/travis/build/icyphy/ptII/ptolemy/domains/de/test/auto/knownFailedTests/DESDFClockTest.xml
2007 ms. Memory: 813568K Free: 768969K (95%)
Known Failure: java.lang.reflect.InvocationTargetException
----------------- testing (KnownFailure) /home/travis/build/icyphy/ptII/ptolemy/domains/de/test/auto/knownFailedTests/DirectFeedback.xml
1 ms. Memory: 813568K Free: 710478K (87%)
Known Failure: java.lang.reflect.InvocationTargetException
----------------- testing (KnownFailure) /home/travis/build/icyphy/ptII/ptolemy/domains/de/test/auto/knownFailedTests/FSMSource.xml
3 ms. Memory: 813568K Free: 651987K (80%)
----------------- testing (KnownFailure) /home/travis/build/icyphy/ptII/ptolemy/domains/de/test/auto/knownFailedTests/HierarchicalModel.xml
3 ms. Memory: 813568K Free: 608102K (75%)
Known Failure: java.lang.reflect.InvocationTargetException
----------------- testing (KnownFailure) /home/travis/build/icyphy/ptII/ptolemy/domains/de/test/auto/knownFailedTests/dependencyLoop.xml
2 ms. Memory: 813568K Free: 549611K (68%)
Known Failure: java.lang.reflect.InvocationTargetException
----------------- testing (KnownFailure) /home/travis/build/icyphy/ptII/ptolemy/domains/de/test/auto/knownFailedTests/dependencyLoop2.xml
6 ms. Memory: 813568K Free: 476497K (59%)
Known Failure: java.lang.reflect.InvocationTargetException
No auto/linux-amd64/*.xml tests in /home/travis/build/icyphy/ptII/ptolemy/domains/de/test
AutoTests.java: About to close Vertx.
AutoTests.java: Vertx closed.

===========================================================================================
----------------- testing Wed Jun 20 23:07:39 UTC 2018 /home/travis/build/icyphy/ptII/ptolemy/domains/de/test/auto/ActorDepthCalculation_actorWithoutPorts.xml
----------------- Instantiating /home/travis/build/icyphy/ptII/ptolemy/domains/de/test/auto/ActorDepthCalculation_actorWithoutPorts.xml
1 ms. Memory: 813568K Free: 388761K (48%)
----------------- Invoking toplevel() on ptolemy.moml.MoMLSimpleApplication@7d41a8ec
----------------- Done invoking toplevel() on ptolemy.moml.MoMLSimpleApplication@7d41a8ec
reloadAllAccessors: .ActorDepthCalculation_actorWithoutPorts

===========================================================================================
----------------- testing Wed Jun 20 23:07:39 UTC 2018 /home/travis/build/icyphy/ptII/ptolemy/domains/de/test/auto/AssemblyLine.xml
----------------- Instantiating /home/travis/build/icyphy/ptII/ptolemy/domains/de/test/auto/AssemblyLine.xml
2 ms. Memory: 813568K Free: 359515K (44%)
----------------- Invoking toplevel() on ptolemy.moml.MoMLSimpleApplication@4b4066ff
----------------- Done invoking toplevel() on ptolemy.moml.MoMLSimpleApplication@4b4066ff
reloadAllAccessors: .AssemblyLine

===========================================================================================
----------------- testing Wed Jun 20 23:07:39 UTC 2018 /home/travis/build/icyphy/ptII/ptolemy/domains/de/test/auto/CQBug1.xml
----------------- Instantiating /home/travis/build/icyphy/ptII/ptolemy/domains/de/test/auto/CQBug1.xml
1 ms. Memory: 813568K Free: 330270K (41%)
----------------- Invoking toplevel() on ptolemy.moml.MoMLSimpleApplication@37e673f
----------------- Done invoking toplevel() on ptolemy.moml.MoMLSimpleApplication@37e673f
reloadAllAccessors: .CQBug1

===========================================================================================
----------------- testing Wed Jun 20 23:07:39 UTC 2018 /home/travis/build/icyphy/ptII/ptolemy/domains/de/test/auto/CancelFireAt.xml
----------------- Instantiating /home/travis/build/icyphy/ptII/ptolemy/domains/de/test/auto/CancelFireAt.xml
0 ms. Memory: 813568K Free: 301024K (37%)
----------------- Invoking toplevel() on ptolemy.moml.MoMLSimpleApplication@686b21e7
----------------- Done invoking toplevel() on ptolemy.moml.MoMLSimpleApplication@686b21e7
reloadAllAccessors: .CancelFireAt

===========================================================================================
----------------- testing Wed Jun 20 23:07:39 UTC 2018 /home/travis/build/icyphy/ptII/ptolemy/domains/de/test/auto/CausalityAndComposabilityAnalysis.xml
----------------- Instantiating /home/travis/build/icyphy/ptII/ptolemy/domains/de/test/auto/CausalityAndComposabilityAnalysis.xml
1 ms. Memory: 813568K Free: 271779K (33%)
----------------- Invoking toplevel() on ptolemy.moml.MoMLSimpleApplication@4e541955
----------------- Done invoking toplevel() on ptolemy.moml.MoMLSimpleApplication@4e541955
reloadAllAccessors: .CausalityAndComposabilityAnalysis

===========================================================================================
----------------- testing Wed Jun 20 23:07:39 UTC 2018 /home/travis/build/icyphy/ptII/ptolemy/domains/de/test/auto/CausalityInterface1.xml
----------------- Instantiating /home/travis/build/icyphy/ptII/ptolemy/domains/de/test/auto/CausalityInterface1.xml
3 ms. Memory: 813568K Free: 242533K (30%)
----------------- Invoking toplevel() on ptolemy.moml.MoMLSimpleApplication@36f8a70a
----------------- Done invoking toplevel() on ptolemy.moml.MoMLSimpleApplication@36f8a70a
reloadAllAccessors: .CausalityInterface1

===========================================================================================
----------------- testing Wed Jun 20 23:07:39 UTC 2018 /home/travis/build/icyphy/ptII/ptolemy/domains/de/test/auto/CausalityInterface15.xml
----------------- Instantiating /home/travis/build/icyphy/ptII/ptolemy/domains/de/test/auto/CausalityInterface15.xml
1 ms. Memory: 813568K Free: 213288K (26%)
----------------- Invoking toplevel() on ptolemy.moml.MoMLSimpleApplication@1203f4fa
[...]
java.lang.RuntimeException: Execution failed
	at ptolemy.moml.MoMLSimpleApplication$UnloadThread.run(MoMLSimpleApplication.java:402)
Caused by: ptolemy.kernel.util.IllegalActionException: Test fails in iteration 1.
Value was: 1.0. Should have been: 2.0
  in .DirectFeedback.Test
	at ptolemy.actor.lib.Test.fire(Test.java:268)
	at ptolemy.domains.de.kernel.DEDirector._fire(DEDirector.java:1949)
	at ptolemy.domains.de.kernel.DEDirector.fire(DEDirector.java:502)
	at ptolemy.actor.CompositeActor.fire(CompositeActor.java:455)
	at ptolemy.actor.Manager.iterate(Manager.java:851)
	at ptolemy.actor.Manager.execute(Manager.java:369)
	at ptolemy.actor.Manager.run(Manager.java:1263)
	at ptolemy.actor.Manager$PtolemyRunThread.run(Manager.java:1915)
java.lang.RuntimeException: Execution failed
	at ptolemy.moml.MoMLSimpleApplication$UnloadThread.run(MoMLSimpleApplication.java:402)
Caused by: ptolemy.kernel.util.IllegalActionException: Actor is not ready to fire.  Perhaps UpSample.prefire() returned false? Try debugging the actor by selecting "Listen to Actor".  Also, for SDF check moml for tokenConsumptionRate on input.
  in .DESDFClockTest.Play Bell.Copy1:SDF Director and .DESDFClockTest.Play Bell.UpSample
	at ptolemy.actor.sched.StaticSchedulingDirector.fire(StaticSchedulingDirector.java:227)
	at ptolemy.domains.sdf.kernel.SDFDirector.fire(SDFDirector.java:500)
	at ptolemy.actor.CompositeActor.fire(CompositeActor.java:455)
	at ptolemy.domains.de.kernel.DEDirector._fire(DEDirector.java:1949)
	at ptolemy.domains.de.kernel.DEDirector.fire(DEDirector.java:502)
	at ptolemy.actor.CompositeActor.fire(CompositeActor.java:455)
	at ptolemy.actor.Manager.iterate(Manager.java:851)
	at ptolemy.actor.Manager.execute(Manager.java:369)
	at ptolemy.actor.Manager.run(Manager.java:1263)
	at ptolemy.actor.Manager$PtolemyRunThread.run(Manager.java:1915)
java.lang.reflect.InvocationTargetException
	at sun.reflect.NativeConstructorAccessorImpl.newInstance0(Native Method)
	at sun.reflect.NativeConstructorAccessorImpl.newInstance(NativeConstructorAccessorImpl.java:62)
	at sun.reflect.DelegatingConstructorAccessorImpl.newInstance(DelegatingConstructorAccessorImpl.java:45)
	at java.lang.reflect.Constructor.newInstance(Constructor.java:423)
	at ptolemy.util.test.junit.AutoKnownFailedTests.RunModel(AutoKnownFailedTests.java:107)
	at sun.reflect.NativeMethodAccessorImpl.invoke0(Native Method)
	at sun.reflect.NativeMethodAccessorImpl.invoke(NativeMethodAccessorImpl.java:62)
	at sun.reflect.DelegatingMethodAccessorImpl.invoke(DelegatingMethodAccessorImpl.java:43)
	at java.lang.reflect.Method.invoke(Method.java:498)
	at org.junit.runners.model.FrameworkMethod$1.runReflectiveCall(FrameworkMethod.java:44)
	at org.junit.internal.runners.model.ReflectiveCallable.run(ReflectiveCallable.java:15)
	at org.junit.runners.model.FrameworkMethod.invokeExplosively(FrameworkMethod.java:41)
	at junitparams.internal.InvokeParameterisedMethod.evaluate(InvokeParameterisedMethod.java:102)
	at org.junit.internal.runners.statements.FailOnTimeout$1.run(FailOnTimeout.java:28)
Caused by: ptolemy.kernel.util.IllegalActionException: Actor is not ready to fire.  Perhaps UpSample.prefire() returned false? Try debugging the actor by selecting "Listen to Actor".  Also, for SDF check moml for tokenConsumptionRate on input.
  in .DESDFClockTest.Play Bell.Copy1:SDF Director and .DESDFClockTest.Play Bell.UpSample
	at ptolemy.actor.sched.StaticSchedulingDirector.fire(StaticSchedulingDirector.java:227)
	at ptolemy.domains.sdf.kernel.SDFDirector.fire(SDFDirector.java:500)
	at ptolemy.actor.CompositeActor.fire(CompositeActor.java:455)
	at ptolemy.domains.de.kernel.DEDirector._fire(DEDirector.java:1949)
	at ptolemy.domains.de.kernel.DEDirector.fire(DEDirector.java:502)
	at ptolemy.actor.CompositeActor.fire(CompositeActor.java:455)
	at ptolemy.actor.Manager.iterate(Manager.java:851)
	at ptolemy.actor.Manager.execute(Manager.java:369)
	at ptolemy.actor.Manager.run(Manager.java:1263)
	at ptolemy.actor.Manager$PtolemyRunThread.run(Manager.java:1915)
java.lang.RuntimeException: Execution failed
	at ptolemy.moml.MoMLSimpleApplication$UnloadThread.run(MoMLSimpleApplication.java:402)
Caused by: ptolemy.kernel.util.IllegalActionException: Test fails in iteration 1.
Value was: 1.0. Should have been: 2.0
  in .DirectFeedback.Test
	at ptolemy.actor.lib.Test.fire(Test.java:268)
	at ptolemy.domains.de.kernel.DEDirector._fire(DEDirector.java:1949)
	at ptolemy.domains.de.kernel.DEDirector.fire(DEDirector.java:502)
	at ptolemy.actor.CompositeActor.fire(CompositeActor.java:455)
	at ptolemy.actor.Manager.iterate(Manager.java:851)
	at ptolemy.actor.Manager.execute(Manager.java:369)
	at ptolemy.actor.Manager.run(Manager.java:1263)
	at ptolemy.actor.Manager$PtolemyRunThread.run(Manager.java:1915)
java.lang.reflect.InvocationTargetException
	at sun.reflect.NativeConstructorAccessorImpl.newInstance0(Native Method)
	at sun.reflect.NativeConstructorAccessorImpl.newInstance(NativeConstructorAccessorImpl.java:62)
	at sun.reflect.DelegatingConstructorAccessorImpl.newInstance(DelegatingConstructorAccessorImpl.java:45)
	at java.lang.reflect.Constructor.newInstance(Constructor.java:423)
	at ptolemy.util.test.junit.AutoKnownFailedTests.RunModel(AutoKnownFailedTests.java:107)
	at sun.reflect.NativeMethodAccessorImpl.invoke0(Native Method)
	at sun.reflect.NativeMethodAccessorImpl.invoke(NativeMethodAccessorImpl.java:62)
	at sun.reflect.DelegatingMethodAccessorImpl.invoke(DelegatingMethodAccessorImpl.java:43)
	at java.lang.reflect.Method.invoke(Method.java:498)
	at org.junit.runners.model.FrameworkMethod$1.runReflectiveCall(FrameworkMethod.java:44)
	at org.junit.internal.runners.model.ReflectiveCallable.run(ReflectiveCallable.java:15)
	at org.junit.runners.model.FrameworkMethod.invokeExplosively(FrameworkMethod.java:41)
	at junitparams.internal.InvokeParameterisedMethod.evaluate(InvokeParameterisedMethod.java:102)
	at org.junit.internal.runners.statements.FailOnTimeout$1.run(FailOnTimeout.java:28)
Caused by: ptolemy.kernel.util.IllegalActionException: Test fails in iteration 1.
Value was: 1.0. Should have been: 2.0
  in .DirectFeedback.Test
	at ptolemy.actor.lib.Test.fire(Test.java:268)
	at ptolemy.domains.de.kernel.DEDirector._fire(DEDirector.java:1949)
	at ptolemy.domains.de.kernel.DEDirector.fire(DEDirector.java:502)
	at ptolemy.actor.CompositeActor.fire(CompositeActor.java:455)
	at ptolemy.actor.Manager.iterate(Manager.java:851)
	at ptolemy.actor.Manager.execute(Manager.java:369)
	at ptolemy.actor.Manager.run(Manager.java:1263)
	at ptolemy.actor.Manager$PtolemyRunThread.run(Manager.java:1915)
java.lang.RuntimeException: Execution failed
	at ptolemy.moml.MoMLSimpleApplication$UnloadThread.run(MoMLSimpleApplication.java:402)
Caused by: ptolemy.kernel.util.IllegalActionException: Found a zero delay loop containing .HierarchicalModel.A
  in .HierarchicalModel and .HierarchicalModel.A
	at ptolemy.actor.util.CausalityInterfaceForComposites._computeOutputPortDepth(CausalityInterfaceForComposites.java:759)
	at ptolemy.actor.util.CausalityInterfaceForComposites._computeInputDepth(CausalityInterfaceForComposites.java:696)
	at ptolemy.actor.util.CausalityInterfaceForComposites._computeOutputPortDepth(CausalityInterfaceForComposites.java:765)
	at ptolemy.actor.util.CausalityInterfaceForComposites._computeInputDepth(CausalityInterfaceForComposites.java:696)
	at ptolemy.actor.util.CausalityInterfaceForComposites._computeOutputPortDepth(CausalityInterfaceForComposites.java:765)
	at ptolemy.actor.util.CausalityInterfaceForComposites._computeInputDepth(CausalityInterfaceForComposites.java:696)
	at ptolemy.actor.util.CausalityInterfaceForComposites._computeActorDepth(CausalityInterfaceForComposites.java:532)
	at ptolemy.actor.util.CausalityInterfaceForComposites.checkForCycles(CausalityInterfaceForComposites.java:96)
	at ptolemy.domains.de.kernel.DEDirector.preinitialize(DEDirector.java:1338)
	at ptolemy.actor.CompositeActor.preinitialize(CompositeActor.java:1828)
	at ptolemy.actor.Manager.preinitializeAndResolveTypes(Manager.java:1040)
	at ptolemy.actor.Manager.initialize(Manager.java:710)
	at ptolemy.actor.Manager.execute(Manager.java:356)
	at ptolemy.actor.Manager.run(Manager.java:1263)
	at ptolemy.actor.Manager$PtolemyRunThread.run(Manager.java:1915)
java.lang.reflect.InvocationTargetException
	at sun.reflect.NativeConstructorAccessorImpl.newInstance0(Native Method)
	at sun.reflect.NativeConstructorAccessorImpl.newInstance(NativeConstructorAccessorImpl.java:62)
	at sun.reflect.DelegatingConstructorAccessorImpl.newInstance(DelegatingConstructorAccessorImpl.java:45)
	at java.lang.reflect.Constructor.newInstance(Constructor.java:423)
	at ptolemy.util.test.junit.AutoKnownFailedTests.RunModel(AutoKnownFailedTests.java:107)
	at sun.reflect.NativeMethodAccessorImpl.invoke0(Native Method)
	at sun.reflect.NativeMethodAccessorImpl.invoke(NativeMethodAccessorImpl.java:62)
	at sun.reflect.DelegatingMethodAccessorImpl.invoke(DelegatingMethodAccessorImpl.java:43)
	at java.lang.reflect.Method.invoke(Method.java:498)
	at org.junit.runners.model.FrameworkMethod$1.runReflectiveCall(FrameworkMethod.java:44)
	at org.junit.internal.runners.model.ReflectiveCallable.run(ReflectiveCallable.java:15)
	at org.junit.runners.model.FrameworkMethod.invokeExplosively(FrameworkMethod.java:41)
	at junitparams.internal.InvokeParameterisedMethod.evaluate(InvokeParameterisedMethod.java:102)
	at org.junit.internal.runners.statements.FailOnTimeout$1.run(FailOnTimeout.java:28)
Caused by: ptolemy.kernel.util.IllegalActionException: Found a zero delay loop containing .HierarchicalModel.A
  in .HierarchicalModel and .HierarchicalModel.A
	at ptolemy.actor.util.CausalityInterfaceForComposites._computeOutputPortDepth(CausalityInterfaceForComposites.java:759)
	at ptolemy.actor.util.CausalityInterfaceForComposites._computeInputDepth(CausalityInterfaceForComposites.java:696)
	at ptolemy.actor.util.CausalityInterfaceForComposites._computeOutputPortDepth(CausalityInterfaceForComposites.java:765)
	at ptolemy.actor.util.CausalityInterfaceForComposites._computeInputDepth(CausalityInterfaceForComposites.java:696)
	at ptolemy.actor.util.CausalityInterfaceForComposites._computeOutputPortDepth(CausalityInterfaceForComposites.java:765)
	at ptolemy.actor.util.CausalityInterfaceForComposites._computeInputDepth(CausalityInterfaceForComposites.java:696)
	at ptolemy.actor.util.CausalityInterfaceForComposites._computeActorDepth(CausalityInterfaceForComposites.java:532)
	at ptolemy.actor.util.CausalityInterfaceForComposites.checkForCycles(CausalityInterfaceForComposites.java:96)
	at ptolemy.domains.de.kernel.DEDirector.preinitialize(DEDirector.java:1338)
	at ptolemy.actor.CompositeActor.preinitialize(CompositeActor.java:1828)
	at ptolemy.actor.Manager.preinitializeAndResolveTypes(Manager.java:1040)
	at ptolemy.actor.Manager.initialize(Manager.java:710)
	at ptolemy.actor.Manager.execute(Manager.java:356)
	at ptolemy.actor.Manager.run(Manager.java:1263)
	at ptolemy.actor.Manager$PtolemyRunThread.run(Manager.java:1915)
java.lang.RuntimeException: Execution failed
	at ptolemy.moml.MoMLSimpleApplication$UnloadThread.run(MoMLSimpleApplication.java:402)
Caused by: ptolemy.kernel.util.IllegalActionException: Found a zero delay loop containing .dependencyLoop.original
  in .dependencyLoop and .dependencyLoop.original
	at ptolemy.actor.util.CausalityInterfaceForComposites._computeOutputPortDepth(CausalityInterfaceForComposites.java:759)
	at ptolemy.actor.util.CausalityInterfaceForComposites._computeInputDepth(CausalityInterfaceForComposites.java:696)
	at ptolemy.actor.util.CausalityInterfaceForComposites._computeOutputPortDepth(CausalityInterfaceForComposites.java:765)
	at ptolemy.actor.util.CausalityInterfaceForComposites._computeInputDepth(CausalityInterfaceForComposites.java:696)
	at ptolemy.actor.util.CausalityInterfaceForComposites._computeOutputPortDepth(CausalityInterfaceForComposites.java:765)
	at ptolemy.actor.util.CausalityInterfaceForComposites._computeInputDepth(CausalityInterfaceForComposites.java:696)
	at ptolemy.actor.util.CausalityInterfaceForComposites._computeActorDepth(CausalityInterfaceForComposites.java:532)
	at ptolemy.actor.util.CausalityInterfaceForComposites.checkForCycles(CausalityInterfaceForComposites.java:96)
	at ptolemy.domains.de.kernel.DEDirector.preinitialize(DEDirector.java:1338)
	at ptolemy.actor.CompositeActor.preinitialize(CompositeActor.java:1828)
	at ptolemy.actor.Manager.preinitializeAndResolveTypes(Manager.java:1040)
	at ptolemy.actor.Manager.initialize(Manager.java:710)
	at ptolemy.actor.Manager.execute(Manager.java:356)
	at ptolemy.actor.Manager.run(Manager.java:1263)
	at ptolemy.actor.Manager$PtolemyRunThread.run(Manager.java:1915)
java.lang.reflect.InvocationTargetException
	at sun.reflect.NativeConstructorAccessorImpl.newInstance0(Native Method)
	at sun.reflect.NativeConstructorAccessorImpl.newInstance(NativeConstructorAccessorImpl.java:62)
	at sun.reflect.DelegatingConstructorAccessorImpl.newInstance(DelegatingConstructorAccessorImpl.java:45)
	at java.lang.reflect.Constructor.newInstance(Constructor.java:423)
	at ptolemy.util.test.junit.AutoKnownFailedTests.RunModel(AutoKnownFailedTests.java:107)
	at sun.reflect.NativeMethodAccessorImpl.invoke0(Native Method)
	at sun.reflect.NativeMethodAccessorImpl.invoke(NativeMethodAccessorImpl.java:62)
	at sun.reflect.DelegatingMethodAccessorImpl.invoke(DelegatingMethodAccessorImpl.java:43)
	at java.lang.reflect.Method.invoke(Method.java:498)
	at org.junit.runners.model.FrameworkMethod$1.runReflectiveCall(FrameworkMethod.java:44)
	at org.junit.internal.runners.model.ReflectiveCallable.run(ReflectiveCallable.java:15)
	at org.junit.runners.model.FrameworkMethod.invokeExplosively(FrameworkMethod.java:41)
	at junitparams.internal.InvokeParameterisedMethod.evaluate(InvokeParameterisedMethod.java:102)
	at org.junit.internal.runners.statements.FailOnTimeout$1.run(FailOnTimeout.java:28)
Caused by: ptolemy.kernel.util.IllegalActionException: Found a zero delay loop containing .dependencyLoop.original
  in .dependencyLoop and .dependencyLoop.original
	at ptolemy.actor.util.CausalityInterfaceForComposites._computeOutputPortDepth(CausalityInterfaceForComposites.java:759)
	at ptolemy.actor.util.CausalityInterfaceForComposites._computeInputDepth(CausalityInterfaceForComposites.java:696)
	at ptolemy.actor.util.CausalityInterfaceForComposites._computeOutputPortDepth(CausalityInterfaceForComposites.java:765)
	at ptolemy.actor.util.CausalityInterfaceForComposites._computeInputDepth(CausalityInterfaceForComposites.java:696)
	at ptolemy.actor.util.CausalityInterfaceForComposites._computeOutputPortDepth(CausalityInterfaceForComposites.java:765)
	at ptolemy.actor.util.CausalityInterfaceForComposites._computeInputDepth(CausalityInterfaceForComposites.java:696)
	at ptolemy.actor.util.CausalityInterfaceForComposites._computeActorDepth(CausalityInterfaceForComposites.java:532)
	at ptolemy.actor.util.CausalityInterfaceForComposites.checkForCycles(CausalityInterfaceForComposites.java:96)
	at ptolemy.domains.de.kernel.DEDirector.preinitialize(DEDirector.java:1338)
	at ptolemy.actor.CompositeActor.preinitialize(CompositeActor.java:1828)
	at ptolemy.actor.Manager.preinitializeAndResolveTypes(Manager.java:1040)
	at ptolemy.actor.Manager.initialize(Manager.java:710)
	at ptolemy.actor.Manager.execute(Manager.java:356)
	at ptolemy.actor.Manager.run(Manager.java:1263)
	at ptolemy.actor.Manager$PtolemyRunThread.run(Manager.java:1915)
java.lang.RuntimeException: Execution failed
	at ptolemy.moml.MoMLSimpleApplication$UnloadThread.run(MoMLSimpleApplication.java:402)
Caused by: ptolemy.kernel.util.IllegalActionException: Found a zero delay loop containing .dependencyLoop2.original
  in .dependencyLoop2 and .dependencyLoop2.original
	at ptolemy.actor.util.CausalityInterfaceForComposites._computeOutputPortDepth(CausalityInterfaceForComposites.java:759)
	at ptolemy.actor.util.CausalityInterfaceForComposites._computeInputDepth(CausalityInterfaceForComposites.java:696)
	at ptolemy.actor.util.CausalityInterfaceForComposites._computeOutputPortDepth(CausalityInterfaceForComposites.java:765)
	at ptolemy.actor.util.CausalityInterfaceForComposites._computeInputDepth(CausalityInterfaceForComposites.java:696)
	at ptolemy.actor.util.CausalityInterfaceForComposites._computeOutputPortDepth(CausalityInterfaceForComposites.java:765)
	at ptolemy.actor.util.CausalityInterfaceForComposites._computeInputDepth(CausalityInterfaceForComposites.java:696)
	at ptolemy.actor.util.CausalityInterfaceForComposites._computeActorDepth(CausalityInterfaceForComposites.java:532)
	at ptolemy.actor.util.CausalityInterfaceForComposites.checkForCycles(CausalityInterfaceForComposites.java:96)
	at ptolemy.domains.de.kernel.DEDirector.preinitialize(DEDirector.java:1338)
	at ptolemy.actor.CompositeActor.preinitialize(CompositeActor.java:1828)
	at ptolemy.actor.Manager.preinitializeAndResolveTypes(Manager.java:1040)
	at ptolemy.actor.Manager.initialize(Manager.java:710)
	at ptolemy.actor.Manager.execute(Manager.java:356)
	at ptolemy.actor.Manager.run(Manager.java:1263)
	at ptolemy.actor.Manager$PtolemyRunThread.run(Manager.java:1915)
java.lang.reflect.InvocationTargetException
	at sun.reflect.NativeConstructorAccessorImpl.newInstance0(Native Method)
	at sun.reflect.NativeConstructorAccessorImpl.newInstance(NativeConstructorAccessorImpl.java:62)
	at sun.reflect.DelegatingConstructorAccessorImpl.newInstance(DelegatingConstructorAccessorImpl.java:45)
	at java.lang.reflect.Constructor.newInstance(Constructor.java:423)
	at ptolemy.util.test.junit.AutoKnownFailedTests.RunModel(AutoKnownFailedTests.java:107)
	at sun.reflect.NativeMethodAccessorImpl.invoke0(Native Method)
	at sun.reflect.NativeMethodAccessorImpl.invoke(NativeMethodAccessorImpl.java:62)
	at sun.reflect.DelegatingMethodAccessorImpl.invoke(DelegatingMethodAccessorImpl.java:43)
	at java.lang.reflect.Method.invoke(Method.java:498)
	at org.junit.runners.model.FrameworkMethod$1.runReflectiveCall(FrameworkMethod.java:44)
	at org.junit.internal.runners.model.ReflectiveCallable.run(ReflectiveCallable.java:15)
	at org.junit.runners.model.FrameworkMethod.invokeExplosively(FrameworkMethod.java:41)
	at junitparams.internal.InvokeParameterisedMethod.evaluate(InvokeParameterisedMethod.java:102)
	at org.junit.internal.runners.statements.FailOnTimeout$1.run(FailOnTimeout.java:28)
Caused by: ptolemy.kernel.util.IllegalActionException: Found a zero delay loop containing .dependencyLoop2.original
  in .dependencyLoop2 and .dependencyLoop2.original
	at ptolemy.actor.util.CausalityInterfaceForComposites._computeOutputPortDepth(CausalityInterfaceForComposites.java:759)
	at ptolemy.actor.util.CausalityInterfaceForComposites._computeInputDepth(CausalityInterfaceForComposites.java:696)
	at ptolemy.actor.util.CausalityInterfaceForComposites._computeOutputPortDepth(CausalityInterfaceForComposites.java:765)
	at ptolemy.actor.util.CausalityInterfaceForComposites._computeInputDepth(CausalityInterfaceForComposites.java:696)
	at ptolemy.actor.util.CausalityInterfaceForComposites._computeOutputPortDepth(CausalityInterfaceForComposites.java:765)
	at ptolemy.actor.util.CausalityInterfaceForComposites._computeInputDepth(CausalityInterfaceForComposites.java:696)
	at ptolemy.actor.util.CausalityInterfaceForComposites._computeActorDepth(CausalityInterfaceForComposites.java:532)
	at ptolemy.actor.util.CausalityInterfaceForComposites.checkForCycles(CausalityInterfaceForComposites.java:96)
	at ptolemy.domains.de.kernel.DEDirector.preinitialize(DEDirector.java:1338)
	at ptolemy.actor.CompositeActor.preinitialize(CompositeActor.java:1828)
	at ptolemy.actor.Manager.preinitializeAndResolveTypes(Manager.java:1040)
	at ptolemy.actor.Manager.initialize(Manager.java:710)
	at ptolemy.actor.Manager.execute(Manager.java:356)
	at ptolemy.actor.Manager.run(Manager.java:1263)
	at ptolemy.actor.Manager$PtolemyRunThread.run(Manager.java:1915)
]]></system-err>
</testsuite>
