<?xml version="1.0" encoding="UTF-8" ?>
<testsuite errors="0" failures="0" hostname="travis-job-a1e8633a-79d2-4f24-84e2-d3b0f9db5cde" name="ptolemy.domains.continuous.test.junit.JUnitTclTest" skipped="0" tests="156" time="67.532" timestamp="2020-01-15T06:41:34">
  <properties>
[...]
</properties>
  <testcase classname="ptolemy.util.test.junit.TclTests" name="[0] ThereAreNoTclTests (RunTclFile)" time="0.007" />
  <testcase classname="ptolemy.util.test.junit.AutoKnownFailedTests" name="[0] ThereAreNoKnowFailedTests (RunModel)" time="0.001" />
  <testcase classname="ptolemy.util.test.junit.AutoNameArchTests" name="[0] ThereAreNoAutoArchTests (RunModel)" time="0.016" />
  <testcase classname="ptolemy.util.test.junit.AutoTests" name="[0] /home/travis/build/icyphy/ptII/ptolemy/domains/continuous/test/auto/BouncingBall.xml (RunModel)" time="2.943" />
  <testcase classname="ptolemy.util.test.junit.AutoTests" name="[1] /home/travis/build/icyphy/ptII/ptolemy/domains/continuous/test/auto/BouncingBallWithoutGR.xml (RunModel)" time="0.894" />
  <testcase classname="ptolemy.util.test.junit.AutoTests" name="[2] /home/travis/build/icyphy/ptII/ptolemy/domains/continuous/test/auto/Brownian.xml (RunModel)" time="0.08" />
  <testcase classname="ptolemy.util.test.junit.AutoTests" name="[3] /home/travis/build/icyphy/ptII/ptolemy/domains/continuous/test/auto/CarTracking.xml (RunModel)" time="3.748" />
  <testcase classname="ptolemy.util.test.junit.AutoTests" name="[4] /home/travis/build/icyphy/ptII/ptolemy/domains/continuous/test/auto/CartPendulum.xml (RunModel)" time="0.535" />
  <testcase classname="ptolemy.util.test.junit.AutoTests" name="[5] /home/travis/build/icyphy/ptII/ptolemy/domains/continuous/test/auto/CausalityInterface10.xml (RunModel)" time="0.043" />
  <testcase classname="ptolemy.util.test.junit.AutoTests" name="[6] /home/travis/build/icyphy/ptII/ptolemy/domains/continuous/test/auto/CausalityInterface11.xml (RunModel)" time="0.026" />
  <testcase classname="ptolemy.util.test.junit.AutoTests" name="[7] /home/travis/build/icyphy/ptII/ptolemy/domains/continuous/test/auto/CausalityInterface12.xml (RunModel)" time="0.033" />
  <testcase classname="ptolemy.util.test.junit.AutoTests" name="[8] /home/travis/build/icyphy/ptII/ptolemy/domains/continuous/test/auto/CausalityInterface13.xml (RunModel)" time="0.032" />
  <testcase classname="ptolemy.util.test.junit.AutoTests" name="[9] /home/travis/build/icyphy/ptII/ptolemy/domains/continuous/test/auto/CausalityInterface14.xml (RunModel)" time="0.021" />
  <testcase classname="ptolemy.util.test.junit.AutoTests" name="[10] /home/travis/build/icyphy/ptII/ptolemy/domains/continuous/test/auto/CausalityInterface4.xml (RunModel)" time="0.026" />
  <testcase classname="ptolemy.util.test.junit.AutoTests" name="[11] /home/travis/build/icyphy/ptII/ptolemy/domains/continuous/test/auto/CausalityInterface5.xml (RunModel)" time="0.044" />
  <testcase classname="ptolemy.util.test.junit.AutoTests" name="[12] /home/travis/build/icyphy/ptII/ptolemy/domains/continuous/test/auto/CausalityInterface6.xml (RunModel)" time="0.026" />
  <testcase classname="ptolemy.util.test.junit.AutoTests" name="[13] /home/travis/build/icyphy/ptII/ptolemy/domains/continuous/test/auto/CausalityInterface7.xml (RunModel)" time="0.047" />
  <testcase classname="ptolemy.util.test.junit.AutoTests" name="[14] /home/travis/build/icyphy/ptII/ptolemy/domains/continuous/test/auto/CausalityInterface8.xml (RunModel)" time="0.043" />
  <testcase classname="ptolemy.util.test.junit.AutoTests" name="[15] /home/travis/build/icyphy/ptII/ptolemy/domains/continuous/test/auto/CausalityInterface9.xml (RunModel)" time="0.046" />
  <testcase classname="ptolemy.util.test.junit.AutoTests" name="[16] /home/travis/build/icyphy/ptII/ptolemy/domains/continuous/test/auto/CausalityInterfaceFeedback1.xml (RunModel)" time="0.035" />
  <testcase classname="ptolemy.util.test.junit.AutoTests" name="[17] /home/travis/build/icyphy/ptII/ptolemy/domains/continuous/test/auto/CausalityInterfaceFeedback2.xml (RunModel)" time="0.031" />
  <testcase classname="ptolemy.util.test.junit.AutoTests" name="[18] /home/travis/build/icyphy/ptII/ptolemy/domains/continuous/test/auto/CompareWithCurrentTime.xml (RunModel)" time="0.024" />
  <testcase classname="ptolemy.util.test.junit.AutoTests" name="[19] /home/travis/build/icyphy/ptII/ptolemy/domains/continuous/test/auto/ComparedClocks.xml (RunModel)" time="0.059" />
  <testcase classname="ptolemy.util.test.junit.AutoTests" name="[20] /home/travis/build/icyphy/ptII/ptolemy/domains/continuous/test/auto/ContinuousAOCClone.xml (RunModel)" time="2.584" />
  <testcase classname="ptolemy.util.test.junit.AutoTests" name="[21] /home/travis/build/icyphy/ptII/ptolemy/domains/continuous/test/auto/ContinuousClock.xml (RunModel)" time="0.061" />
  <testcase classname="ptolemy.util.test.junit.AutoTests" name="[22] /home/travis/build/icyphy/ptII/ptolemy/domains/continuous/test/auto/ContinuousInContinuous.xml (RunModel)" time="0.069" />
  <testcase classname="ptolemy.util.test.junit.AutoTests" name="[23] /home/travis/build/icyphy/ptII/ptolemy/domains/continuous/test/auto/ContinuousInContinuousInContinuous.xml (RunModel)" time="0.02" />
  <testcase classname="ptolemy.util.test.junit.AutoTests" name="[24] /home/travis/build/icyphy/ptII/ptolemy/domains/continuous/test/auto/ContinuousInDE.xml (RunModel)" time="0.102" />
  <testcase classname="ptolemy.util.test.junit.AutoTests" name="[25] /home/travis/build/icyphy/ptII/ptolemy/domains/continuous/test/auto/ContinuousInDE2.xml (RunModel)" time="0.051" />
  <testcase classname="ptolemy.util.test.junit.AutoTests" name="[26] /home/travis/build/icyphy/ptII/ptolemy/domains/continuous/test/auto/ContinuousInDE3.xml (RunModel)" time="0.057" />
  <testcase classname="ptolemy.util.test.junit.AutoTests" name="[27] /home/travis/build/icyphy/ptII/ptolemy/domains/continuous/test/auto/ContinuousInDE4.xml (RunModel)" time="0.032" />
  <testcase classname="ptolemy.util.test.junit.AutoTests" name="[28] /home/travis/build/icyphy/ptII/ptolemy/domains/continuous/test/auto/ContinuousInDEDifferentRefinements.xml (RunModel)" time="0.096" />
  <testcase classname="ptolemy.util.test.junit.AutoTests" name="[29] /home/travis/build/icyphy/ptII/ptolemy/domains/continuous/test/auto/ContinuousInDEDifferentRefinementsPreemptive.xml (RunModel)" time="0.086" />
  <testcase classname="ptolemy.util.test.junit.AutoTests" name="[30] /home/travis/build/icyphy/ptII/ptolemy/domains/continuous/test/auto/ContinuousInDEInContinuous2.xml (RunModel)" time="0.058" />
  <testcase classname="ptolemy.util.test.junit.AutoTests" name="[31] /home/travis/build/icyphy/ptII/ptolemy/domains/continuous/test/auto/ContinuousInDEInContinuous3.xml (RunModel)" time="0.059" />
  <testcase classname="ptolemy.util.test.junit.AutoTests" name="[32] /home/travis/build/icyphy/ptII/ptolemy/domains/continuous/test/auto/ContinuousInDEInput.xml (RunModel)" time="0.032" />
  <testcase classname="ptolemy.util.test.junit.AutoTests" name="[33] /home/travis/build/icyphy/ptII/ptolemy/domains/continuous/test/auto/ContinuousInDEInput2.xml (RunModel)" time="0.034" />
  <testcase classname="ptolemy.util.test.junit.AutoTests" name="[34] /home/travis/build/icyphy/ptII/ptolemy/domains/continuous/test/auto/ContinuousInDEInput3.xml (RunModel)" time="0.031" />
  <testcase classname="ptolemy.util.test.junit.AutoTests" name="[35] /home/travis/build/icyphy/ptII/ptolemy/domains/continuous/test/auto/ContinuousInDESharingRefinement.xml (RunModel)" time="0.171" />
  <testcase classname="ptolemy.util.test.junit.AutoTests" name="[36] /home/travis/build/icyphy/ptII/ptolemy/domains/continuous/test/auto/ContinuousInDEwithNoPorts.xml (RunModel)" time="0.018" />
  <testcase classname="ptolemy.util.test.junit.AutoTests" name="[37] /home/travis/build/icyphy/ptII/ptolemy/domains/continuous/test/auto/ContinuousInsideDE.xml (RunModel)" time="0.077" />
  <testcase classname="ptolemy.util.test.junit.AutoTests" name="[38] /home/travis/build/icyphy/ptII/ptolemy/domains/continuous/test/auto/ContinuousMerge1.xml (RunModel)" time="0.014" />
  <testcase classname="ptolemy.util.test.junit.AutoTests" name="[39] /home/travis/build/icyphy/ptII/ptolemy/domains/continuous/test/auto/ContinuousMerge2.xml (RunModel)" time="0.039" />
  <testcase classname="ptolemy.util.test.junit.AutoTests" name="[40] /home/travis/build/icyphy/ptII/ptolemy/domains/continuous/test/auto/ContinuousMerge3.xml (RunModel)" time="0.062" />
  <testcase classname="ptolemy.util.test.junit.AutoTests" name="[41] /home/travis/build/icyphy/ptII/ptolemy/domains/continuous/test/auto/ContinuousWithinContinuous.xml (RunModel)" time="0.049" />
  <testcase classname="ptolemy.util.test.junit.AutoTests" name="[42] /home/travis/build/icyphy/ptII/ptolemy/domains/continuous/test/auto/ContinuousWithinContinuous2.xml (RunModel)" time="0.075" />
  <testcase classname="ptolemy.util.test.junit.AutoTests" name="[43] /home/travis/build/icyphy/ptII/ptolemy/domains/continuous/test/auto/ContinuousWithinContinuous3.xml (RunModel)" time="0.029" />
  <testcase classname="ptolemy.util.test.junit.AutoTests" name="[44] /home/travis/build/icyphy/ptII/ptolemy/domains/continuous/test/auto/ContinuousWithinContinuous4.xml (RunModel)" time="0.08" />
  <testcase classname="ptolemy.util.test.junit.AutoTests" name="[45] /home/travis/build/icyphy/ptII/ptolemy/domains/continuous/test/auto/ContinuousWithinContinuous5.xml (RunModel)" time="0.031" />
  <testcase classname="ptolemy.util.test.junit.AutoTests" name="[46] /home/travis/build/icyphy/ptII/ptolemy/domains/continuous/test/auto/ContinuousWithinContinuous6.xml (RunModel)" time="0.027" />
  <testcase classname="ptolemy.util.test.junit.AutoTests" name="[47] /home/travis/build/icyphy/ptII/ptolemy/domains/continuous/test/auto/ContinuousWithinContinuous7.xml (RunModel)" time="0.064" />
  <testcase classname="ptolemy.util.test.junit.AutoTests" name="[48] /home/travis/build/icyphy/ptII/ptolemy/domains/continuous/test/auto/DCMotor.xml (RunModel)" time="12.361" />
  <testcase classname="ptolemy.util.test.junit.AutoTests" name="[49] /home/travis/build/icyphy/ptII/ptolemy/domains/continuous/test/auto/DEInContinuous.xml (RunModel)" time="0.034" />
  <testcase classname="ptolemy.util.test.junit.AutoTests" name="[50] /home/travis/build/icyphy/ptII/ptolemy/domains/continuous/test/auto/DEinContinuous2.xml (RunModel)" time="0.034" />
  <testcase classname="ptolemy.util.test.junit.AutoTests" name="[51] /home/travis/build/icyphy/ptII/ptolemy/domains/continuous/test/auto/Derivative.xml (RunModel)" time="0.175" />
  <testcase classname="ptolemy.util.test.junit.AutoTests" name="[52] /home/travis/build/icyphy/ptII/ptolemy/domains/continuous/test/auto/Derivative1.xml (RunModel)" time="0.042" />
  <testcase classname="ptolemy.util.test.junit.AutoTests" name="[53] /home/travis/build/icyphy/ptII/ptolemy/domains/continuous/test/auto/DiscreteClock.xml (RunModel)" time="0.012" />
  <testcase classname="ptolemy.util.test.junit.AutoTests" name="[54] /home/travis/build/icyphy/ptII/ptolemy/domains/continuous/test/auto/EfficiencyCurve.xml (RunModel)" time="0.075" />
  <testcase classname="ptolemy.util.test.junit.AutoTests" name="[55] /home/travis/build/icyphy/ptII/ptolemy/domains/continuous/test/auto/ExponentialResponse.xml (RunModel)" time="0.117" />
  <testcase classname="ptolemy.util.test.junit.AutoTests" name="[56] /home/travis/build/icyphy/ptII/ptolemy/domains/continuous/test/auto/ExponentialResponseRK45.xml (RunModel)" time="0.031" />
  <testcase classname="ptolemy.util.test.junit.AutoTests" name="[57] /home/travis/build/icyphy/ptII/ptolemy/domains/continuous/test/auto/Friction.xml (RunModel)" time="1.488" />
  <testcase classname="ptolemy.util.test.junit.AutoTests" name="[58] /home/travis/build/icyphy/ptII/ptolemy/domains/continuous/test/auto/FurutaPendulum.xml (RunModel)" time="3.045" />
  <testcase classname="ptolemy.util.test.junit.AutoTests" name="[59] /home/travis/build/icyphy/ptII/ptolemy/domains/continuous/test/auto/HierarchicalExecution.xml (RunModel)" time="1.685" />
  <testcase classname="ptolemy.util.test.junit.AutoTests" name="[60] /home/travis/build/icyphy/ptII/ptolemy/domains/continuous/test/auto/HybridPlant.xml (RunModel)" time="0.539" />
  <testcase classname="ptolemy.util.test.junit.AutoTests" name="[61] /home/travis/build/icyphy/ptII/ptolemy/domains/continuous/test/auto/Hysteresis.xml (RunModel)" time="0.181" />
  <testcase classname="ptolemy.util.test.junit.AutoTests" name="[62] /home/travis/build/icyphy/ptII/ptolemy/domains/continuous/test/auto/HysteresisWithRandomDelay.xml (RunModel)" time="0.222" />
  <testcase classname="ptolemy.util.test.junit.AutoTests" name="[63] /home/travis/build/icyphy/ptII/ptolemy/domains/continuous/test/auto/HysteresisWithRandomLosses.xml (RunModel)" time="2.212" />
  <testcase classname="ptolemy.util.test.junit.AutoTests" name="[64] /home/travis/build/icyphy/ptII/ptolemy/domains/continuous/test/auto/ImmediateTransitions.xml (RunModel)" time="0.037" />
  <testcase classname="ptolemy.util.test.junit.AutoTests" name="[65] /home/travis/build/icyphy/ptII/ptolemy/domains/continuous/test/auto/ImpulseFeedback.xml (RunModel)" time="0.016" />
  <testcase classname="ptolemy.util.test.junit.AutoTests" name="[66] /home/travis/build/icyphy/ptII/ptolemy/domains/continuous/test/auto/ImpulseFeedback2.xml (RunModel)" time="0.015" />
  <testcase classname="ptolemy.util.test.junit.AutoTests" name="[67] /home/travis/build/icyphy/ptII/ptolemy/domains/continuous/test/auto/IncreasingRatePoisson.xml (RunModel)" time="0.727" />
  <testcase classname="ptolemy.util.test.junit.AutoTests" name="[68] /home/travis/build/icyphy/ptII/ptolemy/domains/continuous/test/auto/InitialStateFeedback.xml (RunModel)" time="0.013" />
  <testcase classname="ptolemy.util.test.junit.AutoTests" name="[69] /home/travis/build/icyphy/ptII/ptolemy/domains/continuous/test/auto/Integration.xml (RunModel)" time="0.009" />
  <testcase classname="ptolemy.util.test.junit.AutoTests" name="[70] /home/travis/build/icyphy/ptII/ptolemy/domains/continuous/test/auto/Integration2.xml (RunModel)" time="0.094" />
  <testcase classname="ptolemy.util.test.junit.AutoTests" name="[71] /home/travis/build/icyphy/ptII/ptolemy/domains/continuous/test/auto/Integration3.xml (RunModel)" time="0.026" />
  <testcase classname="ptolemy.util.test.junit.AutoTests" name="[72] /home/travis/build/icyphy/ptII/ptolemy/domains/continuous/test/auto/Integration5.xml (RunModel)" time="0.01" />
  <testcase classname="ptolemy.util.test.junit.AutoTests" name="[73] /home/travis/build/icyphy/ptII/ptolemy/domains/continuous/test/auto/IntegratorImpulse.xml (RunModel)" time="0.009" />
  <testcase classname="ptolemy.util.test.junit.AutoTests" name="[74] /home/travis/build/icyphy/ptII/ptolemy/domains/continuous/test/auto/IntegratorImpulse2.xml (RunModel)" time="0.012" />
  <testcase classname="ptolemy.util.test.junit.AutoTests" name="[75] /home/travis/build/icyphy/ptII/ptolemy/domains/continuous/test/auto/LevelCrossing1.xml (RunModel)" time="0.014" />
  <testcase classname="ptolemy.util.test.junit.AutoTests" name="[76] /home/travis/build/icyphy/ptII/ptolemy/domains/continuous/test/auto/LevelCrossing2.xml (RunModel)" time="0.012" />
  <testcase classname="ptolemy.util.test.junit.AutoTests" name="[77] /home/travis/build/icyphy/ptII/ptolemy/domains/continuous/test/auto/LevelCrossing3.xml (RunModel)" time="0.011" />
  <testcase classname="ptolemy.util.test.junit.AutoTests" name="[78] /home/travis/build/icyphy/ptII/ptolemy/domains/continuous/test/auto/LevelCrossing4.xml (RunModel)" time="0.012" />
  <testcase classname="ptolemy.util.test.junit.AutoTests" name="[79] /home/travis/build/icyphy/ptII/ptolemy/domains/continuous/test/auto/LevelCrossing5.xml (RunModel)" time="0.014" />
  <testcase classname="ptolemy.util.test.junit.AutoTests" name="[80] /home/travis/build/icyphy/ptII/ptolemy/domains/continuous/test/auto/LevelCrossing6.xml (RunModel)" time="0.012" />
  <testcase classname="ptolemy.util.test.junit.AutoTests" name="[81] /home/travis/build/icyphy/ptII/ptolemy/domains/continuous/test/auto/LevelCrossingDetector.xml (RunModel)" time="0.033" />
  <testcase classname="ptolemy.util.test.junit.AutoTests" name="[82] /home/travis/build/icyphy/ptII/ptolemy/domains/continuous/test/auto/LevelCrossingDetectorDetectingDirections.xml (RunModel)" time="0.079" />
  <testcase classname="ptolemy.util.test.junit.AutoTests" name="[83] /home/travis/build/icyphy/ptII/ptolemy/domains/continuous/test/auto/LevelCrossingDetectorDetectsGlitches.xml (RunModel)" time="0.057" />
  <testcase classname="ptolemy.util.test.junit.AutoTests" name="[84] /home/travis/build/icyphy/ptII/ptolemy/domains/continuous/test/auto/LevelCrossingNoInitialOuput.xml (RunModel)" time="0.019" />
  <testcase classname="ptolemy.util.test.junit.AutoTests" name="[85] /home/travis/build/icyphy/ptII/ptolemy/domains/continuous/test/auto/LinearStateSpaceExample.xml (RunModel)" time="0.059" />
  <testcase classname="ptolemy.util.test.junit.AutoTests" name="[86] /home/travis/build/icyphy/ptII/ptolemy/domains/continuous/test/auto/Lorenz.xml (RunModel)" time="3.299" />
  <testcase classname="ptolemy.util.test.junit.AutoTests" name="[87] /home/travis/build/icyphy/ptII/ptolemy/domains/continuous/test/auto/LorenzDifferentialSystem.xml (RunModel)" time="0.855" />
  <testcase classname="ptolemy.util.test.junit.AutoTests" name="[88] /home/travis/build/icyphy/ptII/ptolemy/domains/continuous/test/auto/LorenzDifferentialSystemWithInput.xml (RunModel)" time="1.226" />
  <testcase classname="ptolemy.util.test.junit.AutoTests" name="[89] /home/travis/build/icyphy/ptII/ptolemy/domains/continuous/test/auto/LorenzDifferentialSystemWithTime.xml (RunModel)" time="0.628" />
  <testcase classname="ptolemy.util.test.junit.AutoTests" name="[90] /home/travis/build/icyphy/ptII/ptolemy/domains/continuous/test/auto/Microsteps.xml (RunModel)" time="0.025" />
  <testcase classname="ptolemy.util.test.junit.AutoTests" name="[91] /home/travis/build/icyphy/ptII/ptolemy/domains/continuous/test/auto/Modal1.xml (RunModel)" time="0.041" />
  <testcase classname="ptolemy.util.test.junit.AutoTests" name="[92] /home/travis/build/icyphy/ptII/ptolemy/domains/continuous/test/auto/Modal2.xml (RunModel)" time="0.053" />
  <testcase classname="ptolemy.util.test.junit.AutoTests" name="[93] /home/travis/build/icyphy/ptII/ptolemy/domains/continuous/test/auto/ModalTransitionGuardWithReset.xml (RunModel)" time="0.022" />
  <testcase classname="ptolemy.util.test.junit.AutoTests" name="[94] /home/travis/build/icyphy/ptII/ptolemy/domains/continuous/test/auto/ModalTransitionGuardWithResetUsingPreemptiveTransition.xml (RunModel)" time="0.023" />
  <testcase classname="ptolemy.util.test.junit.AutoTests" name="[95] /home/travis/build/icyphy/ptII/ptolemy/domains/continuous/test/auto/ModalTransitionGuardWithResetUsingPreemptiveTransition2.xml (RunModel)" time="0.029" />
  <testcase classname="ptolemy.util.test.junit.AutoTests" name="[96] /home/travis/build/icyphy/ptII/ptolemy/domains/continuous/test/auto/ModalTransitionGuardWithResetUsingPreemptiveTransition3.xml (RunModel)" time="0.029" />
  <testcase classname="ptolemy.util.test.junit.AutoTests" name="[97] /home/travis/build/icyphy/ptII/ptolemy/domains/continuous/test/auto/NewtonsCradle.xml (RunModel)" time="0.714" />
  <testcase classname="ptolemy.util.test.junit.AutoTests" name="[98] /home/travis/build/icyphy/ptII/ptolemy/domains/continuous/test/auto/NewtonsCradleAnimated.xml (RunModel)" time="1.16" />
  <testcase classname="ptolemy.util.test.junit.AutoTests" name="[99] /home/travis/build/icyphy/ptII/ptolemy/domains/continuous/test/auto/NewtonsCradleComplicated.xml (RunModel)" time="0.792" />
  <testcase classname="ptolemy.util.test.junit.AutoTests" name="[100] /home/travis/build/icyphy/ptII/ptolemy/domains/continuous/test/auto/NewtonsCradleNondeterministic.xml (RunModel)" time="0.595" />
  <testcase classname="ptolemy.util.test.junit.AutoTests" name="[101] /home/travis/build/icyphy/ptII/ptolemy/domains/continuous/test/auto/NewtonsCradlePerfectlyInelastic1.xml (RunModel)" time="1.078" />
  <testcase classname="ptolemy.util.test.junit.AutoTests" name="[102] /home/travis/build/icyphy/ptII/ptolemy/domains/continuous/test/auto/Noise.xml (RunModel)" time="0.182" />
  <testcase classname="ptolemy.util.test.junit.AutoTests" name="[103] /home/travis/build/icyphy/ptII/ptolemy/domains/continuous/test/auto/NoiseSpectrum.xml (RunModel)" time="0.701" />
  <testcase classname="ptolemy.util.test.junit.AutoTests" name="[104] /home/travis/build/icyphy/ptII/ptolemy/domains/continuous/test/auto/ParameterizedNewtonsCradleAnimated.xml (RunModel)" time="0.36" />
  <testcase classname="ptolemy.util.test.junit.AutoTests" name="[105] /home/travis/build/icyphy/ptII/ptolemy/domains/continuous/test/auto/ParameterizedNewtonsCradleAnimatedNondeterministic.xml (RunModel)" time="1.045" />
  <testcase classname="ptolemy.util.test.junit.AutoTests" name="[106] /home/travis/build/icyphy/ptII/ptolemy/domains/continuous/test/auto/Pendulum3D.xml (RunModel)" time="0.163" />
  <testcase classname="ptolemy.util.test.junit.AutoTests" name="[107] /home/travis/build/icyphy/ptII/ptolemy/domains/continuous/test/auto/PeriodicSampler.xml (RunModel)" time="0.013" />
  <testcase classname="ptolemy.util.test.junit.AutoTests" name="[108] /home/travis/build/icyphy/ptII/ptolemy/domains/continuous/test/auto/PeriodicSampler1.xml (RunModel)" time="0.049" />
  <testcase classname="ptolemy.util.test.junit.AutoTests" name="[109] /home/travis/build/icyphy/ptII/ptolemy/domains/continuous/test/auto/PeriodicSampler2.xml (RunModel)" time="0.07" />
  <testcase classname="ptolemy.util.test.junit.AutoTests" name="[110] /home/travis/build/icyphy/ptII/ptolemy/domains/continuous/test/auto/Poisson.xml (RunModel)" time="0.436" />
  <testcase classname="ptolemy.util.test.junit.AutoTests" name="[111] /home/travis/build/icyphy/ptII/ptolemy/domains/continuous/test/auto/PoissonClock.xml (RunModel)" time="0.013" />
  <testcase classname="ptolemy.util.test.junit.AutoTests" name="[112] /home/travis/build/icyphy/ptII/ptolemy/domains/continuous/test/auto/PoissonClock2.xml (RunModel)" time="0.011" />
  <testcase classname="ptolemy.util.test.junit.AutoTests" name="[113] /home/travis/build/icyphy/ptII/ptolemy/domains/continuous/test/auto/PortParameterHierarchy.xml (RunModel)" time="0.02" />
  <testcase classname="ptolemy.util.test.junit.AutoTests" name="[114] /home/travis/build/icyphy/ptII/ptolemy/domains/continuous/test/auto/RandomHybridPlant.xml (RunModel)" time="0.518" />
  <testcase classname="ptolemy.util.test.junit.AutoTests" name="[115] /home/travis/build/icyphy/ptII/ptolemy/domains/continuous/test/auto/ResetTransitionWithStartTime1.xml (RunModel)" time="0.033" />
  <testcase classname="ptolemy.util.test.junit.AutoTests" name="[116] /home/travis/build/icyphy/ptII/ptolemy/domains/continuous/test/auto/ResetTransitionWithStartTime2.xml (RunModel)" time="0.033" />
  <testcase classname="ptolemy.util.test.junit.AutoTests" name="[117] /home/travis/build/icyphy/ptII/ptolemy/domains/continuous/test/auto/ResetTransitionWithStartTime3.xml (RunModel)" time="0.035" />
  <testcase classname="ptolemy.util.test.junit.AutoTests" name="[118] /home/travis/build/icyphy/ptII/ptolemy/domains/continuous/test/auto/ResetTransitionWithStartTime4.xml (RunModel)" time="0.026" />
  <testcase classname="ptolemy.util.test.junit.AutoTests" name="[119] /home/travis/build/icyphy/ptII/ptolemy/domains/continuous/test/auto/ResetTransitionWithStartTime5.xml (RunModel)" time="0.031" />
  <testcase classname="ptolemy.util.test.junit.AutoTests" name="[120] /home/travis/build/icyphy/ptII/ptolemy/domains/continuous/test/auto/ResetTransitionWithStartTime6.xml (RunModel)" time="0.025" />
  <testcase classname="ptolemy.util.test.junit.AutoTests" name="[121] /home/travis/build/icyphy/ptII/ptolemy/domains/continuous/test/auto/SRinContinuous.xml (RunModel)" time="0.023" />
  <testcase classname="ptolemy.util.test.junit.AutoTests" name="[122] /home/travis/build/icyphy/ptII/ptolemy/domains/continuous/test/auto/SampledClocks.xml (RunModel)" time="0.034" />
  <testcase classname="ptolemy.util.test.junit.AutoTests" name="[123] /home/travis/build/icyphy/ptII/ptolemy/domains/continuous/test/auto/Satellite.xml (RunModel)" time="0.663" />
  <testcase classname="ptolemy.util.test.junit.AutoTests" name="[124] /home/travis/build/icyphy/ptII/ptolemy/domains/continuous/test/auto/SigmaDelta.xml (RunModel)" time="1.893" />
  <testcase classname="ptolemy.util.test.junit.AutoTests" name="[125] /home/travis/build/icyphy/ptII/ptolemy/domains/continuous/test/auto/SingleRefinement.xml (RunModel)" time="0.407" />
  <testcase classname="ptolemy.util.test.junit.AutoTests" name="[126] /home/travis/build/icyphy/ptII/ptolemy/domains/continuous/test/auto/SinuBouncingBall.xml (RunModel)" time="0.857" />
  <testcase classname="ptolemy.util.test.junit.AutoTests" name="[127] /home/travis/build/icyphy/ptII/ptolemy/domains/continuous/test/auto/Sinusoid.xml (RunModel)" time="0.025" />
  <testcase classname="ptolemy.util.test.junit.AutoTests" name="[128] /home/travis/build/icyphy/ptII/ptolemy/domains/continuous/test/auto/SinusoidInNoise.xml (RunModel)" time="0.841" />
  <testcase classname="ptolemy.util.test.junit.AutoTests" name="[129] /home/travis/build/icyphy/ptII/ptolemy/domains/continuous/test/auto/SinusoidRK45.xml (RunModel)" time="0.018" />
  <testcase classname="ptolemy.util.test.junit.AutoTests" name="[130] /home/travis/build/icyphy/ptII/ptolemy/domains/continuous/test/auto/SinusoidWithMultipleImpulses.xml (RunModel)" time="0.01" />
  <testcase classname="ptolemy.util.test.junit.AutoTests" name="[131] /home/travis/build/icyphy/ptII/ptolemy/domains/continuous/test/auto/SquareWave.xml (RunModel)" time="0.172" />
  <testcase classname="ptolemy.util.test.junit.AutoTests" name="[132] /home/travis/build/icyphy/ptII/ptolemy/domains/continuous/test/auto/Starmac.xml (RunModel)" time="3.348" />
  <testcase classname="ptolemy.util.test.junit.AutoTests" name="[133] /home/travis/build/icyphy/ptII/ptolemy/domains/continuous/test/auto/StaticUnits.xml (RunModel)" time="2.099" />
  <testcase classname="ptolemy.util.test.junit.AutoTests" name="[134] /home/travis/build/icyphy/ptII/ptolemy/domains/continuous/test/auto/StickyMasses.xml (RunModel)" time="0.183" />
  <testcase classname="ptolemy.util.test.junit.AutoTests" name="[135] /home/travis/build/icyphy/ptII/ptolemy/domains/continuous/test/auto/StopTime.xml (RunModel)" time="0.059" />
  <testcase classname="ptolemy.util.test.junit.AutoTests" name="[136] /home/travis/build/icyphy/ptII/ptolemy/domains/continuous/test/auto/StopTime2.xml (RunModel)" time="0.052" />
  <testcase classname="ptolemy.util.test.junit.AutoTests" name="[137] /home/travis/build/icyphy/ptII/ptolemy/domains/continuous/test/auto/Switch.xml (RunModel)" time="0.064" />
  <testcase classname="ptolemy.util.test.junit.AutoTests" name="[138] /home/travis/build/icyphy/ptII/ptolemy/domains/continuous/test/auto/Thermostat.xml (RunModel)" time="0.189" />
  <testcase classname="ptolemy.util.test.junit.AutoTests" name="[139] /home/travis/build/icyphy/ptII/ptolemy/domains/continuous/test/auto/TimeDelay.xml (RunModel)" time="0.012" />
  <testcase classname="ptolemy.util.test.junit.AutoTests" name="[140] /home/travis/build/icyphy/ptII/ptolemy/domains/continuous/test/auto/TimeDelay2.xml (RunModel)" time="0.025" />
  <testcase classname="ptolemy.util.test.junit.AutoTests" name="[141] /home/travis/build/icyphy/ptII/ptolemy/domains/continuous/test/auto/TimeDelay3.xml (RunModel)" time="0.01" />
  <testcase classname="ptolemy.util.test.junit.AutoTests" name="[142] /home/travis/build/icyphy/ptII/ptolemy/domains/continuous/test/auto/TransferAbsentToInside.xml (RunModel)" time="0.095" />
  <testcase classname="ptolemy.util.test.junit.AutoTests" name="[143] /home/travis/build/icyphy/ptII/ptolemy/domains/continuous/test/auto/Transmission.xml (RunModel)" time="0.81" />
  <testcase classname="ptolemy.util.test.junit.AutoTests" name="[144] /home/travis/build/icyphy/ptII/ptolemy/domains/continuous/test/auto/TriggeredContinuousClock.xml (RunModel)" time="0.071" />
  <testcase classname="ptolemy.util.test.junit.AutoTests" name="[145] /home/travis/build/icyphy/ptII/ptolemy/domains/continuous/test/auto/TwoMachineInfiniteBusControl.xml (RunModel)" time="2.264" />
  <testcase classname="ptolemy.util.test.junit.AutoTests" name="[146] /home/travis/build/icyphy/ptII/ptolemy/domains/continuous/test/auto/V2V.xml (RunModel)" time="0.942" />
  <testcase classname="ptolemy.util.test.junit.AutoTests" name="[147] /home/travis/build/icyphy/ptII/ptolemy/domains/continuous/test/auto/hierarchicalModalModel.xml (RunModel)" time="0.039" />
  <testcase classname="ptolemy.util.test.junit.AutoTests" name="[148] /home/travis/build/icyphy/ptII/ptolemy/domains/continuous/test/auto/hierarchicalModalModel1.xml (RunModel)" time="0.028" />
  <testcase classname="ptolemy.util.test.junit.AutoTests" name="[149] /home/travis/build/icyphy/ptII/ptolemy/domains/continuous/test/auto/hierarchicalModalModel2.xml (RunModel)" time="0.027" />
  <testcase classname="ptolemy.util.test.junit.AutoTests" name="[150] /home/travis/build/icyphy/ptII/ptolemy/domains/continuous/test/auto/hierarchicalModalModel3.xml (RunModel)" time="0.022" />
  <testcase classname="ptolemy.util.test.junit.AutoTests" name="[151] /home/travis/build/icyphy/ptII/ptolemy/domains/continuous/test/auto/hierarchicalModalModel4.xml (RunModel)" time="0.026" />
  <testcase classname="ptolemy.util.test.junit.AutoTests" name="[152] /home/travis/build/icyphy/ptII/ptolemy/domains/continuous/test/auto/junk.xml (RunModel)" time="0.139" />
  <system-out><![CDATA[No tcl tests in /home/travis/build/icyphy/ptII/ptolemy/domains/continuous/test
No auto/knownFailedTests/*.xml tests in /home/travis/build/icyphy/ptII/ptolemy/domains/continuous/test
No auto/linux-amd64/*.xml tests in /home/travis/build/icyphy/ptII/ptolemy/domains/continuous/test
AutoTests.java: About to close Vertx.
AutoTests.java: Vertx closed.

===========================================================================================
----------------- testing Wed Jan 15 06:41:34 UTC 2020 /home/travis/build/icyphy/ptII/ptolemy/domains/continuous/test/auto/BouncingBall.xml
----------------- Instantiating /home/travis/build/icyphy/ptII/ptolemy/domains/continuous/test/auto/BouncingBall.xml
2262 ms. Memory: 129024K Free: 95462K (74%)
----------------- Invoking toplevel() on ptolemy.moml.MoMLSimpleApplication@25e296d
----------------- Done invoking toplevel() on ptolemy.moml.MoMLSimpleApplication@25e296d
reloadAllAccessors: .BouncingBall

===========================================================================================
----------------- testing Wed Jan 15 06:41:37 UTC 2020 /home/travis/build/icyphy/ptII/ptolemy/domains/continuous/test/auto/BouncingBallWithoutGR.xml
----------------- Instantiating /home/travis/build/icyphy/ptII/ptolemy/domains/continuous/test/auto/BouncingBallWithoutGR.xml
780 ms. Memory: 155648K Free: 89923K (58%)
----------------- Invoking toplevel() on ptolemy.moml.MoMLSimpleApplication@8f3aac7
----------------- Done invoking toplevel() on ptolemy.moml.MoMLSimpleApplication@8f3aac7
reloadAllAccessors: .BouncingBallWithoutGR

===========================================================================================
----------------- testing Wed Jan 15 06:41:38 UTC 2020 /home/travis/build/icyphy/ptII/ptolemy/domains/continuous/test/auto/Brownian.xml
----------------- Instantiating /home/travis/build/icyphy/ptII/ptolemy/domains/continuous/test/auto/Brownian.xml
23 ms. Memory: 155648K Free: 80707K (52%)
----------------- Invoking toplevel() on ptolemy.moml.MoMLSimpleApplication@427ca875
----------------- Done invoking toplevel() on ptolemy.moml.MoMLSimpleApplication@427ca875
reloadAllAccessors: .Brownian

===========================================================================================
----------------- testing Wed Jan 15 06:41:38 UTC 2020 /home/travis/build/icyphy/ptII/ptolemy/domains/continuous/test/auto/CarTracking.xml
----------------- Instantiating /home/travis/build/icyphy/ptII/ptolemy/domains/continuous/test/auto/CarTracking.xml
3386 ms. Memory: 187392K Free: 75151K (40%)
----------------- Invoking toplevel() on ptolemy.moml.MoMLSimpleApplication@3a0b54fc
----------------- Done invoking toplevel() on ptolemy.moml.MoMLSimpleApplication@3a0b54fc
reloadAllAccessors: .CarTracking

===========================================================================================
----------------- testing Wed Jan 15 06:41:42 UTC 2020 /home/travis/build/icyphy/ptII/ptolemy/domains/continuous/test/auto/CartPendulum.xml
----------------- Instantiating /home/travis/build/icyphy/ptII/ptolemy/domains/continuous/test/auto/CartPendulum.xml
403 ms. Memory: 225280K Free: 132970K (59%)
----------------- Invoking toplevel() on ptolemy.moml.MoMLSimpleApplication@41aaccd1
----------------- Done invoking toplevel() on ptolemy.moml.MoMLSimpleApplication@41aaccd1
reloadAllAccessors: .CartPendulum

===========================================================================================
----------------- testing Wed Jan 15 06:41:42 UTC 2020 /home/travis/build/icyphy/ptII/ptolemy/domains/continuous/test/auto/CausalityInterface10.xml
----------------- Instantiating /home/travis/build/icyphy/ptII/ptolemy/domains/continuous/test/auto/CausalityInterface10.xml
10 ms. Memory: 225280K Free: 122730K (54%)
----------------- Invoking toplevel() on ptolemy.moml.MoMLSimpleApplication@350417f2
----------------- Done invoking toplevel() on ptolemy.moml.MoMLSimpleApplication@350417f2
reloadAllAccessors: .CausalityInterface10

===========================================================================================
----------------- testing Wed Jan 15 06:41:43 UTC 2020 /home/travis/build/icyphy/ptII/ptolemy/domains/continuous/test/auto/CausalityInterface11.xml
----------------- Instantiating /home/travis/build/icyphy/ptII/ptolemy/domains/continuous/test/auto/CausalityInterface11.xml
5 ms. Memory: 225280K Free: 116572K (52%)
----------------- Invoking toplevel() on ptolemy.moml.MoMLSimpleApplication@57596a0e
----------------- Done invoking toplevel() on ptolemy.moml.MoMLSimpleApplication@57596a0e
reloadAllAccessors: .CausalityInterface11

===========================================================================================
----------------- testing Wed Jan 15 06:41:43 UTC 2020 /home/travis/build/icyphy/ptII/ptolemy/domains/continuous/test/auto/CausalityInterface12.xml
----------------- Instantiating /home/travis/build/icyphy/ptII/ptolemy/domains/continuous/test/auto/CausalityInterface12.xml
6 ms. Memory: 225280K Free: 110428K (49%)
----------------- Invoking toplevel() on ptolemy.moml.MoMLSimpleApplication@313bcb2c
----------------- Done invoking toplevel() on ptolemy.moml.MoMLSimpleApplication@313bcb2c
reloadAllAccessors: .CausalityInterface12

===========================================================================================
----------------- testing Wed Jan 15 06:41:43 UTC 2020 /home/travis/build/icyphy/ptII/ptolemy/domains/continuous/test/auto/CausalityInterface13.xml
----------------- Instantiating /home/travis/build/icyphy/ptII/ptolemy/domains/continuous/test/auto/CausalityInterface13.xml
7 ms. Memory: 225280K Free: 104268K (46%)
----------------- Invoking toplevel() on ptolemy.moml.MoMLSimpleApplication@64ee120
----------------- Done invoking toplevel() on ptolemy.moml.MoMLSimpleApplication@64ee120
reloadAllAccessors: .CausalityInterface13

===========================================================================================
----------------- testing Wed Jan 15 06:41:43 UTC 2020 /home/travis/build/icyphy/ptII/ptolemy/domains/continuous/test/auto/CausalityInterface14.xml
----------------- Instantiating /home/travis/build/icyphy/ptII/ptolemy/domains/continuous/test/auto/CausalityInterface14.xml
3 ms. Memory: 225280K Free: 98668K (44%)
----------------- Invoking toplevel() on ptolemy.moml.MoMLSimpleApplication@340bf405
----------------- Done invoking toplevel() on ptolemy.moml.MoMLSimpleApplication@340bf405
reloadAllAccessors: .CausalityInterface14

===========================================================================================
----------------- testing Wed Jan 15 06:41:43 UTC 2020 /home/travis/build/icyphy/ptII/ptolemy/domains/continuous/test/auto/CausalityInterface4.xml
----------------- Instantiating /home/travis/build/icyphy/ptII/ptolemy/domains/continuous/test/auto/CausalityInterface4.xml
4 ms. Memory: 225280K Free: 91996K (41%)
----------------- Invoking toplevel() on ptolemy.moml.MoMLSimpleApplication@53f99d2e
----------------- Done invoking toplevel() on ptolemy.moml.MoMLSimpleApplication@53f99d2e
reloadAllAccessors: .CausalityInterface4

===========================================================================================
----------------- testing Wed Jan 15 06:41:43 UTC 2020 /home/travis/build/icyphy/ptII/ptolemy/domains/continuous/test/auto/CausalityInterface5.xml
----------------- Instantiating /home/travis/build/icyphy/ptII/ptolemy/domains/continuous/test/auto/CausalityInterface5.xml
10 ms. Memory: 225280K Free: 83818K (37%)
----------------- Invoking toplevel() on ptolemy.moml.MoMLSimpleApplication@1dfafa64
----------------- Done invoking toplevel() on ptolemy.moml.MoMLSimpleApplication@1dfafa64
reloadAllAccessors: .CausalityInterface5

===========================================================================================
----------------- testing Wed Jan 15 06:41:43 UTC 2020 /home/travis/build/icyphy/ptII/ptolemy/domains/continuous/test/auto/CausalityInterface6.xml
----------------- Instantiating /home/travis/build/icyphy/ptII/ptolemy/domains/continuous/test/auto/CausalityInterface6.xml
5 ms. Memory: 225280K Free: 209741K (93%)
----------------- Invoking toplevel() on ptolemy.moml.MoMLSimpleApplication@19930913
----------------- Done invoking toplevel() on ptolemy.moml.MoMLSimpleApplication@19930913
reloadAllAccessors: .CausalityInterface6

===========================================================================================
----------------- testing Wed Jan 15 06:41:43 UTC 2020 /home/travis/build/icyphy/ptII/ptolemy/domains/continuous/test/auto/CausalityInterface7.xml
----------------- Instantiating /home/travis/build/icyphy/ptII/ptolemy/domains/continuous/test/auto/CausalityInterface7.xml
10 ms. Memory: 225280K Free: 200527K (89%)
----------------- Invoking toplevel() on ptolemy.moml.MoMLSimpleApplication@48b62bf8
----------------- Done invoking toplevel() on ptolemy.moml.MoMLSimpleApplication@48b62bf8
reloadAllAccessors: .CausalityInterface7

===========================================================================================
----------------- testing Wed Jan 15 06:41:43 UTC 2020 /home/travis/build/icyphy/ptII/ptolemy/domains/continuous/test/auto/CausalityInterface8.xml
----------------- Instantiating /home/travis/build/icyphy/ptII/ptolemy/domains/continuous/test/auto/CausalityInterface8.xml
5 ms. Memory: 225280K Free: 191311K (85%)
----------------- Invoking toplevel() on ptolemy.moml.MoMLSimpleApplication@35caf9dd
----------------- Done invoking toplevel() on ptolemy.moml.MoMLSimpleApplication@35caf9dd
reloadAllAccessors: .CausalityInterface8

===========================================================================================
----------------- testing Wed Jan 15 06:41:43 UTC 2020 /home/travis/build/icyphy/ptII/ptolemy/domains/continuous/test/auto/CausalityInterface9.xml
----------------- Instantiating /home/travis/build/icyphy/ptII/ptolemy/domains/continuous/test/auto/CausalityInterface9.xml
10 ms. Memory: 225280K Free: 180557K (80%)
----------------- Invoking toplevel() on ptolemy.moml.MoMLSimpleApplication@5f9694ac
----------------- Done invoking toplevel() on ptolemy.moml.MoMLSimpleApplication@5f9694ac
reloadAllAccessors: .CausalityInterface9

===========================================================================================
----------------- testing Wed Jan 15 06:41:43 UTC 2020 /home/travis/build/icyphy/ptII/ptolemy/domains/continuous/test/auto/CausalityInterfaceFeedback1.xml
----------------- Instantiating /home/travis/build/icyphy/ptII/ptolemy/domains/continuous/test/auto/CausalityInterfaceFeedback1.xml
5 ms. Memory: 225280K Free: 173903K (77%)
----------------- Invoking toplevel() on ptolemy.moml.MoMLSimpleApplication@1cea980c
----------------- Done invoking toplevel() on ptolemy.moml.MoMLSimpleApplication@1cea980c
reloadAllAccessors: .CausalityInterfaceFeedback1

===========================================================================================
----------------- testing Wed Jan 15 06:41:43 UTC 2020 /home/travis/build/icyphy/ptII/ptolemy/domains/continuous/test/auto/CausalityInterfaceFeedback2.xml
----------------- Instantiating /home/travis/build/icyphy/ptII/ptolemy/domains/continuous/test/auto/CausalityInterfaceFeedback2.xml
6 ms. Memory: 225280K Free: 167231K (74%)
----------------- Invoking toplevel() on ptolemy.moml.MoMLSimpleApplication@3e9536a6
----------------- Done invoking toplevel() on ptolemy.moml.MoMLSimpleApplication@3e9536a6
reloadAllAccessors: .CausalityInterfaceFeedback2

===========================================================================================
----------------- testing Wed Jan 15 06:41:43 UTC 2020 /home/travis/build/icyphy/ptII/ptolemy/domains/continuous/test/auto/CompareWithCurrentTime.xml
----------------- Instantiating /home/travis/build/icyphy/ptII/ptolemy/domains/continuous/test/auto/CompareWithCurrentTime.xml
4 ms. Memory: 225280K Free: 163149K (72%)
----------------- Invoking toplevel() on ptolemy.moml.MoMLSimpleApplication@41841754
----------------- Done invoking toplevel() on ptolemy.moml.MoMLSimpleApplication@41841754
reloadAllAccessors: .CompareWithCurrentTime

===========================================================================================
----------------- testing Wed Jan 15 06:41:43 UTC 2020 /home/travis/build/icyphy/ptII/ptolemy/domains/continuous/test/auto/ComparedClocks.xml
----------------- Instantiating /home/travis/build/icyphy/ptII/ptolemy/domains/continuous/test/auto/ComparedClocks.xml
8 ms. Memory: 225280K Free: 147775K (66%)
----------------- Invoking toplevel() on ptolemy.moml.MoMLSimpleApplication@28000ee0
----------------- Done invoking toplevel() on ptolemy.moml.MoMLSimpleApplication@28000ee0
reloadAllAccessors: .ComparedClocks

===========================================================================================
----------------- testing Wed Jan 15 06:41:43 UTC 2020 /home/travis/build/icyphy/ptII/ptolemy/domains/continuous/test/auto/ContinuousAOCClone.xml
----------------- Instantiating /home/travis/build/icyphy/ptII/ptolemy/domains/continuous/test/auto/ContinuousAOCClone.xml
2317 ms. Memory: 225280K Free: 158516K (70%)
----------------- Invoking toplevel() on ptolemy.moml.MoMLSimpleApplication@3fae4966
----------------- Done invoking toplevel() on ptolemy.moml.MoMLSimpleApplication@3fae4966
reloadAllAccessors: .ContinuousAOCClone

===========================================================================================
----------------- testing Wed Jan 15 06:41:46 UTC 2020 /home/travis/build/icyphy/ptII/ptolemy/domains/continuous/test/auto/ContinuousClock.xml
----------------- Instantiating /home/travis/build/icyphy/ptII/ptolemy/domains/continuous/test/auto/ContinuousClock.xml
27 ms. Memory: 225280K Free: 137012K (61%)
----------------- Invoking toplevel() on ptolemy.moml.MoMLSimpleApplication@64cf8d7e
----------------- Done invoking toplevel() on ptolemy.moml.MoMLSimpleApplication@64cf8d7e
reloadAllAccessors: .ContinuousClock

===========================================================================================
----------------- testing Wed Jan 15 06:41:46 UTC 2020 /home/travis/build/icyphy/ptII/ptolemy/domains/continuous/test/auto/ContinuousInContinuous.xml
----------------- Instantiating /home/travis/build/icyphy/ptII/ptolemy/domains/continuous/test/auto/ContinuousInContinuous.xml
35 ms. Memory: 225280K Free: 113460K (50%)
----------------- Invoking toplevel() on ptolemy.moml.MoMLSimpleApplication@6803a7f4
----------------- Done invoking toplevel() on ptolemy.moml.MoMLSimpleApplication@6803a7f4
reloadAllAccessors: .ContinuousInContinuous

===========================================================================================
----------------- testing Wed Jan 15 06:41:46 UTC 2020 /home/travis/build/icyphy/ptII/ptolemy/domains/continuous/test/auto/ContinuousInContinuousInContinuous.xml
----------------- Instantiating /home/travis/build/icyphy/ptII/ptolemy/domains/continuous/test/auto/ContinuousInContinuousInContinuous.xml
5 ms. Memory: 225280K Free: 105782K (47%)
----------------- Invoking toplevel() on ptolemy.moml.MoMLSimpleApplication@7b61a1f5
----------------- Done invoking toplevel() on ptolemy.moml.MoMLSimpleApplication@7b61a1f5
reloadAllAccessors: .ContinuousInContinuousInContinuous

===========================================================================================
----------------- testing Wed Jan 15 06:41:46 UTC 2020 /home/travis/build/icyphy/ptII/ptolemy/domains/continuous/test/auto/ContinuousInDE.xml
----------------- Instantiating /home/travis/build/icyphy/ptII/ptolemy/domains/continuous/test/auto/ContinuousInDE.xml
84 ms. Memory: 225280K Free: 95028K (42%)
----------------- Invoking toplevel() on ptolemy.moml.MoMLSimpleApplication@55acafae
----------------- Done invoking toplevel() on ptolemy.moml.MoMLSimpleApplication@55acafae
reloadAllAccessors: .ContinuousInDE

===========================================================================================
----------------- testing Wed Jan 15 06:41:46 UTC 2020 /home/travis/build/icyphy/ptII/ptolemy/domains/continuous/test/auto/ContinuousInDE2.xml
----------------- Instantiating /home/travis/build/icyphy/ptII/ptolemy/domains/continuous/test/auto/ContinuousInDE2.xml
38 ms. Memory: 225280K Free: 85812K (38%)
----------------- Invoking toplevel() on ptolemy.moml.MoMLSimpleApplication@1b034a71
----------------- Done invoking toplevel() on ptolemy.moml.MoMLSimpleApplication@1b034a71
reloadAllAccessors: .ContinuousInDE2

===========================================================================================
----------------- testing Wed Jan 15 06:41:46 UTC 2020 /home/travis/build/icyphy/ptII/ptolemy/domains/continuous/test/auto/ContinuousInDE3.xml
----------------- Instantiating /home/travis/build/icyphy/ptII/ptolemy/domains/continuous/test/auto/ContinuousInDE3.xml
37 ms. Memory: 225280K Free: 76086K (34%)
----------------- Invoking toplevel() on ptolemy.moml.MoMLSimpleApplication@53117572
----------------- Done invoking toplevel() on ptolemy.moml.MoMLSimpleApplication@53117572
reloadAllAccessors: .ContinuousInDE3

===========================================================================================
----------------- testing Wed Jan 15 06:41:46 UTC 2020 /home/travis/build/icyphy/ptII/ptolemy/domains/continuous/test/auto/ContinuousInDE4.xml
----------------- Instantiating /home/travis/build/icyphy/ptII/ptolemy/domains/continuous/test/auto/ContinuousInDE4.xml
13 ms. Memory: 270336K Free: 249043K (92%)
----------------- Invoking toplevel() on ptolemy.moml.MoMLSimpleApplication@1b204af9
----------------- Done invoking toplevel() on ptolemy.moml.MoMLSimpleApplication@1b204af9
reloadAllAccessors: .ContinuousInDE4

===========================================================================================
----------------- testing Wed Jan 15 06:41:46 UTC 2020 /home/travis/build/icyphy/ptII/ptolemy/domains/continuous/test/auto/ContinuousInDEDifferentRefinements.xml
----------------- Instantiating /home/travis/build/icyphy/ptII/ptolemy/domains/continuous/test/auto/ContinuousInDEDifferentRefinements.xml
56 ms. Memory: 270336K Free: 217795K (81%)
----------------- Invoking toplevel() on ptolemy.moml.MoMLSimpleApplication@d53a709
----------------- Done invoking toplevel() on ptolemy.moml.MoMLSimpleApplication@d53a709
reloadAllAccessors: .ContinuousInDEDifferentRefinements

===========================================================================================
----------------- testing Wed Jan 15 06:41:46 UTC 2020 /home/travis/build/icyphy/ptII/ptolemy/domains/continuous/test/auto/ContinuousInDEDifferentRefinementsPreemptive.xml
----------------- Instantiating /home/travis/build/icyphy/ptII/ptolemy/domains/continuous/test/auto/ContinuousInDEDifferentRefinementsPreemptive.xml
42 ms. Memory: 270336K Free: 187089K (69%)
----------------- Invoking toplevel() on ptolemy.moml.MoMLSimpleApplication@77899f7
----------------- Done invoking toplevel() on ptolemy.moml.MoMLSimpleApplication@77899f7
reloadAllAccessors: .ContinuousInDEDifferentRefinementsPreemptive

===========================================================================================
----------------- testing Wed Jan 15 06:41:47 UTC 2020 /home/travis/build/icyphy/ptII/ptolemy/domains/continuous/test/auto/ContinuousInDEInContinuous2.xml
----------------- Instantiating /home/travis/build/icyphy/ptII/ptolemy/domains/continuous/test/auto/ContinuousInDEInContinuous2.xml
38 ms. Memory: 270336K Free: 175825K (65%)
----------------- Invoking toplevel() on ptolemy.moml.MoMLSimpleApplication@2a4834c
----------------- Done invoking toplevel() on ptolemy.moml.MoMLSimpleApplication@2a4834c
reloadAllAccessors: .ContinuousInDEInContinuous2

===========================================================================================
----------------- testing Wed Jan 15 06:41:47 UTC 2020 /home/travis/build/icyphy/ptII/ptolemy/domains/continuous/test/auto/ContinuousInDEInContinuous3.xml
----------------- Instantiating /home/travis/build/icyphy/ptII/ptolemy/domains/continuous/test/auto/ContinuousInDEInContinuous3.xml
36 ms. Memory: 270336K Free: 163537K (60%)
----------------- Invoking toplevel() on ptolemy.moml.MoMLSimpleApplication@5f8ebd9b
----------------- Done invoking toplevel() on ptolemy.moml.MoMLSimpleApplication@5f8ebd9b
reloadAllAccessors: .ContinuousInDEInContinuous3

===========================================================================================
----------------- testing Wed Jan 15 06:41:47 UTC 2020 /home/travis/build/icyphy/ptII/ptolemy/domains/continuous/test/auto/ContinuousInDEInput.xml
----------------- Instantiating /home/travis/build/icyphy/ptII/ptolemy/domains/continuous/test/auto/ContinuousInDEInput.xml
16 ms. Memory: 270336K Free: 156369K (58%)
----------------- Invoking toplevel() on ptolemy.moml.MoMLSimpleApplication@4ca47b1b
----------------- Done invoking toplevel() on ptolemy.moml.MoMLSimpleApplication@4ca47b1b
reloadAllAccessors: .ContinuousInDEInput

===========================================================================================
----------------- testing Wed Jan 15 06:41:47 UTC 2020 /home/travis/build/icyphy/ptII/ptolemy/domains/continuous/test/auto/ContinuousInDEInput2.xml
----------------- Instantiating /home/travis/build/icyphy/ptII/ptolemy/domains/continuous/test/auto/ContinuousInDEInput2.xml
11 ms. Memory: 270336K Free: 149201K (55%)
----------------- Invoking toplevel() on ptolemy.moml.MoMLSimpleApplication@46f3cc76
----------------- Done invoking toplevel() on ptolemy.moml.MoMLSimpleApplication@46f3cc76
reloadAllAccessors: .ContinuousInDEInput2

===========================================================================================
----------------- testing Wed Jan 15 06:41:47 UTC 2020 /home/travis/build/icyphy/ptII/ptolemy/domains/continuous/test/auto/ContinuousInDEInput3.xml
----------------- Instantiating /home/travis/build/icyphy/ptII/ptolemy/domains/continuous/test/auto/ContinuousInDEInput3.xml
13 ms. Memory: 270336K Free: 142033K (53%)
----------------- Invoking toplevel() on ptolemy.moml.MoMLSimpleApplication@187a89b0
----------------- Done invoking toplevel() on ptolemy.moml.MoMLSimpleApplication@187a89b0
reloadAllAccessors: .ContinuousInDEInput3

===========================================================================================
----------------- testing Wed Jan 15 06:41:47 UTC 2020 /home/travis/build/icyphy/ptII/ptolemy/domains/continuous/test/auto/ContinuousInDESharingRefinement.xml
----------------- Instantiating /home/travis/build/icyphy/ptII/ptolemy/domains/continuous/test/auto/ContinuousInDESharingRefinement.xml
144 ms. Memory: 270336K Free: 208398K (77%)
----------------- Invoking toplevel() on ptolemy.moml.MoMLSimpleApplication@562c9806
----------------- Done invoking toplevel() on ptolemy.moml.MoMLSimpleApplication@562c9806
reloadAllAccessors: .ContinuousInDESharingRefinement

===========================================================================================
----------------- testing Wed Jan 15 06:41:47 UTC 2020 /home/travis/build/icyphy/ptII/ptolemy/domains/continuous/test/auto/ContinuousInDEwithNoPorts.xml
----------------- Instantiating /home/travis/build/icyphy/ptII/ptolemy/domains/continuous/test/auto/ContinuousInDEwithNoPorts.xml
5 ms. Memory: 270336K Free: 203774K (75%)
----------------- Invoking toplevel() on ptolemy.moml.MoMLSimpleApplication@757946a8
----------------- Done invoking toplevel() on ptolemy.moml.MoMLSimpleApplication@757946a8
reloadAllAccessors: .ContinuousInDEwithNoPorts

===========================================================================================
----------------- testing Wed Jan 15 06:41:47 UTC 2020 /home/travis/build/icyphy/ptII/ptolemy/domains/continuous/test/auto/ContinuousInsideDE.xml
----------------- Instantiating /home/travis/build/icyphy/ptII/ptolemy/domains/continuous/test/auto/ContinuousInsideDE.xml
36 ms. Memory: 270336K Free: 192524K (71%)
----------------- Invoking toplevel() on ptolemy.moml.MoMLSimpleApplication@b2564f7
----------------- Done invoking toplevel() on ptolemy.moml.MoMLSimpleApplication@b2564f7
reloadAllAccessors: .ContinuousInsideDE

===========================================================================================
----------------- testing Wed Jan 15 06:41:47 UTC 2020 /home/travis/build/icyphy/ptII/ptolemy/domains/continuous/test/auto/ContinuousMerge1.xml
----------------- Instantiating /home/travis/build/icyphy/ptII/ptolemy/domains/continuous/test/auto/ContinuousMerge1.xml
3 ms. Memory: 270336K Free: 187918K (70%)
----------------- Invoking toplevel() on ptolemy.moml.MoMLSimpleApplication@e87dbf
----------------- Done invoking toplevel() on ptolemy.moml.MoMLSimpleApplication@e87dbf
reloadAllAccessors: .ContinuousMerge1

===========================================================================================
----------------- testing Wed Jan 15 06:41:47 UTC 2020 /home/travis/build/icyphy/ptII/ptolemy/domains/continuous/test/auto/ContinuousMerge2.xml
----------------- Instantiating /home/travis/build/icyphy/ptII/ptolemy/domains/continuous/test/auto/ContinuousMerge2.xml
13 ms. Memory: 270336K Free: 177164K (66%)
----------------- Invoking toplevel() on ptolemy.moml.MoMLSimpleApplication@3999e21a
----------------- Done invoking toplevel() on ptolemy.moml.MoMLSimpleApplication@3999e21a
reloadAllAccessors: .ContinuousMerge2

===========================================================================================
----------------- testing Wed Jan 15 06:41:47 UTC 2020 /home/travis/build/icyphy/ptII/ptolemy/domains/continuous/test/auto/ContinuousMerge3.xml
----------------- Instantiating /home/travis/build/icyphy/ptII/ptolemy/domains/continuous/test/auto/ContinuousMerge3.xml
41 ms. Memory: 270336K Free: 166414K (62%)
----------------- Invoking toplevel() on ptolemy.moml.MoMLSimpleApplication@1e5d8f14
----------------- Done invoking toplevel() on ptolemy.moml.MoMLSimpleApplication@1e5d8f14
reloadAllAccessors: .ContinuousMerge3

===========================================================================================
----------------- testing Wed Jan 15 06:41:47 UTC 2020 /home/travis/build/icyphy/ptII/ptolemy/domains/continuous/test/auto/ContinuousWithinContinuous.xml
----------------- Instantiating /home/travis/build/icyphy/ptII/ptolemy/domains/continuous/test/auto/ContinuousWithinContinuous.xml
31 ms. Memory: 270336K Free: 157198K (58%)
----------------- Invoking toplevel() on ptolemy.moml.MoMLSimpleApplication@2a335fa1
----------------- Done invoking toplevel() on ptolemy.moml.MoMLSimpleApplication@2a335fa1
reloadAllAccessors: .ContinuousWithinContinuous

===========================================================================================
----------------- testing Wed Jan 15 06:41:47 UTC 2020 /home/travis/build/icyphy/ptII/ptolemy/domains/continuous/test/auto/ContinuousWithinContinuous2.xml
----------------- Instantiating /home/travis/build/icyphy/ptII/ptolemy/domains/continuous/test/auto/ContinuousWithinContinuous2.xml
63 ms. Memory: 270336K Free: 145934K (54%)
----------------- Invoking toplevel() on ptolemy.moml.MoMLSimpleApplication@49012de3
----------------- Done invoking toplevel() on ptolemy.moml.MoMLSimpleApplication@49012de3
reloadAllAccessors: .ContinuousWithinContinuous2

===========================================================================================
----------------- testing Wed Jan 15 06:41:47 UTC 2020 /home/travis/build/icyphy/ptII/ptolemy/domains/continuous/test/auto/ContinuousWithinContinuous3.xml
----------------- Instantiating /home/travis/build/icyphy/ptII/ptolemy/domains/continuous/test/auto/ContinuousWithinContinuous3.xml
11 ms. Memory: 270336K Free: 139276K (52%)
----------------- Invoking toplevel() on ptolemy.moml.MoMLSimpleApplication@6447255e
----------------- Done invoking toplevel() on ptolemy.moml.MoMLSimpleApplication@6447255e
reloadAllAccessors: .ContinuousWithinContinuous3

===========================================================================================
----------------- testing Wed Jan 15 06:41:47 UTC 2020 /home/travis/build/icyphy/ptII/ptolemy/domains/continuous/test/auto/ContinuousWithinContinuous4.xml
----------------- Instantiating /home/travis/build/icyphy/ptII/ptolemy/domains/continuous/test/auto/ContinuousWithinContinuous4.xml
62 ms. Memory: 270336K Free: 126988K (47%)
----------------- Invoking toplevel() on ptolemy.moml.MoMLSimpleApplication@2d0ee6d8
----------------- Done invoking toplevel() on ptolemy.moml.MoMLSimpleApplication@2d0ee6d8
reloadAllAccessors: .ContinuousWithinContinuous4

===========================================================================================
----------------- testing Wed Jan 15 06:41:47 UTC 2020 /home/travis/build/icyphy/ptII/ptolemy/domains/continuous/test/auto/ContinuousWithinContinuous5.xml
----------------- Instantiating /home/travis/build/icyphy/ptII/ptolemy/domains/continuous/test/auto/ContinuousWithinContinuous5.xml
12 ms. Memory: 270336K Free: 119820K (44%)
----------------- Invoking toplevel() on ptolemy.moml.MoMLSimpleApplication@75de4b6f
----------------- Done invoking toplevel() on ptolemy.moml.MoMLSimpleApplication@75de4b6f
reloadAllAccessors: .ContinuousWithinContinuous5

===========================================================================================
----------------- testing Wed Jan 15 06:41:47 UTC 2020 /home/travis/build/icyphy/ptII/ptolemy/domains/continuous/test/auto/ContinuousWithinContinuous6.xml
----------------- Instantiating /home/travis/build/icyphy/ptII/ptolemy/domains/continuous/test/auto/ContinuousWithinContinuous6.xml
12 ms. Memory: 270336K Free: 112652K (42%)
----------------- Invoking toplevel() on ptolemy.moml.MoMLSimpleApplication@25b99adf
----------------- Done invoking toplevel() on ptolemy.moml.MoMLSimpleApplication@25b99adf
reloadAllAccessors: .ContinuousWithinContinuous6

===========================================================================================
----------------- testing Wed Jan 15 06:41:47 UTC 2020 /home/travis/build/icyphy/ptII/ptolemy/domains/continuous/test/auto/ContinuousWithinContinuous7.xml
----------------- Instantiating /home/travis/build/icyphy/ptII/ptolemy/domains/continuous/test/auto/ContinuousWithinContinuous7.xml
51 ms. Memory: 270336K Free: 101388K (38%)
----------------- Invoking toplevel() on ptolemy.moml.MoMLSimpleApplication@3532a965
----------------- Done invoking toplevel() on ptolemy.moml.MoMLSimpleApplication@3532a965
reloadAllAccessors: .ContinuousWithinContinuous7

===========================================================================================
----------------- testing Wed Jan 15 06:41:48 UTC 2020 /home/travis/build/icyphy/ptII/ptolemy/domains/continuous/test/auto/DCMotor.xml
----------------- Instantiating /home/travis/build/icyphy/ptII/ptolemy/domains/continuous/test/auto/DCMotor.xml
12270 ms. Memory: 270336K Free: 242114K (90%)
----------------- Invoking toplevel() on ptolemy.moml.MoMLSimpleApplication@7a918e22
----------------- Done invoking toplevel() on ptolemy.moml.MoMLSimpleApplication@7a918e22
reloadAllAccessors: .DCMotor

===========================================================================================
----------------- testing Wed Jan 15 06:42:00 UTC 2020 /home/travis/build/icyphy/ptII/ptolemy/domains/continuous/test/auto/DEInContinuous.xml
----------------- Instantiating /home/travis/build/icyphy/ptII/ptolemy/domains/continuous/test/auto/DEInContinuous.xml
14 ms. Memory: 270336K Free: 235984K (87%)
----------------- Invoking toplevel() on ptolemy.moml.MoMLSimpleApplication@391f9fe6
----------------- Done invoking toplevel() on ptolemy.moml.MoMLSimpleApplication@391f9fe6
reloadAllAccessors: .DEInContinuous

===========================================================================================
----------------- testing Wed Jan 15 06:42:00 UTC 2020 /home/travis/build/icyphy/ptII/ptolemy/domains/continuous/test/auto/DEinContinuous2.xml
----------------- Instantiating /home/travis/build/icyphy/ptII/ptolemy/domains/continuous/test/auto/DEinContinuous2.xml
6 ms. Memory: 270336K Free: 227778K (84%)
----------------- Invoking toplevel() on ptolemy.moml.MoMLSimpleApplication@1385caf
----------------- Done invoking toplevel() on ptolemy.moml.MoMLSimpleApplication@1385caf
reloadAllAccessors: .DEinContinuous2

===========================================================================================
----------------- testing Wed Jan 15 06:42:00 UTC 2020 /home/travis/build/icyphy/ptII/ptolemy/domains/continuous/test/auto/Derivative.xml
----------------- Instantiating /home/travis/build/icyphy/ptII/ptolemy/domains/continuous/test/auto/Derivative.xml
129 ms. Memory: 270336K Free: 198610K (73%)
----------------- Invoking toplevel() on ptolemy.moml.MoMLSimpleApplication@1214ba3
----------------- Done invoking toplevel() on ptolemy.moml.MoMLSimpleApplication@1214ba3
reloadAllAccessors: .Derivative2

===========================================================================================
----------------- testing Wed Jan 15 06:42:00 UTC 2020 /home/travis/build/icyphy/ptII/ptolemy/domains/continuous/test/auto/Derivative1.xml
----------------- Instantiating /home/travis/build/icyphy/ptII/ptolemy/domains/continuous/test/auto/Derivative1.xml
18 ms. Memory: 270336K Free: 184274K (68%)
----------------- Invoking toplevel() on ptolemy.moml.MoMLSimpleApplication@31bdbfa1
----------------- Done invoking toplevel() on ptolemy.moml.MoMLSimpleApplication@31bdbfa1
reloadAllAccessors: .Derivative1

===========================================================================================
----------------- testing Wed Jan 15 06:42:00 UTC 2020 /home/travis/build/icyphy/ptII/ptolemy/domains/continuous/test/auto/DiscreteClock.xml
----------------- Instantiating /home/travis/build/icyphy/ptII/ptolemy/domains/continuous/test/auto/DiscreteClock.xml
5 ms. Memory: 270336K Free: 179154K (66%)
----------------- Invoking toplevel() on ptolemy.moml.MoMLSimpleApplication@19d0d6f2
----------------- Done invoking toplevel() on ptolemy.moml.MoMLSimpleApplication@19d0d6f2
reloadAllAccessors: .DiscreteClock

===========================================================================================
----------------- testing Wed Jan 15 06:42:00 UTC 2020 /home/travis/build/icyphy/ptII/ptolemy/domains/continuous/test/auto/EfficiencyCurve.xml
----------------- Instantiating /home/travis/build/icyphy/ptII/ptolemy/domains/continuous/test/auto/EfficiencyCurve.xml
43 ms. Memory: 270336K Free: 169938K (63%)
----------------- Invoking toplevel() on ptolemy.moml.MoMLSimpleApplication@3d826e0a
----------------- Done invoking toplevel() on ptolemy.moml.MoMLSimpleApplication@3d826e0a
reloadAllAccessors: .EfficiencyCurve

===========================================================================================
----------------- testing Wed Jan 15 06:42:00 UTC 2020 /home/travis/build/icyphy/ptII/ptolemy/domains/continuous/test/auto/ExponentialResponse.xml
----------------- Instantiating /home/travis/build/icyphy/ptII/ptolemy/domains/continuous/test/auto/ExponentialResponse.xml
101 ms. Memory: 270336K Free: 154064K (57%)
----------------- Invoking toplevel() on ptolemy.moml.MoMLSimpleApplication@2af2bc71
----------------- Done invoking toplevel() on ptolemy.moml.MoMLSimpleApplication@2af2bc71
reloadAllAccessors: .ExponentialResponse

===========================================================================================
----------------- testing Wed Jan 15 06:42:00 UTC 2020 /home/travis/build/icyphy/ptII/ptolemy/domains/continuous/test/auto/ExponentialResponseRK45.xml
----------------- Instantiating /home/travis/build/icyphy/ptII/ptolemy/domains/continuous/test/auto/ExponentialResponseRK45.xml
23 ms. Memory: 270336K Free: 147410K (55%)
----------------- Invoking toplevel() on ptolemy.moml.MoMLSimpleApplication@5fe0dfcb
----------------- Done invoking toplevel() on ptolemy.moml.MoMLSimpleApplication@5fe0dfcb
reloadAllAccessors: .ExponentialResponseRK45

===========================================================================================
----------------- testing Wed Jan 15 06:42:00 UTC 2020 /home/travis/build/icyphy/ptII/ptolemy/domains/continuous/test/auto/Friction.xml
----------------- Instantiating /home/travis/build/icyphy/ptII/ptolemy/domains/continuous/test/auto/Friction.xml
1367 ms. Memory: 270336K Free: 206731K (76%)
----------------- Invoking toplevel() on ptolemy.moml.MoMLSimpleApplication@52a5596f
----------------- Done invoking toplevel() on ptolemy.moml.MoMLSimpleApplication@52a5596f
reloadAllAccessors: .Friction

===========================================================================================
----------------- testing Wed Jan 15 06:42:02 UTC 2020 /home/travis/build/icyphy/ptII/ptolemy/domains/continuous/test/auto/FurutaPendulum.xml
----------------- Instantiating /home/travis/build/icyphy/ptII/ptolemy/domains/continuous/test/auto/FurutaPendulum.xml
2911 ms. Memory: 270336K Free: 193173K (71%)
----------------- Invoking toplevel() on ptolemy.moml.MoMLSimpleApplication@469a215
----------------- Done invoking toplevel() on ptolemy.moml.MoMLSimpleApplication@469a215
reloadAllAccessors: .FurutaPendulum

===========================================================================================
----------------- testing Wed Jan 15 06:42:05 UTC 2020 /home/travis/build/icyphy/ptII/ptolemy/domains/continuous/test/auto/HierarchicalExecution.xml
----------------- Instantiating /home/travis/build/icyphy/ptII/ptolemy/domains/continuous/test/auto/HierarchicalExecution.xml
1429 ms. Memory: 270336K Free: 234603K (87%)
----------------- Invoking toplevel() on ptolemy.moml.MoMLSimpleApplication@6d1e77b9
----------------- Done invoking toplevel() on ptolemy.moml.MoMLSimpleApplication@6d1e77b9
reloadAllAccessors: .HierarchicalExecution

===========================================================================================
----------------- testing Wed Jan 15 06:42:07 UTC 2020 /home/travis/build/icyphy/ptII/ptolemy/domains/continuous/test/auto/HybridPlant.xml
----------------- Instantiating /home/travis/build/icyphy/ptII/ptolemy/domains/continuous/test/auto/HybridPlant.xml
473 ms. Memory: 270336K Free: 132044K (49%)
----------------- Invoking toplevel() on ptolemy.moml.MoMLSimpleApplication@6f5abd85
----------------- Done invoking toplevel() on ptolemy.moml.MoMLSimpleApplication@6f5abd85
reloadAllAccessors: .HybridPlant

===========================================================================================
----------------- testing Wed Jan 15 06:42:07 UTC 2020 /home/travis/build/icyphy/ptII/ptolemy/domains/continuous/test/auto/Hysteresis.xml
----------------- Instantiating /home/travis/build/icyphy/ptII/ptolemy/domains/continuous/test/auto/Hysteresis.xml
133 ms. Memory: 270336K Free: 230594K (85%)
----------------- Invoking toplevel() on ptolemy.moml.MoMLSimpleApplication@3097d866
----------------- Done invoking toplevel() on ptolemy.moml.MoMLSimpleApplication@3097d866
reloadAllAccessors: .Hysteresis

===========================================================================================
----------------- testing Wed Jan 15 06:42:07 UTC 2020 /home/travis/build/icyphy/ptII/ptolemy/domains/continuous/test/auto/HysteresisWithRandomDelay.xml
----------------- Instantiating /home/travis/build/icyphy/ptII/ptolemy/domains/continuous/test/auto/HysteresisWithRandomDelay.xml
174 ms. Memory: 270336K Free: 158880K (59%)
----------------- Invoking toplevel() on ptolemy.moml.MoMLSimpleApplication@4b9a23e1
----------------- Done invoking toplevel() on ptolemy.moml.MoMLSimpleApplication@4b9a23e1
reloadAllAccessors: .HysteresisWithRandomDelay

===========================================================================================
----------------- testing Wed Jan 15 06:42:08 UTC 2020 /home/travis/build/icyphy/ptII/ptolemy/domains/continuous/test/auto/HysteresisWithRandomLosses.xml
----------------- Instantiating /home/travis/build/icyphy/ptII/ptolemy/domains/continuous/test/auto/HysteresisWithRandomLosses.xml
2142 ms. Memory: 270336K Free: 219778K (81%)
----------------- Invoking toplevel() on ptolemy.moml.MoMLSimpleApplication@897a69e
----------------- Done invoking toplevel() on ptolemy.moml.MoMLSimpleApplication@897a69e
reloadAllAccessors: .HysteresisWithRandomLosses

===========================================================================================
----------------- testing Wed Jan 15 06:42:10 UTC 2020 /home/travis/build/icyphy/ptII/ptolemy/domains/continuous/test/auto/ImmediateTransitions.xml
----------------- Instantiating /home/travis/build/icyphy/ptII/ptolemy/domains/continuous/test/auto/ImmediateTransitions.xml
8 ms. Memory: 270336K Free: 209010K (77%)
----------------- Invoking toplevel() on ptolemy.moml.MoMLSimpleApplication@37e78029
----------------- Done invoking toplevel() on ptolemy.moml.MoMLSimpleApplication@37e78029
reloadAllAccessors: .ImmediateTransitions

===========================================================================================
----------------- testing Wed Jan 15 06:42:10 UTC 2020 /home/travis/build/icyphy/ptII/ptolemy/domains/continuous/test/auto/ImpulseFeedback.xml
----------------- Instantiating /home/travis/build/icyphy/ptII/ptolemy/domains/continuous/test/auto/ImpulseFeedback.xml
5 ms. Memory: 270336K Free: 203394K (75%)
----------------- Invoking toplevel() on ptolemy.moml.MoMLSimpleApplication@28a27c
----------------- Done invoking toplevel() on ptolemy.moml.MoMLSimpleApplication@28a27c
reloadAllAccessors: .ImpulseFeedback

===========================================================================================
----------------- testing Wed Jan 15 06:42:10 UTC 2020 /home/travis/build/icyphy/ptII/ptolemy/domains/continuous/test/auto/ImpulseFeedback2.xml
----------------- Instantiating /home/travis/build/icyphy/ptII/ptolemy/domains/continuous/test/auto/ImpulseFeedback2.xml
5 ms. Memory: 270336K Free: 197760K (73%)
----------------- Invoking toplevel() on ptolemy.moml.MoMLSimpleApplication@1664b35c
----------------- Done invoking toplevel() on ptolemy.moml.MoMLSimpleApplication@1664b35c
reloadAllAccessors: .ImpulseFeedback2

===========================================================================================
----------------- testing Wed Jan 15 06:42:10 UTC 2020 /home/travis/build/icyphy/ptII/ptolemy/domains/continuous/test/auto/IncreasingRatePoisson.xml
----------------- Instantiating /home/travis/build/icyphy/ptII/ptolemy/domains/continuous/test/auto/IncreasingRatePoisson.xml
703 ms. Memory: 270336K Free: 196907K (73%)
----------------- Invoking toplevel() on ptolemy.moml.MoMLSimpleApplication@3e3e8765
----------------- Done invoking toplevel() on ptolemy.moml.MoMLSimpleApplication@3e3e8765
reloadAllAccessors: .IncreasingRatePoisson

===========================================================================================
----------------- testing Wed Jan 15 06:42:11 UTC 2020 /home/travis/build/icyphy/ptII/ptolemy/domains/continuous/test/auto/InitialStateFeedback.xml
----------------- Instantiating /home/travis/build/icyphy/ptII/ptolemy/domains/continuous/test/auto/InitialStateFeedback.xml
6 ms. Memory: 270336K Free: 192297K (71%)
----------------- Invoking toplevel() on ptolemy.moml.MoMLSimpleApplication@49e74ff7
----------------- Done invoking toplevel() on ptolemy.moml.MoMLSimpleApplication@49e74ff7
reloadAllAccessors: .InitialStateFeedback

===========================================================================================
----------------- testing Wed Jan 15 06:42:11 UTC 2020 /home/travis/build/icyphy/ptII/ptolemy/domains/continuous/test/auto/Integration.xml
----------------- Instantiating /home/travis/build/icyphy/ptII/ptolemy/domains/continuous/test/auto/Integration.xml
2 ms. Memory: 270336K Free: 188201K (70%)
----------------- Invoking toplevel() on ptolemy.moml.MoMLSimpleApplication@56e37bc9
----------------- Done invoking toplevel() on ptolemy.moml.MoMLSimpleApplication@56e37bc9
reloadAllAccessors: .Integration

===========================================================================================
----------------- testing Wed Jan 15 06:42:11 UTC 2020 /home/travis/build/icyphy/ptII/ptolemy/domains/continuous/test/auto/Integration2.xml
----------------- Instantiating /home/travis/build/icyphy/ptII/ptolemy/domains/continuous/test/auto/Integration2.xml
68 ms. Memory: 270336K Free: 174379K (65%)
----------------- Invoking toplevel() on ptolemy.moml.MoMLSimpleApplication@36f60fa8
----------------- Done invoking toplevel() on ptolemy.moml.MoMLSimpleApplication@36f60fa8
reloadAllAccessors: .Integration2

===========================================================================================
----------------- testing Wed Jan 15 06:42:11 UTC 2020 /home/travis/build/icyphy/ptII/ptolemy/domains/continuous/test/auto/Integration3.xml
----------------- Instantiating /home/travis/build/icyphy/ptII/ptolemy/domains/continuous/test/auto/Integration3.xml
2 ms. Memory: 270336K Free: 169769K (63%)
----------------- Invoking toplevel() on ptolemy.moml.MoMLSimpleApplication@65b498e8
----------------- Done invoking toplevel() on ptolemy.moml.MoMLSimpleApplication@65b498e8
reloadAllAccessors: .Integration3

===========================================================================================
----------------- testing Wed Jan 15 06:42:11 UTC 2020 /home/travis/build/icyphy/ptII/ptolemy/domains/continuous/test/auto/Integration5.xml
----------------- Instantiating /home/travis/build/icyphy/ptII/ptolemy/domains/continuous/test/auto/Integration5.xml
2 ms. Memory: 270336K Free: 165673K (61%)
----------------- Invoking toplevel() on ptolemy.moml.MoMLSimpleApplication@3a70912a
----------------- Done invoking toplevel() on ptolemy.moml.MoMLSimpleApplication@3a70912a
reloadAllAccessors: .Integration5

===========================================================================================
----------------- testing Wed Jan 15 06:42:11 UTC 2020 /home/travis/build/icyphy/ptII/ptolemy/domains/continuous/test/auto/IntegratorImpulse.xml
----------------- Instantiating /home/travis/build/icyphy/ptII/ptolemy/domains/continuous/test/auto/IntegratorImpulse.xml
2 ms. Memory: 270336K Free: 161571K (60%)
----------------- Invoking toplevel() on ptolemy.moml.MoMLSimpleApplication@3db1f644
----------------- Done invoking toplevel() on ptolemy.moml.MoMLSimpleApplication@3db1f644
reloadAllAccessors: .IntegratorImpulse

===========================================================================================
----------------- testing Wed Jan 15 06:42:11 UTC 2020 /home/travis/build/icyphy/ptII/ptolemy/domains/continuous/test/auto/IntegratorImpulse2.xml
----------------- Instantiating /home/travis/build/icyphy/ptII/ptolemy/domains/continuous/test/auto/IntegratorImpulse2.xml
3 ms. Memory: 270336K Free: 156971K (58%)
----------------- Invoking toplevel() on ptolemy.moml.MoMLSimpleApplication@ebcc31d
----------------- Done invoking toplevel() on ptolemy.moml.MoMLSimpleApplication@ebcc31d
reloadAllAccessors: .IntegratorImpulse2

===========================================================================================
----------------- testing Wed Jan 15 06:42:11 UTC 2020 /home/travis/build/icyphy/ptII/ptolemy/domains/continuous/test/auto/LevelCrossing1.xml
----------------- Instantiating /home/travis/build/icyphy/ptII/ptolemy/domains/continuous/test/auto/LevelCrossing1.xml
3 ms. Memory: 270336K Free: 151851K (56%)
----------------- Invoking toplevel() on ptolemy.moml.MoMLSimpleApplication@5082b60c
----------------- Done invoking toplevel() on ptolemy.moml.MoMLSimpleApplication@5082b60c
reloadAllAccessors: .LevelCrossing1

===========================================================================================
----------------- testing Wed Jan 15 06:42:11 UTC 2020 /home/travis/build/icyphy/ptII/ptolemy/domains/continuous/test/auto/LevelCrossing2.xml
----------------- Instantiating /home/travis/build/icyphy/ptII/ptolemy/domains/continuous/test/auto/LevelCrossing2.xml
3 ms. Memory: 270336K Free: 146731K (54%)
----------------- Invoking toplevel() on ptolemy.moml.MoMLSimpleApplication@19b19772
----------------- Done invoking toplevel() on ptolemy.moml.MoMLSimpleApplication@19b19772
reloadAllAccessors: .LevelCrossing2

===========================================================================================
----------------- testing Wed Jan 15 06:42:11 UTC 2020 /home/travis/build/icyphy/ptII/ptolemy/domains/continuous/test/auto/LevelCrossing3.xml
----------------- Instantiating /home/travis/build/icyphy/ptII/ptolemy/domains/continuous/test/auto/LevelCrossing3.xml
2 ms. Memory: 270336K Free: 141611K (52%)
----------------- Invoking toplevel() on ptolemy.moml.MoMLSimpleApplication@6a7e6817
----------------- Done invoking toplevel() on ptolemy.moml.MoMLSimpleApplication@6a7e6817
reloadAllAccessors: .LevelCrossing3

===========================================================================================
----------------- testing Wed Jan 15 06:42:11 UTC 2020 /home/travis/build/icyphy/ptII/ptolemy/domains/continuous/test/auto/LevelCrossing4.xml
----------------- Instantiating /home/travis/build/icyphy/ptII/ptolemy/domains/continuous/test/auto/LevelCrossing4.xml
3 ms. Memory: 270336K Free: 136491K (50%)
----------------- Invoking toplevel() on ptolemy.moml.MoMLSimpleApplication@1d2b016c
----------------- Done invoking toplevel() on ptolemy.moml.MoMLSimpleApplication@1d2b016c
reloadAllAccessors: .LevelCrossing4

===========================================================================================
----------------- testing Wed Jan 15 06:42:11 UTC 2020 /home/travis/build/icyphy/ptII/ptolemy/domains/continuous/test/auto/LevelCrossing5.xml
----------------- Instantiating /home/travis/build/icyphy/ptII/ptolemy/domains/continuous/test/auto/LevelCrossing5.xml
3 ms. Memory: 270336K Free: 131371K (49%)
----------------- Invoking toplevel() on ptolemy.moml.MoMLSimpleApplication@6de4c8d5
----------------- Done invoking toplevel() on ptolemy.moml.MoMLSimpleApplication@6de4c8d5
reloadAllAccessors: .LevelCrossing5

===========================================================================================
[...]
reloadAllAccessors: .ResetTransitionWithStartTime6

===========================================================================================
----------------- testing Wed Jan 15 06:42:26 UTC 2020 /home/travis/build/icyphy/ptII/ptolemy/domains/continuous/test/auto/SRinContinuous.xml
----------------- Instantiating /home/travis/build/icyphy/ptII/ptolemy/domains/continuous/test/auto/SRinContinuous.xml
4 ms. Memory: 270336K Free: 96235K (36%)
----------------- Invoking toplevel() on ptolemy.moml.MoMLSimpleApplication@5f6f424d
----------------- Done invoking toplevel() on ptolemy.moml.MoMLSimpleApplication@5f6f424d
reloadAllAccessors: .SRinContinuous

===========================================================================================
----------------- testing Wed Jan 15 06:42:26 UTC 2020 /home/travis/build/icyphy/ptII/ptolemy/domains/continuous/test/auto/SampledClocks.xml
----------------- Instantiating /home/travis/build/icyphy/ptII/ptolemy/domains/continuous/test/auto/SampledClocks.xml
6 ms. Memory: 270336K Free: 244937K (91%)
----------------- Invoking toplevel() on ptolemy.moml.MoMLSimpleApplication@459aada6
----------------- Done invoking toplevel() on ptolemy.moml.MoMLSimpleApplication@459aada6
reloadAllAccessors: .SampledClocks

===========================================================================================
----------------- testing Wed Jan 15 06:42:26 UTC 2020 /home/travis/build/icyphy/ptII/ptolemy/domains/continuous/test/auto/Satellite.xml
----------------- Instantiating /home/travis/build/icyphy/ptII/ptolemy/domains/continuous/test/auto/Satellite.xml
646 ms. Memory: 270336K Free: 213665K (79%)
----------------- Invoking toplevel() on ptolemy.moml.MoMLSimpleApplication@14adbde3
----------------- Done invoking toplevel() on ptolemy.moml.MoMLSimpleApplication@14adbde3
reloadAllAccessors: .Satellite

===========================================================================================
----------------- testing Wed Jan 15 06:42:26 UTC 2020 /home/travis/build/icyphy/ptII/ptolemy/domains/continuous/test/auto/SigmaDelta.xml
----------------- Instantiating /home/travis/build/icyphy/ptII/ptolemy/domains/continuous/test/auto/SigmaDelta.xml
1772 ms. Memory: 270336K Free: 112385K (42%)
----------------- Invoking toplevel() on ptolemy.moml.MoMLSimpleApplication@7452ac51
----------------- Done invoking toplevel() on ptolemy.moml.MoMLSimpleApplication@7452ac51
reloadAllAccessors: .SigmaDelta

===========================================================================================
----------------- testing Wed Jan 15 06:42:28 UTC 2020 /home/travis/build/icyphy/ptII/ptolemy/domains/continuous/test/auto/SingleRefinement.xml
----------------- Instantiating /home/travis/build/icyphy/ptII/ptolemy/domains/continuous/test/auto/SingleRefinement.xml
292 ms. Memory: 270336K Free: 248658K (92%)
----------------- Invoking toplevel() on ptolemy.moml.MoMLSimpleApplication@2fee942b
----------------- Done invoking toplevel() on ptolemy.moml.MoMLSimpleApplication@2fee942b
reloadAllAccessors: .SingleRefinement

===========================================================================================
----------------- testing Wed Jan 15 06:42:29 UTC 2020 /home/travis/build/icyphy/ptII/ptolemy/domains/continuous/test/auto/SinuBouncingBall.xml
----------------- Instantiating /home/travis/build/icyphy/ptII/ptolemy/domains/continuous/test/auto/SinuBouncingBall.xml
775 ms. Memory: 270336K Free: 195754K (72%)
----------------- Invoking toplevel() on ptolemy.moml.MoMLSimpleApplication@1f580046
----------------- Done invoking toplevel() on ptolemy.moml.MoMLSimpleApplication@1f580046
reloadAllAccessors: .SinuBouncingBall

===========================================================================================
----------------- testing Wed Jan 15 06:42:29 UTC 2020 /home/travis/build/icyphy/ptII/ptolemy/domains/continuous/test/auto/Sinusoid.xml
----------------- Instantiating /home/travis/build/icyphy/ptII/ptolemy/domains/continuous/test/auto/Sinusoid.xml
7 ms. Memory: 270336K Free: 191148K (71%)
----------------- Invoking toplevel() on ptolemy.moml.MoMLSimpleApplication@274b1e6c
----------------- Done invoking toplevel() on ptolemy.moml.MoMLSimpleApplication@274b1e6c
reloadAllAccessors: .Sinusoid

===========================================================================================
----------------- testing Wed Jan 15 06:42:29 UTC 2020 /home/travis/build/icyphy/ptII/ptolemy/domains/continuous/test/auto/SinusoidInNoise.xml
----------------- Instantiating /home/travis/build/icyphy/ptII/ptolemy/domains/continuous/test/auto/SinusoidInNoise.xml
797 ms. Memory: 270336K Free: 216906K (80%)
----------------- Invoking toplevel() on ptolemy.moml.MoMLSimpleApplication@3552a7a6
----------------- Done invoking toplevel() on ptolemy.moml.MoMLSimpleApplication@3552a7a6
reloadAllAccessors: .SinusoidInNoise

===========================================================================================
----------------- testing Wed Jan 15 06:42:30 UTC 2020 /home/travis/build/icyphy/ptII/ptolemy/domains/continuous/test/auto/SinusoidRK45.xml
----------------- Instantiating /home/travis/build/icyphy/ptII/ptolemy/domains/continuous/test/auto/SinusoidRK45.xml
2 ms. Memory: 270336K Free: 212300K (79%)
----------------- Invoking toplevel() on ptolemy.moml.MoMLSimpleApplication@2b832257
----------------- Done invoking toplevel() on ptolemy.moml.MoMLSimpleApplication@2b832257
reloadAllAccessors: .SinusoidRK45

===========================================================================================
----------------- testing Wed Jan 15 06:42:30 UTC 2020 /home/travis/build/icyphy/ptII/ptolemy/domains/continuous/test/auto/SinusoidWithMultipleImpulses.xml
----------------- Instantiating /home/travis/build/icyphy/ptII/ptolemy/domains/continuous/test/auto/SinusoidWithMultipleImpulses.xml
2 ms. Memory: 270336K Free: 207690K (77%)
----------------- Invoking toplevel() on ptolemy.moml.MoMLSimpleApplication@82bb0a5
----------------- Done invoking toplevel() on ptolemy.moml.MoMLSimpleApplication@82bb0a5
reloadAllAccessors: .SinusoidWithMultipleImpulses

===========================================================================================
----------------- testing Wed Jan 15 06:42:30 UTC 2020 /home/travis/build/icyphy/ptII/ptolemy/domains/continuous/test/auto/SquareWave.xml
----------------- Instantiating /home/travis/build/icyphy/ptII/ptolemy/domains/continuous/test/auto/SquareWave.xml
145 ms. Memory: 270336K Free: 180042K (67%)
----------------- Invoking toplevel() on ptolemy.moml.MoMLSimpleApplication@9dc2977
----------------- Done invoking toplevel() on ptolemy.moml.MoMLSimpleApplication@9dc2977
reloadAllAccessors: .SquareWave

===========================================================================================
----------------- testing Wed Jan 15 06:42:30 UTC 2020 /home/travis/build/icyphy/ptII/ptolemy/domains/continuous/test/auto/Starmac.xml
----------------- Instantiating /home/travis/build/icyphy/ptII/ptolemy/domains/continuous/test/auto/Starmac.xml
3063 ms. Memory: 270336K Free: 189734K (70%)
----------------- Invoking toplevel() on ptolemy.moml.MoMLSimpleApplication@7a946e21
----------------- Done invoking toplevel() on ptolemy.moml.MoMLSimpleApplication@7a946e21
reloadAllAccessors: .Starmac

===========================================================================================
----------------- testing Wed Jan 15 06:42:34 UTC 2020 /home/travis/build/icyphy/ptII/ptolemy/domains/continuous/test/auto/StaticUnits.xml
----------------- Instantiating /home/travis/build/icyphy/ptII/ptolemy/domains/continuous/test/auto/StaticUnits.xml
1623 ms. Memory: 270336K Free: 209058K (77%)
----------------- Invoking toplevel() on ptolemy.moml.MoMLSimpleApplication@503d3734
----------------- Done invoking toplevel() on ptolemy.moml.MoMLSimpleApplication@503d3734
reloadAllAccessors: .StaticUnits

===========================================================================================
----------------- testing Wed Jan 15 06:42:36 UTC 2020 /home/travis/build/icyphy/ptII/ptolemy/domains/continuous/test/auto/StickyMasses.xml
----------------- Instantiating /home/travis/build/icyphy/ptII/ptolemy/domains/continuous/test/auto/StickyMasses.xml
130 ms. Memory: 270336K Free: 159906K (59%)
----------------- Invoking toplevel() on ptolemy.moml.MoMLSimpleApplication@1acba572
----------------- Done invoking toplevel() on ptolemy.moml.MoMLSimpleApplication@1acba572
reloadAllAccessors: .StickyMasses

===========================================================================================
----------------- testing Wed Jan 15 06:42:36 UTC 2020 /home/travis/build/icyphy/ptII/ptolemy/domains/continuous/test/auto/StopTime.xml
----------------- Instantiating /home/travis/build/icyphy/ptII/ptolemy/domains/continuous/test/auto/StopTime.xml
40 ms. Memory: 270336K Free: 134820K (50%)
----------------- Invoking toplevel() on ptolemy.moml.MoMLSimpleApplication@54e72b9c
----------------- Done invoking toplevel() on ptolemy.moml.MoMLSimpleApplication@54e72b9c
reloadAllAccessors: .StopTime

===========================================================================================
----------------- testing Wed Jan 15 06:42:36 UTC 2020 /home/travis/build/icyphy/ptII/ptolemy/domains/continuous/test/auto/StopTime2.xml
----------------- Instantiating /home/travis/build/icyphy/ptII/ptolemy/domains/continuous/test/auto/StopTime2.xml
34 ms. Memory: 270336K Free: 112788K (42%)
----------------- Invoking toplevel() on ptolemy.moml.MoMLSimpleApplication@37ab7a5a
----------------- Done invoking toplevel() on ptolemy.moml.MoMLSimpleApplication@37ab7a5a
reloadAllAccessors: .StopTime2

===========================================================================================
----------------- testing Wed Jan 15 06:42:36 UTC 2020 /home/travis/build/icyphy/ptII/ptolemy/domains/continuous/test/auto/Switch.xml
----------------- Instantiating /home/travis/build/icyphy/ptII/ptolemy/domains/continuous/test/auto/Switch.xml
45 ms. Memory: 270336K Free: 245011K (91%)
----------------- Invoking toplevel() on ptolemy.moml.MoMLSimpleApplication@e625ffc
----------------- Done invoking toplevel() on ptolemy.moml.MoMLSimpleApplication@e625ffc
reloadAllAccessors: .Switch

===========================================================================================
----------------- testing Wed Jan 15 06:42:36 UTC 2020 /home/travis/build/icyphy/ptII/ptolemy/domains/continuous/test/auto/Thermostat.xml
----------------- Instantiating /home/travis/build/icyphy/ptII/ptolemy/domains/continuous/test/auto/Thermostat.xml
167 ms. Memory: 270336K Free: 172704K (64%)
----------------- Invoking toplevel() on ptolemy.moml.MoMLSimpleApplication@720c9bcf
----------------- Done invoking toplevel() on ptolemy.moml.MoMLSimpleApplication@720c9bcf
reloadAllAccessors: .Thermostat

===========================================================================================
----------------- testing Wed Jan 15 06:42:37 UTC 2020 /home/travis/build/icyphy/ptII/ptolemy/domains/continuous/test/auto/TimeDelay.xml
----------------- Instantiating /home/travis/build/icyphy/ptII/ptolemy/domains/continuous/test/auto/TimeDelay.xml
4 ms. Memory: 270336K Free: 168087K (62%)
----------------- Invoking toplevel() on ptolemy.moml.MoMLSimpleApplication@38fc4a0d
----------------- Done invoking toplevel() on ptolemy.moml.MoMLSimpleApplication@38fc4a0d
reloadAllAccessors: .TimeDelay

===========================================================================================
----------------- testing Wed Jan 15 06:42:37 UTC 2020 /home/travis/build/icyphy/ptII/ptolemy/domains/continuous/test/auto/TimeDelay2.xml
----------------- Instantiating /home/travis/build/icyphy/ptII/ptolemy/domains/continuous/test/auto/TimeDelay2.xml
9 ms. Memory: 270336K Free: 157854K (58%)
----------------- Invoking toplevel() on ptolemy.moml.MoMLSimpleApplication@20f06dd
----------------- Done invoking toplevel() on ptolemy.moml.MoMLSimpleApplication@20f06dd
reloadAllAccessors: .TimeDelay2

===========================================================================================
----------------- testing Wed Jan 15 06:42:37 UTC 2020 /home/travis/build/icyphy/ptII/ptolemy/domains/continuous/test/auto/TimeDelay3.xml
----------------- Instantiating /home/travis/build/icyphy/ptII/ptolemy/domains/continuous/test/auto/TimeDelay3.xml
4 ms. Memory: 270336K Free: 153246K (57%)
----------------- Invoking toplevel() on ptolemy.moml.MoMLSimpleApplication@74d123b2
----------------- Done invoking toplevel() on ptolemy.moml.MoMLSimpleApplication@74d123b2
reloadAllAccessors: .TimeDelay3

===========================================================================================
----------------- testing Wed Jan 15 06:42:37 UTC 2020 /home/travis/build/icyphy/ptII/ptolemy/domains/continuous/test/auto/TransferAbsentToInside.xml
----------------- Instantiating /home/travis/build/icyphy/ptII/ptolemy/domains/continuous/test/auto/TransferAbsentToInside.xml
28 ms. Memory: 270336K Free: 101024K (37%)
----------------- Invoking toplevel() on ptolemy.moml.MoMLSimpleApplication@49faf0e8
----------------- Done invoking toplevel() on ptolemy.moml.MoMLSimpleApplication@49faf0e8
reloadAllAccessors: .TransferAbsentToInside

===========================================================================================
----------------- testing Wed Jan 15 06:42:37 UTC 2020 /home/travis/build/icyphy/ptII/ptolemy/domains/continuous/test/auto/Transmission.xml
----------------- Instantiating /home/travis/build/icyphy/ptII/ptolemy/domains/continuous/test/auto/Transmission.xml
765 ms. Memory: 270336K Free: 183937K (68%)
----------------- Invoking toplevel() on ptolemy.moml.MoMLSimpleApplication@610b7d00
----------------- Done invoking toplevel() on ptolemy.moml.MoMLSimpleApplication@610b7d00
reloadAllAccessors: .Transmission

===========================================================================================
----------------- testing Wed Jan 15 06:42:37 UTC 2020 /home/travis/build/icyphy/ptII/ptolemy/domains/continuous/test/auto/TriggeredContinuousClock.xml
----------------- Instantiating /home/travis/build/icyphy/ptII/ptolemy/domains/continuous/test/auto/TriggeredContinuousClock.xml
43 ms. Memory: 270336K Free: 154225K (57%)
----------------- Invoking toplevel() on ptolemy.moml.MoMLSimpleApplication@3f96333a
----------------- Done invoking toplevel() on ptolemy.moml.MoMLSimpleApplication@3f96333a
reloadAllAccessors: .TriggeredContinuousClock

===========================================================================================
----------------- testing Wed Jan 15 06:42:38 UTC 2020 /home/travis/build/icyphy/ptII/ptolemy/domains/continuous/test/auto/TwoMachineInfiniteBusControl.xml
----------------- Instantiating /home/travis/build/icyphy/ptII/ptolemy/domains/continuous/test/auto/TwoMachineInfiniteBusControl.xml
2144 ms. Memory: 324608K Free: 142948K (44%)
----------------- Invoking toplevel() on ptolemy.moml.MoMLSimpleApplication@228bd5c4
----------------- Done invoking toplevel() on ptolemy.moml.MoMLSimpleApplication@228bd5c4
reloadAllAccessors: .TwoMachineInfiniteBusControl

===========================================================================================
----------------- testing Wed Jan 15 06:42:40 UTC 2020 /home/travis/build/icyphy/ptII/ptolemy/domains/continuous/test/auto/V2V.xml
----------------- Instantiating /home/travis/build/icyphy/ptII/ptolemy/domains/continuous/test/auto/V2V.xml
778 ms. Memory: 324608K Free: 143809K (44%)
----------------- Invoking toplevel() on ptolemy.moml.MoMLSimpleApplication@236ec40e
----------------- Done invoking toplevel() on ptolemy.moml.MoMLSimpleApplication@236ec40e
reloadAllAccessors: .V2V

===========================================================================================
----------------- testing Wed Jan 15 06:42:41 UTC 2020 /home/travis/build/icyphy/ptII/ptolemy/domains/continuous/test/auto/hierarchicalModalModel.xml
----------------- Instantiating /home/travis/build/icyphy/ptII/ptolemy/domains/continuous/test/auto/hierarchicalModalModel.xml
7 ms. Memory: 324608K Free: 129459K (40%)
----------------- Invoking toplevel() on ptolemy.moml.MoMLSimpleApplication@53c73a5c
----------------- Done invoking toplevel() on ptolemy.moml.MoMLSimpleApplication@53c73a5c
reloadAllAccessors: .hierarchicalModalModel

===========================================================================================
----------------- testing Wed Jan 15 06:42:41 UTC 2020 /home/travis/build/icyphy/ptII/ptolemy/domains/continuous/test/auto/hierarchicalModalModel1.xml
----------------- Instantiating /home/travis/build/icyphy/ptII/ptolemy/domains/continuous/test/auto/hierarchicalModalModel1.xml
8 ms. Memory: 324608K Free: 115137K (35%)
----------------- Invoking toplevel() on ptolemy.moml.MoMLSimpleApplication@5f4328e8
----------------- Done invoking toplevel() on ptolemy.moml.MoMLSimpleApplication@5f4328e8
reloadAllAccessors: .hierarchicalModalModel1

===========================================================================================
----------------- testing Wed Jan 15 06:42:41 UTC 2020 /home/travis/build/icyphy/ptII/ptolemy/domains/continuous/test/auto/hierarchicalModalModel2.xml
----------------- Instantiating /home/travis/build/icyphy/ptII/ptolemy/domains/continuous/test/auto/hierarchicalModalModel2.xml
6 ms. Memory: 324608K Free: 290378K (89%)
----------------- Invoking toplevel() on ptolemy.moml.MoMLSimpleApplication@65b7388b
----------------- Done invoking toplevel() on ptolemy.moml.MoMLSimpleApplication@65b7388b
reloadAllAccessors: .hierarchicalModalModel2

===========================================================================================
----------------- testing Wed Jan 15 06:42:41 UTC 2020 /home/travis/build/icyphy/ptII/ptolemy/domains/continuous/test/auto/hierarchicalModalModel3.xml
----------------- Instantiating /home/travis/build/icyphy/ptII/ptolemy/domains/continuous/test/auto/hierarchicalModalModel3.xml
6 ms. Memory: 324608K Free: 279643K (86%)
----------------- Invoking toplevel() on ptolemy.moml.MoMLSimpleApplication@31fef7c6
----------------- Done invoking toplevel() on ptolemy.moml.MoMLSimpleApplication@31fef7c6
reloadAllAccessors: .hierarchicalModalModel3

===========================================================================================
----------------- testing Wed Jan 15 06:42:41 UTC 2020 /home/travis/build/icyphy/ptII/ptolemy/domains/continuous/test/auto/hierarchicalModalModel4.xml
----------------- Instantiating /home/travis/build/icyphy/ptII/ptolemy/domains/continuous/test/auto/hierarchicalModalModel4.xml
5 ms. Memory: 324608K Free: 267865K (83%)
----------------- Invoking toplevel() on ptolemy.moml.MoMLSimpleApplication@2efdd3d6
----------------- Done invoking toplevel() on ptolemy.moml.MoMLSimpleApplication@2efdd3d6
reloadAllAccessors: .hierarchicalModalModel4

===========================================================================================
----------------- testing Wed Jan 15 06:42:41 UTC 2020 /home/travis/build/icyphy/ptII/ptolemy/domains/continuous/test/auto/junk.xml
----------------- Instantiating /home/travis/build/icyphy/ptII/ptolemy/domains/continuous/test/auto/junk.xml
111 ms. Memory: 324608K Free: 239707K (74%)
----------------- Invoking toplevel() on ptolemy.moml.MoMLSimpleApplication@4cf5e590
----------------- Done invoking toplevel() on ptolemy.moml.MoMLSimpleApplication@4cf5e590
reloadAllAccessors: .junk
AutoTests.java: About to close Vertx.
AutoTests.java: Vertx closed.
]]></system-out>
  <system-err><![CDATA[Warning: '.HysteresisWithRandomDelay.NonStrictTest3' The test produced only 29 tokens, yet the correctValues parameter was expecting 30 tokens.
Warning: '.Poisson.NonStrictTest' The test produced only 411 tokens, yet the correctValues parameter was expecting 430 tokens.
]]></system-err>
</testsuite>
