<?xml version="1.0" encoding="UTF-8" ?>
<testsuite errors="0" failures="0" hostname="travis-job-1a1659f9-2cf1-4328-963b-b2df13a512e4" name="ptolemy.actor.lib.hoc.test.junit.JUnitTclTest" skipped="0" tests="58" time="23.706" timestamp="2018-06-15T19:58:09">
  <properties>
[...]
</properties>
  <testcase classname="ptolemy.util.test.junit.TclTests" name="[0] /home/travis/build/icyphy/ptII/ptolemy/actor/lib/hoc/test/IterateOverArray.tcl (RunTclFile)" time="0.249" />
  <testcase classname="ptolemy.util.test.junit.AutoKnownFailedTests" name="[0] /home/travis/build/icyphy/ptII/ptolemy/actor/lib/hoc/test/auto/knownFailedTests/PreinitializeMustBeInvokedRunComposite.xml (RunModel)" time="0.228" />
  <testcase classname="ptolemy.util.test.junit.AutoNameArchTests" name="[0] ThereAreNoAutoArchTests (RunModel)" time="0.001" />
  <testcase classname="ptolemy.util.test.junit.AutoTests" name="[0] /home/travis/build/icyphy/ptII/ptolemy/actor/lib/hoc/test/auto/AllToAllMultiInstanceComposite.xml (RunModel)" time="0.278" />
  <testcase classname="ptolemy.util.test.junit.AutoTests" name="[1] /home/travis/build/icyphy/ptII/ptolemy/actor/lib/hoc/test/auto/ApplyFFTTest.xml (RunModel)" time="0.207" />
  <testcase classname="ptolemy.util.test.junit.AutoTests" name="[2] /home/travis/build/icyphy/ptII/ptolemy/actor/lib/hoc/test/auto/ApplyFunction.xml (RunModel)" time="0.021" />
  <testcase classname="ptolemy.util.test.junit.AutoTests" name="[3] /home/travis/build/icyphy/ptII/ptolemy/actor/lib/hoc/test/auto/BackgroundExecution.xml (RunModel)" time="0.703" />
  <testcase classname="ptolemy.util.test.junit.AutoTests" name="[4] /home/travis/build/icyphy/ptII/ptolemy/actor/lib/hoc/test/auto/Case.xml (RunModel)" time="0.051" />
  <testcase classname="ptolemy.util.test.junit.AutoTests" name="[5] /home/travis/build/icyphy/ptII/ptolemy/actor/lib/hoc/test/auto/Case1.xml (RunModel)" time="0.033" />
  <testcase classname="ptolemy.util.test.junit.AutoTests" name="[6] /home/travis/build/icyphy/ptII/ptolemy/actor/lib/hoc/test/auto/Case2.xml (RunModel)" time="0.116" />
  <testcase classname="ptolemy.util.test.junit.AutoTests" name="[7] /home/travis/build/icyphy/ptII/ptolemy/actor/lib/hoc/test/auto/Case3.xml (RunModel)" time="0.051" />
  <testcase classname="ptolemy.util.test.junit.AutoTests" name="[8] /home/travis/build/icyphy/ptII/ptolemy/actor/lib/hoc/test/auto/Case4.xml (RunModel)" time="0.069" />
  <testcase classname="ptolemy.util.test.junit.AutoTests" name="[9] /home/travis/build/icyphy/ptII/ptolemy/actor/lib/hoc/test/auto/Case5.xml (RunModel)" time="0.084" />
  <testcase classname="ptolemy.util.test.junit.AutoTests" name="[10] /home/travis/build/icyphy/ptII/ptolemy/actor/lib/hoc/test/auto/Case6.xml (RunModel)" time="0.124" />
  <testcase classname="ptolemy.util.test.junit.AutoTests" name="[11] /home/travis/build/icyphy/ptII/ptolemy/actor/lib/hoc/test/auto/CaseString2.xml (RunModel)" time="0.038" />
  <testcase classname="ptolemy.util.test.junit.AutoTests" name="[12] /home/travis/build/icyphy/ptII/ptolemy/actor/lib/hoc/test/auto/CatchUpComposite1.xml (RunModel)" time="0.075" />
  <testcase classname="ptolemy.util.test.junit.AutoTests" name="[13] /home/travis/build/icyphy/ptII/ptolemy/actor/lib/hoc/test/auto/CatchUpComposite2.xml (RunModel)" time="0.06" />
  <testcase classname="ptolemy.util.test.junit.AutoTests" name="[14] /home/travis/build/icyphy/ptII/ptolemy/actor/lib/hoc/test/auto/CatchUpComposite3.xml (RunModel)" time="0.047" />
  <testcase classname="ptolemy.util.test.junit.AutoTests" name="[15] /home/travis/build/icyphy/ptII/ptolemy/actor/lib/hoc/test/auto/CatchUpComposite4.xml (RunModel)" time="0.055" />
  <testcase classname="ptolemy.util.test.junit.AutoTests" name="[16] /home/travis/build/icyphy/ptII/ptolemy/actor/lib/hoc/test/auto/CatchUpComposite5.xml (RunModel)" time="0.041" />
  <testcase classname="ptolemy.util.test.junit.AutoTests" name="[17] /home/travis/build/icyphy/ptII/ptolemy/actor/lib/hoc/test/auto/CatchUpComposite6.xml (RunModel)" time="0.153" />
  <testcase classname="ptolemy.util.test.junit.AutoTests" name="[18] /home/travis/build/icyphy/ptII/ptolemy/actor/lib/hoc/test/auto/CatchUpComposite7.xml (RunModel)" time="0.094" />
  <testcase classname="ptolemy.util.test.junit.AutoTests" name="[19] /home/travis/build/icyphy/ptII/ptolemy/actor/lib/hoc/test/auto/ConcurrentExecutionTimeSDF.xml (RunModel)" time="1.376" />
  <testcase classname="ptolemy.util.test.junit.AutoTests" name="[20] /home/travis/build/icyphy/ptII/ptolemy/actor/lib/hoc/test/auto/ConcurrentSleep.xml (RunModel)" time="0.787" />
  <testcase classname="ptolemy.util.test.junit.AutoTests" name="[21] /home/travis/build/icyphy/ptII/ptolemy/actor/lib/hoc/test/auto/DEInPNInRunCompositeActor.xml (RunModel)" time="0.055" />
  <testcase classname="ptolemy.util.test.junit.AutoTests" name="[22] /home/travis/build/icyphy/ptII/ptolemy/actor/lib/hoc/test/auto/DFTSubSetTest.xml (RunModel)" time="0.265" />
  <testcase classname="ptolemy.util.test.junit.AutoTests" name="[23] /home/travis/build/icyphy/ptII/ptolemy/actor/lib/hoc/test/auto/HocDE.xml (RunModel)" time="0.168" />
  <testcase classname="ptolemy.util.test.junit.AutoTests" name="[24] /home/travis/build/icyphy/ptII/ptolemy/actor/lib/hoc/test/auto/IterateOverArray.xml (RunModel)" time="0.028" />
  <testcase classname="ptolemy.util.test.junit.AutoTests" name="[25] /home/travis/build/icyphy/ptII/ptolemy/actor/lib/hoc/test/auto/IterateOverArray10.xml (RunModel)" time="0.032" />
  <testcase classname="ptolemy.util.test.junit.AutoTests" name="[26] /home/travis/build/icyphy/ptII/ptolemy/actor/lib/hoc/test/auto/IterateOverArray11.xml (RunModel)" time="0.026" />
  <testcase classname="ptolemy.util.test.junit.AutoTests" name="[27] /home/travis/build/icyphy/ptII/ptolemy/actor/lib/hoc/test/auto/IterateOverArray12.xml (RunModel)" time="0.039" />
  <testcase classname="ptolemy.util.test.junit.AutoTests" name="[28] /home/travis/build/icyphy/ptII/ptolemy/actor/lib/hoc/test/auto/IterateOverArray13.xml (RunModel)" time="0.161" />
  <testcase classname="ptolemy.util.test.junit.AutoTests" name="[29] /home/travis/build/icyphy/ptII/ptolemy/actor/lib/hoc/test/auto/IterateOverArray14.xml (RunModel)" time="0.136" />
  <testcase classname="ptolemy.util.test.junit.AutoTests" name="[30] /home/travis/build/icyphy/ptII/ptolemy/actor/lib/hoc/test/auto/IterateOverArray2.xml (RunModel)" time="0.027" />
  <testcase classname="ptolemy.util.test.junit.AutoTests" name="[31] /home/travis/build/icyphy/ptII/ptolemy/actor/lib/hoc/test/auto/IterateOverArray3.xml (RunModel)" time="0.044" />
  <testcase classname="ptolemy.util.test.junit.AutoTests" name="[32] /home/travis/build/icyphy/ptII/ptolemy/actor/lib/hoc/test/auto/IterateOverArray4.xml (RunModel)" time="0.019" />
  <testcase classname="ptolemy.util.test.junit.AutoTests" name="[33] /home/travis/build/icyphy/ptII/ptolemy/actor/lib/hoc/test/auto/IterateOverArray5.xml (RunModel)" time="0.023" />
  <testcase classname="ptolemy.util.test.junit.AutoTests" name="[34] /home/travis/build/icyphy/ptII/ptolemy/actor/lib/hoc/test/auto/IterateOverArray6.xml (RunModel)" time="0.015" />
  <testcase classname="ptolemy.util.test.junit.AutoTests" name="[35] /home/travis/build/icyphy/ptII/ptolemy/actor/lib/hoc/test/auto/IterateOverArray7.xml (RunModel)" time="0.02" />
  <testcase classname="ptolemy.util.test.junit.AutoTests" name="[36] /home/travis/build/icyphy/ptII/ptolemy/actor/lib/hoc/test/auto/IterateOverArray8.xml (RunModel)" time="0.022" />
  <testcase classname="ptolemy.util.test.junit.AutoTests" name="[37] /home/travis/build/icyphy/ptII/ptolemy/actor/lib/hoc/test/auto/IterateOverArray9.xml (RunModel)" time="0.024" />
  <testcase classname="ptolemy.util.test.junit.AutoTests" name="[38] /home/travis/build/icyphy/ptII/ptolemy/actor/lib/hoc/test/auto/IterateOverArrayCoercedOutputType.xml (RunModel)" time="0.027" />
  <testcase classname="ptolemy.util.test.junit.AutoTests" name="[39] /home/travis/build/icyphy/ptII/ptolemy/actor/lib/hoc/test/auto/IterateOverArrayInferredOutputType.xml (RunModel)" time="0.038" />
  <testcase classname="ptolemy.util.test.junit.AutoTests" name="[40] /home/travis/build/icyphy/ptII/ptolemy/actor/lib/hoc/test/auto/MobileFunctionTest.xml (RunModel)" time="0.022" />
  <testcase classname="ptolemy.util.test.junit.AutoTests" name="[41] /home/travis/build/icyphy/ptII/ptolemy/actor/lib/hoc/test/auto/MobileModelTest.xml (RunModel)" time="0.125" />
  <testcase classname="ptolemy.util.test.junit.AutoTests" name="[42] /home/travis/build/icyphy/ptII/ptolemy/actor/lib/hoc/test/auto/ModelReference.xml (RunModel)" time="0.062" />
  <testcase classname="ptolemy.util.test.junit.AutoTests" name="[43] /home/travis/build/icyphy/ptII/ptolemy/actor/lib/hoc/test/auto/ModelReference3.xml (RunModel)" time="0.054" />
  <testcase classname="ptolemy.util.test.junit.AutoTests" name="[44] /home/travis/build/icyphy/ptII/ptolemy/actor/lib/hoc/test/auto/ModelReference4.xml (RunModel)" time="10.051" />
  <testcase classname="ptolemy.util.test.junit.AutoTests" name="[45] /home/travis/build/icyphy/ptII/ptolemy/actor/lib/hoc/test/auto/MultiInstanceComposite.xml (RunModel)" time="0.041" />
  <testcase classname="ptolemy.util.test.junit.AutoTests" name="[46] /home/travis/build/icyphy/ptII/ptolemy/actor/lib/hoc/test/auto/MultiInstanceComposite2.xml (RunModel)" time="0.034" />
  <testcase classname="ptolemy.util.test.junit.AutoTests" name="[47] /home/travis/build/icyphy/ptII/ptolemy/actor/lib/hoc/test/auto/MulticoreExecution.xml (RunModel)" time="1.128" />
  <testcase classname="ptolemy.util.test.junit.AutoTests" name="[48] /home/travis/build/icyphy/ptII/ptolemy/actor/lib/hoc/test/auto/ParallelExecution.xml (RunModel)" time="0.952" />
  <testcase classname="ptolemy.util.test.junit.AutoTests" name="[49] /home/travis/build/icyphy/ptII/ptolemy/actor/lib/hoc/test/auto/RunCompositeActor.xml (RunModel)" time="0.041" />
  <testcase classname="ptolemy.util.test.junit.AutoTests" name="[50] /home/travis/build/icyphy/ptII/ptolemy/actor/lib/hoc/test/auto/RunCompositeActor2.xml (RunModel)" time="0.027" />
  <testcase classname="ptolemy.util.test.junit.AutoTests" name="[51] /home/travis/build/icyphy/ptII/ptolemy/actor/lib/hoc/test/auto/RunCompositeActor3.xml (RunModel)" time="0.022" />
  <testcase classname="ptolemy.util.test.junit.AutoTests" name="[52] /home/travis/build/icyphy/ptII/ptolemy/actor/lib/hoc/test/auto/RunCompositeActor4.xml (RunModel)" time="0.035" />
  <testcase classname="ptolemy.util.test.junit.AutoTests" name="[53] /home/travis/build/icyphy/ptII/ptolemy/actor/lib/hoc/test/auto/RunCompositeIterateOverArray.xml (RunModel)" time="0.048" />
  <testcase classname="ptolemy.util.test.junit.AutoTests" name="[54] /home/travis/build/icyphy/ptII/ptolemy/actor/lib/hoc/test/auto/ThreadedJS.xml (RunModel)" time="4.467" />
  <system-out><![CDATA[/home/travis/build/icyphy/ptII/ptolemy/actor/lib/hoc/test/IterateOverArray.tcl
testDefs.tcl: setting time out to 9000 seconds at Fri Jun 15 19:58:09 UTC 2018
06/15/18 07:58:10
Failed: 0  Total Tests: 2  ((Passed: 2, Newly Passed: 0)  Known Failed: 0) /home/travis/build/icyphy/ptII/ptolemy/actor/lib/hoc/test
----------------- testing (KnownFailure) /home/travis/build/icyphy/ptII/ptolemy/actor/lib/hoc/test/auto/knownFailedTests/PreinitializeMustBeInvokedRunComposite.xml
32 ms. Memory: 116224K Free: 103541K (89%)
Known Failure: java.lang.reflect.InvocationTargetException
No auto/linux-amd64/*.xml tests in /home/travis/build/icyphy/ptII/ptolemy/actor/lib/hoc/test
AutoTests.java: About to close Vertx.
AutoTests.java: Vertx closed.

===========================================================================================
----------------- testing Fri Jun 15 19:58:10 UTC 2018 /home/travis/build/icyphy/ptII/ptolemy/actor/lib/hoc/test/auto/AllToAllMultiInstanceComposite.xml
----------------- Instantiating /home/travis/build/icyphy/ptII/ptolemy/actor/lib/hoc/test/auto/AllToAllMultiInstanceComposite.xml
110 ms. Memory: 146944K Free: 108293K (74%)
----------------- Invoking toplevel() on ptolemy.moml.MoMLSimpleApplication@6d4d3386
----------------- Done invoking toplevel() on ptolemy.moml.MoMLSimpleApplication@6d4d3386
reloadAllAccessors: .AllToAllMultiInstanceComposite

===========================================================================================
----------------- testing Fri Jun 15 19:58:10 UTC 2018 /home/travis/build/icyphy/ptII/ptolemy/actor/lib/hoc/test/auto/ApplyFFTTest.xml
----------------- Instantiating /home/travis/build/icyphy/ptII/ptolemy/actor/lib/hoc/test/auto/ApplyFFTTest.xml
85 ms. Memory: 146944K Free: 88454K (60%)
----------------- Invoking toplevel() on ptolemy.moml.MoMLSimpleApplication@797d2f1c
----------------- Done invoking toplevel() on ptolemy.moml.MoMLSimpleApplication@797d2f1c
reloadAllAccessors: .ApplyFFTTest

===========================================================================================
----------------- testing Fri Jun 15 19:58:11 UTC 2018 /home/travis/build/icyphy/ptII/ptolemy/actor/lib/hoc/test/auto/ApplyFunction.xml
----------------- Instantiating /home/travis/build/icyphy/ptII/ptolemy/actor/lib/hoc/test/auto/ApplyFunction.xml
4 ms. Memory: 146944K Free: 84751K (58%)
----------------- Invoking toplevel() on ptolemy.moml.MoMLSimpleApplication@52383d6
----------------- Done invoking toplevel() on ptolemy.moml.MoMLSimpleApplication@52383d6
reloadAllAccessors: .ApplyFunction

===========================================================================================
----------------- testing Fri Jun 15 19:58:11 UTC 2018 /home/travis/build/icyphy/ptII/ptolemy/actor/lib/hoc/test/auto/BackgroundExecution.xml
----------------- Instantiating /home/travis/build/icyphy/ptII/ptolemy/actor/lib/hoc/test/auto/BackgroundExecution.xml
618 ms. Memory: 146944K Free: 137656K (94%)
----------------- Invoking toplevel() on ptolemy.moml.MoMLSimpleApplication@3aed5845
----------------- Done invoking toplevel() on ptolemy.moml.MoMLSimpleApplication@3aed5845
reloadAllAccessors: .BackgroundExecution

===========================================================================================
----------------- testing Fri Jun 15 19:58:11 UTC 2018 /home/travis/build/icyphy/ptII/ptolemy/actor/lib/hoc/test/auto/Case.xml
----------------- Instantiating /home/travis/build/icyphy/ptII/ptolemy/actor/lib/hoc/test/auto/Case.xml
15 ms. Memory: 146944K Free: 129346K (88%)
----------------- Invoking toplevel() on ptolemy.moml.MoMLSimpleApplication@4c2c501d
----------------- Done invoking toplevel() on ptolemy.moml.MoMLSimpleApplication@4c2c501d
reloadAllAccessors: .Case

===========================================================================================
----------------- testing Fri Jun 15 19:58:11 UTC 2018 /home/travis/build/icyphy/ptII/ptolemy/actor/lib/hoc/test/auto/Case1.xml
----------------- Instantiating /home/travis/build/icyphy/ptII/ptolemy/actor/lib/hoc/test/auto/Case1.xml
9 ms. Memory: 146944K Free: 122238K (83%)
----------------- Invoking toplevel() on ptolemy.moml.MoMLSimpleApplication@7944f600
----------------- Done invoking toplevel() on ptolemy.moml.MoMLSimpleApplication@7944f600
reloadAllAccessors: .Case1

===========================================================================================
----------------- testing Fri Jun 15 19:58:11 UTC 2018 /home/travis/build/icyphy/ptII/ptolemy/actor/lib/hoc/test/auto/Case2.xml
----------------- Instantiating /home/travis/build/icyphy/ptII/ptolemy/actor/lib/hoc/test/auto/Case2.xml
38 ms. Memory: 146944K Free: 110217K (75%)
----------------- Invoking toplevel() on ptolemy.moml.MoMLSimpleApplication@219bc54e
----------------- Done invoking toplevel() on ptolemy.moml.MoMLSimpleApplication@219bc54e
reloadAllAccessors: .Case2

===========================================================================================
----------------- testing Fri Jun 15 19:58:11 UTC 2018 /home/travis/build/icyphy/ptII/ptolemy/actor/lib/hoc/test/auto/Case3.xml
----------------- Instantiating /home/travis/build/icyphy/ptII/ptolemy/actor/lib/hoc/test/auto/Case3.xml
16 ms. Memory: 146944K Free: 103566K (70%)
----------------- Invoking toplevel() on ptolemy.moml.MoMLSimpleApplication@784c0a45
----------------- Done invoking toplevel() on ptolemy.moml.MoMLSimpleApplication@784c0a45
reloadAllAccessors: .Case3

===========================================================================================
----------------- testing Fri Jun 15 19:58:12 UTC 2018 /home/travis/build/icyphy/ptII/ptolemy/actor/lib/hoc/test/auto/Case4.xml
----------------- Instantiating /home/travis/build/icyphy/ptII/ptolemy/actor/lib/hoc/test/auto/Case4.xml
10 ms. Memory: 146944K Free: 94510K (64%)
----------------- Invoking toplevel() on ptolemy.moml.MoMLSimpleApplication@6602b6c5
----------------- Done invoking toplevel() on ptolemy.moml.MoMLSimpleApplication@6602b6c5
reloadAllAccessors: .Case4

===========================================================================================
----------------- testing Fri Jun 15 19:58:12 UTC 2018 /home/travis/build/icyphy/ptII/ptolemy/actor/lib/hoc/test/auto/Case5.xml
----------------- Instantiating /home/travis/build/icyphy/ptII/ptolemy/actor/lib/hoc/test/auto/Case5.xml
44 ms. Memory: 146944K Free: 87298K (59%)
----------------- Invoking toplevel() on ptolemy.moml.MoMLSimpleApplication@2caac57
----------------- Done invoking toplevel() on ptolemy.moml.MoMLSimpleApplication@2caac57
reloadAllAccessors: .junk

===========================================================================================
----------------- testing Fri Jun 15 19:58:12 UTC 2018 /home/travis/build/icyphy/ptII/ptolemy/actor/lib/hoc/test/auto/Case6.xml
----------------- Instantiating /home/travis/build/icyphy/ptII/ptolemy/actor/lib/hoc/test/auto/Case6.xml
44 ms. Memory: 208384K Free: 196496K (94%)
----------------- Invoking toplevel() on ptolemy.moml.MoMLSimpleApplication@7dcddfb5
----------------- Done invoking toplevel() on ptolemy.moml.MoMLSimpleApplication@7dcddfb5
reloadAllAccessors: .Case6

===========================================================================================
----------------- testing Fri Jun 15 19:58:12 UTC 2018 /home/travis/build/icyphy/ptII/ptolemy/actor/lib/hoc/test/auto/CaseString2.xml
----------------- Instantiating /home/travis/build/icyphy/ptII/ptolemy/actor/lib/hoc/test/auto/CaseString2.xml
9 ms. Memory: 208384K Free: 186902K (90%)
----------------- Invoking toplevel() on ptolemy.moml.MoMLSimpleApplication@43c8c1fa
----------------- Done invoking toplevel() on ptolemy.moml.MoMLSimpleApplication@43c8c1fa
reloadAllAccessors: .CaseString2

===========================================================================================
----------------- testing Fri Jun 15 19:58:12 UTC 2018 /home/travis/build/icyphy/ptII/ptolemy/actor/lib/hoc/test/auto/CatchUpComposite1.xml
----------------- Instantiating /home/travis/build/icyphy/ptII/ptolemy/actor/lib/hoc/test/auto/CatchUpComposite1.xml
20 ms. Memory: 208384K Free: 177055K (85%)
----------------- Invoking toplevel() on ptolemy.moml.MoMLSimpleApplication@3c74e10d
----------------- Done invoking toplevel() on ptolemy.moml.MoMLSimpleApplication@3c74e10d
reloadAllAccessors: .CatchUpComposite1

===========================================================================================
----------------- testing Fri Jun 15 19:58:12 UTC 2018 /home/travis/build/icyphy/ptII/ptolemy/actor/lib/hoc/test/auto/CatchUpComposite2.xml
----------------- Instantiating /home/travis/build/icyphy/ptII/ptolemy/actor/lib/hoc/test/auto/CatchUpComposite2.xml
15 ms. Memory: 208384K Free: 167758K (81%)
----------------- Invoking toplevel() on ptolemy.moml.MoMLSimpleApplication@5c202645
----------------- Done invoking toplevel() on ptolemy.moml.MoMLSimpleApplication@5c202645
reloadAllAccessors: .CatchUpComposite2

===========================================================================================
----------------- testing Fri Jun 15 19:58:12 UTC 2018 /home/travis/build/icyphy/ptII/ptolemy/actor/lib/hoc/test/auto/CatchUpComposite3.xml
----------------- Instantiating /home/travis/build/icyphy/ptII/ptolemy/actor/lib/hoc/test/auto/CatchUpComposite3.xml
10 ms. Memory: 208384K Free: 156983K (75%)
----------------- Invoking toplevel() on ptolemy.moml.MoMLSimpleApplication@1ef19c35
----------------- Done invoking toplevel() on ptolemy.moml.MoMLSimpleApplication@1ef19c35
reloadAllAccessors: .CatchUpComposite3

===========================================================================================
----------------- testing Fri Jun 15 19:58:12 UTC 2018 /home/travis/build/icyphy/ptII/ptolemy/actor/lib/hoc/test/auto/CatchUpComposite4.xml
----------------- Instantiating /home/travis/build/icyphy/ptII/ptolemy/actor/lib/hoc/test/auto/CatchUpComposite4.xml
15 ms. Memory: 208384K Free: 147734K (71%)
----------------- Invoking toplevel() on ptolemy.moml.MoMLSimpleApplication@40b68c9a
----------------- Done invoking toplevel() on ptolemy.moml.MoMLSimpleApplication@40b68c9a
reloadAllAccessors: .CatchUpComposite4

===========================================================================================
----------------- testing Fri Jun 15 19:58:12 UTC 2018 /home/travis/build/icyphy/ptII/ptolemy/actor/lib/hoc/test/auto/CatchUpComposite5.xml
----------------- Instantiating /home/travis/build/icyphy/ptII/ptolemy/actor/lib/hoc/test/auto/CatchUpComposite5.xml
14 ms. Memory: 208384K Free: 139084K (67%)
----------------- Invoking toplevel() on ptolemy.moml.MoMLSimpleApplication@4e735500
----------------- Done invoking toplevel() on ptolemy.moml.MoMLSimpleApplication@4e735500
reloadAllAccessors: .CatchUpComposite5

===========================================================================================
----------------- testing Fri Jun 15 19:58:12 UTC 2018 /home/travis/build/icyphy/ptII/ptolemy/actor/lib/hoc/test/auto/CatchUpComposite6.xml
----------------- Instantiating /home/travis/build/icyphy/ptII/ptolemy/actor/lib/hoc/test/auto/CatchUpComposite6.xml
WARNING: The execution aspects in this model can influence the timing of actors by delaying the 
execution, potentially changing the behavior. There is no guarantee that actors fire at the 
time they request to be fired. 
Use Ptides for deterministic DE behavior that is not influenced by execution aspects. 

81 ms. Memory: 208384K Free: 120161K (58%)
----------------- Invoking toplevel() on ptolemy.moml.MoMLSimpleApplication@6a88185c
----------------- Done invoking toplevel() on ptolemy.moml.MoMLSimpleApplication@6a88185c
reloadAllAccessors: .CatchUpComposite6

===========================================================================================
----------------- testing Fri Jun 15 19:58:12 UTC 2018 /home/travis/build/icyphy/ptII/ptolemy/actor/lib/hoc/test/auto/CatchUpComposite7.xml
----------------- Instantiating /home/travis/build/icyphy/ptII/ptolemy/actor/lib/hoc/test/auto/CatchUpComposite7.xml
WARNING: The execution aspects in this model can influence the timing of actors by delaying the 
execution, potentially changing the behavior. There is no guarantee that actors fire at the 
time they request to be fired. 
Use Ptides for deterministic DE behavior that is not influenced by execution aspects. 

38 ms. Memory: 208384K Free: 103394K (50%)
----------------- Invoking toplevel() on ptolemy.moml.MoMLSimpleApplication@41915f2b
----------------- Done invoking toplevel() on ptolemy.moml.MoMLSimpleApplication@41915f2b
reloadAllAccessors: .CatchUpComposite7

===========================================================================================
----------------- testing Fri Jun 15 19:58:12 UTC 2018 /home/travis/build/icyphy/ptII/ptolemy/actor/lib/hoc/test/auto/ConcurrentExecutionTimeSDF.xml
----------------- Instantiating /home/travis/build/icyphy/ptII/ptolemy/actor/lib/hoc/test/auto/ConcurrentExecutionTimeSDF.xml
Fired ExecutionTime: 40400000
Fired ExecutionTime: 40400000
Fired ExecutionTime: 40400000
Fired ExecutionTime: 40400000
Fired ExecutionTime: 40400000
Fired ExecutionTime: 40400000
Fired ExecutionTime: 40400000
Fired ExecutionTime: 40400000
Fired ExecutionTime: 40400000
Fired ExecutionTime: 40400000
Fired ExecutionTime: 40400000
Fired ExecutionTime: 40400000
Fired ExecutionTime: 40400000
Fired ExecutionTime: 40400000
Fired ExecutionTime: 40400000
Fired ExecutionTime: 40400000
Fired ExecutionTime: 40400000
Fired ExecutionTime: 40400000
Fired ExecutionTime: 40400000
Fired ExecutionTime: 40400000
1354 ms. Memory: 208384K Free: 94744K (45%)
----------------- Invoking toplevel() on ptolemy.moml.MoMLSimpleApplication@18907ea5
----------------- Done invoking toplevel() on ptolemy.moml.MoMLSimpleApplication@18907ea5
reloadAllAccessors: .ConcurrentExecutionTimeSDF

===========================================================================================
----------------- testing Fri Jun 15 19:58:14 UTC 2018 /home/travis/build/icyphy/ptII/ptolemy/actor/lib/hoc/test/auto/ConcurrentSleep.xml
----------------- Instantiating /home/travis/build/icyphy/ptII/ptolemy/actor/lib/hoc/test/auto/ConcurrentSleep.xml
746 ms. Memory: 208384K Free: 80501K (39%)
----------------- Invoking toplevel() on ptolemy.moml.MoMLSimpleApplication@3da81e09
----------------- Done invoking toplevel() on ptolemy.moml.MoMLSimpleApplication@3da81e09
reloadAllAccessors: .ConcurrentSleep

===========================================================================================
----------------- testing Fri Jun 15 19:58:15 UTC 2018 /home/travis/build/icyphy/ptII/ptolemy/actor/lib/hoc/test/auto/DEInPNInRunCompositeActor.xml
----------------- Instantiating /home/travis/build/icyphy/ptII/ptolemy/actor/lib/hoc/test/auto/DEInPNInRunCompositeActor.xml
10 ms. Memory: 208384K Free: 195936K (94%)
----------------- Invoking toplevel() on ptolemy.moml.MoMLSimpleApplication@132fde96
----------------- Done invoking toplevel() on ptolemy.moml.MoMLSimpleApplication@132fde96
reloadAllAccessors: .DEInPNInRunCompositeActor

===========================================================================================
----------------- testing Fri Jun 15 19:58:15 UTC 2018 /home/travis/build/icyphy/ptII/ptolemy/actor/lib/hoc/test/auto/DFTSubSetTest.xml
----------------- Instantiating /home/travis/build/icyphy/ptII/ptolemy/actor/lib/hoc/test/auto/DFTSubSetTest.xml
163 ms. Memory: 208384K Free: 147462K (71%)
----------------- Invoking toplevel() on ptolemy.moml.MoMLSimpleApplication@3475166d
----------------- Done invoking toplevel() on ptolemy.moml.MoMLSimpleApplication@3475166d
reloadAllAccessors: .DFTSubSetTest

===========================================================================================
----------------- testing Fri Jun 15 19:58:15 UTC 2018 /home/travis/build/icyphy/ptII/ptolemy/actor/lib/hoc/test/auto/HocDE.xml
----------------- Instantiating /home/travis/build/icyphy/ptII/ptolemy/actor/lib/hoc/test/auto/HocDE.xml
129 ms. Memory: 208384K Free: 120412K (58%)
----------------- Invoking toplevel() on ptolemy.moml.MoMLSimpleApplication@4fb21f2a
----------------- Done invoking toplevel() on ptolemy.moml.MoMLSimpleApplication@4fb21f2a
reloadAllAccessors: .HocDE

===========================================================================================
----------------- testing Fri Jun 15 19:58:15 UTC 2018 /home/travis/build/icyphy/ptII/ptolemy/actor/lib/hoc/test/auto/IterateOverArray.xml
----------------- Instantiating /home/travis/build/icyphy/ptII/ptolemy/actor/lib/hoc/test/auto/IterateOverArray.xml
6 ms. Memory: 208384K Free: 114026K (55%)
----------------- Invoking toplevel() on ptolemy.moml.MoMLSimpleApplication@1e5d1e43
----------------- Done invoking toplevel() on ptolemy.moml.MoMLSimpleApplication@1e5d1e43
reloadAllAccessors: .IterateOverArray

===========================================================================================
----------------- testing Fri Jun 15 19:58:15 UTC 2018 /home/travis/build/icyphy/ptII/ptolemy/actor/lib/hoc/test/auto/IterateOverArray10.xml
----------------- Instantiating /home/travis/build/icyphy/ptII/ptolemy/actor/lib/hoc/test/auto/IterateOverArray10.xml
2 ms. Memory: 208384K Free: 109930K (53%)
----------------- Invoking toplevel() on ptolemy.moml.MoMLSimpleApplication@d2d344f
----------------- Done invoking toplevel() on ptolemy.moml.MoMLSimpleApplication@d2d344f
reloadAllAccessors: .IterateOverArray10

===========================================================================================
----------------- testing Fri Jun 15 19:58:15 UTC 2018 /home/travis/build/icyphy/ptII/ptolemy/actor/lib/hoc/test/auto/IterateOverArray11.xml
----------------- Instantiating /home/travis/build/icyphy/ptII/ptolemy/actor/lib/hoc/test/auto/IterateOverArray11.xml
7 ms. Memory: 208384K Free: 104379K (50%)
----------------- Invoking toplevel() on ptolemy.moml.MoMLSimpleApplication@21cb5bf3
----------------- Done invoking toplevel() on ptolemy.moml.MoMLSimpleApplication@21cb5bf3
reloadAllAccessors: .IterateOverArray11

===========================================================================================
----------------- testing Fri Jun 15 19:58:15 UTC 2018 /home/travis/build/icyphy/ptII/ptolemy/actor/lib/hoc/test/auto/IterateOverArray12.xml
----------------- Instantiating /home/travis/build/icyphy/ptII/ptolemy/actor/lib/hoc/test/auto/IterateOverArray12.xml
16 ms. Memory: 208384K Free: 96990K (47%)
----------------- Invoking toplevel() on ptolemy.moml.MoMLSimpleApplication@14874dc
----------------- Done invoking toplevel() on ptolemy.moml.MoMLSimpleApplication@14874dc
reloadAllAccessors: .IterateOverArray12

===========================================================================================
----------------- testing Fri Jun 15 19:58:15 UTC 2018 /home/travis/build/icyphy/ptII/ptolemy/actor/lib/hoc/test/auto/IterateOverArray13.xml
----------------- Instantiating /home/travis/build/icyphy/ptII/ptolemy/actor/lib/hoc/test/auto/IterateOverArray13.xml
58 ms. Memory: 331264K Free: 311915K (94%)
----------------- Invoking toplevel() on ptolemy.moml.MoMLSimpleApplication@4fe75908
----------------- Done invoking toplevel() on ptolemy.moml.MoMLSimpleApplication@4fe75908
reloadAllAccessors: .IterateOverArray13

===========================================================================================
----------------- testing Fri Jun 15 19:58:15 UTC 2018 /home/travis/build/icyphy/ptII/ptolemy/actor/lib/hoc/test/auto/IterateOverArray14.xml
----------------- Instantiating /home/travis/build/icyphy/ptII/ptolemy/actor/lib/hoc/test/auto/IterateOverArray14.xml
62 ms. Memory: 331264K Free: 275175K (83%)
----------------- Invoking toplevel() on ptolemy.moml.MoMLSimpleApplication@3d7c0f1
----------------- Done invoking toplevel() on ptolemy.moml.MoMLSimpleApplication@3d7c0f1
reloadAllAccessors: .IterateOverArray14

===========================================================================================
----------------- testing Fri Jun 15 19:58:15 UTC 2018 /home/travis/build/icyphy/ptII/ptolemy/actor/lib/hoc/test/auto/IterateOverArray2.xml
----------------- Instantiating /home/travis/build/icyphy/ptII/ptolemy/actor/lib/hoc/test/auto/IterateOverArray2.xml
4 ms. Memory: 331264K Free: 268649K (81%)
----------------- Invoking toplevel() on ptolemy.moml.MoMLSimpleApplication@2154ad8
----------------- Done invoking toplevel() on ptolemy.moml.MoMLSimpleApplication@2154ad8
reloadAllAccessors: .IterateOverArray2

===========================================================================================
----------------- testing Fri Jun 15 19:58:16 UTC 2018 /home/travis/build/icyphy/ptII/ptolemy/actor/lib/hoc/test/auto/IterateOverArray3.xml
----------------- Instantiating /home/travis/build/icyphy/ptII/ptolemy/actor/lib/hoc/test/auto/IterateOverArray3.xml
14 ms. Memory: 331264K Free: 259645K (78%)
----------------- Invoking toplevel() on ptolemy.moml.MoMLSimpleApplication@1d7c3f24
----------------- Done invoking toplevel() on ptolemy.moml.MoMLSimpleApplication@1d7c3f24
reloadAllAccessors: .IterateOverArray3

===========================================================================================
----------------- testing Fri Jun 15 19:58:16 UTC 2018 /home/travis/build/icyphy/ptII/ptolemy/actor/lib/hoc/test/auto/IterateOverArray4.xml
----------------- Instantiating /home/travis/build/icyphy/ptII/ptolemy/actor/lib/hoc/test/auto/IterateOverArray4.xml
4 ms. Memory: 331264K Free: 254751K (77%)
----------------- Invoking toplevel() on ptolemy.moml.MoMLSimpleApplication@20002349
----------------- Done invoking toplevel() on ptolemy.moml.MoMLSimpleApplication@20002349
reloadAllAccessors: .IterateOverArray4

===========================================================================================
----------------- testing Fri Jun 15 19:58:16 UTC 2018 /home/travis/build/icyphy/ptII/ptolemy/actor/lib/hoc/test/auto/IterateOverArray5.xml
----------------- Instantiating /home/travis/build/icyphy/ptII/ptolemy/actor/lib/hoc/test/auto/IterateOverArray5.xml
3 ms. Memory: 331264K Free: 249856K (75%)
----------------- Invoking toplevel() on ptolemy.moml.MoMLSimpleApplication@aaac304
----------------- Done invoking toplevel() on ptolemy.moml.MoMLSimpleApplication@aaac304
reloadAllAccessors: .IterateOverArray5

===========================================================================================
----------------- testing Fri Jun 15 19:58:16 UTC 2018 /home/travis/build/icyphy/ptII/ptolemy/actor/lib/hoc/test/auto/IterateOverArray6.xml
----------------- Instantiating /home/travis/build/icyphy/ptII/ptolemy/actor/lib/hoc/test/auto/IterateOverArray6.xml
2 ms. Memory: 331264K Free: 244116K (74%)
----------------- Invoking toplevel() on ptolemy.moml.MoMLSimpleApplication@14dd5ab
----------------- Done invoking toplevel() on ptolemy.moml.MoMLSimpleApplication@14dd5ab
reloadAllAccessors: .IterateOverArray6

===========================================================================================
----------------- testing Fri Jun 15 19:58:16 UTC 2018 /home/travis/build/icyphy/ptII/ptolemy/actor/lib/hoc/test/auto/IterateOverArray7.xml
----------------- Instantiating /home/travis/build/icyphy/ptII/ptolemy/actor/lib/hoc/test/auto/IterateOverArray7.xml
5 ms. Memory: 331264K Free: 239221K (72%)
----------------- Invoking toplevel() on ptolemy.moml.MoMLSimpleApplication@52e2c251
----------------- Done invoking toplevel() on ptolemy.moml.MoMLSimpleApplication@52e2c251
reloadAllAccessors: .IterateOverArray7

===========================================================================================
----------------- testing Fri Jun 15 19:58:16 UTC 2018 /home/travis/build/icyphy/ptII/ptolemy/actor/lib/hoc/test/auto/IterateOverArray8.xml
----------------- Instantiating /home/travis/build/icyphy/ptII/ptolemy/actor/lib/hoc/test/auto/IterateOverArray8.xml
4 ms. Memory: 331264K Free: 233481K (70%)
----------------- Invoking toplevel() on ptolemy.moml.MoMLSimpleApplication@75a65d09
----------------- Done invoking toplevel() on ptolemy.moml.MoMLSimpleApplication@75a65d09
reloadAllAccessors: .IterateOverArray8

===========================================================================================
----------------- testing Fri Jun 15 19:58:16 UTC 2018 /home/travis/build/icyphy/ptII/ptolemy/actor/lib/hoc/test/auto/IterateOverArray9.xml
----------------- Instantiating /home/travis/build/icyphy/ptII/ptolemy/actor/lib/hoc/test/auto/IterateOverArray9.xml
6 ms. Memory: 331264K Free: 228586K (69%)
----------------- Invoking toplevel() on ptolemy.moml.MoMLSimpleApplication@f5470ca
----------------- Done invoking toplevel() on ptolemy.moml.MoMLSimpleApplication@f5470ca
reloadAllAccessors: .IterateOverArray9

===========================================================================================
----------------- testing Fri Jun 15 19:58:16 UTC 2018 /home/travis/build/icyphy/ptII/ptolemy/actor/lib/hoc/test/auto/IterateOverArrayCoercedOutputType.xml
----------------- Instantiating /home/travis/build/icyphy/ptII/ptolemy/actor/lib/hoc/test/auto/IterateOverArrayCoercedOutputType.xml
4 ms. Memory: 331264K Free: 222060K (67%)
----------------- Invoking toplevel() on ptolemy.moml.MoMLSimpleApplication@4d4dcaf6
----------------- Done invoking toplevel() on ptolemy.moml.MoMLSimpleApplication@4d4dcaf6
reloadAllAccessors: .IterateOverArrayCoercedOutputType

===========================================================================================
----------------- testing Fri Jun 15 19:58:16 UTC 2018 /home/travis/build/icyphy/ptII/ptolemy/actor/lib/hoc/test/auto/IterateOverArrayInferredOutputType.xml
----------------- Instantiating /home/travis/build/icyphy/ptII/ptolemy/actor/lib/hoc/test/auto/IterateOverArrayInferredOutputType.xml
8 ms. Memory: 331264K Free: 214688K (65%)
----------------- Invoking toplevel() on ptolemy.moml.MoMLSimpleApplication@5ff7e068
----------------- Done invoking toplevel() on ptolemy.moml.MoMLSimpleApplication@5ff7e068
reloadAllAccessors: .IterateOverArrayInferredOutputType

===========================================================================================
----------------- testing Fri Jun 15 19:58:16 UTC 2018 /home/travis/build/icyphy/ptII/ptolemy/actor/lib/hoc/test/auto/MobileFunctionTest.xml
----------------- Instantiating /home/travis/build/icyphy/ptII/ptolemy/actor/lib/hoc/test/auto/MobileFunctionTest.xml
4 ms. Memory: 331264K Free: 208130K (63%)
----------------- Invoking toplevel() on ptolemy.moml.MoMLSimpleApplication@22e70990
----------------- Done invoking toplevel() on ptolemy.moml.MoMLSimpleApplication@22e70990
reloadAllAccessors: .MobileFunctionTest

===========================================================================================
----------------- testing Fri Jun 15 19:58:16 UTC 2018 /home/travis/build/icyphy/ptII/ptolemy/actor/lib/hoc/test/auto/MobileModelTest.xml
----------------- Instantiating /home/travis/build/icyphy/ptII/ptolemy/actor/lib/hoc/test/auto/MobileModelTest.xml
88 ms. Memory: 331264K Free: 186871K (56%)
----------------- Invoking toplevel() on ptolemy.moml.MoMLSimpleApplication@7d9d739e
----------------- Done invoking toplevel() on ptolemy.moml.MoMLSimpleApplication@7d9d739e
reloadAllAccessors: .MobileModelTest

===========================================================================================
----------------- testing Fri Jun 15 19:58:16 UTC 2018 /home/travis/build/icyphy/ptII/ptolemy/actor/lib/hoc/test/auto/ModelReference.xml
----------------- Instantiating /home/travis/build/icyphy/ptII/ptolemy/actor/lib/hoc/test/auto/ModelReference.xml
3 ms. Memory: 331264K Free: 176236K (53%)
3 ms. Memory: 331264K Free: 176236K (53%)
3 ms. Memory: 331264K Free: 174604K (53%)
2 ms. Memory: 331264K Free: 174604K (53%)
1 ms. Memory: 331264K Free: 172973K (52%)
2 ms. Memory: 331264K Free: 172973K (52%)
1 ms. Memory: 331264K Free: 171341K (52%)
2 ms. Memory: 331264K Free: 171341K (52%)
5 ms. Memory: 331264K Free: 169710K (51%)
3 ms. Memory: 331264K Free: 169710K (51%)
35 ms. Memory: 331264K Free: 169710K (51%)
----------------- Invoking toplevel() on ptolemy.moml.MoMLSimpleApplication@5a5db532
----------------- Done invoking toplevel() on ptolemy.moml.MoMLSimpleApplication@5a5db532
reloadAllAccessors: .ModelReference

===========================================================================================
----------------- testing Fri Jun 15 19:58:16 UTC 2018 /home/travis/build/icyphy/ptII/ptolemy/actor/lib/hoc/test/auto/ModelReference3.xml
----------------- Instantiating /home/travis/build/icyphy/ptII/ptolemy/actor/lib/hoc/test/auto/ModelReference3.xml
1 ms. Memory: 331264K Free: 164815K (50%)
5 ms. Memory: 331264K Free: 163183K (49%)
1 ms. Memory: 331264K Free: 163183K (49%)
4 ms. Memory: 331264K Free: 161552K (49%)
2 ms. Memory: 331264K Free: 161552K (49%)
2 ms. Memory: 331264K Free: 159920K (48%)
0 ms. Memory: 331264K Free: 159920K (48%)
1 ms. Memory: 331264K Free: 158289K (48%)
1 ms. Memory: 331264K Free: 158289K (48%)
2 ms. Memory: 331264K Free: 156657K (47%)
35 ms. Memory: 331264K Free: 156657K (47%)
----------------- Invoking toplevel() on ptolemy.moml.MoMLSimpleApplication@50f02eec
----------------- Done invoking toplevel() on ptolemy.moml.MoMLSimpleApplication@50f02eec
reloadAllAccessors: .ModelReference3

===========================================================================================
----------------- testing Fri Jun 15 19:58:16 UTC 2018 /home/travis/build/icyphy/ptII/ptolemy/actor/lib/hoc/test/auto/ModelReference4.xml
----------------- Instantiating /home/travis/build/icyphy/ptII/ptolemy/actor/lib/hoc/test/auto/ModelReference4.xml
2 ms. Memory: 331264K Free: 149286K (45%)
3 ms. Memory: 331264K Free: 147654K (45%)
3 ms. Memory: 331264K Free: 146023K (44%)
9 ms. Memory: 331264K Free: 144391K (44%)
3 ms. Memory: 331264K Free: 141128K (43%)
11 ms. Memory: 331264K Free: 139496K (42%)
11 ms. Memory: 331264K Free: 137865K (42%)
3 ms. Memory: 331264K Free: 136233K (41%)
2 ms. Memory: 331264K Free: 134602K (41%)
3 ms. Memory: 331264K Free: 132970K (40%)
10034 ms. Memory: 331264K Free: 132970K (40%)
----------------- Invoking toplevel() on ptolemy.moml.MoMLSimpleApplication@3f240efe
----------------- Done invoking toplevel() on ptolemy.moml.MoMLSimpleApplication@3f240efe
reloadAllAccessors: .ModelReference4

===========================================================================================
----------------- testing Fri Jun 15 19:58:26 UTC 2018 /home/travis/build/icyphy/ptII/ptolemy/actor/lib/hoc/test/auto/MultiInstanceComposite.xml
----------------- Instantiating /home/travis/build/icyphy/ptII/ptolemy/actor/lib/hoc/test/auto/MultiInstanceComposite.xml
25 ms. Memory: 331264K Free: 114958K (35%)
----------------- Invoking toplevel() on ptolemy.moml.MoMLSimpleApplication@46d6e723
----------------- Done invoking toplevel() on ptolemy.moml.MoMLSimpleApplication@46d6e723
reloadAllAccessors: .MultiInstanceComposite

===========================================================================================
----------------- testing Fri Jun 15 19:58:26 UTC 2018 /home/travis/build/icyphy/ptII/ptolemy/actor/lib/hoc/test/auto/MultiInstanceComposite2.xml
----------------- Instantiating /home/travis/build/icyphy/ptII/ptolemy/actor/lib/hoc/test/auto/MultiInstanceComposite2.xml
12 ms. Memory: 331264K Free: 101834K (31%)
----------------- Invoking toplevel() on ptolemy.moml.MoMLSimpleApplication@3f55c86c
----------------- Done invoking toplevel() on ptolemy.moml.MoMLSimpleApplication@3f55c86c
reloadAllAccessors: .MultiInstanceComposite2

===========================================================================================
----------------- testing Fri Jun 15 19:58:26 UTC 2018 /home/travis/build/icyphy/ptII/ptolemy/actor/lib/hoc/test/auto/MulticoreExecution.xml
----------------- Instantiating /home/travis/build/icyphy/ptII/ptolemy/actor/lib/hoc/test/auto/MulticoreExecution.xml
Fired ExecutionTime: 4400000
Fired ExecutionTime: 2000000
Fired ExecutionTime: 2800000
Fired ExecutionTime: 3200000
Fired ExecutionTime: 4400000
Fired ExecutionTime: 2000000
Fired ExecutionTime: 12000000
Fired ExecutionTime: 17600000
Fired ExecutionTime: 25600000
Fired ExecutionTime: 29200000
Fired ExecutionTime: 40800000
Fired ExecutionTime: 44400000
Fired ExecutionTime: 51600000
Fired ExecutionTime: 51200000
Fired ExecutionTime: 51200000
Fired ExecutionTime: 29600000
Fired ExecutionTime: 47200000
Fired ExecutionTime: 59200000
Fired ExecutionTime: 86000000
Fired ExecutionTime: 86000000
1107 ms. Memory: 331264K Free: 87911K (27%)
----------------- Invoking toplevel() on ptolemy.moml.MoMLSimpleApplication@42d42086
----------------- Done invoking toplevel() on ptolemy.moml.MoMLSimpleApplication@42d42086
reloadAllAccessors: .MulticoreExecution

===========================================================================================
----------------- testing Fri Jun 15 19:58:27 UTC 2018 /home/travis/build/icyphy/ptII/ptolemy/actor/lib/hoc/test/auto/ParallelExecution.xml
----------------- Instantiating /home/travis/build/icyphy/ptII/ptolemy/actor/lib/hoc/test/auto/ParallelExecution.xml
933 ms. Memory: 332288K Free: 319932K (96%)
----------------- Invoking toplevel() on ptolemy.moml.MoMLSimpleApplication@28635445
----------------- Done invoking toplevel() on ptolemy.moml.MoMLSimpleApplication@28635445
reloadAllAccessors: .ParallelExecution

===========================================================================================
----------------- testing Fri Jun 15 19:58:28 UTC 2018 /home/travis/build/icyphy/ptII/ptolemy/actor/lib/hoc/test/auto/RunCompositeActor.xml
----------------- Instantiating /home/travis/build/icyphy/ptII/ptolemy/actor/lib/hoc/test/auto/RunCompositeActor.xml
6 ms. Memory: 332288K Free: 309861K (93%)
----------------- Invoking toplevel() on ptolemy.moml.MoMLSimpleApplication@661cd35f
----------------- Done invoking toplevel() on ptolemy.moml.MoMLSimpleApplication@661cd35f
reloadAllAccessors: .RunCompositeActor

===========================================================================================
----------------- testing Fri Jun 15 19:58:28 UTC 2018 /home/travis/build/icyphy/ptII/ptolemy/actor/lib/hoc/test/auto/RunCompositeActor2.xml
----------------- Instantiating /home/travis/build/icyphy/ptII/ptolemy/actor/lib/hoc/test/auto/RunCompositeActor2.xml
8 ms. Memory: 332288K Free: 301822K (91%)
----------------- Invoking toplevel() on ptolemy.moml.MoMLSimpleApplication@76cc5737
----------------- Done invoking toplevel() on ptolemy.moml.MoMLSimpleApplication@76cc5737
reloadAllAccessors: .RunCompositeActor2

===========================================================================================
----------------- testing Fri Jun 15 19:58:28 UTC 2018 /home/travis/build/icyphy/ptII/ptolemy/actor/lib/hoc/test/auto/RunCompositeActor3.xml
----------------- Instantiating /home/travis/build/icyphy/ptII/ptolemy/actor/lib/hoc/test/auto/RunCompositeActor3.xml
3 ms. Memory: 332288K Free: 295623K (89%)
----------------- Invoking toplevel() on ptolemy.moml.MoMLSimpleApplication@4730107d
----------------- Done invoking toplevel() on ptolemy.moml.MoMLSimpleApplication@4730107d
reloadAllAccessors: .RunCompositeActor3

===========================================================================================
----------------- testing Fri Jun 15 19:58:28 UTC 2018 /home/travis/build/icyphy/ptII/ptolemy/actor/lib/hoc/test/auto/RunCompositeActor4.xml
----------------- Instantiating /home/travis/build/icyphy/ptII/ptolemy/actor/lib/hoc/test/auto/RunCompositeActor4.xml
17 ms. Memory: 332288K Free: 284991K (86%)
----------------- Invoking toplevel() on ptolemy.moml.MoMLSimpleApplication@7375871c
----------------- Done invoking toplevel() on ptolemy.moml.MoMLSimpleApplication@7375871c
reloadAllAccessors: .RunCompositeActor4

===========================================================================================
----------------- testing Fri Jun 15 19:58:28 UTC 2018 /home/travis/build/icyphy/ptII/ptolemy/actor/lib/hoc/test/auto/RunCompositeIterateOverArray.xml
----------------- Instantiating /home/travis/build/icyphy/ptII/ptolemy/actor/lib/hoc/test/auto/RunCompositeIterateOverArray.xml
7 ms. Memory: 332288K Free: 277617K (84%)
----------------- Invoking toplevel() on ptolemy.moml.MoMLSimpleApplication@370757de
----------------- Done invoking toplevel() on ptolemy.moml.MoMLSimpleApplication@370757de
reloadAllAccessors: .RunCompositeIterateOverArray

===========================================================================================
----------------- testing Fri Jun 15 19:58:28 UTC 2018 /home/travis/build/icyphy/ptII/ptolemy/actor/lib/hoc/test/auto/ThreadedJS.xml
----------------- Instantiating /home/travis/build/icyphy/ptII/ptolemy/actor/lib/hoc/test/auto/ThreadedJS.xml
1569 ms. Memory: 540160K Free: 163413K (30%)
----------------- Invoking toplevel() on ptolemy.moml.MoMLSimpleApplication@490fe2ba
----------------- Done invoking toplevel() on ptolemy.moml.MoMLSimpleApplication@490fe2ba
reloadAllAccessors: .ThreadedJS
AutoTests.java: About to close Vertx.
AutoTests.java: Vertx closed.
]]></system-out>
  <system-err><![CDATA[java.lang.RuntimeException: Execution failed
	at ptolemy.moml.MoMLSimpleApplication$UnloadThread.run(MoMLSimpleApplication.java:402)
Caused by: ptolemy.kernel.util.IllegalActionException: initialize() was called after wrapup() was called but preinitialize() was not called after wrapup().
	at ptolemy.actor.lib.hoc.test.PreinitializeMustBeInvoked.initialize(PreinitializeMustBeInvoked.java:78)
	at ptolemy.actor.Director.initialize(Director.java:938)
	at ptolemy.actor.Director.initialize(Director.java:907)
	at ptolemy.actor.sched.StaticSchedulingDirector.initialize(StaticSchedulingDirector.java:159)
	at ptolemy.domains.sdf.kernel.SDFDirector.initialize(SDFDirector.java:544)
	at ptolemy.actor.CompositeActor.initialize(CompositeActor.java:935)
	at ptolemy.actor.lib.hoc.LifeCycleManager._executeInsideModel(LifeCycleManager.java:339)
	at ptolemy.actor.lib.hoc.RunCompositeActor.fire(RunCompositeActor.java:205)
	at ptolemy.actor.CompositeActor.iterate(CompositeActor.java:1146)
	at ptolemy.actor.sched.StaticSchedulingDirector.fire(StaticSchedulingDirector.java:216)
	at ptolemy.domains.sdf.kernel.SDFDirector.fire(SDFDirector.java:500)
	at ptolemy.actor.CompositeActor.fire(CompositeActor.java:455)
	at ptolemy.actor.Manager.iterate(Manager.java:851)
	at ptolemy.actor.Manager.execute(Manager.java:369)
	at ptolemy.actor.Manager.run(Manager.java:1263)
	at ptolemy.actor.Manager$PtolemyRunThread.run(Manager.java:1915)
java.lang.reflect.InvocationTargetException
	at sun.reflect.NativeConstructorAccessorImpl.newInstance0(Native Method)
	at sun.reflect.NativeConstructorAccessorImpl.newInstance(NativeConstructorAccessorImpl.java:62)
	at sun.reflect.DelegatingConstructorAccessorImpl.newInstance(DelegatingConstructorAccessorImpl.java:45)
	at java.lang.reflect.Constructor.newInstance(Constructor.java:423)
	at ptolemy.util.test.junit.AutoKnownFailedTests.RunModel(AutoKnownFailedTests.java:107)
	at sun.reflect.NativeMethodAccessorImpl.invoke0(Native Method)
	at sun.reflect.NativeMethodAccessorImpl.invoke(NativeMethodAccessorImpl.java:62)
	at sun.reflect.DelegatingMethodAccessorImpl.invoke(DelegatingMethodAccessorImpl.java:43)
	at java.lang.reflect.Method.invoke(Method.java:498)
	at org.junit.runners.model.FrameworkMethod$1.runReflectiveCall(FrameworkMethod.java:44)
	at org.junit.internal.runners.model.ReflectiveCallable.run(ReflectiveCallable.java:15)
	at org.junit.runners.model.FrameworkMethod.invokeExplosively(FrameworkMethod.java:41)
	at junitparams.internal.InvokeParameterisedMethod.evaluate(InvokeParameterisedMethod.java:102)
	at org.junit.internal.runners.statements.FailOnTimeout$1.run(FailOnTimeout.java:28)
Caused by: ptolemy.kernel.util.IllegalActionException: initialize() was called after wrapup() was called but preinitialize() was not called after wrapup().
	at ptolemy.actor.lib.hoc.test.PreinitializeMustBeInvoked.initialize(PreinitializeMustBeInvoked.java:78)
	at ptolemy.actor.Director.initialize(Director.java:938)
	at ptolemy.actor.Director.initialize(Director.java:907)
	at ptolemy.actor.sched.StaticSchedulingDirector.initialize(StaticSchedulingDirector.java:159)
	at ptolemy.domains.sdf.kernel.SDFDirector.initialize(SDFDirector.java:544)
	at ptolemy.actor.CompositeActor.initialize(CompositeActor.java:935)
	at ptolemy.actor.lib.hoc.LifeCycleManager._executeInsideModel(LifeCycleManager.java:339)
	at ptolemy.actor.lib.hoc.RunCompositeActor.fire(RunCompositeActor.java:205)
	at ptolemy.actor.CompositeActor.iterate(CompositeActor.java:1146)
	at ptolemy.actor.sched.StaticSchedulingDirector.fire(StaticSchedulingDirector.java:216)
	at ptolemy.domains.sdf.kernel.SDFDirector.fire(SDFDirector.java:500)
	at ptolemy.actor.CompositeActor.fire(CompositeActor.java:455)
	at ptolemy.actor.Manager.iterate(Manager.java:851)
	at ptolemy.actor.Manager.execute(Manager.java:369)
	at ptolemy.actor.Manager.run(Manager.java:1263)
	at ptolemy.actor.Manager$PtolemyRunThread.run(Manager.java:1915)
]]></system-err>
</testsuite>
