<?xml version="1.0" encoding="UTF-8" ?>
<testsuite errors="0" failures="0" hostname="travis-job-01a4c47e-6e19-4477-a1fd-a6e8878019c5" name="ptolemy.domains.de.test.junit.JUnitTclTest" skipped="0" tests="101" time="129.258" timestamp="2019-02-19T04:05:41">
  <properties>
[...]
</properties>
  <testcase classname="ptolemy.util.test.junit.TclTests" name="[0] /home/travis/build/icyphy/ptII/ptolemy/domains/de/test/DependencyLoop.tcl (RunTclFile)" time="0.699" />
  <testcase classname="ptolemy.util.test.junit.TclTests" name="[1] /home/travis/build/icyphy/ptII/ptolemy/domains/de/test/RunDETestsAsQSS.tcl (RunTclFile)" time="87.795" />
  <testcase classname="ptolemy.util.test.junit.AutoKnownFailedTests" name="[0] /home/travis/build/icyphy/ptII/ptolemy/domains/de/test/auto/knownFailedTests/DESDFClockTest.xml (RunModel)" time="2.033" />
  <testcase classname="ptolemy.util.test.junit.AutoKnownFailedTests" name="[1] /home/travis/build/icyphy/ptII/ptolemy/domains/de/test/auto/knownFailedTests/DirectFeedback.xml (RunModel)" time="0.013" />
  <testcase classname="ptolemy.util.test.junit.AutoKnownFailedTests" name="[2] /home/travis/build/icyphy/ptII/ptolemy/domains/de/test/auto/knownFailedTests/FSMSource.xml (RunModel)" time="0.015" />
  <testcase classname="ptolemy.util.test.junit.AutoKnownFailedTests" name="[3] /home/travis/build/icyphy/ptII/ptolemy/domains/de/test/auto/knownFailedTests/HierarchicalModel.xml (RunModel)" time="0.042" />
  <testcase classname="ptolemy.util.test.junit.AutoKnownFailedTests" name="[4] /home/travis/build/icyphy/ptII/ptolemy/domains/de/test/auto/knownFailedTests/dependencyLoop.xml (RunModel)" time="0.04" />
  <testcase classname="ptolemy.util.test.junit.AutoKnownFailedTests" name="[5] /home/travis/build/icyphy/ptII/ptolemy/domains/de/test/auto/knownFailedTests/dependencyLoop2.xml (RunModel)" time="0.038" />
  <testcase classname="ptolemy.util.test.junit.AutoNameArchTests" name="[0] ThereAreNoAutoArchTests (RunModel)" time="0.0" />
  <testcase classname="ptolemy.util.test.junit.AutoTests" name="[0] /home/travis/build/icyphy/ptII/ptolemy/domains/de/test/auto/ActorDepthCalculation_actorWithoutPorts.xml (RunModel)" time="0.016" />
  <testcase classname="ptolemy.util.test.junit.AutoTests" name="[1] /home/travis/build/icyphy/ptII/ptolemy/domains/de/test/auto/AssemblyLine.xml (RunModel)" time="0.02" />
  <testcase classname="ptolemy.util.test.junit.AutoTests" name="[2] /home/travis/build/icyphy/ptII/ptolemy/domains/de/test/auto/CQBug1.xml (RunModel)" time="0.013" />
  <testcase classname="ptolemy.util.test.junit.AutoTests" name="[3] /home/travis/build/icyphy/ptII/ptolemy/domains/de/test/auto/CancelFireAt.xml (RunModel)" time="0.006" />
  <testcase classname="ptolemy.util.test.junit.AutoTests" name="[4] /home/travis/build/icyphy/ptII/ptolemy/domains/de/test/auto/CausalityAndComposabilityAnalysis.xml (RunModel)" time="0.01" />
  <testcase classname="ptolemy.util.test.junit.AutoTests" name="[5] /home/travis/build/icyphy/ptII/ptolemy/domains/de/test/auto/CausalityInterface1.xml (RunModel)" time="0.012" />
  <testcase classname="ptolemy.util.test.junit.AutoTests" name="[6] /home/travis/build/icyphy/ptII/ptolemy/domains/de/test/auto/CausalityInterface15.xml (RunModel)" time="0.013" />
  <testcase classname="ptolemy.util.test.junit.AutoTests" name="[7] /home/travis/build/icyphy/ptII/ptolemy/domains/de/test/auto/CausalityInterface2.xml (RunModel)" time="0.014" />
  <testcase classname="ptolemy.util.test.junit.AutoTests" name="[8] /home/travis/build/icyphy/ptII/ptolemy/domains/de/test/auto/CausalityInterface3.xml (RunModel)" time="0.006" />
  <testcase classname="ptolemy.util.test.junit.AutoTests" name="[9] /home/travis/build/icyphy/ptII/ptolemy/domains/de/test/auto/ClockDrift.xml (RunModel)" time="0.031" />
  <testcase classname="ptolemy.util.test.junit.AutoTests" name="[10] /home/travis/build/icyphy/ptII/ptolemy/domains/de/test/auto/ClockDriftAndValueChange.xml (RunModel)" time="0.022" />
  <testcase classname="ptolemy.util.test.junit.AutoTests" name="[11] /home/travis/build/icyphy/ptII/ptolemy/domains/de/test/auto/ClockDriftChange.xml (RunModel)" time="0.019" />
  <testcase classname="ptolemy.util.test.junit.AutoTests" name="[12] /home/travis/build/icyphy/ptII/ptolemy/domains/de/test/auto/ComposableCausalityAnalysis.xml (RunModel)" time="0.013" />
  <testcase classname="ptolemy.util.test.junit.AutoTests" name="[13] /home/travis/build/icyphy/ptII/ptolemy/domains/de/test/auto/DEFixedPointLimitation.xml (RunModel)" time="0.008" />
  <testcase classname="ptolemy.util.test.junit.AutoTests" name="[14] /home/travis/build/icyphy/ptII/ptolemy/domains/de/test/auto/DEScheduleTest.xml (RunModel)" time="0.008" />
  <testcase classname="ptolemy.util.test.junit.AutoTests" name="[15] /home/travis/build/icyphy/ptII/ptolemy/domains/de/test/auto/DEinDEwithStartTimes.xml (RunModel)" time="0.009" />
  <testcase classname="ptolemy.util.test.junit.AutoTests" name="[16] /home/travis/build/icyphy/ptII/ptolemy/domains/de/test/auto/DEinDEwithStartTimes2.xml (RunModel)" time="0.01" />
  <testcase classname="ptolemy.util.test.junit.AutoTests" name="[17] /home/travis/build/icyphy/ptII/ptolemy/domains/de/test/auto/DateDemo.xml (RunModel)" time="0.018" />
  <testcase classname="ptolemy.util.test.junit.AutoTests" name="[18] /home/travis/build/icyphy/ptII/ptolemy/domains/de/test/auto/DateToEvent.xml (RunModel)" time="2.027" />
  <testcase classname="ptolemy.util.test.junit.AutoTests" name="[19] /home/travis/build/icyphy/ptII/ptolemy/domains/de/test/auto/DepthTest1.xml (RunModel)" time="0.007" />
  <testcase classname="ptolemy.util.test.junit.AutoTests" name="[20] /home/travis/build/icyphy/ptII/ptolemy/domains/de/test/auto/DepthTest2.xml (RunModel)" time="0.017" />
  <testcase classname="ptolemy.util.test.junit.AutoTests" name="[21] /home/travis/build/icyphy/ptII/ptolemy/domains/de/test/auto/DepthTest3.xml (RunModel)" time="0.006" />
  <testcase classname="ptolemy.util.test.junit.AutoTests" name="[22] /home/travis/build/icyphy/ptII/ptolemy/domains/de/test/auto/DepthTest4.xml (RunModel)" time="0.01" />
  <testcase classname="ptolemy.util.test.junit.AutoTests" name="[23] /home/travis/build/icyphy/ptII/ptolemy/domains/de/test/auto/DepthTest5.xml (RunModel)" time="0.01" />
  <testcase classname="ptolemy.util.test.junit.AutoTests" name="[24] /home/travis/build/icyphy/ptII/ptolemy/domains/de/test/auto/DepthTest6.xml (RunModel)" time="0.01" />
  <testcase classname="ptolemy.util.test.junit.AutoTests" name="[25] /home/travis/build/icyphy/ptII/ptolemy/domains/de/test/auto/DepthTest7.xml (RunModel)" time="0.01" />
  <testcase classname="ptolemy.util.test.junit.AutoTests" name="[26] /home/travis/build/icyphy/ptII/ptolemy/domains/de/test/auto/EventToDate.xml (RunModel)" time="3.03" />
  <testcase classname="ptolemy.util.test.junit.AutoTests" name="[27] /home/travis/build/icyphy/ptII/ptolemy/domains/de/test/auto/FSM1.xml (RunModel)" time="0.026" />
  <testcase classname="ptolemy.util.test.junit.AutoTests" name="[28] /home/travis/build/icyphy/ptII/ptolemy/domains/de/test/auto/FSM7.xml (RunModel)" time="0.026" />
  <testcase classname="ptolemy.util.test.junit.AutoTests" name="[29] /home/travis/build/icyphy/ptII/ptolemy/domains/de/test/auto/Inspection.xml (RunModel)" time="0.034" />
  <testcase classname="ptolemy.util.test.junit.AutoTests" name="[30] /home/travis/build/icyphy/ptII/ptolemy/domains/de/test/auto/Iteration.xml (RunModel)" time="0.016" />
  <testcase classname="ptolemy.util.test.junit.AutoTests" name="[31] /home/travis/build/icyphy/ptII/ptolemy/domains/de/test/auto/LineFault.xml (RunModel)" time="0.548" />
  <testcase classname="ptolemy.util.test.junit.AutoTests" name="[32] /home/travis/build/icyphy/ptII/ptolemy/domains/de/test/auto/MergeModel1Add.xml (RunModel)" time="0.04" />
  <testcase classname="ptolemy.util.test.junit.AutoTests" name="[33] /home/travis/build/icyphy/ptII/ptolemy/domains/de/test/auto/MergeModel2Add.xml (RunModel)" time="0.038" />
  <testcase classname="ptolemy.util.test.junit.AutoTests" name="[34] /home/travis/build/icyphy/ptII/ptolemy/domains/de/test/auto/MergeModel3Add.xml (RunModel)" time="0.036" />
  <testcase classname="ptolemy.util.test.junit.AutoTests" name="[35] /home/travis/build/icyphy/ptII/ptolemy/domains/de/test/auto/MergeWithoutDiscard.xml (RunModel)" time="0.008" />
  <testcase classname="ptolemy.util.test.junit.AutoTests" name="[36] /home/travis/build/icyphy/ptII/ptolemy/domains/de/test/auto/Modal1.xml (RunModel)" time="0.034" />
  <testcase classname="ptolemy.util.test.junit.AutoTests" name="[37] /home/travis/build/icyphy/ptII/ptolemy/domains/de/test/auto/Modal2.xml (RunModel)" time="0.025" />
  <testcase classname="ptolemy.util.test.junit.AutoTests" name="[38] /home/travis/build/icyphy/ptII/ptolemy/domains/de/test/auto/Modal3.xml (RunModel)" time="0.023" />
  <testcase classname="ptolemy.util.test.junit.AutoTests" name="[39] /home/travis/build/icyphy/ptII/ptolemy/domains/de/test/auto/Modal4.xml (RunModel)" time="0.028" />
  <testcase classname="ptolemy.util.test.junit.AutoTests" name="[40] /home/travis/build/icyphy/ptII/ptolemy/domains/de/test/auto/Modal5.xml (RunModel)" time="0.026" />
  <testcase classname="ptolemy.util.test.junit.AutoTests" name="[41] /home/travis/build/icyphy/ptII/ptolemy/domains/de/test/auto/Modal6.xml (RunModel)" time="0.024" />
  <testcase classname="ptolemy.util.test.junit.AutoTests" name="[42] /home/travis/build/icyphy/ptII/ptolemy/domains/de/test/auto/Modal7.xml (RunModel)" time="0.023" />
  <testcase classname="ptolemy.util.test.junit.AutoTests" name="[43] /home/travis/build/icyphy/ptII/ptolemy/domains/de/test/auto/ModalModel.xml (RunModel)" time="0.133" />
  <testcase classname="ptolemy.util.test.junit.AutoTests" name="[44] /home/travis/build/icyphy/ptII/ptolemy/domains/de/test/auto/ModalSource.xml (RunModel)" time="0.015" />
  <testcase classname="ptolemy.util.test.junit.AutoTests" name="[45] /home/travis/build/icyphy/ptII/ptolemy/domains/de/test/auto/NonInterruptibleTimerZeroDelay.xml (RunModel)" time="0.008" />
  <testcase classname="ptolemy.util.test.junit.AutoTests" name="[46] /home/travis/build/icyphy/ptII/ptolemy/domains/de/test/auto/OpenQueueingNetwork.xml (RunModel)" time="2.23" />
  <testcase classname="ptolemy.util.test.junit.AutoTests" name="[47] /home/travis/build/icyphy/ptII/ptolemy/domains/de/test/auto/OpenQueuingNetwork.xml (RunModel)" time="0.275" />
  <testcase classname="ptolemy.util.test.junit.AutoTests" name="[48] /home/travis/build/icyphy/ptII/ptolemy/domains/de/test/auto/PeriodicSampler.xml (RunModel)" time="0.007" />
  <testcase classname="ptolemy.util.test.junit.AutoTests" name="[49] /home/travis/build/icyphy/ptII/ptolemy/domains/de/test/auto/PersistentIO.xml (RunModel)" time="0.022" />
  <testcase classname="ptolemy.util.test.junit.AutoTests" name="[50] /home/travis/build/icyphy/ptII/ptolemy/domains/de/test/auto/PortParameterResetOnInitialize.xml (RunModel)" time="0.008" />
  <testcase classname="ptolemy.util.test.junit.AutoTests" name="[51] /home/travis/build/icyphy/ptII/ptolemy/domains/de/test/auto/PortParameterUpdates.xml (RunModel)" time="0.012" />
  <testcase classname="ptolemy.util.test.junit.AutoTests" name="[52] /home/travis/build/icyphy/ptII/ptolemy/domains/de/test/auto/QueueAndServer.xml (RunModel)" time="0.017" />
  <testcase classname="ptolemy.util.test.junit.AutoTests" name="[53] /home/travis/build/icyphy/ptII/ptolemy/domains/de/test/auto/Records.xml (RunModel)" time="0.018" />
  <testcase classname="ptolemy.util.test.junit.AutoTests" name="[54] /home/travis/build/icyphy/ptII/ptolemy/domains/de/test/auto/ResetTransitionWithStartTime1.xml (RunModel)" time="0.016" />
  <testcase classname="ptolemy.util.test.junit.AutoTests" name="[55] /home/travis/build/icyphy/ptII/ptolemy/domains/de/test/auto/ResetTransitionWithStartTime2.xml (RunModel)" time="0.015" />
  <testcase classname="ptolemy.util.test.junit.AutoTests" name="[56] /home/travis/build/icyphy/ptII/ptolemy/domains/de/test/auto/ResetTransitionWithStartTime3.xml (RunModel)" time="0.017" />
  <testcase classname="ptolemy.util.test.junit.AutoTests" name="[57] /home/travis/build/icyphy/ptII/ptolemy/domains/de/test/auto/ResetTransitionWithStartTime4.xml (RunModel)" time="0.025" />
  <testcase classname="ptolemy.util.test.junit.AutoTests" name="[58] /home/travis/build/icyphy/ptII/ptolemy/domains/de/test/auto/ResettableTimer1.xml (RunModel)" time="0.009" />
  <testcase classname="ptolemy.util.test.junit.AutoTests" name="[59] /home/travis/build/icyphy/ptII/ptolemy/domains/de/test/auto/ResettableTimer2.xml (RunModel)" time="0.008" />
  <testcase classname="ptolemy.util.test.junit.AutoTests" name="[60] /home/travis/build/icyphy/ptII/ptolemy/domains/de/test/auto/ResettableTimer3.xml (RunModel)" time="0.007" />
  <testcase classname="ptolemy.util.test.junit.AutoTests" name="[61] /home/travis/build/icyphy/ptII/ptolemy/domains/de/test/auto/ResettableTimer4.xml (RunModel)" time="0.01" />
  <testcase classname="ptolemy.util.test.junit.AutoTests" name="[62] /home/travis/build/icyphy/ptII/ptolemy/domains/de/test/auto/ResettableTimer5.xml (RunModel)" time="0.009" />
  <testcase classname="ptolemy.util.test.junit.AutoTests" name="[63] /home/travis/build/icyphy/ptII/ptolemy/domains/de/test/auto/ResettableTimer6.xml (RunModel)" time="0.018" />
  <testcase classname="ptolemy.util.test.junit.AutoTests" name="[64] /home/travis/build/icyphy/ptII/ptolemy/domains/de/test/auto/ServerZeroDelay.xml (RunModel)" time="0.012" />
  <testcase classname="ptolemy.util.test.junit.AutoTests" name="[65] /home/travis/build/icyphy/ptII/ptolemy/domains/de/test/auto/SmartSender.xml (RunModel)" time="3.007" />
  <testcase classname="ptolemy.util.test.junit.AutoTests" name="[66] /home/travis/build/icyphy/ptII/ptolemy/domains/de/test/auto/ThreadedComposite.xml (RunModel)" time="1.72" />
  <testcase classname="ptolemy.util.test.junit.AutoTests" name="[67] /home/travis/build/icyphy/ptII/ptolemy/domains/de/test/auto/Time.xml (RunModel)" time="0.425" />
  <testcase classname="ptolemy.util.test.junit.AutoTests" name="[68] /home/travis/build/icyphy/ptII/ptolemy/domains/de/test/auto/TimeDelayZeroDelay.xml (RunModel)" time="0.009" />
  <testcase classname="ptolemy.util.test.junit.AutoTests" name="[69] /home/travis/build/icyphy/ptII/ptolemy/domains/de/test/auto/TimerZeroDelay.xml (RunModel)" time="0.012" />
  <testcase classname="ptolemy.util.test.junit.AutoTests" name="[70] /home/travis/build/icyphy/ptII/ptolemy/domains/de/test/auto/TimingParadox.xml (RunModel)" time="0.331" />
  <testcase classname="ptolemy.util.test.junit.AutoTests" name="[71] /home/travis/build/icyphy/ptII/ptolemy/domains/de/test/auto/TransferInputs.xml (RunModel)" time="0.011" />
  <testcase classname="ptolemy.util.test.junit.AutoTests" name="[72] /home/travis/build/icyphy/ptII/ptolemy/domains/de/test/auto/TransferOutputs2.xml (RunModel)" time="0.012" />
  <testcase classname="ptolemy.util.test.junit.AutoTests" name="[73] /home/travis/build/icyphy/ptII/ptolemy/domains/de/test/auto/Trilateration.xml (RunModel)" time="11.525" />
  <testcase classname="ptolemy.util.test.junit.AutoTests" name="[74] /home/travis/build/icyphy/ptII/ptolemy/domains/de/test/auto/TwoSigmaDelta.xml (RunModel)" time="1.848" />
  <testcase classname="ptolemy.util.test.junit.AutoTests" name="[75] /home/travis/build/icyphy/ptII/ptolemy/domains/de/test/auto/VariableDelay.xml (RunModel)" time="0.011" />
  <testcase classname="ptolemy.util.test.junit.AutoTests" name="[76] /home/travis/build/icyphy/ptII/ptolemy/domains/de/test/auto/VariableDelay2.xml (RunModel)" time="0.007" />
  <testcase classname="ptolemy.util.test.junit.AutoTests" name="[77] /home/travis/build/icyphy/ptII/ptolemy/domains/de/test/auto/VariableDelayZeroDelay.xml (RunModel)" time="0.009" />
  <testcase classname="ptolemy.util.test.junit.AutoTests" name="[78] /home/travis/build/icyphy/ptII/ptolemy/domains/de/test/auto/VariableDelayZeroDelay2.xml (RunModel)" time="0.008" />
  <testcase classname="ptolemy.util.test.junit.AutoTests" name="[79] /home/travis/build/icyphy/ptII/ptolemy/domains/de/test/auto/deInCt.xml (RunModel)" time="0.014" />
  <testcase classname="ptolemy.util.test.junit.AutoTests" name="[80] /home/travis/build/icyphy/ptII/ptolemy/domains/de/test/auto/deInCt2.xml (RunModel)" time="0.015" />
  <testcase classname="ptolemy.util.test.junit.AutoTests" name="[81] /home/travis/build/icyphy/ptII/ptolemy/domains/de/test/auto/dynamicCausalityInterface1.xml (RunModel)" time="0.015" />
  <testcase classname="ptolemy.util.test.junit.AutoTests" name="[82] /home/travis/build/icyphy/ptII/ptolemy/domains/de/test/auto/fsm_de_test.xml (RunModel)" time="0.02" />
  <testcase classname="ptolemy.util.test.junit.AutoTests" name="[83] /home/travis/build/icyphy/ptII/ptolemy/domains/de/test/auto/functionDependencyReconstruction.xml (RunModel)" time="0.027" />
  <testcase classname="ptolemy.util.test.junit.AutoTests" name="[84] /home/travis/build/icyphy/ptII/ptolemy/domains/de/test/auto/multirate.xml (RunModel)" time="0.013" />
  <testcase classname="ptolemy.util.test.junit.AutoTests" name="[85] /home/travis/build/icyphy/ptII/ptolemy/domains/de/test/auto/multirate2.xml (RunModel)" time="0.016" />
  <testcase classname="ptolemy.util.test.junit.AutoTests" name="[86] /home/travis/build/icyphy/ptII/ptolemy/domains/de/test/auto/realtime.xml (RunModel)" time="10.009" />
  <testcase classname="ptolemy.util.test.junit.AutoTests" name="[87] /home/travis/build/icyphy/ptII/ptolemy/domains/de/test/auto/relationGroup.xml (RunModel)" time="0.005" />
  <testcase classname="ptolemy.util.test.junit.AutoTests" name="[88] /home/travis/build/icyphy/ptII/ptolemy/domains/de/test/auto/relationGroup2.xml (RunModel)" time="0.006" />
  <testcase classname="ptolemy.util.test.junit.AutoTests" name="[89] /home/travis/build/icyphy/ptII/ptolemy/domains/de/test/auto/sortWithOpaquePorts.xml (RunModel)" time="0.015" />
  <testcase classname="ptolemy.util.test.junit.AutoTests" name="[90] /home/travis/build/icyphy/ptII/ptolemy/domains/de/test/auto/transferInputsandOutputs.xml (RunModel)" time="0.013" />
  <testcase classname="ptolemy.util.test.junit.AutoTests" name="[91] /home/travis/build/icyphy/ptII/ptolemy/domains/de/test/auto/triggerType.xml (RunModel)" time="0.006" />
  <system-out><![CDATA[/home/travis/build/icyphy/ptII/ptolemy/domains/de/test/DependencyLoop.tcl
testDefs.tcl: setting time out to 9000 seconds at Tue Feb 19 04:05:41 UTC 2019
28 ms. Memory: 116224K Free: 97610K (84%)
21 ms. Memory: 146944K Free: 141142K (96%)
/home/travis/build/icyphy/ptII/ptolemy/domains/de/test/RunDETestsAsQSS.tcl
Run the DE tests using ptolemy.domains.qss.test.QSSDirectorTest, which extends QSSDirector and prints a message in the constructors.
------------------ testing $PTII/ptolemy/domains/de/test/auto/knownFailedTests/dependencyLoop.xml (Known Failure) 
6 ms. Memory: 146944K Free: 136896K (93%)


==== $PTIIhome/travis/build/icyphy/ptII/ptolemy/domains/de/test/../../../../: Auto Automatic test in file $PTII/ptolemy/domains/de/test/auto/knownFailedTests/dependencyLoop.xml
==== Contents of test case:

	    # FIXME: we should use $relativeFilename here, but it
	    # might have backslashes under Windows, which causes no end
	    # of trouble.
	    createAndExecute $file
	    list {}
	
.... Test generated KNOWN error:
    while executing
ptolemy.kernel.util.IllegalActionException: Found a zero delay loop containing .dependencyLoop.original
  in .dependencyLoop and .dependencyLoop.original
	at ptolemy.actor.util.CausalityInterfaceForComposites._computeOutputPortDepth(CausalityInterfaceForComposites.java:759)
	at ptolemy.actor.util.CausalityInterfaceForComposites._computeInputDepth(CausalityInterfaceForComposites.java:696)
	at ptolemy.actor.util.CausalityInterfaceForComposites._computeOutputPortDepth(CausalityInterfaceForComposites.java:765)
	at ptolemy.actor.util.CausalityInterfaceForComposites._computeInputDepth(CausalityInterfaceForComposites.java:696)
	at ptolemy.actor.util.CausalityInterfaceForComposites._computeOutputPortDepth(CausalityInterfaceForComposites.java:765)
	at ptolemy.actor.util.CausalityInterfaceForComposites._computeInputDepth(CausalityInterfaceForComposites.java:696)
	at ptolemy.actor.util.CausalityInterfaceForComposites._computeActorDepth(CausalityInterfaceForComposites.java:532)
	at ptolemy.actor.util.CausalityInterfaceForComposites.checkForCycles(CausalityInterfaceForComposites.java:96)
	at ptolemy.domains.de.kernel.DEDirector.preinitialize(DEDirector.java:1338)
	at ptolemy.actor.CompositeActor.preinitialize(CompositeActor.java:1828)
	at ptolemy.actor.Manager.preinitializeAndResolveTypes(Manager.java:1040)
	at ptolemy.actor.Manager.initialize(Manager.java:710)
	at ptolemy.actor.Manager.execute(Manager.java:356)
	at ptolemy.actor.Manager.run(Manager.java:1263)
	at ptolemy.actor.Manager$PtolemyRunThread.run(Manager.java:1915)

    while executing
ptolemy.kernel.util.IllegalActionException: Found a zero delay loop containing .dependencyLoop.original
  in .dependencyLoop and .dependencyLoop.original
    while executing
"java::new ptolemy.moml.MoMLSimpleApplication $file
"
    (procedure "createAndExecute" line 2)
    invoked from within
"createAndExecute $file"
    ("uplevel" body line 5)
    invoked from within
"uplevel $contents_of_test"
------------------ testing $PTII/ptolemy/domains/de/test/auto/knownFailedTests/DESDFClockTest.xml (Known Failure) 
2051 ms. Memory: 146944K Free: 121325K (83%)


==== $PTIIhome/travis/build/icyphy/ptII/ptolemy/domains/de/test/../../../../: Auto Automatic test in file $PTII/ptolemy/domains/de/test/auto/knownFailedTests/DESDFClockTest.xml
==== Contents of test case:

	    # FIXME: we should use $relativeFilename here, but it
	    # might have backslashes under Windows, which causes no end
	    # of trouble.
	    createAndExecute $file
	    list {}
	
.... Test generated KNOWN error:
    while executing
ptolemy.kernel.util.IllegalActionException: Actor is not ready to fire.  Perhaps UpSample.prefire() returned false? Try debugging the actor by selecting "Listen to Actor".  Also, for SDF check moml for tokenConsumptionRate on input.
  in .DESDFClockTest.Play Bell.Copy1:SDF Director and .DESDFClockTest.Play Bell.UpSample
	at ptolemy.actor.sched.StaticSchedulingDirector.fire(StaticSchedulingDirector.java:227)
	at ptolemy.domains.sdf.kernel.SDFDirector.fire(SDFDirector.java:500)
	at ptolemy.actor.CompositeActor.fire(CompositeActor.java:455)
	at ptolemy.domains.de.kernel.DEDirector._fire(DEDirector.java:1949)
	at ptolemy.domains.de.kernel.DEDirector.fire(DEDirector.java:502)
	at ptolemy.actor.CompositeActor.fire(CompositeActor.java:455)
	at ptolemy.actor.Manager.iterate(Manager.java:851)
	at ptolemy.actor.Manager.execute(Manager.java:369)
	at ptolemy.actor.Manager.run(Manager.java:1263)
	at ptolemy.actor.Manager$PtolemyRunThread.run(Manager.java:1915)

    while executing
ptolemy.kernel.util.IllegalActionException: Actor is not ready to fire.  Perhaps UpSample.prefire() returned false? Try debugging the actor by selecting "Listen to Actor".  Also, for SDF check moml for tokenConsumptionRate on input.
  in .DESDFClockTest.Play Bell.Copy1:SDF Director and .DESDFClockTest.Play Bell.UpSample
    while executing
"java::new ptolemy.moml.MoMLSimpleApplication $file
"
    (procedure "createAndExecute" line 2)
    invoked from within
"createAndExecute $file"
    ("uplevel" body line 5)
    invoked from within
"uplevel $contents_of_test"
------------------ testing $PTII/ptolemy/domains/de/test/auto/knownFailedTests/FSMSource.xml (Known Failure) 
26 ms. Memory: 146944K Free: 111915K (76%)
!!!! Auto was marked as failing, but now passes
------------------ testing $PTII/ptolemy/domains/de/test/auto/knownFailedTests/dependencyLoop2.xml (Known Failure) 
10 ms. Memory: 146944K Free: 110032K (75%)


==== $PTIIhome/travis/build/icyphy/ptII/ptolemy/domains/de/test/../../../../: Auto Automatic test in file $PTII/ptolemy/domains/de/test/auto/knownFailedTests/dependencyLoop2.xml
==== Contents of test case:

	    # FIXME: we should use $relativeFilename here, but it
	    # might have backslashes under Windows, which causes no end
	    # of trouble.
	    createAndExecute $file
	    list {}
	
.... Test generated KNOWN error:
    while executing
ptolemy.kernel.util.IllegalActionException: Found a zero delay loop containing .dependencyLoop2.original
  in .dependencyLoop2 and .dependencyLoop2.original
	at ptolemy.actor.util.CausalityInterfaceForComposites._computeOutputPortDepth(CausalityInterfaceForComposites.java:759)
	at ptolemy.actor.util.CausalityInterfaceForComposites._computeInputDepth(CausalityInterfaceForComposites.java:696)
	at ptolemy.actor.util.CausalityInterfaceForComposites._computeOutputPortDepth(CausalityInterfaceForComposites.java:765)
	at ptolemy.actor.util.CausalityInterfaceForComposites._computeInputDepth(CausalityInterfaceForComposites.java:696)
	at ptolemy.actor.util.CausalityInterfaceForComposites._computeOutputPortDepth(CausalityInterfaceForComposites.java:765)
	at ptolemy.actor.util.CausalityInterfaceForComposites._computeInputDepth(CausalityInterfaceForComposites.java:696)
	at ptolemy.actor.util.CausalityInterfaceForComposites._computeActorDepth(CausalityInterfaceForComposites.java:532)
	at ptolemy.actor.util.CausalityInterfaceForComposites.checkForCycles(CausalityInterfaceForComposites.java:96)
	at ptolemy.domains.de.kernel.DEDirector.preinitialize(DEDirector.java:1338)
	at ptolemy.actor.CompositeActor.preinitialize(CompositeActor.java:1828)
	at ptolemy.actor.Manager.preinitializeAndResolveTypes(Manager.java:1040)
	at ptolemy.actor.Manager.initialize(Manager.java:710)
	at ptolemy.actor.Manager.execute(Manager.java:356)
	at ptolemy.actor.Manager.run(Manager.java:1263)
	at ptolemy.actor.Manager$PtolemyRunThread.run(Manager.java:1915)

    while executing
ptolemy.kernel.util.IllegalActionException: Found a zero delay loop containing .dependencyLoop2.original
  in .dependencyLoop2 and .dependencyLoop2.original
    while executing
"java::new ptolemy.moml.MoMLSimpleApplication $file
"
    (procedure "createAndExecute" line 2)
    invoked from within
"createAndExecute $file"
    ("uplevel" body line 5)
    invoked from within
"uplevel $contents_of_test"
------------------ testing $PTII/ptolemy/domains/de/test/auto/knownFailedTests/HierarchicalModel.xml (Known Failure) 
6 ms. Memory: 146944K Free: 89876K (61%)


==== $PTIIhome/travis/build/icyphy/ptII/ptolemy/domains/de/test/../../../../: Auto Automatic test in file $PTII/ptolemy/domains/de/test/auto/knownFailedTests/HierarchicalModel.xml
==== Contents of test case:

	    # FIXME: we should use $relativeFilename here, but it
	    # might have backslashes under Windows, which causes no end
	    # of trouble.
	    createAndExecute $file
	    list {}
	
.... Test generated KNOWN error:
    while executing
ptolemy.kernel.util.IllegalActionException: Found a zero delay loop containing .HierarchicalModel.A
  in .HierarchicalModel and .HierarchicalModel.A
	at ptolemy.actor.util.CausalityInterfaceForComposites._computeOutputPortDepth(CausalityInterfaceForComposites.java:759)
	at ptolemy.actor.util.CausalityInterfaceForComposites._computeInputDepth(CausalityInterfaceForComposites.java:696)
	at ptolemy.actor.util.CausalityInterfaceForComposites._computeOutputPortDepth(CausalityInterfaceForComposites.java:765)
	at ptolemy.actor.util.CausalityInterfaceForComposites._computeInputDepth(CausalityInterfaceForComposites.java:696)
	at ptolemy.actor.util.CausalityInterfaceForComposites._computeOutputPortDepth(CausalityInterfaceForComposites.java:765)
	at ptolemy.actor.util.CausalityInterfaceForComposites._computeInputDepth(CausalityInterfaceForComposites.java:696)
	at ptolemy.actor.util.CausalityInterfaceForComposites._computeActorDepth(CausalityInterfaceForComposites.java:532)
	at ptolemy.actor.util.CausalityInterfaceForComposites.checkForCycles(CausalityInterfaceForComposites.java:96)
	at ptolemy.domains.de.kernel.DEDirector.preinitialize(DEDirector.java:1338)
	at ptolemy.actor.CompositeActor.preinitialize(CompositeActor.java:1828)
	at ptolemy.actor.Manager.preinitializeAndResolveTypes(Manager.java:1040)
	at ptolemy.actor.Manager.initialize(Manager.java:710)
	at ptolemy.actor.Manager.execute(Manager.java:356)
	at ptolemy.actor.Manager.run(Manager.java:1263)
	at ptolemy.actor.Manager$PtolemyRunThread.run(Manager.java:1915)

    while executing
ptolemy.kernel.util.IllegalActionException: Found a zero delay loop containing .HierarchicalModel.A
  in .HierarchicalModel and .HierarchicalModel.A
    while executing
"java::new ptolemy.moml.MoMLSimpleApplication $file
"
    (procedure "createAndExecute" line 2)
    invoked from within
"createAndExecute $file"
    ("uplevel" body line 5)
    invoked from within
"uplevel $contents_of_test"
------------------ testing $PTII/ptolemy/domains/de/test/auto/knownFailedTests/DirectFeedback.xml (Known Failure) 
4 ms. Memory: 146944K Free: 84616K (58%)


==== $PTIIhome/travis/build/icyphy/ptII/ptolemy/domains/de/test/../../../../: Auto Automatic test in file $PTII/ptolemy/domains/de/test/auto/knownFailedTests/DirectFeedback.xml
==== Contents of test case:

	    # FIXME: we should use $relativeFilename here, but it
	    # might have backslashes under Windows, which causes no end
	    # of trouble.
	    createAndExecute $file
	    list {}
	
.... Test generated KNOWN error:
    while executing
ptolemy.kernel.util.IllegalActionException: Test fails in iteration 1.
Value was: 1.0. Should have been: 2.0
  in .DirectFeedback.Test
	at ptolemy.actor.lib.Test.fire(Test.java:268)
	at ptolemy.domains.de.kernel.DEDirector._fire(DEDirector.java:1949)
	at ptolemy.domains.de.kernel.DEDirector.fire(DEDirector.java:502)
	at ptolemy.actor.CompositeActor.fire(CompositeActor.java:455)
	at ptolemy.actor.Manager.iterate(Manager.java:851)
	at ptolemy.actor.Manager.execute(Manager.java:369)
	at ptolemy.actor.Manager.run(Manager.java:1263)
	at ptolemy.actor.Manager$PtolemyRunThread.run(Manager.java:1915)

    while executing
ptolemy.kernel.util.IllegalActionException: Test fails in iteration 1.
Value was: 1.0. Should have been: 2.0
  in .DirectFeedback.Test
    while executing
"java::new ptolemy.moml.MoMLSimpleApplication $file
"
    (procedure "createAndExecute" line 2)
    invoked from within
"createAndExecute $file"
    ("uplevel" body line 5)
    invoked from within
"uplevel $contents_of_test"
------------------ testing $PTII/ptolemy/domains/de/test/auto/ActorDepthCalculation_actorWithoutPorts.xml
auto.tcl: Setting watchdog for 200 seconds at Tue Feb 19 04:05:45 UTC 2019
4 ms. Memory: 146944K Free: 137735K (94%)
ptolemy.util.test.WatchDog.cancel(): canceling Tue Feb 19 04:05:45 UTC 2019
auto.tcl: Setting watchdog for 200 seconds at Tue Feb 19 04:05:45 UTC 2019
3 ms. Memory: 146944K Free: 136725K (93%)
ptolemy.util.test.WatchDog.cancel(): canceling Tue Feb 19 04:05:45 UTC 2019
------------------ testing $PTII/ptolemy/domains/de/test/auto/AssemblyLine.xml
auto.tcl: Setting watchdog for 200 seconds at Tue Feb 19 04:05:45 UTC 2019
7 ms. Memory: 208384K Free: 184711K (89%)
ptolemy.util.test.WatchDog.cancel(): canceling Tue Feb 19 04:05:45 UTC 2019
auto.tcl: Setting watchdog for 200 seconds at Tue Feb 19 04:05:45 UTC 2019
6 ms. Memory: 208384K Free: 183482K (88%)
ptolemy.util.test.WatchDog.cancel(): canceling Tue Feb 19 04:05:45 UTC 2019
------------------ testing $PTII/ptolemy/domains/de/test/auto/CQBug1.xml
auto.tcl: Setting watchdog for 200 seconds at Tue Feb 19 04:05:45 UTC 2019
6 ms. Memory: 208384K Free: 197947K (95%)
ptolemy.util.test.WatchDog.cancel(): canceling Tue Feb 19 04:05:45 UTC 2019
auto.tcl: Setting watchdog for 200 seconds at Tue Feb 19 04:05:45 UTC 2019
2 ms. Memory: 208384K Free: 197947K (95%)
ptolemy.util.test.WatchDog.cancel(): canceling Tue Feb 19 04:05:45 UTC 2019
------------------ testing $PTII/ptolemy/domains/de/test/auto/CancelFireAt.xml
auto.tcl: Setting watchdog for 200 seconds at Tue Feb 19 04:05:45 UTC 2019
4 ms. Memory: 208384K Free: 201587K (97%)
ptolemy.util.test.WatchDog.cancel(): canceling Tue Feb 19 04:05:45 UTC 2019
auto.tcl: Setting watchdog for 200 seconds at Tue Feb 19 04:05:45 UTC 2019
4 ms. Memory: 208384K Free: 199567K (96%)
ptolemy.util.test.WatchDog.cancel(): canceling Tue Feb 19 04:05:45 UTC 2019
------------------ testing $PTII/ptolemy/domains/de/test/auto/CausalityAndComposabilityAnalysis.xml
auto.tcl: Setting watchdog for 200 seconds at Tue Feb 19 04:05:45 UTC 2019
11 ms. Memory: 208384K Free: 198645K (95%)
ptolemy.util.test.WatchDog.cancel(): canceling Tue Feb 19 04:05:45 UTC 2019
auto.tcl: Setting watchdog for 200 seconds at Tue Feb 19 04:05:45 UTC 2019
9 ms. Memory: 208384K Free: 196625K (94%)
ptolemy.util.test.WatchDog.cancel(): canceling Tue Feb 19 04:05:45 UTC 2019
------------------ testing $PTII/ptolemy/domains/de/test/auto/CausalityInterface1.xml
auto.tcl: Setting watchdog for 200 seconds at Tue Feb 19 04:05:45 UTC 2019
27 ms. Memory: 208384K Free: 196562K (94%)
ptolemy.util.test.WatchDog.cancel(): canceling Tue Feb 19 04:05:45 UTC 2019
auto.tcl: Setting watchdog for 200 seconds at Tue Feb 19 04:05:45 UTC 2019
8 ms. Memory: 208384K Free: 196562K (94%)
ptolemy.util.test.WatchDog.cancel(): canceling Tue Feb 19 04:05:45 UTC 2019
------------------ testing $PTII/ptolemy/domains/de/test/auto/CausalityInterface15.xml
auto.tcl: Setting watchdog for 200 seconds at Tue Feb 19 04:05:45 UTC 2019
15 ms. Memory: 208384K Free: 196549K (94%)
ptolemy.util.test.WatchDog.cancel(): canceling Tue Feb 19 04:05:46 UTC 2019
auto.tcl: Setting watchdog for 200 seconds at Tue Feb 19 04:05:46 UTC 2019
5 ms. Memory: 208384K Free: 196549K (94%)
ptolemy.util.test.WatchDog.cancel(): canceling Tue Feb 19 04:05:46 UTC 2019
------------------ testing $PTII/ptolemy/domains/de/test/auto/CausalityInterface2.xml
auto.tcl: Setting watchdog for 200 seconds at Tue Feb 19 04:05:46 UTC 2019
10 ms. Memory: 208384K Free: 196536K (94%)
ptolemy.util.test.WatchDog.cancel(): canceling Tue Feb 19 04:05:46 UTC 2019
auto.tcl: Setting watchdog for 200 seconds at Tue Feb 19 04:05:46 UTC 2019
6 ms. Memory: 208384K Free: 196536K (94%)
ptolemy.util.test.WatchDog.cancel(): canceling Tue Feb 19 04:05:46 UTC 2019
------------------ testing $PTII/ptolemy/domains/de/test/auto/CausalityInterface3.xml
auto.tcl: Setting watchdog for 200 seconds at Tue Feb 19 04:05:46 UTC 2019
7 ms. Memory: 208384K Free: 196549K (94%)
ptolemy.util.test.WatchDog.cancel(): canceling Tue Feb 19 04:05:46 UTC 2019
auto.tcl: Setting watchdog for 200 seconds at Tue Feb 19 04:05:46 UTC 2019
3 ms. Memory: 208384K Free: 196549K (94%)
ptolemy.util.test.WatchDog.cancel(): canceling Tue Feb 19 04:05:46 UTC 2019
------------------ testing $PTII/ptolemy/domains/de/test/auto/ClockDrift.xml
auto.tcl: Setting watchdog for 200 seconds at Tue Feb 19 04:05:46 UTC 2019
67 ms. Memory: 208384K Free: 188019K (90%)
ptolemy.util.test.WatchDog.cancel(): canceling Tue Feb 19 04:05:46 UTC 2019
auto.tcl: Setting watchdog for 200 seconds at Tue Feb 19 04:05:46 UTC 2019
66 ms. Memory: 208384K Free: 185999K (89%)
ptolemy.util.test.WatchDog.cancel(): canceling Tue Feb 19 04:05:46 UTC 2019
------------------ testing $PTII/ptolemy/domains/de/test/auto/ClockDriftAndValueChange.xml
auto.tcl: Setting watchdog for 200 seconds at Tue Feb 19 04:05:46 UTC 2019
44 ms. Memory: 208384K Free: 187849K (90%)
ptolemy.util.test.WatchDog.cancel(): canceling Tue Feb 19 04:05:46 UTC 2019
auto.tcl: Setting watchdog for 200 seconds at Tue Feb 19 04:05:46 UTC 2019
29 ms. Memory: 208384K Free: 185829K (89%)
ptolemy.util.test.WatchDog.cancel(): canceling Tue Feb 19 04:05:46 UTC 2019
------------------ testing $PTII/ptolemy/domains/de/test/auto/ClockDriftChange.xml
auto.tcl: Setting watchdog for 200 seconds at Tue Feb 19 04:05:46 UTC 2019
31 ms. Memory: 208384K Free: 191095K (92%)
ptolemy.util.test.WatchDog.cancel(): canceling Tue Feb 19 04:05:46 UTC 2019
auto.tcl: Setting watchdog for 200 seconds at Tue Feb 19 04:05:46 UTC 2019
32 ms. Memory: 208384K Free: 189075K (91%)
ptolemy.util.test.WatchDog.cancel(): canceling Tue Feb 19 04:05:46 UTC 2019
------------------ testing $PTII/ptolemy/domains/de/test/auto/ComposableCausalityAnalysis.xml
auto.tcl: Setting watchdog for 200 seconds at Tue Feb 19 04:05:46 UTC 2019
2 ms. Memory: 208384K Free: 196403K (94%)
ptolemy.util.test.WatchDog.cancel(): canceling Tue Feb 19 04:05:46 UTC 2019
auto.tcl: Setting watchdog for 200 seconds at Tue Feb 19 04:05:46 UTC 2019
2 ms. Memory: 208384K Free: 194382K (93%)
ptolemy.util.test.WatchDog.cancel(): canceling Tue Feb 19 04:05:46 UTC 2019
------------------ testing $PTII/ptolemy/domains/de/test/auto/DEFixedPointLimitation.xml
auto.tcl: Setting watchdog for 200 seconds at Tue Feb 19 04:05:46 UTC 2019
2 ms. Memory: 208384K Free: 196483K (94%)
ptolemy.util.test.WatchDog.cancel(): canceling Tue Feb 19 04:05:46 UTC 2019
auto.tcl: Setting watchdog for 200 seconds at Tue Feb 19 04:05:46 UTC 2019
2 ms. Memory: 208384K Free: 196483K (94%)
ptolemy.util.test.WatchDog.cancel(): canceling Tue Feb 19 04:05:46 UTC 2019
------------------ testing $PTII/ptolemy/domains/de/test/auto/DEScheduleTest.xml
auto.tcl: Setting watchdog for 200 seconds at Tue Feb 19 04:05:47 UTC 2019
3 ms. Memory: 208384K Free: 199058K (96%)
ptolemy.util.test.WatchDog.cancel(): canceling Tue Feb 19 04:05:47 UTC 2019
auto.tcl: Setting watchdog for 200 seconds at Tue Feb 19 04:05:47 UTC 2019
6 ms. Memory: 208384K Free: 196518K (94%)
ptolemy.util.test.WatchDog.cancel(): canceling Tue Feb 19 04:05:47 UTC 2019
------------------ testing $PTII/ptolemy/domains/de/test/auto/DEinDEwithStartTimes.xml
auto.tcl: Setting watchdog for 200 seconds at Tue Feb 19 04:05:47 UTC 2019
3 ms. Memory: 208384K Free: 197008K (95%)
ptolemy.util.test.WatchDog.cancel(): canceling Tue Feb 19 04:05:47 UTC 2019
auto.tcl: Setting watchdog for 200 seconds at Tue Feb 19 04:05:47 UTC 2019
3 ms. Memory: 208384K Free: 194988K (94%)
ptolemy.util.test.WatchDog.cancel(): canceling Tue Feb 19 04:05:47 UTC 2019
------------------ testing $PTII/ptolemy/domains/de/test/auto/DEinDEwithStartTimes2.xml
auto.tcl: Setting watchdog for 200 seconds at Tue Feb 19 04:05:47 UTC 2019
3 ms. Memory: 208384K Free: 196988K (95%)
ptolemy.util.test.WatchDog.cancel(): canceling Tue Feb 19 04:05:47 UTC 2019
auto.tcl: Setting watchdog for 200 seconds at Tue Feb 19 04:05:47 UTC 2019
4 ms. Memory: 208384K Free: 194968K (94%)
ptolemy.util.test.WatchDog.cancel(): canceling Tue Feb 19 04:05:47 UTC 2019
------------------ testing $PTII/ptolemy/domains/de/test/auto/DateDemo.xml
auto.tcl: Setting watchdog for 200 seconds at Tue Feb 19 04:05:47 UTC 2019
14 ms. Memory: 208384K Free: 189147K (91%)
ptolemy.util.test.WatchDog.cancel(): canceling Tue Feb 19 04:05:47 UTC 2019
auto.tcl: Setting watchdog for 200 seconds at Tue Feb 19 04:05:47 UTC 2019
6 ms. Memory: 208384K Free: 187127K (90%)
ptolemy.util.test.WatchDog.cancel(): canceling Tue Feb 19 04:05:47 UTC 2019
------------------ testing $PTII/ptolemy/domains/de/test/auto/DateToEvent.xml
auto.tcl: Setting watchdog for 200 seconds at Tue Feb 19 04:05:47 UTC 2019
2012 ms. Memory: 208384K Free: 184101K (88%)
ptolemy.util.test.WatchDog.cancel(): canceling Tue Feb 19 04:05:49 UTC 2019
auto.tcl: Setting watchdog for 200 seconds at Tue Feb 19 04:05:49 UTC 2019
2005 ms. Memory: 208384K Free: 184101K (88%)
ptolemy.util.test.WatchDog.cancel(): canceling Tue Feb 19 04:05:51 UTC 2019
------------------ testing $PTII/ptolemy/domains/de/test/auto/DepthTest1.xml
auto.tcl: Setting watchdog for 200 seconds at Tue Feb 19 04:05:51 UTC 2019
2 ms. Memory: 208384K Free: 198069K (95%)
ptolemy.util.test.WatchDog.cancel(): canceling Tue Feb 19 04:05:51 UTC 2019
auto.tcl: Setting watchdog for 200 seconds at Tue Feb 19 04:05:51 UTC 2019
1 ms. Memory: 208384K Free: 198069K (95%)
ptolemy.util.test.WatchDog.cancel(): canceling Tue Feb 19 04:05:51 UTC 2019
------------------ testing $PTII/ptolemy/domains/de/test/auto/DepthTest2.xml
auto.tcl: Setting watchdog for 200 seconds at Tue Feb 19 04:05:51 UTC 2019
3 ms. Memory: 208384K Free: 194429K (93%)
ptolemy.util.test.WatchDog.cancel(): canceling Tue Feb 19 04:05:51 UTC 2019
auto.tcl: Setting watchdog for 200 seconds at Tue Feb 19 04:05:51 UTC 2019
2 ms. Memory: 208384K Free: 194429K (93%)
ptolemy.util.test.WatchDog.cancel(): canceling Tue Feb 19 04:05:51 UTC 2019
------------------ testing $PTII/ptolemy/domains/de/test/auto/DepthTest3.xml
auto.tcl: Setting watchdog for 200 seconds at Tue Feb 19 04:05:51 UTC 2019
2 ms. Memory: 208384K Free: 198404K (95%)
ptolemy.util.test.WatchDog.cancel(): canceling Tue Feb 19 04:05:51 UTC 2019
auto.tcl: Setting watchdog for 200 seconds at Tue Feb 19 04:05:51 UTC 2019
1 ms. Memory: 208384K Free: 198404K (95%)
ptolemy.util.test.WatchDog.cancel(): canceling Tue Feb 19 04:05:51 UTC 2019
------------------ testing $PTII/ptolemy/domains/de/test/auto/DepthTest4.xml
auto.tcl: Setting watchdog for 200 seconds at Tue Feb 19 04:05:51 UTC 2019
3 ms. Memory: 208384K Free: 196471K (94%)
ptolemy.util.test.WatchDog.cancel(): canceling Tue Feb 19 04:05:51 UTC 2019
auto.tcl: Setting watchdog for 200 seconds at Tue Feb 19 04:05:51 UTC 2019
2 ms. Memory: 208384K Free: 196471K (94%)
ptolemy.util.test.WatchDog.cancel(): canceling Tue Feb 19 04:05:51 UTC 2019
------------------ testing $PTII/ptolemy/domains/de/test/auto/DepthTest5.xml
auto.tcl: Setting watchdog for 200 seconds at Tue Feb 19 04:05:51 UTC 2019
6 ms. Memory: 208384K Free: 196936K (95%)
ptolemy.util.test.WatchDog.cancel(): canceling Tue Feb 19 04:05:51 UTC 2019
auto.tcl: Setting watchdog for 200 seconds at Tue Feb 19 04:05:51 UTC 2019
2 ms. Memory: 208384K Free: 196936K (95%)
ptolemy.util.test.WatchDog.cancel(): canceling Tue Feb 19 04:05:51 UTC 2019
------------------ testing $PTII/ptolemy/domains/de/test/auto/DepthTest6.xml
auto.tcl: Setting watchdog for 200 seconds at Tue Feb 19 04:05:51 UTC 2019
6 ms. Memory: 208384K Free: 196912K (94%)
ptolemy.util.test.WatchDog.cancel(): canceling Tue Feb 19 04:05:51 UTC 2019
auto.tcl: Setting watchdog for 200 seconds at Tue Feb 19 04:05:51 UTC 2019
3 ms. Memory: 208384K Free: 196912K (94%)
ptolemy.util.test.WatchDog.cancel(): canceling Tue Feb 19 04:05:51 UTC 2019
------------------ testing $PTII/ptolemy/domains/de/test/auto/DepthTest7.xml
auto.tcl: Setting watchdog for 200 seconds at Tue Feb 19 04:05:51 UTC 2019
2 ms. Memory: 208384K Free: 196373K (94%)
ptolemy.util.test.WatchDog.cancel(): canceling Tue Feb 19 04:05:51 UTC 2019
auto.tcl: Setting watchdog for 200 seconds at Tue Feb 19 04:05:51 UTC 2019
2 ms. Memory: 208384K Free: 196373K (94%)
ptolemy.util.test.WatchDog.cancel(): canceling Tue Feb 19 04:05:51 UTC 2019
------------------ testing $PTII/ptolemy/domains/de/test/auto/EventToDate.xml
auto.tcl: Setting watchdog for 200 seconds at Tue Feb 19 04:05:52 UTC 2019
3008 ms. Memory: 208384K Free: 183836K (88%)
ptolemy.util.test.WatchDog.cancel(): canceling Tue Feb 19 04:05:55 UTC 2019
auto.tcl: Setting watchdog for 200 seconds at Tue Feb 19 04:05:55 UTC 2019
3004 ms. Memory: 208384K Free: 183836K (88%)
ptolemy.util.test.WatchDog.cancel(): canceling Tue Feb 19 04:05:58 UTC 2019
------------------ testing $PTII/ptolemy/domains/de/test/auto/FSM1.xml
auto.tcl: Setting watchdog for 200 seconds at Tue Feb 19 04:05:58 UTC 2019
30 ms. Memory: 208384K Free: 189585K (91%)
ptolemy.util.test.WatchDog.cancel(): canceling Tue Feb 19 04:05:58 UTC 2019
auto.tcl: Setting watchdog for 200 seconds at Tue Feb 19 04:05:58 UTC 2019
14 ms. Memory: 208384K Free: 185545K (89%)
ptolemy.util.test.WatchDog.cancel(): canceling Tue Feb 19 04:05:58 UTC 2019
------------------ testing $PTII/ptolemy/domains/de/test/auto/FSM7.xml
auto.tcl: Setting watchdog for 200 seconds at Tue Feb 19 04:05:58 UTC 2019
12 ms. Memory: 208384K Free: 187768K (90%)
ptolemy.util.test.WatchDog.cancel(): canceling Tue Feb 19 04:05:58 UTC 2019
auto.tcl: Setting watchdog for 200 seconds at Tue Feb 19 04:05:58 UTC 2019
16 ms. Memory: 208384K Free: 185748K (89%)
ptolemy.util.test.WatchDog.cancel(): canceling Tue Feb 19 04:05:58 UTC 2019
------------------ testing $PTII/ptolemy/domains/de/test/auto/Inspection.xml
auto.tcl: Setting watchdog for 200 seconds at Tue Feb 19 04:05:58 UTC 2019
23 ms. Memory: 208384K Free: 188982K (91%)
ptolemy.util.test.WatchDog.cancel(): canceling Tue Feb 19 04:05:58 UTC 2019
auto.tcl: Setting watchdog for 200 seconds at Tue Feb 19 04:05:58 UTC 2019
22 ms. Memory: 208384K Free: 186962K (90%)
ptolemy.util.test.WatchDog.cancel(): canceling Tue Feb 19 04:05:58 UTC 2019
------------------ testing $PTII/ptolemy/domains/de/test/auto/Iteration.xml
auto.tcl: Setting watchdog for 200 seconds at Tue Feb 19 04:05:58 UTC 2019
19 ms. Memory: 208384K Free: 196699K (94%)
ptolemy.util.test.WatchDog.cancel(): canceling Tue Feb 19 04:05:58 UTC 2019
auto.tcl: Setting watchdog for 200 seconds at Tue Feb 19 04:05:58 UTC 2019
7 ms. Memory: 208384K Free: 194160K (93%)
ptolemy.util.test.WatchDog.cancel(): canceling Tue Feb 19 04:05:58 UTC 2019
------------------ testing $PTII/ptolemy/domains/de/test/auto/LineFault.xml
auto.tcl: Setting watchdog for 200 seconds at Tue Feb 19 04:05:58 UTC 2019
690 ms. Memory: 208384K Free: 201071K (96%)
ptolemy.util.test.WatchDog.cancel(): canceling Tue Feb 19 04:05:59 UTC 2019
auto.tcl: Setting watchdog for 200 seconds at Tue Feb 19 04:05:59 UTC 2019
656 ms. Memory: 208384K Free: 144250K (69%)
ptolemy.util.test.WatchDog.cancel(): canceling Tue Feb 19 04:06:00 UTC 2019
------------------ testing $PTII/ptolemy/domains/de/test/auto/MergeModel1Add.xml
auto.tcl: Setting watchdog for 200 seconds at Tue Feb 19 04:06:00 UTC 2019
15 ms. Memory: 331264K Free: 301050K (91%)
ptolemy.util.test.WatchDog.cancel(): canceling Tue Feb 19 04:06:00 UTC 2019
auto.tcl: Setting watchdog for 200 seconds at Tue Feb 19 04:06:00 UTC 2019
13 ms. Memory: 331264K Free: 301050K (91%)
ptolemy.util.test.WatchDog.cancel(): canceling Tue Feb 19 04:06:00 UTC 2019
------------------ testing $PTII/ptolemy/domains/de/test/auto/MergeModel2Add.xml
auto.tcl: Setting watchdog for 200 seconds at Tue Feb 19 04:06:00 UTC 2019
12 ms. Memory: 331264K Free: 304146K (92%)
ptolemy.util.test.WatchDog.cancel(): canceling Tue Feb 19 04:06:00 UTC 2019
auto.tcl: Setting watchdog for 200 seconds at Tue Feb 19 04:06:00 UTC 2019
7 ms. Memory: 331264K Free: 300616K (91%)
ptolemy.util.test.WatchDog.cancel(): canceling Tue Feb 19 04:06:00 UTC 2019
------------------ testing $PTII/ptolemy/domains/de/test/auto/MergeModel3Add.xml
auto.tcl: Setting watchdog for 200 seconds at Tue Feb 19 04:06:00 UTC 2019
10 ms. Memory: 331264K Free: 300621K (91%)
ptolemy.util.test.WatchDog.cancel(): canceling Tue Feb 19 04:06:00 UTC 2019
auto.tcl: Setting watchdog for 200 seconds at Tue Feb 19 04:06:00 UTC 2019
7 ms. Memory: 331264K Free: 300621K (91%)
ptolemy.util.test.WatchDog.cancel(): canceling Tue Feb 19 04:06:00 UTC 2019
------------------ testing $PTII/ptolemy/domains/de/test/auto/MergeWithoutDiscard.xml
auto.tcl: Setting watchdog for 200 seconds at Tue Feb 19 04:06:00 UTC 2019
4 ms. Memory: 331264K Free: 314742K (95%)
ptolemy.util.test.WatchDog.cancel(): canceling Tue Feb 19 04:06:00 UTC 2019
auto.tcl: Setting watchdog for 200 seconds at Tue Feb 19 04:06:00 UTC 2019
2 ms. Memory: 331264K Free: 314742K (95%)
ptolemy.util.test.WatchDog.cancel(): canceling Tue Feb 19 04:06:00 UTC 2019
------------------ testing $PTII/ptolemy/domains/de/test/auto/Modal1.xml
auto.tcl: Setting watchdog for 200 seconds at Tue Feb 19 04:06:00 UTC 2019
18 ms. Memory: 331264K Free: 309068K (93%)
ptolemy.util.test.WatchDog.cancel(): canceling Tue Feb 19 04:06:00 UTC 2019
auto.tcl: Setting watchdog for 200 seconds at Tue Feb 19 04:06:00 UTC 2019
22 ms. Memory: 331264K Free: 305538K (92%)
ptolemy.util.test.WatchDog.cancel(): canceling Tue Feb 19 04:06:00 UTC 2019
------------------ testing $PTII/ptolemy/domains/de/test/auto/Modal2.xml
auto.tcl: Setting watchdog for 200 seconds at Tue Feb 19 04:06:00 UTC 2019
12 ms. Memory: 331264K Free: 308926K (93%)
ptolemy.util.test.WatchDog.cancel(): canceling Tue Feb 19 04:06:00 UTC 2019
auto.tcl: Setting watchdog for 200 seconds at Tue Feb 19 04:06:00 UTC 2019
10 ms. Memory: 331264K Free: 305396K (92%)
ptolemy.util.test.WatchDog.cancel(): canceling Tue Feb 19 04:06:00 UTC 2019
------------------ testing $PTII/ptolemy/domains/de/test/auto/Modal3.xml
auto.tcl: Setting watchdog for 200 seconds at Tue Feb 19 04:06:00 UTC 2019
14 ms. Memory: 331264K Free: 309615K (93%)
ptolemy.util.test.WatchDog.cancel(): canceling Tue Feb 19 04:06:00 UTC 2019
auto.tcl: Setting watchdog for 200 seconds at Tue Feb 19 04:06:00 UTC 2019
10 ms. Memory: 331264K Free: 305410K (92%)
ptolemy.util.test.WatchDog.cancel(): canceling Tue Feb 19 04:06:00 UTC 2019
------------------ testing $PTII/ptolemy/domains/de/test/auto/Modal4.xml
auto.tcl: Setting watchdog for 200 seconds at Tue Feb 19 04:06:00 UTC 2019
25 ms. Memory: 331264K Free: 308937K (93%)
ptolemy.util.test.WatchDog.cancel(): canceling Tue Feb 19 04:06:01 UTC 2019
auto.tcl: Setting watchdog for 200 seconds at Tue Feb 19 04:06:01 UTC 2019
12 ms. Memory: 331264K Free: 301877K (91%)
ptolemy.util.test.WatchDog.cancel(): canceling Tue Feb 19 04:06:01 UTC 2019
------------------ testing $PTII/ptolemy/domains/de/test/auto/Modal5.xml
auto.tcl: Setting watchdog for 200 seconds at Tue Feb 19 04:06:01 UTC 2019
15 ms. Memory: 331264K Free: 308925K (93%)
ptolemy.util.test.WatchDog.cancel(): canceling Tue Feb 19 04:06:01 UTC 2019
auto.tcl: Setting watchdog for 200 seconds at Tue Feb 19 04:06:01 UTC 2019
11 ms. Memory: 331264K Free: 301864K (91%)
ptolemy.util.test.WatchDog.cancel(): canceling Tue Feb 19 04:06:01 UTC 2019
------------------ testing $PTII/ptolemy/domains/de/test/auto/Modal6.xml
auto.tcl: Setting watchdog for 200 seconds at Tue Feb 19 04:06:01 UTC 2019
12 ms. Memory: 331264K Free: 308922K (93%)
ptolemy.util.test.WatchDog.cancel(): canceling Tue Feb 19 04:06:01 UTC 2019
auto.tcl: Setting watchdog for 200 seconds at Tue Feb 19 04:06:01 UTC 2019
13 ms. Memory: 331264K Free: 305392K (92%)
ptolemy.util.test.WatchDog.cancel(): canceling Tue Feb 19 04:06:01 UTC 2019
------------------ testing $PTII/ptolemy/domains/de/test/auto/Modal7.xml
auto.tcl: Setting watchdog for 200 seconds at Tue Feb 19 04:06:01 UTC 2019
13 ms. Memory: 331264K Free: 305392K (92%)
ptolemy.util.test.WatchDog.cancel(): canceling Tue Feb 19 04:06:01 UTC 2019
auto.tcl: Setting watchdog for 200 seconds at Tue Feb 19 04:06:01 UTC 2019
19 ms. Memory: 331264K Free: 301862K (91%)
ptolemy.util.test.WatchDog.cancel(): canceling Tue Feb 19 04:06:01 UTC 2019
------------------ testing $PTII/ptolemy/domains/de/test/auto/ModalModel.xml
auto.tcl: Setting watchdog for 200 seconds at Tue Feb 19 04:06:01 UTC 2019
191 ms. Memory: 331264K Free: 246690K (74%)
ptolemy.util.test.WatchDog.cancel(): canceling Tue Feb 19 04:06:01 UTC 2019
auto.tcl: Setting watchdog for 200 seconds at Tue Feb 19 04:06:01 UTC 2019
171 ms. Memory: 331264K Free: 190207K (57%)
ptolemy.util.test.WatchDog.cancel(): canceling Tue Feb 19 04:06:01 UTC 2019
------------------ testing $PTII/ptolemy/domains/de/test/auto/ModalSource.xml
auto.tcl: Setting watchdog for 200 seconds at Tue Feb 19 04:06:01 UTC 2019
8 ms. Memory: 331264K Free: 315145K (95%)
ptolemy.util.test.WatchDog.cancel(): canceling Tue Feb 19 04:06:01 UTC 2019
auto.tcl: Setting watchdog for 200 seconds at Tue Feb 19 04:06:01 UTC 2019
6 ms. Memory: 331264K Free: 311906K (94%)
ptolemy.util.test.WatchDog.cancel(): canceling Tue Feb 19 04:06:01 UTC 2019
------------------ testing $PTII/ptolemy/domains/de/test/auto/NonInterruptibleTimerZeroDelay.xml
auto.tcl: Setting watchdog for 200 seconds at Tue Feb 19 04:06:02 UTC 2019
4 ms. Memory: 331264K Free: 319476K (96%)
ptolemy.util.test.WatchDog.cancel(): canceling Tue Feb 19 04:06:02 UTC 2019
auto.tcl: Setting watchdog for 200 seconds at Tue Feb 19 04:06:02 UTC 2019
2 ms. Memory: 331264K Free: 316236K (95%)
ptolemy.util.test.WatchDog.cancel(): canceling Tue Feb 19 04:06:02 UTC 2019
------------------ testing $PTII/ptolemy/domains/de/test/auto/OpenQueueingNetwork.xml
auto.tcl: Setting watchdog for 200 seconds at Tue Feb 19 04:06:02 UTC 2019
3178 ms. Memory: 573952K Free: 351211K (61%)
ptolemy.util.test.WatchDog.cancel(): canceling Tue Feb 19 04:06:05 UTC 2019
auto.tcl: Setting watchdog for 200 seconds at Tue Feb 19 04:06:05 UTC 2019
2642 ms. Memory: 574464K Free: 230120K (40%)
ptolemy.util.test.WatchDog.cancel(): canceling Tue Feb 19 04:06:08 UTC 2019
------------------ testing $PTII/ptolemy/domains/de/test/auto/OpenQueuingNetwork.xml
auto.tcl: Setting watchdog for 200 seconds at Tue Feb 19 04:06:08 UTC 2019
259 ms. Memory: 1064960K Free: 937671K (88%)
ptolemy.util.test.WatchDog.cancel(): canceling Tue Feb 19 04:06:08 UTC 2019
auto.tcl: Setting watchdog for 200 seconds at Tue Feb 19 04:06:08 UTC 2019
265 ms. Memory: 1064960K Free: 884506K (83%)
ptolemy.util.test.WatchDog.cancel(): canceling Tue Feb 19 04:06:08 UTC 2019
------------------ testing $PTII/ptolemy/domains/de/test/auto/PeriodicSampler.xml
auto.tcl: Setting watchdog for 200 seconds at Tue Feb 19 04:06:08 UTC 2019
2 ms. Memory: 1065472K Free: 1034530K (97%)
ptolemy.util.test.WatchDog.cancel(): canceling Tue Feb 19 04:06:08 UTC 2019
auto.tcl: Setting watchdog for 200 seconds at Tue Feb 19 04:06:08 UTC 2019
2 ms. Memory: 1065472K Free: 1034530K (97%)
ptolemy.util.test.WatchDog.cancel(): canceling Tue Feb 19 04:06:08 UTC 2019
------------------ testing $PTII/ptolemy/domains/de/test/auto/PersistentIO.xml
auto.tcl: Setting watchdog for 200 seconds at Tue Feb 19 04:06:08 UTC 2019
9 ms. Memory: 1065472K Free: 1036256K (97%)
ptolemy.util.test.WatchDog.cancel(): canceling Tue Feb 19 04:06:08 UTC 2019
auto.tcl: Setting watchdog for 200 seconds at Tue Feb 19 04:06:08 UTC 2019
4 ms. Memory: 1065472K Free: 1036256K (97%)
ptolemy.util.test.WatchDog.cancel(): canceling Tue Feb 19 04:06:08 UTC 2019
------------------ testing $PTII/ptolemy/domains/de/test/auto/PortParameterResetOnInitialize.xml
auto.tcl: Setting watchdog for 200 seconds at Tue Feb 19 04:06:08 UTC 2019
2 ms. Memory: 1065472K Free: 1026298K (96%)
ptolemy.util.test.WatchDog.cancel(): canceling Tue Feb 19 04:06:08 UTC 2019
auto.tcl: Setting watchdog for 200 seconds at Tue Feb 19 04:06:08 UTC 2019
2 ms. Memory: 1065472K Free: 1026298K (96%)
ptolemy.util.test.WatchDog.cancel(): canceling Tue Feb 19 04:06:08 UTC 2019
------------------ testing $PTII/ptolemy/domains/de/test/auto/PortParameterUpdates.xml
auto.tcl: Setting watchdog for 200 seconds at Tue Feb 19 04:06:09 UTC 2019
5 ms. Memory: 1065472K Free: 1025292K (96%)
ptolemy.util.test.WatchDog.cancel(): canceling Tue Feb 19 04:06:09 UTC 2019
auto.tcl: Setting watchdog for 200 seconds at Tue Feb 19 04:06:09 UTC 2019
4 ms. Memory: 1065472K Free: 1025292K (96%)
ptolemy.util.test.WatchDog.cancel(): canceling Tue Feb 19 04:06:09 UTC 2019
------------------ testing $PTII/ptolemy/domains/de/test/auto/QueueAndServer.xml
auto.tcl: Setting watchdog for 200 seconds at Tue Feb 19 04:06:09 UTC 2019
14 ms. Memory: 1065472K Free: 1035075K (97%)
ptolemy.util.test.WatchDog.cancel(): canceling Tue Feb 19 04:06:09 UTC 2019
auto.tcl: Setting watchdog for 200 seconds at Tue Feb 19 04:06:09 UTC 2019
7 ms. Memory: 1065472K Free: 1035075K (97%)
ptolemy.util.test.WatchDog.cancel(): canceling Tue Feb 19 04:06:09 UTC 2019
------------------ testing $PTII/ptolemy/domains/de/test/auto/Records.xml
auto.tcl: Setting watchdog for 200 seconds at Tue Feb 19 04:06:09 UTC 2019
10 ms. Memory: 1065472K Free: 1035016K (97%)
ptolemy.util.test.WatchDog.cancel(): canceling Tue Feb 19 04:06:09 UTC 2019
auto.tcl: Setting watchdog for 200 seconds at Tue Feb 19 04:06:09 UTC 2019
1 ms. Memory: 1065472K Free: 1035016K (97%)
ptolemy.util.test.WatchDog.cancel(): canceling Tue Feb 19 04:06:09 UTC 2019
------------------ testing $PTII/ptolemy/domains/de/test/auto/ResetTransitionWithStartTime1.xml
auto.tcl: Setting watchdog for 200 seconds at Tue Feb 19 04:06:09 UTC 2019
9 ms. Memory: 1065472K Free: 1036181K (97%)
ptolemy.util.test.WatchDog.cancel(): canceling Tue Feb 19 04:06:09 UTC 2019
auto.tcl: Setting watchdog for 200 seconds at Tue Feb 19 04:06:09 UTC 2019
5 ms. Memory: 1065472K Free: 1035041K (97%)
ptolemy.util.test.WatchDog.cancel(): canceling Tue Feb 19 04:06:09 UTC 2019
------------------ testing $PTII/ptolemy/domains/de/test/auto/ResetTransitionWithStartTime2.xml
auto.tcl: Setting watchdog for 200 seconds at Tue Feb 19 04:06:09 UTC 2019
4 ms. Memory: 1064448K Free: 1035148K (97%)
ptolemy.util.test.WatchDog.cancel(): canceling Tue Feb 19 04:06:09 UTC 2019
auto.tcl: Setting watchdog for 200 seconds at Tue Feb 19 04:06:09 UTC 2019
6 ms. Memory: 1064448K Free: 1035148K (97%)
ptolemy.util.test.WatchDog.cancel(): canceling Tue Feb 19 04:06:09 UTC 2019
------------------ testing $PTII/ptolemy/domains/de/test/auto/ResetTransitionWithStartTime3.xml
auto.tcl: Setting watchdog for 200 seconds at Tue Feb 19 04:06:09 UTC 2019
6 ms. Memory: 1064960K Free: 1034519K (97%)
ptolemy.util.test.WatchDog.cancel(): canceling Tue Feb 19 04:06:09 UTC 2019
auto.tcl: Setting watchdog for 200 seconds at Tue Feb 19 04:06:09 UTC 2019
4 ms. Memory: 1064960K Free: 1034519K (97%)
ptolemy.util.test.WatchDog.cancel(): canceling Tue Feb 19 04:06:09 UTC 2019
------------------ testing $PTII/ptolemy/domains/de/test/auto/ResetTransitionWithStartTime4.xml
auto.tcl: Setting watchdog for 200 seconds at Tue Feb 19 04:06:09 UTC 2019
4 ms. Memory: 1064960K Free: 1034518K (97%)
ptolemy.util.test.WatchDog.cancel(): canceling Tue Feb 19 04:06:09 UTC 2019
auto.tcl: Setting watchdog for 200 seconds at Tue Feb 19 04:06:09 UTC 2019
4 ms. Memory: 1064960K Free: 1034518K (97%)
ptolemy.util.test.WatchDog.cancel(): canceling Tue Feb 19 04:06:09 UTC 2019
------------------ testing $PTII/ptolemy/domains/de/test/auto/ResettableTimer1.xml
auto.tcl: Setting watchdog for 200 seconds at Tue Feb 19 04:06:09 UTC 2019
3 ms. Memory: 1064960K Free: 1034514K (97%)
ptolemy.util.test.WatchDog.cancel(): canceling Tue Feb 19 04:06:09 UTC 2019
auto.tcl: Setting watchdog for 200 seconds at Tue Feb 19 04:06:09 UTC 2019
1 ms. Memory: 1064960K Free: 1034514K (97%)
ptolemy.util.test.WatchDog.cancel(): canceling Tue Feb 19 04:06:09 UTC 2019
------------------ testing $PTII/ptolemy/domains/de/test/auto/ResettableTimer2.xml
auto.tcl: Setting watchdog for 200 seconds at Tue Feb 19 04:06:09 UTC 2019
2 ms. Memory: 1064960K Free: 1035711K (97%)
ptolemy.util.test.WatchDog.cancel(): canceling Tue Feb 19 04:06:09 UTC 2019
auto.tcl: Setting watchdog for 200 seconds at Tue Feb 19 04:06:09 UTC 2019
2 ms. Memory: 1064960K Free: 1035711K (97%)
ptolemy.util.test.WatchDog.cancel(): canceling Tue Feb 19 04:06:09 UTC 2019
------------------ testing $PTII/ptolemy/domains/de/test/auto/ResettableTimer3.xml
auto.tcl: Setting watchdog for 200 seconds at Tue Feb 19 04:06:09 UTC 2019
1 ms. Memory: 1064960K Free: 1034571K (97%)
ptolemy.util.test.WatchDog.cancel(): canceling Tue Feb 19 04:06:09 UTC 2019
auto.tcl: Setting watchdog for 200 seconds at Tue Feb 19 04:06:09 UTC 2019
2 ms. Memory: 1064960K Free: 1034571K (97%)
ptolemy.util.test.WatchDog.cancel(): canceling Tue Feb 19 04:06:09 UTC 2019
------------------ testing $PTII/ptolemy/domains/de/test/auto/ResettableTimer4.xml
auto.tcl: Setting watchdog for 200 seconds at Tue Feb 19 04:06:09 UTC 2019
1 ms. Memory: 1063936K Free: 1033560K (97%)
ptolemy.util.test.WatchDog.cancel(): canceling Tue Feb 19 04:06:09 UTC 2019
auto.tcl: Setting watchdog for 200 seconds at Tue Feb 19 04:06:09 UTC 2019
1 ms. Memory: 1063936K Free: 1033560K (97%)
ptolemy.util.test.WatchDog.cancel(): canceling Tue Feb 19 04:06:09 UTC 2019
------------------ testing $PTII/ptolemy/domains/de/test/auto/ResettableTimer5.xml
auto.tcl: Setting watchdog for 200 seconds at Tue Feb 19 04:06:09 UTC 2019
6 ms. Memory: 1064448K Free: 1035210K (97%)
ptolemy.util.test.WatchDog.cancel(): canceling Tue Feb 19 04:06:09 UTC 2019
auto.tcl: Setting watchdog for 200 seconds at Tue Feb 19 04:06:09 UTC 2019
2 ms. Memory: 1064448K Free: 1035210K (97%)
ptolemy.util.test.WatchDog.cancel(): canceling Tue Feb 19 04:06:09 UTC 2019
------------------ testing $PTII/ptolemy/domains/de/test/auto/ResettableTimer6.xml
auto.tcl: Setting watchdog for 200 seconds at Tue Feb 19 04:06:09 UTC 2019
1 ms. Memory: 1064448K Free: 1034019K (97%)
ptolemy.util.test.WatchDog.cancel(): canceling Tue Feb 19 04:06:09 UTC 2019
auto.tcl: Setting watchdog for 200 seconds at Tue Feb 19 04:06:09 UTC 2019
1 ms. Memory: 1064448K Free: 1034019K (97%)
ptolemy.util.test.WatchDog.cancel(): canceling Tue Feb 19 04:06:09 UTC 2019
------------------ testing $PTII/ptolemy/domains/de/test/auto/ServerZeroDelay.xml
auto.tcl: Setting watchdog for 200 seconds at Tue Feb 19 04:06:09 UTC 2019
3 ms. Memory: 1064448K Free: 1035150K (97%)
ptolemy.util.test.WatchDog.cancel(): canceling Tue Feb 19 04:06:09 UTC 2019
auto.tcl: Setting watchdog for 200 seconds at Tue Feb 19 04:06:09 UTC 2019
2 ms. Memory: 1064448K Free: 1035150K (97%)
ptolemy.util.test.WatchDog.cancel(): canceling Tue Feb 19 04:06:09 UTC 2019
------------------ testing $PTII/ptolemy/domains/de/test/auto/SmartSender.xml
auto.tcl: Setting watchdog for 200 seconds at Tue Feb 19 04:06:10 UTC 2019
3001 ms. Memory: 1064448K Free: 1025325K (96%)
ptolemy.util.test.WatchDog.cancel(): canceling Tue Feb 19 04:06:13 UTC 2019
auto.tcl: Setting watchdog for 200 seconds at Tue Feb 19 04:06:13 UTC 2019
3001 ms. Memory: 1064448K Free: 1025325K (96%)
ptolemy.util.test.WatchDog.cancel(): canceling Tue Feb 19 04:06:16 UTC 2019
------------------ testing $PTII/ptolemy/domains/de/test/auto/ThreadedComposite.xml
auto.tcl: Setting watchdog for 200 seconds at Tue Feb 19 04:06:16 UTC 2019
164 ms. Memory: 1064448K Free: 1004559K (94%)
ptolemy.util.test.WatchDog.cancel(): canceling Tue Feb 19 04:06:16 UTC 2019
auto.tcl: Setting watchdog for 200 seconds at Tue Feb 19 04:06:16 UTC 2019
105 ms. Memory: 1064448K Free: 971620K (91%)
ptolemy.util.test.WatchDog.cancel(): canceling Tue Feb 19 04:06:16 UTC 2019
------------------ testing $PTII/ptolemy/domains/de/test/auto/Time.xml
auto.tcl: Setting watchdog for 200 seconds at Tue Feb 19 04:06:16 UTC 2019
520 ms. Memory: 1064448K Free: 984629K (93%)
ptolemy.util.test.WatchDog.cancel(): canceling Tue Feb 19 04:06:16 UTC 2019
auto.tcl: Setting watchdog for 200 seconds at Tue Feb 19 04:06:16 UTC 2019
496 ms. Memory: 1064448K Free: 931436K (88%)
ptolemy.util.test.WatchDog.cancel(): canceling Tue Feb 19 04:06:17 UTC 2019
------------------ testing $PTII/ptolemy/domains/de/test/auto/TimeDelayZeroDelay.xml
auto.tcl: Setting watchdog for 200 seconds at Tue Feb 19 04:06:17 UTC 2019
2 ms. Memory: 1064448K Free: 1033926K (97%)
ptolemy.util.test.WatchDog.cancel(): canceling Tue Feb 19 04:06:17 UTC 2019
auto.tcl: Setting watchdog for 200 seconds at Tue Feb 19 04:06:17 UTC 2019
2 ms. Memory: 1064448K Free: 1033926K (97%)
ptolemy.util.test.WatchDog.cancel(): canceling Tue Feb 19 04:06:17 UTC 2019
------------------ testing $PTII/ptolemy/domains/de/test/auto/TimerZeroDelay.xml
auto.tcl: Setting watchdog for 200 seconds at Tue Feb 19 04:06:17 UTC 2019
4 ms. Memory: 1063424K Free: 1034086K (97%)
ptolemy.util.test.WatchDog.cancel(): canceling Tue Feb 19 04:06:17 UTC 2019
auto.tcl: Setting watchdog for 200 seconds at Tue Feb 19 04:06:17 UTC 2019
2 ms. Memory: 1063424K Free: 1034086K (97%)
ptolemy.util.test.WatchDog.cancel(): canceling Tue Feb 19 04:06:17 UTC 2019
------------------ testing $PTII/ptolemy/domains/de/test/auto/TimingParadox.xml
auto.tcl: Setting watchdog for 200 seconds at Tue Feb 19 04:06:17 UTC 2019
356 ms. Memory: 1063936K Free: 977384K (92%)
ptolemy.util.test.WatchDog.cancel(): canceling Tue Feb 19 04:06:18 UTC 2019
auto.tcl: Setting watchdog for 200 seconds at Tue Feb 19 04:06:18 UTC 2019
326 ms. Memory: 1063936K Free: 937490K (88%)
ptolemy.util.test.WatchDog.cancel(): canceling Tue Feb 19 04:06:18 UTC 2019
------------------ testing $PTII/ptolemy/domains/de/test/auto/TransferInputs.xml
auto.tcl: Setting watchdog for 200 seconds at Tue Feb 19 04:06:18 UTC 2019
1 ms. Memory: 1063424K Free: 1033058K (97%)
ptolemy.util.test.WatchDog.cancel(): canceling Tue Feb 19 04:06:18 UTC 2019
auto.tcl: Setting watchdog for 200 seconds at Tue Feb 19 04:06:18 UTC 2019
2 ms. Memory: 1063424K Free: 1033058K (97%)
ptolemy.util.test.WatchDog.cancel(): canceling Tue Feb 19 04:06:18 UTC 2019
------------------ testing $PTII/ptolemy/domains/de/test/auto/TransferOutputs2.xml
auto.tcl: Setting watchdog for 200 seconds at Tue Feb 19 04:06:18 UTC 2019
3 ms. Memory: 1063936K Free: 1024857K (96%)
ptolemy.util.test.WatchDog.cancel(): canceling Tue Feb 19 04:06:18 UTC 2019
auto.tcl: Setting watchdog for 200 seconds at Tue Feb 19 04:06:18 UTC 2019
2 ms. Memory: 1063936K Free: 1024857K (96%)
ptolemy.util.test.WatchDog.cancel(): canceling Tue Feb 19 04:06:18 UTC 2019
------------------ testing $PTII/ptolemy/domains/de/test/auto/Trilateration.xml
auto.tcl: Setting watchdog for 200 seconds at Tue Feb 19 04:06:18 UTC 2019
13743 ms. Memory: 933376K Free: 728544K (78%)
ptolemy.util.test.WatchDog.cancel(): canceling Tue Feb 19 04:06:33 UTC 2019
auto.tcl: Setting watchdog for 200 seconds at Tue Feb 19 04:06:33 UTC 2019
10601 ms. Memory: 812544K Free: 458062K (56%)
ptolemy.util.test.WatchDog.cancel(): canceling Tue Feb 19 04:06:44 UTC 2019
------------------ testing $PTII/ptolemy/domains/de/test/auto/TwoSigmaDelta.xml
auto.tcl: Setting watchdog for 200 seconds at Tue Feb 19 04:06:44 UTC 2019
2662 ms. Memory: 816640K Free: 502894K (62%)
ptolemy.util.test.WatchDog.cancel(): canceling Tue Feb 19 04:06:46 UTC 2019
auto.tcl: Setting watchdog for 200 seconds at Tue Feb 19 04:06:46 UTC 2019
2231 ms. Memory: 816640K Free: 266775K (33%)
ptolemy.util.test.WatchDog.cancel(): canceling Tue Feb 19 04:06:49 UTC 2019
------------------ testing $PTII/ptolemy/domains/de/test/auto/VariableDelay.xml
auto.tcl: Setting watchdog for 200 seconds at Tue Feb 19 04:06:49 UTC 2019
3 ms. Memory: 813056K Free: 788465K (97%)
ptolemy.util.test.WatchDog.cancel(): canceling Tue Feb 19 04:06:49 UTC 2019
auto.tcl: Setting watchdog for 200 seconds at Tue Feb 19 04:06:49 UTC 2019
1 ms. Memory: 813056K Free: 788465K (97%)
ptolemy.util.test.WatchDog.cancel(): canceling Tue Feb 19 04:06:49 UTC 2019
------------------ testing $PTII/ptolemy/domains/de/test/auto/VariableDelay2.xml
auto.tcl: Setting watchdog for 200 seconds at Tue Feb 19 04:06:49 UTC 2019
2 ms. Memory: 812544K Free: 788464K (97%)
ptolemy.util.test.WatchDog.cancel(): canceling Tue Feb 19 04:06:49 UTC 2019
auto.tcl: Setting watchdog for 200 seconds at Tue Feb 19 04:06:49 UTC 2019
1 ms. Memory: 812544K Free: 788464K (97%)
ptolemy.util.test.WatchDog.cancel(): canceling Tue Feb 19 04:06:49 UTC 2019
------------------ testing $PTII/ptolemy/domains/de/test/auto/VariableDelayZeroDelay.xml
auto.tcl: Setting watchdog for 200 seconds at Tue Feb 19 04:06:49 UTC 2019
2 ms. Memory: 812544K Free: 788463K (97%)
ptolemy.util.test.WatchDog.cancel(): canceling Tue Feb 19 04:06:49 UTC 2019
auto.tcl: Setting watchdog for 200 seconds at Tue Feb 19 04:06:49 UTC 2019
2 ms. Memory: 812544K Free: 788463K (97%)
ptolemy.util.test.WatchDog.cancel(): canceling Tue Feb 19 04:06:49 UTC 2019
------------------ testing $PTII/ptolemy/domains/de/test/auto/VariableDelayZeroDelay2.xml
auto.tcl: Setting watchdog for 200 seconds at Tue Feb 19 04:06:49 UTC 2019
4 ms. Memory: 815616K Free: 784221K (96%)
ptolemy.util.test.WatchDog.cancel(): canceling Tue Feb 19 04:06:49 UTC 2019
auto.tcl: Setting watchdog for 200 seconds at Tue Feb 19 04:06:49 UTC 2019
1 ms. Memory: 815616K Free: 784221K (96%)
ptolemy.util.test.WatchDog.cancel(): canceling Tue Feb 19 04:06:49 UTC 2019
------------------ testing $PTII/ptolemy/domains/de/test/auto/deInCt.xml
auto.tcl: Setting watchdog for 200 seconds at Tue Feb 19 04:06:49 UTC 2019
0
1
1
1
0
0
0
0
0
0
1
1
1
0
0
0
1
1
1
0
0
0
0
0
1
1
1
1
8 ms. Memory: 812544K Free: 781146K (96%)
ptolemy.util.test.WatchDog.cancel(): canceling Tue Feb 19 04:06:49 UTC 2019
auto.tcl: Setting watchdog for 200 seconds at Tue Feb 19 04:06:49 UTC 2019
0
1
1
1
0
0
0
0
0
1
1
1
0
0
0
1
1
1
0
0
0
1
1
1
0
0
0
0
0
1
1
1
0
0
0
1
1
1
1
1
1
8 ms. Memory: 812544K Free: 781146K (96%)
ptolemy.util.test.WatchDog.cancel(): canceling Tue Feb 19 04:06:49 UTC 2019
------------------ testing $PTII/ptolemy/domains/de/test/auto/deInCt2.xml
auto.tcl: Setting watchdog for 200 seconds at Tue Feb 19 04:06:49 UTC 2019
0
1
1
1
0
0
1
1
1
0
0
1
1
1
0
0
1
1
1
0
0
1
1
1
0
0
1
1
1
0
0
1
1
1
0
0
1
1
1
0
0
0
7 ms. Memory: 815616K Free: 784218K (96%)
ptolemy.util.test.WatchDog.cancel(): canceling Tue Feb 19 04:06:49 UTC 2019
auto.tcl: Setting watchdog for 200 seconds at Tue Feb 19 04:06:49 UTC 2019
0
1
1
1
0
0
1
1
1
0
0
1
1
1
0
0
1
1
1
0
0
1
1
1
0
0
1
1
1
0
0
1
1
1
0
0
1
1
1
0
0
0
8 ms. Memory: 815616K Free: 784218K (96%)
ptolemy.util.test.WatchDog.cancel(): canceling Tue Feb 19 04:06:49 UTC 2019
------------------ testing $PTII/ptolemy/domains/de/test/auto/dynamicCausalityInterface1.xml
auto.tcl: Setting watchdog for 200 seconds at Tue Feb 19 04:06:49 UTC 2019
1 ms. Memory: 812544K Free: 781142K (96%)
ptolemy.util.test.WatchDog.cancel(): canceling Tue Feb 19 04:06:49 UTC 2019
auto.tcl: Setting watchdog for 200 seconds at Tue Feb 19 04:06:49 UTC 2019
1 ms. Memory: 812544K Free: 781142K (96%)
ptolemy.util.test.WatchDog.cancel(): canceling Tue Feb 19 04:06:49 UTC 2019
------------------ testing $PTII/ptolemy/domains/de/test/auto/fsm_de_test.xml
auto.tcl: Setting watchdog for 200 seconds at Tue Feb 19 04:06:49 UTC 2019
15 ms. Memory: 815104K Free: 783596K (96%)
ptolemy.util.test.WatchDog.cancel(): canceling Tue Feb 19 04:06:49 UTC 2019
auto.tcl: Setting watchdog for 200 seconds at Tue Feb 19 04:06:49 UTC 2019
4 ms. Memory: 815104K Free: 783596K (96%)
ptolemy.util.test.WatchDog.cancel(): canceling Tue Feb 19 04:06:49 UTC 2019
------------------ testing $PTII/ptolemy/domains/de/test/auto/functionDependencyReconstruction.xml
auto.tcl: Setting watchdog for 200 seconds at Tue Feb 19 04:06:49 UTC 2019
2 ms. Memory: 812544K Free: 770557K (95%)
ptolemy.util.test.WatchDog.cancel(): canceling Tue Feb 19 04:06:49 UTC 2019
auto.tcl: Setting watchdog for 200 seconds at Tue Feb 19 04:06:49 UTC 2019
3 ms. Memory: 812544K Free: 770557K (95%)
ptolemy.util.test.WatchDog.cancel(): canceling Tue Feb 19 04:06:49 UTC 2019
------------------ testing $PTII/ptolemy/domains/de/test/auto/multirate.xml
auto.tcl: Setting watchdog for 200 seconds at Tue Feb 19 04:06:49 UTC 2019
3 ms. Memory: 814592K Free: 782951K (96%)
ptolemy.util.test.WatchDog.cancel(): canceling Tue Feb 19 04:06:49 UTC 2019
auto.tcl: Setting watchdog for 200 seconds at Tue Feb 19 04:06:49 UTC 2019
3 ms. Memory: 814592K Free: 782951K (96%)
ptolemy.util.test.WatchDog.cancel(): canceling Tue Feb 19 04:06:49 UTC 2019
------------------ testing $PTII/ptolemy/domains/de/test/auto/multirate2.xml
auto.tcl: Setting watchdog for 200 seconds at Tue Feb 19 04:06:49 UTC 2019
3 ms. Memory: 812544K Free: 781091K (96%)
ptolemy.util.test.WatchDog.cancel(): canceling Tue Feb 19 04:06:49 UTC 2019
auto.tcl: Setting watchdog for 200 seconds at Tue Feb 19 04:06:49 UTC 2019
2 ms. Memory: 812544K Free: 781091K (96%)
ptolemy.util.test.WatchDog.cancel(): canceling Tue Feb 19 04:06:49 UTC 2019
------------------ testing $PTII/ptolemy/domains/de/test/auto/realtime.xml
auto.tcl: Setting watchdog for 200 seconds at Tue Feb 19 04:06:49 UTC 2019
10002 ms. Memory: 814592K Free: 768417K (94%)
ptolemy.util.test.WatchDog.cancel(): canceling Tue Feb 19 04:06:59 UTC 2019
auto.tcl: Setting watchdog for 200 seconds at Tue Feb 19 04:06:59 UTC 2019
10002 ms. Memory: 814592K Free: 768417K (94%)
ptolemy.util.test.WatchDog.cancel(): canceling Tue Feb 19 04:07:09 UTC 2019
------------------ testing $PTII/ptolemy/domains/de/test/auto/relationGroup.xml
auto.tcl: Setting watchdog for 200 seconds at Tue Feb 19 04:07:10 UTC 2019
1 ms. Memory: 812544K Free: 788427K (97%)
ptolemy.util.test.WatchDog.cancel(): canceling Tue Feb 19 04:07:10 UTC 2019
auto.tcl: Setting watchdog for 200 seconds at Tue Feb 19 04:07:10 UTC 2019
2 ms. Memory: 812544K Free: 788427K (97%)
ptolemy.util.test.WatchDog.cancel(): canceling Tue Feb 19 04:07:10 UTC 2019
------------------ testing $PTII/ptolemy/domains/de/test/auto/relationGroup2.xml
auto.tcl: Setting watchdog for 200 seconds at Tue Feb 19 04:07:10 UTC 2019
1 ms. Memory: 814080K Free: 782678K (96%)
ptolemy.util.test.WatchDog.cancel(): canceling Tue Feb 19 04:07:10 UTC 2019
auto.tcl: Setting watchdog for 200 seconds at Tue Feb 19 04:07:10 UTC 2019
1 ms. Memory: 814080K Free: 782678K (96%)
ptolemy.util.test.WatchDog.cancel(): canceling Tue Feb 19 04:07:10 UTC 2019
------------------ testing $PTII/ptolemy/domains/de/test/auto/sortWithOpaquePorts.xml
auto.tcl: Setting watchdog for 200 seconds at Tue Feb 19 04:07:10 UTC 2019
1 ms. Memory: 812544K Free: 781143K (96%)
ptolemy.util.test.WatchDog.cancel(): canceling Tue Feb 19 04:07:10 UTC 2019
auto.tcl: Setting watchdog for 200 seconds at Tue Feb 19 04:07:10 UTC 2019
2 ms. Memory: 812544K Free: 781143K (96%)
ptolemy.util.test.WatchDog.cancel(): canceling Tue Feb 19 04:07:10 UTC 2019
------------------ testing $PTII/ptolemy/domains/de/test/auto/transferInputsandOutputs.xml
auto.tcl: Setting watchdog for 200 seconds at Tue Feb 19 04:07:10 UTC 2019
6 ms. Memory: 814080K Free: 782665K (96%)
ptolemy.util.test.WatchDog.cancel(): canceling Tue Feb 19 04:07:10 UTC 2019
auto.tcl: Setting watchdog for 200 seconds at Tue Feb 19 04:07:10 UTC 2019
2 ms. Memory: 814080K Free: 782665K (96%)
ptolemy.util.test.WatchDog.cancel(): canceling Tue Feb 19 04:07:10 UTC 2019
------------------ testing $PTII/ptolemy/domains/de/test/auto/triggerType.xml
auto.tcl: Setting watchdog for 200 seconds at Tue Feb 19 04:07:10 UTC 2019
2 ms. Memory: 812544K Free: 781080K (96%)
ptolemy.util.test.WatchDog.cancel(): canceling Tue Feb 19 04:07:10 UTC 2019
auto.tcl: Setting watchdog for 200 seconds at Tue Feb 19 04:07:10 UTC 2019
1 ms. Memory: 812544K Free: 781080K (96%)
ptolemy.util.test.WatchDog.cancel(): canceling Tue Feb 19 04:07:10 UTC 2019
02/19/19 04:07:10
Failed: 0  Total Tests: 192  ((Passed: 187, Newly Passed: 1)  Known Failed: 5) /home/travis/build/icyphy/ptII/ptolemy/domains/de/test
02/19/19 04:07:10
Failed: 0  Total Tests: 192  ((Passed: 187, Newly Passed: 1)  Known Failed: 5) /home/travis/build/icyphy/ptII/ptolemy/domains/de/test
----------------- testing (KnownFailure) /home/travis/build/icyphy/ptII/ptolemy/domains/de/test/auto/knownFailedTests/DESDFClockTest.xml
2011 ms. Memory: 813568K Free: 767435K (94%)
Known Failure: java.lang.reflect.InvocationTargetException
----------------- testing (KnownFailure) /home/travis/build/icyphy/ptII/ptolemy/domains/de/test/auto/knownFailedTests/DirectFeedback.xml
2 ms. Memory: 813568K Free: 708944K (87%)
Known Failure: java.lang.reflect.InvocationTargetException
----------------- testing (KnownFailure) /home/travis/build/icyphy/ptII/ptolemy/domains/de/test/auto/knownFailedTests/FSMSource.xml
5 ms. Memory: 813568K Free: 650453K (80%)
----------------- testing (KnownFailure) /home/travis/build/icyphy/ptII/ptolemy/domains/de/test/auto/knownFailedTests/HierarchicalModel.xml
3 ms. Memory: 813568K Free: 606569K (75%)
Known Failure: java.lang.reflect.InvocationTargetException
----------------- testing (KnownFailure) /home/travis/build/icyphy/ptII/ptolemy/domains/de/test/auto/knownFailedTests/dependencyLoop.xml
2 ms. Memory: 813568K Free: 548078K (67%)
Known Failure: java.lang.reflect.InvocationTargetException
----------------- testing (KnownFailure) /home/travis/build/icyphy/ptII/ptolemy/domains/de/test/auto/knownFailedTests/dependencyLoop2.xml
4 ms. Memory: 813568K Free: 489587K (60%)
Known Failure: java.lang.reflect.InvocationTargetException
No auto/linux-amd64/*.xml tests in /home/travis/build/icyphy/ptII/ptolemy/domains/de/test
AutoTests.java: About to close Vertx.
AutoTests.java: Vertx closed.

===========================================================================================
----------------- testing Tue Feb 19 04:07:12 UTC 2019 /home/travis/build/icyphy/ptII/ptolemy/domains/de/test/auto/ActorDepthCalculation_actorWithoutPorts.xml
----------------- Instantiating /home/travis/build/icyphy/ptII/ptolemy/domains/de/test/auto/ActorDepthCalculation_actorWithoutPorts.xml
1 ms. Memory: 813568K Free: 416473K (51%)
----------------- Invoking toplevel() on ptolemy.moml.MoMLSimpleApplication@7e4848cb
----------------- Done invoking toplevel() on ptolemy.moml.MoMLSimpleApplication@7e4848cb
reloadAllAccessors: .ActorDepthCalculation_actorWithoutPorts

===========================================================================================
----------------- testing Tue Feb 19 04:07:12 UTC 2019 /home/travis/build/icyphy/ptII/ptolemy/domains/de/test/auto/AssemblyLine.xml
----------------- Instantiating /home/travis/build/icyphy/ptII/ptolemy/domains/de/test/auto/AssemblyLine.xml
2 ms. Memory: 813568K Free: 387227K (48%)
----------------- Invoking toplevel() on ptolemy.moml.MoMLSimpleApplication@7e5b007
----------------- Done invoking toplevel() on ptolemy.moml.MoMLSimpleApplication@7e5b007
reloadAllAccessors: .AssemblyLine

===========================================================================================
----------------- testing Tue Feb 19 04:07:12 UTC 2019 /home/travis/build/icyphy/ptII/ptolemy/domains/de/test/auto/CQBug1.xml
----------------- Instantiating /home/travis/build/icyphy/ptII/ptolemy/domains/de/test/auto/CQBug1.xml
0 ms. Memory: 813568K Free: 357982K (44%)
----------------- Invoking toplevel() on ptolemy.moml.MoMLSimpleApplication@7746685e
----------------- Done invoking toplevel() on ptolemy.moml.MoMLSimpleApplication@7746685e
reloadAllAccessors: .CQBug1

===========================================================================================
----------------- testing Tue Feb 19 04:07:12 UTC 2019 /home/travis/build/icyphy/ptII/ptolemy/domains/de/test/auto/CancelFireAt.xml
----------------- Instantiating /home/travis/build/icyphy/ptII/ptolemy/domains/de/test/auto/CancelFireAt.xml
1 ms. Memory: 813568K Free: 328736K (40%)
----------------- Invoking toplevel() on ptolemy.moml.MoMLSimpleApplication@3e8ff8ad
----------------- Done invoking toplevel() on ptolemy.moml.MoMLSimpleApplication@3e8ff8ad
reloadAllAccessors: .CancelFireAt

===========================================================================================
----------------- testing Tue Feb 19 04:07:12 UTC 2019 /home/travis/build/icyphy/ptII/ptolemy/domains/de/test/auto/CausalityAndComposabilityAnalysis.xml
----------------- Instantiating /home/travis/build/icyphy/ptII/ptolemy/domains/de/test/auto/CausalityAndComposabilityAnalysis.xml
2 ms. Memory: 813568K Free: 299491K (37%)
----------------- Invoking toplevel() on ptolemy.moml.MoMLSimpleApplication@69c215f0
----------------- Done invoking toplevel() on ptolemy.moml.MoMLSimpleApplication@69c215f0
reloadAllAccessors: .CausalityAndComposabilityAnalysis

===========================================================================================
----------------- testing Tue Feb 19 04:07:12 UTC 2019 /home/travis/build/icyphy/ptII/ptolemy/domains/de/test/auto/CausalityInterface1.xml
----------------- Instantiating /home/travis/build/icyphy/ptII/ptolemy/domains/de/test/auto/CausalityInterface1.xml
4 ms. Memory: 813568K Free: 270245K (33%)
----------------- Invoking toplevel() on ptolemy.moml.MoMLSimpleApplication@1d2ab72f
----------------- Done invoking toplevel() on ptolemy.moml.MoMLSimpleApplication@1d2ab72f
reloadAllAccessors: .CausalityInterface1

===========================================================================================
----------------- testing Tue Feb 19 04:07:12 UTC 2019 /home/travis/build/icyphy/ptII/ptolemy/domains/de/test/auto/CausalityInterface15.xml
----------------- Instantiating /home/travis/build/icyphy/ptII/ptolemy/domains/de/test/auto/CausalityInterface15.xml
1 ms. Memory: 813568K Free: 241000K (30%)
----------------- Invoking toplevel() on ptolemy.moml.MoMLSimpleApplication@4d1c8f0a
----------------- Done invoking toplevel() on ptolemy.moml.MoMLSimpleApplication@4d1c8f0a
[...]
java.lang.RuntimeException: Execution failed
	at ptolemy.moml.MoMLSimpleApplication$UnloadThread.run(MoMLSimpleApplication.java:402)
Caused by: ptolemy.kernel.util.IllegalActionException: Test fails in iteration 1.
Value was: 1.0. Should have been: 2.0
  in .DirectFeedback.Test
	at ptolemy.actor.lib.Test.fire(Test.java:268)
	at ptolemy.domains.de.kernel.DEDirector._fire(DEDirector.java:1949)
	at ptolemy.domains.de.kernel.DEDirector.fire(DEDirector.java:502)
	at ptolemy.actor.CompositeActor.fire(CompositeActor.java:455)
	at ptolemy.actor.Manager.iterate(Manager.java:851)
	at ptolemy.actor.Manager.execute(Manager.java:369)
	at ptolemy.actor.Manager.run(Manager.java:1263)
	at ptolemy.actor.Manager$PtolemyRunThread.run(Manager.java:1915)
java.lang.RuntimeException: Execution failed
	at ptolemy.moml.MoMLSimpleApplication$UnloadThread.run(MoMLSimpleApplication.java:402)
Caused by: ptolemy.kernel.util.IllegalActionException: Actor is not ready to fire.  Perhaps UpSample.prefire() returned false? Try debugging the actor by selecting "Listen to Actor".  Also, for SDF check moml for tokenConsumptionRate on input.
  in .DESDFClockTest.Play Bell.Copy1:SDF Director and .DESDFClockTest.Play Bell.UpSample
	at ptolemy.actor.sched.StaticSchedulingDirector.fire(StaticSchedulingDirector.java:227)
	at ptolemy.domains.sdf.kernel.SDFDirector.fire(SDFDirector.java:500)
	at ptolemy.actor.CompositeActor.fire(CompositeActor.java:455)
	at ptolemy.domains.de.kernel.DEDirector._fire(DEDirector.java:1949)
	at ptolemy.domains.de.kernel.DEDirector.fire(DEDirector.java:502)
	at ptolemy.actor.CompositeActor.fire(CompositeActor.java:455)
	at ptolemy.actor.Manager.iterate(Manager.java:851)
	at ptolemy.actor.Manager.execute(Manager.java:369)
	at ptolemy.actor.Manager.run(Manager.java:1263)
	at ptolemy.actor.Manager$PtolemyRunThread.run(Manager.java:1915)
java.lang.reflect.InvocationTargetException
	at sun.reflect.NativeConstructorAccessorImpl.newInstance0(Native Method)
	at sun.reflect.NativeConstructorAccessorImpl.newInstance(NativeConstructorAccessorImpl.java:62)
	at sun.reflect.DelegatingConstructorAccessorImpl.newInstance(DelegatingConstructorAccessorImpl.java:45)
	at java.lang.reflect.Constructor.newInstance(Constructor.java:423)
	at ptolemy.util.test.junit.AutoKnownFailedTests.RunModel(AutoKnownFailedTests.java:105)
	at sun.reflect.NativeMethodAccessorImpl.invoke0(Native Method)
	at sun.reflect.NativeMethodAccessorImpl.invoke(NativeMethodAccessorImpl.java:62)
	at sun.reflect.DelegatingMethodAccessorImpl.invoke(DelegatingMethodAccessorImpl.java:43)
	at java.lang.reflect.Method.invoke(Method.java:498)
	at org.junit.runners.model.FrameworkMethod$1.runReflectiveCall(FrameworkMethod.java:44)
	at org.junit.internal.runners.model.ReflectiveCallable.run(ReflectiveCallable.java:15)
	at org.junit.runners.model.FrameworkMethod.invokeExplosively(FrameworkMethod.java:41)
	at junitparams.internal.InvokeParameterisedMethod.evaluate(InvokeParameterisedMethod.java:102)
	at org.junit.internal.runners.statements.FailOnTimeout$1.run(FailOnTimeout.java:28)
Caused by: ptolemy.kernel.util.IllegalActionException: Actor is not ready to fire.  Perhaps UpSample.prefire() returned false? Try debugging the actor by selecting "Listen to Actor".  Also, for SDF check moml for tokenConsumptionRate on input.
  in .DESDFClockTest.Play Bell.Copy1:SDF Director and .DESDFClockTest.Play Bell.UpSample
	at ptolemy.actor.sched.StaticSchedulingDirector.fire(StaticSchedulingDirector.java:227)
	at ptolemy.domains.sdf.kernel.SDFDirector.fire(SDFDirector.java:500)
	at ptolemy.actor.CompositeActor.fire(CompositeActor.java:455)
	at ptolemy.domains.de.kernel.DEDirector._fire(DEDirector.java:1949)
	at ptolemy.domains.de.kernel.DEDirector.fire(DEDirector.java:502)
	at ptolemy.actor.CompositeActor.fire(CompositeActor.java:455)
	at ptolemy.actor.Manager.iterate(Manager.java:851)
	at ptolemy.actor.Manager.execute(Manager.java:369)
	at ptolemy.actor.Manager.run(Manager.java:1263)
	at ptolemy.actor.Manager$PtolemyRunThread.run(Manager.java:1915)
java.lang.RuntimeException: Execution failed
	at ptolemy.moml.MoMLSimpleApplication$UnloadThread.run(MoMLSimpleApplication.java:402)
Caused by: ptolemy.kernel.util.IllegalActionException: Test fails in iteration 1.
Value was: 1.0. Should have been: 2.0
  in .DirectFeedback.Test
	at ptolemy.actor.lib.Test.fire(Test.java:268)
	at ptolemy.domains.de.kernel.DEDirector._fire(DEDirector.java:1949)
	at ptolemy.domains.de.kernel.DEDirector.fire(DEDirector.java:502)
	at ptolemy.actor.CompositeActor.fire(CompositeActor.java:455)
	at ptolemy.actor.Manager.iterate(Manager.java:851)
	at ptolemy.actor.Manager.execute(Manager.java:369)
	at ptolemy.actor.Manager.run(Manager.java:1263)
	at ptolemy.actor.Manager$PtolemyRunThread.run(Manager.java:1915)
java.lang.reflect.InvocationTargetException
	at sun.reflect.NativeConstructorAccessorImpl.newInstance0(Native Method)
	at sun.reflect.NativeConstructorAccessorImpl.newInstance(NativeConstructorAccessorImpl.java:62)
	at sun.reflect.DelegatingConstructorAccessorImpl.newInstance(DelegatingConstructorAccessorImpl.java:45)
	at java.lang.reflect.Constructor.newInstance(Constructor.java:423)
	at ptolemy.util.test.junit.AutoKnownFailedTests.RunModel(AutoKnownFailedTests.java:105)
	at sun.reflect.NativeMethodAccessorImpl.invoke0(Native Method)
	at sun.reflect.NativeMethodAccessorImpl.invoke(NativeMethodAccessorImpl.java:62)
	at sun.reflect.DelegatingMethodAccessorImpl.invoke(DelegatingMethodAccessorImpl.java:43)
	at java.lang.reflect.Method.invoke(Method.java:498)
	at org.junit.runners.model.FrameworkMethod$1.runReflectiveCall(FrameworkMethod.java:44)
	at org.junit.internal.runners.model.ReflectiveCallable.run(ReflectiveCallable.java:15)
	at org.junit.runners.model.FrameworkMethod.invokeExplosively(FrameworkMethod.java:41)
	at junitparams.internal.InvokeParameterisedMethod.evaluate(InvokeParameterisedMethod.java:102)
	at org.junit.internal.runners.statements.FailOnTimeout$1.run(FailOnTimeout.java:28)
Caused by: ptolemy.kernel.util.IllegalActionException: Test fails in iteration 1.
Value was: 1.0. Should have been: 2.0
  in .DirectFeedback.Test
	at ptolemy.actor.lib.Test.fire(Test.java:268)
	at ptolemy.domains.de.kernel.DEDirector._fire(DEDirector.java:1949)
	at ptolemy.domains.de.kernel.DEDirector.fire(DEDirector.java:502)
	at ptolemy.actor.CompositeActor.fire(CompositeActor.java:455)
	at ptolemy.actor.Manager.iterate(Manager.java:851)
	at ptolemy.actor.Manager.execute(Manager.java:369)
	at ptolemy.actor.Manager.run(Manager.java:1263)
	at ptolemy.actor.Manager$PtolemyRunThread.run(Manager.java:1915)
java.lang.RuntimeException: Execution failed
	at ptolemy.moml.MoMLSimpleApplication$UnloadThread.run(MoMLSimpleApplication.java:402)
Caused by: ptolemy.kernel.util.IllegalActionException: Found a zero delay loop containing .HierarchicalModel.A
  in .HierarchicalModel and .HierarchicalModel.A
	at ptolemy.actor.util.CausalityInterfaceForComposites._computeOutputPortDepth(CausalityInterfaceForComposites.java:759)
	at ptolemy.actor.util.CausalityInterfaceForComposites._computeInputDepth(CausalityInterfaceForComposites.java:696)
	at ptolemy.actor.util.CausalityInterfaceForComposites._computeOutputPortDepth(CausalityInterfaceForComposites.java:765)
	at ptolemy.actor.util.CausalityInterfaceForComposites._computeInputDepth(CausalityInterfaceForComposites.java:696)
	at ptolemy.actor.util.CausalityInterfaceForComposites._computeOutputPortDepth(CausalityInterfaceForComposites.java:765)
	at ptolemy.actor.util.CausalityInterfaceForComposites._computeInputDepth(CausalityInterfaceForComposites.java:696)
	at ptolemy.actor.util.CausalityInterfaceForComposites._computeActorDepth(CausalityInterfaceForComposites.java:532)
	at ptolemy.actor.util.CausalityInterfaceForComposites.checkForCycles(CausalityInterfaceForComposites.java:96)
	at ptolemy.domains.de.kernel.DEDirector.preinitialize(DEDirector.java:1338)
	at ptolemy.actor.CompositeActor.preinitialize(CompositeActor.java:1828)
	at ptolemy.actor.Manager.preinitializeAndResolveTypes(Manager.java:1040)
	at ptolemy.actor.Manager.initialize(Manager.java:710)
	at ptolemy.actor.Manager.execute(Manager.java:356)
	at ptolemy.actor.Manager.run(Manager.java:1263)
	at ptolemy.actor.Manager$PtolemyRunThread.run(Manager.java:1915)
java.lang.reflect.InvocationTargetException
	at sun.reflect.NativeConstructorAccessorImpl.newInstance0(Native Method)
	at sun.reflect.NativeConstructorAccessorImpl.newInstance(NativeConstructorAccessorImpl.java:62)
	at sun.reflect.DelegatingConstructorAccessorImpl.newInstance(DelegatingConstructorAccessorImpl.java:45)
	at java.lang.reflect.Constructor.newInstance(Constructor.java:423)
	at ptolemy.util.test.junit.AutoKnownFailedTests.RunModel(AutoKnownFailedTests.java:105)
	at sun.reflect.NativeMethodAccessorImpl.invoke0(Native Method)
	at sun.reflect.NativeMethodAccessorImpl.invoke(NativeMethodAccessorImpl.java:62)
	at sun.reflect.DelegatingMethodAccessorImpl.invoke(DelegatingMethodAccessorImpl.java:43)
	at java.lang.reflect.Method.invoke(Method.java:498)
	at org.junit.runners.model.FrameworkMethod$1.runReflectiveCall(FrameworkMethod.java:44)
	at org.junit.internal.runners.model.ReflectiveCallable.run(ReflectiveCallable.java:15)
	at org.junit.runners.model.FrameworkMethod.invokeExplosively(FrameworkMethod.java:41)
	at junitparams.internal.InvokeParameterisedMethod.evaluate(InvokeParameterisedMethod.java:102)
	at org.junit.internal.runners.statements.FailOnTimeout$1.run(FailOnTimeout.java:28)
Caused by: ptolemy.kernel.util.IllegalActionException: Found a zero delay loop containing .HierarchicalModel.A
  in .HierarchicalModel and .HierarchicalModel.A
	at ptolemy.actor.util.CausalityInterfaceForComposites._computeOutputPortDepth(CausalityInterfaceForComposites.java:759)
	at ptolemy.actor.util.CausalityInterfaceForComposites._computeInputDepth(CausalityInterfaceForComposites.java:696)
	at ptolemy.actor.util.CausalityInterfaceForComposites._computeOutputPortDepth(CausalityInterfaceForComposites.java:765)
	at ptolemy.actor.util.CausalityInterfaceForComposites._computeInputDepth(CausalityInterfaceForComposites.java:696)
	at ptolemy.actor.util.CausalityInterfaceForComposites._computeOutputPortDepth(CausalityInterfaceForComposites.java:765)
	at ptolemy.actor.util.CausalityInterfaceForComposites._computeInputDepth(CausalityInterfaceForComposites.java:696)
	at ptolemy.actor.util.CausalityInterfaceForComposites._computeActorDepth(CausalityInterfaceForComposites.java:532)
	at ptolemy.actor.util.CausalityInterfaceForComposites.checkForCycles(CausalityInterfaceForComposites.java:96)
	at ptolemy.domains.de.kernel.DEDirector.preinitialize(DEDirector.java:1338)
	at ptolemy.actor.CompositeActor.preinitialize(CompositeActor.java:1828)
	at ptolemy.actor.Manager.preinitializeAndResolveTypes(Manager.java:1040)
	at ptolemy.actor.Manager.initialize(Manager.java:710)
	at ptolemy.actor.Manager.execute(Manager.java:356)
	at ptolemy.actor.Manager.run(Manager.java:1263)
	at ptolemy.actor.Manager$PtolemyRunThread.run(Manager.java:1915)
java.lang.RuntimeException: Execution failed
	at ptolemy.moml.MoMLSimpleApplication$UnloadThread.run(MoMLSimpleApplication.java:402)
Caused by: ptolemy.kernel.util.IllegalActionException: Found a zero delay loop containing .dependencyLoop.original
  in .dependencyLoop and .dependencyLoop.original
	at ptolemy.actor.util.CausalityInterfaceForComposites._computeOutputPortDepth(CausalityInterfaceForComposites.java:759)
	at ptolemy.actor.util.CausalityInterfaceForComposites._computeInputDepth(CausalityInterfaceForComposites.java:696)
	at ptolemy.actor.util.CausalityInterfaceForComposites._computeOutputPortDepth(CausalityInterfaceForComposites.java:765)
	at ptolemy.actor.util.CausalityInterfaceForComposites._computeInputDepth(CausalityInterfaceForComposites.java:696)
	at ptolemy.actor.util.CausalityInterfaceForComposites._computeOutputPortDepth(CausalityInterfaceForComposites.java:765)
	at ptolemy.actor.util.CausalityInterfaceForComposites._computeInputDepth(CausalityInterfaceForComposites.java:696)
	at ptolemy.actor.util.CausalityInterfaceForComposites._computeActorDepth(CausalityInterfaceForComposites.java:532)
	at ptolemy.actor.util.CausalityInterfaceForComposites.checkForCycles(CausalityInterfaceForComposites.java:96)
	at ptolemy.domains.de.kernel.DEDirector.preinitialize(DEDirector.java:1338)
	at ptolemy.actor.CompositeActor.preinitialize(CompositeActor.java:1828)
	at ptolemy.actor.Manager.preinitializeAndResolveTypes(Manager.java:1040)
	at ptolemy.actor.Manager.initialize(Manager.java:710)
	at ptolemy.actor.Manager.execute(Manager.java:356)
	at ptolemy.actor.Manager.run(Manager.java:1263)
	at ptolemy.actor.Manager$PtolemyRunThread.run(Manager.java:1915)
java.lang.reflect.InvocationTargetException
	at sun.reflect.NativeConstructorAccessorImpl.newInstance0(Native Method)
	at sun.reflect.NativeConstructorAccessorImpl.newInstance(NativeConstructorAccessorImpl.java:62)
	at sun.reflect.DelegatingConstructorAccessorImpl.newInstance(DelegatingConstructorAccessorImpl.java:45)
	at java.lang.reflect.Constructor.newInstance(Constructor.java:423)
	at ptolemy.util.test.junit.AutoKnownFailedTests.RunModel(AutoKnownFailedTests.java:105)
	at sun.reflect.NativeMethodAccessorImpl.invoke0(Native Method)
	at sun.reflect.NativeMethodAccessorImpl.invoke(NativeMethodAccessorImpl.java:62)
	at sun.reflect.DelegatingMethodAccessorImpl.invoke(DelegatingMethodAccessorImpl.java:43)
	at java.lang.reflect.Method.invoke(Method.java:498)
	at org.junit.runners.model.FrameworkMethod$1.runReflectiveCall(FrameworkMethod.java:44)
	at org.junit.internal.runners.model.ReflectiveCallable.run(ReflectiveCallable.java:15)
	at org.junit.runners.model.FrameworkMethod.invokeExplosively(FrameworkMethod.java:41)
	at junitparams.internal.InvokeParameterisedMethod.evaluate(InvokeParameterisedMethod.java:102)
	at org.junit.internal.runners.statements.FailOnTimeout$1.run(FailOnTimeout.java:28)
Caused by: ptolemy.kernel.util.IllegalActionException: Found a zero delay loop containing .dependencyLoop.original
  in .dependencyLoop and .dependencyLoop.original
	at ptolemy.actor.util.CausalityInterfaceForComposites._computeOutputPortDepth(CausalityInterfaceForComposites.java:759)
	at ptolemy.actor.util.CausalityInterfaceForComposites._computeInputDepth(CausalityInterfaceForComposites.java:696)
	at ptolemy.actor.util.CausalityInterfaceForComposites._computeOutputPortDepth(CausalityInterfaceForComposites.java:765)
	at ptolemy.actor.util.CausalityInterfaceForComposites._computeInputDepth(CausalityInterfaceForComposites.java:696)
	at ptolemy.actor.util.CausalityInterfaceForComposites._computeOutputPortDepth(CausalityInterfaceForComposites.java:765)
	at ptolemy.actor.util.CausalityInterfaceForComposites._computeInputDepth(CausalityInterfaceForComposites.java:696)
	at ptolemy.actor.util.CausalityInterfaceForComposites._computeActorDepth(CausalityInterfaceForComposites.java:532)
	at ptolemy.actor.util.CausalityInterfaceForComposites.checkForCycles(CausalityInterfaceForComposites.java:96)
	at ptolemy.domains.de.kernel.DEDirector.preinitialize(DEDirector.java:1338)
	at ptolemy.actor.CompositeActor.preinitialize(CompositeActor.java:1828)
	at ptolemy.actor.Manager.preinitializeAndResolveTypes(Manager.java:1040)
	at ptolemy.actor.Manager.initialize(Manager.java:710)
	at ptolemy.actor.Manager.execute(Manager.java:356)
	at ptolemy.actor.Manager.run(Manager.java:1263)
	at ptolemy.actor.Manager$PtolemyRunThread.run(Manager.java:1915)
java.lang.RuntimeException: Execution failed
	at ptolemy.moml.MoMLSimpleApplication$UnloadThread.run(MoMLSimpleApplication.java:402)
Caused by: ptolemy.kernel.util.IllegalActionException: Found a zero delay loop containing .dependencyLoop2.original
  in .dependencyLoop2 and .dependencyLoop2.original
	at ptolemy.actor.util.CausalityInterfaceForComposites._computeOutputPortDepth(CausalityInterfaceForComposites.java:759)
	at ptolemy.actor.util.CausalityInterfaceForComposites._computeInputDepth(CausalityInterfaceForComposites.java:696)
	at ptolemy.actor.util.CausalityInterfaceForComposites._computeOutputPortDepth(CausalityInterfaceForComposites.java:765)
	at ptolemy.actor.util.CausalityInterfaceForComposites._computeInputDepth(CausalityInterfaceForComposites.java:696)
	at ptolemy.actor.util.CausalityInterfaceForComposites._computeOutputPortDepth(CausalityInterfaceForComposites.java:765)
	at ptolemy.actor.util.CausalityInterfaceForComposites._computeInputDepth(CausalityInterfaceForComposites.java:696)
	at ptolemy.actor.util.CausalityInterfaceForComposites._computeActorDepth(CausalityInterfaceForComposites.java:532)
	at ptolemy.actor.util.CausalityInterfaceForComposites.checkForCycles(CausalityInterfaceForComposites.java:96)
	at ptolemy.domains.de.kernel.DEDirector.preinitialize(DEDirector.java:1338)
	at ptolemy.actor.CompositeActor.preinitialize(CompositeActor.java:1828)
	at ptolemy.actor.Manager.preinitializeAndResolveTypes(Manager.java:1040)
	at ptolemy.actor.Manager.initialize(Manager.java:710)
	at ptolemy.actor.Manager.execute(Manager.java:356)
	at ptolemy.actor.Manager.run(Manager.java:1263)
	at ptolemy.actor.Manager$PtolemyRunThread.run(Manager.java:1915)
java.lang.reflect.InvocationTargetException
	at sun.reflect.NativeConstructorAccessorImpl.newInstance0(Native Method)
	at sun.reflect.NativeConstructorAccessorImpl.newInstance(NativeConstructorAccessorImpl.java:62)
	at sun.reflect.DelegatingConstructorAccessorImpl.newInstance(DelegatingConstructorAccessorImpl.java:45)
	at java.lang.reflect.Constructor.newInstance(Constructor.java:423)
	at ptolemy.util.test.junit.AutoKnownFailedTests.RunModel(AutoKnownFailedTests.java:105)
	at sun.reflect.NativeMethodAccessorImpl.invoke0(Native Method)
	at sun.reflect.NativeMethodAccessorImpl.invoke(NativeMethodAccessorImpl.java:62)
	at sun.reflect.DelegatingMethodAccessorImpl.invoke(DelegatingMethodAccessorImpl.java:43)
	at java.lang.reflect.Method.invoke(Method.java:498)
	at org.junit.runners.model.FrameworkMethod$1.runReflectiveCall(FrameworkMethod.java:44)
	at org.junit.internal.runners.model.ReflectiveCallable.run(ReflectiveCallable.java:15)
	at org.junit.runners.model.FrameworkMethod.invokeExplosively(FrameworkMethod.java:41)
	at junitparams.internal.InvokeParameterisedMethod.evaluate(InvokeParameterisedMethod.java:102)
	at org.junit.internal.runners.statements.FailOnTimeout$1.run(FailOnTimeout.java:28)
Caused by: ptolemy.kernel.util.IllegalActionException: Found a zero delay loop containing .dependencyLoop2.original
  in .dependencyLoop2 and .dependencyLoop2.original
	at ptolemy.actor.util.CausalityInterfaceForComposites._computeOutputPortDepth(CausalityInterfaceForComposites.java:759)
	at ptolemy.actor.util.CausalityInterfaceForComposites._computeInputDepth(CausalityInterfaceForComposites.java:696)
	at ptolemy.actor.util.CausalityInterfaceForComposites._computeOutputPortDepth(CausalityInterfaceForComposites.java:765)
	at ptolemy.actor.util.CausalityInterfaceForComposites._computeInputDepth(CausalityInterfaceForComposites.java:696)
	at ptolemy.actor.util.CausalityInterfaceForComposites._computeOutputPortDepth(CausalityInterfaceForComposites.java:765)
	at ptolemy.actor.util.CausalityInterfaceForComposites._computeInputDepth(CausalityInterfaceForComposites.java:696)
	at ptolemy.actor.util.CausalityInterfaceForComposites._computeActorDepth(CausalityInterfaceForComposites.java:532)
	at ptolemy.actor.util.CausalityInterfaceForComposites.checkForCycles(CausalityInterfaceForComposites.java:96)
	at ptolemy.domains.de.kernel.DEDirector.preinitialize(DEDirector.java:1338)
	at ptolemy.actor.CompositeActor.preinitialize(CompositeActor.java:1828)
	at ptolemy.actor.Manager.preinitializeAndResolveTypes(Manager.java:1040)
	at ptolemy.actor.Manager.initialize(Manager.java:710)
	at ptolemy.actor.Manager.execute(Manager.java:356)
	at ptolemy.actor.Manager.run(Manager.java:1263)
	at ptolemy.actor.Manager$PtolemyRunThread.run(Manager.java:1915)
]]></system-err>
</testsuite>
