<?xml version="1.0" encoding="UTF-8" ?>
<testsuite errors="0" failures="0" hostname="travis-job-9218cad1-c7ac-432f-9bd7-1037d14b402d" name="ptolemy.domains.continuous.test.junit.JUnitTclTest" skipped="0" tests="156" time="70.15" timestamp="2020-05-18T14:18:40">
  <properties>
[...]
</properties>
  <testcase classname="ptolemy.util.test.junit.TclTests" name="[0] ThereAreNoTclTests (RunTclFile)" time="0.009" />
  <testcase classname="ptolemy.util.test.junit.AutoKnownFailedTests" name="[0] ThereAreNoKnowFailedTests (RunModel)" time="0.001" />
  <testcase classname="ptolemy.util.test.junit.AutoNameArchTests" name="[0] ThereAreNoAutoArchTests (RunModel)" time="0.01" />
  <testcase classname="ptolemy.util.test.junit.AutoTests" name="[0] /home/travis/build/icyphy/ptII/ptolemy/domains/continuous/test/auto/BouncingBall.xml (RunModel)" time="2.811" />
  <testcase classname="ptolemy.util.test.junit.AutoTests" name="[1] /home/travis/build/icyphy/ptII/ptolemy/domains/continuous/test/auto/BouncingBallWithoutGR.xml (RunModel)" time="0.938" />
  <testcase classname="ptolemy.util.test.junit.AutoTests" name="[2] /home/travis/build/icyphy/ptII/ptolemy/domains/continuous/test/auto/Brownian.xml (RunModel)" time="0.098" />
  <testcase classname="ptolemy.util.test.junit.AutoTests" name="[3] /home/travis/build/icyphy/ptII/ptolemy/domains/continuous/test/auto/CarTracking.xml (RunModel)" time="3.807" />
  <testcase classname="ptolemy.util.test.junit.AutoTests" name="[4] /home/travis/build/icyphy/ptII/ptolemy/domains/continuous/test/auto/CartPendulum.xml (RunModel)" time="0.46" />
  <testcase classname="ptolemy.util.test.junit.AutoTests" name="[5] /home/travis/build/icyphy/ptII/ptolemy/domains/continuous/test/auto/CausalityInterface10.xml (RunModel)" time="0.056" />
  <testcase classname="ptolemy.util.test.junit.AutoTests" name="[6] /home/travis/build/icyphy/ptII/ptolemy/domains/continuous/test/auto/CausalityInterface11.xml (RunModel)" time="0.044" />
  <testcase classname="ptolemy.util.test.junit.AutoTests" name="[7] /home/travis/build/icyphy/ptII/ptolemy/domains/continuous/test/auto/CausalityInterface12.xml (RunModel)" time="0.038" />
  <testcase classname="ptolemy.util.test.junit.AutoTests" name="[8] /home/travis/build/icyphy/ptII/ptolemy/domains/continuous/test/auto/CausalityInterface13.xml (RunModel)" time="0.034" />
  <testcase classname="ptolemy.util.test.junit.AutoTests" name="[9] /home/travis/build/icyphy/ptII/ptolemy/domains/continuous/test/auto/CausalityInterface14.xml (RunModel)" time="0.021" />
  <testcase classname="ptolemy.util.test.junit.AutoTests" name="[10] /home/travis/build/icyphy/ptII/ptolemy/domains/continuous/test/auto/CausalityInterface4.xml (RunModel)" time="0.047" />
  <testcase classname="ptolemy.util.test.junit.AutoTests" name="[11] /home/travis/build/icyphy/ptII/ptolemy/domains/continuous/test/auto/CausalityInterface5.xml (RunModel)" time="0.034" />
  <testcase classname="ptolemy.util.test.junit.AutoTests" name="[12] /home/travis/build/icyphy/ptII/ptolemy/domains/continuous/test/auto/CausalityInterface6.xml (RunModel)" time="0.021" />
  <testcase classname="ptolemy.util.test.junit.AutoTests" name="[13] /home/travis/build/icyphy/ptII/ptolemy/domains/continuous/test/auto/CausalityInterface7.xml (RunModel)" time="0.046" />
  <testcase classname="ptolemy.util.test.junit.AutoTests" name="[14] /home/travis/build/icyphy/ptII/ptolemy/domains/continuous/test/auto/CausalityInterface8.xml (RunModel)" time="0.042" />
  <testcase classname="ptolemy.util.test.junit.AutoTests" name="[15] /home/travis/build/icyphy/ptII/ptolemy/domains/continuous/test/auto/CausalityInterface9.xml (RunModel)" time="0.043" />
  <testcase classname="ptolemy.util.test.junit.AutoTests" name="[16] /home/travis/build/icyphy/ptII/ptolemy/domains/continuous/test/auto/CausalityInterfaceFeedback1.xml (RunModel)" time="0.029" />
  <testcase classname="ptolemy.util.test.junit.AutoTests" name="[17] /home/travis/build/icyphy/ptII/ptolemy/domains/continuous/test/auto/CausalityInterfaceFeedback2.xml (RunModel)" time="0.03" />
  <testcase classname="ptolemy.util.test.junit.AutoTests" name="[18] /home/travis/build/icyphy/ptII/ptolemy/domains/continuous/test/auto/CompareWithCurrentTime.xml (RunModel)" time="0.022" />
  <testcase classname="ptolemy.util.test.junit.AutoTests" name="[19] /home/travis/build/icyphy/ptII/ptolemy/domains/continuous/test/auto/ComparedClocks.xml (RunModel)" time="0.075" />
  <testcase classname="ptolemy.util.test.junit.AutoTests" name="[20] /home/travis/build/icyphy/ptII/ptolemy/domains/continuous/test/auto/ContinuousAOCClone.xml (RunModel)" time="2.656" />
  <testcase classname="ptolemy.util.test.junit.AutoTests" name="[21] /home/travis/build/icyphy/ptII/ptolemy/domains/continuous/test/auto/ContinuousClock.xml (RunModel)" time="0.081" />
  <testcase classname="ptolemy.util.test.junit.AutoTests" name="[22] /home/travis/build/icyphy/ptII/ptolemy/domains/continuous/test/auto/ContinuousInContinuous.xml (RunModel)" time="0.085" />
  <testcase classname="ptolemy.util.test.junit.AutoTests" name="[23] /home/travis/build/icyphy/ptII/ptolemy/domains/continuous/test/auto/ContinuousInContinuousInContinuous.xml (RunModel)" time="0.029" />
  <testcase classname="ptolemy.util.test.junit.AutoTests" name="[24] /home/travis/build/icyphy/ptII/ptolemy/domains/continuous/test/auto/ContinuousInDE.xml (RunModel)" time="0.124" />
  <testcase classname="ptolemy.util.test.junit.AutoTests" name="[25] /home/travis/build/icyphy/ptII/ptolemy/domains/continuous/test/auto/ContinuousInDE2.xml (RunModel)" time="0.055" />
  <testcase classname="ptolemy.util.test.junit.AutoTests" name="[26] /home/travis/build/icyphy/ptII/ptolemy/domains/continuous/test/auto/ContinuousInDE3.xml (RunModel)" time="0.043" />
  <testcase classname="ptolemy.util.test.junit.AutoTests" name="[27] /home/travis/build/icyphy/ptII/ptolemy/domains/continuous/test/auto/ContinuousInDE4.xml (RunModel)" time="0.029" />
  <testcase classname="ptolemy.util.test.junit.AutoTests" name="[28] /home/travis/build/icyphy/ptII/ptolemy/domains/continuous/test/auto/ContinuousInDEDifferentRefinements.xml (RunModel)" time="0.11" />
  <testcase classname="ptolemy.util.test.junit.AutoTests" name="[29] /home/travis/build/icyphy/ptII/ptolemy/domains/continuous/test/auto/ContinuousInDEDifferentRefinementsPreemptive.xml (RunModel)" time="0.076" />
  <testcase classname="ptolemy.util.test.junit.AutoTests" name="[30] /home/travis/build/icyphy/ptII/ptolemy/domains/continuous/test/auto/ContinuousInDEInContinuous2.xml (RunModel)" time="0.046" />
  <testcase classname="ptolemy.util.test.junit.AutoTests" name="[31] /home/travis/build/icyphy/ptII/ptolemy/domains/continuous/test/auto/ContinuousInDEInContinuous3.xml (RunModel)" time="0.046" />
  <testcase classname="ptolemy.util.test.junit.AutoTests" name="[32] /home/travis/build/icyphy/ptII/ptolemy/domains/continuous/test/auto/ContinuousInDEInput.xml (RunModel)" time="0.025" />
  <testcase classname="ptolemy.util.test.junit.AutoTests" name="[33] /home/travis/build/icyphy/ptII/ptolemy/domains/continuous/test/auto/ContinuousInDEInput2.xml (RunModel)" time="0.028" />
  <testcase classname="ptolemy.util.test.junit.AutoTests" name="[34] /home/travis/build/icyphy/ptII/ptolemy/domains/continuous/test/auto/ContinuousInDEInput3.xml (RunModel)" time="0.03" />
  <testcase classname="ptolemy.util.test.junit.AutoTests" name="[35] /home/travis/build/icyphy/ptII/ptolemy/domains/continuous/test/auto/ContinuousInDESharingRefinement.xml (RunModel)" time="0.161" />
  <testcase classname="ptolemy.util.test.junit.AutoTests" name="[36] /home/travis/build/icyphy/ptII/ptolemy/domains/continuous/test/auto/ContinuousInDEwithNoPorts.xml (RunModel)" time="0.014" />
  <testcase classname="ptolemy.util.test.junit.AutoTests" name="[37] /home/travis/build/icyphy/ptII/ptolemy/domains/continuous/test/auto/ContinuousInsideDE.xml (RunModel)" time="0.068" />
  <testcase classname="ptolemy.util.test.junit.AutoTests" name="[38] /home/travis/build/icyphy/ptII/ptolemy/domains/continuous/test/auto/ContinuousMerge1.xml (RunModel)" time="0.014" />
  <testcase classname="ptolemy.util.test.junit.AutoTests" name="[39] /home/travis/build/icyphy/ptII/ptolemy/domains/continuous/test/auto/ContinuousMerge2.xml (RunModel)" time="0.047" />
  <testcase classname="ptolemy.util.test.junit.AutoTests" name="[40] /home/travis/build/icyphy/ptII/ptolemy/domains/continuous/test/auto/ContinuousMerge3.xml (RunModel)" time="0.063" />
  <testcase classname="ptolemy.util.test.junit.AutoTests" name="[41] /home/travis/build/icyphy/ptII/ptolemy/domains/continuous/test/auto/ContinuousWithinContinuous.xml (RunModel)" time="0.043" />
  <testcase classname="ptolemy.util.test.junit.AutoTests" name="[42] /home/travis/build/icyphy/ptII/ptolemy/domains/continuous/test/auto/ContinuousWithinContinuous2.xml (RunModel)" time="0.071" />
  <testcase classname="ptolemy.util.test.junit.AutoTests" name="[43] /home/travis/build/icyphy/ptII/ptolemy/domains/continuous/test/auto/ContinuousWithinContinuous3.xml (RunModel)" time="0.027" />
  <testcase classname="ptolemy.util.test.junit.AutoTests" name="[44] /home/travis/build/icyphy/ptII/ptolemy/domains/continuous/test/auto/ContinuousWithinContinuous4.xml (RunModel)" time="0.063" />
  <testcase classname="ptolemy.util.test.junit.AutoTests" name="[45] /home/travis/build/icyphy/ptII/ptolemy/domains/continuous/test/auto/ContinuousWithinContinuous5.xml (RunModel)" time="0.031" />
  <testcase classname="ptolemy.util.test.junit.AutoTests" name="[46] /home/travis/build/icyphy/ptII/ptolemy/domains/continuous/test/auto/ContinuousWithinContinuous6.xml (RunModel)" time="0.026" />
  <testcase classname="ptolemy.util.test.junit.AutoTests" name="[47] /home/travis/build/icyphy/ptII/ptolemy/domains/continuous/test/auto/ContinuousWithinContinuous7.xml (RunModel)" time="0.055" />
  <testcase classname="ptolemy.util.test.junit.AutoTests" name="[48] /home/travis/build/icyphy/ptII/ptolemy/domains/continuous/test/auto/DCMotor.xml (RunModel)" time="13.735" />
  <testcase classname="ptolemy.util.test.junit.AutoTests" name="[49] /home/travis/build/icyphy/ptII/ptolemy/domains/continuous/test/auto/DEInContinuous.xml (RunModel)" time="0.036" />
  <testcase classname="ptolemy.util.test.junit.AutoTests" name="[50] /home/travis/build/icyphy/ptII/ptolemy/domains/continuous/test/auto/DEinContinuous2.xml (RunModel)" time="0.033" />
  <testcase classname="ptolemy.util.test.junit.AutoTests" name="[51] /home/travis/build/icyphy/ptII/ptolemy/domains/continuous/test/auto/Derivative.xml (RunModel)" time="0.193" />
  <testcase classname="ptolemy.util.test.junit.AutoTests" name="[52] /home/travis/build/icyphy/ptII/ptolemy/domains/continuous/test/auto/Derivative1.xml (RunModel)" time="0.065" />
  <testcase classname="ptolemy.util.test.junit.AutoTests" name="[53] /home/travis/build/icyphy/ptII/ptolemy/domains/continuous/test/auto/DiscreteClock.xml (RunModel)" time="0.021" />
  <testcase classname="ptolemy.util.test.junit.AutoTests" name="[54] /home/travis/build/icyphy/ptII/ptolemy/domains/continuous/test/auto/EfficiencyCurve.xml (RunModel)" time="0.1" />
  <testcase classname="ptolemy.util.test.junit.AutoTests" name="[55] /home/travis/build/icyphy/ptII/ptolemy/domains/continuous/test/auto/ExponentialResponse.xml (RunModel)" time="0.105" />
  <testcase classname="ptolemy.util.test.junit.AutoTests" name="[56] /home/travis/build/icyphy/ptII/ptolemy/domains/continuous/test/auto/ExponentialResponseRK45.xml (RunModel)" time="0.035" />
  <testcase classname="ptolemy.util.test.junit.AutoTests" name="[57] /home/travis/build/icyphy/ptII/ptolemy/domains/continuous/test/auto/Friction.xml (RunModel)" time="1.515" />
  <testcase classname="ptolemy.util.test.junit.AutoTests" name="[58] /home/travis/build/icyphy/ptII/ptolemy/domains/continuous/test/auto/FurutaPendulum.xml (RunModel)" time="3.286" />
  <testcase classname="ptolemy.util.test.junit.AutoTests" name="[59] /home/travis/build/icyphy/ptII/ptolemy/domains/continuous/test/auto/HierarchicalExecution.xml (RunModel)" time="1.872" />
  <testcase classname="ptolemy.util.test.junit.AutoTests" name="[60] /home/travis/build/icyphy/ptII/ptolemy/domains/continuous/test/auto/HybridPlant.xml (RunModel)" time="0.575" />
  <testcase classname="ptolemy.util.test.junit.AutoTests" name="[61] /home/travis/build/icyphy/ptII/ptolemy/domains/continuous/test/auto/Hysteresis.xml (RunModel)" time="0.169" />
  <testcase classname="ptolemy.util.test.junit.AutoTests" name="[62] /home/travis/build/icyphy/ptII/ptolemy/domains/continuous/test/auto/HysteresisWithRandomDelay.xml (RunModel)" time="0.229" />
  <testcase classname="ptolemy.util.test.junit.AutoTests" name="[63] /home/travis/build/icyphy/ptII/ptolemy/domains/continuous/test/auto/HysteresisWithRandomLosses.xml (RunModel)" time="2.376" />
  <testcase classname="ptolemy.util.test.junit.AutoTests" name="[64] /home/travis/build/icyphy/ptII/ptolemy/domains/continuous/test/auto/ImmediateTransitions.xml (RunModel)" time="0.03" />
  <testcase classname="ptolemy.util.test.junit.AutoTests" name="[65] /home/travis/build/icyphy/ptII/ptolemy/domains/continuous/test/auto/ImpulseFeedback.xml (RunModel)" time="0.016" />
  <testcase classname="ptolemy.util.test.junit.AutoTests" name="[66] /home/travis/build/icyphy/ptII/ptolemy/domains/continuous/test/auto/ImpulseFeedback2.xml (RunModel)" time="0.016" />
  <testcase classname="ptolemy.util.test.junit.AutoTests" name="[67] /home/travis/build/icyphy/ptII/ptolemy/domains/continuous/test/auto/IncreasingRatePoisson.xml (RunModel)" time="0.729" />
  <testcase classname="ptolemy.util.test.junit.AutoTests" name="[68] /home/travis/build/icyphy/ptII/ptolemy/domains/continuous/test/auto/InitialStateFeedback.xml (RunModel)" time="0.017" />
  <testcase classname="ptolemy.util.test.junit.AutoTests" name="[69] /home/travis/build/icyphy/ptII/ptolemy/domains/continuous/test/auto/Integration.xml (RunModel)" time="0.014" />
  <testcase classname="ptolemy.util.test.junit.AutoTests" name="[70] /home/travis/build/icyphy/ptII/ptolemy/domains/continuous/test/auto/Integration2.xml (RunModel)" time="0.096" />
  <testcase classname="ptolemy.util.test.junit.AutoTests" name="[71] /home/travis/build/icyphy/ptII/ptolemy/domains/continuous/test/auto/Integration3.xml (RunModel)" time="0.013" />
  <testcase classname="ptolemy.util.test.junit.AutoTests" name="[72] /home/travis/build/icyphy/ptII/ptolemy/domains/continuous/test/auto/Integration5.xml (RunModel)" time="0.019" />
  <testcase classname="ptolemy.util.test.junit.AutoTests" name="[73] /home/travis/build/icyphy/ptII/ptolemy/domains/continuous/test/auto/IntegratorImpulse.xml (RunModel)" time="0.012" />
  <testcase classname="ptolemy.util.test.junit.AutoTests" name="[74] /home/travis/build/icyphy/ptII/ptolemy/domains/continuous/test/auto/IntegratorImpulse2.xml (RunModel)" time="0.012" />
  <testcase classname="ptolemy.util.test.junit.AutoTests" name="[75] /home/travis/build/icyphy/ptII/ptolemy/domains/continuous/test/auto/LevelCrossing1.xml (RunModel)" time="0.012" />
  <testcase classname="ptolemy.util.test.junit.AutoTests" name="[76] /home/travis/build/icyphy/ptII/ptolemy/domains/continuous/test/auto/LevelCrossing2.xml (RunModel)" time="0.014" />
  <testcase classname="ptolemy.util.test.junit.AutoTests" name="[77] /home/travis/build/icyphy/ptII/ptolemy/domains/continuous/test/auto/LevelCrossing3.xml (RunModel)" time="0.013" />
  <testcase classname="ptolemy.util.test.junit.AutoTests" name="[78] /home/travis/build/icyphy/ptII/ptolemy/domains/continuous/test/auto/LevelCrossing4.xml (RunModel)" time="0.022" />
  <testcase classname="ptolemy.util.test.junit.AutoTests" name="[79] /home/travis/build/icyphy/ptII/ptolemy/domains/continuous/test/auto/LevelCrossing5.xml (RunModel)" time="0.017" />
  <testcase classname="ptolemy.util.test.junit.AutoTests" name="[80] /home/travis/build/icyphy/ptII/ptolemy/domains/continuous/test/auto/LevelCrossing6.xml (RunModel)" time="0.012" />
  <testcase classname="ptolemy.util.test.junit.AutoTests" name="[81] /home/travis/build/icyphy/ptII/ptolemy/domains/continuous/test/auto/LevelCrossingDetector.xml (RunModel)" time="0.04" />
  <testcase classname="ptolemy.util.test.junit.AutoTests" name="[82] /home/travis/build/icyphy/ptII/ptolemy/domains/continuous/test/auto/LevelCrossingDetectorDetectingDirections.xml (RunModel)" time="0.08" />
  <testcase classname="ptolemy.util.test.junit.AutoTests" name="[83] /home/travis/build/icyphy/ptII/ptolemy/domains/continuous/test/auto/LevelCrossingDetectorDetectsGlitches.xml (RunModel)" time="0.056" />
  <testcase classname="ptolemy.util.test.junit.AutoTests" name="[84] /home/travis/build/icyphy/ptII/ptolemy/domains/continuous/test/auto/LevelCrossingNoInitialOuput.xml (RunModel)" time="0.013" />
  <testcase classname="ptolemy.util.test.junit.AutoTests" name="[85] /home/travis/build/icyphy/ptII/ptolemy/domains/continuous/test/auto/LinearStateSpaceExample.xml (RunModel)" time="0.079" />
  <testcase classname="ptolemy.util.test.junit.AutoTests" name="[86] /home/travis/build/icyphy/ptII/ptolemy/domains/continuous/test/auto/Lorenz.xml (RunModel)" time="3.307" />
  <testcase classname="ptolemy.util.test.junit.AutoTests" name="[87] /home/travis/build/icyphy/ptII/ptolemy/domains/continuous/test/auto/LorenzDifferentialSystem.xml (RunModel)" time="0.966" />
  <testcase classname="ptolemy.util.test.junit.AutoTests" name="[88] /home/travis/build/icyphy/ptII/ptolemy/domains/continuous/test/auto/LorenzDifferentialSystemWithInput.xml (RunModel)" time="1.152" />
  <testcase classname="ptolemy.util.test.junit.AutoTests" name="[89] /home/travis/build/icyphy/ptII/ptolemy/domains/continuous/test/auto/LorenzDifferentialSystemWithTime.xml (RunModel)" time="0.7" />
  <testcase classname="ptolemy.util.test.junit.AutoTests" name="[90] /home/travis/build/icyphy/ptII/ptolemy/domains/continuous/test/auto/Microsteps.xml (RunModel)" time="0.02" />
  <testcase classname="ptolemy.util.test.junit.AutoTests" name="[91] /home/travis/build/icyphy/ptII/ptolemy/domains/continuous/test/auto/Modal1.xml (RunModel)" time="0.039" />
  <testcase classname="ptolemy.util.test.junit.AutoTests" name="[92] /home/travis/build/icyphy/ptII/ptolemy/domains/continuous/test/auto/Modal2.xml (RunModel)" time="0.05" />
  <testcase classname="ptolemy.util.test.junit.AutoTests" name="[93] /home/travis/build/icyphy/ptII/ptolemy/domains/continuous/test/auto/ModalTransitionGuardWithReset.xml (RunModel)" time="0.024" />
  <testcase classname="ptolemy.util.test.junit.AutoTests" name="[94] /home/travis/build/icyphy/ptII/ptolemy/domains/continuous/test/auto/ModalTransitionGuardWithResetUsingPreemptiveTransition.xml (RunModel)" time="0.025" />
  <testcase classname="ptolemy.util.test.junit.AutoTests" name="[95] /home/travis/build/icyphy/ptII/ptolemy/domains/continuous/test/auto/ModalTransitionGuardWithResetUsingPreemptiveTransition2.xml (RunModel)" time="0.024" />
  <testcase classname="ptolemy.util.test.junit.AutoTests" name="[96] /home/travis/build/icyphy/ptII/ptolemy/domains/continuous/test/auto/ModalTransitionGuardWithResetUsingPreemptiveTransition3.xml (RunModel)" time="0.03" />
  <testcase classname="ptolemy.util.test.junit.AutoTests" name="[97] /home/travis/build/icyphy/ptII/ptolemy/domains/continuous/test/auto/NewtonsCradle.xml (RunModel)" time="0.786" />
  <testcase classname="ptolemy.util.test.junit.AutoTests" name="[98] /home/travis/build/icyphy/ptII/ptolemy/domains/continuous/test/auto/NewtonsCradleAnimated.xml (RunModel)" time="1.255" />
  <testcase classname="ptolemy.util.test.junit.AutoTests" name="[99] /home/travis/build/icyphy/ptII/ptolemy/domains/continuous/test/auto/NewtonsCradleComplicated.xml (RunModel)" time="0.896" />
  <testcase classname="ptolemy.util.test.junit.AutoTests" name="[100] /home/travis/build/icyphy/ptII/ptolemy/domains/continuous/test/auto/NewtonsCradleNondeterministic.xml (RunModel)" time="0.685" />
  <testcase classname="ptolemy.util.test.junit.AutoTests" name="[101] /home/travis/build/icyphy/ptII/ptolemy/domains/continuous/test/auto/NewtonsCradlePerfectlyInelastic1.xml (RunModel)" time="1.227" />
  <testcase classname="ptolemy.util.test.junit.AutoTests" name="[102] /home/travis/build/icyphy/ptII/ptolemy/domains/continuous/test/auto/Noise.xml (RunModel)" time="0.204" />
  <testcase classname="ptolemy.util.test.junit.AutoTests" name="[103] /home/travis/build/icyphy/ptII/ptolemy/domains/continuous/test/auto/NoiseSpectrum.xml (RunModel)" time="0.721" />
  <testcase classname="ptolemy.util.test.junit.AutoTests" name="[104] /home/travis/build/icyphy/ptII/ptolemy/domains/continuous/test/auto/ParameterizedNewtonsCradleAnimated.xml (RunModel)" time="0.335" />
  <testcase classname="ptolemy.util.test.junit.AutoTests" name="[105] /home/travis/build/icyphy/ptII/ptolemy/domains/continuous/test/auto/ParameterizedNewtonsCradleAnimatedNondeterministic.xml (RunModel)" time="1.145" />
  <testcase classname="ptolemy.util.test.junit.AutoTests" name="[106] /home/travis/build/icyphy/ptII/ptolemy/domains/continuous/test/auto/Pendulum3D.xml (RunModel)" time="0.189" />
  <testcase classname="ptolemy.util.test.junit.AutoTests" name="[107] /home/travis/build/icyphy/ptII/ptolemy/domains/continuous/test/auto/PeriodicSampler.xml (RunModel)" time="0.013" />
  <testcase classname="ptolemy.util.test.junit.AutoTests" name="[108] /home/travis/build/icyphy/ptII/ptolemy/domains/continuous/test/auto/PeriodicSampler1.xml (RunModel)" time="0.043" />
  <testcase classname="ptolemy.util.test.junit.AutoTests" name="[109] /home/travis/build/icyphy/ptII/ptolemy/domains/continuous/test/auto/PeriodicSampler2.xml (RunModel)" time="0.074" />
  <testcase classname="ptolemy.util.test.junit.AutoTests" name="[110] /home/travis/build/icyphy/ptII/ptolemy/domains/continuous/test/auto/Poisson.xml (RunModel)" time="0.437" />
  <testcase classname="ptolemy.util.test.junit.AutoTests" name="[111] /home/travis/build/icyphy/ptII/ptolemy/domains/continuous/test/auto/PoissonClock.xml (RunModel)" time="0.017" />
  <testcase classname="ptolemy.util.test.junit.AutoTests" name="[112] /home/travis/build/icyphy/ptII/ptolemy/domains/continuous/test/auto/PoissonClock2.xml (RunModel)" time="0.011" />
  <testcase classname="ptolemy.util.test.junit.AutoTests" name="[113] /home/travis/build/icyphy/ptII/ptolemy/domains/continuous/test/auto/PortParameterHierarchy.xml (RunModel)" time="0.022" />
  <testcase classname="ptolemy.util.test.junit.AutoTests" name="[114] /home/travis/build/icyphy/ptII/ptolemy/domains/continuous/test/auto/RandomHybridPlant.xml (RunModel)" time="0.543" />
  <testcase classname="ptolemy.util.test.junit.AutoTests" name="[115] /home/travis/build/icyphy/ptII/ptolemy/domains/continuous/test/auto/ResetTransitionWithStartTime1.xml (RunModel)" time="0.023" />
  <testcase classname="ptolemy.util.test.junit.AutoTests" name="[116] /home/travis/build/icyphy/ptII/ptolemy/domains/continuous/test/auto/ResetTransitionWithStartTime2.xml (RunModel)" time="0.03" />
  <testcase classname="ptolemy.util.test.junit.AutoTests" name="[117] /home/travis/build/icyphy/ptII/ptolemy/domains/continuous/test/auto/ResetTransitionWithStartTime3.xml (RunModel)" time="0.032" />
  <testcase classname="ptolemy.util.test.junit.AutoTests" name="[118] /home/travis/build/icyphy/ptII/ptolemy/domains/continuous/test/auto/ResetTransitionWithStartTime4.xml (RunModel)" time="0.029" />
  <testcase classname="ptolemy.util.test.junit.AutoTests" name="[119] /home/travis/build/icyphy/ptII/ptolemy/domains/continuous/test/auto/ResetTransitionWithStartTime5.xml (RunModel)" time="0.033" />
  <testcase classname="ptolemy.util.test.junit.AutoTests" name="[120] /home/travis/build/icyphy/ptII/ptolemy/domains/continuous/test/auto/ResetTransitionWithStartTime6.xml (RunModel)" time="0.022" />
  <testcase classname="ptolemy.util.test.junit.AutoTests" name="[121] /home/travis/build/icyphy/ptII/ptolemy/domains/continuous/test/auto/SRinContinuous.xml (RunModel)" time="0.019" />
  <testcase classname="ptolemy.util.test.junit.AutoTests" name="[122] /home/travis/build/icyphy/ptII/ptolemy/domains/continuous/test/auto/SampledClocks.xml (RunModel)" time="0.038" />
  <testcase classname="ptolemy.util.test.junit.AutoTests" name="[123] /home/travis/build/icyphy/ptII/ptolemy/domains/continuous/test/auto/Satellite.xml (RunModel)" time="0.649" />
  <testcase classname="ptolemy.util.test.junit.AutoTests" name="[124] /home/travis/build/icyphy/ptII/ptolemy/domains/continuous/test/auto/SigmaDelta.xml (RunModel)" time="1.878" />
  <testcase classname="ptolemy.util.test.junit.AutoTests" name="[125] /home/travis/build/icyphy/ptII/ptolemy/domains/continuous/test/auto/SingleRefinement.xml (RunModel)" time="0.476" />
  <testcase classname="ptolemy.util.test.junit.AutoTests" name="[126] /home/travis/build/icyphy/ptII/ptolemy/domains/continuous/test/auto/SinuBouncingBall.xml (RunModel)" time="0.822" />
  <testcase classname="ptolemy.util.test.junit.AutoTests" name="[127] /home/travis/build/icyphy/ptII/ptolemy/domains/continuous/test/auto/Sinusoid.xml (RunModel)" time="0.015" />
  <testcase classname="ptolemy.util.test.junit.AutoTests" name="[128] /home/travis/build/icyphy/ptII/ptolemy/domains/continuous/test/auto/SinusoidInNoise.xml (RunModel)" time="0.8" />
  <testcase classname="ptolemy.util.test.junit.AutoTests" name="[129] /home/travis/build/icyphy/ptII/ptolemy/domains/continuous/test/auto/SinusoidRK45.xml (RunModel)" time="0.009" />
  <testcase classname="ptolemy.util.test.junit.AutoTests" name="[130] /home/travis/build/icyphy/ptII/ptolemy/domains/continuous/test/auto/SinusoidWithMultipleImpulses.xml (RunModel)" time="0.01" />
  <testcase classname="ptolemy.util.test.junit.AutoTests" name="[131] /home/travis/build/icyphy/ptII/ptolemy/domains/continuous/test/auto/SquareWave.xml (RunModel)" time="0.152" />
  <testcase classname="ptolemy.util.test.junit.AutoTests" name="[132] /home/travis/build/icyphy/ptII/ptolemy/domains/continuous/test/auto/Starmac.xml (RunModel)" time="3.511" />
  <testcase classname="ptolemy.util.test.junit.AutoTests" name="[133] /home/travis/build/icyphy/ptII/ptolemy/domains/continuous/test/auto/StaticUnits.xml (RunModel)" time="2.315" />
  <testcase classname="ptolemy.util.test.junit.AutoTests" name="[134] /home/travis/build/icyphy/ptII/ptolemy/domains/continuous/test/auto/StickyMasses.xml (RunModel)" time="0.196" />
  <testcase classname="ptolemy.util.test.junit.AutoTests" name="[135] /home/travis/build/icyphy/ptII/ptolemy/domains/continuous/test/auto/StopTime.xml (RunModel)" time="0.067" />
  <testcase classname="ptolemy.util.test.junit.AutoTests" name="[136] /home/travis/build/icyphy/ptII/ptolemy/domains/continuous/test/auto/StopTime2.xml (RunModel)" time="0.067" />
  <testcase classname="ptolemy.util.test.junit.AutoTests" name="[137] /home/travis/build/icyphy/ptII/ptolemy/domains/continuous/test/auto/Switch.xml (RunModel)" time="0.06" />
  <testcase classname="ptolemy.util.test.junit.AutoTests" name="[138] /home/travis/build/icyphy/ptII/ptolemy/domains/continuous/test/auto/Thermostat.xml (RunModel)" time="0.196" />
  <testcase classname="ptolemy.util.test.junit.AutoTests" name="[139] /home/travis/build/icyphy/ptII/ptolemy/domains/continuous/test/auto/TimeDelay.xml (RunModel)" time="0.017" />
  <testcase classname="ptolemy.util.test.junit.AutoTests" name="[140] /home/travis/build/icyphy/ptII/ptolemy/domains/continuous/test/auto/TimeDelay2.xml (RunModel)" time="0.023" />
  <testcase classname="ptolemy.util.test.junit.AutoTests" name="[141] /home/travis/build/icyphy/ptII/ptolemy/domains/continuous/test/auto/TimeDelay3.xml (RunModel)" time="0.012" />
  <testcase classname="ptolemy.util.test.junit.AutoTests" name="[142] /home/travis/build/icyphy/ptII/ptolemy/domains/continuous/test/auto/TransferAbsentToInside.xml (RunModel)" time="0.098" />
  <testcase classname="ptolemy.util.test.junit.AutoTests" name="[143] /home/travis/build/icyphy/ptII/ptolemy/domains/continuous/test/auto/Transmission.xml (RunModel)" time="0.815" />
  <testcase classname="ptolemy.util.test.junit.AutoTests" name="[144] /home/travis/build/icyphy/ptII/ptolemy/domains/continuous/test/auto/TriggeredContinuousClock.xml (RunModel)" time="0.066" />
  <testcase classname="ptolemy.util.test.junit.AutoTests" name="[145] /home/travis/build/icyphy/ptII/ptolemy/domains/continuous/test/auto/TwoMachineInfiniteBusControl.xml (RunModel)" time="2.355" />
  <testcase classname="ptolemy.util.test.junit.AutoTests" name="[146] /home/travis/build/icyphy/ptII/ptolemy/domains/continuous/test/auto/V2V.xml (RunModel)" time="0.753" />
  <testcase classname="ptolemy.util.test.junit.AutoTests" name="[147] /home/travis/build/icyphy/ptII/ptolemy/domains/continuous/test/auto/hierarchicalModalModel.xml (RunModel)" time="0.033" />
  <testcase classname="ptolemy.util.test.junit.AutoTests" name="[148] /home/travis/build/icyphy/ptII/ptolemy/domains/continuous/test/auto/hierarchicalModalModel1.xml (RunModel)" time="0.03" />
  <testcase classname="ptolemy.util.test.junit.AutoTests" name="[149] /home/travis/build/icyphy/ptII/ptolemy/domains/continuous/test/auto/hierarchicalModalModel2.xml (RunModel)" time="0.027" />
  <testcase classname="ptolemy.util.test.junit.AutoTests" name="[150] /home/travis/build/icyphy/ptII/ptolemy/domains/continuous/test/auto/hierarchicalModalModel3.xml (RunModel)" time="0.025" />
  <testcase classname="ptolemy.util.test.junit.AutoTests" name="[151] /home/travis/build/icyphy/ptII/ptolemy/domains/continuous/test/auto/hierarchicalModalModel4.xml (RunModel)" time="0.024" />
  <testcase classname="ptolemy.util.test.junit.AutoTests" name="[152] /home/travis/build/icyphy/ptII/ptolemy/domains/continuous/test/auto/junk.xml (RunModel)" time="0.121" />
  <system-out><![CDATA[No tcl tests in /home/travis/build/icyphy/ptII/ptolemy/domains/continuous/test
No auto/knownFailedTests/*.xml tests in /home/travis/build/icyphy/ptII/ptolemy/domains/continuous/test
No auto/linux-amd64/*.xml tests in /home/travis/build/icyphy/ptII/ptolemy/domains/continuous/test
AutoTests.java: About to close Vertx.
AutoTests.java: Vertx closed.

===========================================================================================
----------------- testing Mon May 18 14:18:40 UTC 2020 /home/travis/build/icyphy/ptII/ptolemy/domains/continuous/test/auto/BouncingBall.xml
----------------- Instantiating /home/travis/build/icyphy/ptII/ptolemy/domains/continuous/test/auto/BouncingBall.xml
2182 ms. Memory: 155648K Free: 106387K (68%)
----------------- Invoking toplevel() on ptolemy.moml.MoMLSimpleApplication@4244b7f
----------------- Done invoking toplevel() on ptolemy.moml.MoMLSimpleApplication@4244b7f
reloadAllAccessors: .BouncingBall

===========================================================================================
----------------- testing Mon May 18 14:18:43 UTC 2020 /home/travis/build/icyphy/ptII/ptolemy/domains/continuous/test/auto/BouncingBallWithoutGR.xml
----------------- Instantiating /home/travis/build/icyphy/ptII/ptolemy/domains/continuous/test/auto/BouncingBallWithoutGR.xml
783 ms. Memory: 155648K Free: 109343K (70%)
----------------- Invoking toplevel() on ptolemy.moml.MoMLSimpleApplication@44725ea1
----------------- Done invoking toplevel() on ptolemy.moml.MoMLSimpleApplication@44725ea1
reloadAllAccessors: .BouncingBallWithoutGR

===========================================================================================
----------------- testing Mon May 18 14:18:44 UTC 2020 /home/travis/build/icyphy/ptII/ptolemy/domains/continuous/test/auto/Brownian.xml
----------------- Instantiating /home/travis/build/icyphy/ptII/ptolemy/domains/continuous/test/auto/Brownian.xml
18 ms. Memory: 155648K Free: 100637K (65%)
----------------- Invoking toplevel() on ptolemy.moml.MoMLSimpleApplication@4bd57cb4
----------------- Done invoking toplevel() on ptolemy.moml.MoMLSimpleApplication@4bd57cb4
reloadAllAccessors: .Brownian

===========================================================================================
----------------- testing Mon May 18 14:18:44 UTC 2020 /home/travis/build/icyphy/ptII/ptolemy/domains/continuous/test/auto/CarTracking.xml
----------------- Instantiating /home/travis/build/icyphy/ptII/ptolemy/domains/continuous/test/auto/CarTracking.xml
3481 ms. Memory: 225280K Free: 194407K (86%)
----------------- Invoking toplevel() on ptolemy.moml.MoMLSimpleApplication@51a95f22
----------------- Done invoking toplevel() on ptolemy.moml.MoMLSimpleApplication@51a95f22
reloadAllAccessors: .CarTracking

===========================================================================================
----------------- testing Mon May 18 14:18:48 UTC 2020 /home/travis/build/icyphy/ptII/ptolemy/domains/continuous/test/auto/CartPendulum.xml
----------------- Instantiating /home/travis/build/icyphy/ptII/ptolemy/domains/continuous/test/auto/CartPendulum.xml
330 ms. Memory: 225280K Free: 103271K (46%)
----------------- Invoking toplevel() on ptolemy.moml.MoMLSimpleApplication@266f6408
----------------- Done invoking toplevel() on ptolemy.moml.MoMLSimpleApplication@266f6408
reloadAllAccessors: .CartPendulum

===========================================================================================
----------------- testing Mon May 18 14:18:48 UTC 2020 /home/travis/build/icyphy/ptII/ptolemy/domains/continuous/test/auto/CausalityInterface10.xml
----------------- Instantiating /home/travis/build/icyphy/ptII/ptolemy/domains/continuous/test/auto/CausalityInterface10.xml
11 ms. Memory: 225280K Free: 93031K (41%)
----------------- Invoking toplevel() on ptolemy.moml.MoMLSimpleApplication@38a17eee
----------------- Done invoking toplevel() on ptolemy.moml.MoMLSimpleApplication@38a17eee
reloadAllAccessors: .CausalityInterface10

===========================================================================================
----------------- testing Mon May 18 14:18:48 UTC 2020 /home/travis/build/icyphy/ptII/ptolemy/domains/continuous/test/auto/CausalityInterface11.xml
----------------- Instantiating /home/travis/build/icyphy/ptII/ptolemy/domains/continuous/test/auto/CausalityInterface11.xml
10 ms. Memory: 225280K Free: 86887K (39%)
----------------- Invoking toplevel() on ptolemy.moml.MoMLSimpleApplication@5b314a03
----------------- Done invoking toplevel() on ptolemy.moml.MoMLSimpleApplication@5b314a03
reloadAllAccessors: .CausalityInterface11

===========================================================================================
----------------- testing Mon May 18 14:18:49 UTC 2020 /home/travis/build/icyphy/ptII/ptolemy/domains/continuous/test/auto/CausalityInterface12.xml
----------------- Instantiating /home/travis/build/icyphy/ptII/ptolemy/domains/continuous/test/auto/CausalityInterface12.xml
11 ms. Memory: 225280K Free: 80743K (36%)
----------------- Invoking toplevel() on ptolemy.moml.MoMLSimpleApplication@71b279bb
----------------- Done invoking toplevel() on ptolemy.moml.MoMLSimpleApplication@71b279bb
reloadAllAccessors: .CausalityInterface12

===========================================================================================
----------------- testing Mon May 18 14:18:49 UTC 2020 /home/travis/build/icyphy/ptII/ptolemy/domains/continuous/test/auto/CausalityInterface13.xml
----------------- Instantiating /home/travis/build/icyphy/ptII/ptolemy/domains/continuous/test/auto/CausalityInterface13.xml
3 ms. Memory: 225280K Free: 208310K (92%)
----------------- Invoking toplevel() on ptolemy.moml.MoMLSimpleApplication@4ae329fd
----------------- Done invoking toplevel() on ptolemy.moml.MoMLSimpleApplication@4ae329fd
reloadAllAccessors: .CausalityInterface13

===========================================================================================
----------------- testing Mon May 18 14:18:49 UTC 2020 /home/travis/build/icyphy/ptII/ptolemy/domains/continuous/test/auto/CausalityInterface14.xml
----------------- Instantiating /home/travis/build/icyphy/ptII/ptolemy/domains/continuous/test/auto/CausalityInterface14.xml
6 ms. Memory: 225280K Free: 202661K (90%)
----------------- Invoking toplevel() on ptolemy.moml.MoMLSimpleApplication@55792fd2
----------------- Done invoking toplevel() on ptolemy.moml.MoMLSimpleApplication@55792fd2
reloadAllAccessors: .CausalityInterface14

===========================================================================================
----------------- testing Mon May 18 14:18:49 UTC 2020 /home/travis/build/icyphy/ptII/ptolemy/domains/continuous/test/auto/CausalityInterface4.xml
----------------- Instantiating /home/travis/build/icyphy/ptII/ptolemy/domains/continuous/test/auto/CausalityInterface4.xml
5 ms. Memory: 225280K Free: 195493K (87%)
----------------- Invoking toplevel() on ptolemy.moml.MoMLSimpleApplication@468c19e5
----------------- Done invoking toplevel() on ptolemy.moml.MoMLSimpleApplication@468c19e5
reloadAllAccessors: .CausalityInterface4

===========================================================================================
----------------- testing Mon May 18 14:18:49 UTC 2020 /home/travis/build/icyphy/ptII/ptolemy/domains/continuous/test/auto/CausalityInterface5.xml
----------------- Instantiating /home/travis/build/icyphy/ptII/ptolemy/domains/continuous/test/auto/CausalityInterface5.xml
7 ms. Memory: 225280K Free: 187316K (83%)
----------------- Invoking toplevel() on ptolemy.moml.MoMLSimpleApplication@6f6176e4
----------------- Done invoking toplevel() on ptolemy.moml.MoMLSimpleApplication@6f6176e4
reloadAllAccessors: .CausalityInterface5

===========================================================================================
----------------- testing Mon May 18 14:18:49 UTC 2020 /home/travis/build/icyphy/ptII/ptolemy/domains/continuous/test/auto/CausalityInterface6.xml
----------------- Instantiating /home/travis/build/icyphy/ptII/ptolemy/domains/continuous/test/auto/CausalityInterface6.xml
4 ms. Memory: 225280K Free: 181686K (81%)
----------------- Invoking toplevel() on ptolemy.moml.MoMLSimpleApplication@694c83a9
----------------- Done invoking toplevel() on ptolemy.moml.MoMLSimpleApplication@694c83a9
reloadAllAccessors: .CausalityInterface6

===========================================================================================
----------------- testing Mon May 18 14:18:49 UTC 2020 /home/travis/build/icyphy/ptII/ptolemy/domains/continuous/test/auto/CausalityInterface7.xml
----------------- Instantiating /home/travis/build/icyphy/ptII/ptolemy/domains/continuous/test/auto/CausalityInterface7.xml
19 ms. Memory: 225280K Free: 172980K (77%)
----------------- Invoking toplevel() on ptolemy.moml.MoMLSimpleApplication@48c3cb4c
----------------- Done invoking toplevel() on ptolemy.moml.MoMLSimpleApplication@48c3cb4c
reloadAllAccessors: .CausalityInterface7

===========================================================================================
----------------- testing Mon May 18 14:18:49 UTC 2020 /home/travis/build/icyphy/ptII/ptolemy/domains/continuous/test/auto/CausalityInterface8.xml
----------------- Instantiating /home/travis/build/icyphy/ptII/ptolemy/domains/continuous/test/auto/CausalityInterface8.xml
8 ms. Memory: 225280K Free: 163764K (73%)
----------------- Invoking toplevel() on ptolemy.moml.MoMLSimpleApplication@368ef6fa
----------------- Done invoking toplevel() on ptolemy.moml.MoMLSimpleApplication@368ef6fa
reloadAllAccessors: .CausalityInterface8

===========================================================================================
----------------- testing Mon May 18 14:18:49 UTC 2020 /home/travis/build/icyphy/ptII/ptolemy/domains/continuous/test/auto/CausalityInterface9.xml
----------------- Instantiating /home/travis/build/icyphy/ptII/ptolemy/domains/continuous/test/auto/CausalityInterface9.xml
9 ms. Memory: 225280K Free: 153014K (68%)
----------------- Invoking toplevel() on ptolemy.moml.MoMLSimpleApplication@64b0aed1
----------------- Done invoking toplevel() on ptolemy.moml.MoMLSimpleApplication@64b0aed1
reloadAllAccessors: .CausalityInterface9

===========================================================================================
----------------- testing Mon May 18 14:18:49 UTC 2020 /home/travis/build/icyphy/ptII/ptolemy/domains/continuous/test/auto/CausalityInterfaceFeedback1.xml
----------------- Instantiating /home/travis/build/icyphy/ptII/ptolemy/domains/continuous/test/auto/CausalityInterfaceFeedback1.xml
6 ms. Memory: 225280K Free: 146341K (65%)
----------------- Invoking toplevel() on ptolemy.moml.MoMLSimpleApplication@4b81e475
----------------- Done invoking toplevel() on ptolemy.moml.MoMLSimpleApplication@4b81e475
reloadAllAccessors: .CausalityInterfaceFeedback1

===========================================================================================
----------------- testing Mon May 18 14:18:49 UTC 2020 /home/travis/build/icyphy/ptII/ptolemy/domains/continuous/test/auto/CausalityInterfaceFeedback2.xml
----------------- Instantiating /home/travis/build/icyphy/ptII/ptolemy/domains/continuous/test/auto/CausalityInterfaceFeedback2.xml
6 ms. Memory: 225280K Free: 140197K (62%)
----------------- Invoking toplevel() on ptolemy.moml.MoMLSimpleApplication@69132e10
----------------- Done invoking toplevel() on ptolemy.moml.MoMLSimpleApplication@69132e10
reloadAllAccessors: .CausalityInterfaceFeedback2

===========================================================================================
----------------- testing Mon May 18 14:18:49 UTC 2020 /home/travis/build/icyphy/ptII/ptolemy/domains/continuous/test/auto/CompareWithCurrentTime.xml
----------------- Instantiating /home/travis/build/icyphy/ptII/ptolemy/domains/continuous/test/auto/CompareWithCurrentTime.xml
3 ms. Memory: 225280K Free: 136116K (60%)
----------------- Invoking toplevel() on ptolemy.moml.MoMLSimpleApplication@6dd9c513
----------------- Done invoking toplevel() on ptolemy.moml.MoMLSimpleApplication@6dd9c513
reloadAllAccessors: .CompareWithCurrentTime

===========================================================================================
----------------- testing Mon May 18 14:18:49 UTC 2020 /home/travis/build/icyphy/ptII/ptolemy/domains/continuous/test/auto/ComparedClocks.xml
----------------- Instantiating /home/travis/build/icyphy/ptII/ptolemy/domains/continuous/test/auto/ComparedClocks.xml
8 ms. Memory: 225280K Free: 120741K (54%)
----------------- Invoking toplevel() on ptolemy.moml.MoMLSimpleApplication@14c412f8
----------------- Done invoking toplevel() on ptolemy.moml.MoMLSimpleApplication@14c412f8
reloadAllAccessors: .ComparedClocks

===========================================================================================
----------------- testing Mon May 18 14:18:49 UTC 2020 /home/travis/build/icyphy/ptII/ptolemy/domains/continuous/test/auto/ContinuousAOCClone.xml
----------------- Instantiating /home/travis/build/icyphy/ptII/ptolemy/domains/continuous/test/auto/ContinuousAOCClone.xml
2443 ms. Memory: 270336K Free: 192318K (71%)
----------------- Invoking toplevel() on ptolemy.moml.MoMLSimpleApplication@1d785795
----------------- Done invoking toplevel() on ptolemy.moml.MoMLSimpleApplication@1d785795
reloadAllAccessors: .ContinuousAOCClone

===========================================================================================
----------------- testing Mon May 18 14:18:52 UTC 2020 /home/travis/build/icyphy/ptII/ptolemy/domains/continuous/test/auto/ContinuousClock.xml
----------------- Instantiating /home/travis/build/icyphy/ptII/ptolemy/domains/continuous/test/auto/ContinuousClock.xml
28 ms. Memory: 270336K Free: 170286K (63%)
----------------- Invoking toplevel() on ptolemy.moml.MoMLSimpleApplication@3896b9e3
----------------- Done invoking toplevel() on ptolemy.moml.MoMLSimpleApplication@3896b9e3
reloadAllAccessors: .ContinuousClock

===========================================================================================
----------------- testing Mon May 18 14:18:52 UTC 2020 /home/travis/build/icyphy/ptII/ptolemy/domains/continuous/test/auto/ContinuousInContinuous.xml
----------------- Instantiating /home/travis/build/icyphy/ptII/ptolemy/domains/continuous/test/auto/ContinuousInContinuous.xml
46 ms. Memory: 270336K Free: 146748K (54%)
----------------- Invoking toplevel() on ptolemy.moml.MoMLSimpleApplication@1701a4eb
----------------- Done invoking toplevel() on ptolemy.moml.MoMLSimpleApplication@1701a4eb
reloadAllAccessors: .ContinuousInContinuous

===========================================================================================
----------------- testing Mon May 18 14:18:52 UTC 2020 /home/travis/build/icyphy/ptII/ptolemy/domains/continuous/test/auto/ContinuousInContinuousInContinuous.xml
----------------- Instantiating /home/travis/build/icyphy/ptII/ptolemy/domains/continuous/test/auto/ContinuousInContinuousInContinuous.xml
8 ms. Memory: 270336K Free: 139070K (51%)
----------------- Invoking toplevel() on ptolemy.moml.MoMLSimpleApplication@42804eda
----------------- Done invoking toplevel() on ptolemy.moml.MoMLSimpleApplication@42804eda
reloadAllAccessors: .ContinuousInContinuousInContinuous

===========================================================================================
----------------- testing Mon May 18 14:18:52 UTC 2020 /home/travis/build/icyphy/ptII/ptolemy/domains/continuous/test/auto/ContinuousInDE.xml
----------------- Instantiating /home/travis/build/icyphy/ptII/ptolemy/domains/continuous/test/auto/ContinuousInDE.xml
102 ms. Memory: 270336K Free: 128316K (47%)
----------------- Invoking toplevel() on ptolemy.moml.MoMLSimpleApplication@39d3180e
----------------- Done invoking toplevel() on ptolemy.moml.MoMLSimpleApplication@39d3180e
reloadAllAccessors: .ContinuousInDE

===========================================================================================
----------------- testing Mon May 18 14:18:52 UTC 2020 /home/travis/build/icyphy/ptII/ptolemy/domains/continuous/test/auto/ContinuousInDE2.xml
----------------- Instantiating /home/travis/build/icyphy/ptII/ptolemy/domains/continuous/test/auto/ContinuousInDE2.xml
33 ms. Memory: 270336K Free: 119100K (44%)
----------------- Invoking toplevel() on ptolemy.moml.MoMLSimpleApplication@665eb9e8
----------------- Done invoking toplevel() on ptolemy.moml.MoMLSimpleApplication@665eb9e8
reloadAllAccessors: .ContinuousInDE2

===========================================================================================
----------------- testing Mon May 18 14:18:52 UTC 2020 /home/travis/build/icyphy/ptII/ptolemy/domains/continuous/test/auto/ContinuousInDE3.xml
----------------- Instantiating /home/travis/build/icyphy/ptII/ptolemy/domains/continuous/test/auto/ContinuousInDE3.xml
26 ms. Memory: 270336K Free: 109884K (41%)
----------------- Invoking toplevel() on ptolemy.moml.MoMLSimpleApplication@608ea1a
----------------- Done invoking toplevel() on ptolemy.moml.MoMLSimpleApplication@608ea1a
reloadAllAccessors: .ContinuousInDE3

===========================================================================================
----------------- testing Mon May 18 14:18:52 UTC 2020 /home/travis/build/icyphy/ptII/ptolemy/domains/continuous/test/auto/ContinuousInDE4.xml
----------------- Instantiating /home/travis/build/icyphy/ptII/ptolemy/domains/continuous/test/auto/ContinuousInDE4.xml
11 ms. Memory: 270336K Free: 103740K (38%)
----------------- Invoking toplevel() on ptolemy.moml.MoMLSimpleApplication@bcd3788
----------------- Done invoking toplevel() on ptolemy.moml.MoMLSimpleApplication@bcd3788
reloadAllAccessors: .ContinuousInDE4

===========================================================================================
----------------- testing Mon May 18 14:18:52 UTC 2020 /home/travis/build/icyphy/ptII/ptolemy/domains/continuous/test/auto/ContinuousInDEDifferentRefinements.xml
----------------- Instantiating /home/travis/build/icyphy/ptII/ptolemy/domains/continuous/test/auto/ContinuousInDEDifferentRefinements.xml
64 ms. Memory: 270336K Free: 232751K (86%)
----------------- Invoking toplevel() on ptolemy.moml.MoMLSimpleApplication@7cc4d7c0
----------------- Done invoking toplevel() on ptolemy.moml.MoMLSimpleApplication@7cc4d7c0
reloadAllAccessors: .ContinuousInDEDifferentRefinements

===========================================================================================
----------------- testing Mon May 18 14:18:52 UTC 2020 /home/travis/build/icyphy/ptII/ptolemy/domains/continuous/test/auto/ContinuousInDEDifferentRefinementsPreemptive.xml
----------------- Instantiating /home/travis/build/icyphy/ptII/ptolemy/domains/continuous/test/auto/ContinuousInDEDifferentRefinementsPreemptive.xml
42 ms. Memory: 270336K Free: 202038K (75%)
----------------- Invoking toplevel() on ptolemy.moml.MoMLSimpleApplication@244ec54b
----------------- Done invoking toplevel() on ptolemy.moml.MoMLSimpleApplication@244ec54b
reloadAllAccessors: .ContinuousInDEDifferentRefinementsPreemptive

===========================================================================================
----------------- testing Mon May 18 14:18:52 UTC 2020 /home/travis/build/icyphy/ptII/ptolemy/domains/continuous/test/auto/ContinuousInDEInContinuous2.xml
----------------- Instantiating /home/travis/build/icyphy/ptII/ptolemy/domains/continuous/test/auto/ContinuousInDEInContinuous2.xml
29 ms. Memory: 270336K Free: 190774K (71%)
----------------- Invoking toplevel() on ptolemy.moml.MoMLSimpleApplication@66304f1
----------------- Done invoking toplevel() on ptolemy.moml.MoMLSimpleApplication@66304f1
reloadAllAccessors: .ContinuousInDEInContinuous2

===========================================================================================
----------------- testing Mon May 18 14:18:52 UTC 2020 /home/travis/build/icyphy/ptII/ptolemy/domains/continuous/test/auto/ContinuousInDEInContinuous3.xml
----------------- Instantiating /home/travis/build/icyphy/ptII/ptolemy/domains/continuous/test/auto/ContinuousInDEInContinuous3.xml
30 ms. Memory: 270336K Free: 178486K (66%)
----------------- Invoking toplevel() on ptolemy.moml.MoMLSimpleApplication@cadb918
----------------- Done invoking toplevel() on ptolemy.moml.MoMLSimpleApplication@cadb918
reloadAllAccessors: .ContinuousInDEInContinuous3

===========================================================================================
----------------- testing Mon May 18 14:18:52 UTC 2020 /home/travis/build/icyphy/ptII/ptolemy/domains/continuous/test/auto/ContinuousInDEInput.xml
----------------- Instantiating /home/travis/build/icyphy/ptII/ptolemy/domains/continuous/test/auto/ContinuousInDEInput.xml
12 ms. Memory: 270336K Free: 171318K (63%)
----------------- Invoking toplevel() on ptolemy.moml.MoMLSimpleApplication@1a762bea
----------------- Done invoking toplevel() on ptolemy.moml.MoMLSimpleApplication@1a762bea
reloadAllAccessors: .ContinuousInDEInput

===========================================================================================
----------------- testing Mon May 18 14:18:52 UTC 2020 /home/travis/build/icyphy/ptII/ptolemy/domains/continuous/test/auto/ContinuousInDEInput2.xml
----------------- Instantiating /home/travis/build/icyphy/ptII/ptolemy/domains/continuous/test/auto/ContinuousInDEInput2.xml
10 ms. Memory: 270336K Free: 164150K (61%)
----------------- Invoking toplevel() on ptolemy.moml.MoMLSimpleApplication@701e36e2
----------------- Done invoking toplevel() on ptolemy.moml.MoMLSimpleApplication@701e36e2
reloadAllAccessors: .ContinuousInDEInput2

===========================================================================================
----------------- testing Mon May 18 14:18:52 UTC 2020 /home/travis/build/icyphy/ptII/ptolemy/domains/continuous/test/auto/ContinuousInDEInput3.xml
----------------- Instantiating /home/travis/build/icyphy/ptII/ptolemy/domains/continuous/test/auto/ContinuousInDEInput3.xml
9 ms. Memory: 270336K Free: 156982K (58%)
----------------- Invoking toplevel() on ptolemy.moml.MoMLSimpleApplication@172b7829
----------------- Done invoking toplevel() on ptolemy.moml.MoMLSimpleApplication@172b7829
reloadAllAccessors: .ContinuousInDEInput3

===========================================================================================
----------------- testing Mon May 18 14:18:53 UTC 2020 /home/travis/build/icyphy/ptII/ptolemy/domains/continuous/test/auto/ContinuousInDESharingRefinement.xml
----------------- Instantiating /home/travis/build/icyphy/ptII/ptolemy/domains/continuous/test/auto/ContinuousInDESharingRefinement.xml
139 ms. Memory: 270336K Free: 223129K (83%)
----------------- Invoking toplevel() on ptolemy.moml.MoMLSimpleApplication@7e3fc8c2
----------------- Done invoking toplevel() on ptolemy.moml.MoMLSimpleApplication@7e3fc8c2
reloadAllAccessors: .ContinuousInDESharingRefinement

===========================================================================================
----------------- testing Mon May 18 14:18:53 UTC 2020 /home/travis/build/icyphy/ptII/ptolemy/domains/continuous/test/auto/ContinuousInDEwithNoPorts.xml
----------------- Instantiating /home/travis/build/icyphy/ptII/ptolemy/domains/continuous/test/auto/ContinuousInDEwithNoPorts.xml
2 ms. Memory: 270336K Free: 218537K (81%)
----------------- Invoking toplevel() on ptolemy.moml.MoMLSimpleApplication@2f2f4cdf
----------------- Done invoking toplevel() on ptolemy.moml.MoMLSimpleApplication@2f2f4cdf
reloadAllAccessors: .ContinuousInDEwithNoPorts

===========================================================================================
----------------- testing Mon May 18 14:18:53 UTC 2020 /home/travis/build/icyphy/ptII/ptolemy/domains/continuous/test/auto/ContinuousInsideDE.xml
----------------- Instantiating /home/travis/build/icyphy/ptII/ptolemy/domains/continuous/test/auto/ContinuousInsideDE.xml
27 ms. Memory: 270336K Free: 207273K (77%)
----------------- Invoking toplevel() on ptolemy.moml.MoMLSimpleApplication@44893379
----------------- Done invoking toplevel() on ptolemy.moml.MoMLSimpleApplication@44893379
reloadAllAccessors: .ContinuousInsideDE

===========================================================================================
----------------- testing Mon May 18 14:18:53 UTC 2020 /home/travis/build/icyphy/ptII/ptolemy/domains/continuous/test/auto/ContinuousMerge1.xml
----------------- Instantiating /home/travis/build/icyphy/ptII/ptolemy/domains/continuous/test/auto/ContinuousMerge1.xml
3 ms. Memory: 270336K Free: 202633K (75%)
----------------- Invoking toplevel() on ptolemy.moml.MoMLSimpleApplication@6dde5217
----------------- Done invoking toplevel() on ptolemy.moml.MoMLSimpleApplication@6dde5217
reloadAllAccessors: .ContinuousMerge1

===========================================================================================
----------------- testing Mon May 18 14:18:53 UTC 2020 /home/travis/build/icyphy/ptII/ptolemy/domains/continuous/test/auto/ContinuousMerge2.xml
----------------- Instantiating /home/travis/build/icyphy/ptII/ptolemy/domains/continuous/test/auto/ContinuousMerge2.xml
11 ms. Memory: 270336K Free: 192423K (71%)
----------------- Invoking toplevel() on ptolemy.moml.MoMLSimpleApplication@22f78fbb
----------------- Done invoking toplevel() on ptolemy.moml.MoMLSimpleApplication@22f78fbb
reloadAllAccessors: .ContinuousMerge2

===========================================================================================
----------------- testing Mon May 18 14:18:53 UTC 2020 /home/travis/build/icyphy/ptII/ptolemy/domains/continuous/test/auto/ContinuousMerge3.xml
----------------- Instantiating /home/travis/build/icyphy/ptII/ptolemy/domains/continuous/test/auto/ContinuousMerge3.xml
33 ms. Memory: 270336K Free: 181673K (67%)
----------------- Invoking toplevel() on ptolemy.moml.MoMLSimpleApplication@1e23fb1d
----------------- Done invoking toplevel() on ptolemy.moml.MoMLSimpleApplication@1e23fb1d
reloadAllAccessors: .ContinuousMerge3

===========================================================================================
----------------- testing Mon May 18 14:18:53 UTC 2020 /home/travis/build/icyphy/ptII/ptolemy/domains/continuous/test/auto/ContinuousWithinContinuous.xml
----------------- Instantiating /home/travis/build/icyphy/ptII/ptolemy/domains/continuous/test/auto/ContinuousWithinContinuous.xml
30 ms. Memory: 270336K Free: 172457K (64%)
----------------- Invoking toplevel() on ptolemy.moml.MoMLSimpleApplication@7ba50ba4
----------------- Done invoking toplevel() on ptolemy.moml.MoMLSimpleApplication@7ba50ba4
reloadAllAccessors: .ContinuousWithinContinuous

===========================================================================================
----------------- testing Mon May 18 14:18:53 UTC 2020 /home/travis/build/icyphy/ptII/ptolemy/domains/continuous/test/auto/ContinuousWithinContinuous2.xml
----------------- Instantiating /home/travis/build/icyphy/ptII/ptolemy/domains/continuous/test/auto/ContinuousWithinContinuous2.xml
56 ms. Memory: 270336K Free: 162217K (60%)
----------------- Invoking toplevel() on ptolemy.moml.MoMLSimpleApplication@de2c3ad
----------------- Done invoking toplevel() on ptolemy.moml.MoMLSimpleApplication@de2c3ad
reloadAllAccessors: .ContinuousWithinContinuous2

===========================================================================================
----------------- testing Mon May 18 14:18:53 UTC 2020 /home/travis/build/icyphy/ptII/ptolemy/domains/continuous/test/auto/ContinuousWithinContinuous3.xml
----------------- Instantiating /home/travis/build/icyphy/ptII/ptolemy/domains/continuous/test/auto/ContinuousWithinContinuous3.xml
11 ms. Memory: 270336K Free: 155049K (57%)
----------------- Invoking toplevel() on ptolemy.moml.MoMLSimpleApplication@6d9898c3
----------------- Done invoking toplevel() on ptolemy.moml.MoMLSimpleApplication@6d9898c3
reloadAllAccessors: .ContinuousWithinContinuous3

===========================================================================================
----------------- testing Mon May 18 14:18:53 UTC 2020 /home/travis/build/icyphy/ptII/ptolemy/domains/continuous/test/auto/ContinuousWithinContinuous4.xml
----------------- Instantiating /home/travis/build/icyphy/ptII/ptolemy/domains/continuous/test/auto/ContinuousWithinContinuous4.xml
51 ms. Memory: 270336K Free: 143271K (53%)
----------------- Invoking toplevel() on ptolemy.moml.MoMLSimpleApplication@2ea2d3a8
----------------- Done invoking toplevel() on ptolemy.moml.MoMLSimpleApplication@2ea2d3a8
reloadAllAccessors: .ContinuousWithinContinuous4

===========================================================================================
----------------- testing Mon May 18 14:18:53 UTC 2020 /home/travis/build/icyphy/ptII/ptolemy/domains/continuous/test/auto/ContinuousWithinContinuous5.xml
----------------- Instantiating /home/travis/build/icyphy/ptII/ptolemy/domains/continuous/test/auto/ContinuousWithinContinuous5.xml
10 ms. Memory: 270336K Free: 136103K (50%)
----------------- Invoking toplevel() on ptolemy.moml.MoMLSimpleApplication@9fe667c
----------------- Done invoking toplevel() on ptolemy.moml.MoMLSimpleApplication@9fe667c
reloadAllAccessors: .ContinuousWithinContinuous5

===========================================================================================
----------------- testing Mon May 18 14:18:53 UTC 2020 /home/travis/build/icyphy/ptII/ptolemy/domains/continuous/test/auto/ContinuousWithinContinuous6.xml
----------------- Instantiating /home/travis/build/icyphy/ptII/ptolemy/domains/continuous/test/auto/ContinuousWithinContinuous6.xml
9 ms. Memory: 270336K Free: 128935K (48%)
----------------- Invoking toplevel() on ptolemy.moml.MoMLSimpleApplication@4e6f0ea9
----------------- Done invoking toplevel() on ptolemy.moml.MoMLSimpleApplication@4e6f0ea9
reloadAllAccessors: .ContinuousWithinContinuous6

===========================================================================================
----------------- testing Mon May 18 14:18:53 UTC 2020 /home/travis/build/icyphy/ptII/ptolemy/domains/continuous/test/auto/ContinuousWithinContinuous7.xml
----------------- Instantiating /home/travis/build/icyphy/ptII/ptolemy/domains/continuous/test/auto/ContinuousWithinContinuous7.xml
44 ms. Memory: 270336K Free: 118185K (44%)
----------------- Invoking toplevel() on ptolemy.moml.MoMLSimpleApplication@10c72b74
----------------- Done invoking toplevel() on ptolemy.moml.MoMLSimpleApplication@10c72b74
reloadAllAccessors: .ContinuousWithinContinuous7

===========================================================================================
----------------- testing Mon May 18 14:18:53 UTC 2020 /home/travis/build/icyphy/ptII/ptolemy/domains/continuous/test/auto/DCMotor.xml
----------------- Instantiating /home/travis/build/icyphy/ptII/ptolemy/domains/continuous/test/auto/DCMotor.xml
13645 ms. Memory: 270336K Free: 221639K (82%)
----------------- Invoking toplevel() on ptolemy.moml.MoMLSimpleApplication@67c6cf28
----------------- Done invoking toplevel() on ptolemy.moml.MoMLSimpleApplication@67c6cf28
reloadAllAccessors: .DCMotor

===========================================================================================
----------------- testing Mon May 18 14:19:07 UTC 2020 /home/travis/build/icyphy/ptII/ptolemy/domains/continuous/test/auto/DEInContinuous.xml
----------------- Instantiating /home/travis/build/icyphy/ptII/ptolemy/domains/continuous/test/auto/DEInContinuous.xml
23 ms. Memory: 270336K Free: 215509K (80%)
----------------- Invoking toplevel() on ptolemy.moml.MoMLSimpleApplication@7cfc9b95
----------------- Done invoking toplevel() on ptolemy.moml.MoMLSimpleApplication@7cfc9b95
reloadAllAccessors: .DEInContinuous

===========================================================================================
----------------- testing Mon May 18 14:19:07 UTC 2020 /home/travis/build/icyphy/ptII/ptolemy/domains/continuous/test/auto/DEinContinuous2.xml
----------------- Instantiating /home/travis/build/icyphy/ptII/ptolemy/domains/continuous/test/auto/DEinContinuous2.xml
9 ms. Memory: 270336K Free: 207831K (77%)
----------------- Invoking toplevel() on ptolemy.moml.MoMLSimpleApplication@478e2d7e
----------------- Done invoking toplevel() on ptolemy.moml.MoMLSimpleApplication@478e2d7e
reloadAllAccessors: .DEinContinuous2

===========================================================================================
----------------- testing Mon May 18 14:19:07 UTC 2020 /home/travis/build/icyphy/ptII/ptolemy/domains/continuous/test/auto/Derivative.xml
----------------- Instantiating /home/travis/build/icyphy/ptII/ptolemy/domains/continuous/test/auto/Derivative.xml
145 ms. Memory: 270336K Free: 178645K (66%)
----------------- Invoking toplevel() on ptolemy.moml.MoMLSimpleApplication@3bd9815b
----------------- Done invoking toplevel() on ptolemy.moml.MoMLSimpleApplication@3bd9815b
reloadAllAccessors: .Derivative2

===========================================================================================
----------------- testing Mon May 18 14:19:07 UTC 2020 /home/travis/build/icyphy/ptII/ptolemy/domains/continuous/test/auto/Derivative1.xml
----------------- Instantiating /home/travis/build/icyphy/ptII/ptolemy/domains/continuous/test/auto/Derivative1.xml
34 ms. Memory: 270336K Free: 164309K (61%)
----------------- Invoking toplevel() on ptolemy.moml.MoMLSimpleApplication@535231f3
----------------- Done invoking toplevel() on ptolemy.moml.MoMLSimpleApplication@535231f3
reloadAllAccessors: .Derivative1

===========================================================================================
----------------- testing Mon May 18 14:19:07 UTC 2020 /home/travis/build/icyphy/ptII/ptolemy/domains/continuous/test/auto/DiscreteClock.xml
----------------- Instantiating /home/travis/build/icyphy/ptII/ptolemy/domains/continuous/test/auto/DiscreteClock.xml
4 ms. Memory: 270336K Free: 159189K (59%)
----------------- Invoking toplevel() on ptolemy.moml.MoMLSimpleApplication@19d0d6f2
----------------- Done invoking toplevel() on ptolemy.moml.MoMLSimpleApplication@19d0d6f2
reloadAllAccessors: .DiscreteClock

===========================================================================================
----------------- testing Mon May 18 14:19:07 UTC 2020 /home/travis/build/icyphy/ptII/ptolemy/domains/continuous/test/auto/EfficiencyCurve.xml
----------------- Instantiating /home/travis/build/icyphy/ptII/ptolemy/domains/continuous/test/auto/EfficiencyCurve.xml
63 ms. Memory: 270336K Free: 149973K (55%)
----------------- Invoking toplevel() on ptolemy.moml.MoMLSimpleApplication@3432921a
----------------- Done invoking toplevel() on ptolemy.moml.MoMLSimpleApplication@3432921a
reloadAllAccessors: .EfficiencyCurve

===========================================================================================
----------------- testing Mon May 18 14:19:07 UTC 2020 /home/travis/build/icyphy/ptII/ptolemy/domains/continuous/test/auto/ExponentialResponse.xml
----------------- Instantiating /home/travis/build/icyphy/ptII/ptolemy/domains/continuous/test/auto/ExponentialResponse.xml
95 ms. Memory: 270336K Free: 133589K (49%)
----------------- Invoking toplevel() on ptolemy.moml.MoMLSimpleApplication@58533a41
----------------- Done invoking toplevel() on ptolemy.moml.MoMLSimpleApplication@58533a41
reloadAllAccessors: .ExponentialResponse

===========================================================================================
----------------- testing Mon May 18 14:19:08 UTC 2020 /home/travis/build/icyphy/ptII/ptolemy/domains/continuous/test/auto/ExponentialResponseRK45.xml
----------------- Instantiating /home/travis/build/icyphy/ptII/ptolemy/domains/continuous/test/auto/ExponentialResponseRK45.xml
21 ms. Memory: 270336K Free: 126935K (47%)
----------------- Invoking toplevel() on ptolemy.moml.MoMLSimpleApplication@440f6156
----------------- Done invoking toplevel() on ptolemy.moml.MoMLSimpleApplication@440f6156
reloadAllAccessors: .ExponentialResponseRK45

===========================================================================================
----------------- testing Mon May 18 14:19:08 UTC 2020 /home/travis/build/icyphy/ptII/ptolemy/domains/continuous/test/auto/Friction.xml
----------------- Instantiating /home/travis/build/icyphy/ptII/ptolemy/domains/continuous/test/auto/Friction.xml
1392 ms. Memory: 270336K Free: 181524K (67%)
----------------- Invoking toplevel() on ptolemy.moml.MoMLSimpleApplication@343fff0c
----------------- Done invoking toplevel() on ptolemy.moml.MoMLSimpleApplication@343fff0c
reloadAllAccessors: .Friction

===========================================================================================
----------------- testing Mon May 18 14:19:09 UTC 2020 /home/travis/build/icyphy/ptII/ptolemy/domains/continuous/test/auto/FurutaPendulum.xml
----------------- Instantiating /home/travis/build/icyphy/ptII/ptolemy/domains/continuous/test/auto/FurutaPendulum.xml
3135 ms. Memory: 270336K Free: 143198K (53%)
----------------- Invoking toplevel() on ptolemy.moml.MoMLSimpleApplication@1f30eea1
----------------- Done invoking toplevel() on ptolemy.moml.MoMLSimpleApplication@1f30eea1
reloadAllAccessors: .FurutaPendulum

===========================================================================================
----------------- testing Mon May 18 14:19:12 UTC 2020 /home/travis/build/icyphy/ptII/ptolemy/domains/continuous/test/auto/HierarchicalExecution.xml
----------------- Instantiating /home/travis/build/icyphy/ptII/ptolemy/domains/continuous/test/auto/HierarchicalExecution.xml
1606 ms. Memory: 270336K Free: 173049K (64%)
----------------- Invoking toplevel() on ptolemy.moml.MoMLSimpleApplication@68cb32e7
----------------- Done invoking toplevel() on ptolemy.moml.MoMLSimpleApplication@68cb32e7
reloadAllAccessors: .HierarchicalExecution

===========================================================================================
----------------- testing Mon May 18 14:19:14 UTC 2020 /home/travis/build/icyphy/ptII/ptolemy/domains/continuous/test/auto/HybridPlant.xml
----------------- Instantiating /home/travis/build/icyphy/ptII/ptolemy/domains/continuous/test/auto/HybridPlant.xml
511 ms. Memory: 270336K Free: 228611K (85%)
----------------- Invoking toplevel() on ptolemy.moml.MoMLSimpleApplication@5706cf7a
----------------- Done invoking toplevel() on ptolemy.moml.MoMLSimpleApplication@5706cf7a
reloadAllAccessors: .HybridPlant

===========================================================================================
----------------- testing Mon May 18 14:19:15 UTC 2020 /home/travis/build/icyphy/ptII/ptolemy/domains/continuous/test/auto/Hysteresis.xml
----------------- Instantiating /home/travis/build/icyphy/ptII/ptolemy/domains/continuous/test/auto/Hysteresis.xml
132 ms. Memory: 270336K Free: 166133K (61%)
----------------- Invoking toplevel() on ptolemy.moml.MoMLSimpleApplication@70d609f8
----------------- Done invoking toplevel() on ptolemy.moml.MoMLSimpleApplication@70d609f8
reloadAllAccessors: .Hysteresis

===========================================================================================
----------------- testing Mon May 18 14:19:15 UTC 2020 /home/travis/build/icyphy/ptII/ptolemy/domains/continuous/test/auto/HysteresisWithRandomDelay.xml
----------------- Instantiating /home/travis/build/icyphy/ptII/ptolemy/domains/continuous/test/auto/HysteresisWithRandomDelay.xml
180 ms. Memory: 270336K Free: 94467K (35%)
----------------- Invoking toplevel() on ptolemy.moml.MoMLSimpleApplication@39b50d9a
----------------- Done invoking toplevel() on ptolemy.moml.MoMLSimpleApplication@39b50d9a
reloadAllAccessors: .HysteresisWithRandomDelay

===========================================================================================
----------------- testing Mon May 18 14:19:15 UTC 2020 /home/travis/build/icyphy/ptII/ptolemy/domains/continuous/test/auto/HysteresisWithRandomLosses.xml
----------------- Instantiating /home/travis/build/icyphy/ptII/ptolemy/domains/continuous/test/auto/HysteresisWithRandomLosses.xml
2277 ms. Memory: 324608K Free: 211616K (65%)
----------------- Invoking toplevel() on ptolemy.moml.MoMLSimpleApplication@15cbb801
----------------- Done invoking toplevel() on ptolemy.moml.MoMLSimpleApplication@15cbb801
reloadAllAccessors: .HysteresisWithRandomLosses

===========================================================================================
----------------- testing Mon May 18 14:19:18 UTC 2020 /home/travis/build/icyphy/ptII/ptolemy/domains/continuous/test/auto/ImmediateTransitions.xml
----------------- Instantiating /home/travis/build/icyphy/ptII/ptolemy/domains/continuous/test/auto/ImmediateTransitions.xml
8 ms. Memory: 324608K Free: 200866K (62%)
----------------- Invoking toplevel() on ptolemy.moml.MoMLSimpleApplication@7d9f8026
----------------- Done invoking toplevel() on ptolemy.moml.MoMLSimpleApplication@7d9f8026
reloadAllAccessors: .ImmediateTransitions

===========================================================================================
----------------- testing Mon May 18 14:19:18 UTC 2020 /home/travis/build/icyphy/ptII/ptolemy/domains/continuous/test/auto/ImpulseFeedback.xml
----------------- Instantiating /home/travis/build/icyphy/ptII/ptolemy/domains/continuous/test/auto/ImpulseFeedback.xml
6 ms. Memory: 324608K Free: 195232K (60%)
----------------- Invoking toplevel() on ptolemy.moml.MoMLSimpleApplication@252e55f0
----------------- Done invoking toplevel() on ptolemy.moml.MoMLSimpleApplication@252e55f0
reloadAllAccessors: .ImpulseFeedback

===========================================================================================
----------------- testing Mon May 18 14:19:18 UTC 2020 /home/travis/build/icyphy/ptII/ptolemy/domains/continuous/test/auto/ImpulseFeedback2.xml
----------------- Instantiating /home/travis/build/icyphy/ptII/ptolemy/domains/continuous/test/auto/ImpulseFeedback2.xml
5 ms. Memory: 324608K Free: 189602K (58%)
----------------- Invoking toplevel() on ptolemy.moml.MoMLSimpleApplication@771a6db
----------------- Done invoking toplevel() on ptolemy.moml.MoMLSimpleApplication@771a6db
reloadAllAccessors: .ImpulseFeedback2

===========================================================================================
----------------- testing Mon May 18 14:19:18 UTC 2020 /home/travis/build/icyphy/ptII/ptolemy/domains/continuous/test/auto/IncreasingRatePoisson.xml
----------------- Instantiating /home/travis/build/icyphy/ptII/ptolemy/domains/continuous/test/auto/IncreasingRatePoisson.xml
705 ms. Memory: 324608K Free: 266589K (82%)
----------------- Invoking toplevel() on ptolemy.moml.MoMLSimpleApplication@1c99a919
----------------- Done invoking toplevel() on ptolemy.moml.MoMLSimpleApplication@1c99a919
reloadAllAccessors: .IncreasingRatePoisson

===========================================================================================
----------------- testing Mon May 18 14:19:18 UTC 2020 /home/travis/build/icyphy/ptII/ptolemy/domains/continuous/test/auto/InitialStateFeedback.xml
----------------- Instantiating /home/travis/build/icyphy/ptII/ptolemy/domains/continuous/test/auto/InitialStateFeedback.xml
7 ms. Memory: 324608K Free: 261979K (81%)
----------------- Invoking toplevel() on ptolemy.moml.MoMLSimpleApplication@4296d9d3
----------------- Done invoking toplevel() on ptolemy.moml.MoMLSimpleApplication@4296d9d3
reloadAllAccessors: .InitialStateFeedback

===========================================================================================
----------------- testing Mon May 18 14:19:18 UTC 2020 /home/travis/build/icyphy/ptII/ptolemy/domains/continuous/test/auto/Integration.xml
----------------- Instantiating /home/travis/build/icyphy/ptII/ptolemy/domains/continuous/test/auto/Integration.xml
2 ms. Memory: 324608K Free: 257883K (79%)
----------------- Invoking toplevel() on ptolemy.moml.MoMLSimpleApplication@5c906273
----------------- Done invoking toplevel() on ptolemy.moml.MoMLSimpleApplication@5c906273
reloadAllAccessors: .Integration

===========================================================================================
----------------- testing Mon May 18 14:19:18 UTC 2020 /home/travis/build/icyphy/ptII/ptolemy/domains/continuous/test/auto/Integration2.xml
----------------- Instantiating /home/travis/build/icyphy/ptII/ptolemy/domains/continuous/test/auto/Integration2.xml
84 ms. Memory: 324608K Free: 243547K (75%)
----------------- Invoking toplevel() on ptolemy.moml.MoMLSimpleApplication@74f3e57
----------------- Done invoking toplevel() on ptolemy.moml.MoMLSimpleApplication@74f3e57
reloadAllAccessors: .Integration2

===========================================================================================
----------------- testing Mon May 18 14:19:19 UTC 2020 /home/travis/build/icyphy/ptII/ptolemy/domains/continuous/test/auto/Integration3.xml
----------------- Instantiating /home/travis/build/icyphy/ptII/ptolemy/domains/continuous/test/auto/Integration3.xml
2 ms. Memory: 324608K Free: 238941K (74%)
----------------- Invoking toplevel() on ptolemy.moml.MoMLSimpleApplication@6f2bdfc7
----------------- Done invoking toplevel() on ptolemy.moml.MoMLSimpleApplication@6f2bdfc7
reloadAllAccessors: .Integration3

===========================================================================================
----------------- testing Mon May 18 14:19:19 UTC 2020 /home/travis/build/icyphy/ptII/ptolemy/domains/continuous/test/auto/Integration5.xml
----------------- Instantiating /home/travis/build/icyphy/ptII/ptolemy/domains/continuous/test/auto/Integration5.xml
2 ms. Memory: 324608K Free: 234845K (72%)
----------------- Invoking toplevel() on ptolemy.moml.MoMLSimpleApplication@70ca4e67
----------------- Done invoking toplevel() on ptolemy.moml.MoMLSimpleApplication@70ca4e67
reloadAllAccessors: .Integration5

===========================================================================================
----------------- testing Mon May 18 14:19:19 UTC 2020 /home/travis/build/icyphy/ptII/ptolemy/domains/continuous/test/auto/IntegratorImpulse.xml
----------------- Instantiating /home/travis/build/icyphy/ptII/ptolemy/domains/continuous/test/auto/IntegratorImpulse.xml
2 ms. Memory: 324608K Free: 230749K (71%)
----------------- Invoking toplevel() on ptolemy.moml.MoMLSimpleApplication@343118d1
----------------- Done invoking toplevel() on ptolemy.moml.MoMLSimpleApplication@343118d1
reloadAllAccessors: .IntegratorImpulse

===========================================================================================
----------------- testing Mon May 18 14:19:19 UTC 2020 /home/travis/build/icyphy/ptII/ptolemy/domains/continuous/test/auto/IntegratorImpulse2.xml
----------------- Instantiating /home/travis/build/icyphy/ptII/ptolemy/domains/continuous/test/auto/IntegratorImpulse2.xml
3 ms. Memory: 324608K Free: 226133K (70%)
----------------- Invoking toplevel() on ptolemy.moml.MoMLSimpleApplication@5805c3d1
----------------- Done invoking toplevel() on ptolemy.moml.MoMLSimpleApplication@5805c3d1
reloadAllAccessors: .IntegratorImpulse2

===========================================================================================
----------------- testing Mon May 18 14:19:19 UTC 2020 /home/travis/build/icyphy/ptII/ptolemy/domains/continuous/test/auto/LevelCrossing1.xml
----------------- Instantiating /home/travis/build/icyphy/ptII/ptolemy/domains/continuous/test/auto/LevelCrossing1.xml
3 ms. Memory: 324608K Free: 221019K (68%)
----------------- Invoking toplevel() on ptolemy.moml.MoMLSimpleApplication@1e637bc1
----------------- Done invoking toplevel() on ptolemy.moml.MoMLSimpleApplication@1e637bc1
reloadAllAccessors: .LevelCrossing1

===========================================================================================
----------------- testing Mon May 18 14:19:19 UTC 2020 /home/travis/build/icyphy/ptII/ptolemy/domains/continuous/test/auto/LevelCrossing2.xml
----------------- Instantiating /home/travis/build/icyphy/ptII/ptolemy/domains/continuous/test/auto/LevelCrossing2.xml
4 ms. Memory: 324608K Free: 215885K (67%)
----------------- Invoking toplevel() on ptolemy.moml.MoMLSimpleApplication@329f7113
----------------- Done invoking toplevel() on ptolemy.moml.MoMLSimpleApplication@329f7113
reloadAllAccessors: .LevelCrossing2

===========================================================================================
----------------- testing Mon May 18 14:19:19 UTC 2020 /home/travis/build/icyphy/ptII/ptolemy/domains/continuous/test/auto/LevelCrossing3.xml
----------------- Instantiating /home/travis/build/icyphy/ptII/ptolemy/domains/continuous/test/auto/LevelCrossing3.xml
3 ms. Memory: 324608K Free: 210765K (65%)
----------------- Invoking toplevel() on ptolemy.moml.MoMLSimpleApplication@2246e0b1
----------------- Done invoking toplevel() on ptolemy.moml.MoMLSimpleApplication@2246e0b1
reloadAllAccessors: .LevelCrossing3

===========================================================================================
----------------- testing Mon May 18 14:19:19 UTC 2020 /home/travis/build/icyphy/ptII/ptolemy/domains/continuous/test/auto/LevelCrossing4.xml
----------------- Instantiating /home/travis/build/icyphy/ptII/ptolemy/domains/continuous/test/auto/LevelCrossing4.xml
4 ms. Memory: 324608K Free: 205659K (63%)
----------------- Invoking toplevel() on ptolemy.moml.MoMLSimpleApplication@672e9836
----------------- Done invoking toplevel() on ptolemy.moml.MoMLSimpleApplication@672e9836
reloadAllAccessors: .LevelCrossing4

===========================================================================================
----------------- testing Mon May 18 14:19:19 UTC 2020 /home/travis/build/icyphy/ptII/ptolemy/domains/continuous/test/auto/LevelCrossing5.xml
----------------- Instantiating /home/travis/build/icyphy/ptII/ptolemy/domains/continuous/test/auto/LevelCrossing5.xml
3 ms. Memory: 324608K Free: 200539K (62%)
----------------- Invoking toplevel() on ptolemy.moml.MoMLSimpleApplication@4655719e
----------------- Done invoking toplevel() on ptolemy.moml.MoMLSimpleApplication@4655719e
reloadAllAccessors: .LevelCrossing5

===========================================================================================
[...]
reloadAllAccessors: .ResetTransitionWithStartTime6

===========================================================================================
----------------- testing Mon May 18 14:19:34 UTC 2020 /home/travis/build/icyphy/ptII/ptolemy/domains/continuous/test/auto/SRinContinuous.xml
----------------- Instantiating /home/travis/build/icyphy/ptII/ptolemy/domains/continuous/test/auto/SRinContinuous.xml
6 ms. Memory: 324608K Free: 118312K (36%)
----------------- Invoking toplevel() on ptolemy.moml.MoMLSimpleApplication@507cc442
----------------- Done invoking toplevel() on ptolemy.moml.MoMLSimpleApplication@507cc442
reloadAllAccessors: .SRinContinuous

===========================================================================================
----------------- testing Mon May 18 14:19:34 UTC 2020 /home/travis/build/icyphy/ptII/ptolemy/domains/continuous/test/auto/SampledClocks.xml
----------------- Instantiating /home/travis/build/icyphy/ptII/ptolemy/domains/continuous/test/auto/SampledClocks.xml
9 ms. Memory: 324608K Free: 299780K (92%)
----------------- Invoking toplevel() on ptolemy.moml.MoMLSimpleApplication@6560fb
----------------- Done invoking toplevel() on ptolemy.moml.MoMLSimpleApplication@6560fb
reloadAllAccessors: .SampledClocks

===========================================================================================
----------------- testing Mon May 18 14:19:34 UTC 2020 /home/travis/build/icyphy/ptII/ptolemy/domains/continuous/test/auto/Satellite.xml
----------------- Instantiating /home/travis/build/icyphy/ptII/ptolemy/domains/continuous/test/auto/Satellite.xml
632 ms. Memory: 324608K Free: 291500K (90%)
----------------- Invoking toplevel() on ptolemy.moml.MoMLSimpleApplication@6976dc0a
----------------- Done invoking toplevel() on ptolemy.moml.MoMLSimpleApplication@6976dc0a
reloadAllAccessors: .Satellite

===========================================================================================
----------------- testing Mon May 18 14:19:35 UTC 2020 /home/travis/build/icyphy/ptII/ptolemy/domains/continuous/test/auto/SigmaDelta.xml
----------------- Instantiating /home/travis/build/icyphy/ptII/ptolemy/domains/continuous/test/auto/SigmaDelta.xml
1767 ms. Memory: 324608K Free: 224500K (69%)
----------------- Invoking toplevel() on ptolemy.moml.MoMLSimpleApplication@6aeeca2f
----------------- Done invoking toplevel() on ptolemy.moml.MoMLSimpleApplication@6aeeca2f
reloadAllAccessors: .SigmaDelta

===========================================================================================
----------------- testing Mon May 18 14:19:37 UTC 2020 /home/travis/build/icyphy/ptII/ptolemy/domains/continuous/test/auto/SingleRefinement.xml
----------------- Instantiating /home/travis/build/icyphy/ptII/ptolemy/domains/continuous/test/auto/SingleRefinement.xml
310 ms. Memory: 324608K Free: 232745K (72%)
----------------- Invoking toplevel() on ptolemy.moml.MoMLSimpleApplication@34a799e5
----------------- Done invoking toplevel() on ptolemy.moml.MoMLSimpleApplication@34a799e5
reloadAllAccessors: .SingleRefinement

===========================================================================================
----------------- testing Mon May 18 14:19:37 UTC 2020 /home/travis/build/icyphy/ptII/ptolemy/domains/continuous/test/auto/SinuBouncingBall.xml
----------------- Instantiating /home/travis/build/icyphy/ptII/ptolemy/domains/continuous/test/auto/SinuBouncingBall.xml
752 ms. Memory: 324608K Free: 206975K (64%)
----------------- Invoking toplevel() on ptolemy.moml.MoMLSimpleApplication@34c58d85
----------------- Done invoking toplevel() on ptolemy.moml.MoMLSimpleApplication@34c58d85
reloadAllAccessors: .SinuBouncingBall

===========================================================================================
----------------- testing Mon May 18 14:19:38 UTC 2020 /home/travis/build/icyphy/ptII/ptolemy/domains/continuous/test/auto/Sinusoid.xml
----------------- Instantiating /home/travis/build/icyphy/ptII/ptolemy/domains/continuous/test/auto/Sinusoid.xml
4 ms. Memory: 324608K Free: 202369K (62%)
----------------- Invoking toplevel() on ptolemy.moml.MoMLSimpleApplication@5413f454
----------------- Done invoking toplevel() on ptolemy.moml.MoMLSimpleApplication@5413f454
reloadAllAccessors: .Sinusoid

===========================================================================================
----------------- testing Mon May 18 14:19:38 UTC 2020 /home/travis/build/icyphy/ptII/ptolemy/domains/continuous/test/auto/SinusoidInNoise.xml
----------------- Instantiating /home/travis/build/icyphy/ptII/ptolemy/domains/continuous/test/auto/SinusoidInNoise.xml
758 ms. Memory: 324608K Free: 261411K (81%)
----------------- Invoking toplevel() on ptolemy.moml.MoMLSimpleApplication@3ffcaf4f
----------------- Done invoking toplevel() on ptolemy.moml.MoMLSimpleApplication@3ffcaf4f
reloadAllAccessors: .SinusoidInNoise

===========================================================================================
----------------- testing Mon May 18 14:19:39 UTC 2020 /home/travis/build/icyphy/ptII/ptolemy/domains/continuous/test/auto/SinusoidRK45.xml
----------------- Instantiating /home/travis/build/icyphy/ptII/ptolemy/domains/continuous/test/auto/SinusoidRK45.xml
1 ms. Memory: 324608K Free: 256786K (79%)
----------------- Invoking toplevel() on ptolemy.moml.MoMLSimpleApplication@110c1017
----------------- Done invoking toplevel() on ptolemy.moml.MoMLSimpleApplication@110c1017
reloadAllAccessors: .SinusoidRK45

===========================================================================================
----------------- testing Mon May 18 14:19:39 UTC 2020 /home/travis/build/icyphy/ptII/ptolemy/domains/continuous/test/auto/SinusoidWithMultipleImpulses.xml
----------------- Instantiating /home/travis/build/icyphy/ptII/ptolemy/domains/continuous/test/auto/SinusoidWithMultipleImpulses.xml
2 ms. Memory: 324608K Free: 252195K (78%)
----------------- Invoking toplevel() on ptolemy.moml.MoMLSimpleApplication@1ea0a272
----------------- Done invoking toplevel() on ptolemy.moml.MoMLSimpleApplication@1ea0a272
reloadAllAccessors: .SinusoidWithMultipleImpulses

===========================================================================================
----------------- testing Mon May 18 14:19:39 UTC 2020 /home/travis/build/icyphy/ptII/ptolemy/domains/continuous/test/auto/SquareWave.xml
----------------- Instantiating /home/travis/build/icyphy/ptII/ptolemy/domains/continuous/test/auto/SquareWave.xml
123 ms. Memory: 324608K Free: 225057K (69%)
----------------- Invoking toplevel() on ptolemy.moml.MoMLSimpleApplication@20faa002
----------------- Done invoking toplevel() on ptolemy.moml.MoMLSimpleApplication@20faa002
reloadAllAccessors: .SquareWave

===========================================================================================
----------------- testing Mon May 18 14:19:39 UTC 2020 /home/travis/build/icyphy/ptII/ptolemy/domains/continuous/test/auto/Starmac.xml
----------------- Instantiating /home/travis/build/icyphy/ptII/ptolemy/domains/continuous/test/auto/Starmac.xml
3086 ms. Memory: 324608K Free: 290670K (90%)
----------------- Invoking toplevel() on ptolemy.moml.MoMLSimpleApplication@7222d65c
----------------- Done invoking toplevel() on ptolemy.moml.MoMLSimpleApplication@7222d65c
reloadAllAccessors: .Starmac

===========================================================================================
----------------- testing Mon May 18 14:19:43 UTC 2020 /home/travis/build/icyphy/ptII/ptolemy/domains/continuous/test/auto/StaticUnits.xml
----------------- Instantiating /home/travis/build/icyphy/ptII/ptolemy/domains/continuous/test/auto/StaticUnits.xml
1706 ms. Memory: 324608K Free: 207043K (64%)
----------------- Invoking toplevel() on ptolemy.moml.MoMLSimpleApplication@1bb952
----------------- Done invoking toplevel() on ptolemy.moml.MoMLSimpleApplication@1bb952
reloadAllAccessors: .StaticUnits

===========================================================================================
----------------- testing Mon May 18 14:19:45 UTC 2020 /home/travis/build/icyphy/ptII/ptolemy/domains/continuous/test/auto/StickyMasses.xml
----------------- Instantiating /home/travis/build/icyphy/ptII/ptolemy/domains/continuous/test/auto/StickyMasses.xml
146 ms. Memory: 324608K Free: 157381K (48%)
----------------- Invoking toplevel() on ptolemy.moml.MoMLSimpleApplication@6ef212af
----------------- Done invoking toplevel() on ptolemy.moml.MoMLSimpleApplication@6ef212af
reloadAllAccessors: .StickyMasses

===========================================================================================
----------------- testing Mon May 18 14:19:45 UTC 2020 /home/travis/build/icyphy/ptII/ptolemy/domains/continuous/test/auto/StopTime.xml
----------------- Instantiating /home/travis/build/icyphy/ptII/ptolemy/domains/continuous/test/auto/StopTime.xml
47 ms. Memory: 324608K Free: 132805K (41%)
----------------- Invoking toplevel() on ptolemy.moml.MoMLSimpleApplication@7dd813b4
----------------- Done invoking toplevel() on ptolemy.moml.MoMLSimpleApplication@7dd813b4
reloadAllAccessors: .StopTime

===========================================================================================
----------------- testing Mon May 18 14:19:45 UTC 2020 /home/travis/build/icyphy/ptII/ptolemy/domains/continuous/test/auto/StopTime2.xml
----------------- Instantiating /home/travis/build/icyphy/ptII/ptolemy/domains/continuous/test/auto/StopTime2.xml
49 ms. Memory: 324608K Free: 300353K (93%)
----------------- Invoking toplevel() on ptolemy.moml.MoMLSimpleApplication@65c64ef8
----------------- Done invoking toplevel() on ptolemy.moml.MoMLSimpleApplication@65c64ef8
reloadAllAccessors: .StopTime2

===========================================================================================
----------------- testing Mon May 18 14:19:45 UTC 2020 /home/travis/build/icyphy/ptII/ptolemy/domains/continuous/test/auto/Switch.xml
----------------- Instantiating /home/travis/build/icyphy/ptII/ptolemy/domains/continuous/test/auto/Switch.xml
41 ms. Memory: 324608K Free: 275133K (85%)
----------------- Invoking toplevel() on ptolemy.moml.MoMLSimpleApplication@6510cf45
----------------- Done invoking toplevel() on ptolemy.moml.MoMLSimpleApplication@6510cf45
reloadAllAccessors: .Switch

===========================================================================================
----------------- testing Mon May 18 14:19:45 UTC 2020 /home/travis/build/icyphy/ptII/ptolemy/domains/continuous/test/auto/Thermostat.xml
----------------- Instantiating /home/travis/build/icyphy/ptII/ptolemy/domains/continuous/test/auto/Thermostat.xml
170 ms. Memory: 324608K Free: 202939K (63%)
----------------- Invoking toplevel() on ptolemy.moml.MoMLSimpleApplication@53150a61
----------------- Done invoking toplevel() on ptolemy.moml.MoMLSimpleApplication@53150a61
reloadAllAccessors: .Thermostat

===========================================================================================
----------------- testing Mon May 18 14:19:46 UTC 2020 /home/travis/build/icyphy/ptII/ptolemy/domains/continuous/test/auto/TimeDelay.xml
----------------- Instantiating /home/travis/build/icyphy/ptII/ptolemy/domains/continuous/test/auto/TimeDelay.xml
7 ms. Memory: 324608K Free: 198333K (61%)
----------------- Invoking toplevel() on ptolemy.moml.MoMLSimpleApplication@127155fa
----------------- Done invoking toplevel() on ptolemy.moml.MoMLSimpleApplication@127155fa
reloadAllAccessors: .TimeDelay

===========================================================================================
----------------- testing Mon May 18 14:19:46 UTC 2020 /home/travis/build/icyphy/ptII/ptolemy/domains/continuous/test/auto/TimeDelay2.xml
----------------- Instantiating /home/travis/build/icyphy/ptII/ptolemy/domains/continuous/test/auto/TimeDelay2.xml
6 ms. Memory: 324608K Free: 188603K (58%)
----------------- Invoking toplevel() on ptolemy.moml.MoMLSimpleApplication@6c740634
----------------- Done invoking toplevel() on ptolemy.moml.MoMLSimpleApplication@6c740634
reloadAllAccessors: .TimeDelay2

===========================================================================================
----------------- testing Mon May 18 14:19:46 UTC 2020 /home/travis/build/icyphy/ptII/ptolemy/domains/continuous/test/auto/TimeDelay3.xml
----------------- Instantiating /home/travis/build/icyphy/ptII/ptolemy/domains/continuous/test/auto/TimeDelay3.xml
5 ms. Memory: 324608K Free: 184490K (57%)
----------------- Invoking toplevel() on ptolemy.moml.MoMLSimpleApplication@781682cf
----------------- Done invoking toplevel() on ptolemy.moml.MoMLSimpleApplication@781682cf
reloadAllAccessors: .TimeDelay3

===========================================================================================
----------------- testing Mon May 18 14:19:46 UTC 2020 /home/travis/build/icyphy/ptII/ptolemy/domains/continuous/test/auto/TransferAbsentToInside.xml
----------------- Instantiating /home/travis/build/icyphy/ptII/ptolemy/domains/continuous/test/auto/TransferAbsentToInside.xml
28 ms. Memory: 324608K Free: 131245K (40%)
----------------- Invoking toplevel() on ptolemy.moml.MoMLSimpleApplication@1959f032
----------------- Done invoking toplevel() on ptolemy.moml.MoMLSimpleApplication@1959f032
reloadAllAccessors: .TransferAbsentToInside

===========================================================================================
----------------- testing Mon May 18 14:19:46 UTC 2020 /home/travis/build/icyphy/ptII/ptolemy/domains/continuous/test/auto/Transmission.xml
----------------- Instantiating /home/travis/build/icyphy/ptII/ptolemy/domains/continuous/test/auto/Transmission.xml
785 ms. Memory: 324608K Free: 276650K (85%)
----------------- Invoking toplevel() on ptolemy.moml.MoMLSimpleApplication@6dbc7b0f
----------------- Done invoking toplevel() on ptolemy.moml.MoMLSimpleApplication@6dbc7b0f
reloadAllAccessors: .Transmission

===========================================================================================
----------------- testing Mon May 18 14:19:46 UTC 2020 /home/travis/build/icyphy/ptII/ptolemy/domains/continuous/test/auto/TriggeredContinuousClock.xml
----------------- Instantiating /home/travis/build/icyphy/ptII/ptolemy/domains/continuous/test/auto/TriggeredContinuousClock.xml
38 ms. Memory: 324608K Free: 246954K (76%)
----------------- Invoking toplevel() on ptolemy.moml.MoMLSimpleApplication@544321b2
----------------- Done invoking toplevel() on ptolemy.moml.MoMLSimpleApplication@544321b2
reloadAllAccessors: .TriggeredContinuousClock

===========================================================================================
----------------- testing Mon May 18 14:19:47 UTC 2020 /home/travis/build/icyphy/ptII/ptolemy/domains/continuous/test/auto/TwoMachineInfiniteBusControl.xml
----------------- Instantiating /home/travis/build/icyphy/ptII/ptolemy/domains/continuous/test/auto/TwoMachineInfiniteBusControl.xml
2231 ms. Memory: 324608K Free: 221294K (68%)
----------------- Invoking toplevel() on ptolemy.moml.MoMLSimpleApplication@8aec65d
----------------- Done invoking toplevel() on ptolemy.moml.MoMLSimpleApplication@8aec65d
reloadAllAccessors: .TwoMachineInfiniteBusControl

===========================================================================================
----------------- testing Mon May 18 14:19:49 UTC 2020 /home/travis/build/icyphy/ptII/ptolemy/domains/continuous/test/auto/V2V.xml
----------------- Instantiating /home/travis/build/icyphy/ptII/ptolemy/domains/continuous/test/auto/V2V.xml
685 ms. Memory: 324608K Free: 220786K (68%)
----------------- Invoking toplevel() on ptolemy.moml.MoMLSimpleApplication@517b4e43
----------------- Done invoking toplevel() on ptolemy.moml.MoMLSimpleApplication@517b4e43
reloadAllAccessors: .V2V

===========================================================================================
----------------- testing Mon May 18 14:19:50 UTC 2020 /home/travis/build/icyphy/ptII/ptolemy/domains/continuous/test/auto/hierarchicalModalModel.xml
----------------- Instantiating /home/travis/build/icyphy/ptII/ptolemy/domains/continuous/test/auto/hierarchicalModalModel.xml
10 ms. Memory: 324608K Free: 206450K (64%)
----------------- Invoking toplevel() on ptolemy.moml.MoMLSimpleApplication@e3cb85c
----------------- Done invoking toplevel() on ptolemy.moml.MoMLSimpleApplication@e3cb85c
reloadAllAccessors: .hierarchicalModalModel

===========================================================================================
----------------- testing Mon May 18 14:19:50 UTC 2020 /home/travis/build/icyphy/ptII/ptolemy/domains/continuous/test/auto/hierarchicalModalModel1.xml
----------------- Instantiating /home/travis/build/icyphy/ptII/ptolemy/domains/continuous/test/auto/hierarchicalModalModel1.xml
9 ms. Memory: 324608K Free: 192114K (59%)
----------------- Invoking toplevel() on ptolemy.moml.MoMLSimpleApplication@6b6381e6
----------------- Done invoking toplevel() on ptolemy.moml.MoMLSimpleApplication@6b6381e6
reloadAllAccessors: .hierarchicalModalModel1

===========================================================================================
----------------- testing Mon May 18 14:19:50 UTC 2020 /home/travis/build/icyphy/ptII/ptolemy/domains/continuous/test/auto/hierarchicalModalModel2.xml
----------------- Instantiating /home/travis/build/icyphy/ptII/ptolemy/domains/continuous/test/auto/hierarchicalModalModel2.xml
6 ms. Memory: 324608K Free: 179826K (55%)
----------------- Invoking toplevel() on ptolemy.moml.MoMLSimpleApplication@7c178387
----------------- Done invoking toplevel() on ptolemy.moml.MoMLSimpleApplication@7c178387
reloadAllAccessors: .hierarchicalModalModel2

===========================================================================================
----------------- testing Mon May 18 14:19:50 UTC 2020 /home/travis/build/icyphy/ptII/ptolemy/domains/continuous/test/auto/hierarchicalModalModel3.xml
----------------- Instantiating /home/travis/build/icyphy/ptII/ptolemy/domains/continuous/test/auto/hierarchicalModalModel3.xml
9 ms. Memory: 324608K Free: 169072K (52%)
----------------- Invoking toplevel() on ptolemy.moml.MoMLSimpleApplication@2a0def23
----------------- Done invoking toplevel() on ptolemy.moml.MoMLSimpleApplication@2a0def23
reloadAllAccessors: .hierarchicalModalModel3

===========================================================================================
----------------- testing Mon May 18 14:19:50 UTC 2020 /home/travis/build/icyphy/ptII/ptolemy/domains/continuous/test/auto/hierarchicalModalModel4.xml
----------------- Instantiating /home/travis/build/icyphy/ptII/ptolemy/domains/continuous/test/auto/hierarchicalModalModel4.xml
5 ms. Memory: 324608K Free: 157298K (48%)
----------------- Invoking toplevel() on ptolemy.moml.MoMLSimpleApplication@5610bbe9
----------------- Done invoking toplevel() on ptolemy.moml.MoMLSimpleApplication@5610bbe9
reloadAllAccessors: .hierarchicalModalModel4

===========================================================================================
----------------- testing Mon May 18 14:19:50 UTC 2020 /home/travis/build/icyphy/ptII/ptolemy/domains/continuous/test/auto/junk.xml
----------------- Instantiating /home/travis/build/icyphy/ptII/ptolemy/domains/continuous/test/auto/junk.xml
107 ms. Memory: 324608K Free: 132722K (41%)
----------------- Invoking toplevel() on ptolemy.moml.MoMLSimpleApplication@41828f44
----------------- Done invoking toplevel() on ptolemy.moml.MoMLSimpleApplication@41828f44
reloadAllAccessors: .junk
AutoTests.java: About to close Vertx.
AutoTests.java: Vertx closed.
]]></system-out>
  <system-err><![CDATA[Warning: '.HysteresisWithRandomDelay.NonStrictTest3' The test produced only 26 tokens, yet the correctValues parameter was expecting 30 tokens.
Warning: '.Poisson.NonStrictTest' The test produced only 415 tokens, yet the correctValues parameter was expecting 430 tokens.
]]></system-err>
</testsuite>
