<?xml version="1.0" encoding="UTF-8" ?>
<testsuite errors="0" failures="0" hostname="travis-job-f929db28-e238-46b7-9e1b-807d2b61b6bf" name="ptolemy.domains.de.test.junit.JUnitTclTest" skipped="0" tests="101" time="122.38" timestamp="2020-01-21T12:13:36">
  <properties>
[...]
</properties>
  <testcase classname="ptolemy.util.test.junit.TclTests" name="[0] /home/travis/build/icyphy/ptII/ptolemy/domains/de/test/DependencyLoop.tcl (RunTclFile)" time="1.083" />
  <testcase classname="ptolemy.util.test.junit.TclTests" name="[1] /home/travis/build/icyphy/ptII/ptolemy/domains/de/test/RunDETestsAsQSS.tcl (RunTclFile)" time="83.633" />
  <testcase classname="ptolemy.util.test.junit.AutoKnownFailedTests" name="[0] /home/travis/build/icyphy/ptII/ptolemy/domains/de/test/auto/knownFailedTests/DESDFClockTest.xml (RunModel)" time="2.06" />
  <testcase classname="ptolemy.util.test.junit.AutoKnownFailedTests" name="[1] /home/travis/build/icyphy/ptII/ptolemy/domains/de/test/auto/knownFailedTests/DirectFeedback.xml (RunModel)" time="0.029" />
  <testcase classname="ptolemy.util.test.junit.AutoKnownFailedTests" name="[2] /home/travis/build/icyphy/ptII/ptolemy/domains/de/test/auto/knownFailedTests/FSMSource.xml (RunModel)" time="0.019" />
  <testcase classname="ptolemy.util.test.junit.AutoKnownFailedTests" name="[3] /home/travis/build/icyphy/ptII/ptolemy/domains/de/test/auto/knownFailedTests/HierarchicalModel.xml (RunModel)" time="0.036" />
  <testcase classname="ptolemy.util.test.junit.AutoKnownFailedTests" name="[4] /home/travis/build/icyphy/ptII/ptolemy/domains/de/test/auto/knownFailedTests/dependencyLoop.xml (RunModel)" time="0.046" />
  <testcase classname="ptolemy.util.test.junit.AutoKnownFailedTests" name="[5] /home/travis/build/icyphy/ptII/ptolemy/domains/de/test/auto/knownFailedTests/dependencyLoop2.xml (RunModel)" time="0.046" />
  <testcase classname="ptolemy.util.test.junit.AutoNameArchTests" name="[0] ThereAreNoAutoArchTests (RunModel)" time="0.001" />
  <testcase classname="ptolemy.util.test.junit.AutoTests" name="[0] /home/travis/build/icyphy/ptII/ptolemy/domains/de/test/auto/ActorDepthCalculation_actorWithoutPorts.xml (RunModel)" time="0.022" />
  <testcase classname="ptolemy.util.test.junit.AutoTests" name="[1] /home/travis/build/icyphy/ptII/ptolemy/domains/de/test/auto/AssemblyLine.xml (RunModel)" time="0.023" />
  <testcase classname="ptolemy.util.test.junit.AutoTests" name="[2] /home/travis/build/icyphy/ptII/ptolemy/domains/de/test/auto/CQBug1.xml (RunModel)" time="0.009" />
  <testcase classname="ptolemy.util.test.junit.AutoTests" name="[3] /home/travis/build/icyphy/ptII/ptolemy/domains/de/test/auto/CancelFireAt.xml (RunModel)" time="0.015" />
  <testcase classname="ptolemy.util.test.junit.AutoTests" name="[4] /home/travis/build/icyphy/ptII/ptolemy/domains/de/test/auto/CausalityAndComposabilityAnalysis.xml (RunModel)" time="0.019" />
  <testcase classname="ptolemy.util.test.junit.AutoTests" name="[5] /home/travis/build/icyphy/ptII/ptolemy/domains/de/test/auto/CausalityInterface1.xml (RunModel)" time="0.017" />
  <testcase classname="ptolemy.util.test.junit.AutoTests" name="[6] /home/travis/build/icyphy/ptII/ptolemy/domains/de/test/auto/CausalityInterface15.xml (RunModel)" time="0.018" />
  <testcase classname="ptolemy.util.test.junit.AutoTests" name="[7] /home/travis/build/icyphy/ptII/ptolemy/domains/de/test/auto/CausalityInterface2.xml (RunModel)" time="0.018" />
  <testcase classname="ptolemy.util.test.junit.AutoTests" name="[8] /home/travis/build/icyphy/ptII/ptolemy/domains/de/test/auto/CausalityInterface3.xml (RunModel)" time="0.015" />
  <testcase classname="ptolemy.util.test.junit.AutoTests" name="[9] /home/travis/build/icyphy/ptII/ptolemy/domains/de/test/auto/ClockDrift.xml (RunModel)" time="0.045" />
  <testcase classname="ptolemy.util.test.junit.AutoTests" name="[10] /home/travis/build/icyphy/ptII/ptolemy/domains/de/test/auto/ClockDriftAndValueChange.xml (RunModel)" time="0.029" />
  <testcase classname="ptolemy.util.test.junit.AutoTests" name="[11] /home/travis/build/icyphy/ptII/ptolemy/domains/de/test/auto/ClockDriftChange.xml (RunModel)" time="0.034" />
  <testcase classname="ptolemy.util.test.junit.AutoTests" name="[12] /home/travis/build/icyphy/ptII/ptolemy/domains/de/test/auto/ComposableCausalityAnalysis.xml (RunModel)" time="0.014" />
  <testcase classname="ptolemy.util.test.junit.AutoTests" name="[13] /home/travis/build/icyphy/ptII/ptolemy/domains/de/test/auto/DEFixedPointLimitation.xml (RunModel)" time="0.009" />
  <testcase classname="ptolemy.util.test.junit.AutoTests" name="[14] /home/travis/build/icyphy/ptII/ptolemy/domains/de/test/auto/DEScheduleTest.xml (RunModel)" time="0.014" />
  <testcase classname="ptolemy.util.test.junit.AutoTests" name="[15] /home/travis/build/icyphy/ptII/ptolemy/domains/de/test/auto/DEinDEwithStartTimes.xml (RunModel)" time="0.016" />
  <testcase classname="ptolemy.util.test.junit.AutoTests" name="[16] /home/travis/build/icyphy/ptII/ptolemy/domains/de/test/auto/DEinDEwithStartTimes2.xml (RunModel)" time="0.022" />
  <testcase classname="ptolemy.util.test.junit.AutoTests" name="[17] /home/travis/build/icyphy/ptII/ptolemy/domains/de/test/auto/DateDemo.xml (RunModel)" time="0.033" />
  <testcase classname="ptolemy.util.test.junit.AutoTests" name="[18] /home/travis/build/icyphy/ptII/ptolemy/domains/de/test/auto/DateToEvent.xml (RunModel)" time="2.04" />
  <testcase classname="ptolemy.util.test.junit.AutoTests" name="[19] /home/travis/build/icyphy/ptII/ptolemy/domains/de/test/auto/DepthTest1.xml (RunModel)" time="0.01" />
  <testcase classname="ptolemy.util.test.junit.AutoTests" name="[20] /home/travis/build/icyphy/ptII/ptolemy/domains/de/test/auto/DepthTest2.xml (RunModel)" time="0.022" />
  <testcase classname="ptolemy.util.test.junit.AutoTests" name="[21] /home/travis/build/icyphy/ptII/ptolemy/domains/de/test/auto/DepthTest3.xml (RunModel)" time="0.009" />
  <testcase classname="ptolemy.util.test.junit.AutoTests" name="[22] /home/travis/build/icyphy/ptII/ptolemy/domains/de/test/auto/DepthTest4.xml (RunModel)" time="0.014" />
  <testcase classname="ptolemy.util.test.junit.AutoTests" name="[23] /home/travis/build/icyphy/ptII/ptolemy/domains/de/test/auto/DepthTest5.xml (RunModel)" time="0.015" />
  <testcase classname="ptolemy.util.test.junit.AutoTests" name="[24] /home/travis/build/icyphy/ptII/ptolemy/domains/de/test/auto/DepthTest6.xml (RunModel)" time="0.018" />
  <testcase classname="ptolemy.util.test.junit.AutoTests" name="[25] /home/travis/build/icyphy/ptII/ptolemy/domains/de/test/auto/DepthTest7.xml (RunModel)" time="0.015" />
  <testcase classname="ptolemy.util.test.junit.AutoTests" name="[26] /home/travis/build/icyphy/ptII/ptolemy/domains/de/test/auto/EventToDate.xml (RunModel)" time="3.032" />
  <testcase classname="ptolemy.util.test.junit.AutoTests" name="[27] /home/travis/build/icyphy/ptII/ptolemy/domains/de/test/auto/FSM1.xml (RunModel)" time="0.04" />
  <testcase classname="ptolemy.util.test.junit.AutoTests" name="[28] /home/travis/build/icyphy/ptII/ptolemy/domains/de/test/auto/FSM7.xml (RunModel)" time="0.044" />
  <testcase classname="ptolemy.util.test.junit.AutoTests" name="[29] /home/travis/build/icyphy/ptII/ptolemy/domains/de/test/auto/Inspection.xml (RunModel)" time="0.041" />
  <testcase classname="ptolemy.util.test.junit.AutoTests" name="[30] /home/travis/build/icyphy/ptII/ptolemy/domains/de/test/auto/Iteration.xml (RunModel)" time="0.024" />
  <testcase classname="ptolemy.util.test.junit.AutoTests" name="[31] /home/travis/build/icyphy/ptII/ptolemy/domains/de/test/auto/LineFault.xml (RunModel)" time="0.553" />
  <testcase classname="ptolemy.util.test.junit.AutoTests" name="[32] /home/travis/build/icyphy/ptII/ptolemy/domains/de/test/auto/MergeModel1Add.xml (RunModel)" time="0.055" />
  <testcase classname="ptolemy.util.test.junit.AutoTests" name="[33] /home/travis/build/icyphy/ptII/ptolemy/domains/de/test/auto/MergeModel2Add.xml (RunModel)" time="0.036" />
  <testcase classname="ptolemy.util.test.junit.AutoTests" name="[34] /home/travis/build/icyphy/ptII/ptolemy/domains/de/test/auto/MergeModel3Add.xml (RunModel)" time="0.05" />
  <testcase classname="ptolemy.util.test.junit.AutoTests" name="[35] /home/travis/build/icyphy/ptII/ptolemy/domains/de/test/auto/MergeWithoutDiscard.xml (RunModel)" time="0.013" />
  <testcase classname="ptolemy.util.test.junit.AutoTests" name="[36] /home/travis/build/icyphy/ptII/ptolemy/domains/de/test/auto/Modal1.xml (RunModel)" time="0.037" />
  <testcase classname="ptolemy.util.test.junit.AutoTests" name="[37] /home/travis/build/icyphy/ptII/ptolemy/domains/de/test/auto/Modal2.xml (RunModel)" time="0.027" />
  <testcase classname="ptolemy.util.test.junit.AutoTests" name="[38] /home/travis/build/icyphy/ptII/ptolemy/domains/de/test/auto/Modal3.xml (RunModel)" time="0.032" />
  <testcase classname="ptolemy.util.test.junit.AutoTests" name="[39] /home/travis/build/icyphy/ptII/ptolemy/domains/de/test/auto/Modal4.xml (RunModel)" time="0.03" />
  <testcase classname="ptolemy.util.test.junit.AutoTests" name="[40] /home/travis/build/icyphy/ptII/ptolemy/domains/de/test/auto/Modal5.xml (RunModel)" time="0.034" />
  <testcase classname="ptolemy.util.test.junit.AutoTests" name="[41] /home/travis/build/icyphy/ptII/ptolemy/domains/de/test/auto/Modal6.xml (RunModel)" time="0.024" />
  <testcase classname="ptolemy.util.test.junit.AutoTests" name="[42] /home/travis/build/icyphy/ptII/ptolemy/domains/de/test/auto/Modal7.xml (RunModel)" time="0.031" />
  <testcase classname="ptolemy.util.test.junit.AutoTests" name="[43] /home/travis/build/icyphy/ptII/ptolemy/domains/de/test/auto/ModalModel.xml (RunModel)" time="0.173" />
  <testcase classname="ptolemy.util.test.junit.AutoTests" name="[44] /home/travis/build/icyphy/ptII/ptolemy/domains/de/test/auto/ModalSource.xml (RunModel)" time="0.026" />
  <testcase classname="ptolemy.util.test.junit.AutoTests" name="[45] /home/travis/build/icyphy/ptII/ptolemy/domains/de/test/auto/NonInterruptibleTimerZeroDelay.xml (RunModel)" time="0.012" />
  <testcase classname="ptolemy.util.test.junit.AutoTests" name="[46] /home/travis/build/icyphy/ptII/ptolemy/domains/de/test/auto/OpenQueueingNetwork.xml (RunModel)" time="2.34" />
  <testcase classname="ptolemy.util.test.junit.AutoTests" name="[47] /home/travis/build/icyphy/ptII/ptolemy/domains/de/test/auto/OpenQueuingNetwork.xml (RunModel)" time="0.261" />
  <testcase classname="ptolemy.util.test.junit.AutoTests" name="[48] /home/travis/build/icyphy/ptII/ptolemy/domains/de/test/auto/PeriodicSampler.xml (RunModel)" time="0.008" />
  <testcase classname="ptolemy.util.test.junit.AutoTests" name="[49] /home/travis/build/icyphy/ptII/ptolemy/domains/de/test/auto/PersistentIO.xml (RunModel)" time="0.02" />
  <testcase classname="ptolemy.util.test.junit.AutoTests" name="[50] /home/travis/build/icyphy/ptII/ptolemy/domains/de/test/auto/PortParameterResetOnInitialize.xml (RunModel)" time="0.008" />
  <testcase classname="ptolemy.util.test.junit.AutoTests" name="[51] /home/travis/build/icyphy/ptII/ptolemy/domains/de/test/auto/PortParameterUpdates.xml (RunModel)" time="0.011" />
  <testcase classname="ptolemy.util.test.junit.AutoTests" name="[52] /home/travis/build/icyphy/ptII/ptolemy/domains/de/test/auto/QueueAndServer.xml (RunModel)" time="0.019" />
  <testcase classname="ptolemy.util.test.junit.AutoTests" name="[53] /home/travis/build/icyphy/ptII/ptolemy/domains/de/test/auto/Records.xml (RunModel)" time="0.012" />
  <testcase classname="ptolemy.util.test.junit.AutoTests" name="[54] /home/travis/build/icyphy/ptII/ptolemy/domains/de/test/auto/ResetTransitionWithStartTime1.xml (RunModel)" time="0.018" />
  <testcase classname="ptolemy.util.test.junit.AutoTests" name="[55] /home/travis/build/icyphy/ptII/ptolemy/domains/de/test/auto/ResetTransitionWithStartTime2.xml (RunModel)" time="0.019" />
  <testcase classname="ptolemy.util.test.junit.AutoTests" name="[56] /home/travis/build/icyphy/ptII/ptolemy/domains/de/test/auto/ResetTransitionWithStartTime3.xml (RunModel)" time="0.016" />
  <testcase classname="ptolemy.util.test.junit.AutoTests" name="[57] /home/travis/build/icyphy/ptII/ptolemy/domains/de/test/auto/ResetTransitionWithStartTime4.xml (RunModel)" time="0.015" />
  <testcase classname="ptolemy.util.test.junit.AutoTests" name="[58] /home/travis/build/icyphy/ptII/ptolemy/domains/de/test/auto/ResettableTimer1.xml (RunModel)" time="0.009" />
  <testcase classname="ptolemy.util.test.junit.AutoTests" name="[59] /home/travis/build/icyphy/ptII/ptolemy/domains/de/test/auto/ResettableTimer2.xml (RunModel)" time="0.008" />
  <testcase classname="ptolemy.util.test.junit.AutoTests" name="[60] /home/travis/build/icyphy/ptII/ptolemy/domains/de/test/auto/ResettableTimer3.xml (RunModel)" time="0.008" />
  <testcase classname="ptolemy.util.test.junit.AutoTests" name="[61] /home/travis/build/icyphy/ptII/ptolemy/domains/de/test/auto/ResettableTimer4.xml (RunModel)" time="0.008" />
  <testcase classname="ptolemy.util.test.junit.AutoTests" name="[62] /home/travis/build/icyphy/ptII/ptolemy/domains/de/test/auto/ResettableTimer5.xml (RunModel)" time="0.008" />
  <testcase classname="ptolemy.util.test.junit.AutoTests" name="[63] /home/travis/build/icyphy/ptII/ptolemy/domains/de/test/auto/ResettableTimer6.xml (RunModel)" time="0.014" />
  <testcase classname="ptolemy.util.test.junit.AutoTests" name="[64] /home/travis/build/icyphy/ptII/ptolemy/domains/de/test/auto/ServerZeroDelay.xml (RunModel)" time="0.009" />
  <testcase classname="ptolemy.util.test.junit.AutoTests" name="[65] /home/travis/build/icyphy/ptII/ptolemy/domains/de/test/auto/SmartSender.xml (RunModel)" time="3.006" />
  <testcase classname="ptolemy.util.test.junit.AutoTests" name="[66] /home/travis/build/icyphy/ptII/ptolemy/domains/de/test/auto/ThreadedComposite.xml (RunModel)" time="0.121" />
  <testcase classname="ptolemy.util.test.junit.AutoTests" name="[67] /home/travis/build/icyphy/ptII/ptolemy/domains/de/test/auto/Time.xml (RunModel)" time="0.357" />
  <testcase classname="ptolemy.util.test.junit.AutoTests" name="[68] /home/travis/build/icyphy/ptII/ptolemy/domains/de/test/auto/TimeDelayZeroDelay.xml (RunModel)" time="0.011" />
  <testcase classname="ptolemy.util.test.junit.AutoTests" name="[69] /home/travis/build/icyphy/ptII/ptolemy/domains/de/test/auto/TimerZeroDelay.xml (RunModel)" time="0.01" />
  <testcase classname="ptolemy.util.test.junit.AutoTests" name="[70] /home/travis/build/icyphy/ptII/ptolemy/domains/de/test/auto/TimingParadox.xml (RunModel)" time="0.303" />
  <testcase classname="ptolemy.util.test.junit.AutoTests" name="[71] /home/travis/build/icyphy/ptII/ptolemy/domains/de/test/auto/TransferInputs.xml (RunModel)" time="0.017" />
  <testcase classname="ptolemy.util.test.junit.AutoTests" name="[72] /home/travis/build/icyphy/ptII/ptolemy/domains/de/test/auto/TransferOutputs2.xml (RunModel)" time="0.014" />
  <testcase classname="ptolemy.util.test.junit.AutoTests" name="[73] /home/travis/build/icyphy/ptII/ptolemy/domains/de/test/auto/Trilateration.xml (RunModel)" time="9.737" />
  <testcase classname="ptolemy.util.test.junit.AutoTests" name="[74] /home/travis/build/icyphy/ptII/ptolemy/domains/de/test/auto/TwoSigmaDelta.xml (RunModel)" time="1.608" />
  <testcase classname="ptolemy.util.test.junit.AutoTests" name="[75] /home/travis/build/icyphy/ptII/ptolemy/domains/de/test/auto/VariableDelay.xml (RunModel)" time="0.007" />
  <testcase classname="ptolemy.util.test.junit.AutoTests" name="[76] /home/travis/build/icyphy/ptII/ptolemy/domains/de/test/auto/VariableDelay2.xml (RunModel)" time="0.009" />
  <testcase classname="ptolemy.util.test.junit.AutoTests" name="[77] /home/travis/build/icyphy/ptII/ptolemy/domains/de/test/auto/VariableDelayZeroDelay.xml (RunModel)" time="0.014" />
  <testcase classname="ptolemy.util.test.junit.AutoTests" name="[78] /home/travis/build/icyphy/ptII/ptolemy/domains/de/test/auto/VariableDelayZeroDelay2.xml (RunModel)" time="0.011" />
  <testcase classname="ptolemy.util.test.junit.AutoTests" name="[79] /home/travis/build/icyphy/ptII/ptolemy/domains/de/test/auto/deInCt.xml (RunModel)" time="0.021" />
  <testcase classname="ptolemy.util.test.junit.AutoTests" name="[80] /home/travis/build/icyphy/ptII/ptolemy/domains/de/test/auto/deInCt2.xml (RunModel)" time="0.021" />
  <testcase classname="ptolemy.util.test.junit.AutoTests" name="[81] /home/travis/build/icyphy/ptII/ptolemy/domains/de/test/auto/dynamicCausalityInterface1.xml (RunModel)" time="0.021" />
  <testcase classname="ptolemy.util.test.junit.AutoTests" name="[82] /home/travis/build/icyphy/ptII/ptolemy/domains/de/test/auto/fsm_de_test.xml (RunModel)" time="0.024" />
  <testcase classname="ptolemy.util.test.junit.AutoTests" name="[83] /home/travis/build/icyphy/ptII/ptolemy/domains/de/test/auto/functionDependencyReconstruction.xml (RunModel)" time="0.03" />
  <testcase classname="ptolemy.util.test.junit.AutoTests" name="[84] /home/travis/build/icyphy/ptII/ptolemy/domains/de/test/auto/multirate.xml (RunModel)" time="0.014" />
  <testcase classname="ptolemy.util.test.junit.AutoTests" name="[85] /home/travis/build/icyphy/ptII/ptolemy/domains/de/test/auto/multirate2.xml (RunModel)" time="0.016" />
  <testcase classname="ptolemy.util.test.junit.AutoTests" name="[86] /home/travis/build/icyphy/ptII/ptolemy/domains/de/test/auto/realtime.xml (RunModel)" time="10.009" />
  <testcase classname="ptolemy.util.test.junit.AutoTests" name="[87] /home/travis/build/icyphy/ptII/ptolemy/domains/de/test/auto/relationGroup.xml (RunModel)" time="0.007" />
  <testcase classname="ptolemy.util.test.junit.AutoTests" name="[88] /home/travis/build/icyphy/ptII/ptolemy/domains/de/test/auto/relationGroup2.xml (RunModel)" time="0.008" />
  <testcase classname="ptolemy.util.test.junit.AutoTests" name="[89] /home/travis/build/icyphy/ptII/ptolemy/domains/de/test/auto/sortWithOpaquePorts.xml (RunModel)" time="0.007" />
  <testcase classname="ptolemy.util.test.junit.AutoTests" name="[90] /home/travis/build/icyphy/ptII/ptolemy/domains/de/test/auto/transferInputsandOutputs.xml (RunModel)" time="0.022" />
  <testcase classname="ptolemy.util.test.junit.AutoTests" name="[91] /home/travis/build/icyphy/ptII/ptolemy/domains/de/test/auto/triggerType.xml (RunModel)" time="0.013" />
  <system-out><![CDATA[/home/travis/build/icyphy/ptII/ptolemy/domains/de/test/DependencyLoop.tcl
testDefs.tcl: setting time out to 9000 seconds at Tue Jan 21 12:13:36 UTC 2020
87 ms. Memory: 129024K Free: 79153K (61%)
31 ms. Memory: 129024K Free: 61731K (48%)
/home/travis/build/icyphy/ptII/ptolemy/domains/de/test/RunDETestsAsQSS.tcl
Run the DE tests using ptolemy.domains.qss.test.QSSDirectorTest, which extends QSSDirector and prints a message in the constructors.
------------------ testing $PTII/ptolemy/domains/de/test/auto/knownFailedTests/DirectFeedback.xml (Known Failure) 
39 ms. Memory: 129024K Free: 56115K (43%)


==== $PTIIhome/travis/build/icyphy/ptII/ptolemy/domains/de/test/../../../../: Auto Automatic test in file $PTII/ptolemy/domains/de/test/auto/knownFailedTests/DirectFeedback.xml
==== Contents of test case:

	    # FIXME: we should use $relativeFilename here, but it
	    # might have backslashes under Windows, which causes no end
	    # of trouble.
	    createAndExecute $file
	    list {}
	
.... Test generated KNOWN error:
    while executing
ptolemy.kernel.util.IllegalActionException: Test fails in iteration 1.
Value was: 1.0. Should have been: 2.0
  in .DirectFeedback.Test
	at ptolemy.actor.lib.Test.fire(Test.java:268)
	at ptolemy.domains.de.kernel.DEDirector._fire(DEDirector.java:1949)
	at ptolemy.domains.de.kernel.DEDirector.fire(DEDirector.java:502)
	at ptolemy.actor.CompositeActor.fire(CompositeActor.java:455)
	at ptolemy.actor.Manager.iterate(Manager.java:851)
	at ptolemy.actor.Manager.execute(Manager.java:369)
	at ptolemy.actor.Manager.run(Manager.java:1263)
	at ptolemy.actor.Manager$PtolemyRunThread.run(Manager.java:1933)

    while executing
ptolemy.kernel.util.IllegalActionException: Test fails in iteration 1.
Value was: 1.0. Should have been: 2.0
  in .DirectFeedback.Test
    while executing
"java::new ptolemy.moml.MoMLSimpleApplication $file
"
    (procedure "createAndExecute" line 2)
    invoked from within
"createAndExecute $file"
    ("uplevel" body line 5)
    invoked from within
"uplevel $contents_of_test"
------------------ testing $PTII/ptolemy/domains/de/test/auto/knownFailedTests/dependencyLoop.xml (Known Failure) 
8 ms. Memory: 129024K Free: 53043K (41%)


==== $PTIIhome/travis/build/icyphy/ptII/ptolemy/domains/de/test/../../../../: Auto Automatic test in file $PTII/ptolemy/domains/de/test/auto/knownFailedTests/dependencyLoop.xml
==== Contents of test case:

	    # FIXME: we should use $relativeFilename here, but it
	    # might have backslashes under Windows, which causes no end
	    # of trouble.
	    createAndExecute $file
	    list {}
	
.... Test generated KNOWN error:
    while executing
ptolemy.kernel.util.IllegalActionException: Found a zero delay loop containing .dependencyLoop.original
  in .dependencyLoop and .dependencyLoop.original
	at ptolemy.actor.util.CausalityInterfaceForComposites._computeOutputPortDepth(CausalityInterfaceForComposites.java:759)
	at ptolemy.actor.util.CausalityInterfaceForComposites._computeInputDepth(CausalityInterfaceForComposites.java:696)
	at ptolemy.actor.util.CausalityInterfaceForComposites._computeOutputPortDepth(CausalityInterfaceForComposites.java:765)
	at ptolemy.actor.util.CausalityInterfaceForComposites._computeInputDepth(CausalityInterfaceForComposites.java:696)
	at ptolemy.actor.util.CausalityInterfaceForComposites._computeOutputPortDepth(CausalityInterfaceForComposites.java:765)
	at ptolemy.actor.util.CausalityInterfaceForComposites._computeInputDepth(CausalityInterfaceForComposites.java:696)
	at ptolemy.actor.util.CausalityInterfaceForComposites._computeActorDepth(CausalityInterfaceForComposites.java:532)
	at ptolemy.actor.util.CausalityInterfaceForComposites.checkForCycles(CausalityInterfaceForComposites.java:96)
	at ptolemy.domains.de.kernel.DEDirector.preinitialize(DEDirector.java:1338)
	at ptolemy.actor.CompositeActor.preinitialize(CompositeActor.java:1828)
	at ptolemy.actor.Manager.preinitializeAndResolveTypes(Manager.java:1040)
	at ptolemy.actor.Manager.initialize(Manager.java:710)
	at ptolemy.actor.Manager.execute(Manager.java:356)
	at ptolemy.actor.Manager.run(Manager.java:1263)
	at ptolemy.actor.Manager$PtolemyRunThread.run(Manager.java:1933)

    while executing
ptolemy.kernel.util.IllegalActionException: Found a zero delay loop containing .dependencyLoop.original
  in .dependencyLoop and .dependencyLoop.original
    while executing
"java::new ptolemy.moml.MoMLSimpleApplication $file
"
    (procedure "createAndExecute" line 2)
    invoked from within
"createAndExecute $file"
    ("uplevel" body line 5)
    invoked from within
"uplevel $contents_of_test"
------------------ testing $PTII/ptolemy/domains/de/test/auto/knownFailedTests/FSMSource.xml (Known Failure) 
70 ms. Memory: 129024K Free: 112092K (87%)
!!!! Auto was marked as failing, but now passes
------------------ testing $PTII/ptolemy/domains/de/test/auto/knownFailedTests/HierarchicalModel.xml (Known Failure) 
7 ms. Memory: 129024K Free: 94185K (73%)


==== $PTIIhome/travis/build/icyphy/ptII/ptolemy/domains/de/test/../../../../: Auto Automatic test in file $PTII/ptolemy/domains/de/test/auto/knownFailedTests/HierarchicalModel.xml
==== Contents of test case:

	    # FIXME: we should use $relativeFilename here, but it
	    # might have backslashes under Windows, which causes no end
	    # of trouble.
	    createAndExecute $file
	    list {}
	
.... Test generated KNOWN error:
    while executing
ptolemy.kernel.util.IllegalActionException: Found a zero delay loop containing .HierarchicalModel.A
  in .HierarchicalModel and .HierarchicalModel.A
	at ptolemy.actor.util.CausalityInterfaceForComposites._computeOutputPortDepth(CausalityInterfaceForComposites.java:759)
	at ptolemy.actor.util.CausalityInterfaceForComposites._computeInputDepth(CausalityInterfaceForComposites.java:696)
	at ptolemy.actor.util.CausalityInterfaceForComposites._computeOutputPortDepth(CausalityInterfaceForComposites.java:765)
	at ptolemy.actor.util.CausalityInterfaceForComposites._computeInputDepth(CausalityInterfaceForComposites.java:696)
	at ptolemy.actor.util.CausalityInterfaceForComposites._computeOutputPortDepth(CausalityInterfaceForComposites.java:765)
	at ptolemy.actor.util.CausalityInterfaceForComposites._computeInputDepth(CausalityInterfaceForComposites.java:696)
	at ptolemy.actor.util.CausalityInterfaceForComposites._computeActorDepth(CausalityInterfaceForComposites.java:532)
	at ptolemy.actor.util.CausalityInterfaceForComposites.checkForCycles(CausalityInterfaceForComposites.java:96)
	at ptolemy.domains.de.kernel.DEDirector.preinitialize(DEDirector.java:1338)
	at ptolemy.actor.CompositeActor.preinitialize(CompositeActor.java:1828)
	at ptolemy.actor.Manager.preinitializeAndResolveTypes(Manager.java:1040)
	at ptolemy.actor.Manager.initialize(Manager.java:710)
	at ptolemy.actor.Manager.execute(Manager.java:356)
	at ptolemy.actor.Manager.run(Manager.java:1263)
	at ptolemy.actor.Manager$PtolemyRunThread.run(Manager.java:1933)

    while executing
ptolemy.kernel.util.IllegalActionException: Found a zero delay loop containing .HierarchicalModel.A
  in .HierarchicalModel and .HierarchicalModel.A
    while executing
"java::new ptolemy.moml.MoMLSimpleApplication $file
"
    (procedure "createAndExecute" line 2)
    invoked from within
"createAndExecute $file"
    ("uplevel" body line 5)
    invoked from within
"uplevel $contents_of_test"
------------------ testing $PTII/ptolemy/domains/de/test/auto/knownFailedTests/dependencyLoop2.xml (Known Failure) 
14 ms. Memory: 129024K Free: 78308K (61%)


==== $PTIIhome/travis/build/icyphy/ptII/ptolemy/domains/de/test/../../../../: Auto Automatic test in file $PTII/ptolemy/domains/de/test/auto/knownFailedTests/dependencyLoop2.xml
==== Contents of test case:

	    # FIXME: we should use $relativeFilename here, but it
	    # might have backslashes under Windows, which causes no end
	    # of trouble.
	    createAndExecute $file
	    list {}
	
.... Test generated KNOWN error:
    while executing
ptolemy.kernel.util.IllegalActionException: Found a zero delay loop containing .dependencyLoop2.original
  in .dependencyLoop2 and .dependencyLoop2.original
	at ptolemy.actor.util.CausalityInterfaceForComposites._computeOutputPortDepth(CausalityInterfaceForComposites.java:759)
	at ptolemy.actor.util.CausalityInterfaceForComposites._computeInputDepth(CausalityInterfaceForComposites.java:696)
	at ptolemy.actor.util.CausalityInterfaceForComposites._computeOutputPortDepth(CausalityInterfaceForComposites.java:765)
	at ptolemy.actor.util.CausalityInterfaceForComposites._computeInputDepth(CausalityInterfaceForComposites.java:696)
	at ptolemy.actor.util.CausalityInterfaceForComposites._computeOutputPortDepth(CausalityInterfaceForComposites.java:765)
	at ptolemy.actor.util.CausalityInterfaceForComposites._computeInputDepth(CausalityInterfaceForComposites.java:696)
	at ptolemy.actor.util.CausalityInterfaceForComposites._computeActorDepth(CausalityInterfaceForComposites.java:532)
	at ptolemy.actor.util.CausalityInterfaceForComposites.checkForCycles(CausalityInterfaceForComposites.java:96)
	at ptolemy.domains.de.kernel.DEDirector.preinitialize(DEDirector.java:1338)
	at ptolemy.actor.CompositeActor.preinitialize(CompositeActor.java:1828)
	at ptolemy.actor.Manager.preinitializeAndResolveTypes(Manager.java:1040)
	at ptolemy.actor.Manager.initialize(Manager.java:710)
	at ptolemy.actor.Manager.execute(Manager.java:356)
	at ptolemy.actor.Manager.run(Manager.java:1263)
	at ptolemy.actor.Manager$PtolemyRunThread.run(Manager.java:1933)

    while executing
ptolemy.kernel.util.IllegalActionException: Found a zero delay loop containing .dependencyLoop2.original
  in .dependencyLoop2 and .dependencyLoop2.original
    while executing
"java::new ptolemy.moml.MoMLSimpleApplication $file
"
    (procedure "createAndExecute" line 2)
    invoked from within
"createAndExecute $file"
    ("uplevel" body line 5)
    invoked from within
"uplevel $contents_of_test"
------------------ testing $PTII/ptolemy/domains/de/test/auto/knownFailedTests/DESDFClockTest.xml (Known Failure) 
2039 ms. Memory: 129024K Free: 108866K (84%)


==== $PTIIhome/travis/build/icyphy/ptII/ptolemy/domains/de/test/../../../../: Auto Automatic test in file $PTII/ptolemy/domains/de/test/auto/knownFailedTests/DESDFClockTest.xml
==== Contents of test case:

	    # FIXME: we should use $relativeFilename here, but it
	    # might have backslashes under Windows, which causes no end
	    # of trouble.
	    createAndExecute $file
	    list {}
	
.... Test generated KNOWN error:
    while executing
ptolemy.kernel.util.IllegalActionException: Actor is not ready to fire.  Perhaps UpSample.prefire() returned false? Try debugging the actor by selecting "Listen to Actor".  Also, for SDF check moml for tokenConsumptionRate on input.
  in .DESDFClockTest.Play Bell.Copy1:SDF Director and .DESDFClockTest.Play Bell.UpSample
	at ptolemy.actor.sched.StaticSchedulingDirector.fire(StaticSchedulingDirector.java:227)
	at ptolemy.domains.sdf.kernel.SDFDirector.fire(SDFDirector.java:500)
	at ptolemy.actor.CompositeActor.fire(CompositeActor.java:455)
	at ptolemy.domains.de.kernel.DEDirector._fire(DEDirector.java:1949)
	at ptolemy.domains.de.kernel.DEDirector.fire(DEDirector.java:502)
	at ptolemy.actor.CompositeActor.fire(CompositeActor.java:455)
	at ptolemy.actor.Manager.iterate(Manager.java:851)
	at ptolemy.actor.Manager.execute(Manager.java:369)
	at ptolemy.actor.Manager.run(Manager.java:1263)
	at ptolemy.actor.Manager$PtolemyRunThread.run(Manager.java:1933)

    while executing
ptolemy.kernel.util.IllegalActionException: Actor is not ready to fire.  Perhaps UpSample.prefire() returned false? Try debugging the actor by selecting "Listen to Actor".  Also, for SDF check moml for tokenConsumptionRate on input.
  in .DESDFClockTest.Play Bell.Copy1:SDF Director and .DESDFClockTest.Play Bell.UpSample
    while executing
"java::new ptolemy.moml.MoMLSimpleApplication $file
"
    (procedure "createAndExecute" line 2)
    invoked from within
"createAndExecute $file"
    ("uplevel" body line 5)
    invoked from within
"uplevel $contents_of_test"
------------------ testing $PTII/ptolemy/domains/de/test/auto/ActorDepthCalculation_actorWithoutPorts.xml
auto.tcl: Setting watchdog for 200 seconds at Tue Jan 21 12:13:40 UTC 2020
13 ms. Memory: 129024K Free: 101186K (78%)
ptolemy.util.test.WatchDog.cancel(): canceling Tue Jan 21 12:13:40 UTC 2020
auto.tcl: Setting watchdog for 200 seconds at Tue Jan 21 12:13:40 UTC 2020
8 ms. Memory: 129024K Free: 100164K (78%)
ptolemy.util.test.WatchDog.cancel(): canceling Tue Jan 21 12:13:40 UTC 2020
------------------ testing $PTII/ptolemy/domains/de/test/auto/AssemblyLine.xml
auto.tcl: Setting watchdog for 200 seconds at Tue Jan 21 12:13:40 UTC 2020
8 ms. Memory: 51200K Free: 27987K (55%)
ptolemy.util.test.WatchDog.cancel(): canceling Tue Jan 21 12:13:40 UTC 2020
auto.tcl: Setting watchdog for 200 seconds at Tue Jan 21 12:13:40 UTC 2020
8 ms. Memory: 51200K Free: 27274K (53%)
ptolemy.util.test.WatchDog.cancel(): canceling Tue Jan 21 12:13:40 UTC 2020
------------------ testing $PTII/ptolemy/domains/de/test/auto/CQBug1.xml
auto.tcl: Setting watchdog for 200 seconds at Tue Jan 21 12:13:40 UTC 2020
3 ms. Memory: 51200K Free: 33268K (65%)
ptolemy.util.test.WatchDog.cancel(): canceling Tue Jan 21 12:13:40 UTC 2020
auto.tcl: Setting watchdog for 200 seconds at Tue Jan 21 12:13:40 UTC 2020
2 ms. Memory: 51200K Free: 32825K (64%)
ptolemy.util.test.WatchDog.cancel(): canceling Tue Jan 21 12:13:40 UTC 2020
------------------ testing $PTII/ptolemy/domains/de/test/auto/CancelFireAt.xml
auto.tcl: Setting watchdog for 200 seconds at Tue Jan 21 12:13:40 UTC 2020
7 ms. Memory: 48128K Free: 31660K (66%)
ptolemy.util.test.WatchDog.cancel(): canceling Tue Jan 21 12:13:41 UTC 2020
auto.tcl: Setting watchdog for 200 seconds at Tue Jan 21 12:13:41 UTC 2020
2 ms. Memory: 48128K Free: 31223K (65%)
ptolemy.util.test.WatchDog.cancel(): canceling Tue Jan 21 12:13:41 UTC 2020
------------------ testing $PTII/ptolemy/domains/de/test/auto/CausalityAndComposabilityAnalysis.xml
auto.tcl: Setting watchdog for 200 seconds at Tue Jan 21 12:13:41 UTC 2020
6 ms. Memory: 48128K Free: 29434K (61%)
ptolemy.util.test.WatchDog.cancel(): canceling Tue Jan 21 12:13:41 UTC 2020
auto.tcl: Setting watchdog for 200 seconds at Tue Jan 21 12:13:41 UTC 2020
6 ms. Memory: 48128K Free: 28975K (60%)
ptolemy.util.test.WatchDog.cancel(): canceling Tue Jan 21 12:13:41 UTC 2020
------------------ testing $PTII/ptolemy/domains/de/test/auto/CausalityInterface1.xml
auto.tcl: Setting watchdog for 200 seconds at Tue Jan 21 12:13:41 UTC 2020
18 ms. Memory: 48128K Free: 28378K (59%)
ptolemy.util.test.WatchDog.cancel(): canceling Tue Jan 21 12:13:41 UTC 2020
auto.tcl: Setting watchdog for 200 seconds at Tue Jan 21 12:13:41 UTC 2020
5 ms. Memory: 48128K Free: 27377K (57%)
ptolemy.util.test.WatchDog.cancel(): canceling Tue Jan 21 12:13:41 UTC 2020
------------------ testing $PTII/ptolemy/domains/de/test/auto/CausalityInterface15.xml
auto.tcl: Setting watchdog for 200 seconds at Tue Jan 21 12:13:41 UTC 2020
12 ms. Memory: 48128K Free: 27967K (58%)
ptolemy.util.test.WatchDog.cancel(): canceling Tue Jan 21 12:13:41 UTC 2020
auto.tcl: Setting watchdog for 200 seconds at Tue Jan 21 12:13:41 UTC 2020
5 ms. Memory: 48128K Free: 27335K (57%)
ptolemy.util.test.WatchDog.cancel(): canceling Tue Jan 21 12:13:41 UTC 2020
------------------ testing $PTII/ptolemy/domains/de/test/auto/CausalityInterface2.xml
auto.tcl: Setting watchdog for 200 seconds at Tue Jan 21 12:13:41 UTC 2020
5 ms. Memory: 48128K Free: 29223K (61%)
ptolemy.util.test.WatchDog.cancel(): canceling Tue Jan 21 12:13:41 UTC 2020
auto.tcl: Setting watchdog for 200 seconds at Tue Jan 21 12:13:41 UTC 2020
3 ms. Memory: 48128K Free: 28326K (59%)
ptolemy.util.test.WatchDog.cancel(): canceling Tue Jan 21 12:13:41 UTC 2020
------------------ testing $PTII/ptolemy/domains/de/test/auto/CausalityInterface3.xml
auto.tcl: Setting watchdog for 200 seconds at Tue Jan 21 12:13:41 UTC 2020
7 ms. Memory: 48128K Free: 28560K (59%)
ptolemy.util.test.WatchDog.cancel(): canceling Tue Jan 21 12:13:41 UTC 2020
auto.tcl: Setting watchdog for 200 seconds at Tue Jan 21 12:13:41 UTC 2020
5 ms. Memory: 48128K Free: 27774K (58%)
ptolemy.util.test.WatchDog.cancel(): canceling Tue Jan 21 12:13:41 UTC 2020
------------------ testing $PTII/ptolemy/domains/de/test/auto/ClockDrift.xml
auto.tcl: Setting watchdog for 200 seconds at Tue Jan 21 12:13:41 UTC 2020
71 ms. Memory: 48128K Free: 20673K (43%)
ptolemy.util.test.WatchDog.cancel(): canceling Tue Jan 21 12:13:41 UTC 2020
auto.tcl: Setting watchdog for 200 seconds at Tue Jan 21 12:13:41 UTC 2020
66 ms. Memory: 48128K Free: 17706K (37%)
ptolemy.util.test.WatchDog.cancel(): canceling Tue Jan 21 12:13:41 UTC 2020
------------------ testing $PTII/ptolemy/domains/de/test/auto/ClockDriftAndValueChange.xml
auto.tcl: Setting watchdog for 200 seconds at Tue Jan 21 12:13:41 UTC 2020
20 ms. Memory: 48128K Free: 21544K (45%)
ptolemy.util.test.WatchDog.cancel(): canceling Tue Jan 21 12:13:41 UTC 2020
auto.tcl: Setting watchdog for 200 seconds at Tue Jan 21 12:13:41 UTC 2020
23 ms. Memory: 48128K Free: 18392K (38%)
ptolemy.util.test.WatchDog.cancel(): canceling Tue Jan 21 12:13:41 UTC 2020
------------------ testing $PTII/ptolemy/domains/de/test/auto/ClockDriftChange.xml
auto.tcl: Setting watchdog for 200 seconds at Tue Jan 21 12:13:41 UTC 2020
22 ms. Memory: 48128K Free: 23265K (48%)
ptolemy.util.test.WatchDog.cancel(): canceling Tue Jan 21 12:13:41 UTC 2020
auto.tcl: Setting watchdog for 200 seconds at Tue Jan 21 12:13:41 UTC 2020
24 ms. Memory: 48128K Free: 20671K (43%)
ptolemy.util.test.WatchDog.cancel(): canceling Tue Jan 21 12:13:41 UTC 2020
------------------ testing $PTII/ptolemy/domains/de/test/auto/ComposableCausalityAnalysis.xml
auto.tcl: Setting watchdog for 200 seconds at Tue Jan 21 12:13:42 UTC 2020
2 ms. Memory: 48128K Free: 27882K (58%)
ptolemy.util.test.WatchDog.cancel(): canceling Tue Jan 21 12:13:42 UTC 2020
auto.tcl: Setting watchdog for 200 seconds at Tue Jan 21 12:13:42 UTC 2020
6 ms. Memory: 48128K Free: 26832K (56%)
ptolemy.util.test.WatchDog.cancel(): canceling Tue Jan 21 12:13:42 UTC 2020
------------------ testing $PTII/ptolemy/domains/de/test/auto/DEFixedPointLimitation.xml
auto.tcl: Setting watchdog for 200 seconds at Tue Jan 21 12:13:42 UTC 2020
3 ms. Memory: 48128K Free: 29274K (61%)
ptolemy.util.test.WatchDog.cancel(): canceling Tue Jan 21 12:13:42 UTC 2020
auto.tcl: Setting watchdog for 200 seconds at Tue Jan 21 12:13:42 UTC 2020
2 ms. Memory: 48128K Free: 28352K (59%)
ptolemy.util.test.WatchDog.cancel(): canceling Tue Jan 21 12:13:42 UTC 2020
------------------ testing $PTII/ptolemy/domains/de/test/auto/DEScheduleTest.xml
auto.tcl: Setting watchdog for 200 seconds at Tue Jan 21 12:13:42 UTC 2020
8 ms. Memory: 48128K Free: 29551K (61%)
ptolemy.util.test.WatchDog.cancel(): canceling Tue Jan 21 12:13:42 UTC 2020
auto.tcl: Setting watchdog for 200 seconds at Tue Jan 21 12:13:42 UTC 2020
3 ms. Memory: 48128K Free: 28775K (60%)
ptolemy.util.test.WatchDog.cancel(): canceling Tue Jan 21 12:13:42 UTC 2020
------------------ testing $PTII/ptolemy/domains/de/test/auto/DEinDEwithStartTimes.xml
auto.tcl: Setting watchdog for 200 seconds at Tue Jan 21 12:13:42 UTC 2020
9 ms. Memory: 48128K Free: 27717K (58%)
ptolemy.util.test.WatchDog.cancel(): canceling Tue Jan 21 12:13:42 UTC 2020
auto.tcl: Setting watchdog for 200 seconds at Tue Jan 21 12:13:42 UTC 2020
3 ms. Memory: 48128K Free: 26678K (55%)
ptolemy.util.test.WatchDog.cancel(): canceling Tue Jan 21 12:13:42 UTC 2020
------------------ testing $PTII/ptolemy/domains/de/test/auto/DEinDEwithStartTimes2.xml
auto.tcl: Setting watchdog for 200 seconds at Tue Jan 21 12:13:42 UTC 2020
7 ms. Memory: 48128K Free: 26926K (56%)
ptolemy.util.test.WatchDog.cancel(): canceling Tue Jan 21 12:13:42 UTC 2020
auto.tcl: Setting watchdog for 200 seconds at Tue Jan 21 12:13:42 UTC 2020
4 ms. Memory: 48128K Free: 25633K (53%)
ptolemy.util.test.WatchDog.cancel(): canceling Tue Jan 21 12:13:42 UTC 2020
------------------ testing $PTII/ptolemy/domains/de/test/auto/DateDemo.xml
auto.tcl: Setting watchdog for 200 seconds at Tue Jan 21 12:13:42 UTC 2020
20 ms. Memory: 48128K Free: 21577K (45%)
ptolemy.util.test.WatchDog.cancel(): canceling Tue Jan 21 12:13:42 UTC 2020
auto.tcl: Setting watchdog for 200 seconds at Tue Jan 21 12:13:42 UTC 2020
11 ms. Memory: 48128K Free: 20101K (42%)
ptolemy.util.test.WatchDog.cancel(): canceling Tue Jan 21 12:13:42 UTC 2020
------------------ testing $PTII/ptolemy/domains/de/test/auto/DateToEvent.xml
auto.tcl: Setting watchdog for 200 seconds at Tue Jan 21 12:13:42 UTC 2020
2019 ms. Memory: 48128K Free: 16745K (35%)
ptolemy.util.test.WatchDog.cancel(): canceling Tue Jan 21 12:13:44 UTC 2020
auto.tcl: Setting watchdog for 200 seconds at Tue Jan 21 12:13:44 UTC 2020
2007 ms. Memory: 48128K Free: 16174K (34%)
ptolemy.util.test.WatchDog.cancel(): canceling Tue Jan 21 12:13:46 UTC 2020
------------------ testing $PTII/ptolemy/domains/de/test/auto/DepthTest1.xml
auto.tcl: Setting watchdog for 200 seconds at Tue Jan 21 12:13:46 UTC 2020
5 ms. Memory: 48128K Free: 30345K (63%)
ptolemy.util.test.WatchDog.cancel(): canceling Tue Jan 21 12:13:46 UTC 2020
auto.tcl: Setting watchdog for 200 seconds at Tue Jan 21 12:13:46 UTC 2020
2 ms. Memory: 48128K Free: 29960K (62%)
ptolemy.util.test.WatchDog.cancel(): canceling Tue Jan 21 12:13:46 UTC 2020
------------------ testing $PTII/ptolemy/domains/de/test/auto/DepthTest2.xml
auto.tcl: Setting watchdog for 200 seconds at Tue Jan 21 12:13:46 UTC 2020
5 ms. Memory: 48128K Free: 27179K (56%)
ptolemy.util.test.WatchDog.cancel(): canceling Tue Jan 21 12:13:46 UTC 2020
auto.tcl: Setting watchdog for 200 seconds at Tue Jan 21 12:13:46 UTC 2020
3 ms. Memory: 48128K Free: 26673K (55%)
ptolemy.util.test.WatchDog.cancel(): canceling Tue Jan 21 12:13:46 UTC 2020
------------------ testing $PTII/ptolemy/domains/de/test/auto/DepthTest3.xml
auto.tcl: Setting watchdog for 200 seconds at Tue Jan 21 12:13:46 UTC 2020
3 ms. Memory: 48128K Free: 30675K (64%)
ptolemy.util.test.WatchDog.cancel(): canceling Tue Jan 21 12:13:46 UTC 2020
auto.tcl: Setting watchdog for 200 seconds at Tue Jan 21 12:13:46 UTC 2020
2 ms. Memory: 48128K Free: 30290K (63%)
ptolemy.util.test.WatchDog.cancel(): canceling Tue Jan 21 12:13:46 UTC 2020
------------------ testing $PTII/ptolemy/domains/de/test/auto/DepthTest4.xml
auto.tcl: Setting watchdog for 200 seconds at Tue Jan 21 12:13:46 UTC 2020
3 ms. Memory: 48128K Free: 29024K (60%)
ptolemy.util.test.WatchDog.cancel(): canceling Tue Jan 21 12:13:46 UTC 2020
auto.tcl: Setting watchdog for 200 seconds at Tue Jan 21 12:13:46 UTC 2020
3 ms. Memory: 48128K Free: 28306K (59%)
ptolemy.util.test.WatchDog.cancel(): canceling Tue Jan 21 12:13:46 UTC 2020
------------------ testing $PTII/ptolemy/domains/de/test/auto/DepthTest5.xml
auto.tcl: Setting watchdog for 200 seconds at Tue Jan 21 12:13:46 UTC 2020
5 ms. Memory: 48128K Free: 28408K (59%)
ptolemy.util.test.WatchDog.cancel(): canceling Tue Jan 21 12:13:47 UTC 2020
auto.tcl: Setting watchdog for 200 seconds at Tue Jan 21 12:13:47 UTC 2020
4 ms. Memory: 48128K Free: 27635K (57%)
ptolemy.util.test.WatchDog.cancel(): canceling Tue Jan 21 12:13:47 UTC 2020
------------------ testing $PTII/ptolemy/domains/de/test/auto/DepthTest6.xml
auto.tcl: Setting watchdog for 200 seconds at Tue Jan 21 12:13:47 UTC 2020
4 ms. Memory: 48128K Free: 28150K (58%)
ptolemy.util.test.WatchDog.cancel(): canceling Tue Jan 21 12:13:47 UTC 2020
auto.tcl: Setting watchdog for 200 seconds at Tue Jan 21 12:13:47 UTC 2020
2 ms. Memory: 48128K Free: 27709K (58%)
ptolemy.util.test.WatchDog.cancel(): canceling Tue Jan 21 12:13:47 UTC 2020
------------------ testing $PTII/ptolemy/domains/de/test/auto/DepthTest7.xml
auto.tcl: Setting watchdog for 200 seconds at Tue Jan 21 12:13:47 UTC 2020
3 ms. Memory: 48128K Free: 28383K (59%)
ptolemy.util.test.WatchDog.cancel(): canceling Tue Jan 21 12:13:47 UTC 2020
auto.tcl: Setting watchdog for 200 seconds at Tue Jan 21 12:13:47 UTC 2020
3 ms. Memory: 48128K Free: 27966K (58%)
ptolemy.util.test.WatchDog.cancel(): canceling Tue Jan 21 12:13:47 UTC 2020
------------------ testing $PTII/ptolemy/domains/de/test/auto/EventToDate.xml
auto.tcl: Setting watchdog for 200 seconds at Tue Jan 21 12:13:47 UTC 2020
3007 ms. Memory: 48128K Free: 19503K (41%)
ptolemy.util.test.WatchDog.cancel(): canceling Tue Jan 21 12:13:50 UTC 2020
auto.tcl: Setting watchdog for 200 seconds at Tue Jan 21 12:13:50 UTC 2020
3003 ms. Memory: 48128K Free: 18612K (39%)
ptolemy.util.test.WatchDog.cancel(): canceling Tue Jan 21 12:13:53 UTC 2020
------------------ testing $PTII/ptolemy/domains/de/test/auto/FSM1.xml
auto.tcl: Setting watchdog for 200 seconds at Tue Jan 21 12:13:53 UTC 2020
51 ms. Memory: 48128K Free: 20936K (44%)
ptolemy.util.test.WatchDog.cancel(): canceling Tue Jan 21 12:13:53 UTC 2020
auto.tcl: Setting watchdog for 200 seconds at Tue Jan 21 12:13:53 UTC 2020
43 ms. Memory: 48128K Free: 17681K (37%)
ptolemy.util.test.WatchDog.cancel(): canceling Tue Jan 21 12:13:53 UTC 2020
------------------ testing $PTII/ptolemy/domains/de/test/auto/FSM7.xml
auto.tcl: Setting watchdog for 200 seconds at Tue Jan 21 12:13:53 UTC 2020
31 ms. Memory: 48128K Free: 20641K (43%)
ptolemy.util.test.WatchDog.cancel(): canceling Tue Jan 21 12:13:53 UTC 2020
auto.tcl: Setting watchdog for 200 seconds at Tue Jan 21 12:13:53 UTC 2020
28 ms. Memory: 48128K Free: 17490K (36%)
ptolemy.util.test.WatchDog.cancel(): canceling Tue Jan 21 12:13:53 UTC 2020
------------------ testing $PTII/ptolemy/domains/de/test/auto/Inspection.xml
auto.tcl: Setting watchdog for 200 seconds at Tue Jan 21 12:13:53 UTC 2020
20 ms. Memory: 48128K Free: 20421K (42%)
ptolemy.util.test.WatchDog.cancel(): canceling Tue Jan 21 12:13:53 UTC 2020
auto.tcl: Setting watchdog for 200 seconds at Tue Jan 21 12:13:53 UTC 2020
21 ms. Memory: 48128K Free: 18555K (39%)
ptolemy.util.test.WatchDog.cancel(): canceling Tue Jan 21 12:13:53 UTC 2020
------------------ testing $PTII/ptolemy/domains/de/test/auto/Iteration.xml
auto.tcl: Setting watchdog for 200 seconds at Tue Jan 21 12:13:53 UTC 2020
6 ms. Memory: 48128K Free: 26400K (55%)
ptolemy.util.test.WatchDog.cancel(): canceling Tue Jan 21 12:13:53 UTC 2020
auto.tcl: Setting watchdog for 200 seconds at Tue Jan 21 12:13:53 UTC 2020
5 ms. Memory: 48128K Free: 25376K (53%)
ptolemy.util.test.WatchDog.cancel(): canceling Tue Jan 21 12:13:53 UTC 2020
------------------ testing $PTII/ptolemy/domains/de/test/auto/LineFault.xml
auto.tcl: Setting watchdog for 200 seconds at Tue Jan 21 12:13:53 UTC 2020
613 ms. Memory: 58368K Free: 28384K (49%)
ptolemy.util.test.WatchDog.cancel(): canceling Tue Jan 21 12:13:54 UTC 2020
auto.tcl: Setting watchdog for 200 seconds at Tue Jan 21 12:13:54 UTC 2020
510 ms. Memory: 58368K Free: 20107K (34%)
ptolemy.util.test.WatchDog.cancel(): canceling Tue Jan 21 12:13:55 UTC 2020
------------------ testing $PTII/ptolemy/domains/de/test/auto/MergeModel1Add.xml
auto.tcl: Setting watchdog for 200 seconds at Tue Jan 21 12:13:55 UTC 2020
30 ms. Memory: 55296K Free: 19025K (34%)
ptolemy.util.test.WatchDog.cancel(): canceling Tue Jan 21 12:13:55 UTC 2020
auto.tcl: Setting watchdog for 200 seconds at Tue Jan 21 12:13:55 UTC 2020
10 ms. Memory: 55296K Free: 17312K (31%)
ptolemy.util.test.WatchDog.cancel(): canceling Tue Jan 21 12:13:55 UTC 2020
------------------ testing $PTII/ptolemy/domains/de/test/auto/MergeModel2Add.xml
auto.tcl: Setting watchdog for 200 seconds at Tue Jan 21 12:13:55 UTC 2020
10 ms. Memory: 55296K Free: 21872K (40%)
ptolemy.util.test.WatchDog.cancel(): canceling Tue Jan 21 12:13:55 UTC 2020
auto.tcl: Setting watchdog for 200 seconds at Tue Jan 21 12:13:55 UTC 2020
8 ms. Memory: 55296K Free: 20204K (37%)
ptolemy.util.test.WatchDog.cancel(): canceling Tue Jan 21 12:13:55 UTC 2020
------------------ testing $PTII/ptolemy/domains/de/test/auto/MergeModel3Add.xml
auto.tcl: Setting watchdog for 200 seconds at Tue Jan 21 12:13:55 UTC 2020
7 ms. Memory: 55296K Free: 21611K (39%)
ptolemy.util.test.WatchDog.cancel(): canceling Tue Jan 21 12:13:55 UTC 2020
auto.tcl: Setting watchdog for 200 seconds at Tue Jan 21 12:13:55 UTC 2020
6 ms. Memory: 55296K Free: 20208K (37%)
ptolemy.util.test.WatchDog.cancel(): canceling Tue Jan 21 12:13:55 UTC 2020
------------------ testing $PTII/ptolemy/domains/de/test/auto/MergeWithoutDiscard.xml
auto.tcl: Setting watchdog for 200 seconds at Tue Jan 21 12:13:55 UTC 2020
2 ms. Memory: 55296K Free: 36473K (66%)
ptolemy.util.test.WatchDog.cancel(): canceling Tue Jan 21 12:13:55 UTC 2020
auto.tcl: Setting watchdog for 200 seconds at Tue Jan 21 12:13:55 UTC 2020
1 ms. Memory: 55296K Free: 36012K (65%)
ptolemy.util.test.WatchDog.cancel(): canceling Tue Jan 21 12:13:55 UTC 2020
------------------ testing $PTII/ptolemy/domains/de/test/auto/Modal1.xml
auto.tcl: Setting watchdog for 200 seconds at Tue Jan 21 12:13:55 UTC 2020
14 ms. Memory: 55296K Free: 28591K (52%)
ptolemy.util.test.WatchDog.cancel(): canceling Tue Jan 21 12:13:55 UTC 2020
auto.tcl: Setting watchdog for 200 seconds at Tue Jan 21 12:13:55 UTC 2020
22 ms. Memory: 55296K Free: 25057K (45%)
ptolemy.util.test.WatchDog.cancel(): canceling Tue Jan 21 12:13:55 UTC 2020
------------------ testing $PTII/ptolemy/domains/de/test/auto/Modal2.xml
auto.tcl: Setting watchdog for 200 seconds at Tue Jan 21 12:13:55 UTC 2020
17 ms. Memory: 51200K Free: 24125K (47%)
ptolemy.util.test.WatchDog.cancel(): canceling Tue Jan 21 12:13:55 UTC 2020
auto.tcl: Setting watchdog for 200 seconds at Tue Jan 21 12:13:55 UTC 2020
13 ms. Memory: 51200K Free: 20883K (41%)
ptolemy.util.test.WatchDog.cancel(): canceling Tue Jan 21 12:13:55 UTC 2020
------------------ testing $PTII/ptolemy/domains/de/test/auto/Modal3.xml
auto.tcl: Setting watchdog for 200 seconds at Tue Jan 21 12:13:55 UTC 2020
16 ms. Memory: 51200K Free: 23840K (47%)
ptolemy.util.test.WatchDog.cancel(): canceling Tue Jan 21 12:13:56 UTC 2020
auto.tcl: Setting watchdog for 200 seconds at Tue Jan 21 12:13:56 UTC 2020
21 ms. Memory: 51200K Free: 20891K (41%)
ptolemy.util.test.WatchDog.cancel(): canceling Tue Jan 21 12:13:56 UTC 2020
------------------ testing $PTII/ptolemy/domains/de/test/auto/Modal4.xml
auto.tcl: Setting watchdog for 200 seconds at Tue Jan 21 12:13:56 UTC 2020
25 ms. Memory: 51200K Free: 23067K (45%)
ptolemy.util.test.WatchDog.cancel(): canceling Tue Jan 21 12:13:56 UTC 2020
auto.tcl: Setting watchdog for 200 seconds at Tue Jan 21 12:13:56 UTC 2020
27 ms. Memory: 51200K Free: 19248K (38%)
ptolemy.util.test.WatchDog.cancel(): canceling Tue Jan 21 12:13:56 UTC 2020
------------------ testing $PTII/ptolemy/domains/de/test/auto/Modal5.xml
auto.tcl: Setting watchdog for 200 seconds at Tue Jan 21 12:13:56 UTC 2020
16 ms. Memory: 51200K Free: 23053K (45%)
ptolemy.util.test.WatchDog.cancel(): canceling Tue Jan 21 12:13:56 UTC 2020
auto.tcl: Setting watchdog for 200 seconds at Tue Jan 21 12:13:56 UTC 2020
16 ms. Memory: 51200K Free: 19235K (38%)
ptolemy.util.test.WatchDog.cancel(): canceling Tue Jan 21 12:13:56 UTC 2020
------------------ testing $PTII/ptolemy/domains/de/test/auto/Modal6.xml
auto.tcl: Setting watchdog for 200 seconds at Tue Jan 21 12:13:56 UTC 2020
12 ms. Memory: 51200K Free: 23821K (47%)
ptolemy.util.test.WatchDog.cancel(): canceling Tue Jan 21 12:13:56 UTC 2020
auto.tcl: Setting watchdog for 200 seconds at Tue Jan 21 12:13:56 UTC 2020
14 ms. Memory: 51200K Free: 20254K (40%)
ptolemy.util.test.WatchDog.cancel(): canceling Tue Jan 21 12:13:56 UTC 2020
------------------ testing $PTII/ptolemy/domains/de/test/auto/Modal7.xml
auto.tcl: Setting watchdog for 200 seconds at Tue Jan 21 12:13:56 UTC 2020
10 ms. Memory: 51200K Free: 23044K (45%)
ptolemy.util.test.WatchDog.cancel(): canceling Tue Jan 21 12:13:56 UTC 2020
auto.tcl: Setting watchdog for 200 seconds at Tue Jan 21 12:13:56 UTC 2020
8 ms. Memory: 51200K Free: 19459K (38%)
ptolemy.util.test.WatchDog.cancel(): canceling Tue Jan 21 12:13:56 UTC 2020
------------------ testing $PTII/ptolemy/domains/de/test/auto/ModalModel.xml
auto.tcl: Setting watchdog for 200 seconds at Tue Jan 21 12:13:56 UTC 2020
223 ms. Memory: 51200K Free: 14990K (29%)
ptolemy.util.test.WatchDog.cancel(): canceling Tue Jan 21 12:13:56 UTC 2020
auto.tcl: Setting watchdog for 200 seconds at Tue Jan 21 12:13:56 UTC 2020
201 ms. Memory: 67584K Free: 28737K (43%)
ptolemy.util.test.WatchDog.cancel(): canceling Tue Jan 21 12:13:57 UTC 2020
------------------ testing $PTII/ptolemy/domains/de/test/auto/ModalSource.xml
auto.tcl: Setting watchdog for 200 seconds at Tue Jan 21 12:13:57 UTC 2020
6 ms. Memory: 51200K Free: 27908K (55%)
ptolemy.util.test.WatchDog.cancel(): canceling Tue Jan 21 12:13:57 UTC 2020
auto.tcl: Setting watchdog for 200 seconds at Tue Jan 21 12:13:57 UTC 2020
6 ms. Memory: 51200K Free: 25860K (51%)
ptolemy.util.test.WatchDog.cancel(): canceling Tue Jan 21 12:13:57 UTC 2020
------------------ testing $PTII/ptolemy/domains/de/test/auto/NonInterruptibleTimerZeroDelay.xml
auto.tcl: Setting watchdog for 200 seconds at Tue Jan 21 12:13:57 UTC 2020
3 ms. Memory: 51200K Free: 32820K (64%)
ptolemy.util.test.WatchDog.cancel(): canceling Tue Jan 21 12:13:57 UTC 2020
auto.tcl: Setting watchdog for 200 seconds at Tue Jan 21 12:13:57 UTC 2020
2 ms. Memory: 51200K Free: 32172K (63%)
ptolemy.util.test.WatchDog.cancel(): canceling Tue Jan 21 12:13:57 UTC 2020
------------------ testing $PTII/ptolemy/domains/de/test/auto/OpenQueueingNetwork.xml
auto.tcl: Setting watchdog for 200 seconds at Tue Jan 21 12:13:57 UTC 2020
2827 ms. Memory: 110592K Free: 93190K (84%)
ptolemy.util.test.WatchDog.cancel(): canceling Tue Jan 21 12:14:00 UTC 2020
auto.tcl: Setting watchdog for 200 seconds at Tue Jan 21 12:14:00 UTC 2020
2354 ms. Memory: 133120K Free: 73910K (56%)
ptolemy.util.test.WatchDog.cancel(): canceling Tue Jan 21 12:14:02 UTC 2020
------------------ testing $PTII/ptolemy/domains/de/test/auto/OpenQueuingNetwork.xml
auto.tcl: Setting watchdog for 200 seconds at Tue Jan 21 12:14:02 UTC 2020
217 ms. Memory: 55296K Free: 23504K (43%)
ptolemy.util.test.WatchDog.cancel(): canceling Tue Jan 21 12:14:02 UTC 2020
auto.tcl: Setting watchdog for 200 seconds at Tue Jan 21 12:14:02 UTC 2020
218 ms. Memory: 66560K Free: 48769K (73%)
ptolemy.util.test.WatchDog.cancel(): canceling Tue Jan 21 12:14:03 UTC 2020
------------------ testing $PTII/ptolemy/domains/de/test/auto/PeriodicSampler.xml
auto.tcl: Setting watchdog for 200 seconds at Tue Jan 21 12:14:03 UTC 2020
2 ms. Memory: 55296K Free: 36617K (66%)
ptolemy.util.test.WatchDog.cancel(): canceling Tue Jan 21 12:14:03 UTC 2020
auto.tcl: Setting watchdog for 200 seconds at Tue Jan 21 12:14:03 UTC 2020
1 ms. Memory: 55296K Free: 35623K (64%)
ptolemy.util.test.WatchDog.cancel(): canceling Tue Jan 21 12:14:03 UTC 2020
------------------ testing $PTII/ptolemy/domains/de/test/auto/PersistentIO.xml
auto.tcl: Setting watchdog for 200 seconds at Tue Jan 21 12:14:03 UTC 2020
5 ms. Memory: 51200K Free: 26949K (53%)
ptolemy.util.test.WatchDog.cancel(): canceling Tue Jan 21 12:14:03 UTC 2020
auto.tcl: Setting watchdog for 200 seconds at Tue Jan 21 12:14:03 UTC 2020
3 ms. Memory: 51200K Free: 25445K (50%)
ptolemy.util.test.WatchDog.cancel(): canceling Tue Jan 21 12:14:03 UTC 2020
------------------ testing $PTII/ptolemy/domains/de/test/auto/PortParameterResetOnInitialize.xml
auto.tcl: Setting watchdog for 200 seconds at Tue Jan 21 12:14:03 UTC 2020
2 ms. Memory: 51200K Free: 31947K (62%)
ptolemy.util.test.WatchDog.cancel(): canceling Tue Jan 21 12:14:03 UTC 2020
auto.tcl: Setting watchdog for 200 seconds at Tue Jan 21 12:14:03 UTC 2020
2 ms. Memory: 51200K Free: 31454K (61%)
ptolemy.util.test.WatchDog.cancel(): canceling Tue Jan 21 12:14:03 UTC 2020
------------------ testing $PTII/ptolemy/domains/de/test/auto/PortParameterUpdates.xml
auto.tcl: Setting watchdog for 200 seconds at Tue Jan 21 12:14:03 UTC 2020
5 ms. Memory: 51200K Free: 30033K (59%)
ptolemy.util.test.WatchDog.cancel(): canceling Tue Jan 21 12:14:03 UTC 2020
auto.tcl: Setting watchdog for 200 seconds at Tue Jan 21 12:14:03 UTC 2020
4 ms. Memory: 51200K Free: 29046K (57%)
ptolemy.util.test.WatchDog.cancel(): canceling Tue Jan 21 12:14:03 UTC 2020
------------------ testing $PTII/ptolemy/domains/de/test/auto/QueueAndServer.xml
auto.tcl: Setting watchdog for 200 seconds at Tue Jan 21 12:14:03 UTC 2020
12 ms. Memory: 51200K Free: 28988K (57%)
ptolemy.util.test.WatchDog.cancel(): canceling Tue Jan 21 12:14:03 UTC 2020
auto.tcl: Setting watchdog for 200 seconds at Tue Jan 21 12:14:03 UTC 2020
7 ms. Memory: 51200K Free: 27476K (54%)
ptolemy.util.test.WatchDog.cancel(): canceling Tue Jan 21 12:14:03 UTC 2020
------------------ testing $PTII/ptolemy/domains/de/test/auto/Records.xml
auto.tcl: Setting watchdog for 200 seconds at Tue Jan 21 12:14:03 UTC 2020
4 ms. Memory: 51200K Free: 31207K (61%)
ptolemy.util.test.WatchDog.cancel(): canceling Tue Jan 21 12:14:03 UTC 2020
auto.tcl: Setting watchdog for 200 seconds at Tue Jan 21 12:14:03 UTC 2020
2 ms. Memory: 51200K Free: 30715K (60%)
ptolemy.util.test.WatchDog.cancel(): canceling Tue Jan 21 12:14:03 UTC 2020
------------------ testing $PTII/ptolemy/domains/de/test/auto/ResetTransitionWithStartTime1.xml
auto.tcl: Setting watchdog for 200 seconds at Tue Jan 21 12:14:03 UTC 2020
7 ms. Memory: 51200K Free: 28450K (56%)
ptolemy.util.test.WatchDog.cancel(): canceling Tue Jan 21 12:14:03 UTC 2020
auto.tcl: Setting watchdog for 200 seconds at Tue Jan 21 12:14:03 UTC 2020
5 ms. Memory: 51200K Free: 25897K (51%)
ptolemy.util.test.WatchDog.cancel(): canceling Tue Jan 21 12:14:03 UTC 2020
------------------ testing $PTII/ptolemy/domains/de/test/auto/ResetTransitionWithStartTime2.xml
auto.tcl: Setting watchdog for 200 seconds at Tue Jan 21 12:14:03 UTC 2020
7 ms. Memory: 51200K Free: 28405K (55%)
ptolemy.util.test.WatchDog.cancel(): canceling Tue Jan 21 12:14:03 UTC 2020
auto.tcl: Setting watchdog for 200 seconds at Tue Jan 21 12:14:03 UTC 2020
6 ms. Memory: 51200K Free: 26361K (51%)
ptolemy.util.test.WatchDog.cancel(): canceling Tue Jan 21 12:14:03 UTC 2020
------------------ testing $PTII/ptolemy/domains/de/test/auto/ResetTransitionWithStartTime3.xml
auto.tcl: Setting watchdog for 200 seconds at Tue Jan 21 12:14:03 UTC 2020
11 ms. Memory: 51200K Free: 28404K (55%)
ptolemy.util.test.WatchDog.cancel(): canceling Tue Jan 21 12:14:03 UTC 2020
auto.tcl: Setting watchdog for 200 seconds at Tue Jan 21 12:14:03 UTC 2020
6 ms. Memory: 51200K Free: 25851K (50%)
ptolemy.util.test.WatchDog.cancel(): canceling Tue Jan 21 12:14:03 UTC 2020
------------------ testing $PTII/ptolemy/domains/de/test/auto/ResetTransitionWithStartTime4.xml
auto.tcl: Setting watchdog for 200 seconds at Tue Jan 21 12:14:03 UTC 2020
9 ms. Memory: 51200K Free: 28822K (56%)
ptolemy.util.test.WatchDog.cancel(): canceling Tue Jan 21 12:14:03 UTC 2020
auto.tcl: Setting watchdog for 200 seconds at Tue Jan 21 12:14:03 UTC 2020
4 ms. Memory: 51200K Free: 27382K (53%)
ptolemy.util.test.WatchDog.cancel(): canceling Tue Jan 21 12:14:03 UTC 2020
------------------ testing $PTII/ptolemy/domains/de/test/auto/ResettableTimer1.xml
auto.tcl: Setting watchdog for 200 seconds at Tue Jan 21 12:14:03 UTC 2020
3 ms. Memory: 51200K Free: 32573K (64%)
ptolemy.util.test.WatchDog.cancel(): canceling Tue Jan 21 12:14:03 UTC 2020
auto.tcl: Setting watchdog for 200 seconds at Tue Jan 21 12:14:03 UTC 2020
2 ms. Memory: 51200K Free: 31953K (62%)
ptolemy.util.test.WatchDog.cancel(): canceling Tue Jan 21 12:14:03 UTC 2020
------------------ testing $PTII/ptolemy/domains/de/test/auto/ResettableTimer2.xml
auto.tcl: Setting watchdog for 200 seconds at Tue Jan 21 12:14:03 UTC 2020
2 ms. Memory: 51200K Free: 32538K (64%)
ptolemy.util.test.WatchDog.cancel(): canceling Tue Jan 21 12:14:03 UTC 2020
auto.tcl: Setting watchdog for 200 seconds at Tue Jan 21 12:14:03 UTC 2020
2 ms. Memory: 51200K Free: 31514K (62%)
ptolemy.util.test.WatchDog.cancel(): canceling Tue Jan 21 12:14:03 UTC 2020
------------------ testing $PTII/ptolemy/domains/de/test/auto/ResettableTimer3.xml
auto.tcl: Setting watchdog for 200 seconds at Tue Jan 21 12:14:04 UTC 2020
2 ms. Memory: 51200K Free: 33033K (65%)
ptolemy.util.test.WatchDog.cancel(): canceling Tue Jan 21 12:14:04 UTC 2020
auto.tcl: Setting watchdog for 200 seconds at Tue Jan 21 12:14:04 UTC 2020
1 ms. Memory: 51200K Free: 32544K (64%)
ptolemy.util.test.WatchDog.cancel(): canceling Tue Jan 21 12:14:04 UTC 2020
------------------ testing $PTII/ptolemy/domains/de/test/auto/ResettableTimer4.xml
auto.tcl: Setting watchdog for 200 seconds at Tue Jan 21 12:14:04 UTC 2020
1 ms. Memory: 51200K Free: 33046K (65%)
ptolemy.util.test.WatchDog.cancel(): canceling Tue Jan 21 12:14:04 UTC 2020
auto.tcl: Setting watchdog for 200 seconds at Tue Jan 21 12:14:04 UTC 2020
1 ms. Memory: 51200K Free: 32551K (64%)
ptolemy.util.test.WatchDog.cancel(): canceling Tue Jan 21 12:14:04 UTC 2020
------------------ testing $PTII/ptolemy/domains/de/test/auto/ResettableTimer5.xml
auto.tcl: Setting watchdog for 200 seconds at Tue Jan 21 12:14:04 UTC 2020
2 ms. Memory: 51200K Free: 32570K (64%)
ptolemy.util.test.WatchDog.cancel(): canceling Tue Jan 21 12:14:04 UTC 2020
auto.tcl: Setting watchdog for 200 seconds at Tue Jan 21 12:14:04 UTC 2020
1 ms. Memory: 51200K Free: 32058K (63%)
ptolemy.util.test.WatchDog.cancel(): canceling Tue Jan 21 12:14:04 UTC 2020
------------------ testing $PTII/ptolemy/domains/de/test/auto/ResettableTimer6.xml
auto.tcl: Setting watchdog for 200 seconds at Tue Jan 21 12:14:04 UTC 2020
1 ms. Memory: 51200K Free: 32019K (63%)
ptolemy.util.test.WatchDog.cancel(): canceling Tue Jan 21 12:14:04 UTC 2020
auto.tcl: Setting watchdog for 200 seconds at Tue Jan 21 12:14:04 UTC 2020
1 ms. Memory: 51200K Free: 31515K (62%)
ptolemy.util.test.WatchDog.cancel(): canceling Tue Jan 21 12:14:04 UTC 2020
------------------ testing $PTII/ptolemy/domains/de/test/auto/ServerZeroDelay.xml
auto.tcl: Setting watchdog for 200 seconds at Tue Jan 21 12:14:04 UTC 2020
2 ms. Memory: 51200K Free: 32531K (64%)
ptolemy.util.test.WatchDog.cancel(): canceling Tue Jan 21 12:14:04 UTC 2020
auto.tcl: Setting watchdog for 200 seconds at Tue Jan 21 12:14:04 UTC 2020
2 ms. Memory: 51200K Free: 31528K (62%)
ptolemy.util.test.WatchDog.cancel(): canceling Tue Jan 21 12:14:04 UTC 2020
------------------ testing $PTII/ptolemy/domains/de/test/auto/SmartSender.xml
auto.tcl: Setting watchdog for 200 seconds at Tue Jan 21 12:14:04 UTC 2020
3001 ms. Memory: 51200K Free: 32011K (63%)
ptolemy.util.test.WatchDog.cancel(): canceling Tue Jan 21 12:14:07 UTC 2020
auto.tcl: Setting watchdog for 200 seconds at Tue Jan 21 12:14:07 UTC 2020
3001 ms. Memory: 51200K Free: 31504K (62%)
ptolemy.util.test.WatchDog.cancel(): canceling Tue Jan 21 12:14:10 UTC 2020
------------------ testing $PTII/ptolemy/domains/de/test/auto/ThreadedComposite.xml
auto.tcl: Setting watchdog for 200 seconds at Tue Jan 21 12:14:10 UTC 2020
249 ms. Memory: 51200K Free: 10011K (20%)
ptolemy.util.test.WatchDog.cancel(): canceling Tue Jan 21 12:14:10 UTC 2020
auto.tcl: Setting watchdog for 200 seconds at Tue Jan 21 12:14:10 UTC 2020
123 ms. Memory: 51200K Free: 24715K (48%)
ptolemy.util.test.WatchDog.cancel(): canceling Tue Jan 21 12:14:10 UTC 2020
------------------ testing $PTII/ptolemy/domains/de/test/auto/Time.xml
auto.tcl: Setting watchdog for 200 seconds at Tue Jan 21 12:14:10 UTC 2020
465 ms. Memory: 51200K Free: 34309K (67%)
ptolemy.util.test.WatchDog.cancel(): canceling Tue Jan 21 12:14:11 UTC 2020
auto.tcl: Setting watchdog for 200 seconds at Tue Jan 21 12:14:11 UTC 2020
463 ms. Memory: 51200K Free: 35343K (69%)
ptolemy.util.test.WatchDog.cancel(): canceling Tue Jan 21 12:14:11 UTC 2020
------------------ testing $PTII/ptolemy/domains/de/test/auto/TimeDelayZeroDelay.xml
auto.tcl: Setting watchdog for 200 seconds at Tue Jan 21 12:14:11 UTC 2020
3 ms. Memory: 51200K Free: 32455K (63%)
ptolemy.util.test.WatchDog.cancel(): canceling Tue Jan 21 12:14:11 UTC 2020
auto.tcl: Setting watchdog for 200 seconds at Tue Jan 21 12:14:11 UTC 2020
2 ms. Memory: 51200K Free: 31979K (62%)
ptolemy.util.test.WatchDog.cancel(): canceling Tue Jan 21 12:14:11 UTC 2020
------------------ testing $PTII/ptolemy/domains/de/test/auto/TimerZeroDelay.xml
auto.tcl: Setting watchdog for 200 seconds at Tue Jan 21 12:14:11 UTC 2020
3 ms. Memory: 51200K Free: 32498K (63%)
ptolemy.util.test.WatchDog.cancel(): canceling Tue Jan 21 12:14:11 UTC 2020
auto.tcl: Setting watchdog for 200 seconds at Tue Jan 21 12:14:11 UTC 2020
2 ms. Memory: 51200K Free: 32030K (63%)
ptolemy.util.test.WatchDog.cancel(): canceling Tue Jan 21 12:14:11 UTC 2020
------------------ testing $PTII/ptolemy/domains/de/test/auto/TimingParadox.xml
auto.tcl: Setting watchdog for 200 seconds at Tue Jan 21 12:14:11 UTC 2020
326 ms. Memory: 51200K Free: 16553K (32%)
ptolemy.util.test.WatchDog.cancel(): canceling Tue Jan 21 12:14:12 UTC 2020
auto.tcl: Setting watchdog for 200 seconds at Tue Jan 21 12:14:12 UTC 2020
318 ms. Memory: 51200K Free: 30342K (59%)
ptolemy.util.test.WatchDog.cancel(): canceling Tue Jan 21 12:14:12 UTC 2020
------------------ testing $PTII/ptolemy/domains/de/test/auto/TransferInputs.xml
auto.tcl: Setting watchdog for 200 seconds at Tue Jan 21 12:14:12 UTC 2020
2 ms. Memory: 51200K Free: 30964K (60%)
ptolemy.util.test.WatchDog.cancel(): canceling Tue Jan 21 12:14:12 UTC 2020
auto.tcl: Setting watchdog for 200 seconds at Tue Jan 21 12:14:12 UTC 2020
2 ms. Memory: 51200K Free: 30053K (59%)
ptolemy.util.test.WatchDog.cancel(): canceling Tue Jan 21 12:14:12 UTC 2020
------------------ testing $PTII/ptolemy/domains/de/test/auto/TransferOutputs2.xml
auto.tcl: Setting watchdog for 200 seconds at Tue Jan 21 12:14:12 UTC 2020
3 ms. Memory: 51200K Free: 28406K (55%)
ptolemy.util.test.WatchDog.cancel(): canceling Tue Jan 21 12:14:12 UTC 2020
auto.tcl: Setting watchdog for 200 seconds at Tue Jan 21 12:14:12 UTC 2020
4 ms. Memory: 51200K Free: 26991K (53%)
ptolemy.util.test.WatchDog.cancel(): canceling Tue Jan 21 12:14:12 UTC 2020
------------------ testing $PTII/ptolemy/domains/de/test/auto/Trilateration.xml
auto.tcl: Setting watchdog for 200 seconds at Tue Jan 21 12:14:12 UTC 2020
12767 ms. Memory: 581632K Free: 411333K (71%)
ptolemy.util.test.WatchDog.cancel(): canceling Tue Jan 21 12:14:26 UTC 2020
auto.tcl: Setting watchdog for 200 seconds at Tue Jan 21 12:14:26 UTC 2020
9079 ms. Memory: 581632K Free: 519889K (89%)
ptolemy.util.test.WatchDog.cancel(): canceling Tue Jan 21 12:14:35 UTC 2020
------------------ testing $PTII/ptolemy/domains/de/test/auto/TwoSigmaDelta.xml
auto.tcl: Setting watchdog for 200 seconds at Tue Jan 21 12:14:35 UTC 2020
2140 ms. Memory: 89088K Free: 58821K (66%)
ptolemy.util.test.WatchDog.cancel(): canceling Tue Jan 21 12:14:38 UTC 2020
auto.tcl: Setting watchdog for 200 seconds at Tue Jan 21 12:14:38 UTC 2020
1813 ms. Memory: 89088K Free: 53233K (60%)
ptolemy.util.test.WatchDog.cancel(): canceling Tue Jan 21 12:14:39 UTC 2020
------------------ testing $PTII/ptolemy/domains/de/test/auto/VariableDelay.xml
auto.tcl: Setting watchdog for 200 seconds at Tue Jan 21 12:14:39 UTC 2020
2 ms. Memory: 55296K Free: 35556K (64%)
ptolemy.util.test.WatchDog.cancel(): canceling Tue Jan 21 12:14:39 UTC 2020
auto.tcl: Setting watchdog for 200 seconds at Tue Jan 21 12:14:39 UTC 2020
2 ms. Memory: 55296K Free: 34546K (62%)
ptolemy.util.test.WatchDog.cancel(): canceling Tue Jan 21 12:14:39 UTC 2020
------------------ testing $PTII/ptolemy/domains/de/test/auto/VariableDelay2.xml
auto.tcl: Setting watchdog for 200 seconds at Tue Jan 21 12:14:39 UTC 2020
3 ms. Memory: 55296K Free: 36482K (66%)
ptolemy.util.test.WatchDog.cancel(): canceling Tue Jan 21 12:14:40 UTC 2020
auto.tcl: Setting watchdog for 200 seconds at Tue Jan 21 12:14:40 UTC 2020
2 ms. Memory: 55296K Free: 35458K (64%)
ptolemy.util.test.WatchDog.cancel(): canceling Tue Jan 21 12:14:40 UTC 2020
------------------ testing $PTII/ptolemy/domains/de/test/auto/VariableDelayZeroDelay.xml
auto.tcl: Setting watchdog for 200 seconds at Tue Jan 21 12:14:40 UTC 2020
3 ms. Memory: 55296K Free: 36481K (66%)
ptolemy.util.test.WatchDog.cancel(): canceling Tue Jan 21 12:14:40 UTC 2020
auto.tcl: Setting watchdog for 200 seconds at Tue Jan 21 12:14:40 UTC 2020
2 ms. Memory: 55296K Free: 35953K (65%)
ptolemy.util.test.WatchDog.cancel(): canceling Tue Jan 21 12:14:40 UTC 2020
------------------ testing $PTII/ptolemy/domains/de/test/auto/VariableDelayZeroDelay2.xml
auto.tcl: Setting watchdog for 200 seconds at Tue Jan 21 12:14:40 UTC 2020
5 ms. Memory: 51200K Free: 32384K (63%)
ptolemy.util.test.WatchDog.cancel(): canceling Tue Jan 21 12:14:40 UTC 2020
auto.tcl: Setting watchdog for 200 seconds at Tue Jan 21 12:14:40 UTC 2020
6 ms. Memory: 51200K Free: 31360K (61%)
ptolemy.util.test.WatchDog.cancel(): canceling Tue Jan 21 12:14:40 UTC 2020
------------------ testing $PTII/ptolemy/domains/de/test/auto/deInCt.xml
auto.tcl: Setting watchdog for 200 seconds at Tue Jan 21 12:14:40 UTC 2020
0
1
1
1
0
0
0
1
1
1
1
0
0
0
1
1
1
0
0
0
1
1
1
1
0
0
0
0
1
1
0
0
0
1
1
0
0
0
0
1
1
1
0
0
0
1
1
1
1
10 ms. Memory: 51200K Free: 31357K (61%)
ptolemy.util.test.WatchDog.cancel(): canceling Tue Jan 21 12:14:40 UTC 2020
auto.tcl: Setting watchdog for 200 seconds at Tue Jan 21 12:14:40 UTC 2020
0
1
1
1
0
0
0
1
1
1
0
0
0
1
1
1
0
0
0
1
1
1
0
0
0
1
1
1
0
0
0
1
1
1
0
0
0
0
1
1
1
1
0
0
0
0
10 ms. Memory: 51200K Free: 29819K (58%)
ptolemy.util.test.WatchDog.cancel(): canceling Tue Jan 21 12:14:40 UTC 2020
------------------ testing $PTII/ptolemy/domains/de/test/auto/deInCt2.xml
auto.tcl: Setting watchdog for 200 seconds at Tue Jan 21 12:14:40 UTC 2020
0
1
1
1
0
0
1
1
1
0
0
1
1
1
0
0
1
1
1
0
0
1
1
1
0
0
1
1
1
0
0
1
1
1
0
0
1
1
1
0
0
0
18 ms. Memory: 51200K Free: 31359K (61%)
ptolemy.util.test.WatchDog.cancel(): canceling Tue Jan 21 12:14:40 UTC 2020
auto.tcl: Setting watchdog for 200 seconds at Tue Jan 21 12:14:40 UTC 2020
0
1
1
1
0
0
1
1
1
0
0
1
1
1
0
0
1
1
1
0
0
1
1
1
0
0
1
1
1
0
0
1
1
1
0
0
1
1
1
0
0
0
7 ms. Memory: 51200K Free: 29807K (58%)
ptolemy.util.test.WatchDog.cancel(): canceling Tue Jan 21 12:14:40 UTC 2020
------------------ testing $PTII/ptolemy/domains/de/test/auto/dynamicCausalityInterface1.xml
auto.tcl: Setting watchdog for 200 seconds at Tue Jan 21 12:14:40 UTC 2020
1 ms. Memory: 51200K Free: 27257K (53%)
ptolemy.util.test.WatchDog.cancel(): canceling Tue Jan 21 12:14:40 UTC 2020
auto.tcl: Setting watchdog for 200 seconds at Tue Jan 21 12:14:40 UTC 2020
1 ms. Memory: 51200K Free: 26743K (52%)
ptolemy.util.test.WatchDog.cancel(): canceling Tue Jan 21 12:14:40 UTC 2020
------------------ testing $PTII/ptolemy/domains/de/test/auto/fsm_de_test.xml
auto.tcl: Setting watchdog for 200 seconds at Tue Jan 21 12:14:40 UTC 2020
6 ms. Memory: 51200K Free: 27263K (53%)
ptolemy.util.test.WatchDog.cancel(): canceling Tue Jan 21 12:14:40 UTC 2020
auto.tcl: Setting watchdog for 200 seconds at Tue Jan 21 12:14:40 UTC 2020
4 ms. Memory: 51200K Free: 25108K (49%)
ptolemy.util.test.WatchDog.cancel(): canceling Tue Jan 21 12:14:40 UTC 2020
------------------ testing $PTII/ptolemy/domains/de/test/auto/functionDependencyReconstruction.xml
auto.tcl: Setting watchdog for 200 seconds at Tue Jan 21 12:14:40 UTC 2020
3 ms. Memory: 51200K Free: 21001K (41%)
ptolemy.util.test.WatchDog.cancel(): canceling Tue Jan 21 12:14:40 UTC 2020
auto.tcl: Setting watchdog for 200 seconds at Tue Jan 21 12:14:40 UTC 2020
3 ms. Memory: 51200K Free: 18953K (37%)
ptolemy.util.test.WatchDog.cancel(): canceling Tue Jan 21 12:14:40 UTC 2020
------------------ testing $PTII/ptolemy/domains/de/test/auto/multirate.xml
auto.tcl: Setting watchdog for 200 seconds at Tue Jan 21 12:14:40 UTC 2020
3 ms. Memory: 51200K Free: 29795K (58%)
ptolemy.util.test.WatchDog.cancel(): canceling Tue Jan 21 12:14:40 UTC 2020
auto.tcl: Setting watchdog for 200 seconds at Tue Jan 21 12:14:40 UTC 2020
4 ms. Memory: 51200K Free: 28050K (55%)
ptolemy.util.test.WatchDog.cancel(): canceling Tue Jan 21 12:14:40 UTC 2020
------------------ testing $PTII/ptolemy/domains/de/test/auto/multirate2.xml
auto.tcl: Setting watchdog for 200 seconds at Tue Jan 21 12:14:40 UTC 2020
8 ms. Memory: 51200K Free: 29950K (58%)
ptolemy.util.test.WatchDog.cancel(): canceling Tue Jan 21 12:14:40 UTC 2020
auto.tcl: Setting watchdog for 200 seconds at Tue Jan 21 12:14:40 UTC 2020
3 ms. Memory: 51200K Free: 28711K (56%)
ptolemy.util.test.WatchDog.cancel(): canceling Tue Jan 21 12:14:40 UTC 2020
------------------ testing $PTII/ptolemy/domains/de/test/auto/realtime.xml
auto.tcl: Setting watchdog for 200 seconds at Tue Jan 21 12:14:40 UTC 2020
10002 ms. Memory: 51200K Free: 32029K (63%)
ptolemy.util.test.WatchDog.cancel(): canceling Tue Jan 21 12:14:50 UTC 2020
auto.tcl: Setting watchdog for 200 seconds at Tue Jan 21 12:14:50 UTC 2020
10003 ms. Memory: 51200K Free: 31302K (61%)
ptolemy.util.test.WatchDog.cancel(): canceling Tue Jan 21 12:15:00 UTC 2020
------------------ testing $PTII/ptolemy/domains/de/test/auto/relationGroup.xml
auto.tcl: Setting watchdog for 200 seconds at Tue Jan 21 12:15:00 UTC 2020
2 ms. Memory: 51200K Free: 33115K (65%)
ptolemy.util.test.WatchDog.cancel(): canceling Tue Jan 21 12:15:00 UTC 2020
auto.tcl: Setting watchdog for 200 seconds at Tue Jan 21 12:15:00 UTC 2020
2 ms. Memory: 51200K Free: 32380K (63%)
ptolemy.util.test.WatchDog.cancel(): canceling Tue Jan 21 12:15:00 UTC 2020
------------------ testing $PTII/ptolemy/domains/de/test/auto/relationGroup2.xml
auto.tcl: Setting watchdog for 200 seconds at Tue Jan 21 12:15:00 UTC 2020
1 ms. Memory: 51200K Free: 33140K (65%)
ptolemy.util.test.WatchDog.cancel(): canceling Tue Jan 21 12:15:00 UTC 2020
auto.tcl: Setting watchdog for 200 seconds at Tue Jan 21 12:15:00 UTC 2020
2 ms. Memory: 51200K Free: 32405K (63%)
ptolemy.util.test.WatchDog.cancel(): canceling Tue Jan 21 12:15:00 UTC 2020
------------------ testing $PTII/ptolemy/domains/de/test/auto/sortWithOpaquePorts.xml
auto.tcl: Setting watchdog for 200 seconds at Tue Jan 21 12:15:00 UTC 2020
1 ms. Memory: 51200K Free: 31878K (62%)
ptolemy.util.test.WatchDog.cancel(): canceling Tue Jan 21 12:15:00 UTC 2020
auto.tcl: Setting watchdog for 200 seconds at Tue Jan 21 12:15:00 UTC 2020
2 ms. Memory: 51200K Free: 30868K (60%)
ptolemy.util.test.WatchDog.cancel(): canceling Tue Jan 21 12:15:00 UTC 2020
------------------ testing $PTII/ptolemy/domains/de/test/auto/transferInputsandOutputs.xml
auto.tcl: Setting watchdog for 200 seconds at Tue Jan 21 12:15:01 UTC 2020
2 ms. Memory: 51200K Free: 29321K (57%)
ptolemy.util.test.WatchDog.cancel(): canceling Tue Jan 21 12:15:01 UTC 2020
auto.tcl: Setting watchdog for 200 seconds at Tue Jan 21 12:15:01 UTC 2020
2 ms. Memory: 51200K Free: 28297K (55%)
ptolemy.util.test.WatchDog.cancel(): canceling Tue Jan 21 12:15:01 UTC 2020
------------------ testing $PTII/ptolemy/domains/de/test/auto/triggerType.xml
auto.tcl: Setting watchdog for 200 seconds at Tue Jan 21 12:15:01 UTC 2020
2 ms. Memory: 51200K Free: 32347K (63%)
ptolemy.util.test.WatchDog.cancel(): canceling Tue Jan 21 12:15:01 UTC 2020
auto.tcl: Setting watchdog for 200 seconds at Tue Jan 21 12:15:01 UTC 2020
1 ms. Memory: 51200K Free: 31323K (61%)
ptolemy.util.test.WatchDog.cancel(): canceling Tue Jan 21 12:15:01 UTC 2020
01/21/20 12:15:01
Failed: 0  Total Tests: 192  ((Passed: 187, Newly Passed: 1)  Known Failed: 5) /home/travis/build/icyphy/ptII/ptolemy/domains/de/test
01/21/20 12:15:01
Failed: 0  Total Tests: 192  ((Passed: 187, Newly Passed: 1)  Known Failed: 5) /home/travis/build/icyphy/ptII/ptolemy/domains/de/test
----------------- testing (KnownFailure) /home/travis/build/icyphy/ptII/ptolemy/domains/de/test/auto/knownFailedTests/DESDFClockTest.xml
2017 ms. Memory: 51200K Free: 25742K (50%)
Known Failure: java.lang.reflect.InvocationTargetException
----------------- testing (KnownFailure) /home/travis/build/icyphy/ptII/ptolemy/domains/de/test/auto/knownFailedTests/DirectFeedback.xml
1 ms. Memory: 51200K Free: 21646K (42%)
Known Failure: java.lang.reflect.InvocationTargetException
----------------- testing (KnownFailure) /home/travis/build/icyphy/ptII/ptolemy/domains/de/test/auto/knownFailedTests/FSMSource.xml
7 ms. Memory: 51200K Free: 13968K (27%)
----------------- testing (KnownFailure) /home/travis/build/icyphy/ptII/ptolemy/domains/de/test/auto/knownFailedTests/HierarchicalModel.xml
2 ms. Memory: 51200K Free: 27152K (53%)
Known Failure: java.lang.reflect.InvocationTargetException
----------------- testing (KnownFailure) /home/travis/build/icyphy/ptII/ptolemy/domains/de/test/auto/knownFailedTests/dependencyLoop.xml
2 ms. Memory: 51200K Free: 11815K (23%)
Known Failure: java.lang.reflect.InvocationTargetException
----------------- testing (KnownFailure) /home/travis/build/icyphy/ptII/ptolemy/domains/de/test/auto/knownFailedTests/dependencyLoop2.xml
8 ms. Memory: 51200K Free: 25745K (50%)
Known Failure: java.lang.reflect.InvocationTargetException
No auto/linux-amd64/*.xml tests in /home/travis/build/icyphy/ptII/ptolemy/domains/de/test
AutoTests.java: About to close Vertx.
AutoTests.java: Vertx closed.

===========================================================================================
----------------- testing Tue Jan 21 12:15:03 UTC 2020 /home/travis/build/icyphy/ptII/ptolemy/domains/de/test/auto/ActorDepthCalculation_actorWithoutPorts.xml
----------------- Instantiating /home/travis/build/icyphy/ptII/ptolemy/domains/de/test/auto/ActorDepthCalculation_actorWithoutPorts.xml
2 ms. Memory: 51200K Free: 18964K (37%)
----------------- Invoking toplevel() on ptolemy.moml.MoMLSimpleApplication@16ad8c33
----------------- Done invoking toplevel() on ptolemy.moml.MoMLSimpleApplication@16ad8c33
reloadAllAccessors: .ActorDepthCalculation_actorWithoutPorts

===========================================================================================
----------------- testing Tue Jan 21 12:15:03 UTC 2020 /home/travis/build/icyphy/ptII/ptolemy/domains/de/test/auto/AssemblyLine.xml
----------------- Instantiating /home/travis/build/icyphy/ptII/ptolemy/domains/de/test/auto/AssemblyLine.xml
3 ms. Memory: 51200K Free: 11812K (23%)
----------------- Invoking toplevel() on ptolemy.moml.MoMLSimpleApplication@6ef60b75
----------------- Done invoking toplevel() on ptolemy.moml.MoMLSimpleApplication@6ef60b75
reloadAllAccessors: .AssemblyLine

===========================================================================================
----------------- testing Tue Jan 21 12:15:03 UTC 2020 /home/travis/build/icyphy/ptII/ptolemy/domains/de/test/auto/CQBug1.xml
----------------- Instantiating /home/travis/build/icyphy/ptII/ptolemy/domains/de/test/auto/CQBug1.xml
0 ms. Memory: 51200K Free: 9027K (18%)
----------------- Invoking toplevel() on ptolemy.moml.MoMLSimpleApplication@5f6700ef
----------------- Done invoking toplevel() on ptolemy.moml.MoMLSimpleApplication@5f6700ef
reloadAllAccessors: .CQBug1

===========================================================================================
----------------- testing Tue Jan 21 12:15:03 UTC 2020 /home/travis/build/icyphy/ptII/ptolemy/domains/de/test/auto/CancelFireAt.xml
----------------- Instantiating /home/travis/build/icyphy/ptII/ptolemy/domains/de/test/auto/CancelFireAt.xml
2 ms. Memory: 51200K Free: 35394K (69%)
----------------- Invoking toplevel() on ptolemy.moml.MoMLSimpleApplication@49407f08
----------------- Done invoking toplevel() on ptolemy.moml.MoMLSimpleApplication@49407f08
reloadAllAccessors: .CancelFireAt

===========================================================================================
----------------- testing Tue Jan 21 12:15:03 UTC 2020 /home/travis/build/icyphy/ptII/ptolemy/domains/de/test/auto/CausalityAndComposabilityAnalysis.xml
----------------- Instantiating /home/travis/build/icyphy/ptII/ptolemy/domains/de/test/auto/CausalityAndComposabilityAnalysis.xml
10 ms. Memory: 51200K Free: 31169K (61%)
----------------- Invoking toplevel() on ptolemy.moml.MoMLSimpleApplication@76b11dcd
----------------- Done invoking toplevel() on ptolemy.moml.MoMLSimpleApplication@76b11dcd
reloadAllAccessors: .CausalityAndComposabilityAnalysis

===========================================================================================
----------------- testing Tue Jan 21 12:15:03 UTC 2020 /home/travis/build/icyphy/ptII/ptolemy/domains/de/test/auto/CausalityInterface1.xml
----------------- Instantiating /home/travis/build/icyphy/ptII/ptolemy/domains/de/test/auto/CausalityInterface1.xml
5 ms. Memory: 51200K Free: 25969K (51%)
----------------- Invoking toplevel() on ptolemy.moml.MoMLSimpleApplication@59ffd12e
----------------- Done invoking toplevel() on ptolemy.moml.MoMLSimpleApplication@59ffd12e
reloadAllAccessors: .CausalityInterface1

===========================================================================================
----------------- testing Tue Jan 21 12:15:03 UTC 2020 /home/travis/build/icyphy/ptII/ptolemy/domains/de/test/auto/CausalityInterface15.xml
----------------- Instantiating /home/travis/build/icyphy/ptII/ptolemy/domains/de/test/auto/CausalityInterface15.xml
2 ms. Memory: 51200K Free: 20454K (40%)
----------------- Invoking toplevel() on ptolemy.moml.MoMLSimpleApplication@7887c117
----------------- Done invoking toplevel() on ptolemy.moml.MoMLSimpleApplication@7887c117
reloadAllAccessors: .CausalityInterface15

===========================================================================================
----------------- testing Tue Jan 21 12:15:03 UTC 2020 /home/travis/build/icyphy/ptII/ptolemy/domains/de/test/auto/CausalityInterface2.xml
----------------- Instantiating /home/travis/build/icyphy/ptII/ptolemy/domains/de/test/auto/CausalityInterface2.xml
2 ms. Memory: 51200K Free: 15823K (31%)
[...]
	at ptolemy.actor.Manager.run(Manager.java:1263)
	at ptolemy.actor.Manager$PtolemyRunThread.run(Manager.java:1933)
java.lang.RuntimeException: Execution failed
	at ptolemy.moml.MoMLSimpleApplication$UnloadThread.run(MoMLSimpleApplication.java:402)
Caused by: ptolemy.kernel.util.IllegalActionException: Actor is not ready to fire.  Perhaps UpSample.prefire() returned false? Try debugging the actor by selecting "Listen to Actor".  Also, for SDF check moml for tokenConsumptionRate on input.
  in .DESDFClockTest.Play Bell.Copy1:SDF Director and .DESDFClockTest.Play Bell.UpSample
	at ptolemy.actor.sched.StaticSchedulingDirector.fire(StaticSchedulingDirector.java:227)
	at ptolemy.domains.sdf.kernel.SDFDirector.fire(SDFDirector.java:500)
	at ptolemy.actor.CompositeActor.fire(CompositeActor.java:455)
	at ptolemy.domains.de.kernel.DEDirector._fire(DEDirector.java:1949)
	at ptolemy.domains.de.kernel.DEDirector.fire(DEDirector.java:502)
	at ptolemy.actor.CompositeActor.fire(CompositeActor.java:455)
	at ptolemy.actor.Manager.iterate(Manager.java:851)
	at ptolemy.actor.Manager.execute(Manager.java:369)
	at ptolemy.actor.Manager.run(Manager.java:1263)
	at ptolemy.actor.Manager$PtolemyRunThread.run(Manager.java:1933)
java.lang.reflect.InvocationTargetException
	at java.base/jdk.internal.reflect.NativeConstructorAccessorImpl.newInstance0(Native Method)
	at java.base/jdk.internal.reflect.NativeConstructorAccessorImpl.newInstance(NativeConstructorAccessorImpl.java:62)
	at java.base/jdk.internal.reflect.DelegatingConstructorAccessorImpl.newInstance(DelegatingConstructorAccessorImpl.java:45)
	at java.base/java.lang.reflect.Constructor.newInstance(Constructor.java:490)
	at ptolemy.util.test.junit.AutoKnownFailedTests.RunModel(AutoKnownFailedTests.java:105)
	at java.base/jdk.internal.reflect.NativeMethodAccessorImpl.invoke0(Native Method)
	at java.base/jdk.internal.reflect.NativeMethodAccessorImpl.invoke(NativeMethodAccessorImpl.java:62)
	at java.base/jdk.internal.reflect.DelegatingMethodAccessorImpl.invoke(DelegatingMethodAccessorImpl.java:43)
	at java.base/java.lang.reflect.Method.invoke(Method.java:566)
	at org.junit.runners.model.FrameworkMethod$1.runReflectiveCall(FrameworkMethod.java:44)
	at org.junit.internal.runners.model.ReflectiveCallable.run(ReflectiveCallable.java:15)
	at org.junit.runners.model.FrameworkMethod.invokeExplosively(FrameworkMethod.java:41)
	at junitparams.internal.InvokeParameterisedMethod.evaluate(InvokeParameterisedMethod.java:102)
	at org.junit.internal.runners.statements.FailOnTimeout$1.run(FailOnTimeout.java:28)
Caused by: ptolemy.kernel.util.IllegalActionException: Actor is not ready to fire.  Perhaps UpSample.prefire() returned false? Try debugging the actor by selecting "Listen to Actor".  Also, for SDF check moml for tokenConsumptionRate on input.
  in .DESDFClockTest.Play Bell.Copy1:SDF Director and .DESDFClockTest.Play Bell.UpSample
	at ptolemy.actor.sched.StaticSchedulingDirector.fire(StaticSchedulingDirector.java:227)
	at ptolemy.domains.sdf.kernel.SDFDirector.fire(SDFDirector.java:500)
	at ptolemy.actor.CompositeActor.fire(CompositeActor.java:455)
	at ptolemy.domains.de.kernel.DEDirector._fire(DEDirector.java:1949)
	at ptolemy.domains.de.kernel.DEDirector.fire(DEDirector.java:502)
	at ptolemy.actor.CompositeActor.fire(CompositeActor.java:455)
	at ptolemy.actor.Manager.iterate(Manager.java:851)
	at ptolemy.actor.Manager.execute(Manager.java:369)
	at ptolemy.actor.Manager.run(Manager.java:1263)
	at ptolemy.actor.Manager$PtolemyRunThread.run(Manager.java:1933)
java.lang.RuntimeException: Execution failed
	at ptolemy.moml.MoMLSimpleApplication$UnloadThread.run(MoMLSimpleApplication.java:402)
Caused by: ptolemy.kernel.util.IllegalActionException: Test fails in iteration 1.
Value was: 1.0. Should have been: 2.0
  in .DirectFeedback.Test
	at ptolemy.actor.lib.Test.fire(Test.java:268)
	at ptolemy.domains.de.kernel.DEDirector._fire(DEDirector.java:1949)
	at ptolemy.domains.de.kernel.DEDirector.fire(DEDirector.java:502)
	at ptolemy.actor.CompositeActor.fire(CompositeActor.java:455)
	at ptolemy.actor.Manager.iterate(Manager.java:851)
	at ptolemy.actor.Manager.execute(Manager.java:369)
	at ptolemy.actor.Manager.run(Manager.java:1263)
	at ptolemy.actor.Manager$PtolemyRunThread.run(Manager.java:1933)
java.lang.reflect.InvocationTargetException
	at java.base/jdk.internal.reflect.NativeConstructorAccessorImpl.newInstance0(Native Method)
	at java.base/jdk.internal.reflect.NativeConstructorAccessorImpl.newInstance(NativeConstructorAccessorImpl.java:62)
	at java.base/jdk.internal.reflect.DelegatingConstructorAccessorImpl.newInstance(DelegatingConstructorAccessorImpl.java:45)
	at java.base/java.lang.reflect.Constructor.newInstance(Constructor.java:490)
	at ptolemy.util.test.junit.AutoKnownFailedTests.RunModel(AutoKnownFailedTests.java:105)
	at java.base/jdk.internal.reflect.NativeMethodAccessorImpl.invoke0(Native Method)
	at java.base/jdk.internal.reflect.NativeMethodAccessorImpl.invoke(NativeMethodAccessorImpl.java:62)
	at java.base/jdk.internal.reflect.DelegatingMethodAccessorImpl.invoke(DelegatingMethodAccessorImpl.java:43)
	at java.base/java.lang.reflect.Method.invoke(Method.java:566)
	at org.junit.runners.model.FrameworkMethod$1.runReflectiveCall(FrameworkMethod.java:44)
	at org.junit.internal.runners.model.ReflectiveCallable.run(ReflectiveCallable.java:15)
	at org.junit.runners.model.FrameworkMethod.invokeExplosively(FrameworkMethod.java:41)
	at junitparams.internal.InvokeParameterisedMethod.evaluate(InvokeParameterisedMethod.java:102)
	at org.junit.internal.runners.statements.FailOnTimeout$1.run(FailOnTimeout.java:28)
Caused by: ptolemy.kernel.util.IllegalActionException: Test fails in iteration 1.
Value was: 1.0. Should have been: 2.0
  in .DirectFeedback.Test
	at ptolemy.actor.lib.Test.fire(Test.java:268)
	at ptolemy.domains.de.kernel.DEDirector._fire(DEDirector.java:1949)
	at ptolemy.domains.de.kernel.DEDirector.fire(DEDirector.java:502)
	at ptolemy.actor.CompositeActor.fire(CompositeActor.java:455)
	at ptolemy.actor.Manager.iterate(Manager.java:851)
	at ptolemy.actor.Manager.execute(Manager.java:369)
	at ptolemy.actor.Manager.run(Manager.java:1263)
	at ptolemy.actor.Manager$PtolemyRunThread.run(Manager.java:1933)
java.lang.RuntimeException: Execution failed
	at ptolemy.moml.MoMLSimpleApplication$UnloadThread.run(MoMLSimpleApplication.java:402)
Caused by: ptolemy.kernel.util.IllegalActionException: Found a zero delay loop containing .HierarchicalModel.A
  in .HierarchicalModel and .HierarchicalModel.A
	at ptolemy.actor.util.CausalityInterfaceForComposites._computeOutputPortDepth(CausalityInterfaceForComposites.java:759)
	at ptolemy.actor.util.CausalityInterfaceForComposites._computeInputDepth(CausalityInterfaceForComposites.java:696)
	at ptolemy.actor.util.CausalityInterfaceForComposites._computeOutputPortDepth(CausalityInterfaceForComposites.java:765)
	at ptolemy.actor.util.CausalityInterfaceForComposites._computeInputDepth(CausalityInterfaceForComposites.java:696)
	at ptolemy.actor.util.CausalityInterfaceForComposites._computeOutputPortDepth(CausalityInterfaceForComposites.java:765)
	at ptolemy.actor.util.CausalityInterfaceForComposites._computeInputDepth(CausalityInterfaceForComposites.java:696)
	at ptolemy.actor.util.CausalityInterfaceForComposites._computeActorDepth(CausalityInterfaceForComposites.java:532)
	at ptolemy.actor.util.CausalityInterfaceForComposites.checkForCycles(CausalityInterfaceForComposites.java:96)
	at ptolemy.domains.de.kernel.DEDirector.preinitialize(DEDirector.java:1338)
	at ptolemy.actor.CompositeActor.preinitialize(CompositeActor.java:1828)
	at ptolemy.actor.Manager.preinitializeAndResolveTypes(Manager.java:1040)
	at ptolemy.actor.Manager.initialize(Manager.java:710)
	at ptolemy.actor.Manager.execute(Manager.java:356)
	at ptolemy.actor.Manager.run(Manager.java:1263)
	at ptolemy.actor.Manager$PtolemyRunThread.run(Manager.java:1933)
java.lang.reflect.InvocationTargetException
	at java.base/jdk.internal.reflect.NativeConstructorAccessorImpl.newInstance0(Native Method)
	at java.base/jdk.internal.reflect.NativeConstructorAccessorImpl.newInstance(NativeConstructorAccessorImpl.java:62)
	at java.base/jdk.internal.reflect.DelegatingConstructorAccessorImpl.newInstance(DelegatingConstructorAccessorImpl.java:45)
	at java.base/java.lang.reflect.Constructor.newInstance(Constructor.java:490)
	at ptolemy.util.test.junit.AutoKnownFailedTests.RunModel(AutoKnownFailedTests.java:105)
	at java.base/jdk.internal.reflect.NativeMethodAccessorImpl.invoke0(Native Method)
	at java.base/jdk.internal.reflect.NativeMethodAccessorImpl.invoke(NativeMethodAccessorImpl.java:62)
	at java.base/jdk.internal.reflect.DelegatingMethodAccessorImpl.invoke(DelegatingMethodAccessorImpl.java:43)
	at java.base/java.lang.reflect.Method.invoke(Method.java:566)
	at org.junit.runners.model.FrameworkMethod$1.runReflectiveCall(FrameworkMethod.java:44)
	at org.junit.internal.runners.model.ReflectiveCallable.run(ReflectiveCallable.java:15)
	at org.junit.runners.model.FrameworkMethod.invokeExplosively(FrameworkMethod.java:41)
	at junitparams.internal.InvokeParameterisedMethod.evaluate(InvokeParameterisedMethod.java:102)
	at org.junit.internal.runners.statements.FailOnTimeout$1.run(FailOnTimeout.java:28)
Caused by: ptolemy.kernel.util.IllegalActionException: Found a zero delay loop containing .HierarchicalModel.A
  in .HierarchicalModel and .HierarchicalModel.A
	at ptolemy.actor.util.CausalityInterfaceForComposites._computeOutputPortDepth(CausalityInterfaceForComposites.java:759)
	at ptolemy.actor.util.CausalityInterfaceForComposites._computeInputDepth(CausalityInterfaceForComposites.java:696)
	at ptolemy.actor.util.CausalityInterfaceForComposites._computeOutputPortDepth(CausalityInterfaceForComposites.java:765)
	at ptolemy.actor.util.CausalityInterfaceForComposites._computeInputDepth(CausalityInterfaceForComposites.java:696)
	at ptolemy.actor.util.CausalityInterfaceForComposites._computeOutputPortDepth(CausalityInterfaceForComposites.java:765)
	at ptolemy.actor.util.CausalityInterfaceForComposites._computeInputDepth(CausalityInterfaceForComposites.java:696)
	at ptolemy.actor.util.CausalityInterfaceForComposites._computeActorDepth(CausalityInterfaceForComposites.java:532)
	at ptolemy.actor.util.CausalityInterfaceForComposites.checkForCycles(CausalityInterfaceForComposites.java:96)
	at ptolemy.domains.de.kernel.DEDirector.preinitialize(DEDirector.java:1338)
	at ptolemy.actor.CompositeActor.preinitialize(CompositeActor.java:1828)
	at ptolemy.actor.Manager.preinitializeAndResolveTypes(Manager.java:1040)
	at ptolemy.actor.Manager.initialize(Manager.java:710)
	at ptolemy.actor.Manager.execute(Manager.java:356)
	at ptolemy.actor.Manager.run(Manager.java:1263)
	at ptolemy.actor.Manager$PtolemyRunThread.run(Manager.java:1933)
java.lang.RuntimeException: Execution failed
	at ptolemy.moml.MoMLSimpleApplication$UnloadThread.run(MoMLSimpleApplication.java:402)
Caused by: ptolemy.kernel.util.IllegalActionException: Found a zero delay loop containing .dependencyLoop.original
  in .dependencyLoop and .dependencyLoop.original
	at ptolemy.actor.util.CausalityInterfaceForComposites._computeOutputPortDepth(CausalityInterfaceForComposites.java:759)
	at ptolemy.actor.util.CausalityInterfaceForComposites._computeInputDepth(CausalityInterfaceForComposites.java:696)
	at ptolemy.actor.util.CausalityInterfaceForComposites._computeOutputPortDepth(CausalityInterfaceForComposites.java:765)
	at ptolemy.actor.util.CausalityInterfaceForComposites._computeInputDepth(CausalityInterfaceForComposites.java:696)
	at ptolemy.actor.util.CausalityInterfaceForComposites._computeOutputPortDepth(CausalityInterfaceForComposites.java:765)
	at ptolemy.actor.util.CausalityInterfaceForComposites._computeInputDepth(CausalityInterfaceForComposites.java:696)
	at ptolemy.actor.util.CausalityInterfaceForComposites._computeActorDepth(CausalityInterfaceForComposites.java:532)
	at ptolemy.actor.util.CausalityInterfaceForComposites.checkForCycles(CausalityInterfaceForComposites.java:96)
	at ptolemy.domains.de.kernel.DEDirector.preinitialize(DEDirector.java:1338)
	at ptolemy.actor.CompositeActor.preinitialize(CompositeActor.java:1828)
	at ptolemy.actor.Manager.preinitializeAndResolveTypes(Manager.java:1040)
	at ptolemy.actor.Manager.initialize(Manager.java:710)
	at ptolemy.actor.Manager.execute(Manager.java:356)
	at ptolemy.actor.Manager.run(Manager.java:1263)
	at ptolemy.actor.Manager$PtolemyRunThread.run(Manager.java:1933)
java.lang.reflect.InvocationTargetException
	at java.base/jdk.internal.reflect.NativeConstructorAccessorImpl.newInstance0(Native Method)
	at java.base/jdk.internal.reflect.NativeConstructorAccessorImpl.newInstance(NativeConstructorAccessorImpl.java:62)
	at java.base/jdk.internal.reflect.DelegatingConstructorAccessorImpl.newInstance(DelegatingConstructorAccessorImpl.java:45)
	at java.base/java.lang.reflect.Constructor.newInstance(Constructor.java:490)
	at ptolemy.util.test.junit.AutoKnownFailedTests.RunModel(AutoKnownFailedTests.java:105)
	at java.base/jdk.internal.reflect.NativeMethodAccessorImpl.invoke0(Native Method)
	at java.base/jdk.internal.reflect.NativeMethodAccessorImpl.invoke(NativeMethodAccessorImpl.java:62)
	at java.base/jdk.internal.reflect.DelegatingMethodAccessorImpl.invoke(DelegatingMethodAccessorImpl.java:43)
	at java.base/java.lang.reflect.Method.invoke(Method.java:566)
	at org.junit.runners.model.FrameworkMethod$1.runReflectiveCall(FrameworkMethod.java:44)
	at org.junit.internal.runners.model.ReflectiveCallable.run(ReflectiveCallable.java:15)
	at org.junit.runners.model.FrameworkMethod.invokeExplosively(FrameworkMethod.java:41)
	at junitparams.internal.InvokeParameterisedMethod.evaluate(InvokeParameterisedMethod.java:102)
	at org.junit.internal.runners.statements.FailOnTimeout$1.run(FailOnTimeout.java:28)
Caused by: ptolemy.kernel.util.IllegalActionException: Found a zero delay loop containing .dependencyLoop.original
  in .dependencyLoop and .dependencyLoop.original
	at ptolemy.actor.util.CausalityInterfaceForComposites._computeOutputPortDepth(CausalityInterfaceForComposites.java:759)
	at ptolemy.actor.util.CausalityInterfaceForComposites._computeInputDepth(CausalityInterfaceForComposites.java:696)
	at ptolemy.actor.util.CausalityInterfaceForComposites._computeOutputPortDepth(CausalityInterfaceForComposites.java:765)
	at ptolemy.actor.util.CausalityInterfaceForComposites._computeInputDepth(CausalityInterfaceForComposites.java:696)
	at ptolemy.actor.util.CausalityInterfaceForComposites._computeOutputPortDepth(CausalityInterfaceForComposites.java:765)
	at ptolemy.actor.util.CausalityInterfaceForComposites._computeInputDepth(CausalityInterfaceForComposites.java:696)
	at ptolemy.actor.util.CausalityInterfaceForComposites._computeActorDepth(CausalityInterfaceForComposites.java:532)
	at ptolemy.actor.util.CausalityInterfaceForComposites.checkForCycles(CausalityInterfaceForComposites.java:96)
	at ptolemy.domains.de.kernel.DEDirector.preinitialize(DEDirector.java:1338)
	at ptolemy.actor.CompositeActor.preinitialize(CompositeActor.java:1828)
	at ptolemy.actor.Manager.preinitializeAndResolveTypes(Manager.java:1040)
	at ptolemy.actor.Manager.initialize(Manager.java:710)
	at ptolemy.actor.Manager.execute(Manager.java:356)
	at ptolemy.actor.Manager.run(Manager.java:1263)
	at ptolemy.actor.Manager$PtolemyRunThread.run(Manager.java:1933)
java.lang.RuntimeException: Execution failed
	at ptolemy.moml.MoMLSimpleApplication$UnloadThread.run(MoMLSimpleApplication.java:402)
Caused by: ptolemy.kernel.util.IllegalActionException: Found a zero delay loop containing .dependencyLoop2.original
  in .dependencyLoop2 and .dependencyLoop2.original
	at ptolemy.actor.util.CausalityInterfaceForComposites._computeOutputPortDepth(CausalityInterfaceForComposites.java:759)
	at ptolemy.actor.util.CausalityInterfaceForComposites._computeInputDepth(CausalityInterfaceForComposites.java:696)
	at ptolemy.actor.util.CausalityInterfaceForComposites._computeOutputPortDepth(CausalityInterfaceForComposites.java:765)
	at ptolemy.actor.util.CausalityInterfaceForComposites._computeInputDepth(CausalityInterfaceForComposites.java:696)
	at ptolemy.actor.util.CausalityInterfaceForComposites._computeOutputPortDepth(CausalityInterfaceForComposites.java:765)
	at ptolemy.actor.util.CausalityInterfaceForComposites._computeInputDepth(CausalityInterfaceForComposites.java:696)
	at ptolemy.actor.util.CausalityInterfaceForComposites._computeActorDepth(CausalityInterfaceForComposites.java:532)
	at ptolemy.actor.util.CausalityInterfaceForComposites.checkForCycles(CausalityInterfaceForComposites.java:96)
	at ptolemy.domains.de.kernel.DEDirector.preinitialize(DEDirector.java:1338)
	at ptolemy.actor.CompositeActor.preinitialize(CompositeActor.java:1828)
	at ptolemy.actor.Manager.preinitializeAndResolveTypes(Manager.java:1040)
	at ptolemy.actor.Manager.initialize(Manager.java:710)
	at ptolemy.actor.Manager.execute(Manager.java:356)
	at ptolemy.actor.Manager.run(Manager.java:1263)
	at ptolemy.actor.Manager$PtolemyRunThread.run(Manager.java:1933)
java.lang.reflect.InvocationTargetException
	at java.base/jdk.internal.reflect.NativeConstructorAccessorImpl.newInstance0(Native Method)
	at java.base/jdk.internal.reflect.NativeConstructorAccessorImpl.newInstance(NativeConstructorAccessorImpl.java:62)
	at java.base/jdk.internal.reflect.DelegatingConstructorAccessorImpl.newInstance(DelegatingConstructorAccessorImpl.java:45)
	at java.base/java.lang.reflect.Constructor.newInstance(Constructor.java:490)
	at ptolemy.util.test.junit.AutoKnownFailedTests.RunModel(AutoKnownFailedTests.java:105)
	at java.base/jdk.internal.reflect.NativeMethodAccessorImpl.invoke0(Native Method)
	at java.base/jdk.internal.reflect.NativeMethodAccessorImpl.invoke(NativeMethodAccessorImpl.java:62)
	at java.base/jdk.internal.reflect.DelegatingMethodAccessorImpl.invoke(DelegatingMethodAccessorImpl.java:43)
	at java.base/java.lang.reflect.Method.invoke(Method.java:566)
	at org.junit.runners.model.FrameworkMethod$1.runReflectiveCall(FrameworkMethod.java:44)
	at org.junit.internal.runners.model.ReflectiveCallable.run(ReflectiveCallable.java:15)
	at org.junit.runners.model.FrameworkMethod.invokeExplosively(FrameworkMethod.java:41)
	at junitparams.internal.InvokeParameterisedMethod.evaluate(InvokeParameterisedMethod.java:102)
	at org.junit.internal.runners.statements.FailOnTimeout$1.run(FailOnTimeout.java:28)
Caused by: ptolemy.kernel.util.IllegalActionException: Found a zero delay loop containing .dependencyLoop2.original
  in .dependencyLoop2 and .dependencyLoop2.original
	at ptolemy.actor.util.CausalityInterfaceForComposites._computeOutputPortDepth(CausalityInterfaceForComposites.java:759)
	at ptolemy.actor.util.CausalityInterfaceForComposites._computeInputDepth(CausalityInterfaceForComposites.java:696)
	at ptolemy.actor.util.CausalityInterfaceForComposites._computeOutputPortDepth(CausalityInterfaceForComposites.java:765)
	at ptolemy.actor.util.CausalityInterfaceForComposites._computeInputDepth(CausalityInterfaceForComposites.java:696)
	at ptolemy.actor.util.CausalityInterfaceForComposites._computeOutputPortDepth(CausalityInterfaceForComposites.java:765)
	at ptolemy.actor.util.CausalityInterfaceForComposites._computeInputDepth(CausalityInterfaceForComposites.java:696)
	at ptolemy.actor.util.CausalityInterfaceForComposites._computeActorDepth(CausalityInterfaceForComposites.java:532)
	at ptolemy.actor.util.CausalityInterfaceForComposites.checkForCycles(CausalityInterfaceForComposites.java:96)
	at ptolemy.domains.de.kernel.DEDirector.preinitialize(DEDirector.java:1338)
	at ptolemy.actor.CompositeActor.preinitialize(CompositeActor.java:1828)
	at ptolemy.actor.Manager.preinitializeAndResolveTypes(Manager.java:1040)
	at ptolemy.actor.Manager.initialize(Manager.java:710)
	at ptolemy.actor.Manager.execute(Manager.java:356)
	at ptolemy.actor.Manager.run(Manager.java:1263)
	at ptolemy.actor.Manager$PtolemyRunThread.run(Manager.java:1933)
]]></system-err>
</testsuite>
