<?xml version="1.0" encoding="UTF-8" ?>
<testsuite errors="0" failures="0" hostname="travis-job-0264b6b2-4462-452f-a8ea-10ab5a4e9418" name="ptolemy.domains.continuous.test.junit.JUnitTclTest" skipped="0" tests="156" time="68.79" timestamp="2020-07-01T15:23:56">
  <properties>
[...]
</properties>
  <testcase classname="ptolemy.util.test.junit.TclTests" name="[0] ThereAreNoTclTests (RunTclFile)" time="0.007" />
  <testcase classname="ptolemy.util.test.junit.AutoKnownFailedTests" name="[0] ThereAreNoKnowFailedTests (RunModel)" time="0.002" />
  <testcase classname="ptolemy.util.test.junit.AutoNameArchTests" name="[0] ThereAreNoAutoArchTests (RunModel)" time="0.018" />
  <testcase classname="ptolemy.util.test.junit.AutoTests" name="[0] /home/travis/build/icyphy/ptII/ptolemy/domains/continuous/test/auto/BouncingBall.xml (RunModel)" time="3.096" />
  <testcase classname="ptolemy.util.test.junit.AutoTests" name="[1] /home/travis/build/icyphy/ptII/ptolemy/domains/continuous/test/auto/BouncingBallWithoutGR.xml (RunModel)" time="0.864" />
  <testcase classname="ptolemy.util.test.junit.AutoTests" name="[2] /home/travis/build/icyphy/ptII/ptolemy/domains/continuous/test/auto/Brownian.xml (RunModel)" time="0.124" />
  <testcase classname="ptolemy.util.test.junit.AutoTests" name="[3] /home/travis/build/icyphy/ptII/ptolemy/domains/continuous/test/auto/CarTracking.xml (RunModel)" time="3.956" />
  <testcase classname="ptolemy.util.test.junit.AutoTests" name="[4] /home/travis/build/icyphy/ptII/ptolemy/domains/continuous/test/auto/CartPendulum.xml (RunModel)" time="0.535" />
  <testcase classname="ptolemy.util.test.junit.AutoTests" name="[5] /home/travis/build/icyphy/ptII/ptolemy/domains/continuous/test/auto/CausalityInterface10.xml (RunModel)" time="0.037" />
  <testcase classname="ptolemy.util.test.junit.AutoTests" name="[6] /home/travis/build/icyphy/ptII/ptolemy/domains/continuous/test/auto/CausalityInterface11.xml (RunModel)" time="0.024" />
  <testcase classname="ptolemy.util.test.junit.AutoTests" name="[7] /home/travis/build/icyphy/ptII/ptolemy/domains/continuous/test/auto/CausalityInterface12.xml (RunModel)" time="0.021" />
  <testcase classname="ptolemy.util.test.junit.AutoTests" name="[8] /home/travis/build/icyphy/ptII/ptolemy/domains/continuous/test/auto/CausalityInterface13.xml (RunModel)" time="0.027" />
  <testcase classname="ptolemy.util.test.junit.AutoTests" name="[9] /home/travis/build/icyphy/ptII/ptolemy/domains/continuous/test/auto/CausalityInterface14.xml (RunModel)" time="0.027" />
  <testcase classname="ptolemy.util.test.junit.AutoTests" name="[10] /home/travis/build/icyphy/ptII/ptolemy/domains/continuous/test/auto/CausalityInterface4.xml (RunModel)" time="0.033" />
  <testcase classname="ptolemy.util.test.junit.AutoTests" name="[11] /home/travis/build/icyphy/ptII/ptolemy/domains/continuous/test/auto/CausalityInterface5.xml (RunModel)" time="0.046" />
  <testcase classname="ptolemy.util.test.junit.AutoTests" name="[12] /home/travis/build/icyphy/ptII/ptolemy/domains/continuous/test/auto/CausalityInterface6.xml (RunModel)" time="0.023" />
  <testcase classname="ptolemy.util.test.junit.AutoTests" name="[13] /home/travis/build/icyphy/ptII/ptolemy/domains/continuous/test/auto/CausalityInterface7.xml (RunModel)" time="0.036" />
  <testcase classname="ptolemy.util.test.junit.AutoTests" name="[14] /home/travis/build/icyphy/ptII/ptolemy/domains/continuous/test/auto/CausalityInterface8.xml (RunModel)" time="0.045" />
  <testcase classname="ptolemy.util.test.junit.AutoTests" name="[15] /home/travis/build/icyphy/ptII/ptolemy/domains/continuous/test/auto/CausalityInterface9.xml (RunModel)" time="0.051" />
  <testcase classname="ptolemy.util.test.junit.AutoTests" name="[16] /home/travis/build/icyphy/ptII/ptolemy/domains/continuous/test/auto/CausalityInterfaceFeedback1.xml (RunModel)" time="0.028" />
  <testcase classname="ptolemy.util.test.junit.AutoTests" name="[17] /home/travis/build/icyphy/ptII/ptolemy/domains/continuous/test/auto/CausalityInterfaceFeedback2.xml (RunModel)" time="0.03" />
  <testcase classname="ptolemy.util.test.junit.AutoTests" name="[18] /home/travis/build/icyphy/ptII/ptolemy/domains/continuous/test/auto/CompareWithCurrentTime.xml (RunModel)" time="0.025" />
  <testcase classname="ptolemy.util.test.junit.AutoTests" name="[19] /home/travis/build/icyphy/ptII/ptolemy/domains/continuous/test/auto/ComparedClocks.xml (RunModel)" time="0.074" />
  <testcase classname="ptolemy.util.test.junit.AutoTests" name="[20] /home/travis/build/icyphy/ptII/ptolemy/domains/continuous/test/auto/ContinuousAOCClone.xml (RunModel)" time="2.527" />
  <testcase classname="ptolemy.util.test.junit.AutoTests" name="[21] /home/travis/build/icyphy/ptII/ptolemy/domains/continuous/test/auto/ContinuousClock.xml (RunModel)" time="0.094" />
  <testcase classname="ptolemy.util.test.junit.AutoTests" name="[22] /home/travis/build/icyphy/ptII/ptolemy/domains/continuous/test/auto/ContinuousInContinuous.xml (RunModel)" time="0.087" />
  <testcase classname="ptolemy.util.test.junit.AutoTests" name="[23] /home/travis/build/icyphy/ptII/ptolemy/domains/continuous/test/auto/ContinuousInContinuousInContinuous.xml (RunModel)" time="0.027" />
  <testcase classname="ptolemy.util.test.junit.AutoTests" name="[24] /home/travis/build/icyphy/ptII/ptolemy/domains/continuous/test/auto/ContinuousInDE.xml (RunModel)" time="0.108" />
  <testcase classname="ptolemy.util.test.junit.AutoTests" name="[25] /home/travis/build/icyphy/ptII/ptolemy/domains/continuous/test/auto/ContinuousInDE2.xml (RunModel)" time="0.039" />
  <testcase classname="ptolemy.util.test.junit.AutoTests" name="[26] /home/travis/build/icyphy/ptII/ptolemy/domains/continuous/test/auto/ContinuousInDE3.xml (RunModel)" time="0.043" />
  <testcase classname="ptolemy.util.test.junit.AutoTests" name="[27] /home/travis/build/icyphy/ptII/ptolemy/domains/continuous/test/auto/ContinuousInDE4.xml (RunModel)" time="0.03" />
  <testcase classname="ptolemy.util.test.junit.AutoTests" name="[28] /home/travis/build/icyphy/ptII/ptolemy/domains/continuous/test/auto/ContinuousInDEDifferentRefinements.xml (RunModel)" time="0.096" />
  <testcase classname="ptolemy.util.test.junit.AutoTests" name="[29] /home/travis/build/icyphy/ptII/ptolemy/domains/continuous/test/auto/ContinuousInDEDifferentRefinementsPreemptive.xml (RunModel)" time="0.071" />
  <testcase classname="ptolemy.util.test.junit.AutoTests" name="[30] /home/travis/build/icyphy/ptII/ptolemy/domains/continuous/test/auto/ContinuousInDEInContinuous2.xml (RunModel)" time="0.05" />
  <testcase classname="ptolemy.util.test.junit.AutoTests" name="[31] /home/travis/build/icyphy/ptII/ptolemy/domains/continuous/test/auto/ContinuousInDEInContinuous3.xml (RunModel)" time="0.062" />
  <testcase classname="ptolemy.util.test.junit.AutoTests" name="[32] /home/travis/build/icyphy/ptII/ptolemy/domains/continuous/test/auto/ContinuousInDEInput.xml (RunModel)" time="0.034" />
  <testcase classname="ptolemy.util.test.junit.AutoTests" name="[33] /home/travis/build/icyphy/ptII/ptolemy/domains/continuous/test/auto/ContinuousInDEInput2.xml (RunModel)" time="0.033" />
  <testcase classname="ptolemy.util.test.junit.AutoTests" name="[34] /home/travis/build/icyphy/ptII/ptolemy/domains/continuous/test/auto/ContinuousInDEInput3.xml (RunModel)" time="0.029" />
  <testcase classname="ptolemy.util.test.junit.AutoTests" name="[35] /home/travis/build/icyphy/ptII/ptolemy/domains/continuous/test/auto/ContinuousInDESharingRefinement.xml (RunModel)" time="0.159" />
  <testcase classname="ptolemy.util.test.junit.AutoTests" name="[36] /home/travis/build/icyphy/ptII/ptolemy/domains/continuous/test/auto/ContinuousInDEwithNoPorts.xml (RunModel)" time="0.013" />
  <testcase classname="ptolemy.util.test.junit.AutoTests" name="[37] /home/travis/build/icyphy/ptII/ptolemy/domains/continuous/test/auto/ContinuousInsideDE.xml (RunModel)" time="0.077" />
  <testcase classname="ptolemy.util.test.junit.AutoTests" name="[38] /home/travis/build/icyphy/ptII/ptolemy/domains/continuous/test/auto/ContinuousMerge1.xml (RunModel)" time="0.02" />
  <testcase classname="ptolemy.util.test.junit.AutoTests" name="[39] /home/travis/build/icyphy/ptII/ptolemy/domains/continuous/test/auto/ContinuousMerge2.xml (RunModel)" time="0.039" />
  <testcase classname="ptolemy.util.test.junit.AutoTests" name="[40] /home/travis/build/icyphy/ptII/ptolemy/domains/continuous/test/auto/ContinuousMerge3.xml (RunModel)" time="0.063" />
  <testcase classname="ptolemy.util.test.junit.AutoTests" name="[41] /home/travis/build/icyphy/ptII/ptolemy/domains/continuous/test/auto/ContinuousWithinContinuous.xml (RunModel)" time="0.039" />
  <testcase classname="ptolemy.util.test.junit.AutoTests" name="[42] /home/travis/build/icyphy/ptII/ptolemy/domains/continuous/test/auto/ContinuousWithinContinuous2.xml (RunModel)" time="0.057" />
  <testcase classname="ptolemy.util.test.junit.AutoTests" name="[43] /home/travis/build/icyphy/ptII/ptolemy/domains/continuous/test/auto/ContinuousWithinContinuous3.xml (RunModel)" time="0.02" />
  <testcase classname="ptolemy.util.test.junit.AutoTests" name="[44] /home/travis/build/icyphy/ptII/ptolemy/domains/continuous/test/auto/ContinuousWithinContinuous4.xml (RunModel)" time="0.06" />
  <testcase classname="ptolemy.util.test.junit.AutoTests" name="[45] /home/travis/build/icyphy/ptII/ptolemy/domains/continuous/test/auto/ContinuousWithinContinuous5.xml (RunModel)" time="0.024" />
  <testcase classname="ptolemy.util.test.junit.AutoTests" name="[46] /home/travis/build/icyphy/ptII/ptolemy/domains/continuous/test/auto/ContinuousWithinContinuous6.xml (RunModel)" time="0.022" />
  <testcase classname="ptolemy.util.test.junit.AutoTests" name="[47] /home/travis/build/icyphy/ptII/ptolemy/domains/continuous/test/auto/ContinuousWithinContinuous7.xml (RunModel)" time="0.052" />
  <testcase classname="ptolemy.util.test.junit.AutoTests" name="[48] /home/travis/build/icyphy/ptII/ptolemy/domains/continuous/test/auto/DCMotor.xml (RunModel)" time="12.108" />
  <testcase classname="ptolemy.util.test.junit.AutoTests" name="[49] /home/travis/build/icyphy/ptII/ptolemy/domains/continuous/test/auto/DEInContinuous.xml (RunModel)" time="0.03" />
  <testcase classname="ptolemy.util.test.junit.AutoTests" name="[50] /home/travis/build/icyphy/ptII/ptolemy/domains/continuous/test/auto/DEinContinuous2.xml (RunModel)" time="0.037" />
  <testcase classname="ptolemy.util.test.junit.AutoTests" name="[51] /home/travis/build/icyphy/ptII/ptolemy/domains/continuous/test/auto/Derivative.xml (RunModel)" time="0.174" />
  <testcase classname="ptolemy.util.test.junit.AutoTests" name="[52] /home/travis/build/icyphy/ptII/ptolemy/domains/continuous/test/auto/Derivative1.xml (RunModel)" time="0.053" />
  <testcase classname="ptolemy.util.test.junit.AutoTests" name="[53] /home/travis/build/icyphy/ptII/ptolemy/domains/continuous/test/auto/DiscreteClock.xml (RunModel)" time="0.013" />
  <testcase classname="ptolemy.util.test.junit.AutoTests" name="[54] /home/travis/build/icyphy/ptII/ptolemy/domains/continuous/test/auto/EfficiencyCurve.xml (RunModel)" time="0.091" />
  <testcase classname="ptolemy.util.test.junit.AutoTests" name="[55] /home/travis/build/icyphy/ptII/ptolemy/domains/continuous/test/auto/ExponentialResponse.xml (RunModel)" time="0.103" />
  <testcase classname="ptolemy.util.test.junit.AutoTests" name="[56] /home/travis/build/icyphy/ptII/ptolemy/domains/continuous/test/auto/ExponentialResponseRK45.xml (RunModel)" time="0.03" />
  <testcase classname="ptolemy.util.test.junit.AutoTests" name="[57] /home/travis/build/icyphy/ptII/ptolemy/domains/continuous/test/auto/Friction.xml (RunModel)" time="1.537" />
  <testcase classname="ptolemy.util.test.junit.AutoTests" name="[58] /home/travis/build/icyphy/ptII/ptolemy/domains/continuous/test/auto/FurutaPendulum.xml (RunModel)" time="3.12" />
  <testcase classname="ptolemy.util.test.junit.AutoTests" name="[59] /home/travis/build/icyphy/ptII/ptolemy/domains/continuous/test/auto/HierarchicalExecution.xml (RunModel)" time="1.886" />
  <testcase classname="ptolemy.util.test.junit.AutoTests" name="[60] /home/travis/build/icyphy/ptII/ptolemy/domains/continuous/test/auto/HybridPlant.xml (RunModel)" time="0.557" />
  <testcase classname="ptolemy.util.test.junit.AutoTests" name="[61] /home/travis/build/icyphy/ptII/ptolemy/domains/continuous/test/auto/Hysteresis.xml (RunModel)" time="0.188" />
  <testcase classname="ptolemy.util.test.junit.AutoTests" name="[62] /home/travis/build/icyphy/ptII/ptolemy/domains/continuous/test/auto/HysteresisWithRandomDelay.xml (RunModel)" time="0.228" />
  <testcase classname="ptolemy.util.test.junit.AutoTests" name="[63] /home/travis/build/icyphy/ptII/ptolemy/domains/continuous/test/auto/HysteresisWithRandomLosses.xml (RunModel)" time="2.369" />
  <testcase classname="ptolemy.util.test.junit.AutoTests" name="[64] /home/travis/build/icyphy/ptII/ptolemy/domains/continuous/test/auto/ImmediateTransitions.xml (RunModel)" time="0.039" />
  <testcase classname="ptolemy.util.test.junit.AutoTests" name="[65] /home/travis/build/icyphy/ptII/ptolemy/domains/continuous/test/auto/ImpulseFeedback.xml (RunModel)" time="0.024" />
  <testcase classname="ptolemy.util.test.junit.AutoTests" name="[66] /home/travis/build/icyphy/ptII/ptolemy/domains/continuous/test/auto/ImpulseFeedback2.xml (RunModel)" time="0.022" />
  <testcase classname="ptolemy.util.test.junit.AutoTests" name="[67] /home/travis/build/icyphy/ptII/ptolemy/domains/continuous/test/auto/IncreasingRatePoisson.xml (RunModel)" time="0.702" />
  <testcase classname="ptolemy.util.test.junit.AutoTests" name="[68] /home/travis/build/icyphy/ptII/ptolemy/domains/continuous/test/auto/InitialStateFeedback.xml (RunModel)" time="0.02" />
  <testcase classname="ptolemy.util.test.junit.AutoTests" name="[69] /home/travis/build/icyphy/ptII/ptolemy/domains/continuous/test/auto/Integration.xml (RunModel)" time="0.008" />
  <testcase classname="ptolemy.util.test.junit.AutoTests" name="[70] /home/travis/build/icyphy/ptII/ptolemy/domains/continuous/test/auto/Integration2.xml (RunModel)" time="0.078" />
  <testcase classname="ptolemy.util.test.junit.AutoTests" name="[71] /home/travis/build/icyphy/ptII/ptolemy/domains/continuous/test/auto/Integration3.xml (RunModel)" time="0.013" />
  <testcase classname="ptolemy.util.test.junit.AutoTests" name="[72] /home/travis/build/icyphy/ptII/ptolemy/domains/continuous/test/auto/Integration5.xml (RunModel)" time="0.016" />
  <testcase classname="ptolemy.util.test.junit.AutoTests" name="[73] /home/travis/build/icyphy/ptII/ptolemy/domains/continuous/test/auto/IntegratorImpulse.xml (RunModel)" time="0.01" />
  <testcase classname="ptolemy.util.test.junit.AutoTests" name="[74] /home/travis/build/icyphy/ptII/ptolemy/domains/continuous/test/auto/IntegratorImpulse2.xml (RunModel)" time="0.023" />
  <testcase classname="ptolemy.util.test.junit.AutoTests" name="[75] /home/travis/build/icyphy/ptII/ptolemy/domains/continuous/test/auto/LevelCrossing1.xml (RunModel)" time="0.012" />
  <testcase classname="ptolemy.util.test.junit.AutoTests" name="[76] /home/travis/build/icyphy/ptII/ptolemy/domains/continuous/test/auto/LevelCrossing2.xml (RunModel)" time="0.017" />
  <testcase classname="ptolemy.util.test.junit.AutoTests" name="[77] /home/travis/build/icyphy/ptII/ptolemy/domains/continuous/test/auto/LevelCrossing3.xml (RunModel)" time="0.015" />
  <testcase classname="ptolemy.util.test.junit.AutoTests" name="[78] /home/travis/build/icyphy/ptII/ptolemy/domains/continuous/test/auto/LevelCrossing4.xml (RunModel)" time="0.012" />
  <testcase classname="ptolemy.util.test.junit.AutoTests" name="[79] /home/travis/build/icyphy/ptII/ptolemy/domains/continuous/test/auto/LevelCrossing5.xml (RunModel)" time="0.015" />
  <testcase classname="ptolemy.util.test.junit.AutoTests" name="[80] /home/travis/build/icyphy/ptII/ptolemy/domains/continuous/test/auto/LevelCrossing6.xml (RunModel)" time="0.012" />
  <testcase classname="ptolemy.util.test.junit.AutoTests" name="[81] /home/travis/build/icyphy/ptII/ptolemy/domains/continuous/test/auto/LevelCrossingDetector.xml (RunModel)" time="0.038" />
  <testcase classname="ptolemy.util.test.junit.AutoTests" name="[82] /home/travis/build/icyphy/ptII/ptolemy/domains/continuous/test/auto/LevelCrossingDetectorDetectingDirections.xml (RunModel)" time="0.083" />
  <testcase classname="ptolemy.util.test.junit.AutoTests" name="[83] /home/travis/build/icyphy/ptII/ptolemy/domains/continuous/test/auto/LevelCrossingDetectorDetectsGlitches.xml (RunModel)" time="0.059" />
  <testcase classname="ptolemy.util.test.junit.AutoTests" name="[84] /home/travis/build/icyphy/ptII/ptolemy/domains/continuous/test/auto/LevelCrossingNoInitialOuput.xml (RunModel)" time="0.012" />
  <testcase classname="ptolemy.util.test.junit.AutoTests" name="[85] /home/travis/build/icyphy/ptII/ptolemy/domains/continuous/test/auto/LinearStateSpaceExample.xml (RunModel)" time="0.063" />
  <testcase classname="ptolemy.util.test.junit.AutoTests" name="[86] /home/travis/build/icyphy/ptII/ptolemy/domains/continuous/test/auto/Lorenz.xml (RunModel)" time="3.523" />
  <testcase classname="ptolemy.util.test.junit.AutoTests" name="[87] /home/travis/build/icyphy/ptII/ptolemy/domains/continuous/test/auto/LorenzDifferentialSystem.xml (RunModel)" time="0.956" />
  <testcase classname="ptolemy.util.test.junit.AutoTests" name="[88] /home/travis/build/icyphy/ptII/ptolemy/domains/continuous/test/auto/LorenzDifferentialSystemWithInput.xml (RunModel)" time="1.133" />
  <testcase classname="ptolemy.util.test.junit.AutoTests" name="[89] /home/travis/build/icyphy/ptII/ptolemy/domains/continuous/test/auto/LorenzDifferentialSystemWithTime.xml (RunModel)" time="0.7" />
  <testcase classname="ptolemy.util.test.junit.AutoTests" name="[90] /home/travis/build/icyphy/ptII/ptolemy/domains/continuous/test/auto/Microsteps.xml (RunModel)" time="0.015" />
  <testcase classname="ptolemy.util.test.junit.AutoTests" name="[91] /home/travis/build/icyphy/ptII/ptolemy/domains/continuous/test/auto/Modal1.xml (RunModel)" time="0.034" />
  <testcase classname="ptolemy.util.test.junit.AutoTests" name="[92] /home/travis/build/icyphy/ptII/ptolemy/domains/continuous/test/auto/Modal2.xml (RunModel)" time="0.052" />
  <testcase classname="ptolemy.util.test.junit.AutoTests" name="[93] /home/travis/build/icyphy/ptII/ptolemy/domains/continuous/test/auto/ModalTransitionGuardWithReset.xml (RunModel)" time="0.026" />
  <testcase classname="ptolemy.util.test.junit.AutoTests" name="[94] /home/travis/build/icyphy/ptII/ptolemy/domains/continuous/test/auto/ModalTransitionGuardWithResetUsingPreemptiveTransition.xml (RunModel)" time="0.034" />
  <testcase classname="ptolemy.util.test.junit.AutoTests" name="[95] /home/travis/build/icyphy/ptII/ptolemy/domains/continuous/test/auto/ModalTransitionGuardWithResetUsingPreemptiveTransition2.xml (RunModel)" time="0.029" />
  <testcase classname="ptolemy.util.test.junit.AutoTests" name="[96] /home/travis/build/icyphy/ptII/ptolemy/domains/continuous/test/auto/ModalTransitionGuardWithResetUsingPreemptiveTransition3.xml (RunModel)" time="0.026" />
  <testcase classname="ptolemy.util.test.junit.AutoTests" name="[97] /home/travis/build/icyphy/ptII/ptolemy/domains/continuous/test/auto/NewtonsCradle.xml (RunModel)" time="0.73" />
  <testcase classname="ptolemy.util.test.junit.AutoTests" name="[98] /home/travis/build/icyphy/ptII/ptolemy/domains/continuous/test/auto/NewtonsCradleAnimated.xml (RunModel)" time="1.266" />
  <testcase classname="ptolemy.util.test.junit.AutoTests" name="[99] /home/travis/build/icyphy/ptII/ptolemy/domains/continuous/test/auto/NewtonsCradleComplicated.xml (RunModel)" time="0.926" />
  <testcase classname="ptolemy.util.test.junit.AutoTests" name="[100] /home/travis/build/icyphy/ptII/ptolemy/domains/continuous/test/auto/NewtonsCradleNondeterministic.xml (RunModel)" time="0.726" />
  <testcase classname="ptolemy.util.test.junit.AutoTests" name="[101] /home/travis/build/icyphy/ptII/ptolemy/domains/continuous/test/auto/NewtonsCradlePerfectlyInelastic1.xml (RunModel)" time="1.228" />
  <testcase classname="ptolemy.util.test.junit.AutoTests" name="[102] /home/travis/build/icyphy/ptII/ptolemy/domains/continuous/test/auto/Noise.xml (RunModel)" time="0.176" />
  <testcase classname="ptolemy.util.test.junit.AutoTests" name="[103] /home/travis/build/icyphy/ptII/ptolemy/domains/continuous/test/auto/NoiseSpectrum.xml (RunModel)" time="0.605" />
  <testcase classname="ptolemy.util.test.junit.AutoTests" name="[104] /home/travis/build/icyphy/ptII/ptolemy/domains/continuous/test/auto/ParameterizedNewtonsCradleAnimated.xml (RunModel)" time="0.331" />
  <testcase classname="ptolemy.util.test.junit.AutoTests" name="[105] /home/travis/build/icyphy/ptII/ptolemy/domains/continuous/test/auto/ParameterizedNewtonsCradleAnimatedNondeterministic.xml (RunModel)" time="1.094" />
  <testcase classname="ptolemy.util.test.junit.AutoTests" name="[106] /home/travis/build/icyphy/ptII/ptolemy/domains/continuous/test/auto/Pendulum3D.xml (RunModel)" time="0.16" />
  <testcase classname="ptolemy.util.test.junit.AutoTests" name="[107] /home/travis/build/icyphy/ptII/ptolemy/domains/continuous/test/auto/PeriodicSampler.xml (RunModel)" time="0.012" />
  <testcase classname="ptolemy.util.test.junit.AutoTests" name="[108] /home/travis/build/icyphy/ptII/ptolemy/domains/continuous/test/auto/PeriodicSampler1.xml (RunModel)" time="0.041" />
  <testcase classname="ptolemy.util.test.junit.AutoTests" name="[109] /home/travis/build/icyphy/ptII/ptolemy/domains/continuous/test/auto/PeriodicSampler2.xml (RunModel)" time="0.081" />
  <testcase classname="ptolemy.util.test.junit.AutoTests" name="[110] /home/travis/build/icyphy/ptII/ptolemy/domains/continuous/test/auto/Poisson.xml (RunModel)" time="0.45" />
  <testcase classname="ptolemy.util.test.junit.AutoTests" name="[111] /home/travis/build/icyphy/ptII/ptolemy/domains/continuous/test/auto/PoissonClock.xml (RunModel)" time="0.01" />
  <testcase classname="ptolemy.util.test.junit.AutoTests" name="[112] /home/travis/build/icyphy/ptII/ptolemy/domains/continuous/test/auto/PoissonClock2.xml (RunModel)" time="0.01" />
  <testcase classname="ptolemy.util.test.junit.AutoTests" name="[113] /home/travis/build/icyphy/ptII/ptolemy/domains/continuous/test/auto/PortParameterHierarchy.xml (RunModel)" time="0.019" />
  <testcase classname="ptolemy.util.test.junit.AutoTests" name="[114] /home/travis/build/icyphy/ptII/ptolemy/domains/continuous/test/auto/RandomHybridPlant.xml (RunModel)" time="0.503" />
  <testcase classname="ptolemy.util.test.junit.AutoTests" name="[115] /home/travis/build/icyphy/ptII/ptolemy/domains/continuous/test/auto/ResetTransitionWithStartTime1.xml (RunModel)" time="0.031" />
  <testcase classname="ptolemy.util.test.junit.AutoTests" name="[116] /home/travis/build/icyphy/ptII/ptolemy/domains/continuous/test/auto/ResetTransitionWithStartTime2.xml (RunModel)" time="0.04" />
  <testcase classname="ptolemy.util.test.junit.AutoTests" name="[117] /home/travis/build/icyphy/ptII/ptolemy/domains/continuous/test/auto/ResetTransitionWithStartTime3.xml (RunModel)" time="0.037" />
  <testcase classname="ptolemy.util.test.junit.AutoTests" name="[118] /home/travis/build/icyphy/ptII/ptolemy/domains/continuous/test/auto/ResetTransitionWithStartTime4.xml (RunModel)" time="0.024" />
  <testcase classname="ptolemy.util.test.junit.AutoTests" name="[119] /home/travis/build/icyphy/ptII/ptolemy/domains/continuous/test/auto/ResetTransitionWithStartTime5.xml (RunModel)" time="0.03" />
  <testcase classname="ptolemy.util.test.junit.AutoTests" name="[120] /home/travis/build/icyphy/ptII/ptolemy/domains/continuous/test/auto/ResetTransitionWithStartTime6.xml (RunModel)" time="0.024" />
  <testcase classname="ptolemy.util.test.junit.AutoTests" name="[121] /home/travis/build/icyphy/ptII/ptolemy/domains/continuous/test/auto/SRinContinuous.xml (RunModel)" time="0.02" />
  <testcase classname="ptolemy.util.test.junit.AutoTests" name="[122] /home/travis/build/icyphy/ptII/ptolemy/domains/continuous/test/auto/SampledClocks.xml (RunModel)" time="0.03" />
  <testcase classname="ptolemy.util.test.junit.AutoTests" name="[123] /home/travis/build/icyphy/ptII/ptolemy/domains/continuous/test/auto/Satellite.xml (RunModel)" time="0.735" />
  <testcase classname="ptolemy.util.test.junit.AutoTests" name="[124] /home/travis/build/icyphy/ptII/ptolemy/domains/continuous/test/auto/SigmaDelta.xml (RunModel)" time="2.091" />
  <testcase classname="ptolemy.util.test.junit.AutoTests" name="[125] /home/travis/build/icyphy/ptII/ptolemy/domains/continuous/test/auto/SingleRefinement.xml (RunModel)" time="0.45" />
  <testcase classname="ptolemy.util.test.junit.AutoTests" name="[126] /home/travis/build/icyphy/ptII/ptolemy/domains/continuous/test/auto/SinuBouncingBall.xml (RunModel)" time="0.795" />
  <testcase classname="ptolemy.util.test.junit.AutoTests" name="[127] /home/travis/build/icyphy/ptII/ptolemy/domains/continuous/test/auto/Sinusoid.xml (RunModel)" time="0.013" />
  <testcase classname="ptolemy.util.test.junit.AutoTests" name="[128] /home/travis/build/icyphy/ptII/ptolemy/domains/continuous/test/auto/SinusoidInNoise.xml (RunModel)" time="0.803" />
  <testcase classname="ptolemy.util.test.junit.AutoTests" name="[129] /home/travis/build/icyphy/ptII/ptolemy/domains/continuous/test/auto/SinusoidRK45.xml (RunModel)" time="0.022" />
  <testcase classname="ptolemy.util.test.junit.AutoTests" name="[130] /home/travis/build/icyphy/ptII/ptolemy/domains/continuous/test/auto/SinusoidWithMultipleImpulses.xml (RunModel)" time="0.012" />
  <testcase classname="ptolemy.util.test.junit.AutoTests" name="[131] /home/travis/build/icyphy/ptII/ptolemy/domains/continuous/test/auto/SquareWave.xml (RunModel)" time="0.165" />
  <testcase classname="ptolemy.util.test.junit.AutoTests" name="[132] /home/travis/build/icyphy/ptII/ptolemy/domains/continuous/test/auto/Starmac.xml (RunModel)" time="3.38" />
  <testcase classname="ptolemy.util.test.junit.AutoTests" name="[133] /home/travis/build/icyphy/ptII/ptolemy/domains/continuous/test/auto/StaticUnits.xml (RunModel)" time="2.365" />
  <testcase classname="ptolemy.util.test.junit.AutoTests" name="[134] /home/travis/build/icyphy/ptII/ptolemy/domains/continuous/test/auto/StickyMasses.xml (RunModel)" time="0.176" />
  <testcase classname="ptolemy.util.test.junit.AutoTests" name="[135] /home/travis/build/icyphy/ptII/ptolemy/domains/continuous/test/auto/StopTime.xml (RunModel)" time="0.054" />
  <testcase classname="ptolemy.util.test.junit.AutoTests" name="[136] /home/travis/build/icyphy/ptII/ptolemy/domains/continuous/test/auto/StopTime2.xml (RunModel)" time="0.051" />
  <testcase classname="ptolemy.util.test.junit.AutoTests" name="[137] /home/travis/build/icyphy/ptII/ptolemy/domains/continuous/test/auto/Switch.xml (RunModel)" time="0.056" />
  <testcase classname="ptolemy.util.test.junit.AutoTests" name="[138] /home/travis/build/icyphy/ptII/ptolemy/domains/continuous/test/auto/Thermostat.xml (RunModel)" time="0.207" />
  <testcase classname="ptolemy.util.test.junit.AutoTests" name="[139] /home/travis/build/icyphy/ptII/ptolemy/domains/continuous/test/auto/TimeDelay.xml (RunModel)" time="0.019" />
  <testcase classname="ptolemy.util.test.junit.AutoTests" name="[140] /home/travis/build/icyphy/ptII/ptolemy/domains/continuous/test/auto/TimeDelay2.xml (RunModel)" time="0.024" />
  <testcase classname="ptolemy.util.test.junit.AutoTests" name="[141] /home/travis/build/icyphy/ptII/ptolemy/domains/continuous/test/auto/TimeDelay3.xml (RunModel)" time="0.009" />
  <testcase classname="ptolemy.util.test.junit.AutoTests" name="[142] /home/travis/build/icyphy/ptII/ptolemy/domains/continuous/test/auto/TransferAbsentToInside.xml (RunModel)" time="0.091" />
  <testcase classname="ptolemy.util.test.junit.AutoTests" name="[143] /home/travis/build/icyphy/ptII/ptolemy/domains/continuous/test/auto/Transmission.xml (RunModel)" time="0.751" />
  <testcase classname="ptolemy.util.test.junit.AutoTests" name="[144] /home/travis/build/icyphy/ptII/ptolemy/domains/continuous/test/auto/TriggeredContinuousClock.xml (RunModel)" time="0.062" />
  <testcase classname="ptolemy.util.test.junit.AutoTests" name="[145] /home/travis/build/icyphy/ptII/ptolemy/domains/continuous/test/auto/TwoMachineInfiniteBusControl.xml (RunModel)" time="2.479" />
  <testcase classname="ptolemy.util.test.junit.AutoTests" name="[146] /home/travis/build/icyphy/ptII/ptolemy/domains/continuous/test/auto/V2V.xml (RunModel)" time="0.84" />
  <testcase classname="ptolemy.util.test.junit.AutoTests" name="[147] /home/travis/build/icyphy/ptII/ptolemy/domains/continuous/test/auto/hierarchicalModalModel.xml (RunModel)" time="0.038" />
  <testcase classname="ptolemy.util.test.junit.AutoTests" name="[148] /home/travis/build/icyphy/ptII/ptolemy/domains/continuous/test/auto/hierarchicalModalModel1.xml (RunModel)" time="0.026" />
  <testcase classname="ptolemy.util.test.junit.AutoTests" name="[149] /home/travis/build/icyphy/ptII/ptolemy/domains/continuous/test/auto/hierarchicalModalModel2.xml (RunModel)" time="0.024" />
  <testcase classname="ptolemy.util.test.junit.AutoTests" name="[150] /home/travis/build/icyphy/ptII/ptolemy/domains/continuous/test/auto/hierarchicalModalModel3.xml (RunModel)" time="0.022" />
  <testcase classname="ptolemy.util.test.junit.AutoTests" name="[151] /home/travis/build/icyphy/ptII/ptolemy/domains/continuous/test/auto/hierarchicalModalModel4.xml (RunModel)" time="0.022" />
  <testcase classname="ptolemy.util.test.junit.AutoTests" name="[152] /home/travis/build/icyphy/ptII/ptolemy/domains/continuous/test/auto/junk.xml (RunModel)" time="0.126" />
  <system-out><![CDATA[No tcl tests in /home/travis/build/icyphy/ptII/ptolemy/domains/continuous/test
No auto/knownFailedTests/*.xml tests in /home/travis/build/icyphy/ptII/ptolemy/domains/continuous/test
No auto/linux-amd64/*.xml tests in /home/travis/build/icyphy/ptII/ptolemy/domains/continuous/test
AutoTests.java: About to close Vertx.
AutoTests.java: Vertx closed.

===========================================================================================
----------------- testing Wed Jul 01 15:23:57 UTC 2020 /home/travis/build/icyphy/ptII/ptolemy/domains/continuous/test/auto/BouncingBall.xml
----------------- Instantiating /home/travis/build/icyphy/ptII/ptolemy/domains/continuous/test/auto/BouncingBall.xml
2417 ms. Memory: 155648K Free: 117490K (75%)
----------------- Invoking toplevel() on ptolemy.moml.MoMLSimpleApplication@315b424b
----------------- Done invoking toplevel() on ptolemy.moml.MoMLSimpleApplication@315b424b
reloadAllAccessors: .BouncingBall

===========================================================================================
----------------- testing Wed Jul 01 15:24:00 UTC 2020 /home/travis/build/icyphy/ptII/ptolemy/domains/continuous/test/auto/BouncingBallWithoutGR.xml
----------------- Instantiating /home/travis/build/icyphy/ptII/ptolemy/domains/continuous/test/auto/BouncingBallWithoutGR.xml
777 ms. Memory: 155648K Free: 119395K (77%)
----------------- Invoking toplevel() on ptolemy.moml.MoMLSimpleApplication@420cd96b
----------------- Done invoking toplevel() on ptolemy.moml.MoMLSimpleApplication@420cd96b
reloadAllAccessors: .BouncingBallWithoutGR

===========================================================================================
----------------- testing Wed Jul 01 15:24:01 UTC 2020 /home/travis/build/icyphy/ptII/ptolemy/domains/continuous/test/auto/Brownian.xml
----------------- Instantiating /home/travis/build/icyphy/ptII/ptolemy/domains/continuous/test/auto/Brownian.xml
26 ms. Memory: 155648K Free: 110689K (71%)
----------------- Invoking toplevel() on ptolemy.moml.MoMLSimpleApplication@274b9e2d
----------------- Done invoking toplevel() on ptolemy.moml.MoMLSimpleApplication@274b9e2d
reloadAllAccessors: .Brownian

===========================================================================================
----------------- testing Wed Jul 01 15:24:01 UTC 2020 /home/travis/build/icyphy/ptII/ptolemy/domains/continuous/test/auto/CarTracking.xml
----------------- Instantiating /home/travis/build/icyphy/ptII/ptolemy/domains/continuous/test/auto/CarTracking.xml
3545 ms. Memory: 225280K Free: 199902K (89%)
----------------- Invoking toplevel() on ptolemy.moml.MoMLSimpleApplication@75ffcb4b
----------------- Done invoking toplevel() on ptolemy.moml.MoMLSimpleApplication@75ffcb4b
reloadAllAccessors: .CarTracking

===========================================================================================
----------------- testing Wed Jul 01 15:24:05 UTC 2020 /home/travis/build/icyphy/ptII/ptolemy/domains/continuous/test/auto/CartPendulum.xml
----------------- Instantiating /home/travis/build/icyphy/ptII/ptolemy/domains/continuous/test/auto/CartPendulum.xml
407 ms. Memory: 225280K Free: 107736K (48%)
----------------- Invoking toplevel() on ptolemy.moml.MoMLSimpleApplication@4f1718c7
----------------- Done invoking toplevel() on ptolemy.moml.MoMLSimpleApplication@4f1718c7
reloadAllAccessors: .CartPendulum

===========================================================================================
----------------- testing Wed Jul 01 15:24:05 UTC 2020 /home/travis/build/icyphy/ptII/ptolemy/domains/continuous/test/auto/CausalityInterface10.xml
----------------- Instantiating /home/travis/build/icyphy/ptII/ptolemy/domains/continuous/test/auto/CausalityInterface10.xml
7 ms. Memory: 225280K Free: 97502K (43%)
----------------- Invoking toplevel() on ptolemy.moml.MoMLSimpleApplication@7cbc94a5
----------------- Done invoking toplevel() on ptolemy.moml.MoMLSimpleApplication@7cbc94a5
reloadAllAccessors: .CausalityInterface10

===========================================================================================
----------------- testing Wed Jul 01 15:24:05 UTC 2020 /home/travis/build/icyphy/ptII/ptolemy/domains/continuous/test/auto/CausalityInterface11.xml
----------------- Instantiating /home/travis/build/icyphy/ptII/ptolemy/domains/continuous/test/auto/CausalityInterface11.xml
5 ms. Memory: 225280K Free: 91344K (41%)
----------------- Invoking toplevel() on ptolemy.moml.MoMLSimpleApplication@7d1a9165
----------------- Done invoking toplevel() on ptolemy.moml.MoMLSimpleApplication@7d1a9165
reloadAllAccessors: .CausalityInterface11

===========================================================================================
----------------- testing Wed Jul 01 15:24:05 UTC 2020 /home/travis/build/icyphy/ptII/ptolemy/domains/continuous/test/auto/CausalityInterface12.xml
----------------- Instantiating /home/travis/build/icyphy/ptII/ptolemy/domains/continuous/test/auto/CausalityInterface12.xml
4 ms. Memory: 225280K Free: 85200K (38%)
----------------- Invoking toplevel() on ptolemy.moml.MoMLSimpleApplication@68957851
----------------- Done invoking toplevel() on ptolemy.moml.MoMLSimpleApplication@68957851
reloadAllAccessors: .CausalityInterface12

===========================================================================================
----------------- testing Wed Jul 01 15:24:05 UTC 2020 /home/travis/build/icyphy/ptII/ptolemy/domains/continuous/test/auto/CausalityInterface13.xml
----------------- Instantiating /home/travis/build/icyphy/ptII/ptolemy/domains/continuous/test/auto/CausalityInterface13.xml
6 ms. Memory: 225280K Free: 79056K (35%)
----------------- Invoking toplevel() on ptolemy.moml.MoMLSimpleApplication@47543ea6
----------------- Done invoking toplevel() on ptolemy.moml.MoMLSimpleApplication@47543ea6
reloadAllAccessors: .CausalityInterface13

===========================================================================================
----------------- testing Wed Jul 01 15:24:06 UTC 2020 /home/travis/build/icyphy/ptII/ptolemy/domains/continuous/test/auto/CausalityInterface14.xml
----------------- Instantiating /home/travis/build/icyphy/ptII/ptolemy/domains/continuous/test/auto/CausalityInterface14.xml
3 ms. Memory: 225280K Free: 207229K (92%)
----------------- Invoking toplevel() on ptolemy.moml.MoMLSimpleApplication@19930913
----------------- Done invoking toplevel() on ptolemy.moml.MoMLSimpleApplication@19930913
reloadAllAccessors: .CausalityInterface14

===========================================================================================
----------------- testing Wed Jul 01 15:24:06 UTC 2020 /home/travis/build/icyphy/ptII/ptolemy/domains/continuous/test/auto/CausalityInterface4.xml
----------------- Instantiating /home/travis/build/icyphy/ptII/ptolemy/domains/continuous/test/auto/CausalityInterface4.xml
8 ms. Memory: 225280K Free: 200557K (89%)
----------------- Invoking toplevel() on ptolemy.moml.MoMLSimpleApplication@7cc05abf
----------------- Done invoking toplevel() on ptolemy.moml.MoMLSimpleApplication@7cc05abf
reloadAllAccessors: .CausalityInterface4

===========================================================================================
----------------- testing Wed Jul 01 15:24:06 UTC 2020 /home/travis/build/icyphy/ptII/ptolemy/domains/continuous/test/auto/CausalityInterface5.xml
----------------- Instantiating /home/travis/build/icyphy/ptII/ptolemy/domains/continuous/test/auto/CausalityInterface5.xml
7 ms. Memory: 225280K Free: 192379K (85%)
----------------- Invoking toplevel() on ptolemy.moml.MoMLSimpleApplication@11b58c35
----------------- Done invoking toplevel() on ptolemy.moml.MoMLSimpleApplication@11b58c35
reloadAllAccessors: .CausalityInterface5

===========================================================================================
----------------- testing Wed Jul 01 15:24:06 UTC 2020 /home/travis/build/icyphy/ptII/ptolemy/domains/continuous/test/auto/CausalityInterface6.xml
----------------- Instantiating /home/travis/build/icyphy/ptII/ptolemy/domains/continuous/test/auto/CausalityInterface6.xml
6 ms. Memory: 225280K Free: 186749K (83%)
----------------- Invoking toplevel() on ptolemy.moml.MoMLSimpleApplication@256a7296
----------------- Done invoking toplevel() on ptolemy.moml.MoMLSimpleApplication@256a7296
reloadAllAccessors: .CausalityInterface6

===========================================================================================
----------------- testing Wed Jul 01 15:24:06 UTC 2020 /home/travis/build/icyphy/ptII/ptolemy/domains/continuous/test/auto/CausalityInterface7.xml
----------------- Instantiating /home/travis/build/icyphy/ptII/ptolemy/domains/continuous/test/auto/CausalityInterface7.xml
9 ms. Memory: 225280K Free: 178043K (79%)
----------------- Invoking toplevel() on ptolemy.moml.MoMLSimpleApplication@7a16a2f4
----------------- Done invoking toplevel() on ptolemy.moml.MoMLSimpleApplication@7a16a2f4
reloadAllAccessors: .CausalityInterface7

===========================================================================================
----------------- testing Wed Jul 01 15:24:06 UTC 2020 /home/travis/build/icyphy/ptII/ptolemy/domains/continuous/test/auto/CausalityInterface8.xml
----------------- Instantiating /home/travis/build/icyphy/ptII/ptolemy/domains/continuous/test/auto/CausalityInterface8.xml
15 ms. Memory: 225280K Free: 169341K (75%)
----------------- Invoking toplevel() on ptolemy.moml.MoMLSimpleApplication@539809ca
----------------- Done invoking toplevel() on ptolemy.moml.MoMLSimpleApplication@539809ca
reloadAllAccessors: .CausalityInterface8

===========================================================================================
----------------- testing Wed Jul 01 15:24:06 UTC 2020 /home/travis/build/icyphy/ptII/ptolemy/domains/continuous/test/auto/CausalityInterface9.xml
----------------- Instantiating /home/travis/build/icyphy/ptII/ptolemy/domains/continuous/test/auto/CausalityInterface9.xml
12 ms. Memory: 225280K Free: 158587K (70%)
----------------- Invoking toplevel() on ptolemy.moml.MoMLSimpleApplication@66e67c20
----------------- Done invoking toplevel() on ptolemy.moml.MoMLSimpleApplication@66e67c20
reloadAllAccessors: .CausalityInterface9

===========================================================================================
----------------- testing Wed Jul 01 15:24:06 UTC 2020 /home/travis/build/icyphy/ptII/ptolemy/domains/continuous/test/auto/CausalityInterfaceFeedback1.xml
----------------- Instantiating /home/travis/build/icyphy/ptII/ptolemy/domains/continuous/test/auto/CausalityInterfaceFeedback1.xml
4 ms. Memory: 225280K Free: 151933K (67%)
----------------- Invoking toplevel() on ptolemy.moml.MoMLSimpleApplication@65e87939
----------------- Done invoking toplevel() on ptolemy.moml.MoMLSimpleApplication@65e87939
reloadAllAccessors: .CausalityInterfaceFeedback1

===========================================================================================
----------------- testing Wed Jul 01 15:24:06 UTC 2020 /home/travis/build/icyphy/ptII/ptolemy/domains/continuous/test/auto/CausalityInterfaceFeedback2.xml
----------------- Instantiating /home/travis/build/icyphy/ptII/ptolemy/domains/continuous/test/auto/CausalityInterfaceFeedback2.xml
4 ms. Memory: 225280K Free: 145261K (64%)
----------------- Invoking toplevel() on ptolemy.moml.MoMLSimpleApplication@61f6e7df
----------------- Done invoking toplevel() on ptolemy.moml.MoMLSimpleApplication@61f6e7df
reloadAllAccessors: .CausalityInterfaceFeedback2

===========================================================================================
----------------- testing Wed Jul 01 15:24:06 UTC 2020 /home/travis/build/icyphy/ptII/ptolemy/domains/continuous/test/auto/CompareWithCurrentTime.xml
----------------- Instantiating /home/travis/build/icyphy/ptII/ptolemy/domains/continuous/test/auto/CompareWithCurrentTime.xml
3 ms. Memory: 225280K Free: 141693K (63%)
----------------- Invoking toplevel() on ptolemy.moml.MoMLSimpleApplication@2510d515
----------------- Done invoking toplevel() on ptolemy.moml.MoMLSimpleApplication@2510d515
reloadAllAccessors: .CompareWithCurrentTime

===========================================================================================
----------------- testing Wed Jul 01 15:24:06 UTC 2020 /home/travis/build/icyphy/ptII/ptolemy/domains/continuous/test/auto/ComparedClocks.xml
----------------- Instantiating /home/travis/build/icyphy/ptII/ptolemy/domains/continuous/test/auto/ComparedClocks.xml
8 ms. Memory: 225280K Free: 126333K (56%)
----------------- Invoking toplevel() on ptolemy.moml.MoMLSimpleApplication@1e8ca3ac
----------------- Done invoking toplevel() on ptolemy.moml.MoMLSimpleApplication@1e8ca3ac
reloadAllAccessors: .ComparedClocks

===========================================================================================
----------------- testing Wed Jul 01 15:24:06 UTC 2020 /home/travis/build/icyphy/ptII/ptolemy/domains/continuous/test/auto/ContinuousAOCClone.xml
----------------- Instantiating /home/travis/build/icyphy/ptII/ptolemy/domains/continuous/test/auto/ContinuousAOCClone.xml
2323 ms. Memory: 270336K Free: 204918K (76%)
----------------- Invoking toplevel() on ptolemy.moml.MoMLSimpleApplication@37ea3841
----------------- Done invoking toplevel() on ptolemy.moml.MoMLSimpleApplication@37ea3841
reloadAllAccessors: .ContinuousAOCClone

===========================================================================================
----------------- testing Wed Jul 01 15:24:08 UTC 2020 /home/travis/build/icyphy/ptII/ptolemy/domains/continuous/test/auto/ContinuousClock.xml
----------------- Instantiating /home/travis/build/icyphy/ptII/ptolemy/domains/continuous/test/auto/ContinuousClock.xml
37 ms. Memory: 270336K Free: 183414K (68%)
----------------- Invoking toplevel() on ptolemy.moml.MoMLSimpleApplication@7e29a31b
----------------- Done invoking toplevel() on ptolemy.moml.MoMLSimpleApplication@7e29a31b
reloadAllAccessors: .ContinuousClock

===========================================================================================
----------------- testing Wed Jul 01 15:24:09 UTC 2020 /home/travis/build/icyphy/ptII/ptolemy/domains/continuous/test/auto/ContinuousInContinuous.xml
----------------- Instantiating /home/travis/build/icyphy/ptII/ptolemy/domains/continuous/test/auto/ContinuousInContinuous.xml
43 ms. Memory: 270336K Free: 159352K (59%)
----------------- Invoking toplevel() on ptolemy.moml.MoMLSimpleApplication@69e5eb71
----------------- Done invoking toplevel() on ptolemy.moml.MoMLSimpleApplication@69e5eb71
reloadAllAccessors: .ContinuousInContinuous

===========================================================================================
----------------- testing Wed Jul 01 15:24:09 UTC 2020 /home/travis/build/icyphy/ptII/ptolemy/domains/continuous/test/auto/ContinuousInContinuousInContinuous.xml
----------------- Instantiating /home/travis/build/icyphy/ptII/ptolemy/domains/continuous/test/auto/ContinuousInContinuousInContinuous.xml
10 ms. Memory: 270336K Free: 151670K (56%)
----------------- Invoking toplevel() on ptolemy.moml.MoMLSimpleApplication@59f8f91d
----------------- Done invoking toplevel() on ptolemy.moml.MoMLSimpleApplication@59f8f91d
reloadAllAccessors: .ContinuousInContinuousInContinuous

===========================================================================================
----------------- testing Wed Jul 01 15:24:09 UTC 2020 /home/travis/build/icyphy/ptII/ptolemy/domains/continuous/test/auto/ContinuousInDE.xml
----------------- Instantiating /home/travis/build/icyphy/ptII/ptolemy/domains/continuous/test/auto/ContinuousInDE.xml
81 ms. Memory: 270336K Free: 141430K (52%)
----------------- Invoking toplevel() on ptolemy.moml.MoMLSimpleApplication@3c12b3b1
----------------- Done invoking toplevel() on ptolemy.moml.MoMLSimpleApplication@3c12b3b1
reloadAllAccessors: .ContinuousInDE

===========================================================================================
----------------- testing Wed Jul 01 15:24:09 UTC 2020 /home/travis/build/icyphy/ptII/ptolemy/domains/continuous/test/auto/ContinuousInDE2.xml
----------------- Instantiating /home/travis/build/icyphy/ptII/ptolemy/domains/continuous/test/auto/ContinuousInDE2.xml
28 ms. Memory: 270336K Free: 132214K (49%)
----------------- Invoking toplevel() on ptolemy.moml.MoMLSimpleApplication@45ef8a2
----------------- Done invoking toplevel() on ptolemy.moml.MoMLSimpleApplication@45ef8a2
reloadAllAccessors: .ContinuousInDE2

===========================================================================================
----------------- testing Wed Jul 01 15:24:09 UTC 2020 /home/travis/build/icyphy/ptII/ptolemy/domains/continuous/test/auto/ContinuousInDE3.xml
----------------- Instantiating /home/travis/build/icyphy/ptII/ptolemy/domains/continuous/test/auto/ContinuousInDE3.xml
29 ms. Memory: 270336K Free: 122998K (45%)
----------------- Invoking toplevel() on ptolemy.moml.MoMLSimpleApplication@185478fc
----------------- Done invoking toplevel() on ptolemy.moml.MoMLSimpleApplication@185478fc
reloadAllAccessors: .ContinuousInDE3

===========================================================================================
----------------- testing Wed Jul 01 15:24:09 UTC 2020 /home/travis/build/icyphy/ptII/ptolemy/domains/continuous/test/auto/ContinuousInDE4.xml
----------------- Instantiating /home/travis/build/icyphy/ptII/ptolemy/domains/continuous/test/auto/ContinuousInDE4.xml
12 ms. Memory: 270336K Free: 116854K (43%)
----------------- Invoking toplevel() on ptolemy.moml.MoMLSimpleApplication@1411c030
----------------- Done invoking toplevel() on ptolemy.moml.MoMLSimpleApplication@1411c030
reloadAllAccessors: .ContinuousInDE4

===========================================================================================
----------------- testing Wed Jul 01 15:24:09 UTC 2020 /home/travis/build/icyphy/ptII/ptolemy/domains/continuous/test/auto/ContinuousInDEDifferentRefinements.xml
----------------- Instantiating /home/travis/build/icyphy/ptII/ptolemy/domains/continuous/test/auto/ContinuousInDEDifferentRefinements.xml
57 ms. Memory: 270336K Free: 246135K (91%)
----------------- Invoking toplevel() on ptolemy.moml.MoMLSimpleApplication@4d394a28
----------------- Done invoking toplevel() on ptolemy.moml.MoMLSimpleApplication@4d394a28
reloadAllAccessors: .ContinuousInDEDifferentRefinements

===========================================================================================
----------------- testing Wed Jul 01 15:24:09 UTC 2020 /home/travis/build/icyphy/ptII/ptolemy/domains/continuous/test/auto/ContinuousInDEDifferentRefinementsPreemptive.xml
----------------- Instantiating /home/travis/build/icyphy/ptII/ptolemy/domains/continuous/test/auto/ContinuousInDEDifferentRefinementsPreemptive.xml
40 ms. Memory: 270336K Free: 215155K (80%)
----------------- Invoking toplevel() on ptolemy.moml.MoMLSimpleApplication@77e527b5
----------------- Done invoking toplevel() on ptolemy.moml.MoMLSimpleApplication@77e527b5
reloadAllAccessors: .ContinuousInDEDifferentRefinementsPreemptive

===========================================================================================
----------------- testing Wed Jul 01 15:24:09 UTC 2020 /home/travis/build/icyphy/ptII/ptolemy/domains/continuous/test/auto/ContinuousInDEInContinuous2.xml
----------------- Instantiating /home/travis/build/icyphy/ptII/ptolemy/domains/continuous/test/auto/ContinuousInDEInContinuous2.xml
32 ms. Memory: 270336K Free: 203891K (75%)
----------------- Invoking toplevel() on ptolemy.moml.MoMLSimpleApplication@683d38e1
----------------- Done invoking toplevel() on ptolemy.moml.MoMLSimpleApplication@683d38e1
reloadAllAccessors: .ContinuousInDEInContinuous2

===========================================================================================
----------------- testing Wed Jul 01 15:24:09 UTC 2020 /home/travis/build/icyphy/ptII/ptolemy/domains/continuous/test/auto/ContinuousInDEInContinuous3.xml
----------------- Instantiating /home/travis/build/icyphy/ptII/ptolemy/domains/continuous/test/auto/ContinuousInDEInContinuous3.xml
43 ms. Memory: 270336K Free: 192113K (71%)
----------------- Invoking toplevel() on ptolemy.moml.MoMLSimpleApplication@3af732f6
----------------- Done invoking toplevel() on ptolemy.moml.MoMLSimpleApplication@3af732f6
reloadAllAccessors: .ContinuousInDEInContinuous3

===========================================================================================
----------------- testing Wed Jul 01 15:24:09 UTC 2020 /home/travis/build/icyphy/ptII/ptolemy/domains/continuous/test/auto/ContinuousInDEInput.xml
----------------- Instantiating /home/travis/build/icyphy/ptII/ptolemy/domains/continuous/test/auto/ContinuousInDEInput.xml
14 ms. Memory: 270336K Free: 184945K (68%)
----------------- Invoking toplevel() on ptolemy.moml.MoMLSimpleApplication@f3681c1
----------------- Done invoking toplevel() on ptolemy.moml.MoMLSimpleApplication@f3681c1
reloadAllAccessors: .ContinuousInDEInput

===========================================================================================
----------------- testing Wed Jul 01 15:24:09 UTC 2020 /home/travis/build/icyphy/ptII/ptolemy/domains/continuous/test/auto/ContinuousInDEInput2.xml
----------------- Instantiating /home/travis/build/icyphy/ptII/ptolemy/domains/continuous/test/auto/ContinuousInDEInput2.xml
16 ms. Memory: 270336K Free: 177777K (66%)
----------------- Invoking toplevel() on ptolemy.moml.MoMLSimpleApplication@19c65275
----------------- Done invoking toplevel() on ptolemy.moml.MoMLSimpleApplication@19c65275
reloadAllAccessors: .ContinuousInDEInput2

===========================================================================================
----------------- testing Wed Jul 01 15:24:09 UTC 2020 /home/travis/build/icyphy/ptII/ptolemy/domains/continuous/test/auto/ContinuousInDEInput3.xml
----------------- Instantiating /home/travis/build/icyphy/ptII/ptolemy/domains/continuous/test/auto/ContinuousInDEInput3.xml
14 ms. Memory: 270336K Free: 170609K (63%)
----------------- Invoking toplevel() on ptolemy.moml.MoMLSimpleApplication@1c819eed
----------------- Done invoking toplevel() on ptolemy.moml.MoMLSimpleApplication@1c819eed
reloadAllAccessors: .ContinuousInDEInput3

===========================================================================================
----------------- testing Wed Jul 01 15:24:09 UTC 2020 /home/travis/build/icyphy/ptII/ptolemy/domains/continuous/test/auto/ContinuousInDESharingRefinement.xml
----------------- Instantiating /home/travis/build/icyphy/ptII/ptolemy/domains/continuous/test/auto/ContinuousInDESharingRefinement.xml
131 ms. Memory: 270336K Free: 237829K (88%)
----------------- Invoking toplevel() on ptolemy.moml.MoMLSimpleApplication@12ddb6cd
----------------- Done invoking toplevel() on ptolemy.moml.MoMLSimpleApplication@12ddb6cd
reloadAllAccessors: .ContinuousInDESharingRefinement

===========================================================================================
----------------- testing Wed Jul 01 15:24:09 UTC 2020 /home/travis/build/icyphy/ptII/ptolemy/domains/continuous/test/auto/ContinuousInDEwithNoPorts.xml
----------------- Instantiating /home/travis/build/icyphy/ptII/ptolemy/domains/continuous/test/auto/ContinuousInDEwithNoPorts.xml
2 ms. Memory: 270336K Free: 233213K (86%)
----------------- Invoking toplevel() on ptolemy.moml.MoMLSimpleApplication@1278e5b9
----------------- Done invoking toplevel() on ptolemy.moml.MoMLSimpleApplication@1278e5b9
reloadAllAccessors: .ContinuousInDEwithNoPorts

===========================================================================================
----------------- testing Wed Jul 01 15:24:10 UTC 2020 /home/travis/build/icyphy/ptII/ptolemy/domains/continuous/test/auto/ContinuousInsideDE.xml
----------------- Instantiating /home/travis/build/icyphy/ptII/ptolemy/domains/continuous/test/auto/ContinuousInsideDE.xml
29 ms. Memory: 270336K Free: 221445K (82%)
----------------- Invoking toplevel() on ptolemy.moml.MoMLSimpleApplication@4b5fa373
----------------- Done invoking toplevel() on ptolemy.moml.MoMLSimpleApplication@4b5fa373
reloadAllAccessors: .ContinuousInsideDE

===========================================================================================
----------------- testing Wed Jul 01 15:24:10 UTC 2020 /home/travis/build/icyphy/ptII/ptolemy/domains/continuous/test/auto/ContinuousMerge1.xml
----------------- Instantiating /home/travis/build/icyphy/ptII/ptolemy/domains/continuous/test/auto/ContinuousMerge1.xml
2 ms. Memory: 270336K Free: 216821K (80%)
----------------- Invoking toplevel() on ptolemy.moml.MoMLSimpleApplication@61586837
----------------- Done invoking toplevel() on ptolemy.moml.MoMLSimpleApplication@61586837
reloadAllAccessors: .ContinuousMerge1

===========================================================================================
----------------- testing Wed Jul 01 15:24:10 UTC 2020 /home/travis/build/icyphy/ptII/ptolemy/domains/continuous/test/auto/ContinuousMerge2.xml
----------------- Instantiating /home/travis/build/icyphy/ptII/ptolemy/domains/continuous/test/auto/ContinuousMerge2.xml
12 ms. Memory: 270336K Free: 206595K (76%)
----------------- Invoking toplevel() on ptolemy.moml.MoMLSimpleApplication@7100e09c
----------------- Done invoking toplevel() on ptolemy.moml.MoMLSimpleApplication@7100e09c
reloadAllAccessors: .ContinuousMerge2

===========================================================================================
----------------- testing Wed Jul 01 15:24:10 UTC 2020 /home/travis/build/icyphy/ptII/ptolemy/domains/continuous/test/auto/ContinuousMerge3.xml
----------------- Instantiating /home/travis/build/icyphy/ptII/ptolemy/domains/continuous/test/auto/ContinuousMerge3.xml
35 ms. Memory: 270336K Free: 196355K (73%)
----------------- Invoking toplevel() on ptolemy.moml.MoMLSimpleApplication@2f291daa
----------------- Done invoking toplevel() on ptolemy.moml.MoMLSimpleApplication@2f291daa
reloadAllAccessors: .ContinuousMerge3

===========================================================================================
----------------- testing Wed Jul 01 15:24:10 UTC 2020 /home/travis/build/icyphy/ptII/ptolemy/domains/continuous/test/auto/ContinuousWithinContinuous.xml
----------------- Instantiating /home/travis/build/icyphy/ptII/ptolemy/domains/continuous/test/auto/ContinuousWithinContinuous.xml
26 ms. Memory: 270336K Free: 187139K (69%)
----------------- Invoking toplevel() on ptolemy.moml.MoMLSimpleApplication@98a493f
----------------- Done invoking toplevel() on ptolemy.moml.MoMLSimpleApplication@98a493f
reloadAllAccessors: .ContinuousWithinContinuous

===========================================================================================
----------------- testing Wed Jul 01 15:24:10 UTC 2020 /home/travis/build/icyphy/ptII/ptolemy/domains/continuous/test/auto/ContinuousWithinContinuous2.xml
----------------- Instantiating /home/travis/build/icyphy/ptII/ptolemy/domains/continuous/test/auto/ContinuousWithinContinuous2.xml
44 ms. Memory: 270336K Free: 176389K (65%)
----------------- Invoking toplevel() on ptolemy.moml.MoMLSimpleApplication@333aa5af
----------------- Done invoking toplevel() on ptolemy.moml.MoMLSimpleApplication@333aa5af
reloadAllAccessors: .ContinuousWithinContinuous2

===========================================================================================
----------------- testing Wed Jul 01 15:24:10 UTC 2020 /home/travis/build/icyphy/ptII/ptolemy/domains/continuous/test/auto/ContinuousWithinContinuous3.xml
----------------- Instantiating /home/travis/build/icyphy/ptII/ptolemy/domains/continuous/test/auto/ContinuousWithinContinuous3.xml
9 ms. Memory: 270336K Free: 169221K (63%)
----------------- Invoking toplevel() on ptolemy.moml.MoMLSimpleApplication@3029589d
----------------- Done invoking toplevel() on ptolemy.moml.MoMLSimpleApplication@3029589d
reloadAllAccessors: .ContinuousWithinContinuous3

===========================================================================================
----------------- testing Wed Jul 01 15:24:10 UTC 2020 /home/travis/build/icyphy/ptII/ptolemy/domains/continuous/test/auto/ContinuousWithinContinuous4.xml
----------------- Instantiating /home/travis/build/icyphy/ptII/ptolemy/domains/continuous/test/auto/ContinuousWithinContinuous4.xml
49 ms. Memory: 270336K Free: 157443K (58%)
----------------- Invoking toplevel() on ptolemy.moml.MoMLSimpleApplication@6d342019
----------------- Done invoking toplevel() on ptolemy.moml.MoMLSimpleApplication@6d342019
reloadAllAccessors: .ContinuousWithinContinuous4

===========================================================================================
----------------- testing Wed Jul 01 15:24:10 UTC 2020 /home/travis/build/icyphy/ptII/ptolemy/domains/continuous/test/auto/ContinuousWithinContinuous5.xml
----------------- Instantiating /home/travis/build/icyphy/ptII/ptolemy/domains/continuous/test/auto/ContinuousWithinContinuous5.xml
9 ms. Memory: 270336K Free: 150275K (56%)
----------------- Invoking toplevel() on ptolemy.moml.MoMLSimpleApplication@6d27a4e3
----------------- Done invoking toplevel() on ptolemy.moml.MoMLSimpleApplication@6d27a4e3
reloadAllAccessors: .ContinuousWithinContinuous5

===========================================================================================
----------------- testing Wed Jul 01 15:24:10 UTC 2020 /home/travis/build/icyphy/ptII/ptolemy/domains/continuous/test/auto/ContinuousWithinContinuous6.xml
----------------- Instantiating /home/travis/build/icyphy/ptII/ptolemy/domains/continuous/test/auto/ContinuousWithinContinuous6.xml
9 ms. Memory: 270336K Free: 143107K (53%)
----------------- Invoking toplevel() on ptolemy.moml.MoMLSimpleApplication@38f077a5
----------------- Done invoking toplevel() on ptolemy.moml.MoMLSimpleApplication@38f077a5
reloadAllAccessors: .ContinuousWithinContinuous6

===========================================================================================
----------------- testing Wed Jul 01 15:24:10 UTC 2020 /home/travis/build/icyphy/ptII/ptolemy/domains/continuous/test/auto/ContinuousWithinContinuous7.xml
----------------- Instantiating /home/travis/build/icyphy/ptII/ptolemy/domains/continuous/test/auto/ContinuousWithinContinuous7.xml
42 ms. Memory: 270336K Free: 132867K (49%)
----------------- Invoking toplevel() on ptolemy.moml.MoMLSimpleApplication@2c1ff194
----------------- Done invoking toplevel() on ptolemy.moml.MoMLSimpleApplication@2c1ff194
reloadAllAccessors: .ContinuousWithinContinuous7

===========================================================================================
----------------- testing Wed Jul 01 15:24:10 UTC 2020 /home/travis/build/icyphy/ptII/ptolemy/domains/continuous/test/auto/DCMotor.xml
----------------- Instantiating /home/travis/build/icyphy/ptII/ptolemy/domains/continuous/test/auto/DCMotor.xml
12025 ms. Memory: 270336K Free: 133785K (49%)
----------------- Invoking toplevel() on ptolemy.moml.MoMLSimpleApplication@72a992cd
----------------- Done invoking toplevel() on ptolemy.moml.MoMLSimpleApplication@72a992cd
reloadAllAccessors: .DCMotor

===========================================================================================
----------------- testing Wed Jul 01 15:24:22 UTC 2020 /home/travis/build/icyphy/ptII/ptolemy/domains/continuous/test/auto/DEInContinuous.xml
----------------- Instantiating /home/travis/build/icyphy/ptII/ptolemy/domains/continuous/test/auto/DEInContinuous.xml
17 ms. Memory: 270336K Free: 127641K (47%)
----------------- Invoking toplevel() on ptolemy.moml.MoMLSimpleApplication@4670b14a
----------------- Done invoking toplevel() on ptolemy.moml.MoMLSimpleApplication@4670b14a
reloadAllAccessors: .DEInContinuous

===========================================================================================
----------------- testing Wed Jul 01 15:24:22 UTC 2020 /home/travis/build/icyphy/ptII/ptolemy/domains/continuous/test/auto/DEinContinuous2.xml
----------------- Instantiating /home/travis/build/icyphy/ptII/ptolemy/domains/continuous/test/auto/DEinContinuous2.xml
14 ms. Memory: 270336K Free: 119449K (44%)
----------------- Invoking toplevel() on ptolemy.moml.MoMLSimpleApplication@2bfee1c
----------------- Done invoking toplevel() on ptolemy.moml.MoMLSimpleApplication@2bfee1c
reloadAllAccessors: .DEinContinuous2

===========================================================================================
----------------- testing Wed Jul 01 15:24:22 UTC 2020 /home/travis/build/icyphy/ptII/ptolemy/domains/continuous/test/auto/Derivative.xml
----------------- Instantiating /home/travis/build/icyphy/ptII/ptolemy/domains/continuous/test/auto/Derivative.xml
130 ms. Memory: 270336K Free: 251390K (93%)
----------------- Invoking toplevel() on ptolemy.moml.MoMLSimpleApplication@38556351
----------------- Done invoking toplevel() on ptolemy.moml.MoMLSimpleApplication@38556351
reloadAllAccessors: .Derivative2

===========================================================================================
----------------- testing Wed Jul 01 15:24:22 UTC 2020 /home/travis/build/icyphy/ptII/ptolemy/domains/continuous/test/auto/Derivative1.xml
----------------- Instantiating /home/travis/build/icyphy/ptII/ptolemy/domains/continuous/test/auto/Derivative1.xml
23 ms. Memory: 270336K Free: 236759K (88%)
----------------- Invoking toplevel() on ptolemy.moml.MoMLSimpleApplication@1ff15c0b
----------------- Done invoking toplevel() on ptolemy.moml.MoMLSimpleApplication@1ff15c0b
reloadAllAccessors: .Derivative1

===========================================================================================
----------------- testing Wed Jul 01 15:24:22 UTC 2020 /home/travis/build/icyphy/ptII/ptolemy/domains/continuous/test/auto/DiscreteClock.xml
----------------- Instantiating /home/travis/build/icyphy/ptII/ptolemy/domains/continuous/test/auto/DiscreteClock.xml
4 ms. Memory: 270336K Free: 231639K (86%)
----------------- Invoking toplevel() on ptolemy.moml.MoMLSimpleApplication@21e16f21
----------------- Done invoking toplevel() on ptolemy.moml.MoMLSimpleApplication@21e16f21
reloadAllAccessors: .DiscreteClock

===========================================================================================
----------------- testing Wed Jul 01 15:24:22 UTC 2020 /home/travis/build/icyphy/ptII/ptolemy/domains/continuous/test/auto/EfficiencyCurve.xml
----------------- Instantiating /home/travis/build/icyphy/ptII/ptolemy/domains/continuous/test/auto/EfficiencyCurve.xml
61 ms. Memory: 270336K Free: 222933K (82%)
----------------- Invoking toplevel() on ptolemy.moml.MoMLSimpleApplication@3c06192a
----------------- Done invoking toplevel() on ptolemy.moml.MoMLSimpleApplication@3c06192a
reloadAllAccessors: .EfficiencyCurve

===========================================================================================
----------------- testing Wed Jul 01 15:24:23 UTC 2020 /home/travis/build/icyphy/ptII/ptolemy/domains/continuous/test/auto/ExponentialResponse.xml
----------------- Instantiating /home/travis/build/icyphy/ptII/ptolemy/domains/continuous/test/auto/ExponentialResponse.xml
88 ms. Memory: 270336K Free: 207063K (77%)
----------------- Invoking toplevel() on ptolemy.moml.MoMLSimpleApplication@298c3f39
----------------- Done invoking toplevel() on ptolemy.moml.MoMLSimpleApplication@298c3f39
reloadAllAccessors: .ExponentialResponse

===========================================================================================
----------------- testing Wed Jul 01 15:24:23 UTC 2020 /home/travis/build/icyphy/ptII/ptolemy/domains/continuous/test/auto/ExponentialResponseRK45.xml
----------------- Instantiating /home/travis/build/icyphy/ptII/ptolemy/domains/continuous/test/auto/ExponentialResponseRK45.xml
21 ms. Memory: 270336K Free: 200405K (74%)
----------------- Invoking toplevel() on ptolemy.moml.MoMLSimpleApplication@5bb9a5a4
----------------- Done invoking toplevel() on ptolemy.moml.MoMLSimpleApplication@5bb9a5a4
reloadAllAccessors: .ExponentialResponseRK45

===========================================================================================
----------------- testing Wed Jul 01 15:24:23 UTC 2020 /home/travis/build/icyphy/ptII/ptolemy/domains/continuous/test/auto/Friction.xml
----------------- Instantiating /home/travis/build/icyphy/ptII/ptolemy/domains/continuous/test/auto/Friction.xml
1431 ms. Memory: 270336K Free: 98403K (36%)
----------------- Invoking toplevel() on ptolemy.moml.MoMLSimpleApplication@7130dc71
----------------- Done invoking toplevel() on ptolemy.moml.MoMLSimpleApplication@7130dc71
reloadAllAccessors: .Friction

===========================================================================================
----------------- testing Wed Jul 01 15:24:24 UTC 2020 /home/travis/build/icyphy/ptII/ptolemy/domains/continuous/test/auto/FurutaPendulum.xml
----------------- Instantiating /home/travis/build/icyphy/ptII/ptolemy/domains/continuous/test/auto/FurutaPendulum.xml
2967 ms. Memory: 270336K Free: 243779K (90%)
----------------- Invoking toplevel() on ptolemy.moml.MoMLSimpleApplication@3f6055ab
----------------- Done invoking toplevel() on ptolemy.moml.MoMLSimpleApplication@3f6055ab
reloadAllAccessors: .FurutaPendulum

===========================================================================================
----------------- testing Wed Jul 01 15:24:27 UTC 2020 /home/travis/build/icyphy/ptII/ptolemy/domains/continuous/test/auto/HierarchicalExecution.xml
----------------- Instantiating /home/travis/build/icyphy/ptII/ptolemy/domains/continuous/test/auto/HierarchicalExecution.xml
1633 ms. Memory: 270336K Free: 123622K (46%)
----------------- Invoking toplevel() on ptolemy.moml.MoMLSimpleApplication@73f9ea0d
----------------- Done invoking toplevel() on ptolemy.moml.MoMLSimpleApplication@73f9ea0d
reloadAllAccessors: .HierarchicalExecution

===========================================================================================
----------------- testing Wed Jul 01 15:24:29 UTC 2020 /home/travis/build/icyphy/ptII/ptolemy/domains/continuous/test/auto/HybridPlant.xml
----------------- Instantiating /home/travis/build/icyphy/ptII/ptolemy/domains/continuous/test/auto/HybridPlant.xml
490 ms. Memory: 270336K Free: 179898K (67%)
----------------- Invoking toplevel() on ptolemy.moml.MoMLSimpleApplication@61dd3ce
----------------- Done invoking toplevel() on ptolemy.moml.MoMLSimpleApplication@61dd3ce
reloadAllAccessors: .HybridPlant

===========================================================================================
----------------- testing Wed Jul 01 15:24:30 UTC 2020 /home/travis/build/icyphy/ptII/ptolemy/domains/continuous/test/auto/Hysteresis.xml
----------------- Instantiating /home/travis/build/icyphy/ptII/ptolemy/domains/continuous/test/auto/Hysteresis.xml
146 ms. Memory: 270336K Free: 117944K (44%)
----------------- Invoking toplevel() on ptolemy.moml.MoMLSimpleApplication@3ab83f54
----------------- Done invoking toplevel() on ptolemy.moml.MoMLSimpleApplication@3ab83f54
reloadAllAccessors: .Hysteresis

===========================================================================================
----------------- testing Wed Jul 01 15:24:30 UTC 2020 /home/travis/build/icyphy/ptII/ptolemy/domains/continuous/test/auto/HysteresisWithRandomDelay.xml
----------------- Instantiating /home/travis/build/icyphy/ptII/ptolemy/domains/continuous/test/auto/HysteresisWithRandomDelay.xml
182 ms. Memory: 270336K Free: 207103K (77%)
----------------- Invoking toplevel() on ptolemy.moml.MoMLSimpleApplication@768c48e1
----------------- Done invoking toplevel() on ptolemy.moml.MoMLSimpleApplication@768c48e1
reloadAllAccessors: .HysteresisWithRandomDelay

===========================================================================================
----------------- testing Wed Jul 01 15:24:30 UTC 2020 /home/travis/build/icyphy/ptII/ptolemy/domains/continuous/test/auto/HysteresisWithRandomLosses.xml
----------------- Instantiating /home/travis/build/icyphy/ptII/ptolemy/domains/continuous/test/auto/HysteresisWithRandomLosses.xml
2291 ms. Memory: 270336K Free: 112501K (42%)
----------------- Invoking toplevel() on ptolemy.moml.MoMLSimpleApplication@17afb52b
----------------- Done invoking toplevel() on ptolemy.moml.MoMLSimpleApplication@17afb52b
reloadAllAccessors: .HysteresisWithRandomLosses

===========================================================================================
----------------- testing Wed Jul 01 15:24:33 UTC 2020 /home/travis/build/icyphy/ptII/ptolemy/domains/continuous/test/auto/ImmediateTransitions.xml
----------------- Instantiating /home/travis/build/icyphy/ptII/ptolemy/domains/continuous/test/auto/ImmediateTransitions.xml
10 ms. Memory: 270336K Free: 101751K (38%)
----------------- Invoking toplevel() on ptolemy.moml.MoMLSimpleApplication@575f6cfc
----------------- Done invoking toplevel() on ptolemy.moml.MoMLSimpleApplication@575f6cfc
reloadAllAccessors: .ImmediateTransitions

===========================================================================================
----------------- testing Wed Jul 01 15:24:33 UTC 2020 /home/travis/build/icyphy/ptII/ptolemy/domains/continuous/test/auto/ImpulseFeedback.xml
----------------- Instantiating /home/travis/build/icyphy/ptII/ptolemy/domains/continuous/test/auto/ImpulseFeedback.xml
7 ms. Memory: 270336K Free: 96117K (36%)
----------------- Invoking toplevel() on ptolemy.moml.MoMLSimpleApplication@2afc7d4e
----------------- Done invoking toplevel() on ptolemy.moml.MoMLSimpleApplication@2afc7d4e
reloadAllAccessors: .ImpulseFeedback

===========================================================================================
----------------- testing Wed Jul 01 15:24:33 UTC 2020 /home/travis/build/icyphy/ptII/ptolemy/domains/continuous/test/auto/ImpulseFeedback2.xml
----------------- Instantiating /home/travis/build/icyphy/ptII/ptolemy/domains/continuous/test/auto/ImpulseFeedback2.xml
6 ms. Memory: 270336K Free: 250914K (93%)
----------------- Invoking toplevel() on ptolemy.moml.MoMLSimpleApplication@79f4de5
----------------- Done invoking toplevel() on ptolemy.moml.MoMLSimpleApplication@79f4de5
reloadAllAccessors: .ImpulseFeedback2

===========================================================================================
----------------- testing Wed Jul 01 15:24:33 UTC 2020 /home/travis/build/icyphy/ptII/ptolemy/domains/continuous/test/auto/IncreasingRatePoisson.xml
----------------- Instantiating /home/travis/build/icyphy/ptII/ptolemy/domains/continuous/test/auto/IncreasingRatePoisson.xml
676 ms. Memory: 270336K Free: 124386K (46%)
----------------- Invoking toplevel() on ptolemy.moml.MoMLSimpleApplication@2fd7e3c2
----------------- Done invoking toplevel() on ptolemy.moml.MoMLSimpleApplication@2fd7e3c2
reloadAllAccessors: .IncreasingRatePoisson

===========================================================================================
----------------- testing Wed Jul 01 15:24:33 UTC 2020 /home/travis/build/icyphy/ptII/ptolemy/domains/continuous/test/auto/InitialStateFeedback.xml
----------------- Instantiating /home/travis/build/icyphy/ptII/ptolemy/domains/continuous/test/auto/InitialStateFeedback.xml
6 ms. Memory: 270336K Free: 119810K (44%)
----------------- Invoking toplevel() on ptolemy.moml.MoMLSimpleApplication@31617aac
----------------- Done invoking toplevel() on ptolemy.moml.MoMLSimpleApplication@31617aac
reloadAllAccessors: .InitialStateFeedback

===========================================================================================
----------------- testing Wed Jul 01 15:24:33 UTC 2020 /home/travis/build/icyphy/ptII/ptolemy/domains/continuous/test/auto/Integration.xml
----------------- Instantiating /home/travis/build/icyphy/ptII/ptolemy/domains/continuous/test/auto/Integration.xml
1 ms. Memory: 270336K Free: 115714K (43%)
----------------- Invoking toplevel() on ptolemy.moml.MoMLSimpleApplication@23d38b97
----------------- Done invoking toplevel() on ptolemy.moml.MoMLSimpleApplication@23d38b97
reloadAllAccessors: .Integration

===========================================================================================
----------------- testing Wed Jul 01 15:24:33 UTC 2020 /home/travis/build/icyphy/ptII/ptolemy/domains/continuous/test/auto/Integration2.xml
----------------- Instantiating /home/travis/build/icyphy/ptII/ptolemy/domains/continuous/test/auto/Integration2.xml
68 ms. Memory: 270336K Free: 101378K (38%)
----------------- Invoking toplevel() on ptolemy.moml.MoMLSimpleApplication@280482db
----------------- Done invoking toplevel() on ptolemy.moml.MoMLSimpleApplication@280482db
reloadAllAccessors: .Integration2

===========================================================================================
----------------- testing Wed Jul 01 15:24:33 UTC 2020 /home/travis/build/icyphy/ptII/ptolemy/domains/continuous/test/auto/Integration3.xml
----------------- Instantiating /home/travis/build/icyphy/ptII/ptolemy/domains/continuous/test/auto/Integration3.xml
2 ms. Memory: 270336K Free: 96768K (36%)
----------------- Invoking toplevel() on ptolemy.moml.MoMLSimpleApplication@3cd05ed8
----------------- Done invoking toplevel() on ptolemy.moml.MoMLSimpleApplication@3cd05ed8
reloadAllAccessors: .Integration3

===========================================================================================
----------------- testing Wed Jul 01 15:24:33 UTC 2020 /home/travis/build/icyphy/ptII/ptolemy/domains/continuous/test/auto/Integration5.xml
----------------- Instantiating /home/travis/build/icyphy/ptII/ptolemy/domains/continuous/test/auto/Integration5.xml
8 ms. Memory: 270336K Free: 253871K (94%)
----------------- Invoking toplevel() on ptolemy.moml.MoMLSimpleApplication@2a0d9f6e
----------------- Done invoking toplevel() on ptolemy.moml.MoMLSimpleApplication@2a0d9f6e
reloadAllAccessors: .Integration5

===========================================================================================
----------------- testing Wed Jul 01 15:24:34 UTC 2020 /home/travis/build/icyphy/ptII/ptolemy/domains/continuous/test/auto/IntegratorImpulse.xml
----------------- Instantiating /home/travis/build/icyphy/ptII/ptolemy/domains/continuous/test/auto/IntegratorImpulse.xml
2 ms. Memory: 270336K Free: 249510K (92%)
----------------- Invoking toplevel() on ptolemy.moml.MoMLSimpleApplication@21eb9794
----------------- Done invoking toplevel() on ptolemy.moml.MoMLSimpleApplication@21eb9794
reloadAllAccessors: .IntegratorImpulse

===========================================================================================
----------------- testing Wed Jul 01 15:24:34 UTC 2020 /home/travis/build/icyphy/ptII/ptolemy/domains/continuous/test/auto/IntegratorImpulse2.xml
----------------- Instantiating /home/travis/build/icyphy/ptII/ptolemy/domains/continuous/test/auto/IntegratorImpulse2.xml
3 ms. Memory: 270336K Free: 244918K (91%)
----------------- Invoking toplevel() on ptolemy.moml.MoMLSimpleApplication@6cafc7ab
----------------- Done invoking toplevel() on ptolemy.moml.MoMLSimpleApplication@6cafc7ab
reloadAllAccessors: .IntegratorImpulse2

===========================================================================================
----------------- testing Wed Jul 01 15:24:34 UTC 2020 /home/travis/build/icyphy/ptII/ptolemy/domains/continuous/test/auto/LevelCrossing1.xml
----------------- Instantiating /home/travis/build/icyphy/ptII/ptolemy/domains/continuous/test/auto/LevelCrossing1.xml
3 ms. Memory: 270336K Free: 239798K (89%)
----------------- Invoking toplevel() on ptolemy.moml.MoMLSimpleApplication@51968ccd
----------------- Done invoking toplevel() on ptolemy.moml.MoMLSimpleApplication@51968ccd
reloadAllAccessors: .LevelCrossing1

===========================================================================================
----------------- testing Wed Jul 01 15:24:34 UTC 2020 /home/travis/build/icyphy/ptII/ptolemy/domains/continuous/test/auto/LevelCrossing2.xml
----------------- Instantiating /home/travis/build/icyphy/ptII/ptolemy/domains/continuous/test/auto/LevelCrossing2.xml
4 ms. Memory: 270336K Free: 234678K (87%)
----------------- Invoking toplevel() on ptolemy.moml.MoMLSimpleApplication@288045bc
----------------- Done invoking toplevel() on ptolemy.moml.MoMLSimpleApplication@288045bc
reloadAllAccessors: .LevelCrossing2

===========================================================================================
----------------- testing Wed Jul 01 15:24:34 UTC 2020 /home/travis/build/icyphy/ptII/ptolemy/domains/continuous/test/auto/LevelCrossing3.xml
----------------- Instantiating /home/travis/build/icyphy/ptII/ptolemy/domains/continuous/test/auto/LevelCrossing3.xml
4 ms. Memory: 270336K Free: 229558K (85%)
----------------- Invoking toplevel() on ptolemy.moml.MoMLSimpleApplication@348be618
----------------- Done invoking toplevel() on ptolemy.moml.MoMLSimpleApplication@348be618
reloadAllAccessors: .LevelCrossing3

===========================================================================================
----------------- testing Wed Jul 01 15:24:34 UTC 2020 /home/travis/build/icyphy/ptII/ptolemy/domains/continuous/test/auto/LevelCrossing4.xml
----------------- Instantiating /home/travis/build/icyphy/ptII/ptolemy/domains/continuous/test/auto/LevelCrossing4.xml
3 ms. Memory: 270336K Free: 224438K (83%)
----------------- Invoking toplevel() on ptolemy.moml.MoMLSimpleApplication@6ebc0232
----------------- Done invoking toplevel() on ptolemy.moml.MoMLSimpleApplication@6ebc0232
reloadAllAccessors: .LevelCrossing4

===========================================================================================
----------------- testing Wed Jul 01 15:24:34 UTC 2020 /home/travis/build/icyphy/ptII/ptolemy/domains/continuous/test/auto/LevelCrossing5.xml
----------------- Instantiating /home/travis/build/icyphy/ptII/ptolemy/domains/continuous/test/auto/LevelCrossing5.xml
3 ms. Memory: 270336K Free: 219318K (81%)
----------------- Invoking toplevel() on ptolemy.moml.MoMLSimpleApplication@72534a8f
----------------- Done invoking toplevel() on ptolemy.moml.MoMLSimpleApplication@72534a8f
reloadAllAccessors: .LevelCrossing5

===========================================================================================
[...]
----------------- testing Wed Jul 01 15:24:49 UTC 2020 /home/travis/build/icyphy/ptII/ptolemy/domains/continuous/test/auto/SRinContinuous.xml
----------------- Instantiating /home/travis/build/icyphy/ptII/ptolemy/domains/continuous/test/auto/SRinContinuous.xml
3 ms. Memory: 324608K Free: 170271K (52%)
----------------- Invoking toplevel() on ptolemy.moml.MoMLSimpleApplication@771f202e
----------------- Done invoking toplevel() on ptolemy.moml.MoMLSimpleApplication@771f202e
reloadAllAccessors: .SRinContinuous

===========================================================================================
----------------- testing Wed Jul 01 15:24:49 UTC 2020 /home/travis/build/icyphy/ptII/ptolemy/domains/continuous/test/auto/SampledClocks.xml
----------------- Instantiating /home/travis/build/icyphy/ptII/ptolemy/domains/continuous/test/auto/SampledClocks.xml
5 ms. Memory: 324608K Free: 157469K (49%)
----------------- Invoking toplevel() on ptolemy.moml.MoMLSimpleApplication@5401985c
----------------- Done invoking toplevel() on ptolemy.moml.MoMLSimpleApplication@5401985c
reloadAllAccessors: .SampledClocks

===========================================================================================
----------------- testing Wed Jul 01 15:24:49 UTC 2020 /home/travis/build/icyphy/ptII/ptolemy/domains/continuous/test/auto/Satellite.xml
----------------- Instantiating /home/travis/build/icyphy/ptII/ptolemy/domains/continuous/test/auto/Satellite.xml
718 ms. Memory: 324608K Free: 156476K (48%)
----------------- Invoking toplevel() on ptolemy.moml.MoMLSimpleApplication@772b377
----------------- Done invoking toplevel() on ptolemy.moml.MoMLSimpleApplication@772b377
reloadAllAccessors: .Satellite

===========================================================================================
----------------- testing Wed Jul 01 15:24:50 UTC 2020 /home/travis/build/icyphy/ptII/ptolemy/domains/continuous/test/auto/SigmaDelta.xml
----------------- Instantiating /home/travis/build/icyphy/ptII/ptolemy/domains/continuous/test/auto/SigmaDelta.xml
1954 ms. Memory: 324608K Free: 269340K (83%)
----------------- Invoking toplevel() on ptolemy.moml.MoMLSimpleApplication@4879ae77
----------------- Done invoking toplevel() on ptolemy.moml.MoMLSimpleApplication@4879ae77
reloadAllAccessors: .SigmaDelta

===========================================================================================
----------------- testing Wed Jul 01 15:24:52 UTC 2020 /home/travis/build/icyphy/ptII/ptolemy/domains/continuous/test/auto/SingleRefinement.xml
----------------- Instantiating /home/travis/build/icyphy/ptII/ptolemy/domains/continuous/test/auto/SingleRefinement.xml
318 ms. Memory: 324608K Free: 278553K (86%)
----------------- Invoking toplevel() on ptolemy.moml.MoMLSimpleApplication@d1e0260
----------------- Done invoking toplevel() on ptolemy.moml.MoMLSimpleApplication@d1e0260
reloadAllAccessors: .SingleRefinement

===========================================================================================
----------------- testing Wed Jul 01 15:24:52 UTC 2020 /home/travis/build/icyphy/ptII/ptolemy/domains/continuous/test/auto/SinuBouncingBall.xml
----------------- Instantiating /home/travis/build/icyphy/ptII/ptolemy/domains/continuous/test/auto/SinuBouncingBall.xml
721 ms. Memory: 324608K Free: 254189K (78%)
----------------- Invoking toplevel() on ptolemy.moml.MoMLSimpleApplication@25b876b7
----------------- Done invoking toplevel() on ptolemy.moml.MoMLSimpleApplication@25b876b7
reloadAllAccessors: .SinuBouncingBall

===========================================================================================
----------------- testing Wed Jul 01 15:24:53 UTC 2020 /home/travis/build/icyphy/ptII/ptolemy/domains/continuous/test/auto/Sinusoid.xml
----------------- Instantiating /home/travis/build/icyphy/ptII/ptolemy/domains/continuous/test/auto/Sinusoid.xml
4 ms. Memory: 324608K Free: 249565K (77%)
----------------- Invoking toplevel() on ptolemy.moml.MoMLSimpleApplication@4ba51ca0
----------------- Done invoking toplevel() on ptolemy.moml.MoMLSimpleApplication@4ba51ca0
reloadAllAccessors: .Sinusoid

===========================================================================================
----------------- testing Wed Jul 01 15:24:53 UTC 2020 /home/travis/build/icyphy/ptII/ptolemy/domains/continuous/test/auto/SinusoidInNoise.xml
----------------- Instantiating /home/travis/build/icyphy/ptII/ptolemy/domains/continuous/test/auto/SinusoidInNoise.xml
764 ms. Memory: 324608K Free: 304982K (94%)
----------------- Invoking toplevel() on ptolemy.moml.MoMLSimpleApplication@653aa082
----------------- Done invoking toplevel() on ptolemy.moml.MoMLSimpleApplication@653aa082
reloadAllAccessors: .SinusoidInNoise

===========================================================================================
----------------- testing Wed Jul 01 15:24:54 UTC 2020 /home/travis/build/icyphy/ptII/ptolemy/domains/continuous/test/auto/SinusoidRK45.xml
----------------- Instantiating /home/travis/build/icyphy/ptII/ptolemy/domains/continuous/test/auto/SinusoidRK45.xml
4 ms. Memory: 324608K Free: 300358K (93%)
----------------- Invoking toplevel() on ptolemy.moml.MoMLSimpleApplication@4a86c095
----------------- Done invoking toplevel() on ptolemy.moml.MoMLSimpleApplication@4a86c095
reloadAllAccessors: .SinusoidRK45

===========================================================================================
----------------- testing Wed Jul 01 15:24:54 UTC 2020 /home/travis/build/icyphy/ptII/ptolemy/domains/continuous/test/auto/SinusoidWithMultipleImpulses.xml
----------------- Instantiating /home/travis/build/icyphy/ptII/ptolemy/domains/continuous/test/auto/SinusoidWithMultipleImpulses.xml
3 ms. Memory: 324608K Free: 295766K (91%)
----------------- Invoking toplevel() on ptolemy.moml.MoMLSimpleApplication@60e9496a
----------------- Done invoking toplevel() on ptolemy.moml.MoMLSimpleApplication@60e9496a
reloadAllAccessors: .SinusoidWithMultipleImpulses

===========================================================================================
----------------- testing Wed Jul 01 15:24:54 UTC 2020 /home/travis/build/icyphy/ptII/ptolemy/domains/continuous/test/auto/SquareWave.xml
----------------- Instantiating /home/travis/build/icyphy/ptII/ptolemy/domains/continuous/test/auto/SquareWave.xml
137 ms. Memory: 324608K Free: 268118K (83%)
----------------- Invoking toplevel() on ptolemy.moml.MoMLSimpleApplication@4323e29c
----------------- Done invoking toplevel() on ptolemy.moml.MoMLSimpleApplication@4323e29c
reloadAllAccessors: .SquareWave

===========================================================================================
----------------- testing Wed Jul 01 15:24:54 UTC 2020 /home/travis/build/icyphy/ptII/ptolemy/domains/continuous/test/auto/Starmac.xml
----------------- Instantiating /home/travis/build/icyphy/ptII/ptolemy/domains/continuous/test/auto/Starmac.xml
3076 ms. Memory: 324608K Free: 150541K (46%)
----------------- Invoking toplevel() on ptolemy.moml.MoMLSimpleApplication@67497663
----------------- Done invoking toplevel() on ptolemy.moml.MoMLSimpleApplication@67497663
reloadAllAccessors: .Starmac

===========================================================================================
----------------- testing Wed Jul 01 15:24:58 UTC 2020 /home/travis/build/icyphy/ptII/ptolemy/domains/continuous/test/auto/StaticUnits.xml
----------------- Instantiating /home/travis/build/icyphy/ptII/ptolemy/domains/continuous/test/auto/StaticUnits.xml
1756 ms. Memory: 324608K Free: 263605K (81%)
----------------- Invoking toplevel() on ptolemy.moml.MoMLSimpleApplication@4e63d050
----------------- Done invoking toplevel() on ptolemy.moml.MoMLSimpleApplication@4e63d050
reloadAllAccessors: .StaticUnits

===========================================================================================
----------------- testing Wed Jul 01 15:25:00 UTC 2020 /home/travis/build/icyphy/ptII/ptolemy/domains/continuous/test/auto/StickyMasses.xml
----------------- Instantiating /home/travis/build/icyphy/ptII/ptolemy/domains/continuous/test/auto/StickyMasses.xml
134 ms. Memory: 324608K Free: 214453K (66%)
----------------- Invoking toplevel() on ptolemy.moml.MoMLSimpleApplication@cc6369c
----------------- Done invoking toplevel() on ptolemy.moml.MoMLSimpleApplication@cc6369c
reloadAllAccessors: .StickyMasses

===========================================================================================
----------------- testing Wed Jul 01 15:25:00 UTC 2020 /home/travis/build/icyphy/ptII/ptolemy/domains/continuous/test/auto/StopTime.xml
----------------- Instantiating /home/travis/build/icyphy/ptII/ptolemy/domains/continuous/test/auto/StopTime.xml
37 ms. Memory: 324608K Free: 189877K (58%)
----------------- Invoking toplevel() on ptolemy.moml.MoMLSimpleApplication@6873112f
----------------- Done invoking toplevel() on ptolemy.moml.MoMLSimpleApplication@6873112f
reloadAllAccessors: .StopTime

===========================================================================================
----------------- testing Wed Jul 01 15:25:00 UTC 2020 /home/travis/build/icyphy/ptII/ptolemy/domains/continuous/test/auto/StopTime2.xml
----------------- Instantiating /home/travis/build/icyphy/ptII/ptolemy/domains/continuous/test/auto/StopTime2.xml
33 ms. Memory: 324608K Free: 167853K (52%)
----------------- Invoking toplevel() on ptolemy.moml.MoMLSimpleApplication@5b1d965c
----------------- Done invoking toplevel() on ptolemy.moml.MoMLSimpleApplication@5b1d965c
reloadAllAccessors: .StopTime2

===========================================================================================
----------------- testing Wed Jul 01 15:25:00 UTC 2020 /home/travis/build/icyphy/ptII/ptolemy/domains/continuous/test/auto/Switch.xml
----------------- Instantiating /home/travis/build/icyphy/ptII/ptolemy/domains/continuous/test/auto/Switch.xml
36 ms. Memory: 324608K Free: 143283K (44%)
----------------- Invoking toplevel() on ptolemy.moml.MoMLSimpleApplication@365f3594
----------------- Done invoking toplevel() on ptolemy.moml.MoMLSimpleApplication@365f3594
reloadAllAccessors: .Switch

===========================================================================================
----------------- testing Wed Jul 01 15:25:00 UTC 2020 /home/travis/build/icyphy/ptII/ptolemy/domains/continuous/test/auto/Thermostat.xml
----------------- Instantiating /home/travis/build/icyphy/ptII/ptolemy/domains/continuous/test/auto/Thermostat.xml
183 ms. Memory: 324608K Free: 260102K (80%)
----------------- Invoking toplevel() on ptolemy.moml.MoMLSimpleApplication@76701865
----------------- Done invoking toplevel() on ptolemy.moml.MoMLSimpleApplication@76701865
reloadAllAccessors: .Thermostat

===========================================================================================
----------------- testing Wed Jul 01 15:25:00 UTC 2020 /home/travis/build/icyphy/ptII/ptolemy/domains/continuous/test/auto/TimeDelay.xml
----------------- Instantiating /home/travis/build/icyphy/ptII/ptolemy/domains/continuous/test/auto/TimeDelay.xml
5 ms. Memory: 324608K Free: 255376K (79%)
----------------- Invoking toplevel() on ptolemy.moml.MoMLSimpleApplication@9f33790
----------------- Done invoking toplevel() on ptolemy.moml.MoMLSimpleApplication@9f33790
reloadAllAccessors: .TimeDelay

===========================================================================================
----------------- testing Wed Jul 01 15:25:01 UTC 2020 /home/travis/build/icyphy/ptII/ptolemy/domains/continuous/test/auto/TimeDelay2.xml
----------------- Instantiating /home/travis/build/icyphy/ptII/ptolemy/domains/continuous/test/auto/TimeDelay2.xml
8 ms. Memory: 324608K Free: 245681K (76%)
----------------- Invoking toplevel() on ptolemy.moml.MoMLSimpleApplication@64984886
----------------- Done invoking toplevel() on ptolemy.moml.MoMLSimpleApplication@64984886
reloadAllAccessors: .TimeDelay2

===========================================================================================
----------------- testing Wed Jul 01 15:25:01 UTC 2020 /home/travis/build/icyphy/ptII/ptolemy/domains/continuous/test/auto/TimeDelay3.xml
----------------- Instantiating /home/travis/build/icyphy/ptII/ptolemy/domains/continuous/test/auto/TimeDelay3.xml
4 ms. Memory: 324608K Free: 241054K (74%)
----------------- Invoking toplevel() on ptolemy.moml.MoMLSimpleApplication@396794db
----------------- Done invoking toplevel() on ptolemy.moml.MoMLSimpleApplication@396794db
reloadAllAccessors: .TimeDelay3

===========================================================================================
----------------- testing Wed Jul 01 15:25:01 UTC 2020 /home/travis/build/icyphy/ptII/ptolemy/domains/continuous/test/auto/TransferAbsentToInside.xml
----------------- Instantiating /home/travis/build/icyphy/ptII/ptolemy/domains/continuous/test/auto/TransferAbsentToInside.xml
27 ms. Memory: 324608K Free: 187808K (58%)
----------------- Invoking toplevel() on ptolemy.moml.MoMLSimpleApplication@6d11eed2
----------------- Done invoking toplevel() on ptolemy.moml.MoMLSimpleApplication@6d11eed2
reloadAllAccessors: .TransferAbsentToInside

===========================================================================================
----------------- testing Wed Jul 01 15:25:01 UTC 2020 /home/travis/build/icyphy/ptII/ptolemy/domains/continuous/test/auto/Transmission.xml
----------------- Instantiating /home/travis/build/icyphy/ptII/ptolemy/domains/continuous/test/auto/Transmission.xml
723 ms. Memory: 324608K Free: 146863K (45%)
----------------- Invoking toplevel() on ptolemy.moml.MoMLSimpleApplication@4200a90a
----------------- Done invoking toplevel() on ptolemy.moml.MoMLSimpleApplication@4200a90a
reloadAllAccessors: .Transmission

===========================================================================================
----------------- testing Wed Jul 01 15:25:01 UTC 2020 /home/travis/build/icyphy/ptII/ptolemy/domains/continuous/test/auto/TriggeredContinuousClock.xml
----------------- Instantiating /home/travis/build/icyphy/ptII/ptolemy/domains/continuous/test/auto/TriggeredContinuousClock.xml
34 ms. Memory: 324608K Free: 117681K (36%)
----------------- Invoking toplevel() on ptolemy.moml.MoMLSimpleApplication@59afbe3f
----------------- Done invoking toplevel() on ptolemy.moml.MoMLSimpleApplication@59afbe3f
reloadAllAccessors: .TriggeredContinuousClock

===========================================================================================
----------------- testing Wed Jul 01 15:25:01 UTC 2020 /home/travis/build/icyphy/ptII/ptolemy/domains/continuous/test/auto/TwoMachineInfiniteBusControl.xml
----------------- Instantiating /home/travis/build/icyphy/ptII/ptolemy/domains/continuous/test/auto/TwoMachineInfiniteBusControl.xml
2353 ms. Memory: 324608K Free: 298344K (92%)
----------------- Invoking toplevel() on ptolemy.moml.MoMLSimpleApplication@645f66f
----------------- Done invoking toplevel() on ptolemy.moml.MoMLSimpleApplication@645f66f
reloadAllAccessors: .TwoMachineInfiniteBusControl

===========================================================================================
----------------- testing Wed Jul 01 15:25:04 UTC 2020 /home/travis/build/icyphy/ptII/ptolemy/domains/continuous/test/auto/V2V.xml
----------------- Instantiating /home/travis/build/icyphy/ptII/ptolemy/domains/continuous/test/auto/V2V.xml
764 ms. Memory: 324608K Free: 298346K (92%)
----------------- Invoking toplevel() on ptolemy.moml.MoMLSimpleApplication@3828dcfd
----------------- Done invoking toplevel() on ptolemy.moml.MoMLSimpleApplication@3828dcfd
reloadAllAccessors: .V2V

===========================================================================================
----------------- testing Wed Jul 01 15:25:05 UTC 2020 /home/travis/build/icyphy/ptII/ptolemy/domains/continuous/test/auto/hierarchicalModalModel.xml
----------------- Instantiating /home/travis/build/icyphy/ptII/ptolemy/domains/continuous/test/auto/hierarchicalModalModel.xml
10 ms. Memory: 324608K Free: 284010K (87%)
----------------- Invoking toplevel() on ptolemy.moml.MoMLSimpleApplication@c6413ae
----------------- Done invoking toplevel() on ptolemy.moml.MoMLSimpleApplication@c6413ae
reloadAllAccessors: .hierarchicalModalModel

===========================================================================================
----------------- testing Wed Jul 01 15:25:05 UTC 2020 /home/travis/build/icyphy/ptII/ptolemy/domains/continuous/test/auto/hierarchicalModalModel1.xml
----------------- Instantiating /home/travis/build/icyphy/ptII/ptolemy/domains/continuous/test/auto/hierarchicalModalModel1.xml
7 ms. Memory: 324608K Free: 269674K (83%)
----------------- Invoking toplevel() on ptolemy.moml.MoMLSimpleApplication@eceffad
----------------- Done invoking toplevel() on ptolemy.moml.MoMLSimpleApplication@eceffad
reloadAllAccessors: .hierarchicalModalModel1

===========================================================================================
----------------- testing Wed Jul 01 15:25:05 UTC 2020 /home/travis/build/icyphy/ptII/ptolemy/domains/continuous/test/auto/hierarchicalModalModel2.xml
----------------- Instantiating /home/travis/build/icyphy/ptII/ptolemy/domains/continuous/test/auto/hierarchicalModalModel2.xml
5 ms. Memory: 324608K Free: 257386K (79%)
----------------- Invoking toplevel() on ptolemy.moml.MoMLSimpleApplication@5c86f77
----------------- Done invoking toplevel() on ptolemy.moml.MoMLSimpleApplication@5c86f77
reloadAllAccessors: .hierarchicalModalModel2

===========================================================================================
----------------- testing Wed Jul 01 15:25:05 UTC 2020 /home/travis/build/icyphy/ptII/ptolemy/domains/continuous/test/auto/hierarchicalModalModel3.xml
----------------- Instantiating /home/travis/build/icyphy/ptII/ptolemy/domains/continuous/test/auto/hierarchicalModalModel3.xml
6 ms. Memory: 324608K Free: 246632K (76%)
----------------- Invoking toplevel() on ptolemy.moml.MoMLSimpleApplication@6f00230b
----------------- Done invoking toplevel() on ptolemy.moml.MoMLSimpleApplication@6f00230b
reloadAllAccessors: .hierarchicalModalModel3

===========================================================================================
----------------- testing Wed Jul 01 15:25:05 UTC 2020 /home/travis/build/icyphy/ptII/ptolemy/domains/continuous/test/auto/hierarchicalModalModel4.xml
----------------- Instantiating /home/travis/build/icyphy/ptII/ptolemy/domains/continuous/test/auto/hierarchicalModalModel4.xml
5 ms. Memory: 324608K Free: 234858K (72%)
----------------- Invoking toplevel() on ptolemy.moml.MoMLSimpleApplication@71230374
----------------- Done invoking toplevel() on ptolemy.moml.MoMLSimpleApplication@71230374
reloadAllAccessors: .hierarchicalModalModel4

===========================================================================================
----------------- testing Wed Jul 01 15:25:05 UTC 2020 /home/travis/build/icyphy/ptII/ptolemy/domains/continuous/test/auto/junk.xml
----------------- Instantiating /home/travis/build/icyphy/ptII/ptolemy/domains/continuous/test/auto/junk.xml
112 ms. Memory: 324608K Free: 208744K (64%)
----------------- Invoking toplevel() on ptolemy.moml.MoMLSimpleApplication@740b15bd
----------------- Done invoking toplevel() on ptolemy.moml.MoMLSimpleApplication@740b15bd
reloadAllAccessors: .junk
AutoTests.java: About to close Vertx.
AutoTests.java: Vertx closed.
]]></system-out>
  <system-err><![CDATA[Warning: '.HysteresisWithRandomDelay.NonStrictTest3' The test produced only 18 tokens, yet the correctValues parameter was expecting 30 tokens.
Warning: '.IncreasingRatePoisson.NonStrictTest' The test produced only 367 tokens, yet the correctValues parameter was expecting 402 tokens.
Warning: '.Poisson.NonStrictTest' The test produced only 404 tokens, yet the correctValues parameter was expecting 430 tokens.
]]></system-err>
</testsuite>
