<?xml version="1.0" encoding="UTF-8" ?>
<testsuite errors="0" failures="0" hostname="travis-job-877d6ae1-5cec-4320-9ccd-7e7810620b13" name="ptolemy.domains.continuous.test.junit.JUnitTclTest" skipped="0" tests="156" time="68.098" timestamp="2020-10-02T00:55:45">
  <properties>
[...]
</properties>
  <testcase classname="ptolemy.util.test.junit.TclTests" name="[0] ThereAreNoTclTests (RunTclFile)" time="0.007" />
  <testcase classname="ptolemy.util.test.junit.AutoKnownFailedTests" name="[0] ThereAreNoKnowFailedTests (RunModel)" time="0.004" />
  <testcase classname="ptolemy.util.test.junit.AutoNameArchTests" name="[0] ThereAreNoAutoArchTests (RunModel)" time="0.014" />
  <testcase classname="ptolemy.util.test.junit.AutoTests" name="[0] /home/travis/build/icyphy/ptII/ptolemy/domains/continuous/test/auto/BouncingBall.xml (RunModel)" time="2.861" />
  <testcase classname="ptolemy.util.test.junit.AutoTests" name="[1] /home/travis/build/icyphy/ptII/ptolemy/domains/continuous/test/auto/BouncingBallWithoutGR.xml (RunModel)" time="0.785" />
  <testcase classname="ptolemy.util.test.junit.AutoTests" name="[2] /home/travis/build/icyphy/ptII/ptolemy/domains/continuous/test/auto/Brownian.xml (RunModel)" time="0.145" />
  <testcase classname="ptolemy.util.test.junit.AutoTests" name="[3] /home/travis/build/icyphy/ptII/ptolemy/domains/continuous/test/auto/CarTracking.xml (RunModel)" time="4.269" />
  <testcase classname="ptolemy.util.test.junit.AutoTests" name="[4] /home/travis/build/icyphy/ptII/ptolemy/domains/continuous/test/auto/CartPendulum.xml (RunModel)" time="0.468" />
  <testcase classname="ptolemy.util.test.junit.AutoTests" name="[5] /home/travis/build/icyphy/ptII/ptolemy/domains/continuous/test/auto/CausalityInterface10.xml (RunModel)" time="0.054" />
  <testcase classname="ptolemy.util.test.junit.AutoTests" name="[6] /home/travis/build/icyphy/ptII/ptolemy/domains/continuous/test/auto/CausalityInterface11.xml (RunModel)" time="0.023" />
  <testcase classname="ptolemy.util.test.junit.AutoTests" name="[7] /home/travis/build/icyphy/ptII/ptolemy/domains/continuous/test/auto/CausalityInterface12.xml (RunModel)" time="0.025" />
  <testcase classname="ptolemy.util.test.junit.AutoTests" name="[8] /home/travis/build/icyphy/ptII/ptolemy/domains/continuous/test/auto/CausalityInterface13.xml (RunModel)" time="0.036" />
  <testcase classname="ptolemy.util.test.junit.AutoTests" name="[9] /home/travis/build/icyphy/ptII/ptolemy/domains/continuous/test/auto/CausalityInterface14.xml (RunModel)" time="0.022" />
  <testcase classname="ptolemy.util.test.junit.AutoTests" name="[10] /home/travis/build/icyphy/ptII/ptolemy/domains/continuous/test/auto/CausalityInterface4.xml (RunModel)" time="0.05" />
  <testcase classname="ptolemy.util.test.junit.AutoTests" name="[11] /home/travis/build/icyphy/ptII/ptolemy/domains/continuous/test/auto/CausalityInterface5.xml (RunModel)" time="0.047" />
  <testcase classname="ptolemy.util.test.junit.AutoTests" name="[12] /home/travis/build/icyphy/ptII/ptolemy/domains/continuous/test/auto/CausalityInterface6.xml (RunModel)" time="0.029" />
  <testcase classname="ptolemy.util.test.junit.AutoTests" name="[13] /home/travis/build/icyphy/ptII/ptolemy/domains/continuous/test/auto/CausalityInterface7.xml (RunModel)" time="0.026" />
  <testcase classname="ptolemy.util.test.junit.AutoTests" name="[14] /home/travis/build/icyphy/ptII/ptolemy/domains/continuous/test/auto/CausalityInterface8.xml (RunModel)" time="0.024" />
  <testcase classname="ptolemy.util.test.junit.AutoTests" name="[15] /home/travis/build/icyphy/ptII/ptolemy/domains/continuous/test/auto/CausalityInterface9.xml (RunModel)" time="0.029" />
  <testcase classname="ptolemy.util.test.junit.AutoTests" name="[16] /home/travis/build/icyphy/ptII/ptolemy/domains/continuous/test/auto/CausalityInterfaceFeedback1.xml (RunModel)" time="0.027" />
  <testcase classname="ptolemy.util.test.junit.AutoTests" name="[17] /home/travis/build/icyphy/ptII/ptolemy/domains/continuous/test/auto/CausalityInterfaceFeedback2.xml (RunModel)" time="0.032" />
  <testcase classname="ptolemy.util.test.junit.AutoTests" name="[18] /home/travis/build/icyphy/ptII/ptolemy/domains/continuous/test/auto/CompareWithCurrentTime.xml (RunModel)" time="0.014" />
  <testcase classname="ptolemy.util.test.junit.AutoTests" name="[19] /home/travis/build/icyphy/ptII/ptolemy/domains/continuous/test/auto/ComparedClocks.xml (RunModel)" time="0.066" />
  <testcase classname="ptolemy.util.test.junit.AutoTests" name="[20] /home/travis/build/icyphy/ptII/ptolemy/domains/continuous/test/auto/ContinuousAOCClone.xml (RunModel)" time="2.368" />
  <testcase classname="ptolemy.util.test.junit.AutoTests" name="[21] /home/travis/build/icyphy/ptII/ptolemy/domains/continuous/test/auto/ContinuousClock.xml (RunModel)" time="0.094" />
  <testcase classname="ptolemy.util.test.junit.AutoTests" name="[22] /home/travis/build/icyphy/ptII/ptolemy/domains/continuous/test/auto/ContinuousInContinuous.xml (RunModel)" time="0.086" />
  <testcase classname="ptolemy.util.test.junit.AutoTests" name="[23] /home/travis/build/icyphy/ptII/ptolemy/domains/continuous/test/auto/ContinuousInContinuousInContinuous.xml (RunModel)" time="0.021" />
  <testcase classname="ptolemy.util.test.junit.AutoTests" name="[24] /home/travis/build/icyphy/ptII/ptolemy/domains/continuous/test/auto/ContinuousInDE.xml (RunModel)" time="0.109" />
  <testcase classname="ptolemy.util.test.junit.AutoTests" name="[25] /home/travis/build/icyphy/ptII/ptolemy/domains/continuous/test/auto/ContinuousInDE2.xml (RunModel)" time="0.041" />
  <testcase classname="ptolemy.util.test.junit.AutoTests" name="[26] /home/travis/build/icyphy/ptII/ptolemy/domains/continuous/test/auto/ContinuousInDE3.xml (RunModel)" time="0.042" />
  <testcase classname="ptolemy.util.test.junit.AutoTests" name="[27] /home/travis/build/icyphy/ptII/ptolemy/domains/continuous/test/auto/ContinuousInDE4.xml (RunModel)" time="0.023" />
  <testcase classname="ptolemy.util.test.junit.AutoTests" name="[28] /home/travis/build/icyphy/ptII/ptolemy/domains/continuous/test/auto/ContinuousInDEDifferentRefinements.xml (RunModel)" time="0.078" />
  <testcase classname="ptolemy.util.test.junit.AutoTests" name="[29] /home/travis/build/icyphy/ptII/ptolemy/domains/continuous/test/auto/ContinuousInDEDifferentRefinementsPreemptive.xml (RunModel)" time="0.084" />
  <testcase classname="ptolemy.util.test.junit.AutoTests" name="[30] /home/travis/build/icyphy/ptII/ptolemy/domains/continuous/test/auto/ContinuousInDEInContinuous2.xml (RunModel)" time="0.053" />
  <testcase classname="ptolemy.util.test.junit.AutoTests" name="[31] /home/travis/build/icyphy/ptII/ptolemy/domains/continuous/test/auto/ContinuousInDEInContinuous3.xml (RunModel)" time="0.058" />
  <testcase classname="ptolemy.util.test.junit.AutoTests" name="[32] /home/travis/build/icyphy/ptII/ptolemy/domains/continuous/test/auto/ContinuousInDEInput.xml (RunModel)" time="0.032" />
  <testcase classname="ptolemy.util.test.junit.AutoTests" name="[33] /home/travis/build/icyphy/ptII/ptolemy/domains/continuous/test/auto/ContinuousInDEInput2.xml (RunModel)" time="0.027" />
  <testcase classname="ptolemy.util.test.junit.AutoTests" name="[34] /home/travis/build/icyphy/ptII/ptolemy/domains/continuous/test/auto/ContinuousInDEInput3.xml (RunModel)" time="0.026" />
  <testcase classname="ptolemy.util.test.junit.AutoTests" name="[35] /home/travis/build/icyphy/ptII/ptolemy/domains/continuous/test/auto/ContinuousInDESharingRefinement.xml (RunModel)" time="0.16" />
  <testcase classname="ptolemy.util.test.junit.AutoTests" name="[36] /home/travis/build/icyphy/ptII/ptolemy/domains/continuous/test/auto/ContinuousInDEwithNoPorts.xml (RunModel)" time="0.021" />
  <testcase classname="ptolemy.util.test.junit.AutoTests" name="[37] /home/travis/build/icyphy/ptII/ptolemy/domains/continuous/test/auto/ContinuousInsideDE.xml (RunModel)" time="0.076" />
  <testcase classname="ptolemy.util.test.junit.AutoTests" name="[38] /home/travis/build/icyphy/ptII/ptolemy/domains/continuous/test/auto/ContinuousMerge1.xml (RunModel)" time="0.013" />
  <testcase classname="ptolemy.util.test.junit.AutoTests" name="[39] /home/travis/build/icyphy/ptII/ptolemy/domains/continuous/test/auto/ContinuousMerge2.xml (RunModel)" time="0.039" />
  <testcase classname="ptolemy.util.test.junit.AutoTests" name="[40] /home/travis/build/icyphy/ptII/ptolemy/domains/continuous/test/auto/ContinuousMerge3.xml (RunModel)" time="0.064" />
  <testcase classname="ptolemy.util.test.junit.AutoTests" name="[41] /home/travis/build/icyphy/ptII/ptolemy/domains/continuous/test/auto/ContinuousWithinContinuous.xml (RunModel)" time="0.064" />
  <testcase classname="ptolemy.util.test.junit.AutoTests" name="[42] /home/travis/build/icyphy/ptII/ptolemy/domains/continuous/test/auto/ContinuousWithinContinuous2.xml (RunModel)" time="0.088" />
  <testcase classname="ptolemy.util.test.junit.AutoTests" name="[43] /home/travis/build/icyphy/ptII/ptolemy/domains/continuous/test/auto/ContinuousWithinContinuous3.xml (RunModel)" time="0.034" />
  <testcase classname="ptolemy.util.test.junit.AutoTests" name="[44] /home/travis/build/icyphy/ptII/ptolemy/domains/continuous/test/auto/ContinuousWithinContinuous4.xml (RunModel)" time="0.1" />
  <testcase classname="ptolemy.util.test.junit.AutoTests" name="[45] /home/travis/build/icyphy/ptII/ptolemy/domains/continuous/test/auto/ContinuousWithinContinuous5.xml (RunModel)" time="0.037" />
  <testcase classname="ptolemy.util.test.junit.AutoTests" name="[46] /home/travis/build/icyphy/ptII/ptolemy/domains/continuous/test/auto/ContinuousWithinContinuous6.xml (RunModel)" time="0.028" />
  <testcase classname="ptolemy.util.test.junit.AutoTests" name="[47] /home/travis/build/icyphy/ptII/ptolemy/domains/continuous/test/auto/ContinuousWithinContinuous7.xml (RunModel)" time="0.075" />
  <testcase classname="ptolemy.util.test.junit.AutoTests" name="[48] /home/travis/build/icyphy/ptII/ptolemy/domains/continuous/test/auto/DCMotor.xml (RunModel)" time="12.574" />
  <testcase classname="ptolemy.util.test.junit.AutoTests" name="[49] /home/travis/build/icyphy/ptII/ptolemy/domains/continuous/test/auto/DEInContinuous.xml (RunModel)" time="0.037" />
  <testcase classname="ptolemy.util.test.junit.AutoTests" name="[50] /home/travis/build/icyphy/ptII/ptolemy/domains/continuous/test/auto/DEinContinuous2.xml (RunModel)" time="0.029" />
  <testcase classname="ptolemy.util.test.junit.AutoTests" name="[51] /home/travis/build/icyphy/ptII/ptolemy/domains/continuous/test/auto/Derivative.xml (RunModel)" time="0.159" />
  <testcase classname="ptolemy.util.test.junit.AutoTests" name="[52] /home/travis/build/icyphy/ptII/ptolemy/domains/continuous/test/auto/Derivative1.xml (RunModel)" time="0.049" />
  <testcase classname="ptolemy.util.test.junit.AutoTests" name="[53] /home/travis/build/icyphy/ptII/ptolemy/domains/continuous/test/auto/DiscreteClock.xml (RunModel)" time="0.014" />
  <testcase classname="ptolemy.util.test.junit.AutoTests" name="[54] /home/travis/build/icyphy/ptII/ptolemy/domains/continuous/test/auto/EfficiencyCurve.xml (RunModel)" time="0.082" />
  <testcase classname="ptolemy.util.test.junit.AutoTests" name="[55] /home/travis/build/icyphy/ptII/ptolemy/domains/continuous/test/auto/ExponentialResponse.xml (RunModel)" time="0.091" />
  <testcase classname="ptolemy.util.test.junit.AutoTests" name="[56] /home/travis/build/icyphy/ptII/ptolemy/domains/continuous/test/auto/ExponentialResponseRK45.xml (RunModel)" time="0.026" />
  <testcase classname="ptolemy.util.test.junit.AutoTests" name="[57] /home/travis/build/icyphy/ptII/ptolemy/domains/continuous/test/auto/Friction.xml (RunModel)" time="1.402" />
  <testcase classname="ptolemy.util.test.junit.AutoTests" name="[58] /home/travis/build/icyphy/ptII/ptolemy/domains/continuous/test/auto/FurutaPendulum.xml (RunModel)" time="2.855" />
  <testcase classname="ptolemy.util.test.junit.AutoTests" name="[59] /home/travis/build/icyphy/ptII/ptolemy/domains/continuous/test/auto/HierarchicalExecution.xml (RunModel)" time="1.717" />
  <testcase classname="ptolemy.util.test.junit.AutoTests" name="[60] /home/travis/build/icyphy/ptII/ptolemy/domains/continuous/test/auto/HybridPlant.xml (RunModel)" time="0.502" />
  <testcase classname="ptolemy.util.test.junit.AutoTests" name="[61] /home/travis/build/icyphy/ptII/ptolemy/domains/continuous/test/auto/Hysteresis.xml (RunModel)" time="0.169" />
  <testcase classname="ptolemy.util.test.junit.AutoTests" name="[62] /home/travis/build/icyphy/ptII/ptolemy/domains/continuous/test/auto/HysteresisWithRandomDelay.xml (RunModel)" time="0.21" />
  <testcase classname="ptolemy.util.test.junit.AutoTests" name="[63] /home/travis/build/icyphy/ptII/ptolemy/domains/continuous/test/auto/HysteresisWithRandomLosses.xml (RunModel)" time="2.325" />
  <testcase classname="ptolemy.util.test.junit.AutoTests" name="[64] /home/travis/build/icyphy/ptII/ptolemy/domains/continuous/test/auto/ImmediateTransitions.xml (RunModel)" time="0.035" />
  <testcase classname="ptolemy.util.test.junit.AutoTests" name="[65] /home/travis/build/icyphy/ptII/ptolemy/domains/continuous/test/auto/ImpulseFeedback.xml (RunModel)" time="0.022" />
  <testcase classname="ptolemy.util.test.junit.AutoTests" name="[66] /home/travis/build/icyphy/ptII/ptolemy/domains/continuous/test/auto/ImpulseFeedback2.xml (RunModel)" time="0.014" />
  <testcase classname="ptolemy.util.test.junit.AutoTests" name="[67] /home/travis/build/icyphy/ptII/ptolemy/domains/continuous/test/auto/IncreasingRatePoisson.xml (RunModel)" time="0.712" />
  <testcase classname="ptolemy.util.test.junit.AutoTests" name="[68] /home/travis/build/icyphy/ptII/ptolemy/domains/continuous/test/auto/InitialStateFeedback.xml (RunModel)" time="0.016" />
  <testcase classname="ptolemy.util.test.junit.AutoTests" name="[69] /home/travis/build/icyphy/ptII/ptolemy/domains/continuous/test/auto/Integration.xml (RunModel)" time="0.01" />
  <testcase classname="ptolemy.util.test.junit.AutoTests" name="[70] /home/travis/build/icyphy/ptII/ptolemy/domains/continuous/test/auto/Integration2.xml (RunModel)" time="0.08" />
  <testcase classname="ptolemy.util.test.junit.AutoTests" name="[71] /home/travis/build/icyphy/ptII/ptolemy/domains/continuous/test/auto/Integration3.xml (RunModel)" time="0.01" />
  <testcase classname="ptolemy.util.test.junit.AutoTests" name="[72] /home/travis/build/icyphy/ptII/ptolemy/domains/continuous/test/auto/Integration5.xml (RunModel)" time="0.007" />
  <testcase classname="ptolemy.util.test.junit.AutoTests" name="[73] /home/travis/build/icyphy/ptII/ptolemy/domains/continuous/test/auto/IntegratorImpulse.xml (RunModel)" time="0.008" />
  <testcase classname="ptolemy.util.test.junit.AutoTests" name="[74] /home/travis/build/icyphy/ptII/ptolemy/domains/continuous/test/auto/IntegratorImpulse2.xml (RunModel)" time="0.02" />
  <testcase classname="ptolemy.util.test.junit.AutoTests" name="[75] /home/travis/build/icyphy/ptII/ptolemy/domains/continuous/test/auto/LevelCrossing1.xml (RunModel)" time="0.009" />
  <testcase classname="ptolemy.util.test.junit.AutoTests" name="[76] /home/travis/build/icyphy/ptII/ptolemy/domains/continuous/test/auto/LevelCrossing2.xml (RunModel)" time="0.012" />
  <testcase classname="ptolemy.util.test.junit.AutoTests" name="[77] /home/travis/build/icyphy/ptII/ptolemy/domains/continuous/test/auto/LevelCrossing3.xml (RunModel)" time="0.01" />
  <testcase classname="ptolemy.util.test.junit.AutoTests" name="[78] /home/travis/build/icyphy/ptII/ptolemy/domains/continuous/test/auto/LevelCrossing4.xml (RunModel)" time="0.012" />
  <testcase classname="ptolemy.util.test.junit.AutoTests" name="[79] /home/travis/build/icyphy/ptII/ptolemy/domains/continuous/test/auto/LevelCrossing5.xml (RunModel)" time="0.01" />
  <testcase classname="ptolemy.util.test.junit.AutoTests" name="[80] /home/travis/build/icyphy/ptII/ptolemy/domains/continuous/test/auto/LevelCrossing6.xml (RunModel)" time="0.01" />
  <testcase classname="ptolemy.util.test.junit.AutoTests" name="[81] /home/travis/build/icyphy/ptII/ptolemy/domains/continuous/test/auto/LevelCrossingDetector.xml (RunModel)" time="0.028" />
  <testcase classname="ptolemy.util.test.junit.AutoTests" name="[82] /home/travis/build/icyphy/ptII/ptolemy/domains/continuous/test/auto/LevelCrossingDetectorDetectingDirections.xml (RunModel)" time="0.075" />
  <testcase classname="ptolemy.util.test.junit.AutoTests" name="[83] /home/travis/build/icyphy/ptII/ptolemy/domains/continuous/test/auto/LevelCrossingDetectorDetectsGlitches.xml (RunModel)" time="0.052" />
  <testcase classname="ptolemy.util.test.junit.AutoTests" name="[84] /home/travis/build/icyphy/ptII/ptolemy/domains/continuous/test/auto/LevelCrossingNoInitialOuput.xml (RunModel)" time="0.014" />
  <testcase classname="ptolemy.util.test.junit.AutoTests" name="[85] /home/travis/build/icyphy/ptII/ptolemy/domains/continuous/test/auto/LinearStateSpaceExample.xml (RunModel)" time="0.059" />
  <testcase classname="ptolemy.util.test.junit.AutoTests" name="[86] /home/travis/build/icyphy/ptII/ptolemy/domains/continuous/test/auto/Lorenz.xml (RunModel)" time="3.431" />
  <testcase classname="ptolemy.util.test.junit.AutoTests" name="[87] /home/travis/build/icyphy/ptII/ptolemy/domains/continuous/test/auto/LorenzDifferentialSystem.xml (RunModel)" time="0.858" />
  <testcase classname="ptolemy.util.test.junit.AutoTests" name="[88] /home/travis/build/icyphy/ptII/ptolemy/domains/continuous/test/auto/LorenzDifferentialSystemWithInput.xml (RunModel)" time="1.24" />
  <testcase classname="ptolemy.util.test.junit.AutoTests" name="[89] /home/travis/build/icyphy/ptII/ptolemy/domains/continuous/test/auto/LorenzDifferentialSystemWithTime.xml (RunModel)" time="0.737" />
  <testcase classname="ptolemy.util.test.junit.AutoTests" name="[90] /home/travis/build/icyphy/ptII/ptolemy/domains/continuous/test/auto/Microsteps.xml (RunModel)" time="0.033" />
  <testcase classname="ptolemy.util.test.junit.AutoTests" name="[91] /home/travis/build/icyphy/ptII/ptolemy/domains/continuous/test/auto/Modal1.xml (RunModel)" time="0.039" />
  <testcase classname="ptolemy.util.test.junit.AutoTests" name="[92] /home/travis/build/icyphy/ptII/ptolemy/domains/continuous/test/auto/Modal2.xml (RunModel)" time="0.049" />
  <testcase classname="ptolemy.util.test.junit.AutoTests" name="[93] /home/travis/build/icyphy/ptII/ptolemy/domains/continuous/test/auto/ModalTransitionGuardWithReset.xml (RunModel)" time="0.026" />
  <testcase classname="ptolemy.util.test.junit.AutoTests" name="[94] /home/travis/build/icyphy/ptII/ptolemy/domains/continuous/test/auto/ModalTransitionGuardWithResetUsingPreemptiveTransition.xml (RunModel)" time="0.029" />
  <testcase classname="ptolemy.util.test.junit.AutoTests" name="[95] /home/travis/build/icyphy/ptII/ptolemy/domains/continuous/test/auto/ModalTransitionGuardWithResetUsingPreemptiveTransition2.xml (RunModel)" time="0.024" />
  <testcase classname="ptolemy.util.test.junit.AutoTests" name="[96] /home/travis/build/icyphy/ptII/ptolemy/domains/continuous/test/auto/ModalTransitionGuardWithResetUsingPreemptiveTransition3.xml (RunModel)" time="0.026" />
  <testcase classname="ptolemy.util.test.junit.AutoTests" name="[97] /home/travis/build/icyphy/ptII/ptolemy/domains/continuous/test/auto/NewtonsCradle.xml (RunModel)" time="0.745" />
  <testcase classname="ptolemy.util.test.junit.AutoTests" name="[98] /home/travis/build/icyphy/ptII/ptolemy/domains/continuous/test/auto/NewtonsCradleAnimated.xml (RunModel)" time="1.182" />
  <testcase classname="ptolemy.util.test.junit.AutoTests" name="[99] /home/travis/build/icyphy/ptII/ptolemy/domains/continuous/test/auto/NewtonsCradleComplicated.xml (RunModel)" time="0.909" />
  <testcase classname="ptolemy.util.test.junit.AutoTests" name="[100] /home/travis/build/icyphy/ptII/ptolemy/domains/continuous/test/auto/NewtonsCradleNondeterministic.xml (RunModel)" time="0.639" />
  <testcase classname="ptolemy.util.test.junit.AutoTests" name="[101] /home/travis/build/icyphy/ptII/ptolemy/domains/continuous/test/auto/NewtonsCradlePerfectlyInelastic1.xml (RunModel)" time="1.092" />
  <testcase classname="ptolemy.util.test.junit.AutoTests" name="[102] /home/travis/build/icyphy/ptII/ptolemy/domains/continuous/test/auto/Noise.xml (RunModel)" time="0.184" />
  <testcase classname="ptolemy.util.test.junit.AutoTests" name="[103] /home/travis/build/icyphy/ptII/ptolemy/domains/continuous/test/auto/NoiseSpectrum.xml (RunModel)" time="0.653" />
  <testcase classname="ptolemy.util.test.junit.AutoTests" name="[104] /home/travis/build/icyphy/ptII/ptolemy/domains/continuous/test/auto/ParameterizedNewtonsCradleAnimated.xml (RunModel)" time="0.329" />
  <testcase classname="ptolemy.util.test.junit.AutoTests" name="[105] /home/travis/build/icyphy/ptII/ptolemy/domains/continuous/test/auto/ParameterizedNewtonsCradleAnimatedNondeterministic.xml (RunModel)" time="1.052" />
  <testcase classname="ptolemy.util.test.junit.AutoTests" name="[106] /home/travis/build/icyphy/ptII/ptolemy/domains/continuous/test/auto/Pendulum3D.xml (RunModel)" time="0.156" />
  <testcase classname="ptolemy.util.test.junit.AutoTests" name="[107] /home/travis/build/icyphy/ptII/ptolemy/domains/continuous/test/auto/PeriodicSampler.xml (RunModel)" time="0.008" />
  <testcase classname="ptolemy.util.test.junit.AutoTests" name="[108] /home/travis/build/icyphy/ptII/ptolemy/domains/continuous/test/auto/PeriodicSampler1.xml (RunModel)" time="0.039" />
  <testcase classname="ptolemy.util.test.junit.AutoTests" name="[109] /home/travis/build/icyphy/ptII/ptolemy/domains/continuous/test/auto/PeriodicSampler2.xml (RunModel)" time="0.074" />
  <testcase classname="ptolemy.util.test.junit.AutoTests" name="[110] /home/travis/build/icyphy/ptII/ptolemy/domains/continuous/test/auto/Poisson.xml (RunModel)" time="0.42" />
  <testcase classname="ptolemy.util.test.junit.AutoTests" name="[111] /home/travis/build/icyphy/ptII/ptolemy/domains/continuous/test/auto/PoissonClock.xml (RunModel)" time="0.01" />
  <testcase classname="ptolemy.util.test.junit.AutoTests" name="[112] /home/travis/build/icyphy/ptII/ptolemy/domains/continuous/test/auto/PoissonClock2.xml (RunModel)" time="0.012" />
  <testcase classname="ptolemy.util.test.junit.AutoTests" name="[113] /home/travis/build/icyphy/ptII/ptolemy/domains/continuous/test/auto/PortParameterHierarchy.xml (RunModel)" time="0.023" />
  <testcase classname="ptolemy.util.test.junit.AutoTests" name="[114] /home/travis/build/icyphy/ptII/ptolemy/domains/continuous/test/auto/RandomHybridPlant.xml (RunModel)" time="0.571" />
  <testcase classname="ptolemy.util.test.junit.AutoTests" name="[115] /home/travis/build/icyphy/ptII/ptolemy/domains/continuous/test/auto/ResetTransitionWithStartTime1.xml (RunModel)" time="0.028" />
  <testcase classname="ptolemy.util.test.junit.AutoTests" name="[116] /home/travis/build/icyphy/ptII/ptolemy/domains/continuous/test/auto/ResetTransitionWithStartTime2.xml (RunModel)" time="0.038" />
  <testcase classname="ptolemy.util.test.junit.AutoTests" name="[117] /home/travis/build/icyphy/ptII/ptolemy/domains/continuous/test/auto/ResetTransitionWithStartTime3.xml (RunModel)" time="0.036" />
  <testcase classname="ptolemy.util.test.junit.AutoTests" name="[118] /home/travis/build/icyphy/ptII/ptolemy/domains/continuous/test/auto/ResetTransitionWithStartTime4.xml (RunModel)" time="0.028" />
  <testcase classname="ptolemy.util.test.junit.AutoTests" name="[119] /home/travis/build/icyphy/ptII/ptolemy/domains/continuous/test/auto/ResetTransitionWithStartTime5.xml (RunModel)" time="0.029" />
  <testcase classname="ptolemy.util.test.junit.AutoTests" name="[120] /home/travis/build/icyphy/ptII/ptolemy/domains/continuous/test/auto/ResetTransitionWithStartTime6.xml (RunModel)" time="0.031" />
  <testcase classname="ptolemy.util.test.junit.AutoTests" name="[121] /home/travis/build/icyphy/ptII/ptolemy/domains/continuous/test/auto/SRinContinuous.xml (RunModel)" time="0.02" />
  <testcase classname="ptolemy.util.test.junit.AutoTests" name="[122] /home/travis/build/icyphy/ptII/ptolemy/domains/continuous/test/auto/SampledClocks.xml (RunModel)" time="0.025" />
  <testcase classname="ptolemy.util.test.junit.AutoTests" name="[123] /home/travis/build/icyphy/ptII/ptolemy/domains/continuous/test/auto/Satellite.xml (RunModel)" time="0.696" />
  <testcase classname="ptolemy.util.test.junit.AutoTests" name="[124] /home/travis/build/icyphy/ptII/ptolemy/domains/continuous/test/auto/SigmaDelta.xml (RunModel)" time="2.139" />
  <testcase classname="ptolemy.util.test.junit.AutoTests" name="[125] /home/travis/build/icyphy/ptII/ptolemy/domains/continuous/test/auto/SingleRefinement.xml (RunModel)" time="0.434" />
  <testcase classname="ptolemy.util.test.junit.AutoTests" name="[126] /home/travis/build/icyphy/ptII/ptolemy/domains/continuous/test/auto/SinuBouncingBall.xml (RunModel)" time="0.861" />
  <testcase classname="ptolemy.util.test.junit.AutoTests" name="[127] /home/travis/build/icyphy/ptII/ptolemy/domains/continuous/test/auto/Sinusoid.xml (RunModel)" time="0.017" />
  <testcase classname="ptolemy.util.test.junit.AutoTests" name="[128] /home/travis/build/icyphy/ptII/ptolemy/domains/continuous/test/auto/SinusoidInNoise.xml (RunModel)" time="0.781" />
  <testcase classname="ptolemy.util.test.junit.AutoTests" name="[129] /home/travis/build/icyphy/ptII/ptolemy/domains/continuous/test/auto/SinusoidRK45.xml (RunModel)" time="0.009" />
  <testcase classname="ptolemy.util.test.junit.AutoTests" name="[130] /home/travis/build/icyphy/ptII/ptolemy/domains/continuous/test/auto/SinusoidWithMultipleImpulses.xml (RunModel)" time="0.012" />
  <testcase classname="ptolemy.util.test.junit.AutoTests" name="[131] /home/travis/build/icyphy/ptII/ptolemy/domains/continuous/test/auto/SquareWave.xml (RunModel)" time="0.165" />
  <testcase classname="ptolemy.util.test.junit.AutoTests" name="[132] /home/travis/build/icyphy/ptII/ptolemy/domains/continuous/test/auto/Starmac.xml (RunModel)" time="3.332" />
  <testcase classname="ptolemy.util.test.junit.AutoTests" name="[133] /home/travis/build/icyphy/ptII/ptolemy/domains/continuous/test/auto/StaticUnits.xml (RunModel)" time="2.219" />
  <testcase classname="ptolemy.util.test.junit.AutoTests" name="[134] /home/travis/build/icyphy/ptII/ptolemy/domains/continuous/test/auto/StickyMasses.xml (RunModel)" time="0.176" />
  <testcase classname="ptolemy.util.test.junit.AutoTests" name="[135] /home/travis/build/icyphy/ptII/ptolemy/domains/continuous/test/auto/StopTime.xml (RunModel)" time="0.084" />
  <testcase classname="ptolemy.util.test.junit.AutoTests" name="[136] /home/travis/build/icyphy/ptII/ptolemy/domains/continuous/test/auto/StopTime2.xml (RunModel)" time="0.047" />
  <testcase classname="ptolemy.util.test.junit.AutoTests" name="[137] /home/travis/build/icyphy/ptII/ptolemy/domains/continuous/test/auto/Switch.xml (RunModel)" time="0.055" />
  <testcase classname="ptolemy.util.test.junit.AutoTests" name="[138] /home/travis/build/icyphy/ptII/ptolemy/domains/continuous/test/auto/Thermostat.xml (RunModel)" time="0.196" />
  <testcase classname="ptolemy.util.test.junit.AutoTests" name="[139] /home/travis/build/icyphy/ptII/ptolemy/domains/continuous/test/auto/TimeDelay.xml (RunModel)" time="0.012" />
  <testcase classname="ptolemy.util.test.junit.AutoTests" name="[140] /home/travis/build/icyphy/ptII/ptolemy/domains/continuous/test/auto/TimeDelay2.xml (RunModel)" time="0.022" />
  <testcase classname="ptolemy.util.test.junit.AutoTests" name="[141] /home/travis/build/icyphy/ptII/ptolemy/domains/continuous/test/auto/TimeDelay3.xml (RunModel)" time="0.01" />
  <testcase classname="ptolemy.util.test.junit.AutoTests" name="[142] /home/travis/build/icyphy/ptII/ptolemy/domains/continuous/test/auto/TransferAbsentToInside.xml (RunModel)" time="0.089" />
  <testcase classname="ptolemy.util.test.junit.AutoTests" name="[143] /home/travis/build/icyphy/ptII/ptolemy/domains/continuous/test/auto/Transmission.xml (RunModel)" time="0.706" />
  <testcase classname="ptolemy.util.test.junit.AutoTests" name="[144] /home/travis/build/icyphy/ptII/ptolemy/domains/continuous/test/auto/TriggeredContinuousClock.xml (RunModel)" time="0.056" />
  <testcase classname="ptolemy.util.test.junit.AutoTests" name="[145] /home/travis/build/icyphy/ptII/ptolemy/domains/continuous/test/auto/TwoMachineInfiniteBusControl.xml (RunModel)" time="2.573" />
  <testcase classname="ptolemy.util.test.junit.AutoTests" name="[146] /home/travis/build/icyphy/ptII/ptolemy/domains/continuous/test/auto/V2V.xml (RunModel)" time="0.93" />
  <testcase classname="ptolemy.util.test.junit.AutoTests" name="[147] /home/travis/build/icyphy/ptII/ptolemy/domains/continuous/test/auto/hierarchicalModalModel.xml (RunModel)" time="0.044" />
  <testcase classname="ptolemy.util.test.junit.AutoTests" name="[148] /home/travis/build/icyphy/ptII/ptolemy/domains/continuous/test/auto/hierarchicalModalModel1.xml (RunModel)" time="0.041" />
  <testcase classname="ptolemy.util.test.junit.AutoTests" name="[149] /home/travis/build/icyphy/ptII/ptolemy/domains/continuous/test/auto/hierarchicalModalModel2.xml (RunModel)" time="0.034" />
  <testcase classname="ptolemy.util.test.junit.AutoTests" name="[150] /home/travis/build/icyphy/ptII/ptolemy/domains/continuous/test/auto/hierarchicalModalModel3.xml (RunModel)" time="0.027" />
  <testcase classname="ptolemy.util.test.junit.AutoTests" name="[151] /home/travis/build/icyphy/ptII/ptolemy/domains/continuous/test/auto/hierarchicalModalModel4.xml (RunModel)" time="0.027" />
  <testcase classname="ptolemy.util.test.junit.AutoTests" name="[152] /home/travis/build/icyphy/ptII/ptolemy/domains/continuous/test/auto/junk.xml (RunModel)" time="0.142" />
  <system-out><![CDATA[No tcl tests in /home/travis/build/icyphy/ptII/ptolemy/domains/continuous/test
No auto/knownFailedTests/*.xml tests in /home/travis/build/icyphy/ptII/ptolemy/domains/continuous/test
No auto/linux-amd64/*.xml tests in /home/travis/build/icyphy/ptII/ptolemy/domains/continuous/test
AutoTests.java: About to close Vertx.
AutoTests.java: Vertx closed.

===========================================================================================
----------------- testing Fri Oct 02 00:55:46 UTC 2020 /home/travis/build/icyphy/ptII/ptolemy/domains/continuous/test/auto/BouncingBall.xml
----------------- Instantiating /home/travis/build/icyphy/ptII/ptolemy/domains/continuous/test/auto/BouncingBall.xml
2307 ms. Memory: 162816K Free: 79013K (49%)
----------------- Invoking toplevel() on ptolemy.moml.MoMLSimpleApplication@3c2b036b
----------------- Done invoking toplevel() on ptolemy.moml.MoMLSimpleApplication@3c2b036b
reloadAllAccessors: .BouncingBall

===========================================================================================
----------------- testing Fri Oct 02 00:55:49 UTC 2020 /home/travis/build/icyphy/ptII/ptolemy/domains/continuous/test/auto/BouncingBallWithoutGR.xml
----------------- Instantiating /home/travis/build/icyphy/ptII/ptolemy/domains/continuous/test/auto/BouncingBallWithoutGR.xml
706 ms. Memory: 162816K Free: 87587K (54%)
----------------- Invoking toplevel() on ptolemy.moml.MoMLSimpleApplication@69528477
----------------- Done invoking toplevel() on ptolemy.moml.MoMLSimpleApplication@69528477
reloadAllAccessors: .BouncingBallWithoutGR

===========================================================================================
----------------- testing Fri Oct 02 00:55:50 UTC 2020 /home/travis/build/icyphy/ptII/ptolemy/domains/continuous/test/auto/Brownian.xml
----------------- Instantiating /home/travis/build/icyphy/ptII/ptolemy/domains/continuous/test/auto/Brownian.xml
37 ms. Memory: 162816K Free: 78881K (48%)
----------------- Invoking toplevel() on ptolemy.moml.MoMLSimpleApplication@25531bdf
----------------- Done invoking toplevel() on ptolemy.moml.MoMLSimpleApplication@25531bdf
reloadAllAccessors: .Brownian

===========================================================================================
----------------- testing Fri Oct 02 00:55:50 UTC 2020 /home/travis/build/icyphy/ptII/ptolemy/domains/continuous/test/auto/CarTracking.xml
----------------- Instantiating /home/travis/build/icyphy/ptII/ptolemy/domains/continuous/test/auto/CarTracking.xml
3778 ms. Memory: 195584K Free: 104623K (53%)
----------------- Invoking toplevel() on ptolemy.moml.MoMLSimpleApplication@7c783b66
----------------- Done invoking toplevel() on ptolemy.moml.MoMLSimpleApplication@7c783b66
reloadAllAccessors: .CarTracking

===========================================================================================
----------------- testing Fri Oct 02 00:55:54 UTC 2020 /home/travis/build/icyphy/ptII/ptolemy/domains/continuous/test/auto/CartPendulum.xml
----------------- Instantiating /home/travis/build/icyphy/ptII/ptolemy/domains/continuous/test/auto/CartPendulum.xml
356 ms. Memory: 235520K Free: 170887K (73%)
----------------- Invoking toplevel() on ptolemy.moml.MoMLSimpleApplication@4f31de49
----------------- Done invoking toplevel() on ptolemy.moml.MoMLSimpleApplication@4f31de49
reloadAllAccessors: .CartPendulum

===========================================================================================
----------------- testing Fri Oct 02 00:55:55 UTC 2020 /home/travis/build/icyphy/ptII/ptolemy/domains/continuous/test/auto/CausalityInterface10.xml
----------------- Instantiating /home/travis/build/icyphy/ptII/ptolemy/domains/continuous/test/auto/CausalityInterface10.xml
10 ms. Memory: 235520K Free: 160133K (68%)
----------------- Invoking toplevel() on ptolemy.moml.MoMLSimpleApplication@5965c3b4
----------------- Done invoking toplevel() on ptolemy.moml.MoMLSimpleApplication@5965c3b4
reloadAllAccessors: .CausalityInterface10

===========================================================================================
----------------- testing Fri Oct 02 00:55:55 UTC 2020 /home/travis/build/icyphy/ptII/ptolemy/domains/continuous/test/auto/CausalityInterface11.xml
----------------- Instantiating /home/travis/build/icyphy/ptII/ptolemy/domains/continuous/test/auto/CausalityInterface11.xml
7 ms. Memory: 235520K Free: 153975K (65%)
----------------- Invoking toplevel() on ptolemy.moml.MoMLSimpleApplication@3a7b2f22
----------------- Done invoking toplevel() on ptolemy.moml.MoMLSimpleApplication@3a7b2f22
reloadAllAccessors: .CausalityInterface11

===========================================================================================
----------------- testing Fri Oct 02 00:55:55 UTC 2020 /home/travis/build/icyphy/ptII/ptolemy/domains/continuous/test/auto/CausalityInterface12.xml
----------------- Instantiating /home/travis/build/icyphy/ptII/ptolemy/domains/continuous/test/auto/CausalityInterface12.xml
3 ms. Memory: 235520K Free: 147831K (63%)
----------------- Invoking toplevel() on ptolemy.moml.MoMLSimpleApplication@752b2fa5
----------------- Done invoking toplevel() on ptolemy.moml.MoMLSimpleApplication@752b2fa5
reloadAllAccessors: .CausalityInterface12

===========================================================================================
----------------- testing Fri Oct 02 00:55:55 UTC 2020 /home/travis/build/icyphy/ptII/ptolemy/domains/continuous/test/auto/CausalityInterface13.xml
----------------- Instantiating /home/travis/build/icyphy/ptII/ptolemy/domains/continuous/test/auto/CausalityInterface13.xml
7 ms. Memory: 235520K Free: 141701K (60%)
----------------- Invoking toplevel() on ptolemy.moml.MoMLSimpleApplication@7214868a
----------------- Done invoking toplevel() on ptolemy.moml.MoMLSimpleApplication@7214868a
reloadAllAccessors: .CausalityInterface13

===========================================================================================
----------------- testing Fri Oct 02 00:55:55 UTC 2020 /home/travis/build/icyphy/ptII/ptolemy/domains/continuous/test/auto/CausalityInterface14.xml
----------------- Instantiating /home/travis/build/icyphy/ptII/ptolemy/domains/continuous/test/auto/CausalityInterface14.xml
3 ms. Memory: 235520K Free: 136071K (58%)
----------------- Invoking toplevel() on ptolemy.moml.MoMLSimpleApplication@33eba4fb
----------------- Done invoking toplevel() on ptolemy.moml.MoMLSimpleApplication@33eba4fb
reloadAllAccessors: .CausalityInterface14

===========================================================================================
----------------- testing Fri Oct 02 00:55:55 UTC 2020 /home/travis/build/icyphy/ptII/ptolemy/domains/continuous/test/auto/CausalityInterface4.xml
----------------- Instantiating /home/travis/build/icyphy/ptII/ptolemy/domains/continuous/test/auto/CausalityInterface4.xml
3 ms. Memory: 235520K Free: 129413K (55%)
----------------- Invoking toplevel() on ptolemy.moml.MoMLSimpleApplication@3fc17b22
----------------- Done invoking toplevel() on ptolemy.moml.MoMLSimpleApplication@3fc17b22
reloadAllAccessors: .CausalityInterface4

===========================================================================================
----------------- testing Fri Oct 02 00:55:55 UTC 2020 /home/travis/build/icyphy/ptII/ptolemy/domains/continuous/test/auto/CausalityInterface5.xml
----------------- Instantiating /home/travis/build/icyphy/ptII/ptolemy/domains/continuous/test/auto/CausalityInterface5.xml
10 ms. Memory: 235520K Free: 121221K (51%)
----------------- Invoking toplevel() on ptolemy.moml.MoMLSimpleApplication@789afa1f
----------------- Done invoking toplevel() on ptolemy.moml.MoMLSimpleApplication@789afa1f
reloadAllAccessors: .CausalityInterface5

===========================================================================================
----------------- testing Fri Oct 02 00:55:55 UTC 2020 /home/travis/build/icyphy/ptII/ptolemy/domains/continuous/test/auto/CausalityInterface6.xml
----------------- Instantiating /home/travis/build/icyphy/ptII/ptolemy/domains/continuous/test/auto/CausalityInterface6.xml
8 ms. Memory: 235520K Free: 116087K (49%)
----------------- Invoking toplevel() on ptolemy.moml.MoMLSimpleApplication@5c63f68c
----------------- Done invoking toplevel() on ptolemy.moml.MoMLSimpleApplication@5c63f68c
reloadAllAccessors: .CausalityInterface6

===========================================================================================
----------------- testing Fri Oct 02 00:55:55 UTC 2020 /home/travis/build/icyphy/ptII/ptolemy/domains/continuous/test/auto/CausalityInterface7.xml
----------------- Instantiating /home/travis/build/icyphy/ptII/ptolemy/domains/continuous/test/auto/CausalityInterface7.xml
6 ms. Memory: 235520K Free: 107399K (46%)
----------------- Invoking toplevel() on ptolemy.moml.MoMLSimpleApplication@4d7f7bed
----------------- Done invoking toplevel() on ptolemy.moml.MoMLSimpleApplication@4d7f7bed
reloadAllAccessors: .CausalityInterface7

===========================================================================================
----------------- testing Fri Oct 02 00:55:55 UTC 2020 /home/travis/build/icyphy/ptII/ptolemy/domains/continuous/test/auto/CausalityInterface8.xml
----------------- Instantiating /home/travis/build/icyphy/ptII/ptolemy/domains/continuous/test/auto/CausalityInterface8.xml
4 ms. Memory: 235520K Free: 98183K (42%)
----------------- Invoking toplevel() on ptolemy.moml.MoMLSimpleApplication@3670f5d
----------------- Done invoking toplevel() on ptolemy.moml.MoMLSimpleApplication@3670f5d
reloadAllAccessors: .CausalityInterface8

===========================================================================================
----------------- testing Fri Oct 02 00:55:55 UTC 2020 /home/travis/build/icyphy/ptII/ptolemy/domains/continuous/test/auto/CausalityInterface9.xml
----------------- Instantiating /home/travis/build/icyphy/ptII/ptolemy/domains/continuous/test/auto/CausalityInterface9.xml
5 ms. Memory: 235520K Free: 87429K (37%)
----------------- Invoking toplevel() on ptolemy.moml.MoMLSimpleApplication@311d7588
----------------- Done invoking toplevel() on ptolemy.moml.MoMLSimpleApplication@311d7588
reloadAllAccessors: .CausalityInterface9

===========================================================================================
----------------- testing Fri Oct 02 00:55:55 UTC 2020 /home/travis/build/icyphy/ptII/ptolemy/domains/continuous/test/auto/CausalityInterfaceFeedback1.xml
----------------- Instantiating /home/travis/build/icyphy/ptII/ptolemy/domains/continuous/test/auto/CausalityInterfaceFeedback1.xml
5 ms. Memory: 235520K Free: 80775K (34%)
----------------- Invoking toplevel() on ptolemy.moml.MoMLSimpleApplication@4a1b24d5
----------------- Done invoking toplevel() on ptolemy.moml.MoMLSimpleApplication@4a1b24d5
reloadAllAccessors: .CausalityInterfaceFeedback1

===========================================================================================
----------------- testing Fri Oct 02 00:55:55 UTC 2020 /home/travis/build/icyphy/ptII/ptolemy/domains/continuous/test/auto/CausalityInterfaceFeedback2.xml
----------------- Instantiating /home/travis/build/icyphy/ptII/ptolemy/domains/continuous/test/auto/CausalityInterfaceFeedback2.xml
5 ms. Memory: 235520K Free: 214181K (91%)
----------------- Invoking toplevel() on ptolemy.moml.MoMLSimpleApplication@61ef34b6
----------------- Done invoking toplevel() on ptolemy.moml.MoMLSimpleApplication@61ef34b6
reloadAllAccessors: .CausalityInterfaceFeedback2

===========================================================================================
----------------- testing Fri Oct 02 00:55:55 UTC 2020 /home/travis/build/icyphy/ptII/ptolemy/domains/continuous/test/auto/CompareWithCurrentTime.xml
----------------- Instantiating /home/travis/build/icyphy/ptII/ptolemy/domains/continuous/test/auto/CompareWithCurrentTime.xml
2 ms. Memory: 235520K Free: 210099K (89%)
----------------- Invoking toplevel() on ptolemy.moml.MoMLSimpleApplication@2454f311
----------------- Done invoking toplevel() on ptolemy.moml.MoMLSimpleApplication@2454f311
reloadAllAccessors: .CompareWithCurrentTime

===========================================================================================
----------------- testing Fri Oct 02 00:55:55 UTC 2020 /home/travis/build/icyphy/ptII/ptolemy/domains/continuous/test/auto/ComparedClocks.xml
----------------- Instantiating /home/travis/build/icyphy/ptII/ptolemy/domains/continuous/test/auto/ComparedClocks.xml
6 ms. Memory: 235520K Free: 195253K (83%)
----------------- Invoking toplevel() on ptolemy.moml.MoMLSimpleApplication@3f7ddcea
----------------- Done invoking toplevel() on ptolemy.moml.MoMLSimpleApplication@3f7ddcea
reloadAllAccessors: .ComparedClocks

===========================================================================================
----------------- testing Fri Oct 02 00:55:55 UTC 2020 /home/travis/build/icyphy/ptII/ptolemy/domains/continuous/test/auto/ContinuousAOCClone.xml
----------------- Instantiating /home/travis/build/icyphy/ptII/ptolemy/domains/continuous/test/auto/ContinuousAOCClone.xml
2194 ms. Memory: 235520K Free: 100940K (43%)
----------------- Invoking toplevel() on ptolemy.moml.MoMLSimpleApplication@3e7d086e
----------------- Done invoking toplevel() on ptolemy.moml.MoMLSimpleApplication@3e7d086e
reloadAllAccessors: .ContinuousAOCClone

===========================================================================================
----------------- testing Fri Oct 02 00:55:57 UTC 2020 /home/travis/build/icyphy/ptII/ptolemy/domains/continuous/test/auto/ContinuousClock.xml
----------------- Instantiating /home/travis/build/icyphy/ptII/ptolemy/domains/continuous/test/auto/ContinuousClock.xml
37 ms. Memory: 235520K Free: 219497K (93%)
----------------- Invoking toplevel() on ptolemy.moml.MoMLSimpleApplication@6e566e19
----------------- Done invoking toplevel() on ptolemy.moml.MoMLSimpleApplication@6e566e19
reloadAllAccessors: .ContinuousClock

===========================================================================================
----------------- testing Fri Oct 02 00:55:58 UTC 2020 /home/travis/build/icyphy/ptII/ptolemy/domains/continuous/test/auto/ContinuousInContinuous.xml
----------------- Instantiating /home/travis/build/icyphy/ptII/ptolemy/domains/continuous/test/auto/ContinuousInContinuous.xml
40 ms. Memory: 235520K Free: 195651K (83%)
----------------- Invoking toplevel() on ptolemy.moml.MoMLSimpleApplication@2cbb15f6
----------------- Done invoking toplevel() on ptolemy.moml.MoMLSimpleApplication@2cbb15f6
reloadAllAccessors: .ContinuousInContinuous

===========================================================================================
----------------- testing Fri Oct 02 00:55:58 UTC 2020 /home/travis/build/icyphy/ptII/ptolemy/domains/continuous/test/auto/ContinuousInContinuousInContinuous.xml
----------------- Instantiating /home/travis/build/icyphy/ptII/ptolemy/domains/continuous/test/auto/ContinuousInContinuousInContinuous.xml
6 ms. Memory: 235520K Free: 187969K (80%)
----------------- Invoking toplevel() on ptolemy.moml.MoMLSimpleApplication@599caab5
----------------- Done invoking toplevel() on ptolemy.moml.MoMLSimpleApplication@599caab5
reloadAllAccessors: .ContinuousInContinuousInContinuous

===========================================================================================
----------------- testing Fri Oct 02 00:55:58 UTC 2020 /home/travis/build/icyphy/ptII/ptolemy/domains/continuous/test/auto/ContinuousInDE.xml
----------------- Instantiating /home/travis/build/icyphy/ptII/ptolemy/domains/continuous/test/auto/ContinuousInDE.xml
87 ms. Memory: 235520K Free: 177729K (75%)
----------------- Invoking toplevel() on ptolemy.moml.MoMLSimpleApplication@9df3916
----------------- Done invoking toplevel() on ptolemy.moml.MoMLSimpleApplication@9df3916
reloadAllAccessors: .ContinuousInDE

===========================================================================================
----------------- testing Fri Oct 02 00:55:58 UTC 2020 /home/travis/build/icyphy/ptII/ptolemy/domains/continuous/test/auto/ContinuousInDE2.xml
----------------- Instantiating /home/travis/build/icyphy/ptII/ptolemy/domains/continuous/test/auto/ContinuousInDE2.xml
30 ms. Memory: 235520K Free: 168003K (71%)
----------------- Invoking toplevel() on ptolemy.moml.MoMLSimpleApplication@705b5e3d
----------------- Done invoking toplevel() on ptolemy.moml.MoMLSimpleApplication@705b5e3d
reloadAllAccessors: .ContinuousInDE2

===========================================================================================
----------------- testing Fri Oct 02 00:55:58 UTC 2020 /home/travis/build/icyphy/ptII/ptolemy/domains/continuous/test/auto/ContinuousInDE3.xml
----------------- Instantiating /home/travis/build/icyphy/ptII/ptolemy/domains/continuous/test/auto/ContinuousInDE3.xml
31 ms. Memory: 235520K Free: 158273K (67%)
----------------- Invoking toplevel() on ptolemy.moml.MoMLSimpleApplication@68e3d58a
----------------- Done invoking toplevel() on ptolemy.moml.MoMLSimpleApplication@68e3d58a
reloadAllAccessors: .ContinuousInDE3

===========================================================================================
----------------- testing Fri Oct 02 00:55:58 UTC 2020 /home/travis/build/icyphy/ptII/ptolemy/domains/continuous/test/auto/ContinuousInDE4.xml
----------------- Instantiating /home/travis/build/icyphy/ptII/ptolemy/domains/continuous/test/auto/ContinuousInDE4.xml
10 ms. Memory: 235520K Free: 152129K (65%)
----------------- Invoking toplevel() on ptolemy.moml.MoMLSimpleApplication@7908c920
----------------- Done invoking toplevel() on ptolemy.moml.MoMLSimpleApplication@7908c920
reloadAllAccessors: .ContinuousInDE4

===========================================================================================
----------------- testing Fri Oct 02 00:55:58 UTC 2020 /home/travis/build/icyphy/ptII/ptolemy/domains/continuous/test/auto/ContinuousInDEDifferentRefinements.xml
----------------- Instantiating /home/travis/build/icyphy/ptII/ptolemy/domains/continuous/test/auto/ContinuousInDEDifferentRefinements.xml
45 ms. Memory: 235520K Free: 120899K (51%)
----------------- Invoking toplevel() on ptolemy.moml.MoMLSimpleApplication@771bace7
----------------- Done invoking toplevel() on ptolemy.moml.MoMLSimpleApplication@771bace7
reloadAllAccessors: .ContinuousInDEDifferentRefinements

===========================================================================================
----------------- testing Fri Oct 02 00:55:58 UTC 2020 /home/travis/build/icyphy/ptII/ptolemy/domains/continuous/test/auto/ContinuousInDEDifferentRefinementsPreemptive.xml
----------------- Instantiating /home/travis/build/icyphy/ptII/ptolemy/domains/continuous/test/auto/ContinuousInDEDifferentRefinementsPreemptive.xml
46 ms. Memory: 235520K Free: 90675K (38%)
----------------- Invoking toplevel() on ptolemy.moml.MoMLSimpleApplication@6d88e861
----------------- Done invoking toplevel() on ptolemy.moml.MoMLSimpleApplication@6d88e861
reloadAllAccessors: .ContinuousInDEDifferentRefinementsPreemptive

===========================================================================================
----------------- testing Fri Oct 02 00:55:58 UTC 2020 /home/travis/build/icyphy/ptII/ptolemy/domains/continuous/test/auto/ContinuousInDEInContinuous2.xml
----------------- Instantiating /home/travis/build/icyphy/ptII/ptolemy/domains/continuous/test/auto/ContinuousInDEInContinuous2.xml
37 ms. Memory: 235520K Free: 219826K (93%)
----------------- Invoking toplevel() on ptolemy.moml.MoMLSimpleApplication@190d3875
----------------- Done invoking toplevel() on ptolemy.moml.MoMLSimpleApplication@190d3875
reloadAllAccessors: .ContinuousInDEInContinuous2

===========================================================================================
----------------- testing Fri Oct 02 00:55:58 UTC 2020 /home/travis/build/icyphy/ptII/ptolemy/domains/continuous/test/auto/ContinuousInDEInContinuous3.xml
----------------- Instantiating /home/travis/build/icyphy/ptII/ptolemy/domains/continuous/test/auto/ContinuousInDEInContinuous3.xml
38 ms. Memory: 235520K Free: 207609K (88%)
----------------- Invoking toplevel() on ptolemy.moml.MoMLSimpleApplication@36ed170c
----------------- Done invoking toplevel() on ptolemy.moml.MoMLSimpleApplication@36ed170c
reloadAllAccessors: .ContinuousInDEInContinuous3

===========================================================================================
----------------- testing Fri Oct 02 00:55:58 UTC 2020 /home/travis/build/icyphy/ptII/ptolemy/domains/continuous/test/auto/ContinuousInDEInput.xml
----------------- Instantiating /home/travis/build/icyphy/ptII/ptolemy/domains/continuous/test/auto/ContinuousInDEInput.xml
16 ms. Memory: 235520K Free: 200441K (85%)
----------------- Invoking toplevel() on ptolemy.moml.MoMLSimpleApplication@612e4abf
----------------- Done invoking toplevel() on ptolemy.moml.MoMLSimpleApplication@612e4abf
reloadAllAccessors: .ContinuousInDEInput

===========================================================================================
----------------- testing Fri Oct 02 00:55:58 UTC 2020 /home/travis/build/icyphy/ptII/ptolemy/domains/continuous/test/auto/ContinuousInDEInput2.xml
----------------- Instantiating /home/travis/build/icyphy/ptII/ptolemy/domains/continuous/test/auto/ContinuousInDEInput2.xml
12 ms. Memory: 235520K Free: 193273K (82%)
----------------- Invoking toplevel() on ptolemy.moml.MoMLSimpleApplication@4a5b0f82
----------------- Done invoking toplevel() on ptolemy.moml.MoMLSimpleApplication@4a5b0f82
reloadAllAccessors: .ContinuousInDEInput2

===========================================================================================
----------------- testing Fri Oct 02 00:55:58 UTC 2020 /home/travis/build/icyphy/ptII/ptolemy/domains/continuous/test/auto/ContinuousInDEInput3.xml
----------------- Instantiating /home/travis/build/icyphy/ptII/ptolemy/domains/continuous/test/auto/ContinuousInDEInput3.xml
10 ms. Memory: 235520K Free: 186105K (79%)
----------------- Invoking toplevel() on ptolemy.moml.MoMLSimpleApplication@7e4c6aac
----------------- Done invoking toplevel() on ptolemy.moml.MoMLSimpleApplication@7e4c6aac
reloadAllAccessors: .ContinuousInDEInput3

===========================================================================================
----------------- testing Fri Oct 02 00:55:58 UTC 2020 /home/travis/build/icyphy/ptII/ptolemy/domains/continuous/test/auto/ContinuousInDESharingRefinement.xml
----------------- Instantiating /home/travis/build/icyphy/ptII/ptolemy/domains/continuous/test/auto/ContinuousInDESharingRefinement.xml
135 ms. Memory: 235520K Free: 91883K (39%)
----------------- Invoking toplevel() on ptolemy.moml.MoMLSimpleApplication@16458a1d
----------------- Done invoking toplevel() on ptolemy.moml.MoMLSimpleApplication@16458a1d
reloadAllAccessors: .ContinuousInDESharingRefinement

===========================================================================================
----------------- testing Fri Oct 02 00:55:58 UTC 2020 /home/travis/build/icyphy/ptII/ptolemy/domains/continuous/test/auto/ContinuousInDEwithNoPorts.xml
----------------- Instantiating /home/travis/build/icyphy/ptII/ptolemy/domains/continuous/test/auto/ContinuousInDEwithNoPorts.xml
6 ms. Memory: 235520K Free: 87771K (37%)
----------------- Invoking toplevel() on ptolemy.moml.MoMLSimpleApplication@561b089f
----------------- Done invoking toplevel() on ptolemy.moml.MoMLSimpleApplication@561b089f
reloadAllAccessors: .ContinuousInDEwithNoPorts

===========================================================================================
----------------- testing Fri Oct 02 00:55:58 UTC 2020 /home/travis/build/icyphy/ptII/ptolemy/domains/continuous/test/auto/ContinuousInsideDE.xml
----------------- Instantiating /home/travis/build/icyphy/ptII/ptolemy/domains/continuous/test/auto/ContinuousInsideDE.xml
35 ms. Memory: 235520K Free: 216760K (92%)
----------------- Invoking toplevel() on ptolemy.moml.MoMLSimpleApplication@5b536011
----------------- Done invoking toplevel() on ptolemy.moml.MoMLSimpleApplication@5b536011
reloadAllAccessors: .ContinuousInsideDE

===========================================================================================
----------------- testing Fri Oct 02 00:55:59 UTC 2020 /home/travis/build/icyphy/ptII/ptolemy/domains/continuous/test/auto/ContinuousMerge1.xml
----------------- Instantiating /home/travis/build/icyphy/ptII/ptolemy/domains/continuous/test/auto/ContinuousMerge1.xml
2 ms. Memory: 235520K Free: 212154K (90%)
----------------- Invoking toplevel() on ptolemy.moml.MoMLSimpleApplication@3565212
----------------- Done invoking toplevel() on ptolemy.moml.MoMLSimpleApplication@3565212
reloadAllAccessors: .ContinuousMerge1

===========================================================================================
----------------- testing Fri Oct 02 00:55:59 UTC 2020 /home/travis/build/icyphy/ptII/ptolemy/domains/continuous/test/auto/ContinuousMerge2.xml
----------------- Instantiating /home/travis/build/icyphy/ptII/ptolemy/domains/continuous/test/auto/ContinuousMerge2.xml
13 ms. Memory: 235520K Free: 201914K (86%)
----------------- Invoking toplevel() on ptolemy.moml.MoMLSimpleApplication@d25da89
----------------- Done invoking toplevel() on ptolemy.moml.MoMLSimpleApplication@d25da89
reloadAllAccessors: .ContinuousMerge2

===========================================================================================
----------------- testing Fri Oct 02 00:55:59 UTC 2020 /home/travis/build/icyphy/ptII/ptolemy/domains/continuous/test/auto/ContinuousMerge3.xml
----------------- Instantiating /home/travis/build/icyphy/ptII/ptolemy/domains/continuous/test/auto/ContinuousMerge3.xml
43 ms. Memory: 235520K Free: 191160K (81%)
----------------- Invoking toplevel() on ptolemy.moml.MoMLSimpleApplication@935bb93
----------------- Done invoking toplevel() on ptolemy.moml.MoMLSimpleApplication@935bb93
reloadAllAccessors: .ContinuousMerge3

===========================================================================================
----------------- testing Fri Oct 02 00:55:59 UTC 2020 /home/travis/build/icyphy/ptII/ptolemy/domains/continuous/test/auto/ContinuousWithinContinuous.xml
----------------- Instantiating /home/travis/build/icyphy/ptII/ptolemy/domains/continuous/test/auto/ContinuousWithinContinuous.xml
44 ms. Memory: 235520K Free: 181944K (77%)
----------------- Invoking toplevel() on ptolemy.moml.MoMLSimpleApplication@40193a31
----------------- Done invoking toplevel() on ptolemy.moml.MoMLSimpleApplication@40193a31
reloadAllAccessors: .ContinuousWithinContinuous

===========================================================================================
----------------- testing Fri Oct 02 00:55:59 UTC 2020 /home/travis/build/icyphy/ptII/ptolemy/domains/continuous/test/auto/ContinuousWithinContinuous2.xml
----------------- Instantiating /home/travis/build/icyphy/ptII/ptolemy/domains/continuous/test/auto/ContinuousWithinContinuous2.xml
76 ms. Memory: 235520K Free: 170680K (72%)
----------------- Invoking toplevel() on ptolemy.moml.MoMLSimpleApplication@17156a26
----------------- Done invoking toplevel() on ptolemy.moml.MoMLSimpleApplication@17156a26
reloadAllAccessors: .ContinuousWithinContinuous2

===========================================================================================
----------------- testing Fri Oct 02 00:55:59 UTC 2020 /home/travis/build/icyphy/ptII/ptolemy/domains/continuous/test/auto/ContinuousWithinContinuous3.xml
----------------- Instantiating /home/travis/build/icyphy/ptII/ptolemy/domains/continuous/test/auto/ContinuousWithinContinuous3.xml
16 ms. Memory: 235520K Free: 163512K (69%)
----------------- Invoking toplevel() on ptolemy.moml.MoMLSimpleApplication@58cc5495
----------------- Done invoking toplevel() on ptolemy.moml.MoMLSimpleApplication@58cc5495
reloadAllAccessors: .ContinuousWithinContinuous3

===========================================================================================
----------------- testing Fri Oct 02 00:55:59 UTC 2020 /home/travis/build/icyphy/ptII/ptolemy/domains/continuous/test/auto/ContinuousWithinContinuous4.xml
----------------- Instantiating /home/travis/build/icyphy/ptII/ptolemy/domains/continuous/test/auto/ContinuousWithinContinuous4.xml
80 ms. Memory: 235520K Free: 151224K (64%)
----------------- Invoking toplevel() on ptolemy.moml.MoMLSimpleApplication@2153e881
----------------- Done invoking toplevel() on ptolemy.moml.MoMLSimpleApplication@2153e881
reloadAllAccessors: .ContinuousWithinContinuous4

===========================================================================================
----------------- testing Fri Oct 02 00:55:59 UTC 2020 /home/travis/build/icyphy/ptII/ptolemy/domains/continuous/test/auto/ContinuousWithinContinuous5.xml
----------------- Instantiating /home/travis/build/icyphy/ptII/ptolemy/domains/continuous/test/auto/ContinuousWithinContinuous5.xml
15 ms. Memory: 235520K Free: 144056K (61%)
----------------- Invoking toplevel() on ptolemy.moml.MoMLSimpleApplication@6eea1877
----------------- Done invoking toplevel() on ptolemy.moml.MoMLSimpleApplication@6eea1877
reloadAllAccessors: .ContinuousWithinContinuous5

===========================================================================================
----------------- testing Fri Oct 02 00:55:59 UTC 2020 /home/travis/build/icyphy/ptII/ptolemy/domains/continuous/test/auto/ContinuousWithinContinuous6.xml
----------------- Instantiating /home/travis/build/icyphy/ptII/ptolemy/domains/continuous/test/auto/ContinuousWithinContinuous6.xml
12 ms. Memory: 235520K Free: 136888K (58%)
----------------- Invoking toplevel() on ptolemy.moml.MoMLSimpleApplication@7ea4f86f
----------------- Done invoking toplevel() on ptolemy.moml.MoMLSimpleApplication@7ea4f86f
reloadAllAccessors: .ContinuousWithinContinuous6

===========================================================================================
----------------- testing Fri Oct 02 00:55:59 UTC 2020 /home/travis/build/icyphy/ptII/ptolemy/domains/continuous/test/auto/ContinuousWithinContinuous7.xml
----------------- Instantiating /home/travis/build/icyphy/ptII/ptolemy/domains/continuous/test/auto/ContinuousWithinContinuous7.xml
64 ms. Memory: 235520K Free: 126136K (54%)
----------------- Invoking toplevel() on ptolemy.moml.MoMLSimpleApplication@7c8d3e77
----------------- Done invoking toplevel() on ptolemy.moml.MoMLSimpleApplication@7c8d3e77
reloadAllAccessors: .ContinuousWithinContinuous7

===========================================================================================
----------------- testing Fri Oct 02 00:55:59 UTC 2020 /home/travis/build/icyphy/ptII/ptolemy/domains/continuous/test/auto/DCMotor.xml
----------------- Instantiating /home/travis/build/icyphy/ptII/ptolemy/domains/continuous/test/auto/DCMotor.xml
12488 ms. Memory: 235520K Free: 118971K (51%)
----------------- Invoking toplevel() on ptolemy.moml.MoMLSimpleApplication@32d95e02
----------------- Done invoking toplevel() on ptolemy.moml.MoMLSimpleApplication@32d95e02
reloadAllAccessors: .DCMotor

===========================================================================================
----------------- testing Fri Oct 02 00:56:12 UTC 2020 /home/travis/build/icyphy/ptII/ptolemy/domains/continuous/test/auto/DEInContinuous.xml
----------------- Instantiating /home/travis/build/icyphy/ptII/ptolemy/domains/continuous/test/auto/DEInContinuous.xml
16 ms. Memory: 235520K Free: 112841K (48%)
----------------- Invoking toplevel() on ptolemy.moml.MoMLSimpleApplication@4b0a24f6
----------------- Done invoking toplevel() on ptolemy.moml.MoMLSimpleApplication@4b0a24f6
reloadAllAccessors: .DEInContinuous

===========================================================================================
----------------- testing Fri Oct 02 00:56:12 UTC 2020 /home/travis/build/icyphy/ptII/ptolemy/domains/continuous/test/auto/DEinContinuous2.xml
----------------- Instantiating /home/travis/build/icyphy/ptII/ptolemy/domains/continuous/test/auto/DEinContinuous2.xml
7 ms. Memory: 235520K Free: 105163K (45%)
----------------- Invoking toplevel() on ptolemy.moml.MoMLSimpleApplication@6c7f548c
----------------- Done invoking toplevel() on ptolemy.moml.MoMLSimpleApplication@6c7f548c
reloadAllAccessors: .DEinContinuous2

===========================================================================================
----------------- testing Fri Oct 02 00:56:12 UTC 2020 /home/travis/build/icyphy/ptII/ptolemy/domains/continuous/test/auto/Derivative.xml
----------------- Instantiating /home/travis/build/icyphy/ptII/ptolemy/domains/continuous/test/auto/Derivative.xml
120 ms. Memory: 235520K Free: 215579K (92%)
----------------- Invoking toplevel() on ptolemy.moml.MoMLSimpleApplication@5367c33b
----------------- Done invoking toplevel() on ptolemy.moml.MoMLSimpleApplication@5367c33b
reloadAllAccessors: .Derivative2

===========================================================================================
----------------- testing Fri Oct 02 00:56:12 UTC 2020 /home/travis/build/icyphy/ptII/ptolemy/domains/continuous/test/auto/Derivative1.xml
----------------- Instantiating /home/travis/build/icyphy/ptII/ptolemy/domains/continuous/test/auto/Derivative1.xml
22 ms. Memory: 235520K Free: 200938K (85%)
----------------- Invoking toplevel() on ptolemy.moml.MoMLSimpleApplication@54d97d5f
----------------- Done invoking toplevel() on ptolemy.moml.MoMLSimpleApplication@54d97d5f
reloadAllAccessors: .Derivative1

===========================================================================================
----------------- testing Fri Oct 02 00:56:12 UTC 2020 /home/travis/build/icyphy/ptII/ptolemy/domains/continuous/test/auto/DiscreteClock.xml
----------------- Instantiating /home/travis/build/icyphy/ptII/ptolemy/domains/continuous/test/auto/DiscreteClock.xml
4 ms. Memory: 235520K Free: 195818K (83%)
----------------- Invoking toplevel() on ptolemy.moml.MoMLSimpleApplication@41a45fbf
----------------- Done invoking toplevel() on ptolemy.moml.MoMLSimpleApplication@41a45fbf
reloadAllAccessors: .DiscreteClock

===========================================================================================
----------------- testing Fri Oct 02 00:56:12 UTC 2020 /home/travis/build/icyphy/ptII/ptolemy/domains/continuous/test/auto/EfficiencyCurve.xml
----------------- Instantiating /home/travis/build/icyphy/ptII/ptolemy/domains/continuous/test/auto/EfficiencyCurve.xml
63 ms. Memory: 235520K Free: 186602K (79%)
----------------- Invoking toplevel() on ptolemy.moml.MoMLSimpleApplication@32add415
----------------- Done invoking toplevel() on ptolemy.moml.MoMLSimpleApplication@32add415
reloadAllAccessors: .EfficiencyCurve

===========================================================================================
----------------- testing Fri Oct 02 00:56:12 UTC 2020 /home/travis/build/icyphy/ptII/ptolemy/domains/continuous/test/auto/ExponentialResponse.xml
----------------- Instantiating /home/travis/build/icyphy/ptII/ptolemy/domains/continuous/test/auto/ExponentialResponse.xml
85 ms. Memory: 235520K Free: 170728K (72%)
----------------- Invoking toplevel() on ptolemy.moml.MoMLSimpleApplication@339566f7
----------------- Done invoking toplevel() on ptolemy.moml.MoMLSimpleApplication@339566f7
reloadAllAccessors: .ExponentialResponse

===========================================================================================
----------------- testing Fri Oct 02 00:56:12 UTC 2020 /home/travis/build/icyphy/ptII/ptolemy/domains/continuous/test/auto/ExponentialResponseRK45.xml
----------------- Instantiating /home/travis/build/icyphy/ptII/ptolemy/domains/continuous/test/auto/ExponentialResponseRK45.xml
19 ms. Memory: 235520K Free: 164074K (70%)
----------------- Invoking toplevel() on ptolemy.moml.MoMLSimpleApplication@7fba0f35
----------------- Done invoking toplevel() on ptolemy.moml.MoMLSimpleApplication@7fba0f35
reloadAllAccessors: .ExponentialResponseRK45

===========================================================================================
----------------- testing Fri Oct 02 00:56:12 UTC 2020 /home/travis/build/icyphy/ptII/ptolemy/domains/continuous/test/auto/Friction.xml
----------------- Instantiating /home/travis/build/icyphy/ptII/ptolemy/domains/continuous/test/auto/Friction.xml
1310 ms. Memory: 235520K Free: 160766K (68%)
----------------- Invoking toplevel() on ptolemy.moml.MoMLSimpleApplication@6b540431
----------------- Done invoking toplevel() on ptolemy.moml.MoMLSimpleApplication@6b540431
reloadAllAccessors: .Friction

===========================================================================================
----------------- testing Fri Oct 02 00:56:14 UTC 2020 /home/travis/build/icyphy/ptII/ptolemy/domains/continuous/test/auto/FurutaPendulum.xml
----------------- Instantiating /home/travis/build/icyphy/ptII/ptolemy/domains/continuous/test/auto/FurutaPendulum.xml
2697 ms. Memory: 235520K Free: 85078K (36%)
----------------- Invoking toplevel() on ptolemy.moml.MoMLSimpleApplication@17894151
----------------- Done invoking toplevel() on ptolemy.moml.MoMLSimpleApplication@17894151
reloadAllAccessors: .FurutaPendulum

===========================================================================================
----------------- testing Fri Oct 02 00:56:16 UTC 2020 /home/travis/build/icyphy/ptII/ptolemy/domains/continuous/test/auto/HierarchicalExecution.xml
----------------- Instantiating /home/travis/build/icyphy/ptII/ptolemy/domains/continuous/test/auto/HierarchicalExecution.xml
1451 ms. Memory: 282624K Free: 156863K (56%)
----------------- Invoking toplevel() on ptolemy.moml.MoMLSimpleApplication@645e4a51
----------------- Done invoking toplevel() on ptolemy.moml.MoMLSimpleApplication@645e4a51
reloadAllAccessors: .HierarchicalExecution

===========================================================================================
----------------- testing Fri Oct 02 00:56:18 UTC 2020 /home/travis/build/icyphy/ptII/ptolemy/domains/continuous/test/auto/HybridPlant.xml
----------------- Instantiating /home/travis/build/icyphy/ptII/ptolemy/domains/continuous/test/auto/HybridPlant.xml
443 ms. Memory: 282624K Free: 227530K (81%)
----------------- Invoking toplevel() on ptolemy.moml.MoMLSimpleApplication@2fd7d6a4
----------------- Done invoking toplevel() on ptolemy.moml.MoMLSimpleApplication@2fd7d6a4
reloadAllAccessors: .HybridPlant

===========================================================================================
----------------- testing Fri Oct 02 00:56:19 UTC 2020 /home/travis/build/icyphy/ptII/ptolemy/domains/continuous/test/auto/Hysteresis.xml
----------------- Instantiating /home/travis/build/icyphy/ptII/ptolemy/domains/continuous/test/auto/Hysteresis.xml
125 ms. Memory: 282624K Free: 165066K (58%)
----------------- Invoking toplevel() on ptolemy.moml.MoMLSimpleApplication@5e73c16c
----------------- Done invoking toplevel() on ptolemy.moml.MoMLSimpleApplication@5e73c16c
reloadAllAccessors: .Hysteresis

===========================================================================================
----------------- testing Fri Oct 02 00:56:19 UTC 2020 /home/travis/build/icyphy/ptII/ptolemy/domains/continuous/test/auto/HysteresisWithRandomDelay.xml
----------------- Instantiating /home/travis/build/icyphy/ptII/ptolemy/domains/continuous/test/auto/HysteresisWithRandomDelay.xml
168 ms. Memory: 282624K Free: 260976K (92%)
----------------- Invoking toplevel() on ptolemy.moml.MoMLSimpleApplication@61d85d8d
----------------- Done invoking toplevel() on ptolemy.moml.MoMLSimpleApplication@61d85d8d
reloadAllAccessors: .HysteresisWithRandomDelay

===========================================================================================
----------------- testing Fri Oct 02 00:56:19 UTC 2020 /home/travis/build/icyphy/ptII/ptolemy/domains/continuous/test/auto/HysteresisWithRandomLosses.xml
----------------- Instantiating /home/travis/build/icyphy/ptII/ptolemy/domains/continuous/test/auto/HysteresisWithRandomLosses.xml
2260 ms. Memory: 282624K Free: 188253K (67%)
----------------- Invoking toplevel() on ptolemy.moml.MoMLSimpleApplication@6694b28
----------------- Done invoking toplevel() on ptolemy.moml.MoMLSimpleApplication@6694b28
reloadAllAccessors: .HysteresisWithRandomLosses

===========================================================================================
----------------- testing Fri Oct 02 00:56:21 UTC 2020 /home/travis/build/icyphy/ptII/ptolemy/domains/continuous/test/auto/ImmediateTransitions.xml
----------------- Instantiating /home/travis/build/icyphy/ptII/ptolemy/domains/continuous/test/auto/ImmediateTransitions.xml
8 ms. Memory: 282624K Free: 177517K (63%)
----------------- Invoking toplevel() on ptolemy.moml.MoMLSimpleApplication@21c66c80
----------------- Done invoking toplevel() on ptolemy.moml.MoMLSimpleApplication@21c66c80
reloadAllAccessors: .ImmediateTransitions

===========================================================================================
----------------- testing Fri Oct 02 00:56:21 UTC 2020 /home/travis/build/icyphy/ptII/ptolemy/domains/continuous/test/auto/ImpulseFeedback.xml
----------------- Instantiating /home/travis/build/icyphy/ptII/ptolemy/domains/continuous/test/auto/ImpulseFeedback.xml
8 ms. Memory: 282624K Free: 171883K (61%)
----------------- Invoking toplevel() on ptolemy.moml.MoMLSimpleApplication@188911d9
----------------- Done invoking toplevel() on ptolemy.moml.MoMLSimpleApplication@188911d9
reloadAllAccessors: .ImpulseFeedback

===========================================================================================
----------------- testing Fri Oct 02 00:56:21 UTC 2020 /home/travis/build/icyphy/ptII/ptolemy/domains/continuous/test/auto/ImpulseFeedback2.xml
----------------- Instantiating /home/travis/build/icyphy/ptII/ptolemy/domains/continuous/test/auto/ImpulseFeedback2.xml
5 ms. Memory: 282624K Free: 166253K (59%)
----------------- Invoking toplevel() on ptolemy.moml.MoMLSimpleApplication@3cbeaedf
----------------- Done invoking toplevel() on ptolemy.moml.MoMLSimpleApplication@3cbeaedf
reloadAllAccessors: .ImpulseFeedback2

===========================================================================================
----------------- testing Fri Oct 02 00:56:21 UTC 2020 /home/travis/build/icyphy/ptII/ptolemy/domains/continuous/test/auto/IncreasingRatePoisson.xml
----------------- Instantiating /home/travis/build/icyphy/ptII/ptolemy/domains/continuous/test/auto/IncreasingRatePoisson.xml
692 ms. Memory: 282624K Free: 187341K (66%)
----------------- Invoking toplevel() on ptolemy.moml.MoMLSimpleApplication@60202e36
----------------- Done invoking toplevel() on ptolemy.moml.MoMLSimpleApplication@60202e36
reloadAllAccessors: .IncreasingRatePoisson

===========================================================================================
----------------- testing Fri Oct 02 00:56:22 UTC 2020 /home/travis/build/icyphy/ptII/ptolemy/domains/continuous/test/auto/InitialStateFeedback.xml
----------------- Instantiating /home/travis/build/icyphy/ptII/ptolemy/domains/continuous/test/auto/InitialStateFeedback.xml
6 ms. Memory: 282624K Free: 182731K (65%)
----------------- Invoking toplevel() on ptolemy.moml.MoMLSimpleApplication@114d8df6
----------------- Done invoking toplevel() on ptolemy.moml.MoMLSimpleApplication@114d8df6
reloadAllAccessors: .InitialStateFeedback

===========================================================================================
----------------- testing Fri Oct 02 00:56:22 UTC 2020 /home/travis/build/icyphy/ptII/ptolemy/domains/continuous/test/auto/Integration.xml
----------------- Instantiating /home/travis/build/icyphy/ptII/ptolemy/domains/continuous/test/auto/Integration.xml
2 ms. Memory: 282624K Free: 178635K (63%)
----------------- Invoking toplevel() on ptolemy.moml.MoMLSimpleApplication@7caa46bb
----------------- Done invoking toplevel() on ptolemy.moml.MoMLSimpleApplication@7caa46bb
reloadAllAccessors: .Integration

===========================================================================================
----------------- testing Fri Oct 02 00:56:22 UTC 2020 /home/travis/build/icyphy/ptII/ptolemy/domains/continuous/test/auto/Integration2.xml
----------------- Instantiating /home/travis/build/icyphy/ptII/ptolemy/domains/continuous/test/auto/Integration2.xml
66 ms. Memory: 282624K Free: 164299K (58%)
----------------- Invoking toplevel() on ptolemy.moml.MoMLSimpleApplication@4f724ee5
----------------- Done invoking toplevel() on ptolemy.moml.MoMLSimpleApplication@4f724ee5
reloadAllAccessors: .Integration2

===========================================================================================
----------------- testing Fri Oct 02 00:56:22 UTC 2020 /home/travis/build/icyphy/ptII/ptolemy/domains/continuous/test/auto/Integration3.xml
----------------- Instantiating /home/travis/build/icyphy/ptII/ptolemy/domains/continuous/test/auto/Integration3.xml
1 ms. Memory: 282624K Free: 159693K (57%)
----------------- Invoking toplevel() on ptolemy.moml.MoMLSimpleApplication@4ee3e372
----------------- Done invoking toplevel() on ptolemy.moml.MoMLSimpleApplication@4ee3e372
reloadAllAccessors: .Integration3

===========================================================================================
----------------- testing Fri Oct 02 00:56:22 UTC 2020 /home/travis/build/icyphy/ptII/ptolemy/domains/continuous/test/auto/Integration5.xml
----------------- Instantiating /home/travis/build/icyphy/ptII/ptolemy/domains/continuous/test/auto/Integration5.xml
1 ms. Memory: 282624K Free: 155597K (55%)
----------------- Invoking toplevel() on ptolemy.moml.MoMLSimpleApplication@3b5a96e3
----------------- Done invoking toplevel() on ptolemy.moml.MoMLSimpleApplication@3b5a96e3
reloadAllAccessors: .Integration5

===========================================================================================
----------------- testing Fri Oct 02 00:56:22 UTC 2020 /home/travis/build/icyphy/ptII/ptolemy/domains/continuous/test/auto/IntegratorImpulse.xml
----------------- Instantiating /home/travis/build/icyphy/ptII/ptolemy/domains/continuous/test/auto/IntegratorImpulse.xml
2 ms. Memory: 282624K Free: 151501K (54%)
----------------- Invoking toplevel() on ptolemy.moml.MoMLSimpleApplication@7b25a3f5
----------------- Done invoking toplevel() on ptolemy.moml.MoMLSimpleApplication@7b25a3f5
reloadAllAccessors: .IntegratorImpulse

===========================================================================================
----------------- testing Fri Oct 02 00:56:22 UTC 2020 /home/travis/build/icyphy/ptII/ptolemy/domains/continuous/test/auto/IntegratorImpulse2.xml
----------------- Instantiating /home/travis/build/icyphy/ptII/ptolemy/domains/continuous/test/auto/IntegratorImpulse2.xml
3 ms. Memory: 282624K Free: 146891K (52%)
----------------- Invoking toplevel() on ptolemy.moml.MoMLSimpleApplication@754df3b9
----------------- Done invoking toplevel() on ptolemy.moml.MoMLSimpleApplication@754df3b9
reloadAllAccessors: .IntegratorImpulse2

===========================================================================================
----------------- testing Fri Oct 02 00:56:22 UTC 2020 /home/travis/build/icyphy/ptII/ptolemy/domains/continuous/test/auto/LevelCrossing1.xml
----------------- Instantiating /home/travis/build/icyphy/ptII/ptolemy/domains/continuous/test/auto/LevelCrossing1.xml
1 ms. Memory: 282624K Free: 141771K (50%)
----------------- Invoking toplevel() on ptolemy.moml.MoMLSimpleApplication@28665635
----------------- Done invoking toplevel() on ptolemy.moml.MoMLSimpleApplication@28665635
reloadAllAccessors: .LevelCrossing1

===========================================================================================
----------------- testing Fri Oct 02 00:56:22 UTC 2020 /home/travis/build/icyphy/ptII/ptolemy/domains/continuous/test/auto/LevelCrossing2.xml
----------------- Instantiating /home/travis/build/icyphy/ptII/ptolemy/domains/continuous/test/auto/LevelCrossing2.xml
2 ms. Memory: 282624K Free: 136645K (48%)
----------------- Invoking toplevel() on ptolemy.moml.MoMLSimpleApplication@2959ef72
----------------- Done invoking toplevel() on ptolemy.moml.MoMLSimpleApplication@2959ef72
reloadAllAccessors: .LevelCrossing2

===========================================================================================
----------------- testing Fri Oct 02 00:56:22 UTC 2020 /home/travis/build/icyphy/ptII/ptolemy/domains/continuous/test/auto/LevelCrossing3.xml
----------------- Instantiating /home/travis/build/icyphy/ptII/ptolemy/domains/continuous/test/auto/LevelCrossing3.xml
2 ms. Memory: 282624K Free: 131531K (47%)
----------------- Invoking toplevel() on ptolemy.moml.MoMLSimpleApplication@57e4f577
----------------- Done invoking toplevel() on ptolemy.moml.MoMLSimpleApplication@57e4f577
reloadAllAccessors: .LevelCrossing3

===========================================================================================
----------------- testing Fri Oct 02 00:56:22 UTC 2020 /home/travis/build/icyphy/ptII/ptolemy/domains/continuous/test/auto/LevelCrossing4.xml
----------------- Instantiating /home/travis/build/icyphy/ptII/ptolemy/domains/continuous/test/auto/LevelCrossing4.xml
3 ms. Memory: 282624K Free: 126411K (45%)
----------------- Invoking toplevel() on ptolemy.moml.MoMLSimpleApplication@2c3633bd
----------------- Done invoking toplevel() on ptolemy.moml.MoMLSimpleApplication@2c3633bd
reloadAllAccessors: .LevelCrossing4

===========================================================================================
----------------- testing Fri Oct 02 00:56:22 UTC 2020 /home/travis/build/icyphy/ptII/ptolemy/domains/continuous/test/auto/LevelCrossing5.xml
----------------- Instantiating /home/travis/build/icyphy/ptII/ptolemy/domains/continuous/test/auto/LevelCrossing5.xml
3 ms. Memory: 282624K Free: 121291K (43%)
----------------- Invoking toplevel() on ptolemy.moml.MoMLSimpleApplication@22a90856
----------------- Done invoking toplevel() on ptolemy.moml.MoMLSimpleApplication@22a90856
reloadAllAccessors: .LevelCrossing5

===========================================================================================
[...]
----------------- testing Fri Oct 02 00:56:37 UTC 2020 /home/travis/build/icyphy/ptII/ptolemy/domains/continuous/test/auto/SRinContinuous.xml
----------------- Instantiating /home/travis/build/icyphy/ptII/ptolemy/domains/continuous/test/auto/SRinContinuous.xml
4 ms. Memory: 282624K Free: 236115K (84%)
----------------- Invoking toplevel() on ptolemy.moml.MoMLSimpleApplication@25fbab6e
----------------- Done invoking toplevel() on ptolemy.moml.MoMLSimpleApplication@25fbab6e
reloadAllAccessors: .SRinContinuous

===========================================================================================
----------------- testing Fri Oct 02 00:56:37 UTC 2020 /home/travis/build/icyphy/ptII/ptolemy/domains/continuous/test/auto/SampledClocks.xml
----------------- Instantiating /home/travis/build/icyphy/ptII/ptolemy/domains/continuous/test/auto/SampledClocks.xml
6 ms. Memory: 282624K Free: 223313K (79%)
----------------- Invoking toplevel() on ptolemy.moml.MoMLSimpleApplication@33b73b98
----------------- Done invoking toplevel() on ptolemy.moml.MoMLSimpleApplication@33b73b98
reloadAllAccessors: .SampledClocks

===========================================================================================
----------------- testing Fri Oct 02 00:56:38 UTC 2020 /home/travis/build/icyphy/ptII/ptolemy/domains/continuous/test/auto/Satellite.xml
----------------- Instantiating /home/travis/build/icyphy/ptII/ptolemy/domains/continuous/test/auto/Satellite.xml
682 ms. Memory: 282624K Free: 200121K (71%)
----------------- Invoking toplevel() on ptolemy.moml.MoMLSimpleApplication@41191405
----------------- Done invoking toplevel() on ptolemy.moml.MoMLSimpleApplication@41191405
reloadAllAccessors: .Satellite

===========================================================================================
----------------- testing Fri Oct 02 00:56:38 UTC 2020 /home/travis/build/icyphy/ptII/ptolemy/domains/continuous/test/auto/SigmaDelta.xml
----------------- Instantiating /home/travis/build/icyphy/ptII/ptolemy/domains/continuous/test/auto/SigmaDelta.xml
2011 ms. Memory: 282624K Free: 256570K (91%)
----------------- Invoking toplevel() on ptolemy.moml.MoMLSimpleApplication@392276c9
----------------- Done invoking toplevel() on ptolemy.moml.MoMLSimpleApplication@392276c9
reloadAllAccessors: .SigmaDelta

===========================================================================================
----------------- testing Fri Oct 02 00:56:40 UTC 2020 /home/travis/build/icyphy/ptII/ptolemy/domains/continuous/test/auto/SingleRefinement.xml
----------------- Instantiating /home/travis/build/icyphy/ptII/ptolemy/domains/continuous/test/auto/SingleRefinement.xml
319 ms. Memory: 282624K Free: 241179K (85%)
----------------- Invoking toplevel() on ptolemy.moml.MoMLSimpleApplication@35b5e3d3
----------------- Done invoking toplevel() on ptolemy.moml.MoMLSimpleApplication@35b5e3d3
reloadAllAccessors: .SingleRefinement

===========================================================================================
----------------- testing Fri Oct 02 00:56:41 UTC 2020 /home/travis/build/icyphy/ptII/ptolemy/domains/continuous/test/auto/SinuBouncingBall.xml
----------------- Instantiating /home/travis/build/icyphy/ptII/ptolemy/domains/continuous/test/auto/SinuBouncingBall.xml
782 ms. Memory: 282624K Free: 194830K (69%)
----------------- Invoking toplevel() on ptolemy.moml.MoMLSimpleApplication@53bcd3bf
----------------- Done invoking toplevel() on ptolemy.moml.MoMLSimpleApplication@53bcd3bf
reloadAllAccessors: .SinuBouncingBall

===========================================================================================
----------------- testing Fri Oct 02 00:56:42 UTC 2020 /home/travis/build/icyphy/ptII/ptolemy/domains/continuous/test/auto/Sinusoid.xml
----------------- Instantiating /home/travis/build/icyphy/ptII/ptolemy/domains/continuous/test/auto/Sinusoid.xml
3 ms. Memory: 282624K Free: 190206K (67%)
----------------- Invoking toplevel() on ptolemy.moml.MoMLSimpleApplication@1dab8e4
----------------- Done invoking toplevel() on ptolemy.moml.MoMLSimpleApplication@1dab8e4
reloadAllAccessors: .Sinusoid

===========================================================================================
----------------- testing Fri Oct 02 00:56:42 UTC 2020 /home/travis/build/icyphy/ptII/ptolemy/domains/continuous/test/auto/SinusoidInNoise.xml
----------------- Instantiating /home/travis/build/icyphy/ptII/ptolemy/domains/continuous/test/auto/SinusoidInNoise.xml
745 ms. Memory: 282624K Free: 216687K (77%)
----------------- Invoking toplevel() on ptolemy.moml.MoMLSimpleApplication@6a493d8e
----------------- Done invoking toplevel() on ptolemy.moml.MoMLSimpleApplication@6a493d8e
reloadAllAccessors: .SinusoidInNoise

===========================================================================================
----------------- testing Fri Oct 02 00:56:42 UTC 2020 /home/travis/build/icyphy/ptII/ptolemy/domains/continuous/test/auto/SinusoidRK45.xml
----------------- Instantiating /home/travis/build/icyphy/ptII/ptolemy/domains/continuous/test/auto/SinusoidRK45.xml
1 ms. Memory: 282624K Free: 212081K (75%)
----------------- Invoking toplevel() on ptolemy.moml.MoMLSimpleApplication@633025f3
----------------- Done invoking toplevel() on ptolemy.moml.MoMLSimpleApplication@633025f3
reloadAllAccessors: .SinusoidRK45

===========================================================================================
----------------- testing Fri Oct 02 00:56:42 UTC 2020 /home/travis/build/icyphy/ptII/ptolemy/domains/continuous/test/auto/SinusoidWithMultipleImpulses.xml
----------------- Instantiating /home/travis/build/icyphy/ptII/ptolemy/domains/continuous/test/auto/SinusoidWithMultipleImpulses.xml
3 ms. Memory: 282624K Free: 207471K (73%)
----------------- Invoking toplevel() on ptolemy.moml.MoMLSimpleApplication@6b38a59e
----------------- Done invoking toplevel() on ptolemy.moml.MoMLSimpleApplication@6b38a59e
reloadAllAccessors: .SinusoidWithMultipleImpulses

===========================================================================================
----------------- testing Fri Oct 02 00:56:42 UTC 2020 /home/travis/build/icyphy/ptII/ptolemy/domains/continuous/test/auto/SquareWave.xml
----------------- Instantiating /home/travis/build/icyphy/ptII/ptolemy/domains/continuous/test/auto/SquareWave.xml
131 ms. Memory: 282624K Free: 180337K (64%)
----------------- Invoking toplevel() on ptolemy.moml.MoMLSimpleApplication@5892e07d
----------------- Done invoking toplevel() on ptolemy.moml.MoMLSimpleApplication@5892e07d
reloadAllAccessors: .SquareWave

===========================================================================================
----------------- testing Fri Oct 02 00:56:43 UTC 2020 /home/travis/build/icyphy/ptII/ptolemy/domains/continuous/test/auto/Starmac.xml
----------------- Instantiating /home/travis/build/icyphy/ptII/ptolemy/domains/continuous/test/auto/Starmac.xml
3036 ms. Memory: 282624K Free: 197642K (70%)
----------------- Invoking toplevel() on ptolemy.moml.MoMLSimpleApplication@612158cd
----------------- Done invoking toplevel() on ptolemy.moml.MoMLSimpleApplication@612158cd
reloadAllAccessors: .Starmac

===========================================================================================
----------------- testing Fri Oct 02 00:56:46 UTC 2020 /home/travis/build/icyphy/ptII/ptolemy/domains/continuous/test/auto/StaticUnits.xml
----------------- Instantiating /home/travis/build/icyphy/ptII/ptolemy/domains/continuous/test/auto/StaticUnits.xml
1721 ms. Memory: 282624K Free: 229306K (81%)
----------------- Invoking toplevel() on ptolemy.moml.MoMLSimpleApplication@3feaa699
----------------- Done invoking toplevel() on ptolemy.moml.MoMLSimpleApplication@3feaa699
reloadAllAccessors: .StaticUnits

===========================================================================================
----------------- testing Fri Oct 02 00:56:48 UTC 2020 /home/travis/build/icyphy/ptII/ptolemy/domains/continuous/test/auto/StickyMasses.xml
----------------- Instantiating /home/travis/build/icyphy/ptII/ptolemy/domains/continuous/test/auto/StickyMasses.xml
135 ms. Memory: 282624K Free: 179644K (64%)
----------------- Invoking toplevel() on ptolemy.moml.MoMLSimpleApplication@124f7eac
----------------- Done invoking toplevel() on ptolemy.moml.MoMLSimpleApplication@124f7eac
reloadAllAccessors: .StickyMasses

===========================================================================================
----------------- testing Fri Oct 02 00:56:48 UTC 2020 /home/travis/build/icyphy/ptII/ptolemy/domains/continuous/test/auto/StopTime.xml
----------------- Instantiating /home/travis/build/icyphy/ptII/ptolemy/domains/continuous/test/auto/StopTime.xml
38 ms. Memory: 282624K Free: 155066K (55%)
----------------- Invoking toplevel() on ptolemy.moml.MoMLSimpleApplication@35e23123
----------------- Done invoking toplevel() on ptolemy.moml.MoMLSimpleApplication@35e23123
reloadAllAccessors: .StopTime

===========================================================================================
----------------- testing Fri Oct 02 00:56:48 UTC 2020 /home/travis/build/icyphy/ptII/ptolemy/domains/continuous/test/auto/StopTime2.xml
----------------- Instantiating /home/travis/build/icyphy/ptII/ptolemy/domains/continuous/test/auto/StopTime2.xml
30 ms. Memory: 282624K Free: 133050K (47%)
----------------- Invoking toplevel() on ptolemy.moml.MoMLSimpleApplication@1e0c95f4
----------------- Done invoking toplevel() on ptolemy.moml.MoMLSimpleApplication@1e0c95f4
reloadAllAccessors: .StopTime2

===========================================================================================
----------------- testing Fri Oct 02 00:56:49 UTC 2020 /home/travis/build/icyphy/ptII/ptolemy/domains/continuous/test/auto/Switch.xml
----------------- Instantiating /home/travis/build/icyphy/ptII/ptolemy/domains/continuous/test/auto/Switch.xml
38 ms. Memory: 282624K Free: 108460K (38%)
----------------- Invoking toplevel() on ptolemy.moml.MoMLSimpleApplication@1147d2b7
----------------- Done invoking toplevel() on ptolemy.moml.MoMLSimpleApplication@1147d2b7
reloadAllAccessors: .Switch

===========================================================================================
----------------- testing Fri Oct 02 00:56:49 UTC 2020 /home/travis/build/icyphy/ptII/ptolemy/domains/continuous/test/auto/Thermostat.xml
----------------- Instantiating /home/travis/build/icyphy/ptII/ptolemy/domains/continuous/test/auto/Thermostat.xml
175 ms. Memory: 282624K Free: 199787K (71%)
----------------- Invoking toplevel() on ptolemy.moml.MoMLSimpleApplication@18262cb3
----------------- Done invoking toplevel() on ptolemy.moml.MoMLSimpleApplication@18262cb3
reloadAllAccessors: .Thermostat

===========================================================================================
----------------- testing Fri Oct 02 00:56:49 UTC 2020 /home/travis/build/icyphy/ptII/ptolemy/domains/continuous/test/auto/TimeDelay.xml
----------------- Instantiating /home/travis/build/icyphy/ptII/ptolemy/domains/continuous/test/auto/TimeDelay.xml
4 ms. Memory: 282624K Free: 194979K (69%)
----------------- Invoking toplevel() on ptolemy.moml.MoMLSimpleApplication@50b26a
----------------- Done invoking toplevel() on ptolemy.moml.MoMLSimpleApplication@50b26a
reloadAllAccessors: .TimeDelay

===========================================================================================
----------------- testing Fri Oct 02 00:56:49 UTC 2020 /home/travis/build/icyphy/ptII/ptolemy/domains/continuous/test/auto/TimeDelay2.xml
----------------- Instantiating /home/travis/build/icyphy/ptII/ptolemy/domains/continuous/test/auto/TimeDelay2.xml
8 ms. Memory: 282624K Free: 185260K (66%)
----------------- Invoking toplevel() on ptolemy.moml.MoMLSimpleApplication@643f4562
----------------- Done invoking toplevel() on ptolemy.moml.MoMLSimpleApplication@643f4562
reloadAllAccessors: .TimeDelay2

===========================================================================================
----------------- testing Fri Oct 02 00:56:49 UTC 2020 /home/travis/build/icyphy/ptII/ptolemy/domains/continuous/test/auto/TimeDelay3.xml
----------------- Instantiating /home/travis/build/icyphy/ptII/ptolemy/domains/continuous/test/auto/TimeDelay3.xml
4 ms. Memory: 282624K Free: 181162K (64%)
----------------- Invoking toplevel() on ptolemy.moml.MoMLSimpleApplication@9817801
----------------- Done invoking toplevel() on ptolemy.moml.MoMLSimpleApplication@9817801
reloadAllAccessors: .TimeDelay3

===========================================================================================
----------------- testing Fri Oct 02 00:56:49 UTC 2020 /home/travis/build/icyphy/ptII/ptolemy/domains/continuous/test/auto/TransferAbsentToInside.xml
----------------- Instantiating /home/travis/build/icyphy/ptII/ptolemy/domains/continuous/test/auto/TransferAbsentToInside.xml
27 ms. Memory: 282624K Free: 127371K (45%)
----------------- Invoking toplevel() on ptolemy.moml.MoMLSimpleApplication@46bb6bfd
----------------- Done invoking toplevel() on ptolemy.moml.MoMLSimpleApplication@46bb6bfd
reloadAllAccessors: .TransferAbsentToInside

===========================================================================================
----------------- testing Fri Oct 02 00:56:49 UTC 2020 /home/travis/build/icyphy/ptII/ptolemy/domains/continuous/test/auto/Transmission.xml
----------------- Instantiating /home/travis/build/icyphy/ptII/ptolemy/domains/continuous/test/auto/Transmission.xml
683 ms. Memory: 282624K Free: 222617K (79%)
----------------- Invoking toplevel() on ptolemy.moml.MoMLSimpleApplication@3dd2fbde
----------------- Done invoking toplevel() on ptolemy.moml.MoMLSimpleApplication@3dd2fbde
reloadAllAccessors: .Transmission

===========================================================================================
----------------- testing Fri Oct 02 00:56:50 UTC 2020 /home/travis/build/icyphy/ptII/ptolemy/domains/continuous/test/auto/TriggeredContinuousClock.xml
----------------- Instantiating /home/travis/build/icyphy/ptII/ptolemy/domains/continuous/test/auto/TriggeredContinuousClock.xml
31 ms. Memory: 282624K Free: 192921K (68%)
----------------- Invoking toplevel() on ptolemy.moml.MoMLSimpleApplication@1ee3fb49
----------------- Done invoking toplevel() on ptolemy.moml.MoMLSimpleApplication@1ee3fb49
reloadAllAccessors: .TriggeredContinuousClock

===========================================================================================
----------------- testing Fri Oct 02 00:56:50 UTC 2020 /home/travis/build/icyphy/ptII/ptolemy/domains/continuous/test/auto/TwoMachineInfiniteBusControl.xml
----------------- Instantiating /home/travis/build/icyphy/ptII/ptolemy/domains/continuous/test/auto/TwoMachineInfiniteBusControl.xml
2465 ms. Memory: 282624K Free: 99181K (35%)
----------------- Invoking toplevel() on ptolemy.moml.MoMLSimpleApplication@6d67b7d
----------------- Done invoking toplevel() on ptolemy.moml.MoMLSimpleApplication@6d67b7d
reloadAllAccessors: .TwoMachineInfiniteBusControl

===========================================================================================
----------------- testing Fri Oct 02 00:56:52 UTC 2020 /home/travis/build/icyphy/ptII/ptolemy/domains/continuous/test/auto/V2V.xml
----------------- Instantiating /home/travis/build/icyphy/ptII/ptolemy/domains/continuous/test/auto/V2V.xml
842 ms. Memory: 339968K Free: 294754K (87%)
----------------- Invoking toplevel() on ptolemy.moml.MoMLSimpleApplication@26ac7b69
----------------- Done invoking toplevel() on ptolemy.moml.MoMLSimpleApplication@26ac7b69
reloadAllAccessors: .V2V

===========================================================================================
----------------- testing Fri Oct 02 00:56:53 UTC 2020 /home/travis/build/icyphy/ptII/ptolemy/domains/continuous/test/auto/hierarchicalModalModel.xml
----------------- Instantiating /home/travis/build/icyphy/ptII/ptolemy/domains/continuous/test/auto/hierarchicalModalModel.xml
10 ms. Memory: 339968K Free: 280418K (82%)
----------------- Invoking toplevel() on ptolemy.moml.MoMLSimpleApplication@2ae5ace1
----------------- Done invoking toplevel() on ptolemy.moml.MoMLSimpleApplication@2ae5ace1
reloadAllAccessors: .hierarchicalModalModel

===========================================================================================
----------------- testing Fri Oct 02 00:56:53 UTC 2020 /home/travis/build/icyphy/ptII/ptolemy/domains/continuous/test/auto/hierarchicalModalModel1.xml
----------------- Instantiating /home/travis/build/icyphy/ptII/ptolemy/domains/continuous/test/auto/hierarchicalModalModel1.xml
13 ms. Memory: 339968K Free: 266082K (78%)
----------------- Invoking toplevel() on ptolemy.moml.MoMLSimpleApplication@12fea00f
----------------- Done invoking toplevel() on ptolemy.moml.MoMLSimpleApplication@12fea00f
reloadAllAccessors: .hierarchicalModalModel1

===========================================================================================
----------------- testing Fri Oct 02 00:56:53 UTC 2020 /home/travis/build/icyphy/ptII/ptolemy/domains/continuous/test/auto/hierarchicalModalModel2.xml
----------------- Instantiating /home/travis/build/icyphy/ptII/ptolemy/domains/continuous/test/auto/hierarchicalModalModel2.xml
6 ms. Memory: 339968K Free: 253794K (75%)
----------------- Invoking toplevel() on ptolemy.moml.MoMLSimpleApplication@305a6f3d
----------------- Done invoking toplevel() on ptolemy.moml.MoMLSimpleApplication@305a6f3d
reloadAllAccessors: .hierarchicalModalModel2

===========================================================================================
----------------- testing Fri Oct 02 00:56:53 UTC 2020 /home/travis/build/icyphy/ptII/ptolemy/domains/continuous/test/auto/hierarchicalModalModel3.xml
----------------- Instantiating /home/travis/build/icyphy/ptII/ptolemy/domains/continuous/test/auto/hierarchicalModalModel3.xml
7 ms. Memory: 339968K Free: 243040K (71%)
----------------- Invoking toplevel() on ptolemy.moml.MoMLSimpleApplication@11e4876d
----------------- Done invoking toplevel() on ptolemy.moml.MoMLSimpleApplication@11e4876d
reloadAllAccessors: .hierarchicalModalModel3

===========================================================================================
----------------- testing Fri Oct 02 00:56:53 UTC 2020 /home/travis/build/icyphy/ptII/ptolemy/domains/continuous/test/auto/hierarchicalModalModel4.xml
----------------- Instantiating /home/travis/build/icyphy/ptII/ptolemy/domains/continuous/test/auto/hierarchicalModalModel4.xml
5 ms. Memory: 339968K Free: 231266K (68%)
----------------- Invoking toplevel() on ptolemy.moml.MoMLSimpleApplication@3139a157
----------------- Done invoking toplevel() on ptolemy.moml.MoMLSimpleApplication@3139a157
reloadAllAccessors: .hierarchicalModalModel4

===========================================================================================
----------------- testing Fri Oct 02 00:56:53 UTC 2020 /home/travis/build/icyphy/ptII/ptolemy/domains/continuous/test/auto/junk.xml
----------------- Instantiating /home/travis/build/icyphy/ptII/ptolemy/domains/continuous/test/auto/junk.xml
128 ms. Memory: 339968K Free: 205666K (60%)
----------------- Invoking toplevel() on ptolemy.moml.MoMLSimpleApplication@48026746
----------------- Done invoking toplevel() on ptolemy.moml.MoMLSimpleApplication@48026746
reloadAllAccessors: .junk
AutoTests.java: About to close Vertx.
AutoTests.java: Vertx closed.
]]></system-out>
  <system-err><![CDATA[Warning: '.HysteresisWithRandomDelay.NonStrictTest' The test produced only 221 tokens, yet the correctValues parameter was expecting 222 tokens.
Warning: '.HysteresisWithRandomDelay.NonStrictTest2' The test produced only 220 tokens, yet the correctValues parameter was expecting 221 tokens.
Warning: '.Poisson.NonStrictTest' The test produced only 346 tokens, yet the correctValues parameter was expecting 430 tokens.
]]></system-err>
</testsuite>
