<?xml version="1.0" encoding="UTF-8" ?>
<testsuite errors="0" failures="0" hostname="travis-job-8b40e838-3c80-4f82-a008-c6c7d3035b84" name="ptolemy.actor.lib.hoc.test.junit.JUnitTclTest" skipped="0" tests="58" time="36.588" timestamp="2019-11-09T06:19:14">
  <properties>
[...]
</properties>
  <testcase classname="ptolemy.util.test.junit.TclTests" name="[0] /home/travis/build/icyphy/ptII/ptolemy/actor/lib/hoc/test/IterateOverArray.tcl (RunTclFile)" time="0.345" />
  <testcase classname="ptolemy.util.test.junit.AutoKnownFailedTests" name="[0] /home/travis/build/icyphy/ptII/ptolemy/actor/lib/hoc/test/auto/knownFailedTests/PreinitializeMustBeInvokedRunComposite.xml (RunModel)" time="0.457" />
  <testcase classname="ptolemy.util.test.junit.AutoNameArchTests" name="[0] ThereAreNoAutoArchTests (RunModel)" time="0.01" />
  <testcase classname="ptolemy.util.test.junit.AutoTests" name="[0] /home/travis/build/icyphy/ptII/ptolemy/actor/lib/hoc/test/auto/AllToAllMultiInstanceComposite.xml (RunModel)" time="0.494" />
  <testcase classname="ptolemy.util.test.junit.AutoTests" name="[1] /home/travis/build/icyphy/ptII/ptolemy/actor/lib/hoc/test/auto/ApplyFFTTest.xml (RunModel)" time="0.531" />
  <testcase classname="ptolemy.util.test.junit.AutoTests" name="[2] /home/travis/build/icyphy/ptII/ptolemy/actor/lib/hoc/test/auto/ApplyFunction.xml (RunModel)" time="0.085" />
  <testcase classname="ptolemy.util.test.junit.AutoTests" name="[3] /home/travis/build/icyphy/ptII/ptolemy/actor/lib/hoc/test/auto/BackgroundExecution.xml (RunModel)" time="0.721" />
  <testcase classname="ptolemy.util.test.junit.AutoTests" name="[4] /home/travis/build/icyphy/ptII/ptolemy/actor/lib/hoc/test/auto/Case.xml (RunModel)" time="0.072" />
  <testcase classname="ptolemy.util.test.junit.AutoTests" name="[5] /home/travis/build/icyphy/ptII/ptolemy/actor/lib/hoc/test/auto/Case1.xml (RunModel)" time="0.092" />
  <testcase classname="ptolemy.util.test.junit.AutoTests" name="[6] /home/travis/build/icyphy/ptII/ptolemy/actor/lib/hoc/test/auto/Case2.xml (RunModel)" time="0.085" />
  <testcase classname="ptolemy.util.test.junit.AutoTests" name="[7] /home/travis/build/icyphy/ptII/ptolemy/actor/lib/hoc/test/auto/Case3.xml (RunModel)" time="0.048" />
  <testcase classname="ptolemy.util.test.junit.AutoTests" name="[8] /home/travis/build/icyphy/ptII/ptolemy/actor/lib/hoc/test/auto/Case4.xml (RunModel)" time="0.063" />
  <testcase classname="ptolemy.util.test.junit.AutoTests" name="[9] /home/travis/build/icyphy/ptII/ptolemy/actor/lib/hoc/test/auto/Case5.xml (RunModel)" time="0.099" />
  <testcase classname="ptolemy.util.test.junit.AutoTests" name="[10] /home/travis/build/icyphy/ptII/ptolemy/actor/lib/hoc/test/auto/Case6.xml (RunModel)" time="0.152" />
  <testcase classname="ptolemy.util.test.junit.AutoTests" name="[11] /home/travis/build/icyphy/ptII/ptolemy/actor/lib/hoc/test/auto/CaseString2.xml (RunModel)" time="0.045" />
  <testcase classname="ptolemy.util.test.junit.AutoTests" name="[12] /home/travis/build/icyphy/ptII/ptolemy/actor/lib/hoc/test/auto/CatchUpComposite1.xml (RunModel)" time="0.061" />
  <testcase classname="ptolemy.util.test.junit.AutoTests" name="[13] /home/travis/build/icyphy/ptII/ptolemy/actor/lib/hoc/test/auto/CatchUpComposite2.xml (RunModel)" time="0.047" />
  <testcase classname="ptolemy.util.test.junit.AutoTests" name="[14] /home/travis/build/icyphy/ptII/ptolemy/actor/lib/hoc/test/auto/CatchUpComposite3.xml (RunModel)" time="0.092" />
  <testcase classname="ptolemy.util.test.junit.AutoTests" name="[15] /home/travis/build/icyphy/ptII/ptolemy/actor/lib/hoc/test/auto/CatchUpComposite4.xml (RunModel)" time="0.092" />
  <testcase classname="ptolemy.util.test.junit.AutoTests" name="[16] /home/travis/build/icyphy/ptII/ptolemy/actor/lib/hoc/test/auto/CatchUpComposite5.xml (RunModel)" time="0.069" />
  <testcase classname="ptolemy.util.test.junit.AutoTests" name="[17] /home/travis/build/icyphy/ptII/ptolemy/actor/lib/hoc/test/auto/CatchUpComposite6.xml (RunModel)" time="0.217" />
  <testcase classname="ptolemy.util.test.junit.AutoTests" name="[18] /home/travis/build/icyphy/ptII/ptolemy/actor/lib/hoc/test/auto/CatchUpComposite7.xml (RunModel)" time="0.108" />
  <testcase classname="ptolemy.util.test.junit.AutoTests" name="[19] /home/travis/build/icyphy/ptII/ptolemy/actor/lib/hoc/test/auto/ConcurrentExecutionTimeSDF.xml (RunModel)" time="2.259" />
  <testcase classname="ptolemy.util.test.junit.AutoTests" name="[20] /home/travis/build/icyphy/ptII/ptolemy/actor/lib/hoc/test/auto/ConcurrentSleep.xml (RunModel)" time="0.783" />
  <testcase classname="ptolemy.util.test.junit.AutoTests" name="[21] /home/travis/build/icyphy/ptII/ptolemy/actor/lib/hoc/test/auto/DEInPNInRunCompositeActor.xml (RunModel)" time="0.049" />
  <testcase classname="ptolemy.util.test.junit.AutoTests" name="[22] /home/travis/build/icyphy/ptII/ptolemy/actor/lib/hoc/test/auto/DFTSubSetTest.xml (RunModel)" time="0.332" />
  <testcase classname="ptolemy.util.test.junit.AutoTests" name="[23] /home/travis/build/icyphy/ptII/ptolemy/actor/lib/hoc/test/auto/HocDE.xml (RunModel)" time="0.167" />
  <testcase classname="ptolemy.util.test.junit.AutoTests" name="[24] /home/travis/build/icyphy/ptII/ptolemy/actor/lib/hoc/test/auto/IterateOverArray.xml (RunModel)" time="0.031" />
  <testcase classname="ptolemy.util.test.junit.AutoTests" name="[25] /home/travis/build/icyphy/ptII/ptolemy/actor/lib/hoc/test/auto/IterateOverArray10.xml (RunModel)" time="0.033" />
  <testcase classname="ptolemy.util.test.junit.AutoTests" name="[26] /home/travis/build/icyphy/ptII/ptolemy/actor/lib/hoc/test/auto/IterateOverArray11.xml (RunModel)" time="0.02" />
  <testcase classname="ptolemy.util.test.junit.AutoTests" name="[27] /home/travis/build/icyphy/ptII/ptolemy/actor/lib/hoc/test/auto/IterateOverArray12.xml (RunModel)" time="0.046" />
  <testcase classname="ptolemy.util.test.junit.AutoTests" name="[28] /home/travis/build/icyphy/ptII/ptolemy/actor/lib/hoc/test/auto/IterateOverArray13.xml (RunModel)" time="0.183" />
  <testcase classname="ptolemy.util.test.junit.AutoTests" name="[29] /home/travis/build/icyphy/ptII/ptolemy/actor/lib/hoc/test/auto/IterateOverArray14.xml (RunModel)" time="0.181" />
  <testcase classname="ptolemy.util.test.junit.AutoTests" name="[30] /home/travis/build/icyphy/ptII/ptolemy/actor/lib/hoc/test/auto/IterateOverArray2.xml (RunModel)" time="0.034" />
  <testcase classname="ptolemy.util.test.junit.AutoTests" name="[31] /home/travis/build/icyphy/ptII/ptolemy/actor/lib/hoc/test/auto/IterateOverArray3.xml (RunModel)" time="0.046" />
  <testcase classname="ptolemy.util.test.junit.AutoTests" name="[32] /home/travis/build/icyphy/ptII/ptolemy/actor/lib/hoc/test/auto/IterateOverArray4.xml (RunModel)" time="0.027" />
  <testcase classname="ptolemy.util.test.junit.AutoTests" name="[33] /home/travis/build/icyphy/ptII/ptolemy/actor/lib/hoc/test/auto/IterateOverArray5.xml (RunModel)" time="0.024" />
  <testcase classname="ptolemy.util.test.junit.AutoTests" name="[34] /home/travis/build/icyphy/ptII/ptolemy/actor/lib/hoc/test/auto/IterateOverArray6.xml (RunModel)" time="0.021" />
  <testcase classname="ptolemy.util.test.junit.AutoTests" name="[35] /home/travis/build/icyphy/ptII/ptolemy/actor/lib/hoc/test/auto/IterateOverArray7.xml (RunModel)" time="0.026" />
  <testcase classname="ptolemy.util.test.junit.AutoTests" name="[36] /home/travis/build/icyphy/ptII/ptolemy/actor/lib/hoc/test/auto/IterateOverArray8.xml (RunModel)" time="0.026" />
  <testcase classname="ptolemy.util.test.junit.AutoTests" name="[37] /home/travis/build/icyphy/ptII/ptolemy/actor/lib/hoc/test/auto/IterateOverArray9.xml (RunModel)" time="0.029" />
  <testcase classname="ptolemy.util.test.junit.AutoTests" name="[38] /home/travis/build/icyphy/ptII/ptolemy/actor/lib/hoc/test/auto/IterateOverArrayCoercedOutputType.xml (RunModel)" time="0.032" />
  <testcase classname="ptolemy.util.test.junit.AutoTests" name="[39] /home/travis/build/icyphy/ptII/ptolemy/actor/lib/hoc/test/auto/IterateOverArrayInferredOutputType.xml (RunModel)" time="0.05" />
  <testcase classname="ptolemy.util.test.junit.AutoTests" name="[40] /home/travis/build/icyphy/ptII/ptolemy/actor/lib/hoc/test/auto/MobileFunctionTest.xml (RunModel)" time="0.047" />
  <testcase classname="ptolemy.util.test.junit.AutoTests" name="[41] /home/travis/build/icyphy/ptII/ptolemy/actor/lib/hoc/test/auto/MobileModelTest.xml (RunModel)" time="0.195" />
  <testcase classname="ptolemy.util.test.junit.AutoTests" name="[42] /home/travis/build/icyphy/ptII/ptolemy/actor/lib/hoc/test/auto/ModelReference.xml (RunModel)" time="0.096" />
  <testcase classname="ptolemy.util.test.junit.AutoTests" name="[43] /home/travis/build/icyphy/ptII/ptolemy/actor/lib/hoc/test/auto/ModelReference3.xml (RunModel)" time="0.055" />
  <testcase classname="ptolemy.util.test.junit.AutoTests" name="[44] /home/travis/build/icyphy/ptII/ptolemy/actor/lib/hoc/test/auto/ModelReference4.xml (RunModel)" time="10.032" />
  <testcase classname="ptolemy.util.test.junit.AutoTests" name="[45] /home/travis/build/icyphy/ptII/ptolemy/actor/lib/hoc/test/auto/MultiInstanceComposite.xml (RunModel)" time="0.058" />
  <testcase classname="ptolemy.util.test.junit.AutoTests" name="[46] /home/travis/build/icyphy/ptII/ptolemy/actor/lib/hoc/test/auto/MultiInstanceComposite2.xml (RunModel)" time="0.054" />
  <testcase classname="ptolemy.util.test.junit.AutoTests" name="[47] /home/travis/build/icyphy/ptII/ptolemy/actor/lib/hoc/test/auto/MulticoreExecution.xml (RunModel)" time="1.082" />
  <testcase classname="ptolemy.util.test.junit.AutoTests" name="[48] /home/travis/build/icyphy/ptII/ptolemy/actor/lib/hoc/test/auto/ParallelExecution.xml (RunModel)" time="0.943" />
  <testcase classname="ptolemy.util.test.junit.AutoTests" name="[49] /home/travis/build/icyphy/ptII/ptolemy/actor/lib/hoc/test/auto/RunCompositeActor.xml (RunModel)" time="0.025" />
  <testcase classname="ptolemy.util.test.junit.AutoTests" name="[50] /home/travis/build/icyphy/ptII/ptolemy/actor/lib/hoc/test/auto/RunCompositeActor2.xml (RunModel)" time="0.024" />
  <testcase classname="ptolemy.util.test.junit.AutoTests" name="[51] /home/travis/build/icyphy/ptII/ptolemy/actor/lib/hoc/test/auto/RunCompositeActor3.xml (RunModel)" time="0.022" />
  <testcase classname="ptolemy.util.test.junit.AutoTests" name="[52] /home/travis/build/icyphy/ptII/ptolemy/actor/lib/hoc/test/auto/RunCompositeActor4.xml (RunModel)" time="0.026" />
  <testcase classname="ptolemy.util.test.junit.AutoTests" name="[53] /home/travis/build/icyphy/ptII/ptolemy/actor/lib/hoc/test/auto/RunCompositeIterateOverArray.xml (RunModel)" time="0.026" />
  <testcase classname="ptolemy.util.test.junit.AutoTests" name="[54] /home/travis/build/icyphy/ptII/ptolemy/actor/lib/hoc/test/auto/ThreadedJS.xml (RunModel)" time="14.729" />
  <system-out><![CDATA[/home/travis/build/icyphy/ptII/ptolemy/actor/lib/hoc/test/IterateOverArray.tcl
testDefs.tcl: setting time out to 9000 seconds at Sat Nov 09 06:19:14 UTC 2019
11/09/19 06:19:15
Failed: 0  Total Tests: 2  ((Passed: 2, Newly Passed: 0)  Known Failed: 0) /home/travis/build/icyphy/ptII/ptolemy/actor/lib/hoc/test
----------------- testing (KnownFailure) /home/travis/build/icyphy/ptII/ptolemy/actor/lib/hoc/test/auto/knownFailedTests/PreinitializeMustBeInvokedRunComposite.xml
152 ms. Memory: 120832K Free: 79302K (66%)
Known Failure: java.lang.reflect.InvocationTargetException
No auto/linux-amd64/*.xml tests in /home/travis/build/icyphy/ptII/ptolemy/actor/lib/hoc/test
AutoTests.java: About to close Vertx.
AutoTests.java: Vertx closed.

===========================================================================================
----------------- testing Sat Nov 09 06:19:16 UTC 2019 /home/travis/build/icyphy/ptII/ptolemy/actor/lib/hoc/test/auto/AllToAllMultiInstanceComposite.xml
----------------- Instantiating /home/travis/build/icyphy/ptII/ptolemy/actor/lib/hoc/test/auto/AllToAllMultiInstanceComposite.xml
200 ms. Memory: 120832K Free: 90957K (75%)
----------------- Invoking toplevel() on ptolemy.moml.MoMLSimpleApplication@923b5bd
----------------- Done invoking toplevel() on ptolemy.moml.MoMLSimpleApplication@923b5bd
reloadAllAccessors: .AllToAllMultiInstanceComposite

===========================================================================================
----------------- testing Sat Nov 09 06:19:16 UTC 2019 /home/travis/build/icyphy/ptII/ptolemy/actor/lib/hoc/test/auto/ApplyFFTTest.xml
----------------- Instantiating /home/travis/build/icyphy/ptII/ptolemy/actor/lib/hoc/test/auto/ApplyFFTTest.xml
225 ms. Memory: 120832K Free: 94087K (78%)
----------------- Invoking toplevel() on ptolemy.moml.MoMLSimpleApplication@78132242
----------------- Done invoking toplevel() on ptolemy.moml.MoMLSimpleApplication@78132242
reloadAllAccessors: .ApplyFFTTest

===========================================================================================
----------------- testing Sat Nov 09 06:19:17 UTC 2019 /home/travis/build/icyphy/ptII/ptolemy/actor/lib/hoc/test/auto/ApplyFunction.xml
----------------- Instantiating /home/travis/build/icyphy/ptII/ptolemy/actor/lib/hoc/test/auto/ApplyFunction.xml
7 ms. Memory: 120832K Free: 90732K (75%)
----------------- Invoking toplevel() on ptolemy.moml.MoMLSimpleApplication@7a9723af
----------------- Done invoking toplevel() on ptolemy.moml.MoMLSimpleApplication@7a9723af
reloadAllAccessors: .ApplyFunction

===========================================================================================
----------------- testing Sat Nov 09 06:19:17 UTC 2019 /home/travis/build/icyphy/ptII/ptolemy/actor/lib/hoc/test/auto/BackgroundExecution.xml
----------------- Instantiating /home/travis/build/icyphy/ptII/ptolemy/actor/lib/hoc/test/auto/BackgroundExecution.xml
626 ms. Memory: 120832K Free: 83422K (69%)
----------------- Invoking toplevel() on ptolemy.moml.MoMLSimpleApplication@69d25f34
----------------- Done invoking toplevel() on ptolemy.moml.MoMLSimpleApplication@69d25f34
reloadAllAccessors: .BackgroundExecution

===========================================================================================
----------------- testing Sat Nov 09 06:19:17 UTC 2019 /home/travis/build/icyphy/ptII/ptolemy/actor/lib/hoc/test/auto/Case.xml
----------------- Instantiating /home/travis/build/icyphy/ptII/ptolemy/actor/lib/hoc/test/auto/Case.xml
22 ms. Memory: 120832K Free: 76466K (63%)
----------------- Invoking toplevel() on ptolemy.moml.MoMLSimpleApplication@3133307a
----------------- Done invoking toplevel() on ptolemy.moml.MoMLSimpleApplication@3133307a
reloadAllAccessors: .Case

===========================================================================================
----------------- testing Sat Nov 09 06:19:18 UTC 2019 /home/travis/build/icyphy/ptII/ptolemy/actor/lib/hoc/test/auto/Case1.xml
----------------- Instantiating /home/travis/build/icyphy/ptII/ptolemy/actor/lib/hoc/test/auto/Case1.xml
37 ms. Memory: 120832K Free: 101570K (84%)
----------------- Invoking toplevel() on ptolemy.moml.MoMLSimpleApplication@75fefa7d
----------------- Done invoking toplevel() on ptolemy.moml.MoMLSimpleApplication@75fefa7d
reloadAllAccessors: .Case1

===========================================================================================
----------------- testing Sat Nov 09 06:19:18 UTC 2019 /home/travis/build/icyphy/ptII/ptolemy/actor/lib/hoc/test/auto/Case2.xml
----------------- Instantiating /home/travis/build/icyphy/ptII/ptolemy/actor/lib/hoc/test/auto/Case2.xml
32 ms. Memory: 120832K Free: 91360K (76%)
----------------- Invoking toplevel() on ptolemy.moml.MoMLSimpleApplication@62b8482c
----------------- Done invoking toplevel() on ptolemy.moml.MoMLSimpleApplication@62b8482c
reloadAllAccessors: .Case2

===========================================================================================
----------------- testing Sat Nov 09 06:19:18 UTC 2019 /home/travis/build/icyphy/ptII/ptolemy/actor/lib/hoc/test/auto/Case3.xml
----------------- Instantiating /home/travis/build/icyphy/ptII/ptolemy/actor/lib/hoc/test/auto/Case3.xml
20 ms. Memory: 120832K Free: 85176K (70%)
----------------- Invoking toplevel() on ptolemy.moml.MoMLSimpleApplication@195e58cc
----------------- Done invoking toplevel() on ptolemy.moml.MoMLSimpleApplication@195e58cc
reloadAllAccessors: .Case3

===========================================================================================
----------------- testing Sat Nov 09 06:19:18 UTC 2019 /home/travis/build/icyphy/ptII/ptolemy/actor/lib/hoc/test/auto/Case4.xml
----------------- Instantiating /home/travis/build/icyphy/ptII/ptolemy/actor/lib/hoc/test/auto/Case4.xml
14 ms. Memory: 120832K Free: 77709K (64%)
----------------- Invoking toplevel() on ptolemy.moml.MoMLSimpleApplication@349ac25a
----------------- Done invoking toplevel() on ptolemy.moml.MoMLSimpleApplication@349ac25a
reloadAllAccessors: .Case4

===========================================================================================
----------------- testing Sat Nov 09 06:19:18 UTC 2019 /home/travis/build/icyphy/ptII/ptolemy/actor/lib/hoc/test/auto/Case5.xml
----------------- Instantiating /home/travis/build/icyphy/ptII/ptolemy/actor/lib/hoc/test/auto/Case5.xml
64 ms. Memory: 120832K Free: 71187K (59%)
----------------- Invoking toplevel() on ptolemy.moml.MoMLSimpleApplication@41659721
----------------- Done invoking toplevel() on ptolemy.moml.MoMLSimpleApplication@41659721
reloadAllAccessors: .junk

===========================================================================================
----------------- testing Sat Nov 09 06:19:18 UTC 2019 /home/travis/build/icyphy/ptII/ptolemy/actor/lib/hoc/test/auto/Case6.xml
----------------- Instantiating /home/travis/build/icyphy/ptII/ptolemy/actor/lib/hoc/test/auto/Case6.xml
63 ms. Memory: 120832K Free: 103889K (86%)
----------------- Invoking toplevel() on ptolemy.moml.MoMLSimpleApplication@7408c2e0
----------------- Done invoking toplevel() on ptolemy.moml.MoMLSimpleApplication@7408c2e0
reloadAllAccessors: .Case6

===========================================================================================
----------------- testing Sat Nov 09 06:19:18 UTC 2019 /home/travis/build/icyphy/ptII/ptolemy/actor/lib/hoc/test/auto/CaseString2.xml
----------------- Instantiating /home/travis/build/icyphy/ptII/ptolemy/actor/lib/hoc/test/auto/CaseString2.xml
12 ms. Memory: 120832K Free: 96155K (80%)
----------------- Invoking toplevel() on ptolemy.moml.MoMLSimpleApplication@71563ba4
----------------- Done invoking toplevel() on ptolemy.moml.MoMLSimpleApplication@71563ba4
reloadAllAccessors: .CaseString2

===========================================================================================
----------------- testing Sat Nov 09 06:19:18 UTC 2019 /home/travis/build/icyphy/ptII/ptolemy/actor/lib/hoc/test/auto/CatchUpComposite1.xml
----------------- Instantiating /home/travis/build/icyphy/ptII/ptolemy/actor/lib/hoc/test/auto/CatchUpComposite1.xml
21 ms. Memory: 120832K Free: 86993K (72%)
----------------- Invoking toplevel() on ptolemy.moml.MoMLSimpleApplication@108671ce
----------------- Done invoking toplevel() on ptolemy.moml.MoMLSimpleApplication@108671ce
reloadAllAccessors: .CatchUpComposite1

===========================================================================================
----------------- testing Sat Nov 09 06:19:18 UTC 2019 /home/travis/build/icyphy/ptII/ptolemy/actor/lib/hoc/test/auto/CatchUpComposite2.xml
----------------- Instantiating /home/travis/build/icyphy/ptII/ptolemy/actor/lib/hoc/test/auto/CatchUpComposite2.xml
10 ms. Memory: 120832K Free: 78794K (65%)
----------------- Invoking toplevel() on ptolemy.moml.MoMLSimpleApplication@6cee4e06
----------------- Done invoking toplevel() on ptolemy.moml.MoMLSimpleApplication@6cee4e06
reloadAllAccessors: .CatchUpComposite2

===========================================================================================
----------------- testing Sat Nov 09 06:19:18 UTC 2019 /home/travis/build/icyphy/ptII/ptolemy/actor/lib/hoc/test/auto/CatchUpComposite3.xml
----------------- Instantiating /home/travis/build/icyphy/ptII/ptolemy/actor/lib/hoc/test/auto/CatchUpComposite3.xml
29 ms. Memory: 120832K Free: 70270K (58%)
----------------- Invoking toplevel() on ptolemy.moml.MoMLSimpleApplication@76de24e1
----------------- Done invoking toplevel() on ptolemy.moml.MoMLSimpleApplication@76de24e1
reloadAllAccessors: .CatchUpComposite3

===========================================================================================
----------------- testing Sat Nov 09 06:19:18 UTC 2019 /home/travis/build/icyphy/ptII/ptolemy/actor/lib/hoc/test/auto/CatchUpComposite4.xml
----------------- Instantiating /home/travis/build/icyphy/ptII/ptolemy/actor/lib/hoc/test/auto/CatchUpComposite4.xml
27 ms. Memory: 120832K Free: 62721K (52%)
----------------- Invoking toplevel() on ptolemy.moml.MoMLSimpleApplication@4149a5b2
----------------- Done invoking toplevel() on ptolemy.moml.MoMLSimpleApplication@4149a5b2
reloadAllAccessors: .CatchUpComposite4

===========================================================================================
----------------- testing Sat Nov 09 06:19:18 UTC 2019 /home/travis/build/icyphy/ptII/ptolemy/actor/lib/hoc/test/auto/CatchUpComposite5.xml
----------------- Instantiating /home/travis/build/icyphy/ptII/ptolemy/actor/lib/hoc/test/auto/CatchUpComposite5.xml
26 ms. Memory: 120832K Free: 106386K (88%)
----------------- Invoking toplevel() on ptolemy.moml.MoMLSimpleApplication@4b575176
----------------- Done invoking toplevel() on ptolemy.moml.MoMLSimpleApplication@4b575176
reloadAllAccessors: .CatchUpComposite5

===========================================================================================
----------------- testing Sat Nov 09 06:19:19 UTC 2019 /home/travis/build/icyphy/ptII/ptolemy/actor/lib/hoc/test/auto/CatchUpComposite6.xml
----------------- Instantiating /home/travis/build/icyphy/ptII/ptolemy/actor/lib/hoc/test/auto/CatchUpComposite6.xml
WARNING: The execution aspects in this model can influence the timing of actors by delaying the 
execution, potentially changing the behavior. There is no guarantee that actors fire at the 
time they request to be fired. 
Use Ptides for deterministic DE behavior that is not influenced by execution aspects. 

132 ms. Memory: 120832K Free: 91752K (76%)
----------------- Invoking toplevel() on ptolemy.moml.MoMLSimpleApplication@465f5890
----------------- Done invoking toplevel() on ptolemy.moml.MoMLSimpleApplication@465f5890
reloadAllAccessors: .CatchUpComposite6

===========================================================================================
----------------- testing Sat Nov 09 06:19:19 UTC 2019 /home/travis/build/icyphy/ptII/ptolemy/actor/lib/hoc/test/auto/CatchUpComposite7.xml
----------------- Instantiating /home/travis/build/icyphy/ptII/ptolemy/actor/lib/hoc/test/auto/CatchUpComposite7.xml
WARNING: The execution aspects in this model can influence the timing of actors by delaying the 
execution, potentially changing the behavior. There is no guarantee that actors fire at the 
time they request to be fired. 
Use Ptides for deterministic DE behavior that is not influenced by execution aspects. 

36 ms. Memory: 120832K Free: 78136K (65%)
----------------- Invoking toplevel() on ptolemy.moml.MoMLSimpleApplication@7f8545f5
----------------- Done invoking toplevel() on ptolemy.moml.MoMLSimpleApplication@7f8545f5
reloadAllAccessors: .CatchUpComposite7

===========================================================================================
----------------- testing Sat Nov 09 06:19:19 UTC 2019 /home/travis/build/icyphy/ptII/ptolemy/actor/lib/hoc/test/auto/ConcurrentExecutionTimeSDF.xml
----------------- Instantiating /home/travis/build/icyphy/ptII/ptolemy/actor/lib/hoc/test/auto/ConcurrentExecutionTimeSDF.xml
Fired ExecutionTime: 40400000
Fired ExecutionTime: 40400000
Fired ExecutionTime: 40400000
Fired ExecutionTime: 40400000
Fired ExecutionTime: 40400000
Fired ExecutionTime: 40400000
Fired ExecutionTime: 40400000
Fired ExecutionTime: 40400000
Fired ExecutionTime: 40400000
Fired ExecutionTime: 40400000
Fired ExecutionTime: 40400000
Fired ExecutionTime: 40400000
Fired ExecutionTime: 40400000
Fired ExecutionTime: 40400000
Fired ExecutionTime: 40400000
Fired ExecutionTime: 40400000
Fired ExecutionTime: 40400000
Fired ExecutionTime: 40400000
Fired ExecutionTime: 40400000
Fired ExecutionTime: 40400000
2231 ms. Memory: 120832K Free: 71690K (59%)
----------------- Invoking toplevel() on ptolemy.moml.MoMLSimpleApplication@2197e8dd
----------------- Done invoking toplevel() on ptolemy.moml.MoMLSimpleApplication@2197e8dd
reloadAllAccessors: .ConcurrentExecutionTimeSDF

===========================================================================================
----------------- testing Sat Nov 09 06:19:21 UTC 2019 /home/travis/build/icyphy/ptII/ptolemy/actor/lib/hoc/test/auto/ConcurrentSleep.xml
----------------- Instantiating /home/travis/build/icyphy/ptII/ptolemy/actor/lib/hoc/test/auto/ConcurrentSleep.xml
734 ms. Memory: 120832K Free: 61450K (51%)
----------------- Invoking toplevel() on ptolemy.moml.MoMLSimpleApplication@255ef990
----------------- Done invoking toplevel() on ptolemy.moml.MoMLSimpleApplication@255ef990
reloadAllAccessors: .ConcurrentSleep

===========================================================================================
----------------- testing Sat Nov 09 06:19:22 UTC 2019 /home/travis/build/icyphy/ptII/ptolemy/actor/lib/hoc/test/auto/DEInPNInRunCompositeActor.xml
----------------- Instantiating /home/travis/build/icyphy/ptII/ptolemy/actor/lib/hoc/test/auto/DEInPNInRunCompositeActor.xml
10 ms. Memory: 120832K Free: 56330K (47%)
----------------- Invoking toplevel() on ptolemy.moml.MoMLSimpleApplication@39315faf
----------------- Done invoking toplevel() on ptolemy.moml.MoMLSimpleApplication@39315faf
reloadAllAccessors: .DEInPNInRunCompositeActor

===========================================================================================
----------------- testing Sat Nov 09 06:19:22 UTC 2019 /home/travis/build/icyphy/ptII/ptolemy/actor/lib/hoc/test/auto/DFTSubSetTest.xml
----------------- Instantiating /home/travis/build/icyphy/ptII/ptolemy/actor/lib/hoc/test/auto/DFTSubSetTest.xml
221 ms. Memory: 157696K Free: 110812K (70%)
----------------- Invoking toplevel() on ptolemy.moml.MoMLSimpleApplication@2f032e0f
----------------- Done invoking toplevel() on ptolemy.moml.MoMLSimpleApplication@2f032e0f
reloadAllAccessors: .DFTSubSetTest

===========================================================================================
----------------- testing Sat Nov 09 06:19:22 UTC 2019 /home/travis/build/icyphy/ptII/ptolemy/actor/lib/hoc/test/auto/HocDE.xml
----------------- Instantiating /home/travis/build/icyphy/ptII/ptolemy/actor/lib/hoc/test/auto/HocDE.xml
118 ms. Memory: 157696K Free: 85722K (54%)
----------------- Invoking toplevel() on ptolemy.moml.MoMLSimpleApplication@48ed4d4d
----------------- Done invoking toplevel() on ptolemy.moml.MoMLSimpleApplication@48ed4d4d
reloadAllAccessors: .HocDE

===========================================================================================
----------------- testing Sat Nov 09 06:19:22 UTC 2019 /home/travis/build/icyphy/ptII/ptolemy/actor/lib/hoc/test/auto/IterateOverArray.xml
----------------- Instantiating /home/travis/build/icyphy/ptII/ptolemy/actor/lib/hoc/test/auto/IterateOverArray.xml
11 ms. Memory: 157696K Free: 81596K (52%)
----------------- Invoking toplevel() on ptolemy.moml.MoMLSimpleApplication@7d3e9c0c
----------------- Done invoking toplevel() on ptolemy.moml.MoMLSimpleApplication@7d3e9c0c
reloadAllAccessors: .IterateOverArray

===========================================================================================
----------------- testing Sat Nov 09 06:19:22 UTC 2019 /home/travis/build/icyphy/ptII/ptolemy/actor/lib/hoc/test/auto/IterateOverArray10.xml
----------------- Instantiating /home/travis/build/icyphy/ptII/ptolemy/actor/lib/hoc/test/auto/IterateOverArray10.xml
7 ms. Memory: 157696K Free: 78044K (49%)
----------------- Invoking toplevel() on ptolemy.moml.MoMLSimpleApplication@5ecef12a
----------------- Done invoking toplevel() on ptolemy.moml.MoMLSimpleApplication@5ecef12a
reloadAllAccessors: .IterateOverArray10

===========================================================================================
----------------- testing Sat Nov 09 06:19:22 UTC 2019 /home/travis/build/icyphy/ptII/ptolemy/actor/lib/hoc/test/auto/IterateOverArray11.xml
----------------- Instantiating /home/travis/build/icyphy/ptII/ptolemy/actor/lib/hoc/test/auto/IterateOverArray11.xml
5 ms. Memory: 157696K Free: 73948K (47%)
----------------- Invoking toplevel() on ptolemy.moml.MoMLSimpleApplication@5da96a5f
----------------- Done invoking toplevel() on ptolemy.moml.MoMLSimpleApplication@5da96a5f
reloadAllAccessors: .IterateOverArray11

===========================================================================================
----------------- testing Sat Nov 09 06:19:23 UTC 2019 /home/travis/build/icyphy/ptII/ptolemy/actor/lib/hoc/test/auto/IterateOverArray12.xml
----------------- Instantiating /home/travis/build/icyphy/ptII/ptolemy/actor/lib/hoc/test/auto/IterateOverArray12.xml
18 ms. Memory: 157696K Free: 67804K (43%)
----------------- Invoking toplevel() on ptolemy.moml.MoMLSimpleApplication@1beb83e6
----------------- Done invoking toplevel() on ptolemy.moml.MoMLSimpleApplication@1beb83e6
reloadAllAccessors: .IterateOverArray12

===========================================================================================
----------------- testing Sat Nov 09 06:19:23 UTC 2019 /home/travis/build/icyphy/ptII/ptolemy/actor/lib/hoc/test/auto/IterateOverArray13.xml
----------------- Instantiating /home/travis/build/icyphy/ptII/ptolemy/actor/lib/hoc/test/auto/IterateOverArray13.xml
93 ms. Memory: 157696K Free: 124959K (79%)
----------------- Invoking toplevel() on ptolemy.moml.MoMLSimpleApplication@1106c3f5
----------------- Done invoking toplevel() on ptolemy.moml.MoMLSimpleApplication@1106c3f5
reloadAllAccessors: .IterateOverArray13

===========================================================================================
----------------- testing Sat Nov 09 06:19:23 UTC 2019 /home/travis/build/icyphy/ptII/ptolemy/actor/lib/hoc/test/auto/IterateOverArray14.xml
----------------- Instantiating /home/travis/build/icyphy/ptII/ptolemy/actor/lib/hoc/test/auto/IterateOverArray14.xml
78 ms. Memory: 157696K Free: 92191K (58%)
----------------- Invoking toplevel() on ptolemy.moml.MoMLSimpleApplication@30a3b095
----------------- Done invoking toplevel() on ptolemy.moml.MoMLSimpleApplication@30a3b095
reloadAllAccessors: .IterateOverArray14

===========================================================================================
----------------- testing Sat Nov 09 06:19:23 UTC 2019 /home/travis/build/icyphy/ptII/ptolemy/actor/lib/hoc/test/auto/IterateOverArray2.xml
----------------- Instantiating /home/travis/build/icyphy/ptII/ptolemy/actor/lib/hoc/test/auto/IterateOverArray2.xml
11 ms. Memory: 157696K Free: 87585K (56%)
----------------- Invoking toplevel() on ptolemy.moml.MoMLSimpleApplication@37055341
----------------- Done invoking toplevel() on ptolemy.moml.MoMLSimpleApplication@37055341
reloadAllAccessors: .IterateOverArray2

===========================================================================================
----------------- testing Sat Nov 09 06:19:23 UTC 2019 /home/travis/build/icyphy/ptII/ptolemy/actor/lib/hoc/test/auto/IterateOverArray3.xml
----------------- Instantiating /home/travis/build/icyphy/ptII/ptolemy/actor/lib/hoc/test/auto/IterateOverArray3.xml
19 ms. Memory: 157696K Free: 81922K (52%)
----------------- Invoking toplevel() on ptolemy.moml.MoMLSimpleApplication@19781c3b
----------------- Done invoking toplevel() on ptolemy.moml.MoMLSimpleApplication@19781c3b
reloadAllAccessors: .IterateOverArray3

===========================================================================================
----------------- testing Sat Nov 09 06:19:23 UTC 2019 /home/travis/build/icyphy/ptII/ptolemy/actor/lib/hoc/test/auto/IterateOverArray4.xml
----------------- Instantiating /home/travis/build/icyphy/ptII/ptolemy/actor/lib/hoc/test/auto/IterateOverArray4.xml
5 ms. Memory: 157696K Free: 77345K (49%)
----------------- Invoking toplevel() on ptolemy.moml.MoMLSimpleApplication@7e4de0ff
----------------- Done invoking toplevel() on ptolemy.moml.MoMLSimpleApplication@7e4de0ff
reloadAllAccessors: .IterateOverArray4

===========================================================================================
----------------- testing Sat Nov 09 06:19:23 UTC 2019 /home/travis/build/icyphy/ptII/ptolemy/actor/lib/hoc/test/auto/IterateOverArray5.xml
----------------- Instantiating /home/travis/build/icyphy/ptII/ptolemy/actor/lib/hoc/test/auto/IterateOverArray5.xml
4 ms. Memory: 157696K Free: 73759K (47%)
----------------- Invoking toplevel() on ptolemy.moml.MoMLSimpleApplication@10333957
----------------- Done invoking toplevel() on ptolemy.moml.MoMLSimpleApplication@10333957
reloadAllAccessors: .IterateOverArray5

===========================================================================================
----------------- testing Sat Nov 09 06:19:23 UTC 2019 /home/travis/build/icyphy/ptII/ptolemy/actor/lib/hoc/test/auto/IterateOverArray6.xml
----------------- Instantiating /home/travis/build/icyphy/ptII/ptolemy/actor/lib/hoc/test/auto/IterateOverArray6.xml
3 ms. Memory: 157696K Free: 70177K (45%)
----------------- Invoking toplevel() on ptolemy.moml.MoMLSimpleApplication@533c1475
----------------- Done invoking toplevel() on ptolemy.moml.MoMLSimpleApplication@533c1475
reloadAllAccessors: .IterateOverArray6

===========================================================================================
----------------- testing Sat Nov 09 06:19:23 UTC 2019 /home/travis/build/icyphy/ptII/ptolemy/actor/lib/hoc/test/auto/IterateOverArray7.xml
----------------- Instantiating /home/travis/build/icyphy/ptII/ptolemy/actor/lib/hoc/test/auto/IterateOverArray7.xml
9 ms. Memory: 157696K Free: 65567K (42%)
----------------- Invoking toplevel() on ptolemy.moml.MoMLSimpleApplication@180b00ca
----------------- Done invoking toplevel() on ptolemy.moml.MoMLSimpleApplication@180b00ca
reloadAllAccessors: .IterateOverArray7

===========================================================================================
----------------- testing Sat Nov 09 06:19:23 UTC 2019 /home/travis/build/icyphy/ptII/ptolemy/actor/lib/hoc/test/auto/IterateOverArray8.xml
----------------- Instantiating /home/travis/build/icyphy/ptII/ptolemy/actor/lib/hoc/test/auto/IterateOverArray8.xml
4 ms. Memory: 157696K Free: 61471K (39%)
----------------- Invoking toplevel() on ptolemy.moml.MoMLSimpleApplication@6a20c9c9
----------------- Done invoking toplevel() on ptolemy.moml.MoMLSimpleApplication@6a20c9c9
reloadAllAccessors: .IterateOverArray8

===========================================================================================
----------------- testing Sat Nov 09 06:19:23 UTC 2019 /home/travis/build/icyphy/ptII/ptolemy/actor/lib/hoc/test/auto/IterateOverArray9.xml
----------------- Instantiating /home/travis/build/icyphy/ptII/ptolemy/actor/lib/hoc/test/auto/IterateOverArray9.xml
6 ms. Memory: 157696K Free: 57375K (36%)
----------------- Invoking toplevel() on ptolemy.moml.MoMLSimpleApplication@53109c2d
----------------- Done invoking toplevel() on ptolemy.moml.MoMLSimpleApplication@53109c2d
reloadAllAccessors: .IterateOverArray9

===========================================================================================
----------------- testing Sat Nov 09 06:19:23 UTC 2019 /home/travis/build/icyphy/ptII/ptolemy/actor/lib/hoc/test/auto/IterateOverArrayCoercedOutputType.xml
----------------- Instantiating /home/travis/build/icyphy/ptII/ptolemy/actor/lib/hoc/test/auto/IterateOverArrayCoercedOutputType.xml
6 ms. Memory: 157696K Free: 52255K (33%)
----------------- Invoking toplevel() on ptolemy.moml.MoMLSimpleApplication@c26ff02
----------------- Done invoking toplevel() on ptolemy.moml.MoMLSimpleApplication@c26ff02
reloadAllAccessors: .IterateOverArrayCoercedOutputType

===========================================================================================
----------------- testing Sat Nov 09 06:19:23 UTC 2019 /home/travis/build/icyphy/ptII/ptolemy/actor/lib/hoc/test/auto/IterateOverArrayInferredOutputType.xml
----------------- Instantiating /home/travis/build/icyphy/ptII/ptolemy/actor/lib/hoc/test/auto/IterateOverArrayInferredOutputType.xml
5 ms. Memory: 157696K Free: 139550K (88%)
----------------- Invoking toplevel() on ptolemy.moml.MoMLSimpleApplication@1d3adf13
----------------- Done invoking toplevel() on ptolemy.moml.MoMLSimpleApplication@1d3adf13
reloadAllAccessors: .IterateOverArrayInferredOutputType

===========================================================================================
----------------- testing Sat Nov 09 06:19:23 UTC 2019 /home/travis/build/icyphy/ptII/ptolemy/actor/lib/hoc/test/auto/MobileFunctionTest.xml
----------------- Instantiating /home/travis/build/icyphy/ptII/ptolemy/actor/lib/hoc/test/auto/MobileFunctionTest.xml
4 ms. Memory: 157696K Free: 134910K (86%)
----------------- Invoking toplevel() on ptolemy.moml.MoMLSimpleApplication@591155c4
----------------- Done invoking toplevel() on ptolemy.moml.MoMLSimpleApplication@591155c4
reloadAllAccessors: .MobileFunctionTest

===========================================================================================
----------------- testing Sat Nov 09 06:19:23 UTC 2019 /home/travis/build/icyphy/ptII/ptolemy/actor/lib/hoc/test/auto/MobileModelTest.xml
----------------- Instantiating /home/travis/build/icyphy/ptII/ptolemy/actor/lib/hoc/test/auto/MobileModelTest.xml
163 ms. Memory: 157696K Free: 113950K (72%)
----------------- Invoking toplevel() on ptolemy.moml.MoMLSimpleApplication@387af429
----------------- Done invoking toplevel() on ptolemy.moml.MoMLSimpleApplication@387af429
reloadAllAccessors: .MobileModelTest

===========================================================================================
----------------- testing Sat Nov 09 06:19:24 UTC 2019 /home/travis/build/icyphy/ptII/ptolemy/actor/lib/hoc/test/auto/ModelReference.xml
----------------- Instantiating /home/travis/build/icyphy/ptII/ptolemy/actor/lib/hoc/test/auto/ModelReference.xml
2 ms. Memory: 157696K Free: 107292K (68%)
2 ms. Memory: 157696K Free: 106782K (68%)
2 ms. Memory: 157696K Free: 105758K (67%)
2 ms. Memory: 157696K Free: 104734K (66%)
2 ms. Memory: 157696K Free: 104206K (66%)
5 ms. Memory: 157696K Free: 103196K (65%)
3 ms. Memory: 157696K Free: 102686K (65%)
2 ms. Memory: 157696K Free: 101662K (64%)
3 ms. Memory: 157696K Free: 101118K (64%)
2 ms. Memory: 157696K Free: 100110K (63%)
39 ms. Memory: 157696K Free: 100110K (63%)
----------------- Invoking toplevel() on ptolemy.moml.MoMLSimpleApplication@61f7e679
----------------- Done invoking toplevel() on ptolemy.moml.MoMLSimpleApplication@61f7e679
reloadAllAccessors: .ModelReference

===========================================================================================
----------------- testing Sat Nov 09 06:19:24 UTC 2019 /home/travis/build/icyphy/ptII/ptolemy/actor/lib/hoc/test/auto/ModelReference3.xml
----------------- Instantiating /home/travis/build/icyphy/ptII/ptolemy/actor/lib/hoc/test/auto/ModelReference3.xml
2 ms. Memory: 157696K Free: 95518K (61%)
5 ms. Memory: 157696K Free: 94990K (60%)
2 ms. Memory: 157696K Free: 93980K (60%)
4 ms. Memory: 157696K Free: 93470K (59%)
3 ms. Memory: 157696K Free: 92446K (59%)
1 ms. Memory: 157696K Free: 91422K (58%)
3 ms. Memory: 157696K Free: 90894K (58%)
3 ms. Memory: 157696K Free: 89884K (57%)
2 ms. Memory: 157696K Free: 89374K (57%)
1 ms. Memory: 157696K Free: 88350K (56%)
37 ms. Memory: 157696K Free: 88350K (56%)
----------------- Invoking toplevel() on ptolemy.moml.MoMLSimpleApplication@d2ed40e
----------------- Done invoking toplevel() on ptolemy.moml.MoMLSimpleApplication@d2ed40e
reloadAllAccessors: .ModelReference3

===========================================================================================
----------------- testing Sat Nov 09 06:19:24 UTC 2019 /home/travis/build/icyphy/ptII/ptolemy/actor/lib/hoc/test/auto/ModelReference4.xml
----------------- Instantiating /home/travis/build/icyphy/ptII/ptolemy/actor/lib/hoc/test/auto/ModelReference4.xml
5 ms. Memory: 157696K Free: 83726K (53%)
3 ms. Memory: 157696K Free: 82206K (52%)
2 ms. Memory: 157696K Free: 81182K (51%)
3 ms. Memory: 157696K Free: 79638K (51%)
2 ms. Memory: 157696K Free: 78606K (50%)
2 ms. Memory: 157696K Free: 77590K (49%)
8 ms. Memory: 157696K Free: 76062K (48%)
3 ms. Memory: 157696K Free: 75038K (48%)
3 ms. Memory: 157696K Free: 73494K (47%)
3 ms. Memory: 157696K Free: 72462K (46%)
10019 ms. Memory: 157696K Free: 71966K (46%)
----------------- Invoking toplevel() on ptolemy.moml.MoMLSimpleApplication@5280f63
----------------- Done invoking toplevel() on ptolemy.moml.MoMLSimpleApplication@5280f63
reloadAllAccessors: .ModelReference4

===========================================================================================
----------------- testing Sat Nov 09 06:19:34 UTC 2019 /home/travis/build/icyphy/ptII/ptolemy/actor/lib/hoc/test/auto/MultiInstanceComposite.xml
----------------- Instantiating /home/travis/build/icyphy/ptII/ptolemy/actor/lib/hoc/test/auto/MultiInstanceComposite.xml
27 ms. Memory: 157696K Free: 53020K (34%)
----------------- Invoking toplevel() on ptolemy.moml.MoMLSimpleApplication@de097fd
----------------- Done invoking toplevel() on ptolemy.moml.MoMLSimpleApplication@de097fd
reloadAllAccessors: .MultiInstanceComposite

===========================================================================================
----------------- testing Sat Nov 09 06:19:34 UTC 2019 /home/travis/build/icyphy/ptII/ptolemy/actor/lib/hoc/test/auto/MultiInstanceComposite2.xml
----------------- Instantiating /home/travis/build/icyphy/ptII/ptolemy/actor/lib/hoc/test/auto/MultiInstanceComposite2.xml
28 ms. Memory: 157696K Free: 133601K (85%)
----------------- Invoking toplevel() on ptolemy.moml.MoMLSimpleApplication@2d33ddda
----------------- Done invoking toplevel() on ptolemy.moml.MoMLSimpleApplication@2d33ddda
reloadAllAccessors: .MultiInstanceComposite2

===========================================================================================
----------------- testing Sat Nov 09 06:19:34 UTC 2019 /home/travis/build/icyphy/ptII/ptolemy/actor/lib/hoc/test/auto/MulticoreExecution.xml
----------------- Instantiating /home/travis/build/icyphy/ptII/ptolemy/actor/lib/hoc/test/auto/MulticoreExecution.xml
Fired ExecutionTime: 4000000
Fired ExecutionTime: 2000000
Fired ExecutionTime: 26800000
Fired ExecutionTime: 36400000
Fired ExecutionTime: 22400000
Fired ExecutionTime: 50800000
Fired ExecutionTime: 90400000
Fired ExecutionTime: 91600000
Fired ExecutionTime: 90000000
Fired ExecutionTime: 92800000
Fired ExecutionTime: 88400000
Fired ExecutionTime: 89200000
Fired ExecutionTime: 88000000
Fired ExecutionTime: 88400000
Fired ExecutionTime: 88800000
Fired ExecutionTime: 62000000
Fired ExecutionTime: 79200000
Fired ExecutionTime: 82800000
Fired ExecutionTime: 87600000
Fired ExecutionTime: 88000000
1061 ms. Memory: 157696K Free: 124385K (79%)
----------------- Invoking toplevel() on ptolemy.moml.MoMLSimpleApplication@2b3b6ed
----------------- Done invoking toplevel() on ptolemy.moml.MoMLSimpleApplication@2b3b6ed
reloadAllAccessors: .MulticoreExecution

===========================================================================================
----------------- testing Sat Nov 09 06:19:35 UTC 2019 /home/travis/build/icyphy/ptII/ptolemy/actor/lib/hoc/test/auto/ParallelExecution.xml
----------------- Instantiating /home/travis/build/icyphy/ptII/ptolemy/actor/lib/hoc/test/auto/ParallelExecution.xml
919 ms. Memory: 157696K Free: 116705K (74%)
----------------- Invoking toplevel() on ptolemy.moml.MoMLSimpleApplication@7b8e8711
----------------- Done invoking toplevel() on ptolemy.moml.MoMLSimpleApplication@7b8e8711
reloadAllAccessors: .ParallelExecution

===========================================================================================
----------------- testing Sat Nov 09 06:19:36 UTC 2019 /home/travis/build/icyphy/ptII/ptolemy/actor/lib/hoc/test/auto/RunCompositeActor.xml
----------------- Instantiating /home/travis/build/icyphy/ptII/ptolemy/actor/lib/hoc/test/auto/RunCompositeActor.xml
7 ms. Memory: 157696K Free: 109539K (69%)
----------------- Invoking toplevel() on ptolemy.moml.MoMLSimpleApplication@56bc0645
----------------- Done invoking toplevel() on ptolemy.moml.MoMLSimpleApplication@56bc0645
reloadAllAccessors: .RunCompositeActor

===========================================================================================
----------------- testing Sat Nov 09 06:19:36 UTC 2019 /home/travis/build/icyphy/ptII/ptolemy/actor/lib/hoc/test/auto/RunCompositeActor2.xml
----------------- Instantiating /home/travis/build/icyphy/ptII/ptolemy/actor/lib/hoc/test/auto/RunCompositeActor2.xml
9 ms. Memory: 157696K Free: 103395K (66%)
----------------- Invoking toplevel() on ptolemy.moml.MoMLSimpleApplication@a5176f1
----------------- Done invoking toplevel() on ptolemy.moml.MoMLSimpleApplication@a5176f1
reloadAllAccessors: .RunCompositeActor2

===========================================================================================
----------------- testing Sat Nov 09 06:19:36 UTC 2019 /home/travis/build/icyphy/ptII/ptolemy/actor/lib/hoc/test/auto/RunCompositeActor3.xml
----------------- Instantiating /home/travis/build/icyphy/ptII/ptolemy/actor/lib/hoc/test/auto/RunCompositeActor3.xml
4 ms. Memory: 157696K Free: 97747K (62%)
----------------- Invoking toplevel() on ptolemy.moml.MoMLSimpleApplication@7d0465e1
----------------- Done invoking toplevel() on ptolemy.moml.MoMLSimpleApplication@7d0465e1
reloadAllAccessors: .RunCompositeActor3

===========================================================================================
----------------- testing Sat Nov 09 06:19:36 UTC 2019 /home/travis/build/icyphy/ptII/ptolemy/actor/lib/hoc/test/auto/RunCompositeActor4.xml
----------------- Instantiating /home/travis/build/icyphy/ptII/ptolemy/actor/lib/hoc/test/auto/RunCompositeActor4.xml
12 ms. Memory: 157696K Free: 89555K (57%)
----------------- Invoking toplevel() on ptolemy.moml.MoMLSimpleApplication@28a3e829
----------------- Done invoking toplevel() on ptolemy.moml.MoMLSimpleApplication@28a3e829
reloadAllAccessors: .RunCompositeActor4

===========================================================================================
----------------- testing Sat Nov 09 06:19:36 UTC 2019 /home/travis/build/icyphy/ptII/ptolemy/actor/lib/hoc/test/auto/RunCompositeIterateOverArray.xml
----------------- Instantiating /home/travis/build/icyphy/ptII/ptolemy/actor/lib/hoc/test/auto/RunCompositeIterateOverArray.xml
7 ms. Memory: 157696K Free: 83425K (53%)
----------------- Invoking toplevel() on ptolemy.moml.MoMLSimpleApplication@bd4877
----------------- Done invoking toplevel() on ptolemy.moml.MoMLSimpleApplication@bd4877
reloadAllAccessors: .RunCompositeIterateOverArray

===========================================================================================
----------------- testing Sat Nov 09 06:19:36 UTC 2019 /home/travis/build/icyphy/ptII/ptolemy/actor/lib/hoc/test/auto/ThreadedJS.xml
----------------- Instantiating /home/travis/build/icyphy/ptII/ptolemy/actor/lib/hoc/test/auto/ThreadedJS.xml
6864 ms. Memory: 227328K Free: 123392K (54%)
----------------- Invoking toplevel() on ptolemy.moml.MoMLSimpleApplication@656d017a
----------------- Done invoking toplevel() on ptolemy.moml.MoMLSimpleApplication@656d017a
reloadAllAccessors: .ThreadedJS
AutoTests.java: About to close Vertx.
AutoTests.java: Vertx closed.
]]></system-out>
  <system-err><![CDATA[java.lang.RuntimeException: Execution failed
	at ptolemy.moml.MoMLSimpleApplication$UnloadThread.run(MoMLSimpleApplication.java:402)
Caused by: ptolemy.kernel.util.IllegalActionException: initialize() was called after wrapup() was called but preinitialize() was not called after wrapup().
	at ptolemy.actor.lib.hoc.test.PreinitializeMustBeInvoked.initialize(PreinitializeMustBeInvoked.java:78)
	at ptolemy.actor.Director.initialize(Director.java:938)
	at ptolemy.actor.Director.initialize(Director.java:907)
	at ptolemy.actor.sched.StaticSchedulingDirector.initialize(StaticSchedulingDirector.java:159)
	at ptolemy.domains.sdf.kernel.SDFDirector.initialize(SDFDirector.java:544)
	at ptolemy.actor.CompositeActor.initialize(CompositeActor.java:935)
	at ptolemy.actor.lib.hoc.LifeCycleManager._executeInsideModel(LifeCycleManager.java:339)
	at ptolemy.actor.lib.hoc.RunCompositeActor.fire(RunCompositeActor.java:205)
	at ptolemy.actor.CompositeActor.iterate(CompositeActor.java:1146)
	at ptolemy.actor.sched.StaticSchedulingDirector.fire(StaticSchedulingDirector.java:216)
	at ptolemy.domains.sdf.kernel.SDFDirector.fire(SDFDirector.java:500)
	at ptolemy.actor.CompositeActor.fire(CompositeActor.java:455)
	at ptolemy.actor.Manager.iterate(Manager.java:851)
	at ptolemy.actor.Manager.execute(Manager.java:369)
	at ptolemy.actor.Manager.run(Manager.java:1263)
	at ptolemy.actor.Manager$PtolemyRunThread.run(Manager.java:1933)
java.lang.reflect.InvocationTargetException
	at java.base/jdk.internal.reflect.NativeConstructorAccessorImpl.newInstance0(Native Method)
	at java.base/jdk.internal.reflect.NativeConstructorAccessorImpl.newInstance(NativeConstructorAccessorImpl.java:62)
	at java.base/jdk.internal.reflect.DelegatingConstructorAccessorImpl.newInstance(DelegatingConstructorAccessorImpl.java:45)
	at java.base/java.lang.reflect.Constructor.newInstance(Constructor.java:490)
	at ptolemy.util.test.junit.AutoKnownFailedTests.RunModel(AutoKnownFailedTests.java:105)
	at java.base/jdk.internal.reflect.NativeMethodAccessorImpl.invoke0(Native Method)
	at java.base/jdk.internal.reflect.NativeMethodAccessorImpl.invoke(NativeMethodAccessorImpl.java:62)
	at java.base/jdk.internal.reflect.DelegatingMethodAccessorImpl.invoke(DelegatingMethodAccessorImpl.java:43)
	at java.base/java.lang.reflect.Method.invoke(Method.java:566)
	at org.junit.runners.model.FrameworkMethod$1.runReflectiveCall(FrameworkMethod.java:44)
	at org.junit.internal.runners.model.ReflectiveCallable.run(ReflectiveCallable.java:15)
	at org.junit.runners.model.FrameworkMethod.invokeExplosively(FrameworkMethod.java:41)
	at junitparams.internal.InvokeParameterisedMethod.evaluate(InvokeParameterisedMethod.java:102)
	at org.junit.internal.runners.statements.FailOnTimeout$1.run(FailOnTimeout.java:28)
Caused by: ptolemy.kernel.util.IllegalActionException: initialize() was called after wrapup() was called but preinitialize() was not called after wrapup().
	at ptolemy.actor.lib.hoc.test.PreinitializeMustBeInvoked.initialize(PreinitializeMustBeInvoked.java:78)
	at ptolemy.actor.Director.initialize(Director.java:938)
	at ptolemy.actor.Director.initialize(Director.java:907)
	at ptolemy.actor.sched.StaticSchedulingDirector.initialize(StaticSchedulingDirector.java:159)
	at ptolemy.domains.sdf.kernel.SDFDirector.initialize(SDFDirector.java:544)
	at ptolemy.actor.CompositeActor.initialize(CompositeActor.java:935)
	at ptolemy.actor.lib.hoc.LifeCycleManager._executeInsideModel(LifeCycleManager.java:339)
	at ptolemy.actor.lib.hoc.RunCompositeActor.fire(RunCompositeActor.java:205)
	at ptolemy.actor.CompositeActor.iterate(CompositeActor.java:1146)
	at ptolemy.actor.sched.StaticSchedulingDirector.fire(StaticSchedulingDirector.java:216)
	at ptolemy.domains.sdf.kernel.SDFDirector.fire(SDFDirector.java:500)
	at ptolemy.actor.CompositeActor.fire(CompositeActor.java:455)
	at ptolemy.actor.Manager.iterate(Manager.java:851)
	at ptolemy.actor.Manager.execute(Manager.java:369)
	at ptolemy.actor.Manager.run(Manager.java:1263)
	at ptolemy.actor.Manager$PtolemyRunThread.run(Manager.java:1933)
Warning: Nashorn engine is planned to be removed from a future JDK release
Warning: Nashorn engine is planned to be removed from a future JDK release
Warning: Nashorn engine is planned to be removed from a future JDK release
Warning: Nashorn engine is planned to be removed from a future JDK release
Warning: Nashorn engine is planned to be removed from a future JDK release
Warning: Nashorn engine is planned to be removed from a future JDK release
Warning: Nashorn engine is planned to be removed from a future JDK release
Warning: Nashorn engine is planned to be removed from a future JDK release
]]></system-err>
</testsuite>
