<?xml version="1.0" encoding="UTF-8" ?>
<testsuite errors="0" failures="0" hostname="travis-job-f7f49d36-68cf-47fb-a2a6-ccfd7936097c" name="ptolemy.domains.modal.test.junit.JUnitTclTest" skipped="0" tests="148" time="9.841" timestamp="2018-10-12T02:33:46">
  <properties>
[...]
</properties>
  <testcase classname="ptolemy.util.test.junit.TclTests" name="[0] /home/travis/build/icyphy/ptII/ptolemy/domains/modal/test/SystemLevelType.tcl (RunTclFile)" time="1.8" />
  <testcase classname="ptolemy.util.test.junit.AutoKnownFailedTests" name="[0] /home/travis/build/icyphy/ptII/ptolemy/domains/modal/test/auto/knownFailedTests/CannotAnalysisWithPreemption.xml (RunModel)" time="0.171" />
  <testcase classname="ptolemy.util.test.junit.AutoNameArchTests" name="[0] ThereAreNoAutoArchTests (RunModel)" time="0.005" />
  <testcase classname="ptolemy.util.test.junit.AutoTests" name="[0] /home/travis/build/icyphy/ptII/ptolemy/domains/modal/test/auto/ABPTest.xml (RunModel)" time="0.758" />
  <testcase classname="ptolemy.util.test.junit.AutoTests" name="[1] /home/travis/build/icyphy/ptII/ptolemy/domains/modal/test/auto/ABROFlat.xml (RunModel)" time="0.085" />
  <testcase classname="ptolemy.util.test.junit.AutoTests" name="[2] /home/travis/build/icyphy/ptII/ptolemy/domains/modal/test/auto/ABROFlat2.xml (RunModel)" time="0.071" />
  <testcase classname="ptolemy.util.test.junit.AutoTests" name="[3] /home/travis/build/icyphy/ptII/ptolemy/domains/modal/test/auto/ABRO_present_hmm.xml (RunModel)" time="0.142" />
  <testcase classname="ptolemy.util.test.junit.AutoTests" name="[4] /home/travis/build/icyphy/ptII/ptolemy/domains/modal/test/auto/AMICoderExample.xml (RunModel)" time="0.052" />
  <testcase classname="ptolemy.util.test.junit.AutoTests" name="[5] /home/travis/build/icyphy/ptII/ptolemy/domains/modal/test/auto/AbsentToPresent.xml (RunModel)" time="0.019" />
  <testcase classname="ptolemy.util.test.junit.AutoTests" name="[6] /home/travis/build/icyphy/ptII/ptolemy/domains/modal/test/auto/Blending.xml (RunModel)" time="0.257" />
  <testcase classname="ptolemy.util.test.junit.AutoTests" name="[7] /home/travis/build/icyphy/ptII/ptolemy/domains/modal/test/auto/Broadcast.xml (RunModel)" time="0.05" />
  <testcase classname="ptolemy.util.test.junit.AutoTests" name="[8] /home/travis/build/icyphy/ptII/ptolemy/domains/modal/test/auto/BroadcastHierarchy.xml (RunModel)" time="0.078" />
  <testcase classname="ptolemy.util.test.junit.AutoTests" name="[9] /home/travis/build/icyphy/ptII/ptolemy/domains/modal/test/auto/BroadcastHierarchy2.xml (RunModel)" time="0.141" />
  <testcase classname="ptolemy.util.test.junit.AutoTests" name="[10] /home/travis/build/icyphy/ptII/ptolemy/domains/modal/test/auto/BroadcastHierarchy3.xml (RunModel)" time="0.13" />
  <testcase classname="ptolemy.util.test.junit.AutoTests" name="[11] /home/travis/build/icyphy/ptII/ptolemy/domains/modal/test/auto/BroadcastHierarchy4.xml (RunModel)" time="0.103" />
  <testcase classname="ptolemy.util.test.junit.AutoTests" name="[12] /home/travis/build/icyphy/ptII/ptolemy/domains/modal/test/auto/CannotAnalysisWithPreemption2.xml (RunModel)" time="0.04" />
  <testcase classname="ptolemy.util.test.junit.AutoTests" name="[13] /home/travis/build/icyphy/ptII/ptolemy/domains/modal/test/auto/CannotAnalysisWithPreemption3.xml (RunModel)" time="0.048" />
  <testcase classname="ptolemy.util.test.junit.AutoTests" name="[14] /home/travis/build/icyphy/ptII/ptolemy/domains/modal/test/auto/CannotProduce.xml (RunModel)" time="0.039" />
  <testcase classname="ptolemy.util.test.junit.AutoTests" name="[15] /home/travis/build/icyphy/ptII/ptolemy/domains/modal/test/auto/CannotProduceModal.xml (RunModel)" time="0.04" />
  <testcase classname="ptolemy.util.test.junit.AutoTests" name="[16] /home/travis/build/icyphy/ptII/ptolemy/domains/modal/test/auto/Case.xml (RunModel)" time="0.05" />
  <testcase classname="ptolemy.util.test.junit.AutoTests" name="[17] /home/travis/build/icyphy/ptII/ptolemy/domains/modal/test/auto/Case1.xml (RunModel)" time="0.038" />
  <testcase classname="ptolemy.util.test.junit.AutoTests" name="[18] /home/travis/build/icyphy/ptII/ptolemy/domains/modal/test/auto/Case2.xml (RunModel)" time="0.06" />
  <testcase classname="ptolemy.util.test.junit.AutoTests" name="[19] /home/travis/build/icyphy/ptII/ptolemy/domains/modal/test/auto/CausalityInterface1.xml (RunModel)" time="0.03" />
  <testcase classname="ptolemy.util.test.junit.AutoTests" name="[20] /home/travis/build/icyphy/ptII/ptolemy/domains/modal/test/auto/CausalityInterface10.xml (RunModel)" time="0.056" />
  <testcase classname="ptolemy.util.test.junit.AutoTests" name="[21] /home/travis/build/icyphy/ptII/ptolemy/domains/modal/test/auto/CausalityInterface11.xml (RunModel)" time="0.058" />
  <testcase classname="ptolemy.util.test.junit.AutoTests" name="[22] /home/travis/build/icyphy/ptII/ptolemy/domains/modal/test/auto/CausalityInterface12.xml (RunModel)" time="0.043" />
  <testcase classname="ptolemy.util.test.junit.AutoTests" name="[23] /home/travis/build/icyphy/ptII/ptolemy/domains/modal/test/auto/CausalityInterface13.xml (RunModel)" time="0.056" />
  <testcase classname="ptolemy.util.test.junit.AutoTests" name="[24] /home/travis/build/icyphy/ptII/ptolemy/domains/modal/test/auto/CausalityInterface14.xml (RunModel)" time="0.043" />
  <testcase classname="ptolemy.util.test.junit.AutoTests" name="[25] /home/travis/build/icyphy/ptII/ptolemy/domains/modal/test/auto/CausalityInterface2.xml (RunModel)" time="0.026" />
  <testcase classname="ptolemy.util.test.junit.AutoTests" name="[26] /home/travis/build/icyphy/ptII/ptolemy/domains/modal/test/auto/CausalityInterface3.xml (RunModel)" time="0.043" />
  <testcase classname="ptolemy.util.test.junit.AutoTests" name="[27] /home/travis/build/icyphy/ptII/ptolemy/domains/modal/test/auto/CausalityInterface4.xml (RunModel)" time="0.036" />
  <testcase classname="ptolemy.util.test.junit.AutoTests" name="[28] /home/travis/build/icyphy/ptII/ptolemy/domains/modal/test/auto/CausalityInterface5.xml (RunModel)" time="0.029" />
  <testcase classname="ptolemy.util.test.junit.AutoTests" name="[29] /home/travis/build/icyphy/ptII/ptolemy/domains/modal/test/auto/CausalityInterface6.xml (RunModel)" time="0.04" />
  <testcase classname="ptolemy.util.test.junit.AutoTests" name="[30] /home/travis/build/icyphy/ptII/ptolemy/domains/modal/test/auto/CausalityInterface7.xml (RunModel)" time="0.036" />
  <testcase classname="ptolemy.util.test.junit.AutoTests" name="[31] /home/travis/build/icyphy/ptII/ptolemy/domains/modal/test/auto/CausalityInterface8.xml (RunModel)" time="0.049" />
  <testcase classname="ptolemy.util.test.junit.AutoTests" name="[32] /home/travis/build/icyphy/ptII/ptolemy/domains/modal/test/auto/CausalityInterface9.xml (RunModel)" time="0.034" />
  <testcase classname="ptolemy.util.test.junit.AutoTests" name="[33] /home/travis/build/icyphy/ptII/ptolemy/domains/modal/test/auto/ChainedTransitions.xml (RunModel)" time="0.149" />
  <testcase classname="ptolemy.util.test.junit.AutoTests" name="[34] /home/travis/build/icyphy/ptII/ptolemy/domains/modal/test/auto/CycleOfImmediateTransitionsFSM.xml (RunModel)" time="0.02" />
  <testcase classname="ptolemy.util.test.junit.AutoTests" name="[35] /home/travis/build/icyphy/ptII/ptolemy/domains/modal/test/auto/CycleOfImmediateTransitionsModal.xml (RunModel)" time="0.022" />
  <testcase classname="ptolemy.util.test.junit.AutoTests" name="[36] /home/travis/build/icyphy/ptII/ptolemy/domains/modal/test/auto/CycleOfImmediateTransitionsModal2.xml (RunModel)" time="0.033" />
  <testcase classname="ptolemy.util.test.junit.AutoTests" name="[37] /home/travis/build/icyphy/ptII/ptolemy/domains/modal/test/auto/CycleOfImmediateTransitionsModal3.xml (RunModel)" time="0.09" />
  <testcase classname="ptolemy.util.test.junit.AutoTests" name="[38] /home/travis/build/icyphy/ptII/ptolemy/domains/modal/test/auto/DeepModal1.xml (RunModel)" time="0.049" />
  <testcase classname="ptolemy.util.test.junit.AutoTests" name="[39] /home/travis/build/icyphy/ptII/ptolemy/domains/modal/test/auto/DeepModal2.xml (RunModel)" time="0.074" />
  <testcase classname="ptolemy.util.test.junit.AutoTests" name="[40] /home/travis/build/icyphy/ptII/ptolemy/domains/modal/test/auto/DeepModal3.xml (RunModel)" time="0.074" />
  <testcase classname="ptolemy.util.test.junit.AutoTests" name="[41] /home/travis/build/icyphy/ptII/ptolemy/domains/modal/test/auto/DeepModal4.xml (RunModel)" time="0.083" />
  <testcase classname="ptolemy.util.test.junit.AutoTests" name="[42] /home/travis/build/icyphy/ptII/ptolemy/domains/modal/test/auto/Default1.xml (RunModel)" time="0.019" />
  <testcase classname="ptolemy.util.test.junit.AutoTests" name="[43] /home/travis/build/icyphy/ptII/ptolemy/domains/modal/test/auto/Default2.xml (RunModel)" time="0.018" />
  <testcase classname="ptolemy.util.test.junit.AutoTests" name="[44] /home/travis/build/icyphy/ptII/ptolemy/domains/modal/test/auto/Default3.xml (RunModel)" time="0.023" />
  <testcase classname="ptolemy.util.test.junit.AutoTests" name="[45] /home/travis/build/icyphy/ptII/ptolemy/domains/modal/test/auto/Default4.xml (RunModel)" time="0.024" />
  <testcase classname="ptolemy.util.test.junit.AutoTests" name="[46] /home/travis/build/icyphy/ptII/ptolemy/domains/modal/test/auto/Default5.xml (RunModel)" time="0.037" />
  <testcase classname="ptolemy.util.test.junit.AutoTests" name="[47] /home/travis/build/icyphy/ptII/ptolemy/domains/modal/test/auto/EmptyGuard.xml (RunModel)" time="0.027" />
  <testcase classname="ptolemy.util.test.junit.AutoTests" name="[48] /home/travis/build/icyphy/ptII/ptolemy/domains/modal/test/auto/ErrorTransition1.xml (RunModel)" time="0.031" />
  <testcase classname="ptolemy.util.test.junit.AutoTests" name="[49] /home/travis/build/icyphy/ptII/ptolemy/domains/modal/test/auto/ErrorTransition10.xml (RunModel)" time="0.04" />
  <testcase classname="ptolemy.util.test.junit.AutoTests" name="[50] /home/travis/build/icyphy/ptII/ptolemy/domains/modal/test/auto/ErrorTransition11.xml (RunModel)" time="0.033" />
  <testcase classname="ptolemy.util.test.junit.AutoTests" name="[51] /home/travis/build/icyphy/ptII/ptolemy/domains/modal/test/auto/ErrorTransition2.xml (RunModel)" time="0.024" />
  <testcase classname="ptolemy.util.test.junit.AutoTests" name="[52] /home/travis/build/icyphy/ptII/ptolemy/domains/modal/test/auto/ErrorTransition3.xml (RunModel)" time="0.03" />
  <testcase classname="ptolemy.util.test.junit.AutoTests" name="[53] /home/travis/build/icyphy/ptII/ptolemy/domains/modal/test/auto/ErrorTransition4.xml (RunModel)" time="0.034" />
  <testcase classname="ptolemy.util.test.junit.AutoTests" name="[54] /home/travis/build/icyphy/ptII/ptolemy/domains/modal/test/auto/ErrorTransition5.xml (RunModel)" time="0.028" />
  <testcase classname="ptolemy.util.test.junit.AutoTests" name="[55] /home/travis/build/icyphy/ptII/ptolemy/domains/modal/test/auto/ErrorTransition6.xml (RunModel)" time="0.037" />
  <testcase classname="ptolemy.util.test.junit.AutoTests" name="[56] /home/travis/build/icyphy/ptII/ptolemy/domains/modal/test/auto/ErrorTransition7.xml (RunModel)" time="0.042" />
  <testcase classname="ptolemy.util.test.junit.AutoTests" name="[57] /home/travis/build/icyphy/ptII/ptolemy/domains/modal/test/auto/ErrorTransition8.xml (RunModel)" time="0.073" />
  <testcase classname="ptolemy.util.test.junit.AutoTests" name="[58] /home/travis/build/icyphy/ptII/ptolemy/domains/modal/test/auto/ErrorTransition9.xml (RunModel)" time="0.033" />
  <testcase classname="ptolemy.util.test.junit.AutoTests" name="[59] /home/travis/build/icyphy/ptII/ptolemy/domains/modal/test/auto/ExtendedFSM.xml (RunModel)" time="0.023" />
  <testcase classname="ptolemy.util.test.junit.AutoTests" name="[60] /home/travis/build/icyphy/ptII/ptolemy/domains/modal/test/auto/FinalStates.xml (RunModel)" time="0.018" />
  <testcase classname="ptolemy.util.test.junit.AutoTests" name="[61] /home/travis/build/icyphy/ptII/ptolemy/domains/modal/test/auto/FixedPointFSM.xml (RunModel)" time="0.042" />
  <testcase classname="ptolemy.util.test.junit.AutoTests" name="[62] /home/travis/build/icyphy/ptII/ptolemy/domains/modal/test/auto/FixedPointIterationFSMActor.xml (RunModel)" time="0.027" />
  <testcase classname="ptolemy.util.test.junit.AutoTests" name="[63] /home/travis/build/icyphy/ptII/ptolemy/domains/modal/test/auto/FixedPointIterationFSMActor2.xml (RunModel)" time="0.038" />
  <testcase classname="ptolemy.util.test.junit.AutoTests" name="[64] /home/travis/build/icyphy/ptII/ptolemy/domains/modal/test/auto/ForbiddenInstantanousLoop.xml (RunModel)" time="0.029" />
  <testcase classname="ptolemy.util.test.junit.AutoTests" name="[65] /home/travis/build/icyphy/ptII/ptolemy/domains/modal/test/auto/FunctionDependencyOfFSMActorTest.xml (RunModel)" time="0.028" />
  <testcase classname="ptolemy.util.test.junit.AutoTests" name="[66] /home/travis/build/icyphy/ptII/ptolemy/domains/modal/test/auto/GuardExpression.xml (RunModel)" time="0.018" />
  <testcase classname="ptolemy.util.test.junit.AutoTests" name="[67] /home/travis/build/icyphy/ptII/ptolemy/domains/modal/test/auto/GuardNotEvaluated.xml (RunModel)" time="0.024" />
  <testcase classname="ptolemy.util.test.junit.AutoTests" name="[68] /home/travis/build/icyphy/ptII/ptolemy/domains/modal/test/auto/GuardNotEvaluated2.xml (RunModel)" time="0.022" />
  <testcase classname="ptolemy.util.test.junit.AutoTests" name="[69] /home/travis/build/icyphy/ptII/ptolemy/domains/modal/test/auto/GuardOnAbsent.xml (RunModel)" time="0.038" />
  <testcase classname="ptolemy.util.test.junit.AutoTests" name="[70] /home/travis/build/icyphy/ptII/ptolemy/domains/modal/test/auto/HierarchicalFSMTypeInference.xml (RunModel)" time="0.03" />
  <testcase classname="ptolemy.util.test.junit.AutoTests" name="[71] /home/travis/build/icyphy/ptII/ptolemy/domains/modal/test/auto/Hysteresis.xml (RunModel)" time="0.037" />
  <testcase classname="ptolemy.util.test.junit.AutoTests" name="[72] /home/travis/build/icyphy/ptII/ptolemy/domains/modal/test/auto/HysteresisWithDefault.xml (RunModel)" time="0.055" />
  <testcase classname="ptolemy.util.test.junit.AutoTests" name="[73] /home/travis/build/icyphy/ptII/ptolemy/domains/modal/test/auto/HysteresisWithDefault2.xml (RunModel)" time="0.073" />
  <testcase classname="ptolemy.util.test.junit.AutoTests" name="[74] /home/travis/build/icyphy/ptII/ptolemy/domains/modal/test/auto/ImmediateNonConstructiveness.xml (RunModel)" time="0.015" />
  <testcase classname="ptolemy.util.test.junit.AutoTests" name="[75] /home/travis/build/icyphy/ptII/ptolemy/domains/modal/test/auto/ImmediateNonConstructiveness2.xml (RunModel)" time="0.014" />
  <testcase classname="ptolemy.util.test.junit.AutoTests" name="[76] /home/travis/build/icyphy/ptII/ptolemy/domains/modal/test/auto/ImmediateTransitionReset.xml (RunModel)" time="0.025" />
  <testcase classname="ptolemy.util.test.junit.AutoTests" name="[77] /home/travis/build/icyphy/ptII/ptolemy/domains/modal/test/auto/ImmediateTransitions1.xml (RunModel)" time="0.011" />
  <testcase classname="ptolemy.util.test.junit.AutoTests" name="[78] /home/travis/build/icyphy/ptII/ptolemy/domains/modal/test/auto/ImmediateTransitionsInstantaneousCommunication.xml (RunModel)" time="0.026" />
  <testcase classname="ptolemy.util.test.junit.AutoTests" name="[79] /home/travis/build/icyphy/ptII/ptolemy/domains/modal/test/auto/InitialImmediateTransition.xml (RunModel)" time="0.014" />
  <testcase classname="ptolemy.util.test.junit.AutoTests" name="[80] /home/travis/build/icyphy/ptII/ptolemy/domains/modal/test/auto/InitialOutputs.xml (RunModel)" time="0.013" />
  <testcase classname="ptolemy.util.test.junit.AutoTests" name="[81] /home/travis/build/icyphy/ptII/ptolemy/domains/modal/test/auto/InitialStateTransition1.xml (RunModel)" time="0.018" />
  <testcase classname="ptolemy.util.test.junit.AutoTests" name="[82] /home/travis/build/icyphy/ptII/ptolemy/domains/modal/test/auto/InitialStateTransition2.xml (RunModel)" time="0.016" />
  <testcase classname="ptolemy.util.test.junit.AutoTests" name="[83] /home/travis/build/icyphy/ptII/ptolemy/domains/modal/test/auto/InitialStateTransition3.xml (RunModel)" time="0.02" />
  <testcase classname="ptolemy.util.test.junit.AutoTests" name="[84] /home/travis/build/icyphy/ptII/ptolemy/domains/modal/test/auto/InitialStateTransition4.xml (RunModel)" time="0.022" />
  <testcase classname="ptolemy.util.test.junit.AutoTests" name="[85] /home/travis/build/icyphy/ptII/ptolemy/domains/modal/test/auto/MalformedGuardExpressionNotCaught.xml (RunModel)" time="0.015" />
  <testcase classname="ptolemy.util.test.junit.AutoTests" name="[86] /home/travis/build/icyphy/ptII/ptolemy/domains/modal/test/auto/ModalBSC.xml (RunModel)" time="0.066" />
  <testcase classname="ptolemy.util.test.junit.AutoTests" name="[87] /home/travis/build/icyphy/ptII/ptolemy/domains/modal/test/auto/ModalClocks.xml (RunModel)" time="0.058" />
  <testcase classname="ptolemy.util.test.junit.AutoTests" name="[88] /home/travis/build/icyphy/ptII/ptolemy/domains/modal/test/auto/ModalDelay.xml (RunModel)" time="0.051" />
  <testcase classname="ptolemy.util.test.junit.AutoTests" name="[89] /home/travis/build/icyphy/ptII/ptolemy/domains/modal/test/auto/ModalDelay2.xml (RunModel)" time="0.041" />
  <testcase classname="ptolemy.util.test.junit.AutoTests" name="[90] /home/travis/build/icyphy/ptII/ptolemy/domains/modal/test/auto/ModalModelFromMemo.xml (RunModel)" time="0.058" />
  <testcase classname="ptolemy.util.test.junit.AutoTests" name="[91] /home/travis/build/icyphy/ptII/ptolemy/domains/modal/test/auto/ModalModelWithMultirateTransient.xml (RunModel)" time="0.043" />
  <testcase classname="ptolemy.util.test.junit.AutoTests" name="[92] /home/travis/build/icyphy/ptII/ptolemy/domains/modal/test/auto/ModalModelWithReset.xml (RunModel)" time="0.045" />
  <testcase classname="ptolemy.util.test.junit.AutoTests" name="[93] /home/travis/build/icyphy/ptII/ptolemy/domains/modal/test/auto/MouseClickFSM.xml (RunModel)" time="0.047" />
  <testcase classname="ptolemy.util.test.junit.AutoTests" name="[94] /home/travis/build/icyphy/ptII/ptolemy/domains/modal/test/auto/MouseClickFSMModal.xml (RunModel)" time="0.029" />
  <testcase classname="ptolemy.util.test.junit.AutoTests" name="[95] /home/travis/build/icyphy/ptII/ptolemy/domains/modal/test/auto/NonStrictFSM_FeedbackLoop.xml (RunModel)" time="0.04" />
  <testcase classname="ptolemy.util.test.junit.AutoTests" name="[96] /home/travis/build/icyphy/ptII/ptolemy/domains/modal/test/auto/NonStrictFSM_FeedbackLoop_Refinement.xml (RunModel)" time="0.049" />
  <testcase classname="ptolemy.util.test.junit.AutoTests" name="[97] /home/travis/build/icyphy/ptII/ptolemy/domains/modal/test/auto/NonStrictFSM_FeedbackLoop_preemptive.xml (RunModel)" time="0.033" />
  <testcase classname="ptolemy.util.test.junit.AutoTests" name="[98] /home/travis/build/icyphy/ptII/ptolemy/domains/modal/test/auto/NormalTermination.xml (RunModel)" time="0.043" />
  <testcase classname="ptolemy.util.test.junit.AutoTests" name="[99] /home/travis/build/icyphy/ptII/ptolemy/domains/modal/test/auto/Pong.xml (RunModel)" time="0.047" />
  <testcase classname="ptolemy.util.test.junit.AutoTests" name="[100] /home/travis/build/icyphy/ptII/ptolemy/domains/modal/test/auto/Pong_test.xml (RunModel)" time="0.099" />
  <testcase classname="ptolemy.util.test.junit.AutoTests" name="[101] /home/travis/build/icyphy/ptII/ptolemy/domains/modal/test/auto/PreemptionHierarchy.xml (RunModel)" time="0.022" />
  <testcase classname="ptolemy.util.test.junit.AutoTests" name="[102] /home/travis/build/icyphy/ptII/ptolemy/domains/modal/test/auto/PreemptionHierarchy2.xml (RunModel)" time="0.032" />
  <testcase classname="ptolemy.util.test.junit.AutoTests" name="[103] /home/travis/build/icyphy/ptII/ptolemy/domains/modal/test/auto/PreemptiveTransition.xml (RunModel)" time="0.028" />
  <testcase classname="ptolemy.util.test.junit.AutoTests" name="[104] /home/travis/build/icyphy/ptII/ptolemy/domains/modal/test/auto/Priorities.xml (RunModel)" time="0.076" />
  <testcase classname="ptolemy.util.test.junit.AutoTests" name="[105] /home/travis/build/icyphy/ptII/ptolemy/domains/modal/test/auto/ResetFinal.xml (RunModel)" time="0.042" />
  <testcase classname="ptolemy.util.test.junit.AutoTests" name="[106] /home/travis/build/icyphy/ptII/ptolemy/domains/modal/test/auto/ResetFinal2.xml (RunModel)" time="0.025" />
  <testcase classname="ptolemy.util.test.junit.AutoTests" name="[107] /home/travis/build/icyphy/ptII/ptolemy/domains/modal/test/auto/ResetTransitionWithStartTime.xml (RunModel)" time="0.029" />
  <testcase classname="ptolemy.util.test.junit.AutoTests" name="[108] /home/travis/build/icyphy/ptII/ptolemy/domains/modal/test/auto/SDF-FSMComposite.xml (RunModel)" time="0.021" />
  <testcase classname="ptolemy.util.test.junit.AutoTests" name="[109] /home/travis/build/icyphy/ptII/ptolemy/domains/modal/test/auto/SeeminglyNondeterminate.xml (RunModel)" time="0.079" />
  <testcase classname="ptolemy.util.test.junit.AutoTests" name="[110] /home/travis/build/icyphy/ptII/ptolemy/domains/modal/test/auto/SeeminglyNondeterminate2.xml (RunModel)" time="0.071" />
  <testcase classname="ptolemy.util.test.junit.AutoTests" name="[111] /home/travis/build/icyphy/ptII/ptolemy/domains/modal/test/auto/SpontaneousFSM.xml (RunModel)" time="0.04" />
  <testcase classname="ptolemy.util.test.junit.AutoTests" name="[112] /home/travis/build/icyphy/ptII/ptolemy/domains/modal/test/auto/SpontaneousFSM2.xml (RunModel)" time="0.033" />
  <testcase classname="ptolemy.util.test.junit.AutoTests" name="[113] /home/travis/build/icyphy/ptII/ptolemy/domains/modal/test/auto/SpontaneousFSM3.xml (RunModel)" time="0.039" />
  <testcase classname="ptolemy.util.test.junit.AutoTests" name="[114] /home/travis/build/icyphy/ptII/ptolemy/domains/modal/test/auto/SpontaneousFSM4.xml (RunModel)" time="0.054" />
  <testcase classname="ptolemy.util.test.junit.AutoTests" name="[115] /home/travis/build/icyphy/ptII/ptolemy/domains/modal/test/auto/StateTrackerTest.xml (RunModel)" time="0.063" />
  <testcase classname="ptolemy.util.test.junit.AutoTests" name="[116] /home/travis/build/icyphy/ptII/ptolemy/domains/modal/test/auto/StrongImmediateTransition.xml (RunModel)" time="0.023" />
  <testcase classname="ptolemy.util.test.junit.AutoTests" name="[117] /home/travis/build/icyphy/ptII/ptolemy/domains/modal/test/auto/SustainHierarchy.xml (RunModel)" time="0.034" />
  <testcase classname="ptolemy.util.test.junit.AutoTests" name="[118] /home/travis/build/icyphy/ptII/ptolemy/domains/modal/test/auto/TerminationTransition1.xml (RunModel)" time="0.02" />
  <testcase classname="ptolemy.util.test.junit.AutoTests" name="[119] /home/travis/build/icyphy/ptII/ptolemy/domains/modal/test/auto/TerminationTransition2.xml (RunModel)" time="0.025" />
  <testcase classname="ptolemy.util.test.junit.AutoTests" name="[120] /home/travis/build/icyphy/ptII/ptolemy/domains/modal/test/auto/TerminationTransition3.xml (RunModel)" time="0.03" />
  <testcase classname="ptolemy.util.test.junit.AutoTests" name="[121] /home/travis/build/icyphy/ptII/ptolemy/domains/modal/test/auto/TerminationTransition4.xml (RunModel)" time="0.032" />
  <testcase classname="ptolemy.util.test.junit.AutoTests" name="[122] /home/travis/build/icyphy/ptII/ptolemy/domains/modal/test/auto/TerminationTransition5.xml (RunModel)" time="0.029" />
  <testcase classname="ptolemy.util.test.junit.AutoTests" name="[123] /home/travis/build/icyphy/ptII/ptolemy/domains/modal/test/auto/TerminationTransition6.xml (RunModel)" time="0.019" />
  <testcase classname="ptolemy.util.test.junit.AutoTests" name="[124] /home/travis/build/icyphy/ptII/ptolemy/domains/modal/test/auto/TerminationTransition7.xml (RunModel)" time="0.02" />
  <testcase classname="ptolemy.util.test.junit.AutoTests" name="[125] /home/travis/build/icyphy/ptII/ptolemy/domains/modal/test/auto/TerminationTransition8.xml (RunModel)" time="0.021" />
  <testcase classname="ptolemy.util.test.junit.AutoTests" name="[126] /home/travis/build/icyphy/ptII/ptolemy/domains/modal/test/auto/Thermostat_NoHysteresis.xml (RunModel)" time="0.05" />
  <testcase classname="ptolemy.util.test.junit.AutoTests" name="[127] /home/travis/build/icyphy/ptII/ptolemy/domains/modal/test/auto/TimedFSM.xml (RunModel)" time="0.027" />
  <testcase classname="ptolemy.util.test.junit.AutoTests" name="[128] /home/travis/build/icyphy/ptII/ptolemy/domains/modal/test/auto/Timeout1.xml (RunModel)" time="0.012" />
  <testcase classname="ptolemy.util.test.junit.AutoTests" name="[129] /home/travis/build/icyphy/ptII/ptolemy/domains/modal/test/auto/Timeout2.xml (RunModel)" time="0.016" />
  <testcase classname="ptolemy.util.test.junit.AutoTests" name="[130] /home/travis/build/icyphy/ptII/ptolemy/domains/modal/test/auto/Timeout3.xml (RunModel)" time="0.011" />
  <testcase classname="ptolemy.util.test.junit.AutoTests" name="[131] /home/travis/build/icyphy/ptII/ptolemy/domains/modal/test/auto/Timeout4.xml (RunModel)" time="0.013" />
  <testcase classname="ptolemy.util.test.junit.AutoTests" name="[132] /home/travis/build/icyphy/ptII/ptolemy/domains/modal/test/auto/TransientstateModelAdvanced.xml (RunModel)" time="0.024" />
  <testcase classname="ptolemy.util.test.junit.AutoTests" name="[133] /home/travis/build/icyphy/ptII/ptolemy/domains/modal/test/auto/TransientstateModelAdvanced2.xml (RunModel)" time="0.028" />
  <testcase classname="ptolemy.util.test.junit.AutoTests" name="[134] /home/travis/build/icyphy/ptII/ptolemy/domains/modal/test/auto/TransitionRefinements.xml (RunModel)" time="0.026" />
  <testcase classname="ptolemy.util.test.junit.AutoTests" name="[135] /home/travis/build/icyphy/ptII/ptolemy/domains/modal/test/auto/TwoRefinements1.xml (RunModel)" time="0.025" />
  <testcase classname="ptolemy.util.test.junit.AutoTests" name="[136] /home/travis/build/icyphy/ptII/ptolemy/domains/modal/test/auto/TwoRefinements2.xml (RunModel)" time="0.022" />
  <testcase classname="ptolemy.util.test.junit.AutoTests" name="[137] /home/travis/build/icyphy/ptII/ptolemy/domains/modal/test/auto/WeakImmediateTransition.xml (RunModel)" time="0.025" />
  <testcase classname="ptolemy.util.test.junit.AutoTests" name="[138] /home/travis/build/icyphy/ptII/ptolemy/domains/modal/test/auto/booleanSelect.xml (RunModel)" time="0.06" />
  <testcase classname="ptolemy.util.test.junit.AutoTests" name="[139] /home/travis/build/icyphy/ptII/ptolemy/domains/modal/test/auto/modalChangingParams.xml (RunModel)" time="0.211" />
  <testcase classname="ptolemy.util.test.junit.AutoTests" name="[140] /home/travis/build/icyphy/ptII/ptolemy/domains/modal/test/auto/modalModel.xml (RunModel)" time="0.019" />
  <testcase classname="ptolemy.util.test.junit.AutoTests" name="[141] /home/travis/build/icyphy/ptII/ptolemy/domains/modal/test/auto/modalModel2.xml (RunModel)" time="0.023" />
  <testcase classname="ptolemy.util.test.junit.AutoTests" name="[142] /home/travis/build/icyphy/ptII/ptolemy/domains/modal/test/auto/modalModel3.xml (RunModel)" time="0.044" />
  <testcase classname="ptolemy.util.test.junit.AutoTests" name="[143] /home/travis/build/icyphy/ptII/ptolemy/domains/modal/test/auto/model1.xml (RunModel)" time="0.02" />
  <testcase classname="ptolemy.util.test.junit.AutoTests" name="[144] /home/travis/build/icyphy/ptII/ptolemy/domains/modal/test/auto/test-direct-in-out.xml (RunModel)" time="0.016" />
  <system-out><![CDATA[/home/travis/build/icyphy/ptII/ptolemy/domains/modal/test/SystemLevelType.tcl
testDefs.tcl: setting time out to 9000 seconds at Fri Oct 12 02:33:46 UTC 2018
10/12/18 02:33:48
Failed: 0  Total Tests: 1  ((Passed: 1, Newly Passed: 0)  Known Failed: 0) /home/travis/build/icyphy/ptII/ptolemy/domains/modal/test
----------------- testing (KnownFailure) /home/travis/build/icyphy/ptII/ptolemy/domains/modal/test/auto/knownFailedTests/CannotAnalysisWithPreemption.xml
63 ms. Memory: 208384K Free: 183305K (88%)
Known Failure: java.lang.reflect.InvocationTargetException
No auto/linux-amd64/*.xml tests in /home/travis/build/icyphy/ptII/ptolemy/domains/modal/test
AutoTests.java: About to close Vertx.
AutoTests.java: Vertx closed.

===========================================================================================
----------------- testing Fri Oct 12 02:33:49 UTC 2018 /home/travis/build/icyphy/ptII/ptolemy/domains/modal/test/auto/ABPTest.xml
----------------- Instantiating /home/travis/build/icyphy/ptII/ptolemy/domains/modal/test/auto/ABPTest.xml
307 ms. Memory: 332288K Free: 289215K (87%)
----------------- Invoking toplevel() on ptolemy.moml.MoMLSimpleApplication@4d219835
----------------- Done invoking toplevel() on ptolemy.moml.MoMLSimpleApplication@4d219835
reloadAllAccessors: .ABPTest

===========================================================================================
----------------- testing Fri Oct 12 02:33:49 UTC 2018 /home/travis/build/icyphy/ptII/ptolemy/domains/modal/test/auto/ABROFlat.xml
----------------- Instantiating /home/travis/build/icyphy/ptII/ptolemy/domains/modal/test/auto/ABROFlat.xml
23 ms. Memory: 332288K Free: 267004K (80%)
----------------- Invoking toplevel() on ptolemy.moml.MoMLSimpleApplication@4f02e9b6
----------------- Done invoking toplevel() on ptolemy.moml.MoMLSimpleApplication@4f02e9b6
reloadAllAccessors: .ABROFlat

===========================================================================================
----------------- testing Fri Oct 12 02:33:50 UTC 2018 /home/travis/build/icyphy/ptII/ptolemy/domains/modal/test/auto/ABROFlat2.xml
----------------- Instantiating /home/travis/build/icyphy/ptII/ptolemy/domains/modal/test/auto/ABROFlat2.xml
18 ms. Memory: 332288K Free: 249006K (75%)
----------------- Invoking toplevel() on ptolemy.moml.MoMLSimpleApplication@6f139050
----------------- Done invoking toplevel() on ptolemy.moml.MoMLSimpleApplication@6f139050
reloadAllAccessors: .ABROFlat2

===========================================================================================
----------------- testing Fri Oct 12 02:33:50 UTC 2018 /home/travis/build/icyphy/ptII/ptolemy/domains/modal/test/auto/ABRO_present_hmm.xml
----------------- Instantiating /home/travis/build/icyphy/ptII/ptolemy/domains/modal/test/auto/ABRO_present_hmm.xml
38 ms. Memory: 332288K Free: 216322K (65%)
----------------- Invoking toplevel() on ptolemy.moml.MoMLSimpleApplication@1c2bcff8
----------------- Done invoking toplevel() on ptolemy.moml.MoMLSimpleApplication@1c2bcff8
reloadAllAccessors: .ABRO_present_hmm

===========================================================================================
----------------- testing Fri Oct 12 02:33:50 UTC 2018 /home/travis/build/icyphy/ptII/ptolemy/domains/modal/test/auto/AMICoderExample.xml
----------------- Instantiating /home/travis/build/icyphy/ptII/ptolemy/domains/modal/test/auto/AMICoderExample.xml
19 ms. Memory: 332288K Free: 204893K (62%)
----------------- Invoking toplevel() on ptolemy.moml.MoMLSimpleApplication@60cd6f08
----------------- Done invoking toplevel() on ptolemy.moml.MoMLSimpleApplication@60cd6f08
reloadAllAccessors: .AMICoderExample

===========================================================================================
----------------- testing Fri Oct 12 02:33:50 UTC 2018 /home/travis/build/icyphy/ptII/ptolemy/domains/modal/test/auto/AbsentToPresent.xml
----------------- Instantiating /home/travis/build/icyphy/ptII/ptolemy/domains/modal/test/auto/AbsentToPresent.xml
3 ms. Memory: 332288K Free: 196565K (59%)
----------------- Invoking toplevel() on ptolemy.moml.MoMLSimpleApplication@29eb7b35
----------------- Done invoking toplevel() on ptolemy.moml.MoMLSimpleApplication@29eb7b35
reloadAllAccessors: .AbsentToPresent

===========================================================================================
----------------- testing Fri Oct 12 02:33:50 UTC 2018 /home/travis/build/icyphy/ptII/ptolemy/domains/modal/test/auto/Blending.xml
----------------- Instantiating /home/travis/build/icyphy/ptII/ptolemy/domains/modal/test/auto/Blending.xml
119 ms. Memory: 332288K Free: 145843K (44%)
----------------- Invoking toplevel() on ptolemy.moml.MoMLSimpleApplication@400e773
----------------- Done invoking toplevel() on ptolemy.moml.MoMLSimpleApplication@400e773
reloadAllAccessors: .Blending

===========================================================================================
----------------- testing Fri Oct 12 02:33:50 UTC 2018 /home/travis/build/icyphy/ptII/ptolemy/domains/modal/test/auto/Broadcast.xml
----------------- Instantiating /home/travis/build/icyphy/ptII/ptolemy/domains/modal/test/auto/Broadcast.xml
10 ms. Memory: 332288K Free: 132802K (40%)
----------------- Invoking toplevel() on ptolemy.moml.MoMLSimpleApplication@4237aa9a
----------------- Done invoking toplevel() on ptolemy.moml.MoMLSimpleApplication@4237aa9a
reloadAllAccessors: .Broadcast

===========================================================================================
----------------- testing Fri Oct 12 02:33:50 UTC 2018 /home/travis/build/icyphy/ptII/ptolemy/domains/modal/test/auto/BroadcastHierarchy.xml
----------------- Instantiating /home/travis/build/icyphy/ptII/ptolemy/domains/modal/test/auto/BroadcastHierarchy.xml
20 ms. Memory: 332288K Free: 114835K (35%)
----------------- Invoking toplevel() on ptolemy.moml.MoMLSimpleApplication@71633ecb
----------------- Done invoking toplevel() on ptolemy.moml.MoMLSimpleApplication@71633ecb
reloadAllAccessors: .BroadcastHierarchy

===========================================================================================
----------------- testing Fri Oct 12 02:33:50 UTC 2018 /home/travis/build/icyphy/ptII/ptolemy/domains/modal/test/auto/BroadcastHierarchy2.xml
----------------- Instantiating /home/travis/build/icyphy/ptII/ptolemy/domains/modal/test/auto/BroadcastHierarchy2.xml
18 ms. Memory: 332288K Free: 78887K (24%)
----------------- Invoking toplevel() on ptolemy.moml.MoMLSimpleApplication@6017b0ba
----------------- Done invoking toplevel() on ptolemy.moml.MoMLSimpleApplication@6017b0ba
reloadAllAccessors: .BroadcastHierarchy2

===========================================================================================
----------------- testing Fri Oct 12 02:33:50 UTC 2018 /home/travis/build/icyphy/ptII/ptolemy/domains/modal/test/auto/BroadcastHierarchy3.xml
----------------- Instantiating /home/travis/build/icyphy/ptII/ptolemy/domains/modal/test/auto/BroadcastHierarchy3.xml
22 ms. Memory: 333824K Free: 297772K (89%)
----------------- Invoking toplevel() on ptolemy.moml.MoMLSimpleApplication@3fee5e08
----------------- Done invoking toplevel() on ptolemy.moml.MoMLSimpleApplication@3fee5e08
reloadAllAccessors: .BroadcastHierarchy3

===========================================================================================
----------------- testing Fri Oct 12 02:33:50 UTC 2018 /home/travis/build/icyphy/ptII/ptolemy/domains/modal/test/auto/BroadcastHierarchy4.xml
----------------- Instantiating /home/travis/build/icyphy/ptII/ptolemy/domains/modal/test/auto/BroadcastHierarchy4.xml
24 ms. Memory: 333824K Free: 262787K (79%)
----------------- Invoking toplevel() on ptolemy.moml.MoMLSimpleApplication@5fa6d26
----------------- Done invoking toplevel() on ptolemy.moml.MoMLSimpleApplication@5fa6d26
reloadAllAccessors: .BroadcastHierarchy4

===========================================================================================
----------------- testing Fri Oct 12 02:33:51 UTC 2018 /home/travis/build/icyphy/ptII/ptolemy/domains/modal/test/auto/CannotAnalysisWithPreemption2.xml
----------------- Instantiating /home/travis/build/icyphy/ptII/ptolemy/domains/modal/test/auto/CannotAnalysisWithPreemption2.xml
6 ms. Memory: 333824K Free: 252993K (76%)
----------------- Invoking toplevel() on ptolemy.moml.MoMLSimpleApplication@6c0fdfad
----------------- Done invoking toplevel() on ptolemy.moml.MoMLSimpleApplication@6c0fdfad
reloadAllAccessors: .CannotAnalysisWithPreemption2

===========================================================================================
----------------- testing Fri Oct 12 02:33:51 UTC 2018 /home/travis/build/icyphy/ptII/ptolemy/domains/modal/test/auto/CannotAnalysisWithPreemption3.xml
----------------- Instantiating /home/travis/build/icyphy/ptII/ptolemy/domains/modal/test/auto/CannotAnalysisWithPreemption3.xml
6 ms. Memory: 333824K Free: 239927K (72%)
----------------- Invoking toplevel() on ptolemy.moml.MoMLSimpleApplication@6c23f820
----------------- Done invoking toplevel() on ptolemy.moml.MoMLSimpleApplication@6c23f820
reloadAllAccessors: .CannotAnalysisWithPreemption3

===========================================================================================
----------------- testing Fri Oct 12 02:33:51 UTC 2018 /home/travis/build/icyphy/ptII/ptolemy/domains/modal/test/auto/CannotProduce.xml
----------------- Instantiating /home/travis/build/icyphy/ptII/ptolemy/domains/modal/test/auto/CannotProduce.xml
17 ms. Memory: 333824K Free: 231121K (69%)
----------------- Invoking toplevel() on ptolemy.moml.MoMLSimpleApplication@3f229d50
----------------- Done invoking toplevel() on ptolemy.moml.MoMLSimpleApplication@3f229d50
reloadAllAccessors: .CannotProduce

===========================================================================================
----------------- testing Fri Oct 12 02:33:51 UTC 2018 /home/travis/build/icyphy/ptII/ptolemy/domains/modal/test/auto/CannotProduceModal.xml
----------------- Instantiating /home/travis/build/icyphy/ptII/ptolemy/domains/modal/test/auto/CannotProduceModal.xml
13 ms. Memory: 333824K Free: 222932K (67%)
----------------- Invoking toplevel() on ptolemy.moml.MoMLSimpleApplication@1617e5f6
----------------- Done invoking toplevel() on ptolemy.moml.MoMLSimpleApplication@1617e5f6
reloadAllAccessors: .CannotProduceModal

===========================================================================================
----------------- testing Fri Oct 12 02:33:51 UTC 2018 /home/travis/build/icyphy/ptII/ptolemy/domains/modal/test/auto/Case.xml
----------------- Instantiating /home/travis/build/icyphy/ptII/ptolemy/domains/modal/test/auto/Case.xml
17 ms. Memory: 333824K Free: 209843K (63%)
----------------- Invoking toplevel() on ptolemy.moml.MoMLSimpleApplication@11811aab
----------------- Done invoking toplevel() on ptolemy.moml.MoMLSimpleApplication@11811aab
reloadAllAccessors: .Case

===========================================================================================
----------------- testing Fri Oct 12 02:33:51 UTC 2018 /home/travis/build/icyphy/ptII/ptolemy/domains/modal/test/auto/Case1.xml
----------------- Instantiating /home/travis/build/icyphy/ptII/ptolemy/domains/modal/test/auto/Case1.xml
13 ms. Memory: 333824K Free: 199377K (60%)
----------------- Invoking toplevel() on ptolemy.moml.MoMLSimpleApplication@4c1e5fc6
----------------- Done invoking toplevel() on ptolemy.moml.MoMLSimpleApplication@4c1e5fc6
reloadAllAccessors: .Case1

===========================================================================================
----------------- testing Fri Oct 12 02:33:51 UTC 2018 /home/travis/build/icyphy/ptII/ptolemy/domains/modal/test/auto/Case2.xml
----------------- Instantiating /home/travis/build/icyphy/ptII/ptolemy/domains/modal/test/auto/Case2.xml
27 ms. Memory: 333824K Free: 187931K (56%)
----------------- Invoking toplevel() on ptolemy.moml.MoMLSimpleApplication@41c77981
----------------- Done invoking toplevel() on ptolemy.moml.MoMLSimpleApplication@41c77981
reloadAllAccessors: .Case2

===========================================================================================
----------------- testing Fri Oct 12 02:33:51 UTC 2018 /home/travis/build/icyphy/ptII/ptolemy/domains/modal/test/auto/CausalityInterface1.xml
----------------- Instantiating /home/travis/build/icyphy/ptII/ptolemy/domains/modal/test/auto/CausalityInterface1.xml
4 ms. Memory: 333824K Free: 181410K (54%)
----------------- Invoking toplevel() on ptolemy.moml.MoMLSimpleApplication@33bce050
----------------- Done invoking toplevel() on ptolemy.moml.MoMLSimpleApplication@33bce050
reloadAllAccessors: .CausalityInterface1

===========================================================================================
----------------- testing Fri Oct 12 02:33:51 UTC 2018 /home/travis/build/icyphy/ptII/ptolemy/domains/modal/test/auto/CausalityInterface10.xml
----------------- Instantiating /home/travis/build/icyphy/ptII/ptolemy/domains/modal/test/auto/CausalityInterface10.xml
13 ms. Memory: 333824K Free: 162795K (49%)
----------------- Invoking toplevel() on ptolemy.moml.MoMLSimpleApplication@c7ce7a9
----------------- Done invoking toplevel() on ptolemy.moml.MoMLSimpleApplication@c7ce7a9
reloadAllAccessors: .CausalityInterface10

===========================================================================================
----------------- testing Fri Oct 12 02:33:51 UTC 2018 /home/travis/build/icyphy/ptII/ptolemy/domains/modal/test/auto/CausalityInterface11.xml
----------------- Instantiating /home/travis/build/icyphy/ptII/ptolemy/domains/modal/test/auto/CausalityInterface11.xml
10 ms. Memory: 333824K Free: 146473K (44%)
----------------- Invoking toplevel() on ptolemy.moml.MoMLSimpleApplication@5aaf6f8b
----------------- Done invoking toplevel() on ptolemy.moml.MoMLSimpleApplication@5aaf6f8b
reloadAllAccessors: .CausalityInterface11

===========================================================================================
----------------- testing Fri Oct 12 02:33:51 UTC 2018 /home/travis/build/icyphy/ptII/ptolemy/domains/modal/test/auto/CausalityInterface12.xml
----------------- Instantiating /home/travis/build/icyphy/ptII/ptolemy/domains/modal/test/auto/CausalityInterface12.xml
6 ms. Memory: 333824K Free: 130119K (39%)
----------------- Invoking toplevel() on ptolemy.moml.MoMLSimpleApplication@47014633
----------------- Done invoking toplevel() on ptolemy.moml.MoMLSimpleApplication@47014633
reloadAllAccessors: .CausalityInterface12

===========================================================================================
----------------- testing Fri Oct 12 02:33:51 UTC 2018 /home/travis/build/icyphy/ptII/ptolemy/domains/modal/test/auto/CausalityInterface13.xml
----------------- Instantiating /home/travis/build/icyphy/ptII/ptolemy/domains/modal/test/auto/CausalityInterface13.xml
8 ms. Memory: 333824K Free: 111503K (33%)
----------------- Invoking toplevel() on ptolemy.moml.MoMLSimpleApplication@5fc51ab8
----------------- Done invoking toplevel() on ptolemy.moml.MoMLSimpleApplication@5fc51ab8
reloadAllAccessors: .CausalityInterface13

===========================================================================================
----------------- testing Fri Oct 12 02:33:51 UTC 2018 /home/travis/build/icyphy/ptII/ptolemy/domains/modal/test/auto/CausalityInterface14.xml
----------------- Instantiating /home/travis/build/icyphy/ptII/ptolemy/domains/modal/test/auto/CausalityInterface14.xml
4 ms. Memory: 333824K Free: 95157K (29%)
----------------- Invoking toplevel() on ptolemy.moml.MoMLSimpleApplication@2d7f83e0
----------------- Done invoking toplevel() on ptolemy.moml.MoMLSimpleApplication@2d7f83e0
reloadAllAccessors: .CausalityInterface14

===========================================================================================
----------------- testing Fri Oct 12 02:33:51 UTC 2018 /home/travis/build/icyphy/ptII/ptolemy/domains/modal/test/auto/CausalityInterface2.xml
----------------- Instantiating /home/travis/build/icyphy/ptII/ptolemy/domains/modal/test/auto/CausalityInterface2.xml
4 ms. Memory: 333824K Free: 87001K (26%)
----------------- Invoking toplevel() on ptolemy.moml.MoMLSimpleApplication@343ebe3d
----------------- Done invoking toplevel() on ptolemy.moml.MoMLSimpleApplication@343ebe3d
reloadAllAccessors: .CausalityInterface2

===========================================================================================
----------------- testing Fri Oct 12 02:33:51 UTC 2018 /home/travis/build/icyphy/ptII/ptolemy/domains/modal/test/auto/CausalityInterface3.xml
----------------- Instantiating /home/travis/build/icyphy/ptII/ptolemy/domains/modal/test/auto/CausalityInterface3.xml
8 ms. Memory: 578560K Free: 563422K (97%)
----------------- Invoking toplevel() on ptolemy.moml.MoMLSimpleApplication@294d4072
----------------- Done invoking toplevel() on ptolemy.moml.MoMLSimpleApplication@294d4072
reloadAllAccessors: .CausalityInterface3

===========================================================================================
----------------- testing Fri Oct 12 02:33:51 UTC 2018 /home/travis/build/icyphy/ptII/ptolemy/domains/modal/test/auto/CausalityInterface4.xml
----------------- Instantiating /home/travis/build/icyphy/ptII/ptolemy/domains/modal/test/auto/CausalityInterface4.xml
4 ms. Memory: 578560K Free: 550253K (95%)
----------------- Invoking toplevel() on ptolemy.moml.MoMLSimpleApplication@65a03ebf
----------------- Done invoking toplevel() on ptolemy.moml.MoMLSimpleApplication@65a03ebf
reloadAllAccessors: .CausalityInterface4

===========================================================================================
----------------- testing Fri Oct 12 02:33:51 UTC 2018 /home/travis/build/icyphy/ptII/ptolemy/domains/modal/test/auto/CausalityInterface5.xml
----------------- Instantiating /home/travis/build/icyphy/ptII/ptolemy/domains/modal/test/auto/CausalityInterface5.xml
5 ms. Memory: 578560K Free: 537228K (93%)
----------------- Invoking toplevel() on ptolemy.moml.MoMLSimpleApplication@61e26f62
----------------- Done invoking toplevel() on ptolemy.moml.MoMLSimpleApplication@61e26f62
reloadAllAccessors: .CausalityInterface5

===========================================================================================
----------------- testing Fri Oct 12 02:33:51 UTC 2018 /home/travis/build/icyphy/ptII/ptolemy/domains/modal/test/auto/CausalityInterface6.xml
----------------- Instantiating /home/travis/build/icyphy/ptII/ptolemy/domains/modal/test/auto/CausalityInterface6.xml
5 ms. Memory: 578560K Free: 524186K (91%)
----------------- Invoking toplevel() on ptolemy.moml.MoMLSimpleApplication@437fede5
----------------- Done invoking toplevel() on ptolemy.moml.MoMLSimpleApplication@437fede5
reloadAllAccessors: .CausalityInterface6

===========================================================================================
----------------- testing Fri Oct 12 02:33:51 UTC 2018 /home/travis/build/icyphy/ptII/ptolemy/domains/modal/test/auto/CausalityInterface7.xml
----------------- Instantiating /home/travis/build/icyphy/ptII/ptolemy/domains/modal/test/auto/CausalityInterface7.xml
6 ms. Memory: 578560K Free: 511145K (88%)
----------------- Invoking toplevel() on ptolemy.moml.MoMLSimpleApplication@1b7dda78
----------------- Done invoking toplevel() on ptolemy.moml.MoMLSimpleApplication@1b7dda78
reloadAllAccessors: .CausalityInterface7

===========================================================================================
----------------- testing Fri Oct 12 02:33:51 UTC 2018 /home/travis/build/icyphy/ptII/ptolemy/domains/modal/test/auto/CausalityInterface8.xml
----------------- Instantiating /home/travis/build/icyphy/ptII/ptolemy/domains/modal/test/auto/CausalityInterface8.xml
4 ms. Memory: 578560K Free: 494959K (86%)
----------------- Invoking toplevel() on ptolemy.moml.MoMLSimpleApplication@79775bda
----------------- Done invoking toplevel() on ptolemy.moml.MoMLSimpleApplication@79775bda
reloadAllAccessors: .CausalityInterface8

===========================================================================================
----------------- testing Fri Oct 12 02:33:52 UTC 2018 /home/travis/build/icyphy/ptII/ptolemy/domains/modal/test/auto/CausalityInterface9.xml
----------------- Instantiating /home/travis/build/icyphy/ptII/ptolemy/domains/modal/test/auto/CausalityInterface9.xml
8 ms. Memory: 578560K Free: 481918K (83%)
----------------- Invoking toplevel() on ptolemy.moml.MoMLSimpleApplication@1c7cc7c8
----------------- Done invoking toplevel() on ptolemy.moml.MoMLSimpleApplication@1c7cc7c8
reloadAllAccessors: .CausalityInterface9

===========================================================================================
----------------- testing Fri Oct 12 02:33:52 UTC 2018 /home/travis/build/icyphy/ptII/ptolemy/domains/modal/test/auto/ChainedTransitions.xml
----------------- Instantiating /home/travis/build/icyphy/ptII/ptolemy/domains/modal/test/auto/ChainedTransitions.xml
89 ms. Memory: 578560K Free: 452547K (78%)
----------------- Invoking toplevel() on ptolemy.moml.MoMLSimpleApplication@42d337e8
----------------- Done invoking toplevel() on ptolemy.moml.MoMLSimpleApplication@42d337e8
reloadAllAccessors: .ChainedTransitions

===========================================================================================
----------------- testing Fri Oct 12 02:33:52 UTC 2018 /home/travis/build/icyphy/ptII/ptolemy/domains/modal/test/auto/CycleOfImmediateTransitionsFSM.xml
----------------- Instantiating /home/travis/build/icyphy/ptII/ptolemy/domains/modal/test/auto/CycleOfImmediateTransitionsFSM.xml
3 ms. Memory: 578560K Free: 442778K (77%)
----------------- Invoking toplevel() on ptolemy.moml.MoMLSimpleApplication@5e05ab52
----------------- Done invoking toplevel() on ptolemy.moml.MoMLSimpleApplication@5e05ab52
reloadAllAccessors: .CycleOfImmediateTransitionsFSM

===========================================================================================
----------------- testing Fri Oct 12 02:33:52 UTC 2018 /home/travis/build/icyphy/ptII/ptolemy/domains/modal/test/auto/CycleOfImmediateTransitionsModal.xml
----------------- Instantiating /home/travis/build/icyphy/ptII/ptolemy/domains/modal/test/auto/CycleOfImmediateTransitionsModal.xml
3 ms. Memory: 578560K Free: 429848K (74%)
----------------- Invoking toplevel() on ptolemy.moml.MoMLSimpleApplication@4e53a146
----------------- Done invoking toplevel() on ptolemy.moml.MoMLSimpleApplication@4e53a146
reloadAllAccessors: .CycleOfImmediateTransitionsModal

===========================================================================================
----------------- testing Fri Oct 12 02:33:52 UTC 2018 /home/travis/build/icyphy/ptII/ptolemy/domains/modal/test/auto/CycleOfImmediateTransitionsModal2.xml
----------------- Instantiating /home/travis/build/icyphy/ptII/ptolemy/domains/modal/test/auto/CycleOfImmediateTransitionsModal2.xml
5 ms. Memory: 578560K Free: 420071K (73%)
----------------- Invoking toplevel() on ptolemy.moml.MoMLSimpleApplication@5e3a4e00
----------------- Done invoking toplevel() on ptolemy.moml.MoMLSimpleApplication@5e3a4e00
reloadAllAccessors: .CycleOfImmediateTransitionsModal2

===========================================================================================
----------------- testing Fri Oct 12 02:33:52 UTC 2018 /home/travis/build/icyphy/ptII/ptolemy/domains/modal/test/auto/CycleOfImmediateTransitionsModal3.xml
----------------- Instantiating /home/travis/build/icyphy/ptII/ptolemy/domains/modal/test/auto/CycleOfImmediateTransitionsModal3.xml
18 ms. Memory: 578560K Free: 390700K (68%)
----------------- Invoking toplevel() on ptolemy.moml.MoMLSimpleApplication@32ce0440
----------------- Done invoking toplevel() on ptolemy.moml.MoMLSimpleApplication@32ce0440
reloadAllAccessors: .CycleOfImmediateTransitionsModal3

===========================================================================================
----------------- testing Fri Oct 12 02:33:52 UTC 2018 /home/travis/build/icyphy/ptII/ptolemy/domains/modal/test/auto/DeepModal1.xml
----------------- Instantiating /home/travis/build/icyphy/ptII/ptolemy/domains/modal/test/auto/DeepModal1.xml
19 ms. Memory: 578560K Free: 371114K (64%)
----------------- Invoking toplevel() on ptolemy.moml.MoMLSimpleApplication@6125494c
----------------- Done invoking toplevel() on ptolemy.moml.MoMLSimpleApplication@6125494c
reloadAllAccessors: .DeepModal1

===========================================================================================
----------------- testing Fri Oct 12 02:33:52 UTC 2018 /home/travis/build/icyphy/ptII/ptolemy/domains/modal/test/auto/DeepModal2.xml
----------------- Instantiating /home/travis/build/icyphy/ptII/ptolemy/domains/modal/test/auto/DeepModal2.xml
26 ms. Memory: 578560K Free: 345128K (60%)
----------------- Invoking toplevel() on ptolemy.moml.MoMLSimpleApplication@1d2b54a3
----------------- Done invoking toplevel() on ptolemy.moml.MoMLSimpleApplication@1d2b54a3
reloadAllAccessors: .DeepModal2

===========================================================================================
----------------- testing Fri Oct 12 02:33:52 UTC 2018 /home/travis/build/icyphy/ptII/ptolemy/domains/modal/test/auto/DeepModal3.xml
----------------- Instantiating /home/travis/build/icyphy/ptII/ptolemy/domains/modal/test/auto/DeepModal3.xml
32 ms. Memory: 578560K Free: 322285K (56%)
----------------- Invoking toplevel() on ptolemy.moml.MoMLSimpleApplication@31ddc218
----------------- Done invoking toplevel() on ptolemy.moml.MoMLSimpleApplication@31ddc218
reloadAllAccessors: .DeepModal3

===========================================================================================
----------------- testing Fri Oct 12 02:33:52 UTC 2018 /home/travis/build/icyphy/ptII/ptolemy/domains/modal/test/auto/DeepModal4.xml
----------------- Instantiating /home/travis/build/icyphy/ptII/ptolemy/domains/modal/test/auto/DeepModal4.xml
28 ms. Memory: 578560K Free: 299459K (52%)
----------------- Invoking toplevel() on ptolemy.moml.MoMLSimpleApplication@5d13bf67
----------------- Done invoking toplevel() on ptolemy.moml.MoMLSimpleApplication@5d13bf67
reloadAllAccessors: .DeepModal4

===========================================================================================
----------------- testing Fri Oct 12 02:33:52 UTC 2018 /home/travis/build/icyphy/ptII/ptolemy/domains/modal/test/auto/Default1.xml
----------------- Instantiating /home/travis/build/icyphy/ptII/ptolemy/domains/modal/test/auto/Default1.xml
3 ms. Memory: 578560K Free: 289674K (50%)
----------------- Invoking toplevel() on ptolemy.moml.MoMLSimpleApplication@2a1fdf62
----------------- Done invoking toplevel() on ptolemy.moml.MoMLSimpleApplication@2a1fdf62
reloadAllAccessors: .Default1

===========================================================================================
----------------- testing Fri Oct 12 02:33:52 UTC 2018 /home/travis/build/icyphy/ptII/ptolemy/domains/modal/test/auto/Default2.xml
----------------- Instantiating /home/travis/build/icyphy/ptII/ptolemy/domains/modal/test/auto/Default2.xml
3 ms. Memory: 578560K Free: 276745K (48%)
----------------- Invoking toplevel() on ptolemy.moml.MoMLSimpleApplication@6e859ea1
----------------- Done invoking toplevel() on ptolemy.moml.MoMLSimpleApplication@6e859ea1
reloadAllAccessors: .Default2

===========================================================================================
----------------- testing Fri Oct 12 02:33:52 UTC 2018 /home/travis/build/icyphy/ptII/ptolemy/domains/modal/test/auto/Default3.xml
----------------- Instantiating /home/travis/build/icyphy/ptII/ptolemy/domains/modal/test/auto/Default3.xml
4 ms. Memory: 578560K Free: 266968K (46%)
----------------- Invoking toplevel() on ptolemy.moml.MoMLSimpleApplication@57798725
----------------- Done invoking toplevel() on ptolemy.moml.MoMLSimpleApplication@57798725
reloadAllAccessors: .Default3

===========================================================================================
----------------- testing Fri Oct 12 02:33:52 UTC 2018 /home/travis/build/icyphy/ptII/ptolemy/domains/modal/test/auto/Default4.xml
----------------- Instantiating /home/travis/build/icyphy/ptII/ptolemy/domains/modal/test/auto/Default4.xml
11 ms. Memory: 578560K Free: 257183K (44%)
----------------- Invoking toplevel() on ptolemy.moml.MoMLSimpleApplication@2cbe5b7f
----------------- Done invoking toplevel() on ptolemy.moml.MoMLSimpleApplication@2cbe5b7f
reloadAllAccessors: .Default4

===========================================================================================
----------------- testing Fri Oct 12 02:33:52 UTC 2018 /home/travis/build/icyphy/ptII/ptolemy/domains/modal/test/auto/Default5.xml
----------------- Instantiating /home/travis/build/icyphy/ptII/ptolemy/domains/modal/test/auto/Default5.xml
12 ms. Memory: 578560K Free: 244141K (42%)
----------------- Invoking toplevel() on ptolemy.moml.MoMLSimpleApplication@3656d1fa
----------------- Done invoking toplevel() on ptolemy.moml.MoMLSimpleApplication@3656d1fa
reloadAllAccessors: .Default5

===========================================================================================
----------------- testing Fri Oct 12 02:33:52 UTC 2018 /home/travis/build/icyphy/ptII/ptolemy/domains/modal/test/auto/EmptyGuard.xml
----------------- Instantiating /home/travis/build/icyphy/ptII/ptolemy/domains/modal/test/auto/EmptyGuard.xml
11 ms. Memory: 578560K Free: 231100K (40%)
----------------- Invoking toplevel() on ptolemy.moml.MoMLSimpleApplication@148f7aa5
----------------- Done invoking toplevel() on ptolemy.moml.MoMLSimpleApplication@148f7aa5
reloadAllAccessors: .EmptyGuard

===========================================================================================
----------------- testing Fri Oct 12 02:33:52 UTC 2018 /home/travis/build/icyphy/ptII/ptolemy/domains/modal/test/auto/ErrorTransition1.xml
----------------- Instantiating /home/travis/build/icyphy/ptII/ptolemy/domains/modal/test/auto/ErrorTransition1.xml
8 ms. Memory: 578560K Free: 214930K (37%)
----------------- Invoking toplevel() on ptolemy.moml.MoMLSimpleApplication@75b9d4e4
----------------- Done invoking toplevel() on ptolemy.moml.MoMLSimpleApplication@75b9d4e4
reloadAllAccessors: .ErrorTransition1

===========================================================================================
----------------- testing Fri Oct 12 02:33:52 UTC 2018 /home/travis/build/icyphy/ptII/ptolemy/domains/modal/test/auto/ErrorTransition10.xml
----------------- Instantiating /home/travis/build/icyphy/ptII/ptolemy/domains/modal/test/auto/ErrorTransition10.xml
11 ms. Memory: 578560K Free: 198632K (34%)
----------------- Invoking toplevel() on ptolemy.moml.MoMLSimpleApplication@73a19108
----------------- Done invoking toplevel() on ptolemy.moml.MoMLSimpleApplication@73a19108
reloadAllAccessors: .ErrorTransition10

===========================================================================================
----------------- testing Fri Oct 12 02:33:52 UTC 2018 /home/travis/build/icyphy/ptII/ptolemy/domains/modal/test/auto/ErrorTransition11.xml
----------------- Instantiating /home/travis/build/icyphy/ptII/ptolemy/domains/modal/test/auto/ErrorTransition11.xml
4 ms. Memory: 578560K Free: 182335K (32%)
----------------- Invoking toplevel() on ptolemy.moml.MoMLSimpleApplication@6bbe923f
----------------- Done invoking toplevel() on ptolemy.moml.MoMLSimpleApplication@6bbe923f
reloadAllAccessors: .ErrorTransition11

===========================================================================================
----------------- testing Fri Oct 12 02:33:52 UTC 2018 /home/travis/build/icyphy/ptII/ptolemy/domains/modal/test/auto/ErrorTransition2.xml
----------------- Instantiating /home/travis/build/icyphy/ptII/ptolemy/domains/modal/test/auto/ErrorTransition2.xml
6 ms. Memory: 578560K Free: 169293K (29%)
----------------- Invoking toplevel() on ptolemy.moml.MoMLSimpleApplication@55b7d86f
----------------- Done invoking toplevel() on ptolemy.moml.MoMLSimpleApplication@55b7d86f
reloadAllAccessors: .ErrorTransition2

===========================================================================================
----------------- testing Fri Oct 12 02:33:52 UTC 2018 /home/travis/build/icyphy/ptII/ptolemy/domains/modal/test/auto/ErrorTransition3.xml
----------------- Instantiating /home/travis/build/icyphy/ptII/ptolemy/domains/modal/test/auto/ErrorTransition3.xml
10 ms. Memory: 578560K Free: 153107K (26%)
----------------- Invoking toplevel() on ptolemy.moml.MoMLSimpleApplication@3ab92c46
----------------- Done invoking toplevel() on ptolemy.moml.MoMLSimpleApplication@3ab92c46
reloadAllAccessors: .ErrorTransition3

===========================================================================================
----------------- testing Fri Oct 12 02:33:53 UTC 2018 /home/travis/build/icyphy/ptII/ptolemy/domains/modal/test/auto/ErrorTransition4.xml
----------------- Instantiating /home/travis/build/icyphy/ptII/ptolemy/domains/modal/test/auto/ErrorTransition4.xml
9 ms. Memory: 578560K Free: 140066K (24%)
----------------- Invoking toplevel() on ptolemy.moml.MoMLSimpleApplication@54f9acbd
----------------- Done invoking toplevel() on ptolemy.moml.MoMLSimpleApplication@54f9acbd
reloadAllAccessors: .ErrorTransition4

===========================================================================================
----------------- testing Fri Oct 12 02:33:53 UTC 2018 /home/travis/build/icyphy/ptII/ptolemy/domains/modal/test/auto/ErrorTransition5.xml
----------------- Instantiating /home/travis/build/icyphy/ptII/ptolemy/domains/modal/test/auto/ErrorTransition5.xml
5 ms. Memory: 578560K Free: 127041K (22%)
----------------- Invoking toplevel() on ptolemy.moml.MoMLSimpleApplication@57ea7b90
----------------- Done invoking toplevel() on ptolemy.moml.MoMLSimpleApplication@57ea7b90
reloadAllAccessors: .ErrorTransition5

===========================================================================================
----------------- testing Fri Oct 12 02:33:53 UTC 2018 /home/travis/build/icyphy/ptII/ptolemy/domains/modal/test/auto/ErrorTransition6.xml
----------------- Instantiating /home/travis/build/icyphy/ptII/ptolemy/domains/modal/test/auto/ErrorTransition6.xml
8 ms. Memory: 578560K Free: 114007K (20%)
----------------- Invoking toplevel() on ptolemy.moml.MoMLSimpleApplication@6e32f551
----------------- Done invoking toplevel() on ptolemy.moml.MoMLSimpleApplication@6e32f551
reloadAllAccessors: .ErrorTransition6

===========================================================================================
----------------- testing Fri Oct 12 02:33:53 UTC 2018 /home/travis/build/icyphy/ptII/ptolemy/domains/modal/test/auto/ErrorTransition7.xml
----------------- Instantiating /home/travis/build/icyphy/ptII/ptolemy/domains/modal/test/auto/ErrorTransition7.xml
12 ms. Memory: 578560K Free: 94565K (16%)
----------------- Invoking toplevel() on ptolemy.moml.MoMLSimpleApplication@5c4abeb0
----------------- Done invoking toplevel() on ptolemy.moml.MoMLSimpleApplication@5c4abeb0
reloadAllAccessors: .ErrorTransition7

===========================================================================================
----------------- testing Fri Oct 12 02:33:53 UTC 2018 /home/travis/build/icyphy/ptII/ptolemy/domains/modal/test/auto/ErrorTransition8.xml
----------------- Instantiating /home/travis/build/icyphy/ptII/ptolemy/domains/modal/test/auto/ErrorTransition8.xml
46 ms. Memory: 578560K Free: 566293K (98%)
----------------- Invoking toplevel() on ptolemy.moml.MoMLSimpleApplication@956dcf9
----------------- Done invoking toplevel() on ptolemy.moml.MoMLSimpleApplication@956dcf9
reloadAllAccessors: .ErrorTransition8

===========================================================================================
----------------- testing Fri Oct 12 02:33:53 UTC 2018 /home/travis/build/icyphy/ptII/ptolemy/domains/modal/test/auto/ErrorTransition9.xml
----------------- Instantiating /home/travis/build/icyphy/ptII/ptolemy/domains/modal/test/auto/ErrorTransition9.xml
10 ms. Memory: 578560K Free: 546055K (94%)
----------------- Invoking toplevel() on ptolemy.moml.MoMLSimpleApplication@5fbdc719
----------------- Done invoking toplevel() on ptolemy.moml.MoMLSimpleApplication@5fbdc719
reloadAllAccessors: .ErrorTransition9

===========================================================================================
----------------- testing Fri Oct 12 02:33:53 UTC 2018 /home/travis/build/icyphy/ptII/ptolemy/domains/modal/test/auto/ExtendedFSM.xml
----------------- Instantiating /home/travis/build/icyphy/ptII/ptolemy/domains/modal/test/auto/ExtendedFSM.xml
10 ms. Memory: 578560K Free: 536270K (93%)
----------------- Invoking toplevel() on ptolemy.moml.MoMLSimpleApplication@77e4e3f1
----------------- Done invoking toplevel() on ptolemy.moml.MoMLSimpleApplication@77e4e3f1
reloadAllAccessors: .ExtendedFSM

===========================================================================================
----------------- testing Fri Oct 12 02:33:53 UTC 2018 /home/travis/build/icyphy/ptII/ptolemy/domains/modal/test/auto/FinalStates.xml
----------------- Instantiating /home/travis/build/icyphy/ptII/ptolemy/domains/modal/test/auto/FinalStates.xml
4 ms. Memory: 578560K Free: 524286K (91%)
----------------- Invoking toplevel() on ptolemy.moml.MoMLSimpleApplication@4f6ab4e8
----------------- Done invoking toplevel() on ptolemy.moml.MoMLSimpleApplication@4f6ab4e8
reloadAllAccessors: .FinalStates

===========================================================================================
----------------- testing Fri Oct 12 02:33:53 UTC 2018 /home/travis/build/icyphy/ptII/ptolemy/domains/modal/test/auto/FixedPointFSM.xml
----------------- Instantiating /home/travis/build/icyphy/ptII/ptolemy/domains/modal/test/auto/FixedPointFSM.xml
19 ms. Memory: 578560K Free: 504716K (87%)
----------------- Invoking toplevel() on ptolemy.moml.MoMLSimpleApplication@3d41d2a1
----------------- Done invoking toplevel() on ptolemy.moml.MoMLSimpleApplication@3d41d2a1
reloadAllAccessors: .FixedPointFSM

===========================================================================================
----------------- testing Fri Oct 12 02:33:53 UTC 2018 /home/travis/build/icyphy/ptII/ptolemy/domains/modal/test/auto/FixedPointIterationFSMActor.xml
----------------- Instantiating /home/travis/build/icyphy/ptII/ptolemy/domains/modal/test/auto/FixedPointIterationFSMActor.xml
7 ms. Memory: 578560K Free: 491683K (85%)
----------------- Invoking toplevel() on ptolemy.moml.MoMLSimpleApplication@4a956965
----------------- Done invoking toplevel() on ptolemy.moml.MoMLSimpleApplication@4a956965
reloadAllAccessors: .FixedPointIterationFSMActor

===========================================================================================
----------------- testing Fri Oct 12 02:33:53 UTC 2018 /home/travis/build/icyphy/ptII/ptolemy/domains/modal/test/auto/FixedPointIterationFSMActor2.xml
----------------- Instantiating /home/travis/build/icyphy/ptII/ptolemy/domains/modal/test/auto/FixedPointIterationFSMActor2.xml
14 ms. Memory: 578560K Free: 473186K (82%)
----------------- Invoking toplevel() on ptolemy.moml.MoMLSimpleApplication@73aeffdd
----------------- Done invoking toplevel() on ptolemy.moml.MoMLSimpleApplication@73aeffdd
reloadAllAccessors: .FixedPointIterationFSMActor2

===========================================================================================
----------------- testing Fri Oct 12 02:33:53 UTC 2018 /home/travis/build/icyphy/ptII/ptolemy/domains/modal/test/auto/ForbiddenInstantanousLoop.xml
----------------- Instantiating /home/travis/build/icyphy/ptII/ptolemy/domains/modal/test/auto/ForbiddenInstantanousLoop.xml
5 ms. Memory: 578560K Free: 456895K (79%)
----------------- Invoking toplevel() on ptolemy.moml.MoMLSimpleApplication@4b29de21
----------------- Done invoking toplevel() on ptolemy.moml.MoMLSimpleApplication@4b29de21
reloadAllAccessors: .ForbiddenInstantanousLoop

===========================================================================================
----------------- testing Fri Oct 12 02:33:53 UTC 2018 /home/travis/build/icyphy/ptII/ptolemy/domains/modal/test/auto/FunctionDependencyOfFSMActorTest.xml
----------------- Instantiating /home/travis/build/icyphy/ptII/ptolemy/domains/modal/test/auto/FunctionDependencyOfFSMActorTest.xml
14 ms. Memory: 578560K Free: 447126K (77%)
----------------- Invoking toplevel() on ptolemy.moml.MoMLSimpleApplication@121ae8d6
----------------- Done invoking toplevel() on ptolemy.moml.MoMLSimpleApplication@121ae8d6
reloadAllAccessors: .FunctionDependencyOfFSMActorTest

===========================================================================================
----------------- testing Fri Oct 12 02:33:53 UTC 2018 /home/travis/build/icyphy/ptII/ptolemy/domains/modal/test/auto/GuardExpression.xml
----------------- Instantiating /home/travis/build/icyphy/ptII/ptolemy/domains/modal/test/auto/GuardExpression.xml
6 ms. Memory: 578560K Free: 435143K (75%)
----------------- Invoking toplevel() on ptolemy.moml.MoMLSimpleApplication@57f5384a
----------------- Done invoking toplevel() on ptolemy.moml.MoMLSimpleApplication@57f5384a
reloadAllAccessors: .GuardExpression

===========================================================================================
----------------- testing Fri Oct 12 02:33:53 UTC 2018 /home/travis/build/icyphy/ptII/ptolemy/domains/modal/test/auto/GuardNotEvaluated.xml
----------------- Instantiating /home/travis/build/icyphy/ptII/ptolemy/domains/modal/test/auto/GuardNotEvaluated.xml
5 ms. Memory: 578560K Free: 422117K (73%)
----------------- Invoking toplevel() on ptolemy.moml.MoMLSimpleApplication@332a5e
----------------- Done invoking toplevel() on ptolemy.moml.MoMLSimpleApplication@332a5e
reloadAllAccessors: .GuardNotEvaluated

===========================================================================================
----------------- testing Fri Oct 12 02:33:53 UTC 2018 /home/travis/build/icyphy/ptII/ptolemy/domains/modal/test/auto/GuardNotEvaluated2.xml
----------------- Instantiating /home/travis/build/icyphy/ptII/ptolemy/domains/modal/test/auto/GuardNotEvaluated2.xml
6 ms. Memory: 578560K Free: 409084K (71%)
----------------- Invoking toplevel() on ptolemy.moml.MoMLSimpleApplication@39f1596b
----------------- Done invoking toplevel() on ptolemy.moml.MoMLSimpleApplication@39f1596b
reloadAllAccessors: .GuardNotEvaluated2

===========================================================================================
----------------- testing Fri Oct 12 02:33:53 UTC 2018 /home/travis/build/icyphy/ptII/ptolemy/domains/modal/test/auto/GuardOnAbsent.xml
----------------- Instantiating /home/travis/build/icyphy/ptII/ptolemy/domains/modal/test/auto/GuardOnAbsent.xml
7 ms. Memory: 578560K Free: 397108K (69%)
----------------- Invoking toplevel() on ptolemy.moml.MoMLSimpleApplication@4f7d5655
----------------- Done invoking toplevel() on ptolemy.moml.MoMLSimpleApplication@4f7d5655
reloadAllAccessors: .GuardOnAbsent

===========================================================================================
----------------- testing Fri Oct 12 02:33:53 UTC 2018 /home/travis/build/icyphy/ptII/ptolemy/domains/modal/test/auto/HierarchicalFSMTypeInference.xml
----------------- Instantiating /home/travis/build/icyphy/ptII/ptolemy/domains/modal/test/auto/HierarchicalFSMTypeInference.xml
7 ms. Memory: 578560K Free: 380802K (66%)
----------------- Invoking toplevel() on ptolemy.moml.MoMLSimpleApplication@77c812a8
----------------- Done invoking toplevel() on ptolemy.moml.MoMLSimpleApplication@77c812a8
reloadAllAccessors: .HierarchicalFSMTypeInference

===========================================================================================
----------------- testing Fri Oct 12 02:33:53 UTC 2018 /home/travis/build/icyphy/ptII/ptolemy/domains/modal/test/auto/Hysteresis.xml
----------------- Instantiating /home/travis/build/icyphy/ptII/ptolemy/domains/modal/test/auto/Hysteresis.xml
8 ms. Memory: 578560K Free: 359018K (62%)
----------------- Invoking toplevel() on ptolemy.moml.MoMLSimpleApplication@1414673c
----------------- Done invoking toplevel() on ptolemy.moml.MoMLSimpleApplication@1414673c
reloadAllAccessors: .Hysteresis

===========================================================================================
----------------- testing Fri Oct 12 02:33:53 UTC 2018 /home/travis/build/icyphy/ptII/ptolemy/domains/modal/test/auto/HysteresisWithDefault.xml
----------------- Instantiating /home/travis/build/icyphy/ptII/ptolemy/domains/modal/test/auto/HysteresisWithDefault.xml
28 ms. Memory: 578560K Free: 332919K (58%)
----------------- Invoking toplevel() on ptolemy.moml.MoMLSimpleApplication@419ee34c
----------------- Done invoking toplevel() on ptolemy.moml.MoMLSimpleApplication@419ee34c
reloadAllAccessors: .HysteresisWithDefault

===========================================================================================
----------------- testing Fri Oct 12 02:33:53 UTC 2018 /home/travis/build/icyphy/ptII/ptolemy/domains/modal/test/auto/HysteresisWithDefault2.xml
----------------- Instantiating /home/travis/build/icyphy/ptII/ptolemy/domains/modal/test/auto/HysteresisWithDefault2.xml
40 ms. Memory: 578560K Free: 300276K (52%)
----------------- Invoking toplevel() on ptolemy.moml.MoMLSimpleApplication@196806e2
----------------- Done invoking toplevel() on ptolemy.moml.MoMLSimpleApplication@196806e2
reloadAllAccessors: .HysteresisWithDefault2

===========================================================================================
----------------- testing Fri Oct 12 02:33:53 UTC 2018 /home/travis/build/icyphy/ptII/ptolemy/domains/modal/test/auto/ImmediateNonConstructiveness.xml
----------------- Instantiating /home/travis/build/icyphy/ptII/ptolemy/domains/modal/test/auto/ImmediateNonConstructiveness.xml
2 ms. Memory: 578560K Free: 288292K (50%)
----------------- Invoking toplevel() on ptolemy.moml.MoMLSimpleApplication@5bd0f008
----------------- Done invoking toplevel() on ptolemy.moml.MoMLSimpleApplication@5bd0f008
reloadAllAccessors: .ImmediateNonConstructiveness

===========================================================================================
----------------- testing Fri Oct 12 02:33:53 UTC 2018 /home/travis/build/icyphy/ptII/ptolemy/domains/modal/test/auto/ImmediateNonConstructiveness2.xml
----------------- Instantiating /home/travis/build/icyphy/ptII/ptolemy/domains/modal/test/auto/ImmediateNonConstructiveness2.xml
2 ms. Memory: 578560K Free: 278507K (48%)
----------------- Invoking toplevel() on ptolemy.moml.MoMLSimpleApplication@4b3fecbe
----------------- Done invoking toplevel() on ptolemy.moml.MoMLSimpleApplication@4b3fecbe
reloadAllAccessors: .ImmediateNonConstructiveness2

===========================================================================================
----------------- testing Fri Oct 12 02:33:53 UTC 2018 /home/travis/build/icyphy/ptII/ptolemy/domains/modal/test/auto/ImmediateTransitionReset.xml
----------------- Instantiating /home/travis/build/icyphy/ptII/ptolemy/domains/modal/test/auto/ImmediateTransitionReset.xml
2 ms. Memory: 578560K Free: 262209K (45%)
----------------- Invoking toplevel() on ptolemy.moml.MoMLSimpleApplication@123ad62d
----------------- Done invoking toplevel() on ptolemy.moml.MoMLSimpleApplication@123ad62d
reloadAllAccessors: .ImmediateTransitionReset

===========================================================================================
----------------- testing Fri Oct 12 02:33:53 UTC 2018 /home/travis/build/icyphy/ptII/ptolemy/domains/modal/test/auto/ImmediateTransitions1.xml
----------------- Instantiating /home/travis/build/icyphy/ptII/ptolemy/domains/modal/test/auto/ImmediateTransitions1.xml
1 ms. Memory: 578560K Free: 250225K (43%)
----------------- Invoking toplevel() on ptolemy.moml.MoMLSimpleApplication@760fa654
----------------- Done invoking toplevel() on ptolemy.moml.MoMLSimpleApplication@760fa654
reloadAllAccessors: .ImmediateTransitions1

===========================================================================================
----------------- testing Fri Oct 12 02:33:53 UTC 2018 /home/travis/build/icyphy/ptII/ptolemy/domains/modal/test/auto/ImmediateTransitionsInstantaneousCommunication.xml
----------------- Instantiating /home/travis/build/icyphy/ptII/ptolemy/domains/modal/test/auto/ImmediateTransitionsInstantaneousCommunication.xml
2 ms. Memory: 578560K Free: 233919K (40%)
----------------- Invoking toplevel() on ptolemy.moml.MoMLSimpleApplication@2e64e34b
----------------- Done invoking toplevel() on ptolemy.moml.MoMLSimpleApplication@2e64e34b
reloadAllAccessors: .ImmediateTransitionsInstantaneousCommunication

===========================================================================================
----------------- testing Fri Oct 12 02:33:53 UTC 2018 /home/travis/build/icyphy/ptII/ptolemy/domains/modal/test/auto/InitialImmediateTransition.xml
----------------- Instantiating /home/travis/build/icyphy/ptII/ptolemy/domains/modal/test/auto/InitialImmediateTransition.xml
3 ms. Memory: 578560K Free: 224134K (39%)
----------------- Invoking toplevel() on ptolemy.moml.MoMLSimpleApplication@49e88775
----------------- Done invoking toplevel() on ptolemy.moml.MoMLSimpleApplication@49e88775
reloadAllAccessors: .InitialImmediateTransition

===========================================================================================
----------------- testing Fri Oct 12 02:33:53 UTC 2018 /home/travis/build/icyphy/ptII/ptolemy/domains/modal/test/auto/InitialOutputs.xml
----------------- Instantiating /home/travis/build/icyphy/ptII/ptolemy/domains/modal/test/auto/InitialOutputs.xml
2 ms. Memory: 578560K Free: 212159K (37%)
----------------- Invoking toplevel() on ptolemy.moml.MoMLSimpleApplication@6a5a107e
----------------- Done invoking toplevel() on ptolemy.moml.MoMLSimpleApplication@6a5a107e
reloadAllAccessors: .InitialOutputs

===========================================================================================
----------------- testing Fri Oct 12 02:33:53 UTC 2018 /home/travis/build/icyphy/ptII/ptolemy/domains/modal/test/auto/InitialStateTransition1.xml
----------------- Instantiating /home/travis/build/icyphy/ptII/ptolemy/domains/modal/test/auto/InitialStateTransition1.xml
2 ms. Memory: 578560K Free: 199117K (34%)
----------------- Invoking toplevel() on ptolemy.moml.MoMLSimpleApplication@3c2220f2
----------------- Done invoking toplevel() on ptolemy.moml.MoMLSimpleApplication@3c2220f2
reloadAllAccessors: .InitialStateTransition1

===========================================================================================
----------------- testing Fri Oct 12 02:33:53 UTC 2018 /home/travis/build/icyphy/ptII/ptolemy/domains/modal/test/auto/InitialStateTransition2.xml
----------------- Instantiating /home/travis/build/icyphy/ptII/ptolemy/domains/modal/test/auto/InitialStateTransition2.xml
.InitialStateTransition2.TestExceptionAttributeNonConstructive: initialize() was not invoked, but wrapup() was.  This is unusual, but not always a problem.  For example, exporting JNLP will do this.
1 ms. Memory: 578560K Free: 183885K (32%)
----------------- Invoking toplevel() on ptolemy.moml.MoMLSimpleApplication@4adc64b4
----------------- Done invoking toplevel() on ptolemy.moml.MoMLSimpleApplication@4adc64b4
reloadAllAccessors: .InitialStateTransition2

===========================================================================================
----------------- testing Fri Oct 12 02:33:53 UTC 2018 /home/travis/build/icyphy/ptII/ptolemy/domains/modal/test/auto/InitialStateTransition3.xml
----------------- Instantiating /home/travis/build/icyphy/ptII/ptolemy/domains/modal/test/auto/InitialStateTransition3.xml
3 ms. Memory: 578560K Free: 170844K (30%)
----------------- Invoking toplevel() on ptolemy.moml.MoMLSimpleApplication@487592e8
----------------- Done invoking toplevel() on ptolemy.moml.MoMLSimpleApplication@487592e8
reloadAllAccessors: .InitialStateTransition3

===========================================================================================
----------------- testing Fri Oct 12 02:33:54 UTC 2018 /home/travis/build/icyphy/ptII/ptolemy/domains/modal/test/auto/InitialStateTransition4.xml
----------------- Instantiating /home/travis/build/icyphy/ptII/ptolemy/domains/modal/test/auto/InitialStateTransition4.xml
2 ms. Memory: 578560K Free: 157802K (27%)
----------------- Invoking toplevel() on ptolemy.moml.MoMLSimpleApplication@39c450eb
----------------- Done invoking toplevel() on ptolemy.moml.MoMLSimpleApplication@39c450eb
[...]
----------------- Done invoking toplevel() on ptolemy.moml.MoMLSimpleApplication@7a5037b4
reloadAllAccessors: .TerminationTransition3

===========================================================================================
----------------- testing Fri Oct 12 02:33:55 UTC 2018 /home/travis/build/icyphy/ptII/ptolemy/domains/modal/test/auto/TerminationTransition4.xml
----------------- Instantiating /home/travis/build/icyphy/ptII/ptolemy/domains/modal/test/auto/TerminationTransition4.xml
5 ms. Memory: 872448K Free: 830232K (95%)
----------------- Invoking toplevel() on ptolemy.moml.MoMLSimpleApplication@6cc70759
----------------- Done invoking toplevel() on ptolemy.moml.MoMLSimpleApplication@6cc70759
reloadAllAccessors: .TerminationTransition4

===========================================================================================
----------------- testing Fri Oct 12 02:33:55 UTC 2018 /home/travis/build/icyphy/ptII/ptolemy/domains/modal/test/auto/TerminationTransition5.xml
----------------- Instantiating /home/travis/build/icyphy/ptII/ptolemy/domains/modal/test/auto/TerminationTransition5.xml
2 ms. Memory: 872448K Free: 809383K (93%)
----------------- Invoking toplevel() on ptolemy.moml.MoMLSimpleApplication@72b66c02
----------------- Done invoking toplevel() on ptolemy.moml.MoMLSimpleApplication@72b66c02
reloadAllAccessors: .TerminationTransition5

===========================================================================================
----------------- testing Fri Oct 12 02:33:55 UTC 2018 /home/travis/build/icyphy/ptII/ptolemy/domains/modal/test/auto/TerminationTransition6.xml
----------------- Instantiating /home/travis/build/icyphy/ptII/ptolemy/domains/modal/test/auto/TerminationTransition6.xml
2 ms. Memory: 872448K Free: 791881K (91%)
----------------- Invoking toplevel() on ptolemy.moml.MoMLSimpleApplication@e76a52c
----------------- Done invoking toplevel() on ptolemy.moml.MoMLSimpleApplication@e76a52c
reloadAllAccessors: .TerminationTransition6

===========================================================================================
----------------- testing Fri Oct 12 02:33:55 UTC 2018 /home/travis/build/icyphy/ptII/ptolemy/domains/modal/test/auto/TerminationTransition7.xml
----------------- Instantiating /home/travis/build/icyphy/ptII/ptolemy/domains/modal/test/auto/TerminationTransition7.xml
3 ms. Memory: 872448K Free: 776131K (89%)
----------------- Invoking toplevel() on ptolemy.moml.MoMLSimpleApplication@154b81db
----------------- Done invoking toplevel() on ptolemy.moml.MoMLSimpleApplication@154b81db
reloadAllAccessors: .TerminationTransition7

===========================================================================================
----------------- testing Fri Oct 12 02:33:55 UTC 2018 /home/travis/build/icyphy/ptII/ptolemy/domains/modal/test/auto/TerminationTransition8.xml
----------------- Instantiating /home/travis/build/icyphy/ptII/ptolemy/domains/modal/test/auto/TerminationTransition8.xml
2 ms. Memory: 872448K Free: 758629K (87%)
----------------- Invoking toplevel() on ptolemy.moml.MoMLSimpleApplication@507f3aed
----------------- Done invoking toplevel() on ptolemy.moml.MoMLSimpleApplication@507f3aed
reloadAllAccessors: .TerminationTransition8

===========================================================================================
----------------- testing Fri Oct 12 02:33:55 UTC 2018 /home/travis/build/icyphy/ptII/ptolemy/domains/modal/test/auto/Thermostat_NoHysteresis.xml
----------------- Instantiating /home/travis/build/icyphy/ptII/ptolemy/domains/modal/test/auto/Thermostat_NoHysteresis.xml
19 ms. Memory: 872448K Free: 727324K (83%)
----------------- Invoking toplevel() on ptolemy.moml.MoMLSimpleApplication@2ec069de
----------------- Done invoking toplevel() on ptolemy.moml.MoMLSimpleApplication@2ec069de
reloadAllAccessors: .Thermostat_NoHysteresis

===========================================================================================
----------------- testing Fri Oct 12 02:33:55 UTC 2018 /home/travis/build/icyphy/ptII/ptolemy/domains/modal/test/auto/TimedFSM.xml
----------------- Instantiating /home/travis/build/icyphy/ptII/ptolemy/domains/modal/test/auto/TimedFSM.xml
6 ms. Memory: 872448K Free: 709814K (81%)
----------------- Invoking toplevel() on ptolemy.moml.MoMLSimpleApplication@4357db51
----------------- Done invoking toplevel() on ptolemy.moml.MoMLSimpleApplication@4357db51
reloadAllAccessors: .TimedFSM

===========================================================================================
----------------- testing Fri Oct 12 02:33:55 UTC 2018 /home/travis/build/icyphy/ptII/ptolemy/domains/modal/test/auto/Timeout1.xml
----------------- Instantiating /home/travis/build/icyphy/ptII/ptolemy/domains/modal/test/auto/Timeout1.xml
2 ms. Memory: 872448K Free: 699390K (80%)
----------------- Invoking toplevel() on ptolemy.moml.MoMLSimpleApplication@5ddee6b9
----------------- Done invoking toplevel() on ptolemy.moml.MoMLSimpleApplication@5ddee6b9
reloadAllAccessors: .Timeout1

===========================================================================================
----------------- testing Fri Oct 12 02:33:55 UTC 2018 /home/travis/build/icyphy/ptII/ptolemy/domains/modal/test/auto/Timeout2.xml
----------------- Instantiating /home/travis/build/icyphy/ptII/ptolemy/domains/modal/test/auto/Timeout2.xml
4 ms. Memory: 872448K Free: 681880K (78%)
----------------- Invoking toplevel() on ptolemy.moml.MoMLSimpleApplication@75e7aa36
----------------- Done invoking toplevel() on ptolemy.moml.MoMLSimpleApplication@75e7aa36
reloadAllAccessors: .Timeout2

===========================================================================================
----------------- testing Fri Oct 12 02:33:55 UTC 2018 /home/travis/build/icyphy/ptII/ptolemy/domains/modal/test/auto/Timeout3.xml
----------------- Instantiating /home/travis/build/icyphy/ptII/ptolemy/domains/modal/test/auto/Timeout3.xml
2 ms. Memory: 872448K Free: 671456K (77%)
----------------- Invoking toplevel() on ptolemy.moml.MoMLSimpleApplication@139d5194
----------------- Done invoking toplevel() on ptolemy.moml.MoMLSimpleApplication@139d5194
reloadAllAccessors: .Timeout3

===========================================================================================
----------------- testing Fri Oct 12 02:33:55 UTC 2018 /home/travis/build/icyphy/ptII/ptolemy/domains/modal/test/auto/Timeout4.xml
----------------- Instantiating /home/travis/build/icyphy/ptII/ptolemy/domains/modal/test/auto/Timeout4.xml
2 ms. Memory: 872448K Free: 659174K (76%)
----------------- Invoking toplevel() on ptolemy.moml.MoMLSimpleApplication@29e8a178
----------------- Done invoking toplevel() on ptolemy.moml.MoMLSimpleApplication@29e8a178
reloadAllAccessors: .Timeout4

===========================================================================================
----------------- testing Fri Oct 12 02:33:55 UTC 2018 /home/travis/build/icyphy/ptII/ptolemy/domains/modal/test/auto/TransientstateModelAdvanced.xml
----------------- Instantiating /home/travis/build/icyphy/ptII/ptolemy/domains/modal/test/auto/TransientstateModelAdvanced.xml
3 ms. Memory: 872448K Free: 638326K (73%)
----------------- Invoking toplevel() on ptolemy.moml.MoMLSimpleApplication@4b1bfe22
----------------- Done invoking toplevel() on ptolemy.moml.MoMLSimpleApplication@4b1bfe22
reloadAllAccessors: .TransientstateModelAdvanced

===========================================================================================
----------------- testing Fri Oct 12 02:33:56 UTC 2018 /home/travis/build/icyphy/ptII/ptolemy/domains/modal/test/auto/TransientstateModelAdvanced2.xml
----------------- Instantiating /home/travis/build/icyphy/ptII/ptolemy/domains/modal/test/auto/TransientstateModelAdvanced2.xml
3 ms. Memory: 872448K Free: 615604K (71%)
----------------- Invoking toplevel() on ptolemy.moml.MoMLSimpleApplication@629c55fe
----------------- Done invoking toplevel() on ptolemy.moml.MoMLSimpleApplication@629c55fe
reloadAllAccessors: .transientstatemodelAdvanced

===========================================================================================
----------------- testing Fri Oct 12 02:33:56 UTC 2018 /home/travis/build/icyphy/ptII/ptolemy/domains/modal/test/auto/TransitionRefinements.xml
----------------- Instantiating /home/travis/build/icyphy/ptII/ptolemy/domains/modal/test/auto/TransitionRefinements.xml
9 ms. Memory: 872448K Free: 599951K (69%)
----------------- Invoking toplevel() on ptolemy.moml.MoMLSimpleApplication@44c50f6a
----------------- Done invoking toplevel() on ptolemy.moml.MoMLSimpleApplication@44c50f6a
reloadAllAccessors: .TransitionRefinements

===========================================================================================
----------------- testing Fri Oct 12 02:33:56 UTC 2018 /home/travis/build/icyphy/ptII/ptolemy/domains/modal/test/auto/TwoRefinements1.xml
----------------- Instantiating /home/travis/build/icyphy/ptII/ptolemy/domains/modal/test/auto/TwoRefinements1.xml
2 ms. Memory: 872448K Free: 582441K (67%)
----------------- Invoking toplevel() on ptolemy.moml.MoMLSimpleApplication@30df9d1
----------------- Done invoking toplevel() on ptolemy.moml.MoMLSimpleApplication@30df9d1
reloadAllAccessors: .TwoRefinements1

===========================================================================================
----------------- testing Fri Oct 12 02:33:56 UTC 2018 /home/travis/build/icyphy/ptII/ptolemy/domains/modal/test/auto/TwoRefinements2.xml
----------------- Instantiating /home/travis/build/icyphy/ptII/ptolemy/domains/modal/test/auto/TwoRefinements2.xml
2 ms. Memory: 872448K Free: 566789K (65%)
----------------- Invoking toplevel() on ptolemy.moml.MoMLSimpleApplication@564b0f0b
----------------- Done invoking toplevel() on ptolemy.moml.MoMLSimpleApplication@564b0f0b
reloadAllAccessors: .TwoRefinements2

===========================================================================================
----------------- testing Fri Oct 12 02:33:56 UTC 2018 /home/travis/build/icyphy/ptII/ptolemy/domains/modal/test/auto/WeakImmediateTransition.xml
----------------- Instantiating /home/travis/build/icyphy/ptII/ptolemy/domains/modal/test/auto/WeakImmediateTransition.xml
2 ms. Memory: 872448K Free: 551136K (63%)
----------------- Invoking toplevel() on ptolemy.moml.MoMLSimpleApplication@7d37909b
----------------- Done invoking toplevel() on ptolemy.moml.MoMLSimpleApplication@7d37909b
reloadAllAccessors: .WeakImmediateTransition

===========================================================================================
----------------- testing Fri Oct 12 02:33:56 UTC 2018 /home/travis/build/icyphy/ptII/ptolemy/domains/modal/test/auto/booleanSelect.xml
----------------- Instantiating /home/travis/build/icyphy/ptII/ptolemy/domains/modal/test/auto/booleanSelect.xml
21 ms. Memory: 872448K Free: 523202K (60%)
----------------- Invoking toplevel() on ptolemy.moml.MoMLSimpleApplication@1e813180
----------------- Done invoking toplevel() on ptolemy.moml.MoMLSimpleApplication@1e813180
reloadAllAccessors: .booleanSelect

===========================================================================================
----------------- testing Fri Oct 12 02:33:56 UTC 2018 /home/travis/build/icyphy/ptII/ptolemy/domains/modal/test/auto/modalChangingParams.xml
----------------- Instantiating /home/travis/build/icyphy/ptII/ptolemy/domains/modal/test/auto/modalChangingParams.xml
0
1
0
2
4
6
8
7
0
2
4
6
8
13
0
2
4
6
8
19
0
2
4
6
8
25
0
2
4
6
8
31
0
2
4
6
8
37
0
2
4
6
8
43
0
2
4
6
8
49
0
2
4
6
8
55
0
2
4
6
8
61
0
2
4
6
8
67
0
2
4
6
8
73
0
2
4
6
8
79
0
2
4
6
8
85
0
2
4
6
8
91
0
2
4
6
8
97
0
2
4
6
8
103
0
2
4
6
8
109
0
2
4
6
8
115
0
2
4
6
8
121
0
2
4
6
8
127
0
2
4
6
8
133
0
2
4
6
8
139
0
2
4
6
8
145
0
2
4
6
8
151
0
2
4
6
8
157
0
2
4
6
8
163
0
2
4
6
8
169
0
2
4
6
8
175
0
2
4
6
8
181
0
2
4
6
8
187
0
2
4
6
8
193
0
2
4
6
8
199
0
2
4
6
8
205
0
2
4
6
8
211
0
2
4
6
8
217
0
2
4
6
8
223
0
2
4
6
8
229
0
2
4
6
8
235
0
2
4
6
8
241
0
2
4
6
8
247
0
2
4
6
8
253
0
2
4
6
8
259
0
2
4
6
8
265
0
2
4
6
8
271
0
2
4
6
8
277
0
2
4
6
8
283
0
2
4
6
8
289
0
2
4
6
8
295
0
2
4
6
8
301
0
2
4
6
8
307
0
2
4
6
8
313
0
2
4
6
8
319
0
2
4
6
8
325
0
2
4
6
8
331
0
2
4
6
8
337
0
2
4
6
8
343
0
2
4
6
8
349
0
2
4
6
8
355
0
2
4
6
8
361
0
2
4
6
8
367
0
2
4
6
8
373
0
2
4
6
8
379
0
2
4
6
8
385
0
2
4
6
8
391
0
2
4
6
8
397
0
2
4
6
8
403
0
2
4
6
8
409
0
2
4
6
8
415
0
2
4
6
8
421
0
2
4
6
8
427
0
2
4
6
8
433
0
2
4
6
8
439
0
2
4
6
8
445
0
2
4
6
8
451
0
2
4
6
8
457
0
2
4
6
8
463
0
2
4
6
8
469
0
2
4
6
8
475
0
2
4
6
8
481
0
2
4
6
8
487
0
2
4
6
8
493
0
2
4
6
8
499
0
2
4
6
8
505
0
2
4
6
8
511
0
2
4
6
8
517
0
2
4
6
8
523
0
2
4
6
8
529
0
2
4
6
8
535
0
2
4
6
8
541
0
2
4
6
8
547
0
2
4
6
8
553
0
2
4
6
8
559
0
2
4
6
8
565
0
2
4
6
8
571
0
2
4
6
8
577
0
2
4
6
8
583
0
2
4
6
8
589
0
2
4
6
8
595
0
2
4
6
8
601
0
2
4
6
8
607
0
2
4
6
8
613
0
2
4
6
8
619
0
2
4
6
8
625
0
2
4
6
8
631
0
2
4
6
8
637
0
2
4
6
8
643
0
2
4
6
8
649
0
2
4
6
8
655
0
2
4
6
8
661
0
2
4
6
8
667
0
2
4
6
8
673
0
2
4
6
8
679
0
2
4
6
8
685
0
2
4
6
8
691
0
2
4
6
8
697
0
2
4
6
8
703
0
2
4
6
8
709
0
2
4
6
8
715
0
2
4
6
8
721
0
2
4
6
8
727
0
2
4
6
8
733
0
2
4
6
8
739
0
2
4
6
8
745
0
2
4
6
8
751
0
2
4
6
8
757
0
2
4
6
8
763
0
2
4
6
8
769
0
2
4
6
8
775
0
2
4
6
8
781
0
2
4
6
8
787
0
2
4
6
8
793
0
2
4
6
8
799
0
2
4
6
8
805
0
2
4
6
8
811
0
2
4
6
8
817
0
2
4
6
8
823
0
2
4
6
8
829
0
2
4
6
8
835
0
2
4
6
8
841
0
2
4
6
8
847
0
2
4
6
8
853
0
2
4
6
8
859
0
2
4
6
8
865
0
2
4
6
8
871
0
2
4
6
8
877
0
2
4
6
8
883
0
2
4
6
8
889
0
2
4
6
8
895
0
2
4
6
8
901
0
2
4
6
8
907
0
2
4
6
8
913
0
2
4
6
8
919
0
2
4
6
8
925
0
2
4
6
8
931
0
2
4
6
8
937
0
2
4
6
8
943
0
2
4
6
8
949
0
2
4
6
8
955
0
2
4
6
8
961
0
2
4
6
8
967
0
2
4
6
8
973
0
2
4
6
8
979
0
2
4
6
8
985
0
2
4
6
8
991
0
2
4
6
8
997
0
2
187 ms. Memory: 872448K Free: 408358K (47%)
----------------- Invoking toplevel() on ptolemy.moml.MoMLSimpleApplication@1d98a40f
----------------- Done invoking toplevel() on ptolemy.moml.MoMLSimpleApplication@1d98a40f
reloadAllAccessors: .modalChangingParams

===========================================================================================
----------------- testing Fri Oct 12 02:33:56 UTC 2018 /home/travis/build/icyphy/ptII/ptolemy/domains/modal/test/auto/modalModel.xml
----------------- Instantiating /home/travis/build/icyphy/ptII/ptolemy/domains/modal/test/auto/modalModel.xml
4 ms. Memory: 872448K Free: 390848K (45%)
----------------- Invoking toplevel() on ptolemy.moml.MoMLSimpleApplication@d4dd95c
----------------- Done invoking toplevel() on ptolemy.moml.MoMLSimpleApplication@d4dd95c
reloadAllAccessors: .modalModel

===========================================================================================
----------------- testing Fri Oct 12 02:33:56 UTC 2018 /home/travis/build/icyphy/ptII/ptolemy/domains/modal/test/auto/modalModel2.xml
----------------- Instantiating /home/travis/build/icyphy/ptII/ptolemy/domains/modal/test/auto/modalModel2.xml
6 ms. Memory: 872448K Free: 375196K (43%)
----------------- Invoking toplevel() on ptolemy.moml.MoMLSimpleApplication@15778f57
----------------- Done invoking toplevel() on ptolemy.moml.MoMLSimpleApplication@15778f57
reloadAllAccessors: .modalModel2

===========================================================================================
----------------- testing Fri Oct 12 02:33:56 UTC 2018 /home/travis/build/icyphy/ptII/ptolemy/domains/modal/test/auto/modalModel3.xml
----------------- Instantiating /home/travis/build/icyphy/ptII/ptolemy/domains/modal/test/auto/modalModel3.xml
0	0	0
3	2	1
6	4	2
9	6	3
4	0	4
7	2	5
10	4	6
13	6	7
8	0	8
11	2	9
14	4	10
17	6	11
12	0	12
15	2	13
18	4	14
12 ms. Memory: 872448K Free: 352482K (40%)
----------------- Invoking toplevel() on ptolemy.moml.MoMLSimpleApplication@39425f85
----------------- Done invoking toplevel() on ptolemy.moml.MoMLSimpleApplication@39425f85
reloadAllAccessors: .modalModel3

===========================================================================================
----------------- testing Fri Oct 12 02:33:56 UTC 2018 /home/travis/build/icyphy/ptII/ptolemy/domains/modal/test/auto/model1.xml
----------------- Instantiating /home/travis/build/icyphy/ptII/ptolemy/domains/modal/test/auto/model1.xml
11 ms. Memory: 872448K Free: 342057K (39%)
----------------- Invoking toplevel() on ptolemy.moml.MoMLSimpleApplication@2000f34e
----------------- Done invoking toplevel() on ptolemy.moml.MoMLSimpleApplication@2000f34e
reloadAllAccessors: .model1

===========================================================================================
----------------- testing Fri Oct 12 02:33:56 UTC 2018 /home/travis/build/icyphy/ptII/ptolemy/domains/modal/test/auto/test-direct-in-out.xml
----------------- Instantiating /home/travis/build/icyphy/ptII/ptolemy/domains/modal/test/auto/test-direct-in-out.xml
4 ms. Memory: 872448K Free: 324548K (37%)
----------------- Invoking toplevel() on ptolemy.moml.MoMLSimpleApplication@cf39863
----------------- Done invoking toplevel() on ptolemy.moml.MoMLSimpleApplication@cf39863
reloadAllAccessors: .test-direct-in-out
AutoTests.java: About to close Vertx.
AutoTests.java: Vertx closed.
]]></system-out>
  <system-err><![CDATA[java.lang.RuntimeException: Execution failed
	at ptolemy.moml.MoMLSimpleApplication$UnloadThread.run(MoMLSimpleApplication.java:402)
Caused by: ptolemy.kernel.util.IllegalActionException: Unknown inputs remain. Possible causality loop:
L_model_1893289564i

  in .CannotAnalysisWithPreemption.model_1893289564_region_1 and .CannotAnalysisWithPreemption.model_1893289564_region_1.L_model_1893289564i
	at ptolemy.actor.sched.FixedPointDirector.postfire(FixedPointDirector.java:515)
	at ptolemy.domains.sr.kernel.SRDirector.postfire(SRDirector.java:417)
	at ptolemy.actor.CompositeActor.postfire(CompositeActor.java:1668)
	at ptolemy.actor.Manager.iterate(Manager.java:852)
	at ptolemy.actor.Manager.execute(Manager.java:369)
	at ptolemy.actor.Manager.run(Manager.java:1263)
	at ptolemy.actor.Manager$PtolemyRunThread.run(Manager.java:1915)
java.lang.reflect.InvocationTargetException
	at sun.reflect.NativeConstructorAccessorImpl.newInstance0(Native Method)
	at sun.reflect.NativeConstructorAccessorImpl.newInstance(NativeConstructorAccessorImpl.java:62)
	at sun.reflect.DelegatingConstructorAccessorImpl.newInstance(DelegatingConstructorAccessorImpl.java:45)
	at java.lang.reflect.Constructor.newInstance(Constructor.java:423)
	at ptolemy.util.test.junit.AutoKnownFailedTests.RunModel(AutoKnownFailedTests.java:107)
	at sun.reflect.NativeMethodAccessorImpl.invoke0(Native Method)
	at sun.reflect.NativeMethodAccessorImpl.invoke(NativeMethodAccessorImpl.java:62)
	at sun.reflect.DelegatingMethodAccessorImpl.invoke(DelegatingMethodAccessorImpl.java:43)
	at java.lang.reflect.Method.invoke(Method.java:498)
	at org.junit.runners.model.FrameworkMethod$1.runReflectiveCall(FrameworkMethod.java:44)
	at org.junit.internal.runners.model.ReflectiveCallable.run(ReflectiveCallable.java:15)
	at org.junit.runners.model.FrameworkMethod.invokeExplosively(FrameworkMethod.java:41)
	at junitparams.internal.InvokeParameterisedMethod.evaluate(InvokeParameterisedMethod.java:102)
	at org.junit.internal.runners.statements.FailOnTimeout$1.run(FailOnTimeout.java:28)
Caused by: ptolemy.kernel.util.IllegalActionException: Unknown inputs remain. Possible causality loop:
L_model_1893289564i

  in .CannotAnalysisWithPreemption.model_1893289564_region_1 and .CannotAnalysisWithPreemption.model_1893289564_region_1.L_model_1893289564i
	at ptolemy.actor.sched.FixedPointDirector.postfire(FixedPointDirector.java:515)
	at ptolemy.domains.sr.kernel.SRDirector.postfire(SRDirector.java:417)
	at ptolemy.actor.CompositeActor.postfire(CompositeActor.java:1668)
	at ptolemy.actor.Manager.iterate(Manager.java:852)
	at ptolemy.actor.Manager.execute(Manager.java:369)
	at ptolemy.actor.Manager.run(Manager.java:1263)
	at ptolemy.actor.Manager$PtolemyRunThread.run(Manager.java:1915)
]]></system-err>
</testsuite>
