<?xml version="1.0" encoding="UTF-8" ?>
<testsuite errors="0" failures="0" hostname="travis-job-eac7788b-698c-4f91-ae3c-a17db47ab813" name="ptolemy.domains.sdf.test.junit.JUnitTclTest" skipped="0" tests="66" time="20.952" timestamp="2019-12-08T06:42:10">
  <properties>
[...]
</properties>
  <testcase classname="ptolemy.util.test.junit.TclTests" name="[0] /home/travis/build/icyphy/ptII/ptolemy/domains/sdf/test/SDFSchedulerErrors.tcl (RunTclFile)" time="0.835" />
  <testcase classname="ptolemy.util.test.junit.TclTests" name="[1] /home/travis/build/icyphy/ptII/ptolemy/domains/sdf/test/composition.tcl (RunTclFile)" time="0.21" />
  <testcase classname="ptolemy.util.test.junit.TclTests" name="[2] /home/travis/build/icyphy/ptII/ptolemy/domains/sdf/test/cycle.tcl (RunTclFile)" time="0.102" />
  <testcase classname="ptolemy.util.test.junit.AutoKnownFailedTests" name="[0] ThereAreNoKnowFailedTests (RunModel)" time="0.007" />
  <testcase classname="ptolemy.util.test.junit.AutoNameArchTests" name="[0] ThereAreNoAutoArchTests (RunModel)" time="0.011" />
  <testcase classname="ptolemy.util.test.junit.AutoTests" name="[0] /home/travis/build/icyphy/ptII/ptolemy/domains/sdf/test/auto/Array.xml (RunModel)" time="0.314" />
  <testcase classname="ptolemy.util.test.junit.AutoTests" name="[1] /home/travis/build/icyphy/ptII/ptolemy/domains/sdf/test/auto/Butterfly.xml (RunModel)" time="0.19" />
  <testcase classname="ptolemy.util.test.junit.AutoTests" name="[2] /home/travis/build/icyphy/ptII/ptolemy/domains/sdf/test/auto/Expression.xml (RunModel)" time="0.137" />
  <testcase classname="ptolemy.util.test.junit.AutoTests" name="[3] /home/travis/build/icyphy/ptII/ptolemy/domains/sdf/test/auto/Eye.xml (RunModel)" time="0.294" />
  <testcase classname="ptolemy.util.test.junit.AutoTests" name="[4] /home/travis/build/icyphy/ptII/ptolemy/domains/sdf/test/auto/FixFIR.xml (RunModel)" time="0.485" />
  <testcase classname="ptolemy.util.test.junit.AutoTests" name="[5] /home/travis/build/icyphy/ptII/ptolemy/domains/sdf/test/auto/FixPoint.xml (RunModel)" time="0.047" />
  <testcase classname="ptolemy.util.test.junit.AutoTests" name="[6] /home/travis/build/icyphy/ptII/ptolemy/domains/sdf/test/auto/Gravitation.xml (RunModel)" time="3.34" />
  <testcase classname="ptolemy.util.test.junit.AutoTests" name="[7] /home/travis/build/icyphy/ptII/ptolemy/domains/sdf/test/auto/GravitationWithCollisionDetection.xml (RunModel)" time="6.421" />
  <testcase classname="ptolemy.util.test.junit.AutoTests" name="[8] /home/travis/build/icyphy/ptII/ptolemy/domains/sdf/test/auto/HDF.xml (RunModel)" time="0.133" />
  <testcase classname="ptolemy.util.test.junit.AutoTests" name="[9] /home/travis/build/icyphy/ptII/ptolemy/domains/sdf/test/auto/HDFwithTransientStates.xml (RunModel)" time="0.12" />
  <testcase classname="ptolemy.util.test.junit.AutoTests" name="[10] /home/travis/build/icyphy/ptII/ptolemy/domains/sdf/test/auto/HTVQ.xml (RunModel)" time="0.917" />
  <testcase classname="ptolemy.util.test.junit.AutoTests" name="[11] /home/travis/build/icyphy/ptII/ptolemy/domains/sdf/test/auto/InferInitProduction.xml (RunModel)" time="0.028" />
  <testcase classname="ptolemy.util.test.junit.AutoTests" name="[12] /home/travis/build/icyphy/ptII/ptolemy/domains/sdf/test/auto/InferInitProductionDeeper.xml (RunModel)" time="0.02" />
  <testcase classname="ptolemy.util.test.junit.AutoTests" name="[13] /home/travis/build/icyphy/ptII/ptolemy/domains/sdf/test/auto/LMSAdaptive.xml (RunModel)" time="0.078" />
  <testcase classname="ptolemy.util.test.junit.AutoTests" name="[14] /home/travis/build/icyphy/ptII/ptolemy/domains/sdf/test/auto/LogisticMap.xml (RunModel)" time="0.467" />
  <testcase classname="ptolemy.util.test.junit.AutoTests" name="[15] /home/travis/build/icyphy/ptII/ptolemy/domains/sdf/test/auto/MaximumEntropySpectrum.xml (RunModel)" time="0.249" />
  <testcase classname="ptolemy.util.test.junit.AutoTests" name="[16] /home/travis/build/icyphy/ptII/ptolemy/domains/sdf/test/auto/MultirateSDF.xml (RunModel)" time="0.072" />
  <testcase classname="ptolemy.util.test.junit.AutoTests" name="[17] /home/travis/build/icyphy/ptII/ptolemy/domains/sdf/test/auto/MultirateSDFwithTransientStates.xml (RunModel)" time="0.074" />
  <testcase classname="ptolemy.util.test.junit.AutoTests" name="[18] /home/travis/build/icyphy/ptII/ptolemy/domains/sdf/test/auto/NoisySinewave.xml (RunModel)" time="0.065" />
  <testcase classname="ptolemy.util.test.junit.AutoTests" name="[19] /home/travis/build/icyphy/ptII/ptolemy/domains/sdf/test/auto/Objects.xml (RunModel)" time="0.074" />
  <testcase classname="ptolemy.util.test.junit.AutoTests" name="[20] /home/travis/build/icyphy/ptII/ptolemy/domains/sdf/test/auto/OrthogonalCom.xml (RunModel)" time="0.043" />
  <testcase classname="ptolemy.util.test.junit.AutoTests" name="[21] /home/travis/build/icyphy/ptII/ptolemy/domains/sdf/test/auto/RijndaelEncryption.xml (RunModel)" time="0.589" />
  <testcase classname="ptolemy.util.test.junit.AutoTests" name="[22] /home/travis/build/icyphy/ptII/ptolemy/domains/sdf/test/auto/SDFEmptyIterations.xml (RunModel)" time="0.016" />
  <testcase classname="ptolemy.util.test.junit.AutoTests" name="[23] /home/travis/build/icyphy/ptII/ptolemy/domains/sdf/test/auto/Spectrum.xml (RunModel)" time="0.103" />
  <testcase classname="ptolemy.util.test.junit.AutoTests" name="[24] /home/travis/build/icyphy/ptII/ptolemy/domains/sdf/test/auto/de_inside_sdf.xml (RunModel)" time="0.03" />
  <testcase classname="ptolemy.util.test.junit.AutoTests" name="[25] /home/travis/build/icyphy/ptII/ptolemy/domains/sdf/test/auto/disconnectedHierarchicalSDF.xml (RunModel)" time="0.027" />
  <testcase classname="ptolemy.util.test.junit.AutoTests" name="[26] /home/travis/build/icyphy/ptII/ptolemy/domains/sdf/test/auto/disconnectedSDF.xml (RunModel)" time="0.023" />
  <testcase classname="ptolemy.util.test.junit.AutoTests" name="[27] /home/travis/build/icyphy/ptII/ptolemy/domains/sdf/test/auto/emptyRefinement.xml (RunModel)" time="0.018" />
  <testcase classname="ptolemy.util.test.junit.AutoTests" name="[28] /home/travis/build/icyphy/ptII/ptolemy/domains/sdf/test/auto/filePortParameter.xml (RunModel)" time="0.044" />
  <testcase classname="ptolemy.util.test.junit.AutoTests" name="[29] /home/travis/build/icyphy/ptII/ptolemy/domains/sdf/test/auto/inferRelationWidth1.xml (RunModel)" time="0.02" />
  <testcase classname="ptolemy.util.test.junit.AutoTests" name="[30] /home/travis/build/icyphy/ptII/ptolemy/domains/sdf/test/auto/initProductionInference.xml (RunModel)" time="0.024" />
  <testcase classname="ptolemy.util.test.junit.AutoTests" name="[31] /home/travis/build/icyphy/ptII/ptolemy/domains/sdf/test/auto/relationGroup.xml (RunModel)" time="0.024" />
  <testcase classname="ptolemy.util.test.junit.AutoTests" name="[32] /home/travis/build/icyphy/ptII/ptolemy/domains/sdf/test/auto/relationGroup10.xml (RunModel)" time="0.026" />
  <testcase classname="ptolemy.util.test.junit.AutoTests" name="[33] /home/travis/build/icyphy/ptII/ptolemy/domains/sdf/test/auto/relationGroup11.xml (RunModel)" time="0.014" />
  <testcase classname="ptolemy.util.test.junit.AutoTests" name="[34] /home/travis/build/icyphy/ptII/ptolemy/domains/sdf/test/auto/relationGroup12.xml (RunModel)" time="0.013" />
  <testcase classname="ptolemy.util.test.junit.AutoTests" name="[35] /home/travis/build/icyphy/ptII/ptolemy/domains/sdf/test/auto/relationGroup13.xml (RunModel)" time="0.018" />
  <testcase classname="ptolemy.util.test.junit.AutoTests" name="[36] /home/travis/build/icyphy/ptII/ptolemy/domains/sdf/test/auto/relationGroup14.xml (RunModel)" time="0.016" />
  <testcase classname="ptolemy.util.test.junit.AutoTests" name="[37] /home/travis/build/icyphy/ptII/ptolemy/domains/sdf/test/auto/relationGroup15.xml (RunModel)" time="0.01" />
  <testcase classname="ptolemy.util.test.junit.AutoTests" name="[38] /home/travis/build/icyphy/ptII/ptolemy/domains/sdf/test/auto/relationGroup2.xml (RunModel)" time="0.007" />
  <testcase classname="ptolemy.util.test.junit.AutoTests" name="[39] /home/travis/build/icyphy/ptII/ptolemy/domains/sdf/test/auto/relationGroup3.xml (RunModel)" time="0.009" />
  <testcase classname="ptolemy.util.test.junit.AutoTests" name="[40] /home/travis/build/icyphy/ptII/ptolemy/domains/sdf/test/auto/relationGroup4.xml (RunModel)" time="0.015" />
  <testcase classname="ptolemy.util.test.junit.AutoTests" name="[41] /home/travis/build/icyphy/ptII/ptolemy/domains/sdf/test/auto/relationGroup5.xml (RunModel)" time="0.013" />
  <testcase classname="ptolemy.util.test.junit.AutoTests" name="[42] /home/travis/build/icyphy/ptII/ptolemy/domains/sdf/test/auto/relationGroup6.xml (RunModel)" time="0.016" />
  <testcase classname="ptolemy.util.test.junit.AutoTests" name="[43] /home/travis/build/icyphy/ptII/ptolemy/domains/sdf/test/auto/relationGroup7.xml (RunModel)" time="0.008" />
  <testcase classname="ptolemy.util.test.junit.AutoTests" name="[44] /home/travis/build/icyphy/ptII/ptolemy/domains/sdf/test/auto/relationGroup8.xml (RunModel)" time="0.014" />
  <testcase classname="ptolemy.util.test.junit.AutoTests" name="[45] /home/travis/build/icyphy/ptII/ptolemy/domains/sdf/test/auto/relationGroup9.xml (RunModel)" time="0.014" />
  <testcase classname="ptolemy.util.test.junit.AutoTests" name="[46] /home/travis/build/icyphy/ptII/ptolemy/domains/sdf/test/auto/sdf_inside_de.xml (RunModel)" time="0.036" />
  <testcase classname="ptolemy.util.test.junit.AutoTests" name="[47] /home/travis/build/icyphy/ptII/ptolemy/domains/sdf/test/auto/sdf_inside_pn.xml (RunModel)" time="0.063" />
  <testcase classname="ptolemy.util.test.junit.AutoTests" name="[48] /home/travis/build/icyphy/ptII/ptolemy/domains/sdf/test/auto/sdf_sdf1.xml (RunModel)" time="0.017" />
  <testcase classname="ptolemy.util.test.junit.AutoTests" name="[49] /home/travis/build/icyphy/ptII/ptolemy/domains/sdf/test/auto/test1.xml (RunModel)" time="0.016" />
  <testcase classname="ptolemy.util.test.junit.AutoTests" name="[50] /home/travis/build/icyphy/ptII/ptolemy/domains/sdf/test/auto/time1.xml (RunModel)" time="0.027" />
  <testcase classname="ptolemy.util.test.junit.AutoTests" name="[51] /home/travis/build/icyphy/ptII/ptolemy/domains/sdf/test/auto/time2.xml (RunModel)" time="0.009" />
  <testcase classname="ptolemy.util.test.junit.AutoTests" name="[52] /home/travis/build/icyphy/ptII/ptolemy/domains/sdf/test/auto/time3.xml (RunModel)" time="0.023" />
  <testcase classname="ptolemy.util.test.junit.AutoTests" name="[53] /home/travis/build/icyphy/ptII/ptolemy/domains/sdf/test/auto/time4.xml (RunModel)" time="0.017" />
  <testcase classname="ptolemy.util.test.junit.AutoTests" name="[54] /home/travis/build/icyphy/ptII/ptolemy/domains/sdf/test/auto/time5.xml (RunModel)" time="4.009" />
  <testcase classname="ptolemy.util.test.junit.AutoTests" name="[55] /home/travis/build/icyphy/ptII/ptolemy/domains/sdf/test/auto/typeSystem_Const_Integer_smallest_Type.xml (RunModel)" time="0.028" />
  <testcase classname="ptolemy.util.test.junit.AutoTests" name="[56] /home/travis/build/icyphy/ptII/ptolemy/domains/sdf/test/auto/typeSystem_declared_Inports_OutportTypeException.xml (RunModel)" time="0.02" />
  <testcase classname="ptolemy.util.test.junit.AutoTests" name="[57] /home/travis/build/icyphy/ptII/ptolemy/domains/sdf/test/auto/typeSystem_oneDeclaredInportType_wrongTypeOutport.xml (RunModel)" time="0.016" />
  <testcase classname="ptolemy.util.test.junit.AutoTests" name="[58] /home/travis/build/icyphy/ptII/ptolemy/domains/sdf/test/auto/width.xml (RunModel)" time="0.02" />
  <testcase classname="ptolemy.util.test.junit.AutoTests" name="[59] /home/travis/build/icyphy/ptII/ptolemy/domains/sdf/test/auto/width2.xml (RunModel)" time="0.036" />
  <testcase classname="ptolemy.util.test.junit.AutoTests" name="[60] /home/travis/build/icyphy/ptII/ptolemy/domains/sdf/test/auto/width3.xml (RunModel)" time="0.039" />
  <system-out><![CDATA[/home/travis/build/icyphy/ptII/ptolemy/domains/sdf/test/SDFSchedulerErrors.tcl
testDefs.tcl: setting time out to 9000 seconds at Sun Dec 08 06:42:10 UTC 2019
103 ms. Memory: 120832K Free: 82374K (68%)
14 ms. Memory: 120832K Free: 74696K (62%)
9 ms. Memory: 120832K Free: 68023K (56%)
5 ms. Memory: 120832K Free: 64966K (54%)
/home/travis/build/icyphy/ptII/ptolemy/domains/sdf/test/composition.tcl
27 ms. Memory: 120832K Free: 61384K (51%)
22 ms. Memory: 120832K Free: 59336K (49%)
/home/travis/build/icyphy/ptII/ptolemy/domains/sdf/test/cycle.tcl
.Toplevel.Director Preinitializing ...
Invoking preinitialize():  .Toplevel.Actor1
Invoking preinitialize():  .Toplevel.Actor2
Invoking preinitialize():  .Toplevel.Delay
.Toplevel.Director Finished preinitialize().
### Schedule:
Execute Schedule{
Fire Actor ptolemy.domains.sdf.kernel.test.SDFTestDelay {.Toplevel.Actor1}
Fire Actor ptolemy.domains.sdf.kernel.test.SDFTestDelay {.Toplevel.Actor2}
Fire Actor ptolemy.domains.sdf.lib.SampleDelay {.Toplevel.Delay}
}
### End schedule
Called initialize().
Invoking initialize():  .Toplevel.Actor1
Initializing actor: .Toplevel.Actor1.
Invoking initialize():  .Toplevel.Actor2
Initializing actor: .Toplevel.Actor2.
Invoking initialize():  .Toplevel.Delay
Initializing actor: .Toplevel.Delay.
Director: Called prefire().
-- Setting current time to 0.0
Director prefire returns true.
The actor .Toplevel.Actor1 will be iterated.
The actor .Toplevel.Actor1 was iterated.
The actor .Toplevel.Actor2 will be iterated.
The actor .Toplevel.Actor2 was iterated.
The actor .Toplevel.Delay will be iterated.
The actor .Toplevel.Delay was iterated.
Director: Called postfire().
Postfire returns: true
Director: Called prefire().
-- Setting current time to 0.0
Director prefire returns true.
The actor .Toplevel.Actor1 will be iterated.
The actor .Toplevel.Actor1 was iterated.
The actor .Toplevel.Actor2 will be iterated.
The actor .Toplevel.Actor2 was iterated.
The actor .Toplevel.Delay will be iterated.
The actor .Toplevel.Delay was iterated.
Director: Called postfire().
Postfire returns: true
Director: Called prefire().
-- Setting current time to 0.0
Director prefire returns true.
The actor .Toplevel.Actor1 will be iterated.
The actor .Toplevel.Actor1 was iterated.
The actor .Toplevel.Actor2 will be iterated.
The actor .Toplevel.Actor2 was iterated.
The actor .Toplevel.Delay will be iterated.
The actor .Toplevel.Delay was iterated.
Director: Called postfire().
Postfire returns: true
Director: Called prefire().
-- Setting current time to 0.0
Director prefire returns true.
The actor .Toplevel.Actor1 will be iterated.
The actor .Toplevel.Actor1 was iterated.
The actor .Toplevel.Actor2 will be iterated.
The actor .Toplevel.Actor2 was iterated.
The actor .Toplevel.Delay will be iterated.
The actor .Toplevel.Delay was iterated.
Director: Called postfire().
Postfire returns: true
Director: Called prefire().
-- Setting current time to 0.0
Director prefire returns true.
The actor .Toplevel.Actor1 will be iterated.
The actor .Toplevel.Actor1 was iterated.
The actor .Toplevel.Actor2 will be iterated.
The actor .Toplevel.Actor2 was iterated.
The actor .Toplevel.Delay will be iterated.
The actor .Toplevel.Delay was iterated.
Director: Called postfire().
Postfire returns: true
Director: Called prefire().
-- Setting current time to 0.0
Director prefire returns true.
The actor .Toplevel.Actor1 will be iterated.
The actor .Toplevel.Actor1 was iterated.
The actor .Toplevel.Actor2 will be iterated.
The actor .Toplevel.Actor2 was iterated.
The actor .Toplevel.Delay will be iterated.
The actor .Toplevel.Delay was iterated.
Reached specified number of iterations: 6
Director: Called wrapup().
50 ms. Memory: 120832K Free: 56264K (47%)
12/08/19 06:42:11
Failed: 0  Total Tests: 8  ((Passed: 8, Newly Passed: 0)  Known Failed: 0) /home/travis/build/icyphy/ptII/ptolemy/domains/sdf/test
No auto/knownFailedTests/*.xml tests in /home/travis/build/icyphy/ptII/ptolemy/domains/sdf/test
No auto/linux-amd64/*.xml tests in /home/travis/build/icyphy/ptII/ptolemy/domains/sdf/test
AutoTests.java: About to close Vertx.
AutoTests.java: Vertx closed.

===========================================================================================
----------------- testing Sun Dec 08 06:42:11 UTC 2019 /home/travis/build/icyphy/ptII/ptolemy/domains/sdf/test/auto/Array.xml
----------------- Instantiating /home/travis/build/icyphy/ptII/ptolemy/domains/sdf/test/auto/Array.xml
46 ms. Memory: 120832K Free: 93573K (77%)
----------------- Invoking toplevel() on ptolemy.moml.MoMLSimpleApplication@3edd3b28
----------------- Done invoking toplevel() on ptolemy.moml.MoMLSimpleApplication@3edd3b28
reloadAllAccessors: .Array

===========================================================================================
----------------- testing Sun Dec 08 06:42:12 UTC 2019 /home/travis/build/icyphy/ptII/ptolemy/domains/sdf/test/auto/Butterfly.xml
----------------- Instantiating /home/travis/build/icyphy/ptII/ptolemy/domains/sdf/test/auto/Butterfly.xml
120 ms. Memory: 120832K Free: 106605K (88%)
----------------- Invoking toplevel() on ptolemy.moml.MoMLSimpleApplication@50e3287d
----------------- Done invoking toplevel() on ptolemy.moml.MoMLSimpleApplication@50e3287d
reloadAllAccessors: .Butterfly

===========================================================================================
----------------- testing Sun Dec 08 06:42:12 UTC 2019 /home/travis/build/icyphy/ptII/ptolemy/domains/sdf/test/auto/Expression.xml
----------------- Instantiating /home/travis/build/icyphy/ptII/ptolemy/domains/sdf/test/auto/Expression.xml
69 ms. Memory: 120832K Free: 101671K (84%)
----------------- Invoking toplevel() on ptolemy.moml.MoMLSimpleApplication@7e923f96
----------------- Done invoking toplevel() on ptolemy.moml.MoMLSimpleApplication@7e923f96
reloadAllAccessors: .Expression

===========================================================================================
----------------- testing Sun Dec 08 06:42:12 UTC 2019 /home/travis/build/icyphy/ptII/ptolemy/domains/sdf/test/auto/Eye.xml
----------------- Instantiating /home/travis/build/icyphy/ptII/ptolemy/domains/sdf/test/auto/Eye.xml
207 ms. Memory: 120832K Free: 77505K (64%)
----------------- Invoking toplevel() on ptolemy.moml.MoMLSimpleApplication@488dbb78
----------------- Done invoking toplevel() on ptolemy.moml.MoMLSimpleApplication@488dbb78
reloadAllAccessors: .Eye

===========================================================================================
----------------- testing Sun Dec 08 06:42:12 UTC 2019 /home/travis/build/icyphy/ptII/ptolemy/domains/sdf/test/auto/FixFIR.xml
----------------- Instantiating /home/travis/build/icyphy/ptII/ptolemy/domains/sdf/test/auto/FixFIR.xml
227 ms. Memory: 145408K Free: 100464K (69%)
----------------- Invoking toplevel() on ptolemy.moml.MoMLSimpleApplication@36b5b7ca
----------------- Done invoking toplevel() on ptolemy.moml.MoMLSimpleApplication@36b5b7ca
reloadAllAccessors: .FixFIR

===========================================================================================
----------------- testing Sun Dec 08 06:42:13 UTC 2019 /home/travis/build/icyphy/ptII/ptolemy/domains/sdf/test/auto/FixPoint.xml
----------------- Instantiating /home/travis/build/icyphy/ptII/ptolemy/domains/sdf/test/auto/FixPoint.xml
15 ms. Memory: 145408K Free: 96530K (66%)
----------------- Invoking toplevel() on ptolemy.moml.MoMLSimpleApplication@2ea87383
----------------- Done invoking toplevel() on ptolemy.moml.MoMLSimpleApplication@2ea87383
reloadAllAccessors: .FixPoint

===========================================================================================
----------------- testing Sun Dec 08 06:42:13 UTC 2019 /home/travis/build/icyphy/ptII/ptolemy/domains/sdf/test/auto/Gravitation.xml
----------------- Instantiating /home/travis/build/icyphy/ptII/ptolemy/domains/sdf/test/auto/Gravitation.xml
3203 ms. Memory: 145408K Free: 86990K (60%)
----------------- Invoking toplevel() on ptolemy.moml.MoMLSimpleApplication@7ac5786a
----------------- Done invoking toplevel() on ptolemy.moml.MoMLSimpleApplication@7ac5786a
reloadAllAccessors: .Gravitation

===========================================================================================
----------------- testing Sun Dec 08 06:42:16 UTC 2019 /home/travis/build/icyphy/ptII/ptolemy/domains/sdf/test/auto/GravitationWithCollisionDetection.xml
----------------- Instantiating /home/travis/build/icyphy/ptII/ptolemy/domains/sdf/test/auto/GravitationWithCollisionDetection.xml
6210 ms. Memory: 369664K Free: 344091K (93%)
----------------- Invoking toplevel() on ptolemy.moml.MoMLSimpleApplication@2eb415b
----------------- Done invoking toplevel() on ptolemy.moml.MoMLSimpleApplication@2eb415b
reloadAllAccessors: .GravitationWithCollisionDetection

===========================================================================================
----------------- testing Sun Dec 08 06:42:23 UTC 2019 /home/travis/build/icyphy/ptII/ptolemy/domains/sdf/test/auto/HDF.xml
----------------- Instantiating /home/travis/build/icyphy/ptII/ptolemy/domains/sdf/test/auto/HDF.xml
40 ms. Memory: 369664K Free: 328221K (89%)
----------------- Invoking toplevel() on ptolemy.moml.MoMLSimpleApplication@12abb496
----------------- Done invoking toplevel() on ptolemy.moml.MoMLSimpleApplication@12abb496
reloadAllAccessors: .HDF

===========================================================================================
----------------- testing Sun Dec 08 06:42:23 UTC 2019 /home/travis/build/icyphy/ptII/ptolemy/domains/sdf/test/auto/HDFwithTransientStates.xml
----------------- Instantiating /home/travis/build/icyphy/ptII/ptolemy/domains/sdf/test/auto/HDFwithTransientStates.xml
25 ms. Memory: 369664K Free: 309275K (84%)
----------------- Invoking toplevel() on ptolemy.moml.MoMLSimpleApplication@76f044e8
----------------- Done invoking toplevel() on ptolemy.moml.MoMLSimpleApplication@76f044e8
reloadAllAccessors: .HDFwithTransientStates

===========================================================================================
----------------- testing Sun Dec 08 06:42:23 UTC 2019 /home/travis/build/icyphy/ptII/ptolemy/domains/sdf/test/auto/HTVQ.xml
----------------- Instantiating /home/travis/build/icyphy/ptII/ptolemy/domains/sdf/test/auto/HTVQ.xml
865 ms. Memory: 369664K Free: 148408K (40%)
----------------- Invoking toplevel() on ptolemy.moml.MoMLSimpleApplication@426765e5
----------------- Done invoking toplevel() on ptolemy.moml.MoMLSimpleApplication@426765e5
reloadAllAccessors: .HTVQ

===========================================================================================
----------------- testing Sun Dec 08 06:42:24 UTC 2019 /home/travis/build/icyphy/ptII/ptolemy/domains/sdf/test/auto/InferInitProduction.xml
----------------- Instantiating /home/travis/build/icyphy/ptII/ptolemy/domains/sdf/test/auto/InferInitProduction.xml
7 ms. Memory: 369664K Free: 143373K (39%)
----------------- Invoking toplevel() on ptolemy.moml.MoMLSimpleApplication@7d4f44cc
----------------- Done invoking toplevel() on ptolemy.moml.MoMLSimpleApplication@7d4f44cc
reloadAllAccessors: .InferInitProduction

===========================================================================================
----------------- testing Sun Dec 08 06:42:24 UTC 2019 /home/travis/build/icyphy/ptII/ptolemy/domains/sdf/test/auto/InferInitProductionDeeper.xml
----------------- Instantiating /home/travis/build/icyphy/ptII/ptolemy/domains/sdf/test/auto/InferInitProductionDeeper.xml
3 ms. Memory: 369664K Free: 137757K (37%)
----------------- Invoking toplevel() on ptolemy.moml.MoMLSimpleApplication@300104b5
----------------- Done invoking toplevel() on ptolemy.moml.MoMLSimpleApplication@300104b5
reloadAllAccessors: .InferInitProductionDeeper

===========================================================================================
----------------- testing Sun Dec 08 06:42:24 UTC 2019 /home/travis/build/icyphy/ptII/ptolemy/domains/sdf/test/auto/LMSAdaptive.xml
----------------- Instantiating /home/travis/build/icyphy/ptII/ptolemy/domains/sdf/test/auto/LMSAdaptive.xml
10 ms. Memory: 369664K Free: 345412K (93%)
----------------- Invoking toplevel() on ptolemy.moml.MoMLSimpleApplication@43872e73
----------------- Done invoking toplevel() on ptolemy.moml.MoMLSimpleApplication@43872e73
reloadAllAccessors: .LMSAdaptive

===========================================================================================
----------------- testing Sun Dec 08 06:42:24 UTC 2019 /home/travis/build/icyphy/ptII/ptolemy/domains/sdf/test/auto/LogisticMap.xml
----------------- Instantiating /home/travis/build/icyphy/ptII/ptolemy/domains/sdf/test/auto/LogisticMap.xml
434 ms. Memory: 369664K Free: 339268K (92%)
----------------- Invoking toplevel() on ptolemy.moml.MoMLSimpleApplication@4cee29f9
----------------- Done invoking toplevel() on ptolemy.moml.MoMLSimpleApplication@4cee29f9
reloadAllAccessors: .LogisticMap

===========================================================================================
----------------- testing Sun Dec 08 06:42:24 UTC 2019 /home/travis/build/icyphy/ptII/ptolemy/domains/sdf/test/auto/MaximumEntropySpectrum.xml
----------------- Instantiating /home/travis/build/icyphy/ptII/ptolemy/domains/sdf/test/auto/MaximumEntropySpectrum.xml
50 ms. Memory: 369664K Free: 278342K (75%)
----------------- Invoking toplevel() on ptolemy.moml.MoMLSimpleApplication@73ccb5a7
----------------- Done invoking toplevel() on ptolemy.moml.MoMLSimpleApplication@73ccb5a7
reloadAllAccessors: .MaximumEntropySpectrum

===========================================================================================
----------------- testing Sun Dec 08 06:42:25 UTC 2019 /home/travis/build/icyphy/ptII/ptolemy/domains/sdf/test/auto/MultirateSDF.xml
----------------- Instantiating /home/travis/build/icyphy/ptII/ptolemy/domains/sdf/test/auto/MultirateSDF.xml
25 ms. Memory: 369664K Free: 263486K (71%)
----------------- Invoking toplevel() on ptolemy.moml.MoMLSimpleApplication@f468a80
----------------- Done invoking toplevel() on ptolemy.moml.MoMLSimpleApplication@f468a80
reloadAllAccessors: .MultirateSDF

===========================================================================================
----------------- testing Sun Dec 08 06:42:25 UTC 2019 /home/travis/build/icyphy/ptII/ptolemy/domains/sdf/test/auto/MultirateSDFwithTransientStates.xml
----------------- Instantiating /home/travis/build/icyphy/ptII/ptolemy/domains/sdf/test/auto/MultirateSDFwithTransientStates.xml
16 ms. Memory: 369664K Free: 245030K (66%)
----------------- Invoking toplevel() on ptolemy.moml.MoMLSimpleApplication@569e9c9
----------------- Done invoking toplevel() on ptolemy.moml.MoMLSimpleApplication@569e9c9
reloadAllAccessors: .MultirateSDFwithTransientStates

===========================================================================================
----------------- testing Sun Dec 08 06:42:25 UTC 2019 /home/travis/build/icyphy/ptII/ptolemy/domains/sdf/test/auto/NoisySinewave.xml
----------------- Instantiating /home/travis/build/icyphy/ptII/ptolemy/domains/sdf/test/auto/NoisySinewave.xml
18 ms. Memory: 369664K Free: 229190K (62%)
----------------- Invoking toplevel() on ptolemy.moml.MoMLSimpleApplication@e0b08c4
----------------- Done invoking toplevel() on ptolemy.moml.MoMLSimpleApplication@e0b08c4
reloadAllAccessors: .NoisySinewave

===========================================================================================
----------------- testing Sun Dec 08 06:42:25 UTC 2019 /home/travis/build/icyphy/ptII/ptolemy/domains/sdf/test/auto/Objects.xml
----------------- Instantiating /home/travis/build/icyphy/ptII/ptolemy/domains/sdf/test/auto/Objects.xml
3 ms. Memory: 369664K Free: 220484K (60%)
----------------- Invoking toplevel() on ptolemy.moml.MoMLSimpleApplication@1116ca98
----------------- Done invoking toplevel() on ptolemy.moml.MoMLSimpleApplication@1116ca98
reloadAllAccessors: .Objects

===========================================================================================
----------------- testing Sun Dec 08 06:42:25 UTC 2019 /home/travis/build/icyphy/ptII/ptolemy/domains/sdf/test/auto/OrthogonalCom.xml
----------------- Instantiating /home/travis/build/icyphy/ptII/ptolemy/domains/sdf/test/auto/OrthogonalCom.xml
5 ms. Memory: 369664K Free: 212806K (58%)
----------------- Invoking toplevel() on ptolemy.moml.MoMLSimpleApplication@7b1ad7aa
----------------- Done invoking toplevel() on ptolemy.moml.MoMLSimpleApplication@7b1ad7aa
reloadAllAccessors: .OrthogonalCom

===========================================================================================
----------------- testing Sun Dec 08 06:42:25 UTC 2019 /home/travis/build/icyphy/ptII/ptolemy/domains/sdf/test/auto/RijndaelEncryption.xml
----------------- Instantiating /home/travis/build/icyphy/ptII/ptolemy/domains/sdf/test/auto/RijndaelEncryption.xml
289 ms. Memory: 369664K Free: 283183K (77%)
----------------- Invoking toplevel() on ptolemy.moml.MoMLSimpleApplication@725ab93e
----------------- Done invoking toplevel() on ptolemy.moml.MoMLSimpleApplication@725ab93e
reloadAllAccessors: .RijndaelEncryption

===========================================================================================
----------------- testing Sun Dec 08 06:42:25 UTC 2019 /home/travis/build/icyphy/ptII/ptolemy/domains/sdf/test/auto/SDFEmptyIterations.xml
----------------- Instantiating /home/travis/build/icyphy/ptII/ptolemy/domains/sdf/test/auto/SDFEmptyIterations.xml
5 ms. Memory: 369664K Free: 278577K (75%)
----------------- Invoking toplevel() on ptolemy.moml.MoMLSimpleApplication@38c7c555
----------------- Done invoking toplevel() on ptolemy.moml.MoMLSimpleApplication@38c7c555
reloadAllAccessors: .SDFEmptyIterations

===========================================================================================
----------------- testing Sun Dec 08 06:42:25 UTC 2019 /home/travis/build/icyphy/ptII/ptolemy/domains/sdf/test/auto/Spectrum.xml
----------------- Instantiating /home/travis/build/icyphy/ptII/ptolemy/domains/sdf/test/auto/Spectrum.xml
32 ms. Memory: 369664K Free: 254001K (69%)
----------------- Invoking toplevel() on ptolemy.moml.MoMLSimpleApplication@437a2730
----------------- Done invoking toplevel() on ptolemy.moml.MoMLSimpleApplication@437a2730
reloadAllAccessors: .Spectrum

===========================================================================================
----------------- testing Sun Dec 08 06:42:26 UTC 2019 /home/travis/build/icyphy/ptII/ptolemy/domains/sdf/test/auto/de_inside_sdf.xml
----------------- Instantiating /home/travis/build/icyphy/ptII/ptolemy/domains/sdf/test/auto/de_inside_sdf.xml
7 ms. Memory: 369664K Free: 248881K (67%)
----------------- Invoking toplevel() on ptolemy.moml.MoMLSimpleApplication@56863db4
----------------- Done invoking toplevel() on ptolemy.moml.MoMLSimpleApplication@56863db4
reloadAllAccessors: .de_inside_sdf

===========================================================================================
----------------- testing Sun Dec 08 06:42:26 UTC 2019 /home/travis/build/icyphy/ptII/ptolemy/domains/sdf/test/auto/disconnectedHierarchicalSDF.xml
----------------- Instantiating /home/travis/build/icyphy/ptII/ptolemy/domains/sdf/test/auto/disconnectedHierarchicalSDF.xml
5 ms. Memory: 369664K Free: 242737K (66%)
----------------- Invoking toplevel() on ptolemy.moml.MoMLSimpleApplication@7199843a
----------------- Done invoking toplevel() on ptolemy.moml.MoMLSimpleApplication@7199843a
reloadAllAccessors: .disconnectedHierarchicalSDF

===========================================================================================
----------------- testing Sun Dec 08 06:42:26 UTC 2019 /home/travis/build/icyphy/ptII/ptolemy/domains/sdf/test/auto/disconnectedSDF.xml
----------------- Instantiating /home/travis/build/icyphy/ptII/ptolemy/domains/sdf/test/auto/disconnectedSDF.xml
3 ms. Memory: 369664K Free: 239151K (65%)
----------------- Invoking toplevel() on ptolemy.moml.MoMLSimpleApplication@179631d1
----------------- Done invoking toplevel() on ptolemy.moml.MoMLSimpleApplication@179631d1
reloadAllAccessors: .disconnectedSDF

===========================================================================================
----------------- testing Sun Dec 08 06:42:26 UTC 2019 /home/travis/build/icyphy/ptII/ptolemy/domains/sdf/test/auto/emptyRefinement.xml
----------------- Instantiating /home/travis/build/icyphy/ptII/ptolemy/domains/sdf/test/auto/emptyRefinement.xml
4 ms. Memory: 369664K Free: 234545K (63%)
----------------- Invoking toplevel() on ptolemy.moml.MoMLSimpleApplication@31f3be17
----------------- Done invoking toplevel() on ptolemy.moml.MoMLSimpleApplication@31f3be17
reloadAllAccessors: .emptyRefinement

===========================================================================================
----------------- testing Sun Dec 08 06:42:26 UTC 2019 /home/travis/build/icyphy/ptII/ptolemy/domains/sdf/test/auto/filePortParameter.xml
----------------- Instantiating /home/travis/build/icyphy/ptII/ptolemy/domains/sdf/test/auto/filePortParameter.xml
13 ms. Memory: 369664K Free: 226863K (61%)
----------------- Invoking toplevel() on ptolemy.moml.MoMLSimpleApplication@6b9592c6
----------------- Done invoking toplevel() on ptolemy.moml.MoMLSimpleApplication@6b9592c6
reloadAllAccessors: .filePortParameter

===========================================================================================
----------------- testing Sun Dec 08 06:42:26 UTC 2019 /home/travis/build/icyphy/ptII/ptolemy/domains/sdf/test/auto/inferRelationWidth1.xml
----------------- Instantiating /home/travis/build/icyphy/ptII/ptolemy/domains/sdf/test/auto/inferRelationWidth1.xml
2 ms. Memory: 369664K Free: 223791K (61%)
----------------- Invoking toplevel() on ptolemy.moml.MoMLSimpleApplication@6596faaa
----------------- Done invoking toplevel() on ptolemy.moml.MoMLSimpleApplication@6596faaa
reloadAllAccessors: .inferRelationWidth1

===========================================================================================
----------------- testing Sun Dec 08 06:42:26 UTC 2019 /home/travis/build/icyphy/ptII/ptolemy/domains/sdf/test/auto/initProductionInference.xml
----------------- Instantiating /home/travis/build/icyphy/ptII/ptolemy/domains/sdf/test/auto/initProductionInference.xml
11 ms. Memory: 369664K Free: 219681K (59%)
----------------- Invoking toplevel() on ptolemy.moml.MoMLSimpleApplication@564802b1
----------------- Done invoking toplevel() on ptolemy.moml.MoMLSimpleApplication@564802b1
reloadAllAccessors: .initProductionInference

===========================================================================================
----------------- testing Sun Dec 08 06:42:26 UTC 2019 /home/travis/build/icyphy/ptII/ptolemy/domains/sdf/test/auto/relationGroup.xml
----------------- Instantiating /home/travis/build/icyphy/ptII/ptolemy/domains/sdf/test/auto/relationGroup.xml
2 ms. Memory: 369664K Free: 216113K (58%)
----------------- Invoking toplevel() on ptolemy.moml.MoMLSimpleApplication@4247a778
----------------- Done invoking toplevel() on ptolemy.moml.MoMLSimpleApplication@4247a778
reloadAllAccessors: .relationGroup

===========================================================================================
----------------- testing Sun Dec 08 06:42:26 UTC 2019 /home/travis/build/icyphy/ptII/ptolemy/domains/sdf/test/auto/relationGroup10.xml
----------------- Instantiating /home/travis/build/icyphy/ptII/ptolemy/domains/sdf/test/auto/relationGroup10.xml
2 ms. Memory: 369664K Free: 213041K (58%)
----------------- Invoking toplevel() on ptolemy.moml.MoMLSimpleApplication@8609d34
----------------- Done invoking toplevel() on ptolemy.moml.MoMLSimpleApplication@8609d34
reloadAllAccessors: .relationGroup10

===========================================================================================
----------------- testing Sun Dec 08 06:42:26 UTC 2019 /home/travis/build/icyphy/ptII/ptolemy/domains/sdf/test/auto/relationGroup11.xml
----------------- Instantiating /home/travis/build/icyphy/ptII/ptolemy/domains/sdf/test/auto/relationGroup11.xml
2 ms. Memory: 369664K Free: 209455K (57%)
----------------- Invoking toplevel() on ptolemy.moml.MoMLSimpleApplication@29d8cb6
----------------- Done invoking toplevel() on ptolemy.moml.MoMLSimpleApplication@29d8cb6
reloadAllAccessors: .relationGroup11

===========================================================================================
----------------- testing Sun Dec 08 06:42:26 UTC 2019 /home/travis/build/icyphy/ptII/ptolemy/domains/sdf/test/auto/relationGroup12.xml
----------------- Instantiating /home/travis/build/icyphy/ptII/ptolemy/domains/sdf/test/auto/relationGroup12.xml
2 ms. Memory: 369664K Free: 205873K (56%)
----------------- Invoking toplevel() on ptolemy.moml.MoMLSimpleApplication@6ad5920c
----------------- Done invoking toplevel() on ptolemy.moml.MoMLSimpleApplication@6ad5920c
reloadAllAccessors: .relationGroup12

===========================================================================================
----------------- testing Sun Dec 08 06:42:26 UTC 2019 /home/travis/build/icyphy/ptII/ptolemy/domains/sdf/test/auto/relationGroup13.xml
----------------- Instantiating /home/travis/build/icyphy/ptII/ptolemy/domains/sdf/test/auto/relationGroup13.xml
8 ms. Memory: 369664K Free: 200753K (54%)
----------------- Invoking toplevel() on ptolemy.moml.MoMLSimpleApplication@34a945c4
----------------- Done invoking toplevel() on ptolemy.moml.MoMLSimpleApplication@34a945c4
reloadAllAccessors: .relationGroup13

===========================================================================================
----------------- testing Sun Dec 08 06:42:26 UTC 2019 /home/travis/build/icyphy/ptII/ptolemy/domains/sdf/test/auto/relationGroup14.xml
----------------- Instantiating /home/travis/build/icyphy/ptII/ptolemy/domains/sdf/test/auto/relationGroup14.xml
3 ms. Memory: 369664K Free: 196143K (53%)
----------------- Invoking toplevel() on ptolemy.moml.MoMLSimpleApplication@6e125a8e
----------------- Done invoking toplevel() on ptolemy.moml.MoMLSimpleApplication@6e125a8e
reloadAllAccessors: .relationGroup14

===========================================================================================
----------------- testing Sun Dec 08 06:42:26 UTC 2019 /home/travis/build/icyphy/ptII/ptolemy/domains/sdf/test/auto/relationGroup15.xml
----------------- Instantiating /home/travis/build/icyphy/ptII/ptolemy/domains/sdf/test/auto/relationGroup15.xml
2 ms. Memory: 369664K Free: 192561K (52%)
----------------- Invoking toplevel() on ptolemy.moml.MoMLSimpleApplication@4c504c5d
----------------- Done invoking toplevel() on ptolemy.moml.MoMLSimpleApplication@4c504c5d
reloadAllAccessors: .relationGroup15

===========================================================================================
----------------- testing Sun Dec 08 06:42:26 UTC 2019 /home/travis/build/icyphy/ptII/ptolemy/domains/sdf/test/auto/relationGroup2.xml
----------------- Instantiating /home/travis/build/icyphy/ptII/ptolemy/domains/sdf/test/auto/relationGroup2.xml
2 ms. Memory: 369664K Free: 189489K (51%)
----------------- Invoking toplevel() on ptolemy.moml.MoMLSimpleApplication@1edcfdbb
----------------- Done invoking toplevel() on ptolemy.moml.MoMLSimpleApplication@1edcfdbb
reloadAllAccessors: .relationGroup2

===========================================================================================
----------------- testing Sun Dec 08 06:42:26 UTC 2019 /home/travis/build/icyphy/ptII/ptolemy/domains/sdf/test/auto/relationGroup3.xml
----------------- Instantiating /home/travis/build/icyphy/ptII/ptolemy/domains/sdf/test/auto/relationGroup3.xml
3 ms. Memory: 369664K Free: 186417K (50%)
----------------- Invoking toplevel() on ptolemy.moml.MoMLSimpleApplication@56afa0c8
----------------- Done invoking toplevel() on ptolemy.moml.MoMLSimpleApplication@56afa0c8
reloadAllAccessors: .relationGroup3

===========================================================================================
----------------- testing Sun Dec 08 06:42:26 UTC 2019 /home/travis/build/icyphy/ptII/ptolemy/domains/sdf/test/auto/relationGroup4.xml
----------------- Instantiating /home/travis/build/icyphy/ptII/ptolemy/domains/sdf/test/auto/relationGroup4.xml
7 ms. Memory: 369664K Free: 182801K (49%)
----------------- Invoking toplevel() on ptolemy.moml.MoMLSimpleApplication@405d0a9d
----------------- Done invoking toplevel() on ptolemy.moml.MoMLSimpleApplication@405d0a9d
reloadAllAccessors: .relationGroup4

===========================================================================================
----------------- testing Sun Dec 08 06:42:26 UTC 2019 /home/travis/build/icyphy/ptII/ptolemy/domains/sdf/test/auto/relationGroup5.xml
----------------- Instantiating /home/travis/build/icyphy/ptII/ptolemy/domains/sdf/test/auto/relationGroup5.xml
2 ms. Memory: 369664K Free: 178705K (48%)
----------------- Invoking toplevel() on ptolemy.moml.MoMLSimpleApplication@576481bf
----------------- Done invoking toplevel() on ptolemy.moml.MoMLSimpleApplication@576481bf
reloadAllAccessors: .relationGroup5

===========================================================================================
----------------- testing Sun Dec 08 06:42:26 UTC 2019 /home/travis/build/icyphy/ptII/ptolemy/domains/sdf/test/auto/relationGroup6.xml
----------------- Instantiating /home/travis/build/icyphy/ptII/ptolemy/domains/sdf/test/auto/relationGroup6.xml
4 ms. Memory: 369664K Free: 173615K (47%)
----------------- Invoking toplevel() on ptolemy.moml.MoMLSimpleApplication@5a0e4220
----------------- Done invoking toplevel() on ptolemy.moml.MoMLSimpleApplication@5a0e4220
reloadAllAccessors: .relationGroup6

===========================================================================================
----------------- testing Sun Dec 08 06:42:26 UTC 2019 /home/travis/build/icyphy/ptII/ptolemy/domains/sdf/test/auto/relationGroup7.xml
----------------- Instantiating /home/travis/build/icyphy/ptII/ptolemy/domains/sdf/test/auto/relationGroup7.xml
1 ms. Memory: 369664K Free: 170543K (46%)
----------------- Invoking toplevel() on ptolemy.moml.MoMLSimpleApplication@4ac19311
----------------- Done invoking toplevel() on ptolemy.moml.MoMLSimpleApplication@4ac19311
reloadAllAccessors: .relationGroup7

===========================================================================================
----------------- testing Sun Dec 08 06:42:26 UTC 2019 /home/travis/build/icyphy/ptII/ptolemy/domains/sdf/test/auto/relationGroup8.xml
----------------- Instantiating /home/travis/build/icyphy/ptII/ptolemy/domains/sdf/test/auto/relationGroup8.xml
2 ms. Memory: 369664K Free: 166961K (45%)
----------------- Invoking toplevel() on ptolemy.moml.MoMLSimpleApplication@23ac45f8
----------------- Done invoking toplevel() on ptolemy.moml.MoMLSimpleApplication@23ac45f8
reloadAllAccessors: .relationGroup8

===========================================================================================
----------------- testing Sun Dec 08 06:42:26 UTC 2019 /home/travis/build/icyphy/ptII/ptolemy/domains/sdf/test/auto/relationGroup9.xml
----------------- Instantiating /home/travis/build/icyphy/ptII/ptolemy/domains/sdf/test/auto/relationGroup9.xml
5 ms. Memory: 369664K Free: 162351K (44%)
----------------- Invoking toplevel() on ptolemy.moml.MoMLSimpleApplication@18a6ba22
----------------- Done invoking toplevel() on ptolemy.moml.MoMLSimpleApplication@18a6ba22
reloadAllAccessors: .relationGroup9

===========================================================================================
----------------- testing Sun Dec 08 06:42:26 UTC 2019 /home/travis/build/icyphy/ptII/ptolemy/domains/sdf/test/auto/sdf_inside_de.xml
----------------- Instantiating /home/travis/build/icyphy/ptII/ptolemy/domains/sdf/test/auto/sdf_inside_de.xml
10 ms. Memory: 369664K Free: 153649K (42%)
----------------- Invoking toplevel() on ptolemy.moml.MoMLSimpleApplication@4c048c8d
----------------- Done invoking toplevel() on ptolemy.moml.MoMLSimpleApplication@4c048c8d
reloadAllAccessors: .sdf_inside_de

===========================================================================================
----------------- testing Sun Dec 08 06:42:26 UTC 2019 /home/travis/build/icyphy/ptII/ptolemy/domains/sdf/test/auto/sdf_inside_pn.xml
----------------- Instantiating /home/travis/build/icyphy/ptII/ptolemy/domains/sdf/test/auto/sdf_inside_pn.xml
44 ms. Memory: 369664K Free: 144433K (39%)
----------------- Invoking toplevel() on ptolemy.moml.MoMLSimpleApplication@60f232a8
----------------- Done invoking toplevel() on ptolemy.moml.MoMLSimpleApplication@60f232a8
reloadAllAccessors: .sdf_inside_pn

===========================================================================================
----------------- testing Sun Dec 08 06:42:26 UTC 2019 /home/travis/build/icyphy/ptII/ptolemy/domains/sdf/test/auto/sdf_sdf1.xml
----------------- Instantiating /home/travis/build/icyphy/ptII/ptolemy/domains/sdf/test/auto/sdf_sdf1.xml
4 ms. Memory: 369664K Free: 138769K (38%)
----------------- Invoking toplevel() on ptolemy.moml.MoMLSimpleApplication@64a6f262
----------------- Done invoking toplevel() on ptolemy.moml.MoMLSimpleApplication@64a6f262
reloadAllAccessors: .sdf_sdf1

===========================================================================================
----------------- testing Sun Dec 08 06:42:26 UTC 2019 /home/travis/build/icyphy/ptII/ptolemy/domains/sdf/test/auto/test1.xml
----------------- Instantiating /home/travis/build/icyphy/ptII/ptolemy/domains/sdf/test/auto/test1.xml
3 ms. Memory: 369664K Free: 134193K (36%)
----------------- Invoking toplevel() on ptolemy.moml.MoMLSimpleApplication@10f57d77
----------------- Done invoking toplevel() on ptolemy.moml.MoMLSimpleApplication@10f57d77
reloadAllAccessors: .test1

===========================================================================================
----------------- testing Sun Dec 08 06:42:26 UTC 2019 /home/travis/build/icyphy/ptII/ptolemy/domains/sdf/test/auto/time1.xml
----------------- Instantiating /home/travis/build/icyphy/ptII/ptolemy/domains/sdf/test/auto/time1.xml
2 ms. Memory: 369664K Free: 349976K (95%)
----------------- Invoking toplevel() on ptolemy.moml.MoMLSimpleApplication@132d37aa
----------------- Done invoking toplevel() on ptolemy.moml.MoMLSimpleApplication@132d37aa
reloadAllAccessors: .time1

===========================================================================================
----------------- testing Sun Dec 08 06:42:26 UTC 2019 /home/travis/build/icyphy/ptII/ptolemy/domains/sdf/test/auto/time2.xml
----------------- Instantiating /home/travis/build/icyphy/ptII/ptolemy/domains/sdf/test/auto/time2.xml
2 ms. Memory: 369664K Free: 346394K (94%)
----------------- Invoking toplevel() on ptolemy.moml.MoMLSimpleApplication@464628d7
----------------- Done invoking toplevel() on ptolemy.moml.MoMLSimpleApplication@464628d7
reloadAllAccessors: .time2

===========================================================================================
----------------- testing Sun Dec 08 06:42:26 UTC 2019 /home/travis/build/icyphy/ptII/ptolemy/domains/sdf/test/auto/time3.xml
----------------- Instantiating /home/travis/build/icyphy/ptII/ptolemy/domains/sdf/test/auto/time3.xml
6 ms. Memory: 369664K Free: 341274K (92%)
----------------- Invoking toplevel() on ptolemy.moml.MoMLSimpleApplication@5afef0b1
----------------- Done invoking toplevel() on ptolemy.moml.MoMLSimpleApplication@5afef0b1
reloadAllAccessors: .time3

===========================================================================================
----------------- testing Sun Dec 08 06:42:26 UTC 2019 /home/travis/build/icyphy/ptII/ptolemy/domains/sdf/test/auto/time4.xml
----------------- Instantiating /home/travis/build/icyphy/ptII/ptolemy/domains/sdf/test/auto/time4.xml
6 ms. Memory: 369664K Free: 335626K (91%)
----------------- Invoking toplevel() on ptolemy.moml.MoMLSimpleApplication@230cad60
----------------- Done invoking toplevel() on ptolemy.moml.MoMLSimpleApplication@230cad60
reloadAllAccessors: .time4

===========================================================================================
----------------- testing Sun Dec 08 06:42:26 UTC 2019 /home/travis/build/icyphy/ptII/ptolemy/domains/sdf/test/auto/time5.xml
----------------- Instantiating /home/travis/build/icyphy/ptII/ptolemy/domains/sdf/test/auto/time5.xml
4002 ms. Memory: 369664K Free: 332058K (90%)
----------------- Invoking toplevel() on ptolemy.moml.MoMLSimpleApplication@15bdf191
----------------- Done invoking toplevel() on ptolemy.moml.MoMLSimpleApplication@15bdf191
reloadAllAccessors: .time5

===========================================================================================
----------------- testing Sun Dec 08 06:42:30 UTC 2019 /home/travis/build/icyphy/ptII/ptolemy/domains/sdf/test/auto/typeSystem_Const_Integer_smallest_Type.xml
----------------- Instantiating /home/travis/build/icyphy/ptII/ptolemy/domains/sdf/test/auto/typeSystem_Const_Integer_smallest_Type.xml
7 ms. Memory: 369664K Free: 327448K (89%)
----------------- Invoking toplevel() on ptolemy.moml.MoMLSimpleApplication@32531499
----------------- Done invoking toplevel() on ptolemy.moml.MoMLSimpleApplication@32531499
reloadAllAccessors: .typeSystem_Const_Integer_smallest_Type

===========================================================================================
----------------- testing Sun Dec 08 06:42:30 UTC 2019 /home/travis/build/icyphy/ptII/ptolemy/domains/sdf/test/auto/typeSystem_declared_Inports_OutportTypeException.xml
----------------- Instantiating /home/travis/build/icyphy/ptII/ptolemy/domains/sdf/test/auto/typeSystem_declared_Inports_OutportTypeException.xml
.typeSystem_declared_Inports_OutportTypeException.TestExceptionAttribute: initialize() was not invoked, but wrapup() was.  This is unusual, but not always a problem.  For example, exporting JNLP will do this.
6 ms. Memory: 369664K Free: 323352K (87%)
----------------- Invoking toplevel() on ptolemy.moml.MoMLSimpleApplication@6e3867d6
----------------- Done invoking toplevel() on ptolemy.moml.MoMLSimpleApplication@6e3867d6
reloadAllAccessors: .typeSystem_declared_Inports_OutportTypeException

===========================================================================================
----------------- testing Sun Dec 08 06:42:30 UTC 2019 /home/travis/build/icyphy/ptII/ptolemy/domains/sdf/test/auto/typeSystem_oneDeclaredInportType_wrongTypeOutport.xml
----------------- Instantiating /home/travis/build/icyphy/ptII/ptolemy/domains/sdf/test/auto/typeSystem_oneDeclaredInportType_wrongTypeOutport.xml
3 ms. Memory: 369664K Free: 319256K (86%)
----------------- Invoking toplevel() on ptolemy.moml.MoMLSimpleApplication@39ce5c12
----------------- Done invoking toplevel() on ptolemy.moml.MoMLSimpleApplication@39ce5c12
reloadAllAccessors: .typeSystem_oneDeclaredInportType_wrongTypeOutport

===========================================================================================
----------------- testing Sun Dec 08 06:42:30 UTC 2019 /home/travis/build/icyphy/ptII/ptolemy/domains/sdf/test/auto/width.xml
----------------- Instantiating /home/travis/build/icyphy/ptII/ptolemy/domains/sdf/test/auto/width.xml
10 ms. Memory: 369664K Free: 315674K (85%)
----------------- Invoking toplevel() on ptolemy.moml.MoMLSimpleApplication@649da471
----------------- Done invoking toplevel() on ptolemy.moml.MoMLSimpleApplication@649da471
reloadAllAccessors: .width

===========================================================================================
----------------- testing Sun Dec 08 06:42:30 UTC 2019 /home/travis/build/icyphy/ptII/ptolemy/domains/sdf/test/auto/width2.xml
----------------- Instantiating /home/travis/build/icyphy/ptII/ptolemy/domains/sdf/test/auto/width2.xml
27 ms. Memory: 369664K Free: 310554K (84%)
----------------- Invoking toplevel() on ptolemy.moml.MoMLSimpleApplication@5e37489e
----------------- Done invoking toplevel() on ptolemy.moml.MoMLSimpleApplication@5e37489e
reloadAllAccessors: .width2

===========================================================================================
----------------- testing Sun Dec 08 06:42:30 UTC 2019 /home/travis/build/icyphy/ptII/ptolemy/domains/sdf/test/auto/width3.xml
----------------- Instantiating /home/travis/build/icyphy/ptII/ptolemy/domains/sdf/test/auto/width3.xml
26 ms. Memory: 369664K Free: 305434K (83%)
----------------- Invoking toplevel() on ptolemy.moml.MoMLSimpleApplication@734598df
----------------- Done invoking toplevel() on ptolemy.moml.MoMLSimpleApplication@734598df
reloadAllAccessors: .width3
AutoTests.java: About to close Vertx.
AutoTests.java: Vertx closed.
]]></system-out>
  <system-err><![CDATA[java.lang.RuntimeException: Execution failed
	at ptolemy.moml.MoMLSimpleApplication$UnloadThread.run(MoMLSimpleApplication.java:402)
Caused by: ptolemy.actor.sched.NotSchedulableException: No solution exists for the balance equations.
Graph is not consistent under the SDF domain detected on external port .rateConsistency.actor.port2
  in .rateConsistency.SDF Director.Scheduler
	at ptolemy.domains.sdf.kernel.SDFScheduler._propagatePort(SDFScheduler.java:1425)
	at ptolemy.domains.sdf.kernel.SDFScheduler._solveBalanceEquations(SDFScheduler.java:710)
	at ptolemy.domains.sdf.kernel.SDFScheduler._getSchedule(SDFScheduler.java:566)
	at ptolemy.actor.sched.Scheduler.getSchedule(Scheduler.java:189)
	at ptolemy.domains.sdf.kernel.SDFDirector.createSchedule(SDFDirector.java:408)
	at ptolemy.domains.sdf.kernel.SDFDirector.preinitialize(SDFDirector.java:764)
	at ptolemy.actor.CompositeActor.preinitialize(CompositeActor.java:1828)
	at ptolemy.actor.Manager.preinitializeAndResolveTypes(Manager.java:1040)
	at ptolemy.actor.Manager.initialize(Manager.java:710)
	at ptolemy.actor.Manager.execute(Manager.java:356)
	at ptolemy.actor.Manager.run(Manager.java:1263)
	at ptolemy.actor.Manager$PtolemyRunThread.run(Manager.java:1933)
java.lang.RuntimeException: Execution failed
	at ptolemy.moml.MoMLSimpleApplication$UnloadThread.run(MoMLSimpleApplication.java:402)
Caused by: ptolemy.kernel.util.IllegalActionException: Failed to compute schedule:
  in .badRateChanges.typed composite actor.SDF Director
Because:
The SDF rate parameter may change. This is not allowed in SDF models that will be run through the code generator.  If you don't care about code generation, then you might consider setting the allowRateChanges parameter of the SDF director to false.
  in .badRateChanges.typed composite actor.Repeat.output.tokenProductionRate
	at ptolemy.domains.sdf.kernel.SDFDirector.createSchedule(SDFDirector.java:418)
	at ptolemy.domains.sdf.kernel.SDFDirector.preinitialize(SDFDirector.java:764)
	at ptolemy.actor.CompositeActor.preinitialize(CompositeActor.java:1828)
	at ptolemy.actor.Director.preinitialize(Director.java:1302)
	at ptolemy.actor.Director.preinitialize(Director.java:1257)
	at ptolemy.domains.sdf.kernel.SDFDirector.preinitialize(SDFDirector.java:763)
	at ptolemy.actor.CompositeActor.preinitialize(CompositeActor.java:1828)
	at ptolemy.actor.Manager.preinitializeAndResolveTypes(Manager.java:1040)
	at ptolemy.actor.Manager.initialize(Manager.java:710)
	at ptolemy.actor.Manager.execute(Manager.java:356)
	at ptolemy.actor.Manager.run(Manager.java:1263)
	at ptolemy.actor.Manager$PtolemyRunThread.run(Manager.java:1933)
Caused by: ptolemy.kernel.util.IllegalActionException: The SDF rate parameter may change. This is not allowed in SDF models that will be run through the code generator.  If you don't care about code generation, then you might consider setting the allowRateChanges parameter of the SDF director to false.
  in .badRateChanges.typed composite actor.Repeat.output.tokenProductionRate
	at ptolemy.domains.sdf.kernel.SDFScheduler._assertDynamicRateVariable(SDFScheduler.java:931)
	at ptolemy.domains.sdf.kernel.SDFScheduler._checkDynamicRateVariables(SDFScheduler.java:339)
	at ptolemy.domains.sdf.kernel.SDFScheduler._getSchedule(SDFScheduler.java:527)
	at ptolemy.actor.sched.Scheduler.getSchedule(Scheduler.java:189)
	at ptolemy.domains.sdf.kernel.SDFDirector.createSchedule(SDFDirector.java:408)
	... 11 more
java.lang.RuntimeException: Execution failed
	at ptolemy.moml.MoMLSimpleApplication$UnloadThread.run(MoMLSimpleApplication.java:402)
Caused by: ptolemy.kernel.util.IllegalActionException: Failed to compute schedule:
  in .badRateChanges2.typed composite actor.SDF Director
Because:
The SDF rate parameter may change. This is not allowed in SDF models that will be run through the code generator.  If you don't care about code generation, then you might consider setting the allowRateChanges parameter of the SDF director to false.
  in .badRateChanges2.typed composite actor.Repeat.output.tokenProductionRate
	at ptolemy.domains.sdf.kernel.SDFDirector.createSchedule(SDFDirector.java:418)
	at ptolemy.domains.sdf.kernel.SDFDirector.preinitialize(SDFDirector.java:764)
	at ptolemy.actor.CompositeActor.preinitialize(CompositeActor.java:1828)
	at ptolemy.actor.Director.preinitialize(Director.java:1302)
	at ptolemy.actor.Director.preinitialize(Director.java:1257)
	at ptolemy.domains.sdf.kernel.SDFDirector.preinitialize(SDFDirector.java:763)
	at ptolemy.actor.CompositeActor.preinitialize(CompositeActor.java:1828)
	at ptolemy.actor.Manager.preinitializeAndResolveTypes(Manager.java:1040)
	at ptolemy.actor.Manager.initialize(Manager.java:710)
	at ptolemy.actor.Manager.execute(Manager.java:356)
	at ptolemy.actor.Manager.run(Manager.java:1263)
	at ptolemy.actor.Manager$PtolemyRunThread.run(Manager.java:1933)
Caused by: ptolemy.kernel.util.IllegalActionException: The SDF rate parameter may change. This is not allowed in SDF models that will be run through the code generator.  If you don't care about code generation, then you might consider setting the allowRateChanges parameter of the SDF director to false.
  in .badRateChanges2.typed composite actor.Repeat.output.tokenProductionRate
	at ptolemy.domains.sdf.kernel.SDFScheduler._assertDynamicRateVariable(SDFScheduler.java:931)
	at ptolemy.domains.sdf.kernel.SDFScheduler._checkDynamicRateVariables(SDFScheduler.java:339)
	at ptolemy.domains.sdf.kernel.SDFScheduler._getSchedule(SDFScheduler.java:527)
	at ptolemy.actor.sched.Scheduler.getSchedule(Scheduler.java:189)
	at ptolemy.domains.sdf.kernel.SDFDirector.createSchedule(SDFDirector.java:408)
	... 11 more
java.lang.RuntimeException: Execution failed
	at ptolemy.moml.MoMLSimpleApplication$UnloadThread.run(MoMLSimpleApplication.java:402)
Caused by: ptolemy.actor.sched.NotSchedulableException: Actors remain that cannot be scheduled!

There are several possible reasons:
* SDF Graphs with feedback loops should have an actor with a delay in the loop, such as a SampleDelay.
* The SDF director has an "allowDisconnectedGraphs"parameter, which, when true, permits disconnected SDF graphs.
* The token consumption rate and production rates might be mismatched.
Usually, actors produce one token or consume one token on a port.  To produce or consume multiple tokens per firing, add a "tokenConsumptionRate" or "tokenProductionRate" parameter to the appropriate port.
Unscheduled actors:
.partiallyConnected.Const2 
Scheduled actors:
.partiallyConnected.Const 
  in .partiallyConnected.SDF Director.Scheduler
	at ptolemy.domains.sdf.kernel.SDFScheduler._scheduleConnectedActors(SDFScheduler.java:1828)
	at ptolemy.domains.sdf.kernel.SDFScheduler._getSchedule(SDFScheduler.java:587)
	at ptolemy.actor.sched.Scheduler.getSchedule(Scheduler.java:189)
	at ptolemy.domains.sdf.kernel.SDFDirector.createSchedule(SDFDirector.java:408)
	at ptolemy.domains.sdf.kernel.SDFDirector.preinitialize(SDFDirector.java:764)
	at ptolemy.actor.CompositeActor.preinitialize(CompositeActor.java:1828)
	at ptolemy.actor.Manager.preinitializeAndResolveTypes(Manager.java:1040)
	at ptolemy.actor.Manager.initialize(Manager.java:710)
	at ptolemy.actor.Manager.execute(Manager.java:356)
	at ptolemy.actor.Manager.run(Manager.java:1263)
	at ptolemy.actor.Manager$PtolemyRunThread.run(Manager.java:1933)
]]></system-err>
</testsuite>
