<?xml version="1.0" encoding="UTF-8" ?>
<testsuite errors="0" failures="0" hostname="travis-job-3c648715-026c-4661-b061-65ee3ad73e82" name="ptolemy.actor.lib.hoc.test.junit.JUnitTclTest" skipped="0" tests="58" time="24.403" timestamp="2018-09-17T02:05:49">
  <properties>
[...]
</properties>
  <testcase classname="ptolemy.util.test.junit.TclTests" name="[0] /home/travis/build/icyphy/ptII/ptolemy/actor/lib/hoc/test/IterateOverArray.tcl (RunTclFile)" time="0.314" />
  <testcase classname="ptolemy.util.test.junit.AutoKnownFailedTests" name="[0] /home/travis/build/icyphy/ptII/ptolemy/actor/lib/hoc/test/auto/knownFailedTests/PreinitializeMustBeInvokedRunComposite.xml (RunModel)" time="0.265" />
  <testcase classname="ptolemy.util.test.junit.AutoNameArchTests" name="[0] ThereAreNoAutoArchTests (RunModel)" time="0.0" />
  <testcase classname="ptolemy.util.test.junit.AutoTests" name="[0] /home/travis/build/icyphy/ptII/ptolemy/actor/lib/hoc/test/auto/AllToAllMultiInstanceComposite.xml (RunModel)" time="0.285" />
  <testcase classname="ptolemy.util.test.junit.AutoTests" name="[1] /home/travis/build/icyphy/ptII/ptolemy/actor/lib/hoc/test/auto/ApplyFFTTest.xml (RunModel)" time="0.368" />
  <testcase classname="ptolemy.util.test.junit.AutoTests" name="[2] /home/travis/build/icyphy/ptII/ptolemy/actor/lib/hoc/test/auto/ApplyFunction.xml (RunModel)" time="0.051" />
  <testcase classname="ptolemy.util.test.junit.AutoTests" name="[3] /home/travis/build/icyphy/ptII/ptolemy/actor/lib/hoc/test/auto/BackgroundExecution.xml (RunModel)" time="0.742" />
  <testcase classname="ptolemy.util.test.junit.AutoTests" name="[4] /home/travis/build/icyphy/ptII/ptolemy/actor/lib/hoc/test/auto/Case.xml (RunModel)" time="0.045" />
  <testcase classname="ptolemy.util.test.junit.AutoTests" name="[5] /home/travis/build/icyphy/ptII/ptolemy/actor/lib/hoc/test/auto/Case1.xml (RunModel)" time="0.038" />
  <testcase classname="ptolemy.util.test.junit.AutoTests" name="[6] /home/travis/build/icyphy/ptII/ptolemy/actor/lib/hoc/test/auto/Case2.xml (RunModel)" time="0.067" />
  <testcase classname="ptolemy.util.test.junit.AutoTests" name="[7] /home/travis/build/icyphy/ptII/ptolemy/actor/lib/hoc/test/auto/Case3.xml (RunModel)" time="0.033" />
  <testcase classname="ptolemy.util.test.junit.AutoTests" name="[8] /home/travis/build/icyphy/ptII/ptolemy/actor/lib/hoc/test/auto/Case4.xml (RunModel)" time="0.061" />
  <testcase classname="ptolemy.util.test.junit.AutoTests" name="[9] /home/travis/build/icyphy/ptII/ptolemy/actor/lib/hoc/test/auto/Case5.xml (RunModel)" time="0.074" />
  <testcase classname="ptolemy.util.test.junit.AutoTests" name="[10] /home/travis/build/icyphy/ptII/ptolemy/actor/lib/hoc/test/auto/Case6.xml (RunModel)" time="0.085" />
  <testcase classname="ptolemy.util.test.junit.AutoTests" name="[11] /home/travis/build/icyphy/ptII/ptolemy/actor/lib/hoc/test/auto/CaseString2.xml (RunModel)" time="0.049" />
  <testcase classname="ptolemy.util.test.junit.AutoTests" name="[12] /home/travis/build/icyphy/ptII/ptolemy/actor/lib/hoc/test/auto/CatchUpComposite1.xml (RunModel)" time="0.065" />
  <testcase classname="ptolemy.util.test.junit.AutoTests" name="[13] /home/travis/build/icyphy/ptII/ptolemy/actor/lib/hoc/test/auto/CatchUpComposite2.xml (RunModel)" time="0.059" />
  <testcase classname="ptolemy.util.test.junit.AutoTests" name="[14] /home/travis/build/icyphy/ptII/ptolemy/actor/lib/hoc/test/auto/CatchUpComposite3.xml (RunModel)" time="0.046" />
  <testcase classname="ptolemy.util.test.junit.AutoTests" name="[15] /home/travis/build/icyphy/ptII/ptolemy/actor/lib/hoc/test/auto/CatchUpComposite4.xml (RunModel)" time="0.053" />
  <testcase classname="ptolemy.util.test.junit.AutoTests" name="[16] /home/travis/build/icyphy/ptII/ptolemy/actor/lib/hoc/test/auto/CatchUpComposite5.xml (RunModel)" time="0.042" />
  <testcase classname="ptolemy.util.test.junit.AutoTests" name="[17] /home/travis/build/icyphy/ptII/ptolemy/actor/lib/hoc/test/auto/CatchUpComposite6.xml (RunModel)" time="0.17" />
  <testcase classname="ptolemy.util.test.junit.AutoTests" name="[18] /home/travis/build/icyphy/ptII/ptolemy/actor/lib/hoc/test/auto/CatchUpComposite7.xml (RunModel)" time="0.062" />
  <testcase classname="ptolemy.util.test.junit.AutoTests" name="[19] /home/travis/build/icyphy/ptII/ptolemy/actor/lib/hoc/test/auto/ConcurrentExecutionTimeSDF.xml (RunModel)" time="1.586" />
  <testcase classname="ptolemy.util.test.junit.AutoTests" name="[20] /home/travis/build/icyphy/ptII/ptolemy/actor/lib/hoc/test/auto/ConcurrentSleep.xml (RunModel)" time="0.777" />
  <testcase classname="ptolemy.util.test.junit.AutoTests" name="[21] /home/travis/build/icyphy/ptII/ptolemy/actor/lib/hoc/test/auto/DEInPNInRunCompositeActor.xml (RunModel)" time="0.047" />
  <testcase classname="ptolemy.util.test.junit.AutoTests" name="[22] /home/travis/build/icyphy/ptII/ptolemy/actor/lib/hoc/test/auto/DFTSubSetTest.xml (RunModel)" time="0.254" />
  <testcase classname="ptolemy.util.test.junit.AutoTests" name="[23] /home/travis/build/icyphy/ptII/ptolemy/actor/lib/hoc/test/auto/HocDE.xml (RunModel)" time="0.182" />
  <testcase classname="ptolemy.util.test.junit.AutoTests" name="[24] /home/travis/build/icyphy/ptII/ptolemy/actor/lib/hoc/test/auto/IterateOverArray.xml (RunModel)" time="0.036" />
  <testcase classname="ptolemy.util.test.junit.AutoTests" name="[25] /home/travis/build/icyphy/ptII/ptolemy/actor/lib/hoc/test/auto/IterateOverArray10.xml (RunModel)" time="0.018" />
  <testcase classname="ptolemy.util.test.junit.AutoTests" name="[26] /home/travis/build/icyphy/ptII/ptolemy/actor/lib/hoc/test/auto/IterateOverArray11.xml (RunModel)" time="0.025" />
  <testcase classname="ptolemy.util.test.junit.AutoTests" name="[27] /home/travis/build/icyphy/ptII/ptolemy/actor/lib/hoc/test/auto/IterateOverArray12.xml (RunModel)" time="0.047" />
  <testcase classname="ptolemy.util.test.junit.AutoTests" name="[28] /home/travis/build/icyphy/ptII/ptolemy/actor/lib/hoc/test/auto/IterateOverArray13.xml (RunModel)" time="0.154" />
  <testcase classname="ptolemy.util.test.junit.AutoTests" name="[29] /home/travis/build/icyphy/ptII/ptolemy/actor/lib/hoc/test/auto/IterateOverArray14.xml (RunModel)" time="0.149" />
  <testcase classname="ptolemy.util.test.junit.AutoTests" name="[30] /home/travis/build/icyphy/ptII/ptolemy/actor/lib/hoc/test/auto/IterateOverArray2.xml (RunModel)" time="0.033" />
  <testcase classname="ptolemy.util.test.junit.AutoTests" name="[31] /home/travis/build/icyphy/ptII/ptolemy/actor/lib/hoc/test/auto/IterateOverArray3.xml (RunModel)" time="0.04" />
  <testcase classname="ptolemy.util.test.junit.AutoTests" name="[32] /home/travis/build/icyphy/ptII/ptolemy/actor/lib/hoc/test/auto/IterateOverArray4.xml (RunModel)" time="0.019" />
  <testcase classname="ptolemy.util.test.junit.AutoTests" name="[33] /home/travis/build/icyphy/ptII/ptolemy/actor/lib/hoc/test/auto/IterateOverArray5.xml (RunModel)" time="0.019" />
  <testcase classname="ptolemy.util.test.junit.AutoTests" name="[34] /home/travis/build/icyphy/ptII/ptolemy/actor/lib/hoc/test/auto/IterateOverArray6.xml (RunModel)" time="0.011" />
  <testcase classname="ptolemy.util.test.junit.AutoTests" name="[35] /home/travis/build/icyphy/ptII/ptolemy/actor/lib/hoc/test/auto/IterateOverArray7.xml (RunModel)" time="0.022" />
  <testcase classname="ptolemy.util.test.junit.AutoTests" name="[36] /home/travis/build/icyphy/ptII/ptolemy/actor/lib/hoc/test/auto/IterateOverArray8.xml (RunModel)" time="0.021" />
  <testcase classname="ptolemy.util.test.junit.AutoTests" name="[37] /home/travis/build/icyphy/ptII/ptolemy/actor/lib/hoc/test/auto/IterateOverArray9.xml (RunModel)" time="0.027" />
  <testcase classname="ptolemy.util.test.junit.AutoTests" name="[38] /home/travis/build/icyphy/ptII/ptolemy/actor/lib/hoc/test/auto/IterateOverArrayCoercedOutputType.xml (RunModel)" time="0.03" />
  <testcase classname="ptolemy.util.test.junit.AutoTests" name="[39] /home/travis/build/icyphy/ptII/ptolemy/actor/lib/hoc/test/auto/IterateOverArrayInferredOutputType.xml (RunModel)" time="0.035" />
  <testcase classname="ptolemy.util.test.junit.AutoTests" name="[40] /home/travis/build/icyphy/ptII/ptolemy/actor/lib/hoc/test/auto/MobileFunctionTest.xml (RunModel)" time="0.025" />
  <testcase classname="ptolemy.util.test.junit.AutoTests" name="[41] /home/travis/build/icyphy/ptII/ptolemy/actor/lib/hoc/test/auto/MobileModelTest.xml (RunModel)" time="0.113" />
  <testcase classname="ptolemy.util.test.junit.AutoTests" name="[42] /home/travis/build/icyphy/ptII/ptolemy/actor/lib/hoc/test/auto/ModelReference.xml (RunModel)" time="0.075" />
  <testcase classname="ptolemy.util.test.junit.AutoTests" name="[43] /home/travis/build/icyphy/ptII/ptolemy/actor/lib/hoc/test/auto/ModelReference3.xml (RunModel)" time="0.048" />
  <testcase classname="ptolemy.util.test.junit.AutoTests" name="[44] /home/travis/build/icyphy/ptII/ptolemy/actor/lib/hoc/test/auto/ModelReference4.xml (RunModel)" time="10.048" />
  <testcase classname="ptolemy.util.test.junit.AutoTests" name="[45] /home/travis/build/icyphy/ptII/ptolemy/actor/lib/hoc/test/auto/MultiInstanceComposite.xml (RunModel)" time="0.042" />
  <testcase classname="ptolemy.util.test.junit.AutoTests" name="[46] /home/travis/build/icyphy/ptII/ptolemy/actor/lib/hoc/test/auto/MultiInstanceComposite2.xml (RunModel)" time="0.038" />
  <testcase classname="ptolemy.util.test.junit.AutoTests" name="[47] /home/travis/build/icyphy/ptII/ptolemy/actor/lib/hoc/test/auto/MulticoreExecution.xml (RunModel)" time="1.068" />
  <testcase classname="ptolemy.util.test.junit.AutoTests" name="[48] /home/travis/build/icyphy/ptII/ptolemy/actor/lib/hoc/test/auto/ParallelExecution.xml (RunModel)" time="0.949" />
  <testcase classname="ptolemy.util.test.junit.AutoTests" name="[49] /home/travis/build/icyphy/ptII/ptolemy/actor/lib/hoc/test/auto/RunCompositeActor.xml (RunModel)" time="0.037" />
  <testcase classname="ptolemy.util.test.junit.AutoTests" name="[50] /home/travis/build/icyphy/ptII/ptolemy/actor/lib/hoc/test/auto/RunCompositeActor2.xml (RunModel)" time="0.024" />
  <testcase classname="ptolemy.util.test.junit.AutoTests" name="[51] /home/travis/build/icyphy/ptII/ptolemy/actor/lib/hoc/test/auto/RunCompositeActor3.xml (RunModel)" time="0.032" />
  <testcase classname="ptolemy.util.test.junit.AutoTests" name="[52] /home/travis/build/icyphy/ptII/ptolemy/actor/lib/hoc/test/auto/RunCompositeActor4.xml (RunModel)" time="0.028" />
  <testcase classname="ptolemy.util.test.junit.AutoTests" name="[53] /home/travis/build/icyphy/ptII/ptolemy/actor/lib/hoc/test/auto/RunCompositeIterateOverArray.xml (RunModel)" time="0.028" />
  <testcase classname="ptolemy.util.test.junit.AutoTests" name="[54] /home/travis/build/icyphy/ptII/ptolemy/actor/lib/hoc/test/auto/ThreadedJS.xml (RunModel)" time="4.83" />
  <system-out><![CDATA[/home/travis/build/icyphy/ptII/ptolemy/actor/lib/hoc/test/IterateOverArray.tcl
testDefs.tcl: setting time out to 9000 seconds at Mon Sep 17 02:05:49 UTC 2018
09/17/18 02:05:50
Failed: 0  Total Tests: 2  ((Passed: 2, Newly Passed: 0)  Known Failed: 0) /home/travis/build/icyphy/ptII/ptolemy/actor/lib/hoc/test
----------------- testing (KnownFailure) /home/travis/build/icyphy/ptII/ptolemy/actor/lib/hoc/test/auto/knownFailedTests/PreinitializeMustBeInvokedRunComposite.xml
31 ms. Memory: 116224K Free: 103850K (89%)
Known Failure: java.lang.reflect.InvocationTargetException
No auto/linux-amd64/*.xml tests in /home/travis/build/icyphy/ptII/ptolemy/actor/lib/hoc/test
AutoTests.java: About to close Vertx.
AutoTests.java: Vertx closed.

===========================================================================================
----------------- testing Mon Sep 17 02:05:50 UTC 2018 /home/travis/build/icyphy/ptII/ptolemy/actor/lib/hoc/test/auto/AllToAllMultiInstanceComposite.xml
----------------- Instantiating /home/travis/build/icyphy/ptII/ptolemy/actor/lib/hoc/test/auto/AllToAllMultiInstanceComposite.xml
126 ms. Memory: 146944K Free: 109133K (74%)
----------------- Invoking toplevel() on ptolemy.moml.MoMLSimpleApplication@7586af50
----------------- Done invoking toplevel() on ptolemy.moml.MoMLSimpleApplication@7586af50
reloadAllAccessors: .AllToAllMultiInstanceComposite

===========================================================================================
----------------- testing Mon Sep 17 02:05:51 UTC 2018 /home/travis/build/icyphy/ptII/ptolemy/actor/lib/hoc/test/auto/ApplyFFTTest.xml
----------------- Instantiating /home/travis/build/icyphy/ptII/ptolemy/actor/lib/hoc/test/auto/ApplyFFTTest.xml
161 ms. Memory: 146944K Free: 88171K (60%)
----------------- Invoking toplevel() on ptolemy.moml.MoMLSimpleApplication@43c7d833
----------------- Done invoking toplevel() on ptolemy.moml.MoMLSimpleApplication@43c7d833
reloadAllAccessors: .ApplyFFTTest

===========================================================================================
----------------- testing Mon Sep 17 02:05:51 UTC 2018 /home/travis/build/icyphy/ptII/ptolemy/actor/lib/hoc/test/auto/ApplyFunction.xml
----------------- Instantiating /home/travis/build/icyphy/ptII/ptolemy/actor/lib/hoc/test/auto/ApplyFunction.xml
5 ms. Memory: 146944K Free: 84428K (57%)
----------------- Invoking toplevel() on ptolemy.moml.MoMLSimpleApplication@54cae684
----------------- Done invoking toplevel() on ptolemy.moml.MoMLSimpleApplication@54cae684
reloadAllAccessors: .ApplyFunction

===========================================================================================
----------------- testing Mon Sep 17 02:05:51 UTC 2018 /home/travis/build/icyphy/ptII/ptolemy/actor/lib/hoc/test/auto/BackgroundExecution.xml
----------------- Instantiating /home/travis/build/icyphy/ptII/ptolemy/actor/lib/hoc/test/auto/BackgroundExecution.xml
633 ms. Memory: 146944K Free: 137260K (93%)
----------------- Invoking toplevel() on ptolemy.moml.MoMLSimpleApplication@51210887
----------------- Done invoking toplevel() on ptolemy.moml.MoMLSimpleApplication@51210887
reloadAllAccessors: .BackgroundExecution

===========================================================================================
----------------- testing Mon Sep 17 02:05:52 UTC 2018 /home/travis/build/icyphy/ptII/ptolemy/actor/lib/hoc/test/auto/Case.xml
----------------- Instantiating /home/travis/build/icyphy/ptII/ptolemy/actor/lib/hoc/test/auto/Case.xml
13 ms. Memory: 146944K Free: 129017K (88%)
----------------- Invoking toplevel() on ptolemy.moml.MoMLSimpleApplication@56429078
----------------- Done invoking toplevel() on ptolemy.moml.MoMLSimpleApplication@56429078
reloadAllAccessors: .Case

===========================================================================================
----------------- testing Mon Sep 17 02:05:52 UTC 2018 /home/travis/build/icyphy/ptII/ptolemy/actor/lib/hoc/test/auto/Case1.xml
----------------- Instantiating /home/travis/build/icyphy/ptII/ptolemy/actor/lib/hoc/test/auto/Case1.xml
8 ms. Memory: 146944K Free: 122343K (83%)
----------------- Invoking toplevel() on ptolemy.moml.MoMLSimpleApplication@280bb731
----------------- Done invoking toplevel() on ptolemy.moml.MoMLSimpleApplication@280bb731
reloadAllAccessors: .Case1

===========================================================================================
----------------- testing Mon Sep 17 02:05:52 UTC 2018 /home/travis/build/icyphy/ptII/ptolemy/actor/lib/hoc/test/auto/Case2.xml
----------------- Instantiating /home/travis/build/icyphy/ptII/ptolemy/actor/lib/hoc/test/auto/Case2.xml
30 ms. Memory: 146944K Free: 110701K (75%)
----------------- Invoking toplevel() on ptolemy.moml.MoMLSimpleApplication@390ac3b5
----------------- Done invoking toplevel() on ptolemy.moml.MoMLSimpleApplication@390ac3b5
reloadAllAccessors: .Case2

===========================================================================================
----------------- testing Mon Sep 17 02:05:52 UTC 2018 /home/travis/build/icyphy/ptII/ptolemy/actor/lib/hoc/test/auto/Case3.xml
----------------- Instantiating /home/travis/build/icyphy/ptII/ptolemy/actor/lib/hoc/test/auto/Case3.xml
7 ms. Memory: 146944K Free: 104035K (71%)
----------------- Invoking toplevel() on ptolemy.moml.MoMLSimpleApplication@3a738f0a
----------------- Done invoking toplevel() on ptolemy.moml.MoMLSimpleApplication@3a738f0a
reloadAllAccessors: .Case3

===========================================================================================
----------------- testing Mon Sep 17 02:05:52 UTC 2018 /home/travis/build/icyphy/ptII/ptolemy/actor/lib/hoc/test/auto/Case4.xml
----------------- Instantiating /home/travis/build/icyphy/ptII/ptolemy/actor/lib/hoc/test/auto/Case4.xml
10 ms. Memory: 146944K Free: 94997K (65%)
----------------- Invoking toplevel() on ptolemy.moml.MoMLSimpleApplication@434849cc
----------------- Done invoking toplevel() on ptolemy.moml.MoMLSimpleApplication@434849cc
reloadAllAccessors: .Case4

===========================================================================================
----------------- testing Mon Sep 17 02:05:52 UTC 2018 /home/travis/build/icyphy/ptII/ptolemy/actor/lib/hoc/test/auto/Case5.xml
----------------- Instantiating /home/travis/build/icyphy/ptII/ptolemy/actor/lib/hoc/test/auto/Case5.xml
48 ms. Memory: 146944K Free: 87889K (60%)
----------------- Invoking toplevel() on ptolemy.moml.MoMLSimpleApplication@66d03ef6
----------------- Done invoking toplevel() on ptolemy.moml.MoMLSimpleApplication@66d03ef6
reloadAllAccessors: .junk

===========================================================================================
----------------- testing Mon Sep 17 02:05:52 UTC 2018 /home/travis/build/icyphy/ptII/ptolemy/actor/lib/hoc/test/auto/Case6.xml
----------------- Instantiating /home/travis/build/icyphy/ptII/ptolemy/actor/lib/hoc/test/auto/Case6.xml
39 ms. Memory: 208384K Free: 197570K (95%)
----------------- Invoking toplevel() on ptolemy.moml.MoMLSimpleApplication@1bddc494
----------------- Done invoking toplevel() on ptolemy.moml.MoMLSimpleApplication@1bddc494
reloadAllAccessors: .Case6

===========================================================================================
----------------- testing Mon Sep 17 02:05:52 UTC 2018 /home/travis/build/icyphy/ptII/ptolemy/actor/lib/hoc/test/auto/CaseString2.xml
----------------- Instantiating /home/travis/build/icyphy/ptII/ptolemy/actor/lib/hoc/test/auto/CaseString2.xml
15 ms. Memory: 208384K Free: 188004K (90%)
----------------- Invoking toplevel() on ptolemy.moml.MoMLSimpleApplication@1ec0792d
----------------- Done invoking toplevel() on ptolemy.moml.MoMLSimpleApplication@1ec0792d
reloadAllAccessors: .CaseString2

===========================================================================================
----------------- testing Mon Sep 17 02:05:52 UTC 2018 /home/travis/build/icyphy/ptII/ptolemy/actor/lib/hoc/test/auto/CatchUpComposite1.xml
----------------- Instantiating /home/travis/build/icyphy/ptII/ptolemy/actor/lib/hoc/test/auto/CatchUpComposite1.xml
15 ms. Memory: 208384K Free: 178125K (85%)
----------------- Invoking toplevel() on ptolemy.moml.MoMLSimpleApplication@7d238a7
----------------- Done invoking toplevel() on ptolemy.moml.MoMLSimpleApplication@7d238a7
reloadAllAccessors: .CatchUpComposite1

===========================================================================================
----------------- testing Mon Sep 17 02:05:52 UTC 2018 /home/travis/build/icyphy/ptII/ptolemy/actor/lib/hoc/test/auto/CatchUpComposite2.xml
----------------- Instantiating /home/travis/build/icyphy/ptII/ptolemy/actor/lib/hoc/test/auto/CatchUpComposite2.xml
17 ms. Memory: 208384K Free: 168279K (81%)
----------------- Invoking toplevel() on ptolemy.moml.MoMLSimpleApplication@5d9ef2b3
----------------- Done invoking toplevel() on ptolemy.moml.MoMLSimpleApplication@5d9ef2b3
reloadAllAccessors: .CatchUpComposite2

===========================================================================================
----------------- testing Mon Sep 17 02:05:52 UTC 2018 /home/travis/build/icyphy/ptII/ptolemy/actor/lib/hoc/test/auto/CatchUpComposite3.xml
----------------- Instantiating /home/travis/build/icyphy/ptII/ptolemy/actor/lib/hoc/test/auto/CatchUpComposite3.xml
12 ms. Memory: 208384K Free: 157452K (76%)
----------------- Invoking toplevel() on ptolemy.moml.MoMLSimpleApplication@3b15f8e1
----------------- Done invoking toplevel() on ptolemy.moml.MoMLSimpleApplication@3b15f8e1
reloadAllAccessors: .CatchUpComposite3

===========================================================================================
----------------- testing Mon Sep 17 02:05:52 UTC 2018 /home/travis/build/icyphy/ptII/ptolemy/actor/lib/hoc/test/auto/CatchUpComposite4.xml
----------------- Instantiating /home/travis/build/icyphy/ptII/ptolemy/actor/lib/hoc/test/auto/CatchUpComposite4.xml
17 ms. Memory: 208384K Free: 148236K (71%)
----------------- Invoking toplevel() on ptolemy.moml.MoMLSimpleApplication@36307f94
----------------- Done invoking toplevel() on ptolemy.moml.MoMLSimpleApplication@36307f94
reloadAllAccessors: .CatchUpComposite4

===========================================================================================
----------------- testing Mon Sep 17 02:05:52 UTC 2018 /home/travis/build/icyphy/ptII/ptolemy/actor/lib/hoc/test/auto/CatchUpComposite5.xml
----------------- Instantiating /home/travis/build/icyphy/ptII/ptolemy/actor/lib/hoc/test/auto/CatchUpComposite5.xml
13 ms. Memory: 208384K Free: 139602K (67%)
----------------- Invoking toplevel() on ptolemy.moml.MoMLSimpleApplication@4c9c934f
----------------- Done invoking toplevel() on ptolemy.moml.MoMLSimpleApplication@4c9c934f
reloadAllAccessors: .CatchUpComposite5

===========================================================================================
----------------- testing Mon Sep 17 02:05:53 UTC 2018 /home/travis/build/icyphy/ptII/ptolemy/actor/lib/hoc/test/auto/CatchUpComposite6.xml
----------------- Instantiating /home/travis/build/icyphy/ptII/ptolemy/actor/lib/hoc/test/auto/CatchUpComposite6.xml
WARNING: The execution aspects in this model can influence the timing of actors by delaying the 
execution, potentially changing the behavior. There is no guarantee that actors fire at the 
time they request to be fired. 
Use Ptides for deterministic DE behavior that is not influenced by execution aspects. 

95 ms. Memory: 208384K Free: 120804K (58%)
----------------- Invoking toplevel() on ptolemy.moml.MoMLSimpleApplication@6bb849cd
----------------- Done invoking toplevel() on ptolemy.moml.MoMLSimpleApplication@6bb849cd
reloadAllAccessors: .CatchUpComposite6

===========================================================================================
----------------- testing Mon Sep 17 02:05:53 UTC 2018 /home/travis/build/icyphy/ptII/ptolemy/actor/lib/hoc/test/auto/CatchUpComposite7.xml
----------------- Instantiating /home/travis/build/icyphy/ptII/ptolemy/actor/lib/hoc/test/auto/CatchUpComposite7.xml
WARNING: The execution aspects in this model can influence the timing of actors by delaying the 
execution, potentially changing the behavior. There is no guarantee that actors fire at the 
time they request to be fired. 
Use Ptides for deterministic DE behavior that is not influenced by execution aspects. 

21 ms. Memory: 208384K Free: 104085K (50%)
----------------- Invoking toplevel() on ptolemy.moml.MoMLSimpleApplication@18a9e596
----------------- Done invoking toplevel() on ptolemy.moml.MoMLSimpleApplication@18a9e596
reloadAllAccessors: .CatchUpComposite7

===========================================================================================
----------------- testing Mon Sep 17 02:05:53 UTC 2018 /home/travis/build/icyphy/ptII/ptolemy/actor/lib/hoc/test/auto/ConcurrentExecutionTimeSDF.xml
----------------- Instantiating /home/travis/build/icyphy/ptII/ptolemy/actor/lib/hoc/test/auto/ConcurrentExecutionTimeSDF.xml
Fired ExecutionTime: 40400000
Fired ExecutionTime: 40400000
Fired ExecutionTime: 40400000
Fired ExecutionTime: 40400000
Fired ExecutionTime: 40400000
Fired ExecutionTime: 40400000
Fired ExecutionTime: 40400000
Fired ExecutionTime: 40400000
Fired ExecutionTime: 40400000
Fired ExecutionTime: 40400000
Fired ExecutionTime: 40400000
Fired ExecutionTime: 40400000
Fired ExecutionTime: 40400000
Fired ExecutionTime: 40400000
Fired ExecutionTime: 40400000
Fired ExecutionTime: 40400000
Fired ExecutionTime: 40400000
Fired ExecutionTime: 40400000
Fired ExecutionTime: 40400000
Fired ExecutionTime: 40400000
1568 ms. Memory: 208384K Free: 96002K (46%)
----------------- Invoking toplevel() on ptolemy.moml.MoMLSimpleApplication@d149104
----------------- Done invoking toplevel() on ptolemy.moml.MoMLSimpleApplication@d149104
reloadAllAccessors: .ConcurrentExecutionTimeSDF

===========================================================================================
----------------- testing Mon Sep 17 02:05:54 UTC 2018 /home/travis/build/icyphy/ptII/ptolemy/actor/lib/hoc/test/auto/ConcurrentSleep.xml
----------------- Instantiating /home/travis/build/icyphy/ptII/ptolemy/actor/lib/hoc/test/auto/ConcurrentSleep.xml
741 ms. Memory: 208384K Free: 80906K (39%)
----------------- Invoking toplevel() on ptolemy.moml.MoMLSimpleApplication@3e28f8b6
----------------- Done invoking toplevel() on ptolemy.moml.MoMLSimpleApplication@3e28f8b6
reloadAllAccessors: .ConcurrentSleep

===========================================================================================
----------------- testing Mon Sep 17 02:05:55 UTC 2018 /home/travis/build/icyphy/ptII/ptolemy/actor/lib/hoc/test/auto/DEInPNInRunCompositeActor.xml
----------------- Instantiating /home/travis/build/icyphy/ptII/ptolemy/actor/lib/hoc/test/auto/DEInPNInRunCompositeActor.xml
9 ms. Memory: 208384K Free: 196450K (94%)
----------------- Invoking toplevel() on ptolemy.moml.MoMLSimpleApplication@1a966efe
----------------- Done invoking toplevel() on ptolemy.moml.MoMLSimpleApplication@1a966efe
reloadAllAccessors: .DEInPNInRunCompositeActor

===========================================================================================
----------------- testing Mon Sep 17 02:05:55 UTC 2018 /home/travis/build/icyphy/ptII/ptolemy/actor/lib/hoc/test/auto/DFTSubSetTest.xml
----------------- Instantiating /home/travis/build/icyphy/ptII/ptolemy/actor/lib/hoc/test/auto/DFTSubSetTest.xml
160 ms. Memory: 208384K Free: 147985K (71%)
----------------- Invoking toplevel() on ptolemy.moml.MoMLSimpleApplication@339b52d6
----------------- Done invoking toplevel() on ptolemy.moml.MoMLSimpleApplication@339b52d6
reloadAllAccessors: .DFTSubSetTest

===========================================================================================
----------------- testing Mon Sep 17 02:05:55 UTC 2018 /home/travis/build/icyphy/ptII/ptolemy/actor/lib/hoc/test/auto/HocDE.xml
----------------- Instantiating /home/travis/build/icyphy/ptII/ptolemy/actor/lib/hoc/test/auto/HocDE.xml
134 ms. Memory: 208384K Free: 120903K (58%)
----------------- Invoking toplevel() on ptolemy.moml.MoMLSimpleApplication@7842bfe2
----------------- Done invoking toplevel() on ptolemy.moml.MoMLSimpleApplication@7842bfe2
reloadAllAccessors: .HocDE

===========================================================================================
----------------- testing Mon Sep 17 02:05:56 UTC 2018 /home/travis/build/icyphy/ptII/ptolemy/actor/lib/hoc/test/auto/IterateOverArray.xml
----------------- Instantiating /home/travis/build/icyphy/ptII/ptolemy/actor/lib/hoc/test/auto/IterateOverArray.xml
6 ms. Memory: 208384K Free: 114515K (55%)
----------------- Invoking toplevel() on ptolemy.moml.MoMLSimpleApplication@26ae5ae6
----------------- Done invoking toplevel() on ptolemy.moml.MoMLSimpleApplication@26ae5ae6
reloadAllAccessors: .IterateOverArray

===========================================================================================
----------------- testing Mon Sep 17 02:05:56 UTC 2018 /home/travis/build/icyphy/ptII/ptolemy/actor/lib/hoc/test/auto/IterateOverArray10.xml
----------------- Instantiating /home/travis/build/icyphy/ptII/ptolemy/actor/lib/hoc/test/auto/IterateOverArray10.xml
2 ms. Memory: 208384K Free: 110419K (53%)
----------------- Invoking toplevel() on ptolemy.moml.MoMLSimpleApplication@5ef3c9cb
----------------- Done invoking toplevel() on ptolemy.moml.MoMLSimpleApplication@5ef3c9cb
reloadAllAccessors: .IterateOverArray10

===========================================================================================
----------------- testing Mon Sep 17 02:05:56 UTC 2018 /home/travis/build/icyphy/ptII/ptolemy/actor/lib/hoc/test/auto/IterateOverArray11.xml
----------------- Instantiating /home/travis/build/icyphy/ptII/ptolemy/actor/lib/hoc/test/auto/IterateOverArray11.xml
5 ms. Memory: 208384K Free: 104867K (50%)
----------------- Invoking toplevel() on ptolemy.moml.MoMLSimpleApplication@39238073
----------------- Done invoking toplevel() on ptolemy.moml.MoMLSimpleApplication@39238073
reloadAllAccessors: .IterateOverArray11

===========================================================================================
----------------- testing Mon Sep 17 02:05:56 UTC 2018 /home/travis/build/icyphy/ptII/ptolemy/actor/lib/hoc/test/auto/IterateOverArray12.xml
----------------- Instantiating /home/travis/build/icyphy/ptII/ptolemy/actor/lib/hoc/test/auto/IterateOverArray12.xml
17 ms. Memory: 208384K Free: 98313K (47%)
----------------- Invoking toplevel() on ptolemy.moml.MoMLSimpleApplication@654244a9
----------------- Done invoking toplevel() on ptolemy.moml.MoMLSimpleApplication@654244a9
reloadAllAccessors: .IterateOverArray12

===========================================================================================
----------------- testing Mon Sep 17 02:05:56 UTC 2018 /home/travis/build/icyphy/ptII/ptolemy/actor/lib/hoc/test/auto/IterateOverArray13.xml
----------------- Instantiating /home/travis/build/icyphy/ptII/ptolemy/actor/lib/hoc/test/auto/IterateOverArray13.xml
71 ms. Memory: 331264K Free: 312922K (94%)
----------------- Invoking toplevel() on ptolemy.moml.MoMLSimpleApplication@1f1bc2b3
----------------- Done invoking toplevel() on ptolemy.moml.MoMLSimpleApplication@1f1bc2b3
reloadAllAccessors: .IterateOverArray13

===========================================================================================
----------------- testing Mon Sep 17 02:05:56 UTC 2018 /home/travis/build/icyphy/ptII/ptolemy/actor/lib/hoc/test/auto/IterateOverArray14.xml
----------------- Instantiating /home/travis/build/icyphy/ptII/ptolemy/actor/lib/hoc/test/auto/IterateOverArray14.xml
66 ms. Memory: 331264K Free: 276179K (83%)
----------------- Invoking toplevel() on ptolemy.moml.MoMLSimpleApplication@26caa14d
----------------- Done invoking toplevel() on ptolemy.moml.MoMLSimpleApplication@26caa14d
reloadAllAccessors: .IterateOverArray14

===========================================================================================
----------------- testing Mon Sep 17 02:05:56 UTC 2018 /home/travis/build/icyphy/ptII/ptolemy/actor/lib/hoc/test/auto/IterateOverArray2.xml
----------------- Instantiating /home/travis/build/icyphy/ptII/ptolemy/actor/lib/hoc/test/auto/IterateOverArray2.xml
8 ms. Memory: 331264K Free: 269653K (81%)
----------------- Invoking toplevel() on ptolemy.moml.MoMLSimpleApplication@1da4340f
----------------- Done invoking toplevel() on ptolemy.moml.MoMLSimpleApplication@1da4340f
reloadAllAccessors: .IterateOverArray2

===========================================================================================
----------------- testing Mon Sep 17 02:05:56 UTC 2018 /home/travis/build/icyphy/ptII/ptolemy/actor/lib/hoc/test/auto/IterateOverArray3.xml
----------------- Instantiating /home/travis/build/icyphy/ptII/ptolemy/actor/lib/hoc/test/auto/IterateOverArray3.xml
10 ms. Memory: 331264K Free: 262278K (79%)
----------------- Invoking toplevel() on ptolemy.moml.MoMLSimpleApplication@5df42242
----------------- Done invoking toplevel() on ptolemy.moml.MoMLSimpleApplication@5df42242
reloadAllAccessors: .IterateOverArray3

===========================================================================================
----------------- testing Mon Sep 17 02:05:56 UTC 2018 /home/travis/build/icyphy/ptII/ptolemy/actor/lib/hoc/test/auto/IterateOverArray4.xml
----------------- Instantiating /home/travis/build/icyphy/ptII/ptolemy/actor/lib/hoc/test/auto/IterateOverArray4.xml
7 ms. Memory: 331264K Free: 257383K (78%)
----------------- Invoking toplevel() on ptolemy.moml.MoMLSimpleApplication@33c6c8d3
----------------- Done invoking toplevel() on ptolemy.moml.MoMLSimpleApplication@33c6c8d3
reloadAllAccessors: .IterateOverArray4

===========================================================================================
----------------- testing Mon Sep 17 02:05:56 UTC 2018 /home/travis/build/icyphy/ptII/ptolemy/actor/lib/hoc/test/auto/IterateOverArray5.xml
----------------- Instantiating /home/travis/build/icyphy/ptII/ptolemy/actor/lib/hoc/test/auto/IterateOverArray5.xml
3 ms. Memory: 331264K Free: 252489K (76%)
----------------- Invoking toplevel() on ptolemy.moml.MoMLSimpleApplication@3d5190c0
----------------- Done invoking toplevel() on ptolemy.moml.MoMLSimpleApplication@3d5190c0
reloadAllAccessors: .IterateOverArray5

===========================================================================================
----------------- testing Mon Sep 17 02:05:56 UTC 2018 /home/travis/build/icyphy/ptII/ptolemy/actor/lib/hoc/test/auto/IterateOverArray6.xml
----------------- Instantiating /home/travis/build/icyphy/ptII/ptolemy/actor/lib/hoc/test/auto/IterateOverArray6.xml
2 ms. Memory: 331264K Free: 246746K (74%)
----------------- Invoking toplevel() on ptolemy.moml.MoMLSimpleApplication@62d6b474
----------------- Done invoking toplevel() on ptolemy.moml.MoMLSimpleApplication@62d6b474
reloadAllAccessors: .IterateOverArray6

===========================================================================================
----------------- testing Mon Sep 17 02:05:56 UTC 2018 /home/travis/build/icyphy/ptII/ptolemy/actor/lib/hoc/test/auto/IterateOverArray7.xml
----------------- Instantiating /home/travis/build/icyphy/ptII/ptolemy/actor/lib/hoc/test/auto/IterateOverArray7.xml
5 ms. Memory: 331264K Free: 241851K (73%)
----------------- Invoking toplevel() on ptolemy.moml.MoMLSimpleApplication@39f3c228
----------------- Done invoking toplevel() on ptolemy.moml.MoMLSimpleApplication@39f3c228
reloadAllAccessors: .IterateOverArray7

===========================================================================================
----------------- testing Mon Sep 17 02:05:56 UTC 2018 /home/travis/build/icyphy/ptII/ptolemy/actor/lib/hoc/test/auto/IterateOverArray8.xml
----------------- Instantiating /home/travis/build/icyphy/ptII/ptolemy/actor/lib/hoc/test/auto/IterateOverArray8.xml
3 ms. Memory: 331264K Free: 236108K (71%)
----------------- Invoking toplevel() on ptolemy.moml.MoMLSimpleApplication@71667736
----------------- Done invoking toplevel() on ptolemy.moml.MoMLSimpleApplication@71667736
reloadAllAccessors: .IterateOverArray8

===========================================================================================
----------------- testing Mon Sep 17 02:05:56 UTC 2018 /home/travis/build/icyphy/ptII/ptolemy/actor/lib/hoc/test/auto/IterateOverArray9.xml
----------------- Instantiating /home/travis/build/icyphy/ptII/ptolemy/actor/lib/hoc/test/auto/IterateOverArray9.xml
4 ms. Memory: 331264K Free: 231214K (70%)
----------------- Invoking toplevel() on ptolemy.moml.MoMLSimpleApplication@3a1ae05
----------------- Done invoking toplevel() on ptolemy.moml.MoMLSimpleApplication@3a1ae05
reloadAllAccessors: .IterateOverArray9

===========================================================================================
----------------- testing Mon Sep 17 02:05:56 UTC 2018 /home/travis/build/icyphy/ptII/ptolemy/actor/lib/hoc/test/auto/IterateOverArrayCoercedOutputType.xml
----------------- Instantiating /home/travis/build/icyphy/ptII/ptolemy/actor/lib/hoc/test/auto/IterateOverArrayCoercedOutputType.xml
3 ms. Memory: 331264K Free: 224687K (68%)
----------------- Invoking toplevel() on ptolemy.moml.MoMLSimpleApplication@758197bb
----------------- Done invoking toplevel() on ptolemy.moml.MoMLSimpleApplication@758197bb
reloadAllAccessors: .IterateOverArrayCoercedOutputType

===========================================================================================
----------------- testing Mon Sep 17 02:05:56 UTC 2018 /home/travis/build/icyphy/ptII/ptolemy/actor/lib/hoc/test/auto/IterateOverArrayInferredOutputType.xml
----------------- Instantiating /home/travis/build/icyphy/ptII/ptolemy/actor/lib/hoc/test/auto/IterateOverArrayInferredOutputType.xml
4 ms. Memory: 331264K Free: 217313K (66%)
----------------- Invoking toplevel() on ptolemy.moml.MoMLSimpleApplication@1f92534f
----------------- Done invoking toplevel() on ptolemy.moml.MoMLSimpleApplication@1f92534f
reloadAllAccessors: .IterateOverArrayInferredOutputType

===========================================================================================
----------------- testing Mon Sep 17 02:05:56 UTC 2018 /home/travis/build/icyphy/ptII/ptolemy/actor/lib/hoc/test/auto/MobileFunctionTest.xml
----------------- Instantiating /home/travis/build/icyphy/ptII/ptolemy/actor/lib/hoc/test/auto/MobileFunctionTest.xml
5 ms. Memory: 331264K Free: 210754K (64%)
----------------- Invoking toplevel() on ptolemy.moml.MoMLSimpleApplication@4bc7ab34
----------------- Done invoking toplevel() on ptolemy.moml.MoMLSimpleApplication@4bc7ab34
reloadAllAccessors: .MobileFunctionTest

===========================================================================================
----------------- testing Mon Sep 17 02:05:56 UTC 2018 /home/travis/build/icyphy/ptII/ptolemy/actor/lib/hoc/test/auto/MobileModelTest.xml
----------------- Instantiating /home/travis/build/icyphy/ptII/ptolemy/actor/lib/hoc/test/auto/MobileModelTest.xml
80 ms. Memory: 331264K Free: 189528K (57%)
----------------- Invoking toplevel() on ptolemy.moml.MoMLSimpleApplication@570ac63a
----------------- Done invoking toplevel() on ptolemy.moml.MoMLSimpleApplication@570ac63a
reloadAllAccessors: .MobileModelTest

===========================================================================================
----------------- testing Mon Sep 17 02:05:56 UTC 2018 /home/travis/build/icyphy/ptII/ptolemy/actor/lib/hoc/test/auto/ModelReference.xml
----------------- Instantiating /home/travis/build/icyphy/ptII/ptolemy/actor/lib/hoc/test/auto/ModelReference.xml
6 ms. Memory: 331264K Free: 178890K (54%)
2 ms. Memory: 331264K Free: 178890K (54%)
2 ms. Memory: 331264K Free: 177259K (54%)
3 ms. Memory: 331264K Free: 177259K (54%)
2 ms. Memory: 331264K Free: 175627K (53%)
1 ms. Memory: 331264K Free: 175627K (53%)
1 ms. Memory: 331264K Free: 173995K (53%)
1 ms. Memory: 331264K Free: 173995K (53%)
4 ms. Memory: 331264K Free: 172364K (52%)
2 ms. Memory: 331264K Free: 172364K (52%)
43 ms. Memory: 331264K Free: 172364K (52%)
----------------- Invoking toplevel() on ptolemy.moml.MoMLSimpleApplication@3519e6f5
----------------- Done invoking toplevel() on ptolemy.moml.MoMLSimpleApplication@3519e6f5
reloadAllAccessors: .ModelReference

===========================================================================================
----------------- testing Mon Sep 17 02:05:57 UTC 2018 /home/travis/build/icyphy/ptII/ptolemy/actor/lib/hoc/test/auto/ModelReference3.xml
----------------- Instantiating /home/travis/build/icyphy/ptII/ptolemy/actor/lib/hoc/test/auto/ModelReference3.xml
2 ms. Memory: 331264K Free: 167469K (51%)
5 ms. Memory: 331264K Free: 165838K (50%)
2 ms. Memory: 331264K Free: 165838K (50%)
3 ms. Memory: 331264K Free: 164206K (50%)
1 ms. Memory: 331264K Free: 164206K (50%)
2 ms. Memory: 331264K Free: 162574K (49%)
1 ms. Memory: 331264K Free: 162574K (49%)
1 ms. Memory: 331264K Free: 160943K (49%)
1 ms. Memory: 331264K Free: 160943K (49%)
1 ms. Memory: 331264K Free: 159311K (48%)
26 ms. Memory: 331264K Free: 159311K (48%)
----------------- Invoking toplevel() on ptolemy.moml.MoMLSimpleApplication@a1c8f2c
----------------- Done invoking toplevel() on ptolemy.moml.MoMLSimpleApplication@a1c8f2c
reloadAllAccessors: .ModelReference3

===========================================================================================
----------------- testing Mon Sep 17 02:05:57 UTC 2018 /home/travis/build/icyphy/ptII/ptolemy/actor/lib/hoc/test/auto/ModelReference4.xml
----------------- Instantiating /home/travis/build/icyphy/ptII/ptolemy/actor/lib/hoc/test/auto/ModelReference4.xml
3 ms. Memory: 331264K Free: 151937K (46%)
3 ms. Memory: 331264K Free: 150305K (45%)
2 ms. Memory: 331264K Free: 148674K (45%)
10 ms. Memory: 331264K Free: 147042K (44%)
2 ms. Memory: 331264K Free: 143779K (43%)
11 ms. Memory: 331264K Free: 142147K (43%)
2 ms. Memory: 331264K Free: 140516K (42%)
2 ms. Memory: 331264K Free: 138884K (42%)
2 ms. Memory: 331264K Free: 137253K (41%)
2 ms. Memory: 331264K Free: 135621K (41%)
10032 ms. Memory: 331264K Free: 135621K (41%)
----------------- Invoking toplevel() on ptolemy.moml.MoMLSimpleApplication@3d056e93
----------------- Done invoking toplevel() on ptolemy.moml.MoMLSimpleApplication@3d056e93
reloadAllAccessors: .ModelReference4

===========================================================================================
----------------- testing Mon Sep 17 02:06:07 UTC 2018 /home/travis/build/icyphy/ptII/ptolemy/actor/lib/hoc/test/auto/MultiInstanceComposite.xml
----------------- Instantiating /home/travis/build/icyphy/ptII/ptolemy/actor/lib/hoc/test/auto/MultiInstanceComposite.xml
23 ms. Memory: 331264K Free: 117674K (36%)
----------------- Invoking toplevel() on ptolemy.moml.MoMLSimpleApplication@6c5989a8
----------------- Done invoking toplevel() on ptolemy.moml.MoMLSimpleApplication@6c5989a8
reloadAllAccessors: .MultiInstanceComposite

===========================================================================================
----------------- testing Mon Sep 17 02:06:07 UTC 2018 /home/travis/build/icyphy/ptII/ptolemy/actor/lib/hoc/test/auto/MultiInstanceComposite2.xml
----------------- Instantiating /home/travis/build/icyphy/ptII/ptolemy/actor/lib/hoc/test/auto/MultiInstanceComposite2.xml
14 ms. Memory: 331264K Free: 104621K (32%)
----------------- Invoking toplevel() on ptolemy.moml.MoMLSimpleApplication@5e8ffd93
----------------- Done invoking toplevel() on ptolemy.moml.MoMLSimpleApplication@5e8ffd93
reloadAllAccessors: .MultiInstanceComposite2

===========================================================================================
----------------- testing Mon Sep 17 02:06:07 UTC 2018 /home/travis/build/icyphy/ptII/ptolemy/actor/lib/hoc/test/auto/MulticoreExecution.xml
----------------- Instantiating /home/travis/build/icyphy/ptII/ptolemy/actor/lib/hoc/test/auto/MulticoreExecution.xml
Fired ExecutionTime: 6800000
Fired ExecutionTime: 12800000
Fired ExecutionTime: 50800000
Fired ExecutionTime: 24400000
Fired ExecutionTime: 66000000
Fired ExecutionTime: 66400000
Fired ExecutionTime: 41200000
Fired ExecutionTime: 50000000
Fired ExecutionTime: 66000000
Fired ExecutionTime: 66400000
Fired ExecutionTime: 65600000
Fired ExecutionTime: 69200000
Fired ExecutionTime: 66000000
Fired ExecutionTime: 65600000
Fired ExecutionTime: 122000000
Fired ExecutionTime: 122400000
Fired ExecutionTime: 78800000
Fired ExecutionTime: 79600000
Fired ExecutionTime: 95600000
Fired ExecutionTime: 95200000
1041 ms. Memory: 331264K Free: 90720K (27%)
----------------- Invoking toplevel() on ptolemy.moml.MoMLSimpleApplication@bd564ab
----------------- Done invoking toplevel() on ptolemy.moml.MoMLSimpleApplication@bd564ab
reloadAllAccessors: .MulticoreExecution

===========================================================================================
----------------- testing Mon Sep 17 02:06:08 UTC 2018 /home/travis/build/icyphy/ptII/ptolemy/actor/lib/hoc/test/auto/ParallelExecution.xml
----------------- Instantiating /home/travis/build/icyphy/ptII/ptolemy/actor/lib/hoc/test/auto/ParallelExecution.xml
926 ms. Memory: 331264K Free: 79434K (24%)
----------------- Invoking toplevel() on ptolemy.moml.MoMLSimpleApplication@bce3c6f
----------------- Done invoking toplevel() on ptolemy.moml.MoMLSimpleApplication@bce3c6f
reloadAllAccessors: .ParallelExecution

===========================================================================================
----------------- testing Mon Sep 17 02:06:09 UTC 2018 /home/travis/build/icyphy/ptII/ptolemy/actor/lib/hoc/test/auto/RunCompositeActor.xml
----------------- Instantiating /home/travis/build/icyphy/ptII/ptolemy/actor/lib/hoc/test/auto/RunCompositeActor.xml
7 ms. Memory: 332288K Free: 316559K (95%)
----------------- Invoking toplevel() on ptolemy.moml.MoMLSimpleApplication@3ddb8280
----------------- Done invoking toplevel() on ptolemy.moml.MoMLSimpleApplication@3ddb8280
reloadAllAccessors: .RunCompositeActor

===========================================================================================
----------------- testing Mon Sep 17 02:06:09 UTC 2018 /home/travis/build/icyphy/ptII/ptolemy/actor/lib/hoc/test/auto/RunCompositeActor2.xml
----------------- Instantiating /home/travis/build/icyphy/ptII/ptolemy/actor/lib/hoc/test/auto/RunCompositeActor2.xml
5 ms. Memory: 332288K Free: 310017K (93%)
----------------- Invoking toplevel() on ptolemy.moml.MoMLSimpleApplication@21433a45
----------------- Done invoking toplevel() on ptolemy.moml.MoMLSimpleApplication@21433a45
reloadAllAccessors: .RunCompositeActor2

===========================================================================================
----------------- testing Mon Sep 17 02:06:09 UTC 2018 /home/travis/build/icyphy/ptII/ptolemy/actor/lib/hoc/test/auto/RunCompositeActor3.xml
----------------- Instantiating /home/travis/build/icyphy/ptII/ptolemy/actor/lib/hoc/test/auto/RunCompositeActor3.xml
4 ms. Memory: 332288K Free: 302868K (91%)
----------------- Invoking toplevel() on ptolemy.moml.MoMLSimpleApplication@78991b94
----------------- Done invoking toplevel() on ptolemy.moml.MoMLSimpleApplication@78991b94
reloadAllAccessors: .RunCompositeActor3

===========================================================================================
----------------- testing Mon Sep 17 02:06:09 UTC 2018 /home/travis/build/icyphy/ptII/ptolemy/actor/lib/hoc/test/auto/RunCompositeActor4.xml
----------------- Instantiating /home/travis/build/icyphy/ptII/ptolemy/actor/lib/hoc/test/auto/RunCompositeActor4.xml
10 ms. Memory: 332288K Free: 293030K (88%)
----------------- Invoking toplevel() on ptolemy.moml.MoMLSimpleApplication@fb43efa
----------------- Done invoking toplevel() on ptolemy.moml.MoMLSimpleApplication@fb43efa
reloadAllAccessors: .RunCompositeActor4

===========================================================================================
----------------- testing Mon Sep 17 02:06:09 UTC 2018 /home/travis/build/icyphy/ptII/ptolemy/actor/lib/hoc/test/auto/RunCompositeIterateOverArray.xml
----------------- Instantiating /home/travis/build/icyphy/ptII/ptolemy/actor/lib/hoc/test/auto/RunCompositeIterateOverArray.xml
9 ms. Memory: 332288K Free: 284064K (85%)
----------------- Invoking toplevel() on ptolemy.moml.MoMLSimpleApplication@79a9385b
----------------- Done invoking toplevel() on ptolemy.moml.MoMLSimpleApplication@79a9385b
reloadAllAccessors: .RunCompositeIterateOverArray

===========================================================================================
----------------- testing Mon Sep 17 02:06:09 UTC 2018 /home/travis/build/icyphy/ptII/ptolemy/actor/lib/hoc/test/auto/ThreadedJS.xml
----------------- Instantiating /home/travis/build/icyphy/ptII/ptolemy/actor/lib/hoc/test/auto/ThreadedJS.xml
1591 ms. Memory: 541184K Free: 157958K (29%)
----------------- Invoking toplevel() on ptolemy.moml.MoMLSimpleApplication@3f1b73fd
----------------- Done invoking toplevel() on ptolemy.moml.MoMLSimpleApplication@3f1b73fd
reloadAllAccessors: .ThreadedJS
AutoTests.java: About to close Vertx.
AutoTests.java: Vertx closed.
]]></system-out>
  <system-err><![CDATA[java.lang.RuntimeException: Execution failed
	at ptolemy.moml.MoMLSimpleApplication$UnloadThread.run(MoMLSimpleApplication.java:402)
Caused by: ptolemy.kernel.util.IllegalActionException: initialize() was called after wrapup() was called but preinitialize() was not called after wrapup().
	at ptolemy.actor.lib.hoc.test.PreinitializeMustBeInvoked.initialize(PreinitializeMustBeInvoked.java:78)
	at ptolemy.actor.Director.initialize(Director.java:938)
	at ptolemy.actor.Director.initialize(Director.java:907)
	at ptolemy.actor.sched.StaticSchedulingDirector.initialize(StaticSchedulingDirector.java:159)
	at ptolemy.domains.sdf.kernel.SDFDirector.initialize(SDFDirector.java:544)
	at ptolemy.actor.CompositeActor.initialize(CompositeActor.java:935)
	at ptolemy.actor.lib.hoc.LifeCycleManager._executeInsideModel(LifeCycleManager.java:339)
	at ptolemy.actor.lib.hoc.RunCompositeActor.fire(RunCompositeActor.java:205)
	at ptolemy.actor.CompositeActor.iterate(CompositeActor.java:1146)
	at ptolemy.actor.sched.StaticSchedulingDirector.fire(StaticSchedulingDirector.java:216)
	at ptolemy.domains.sdf.kernel.SDFDirector.fire(SDFDirector.java:500)
	at ptolemy.actor.CompositeActor.fire(CompositeActor.java:455)
	at ptolemy.actor.Manager.iterate(Manager.java:851)
	at ptolemy.actor.Manager.execute(Manager.java:369)
	at ptolemy.actor.Manager.run(Manager.java:1263)
	at ptolemy.actor.Manager$PtolemyRunThread.run(Manager.java:1915)
java.lang.reflect.InvocationTargetException
	at sun.reflect.NativeConstructorAccessorImpl.newInstance0(Native Method)
	at sun.reflect.NativeConstructorAccessorImpl.newInstance(NativeConstructorAccessorImpl.java:62)
	at sun.reflect.DelegatingConstructorAccessorImpl.newInstance(DelegatingConstructorAccessorImpl.java:45)
	at java.lang.reflect.Constructor.newInstance(Constructor.java:423)
	at ptolemy.util.test.junit.AutoKnownFailedTests.RunModel(AutoKnownFailedTests.java:107)
	at sun.reflect.NativeMethodAccessorImpl.invoke0(Native Method)
	at sun.reflect.NativeMethodAccessorImpl.invoke(NativeMethodAccessorImpl.java:62)
	at sun.reflect.DelegatingMethodAccessorImpl.invoke(DelegatingMethodAccessorImpl.java:43)
	at java.lang.reflect.Method.invoke(Method.java:498)
	at org.junit.runners.model.FrameworkMethod$1.runReflectiveCall(FrameworkMethod.java:44)
	at org.junit.internal.runners.model.ReflectiveCallable.run(ReflectiveCallable.java:15)
	at org.junit.runners.model.FrameworkMethod.invokeExplosively(FrameworkMethod.java:41)
	at junitparams.internal.InvokeParameterisedMethod.evaluate(InvokeParameterisedMethod.java:102)
	at org.junit.internal.runners.statements.FailOnTimeout$1.run(FailOnTimeout.java:28)
Caused by: ptolemy.kernel.util.IllegalActionException: initialize() was called after wrapup() was called but preinitialize() was not called after wrapup().
	at ptolemy.actor.lib.hoc.test.PreinitializeMustBeInvoked.initialize(PreinitializeMustBeInvoked.java:78)
	at ptolemy.actor.Director.initialize(Director.java:938)
	at ptolemy.actor.Director.initialize(Director.java:907)
	at ptolemy.actor.sched.StaticSchedulingDirector.initialize(StaticSchedulingDirector.java:159)
	at ptolemy.domains.sdf.kernel.SDFDirector.initialize(SDFDirector.java:544)
	at ptolemy.actor.CompositeActor.initialize(CompositeActor.java:935)
	at ptolemy.actor.lib.hoc.LifeCycleManager._executeInsideModel(LifeCycleManager.java:339)
	at ptolemy.actor.lib.hoc.RunCompositeActor.fire(RunCompositeActor.java:205)
	at ptolemy.actor.CompositeActor.iterate(CompositeActor.java:1146)
	at ptolemy.actor.sched.StaticSchedulingDirector.fire(StaticSchedulingDirector.java:216)
	at ptolemy.domains.sdf.kernel.SDFDirector.fire(SDFDirector.java:500)
	at ptolemy.actor.CompositeActor.fire(CompositeActor.java:455)
	at ptolemy.actor.Manager.iterate(Manager.java:851)
	at ptolemy.actor.Manager.execute(Manager.java:369)
	at ptolemy.actor.Manager.run(Manager.java:1263)
	at ptolemy.actor.Manager$PtolemyRunThread.run(Manager.java:1915)
]]></system-err>
</testsuite>
