<?xml version="1.0" encoding="UTF-8" ?>
<testsuite errors="0" failures="0" hostname="travis-job-e7f1440c-f457-4520-8d52-e64013336ff7" name="ptolemy.domains.continuous.test.junit.JUnitTclTest" skipped="0" tests="156" time="74.215" timestamp="2018-11-21T02:48:32">
  <properties>
[...]
</properties>
  <testcase classname="ptolemy.util.test.junit.TclTests" name="[0] ThereAreNoTclTests (RunTclFile)" time="0.001" />
  <testcase classname="ptolemy.util.test.junit.AutoKnownFailedTests" name="[0] ThereAreNoKnowFailedTests (RunModel)" time="0.001" />
  <testcase classname="ptolemy.util.test.junit.AutoNameArchTests" name="[0] ThereAreNoAutoArchTests (RunModel)" time="0.001" />
  <testcase classname="ptolemy.util.test.junit.AutoTests" name="[0] /home/travis/build/icyphy/ptII/ptolemy/domains/continuous/test/auto/BouncingBall.xml (RunModel)" time="2.979" />
  <testcase classname="ptolemy.util.test.junit.AutoTests" name="[1] /home/travis/build/icyphy/ptII/ptolemy/domains/continuous/test/auto/BouncingBallWithoutGR.xml (RunModel)" time="0.916" />
  <testcase classname="ptolemy.util.test.junit.AutoTests" name="[2] /home/travis/build/icyphy/ptII/ptolemy/domains/continuous/test/auto/Brownian.xml (RunModel)" time="0.108" />
  <testcase classname="ptolemy.util.test.junit.AutoTests" name="[3] /home/travis/build/icyphy/ptII/ptolemy/domains/continuous/test/auto/CarTracking.xml (RunModel)" time="3.813" />
  <testcase classname="ptolemy.util.test.junit.AutoTests" name="[4] /home/travis/build/icyphy/ptII/ptolemy/domains/continuous/test/auto/CartPendulum.xml (RunModel)" time="0.545" />
  <testcase classname="ptolemy.util.test.junit.AutoTests" name="[5] /home/travis/build/icyphy/ptII/ptolemy/domains/continuous/test/auto/CausalityInterface10.xml (RunModel)" time="0.049" />
  <testcase classname="ptolemy.util.test.junit.AutoTests" name="[6] /home/travis/build/icyphy/ptII/ptolemy/domains/continuous/test/auto/CausalityInterface11.xml (RunModel)" time="0.038" />
  <testcase classname="ptolemy.util.test.junit.AutoTests" name="[7] /home/travis/build/icyphy/ptII/ptolemy/domains/continuous/test/auto/CausalityInterface12.xml (RunModel)" time="0.038" />
  <testcase classname="ptolemy.util.test.junit.AutoTests" name="[8] /home/travis/build/icyphy/ptII/ptolemy/domains/continuous/test/auto/CausalityInterface13.xml (RunModel)" time="0.031" />
  <testcase classname="ptolemy.util.test.junit.AutoTests" name="[9] /home/travis/build/icyphy/ptII/ptolemy/domains/continuous/test/auto/CausalityInterface14.xml (RunModel)" time="0.033" />
  <testcase classname="ptolemy.util.test.junit.AutoTests" name="[10] /home/travis/build/icyphy/ptII/ptolemy/domains/continuous/test/auto/CausalityInterface4.xml (RunModel)" time="0.042" />
  <testcase classname="ptolemy.util.test.junit.AutoTests" name="[11] /home/travis/build/icyphy/ptII/ptolemy/domains/continuous/test/auto/CausalityInterface5.xml (RunModel)" time="0.05" />
  <testcase classname="ptolemy.util.test.junit.AutoTests" name="[12] /home/travis/build/icyphy/ptII/ptolemy/domains/continuous/test/auto/CausalityInterface6.xml (RunModel)" time="0.029" />
  <testcase classname="ptolemy.util.test.junit.AutoTests" name="[13] /home/travis/build/icyphy/ptII/ptolemy/domains/continuous/test/auto/CausalityInterface7.xml (RunModel)" time="0.047" />
  <testcase classname="ptolemy.util.test.junit.AutoTests" name="[14] /home/travis/build/icyphy/ptII/ptolemy/domains/continuous/test/auto/CausalityInterface8.xml (RunModel)" time="0.053" />
  <testcase classname="ptolemy.util.test.junit.AutoTests" name="[15] /home/travis/build/icyphy/ptII/ptolemy/domains/continuous/test/auto/CausalityInterface9.xml (RunModel)" time="0.05" />
  <testcase classname="ptolemy.util.test.junit.AutoTests" name="[16] /home/travis/build/icyphy/ptII/ptolemy/domains/continuous/test/auto/CausalityInterfaceFeedback1.xml (RunModel)" time="0.032" />
  <testcase classname="ptolemy.util.test.junit.AutoTests" name="[17] /home/travis/build/icyphy/ptII/ptolemy/domains/continuous/test/auto/CausalityInterfaceFeedback2.xml (RunModel)" time="0.038" />
  <testcase classname="ptolemy.util.test.junit.AutoTests" name="[18] /home/travis/build/icyphy/ptII/ptolemy/domains/continuous/test/auto/CompareWithCurrentTime.xml (RunModel)" time="0.026" />
  <testcase classname="ptolemy.util.test.junit.AutoTests" name="[19] /home/travis/build/icyphy/ptII/ptolemy/domains/continuous/test/auto/ComparedClocks.xml (RunModel)" time="0.076" />
  <testcase classname="ptolemy.util.test.junit.AutoTests" name="[20] /home/travis/build/icyphy/ptII/ptolemy/domains/continuous/test/auto/ContinuousAOCClone.xml (RunModel)" time="2.729" />
  <testcase classname="ptolemy.util.test.junit.AutoTests" name="[21] /home/travis/build/icyphy/ptII/ptolemy/domains/continuous/test/auto/ContinuousClock.xml (RunModel)" time="0.073" />
  <testcase classname="ptolemy.util.test.junit.AutoTests" name="[22] /home/travis/build/icyphy/ptII/ptolemy/domains/continuous/test/auto/ContinuousInContinuous.xml (RunModel)" time="0.073" />
  <testcase classname="ptolemy.util.test.junit.AutoTests" name="[23] /home/travis/build/icyphy/ptII/ptolemy/domains/continuous/test/auto/ContinuousInContinuousInContinuous.xml (RunModel)" time="0.026" />
  <testcase classname="ptolemy.util.test.junit.AutoTests" name="[24] /home/travis/build/icyphy/ptII/ptolemy/domains/continuous/test/auto/ContinuousInDE.xml (RunModel)" time="0.137" />
  <testcase classname="ptolemy.util.test.junit.AutoTests" name="[25] /home/travis/build/icyphy/ptII/ptolemy/domains/continuous/test/auto/ContinuousInDE2.xml (RunModel)" time="0.059" />
  <testcase classname="ptolemy.util.test.junit.AutoTests" name="[26] /home/travis/build/icyphy/ptII/ptolemy/domains/continuous/test/auto/ContinuousInDE3.xml (RunModel)" time="0.062" />
  <testcase classname="ptolemy.util.test.junit.AutoTests" name="[27] /home/travis/build/icyphy/ptII/ptolemy/domains/continuous/test/auto/ContinuousInDE4.xml (RunModel)" time="0.036" />
  <testcase classname="ptolemy.util.test.junit.AutoTests" name="[28] /home/travis/build/icyphy/ptII/ptolemy/domains/continuous/test/auto/ContinuousInDEDifferentRefinements.xml (RunModel)" time="0.117" />
  <testcase classname="ptolemy.util.test.junit.AutoTests" name="[29] /home/travis/build/icyphy/ptII/ptolemy/domains/continuous/test/auto/ContinuousInDEDifferentRefinementsPreemptive.xml (RunModel)" time="0.093" />
  <testcase classname="ptolemy.util.test.junit.AutoTests" name="[30] /home/travis/build/icyphy/ptII/ptolemy/domains/continuous/test/auto/ContinuousInDEInContinuous2.xml (RunModel)" time="0.062" />
  <testcase classname="ptolemy.util.test.junit.AutoTests" name="[31] /home/travis/build/icyphy/ptII/ptolemy/domains/continuous/test/auto/ContinuousInDEInContinuous3.xml (RunModel)" time="0.106" />
  <testcase classname="ptolemy.util.test.junit.AutoTests" name="[32] /home/travis/build/icyphy/ptII/ptolemy/domains/continuous/test/auto/ContinuousInDEInput.xml (RunModel)" time="0.041" />
  <testcase classname="ptolemy.util.test.junit.AutoTests" name="[33] /home/travis/build/icyphy/ptII/ptolemy/domains/continuous/test/auto/ContinuousInDEInput2.xml (RunModel)" time="0.038" />
  <testcase classname="ptolemy.util.test.junit.AutoTests" name="[34] /home/travis/build/icyphy/ptII/ptolemy/domains/continuous/test/auto/ContinuousInDEInput3.xml (RunModel)" time="0.037" />
  <testcase classname="ptolemy.util.test.junit.AutoTests" name="[35] /home/travis/build/icyphy/ptII/ptolemy/domains/continuous/test/auto/ContinuousInDESharingRefinement.xml (RunModel)" time="0.168" />
  <testcase classname="ptolemy.util.test.junit.AutoTests" name="[36] /home/travis/build/icyphy/ptII/ptolemy/domains/continuous/test/auto/ContinuousInDEwithNoPorts.xml (RunModel)" time="0.021" />
  <testcase classname="ptolemy.util.test.junit.AutoTests" name="[37] /home/travis/build/icyphy/ptII/ptolemy/domains/continuous/test/auto/ContinuousInsideDE.xml (RunModel)" time="0.088" />
  <testcase classname="ptolemy.util.test.junit.AutoTests" name="[38] /home/travis/build/icyphy/ptII/ptolemy/domains/continuous/test/auto/ContinuousMerge1.xml (RunModel)" time="0.017" />
  <testcase classname="ptolemy.util.test.junit.AutoTests" name="[39] /home/travis/build/icyphy/ptII/ptolemy/domains/continuous/test/auto/ContinuousMerge2.xml (RunModel)" time="0.047" />
  <testcase classname="ptolemy.util.test.junit.AutoTests" name="[40] /home/travis/build/icyphy/ptII/ptolemy/domains/continuous/test/auto/ContinuousMerge3.xml (RunModel)" time="0.073" />
  <testcase classname="ptolemy.util.test.junit.AutoTests" name="[41] /home/travis/build/icyphy/ptII/ptolemy/domains/continuous/test/auto/ContinuousWithinContinuous.xml (RunModel)" time="0.067" />
  <testcase classname="ptolemy.util.test.junit.AutoTests" name="[42] /home/travis/build/icyphy/ptII/ptolemy/domains/continuous/test/auto/ContinuousWithinContinuous2.xml (RunModel)" time="0.098" />
  <testcase classname="ptolemy.util.test.junit.AutoTests" name="[43] /home/travis/build/icyphy/ptII/ptolemy/domains/continuous/test/auto/ContinuousWithinContinuous3.xml (RunModel)" time="0.035" />
  <testcase classname="ptolemy.util.test.junit.AutoTests" name="[44] /home/travis/build/icyphy/ptII/ptolemy/domains/continuous/test/auto/ContinuousWithinContinuous4.xml (RunModel)" time="0.094" />
  <testcase classname="ptolemy.util.test.junit.AutoTests" name="[45] /home/travis/build/icyphy/ptII/ptolemy/domains/continuous/test/auto/ContinuousWithinContinuous5.xml (RunModel)" time="0.034" />
  <testcase classname="ptolemy.util.test.junit.AutoTests" name="[46] /home/travis/build/icyphy/ptII/ptolemy/domains/continuous/test/auto/ContinuousWithinContinuous6.xml (RunModel)" time="0.065" />
  <testcase classname="ptolemy.util.test.junit.AutoTests" name="[47] /home/travis/build/icyphy/ptII/ptolemy/domains/continuous/test/auto/ContinuousWithinContinuous7.xml (RunModel)" time="0.087" />
  <testcase classname="ptolemy.util.test.junit.AutoTests" name="[48] /home/travis/build/icyphy/ptII/ptolemy/domains/continuous/test/auto/DCMotor.xml (RunModel)" time="13.951" />
  <testcase classname="ptolemy.util.test.junit.AutoTests" name="[49] /home/travis/build/icyphy/ptII/ptolemy/domains/continuous/test/auto/DEInContinuous.xml (RunModel)" time="0.039" />
  <testcase classname="ptolemy.util.test.junit.AutoTests" name="[50] /home/travis/build/icyphy/ptII/ptolemy/domains/continuous/test/auto/DEinContinuous2.xml (RunModel)" time="0.023" />
  <testcase classname="ptolemy.util.test.junit.AutoTests" name="[51] /home/travis/build/icyphy/ptII/ptolemy/domains/continuous/test/auto/Derivative.xml (RunModel)" time="0.181" />
  <testcase classname="ptolemy.util.test.junit.AutoTests" name="[52] /home/travis/build/icyphy/ptII/ptolemy/domains/continuous/test/auto/Derivative1.xml (RunModel)" time="0.056" />
  <testcase classname="ptolemy.util.test.junit.AutoTests" name="[53] /home/travis/build/icyphy/ptII/ptolemy/domains/continuous/test/auto/DiscreteClock.xml (RunModel)" time="0.016" />
  <testcase classname="ptolemy.util.test.junit.AutoTests" name="[54] /home/travis/build/icyphy/ptII/ptolemy/domains/continuous/test/auto/EfficiencyCurve.xml (RunModel)" time="0.086" />
  <testcase classname="ptolemy.util.test.junit.AutoTests" name="[55] /home/travis/build/icyphy/ptII/ptolemy/domains/continuous/test/auto/ExponentialResponse.xml (RunModel)" time="0.107" />
  <testcase classname="ptolemy.util.test.junit.AutoTests" name="[56] /home/travis/build/icyphy/ptII/ptolemy/domains/continuous/test/auto/ExponentialResponseRK45.xml (RunModel)" time="0.032" />
  <testcase classname="ptolemy.util.test.junit.AutoTests" name="[57] /home/travis/build/icyphy/ptII/ptolemy/domains/continuous/test/auto/Friction.xml (RunModel)" time="1.405" />
  <testcase classname="ptolemy.util.test.junit.AutoTests" name="[58] /home/travis/build/icyphy/ptII/ptolemy/domains/continuous/test/auto/FurutaPendulum.xml (RunModel)" time="3.292" />
  <testcase classname="ptolemy.util.test.junit.AutoTests" name="[59] /home/travis/build/icyphy/ptII/ptolemy/domains/continuous/test/auto/HierarchicalExecution.xml (RunModel)" time="1.89" />
  <testcase classname="ptolemy.util.test.junit.AutoTests" name="[60] /home/travis/build/icyphy/ptII/ptolemy/domains/continuous/test/auto/HybridPlant.xml (RunModel)" time="0.555" />
  <testcase classname="ptolemy.util.test.junit.AutoTests" name="[61] /home/travis/build/icyphy/ptII/ptolemy/domains/continuous/test/auto/Hysteresis.xml (RunModel)" time="0.173" />
  <testcase classname="ptolemy.util.test.junit.AutoTests" name="[62] /home/travis/build/icyphy/ptII/ptolemy/domains/continuous/test/auto/HysteresisWithRandomDelay.xml (RunModel)" time="0.221" />
  <testcase classname="ptolemy.util.test.junit.AutoTests" name="[63] /home/travis/build/icyphy/ptII/ptolemy/domains/continuous/test/auto/HysteresisWithRandomLosses.xml (RunModel)" time="2.328" />
  <testcase classname="ptolemy.util.test.junit.AutoTests" name="[64] /home/travis/build/icyphy/ptII/ptolemy/domains/continuous/test/auto/ImmediateTransitions.xml (RunModel)" time="0.046" />
  <testcase classname="ptolemy.util.test.junit.AutoTests" name="[65] /home/travis/build/icyphy/ptII/ptolemy/domains/continuous/test/auto/ImpulseFeedback.xml (RunModel)" time="0.027" />
  <testcase classname="ptolemy.util.test.junit.AutoTests" name="[66] /home/travis/build/icyphy/ptII/ptolemy/domains/continuous/test/auto/ImpulseFeedback2.xml (RunModel)" time="0.023" />
  <testcase classname="ptolemy.util.test.junit.AutoTests" name="[67] /home/travis/build/icyphy/ptII/ptolemy/domains/continuous/test/auto/IncreasingRatePoisson.xml (RunModel)" time="0.653" />
  <testcase classname="ptolemy.util.test.junit.AutoTests" name="[68] /home/travis/build/icyphy/ptII/ptolemy/domains/continuous/test/auto/InitialStateFeedback.xml (RunModel)" time="0.014" />
  <testcase classname="ptolemy.util.test.junit.AutoTests" name="[69] /home/travis/build/icyphy/ptII/ptolemy/domains/continuous/test/auto/Integration.xml (RunModel)" time="0.012" />
  <testcase classname="ptolemy.util.test.junit.AutoTests" name="[70] /home/travis/build/icyphy/ptII/ptolemy/domains/continuous/test/auto/Integration2.xml (RunModel)" time="0.089" />
  <testcase classname="ptolemy.util.test.junit.AutoTests" name="[71] /home/travis/build/icyphy/ptII/ptolemy/domains/continuous/test/auto/Integration3.xml (RunModel)" time="0.011" />
  <testcase classname="ptolemy.util.test.junit.AutoTests" name="[72] /home/travis/build/icyphy/ptII/ptolemy/domains/continuous/test/auto/Integration5.xml (RunModel)" time="0.013" />
  <testcase classname="ptolemy.util.test.junit.AutoTests" name="[73] /home/travis/build/icyphy/ptII/ptolemy/domains/continuous/test/auto/IntegratorImpulse.xml (RunModel)" time="0.026" />
  <testcase classname="ptolemy.util.test.junit.AutoTests" name="[74] /home/travis/build/icyphy/ptII/ptolemy/domains/continuous/test/auto/IntegratorImpulse2.xml (RunModel)" time="0.013" />
  <testcase classname="ptolemy.util.test.junit.AutoTests" name="[75] /home/travis/build/icyphy/ptII/ptolemy/domains/continuous/test/auto/LevelCrossing1.xml (RunModel)" time="0.012" />
  <testcase classname="ptolemy.util.test.junit.AutoTests" name="[76] /home/travis/build/icyphy/ptII/ptolemy/domains/continuous/test/auto/LevelCrossing2.xml (RunModel)" time="0.033" />
  <testcase classname="ptolemy.util.test.junit.AutoTests" name="[77] /home/travis/build/icyphy/ptII/ptolemy/domains/continuous/test/auto/LevelCrossing3.xml (RunModel)" time="0.011" />
  <testcase classname="ptolemy.util.test.junit.AutoTests" name="[78] /home/travis/build/icyphy/ptII/ptolemy/domains/continuous/test/auto/LevelCrossing4.xml (RunModel)" time="0.013" />
  <testcase classname="ptolemy.util.test.junit.AutoTests" name="[79] /home/travis/build/icyphy/ptII/ptolemy/domains/continuous/test/auto/LevelCrossing5.xml (RunModel)" time="0.012" />
  <testcase classname="ptolemy.util.test.junit.AutoTests" name="[80] /home/travis/build/icyphy/ptII/ptolemy/domains/continuous/test/auto/LevelCrossing6.xml (RunModel)" time="0.012" />
  <testcase classname="ptolemy.util.test.junit.AutoTests" name="[81] /home/travis/build/icyphy/ptII/ptolemy/domains/continuous/test/auto/LevelCrossingDetector.xml (RunModel)" time="0.041" />
  <testcase classname="ptolemy.util.test.junit.AutoTests" name="[82] /home/travis/build/icyphy/ptII/ptolemy/domains/continuous/test/auto/LevelCrossingDetectorDetectingDirections.xml (RunModel)" time="0.082" />
  <testcase classname="ptolemy.util.test.junit.AutoTests" name="[83] /home/travis/build/icyphy/ptII/ptolemy/domains/continuous/test/auto/LevelCrossingDetectorDetectsGlitches.xml (RunModel)" time="0.062" />
  <testcase classname="ptolemy.util.test.junit.AutoTests" name="[84] /home/travis/build/icyphy/ptII/ptolemy/domains/continuous/test/auto/LevelCrossingNoInitialOuput.xml (RunModel)" time="0.013" />
  <testcase classname="ptolemy.util.test.junit.AutoTests" name="[85] /home/travis/build/icyphy/ptII/ptolemy/domains/continuous/test/auto/LinearStateSpaceExample.xml (RunModel)" time="0.048" />
  <testcase classname="ptolemy.util.test.junit.AutoTests" name="[86] /home/travis/build/icyphy/ptII/ptolemy/domains/continuous/test/auto/Lorenz.xml (RunModel)" time="4.259" />
  <testcase classname="ptolemy.util.test.junit.AutoTests" name="[87] /home/travis/build/icyphy/ptII/ptolemy/domains/continuous/test/auto/LorenzDifferentialSystem.xml (RunModel)" time="0.985" />
  <testcase classname="ptolemy.util.test.junit.AutoTests" name="[88] /home/travis/build/icyphy/ptII/ptolemy/domains/continuous/test/auto/LorenzDifferentialSystemWithInput.xml (RunModel)" time="1.378" />
  <testcase classname="ptolemy.util.test.junit.AutoTests" name="[89] /home/travis/build/icyphy/ptII/ptolemy/domains/continuous/test/auto/LorenzDifferentialSystemWithTime.xml (RunModel)" time="0.816" />
  <testcase classname="ptolemy.util.test.junit.AutoTests" name="[90] /home/travis/build/icyphy/ptII/ptolemy/domains/continuous/test/auto/Microsteps.xml (RunModel)" time="0.032" />
  <testcase classname="ptolemy.util.test.junit.AutoTests" name="[91] /home/travis/build/icyphy/ptII/ptolemy/domains/continuous/test/auto/Modal1.xml (RunModel)" time="0.031" />
  <testcase classname="ptolemy.util.test.junit.AutoTests" name="[92] /home/travis/build/icyphy/ptII/ptolemy/domains/continuous/test/auto/Modal2.xml (RunModel)" time="0.047" />
  <testcase classname="ptolemy.util.test.junit.AutoTests" name="[93] /home/travis/build/icyphy/ptII/ptolemy/domains/continuous/test/auto/ModalTransitionGuardWithReset.xml (RunModel)" time="0.027" />
  <testcase classname="ptolemy.util.test.junit.AutoTests" name="[94] /home/travis/build/icyphy/ptII/ptolemy/domains/continuous/test/auto/ModalTransitionGuardWithResetUsingPreemptiveTransition.xml (RunModel)" time="0.024" />
  <testcase classname="ptolemy.util.test.junit.AutoTests" name="[95] /home/travis/build/icyphy/ptII/ptolemy/domains/continuous/test/auto/ModalTransitionGuardWithResetUsingPreemptiveTransition2.xml (RunModel)" time="0.023" />
  <testcase classname="ptolemy.util.test.junit.AutoTests" name="[96] /home/travis/build/icyphy/ptII/ptolemy/domains/continuous/test/auto/ModalTransitionGuardWithResetUsingPreemptiveTransition3.xml (RunModel)" time="0.022" />
  <testcase classname="ptolemy.util.test.junit.AutoTests" name="[97] /home/travis/build/icyphy/ptII/ptolemy/domains/continuous/test/auto/NewtonsCradle.xml (RunModel)" time="0.641" />
  <testcase classname="ptolemy.util.test.junit.AutoTests" name="[98] /home/travis/build/icyphy/ptII/ptolemy/domains/continuous/test/auto/NewtonsCradleAnimated.xml (RunModel)" time="1.117" />
  <testcase classname="ptolemy.util.test.junit.AutoTests" name="[99] /home/travis/build/icyphy/ptII/ptolemy/domains/continuous/test/auto/NewtonsCradleComplicated.xml (RunModel)" time="0.898" />
  <testcase classname="ptolemy.util.test.junit.AutoTests" name="[100] /home/travis/build/icyphy/ptII/ptolemy/domains/continuous/test/auto/NewtonsCradleNondeterministic.xml (RunModel)" time="0.627" />
  <testcase classname="ptolemy.util.test.junit.AutoTests" name="[101] /home/travis/build/icyphy/ptII/ptolemy/domains/continuous/test/auto/NewtonsCradlePerfectlyInelastic1.xml (RunModel)" time="1.153" />
  <testcase classname="ptolemy.util.test.junit.AutoTests" name="[102] /home/travis/build/icyphy/ptII/ptolemy/domains/continuous/test/auto/Noise.xml (RunModel)" time="0.167" />
  <testcase classname="ptolemy.util.test.junit.AutoTests" name="[103] /home/travis/build/icyphy/ptII/ptolemy/domains/continuous/test/auto/NoiseSpectrum.xml (RunModel)" time="0.759" />
  <testcase classname="ptolemy.util.test.junit.AutoTests" name="[104] /home/travis/build/icyphy/ptII/ptolemy/domains/continuous/test/auto/ParameterizedNewtonsCradleAnimated.xml (RunModel)" time="0.359" />
  <testcase classname="ptolemy.util.test.junit.AutoTests" name="[105] /home/travis/build/icyphy/ptII/ptolemy/domains/continuous/test/auto/ParameterizedNewtonsCradleAnimatedNondeterministic.xml (RunModel)" time="1.161" />
  <testcase classname="ptolemy.util.test.junit.AutoTests" name="[106] /home/travis/build/icyphy/ptII/ptolemy/domains/continuous/test/auto/Pendulum3D.xml (RunModel)" time="0.177" />
  <testcase classname="ptolemy.util.test.junit.AutoTests" name="[107] /home/travis/build/icyphy/ptII/ptolemy/domains/continuous/test/auto/PeriodicSampler.xml (RunModel)" time="0.012" />
  <testcase classname="ptolemy.util.test.junit.AutoTests" name="[108] /home/travis/build/icyphy/ptII/ptolemy/domains/continuous/test/auto/PeriodicSampler1.xml (RunModel)" time="0.058" />
  <testcase classname="ptolemy.util.test.junit.AutoTests" name="[109] /home/travis/build/icyphy/ptII/ptolemy/domains/continuous/test/auto/PeriodicSampler2.xml (RunModel)" time="0.08" />
  <testcase classname="ptolemy.util.test.junit.AutoTests" name="[110] /home/travis/build/icyphy/ptII/ptolemy/domains/continuous/test/auto/Poisson.xml (RunModel)" time="0.462" />
  <testcase classname="ptolemy.util.test.junit.AutoTests" name="[111] /home/travis/build/icyphy/ptII/ptolemy/domains/continuous/test/auto/PoissonClock.xml (RunModel)" time="0.011" />
  <testcase classname="ptolemy.util.test.junit.AutoTests" name="[112] /home/travis/build/icyphy/ptII/ptolemy/domains/continuous/test/auto/PoissonClock2.xml (RunModel)" time="0.012" />
  <testcase classname="ptolemy.util.test.junit.AutoTests" name="[113] /home/travis/build/icyphy/ptII/ptolemy/domains/continuous/test/auto/PortParameterHierarchy.xml (RunModel)" time="0.018" />
  <testcase classname="ptolemy.util.test.junit.AutoTests" name="[114] /home/travis/build/icyphy/ptII/ptolemy/domains/continuous/test/auto/RandomHybridPlant.xml (RunModel)" time="0.559" />
  <testcase classname="ptolemy.util.test.junit.AutoTests" name="[115] /home/travis/build/icyphy/ptII/ptolemy/domains/continuous/test/auto/ResetTransitionWithStartTime1.xml (RunModel)" time="0.039" />
  <testcase classname="ptolemy.util.test.junit.AutoTests" name="[116] /home/travis/build/icyphy/ptII/ptolemy/domains/continuous/test/auto/ResetTransitionWithStartTime2.xml (RunModel)" time="0.041" />
  <testcase classname="ptolemy.util.test.junit.AutoTests" name="[117] /home/travis/build/icyphy/ptII/ptolemy/domains/continuous/test/auto/ResetTransitionWithStartTime3.xml (RunModel)" time="0.036" />
  <testcase classname="ptolemy.util.test.junit.AutoTests" name="[118] /home/travis/build/icyphy/ptII/ptolemy/domains/continuous/test/auto/ResetTransitionWithStartTime4.xml (RunModel)" time="0.025" />
  <testcase classname="ptolemy.util.test.junit.AutoTests" name="[119] /home/travis/build/icyphy/ptII/ptolemy/domains/continuous/test/auto/ResetTransitionWithStartTime5.xml (RunModel)" time="0.039" />
  <testcase classname="ptolemy.util.test.junit.AutoTests" name="[120] /home/travis/build/icyphy/ptII/ptolemy/domains/continuous/test/auto/ResetTransitionWithStartTime6.xml (RunModel)" time="0.024" />
  <testcase classname="ptolemy.util.test.junit.AutoTests" name="[121] /home/travis/build/icyphy/ptII/ptolemy/domains/continuous/test/auto/SRinContinuous.xml (RunModel)" time="0.031" />
  <testcase classname="ptolemy.util.test.junit.AutoTests" name="[122] /home/travis/build/icyphy/ptII/ptolemy/domains/continuous/test/auto/SampledClocks.xml (RunModel)" time="0.034" />
  <testcase classname="ptolemy.util.test.junit.AutoTests" name="[123] /home/travis/build/icyphy/ptII/ptolemy/domains/continuous/test/auto/Satellite.xml (RunModel)" time="0.987" />
  <testcase classname="ptolemy.util.test.junit.AutoTests" name="[124] /home/travis/build/icyphy/ptII/ptolemy/domains/continuous/test/auto/SigmaDelta.xml (RunModel)" time="2.45" />
  <testcase classname="ptolemy.util.test.junit.AutoTests" name="[125] /home/travis/build/icyphy/ptII/ptolemy/domains/continuous/test/auto/SingleRefinement.xml (RunModel)" time="0.414" />
  <testcase classname="ptolemy.util.test.junit.AutoTests" name="[126] /home/travis/build/icyphy/ptII/ptolemy/domains/continuous/test/auto/SinuBouncingBall.xml (RunModel)" time="0.8" />
  <testcase classname="ptolemy.util.test.junit.AutoTests" name="[127] /home/travis/build/icyphy/ptII/ptolemy/domains/continuous/test/auto/Sinusoid.xml (RunModel)" time="0.016" />
  <testcase classname="ptolemy.util.test.junit.AutoTests" name="[128] /home/travis/build/icyphy/ptII/ptolemy/domains/continuous/test/auto/SinusoidInNoise.xml (RunModel)" time="0.938" />
  <testcase classname="ptolemy.util.test.junit.AutoTests" name="[129] /home/travis/build/icyphy/ptII/ptolemy/domains/continuous/test/auto/SinusoidRK45.xml (RunModel)" time="0.013" />
  <testcase classname="ptolemy.util.test.junit.AutoTests" name="[130] /home/travis/build/icyphy/ptII/ptolemy/domains/continuous/test/auto/SinusoidWithMultipleImpulses.xml (RunModel)" time="0.012" />
  <testcase classname="ptolemy.util.test.junit.AutoTests" name="[131] /home/travis/build/icyphy/ptII/ptolemy/domains/continuous/test/auto/SquareWave.xml (RunModel)" time="0.198" />
  <testcase classname="ptolemy.util.test.junit.AutoTests" name="[132] /home/travis/build/icyphy/ptII/ptolemy/domains/continuous/test/auto/Starmac.xml (RunModel)" time="3.396" />
  <testcase classname="ptolemy.util.test.junit.AutoTests" name="[133] /home/travis/build/icyphy/ptII/ptolemy/domains/continuous/test/auto/StaticUnits.xml (RunModel)" time="2.584" />
  <testcase classname="ptolemy.util.test.junit.AutoTests" name="[134] /home/travis/build/icyphy/ptII/ptolemy/domains/continuous/test/auto/StickyMasses.xml (RunModel)" time="0.222" />
  <testcase classname="ptolemy.util.test.junit.AutoTests" name="[135] /home/travis/build/icyphy/ptII/ptolemy/domains/continuous/test/auto/StopTime.xml (RunModel)" time="0.066" />
  <testcase classname="ptolemy.util.test.junit.AutoTests" name="[136] /home/travis/build/icyphy/ptII/ptolemy/domains/continuous/test/auto/StopTime2.xml (RunModel)" time="0.058" />
  <testcase classname="ptolemy.util.test.junit.AutoTests" name="[137] /home/travis/build/icyphy/ptII/ptolemy/domains/continuous/test/auto/Switch.xml (RunModel)" time="0.055" />
  <testcase classname="ptolemy.util.test.junit.AutoTests" name="[138] /home/travis/build/icyphy/ptII/ptolemy/domains/continuous/test/auto/Thermostat.xml (RunModel)" time="0.188" />
  <testcase classname="ptolemy.util.test.junit.AutoTests" name="[139] /home/travis/build/icyphy/ptII/ptolemy/domains/continuous/test/auto/TimeDelay.xml (RunModel)" time="0.013" />
  <testcase classname="ptolemy.util.test.junit.AutoTests" name="[140] /home/travis/build/icyphy/ptII/ptolemy/domains/continuous/test/auto/TimeDelay2.xml (RunModel)" time="0.03" />
  <testcase classname="ptolemy.util.test.junit.AutoTests" name="[141] /home/travis/build/icyphy/ptII/ptolemy/domains/continuous/test/auto/TimeDelay3.xml (RunModel)" time="0.012" />
  <testcase classname="ptolemy.util.test.junit.AutoTests" name="[142] /home/travis/build/icyphy/ptII/ptolemy/domains/continuous/test/auto/TransferAbsentToInside.xml (RunModel)" time="0.101" />
  <testcase classname="ptolemy.util.test.junit.AutoTests" name="[143] /home/travis/build/icyphy/ptII/ptolemy/domains/continuous/test/auto/Transmission.xml (RunModel)" time="0.767" />
  <testcase classname="ptolemy.util.test.junit.AutoTests" name="[144] /home/travis/build/icyphy/ptII/ptolemy/domains/continuous/test/auto/TriggeredContinuousClock.xml (RunModel)" time="0.067" />
  <testcase classname="ptolemy.util.test.junit.AutoTests" name="[145] /home/travis/build/icyphy/ptII/ptolemy/domains/continuous/test/auto/TwoMachineInfiniteBusControl.xml (RunModel)" time="3.357" />
  <testcase classname="ptolemy.util.test.junit.AutoTests" name="[146] /home/travis/build/icyphy/ptII/ptolemy/domains/continuous/test/auto/V2V.xml (RunModel)" time="0.809" />
  <testcase classname="ptolemy.util.test.junit.AutoTests" name="[147] /home/travis/build/icyphy/ptII/ptolemy/domains/continuous/test/auto/hierarchicalModalModel.xml (RunModel)" time="0.031" />
  <testcase classname="ptolemy.util.test.junit.AutoTests" name="[148] /home/travis/build/icyphy/ptII/ptolemy/domains/continuous/test/auto/hierarchicalModalModel1.xml (RunModel)" time="0.031" />
  <testcase classname="ptolemy.util.test.junit.AutoTests" name="[149] /home/travis/build/icyphy/ptII/ptolemy/domains/continuous/test/auto/hierarchicalModalModel2.xml (RunModel)" time="0.029" />
  <testcase classname="ptolemy.util.test.junit.AutoTests" name="[150] /home/travis/build/icyphy/ptII/ptolemy/domains/continuous/test/auto/hierarchicalModalModel3.xml (RunModel)" time="0.024" />
  <testcase classname="ptolemy.util.test.junit.AutoTests" name="[151] /home/travis/build/icyphy/ptII/ptolemy/domains/continuous/test/auto/hierarchicalModalModel4.xml (RunModel)" time="0.026" />
  <testcase classname="ptolemy.util.test.junit.AutoTests" name="[152] /home/travis/build/icyphy/ptII/ptolemy/domains/continuous/test/auto/junk.xml (RunModel)" time="0.155" />
  <system-out><![CDATA[No tcl tests in /home/travis/build/icyphy/ptII/ptolemy/domains/continuous/test
No auto/knownFailedTests/*.xml tests in /home/travis/build/icyphy/ptII/ptolemy/domains/continuous/test
No auto/linux-amd64/*.xml tests in /home/travis/build/icyphy/ptII/ptolemy/domains/continuous/test
AutoTests.java: About to close Vertx.
AutoTests.java: Vertx closed.

===========================================================================================
----------------- testing Wed Nov 21 02:48:32 UTC 2018 /home/travis/build/icyphy/ptII/ptolemy/domains/continuous/test/auto/BouncingBall.xml
----------------- Instantiating /home/travis/build/icyphy/ptII/ptolemy/domains/continuous/test/auto/BouncingBall.xml
2443 ms. Memory: 331264K Free: 321866K (97%)
----------------- Invoking toplevel() on ptolemy.moml.MoMLSimpleApplication@64190929
----------------- Done invoking toplevel() on ptolemy.moml.MoMLSimpleApplication@64190929
reloadAllAccessors: .BouncingBall

===========================================================================================
----------------- testing Wed Nov 21 02:48:35 UTC 2018 /home/travis/build/icyphy/ptII/ptolemy/domains/continuous/test/auto/BouncingBallWithoutGR.xml
----------------- Instantiating /home/travis/build/icyphy/ptII/ptolemy/domains/continuous/test/auto/BouncingBallWithoutGR.xml
790 ms. Memory: 331264K Free: 129880K (39%)
----------------- Invoking toplevel() on ptolemy.moml.MoMLSimpleApplication@14574b96
----------------- Done invoking toplevel() on ptolemy.moml.MoMLSimpleApplication@14574b96
reloadAllAccessors: .BouncingBallWithoutGR

===========================================================================================
----------------- testing Wed Nov 21 02:48:36 UTC 2018 /home/travis/build/icyphy/ptII/ptolemy/domains/continuous/test/auto/Brownian.xml
----------------- Instantiating /home/travis/build/icyphy/ptII/ptolemy/domains/continuous/test/auto/Brownian.xml
41 ms. Memory: 331264K Free: 117643K (36%)
----------------- Invoking toplevel() on ptolemy.moml.MoMLSimpleApplication@3143e7d5
----------------- Done invoking toplevel() on ptolemy.moml.MoMLSimpleApplication@3143e7d5
reloadAllAccessors: .Brownian

===========================================================================================
----------------- testing Wed Nov 21 02:48:36 UTC 2018 /home/travis/build/icyphy/ptII/ptolemy/domains/continuous/test/auto/CarTracking.xml
----------------- Instantiating /home/travis/build/icyphy/ptII/ptolemy/domains/continuous/test/auto/CarTracking.xml
3406 ms. Memory: 478720K Free: 312930K (65%)
----------------- Invoking toplevel() on ptolemy.moml.MoMLSimpleApplication@45cf792d
----------------- Done invoking toplevel() on ptolemy.moml.MoMLSimpleApplication@45cf792d
reloadAllAccessors: .CarTracking

===========================================================================================
----------------- testing Wed Nov 21 02:48:40 UTC 2018 /home/travis/build/icyphy/ptII/ptolemy/domains/continuous/test/auto/CartPendulum.xml
----------------- Instantiating /home/travis/build/icyphy/ptII/ptolemy/domains/continuous/test/auto/CartPendulum.xml
421 ms. Memory: 478720K Free: 209045K (44%)
----------------- Invoking toplevel() on ptolemy.moml.MoMLSimpleApplication@2b7869ef
----------------- Done invoking toplevel() on ptolemy.moml.MoMLSimpleApplication@2b7869ef
reloadAllAccessors: .CartPendulum

===========================================================================================
----------------- testing Wed Nov 21 02:48:41 UTC 2018 /home/travis/build/icyphy/ptII/ptolemy/domains/continuous/test/auto/CausalityInterface10.xml
----------------- Instantiating /home/travis/build/icyphy/ptII/ptolemy/domains/continuous/test/auto/CausalityInterface10.xml
10 ms. Memory: 478720K Free: 193362K (40%)
----------------- Invoking toplevel() on ptolemy.moml.MoMLSimpleApplication@39ba7513
----------------- Done invoking toplevel() on ptolemy.moml.MoMLSimpleApplication@39ba7513
reloadAllAccessors: .CausalityInterface10

===========================================================================================
----------------- testing Wed Nov 21 02:48:41 UTC 2018 /home/travis/build/icyphy/ptII/ptolemy/domains/continuous/test/auto/CausalityInterface11.xml
----------------- Instantiating /home/travis/build/icyphy/ptII/ptolemy/domains/continuous/test/auto/CausalityInterface11.xml
11 ms. Memory: 478720K Free: 181603K (38%)
----------------- Invoking toplevel() on ptolemy.moml.MoMLSimpleApplication@6554043e
----------------- Done invoking toplevel() on ptolemy.moml.MoMLSimpleApplication@6554043e
reloadAllAccessors: .CausalityInterface11

===========================================================================================
----------------- testing Wed Nov 21 02:48:41 UTC 2018 /home/travis/build/icyphy/ptII/ptolemy/domains/continuous/test/auto/CausalityInterface12.xml
----------------- Instantiating /home/travis/build/icyphy/ptII/ptolemy/domains/continuous/test/auto/CausalityInterface12.xml
10 ms. Memory: 478720K Free: 169755K (35%)
----------------- Invoking toplevel() on ptolemy.moml.MoMLSimpleApplication@3c2e8437
----------------- Done invoking toplevel() on ptolemy.moml.MoMLSimpleApplication@3c2e8437
reloadAllAccessors: .CausalityInterface12

===========================================================================================
----------------- testing Wed Nov 21 02:48:41 UTC 2018 /home/travis/build/icyphy/ptII/ptolemy/domains/continuous/test/auto/CausalityInterface13.xml
----------------- Instantiating /home/travis/build/icyphy/ptII/ptolemy/domains/continuous/test/auto/CausalityInterface13.xml
4 ms. Memory: 478720K Free: 157989K (33%)
----------------- Invoking toplevel() on ptolemy.moml.MoMLSimpleApplication@5b90f44e
----------------- Done invoking toplevel() on ptolemy.moml.MoMLSimpleApplication@5b90f44e
reloadAllAccessors: .CausalityInterface13

===========================================================================================
----------------- testing Wed Nov 21 02:48:41 UTC 2018 /home/travis/build/icyphy/ptII/ptolemy/domains/continuous/test/auto/CausalityInterface14.xml
----------------- Instantiating /home/travis/build/icyphy/ptII/ptolemy/domains/continuous/test/auto/CausalityInterface14.xml
8 ms. Memory: 478720K Free: 142335K (30%)
----------------- Invoking toplevel() on ptolemy.moml.MoMLSimpleApplication@187ff1e2
----------------- Done invoking toplevel() on ptolemy.moml.MoMLSimpleApplication@187ff1e2
reloadAllAccessors: .CausalityInterface14

===========================================================================================
----------------- testing Wed Nov 21 02:48:41 UTC 2018 /home/travis/build/icyphy/ptII/ptolemy/domains/continuous/test/auto/CausalityInterface4.xml
----------------- Instantiating /home/travis/build/icyphy/ptII/ptolemy/domains/continuous/test/auto/CausalityInterface4.xml
16 ms. Memory: 478720K Free: 130568K (27%)
----------------- Invoking toplevel() on ptolemy.moml.MoMLSimpleApplication@348c1484
----------------- Done invoking toplevel() on ptolemy.moml.MoMLSimpleApplication@348c1484
reloadAllAccessors: .CausalityInterface4

===========================================================================================
----------------- testing Wed Nov 21 02:48:41 UTC 2018 /home/travis/build/icyphy/ptII/ptolemy/domains/continuous/test/auto/CausalityInterface5.xml
----------------- Instantiating /home/travis/build/icyphy/ptII/ptolemy/domains/continuous/test/auto/CausalityInterface5.xml
8 ms. Memory: 478720K Free: 118802K (25%)
----------------- Invoking toplevel() on ptolemy.moml.MoMLSimpleApplication@45886f55
----------------- Done invoking toplevel() on ptolemy.moml.MoMLSimpleApplication@45886f55
reloadAllAccessors: .CausalityInterface5

===========================================================================================
----------------- testing Wed Nov 21 02:48:41 UTC 2018 /home/travis/build/icyphy/ptII/ptolemy/domains/continuous/test/auto/CausalityInterface6.xml
----------------- Instantiating /home/travis/build/icyphy/ptII/ptolemy/domains/continuous/test/auto/CausalityInterface6.xml
6 ms. Memory: 478720K Free: 107043K (22%)
----------------- Invoking toplevel() on ptolemy.moml.MoMLSimpleApplication@51a0c7de
----------------- Done invoking toplevel() on ptolemy.moml.MoMLSimpleApplication@51a0c7de
reloadAllAccessors: .CausalityInterface6

===========================================================================================
----------------- testing Wed Nov 21 02:48:41 UTC 2018 /home/travis/build/icyphy/ptII/ptolemy/domains/continuous/test/auto/CausalityInterface7.xml
----------------- Instantiating /home/travis/build/icyphy/ptII/ptolemy/domains/continuous/test/auto/CausalityInterface7.xml
12 ms. Memory: 478720K Free: 91360K (19%)
----------------- Invoking toplevel() on ptolemy.moml.MoMLSimpleApplication@bf9ca97
----------------- Done invoking toplevel() on ptolemy.moml.MoMLSimpleApplication@bf9ca97
reloadAllAccessors: .CausalityInterface7

===========================================================================================
----------------- testing Wed Nov 21 02:48:41 UTC 2018 /home/travis/build/icyphy/ptII/ptolemy/domains/continuous/test/auto/CausalityInterface8.xml
----------------- Instantiating /home/travis/build/icyphy/ptII/ptolemy/domains/continuous/test/auto/CausalityInterface8.xml
9 ms. Memory: 455680K Free: 443563K (97%)
----------------- Invoking toplevel() on ptolemy.moml.MoMLSimpleApplication@2a35b060
----------------- Done invoking toplevel() on ptolemy.moml.MoMLSimpleApplication@2a35b060
reloadAllAccessors: .CausalityInterface8

===========================================================================================
----------------- testing Wed Nov 21 02:48:41 UTC 2018 /home/travis/build/icyphy/ptII/ptolemy/domains/continuous/test/auto/CausalityInterface9.xml
----------------- Instantiating /home/travis/build/icyphy/ptII/ptolemy/domains/continuous/test/auto/CausalityInterface9.xml
8 ms. Memory: 455680K Free: 426107K (94%)
----------------- Invoking toplevel() on ptolemy.moml.MoMLSimpleApplication@2d48c83c
----------------- Done invoking toplevel() on ptolemy.moml.MoMLSimpleApplication@2d48c83c
reloadAllAccessors: .CausalityInterface9

===========================================================================================
----------------- testing Wed Nov 21 02:48:41 UTC 2018 /home/travis/build/icyphy/ptII/ptolemy/domains/continuous/test/auto/CausalityInterfaceFeedback1.xml
----------------- Instantiating /home/travis/build/icyphy/ptII/ptolemy/domains/continuous/test/auto/CausalityInterfaceFeedback1.xml
5 ms. Memory: 455680K Free: 416124K (91%)
----------------- Invoking toplevel() on ptolemy.moml.MoMLSimpleApplication@77a0131c
----------------- Done invoking toplevel() on ptolemy.moml.MoMLSimpleApplication@77a0131c
reloadAllAccessors: .CausalityInterfaceFeedback1

===========================================================================================
----------------- testing Wed Nov 21 02:48:41 UTC 2018 /home/travis/build/icyphy/ptII/ptolemy/domains/continuous/test/auto/CausalityInterfaceFeedback2.xml
----------------- Instantiating /home/travis/build/icyphy/ptII/ptolemy/domains/continuous/test/auto/CausalityInterfaceFeedback2.xml
6 ms. Memory: 455680K Free: 406141K (89%)
----------------- Invoking toplevel() on ptolemy.moml.MoMLSimpleApplication@2dc24314
----------------- Done invoking toplevel() on ptolemy.moml.MoMLSimpleApplication@2dc24314
reloadAllAccessors: .CausalityInterfaceFeedback2

===========================================================================================
----------------- testing Wed Nov 21 02:48:41 UTC 2018 /home/travis/build/icyphy/ptII/ptolemy/domains/continuous/test/auto/CompareWithCurrentTime.xml
----------------- Instantiating /home/travis/build/icyphy/ptII/ptolemy/domains/continuous/test/auto/CompareWithCurrentTime.xml
4 ms. Memory: 455680K Free: 396184K (87%)
----------------- Invoking toplevel() on ptolemy.moml.MoMLSimpleApplication@21daa360
----------------- Done invoking toplevel() on ptolemy.moml.MoMLSimpleApplication@21daa360
reloadAllAccessors: .CompareWithCurrentTime

===========================================================================================
----------------- testing Wed Nov 21 02:48:41 UTC 2018 /home/travis/build/icyphy/ptII/ptolemy/domains/continuous/test/auto/ComparedClocks.xml
----------------- Instantiating /home/travis/build/icyphy/ptII/ptolemy/domains/continuous/test/auto/ComparedClocks.xml
7 ms. Memory: 455680K Free: 376186K (83%)
----------------- Invoking toplevel() on ptolemy.moml.MoMLSimpleApplication@164cf6ec
----------------- Done invoking toplevel() on ptolemy.moml.MoMLSimpleApplication@164cf6ec
reloadAllAccessors: .ComparedClocks

===========================================================================================
----------------- testing Wed Nov 21 02:48:41 UTC 2018 /home/travis/build/icyphy/ptII/ptolemy/domains/continuous/test/auto/ContinuousAOCClone.xml
----------------- Instantiating /home/travis/build/icyphy/ptII/ptolemy/domains/continuous/test/auto/ContinuousAOCClone.xml
2510 ms. Memory: 443392K Free: 218728K (49%)
----------------- Invoking toplevel() on ptolemy.moml.MoMLSimpleApplication@2f26009
----------------- Done invoking toplevel() on ptolemy.moml.MoMLSimpleApplication@2f26009
reloadAllAccessors: .ContinuousAOCClone

===========================================================================================
----------------- testing Wed Nov 21 02:48:44 UTC 2018 /home/travis/build/icyphy/ptII/ptolemy/domains/continuous/test/auto/ContinuousClock.xml
----------------- Instantiating /home/travis/build/icyphy/ptII/ptolemy/domains/continuous/test/auto/ContinuousClock.xml
29 ms. Memory: 443392K Free: 191536K (43%)
----------------- Invoking toplevel() on ptolemy.moml.MoMLSimpleApplication@ce76252
----------------- Done invoking toplevel() on ptolemy.moml.MoMLSimpleApplication@ce76252
reloadAllAccessors: .ContinuousClock

===========================================================================================
----------------- testing Wed Nov 21 02:48:44 UTC 2018 /home/travis/build/icyphy/ptII/ptolemy/domains/continuous/test/auto/ContinuousInContinuous.xml
----------------- Instantiating /home/travis/build/icyphy/ptII/ptolemy/domains/continuous/test/auto/ContinuousInContinuous.xml
33 ms. Memory: 443392K Free: 163738K (37%)
----------------- Invoking toplevel() on ptolemy.moml.MoMLSimpleApplication@e480cf2
----------------- Done invoking toplevel() on ptolemy.moml.MoMLSimpleApplication@e480cf2
reloadAllAccessors: .ContinuousInContinuous

===========================================================================================
----------------- testing Wed Nov 21 02:48:44 UTC 2018 /home/travis/build/icyphy/ptII/ptolemy/domains/continuous/test/auto/ContinuousInContinuousInContinuous.xml
----------------- Instantiating /home/travis/build/icyphy/ptII/ptolemy/domains/continuous/test/auto/ContinuousInContinuousInContinuous.xml
6 ms. Memory: 443392K Free: 154205K (35%)
----------------- Invoking toplevel() on ptolemy.moml.MoMLSimpleApplication@3952181c
----------------- Done invoking toplevel() on ptolemy.moml.MoMLSimpleApplication@3952181c
reloadAllAccessors: .ContinuousInContinuousInContinuous

===========================================================================================
----------------- testing Wed Nov 21 02:48:44 UTC 2018 /home/travis/build/icyphy/ptII/ptolemy/domains/continuous/test/auto/ContinuousInDE.xml
----------------- Instantiating /home/travis/build/icyphy/ptII/ptolemy/domains/continuous/test/auto/ContinuousInDE.xml
102 ms. Memory: 443392K Free: 138358K (31%)
----------------- Invoking toplevel() on ptolemy.moml.MoMLSimpleApplication@2fd37715
----------------- Done invoking toplevel() on ptolemy.moml.MoMLSimpleApplication@2fd37715
reloadAllAccessors: .ContinuousInDE

===========================================================================================
----------------- testing Wed Nov 21 02:48:45 UTC 2018 /home/travis/build/icyphy/ptII/ptolemy/domains/continuous/test/auto/ContinuousInDE2.xml
----------------- Instantiating /home/travis/build/icyphy/ptII/ptolemy/domains/continuous/test/auto/ContinuousInDE2.xml
43 ms. Memory: 443392K Free: 126446K (29%)
----------------- Invoking toplevel() on ptolemy.moml.MoMLSimpleApplication@7172f4bc
----------------- Done invoking toplevel() on ptolemy.moml.MoMLSimpleApplication@7172f4bc
reloadAllAccessors: .ContinuousInDE2

===========================================================================================
----------------- testing Wed Nov 21 02:48:45 UTC 2018 /home/travis/build/icyphy/ptII/ptolemy/domains/continuous/test/auto/ContinuousInDE3.xml
----------------- Instantiating /home/travis/build/icyphy/ptII/ptolemy/domains/continuous/test/auto/ContinuousInDE3.xml
37 ms. Memory: 443392K Free: 112978K (25%)
----------------- Invoking toplevel() on ptolemy.moml.MoMLSimpleApplication@76bbf118
----------------- Done invoking toplevel() on ptolemy.moml.MoMLSimpleApplication@76bbf118
reloadAllAccessors: .ContinuousInDE3

===========================================================================================
----------------- testing Wed Nov 21 02:48:45 UTC 2018 /home/travis/build/icyphy/ptII/ptolemy/domains/continuous/test/auto/ContinuousInDE4.xml
----------------- Instantiating /home/travis/build/icyphy/ptII/ptolemy/domains/continuous/test/auto/ContinuousInDE4.xml
17 ms. Memory: 443392K Free: 105841K (24%)
----------------- Invoking toplevel() on ptolemy.moml.MoMLSimpleApplication@25b60a71
----------------- Done invoking toplevel() on ptolemy.moml.MoMLSimpleApplication@25b60a71
reloadAllAccessors: .ContinuousInDE4

===========================================================================================
----------------- testing Wed Nov 21 02:48:45 UTC 2018 /home/travis/build/icyphy/ptII/ptolemy/domains/continuous/test/auto/ContinuousInDEDifferentRefinements.xml
----------------- Instantiating /home/travis/build/icyphy/ptII/ptolemy/domains/continuous/test/auto/ContinuousInDEDifferentRefinements.xml
68 ms. Memory: 422400K Free: 404066K (96%)
----------------- Invoking toplevel() on ptolemy.moml.MoMLSimpleApplication@ffcb755
----------------- Done invoking toplevel() on ptolemy.moml.MoMLSimpleApplication@ffcb755
reloadAllAccessors: .ContinuousInDEDifferentRefinements

===========================================================================================
----------------- testing Wed Nov 21 02:48:45 UTC 2018 /home/travis/build/icyphy/ptII/ptolemy/domains/continuous/test/auto/ContinuousInDEDifferentRefinementsPreemptive.xml
----------------- Instantiating /home/travis/build/icyphy/ptII/ptolemy/domains/continuous/test/auto/ContinuousInDEDifferentRefinementsPreemptive.xml
46 ms. Memory: 422400K Free: 367610K (87%)
----------------- Invoking toplevel() on ptolemy.moml.MoMLSimpleApplication@718e0fe1
----------------- Done invoking toplevel() on ptolemy.moml.MoMLSimpleApplication@718e0fe1
reloadAllAccessors: .ContinuousInDEDifferentRefinementsPreemptive

===========================================================================================
----------------- testing Wed Nov 21 02:48:45 UTC 2018 /home/travis/build/icyphy/ptII/ptolemy/domains/continuous/test/auto/ContinuousInDEInContinuous2.xml
----------------- Instantiating /home/travis/build/icyphy/ptII/ptolemy/domains/continuous/test/auto/ContinuousInDEInContinuous2.xml
38 ms. Memory: 422400K Free: 350699K (83%)
----------------- Invoking toplevel() on ptolemy.moml.MoMLSimpleApplication@330e4594
----------------- Done invoking toplevel() on ptolemy.moml.MoMLSimpleApplication@330e4594
reloadAllAccessors: .ContinuousInDEInContinuous2

===========================================================================================
----------------- testing Wed Nov 21 02:48:45 UTC 2018 /home/travis/build/icyphy/ptII/ptolemy/domains/continuous/test/auto/ContinuousInDEInContinuous3.xml
----------------- Instantiating /home/travis/build/icyphy/ptII/ptolemy/domains/continuous/test/auto/ContinuousInDEInContinuous3.xml
70 ms. Memory: 422400K Free: 333756K (79%)
----------------- Invoking toplevel() on ptolemy.moml.MoMLSimpleApplication@1fdf9582
----------------- Done invoking toplevel() on ptolemy.moml.MoMLSimpleApplication@1fdf9582
reloadAllAccessors: .ContinuousInDEInContinuous3

===========================================================================================
----------------- testing Wed Nov 21 02:48:45 UTC 2018 /home/travis/build/icyphy/ptII/ptolemy/domains/continuous/test/auto/ContinuousInDEInput.xml
----------------- Instantiating /home/travis/build/icyphy/ptII/ptolemy/domains/continuous/test/auto/ContinuousInDEInput.xml
21 ms. Memory: 422400K Free: 321369K (76%)
----------------- Invoking toplevel() on ptolemy.moml.MoMLSimpleApplication@4dff472f
----------------- Done invoking toplevel() on ptolemy.moml.MoMLSimpleApplication@4dff472f
reloadAllAccessors: .ContinuousInDEInput

===========================================================================================
----------------- testing Wed Nov 21 02:48:45 UTC 2018 /home/travis/build/icyphy/ptII/ptolemy/domains/continuous/test/auto/ContinuousInDEInput2.xml
----------------- Instantiating /home/travis/build/icyphy/ptII/ptolemy/domains/continuous/test/auto/ContinuousInDEInput2.xml
19 ms. Memory: 422400K Free: 312281K (74%)
----------------- Invoking toplevel() on ptolemy.moml.MoMLSimpleApplication@4d6b442
----------------- Done invoking toplevel() on ptolemy.moml.MoMLSimpleApplication@4d6b442
reloadAllAccessors: .ContinuousInDEInput2

===========================================================================================
----------------- testing Wed Nov 21 02:48:45 UTC 2018 /home/travis/build/icyphy/ptII/ptolemy/domains/continuous/test/auto/ContinuousInDEInput3.xml
----------------- Instantiating /home/travis/build/icyphy/ptII/ptolemy/domains/continuous/test/auto/ContinuousInDEInput3.xml
19 ms. Memory: 422400K Free: 302172K (72%)
----------------- Invoking toplevel() on ptolemy.moml.MoMLSimpleApplication@67f04b50
----------------- Done invoking toplevel() on ptolemy.moml.MoMLSimpleApplication@67f04b50
reloadAllAccessors: .ContinuousInDEInput3

===========================================================================================
----------------- testing Wed Nov 21 02:48:45 UTC 2018 /home/travis/build/icyphy/ptII/ptolemy/domains/continuous/test/auto/ContinuousInDESharingRefinement.xml
----------------- Instantiating /home/travis/build/icyphy/ptII/ptolemy/domains/continuous/test/auto/ContinuousInDESharingRefinement.xml
140 ms. Memory: 422400K Free: 205232K (49%)
----------------- Invoking toplevel() on ptolemy.moml.MoMLSimpleApplication@c9fa1dd
----------------- Done invoking toplevel() on ptolemy.moml.MoMLSimpleApplication@c9fa1dd
reloadAllAccessors: .ContinuousInDESharingRefinement

===========================================================================================
----------------- testing Wed Nov 21 02:48:45 UTC 2018 /home/travis/build/icyphy/ptII/ptolemy/domains/continuous/test/auto/ContinuousInDEwithNoPorts.xml
----------------- Instantiating /home/travis/build/icyphy/ptII/ptolemy/domains/continuous/test/auto/ContinuousInDEwithNoPorts.xml
5 ms. Memory: 422400K Free: 197384K (47%)
----------------- Invoking toplevel() on ptolemy.moml.MoMLSimpleApplication@6f02219
----------------- Done invoking toplevel() on ptolemy.moml.MoMLSimpleApplication@6f02219
reloadAllAccessors: .ContinuousInDEwithNoPorts

===========================================================================================
----------------- testing Wed Nov 21 02:48:45 UTC 2018 /home/travis/build/icyphy/ptII/ptolemy/domains/continuous/test/auto/ContinuousInsideDE.xml
----------------- Instantiating /home/travis/build/icyphy/ptII/ptolemy/domains/continuous/test/auto/ContinuousInsideDE.xml
45 ms. Memory: 422400K Free: 182727K (43%)
----------------- Invoking toplevel() on ptolemy.moml.MoMLSimpleApplication@b268e5b
----------------- Done invoking toplevel() on ptolemy.moml.MoMLSimpleApplication@b268e5b
reloadAllAccessors: .ContinuousInsideDE

===========================================================================================
----------------- testing Wed Nov 21 02:48:45 UTC 2018 /home/travis/build/icyphy/ptII/ptolemy/domains/continuous/test/auto/ContinuousMerge1.xml
----------------- Instantiating /home/travis/build/icyphy/ptII/ptolemy/domains/continuous/test/auto/ContinuousMerge1.xml
3 ms. Memory: 422400K Free: 175909K (42%)
----------------- Invoking toplevel() on ptolemy.moml.MoMLSimpleApplication@7c84ff3d
----------------- Done invoking toplevel() on ptolemy.moml.MoMLSimpleApplication@7c84ff3d
reloadAllAccessors: .ContinuousMerge1

===========================================================================================
----------------- testing Wed Nov 21 02:48:45 UTC 2018 /home/travis/build/icyphy/ptII/ptolemy/domains/continuous/test/auto/ContinuousMerge2.xml
----------------- Instantiating /home/travis/build/icyphy/ptII/ptolemy/domains/continuous/test/auto/ContinuousMerge2.xml
15 ms. Memory: 422400K Free: 161220K (38%)
----------------- Invoking toplevel() on ptolemy.moml.MoMLSimpleApplication@4051ec46
----------------- Done invoking toplevel() on ptolemy.moml.MoMLSimpleApplication@4051ec46
reloadAllAccessors: .ContinuousMerge2

===========================================================================================
----------------- testing Wed Nov 21 02:48:46 UTC 2018 /home/travis/build/icyphy/ptII/ptolemy/domains/continuous/test/auto/ContinuousMerge3.xml
----------------- Instantiating /home/travis/build/icyphy/ptII/ptolemy/domains/continuous/test/auto/ContinuousMerge3.xml
50 ms. Memory: 422400K Free: 146547K (35%)
----------------- Invoking toplevel() on ptolemy.moml.MoMLSimpleApplication@24fc46a3
----------------- Done invoking toplevel() on ptolemy.moml.MoMLSimpleApplication@24fc46a3
reloadAllAccessors: .ContinuousMerge3

===========================================================================================
----------------- testing Wed Nov 21 02:48:46 UTC 2018 /home/travis/build/icyphy/ptII/ptolemy/domains/continuous/test/auto/ContinuousWithinContinuous.xml
----------------- Instantiating /home/travis/build/icyphy/ptII/ptolemy/domains/continuous/test/auto/ContinuousWithinContinuous.xml
45 ms. Memory: 422400K Free: 134128K (32%)
----------------- Invoking toplevel() on ptolemy.moml.MoMLSimpleApplication@2eaddb8
----------------- Done invoking toplevel() on ptolemy.moml.MoMLSimpleApplication@2eaddb8
reloadAllAccessors: .ContinuousWithinContinuous

===========================================================================================
----------------- testing Wed Nov 21 02:48:46 UTC 2018 /home/travis/build/icyphy/ptII/ptolemy/domains/continuous/test/auto/ContinuousWithinContinuous2.xml
----------------- Instantiating /home/travis/build/icyphy/ptII/ptolemy/domains/continuous/test/auto/ContinuousWithinContinuous2.xml
77 ms. Memory: 422400K Free: 119471K (28%)
----------------- Invoking toplevel() on ptolemy.moml.MoMLSimpleApplication@716c6fc1
----------------- Done invoking toplevel() on ptolemy.moml.MoMLSimpleApplication@716c6fc1
reloadAllAccessors: .ContinuousWithinContinuous2

===========================================================================================
----------------- testing Wed Nov 21 02:48:46 UTC 2018 /home/travis/build/icyphy/ptII/ptolemy/domains/continuous/test/auto/ContinuousWithinContinuous3.xml
----------------- Instantiating /home/travis/build/icyphy/ptII/ptolemy/domains/continuous/test/auto/ContinuousWithinContinuous3.xml
17 ms. Memory: 422400K Free: 110344K (26%)
----------------- Invoking toplevel() on ptolemy.moml.MoMLSimpleApplication@7079d13a
----------------- Done invoking toplevel() on ptolemy.moml.MoMLSimpleApplication@7079d13a
reloadAllAccessors: .ContinuousWithinContinuous3

===========================================================================================
----------------- testing Wed Nov 21 02:48:46 UTC 2018 /home/travis/build/icyphy/ptII/ptolemy/domains/continuous/test/auto/ContinuousWithinContinuous4.xml
----------------- Instantiating /home/travis/build/icyphy/ptII/ptolemy/domains/continuous/test/auto/ContinuousWithinContinuous4.xml
75 ms. Memory: 422400K Free: 95686K (23%)
----------------- Invoking toplevel() on ptolemy.moml.MoMLSimpleApplication@4026592
----------------- Done invoking toplevel() on ptolemy.moml.MoMLSimpleApplication@4026592
reloadAllAccessors: .ContinuousWithinContinuous4

===========================================================================================
----------------- testing Wed Nov 21 02:48:46 UTC 2018 /home/travis/build/icyphy/ptII/ptolemy/domains/continuous/test/auto/ContinuousWithinContinuous5.xml
----------------- Instantiating /home/travis/build/icyphy/ptII/ptolemy/domains/continuous/test/auto/ContinuousWithinContinuous5.xml
13 ms. Memory: 422400K Free: 85585K (20%)
----------------- Invoking toplevel() on ptolemy.moml.MoMLSimpleApplication@21fbabc9
----------------- Done invoking toplevel() on ptolemy.moml.MoMLSimpleApplication@21fbabc9
reloadAllAccessors: .ContinuousWithinContinuous5

===========================================================================================
----------------- testing Wed Nov 21 02:48:46 UTC 2018 /home/travis/build/icyphy/ptII/ptolemy/domains/continuous/test/auto/ContinuousWithinContinuous6.xml
----------------- Instantiating /home/travis/build/icyphy/ptII/ptolemy/domains/continuous/test/auto/ContinuousWithinContinuous6.xml
49 ms. Memory: 422400K Free: 75476K (18%)
----------------- Invoking toplevel() on ptolemy.moml.MoMLSimpleApplication@66c0155c
----------------- Done invoking toplevel() on ptolemy.moml.MoMLSimpleApplication@66c0155c
reloadAllAccessors: .ContinuousWithinContinuous6

===========================================================================================
----------------- testing Wed Nov 21 02:48:46 UTC 2018 /home/travis/build/icyphy/ptII/ptolemy/domains/continuous/test/auto/ContinuousWithinContinuous7.xml
----------------- Instantiating /home/travis/build/icyphy/ptII/ptolemy/domains/continuous/test/auto/ContinuousWithinContinuous7.xml
66 ms. Memory: 406528K Free: 386433K (95%)
----------------- Invoking toplevel() on ptolemy.moml.MoMLSimpleApplication@427eb42
----------------- Done invoking toplevel() on ptolemy.moml.MoMLSimpleApplication@427eb42
reloadAllAccessors: .ContinuousWithinContinuous7

===========================================================================================
----------------- testing Wed Nov 21 02:48:46 UTC 2018 /home/travis/build/icyphy/ptII/ptolemy/domains/continuous/test/auto/DCMotor.xml
----------------- Instantiating /home/travis/build/icyphy/ptII/ptolemy/domains/continuous/test/auto/DCMotor.xml
13860 ms. Memory: 264192K Free: 184196K (70%)
----------------- Invoking toplevel() on ptolemy.moml.MoMLSimpleApplication@2c800890
----------------- Done invoking toplevel() on ptolemy.moml.MoMLSimpleApplication@2c800890
reloadAllAccessors: .DCMotor

===========================================================================================
----------------- testing Wed Nov 21 02:49:00 UTC 2018 /home/travis/build/icyphy/ptII/ptolemy/domains/continuous/test/auto/DEInContinuous.xml
----------------- Instantiating /home/travis/build/icyphy/ptII/ptolemy/domains/continuous/test/auto/DEInContinuous.xml
17 ms. Memory: 264192K Free: 171490K (65%)
----------------- Invoking toplevel() on ptolemy.moml.MoMLSimpleApplication@51558a00
----------------- Done invoking toplevel() on ptolemy.moml.MoMLSimpleApplication@51558a00
reloadAllAccessors: .DEInContinuous

===========================================================================================
----------------- testing Wed Nov 21 02:49:00 UTC 2018 /home/travis/build/icyphy/ptII/ptolemy/domains/continuous/test/auto/DEinContinuous2.xml
----------------- Instantiating /home/travis/build/icyphy/ptII/ptolemy/domains/continuous/test/auto/DEinContinuous2.xml
5 ms. Memory: 264192K Free: 159688K (60%)
----------------- Invoking toplevel() on ptolemy.moml.MoMLSimpleApplication@5b3d3f42
----------------- Done invoking toplevel() on ptolemy.moml.MoMLSimpleApplication@5b3d3f42
reloadAllAccessors: .DEinContinuous2

===========================================================================================
----------------- testing Wed Nov 21 02:49:00 UTC 2018 /home/travis/build/icyphy/ptII/ptolemy/domains/continuous/test/auto/Derivative.xml
----------------- Instantiating /home/travis/build/icyphy/ptII/ptolemy/domains/continuous/test/auto/Derivative.xml
134 ms. Memory: 264192K Free: 122277K (46%)
----------------- Invoking toplevel() on ptolemy.moml.MoMLSimpleApplication@73fe3d8a
----------------- Done invoking toplevel() on ptolemy.moml.MoMLSimpleApplication@73fe3d8a
reloadAllAccessors: .Derivative2

===========================================================================================
----------------- testing Wed Nov 21 02:49:00 UTC 2018 /home/travis/build/icyphy/ptII/ptolemy/domains/continuous/test/auto/Derivative1.xml
----------------- Instantiating /home/travis/build/icyphy/ptII/ptolemy/domains/continuous/test/auto/Derivative1.xml
23 ms. Memory: 264192K Free: 103164K (39%)
----------------- Invoking toplevel() on ptolemy.moml.MoMLSimpleApplication@76b659f8
----------------- Done invoking toplevel() on ptolemy.moml.MoMLSimpleApplication@76b659f8
reloadAllAccessors: .Derivative1

===========================================================================================
----------------- testing Wed Nov 21 02:49:00 UTC 2018 /home/travis/build/icyphy/ptII/ptolemy/domains/continuous/test/auto/DiscreteClock.xml
----------------- Instantiating /home/travis/build/icyphy/ptII/ptolemy/domains/continuous/test/auto/DiscreteClock.xml
6 ms. Memory: 264192K Free: 91371K (35%)
----------------- Invoking toplevel() on ptolemy.moml.MoMLSimpleApplication@7374e5bf
----------------- Done invoking toplevel() on ptolemy.moml.MoMLSimpleApplication@7374e5bf
reloadAllAccessors: .DiscreteClock

===========================================================================================
----------------- testing Wed Nov 21 02:49:00 UTC 2018 /home/travis/build/icyphy/ptII/ptolemy/domains/continuous/test/auto/EfficiencyCurve.xml
----------------- Instantiating /home/travis/build/icyphy/ptII/ptolemy/domains/continuous/test/auto/EfficiencyCurve.xml
41 ms. Memory: 264192K Free: 75914K (29%)
----------------- Invoking toplevel() on ptolemy.moml.MoMLSimpleApplication@6fc60b66
----------------- Done invoking toplevel() on ptolemy.moml.MoMLSimpleApplication@6fc60b66
reloadAllAccessors: .EfficiencyCurve

===========================================================================================
----------------- testing Wed Nov 21 02:49:00 UTC 2018 /home/travis/build/icyphy/ptII/ptolemy/domains/continuous/test/auto/ExponentialResponse.xml
----------------- Instantiating /home/travis/build/icyphy/ptII/ptolemy/domains/continuous/test/auto/ExponentialResponse.xml
99 ms. Memory: 260608K Free: 237222K (91%)
----------------- Invoking toplevel() on ptolemy.moml.MoMLSimpleApplication@1ad5a
----------------- Done invoking toplevel() on ptolemy.moml.MoMLSimpleApplication@1ad5a
reloadAllAccessors: .ExponentialResponse

===========================================================================================
----------------- testing Wed Nov 21 02:49:01 UTC 2018 /home/travis/build/icyphy/ptII/ptolemy/domains/continuous/test/auto/ExponentialResponseRK45.xml
----------------- Instantiating /home/travis/build/icyphy/ptII/ptolemy/domains/continuous/test/auto/ExponentialResponseRK45.xml
23 ms. Memory: 260608K Free: 227417K (87%)
----------------- Invoking toplevel() on ptolemy.moml.MoMLSimpleApplication@40d73466
----------------- Done invoking toplevel() on ptolemy.moml.MoMLSimpleApplication@40d73466
reloadAllAccessors: .ExponentialResponseRK45

===========================================================================================
----------------- testing Wed Nov 21 02:49:01 UTC 2018 /home/travis/build/icyphy/ptII/ptolemy/domains/continuous/test/auto/Friction.xml
----------------- Instantiating /home/travis/build/icyphy/ptII/ptolemy/domains/continuous/test/auto/Friction.xml
1316 ms. Memory: 242688K Free: 102157K (42%)
----------------- Invoking toplevel() on ptolemy.moml.MoMLSimpleApplication@44bff4ee
----------------- Done invoking toplevel() on ptolemy.moml.MoMLSimpleApplication@44bff4ee
reloadAllAccessors: .Friction

===========================================================================================
----------------- testing Wed Nov 21 02:49:02 UTC 2018 /home/travis/build/icyphy/ptII/ptolemy/domains/continuous/test/auto/FurutaPendulum.xml
----------------- Instantiating /home/travis/build/icyphy/ptII/ptolemy/domains/continuous/test/auto/FurutaPendulum.xml
3117 ms. Memory: 221696K Free: 198215K (89%)
----------------- Invoking toplevel() on ptolemy.moml.MoMLSimpleApplication@43281c18
----------------- Done invoking toplevel() on ptolemy.moml.MoMLSimpleApplication@43281c18
reloadAllAccessors: .FurutaPendulum

===========================================================================================
----------------- testing Wed Nov 21 02:49:05 UTC 2018 /home/travis/build/icyphy/ptII/ptolemy/domains/continuous/test/auto/HierarchicalExecution.xml
----------------- Instantiating /home/travis/build/icyphy/ptII/ptolemy/domains/continuous/test/auto/HierarchicalExecution.xml
1636 ms. Memory: 207872K Free: 140983K (68%)
----------------- Invoking toplevel() on ptolemy.moml.MoMLSimpleApplication@55eb5084
----------------- Done invoking toplevel() on ptolemy.moml.MoMLSimpleApplication@55eb5084
reloadAllAccessors: .HierarchicalExecution

===========================================================================================
----------------- testing Wed Nov 21 02:49:07 UTC 2018 /home/travis/build/icyphy/ptII/ptolemy/domains/continuous/test/auto/HybridPlant.xml
----------------- Instantiating /home/travis/build/icyphy/ptII/ptolemy/domains/continuous/test/auto/HybridPlant.xml
465 ms. Memory: 203776K Free: 109600K (54%)
----------------- Invoking toplevel() on ptolemy.moml.MoMLSimpleApplication@5d34f5
----------------- Done invoking toplevel() on ptolemy.moml.MoMLSimpleApplication@5d34f5
reloadAllAccessors: .HybridPlant

===========================================================================================
----------------- testing Wed Nov 21 02:49:08 UTC 2018 /home/travis/build/icyphy/ptII/ptolemy/domains/continuous/test/auto/Hysteresis.xml
----------------- Instantiating /home/travis/build/icyphy/ptII/ptolemy/domains/continuous/test/auto/Hysteresis.xml
132 ms. Memory: 228864K Free: 187220K (82%)
----------------- Invoking toplevel() on ptolemy.moml.MoMLSimpleApplication@6a82e955
----------------- Done invoking toplevel() on ptolemy.moml.MoMLSimpleApplication@6a82e955
reloadAllAccessors: .Hysteresis

===========================================================================================
----------------- testing Wed Nov 21 02:49:08 UTC 2018 /home/travis/build/icyphy/ptII/ptolemy/domains/continuous/test/auto/HysteresisWithRandomDelay.xml
----------------- Instantiating /home/travis/build/icyphy/ptII/ptolemy/domains/continuous/test/auto/HysteresisWithRandomDelay.xml
168 ms. Memory: 228864K Free: 107166K (47%)
----------------- Invoking toplevel() on ptolemy.moml.MoMLSimpleApplication@668057f8
----------------- Done invoking toplevel() on ptolemy.moml.MoMLSimpleApplication@668057f8
reloadAllAccessors: .HysteresisWithRandomDelay

===========================================================================================
----------------- testing Wed Nov 21 02:49:08 UTC 2018 /home/travis/build/icyphy/ptII/ptolemy/domains/continuous/test/auto/HysteresisWithRandomLosses.xml
----------------- Instantiating /home/travis/build/icyphy/ptII/ptolemy/domains/continuous/test/auto/HysteresisWithRandomLosses.xml
2244 ms. Memory: 337920K Free: 248873K (74%)
----------------- Invoking toplevel() on ptolemy.moml.MoMLSimpleApplication@57cf5c5e
----------------- Done invoking toplevel() on ptolemy.moml.MoMLSimpleApplication@57cf5c5e
reloadAllAccessors: .HysteresisWithRandomLosses

===========================================================================================
----------------- testing Wed Nov 21 02:49:11 UTC 2018 /home/travis/build/icyphy/ptII/ptolemy/domains/continuous/test/auto/ImmediateTransitions.xml
----------------- Instantiating /home/travis/build/icyphy/ptII/ptolemy/domains/continuous/test/auto/ImmediateTransitions.xml
16 ms. Memory: 337920K Free: 233429K (69%)
----------------- Invoking toplevel() on ptolemy.moml.MoMLSimpleApplication@490590fb
----------------- Done invoking toplevel() on ptolemy.moml.MoMLSimpleApplication@490590fb
reloadAllAccessors: .ImmediateTransitions

===========================================================================================
----------------- testing Wed Nov 21 02:49:11 UTC 2018 /home/travis/build/icyphy/ptII/ptolemy/domains/continuous/test/auto/ImpulseFeedback.xml
----------------- Instantiating /home/travis/build/icyphy/ptII/ptolemy/domains/continuous/test/auto/ImpulseFeedback.xml
10 ms. Memory: 337920K Free: 224894K (67%)
----------------- Invoking toplevel() on ptolemy.moml.MoMLSimpleApplication@23afe322
----------------- Done invoking toplevel() on ptolemy.moml.MoMLSimpleApplication@23afe322
reloadAllAccessors: .ImpulseFeedback

===========================================================================================
----------------- testing Wed Nov 21 02:49:11 UTC 2018 /home/travis/build/icyphy/ptII/ptolemy/domains/continuous/test/auto/ImpulseFeedback2.xml
----------------- Instantiating /home/travis/build/icyphy/ptII/ptolemy/domains/continuous/test/auto/ImpulseFeedback2.xml
6 ms. Memory: 337920K Free: 216299K (64%)
----------------- Invoking toplevel() on ptolemy.moml.MoMLSimpleApplication@26a9b2c9
----------------- Done invoking toplevel() on ptolemy.moml.MoMLSimpleApplication@26a9b2c9
reloadAllAccessors: .ImpulseFeedback2

===========================================================================================
----------------- testing Wed Nov 21 02:49:11 UTC 2018 /home/travis/build/icyphy/ptII/ptolemy/domains/continuous/test/auto/IncreasingRatePoisson.xml
----------------- Instantiating /home/travis/build/icyphy/ptII/ptolemy/domains/continuous/test/auto/IncreasingRatePoisson.xml
628 ms. Memory: 330752K Free: 148601K (45%)
----------------- Invoking toplevel() on ptolemy.moml.MoMLSimpleApplication@5ae633c0
----------------- Done invoking toplevel() on ptolemy.moml.MoMLSimpleApplication@5ae633c0
reloadAllAccessors: .IncreasingRatePoisson

===========================================================================================
----------------- testing Wed Nov 21 02:49:11 UTC 2018 /home/travis/build/icyphy/ptII/ptolemy/domains/continuous/test/auto/InitialStateFeedback.xml
----------------- Instantiating /home/travis/build/icyphy/ptII/ptolemy/domains/continuous/test/auto/InitialStateFeedback.xml
3 ms. Memory: 330752K Free: 139064K (42%)
----------------- Invoking toplevel() on ptolemy.moml.MoMLSimpleApplication@2e4052e0
----------------- Done invoking toplevel() on ptolemy.moml.MoMLSimpleApplication@2e4052e0
reloadAllAccessors: .InitialStateFeedback

===========================================================================================
----------------- testing Wed Nov 21 02:49:11 UTC 2018 /home/travis/build/icyphy/ptII/ptolemy/domains/continuous/test/auto/Integration.xml
----------------- Instantiating /home/travis/build/icyphy/ptII/ptolemy/domains/continuous/test/auto/Integration.xml
2 ms. Memory: 330752K Free: 130827K (40%)
----------------- Invoking toplevel() on ptolemy.moml.MoMLSimpleApplication@74714aaf
----------------- Done invoking toplevel() on ptolemy.moml.MoMLSimpleApplication@74714aaf
reloadAllAccessors: .Integration

===========================================================================================
----------------- testing Wed Nov 21 02:49:11 UTC 2018 /home/travis/build/icyphy/ptII/ptolemy/domains/continuous/test/auto/Integration2.xml
----------------- Instantiating /home/travis/build/icyphy/ptII/ptolemy/domains/continuous/test/auto/Integration2.xml
78 ms. Memory: 330752K Free: 112797K (34%)
----------------- Invoking toplevel() on ptolemy.moml.MoMLSimpleApplication@df7f5e3
----------------- Done invoking toplevel() on ptolemy.moml.MoMLSimpleApplication@df7f5e3
reloadAllAccessors: .Integration2

===========================================================================================
----------------- testing Wed Nov 21 02:49:11 UTC 2018 /home/travis/build/icyphy/ptII/ptolemy/domains/continuous/test/auto/Integration3.xml
----------------- Instantiating /home/travis/build/icyphy/ptII/ptolemy/domains/continuous/test/auto/Integration3.xml
2 ms. Memory: 330752K Free: 104559K (32%)
----------------- Invoking toplevel() on ptolemy.moml.MoMLSimpleApplication@48e9de6a
----------------- Done invoking toplevel() on ptolemy.moml.MoMLSimpleApplication@48e9de6a
reloadAllAccessors: .Integration3

===========================================================================================
----------------- testing Wed Nov 21 02:49:11 UTC 2018 /home/travis/build/icyphy/ptII/ptolemy/domains/continuous/test/auto/Integration5.xml
----------------- Instantiating /home/travis/build/icyphy/ptII/ptolemy/domains/continuous/test/auto/Integration5.xml
2 ms. Memory: 330752K Free: 96375K (29%)
----------------- Invoking toplevel() on ptolemy.moml.MoMLSimpleApplication@4f952e8c
----------------- Done invoking toplevel() on ptolemy.moml.MoMLSimpleApplication@4f952e8c
reloadAllAccessors: .Integration5

===========================================================================================
----------------- testing Wed Nov 21 02:49:11 UTC 2018 /home/travis/build/icyphy/ptII/ptolemy/domains/continuous/test/auto/IntegratorImpulse.xml
----------------- Instantiating /home/travis/build/icyphy/ptII/ptolemy/domains/continuous/test/auto/IntegratorImpulse.xml
10 ms. Memory: 330752K Free: 88139K (27%)
----------------- Invoking toplevel() on ptolemy.moml.MoMLSimpleApplication@64d332aa
----------------- Done invoking toplevel() on ptolemy.moml.MoMLSimpleApplication@64d332aa
reloadAllAccessors: .IntegratorImpulse

===========================================================================================
----------------- testing Wed Nov 21 02:49:11 UTC 2018 /home/travis/build/icyphy/ptII/ptolemy/domains/continuous/test/auto/IntegratorImpulse2.xml
----------------- Instantiating /home/travis/build/icyphy/ptII/ptolemy/domains/continuous/test/auto/IntegratorImpulse2.xml
4 ms. Memory: 330752K Free: 79910K (24%)
----------------- Invoking toplevel() on ptolemy.moml.MoMLSimpleApplication@7a505554
----------------- Done invoking toplevel() on ptolemy.moml.MoMLSimpleApplication@7a505554
reloadAllAccessors: .IntegratorImpulse2

===========================================================================================
----------------- testing Wed Nov 21 02:49:11 UTC 2018 /home/travis/build/icyphy/ptII/ptolemy/domains/continuous/test/auto/LevelCrossing1.xml
----------------- Instantiating /home/travis/build/icyphy/ptII/ptolemy/domains/continuous/test/auto/LevelCrossing1.xml
2 ms. Memory: 330752K Free: 71674K (22%)
----------------- Invoking toplevel() on ptolemy.moml.MoMLSimpleApplication@3f98716c
----------------- Done invoking toplevel() on ptolemy.moml.MoMLSimpleApplication@3f98716c
reloadAllAccessors: .LevelCrossing1

===========================================================================================
----------------- testing Wed Nov 21 02:49:11 UTC 2018 /home/travis/build/icyphy/ptII/ptolemy/domains/continuous/test/auto/LevelCrossing2.xml
----------------- Instantiating /home/travis/build/icyphy/ptII/ptolemy/domains/continuous/test/auto/LevelCrossing2.xml
7 ms. Memory: 330752K Free: 63438K (19%)
----------------- Invoking toplevel() on ptolemy.moml.MoMLSimpleApplication@692f3398
----------------- Done invoking toplevel() on ptolemy.moml.MoMLSimpleApplication@692f3398
reloadAllAccessors: .LevelCrossing2

===========================================================================================
----------------- testing Wed Nov 21 02:49:12 UTC 2018 /home/travis/build/icyphy/ptII/ptolemy/domains/continuous/test/auto/LevelCrossing3.xml
----------------- Instantiating /home/travis/build/icyphy/ptII/ptolemy/domains/continuous/test/auto/LevelCrossing3.xml
2 ms. Memory: 330752K Free: 55201K (17%)
----------------- Invoking toplevel() on ptolemy.moml.MoMLSimpleApplication@686c2133
----------------- Done invoking toplevel() on ptolemy.moml.MoMLSimpleApplication@686c2133
reloadAllAccessors: .LevelCrossing3

===========================================================================================
----------------- testing Wed Nov 21 02:49:12 UTC 2018 /home/travis/build/icyphy/ptII/ptolemy/domains/continuous/test/auto/LevelCrossing4.xml
----------------- Instantiating /home/travis/build/icyphy/ptII/ptolemy/domains/continuous/test/auto/LevelCrossing4.xml
3 ms. Memory: 315904K Free: 277640K (88%)
----------------- Invoking toplevel() on ptolemy.moml.MoMLSimpleApplication@6fad5067
----------------- Done invoking toplevel() on ptolemy.moml.MoMLSimpleApplication@6fad5067
reloadAllAccessors: .LevelCrossing4

===========================================================================================
----------------- testing Wed Nov 21 02:49:12 UTC 2018 /home/travis/build/icyphy/ptII/ptolemy/domains/continuous/test/auto/LevelCrossing5.xml
----------------- Instantiating /home/travis/build/icyphy/ptII/ptolemy/domains/continuous/test/auto/LevelCrossing5.xml
3 ms. Memory: 315904K Free: 269711K (85%)
----------------- Invoking toplevel() on ptolemy.moml.MoMLSimpleApplication@4429b552
----------------- Done invoking toplevel() on ptolemy.moml.MoMLSimpleApplication@4429b552
reloadAllAccessors: .LevelCrossing5

===========================================================================================
[...]
----------------- testing Wed Nov 21 02:49:28 UTC 2018 /home/travis/build/icyphy/ptII/ptolemy/domains/continuous/test/auto/SRinContinuous.xml
----------------- Instantiating /home/travis/build/icyphy/ptII/ptolemy/domains/continuous/test/auto/SRinContinuous.xml
5 ms. Memory: 589824K Free: 40971K (7%)
----------------- Invoking toplevel() on ptolemy.moml.MoMLSimpleApplication@3710a806
----------------- Done invoking toplevel() on ptolemy.moml.MoMLSimpleApplication@3710a806
reloadAllAccessors: .SRinContinuous

===========================================================================================
----------------- testing Wed Nov 21 02:49:28 UTC 2018 /home/travis/build/icyphy/ptII/ptolemy/domains/continuous/test/auto/SampledClocks.xml
----------------- Instantiating /home/travis/build/icyphy/ptII/ptolemy/domains/continuous/test/auto/SampledClocks.xml
5 ms. Memory: 589824K Free: 22459K (4%)
----------------- Invoking toplevel() on ptolemy.moml.MoMLSimpleApplication@54b49bae
----------------- Done invoking toplevel() on ptolemy.moml.MoMLSimpleApplication@54b49bae
reloadAllAccessors: .SampledClocks

===========================================================================================
----------------- testing Wed Nov 21 02:49:28 UTC 2018 /home/travis/build/icyphy/ptII/ptolemy/domains/continuous/test/auto/Satellite.xml
----------------- Instantiating /home/travis/build/icyphy/ptII/ptolemy/domains/continuous/test/auto/Satellite.xml
959 ms. Memory: 589824K Free: 338954K (57%)
----------------- Invoking toplevel() on ptolemy.moml.MoMLSimpleApplication@53022d28
----------------- Done invoking toplevel() on ptolemy.moml.MoMLSimpleApplication@53022d28
reloadAllAccessors: .Satellite

===========================================================================================
----------------- testing Wed Nov 21 02:49:29 UTC 2018 /home/travis/build/icyphy/ptII/ptolemy/domains/continuous/test/auto/SigmaDelta.xml
----------------- Instantiating /home/travis/build/icyphy/ptII/ptolemy/domains/continuous/test/auto/SigmaDelta.xml
2333 ms. Memory: 566272K Free: 433902K (77%)
----------------- Invoking toplevel() on ptolemy.moml.MoMLSimpleApplication@94cd563
----------------- Done invoking toplevel() on ptolemy.moml.MoMLSimpleApplication@94cd563
reloadAllAccessors: .SigmaDelta

===========================================================================================
----------------- testing Wed Nov 21 02:49:32 UTC 2018 /home/travis/build/icyphy/ptII/ptolemy/domains/continuous/test/auto/SingleRefinement.xml
----------------- Instantiating /home/travis/build/icyphy/ptII/ptolemy/domains/continuous/test/auto/SingleRefinement.xml
273 ms. Memory: 566272K Free: 245712K (43%)
----------------- Invoking toplevel() on ptolemy.moml.MoMLSimpleApplication@5776901b
----------------- Done invoking toplevel() on ptolemy.moml.MoMLSimpleApplication@5776901b
reloadAllAccessors: .SingleRefinement

===========================================================================================
----------------- testing Wed Nov 21 02:49:32 UTC 2018 /home/travis/build/icyphy/ptII/ptolemy/domains/continuous/test/auto/SinuBouncingBall.xml
----------------- Instantiating /home/travis/build/icyphy/ptII/ptolemy/domains/continuous/test/auto/SinuBouncingBall.xml
725 ms. Memory: 566272K Free: 21477K (4%)
----------------- Invoking toplevel() on ptolemy.moml.MoMLSimpleApplication@74656551
----------------- Done invoking toplevel() on ptolemy.moml.MoMLSimpleApplication@74656551
reloadAllAccessors: .SinuBouncingBall

===========================================================================================
----------------- testing Wed Nov 21 02:49:33 UTC 2018 /home/travis/build/icyphy/ptII/ptolemy/domains/continuous/test/auto/Sinusoid.xml
----------------- Instantiating /home/travis/build/icyphy/ptII/ptolemy/domains/continuous/test/auto/Sinusoid.xml
5 ms. Memory: 566272K Free: 14139K (2%)
----------------- Invoking toplevel() on ptolemy.moml.MoMLSimpleApplication@1e681c63
----------------- Done invoking toplevel() on ptolemy.moml.MoMLSimpleApplication@1e681c63
reloadAllAccessors: .Sinusoid

===========================================================================================
----------------- testing Wed Nov 21 02:49:33 UTC 2018 /home/travis/build/icyphy/ptII/ptolemy/domains/continuous/test/auto/SinusoidInNoise.xml
----------------- Instantiating /home/travis/build/icyphy/ptII/ptolemy/domains/continuous/test/auto/SinusoidInNoise.xml
887 ms. Memory: 501248K Free: 288889K (58%)
----------------- Invoking toplevel() on ptolemy.moml.MoMLSimpleApplication@7251d6b7
----------------- Done invoking toplevel() on ptolemy.moml.MoMLSimpleApplication@7251d6b7
reloadAllAccessors: .SinusoidInNoise

===========================================================================================
----------------- testing Wed Nov 21 02:49:34 UTC 2018 /home/travis/build/icyphy/ptII/ptolemy/domains/continuous/test/auto/SinusoidRK45.xml
----------------- Instantiating /home/travis/build/icyphy/ptII/ptolemy/domains/continuous/test/auto/SinusoidRK45.xml
2 ms. Memory: 501248K Free: 278873K (56%)
----------------- Invoking toplevel() on ptolemy.moml.MoMLSimpleApplication@2f626a12
----------------- Done invoking toplevel() on ptolemy.moml.MoMLSimpleApplication@2f626a12
reloadAllAccessors: .SinusoidRK45

===========================================================================================
----------------- testing Wed Nov 21 02:49:34 UTC 2018 /home/travis/build/icyphy/ptII/ptolemy/domains/continuous/test/auto/SinusoidWithMultipleImpulses.xml
----------------- Instantiating /home/travis/build/icyphy/ptII/ptolemy/domains/continuous/test/auto/SinusoidWithMultipleImpulses.xml
3 ms. Memory: 501248K Free: 268784K (54%)
----------------- Invoking toplevel() on ptolemy.moml.MoMLSimpleApplication@6ed7e064
----------------- Done invoking toplevel() on ptolemy.moml.MoMLSimpleApplication@6ed7e064
reloadAllAccessors: .SinusoidWithMultipleImpulses

===========================================================================================
----------------- testing Wed Nov 21 02:49:34 UTC 2018 /home/travis/build/icyphy/ptII/ptolemy/domains/continuous/test/auto/SquareWave.xml
----------------- Instantiating /home/travis/build/icyphy/ptII/ptolemy/domains/continuous/test/auto/SquareWave.xml
157 ms. Memory: 501248K Free: 231405K (46%)
----------------- Invoking toplevel() on ptolemy.moml.MoMLSimpleApplication@328730b9
----------------- Done invoking toplevel() on ptolemy.moml.MoMLSimpleApplication@328730b9
reloadAllAccessors: .SquareWave

===========================================================================================
----------------- testing Wed Nov 21 02:49:34 UTC 2018 /home/travis/build/icyphy/ptII/ptolemy/domains/continuous/test/auto/Starmac.xml
----------------- Instantiating /home/travis/build/icyphy/ptII/ptolemy/domains/continuous/test/auto/Starmac.xml
3067 ms. Memory: 592384K Free: 408228K (69%)
----------------- Invoking toplevel() on ptolemy.moml.MoMLSimpleApplication@7a5ce1b2
----------------- Done invoking toplevel() on ptolemy.moml.MoMLSimpleApplication@7a5ce1b2
reloadAllAccessors: .Starmac

===========================================================================================
----------------- testing Wed Nov 21 02:49:37 UTC 2018 /home/travis/build/icyphy/ptII/ptolemy/domains/continuous/test/auto/StaticUnits.xml
----------------- Instantiating /home/travis/build/icyphy/ptII/ptolemy/domains/continuous/test/auto/StaticUnits.xml
2190 ms. Memory: 566784K Free: 462901K (82%)
----------------- Invoking toplevel() on ptolemy.moml.MoMLSimpleApplication@17e29deb
----------------- Done invoking toplevel() on ptolemy.moml.MoMLSimpleApplication@17e29deb
reloadAllAccessors: .StaticUnits

===========================================================================================
----------------- testing Wed Nov 21 02:49:40 UTC 2018 /home/travis/build/icyphy/ptII/ptolemy/domains/continuous/test/auto/StickyMasses.xml
----------------- Instantiating /home/travis/build/icyphy/ptII/ptolemy/domains/continuous/test/auto/StickyMasses.xml
150 ms. Memory: 566784K Free: 400791K (71%)
----------------- Invoking toplevel() on ptolemy.moml.MoMLSimpleApplication@6268b8c8
----------------- Done invoking toplevel() on ptolemy.moml.MoMLSimpleApplication@6268b8c8
reloadAllAccessors: .StickyMasses

===========================================================================================
----------------- testing Wed Nov 21 02:49:40 UTC 2018 /home/travis/build/icyphy/ptII/ptolemy/domains/continuous/test/auto/StopTime.xml
----------------- Instantiating /home/travis/build/icyphy/ptII/ptolemy/domains/continuous/test/auto/StopTime.xml
44 ms. Memory: 566784K Free: 372319K (66%)
----------------- Invoking toplevel() on ptolemy.moml.MoMLSimpleApplication@2befd4d6
----------------- Done invoking toplevel() on ptolemy.moml.MoMLSimpleApplication@2befd4d6
reloadAllAccessors: .StopTime

===========================================================================================
----------------- testing Wed Nov 21 02:49:40 UTC 2018 /home/travis/build/icyphy/ptII/ptolemy/domains/continuous/test/auto/StopTime2.xml
----------------- Instantiating /home/travis/build/icyphy/ptII/ptolemy/domains/continuous/test/auto/StopTime2.xml
34 ms. Memory: 566784K Free: 347177K (61%)
----------------- Invoking toplevel() on ptolemy.moml.MoMLSimpleApplication@3a1f994
----------------- Done invoking toplevel() on ptolemy.moml.MoMLSimpleApplication@3a1f994
reloadAllAccessors: .StopTime2

===========================================================================================
----------------- testing Wed Nov 21 02:49:40 UTC 2018 /home/travis/build/icyphy/ptII/ptolemy/domains/continuous/test/auto/Switch.xml
----------------- Instantiating /home/travis/build/icyphy/ptII/ptolemy/domains/continuous/test/auto/Switch.xml
35 ms. Memory: 566784K Free: 315196K (56%)
----------------- Invoking toplevel() on ptolemy.moml.MoMLSimpleApplication@7c05842c
----------------- Done invoking toplevel() on ptolemy.moml.MoMLSimpleApplication@7c05842c
reloadAllAccessors: .Switch

===========================================================================================
----------------- testing Wed Nov 21 02:49:40 UTC 2018 /home/travis/build/icyphy/ptII/ptolemy/domains/continuous/test/auto/Thermostat.xml
----------------- Instantiating /home/travis/build/icyphy/ptII/ptolemy/domains/continuous/test/auto/Thermostat.xml
163 ms. Memory: 566784K Free: 234853K (41%)
----------------- Invoking toplevel() on ptolemy.moml.MoMLSimpleApplication@15b67c67
----------------- Done invoking toplevel() on ptolemy.moml.MoMLSimpleApplication@15b67c67
reloadAllAccessors: .Thermostat

===========================================================================================
----------------- testing Wed Nov 21 02:49:41 UTC 2018 /home/travis/build/icyphy/ptII/ptolemy/domains/continuous/test/auto/TimeDelay.xml
----------------- Instantiating /home/travis/build/icyphy/ptII/ptolemy/domains/continuous/test/auto/TimeDelay.xml
5 ms. Memory: 566784K Free: 227053K (40%)
----------------- Invoking toplevel() on ptolemy.moml.MoMLSimpleApplication@6100cafd
----------------- Done invoking toplevel() on ptolemy.moml.MoMLSimpleApplication@6100cafd
reloadAllAccessors: .TimeDelay

===========================================================================================
----------------- testing Wed Nov 21 02:49:41 UTC 2018 /home/travis/build/icyphy/ptII/ptolemy/domains/continuous/test/auto/TimeDelay2.xml
----------------- Instantiating /home/travis/build/icyphy/ptII/ptolemy/domains/continuous/test/auto/TimeDelay2.xml
7 ms. Memory: 566784K Free: 212284K (37%)
----------------- Invoking toplevel() on ptolemy.moml.MoMLSimpleApplication@79ce81bf
----------------- Done invoking toplevel() on ptolemy.moml.MoMLSimpleApplication@79ce81bf
reloadAllAccessors: .TimeDelay2

===========================================================================================
----------------- testing Wed Nov 21 02:49:41 UTC 2018 /home/travis/build/icyphy/ptII/ptolemy/domains/continuous/test/auto/TimeDelay3.xml
----------------- Instantiating /home/travis/build/icyphy/ptII/ptolemy/domains/continuous/test/auto/TimeDelay3.xml
5 ms. Memory: 566784K Free: 204481K (36%)
----------------- Invoking toplevel() on ptolemy.moml.MoMLSimpleApplication@50c8485d
----------------- Done invoking toplevel() on ptolemy.moml.MoMLSimpleApplication@50c8485d
reloadAllAccessors: .TimeDelay3

===========================================================================================
----------------- testing Wed Nov 21 02:49:41 UTC 2018 /home/travis/build/icyphy/ptII/ptolemy/domains/continuous/test/auto/TransferAbsentToInside.xml
----------------- Instantiating /home/travis/build/icyphy/ptII/ptolemy/domains/continuous/test/auto/TransferAbsentToInside.xml
28 ms. Memory: 566784K Free: 141391K (25%)
----------------- Invoking toplevel() on ptolemy.moml.MoMLSimpleApplication@727ac7de
----------------- Done invoking toplevel() on ptolemy.moml.MoMLSimpleApplication@727ac7de
reloadAllAccessors: .TransferAbsentToInside

===========================================================================================
----------------- testing Wed Nov 21 02:49:41 UTC 2018 /home/travis/build/icyphy/ptII/ptolemy/domains/continuous/test/auto/Transmission.xml
----------------- Instantiating /home/travis/build/icyphy/ptII/ptolemy/domains/continuous/test/auto/Transmission.xml
738 ms. Memory: 538624K Free: 388163K (72%)
----------------- Invoking toplevel() on ptolemy.moml.MoMLSimpleApplication@66bd3700
----------------- Done invoking toplevel() on ptolemy.moml.MoMLSimpleApplication@66bd3700
reloadAllAccessors: .Transmission

===========================================================================================
----------------- testing Wed Nov 21 02:49:42 UTC 2018 /home/travis/build/icyphy/ptII/ptolemy/domains/continuous/test/auto/TriggeredContinuousClock.xml
----------------- Instantiating /home/travis/build/icyphy/ptII/ptolemy/domains/continuous/test/auto/TriggeredContinuousClock.xml
34 ms. Memory: 538624K Free: 353265K (66%)
----------------- Invoking toplevel() on ptolemy.moml.MoMLSimpleApplication@7614f07c
----------------- Done invoking toplevel() on ptolemy.moml.MoMLSimpleApplication@7614f07c
reloadAllAccessors: .TriggeredContinuousClock

===========================================================================================
----------------- testing Wed Nov 21 02:49:42 UTC 2018 /home/travis/build/icyphy/ptII/ptolemy/domains/continuous/test/auto/TwoMachineInfiniteBusControl.xml
----------------- Instantiating /home/travis/build/icyphy/ptII/ptolemy/domains/continuous/test/auto/TwoMachineInfiniteBusControl.xml
3216 ms. Memory: 523776K Free: 235230K (45%)
----------------- Invoking toplevel() on ptolemy.moml.MoMLSimpleApplication@1177a89d
----------------- Done invoking toplevel() on ptolemy.moml.MoMLSimpleApplication@1177a89d
reloadAllAccessors: .TwoMachineInfiniteBusControl

===========================================================================================
----------------- testing Wed Nov 21 02:49:45 UTC 2018 /home/travis/build/icyphy/ptII/ptolemy/domains/continuous/test/auto/V2V.xml
----------------- Instantiating /home/travis/build/icyphy/ptII/ptolemy/domains/continuous/test/auto/V2V.xml
723 ms. Memory: 494080K Free: 470670K (95%)
----------------- Invoking toplevel() on ptolemy.moml.MoMLSimpleApplication@62db8a8d
----------------- Done invoking toplevel() on ptolemy.moml.MoMLSimpleApplication@62db8a8d
reloadAllAccessors: .V2V

===========================================================================================
----------------- testing Wed Nov 21 02:49:46 UTC 2018 /home/travis/build/icyphy/ptII/ptolemy/domains/continuous/test/auto/hierarchicalModalModel.xml
----------------- Instantiating /home/travis/build/icyphy/ptII/ptolemy/domains/continuous/test/auto/hierarchicalModalModel.xml
6 ms. Memory: 494080K Free: 450279K (91%)
----------------- Invoking toplevel() on ptolemy.moml.MoMLSimpleApplication@282e197
----------------- Done invoking toplevel() on ptolemy.moml.MoMLSimpleApplication@282e197
reloadAllAccessors: .hierarchicalModalModel

===========================================================================================
----------------- testing Wed Nov 21 02:49:46 UTC 2018 /home/travis/build/icyphy/ptII/ptolemy/domains/continuous/test/auto/hierarchicalModalModel1.xml
----------------- Instantiating /home/travis/build/icyphy/ptII/ptolemy/domains/continuous/test/auto/hierarchicalModalModel1.xml
7 ms. Memory: 494080K Free: 431357K (87%)
----------------- Invoking toplevel() on ptolemy.moml.MoMLSimpleApplication@690c058c
----------------- Done invoking toplevel() on ptolemy.moml.MoMLSimpleApplication@690c058c
reloadAllAccessors: .hierarchicalModalModel1

===========================================================================================
----------------- testing Wed Nov 21 02:49:46 UTC 2018 /home/travis/build/icyphy/ptII/ptolemy/domains/continuous/test/auto/hierarchicalModalModel2.xml
----------------- Instantiating /home/travis/build/icyphy/ptII/ptolemy/domains/continuous/test/auto/hierarchicalModalModel2.xml
5 ms. Memory: 494080K Free: 414689K (84%)
----------------- Invoking toplevel() on ptolemy.moml.MoMLSimpleApplication@323f890c
----------------- Done invoking toplevel() on ptolemy.moml.MoMLSimpleApplication@323f890c
reloadAllAccessors: .hierarchicalModalModel2

===========================================================================================
----------------- testing Wed Nov 21 02:49:46 UTC 2018 /home/travis/build/icyphy/ptII/ptolemy/domains/continuous/test/auto/hierarchicalModalModel3.xml
----------------- Instantiating /home/travis/build/icyphy/ptII/ptolemy/domains/continuous/test/auto/hierarchicalModalModel3.xml
5 ms. Memory: 494080K Free: 400283K (81%)
----------------- Invoking toplevel() on ptolemy.moml.MoMLSimpleApplication@45a73075
----------------- Done invoking toplevel() on ptolemy.moml.MoMLSimpleApplication@45a73075
reloadAllAccessors: .hierarchicalModalModel3

===========================================================================================
----------------- testing Wed Nov 21 02:49:46 UTC 2018 /home/travis/build/icyphy/ptII/ptolemy/domains/continuous/test/auto/hierarchicalModalModel4.xml
----------------- Instantiating /home/travis/build/icyphy/ptII/ptolemy/domains/continuous/test/auto/hierarchicalModalModel4.xml
5 ms. Memory: 494080K Free: 385922K (78%)
----------------- Invoking toplevel() on ptolemy.moml.MoMLSimpleApplication@2bbf75fc
----------------- Done invoking toplevel() on ptolemy.moml.MoMLSimpleApplication@2bbf75fc
reloadAllAccessors: .hierarchicalModalModel4

===========================================================================================
----------------- testing Wed Nov 21 02:49:46 UTC 2018 /home/travis/build/icyphy/ptII/ptolemy/domains/continuous/test/auto/junk.xml
----------------- Instantiating /home/travis/build/icyphy/ptII/ptolemy/domains/continuous/test/auto/junk.xml
140 ms. Memory: 494080K Free: 351361K (71%)
----------------- Invoking toplevel() on ptolemy.moml.MoMLSimpleApplication@5341bc02
----------------- Done invoking toplevel() on ptolemy.moml.MoMLSimpleApplication@5341bc02
reloadAllAccessors: .junk
AutoTests.java: About to close Vertx.
AutoTests.java: Vertx closed.
]]></system-out>
  <system-err><![CDATA[Warning: '.HysteresisWithRandomDelay.NonStrictTest3' The test produced only 27 tokens, yet the correctValues parameter was expecting 30 tokens.
Warning: '.IncreasingRatePoisson.NonStrictTest' The test produced only 393 tokens, yet the correctValues parameter was expecting 402 tokens.
Warning: '.Poisson.NonStrictTest' The test produced only 417 tokens, yet the correctValues parameter was expecting 430 tokens.
]]></system-err>
</testsuite>
