<?xml version="1.0" encoding="UTF-8" ?>
<testsuite errors="0" failures="0" hostname="travis-job-5b037297-957b-49b2-971f-10a795903a98" name="ptolemy.domains.continuous.test.junit.JUnitTclTest" skipped="0" tests="156" time="78.946" timestamp="2019-11-14T06:13:51">
  <properties>
[...]
</properties>
  <testcase classname="ptolemy.util.test.junit.TclTests" name="[0] ThereAreNoTclTests (RunTclFile)" time="0.009" />
  <testcase classname="ptolemy.util.test.junit.AutoKnownFailedTests" name="[0] ThereAreNoKnowFailedTests (RunModel)" time="0.006" />
  <testcase classname="ptolemy.util.test.junit.AutoNameArchTests" name="[0] ThereAreNoAutoArchTests (RunModel)" time="0.011" />
  <testcase classname="ptolemy.util.test.junit.AutoTests" name="[0] /home/travis/build/icyphy/ptII/ptolemy/domains/continuous/test/auto/BouncingBall.xml (RunModel)" time="3.279" />
  <testcase classname="ptolemy.util.test.junit.AutoTests" name="[1] /home/travis/build/icyphy/ptII/ptolemy/domains/continuous/test/auto/BouncingBallWithoutGR.xml (RunModel)" time="0.802" />
  <testcase classname="ptolemy.util.test.junit.AutoTests" name="[2] /home/travis/build/icyphy/ptII/ptolemy/domains/continuous/test/auto/Brownian.xml (RunModel)" time="0.139" />
  <testcase classname="ptolemy.util.test.junit.AutoTests" name="[3] /home/travis/build/icyphy/ptII/ptolemy/domains/continuous/test/auto/CarTracking.xml (RunModel)" time="4.717" />
  <testcase classname="ptolemy.util.test.junit.AutoTests" name="[4] /home/travis/build/icyphy/ptII/ptolemy/domains/continuous/test/auto/CartPendulum.xml (RunModel)" time="0.582" />
  <testcase classname="ptolemy.util.test.junit.AutoTests" name="[5] /home/travis/build/icyphy/ptII/ptolemy/domains/continuous/test/auto/CausalityInterface10.xml (RunModel)" time="0.057" />
  <testcase classname="ptolemy.util.test.junit.AutoTests" name="[6] /home/travis/build/icyphy/ptII/ptolemy/domains/continuous/test/auto/CausalityInterface11.xml (RunModel)" time="0.04" />
  <testcase classname="ptolemy.util.test.junit.AutoTests" name="[7] /home/travis/build/icyphy/ptII/ptolemy/domains/continuous/test/auto/CausalityInterface12.xml (RunModel)" time="0.027" />
  <testcase classname="ptolemy.util.test.junit.AutoTests" name="[8] /home/travis/build/icyphy/ptII/ptolemy/domains/continuous/test/auto/CausalityInterface13.xml (RunModel)" time="0.027" />
  <testcase classname="ptolemy.util.test.junit.AutoTests" name="[9] /home/travis/build/icyphy/ptII/ptolemy/domains/continuous/test/auto/CausalityInterface14.xml (RunModel)" time="0.029" />
  <testcase classname="ptolemy.util.test.junit.AutoTests" name="[10] /home/travis/build/icyphy/ptII/ptolemy/domains/continuous/test/auto/CausalityInterface4.xml (RunModel)" time="0.045" />
  <testcase classname="ptolemy.util.test.junit.AutoTests" name="[11] /home/travis/build/icyphy/ptII/ptolemy/domains/continuous/test/auto/CausalityInterface5.xml (RunModel)" time="0.059" />
  <testcase classname="ptolemy.util.test.junit.AutoTests" name="[12] /home/travis/build/icyphy/ptII/ptolemy/domains/continuous/test/auto/CausalityInterface6.xml (RunModel)" time="0.032" />
  <testcase classname="ptolemy.util.test.junit.AutoTests" name="[13] /home/travis/build/icyphy/ptII/ptolemy/domains/continuous/test/auto/CausalityInterface7.xml (RunModel)" time="0.048" />
  <testcase classname="ptolemy.util.test.junit.AutoTests" name="[14] /home/travis/build/icyphy/ptII/ptolemy/domains/continuous/test/auto/CausalityInterface8.xml (RunModel)" time="0.047" />
  <testcase classname="ptolemy.util.test.junit.AutoTests" name="[15] /home/travis/build/icyphy/ptII/ptolemy/domains/continuous/test/auto/CausalityInterface9.xml (RunModel)" time="0.062" />
  <testcase classname="ptolemy.util.test.junit.AutoTests" name="[16] /home/travis/build/icyphy/ptII/ptolemy/domains/continuous/test/auto/CausalityInterfaceFeedback1.xml (RunModel)" time="0.042" />
  <testcase classname="ptolemy.util.test.junit.AutoTests" name="[17] /home/travis/build/icyphy/ptII/ptolemy/domains/continuous/test/auto/CausalityInterfaceFeedback2.xml (RunModel)" time="0.046" />
  <testcase classname="ptolemy.util.test.junit.AutoTests" name="[18] /home/travis/build/icyphy/ptII/ptolemy/domains/continuous/test/auto/CompareWithCurrentTime.xml (RunModel)" time="0.033" />
  <testcase classname="ptolemy.util.test.junit.AutoTests" name="[19] /home/travis/build/icyphy/ptII/ptolemy/domains/continuous/test/auto/ComparedClocks.xml (RunModel)" time="0.09" />
  <testcase classname="ptolemy.util.test.junit.AutoTests" name="[20] /home/travis/build/icyphy/ptII/ptolemy/domains/continuous/test/auto/ContinuousAOCClone.xml (RunModel)" time="2.807" />
  <testcase classname="ptolemy.util.test.junit.AutoTests" name="[21] /home/travis/build/icyphy/ptII/ptolemy/domains/continuous/test/auto/ContinuousClock.xml (RunModel)" time="0.114" />
  <testcase classname="ptolemy.util.test.junit.AutoTests" name="[22] /home/travis/build/icyphy/ptII/ptolemy/domains/continuous/test/auto/ContinuousInContinuous.xml (RunModel)" time="0.087" />
  <testcase classname="ptolemy.util.test.junit.AutoTests" name="[23] /home/travis/build/icyphy/ptII/ptolemy/domains/continuous/test/auto/ContinuousInContinuousInContinuous.xml (RunModel)" time="0.03" />
  <testcase classname="ptolemy.util.test.junit.AutoTests" name="[24] /home/travis/build/icyphy/ptII/ptolemy/domains/continuous/test/auto/ContinuousInDE.xml (RunModel)" time="0.129" />
  <testcase classname="ptolemy.util.test.junit.AutoTests" name="[25] /home/travis/build/icyphy/ptII/ptolemy/domains/continuous/test/auto/ContinuousInDE2.xml (RunModel)" time="0.062" />
  <testcase classname="ptolemy.util.test.junit.AutoTests" name="[26] /home/travis/build/icyphy/ptII/ptolemy/domains/continuous/test/auto/ContinuousInDE3.xml (RunModel)" time="0.058" />
  <testcase classname="ptolemy.util.test.junit.AutoTests" name="[27] /home/travis/build/icyphy/ptII/ptolemy/domains/continuous/test/auto/ContinuousInDE4.xml (RunModel)" time="0.037" />
  <testcase classname="ptolemy.util.test.junit.AutoTests" name="[28] /home/travis/build/icyphy/ptII/ptolemy/domains/continuous/test/auto/ContinuousInDEDifferentRefinements.xml (RunModel)" time="0.126" />
  <testcase classname="ptolemy.util.test.junit.AutoTests" name="[29] /home/travis/build/icyphy/ptII/ptolemy/domains/continuous/test/auto/ContinuousInDEDifferentRefinementsPreemptive.xml (RunModel)" time="0.091" />
  <testcase classname="ptolemy.util.test.junit.AutoTests" name="[30] /home/travis/build/icyphy/ptII/ptolemy/domains/continuous/test/auto/ContinuousInDEInContinuous2.xml (RunModel)" time="0.062" />
  <testcase classname="ptolemy.util.test.junit.AutoTests" name="[31] /home/travis/build/icyphy/ptII/ptolemy/domains/continuous/test/auto/ContinuousInDEInContinuous3.xml (RunModel)" time="0.065" />
  <testcase classname="ptolemy.util.test.junit.AutoTests" name="[32] /home/travis/build/icyphy/ptII/ptolemy/domains/continuous/test/auto/ContinuousInDEInput.xml (RunModel)" time="0.037" />
  <testcase classname="ptolemy.util.test.junit.AutoTests" name="[33] /home/travis/build/icyphy/ptII/ptolemy/domains/continuous/test/auto/ContinuousInDEInput2.xml (RunModel)" time="0.047" />
  <testcase classname="ptolemy.util.test.junit.AutoTests" name="[34] /home/travis/build/icyphy/ptII/ptolemy/domains/continuous/test/auto/ContinuousInDEInput3.xml (RunModel)" time="0.034" />
  <testcase classname="ptolemy.util.test.junit.AutoTests" name="[35] /home/travis/build/icyphy/ptII/ptolemy/domains/continuous/test/auto/ContinuousInDESharingRefinement.xml (RunModel)" time="0.202" />
  <testcase classname="ptolemy.util.test.junit.AutoTests" name="[36] /home/travis/build/icyphy/ptII/ptolemy/domains/continuous/test/auto/ContinuousInDEwithNoPorts.xml (RunModel)" time="0.02" />
  <testcase classname="ptolemy.util.test.junit.AutoTests" name="[37] /home/travis/build/icyphy/ptII/ptolemy/domains/continuous/test/auto/ContinuousInsideDE.xml (RunModel)" time="0.086" />
  <testcase classname="ptolemy.util.test.junit.AutoTests" name="[38] /home/travis/build/icyphy/ptII/ptolemy/domains/continuous/test/auto/ContinuousMerge1.xml (RunModel)" time="0.016" />
  <testcase classname="ptolemy.util.test.junit.AutoTests" name="[39] /home/travis/build/icyphy/ptII/ptolemy/domains/continuous/test/auto/ContinuousMerge2.xml (RunModel)" time="0.051" />
  <testcase classname="ptolemy.util.test.junit.AutoTests" name="[40] /home/travis/build/icyphy/ptII/ptolemy/domains/continuous/test/auto/ContinuousMerge3.xml (RunModel)" time="0.094" />
  <testcase classname="ptolemy.util.test.junit.AutoTests" name="[41] /home/travis/build/icyphy/ptII/ptolemy/domains/continuous/test/auto/ContinuousWithinContinuous.xml (RunModel)" time="0.071" />
  <testcase classname="ptolemy.util.test.junit.AutoTests" name="[42] /home/travis/build/icyphy/ptII/ptolemy/domains/continuous/test/auto/ContinuousWithinContinuous2.xml (RunModel)" time="0.091" />
  <testcase classname="ptolemy.util.test.junit.AutoTests" name="[43] /home/travis/build/icyphy/ptII/ptolemy/domains/continuous/test/auto/ContinuousWithinContinuous3.xml (RunModel)" time="0.034" />
  <testcase classname="ptolemy.util.test.junit.AutoTests" name="[44] /home/travis/build/icyphy/ptII/ptolemy/domains/continuous/test/auto/ContinuousWithinContinuous4.xml (RunModel)" time="0.101" />
  <testcase classname="ptolemy.util.test.junit.AutoTests" name="[45] /home/travis/build/icyphy/ptII/ptolemy/domains/continuous/test/auto/ContinuousWithinContinuous5.xml (RunModel)" time="0.032" />
  <testcase classname="ptolemy.util.test.junit.AutoTests" name="[46] /home/travis/build/icyphy/ptII/ptolemy/domains/continuous/test/auto/ContinuousWithinContinuous6.xml (RunModel)" time="0.032" />
  <testcase classname="ptolemy.util.test.junit.AutoTests" name="[47] /home/travis/build/icyphy/ptII/ptolemy/domains/continuous/test/auto/ContinuousWithinContinuous7.xml (RunModel)" time="0.083" />
  <testcase classname="ptolemy.util.test.junit.AutoTests" name="[48] /home/travis/build/icyphy/ptII/ptolemy/domains/continuous/test/auto/DCMotor.xml (RunModel)" time="13.95" />
  <testcase classname="ptolemy.util.test.junit.AutoTests" name="[49] /home/travis/build/icyphy/ptII/ptolemy/domains/continuous/test/auto/DEInContinuous.xml (RunModel)" time="0.03" />
  <testcase classname="ptolemy.util.test.junit.AutoTests" name="[50] /home/travis/build/icyphy/ptII/ptolemy/domains/continuous/test/auto/DEinContinuous2.xml (RunModel)" time="0.045" />
  <testcase classname="ptolemy.util.test.junit.AutoTests" name="[51] /home/travis/build/icyphy/ptII/ptolemy/domains/continuous/test/auto/Derivative.xml (RunModel)" time="0.232" />
  <testcase classname="ptolemy.util.test.junit.AutoTests" name="[52] /home/travis/build/icyphy/ptII/ptolemy/domains/continuous/test/auto/Derivative1.xml (RunModel)" time="0.056" />
  <testcase classname="ptolemy.util.test.junit.AutoTests" name="[53] /home/travis/build/icyphy/ptII/ptolemy/domains/continuous/test/auto/DiscreteClock.xml (RunModel)" time="0.017" />
  <testcase classname="ptolemy.util.test.junit.AutoTests" name="[54] /home/travis/build/icyphy/ptII/ptolemy/domains/continuous/test/auto/EfficiencyCurve.xml (RunModel)" time="0.117" />
  <testcase classname="ptolemy.util.test.junit.AutoTests" name="[55] /home/travis/build/icyphy/ptII/ptolemy/domains/continuous/test/auto/ExponentialResponse.xml (RunModel)" time="0.13" />
  <testcase classname="ptolemy.util.test.junit.AutoTests" name="[56] /home/travis/build/icyphy/ptII/ptolemy/domains/continuous/test/auto/ExponentialResponseRK45.xml (RunModel)" time="0.039" />
  <testcase classname="ptolemy.util.test.junit.AutoTests" name="[57] /home/travis/build/icyphy/ptII/ptolemy/domains/continuous/test/auto/Friction.xml (RunModel)" time="1.637" />
  <testcase classname="ptolemy.util.test.junit.AutoTests" name="[58] /home/travis/build/icyphy/ptII/ptolemy/domains/continuous/test/auto/FurutaPendulum.xml (RunModel)" time="3.533" />
  <testcase classname="ptolemy.util.test.junit.AutoTests" name="[59] /home/travis/build/icyphy/ptII/ptolemy/domains/continuous/test/auto/HierarchicalExecution.xml (RunModel)" time="2.262" />
  <testcase classname="ptolemy.util.test.junit.AutoTests" name="[60] /home/travis/build/icyphy/ptII/ptolemy/domains/continuous/test/auto/HybridPlant.xml (RunModel)" time="0.563" />
  <testcase classname="ptolemy.util.test.junit.AutoTests" name="[61] /home/travis/build/icyphy/ptII/ptolemy/domains/continuous/test/auto/Hysteresis.xml (RunModel)" time="0.208" />
  <testcase classname="ptolemy.util.test.junit.AutoTests" name="[62] /home/travis/build/icyphy/ptII/ptolemy/domains/continuous/test/auto/HysteresisWithRandomDelay.xml (RunModel)" time="0.212" />
  <testcase classname="ptolemy.util.test.junit.AutoTests" name="[63] /home/travis/build/icyphy/ptII/ptolemy/domains/continuous/test/auto/HysteresisWithRandomLosses.xml (RunModel)" time="2.387" />
  <testcase classname="ptolemy.util.test.junit.AutoTests" name="[64] /home/travis/build/icyphy/ptII/ptolemy/domains/continuous/test/auto/ImmediateTransitions.xml (RunModel)" time="0.046" />
  <testcase classname="ptolemy.util.test.junit.AutoTests" name="[65] /home/travis/build/icyphy/ptII/ptolemy/domains/continuous/test/auto/ImpulseFeedback.xml (RunModel)" time="0.02" />
  <testcase classname="ptolemy.util.test.junit.AutoTests" name="[66] /home/travis/build/icyphy/ptII/ptolemy/domains/continuous/test/auto/ImpulseFeedback2.xml (RunModel)" time="0.027" />
  <testcase classname="ptolemy.util.test.junit.AutoTests" name="[67] /home/travis/build/icyphy/ptII/ptolemy/domains/continuous/test/auto/IncreasingRatePoisson.xml (RunModel)" time="0.77" />
  <testcase classname="ptolemy.util.test.junit.AutoTests" name="[68] /home/travis/build/icyphy/ptII/ptolemy/domains/continuous/test/auto/InitialStateFeedback.xml (RunModel)" time="0.018" />
  <testcase classname="ptolemy.util.test.junit.AutoTests" name="[69] /home/travis/build/icyphy/ptII/ptolemy/domains/continuous/test/auto/Integration.xml (RunModel)" time="0.009" />
  <testcase classname="ptolemy.util.test.junit.AutoTests" name="[70] /home/travis/build/icyphy/ptII/ptolemy/domains/continuous/test/auto/Integration2.xml (RunModel)" time="0.105" />
  <testcase classname="ptolemy.util.test.junit.AutoTests" name="[71] /home/travis/build/icyphy/ptII/ptolemy/domains/continuous/test/auto/Integration3.xml (RunModel)" time="0.017" />
  <testcase classname="ptolemy.util.test.junit.AutoTests" name="[72] /home/travis/build/icyphy/ptII/ptolemy/domains/continuous/test/auto/Integration5.xml (RunModel)" time="0.011" />
  <testcase classname="ptolemy.util.test.junit.AutoTests" name="[73] /home/travis/build/icyphy/ptII/ptolemy/domains/continuous/test/auto/IntegratorImpulse.xml (RunModel)" time="0.009" />
  <testcase classname="ptolemy.util.test.junit.AutoTests" name="[74] /home/travis/build/icyphy/ptII/ptolemy/domains/continuous/test/auto/IntegratorImpulse2.xml (RunModel)" time="0.013" />
  <testcase classname="ptolemy.util.test.junit.AutoTests" name="[75] /home/travis/build/icyphy/ptII/ptolemy/domains/continuous/test/auto/LevelCrossing1.xml (RunModel)" time="0.021" />
  <testcase classname="ptolemy.util.test.junit.AutoTests" name="[76] /home/travis/build/icyphy/ptII/ptolemy/domains/continuous/test/auto/LevelCrossing2.xml (RunModel)" time="0.017" />
  <testcase classname="ptolemy.util.test.junit.AutoTests" name="[77] /home/travis/build/icyphy/ptII/ptolemy/domains/continuous/test/auto/LevelCrossing3.xml (RunModel)" time="0.013" />
  <testcase classname="ptolemy.util.test.junit.AutoTests" name="[78] /home/travis/build/icyphy/ptII/ptolemy/domains/continuous/test/auto/LevelCrossing4.xml (RunModel)" time="0.017" />
  <testcase classname="ptolemy.util.test.junit.AutoTests" name="[79] /home/travis/build/icyphy/ptII/ptolemy/domains/continuous/test/auto/LevelCrossing5.xml (RunModel)" time="0.015" />
  <testcase classname="ptolemy.util.test.junit.AutoTests" name="[80] /home/travis/build/icyphy/ptII/ptolemy/domains/continuous/test/auto/LevelCrossing6.xml (RunModel)" time="0.014" />
  <testcase classname="ptolemy.util.test.junit.AutoTests" name="[81] /home/travis/build/icyphy/ptII/ptolemy/domains/continuous/test/auto/LevelCrossingDetector.xml (RunModel)" time="0.041" />
  <testcase classname="ptolemy.util.test.junit.AutoTests" name="[82] /home/travis/build/icyphy/ptII/ptolemy/domains/continuous/test/auto/LevelCrossingDetectorDetectingDirections.xml (RunModel)" time="0.092" />
  <testcase classname="ptolemy.util.test.junit.AutoTests" name="[83] /home/travis/build/icyphy/ptII/ptolemy/domains/continuous/test/auto/LevelCrossingDetectorDetectsGlitches.xml (RunModel)" time="0.066" />
  <testcase classname="ptolemy.util.test.junit.AutoTests" name="[84] /home/travis/build/icyphy/ptII/ptolemy/domains/continuous/test/auto/LevelCrossingNoInitialOuput.xml (RunModel)" time="0.015" />
  <testcase classname="ptolemy.util.test.junit.AutoTests" name="[85] /home/travis/build/icyphy/ptII/ptolemy/domains/continuous/test/auto/LinearStateSpaceExample.xml (RunModel)" time="0.075" />
  <testcase classname="ptolemy.util.test.junit.AutoTests" name="[86] /home/travis/build/icyphy/ptII/ptolemy/domains/continuous/test/auto/Lorenz.xml (RunModel)" time="4.183" />
  <testcase classname="ptolemy.util.test.junit.AutoTests" name="[87] /home/travis/build/icyphy/ptII/ptolemy/domains/continuous/test/auto/LorenzDifferentialSystem.xml (RunModel)" time="1.215" />
  <testcase classname="ptolemy.util.test.junit.AutoTests" name="[88] /home/travis/build/icyphy/ptII/ptolemy/domains/continuous/test/auto/LorenzDifferentialSystemWithInput.xml (RunModel)" time="1.488" />
  <testcase classname="ptolemy.util.test.junit.AutoTests" name="[89] /home/travis/build/icyphy/ptII/ptolemy/domains/continuous/test/auto/LorenzDifferentialSystemWithTime.xml (RunModel)" time="0.759" />
  <testcase classname="ptolemy.util.test.junit.AutoTests" name="[90] /home/travis/build/icyphy/ptII/ptolemy/domains/continuous/test/auto/Microsteps.xml (RunModel)" time="0.026" />
  <testcase classname="ptolemy.util.test.junit.AutoTests" name="[91] /home/travis/build/icyphy/ptII/ptolemy/domains/continuous/test/auto/Modal1.xml (RunModel)" time="0.052" />
  <testcase classname="ptolemy.util.test.junit.AutoTests" name="[92] /home/travis/build/icyphy/ptII/ptolemy/domains/continuous/test/auto/Modal2.xml (RunModel)" time="0.054" />
  <testcase classname="ptolemy.util.test.junit.AutoTests" name="[93] /home/travis/build/icyphy/ptII/ptolemy/domains/continuous/test/auto/ModalTransitionGuardWithReset.xml (RunModel)" time="0.03" />
  <testcase classname="ptolemy.util.test.junit.AutoTests" name="[94] /home/travis/build/icyphy/ptII/ptolemy/domains/continuous/test/auto/ModalTransitionGuardWithResetUsingPreemptiveTransition.xml (RunModel)" time="0.031" />
  <testcase classname="ptolemy.util.test.junit.AutoTests" name="[95] /home/travis/build/icyphy/ptII/ptolemy/domains/continuous/test/auto/ModalTransitionGuardWithResetUsingPreemptiveTransition2.xml (RunModel)" time="0.031" />
  <testcase classname="ptolemy.util.test.junit.AutoTests" name="[96] /home/travis/build/icyphy/ptII/ptolemy/domains/continuous/test/auto/ModalTransitionGuardWithResetUsingPreemptiveTransition3.xml (RunModel)" time="0.029" />
  <testcase classname="ptolemy.util.test.junit.AutoTests" name="[97] /home/travis/build/icyphy/ptII/ptolemy/domains/continuous/test/auto/NewtonsCradle.xml (RunModel)" time="0.821" />
  <testcase classname="ptolemy.util.test.junit.AutoTests" name="[98] /home/travis/build/icyphy/ptII/ptolemy/domains/continuous/test/auto/NewtonsCradleAnimated.xml (RunModel)" time="1.39" />
  <testcase classname="ptolemy.util.test.junit.AutoTests" name="[99] /home/travis/build/icyphy/ptII/ptolemy/domains/continuous/test/auto/NewtonsCradleComplicated.xml (RunModel)" time="1.072" />
  <testcase classname="ptolemy.util.test.junit.AutoTests" name="[100] /home/travis/build/icyphy/ptII/ptolemy/domains/continuous/test/auto/NewtonsCradleNondeterministic.xml (RunModel)" time="0.831" />
  <testcase classname="ptolemy.util.test.junit.AutoTests" name="[101] /home/travis/build/icyphy/ptII/ptolemy/domains/continuous/test/auto/NewtonsCradlePerfectlyInelastic1.xml (RunModel)" time="1.323" />
  <testcase classname="ptolemy.util.test.junit.AutoTests" name="[102] /home/travis/build/icyphy/ptII/ptolemy/domains/continuous/test/auto/Noise.xml (RunModel)" time="0.206" />
  <testcase classname="ptolemy.util.test.junit.AutoTests" name="[103] /home/travis/build/icyphy/ptII/ptolemy/domains/continuous/test/auto/NoiseSpectrum.xml (RunModel)" time="0.878" />
  <testcase classname="ptolemy.util.test.junit.AutoTests" name="[104] /home/travis/build/icyphy/ptII/ptolemy/domains/continuous/test/auto/ParameterizedNewtonsCradleAnimated.xml (RunModel)" time="0.386" />
  <testcase classname="ptolemy.util.test.junit.AutoTests" name="[105] /home/travis/build/icyphy/ptII/ptolemy/domains/continuous/test/auto/ParameterizedNewtonsCradleAnimatedNondeterministic.xml (RunModel)" time="1.214" />
  <testcase classname="ptolemy.util.test.junit.AutoTests" name="[106] /home/travis/build/icyphy/ptII/ptolemy/domains/continuous/test/auto/Pendulum3D.xml (RunModel)" time="0.2" />
  <testcase classname="ptolemy.util.test.junit.AutoTests" name="[107] /home/travis/build/icyphy/ptII/ptolemy/domains/continuous/test/auto/PeriodicSampler.xml (RunModel)" time="0.015" />
  <testcase classname="ptolemy.util.test.junit.AutoTests" name="[108] /home/travis/build/icyphy/ptII/ptolemy/domains/continuous/test/auto/PeriodicSampler1.xml (RunModel)" time="0.042" />
  <testcase classname="ptolemy.util.test.junit.AutoTests" name="[109] /home/travis/build/icyphy/ptII/ptolemy/domains/continuous/test/auto/PeriodicSampler2.xml (RunModel)" time="0.081" />
  <testcase classname="ptolemy.util.test.junit.AutoTests" name="[110] /home/travis/build/icyphy/ptII/ptolemy/domains/continuous/test/auto/Poisson.xml (RunModel)" time="0.454" />
  <testcase classname="ptolemy.util.test.junit.AutoTests" name="[111] /home/travis/build/icyphy/ptII/ptolemy/domains/continuous/test/auto/PoissonClock.xml (RunModel)" time="0.013" />
  <testcase classname="ptolemy.util.test.junit.AutoTests" name="[112] /home/travis/build/icyphy/ptII/ptolemy/domains/continuous/test/auto/PoissonClock2.xml (RunModel)" time="0.018" />
  <testcase classname="ptolemy.util.test.junit.AutoTests" name="[113] /home/travis/build/icyphy/ptII/ptolemy/domains/continuous/test/auto/PortParameterHierarchy.xml (RunModel)" time="0.034" />
  <testcase classname="ptolemy.util.test.junit.AutoTests" name="[114] /home/travis/build/icyphy/ptII/ptolemy/domains/continuous/test/auto/RandomHybridPlant.xml (RunModel)" time="0.557" />
  <testcase classname="ptolemy.util.test.junit.AutoTests" name="[115] /home/travis/build/icyphy/ptII/ptolemy/domains/continuous/test/auto/ResetTransitionWithStartTime1.xml (RunModel)" time="0.031" />
  <testcase classname="ptolemy.util.test.junit.AutoTests" name="[116] /home/travis/build/icyphy/ptII/ptolemy/domains/continuous/test/auto/ResetTransitionWithStartTime2.xml (RunModel)" time="0.04" />
  <testcase classname="ptolemy.util.test.junit.AutoTests" name="[117] /home/travis/build/icyphy/ptII/ptolemy/domains/continuous/test/auto/ResetTransitionWithStartTime3.xml (RunModel)" time="0.035" />
  <testcase classname="ptolemy.util.test.junit.AutoTests" name="[118] /home/travis/build/icyphy/ptII/ptolemy/domains/continuous/test/auto/ResetTransitionWithStartTime4.xml (RunModel)" time="0.03" />
  <testcase classname="ptolemy.util.test.junit.AutoTests" name="[119] /home/travis/build/icyphy/ptII/ptolemy/domains/continuous/test/auto/ResetTransitionWithStartTime5.xml (RunModel)" time="0.035" />
  <testcase classname="ptolemy.util.test.junit.AutoTests" name="[120] /home/travis/build/icyphy/ptII/ptolemy/domains/continuous/test/auto/ResetTransitionWithStartTime6.xml (RunModel)" time="0.023" />
  <testcase classname="ptolemy.util.test.junit.AutoTests" name="[121] /home/travis/build/icyphy/ptII/ptolemy/domains/continuous/test/auto/SRinContinuous.xml (RunModel)" time="0.026" />
  <testcase classname="ptolemy.util.test.junit.AutoTests" name="[122] /home/travis/build/icyphy/ptII/ptolemy/domains/continuous/test/auto/SampledClocks.xml (RunModel)" time="0.034" />
  <testcase classname="ptolemy.util.test.junit.AutoTests" name="[123] /home/travis/build/icyphy/ptII/ptolemy/domains/continuous/test/auto/Satellite.xml (RunModel)" time="0.882" />
  <testcase classname="ptolemy.util.test.junit.AutoTests" name="[124] /home/travis/build/icyphy/ptII/ptolemy/domains/continuous/test/auto/SigmaDelta.xml (RunModel)" time="2.687" />
  <testcase classname="ptolemy.util.test.junit.AutoTests" name="[125] /home/travis/build/icyphy/ptII/ptolemy/domains/continuous/test/auto/SingleRefinement.xml (RunModel)" time="0.44" />
  <testcase classname="ptolemy.util.test.junit.AutoTests" name="[126] /home/travis/build/icyphy/ptII/ptolemy/domains/continuous/test/auto/SinuBouncingBall.xml (RunModel)" time="0.956" />
  <testcase classname="ptolemy.util.test.junit.AutoTests" name="[127] /home/travis/build/icyphy/ptII/ptolemy/domains/continuous/test/auto/Sinusoid.xml (RunModel)" time="0.018" />
  <testcase classname="ptolemy.util.test.junit.AutoTests" name="[128] /home/travis/build/icyphy/ptII/ptolemy/domains/continuous/test/auto/SinusoidInNoise.xml (RunModel)" time="1.074" />
  <testcase classname="ptolemy.util.test.junit.AutoTests" name="[129] /home/travis/build/icyphy/ptII/ptolemy/domains/continuous/test/auto/SinusoidRK45.xml (RunModel)" time="0.009" />
  <testcase classname="ptolemy.util.test.junit.AutoTests" name="[130] /home/travis/build/icyphy/ptII/ptolemy/domains/continuous/test/auto/SinusoidWithMultipleImpulses.xml (RunModel)" time="0.012" />
  <testcase classname="ptolemy.util.test.junit.AutoTests" name="[131] /home/travis/build/icyphy/ptII/ptolemy/domains/continuous/test/auto/SquareWave.xml (RunModel)" time="0.199" />
  <testcase classname="ptolemy.util.test.junit.AutoTests" name="[132] /home/travis/build/icyphy/ptII/ptolemy/domains/continuous/test/auto/Starmac.xml (RunModel)" time="3.369" />
  <testcase classname="ptolemy.util.test.junit.AutoTests" name="[133] /home/travis/build/icyphy/ptII/ptolemy/domains/continuous/test/auto/StaticUnits.xml (RunModel)" time="2.887" />
  <testcase classname="ptolemy.util.test.junit.AutoTests" name="[134] /home/travis/build/icyphy/ptII/ptolemy/domains/continuous/test/auto/StickyMasses.xml (RunModel)" time="0.214" />
  <testcase classname="ptolemy.util.test.junit.AutoTests" name="[135] /home/travis/build/icyphy/ptII/ptolemy/domains/continuous/test/auto/StopTime.xml (RunModel)" time="0.067" />
  <testcase classname="ptolemy.util.test.junit.AutoTests" name="[136] /home/travis/build/icyphy/ptII/ptolemy/domains/continuous/test/auto/StopTime2.xml (RunModel)" time="0.054" />
  <testcase classname="ptolemy.util.test.junit.AutoTests" name="[137] /home/travis/build/icyphy/ptII/ptolemy/domains/continuous/test/auto/Switch.xml (RunModel)" time="0.066" />
  <testcase classname="ptolemy.util.test.junit.AutoTests" name="[138] /home/travis/build/icyphy/ptII/ptolemy/domains/continuous/test/auto/Thermostat.xml (RunModel)" time="0.214" />
  <testcase classname="ptolemy.util.test.junit.AutoTests" name="[139] /home/travis/build/icyphy/ptII/ptolemy/domains/continuous/test/auto/TimeDelay.xml (RunModel)" time="0.017" />
  <testcase classname="ptolemy.util.test.junit.AutoTests" name="[140] /home/travis/build/icyphy/ptII/ptolemy/domains/continuous/test/auto/TimeDelay2.xml (RunModel)" time="0.05" />
  <testcase classname="ptolemy.util.test.junit.AutoTests" name="[141] /home/travis/build/icyphy/ptII/ptolemy/domains/continuous/test/auto/TimeDelay3.xml (RunModel)" time="0.013" />
  <testcase classname="ptolemy.util.test.junit.AutoTests" name="[142] /home/travis/build/icyphy/ptII/ptolemy/domains/continuous/test/auto/TransferAbsentToInside.xml (RunModel)" time="0.108" />
  <testcase classname="ptolemy.util.test.junit.AutoTests" name="[143] /home/travis/build/icyphy/ptII/ptolemy/domains/continuous/test/auto/Transmission.xml (RunModel)" time="0.842" />
  <testcase classname="ptolemy.util.test.junit.AutoTests" name="[144] /home/travis/build/icyphy/ptII/ptolemy/domains/continuous/test/auto/TriggeredContinuousClock.xml (RunModel)" time="0.068" />
  <testcase classname="ptolemy.util.test.junit.AutoTests" name="[145] /home/travis/build/icyphy/ptII/ptolemy/domains/continuous/test/auto/TwoMachineInfiniteBusControl.xml (RunModel)" time="3.048" />
  <testcase classname="ptolemy.util.test.junit.AutoTests" name="[146] /home/travis/build/icyphy/ptII/ptolemy/domains/continuous/test/auto/V2V.xml (RunModel)" time="0.902" />
  <testcase classname="ptolemy.util.test.junit.AutoTests" name="[147] /home/travis/build/icyphy/ptII/ptolemy/domains/continuous/test/auto/hierarchicalModalModel.xml (RunModel)" time="0.052" />
  <testcase classname="ptolemy.util.test.junit.AutoTests" name="[148] /home/travis/build/icyphy/ptII/ptolemy/domains/continuous/test/auto/hierarchicalModalModel1.xml (RunModel)" time="0.03" />
  <testcase classname="ptolemy.util.test.junit.AutoTests" name="[149] /home/travis/build/icyphy/ptII/ptolemy/domains/continuous/test/auto/hierarchicalModalModel2.xml (RunModel)" time="0.027" />
  <testcase classname="ptolemy.util.test.junit.AutoTests" name="[150] /home/travis/build/icyphy/ptII/ptolemy/domains/continuous/test/auto/hierarchicalModalModel3.xml (RunModel)" time="0.032" />
  <testcase classname="ptolemy.util.test.junit.AutoTests" name="[151] /home/travis/build/icyphy/ptII/ptolemy/domains/continuous/test/auto/hierarchicalModalModel4.xml (RunModel)" time="0.025" />
  <testcase classname="ptolemy.util.test.junit.AutoTests" name="[152] /home/travis/build/icyphy/ptII/ptolemy/domains/continuous/test/auto/junk.xml (RunModel)" time="0.169" />
  <system-out><![CDATA[No tcl tests in /home/travis/build/icyphy/ptII/ptolemy/domains/continuous/test
No auto/knownFailedTests/*.xml tests in /home/travis/build/icyphy/ptII/ptolemy/domains/continuous/test
No auto/linux-amd64/*.xml tests in /home/travis/build/icyphy/ptII/ptolemy/domains/continuous/test
AutoTests.java: About to close Vertx.
AutoTests.java: Vertx closed.

===========================================================================================
----------------- testing Thu Nov 14 06:13:51 UTC 2019 /home/travis/build/icyphy/ptII/ptolemy/domains/continuous/test/auto/BouncingBall.xml
----------------- Instantiating /home/travis/build/icyphy/ptII/ptolemy/domains/continuous/test/auto/BouncingBall.xml
2580 ms. Memory: 146432K Free: 75277K (51%)
----------------- Invoking toplevel() on ptolemy.moml.MoMLSimpleApplication@313c7527
----------------- Done invoking toplevel() on ptolemy.moml.MoMLSimpleApplication@313c7527
reloadAllAccessors: .BouncingBall

===========================================================================================
----------------- testing Thu Nov 14 06:13:55 UTC 2019 /home/travis/build/icyphy/ptII/ptolemy/domains/continuous/test/auto/BouncingBallWithoutGR.xml
----------------- Instantiating /home/travis/build/icyphy/ptII/ptolemy/domains/continuous/test/auto/BouncingBallWithoutGR.xml
680 ms. Memory: 146432K Free: 64977K (44%)
----------------- Invoking toplevel() on ptolemy.moml.MoMLSimpleApplication@41c60863
----------------- Done invoking toplevel() on ptolemy.moml.MoMLSimpleApplication@41c60863
reloadAllAccessors: .BouncingBallWithoutGR

===========================================================================================
----------------- testing Thu Nov 14 06:13:55 UTC 2019 /home/travis/build/icyphy/ptII/ptolemy/domains/continuous/test/auto/Brownian.xml
----------------- Instantiating /home/travis/build/icyphy/ptII/ptolemy/domains/continuous/test/auto/Brownian.xml
37 ms. Memory: 146432K Free: 56271K (38%)
----------------- Invoking toplevel() on ptolemy.moml.MoMLSimpleApplication@78e645ba
----------------- Done invoking toplevel() on ptolemy.moml.MoMLSimpleApplication@78e645ba
reloadAllAccessors: .Brownian

===========================================================================================
----------------- testing Thu Nov 14 06:13:56 UTC 2019 /home/travis/build/icyphy/ptII/ptolemy/domains/continuous/test/auto/CarTracking.xml
----------------- Instantiating /home/travis/build/icyphy/ptII/ptolemy/domains/continuous/test/auto/CarTracking.xml
4109 ms. Memory: 211968K Free: 177335K (84%)
----------------- Invoking toplevel() on ptolemy.moml.MoMLSimpleApplication@57ffc9cf
----------------- Done invoking toplevel() on ptolemy.moml.MoMLSimpleApplication@57ffc9cf
reloadAllAccessors: .CarTracking

===========================================================================================
----------------- testing Thu Nov 14 06:14:00 UTC 2019 /home/travis/build/icyphy/ptII/ptolemy/domains/continuous/test/auto/CartPendulum.xml
----------------- Instantiating /home/travis/build/icyphy/ptII/ptolemy/domains/continuous/test/auto/CartPendulum.xml
423 ms. Memory: 211968K Free: 86199K (41%)
----------------- Invoking toplevel() on ptolemy.moml.MoMLSimpleApplication@22b7a7ef
----------------- Done invoking toplevel() on ptolemy.moml.MoMLSimpleApplication@22b7a7ef
reloadAllAccessors: .CartPendulum

===========================================================================================
----------------- testing Thu Nov 14 06:14:01 UTC 2019 /home/travis/build/icyphy/ptII/ptolemy/domains/continuous/test/auto/CausalityInterface10.xml
----------------- Instantiating /home/travis/build/icyphy/ptII/ptolemy/domains/continuous/test/auto/CausalityInterface10.xml
20 ms. Memory: 211968K Free: 75973K (36%)
----------------- Invoking toplevel() on ptolemy.moml.MoMLSimpleApplication@3e2a811d
----------------- Done invoking toplevel() on ptolemy.moml.MoMLSimpleApplication@3e2a811d
reloadAllAccessors: .CausalityInterface10

===========================================================================================
----------------- testing Thu Nov 14 06:14:01 UTC 2019 /home/travis/build/icyphy/ptII/ptolemy/domains/continuous/test/auto/CausalityInterface11.xml
----------------- Instantiating /home/travis/build/icyphy/ptII/ptolemy/domains/continuous/test/auto/CausalityInterface11.xml
9 ms. Memory: 211968K Free: 195328K (92%)
----------------- Invoking toplevel() on ptolemy.moml.MoMLSimpleApplication@4190421d
----------------- Done invoking toplevel() on ptolemy.moml.MoMLSimpleApplication@4190421d
reloadAllAccessors: .CausalityInterface11

===========================================================================================
----------------- testing Thu Nov 14 06:14:01 UTC 2019 /home/travis/build/icyphy/ptII/ptolemy/domains/continuous/test/auto/CausalityInterface12.xml
----------------- Instantiating /home/travis/build/icyphy/ptII/ptolemy/domains/continuous/test/auto/CausalityInterface12.xml
5 ms. Memory: 211968K Free: 189170K (89%)
----------------- Invoking toplevel() on ptolemy.moml.MoMLSimpleApplication@2d4c3f01
----------------- Done invoking toplevel() on ptolemy.moml.MoMLSimpleApplication@2d4c3f01
reloadAllAccessors: .CausalityInterface12

===========================================================================================
----------------- testing Thu Nov 14 06:14:01 UTC 2019 /home/travis/build/icyphy/ptII/ptolemy/domains/continuous/test/auto/CausalityInterface13.xml
----------------- Instantiating /home/travis/build/icyphy/ptII/ptolemy/domains/continuous/test/auto/CausalityInterface13.xml
6 ms. Memory: 211968K Free: 183026K (86%)
----------------- Invoking toplevel() on ptolemy.moml.MoMLSimpleApplication@4f55dfd6
----------------- Done invoking toplevel() on ptolemy.moml.MoMLSimpleApplication@4f55dfd6
reloadAllAccessors: .CausalityInterface13

===========================================================================================
----------------- testing Thu Nov 14 06:14:01 UTC 2019 /home/travis/build/icyphy/ptII/ptolemy/domains/continuous/test/auto/CausalityInterface14.xml
----------------- Instantiating /home/travis/build/icyphy/ptII/ptolemy/domains/continuous/test/auto/CausalityInterface14.xml
5 ms. Memory: 211968K Free: 177410K (84%)
----------------- Invoking toplevel() on ptolemy.moml.MoMLSimpleApplication@4fccd3c3
----------------- Done invoking toplevel() on ptolemy.moml.MoMLSimpleApplication@4fccd3c3
reloadAllAccessors: .CausalityInterface14

===========================================================================================
----------------- testing Thu Nov 14 06:14:01 UTC 2019 /home/travis/build/icyphy/ptII/ptolemy/domains/continuous/test/auto/CausalityInterface4.xml
----------------- Instantiating /home/travis/build/icyphy/ptII/ptolemy/domains/continuous/test/auto/CausalityInterface4.xml
7 ms. Memory: 211968K Free: 170738K (81%)
----------------- Invoking toplevel() on ptolemy.moml.MoMLSimpleApplication@17d9ac82
----------------- Done invoking toplevel() on ptolemy.moml.MoMLSimpleApplication@17d9ac82
reloadAllAccessors: .CausalityInterface4

===========================================================================================
----------------- testing Thu Nov 14 06:14:01 UTC 2019 /home/travis/build/icyphy/ptII/ptolemy/domains/continuous/test/auto/CausalityInterface5.xml
----------------- Instantiating /home/travis/build/icyphy/ptII/ptolemy/domains/continuous/test/auto/CausalityInterface5.xml
10 ms. Memory: 211968K Free: 162560K (77%)
----------------- Invoking toplevel() on ptolemy.moml.MoMLSimpleApplication@6172a79
----------------- Done invoking toplevel() on ptolemy.moml.MoMLSimpleApplication@6172a79
reloadAllAccessors: .CausalityInterface5

===========================================================================================
----------------- testing Thu Nov 14 06:14:01 UTC 2019 /home/travis/build/icyphy/ptII/ptolemy/domains/continuous/test/auto/CausalityInterface6.xml
----------------- Instantiating /home/travis/build/icyphy/ptII/ptolemy/domains/continuous/test/auto/CausalityInterface6.xml
7 ms. Memory: 211968K Free: 156930K (74%)
----------------- Invoking toplevel() on ptolemy.moml.MoMLSimpleApplication@5e8eae01
----------------- Done invoking toplevel() on ptolemy.moml.MoMLSimpleApplication@5e8eae01
reloadAllAccessors: .CausalityInterface6

===========================================================================================
----------------- testing Thu Nov 14 06:14:01 UTC 2019 /home/travis/build/icyphy/ptII/ptolemy/domains/continuous/test/auto/CausalityInterface7.xml
----------------- Instantiating /home/travis/build/icyphy/ptII/ptolemy/domains/continuous/test/auto/CausalityInterface7.xml
12 ms. Memory: 211968K Free: 148224K (70%)
----------------- Invoking toplevel() on ptolemy.moml.MoMLSimpleApplication@a37fd26
----------------- Done invoking toplevel() on ptolemy.moml.MoMLSimpleApplication@a37fd26
reloadAllAccessors: .CausalityInterface7

===========================================================================================
----------------- testing Thu Nov 14 06:14:01 UTC 2019 /home/travis/build/icyphy/ptII/ptolemy/domains/continuous/test/auto/CausalityInterface8.xml
----------------- Instantiating /home/travis/build/icyphy/ptII/ptolemy/domains/continuous/test/auto/CausalityInterface8.xml
7 ms. Memory: 211968K Free: 139008K (66%)
----------------- Invoking toplevel() on ptolemy.moml.MoMLSimpleApplication@328b18be
----------------- Done invoking toplevel() on ptolemy.moml.MoMLSimpleApplication@328b18be
reloadAllAccessors: .CausalityInterface8

===========================================================================================
----------------- testing Thu Nov 14 06:14:01 UTC 2019 /home/travis/build/icyphy/ptII/ptolemy/domains/continuous/test/auto/CausalityInterface9.xml
----------------- Instantiating /home/travis/build/icyphy/ptII/ptolemy/domains/continuous/test/auto/CausalityInterface9.xml
10 ms. Memory: 211968K Free: 128768K (61%)
----------------- Invoking toplevel() on ptolemy.moml.MoMLSimpleApplication@1d694417
----------------- Done invoking toplevel() on ptolemy.moml.MoMLSimpleApplication@1d694417
reloadAllAccessors: .CausalityInterface9

===========================================================================================
----------------- testing Thu Nov 14 06:14:01 UTC 2019 /home/travis/build/icyphy/ptII/ptolemy/domains/continuous/test/auto/CausalityInterfaceFeedback1.xml
----------------- Instantiating /home/travis/build/icyphy/ptII/ptolemy/domains/continuous/test/auto/CausalityInterfaceFeedback1.xml
11 ms. Memory: 211968K Free: 122114K (58%)
----------------- Invoking toplevel() on ptolemy.moml.MoMLSimpleApplication@72c1c88
----------------- Done invoking toplevel() on ptolemy.moml.MoMLSimpleApplication@72c1c88
reloadAllAccessors: .CausalityInterfaceFeedback1

===========================================================================================
----------------- testing Thu Nov 14 06:14:01 UTC 2019 /home/travis/build/icyphy/ptII/ptolemy/domains/continuous/test/auto/CausalityInterfaceFeedback2.xml
----------------- Instantiating /home/travis/build/icyphy/ptII/ptolemy/domains/continuous/test/auto/CausalityInterfaceFeedback2.xml
7 ms. Memory: 211968K Free: 115442K (54%)
----------------- Invoking toplevel() on ptolemy.moml.MoMLSimpleApplication@235f90c2
----------------- Done invoking toplevel() on ptolemy.moml.MoMLSimpleApplication@235f90c2
reloadAllAccessors: .CausalityInterfaceFeedback2

===========================================================================================
----------------- testing Thu Nov 14 06:14:01 UTC 2019 /home/travis/build/icyphy/ptII/ptolemy/domains/continuous/test/auto/CompareWithCurrentTime.xml
----------------- Instantiating /home/travis/build/icyphy/ptII/ptolemy/domains/continuous/test/auto/CompareWithCurrentTime.xml
4 ms. Memory: 211968K Free: 111360K (53%)
----------------- Invoking toplevel() on ptolemy.moml.MoMLSimpleApplication@11f34231
----------------- Done invoking toplevel() on ptolemy.moml.MoMLSimpleApplication@11f34231
reloadAllAccessors: .CompareWithCurrentTime

===========================================================================================
----------------- testing Thu Nov 14 06:14:01 UTC 2019 /home/travis/build/icyphy/ptII/ptolemy/domains/continuous/test/auto/ComparedClocks.xml
----------------- Instantiating /home/travis/build/icyphy/ptII/ptolemy/domains/continuous/test/auto/ComparedClocks.xml
7 ms. Memory: 211968K Free: 95986K (45%)
----------------- Invoking toplevel() on ptolemy.moml.MoMLSimpleApplication@60e12078
----------------- Done invoking toplevel() on ptolemy.moml.MoMLSimpleApplication@60e12078
reloadAllAccessors: .ComparedClocks

===========================================================================================
----------------- testing Thu Nov 14 06:14:02 UTC 2019 /home/travis/build/icyphy/ptII/ptolemy/domains/continuous/test/auto/ContinuousAOCClone.xml
----------------- Instantiating /home/travis/build/icyphy/ptII/ptolemy/domains/continuous/test/auto/ContinuousAOCClone.xml
2570 ms. Memory: 254976K Free: 123489K (48%)
----------------- Invoking toplevel() on ptolemy.moml.MoMLSimpleApplication@439ca854
----------------- Done invoking toplevel() on ptolemy.moml.MoMLSimpleApplication@439ca854
reloadAllAccessors: .ContinuousAOCClone

===========================================================================================
----------------- testing Thu Nov 14 06:14:04 UTC 2019 /home/travis/build/icyphy/ptII/ptolemy/domains/continuous/test/auto/ContinuousClock.xml
----------------- Instantiating /home/travis/build/icyphy/ptII/ptolemy/domains/continuous/test/auto/ContinuousClock.xml
46 ms. Memory: 254976K Free: 101457K (40%)
----------------- Invoking toplevel() on ptolemy.moml.MoMLSimpleApplication@3105060f
----------------- Done invoking toplevel() on ptolemy.moml.MoMLSimpleApplication@3105060f
reloadAllAccessors: .ContinuousClock

===========================================================================================
----------------- testing Thu Nov 14 06:14:04 UTC 2019 /home/travis/build/icyphy/ptII/ptolemy/domains/continuous/test/auto/ContinuousInContinuous.xml
----------------- Instantiating /home/travis/build/icyphy/ptII/ptolemy/domains/continuous/test/auto/ContinuousInContinuous.xml
40 ms. Memory: 254976K Free: 228847K (90%)
----------------- Invoking toplevel() on ptolemy.moml.MoMLSimpleApplication@35568dbe
----------------- Done invoking toplevel() on ptolemy.moml.MoMLSimpleApplication@35568dbe
reloadAllAccessors: .ContinuousInContinuous

===========================================================================================
----------------- testing Thu Nov 14 06:14:05 UTC 2019 /home/travis/build/icyphy/ptII/ptolemy/domains/continuous/test/auto/ContinuousInContinuousInContinuous.xml
----------------- Instantiating /home/travis/build/icyphy/ptII/ptolemy/domains/continuous/test/auto/ContinuousInContinuousInContinuous.xml
7 ms. Memory: 254976K Free: 220661K (87%)
----------------- Invoking toplevel() on ptolemy.moml.MoMLSimpleApplication@1f527e9e
----------------- Done invoking toplevel() on ptolemy.moml.MoMLSimpleApplication@1f527e9e
reloadAllAccessors: .ContinuousInContinuousInContinuous

===========================================================================================
----------------- testing Thu Nov 14 06:14:05 UTC 2019 /home/travis/build/icyphy/ptII/ptolemy/domains/continuous/test/auto/ContinuousInDE.xml
----------------- Instantiating /home/travis/build/icyphy/ptII/ptolemy/domains/continuous/test/auto/ContinuousInDE.xml
107 ms. Memory: 254976K Free: 209911K (82%)
----------------- Invoking toplevel() on ptolemy.moml.MoMLSimpleApplication@11d91e3e
----------------- Done invoking toplevel() on ptolemy.moml.MoMLSimpleApplication@11d91e3e
reloadAllAccessors: .ContinuousInDE

===========================================================================================
----------------- testing Thu Nov 14 06:14:05 UTC 2019 /home/travis/build/icyphy/ptII/ptolemy/domains/continuous/test/auto/ContinuousInDE2.xml
----------------- Instantiating /home/travis/build/icyphy/ptII/ptolemy/domains/continuous/test/auto/ContinuousInDE2.xml
41 ms. Memory: 254976K Free: 200181K (79%)
----------------- Invoking toplevel() on ptolemy.moml.MoMLSimpleApplication@259a41fb
----------------- Done invoking toplevel() on ptolemy.moml.MoMLSimpleApplication@259a41fb
reloadAllAccessors: .ContinuousInDE2

===========================================================================================
----------------- testing Thu Nov 14 06:14:05 UTC 2019 /home/travis/build/icyphy/ptII/ptolemy/domains/continuous/test/auto/ContinuousInDE3.xml
----------------- Instantiating /home/travis/build/icyphy/ptII/ptolemy/domains/continuous/test/auto/ContinuousInDE3.xml
38 ms. Memory: 254976K Free: 190455K (75%)
----------------- Invoking toplevel() on ptolemy.moml.MoMLSimpleApplication@ec050d2
----------------- Done invoking toplevel() on ptolemy.moml.MoMLSimpleApplication@ec050d2
reloadAllAccessors: .ContinuousInDE3

===========================================================================================
----------------- testing Thu Nov 14 06:14:05 UTC 2019 /home/travis/build/icyphy/ptII/ptolemy/domains/continuous/test/auto/ContinuousInDE4.xml
----------------- Instantiating /home/travis/build/icyphy/ptII/ptolemy/domains/continuous/test/auto/ContinuousInDE4.xml
16 ms. Memory: 254976K Free: 184311K (72%)
----------------- Invoking toplevel() on ptolemy.moml.MoMLSimpleApplication@760ba3c4
----------------- Done invoking toplevel() on ptolemy.moml.MoMLSimpleApplication@760ba3c4
reloadAllAccessors: .ContinuousInDE4

===========================================================================================
----------------- testing Thu Nov 14 06:14:05 UTC 2019 /home/travis/build/icyphy/ptII/ptolemy/domains/continuous/test/auto/ContinuousInDEDifferentRefinements.xml
----------------- Instantiating /home/travis/build/icyphy/ptII/ptolemy/domains/continuous/test/auto/ContinuousInDEDifferentRefinements.xml
64 ms. Memory: 254976K Free: 153077K (60%)
----------------- Invoking toplevel() on ptolemy.moml.MoMLSimpleApplication@79c714ad
----------------- Done invoking toplevel() on ptolemy.moml.MoMLSimpleApplication@79c714ad
reloadAllAccessors: .ContinuousInDEDifferentRefinements

===========================================================================================
----------------- testing Thu Nov 14 06:14:05 UTC 2019 /home/travis/build/icyphy/ptII/ptolemy/domains/continuous/test/auto/ContinuousInDEDifferentRefinementsPreemptive.xml
----------------- Instantiating /home/travis/build/icyphy/ptII/ptolemy/domains/continuous/test/auto/ContinuousInDEDifferentRefinementsPreemptive.xml
43 ms. Memory: 254976K Free: 122343K (48%)
----------------- Invoking toplevel() on ptolemy.moml.MoMLSimpleApplication@66e326d8
----------------- Done invoking toplevel() on ptolemy.moml.MoMLSimpleApplication@66e326d8
reloadAllAccessors: .ContinuousInDEDifferentRefinementsPreemptive

===========================================================================================
----------------- testing Thu Nov 14 06:14:05 UTC 2019 /home/travis/build/icyphy/ptII/ptolemy/domains/continuous/test/auto/ContinuousInDEInContinuous2.xml
----------------- Instantiating /home/travis/build/icyphy/ptII/ptolemy/domains/continuous/test/auto/ContinuousInDEInContinuous2.xml
39 ms. Memory: 254976K Free: 111093K (44%)
----------------- Invoking toplevel() on ptolemy.moml.MoMLSimpleApplication@2c77cf33
----------------- Done invoking toplevel() on ptolemy.moml.MoMLSimpleApplication@2c77cf33
reloadAllAccessors: .ContinuousInDEInContinuous2

===========================================================================================
----------------- testing Thu Nov 14 06:14:05 UTC 2019 /home/travis/build/icyphy/ptII/ptolemy/domains/continuous/test/auto/ContinuousInDEInContinuous3.xml
----------------- Instantiating /home/travis/build/icyphy/ptII/ptolemy/domains/continuous/test/auto/ContinuousInDEInContinuous3.xml
37 ms. Memory: 254976K Free: 99319K (39%)
----------------- Invoking toplevel() on ptolemy.moml.MoMLSimpleApplication@37c9494
----------------- Done invoking toplevel() on ptolemy.moml.MoMLSimpleApplication@37c9494
reloadAllAccessors: .ContinuousInDEInContinuous3

===========================================================================================
----------------- testing Thu Nov 14 06:14:05 UTC 2019 /home/travis/build/icyphy/ptII/ptolemy/domains/continuous/test/auto/ContinuousInDEInput.xml
----------------- Instantiating /home/travis/build/icyphy/ptII/ptolemy/domains/continuous/test/auto/ContinuousInDEInput.xml
19 ms. Memory: 254976K Free: 92151K (36%)
----------------- Invoking toplevel() on ptolemy.moml.MoMLSimpleApplication@710919c6
----------------- Done invoking toplevel() on ptolemy.moml.MoMLSimpleApplication@710919c6
reloadAllAccessors: .ContinuousInDEInput

===========================================================================================
----------------- testing Thu Nov 14 06:14:05 UTC 2019 /home/travis/build/icyphy/ptII/ptolemy/domains/continuous/test/auto/ContinuousInDEInput2.xml
----------------- Instantiating /home/travis/build/icyphy/ptII/ptolemy/domains/continuous/test/auto/ContinuousInDEInput2.xml
17 ms. Memory: 254976K Free: 236623K (93%)
----------------- Invoking toplevel() on ptolemy.moml.MoMLSimpleApplication@780302d0
----------------- Done invoking toplevel() on ptolemy.moml.MoMLSimpleApplication@780302d0
reloadAllAccessors: .ContinuousInDEInput2

===========================================================================================
----------------- testing Thu Nov 14 06:14:05 UTC 2019 /home/travis/build/icyphy/ptII/ptolemy/domains/continuous/test/auto/ContinuousInDEInput3.xml
----------------- Instantiating /home/travis/build/icyphy/ptII/ptolemy/domains/continuous/test/auto/ContinuousInDEInput3.xml
17 ms. Memory: 254976K Free: 229455K (90%)
----------------- Invoking toplevel() on ptolemy.moml.MoMLSimpleApplication@7b6567ab
----------------- Done invoking toplevel() on ptolemy.moml.MoMLSimpleApplication@7b6567ab
reloadAllAccessors: .ContinuousInDEInput3

===========================================================================================
----------------- testing Thu Nov 14 06:14:05 UTC 2019 /home/travis/build/icyphy/ptII/ptolemy/domains/continuous/test/auto/ContinuousInDESharingRefinement.xml
----------------- Instantiating /home/travis/build/icyphy/ptII/ptolemy/domains/continuous/test/auto/ContinuousInDESharingRefinement.xml
174 ms. Memory: 254976K Free: 134733K (53%)
----------------- Invoking toplevel() on ptolemy.moml.MoMLSimpleApplication@53d319df
----------------- Done invoking toplevel() on ptolemy.moml.MoMLSimpleApplication@53d319df
reloadAllAccessors: .ContinuousInDESharingRefinement

===========================================================================================
----------------- testing Thu Nov 14 06:14:06 UTC 2019 /home/travis/build/icyphy/ptII/ptolemy/domains/continuous/test/auto/ContinuousInDEwithNoPorts.xml
----------------- Instantiating /home/travis/build/icyphy/ptII/ptolemy/domains/continuous/test/auto/ContinuousInDEwithNoPorts.xml
5 ms. Memory: 254976K Free: 130623K (51%)
----------------- Invoking toplevel() on ptolemy.moml.MoMLSimpleApplication@71e7afa3
----------------- Done invoking toplevel() on ptolemy.moml.MoMLSimpleApplication@71e7afa3
reloadAllAccessors: .ContinuousInDEwithNoPorts

===========================================================================================
----------------- testing Thu Nov 14 06:14:06 UTC 2019 /home/travis/build/icyphy/ptII/ptolemy/domains/continuous/test/auto/ContinuousInsideDE.xml
----------------- Instantiating /home/travis/build/icyphy/ptII/ptolemy/domains/continuous/test/auto/ContinuousInsideDE.xml
41 ms. Memory: 254976K Free: 119373K (47%)
----------------- Invoking toplevel() on ptolemy.moml.MoMLSimpleApplication@637fa4d
----------------- Done invoking toplevel() on ptolemy.moml.MoMLSimpleApplication@637fa4d
reloadAllAccessors: .ContinuousInsideDE

===========================================================================================
----------------- testing Thu Nov 14 06:14:06 UTC 2019 /home/travis/build/icyphy/ptII/ptolemy/domains/continuous/test/auto/ContinuousMerge1.xml
----------------- Instantiating /home/travis/build/icyphy/ptII/ptolemy/domains/continuous/test/auto/ContinuousMerge1.xml
3 ms. Memory: 254976K Free: 115263K (45%)
----------------- Invoking toplevel() on ptolemy.moml.MoMLSimpleApplication@315edd1d
----------------- Done invoking toplevel() on ptolemy.moml.MoMLSimpleApplication@315edd1d
reloadAllAccessors: .ContinuousMerge1

===========================================================================================
----------------- testing Thu Nov 14 06:14:06 UTC 2019 /home/travis/build/icyphy/ptII/ptolemy/domains/continuous/test/auto/ContinuousMerge2.xml
----------------- Instantiating /home/travis/build/icyphy/ptII/ptolemy/domains/continuous/test/auto/ContinuousMerge2.xml
17 ms. Memory: 254976K Free: 105037K (41%)
----------------- Invoking toplevel() on ptolemy.moml.MoMLSimpleApplication@2d97e7df
----------------- Done invoking toplevel() on ptolemy.moml.MoMLSimpleApplication@2d97e7df
reloadAllAccessors: .ContinuousMerge2

===========================================================================================
----------------- testing Thu Nov 14 06:14:06 UTC 2019 /home/travis/build/icyphy/ptII/ptolemy/domains/continuous/test/auto/ContinuousMerge3.xml
----------------- Instantiating /home/travis/build/icyphy/ptII/ptolemy/domains/continuous/test/auto/ContinuousMerge3.xml
51 ms. Memory: 254976K Free: 94287K (37%)
----------------- Invoking toplevel() on ptolemy.moml.MoMLSimpleApplication@13f7539
----------------- Done invoking toplevel() on ptolemy.moml.MoMLSimpleApplication@13f7539
reloadAllAccessors: .ContinuousMerge3

===========================================================================================
----------------- testing Thu Nov 14 06:14:06 UTC 2019 /home/travis/build/icyphy/ptII/ptolemy/domains/continuous/test/auto/ContinuousWithinContinuous.xml
----------------- Instantiating /home/travis/build/icyphy/ptII/ptolemy/domains/continuous/test/auto/ContinuousWithinContinuous.xml
50 ms. Memory: 254976K Free: 237388K (93%)
----------------- Invoking toplevel() on ptolemy.moml.MoMLSimpleApplication@7392b5d4
----------------- Done invoking toplevel() on ptolemy.moml.MoMLSimpleApplication@7392b5d4
reloadAllAccessors: .ContinuousWithinContinuous

===========================================================================================
----------------- testing Thu Nov 14 06:14:06 UTC 2019 /home/travis/build/icyphy/ptII/ptolemy/domains/continuous/test/auto/ContinuousWithinContinuous2.xml
----------------- Instantiating /home/travis/build/icyphy/ptII/ptolemy/domains/continuous/test/auto/ContinuousWithinContinuous2.xml
78 ms. Memory: 254976K Free: 226134K (89%)
----------------- Invoking toplevel() on ptolemy.moml.MoMLSimpleApplication@56d6f443
----------------- Done invoking toplevel() on ptolemy.moml.MoMLSimpleApplication@56d6f443
reloadAllAccessors: .ContinuousWithinContinuous2

===========================================================================================
----------------- testing Thu Nov 14 06:14:06 UTC 2019 /home/travis/build/icyphy/ptII/ptolemy/domains/continuous/test/auto/ContinuousWithinContinuous3.xml
----------------- Instantiating /home/travis/build/icyphy/ptII/ptolemy/domains/continuous/test/auto/ContinuousWithinContinuous3.xml
15 ms. Memory: 254976K Free: 219480K (86%)
----------------- Invoking toplevel() on ptolemy.moml.MoMLSimpleApplication@51f89fc0
----------------- Done invoking toplevel() on ptolemy.moml.MoMLSimpleApplication@51f89fc0
reloadAllAccessors: .ContinuousWithinContinuous3

===========================================================================================
----------------- testing Thu Nov 14 06:14:06 UTC 2019 /home/travis/build/icyphy/ptII/ptolemy/domains/continuous/test/auto/ContinuousWithinContinuous4.xml
----------------- Instantiating /home/travis/build/icyphy/ptII/ptolemy/domains/continuous/test/auto/ContinuousWithinContinuous4.xml
81 ms. Memory: 254976K Free: 207702K (81%)
----------------- Invoking toplevel() on ptolemy.moml.MoMLSimpleApplication@635b5148
----------------- Done invoking toplevel() on ptolemy.moml.MoMLSimpleApplication@635b5148
reloadAllAccessors: .ContinuousWithinContinuous4

===========================================================================================
----------------- testing Thu Nov 14 06:14:06 UTC 2019 /home/travis/build/icyphy/ptII/ptolemy/domains/continuous/test/auto/ContinuousWithinContinuous5.xml
----------------- Instantiating /home/travis/build/icyphy/ptII/ptolemy/domains/continuous/test/auto/ContinuousWithinContinuous5.xml
13 ms. Memory: 254976K Free: 200534K (79%)
----------------- Invoking toplevel() on ptolemy.moml.MoMLSimpleApplication@6d27a4e3
----------------- Done invoking toplevel() on ptolemy.moml.MoMLSimpleApplication@6d27a4e3
reloadAllAccessors: .ContinuousWithinContinuous5

===========================================================================================
----------------- testing Thu Nov 14 06:14:06 UTC 2019 /home/travis/build/icyphy/ptII/ptolemy/domains/continuous/test/auto/ContinuousWithinContinuous6.xml
----------------- Instantiating /home/travis/build/icyphy/ptII/ptolemy/domains/continuous/test/auto/ContinuousWithinContinuous6.xml
13 ms. Memory: 254976K Free: 193366K (76%)
----------------- Invoking toplevel() on ptolemy.moml.MoMLSimpleApplication@324db9d9
----------------- Done invoking toplevel() on ptolemy.moml.MoMLSimpleApplication@324db9d9
reloadAllAccessors: .ContinuousWithinContinuous6

===========================================================================================
----------------- testing Thu Nov 14 06:14:06 UTC 2019 /home/travis/build/icyphy/ptII/ptolemy/domains/continuous/test/auto/ContinuousWithinContinuous7.xml
----------------- Instantiating /home/travis/build/icyphy/ptII/ptolemy/domains/continuous/test/auto/ContinuousWithinContinuous7.xml
67 ms. Memory: 254976K Free: 182616K (72%)
----------------- Invoking toplevel() on ptolemy.moml.MoMLSimpleApplication@1b10569d
----------------- Done invoking toplevel() on ptolemy.moml.MoMLSimpleApplication@1b10569d
reloadAllAccessors: .ContinuousWithinContinuous7

===========================================================================================
----------------- testing Thu Nov 14 06:14:06 UTC 2019 /home/travis/build/icyphy/ptII/ptolemy/domains/continuous/test/auto/DCMotor.xml
----------------- Instantiating /home/travis/build/icyphy/ptII/ptolemy/domains/continuous/test/auto/DCMotor.xml
13852 ms. Memory: 254976K Free: 164611K (65%)
----------------- Invoking toplevel() on ptolemy.moml.MoMLSimpleApplication@4d08195a
----------------- Done invoking toplevel() on ptolemy.moml.MoMLSimpleApplication@4d08195a
reloadAllAccessors: .DCMotor

===========================================================================================
----------------- testing Thu Nov 14 06:14:20 UTC 2019 /home/travis/build/icyphy/ptII/ptolemy/domains/continuous/test/auto/DEInContinuous.xml
----------------- Instantiating /home/travis/build/icyphy/ptII/ptolemy/domains/continuous/test/auto/DEInContinuous.xml
17 ms. Memory: 254976K Free: 158467K (62%)
----------------- Invoking toplevel() on ptolemy.moml.MoMLSimpleApplication@1fb7b11b
----------------- Done invoking toplevel() on ptolemy.moml.MoMLSimpleApplication@1fb7b11b
reloadAllAccessors: .DEInContinuous

===========================================================================================
----------------- testing Thu Nov 14 06:14:20 UTC 2019 /home/travis/build/icyphy/ptII/ptolemy/domains/continuous/test/auto/DEinContinuous2.xml
----------------- Instantiating /home/travis/build/icyphy/ptII/ptolemy/domains/continuous/test/auto/DEinContinuous2.xml
11 ms. Memory: 254976K Free: 150785K (59%)
----------------- Invoking toplevel() on ptolemy.moml.MoMLSimpleApplication@3573bf6f
----------------- Done invoking toplevel() on ptolemy.moml.MoMLSimpleApplication@3573bf6f
reloadAllAccessors: .DEinContinuous2

===========================================================================================
----------------- testing Thu Nov 14 06:14:20 UTC 2019 /home/travis/build/icyphy/ptII/ptolemy/domains/continuous/test/auto/Derivative.xml
----------------- Instantiating /home/travis/build/icyphy/ptII/ptolemy/domains/continuous/test/auto/Derivative.xml
163 ms. Memory: 254976K Free: 121089K (47%)
----------------- Invoking toplevel() on ptolemy.moml.MoMLSimpleApplication@3be54fe2
----------------- Done invoking toplevel() on ptolemy.moml.MoMLSimpleApplication@3be54fe2
reloadAllAccessors: .Derivative2

===========================================================================================
----------------- testing Thu Nov 14 06:14:21 UTC 2019 /home/travis/build/icyphy/ptII/ptolemy/domains/continuous/test/auto/Derivative1.xml
----------------- Instantiating /home/travis/build/icyphy/ptII/ptolemy/domains/continuous/test/auto/Derivative1.xml
21 ms. Memory: 254976K Free: 106753K (42%)
----------------- Invoking toplevel() on ptolemy.moml.MoMLSimpleApplication@1e329ef9
----------------- Done invoking toplevel() on ptolemy.moml.MoMLSimpleApplication@1e329ef9
reloadAllAccessors: .Derivative1

===========================================================================================
----------------- testing Thu Nov 14 06:14:21 UTC 2019 /home/travis/build/icyphy/ptII/ptolemy/domains/continuous/test/auto/DiscreteClock.xml
----------------- Instantiating /home/travis/build/icyphy/ptII/ptolemy/domains/continuous/test/auto/DiscreteClock.xml
4 ms. Memory: 254976K Free: 101633K (40%)
----------------- Invoking toplevel() on ptolemy.moml.MoMLSimpleApplication@3c0127f9
----------------- Done invoking toplevel() on ptolemy.moml.MoMLSimpleApplication@3c0127f9
reloadAllAccessors: .DiscreteClock

===========================================================================================
----------------- testing Thu Nov 14 06:14:21 UTC 2019 /home/travis/build/icyphy/ptII/ptolemy/domains/continuous/test/auto/EfficiencyCurve.xml
----------------- Instantiating /home/travis/build/icyphy/ptII/ptolemy/domains/continuous/test/auto/EfficiencyCurve.xml
84 ms. Memory: 254976K Free: 92931K (36%)
----------------- Invoking toplevel() on ptolemy.moml.MoMLSimpleApplication@2d58cf7a
----------------- Done invoking toplevel() on ptolemy.moml.MoMLSimpleApplication@2d58cf7a
reloadAllAccessors: .EfficiencyCurve

===========================================================================================
----------------- testing Thu Nov 14 06:14:21 UTC 2019 /home/travis/build/icyphy/ptII/ptolemy/domains/continuous/test/auto/ExponentialResponse.xml
----------------- Instantiating /home/travis/build/icyphy/ptII/ptolemy/domains/continuous/test/auto/ExponentialResponse.xml
109 ms. Memory: 254976K Free: 228960K (90%)
----------------- Invoking toplevel() on ptolemy.moml.MoMLSimpleApplication@6f049690
----------------- Done invoking toplevel() on ptolemy.moml.MoMLSimpleApplication@6f049690
reloadAllAccessors: .ExponentialResponse

===========================================================================================
----------------- testing Thu Nov 14 06:14:21 UTC 2019 /home/travis/build/icyphy/ptII/ptolemy/domains/continuous/test/auto/ExponentialResponseRK45.xml
----------------- Instantiating /home/travis/build/icyphy/ptII/ptolemy/domains/continuous/test/auto/ExponentialResponseRK45.xml
29 ms. Memory: 254976K Free: 221792K (87%)
----------------- Invoking toplevel() on ptolemy.moml.MoMLSimpleApplication@706e3086
----------------- Done invoking toplevel() on ptolemy.moml.MoMLSimpleApplication@706e3086
reloadAllAccessors: .ExponentialResponseRK45

===========================================================================================
----------------- testing Thu Nov 14 06:14:21 UTC 2019 /home/travis/build/icyphy/ptII/ptolemy/domains/continuous/test/auto/Friction.xml
----------------- Instantiating /home/travis/build/icyphy/ptII/ptolemy/domains/continuous/test/auto/Friction.xml
1477 ms. Memory: 254976K Free: 101892K (40%)
----------------- Invoking toplevel() on ptolemy.moml.MoMLSimpleApplication@528f9e2b
----------------- Done invoking toplevel() on ptolemy.moml.MoMLSimpleApplication@528f9e2b
reloadAllAccessors: .Friction

===========================================================================================
----------------- testing Thu Nov 14 06:14:23 UTC 2019 /home/travis/build/icyphy/ptII/ptolemy/domains/continuous/test/auto/FurutaPendulum.xml
----------------- Instantiating /home/travis/build/icyphy/ptII/ptolemy/domains/continuous/test/auto/FurutaPendulum.xml
3364 ms. Memory: 254976K Free: 213644K (84%)
----------------- Invoking toplevel() on ptolemy.moml.MoMLSimpleApplication@7e85f599
----------------- Done invoking toplevel() on ptolemy.moml.MoMLSimpleApplication@7e85f599
reloadAllAccessors: .FurutaPendulum

===========================================================================================
----------------- testing Thu Nov 14 06:14:26 UTC 2019 /home/travis/build/icyphy/ptII/ptolemy/domains/continuous/test/auto/HierarchicalExecution.xml
----------------- Instantiating /home/travis/build/icyphy/ptII/ptolemy/domains/continuous/test/auto/HierarchicalExecution.xml
1913 ms. Memory: 254976K Free: 88184K (35%)
----------------- Invoking toplevel() on ptolemy.moml.MoMLSimpleApplication@5d16d8e7
----------------- Done invoking toplevel() on ptolemy.moml.MoMLSimpleApplication@5d16d8e7
reloadAllAccessors: .HierarchicalExecution

===========================================================================================
----------------- testing Thu Nov 14 06:14:28 UTC 2019 /home/travis/build/icyphy/ptII/ptolemy/domains/continuous/test/auto/HybridPlant.xml
----------------- Instantiating /home/travis/build/icyphy/ptII/ptolemy/domains/continuous/test/auto/HybridPlant.xml
501 ms. Memory: 254976K Free: 121091K (47%)
----------------- Invoking toplevel() on ptolemy.moml.MoMLSimpleApplication@43ccd0b6
----------------- Done invoking toplevel() on ptolemy.moml.MoMLSimpleApplication@43ccd0b6
reloadAllAccessors: .HybridPlant

===========================================================================================
----------------- testing Thu Nov 14 06:14:29 UTC 2019 /home/travis/build/icyphy/ptII/ptolemy/domains/continuous/test/auto/Hysteresis.xml
----------------- Instantiating /home/travis/build/icyphy/ptII/ptolemy/domains/continuous/test/auto/Hysteresis.xml
154 ms. Memory: 254976K Free: 210089K (82%)
----------------- Invoking toplevel() on ptolemy.moml.MoMLSimpleApplication@4b5ac319
----------------- Done invoking toplevel() on ptolemy.moml.MoMLSimpleApplication@4b5ac319
reloadAllAccessors: .Hysteresis

===========================================================================================
----------------- testing Thu Nov 14 06:14:29 UTC 2019 /home/travis/build/icyphy/ptII/ptolemy/domains/continuous/test/auto/HysteresisWithRandomDelay.xml
----------------- Instantiating /home/travis/build/icyphy/ptII/ptolemy/domains/continuous/test/auto/HysteresisWithRandomDelay.xml
161 ms. Memory: 254976K Free: 138722K (54%)
----------------- Invoking toplevel() on ptolemy.moml.MoMLSimpleApplication@216e2413
----------------- Done invoking toplevel() on ptolemy.moml.MoMLSimpleApplication@216e2413
reloadAllAccessors: .HysteresisWithRandomDelay

===========================================================================================
----------------- testing Thu Nov 14 06:14:29 UTC 2019 /home/travis/build/icyphy/ptII/ptolemy/domains/continuous/test/auto/HysteresisWithRandomLosses.xml
----------------- Instantiating /home/travis/build/icyphy/ptII/ptolemy/domains/continuous/test/auto/HysteresisWithRandomLosses.xml
2322 ms. Memory: 306176K Free: 116665K (38%)
----------------- Invoking toplevel() on ptolemy.moml.MoMLSimpleApplication@7169da66
----------------- Done invoking toplevel() on ptolemy.moml.MoMLSimpleApplication@7169da66
reloadAllAccessors: .HysteresisWithRandomLosses

===========================================================================================
----------------- testing Thu Nov 14 06:14:32 UTC 2019 /home/travis/build/icyphy/ptII/ptolemy/domains/continuous/test/auto/ImmediateTransitions.xml
----------------- Instantiating /home/travis/build/icyphy/ptII/ptolemy/domains/continuous/test/auto/ImmediateTransitions.xml
15 ms. Memory: 306176K Free: 288010K (94%)
----------------- Invoking toplevel() on ptolemy.moml.MoMLSimpleApplication@17fc2665
----------------- Done invoking toplevel() on ptolemy.moml.MoMLSimpleApplication@17fc2665
reloadAllAccessors: .ImmediateTransitions

===========================================================================================
----------------- testing Thu Nov 14 06:14:32 UTC 2019 /home/travis/build/icyphy/ptII/ptolemy/domains/continuous/test/auto/ImpulseFeedback.xml
----------------- Instantiating /home/travis/build/icyphy/ptII/ptolemy/domains/continuous/test/auto/ImpulseFeedback.xml
7 ms. Memory: 306176K Free: 282205K (92%)
----------------- Invoking toplevel() on ptolemy.moml.MoMLSimpleApplication@78e9f225
----------------- Done invoking toplevel() on ptolemy.moml.MoMLSimpleApplication@78e9f225
reloadAllAccessors: .ImpulseFeedback

===========================================================================================
----------------- testing Thu Nov 14 06:14:32 UTC 2019 /home/travis/build/icyphy/ptII/ptolemy/domains/continuous/test/auto/ImpulseFeedback2.xml
----------------- Instantiating /home/travis/build/icyphy/ptII/ptolemy/domains/continuous/test/auto/ImpulseFeedback2.xml
6 ms. Memory: 306176K Free: 276575K (90%)
----------------- Invoking toplevel() on ptolemy.moml.MoMLSimpleApplication@7ccea893
----------------- Done invoking toplevel() on ptolemy.moml.MoMLSimpleApplication@7ccea893
reloadAllAccessors: .ImpulseFeedback2

===========================================================================================
----------------- testing Thu Nov 14 06:14:32 UTC 2019 /home/travis/build/icyphy/ptII/ptolemy/domains/continuous/test/auto/IncreasingRatePoisson.xml
----------------- Instantiating /home/travis/build/icyphy/ptII/ptolemy/domains/continuous/test/auto/IncreasingRatePoisson.xml
746 ms. Memory: 306176K Free: 150571K (49%)
----------------- Invoking toplevel() on ptolemy.moml.MoMLSimpleApplication@2d3a8e61
----------------- Done invoking toplevel() on ptolemy.moml.MoMLSimpleApplication@2d3a8e61
reloadAllAccessors: .IncreasingRatePoisson

===========================================================================================
----------------- testing Thu Nov 14 06:14:33 UTC 2019 /home/travis/build/icyphy/ptII/ptolemy/domains/continuous/test/auto/InitialStateFeedback.xml
----------------- Instantiating /home/travis/build/icyphy/ptII/ptolemy/domains/continuous/test/auto/InitialStateFeedback.xml
4 ms. Memory: 306176K Free: 145961K (48%)
----------------- Invoking toplevel() on ptolemy.moml.MoMLSimpleApplication@1092f753
----------------- Done invoking toplevel() on ptolemy.moml.MoMLSimpleApplication@1092f753
reloadAllAccessors: .InitialStateFeedback

===========================================================================================
----------------- testing Thu Nov 14 06:14:33 UTC 2019 /home/travis/build/icyphy/ptII/ptolemy/domains/continuous/test/auto/Integration.xml
----------------- Instantiating /home/travis/build/icyphy/ptII/ptolemy/domains/continuous/test/auto/Integration.xml
2 ms. Memory: 306176K Free: 141865K (46%)
----------------- Invoking toplevel() on ptolemy.moml.MoMLSimpleApplication@563b72fc
----------------- Done invoking toplevel() on ptolemy.moml.MoMLSimpleApplication@563b72fc
reloadAllAccessors: .Integration

===========================================================================================
----------------- testing Thu Nov 14 06:14:33 UTC 2019 /home/travis/build/icyphy/ptII/ptolemy/domains/continuous/test/auto/Integration2.xml
----------------- Instantiating /home/travis/build/icyphy/ptII/ptolemy/domains/continuous/test/auto/Integration2.xml
87 ms. Memory: 306176K Free: 128043K (42%)
----------------- Invoking toplevel() on ptolemy.moml.MoMLSimpleApplication@2e417cfc
----------------- Done invoking toplevel() on ptolemy.moml.MoMLSimpleApplication@2e417cfc
reloadAllAccessors: .Integration2

===========================================================================================
----------------- testing Thu Nov 14 06:14:33 UTC 2019 /home/travis/build/icyphy/ptII/ptolemy/domains/continuous/test/auto/Integration3.xml
----------------- Instantiating /home/travis/build/icyphy/ptII/ptolemy/domains/continuous/test/auto/Integration3.xml
2 ms. Memory: 306176K Free: 123433K (40%)
----------------- Invoking toplevel() on ptolemy.moml.MoMLSimpleApplication@30d76165
----------------- Done invoking toplevel() on ptolemy.moml.MoMLSimpleApplication@30d76165
reloadAllAccessors: .Integration3

===========================================================================================
----------------- testing Thu Nov 14 06:14:33 UTC 2019 /home/travis/build/icyphy/ptII/ptolemy/domains/continuous/test/auto/Integration5.xml
----------------- Instantiating /home/travis/build/icyphy/ptII/ptolemy/domains/continuous/test/auto/Integration5.xml
2 ms. Memory: 306176K Free: 119337K (39%)
----------------- Invoking toplevel() on ptolemy.moml.MoMLSimpleApplication@2fcfe440
----------------- Done invoking toplevel() on ptolemy.moml.MoMLSimpleApplication@2fcfe440
reloadAllAccessors: .Integration5

===========================================================================================
----------------- testing Thu Nov 14 06:14:33 UTC 2019 /home/travis/build/icyphy/ptII/ptolemy/domains/continuous/test/auto/IntegratorImpulse.xml
----------------- Instantiating /home/travis/build/icyphy/ptII/ptolemy/domains/continuous/test/auto/IntegratorImpulse.xml
2 ms. Memory: 306176K Free: 115235K (38%)
----------------- Invoking toplevel() on ptolemy.moml.MoMLSimpleApplication@2253b72e
----------------- Done invoking toplevel() on ptolemy.moml.MoMLSimpleApplication@2253b72e
reloadAllAccessors: .IntegratorImpulse

===========================================================================================
----------------- testing Thu Nov 14 06:14:33 UTC 2019 /home/travis/build/icyphy/ptII/ptolemy/domains/continuous/test/auto/IntegratorImpulse2.xml
----------------- Instantiating /home/travis/build/icyphy/ptII/ptolemy/domains/continuous/test/auto/IntegratorImpulse2.xml
4 ms. Memory: 306176K Free: 110635K (36%)
----------------- Invoking toplevel() on ptolemy.moml.MoMLSimpleApplication@2765cf25
----------------- Done invoking toplevel() on ptolemy.moml.MoMLSimpleApplication@2765cf25
reloadAllAccessors: .IntegratorImpulse2

===========================================================================================
----------------- testing Thu Nov 14 06:14:33 UTC 2019 /home/travis/build/icyphy/ptII/ptolemy/domains/continuous/test/auto/LevelCrossing1.xml
----------------- Instantiating /home/travis/build/icyphy/ptII/ptolemy/domains/continuous/test/auto/LevelCrossing1.xml
3 ms. Memory: 306176K Free: 287845K (94%)
----------------- Invoking toplevel() on ptolemy.moml.MoMLSimpleApplication@15c80cae
----------------- Done invoking toplevel() on ptolemy.moml.MoMLSimpleApplication@15c80cae
reloadAllAccessors: .LevelCrossing1

===========================================================================================
----------------- testing Thu Nov 14 06:14:33 UTC 2019 /home/travis/build/icyphy/ptII/ptolemy/domains/continuous/test/auto/LevelCrossing2.xml
----------------- Instantiating /home/travis/build/icyphy/ptII/ptolemy/domains/continuous/test/auto/LevelCrossing2.xml
4 ms. Memory: 306176K Free: 282725K (92%)
----------------- Invoking toplevel() on ptolemy.moml.MoMLSimpleApplication@6827021e
----------------- Done invoking toplevel() on ptolemy.moml.MoMLSimpleApplication@6827021e
reloadAllAccessors: .LevelCrossing2

===========================================================================================
----------------- testing Thu Nov 14 06:14:33 UTC 2019 /home/travis/build/icyphy/ptII/ptolemy/domains/continuous/test/auto/LevelCrossing3.xml
----------------- Instantiating /home/travis/build/icyphy/ptII/ptolemy/domains/continuous/test/auto/LevelCrossing3.xml
3 ms. Memory: 306176K Free: 277605K (91%)
----------------- Invoking toplevel() on ptolemy.moml.MoMLSimpleApplication@cb2c604
----------------- Done invoking toplevel() on ptolemy.moml.MoMLSimpleApplication@cb2c604
reloadAllAccessors: .LevelCrossing3

===========================================================================================
----------------- testing Thu Nov 14 06:14:33 UTC 2019 /home/travis/build/icyphy/ptII/ptolemy/domains/continuous/test/auto/LevelCrossing4.xml
----------------- Instantiating /home/travis/build/icyphy/ptII/ptolemy/domains/continuous/test/auto/LevelCrossing4.xml
3 ms. Memory: 306176K Free: 272485K (89%)
----------------- Invoking toplevel() on ptolemy.moml.MoMLSimpleApplication@63aeebda
----------------- Done invoking toplevel() on ptolemy.moml.MoMLSimpleApplication@63aeebda
reloadAllAccessors: .LevelCrossing4

===========================================================================================
----------------- testing Thu Nov 14 06:14:33 UTC 2019 /home/travis/build/icyphy/ptII/ptolemy/domains/continuous/test/auto/LevelCrossing5.xml
----------------- Instantiating /home/travis/build/icyphy/ptII/ptolemy/domains/continuous/test/auto/LevelCrossing5.xml
3 ms. Memory: 306176K Free: 267365K (87%)
----------------- Invoking toplevel() on ptolemy.moml.MoMLSimpleApplication@72534a8f
----------------- Done invoking toplevel() on ptolemy.moml.MoMLSimpleApplication@72534a8f
reloadAllAccessors: .LevelCrossing5

===========================================================================================
[...]
reloadAllAccessors: .ResetTransitionWithStartTime6

===========================================================================================
----------------- testing Thu Nov 14 06:14:51 UTC 2019 /home/travis/build/icyphy/ptII/ptolemy/domains/continuous/test/auto/SRinContinuous.xml
----------------- Instantiating /home/travis/build/icyphy/ptII/ptolemy/domains/continuous/test/auto/SRinContinuous.xml
5 ms. Memory: 367616K Free: 168786K (46%)
----------------- Invoking toplevel() on ptolemy.moml.MoMLSimpleApplication@5a346653
----------------- Done invoking toplevel() on ptolemy.moml.MoMLSimpleApplication@5a346653
reloadAllAccessors: .SRinContinuous

===========================================================================================
----------------- testing Thu Nov 14 06:14:51 UTC 2019 /home/travis/build/icyphy/ptII/ptolemy/domains/continuous/test/auto/SampledClocks.xml
----------------- Instantiating /home/travis/build/icyphy/ptII/ptolemy/domains/continuous/test/auto/SampledClocks.xml
7 ms. Memory: 367616K Free: 155988K (42%)
----------------- Invoking toplevel() on ptolemy.moml.MoMLSimpleApplication@a892720
----------------- Done invoking toplevel() on ptolemy.moml.MoMLSimpleApplication@a892720
reloadAllAccessors: .SampledClocks

===========================================================================================
----------------- testing Thu Nov 14 06:14:51 UTC 2019 /home/travis/build/icyphy/ptII/ptolemy/domains/continuous/test/auto/Satellite.xml
----------------- Instantiating /home/travis/build/icyphy/ptII/ptolemy/domains/continuous/test/auto/Satellite.xml
862 ms. Memory: 367616K Free: 185961K (51%)
----------------- Invoking toplevel() on ptolemy.moml.MoMLSimpleApplication@c5905f3
----------------- Done invoking toplevel() on ptolemy.moml.MoMLSimpleApplication@c5905f3
reloadAllAccessors: .Satellite

===========================================================================================
----------------- testing Thu Nov 14 06:14:52 UTC 2019 /home/travis/build/icyphy/ptII/ptolemy/domains/continuous/test/auto/SigmaDelta.xml
----------------- Instantiating /home/travis/build/icyphy/ptII/ptolemy/domains/continuous/test/auto/SigmaDelta.xml
2534 ms. Memory: 367616K Free: 141464K (38%)
----------------- Invoking toplevel() on ptolemy.moml.MoMLSimpleApplication@4879ae77
----------------- Done invoking toplevel() on ptolemy.moml.MoMLSimpleApplication@4879ae77
reloadAllAccessors: .SigmaDelta

===========================================================================================
----------------- testing Thu Nov 14 06:14:55 UTC 2019 /home/travis/build/icyphy/ptII/ptolemy/domains/continuous/test/auto/SingleRefinement.xml
----------------- Instantiating /home/travis/build/icyphy/ptII/ptolemy/domains/continuous/test/auto/SingleRefinement.xml
315 ms. Memory: 367616K Free: 178299K (49%)
----------------- Invoking toplevel() on ptolemy.moml.MoMLSimpleApplication@5d2b0a58
----------------- Done invoking toplevel() on ptolemy.moml.MoMLSimpleApplication@5d2b0a58
reloadAllAccessors: .SingleRefinement

===========================================================================================
----------------- testing Thu Nov 14 06:14:55 UTC 2019 /home/travis/build/icyphy/ptII/ptolemy/domains/continuous/test/auto/SinuBouncingBall.xml
----------------- Instantiating /home/travis/build/icyphy/ptII/ptolemy/domains/continuous/test/auto/SinuBouncingBall.xml
878 ms. Memory: 367616K Free: 184701K (50%)
----------------- Invoking toplevel() on ptolemy.moml.MoMLSimpleApplication@6414a42f
----------------- Done invoking toplevel() on ptolemy.moml.MoMLSimpleApplication@6414a42f
reloadAllAccessors: .SinuBouncingBall

===========================================================================================
----------------- testing Thu Nov 14 06:14:56 UTC 2019 /home/travis/build/icyphy/ptII/ptolemy/domains/continuous/test/auto/Sinusoid.xml
----------------- Instantiating /home/travis/build/icyphy/ptII/ptolemy/domains/continuous/test/auto/Sinusoid.xml
4 ms. Memory: 367616K Free: 180411K (49%)
----------------- Invoking toplevel() on ptolemy.moml.MoMLSimpleApplication@28ec97f3
----------------- Done invoking toplevel() on ptolemy.moml.MoMLSimpleApplication@28ec97f3
reloadAllAccessors: .Sinusoid

===========================================================================================
----------------- testing Thu Nov 14 06:14:56 UTC 2019 /home/travis/build/icyphy/ptII/ptolemy/domains/continuous/test/auto/SinusoidInNoise.xml
----------------- Instantiating /home/travis/build/icyphy/ptII/ptolemy/domains/continuous/test/auto/SinusoidInNoise.xml
1030 ms. Memory: 367616K Free: 263278K (72%)
----------------- Invoking toplevel() on ptolemy.moml.MoMLSimpleApplication@720dc65d
----------------- Done invoking toplevel() on ptolemy.moml.MoMLSimpleApplication@720dc65d
reloadAllAccessors: .SinusoidInNoise

===========================================================================================
----------------- testing Thu Nov 14 06:14:57 UTC 2019 /home/travis/build/icyphy/ptII/ptolemy/domains/continuous/test/auto/SinusoidRK45.xml
----------------- Instantiating /home/travis/build/icyphy/ptII/ptolemy/domains/continuous/test/auto/SinusoidRK45.xml
2 ms. Memory: 367616K Free: 258662K (70%)
----------------- Invoking toplevel() on ptolemy.moml.MoMLSimpleApplication@bfd9ea
----------------- Done invoking toplevel() on ptolemy.moml.MoMLSimpleApplication@bfd9ea
reloadAllAccessors: .SinusoidRK45

===========================================================================================
----------------- testing Thu Nov 14 06:14:57 UTC 2019 /home/travis/build/icyphy/ptII/ptolemy/domains/continuous/test/auto/SinusoidWithMultipleImpulses.xml
----------------- Instantiating /home/travis/build/icyphy/ptII/ptolemy/domains/continuous/test/auto/SinusoidWithMultipleImpulses.xml
3 ms. Memory: 367616K Free: 254062K (69%)
----------------- Invoking toplevel() on ptolemy.moml.MoMLSimpleApplication@60cfb273
----------------- Done invoking toplevel() on ptolemy.moml.MoMLSimpleApplication@60cfb273
reloadAllAccessors: .SinusoidWithMultipleImpulses

===========================================================================================
----------------- testing Thu Nov 14 06:14:57 UTC 2019 /home/travis/build/icyphy/ptII/ptolemy/domains/continuous/test/auto/SquareWave.xml
----------------- Instantiating /home/travis/build/icyphy/ptII/ptolemy/domains/continuous/test/auto/SquareWave.xml
170 ms. Memory: 367616K Free: 226924K (62%)
----------------- Invoking toplevel() on ptolemy.moml.MoMLSimpleApplication@788a17c0
----------------- Done invoking toplevel() on ptolemy.moml.MoMLSimpleApplication@788a17c0
reloadAllAccessors: .SquareWave

===========================================================================================
----------------- testing Thu Nov 14 06:14:57 UTC 2019 /home/travis/build/icyphy/ptII/ptolemy/domains/continuous/test/auto/Starmac.xml
----------------- Instantiating /home/travis/build/icyphy/ptII/ptolemy/domains/continuous/test/auto/Starmac.xml
3046 ms. Memory: 367616K Free: 136438K (37%)
----------------- Invoking toplevel() on ptolemy.moml.MoMLSimpleApplication@27ab9a3f
----------------- Done invoking toplevel() on ptolemy.moml.MoMLSimpleApplication@27ab9a3f
reloadAllAccessors: .Starmac

===========================================================================================
----------------- testing Thu Nov 14 06:15:01 UTC 2019 /home/travis/build/icyphy/ptII/ptolemy/domains/continuous/test/auto/StaticUnits.xml
----------------- Instantiating /home/travis/build/icyphy/ptII/ptolemy/domains/continuous/test/auto/StaticUnits.xml
2159 ms. Memory: 367616K Free: 338502K (92%)
----------------- Invoking toplevel() on ptolemy.moml.MoMLSimpleApplication@1f3596df
----------------- Done invoking toplevel() on ptolemy.moml.MoMLSimpleApplication@1f3596df
reloadAllAccessors: .StaticUnits

===========================================================================================
----------------- testing Thu Nov 14 06:15:04 UTC 2019 /home/travis/build/icyphy/ptII/ptolemy/domains/continuous/test/auto/StickyMasses.xml
----------------- Instantiating /home/travis/build/icyphy/ptII/ptolemy/domains/continuous/test/auto/StickyMasses.xml
165 ms. Memory: 367616K Free: 288836K (79%)
----------------- Invoking toplevel() on ptolemy.moml.MoMLSimpleApplication@10479be6
----------------- Done invoking toplevel() on ptolemy.moml.MoMLSimpleApplication@10479be6
reloadAllAccessors: .StickyMasses

===========================================================================================
----------------- testing Thu Nov 14 06:15:04 UTC 2019 /home/travis/build/icyphy/ptII/ptolemy/domains/continuous/test/auto/StopTime.xml
----------------- Instantiating /home/travis/build/icyphy/ptII/ptolemy/domains/continuous/test/auto/StopTime.xml
42 ms. Memory: 367616K Free: 263750K (72%)
----------------- Invoking toplevel() on ptolemy.moml.MoMLSimpleApplication@63b377cc
----------------- Done invoking toplevel() on ptolemy.moml.MoMLSimpleApplication@63b377cc
reloadAllAccessors: .StopTime

===========================================================================================
----------------- testing Thu Nov 14 06:15:04 UTC 2019 /home/travis/build/icyphy/ptII/ptolemy/domains/continuous/test/auto/StopTime2.xml
----------------- Instantiating /home/travis/build/icyphy/ptII/ptolemy/domains/continuous/test/auto/StopTime2.xml
33 ms. Memory: 367616K Free: 241717K (66%)
----------------- Invoking toplevel() on ptolemy.moml.MoMLSimpleApplication@5153b2bf
----------------- Done invoking toplevel() on ptolemy.moml.MoMLSimpleApplication@5153b2bf
reloadAllAccessors: .StopTime2

===========================================================================================
----------------- testing Thu Nov 14 06:15:04 UTC 2019 /home/travis/build/icyphy/ptII/ptolemy/domains/continuous/test/auto/Switch.xml
----------------- Instantiating /home/travis/build/icyphy/ptII/ptolemy/domains/continuous/test/auto/Switch.xml
42 ms. Memory: 367616K Free: 216646K (59%)
----------------- Invoking toplevel() on ptolemy.moml.MoMLSimpleApplication@8111ee2
----------------- Done invoking toplevel() on ptolemy.moml.MoMLSimpleApplication@8111ee2
reloadAllAccessors: .Switch

===========================================================================================
----------------- testing Thu Nov 14 06:15:04 UTC 2019 /home/travis/build/icyphy/ptII/ptolemy/domains/continuous/test/auto/Thermostat.xml
----------------- Instantiating /home/travis/build/icyphy/ptII/ptolemy/domains/continuous/test/auto/Thermostat.xml
189 ms. Memory: 367616K Free: 144421K (39%)
----------------- Invoking toplevel() on ptolemy.moml.MoMLSimpleApplication@62e7d87b
----------------- Done invoking toplevel() on ptolemy.moml.MoMLSimpleApplication@62e7d87b
reloadAllAccessors: .Thermostat

===========================================================================================
----------------- testing Thu Nov 14 06:15:04 UTC 2019 /home/travis/build/icyphy/ptII/ptolemy/domains/continuous/test/auto/TimeDelay.xml
----------------- Instantiating /home/travis/build/icyphy/ptII/ptolemy/domains/continuous/test/auto/TimeDelay.xml
6 ms. Memory: 367616K Free: 139846K (38%)
----------------- Invoking toplevel() on ptolemy.moml.MoMLSimpleApplication@6306a7fb
----------------- Done invoking toplevel() on ptolemy.moml.MoMLSimpleApplication@6306a7fb
reloadAllAccessors: .TimeDelay

===========================================================================================
----------------- testing Thu Nov 14 06:15:04 UTC 2019 /home/travis/build/icyphy/ptII/ptolemy/domains/continuous/test/auto/TimeDelay2.xml
----------------- Instantiating /home/travis/build/icyphy/ptII/ptolemy/domains/continuous/test/auto/TimeDelay2.xml
32 ms. Memory: 367616K Free: 344639K (94%)
----------------- Invoking toplevel() on ptolemy.moml.MoMLSimpleApplication@6dcec337
----------------- Done invoking toplevel() on ptolemy.moml.MoMLSimpleApplication@6dcec337
reloadAllAccessors: .TimeDelay2

===========================================================================================
----------------- testing Thu Nov 14 06:15:04 UTC 2019 /home/travis/build/icyphy/ptII/ptolemy/domains/continuous/test/auto/TimeDelay3.xml
----------------- Instantiating /home/travis/build/icyphy/ptII/ptolemy/domains/continuous/test/auto/TimeDelay3.xml
5 ms. Memory: 367616K Free: 339996K (92%)
----------------- Invoking toplevel() on ptolemy.moml.MoMLSimpleApplication@51013829
----------------- Done invoking toplevel() on ptolemy.moml.MoMLSimpleApplication@51013829
reloadAllAccessors: .TimeDelay3

===========================================================================================
----------------- testing Thu Nov 14 06:15:04 UTC 2019 /home/travis/build/icyphy/ptII/ptolemy/domains/continuous/test/auto/TransferAbsentToInside.xml
----------------- Instantiating /home/travis/build/icyphy/ptII/ptolemy/domains/continuous/test/auto/TransferAbsentToInside.xml
28 ms. Memory: 367616K Free: 287295K (78%)
----------------- Invoking toplevel() on ptolemy.moml.MoMLSimpleApplication@21f76633
----------------- Done invoking toplevel() on ptolemy.moml.MoMLSimpleApplication@21f76633
reloadAllAccessors: .TransferAbsentToInside

===========================================================================================
----------------- testing Thu Nov 14 06:15:04 UTC 2019 /home/travis/build/icyphy/ptII/ptolemy/domains/continuous/test/auto/Transmission.xml
----------------- Instantiating /home/travis/build/icyphy/ptII/ptolemy/domains/continuous/test/auto/Transmission.xml
810 ms. Memory: 367616K Free: 270819K (74%)
----------------- Invoking toplevel() on ptolemy.moml.MoMLSimpleApplication@f560ab2
----------------- Done invoking toplevel() on ptolemy.moml.MoMLSimpleApplication@f560ab2
reloadAllAccessors: .Transmission

===========================================================================================
----------------- testing Thu Nov 14 06:15:05 UTC 2019 /home/travis/build/icyphy/ptII/ptolemy/domains/continuous/test/auto/TriggeredContinuousClock.xml
----------------- Instantiating /home/travis/build/icyphy/ptII/ptolemy/domains/continuous/test/auto/TriggeredContinuousClock.xml
39 ms. Memory: 367616K Free: 241107K (66%)
----------------- Invoking toplevel() on ptolemy.moml.MoMLSimpleApplication@5e3dfb7d
----------------- Done invoking toplevel() on ptolemy.moml.MoMLSimpleApplication@5e3dfb7d
reloadAllAccessors: .TriggeredContinuousClock

===========================================================================================
----------------- testing Thu Nov 14 06:15:05 UTC 2019 /home/travis/build/icyphy/ptII/ptolemy/domains/continuous/test/auto/TwoMachineInfiniteBusControl.xml
----------------- Instantiating /home/travis/build/icyphy/ptII/ptolemy/domains/continuous/test/auto/TwoMachineInfiniteBusControl.xml
2918 ms. Memory: 367616K Free: 320971K (87%)
----------------- Invoking toplevel() on ptolemy.moml.MoMLSimpleApplication@1859303d
----------------- Done invoking toplevel() on ptolemy.moml.MoMLSimpleApplication@1859303d
reloadAllAccessors: .TwoMachineInfiniteBusControl

===========================================================================================
----------------- testing Thu Nov 14 06:15:08 UTC 2019 /home/travis/build/icyphy/ptII/ptolemy/domains/continuous/test/auto/V2V.xml
----------------- Instantiating /home/travis/build/icyphy/ptII/ptolemy/domains/continuous/test/auto/V2V.xml
817 ms. Memory: 367616K Free: 134618K (37%)
----------------- Invoking toplevel() on ptolemy.moml.MoMLSimpleApplication@399e373e
----------------- Done invoking toplevel() on ptolemy.moml.MoMLSimpleApplication@399e373e
reloadAllAccessors: .V2V

===========================================================================================
----------------- testing Thu Nov 14 06:15:09 UTC 2019 /home/travis/build/icyphy/ptII/ptolemy/domains/continuous/test/auto/hierarchicalModalModel.xml
----------------- Instantiating /home/travis/build/icyphy/ptII/ptolemy/domains/continuous/test/auto/hierarchicalModalModel.xml
7 ms. Memory: 367616K Free: 334797K (91%)
----------------- Invoking toplevel() on ptolemy.moml.MoMLSimpleApplication@2412d20
----------------- Done invoking toplevel() on ptolemy.moml.MoMLSimpleApplication@2412d20
reloadAllAccessors: .hierarchicalModalModel

===========================================================================================
----------------- testing Thu Nov 14 06:15:09 UTC 2019 /home/travis/build/icyphy/ptII/ptolemy/domains/continuous/test/auto/hierarchicalModalModel1.xml
----------------- Instantiating /home/travis/build/icyphy/ptII/ptolemy/domains/continuous/test/auto/hierarchicalModalModel1.xml
8 ms. Memory: 367616K Free: 320461K (87%)
----------------- Invoking toplevel() on ptolemy.moml.MoMLSimpleApplication@1679e5d2
----------------- Done invoking toplevel() on ptolemy.moml.MoMLSimpleApplication@1679e5d2
reloadAllAccessors: .hierarchicalModalModel1

===========================================================================================
----------------- testing Thu Nov 14 06:15:09 UTC 2019 /home/travis/build/icyphy/ptII/ptolemy/domains/continuous/test/auto/hierarchicalModalModel2.xml
----------------- Instantiating /home/travis/build/icyphy/ptII/ptolemy/domains/continuous/test/auto/hierarchicalModalModel2.xml
6 ms. Memory: 367616K Free: 308159K (84%)
----------------- Invoking toplevel() on ptolemy.moml.MoMLSimpleApplication@52c88104
----------------- Done invoking toplevel() on ptolemy.moml.MoMLSimpleApplication@52c88104
reloadAllAccessors: .hierarchicalModalModel2

===========================================================================================
----------------- testing Thu Nov 14 06:15:09 UTC 2019 /home/travis/build/icyphy/ptII/ptolemy/domains/continuous/test/auto/hierarchicalModalModel3.xml
----------------- Instantiating /home/travis/build/icyphy/ptII/ptolemy/domains/continuous/test/auto/hierarchicalModalModel3.xml
7 ms. Memory: 367616K Free: 297423K (81%)
----------------- Invoking toplevel() on ptolemy.moml.MoMLSimpleApplication@4ea8f0a5
----------------- Done invoking toplevel() on ptolemy.moml.MoMLSimpleApplication@4ea8f0a5
reloadAllAccessors: .hierarchicalModalModel3

===========================================================================================
----------------- testing Thu Nov 14 06:15:09 UTC 2019 /home/travis/build/icyphy/ptII/ptolemy/domains/continuous/test/auto/hierarchicalModalModel4.xml
----------------- Instantiating /home/travis/build/icyphy/ptII/ptolemy/domains/continuous/test/auto/hierarchicalModalModel4.xml
5 ms. Memory: 367616K Free: 285645K (78%)
----------------- Invoking toplevel() on ptolemy.moml.MoMLSimpleApplication@6a31b249
----------------- Done invoking toplevel() on ptolemy.moml.MoMLSimpleApplication@6a31b249
reloadAllAccessors: .hierarchicalModalModel4

===========================================================================================
----------------- testing Thu Nov 14 06:15:09 UTC 2019 /home/travis/build/icyphy/ptII/ptolemy/domains/continuous/test/auto/junk.xml
----------------- Instantiating /home/travis/build/icyphy/ptII/ptolemy/domains/continuous/test/auto/junk.xml
145 ms. Memory: 367616K Free: 257487K (70%)
----------------- Invoking toplevel() on ptolemy.moml.MoMLSimpleApplication@6bc351ed
----------------- Done invoking toplevel() on ptolemy.moml.MoMLSimpleApplication@6bc351ed
reloadAllAccessors: .junk
AutoTests.java: About to close Vertx.
AutoTests.java: Vertx closed.
]]></system-out>
  <system-err><![CDATA[Warning: '.IncreasingRatePoisson.NonStrictTest' The test produced only 401 tokens, yet the correctValues parameter was expecting 402 tokens.
Warning: '.Poisson.NonStrictTest' The test produced only 396 tokens, yet the correctValues parameter was expecting 430 tokens.
]]></system-err>
</testsuite>
