/home/travis/build/icyphy/ptII/bin/ant: Running /home/travis/build/icyphy/ptII/ant/bin/ant build test.export7.xml
Buildfile: /home/travis/build/icyphy/ptII/build.xml

build-message:
     [echo] Use ant -p to see other targets. JAVA_HOME=/usr/local/lib/jvm/openjdk11
     [echo] tools.jar is necessary for compilation of doc/doclets/.
     [echo] If compilation fails, try setting JAVA_HOME to the location of the JDK.
     [echo] For example:
     [echo]   [bldmastr@sisyphus ptII]$ which java
     [echo]   /usr/bin/java
     [echo]   [bldmastr@sisyphus ptII]$ ls -l /usr/bin/java
     [echo]   lrwxrwxrwx 1 root root 26 Jul 31 10:12 /usr/bin/java -> /usr/java/default/bin/java
     [echo]   [bldmastr@sisyphus ptII]$ export JAVA_HOME=/usr/java/default
     [echo]     

-build-subprojects-empty:

build-subprojects:

-check-node:

-check-node-works:
     [exec] /home/travis/build/icyphy/ptII/bin/node: Running /home/travis/.nvm/versions/node/v7.10.1/bin/node --version
     [exec] v7.10.1

-check-npm:

-check-npm-works:
     [exec] /home/travis/build/icyphy/ptII/bin/npm: Running /home/travis/.nvm/versions/node/v7.10.1/bin/npm --version
     [exec] /home/travis/build/icyphy/ptII/bin/node: Running /home/travis/.nvm/versions/node/v7.10.1/bin/node /home/travis/.nvm/versions/node/v7.10.1/bin/npm --version
     [exec] 4.2.0

-check-if-npmjs-org-is-up:
     [echo] Check to see if https://www.npmjs.org is up.

-jsdoc-no-network-message:

-check-jsdoc:

jsdoc-install:

jsdoc-update:
     [exec] /home/travis/build/icyphy/ptII/bin/npm: Running /home/travis/.nvm/versions/node/v7.10.1/bin/npm update @terraswarm/jsdoc
     [exec] /home/travis/build/icyphy/ptII/bin/node: Running /home/travis/.nvm/versions/node/v7.10.1/bin/node /home/travis/.nvm/versions/node/v7.10.1/bin/npm update @terraswarm/jsdoc

-ptdoc-no-node:

-ptdoc-no-npm:

ptdoc:
     [echo] 
     [echo]       If the ptdoc target fails, then try running:
     [echo]           ant build-project build-bin
     [echo]     

-check-node:

-check-node-works:
     [exec] /home/travis/build/icyphy/ptII/bin/node: Running /home/travis/.nvm/versions/node/v7.10.1/bin/node --version
     [exec] v7.10.1

-check-npm:

-check-npm-works:
     [exec] /home/travis/build/icyphy/ptII/bin/npm: Running /home/travis/.nvm/versions/node/v7.10.1/bin/npm --version
     [exec] /home/travis/build/icyphy/ptII/bin/node: Running /home/travis/.nvm/versions/node/v7.10.1/bin/node /home/travis/.nvm/versions/node/v7.10.1/bin/npm --version
     [exec] 4.2.0

-check-if-npmjs-org-is-up:
     [echo] Check to see if https://www.npmjs.org is up or $TRAVIS is set.

-jsdoc-no-network-message:

-check-jsdoc:
     [echo] To stop CapeCode from invoking jsdoc and svn, set the PT_NO_NET environment variable.  
     [echo]     Under BASH:
     [echo]         export PT_NO_NET=true
     [echo]     If ptdoc fails, and you are building from $PTII, try:
     [echo]         ant build-project build-bin
     [echo]     

jsdoc-install:
     [echo] npm.executable: npm
    [mkdir] Created dir: /home/travis/build/icyphy/ptII/org/terraswarm/accessor/accessors/node_modules
     [exec] /home/travis/build/icyphy/ptII/bin/npm: Running /home/travis/.nvm/versions/node/v7.10.1/bin/npm install @terraswarm/jsdoc
     [exec] /home/travis/build/icyphy/ptII/bin/node: Running /home/travis/.nvm/versions/node/v7.10.1/bin/node /home/travis/.nvm/versions/node/v7.10.1/bin/npm install @terraswarm/jsdoc
     [exec] npm WARN lifecycle The node binary used for scripts is /home/travis/build/icyphy/ptII/bin/node but npm is using /home/travis/.nvm/versions/node/v7.10.1/bin/node itself. Use the `--scripts-prepend-node-path` option to include the path for the node binary npm was executed with.
     [exec] /home/travis/build/icyphy/ptII/org/terraswarm/accessor/accessors
     [exec] └─┬ @terraswarm/jsdoc@3.5.1-dev 
     [exec]   ├── bluebird@3.4.7 
     [exec]   ├─┬ catharsis@0.8.11 
     [exec]   │ └── lodash@4.17.21 
     [exec]   ├── escape-string-regexp@1.0.5 
     [exec]   ├─┬ espree@3.1.7 
     [exec]   │ ├── acorn@3.3.0 
     [exec]   │ └── acorn-jsx@3.0.1 
     [exec]   ├── js2xmlparser@1.0.0 
     [exec]   ├─┬ klaw@1.3.1 
     [exec]   │ └── graceful-fs@4.2.10 
     [exec]   ├── marked@0.3.19 
     [exec]   ├─┬ mkdirp@0.5.6 
     [exec]   │ └── minimist@1.2.6 
     [exec]   ├── requizzle@0.2.3 
     [exec]   ├── strip-json-comments@2.0.1 
     [exec]   ├── taffydb@2.6.2 
     [exec]   └── underscore@1.8.3 
     [exec] 
     [exec] npm WARN enoent ENOENT: no such file or directory, open '/home/travis/build/icyphy/ptII/org/terraswarm/accessor/accessors/package.json'
     [exec] npm WARN accessors No description
     [exec] npm WARN accessors No repository field.
     [exec] npm WARN accessors No README data
     [exec] npm WARN accessors No license field.

jsdoc-update:
     [exec] /home/travis/build/icyphy/ptII/bin/npm: Running /home/travis/.nvm/versions/node/v7.10.1/bin/npm update @terraswarm/jsdoc
     [exec] /home/travis/build/icyphy/ptII/bin/node: Running /home/travis/.nvm/versions/node/v7.10.1/bin/node /home/travis/.nvm/versions/node/v7.10.1/bin/npm update @terraswarm/jsdoc

-ptdoc-no-node-message:

-ptdoc-no-npm-message:

-check-jsdoc-again:

-jsdoc-command-message:

ptdoc:
     [echo] Invoke /home/travis/build/icyphy/ptII/org/terraswarm/accessor/accessors/web/../node_modules/@terraswarm/jsdoc/jsdoc.js to read *.js files and generate *PtDoc.xml files suitable for Ptolemy.
     [echo]     See https://chess.eecs.berkeley.edu/ptexternal/wiki/Main/JSDocSystems
     [echo]     See jsdoc/jsdoc.json
     [echo]     See jsdoc/plugins/accessorJSDocTags.js
     [echo]     See jsdoc/templates/ptdoc/publish.js
     [echo] 
     [echo]     If the ptdoc target fails, the there is likely a problem with node or npm.  It is possible
     [echo]     to use CapeCode even if the ptdoc target fails.
     [echo]     
     [echo]     If you are building from $PTII, try:
     [echo]         ant build-project build-bin
     [echo] 
     [echo]     
     [exec] /home/travis/build/icyphy/ptII/bin/node: Running /home/travis/.nvm/versions/node/v7.10.1/bin/node /home/travis/build/icyphy/ptII/org/terraswarm/accessor/accessors/web/../node_modules/@terraswarm/jsdoc/jsdoc.js --configure jsdoc/jsdoc.json --recurse --template jsdoc/templates/ptdoc --verbose .
     [exec] Generating output files...
     [exec] Finished running in 13.69 seconds.

build-project:
     [echo] ptII: /home/travis/build/icyphy/ptII/build.xml
    [javac] Compiling 4257 source files to /home/travis/build/icyphy/ptII
    [javac] /home/travis/build/icyphy/ptII/ptolemy/util/StringUtilities.java:48: warning: Unsafe is internal proprietary API and may be removed in a future release
    [javac] import sun.misc.Unsafe;
    [javac]                ^
    [javac] /home/travis/build/icyphy/ptII/ptolemy/util/StringUtilities.java:118: warning: Unsafe is internal proprietary API and may be removed in a future release
    [javac]             Field theUnsafe = Unsafe.class.getDeclaredField("theUnsafe");
    [javac]                               ^
    [javac] /home/travis/build/icyphy/ptII/ptolemy/util/StringUtilities.java:120: warning: Unsafe is internal proprietary API and may be removed in a future release
    [javac]             Unsafe unsafe = (Unsafe) theUnsafe.get(null);
    [javac]             ^
    [javac] /home/travis/build/icyphy/ptII/ptolemy/util/StringUtilities.java:120: warning: Unsafe is internal proprietary API and may be removed in a future release
    [javac]             Unsafe unsafe = (Unsafe) theUnsafe.get(null);
    [javac]                              ^
    [javac] Note: Some input files use or override a deprecated API.
    [javac] Note: Recompile with -Xlint:deprecation for details.
    [javac] Note: Some input files use unchecked or unsafe operations.
    [javac] Note: Recompile with -Xlint:unchecked for details.
    [javac] 4 warnings

-check-ptII-mk-file:

-check-bin-vergil:

-check-make-bin-vergil:

build-bin-not:

build-not-bin-vergil:
     [echo] 
     [echo] 	$PTII/bin/vergil does not exist, perhaps (cd $PTII/bin; make) has not been run?
     [echo] 	This can happen if the make binary cannot be found in the path or if $PTII/mk/ptII.mk
     [echo] 	is not present.
     [echo] 	Skipping running make in $PTII/bin, which creates scripts like $PTII/bin/vergil.
     [echo] 	This is only an issue if you want to invoke "$PTII/bin/vergil" instead of "ant vergil".
     [echo] 	However, $PTII/bin does include other scripts that may be of use.
     [echo]       

build-bin:
     [exec] for file in .momllib-util .nc2moml-util .ncapp2moml-util capecode convertToLazy copernicus decompile emachine giottoc histogram homer jode mescal moml obfuscate ptcg ptcodegen ptexecute ptjacl ptjaclapp ptplot ptstartjini ptolemy ptweb pxgraph soot tinicomm tinic tiniconverter startjini.gui vergil; do \
     [exec] 	echo "$file"; \
     [exec] 	rm -f "$file"; \
     [exec] 	ln -s ptinvoke "$file"; \
     [exec] 	chmod a+x "$file"; \
     [exec] done
     [exec] .momllib-util
     [exec] .nc2moml-util
     [exec] .ncapp2moml-util
     [exec] capecode
     [exec] convertToLazy
     [exec] copernicus
     [exec] decompile
     [exec] emachine
     [exec] giottoc
     [exec] histogram
     [exec] homer
     [exec] jode
     [exec] mescal
     [exec] moml
     [exec] obfuscate
     [exec] ptcg
     [exec] ptcodegen
     [exec] ptexecute
     [exec] ptjacl
     [exec] ptjaclapp
     [exec] ptplot
     [exec] ptstartjini
     [exec] ptolemy
     [exec] ptweb
     [exec] pxgraph
     [exec] soot
     [exec] tinicomm
     [exec] tinic
     [exec] tiniconverter
     [exec] startjini.gui
     [exec] vergil
     [exec] rm -f makebat
     [exec] ln -s ptinvoke makebat
     [exec] rm -f ".momllib-util.bat"
     [exec] ./makebat -q "`basename .momllib-util.bat .bat`"
     [exec] rm -f ".nc2moml-util.bat"
     [exec] ./makebat -q "`basename .nc2moml-util.bat .bat`"
     [exec] rm -f ".ncapp2moml-util.bat"
     [exec] ./makebat -q "`basename .ncapp2moml-util.bat .bat`"
     [exec] rm -f "capecode.bat"
     [exec] ./makebat -q "`basename capecode.bat .bat`"
     [exec] rm -f "convertToLazy.bat"
     [exec] ./makebat -q "`basename convertToLazy.bat .bat`"
     [exec] rm -f "copernicus.bat"
     [exec] ./makebat -q "`basename copernicus.bat .bat`"
     [exec] rm -f "decompile.bat"
     [exec] ./makebat -q "`basename decompile.bat .bat`"
     [exec] rm -f "emachine.bat"
     [exec] ./makebat -q "`basename emachine.bat .bat`"
     [exec] rm -f "giottoc.bat"
     [exec] ./makebat -q "`basename giottoc.bat .bat`"
     [exec] rm -f "histogram.bat"
     [exec] ./makebat -q "`basename histogram.bat .bat`"
     [exec] rm -f "homer.bat"
     [exec] ./makebat -q "`basename homer.bat .bat`"
     [exec] rm -f "jode.bat"
     [exec] ./makebat -q "`basename jode.bat .bat`"
     [exec] rm -f "mescal.bat"
     [exec] ./makebat -q "`basename mescal.bat .bat`"
     [exec] LD_LIBRARY_PATH = /home/travis/build/icyphy/ptII/mescal/lib:/home/travis/build/icyphy/ptII/mescal/bin:/usr/local/lib:/home/travis/build/icyphy/ptII/lib:/home/travis/pthla/certi-tools/lib:/home/travis/pthla/certi-tools/lib:/usr/lib/jni:/usr/local/share/OpenCV/java/:/usr/share/OpenCV/java:
     [exec] rm -f "moml.bat"
     [exec] ./makebat -q "`basename moml.bat .bat`"
     [exec] rm -f "obfuscate.bat"
     [exec] ./makebat -q "`basename obfuscate.bat .bat`"
     [exec] rm -f "ptcg.bat"
     [exec] ./makebat -q "`basename ptcg.bat .bat`"
     [exec] rm -f "ptcodegen.bat"
     [exec] ./makebat -q "`basename ptcodegen.bat .bat`"
     [exec] rm -f "ptexecute.bat"
     [exec] ./makebat -q "`basename ptexecute.bat .bat`"
     [exec] rm -f "ptjacl.bat"
     [exec] ./makebat -q "`basename ptjacl.bat .bat`"
     [exec] rm -f "ptjaclapp.bat"
     [exec] ./makebat -q "`basename ptjaclapp.bat .bat`"
     [exec] rm -f "ptplot.bat"
     [exec] ./makebat -q "`basename ptplot.bat .bat`"
     [exec] rm -f "ptstartjini.bat"
     [exec] ./makebat -q "`basename ptstartjini.bat .bat`"
     [exec] rm -f "ptolemy.bat"
     [exec] ./makebat -q "`basename ptolemy.bat .bat`"
     [exec] rm -f "ptweb.bat"
     [exec] ./makebat -q "`basename ptweb.bat .bat`"
     [exec] rm -f "pxgraph.bat"
     [exec] ./makebat -q "`basename pxgraph.bat .bat`"
     [exec] rm -f "soot.bat"
     [exec] ./makebat -q "`basename soot.bat .bat`"
     [exec] rm -f "tinicomm.bat"
     [exec] ./makebat -q "`basename tinicomm.bat .bat`"
     [exec] rm -f "tinic.bat"
     [exec] ./makebat -q "`basename tinic.bat .bat`"
     [exec] rm -f "tiniconverter.bat"
     [exec] ./makebat -q "`basename tiniconverter.bat .bat`"
     [exec] rm -f "startjini.gui.bat"
     [exec] ./makebat -q "`basename startjini.gui.bat .bat`"
     [exec] Cloning into 'universalJavaApplicationStub'...
     [exec] rm -f "vergil.bat"
     [exec] ./makebat -q "`basename vergil.bat .bat`"
     [exec] rm -f makeapp
     [exec] ln -s ptinvoke makeapp
     [exec] chmod a+x ptinvoke makeapp
     [exec] ./makeapp CapeCode.app CAPECODE -capecode
     [exec] ./makeapp: /home/travis/build/icyphy/ptII/vendors/universalJavaApplicationStub/src/universalJavaApplicationStub does not exist, creating it from GitHub.
     [exec] Updating universalJavaApplicationStub from /home/travis/build/icyphy/ptII/vendors/universalJavaApplicationStub/src/universalJavaApplicationStub
     [exec] Unrecognized option: -d32
     [exec] Error: Could not create the Java Virtual Machine.
     [exec] Error: A fatal exception has occurred. Program will exit.
     [exec] configure: WARNING: Running java -d32 -version failed,
     [exec]     and ./bin/java does not exist.
     [exec]     Perhaps you need to install a separate 32-bit JVM
     [exec]     or rerun configure with --with-java32?
     [exec]     The 32-bit JVM is only needed for certain 32-bit FMI tests.
     [exec]     In general, under a 64-bit JVM, FMI will work fine without a 32-bit JVM.
     [exec] configure: WARNING: Cannot find '/usr/local/lib/jvm/openjdk11/bin/javaws'.
     [exec]     or '/Commands/javaws', looking in the path.
     [exec]     This is only a problem when testing the Java Webstart (JNLP) files.
     [exec] configure: WARNING: The javaws command "" is not executable or not found.
     [exec]     This is only a problem when testing the Java Webstart (JNLP) files.
     [exec] configure: WARNING: Failed to find /usr/local/include/boost/numeric/odeint.hpp
     [exec]     This is only a problem if you want to rebuild the Functional
     [exec]     Mock-up Interface ++ C files in actor/lib/fmi/fmipp.
     [exec]     Most users can use the shared libraries in /home/travis/build/icyphy/ptII/lib or /home/travis/build/icyphy/ptII/bin.
     [exec] configure: WARNING: Failed to find Checkstyle in /home/travis/build/icyphy/ptII/vendors/checkstyle-6.2
     [exec]     Checkstyle is only necessary for code cleaning.
     [exec]     Checkstyle is LGPL'd, so while it could be in the ptII repo, we don't add it.
     [exec]     Checkstyle may be downloaded from http://checkstyle.sourceforge.net/
     [exec] configure: WARNING: Did not find /home/travis/build/icyphy/ptII/vendors/misc/colt/colt.jar,
     [exec]     using /home/travis/build/icyphy/ptII/lib/ptcolt.jar
     [exec] CORBATest.java:28: error: package org.omg.CORBA does not exist
     [exec] import org.omg.CORBA.Object;
     [exec]                     ^
     [exec] CORBATest.java:46: error: package org.omg.CORBA does not exist
     [exec]     public static org.omg.CORBA.Object corbaObject = null;
     [exec]                                ^
     [exec] 2 errors
     [exec] configure: WARNING: '"/usr/local/lib/jvm/openjdk11/bin/javac" CORBATest.java' failed.
     [exec]     perhaps you are running an JDK 1.9?
     [exec]     You will not be able to run the ptolemy.actor.corba actors,
     [exec]     which is probably not a problem.
     [exec] configure: WARNING: Failed to find Cobertura in /home/travis/build/icyphy/ptII/vendors/corbertura-2.0.3
     [exec]     Cobertura is only necessary to for code coverage.
     [exec]     Cobertura is GPL'd, so we don't check it in to the ptII repository.
     [exec]     Cobertura may be downloaded from http://cobertura.github.io/cobertura/
     [exec] configure: WARNING: Failed to find CUnit in /usr/local or
     [exec]     /home/travis/build/icyphy/ptII/vendors/CUnit.
     [exec]     CUnit is only necessary to test the C templates of the code generation facility
     [exec] configure: WARNING: Could not find tools.jar, checking for classes.jar
     [exec] configure: WARNING: Could not find tools.jar or classes.jar in
     [exec]     PTJAVA_HOME = /usr/local/lib/jvm/openjdk11
     [exec]     Usually, tools.jar is in PTJAVA_HOME/../lib/tools.jar
     [exec]     or classes.jar is in PTJAVA_HOME/../Classes/classes.jar
     [exec]     Since tools.jar and classes.jar cannot be found,
     [exec]     we will not use doclets from ptII/doc/doclets, which
     [exec]     means that the actor documentation index system will not work.
     [exec] configure: WARNING: Failed to find /home/travis/build/icyphy/ptII/vendors/mbed/gcc-arm/bin/arm-none-eabi-gcc
     [exec]     so the Mbed CG facility will not be run.
     [exec] JAITest.java:32: error: package com.sun.image.codec.jpeg does not exist
     [exec] import com.sun.image.codec.jpeg.JPEGCodec;
     [exec]                                ^
     [exec] JAITest.java:28: error: package javax.media.jai does not exist
     [exec] import javax.media.jai.*;
     [exec] ^
     [exec] 2 errors
     [exec] configure: WARNING: JAI not found in the default classpath
     [exec] JAITest.java:32: error: package com.sun.image.codec.jpeg does not exist
     [exec] import com.sun.image.codec.jpeg.JPEGCodec;
     [exec]                                ^
     [exec] 1 error
     [exec] configure: WARNING: JAI not found in /home/travis/build/icyphy/ptII/vendors/jai-1_1_3
     [exec] configure: WARNING: '"/usr/local/lib/jvm/openjdk11/bin/javac" JAITest.java' failed and JAI jars were not found
     [exec]     in /home/travis/build/icyphy/ptII/vendors
     [exec]     perhaps the Java Advanced Imaging API is not installed?
     [exec] 
     [exec]     Note that JAI does not work in Java 9 and later because Java 9 removed
     [exec]     internal classes used by JAI.
     [exec]     See https://wiki.eecs.berkeley.edu/ptexternal/Main/JAI
     [exec] 
     [exec]     You need not download Jai unless you plan on using the video
     [exec]     actors in /home/travis/build/icyphy/ptII/ptolemy/actor/lib/jai
     [exec]     The JAI API can be downloaded from
     [exec]     http://www.oracle.com/technetwork/java/javasebusiness/downloads/java-archive-downloads-java-client-419417.html
     [exec] configure: WARNING: Failed to find /usr/local/jmodelica/include/jmi.h
     [exec]     which is part of JModelica.
     [exec]     Ptolemy optionally includes one or more FMUs that use JModelica.
     [exec]     To install JModelica, see https://svn.jmodelica.org/trunk/INSTALL
     [exec] JavaFXTest.java:28: error: package javafx.embed.swing does not exist
     [exec] import javafx.embed.swing.JFXPanel;
     [exec]                          ^
     [exec] JavaFXTest.java:29: error: package javafx.scene.media does not exist
     [exec] import javafx.scene.media.Media;
     [exec]                          ^
     [exec] JavaFXTest.java:49: error: cannot find symbol
     [exec]     public static JFXPanel fxPanel = null;
     [exec]                   ^
     [exec]   symbol:   class JFXPanel
     [exec]   location: class JavaFXTest
     [exec] 3 errors
     [exec] configure: WARNING: JavaFX not yet found
     [exec] JMFTest.java:28: error: package javax.media does not exist
     [exec] import javax.media.CaptureDeviceInfo;
     [exec]                   ^
     [exec] 1 error
     [exec] configure: WARNING: JMF not found in the default classpath, will check elsewhere next.
     [exec] Exception in thread "main" java.lang.RuntimeException: Could not load opencv_java320.
     [exec]     java.library.path = /home/travis/build/icyphy/ptII/lib:/home/travis/build/icyphy/ptII/lib:/home/travis/pthla/certi-tools/lib:/home/travis/pthla/certi-tools/lib:/usr/lib/jni:/usr/local/share/OpenCV/java/:/usr/share/OpenCV/java::/usr/java/packages/lib:/usr/lib64:/lib64:/lib:/usr/lib
     [exec] 	at OpenCVTest.main(OpenCVTest.java:79)
     [exec] Caused by: java.lang.UnsatisfiedLinkError: no opencv_java320 in java.library.path: [/home/travis/build/icyphy/ptII/lib, /home/travis/build/icyphy/ptII/lib, /home/travis/pthla/certi-tools/lib, /home/travis/pthla/certi-tools/lib, /usr/lib/jni, /usr/local/share/OpenCV/java/, /usr/share/OpenCV/java, ., /usr/java/packages/lib, /usr/lib64, /lib64, /lib, /usr/lib]
     [exec] 	at java.base/java.lang.ClassLoader.loadLibrary(ClassLoader.java:2660)
     [exec] 	at java.base/java.lang.Runtime.loadLibrary0(Runtime.java:829)
     [exec] 	at java.base/java.lang.System.loadLibrary(System.java:1867)
     [exec] 	at OpenCVTest.main(OpenCVTest.java:52)
     [exec] configure: WARNING: Failed to run OpenCV test program in /home/travis/build/icyphy/ptII/config with
     [exec]     /usr/local/lib/jvm/openjdk11/bin/java -classpath /home/travis/build/icyphy/ptII/lib/opencv-320.jar:. OpenCVTest
     [exec]     so we will try other jars.
     [exec] configure: WARNING: Could not find directory
     [exec]     '/home/travis/build/icyphy/ptII/vendors/sun/javacc-5.0'
     [exec]     so we search for the jjtree command.
     [exec] configure: WARNING: Failed to find jjtree
     [exec] configure: WARNING: Failed to find javacc, perhaps JavaCC is not installed?
     [exec]     You need not download JavaCC unless you plan on modifying .jjt files
     [exec]     in ptolemy/data/expr.
     [exec]     JavaCC is available from
     [exec]     https://javacc.org
     [exec] 
     [exec]     Note that the zip file that gets downloaded is actually an installer
     [exec]     that must be run to install the JavaCC.zip file that contains the classes.
     [exec] 
     [exec]     Note that JavaCC-4.1 and 4.2 will not work, there are problems with
     [exec]     ReInit() being static or not static.
     [exec] 
     [exec]     JavaCC-6.0 seems to not include the jjtree and javacc scripts, so
     [exec]     we recommend JavaCC-5.0.
     [exec] 
     [exec]     Try:
     [exec]     cd /home/travis/build/icyphy/ptII/vendors/sun
     [exec]     wget https://javacc.org/downloads/javacc-5.0.tar.gz
     [exec]     tar -zxf javacc-5.0.tar.gz
     [exec]     cd /home/travis/build/icyphy/ptII
     [exec]     ./configure
     [exec] 
     [exec]     Configure looks for JavaCC in /home/travis/build/icyphy/ptII/vendors/sun/javacc-5.0
     [exec]     so either install JavaCC in that location or use the --with-javacc= flag
     [exec]     and then rerun configure.'
     [exec] ls: cannot access '/home/travis/build/icyphy/ptII/vendors/jogl/lib/natives/linux-amd64/*.jar': No such file or directory
     [exec] configure: WARNING: /usr/local/lib/jvm/openjdk11/../include was not found.  As a result, compilation of JNI actors will fail.
     [exec] configure: WARNING: Failed to find matlab executable in the path.
     [exec]     Perhaps Matlab is not installed?
     [exec]     If Matlab is not present, then the Ptolemy II/Matlab interface in
     [exec]     $PTII/ptolemy/matlab will not be usable.
     [exec] configure: WARNING: Matlab was not found, but compiling the .java files in ptolemy/matlab/ should be ok.
     [exec] configure: WARNING: Failed to find the scalac binary,
     [exec]     so org/ptolemy/scala will be excluded
     [exec] SystemJar.main(): java.io.FileNotFoundException: /usr/local/lib/jvm/openjdk11/lib/rt.jar and /usr/local/lib/jvm/openjdk11/lib/core.jar and /usr/local/lib/jvm/openjdk11/../Classes/classes.jar either do not exist or are not readableSystemJar.main(): java.io.FileNotFoundException: /usr/local/lib/jvm/openjdk11/lib/rt.jar and /usr/local/lib/jvm/openjdk11/lib/core.jar and /usr/local/lib/jvm/openjdk11/../Classes/classes.jar either do not exist or are not readableconfigure: WARNING: ojdbc6.jar not found,
     [exec]     but only necessary to use database actors with Oracle.
     [exec]     If the mysql jar file is present, then the Oracle Java Database Connector is not necessary
     [exec]     To install ojdbc5.jar or ojdbc6.jar,
     [exec]     download it from https://www.oracle.com/technetwork/database/features/jdbc/jdbc-drivers-12c-download-1958347.html
     [exec]     copy it to ptolemy/actor/lib/database
     [exec]     and rerun ./configure
     [exec] configure: WARNING: Failed to find Batik Jar file
     [exec]     You need only have Batik if you are planning on rebuilding diva.jar
     [exec]     for use with Kepler.
     [exec]     Batik can be downloaded from http://xmlgraphics.apache.org/batik/,
     [exec]     batike-1.9/lib/batik-all-1.9.jar copied to /home/travis/build/icyphy/ptII/lib
     [exec]     and ./configure rerun.
     [exec] configure: WARNING: $TOSROOT is not set.  It must be set to use PtinyOS.
     [exec] configure: WARNING: $TOSROOT is set to '',
     [exec]      but there is no directory by that name, so we will not set up for PtinyOS.
     [exec]      For details, see /home/travis/build/icyphy/ptII/ptolemy/domains/ptinyos/README.txt.
     [exec] configure: WARNING: Failed to find giotto/gdk.jar
     [exec]     perhaps Giotto is not installed?
     [exec]     You need not download Giotto unless you plan on generating code for
     [exec]     Giotto models.
     [exec]     The Giotto SDK can be
     [exec]     downloaded from https://embedded.eecs.berkeley.edu/giotto/
     [exec]     Copy gdk.jar to /home/travis/build/icyphy/ptII/vendors/giotto, for example:
     [exec]         mkdir -p /home/travis/build/icyphy/ptII/vendors/giotto
     [exec]         cp C:/Program\ Files/Giotto*/gdk.jar /home/travis/build/icyphy/ptII/vendors/giotto/
     [exec] configure: WARNING: Failed to find boost/numeric/odeint.hpp, so FMI ++
     [exec]     will not be compiled. FMI++ is an extension of the
     [exec]     Functional Mockup Interface, see
     [exec]     http://sourceforge.net/p/fmipp/wiki/Home/
     [exec] Untaring /home/travis/build/icyphy/ptII/vendors/installer/MacJVM.tar.gz in /home/travis/build/icyphy/ptII/ now: Mon Jun  6 02:15:49 UTC 2022
     [exec] ./makeapp: Installation of /home/travis/build/icyphy/ptII/jdk succeeded.
     [exec] ./makeapp: copying /home/travis/build/icyphy/ptII/vendors/jogl to /home/travis/build/icyphy/ptII/bin
     [exec] touch CapeCode.app
     [exec] ./makeapp Vergil.app FULL -full
     [exec] Updating universalJavaApplicationStub from /home/travis/build/icyphy/ptII/vendors/universalJavaApplicationStub/src/universalJavaApplicationStub
     [exec] Untaring /home/travis/build/icyphy/ptII/vendors/installer/MacJVM.tar.gz in /home/travis/build/icyphy/ptII/ now: Mon Jun  6 02:15:51 UTC 2022
     [exec] ./makeapp: Installation of /home/travis/build/icyphy/ptII/jdk succeeded.
     [exec] touch Vergil.app
     [exec] chmod a+x ant cyphysim hyvisual startjini mkjnlp mkl4j mkosgi mkptdemo mkptlivelinkdemo mkpttest node npm ptjunit ptIITravisBuild.sh reloadAllAccessors updateFmu viptos 

build:

initReports:
    [mkdir] Created dir: /home/travis/build/icyphy/ptII/reports/doccheck
    [mkdir] Created dir: /home/travis/build/icyphy/ptII/reports/ojdcheck

test.export7.xml:
     [echo] 
     [echo]       ==test.export7.xml ==
     [echo]       This target runs the seventh batch of export demo tests
     [echo]       and generates JUnit xml output.
     [echo]       timeout = 4000000 milliseconds
     [echo]     
    [junit] +java --module-path /home/travis/build/icyphy/ptII/vendors/javafx/javafx-sdk-11.0.2/lib: --add-modules javafx.controls,javafx.swing,javafx.media, -Djava.net.preferIPv4Stack=true -Djavafx.verbose=true -Dprism.verbose=true -Dptolemy.ptII.dir=/home/travis/build/icyphy/ptII -Dptolemy.ptII.batchMode=true -Xmx3200m -classpath /home/travis/build/icyphy/ptII:/home/travis/build/icyphy/ptII/lib/asm-all-5.2.jar:/home/travis/build/icyphy/ptII/lib/nashorn-core-15.3.jar:/home/travis/build/icyphy/ptII/lib/bsh-2.0b4.jar:/home/travis/build/icyphy/ptII/lib/ptCal.jar:/home/travis/build/icyphy/ptII/lib/java_cup.jar:/home/travis/build/icyphy/ptII/lib/saxon8.jar:/home/travis/build/icyphy/ptII/lib/saxon8-dom.jar:/home/travis/build/icyphy/ptII/lib/chic.jar:/home/travis/build/icyphy/ptII/lib/ptcolt.jar:/home/travis/build/icyphy/ptII/vendors/misc/itext/iText.jar:/home/travis/build/icyphy/ptII/lib/g4ltl.jar:/home/travis/build/icyphy/ptII/lib/StructuralCoder.jar:/home/travis/build/icyphy/ptII/lib/jcerti.jar:/home/travis/build/icyphy/ptII/lib/javax.mail.jar:/home/travis/build/icyphy/ptII/vendors/JMF-2.1.1e/lib/jmf.jar:/home/travis/build/icyphy/ptII/lib/jna-4.0.0-variadic.jar:/home/travis/build/icyphy/ptII/vendors/misc/joystick/Joystick.jar:/home/travis/build/icyphy/ptII/lib/ptjacl.jar:/home/travis/build/icyphy/ptII/lib/jsoup-1.14.2.jar:/home/travis/build/icyphy/ptII/lib/junit-4.8.2.jar:/home/travis/build/icyphy/ptII/lib/JUnitParams-0.4.0.jar:/home/travis/build/icyphy/ptII/ptolemy/actor/lib/excel/jxl.jar:/home/travis/build/icyphy/ptII/lib/jython.jar:/home/travis/build/icyphy/ptII/lib/kieler.jar:/home/travis/build/icyphy/ptII/vendors/opencv/share/OpenCV/java/opencv-341.jar:/home/travis/build/icyphy/ptII/lib/oscP5.jar:/home/travis/build/icyphy/ptII/lib/nrjavaserial-3.11.0.devel.jar:/home/travis/build/icyphy/ptII/vendors/j3d/lib/Linux/j3dcore.jar:/home/travis/build/icyphy/ptII/vendors/j3d/lib/Linux/j3dutils.jar:/home/travis/build/icyphy/ptII/vendors/j3d/lib/Linux/vecmath.jar:/home/travis/build/icyphy/ptII/vendors/jogl/lib/Linux/gluegen-rt-natives-linux-amd64.jar:/home/travis/build/icyphy/ptII/vendors/jogl/lib/Linux/gluegen-rt.jar:/home/travis/build/icyphy/ptII/vendors/jogl/lib/Linux/jogl-all-natives-linux-amd64.jar:/home/travis/build/icyphy/ptII/vendors/jogl/lib/Linux/jogl-all.jar:/home/travis/build/icyphy/ptII/ptolemy/distributed/jini/jar/jini-core.jar:/home/travis/build/icyphy/ptII/ptolemy/distributed/jini/jar/jini-ext.jar:/home/travis/build/icyphy/ptII/ptolemy/distributed/jini/jar/sun-util.jar:/home/travis/build/icyphy/ptII/lib/protobuf-java-2.4.1.jar:/home/travis/build/icyphy/ptII/lib/org.eclipse.paho.client.mqttv3.jar:/home/travis/build/icyphy/ptII/lib/mapss.jar:/home/travis/build/icyphy/ptII/ptolemy/actor/ptalon/antlr/antlr.jar:/home/travis/build/icyphy/ptII/lib/JRI.jar:/home/travis/build/icyphy/ptII/lib/commons-lang-2.6.jar:/home/travis/build/icyphy/ptII/lib/commons-logging-1.1.1.jar:/home/travis/build/icyphy/ptII/lib/sootclasses.jar:/home/travis/build/icyphy/ptII/ptolemy/actor/lib/database/mysql-connector-java-8.0.26.jar:/home/travis/build/icyphy/ptII/vendors/misc/sphinx4/sphinx4-data-5prealpha.jar:/home/travis/build/icyphy/ptII/vendors/misc/sphinx4/sphinx4-core-5prealpha.jar:/home/travis/build/icyphy/ptII/lib/PDFRenderer.jar:/home/travis/build/icyphy/ptII/lib/svgSalamander.jar:/home/travis/build/icyphy/ptII/lib/rsyntaxtextarea-2.6.0-SNAPSHOT.jar:/home/travis/build/icyphy/ptII/lib/hazelcast-3.8.2.jar:/home/travis/build/icyphy/ptII/lib/jackson-annotations-2.9.0.jar:/home/travis/build/icyphy/ptII/lib/jackson-core-2.9.3.jar:/home/travis/build/icyphy/ptII/lib/jackson-databind-2.9.3.jar:/home/travis/build/icyphy/ptII/lib/netty-buffer-4.1.19.Final.jar:/home/travis/build/icyphy/ptII/lib/netty-codec-4.1.19.Final.jar:/home/travis/build/icyphy/ptII/lib/netty-codec-dns-4.1.19.Final.jar:/home/travis/build/icyphy/ptII/lib/netty-codec-http-4.1.19.Final.jar:/home/travis/build/icyphy/ptII/lib/netty-codec-http2-4.1.19.Final.jar:/home/travis/build/icyphy/ptII/lib/netty-common-4.1.19.Final.jar:/home/travis/build/icyphy/ptII/lib/netty-handler-4.1.19.Final.jar:/home/travis/build/icyphy/ptII/lib/netty-resolver-4.1.19.Final.jar:/home/travis/build/icyphy/ptII/lib/netty-resolver-dns-4.1.19.Final.jar:/home/travis/build/icyphy/ptII/lib/netty-transport-4.1.19.Final.jar:/home/travis/build/icyphy/ptII/lib/vertx-codegen-3.5.1.jar:/home/travis/build/icyphy/ptII/lib/vertx-core-3.5.2-SNAPSHOT.jar:/home/travis/build/icyphy/ptII/lib/vertx-hazelcast-3.5.1.jar:/home/travis/build/icyphy/ptII/lib/vertx-lang-js-3.5.1.jar:/home/travis/build/icyphy/ptII/lib/vertx-service-proxy-3.5.1.jar:/home/travis/build/icyphy/ptII/lib/vertx-web-3.5.1.jar:/home/travis/build/icyphy/ptII/lib/slf4j-api-1.7.13.jar:/home/travis/build/icyphy/ptII/lib/slf4j-simple-1.7.13.jar:/home/travis/build/icyphy/ptII/lib/webcam-capture-0.3.12.jar:/home/travis/build/icyphy/ptII/lib/bridj-0.7.0.jar:/home/travis/build/icyphy/ptII/lib/xbjlib-1.1.0.nrjavaserial.jar:/home/travis/build/icyphy/ptII/ptolemy/moml/test:/home/travis/build/icyphy/ptII/ant/lib/ant-launcher.jar:/home/travis/build/icyphy/ptII/ant/lib/ant.jar:/home/travis/build/icyphy/ptII/ant/lib/ant-junit.jar:/home/travis/build/icyphy/ptII/ant/lib/ant-junit4.jar org.apache.tools.ant.taskdefs.optional.junit.JUnitTestRunner ptolemy.vergil.basic.export.test.junit.ExportModelJUnitTestBatch7 skipNonTests=false filtertrace=true haltOnError=false haltOnFailure=false formatter=org.apache.tools.ant.taskdefs.optional.junit.OutErrSummaryJUnitResultFormatter showoutput=true outputtoformatters=true logfailedtests=true threadid=0 logtestlistenerevents=false formatter=org.apache.tools.ant.taskdefs.optional.junit.XMLJUnitResultFormatter,/home/travis/build/icyphy/ptII/reports/junit/TEST-ptolemy.vergil.basic.export.test.junit.ExportModelJUnitTestBatch7.xml crashfile=/home/travis/build/icyphy/ptII/junitvmwatcher14662533008170305611.properties propsfile=/home/travis/build/icyphy/ptII/junit4125464120015047962.properties
    [junit] javachdir: directory = ptolemy/vergil/basic/export/test
    [junit] javachdir: pwd: /home/travis/build/icyphy/ptII/ptolemy/vergil/basic/export/test  Invoking with -Djava.net.preferIPv4Stack=true
    [junit] ExportModeJUnitTestBatch: There are 744 demos. Exporting demos: 691 to 830.
    [junit] ExportModeJUnitTestBatch: There are 744 demos, which is less than the end index 691. Setting the end index to 743
    [junit] Running ptolemy.vergil.basic.export.test.junit.ExportModelJUnitTestBatch7
    [junit] ####### 1 Mon Jun 06 02:15:55 UTC 2022 $PTII/bin/ptinvoke ptolemy.vergil.basic.export.ExportModel -force htm -run -openComposites -timeOut 30000 -whiteBackground ptolemy/domains/sr/demo/TokenRing/TokenRing.xml $PTII/ptolemy/domains/sr/demo/TokenRing/TokenRing
    [junit] Running .TokenRing
    [junit] 116 ms. Memory: 164864K Free: 139340K (85%)
    [junit] Exported /home/travis/build/icyphy/ptII/ptolemy/domains/sr/demo/TokenRing/TokenRing/index.html
    [junit] 7407 ms. Memory: 164864K Free: 50252K (30%)
    [junit] ####### 2 Mon Jun 06 02:16:02 UTC 2022 $PTII/bin/ptinvoke ptolemy.vergil.basic.export.ExportModel -force htm -run -openComposites -timeOut 30000 -whiteBackground ptolemy/domains/sr/demo/TrafficLight/TrafficLight.xml $PTII/ptolemy/domains/sr/demo/TrafficLight/TrafficLight
    [junit] Running .TrafficLight
    [junit] ExportHTMLTimer went off after 30000 ms., calling getDirector().finish and getDirector().stopFire()
    [junit] 30002 ms. Memory: 198656K Free: 148046K (75%)
    [junit] Exported /home/travis/build/icyphy/ptII/ptolemy/domains/sr/demo/TrafficLight/TrafficLight/index.html
    [junit] 36110 ms. Memory: 198656K Free: 73413K (37%)
    [junit] ####### 3 Mon Jun 06 02:16:38 UTC 2022 $PTII/bin/ptinvoke ptolemy.vergil.basic.export.ExportModel -force htm -run -openComposites -timeOut 30000 -whiteBackground ptolemy/domains/sr/demo/TrafficLight/WirelessDeployment.xml $PTII/ptolemy/domains/sr/demo/TrafficLight/WirelessDeployment
    [junit] Running .WirelessDeployment
    [junit] ExportHTMLTimer went off after 30000 ms., calling getDirector().finish and getDirector().stopFire()
    [junit] 29999 ms. Memory: 198656K Free: 129880K (65%)
    [junit] Exported /home/travis/build/icyphy/ptII/ptolemy/domains/sr/demo/TrafficLight/WirelessDeployment/index.html
    [junit] 36222 ms. Memory: 198656K Free: 51491K (26%)
    [junit] ####### 4 Mon Jun 06 02:17:15 UTC 2022 $PTII/bin/ptinvoke ptolemy.vergil.basic.export.ExportModel -force htm -run -openComposites -timeOut 30000 -whiteBackground ptolemy/domains/taskpt/demo/SharedMemory/SharedMemory.xml $PTII/ptolemy/domains/taskpt/demo/SharedMemory/SharedMemory
    [junit] Running .SharedMemory
    [junit] 41 ms. Memory: 198656K Free: 84090K (42%)
    [junit] Exported /home/travis/build/icyphy/ptII/ptolemy/domains/taskpt/demo/SharedMemory/SharedMemory/index.html
    [junit] 4300 ms. Memory: 198656K Free: 30824K (16%)
    [junit] ####### 5 Mon Jun 06 02:17:19 UTC 2022 $PTII/bin/ptinvoke ptolemy.vergil.basic.export.ExportModel -force htm -run -openComposites -timeOut 30000 -whiteBackground ptolemy/domains/taskpt/demo/Task/Task.xml $PTII/ptolemy/domains/taskpt/demo/Task/Task
    [junit] Running .Task
    [junit] 38 ms. Memory: 198656K Free: 62122K (31%)
    [junit] Exported /home/travis/build/icyphy/ptII/ptolemy/domains/taskpt/demo/Task/Task/index.html
    [junit] 4312 ms. Memory: 198656K Free: 125081K (63%)
    [junit] ####### 6 Mon Jun 06 02:17:23 UTC 2022 $PTII/bin/ptinvoke ptolemy.vergil.basic.export.ExportModel -force htm -run -openComposites -timeOut 30000 -whiteBackground ptolemy/domains/tcs/demo/TCS/TCS.xml $PTII/ptolemy/domains/tcs/demo/TCS/TCS
    [junit] Running .TCS
    [junit] ExportHTMLTimer went off after 30000 ms., calling getDirector().finish and getDirector().stopFire()
    [junit] 30001 ms. Memory: 238592K Free: 85112K (36%)
    [junit] Exported /home/travis/build/icyphy/ptII/ptolemy/domains/tcs/demo/TCS/TCS/index.html
    [junit] 35438 ms. Memory: 238592K Free: 148902K (62%)
    [junit] ####### 7 Mon Jun 06 02:17:59 UTC 2022 $PTII/bin/ptinvoke ptolemy.vergil.basic.export.ExportModel -force htm -run -openComposites -timeOut 30000 -whiteBackground ptolemy/domains/tm/demo/Controllers/Controllers.xml $PTII/ptolemy/domains/tm/demo/Controllers/Controllers
    [junit] Running .Controllers
    [junit] 1336 ms. Memory: 238592K Free: 72896K (31%)
    [junit] Exported /home/travis/build/icyphy/ptII/ptolemy/domains/tm/demo/Controllers/Controllers/index.html
    [junit] 6030 ms. Memory: 238592K Free: 78847K (33%)
    [junit] ####### 8 Mon Jun 06 02:18:05 UTC 2022 $PTII/bin/ptinvoke ptolemy.vergil.basic.export.ExportModel -force htm -run -openComposites -timeOut 30000 -whiteBackground ptolemy/domains/tm/demo/FFT/FFT.xml $PTII/ptolemy/domains/tm/demo/FFT/FFT
    [junit] Running .FFT
    [junit] 10105 ms. Memory: 238592K Free: 78389K (33%)
    [junit] Exported /home/travis/build/icyphy/ptII/ptolemy/domains/tm/demo/FFT/FFT/index.html
    [junit] 14469 ms. Memory: 238592K Free: 77293K (32%)
    [junit] ####### 9 Mon Jun 06 02:18:19 UTC 2022 $PTII/bin/ptinvoke ptolemy.vergil.basic.export.ExportModel -force htm -run -openComposites -timeOut 30000 -whiteBackground ptolemy/domains/tm/demo/MergedEvents/MergedEvents.xml $PTII/ptolemy/domains/tm/demo/MergedEvents/MergedEvents
    [junit] Running .MergedEvents
    [junit] ExportHTMLTimer went off after 30000 ms., calling getDirector().finish and getDirector().stopFire()
    [junit] 30041 ms. Memory: 238592K Free: 117826K (49%)
    [junit] Exported /home/travis/build/icyphy/ptII/ptolemy/domains/tm/demo/MergedEvents/MergedEvents/index.html
    [junit] 34398 ms. Memory: 238592K Free: 149816K (63%)
    [junit] ####### 10 Mon Jun 06 02:18:54 UTC 2022 $PTII/bin/ptinvoke ptolemy.vergil.basic.export.ExportModel -force htm -run -openComposites -timeOut 30000 -whiteBackground ptolemy/domains/tm/demo/SimpleTasks/SimpleTasks.xml $PTII/ptolemy/domains/tm/demo/SimpleTasks/SimpleTasks
    [junit] Running .SimpleTasks
    [junit] 14 ms. Memory: 238592K Free: 65905K (28%)
    [junit] Exported /home/travis/build/icyphy/ptII/ptolemy/domains/tm/demo/SimpleTasks/SimpleTasks/index.html
    [junit] 4226 ms. Memory: 238592K Free: 159956K (67%)
    [junit] ####### 11 Mon Jun 06 02:18:58 UTC 2022 $PTII/bin/ptinvoke ptolemy.vergil.basic.export.ExportModel -force htm -run -openComposites -timeOut 30000 -whiteBackground ptolemy/domains/wireless/demo/AntennaPattern/AntennaGainTest.xml $PTII/ptolemy/domains/wireless/demo/AntennaPattern/AntennaGainTest
    [junit] Running .AntennaGainTest
    [junit] 392 ms. Memory: 238592K Free: 147978K (62%)
    [junit] Exported /home/travis/build/icyphy/ptII/ptolemy/domains/wireless/demo/AntennaPattern/AntennaGainTest/index.html
    [junit] 4894 ms. Memory: 238592K Free: 134081K (56%)
    [junit] ####### 12 Mon Jun 06 02:19:03 UTC 2022 $PTII/bin/ptinvoke ptolemy.vergil.basic.export.ExportModel -force htm  -openComposites -timeOut 30000 -whiteBackground ptolemy/domains/wireless/demo/AntennaPattern/AntennaModel.xml $PTII/ptolemy/domains/wireless/demo/AntennaPattern/AntennaModel
    [junit] Warning: not running ptolemy/domains/wireless/demo/AntennaPattern/AntennaModel.xml. See ptolemy/vergil/basic/export/test/junit/ExportModelJUnitTest.java
    [junit] Exported /home/travis/build/icyphy/ptII/ptolemy/domains/wireless/demo/AntennaPattern/AntennaModel/index.html
    [junit] 3358 ms. Memory: 238592K Free: 137250K (58%)
    [junit] ####### 13 Mon Jun 06 02:19:06 UTC 2022 $PTII/bin/ptinvoke ptolemy.vergil.basic.export.ExportModel -force htm  -openComposites -timeOut 30000 -whiteBackground ptolemy/domains/wireless/demo/AntennaPattern/AntennaPattern.xml $PTII/ptolemy/domains/wireless/demo/AntennaPattern/AntennaPattern
    [junit] Warning: not running ptolemy/domains/wireless/demo/AntennaPattern/AntennaPattern.xml. See ptolemy/vergil/basic/export/test/junit/ExportModelJUnitTest.java
    [junit] Exported /home/travis/build/icyphy/ptII/ptolemy/domains/wireless/demo/AntennaPattern/AntennaPattern/index.html
    [junit] 3189 ms. Memory: 238592K Free: 153322K (64%)
    [junit] ####### 14 Mon Jun 06 02:19:09 UTC 2022 $PTII/bin/ptinvoke ptolemy.vergil.basic.export.ExportModel -force htm  -openComposites -timeOut 30000 -whiteBackground ptolemy/domains/wireless/demo/AntennaPattern/ReceiveAntennaPattern.xml $PTII/ptolemy/domains/wireless/demo/AntennaPattern/ReceiveAntennaPattern
    [junit] Warning: not running ptolemy/domains/wireless/demo/AntennaPattern/ReceiveAntennaPattern.xml. See ptolemy/vergil/basic/export/test/junit/ExportModelJUnitTest.java
    [junit] Exported /home/travis/build/icyphy/ptII/ptolemy/domains/wireless/demo/AntennaPattern/ReceiveAntennaPattern/index.html
    [junit] 3758 ms. Memory: 238592K Free: 26024K (11%)
    [junit] ####### 15 Mon Jun 06 02:19:13 UTC 2022 $PTII/bin/ptinvoke ptolemy.vergil.basic.export.ExportModel -force htm  -openComposites -timeOut 30000 -whiteBackground ptolemy/domains/wireless/demo/AntennaPattern/TransmitAntennaPattern.xml $PTII/ptolemy/domains/wireless/demo/AntennaPattern/TransmitAntennaPattern
    [junit] Warning: not running ptolemy/domains/wireless/demo/AntennaPattern/TransmitAntennaPattern.xml. See ptolemy/vergil/basic/export/test/junit/ExportModelJUnitTest.java
    [junit] Exported /home/travis/build/icyphy/ptII/ptolemy/domains/wireless/demo/AntennaPattern/TransmitAntennaPattern/index.html
    [junit] 3568 ms. Memory: 238592K Free: 28458K (12%)
    [junit] ####### 16 Mon Jun 06 02:19:17 UTC 2022 $PTII/bin/ptinvoke ptolemy.vergil.basic.export.ExportModel -force htm -run -openComposites -timeOut 30000 -whiteBackground ptolemy/domains/wireless/demo/CircularRange/CircularRange.xml $PTII/ptolemy/domains/wireless/demo/CircularRange/CircularRange
    [junit] Running .CircularRange
    [junit] ExportHTMLTimer went off after 30000 ms., calling getDirector().finish and getDirector().stopFire()
    [junit] 30001 ms. Memory: 238592K Free: 149708K (63%)
    [junit] Exported /home/travis/build/icyphy/ptII/ptolemy/domains/wireless/demo/CircularRange/CircularRange/index.html
    [junit] 34395 ms. Memory: 238592K Free: 96207K (40%)
    [junit] ####### 17 Mon Jun 06 02:19:51 UTC 2022 $PTII/bin/ptinvoke ptolemy.vergil.basic.export.ExportModel -force htm -run -openComposites -timeOut 30000 -whiteBackground ptolemy/domains/wireless/demo/Collisions/Collisions.xml $PTII/ptolemy/domains/wireless/demo/Collisions/Collisions
    [junit] Running .Collisions
    [junit] 20029 ms. Memory: 238592K Free: 45915K (19%)
    [junit] Exported /home/travis/build/icyphy/ptII/ptolemy/domains/wireless/demo/Collisions/Collisions/index.html
    [junit] 24732 ms. Memory: 238592K Free: 47624K (20%)
    [junit] ####### 18 Mon Jun 06 02:20:16 UTC 2022 $PTII/bin/ptinvoke ptolemy.vergil.basic.export.ExportModel -force htm -run -openComposites -timeOut 30000 -whiteBackground ptolemy/domains/wireless/demo/Collisions/CollisionsDeterministic.xml $PTII/ptolemy/domains/wireless/demo/Collisions/CollisionsDeterministic
    [junit] Running .CollisionsDeterministic
    [junit] 43 ms. Memory: 238592K Free: 139859K (59%)
    [junit] Exported /home/travis/build/icyphy/ptII/ptolemy/domains/wireless/demo/Collisions/CollisionsDeterministic/index.html
    [junit] 4569 ms. Memory: 238592K Free: 89702K (38%)
    [junit] ####### 19 Mon Jun 06 02:20:20 UTC 2022 $PTII/bin/ptinvoke ptolemy.vergil.basic.export.ExportModel -force htm -run -openComposites -timeOut 30000 -whiteBackground ptolemy/domains/wireless/demo/EvaderAndPursuer/EvaderAndPursuer.xml $PTII/ptolemy/domains/wireless/demo/EvaderAndPursuer/EvaderAndPursuer
    [junit] Running .EvaderAndPursuer
    [junit] ExportHTMLTimer went off after 30000 ms., calling getDirector().finish and getDirector().stopFire()
    [junit] 30000 ms. Memory: 238592K Free: 95989K (40%)
    [junit] Exported /home/travis/build/icyphy/ptII/ptolemy/domains/wireless/demo/EvaderAndPursuer/EvaderAndPursuer/index.html
    [junit] 34706 ms. Memory: 238592K Free: 79455K (33%)
    [junit] ####### 20 Mon Jun 06 02:20:55 UTC 2022 $PTII/bin/ptinvoke ptolemy.vergil.basic.export.ExportModel -force htm -run -openComposites -timeOut 30000 -whiteBackground ptolemy/domains/wireless/demo/Intersections/Intersections.xml $PTII/ptolemy/domains/wireless/demo/Intersections/Intersections
    [junit] Running .Intersections
    [junit] ExportHTMLTimer went off after 30000 ms., calling getDirector().finish and getDirector().stopFire()
    [junit] 30003 ms. Memory: 1466368K Free: 844798K (58%)
    [junit] Exported /home/travis/build/icyphy/ptII/ptolemy/domains/wireless/demo/Intersections/Intersections/index.html
    [junit] 70896 ms. Memory: 1466368K Free: 518911K (35%)
    [junit] ####### 21 Mon Jun 06 02:22:06 UTC 2022 $PTII/bin/ptinvoke ptolemy.vergil.basic.export.ExportModel -force htm -run -openComposites -timeOut 30000 -whiteBackground ptolemy/domains/wireless/demo/LinkVisualizer/LinkVisualizer.xml $PTII/ptolemy/domains/wireless/demo/LinkVisualizer/LinkVisualizer
    [junit] Running .LinkVisualizer
    [junit] 20028 ms. Memory: 1466368K Free: 1082492K (74%)
    [junit] Exported /home/travis/build/icyphy/ptII/ptolemy/domains/wireless/demo/LinkVisualizer/LinkVisualizer/index.html
    [junit] 24241 ms. Memory: 1466368K Free: 946419K (65%)
    [junit] ####### 22 Mon Jun 06 02:22:30 UTC 2022 $PTII/bin/ptinvoke ptolemy.vergil.basic.export.ExportModel -force htm  -openComposites -timeOut 30000 -whiteBackground ptolemy/domains/wireless/demo/MatlabWirelessSoundDetection/MatlabWirelessSoundDetection.xml $PTII/ptolemy/domains/wireless/demo/MatlabWirelessSoundDetection/MatlabWirelessSoundDetection
    [junit] Warning: not running ptolemy/domains/wireless/demo/MatlabWirelessSoundDetection/MatlabWirelessSoundDetection.xml. See ptolemy/vergil/basic/export/test/junit/ExportModelJUnitTest.java
    [junit] Exported /home/travis/build/icyphy/ptII/ptolemy/domains/wireless/demo/MatlabWirelessSoundDetection/MatlabWirelessSoundDetection/index.html
    [junit] 3316 ms. Memory: 1466368K Free: 652008K (44%)
    [junit] ####### 23 Mon Jun 06 02:22:33 UTC 2022 $PTII/bin/ptinvoke ptolemy.vergil.basic.export.ExportModel -force htm -run -openComposites -timeOut 30000 -whiteBackground ptolemy/domains/wireless/demo/PowerVariability/PowerVariability.xml $PTII/ptolemy/domains/wireless/demo/PowerVariability/PowerVariability
    [junit] Running .PowerVariability
    [junit] 25013 ms. Memory: 1466368K Free: 559361K (38%)
    [junit] Exported /home/travis/build/icyphy/ptII/ptolemy/domains/wireless/demo/PowerVariability/PowerVariability/index.html
    [junit] 29280 ms. Memory: 1466368K Free: 386269K (26%)
    [junit] ####### 24 Mon Jun 06 02:23:03 UTC 2022 $PTII/bin/ptinvoke ptolemy.vergil.basic.export.ExportModel -force htm -run -openComposites -timeOut 30000 -whiteBackground ptolemy/domains/wireless/demo/SmallWorld/SmallWorld.xml $PTII/ptolemy/domains/wireless/demo/SmallWorld/SmallWorld
    [junit] Running .SmallWorld
    [junit] 137 ms. Memory: 1466368K Free: 1219329K (83%)
    [junit] Exported /home/travis/build/icyphy/ptII/ptolemy/domains/wireless/demo/SmallWorld/SmallWorld/index.html
    [junit] 5383 ms. Memory: 1466368K Free: 1097465K (75%)
    [junit] ####### 25 Mon Jun 06 02:23:08 UTC 2022 $PTII/bin/ptinvoke ptolemy.vergil.basic.export.ExportModel -force htm -run -openComposites -timeOut 30000 -whiteBackground ptolemy/domains/wireless/demo/SmartParking/SmartParking.xml $PTII/ptolemy/domains/wireless/demo/SmartParking/SmartParking
    [junit] Running .SmartParking
    [junit] ExportHTMLTimer went off after 30000 ms., calling getDirector().finish and getDirector().stopFire()
    [junit] 30001 ms. Memory: 1466368K Free: 1195642K (82%)
    [junit] Exported /home/travis/build/icyphy/ptII/ptolemy/domains/wireless/demo/SmartParking/SmartParking/index.html
    [junit] 34769 ms. Memory: 1466368K Free: 1039469K (71%)
    [junit] ####### 26 Mon Jun 06 02:23:43 UTC 2022 $PTII/bin/ptinvoke ptolemy.vergil.basic.export.ExportModel -force htm -run -openComposites -timeOut 30000 -whiteBackground ptolemy/domains/wireless/demo/TerrainModel/TerrainModel.xml $PTII/ptolemy/domains/wireless/demo/TerrainModel/TerrainModel
    [junit] Running .TerrainModel
    [junit] ExportHTMLTimer went off after 30000 ms., calling getDirector().finish and getDirector().stopFire()
    [junit] 30001 ms. Memory: 1466368K Free: 929914K (63%)
    [junit] Exported /home/travis/build/icyphy/ptII/ptolemy/domains/wireless/demo/TerrainModel/TerrainModel/index.html
    [junit] 34196 ms. Memory: 1466368K Free: 814189K (56%)
    [junit] ####### 27 Mon Jun 06 02:24:17 UTC 2022 $PTII/bin/ptinvoke ptolemy.vergil.basic.export.ExportModel -force htm -run -openComposites -timeOut 30000 -whiteBackground ptolemy/domains/wireless/demo/WirelessSoundDetection/WirelessSoundDetection.xml $PTII/ptolemy/domains/wireless/demo/WirelessSoundDetection/WirelessSoundDetection
    [junit] Running .WirelessSoundDetection
    [junit] ExportHTMLTimer went off after 30000 ms., calling getDirector().finish and getDirector().stopFire()
    [junit] 29998 ms. Memory: 1466368K Free: 660604K (45%)
    [junit] Exported /home/travis/build/icyphy/ptII/ptolemy/domains/wireless/demo/WirelessSoundDetection/WirelessSoundDetection/index.html
    [junit] 34263 ms. Memory: 1466368K Free: 528480K (36%)
    [junit] ####### 28 Mon Jun 06 02:24:51 UTC 2022 $PTII/bin/ptinvoke ptolemy.vergil.basic.export.ExportModel -force htm -run -openComposites -timeOut 30000 -whiteBackground ptolemy/domains/wireless/demo/Zigbee/Zigbee.xml $PTII/ptolemy/domains/wireless/demo/Zigbee/Zigbee
    [junit] Running .Zigbee
    [junit] 2935 ms. Memory: 1466368K Free: 912567K (62%)
    [junit] Exported /home/travis/build/icyphy/ptII/ptolemy/domains/wireless/demo/Zigbee/Zigbee/index.html
    [junit] 32766 ms. Memory: 1466368K Free: 1070738K (73%)
    [junit] ####### 29 Mon Jun 06 02:25:24 UTC 2022 $PTII/bin/ptinvoke ptolemy.vergil.basic.export.ExportModel -force htm  -openComposites -timeOut 30000 -whiteBackground ptolemy/matlab/demo/MatlabContinuous/MatlabContinuous.xml $PTII/ptolemy/matlab/demo/MatlabContinuous/MatlabContinuous
    [junit] Warning: not running ptolemy/matlab/demo/MatlabContinuous/MatlabContinuous.xml. See ptolemy/vergil/basic/export/test/junit/ExportModelJUnitTest.java
    [junit] Exported /home/travis/build/icyphy/ptII/ptolemy/matlab/demo/MatlabContinuous/MatlabContinuous/index.html
    [junit] 3117 ms. Memory: 1466368K Free: 912017K (62%)
    [junit] ####### 30 Mon Jun 06 02:25:27 UTC 2022 $PTII/bin/ptinvoke ptolemy.vergil.basic.export.ExportModel -force htm  -openComposites -timeOut 30000 -whiteBackground ptolemy/matlab/demo/MatlabExpression/MatlabExpression.xml $PTII/ptolemy/matlab/demo/MatlabExpression/MatlabExpression
    [junit] Warning: not running ptolemy/matlab/demo/MatlabExpression/MatlabExpression.xml. See ptolemy/vergil/basic/export/test/junit/ExportModelJUnitTest.java
    [junit] Exported /home/travis/build/icyphy/ptII/ptolemy/matlab/demo/MatlabExpression/MatlabExpression/index.html
    [junit] 3103 ms. Memory: 1466368K Free: 753790K (51%)
    [junit] ####### 31 Mon Jun 06 02:25:30 UTC 2022 $PTII/bin/ptinvoke ptolemy.vergil.basic.export.ExportModel -force htm -run -openComposites -timeOut 30000 -whiteBackground ptolemy/moml/demo/Networked/Networked.xml $PTII/ptolemy/moml/demo/Networked/Networked
    [junit] Running .Networked
    [junit] 30 ms. Memory: 1466368K Free: 610969K (42%)
    [junit] Exported /home/travis/build/icyphy/ptII/ptolemy/moml/demo/Networked/Networked/index.html
    [junit] 6411 ms. Memory: 1466368K Free: 516761K (35%)
    [junit] ####### 32 Mon Jun 06 02:25:37 UTC 2022 $PTII/bin/ptinvoke ptolemy.vergil.basic.export.ExportModel -force htm -run -openComposites -timeOut 30000 -whiteBackground ptolemy/vergil/basic/export/html/demo/ExportExamples/ExportExample1.xml $PTII/ptolemy/vergil/basic/export/html/demo/ExportExamples/ExportExample1
    [junit] Model ".ExportExample1" contains actors such cannot be run  as part of the export process from ExportModel or it has a WebExportParameters value that runBeforeExport set to false. To export run this model and export it, use vergil.
    [junit] Exported /home/travis/build/icyphy/ptII/ptolemy/vergil/basic/export/html/demo/ExportExamples/ExportExample1/index.html
    [junit] 3186 ms. Memory: 1466368K Free: 379012K (26%)
    [junit] ####### 33 Mon Jun 06 02:25:40 UTC 2022 $PTII/bin/ptinvoke ptolemy.vergil.basic.export.ExportModel -force htm -run -openComposites -timeOut 30000 -whiteBackground ptolemy/vergil/basic/export/html/demo/ExportExamples/ExportExample2.xml $PTII/ptolemy/vergil/basic/export/html/demo/ExportExamples/ExportExample2
    [junit] Running .ExportExample2
    [junit] 7 ms. Memory: 1466368K Free: 1077846K (74%)
    [junit] Exported /home/travis/build/icyphy/ptII/ptolemy/vergil/basic/export/html/demo/ExportExamples/ExportExample2/index.html
    [junit] Unable to export to web.
    [junit] java.util.ConcurrentModificationException
    [junit] 	at java.base/java.util.LinkedList$ListItr.checkForComodification(LinkedList.java:970)
    [junit] 	at java.base/java.util.LinkedList$ListItr.next(LinkedList.java:892)
    [junit] 	at java.base/java.util.Collections$UnmodifiableCollection$1.next(Collections.java:1045)
    [junit] 	at ptolemy.vergil.basic.export.web.DefaultIconScript._provideAttributes(DefaultIconScript.java:196)
    [junit] 	at ptolemy.vergil.basic.export.web.WebContent.provideContent(WebContent.java:176)
    [junit] 	at ptolemy.vergil.basic.export.html.ExportHTMLAction.writeHTML(ExportHTMLAction.java:745)
    [junit] 	at ptolemy.vergil.basic.BasicGraphFrame.writeHTML(BasicGraphFrame.java:1657)
    [junit] 	at ptolemy.vergil.basic.export.html.ExportHTMLAction$1$1.run(ExportHTMLAction.java:559)
    [junit] 	at java.desktop/java.awt.event.InvocationEvent.dispatch(InvocationEvent.java:313)
    [junit] 	at java.desktop/java.awt.EventQueue.dispatchEventImpl(EventQueue.java:770)
    [junit] 	at java.desktop/java.awt.EventQueue$4.run(EventQueue.java:721)
    [junit] 	at java.desktop/java.awt.EventQueue$4.run(EventQueue.java:715)
    [junit] 	at java.base/java.security.AccessController.doPrivileged(Native Method)
    [junit] 	at java.base/java.security.ProtectionDomain$JavaSecurityAccessImpl.doIntersectionPrivilege(ProtectionDomain.java:85)
    [junit] 	at java.desktop/java.awt.EventQueue.dispatchEvent(EventQueue.java:740)
    [junit] 	at java.desktop/java.awt.EventDispatchThread.pumpOneEventForFilters(EventDispatchThread.java:203)
    [junit] 	at java.desktop/java.awt.EventDispatchThread.pumpEventsForFilter(EventDispatchThread.java:124)
    [junit] 	at java.desktop/java.awt.EventDispatchThread.pumpEventsForHierarchy(EventDispatchThread.java:113)
    [junit] 	at java.desktop/java.awt.EventDispatchThread.pumpEvents(EventDispatchThread.java:109)
    [junit] 	at java.desktop/java.awt.EventDispatchThread.pumpEvents(EventDispatchThread.java:101)
    [junit] 	at java.desktop/java.awt.EventDispatchThread.run(EventDispatchThread.java:90)
    [junit] Jun 06, 2022 2:25:43 AM sun.awt.X11.XToolkit processException
    [junit] WARNING: Exception on Toolkit thread
    [junit] java.lang.NullPointerException
    [junit] 	at java.desktop/java.awt.Component$BltBufferStrategy.contentsLost(Component.java:4584)
    [junit] 	at java.desktop/java.awt.Component$BltSubRegionBufferStrategy.showIfNotLost(Component.java:4647)
    [junit] 	at java.desktop/javax.swing.BufferStrategyPaintManager.show(BufferStrategyPaintManager.java:208)
    [junit] 	at java.desktop/javax.swing.RepaintManager.show(RepaintManager.java:1430)
    [junit] 	at java.desktop/javax.swing.SwingPaintEventDispatcher.createPaintEvent(SwingPaintEventDispatcher.java:61)
    [junit] 	at java.desktop/sun.awt.X11.XWindow.postPaintEvent(XWindow.java:568)
    [junit] 	at java.desktop/sun.awt.X11.XContentWindow.postPaintEvent(XContentWindow.java:180)
    [junit] 	at java.desktop/sun.awt.X11.XWindow.handleExposeEvent(XWindow.java:562)
    [junit] 	at java.desktop/sun.awt.X11.XContentWindow.handleExposeEvent(XContentWindow.java:151)
    [junit] 	at java.desktop/sun.awt.X11.XBaseWindow.dispatchEvent(XBaseWindow.java:1132)
    [junit] 	at java.desktop/sun.awt.X11.XBaseWindow.dispatchToWindow(XBaseWindow.java:1108)
    [junit] 	at java.desktop/sun.awt.X11.XToolkit.dispatchEvent(XToolkit.java:621)
    [junit] 	at java.desktop/sun.awt.X11.XToolkit.run(XToolkit.java:736)
    [junit] 	at java.desktop/sun.awt.X11.XToolkit.run(XToolkit.java:652)
    [junit] 	at java.base/java.lang.Thread.run(Thread.java:834)
    [junit] 
    [junit] 4218 ms. Memory: 1466368K Free: 1041300K (71%)
    [junit] ####### 34 Mon Jun 06 02:25:44 UTC 2022 $PTII/bin/ptinvoke ptolemy.vergil.basic.export.ExportModel -force htm -run -openComposites -timeOut 30000 -whiteBackground ptolemy/vergil/basic/export/html/demo/ExportExamples/ExportExample3.xml $PTII/ptolemy/vergil/basic/export/html/demo/ExportExamples/ExportExample3
    [junit] Model ".ExportExample3" contains actors such cannot be run  as part of the export process from ExportModel or it has a WebExportParameters value that runBeforeExport set to false. To export run this model and export it, use vergil.
    [junit] Exported /home/travis/build/icyphy/ptII/ptolemy/vergil/basic/export/html/demo/ExportExamples/ExportExample3/index.html
    [junit] 3244 ms. Memory: 1466368K Free: 930749K (63%)
    [junit] ####### 35 Mon Jun 06 02:25:47 UTC 2022 $PTII/bin/ptinvoke ptolemy.vergil.basic.export.ExportModel -force htm -run -openComposites -timeOut 30000 -whiteBackground ptolemy/vergil/basic/export/html/demo/ExportExamples/ExportExample4.xml $PTII/ptolemy/vergil/basic/export/html/demo/ExportExamples/ExportExample4
    [junit] Model ".ExportExample4" contains actors such cannot be run  as part of the export process from ExportModel or it has a WebExportParameters value that runBeforeExport set to false. To export run this model and export it, use vergil.
    [junit] Exported /home/travis/build/icyphy/ptII/ptolemy/vergil/basic/export/html/demo/ExportExamples/ExportExample4/index.html
    [junit] 3152 ms. Memory: 1466368K Free: 820650K (56%)
    [junit] ####### 36 Mon Jun 06 02:25:51 UTC 2022 $PTII/bin/ptinvoke ptolemy.vergil.basic.export.ExportModel -force htm -run -openComposites -timeOut 30000 -whiteBackground ptolemy/vergil/basic/export/html/demo/ExportExamples/ExportExample5.xml $PTII/ptolemy/vergil/basic/export/html/demo/ExportExamples/ExportExample5
    [junit] Running .ExportExample5
    [junit] 25 ms. Memory: 1466368K Free: 727987K (50%)
    [junit] Exported /home/travis/build/icyphy/ptII/ptolemy/vergil/basic/export/html/demo/ExportExamples/ExportExample5/index.html
    [junit] 4220 ms. Memory: 1466368K Free: 652206K (44%)
    [junit] ####### 37 Mon Jun 06 02:25:55 UTC 2022 $PTII/bin/ptinvoke ptolemy.vergil.basic.export.ExportModel -force htm  -openComposites -timeOut 30000 -whiteBackground ptolemy/vergil/basic/export/html/demo/ExportExamples/ExportExamples.xml $PTII/ptolemy/vergil/basic/export/html/demo/ExportExamples/ExportExamples
    [junit] Warning: not running ptolemy/vergil/basic/export/html/demo/ExportExamples/ExportExamples.xml. See ptolemy/vergil/basic/export/test/junit/ExportModelJUnitTest.java
    [junit] Exported /home/travis/build/icyphy/ptII/ptolemy/vergil/basic/export/html/demo/ExportExamples/ExportExamples/index.html
    [junit] 3148 ms. Memory: 1466368K Free: 536509K (37%)
    [junit] ####### 38 Mon Jun 06 02:25:58 UTC 2022 $PTII/bin/ptinvoke ptolemy.vergil.basic.export.ExportModel -force htm  -openComposites -timeOut 30000 -whiteBackground ptolemy/vergil/basic/export/html/demo/PageAssembler/PageAssembler.xml $PTII/ptolemy/vergil/basic/export/html/demo/PageAssembler/PageAssembler
    [junit] Warning: not running ptolemy/vergil/basic/export/html/demo/PageAssembler/PageAssembler.xml. See ptolemy/vergil/basic/export/test/junit/ExportModelJUnitTest.java
    [junit] Exported /home/travis/build/icyphy/ptII/ptolemy/vergil/basic/export/html/demo/PageAssembler/PageAssembler/index.html
    [junit] 3149 ms. Memory: 1466368K Free: 381359K (26%)
    [junit] ####### 39 Mon Jun 06 02:26:01 UTC 2022 $PTII/bin/ptinvoke ptolemy.vergil.basic.export.ExportModel -force htm  -openComposites -timeOut 30000 -whiteBackground ptolemy/vergil/basic/imprt/g4ltl/demo/Arbitor/Arbitor.xml $PTII/ptolemy/vergil/basic/imprt/g4ltl/demo/Arbitor/Arbitor
    [junit] Warning: not running ptolemy/vergil/basic/imprt/g4ltl/demo/Arbitor/Arbitor.xml. See ptolemy/vergil/basic/export/test/junit/ExportModelJUnitTest.java
    [junit] Exported /home/travis/build/icyphy/ptII/ptolemy/vergil/basic/imprt/g4ltl/demo/Arbitor/Arbitor/index.html
    [junit] 3200 ms. Memory: 1466368K Free: 1028535K (70%)
    [junit] ####### 40 Mon Jun 06 02:26:04 UTC 2022 $PTII/bin/ptinvoke ptolemy.vergil.basic.export.ExportModel -force htm  -openComposites -timeOut 30000 -whiteBackground ptolemy/vergil/basic/imprt/g4ltl/demo/AutomaticDoor/AutomaticDoor.xml $PTII/ptolemy/vergil/basic/imprt/g4ltl/demo/AutomaticDoor/AutomaticDoor
    [junit] Warning: not running ptolemy/vergil/basic/imprt/g4ltl/demo/AutomaticDoor/AutomaticDoor.xml. See ptolemy/vergil/basic/export/test/junit/ExportModelJUnitTest.java
    [junit] Exported /home/travis/build/icyphy/ptII/ptolemy/vergil/basic/imprt/g4ltl/demo/AutomaticDoor/AutomaticDoor/index.html
    [junit] 3146 ms. Memory: 1466368K Free: 784834K (54%)
    [junit] ####### 41 Mon Jun 06 02:26:07 UTC 2022 $PTII/bin/ptinvoke ptolemy.vergil.basic.export.ExportModel -force htm  -openComposites -timeOut 30000 -whiteBackground ptolemy/vergil/basic/imprt/g4ltl/demo/ErrorHandling/ErrorHandling.xml $PTII/ptolemy/vergil/basic/imprt/g4ltl/demo/ErrorHandling/ErrorHandling
    [junit] Warning: not running ptolemy/vergil/basic/imprt/g4ltl/demo/ErrorHandling/ErrorHandling.xml. See ptolemy/vergil/basic/export/test/junit/ExportModelJUnitTest.java
    [junit] Exported /home/travis/build/icyphy/ptII/ptolemy/vergil/basic/imprt/g4ltl/demo/ErrorHandling/ErrorHandling/index.html
    [junit] 3221 ms. Memory: 1466368K Free: 527804K (36%)
    [junit] ####### 42 Mon Jun 06 02:26:11 UTC 2022 $PTII/bin/ptinvoke ptolemy.vergil.basic.export.ExportModel -force htm  -openComposites -timeOut 30000 -whiteBackground ptolemy/vergil/basic/imprt/g4ltl/demo/ErrorHandling/ErrorHandlingSynthesized.xml $PTII/ptolemy/vergil/basic/imprt/g4ltl/demo/ErrorHandling/ErrorHandlingSynthesized
    [junit] Warning: not running ptolemy/vergil/basic/imprt/g4ltl/demo/ErrorHandling/ErrorHandlingSynthesized.xml. See ptolemy/vergil/basic/export/test/junit/ExportModelJUnitTest.java
    [junit] Exported /home/travis/build/icyphy/ptII/ptolemy/vergil/basic/imprt/g4ltl/demo/ErrorHandling/ErrorHandlingSynthesized/index.html
    [junit] 3670 ms. Memory: 1466368K Free: 807426K (55%)
    [junit] ####### 43 Mon Jun 06 02:26:14 UTC 2022 $PTII/bin/ptinvoke ptolemy.vergil.basic.export.ExportModel -force htm  -openComposites -timeOut 30000 -whiteBackground ptolemy/vergil/basic/imprt/g4ltl/demo/HydraulicRamp/HydraulicRamp.xml $PTII/ptolemy/vergil/basic/imprt/g4ltl/demo/HydraulicRamp/HydraulicRamp
    [junit] Warning: not running ptolemy/vergil/basic/imprt/g4ltl/demo/HydraulicRamp/HydraulicRamp.xml. See ptolemy/vergil/basic/export/test/junit/ExportModelJUnitTest.java
    [junit] Exported /home/travis/build/icyphy/ptII/ptolemy/vergil/basic/imprt/g4ltl/demo/HydraulicRamp/HydraulicRamp/index.html
    [junit] 3139 ms. Memory: 1466368K Free: 564742K (39%)
    [junit] ####### 44 Mon Jun 06 02:26:17 UTC 2022 $PTII/bin/ptinvoke ptolemy.vergil.basic.export.ExportModel -force htm  -openComposites -timeOut 30000 -whiteBackground ptolemy/vergil/basic/imprt/g4ltl/demo/Numerical/Numerical.xml $PTII/ptolemy/vergil/basic/imprt/g4ltl/demo/Numerical/Numerical
    [junit] Warning: not running ptolemy/vergil/basic/imprt/g4ltl/demo/Numerical/Numerical.xml. See ptolemy/vergil/basic/export/test/junit/ExportModelJUnitTest.java
    [junit] Exported /home/travis/build/icyphy/ptII/ptolemy/vergil/basic/imprt/g4ltl/demo/Numerical/Numerical/index.html
    [junit] 3418 ms. Memory: 1466368K Free: 956830K (65%)
    [junit] ####### 45 Mon Jun 06 02:26:21 UTC 2022 $PTII/bin/ptinvoke ptolemy.vergil.basic.export.ExportModel -force htm  -openComposites -timeOut 30000 -whiteBackground ptolemy/vergil/basic/imprt/g4ltl/demo/PriorityArbitor/PriorityArbitor.xml $PTII/ptolemy/vergil/basic/imprt/g4ltl/demo/PriorityArbitor/PriorityArbitor
    [junit] Warning: not running ptolemy/vergil/basic/imprt/g4ltl/demo/PriorityArbitor/PriorityArbitor.xml. See ptolemy/vergil/basic/export/test/junit/ExportModelJUnitTest.java
    [junit] Exported /home/travis/build/icyphy/ptII/ptolemy/vergil/basic/imprt/g4ltl/demo/PriorityArbitor/PriorityArbitor/index.html
    [junit] 3135 ms. Memory: 1466368K Free: 745402K (51%)
    [junit] ####### 46 Mon Jun 06 02:26:24 UTC 2022 $PTII/bin/ptinvoke ptolemy.vergil.basic.export.ExportModel -force htm -run -openComposites -timeOut 30000 -whiteBackground ptolemy/vergil/kernel/attributes/demo/AnimateVergil/AnimateVergil.xml $PTII/ptolemy/vergil/kernel/attributes/demo/AnimateVergil/AnimateVergil
    [junit] Running .AnimateVergil
    [junit] 2012 ms. Memory: 1466368K Free: 643010K (44%)
    [junit] Exported /home/travis/build/icyphy/ptII/ptolemy/vergil/kernel/attributes/demo/AnimateVergil/AnimateVergil/index.html
    [junit] 6161 ms. Memory: 1466368K Free: 615868K (42%)
    [junit] ####### 47 Mon Jun 06 02:26:30 UTC 2022 $PTII/bin/ptinvoke ptolemy.vergil.basic.export.ExportModel -force htm  -openComposites -timeOut 30000 -whiteBackground ptolemy/verification/demo/iRobotHillClimbing/iRobotCreateVerification.xml $PTII/ptolemy/verification/demo/iRobotHillClimbing/iRobotCreateVerification
    [junit] Warning: not running ptolemy/verification/demo/iRobotHillClimbing/iRobotCreateVerification.xml. See ptolemy/vergil/basic/export/test/junit/ExportModelJUnitTest.java
    [junit] Exported /home/travis/build/icyphy/ptII/ptolemy/verification/demo/iRobotHillClimbing/iRobotCreateVerification/index.html
    [junit] 4927 ms. Memory: 1466368K Free: 948634K (65%)
    [junit] ####### 48 Mon Jun 06 02:26:35 UTC 2022 $PTII/bin/ptinvoke ptolemy.vergil.basic.export.ExportModel -force htm -run -openComposites -timeOut 30000 -whiteBackground ptolemy/verification/demo/RailroadControl/RailroadControl.xml $PTII/ptolemy/verification/demo/RailroadControl/RailroadControl
    [junit] Running .RailroadControl
    [junit] ExportHTMLTimer went off after 30000 ms., calling getDirector().finish and getDirector().stopFire()
    [junit] 30001 ms. Memory: 1466368K Free: 425938K (29%)
    [junit] Exported /home/travis/build/icyphy/ptII/ptolemy/verification/demo/RailroadControl/RailroadControl/index.html
    [junit] 34240 ms. Memory: 1466368K Free: 1121815K (77%)
    [junit] ####### 49 Mon Jun 06 02:27:09 UTC 2022 $PTII/bin/ptinvoke ptolemy.vergil.basic.export.ExportModel -force htm -run -openComposites -timeOut 30000 -whiteBackground ptolemy/verification/demo/SimpleTrafficLight/SimpleTrafficLight.xml $PTII/ptolemy/verification/demo/SimpleTrafficLight/SimpleTrafficLight
    [junit] Running .SimpleTrafficLight
    [junit] ExportHTMLTimer went off after 30000 ms., calling getDirector().finish and getDirector().stopFire()
    [junit] 30004 ms. Memory: 1466368K Free: 986683K (67%)
    [junit] Exported /home/travis/build/icyphy/ptII/ptolemy/verification/demo/SimpleTrafficLight/SimpleTrafficLight/index.html
    [junit] 34209 ms. Memory: 1466368K Free: 890398K (61%)
    [junit] ####### 50 Mon Jun 06 02:27:44 UTC 2022 $PTII/bin/ptinvoke ptolemy.vergil.basic.export.ExportModel -force htm -run -openComposites -timeOut 30000 -whiteBackground ptolemy/verification/demo/SimpleTrafficLight/SimpleTrafficLightDECTA.xml $PTII/ptolemy/verification/demo/SimpleTrafficLight/SimpleTrafficLightDECTA
    [junit] Running .SimpleTrafficLightDECTA
    [junit] ExportHTMLTimer went off after 30000 ms., calling getDirector().finish and getDirector().stopFire()
    [junit] 30010 ms. Memory: 1466368K Free: 1068374K (73%)
    [junit] Exported /home/travis/build/icyphy/ptII/ptolemy/verification/demo/SimpleTrafficLight/SimpleTrafficLightDECTA/index.html
    [junit] 34223 ms. Memory: 1466368K Free: 709431K (48%)
    [junit] ####### 51 Mon Jun 06 02:28:18 UTC 2022 $PTII/bin/ptinvoke ptolemy.vergil.basic.export.ExportModel -force htm -run -openComposites -timeOut 30000 -whiteBackground ptolemy/verification/demo/SimpleTrafficLight/SimpleTrafficLightGraphicalSpec.xml $PTII/ptolemy/verification/demo/SimpleTrafficLight/SimpleTrafficLightGraphicalSpec
    [junit] Running .SimpleTrafficLightGraphicalSpec
    [junit] ExportHTMLTimer went off after 30000 ms., calling getDirector().finish and getDirector().stopFire()
    [junit] 30004 ms. Memory: 1466368K Free: 569172K (39%)
    [junit] Exported /home/travis/build/icyphy/ptII/ptolemy/verification/demo/SimpleTrafficLight/SimpleTrafficLightGraphicalSpec/index.html
    [junit] 34191 ms. Memory: 1466368K Free: 474943K (32%)
    [junit] ####### 52 Mon Jun 06 02:28:52 UTC 2022 $PTII/bin/ptinvoke ptolemy.vergil.basic.export.ExportModel -force htm -run -openComposites -timeOut 30000 -whiteBackground ptolemy/verification/demo/SimpleTrafficLight/SimpleTrafficLightRTMaudeCG.xml $PTII/ptolemy/verification/demo/SimpleTrafficLight/SimpleTrafficLightRTMaudeCG
    [junit] Running .SimpleTrafficLightRTMaudeCG
    [junit] 78 ms. Memory: 1466368K Free: 364358K (25%)
    [junit] Exported /home/travis/build/icyphy/ptII/ptolemy/verification/demo/SimpleTrafficLight/SimpleTrafficLightRTMaudeCG/index.html
    [junit] 4370 ms. Memory: 1466368K Free: 1080367K (74%)
    [junit] ####### 53 Mon Jun 06 02:28:56 UTC 2022 $PTII/bin/ptinvoke ptolemy.vergil.basic.export.ExportModel -force htm  -openComposites -timeOut 30000 -whiteBackground ptolemy/verification/demo/SimpleTrafficLight/SimpleTrafficLightSMVModule.xml $PTII/ptolemy/verification/demo/SimpleTrafficLight/SimpleTrafficLightSMVModule
    [junit] Warning: not running ptolemy/verification/demo/SimpleTrafficLight/SimpleTrafficLightSMVModule.xml. See ptolemy/vergil/basic/export/test/junit/ExportModelJUnitTest.java
    [junit] Exported /home/travis/build/icyphy/ptII/ptolemy/verification/demo/SimpleTrafficLight/SimpleTrafficLightSMVModule/index.html
    [junit] 3222 ms. Memory: 1466368K Free: 893019K (61%)
    [junit] Tests run: 53, Failures: 0, Errors: 0, Skipped: 0, Time elapsed: 784.977 sec
    [junit] Output:
    [junit] ExportModeJUnitTestBatch: There are 744 demos. Exporting demos: 691 to 830.
    [junit] ExportModeJUnitTestBatch: There are 744 demos, which is less than the end index 691. Setting the end index to 743
    [junit] ####### 1 Mon Jun 06 02:15:55 UTC 2022 $PTII/bin/ptinvoke ptolemy.vergil.basic.export.ExportModel -force htm -run -openComposites -timeOut 30000 -whiteBackground ptolemy/domains/sr/demo/TokenRing/TokenRing.xml $PTII/ptolemy/domains/sr/demo/TokenRing/TokenRing
    [junit] Running .TokenRing
    [junit] 116 ms. Memory: 164864K Free: 139340K (85%)
    [junit] Exported /home/travis/build/icyphy/ptII/ptolemy/domains/sr/demo/TokenRing/TokenRing/index.html
    [junit] 7407 ms. Memory: 164864K Free: 50252K (30%)
    [junit] ####### 2 Mon Jun 06 02:16:02 UTC 2022 $PTII/bin/ptinvoke ptolemy.vergil.basic.export.ExportModel -force htm -run -openComposites -timeOut 30000 -whiteBackground ptolemy/domains/sr/demo/TrafficLight/TrafficLight.xml $PTII/ptolemy/domains/sr/demo/TrafficLight/TrafficLight
    [junit] Running .TrafficLight
    [junit] ExportHTMLTimer went off after 30000 ms., calling getDirector().finish and getDirector().stopFire()
    [junit] 30002 ms. Memory: 198656K Free: 148046K (75%)
    [junit] Exported /home/travis/build/icyphy/ptII/ptolemy/domains/sr/demo/TrafficLight/TrafficLight/index.html
    [junit] 36110 ms. Memory: 198656K Free: 73413K (37%)
    [junit] ####### 3 Mon Jun 06 02:16:38 UTC 2022 $PTII/bin/ptinvoke ptolemy.vergil.basic.export.ExportModel -force htm -run -openComposites -timeOut 30000 -whiteBackground ptolemy/domains/sr/demo/TrafficLight/WirelessDeployment.xml $PTII/ptolemy/domains/sr/demo/TrafficLight/WirelessDeployment
    [junit] Running .WirelessDeployment
    [junit] ExportHTMLTimer went off after 30000 ms., calling getDirector().finish and getDirector().stopFire()
    [junit] 29999 ms. Memory: 198656K Free: 129880K (65%)
    [junit] Exported /home/travis/build/icyphy/ptII/ptolemy/domains/sr/demo/TrafficLight/WirelessDeployment/index.html
    [junit] 36222 ms. Memory: 198656K Free: 51491K (26%)
    [junit] ####### 4 Mon Jun 06 02:17:15 UTC 2022 $PTII/bin/ptinvoke ptolemy.vergil.basic.export.ExportModel -force htm -run -openComposites -timeOut 30000 -whiteBackground ptolemy/domains/taskpt/demo/SharedMemory/SharedMemory.xml $PTII/ptolemy/domains/taskpt/demo/SharedMemory/SharedMemory
    [junit] Running .SharedMemory
    [junit] 41 ms. Memory: 198656K Free: 84090K (42%)
    [junit] Exported /home/travis/build/icyphy/ptII/ptolemy/domains/taskpt/demo/SharedMemory/SharedMemory/index.html
    [junit] 4300 ms. Memory: 198656K Free: 30824K (16%)
    [junit] ####### 5 Mon Jun 06 02:17:19 UTC 2022 $PTII/bin/ptinvoke ptolemy.vergil.basic.export.ExportModel -force htm -run -openComposites -timeOut 30000 -whiteBackground ptolemy/domains/taskpt/demo/Task/Task.xml $PTII/ptolemy/domains/taskpt/demo/Task/Task
    [junit] Running .Task
    [junit] 38 ms. Memory: 198656K Free: 62122K (31%)
    [junit] Exported /home/travis/build/icyphy/ptII/ptolemy/domains/taskpt/demo/Task/Task/index.html
    [junit] 4312 ms. Memory: 198656K Free: 125081K (63%)
    [junit] ####### 6 Mon Jun 06 02:17:23 UTC 2022 $PTII/bin/ptinvoke ptolemy.vergil.basic.export.ExportModel -force htm -run -openComposites -timeOut 30000 -whiteBackground ptolemy/domains/tcs/demo/TCS/TCS.xml $PTII/ptolemy/domains/tcs/demo/TCS/TCS
    [junit] Running .TCS
    [junit] ExportHTMLTimer went off after 30000 ms., calling getDirector().finish and getDirector().stopFire()
    [junit] 30001 ms. Memory: 238592K Free: 85112K (36%)
    [junit] Exported /home/travis/build/icyphy/ptII/ptolemy/domains/tcs/demo/TCS/TCS/index.html
    [junit] 35438 ms. Memory: 238592K Free: 148902K (62%)
    [junit] ####### 7 Mon Jun 06 02:17:59 UTC 2022 $PTII/bin/ptinvoke ptolemy.vergil.basic.export.ExportModel -force htm -run -openComposites -timeOut 30000 -whiteBackground ptolemy/domains/tm/demo/Controllers/Controllers.xml $PTII/ptolemy/domains/tm/demo/Controllers/Controllers
    [junit] Running .Controllers
    [junit] 1336 ms. Memory: 238592K Free: 72896K (31%)
    [junit] Exported /home/travis/build/icyphy/ptII/ptolemy/domains/tm/demo/Controllers/Controllers/index.html
    [junit] 6030 ms. Memory: 238592K Free: 78847K (33%)
    [junit] ####### 8 Mon Jun 06 02:18:05 UTC 2022 $PTII/bin/ptinvoke ptolemy.vergil.basic.export.ExportModel -force htm -run -openComposites -timeOut 30000 -whiteBackground ptolemy/domains/tm/demo/FFT/FFT.xml $PTII/ptolemy/domains/tm/demo/FFT/FFT
    [junit] Running .FFT
    [junit] 10105 ms. Memory: 238592K Free: 78389K (33%)
    [junit] Exported /home/travis/build/icyphy/ptII/ptolemy/domains/tm/demo/FFT/FFT/index.html
    [junit] 14469 ms. Memory: 238592K Free: 77293K (32%)
    [junit] ####### 9 Mon Jun 06 02:18:19 UTC 2022 $PTII/bin/ptinvoke ptolemy.vergil.basic.export.ExportModel -force htm -run -openComposites -timeOut 30000 -whiteBackground ptolemy/domains/tm/demo/MergedEvents/MergedEvents.xml $PTII/ptolemy/domains/tm/demo/MergedEvents/MergedEvents
    [junit] Running .MergedEvents
    [junit] ExportHTMLTimer went off after 30000 ms., calling getDirector().finish and getDirector().stopFire()
    [junit] 30041 ms. Memory: 238592K Free: 117826K (49%)
    [junit] Exported /home/travis/build/icyphy/ptII/ptolemy/domains/tm/demo/MergedEvents/MergedEvents/index.html
    [junit] 34398 ms. Memory: 238592K Free: 149816K (63%)
    [junit] ####### 10 Mon Jun 06 02:18:54 UTC 2022 $PTII/bin/ptinvoke ptolemy.vergil.basic.export.ExportModel -force htm -run -openComposites -timeOut 30000 -whiteBackground ptolemy/domains/tm/demo/SimpleTasks/SimpleTasks.xml $PTII/ptolemy/domains/tm/demo/SimpleTasks/SimpleTasks
    [junit] Running .SimpleTasks
    [junit] 14 ms. Memory: 238592K Free: 65905K (28%)
    [junit] Exported /home/travis/build/icyphy/ptII/ptolemy/domains/tm/demo/SimpleTasks/SimpleTasks/index.html
    [junit] 4226 ms. Memory: 238592K Free: 159956K (67%)
    [junit] ####### 11 Mon Jun 06 02:18:58 UTC 2022 $PTII/bin/ptinvoke ptolemy.vergil.basic.export.ExportModel -force htm -run -openComposites -timeOut 30000 -whiteBackground ptolemy/domains/wireless/demo/AntennaPattern/AntennaGainTest.xml $PTII/ptolemy/domains/wireless/demo/AntennaPattern/AntennaGainTest
    [junit] Running .AntennaGainTest
    [junit] 392 ms. Memory: 238592K Free: 147978K (62%)
    [junit] Exported /home/travis/build/icyphy/ptII/ptolemy/domains/wireless/demo/AntennaPattern/AntennaGainTest/index.html
    [junit] 4894 ms. Memory: 238592K Free: 134081K (56%)
    [junit] ####### 12 Mon Jun 06 02:19:03 UTC 2022 $PTII/bin/ptinvoke ptolemy.vergil.basic.export.ExportModel -force htm  -openComposites -timeOut 30000 -whiteBackground ptolemy/domains/wireless/demo/AntennaPattern/AntennaModel.xml $PTII/ptolemy/domains/wireless/demo/AntennaPattern/AntennaModel
    [junit] Warning: not running ptolemy/domains/wireless/demo/AntennaPattern/AntennaModel.xml. See ptolemy/vergil/basic/export/test/junit/ExportModelJUnitTest.java
    [junit] Exported /home/travis/build/icyphy/ptII/ptolemy/domains/wireless/demo/AntennaPattern/AntennaModel/index.html
    [junit] 3358 ms. Memory: 238592K Free: 137250K (58%)
    [junit] ####### 13 Mon Jun 06 02:19:06 UTC 2022 $PTII/bin/ptinvoke ptolemy.vergil.basic.export.ExportModel -force htm  -openComposites -timeOut 30000 -whiteBackground ptolemy/domains/wireless/demo/AntennaPattern/AntennaPattern.xml $PTII/ptolemy/domains/wireless/demo/AntennaPattern/AntennaPattern
    [junit] Warning: not running ptolemy/domains/wireless/demo/AntennaPattern/AntennaPattern.xml. See ptolemy/vergil/basic/export/test/junit/ExportModelJUnitTest.java
    [junit] Exported /home/travis/build/icyphy/ptII/ptolemy/domains/wireless/demo/AntennaPattern/AntennaPattern/index.html
    [junit] 3189 ms. Memory: 238592K Free: 153322K (64%)
    [junit] ####### 14 Mon Jun 06 02:19:09 UTC 2022 $PTII/bin/ptinvoke ptolemy.vergil.basic.export.ExportModel -force htm  -openComposites -timeOut 30000 -whiteBackground ptolemy/domains/wireless/demo/AntennaPattern/ReceiveAntennaPattern.xml $PTII/ptolemy/domains/wireless/demo/AntennaPattern/ReceiveAntennaPattern
    [junit] Warning: not running ptolemy/domains/wireless/demo/AntennaPattern/ReceiveAntennaPattern.xml. See ptolemy/vergil/basic/export/test/junit/ExportModelJUnitTest.java
    [junit] Exported /home/travis/build/icyphy/ptII/ptolemy/domains/wireless/demo/AntennaPattern/ReceiveAntennaPattern/index.html
    [junit] 3758 ms. Memory: 238592K Free: 26024K (11%)
    [junit] ####### 15 Mon Jun 06 02:19:13 UTC 2022 $PTII/bin/ptinvoke ptolemy.vergil.basic.export.ExportModel -force htm  -openComposites -timeOut 30000 -whiteBackground ptolemy/domains/wireless/demo/AntennaPattern/TransmitAntennaPattern.xml $PTII/ptolemy/domains/wireless/demo/AntennaPattern/TransmitAntennaPattern
    [junit] Warning: not running ptolemy/domains/wireless/demo/AntennaPattern/TransmitAntennaPattern.xml. See ptolemy/vergil/basic/export/test/junit/ExportModelJUnitTest.java
    [junit] Exported /home/travis/build/icyphy/ptII/ptolemy/domains/wireless/demo/AntennaPattern/TransmitAntennaPattern/index.html
    [junit] 3568 ms. Memory: 238592K Free: 28458K (12%)
    [junit] ####### 16 Mon Jun 06 02:19:17 UTC 2022 $PTII/bin/ptinvoke ptolemy.vergil.basic.export.ExportModel -force htm -run -openComposites -timeOut 30000 -whiteBackground ptolemy/domains/wireless/demo/CircularRange/CircularRange.xml $PTII/ptolemy/domains/wireless/demo/CircularRange/CircularRange
    [junit] Running .CircularRange
    [junit] ExportHTMLTimer went off after 30000 ms., calling getDirector().finish and getDirector().stopFire()
    [junit] 30001 ms. Memory: 238592K Free: 149708K (63%)
    [junit] Exported /home/travis/build/icyphy/ptII/ptolemy/domains/wireless/demo/CircularRange/CircularRange/index.html
    [junit] 34395 ms. Memory: 238592K Free: 96207K (40%)
    [junit] ####### 17 Mon Jun 06 02:19:51 UTC 2022 $PTII/bin/ptinvoke ptolemy.vergil.basic.export.ExportModel -force htm -run -openComposites -timeOut 30000 -whiteBackground ptolemy/domains/wireless/demo/Collisions/Collisions.xml $PTII/ptolemy/domains/wireless/demo/Collisions/Collisions
    [junit] Running .Collisions
    [junit] 20029 ms. Memory: 238592K Free: 45915K (19%)
    [junit] Exported /home/travis/build/icyphy/ptII/ptolemy/domains/wireless/demo/Collisions/Collisions/index.html
    [junit] 24732 ms. Memory: 238592K Free: 47624K (20%)
    [junit] ####### 18 Mon Jun 06 02:20:16 UTC 2022 $PTII/bin/ptinvoke ptolemy.vergil.basic.export.ExportModel -force htm -run -openComposites -timeOut 30000 -whiteBackground ptolemy/domains/wireless/demo/Collisions/CollisionsDeterministic.xml $PTII/ptolemy/domains/wireless/demo/Collisions/CollisionsDeterministic
    [junit] Running .CollisionsDeterministic
    [junit] 43 ms. Memory: 238592K Free: 139859K (59%)
    [junit] Exported /home/travis/build/icyphy/ptII/ptolemy/domains/wireless/demo/Collisions/CollisionsDeterministic/index.html
    [junit] 4569 ms. Memory: 238592K Free: 89702K (38%)
    [junit] ####### 19 Mon Jun 06 02:20:20 UTC 2022 $PTII/bin/ptinvoke ptolemy.vergil.basic.export.ExportModel -force htm -run -openComposites -timeOut 30000 -whiteBackground ptolemy/domains/wireless/demo/EvaderAndPursuer/EvaderAndPursuer.xml $PTII/ptolemy/domains/wireless/demo/EvaderAndPursuer/EvaderAndPursuer
    [junit] Running .EvaderAndPursuer
    [junit] ExportHTMLTimer went off after 30000 ms., calling getDirector().finish and getDirector().stopFire()
    [junit] 30000 ms. Memory: 238592K Free: 95989K (40%)
    [junit] Exported /home/travis/build/icyphy/ptII/ptolemy/domains/wireless/demo/EvaderAndPursuer/EvaderAndPursuer/index.html
    [junit] 34706 ms. Memory: 238592K Free: 79455K (33%)
    [junit] ####### 20 Mon Jun 06 02:20:55 UTC 2022 $PTII/bin/ptinvoke ptolemy.vergil.basic.export.ExportModel -force htm -run -openComposites -timeOut 30000 -whiteBackground ptolemy/domains/wireless/demo/Intersections/Intersections.xml $PTII/ptolemy/domains/wireless/demo/Intersections/Intersections
    [junit] Running .Intersections
    [junit] ExportHTMLTimer went off after 30000 ms., calling getDirector().finish and getDirector().stopFire()
    [junit] 30003 ms. Memory: 1466368K Free: 844798K (58%)
    [junit] Exported /home/travis/build/icyphy/ptII/ptolemy/domains/wireless/demo/Intersections/Intersections/index.html
    [junit] 70896 ms. Memory: 1466368K Free: 518911K (35%)
    [junit] ####### 21 Mon Jun 06 02:22:06 UTC 2022 $PTII/bin/ptinvoke ptolemy.vergil.basic.export.ExportModel -force htm -run -openComposites -timeOut 30000 -whiteBackground ptolemy/domains/wireless/demo/LinkVisualizer/LinkVisualizer.xml $PTII/ptolemy/domains/wireless/demo/LinkVisualizer/LinkVisualizer
    [junit] Running .LinkVisualizer
    [junit] 20028 ms. Memory: 1466368K Free: 1082492K (74%)
    [junit] Exported /home/travis/build/icyphy/ptII/ptolemy/domains/wireless/demo/LinkVisualizer/LinkVisualizer/index.html
    [junit] 24241 ms. Memory: 1466368K Free: 946419K (65%)
    [junit] ####### 22 Mon Jun 06 02:22:30 UTC 2022 $PTII/bin/ptinvoke ptolemy.vergil.basic.export.ExportModel -force htm  -openComposites -timeOut 30000 -whiteBackground ptolemy/domains/wireless/demo/MatlabWirelessSoundDetection/MatlabWirelessSoundDetection.xml $PTII/ptolemy/domains/wireless/demo/MatlabWirelessSoundDetection/MatlabWirelessSoundDetection
    [junit] Warning: not running ptolemy/domains/wireless/demo/MatlabWirelessSoundDetection/MatlabWirelessSoundDetection.xml. See ptolemy/vergil/basic/export/test/junit/ExportModelJUnitTest.java
    [junit] Exported /home/travis/build/icyphy/ptII/ptolemy/domains/wireless/demo/MatlabWirelessSoundDetection/MatlabWirelessSoundDetection/index.html
    [junit] 3316 ms. Memory: 1466368K Free: 652008K (44%)
    [junit] ####### 23 Mon Jun 06 02:22:33 UTC 2022 $PTII/bin/ptinvoke ptolemy.vergil.basic.export.ExportModel -force htm -run -openComposites -timeOut 30000 -whiteBackground ptolemy/domains/wireless/demo/PowerVariability/PowerVariability.xml $PTII/ptolemy/domains/wireless/demo/PowerVariability/PowerVariability
    [junit] Running .PowerVariability
    [junit] 25013 ms. Memory: 1466368K Free: 559361K (38%)
    [junit] Exported /home/travis/build/icyphy/ptII/ptolemy/domains/wireless/demo/PowerVariability/PowerVariability/index.html
    [junit] 29280 ms. Memory: 1466368K Free: 386269K (26%)
    [junit] ####### 24 Mon Jun 06 02:23:03 UTC 2022 $PTII/bin/ptinvoke ptolemy.vergil.basic.export.ExportModel -force htm -run -openComposites -timeOut 30000 -whiteBackground ptolemy/domains/wireless/demo/SmallWorld/SmallWorld.xml $PTII/ptolemy/domains/wireless/demo/SmallWorld/SmallWorld
    [junit] Running .SmallWorld
    [junit] 137 ms. Memory: 1466368K Free: 1219329K (83%)
    [junit] Exported /home/travis/build/icyphy/ptII/ptolemy/domains/wireless/demo/SmallWorld/SmallWorld/index.html
    [junit] 5383 ms. Memory: 1466368K Free: 1097465K (75%)
    [junit] ####### 25 Mon Jun 06 02:23:08 UTC 2022 $PTII/bin/ptinvoke ptolemy.vergil.basic.export.ExportModel -force htm -run -openComposites -timeOut 30000 -whiteBackground ptolemy/domains/wireless/demo/SmartParking/SmartParking.xml $PTII/ptolemy/domains/wireless/demo/SmartParking/SmartParking
    [junit] Running .SmartParking
    [junit] ExportHTMLTimer went off after 30000 ms., calling getDirector().finish and getDirector().stopFire()
    [junit] 30001 ms. Memory: 1466368K Free: 1195642K (82%)
    [junit] Exported /home/travis/build/icyphy/ptII/ptolemy/domains/wireless/demo/SmartParking/SmartParking/index.html
    [junit] 34769 ms. Memory: 1466368K Free: 1039469K (71%)
    [junit] ####### 26 Mon Jun 06 02:23:43 UTC 2022 $PTII/bin/ptinvoke ptolemy.vergil.basic.export.ExportModel -force htm -run -openComposites -timeOut 30000 -whiteBackground ptolemy/domains/wireless/demo/TerrainModel/TerrainModel.xml $PTII/ptolemy/domains/wireless/demo/TerrainModel/TerrainModel
    [junit] Running .TerrainModel
    [junit] ExportHTMLTimer went off after 30000 ms., calling getDirector().finish and getDirector().stopFire()
    [junit] 30001 ms. Memory: 1466368K Free: 929914K (63%)
    [junit] Exported /home/travis/build/icyphy/ptII/ptolemy/domains/wireless/demo/TerrainModel/TerrainModel/index.html
    [junit] 34196 ms. Memory: 1466368K Free: 814189K (56%)
    [junit] ####### 27 Mon Jun 06 02:24:17 UTC 2022 $PTII/bin/ptinvoke ptolemy.vergil.basic.export.ExportModel -force htm -run -openComposites -timeOut 30000 -whiteBackground ptolemy/domains/wireless/demo/WirelessSoundDetection/WirelessSoundDetection.xml $PTII/ptolemy/domains/wireless/demo/WirelessSoundDetection/WirelessSoundDetection
    [junit] Running .WirelessSoundDetection
    [junit] ExportHTMLTimer went off after 30000 ms., calling getDirector().finish and getDirector().stopFire()
    [junit] 29998 ms. Memory: 1466368K Free: 660604K (45%)
    [junit] Exported /home/travis/build/icyphy/ptII/ptolemy/domains/wireless/demo/WirelessSoundDetection/WirelessSoundDetection/index.html
    [junit] 34263 ms. Memory: 1466368K Free: 528480K (36%)
    [junit] ####### 28 Mon Jun 06 02:24:51 UTC 2022 $PTII/bin/ptinvoke ptolemy.vergil.basic.export.ExportModel -force htm -run -openComposites -timeOut 30000 -whiteBackground ptolemy/domains/wireless/demo/Zigbee/Zigbee.xml $PTII/ptolemy/domains/wireless/demo/Zigbee/Zigbee
    [junit] Running .Zigbee
    [junit] 2935 ms. Memory: 1466368K Free: 912567K (62%)
    [junit] Exported /home/travis/build/icyphy/ptII/ptolemy/domains/wireless/demo/Zigbee/Zigbee/index.html
    [junit] 32766 ms. Memory: 1466368K Free: 1070738K (73%)
    [junit] ####### 29 Mon Jun 06 02:25:24 UTC 2022 $PTII/bin/ptinvoke ptolemy.vergil.basic.export.ExportModel -force htm  -openComposites -timeOut 30000 -whiteBackground ptolemy/matlab/demo/MatlabContinuous/MatlabContinuous.xml $PTII/ptolemy/matlab/demo/MatlabContinuous/MatlabContinuous
    [junit] Warning: not running ptolemy/matlab/demo/MatlabContinuous/MatlabContinuous.xml. See ptolemy/vergil/basic/export/test/junit/ExportModelJUnitTest.java
    [junit] Exported /home/travis/build/icyphy/ptII/ptolemy/matlab/demo/MatlabContinuous/MatlabContinuous/index.html
    [junit] 3117 ms. Memory: 1466368K Free: 912017K (62%)
    [junit] ####### 30 Mon Jun 06 02:25:27 UTC 2022 $PTII/bin/ptinvoke ptolemy.vergil.basic.export.ExportModel -force htm  -openComposites -timeOut 30000 -whiteBackground ptolemy/matlab/demo/MatlabExpression/MatlabExpression.xml $PTII/ptolemy/matlab/demo/MatlabExpression/MatlabExpression
    [junit] Warning: not running ptolemy/matlab/demo/MatlabExpression/MatlabExpression.xml. See ptolemy/vergil/basic/export/test/junit/ExportModelJUnitTest.java
    [junit] Exported /home/travis/build/icyphy/ptII/ptolemy/matlab/demo/MatlabExpression/MatlabExpression/index.html
    [junit] 3103 ms. Memory: 1466368K Free: 753790K (51%)
    [junit] ####### 31 Mon Jun 06 02:25:30 UTC 2022 $PTII/bin/ptinvoke ptolemy.vergil.basic.export.ExportModel -force htm -run -openComposites -timeOut 30000 -whiteBackground ptolemy/moml/demo/Networked/Networked.xml $PTII/ptolemy/moml/demo/Networked/Networked
    [junit] Running .Networked
    [junit] 30 ms. Memory: 1466368K Free: 610969K (42%)
    [junit] Exported /home/travis/build/icyphy/ptII/ptolemy/moml/demo/Networked/Networked/index.html
    [junit] 6411 ms. Memory: 1466368K Free: 516761K (35%)
    [junit] ####### 32 Mon Jun 06 02:25:37 UTC 2022 $PTII/bin/ptinvoke ptolemy.vergil.basic.export.ExportModel -force htm -run -openComposites -timeOut 30000 -whiteBackground ptolemy/vergil/basic/export/html/demo/ExportExamples/ExportExample1.xml $PTII/ptolemy/vergil/basic/export/html/demo/ExportExamples/ExportExample1
    [junit] Model ".ExportExample1" contains actors such cannot be run  as part of the export process from ExportModel or it has a WebExportParameters value that runBeforeExport set to false. To export run this model and export it, use vergil.
    [junit] Exported /home/travis/build/icyphy/ptII/ptolemy/vergil/basic/export/html/demo/ExportExamples/ExportExample1/index.html
    [junit] 3186 ms. Memory: 1466368K Free: 379012K (26%)
    [junit] ####### 33 Mon Jun 06 02:25:40 UTC 2022 $PTII/bin/ptinvoke ptolemy.vergil.basic.export.ExportModel -force htm -run -openComposites -timeOut 30000 -whiteBackground ptolemy/vergil/basic/export/html/demo/ExportExamples/ExportExample2.xml $PTII/ptolemy/vergil/basic/export/html/demo/ExportExamples/ExportExample2
    [junit] Running .ExportExample2
    [junit] 7 ms. Memory: 1466368K Free: 1077846K (74%)
    [junit] Exported /home/travis/build/icyphy/ptII/ptolemy/vergil/basic/export/html/demo/ExportExamples/ExportExample2/index.html
    [junit] 4218 ms. Memory: 1466368K Free: 1041300K (71%)
    [junit] ####### 34 Mon Jun 06 02:25:44 UTC 2022 $PTII/bin/ptinvoke ptolemy.vergil.basic.export.ExportModel -force htm -run -openComposites -timeOut 30000 -whiteBackground ptolemy/vergil/basic/export/html/demo/ExportExamples/ExportExample3.xml $PTII/ptolemy/vergil/basic/export/html/demo/ExportExamples/ExportExample3
    [junit] Model ".ExportExample3" contains actors such cannot be run  as part of the export process from ExportModel or it has a WebExportParameters value that runBeforeExport set to false. To export run this model and export it, use vergil.
    [junit] Exported /home/travis/build/icyphy/ptII/ptolemy/vergil/basic/export/html/demo/ExportExamples/ExportExample3/index.html
    [junit] 3244 ms. Memory: 1466368K Free: 930749K (63%)
    [junit] ####### 35 Mon Jun 06 02:25:47 UTC 2022 $PTII/bin/ptinvoke ptolemy.vergil.basic.export.ExportModel -force htm -run -openComposites -timeOut 30000 -whiteBackground ptolemy/vergil/basic/export/html/demo/ExportExamples/ExportExample4.xml $PTII/ptolemy/vergil/basic/export/html/demo/ExportExamples/ExportExample4
    [junit] Model ".ExportExample4" contains actors such cannot be run  as part of the export process from ExportModel or it has a WebExportParameters value that runBeforeExport set to false. To export run this model and export it, use vergil.
    [junit] Exported /home/travis/build/icyphy/ptII/ptolemy/vergil/basic/export/html/demo/ExportExamples/ExportExample4/index.html
    [junit] 3152 ms. Memory: 1466368K Free: 820650K (56%)
    [junit] ####### 36 Mon Jun 06 02:25:51 UTC 2022 $PTII/bin/ptinvoke ptolemy.vergil.basic.export.ExportModel -force htm -run -openComposites -timeOut 30000 -whiteBackground ptolemy/vergil/basic/export/html/demo/ExportExamples/ExportExample5.xml $PTII/ptolemy/vergil/basic/export/html/demo/ExportExamples/ExportExample5
    [junit] Running .ExportExample5
    [junit] 25 ms. Memory: 1466368K Free: 727987K (50%)
    [junit] Exported /home/travis/build/icyphy/ptII/ptolemy/vergil/basic/export/html/demo/ExportExamples/ExportExample5/index.html
    [junit] 4220 ms. Memory: 1466368K Free: 652206K (44%)
    [junit] ####### 37 Mon Jun 06 02:25:55 UTC 2022 $PTII/bin/ptinvoke ptolemy.vergil.basic.export.ExportModel -force htm  -openComposites -timeOut 30000 -whiteBackground ptolemy/vergil/basic/export/html/demo/ExportExamples/ExportExamples.xml $PTII/ptolemy/vergil/basic/export/html/demo/ExportExamples/ExportExamples
    [junit] Warning: not running ptolemy/vergil/basic/export/html/demo/ExportExamples/ExportExamples.xml. See ptolemy/vergil/basic/export/test/junit/ExportModelJUnitTest.java
    [junit] Exported /home/travis/build/icyphy/ptII/ptolemy/vergil/basic/export/html/demo/ExportExamples/ExportExamples/index.html
    [junit] 3148 ms. Memory: 1466368K Free: 536509K (37%)
    [junit] ####### 38 Mon Jun 06 02:25:58 UTC 2022 $PTII/bin/ptinvoke ptolemy.vergil.basic.export.ExportModel -force htm  -openComposites -timeOut 30000 -whiteBackground ptolemy/vergil/basic/export/html/demo/PageAssembler/PageAssembler.xml $PTII/ptolemy/vergil/basic/export/html/demo/PageAssembler/PageAssembler
    [junit] Warning: not running ptolemy/vergil/basic/export/html/demo/PageAssembler/PageAssembler.xml. See ptolemy/vergil/basic/export/test/junit/ExportModelJUnitTest.java
    [junit] Exported /home/travis/build/icyphy/ptII/ptolemy/vergil/basic/export/html/demo/PageAssembler/PageAssembler/index.html
    [junit] 3149 ms. Memory: 1466368K Free: 381359K (26%)
    [junit] ####### 39 Mon Jun 06 02:26:01 UTC 2022 $PTII/bin/ptinvoke ptolemy.vergil.basic.export.ExportModel -force htm  -openComposites -timeOut 30000 -whiteBackground ptolemy/vergil/basic/imprt/g4ltl/demo/Arbitor/Arbitor.xml $PTII/ptolemy/vergil/basic/imprt/g4ltl/demo/Arbitor/Arbitor
    [junit] Warning: not running ptolemy/vergil/basic/imprt/g4ltl/demo/Arbitor/Arbitor.xml. See ptolemy/vergil/basic/export/test/junit/ExportModelJUnitTest.java
    [junit] Exported /home/travis/build/icyphy/ptII/ptolemy/vergil/basic/imprt/g4ltl/demo/Arbitor/Arbitor/index.html
    [junit] 3200 ms. Memory: 1466368K Free: 1028535K (70%)
    [junit] ####### 40 Mon Jun 06 02:26:04 UTC 2022 $PTII/bin/ptinvoke ptolemy.vergil.basic.export.ExportModel -force htm  -openComposites -timeOut 30000 -whiteBackground ptolemy/vergil/basic/imprt/g4ltl/demo/AutomaticDoor/AutomaticDoor.xml $PTII/ptolemy/vergil/basic/imprt/g4ltl/demo/AutomaticDoor/AutomaticDoor
    [junit] Warning: not running ptolemy/vergil/basic/imprt/g4ltl/demo/AutomaticDoor/AutomaticDoor.xml. See ptolemy/vergil/basic/export/test/junit/ExportModelJUnitTest.java
    [junit] Exported /home/travis/build/icyphy/ptII/ptolemy/vergil/basic/imprt/g4ltl/demo/AutomaticDoor/AutomaticDoor/index.html
    [junit] 3146 ms. Memory: 1466368K Free: 784834K (54%)
    [junit] ####### 41 Mon Jun 06 02:26:07 UTC 2022 $PTII/bin/ptinvoke ptolemy.vergil.basic.export.ExportModel -force htm  -openComposites -timeOut 30000 -whiteBackground ptolemy/vergil/basic/imprt/g4ltl/demo/ErrorHandling/ErrorHandling.xml $PTII/ptolemy/vergil/basic/imprt/g4ltl/demo/ErrorHandling/ErrorHandling
    [junit] Warning: not running ptolemy/vergil/basic/imprt/g4ltl/demo/ErrorHandling/ErrorHandling.xml. See ptolemy/vergil/basic/export/test/junit/ExportModelJUnitTest.java
    [junit] Exported /home/travis/build/icyphy/ptII/ptolemy/vergil/basic/imprt/g4ltl/demo/ErrorHandling/ErrorHandling/index.html
    [junit] 3221 ms. Memory: 1466368K Free: 527804K (36%)
    [junit] ####### 42 Mon Jun 06 02:26:11 UTC 2022 $PTII/bin/ptinvoke ptolemy.vergil.basic.export.ExportModel -force htm  -openComposites -timeOut 30000 -whiteBackground ptolemy/vergil/basic/imprt/g4ltl/demo/ErrorHandling/ErrorHandlingSynthesized.xml $PTII/ptolemy/vergil/basic/imprt/g4ltl/demo/ErrorHandling/ErrorHandlingSynthesized
    [junit] Warning: not running ptolemy/vergil/basic/imprt/g4ltl/demo/ErrorHandling/ErrorHandlingSynthesized.xml. See ptolemy/vergil/basic/export/test/junit/ExportModelJUnitTest.java
    [junit] Exported /home/travis/build/icyphy/ptII/ptolemy/vergil/basic/imprt/g4ltl/demo/ErrorHandling/ErrorHandlingSynthesized/index.html
    [junit] 3670 ms. Memory: 1466368K Free: 807426K (55%)
    [junit] ####### 43 Mon Jun 06 02:26:14 UTC 2022 $PTII/bin/ptinvoke ptolemy.vergil.basic.export.ExportModel -force htm  -openComposites -timeOut 30000 -whiteBackground ptolemy/vergil/basic/imprt/g4ltl/demo/HydraulicRamp/HydraulicRamp.xml $PTII/ptolemy/vergil/basic/imprt/g4ltl/demo/HydraulicRamp/HydraulicRamp
    [junit] Warning: not running ptolemy/vergil/basic/imprt/g4ltl/demo/HydraulicRamp/HydraulicRamp.xml. See ptolemy/vergil/basic/export/test/junit/ExportModelJUnitTest.java
    [junit] Exported /home/travis/build/icyphy/ptII/ptolemy/vergil/basic/imprt/g4ltl/demo/HydraulicRamp/HydraulicRamp/index.html
    [junit] 3139 ms. Memory: 1466368K Free: 564742K (39%)
    [junit] ####### 44 Mon Jun 06 02:26:17 UTC 2022 $PTII/bin/ptinvoke ptolemy.vergil.basic.export.ExportModel -force htm  -openComposites -timeOut 30000 -whiteBackground ptolemy/vergil/basic/imprt/g4ltl/demo/Numerical/Numerical.xml $PTII/ptolemy/vergil/basic/imprt/g4ltl/demo/Numerical/Numerical
    [junit] Warning: not running ptolemy/vergil/basic/imprt/g4ltl/demo/Numerical/Numerical.xml. See ptolemy/vergil/basic/export/test/junit/ExportModelJUnitTest.java
    [junit] Exported /home/travis/build/icyphy/ptII/ptolemy/vergil/basic/imprt/g4ltl/demo/Numerical/Numerical/index.html
    [junit] 3418 ms. Memory: 1466368K Free: 956830K (65%)
    [junit] ####### 45 Mon Jun 06 02:26:21 UTC 2022 $PTII/bin/ptinvoke ptolemy.vergil.basic.export.ExportModel -force htm  -openComposites -timeOut 30000 -whiteBackground ptolemy/vergil/basic/imprt/g4ltl/demo/PriorityArbitor/PriorityArbitor.xml $PTII/ptolemy/vergil/basic/imprt/g4ltl/demo/PriorityArbitor/PriorityArbitor
    [junit] Warning: not running ptolemy/vergil/basic/imprt/g4ltl/demo/PriorityArbitor/PriorityArbitor.xml. See ptolemy/vergil/basic/export/test/junit/ExportModelJUnitTest.java
    [junit] Exported /home/travis/build/icyphy/ptII/ptolemy/vergil/basic/imprt/g4ltl/demo/PriorityArbitor/PriorityArbitor/index.html
    [junit] 3135 ms. Memory: 1466368K Free: 745402K (51%)
    [junit] ####### 46 Mon Jun 06 02:26:24 UTC 2022 $PTII/bin/ptinvoke ptolemy.vergil.basic.export.ExportModel -force htm -run -openComposites -timeOut 30000 -whiteBackground ptolemy/vergil/kernel/attributes/demo/AnimateVergil/AnimateVergil.xml $PTII/ptolemy/vergil/kernel/attributes/demo/AnimateVergil/AnimateVergil
    [junit] Running .AnimateVergil
    [junit] 2012 ms. Memory: 1466368K Free: 643010K (44%)
    [junit] Exported /home/travis/build/icyphy/ptII/ptolemy/vergil/kernel/attributes/demo/AnimateVergil/AnimateVergil/index.html
    [junit] 6161 ms. Memory: 1466368K Free: 615868K (42%)
    [junit] ####### 47 Mon Jun 06 02:26:30 UTC 2022 $PTII/bin/ptinvoke ptolemy.vergil.basic.export.ExportModel -force htm  -openComposites -timeOut 30000 -whiteBackground ptolemy/verification/demo/iRobotHillClimbing/iRobotCreateVerification.xml $PTII/ptolemy/verification/demo/iRobotHillClimbing/iRobotCreateVerification
    [junit] Warning: not running ptolemy/verification/demo/iRobotHillClimbing/iRobotCreateVerification.xml. See ptolemy/vergil/basic/export/test/junit/ExportModelJUnitTest.java
    [junit] Exported /home/travis/build/icyphy/ptII/ptolemy/verification/demo/iRobotHillClimbing/iRobotCreateVerification/index.html
    [junit] 4927 ms. Memory: 1466368K Free: 948634K (65%)
    [junit] ####### 48 Mon Jun 06 02:26:35 UTC 2022 $PTII/bin/ptinvoke ptolemy.vergil.basic.export.ExportModel -force htm -run -openComposites -timeOut 30000 -whiteBackground ptolemy/verification/demo/RailroadControl/RailroadControl.xml $PTII/ptolemy/verification/demo/RailroadControl/RailroadControl
    [junit] Running .RailroadControl
    [junit] ExportHTMLTimer went off after 30000 ms., calling getDirector().finish and getDirector().stopFire()
    [junit] 30001 ms. Memory: 1466368K Free: 425938K (29%)
    [junit] Exported /home/travis/build/icyphy/ptII/ptolemy/verification/demo/RailroadControl/RailroadControl/index.html
    [junit] 34240 ms. Memory: 1466368K Free: 1121815K (77%)
    [junit] ####### 49 Mon Jun 06 02:27:09 UTC 2022 $PTII/bin/ptinvoke ptolemy.vergil.basic.export.ExportModel -force htm -run -openComposites -timeOut 30000 -whiteBackground ptolemy/verification/demo/SimpleTrafficLight/SimpleTrafficLight.xml $PTII/ptolemy/verification/demo/SimpleTrafficLight/SimpleTrafficLight
    [junit] Running .SimpleTrafficLight
    [junit] ExportHTMLTimer went off after 30000 ms., calling getDirector().finish and getDirector().stopFire()
    [junit] 30004 ms. Memory: 1466368K Free: 986683K (67%)
    [junit] Exported /home/travis/build/icyphy/ptII/ptolemy/verification/demo/SimpleTrafficLight/SimpleTrafficLight/index.html
    [junit] 34209 ms. Memory: 1466368K Free: 890398K (61%)
    [junit] ####### 50 Mon Jun 06 02:27:44 UTC 2022 $PTII/bin/ptinvoke ptolemy.vergil.basic.export.ExportModel -force htm -run -openComposites -timeOut 30000 -whiteBackground ptolemy/verification/demo/SimpleTrafficLight/SimpleTrafficLightDECTA.xml $PTII/ptolemy/verification/demo/SimpleTrafficLight/SimpleTrafficLightDECTA
    [junit] Running .SimpleTrafficLightDECTA
    [junit] ExportHTMLTimer went off after 30000 ms., calling getDirector().finish and getDirector().stopFire()
    [junit] 30010 ms. Memory: 1466368K Free: 1068374K (73%)
    [junit] Exported /home/travis/build/icyphy/ptII/ptolemy/verification/demo/SimpleTrafficLight/SimpleTrafficLightDECTA/index.html
    [junit] 34223 ms. Memory: 1466368K Free: 709431K (48%)
    [junit] ####### 51 Mon Jun 06 02:28:18 UTC 2022 $PTII/bin/ptinvoke ptolemy.vergil.basic.export.ExportModel -force htm -run -openComposites -timeOut 30000 -whiteBackground ptolemy/verification/demo/SimpleTrafficLight/SimpleTrafficLightGraphicalSpec.xml $PTII/ptolemy/verification/demo/SimpleTrafficLight/SimpleTrafficLightGraphicalSpec
    [junit] Running .SimpleTrafficLightGraphicalSpec
    [junit] ExportHTMLTimer went off after 30000 ms., calling getDirector().finish and getDirector().stopFire()
    [junit] 30004 ms. Memory: 1466368K Free: 569172K (39%)
    [junit] Exported /home/travis/build/icyphy/ptII/ptolemy/verification/demo/SimpleTrafficLight/SimpleTrafficLightGraphicalSpec/index.html
    [junit] 34191 ms. Memory: 1466368K Free: 474943K (32%)
    [junit] ####### 52 Mon Jun 06 02:28:52 UTC 2022 $PTII/bin/ptinvoke ptolemy.vergil.basic.export.ExportModel -force htm -run -openComposites -timeOut 30000 -whiteBackground ptolemy/verification/demo/SimpleTrafficLight/SimpleTrafficLightRTMaudeCG.xml $PTII/ptolemy/verification/demo/SimpleTrafficLight/SimpleTrafficLightRTMaudeCG
    [junit] Running .SimpleTrafficLightRTMaudeCG
    [junit] 78 ms. Memory: 1466368K Free: 364358K (25%)
    [junit] Exported /home/travis/build/icyphy/ptII/ptolemy/verification/demo/SimpleTrafficLight/SimpleTrafficLightRTMaudeCG/index.html
    [junit] 4370 ms. Memory: 1466368K Free: 1080367K (74%)
    [junit] ####### 53 Mon Jun 06 02:28:56 UTC 2022 $PTII/bin/ptinvoke ptolemy.vergil.basic.export.ExportModel -force htm  -openComposites -timeOut 30000 -whiteBackground ptolemy/verification/demo/SimpleTrafficLight/SimpleTrafficLightSMVModule.xml $PTII/ptolemy/verification/demo/SimpleTrafficLight/SimpleTrafficLightSMVModule
    [junit] Warning: not running ptolemy/verification/demo/SimpleTrafficLight/SimpleTrafficLightSMVModule.xml. See ptolemy/vergil/basic/export/test/junit/ExportModelJUnitTest.java
    [junit] Exported /home/travis/build/icyphy/ptII/ptolemy/verification/demo/SimpleTrafficLight/SimpleTrafficLightSMVModule/index.html
    [junit] 3222 ms. Memory: 1466368K Free: 893019K (61%)
    [junit] 
    [junit] Error: 
    [junit] Unable to export to web.
    [junit] java.util.ConcurrentModificationException
    [junit] 	at java.base/java.util.LinkedList$ListItr.checkForComodification(LinkedList.java:970)
    [junit] 	at java.base/java.util.LinkedList$ListItr.next(LinkedList.java:892)
    [junit] 	at java.base/java.util.Collections$UnmodifiableCollection$1.next(Collections.java:1045)
    [junit] 	at ptolemy.vergil.basic.export.web.DefaultIconScript._provideAttributes(DefaultIconScript.java:196)
    [junit] 	at ptolemy.vergil.basic.export.web.WebContent.provideContent(WebContent.java:176)
    [junit] 	at ptolemy.vergil.basic.export.html.ExportHTMLAction.writeHTML(ExportHTMLAction.java:745)
    [junit] 	at ptolemy.vergil.basic.BasicGraphFrame.writeHTML(BasicGraphFrame.java:1657)
    [junit] 	at ptolemy.vergil.basic.export.html.ExportHTMLAction$1$1.run(ExportHTMLAction.java:559)
    [junit] 	at java.desktop/java.awt.event.InvocationEvent.dispatch(InvocationEvent.java:313)
    [junit] 	at java.desktop/java.awt.EventQueue.dispatchEventImpl(EventQueue.java:770)
    [junit] 	at java.desktop/java.awt.EventQueue$4.run(EventQueue.java:721)
    [junit] 	at java.desktop/java.awt.EventQueue$4.run(EventQueue.java:715)
    [junit] 	at java.base/java.security.AccessController.doPrivileged(Native Method)
    [junit] 	at java.base/java.security.ProtectionDomain$JavaSecurityAccessImpl.doIntersectionPrivilege(ProtectionDomain.java:85)
    [junit] 	at java.desktop/java.awt.EventQueue.dispatchEvent(EventQueue.java:740)
    [junit] 	at java.desktop/java.awt.EventDispatchThread.pumpOneEventForFilters(EventDispatchThread.java:203)
    [junit] 	at java.desktop/java.awt.EventDispatchThread.pumpEventsForFilter(EventDispatchThread.java:124)
    [junit] 	at java.desktop/java.awt.EventDispatchThread.pumpEventsForHierarchy(EventDispatchThread.java:113)
    [junit] 	at java.desktop/java.awt.EventDispatchThread.pumpEvents(EventDispatchThread.java:109)
    [junit] 	at java.desktop/java.awt.EventDispatchThread.pumpEvents(EventDispatchThread.java:101)
    [junit] 	at java.desktop/java.awt.EventDispatchThread.run(EventDispatchThread.java:90)
    [junit] Jun 06, 2022 2:25:43 AM sun.awt.X11.XToolkit processException
    [junit] WARNING: Exception on Toolkit thread
    [junit] java.lang.NullPointerException
    [junit] 	at java.desktop/java.awt.Component$BltBufferStrategy.contentsLost(Component.java:4584)
    [junit] 	at java.desktop/java.awt.Component$BltSubRegionBufferStrategy.showIfNotLost(Component.java:4647)
    [junit] 	at java.desktop/javax.swing.BufferStrategyPaintManager.show(BufferStrategyPaintManager.java:208)
    [junit] 	at java.desktop/javax.swing.RepaintManager.show(RepaintManager.java:1430)
    [junit] 	at java.desktop/javax.swing.SwingPaintEventDispatcher.createPaintEvent(SwingPaintEventDispatcher.java:61)
    [junit] 	at java.desktop/sun.awt.X11.XWindow.postPaintEvent(XWindow.java:568)
    [junit] 	at java.desktop/sun.awt.X11.XContentWindow.postPaintEvent(XContentWindow.java:180)
    [junit] 	at java.desktop/sun.awt.X11.XWindow.handleExposeEvent(XWindow.java:562)
    [junit] 	at java.desktop/sun.awt.X11.XContentWindow.handleExposeEvent(XContentWindow.java:151)
    [junit] 	at java.desktop/sun.awt.X11.XBaseWindow.dispatchEvent(XBaseWindow.java:1132)
    [junit] 	at java.desktop/sun.awt.X11.XBaseWindow.dispatchToWindow(XBaseWindow.java:1108)
    [junit] 	at java.desktop/sun.awt.X11.XToolkit.dispatchEvent(XToolkit.java:621)
    [junit] 	at java.desktop/sun.awt.X11.XToolkit.run(XToolkit.java:736)
    [junit] 	at java.desktop/sun.awt.X11.XToolkit.run(XToolkit.java:652)
    [junit] 	at java.base/java.lang.Thread.run(Thread.java:834)
    [junit] 
    [junit] 

BUILD SUCCESSFUL
Total time: 14 minutes 31 seconds
