<?xml version="1.0" encoding="UTF-8" ?>
<testsuite errors="0" failures="0" hostname="travis-job-fc8c8e23-85b7-4882-9162-ad80fbc69887" name="ptolemy.actor.lib.hoc.test.junit.JUnitTclTest" skipped="0" tests="58" time="32.375" timestamp="2019-07-10T03:11:57">
  <properties>
[...]
</properties>
  <testcase classname="ptolemy.util.test.junit.TclTests" name="[0] /home/travis/build/icyphy/ptII/ptolemy/actor/lib/hoc/test/IterateOverArray.tcl (RunTclFile)" time="0.339" />
  <testcase classname="ptolemy.util.test.junit.AutoKnownFailedTests" name="[0] /home/travis/build/icyphy/ptII/ptolemy/actor/lib/hoc/test/auto/knownFailedTests/PreinitializeMustBeInvokedRunComposite.xml (RunModel)" time="0.431" />
  <testcase classname="ptolemy.util.test.junit.AutoNameArchTests" name="[0] ThereAreNoAutoArchTests (RunModel)" time="0.005" />
  <testcase classname="ptolemy.util.test.junit.AutoTests" name="[0] /home/travis/build/icyphy/ptII/ptolemy/actor/lib/hoc/test/auto/AllToAllMultiInstanceComposite.xml (RunModel)" time="0.492" />
  <testcase classname="ptolemy.util.test.junit.AutoTests" name="[1] /home/travis/build/icyphy/ptII/ptolemy/actor/lib/hoc/test/auto/ApplyFFTTest.xml (RunModel)" time="0.468" />
  <testcase classname="ptolemy.util.test.junit.AutoTests" name="[2] /home/travis/build/icyphy/ptII/ptolemy/actor/lib/hoc/test/auto/ApplyFunction.xml (RunModel)" time="0.026" />
  <testcase classname="ptolemy.util.test.junit.AutoTests" name="[3] /home/travis/build/icyphy/ptII/ptolemy/actor/lib/hoc/test/auto/BackgroundExecution.xml (RunModel)" time="0.743" />
  <testcase classname="ptolemy.util.test.junit.AutoTests" name="[4] /home/travis/build/icyphy/ptII/ptolemy/actor/lib/hoc/test/auto/Case.xml (RunModel)" time="0.067" />
  <testcase classname="ptolemy.util.test.junit.AutoTests" name="[5] /home/travis/build/icyphy/ptII/ptolemy/actor/lib/hoc/test/auto/Case1.xml (RunModel)" time="0.075" />
  <testcase classname="ptolemy.util.test.junit.AutoTests" name="[6] /home/travis/build/icyphy/ptII/ptolemy/actor/lib/hoc/test/auto/Case2.xml (RunModel)" time="0.093" />
  <testcase classname="ptolemy.util.test.junit.AutoTests" name="[7] /home/travis/build/icyphy/ptII/ptolemy/actor/lib/hoc/test/auto/Case3.xml (RunModel)" time="0.084" />
  <testcase classname="ptolemy.util.test.junit.AutoTests" name="[8] /home/travis/build/icyphy/ptII/ptolemy/actor/lib/hoc/test/auto/Case4.xml (RunModel)" time="0.095" />
  <testcase classname="ptolemy.util.test.junit.AutoTests" name="[9] /home/travis/build/icyphy/ptII/ptolemy/actor/lib/hoc/test/auto/Case5.xml (RunModel)" time="0.099" />
  <testcase classname="ptolemy.util.test.junit.AutoTests" name="[10] /home/travis/build/icyphy/ptII/ptolemy/actor/lib/hoc/test/auto/Case6.xml (RunModel)" time="0.125" />
  <testcase classname="ptolemy.util.test.junit.AutoTests" name="[11] /home/travis/build/icyphy/ptII/ptolemy/actor/lib/hoc/test/auto/CaseString2.xml (RunModel)" time="0.072" />
  <testcase classname="ptolemy.util.test.junit.AutoTests" name="[12] /home/travis/build/icyphy/ptII/ptolemy/actor/lib/hoc/test/auto/CatchUpComposite1.xml (RunModel)" time="0.09" />
  <testcase classname="ptolemy.util.test.junit.AutoTests" name="[13] /home/travis/build/icyphy/ptII/ptolemy/actor/lib/hoc/test/auto/CatchUpComposite2.xml (RunModel)" time="0.079" />
  <testcase classname="ptolemy.util.test.junit.AutoTests" name="[14] /home/travis/build/icyphy/ptII/ptolemy/actor/lib/hoc/test/auto/CatchUpComposite3.xml (RunModel)" time="0.077" />
  <testcase classname="ptolemy.util.test.junit.AutoTests" name="[15] /home/travis/build/icyphy/ptII/ptolemy/actor/lib/hoc/test/auto/CatchUpComposite4.xml (RunModel)" time="0.059" />
  <testcase classname="ptolemy.util.test.junit.AutoTests" name="[16] /home/travis/build/icyphy/ptII/ptolemy/actor/lib/hoc/test/auto/CatchUpComposite5.xml (RunModel)" time="0.051" />
  <testcase classname="ptolemy.util.test.junit.AutoTests" name="[17] /home/travis/build/icyphy/ptII/ptolemy/actor/lib/hoc/test/auto/CatchUpComposite6.xml (RunModel)" time="0.172" />
  <testcase classname="ptolemy.util.test.junit.AutoTests" name="[18] /home/travis/build/icyphy/ptII/ptolemy/actor/lib/hoc/test/auto/CatchUpComposite7.xml (RunModel)" time="0.073" />
  <testcase classname="ptolemy.util.test.junit.AutoTests" name="[19] /home/travis/build/icyphy/ptII/ptolemy/actor/lib/hoc/test/auto/ConcurrentExecutionTimeSDF.xml (RunModel)" time="1.757" />
  <testcase classname="ptolemy.util.test.junit.AutoTests" name="[20] /home/travis/build/icyphy/ptII/ptolemy/actor/lib/hoc/test/auto/ConcurrentSleep.xml (RunModel)" time="0.766" />
  <testcase classname="ptolemy.util.test.junit.AutoTests" name="[21] /home/travis/build/icyphy/ptII/ptolemy/actor/lib/hoc/test/auto/DEInPNInRunCompositeActor.xml (RunModel)" time="0.036" />
  <testcase classname="ptolemy.util.test.junit.AutoTests" name="[22] /home/travis/build/icyphy/ptII/ptolemy/actor/lib/hoc/test/auto/DFTSubSetTest.xml (RunModel)" time="0.326" />
  <testcase classname="ptolemy.util.test.junit.AutoTests" name="[23] /home/travis/build/icyphy/ptII/ptolemy/actor/lib/hoc/test/auto/HocDE.xml (RunModel)" time="0.179" />
  <testcase classname="ptolemy.util.test.junit.AutoTests" name="[24] /home/travis/build/icyphy/ptII/ptolemy/actor/lib/hoc/test/auto/IterateOverArray.xml (RunModel)" time="0.046" />
  <testcase classname="ptolemy.util.test.junit.AutoTests" name="[25] /home/travis/build/icyphy/ptII/ptolemy/actor/lib/hoc/test/auto/IterateOverArray10.xml (RunModel)" time="0.025" />
  <testcase classname="ptolemy.util.test.junit.AutoTests" name="[26] /home/travis/build/icyphy/ptII/ptolemy/actor/lib/hoc/test/auto/IterateOverArray11.xml (RunModel)" time="0.036" />
  <testcase classname="ptolemy.util.test.junit.AutoTests" name="[27] /home/travis/build/icyphy/ptII/ptolemy/actor/lib/hoc/test/auto/IterateOverArray12.xml (RunModel)" time="0.044" />
  <testcase classname="ptolemy.util.test.junit.AutoTests" name="[28] /home/travis/build/icyphy/ptII/ptolemy/actor/lib/hoc/test/auto/IterateOverArray13.xml (RunModel)" time="0.151" />
  <testcase classname="ptolemy.util.test.junit.AutoTests" name="[29] /home/travis/build/icyphy/ptII/ptolemy/actor/lib/hoc/test/auto/IterateOverArray14.xml (RunModel)" time="0.15" />
  <testcase classname="ptolemy.util.test.junit.AutoTests" name="[30] /home/travis/build/icyphy/ptII/ptolemy/actor/lib/hoc/test/auto/IterateOverArray2.xml (RunModel)" time="0.018" />
  <testcase classname="ptolemy.util.test.junit.AutoTests" name="[31] /home/travis/build/icyphy/ptII/ptolemy/actor/lib/hoc/test/auto/IterateOverArray3.xml (RunModel)" time="0.049" />
  <testcase classname="ptolemy.util.test.junit.AutoTests" name="[32] /home/travis/build/icyphy/ptII/ptolemy/actor/lib/hoc/test/auto/IterateOverArray4.xml (RunModel)" time="0.025" />
  <testcase classname="ptolemy.util.test.junit.AutoTests" name="[33] /home/travis/build/icyphy/ptII/ptolemy/actor/lib/hoc/test/auto/IterateOverArray5.xml (RunModel)" time="0.018" />
  <testcase classname="ptolemy.util.test.junit.AutoTests" name="[34] /home/travis/build/icyphy/ptII/ptolemy/actor/lib/hoc/test/auto/IterateOverArray6.xml (RunModel)" time="0.016" />
  <testcase classname="ptolemy.util.test.junit.AutoTests" name="[35] /home/travis/build/icyphy/ptII/ptolemy/actor/lib/hoc/test/auto/IterateOverArray7.xml (RunModel)" time="0.02" />
  <testcase classname="ptolemy.util.test.junit.AutoTests" name="[36] /home/travis/build/icyphy/ptII/ptolemy/actor/lib/hoc/test/auto/IterateOverArray8.xml (RunModel)" time="0.017" />
  <testcase classname="ptolemy.util.test.junit.AutoTests" name="[37] /home/travis/build/icyphy/ptII/ptolemy/actor/lib/hoc/test/auto/IterateOverArray9.xml (RunModel)" time="0.029" />
  <testcase classname="ptolemy.util.test.junit.AutoTests" name="[38] /home/travis/build/icyphy/ptII/ptolemy/actor/lib/hoc/test/auto/IterateOverArrayCoercedOutputType.xml (RunModel)" time="0.042" />
  <testcase classname="ptolemy.util.test.junit.AutoTests" name="[39] /home/travis/build/icyphy/ptII/ptolemy/actor/lib/hoc/test/auto/IterateOverArrayInferredOutputType.xml (RunModel)" time="0.03" />
  <testcase classname="ptolemy.util.test.junit.AutoTests" name="[40] /home/travis/build/icyphy/ptII/ptolemy/actor/lib/hoc/test/auto/MobileFunctionTest.xml (RunModel)" time="0.019" />
  <testcase classname="ptolemy.util.test.junit.AutoTests" name="[41] /home/travis/build/icyphy/ptII/ptolemy/actor/lib/hoc/test/auto/MobileModelTest.xml (RunModel)" time="0.203" />
  <testcase classname="ptolemy.util.test.junit.AutoTests" name="[42] /home/travis/build/icyphy/ptII/ptolemy/actor/lib/hoc/test/auto/ModelReference.xml (RunModel)" time="0.055" />
  <testcase classname="ptolemy.util.test.junit.AutoTests" name="[43] /home/travis/build/icyphy/ptII/ptolemy/actor/lib/hoc/test/auto/ModelReference3.xml (RunModel)" time="0.033" />
  <testcase classname="ptolemy.util.test.junit.AutoTests" name="[44] /home/travis/build/icyphy/ptII/ptolemy/actor/lib/hoc/test/auto/ModelReference4.xml (RunModel)" time="10.032" />
  <testcase classname="ptolemy.util.test.junit.AutoTests" name="[45] /home/travis/build/icyphy/ptII/ptolemy/actor/lib/hoc/test/auto/MultiInstanceComposite.xml (RunModel)" time="0.057" />
  <testcase classname="ptolemy.util.test.junit.AutoTests" name="[46] /home/travis/build/icyphy/ptII/ptolemy/actor/lib/hoc/test/auto/MultiInstanceComposite2.xml (RunModel)" time="0.043" />
  <testcase classname="ptolemy.util.test.junit.AutoTests" name="[47] /home/travis/build/icyphy/ptII/ptolemy/actor/lib/hoc/test/auto/MulticoreExecution.xml (RunModel)" time="1.091" />
  <testcase classname="ptolemy.util.test.junit.AutoTests" name="[48] /home/travis/build/icyphy/ptII/ptolemy/actor/lib/hoc/test/auto/ParallelExecution.xml (RunModel)" time="0.935" />
  <testcase classname="ptolemy.util.test.junit.AutoTests" name="[49] /home/travis/build/icyphy/ptII/ptolemy/actor/lib/hoc/test/auto/RunCompositeActor.xml (RunModel)" time="0.022" />
  <testcase classname="ptolemy.util.test.junit.AutoTests" name="[50] /home/travis/build/icyphy/ptII/ptolemy/actor/lib/hoc/test/auto/RunCompositeActor2.xml (RunModel)" time="0.023" />
  <testcase classname="ptolemy.util.test.junit.AutoTests" name="[51] /home/travis/build/icyphy/ptII/ptolemy/actor/lib/hoc/test/auto/RunCompositeActor3.xml (RunModel)" time="0.019" />
  <testcase classname="ptolemy.util.test.junit.AutoTests" name="[52] /home/travis/build/icyphy/ptII/ptolemy/actor/lib/hoc/test/auto/RunCompositeActor4.xml (RunModel)" time="0.023" />
  <testcase classname="ptolemy.util.test.junit.AutoTests" name="[53] /home/travis/build/icyphy/ptII/ptolemy/actor/lib/hoc/test/auto/RunCompositeIterateOverArray.xml (RunModel)" time="0.021" />
  <testcase classname="ptolemy.util.test.junit.AutoTests" name="[54] /home/travis/build/icyphy/ptII/ptolemy/actor/lib/hoc/test/auto/ThreadedJS.xml (RunModel)" time="11.487" />
  <system-out><![CDATA[/home/travis/build/icyphy/ptII/ptolemy/actor/lib/hoc/test/IterateOverArray.tcl
testDefs.tcl: setting time out to 9000 seconds at Wed Jul 10 03:11:57 UTC 2019
07/10/19 03:11:57
Failed: 0  Total Tests: 2  ((Passed: 2, Newly Passed: 0)  Known Failed: 0) /home/travis/build/icyphy/ptII/ptolemy/actor/lib/hoc/test
----------------- testing (KnownFailure) /home/travis/build/icyphy/ptII/ptolemy/actor/lib/hoc/test/auto/knownFailedTests/PreinitializeMustBeInvokedRunComposite.xml
142 ms. Memory: 120832K Free: 107637K (89%)
Known Failure: java.lang.reflect.InvocationTargetException
No auto/linux-amd64/*.xml tests in /home/travis/build/icyphy/ptII/ptolemy/actor/lib/hoc/test
AutoTests.java: About to close Vertx.
AutoTests.java: Vertx closed.

===========================================================================================
----------------- testing Wed Jul 10 03:11:58 UTC 2019 /home/travis/build/icyphy/ptII/ptolemy/actor/lib/hoc/test/auto/AllToAllMultiInstanceComposite.xml
----------------- Instantiating /home/travis/build/icyphy/ptII/ptolemy/actor/lib/hoc/test/auto/AllToAllMultiInstanceComposite.xml
223 ms. Memory: 191488K Free: 155078K (81%)
----------------- Invoking toplevel() on ptolemy.moml.MoMLSimpleApplication@126a0e14
----------------- Done invoking toplevel() on ptolemy.moml.MoMLSimpleApplication@126a0e14
reloadAllAccessors: .AllToAllMultiInstanceComposite

===========================================================================================
----------------- testing Wed Jul 10 03:11:59 UTC 2019 /home/travis/build/icyphy/ptII/ptolemy/actor/lib/hoc/test/auto/ApplyFFTTest.xml
----------------- Instantiating /home/travis/build/icyphy/ptII/ptolemy/actor/lib/hoc/test/auto/ApplyFFTTest.xml
162 ms. Memory: 191488K Free: 161613K (84%)
----------------- Invoking toplevel() on ptolemy.moml.MoMLSimpleApplication@30edbfa9
----------------- Done invoking toplevel() on ptolemy.moml.MoMLSimpleApplication@30edbfa9
reloadAllAccessors: .ApplyFFTTest

===========================================================================================
----------------- testing Wed Jul 10 03:11:59 UTC 2019 /home/travis/build/icyphy/ptII/ptolemy/actor/lib/hoc/test/auto/ApplyFunction.xml
----------------- Instantiating /home/travis/build/icyphy/ptII/ptolemy/actor/lib/hoc/test/auto/ApplyFunction.xml
5 ms. Memory: 191488K Free: 158205K (83%)
----------------- Invoking toplevel() on ptolemy.moml.MoMLSimpleApplication@73404bfa
----------------- Done invoking toplevel() on ptolemy.moml.MoMLSimpleApplication@73404bfa
reloadAllAccessors: .ApplyFunction

===========================================================================================
----------------- testing Wed Jul 10 03:11:59 UTC 2019 /home/travis/build/icyphy/ptII/ptolemy/actor/lib/hoc/test/auto/BackgroundExecution.xml
----------------- Instantiating /home/travis/build/icyphy/ptII/ptolemy/actor/lib/hoc/test/auto/BackgroundExecution.xml
627 ms. Memory: 191488K Free: 151107K (79%)
----------------- Invoking toplevel() on ptolemy.moml.MoMLSimpleApplication@2c52d585
----------------- Done invoking toplevel() on ptolemy.moml.MoMLSimpleApplication@2c52d585
reloadAllAccessors: .BackgroundExecution

===========================================================================================
----------------- testing Wed Jul 10 03:12:00 UTC 2019 /home/travis/build/icyphy/ptII/ptolemy/actor/lib/hoc/test/auto/Case.xml
----------------- Instantiating /home/travis/build/icyphy/ptII/ptolemy/actor/lib/hoc/test/auto/Case.xml
24 ms. Memory: 191488K Free: 143657K (75%)
----------------- Invoking toplevel() on ptolemy.moml.MoMLSimpleApplication@3626ef60
----------------- Done invoking toplevel() on ptolemy.moml.MoMLSimpleApplication@3626ef60
reloadAllAccessors: .Case

===========================================================================================
----------------- testing Wed Jul 10 03:12:00 UTC 2019 /home/travis/build/icyphy/ptII/ptolemy/actor/lib/hoc/test/auto/Case1.xml
----------------- Instantiating /home/travis/build/icyphy/ptII/ptolemy/actor/lib/hoc/test/auto/Case1.xml
41 ms. Memory: 191488K Free: 177254K (93%)
----------------- Invoking toplevel() on ptolemy.moml.MoMLSimpleApplication@6a96ff72
----------------- Done invoking toplevel() on ptolemy.moml.MoMLSimpleApplication@6a96ff72
reloadAllAccessors: .Case1

===========================================================================================
----------------- testing Wed Jul 10 03:12:00 UTC 2019 /home/travis/build/icyphy/ptII/ptolemy/actor/lib/hoc/test/auto/Case2.xml
----------------- Instantiating /home/travis/build/icyphy/ptII/ptolemy/actor/lib/hoc/test/auto/Case2.xml
35 ms. Memory: 191488K Free: 166264K (87%)
----------------- Invoking toplevel() on ptolemy.moml.MoMLSimpleApplication@7965b654
----------------- Done invoking toplevel() on ptolemy.moml.MoMLSimpleApplication@7965b654
reloadAllAccessors: .Case2

===========================================================================================
----------------- testing Wed Jul 10 03:12:00 UTC 2019 /home/travis/build/icyphy/ptII/ptolemy/actor/lib/hoc/test/auto/Case3.xml
----------------- Instantiating /home/travis/build/icyphy/ptII/ptolemy/actor/lib/hoc/test/auto/Case3.xml
39 ms. Memory: 191488K Free: 160456K (84%)
----------------- Invoking toplevel() on ptolemy.moml.MoMLSimpleApplication@66180804
----------------- Done invoking toplevel() on ptolemy.moml.MoMLSimpleApplication@66180804
reloadAllAccessors: .Case3

===========================================================================================
----------------- testing Wed Jul 10 03:12:00 UTC 2019 /home/travis/build/icyphy/ptII/ptolemy/actor/lib/hoc/test/auto/Case4.xml
----------------- Instantiating /home/travis/build/icyphy/ptII/ptolemy/actor/lib/hoc/test/auto/Case4.xml
15 ms. Memory: 191488K Free: 152272K (80%)
----------------- Invoking toplevel() on ptolemy.moml.MoMLSimpleApplication@5bcd8107
----------------- Done invoking toplevel() on ptolemy.moml.MoMLSimpleApplication@5bcd8107
reloadAllAccessors: .Case4

===========================================================================================
----------------- testing Wed Jul 10 03:12:00 UTC 2019 /home/travis/build/icyphy/ptII/ptolemy/actor/lib/hoc/test/auto/Case5.xml
----------------- Instantiating /home/travis/build/icyphy/ptII/ptolemy/actor/lib/hoc/test/auto/Case5.xml
39 ms. Memory: 191488K Free: 145754K (76%)
----------------- Invoking toplevel() on ptolemy.moml.MoMLSimpleApplication@67c22179
----------------- Done invoking toplevel() on ptolemy.moml.MoMLSimpleApplication@67c22179
reloadAllAccessors: .junk

===========================================================================================
----------------- testing Wed Jul 10 03:12:00 UTC 2019 /home/travis/build/icyphy/ptII/ptolemy/actor/lib/hoc/test/auto/Case6.xml
----------------- Instantiating /home/travis/build/icyphy/ptII/ptolemy/actor/lib/hoc/test/auto/Case6.xml
58 ms. Memory: 191488K Free: 134246K (70%)
----------------- Invoking toplevel() on ptolemy.moml.MoMLSimpleApplication@39b43603
----------------- Done invoking toplevel() on ptolemy.moml.MoMLSimpleApplication@39b43603
reloadAllAccessors: .Case6

===========================================================================================
----------------- testing Wed Jul 10 03:12:00 UTC 2019 /home/travis/build/icyphy/ptII/ptolemy/actor/lib/hoc/test/auto/CaseString2.xml
----------------- Instantiating /home/travis/build/icyphy/ptII/ptolemy/actor/lib/hoc/test/auto/CaseString2.xml
29 ms. Memory: 191488K Free: 126320K (66%)
----------------- Invoking toplevel() on ptolemy.moml.MoMLSimpleApplication@564f1e35
----------------- Done invoking toplevel() on ptolemy.moml.MoMLSimpleApplication@564f1e35
reloadAllAccessors: .CaseString2

===========================================================================================
----------------- testing Wed Jul 10 03:12:00 UTC 2019 /home/travis/build/icyphy/ptII/ptolemy/actor/lib/hoc/test/auto/CatchUpComposite1.xml
----------------- Instantiating /home/travis/build/icyphy/ptII/ptolemy/actor/lib/hoc/test/auto/CatchUpComposite1.xml
37 ms. Memory: 191488K Free: 117862K (62%)
----------------- Invoking toplevel() on ptolemy.moml.MoMLSimpleApplication@7000cb4f
----------------- Done invoking toplevel() on ptolemy.moml.MoMLSimpleApplication@7000cb4f
reloadAllAccessors: .CatchUpComposite1

===========================================================================================
----------------- testing Wed Jul 10 03:12:01 UTC 2019 /home/travis/build/icyphy/ptII/ptolemy/actor/lib/hoc/test/auto/CatchUpComposite2.xml
----------------- Instantiating /home/travis/build/icyphy/ptII/ptolemy/actor/lib/hoc/test/auto/CatchUpComposite2.xml
13 ms. Memory: 191488K Free: 109670K (57%)
----------------- Invoking toplevel() on ptolemy.moml.MoMLSimpleApplication@bf50b00
----------------- Done invoking toplevel() on ptolemy.moml.MoMLSimpleApplication@bf50b00
reloadAllAccessors: .CatchUpComposite2

===========================================================================================
----------------- testing Wed Jul 10 03:12:01 UTC 2019 /home/travis/build/icyphy/ptII/ptolemy/actor/lib/hoc/test/auto/CatchUpComposite3.xml
----------------- Instantiating /home/travis/build/icyphy/ptII/ptolemy/actor/lib/hoc/test/auto/CatchUpComposite3.xml
21 ms. Memory: 191488K Free: 174941K (91%)
----------------- Invoking toplevel() on ptolemy.moml.MoMLSimpleApplication@32f9271d
----------------- Done invoking toplevel() on ptolemy.moml.MoMLSimpleApplication@32f9271d
reloadAllAccessors: .CatchUpComposite3

===========================================================================================
----------------- testing Wed Jul 10 03:12:01 UTC 2019 /home/travis/build/icyphy/ptII/ptolemy/actor/lib/hoc/test/auto/CatchUpComposite4.xml
----------------- Instantiating /home/travis/build/icyphy/ptII/ptolemy/actor/lib/hoc/test/auto/CatchUpComposite4.xml
18 ms. Memory: 191488K Free: 166733K (87%)
----------------- Invoking toplevel() on ptolemy.moml.MoMLSimpleApplication@5fd90f63
----------------- Done invoking toplevel() on ptolemy.moml.MoMLSimpleApplication@5fd90f63
reloadAllAccessors: .CatchUpComposite4

===========================================================================================
----------------- testing Wed Jul 10 03:12:01 UTC 2019 /home/travis/build/icyphy/ptII/ptolemy/actor/lib/hoc/test/auto/CatchUpComposite5.xml
----------------- Instantiating /home/travis/build/icyphy/ptII/ptolemy/actor/lib/hoc/test/auto/CatchUpComposite5.xml
16 ms. Memory: 191488K Free: 159034K (83%)
----------------- Invoking toplevel() on ptolemy.moml.MoMLSimpleApplication@7b24b1a0
----------------- Done invoking toplevel() on ptolemy.moml.MoMLSimpleApplication@7b24b1a0
reloadAllAccessors: .CatchUpComposite5

===========================================================================================
----------------- testing Wed Jul 10 03:12:01 UTC 2019 /home/travis/build/icyphy/ptII/ptolemy/actor/lib/hoc/test/auto/CatchUpComposite6.xml
----------------- Instantiating /home/travis/build/icyphy/ptII/ptolemy/actor/lib/hoc/test/auto/CatchUpComposite6.xml
WARNING: The execution aspects in this model can influence the timing of actors by delaying the 
execution, potentially changing the behavior. There is no guarantee that actors fire at the 
time they request to be fired. 
Use Ptides for deterministic DE behavior that is not influenced by execution aspects. 

92 ms. Memory: 191488K Free: 144221K (75%)
----------------- Invoking toplevel() on ptolemy.moml.MoMLSimpleApplication@445d0865
----------------- Done invoking toplevel() on ptolemy.moml.MoMLSimpleApplication@445d0865
reloadAllAccessors: .CatchUpComposite6

===========================================================================================
----------------- testing Wed Jul 10 03:12:01 UTC 2019 /home/travis/build/icyphy/ptII/ptolemy/actor/lib/hoc/test/auto/CatchUpComposite7.xml
----------------- Instantiating /home/travis/build/icyphy/ptII/ptolemy/actor/lib/hoc/test/auto/CatchUpComposite7.xml
WARNING: The execution aspects in this model can influence the timing of actors by delaying the 
execution, potentially changing the behavior. There is no guarantee that actors fire at the 
time they request to be fired. 
Use Ptides for deterministic DE behavior that is not influenced by execution aspects. 

23 ms. Memory: 191488K Free: 130387K (68%)
----------------- Invoking toplevel() on ptolemy.moml.MoMLSimpleApplication@45581ae7
----------------- Done invoking toplevel() on ptolemy.moml.MoMLSimpleApplication@45581ae7
reloadAllAccessors: .CatchUpComposite7

===========================================================================================
----------------- testing Wed Jul 10 03:12:01 UTC 2019 /home/travis/build/icyphy/ptII/ptolemy/actor/lib/hoc/test/auto/ConcurrentExecutionTimeSDF.xml
----------------- Instantiating /home/travis/build/icyphy/ptII/ptolemy/actor/lib/hoc/test/auto/ConcurrentExecutionTimeSDF.xml
Fired ExecutionTime: 40400000
Fired ExecutionTime: 40400000
Fired ExecutionTime: 40400000
Fired ExecutionTime: 40400000
Fired ExecutionTime: 40400000
Fired ExecutionTime: 40400000
Fired ExecutionTime: 40400000
Fired ExecutionTime: 40400000
Fired ExecutionTime: 40400000
Fired ExecutionTime: 40400000
Fired ExecutionTime: 40400000
Fired ExecutionTime: 40400000
Fired ExecutionTime: 40400000
Fired ExecutionTime: 40400000
Fired ExecutionTime: 40400000
Fired ExecutionTime: 40400000
Fired ExecutionTime: 40400000
Fired ExecutionTime: 40400000
Fired ExecutionTime: 40400000
Fired ExecutionTime: 40400000
1733 ms. Memory: 191488K Free: 123218K (64%)
----------------- Invoking toplevel() on ptolemy.moml.MoMLSimpleApplication@1d511665
----------------- Done invoking toplevel() on ptolemy.moml.MoMLSimpleApplication@1d511665
reloadAllAccessors: .ConcurrentExecutionTimeSDF

===========================================================================================
----------------- testing Wed Jul 10 03:12:03 UTC 2019 /home/travis/build/icyphy/ptII/ptolemy/actor/lib/hoc/test/auto/ConcurrentSleep.xml
----------------- Instantiating /home/travis/build/icyphy/ptII/ptolemy/actor/lib/hoc/test/auto/ConcurrentSleep.xml
730 ms. Memory: 191488K Free: 112458K (59%)
----------------- Invoking toplevel() on ptolemy.moml.MoMLSimpleApplication@ce5be0c
----------------- Done invoking toplevel() on ptolemy.moml.MoMLSimpleApplication@ce5be0c
reloadAllAccessors: .ConcurrentSleep

===========================================================================================
----------------- testing Wed Jul 10 03:12:04 UTC 2019 /home/travis/build/icyphy/ptII/ptolemy/actor/lib/hoc/test/auto/DEInPNInRunCompositeActor.xml
----------------- Instantiating /home/travis/build/icyphy/ptII/ptolemy/actor/lib/hoc/test/auto/DEInPNInRunCompositeActor.xml
12 ms. Memory: 191488K Free: 106314K (56%)
----------------- Invoking toplevel() on ptolemy.moml.MoMLSimpleApplication@1444d396
----------------- Done invoking toplevel() on ptolemy.moml.MoMLSimpleApplication@1444d396
reloadAllAccessors: .DEInPNInRunCompositeActor

===========================================================================================
----------------- testing Wed Jul 10 03:12:04 UTC 2019 /home/travis/build/icyphy/ptII/ptolemy/actor/lib/hoc/test/auto/DFTSubSetTest.xml
----------------- Instantiating /home/travis/build/icyphy/ptII/ptolemy/actor/lib/hoc/test/auto/DFTSubSetTest.xml
244 ms. Memory: 241664K Free: 213007K (88%)
----------------- Invoking toplevel() on ptolemy.moml.MoMLSimpleApplication@3233a288
----------------- Done invoking toplevel() on ptolemy.moml.MoMLSimpleApplication@3233a288
reloadAllAccessors: .DFTSubSetTest

===========================================================================================
----------------- testing Wed Jul 10 03:12:04 UTC 2019 /home/travis/build/icyphy/ptII/ptolemy/actor/lib/hoc/test/auto/HocDE.xml
----------------- Instantiating /home/travis/build/icyphy/ptII/ptolemy/actor/lib/hoc/test/auto/HocDE.xml
110 ms. Memory: 241664K Free: 187891K (78%)
----------------- Invoking toplevel() on ptolemy.moml.MoMLSimpleApplication@9900489
----------------- Done invoking toplevel() on ptolemy.moml.MoMLSimpleApplication@9900489
reloadAllAccessors: .HocDE

===========================================================================================
----------------- testing Wed Jul 10 03:12:04 UTC 2019 /home/travis/build/icyphy/ptII/ptolemy/actor/lib/hoc/test/auto/IterateOverArray.xml
----------------- Instantiating /home/travis/build/icyphy/ptII/ptolemy/actor/lib/hoc/test/auto/IterateOverArray.xml
10 ms. Memory: 241664K Free: 183795K (76%)
----------------- Invoking toplevel() on ptolemy.moml.MoMLSimpleApplication@609a4926
----------------- Done invoking toplevel() on ptolemy.moml.MoMLSimpleApplication@609a4926
reloadAllAccessors: .IterateOverArray

===========================================================================================
----------------- testing Wed Jul 10 03:12:04 UTC 2019 /home/travis/build/icyphy/ptII/ptolemy/actor/lib/hoc/test/auto/IterateOverArray10.xml
----------------- Instantiating /home/travis/build/icyphy/ptII/ptolemy/actor/lib/hoc/test/auto/IterateOverArray10.xml
8 ms. Memory: 241664K Free: 180213K (75%)
----------------- Invoking toplevel() on ptolemy.moml.MoMLSimpleApplication@2d9568d
----------------- Done invoking toplevel() on ptolemy.moml.MoMLSimpleApplication@2d9568d
reloadAllAccessors: .IterateOverArray10

===========================================================================================
----------------- testing Wed Jul 10 03:12:04 UTC 2019 /home/travis/build/icyphy/ptII/ptolemy/actor/lib/hoc/test/auto/IterateOverArray11.xml
----------------- Instantiating /home/travis/build/icyphy/ptII/ptolemy/actor/lib/hoc/test/auto/IterateOverArray11.xml
14 ms. Memory: 241664K Free: 176117K (73%)
----------------- Invoking toplevel() on ptolemy.moml.MoMLSimpleApplication@58cac70b
----------------- Done invoking toplevel() on ptolemy.moml.MoMLSimpleApplication@58cac70b
reloadAllAccessors: .IterateOverArray11

===========================================================================================
----------------- testing Wed Jul 10 03:12:04 UTC 2019 /home/travis/build/icyphy/ptII/ptolemy/actor/lib/hoc/test/auto/IterateOverArray12.xml
----------------- Instantiating /home/travis/build/icyphy/ptII/ptolemy/actor/lib/hoc/test/auto/IterateOverArray12.xml
17 ms. Memory: 241664K Free: 169973K (70%)
----------------- Invoking toplevel() on ptolemy.moml.MoMLSimpleApplication@4b30c3c0
----------------- Done invoking toplevel() on ptolemy.moml.MoMLSimpleApplication@4b30c3c0
reloadAllAccessors: .IterateOverArray12

===========================================================================================
----------------- testing Wed Jul 10 03:12:04 UTC 2019 /home/travis/build/icyphy/ptII/ptolemy/actor/lib/hoc/test/auto/IterateOverArray13.xml
----------------- Instantiating /home/travis/build/icyphy/ptII/ptolemy/actor/lib/hoc/test/auto/IterateOverArray13.xml
69 ms. Memory: 241664K Free: 143859K (60%)
----------------- Invoking toplevel() on ptolemy.moml.MoMLSimpleApplication@1e58129c
----------------- Done invoking toplevel() on ptolemy.moml.MoMLSimpleApplication@1e58129c
reloadAllAccessors: .IterateOverArray13

===========================================================================================
----------------- testing Wed Jul 10 03:12:04 UTC 2019 /home/travis/build/icyphy/ptII/ptolemy/actor/lib/hoc/test/auto/IterateOverArray14.xml
----------------- Instantiating /home/travis/build/icyphy/ptII/ptolemy/actor/lib/hoc/test/auto/IterateOverArray14.xml
68 ms. Memory: 241664K Free: 110067K (46%)
----------------- Invoking toplevel() on ptolemy.moml.MoMLSimpleApplication@2623d777
----------------- Done invoking toplevel() on ptolemy.moml.MoMLSimpleApplication@2623d777
reloadAllAccessors: .IterateOverArray14

===========================================================================================
----------------- testing Wed Jul 10 03:12:05 UTC 2019 /home/travis/build/icyphy/ptII/ptolemy/actor/lib/hoc/test/auto/IterateOverArray2.xml
----------------- Instantiating /home/travis/build/icyphy/ptII/ptolemy/actor/lib/hoc/test/auto/IterateOverArray2.xml
4 ms. Memory: 241664K Free: 105461K (44%)
----------------- Invoking toplevel() on ptolemy.moml.MoMLSimpleApplication@3c134f23
----------------- Done invoking toplevel() on ptolemy.moml.MoMLSimpleApplication@3c134f23
reloadAllAccessors: .IterateOverArray2

===========================================================================================
----------------- testing Wed Jul 10 03:12:05 UTC 2019 /home/travis/build/icyphy/ptII/ptolemy/actor/lib/hoc/test/auto/IterateOverArray3.xml
----------------- Instantiating /home/travis/build/icyphy/ptII/ptolemy/actor/lib/hoc/test/auto/IterateOverArray3.xml
26 ms. Memory: 241664K Free: 227512K (94%)
----------------- Invoking toplevel() on ptolemy.moml.MoMLSimpleApplication@6478e5b6
----------------- Done invoking toplevel() on ptolemy.moml.MoMLSimpleApplication@6478e5b6
reloadAllAccessors: .IterateOverArray3

===========================================================================================
----------------- testing Wed Jul 10 03:12:05 UTC 2019 /home/travis/build/icyphy/ptII/ptolemy/actor/lib/hoc/test/auto/IterateOverArray4.xml
----------------- Instantiating /home/travis/build/icyphy/ptII/ptolemy/actor/lib/hoc/test/auto/IterateOverArray4.xml
5 ms. Memory: 241664K Free: 223016K (92%)
----------------- Invoking toplevel() on ptolemy.moml.MoMLSimpleApplication@269afac4
----------------- Done invoking toplevel() on ptolemy.moml.MoMLSimpleApplication@269afac4
reloadAllAccessors: .IterateOverArray4

===========================================================================================
----------------- testing Wed Jul 10 03:12:05 UTC 2019 /home/travis/build/icyphy/ptII/ptolemy/actor/lib/hoc/test/auto/IterateOverArray5.xml
----------------- Instantiating /home/travis/build/icyphy/ptII/ptolemy/actor/lib/hoc/test/auto/IterateOverArray5.xml
3 ms. Memory: 241664K Free: 218920K (91%)
----------------- Invoking toplevel() on ptolemy.moml.MoMLSimpleApplication@4e442419
----------------- Done invoking toplevel() on ptolemy.moml.MoMLSimpleApplication@4e442419
reloadAllAccessors: .IterateOverArray5

===========================================================================================
----------------- testing Wed Jul 10 03:12:05 UTC 2019 /home/travis/build/icyphy/ptII/ptolemy/actor/lib/hoc/test/auto/IterateOverArray6.xml
----------------- Instantiating /home/travis/build/icyphy/ptII/ptolemy/actor/lib/hoc/test/auto/IterateOverArray6.xml
2 ms. Memory: 241664K Free: 215848K (89%)
----------------- Invoking toplevel() on ptolemy.moml.MoMLSimpleApplication@17523cb5
----------------- Done invoking toplevel() on ptolemy.moml.MoMLSimpleApplication@17523cb5
reloadAllAccessors: .IterateOverArray6

===========================================================================================
----------------- testing Wed Jul 10 03:12:05 UTC 2019 /home/travis/build/icyphy/ptII/ptolemy/actor/lib/hoc/test/auto/IterateOverArray7.xml
----------------- Instantiating /home/travis/build/icyphy/ptII/ptolemy/actor/lib/hoc/test/auto/IterateOverArray7.xml
4 ms. Memory: 241664K Free: 210728K (87%)
----------------- Invoking toplevel() on ptolemy.moml.MoMLSimpleApplication@4f2a0cff
----------------- Done invoking toplevel() on ptolemy.moml.MoMLSimpleApplication@4f2a0cff
reloadAllAccessors: .IterateOverArray7

===========================================================================================
----------------- testing Wed Jul 10 03:12:05 UTC 2019 /home/travis/build/icyphy/ptII/ptolemy/actor/lib/hoc/test/auto/IterateOverArray8.xml
----------------- Instantiating /home/travis/build/icyphy/ptII/ptolemy/actor/lib/hoc/test/auto/IterateOverArray8.xml
4 ms. Memory: 241664K Free: 206632K (86%)
----------------- Invoking toplevel() on ptolemy.moml.MoMLSimpleApplication@9cd374f
----------------- Done invoking toplevel() on ptolemy.moml.MoMLSimpleApplication@9cd374f
reloadAllAccessors: .IterateOverArray8

===========================================================================================
----------------- testing Wed Jul 10 03:12:05 UTC 2019 /home/travis/build/icyphy/ptII/ptolemy/actor/lib/hoc/test/auto/IterateOverArray9.xml
----------------- Instantiating /home/travis/build/icyphy/ptII/ptolemy/actor/lib/hoc/test/auto/IterateOverArray9.xml
6 ms. Memory: 241664K Free: 203046K (84%)
----------------- Invoking toplevel() on ptolemy.moml.MoMLSimpleApplication@66643fe6
----------------- Done invoking toplevel() on ptolemy.moml.MoMLSimpleApplication@66643fe6
reloadAllAccessors: .IterateOverArray9

===========================================================================================
----------------- testing Wed Jul 10 03:12:05 UTC 2019 /home/travis/build/icyphy/ptII/ptolemy/actor/lib/hoc/test/auto/IterateOverArrayCoercedOutputType.xml
----------------- Instantiating /home/travis/build/icyphy/ptII/ptolemy/actor/lib/hoc/test/auto/IterateOverArrayCoercedOutputType.xml
12 ms. Memory: 241664K Free: 197926K (82%)
----------------- Invoking toplevel() on ptolemy.moml.MoMLSimpleApplication@6858d50d
----------------- Done invoking toplevel() on ptolemy.moml.MoMLSimpleApplication@6858d50d
reloadAllAccessors: .IterateOverArrayCoercedOutputType

===========================================================================================
----------------- testing Wed Jul 10 03:12:05 UTC 2019 /home/travis/build/icyphy/ptII/ptolemy/actor/lib/hoc/test/auto/IterateOverArrayInferredOutputType.xml
----------------- Instantiating /home/travis/build/icyphy/ptII/ptolemy/actor/lib/hoc/test/auto/IterateOverArrayInferredOutputType.xml
8 ms. Memory: 241664K Free: 193320K (80%)
----------------- Invoking toplevel() on ptolemy.moml.MoMLSimpleApplication@95b226e
----------------- Done invoking toplevel() on ptolemy.moml.MoMLSimpleApplication@95b226e
reloadAllAccessors: .IterateOverArrayInferredOutputType

===========================================================================================
----------------- testing Wed Jul 10 03:12:05 UTC 2019 /home/travis/build/icyphy/ptII/ptolemy/actor/lib/hoc/test/auto/MobileFunctionTest.xml
----------------- Instantiating /home/travis/build/icyphy/ptII/ptolemy/actor/lib/hoc/test/auto/MobileFunctionTest.xml
3 ms. Memory: 241664K Free: 188680K (78%)
----------------- Invoking toplevel() on ptolemy.moml.MoMLSimpleApplication@1780412
----------------- Done invoking toplevel() on ptolemy.moml.MoMLSimpleApplication@1780412
reloadAllAccessors: .MobileFunctionTest

===========================================================================================
----------------- testing Wed Jul 10 03:12:05 UTC 2019 /home/travis/build/icyphy/ptII/ptolemy/actor/lib/hoc/test/auto/MobileModelTest.xml
----------------- Instantiating /home/travis/build/icyphy/ptII/ptolemy/actor/lib/hoc/test/auto/MobileModelTest.xml
165 ms. Memory: 241664K Free: 168230K (70%)
----------------- Invoking toplevel() on ptolemy.moml.MoMLSimpleApplication@63772f84
----------------- Done invoking toplevel() on ptolemy.moml.MoMLSimpleApplication@63772f84
reloadAllAccessors: .MobileModelTest

===========================================================================================
----------------- testing Wed Jul 10 03:12:05 UTC 2019 /home/travis/build/icyphy/ptII/ptolemy/actor/lib/hoc/test/auto/ModelReference.xml
----------------- Instantiating /home/travis/build/icyphy/ptII/ptolemy/actor/lib/hoc/test/auto/ModelReference.xml
3 ms. Memory: 241664K Free: 161576K (67%)
2 ms. Memory: 241664K Free: 161048K (67%)
2 ms. Memory: 241664K Free: 160038K (66%)
2 ms. Memory: 241664K Free: 159014K (66%)
1 ms. Memory: 241664K Free: 158504K (66%)
2 ms. Memory: 241664K Free: 157480K (65%)
2 ms. Memory: 241664K Free: 156952K (65%)
2 ms. Memory: 241664K Free: 155942K (65%)
1 ms. Memory: 241664K Free: 154918K (64%)
1 ms. Memory: 241664K Free: 154408K (64%)
23 ms. Memory: 241664K Free: 154408K (64%)
----------------- Invoking toplevel() on ptolemy.moml.MoMLSimpleApplication@2a8c78b2
----------------- Done invoking toplevel() on ptolemy.moml.MoMLSimpleApplication@2a8c78b2
reloadAllAccessors: .ModelReference

===========================================================================================
----------------- testing Wed Jul 10 03:12:05 UTC 2019 /home/travis/build/icyphy/ptII/ptolemy/actor/lib/hoc/test/auto/ModelReference3.xml
----------------- Instantiating /home/travis/build/icyphy/ptII/ptolemy/actor/lib/hoc/test/auto/ModelReference3.xml
2 ms. Memory: 241664K Free: 149288K (62%)
1 ms. Memory: 241664K Free: 148760K (62%)
1 ms. Memory: 241664K Free: 147750K (61%)
2 ms. Memory: 241664K Free: 147240K (61%)
2 ms. Memory: 241664K Free: 146216K (61%)
1 ms. Memory: 241664K Free: 145672K (60%)
1 ms. Memory: 241664K Free: 144664K (60%)
2 ms. Memory: 241664K Free: 143654K (59%)
2 ms. Memory: 241664K Free: 143144K (59%)
1 ms. Memory: 241664K Free: 142120K (59%)
21 ms. Memory: 241664K Free: 142120K (59%)
----------------- Invoking toplevel() on ptolemy.moml.MoMLSimpleApplication@4a9395e3
----------------- Done invoking toplevel() on ptolemy.moml.MoMLSimpleApplication@4a9395e3
reloadAllAccessors: .ModelReference3

===========================================================================================
----------------- testing Wed Jul 10 03:12:05 UTC 2019 /home/travis/build/icyphy/ptII/ptolemy/actor/lib/hoc/test/auto/ModelReference4.xml
----------------- Instantiating /home/travis/build/icyphy/ptII/ptolemy/actor/lib/hoc/test/auto/ModelReference4.xml
3 ms. Memory: 241664K Free: 137496K (57%)
7 ms. Memory: 241664K Free: 135976K (56%)
2 ms. Memory: 241664K Free: 134952K (56%)
2 ms. Memory: 241664K Free: 133408K (55%)
2 ms. Memory: 241664K Free: 132376K (55%)
11 ms. Memory: 241664K Free: 131366K (54%)
5 ms. Memory: 241664K Free: 129832K (54%)
4 ms. Memory: 241664K Free: 128808K (53%)
2 ms. Memory: 241664K Free: 127270K (53%)
2 ms. Memory: 241664K Free: 126216K (52%)
10022 ms. Memory: 241664K Free: 126216K (52%)
----------------- Invoking toplevel() on ptolemy.moml.MoMLSimpleApplication@418bc2da
----------------- Done invoking toplevel() on ptolemy.moml.MoMLSimpleApplication@418bc2da
reloadAllAccessors: .ModelReference4

===========================================================================================
----------------- testing Wed Jul 10 03:12:15 UTC 2019 /home/travis/build/icyphy/ptII/ptolemy/actor/lib/hoc/test/auto/MultiInstanceComposite.xml
----------------- Instantiating /home/travis/build/icyphy/ptII/ptolemy/actor/lib/hoc/test/auto/MultiInstanceComposite.xml
28 ms. Memory: 241664K Free: 107304K (44%)
----------------- Invoking toplevel() on ptolemy.moml.MoMLSimpleApplication@2c63dab3
----------------- Done invoking toplevel() on ptolemy.moml.MoMLSimpleApplication@2c63dab3
reloadAllAccessors: .MultiInstanceComposite

===========================================================================================
----------------- testing Wed Jul 10 03:12:15 UTC 2019 /home/travis/build/icyphy/ptII/ptolemy/actor/lib/hoc/test/auto/MultiInstanceComposite2.xml
----------------- Instantiating /home/travis/build/icyphy/ptII/ptolemy/actor/lib/hoc/test/auto/MultiInstanceComposite2.xml
23 ms. Memory: 241664K Free: 96040K (40%)
----------------- Invoking toplevel() on ptolemy.moml.MoMLSimpleApplication@314f55c4
----------------- Done invoking toplevel() on ptolemy.moml.MoMLSimpleApplication@314f55c4
reloadAllAccessors: .MultiInstanceComposite2

===========================================================================================
----------------- testing Wed Jul 10 03:12:15 UTC 2019 /home/travis/build/icyphy/ptII/ptolemy/actor/lib/hoc/test/auto/MulticoreExecution.xml
----------------- Instantiating /home/travis/build/icyphy/ptII/ptolemy/actor/lib/hoc/test/auto/MulticoreExecution.xml
Fired ExecutionTime: 2800000
Fired ExecutionTime: 2400000
Fired ExecutionTime: 2800000
Fired ExecutionTime: 3200000
Fired ExecutionTime: 44400000
Fired ExecutionTime: 68000000
Fired ExecutionTime: 66400000
Fired ExecutionTime: 66000000
Fired ExecutionTime: 74000000
Fired ExecutionTime: 75600000
Fired ExecutionTime: 35200000
Fired ExecutionTime: 64400000
Fired ExecutionTime: 63600000
Fired ExecutionTime: 42000000
Fired ExecutionTime: 56400000
Fired ExecutionTime: 67200000
Fired ExecutionTime: 69200000
Fired ExecutionTime: 68800000
Fired ExecutionTime: 66000000
Fired ExecutionTime: 60800000
1070 ms. Memory: 241664K Free: 86824K (36%)
----------------- Invoking toplevel() on ptolemy.moml.MoMLSimpleApplication@2686b4dd
----------------- Done invoking toplevel() on ptolemy.moml.MoMLSimpleApplication@2686b4dd
reloadAllAccessors: .MulticoreExecution

===========================================================================================
----------------- testing Wed Jul 10 03:12:16 UTC 2019 /home/travis/build/icyphy/ptII/ptolemy/actor/lib/hoc/test/auto/ParallelExecution.xml
----------------- Instantiating /home/travis/build/icyphy/ptII/ptolemy/actor/lib/hoc/test/auto/ParallelExecution.xml
916 ms. Memory: 241664K Free: 220139K (91%)
----------------- Invoking toplevel() on ptolemy.moml.MoMLSimpleApplication@1cad6880
----------------- Done invoking toplevel() on ptolemy.moml.MoMLSimpleApplication@1cad6880
reloadAllAccessors: .ParallelExecution

===========================================================================================
----------------- testing Wed Jul 10 03:12:17 UTC 2019 /home/travis/build/icyphy/ptII/ptolemy/actor/lib/hoc/test/auto/RunCompositeActor.xml
----------------- Instantiating /home/travis/build/icyphy/ptII/ptolemy/actor/lib/hoc/test/auto/RunCompositeActor.xml
8 ms. Memory: 241664K Free: 212965K (88%)
----------------- Invoking toplevel() on ptolemy.moml.MoMLSimpleApplication@7d196055
----------------- Done invoking toplevel() on ptolemy.moml.MoMLSimpleApplication@7d196055
reloadAllAccessors: .RunCompositeActor

===========================================================================================
----------------- testing Wed Jul 10 03:12:17 UTC 2019 /home/travis/build/icyphy/ptII/ptolemy/actor/lib/hoc/test/auto/RunCompositeActor2.xml
----------------- Instantiating /home/travis/build/icyphy/ptII/ptolemy/actor/lib/hoc/test/auto/RunCompositeActor2.xml
9 ms. Memory: 241664K Free: 206813K (86%)
----------------- Invoking toplevel() on ptolemy.moml.MoMLSimpleApplication@54ace17e
----------------- Done invoking toplevel() on ptolemy.moml.MoMLSimpleApplication@54ace17e
reloadAllAccessors: .RunCompositeActor2

===========================================================================================
----------------- testing Wed Jul 10 03:12:17 UTC 2019 /home/travis/build/icyphy/ptII/ptolemy/actor/lib/hoc/test/auto/RunCompositeActor3.xml
----------------- Instantiating /home/travis/build/icyphy/ptII/ptolemy/actor/lib/hoc/test/auto/RunCompositeActor3.xml
3 ms. Memory: 241664K Free: 201197K (83%)
----------------- Invoking toplevel() on ptolemy.moml.MoMLSimpleApplication@60527e0a
----------------- Done invoking toplevel() on ptolemy.moml.MoMLSimpleApplication@60527e0a
reloadAllAccessors: .RunCompositeActor3

===========================================================================================
----------------- testing Wed Jul 10 03:12:17 UTC 2019 /home/travis/build/icyphy/ptII/ptolemy/actor/lib/hoc/test/auto/RunCompositeActor4.xml
----------------- Instantiating /home/travis/build/icyphy/ptII/ptolemy/actor/lib/hoc/test/auto/RunCompositeActor4.xml
10 ms. Memory: 241664K Free: 193005K (80%)
----------------- Invoking toplevel() on ptolemy.moml.MoMLSimpleApplication@19908dc1
----------------- Done invoking toplevel() on ptolemy.moml.MoMLSimpleApplication@19908dc1
reloadAllAccessors: .RunCompositeActor4

===========================================================================================
----------------- testing Wed Jul 10 03:12:18 UTC 2019 /home/travis/build/icyphy/ptII/ptolemy/actor/lib/hoc/test/auto/RunCompositeIterateOverArray.xml
----------------- Instantiating /home/travis/build/icyphy/ptII/ptolemy/actor/lib/hoc/test/auto/RunCompositeIterateOverArray.xml
5 ms. Memory: 241664K Free: 186861K (77%)
----------------- Invoking toplevel() on ptolemy.moml.MoMLSimpleApplication@f428d41
----------------- Done invoking toplevel() on ptolemy.moml.MoMLSimpleApplication@f428d41
reloadAllAccessors: .RunCompositeIterateOverArray

===========================================================================================
----------------- testing Wed Jul 10 03:12:18 UTC 2019 /home/travis/build/icyphy/ptII/ptolemy/actor/lib/hoc/test/auto/ThreadedJS.xml
----------------- Instantiating /home/travis/build/icyphy/ptII/ptolemy/actor/lib/hoc/test/auto/ThreadedJS.xml
4988 ms. Memory: 290816K Free: 152169K (52%)
----------------- Invoking toplevel() on ptolemy.moml.MoMLSimpleApplication@5cb5c224
----------------- Done invoking toplevel() on ptolemy.moml.MoMLSimpleApplication@5cb5c224
reloadAllAccessors: .ThreadedJS
AutoTests.java: About to close Vertx.
AutoTests.java: Vertx closed.
]]></system-out>
  <system-err><![CDATA[java.lang.RuntimeException: Execution failed
	at ptolemy.moml.MoMLSimpleApplication$UnloadThread.run(MoMLSimpleApplication.java:402)
Caused by: ptolemy.kernel.util.IllegalActionException: initialize() was called after wrapup() was called but preinitialize() was not called after wrapup().
	at ptolemy.actor.lib.hoc.test.PreinitializeMustBeInvoked.initialize(PreinitializeMustBeInvoked.java:78)
	at ptolemy.actor.Director.initialize(Director.java:938)
	at ptolemy.actor.Director.initialize(Director.java:907)
	at ptolemy.actor.sched.StaticSchedulingDirector.initialize(StaticSchedulingDirector.java:159)
	at ptolemy.domains.sdf.kernel.SDFDirector.initialize(SDFDirector.java:544)
	at ptolemy.actor.CompositeActor.initialize(CompositeActor.java:935)
	at ptolemy.actor.lib.hoc.LifeCycleManager._executeInsideModel(LifeCycleManager.java:339)
	at ptolemy.actor.lib.hoc.RunCompositeActor.fire(RunCompositeActor.java:205)
	at ptolemy.actor.CompositeActor.iterate(CompositeActor.java:1146)
	at ptolemy.actor.sched.StaticSchedulingDirector.fire(StaticSchedulingDirector.java:216)
	at ptolemy.domains.sdf.kernel.SDFDirector.fire(SDFDirector.java:500)
	at ptolemy.actor.CompositeActor.fire(CompositeActor.java:455)
	at ptolemy.actor.Manager.iterate(Manager.java:851)
	at ptolemy.actor.Manager.execute(Manager.java:369)
	at ptolemy.actor.Manager.run(Manager.java:1263)
	at ptolemy.actor.Manager$PtolemyRunThread.run(Manager.java:1915)
java.lang.reflect.InvocationTargetException
	at java.base/jdk.internal.reflect.NativeConstructorAccessorImpl.newInstance0(Native Method)
	at java.base/jdk.internal.reflect.NativeConstructorAccessorImpl.newInstance(NativeConstructorAccessorImpl.java:62)
	at java.base/jdk.internal.reflect.DelegatingConstructorAccessorImpl.newInstance(DelegatingConstructorAccessorImpl.java:45)
	at java.base/java.lang.reflect.Constructor.newInstance(Constructor.java:490)
	at ptolemy.util.test.junit.AutoKnownFailedTests.RunModel(AutoKnownFailedTests.java:105)
	at java.base/jdk.internal.reflect.NativeMethodAccessorImpl.invoke0(Native Method)
	at java.base/jdk.internal.reflect.NativeMethodAccessorImpl.invoke(NativeMethodAccessorImpl.java:62)
	at java.base/jdk.internal.reflect.DelegatingMethodAccessorImpl.invoke(DelegatingMethodAccessorImpl.java:43)
	at java.base/java.lang.reflect.Method.invoke(Method.java:566)
	at org.junit.runners.model.FrameworkMethod$1.runReflectiveCall(FrameworkMethod.java:44)
	at org.junit.internal.runners.model.ReflectiveCallable.run(ReflectiveCallable.java:15)
	at org.junit.runners.model.FrameworkMethod.invokeExplosively(FrameworkMethod.java:41)
	at junitparams.internal.InvokeParameterisedMethod.evaluate(InvokeParameterisedMethod.java:102)
	at org.junit.internal.runners.statements.FailOnTimeout$1.run(FailOnTimeout.java:28)
Caused by: ptolemy.kernel.util.IllegalActionException: initialize() was called after wrapup() was called but preinitialize() was not called after wrapup().
	at ptolemy.actor.lib.hoc.test.PreinitializeMustBeInvoked.initialize(PreinitializeMustBeInvoked.java:78)
	at ptolemy.actor.Director.initialize(Director.java:938)
	at ptolemy.actor.Director.initialize(Director.java:907)
	at ptolemy.actor.sched.StaticSchedulingDirector.initialize(StaticSchedulingDirector.java:159)
	at ptolemy.domains.sdf.kernel.SDFDirector.initialize(SDFDirector.java:544)
	at ptolemy.actor.CompositeActor.initialize(CompositeActor.java:935)
	at ptolemy.actor.lib.hoc.LifeCycleManager._executeInsideModel(LifeCycleManager.java:339)
	at ptolemy.actor.lib.hoc.RunCompositeActor.fire(RunCompositeActor.java:205)
	at ptolemy.actor.CompositeActor.iterate(CompositeActor.java:1146)
	at ptolemy.actor.sched.StaticSchedulingDirector.fire(StaticSchedulingDirector.java:216)
	at ptolemy.domains.sdf.kernel.SDFDirector.fire(SDFDirector.java:500)
	at ptolemy.actor.CompositeActor.fire(CompositeActor.java:455)
	at ptolemy.actor.Manager.iterate(Manager.java:851)
	at ptolemy.actor.Manager.execute(Manager.java:369)
	at ptolemy.actor.Manager.run(Manager.java:1263)
	at ptolemy.actor.Manager$PtolemyRunThread.run(Manager.java:1915)
Warning: Nashorn engine is planned to be removed from a future JDK release
Warning: Nashorn engine is planned to be removed from a future JDK release
Warning: Nashorn engine is planned to be removed from a future JDK release
Warning: Nashorn engine is planned to be removed from a future JDK release
Warning: Nashorn engine is planned to be removed from a future JDK release
Warning: Nashorn engine is planned to be removed from a future JDK release
Warning: Nashorn engine is planned to be removed from a future JDK release
Warning: Nashorn engine is planned to be removed from a future JDK release
]]></system-err>
</testsuite>
