<?xml version="1.0" encoding="UTF-8" ?>
<testsuite errors="0" failures="0" hostname="travis-job-3076ee92-c1ca-4833-b5d8-b9c85d7a5412" name="ptolemy.domains.modal.test.junit.JUnitTclTest" skipped="0" tests="148" time="10.368" timestamp="2020-01-10T06:51:24">
  <properties>
[...]
</properties>
  <testcase classname="ptolemy.util.test.junit.TclTests" name="[0] /home/travis/build/icyphy/ptII/ptolemy/domains/modal/test/SystemLevelType.tcl (RunTclFile)" time="1.814" />
  <testcase classname="ptolemy.util.test.junit.AutoKnownFailedTests" name="[0] /home/travis/build/icyphy/ptII/ptolemy/domains/modal/test/auto/knownFailedTests/CannotAnalysisWithPreemption.xml (RunModel)" time="0.242" />
  <testcase classname="ptolemy.util.test.junit.AutoNameArchTests" name="[0] ThereAreNoAutoArchTests (RunModel)" time="0.007" />
  <testcase classname="ptolemy.util.test.junit.AutoTests" name="[0] /home/travis/build/icyphy/ptII/ptolemy/domains/modal/test/auto/ABPTest.xml (RunModel)" time="0.705" />
  <testcase classname="ptolemy.util.test.junit.AutoTests" name="[1] /home/travis/build/icyphy/ptII/ptolemy/domains/modal/test/auto/ABROFlat.xml (RunModel)" time="0.082" />
  <testcase classname="ptolemy.util.test.junit.AutoTests" name="[2] /home/travis/build/icyphy/ptII/ptolemy/domains/modal/test/auto/ABROFlat2.xml (RunModel)" time="0.075" />
  <testcase classname="ptolemy.util.test.junit.AutoTests" name="[3] /home/travis/build/icyphy/ptII/ptolemy/domains/modal/test/auto/ABRO_present_hmm.xml (RunModel)" time="0.154" />
  <testcase classname="ptolemy.util.test.junit.AutoTests" name="[4] /home/travis/build/icyphy/ptII/ptolemy/domains/modal/test/auto/AMICoderExample.xml (RunModel)" time="0.078" />
  <testcase classname="ptolemy.util.test.junit.AutoTests" name="[5] /home/travis/build/icyphy/ptII/ptolemy/domains/modal/test/auto/AbsentToPresent.xml (RunModel)" time="0.022" />
  <testcase classname="ptolemy.util.test.junit.AutoTests" name="[6] /home/travis/build/icyphy/ptII/ptolemy/domains/modal/test/auto/Blending.xml (RunModel)" time="0.292" />
  <testcase classname="ptolemy.util.test.junit.AutoTests" name="[7] /home/travis/build/icyphy/ptII/ptolemy/domains/modal/test/auto/Broadcast.xml (RunModel)" time="0.046" />
  <testcase classname="ptolemy.util.test.junit.AutoTests" name="[8] /home/travis/build/icyphy/ptII/ptolemy/domains/modal/test/auto/BroadcastHierarchy.xml (RunModel)" time="0.073" />
  <testcase classname="ptolemy.util.test.junit.AutoTests" name="[9] /home/travis/build/icyphy/ptII/ptolemy/domains/modal/test/auto/BroadcastHierarchy2.xml (RunModel)" time="0.117" />
  <testcase classname="ptolemy.util.test.junit.AutoTests" name="[10] /home/travis/build/icyphy/ptII/ptolemy/domains/modal/test/auto/BroadcastHierarchy3.xml (RunModel)" time="0.09" />
  <testcase classname="ptolemy.util.test.junit.AutoTests" name="[11] /home/travis/build/icyphy/ptII/ptolemy/domains/modal/test/auto/BroadcastHierarchy4.xml (RunModel)" time="0.074" />
  <testcase classname="ptolemy.util.test.junit.AutoTests" name="[12] /home/travis/build/icyphy/ptII/ptolemy/domains/modal/test/auto/CannotAnalysisWithPreemption2.xml (RunModel)" time="0.032" />
  <testcase classname="ptolemy.util.test.junit.AutoTests" name="[13] /home/travis/build/icyphy/ptII/ptolemy/domains/modal/test/auto/CannotAnalysisWithPreemption3.xml (RunModel)" time="0.03" />
  <testcase classname="ptolemy.util.test.junit.AutoTests" name="[14] /home/travis/build/icyphy/ptII/ptolemy/domains/modal/test/auto/CannotProduce.xml (RunModel)" time="0.025" />
  <testcase classname="ptolemy.util.test.junit.AutoTests" name="[15] /home/travis/build/icyphy/ptII/ptolemy/domains/modal/test/auto/CannotProduceModal.xml (RunModel)" time="0.051" />
  <testcase classname="ptolemy.util.test.junit.AutoTests" name="[16] /home/travis/build/icyphy/ptII/ptolemy/domains/modal/test/auto/Case.xml (RunModel)" time="0.056" />
  <testcase classname="ptolemy.util.test.junit.AutoTests" name="[17] /home/travis/build/icyphy/ptII/ptolemy/domains/modal/test/auto/Case1.xml (RunModel)" time="0.024" />
  <testcase classname="ptolemy.util.test.junit.AutoTests" name="[18] /home/travis/build/icyphy/ptII/ptolemy/domains/modal/test/auto/Case2.xml (RunModel)" time="0.055" />
  <testcase classname="ptolemy.util.test.junit.AutoTests" name="[19] /home/travis/build/icyphy/ptII/ptolemy/domains/modal/test/auto/CausalityInterface1.xml (RunModel)" time="0.05" />
  <testcase classname="ptolemy.util.test.junit.AutoTests" name="[20] /home/travis/build/icyphy/ptII/ptolemy/domains/modal/test/auto/CausalityInterface10.xml (RunModel)" time="0.056" />
  <testcase classname="ptolemy.util.test.junit.AutoTests" name="[21] /home/travis/build/icyphy/ptII/ptolemy/domains/modal/test/auto/CausalityInterface11.xml (RunModel)" time="0.051" />
  <testcase classname="ptolemy.util.test.junit.AutoTests" name="[22] /home/travis/build/icyphy/ptII/ptolemy/domains/modal/test/auto/CausalityInterface12.xml (RunModel)" time="0.047" />
  <testcase classname="ptolemy.util.test.junit.AutoTests" name="[23] /home/travis/build/icyphy/ptII/ptolemy/domains/modal/test/auto/CausalityInterface13.xml (RunModel)" time="0.054" />
  <testcase classname="ptolemy.util.test.junit.AutoTests" name="[24] /home/travis/build/icyphy/ptII/ptolemy/domains/modal/test/auto/CausalityInterface14.xml (RunModel)" time="0.053" />
  <testcase classname="ptolemy.util.test.junit.AutoTests" name="[25] /home/travis/build/icyphy/ptII/ptolemy/domains/modal/test/auto/CausalityInterface2.xml (RunModel)" time="0.026" />
  <testcase classname="ptolemy.util.test.junit.AutoTests" name="[26] /home/travis/build/icyphy/ptII/ptolemy/domains/modal/test/auto/CausalityInterface3.xml (RunModel)" time="0.036" />
  <testcase classname="ptolemy.util.test.junit.AutoTests" name="[27] /home/travis/build/icyphy/ptII/ptolemy/domains/modal/test/auto/CausalityInterface4.xml (RunModel)" time="0.031" />
  <testcase classname="ptolemy.util.test.junit.AutoTests" name="[28] /home/travis/build/icyphy/ptII/ptolemy/domains/modal/test/auto/CausalityInterface5.xml (RunModel)" time="0.03" />
  <testcase classname="ptolemy.util.test.junit.AutoTests" name="[29] /home/travis/build/icyphy/ptII/ptolemy/domains/modal/test/auto/CausalityInterface6.xml (RunModel)" time="0.026" />
  <testcase classname="ptolemy.util.test.junit.AutoTests" name="[30] /home/travis/build/icyphy/ptII/ptolemy/domains/modal/test/auto/CausalityInterface7.xml (RunModel)" time="0.034" />
  <testcase classname="ptolemy.util.test.junit.AutoTests" name="[31] /home/travis/build/icyphy/ptII/ptolemy/domains/modal/test/auto/CausalityInterface8.xml (RunModel)" time="0.027" />
  <testcase classname="ptolemy.util.test.junit.AutoTests" name="[32] /home/travis/build/icyphy/ptII/ptolemy/domains/modal/test/auto/CausalityInterface9.xml (RunModel)" time="0.027" />
  <testcase classname="ptolemy.util.test.junit.AutoTests" name="[33] /home/travis/build/icyphy/ptII/ptolemy/domains/modal/test/auto/ChainedTransitions.xml (RunModel)" time="0.154" />
  <testcase classname="ptolemy.util.test.junit.AutoTests" name="[34] /home/travis/build/icyphy/ptII/ptolemy/domains/modal/test/auto/CycleOfImmediateTransitionsFSM.xml (RunModel)" time="0.026" />
  <testcase classname="ptolemy.util.test.junit.AutoTests" name="[35] /home/travis/build/icyphy/ptII/ptolemy/domains/modal/test/auto/CycleOfImmediateTransitionsModal.xml (RunModel)" time="0.021" />
  <testcase classname="ptolemy.util.test.junit.AutoTests" name="[36] /home/travis/build/icyphy/ptII/ptolemy/domains/modal/test/auto/CycleOfImmediateTransitionsModal2.xml (RunModel)" time="0.027" />
  <testcase classname="ptolemy.util.test.junit.AutoTests" name="[37] /home/travis/build/icyphy/ptII/ptolemy/domains/modal/test/auto/CycleOfImmediateTransitionsModal3.xml (RunModel)" time="0.081" />
  <testcase classname="ptolemy.util.test.junit.AutoTests" name="[38] /home/travis/build/icyphy/ptII/ptolemy/domains/modal/test/auto/DeepModal1.xml (RunModel)" time="0.054" />
  <testcase classname="ptolemy.util.test.junit.AutoTests" name="[39] /home/travis/build/icyphy/ptII/ptolemy/domains/modal/test/auto/DeepModal2.xml (RunModel)" time="0.058" />
  <testcase classname="ptolemy.util.test.junit.AutoTests" name="[40] /home/travis/build/icyphy/ptII/ptolemy/domains/modal/test/auto/DeepModal3.xml (RunModel)" time="0.072" />
  <testcase classname="ptolemy.util.test.junit.AutoTests" name="[41] /home/travis/build/icyphy/ptII/ptolemy/domains/modal/test/auto/DeepModal4.xml (RunModel)" time="0.067" />
  <testcase classname="ptolemy.util.test.junit.AutoTests" name="[42] /home/travis/build/icyphy/ptII/ptolemy/domains/modal/test/auto/Default1.xml (RunModel)" time="0.014" />
  <testcase classname="ptolemy.util.test.junit.AutoTests" name="[43] /home/travis/build/icyphy/ptII/ptolemy/domains/modal/test/auto/Default2.xml (RunModel)" time="0.021" />
  <testcase classname="ptolemy.util.test.junit.AutoTests" name="[44] /home/travis/build/icyphy/ptII/ptolemy/domains/modal/test/auto/Default3.xml (RunModel)" time="0.018" />
  <testcase classname="ptolemy.util.test.junit.AutoTests" name="[45] /home/travis/build/icyphy/ptII/ptolemy/domains/modal/test/auto/Default4.xml (RunModel)" time="0.014" />
  <testcase classname="ptolemy.util.test.junit.AutoTests" name="[46] /home/travis/build/icyphy/ptII/ptolemy/domains/modal/test/auto/Default5.xml (RunModel)" time="0.023" />
  <testcase classname="ptolemy.util.test.junit.AutoTests" name="[47] /home/travis/build/icyphy/ptII/ptolemy/domains/modal/test/auto/EmptyGuard.xml (RunModel)" time="0.029" />
  <testcase classname="ptolemy.util.test.junit.AutoTests" name="[48] /home/travis/build/icyphy/ptII/ptolemy/domains/modal/test/auto/ErrorTransition1.xml (RunModel)" time="0.051" />
  <testcase classname="ptolemy.util.test.junit.AutoTests" name="[49] /home/travis/build/icyphy/ptII/ptolemy/domains/modal/test/auto/ErrorTransition10.xml (RunModel)" time="0.045" />
  <testcase classname="ptolemy.util.test.junit.AutoTests" name="[50] /home/travis/build/icyphy/ptII/ptolemy/domains/modal/test/auto/ErrorTransition11.xml (RunModel)" time="0.041" />
  <testcase classname="ptolemy.util.test.junit.AutoTests" name="[51] /home/travis/build/icyphy/ptII/ptolemy/domains/modal/test/auto/ErrorTransition2.xml (RunModel)" time="0.029" />
  <testcase classname="ptolemy.util.test.junit.AutoTests" name="[52] /home/travis/build/icyphy/ptII/ptolemy/domains/modal/test/auto/ErrorTransition3.xml (RunModel)" time="0.042" />
  <testcase classname="ptolemy.util.test.junit.AutoTests" name="[53] /home/travis/build/icyphy/ptII/ptolemy/domains/modal/test/auto/ErrorTransition4.xml (RunModel)" time="0.039" />
  <testcase classname="ptolemy.util.test.junit.AutoTests" name="[54] /home/travis/build/icyphy/ptII/ptolemy/domains/modal/test/auto/ErrorTransition5.xml (RunModel)" time="0.028" />
  <testcase classname="ptolemy.util.test.junit.AutoTests" name="[55] /home/travis/build/icyphy/ptII/ptolemy/domains/modal/test/auto/ErrorTransition6.xml (RunModel)" time="0.037" />
  <testcase classname="ptolemy.util.test.junit.AutoTests" name="[56] /home/travis/build/icyphy/ptII/ptolemy/domains/modal/test/auto/ErrorTransition7.xml (RunModel)" time="0.051" />
  <testcase classname="ptolemy.util.test.junit.AutoTests" name="[57] /home/travis/build/icyphy/ptII/ptolemy/domains/modal/test/auto/ErrorTransition8.xml (RunModel)" time="0.058" />
  <testcase classname="ptolemy.util.test.junit.AutoTests" name="[58] /home/travis/build/icyphy/ptII/ptolemy/domains/modal/test/auto/ErrorTransition9.xml (RunModel)" time="0.041" />
  <testcase classname="ptolemy.util.test.junit.AutoTests" name="[59] /home/travis/build/icyphy/ptII/ptolemy/domains/modal/test/auto/ExtendedFSM.xml (RunModel)" time="0.024" />
  <testcase classname="ptolemy.util.test.junit.AutoTests" name="[60] /home/travis/build/icyphy/ptII/ptolemy/domains/modal/test/auto/FinalStates.xml (RunModel)" time="0.021" />
  <testcase classname="ptolemy.util.test.junit.AutoTests" name="[61] /home/travis/build/icyphy/ptII/ptolemy/domains/modal/test/auto/FixedPointFSM.xml (RunModel)" time="0.055" />
  <testcase classname="ptolemy.util.test.junit.AutoTests" name="[62] /home/travis/build/icyphy/ptII/ptolemy/domains/modal/test/auto/FixedPointIterationFSMActor.xml (RunModel)" time="0.028" />
  <testcase classname="ptolemy.util.test.junit.AutoTests" name="[63] /home/travis/build/icyphy/ptII/ptolemy/domains/modal/test/auto/FixedPointIterationFSMActor2.xml (RunModel)" time="0.024" />
  <testcase classname="ptolemy.util.test.junit.AutoTests" name="[64] /home/travis/build/icyphy/ptII/ptolemy/domains/modal/test/auto/ForbiddenInstantanousLoop.xml (RunModel)" time="0.041" />
  <testcase classname="ptolemy.util.test.junit.AutoTests" name="[65] /home/travis/build/icyphy/ptII/ptolemy/domains/modal/test/auto/FunctionDependencyOfFSMActorTest.xml (RunModel)" time="0.023" />
  <testcase classname="ptolemy.util.test.junit.AutoTests" name="[66] /home/travis/build/icyphy/ptII/ptolemy/domains/modal/test/auto/GuardExpression.xml (RunModel)" time="0.013" />
  <testcase classname="ptolemy.util.test.junit.AutoTests" name="[67] /home/travis/build/icyphy/ptII/ptolemy/domains/modal/test/auto/GuardNotEvaluated.xml (RunModel)" time="0.032" />
  <testcase classname="ptolemy.util.test.junit.AutoTests" name="[68] /home/travis/build/icyphy/ptII/ptolemy/domains/modal/test/auto/GuardNotEvaluated2.xml (RunModel)" time="0.022" />
  <testcase classname="ptolemy.util.test.junit.AutoTests" name="[69] /home/travis/build/icyphy/ptII/ptolemy/domains/modal/test/auto/GuardOnAbsent.xml (RunModel)" time="0.023" />
  <testcase classname="ptolemy.util.test.junit.AutoTests" name="[70] /home/travis/build/icyphy/ptII/ptolemy/domains/modal/test/auto/HierarchicalFSMTypeInference.xml (RunModel)" time="0.028" />
  <testcase classname="ptolemy.util.test.junit.AutoTests" name="[71] /home/travis/build/icyphy/ptII/ptolemy/domains/modal/test/auto/Hysteresis.xml (RunModel)" time="0.05" />
  <testcase classname="ptolemy.util.test.junit.AutoTests" name="[72] /home/travis/build/icyphy/ptII/ptolemy/domains/modal/test/auto/HysteresisWithDefault.xml (RunModel)" time="0.09" />
  <testcase classname="ptolemy.util.test.junit.AutoTests" name="[73] /home/travis/build/icyphy/ptII/ptolemy/domains/modal/test/auto/HysteresisWithDefault2.xml (RunModel)" time="0.101" />
  <testcase classname="ptolemy.util.test.junit.AutoTests" name="[74] /home/travis/build/icyphy/ptII/ptolemy/domains/modal/test/auto/ImmediateNonConstructiveness.xml (RunModel)" time="0.016" />
  <testcase classname="ptolemy.util.test.junit.AutoTests" name="[75] /home/travis/build/icyphy/ptII/ptolemy/domains/modal/test/auto/ImmediateNonConstructiveness2.xml (RunModel)" time="0.015" />
  <testcase classname="ptolemy.util.test.junit.AutoTests" name="[76] /home/travis/build/icyphy/ptII/ptolemy/domains/modal/test/auto/ImmediateTransitionReset.xml (RunModel)" time="0.036" />
  <testcase classname="ptolemy.util.test.junit.AutoTests" name="[77] /home/travis/build/icyphy/ptII/ptolemy/domains/modal/test/auto/ImmediateTransitions1.xml (RunModel)" time="0.011" />
  <testcase classname="ptolemy.util.test.junit.AutoTests" name="[78] /home/travis/build/icyphy/ptII/ptolemy/domains/modal/test/auto/ImmediateTransitionsInstantaneousCommunication.xml (RunModel)" time="0.029" />
  <testcase classname="ptolemy.util.test.junit.AutoTests" name="[79] /home/travis/build/icyphy/ptII/ptolemy/domains/modal/test/auto/InitialImmediateTransition.xml (RunModel)" time="0.014" />
  <testcase classname="ptolemy.util.test.junit.AutoTests" name="[80] /home/travis/build/icyphy/ptII/ptolemy/domains/modal/test/auto/InitialOutputs.xml (RunModel)" time="0.014" />
  <testcase classname="ptolemy.util.test.junit.AutoTests" name="[81] /home/travis/build/icyphy/ptII/ptolemy/domains/modal/test/auto/InitialStateTransition1.xml (RunModel)" time="0.018" />
  <testcase classname="ptolemy.util.test.junit.AutoTests" name="[82] /home/travis/build/icyphy/ptII/ptolemy/domains/modal/test/auto/InitialStateTransition2.xml (RunModel)" time="0.019" />
  <testcase classname="ptolemy.util.test.junit.AutoTests" name="[83] /home/travis/build/icyphy/ptII/ptolemy/domains/modal/test/auto/InitialStateTransition3.xml (RunModel)" time="0.022" />
  <testcase classname="ptolemy.util.test.junit.AutoTests" name="[84] /home/travis/build/icyphy/ptII/ptolemy/domains/modal/test/auto/InitialStateTransition4.xml (RunModel)" time="0.025" />
  <testcase classname="ptolemy.util.test.junit.AutoTests" name="[85] /home/travis/build/icyphy/ptII/ptolemy/domains/modal/test/auto/MalformedGuardExpressionNotCaught.xml (RunModel)" time="0.024" />
  <testcase classname="ptolemy.util.test.junit.AutoTests" name="[86] /home/travis/build/icyphy/ptII/ptolemy/domains/modal/test/auto/ModalBSC.xml (RunModel)" time="0.087" />
  <testcase classname="ptolemy.util.test.junit.AutoTests" name="[87] /home/travis/build/icyphy/ptII/ptolemy/domains/modal/test/auto/ModalClocks.xml (RunModel)" time="0.08" />
  <testcase classname="ptolemy.util.test.junit.AutoTests" name="[88] /home/travis/build/icyphy/ptII/ptolemy/domains/modal/test/auto/ModalDelay.xml (RunModel)" time="0.042" />
  <testcase classname="ptolemy.util.test.junit.AutoTests" name="[89] /home/travis/build/icyphy/ptII/ptolemy/domains/modal/test/auto/ModalDelay2.xml (RunModel)" time="0.042" />
  <testcase classname="ptolemy.util.test.junit.AutoTests" name="[90] /home/travis/build/icyphy/ptII/ptolemy/domains/modal/test/auto/ModalModelFromMemo.xml (RunModel)" time="0.056" />
  <testcase classname="ptolemy.util.test.junit.AutoTests" name="[91] /home/travis/build/icyphy/ptII/ptolemy/domains/modal/test/auto/ModalModelWithMultirateTransient.xml (RunModel)" time="0.048" />
  <testcase classname="ptolemy.util.test.junit.AutoTests" name="[92] /home/travis/build/icyphy/ptII/ptolemy/domains/modal/test/auto/ModalModelWithReset.xml (RunModel)" time="0.039" />
  <testcase classname="ptolemy.util.test.junit.AutoTests" name="[93] /home/travis/build/icyphy/ptII/ptolemy/domains/modal/test/auto/MouseClickFSM.xml (RunModel)" time="0.043" />
  <testcase classname="ptolemy.util.test.junit.AutoTests" name="[94] /home/travis/build/icyphy/ptII/ptolemy/domains/modal/test/auto/MouseClickFSMModal.xml (RunModel)" time="0.03" />
  <testcase classname="ptolemy.util.test.junit.AutoTests" name="[95] /home/travis/build/icyphy/ptII/ptolemy/domains/modal/test/auto/NonStrictFSM_FeedbackLoop.xml (RunModel)" time="0.04" />
  <testcase classname="ptolemy.util.test.junit.AutoTests" name="[96] /home/travis/build/icyphy/ptII/ptolemy/domains/modal/test/auto/NonStrictFSM_FeedbackLoop_Refinement.xml (RunModel)" time="0.1" />
  <testcase classname="ptolemy.util.test.junit.AutoTests" name="[97] /home/travis/build/icyphy/ptII/ptolemy/domains/modal/test/auto/NonStrictFSM_FeedbackLoop_preemptive.xml (RunModel)" time="0.051" />
  <testcase classname="ptolemy.util.test.junit.AutoTests" name="[98] /home/travis/build/icyphy/ptII/ptolemy/domains/modal/test/auto/NormalTermination.xml (RunModel)" time="0.05" />
  <testcase classname="ptolemy.util.test.junit.AutoTests" name="[99] /home/travis/build/icyphy/ptII/ptolemy/domains/modal/test/auto/Pong.xml (RunModel)" time="0.071" />
  <testcase classname="ptolemy.util.test.junit.AutoTests" name="[100] /home/travis/build/icyphy/ptII/ptolemy/domains/modal/test/auto/Pong_test.xml (RunModel)" time="0.1" />
  <testcase classname="ptolemy.util.test.junit.AutoTests" name="[101] /home/travis/build/icyphy/ptII/ptolemy/domains/modal/test/auto/PreemptionHierarchy.xml (RunModel)" time="0.025" />
  <testcase classname="ptolemy.util.test.junit.AutoTests" name="[102] /home/travis/build/icyphy/ptII/ptolemy/domains/modal/test/auto/PreemptionHierarchy2.xml (RunModel)" time="0.032" />
  <testcase classname="ptolemy.util.test.junit.AutoTests" name="[103] /home/travis/build/icyphy/ptII/ptolemy/domains/modal/test/auto/PreemptiveTransition.xml (RunModel)" time="0.024" />
  <testcase classname="ptolemy.util.test.junit.AutoTests" name="[104] /home/travis/build/icyphy/ptII/ptolemy/domains/modal/test/auto/Priorities.xml (RunModel)" time="0.092" />
  <testcase classname="ptolemy.util.test.junit.AutoTests" name="[105] /home/travis/build/icyphy/ptII/ptolemy/domains/modal/test/auto/ResetFinal.xml (RunModel)" time="0.055" />
  <testcase classname="ptolemy.util.test.junit.AutoTests" name="[106] /home/travis/build/icyphy/ptII/ptolemy/domains/modal/test/auto/ResetFinal2.xml (RunModel)" time="0.032" />
  <testcase classname="ptolemy.util.test.junit.AutoTests" name="[107] /home/travis/build/icyphy/ptII/ptolemy/domains/modal/test/auto/ResetTransitionWithStartTime.xml (RunModel)" time="0.025" />
  <testcase classname="ptolemy.util.test.junit.AutoTests" name="[108] /home/travis/build/icyphy/ptII/ptolemy/domains/modal/test/auto/SDF-FSMComposite.xml (RunModel)" time="0.022" />
  <testcase classname="ptolemy.util.test.junit.AutoTests" name="[109] /home/travis/build/icyphy/ptII/ptolemy/domains/modal/test/auto/SeeminglyNondeterminate.xml (RunModel)" time="0.07" />
  <testcase classname="ptolemy.util.test.junit.AutoTests" name="[110] /home/travis/build/icyphy/ptII/ptolemy/domains/modal/test/auto/SeeminglyNondeterminate2.xml (RunModel)" time="0.072" />
  <testcase classname="ptolemy.util.test.junit.AutoTests" name="[111] /home/travis/build/icyphy/ptII/ptolemy/domains/modal/test/auto/SpontaneousFSM.xml (RunModel)" time="0.043" />
  <testcase classname="ptolemy.util.test.junit.AutoTests" name="[112] /home/travis/build/icyphy/ptII/ptolemy/domains/modal/test/auto/SpontaneousFSM2.xml (RunModel)" time="0.029" />
  <testcase classname="ptolemy.util.test.junit.AutoTests" name="[113] /home/travis/build/icyphy/ptII/ptolemy/domains/modal/test/auto/SpontaneousFSM3.xml (RunModel)" time="0.044" />
  <testcase classname="ptolemy.util.test.junit.AutoTests" name="[114] /home/travis/build/icyphy/ptII/ptolemy/domains/modal/test/auto/SpontaneousFSM4.xml (RunModel)" time="0.052" />
  <testcase classname="ptolemy.util.test.junit.AutoTests" name="[115] /home/travis/build/icyphy/ptII/ptolemy/domains/modal/test/auto/StateTrackerTest.xml (RunModel)" time="0.074" />
  <testcase classname="ptolemy.util.test.junit.AutoTests" name="[116] /home/travis/build/icyphy/ptII/ptolemy/domains/modal/test/auto/StrongImmediateTransition.xml (RunModel)" time="0.028" />
  <testcase classname="ptolemy.util.test.junit.AutoTests" name="[117] /home/travis/build/icyphy/ptII/ptolemy/domains/modal/test/auto/SustainHierarchy.xml (RunModel)" time="0.061" />
  <testcase classname="ptolemy.util.test.junit.AutoTests" name="[118] /home/travis/build/icyphy/ptII/ptolemy/domains/modal/test/auto/TerminationTransition1.xml (RunModel)" time="0.06" />
  <testcase classname="ptolemy.util.test.junit.AutoTests" name="[119] /home/travis/build/icyphy/ptII/ptolemy/domains/modal/test/auto/TerminationTransition2.xml (RunModel)" time="0.062" />
  <testcase classname="ptolemy.util.test.junit.AutoTests" name="[120] /home/travis/build/icyphy/ptII/ptolemy/domains/modal/test/auto/TerminationTransition3.xml (RunModel)" time="0.023" />
  <testcase classname="ptolemy.util.test.junit.AutoTests" name="[121] /home/travis/build/icyphy/ptII/ptolemy/domains/modal/test/auto/TerminationTransition4.xml (RunModel)" time="0.033" />
  <testcase classname="ptolemy.util.test.junit.AutoTests" name="[122] /home/travis/build/icyphy/ptII/ptolemy/domains/modal/test/auto/TerminationTransition5.xml (RunModel)" time="0.031" />
  <testcase classname="ptolemy.util.test.junit.AutoTests" name="[123] /home/travis/build/icyphy/ptII/ptolemy/domains/modal/test/auto/TerminationTransition6.xml (RunModel)" time="0.019" />
  <testcase classname="ptolemy.util.test.junit.AutoTests" name="[124] /home/travis/build/icyphy/ptII/ptolemy/domains/modal/test/auto/TerminationTransition7.xml (RunModel)" time="0.021" />
  <testcase classname="ptolemy.util.test.junit.AutoTests" name="[125] /home/travis/build/icyphy/ptII/ptolemy/domains/modal/test/auto/TerminationTransition8.xml (RunModel)" time="0.024" />
  <testcase classname="ptolemy.util.test.junit.AutoTests" name="[126] /home/travis/build/icyphy/ptII/ptolemy/domains/modal/test/auto/Thermostat_NoHysteresis.xml (RunModel)" time="0.054" />
  <testcase classname="ptolemy.util.test.junit.AutoTests" name="[127] /home/travis/build/icyphy/ptII/ptolemy/domains/modal/test/auto/TimedFSM.xml (RunModel)" time="0.031" />
  <testcase classname="ptolemy.util.test.junit.AutoTests" name="[128] /home/travis/build/icyphy/ptII/ptolemy/domains/modal/test/auto/Timeout1.xml (RunModel)" time="0.012" />
  <testcase classname="ptolemy.util.test.junit.AutoTests" name="[129] /home/travis/build/icyphy/ptII/ptolemy/domains/modal/test/auto/Timeout2.xml (RunModel)" time="0.02" />
  <testcase classname="ptolemy.util.test.junit.AutoTests" name="[130] /home/travis/build/icyphy/ptII/ptolemy/domains/modal/test/auto/Timeout3.xml (RunModel)" time="0.011" />
  <testcase classname="ptolemy.util.test.junit.AutoTests" name="[131] /home/travis/build/icyphy/ptII/ptolemy/domains/modal/test/auto/Timeout4.xml (RunModel)" time="0.011" />
  <testcase classname="ptolemy.util.test.junit.AutoTests" name="[132] /home/travis/build/icyphy/ptII/ptolemy/domains/modal/test/auto/TransientstateModelAdvanced.xml (RunModel)" time="0.036" />
  <testcase classname="ptolemy.util.test.junit.AutoTests" name="[133] /home/travis/build/icyphy/ptII/ptolemy/domains/modal/test/auto/TransientstateModelAdvanced2.xml (RunModel)" time="0.035" />
  <testcase classname="ptolemy.util.test.junit.AutoTests" name="[134] /home/travis/build/icyphy/ptII/ptolemy/domains/modal/test/auto/TransitionRefinements.xml (RunModel)" time="0.024" />
  <testcase classname="ptolemy.util.test.junit.AutoTests" name="[135] /home/travis/build/icyphy/ptII/ptolemy/domains/modal/test/auto/TwoRefinements1.xml (RunModel)" time="0.023" />
  <testcase classname="ptolemy.util.test.junit.AutoTests" name="[136] /home/travis/build/icyphy/ptII/ptolemy/domains/modal/test/auto/TwoRefinements2.xml (RunModel)" time="0.023" />
  <testcase classname="ptolemy.util.test.junit.AutoTests" name="[137] /home/travis/build/icyphy/ptII/ptolemy/domains/modal/test/auto/WeakImmediateTransition.xml (RunModel)" time="0.025" />
  <testcase classname="ptolemy.util.test.junit.AutoTests" name="[138] /home/travis/build/icyphy/ptII/ptolemy/domains/modal/test/auto/booleanSelect.xml (RunModel)" time="0.069" />
  <testcase classname="ptolemy.util.test.junit.AutoTests" name="[139] /home/travis/build/icyphy/ptII/ptolemy/domains/modal/test/auto/modalChangingParams.xml (RunModel)" time="0.306" />
  <testcase classname="ptolemy.util.test.junit.AutoTests" name="[140] /home/travis/build/icyphy/ptII/ptolemy/domains/modal/test/auto/modalModel.xml (RunModel)" time="0.035" />
  <testcase classname="ptolemy.util.test.junit.AutoTests" name="[141] /home/travis/build/icyphy/ptII/ptolemy/domains/modal/test/auto/modalModel2.xml (RunModel)" time="0.032" />
  <testcase classname="ptolemy.util.test.junit.AutoTests" name="[142] /home/travis/build/icyphy/ptII/ptolemy/domains/modal/test/auto/modalModel3.xml (RunModel)" time="0.047" />
  <testcase classname="ptolemy.util.test.junit.AutoTests" name="[143] /home/travis/build/icyphy/ptII/ptolemy/domains/modal/test/auto/model1.xml (RunModel)" time="0.024" />
  <testcase classname="ptolemy.util.test.junit.AutoTests" name="[144] /home/travis/build/icyphy/ptII/ptolemy/domains/modal/test/auto/test-direct-in-out.xml (RunModel)" time="0.025" />
  <system-out><![CDATA[/home/travis/build/icyphy/ptII/ptolemy/domains/modal/test/SystemLevelType.tcl
testDefs.tcl: setting time out to 9000 seconds at Fri Jan 10 06:51:24 UTC 2020
01/10/20 06:51:26
Failed: 0  Total Tests: 1  ((Passed: 1, Newly Passed: 0)  Known Failed: 0) /home/travis/build/icyphy/ptII/ptolemy/domains/modal/test
----------------- testing (KnownFailure) /home/travis/build/icyphy/ptII/ptolemy/domains/modal/test/auto/knownFailedTests/CannotAnalysisWithPreemption.xml
84 ms. Memory: 155648K Free: 115724K (74%)
Known Failure: java.lang.reflect.InvocationTargetException
No auto/linux-amd64/*.xml tests in /home/travis/build/icyphy/ptII/ptolemy/domains/modal/test
AutoTests.java: About to close Vertx.
AutoTests.java: Vertx closed.

===========================================================================================
----------------- testing Fri Jan 10 06:51:26 UTC 2020 /home/travis/build/icyphy/ptII/ptolemy/domains/modal/test/auto/ABPTest.xml
----------------- Instantiating /home/travis/build/icyphy/ptII/ptolemy/domains/modal/test/auto/ABPTest.xml
405 ms. Memory: 155648K Free: 108875K (70%)
----------------- Invoking toplevel() on ptolemy.moml.MoMLSimpleApplication@448ed9e5
----------------- Done invoking toplevel() on ptolemy.moml.MoMLSimpleApplication@448ed9e5
reloadAllAccessors: .ABPTest

===========================================================================================
----------------- testing Fri Jan 10 06:51:27 UTC 2020 /home/travis/build/icyphy/ptII/ptolemy/domains/modal/test/auto/ABROFlat.xml
----------------- Instantiating /home/travis/build/icyphy/ptII/ptolemy/domains/modal/test/auto/ABROFlat.xml
15 ms. Memory: 155648K Free: 92800K (60%)
----------------- Invoking toplevel() on ptolemy.moml.MoMLSimpleApplication@328edd43
----------------- Done invoking toplevel() on ptolemy.moml.MoMLSimpleApplication@328edd43
reloadAllAccessors: .ABROFlat

===========================================================================================
----------------- testing Fri Jan 10 06:51:27 UTC 2020 /home/travis/build/icyphy/ptII/ptolemy/domains/modal/test/auto/ABROFlat2.xml
----------------- Instantiating /home/travis/build/icyphy/ptII/ptolemy/domains/modal/test/auto/ABROFlat2.xml
31 ms. Memory: 155648K Free: 75392K (48%)
----------------- Invoking toplevel() on ptolemy.moml.MoMLSimpleApplication@49e9b1c
----------------- Done invoking toplevel() on ptolemy.moml.MoMLSimpleApplication@49e9b1c
reloadAllAccessors: .ABROFlat2

===========================================================================================
----------------- testing Fri Jan 10 06:51:27 UTC 2020 /home/travis/build/icyphy/ptII/ptolemy/domains/modal/test/auto/ABRO_present_hmm.xml
----------------- Instantiating /home/travis/build/icyphy/ptII/ptolemy/domains/modal/test/auto/ABRO_present_hmm.xml
18 ms. Memory: 155648K Free: 130420K (84%)
----------------- Invoking toplevel() on ptolemy.moml.MoMLSimpleApplication@566e82c
----------------- Done invoking toplevel() on ptolemy.moml.MoMLSimpleApplication@566e82c
reloadAllAccessors: .ABRO_present_hmm

===========================================================================================
----------------- testing Fri Jan 10 06:51:27 UTC 2020 /home/travis/build/icyphy/ptII/ptolemy/domains/modal/test/auto/AMICoderExample.xml
----------------- Instantiating /home/travis/build/icyphy/ptII/ptolemy/domains/modal/test/auto/AMICoderExample.xml
46 ms. Memory: 155648K Free: 120351K (77%)
----------------- Invoking toplevel() on ptolemy.moml.MoMLSimpleApplication@12cd33de
----------------- Done invoking toplevel() on ptolemy.moml.MoMLSimpleApplication@12cd33de
reloadAllAccessors: .AMICoderExample

===========================================================================================
----------------- testing Fri Jan 10 06:51:28 UTC 2020 /home/travis/build/icyphy/ptII/ptolemy/domains/modal/test/auto/AbsentToPresent.xml
----------------- Instantiating /home/travis/build/icyphy/ptII/ptolemy/domains/modal/test/auto/AbsentToPresent.xml
3 ms. Memory: 155648K Free: 115656K (74%)
----------------- Invoking toplevel() on ptolemy.moml.MoMLSimpleApplication@78586d6d
----------------- Done invoking toplevel() on ptolemy.moml.MoMLSimpleApplication@78586d6d
reloadAllAccessors: .AbsentToPresent

===========================================================================================
----------------- testing Fri Jan 10 06:51:28 UTC 2020 /home/travis/build/icyphy/ptII/ptolemy/domains/modal/test/auto/Blending.xml
----------------- Instantiating /home/travis/build/icyphy/ptII/ptolemy/domains/modal/test/auto/Blending.xml
174 ms. Memory: 155648K Free: 71169K (46%)
----------------- Invoking toplevel() on ptolemy.moml.MoMLSimpleApplication@64dbe316
----------------- Done invoking toplevel() on ptolemy.moml.MoMLSimpleApplication@64dbe316
reloadAllAccessors: .Blending

===========================================================================================
----------------- testing Fri Jan 10 06:51:28 UTC 2020 /home/travis/build/icyphy/ptII/ptolemy/domains/modal/test/auto/Broadcast.xml
----------------- Instantiating /home/travis/build/icyphy/ptII/ptolemy/domains/modal/test/auto/Broadcast.xml
14 ms. Memory: 155648K Free: 61812K (40%)
----------------- Invoking toplevel() on ptolemy.moml.MoMLSimpleApplication@36d947e7
----------------- Done invoking toplevel() on ptolemy.moml.MoMLSimpleApplication@36d947e7
reloadAllAccessors: .Broadcast

===========================================================================================
----------------- testing Fri Jan 10 06:51:28 UTC 2020 /home/travis/build/icyphy/ptII/ptolemy/domains/modal/test/auto/BroadcastHierarchy.xml
----------------- Instantiating /home/travis/build/icyphy/ptII/ptolemy/domains/modal/test/auto/BroadcastHierarchy.xml
14 ms. Memory: 205824K Free: 183183K (89%)
----------------- Invoking toplevel() on ptolemy.moml.MoMLSimpleApplication@6ebef678
----------------- Done invoking toplevel() on ptolemy.moml.MoMLSimpleApplication@6ebef678
reloadAllAccessors: .BroadcastHierarchy

===========================================================================================
----------------- testing Fri Jan 10 06:51:28 UTC 2020 /home/travis/build/icyphy/ptII/ptolemy/domains/modal/test/auto/BroadcastHierarchy2.xml
----------------- Instantiating /home/travis/build/icyphy/ptII/ptolemy/domains/modal/test/auto/BroadcastHierarchy2.xml
29 ms. Memory: 205824K Free: 156049K (76%)
----------------- Invoking toplevel() on ptolemy.moml.MoMLSimpleApplication@63a6c48f
----------------- Done invoking toplevel() on ptolemy.moml.MoMLSimpleApplication@63a6c48f
reloadAllAccessors: .BroadcastHierarchy2

===========================================================================================
----------------- testing Fri Jan 10 06:51:28 UTC 2020 /home/travis/build/icyphy/ptII/ptolemy/domains/modal/test/auto/BroadcastHierarchy3.xml
----------------- Instantiating /home/travis/build/icyphy/ptII/ptolemy/domains/modal/test/auto/BroadcastHierarchy3.xml
18 ms. Memory: 205824K Free: 135569K (66%)
----------------- Invoking toplevel() on ptolemy.moml.MoMLSimpleApplication@4f76d138
----------------- Done invoking toplevel() on ptolemy.moml.MoMLSimpleApplication@4f76d138
reloadAllAccessors: .BroadcastHierarchy3

===========================================================================================
----------------- testing Fri Jan 10 06:51:28 UTC 2020 /home/travis/build/icyphy/ptII/ptolemy/domains/modal/test/auto/BroadcastHierarchy4.xml
----------------- Instantiating /home/travis/build/icyphy/ptII/ptolemy/domains/modal/test/auto/BroadcastHierarchy4.xml
11 ms. Memory: 205824K Free: 111497K (54%)
----------------- Invoking toplevel() on ptolemy.moml.MoMLSimpleApplication@178f7e38
----------------- Done invoking toplevel() on ptolemy.moml.MoMLSimpleApplication@178f7e38
reloadAllAccessors: .BroadcastHierarchy4

===========================================================================================
----------------- testing Fri Jan 10 06:51:28 UTC 2020 /home/travis/build/icyphy/ptII/ptolemy/domains/modal/test/auto/CannotAnalysisWithPreemption2.xml
----------------- Instantiating /home/travis/build/icyphy/ptII/ptolemy/domains/modal/test/auto/CannotAnalysisWithPreemption2.xml
4 ms. Memory: 205824K Free: 103825K (50%)
----------------- Invoking toplevel() on ptolemy.moml.MoMLSimpleApplication@37c2d838
----------------- Done invoking toplevel() on ptolemy.moml.MoMLSimpleApplication@37c2d838
reloadAllAccessors: .CannotAnalysisWithPreemption2

===========================================================================================
----------------- testing Fri Jan 10 06:51:28 UTC 2020 /home/travis/build/icyphy/ptII/ptolemy/domains/modal/test/auto/CannotAnalysisWithPreemption3.xml
----------------- Instantiating /home/travis/build/icyphy/ptII/ptolemy/domains/modal/test/auto/CannotAnalysisWithPreemption3.xml
3 ms. Memory: 205824K Free: 93585K (45%)
----------------- Invoking toplevel() on ptolemy.moml.MoMLSimpleApplication@539afdcc
----------------- Done invoking toplevel() on ptolemy.moml.MoMLSimpleApplication@539afdcc
reloadAllAccessors: .CannotAnalysisWithPreemption3

===========================================================================================
----------------- testing Fri Jan 10 06:51:28 UTC 2020 /home/travis/build/icyphy/ptII/ptolemy/domains/modal/test/auto/CannotProduce.xml
----------------- Instantiating /home/travis/build/icyphy/ptII/ptolemy/domains/modal/test/auto/CannotProduce.xml
6 ms. Memory: 205824K Free: 87441K (42%)
----------------- Invoking toplevel() on ptolemy.moml.MoMLSimpleApplication@527c51a6
----------------- Done invoking toplevel() on ptolemy.moml.MoMLSimpleApplication@527c51a6
reloadAllAccessors: .CannotProduce

===========================================================================================
----------------- testing Fri Jan 10 06:51:28 UTC 2020 /home/travis/build/icyphy/ptII/ptolemy/domains/modal/test/auto/CannotProduceModal.xml
----------------- Instantiating /home/travis/build/icyphy/ptII/ptolemy/domains/modal/test/auto/CannotProduceModal.xml
12 ms. Memory: 205824K Free: 182726K (89%)
----------------- Invoking toplevel() on ptolemy.moml.MoMLSimpleApplication@6511f478
----------------- Done invoking toplevel() on ptolemy.moml.MoMLSimpleApplication@6511f478
reloadAllAccessors: .CannotProduceModal

===========================================================================================
----------------- testing Fri Jan 10 06:51:28 UTC 2020 /home/travis/build/icyphy/ptII/ptolemy/domains/modal/test/auto/Case.xml
----------------- Instantiating /home/travis/build/icyphy/ptII/ptolemy/domains/modal/test/auto/Case.xml
17 ms. Memory: 205824K Free: 171462K (83%)
----------------- Invoking toplevel() on ptolemy.moml.MoMLSimpleApplication@f50c0e4
----------------- Done invoking toplevel() on ptolemy.moml.MoMLSimpleApplication@f50c0e4
reloadAllAccessors: .Case

===========================================================================================
----------------- testing Fri Jan 10 06:51:28 UTC 2020 /home/travis/build/icyphy/ptII/ptolemy/domains/modal/test/auto/Case1.xml
----------------- Instantiating /home/travis/build/icyphy/ptII/ptolemy/domains/modal/test/auto/Case1.xml
5 ms. Memory: 205824K Free: 164294K (80%)
----------------- Invoking toplevel() on ptolemy.moml.MoMLSimpleApplication@10c5b04b
----------------- Done invoking toplevel() on ptolemy.moml.MoMLSimpleApplication@10c5b04b
reloadAllAccessors: .Case1

===========================================================================================
----------------- testing Fri Jan 10 06:51:28 UTC 2020 /home/travis/build/icyphy/ptII/ptolemy/domains/modal/test/auto/Case2.xml
----------------- Instantiating /home/travis/build/icyphy/ptII/ptolemy/domains/modal/test/auto/Case2.xml
25 ms. Memory: 205824K Free: 153540K (75%)
----------------- Invoking toplevel() on ptolemy.moml.MoMLSimpleApplication@6b47c335
----------------- Done invoking toplevel() on ptolemy.moml.MoMLSimpleApplication@6b47c335
reloadAllAccessors: .Case2

===========================================================================================
----------------- testing Fri Jan 10 06:51:29 UTC 2020 /home/travis/build/icyphy/ptII/ptolemy/domains/modal/test/auto/CausalityInterface1.xml
----------------- Instantiating /home/travis/build/icyphy/ptII/ptolemy/domains/modal/test/auto/CausalityInterface1.xml
3 ms. Memory: 205824K Free: 148420K (72%)
----------------- Invoking toplevel() on ptolemy.moml.MoMLSimpleApplication@4425dc81
----------------- Done invoking toplevel() on ptolemy.moml.MoMLSimpleApplication@4425dc81
reloadAllAccessors: .CausalityInterface1

===========================================================================================
----------------- testing Fri Jan 10 06:51:29 UTC 2020 /home/travis/build/icyphy/ptII/ptolemy/domains/modal/test/auto/CausalityInterface10.xml
----------------- Instantiating /home/travis/build/icyphy/ptII/ptolemy/domains/modal/test/auto/CausalityInterface10.xml
10 ms. Memory: 205824K Free: 135094K (66%)
----------------- Invoking toplevel() on ptolemy.moml.MoMLSimpleApplication@19dec111
----------------- Done invoking toplevel() on ptolemy.moml.MoMLSimpleApplication@19dec111
reloadAllAccessors: .CausalityInterface10

===========================================================================================
----------------- testing Fri Jan 10 06:51:29 UTC 2020 /home/travis/build/icyphy/ptII/ptolemy/domains/modal/test/auto/CausalityInterface11.xml
----------------- Instantiating /home/travis/build/icyphy/ptII/ptolemy/domains/modal/test/auto/CausalityInterface11.xml
9 ms. Memory: 205824K Free: 121766K (59%)
----------------- Invoking toplevel() on ptolemy.moml.MoMLSimpleApplication@49f0db91
----------------- Done invoking toplevel() on ptolemy.moml.MoMLSimpleApplication@49f0db91
reloadAllAccessors: .CausalityInterface11

===========================================================================================
----------------- testing Fri Jan 10 06:51:29 UTC 2020 /home/travis/build/icyphy/ptII/ptolemy/domains/modal/test/auto/CausalityInterface12.xml
----------------- Instantiating /home/travis/build/icyphy/ptII/ptolemy/domains/modal/test/auto/CausalityInterface12.xml
8 ms. Memory: 205824K Free: 108454K (53%)
----------------- Invoking toplevel() on ptolemy.moml.MoMLSimpleApplication@7500154e
----------------- Done invoking toplevel() on ptolemy.moml.MoMLSimpleApplication@7500154e
reloadAllAccessors: .CausalityInterface12

===========================================================================================
----------------- testing Fri Jan 10 06:51:29 UTC 2020 /home/travis/build/icyphy/ptII/ptolemy/domains/modal/test/auto/CausalityInterface13.xml
----------------- Instantiating /home/travis/build/icyphy/ptII/ptolemy/domains/modal/test/auto/CausalityInterface13.xml
11 ms. Memory: 205824K Free: 94662K (46%)
----------------- Invoking toplevel() on ptolemy.moml.MoMLSimpleApplication@65fd9957
----------------- Done invoking toplevel() on ptolemy.moml.MoMLSimpleApplication@65fd9957
reloadAllAccessors: .CausalityInterface13

===========================================================================================
----------------- testing Fri Jan 10 06:51:29 UTC 2020 /home/travis/build/icyphy/ptII/ptolemy/domains/modal/test/auto/CausalityInterface14.xml
----------------- Instantiating /home/travis/build/icyphy/ptII/ptolemy/domains/modal/test/auto/CausalityInterface14.xml
11 ms. Memory: 205824K Free: 80806K (39%)
----------------- Invoking toplevel() on ptolemy.moml.MoMLSimpleApplication@121472d6
----------------- Done invoking toplevel() on ptolemy.moml.MoMLSimpleApplication@121472d6
reloadAllAccessors: .CausalityInterface14

===========================================================================================
----------------- testing Fri Jan 10 06:51:29 UTC 2020 /home/travis/build/icyphy/ptII/ptolemy/domains/modal/test/auto/CausalityInterface2.xml
----------------- Instantiating /home/travis/build/icyphy/ptII/ptolemy/domains/modal/test/auto/CausalityInterface2.xml
7 ms. Memory: 205824K Free: 74182K (36%)
----------------- Invoking toplevel() on ptolemy.moml.MoMLSimpleApplication@1214eb38
----------------- Done invoking toplevel() on ptolemy.moml.MoMLSimpleApplication@1214eb38
reloadAllAccessors: .CausalityInterface2

===========================================================================================
----------------- testing Fri Jan 10 06:51:29 UTC 2020 /home/travis/build/icyphy/ptII/ptolemy/domains/modal/test/auto/CausalityInterface3.xml
----------------- Instantiating /home/travis/build/icyphy/ptII/ptolemy/domains/modal/test/auto/CausalityInterface3.xml
3 ms. Memory: 205824K Free: 184259K (90%)
----------------- Invoking toplevel() on ptolemy.moml.MoMLSimpleApplication@7da9ef1a
----------------- Done invoking toplevel() on ptolemy.moml.MoMLSimpleApplication@7da9ef1a
reloadAllAccessors: .CausalityInterface3

===========================================================================================
----------------- testing Fri Jan 10 06:51:29 UTC 2020 /home/travis/build/icyphy/ptII/ptolemy/domains/modal/test/auto/CausalityInterface4.xml
----------------- Instantiating /home/travis/build/icyphy/ptII/ptolemy/domains/modal/test/auto/CausalityInterface4.xml
5 ms. Memory: 205824K Free: 178115K (87%)
----------------- Invoking toplevel() on ptolemy.moml.MoMLSimpleApplication@39d7261e
----------------- Done invoking toplevel() on ptolemy.moml.MoMLSimpleApplication@39d7261e
reloadAllAccessors: .CausalityInterface4

===========================================================================================
----------------- testing Fri Jan 10 06:51:29 UTC 2020 /home/travis/build/icyphy/ptII/ptolemy/domains/modal/test/auto/CausalityInterface5.xml
----------------- Instantiating /home/travis/build/icyphy/ptII/ptolemy/domains/modal/test/auto/CausalityInterface5.xml
5 ms. Memory: 205824K Free: 169443K (82%)
----------------- Invoking toplevel() on ptolemy.moml.MoMLSimpleApplication@66b08d9e
----------------- Done invoking toplevel() on ptolemy.moml.MoMLSimpleApplication@66b08d9e
reloadAllAccessors: .CausalityInterface5

===========================================================================================
----------------- testing Fri Jan 10 06:51:29 UTC 2020 /home/travis/build/icyphy/ptII/ptolemy/domains/modal/test/auto/CausalityInterface6.xml
----------------- Instantiating /home/travis/build/icyphy/ptII/ptolemy/domains/modal/test/auto/CausalityInterface6.xml
3 ms. Memory: 205824K Free: 160723K (78%)
----------------- Invoking toplevel() on ptolemy.moml.MoMLSimpleApplication@6e1916b7
----------------- Done invoking toplevel() on ptolemy.moml.MoMLSimpleApplication@6e1916b7
reloadAllAccessors: .CausalityInterface6

===========================================================================================
----------------- testing Fri Jan 10 06:51:29 UTC 2020 /home/travis/build/icyphy/ptII/ptolemy/domains/modal/test/auto/CausalityInterface7.xml
----------------- Instantiating /home/travis/build/icyphy/ptII/ptolemy/domains/modal/test/auto/CausalityInterface7.xml
6 ms. Memory: 205824K Free: 152515K (74%)
----------------- Invoking toplevel() on ptolemy.moml.MoMLSimpleApplication@1172e000
----------------- Done invoking toplevel() on ptolemy.moml.MoMLSimpleApplication@1172e000
reloadAllAccessors: .CausalityInterface7

===========================================================================================
----------------- testing Fri Jan 10 06:51:29 UTC 2020 /home/travis/build/icyphy/ptII/ptolemy/domains/modal/test/auto/CausalityInterface8.xml
----------------- Instantiating /home/travis/build/icyphy/ptII/ptolemy/domains/modal/test/auto/CausalityInterface8.xml
3 ms. Memory: 205824K Free: 143843K (70%)
----------------- Invoking toplevel() on ptolemy.moml.MoMLSimpleApplication@2e76b355
----------------- Done invoking toplevel() on ptolemy.moml.MoMLSimpleApplication@2e76b355
reloadAllAccessors: .CausalityInterface8

===========================================================================================
----------------- testing Fri Jan 10 06:51:29 UTC 2020 /home/travis/build/icyphy/ptII/ptolemy/domains/modal/test/auto/CausalityInterface9.xml
----------------- Instantiating /home/travis/build/icyphy/ptII/ptolemy/domains/modal/test/auto/CausalityInterface9.xml
4 ms. Memory: 205824K Free: 134627K (65%)
----------------- Invoking toplevel() on ptolemy.moml.MoMLSimpleApplication@41d11fcf
----------------- Done invoking toplevel() on ptolemy.moml.MoMLSimpleApplication@41d11fcf
reloadAllAccessors: .CausalityInterface9

===========================================================================================
----------------- testing Fri Jan 10 06:51:29 UTC 2020 /home/travis/build/icyphy/ptII/ptolemy/domains/modal/test/auto/ChainedTransitions.xml
----------------- Instantiating /home/travis/build/icyphy/ptII/ptolemy/domains/modal/test/auto/ChainedTransitions.xml
93 ms. Memory: 205824K Free: 109531K (53%)
----------------- Invoking toplevel() on ptolemy.moml.MoMLSimpleApplication@9fa0045
----------------- Done invoking toplevel() on ptolemy.moml.MoMLSimpleApplication@9fa0045
reloadAllAccessors: .ChainedTransitions

===========================================================================================
----------------- testing Fri Jan 10 06:51:29 UTC 2020 /home/travis/build/icyphy/ptII/ptolemy/domains/modal/test/auto/CycleOfImmediateTransitionsFSM.xml
----------------- Instantiating /home/travis/build/icyphy/ptII/ptolemy/domains/modal/test/auto/CycleOfImmediateTransitionsFSM.xml
2 ms. Memory: 205824K Free: 103907K (50%)
----------------- Invoking toplevel() on ptolemy.moml.MoMLSimpleApplication@3b919430
----------------- Done invoking toplevel() on ptolemy.moml.MoMLSimpleApplication@3b919430
reloadAllAccessors: .CycleOfImmediateTransitionsFSM

===========================================================================================
----------------- testing Fri Jan 10 06:51:29 UTC 2020 /home/travis/build/icyphy/ptII/ptolemy/domains/modal/test/auto/CycleOfImmediateTransitionsModal.xml
----------------- Instantiating /home/travis/build/icyphy/ptII/ptolemy/domains/modal/test/auto/CycleOfImmediateTransitionsModal.xml
3 ms. Memory: 205824K Free: 97763K (47%)
----------------- Invoking toplevel() on ptolemy.moml.MoMLSimpleApplication@5f90eae7
----------------- Done invoking toplevel() on ptolemy.moml.MoMLSimpleApplication@5f90eae7
reloadAllAccessors: .CycleOfImmediateTransitionsModal

===========================================================================================
----------------- testing Fri Jan 10 06:51:29 UTC 2020 /home/travis/build/icyphy/ptII/ptolemy/domains/modal/test/auto/CycleOfImmediateTransitionsModal2.xml
----------------- Instantiating /home/travis/build/icyphy/ptII/ptolemy/domains/modal/test/auto/CycleOfImmediateTransitionsModal2.xml
4 ms. Memory: 205824K Free: 91105K (44%)
----------------- Invoking toplevel() on ptolemy.moml.MoMLSimpleApplication@664d2c9b
----------------- Done invoking toplevel() on ptolemy.moml.MoMLSimpleApplication@664d2c9b
reloadAllAccessors: .CycleOfImmediateTransitionsModal2

===========================================================================================
----------------- testing Fri Jan 10 06:51:29 UTC 2020 /home/travis/build/icyphy/ptII/ptolemy/domains/modal/test/auto/CycleOfImmediateTransitionsModal3.xml
----------------- Instantiating /home/travis/build/icyphy/ptII/ptolemy/domains/modal/test/auto/CycleOfImmediateTransitionsModal3.xml
26 ms. Memory: 205824K Free: 186457K (91%)
----------------- Invoking toplevel() on ptolemy.moml.MoMLSimpleApplication@129dc438
----------------- Done invoking toplevel() on ptolemy.moml.MoMLSimpleApplication@129dc438
reloadAllAccessors: .CycleOfImmediateTransitionsModal3

===========================================================================================
----------------- testing Fri Jan 10 06:51:29 UTC 2020 /home/travis/build/icyphy/ptII/ptolemy/domains/modal/test/auto/DeepModal1.xml
----------------- Instantiating /home/travis/build/icyphy/ptII/ptolemy/domains/modal/test/auto/DeepModal1.xml
28 ms. Memory: 205824K Free: 171883K (84%)
----------------- Invoking toplevel() on ptolemy.moml.MoMLSimpleApplication@36dec826
----------------- Done invoking toplevel() on ptolemy.moml.MoMLSimpleApplication@36dec826
reloadAllAccessors: .DeepModal1

===========================================================================================
----------------- testing Fri Jan 10 06:51:29 UTC 2020 /home/travis/build/icyphy/ptII/ptolemy/domains/modal/test/auto/DeepModal2.xml
----------------- Instantiating /home/travis/build/icyphy/ptII/ptolemy/domains/modal/test/auto/DeepModal2.xml
24 ms. Memory: 205824K Free: 152948K (74%)
----------------- Invoking toplevel() on ptolemy.moml.MoMLSimpleApplication@31b42e75
----------------- Done invoking toplevel() on ptolemy.moml.MoMLSimpleApplication@31b42e75
reloadAllAccessors: .DeepModal2

===========================================================================================
----------------- testing Fri Jan 10 06:51:30 UTC 2020 /home/travis/build/icyphy/ptII/ptolemy/domains/modal/test/auto/DeepModal3.xml
----------------- Instantiating /home/travis/build/icyphy/ptII/ptolemy/domains/modal/test/auto/DeepModal3.xml
31 ms. Memory: 205824K Free: 133492K (65%)
----------------- Invoking toplevel() on ptolemy.moml.MoMLSimpleApplication@2614e88
----------------- Done invoking toplevel() on ptolemy.moml.MoMLSimpleApplication@2614e88
reloadAllAccessors: .DeepModal3

===========================================================================================
----------------- testing Fri Jan 10 06:51:30 UTC 2020 /home/travis/build/icyphy/ptII/ptolemy/domains/modal/test/auto/DeepModal4.xml
----------------- Instantiating /home/travis/build/icyphy/ptII/ptolemy/domains/modal/test/auto/DeepModal4.xml
28 ms. Memory: 205824K Free: 114036K (55%)
----------------- Invoking toplevel() on ptolemy.moml.MoMLSimpleApplication@3d6be263
----------------- Done invoking toplevel() on ptolemy.moml.MoMLSimpleApplication@3d6be263
reloadAllAccessors: .DeepModal4

===========================================================================================
----------------- testing Fri Jan 10 06:51:30 UTC 2020 /home/travis/build/icyphy/ptII/ptolemy/domains/modal/test/auto/Default1.xml
----------------- Instantiating /home/travis/build/icyphy/ptII/ptolemy/domains/modal/test/auto/Default1.xml
2 ms. Memory: 205824K Free: 107892K (52%)
----------------- Invoking toplevel() on ptolemy.moml.MoMLSimpleApplication@33013cf3
----------------- Done invoking toplevel() on ptolemy.moml.MoMLSimpleApplication@33013cf3
reloadAllAccessors: .Default1

===========================================================================================
----------------- testing Fri Jan 10 06:51:30 UTC 2020 /home/travis/build/icyphy/ptII/ptolemy/domains/modal/test/auto/Default2.xml
----------------- Instantiating /home/travis/build/icyphy/ptII/ptolemy/domains/modal/test/auto/Default2.xml
8 ms. Memory: 205824K Free: 102258K (50%)
----------------- Invoking toplevel() on ptolemy.moml.MoMLSimpleApplication@10ccbc2b
----------------- Done invoking toplevel() on ptolemy.moml.MoMLSimpleApplication@10ccbc2b
reloadAllAccessors: .Default2

===========================================================================================
----------------- testing Fri Jan 10 06:51:30 UTC 2020 /home/travis/build/icyphy/ptII/ptolemy/domains/modal/test/auto/Default3.xml
----------------- Instantiating /home/travis/build/icyphy/ptII/ptolemy/domains/modal/test/auto/Default3.xml
4 ms. Memory: 205824K Free: 96114K (47%)
----------------- Invoking toplevel() on ptolemy.moml.MoMLSimpleApplication@56af2d98
----------------- Done invoking toplevel() on ptolemy.moml.MoMLSimpleApplication@56af2d98
reloadAllAccessors: .Default3

===========================================================================================
----------------- testing Fri Jan 10 06:51:30 UTC 2020 /home/travis/build/icyphy/ptII/ptolemy/domains/modal/test/auto/Default4.xml
----------------- Instantiating /home/travis/build/icyphy/ptII/ptolemy/domains/modal/test/auto/Default4.xml
2 ms. Memory: 205824K Free: 89970K (44%)
----------------- Invoking toplevel() on ptolemy.moml.MoMLSimpleApplication@62672789
----------------- Done invoking toplevel() on ptolemy.moml.MoMLSimpleApplication@62672789
reloadAllAccessors: .Default4

===========================================================================================
----------------- testing Fri Jan 10 06:51:30 UTC 2020 /home/travis/build/icyphy/ptII/ptolemy/domains/modal/test/auto/Default5.xml
----------------- Instantiating /home/travis/build/icyphy/ptII/ptolemy/domains/modal/test/auto/Default5.xml
5 ms. Memory: 205824K Free: 82292K (40%)
----------------- Invoking toplevel() on ptolemy.moml.MoMLSimpleApplication@54a56d17
----------------- Done invoking toplevel() on ptolemy.moml.MoMLSimpleApplication@54a56d17
reloadAllAccessors: .Default5

===========================================================================================
----------------- testing Fri Jan 10 06:51:30 UTC 2020 /home/travis/build/icyphy/ptII/ptolemy/domains/modal/test/auto/EmptyGuard.xml
----------------- Instantiating /home/travis/build/icyphy/ptII/ptolemy/domains/modal/test/auto/EmptyGuard.xml
13 ms. Memory: 205824K Free: 74100K (36%)
----------------- Invoking toplevel() on ptolemy.moml.MoMLSimpleApplication@3fd72678
----------------- Done invoking toplevel() on ptolemy.moml.MoMLSimpleApplication@3fd72678
reloadAllAccessors: .EmptyGuard

===========================================================================================
----------------- testing Fri Jan 10 06:51:30 UTC 2020 /home/travis/build/icyphy/ptII/ptolemy/domains/modal/test/auto/ErrorTransition1.xml
----------------- Instantiating /home/travis/build/icyphy/ptII/ptolemy/domains/modal/test/auto/ErrorTransition1.xml
13 ms. Memory: 247808K Free: 225193K (91%)
----------------- Invoking toplevel() on ptolemy.moml.MoMLSimpleApplication@12cb06d
----------------- Done invoking toplevel() on ptolemy.moml.MoMLSimpleApplication@12cb06d
reloadAllAccessors: .ErrorTransition1

===========================================================================================
----------------- testing Fri Jan 10 06:51:30 UTC 2020 /home/travis/build/icyphy/ptII/ptolemy/domains/modal/test/auto/ErrorTransition10.xml
----------------- Instantiating /home/travis/build/icyphy/ptII/ptolemy/domains/modal/test/auto/ErrorTransition10.xml
15 ms. Memory: 247808K Free: 211371K (85%)
----------------- Invoking toplevel() on ptolemy.moml.MoMLSimpleApplication@4de1440
----------------- Done invoking toplevel() on ptolemy.moml.MoMLSimpleApplication@4de1440
reloadAllAccessors: .ErrorTransition10

===========================================================================================
----------------- testing Fri Jan 10 06:51:30 UTC 2020 /home/travis/build/icyphy/ptII/ptolemy/domains/modal/test/auto/ErrorTransition11.xml
----------------- Instantiating /home/travis/build/icyphy/ptII/ptolemy/domains/modal/test/auto/ErrorTransition11.xml
4 ms. Memory: 247808K Free: 200107K (81%)
----------------- Invoking toplevel() on ptolemy.moml.MoMLSimpleApplication@1bf14313
----------------- Done invoking toplevel() on ptolemy.moml.MoMLSimpleApplication@1bf14313
reloadAllAccessors: .ErrorTransition11

===========================================================================================
----------------- testing Fri Jan 10 06:51:30 UTC 2020 /home/travis/build/icyphy/ptII/ptolemy/domains/modal/test/auto/ErrorTransition2.xml
----------------- Instantiating /home/travis/build/icyphy/ptII/ptolemy/domains/modal/test/auto/ErrorTransition2.xml
6 ms. Memory: 247808K Free: 191401K (77%)
----------------- Invoking toplevel() on ptolemy.moml.MoMLSimpleApplication@2361fba8
----------------- Done invoking toplevel() on ptolemy.moml.MoMLSimpleApplication@2361fba8
reloadAllAccessors: .ErrorTransition2

===========================================================================================
----------------- testing Fri Jan 10 06:51:30 UTC 2020 /home/travis/build/icyphy/ptII/ptolemy/domains/modal/test/auto/ErrorTransition3.xml
----------------- Instantiating /home/travis/build/icyphy/ptII/ptolemy/domains/modal/test/auto/ErrorTransition3.xml
16 ms. Memory: 247808K Free: 181675K (73%)
----------------- Invoking toplevel() on ptolemy.moml.MoMLSimpleApplication@5e33baa4
----------------- Done invoking toplevel() on ptolemy.moml.MoMLSimpleApplication@5e33baa4
reloadAllAccessors: .ErrorTransition3

===========================================================================================
----------------- testing Fri Jan 10 06:51:30 UTC 2020 /home/travis/build/icyphy/ptII/ptolemy/domains/modal/test/auto/ErrorTransition4.xml
----------------- Instantiating /home/travis/build/icyphy/ptII/ptolemy/domains/modal/test/auto/ErrorTransition4.xml
11 ms. Memory: 247808K Free: 170411K (69%)
----------------- Invoking toplevel() on ptolemy.moml.MoMLSimpleApplication@35926b9c
----------------- Done invoking toplevel() on ptolemy.moml.MoMLSimpleApplication@35926b9c
reloadAllAccessors: .ErrorTransition4

===========================================================================================
----------------- testing Fri Jan 10 06:51:30 UTC 2020 /home/travis/build/icyphy/ptII/ptolemy/domains/modal/test/auto/ErrorTransition5.xml
----------------- Instantiating /home/travis/build/icyphy/ptII/ptolemy/domains/modal/test/auto/ErrorTransition5.xml
9 ms. Memory: 247808K Free: 160171K (65%)
----------------- Invoking toplevel() on ptolemy.moml.MoMLSimpleApplication@29cd4e7c
----------------- Done invoking toplevel() on ptolemy.moml.MoMLSimpleApplication@29cd4e7c
reloadAllAccessors: .ErrorTransition5

===========================================================================================
----------------- testing Fri Jan 10 06:51:30 UTC 2020 /home/travis/build/icyphy/ptII/ptolemy/domains/modal/test/auto/ErrorTransition6.xml
----------------- Instantiating /home/travis/build/icyphy/ptII/ptolemy/domains/modal/test/auto/ErrorTransition6.xml
8 ms. Memory: 247808K Free: 149417K (60%)
----------------- Invoking toplevel() on ptolemy.moml.MoMLSimpleApplication@706254c2
----------------- Done invoking toplevel() on ptolemy.moml.MoMLSimpleApplication@706254c2
reloadAllAccessors: .ErrorTransition6

===========================================================================================
----------------- testing Fri Jan 10 06:51:30 UTC 2020 /home/travis/build/icyphy/ptII/ptolemy/domains/modal/test/auto/ErrorTransition7.xml
----------------- Instantiating /home/travis/build/icyphy/ptII/ptolemy/domains/modal/test/auto/ErrorTransition7.xml
21 ms. Memory: 247808K Free: 136619K (55%)
----------------- Invoking toplevel() on ptolemy.moml.MoMLSimpleApplication@3b7915b1
----------------- Done invoking toplevel() on ptolemy.moml.MoMLSimpleApplication@3b7915b1
reloadAllAccessors: .ErrorTransition7

===========================================================================================
----------------- testing Fri Jan 10 06:51:30 UTC 2020 /home/travis/build/icyphy/ptII/ptolemy/domains/modal/test/auto/ErrorTransition8.xml
----------------- Instantiating /home/travis/build/icyphy/ptII/ptolemy/domains/modal/test/auto/ErrorTransition8.xml
33 ms. Memory: 247808K Free: 123307K (50%)
----------------- Invoking toplevel() on ptolemy.moml.MoMLSimpleApplication@6959f522
----------------- Done invoking toplevel() on ptolemy.moml.MoMLSimpleApplication@6959f522
reloadAllAccessors: .ErrorTransition8

===========================================================================================
----------------- testing Fri Jan 10 06:51:30 UTC 2020 /home/travis/build/icyphy/ptII/ptolemy/domains/modal/test/auto/ErrorTransition9.xml
----------------- Instantiating /home/travis/build/icyphy/ptII/ptolemy/domains/modal/test/auto/ErrorTransition9.xml
13 ms. Memory: 247808K Free: 109995K (44%)
----------------- Invoking toplevel() on ptolemy.moml.MoMLSimpleApplication@519e5a81
----------------- Done invoking toplevel() on ptolemy.moml.MoMLSimpleApplication@519e5a81
reloadAllAccessors: .ErrorTransition9

===========================================================================================
----------------- testing Fri Jan 10 06:51:30 UTC 2020 /home/travis/build/icyphy/ptII/ptolemy/domains/modal/test/auto/ExtendedFSM.xml
----------------- Instantiating /home/travis/build/icyphy/ptII/ptolemy/domains/modal/test/auto/ExtendedFSM.xml
9 ms. Memory: 247808K Free: 101803K (41%)
----------------- Invoking toplevel() on ptolemy.moml.MoMLSimpleApplication@7e050780
----------------- Done invoking toplevel() on ptolemy.moml.MoMLSimpleApplication@7e050780
reloadAllAccessors: .ExtendedFSM

===========================================================================================
----------------- testing Fri Jan 10 06:51:30 UTC 2020 /home/travis/build/icyphy/ptII/ptolemy/domains/modal/test/auto/FinalStates.xml
----------------- Instantiating /home/travis/build/icyphy/ptII/ptolemy/domains/modal/test/auto/FinalStates.xml
7 ms. Memory: 247808K Free: 93611K (38%)
----------------- Invoking toplevel() on ptolemy.moml.MoMLSimpleApplication@127f7817
----------------- Done invoking toplevel() on ptolemy.moml.MoMLSimpleApplication@127f7817
reloadAllAccessors: .FinalStates

===========================================================================================
----------------- testing Fri Jan 10 06:51:30 UTC 2020 /home/travis/build/icyphy/ptII/ptolemy/domains/modal/test/auto/FixedPointFSM.xml
----------------- Instantiating /home/travis/build/icyphy/ptII/ptolemy/domains/modal/test/auto/FixedPointFSM.xml
20 ms. Memory: 247808K Free: 221110K (89%)
----------------- Invoking toplevel() on ptolemy.moml.MoMLSimpleApplication@2499cd22
----------------- Done invoking toplevel() on ptolemy.moml.MoMLSimpleApplication@2499cd22
reloadAllAccessors: .FixedPointFSM

===========================================================================================
----------------- testing Fri Jan 10 06:51:30 UTC 2020 /home/travis/build/icyphy/ptII/ptolemy/domains/modal/test/auto/FixedPointIterationFSMActor.xml
----------------- Instantiating /home/travis/build/icyphy/ptII/ptolemy/domains/modal/test/auto/FixedPointIterationFSMActor.xml
6 ms. Memory: 247808K Free: 210360K (85%)
----------------- Invoking toplevel() on ptolemy.moml.MoMLSimpleApplication@1ca7effa
----------------- Done invoking toplevel() on ptolemy.moml.MoMLSimpleApplication@1ca7effa
reloadAllAccessors: .FixedPointIterationFSMActor

===========================================================================================
----------------- testing Fri Jan 10 06:51:30 UTC 2020 /home/travis/build/icyphy/ptII/ptolemy/domains/modal/test/auto/FixedPointIterationFSMActor2.xml
----------------- Instantiating /home/travis/build/icyphy/ptII/ptolemy/domains/modal/test/auto/FixedPointIterationFSMActor2.xml
8 ms. Memory: 247808K Free: 198072K (80%)
----------------- Invoking toplevel() on ptolemy.moml.MoMLSimpleApplication@6e953b10
----------------- Done invoking toplevel() on ptolemy.moml.MoMLSimpleApplication@6e953b10
reloadAllAccessors: .FixedPointIterationFSMActor2

===========================================================================================
----------------- testing Fri Jan 10 06:51:30 UTC 2020 /home/travis/build/icyphy/ptII/ptolemy/domains/modal/test/auto/ForbiddenInstantanousLoop.xml
----------------- Instantiating /home/travis/build/icyphy/ptII/ptolemy/domains/modal/test/auto/ForbiddenInstantanousLoop.xml
11 ms. Memory: 247808K Free: 185784K (75%)
----------------- Invoking toplevel() on ptolemy.moml.MoMLSimpleApplication@538ac33c
----------------- Done invoking toplevel() on ptolemy.moml.MoMLSimpleApplication@538ac33c
reloadAllAccessors: .ForbiddenInstantanousLoop

===========================================================================================
----------------- testing Fri Jan 10 06:51:31 UTC 2020 /home/travis/build/icyphy/ptII/ptolemy/domains/modal/test/auto/FunctionDependencyOfFSMActorTest.xml
----------------- Instantiating /home/travis/build/icyphy/ptII/ptolemy/domains/modal/test/auto/FunctionDependencyOfFSMActorTest.xml
7 ms. Memory: 247808K Free: 178616K (72%)
----------------- Invoking toplevel() on ptolemy.moml.MoMLSimpleApplication@2595a054
----------------- Done invoking toplevel() on ptolemy.moml.MoMLSimpleApplication@2595a054
reloadAllAccessors: .FunctionDependencyOfFSMActorTest

===========================================================================================
----------------- testing Fri Jan 10 06:51:31 UTC 2020 /home/travis/build/icyphy/ptII/ptolemy/domains/modal/test/auto/GuardExpression.xml
----------------- Instantiating /home/travis/build/icyphy/ptII/ptolemy/domains/modal/test/auto/GuardExpression.xml
2 ms. Memory: 247808K Free: 173496K (70%)
----------------- Invoking toplevel() on ptolemy.moml.MoMLSimpleApplication@20794f24
----------------- Done invoking toplevel() on ptolemy.moml.MoMLSimpleApplication@20794f24
reloadAllAccessors: .GuardExpression

===========================================================================================
----------------- testing Fri Jan 10 06:51:31 UTC 2020 /home/travis/build/icyphy/ptII/ptolemy/domains/modal/test/auto/GuardNotEvaluated.xml
----------------- Instantiating /home/travis/build/icyphy/ptII/ptolemy/domains/modal/test/auto/GuardNotEvaluated.xml
6 ms. Memory: 247808K Free: 164776K (66%)
----------------- Invoking toplevel() on ptolemy.moml.MoMLSimpleApplication@62199906
----------------- Done invoking toplevel() on ptolemy.moml.MoMLSimpleApplication@62199906
reloadAllAccessors: .GuardNotEvaluated

===========================================================================================
----------------- testing Fri Jan 10 06:51:31 UTC 2020 /home/travis/build/icyphy/ptII/ptolemy/domains/modal/test/auto/GuardNotEvaluated2.xml
----------------- Instantiating /home/travis/build/icyphy/ptII/ptolemy/domains/modal/test/auto/GuardNotEvaluated2.xml
6 ms. Memory: 247808K Free: 155064K (63%)
----------------- Invoking toplevel() on ptolemy.moml.MoMLSimpleApplication@1e7dc43b
----------------- Done invoking toplevel() on ptolemy.moml.MoMLSimpleApplication@1e7dc43b
reloadAllAccessors: .GuardNotEvaluated2

===========================================================================================
----------------- testing Fri Jan 10 06:51:31 UTC 2020 /home/travis/build/icyphy/ptII/ptolemy/domains/modal/test/auto/GuardOnAbsent.xml
----------------- Instantiating /home/travis/build/icyphy/ptII/ptolemy/domains/modal/test/auto/GuardOnAbsent.xml
10 ms. Memory: 247808K Free: 147352K (59%)
----------------- Invoking toplevel() on ptolemy.moml.MoMLSimpleApplication@44caa9d9
----------------- Done invoking toplevel() on ptolemy.moml.MoMLSimpleApplication@44caa9d9
reloadAllAccessors: .GuardOnAbsent

===========================================================================================
----------------- testing Fri Jan 10 06:51:31 UTC 2020 /home/travis/build/icyphy/ptII/ptolemy/domains/modal/test/auto/HierarchicalFSMTypeInference.xml
----------------- Instantiating /home/travis/build/icyphy/ptII/ptolemy/domains/modal/test/auto/HierarchicalFSMTypeInference.xml
3 ms. Memory: 247808K Free: 137142K (55%)
----------------- Invoking toplevel() on ptolemy.moml.MoMLSimpleApplication@6b71f48b
----------------- Done invoking toplevel() on ptolemy.moml.MoMLSimpleApplication@6b71f48b
reloadAllAccessors: .HierarchicalFSMTypeInference

===========================================================================================
----------------- testing Fri Jan 10 06:51:31 UTC 2020 /home/travis/build/icyphy/ptII/ptolemy/domains/modal/test/auto/Hysteresis.xml
----------------- Instantiating /home/travis/build/icyphy/ptII/ptolemy/domains/modal/test/auto/Hysteresis.xml
13 ms. Memory: 247808K Free: 123816K (50%)
----------------- Invoking toplevel() on ptolemy.moml.MoMLSimpleApplication@757f94b7
----------------- Done invoking toplevel() on ptolemy.moml.MoMLSimpleApplication@757f94b7
reloadAllAccessors: .Hysteresis

===========================================================================================
----------------- testing Fri Jan 10 06:51:31 UTC 2020 /home/travis/build/icyphy/ptII/ptolemy/domains/modal/test/auto/HysteresisWithDefault.xml
----------------- Instantiating /home/travis/build/icyphy/ptII/ptolemy/domains/modal/test/auto/HysteresisWithDefault.xml
57 ms. Memory: 247808K Free: 100792K (41%)
----------------- Invoking toplevel() on ptolemy.moml.MoMLSimpleApplication@4aa585ed
----------------- Done invoking toplevel() on ptolemy.moml.MoMLSimpleApplication@4aa585ed
reloadAllAccessors: .HysteresisWithDefault

===========================================================================================
----------------- testing Fri Jan 10 06:51:31 UTC 2020 /home/travis/build/icyphy/ptII/ptolemy/domains/modal/test/auto/HysteresisWithDefault2.xml
----------------- Instantiating /home/travis/build/icyphy/ptII/ptolemy/domains/modal/test/auto/HysteresisWithDefault2.xml
66 ms. Memory: 247808K Free: 213364K (86%)
----------------- Invoking toplevel() on ptolemy.moml.MoMLSimpleApplication@6660e774
----------------- Done invoking toplevel() on ptolemy.moml.MoMLSimpleApplication@6660e774
reloadAllAccessors: .HysteresisWithDefault2

===========================================================================================
----------------- testing Fri Jan 10 06:51:31 UTC 2020 /home/travis/build/icyphy/ptII/ptolemy/domains/modal/test/auto/ImmediateNonConstructiveness.xml
----------------- Instantiating /home/travis/build/icyphy/ptII/ptolemy/domains/modal/test/auto/ImmediateNonConstructiveness.xml
3 ms. Memory: 247808K Free: 206196K (83%)
----------------- Invoking toplevel() on ptolemy.moml.MoMLSimpleApplication@6055a53d
----------------- Done invoking toplevel() on ptolemy.moml.MoMLSimpleApplication@6055a53d
reloadAllAccessors: .ImmediateNonConstructiveness

===========================================================================================
----------------- testing Fri Jan 10 06:51:31 UTC 2020 /home/travis/build/icyphy/ptII/ptolemy/domains/modal/test/auto/ImmediateNonConstructiveness2.xml
----------------- Instantiating /home/travis/build/icyphy/ptII/ptolemy/domains/modal/test/auto/ImmediateNonConstructiveness2.xml
2 ms. Memory: 247808K Free: 199538K (81%)
----------------- Invoking toplevel() on ptolemy.moml.MoMLSimpleApplication@2a984763
----------------- Done invoking toplevel() on ptolemy.moml.MoMLSimpleApplication@2a984763
reloadAllAccessors: .ImmediateNonConstructiveness2

===========================================================================================
----------------- testing Fri Jan 10 06:51:31 UTC 2020 /home/travis/build/icyphy/ptII/ptolemy/domains/modal/test/auto/ImmediateTransitionReset.xml
----------------- Instantiating /home/travis/build/icyphy/ptII/ptolemy/domains/modal/test/auto/ImmediateTransitionReset.xml
7 ms. Memory: 247808K Free: 187764K (76%)
----------------- Invoking toplevel() on ptolemy.moml.MoMLSimpleApplication@51631e97
----------------- Done invoking toplevel() on ptolemy.moml.MoMLSimpleApplication@51631e97
reloadAllAccessors: .ImmediateTransitionReset

===========================================================================================
----------------- testing Fri Jan 10 06:51:31 UTC 2020 /home/travis/build/icyphy/ptII/ptolemy/domains/modal/test/auto/ImmediateTransitions1.xml
----------------- Instantiating /home/travis/build/icyphy/ptII/ptolemy/domains/modal/test/auto/ImmediateTransitions1.xml
1 ms. Memory: 247808K Free: 182644K (74%)
----------------- Invoking toplevel() on ptolemy.moml.MoMLSimpleApplication@2dacb17c
----------------- Done invoking toplevel() on ptolemy.moml.MoMLSimpleApplication@2dacb17c
reloadAllAccessors: .ImmediateTransitions1

===========================================================================================
----------------- testing Fri Jan 10 06:51:31 UTC 2020 /home/travis/build/icyphy/ptII/ptolemy/domains/modal/test/auto/ImmediateTransitionsInstantaneousCommunication.xml
----------------- Instantiating /home/travis/build/icyphy/ptII/ptolemy/domains/modal/test/auto/ImmediateTransitionsInstantaneousCommunication.xml
4 ms. Memory: 247808K Free: 170356K (69%)
----------------- Invoking toplevel() on ptolemy.moml.MoMLSimpleApplication@64e8b489
----------------- Done invoking toplevel() on ptolemy.moml.MoMLSimpleApplication@64e8b489
reloadAllAccessors: .ImmediateTransitionsInstantaneousCommunication

===========================================================================================
----------------- testing Fri Jan 10 06:51:31 UTC 2020 /home/travis/build/icyphy/ptII/ptolemy/domains/modal/test/auto/InitialImmediateTransition.xml
----------------- Instantiating /home/travis/build/icyphy/ptII/ptolemy/domains/modal/test/auto/InitialImmediateTransition.xml
3 ms. Memory: 247808K Free: 163188K (66%)
----------------- Invoking toplevel() on ptolemy.moml.MoMLSimpleApplication@546ef5f7
----------------- Done invoking toplevel() on ptolemy.moml.MoMLSimpleApplication@546ef5f7
reloadAllAccessors: .InitialImmediateTransition

===========================================================================================
----------------- testing Fri Jan 10 06:51:31 UTC 2020 /home/travis/build/icyphy/ptII/ptolemy/domains/modal/test/auto/InitialOutputs.xml
----------------- Instantiating /home/travis/build/icyphy/ptII/ptolemy/domains/modal/test/auto/InitialOutputs.xml
3 ms. Memory: 247808K Free: 156530K (63%)
----------------- Invoking toplevel() on ptolemy.moml.MoMLSimpleApplication@53e8e951
----------------- Done invoking toplevel() on ptolemy.moml.MoMLSimpleApplication@53e8e951
reloadAllAccessors: .InitialOutputs

===========================================================================================
----------------- testing Fri Jan 10 06:51:31 UTC 2020 /home/travis/build/icyphy/ptII/ptolemy/domains/modal/test/auto/InitialStateTransition1.xml
----------------- Instantiating /home/travis/build/icyphy/ptII/ptolemy/domains/modal/test/auto/InitialStateTransition1.xml
2 ms. Memory: 247808K Free: 149362K (60%)
----------------- Invoking toplevel() on ptolemy.moml.MoMLSimpleApplication@678cf71
----------------- Done invoking toplevel() on ptolemy.moml.MoMLSimpleApplication@678cf71
reloadAllAccessors: .InitialStateTransition1

===========================================================================================
----------------- testing Fri Jan 10 06:51:31 UTC 2020 /home/travis/build/icyphy/ptII/ptolemy/domains/modal/test/auto/InitialStateTransition2.xml
----------------- Instantiating /home/travis/build/icyphy/ptII/ptolemy/domains/modal/test/auto/InitialStateTransition2.xml
.InitialStateTransition2.TestExceptionAttributeNonConstructive: initialize() was not invoked, but wrapup() was.  This is unusual, but not always a problem.  For example, exporting JNLP will do this.
2 ms. Memory: 247808K Free: 142194K (57%)
----------------- Invoking toplevel() on ptolemy.moml.MoMLSimpleApplication@326e908
----------------- Done invoking toplevel() on ptolemy.moml.MoMLSimpleApplication@326e908
reloadAllAccessors: .InitialStateTransition2

===========================================================================================
----------------- testing Fri Jan 10 06:51:31 UTC 2020 /home/travis/build/icyphy/ptII/ptolemy/domains/modal/test/auto/InitialStateTransition3.xml
----------------- Instantiating /home/travis/build/icyphy/ptII/ptolemy/domains/modal/test/auto/InitialStateTransition3.xml
3 ms. Memory: 247808K Free: 134002K (54%)
----------------- Invoking toplevel() on ptolemy.moml.MoMLSimpleApplication@96a2a8f
----------------- Done invoking toplevel() on ptolemy.moml.MoMLSimpleApplication@96a2a8f
reloadAllAccessors: .InitialStateTransition3

===========================================================================================
----------------- testing Fri Jan 10 06:51:31 UTC 2020 /home/travis/build/icyphy/ptII/ptolemy/domains/modal/test/auto/InitialStateTransition4.xml
----------------- Instantiating /home/travis/build/icyphy/ptII/ptolemy/domains/modal/test/auto/InitialStateTransition4.xml
3 ms. Memory: 247808K Free: 124276K (50%)
----------------- Invoking toplevel() on ptolemy.moml.MoMLSimpleApplication@557bb705
----------------- Done invoking toplevel() on ptolemy.moml.MoMLSimpleApplication@557bb705
[...]
reloadAllAccessors: .TerminationTransition3

===========================================================================================
----------------- testing Fri Jan 10 06:51:33 UTC 2020 /home/travis/build/icyphy/ptII/ptolemy/domains/modal/test/auto/TerminationTransition4.xml
----------------- Instantiating /home/travis/build/icyphy/ptII/ptolemy/domains/modal/test/auto/TerminationTransition4.xml
5 ms. Memory: 297984K Free: 217147K (73%)
----------------- Invoking toplevel() on ptolemy.moml.MoMLSimpleApplication@4614ca3e
----------------- Done invoking toplevel() on ptolemy.moml.MoMLSimpleApplication@4614ca3e
reloadAllAccessors: .TerminationTransition4

===========================================================================================
----------------- testing Fri Jan 10 06:51:33 UTC 2020 /home/travis/build/icyphy/ptII/ptolemy/domains/modal/test/auto/TerminationTransition5.xml
----------------- Instantiating /home/travis/build/icyphy/ptII/ptolemy/domains/modal/test/auto/TerminationTransition5.xml
2 ms. Memory: 297984K Free: 203325K (68%)
----------------- Invoking toplevel() on ptolemy.moml.MoMLSimpleApplication@60f19ffe
----------------- Done invoking toplevel() on ptolemy.moml.MoMLSimpleApplication@60f19ffe
reloadAllAccessors: .TerminationTransition5

===========================================================================================
----------------- testing Fri Jan 10 06:51:33 UTC 2020 /home/travis/build/icyphy/ptII/ptolemy/domains/modal/test/auto/TerminationTransition6.xml
----------------- Instantiating /home/travis/build/icyphy/ptII/ptolemy/domains/modal/test/auto/TerminationTransition6.xml
1 ms. Memory: 297984K Free: 194619K (65%)
----------------- Invoking toplevel() on ptolemy.moml.MoMLSimpleApplication@2dce26bb
----------------- Done invoking toplevel() on ptolemy.moml.MoMLSimpleApplication@2dce26bb
reloadAllAccessors: .TerminationTransition6

===========================================================================================
----------------- testing Fri Jan 10 06:51:33 UTC 2020 /home/travis/build/icyphy/ptII/ptolemy/domains/modal/test/auto/TerminationTransition7.xml
----------------- Instantiating /home/travis/build/icyphy/ptII/ptolemy/domains/modal/test/auto/TerminationTransition7.xml
2 ms. Memory: 297984K Free: 184893K (62%)
----------------- Invoking toplevel() on ptolemy.moml.MoMLSimpleApplication@389ba592
----------------- Done invoking toplevel() on ptolemy.moml.MoMLSimpleApplication@389ba592
reloadAllAccessors: .TerminationTransition7

===========================================================================================
----------------- testing Fri Jan 10 06:51:33 UTC 2020 /home/travis/build/icyphy/ptII/ptolemy/domains/modal/test/auto/TerminationTransition8.xml
----------------- Instantiating /home/travis/build/icyphy/ptII/ptolemy/domains/modal/test/auto/TerminationTransition8.xml
2 ms. Memory: 297984K Free: 175163K (59%)
----------------- Invoking toplevel() on ptolemy.moml.MoMLSimpleApplication@1113200b
----------------- Done invoking toplevel() on ptolemy.moml.MoMLSimpleApplication@1113200b
reloadAllAccessors: .TerminationTransition8

===========================================================================================
----------------- testing Fri Jan 10 06:51:33 UTC 2020 /home/travis/build/icyphy/ptII/ptolemy/domains/modal/test/auto/Thermostat_NoHysteresis.xml
----------------- Instantiating /home/travis/build/icyphy/ptII/ptolemy/domains/modal/test/auto/Thermostat_NoHysteresis.xml
23 ms. Memory: 297984K Free: 150587K (51%)
----------------- Invoking toplevel() on ptolemy.moml.MoMLSimpleApplication@153824e9
----------------- Done invoking toplevel() on ptolemy.moml.MoMLSimpleApplication@153824e9
reloadAllAccessors: .Thermostat_NoHysteresis

===========================================================================================
----------------- testing Fri Jan 10 06:51:33 UTC 2020 /home/travis/build/icyphy/ptII/ptolemy/domains/modal/test/auto/TimedFSM.xml
----------------- Instantiating /home/travis/build/icyphy/ptII/ptolemy/domains/modal/test/auto/TimedFSM.xml
8 ms. Memory: 297984K Free: 138813K (47%)
----------------- Invoking toplevel() on ptolemy.moml.MoMLSimpleApplication@5e396543
----------------- Done invoking toplevel() on ptolemy.moml.MoMLSimpleApplication@5e396543
reloadAllAccessors: .TimedFSM

===========================================================================================
----------------- testing Fri Jan 10 06:51:33 UTC 2020 /home/travis/build/icyphy/ptII/ptolemy/domains/modal/test/auto/Timeout1.xml
----------------- Instantiating /home/travis/build/icyphy/ptII/ptolemy/domains/modal/test/auto/Timeout1.xml
3 ms. Memory: 297984K Free: 133165K (45%)
----------------- Invoking toplevel() on ptolemy.moml.MoMLSimpleApplication@7b00eb1
----------------- Done invoking toplevel() on ptolemy.moml.MoMLSimpleApplication@7b00eb1
reloadAllAccessors: .Timeout1

===========================================================================================
----------------- testing Fri Jan 10 06:51:33 UTC 2020 /home/travis/build/icyphy/ptII/ptolemy/domains/modal/test/auto/Timeout2.xml
----------------- Instantiating /home/travis/build/icyphy/ptII/ptolemy/domains/modal/test/auto/Timeout2.xml
8 ms. Memory: 297984K Free: 124477K (42%)
----------------- Invoking toplevel() on ptolemy.moml.MoMLSimpleApplication@521b0d48
----------------- Done invoking toplevel() on ptolemy.moml.MoMLSimpleApplication@521b0d48
reloadAllAccessors: .Timeout2

===========================================================================================
----------------- testing Fri Jan 10 06:51:33 UTC 2020 /home/travis/build/icyphy/ptII/ptolemy/domains/modal/test/auto/Timeout3.xml
----------------- Instantiating /home/travis/build/icyphy/ptII/ptolemy/domains/modal/test/auto/Timeout3.xml
2 ms. Memory: 297984K Free: 119357K (40%)
----------------- Invoking toplevel() on ptolemy.moml.MoMLSimpleApplication@a7f6461
----------------- Done invoking toplevel() on ptolemy.moml.MoMLSimpleApplication@a7f6461
reloadAllAccessors: .Timeout3

===========================================================================================
----------------- testing Fri Jan 10 06:51:33 UTC 2020 /home/travis/build/icyphy/ptII/ptolemy/domains/modal/test/auto/Timeout4.xml
----------------- Instantiating /home/travis/build/icyphy/ptII/ptolemy/domains/modal/test/auto/Timeout4.xml
2 ms. Memory: 297984K Free: 114237K (38%)
----------------- Invoking toplevel() on ptolemy.moml.MoMLSimpleApplication@3120f45f
----------------- Done invoking toplevel() on ptolemy.moml.MoMLSimpleApplication@3120f45f
reloadAllAccessors: .Timeout4

===========================================================================================
----------------- testing Fri Jan 10 06:51:33 UTC 2020 /home/travis/build/icyphy/ptII/ptolemy/domains/modal/test/auto/TransientstateModelAdvanced.xml
----------------- Instantiating /home/travis/build/icyphy/ptII/ptolemy/domains/modal/test/auto/TransientstateModelAdvanced.xml
3 ms. Memory: 297984K Free: 274616K (92%)
----------------- Invoking toplevel() on ptolemy.moml.MoMLSimpleApplication@29b752ee
----------------- Done invoking toplevel() on ptolemy.moml.MoMLSimpleApplication@29b752ee
reloadAllAccessors: .TransientstateModelAdvanced

===========================================================================================
----------------- testing Fri Jan 10 06:51:33 UTC 2020 /home/travis/build/icyphy/ptII/ptolemy/domains/modal/test/auto/TransientstateModelAdvanced2.xml
----------------- Instantiating /home/travis/build/icyphy/ptII/ptolemy/domains/modal/test/auto/TransientstateModelAdvanced2.xml
2 ms. Memory: 297984K Free: 260280K (87%)
----------------- Invoking toplevel() on ptolemy.moml.MoMLSimpleApplication@69f35679
----------------- Done invoking toplevel() on ptolemy.moml.MoMLSimpleApplication@69f35679
reloadAllAccessors: .transientstatemodelAdvanced

===========================================================================================
----------------- testing Fri Jan 10 06:51:34 UTC 2020 /home/travis/build/icyphy/ptII/ptolemy/domains/modal/test/auto/TransitionRefinements.xml
----------------- Instantiating /home/travis/build/icyphy/ptII/ptolemy/domains/modal/test/auto/TransitionRefinements.xml
6 ms. Memory: 297984K Free: 250536K (84%)
----------------- Invoking toplevel() on ptolemy.moml.MoMLSimpleApplication@143234a3
----------------- Done invoking toplevel() on ptolemy.moml.MoMLSimpleApplication@143234a3
reloadAllAccessors: .TransitionRefinements

===========================================================================================
----------------- testing Fri Jan 10 06:51:34 UTC 2020 /home/travis/build/icyphy/ptII/ptolemy/domains/modal/test/auto/TwoRefinements1.xml
----------------- Instantiating /home/travis/build/icyphy/ptII/ptolemy/domains/modal/test/auto/TwoRefinements1.xml
3 ms. Memory: 297984K Free: 240310K (81%)
----------------- Invoking toplevel() on ptolemy.moml.MoMLSimpleApplication@40f368c0
----------------- Done invoking toplevel() on ptolemy.moml.MoMLSimpleApplication@40f368c0
reloadAllAccessors: .TwoRefinements1

===========================================================================================
----------------- testing Fri Jan 10 06:51:34 UTC 2020 /home/travis/build/icyphy/ptII/ptolemy/domains/modal/test/auto/TwoRefinements2.xml
----------------- Instantiating /home/travis/build/icyphy/ptII/ptolemy/domains/modal/test/auto/TwoRefinements2.xml
3 ms. Memory: 297984K Free: 230584K (77%)
----------------- Invoking toplevel() on ptolemy.moml.MoMLSimpleApplication@8d23911
----------------- Done invoking toplevel() on ptolemy.moml.MoMLSimpleApplication@8d23911
reloadAllAccessors: .TwoRefinements2

===========================================================================================
----------------- testing Fri Jan 10 06:51:34 UTC 2020 /home/travis/build/icyphy/ptII/ptolemy/domains/modal/test/auto/WeakImmediateTransition.xml
----------------- Instantiating /home/travis/build/icyphy/ptII/ptolemy/domains/modal/test/auto/WeakImmediateTransition.xml
3 ms. Memory: 297984K Free: 221878K (74%)
----------------- Invoking toplevel() on ptolemy.moml.MoMLSimpleApplication@7394b099
----------------- Done invoking toplevel() on ptolemy.moml.MoMLSimpleApplication@7394b099
reloadAllAccessors: .WeakImmediateTransition

===========================================================================================
----------------- testing Fri Jan 10 06:51:34 UTC 2020 /home/travis/build/icyphy/ptII/ptolemy/domains/modal/test/auto/booleanSelect.xml
----------------- Instantiating /home/travis/build/icyphy/ptII/ptolemy/domains/modal/test/auto/booleanSelect.xml
31 ms. Memory: 297984K Free: 203432K (68%)
----------------- Invoking toplevel() on ptolemy.moml.MoMLSimpleApplication@57d3206d
----------------- Done invoking toplevel() on ptolemy.moml.MoMLSimpleApplication@57d3206d
reloadAllAccessors: .booleanSelect

===========================================================================================
----------------- testing Fri Jan 10 06:51:34 UTC 2020 /home/travis/build/icyphy/ptII/ptolemy/domains/modal/test/auto/modalChangingParams.xml
----------------- Instantiating /home/travis/build/icyphy/ptII/ptolemy/domains/modal/test/auto/modalChangingParams.xml
0
1
0
2
4
6
8
7
0
2
4
6
8
13
0
2
4
6
8
19
0
2
4
6
8
25
0
2
4
6
8
31
0
2
4
6
8
37
0
2
4
6
8
43
0
2
4
6
8
49
0
2
4
6
8
55
0
2
4
6
8
61
0
2
4
6
8
67
0
2
4
6
8
73
0
2
4
6
8
79
0
2
4
6
8
85
0
2
4
6
8
91
0
2
4
6
8
97
0
2
4
6
8
103
0
2
4
6
8
109
0
2
4
6
8
115
0
2
4
6
8
121
0
2
4
6
8
127
0
2
4
6
8
133
0
2
4
6
8
139
0
2
4
6
8
145
0
2
4
6
8
151
0
2
4
6
8
157
0
2
4
6
8
163
0
2
4
6
8
169
0
2
4
6
8
175
0
2
4
6
8
181
0
2
4
6
8
187
0
2
4
6
8
193
0
2
4
6
8
199
0
2
4
6
8
205
0
2
4
6
8
211
0
2
4
6
8
217
0
2
4
6
8
223
0
2
4
6
8
229
0
2
4
6
8
235
0
2
4
6
8
241
0
2
4
6
8
247
0
2
4
6
8
253
0
2
4
6
8
259
0
2
4
6
8
265
0
2
4
6
8
271
0
2
4
6
8
277
0
2
4
6
8
283
0
2
4
6
8
289
0
2
4
6
8
295
0
2
4
6
8
301
0
2
4
6
8
307
0
2
4
6
8
313
0
2
4
6
8
319
0
2
4
6
8
325
0
2
4
6
8
331
0
2
4
6
8
337
0
2
4
6
8
343
0
2
4
6
8
349
0
2
4
6
8
355
0
2
4
6
8
361
0
2
4
6
8
367
0
2
4
6
8
373
0
2
4
6
8
379
0
2
4
6
8
385
0
2
4
6
8
391
0
2
4
6
8
397
0
2
4
6
8
403
0
2
4
6
8
409
0
2
4
6
8
415
0
2
4
6
8
421
0
2
4
6
8
427
0
2
4
6
8
433
0
2
4
6
8
439
0
2
4
6
8
445
0
2
4
6
8
451
0
2
4
6
8
457
0
2
4
6
8
463
0
2
4
6
8
469
0
2
4
6
8
475
0
2
4
6
8
481
0
2
4
6
8
487
0
2
4
6
8
493
0
2
4
6
8
499
0
2
4
6
8
505
0
2
4
6
8
511
0
2
4
6
8
517
0
2
4
6
8
523
0
2
4
6
8
529
0
2
4
6
8
535
0
2
4
6
8
541
0
2
4
6
8
547
0
2
4
6
8
553
0
2
4
6
8
559
0
2
4
6
8
565
0
2
4
6
8
571
0
2
4
6
8
577
0
2
4
6
8
583
0
2
4
6
8
589
0
2
4
6
8
595
0
2
4
6
8
601
0
2
4
6
8
607
0
2
4
6
8
613
0
2
4
6
8
619
0
2
4
6
8
625
0
2
4
6
8
631
0
2
4
6
8
637
0
2
4
6
8
643
0
2
4
6
8
649
0
2
4
6
8
655
0
2
4
6
8
661
0
2
4
6
8
667
0
2
4
6
8
673
0
2
4
6
8
679
0
2
4
6
8
685
0
2
4
6
8
691
0
2
4
6
8
697
0
2
4
6
8
703
0
2
4
6
8
709
0
2
4
6
8
715
0
2
4
6
8
721
0
2
4
6
8
727
0
2
4
6
8
733
0
2
4
6
8
739
0
2
4
6
8
745
0
2
4
6
8
751
0
2
4
6
8
757
0
2
4
6
8
763
0
2
4
6
8
769
0
2
4
6
8
775
0
2
4
6
8
781
0
2
4
6
8
787
0
2
4
6
8
793
0
2
4
6
8
799
0
2
4
6
8
805
0
2
4
6
8
811
0
2
4
6
8
817
0
2
4
6
8
823
0
2
4
6
8
829
0
2
4
6
8
835
0
2
4
6
8
841
0
2
4
6
8
847
0
2
4
6
8
853
0
2
4
6
8
859
0
2
4
6
8
865
0
2
4
6
8
871
0
2
4
6
8
877
0
2
4
6
8
883
0
2
4
6
8
889
0
2
4
6
8
895
0
2
4
6
8
901
0
2
4
6
8
907
0
2
4
6
8
913
0
2
4
6
8
919
0
2
4
6
8
925
0
2
4
6
8
931
0
2
4
6
8
937
0
2
4
6
8
943
0
2
4
6
8
949
0
2
4
6
8
955
0
2
4
6
8
961
0
2
4
6
8
967
0
2
4
6
8
973
0
2
4
6
8
979
0
2
4
6
8
985
0
2
4
6
8
991
0
2
4
6
8
997
0
2
276 ms. Memory: 358400K Free: 323150K (90%)
----------------- Invoking toplevel() on ptolemy.moml.MoMLSimpleApplication@7bf706c3
----------------- Done invoking toplevel() on ptolemy.moml.MoMLSimpleApplication@7bf706c3
reloadAllAccessors: .modalChangingParams

===========================================================================================
----------------- testing Fri Jan 10 06:51:34 UTC 2020 /home/travis/build/icyphy/ptII/ptolemy/domains/modal/test/auto/modalModel.xml
----------------- Instantiating /home/travis/build/icyphy/ptII/ptolemy/domains/modal/test/auto/modalModel.xml
12 ms. Memory: 358400K Free: 313934K (88%)
----------------- Invoking toplevel() on ptolemy.moml.MoMLSimpleApplication@40325426
----------------- Done invoking toplevel() on ptolemy.moml.MoMLSimpleApplication@40325426
reloadAllAccessors: .modalModel

===========================================================================================
----------------- testing Fri Jan 10 06:51:34 UTC 2020 /home/travis/build/icyphy/ptII/ptolemy/domains/modal/test/auto/modalModel2.xml
----------------- Instantiating /home/travis/build/icyphy/ptII/ptolemy/domains/modal/test/auto/modalModel2.xml
9 ms. Memory: 358400K Free: 303184K (85%)
----------------- Invoking toplevel() on ptolemy.moml.MoMLSimpleApplication@42271b08
----------------- Done invoking toplevel() on ptolemy.moml.MoMLSimpleApplication@42271b08
reloadAllAccessors: .modalModel2

===========================================================================================
----------------- testing Fri Jan 10 06:51:34 UTC 2020 /home/travis/build/icyphy/ptII/ptolemy/domains/modal/test/auto/modalModel3.xml
----------------- Instantiating /home/travis/build/icyphy/ptII/ptolemy/domains/modal/test/auto/modalModel3.xml
0	0	0
3	2	1
6	4	2
9	6	3
4	0	4
7	2	5
10	4	6
13	6	7
8	0	8
11	2	9
14	4	10
17	6	11
12	0	12
15	2	13
18	4	14
18 ms. Memory: 358400K Free: 288320K (80%)
----------------- Invoking toplevel() on ptolemy.moml.MoMLSimpleApplication@4ba777
----------------- Done invoking toplevel() on ptolemy.moml.MoMLSimpleApplication@4ba777
reloadAllAccessors: .modalModel3

===========================================================================================
----------------- testing Fri Jan 10 06:51:34 UTC 2020 /home/travis/build/icyphy/ptII/ptolemy/domains/modal/test/auto/model1.xml
----------------- Instantiating /home/travis/build/icyphy/ptII/ptolemy/domains/modal/test/auto/model1.xml
13 ms. Memory: 358400K Free: 282176K (79%)
----------------- Invoking toplevel() on ptolemy.moml.MoMLSimpleApplication@2afe69e1
----------------- Done invoking toplevel() on ptolemy.moml.MoMLSimpleApplication@2afe69e1
reloadAllAccessors: .model1

===========================================================================================
----------------- testing Fri Jan 10 06:51:34 UTC 2020 /home/travis/build/icyphy/ptII/ptolemy/domains/modal/test/auto/test-direct-in-out.xml
----------------- Instantiating /home/travis/build/icyphy/ptII/ptolemy/domains/modal/test/auto/test-direct-in-out.xml
5 ms. Memory: 358400K Free: 274512K (77%)
----------------- Invoking toplevel() on ptolemy.moml.MoMLSimpleApplication@269a31a9
----------------- Done invoking toplevel() on ptolemy.moml.MoMLSimpleApplication@269a31a9
reloadAllAccessors: .test-direct-in-out
AutoTests.java: About to close Vertx.
AutoTests.java: Vertx closed.
]]></system-out>
  <system-err><![CDATA[java.lang.RuntimeException: Execution failed
	at ptolemy.moml.MoMLSimpleApplication$UnloadThread.run(MoMLSimpleApplication.java:402)
Caused by: ptolemy.kernel.util.IllegalActionException: Unknown inputs remain. Possible causality loop:
L_model_1893289564i

  in .CannotAnalysisWithPreemption.model_1893289564_region_1 and .CannotAnalysisWithPreemption.model_1893289564_region_1.L_model_1893289564i
	at ptolemy.actor.sched.FixedPointDirector.postfire(FixedPointDirector.java:515)
	at ptolemy.domains.sr.kernel.SRDirector.postfire(SRDirector.java:417)
	at ptolemy.actor.CompositeActor.postfire(CompositeActor.java:1668)
	at ptolemy.actor.Manager.iterate(Manager.java:852)
	at ptolemy.actor.Manager.execute(Manager.java:369)
	at ptolemy.actor.Manager.run(Manager.java:1263)
	at ptolemy.actor.Manager$PtolemyRunThread.run(Manager.java:1933)
java.lang.reflect.InvocationTargetException
	at java.base/jdk.internal.reflect.NativeConstructorAccessorImpl.newInstance0(Native Method)
	at java.base/jdk.internal.reflect.NativeConstructorAccessorImpl.newInstance(NativeConstructorAccessorImpl.java:62)
	at java.base/jdk.internal.reflect.DelegatingConstructorAccessorImpl.newInstance(DelegatingConstructorAccessorImpl.java:45)
	at java.base/java.lang.reflect.Constructor.newInstance(Constructor.java:490)
	at ptolemy.util.test.junit.AutoKnownFailedTests.RunModel(AutoKnownFailedTests.java:105)
	at java.base/jdk.internal.reflect.NativeMethodAccessorImpl.invoke0(Native Method)
	at java.base/jdk.internal.reflect.NativeMethodAccessorImpl.invoke(NativeMethodAccessorImpl.java:62)
	at java.base/jdk.internal.reflect.DelegatingMethodAccessorImpl.invoke(DelegatingMethodAccessorImpl.java:43)
	at java.base/java.lang.reflect.Method.invoke(Method.java:566)
	at org.junit.runners.model.FrameworkMethod$1.runReflectiveCall(FrameworkMethod.java:44)
	at org.junit.internal.runners.model.ReflectiveCallable.run(ReflectiveCallable.java:15)
	at org.junit.runners.model.FrameworkMethod.invokeExplosively(FrameworkMethod.java:41)
	at junitparams.internal.InvokeParameterisedMethod.evaluate(InvokeParameterisedMethod.java:102)
	at org.junit.internal.runners.statements.FailOnTimeout$1.run(FailOnTimeout.java:28)
Caused by: ptolemy.kernel.util.IllegalActionException: Unknown inputs remain. Possible causality loop:
L_model_1893289564i

  in .CannotAnalysisWithPreemption.model_1893289564_region_1 and .CannotAnalysisWithPreemption.model_1893289564_region_1.L_model_1893289564i
	at ptolemy.actor.sched.FixedPointDirector.postfire(FixedPointDirector.java:515)
	at ptolemy.domains.sr.kernel.SRDirector.postfire(SRDirector.java:417)
	at ptolemy.actor.CompositeActor.postfire(CompositeActor.java:1668)
	at ptolemy.actor.Manager.iterate(Manager.java:852)
	at ptolemy.actor.Manager.execute(Manager.java:369)
	at ptolemy.actor.Manager.run(Manager.java:1263)
	at ptolemy.actor.Manager$PtolemyRunThread.run(Manager.java:1933)
]]></system-err>
</testsuite>
