<?xml version="1.0" encoding="UTF-8" ?>
<testsuite errors="0" failures="0" hostname="travis-job-7c0018b9-9a8e-40b2-ad7a-99e5bdf43c67" name="ptolemy.vergil.basic.export.test.junit.ExportModelJUnitTestBatch7" skipped="0" tests="55" time="805.886" timestamp="2019-02-26T04:21:14">
  <properties>
[...]
</properties>
  <testcase classname="ptolemy.vergil.basic.export.test.junit.ExportModelJUnitTestBatch7" name="[0] ptolemy/domains/sr/demo/GuardedCount/GuardedCount.xml (RunExportModel)" time="7.87" />
  <testcase classname="ptolemy.vergil.basic.export.test.junit.ExportModelJUnitTestBatch7" name="[1] ptolemy/domains/sr/demo/GuardedCount/GuardedCountTimed.xml (RunExportModel)" time="4.811" />
  <testcase classname="ptolemy.vergil.basic.export.test.junit.ExportModelJUnitTestBatch7" name="[2] ptolemy/domains/sr/demo/TokenRing/TokenRing.xml (RunExportModel)" time="4.965" />
  <testcase classname="ptolemy.vergil.basic.export.test.junit.ExportModelJUnitTestBatch7" name="[3] ptolemy/domains/sr/demo/TrafficLight/TrafficLight.xml (RunExportModel)" time="35.573" />
  <testcase classname="ptolemy.vergil.basic.export.test.junit.ExportModelJUnitTestBatch7" name="[4] ptolemy/domains/sr/demo/TrafficLight/WirelessDeployment.xml (RunExportModel)" time="36.597" />
  <testcase classname="ptolemy.vergil.basic.export.test.junit.ExportModelJUnitTestBatch7" name="[5] ptolemy/domains/taskpt/demo/SharedMemory/SharedMemory.xml (RunExportModel)" time="4.307" />
  <testcase classname="ptolemy.vergil.basic.export.test.junit.ExportModelJUnitTestBatch7" name="[6] ptolemy/domains/taskpt/demo/Task/Task.xml (RunExportModel)" time="4.302" />
  <testcase classname="ptolemy.vergil.basic.export.test.junit.ExportModelJUnitTestBatch7" name="[7] ptolemy/domains/tcs/demo/TCS/TCS.xml (RunExportModel)" time="35.543" />
  <testcase classname="ptolemy.vergil.basic.export.test.junit.ExportModelJUnitTestBatch7" name="[8] ptolemy/domains/tm/demo/Controllers/Controllers.xml (RunExportModel)" time="6.149" />
  <testcase classname="ptolemy.vergil.basic.export.test.junit.ExportModelJUnitTestBatch7" name="[9] ptolemy/domains/tm/demo/FFT/FFT.xml (RunExportModel)" time="14.597" />
  <testcase classname="ptolemy.vergil.basic.export.test.junit.ExportModelJUnitTestBatch7" name="[10] ptolemy/domains/tm/demo/MergedEvents/MergedEvents.xml (RunExportModel)" time="34.366" />
  <testcase classname="ptolemy.vergil.basic.export.test.junit.ExportModelJUnitTestBatch7" name="[11] ptolemy/domains/tm/demo/SimpleTasks/SimpleTasks.xml (RunExportModel)" time="4.264" />
  <testcase classname="ptolemy.vergil.basic.export.test.junit.ExportModelJUnitTestBatch7" name="[12] ptolemy/domains/wireless/demo/AntennaPattern/AntennaGainTest.xml (RunExportModel)" time="4.849" />
  <testcase classname="ptolemy.vergil.basic.export.test.junit.ExportModelJUnitTestBatch7" name="[13] ptolemy/domains/wireless/demo/AntennaPattern/AntennaModel.xml (RunExportModel)" time="3.389" />
  <testcase classname="ptolemy.vergil.basic.export.test.junit.ExportModelJUnitTestBatch7" name="[14] ptolemy/domains/wireless/demo/AntennaPattern/AntennaPattern.xml (RunExportModel)" time="3.183" />
  <testcase classname="ptolemy.vergil.basic.export.test.junit.ExportModelJUnitTestBatch7" name="[15] ptolemy/domains/wireless/demo/AntennaPattern/ReceiveAntennaPattern.xml (RunExportModel)" time="3.733" />
  <testcase classname="ptolemy.vergil.basic.export.test.junit.ExportModelJUnitTestBatch7" name="[16] ptolemy/domains/wireless/demo/AntennaPattern/TransmitAntennaPattern.xml (RunExportModel)" time="3.646" />
  <testcase classname="ptolemy.vergil.basic.export.test.junit.ExportModelJUnitTestBatch7" name="[17] ptolemy/domains/wireless/demo/CircularRange/CircularRange.xml (RunExportModel)" time="34.385" />
  <testcase classname="ptolemy.vergil.basic.export.test.junit.ExportModelJUnitTestBatch7" name="[18] ptolemy/domains/wireless/demo/Collisions/Collisions.xml (RunExportModel)" time="24.704" />
  <testcase classname="ptolemy.vergil.basic.export.test.junit.ExportModelJUnitTestBatch7" name="[19] ptolemy/domains/wireless/demo/Collisions/CollisionsDeterministic.xml (RunExportModel)" time="4.578" />
  <testcase classname="ptolemy.vergil.basic.export.test.junit.ExportModelJUnitTestBatch7" name="[20] ptolemy/domains/wireless/demo/EvaderAndPursuer/EvaderAndPursuer.xml (RunExportModel)" time="34.635" />
  <testcase classname="ptolemy.vergil.basic.export.test.junit.ExportModelJUnitTestBatch7" name="[21] ptolemy/domains/wireless/demo/Intersections/Intersections.xml (RunExportModel)" time="74.805" />
  <testcase classname="ptolemy.vergil.basic.export.test.junit.ExportModelJUnitTestBatch7" name="[22] ptolemy/domains/wireless/demo/LinkVisualizer/LinkVisualizer.xml (RunExportModel)" time="24.318" />
  <testcase classname="ptolemy.vergil.basic.export.test.junit.ExportModelJUnitTestBatch7" name="[23] ptolemy/domains/wireless/demo/MatlabWirelessSoundDetection/MatlabWirelessSoundDetection.xml (RunExportModel)" time="3.339" />
  <testcase classname="ptolemy.vergil.basic.export.test.junit.ExportModelJUnitTestBatch7" name="[24] ptolemy/domains/wireless/demo/PowerVariability/PowerVariability.xml (RunExportModel)" time="29.254" />
  <testcase classname="ptolemy.vergil.basic.export.test.junit.ExportModelJUnitTestBatch7" name="[25] ptolemy/domains/wireless/demo/SmallWorld/SmallWorld.xml (RunExportModel)" time="5.236" />
  <testcase classname="ptolemy.vergil.basic.export.test.junit.ExportModelJUnitTestBatch7" name="[26] ptolemy/domains/wireless/demo/SmartParking/SmartParking.xml (RunExportModel)" time="34.765" />
  <testcase classname="ptolemy.vergil.basic.export.test.junit.ExportModelJUnitTestBatch7" name="[27] ptolemy/domains/wireless/demo/TerrainModel/TerrainModel.xml (RunExportModel)" time="34.223" />
  <testcase classname="ptolemy.vergil.basic.export.test.junit.ExportModelJUnitTestBatch7" name="[28] ptolemy/domains/wireless/demo/WirelessSoundDetection/WirelessSoundDetection.xml (RunExportModel)" time="34.261" />
  <testcase classname="ptolemy.vergil.basic.export.test.junit.ExportModelJUnitTestBatch7" name="[29] ptolemy/domains/wireless/demo/Zigbee/Zigbee.xml (RunExportModel)" time="38.58" />
  <testcase classname="ptolemy.vergil.basic.export.test.junit.ExportModelJUnitTestBatch7" name="[30] ptolemy/matlab/demo/MatlabContinuous/MatlabContinuous.xml (RunExportModel)" time="3.149" />
  <testcase classname="ptolemy.vergil.basic.export.test.junit.ExportModelJUnitTestBatch7" name="[31] ptolemy/matlab/demo/MatlabExpression/MatlabExpression.xml (RunExportModel)" time="3.156" />
  <testcase classname="ptolemy.vergil.basic.export.test.junit.ExportModelJUnitTestBatch7" name="[32] ptolemy/moml/demo/Networked/Networked.xml (RunExportModel)" time="6.291" />
  <testcase classname="ptolemy.vergil.basic.export.test.junit.ExportModelJUnitTestBatch7" name="[33] ptolemy/vergil/basic/export/html/demo/ExportExamples/ExportExample1.xml (RunExportModel)" time="3.343" />
  <testcase classname="ptolemy.vergil.basic.export.test.junit.ExportModelJUnitTestBatch7" name="[34] ptolemy/vergil/basic/export/html/demo/ExportExamples/ExportExample2.xml (RunExportModel)" time="4.226" />
  <testcase classname="ptolemy.vergil.basic.export.test.junit.ExportModelJUnitTestBatch7" name="[35] ptolemy/vergil/basic/export/html/demo/ExportExamples/ExportExample3.xml (RunExportModel)" time="3.272" />
  <testcase classname="ptolemy.vergil.basic.export.test.junit.ExportModelJUnitTestBatch7" name="[36] ptolemy/vergil/basic/export/html/demo/ExportExamples/ExportExample4.xml (RunExportModel)" time="3.177" />
  <testcase classname="ptolemy.vergil.basic.export.test.junit.ExportModelJUnitTestBatch7" name="[37] ptolemy/vergil/basic/export/html/demo/ExportExamples/ExportExample5.xml (RunExportModel)" time="4.227" />
  <testcase classname="ptolemy.vergil.basic.export.test.junit.ExportModelJUnitTestBatch7" name="[38] ptolemy/vergil/basic/export/html/demo/ExportExamples/ExportExamples.xml (RunExportModel)" time="3.172" />
  <testcase classname="ptolemy.vergil.basic.export.test.junit.ExportModelJUnitTestBatch7" name="[39] ptolemy/vergil/basic/export/html/demo/PageAssembler/PageAssembler.xml (RunExportModel)" time="3.189" />
  <testcase classname="ptolemy.vergil.basic.export.test.junit.ExportModelJUnitTestBatch7" name="[40] ptolemy/vergil/basic/imprt/g4ltl/demo/Arbitor/Arbitor.xml (RunExportModel)" time="3.185" />
  <testcase classname="ptolemy.vergil.basic.export.test.junit.ExportModelJUnitTestBatch7" name="[41] ptolemy/vergil/basic/imprt/g4ltl/demo/AutomaticDoor/AutomaticDoor.xml (RunExportModel)" time="3.15" />
  <testcase classname="ptolemy.vergil.basic.export.test.junit.ExportModelJUnitTestBatch7" name="[42] ptolemy/vergil/basic/imprt/g4ltl/demo/ErrorHandling/ErrorHandling.xml (RunExportModel)" time="3.267" />
  <testcase classname="ptolemy.vergil.basic.export.test.junit.ExportModelJUnitTestBatch7" name="[43] ptolemy/vergil/basic/imprt/g4ltl/demo/ErrorHandling/ErrorHandlingSynthesized.xml (RunExportModel)" time="3.695" />
  <testcase classname="ptolemy.vergil.basic.export.test.junit.ExportModelJUnitTestBatch7" name="[44] ptolemy/vergil/basic/imprt/g4ltl/demo/HydraulicRamp/HydraulicRamp.xml (RunExportModel)" time="3.142" />
  <testcase classname="ptolemy.vergil.basic.export.test.junit.ExportModelJUnitTestBatch7" name="[45] ptolemy/vergil/basic/imprt/g4ltl/demo/Numerical/Numerical.xml (RunExportModel)" time="3.426" />
  <testcase classname="ptolemy.vergil.basic.export.test.junit.ExportModelJUnitTestBatch7" name="[46] ptolemy/vergil/basic/imprt/g4ltl/demo/PriorityArbitor/PriorityArbitor.xml (RunExportModel)" time="3.159" />
  <testcase classname="ptolemy.vergil.basic.export.test.junit.ExportModelJUnitTestBatch7" name="[47] ptolemy/vergil/kernel/attributes/demo/AnimateVergil/AnimateVergil.xml (RunExportModel)" time="6.171" />
  <testcase classname="ptolemy.vergil.basic.export.test.junit.ExportModelJUnitTestBatch7" name="[48] ptolemy/verification/demo/iRobotHillClimbing/iRobotCreateVerification.xml (RunExportModel)" time="5.445" />
  <testcase classname="ptolemy.vergil.basic.export.test.junit.ExportModelJUnitTestBatch7" name="[49] ptolemy/verification/demo/RailroadControl/RailroadControl.xml (RunExportModel)" time="34.245" />
  <testcase classname="ptolemy.vergil.basic.export.test.junit.ExportModelJUnitTestBatch7" name="[50] ptolemy/verification/demo/SimpleTrafficLight/SimpleTrafficLight.xml (RunExportModel)" time="34.242" />
  <testcase classname="ptolemy.vergil.basic.export.test.junit.ExportModelJUnitTestBatch7" name="[51] ptolemy/verification/demo/SimpleTrafficLight/SimpleTrafficLightDECTA.xml (RunExportModel)" time="34.243" />
  <testcase classname="ptolemy.vergil.basic.export.test.junit.ExportModelJUnitTestBatch7" name="[52] ptolemy/verification/demo/SimpleTrafficLight/SimpleTrafficLightGraphicalSpec.xml (RunExportModel)" time="34.259" />
  <testcase classname="ptolemy.vergil.basic.export.test.junit.ExportModelJUnitTestBatch7" name="[53] ptolemy/verification/demo/SimpleTrafficLight/SimpleTrafficLightRTMaudeCG.xml (RunExportModel)" time="4.37" />
  <testcase classname="ptolemy.vergil.basic.export.test.junit.ExportModelJUnitTestBatch7" name="[54] ptolemy/verification/demo/SimpleTrafficLight/SimpleTrafficLightSMVModule.xml (RunExportModel)" time="3.197" />
  <system-out><![CDATA[ExportModeJUnitTestBatch: There are 746 demos. Exporting demos: 691 to 830.
ExportModeJUnitTestBatch: There are 746 demos, which is less than the end index 691. Setting the end index to 745
####### 1 Tue Feb 26 04:21:14 UTC 2019 $PTII/bin/ptinvoke ptolemy.vergil.basic.export.ExportModel -force htm -run -openComposites -timeOut 30000 -whiteBackground ptolemy/domains/sr/demo/GuardedCount/GuardedCount.xml $PTII/ptolemy/domains/sr/demo/GuardedCount/GuardedCount
Running .GuardedCount
222 ms. Memory: 116224K Free: 70363K (61%)
Exported /home/travis/build/icyphy/ptII/ptolemy/domains/sr/demo/GuardedCount/GuardedCount/index.html
7861 ms. Memory: 151552K Free: 62082K (41%)
####### 2 Tue Feb 26 04:21:21 UTC 2019 $PTII/bin/ptinvoke ptolemy.vergil.basic.export.ExportModel -force htm -run -openComposites -timeOut 30000 -whiteBackground ptolemy/domains/sr/demo/GuardedCount/GuardedCountTimed.xml $PTII/ptolemy/domains/sr/demo/GuardedCount/GuardedCountTimed
Running .GuardedCountTimed
83 ms. Memory: 177664K Free: 61648K (35%)
Exported /home/travis/build/icyphy/ptII/ptolemy/domains/sr/demo/GuardedCount/GuardedCountTimed/index.html
4810 ms. Memory: 201216K Free: 130892K (65%)
####### 3 Tue Feb 26 04:21:26 UTC 2019 $PTII/bin/ptinvoke ptolemy.vergil.basic.export.ExportModel -force htm -run -openComposites -timeOut 30000 -whiteBackground ptolemy/domains/sr/demo/TokenRing/TokenRing.xml $PTII/ptolemy/domains/sr/demo/TokenRing/TokenRing
Running .TokenRing
73 ms. Memory: 242176K Free: 151756K (63%)
Exported /home/travis/build/icyphy/ptII/ptolemy/domains/sr/demo/TokenRing/TokenRing/index.html
4965 ms. Memory: 242176K Free: 72235K (30%)
####### 4 Tue Feb 26 04:21:31 UTC 2019 $PTII/bin/ptinvoke ptolemy.vergil.basic.export.ExportModel -force htm -run -openComposites -timeOut 30000 -whiteBackground ptolemy/domains/sr/demo/TrafficLight/TrafficLight.xml $PTII/ptolemy/domains/sr/demo/TrafficLight/TrafficLight
Running .TrafficLight
ExportHTMLTimer went off after 30000 ms., calling getDirector().finish and getDirector().stopFire()
30000 ms. Memory: 302080K Free: 248193K (82%)
Exported /home/travis/build/icyphy/ptII/ptolemy/domains/sr/demo/TrafficLight/TrafficLight/index.html
35572 ms. Memory: 305152K Free: 202342K (66%)
####### 5 Tue Feb 26 04:22:07 UTC 2019 $PTII/bin/ptinvoke ptolemy.vergil.basic.export.ExportModel -force htm -run -openComposites -timeOut 30000 -whiteBackground ptolemy/domains/sr/demo/TrafficLight/WirelessDeployment.xml $PTII/ptolemy/domains/sr/demo/TrafficLight/WirelessDeployment
Running .WirelessDeployment
ExportHTMLTimer went off after 30000 ms., calling getDirector().finish and getDirector().stopFire()
30001 ms. Memory: 371712K Free: 206853K (56%)
Exported /home/travis/build/icyphy/ptII/ptolemy/domains/sr/demo/TrafficLight/WirelessDeployment/index.html
36597 ms. Memory: 449536K Free: 381455K (85%)
####### 6 Tue Feb 26 04:22:43 UTC 2019 $PTII/bin/ptinvoke ptolemy.vergil.basic.export.ExportModel -force htm -run -openComposites -timeOut 30000 -whiteBackground ptolemy/domains/taskpt/demo/SharedMemory/SharedMemory.xml $PTII/ptolemy/domains/taskpt/demo/SharedMemory/SharedMemory
Running .SharedMemory
44 ms. Memory: 449536K Free: 280933K (62%)
Exported /home/travis/build/icyphy/ptII/ptolemy/domains/taskpt/demo/SharedMemory/SharedMemory/index.html
4306 ms. Memory: 449536K Free: 228444K (51%)
####### 7 Tue Feb 26 04:22:48 UTC 2019 $PTII/bin/ptinvoke ptolemy.vergil.basic.export.ExportModel -force htm -run -openComposites -timeOut 30000 -whiteBackground ptolemy/domains/taskpt/demo/Task/Task.xml $PTII/ptolemy/domains/taskpt/demo/Task/Task
Running .Task
36 ms. Memory: 449536K Free: 133297K (30%)
Exported /home/travis/build/icyphy/ptII/ptolemy/domains/taskpt/demo/Task/Task/index.html
4301 ms. Memory: 449536K Free: 82989K (18%)
####### 8 Tue Feb 26 04:22:52 UTC 2019 $PTII/bin/ptinvoke ptolemy.vergil.basic.export.ExportModel -force htm -run -openComposites -timeOut 30000 -whiteBackground ptolemy/domains/tcs/demo/TCS/TCS.xml $PTII/ptolemy/domains/tcs/demo/TCS/TCS
Running .TCS
ExportHTMLTimer went off after 30000 ms., calling getDirector().finish and getDirector().stopFire()
30001 ms. Memory: 513536K Free: 259215K (50%)
Exported /home/travis/build/icyphy/ptII/ptolemy/domains/tcs/demo/TCS/TCS/index.html
35542 ms. Memory: 513536K Free: 188149K (37%)
####### 9 Tue Feb 26 04:23:28 UTC 2019 $PTII/bin/ptinvoke ptolemy.vergil.basic.export.ExportModel -force htm -run -openComposites -timeOut 30000 -whiteBackground ptolemy/domains/tm/demo/Controllers/Controllers.xml $PTII/ptolemy/domains/tm/demo/Controllers/Controllers
Running .Controllers
1487 ms. Memory: 647168K Free: 534911K (83%)
Exported /home/travis/build/icyphy/ptII/ptolemy/domains/tm/demo/Controllers/Controllers/index.html
6148 ms. Memory: 647168K Free: 280517K (43%)
####### 10 Tue Feb 26 04:23:34 UTC 2019 $PTII/bin/ptinvoke ptolemy.vergil.basic.export.ExportModel -force htm -run -openComposites -timeOut 30000 -whiteBackground ptolemy/domains/tm/demo/FFT/FFT.xml $PTII/ptolemy/domains/tm/demo/FFT/FFT
Running .FFT
10070 ms. Memory: 647168K Free: 133547K (21%)
Exported /home/travis/build/icyphy/ptII/ptolemy/domains/tm/demo/FFT/FFT/index.html
14597 ms. Memory: 657408K Free: 553707K (84%)
####### 11 Tue Feb 26 04:23:48 UTC 2019 $PTII/bin/ptinvoke ptolemy.vergil.basic.export.ExportModel -force htm -run -openComposites -timeOut 30000 -whiteBackground ptolemy/domains/tm/demo/MergedEvents/MergedEvents.xml $PTII/ptolemy/domains/tm/demo/MergedEvents/MergedEvents
Running .MergedEvents
ExportHTMLTimer went off after 30000 ms., calling getDirector().finish and getDirector().stopFire()
30045 ms. Memory: 657408K Free: 447182K (68%)
Exported /home/travis/build/icyphy/ptII/ptolemy/domains/tm/demo/MergedEvents/MergedEvents/index.html
34366 ms. Memory: 657408K Free: 347496K (53%)
####### 12 Tue Feb 26 04:24:23 UTC 2019 $PTII/bin/ptinvoke ptolemy.vergil.basic.export.ExportModel -force htm -run -openComposites -timeOut 30000 -whiteBackground ptolemy/domains/tm/demo/SimpleTasks/SimpleTasks.xml $PTII/ptolemy/domains/tm/demo/SimpleTasks/SimpleTasks
Running .SimpleTasks
28 ms. Memory: 657408K Free: 254380K (39%)
Exported /home/travis/build/icyphy/ptII/ptolemy/domains/tm/demo/SimpleTasks/SimpleTasks/index.html
4264 ms. Memory: 657408K Free: 213546K (32%)
####### 13 Tue Feb 26 04:24:27 UTC 2019 $PTII/bin/ptinvoke ptolemy.vergil.basic.export.ExportModel -force htm -run -openComposites -timeOut 30000 -whiteBackground ptolemy/domains/wireless/demo/AntennaPattern/AntennaGainTest.xml $PTII/ptolemy/domains/wireless/demo/AntennaPattern/AntennaGainTest
Running .AntennaGainTest
309 ms. Memory: 799232K Free: 637403K (80%)
Exported /home/travis/build/icyphy/ptII/ptolemy/domains/wireless/demo/AntennaPattern/AntennaGainTest/index.html
4849 ms. Memory: 799232K Free: 493484K (62%)
####### 14 Tue Feb 26 04:24:32 UTC 2019 $PTII/bin/ptinvoke ptolemy.vergil.basic.export.ExportModel -force htm  -openComposites -timeOut 30000 -whiteBackground ptolemy/domains/wireless/demo/AntennaPattern/AntennaModel.xml $PTII/ptolemy/domains/wireless/demo/AntennaPattern/AntennaModel
Warning: not running ptolemy/domains/wireless/demo/AntennaPattern/AntennaModel.xml. See ptolemy/vergil/basic/export/test/junit/ExportModelJUnitTest.java
Exported /home/travis/build/icyphy/ptII/ptolemy/domains/wireless/demo/AntennaPattern/AntennaModel/index.html
3388 ms. Memory: 799232K Free: 228458K (29%)
####### 15 Tue Feb 26 04:24:35 UTC 2019 $PTII/bin/ptinvoke ptolemy.vergil.basic.export.ExportModel -force htm  -openComposites -timeOut 30000 -whiteBackground ptolemy/domains/wireless/demo/AntennaPattern/AntennaPattern.xml $PTII/ptolemy/domains/wireless/demo/AntennaPattern/AntennaPattern
Warning: not running ptolemy/domains/wireless/demo/AntennaPattern/AntennaPattern.xml. See ptolemy/vergil/basic/export/test/junit/ExportModelJUnitTest.java
Exported /home/travis/build/icyphy/ptII/ptolemy/domains/wireless/demo/AntennaPattern/AntennaPattern/index.html
3183 ms. Memory: 799232K Free: 113108K (14%)
####### 16 Tue Feb 26 04:24:38 UTC 2019 $PTII/bin/ptinvoke ptolemy.vergil.basic.export.ExportModel -force htm  -openComposites -timeOut 30000 -whiteBackground ptolemy/domains/wireless/demo/AntennaPattern/ReceiveAntennaPattern.xml $PTII/ptolemy/domains/wireless/demo/AntennaPattern/ReceiveAntennaPattern
Warning: not running ptolemy/domains/wireless/demo/AntennaPattern/ReceiveAntennaPattern.xml. See ptolemy/vergil/basic/export/test/junit/ExportModelJUnitTest.java
Exported /home/travis/build/icyphy/ptII/ptolemy/domains/wireless/demo/AntennaPattern/ReceiveAntennaPattern/index.html
3732 ms. Memory: 812544K Free: 316244K (39%)
####### 17 Tue Feb 26 04:24:42 UTC 2019 $PTII/bin/ptinvoke ptolemy.vergil.basic.export.ExportModel -force htm  -openComposites -timeOut 30000 -whiteBackground ptolemy/domains/wireless/demo/AntennaPattern/TransmitAntennaPattern.xml $PTII/ptolemy/domains/wireless/demo/AntennaPattern/TransmitAntennaPattern
Warning: not running ptolemy/domains/wireless/demo/AntennaPattern/TransmitAntennaPattern.xml. See ptolemy/vergil/basic/export/test/junit/ExportModelJUnitTest.java
Exported /home/travis/build/icyphy/ptII/ptolemy/domains/wireless/demo/AntennaPattern/TransmitAntennaPattern/index.html
3646 ms. Memory: 982016K Free: 693359K (71%)
####### 18 Tue Feb 26 04:24:46 UTC 2019 $PTII/bin/ptinvoke ptolemy.vergil.basic.export.ExportModel -force htm -run -openComposites -timeOut 30000 -whiteBackground ptolemy/domains/wireless/demo/CircularRange/CircularRange.xml $PTII/ptolemy/domains/wireless/demo/CircularRange/CircularRange
Running .CircularRange
ExportHTMLTimer went off after 30000 ms., calling getDirector().finish and getDirector().stopFire()
30000 ms. Memory: 982016K Free: 563000K (57%)
Exported /home/travis/build/icyphy/ptII/ptolemy/domains/wireless/demo/CircularRange/CircularRange/index.html
34385 ms. Memory: 982016K Free: 394205K (40%)
####### 19 Tue Feb 26 04:25:20 UTC 2019 $PTII/bin/ptinvoke ptolemy.vergil.basic.export.ExportModel -force htm -run -openComposites -timeOut 30000 -whiteBackground ptolemy/domains/wireless/demo/Collisions/Collisions.xml $PTII/ptolemy/domains/wireless/demo/Collisions/Collisions
Running .Collisions
20026 ms. Memory: 982016K Free: 223794K (23%)
Exported /home/travis/build/icyphy/ptII/ptolemy/domains/wireless/demo/Collisions/Collisions/index.html
24704 ms. Memory: 991232K Free: 766408K (77%)
####### 20 Tue Feb 26 04:25:45 UTC 2019 $PTII/bin/ptinvoke ptolemy.vergil.basic.export.ExportModel -force htm -run -openComposites -timeOut 30000 -whiteBackground ptolemy/domains/wireless/demo/Collisions/CollisionsDeterministic.xml $PTII/ptolemy/domains/wireless/demo/Collisions/CollisionsDeterministic
Running .CollisionsDeterministic
60 ms. Memory: 991232K Free: 613954K (62%)
Exported /home/travis/build/icyphy/ptII/ptolemy/domains/wireless/demo/Collisions/CollisionsDeterministic/index.html
4578 ms. Memory: 991232K Free: 354292K (36%)
####### 21 Tue Feb 26 04:25:49 UTC 2019 $PTII/bin/ptinvoke ptolemy.vergil.basic.export.ExportModel -force htm -run -openComposites -timeOut 30000 -whiteBackground ptolemy/domains/wireless/demo/EvaderAndPursuer/EvaderAndPursuer.xml $PTII/ptolemy/domains/wireless/demo/EvaderAndPursuer/EvaderAndPursuer
Running .EvaderAndPursuer
ExportHTMLTimer went off after 30000 ms., calling getDirector().finish and getDirector().stopFire()
30003 ms. Memory: 1113600K Free: 921545K (83%)
Exported /home/travis/build/icyphy/ptII/ptolemy/domains/wireless/demo/EvaderAndPursuer/EvaderAndPursuer/index.html
34635 ms. Memory: 1113600K Free: 727745K (65%)
####### 22 Tue Feb 26 04:26:24 UTC 2019 $PTII/bin/ptinvoke ptolemy.vergil.basic.export.ExportModel -force htm -run -openComposites -timeOut 30000 -whiteBackground ptolemy/domains/wireless/demo/Intersections/Intersections.xml $PTII/ptolemy/domains/wireless/demo/Intersections/Intersections
Running .Intersections
ExportHTMLTimer went off after 30000 ms., calling getDirector().finish and getDirector().stopFire()
30005 ms. Memory: 1603072K Free: 646343K (40%)
Exported /home/travis/build/icyphy/ptII/ptolemy/domains/wireless/demo/Intersections/Intersections/index.html
74804 ms. Memory: 1912832K Free: 269808K (14%)
####### 23 Tue Feb 26 04:27:39 UTC 2019 $PTII/bin/ptinvoke ptolemy.vergil.basic.export.ExportModel -force htm -run -openComposites -timeOut 30000 -whiteBackground ptolemy/domains/wireless/demo/LinkVisualizer/LinkVisualizer.xml $PTII/ptolemy/domains/wireless/demo/LinkVisualizer/LinkVisualizer
Running .LinkVisualizer
20011 ms. Memory: 1852928K Free: 1132510K (61%)
Exported /home/travis/build/icyphy/ptII/ptolemy/domains/wireless/demo/LinkVisualizer/LinkVisualizer/index.html
24318 ms. Memory: 1852928K Free: 1001409K (54%)
####### 24 Tue Feb 26 04:28:03 UTC 2019 $PTII/bin/ptinvoke ptolemy.vergil.basic.export.ExportModel -force htm  -openComposites -timeOut 30000 -whiteBackground ptolemy/domains/wireless/demo/MatlabWirelessSoundDetection/MatlabWirelessSoundDetection.xml $PTII/ptolemy/domains/wireless/demo/MatlabWirelessSoundDetection/MatlabWirelessSoundDetection
Warning: not running ptolemy/domains/wireless/demo/MatlabWirelessSoundDetection/MatlabWirelessSoundDetection.xml. See ptolemy/vergil/basic/export/test/junit/ExportModelJUnitTest.java
Exported /home/travis/build/icyphy/ptII/ptolemy/domains/wireless/demo/MatlabWirelessSoundDetection/MatlabWirelessSoundDetection/index.html
3338 ms. Memory: 1852928K Free: 701637K (38%)
####### 25 Tue Feb 26 04:28:07 UTC 2019 $PTII/bin/ptinvoke ptolemy.vergil.basic.export.ExportModel -force htm -run -openComposites -timeOut 30000 -whiteBackground ptolemy/domains/wireless/demo/PowerVariability/PowerVariability.xml $PTII/ptolemy/domains/wireless/demo/PowerVariability/PowerVariability
Running .PowerVariability
25009 ms. Memory: 1852928K Free: 572680K (31%)
Exported /home/travis/build/icyphy/ptII/ptolemy/domains/wireless/demo/PowerVariability/PowerVariability/index.html
29253 ms. Memory: 1852928K Free: 410450K (22%)
####### 26 Tue Feb 26 04:28:36 UTC 2019 $PTII/bin/ptinvoke ptolemy.vergil.basic.export.ExportModel -force htm -run -openComposites -timeOut 30000 -whiteBackground ptolemy/domains/wireless/demo/SmallWorld/SmallWorld.xml $PTII/ptolemy/domains/wireless/demo/SmallWorld/SmallWorld
Running .SmallWorld
175 ms. Memory: 1915392K Free: 1093121K (57%)
Exported /home/travis/build/icyphy/ptII/ptolemy/domains/wireless/demo/SmallWorld/SmallWorld/index.html
5236 ms. Memory: 1915392K Free: 969957K (51%)
####### 27 Tue Feb 26 04:28:41 UTC 2019 $PTII/bin/ptinvoke ptolemy.vergil.basic.export.ExportModel -force htm -run -openComposites -timeOut 30000 -whiteBackground ptolemy/domains/wireless/demo/SmartParking/SmartParking.xml $PTII/ptolemy/domains/wireless/demo/SmartParking/SmartParking
Running .SmartParking
ExportHTMLTimer went off after 30000 ms., calling getDirector().finish and getDirector().stopFire()
30001 ms. Memory: 1915392K Free: 249033K (13%)
Exported /home/travis/build/icyphy/ptII/ptolemy/domains/wireless/demo/SmartParking/SmartParking/index.html
34765 ms. Memory: 1911808K Free: 1658154K (87%)
####### 28 Tue Feb 26 04:29:16 UTC 2019 $PTII/bin/ptinvoke ptolemy.vergil.basic.export.ExportModel -force htm -run -openComposites -timeOut 30000 -whiteBackground ptolemy/domains/wireless/demo/TerrainModel/TerrainModel.xml $PTII/ptolemy/domains/wireless/demo/TerrainModel/TerrainModel
Running .TerrainModel
ExportHTMLTimer went off after 30000 ms., calling getDirector().finish and getDirector().stopFire()
29999 ms. Memory: 1911808K Free: 1518468K (79%)
Exported /home/travis/build/icyphy/ptII/ptolemy/domains/wireless/demo/TerrainModel/TerrainModel/index.html
34222 ms. Memory: 1911808K Free: 1403739K (73%)
####### 29 Tue Feb 26 04:29:50 UTC 2019 $PTII/bin/ptinvoke ptolemy.vergil.basic.export.ExportModel -force htm -run -openComposites -timeOut 30000 -whiteBackground ptolemy/domains/wireless/demo/WirelessSoundDetection/WirelessSoundDetection.xml $PTII/ptolemy/domains/wireless/demo/WirelessSoundDetection/WirelessSoundDetection
Running .WirelessSoundDetection
ExportHTMLTimer went off after 30000 ms., calling getDirector().finish and getDirector().stopFire()
30001 ms. Memory: 1911808K Free: 1224390K (64%)
Exported /home/travis/build/icyphy/ptII/ptolemy/domains/wireless/demo/WirelessSoundDetection/WirelessSoundDetection/index.html
34260 ms. Memory: 1911808K Free: 1095543K (57%)
####### 30 Tue Feb 26 04:30:24 UTC 2019 $PTII/bin/ptinvoke ptolemy.vergil.basic.export.ExportModel -force htm -run -openComposites -timeOut 30000 -whiteBackground ptolemy/domains/wireless/demo/Zigbee/Zigbee.xml $PTII/ptolemy/domains/wireless/demo/Zigbee/Zigbee
Running .Zigbee
3544 ms. Memory: 1911808K Free: 1556511K (81%)
Exported /home/travis/build/icyphy/ptII/ptolemy/domains/wireless/demo/Zigbee/Zigbee/index.html
38580 ms. Memory: 1838592K Free: 808634K (44%)
####### 31 Tue Feb 26 04:31:03 UTC 2019 $PTII/bin/ptinvoke ptolemy.vergil.basic.export.ExportModel -force htm  -openComposites -timeOut 30000 -whiteBackground ptolemy/matlab/demo/MatlabContinuous/MatlabContinuous.xml $PTII/ptolemy/matlab/demo/MatlabContinuous/MatlabContinuous
Warning: not running ptolemy/matlab/demo/MatlabContinuous/MatlabContinuous.xml. See ptolemy/vergil/basic/export/test/junit/ExportModelJUnitTest.java
Exported /home/travis/build/icyphy/ptII/ptolemy/matlab/demo/MatlabContinuous/MatlabContinuous/index.html
3149 ms. Memory: 1838592K Free: 605558K (33%)
####### 32 Tue Feb 26 04:31:06 UTC 2019 $PTII/bin/ptinvoke ptolemy.vergil.basic.export.ExportModel -force htm  -openComposites -timeOut 30000 -whiteBackground ptolemy/matlab/demo/MatlabExpression/MatlabExpression.xml $PTII/ptolemy/matlab/demo/MatlabExpression/MatlabExpression
Warning: not running ptolemy/matlab/demo/MatlabExpression/MatlabExpression.xml. See ptolemy/vergil/basic/export/test/junit/ExportModelJUnitTest.java
Exported /home/travis/build/icyphy/ptII/ptolemy/matlab/demo/MatlabExpression/MatlabExpression/index.html
3156 ms. Memory: 1838592K Free: 444532K (24%)
####### 33 Tue Feb 26 04:31:09 UTC 2019 $PTII/bin/ptinvoke ptolemy.vergil.basic.export.ExportModel -force htm -run -openComposites -timeOut 30000 -whiteBackground ptolemy/moml/demo/Networked/Networked.xml $PTII/ptolemy/moml/demo/Networked/Networked
Running .Networked
32 ms. Memory: 1838592K Free: 221561K (12%)
Exported /home/travis/build/icyphy/ptII/ptolemy/moml/demo/Networked/Networked/index.html
6290 ms. Memory: 1838592K Free: 121786K (7%)
####### 34 Tue Feb 26 04:31:15 UTC 2019 $PTII/bin/ptinvoke ptolemy.vergil.basic.export.ExportModel -force htm -run -openComposites -timeOut 30000 -whiteBackground ptolemy/vergil/basic/export/html/demo/ExportExamples/ExportExample1.xml $PTII/ptolemy/vergil/basic/export/html/demo/ExportExamples/ExportExample1
Model ".ExportExample1" contains actors such cannot be run  as part of the export process from ExportModel or it has a WebExportParameters value that runBeforeExport set to false. To export run this model and export it, use vergil.
Exported /home/travis/build/icyphy/ptII/ptolemy/vergil/basic/export/html/demo/ExportExamples/ExportExample1/index.html
3343 ms. Memory: 1889792K Free: 1530572K (81%)
####### 35 Tue Feb 26 04:31:19 UTC 2019 $PTII/bin/ptinvoke ptolemy.vergil.basic.export.ExportModel -force htm -run -openComposites -timeOut 30000 -whiteBackground ptolemy/vergil/basic/export/html/demo/ExportExamples/ExportExample2.xml $PTII/ptolemy/vergil/basic/export/html/demo/ExportExamples/ExportExample2
Running .ExportExample2
6 ms. Memory: 1889792K Free: 1404455K (74%)
Exported /home/travis/build/icyphy/ptII/ptolemy/vergil/basic/export/html/demo/ExportExamples/ExportExample2/index.html
4225 ms. Memory: 1889792K Free: 1362763K (72%)
####### 36 Tue Feb 26 04:31:23 UTC 2019 $PTII/bin/ptinvoke ptolemy.vergil.basic.export.ExportModel -force htm -run -openComposites -timeOut 30000 -whiteBackground ptolemy/vergil/basic/export/html/demo/ExportExamples/ExportExample3.xml $PTII/ptolemy/vergil/basic/export/html/demo/ExportExamples/ExportExample3
Model ".ExportExample3" contains actors such cannot be run  as part of the export process from ExportModel or it has a WebExportParameters value that runBeforeExport set to false. To export run this model and export it, use vergil.
Exported /home/travis/build/icyphy/ptII/ptolemy/vergil/basic/export/html/demo/ExportExamples/ExportExample3/index.html
3272 ms. Memory: 1889792K Free: 1243042K (66%)
####### 37 Tue Feb 26 04:31:26 UTC 2019 $PTII/bin/ptinvoke ptolemy.vergil.basic.export.ExportModel -force htm -run -openComposites -timeOut 30000 -whiteBackground ptolemy/vergil/basic/export/html/demo/ExportExamples/ExportExample4.xml $PTII/ptolemy/vergil/basic/export/html/demo/ExportExamples/ExportExample4
Model ".ExportExample4" contains actors such cannot be run  as part of the export process from ExportModel or it has a WebExportParameters value that runBeforeExport set to false. To export run this model and export it, use vergil.
Exported /home/travis/build/icyphy/ptII/ptolemy/vergil/basic/export/html/demo/ExportExamples/ExportExample4/index.html
3177 ms. Memory: 1889792K Free: 1118111K (59%)
####### 38 Tue Feb 26 04:31:30 UTC 2019 $PTII/bin/ptinvoke ptolemy.vergil.basic.export.ExportModel -force htm -run -openComposites -timeOut 30000 -whiteBackground ptolemy/vergil/basic/export/html/demo/ExportExamples/ExportExample5.xml $PTII/ptolemy/vergil/basic/export/html/demo/ExportExamples/ExportExample5
Running .ExportExample5
15 ms. Memory: 1889792K Free: 1013329K (54%)
Exported /home/travis/build/icyphy/ptII/ptolemy/vergil/basic/export/html/demo/ExportExamples/ExportExample5/index.html
4226 ms. Memory: 1889792K Free: 937312K (50%)
####### 39 Tue Feb 26 04:31:34 UTC 2019 $PTII/bin/ptinvoke ptolemy.vergil.basic.export.ExportModel -force htm  -openComposites -timeOut 30000 -whiteBackground ptolemy/vergil/basic/export/html/demo/ExportExamples/ExportExamples.xml $PTII/ptolemy/vergil/basic/export/html/demo/ExportExamples/ExportExamples
Warning: not running ptolemy/vergil/basic/export/html/demo/ExportExamples/ExportExamples.xml. See ptolemy/vergil/basic/export/test/junit/ExportModelJUnitTest.java
Exported /home/travis/build/icyphy/ptII/ptolemy/vergil/basic/export/html/demo/ExportExamples/ExportExamples/index.html
3171 ms. Memory: 1889792K Free: 807343K (43%)
####### 40 Tue Feb 26 04:31:37 UTC 2019 $PTII/bin/ptinvoke ptolemy.vergil.basic.export.ExportModel -force htm  -openComposites -timeOut 30000 -whiteBackground ptolemy/vergil/basic/export/html/demo/PageAssembler/PageAssembler.xml $PTII/ptolemy/vergil/basic/export/html/demo/PageAssembler/PageAssembler
Warning: not running ptolemy/vergil/basic/export/html/demo/PageAssembler/PageAssembler.xml. See ptolemy/vergil/basic/export/test/junit/ExportModelJUnitTest.java
Exported /home/travis/build/icyphy/ptII/ptolemy/vergil/basic/export/html/demo/PageAssembler/PageAssembler/index.html
3189 ms. Memory: 1889792K Free: 635745K (34%)
####### 41 Tue Feb 26 04:31:40 UTC 2019 $PTII/bin/ptinvoke ptolemy.vergil.basic.export.ExportModel -force htm  -openComposites -timeOut 30000 -whiteBackground ptolemy/vergil/basic/imprt/g4ltl/demo/Arbitor/Arbitor.xml $PTII/ptolemy/vergil/basic/imprt/g4ltl/demo/Arbitor/Arbitor
Warning: not running ptolemy/vergil/basic/imprt/g4ltl/demo/Arbitor/Arbitor.xml. See ptolemy/vergil/basic/export/test/junit/ExportModelJUnitTest.java
Exported /home/travis/build/icyphy/ptII/ptolemy/vergil/basic/imprt/g4ltl/demo/Arbitor/Arbitor/index.html
3184 ms. Memory: 1889792K Free: 437744K (23%)
####### 42 Tue Feb 26 04:31:43 UTC 2019 $PTII/bin/ptinvoke ptolemy.vergil.basic.export.ExportModel -force htm  -openComposites -timeOut 30000 -whiteBackground ptolemy/vergil/basic/imprt/g4ltl/demo/AutomaticDoor/AutomaticDoor.xml $PTII/ptolemy/vergil/basic/imprt/g4ltl/demo/AutomaticDoor/AutomaticDoor
Warning: not running ptolemy/vergil/basic/imprt/g4ltl/demo/AutomaticDoor/AutomaticDoor.xml. See ptolemy/vergil/basic/export/test/junit/ExportModelJUnitTest.java
Exported /home/travis/build/icyphy/ptII/ptolemy/vergil/basic/imprt/g4ltl/demo/AutomaticDoor/AutomaticDoor/index.html
3150 ms. Memory: 1889792K Free: 176878K (9%)
####### 43 Tue Feb 26 04:31:46 UTC 2019 $PTII/bin/ptinvoke ptolemy.vergil.basic.export.ExportModel -force htm  -openComposites -timeOut 30000 -whiteBackground ptolemy/vergil/basic/imprt/g4ltl/demo/ErrorHandling/ErrorHandling.xml $PTII/ptolemy/vergil/basic/imprt/g4ltl/demo/ErrorHandling/ErrorHandling
Warning: not running ptolemy/vergil/basic/imprt/g4ltl/demo/ErrorHandling/ErrorHandling.xml. See ptolemy/vergil/basic/export/test/junit/ExportModelJUnitTest.java
Exported /home/travis/build/icyphy/ptII/ptolemy/vergil/basic/imprt/g4ltl/demo/ErrorHandling/ErrorHandling/index.html
3267 ms. Memory: 1886720K Free: 1451294K (77%)
####### 44 Tue Feb 26 04:31:50 UTC 2019 $PTII/bin/ptinvoke ptolemy.vergil.basic.export.ExportModel -force htm  -openComposites -timeOut 30000 -whiteBackground ptolemy/vergil/basic/imprt/g4ltl/demo/ErrorHandling/ErrorHandlingSynthesized.xml $PTII/ptolemy/vergil/basic/imprt/g4ltl/demo/ErrorHandling/ErrorHandlingSynthesized
Warning: not running ptolemy/vergil/basic/imprt/g4ltl/demo/ErrorHandling/ErrorHandlingSynthesized.xml. See ptolemy/vergil/basic/export/test/junit/ExportModelJUnitTest.java
Exported /home/travis/build/icyphy/ptII/ptolemy/vergil/basic/imprt/g4ltl/demo/ErrorHandling/ErrorHandlingSynthesized/index.html
3695 ms. Memory: 1886720K Free: 870230K (46%)
####### 45 Tue Feb 26 04:31:53 UTC 2019 $PTII/bin/ptinvoke ptolemy.vergil.basic.export.ExportModel -force htm  -openComposites -timeOut 30000 -whiteBackground ptolemy/vergil/basic/imprt/g4ltl/demo/HydraulicRamp/HydraulicRamp.xml $PTII/ptolemy/vergil/basic/imprt/g4ltl/demo/HydraulicRamp/HydraulicRamp
Warning: not running ptolemy/vergil/basic/imprt/g4ltl/demo/HydraulicRamp/HydraulicRamp.xml. See ptolemy/vergil/basic/export/test/junit/ExportModelJUnitTest.java
Exported /home/travis/build/icyphy/ptII/ptolemy/vergil/basic/imprt/g4ltl/demo/HydraulicRamp/HydraulicRamp/index.html
3141 ms. Memory: 1886720K Free: 621663K (33%)
####### 46 Tue Feb 26 04:31:57 UTC 2019 $PTII/bin/ptinvoke ptolemy.vergil.basic.export.ExportModel -force htm  -openComposites -timeOut 30000 -whiteBackground ptolemy/vergil/basic/imprt/g4ltl/demo/Numerical/Numerical.xml $PTII/ptolemy/vergil/basic/imprt/g4ltl/demo/Numerical/Numerical
Warning: not running ptolemy/vergil/basic/imprt/g4ltl/demo/Numerical/Numerical.xml. See ptolemy/vergil/basic/export/test/junit/ExportModelJUnitTest.java
Exported /home/travis/build/icyphy/ptII/ptolemy/vergil/basic/imprt/g4ltl/demo/Numerical/Numerical/index.html
3426 ms. Memory: 1886720K Free: 136133K (7%)
####### 47 Tue Feb 26 04:32:00 UTC 2019 $PTII/bin/ptinvoke ptolemy.vergil.basic.export.ExportModel -force htm  -openComposites -timeOut 30000 -whiteBackground ptolemy/vergil/basic/imprt/g4ltl/demo/PriorityArbitor/PriorityArbitor.xml $PTII/ptolemy/vergil/basic/imprt/g4ltl/demo/PriorityArbitor/PriorityArbitor
Warning: not running ptolemy/vergil/basic/imprt/g4ltl/demo/PriorityArbitor/PriorityArbitor.xml. See ptolemy/vergil/basic/export/test/junit/ExportModelJUnitTest.java
Exported /home/travis/build/icyphy/ptII/ptolemy/vergil/basic/imprt/g4ltl/demo/PriorityArbitor/PriorityArbitor/index.html
3159 ms. Memory: 1898496K Free: 1464257K (77%)
####### 48 Tue Feb 26 04:32:03 UTC 2019 $PTII/bin/ptinvoke ptolemy.vergil.basic.export.ExportModel -force htm -run -openComposites -timeOut 30000 -whiteBackground ptolemy/vergil/kernel/attributes/demo/AnimateVergil/AnimateVergil.xml $PTII/ptolemy/vergil/kernel/attributes/demo/AnimateVergil/AnimateVergil
Running .AnimateVergil
2016 ms. Memory: 1898496K Free: 1351201K (71%)
Exported /home/travis/build/icyphy/ptII/ptolemy/vergil/kernel/attributes/demo/AnimateVergil/AnimateVergil/index.html
6171 ms. Memory: 1898496K Free: 1324041K (70%)
####### 49 Tue Feb 26 04:32:09 UTC 2019 $PTII/bin/ptinvoke ptolemy.vergil.basic.export.ExportModel -force htm  -openComposites -timeOut 30000 -whiteBackground ptolemy/verification/demo/iRobotHillClimbing/iRobotCreateVerification.xml $PTII/ptolemy/verification/demo/iRobotHillClimbing/iRobotCreateVerification
Warning: not running ptolemy/verification/demo/iRobotHillClimbing/iRobotCreateVerification.xml. See ptolemy/vergil/basic/export/test/junit/ExportModelJUnitTest.java
Exported /home/travis/build/icyphy/ptII/ptolemy/verification/demo/iRobotHillClimbing/iRobotCreateVerification/index.html
5444 ms. Memory: 1895936K Free: 1600802K (84%)
####### 50 Tue Feb 26 04:32:15 UTC 2019 $PTII/bin/ptinvoke ptolemy.vergil.basic.export.ExportModel -force htm -run -openComposites -timeOut 30000 -whiteBackground ptolemy/verification/demo/RailroadControl/RailroadControl.xml $PTII/ptolemy/verification/demo/RailroadControl/RailroadControl
Running .RailroadControl
ExportHTMLTimer went off after 30000 ms., calling getDirector().finish and getDirector().stopFire()
30001 ms. Memory: 1922048K Free: 1085905K (56%)
Exported /home/travis/build/icyphy/ptII/ptolemy/verification/demo/RailroadControl/RailroadControl/index.html
34245 ms. Memory: 1922048K Free: 892102K (46%)
####### 51 Tue Feb 26 04:32:49 UTC 2019 $PTII/bin/ptinvoke ptolemy.vergil.basic.export.ExportModel -force htm -run -openComposites -timeOut 30000 -whiteBackground ptolemy/verification/demo/SimpleTrafficLight/SimpleTrafficLight.xml $PTII/ptolemy/verification/demo/SimpleTrafficLight/SimpleTrafficLight
Running .SimpleTrafficLight
ExportHTMLTimer went off after 30000 ms., calling getDirector().finish and getDirector().stopFire()
30004 ms. Memory: 1922048K Free: 664356K (35%)
Exported /home/travis/build/icyphy/ptII/ptolemy/verification/demo/SimpleTrafficLight/SimpleTrafficLight/index.html
34242 ms. Memory: 1922048K Free: 536631K (28%)
####### 52 Tue Feb 26 04:33:23 UTC 2019 $PTII/bin/ptinvoke ptolemy.vergil.basic.export.ExportModel -force htm -run -openComposites -timeOut 30000 -whiteBackground ptolemy/verification/demo/SimpleTrafficLight/SimpleTrafficLightDECTA.xml $PTII/ptolemy/verification/demo/SimpleTrafficLight/SimpleTrafficLightDECTA
Running .SimpleTrafficLightDECTA
ExportHTMLTimer went off after 30000 ms., calling getDirector().finish and getDirector().stopFire()
30006 ms. Memory: 1924096K Free: 1183990K (62%)
Exported /home/travis/build/icyphy/ptII/ptolemy/verification/demo/SimpleTrafficLight/SimpleTrafficLightDECTA/index.html
34242 ms. Memory: 1924096K Free: 891960K (46%)
####### 53 Tue Feb 26 04:33:58 UTC 2019 $PTII/bin/ptinvoke ptolemy.vergil.basic.export.ExportModel -force htm -run -openComposites -timeOut 30000 -whiteBackground ptolemy/verification/demo/SimpleTrafficLight/SimpleTrafficLightGraphicalSpec.xml $PTII/ptolemy/verification/demo/SimpleTrafficLight/SimpleTrafficLightGraphicalSpec
Running .SimpleTrafficLightGraphicalSpec
ExportHTMLTimer went off after 30000 ms., calling getDirector().finish and getDirector().stopFire()
30004 ms. Memory: 1924096K Free: 632428K (33%)
Exported /home/travis/build/icyphy/ptII/ptolemy/verification/demo/SimpleTrafficLight/SimpleTrafficLightGraphicalSpec/index.html
34259 ms. Memory: 1924096K Free: 470432K (24%)
####### 54 Tue Feb 26 04:34:32 UTC 2019 $PTII/bin/ptinvoke ptolemy.vergil.basic.export.ExportModel -force htm -run -openComposites -timeOut 30000 -whiteBackground ptolemy/verification/demo/SimpleTrafficLight/SimpleTrafficLightRTMaudeCG.xml $PTII/ptolemy/verification/demo/SimpleTrafficLight/SimpleTrafficLightRTMaudeCG
Running .SimpleTrafficLightRTMaudeCG
92 ms. Memory: 1924096K Free: 340486K (18%)
Exported /home/travis/build/icyphy/ptII/ptolemy/verification/demo/SimpleTrafficLight/SimpleTrafficLightRTMaudeCG/index.html
4370 ms. Memory: 1924096K Free: 144824K (8%)
####### 55 Tue Feb 26 04:34:36 UTC 2019 $PTII/bin/ptinvoke ptolemy.vergil.basic.export.ExportModel -force htm  -openComposites -timeOut 30000 -whiteBackground ptolemy/verification/demo/SimpleTrafficLight/SimpleTrafficLightSMVModule.xml $PTII/ptolemy/verification/demo/SimpleTrafficLight/SimpleTrafficLightSMVModule
Warning: not running ptolemy/verification/demo/SimpleTrafficLight/SimpleTrafficLightSMVModule.xml. See ptolemy/vergil/basic/export/test/junit/ExportModelJUnitTest.java
Exported /home/travis/build/icyphy/ptII/ptolemy/verification/demo/SimpleTrafficLight/SimpleTrafficLightSMVModule/index.html
3196 ms. Memory: 1933824K Free: 1533961K (79%)
]]></system-out>
  <system-err><![CDATA[Unable to export to web.
java.util.ConcurrentModificationException
	at java.util.LinkedList$ListItr.checkForComodification(LinkedList.java:966)
	at java.util.LinkedList$ListItr.next(LinkedList.java:888)
	at java.util.Collections$UnmodifiableCollection$1.next(Collections.java:1042)
	at ptolemy.vergil.basic.export.web.DefaultIconScript._provideAttributes(DefaultIconScript.java:196)
	at ptolemy.vergil.basic.export.web.WebContent.provideContent(WebContent.java:176)
	at ptolemy.vergil.basic.export.html.ExportHTMLAction.writeHTML(ExportHTMLAction.java:745)
	at ptolemy.vergil.basic.BasicGraphFrame.writeHTML(BasicGraphFrame.java:1657)
	at ptolemy.vergil.basic.export.html.ExportHTMLAction$1$1.run(ExportHTMLAction.java:559)
	at java.awt.event.InvocationEvent.dispatch(InvocationEvent.java:311)
	at java.awt.EventQueue.dispatchEventImpl(EventQueue.java:756)
	at java.awt.EventQueue.access$500(EventQueue.java:97)
	at java.awt.EventQueue$3.run(EventQueue.java:709)
	at java.awt.EventQueue$3.run(EventQueue.java:703)
	at java.security.AccessController.doPrivileged(Native Method)
	at java.security.ProtectionDomain$JavaSecurityAccessImpl.doIntersectionPrivilege(ProtectionDomain.java:80)
	at java.awt.EventQueue.dispatchEvent(EventQueue.java:726)
	at java.awt.EventDispatchThread.pumpOneEventForFilters(EventDispatchThread.java:201)
	at java.awt.EventDispatchThread.pumpEventsForFilter(EventDispatchThread.java:116)
	at java.awt.EventDispatchThread.pumpEventsForHierarchy(EventDispatchThread.java:105)
	at java.awt.EventDispatchThread.pumpEvents(EventDispatchThread.java:101)
	at java.awt.EventDispatchThread.pumpEvents(EventDispatchThread.java:93)
	at java.awt.EventDispatchThread.run(EventDispatchThread.java:82)
Feb 26, 2019 4:31:22 AM sun.awt.X11.XToolkit processException
WARNING: Exception on Toolkit thread
java.lang.NullPointerException
	at java.awt.Component$BltBufferStrategy.contentsLost(Component.java:4479)
	at java.awt.Component$BltSubRegionBufferStrategy.showIfNotLost(Component.java:4542)
	at javax.swing.BufferStrategyPaintManager.show(BufferStrategyPaintManager.java:252)
	at javax.swing.RepaintManager.show(RepaintManager.java:1379)
	at javax.swing.SwingPaintEventDispatcher.createPaintEvent(SwingPaintEventDispatcher.java:61)
	at sun.awt.X11.XWindow.postPaintEvent(XWindow.java:564)
	at sun.awt.X11.XContentWindow.postPaintEvent(XContentWindow.java:163)
	at sun.awt.X11.XWindow.handleExposeEvent(XWindow.java:558)
	at sun.awt.X11.XContentWindow.handleExposeEvent(XContentWindow.java:45)
	at sun.awt.X11.XBaseWindow.dispatchEvent(XBaseWindow.java:1110)
	at sun.awt.X11.XBaseWindow.dispatchToWindow(XBaseWindow.java:1086)
	at sun.awt.X11.XToolkit.dispatchEvent(XToolkit.java:502)
	at sun.awt.X11.XToolkit.run(XToolkit.java:616)
	at sun.awt.X11.XToolkit.run(XToolkit.java:532)
	at java.lang.Thread.run(Thread.java:748)

]]></system-err>
</testsuite>
