<?xml version="1.0" encoding="UTF-8" ?>
<testsuite errors="0" failures="0" hostname="travis-job-195a7f7c-e117-4a0f-b4df-225b6c6a3063" name="ptolemy.domains.de.test.junit.JUnitTclTest" skipped="0" tests="101" time="124.644" timestamp="2020-06-22T14:45:41">
  <properties>
[...]
</properties>
  <testcase classname="ptolemy.util.test.junit.TclTests" name="[0] /home/travis/build/icyphy/ptII/ptolemy/domains/de/test/DependencyLoop.tcl (RunTclFile)" time="1.061" />
  <testcase classname="ptolemy.util.test.junit.TclTests" name="[1] /home/travis/build/icyphy/ptII/ptolemy/domains/de/test/RunDETestsAsQSS.tcl (RunTclFile)" time="84.184" />
  <testcase classname="ptolemy.util.test.junit.AutoKnownFailedTests" name="[0] /home/travis/build/icyphy/ptII/ptolemy/domains/de/test/auto/knownFailedTests/DESDFClockTest.xml (RunModel)" time="2.035" />
  <testcase classname="ptolemy.util.test.junit.AutoKnownFailedTests" name="[1] /home/travis/build/icyphy/ptII/ptolemy/domains/de/test/auto/knownFailedTests/DirectFeedback.xml (RunModel)" time="0.011" />
  <testcase classname="ptolemy.util.test.junit.AutoKnownFailedTests" name="[2] /home/travis/build/icyphy/ptII/ptolemy/domains/de/test/auto/knownFailedTests/FSMSource.xml (RunModel)" time="0.03" />
  <testcase classname="ptolemy.util.test.junit.AutoKnownFailedTests" name="[3] /home/travis/build/icyphy/ptII/ptolemy/domains/de/test/auto/knownFailedTests/HierarchicalModel.xml (RunModel)" time="0.05" />
  <testcase classname="ptolemy.util.test.junit.AutoKnownFailedTests" name="[4] /home/travis/build/icyphy/ptII/ptolemy/domains/de/test/auto/knownFailedTests/dependencyLoop.xml (RunModel)" time="0.047" />
  <testcase classname="ptolemy.util.test.junit.AutoKnownFailedTests" name="[5] /home/travis/build/icyphy/ptII/ptolemy/domains/de/test/auto/knownFailedTests/dependencyLoop2.xml (RunModel)" time="0.046" />
  <testcase classname="ptolemy.util.test.junit.AutoNameArchTests" name="[0] ThereAreNoAutoArchTests (RunModel)" time="0.001" />
  <testcase classname="ptolemy.util.test.junit.AutoTests" name="[0] /home/travis/build/icyphy/ptII/ptolemy/domains/de/test/auto/ActorDepthCalculation_actorWithoutPorts.xml (RunModel)" time="0.03" />
  <testcase classname="ptolemy.util.test.junit.AutoTests" name="[1] /home/travis/build/icyphy/ptII/ptolemy/domains/de/test/auto/AssemblyLine.xml (RunModel)" time="0.025" />
  <testcase classname="ptolemy.util.test.junit.AutoTests" name="[2] /home/travis/build/icyphy/ptII/ptolemy/domains/de/test/auto/CQBug1.xml (RunModel)" time="0.013" />
  <testcase classname="ptolemy.util.test.junit.AutoTests" name="[3] /home/travis/build/icyphy/ptII/ptolemy/domains/de/test/auto/CancelFireAt.xml (RunModel)" time="0.021" />
  <testcase classname="ptolemy.util.test.junit.AutoTests" name="[4] /home/travis/build/icyphy/ptII/ptolemy/domains/de/test/auto/CausalityAndComposabilityAnalysis.xml (RunModel)" time="0.017" />
  <testcase classname="ptolemy.util.test.junit.AutoTests" name="[5] /home/travis/build/icyphy/ptII/ptolemy/domains/de/test/auto/CausalityInterface1.xml (RunModel)" time="0.017" />
  <testcase classname="ptolemy.util.test.junit.AutoTests" name="[6] /home/travis/build/icyphy/ptII/ptolemy/domains/de/test/auto/CausalityInterface15.xml (RunModel)" time="0.028" />
  <testcase classname="ptolemy.util.test.junit.AutoTests" name="[7] /home/travis/build/icyphy/ptII/ptolemy/domains/de/test/auto/CausalityInterface2.xml (RunModel)" time="0.018" />
  <testcase classname="ptolemy.util.test.junit.AutoTests" name="[8] /home/travis/build/icyphy/ptII/ptolemy/domains/de/test/auto/CausalityInterface3.xml (RunModel)" time="0.014" />
  <testcase classname="ptolemy.util.test.junit.AutoTests" name="[9] /home/travis/build/icyphy/ptII/ptolemy/domains/de/test/auto/ClockDrift.xml (RunModel)" time="0.039" />
  <testcase classname="ptolemy.util.test.junit.AutoTests" name="[10] /home/travis/build/icyphy/ptII/ptolemy/domains/de/test/auto/ClockDriftAndValueChange.xml (RunModel)" time="0.035" />
  <testcase classname="ptolemy.util.test.junit.AutoTests" name="[11] /home/travis/build/icyphy/ptII/ptolemy/domains/de/test/auto/ClockDriftChange.xml (RunModel)" time="0.041" />
  <testcase classname="ptolemy.util.test.junit.AutoTests" name="[12] /home/travis/build/icyphy/ptII/ptolemy/domains/de/test/auto/ComposableCausalityAnalysis.xml (RunModel)" time="0.014" />
  <testcase classname="ptolemy.util.test.junit.AutoTests" name="[13] /home/travis/build/icyphy/ptII/ptolemy/domains/de/test/auto/DEFixedPointLimitation.xml (RunModel)" time="0.011" />
  <testcase classname="ptolemy.util.test.junit.AutoTests" name="[14] /home/travis/build/icyphy/ptII/ptolemy/domains/de/test/auto/DEScheduleTest.xml (RunModel)" time="0.015" />
  <testcase classname="ptolemy.util.test.junit.AutoTests" name="[15] /home/travis/build/icyphy/ptII/ptolemy/domains/de/test/auto/DEinDEwithStartTimes.xml (RunModel)" time="0.016" />
  <testcase classname="ptolemy.util.test.junit.AutoTests" name="[16] /home/travis/build/icyphy/ptII/ptolemy/domains/de/test/auto/DEinDEwithStartTimes2.xml (RunModel)" time="0.021" />
  <testcase classname="ptolemy.util.test.junit.AutoTests" name="[17] /home/travis/build/icyphy/ptII/ptolemy/domains/de/test/auto/DateDemo.xml (RunModel)" time="0.034" />
  <testcase classname="ptolemy.util.test.junit.AutoTests" name="[18] /home/travis/build/icyphy/ptII/ptolemy/domains/de/test/auto/DateToEvent.xml (RunModel)" time="2.04" />
  <testcase classname="ptolemy.util.test.junit.AutoTests" name="[19] /home/travis/build/icyphy/ptII/ptolemy/domains/de/test/auto/DepthTest1.xml (RunModel)" time="0.018" />
  <testcase classname="ptolemy.util.test.junit.AutoTests" name="[20] /home/travis/build/icyphy/ptII/ptolemy/domains/de/test/auto/DepthTest2.xml (RunModel)" time="0.023" />
  <testcase classname="ptolemy.util.test.junit.AutoTests" name="[21] /home/travis/build/icyphy/ptII/ptolemy/domains/de/test/auto/DepthTest3.xml (RunModel)" time="0.011" />
  <testcase classname="ptolemy.util.test.junit.AutoTests" name="[22] /home/travis/build/icyphy/ptII/ptolemy/domains/de/test/auto/DepthTest4.xml (RunModel)" time="0.022" />
  <testcase classname="ptolemy.util.test.junit.AutoTests" name="[23] /home/travis/build/icyphy/ptII/ptolemy/domains/de/test/auto/DepthTest5.xml (RunModel)" time="0.015" />
  <testcase classname="ptolemy.util.test.junit.AutoTests" name="[24] /home/travis/build/icyphy/ptII/ptolemy/domains/de/test/auto/DepthTest6.xml (RunModel)" time="0.013" />
  <testcase classname="ptolemy.util.test.junit.AutoTests" name="[25] /home/travis/build/icyphy/ptII/ptolemy/domains/de/test/auto/DepthTest7.xml (RunModel)" time="0.017" />
  <testcase classname="ptolemy.util.test.junit.AutoTests" name="[26] /home/travis/build/icyphy/ptII/ptolemy/domains/de/test/auto/EventToDate.xml (RunModel)" time="3.048" />
  <testcase classname="ptolemy.util.test.junit.AutoTests" name="[27] /home/travis/build/icyphy/ptII/ptolemy/domains/de/test/auto/FSM1.xml (RunModel)" time="0.07" />
  <testcase classname="ptolemy.util.test.junit.AutoTests" name="[28] /home/travis/build/icyphy/ptII/ptolemy/domains/de/test/auto/FSM7.xml (RunModel)" time="0.047" />
  <testcase classname="ptolemy.util.test.junit.AutoTests" name="[29] /home/travis/build/icyphy/ptII/ptolemy/domains/de/test/auto/Inspection.xml (RunModel)" time="0.04" />
  <testcase classname="ptolemy.util.test.junit.AutoTests" name="[30] /home/travis/build/icyphy/ptII/ptolemy/domains/de/test/auto/Iteration.xml (RunModel)" time="0.026" />
  <testcase classname="ptolemy.util.test.junit.AutoTests" name="[31] /home/travis/build/icyphy/ptII/ptolemy/domains/de/test/auto/LineFault.xml (RunModel)" time="0.531" />
  <testcase classname="ptolemy.util.test.junit.AutoTests" name="[32] /home/travis/build/icyphy/ptII/ptolemy/domains/de/test/auto/MergeModel1Add.xml (RunModel)" time="0.042" />
  <testcase classname="ptolemy.util.test.junit.AutoTests" name="[33] /home/travis/build/icyphy/ptII/ptolemy/domains/de/test/auto/MergeModel2Add.xml (RunModel)" time="0.039" />
  <testcase classname="ptolemy.util.test.junit.AutoTests" name="[34] /home/travis/build/icyphy/ptII/ptolemy/domains/de/test/auto/MergeModel3Add.xml (RunModel)" time="0.057" />
  <testcase classname="ptolemy.util.test.junit.AutoTests" name="[35] /home/travis/build/icyphy/ptII/ptolemy/domains/de/test/auto/MergeWithoutDiscard.xml (RunModel)" time="0.014" />
  <testcase classname="ptolemy.util.test.junit.AutoTests" name="[36] /home/travis/build/icyphy/ptII/ptolemy/domains/de/test/auto/Modal1.xml (RunModel)" time="0.033" />
  <testcase classname="ptolemy.util.test.junit.AutoTests" name="[37] /home/travis/build/icyphy/ptII/ptolemy/domains/de/test/auto/Modal2.xml (RunModel)" time="0.028" />
  <testcase classname="ptolemy.util.test.junit.AutoTests" name="[38] /home/travis/build/icyphy/ptII/ptolemy/domains/de/test/auto/Modal3.xml (RunModel)" time="0.031" />
  <testcase classname="ptolemy.util.test.junit.AutoTests" name="[39] /home/travis/build/icyphy/ptII/ptolemy/domains/de/test/auto/Modal4.xml (RunModel)" time="0.031" />
  <testcase classname="ptolemy.util.test.junit.AutoTests" name="[40] /home/travis/build/icyphy/ptII/ptolemy/domains/de/test/auto/Modal5.xml (RunModel)" time="0.033" />
  <testcase classname="ptolemy.util.test.junit.AutoTests" name="[41] /home/travis/build/icyphy/ptII/ptolemy/domains/de/test/auto/Modal6.xml (RunModel)" time="0.029" />
  <testcase classname="ptolemy.util.test.junit.AutoTests" name="[42] /home/travis/build/icyphy/ptII/ptolemy/domains/de/test/auto/Modal7.xml (RunModel)" time="0.032" />
  <testcase classname="ptolemy.util.test.junit.AutoTests" name="[43] /home/travis/build/icyphy/ptII/ptolemy/domains/de/test/auto/ModalModel.xml (RunModel)" time="0.197" />
  <testcase classname="ptolemy.util.test.junit.AutoTests" name="[44] /home/travis/build/icyphy/ptII/ptolemy/domains/de/test/auto/ModalSource.xml (RunModel)" time="0.018" />
  <testcase classname="ptolemy.util.test.junit.AutoTests" name="[45] /home/travis/build/icyphy/ptII/ptolemy/domains/de/test/auto/NonInterruptibleTimerZeroDelay.xml (RunModel)" time="0.015" />
  <testcase classname="ptolemy.util.test.junit.AutoTests" name="[46] /home/travis/build/icyphy/ptII/ptolemy/domains/de/test/auto/OpenQueueingNetwork.xml (RunModel)" time="2.427" />
  <testcase classname="ptolemy.util.test.junit.AutoTests" name="[47] /home/travis/build/icyphy/ptII/ptolemy/domains/de/test/auto/OpenQueuingNetwork.xml (RunModel)" time="0.277" />
  <testcase classname="ptolemy.util.test.junit.AutoTests" name="[48] /home/travis/build/icyphy/ptII/ptolemy/domains/de/test/auto/PeriodicSampler.xml (RunModel)" time="0.009" />
  <testcase classname="ptolemy.util.test.junit.AutoTests" name="[49] /home/travis/build/icyphy/ptII/ptolemy/domains/de/test/auto/PersistentIO.xml (RunModel)" time="0.02" />
  <testcase classname="ptolemy.util.test.junit.AutoTests" name="[50] /home/travis/build/icyphy/ptII/ptolemy/domains/de/test/auto/PortParameterResetOnInitialize.xml (RunModel)" time="0.009" />
  <testcase classname="ptolemy.util.test.junit.AutoTests" name="[51] /home/travis/build/icyphy/ptII/ptolemy/domains/de/test/auto/PortParameterUpdates.xml (RunModel)" time="0.021" />
  <testcase classname="ptolemy.util.test.junit.AutoTests" name="[52] /home/travis/build/icyphy/ptII/ptolemy/domains/de/test/auto/QueueAndServer.xml (RunModel)" time="0.02" />
  <testcase classname="ptolemy.util.test.junit.AutoTests" name="[53] /home/travis/build/icyphy/ptII/ptolemy/domains/de/test/auto/Records.xml (RunModel)" time="0.015" />
  <testcase classname="ptolemy.util.test.junit.AutoTests" name="[54] /home/travis/build/icyphy/ptII/ptolemy/domains/de/test/auto/ResetTransitionWithStartTime1.xml (RunModel)" time="0.02" />
  <testcase classname="ptolemy.util.test.junit.AutoTests" name="[55] /home/travis/build/icyphy/ptII/ptolemy/domains/de/test/auto/ResetTransitionWithStartTime2.xml (RunModel)" time="0.027" />
  <testcase classname="ptolemy.util.test.junit.AutoTests" name="[56] /home/travis/build/icyphy/ptII/ptolemy/domains/de/test/auto/ResetTransitionWithStartTime3.xml (RunModel)" time="0.024" />
  <testcase classname="ptolemy.util.test.junit.AutoTests" name="[57] /home/travis/build/icyphy/ptII/ptolemy/domains/de/test/auto/ResetTransitionWithStartTime4.xml (RunModel)" time="0.023" />
  <testcase classname="ptolemy.util.test.junit.AutoTests" name="[58] /home/travis/build/icyphy/ptII/ptolemy/domains/de/test/auto/ResettableTimer1.xml (RunModel)" time="0.012" />
  <testcase classname="ptolemy.util.test.junit.AutoTests" name="[59] /home/travis/build/icyphy/ptII/ptolemy/domains/de/test/auto/ResettableTimer2.xml (RunModel)" time="0.012" />
  <testcase classname="ptolemy.util.test.junit.AutoTests" name="[60] /home/travis/build/icyphy/ptII/ptolemy/domains/de/test/auto/ResettableTimer3.xml (RunModel)" time="0.011" />
  <testcase classname="ptolemy.util.test.junit.AutoTests" name="[61] /home/travis/build/icyphy/ptII/ptolemy/domains/de/test/auto/ResettableTimer4.xml (RunModel)" time="0.009" />
  <testcase classname="ptolemy.util.test.junit.AutoTests" name="[62] /home/travis/build/icyphy/ptII/ptolemy/domains/de/test/auto/ResettableTimer5.xml (RunModel)" time="0.01" />
  <testcase classname="ptolemy.util.test.junit.AutoTests" name="[63] /home/travis/build/icyphy/ptII/ptolemy/domains/de/test/auto/ResettableTimer6.xml (RunModel)" time="0.015" />
  <testcase classname="ptolemy.util.test.junit.AutoTests" name="[64] /home/travis/build/icyphy/ptII/ptolemy/domains/de/test/auto/ServerZeroDelay.xml (RunModel)" time="0.009" />
  <testcase classname="ptolemy.util.test.junit.AutoTests" name="[65] /home/travis/build/icyphy/ptII/ptolemy/domains/de/test/auto/SmartSender.xml (RunModel)" time="3.008" />
  <testcase classname="ptolemy.util.test.junit.AutoTests" name="[66] /home/travis/build/icyphy/ptII/ptolemy/domains/de/test/auto/ThreadedComposite.xml (RunModel)" time="0.155" />
  <testcase classname="ptolemy.util.test.junit.AutoTests" name="[67] /home/travis/build/icyphy/ptII/ptolemy/domains/de/test/auto/Time.xml (RunModel)" time="0.354" />
  <testcase classname="ptolemy.util.test.junit.AutoTests" name="[68] /home/travis/build/icyphy/ptII/ptolemy/domains/de/test/auto/TimeDelayZeroDelay.xml (RunModel)" time="0.01" />
  <testcase classname="ptolemy.util.test.junit.AutoTests" name="[69] /home/travis/build/icyphy/ptII/ptolemy/domains/de/test/auto/TimerZeroDelay.xml (RunModel)" time="0.012" />
  <testcase classname="ptolemy.util.test.junit.AutoTests" name="[70] /home/travis/build/icyphy/ptII/ptolemy/domains/de/test/auto/TimingParadox.xml (RunModel)" time="0.323" />
  <testcase classname="ptolemy.util.test.junit.AutoTests" name="[71] /home/travis/build/icyphy/ptII/ptolemy/domains/de/test/auto/TransferInputs.xml (RunModel)" time="0.018" />
  <testcase classname="ptolemy.util.test.junit.AutoTests" name="[72] /home/travis/build/icyphy/ptII/ptolemy/domains/de/test/auto/TransferOutputs2.xml (RunModel)" time="0.017" />
  <testcase classname="ptolemy.util.test.junit.AutoTests" name="[73] /home/travis/build/icyphy/ptII/ptolemy/domains/de/test/auto/Trilateration.xml (RunModel)" time="11.102" />
  <testcase classname="ptolemy.util.test.junit.AutoTests" name="[74] /home/travis/build/icyphy/ptII/ptolemy/domains/de/test/auto/TwoSigmaDelta.xml (RunModel)" time="1.643" />
  <testcase classname="ptolemy.util.test.junit.AutoTests" name="[75] /home/travis/build/icyphy/ptII/ptolemy/domains/de/test/auto/VariableDelay.xml (RunModel)" time="0.013" />
  <testcase classname="ptolemy.util.test.junit.AutoTests" name="[76] /home/travis/build/icyphy/ptII/ptolemy/domains/de/test/auto/VariableDelay2.xml (RunModel)" time="0.009" />
  <testcase classname="ptolemy.util.test.junit.AutoTests" name="[77] /home/travis/build/icyphy/ptII/ptolemy/domains/de/test/auto/VariableDelayZeroDelay.xml (RunModel)" time="0.012" />
  <testcase classname="ptolemy.util.test.junit.AutoTests" name="[78] /home/travis/build/icyphy/ptII/ptolemy/domains/de/test/auto/VariableDelayZeroDelay2.xml (RunModel)" time="0.016" />
  <testcase classname="ptolemy.util.test.junit.AutoTests" name="[79] /home/travis/build/icyphy/ptII/ptolemy/domains/de/test/auto/deInCt.xml (RunModel)" time="0.017" />
  <testcase classname="ptolemy.util.test.junit.AutoTests" name="[80] /home/travis/build/icyphy/ptII/ptolemy/domains/de/test/auto/deInCt2.xml (RunModel)" time="0.017" />
  <testcase classname="ptolemy.util.test.junit.AutoTests" name="[81] /home/travis/build/icyphy/ptII/ptolemy/domains/de/test/auto/dynamicCausalityInterface1.xml (RunModel)" time="0.03" />
  <testcase classname="ptolemy.util.test.junit.AutoTests" name="[82] /home/travis/build/icyphy/ptII/ptolemy/domains/de/test/auto/fsm_de_test.xml (RunModel)" time="0.025" />
  <testcase classname="ptolemy.util.test.junit.AutoTests" name="[83] /home/travis/build/icyphy/ptII/ptolemy/domains/de/test/auto/functionDependencyReconstruction.xml (RunModel)" time="0.036" />
  <testcase classname="ptolemy.util.test.junit.AutoTests" name="[84] /home/travis/build/icyphy/ptII/ptolemy/domains/de/test/auto/multirate.xml (RunModel)" time="0.016" />
  <testcase classname="ptolemy.util.test.junit.AutoTests" name="[85] /home/travis/build/icyphy/ptII/ptolemy/domains/de/test/auto/multirate2.xml (RunModel)" time="0.018" />
  <testcase classname="ptolemy.util.test.junit.AutoTests" name="[86] /home/travis/build/icyphy/ptII/ptolemy/domains/de/test/auto/realtime.xml (RunModel)" time="10.01" />
  <testcase classname="ptolemy.util.test.junit.AutoTests" name="[87] /home/travis/build/icyphy/ptII/ptolemy/domains/de/test/auto/relationGroup.xml (RunModel)" time="0.01" />
  <testcase classname="ptolemy.util.test.junit.AutoTests" name="[88] /home/travis/build/icyphy/ptII/ptolemy/domains/de/test/auto/relationGroup2.xml (RunModel)" time="0.012" />
  <testcase classname="ptolemy.util.test.junit.AutoTests" name="[89] /home/travis/build/icyphy/ptII/ptolemy/domains/de/test/auto/sortWithOpaquePorts.xml (RunModel)" time="0.011" />
  <testcase classname="ptolemy.util.test.junit.AutoTests" name="[90] /home/travis/build/icyphy/ptII/ptolemy/domains/de/test/auto/transferInputsandOutputs.xml (RunModel)" time="0.02" />
  <testcase classname="ptolemy.util.test.junit.AutoTests" name="[91] /home/travis/build/icyphy/ptII/ptolemy/domains/de/test/auto/triggerType.xml (RunModel)" time="0.01" />
  <system-out><![CDATA[/home/travis/build/icyphy/ptII/ptolemy/domains/de/test/DependencyLoop.tcl
testDefs.tcl: setting time out to 9000 seconds at Mon Jun 22 14:45:41 UTC 2020
105 ms. Memory: 129024K Free: 78792K (61%)
27 ms. Memory: 129024K Free: 61384K (48%)
/home/travis/build/icyphy/ptII/ptolemy/domains/de/test/RunDETestsAsQSS.tcl
Run the DE tests using ptolemy.domains.qss.test.QSSDirectorTest, which extends QSSDirector and prints a message in the constructors.
------------------ testing $PTII/ptolemy/domains/de/test/auto/knownFailedTests/DirectFeedback.xml (Known Failure) 
67 ms. Memory: 129024K Free: 56264K (44%)


==== $PTIIhome/travis/build/icyphy/ptII/ptolemy/domains/de/test/../../../../: Auto Automatic test in file $PTII/ptolemy/domains/de/test/auto/knownFailedTests/DirectFeedback.xml
==== Contents of test case:

	    # FIXME: we should use $relativeFilename here, but it
	    # might have backslashes under Windows, which causes no end
	    # of trouble.
	    createAndExecute $file
	    list {}
	
.... Test generated KNOWN error:
    while executing
ptolemy.kernel.util.IllegalActionException: Test fails in iteration 1.
Value was: 1.0. Should have been: 2.0
  in .DirectFeedback.Test
	at ptolemy.actor.lib.Test.fire(Test.java:268)
	at ptolemy.domains.de.kernel.DEDirector._fire(DEDirector.java:1949)
	at ptolemy.domains.de.kernel.DEDirector.fire(DEDirector.java:502)
	at ptolemy.actor.CompositeActor.fire(CompositeActor.java:455)
	at ptolemy.actor.Manager.iterate(Manager.java:851)
	at ptolemy.actor.Manager.execute(Manager.java:369)
	at ptolemy.actor.Manager.run(Manager.java:1263)
	at ptolemy.actor.Manager$PtolemyRunThread.run(Manager.java:1933)

    while executing
ptolemy.kernel.util.IllegalActionException: Test fails in iteration 1.
Value was: 1.0. Should have been: 2.0
  in .DirectFeedback.Test
    while executing
"java::new ptolemy.moml.MoMLSimpleApplication $file
"
    (procedure "createAndExecute" line 2)
    invoked from within
"createAndExecute $file"
    ("uplevel" body line 5)
    invoked from within
"uplevel $contents_of_test"
------------------ testing $PTII/ptolemy/domains/de/test/auto/knownFailedTests/dependencyLoop.xml (Known Failure) 
20 ms. Memory: 129024K Free: 53192K (41%)


==== $PTIIhome/travis/build/icyphy/ptII/ptolemy/domains/de/test/../../../../: Auto Automatic test in file $PTII/ptolemy/domains/de/test/auto/knownFailedTests/dependencyLoop.xml
==== Contents of test case:

	    # FIXME: we should use $relativeFilename here, but it
	    # might have backslashes under Windows, which causes no end
	    # of trouble.
	    createAndExecute $file
	    list {}
	
.... Test generated KNOWN error:
    while executing
ptolemy.kernel.util.IllegalActionException: Found a zero delay loop containing .dependencyLoop.original
  in .dependencyLoop and .dependencyLoop.original
	at ptolemy.actor.util.CausalityInterfaceForComposites._computeOutputPortDepth(CausalityInterfaceForComposites.java:759)
	at ptolemy.actor.util.CausalityInterfaceForComposites._computeInputDepth(CausalityInterfaceForComposites.java:696)
	at ptolemy.actor.util.CausalityInterfaceForComposites._computeOutputPortDepth(CausalityInterfaceForComposites.java:765)
	at ptolemy.actor.util.CausalityInterfaceForComposites._computeInputDepth(CausalityInterfaceForComposites.java:696)
	at ptolemy.actor.util.CausalityInterfaceForComposites._computeOutputPortDepth(CausalityInterfaceForComposites.java:765)
	at ptolemy.actor.util.CausalityInterfaceForComposites._computeInputDepth(CausalityInterfaceForComposites.java:696)
	at ptolemy.actor.util.CausalityInterfaceForComposites._computeActorDepth(CausalityInterfaceForComposites.java:532)
	at ptolemy.actor.util.CausalityInterfaceForComposites.checkForCycles(CausalityInterfaceForComposites.java:96)
	at ptolemy.domains.de.kernel.DEDirector.preinitialize(DEDirector.java:1338)
	at ptolemy.actor.CompositeActor.preinitialize(CompositeActor.java:1828)
	at ptolemy.actor.Manager.preinitializeAndResolveTypes(Manager.java:1040)
	at ptolemy.actor.Manager.initialize(Manager.java:710)
	at ptolemy.actor.Manager.execute(Manager.java:356)
	at ptolemy.actor.Manager.run(Manager.java:1263)
	at ptolemy.actor.Manager$PtolemyRunThread.run(Manager.java:1933)

    while executing
ptolemy.kernel.util.IllegalActionException: Found a zero delay loop containing .dependencyLoop.original
  in .dependencyLoop and .dependencyLoop.original
    while executing
"java::new ptolemy.moml.MoMLSimpleApplication $file
"
    (procedure "createAndExecute" line 2)
    invoked from within
"createAndExecute $file"
    ("uplevel" body line 5)
    invoked from within
"uplevel $contents_of_test"
------------------ testing $PTII/ptolemy/domains/de/test/auto/knownFailedTests/FSMSource.xml (Known Failure) 
38 ms. Memory: 129024K Free: 111944K (87%)
!!!! Auto was marked as failing, but now passes
------------------ testing $PTII/ptolemy/domains/de/test/auto/knownFailedTests/HierarchicalModel.xml (Known Failure) 
11 ms. Memory: 129024K Free: 94504K (73%)


==== $PTIIhome/travis/build/icyphy/ptII/ptolemy/domains/de/test/../../../../: Auto Automatic test in file $PTII/ptolemy/domains/de/test/auto/knownFailedTests/HierarchicalModel.xml
==== Contents of test case:

	    # FIXME: we should use $relativeFilename here, but it
	    # might have backslashes under Windows, which causes no end
	    # of trouble.
	    createAndExecute $file
	    list {}
	
.... Test generated KNOWN error:
    while executing
ptolemy.kernel.util.IllegalActionException: Found a zero delay loop containing .HierarchicalModel.A
  in .HierarchicalModel and .HierarchicalModel.A
	at ptolemy.actor.util.CausalityInterfaceForComposites._computeOutputPortDepth(CausalityInterfaceForComposites.java:759)
	at ptolemy.actor.util.CausalityInterfaceForComposites._computeInputDepth(CausalityInterfaceForComposites.java:696)
	at ptolemy.actor.util.CausalityInterfaceForComposites._computeOutputPortDepth(CausalityInterfaceForComposites.java:765)
	at ptolemy.actor.util.CausalityInterfaceForComposites._computeInputDepth(CausalityInterfaceForComposites.java:696)
	at ptolemy.actor.util.CausalityInterfaceForComposites._computeOutputPortDepth(CausalityInterfaceForComposites.java:765)
	at ptolemy.actor.util.CausalityInterfaceForComposites._computeInputDepth(CausalityInterfaceForComposites.java:696)
	at ptolemy.actor.util.CausalityInterfaceForComposites._computeActorDepth(CausalityInterfaceForComposites.java:532)
	at ptolemy.actor.util.CausalityInterfaceForComposites.checkForCycles(CausalityInterfaceForComposites.java:96)
	at ptolemy.domains.de.kernel.DEDirector.preinitialize(DEDirector.java:1338)
	at ptolemy.actor.CompositeActor.preinitialize(CompositeActor.java:1828)
	at ptolemy.actor.Manager.preinitializeAndResolveTypes(Manager.java:1040)
	at ptolemy.actor.Manager.initialize(Manager.java:710)
	at ptolemy.actor.Manager.execute(Manager.java:356)
	at ptolemy.actor.Manager.run(Manager.java:1263)
	at ptolemy.actor.Manager$PtolemyRunThread.run(Manager.java:1933)

    while executing
ptolemy.kernel.util.IllegalActionException: Found a zero delay loop containing .HierarchicalModel.A
  in .HierarchicalModel and .HierarchicalModel.A
    while executing
"java::new ptolemy.moml.MoMLSimpleApplication $file
"
    (procedure "createAndExecute" line 2)
    invoked from within
"createAndExecute $file"
    ("uplevel" body line 5)
    invoked from within
"uplevel $contents_of_test"
------------------ testing $PTII/ptolemy/domains/de/test/auto/knownFailedTests/dependencyLoop2.xml (Known Failure) 
6 ms. Memory: 129024K Free: 78499K (61%)


==== $PTIIhome/travis/build/icyphy/ptII/ptolemy/domains/de/test/../../../../: Auto Automatic test in file $PTII/ptolemy/domains/de/test/auto/knownFailedTests/dependencyLoop2.xml
==== Contents of test case:

	    # FIXME: we should use $relativeFilename here, but it
	    # might have backslashes under Windows, which causes no end
	    # of trouble.
	    createAndExecute $file
	    list {}
	
.... Test generated KNOWN error:
    while executing
ptolemy.kernel.util.IllegalActionException: Found a zero delay loop containing .dependencyLoop2.original
  in .dependencyLoop2 and .dependencyLoop2.original
	at ptolemy.actor.util.CausalityInterfaceForComposites._computeOutputPortDepth(CausalityInterfaceForComposites.java:759)
	at ptolemy.actor.util.CausalityInterfaceForComposites._computeInputDepth(CausalityInterfaceForComposites.java:696)
	at ptolemy.actor.util.CausalityInterfaceForComposites._computeOutputPortDepth(CausalityInterfaceForComposites.java:765)
	at ptolemy.actor.util.CausalityInterfaceForComposites._computeInputDepth(CausalityInterfaceForComposites.java:696)
	at ptolemy.actor.util.CausalityInterfaceForComposites._computeOutputPortDepth(CausalityInterfaceForComposites.java:765)
	at ptolemy.actor.util.CausalityInterfaceForComposites._computeInputDepth(CausalityInterfaceForComposites.java:696)
	at ptolemy.actor.util.CausalityInterfaceForComposites._computeActorDepth(CausalityInterfaceForComposites.java:532)
	at ptolemy.actor.util.CausalityInterfaceForComposites.checkForCycles(CausalityInterfaceForComposites.java:96)
	at ptolemy.domains.de.kernel.DEDirector.preinitialize(DEDirector.java:1338)
	at ptolemy.actor.CompositeActor.preinitialize(CompositeActor.java:1828)
	at ptolemy.actor.Manager.preinitializeAndResolveTypes(Manager.java:1040)
	at ptolemy.actor.Manager.initialize(Manager.java:710)
	at ptolemy.actor.Manager.execute(Manager.java:356)
	at ptolemy.actor.Manager.run(Manager.java:1263)
	at ptolemy.actor.Manager$PtolemyRunThread.run(Manager.java:1933)

    while executing
ptolemy.kernel.util.IllegalActionException: Found a zero delay loop containing .dependencyLoop2.original
  in .dependencyLoop2 and .dependencyLoop2.original
    while executing
"java::new ptolemy.moml.MoMLSimpleApplication $file
"
    (procedure "createAndExecute" line 2)
    invoked from within
"createAndExecute $file"
    ("uplevel" body line 5)
    invoked from within
"uplevel $contents_of_test"
------------------ testing $PTII/ptolemy/domains/de/test/auto/knownFailedTests/DESDFClockTest.xml (Known Failure) 
2049 ms. Memory: 129024K Free: 109076K (85%)


==== $PTIIhome/travis/build/icyphy/ptII/ptolemy/domains/de/test/../../../../: Auto Automatic test in file $PTII/ptolemy/domains/de/test/auto/knownFailedTests/DESDFClockTest.xml
==== Contents of test case:

	    # FIXME: we should use $relativeFilename here, but it
	    # might have backslashes under Windows, which causes no end
	    # of trouble.
	    createAndExecute $file
	    list {}
	
.... Test generated KNOWN error:
    while executing
ptolemy.kernel.util.IllegalActionException: Actor is not ready to fire.  Perhaps UpSample.prefire() returned false? Try debugging the actor by selecting "Listen to Actor".  Also, for SDF check moml for tokenConsumptionRate on input.
  in .DESDFClockTest.Play Bell.Copy1:SDF Director and .DESDFClockTest.Play Bell.UpSample
	at ptolemy.actor.sched.StaticSchedulingDirector.fire(StaticSchedulingDirector.java:227)
	at ptolemy.domains.sdf.kernel.SDFDirector.fire(SDFDirector.java:500)
	at ptolemy.actor.CompositeActor.fire(CompositeActor.java:455)
	at ptolemy.domains.de.kernel.DEDirector._fire(DEDirector.java:1949)
	at ptolemy.domains.de.kernel.DEDirector.fire(DEDirector.java:502)
	at ptolemy.actor.CompositeActor.fire(CompositeActor.java:455)
	at ptolemy.actor.Manager.iterate(Manager.java:851)
	at ptolemy.actor.Manager.execute(Manager.java:369)
	at ptolemy.actor.Manager.run(Manager.java:1263)
	at ptolemy.actor.Manager$PtolemyRunThread.run(Manager.java:1933)

    while executing
ptolemy.kernel.util.IllegalActionException: Actor is not ready to fire.  Perhaps UpSample.prefire() returned false? Try debugging the actor by selecting "Listen to Actor".  Also, for SDF check moml for tokenConsumptionRate on input.
  in .DESDFClockTest.Play Bell.Copy1:SDF Director and .DESDFClockTest.Play Bell.UpSample
    while executing
"java::new ptolemy.moml.MoMLSimpleApplication $file
"
    (procedure "createAndExecute" line 2)
    invoked from within
"createAndExecute $file"
    ("uplevel" body line 5)
    invoked from within
"uplevel $contents_of_test"
------------------ testing $PTII/ptolemy/domains/de/test/auto/ActorDepthCalculation_actorWithoutPorts.xml
auto.tcl: Setting watchdog for 200 seconds at Mon Jun 22 14:45:45 UTC 2020
4 ms. Memory: 129024K Free: 101380K (79%)
ptolemy.util.test.WatchDog.cancel(): canceling Mon Jun 22 14:45:45 UTC 2020
auto.tcl: Setting watchdog for 200 seconds at Mon Jun 22 14:45:45 UTC 2020
5 ms. Memory: 129024K Free: 99860K (77%)
ptolemy.util.test.WatchDog.cancel(): canceling Mon Jun 22 14:45:45 UTC 2020
------------------ testing $PTII/ptolemy/domains/de/test/auto/AssemblyLine.xml
auto.tcl: Setting watchdog for 200 seconds at Mon Jun 22 14:45:45 UTC 2020
27 ms. Memory: 51200K Free: 27756K (54%)
ptolemy.util.test.WatchDog.cancel(): canceling Mon Jun 22 14:45:45 UTC 2020
auto.tcl: Setting watchdog for 200 seconds at Mon Jun 22 14:45:45 UTC 2020
9 ms. Memory: 51200K Free: 26829K (52%)
ptolemy.util.test.WatchDog.cancel(): canceling Mon Jun 22 14:45:45 UTC 2020
------------------ testing $PTII/ptolemy/domains/de/test/auto/CQBug1.xml
auto.tcl: Setting watchdog for 200 seconds at Mon Jun 22 14:45:46 UTC 2020
2 ms. Memory: 51200K Free: 33827K (66%)
ptolemy.util.test.WatchDog.cancel(): canceling Mon Jun 22 14:45:46 UTC 2020
auto.tcl: Setting watchdog for 200 seconds at Mon Jun 22 14:45:46 UTC 2020
2 ms. Memory: 51200K Free: 33374K (65%)
ptolemy.util.test.WatchDog.cancel(): canceling Mon Jun 22 14:45:46 UTC 2020
------------------ testing $PTII/ptolemy/domains/de/test/auto/CancelFireAt.xml
auto.tcl: Setting watchdog for 200 seconds at Mon Jun 22 14:45:46 UTC 2020
10 ms. Memory: 51200K Free: 34699K (68%)
ptolemy.util.test.WatchDog.cancel(): canceling Mon Jun 22 14:45:46 UTC 2020
auto.tcl: Setting watchdog for 200 seconds at Mon Jun 22 14:45:46 UTC 2020
2 ms. Memory: 51200K Free: 34231K (67%)
ptolemy.util.test.WatchDog.cancel(): canceling Mon Jun 22 14:45:46 UTC 2020
------------------ testing $PTII/ptolemy/domains/de/test/auto/CausalityAndComposabilityAnalysis.xml
auto.tcl: Setting watchdog for 200 seconds at Mon Jun 22 14:45:46 UTC 2020
14 ms. Memory: 51200K Free: 32433K (63%)
ptolemy.util.test.WatchDog.cancel(): canceling Mon Jun 22 14:45:46 UTC 2020
auto.tcl: Setting watchdog for 200 seconds at Mon Jun 22 14:45:46 UTC 2020
6 ms. Memory: 51200K Free: 31966K (62%)
ptolemy.util.test.WatchDog.cancel(): canceling Mon Jun 22 14:45:46 UTC 2020
------------------ testing $PTII/ptolemy/domains/de/test/auto/CausalityInterface1.xml
auto.tcl: Setting watchdog for 200 seconds at Mon Jun 22 14:45:46 UTC 2020
33 ms. Memory: 51200K Free: 31385K (61%)
ptolemy.util.test.WatchDog.cancel(): canceling Mon Jun 22 14:45:46 UTC 2020
auto.tcl: Setting watchdog for 200 seconds at Mon Jun 22 14:45:46 UTC 2020
5 ms. Memory: 51200K Free: 30393K (59%)
ptolemy.util.test.WatchDog.cancel(): canceling Mon Jun 22 14:45:46 UTC 2020
------------------ testing $PTII/ptolemy/domains/de/test/auto/CausalityInterface15.xml
auto.tcl: Setting watchdog for 200 seconds at Mon Jun 22 14:45:46 UTC 2020
13 ms. Memory: 51200K Free: 31326K (61%)
ptolemy.util.test.WatchDog.cancel(): canceling Mon Jun 22 14:45:46 UTC 2020
auto.tcl: Setting watchdog for 200 seconds at Mon Jun 22 14:45:46 UTC 2020
4 ms. Memory: 51200K Free: 30344K (59%)
ptolemy.util.test.WatchDog.cancel(): canceling Mon Jun 22 14:45:46 UTC 2020
------------------ testing $PTII/ptolemy/domains/de/test/auto/CausalityInterface2.xml
auto.tcl: Setting watchdog for 200 seconds at Mon Jun 22 14:45:46 UTC 2020
6 ms. Memory: 51200K Free: 32105K (63%)
ptolemy.util.test.WatchDog.cancel(): canceling Mon Jun 22 14:45:46 UTC 2020
auto.tcl: Setting watchdog for 200 seconds at Mon Jun 22 14:45:46 UTC 2020
8 ms. Memory: 51200K Free: 30959K (60%)
ptolemy.util.test.WatchDog.cancel(): canceling Mon Jun 22 14:45:46 UTC 2020
------------------ testing $PTII/ptolemy/domains/de/test/auto/CausalityInterface3.xml
auto.tcl: Setting watchdog for 200 seconds at Mon Jun 22 14:45:46 UTC 2020
8 ms. Memory: 51200K Free: 31551K (62%)
ptolemy.util.test.WatchDog.cancel(): canceling Mon Jun 22 14:45:46 UTC 2020
auto.tcl: Setting watchdog for 200 seconds at Mon Jun 22 14:45:46 UTC 2020
3 ms. Memory: 51200K Free: 30815K (60%)
ptolemy.util.test.WatchDog.cancel(): canceling Mon Jun 22 14:45:46 UTC 2020
------------------ testing $PTII/ptolemy/domains/de/test/auto/ClockDrift.xml
auto.tcl: Setting watchdog for 200 seconds at Mon Jun 22 14:45:46 UTC 2020
55 ms. Memory: 51200K Free: 24166K (47%)
ptolemy.util.test.WatchDog.cancel(): canceling Mon Jun 22 14:45:46 UTC 2020
auto.tcl: Setting watchdog for 200 seconds at Mon Jun 22 14:45:46 UTC 2020
47 ms. Memory: 51200K Free: 21152K (41%)
ptolemy.util.test.WatchDog.cancel(): canceling Mon Jun 22 14:45:46 UTC 2020
------------------ testing $PTII/ptolemy/domains/de/test/auto/ClockDriftAndValueChange.xml
auto.tcl: Setting watchdog for 200 seconds at Mon Jun 22 14:45:46 UTC 2020
41 ms. Memory: 51200K Free: 24256K (47%)
ptolemy.util.test.WatchDog.cancel(): canceling Mon Jun 22 14:45:47 UTC 2020
auto.tcl: Setting watchdog for 200 seconds at Mon Jun 22 14:45:47 UTC 2020
31 ms. Memory: 51200K Free: 21432K (42%)
ptolemy.util.test.WatchDog.cancel(): canceling Mon Jun 22 14:45:47 UTC 2020
------------------ testing $PTII/ptolemy/domains/de/test/auto/ClockDriftChange.xml
auto.tcl: Setting watchdog for 200 seconds at Mon Jun 22 14:45:47 UTC 2020
24 ms. Memory: 51200K Free: 26056K (51%)
ptolemy.util.test.WatchDog.cancel(): canceling Mon Jun 22 14:45:47 UTC 2020
auto.tcl: Setting watchdog for 200 seconds at Mon Jun 22 14:45:47 UTC 2020
27 ms. Memory: 51200K Free: 23477K (46%)
ptolemy.util.test.WatchDog.cancel(): canceling Mon Jun 22 14:45:47 UTC 2020
------------------ testing $PTII/ptolemy/domains/de/test/auto/ComposableCausalityAnalysis.xml
auto.tcl: Setting watchdog for 200 seconds at Mon Jun 22 14:45:47 UTC 2020
1 ms. Memory: 51200K Free: 30915K (60%)
ptolemy.util.test.WatchDog.cancel(): canceling Mon Jun 22 14:45:47 UTC 2020
auto.tcl: Setting watchdog for 200 seconds at Mon Jun 22 14:45:47 UTC 2020
2 ms. Memory: 51200K Free: 29854K (58%)
ptolemy.util.test.WatchDog.cancel(): canceling Mon Jun 22 14:45:47 UTC 2020
------------------ testing $PTII/ptolemy/domains/de/test/auto/DEFixedPointLimitation.xml
auto.tcl: Setting watchdog for 200 seconds at Mon Jun 22 14:45:47 UTC 2020
2 ms. Memory: 51200K Free: 32239K (63%)
ptolemy.util.test.WatchDog.cancel(): canceling Mon Jun 22 14:45:47 UTC 2020
auto.tcl: Setting watchdog for 200 seconds at Mon Jun 22 14:45:47 UTC 2020
2 ms. Memory: 51200K Free: 31336K (61%)
ptolemy.util.test.WatchDog.cancel(): canceling Mon Jun 22 14:45:47 UTC 2020
------------------ testing $PTII/ptolemy/domains/de/test/auto/DEScheduleTest.xml
auto.tcl: Setting watchdog for 200 seconds at Mon Jun 22 14:45:47 UTC 2020
9 ms. Memory: 51200K Free: 32588K (64%)
ptolemy.util.test.WatchDog.cancel(): canceling Mon Jun 22 14:45:47 UTC 2020
auto.tcl: Setting watchdog for 200 seconds at Mon Jun 22 14:45:47 UTC 2020
3 ms. Memory: 51200K Free: 31822K (62%)
ptolemy.util.test.WatchDog.cancel(): canceling Mon Jun 22 14:45:47 UTC 2020
------------------ testing $PTII/ptolemy/domains/de/test/auto/DEinDEwithStartTimes.xml
auto.tcl: Setting watchdog for 200 seconds at Mon Jun 22 14:45:47 UTC 2020
3 ms. Memory: 51200K Free: 30749K (60%)
ptolemy.util.test.WatchDog.cancel(): canceling Mon Jun 22 14:45:47 UTC 2020
auto.tcl: Setting watchdog for 200 seconds at Mon Jun 22 14:45:47 UTC 2020
3 ms. Memory: 51200K Free: 29725K (58%)
ptolemy.util.test.WatchDog.cancel(): canceling Mon Jun 22 14:45:47 UTC 2020
------------------ testing $PTII/ptolemy/domains/de/test/auto/DEinDEwithStartTimes2.xml
auto.tcl: Setting watchdog for 200 seconds at Mon Jun 22 14:45:47 UTC 2020
4 ms. Memory: 51200K Free: 29911K (58%)
ptolemy.util.test.WatchDog.cancel(): canceling Mon Jun 22 14:45:47 UTC 2020
auto.tcl: Setting watchdog for 200 seconds at Mon Jun 22 14:45:47 UTC 2020
4 ms. Memory: 51200K Free: 28680K (56%)
ptolemy.util.test.WatchDog.cancel(): canceling Mon Jun 22 14:45:47 UTC 2020
------------------ testing $PTII/ptolemy/domains/de/test/auto/DateDemo.xml
auto.tcl: Setting watchdog for 200 seconds at Mon Jun 22 14:45:47 UTC 2020
21 ms. Memory: 51200K Free: 24045K (47%)
ptolemy.util.test.WatchDog.cancel(): canceling Mon Jun 22 14:45:47 UTC 2020
auto.tcl: Setting watchdog for 200 seconds at Mon Jun 22 14:45:47 UTC 2020
7 ms. Memory: 51200K Free: 22512K (44%)
ptolemy.util.test.WatchDog.cancel(): canceling Mon Jun 22 14:45:47 UTC 2020
------------------ testing $PTII/ptolemy/domains/de/test/auto/DateToEvent.xml
auto.tcl: Setting watchdog for 200 seconds at Mon Jun 22 14:45:47 UTC 2020
2012 ms. Memory: 51200K Free: 19728K (39%)
ptolemy.util.test.WatchDog.cancel(): canceling Mon Jun 22 14:45:49 UTC 2020
auto.tcl: Setting watchdog for 200 seconds at Mon Jun 22 14:45:49 UTC 2020
2006 ms. Memory: 51200K Free: 19319K (38%)
ptolemy.util.test.WatchDog.cancel(): canceling Mon Jun 22 14:45:51 UTC 2020
------------------ testing $PTII/ptolemy/domains/de/test/auto/DepthTest1.xml
auto.tcl: Setting watchdog for 200 seconds at Mon Jun 22 14:45:51 UTC 2020
3 ms. Memory: 51200K Free: 33458K (65%)
ptolemy.util.test.WatchDog.cancel(): canceling Mon Jun 22 14:45:51 UTC 2020
auto.tcl: Setting watchdog for 200 seconds at Mon Jun 22 14:45:51 UTC 2020
2 ms. Memory: 51200K Free: 32966K (64%)
ptolemy.util.test.WatchDog.cancel(): canceling Mon Jun 22 14:45:51 UTC 2020
------------------ testing $PTII/ptolemy/domains/de/test/auto/DepthTest2.xml
auto.tcl: Setting watchdog for 200 seconds at Mon Jun 22 14:45:51 UTC 2020
4 ms. Memory: 51200K Free: 30201K (59%)
ptolemy.util.test.WatchDog.cancel(): canceling Mon Jun 22 14:45:52 UTC 2020
auto.tcl: Setting watchdog for 200 seconds at Mon Jun 22 14:45:52 UTC 2020
2 ms. Memory: 51200K Free: 29786K (58%)
ptolemy.util.test.WatchDog.cancel(): canceling Mon Jun 22 14:45:52 UTC 2020
------------------ testing $PTII/ptolemy/domains/de/test/auto/DepthTest3.xml
auto.tcl: Setting watchdog for 200 seconds at Mon Jun 22 14:45:52 UTC 2020
4 ms. Memory: 51200K Free: 33730K (66%)
ptolemy.util.test.WatchDog.cancel(): canceling Mon Jun 22 14:45:52 UTC 2020
auto.tcl: Setting watchdog for 200 seconds at Mon Jun 22 14:45:52 UTC 2020
1 ms. Memory: 51200K Free: 33263K (65%)
ptolemy.util.test.WatchDog.cancel(): canceling Mon Jun 22 14:45:52 UTC 2020
------------------ testing $PTII/ptolemy/domains/de/test/auto/DepthTest4.xml
auto.tcl: Setting watchdog for 200 seconds at Mon Jun 22 14:45:52 UTC 2020
12 ms. Memory: 51200K Free: 31968K (62%)
ptolemy.util.test.WatchDog.cancel(): canceling Mon Jun 22 14:45:52 UTC 2020
auto.tcl: Setting watchdog for 200 seconds at Mon Jun 22 14:45:52 UTC 2020
2 ms. Memory: 51200K Free: 31306K (61%)
ptolemy.util.test.WatchDog.cancel(): canceling Mon Jun 22 14:45:52 UTC 2020
------------------ testing $PTII/ptolemy/domains/de/test/auto/DepthTest5.xml
auto.tcl: Setting watchdog for 200 seconds at Mon Jun 22 14:45:52 UTC 2020
6 ms. Memory: 51200K Free: 31442K (61%)
ptolemy.util.test.WatchDog.cancel(): canceling Mon Jun 22 14:45:52 UTC 2020
auto.tcl: Setting watchdog for 200 seconds at Mon Jun 22 14:45:52 UTC 2020
2 ms. Memory: 51200K Free: 30681K (60%)
ptolemy.util.test.WatchDog.cancel(): canceling Mon Jun 22 14:45:52 UTC 2020
------------------ testing $PTII/ptolemy/domains/de/test/auto/DepthTest6.xml
auto.tcl: Setting watchdog for 200 seconds at Mon Jun 22 14:45:52 UTC 2020
6 ms. Memory: 51200K Free: 30912K (60%)
ptolemy.util.test.WatchDog.cancel(): canceling Mon Jun 22 14:45:52 UTC 2020
auto.tcl: Setting watchdog for 200 seconds at Mon Jun 22 14:45:52 UTC 2020
3 ms. Memory: 51200K Free: 30202K (59%)
ptolemy.util.test.WatchDog.cancel(): canceling Mon Jun 22 14:45:52 UTC 2020
------------------ testing $PTII/ptolemy/domains/de/test/auto/DepthTest7.xml
auto.tcl: Setting watchdog for 200 seconds at Mon Jun 22 14:45:52 UTC 2020
8 ms. Memory: 51200K Free: 31680K (62%)
ptolemy.util.test.WatchDog.cancel(): canceling Mon Jun 22 14:45:52 UTC 2020
auto.tcl: Setting watchdog for 200 seconds at Mon Jun 22 14:45:52 UTC 2020
2 ms. Memory: 51200K Free: 30829K (60%)
ptolemy.util.test.WatchDog.cancel(): canceling Mon Jun 22 14:45:52 UTC 2020
------------------ testing $PTII/ptolemy/domains/de/test/auto/EventToDate.xml
auto.tcl: Setting watchdog for 200 seconds at Mon Jun 22 14:45:52 UTC 2020
3009 ms. Memory: 51200K Free: 22723K (44%)
ptolemy.util.test.WatchDog.cancel(): canceling Mon Jun 22 14:45:55 UTC 2020
auto.tcl: Setting watchdog for 200 seconds at Mon Jun 22 14:45:55 UTC 2020
3004 ms. Memory: 51200K Free: 22035K (43%)
ptolemy.util.test.WatchDog.cancel(): canceling Mon Jun 22 14:45:58 UTC 2020
------------------ testing $PTII/ptolemy/domains/de/test/auto/FSM1.xml
auto.tcl: Setting watchdog for 200 seconds at Mon Jun 22 14:45:58 UTC 2020
41 ms. Memory: 51200K Free: 23975K (47%)
ptolemy.util.test.WatchDog.cancel(): canceling Mon Jun 22 14:45:58 UTC 2020
auto.tcl: Setting watchdog for 200 seconds at Mon Jun 22 14:45:58 UTC 2020
27 ms. Memory: 51200K Free: 20696K (40%)
ptolemy.util.test.WatchDog.cancel(): canceling Mon Jun 22 14:45:58 UTC 2020
------------------ testing $PTII/ptolemy/domains/de/test/auto/FSM7.xml
auto.tcl: Setting watchdog for 200 seconds at Mon Jun 22 14:45:58 UTC 2020
23 ms. Memory: 51200K Free: 23615K (46%)
ptolemy.util.test.WatchDog.cancel(): canceling Mon Jun 22 14:45:58 UTC 2020
auto.tcl: Setting watchdog for 200 seconds at Mon Jun 22 14:45:58 UTC 2020
15 ms. Memory: 51200K Free: 20485K (40%)
ptolemy.util.test.WatchDog.cancel(): canceling Mon Jun 22 14:45:58 UTC 2020
------------------ testing $PTII/ptolemy/domains/de/test/auto/Inspection.xml
auto.tcl: Setting watchdog for 200 seconds at Mon Jun 22 14:45:58 UTC 2020
31 ms. Memory: 51200K Free: 23469K (46%)
ptolemy.util.test.WatchDog.cancel(): canceling Mon Jun 22 14:45:58 UTC 2020
auto.tcl: Setting watchdog for 200 seconds at Mon Jun 22 14:45:58 UTC 2020
30 ms. Memory: 51200K Free: 21759K (42%)
ptolemy.util.test.WatchDog.cancel(): canceling Mon Jun 22 14:45:58 UTC 2020
------------------ testing $PTII/ptolemy/domains/de/test/auto/Iteration.xml
auto.tcl: Setting watchdog for 200 seconds at Mon Jun 22 14:45:58 UTC 2020
7 ms. Memory: 51200K Free: 28984K (57%)
ptolemy.util.test.WatchDog.cancel(): canceling Mon Jun 22 14:45:59 UTC 2020
auto.tcl: Setting watchdog for 200 seconds at Mon Jun 22 14:45:59 UTC 2020
5 ms. Memory: 51200K Free: 27797K (54%)
ptolemy.util.test.WatchDog.cancel(): canceling Mon Jun 22 14:45:59 UTC 2020
------------------ testing $PTII/ptolemy/domains/de/test/auto/LineFault.xml
auto.tcl: Setting watchdog for 200 seconds at Mon Jun 22 14:45:59 UTC 2020
578 ms. Memory: 61440K Free: 28520K (46%)
ptolemy.util.test.WatchDog.cancel(): canceling Mon Jun 22 14:45:59 UTC 2020
auto.tcl: Setting watchdog for 200 seconds at Mon Jun 22 14:45:59 UTC 2020
567 ms. Memory: 61440K Free: 30473K (50%)
ptolemy.util.test.WatchDog.cancel(): canceling Mon Jun 22 14:46:00 UTC 2020
------------------ testing $PTII/ptolemy/domains/de/test/auto/MergeModel1Add.xml
auto.tcl: Setting watchdog for 200 seconds at Mon Jun 22 14:46:00 UTC 2020
24 ms. Memory: 58368K Free: 22354K (38%)
ptolemy.util.test.WatchDog.cancel(): canceling Mon Jun 22 14:46:00 UTC 2020
auto.tcl: Setting watchdog for 200 seconds at Mon Jun 22 14:46:00 UTC 2020
11 ms. Memory: 58368K Free: 20704K (35%)
ptolemy.util.test.WatchDog.cancel(): canceling Mon Jun 22 14:46:00 UTC 2020
------------------ testing $PTII/ptolemy/domains/de/test/auto/MergeModel2Add.xml
auto.tcl: Setting watchdog for 200 seconds at Mon Jun 22 14:46:00 UTC 2020
8 ms. Memory: 55296K Free: 21323K (39%)
ptolemy.util.test.WatchDog.cancel(): canceling Mon Jun 22 14:46:00 UTC 2020
auto.tcl: Setting watchdog for 200 seconds at Mon Jun 22 14:46:00 UTC 2020
7 ms. Memory: 55296K Free: 19374K (35%)
ptolemy.util.test.WatchDog.cancel(): canceling Mon Jun 22 14:46:00 UTC 2020
------------------ testing $PTII/ptolemy/domains/de/test/auto/MergeModel3Add.xml
auto.tcl: Setting watchdog for 200 seconds at Mon Jun 22 14:46:00 UTC 2020
7 ms. Memory: 55296K Free: 21302K (39%)
ptolemy.util.test.WatchDog.cancel(): canceling Mon Jun 22 14:46:00 UTC 2020
auto.tcl: Setting watchdog for 200 seconds at Mon Jun 22 14:46:00 UTC 2020
7 ms. Memory: 55296K Free: 19897K (36%)
ptolemy.util.test.WatchDog.cancel(): canceling Mon Jun 22 14:46:00 UTC 2020
------------------ testing $PTII/ptolemy/domains/de/test/auto/MergeWithoutDiscard.xml
auto.tcl: Setting watchdog for 200 seconds at Mon Jun 22 14:46:00 UTC 2020
3 ms. Memory: 51200K Free: 32146K (63%)
ptolemy.util.test.WatchDog.cancel(): canceling Mon Jun 22 14:46:00 UTC 2020
auto.tcl: Setting watchdog for 200 seconds at Mon Jun 22 14:46:00 UTC 2020
2 ms. Memory: 51200K Free: 31668K (62%)
ptolemy.util.test.WatchDog.cancel(): canceling Mon Jun 22 14:46:00 UTC 2020
------------------ testing $PTII/ptolemy/domains/de/test/auto/Modal1.xml
auto.tcl: Setting watchdog for 200 seconds at Mon Jun 22 14:46:00 UTC 2020
23 ms. Memory: 51200K Free: 23736K (46%)
ptolemy.util.test.WatchDog.cancel(): canceling Mon Jun 22 14:46:01 UTC 2020
auto.tcl: Setting watchdog for 200 seconds at Mon Jun 22 14:46:01 UTC 2020
22 ms. Memory: 51200K Free: 20209K (39%)
ptolemy.util.test.WatchDog.cancel(): canceling Mon Jun 22 14:46:01 UTC 2020
------------------ testing $PTII/ptolemy/domains/de/test/auto/Modal2.xml
auto.tcl: Setting watchdog for 200 seconds at Mon Jun 22 14:46:01 UTC 2020
11 ms. Memory: 51200K Free: 23584K (46%)
ptolemy.util.test.WatchDog.cancel(): canceling Mon Jun 22 14:46:01 UTC 2020
auto.tcl: Setting watchdog for 200 seconds at Mon Jun 22 14:46:01 UTC 2020
10 ms. Memory: 51200K Free: 20616K (40%)
ptolemy.util.test.WatchDog.cancel(): canceling Mon Jun 22 14:46:01 UTC 2020
------------------ testing $PTII/ptolemy/domains/de/test/auto/Modal3.xml
auto.tcl: Setting watchdog for 200 seconds at Mon Jun 22 14:46:01 UTC 2020
14 ms. Memory: 51200K Free: 23841K (47%)
ptolemy.util.test.WatchDog.cancel(): canceling Mon Jun 22 14:46:01 UTC 2020
auto.tcl: Setting watchdog for 200 seconds at Mon Jun 22 14:46:01 UTC 2020
15 ms. Memory: 51200K Free: 20609K (40%)
ptolemy.util.test.WatchDog.cancel(): canceling Mon Jun 22 14:46:01 UTC 2020
------------------ testing $PTII/ptolemy/domains/de/test/auto/Modal4.xml
auto.tcl: Setting watchdog for 200 seconds at Mon Jun 22 14:46:01 UTC 2020
31 ms. Memory: 51200K Free: 22820K (45%)
ptolemy.util.test.WatchDog.cancel(): canceling Mon Jun 22 14:46:01 UTC 2020
auto.tcl: Setting watchdog for 200 seconds at Mon Jun 22 14:46:01 UTC 2020
18 ms. Memory: 51200K Free: 19116K (37%)
ptolemy.util.test.WatchDog.cancel(): canceling Mon Jun 22 14:46:01 UTC 2020
------------------ testing $PTII/ptolemy/domains/de/test/auto/Modal5.xml
auto.tcl: Setting watchdog for 200 seconds at Mon Jun 22 14:46:01 UTC 2020
17 ms. Memory: 51200K Free: 22791K (45%)
ptolemy.util.test.WatchDog.cancel(): canceling Mon Jun 22 14:46:01 UTC 2020
auto.tcl: Setting watchdog for 200 seconds at Mon Jun 22 14:46:01 UTC 2020
16 ms. Memory: 51200K Free: 19003K (37%)
ptolemy.util.test.WatchDog.cancel(): canceling Mon Jun 22 14:46:01 UTC 2020
------------------ testing $PTII/ptolemy/domains/de/test/auto/Modal6.xml
auto.tcl: Setting watchdog for 200 seconds at Mon Jun 22 14:46:01 UTC 2020
16 ms. Memory: 51200K Free: 23564K (46%)
ptolemy.util.test.WatchDog.cancel(): canceling Mon Jun 22 14:46:01 UTC 2020
auto.tcl: Setting watchdog for 200 seconds at Mon Jun 22 14:46:01 UTC 2020
17 ms. Memory: 51200K Free: 19604K (38%)
ptolemy.util.test.WatchDog.cancel(): canceling Mon Jun 22 14:46:01 UTC 2020
------------------ testing $PTII/ptolemy/domains/de/test/auto/Modal7.xml
auto.tcl: Setting watchdog for 200 seconds at Mon Jun 22 14:46:01 UTC 2020
15 ms. Memory: 51200K Free: 22803K (45%)
ptolemy.util.test.WatchDog.cancel(): canceling Mon Jun 22 14:46:01 UTC 2020
auto.tcl: Setting watchdog for 200 seconds at Mon Jun 22 14:46:01 UTC 2020
13 ms. Memory: 51200K Free: 19169K (37%)
ptolemy.util.test.WatchDog.cancel(): canceling Mon Jun 22 14:46:01 UTC 2020
------------------ testing $PTII/ptolemy/domains/de/test/auto/ModalModel.xml
auto.tcl: Setting watchdog for 200 seconds at Mon Jun 22 14:46:01 UTC 2020
193 ms. Memory: 61440K Free: 28376K (46%)
ptolemy.util.test.WatchDog.cancel(): canceling Mon Jun 22 14:46:01 UTC 2020
auto.tcl: Setting watchdog for 200 seconds at Mon Jun 22 14:46:01 UTC 2020
171 ms. Memory: 61440K Free: 30916K (50%)
ptolemy.util.test.WatchDog.cancel(): canceling Mon Jun 22 14:46:02 UTC 2020
------------------ testing $PTII/ptolemy/domains/de/test/auto/ModalSource.xml
auto.tcl: Setting watchdog for 200 seconds at Mon Jun 22 14:46:02 UTC 2020
10 ms. Memory: 55296K Free: 31772K (57%)
ptolemy.util.test.WatchDog.cancel(): canceling Mon Jun 22 14:46:02 UTC 2020
auto.tcl: Setting watchdog for 200 seconds at Mon Jun 22 14:46:02 UTC 2020
6 ms. Memory: 55296K Free: 29724K (54%)
ptolemy.util.test.WatchDog.cancel(): canceling Mon Jun 22 14:46:02 UTC 2020
------------------ testing $PTII/ptolemy/domains/de/test/auto/NonInterruptibleTimerZeroDelay.xml
auto.tcl: Setting watchdog for 200 seconds at Mon Jun 22 14:46:02 UTC 2020
3 ms. Memory: 51200K Free: 32803K (64%)
ptolemy.util.test.WatchDog.cancel(): canceling Mon Jun 22 14:46:02 UTC 2020
auto.tcl: Setting watchdog for 200 seconds at Mon Jun 22 14:46:02 UTC 2020
3 ms. Memory: 51200K Free: 31961K (62%)
ptolemy.util.test.WatchDog.cancel(): canceling Mon Jun 22 14:46:02 UTC 2020
------------------ testing $PTII/ptolemy/domains/de/test/auto/OpenQueueingNetwork.xml
auto.tcl: Setting watchdog for 200 seconds at Mon Jun 22 14:46:02 UTC 2020
2822 ms. Memory: 108544K Free: 45619K (42%)
ptolemy.util.test.WatchDog.cancel(): canceling Mon Jun 22 14:46:05 UTC 2020
auto.tcl: Setting watchdog for 200 seconds at Mon Jun 22 14:46:05 UTC 2020
2305 ms. Memory: 131072K Free: 92001K (70%)
ptolemy.util.test.WatchDog.cancel(): canceling Mon Jun 22 14:46:07 UTC 2020
------------------ testing $PTII/ptolemy/domains/de/test/auto/OpenQueuingNetwork.xml
auto.tcl: Setting watchdog for 200 seconds at Mon Jun 22 14:46:07 UTC 2020
272 ms. Memory: 58368K Free: 31829K (55%)
ptolemy.util.test.WatchDog.cancel(): canceling Mon Jun 22 14:46:08 UTC 2020
auto.tcl: Setting watchdog for 200 seconds at Mon Jun 22 14:46:08 UTC 2020
341 ms. Memory: 70656K Free: 25026K (35%)
ptolemy.util.test.WatchDog.cancel(): canceling Mon Jun 22 14:46:08 UTC 2020
------------------ testing $PTII/ptolemy/domains/de/test/auto/PeriodicSampler.xml
auto.tcl: Setting watchdog for 200 seconds at Mon Jun 22 14:46:08 UTC 2020
3 ms. Memory: 55296K Free: 35906K (65%)
ptolemy.util.test.WatchDog.cancel(): canceling Mon Jun 22 14:46:08 UTC 2020
auto.tcl: Setting watchdog for 200 seconds at Mon Jun 22 14:46:08 UTC 2020
2 ms. Memory: 55296K Free: 35386K (64%)
ptolemy.util.test.WatchDog.cancel(): canceling Mon Jun 22 14:46:08 UTC 2020
------------------ testing $PTII/ptolemy/domains/de/test/auto/PersistentIO.xml
auto.tcl: Setting watchdog for 200 seconds at Mon Jun 22 14:46:08 UTC 2020
6 ms. Memory: 51200K Free: 26735K (52%)
ptolemy.util.test.WatchDog.cancel(): canceling Mon Jun 22 14:46:08 UTC 2020
auto.tcl: Setting watchdog for 200 seconds at Mon Jun 22 14:46:08 UTC 2020
5 ms. Memory: 51200K Free: 25215K (49%)
ptolemy.util.test.WatchDog.cancel(): canceling Mon Jun 22 14:46:08 UTC 2020
------------------ testing $PTII/ptolemy/domains/de/test/auto/PortParameterResetOnInitialize.xml
auto.tcl: Setting watchdog for 200 seconds at Mon Jun 22 14:46:08 UTC 2020
7 ms. Memory: 51200K Free: 31731K (62%)
ptolemy.util.test.WatchDog.cancel(): canceling Mon Jun 22 14:46:08 UTC 2020
auto.tcl: Setting watchdog for 200 seconds at Mon Jun 22 14:46:08 UTC 2020
3 ms. Memory: 51200K Free: 31223K (61%)
ptolemy.util.test.WatchDog.cancel(): canceling Mon Jun 22 14:46:08 UTC 2020
------------------ testing $PTII/ptolemy/domains/de/test/auto/PortParameterUpdates.xml
auto.tcl: Setting watchdog for 200 seconds at Mon Jun 22 14:46:08 UTC 2020
4 ms. Memory: 51200K Free: 29803K (58%)
ptolemy.util.test.WatchDog.cancel(): canceling Mon Jun 22 14:46:08 UTC 2020
auto.tcl: Setting watchdog for 200 seconds at Mon Jun 22 14:46:08 UTC 2020
3 ms. Memory: 51200K Free: 28779K (56%)
ptolemy.util.test.WatchDog.cancel(): canceling Mon Jun 22 14:46:08 UTC 2020
------------------ testing $PTII/ptolemy/domains/de/test/auto/QueueAndServer.xml
auto.tcl: Setting watchdog for 200 seconds at Mon Jun 22 14:46:08 UTC 2020
15 ms. Memory: 51200K Free: 28972K (57%)
ptolemy.util.test.WatchDog.cancel(): canceling Mon Jun 22 14:46:08 UTC 2020
auto.tcl: Setting watchdog for 200 seconds at Mon Jun 22 14:46:08 UTC 2020
8 ms. Memory: 51200K Free: 27224K (53%)
ptolemy.util.test.WatchDog.cancel(): canceling Mon Jun 22 14:46:08 UTC 2020
------------------ testing $PTII/ptolemy/domains/de/test/auto/Records.xml
auto.tcl: Setting watchdog for 200 seconds at Mon Jun 22 14:46:08 UTC 2020
4 ms. Memory: 51200K Free: 30972K (60%)
ptolemy.util.test.WatchDog.cancel(): canceling Mon Jun 22 14:46:08 UTC 2020
auto.tcl: Setting watchdog for 200 seconds at Mon Jun 22 14:46:08 UTC 2020
2 ms. Memory: 51200K Free: 30460K (59%)
ptolemy.util.test.WatchDog.cancel(): canceling Mon Jun 22 14:46:08 UTC 2020
------------------ testing $PTII/ptolemy/domains/de/test/auto/ResetTransitionWithStartTime1.xml
auto.tcl: Setting watchdog for 200 seconds at Mon Jun 22 14:46:08 UTC 2020
7 ms. Memory: 51200K Free: 28219K (55%)
ptolemy.util.test.WatchDog.cancel(): canceling Mon Jun 22 14:46:08 UTC 2020
auto.tcl: Setting watchdog for 200 seconds at Mon Jun 22 14:46:08 UTC 2020
7 ms. Memory: 51200K Free: 26175K (51%)
ptolemy.util.test.WatchDog.cancel(): canceling Mon Jun 22 14:46:08 UTC 2020
------------------ testing $PTII/ptolemy/domains/de/test/auto/ResetTransitionWithStartTime2.xml
auto.tcl: Setting watchdog for 200 seconds at Mon Jun 22 14:46:08 UTC 2020
6 ms. Memory: 51200K Free: 28174K (55%)
ptolemy.util.test.WatchDog.cancel(): canceling Mon Jun 22 14:46:08 UTC 2020
auto.tcl: Setting watchdog for 200 seconds at Mon Jun 22 14:46:08 UTC 2020
8 ms. Memory: 51200K Free: 25622K (50%)
ptolemy.util.test.WatchDog.cancel(): canceling Mon Jun 22 14:46:08 UTC 2020
------------------ testing $PTII/ptolemy/domains/de/test/auto/ResetTransitionWithStartTime3.xml
auto.tcl: Setting watchdog for 200 seconds at Mon Jun 22 14:46:09 UTC 2020
10 ms. Memory: 51200K Free: 28174K (55%)
ptolemy.util.test.WatchDog.cancel(): canceling Mon Jun 22 14:46:09 UTC 2020
auto.tcl: Setting watchdog for 200 seconds at Mon Jun 22 14:46:09 UTC 2020
6 ms. Memory: 51200K Free: 26126K (51%)
ptolemy.util.test.WatchDog.cancel(): canceling Mon Jun 22 14:46:09 UTC 2020
------------------ testing $PTII/ptolemy/domains/de/test/auto/ResetTransitionWithStartTime4.xml
auto.tcl: Setting watchdog for 200 seconds at Mon Jun 22 14:46:09 UTC 2020
7 ms. Memory: 51200K Free: 28618K (56%)
ptolemy.util.test.WatchDog.cancel(): canceling Mon Jun 22 14:46:09 UTC 2020
auto.tcl: Setting watchdog for 200 seconds at Mon Jun 22 14:46:09 UTC 2020
5 ms. Memory: 51200K Free: 27148K (53%)
ptolemy.util.test.WatchDog.cancel(): canceling Mon Jun 22 14:46:09 UTC 2020
------------------ testing $PTII/ptolemy/domains/de/test/auto/ResettableTimer1.xml
auto.tcl: Setting watchdog for 200 seconds at Mon Jun 22 14:46:09 UTC 2020
3 ms. Memory: 51200K Free: 32388K (63%)
ptolemy.util.test.WatchDog.cancel(): canceling Mon Jun 22 14:46:09 UTC 2020
auto.tcl: Setting watchdog for 200 seconds at Mon Jun 22 14:46:09 UTC 2020
2 ms. Memory: 51200K Free: 31708K (62%)
ptolemy.util.test.WatchDog.cancel(): canceling Mon Jun 22 14:46:09 UTC 2020
------------------ testing $PTII/ptolemy/domains/de/test/auto/ResettableTimer2.xml
auto.tcl: Setting watchdog for 200 seconds at Mon Jun 22 14:46:09 UTC 2020
4 ms. Memory: 51200K Free: 32444K (63%)
ptolemy.util.test.WatchDog.cancel(): canceling Mon Jun 22 14:46:09 UTC 2020
auto.tcl: Setting watchdog for 200 seconds at Mon Jun 22 14:46:09 UTC 2020
2 ms. Memory: 51200K Free: 31802K (62%)
ptolemy.util.test.WatchDog.cancel(): canceling Mon Jun 22 14:46:09 UTC 2020
------------------ testing $PTII/ptolemy/domains/de/test/auto/ResettableTimer3.xml
auto.tcl: Setting watchdog for 200 seconds at Mon Jun 22 14:46:09 UTC 2020
1 ms. Memory: 51200K Free: 32306K (63%)
ptolemy.util.test.WatchDog.cancel(): canceling Mon Jun 22 14:46:09 UTC 2020
auto.tcl: Setting watchdog for 200 seconds at Mon Jun 22 14:46:09 UTC 2020
1 ms. Memory: 51200K Free: 32306K (63%)
ptolemy.util.test.WatchDog.cancel(): canceling Mon Jun 22 14:46:09 UTC 2020
------------------ testing $PTII/ptolemy/domains/de/test/auto/ResettableTimer4.xml
auto.tcl: Setting watchdog for 200 seconds at Mon Jun 22 14:46:09 UTC 2020
1 ms. Memory: 51200K Free: 32319K (63%)
ptolemy.util.test.WatchDog.cancel(): canceling Mon Jun 22 14:46:09 UTC 2020
auto.tcl: Setting watchdog for 200 seconds at Mon Jun 22 14:46:09 UTC 2020
1 ms. Memory: 51200K Free: 31805K (62%)
ptolemy.util.test.WatchDog.cancel(): canceling Mon Jun 22 14:46:09 UTC 2020
------------------ testing $PTII/ptolemy/domains/de/test/auto/ResettableTimer5.xml
auto.tcl: Setting watchdog for 200 seconds at Mon Jun 22 14:46:09 UTC 2020
1 ms. Memory: 51200K Free: 31803K (62%)
ptolemy.util.test.WatchDog.cancel(): canceling Mon Jun 22 14:46:09 UTC 2020
auto.tcl: Setting watchdog for 200 seconds at Mon Jun 22 14:46:09 UTC 2020
1 ms. Memory: 51200K Free: 31293K (61%)
ptolemy.util.test.WatchDog.cancel(): canceling Mon Jun 22 14:46:09 UTC 2020
------------------ testing $PTII/ptolemy/domains/de/test/auto/ResettableTimer6.xml
auto.tcl: Setting watchdog for 200 seconds at Mon Jun 22 14:46:09 UTC 2020
2 ms. Memory: 51200K Free: 31794K (62%)
ptolemy.util.test.WatchDog.cancel(): canceling Mon Jun 22 14:46:09 UTC 2020
auto.tcl: Setting watchdog for 200 seconds at Mon Jun 22 14:46:09 UTC 2020
1 ms. Memory: 51200K Free: 31284K (61%)
ptolemy.util.test.WatchDog.cancel(): canceling Mon Jun 22 14:46:09 UTC 2020
------------------ testing $PTII/ptolemy/domains/de/test/auto/ServerZeroDelay.xml
auto.tcl: Setting watchdog for 200 seconds at Mon Jun 22 14:46:09 UTC 2020
4 ms. Memory: 51200K Free: 32299K (63%)
ptolemy.util.test.WatchDog.cancel(): canceling Mon Jun 22 14:46:09 UTC 2020
auto.tcl: Setting watchdog for 200 seconds at Mon Jun 22 14:46:09 UTC 2020
3 ms. Memory: 51200K Free: 31275K (61%)
ptolemy.util.test.WatchDog.cancel(): canceling Mon Jun 22 14:46:09 UTC 2020
------------------ testing $PTII/ptolemy/domains/de/test/auto/SmartSender.xml
auto.tcl: Setting watchdog for 200 seconds at Mon Jun 22 14:46:09 UTC 2020
3001 ms. Memory: 51200K Free: 32294K (63%)
ptolemy.util.test.WatchDog.cancel(): canceling Mon Jun 22 14:46:12 UTC 2020
auto.tcl: Setting watchdog for 200 seconds at Mon Jun 22 14:46:12 UTC 2020
3003 ms. Memory: 51200K Free: 31789K (62%)
ptolemy.util.test.WatchDog.cancel(): canceling Mon Jun 22 14:46:15 UTC 2020
------------------ testing $PTII/ptolemy/domains/de/test/auto/ThreadedComposite.xml
auto.tcl: Setting watchdog for 200 seconds at Mon Jun 22 14:46:15 UTC 2020
286 ms. Memory: 51200K Free: 9266K (18%)
ptolemy.util.test.WatchDog.cancel(): canceling Mon Jun 22 14:46:15 UTC 2020
auto.tcl: Setting watchdog for 200 seconds at Mon Jun 22 14:46:15 UTC 2020
309 ms. Memory: 51200K Free: 10335K (20%)
ptolemy.util.test.WatchDog.cancel(): canceling Mon Jun 22 14:46:16 UTC 2020
------------------ testing $PTII/ptolemy/domains/de/test/auto/Time.xml
auto.tcl: Setting watchdog for 200 seconds at Mon Jun 22 14:46:16 UTC 2020
451 ms. Memory: 51200K Free: 9612K (19%)
ptolemy.util.test.WatchDog.cancel(): canceling Mon Jun 22 14:46:16 UTC 2020
auto.tcl: Setting watchdog for 200 seconds at Mon Jun 22 14:46:16 UTC 2020
401 ms. Memory: 51200K Free: 13879K (27%)
ptolemy.util.test.WatchDog.cancel(): canceling Mon Jun 22 14:46:17 UTC 2020
------------------ testing $PTII/ptolemy/domains/de/test/auto/TimeDelayZeroDelay.xml
auto.tcl: Setting watchdog for 200 seconds at Mon Jun 22 14:46:17 UTC 2020
4 ms. Memory: 51200K Free: 32704K (64%)
ptolemy.util.test.WatchDog.cancel(): canceling Mon Jun 22 14:46:17 UTC 2020
auto.tcl: Setting watchdog for 200 seconds at Mon Jun 22 14:46:17 UTC 2020
2 ms. Memory: 51200K Free: 31811K (62%)
ptolemy.util.test.WatchDog.cancel(): canceling Mon Jun 22 14:46:17 UTC 2020
------------------ testing $PTII/ptolemy/domains/de/test/auto/TimerZeroDelay.xml
auto.tcl: Setting watchdog for 200 seconds at Mon Jun 22 14:46:17 UTC 2020
4 ms. Memory: 51200K Free: 32672K (64%)
ptolemy.util.test.WatchDog.cancel(): canceling Mon Jun 22 14:46:17 UTC 2020
auto.tcl: Setting watchdog for 200 seconds at Mon Jun 22 14:46:17 UTC 2020
2 ms. Memory: 51200K Free: 31853K (62%)
ptolemy.util.test.WatchDog.cancel(): canceling Mon Jun 22 14:46:17 UTC 2020
------------------ testing $PTII/ptolemy/domains/de/test/auto/TimingParadox.xml
auto.tcl: Setting watchdog for 200 seconds at Mon Jun 22 14:46:17 UTC 2020
316 ms. Memory: 51200K Free: 21945K (43%)
ptolemy.util.test.WatchDog.cancel(): canceling Mon Jun 22 14:46:17 UTC 2020
auto.tcl: Setting watchdog for 200 seconds at Mon Jun 22 14:46:17 UTC 2020
292 ms. Memory: 51200K Free: 13338K (26%)
ptolemy.util.test.WatchDog.cancel(): canceling Mon Jun 22 14:46:18 UTC 2020
------------------ testing $PTII/ptolemy/domains/de/test/auto/TransferInputs.xml
auto.tcl: Setting watchdog for 200 seconds at Mon Jun 22 14:46:18 UTC 2020
2 ms. Memory: 51200K Free: 30748K (60%)
ptolemy.util.test.WatchDog.cancel(): canceling Mon Jun 22 14:46:18 UTC 2020
auto.tcl: Setting watchdog for 200 seconds at Mon Jun 22 14:46:18 UTC 2020
2 ms. Memory: 51200K Free: 29838K (58%)
ptolemy.util.test.WatchDog.cancel(): canceling Mon Jun 22 14:46:18 UTC 2020
------------------ testing $PTII/ptolemy/domains/de/test/auto/TransferOutputs2.xml
auto.tcl: Setting watchdog for 200 seconds at Mon Jun 22 14:46:18 UTC 2020
3 ms. Memory: 51200K Free: 28177K (55%)
ptolemy.util.test.WatchDog.cancel(): canceling Mon Jun 22 14:46:18 UTC 2020
auto.tcl: Setting watchdog for 200 seconds at Mon Jun 22 14:46:18 UTC 2020
3 ms. Memory: 51200K Free: 26752K (52%)
ptolemy.util.test.WatchDog.cancel(): canceling Mon Jun 22 14:46:18 UTC 2020
------------------ testing $PTII/ptolemy/domains/de/test/auto/Trilateration.xml
auto.tcl: Setting watchdog for 200 seconds at Mon Jun 22 14:46:18 UTC 2020
12449 ms. Memory: 573440K Free: 402811K (70%)
ptolemy.util.test.WatchDog.cancel(): canceling Mon Jun 22 14:46:31 UTC 2020
auto.tcl: Setting watchdog for 200 seconds at Mon Jun 22 14:46:31 UTC 2020
9130 ms. Memory: 573440K Free: 502698K (88%)
ptolemy.util.test.WatchDog.cancel(): canceling Mon Jun 22 14:46:41 UTC 2020
------------------ testing $PTII/ptolemy/domains/de/test/auto/TwoSigmaDelta.xml
auto.tcl: Setting watchdog for 200 seconds at Mon Jun 22 14:46:41 UTC 2020
2473 ms. Memory: 92160K Free: 22250K (24%)
ptolemy.util.test.WatchDog.cancel(): canceling Mon Jun 22 14:46:43 UTC 2020
auto.tcl: Setting watchdog for 200 seconds at Mon Jun 22 14:46:43 UTC 2020
1727 ms. Memory: 92160K Free: 24836K (27%)
ptolemy.util.test.WatchDog.cancel(): canceling Mon Jun 22 14:46:45 UTC 2020
------------------ testing $PTII/ptolemy/domains/de/test/auto/VariableDelay.xml
auto.tcl: Setting watchdog for 200 seconds at Mon Jun 22 14:46:45 UTC 2020
2 ms. Memory: 55296K Free: 35307K (64%)
ptolemy.util.test.WatchDog.cancel(): canceling Mon Jun 22 14:46:45 UTC 2020
auto.tcl: Setting watchdog for 200 seconds at Mon Jun 22 14:46:45 UTC 2020
1 ms. Memory: 55296K Free: 34313K (62%)
ptolemy.util.test.WatchDog.cancel(): canceling Mon Jun 22 14:46:45 UTC 2020
------------------ testing $PTII/ptolemy/domains/de/test/auto/VariableDelay2.xml
auto.tcl: Setting watchdog for 200 seconds at Mon Jun 22 14:46:45 UTC 2020
2 ms. Memory: 51200K Free: 31825K (62%)
ptolemy.util.test.WatchDog.cancel(): canceling Mon Jun 22 14:46:45 UTC 2020
auto.tcl: Setting watchdog for 200 seconds at Mon Jun 22 14:46:45 UTC 2020
2 ms. Memory: 51200K Free: 31313K (61%)
ptolemy.util.test.WatchDog.cancel(): canceling Mon Jun 22 14:46:45 UTC 2020
------------------ testing $PTII/ptolemy/domains/de/test/auto/VariableDelayZeroDelay.xml
auto.tcl: Setting watchdog for 200 seconds at Mon Jun 22 14:46:45 UTC 2020
2 ms. Memory: 51200K Free: 32153K (63%)
ptolemy.util.test.WatchDog.cancel(): canceling Mon Jun 22 14:46:45 UTC 2020
auto.tcl: Setting watchdog for 200 seconds at Mon Jun 22 14:46:45 UTC 2020
2 ms. Memory: 51200K Free: 31621K (62%)
ptolemy.util.test.WatchDog.cancel(): canceling Mon Jun 22 14:46:45 UTC 2020
------------------ testing $PTII/ptolemy/domains/de/test/auto/VariableDelayZeroDelay2.xml
auto.tcl: Setting watchdog for 200 seconds at Mon Jun 22 14:46:45 UTC 2020
2 ms. Memory: 51200K Free: 32152K (63%)
ptolemy.util.test.WatchDog.cancel(): canceling Mon Jun 22 14:46:45 UTC 2020
auto.tcl: Setting watchdog for 200 seconds at Mon Jun 22 14:46:45 UTC 2020
4 ms. Memory: 51200K Free: 31132K (61%)
ptolemy.util.test.WatchDog.cancel(): canceling Mon Jun 22 14:46:45 UTC 2020
------------------ testing $PTII/ptolemy/domains/de/test/auto/deInCt.xml
auto.tcl: Setting watchdog for 200 seconds at Mon Jun 22 14:46:45 UTC 2020
0
1
1
1
0
0
0
1
1
0
0
0
1
1
1
0
0
1
1
1
1
0
0
0
1
1
1
0
0
0
1
1
1
1
0
0
0
1
1
1
0
0
0
1
1
1
1
14 ms. Memory: 51200K Free: 31126K (61%)
ptolemy.util.test.WatchDog.cancel(): canceling Mon Jun 22 14:46:45 UTC 2020
auto.tcl: Setting watchdog for 200 seconds at Mon Jun 22 14:46:45 UTC 2020
0
1
1
1
0
0
0
1
1
1
0
0
0
1
1
1
1
1
0
0
0
1
1
1
0
0
0
1
1
1
0
0
1
1
1
1
0
0
0
0
1
1
1
1
12 ms. Memory: 51200K Free: 29585K (58%)
ptolemy.util.test.WatchDog.cancel(): canceling Mon Jun 22 14:46:45 UTC 2020
------------------ testing $PTII/ptolemy/domains/de/test/auto/deInCt2.xml
auto.tcl: Setting watchdog for 200 seconds at Mon Jun 22 14:46:45 UTC 2020
0
1
1
1
0
0
1
1
1
0
0
1
1
1
0
0
1
1
1
0
0
1
1
1
0
0
1
1
1
0
0
1
1
1
0
0
1
1
1
0
0
0
10 ms. Memory: 51200K Free: 31128K (61%)
ptolemy.util.test.WatchDog.cancel(): canceling Mon Jun 22 14:46:45 UTC 2020
auto.tcl: Setting watchdog for 200 seconds at Mon Jun 22 14:46:45 UTC 2020
0
1
1
1
0
0
1
1
1
0
0
1
1
1
0
0
1
1
1
0
0
1
1
1
0
0
1
1
1
0
0
1
1
1
0
0
1
1
1
0
0
0
9 ms. Memory: 51200K Free: 29601K (58%)
ptolemy.util.test.WatchDog.cancel(): canceling Mon Jun 22 14:46:45 UTC 2020
------------------ testing $PTII/ptolemy/domains/de/test/auto/dynamicCausalityInterface1.xml
auto.tcl: Setting watchdog for 200 seconds at Mon Jun 22 14:46:45 UTC 2020
2 ms. Memory: 51200K Free: 27026K (53%)
ptolemy.util.test.WatchDog.cancel(): canceling Mon Jun 22 14:46:45 UTC 2020
auto.tcl: Setting watchdog for 200 seconds at Mon Jun 22 14:46:45 UTC 2020
1 ms. Memory: 51200K Free: 26523K (52%)
ptolemy.util.test.WatchDog.cancel(): canceling Mon Jun 22 14:46:45 UTC 2020
------------------ testing $PTII/ptolemy/domains/de/test/auto/fsm_de_test.xml
auto.tcl: Setting watchdog for 200 seconds at Mon Jun 22 14:46:46 UTC 2020
9 ms. Memory: 51200K Free: 26925K (53%)
ptolemy.util.test.WatchDog.cancel(): canceling Mon Jun 22 14:46:46 UTC 2020
auto.tcl: Setting watchdog for 200 seconds at Mon Jun 22 14:46:46 UTC 2020
9 ms. Memory: 51200K Free: 24877K (49%)
ptolemy.util.test.WatchDog.cancel(): canceling Mon Jun 22 14:46:46 UTC 2020
------------------ testing $PTII/ptolemy/domains/de/test/auto/functionDependencyReconstruction.xml
auto.tcl: Setting watchdog for 200 seconds at Mon Jun 22 14:46:46 UTC 2020
3 ms. Memory: 51200K Free: 20771K (41%)
ptolemy.util.test.WatchDog.cancel(): canceling Mon Jun 22 14:46:46 UTC 2020
auto.tcl: Setting watchdog for 200 seconds at Mon Jun 22 14:46:46 UTC 2020
3 ms. Memory: 51200K Free: 18723K (37%)
ptolemy.util.test.WatchDog.cancel(): canceling Mon Jun 22 14:46:46 UTC 2020
------------------ testing $PTII/ptolemy/domains/de/test/auto/multirate.xml
auto.tcl: Setting watchdog for 200 seconds at Mon Jun 22 14:46:46 UTC 2020
4 ms. Memory: 51200K Free: 29550K (58%)
ptolemy.util.test.WatchDog.cancel(): canceling Mon Jun 22 14:46:46 UTC 2020
auto.tcl: Setting watchdog for 200 seconds at Mon Jun 22 14:46:46 UTC 2020
3 ms. Memory: 51200K Free: 27820K (54%)
ptolemy.util.test.WatchDog.cancel(): canceling Mon Jun 22 14:46:46 UTC 2020
------------------ testing $PTII/ptolemy/domains/de/test/auto/multirate2.xml
auto.tcl: Setting watchdog for 200 seconds at Mon Jun 22 14:46:46 UTC 2020
3 ms. Memory: 51200K Free: 29521K (58%)
ptolemy.util.test.WatchDog.cancel(): canceling Mon Jun 22 14:46:46 UTC 2020
auto.tcl: Setting watchdog for 200 seconds at Mon Jun 22 14:46:46 UTC 2020
3 ms. Memory: 51200K Free: 28001K (55%)
ptolemy.util.test.WatchDog.cancel(): canceling Mon Jun 22 14:46:46 UTC 2020
------------------ testing $PTII/ptolemy/domains/de/test/auto/realtime.xml
auto.tcl: Setting watchdog for 200 seconds at Mon Jun 22 14:46:46 UTC 2020
10001 ms. Memory: 51200K Free: 31800K (62%)
ptolemy.util.test.WatchDog.cancel(): canceling Mon Jun 22 14:46:56 UTC 2020
auto.tcl: Setting watchdog for 200 seconds at Mon Jun 22 14:46:56 UTC 2020
10002 ms. Memory: 51200K Free: 31072K (61%)
ptolemy.util.test.WatchDog.cancel(): canceling Mon Jun 22 14:47:06 UTC 2020
------------------ testing $PTII/ptolemy/domains/de/test/auto/relationGroup.xml
auto.tcl: Setting watchdog for 200 seconds at Mon Jun 22 14:47:06 UTC 2020
8 ms. Memory: 51200K Free: 32887K (64%)
ptolemy.util.test.WatchDog.cancel(): canceling Mon Jun 22 14:47:06 UTC 2020
auto.tcl: Setting watchdog for 200 seconds at Mon Jun 22 14:47:06 UTC 2020
2 ms. Memory: 51200K Free: 32151K (63%)
ptolemy.util.test.WatchDog.cancel(): canceling Mon Jun 22 14:47:06 UTC 2020
------------------ testing $PTII/ptolemy/domains/de/test/auto/relationGroup2.xml
auto.tcl: Setting watchdog for 200 seconds at Mon Jun 22 14:47:06 UTC 2020
2 ms. Memory: 51200K Free: 32687K (64%)
ptolemy.util.test.WatchDog.cancel(): canceling Mon Jun 22 14:47:06 UTC 2020
auto.tcl: Setting watchdog for 200 seconds at Mon Jun 22 14:47:06 UTC 2020
2 ms. Memory: 51200K Free: 32191K (63%)
ptolemy.util.test.WatchDog.cancel(): canceling Mon Jun 22 14:47:06 UTC 2020
------------------ testing $PTII/ptolemy/domains/de/test/auto/sortWithOpaquePorts.xml
auto.tcl: Setting watchdog for 200 seconds at Mon Jun 22 14:47:06 UTC 2020
2 ms. Memory: 51200K Free: 31650K (62%)
ptolemy.util.test.WatchDog.cancel(): canceling Mon Jun 22 14:47:06 UTC 2020
auto.tcl: Setting watchdog for 200 seconds at Mon Jun 22 14:47:06 UTC 2020
2 ms. Memory: 51200K Free: 30625K (60%)
ptolemy.util.test.WatchDog.cancel(): canceling Mon Jun 22 14:47:06 UTC 2020
------------------ testing $PTII/ptolemy/domains/de/test/auto/transferInputsandOutputs.xml
auto.tcl: Setting watchdog for 200 seconds at Mon Jun 22 14:47:06 UTC 2020
6 ms. Memory: 51200K Free: 29094K (57%)
ptolemy.util.test.WatchDog.cancel(): canceling Mon Jun 22 14:47:06 UTC 2020
auto.tcl: Setting watchdog for 200 seconds at Mon Jun 22 14:47:06 UTC 2020
2 ms. Memory: 51200K Free: 28070K (55%)
ptolemy.util.test.WatchDog.cancel(): canceling Mon Jun 22 14:47:06 UTC 2020
------------------ testing $PTII/ptolemy/domains/de/test/auto/triggerType.xml
auto.tcl: Setting watchdog for 200 seconds at Mon Jun 22 14:47:06 UTC 2020
2 ms. Memory: 51200K Free: 32119K (63%)
ptolemy.util.test.WatchDog.cancel(): canceling Mon Jun 22 14:47:06 UTC 2020
auto.tcl: Setting watchdog for 200 seconds at Mon Jun 22 14:47:06 UTC 2020
2 ms. Memory: 51200K Free: 31095K (61%)
ptolemy.util.test.WatchDog.cancel(): canceling Mon Jun 22 14:47:06 UTC 2020
06/22/20 02:47:06
Failed: 0  Total Tests: 192  ((Passed: 187, Newly Passed: 1)  Known Failed: 5) /home/travis/build/icyphy/ptII/ptolemy/domains/de/test
06/22/20 02:47:06
Failed: 0  Total Tests: 192  ((Passed: 187, Newly Passed: 1)  Known Failed: 5) /home/travis/build/icyphy/ptII/ptolemy/domains/de/test
----------------- testing (KnownFailure) /home/travis/build/icyphy/ptII/ptolemy/domains/de/test/auto/knownFailedTests/DESDFClockTest.xml
2011 ms. Memory: 51200K Free: 25514K (50%)
Known Failure: java.lang.reflect.InvocationTargetException
----------------- testing (KnownFailure) /home/travis/build/icyphy/ptII/ptolemy/domains/de/test/auto/knownFailedTests/DirectFeedback.xml
2 ms. Memory: 51200K Free: 21932K (43%)
Known Failure: java.lang.reflect.InvocationTargetException
----------------- testing (KnownFailure) /home/travis/build/icyphy/ptII/ptolemy/domains/de/test/auto/knownFailedTests/FSMSource.xml
11 ms. Memory: 51200K Free: 14220K (28%)
----------------- testing (KnownFailure) /home/travis/build/icyphy/ptII/ptolemy/domains/de/test/auto/knownFailedTests/HierarchicalModel.xml
3 ms. Memory: 51200K Free: 27277K (53%)
Known Failure: java.lang.reflect.InvocationTargetException
----------------- testing (KnownFailure) /home/travis/build/icyphy/ptII/ptolemy/domains/de/test/auto/knownFailedTests/dependencyLoop.xml
3 ms. Memory: 51200K Free: 12310K (24%)
Known Failure: java.lang.reflect.InvocationTargetException
----------------- testing (KnownFailure) /home/travis/build/icyphy/ptII/ptolemy/domains/de/test/auto/knownFailedTests/dependencyLoop2.xml
8 ms. Memory: 51200K Free: 25951K (51%)
Known Failure: java.lang.reflect.InvocationTargetException
No auto/linux-amd64/*.xml tests in /home/travis/build/icyphy/ptII/ptolemy/domains/de/test
AutoTests.java: About to close Vertx.
AutoTests.java: Vertx closed.

===========================================================================================
----------------- testing Mon Jun 22 14:47:09 UTC 2020 /home/travis/build/icyphy/ptII/ptolemy/domains/de/test/auto/ActorDepthCalculation_actorWithoutPorts.xml
----------------- Instantiating /home/travis/build/icyphy/ptII/ptolemy/domains/de/test/auto/ActorDepthCalculation_actorWithoutPorts.xml
2 ms. Memory: 51200K Free: 19069K (37%)
----------------- Invoking toplevel() on ptolemy.moml.MoMLSimpleApplication@48b7befa
----------------- Done invoking toplevel() on ptolemy.moml.MoMLSimpleApplication@48b7befa
reloadAllAccessors: .ActorDepthCalculation_actorWithoutPorts

===========================================================================================
----------------- testing Mon Jun 22 14:47:09 UTC 2020 /home/travis/build/icyphy/ptII/ptolemy/domains/de/test/auto/AssemblyLine.xml
----------------- Instantiating /home/travis/build/icyphy/ptII/ptolemy/domains/de/test/auto/AssemblyLine.xml
3 ms. Memory: 51200K Free: 12228K (24%)
----------------- Invoking toplevel() on ptolemy.moml.MoMLSimpleApplication@4107fd67
----------------- Done invoking toplevel() on ptolemy.moml.MoMLSimpleApplication@4107fd67
reloadAllAccessors: .AssemblyLine

===========================================================================================
----------------- testing Mon Jun 22 14:47:09 UTC 2020 /home/travis/build/icyphy/ptII/ptolemy/domains/de/test/auto/CQBug1.xml
----------------- Instantiating /home/travis/build/icyphy/ptII/ptolemy/domains/de/test/auto/CQBug1.xml
1 ms. Memory: 51200K Free: 9310K (18%)
----------------- Invoking toplevel() on ptolemy.moml.MoMLSimpleApplication@cc9b475
----------------- Done invoking toplevel() on ptolemy.moml.MoMLSimpleApplication@cc9b475
reloadAllAccessors: .CQBug1

===========================================================================================
----------------- testing Mon Jun 22 14:47:09 UTC 2020 /home/travis/build/icyphy/ptII/ptolemy/domains/de/test/auto/CancelFireAt.xml
----------------- Instantiating /home/travis/build/icyphy/ptII/ptolemy/domains/de/test/auto/CancelFireAt.xml
7 ms. Memory: 51200K Free: 35734K (70%)
----------------- Invoking toplevel() on ptolemy.moml.MoMLSimpleApplication@7a5c0c3
----------------- Done invoking toplevel() on ptolemy.moml.MoMLSimpleApplication@7a5c0c3
reloadAllAccessors: .CancelFireAt

===========================================================================================
----------------- testing Mon Jun 22 14:47:09 UTC 2020 /home/travis/build/icyphy/ptII/ptolemy/domains/de/test/auto/CausalityAndComposabilityAnalysis.xml
----------------- Instantiating /home/travis/build/icyphy/ptII/ptolemy/domains/de/test/auto/CausalityAndComposabilityAnalysis.xml
2 ms. Memory: 51200K Free: 31354K (61%)
----------------- Invoking toplevel() on ptolemy.moml.MoMLSimpleApplication@37ee15d8
----------------- Done invoking toplevel() on ptolemy.moml.MoMLSimpleApplication@37ee15d8
reloadAllAccessors: .CausalityAndComposabilityAnalysis

===========================================================================================
----------------- testing Mon Jun 22 14:47:09 UTC 2020 /home/travis/build/icyphy/ptII/ptolemy/domains/de/test/auto/CausalityInterface1.xml
----------------- Instantiating /home/travis/build/icyphy/ptII/ptolemy/domains/de/test/auto/CausalityInterface1.xml
6 ms. Memory: 51200K Free: 26425K (52%)
----------------- Invoking toplevel() on ptolemy.moml.MoMLSimpleApplication@4c74df0
----------------- Done invoking toplevel() on ptolemy.moml.MoMLSimpleApplication@4c74df0
reloadAllAccessors: .CausalityInterface1

===========================================================================================
----------------- testing Mon Jun 22 14:47:09 UTC 2020 /home/travis/build/icyphy/ptII/ptolemy/domains/de/test/auto/CausalityInterface15.xml
----------------- Instantiating /home/travis/build/icyphy/ptII/ptolemy/domains/de/test/auto/CausalityInterface15.xml
2 ms. Memory: 51200K Free: 21036K (41%)
----------------- Invoking toplevel() on ptolemy.moml.MoMLSimpleApplication@48d819ef
----------------- Done invoking toplevel() on ptolemy.moml.MoMLSimpleApplication@48d819ef
reloadAllAccessors: .CausalityInterface15

===========================================================================================
----------------- testing Mon Jun 22 14:47:09 UTC 2020 /home/travis/build/icyphy/ptII/ptolemy/domains/de/test/auto/CausalityInterface2.xml
----------------- Instantiating /home/travis/build/icyphy/ptII/ptolemy/domains/de/test/auto/CausalityInterface2.xml
1 ms. Memory: 51200K Free: 16377K (32%)
[...]
	at ptolemy.actor.Manager.run(Manager.java:1263)
	at ptolemy.actor.Manager$PtolemyRunThread.run(Manager.java:1933)
java.lang.RuntimeException: Execution failed
	at ptolemy.moml.MoMLSimpleApplication$UnloadThread.run(MoMLSimpleApplication.java:402)
Caused by: ptolemy.kernel.util.IllegalActionException: Actor is not ready to fire.  Perhaps UpSample.prefire() returned false? Try debugging the actor by selecting "Listen to Actor".  Also, for SDF check moml for tokenConsumptionRate on input.
  in .DESDFClockTest.Play Bell.Copy1:SDF Director and .DESDFClockTest.Play Bell.UpSample
	at ptolemy.actor.sched.StaticSchedulingDirector.fire(StaticSchedulingDirector.java:227)
	at ptolemy.domains.sdf.kernel.SDFDirector.fire(SDFDirector.java:500)
	at ptolemy.actor.CompositeActor.fire(CompositeActor.java:455)
	at ptolemy.domains.de.kernel.DEDirector._fire(DEDirector.java:1949)
	at ptolemy.domains.de.kernel.DEDirector.fire(DEDirector.java:502)
	at ptolemy.actor.CompositeActor.fire(CompositeActor.java:455)
	at ptolemy.actor.Manager.iterate(Manager.java:851)
	at ptolemy.actor.Manager.execute(Manager.java:369)
	at ptolemy.actor.Manager.run(Manager.java:1263)
	at ptolemy.actor.Manager$PtolemyRunThread.run(Manager.java:1933)
java.lang.reflect.InvocationTargetException
	at java.base/jdk.internal.reflect.NativeConstructorAccessorImpl.newInstance0(Native Method)
	at java.base/jdk.internal.reflect.NativeConstructorAccessorImpl.newInstance(NativeConstructorAccessorImpl.java:62)
	at java.base/jdk.internal.reflect.DelegatingConstructorAccessorImpl.newInstance(DelegatingConstructorAccessorImpl.java:45)
	at java.base/java.lang.reflect.Constructor.newInstance(Constructor.java:490)
	at ptolemy.util.test.junit.AutoKnownFailedTests.RunModel(AutoKnownFailedTests.java:105)
	at java.base/jdk.internal.reflect.NativeMethodAccessorImpl.invoke0(Native Method)
	at java.base/jdk.internal.reflect.NativeMethodAccessorImpl.invoke(NativeMethodAccessorImpl.java:62)
	at java.base/jdk.internal.reflect.DelegatingMethodAccessorImpl.invoke(DelegatingMethodAccessorImpl.java:43)
	at java.base/java.lang.reflect.Method.invoke(Method.java:566)
	at org.junit.runners.model.FrameworkMethod$1.runReflectiveCall(FrameworkMethod.java:44)
	at org.junit.internal.runners.model.ReflectiveCallable.run(ReflectiveCallable.java:15)
	at org.junit.runners.model.FrameworkMethod.invokeExplosively(FrameworkMethod.java:41)
	at junitparams.internal.InvokeParameterisedMethod.evaluate(InvokeParameterisedMethod.java:102)
	at org.junit.internal.runners.statements.FailOnTimeout$1.run(FailOnTimeout.java:28)
Caused by: ptolemy.kernel.util.IllegalActionException: Actor is not ready to fire.  Perhaps UpSample.prefire() returned false? Try debugging the actor by selecting "Listen to Actor".  Also, for SDF check moml for tokenConsumptionRate on input.
  in .DESDFClockTest.Play Bell.Copy1:SDF Director and .DESDFClockTest.Play Bell.UpSample
	at ptolemy.actor.sched.StaticSchedulingDirector.fire(StaticSchedulingDirector.java:227)
	at ptolemy.domains.sdf.kernel.SDFDirector.fire(SDFDirector.java:500)
	at ptolemy.actor.CompositeActor.fire(CompositeActor.java:455)
	at ptolemy.domains.de.kernel.DEDirector._fire(DEDirector.java:1949)
	at ptolemy.domains.de.kernel.DEDirector.fire(DEDirector.java:502)
	at ptolemy.actor.CompositeActor.fire(CompositeActor.java:455)
	at ptolemy.actor.Manager.iterate(Manager.java:851)
	at ptolemy.actor.Manager.execute(Manager.java:369)
	at ptolemy.actor.Manager.run(Manager.java:1263)
	at ptolemy.actor.Manager$PtolemyRunThread.run(Manager.java:1933)
java.lang.RuntimeException: Execution failed
	at ptolemy.moml.MoMLSimpleApplication$UnloadThread.run(MoMLSimpleApplication.java:402)
Caused by: ptolemy.kernel.util.IllegalActionException: Test fails in iteration 1.
Value was: 1.0. Should have been: 2.0
  in .DirectFeedback.Test
	at ptolemy.actor.lib.Test.fire(Test.java:268)
	at ptolemy.domains.de.kernel.DEDirector._fire(DEDirector.java:1949)
	at ptolemy.domains.de.kernel.DEDirector.fire(DEDirector.java:502)
	at ptolemy.actor.CompositeActor.fire(CompositeActor.java:455)
	at ptolemy.actor.Manager.iterate(Manager.java:851)
	at ptolemy.actor.Manager.execute(Manager.java:369)
	at ptolemy.actor.Manager.run(Manager.java:1263)
	at ptolemy.actor.Manager$PtolemyRunThread.run(Manager.java:1933)
java.lang.reflect.InvocationTargetException
	at java.base/jdk.internal.reflect.NativeConstructorAccessorImpl.newInstance0(Native Method)
	at java.base/jdk.internal.reflect.NativeConstructorAccessorImpl.newInstance(NativeConstructorAccessorImpl.java:62)
	at java.base/jdk.internal.reflect.DelegatingConstructorAccessorImpl.newInstance(DelegatingConstructorAccessorImpl.java:45)
	at java.base/java.lang.reflect.Constructor.newInstance(Constructor.java:490)
	at ptolemy.util.test.junit.AutoKnownFailedTests.RunModel(AutoKnownFailedTests.java:105)
	at java.base/jdk.internal.reflect.NativeMethodAccessorImpl.invoke0(Native Method)
	at java.base/jdk.internal.reflect.NativeMethodAccessorImpl.invoke(NativeMethodAccessorImpl.java:62)
	at java.base/jdk.internal.reflect.DelegatingMethodAccessorImpl.invoke(DelegatingMethodAccessorImpl.java:43)
	at java.base/java.lang.reflect.Method.invoke(Method.java:566)
	at org.junit.runners.model.FrameworkMethod$1.runReflectiveCall(FrameworkMethod.java:44)
	at org.junit.internal.runners.model.ReflectiveCallable.run(ReflectiveCallable.java:15)
	at org.junit.runners.model.FrameworkMethod.invokeExplosively(FrameworkMethod.java:41)
	at junitparams.internal.InvokeParameterisedMethod.evaluate(InvokeParameterisedMethod.java:102)
	at org.junit.internal.runners.statements.FailOnTimeout$1.run(FailOnTimeout.java:28)
Caused by: ptolemy.kernel.util.IllegalActionException: Test fails in iteration 1.
Value was: 1.0. Should have been: 2.0
  in .DirectFeedback.Test
	at ptolemy.actor.lib.Test.fire(Test.java:268)
	at ptolemy.domains.de.kernel.DEDirector._fire(DEDirector.java:1949)
	at ptolemy.domains.de.kernel.DEDirector.fire(DEDirector.java:502)
	at ptolemy.actor.CompositeActor.fire(CompositeActor.java:455)
	at ptolemy.actor.Manager.iterate(Manager.java:851)
	at ptolemy.actor.Manager.execute(Manager.java:369)
	at ptolemy.actor.Manager.run(Manager.java:1263)
	at ptolemy.actor.Manager$PtolemyRunThread.run(Manager.java:1933)
java.lang.RuntimeException: Execution failed
	at ptolemy.moml.MoMLSimpleApplication$UnloadThread.run(MoMLSimpleApplication.java:402)
Caused by: ptolemy.kernel.util.IllegalActionException: Found a zero delay loop containing .HierarchicalModel.A
  in .HierarchicalModel and .HierarchicalModel.A
	at ptolemy.actor.util.CausalityInterfaceForComposites._computeOutputPortDepth(CausalityInterfaceForComposites.java:759)
	at ptolemy.actor.util.CausalityInterfaceForComposites._computeInputDepth(CausalityInterfaceForComposites.java:696)
	at ptolemy.actor.util.CausalityInterfaceForComposites._computeOutputPortDepth(CausalityInterfaceForComposites.java:765)
	at ptolemy.actor.util.CausalityInterfaceForComposites._computeInputDepth(CausalityInterfaceForComposites.java:696)
	at ptolemy.actor.util.CausalityInterfaceForComposites._computeOutputPortDepth(CausalityInterfaceForComposites.java:765)
	at ptolemy.actor.util.CausalityInterfaceForComposites._computeInputDepth(CausalityInterfaceForComposites.java:696)
	at ptolemy.actor.util.CausalityInterfaceForComposites._computeActorDepth(CausalityInterfaceForComposites.java:532)
	at ptolemy.actor.util.CausalityInterfaceForComposites.checkForCycles(CausalityInterfaceForComposites.java:96)
	at ptolemy.domains.de.kernel.DEDirector.preinitialize(DEDirector.java:1338)
	at ptolemy.actor.CompositeActor.preinitialize(CompositeActor.java:1828)
	at ptolemy.actor.Manager.preinitializeAndResolveTypes(Manager.java:1040)
	at ptolemy.actor.Manager.initialize(Manager.java:710)
	at ptolemy.actor.Manager.execute(Manager.java:356)
	at ptolemy.actor.Manager.run(Manager.java:1263)
	at ptolemy.actor.Manager$PtolemyRunThread.run(Manager.java:1933)
java.lang.reflect.InvocationTargetException
	at java.base/jdk.internal.reflect.NativeConstructorAccessorImpl.newInstance0(Native Method)
	at java.base/jdk.internal.reflect.NativeConstructorAccessorImpl.newInstance(NativeConstructorAccessorImpl.java:62)
	at java.base/jdk.internal.reflect.DelegatingConstructorAccessorImpl.newInstance(DelegatingConstructorAccessorImpl.java:45)
	at java.base/java.lang.reflect.Constructor.newInstance(Constructor.java:490)
	at ptolemy.util.test.junit.AutoKnownFailedTests.RunModel(AutoKnownFailedTests.java:105)
	at java.base/jdk.internal.reflect.NativeMethodAccessorImpl.invoke0(Native Method)
	at java.base/jdk.internal.reflect.NativeMethodAccessorImpl.invoke(NativeMethodAccessorImpl.java:62)
	at java.base/jdk.internal.reflect.DelegatingMethodAccessorImpl.invoke(DelegatingMethodAccessorImpl.java:43)
	at java.base/java.lang.reflect.Method.invoke(Method.java:566)
	at org.junit.runners.model.FrameworkMethod$1.runReflectiveCall(FrameworkMethod.java:44)
	at org.junit.internal.runners.model.ReflectiveCallable.run(ReflectiveCallable.java:15)
	at org.junit.runners.model.FrameworkMethod.invokeExplosively(FrameworkMethod.java:41)
	at junitparams.internal.InvokeParameterisedMethod.evaluate(InvokeParameterisedMethod.java:102)
	at org.junit.internal.runners.statements.FailOnTimeout$1.run(FailOnTimeout.java:28)
Caused by: ptolemy.kernel.util.IllegalActionException: Found a zero delay loop containing .HierarchicalModel.A
  in .HierarchicalModel and .HierarchicalModel.A
	at ptolemy.actor.util.CausalityInterfaceForComposites._computeOutputPortDepth(CausalityInterfaceForComposites.java:759)
	at ptolemy.actor.util.CausalityInterfaceForComposites._computeInputDepth(CausalityInterfaceForComposites.java:696)
	at ptolemy.actor.util.CausalityInterfaceForComposites._computeOutputPortDepth(CausalityInterfaceForComposites.java:765)
	at ptolemy.actor.util.CausalityInterfaceForComposites._computeInputDepth(CausalityInterfaceForComposites.java:696)
	at ptolemy.actor.util.CausalityInterfaceForComposites._computeOutputPortDepth(CausalityInterfaceForComposites.java:765)
	at ptolemy.actor.util.CausalityInterfaceForComposites._computeInputDepth(CausalityInterfaceForComposites.java:696)
	at ptolemy.actor.util.CausalityInterfaceForComposites._computeActorDepth(CausalityInterfaceForComposites.java:532)
	at ptolemy.actor.util.CausalityInterfaceForComposites.checkForCycles(CausalityInterfaceForComposites.java:96)
	at ptolemy.domains.de.kernel.DEDirector.preinitialize(DEDirector.java:1338)
	at ptolemy.actor.CompositeActor.preinitialize(CompositeActor.java:1828)
	at ptolemy.actor.Manager.preinitializeAndResolveTypes(Manager.java:1040)
	at ptolemy.actor.Manager.initialize(Manager.java:710)
	at ptolemy.actor.Manager.execute(Manager.java:356)
	at ptolemy.actor.Manager.run(Manager.java:1263)
	at ptolemy.actor.Manager$PtolemyRunThread.run(Manager.java:1933)
java.lang.RuntimeException: Execution failed
	at ptolemy.moml.MoMLSimpleApplication$UnloadThread.run(MoMLSimpleApplication.java:402)
Caused by: ptolemy.kernel.util.IllegalActionException: Found a zero delay loop containing .dependencyLoop.original
  in .dependencyLoop and .dependencyLoop.original
	at ptolemy.actor.util.CausalityInterfaceForComposites._computeOutputPortDepth(CausalityInterfaceForComposites.java:759)
	at ptolemy.actor.util.CausalityInterfaceForComposites._computeInputDepth(CausalityInterfaceForComposites.java:696)
	at ptolemy.actor.util.CausalityInterfaceForComposites._computeOutputPortDepth(CausalityInterfaceForComposites.java:765)
	at ptolemy.actor.util.CausalityInterfaceForComposites._computeInputDepth(CausalityInterfaceForComposites.java:696)
	at ptolemy.actor.util.CausalityInterfaceForComposites._computeOutputPortDepth(CausalityInterfaceForComposites.java:765)
	at ptolemy.actor.util.CausalityInterfaceForComposites._computeInputDepth(CausalityInterfaceForComposites.java:696)
	at ptolemy.actor.util.CausalityInterfaceForComposites._computeActorDepth(CausalityInterfaceForComposites.java:532)
	at ptolemy.actor.util.CausalityInterfaceForComposites.checkForCycles(CausalityInterfaceForComposites.java:96)
	at ptolemy.domains.de.kernel.DEDirector.preinitialize(DEDirector.java:1338)
	at ptolemy.actor.CompositeActor.preinitialize(CompositeActor.java:1828)
	at ptolemy.actor.Manager.preinitializeAndResolveTypes(Manager.java:1040)
	at ptolemy.actor.Manager.initialize(Manager.java:710)
	at ptolemy.actor.Manager.execute(Manager.java:356)
	at ptolemy.actor.Manager.run(Manager.java:1263)
	at ptolemy.actor.Manager$PtolemyRunThread.run(Manager.java:1933)
java.lang.reflect.InvocationTargetException
	at java.base/jdk.internal.reflect.NativeConstructorAccessorImpl.newInstance0(Native Method)
	at java.base/jdk.internal.reflect.NativeConstructorAccessorImpl.newInstance(NativeConstructorAccessorImpl.java:62)
	at java.base/jdk.internal.reflect.DelegatingConstructorAccessorImpl.newInstance(DelegatingConstructorAccessorImpl.java:45)
	at java.base/java.lang.reflect.Constructor.newInstance(Constructor.java:490)
	at ptolemy.util.test.junit.AutoKnownFailedTests.RunModel(AutoKnownFailedTests.java:105)
	at java.base/jdk.internal.reflect.NativeMethodAccessorImpl.invoke0(Native Method)
	at java.base/jdk.internal.reflect.NativeMethodAccessorImpl.invoke(NativeMethodAccessorImpl.java:62)
	at java.base/jdk.internal.reflect.DelegatingMethodAccessorImpl.invoke(DelegatingMethodAccessorImpl.java:43)
	at java.base/java.lang.reflect.Method.invoke(Method.java:566)
	at org.junit.runners.model.FrameworkMethod$1.runReflectiveCall(FrameworkMethod.java:44)
	at org.junit.internal.runners.model.ReflectiveCallable.run(ReflectiveCallable.java:15)
	at org.junit.runners.model.FrameworkMethod.invokeExplosively(FrameworkMethod.java:41)
	at junitparams.internal.InvokeParameterisedMethod.evaluate(InvokeParameterisedMethod.java:102)
	at org.junit.internal.runners.statements.FailOnTimeout$1.run(FailOnTimeout.java:28)
Caused by: ptolemy.kernel.util.IllegalActionException: Found a zero delay loop containing .dependencyLoop.original
  in .dependencyLoop and .dependencyLoop.original
	at ptolemy.actor.util.CausalityInterfaceForComposites._computeOutputPortDepth(CausalityInterfaceForComposites.java:759)
	at ptolemy.actor.util.CausalityInterfaceForComposites._computeInputDepth(CausalityInterfaceForComposites.java:696)
	at ptolemy.actor.util.CausalityInterfaceForComposites._computeOutputPortDepth(CausalityInterfaceForComposites.java:765)
	at ptolemy.actor.util.CausalityInterfaceForComposites._computeInputDepth(CausalityInterfaceForComposites.java:696)
	at ptolemy.actor.util.CausalityInterfaceForComposites._computeOutputPortDepth(CausalityInterfaceForComposites.java:765)
	at ptolemy.actor.util.CausalityInterfaceForComposites._computeInputDepth(CausalityInterfaceForComposites.java:696)
	at ptolemy.actor.util.CausalityInterfaceForComposites._computeActorDepth(CausalityInterfaceForComposites.java:532)
	at ptolemy.actor.util.CausalityInterfaceForComposites.checkForCycles(CausalityInterfaceForComposites.java:96)
	at ptolemy.domains.de.kernel.DEDirector.preinitialize(DEDirector.java:1338)
	at ptolemy.actor.CompositeActor.preinitialize(CompositeActor.java:1828)
	at ptolemy.actor.Manager.preinitializeAndResolveTypes(Manager.java:1040)
	at ptolemy.actor.Manager.initialize(Manager.java:710)
	at ptolemy.actor.Manager.execute(Manager.java:356)
	at ptolemy.actor.Manager.run(Manager.java:1263)
	at ptolemy.actor.Manager$PtolemyRunThread.run(Manager.java:1933)
java.lang.RuntimeException: Execution failed
	at ptolemy.moml.MoMLSimpleApplication$UnloadThread.run(MoMLSimpleApplication.java:402)
Caused by: ptolemy.kernel.util.IllegalActionException: Found a zero delay loop containing .dependencyLoop2.original
  in .dependencyLoop2 and .dependencyLoop2.original
	at ptolemy.actor.util.CausalityInterfaceForComposites._computeOutputPortDepth(CausalityInterfaceForComposites.java:759)
	at ptolemy.actor.util.CausalityInterfaceForComposites._computeInputDepth(CausalityInterfaceForComposites.java:696)
	at ptolemy.actor.util.CausalityInterfaceForComposites._computeOutputPortDepth(CausalityInterfaceForComposites.java:765)
	at ptolemy.actor.util.CausalityInterfaceForComposites._computeInputDepth(CausalityInterfaceForComposites.java:696)
	at ptolemy.actor.util.CausalityInterfaceForComposites._computeOutputPortDepth(CausalityInterfaceForComposites.java:765)
	at ptolemy.actor.util.CausalityInterfaceForComposites._computeInputDepth(CausalityInterfaceForComposites.java:696)
	at ptolemy.actor.util.CausalityInterfaceForComposites._computeActorDepth(CausalityInterfaceForComposites.java:532)
	at ptolemy.actor.util.CausalityInterfaceForComposites.checkForCycles(CausalityInterfaceForComposites.java:96)
	at ptolemy.domains.de.kernel.DEDirector.preinitialize(DEDirector.java:1338)
	at ptolemy.actor.CompositeActor.preinitialize(CompositeActor.java:1828)
	at ptolemy.actor.Manager.preinitializeAndResolveTypes(Manager.java:1040)
	at ptolemy.actor.Manager.initialize(Manager.java:710)
	at ptolemy.actor.Manager.execute(Manager.java:356)
	at ptolemy.actor.Manager.run(Manager.java:1263)
	at ptolemy.actor.Manager$PtolemyRunThread.run(Manager.java:1933)
java.lang.reflect.InvocationTargetException
	at java.base/jdk.internal.reflect.NativeConstructorAccessorImpl.newInstance0(Native Method)
	at java.base/jdk.internal.reflect.NativeConstructorAccessorImpl.newInstance(NativeConstructorAccessorImpl.java:62)
	at java.base/jdk.internal.reflect.DelegatingConstructorAccessorImpl.newInstance(DelegatingConstructorAccessorImpl.java:45)
	at java.base/java.lang.reflect.Constructor.newInstance(Constructor.java:490)
	at ptolemy.util.test.junit.AutoKnownFailedTests.RunModel(AutoKnownFailedTests.java:105)
	at java.base/jdk.internal.reflect.NativeMethodAccessorImpl.invoke0(Native Method)
	at java.base/jdk.internal.reflect.NativeMethodAccessorImpl.invoke(NativeMethodAccessorImpl.java:62)
	at java.base/jdk.internal.reflect.DelegatingMethodAccessorImpl.invoke(DelegatingMethodAccessorImpl.java:43)
	at java.base/java.lang.reflect.Method.invoke(Method.java:566)
	at org.junit.runners.model.FrameworkMethod$1.runReflectiveCall(FrameworkMethod.java:44)
	at org.junit.internal.runners.model.ReflectiveCallable.run(ReflectiveCallable.java:15)
	at org.junit.runners.model.FrameworkMethod.invokeExplosively(FrameworkMethod.java:41)
	at junitparams.internal.InvokeParameterisedMethod.evaluate(InvokeParameterisedMethod.java:102)
	at org.junit.internal.runners.statements.FailOnTimeout$1.run(FailOnTimeout.java:28)
Caused by: ptolemy.kernel.util.IllegalActionException: Found a zero delay loop containing .dependencyLoop2.original
  in .dependencyLoop2 and .dependencyLoop2.original
	at ptolemy.actor.util.CausalityInterfaceForComposites._computeOutputPortDepth(CausalityInterfaceForComposites.java:759)
	at ptolemy.actor.util.CausalityInterfaceForComposites._computeInputDepth(CausalityInterfaceForComposites.java:696)
	at ptolemy.actor.util.CausalityInterfaceForComposites._computeOutputPortDepth(CausalityInterfaceForComposites.java:765)
	at ptolemy.actor.util.CausalityInterfaceForComposites._computeInputDepth(CausalityInterfaceForComposites.java:696)
	at ptolemy.actor.util.CausalityInterfaceForComposites._computeOutputPortDepth(CausalityInterfaceForComposites.java:765)
	at ptolemy.actor.util.CausalityInterfaceForComposites._computeInputDepth(CausalityInterfaceForComposites.java:696)
	at ptolemy.actor.util.CausalityInterfaceForComposites._computeActorDepth(CausalityInterfaceForComposites.java:532)
	at ptolemy.actor.util.CausalityInterfaceForComposites.checkForCycles(CausalityInterfaceForComposites.java:96)
	at ptolemy.domains.de.kernel.DEDirector.preinitialize(DEDirector.java:1338)
	at ptolemy.actor.CompositeActor.preinitialize(CompositeActor.java:1828)
	at ptolemy.actor.Manager.preinitializeAndResolveTypes(Manager.java:1040)
	at ptolemy.actor.Manager.initialize(Manager.java:710)
	at ptolemy.actor.Manager.execute(Manager.java:356)
	at ptolemy.actor.Manager.run(Manager.java:1263)
	at ptolemy.actor.Manager$PtolemyRunThread.run(Manager.java:1933)
]]></system-err>
</testsuite>
