<?xml version="1.0" encoding="UTF-8" ?>
<testsuite errors="0" failures="0" hostname="travis-job-effafbef-174c-476c-8861-9b1c21361f66" name="ptolemy.domains.de.test.junit.JUnitTclTest" skipped="0" tests="101" time="122.752" timestamp="2020-05-12T14:17:51">
  <properties>
[...]
</properties>
  <testcase classname="ptolemy.util.test.junit.TclTests" name="[0] /home/travis/build/icyphy/ptII/ptolemy/domains/de/test/DependencyLoop.tcl (RunTclFile)" time="1.029" />
  <testcase classname="ptolemy.util.test.junit.TclTests" name="[1] /home/travis/build/icyphy/ptII/ptolemy/domains/de/test/RunDETestsAsQSS.tcl (RunTclFile)" time="82.235" />
  <testcase classname="ptolemy.util.test.junit.AutoKnownFailedTests" name="[0] /home/travis/build/icyphy/ptII/ptolemy/domains/de/test/auto/knownFailedTests/DESDFClockTest.xml (RunModel)" time="2.062" />
  <testcase classname="ptolemy.util.test.junit.AutoKnownFailedTests" name="[1] /home/travis/build/icyphy/ptII/ptolemy/domains/de/test/auto/knownFailedTests/DirectFeedback.xml (RunModel)" time="0.017" />
  <testcase classname="ptolemy.util.test.junit.AutoKnownFailedTests" name="[2] /home/travis/build/icyphy/ptII/ptolemy/domains/de/test/auto/knownFailedTests/FSMSource.xml (RunModel)" time="0.035" />
  <testcase classname="ptolemy.util.test.junit.AutoKnownFailedTests" name="[3] /home/travis/build/icyphy/ptII/ptolemy/domains/de/test/auto/knownFailedTests/HierarchicalModel.xml (RunModel)" time="0.047" />
  <testcase classname="ptolemy.util.test.junit.AutoKnownFailedTests" name="[4] /home/travis/build/icyphy/ptII/ptolemy/domains/de/test/auto/knownFailedTests/dependencyLoop.xml (RunModel)" time="0.046" />
  <testcase classname="ptolemy.util.test.junit.AutoKnownFailedTests" name="[5] /home/travis/build/icyphy/ptII/ptolemy/domains/de/test/auto/knownFailedTests/dependencyLoop2.xml (RunModel)" time="0.051" />
  <testcase classname="ptolemy.util.test.junit.AutoNameArchTests" name="[0] ThereAreNoAutoArchTests (RunModel)" time="0.002" />
  <testcase classname="ptolemy.util.test.junit.AutoTests" name="[0] /home/travis/build/icyphy/ptII/ptolemy/domains/de/test/auto/ActorDepthCalculation_actorWithoutPorts.xml (RunModel)" time="0.022" />
  <testcase classname="ptolemy.util.test.junit.AutoTests" name="[1] /home/travis/build/icyphy/ptII/ptolemy/domains/de/test/auto/AssemblyLine.xml (RunModel)" time="0.024" />
  <testcase classname="ptolemy.util.test.junit.AutoTests" name="[2] /home/travis/build/icyphy/ptII/ptolemy/domains/de/test/auto/CQBug1.xml (RunModel)" time="0.029" />
  <testcase classname="ptolemy.util.test.junit.AutoTests" name="[3] /home/travis/build/icyphy/ptII/ptolemy/domains/de/test/auto/CancelFireAt.xml (RunModel)" time="0.016" />
  <testcase classname="ptolemy.util.test.junit.AutoTests" name="[4] /home/travis/build/icyphy/ptII/ptolemy/domains/de/test/auto/CausalityAndComposabilityAnalysis.xml (RunModel)" time="0.015" />
  <testcase classname="ptolemy.util.test.junit.AutoTests" name="[5] /home/travis/build/icyphy/ptII/ptolemy/domains/de/test/auto/CausalityInterface1.xml (RunModel)" time="0.018" />
  <testcase classname="ptolemy.util.test.junit.AutoTests" name="[6] /home/travis/build/icyphy/ptII/ptolemy/domains/de/test/auto/CausalityInterface15.xml (RunModel)" time="0.019" />
  <testcase classname="ptolemy.util.test.junit.AutoTests" name="[7] /home/travis/build/icyphy/ptII/ptolemy/domains/de/test/auto/CausalityInterface2.xml (RunModel)" time="0.017" />
  <testcase classname="ptolemy.util.test.junit.AutoTests" name="[8] /home/travis/build/icyphy/ptII/ptolemy/domains/de/test/auto/CausalityInterface3.xml (RunModel)" time="0.013" />
  <testcase classname="ptolemy.util.test.junit.AutoTests" name="[9] /home/travis/build/icyphy/ptII/ptolemy/domains/de/test/auto/ClockDrift.xml (RunModel)" time="0.038" />
  <testcase classname="ptolemy.util.test.junit.AutoTests" name="[10] /home/travis/build/icyphy/ptII/ptolemy/domains/de/test/auto/ClockDriftAndValueChange.xml (RunModel)" time="0.032" />
  <testcase classname="ptolemy.util.test.junit.AutoTests" name="[11] /home/travis/build/icyphy/ptII/ptolemy/domains/de/test/auto/ClockDriftChange.xml (RunModel)" time="0.034" />
  <testcase classname="ptolemy.util.test.junit.AutoTests" name="[12] /home/travis/build/icyphy/ptII/ptolemy/domains/de/test/auto/ComposableCausalityAnalysis.xml (RunModel)" time="0.019" />
  <testcase classname="ptolemy.util.test.junit.AutoTests" name="[13] /home/travis/build/icyphy/ptII/ptolemy/domains/de/test/auto/DEFixedPointLimitation.xml (RunModel)" time="0.01" />
  <testcase classname="ptolemy.util.test.junit.AutoTests" name="[14] /home/travis/build/icyphy/ptII/ptolemy/domains/de/test/auto/DEScheduleTest.xml (RunModel)" time="0.015" />
  <testcase classname="ptolemy.util.test.junit.AutoTests" name="[15] /home/travis/build/icyphy/ptII/ptolemy/domains/de/test/auto/DEinDEwithStartTimes.xml (RunModel)" time="0.016" />
  <testcase classname="ptolemy.util.test.junit.AutoTests" name="[16] /home/travis/build/icyphy/ptII/ptolemy/domains/de/test/auto/DEinDEwithStartTimes2.xml (RunModel)" time="0.024" />
  <testcase classname="ptolemy.util.test.junit.AutoTests" name="[17] /home/travis/build/icyphy/ptII/ptolemy/domains/de/test/auto/DateDemo.xml (RunModel)" time="0.033" />
  <testcase classname="ptolemy.util.test.junit.AutoTests" name="[18] /home/travis/build/icyphy/ptII/ptolemy/domains/de/test/auto/DateToEvent.xml (RunModel)" time="2.045" />
  <testcase classname="ptolemy.util.test.junit.AutoTests" name="[19] /home/travis/build/icyphy/ptII/ptolemy/domains/de/test/auto/DepthTest1.xml (RunModel)" time="0.013" />
  <testcase classname="ptolemy.util.test.junit.AutoTests" name="[20] /home/travis/build/icyphy/ptII/ptolemy/domains/de/test/auto/DepthTest2.xml (RunModel)" time="0.021" />
  <testcase classname="ptolemy.util.test.junit.AutoTests" name="[21] /home/travis/build/icyphy/ptII/ptolemy/domains/de/test/auto/DepthTest3.xml (RunModel)" time="0.011" />
  <testcase classname="ptolemy.util.test.junit.AutoTests" name="[22] /home/travis/build/icyphy/ptII/ptolemy/domains/de/test/auto/DepthTest4.xml (RunModel)" time="0.02" />
  <testcase classname="ptolemy.util.test.junit.AutoTests" name="[23] /home/travis/build/icyphy/ptII/ptolemy/domains/de/test/auto/DepthTest5.xml (RunModel)" time="0.014" />
  <testcase classname="ptolemy.util.test.junit.AutoTests" name="[24] /home/travis/build/icyphy/ptII/ptolemy/domains/de/test/auto/DepthTest6.xml (RunModel)" time="0.015" />
  <testcase classname="ptolemy.util.test.junit.AutoTests" name="[25] /home/travis/build/icyphy/ptII/ptolemy/domains/de/test/auto/DepthTest7.xml (RunModel)" time="0.012" />
  <testcase classname="ptolemy.util.test.junit.AutoTests" name="[26] /home/travis/build/icyphy/ptII/ptolemy/domains/de/test/auto/EventToDate.xml (RunModel)" time="3.043" />
  <testcase classname="ptolemy.util.test.junit.AutoTests" name="[27] /home/travis/build/icyphy/ptII/ptolemy/domains/de/test/auto/FSM1.xml (RunModel)" time="0.035" />
  <testcase classname="ptolemy.util.test.junit.AutoTests" name="[28] /home/travis/build/icyphy/ptII/ptolemy/domains/de/test/auto/FSM7.xml (RunModel)" time="0.042" />
  <testcase classname="ptolemy.util.test.junit.AutoTests" name="[29] /home/travis/build/icyphy/ptII/ptolemy/domains/de/test/auto/Inspection.xml (RunModel)" time="0.044" />
  <testcase classname="ptolemy.util.test.junit.AutoTests" name="[30] /home/travis/build/icyphy/ptII/ptolemy/domains/de/test/auto/Iteration.xml (RunModel)" time="0.031" />
  <testcase classname="ptolemy.util.test.junit.AutoTests" name="[31] /home/travis/build/icyphy/ptII/ptolemy/domains/de/test/auto/LineFault.xml (RunModel)" time="0.518" />
  <testcase classname="ptolemy.util.test.junit.AutoTests" name="[32] /home/travis/build/icyphy/ptII/ptolemy/domains/de/test/auto/MergeModel1Add.xml (RunModel)" time="0.053" />
  <testcase classname="ptolemy.util.test.junit.AutoTests" name="[33] /home/travis/build/icyphy/ptII/ptolemy/domains/de/test/auto/MergeModel2Add.xml (RunModel)" time="0.041" />
  <testcase classname="ptolemy.util.test.junit.AutoTests" name="[34] /home/travis/build/icyphy/ptII/ptolemy/domains/de/test/auto/MergeModel3Add.xml (RunModel)" time="0.047" />
  <testcase classname="ptolemy.util.test.junit.AutoTests" name="[35] /home/travis/build/icyphy/ptII/ptolemy/domains/de/test/auto/MergeWithoutDiscard.xml (RunModel)" time="0.011" />
  <testcase classname="ptolemy.util.test.junit.AutoTests" name="[36] /home/travis/build/icyphy/ptII/ptolemy/domains/de/test/auto/Modal1.xml (RunModel)" time="0.031" />
  <testcase classname="ptolemy.util.test.junit.AutoTests" name="[37] /home/travis/build/icyphy/ptII/ptolemy/domains/de/test/auto/Modal2.xml (RunModel)" time="0.031" />
  <testcase classname="ptolemy.util.test.junit.AutoTests" name="[38] /home/travis/build/icyphy/ptII/ptolemy/domains/de/test/auto/Modal3.xml (RunModel)" time="0.027" />
  <testcase classname="ptolemy.util.test.junit.AutoTests" name="[39] /home/travis/build/icyphy/ptII/ptolemy/domains/de/test/auto/Modal4.xml (RunModel)" time="0.034" />
  <testcase classname="ptolemy.util.test.junit.AutoTests" name="[40] /home/travis/build/icyphy/ptII/ptolemy/domains/de/test/auto/Modal5.xml (RunModel)" time="0.031" />
  <testcase classname="ptolemy.util.test.junit.AutoTests" name="[41] /home/travis/build/icyphy/ptII/ptolemy/domains/de/test/auto/Modal6.xml (RunModel)" time="0.028" />
  <testcase classname="ptolemy.util.test.junit.AutoTests" name="[42] /home/travis/build/icyphy/ptII/ptolemy/domains/de/test/auto/Modal7.xml (RunModel)" time="0.03" />
  <testcase classname="ptolemy.util.test.junit.AutoTests" name="[43] /home/travis/build/icyphy/ptII/ptolemy/domains/de/test/auto/ModalModel.xml (RunModel)" time="0.174" />
  <testcase classname="ptolemy.util.test.junit.AutoTests" name="[44] /home/travis/build/icyphy/ptII/ptolemy/domains/de/test/auto/ModalSource.xml (RunModel)" time="0.024" />
  <testcase classname="ptolemy.util.test.junit.AutoTests" name="[45] /home/travis/build/icyphy/ptII/ptolemy/domains/de/test/auto/NonInterruptibleTimerZeroDelay.xml (RunModel)" time="0.015" />
  <testcase classname="ptolemy.util.test.junit.AutoTests" name="[46] /home/travis/build/icyphy/ptII/ptolemy/domains/de/test/auto/OpenQueueingNetwork.xml (RunModel)" time="2.358" />
  <testcase classname="ptolemy.util.test.junit.AutoTests" name="[47] /home/travis/build/icyphy/ptII/ptolemy/domains/de/test/auto/OpenQueuingNetwork.xml (RunModel)" time="0.258" />
  <testcase classname="ptolemy.util.test.junit.AutoTests" name="[48] /home/travis/build/icyphy/ptII/ptolemy/domains/de/test/auto/PeriodicSampler.xml (RunModel)" time="0.009" />
  <testcase classname="ptolemy.util.test.junit.AutoTests" name="[49] /home/travis/build/icyphy/ptII/ptolemy/domains/de/test/auto/PersistentIO.xml (RunModel)" time="0.018" />
  <testcase classname="ptolemy.util.test.junit.AutoTests" name="[50] /home/travis/build/icyphy/ptII/ptolemy/domains/de/test/auto/PortParameterResetOnInitialize.xml (RunModel)" time="0.01" />
  <testcase classname="ptolemy.util.test.junit.AutoTests" name="[51] /home/travis/build/icyphy/ptII/ptolemy/domains/de/test/auto/PortParameterUpdates.xml (RunModel)" time="0.016" />
  <testcase classname="ptolemy.util.test.junit.AutoTests" name="[52] /home/travis/build/icyphy/ptII/ptolemy/domains/de/test/auto/QueueAndServer.xml (RunModel)" time="0.021" />
  <testcase classname="ptolemy.util.test.junit.AutoTests" name="[53] /home/travis/build/icyphy/ptII/ptolemy/domains/de/test/auto/Records.xml (RunModel)" time="0.014" />
  <testcase classname="ptolemy.util.test.junit.AutoTests" name="[54] /home/travis/build/icyphy/ptII/ptolemy/domains/de/test/auto/ResetTransitionWithStartTime1.xml (RunModel)" time="0.017" />
  <testcase classname="ptolemy.util.test.junit.AutoTests" name="[55] /home/travis/build/icyphy/ptII/ptolemy/domains/de/test/auto/ResetTransitionWithStartTime2.xml (RunModel)" time="0.023" />
  <testcase classname="ptolemy.util.test.junit.AutoTests" name="[56] /home/travis/build/icyphy/ptII/ptolemy/domains/de/test/auto/ResetTransitionWithStartTime3.xml (RunModel)" time="0.018" />
  <testcase classname="ptolemy.util.test.junit.AutoTests" name="[57] /home/travis/build/icyphy/ptII/ptolemy/domains/de/test/auto/ResetTransitionWithStartTime4.xml (RunModel)" time="0.019" />
  <testcase classname="ptolemy.util.test.junit.AutoTests" name="[58] /home/travis/build/icyphy/ptII/ptolemy/domains/de/test/auto/ResettableTimer1.xml (RunModel)" time="0.011" />
  <testcase classname="ptolemy.util.test.junit.AutoTests" name="[59] /home/travis/build/icyphy/ptII/ptolemy/domains/de/test/auto/ResettableTimer2.xml (RunModel)" time="0.01" />
  <testcase classname="ptolemy.util.test.junit.AutoTests" name="[60] /home/travis/build/icyphy/ptII/ptolemy/domains/de/test/auto/ResettableTimer3.xml (RunModel)" time="0.009" />
  <testcase classname="ptolemy.util.test.junit.AutoTests" name="[61] /home/travis/build/icyphy/ptII/ptolemy/domains/de/test/auto/ResettableTimer4.xml (RunModel)" time="0.01" />
  <testcase classname="ptolemy.util.test.junit.AutoTests" name="[62] /home/travis/build/icyphy/ptII/ptolemy/domains/de/test/auto/ResettableTimer5.xml (RunModel)" time="0.016" />
  <testcase classname="ptolemy.util.test.junit.AutoTests" name="[63] /home/travis/build/icyphy/ptII/ptolemy/domains/de/test/auto/ResettableTimer6.xml (RunModel)" time="0.025" />
  <testcase classname="ptolemy.util.test.junit.AutoTests" name="[64] /home/travis/build/icyphy/ptII/ptolemy/domains/de/test/auto/ServerZeroDelay.xml (RunModel)" time="0.012" />
  <testcase classname="ptolemy.util.test.junit.AutoTests" name="[65] /home/travis/build/icyphy/ptII/ptolemy/domains/de/test/auto/SmartSender.xml (RunModel)" time="3.01" />
  <testcase classname="ptolemy.util.test.junit.AutoTests" name="[66] /home/travis/build/icyphy/ptII/ptolemy/domains/de/test/auto/ThreadedComposite.xml (RunModel)" time="0.139" />
  <testcase classname="ptolemy.util.test.junit.AutoTests" name="[67] /home/travis/build/icyphy/ptII/ptolemy/domains/de/test/auto/Time.xml (RunModel)" time="0.395" />
  <testcase classname="ptolemy.util.test.junit.AutoTests" name="[68] /home/travis/build/icyphy/ptII/ptolemy/domains/de/test/auto/TimeDelayZeroDelay.xml (RunModel)" time="0.013" />
  <testcase classname="ptolemy.util.test.junit.AutoTests" name="[69] /home/travis/build/icyphy/ptII/ptolemy/domains/de/test/auto/TimerZeroDelay.xml (RunModel)" time="0.01" />
  <testcase classname="ptolemy.util.test.junit.AutoTests" name="[70] /home/travis/build/icyphy/ptII/ptolemy/domains/de/test/auto/TimingParadox.xml (RunModel)" time="0.3" />
  <testcase classname="ptolemy.util.test.junit.AutoTests" name="[71] /home/travis/build/icyphy/ptII/ptolemy/domains/de/test/auto/TransferInputs.xml (RunModel)" time="0.013" />
  <testcase classname="ptolemy.util.test.junit.AutoTests" name="[72] /home/travis/build/icyphy/ptII/ptolemy/domains/de/test/auto/TransferOutputs2.xml (RunModel)" time="0.015" />
  <testcase classname="ptolemy.util.test.junit.AutoTests" name="[73] /home/travis/build/icyphy/ptII/ptolemy/domains/de/test/auto/Trilateration.xml (RunModel)" time="11.354" />
  <testcase classname="ptolemy.util.test.junit.AutoTests" name="[74] /home/travis/build/icyphy/ptII/ptolemy/domains/de/test/auto/TwoSigmaDelta.xml (RunModel)" time="1.706" />
  <testcase classname="ptolemy.util.test.junit.AutoTests" name="[75] /home/travis/build/icyphy/ptII/ptolemy/domains/de/test/auto/VariableDelay.xml (RunModel)" time="0.015" />
  <testcase classname="ptolemy.util.test.junit.AutoTests" name="[76] /home/travis/build/icyphy/ptII/ptolemy/domains/de/test/auto/VariableDelay2.xml (RunModel)" time="0.009" />
  <testcase classname="ptolemy.util.test.junit.AutoTests" name="[77] /home/travis/build/icyphy/ptII/ptolemy/domains/de/test/auto/VariableDelayZeroDelay.xml (RunModel)" time="0.011" />
  <testcase classname="ptolemy.util.test.junit.AutoTests" name="[78] /home/travis/build/icyphy/ptII/ptolemy/domains/de/test/auto/VariableDelayZeroDelay2.xml (RunModel)" time="0.012" />
  <testcase classname="ptolemy.util.test.junit.AutoTests" name="[79] /home/travis/build/icyphy/ptII/ptolemy/domains/de/test/auto/deInCt.xml (RunModel)" time="0.015" />
  <testcase classname="ptolemy.util.test.junit.AutoTests" name="[80] /home/travis/build/icyphy/ptII/ptolemy/domains/de/test/auto/deInCt2.xml (RunModel)" time="0.014" />
  <testcase classname="ptolemy.util.test.junit.AutoTests" name="[81] /home/travis/build/icyphy/ptII/ptolemy/domains/de/test/auto/dynamicCausalityInterface1.xml (RunModel)" time="0.018" />
  <testcase classname="ptolemy.util.test.junit.AutoTests" name="[82] /home/travis/build/icyphy/ptII/ptolemy/domains/de/test/auto/fsm_de_test.xml (RunModel)" time="0.021" />
  <testcase classname="ptolemy.util.test.junit.AutoTests" name="[83] /home/travis/build/icyphy/ptII/ptolemy/domains/de/test/auto/functionDependencyReconstruction.xml (RunModel)" time="0.026" />
  <testcase classname="ptolemy.util.test.junit.AutoTests" name="[84] /home/travis/build/icyphy/ptII/ptolemy/domains/de/test/auto/multirate.xml (RunModel)" time="0.032" />
  <testcase classname="ptolemy.util.test.junit.AutoTests" name="[85] /home/travis/build/icyphy/ptII/ptolemy/domains/de/test/auto/multirate2.xml (RunModel)" time="0.013" />
  <testcase classname="ptolemy.util.test.junit.AutoTests" name="[86] /home/travis/build/icyphy/ptII/ptolemy/domains/de/test/auto/realtime.xml (RunModel)" time="10.012" />
  <testcase classname="ptolemy.util.test.junit.AutoTests" name="[87] /home/travis/build/icyphy/ptII/ptolemy/domains/de/test/auto/relationGroup.xml (RunModel)" time="0.01" />
  <testcase classname="ptolemy.util.test.junit.AutoTests" name="[88] /home/travis/build/icyphy/ptII/ptolemy/domains/de/test/auto/relationGroup2.xml (RunModel)" time="0.011" />
  <testcase classname="ptolemy.util.test.junit.AutoTests" name="[89] /home/travis/build/icyphy/ptII/ptolemy/domains/de/test/auto/sortWithOpaquePorts.xml (RunModel)" time="0.011" />
  <testcase classname="ptolemy.util.test.junit.AutoTests" name="[90] /home/travis/build/icyphy/ptII/ptolemy/domains/de/test/auto/transferInputsandOutputs.xml (RunModel)" time="0.019" />
  <testcase classname="ptolemy.util.test.junit.AutoTests" name="[91] /home/travis/build/icyphy/ptII/ptolemy/domains/de/test/auto/triggerType.xml (RunModel)" time="0.009" />
  <system-out><![CDATA[/home/travis/build/icyphy/ptII/ptolemy/domains/de/test/DependencyLoop.tcl
testDefs.tcl: setting time out to 9000 seconds at Tue May 12 14:17:51 UTC 2020
71 ms. Memory: 129024K Free: 78669K (61%)
20 ms. Memory: 129024K Free: 61756K (48%)
/home/travis/build/icyphy/ptII/ptolemy/domains/de/test/RunDETestsAsQSS.tcl
Run the DE tests using ptolemy.domains.qss.test.QSSDirectorTest, which extends QSSDirector and prints a message in the constructors.
------------------ testing $PTII/ptolemy/domains/de/test/auto/knownFailedTests/DirectFeedback.xml (Known Failure) 
54 ms. Memory: 129024K Free: 55627K (43%)


==== $PTIIhome/travis/build/icyphy/ptII/ptolemy/domains/de/test/../../../../: Auto Automatic test in file $PTII/ptolemy/domains/de/test/auto/knownFailedTests/DirectFeedback.xml
==== Contents of test case:

	    # FIXME: we should use $relativeFilename here, but it
	    # might have backslashes under Windows, which causes no end
	    # of trouble.
	    createAndExecute $file
	    list {}
	
.... Test generated KNOWN error:
    while executing
ptolemy.kernel.util.IllegalActionException: Test fails in iteration 1.
Value was: 1.0. Should have been: 2.0
  in .DirectFeedback.Test
	at ptolemy.actor.lib.Test.fire(Test.java:268)
	at ptolemy.domains.de.kernel.DEDirector._fire(DEDirector.java:1949)
	at ptolemy.domains.de.kernel.DEDirector.fire(DEDirector.java:502)
	at ptolemy.actor.CompositeActor.fire(CompositeActor.java:455)
	at ptolemy.actor.Manager.iterate(Manager.java:851)
	at ptolemy.actor.Manager.execute(Manager.java:369)
	at ptolemy.actor.Manager.run(Manager.java:1263)
	at ptolemy.actor.Manager$PtolemyRunThread.run(Manager.java:1933)

    while executing
ptolemy.kernel.util.IllegalActionException: Test fails in iteration 1.
Value was: 1.0. Should have been: 2.0
  in .DirectFeedback.Test
    while executing
"java::new ptolemy.moml.MoMLSimpleApplication $file
"
    (procedure "createAndExecute" line 2)
    invoked from within
"createAndExecute $file"
    ("uplevel" body line 5)
    invoked from within
"uplevel $contents_of_test"
------------------ testing $PTII/ptolemy/domains/de/test/auto/knownFailedTests/dependencyLoop.xml (Known Failure) 
18 ms. Memory: 129024K Free: 52555K (41%)


==== $PTIIhome/travis/build/icyphy/ptII/ptolemy/domains/de/test/../../../../: Auto Automatic test in file $PTII/ptolemy/domains/de/test/auto/knownFailedTests/dependencyLoop.xml
==== Contents of test case:

	    # FIXME: we should use $relativeFilename here, but it
	    # might have backslashes under Windows, which causes no end
	    # of trouble.
	    createAndExecute $file
	    list {}
	
.... Test generated KNOWN error:
    while executing
ptolemy.kernel.util.IllegalActionException: Found a zero delay loop containing .dependencyLoop.original
  in .dependencyLoop and .dependencyLoop.original
	at ptolemy.actor.util.CausalityInterfaceForComposites._computeOutputPortDepth(CausalityInterfaceForComposites.java:759)
	at ptolemy.actor.util.CausalityInterfaceForComposites._computeInputDepth(CausalityInterfaceForComposites.java:696)
	at ptolemy.actor.util.CausalityInterfaceForComposites._computeOutputPortDepth(CausalityInterfaceForComposites.java:765)
	at ptolemy.actor.util.CausalityInterfaceForComposites._computeInputDepth(CausalityInterfaceForComposites.java:696)
	at ptolemy.actor.util.CausalityInterfaceForComposites._computeOutputPortDepth(CausalityInterfaceForComposites.java:765)
	at ptolemy.actor.util.CausalityInterfaceForComposites._computeInputDepth(CausalityInterfaceForComposites.java:696)
	at ptolemy.actor.util.CausalityInterfaceForComposites._computeActorDepth(CausalityInterfaceForComposites.java:532)
	at ptolemy.actor.util.CausalityInterfaceForComposites.checkForCycles(CausalityInterfaceForComposites.java:96)
	at ptolemy.domains.de.kernel.DEDirector.preinitialize(DEDirector.java:1338)
	at ptolemy.actor.CompositeActor.preinitialize(CompositeActor.java:1828)
	at ptolemy.actor.Manager.preinitializeAndResolveTypes(Manager.java:1040)
	at ptolemy.actor.Manager.initialize(Manager.java:710)
	at ptolemy.actor.Manager.execute(Manager.java:356)
	at ptolemy.actor.Manager.run(Manager.java:1263)
	at ptolemy.actor.Manager$PtolemyRunThread.run(Manager.java:1933)

    while executing
ptolemy.kernel.util.IllegalActionException: Found a zero delay loop containing .dependencyLoop.original
  in .dependencyLoop and .dependencyLoop.original
    while executing
"java::new ptolemy.moml.MoMLSimpleApplication $file
"
    (procedure "createAndExecute" line 2)
    invoked from within
"createAndExecute $file"
    ("uplevel" body line 5)
    invoked from within
"uplevel $contents_of_test"
------------------ testing $PTII/ptolemy/domains/de/test/auto/knownFailedTests/FSMSource.xml (Known Failure) 
70 ms. Memory: 129024K Free: 110484K (86%)
!!!! Auto was marked as failing, but now passes
------------------ testing $PTII/ptolemy/domains/de/test/auto/knownFailedTests/HierarchicalModel.xml (Known Failure) 
5 ms. Memory: 129024K Free: 93138K (72%)


==== $PTIIhome/travis/build/icyphy/ptII/ptolemy/domains/de/test/../../../../: Auto Automatic test in file $PTII/ptolemy/domains/de/test/auto/knownFailedTests/HierarchicalModel.xml
==== Contents of test case:

	    # FIXME: we should use $relativeFilename here, but it
	    # might have backslashes under Windows, which causes no end
	    # of trouble.
	    createAndExecute $file
	    list {}
	
.... Test generated KNOWN error:
    while executing
ptolemy.kernel.util.IllegalActionException: Found a zero delay loop containing .HierarchicalModel.A
  in .HierarchicalModel and .HierarchicalModel.A
	at ptolemy.actor.util.CausalityInterfaceForComposites._computeOutputPortDepth(CausalityInterfaceForComposites.java:759)
	at ptolemy.actor.util.CausalityInterfaceForComposites._computeInputDepth(CausalityInterfaceForComposites.java:696)
	at ptolemy.actor.util.CausalityInterfaceForComposites._computeOutputPortDepth(CausalityInterfaceForComposites.java:765)
	at ptolemy.actor.util.CausalityInterfaceForComposites._computeInputDepth(CausalityInterfaceForComposites.java:696)
	at ptolemy.actor.util.CausalityInterfaceForComposites._computeOutputPortDepth(CausalityInterfaceForComposites.java:765)
	at ptolemy.actor.util.CausalityInterfaceForComposites._computeInputDepth(CausalityInterfaceForComposites.java:696)
	at ptolemy.actor.util.CausalityInterfaceForComposites._computeActorDepth(CausalityInterfaceForComposites.java:532)
	at ptolemy.actor.util.CausalityInterfaceForComposites.checkForCycles(CausalityInterfaceForComposites.java:96)
	at ptolemy.domains.de.kernel.DEDirector.preinitialize(DEDirector.java:1338)
	at ptolemy.actor.CompositeActor.preinitialize(CompositeActor.java:1828)
	at ptolemy.actor.Manager.preinitializeAndResolveTypes(Manager.java:1040)
	at ptolemy.actor.Manager.initialize(Manager.java:710)
	at ptolemy.actor.Manager.execute(Manager.java:356)
	at ptolemy.actor.Manager.run(Manager.java:1263)
	at ptolemy.actor.Manager$PtolemyRunThread.run(Manager.java:1933)

    while executing
ptolemy.kernel.util.IllegalActionException: Found a zero delay loop containing .HierarchicalModel.A
  in .HierarchicalModel and .HierarchicalModel.A
    while executing
"java::new ptolemy.moml.MoMLSimpleApplication $file
"
    (procedure "createAndExecute" line 2)
    invoked from within
"createAndExecute $file"
    ("uplevel" body line 5)
    invoked from within
"uplevel $contents_of_test"
------------------ testing $PTII/ptolemy/domains/de/test/auto/knownFailedTests/dependencyLoop2.xml (Known Failure) 
4 ms. Memory: 129024K Free: 77180K (60%)


==== $PTIIhome/travis/build/icyphy/ptII/ptolemy/domains/de/test/../../../../: Auto Automatic test in file $PTII/ptolemy/domains/de/test/auto/knownFailedTests/dependencyLoop2.xml
==== Contents of test case:

	    # FIXME: we should use $relativeFilename here, but it
	    # might have backslashes under Windows, which causes no end
	    # of trouble.
	    createAndExecute $file
	    list {}
	
.... Test generated KNOWN error:
    while executing
ptolemy.kernel.util.IllegalActionException: Found a zero delay loop containing .dependencyLoop2.original
  in .dependencyLoop2 and .dependencyLoop2.original
	at ptolemy.actor.util.CausalityInterfaceForComposites._computeOutputPortDepth(CausalityInterfaceForComposites.java:759)
	at ptolemy.actor.util.CausalityInterfaceForComposites._computeInputDepth(CausalityInterfaceForComposites.java:696)
	at ptolemy.actor.util.CausalityInterfaceForComposites._computeOutputPortDepth(CausalityInterfaceForComposites.java:765)
	at ptolemy.actor.util.CausalityInterfaceForComposites._computeInputDepth(CausalityInterfaceForComposites.java:696)
	at ptolemy.actor.util.CausalityInterfaceForComposites._computeOutputPortDepth(CausalityInterfaceForComposites.java:765)
	at ptolemy.actor.util.CausalityInterfaceForComposites._computeInputDepth(CausalityInterfaceForComposites.java:696)
	at ptolemy.actor.util.CausalityInterfaceForComposites._computeActorDepth(CausalityInterfaceForComposites.java:532)
	at ptolemy.actor.util.CausalityInterfaceForComposites.checkForCycles(CausalityInterfaceForComposites.java:96)
	at ptolemy.domains.de.kernel.DEDirector.preinitialize(DEDirector.java:1338)
	at ptolemy.actor.CompositeActor.preinitialize(CompositeActor.java:1828)
	at ptolemy.actor.Manager.preinitializeAndResolveTypes(Manager.java:1040)
	at ptolemy.actor.Manager.initialize(Manager.java:710)
	at ptolemy.actor.Manager.execute(Manager.java:356)
	at ptolemy.actor.Manager.run(Manager.java:1263)
	at ptolemy.actor.Manager$PtolemyRunThread.run(Manager.java:1933)

    while executing
ptolemy.kernel.util.IllegalActionException: Found a zero delay loop containing .dependencyLoop2.original
  in .dependencyLoop2 and .dependencyLoop2.original
    while executing
"java::new ptolemy.moml.MoMLSimpleApplication $file
"
    (procedure "createAndExecute" line 2)
    invoked from within
"createAndExecute $file"
    ("uplevel" body line 5)
    invoked from within
"uplevel $contents_of_test"
------------------ testing $PTII/ptolemy/domains/de/test/auto/knownFailedTests/DESDFClockTest.xml (Known Failure) 
2055 ms. Memory: 129024K Free: 107123K (83%)


==== $PTIIhome/travis/build/icyphy/ptII/ptolemy/domains/de/test/../../../../: Auto Automatic test in file $PTII/ptolemy/domains/de/test/auto/knownFailedTests/DESDFClockTest.xml
==== Contents of test case:

	    # FIXME: we should use $relativeFilename here, but it
	    # might have backslashes under Windows, which causes no end
	    # of trouble.
	    createAndExecute $file
	    list {}
	
.... Test generated KNOWN error:
    while executing
ptolemy.kernel.util.IllegalActionException: Actor is not ready to fire.  Perhaps UpSample.prefire() returned false? Try debugging the actor by selecting "Listen to Actor".  Also, for SDF check moml for tokenConsumptionRate on input.
  in .DESDFClockTest.Play Bell.Copy1:SDF Director and .DESDFClockTest.Play Bell.UpSample
	at ptolemy.actor.sched.StaticSchedulingDirector.fire(StaticSchedulingDirector.java:227)
	at ptolemy.domains.sdf.kernel.SDFDirector.fire(SDFDirector.java:500)
	at ptolemy.actor.CompositeActor.fire(CompositeActor.java:455)
	at ptolemy.domains.de.kernel.DEDirector._fire(DEDirector.java:1949)
	at ptolemy.domains.de.kernel.DEDirector.fire(DEDirector.java:502)
	at ptolemy.actor.CompositeActor.fire(CompositeActor.java:455)
	at ptolemy.actor.Manager.iterate(Manager.java:851)
	at ptolemy.actor.Manager.execute(Manager.java:369)
	at ptolemy.actor.Manager.run(Manager.java:1263)
	at ptolemy.actor.Manager$PtolemyRunThread.run(Manager.java:1933)

    while executing
ptolemy.kernel.util.IllegalActionException: Actor is not ready to fire.  Perhaps UpSample.prefire() returned false? Try debugging the actor by selecting "Listen to Actor".  Also, for SDF check moml for tokenConsumptionRate on input.
  in .DESDFClockTest.Play Bell.Copy1:SDF Director and .DESDFClockTest.Play Bell.UpSample
    while executing
"java::new ptolemy.moml.MoMLSimpleApplication $file
"
    (procedure "createAndExecute" line 2)
    invoked from within
"createAndExecute $file"
    ("uplevel" body line 5)
    invoked from within
"uplevel $contents_of_test"
------------------ testing $PTII/ptolemy/domains/de/test/auto/ActorDepthCalculation_actorWithoutPorts.xml
auto.tcl: Setting watchdog for 200 seconds at Tue May 12 14:17:55 UTC 2020
4 ms. Memory: 129024K Free: 99427K (77%)
ptolemy.util.test.WatchDog.cancel(): canceling Tue May 12 14:17:55 UTC 2020
auto.tcl: Setting watchdog for 200 seconds at Tue May 12 14:17:55 UTC 2020
5 ms. Memory: 129024K Free: 97907K (76%)
ptolemy.util.test.WatchDog.cancel(): canceling Tue May 12 14:17:55 UTC 2020
------------------ testing $PTII/ptolemy/domains/de/test/auto/AssemblyLine.xml
auto.tcl: Setting watchdog for 200 seconds at Tue May 12 14:17:55 UTC 2020
18 ms. Memory: 51200K Free: 27917K (55%)
ptolemy.util.test.WatchDog.cancel(): canceling Tue May 12 14:17:55 UTC 2020
auto.tcl: Setting watchdog for 200 seconds at Tue May 12 14:17:55 UTC 2020
9 ms. Memory: 51200K Free: 27257K (53%)
ptolemy.util.test.WatchDog.cancel(): canceling Tue May 12 14:17:55 UTC 2020
------------------ testing $PTII/ptolemy/domains/de/test/auto/CQBug1.xml
auto.tcl: Setting watchdog for 200 seconds at Tue May 12 14:17:56 UTC 2020
3 ms. Memory: 51200K Free: 33270K (65%)
ptolemy.util.test.WatchDog.cancel(): canceling Tue May 12 14:17:56 UTC 2020
auto.tcl: Setting watchdog for 200 seconds at Tue May 12 14:17:56 UTC 2020
2 ms. Memory: 51200K Free: 32796K (64%)
ptolemy.util.test.WatchDog.cancel(): canceling Tue May 12 14:17:56 UTC 2020
------------------ testing $PTII/ptolemy/domains/de/test/auto/CancelFireAt.xml
auto.tcl: Setting watchdog for 200 seconds at Tue May 12 14:17:56 UTC 2020
3 ms. Memory: 51200K Free: 34464K (67%)
ptolemy.util.test.WatchDog.cancel(): canceling Tue May 12 14:17:56 UTC 2020
auto.tcl: Setting watchdog for 200 seconds at Tue May 12 14:17:56 UTC 2020
2 ms. Memory: 51200K Free: 33996K (66%)
ptolemy.util.test.WatchDog.cancel(): canceling Tue May 12 14:17:56 UTC 2020
------------------ testing $PTII/ptolemy/domains/de/test/auto/CausalityAndComposabilityAnalysis.xml
auto.tcl: Setting watchdog for 200 seconds at Tue May 12 14:17:56 UTC 2020
6 ms. Memory: 51200K Free: 32711K (64%)
ptolemy.util.test.WatchDog.cancel(): canceling Tue May 12 14:17:56 UTC 2020
auto.tcl: Setting watchdog for 200 seconds at Tue May 12 14:17:56 UTC 2020
7 ms. Memory: 51200K Free: 31955K (62%)
ptolemy.util.test.WatchDog.cancel(): canceling Tue May 12 14:17:56 UTC 2020
------------------ testing $PTII/ptolemy/domains/de/test/auto/CausalityInterface1.xml
auto.tcl: Setting watchdog for 200 seconds at Tue May 12 14:17:56 UTC 2020
35 ms. Memory: 51200K Free: 31360K (61%)
ptolemy.util.test.WatchDog.cancel(): canceling Tue May 12 14:17:56 UTC 2020
auto.tcl: Setting watchdog for 200 seconds at Tue May 12 14:17:56 UTC 2020
4 ms. Memory: 51200K Free: 30386K (59%)
ptolemy.util.test.WatchDog.cancel(): canceling Tue May 12 14:17:56 UTC 2020
------------------ testing $PTII/ptolemy/domains/de/test/auto/CausalityInterface15.xml
auto.tcl: Setting watchdog for 200 seconds at Tue May 12 14:17:56 UTC 2020
7 ms. Memory: 51200K Free: 31280K (61%)
ptolemy.util.test.WatchDog.cancel(): canceling Tue May 12 14:17:56 UTC 2020
auto.tcl: Setting watchdog for 200 seconds at Tue May 12 14:17:56 UTC 2020
4 ms. Memory: 51200K Free: 30327K (59%)
ptolemy.util.test.WatchDog.cancel(): canceling Tue May 12 14:17:56 UTC 2020
------------------ testing $PTII/ptolemy/domains/de/test/auto/CausalityInterface2.xml
auto.tcl: Setting watchdog for 200 seconds at Tue May 12 14:17:56 UTC 2020
6 ms. Memory: 51200K Free: 31992K (62%)
ptolemy.util.test.WatchDog.cancel(): canceling Tue May 12 14:17:56 UTC 2020
auto.tcl: Setting watchdog for 200 seconds at Tue May 12 14:17:56 UTC 2020
3 ms. Memory: 51200K Free: 31359K (61%)
ptolemy.util.test.WatchDog.cancel(): canceling Tue May 12 14:17:56 UTC 2020
------------------ testing $PTII/ptolemy/domains/de/test/auto/CausalityInterface3.xml
auto.tcl: Setting watchdog for 200 seconds at Tue May 12 14:17:56 UTC 2020
5 ms. Memory: 51200K Free: 31543K (62%)
ptolemy.util.test.WatchDog.cancel(): canceling Tue May 12 14:17:56 UTC 2020
auto.tcl: Setting watchdog for 200 seconds at Tue May 12 14:17:56 UTC 2020
2 ms. Memory: 51200K Free: 31058K (61%)
ptolemy.util.test.WatchDog.cancel(): canceling Tue May 12 14:17:56 UTC 2020
------------------ testing $PTII/ptolemy/domains/de/test/auto/ClockDrift.xml
auto.tcl: Setting watchdog for 200 seconds at Tue May 12 14:17:56 UTC 2020
81 ms. Memory: 51200K Free: 23637K (46%)
ptolemy.util.test.WatchDog.cancel(): canceling Tue May 12 14:17:56 UTC 2020
auto.tcl: Setting watchdog for 200 seconds at Tue May 12 14:17:56 UTC 2020
50 ms. Memory: 51200K Free: 20649K (40%)
ptolemy.util.test.WatchDog.cancel(): canceling Tue May 12 14:17:56 UTC 2020
------------------ testing $PTII/ptolemy/domains/de/test/auto/ClockDriftAndValueChange.xml
auto.tcl: Setting watchdog for 200 seconds at Tue May 12 14:17:56 UTC 2020
38 ms. Memory: 51200K Free: 24506K (48%)
ptolemy.util.test.WatchDog.cancel(): canceling Tue May 12 14:17:56 UTC 2020
auto.tcl: Setting watchdog for 200 seconds at Tue May 12 14:17:56 UTC 2020
24 ms. Memory: 51200K Free: 21434K (42%)
ptolemy.util.test.WatchDog.cancel(): canceling Tue May 12 14:17:56 UTC 2020
------------------ testing $PTII/ptolemy/domains/de/test/auto/ClockDriftChange.xml
auto.tcl: Setting watchdog for 200 seconds at Tue May 12 14:17:57 UTC 2020
20 ms. Memory: 51200K Free: 25793K (50%)
ptolemy.util.test.WatchDog.cancel(): canceling Tue May 12 14:17:57 UTC 2020
auto.tcl: Setting watchdog for 200 seconds at Tue May 12 14:17:57 UTC 2020
20 ms. Memory: 51200K Free: 23235K (45%)
ptolemy.util.test.WatchDog.cancel(): canceling Tue May 12 14:17:57 UTC 2020
------------------ testing $PTII/ptolemy/domains/de/test/auto/ComposableCausalityAnalysis.xml
auto.tcl: Setting watchdog for 200 seconds at Tue May 12 14:17:57 UTC 2020
2 ms. Memory: 51200K Free: 30403K (59%)
ptolemy.util.test.WatchDog.cancel(): canceling Tue May 12 14:17:57 UTC 2020
auto.tcl: Setting watchdog for 200 seconds at Tue May 12 14:17:57 UTC 2020
4 ms. Memory: 51200K Free: 29313K (57%)
ptolemy.util.test.WatchDog.cancel(): canceling Tue May 12 14:17:57 UTC 2020
------------------ testing $PTII/ptolemy/domains/de/test/auto/DEFixedPointLimitation.xml
auto.tcl: Setting watchdog for 200 seconds at Tue May 12 14:17:57 UTC 2020
3 ms. Memory: 51200K Free: 31757K (62%)
ptolemy.util.test.WatchDog.cancel(): canceling Tue May 12 14:17:57 UTC 2020
auto.tcl: Setting watchdog for 200 seconds at Tue May 12 14:17:57 UTC 2020
1 ms. Memory: 51200K Free: 30864K (60%)
ptolemy.util.test.WatchDog.cancel(): canceling Tue May 12 14:17:57 UTC 2020
------------------ testing $PTII/ptolemy/domains/de/test/auto/DEScheduleTest.xml
auto.tcl: Setting watchdog for 200 seconds at Tue May 12 14:17:57 UTC 2020
7 ms. Memory: 51200K Free: 32096K (63%)
ptolemy.util.test.WatchDog.cancel(): canceling Tue May 12 14:17:57 UTC 2020
auto.tcl: Setting watchdog for 200 seconds at Tue May 12 14:17:57 UTC 2020
3 ms. Memory: 51200K Free: 31340K (61%)
ptolemy.util.test.WatchDog.cancel(): canceling Tue May 12 14:17:57 UTC 2020
------------------ testing $PTII/ptolemy/domains/de/test/auto/DEinDEwithStartTimes.xml
auto.tcl: Setting watchdog for 200 seconds at Tue May 12 14:17:57 UTC 2020
5 ms. Memory: 51200K Free: 30267K (59%)
ptolemy.util.test.WatchDog.cancel(): canceling Tue May 12 14:17:57 UTC 2020
auto.tcl: Setting watchdog for 200 seconds at Tue May 12 14:17:57 UTC 2020
5 ms. Memory: 51200K Free: 29243K (57%)
ptolemy.util.test.WatchDog.cancel(): canceling Tue May 12 14:17:57 UTC 2020
------------------ testing $PTII/ptolemy/domains/de/test/auto/DEinDEwithStartTimes2.xml
auto.tcl: Setting watchdog for 200 seconds at Tue May 12 14:17:57 UTC 2020
4 ms. Memory: 51200K Free: 29398K (57%)
ptolemy.util.test.WatchDog.cancel(): canceling Tue May 12 14:17:57 UTC 2020
auto.tcl: Setting watchdog for 200 seconds at Tue May 12 14:17:57 UTC 2020
4 ms. Memory: 51200K Free: 28198K (55%)
ptolemy.util.test.WatchDog.cancel(): canceling Tue May 12 14:17:57 UTC 2020
------------------ testing $PTII/ptolemy/domains/de/test/auto/DateDemo.xml
auto.tcl: Setting watchdog for 200 seconds at Tue May 12 14:17:57 UTC 2020
12 ms. Memory: 51200K Free: 24286K (47%)
ptolemy.util.test.WatchDog.cancel(): canceling Tue May 12 14:17:57 UTC 2020
auto.tcl: Setting watchdog for 200 seconds at Tue May 12 14:17:57 UTC 2020
9 ms. Memory: 51200K Free: 22643K (44%)
ptolemy.util.test.WatchDog.cancel(): canceling Tue May 12 14:17:57 UTC 2020
------------------ testing $PTII/ptolemy/domains/de/test/auto/DateToEvent.xml
auto.tcl: Setting watchdog for 200 seconds at Tue May 12 14:17:57 UTC 2020
2018 ms. Memory: 51200K Free: 19249K (38%)
ptolemy.util.test.WatchDog.cancel(): canceling Tue May 12 14:17:59 UTC 2020
auto.tcl: Setting watchdog for 200 seconds at Tue May 12 14:17:59 UTC 2020
2009 ms. Memory: 51200K Free: 18837K (37%)
ptolemy.util.test.WatchDog.cancel(): canceling Tue May 12 14:18:01 UTC 2020
------------------ testing $PTII/ptolemy/domains/de/test/auto/DepthTest1.xml
auto.tcl: Setting watchdog for 200 seconds at Tue May 12 14:18:01 UTC 2020
5 ms. Memory: 51200K Free: 32923K (64%)
ptolemy.util.test.WatchDog.cancel(): canceling Tue May 12 14:18:01 UTC 2020
auto.tcl: Setting watchdog for 200 seconds at Tue May 12 14:18:01 UTC 2020
3 ms. Memory: 51200K Free: 32459K (63%)
ptolemy.util.test.WatchDog.cancel(): canceling Tue May 12 14:18:01 UTC 2020
------------------ testing $PTII/ptolemy/domains/de/test/auto/DepthTest2.xml
auto.tcl: Setting watchdog for 200 seconds at Tue May 12 14:18:01 UTC 2020
4 ms. Memory: 51200K Free: 29688K (58%)
ptolemy.util.test.WatchDog.cancel(): canceling Tue May 12 14:18:01 UTC 2020
auto.tcl: Setting watchdog for 200 seconds at Tue May 12 14:18:01 UTC 2020
3 ms. Memory: 51200K Free: 29260K (57%)
ptolemy.util.test.WatchDog.cancel(): canceling Tue May 12 14:18:01 UTC 2020
------------------ testing $PTII/ptolemy/domains/de/test/auto/DepthTest3.xml
auto.tcl: Setting watchdog for 200 seconds at Tue May 12 14:18:01 UTC 2020
3 ms. Memory: 51200K Free: 33255K (65%)
ptolemy.util.test.WatchDog.cancel(): canceling Tue May 12 14:18:02 UTC 2020
auto.tcl: Setting watchdog for 200 seconds at Tue May 12 14:18:02 UTC 2020
2 ms. Memory: 51200K Free: 32763K (64%)
ptolemy.util.test.WatchDog.cancel(): canceling Tue May 12 14:18:02 UTC 2020
------------------ testing $PTII/ptolemy/domains/de/test/auto/DepthTest4.xml
auto.tcl: Setting watchdog for 200 seconds at Tue May 12 14:18:02 UTC 2020
6 ms. Memory: 51200K Free: 31487K (61%)
ptolemy.util.test.WatchDog.cancel(): canceling Tue May 12 14:18:02 UTC 2020
auto.tcl: Setting watchdog for 200 seconds at Tue May 12 14:18:02 UTC 2020
2 ms. Memory: 51200K Free: 30814K (60%)
ptolemy.util.test.WatchDog.cancel(): canceling Tue May 12 14:18:02 UTC 2020
------------------ testing $PTII/ptolemy/domains/de/test/auto/DepthTest5.xml
auto.tcl: Setting watchdog for 200 seconds at Tue May 12 14:18:02 UTC 2020
4 ms. Memory: 51200K Free: 30936K (60%)
ptolemy.util.test.WatchDog.cancel(): canceling Tue May 12 14:18:02 UTC 2020
auto.tcl: Setting watchdog for 200 seconds at Tue May 12 14:18:02 UTC 2020
4 ms. Memory: 51200K Free: 30200K (59%)
ptolemy.util.test.WatchDog.cancel(): canceling Tue May 12 14:18:02 UTC 2020
------------------ testing $PTII/ptolemy/domains/de/test/auto/DepthTest6.xml
auto.tcl: Setting watchdog for 200 seconds at Tue May 12 14:18:02 UTC 2020
6 ms. Memory: 51200K Free: 30628K (60%)
ptolemy.util.test.WatchDog.cancel(): canceling Tue May 12 14:18:02 UTC 2020
auto.tcl: Setting watchdog for 200 seconds at Tue May 12 14:18:02 UTC 2020
3 ms. Memory: 51200K Free: 30184K (59%)
ptolemy.util.test.WatchDog.cancel(): canceling Tue May 12 14:18:02 UTC 2020
------------------ testing $PTII/ptolemy/domains/de/test/auto/DepthTest7.xml
auto.tcl: Setting watchdog for 200 seconds at Tue May 12 14:18:02 UTC 2020
2 ms. Memory: 51200K Free: 30925K (60%)
ptolemy.util.test.WatchDog.cancel(): canceling Tue May 12 14:18:02 UTC 2020
auto.tcl: Setting watchdog for 200 seconds at Tue May 12 14:18:02 UTC 2020
3 ms. Memory: 51200K Free: 30498K (60%)
ptolemy.util.test.WatchDog.cancel(): canceling Tue May 12 14:18:02 UTC 2020
------------------ testing $PTII/ptolemy/domains/de/test/auto/EventToDate.xml
auto.tcl: Setting watchdog for 200 seconds at Tue May 12 14:18:02 UTC 2020
3012 ms. Memory: 51200K Free: 22178K (43%)
ptolemy.util.test.WatchDog.cancel(): canceling Tue May 12 14:18:05 UTC 2020
auto.tcl: Setting watchdog for 200 seconds at Tue May 12 14:18:05 UTC 2020
3004 ms. Memory: 51200K Free: 21551K (42%)
ptolemy.util.test.WatchDog.cancel(): canceling Tue May 12 14:18:08 UTC 2020
------------------ testing $PTII/ptolemy/domains/de/test/auto/FSM1.xml
auto.tcl: Setting watchdog for 200 seconds at Tue May 12 14:18:08 UTC 2020
31 ms. Memory: 51200K Free: 22950K (45%)
ptolemy.util.test.WatchDog.cancel(): canceling Tue May 12 14:18:08 UTC 2020
auto.tcl: Setting watchdog for 200 seconds at Tue May 12 14:18:08 UTC 2020
28 ms. Memory: 51200K Free: 19647K (38%)
ptolemy.util.test.WatchDog.cancel(): canceling Tue May 12 14:18:08 UTC 2020
------------------ testing $PTII/ptolemy/domains/de/test/auto/FSM7.xml
auto.tcl: Setting watchdog for 200 seconds at Tue May 12 14:18:08 UTC 2020
29 ms. Memory: 51200K Free: 23399K (46%)
ptolemy.util.test.WatchDog.cancel(): canceling Tue May 12 14:18:08 UTC 2020
auto.tcl: Setting watchdog for 200 seconds at Tue May 12 14:18:08 UTC 2020
24 ms. Memory: 51200K Free: 20453K (40%)
ptolemy.util.test.WatchDog.cancel(): canceling Tue May 12 14:18:08 UTC 2020
------------------ testing $PTII/ptolemy/domains/de/test/auto/Inspection.xml
auto.tcl: Setting watchdog for 200 seconds at Tue May 12 14:18:08 UTC 2020
27 ms. Memory: 51200K Free: 22905K (45%)
ptolemy.util.test.WatchDog.cancel(): canceling Tue May 12 14:18:08 UTC 2020
auto.tcl: Setting watchdog for 200 seconds at Tue May 12 14:18:08 UTC 2020
32 ms. Memory: 51200K Free: 21063K (41%)
ptolemy.util.test.WatchDog.cancel(): canceling Tue May 12 14:18:08 UTC 2020
------------------ testing $PTII/ptolemy/domains/de/test/auto/Iteration.xml
auto.tcl: Setting watchdog for 200 seconds at Tue May 12 14:18:08 UTC 2020
7 ms. Memory: 51200K Free: 28707K (56%)
ptolemy.util.test.WatchDog.cancel(): canceling Tue May 12 14:18:08 UTC 2020
auto.tcl: Setting watchdog for 200 seconds at Tue May 12 14:18:08 UTC 2020
7 ms. Memory: 51200K Free: 27520K (54%)
ptolemy.util.test.WatchDog.cancel(): canceling Tue May 12 14:18:08 UTC 2020
------------------ testing $PTII/ptolemy/domains/de/test/auto/LineFault.xml
auto.tcl: Setting watchdog for 200 seconds at Tue May 12 14:18:09 UTC 2020
653 ms. Memory: 51200K Free: 16273K (32%)
ptolemy.util.test.WatchDog.cancel(): canceling Tue May 12 14:18:09 UTC 2020
auto.tcl: Setting watchdog for 200 seconds at Tue May 12 14:18:09 UTC 2020
610 ms. Memory: 61440K Free: 18574K (30%)
ptolemy.util.test.WatchDog.cancel(): canceling Tue May 12 14:18:10 UTC 2020
------------------ testing $PTII/ptolemy/domains/de/test/auto/MergeModel1Add.xml
auto.tcl: Setting watchdog for 200 seconds at Tue May 12 14:18:10 UTC 2020
18 ms. Memory: 58368K Free: 21811K (37%)
ptolemy.util.test.WatchDog.cancel(): canceling Tue May 12 14:18:10 UTC 2020
auto.tcl: Setting watchdog for 200 seconds at Tue May 12 14:18:10 UTC 2020
15 ms. Memory: 58368K Free: 20328K (35%)
ptolemy.util.test.WatchDog.cancel(): canceling Tue May 12 14:18:10 UTC 2020
------------------ testing $PTII/ptolemy/domains/de/test/auto/MergeModel2Add.xml
auto.tcl: Setting watchdog for 200 seconds at Tue May 12 14:18:10 UTC 2020
8 ms. Memory: 55296K Free: 21353K (39%)
ptolemy.util.test.WatchDog.cancel(): canceling Tue May 12 14:18:10 UTC 2020
auto.tcl: Setting watchdog for 200 seconds at Tue May 12 14:18:10 UTC 2020
8 ms. Memory: 55296K Free: 19699K (36%)
ptolemy.util.test.WatchDog.cancel(): canceling Tue May 12 14:18:10 UTC 2020
------------------ testing $PTII/ptolemy/domains/de/test/auto/MergeModel3Add.xml
auto.tcl: Setting watchdog for 200 seconds at Tue May 12 14:18:10 UTC 2020
8 ms. Memory: 55296K Free: 21058K (38%)
ptolemy.util.test.WatchDog.cancel(): canceling Tue May 12 14:18:10 UTC 2020
auto.tcl: Setting watchdog for 200 seconds at Tue May 12 14:18:10 UTC 2020
7 ms. Memory: 55296K Free: 19700K (36%)
ptolemy.util.test.WatchDog.cancel(): canceling Tue May 12 14:18:10 UTC 2020
------------------ testing $PTII/ptolemy/domains/de/test/auto/MergeWithoutDiscard.xml
auto.tcl: Setting watchdog for 200 seconds at Tue May 12 14:18:11 UTC 2020
2 ms. Memory: 55296K Free: 35965K (65%)
ptolemy.util.test.WatchDog.cancel(): canceling Tue May 12 14:18:11 UTC 2020
auto.tcl: Setting watchdog for 200 seconds at Tue May 12 14:18:11 UTC 2020
1 ms. Memory: 55296K Free: 35496K (64%)
ptolemy.util.test.WatchDog.cancel(): canceling Tue May 12 14:18:11 UTC 2020
------------------ testing $PTII/ptolemy/domains/de/test/auto/Modal1.xml
auto.tcl: Setting watchdog for 200 seconds at Tue May 12 14:18:11 UTC 2020
14 ms. Memory: 55296K Free: 27568K (50%)
ptolemy.util.test.WatchDog.cancel(): canceling Tue May 12 14:18:11 UTC 2020
auto.tcl: Setting watchdog for 200 seconds at Tue May 12 14:18:11 UTC 2020
22 ms. Memory: 55296K Free: 24061K (44%)
ptolemy.util.test.WatchDog.cancel(): canceling Tue May 12 14:18:11 UTC 2020
------------------ testing $PTII/ptolemy/domains/de/test/auto/Modal2.xml
auto.tcl: Setting watchdog for 200 seconds at Tue May 12 14:18:11 UTC 2020
14 ms. Memory: 55296K Free: 27677K (50%)
ptolemy.util.test.WatchDog.cancel(): canceling Tue May 12 14:18:11 UTC 2020
auto.tcl: Setting watchdog for 200 seconds at Tue May 12 14:18:11 UTC 2020
16 ms. Memory: 55296K Free: 24428K (44%)
ptolemy.util.test.WatchDog.cancel(): canceling Tue May 12 14:18:11 UTC 2020
------------------ testing $PTII/ptolemy/domains/de/test/auto/Modal3.xml
auto.tcl: Setting watchdog for 200 seconds at Tue May 12 14:18:11 UTC 2020
14 ms. Memory: 55296K Free: 27354K (49%)
ptolemy.util.test.WatchDog.cancel(): canceling Tue May 12 14:18:11 UTC 2020
auto.tcl: Setting watchdog for 200 seconds at Tue May 12 14:18:11 UTC 2020
16 ms. Memory: 55296K Free: 24419K (44%)
ptolemy.util.test.WatchDog.cancel(): canceling Tue May 12 14:18:11 UTC 2020
------------------ testing $PTII/ptolemy/domains/de/test/auto/Modal4.xml
auto.tcl: Setting watchdog for 200 seconds at Tue May 12 14:18:11 UTC 2020
12 ms. Memory: 55296K Free: 26649K (48%)
ptolemy.util.test.WatchDog.cancel(): canceling Tue May 12 14:18:11 UTC 2020
auto.tcl: Setting watchdog for 200 seconds at Tue May 12 14:18:11 UTC 2020
13 ms. Memory: 55296K Free: 22835K (41%)
ptolemy.util.test.WatchDog.cancel(): canceling Tue May 12 14:18:11 UTC 2020
------------------ testing $PTII/ptolemy/domains/de/test/auto/Modal5.xml
auto.tcl: Setting watchdog for 200 seconds at Tue May 12 14:18:11 UTC 2020
15 ms. Memory: 55296K Free: 26619K (48%)
ptolemy.util.test.WatchDog.cancel(): canceling Tue May 12 14:18:11 UTC 2020
auto.tcl: Setting watchdog for 200 seconds at Tue May 12 14:18:11 UTC 2020
13 ms. Memory: 55296K Free: 22822K (41%)
ptolemy.util.test.WatchDog.cancel(): canceling Tue May 12 14:18:11 UTC 2020
------------------ testing $PTII/ptolemy/domains/de/test/auto/Modal6.xml
auto.tcl: Setting watchdog for 200 seconds at Tue May 12 14:18:11 UTC 2020
16 ms. Memory: 55296K Free: 27351K (49%)
ptolemy.util.test.WatchDog.cancel(): canceling Tue May 12 14:18:11 UTC 2020
auto.tcl: Setting watchdog for 200 seconds at Tue May 12 14:18:11 UTC 2020
15 ms. Memory: 55296K Free: 23407K (42%)
ptolemy.util.test.WatchDog.cancel(): canceling Tue May 12 14:18:11 UTC 2020
------------------ testing $PTII/ptolemy/domains/de/test/auto/Modal7.xml
auto.tcl: Setting watchdog for 200 seconds at Tue May 12 14:18:11 UTC 2020
9 ms. Memory: 51200K Free: 22293K (44%)
ptolemy.util.test.WatchDog.cancel(): canceling Tue May 12 14:18:11 UTC 2020
auto.tcl: Setting watchdog for 200 seconds at Tue May 12 14:18:11 UTC 2020
10 ms. Memory: 51200K Free: 18725K (37%)
ptolemy.util.test.WatchDog.cancel(): canceling Tue May 12 14:18:11 UTC 2020
------------------ testing $PTII/ptolemy/domains/de/test/auto/ModalModel.xml
auto.tcl: Setting watchdog for 200 seconds at Tue May 12 14:18:11 UTC 2020
174 ms. Memory: 51200K Free: 14178K (28%)
ptolemy.util.test.WatchDog.cancel(): canceling Tue May 12 14:18:12 UTC 2020
auto.tcl: Setting watchdog for 200 seconds at Tue May 12 14:18:12 UTC 2020
179 ms. Memory: 66560K Free: 21085K (32%)
ptolemy.util.test.WatchDog.cancel(): canceling Tue May 12 14:18:12 UTC 2020
------------------ testing $PTII/ptolemy/domains/de/test/auto/ModalSource.xml
auto.tcl: Setting watchdog for 200 seconds at Tue May 12 14:18:12 UTC 2020
8 ms. Memory: 55296K Free: 31495K (57%)
ptolemy.util.test.WatchDog.cancel(): canceling Tue May 12 14:18:12 UTC 2020
auto.tcl: Setting watchdog for 200 seconds at Tue May 12 14:18:12 UTC 2020
5 ms. Memory: 55296K Free: 29447K (53%)
ptolemy.util.test.WatchDog.cancel(): canceling Tue May 12 14:18:12 UTC 2020
------------------ testing $PTII/ptolemy/domains/de/test/auto/NonInterruptibleTimerZeroDelay.xml
auto.tcl: Setting watchdog for 200 seconds at Tue May 12 14:18:12 UTC 2020
4 ms. Memory: 51200K Free: 32335K (63%)
ptolemy.util.test.WatchDog.cancel(): canceling Tue May 12 14:18:12 UTC 2020
auto.tcl: Setting watchdog for 200 seconds at Tue May 12 14:18:12 UTC 2020
3 ms. Memory: 51200K Free: 31671K (62%)
ptolemy.util.test.WatchDog.cancel(): canceling Tue May 12 14:18:12 UTC 2020
------------------ testing $PTII/ptolemy/domains/de/test/auto/OpenQueueingNetwork.xml
auto.tcl: Setting watchdog for 200 seconds at Tue May 12 14:18:12 UTC 2020
2729 ms. Memory: 94208K Free: 60973K (65%)
ptolemy.util.test.WatchDog.cancel(): canceling Tue May 12 14:18:15 UTC 2020
auto.tcl: Setting watchdog for 200 seconds at Tue May 12 14:18:15 UTC 2020
2105 ms. Memory: 113664K Free: 37430K (33%)
ptolemy.util.test.WatchDog.cancel(): canceling Tue May 12 14:18:17 UTC 2020
------------------ testing $PTII/ptolemy/domains/de/test/auto/OpenQueuingNetwork.xml
auto.tcl: Setting watchdog for 200 seconds at Tue May 12 14:18:17 UTC 2020
218 ms. Memory: 58368K Free: 29513K (51%)
ptolemy.util.test.WatchDog.cancel(): canceling Tue May 12 14:18:17 UTC 2020
auto.tcl: Setting watchdog for 200 seconds at Tue May 12 14:18:17 UTC 2020
211 ms. Memory: 58368K Free: 9966K (17%)
ptolemy.util.test.WatchDog.cancel(): canceling Tue May 12 14:18:17 UTC 2020
------------------ testing $PTII/ptolemy/domains/de/test/auto/PeriodicSampler.xml
auto.tcl: Setting watchdog for 200 seconds at Tue May 12 14:18:18 UTC 2020
2 ms. Memory: 55296K Free: 35628K (64%)
ptolemy.util.test.WatchDog.cancel(): canceling Tue May 12 14:18:18 UTC 2020
auto.tcl: Setting watchdog for 200 seconds at Tue May 12 14:18:18 UTC 2020
2 ms. Memory: 55296K Free: 35108K (63%)
ptolemy.util.test.WatchDog.cancel(): canceling Tue May 12 14:18:18 UTC 2020
------------------ testing $PTII/ptolemy/domains/de/test/auto/PersistentIO.xml
auto.tcl: Setting watchdog for 200 seconds at Tue May 12 14:18:18 UTC 2020
13 ms. Memory: 55296K Free: 30552K (55%)
ptolemy.util.test.WatchDog.cancel(): canceling Tue May 12 14:18:18 UTC 2020
auto.tcl: Setting watchdog for 200 seconds at Tue May 12 14:18:18 UTC 2020
3 ms. Memory: 55296K Free: 29032K (53%)
ptolemy.util.test.WatchDog.cancel(): canceling Tue May 12 14:18:18 UTC 2020
------------------ testing $PTII/ptolemy/domains/de/test/auto/PortParameterResetOnInitialize.xml
auto.tcl: Setting watchdog for 200 seconds at Tue May 12 14:18:18 UTC 2020
5 ms. Memory: 55296K Free: 35550K (64%)
ptolemy.util.test.WatchDog.cancel(): canceling Tue May 12 14:18:18 UTC 2020
auto.tcl: Setting watchdog for 200 seconds at Tue May 12 14:18:18 UTC 2020
2 ms. Memory: 55296K Free: 35038K (63%)
ptolemy.util.test.WatchDog.cancel(): canceling Tue May 12 14:18:18 UTC 2020
------------------ testing $PTII/ptolemy/domains/de/test/auto/PortParameterUpdates.xml
auto.tcl: Setting watchdog for 200 seconds at Tue May 12 14:18:18 UTC 2020
3 ms. Memory: 55296K Free: 33621K (61%)
ptolemy.util.test.WatchDog.cancel(): canceling Tue May 12 14:18:18 UTC 2020
auto.tcl: Setting watchdog for 200 seconds at Tue May 12 14:18:18 UTC 2020
3 ms. Memory: 55296K Free: 32611K (59%)
ptolemy.util.test.WatchDog.cancel(): canceling Tue May 12 14:18:18 UTC 2020
------------------ testing $PTII/ptolemy/domains/de/test/auto/QueueAndServer.xml
auto.tcl: Setting watchdog for 200 seconds at Tue May 12 14:18:18 UTC 2020
12 ms. Memory: 55296K Free: 32572K (59%)
ptolemy.util.test.WatchDog.cancel(): canceling Tue May 12 14:18:18 UTC 2020
auto.tcl: Setting watchdog for 200 seconds at Tue May 12 14:18:18 UTC 2020
5 ms. Memory: 55296K Free: 31038K (56%)
ptolemy.util.test.WatchDog.cancel(): canceling Tue May 12 14:18:18 UTC 2020
------------------ testing $PTII/ptolemy/domains/de/test/auto/Records.xml
auto.tcl: Setting watchdog for 200 seconds at Tue May 12 14:18:18 UTC 2020
3 ms. Memory: 55296K Free: 34769K (63%)
ptolemy.util.test.WatchDog.cancel(): canceling Tue May 12 14:18:18 UTC 2020
auto.tcl: Setting watchdog for 200 seconds at Tue May 12 14:18:18 UTC 2020
2 ms. Memory: 55296K Free: 34254K (62%)
ptolemy.util.test.WatchDog.cancel(): canceling Tue May 12 14:18:18 UTC 2020
------------------ testing $PTII/ptolemy/domains/de/test/auto/ResetTransitionWithStartTime1.xml
auto.tcl: Setting watchdog for 200 seconds at Tue May 12 14:18:18 UTC 2020
14 ms. Memory: 55296K Free: 32034K (58%)
ptolemy.util.test.WatchDog.cancel(): canceling Tue May 12 14:18:18 UTC 2020
auto.tcl: Setting watchdog for 200 seconds at Tue May 12 14:18:18 UTC 2020
7 ms. Memory: 55296K Free: 29472K (53%)
ptolemy.util.test.WatchDog.cancel(): canceling Tue May 12 14:18:18 UTC 2020
------------------ testing $PTII/ptolemy/domains/de/test/auto/ResetTransitionWithStartTime2.xml
auto.tcl: Setting watchdog for 200 seconds at Tue May 12 14:18:18 UTC 2020
6 ms. Memory: 55296K Free: 31326K (57%)
ptolemy.util.test.WatchDog.cancel(): canceling Tue May 12 14:18:18 UTC 2020
auto.tcl: Setting watchdog for 200 seconds at Tue May 12 14:18:18 UTC 2020
6 ms. Memory: 55296K Free: 29412K (53%)
ptolemy.util.test.WatchDog.cancel(): canceling Tue May 12 14:18:18 UTC 2020
------------------ testing $PTII/ptolemy/domains/de/test/auto/ResetTransitionWithStartTime3.xml
auto.tcl: Setting watchdog for 200 seconds at Tue May 12 14:18:18 UTC 2020
6 ms. Memory: 55296K Free: 31987K (58%)
ptolemy.util.test.WatchDog.cancel(): canceling Tue May 12 14:18:18 UTC 2020
auto.tcl: Setting watchdog for 200 seconds at Tue May 12 14:18:18 UTC 2020
5 ms. Memory: 55296K Free: 29425K (53%)
ptolemy.util.test.WatchDog.cancel(): canceling Tue May 12 14:18:18 UTC 2020
------------------ testing $PTII/ptolemy/domains/de/test/auto/ResetTransitionWithStartTime4.xml
auto.tcl: Setting watchdog for 200 seconds at Tue May 12 14:18:18 UTC 2020
6 ms. Memory: 55296K Free: 32389K (59%)
ptolemy.util.test.WatchDog.cancel(): canceling Tue May 12 14:18:18 UTC 2020
auto.tcl: Setting watchdog for 200 seconds at Tue May 12 14:18:18 UTC 2020
4 ms. Memory: 55296K Free: 30961K (56%)
ptolemy.util.test.WatchDog.cancel(): canceling Tue May 12 14:18:18 UTC 2020
------------------ testing $PTII/ptolemy/domains/de/test/auto/ResettableTimer1.xml
auto.tcl: Setting watchdog for 200 seconds at Tue May 12 14:18:18 UTC 2020
3 ms. Memory: 55296K Free: 36089K (65%)
ptolemy.util.test.WatchDog.cancel(): canceling Tue May 12 14:18:18 UTC 2020
auto.tcl: Setting watchdog for 200 seconds at Tue May 12 14:18:18 UTC 2020
2 ms. Memory: 55296K Free: 35037K (63%)
ptolemy.util.test.WatchDog.cancel(): canceling Tue May 12 14:18:18 UTC 2020
------------------ testing $PTII/ptolemy/domains/de/test/auto/ResettableTimer2.xml
auto.tcl: Setting watchdog for 200 seconds at Tue May 12 14:18:18 UTC 2020
2 ms. Memory: 55296K Free: 36148K (65%)
ptolemy.util.test.WatchDog.cancel(): canceling Tue May 12 14:18:18 UTC 2020
auto.tcl: Setting watchdog for 200 seconds at Tue May 12 14:18:18 UTC 2020
4 ms. Memory: 55296K Free: 35096K (63%)
ptolemy.util.test.WatchDog.cancel(): canceling Tue May 12 14:18:18 UTC 2020
------------------ testing $PTII/ptolemy/domains/de/test/auto/ResettableTimer3.xml
auto.tcl: Setting watchdog for 200 seconds at Tue May 12 14:18:18 UTC 2020
1 ms. Memory: 55296K Free: 36495K (66%)
ptolemy.util.test.WatchDog.cancel(): canceling Tue May 12 14:18:18 UTC 2020
auto.tcl: Setting watchdog for 200 seconds at Tue May 12 14:18:18 UTC 2020
1 ms. Memory: 55296K Free: 35605K (64%)
ptolemy.util.test.WatchDog.cancel(): canceling Tue May 12 14:18:18 UTC 2020
------------------ testing $PTII/ptolemy/domains/de/test/auto/ResettableTimer4.xml
auto.tcl: Setting watchdog for 200 seconds at Tue May 12 14:18:18 UTC 2020
2 ms. Memory: 55296K Free: 36133K (65%)
ptolemy.util.test.WatchDog.cancel(): canceling Tue May 12 14:18:18 UTC 2020
auto.tcl: Setting watchdog for 200 seconds at Tue May 12 14:18:18 UTC 2020
1 ms. Memory: 55296K Free: 36133K (65%)
ptolemy.util.test.WatchDog.cancel(): canceling Tue May 12 14:18:18 UTC 2020
------------------ testing $PTII/ptolemy/domains/de/test/auto/ResettableTimer5.xml
auto.tcl: Setting watchdog for 200 seconds at Tue May 12 14:18:18 UTC 2020
2 ms. Memory: 55296K Free: 36131K (65%)
ptolemy.util.test.WatchDog.cancel(): canceling Tue May 12 14:18:18 UTC 2020
auto.tcl: Setting watchdog for 200 seconds at Tue May 12 14:18:18 UTC 2020
2 ms. Memory: 55296K Free: 35617K (64%)
ptolemy.util.test.WatchDog.cancel(): canceling Tue May 12 14:18:18 UTC 2020
------------------ testing $PTII/ptolemy/domains/de/test/auto/ResettableTimer6.xml
auto.tcl: Setting watchdog for 200 seconds at Tue May 12 14:18:19 UTC 2020
2 ms. Memory: 55296K Free: 35608K (64%)
ptolemy.util.test.WatchDog.cancel(): canceling Tue May 12 14:18:19 UTC 2020
auto.tcl: Setting watchdog for 200 seconds at Tue May 12 14:18:19 UTC 2020
2 ms. Memory: 55296K Free: 35098K (63%)
ptolemy.util.test.WatchDog.cancel(): canceling Tue May 12 14:18:19 UTC 2020
------------------ testing $PTII/ptolemy/domains/de/test/auto/ServerZeroDelay.xml
auto.tcl: Setting watchdog for 200 seconds at Tue May 12 14:18:19 UTC 2020
4 ms. Memory: 51200K Free: 32017K (63%)
ptolemy.util.test.WatchDog.cancel(): canceling Tue May 12 14:18:19 UTC 2020
auto.tcl: Setting watchdog for 200 seconds at Tue May 12 14:18:19 UTC 2020
2 ms. Memory: 51200K Free: 30993K (61%)
ptolemy.util.test.WatchDog.cancel(): canceling Tue May 12 14:18:19 UTC 2020
------------------ testing $PTII/ptolemy/domains/de/test/auto/SmartSender.xml
auto.tcl: Setting watchdog for 200 seconds at Tue May 12 14:18:19 UTC 2020
3002 ms. Memory: 51200K Free: 32012K (63%)
ptolemy.util.test.WatchDog.cancel(): canceling Tue May 12 14:18:22 UTC 2020
auto.tcl: Setting watchdog for 200 seconds at Tue May 12 14:18:22 UTC 2020
3001 ms. Memory: 51200K Free: 31512K (62%)
ptolemy.util.test.WatchDog.cancel(): canceling Tue May 12 14:18:25 UTC 2020
------------------ testing $PTII/ptolemy/domains/de/test/auto/ThreadedComposite.xml
auto.tcl: Setting watchdog for 200 seconds at Tue May 12 14:18:25 UTC 2020
261 ms. Memory: 51200K Free: 8474K (17%)
ptolemy.util.test.WatchDog.cancel(): canceling Tue May 12 14:18:25 UTC 2020
auto.tcl: Setting watchdog for 200 seconds at Tue May 12 14:18:25 UTC 2020
149 ms. Memory: 51200K Free: 22977K (45%)
ptolemy.util.test.WatchDog.cancel(): canceling Tue May 12 14:18:25 UTC 2020
------------------ testing $PTII/ptolemy/domains/de/test/auto/Time.xml
auto.tcl: Setting watchdog for 200 seconds at Tue May 12 14:18:25 UTC 2020
422 ms. Memory: 74752K Free: 32612K (44%)
ptolemy.util.test.WatchDog.cancel(): canceling Tue May 12 14:18:26 UTC 2020
auto.tcl: Setting watchdog for 200 seconds at Tue May 12 14:18:26 UTC 2020
362 ms. Memory: 74752K Free: 22622K (30%)
ptolemy.util.test.WatchDog.cancel(): canceling Tue May 12 14:18:26 UTC 2020
------------------ testing $PTII/ptolemy/domains/de/test/auto/TimeDelayZeroDelay.xml
auto.tcl: Setting watchdog for 200 seconds at Tue May 12 14:18:26 UTC 2020
3 ms. Memory: 55296K Free: 36038K (65%)
ptolemy.util.test.WatchDog.cancel(): canceling Tue May 12 14:18:26 UTC 2020
auto.tcl: Setting watchdog for 200 seconds at Tue May 12 14:18:26 UTC 2020
2 ms. Memory: 55296K Free: 35209K (64%)
ptolemy.util.test.WatchDog.cancel(): canceling Tue May 12 14:18:26 UTC 2020
------------------ testing $PTII/ptolemy/domains/de/test/auto/TimerZeroDelay.xml
auto.tcl: Setting watchdog for 200 seconds at Tue May 12 14:18:26 UTC 2020
3 ms. Memory: 55296K Free: 36466K (66%)
ptolemy.util.test.WatchDog.cancel(): canceling Tue May 12 14:18:26 UTC 2020
auto.tcl: Setting watchdog for 200 seconds at Tue May 12 14:18:26 UTC 2020
2 ms. Memory: 55296K Free: 35671K (65%)
ptolemy.util.test.WatchDog.cancel(): canceling Tue May 12 14:18:26 UTC 2020
------------------ testing $PTII/ptolemy/domains/de/test/auto/TimingParadox.xml
auto.tcl: Setting watchdog for 200 seconds at Tue May 12 14:18:26 UTC 2020
279 ms. Memory: 55296K Free: 29281K (53%)
ptolemy.util.test.WatchDog.cancel(): canceling Tue May 12 14:18:27 UTC 2020
auto.tcl: Setting watchdog for 200 seconds at Tue May 12 14:18:27 UTC 2020
288 ms. Memory: 55296K Free: 23716K (43%)
ptolemy.util.test.WatchDog.cancel(): canceling Tue May 12 14:18:27 UTC 2020
------------------ testing $PTII/ptolemy/domains/de/test/auto/TransferInputs.xml
auto.tcl: Setting watchdog for 200 seconds at Tue May 12 14:18:27 UTC 2020
2 ms. Memory: 55296K Free: 34547K (62%)
ptolemy.util.test.WatchDog.cancel(): canceling Tue May 12 14:18:27 UTC 2020
auto.tcl: Setting watchdog for 200 seconds at Tue May 12 14:18:27 UTC 2020
2 ms. Memory: 55296K Free: 33616K (61%)
ptolemy.util.test.WatchDog.cancel(): canceling Tue May 12 14:18:27 UTC 2020
------------------ testing $PTII/ptolemy/domains/de/test/auto/TransferOutputs2.xml
auto.tcl: Setting watchdog for 200 seconds at Tue May 12 14:18:27 UTC 2020
3 ms. Memory: 51200K Free: 27893K (54%)
ptolemy.util.test.WatchDog.cancel(): canceling Tue May 12 14:18:27 UTC 2020
auto.tcl: Setting watchdog for 200 seconds at Tue May 12 14:18:27 UTC 2020
2 ms. Memory: 51200K Free: 26449K (52%)
ptolemy.util.test.WatchDog.cancel(): canceling Tue May 12 14:18:27 UTC 2020
------------------ testing $PTII/ptolemy/domains/de/test/auto/Trilateration.xml
auto.tcl: Setting watchdog for 200 seconds at Tue May 12 14:18:27 UTC 2020
11230 ms. Memory: 452608K Free: 248314K (55%)
ptolemy.util.test.WatchDog.cancel(): canceling Tue May 12 14:18:40 UTC 2020
auto.tcl: Setting watchdog for 200 seconds at Tue May 12 14:18:40 UTC 2020
9034 ms. Memory: 452608K Free: 292312K (65%)
ptolemy.util.test.WatchDog.cancel(): canceling Tue May 12 14:18:49 UTC 2020
------------------ testing $PTII/ptolemy/domains/de/test/auto/TwoSigmaDelta.xml
auto.tcl: Setting watchdog for 200 seconds at Tue May 12 14:18:49 UTC 2020
2337 ms. Memory: 92160K Free: 18386K (20%)
ptolemy.util.test.WatchDog.cancel(): canceling Tue May 12 14:18:51 UTC 2020
auto.tcl: Setting watchdog for 200 seconds at Tue May 12 14:18:51 UTC 2020
1929 ms. Memory: 92160K Free: 14270K (15%)
ptolemy.util.test.WatchDog.cancel(): canceling Tue May 12 14:18:53 UTC 2020
------------------ testing $PTII/ptolemy/domains/de/test/auto/VariableDelay.xml
auto.tcl: Setting watchdog for 200 seconds at Tue May 12 14:18:53 UTC 2020
2 ms. Memory: 55296K Free: 35028K (63%)
ptolemy.util.test.WatchDog.cancel(): canceling Tue May 12 14:18:53 UTC 2020
auto.tcl: Setting watchdog for 200 seconds at Tue May 12 14:18:53 UTC 2020
2 ms. Memory: 55296K Free: 34020K (62%)
ptolemy.util.test.WatchDog.cancel(): canceling Tue May 12 14:18:53 UTC 2020
------------------ testing $PTII/ptolemy/domains/de/test/auto/VariableDelay2.xml
auto.tcl: Setting watchdog for 200 seconds at Tue May 12 14:18:53 UTC 2020
1 ms. Memory: 55296K Free: 35999K (65%)
ptolemy.util.test.WatchDog.cancel(): canceling Tue May 12 14:18:53 UTC 2020
auto.tcl: Setting watchdog for 200 seconds at Tue May 12 14:18:53 UTC 2020
2 ms. Memory: 55296K Free: 34947K (63%)
ptolemy.util.test.WatchDog.cancel(): canceling Tue May 12 14:18:53 UTC 2020
------------------ testing $PTII/ptolemy/domains/de/test/auto/VariableDelayZeroDelay.xml
auto.tcl: Setting watchdog for 200 seconds at Tue May 12 14:18:53 UTC 2020
2 ms. Memory: 55296K Free: 35970K (65%)
ptolemy.util.test.WatchDog.cancel(): canceling Tue May 12 14:18:53 UTC 2020
auto.tcl: Setting watchdog for 200 seconds at Tue May 12 14:18:53 UTC 2020
1 ms. Memory: 55296K Free: 35442K (64%)
ptolemy.util.test.WatchDog.cancel(): canceling Tue May 12 14:18:53 UTC 2020
------------------ testing $PTII/ptolemy/domains/de/test/auto/VariableDelayZeroDelay2.xml
auto.tcl: Setting watchdog for 200 seconds at Tue May 12 14:18:53 UTC 2020
2 ms. Memory: 55296K Free: 35969K (65%)
ptolemy.util.test.WatchDog.cancel(): canceling Tue May 12 14:18:53 UTC 2020
auto.tcl: Setting watchdog for 200 seconds at Tue May 12 14:18:53 UTC 2020
2 ms. Memory: 55296K Free: 34945K (63%)
ptolemy.util.test.WatchDog.cancel(): canceling Tue May 12 14:18:53 UTC 2020
------------------ testing $PTII/ptolemy/domains/de/test/auto/deInCt.xml
auto.tcl: Setting watchdog for 200 seconds at Tue May 12 14:18:53 UTC 2020
0
1
1
1
0
0
1
1
1
0
0
0
0
0
1
1
1
1
0
0
0
1
1
1
0
0
0
0
1
1
1
0
0
0
1
1
1
0
0
0
0
16 ms. Memory: 55296K Free: 34942K (63%)
ptolemy.util.test.WatchDog.cancel(): canceling Tue May 12 14:18:53 UTC 2020
auto.tcl: Setting watchdog for 200 seconds at Tue May 12 14:18:53 UTC 2020
0
1
1
1
0
0
0
1
1
1
0
0
0
0
0
0
1
1
1
1
0
0
0
1
1
1
0
0
1
1
1
0
0
0
1
1
1
0
0
0
0
1
1
0
0
0
1
1
1
0
0
0
11 ms. Memory: 55296K Free: 33404K (60%)
ptolemy.util.test.WatchDog.cancel(): canceling Tue May 12 14:18:53 UTC 2020
------------------ testing $PTII/ptolemy/domains/de/test/auto/deInCt2.xml
auto.tcl: Setting watchdog for 200 seconds at Tue May 12 14:18:53 UTC 2020
0
1
1
1
0
0
1
1
1
0
0
1
1
1
0
0
1
1
1
0
0
1
1
1
0
0
1
1
1
0
0
1
1
1
0
0
1
1
1
0
0
0
7 ms. Memory: 55296K Free: 34943K (63%)
ptolemy.util.test.WatchDog.cancel(): canceling Tue May 12 14:18:53 UTC 2020
auto.tcl: Setting watchdog for 200 seconds at Tue May 12 14:18:53 UTC 2020
0
1
1
1
0
0
1
1
1
0
0
1
1
1
0
0
1
1
1
0
0
1
1
1
0
0
1
1
1
0
0
1
1
1
0
0
1
1
1
0
0
0
7 ms. Memory: 55296K Free: 33391K (60%)
ptolemy.util.test.WatchDog.cancel(): canceling Tue May 12 14:18:53 UTC 2020
------------------ testing $PTII/ptolemy/domains/de/test/auto/dynamicCausalityInterface1.xml
auto.tcl: Setting watchdog for 200 seconds at Tue May 12 14:18:53 UTC 2020
2 ms. Memory: 55296K Free: 30841K (56%)
ptolemy.util.test.WatchDog.cancel(): canceling Tue May 12 14:18:53 UTC 2020
auto.tcl: Setting watchdog for 200 seconds at Tue May 12 14:18:53 UTC 2020
1 ms. Memory: 55296K Free: 30327K (55%)
ptolemy.util.test.WatchDog.cancel(): canceling Tue May 12 14:18:53 UTC 2020
------------------ testing $PTII/ptolemy/domains/de/test/auto/fsm_de_test.xml
auto.tcl: Setting watchdog for 200 seconds at Tue May 12 14:18:54 UTC 2020
7 ms. Memory: 55296K Free: 30740K (56%)
ptolemy.util.test.WatchDog.cancel(): canceling Tue May 12 14:18:54 UTC 2020
auto.tcl: Setting watchdog for 200 seconds at Tue May 12 14:18:54 UTC 2020
6 ms. Memory: 55296K Free: 28692K (52%)
ptolemy.util.test.WatchDog.cancel(): canceling Tue May 12 14:18:54 UTC 2020
------------------ testing $PTII/ptolemy/domains/de/test/auto/functionDependencyReconstruction.xml
auto.tcl: Setting watchdog for 200 seconds at Tue May 12 14:18:54 UTC 2020
3 ms. Memory: 55296K Free: 24638K (45%)
ptolemy.util.test.WatchDog.cancel(): canceling Tue May 12 14:18:54 UTC 2020
auto.tcl: Setting watchdog for 200 seconds at Tue May 12 14:18:54 UTC 2020
3 ms. Memory: 55296K Free: 22537K (41%)
ptolemy.util.test.WatchDog.cancel(): canceling Tue May 12 14:18:54 UTC 2020
------------------ testing $PTII/ptolemy/domains/de/test/auto/multirate.xml
auto.tcl: Setting watchdog for 200 seconds at Tue May 12 14:18:54 UTC 2020
3 ms. Memory: 55296K Free: 33359K (60%)
ptolemy.util.test.WatchDog.cancel(): canceling Tue May 12 14:18:54 UTC 2020
auto.tcl: Setting watchdog for 200 seconds at Tue May 12 14:18:54 UTC 2020
4 ms. Memory: 55296K Free: 31635K (57%)
ptolemy.util.test.WatchDog.cancel(): canceling Tue May 12 14:18:54 UTC 2020
------------------ testing $PTII/ptolemy/domains/de/test/auto/multirate2.xml
auto.tcl: Setting watchdog for 200 seconds at Tue May 12 14:18:54 UTC 2020
8 ms. Memory: 55296K Free: 33336K (60%)
ptolemy.util.test.WatchDog.cancel(): canceling Tue May 12 14:18:54 UTC 2020
auto.tcl: Setting watchdog for 200 seconds at Tue May 12 14:18:54 UTC 2020
3 ms. Memory: 55296K Free: 31816K (58%)
ptolemy.util.test.WatchDog.cancel(): canceling Tue May 12 14:18:54 UTC 2020
------------------ testing $PTII/ptolemy/domains/de/test/auto/realtime.xml
auto.tcl: Setting watchdog for 200 seconds at Tue May 12 14:18:54 UTC 2020
10002 ms. Memory: 55296K Free: 35592K (64%)
ptolemy.util.test.WatchDog.cancel(): canceling Tue May 12 14:19:04 UTC 2020
auto.tcl: Setting watchdog for 200 seconds at Tue May 12 14:19:04 UTC 2020
10002 ms. Memory: 55296K Free: 34887K (63%)
ptolemy.util.test.WatchDog.cancel(): canceling Tue May 12 14:19:14 UTC 2020
------------------ testing $PTII/ptolemy/domains/de/test/auto/relationGroup.xml
auto.tcl: Setting watchdog for 200 seconds at Tue May 12 14:19:14 UTC 2020
2 ms. Memory: 55296K Free: 36652K (66%)
ptolemy.util.test.WatchDog.cancel(): canceling Tue May 12 14:19:14 UTC 2020
auto.tcl: Setting watchdog for 200 seconds at Tue May 12 14:19:14 UTC 2020
2 ms. Memory: 55296K Free: 35937K (65%)
ptolemy.util.test.WatchDog.cancel(): canceling Tue May 12 14:19:14 UTC 2020
------------------ testing $PTII/ptolemy/domains/de/test/auto/relationGroup2.xml
auto.tcl: Setting watchdog for 200 seconds at Tue May 12 14:19:14 UTC 2020
1 ms. Memory: 55296K Free: 36708K (66%)
ptolemy.util.test.WatchDog.cancel(): canceling Tue May 12 14:19:14 UTC 2020
auto.tcl: Setting watchdog for 200 seconds at Tue May 12 14:19:14 UTC 2020
1 ms. Memory: 55296K Free: 35993K (65%)
ptolemy.util.test.WatchDog.cancel(): canceling Tue May 12 14:19:14 UTC 2020
------------------ testing $PTII/ptolemy/domains/de/test/auto/sortWithOpaquePorts.xml
auto.tcl: Setting watchdog for 200 seconds at Tue May 12 14:19:14 UTC 2020
2 ms. Memory: 51200K Free: 31370K (61%)
ptolemy.util.test.WatchDog.cancel(): canceling Tue May 12 14:19:14 UTC 2020
auto.tcl: Setting watchdog for 200 seconds at Tue May 12 14:19:14 UTC 2020
2 ms. Memory: 51200K Free: 30346K (59%)
ptolemy.util.test.WatchDog.cancel(): canceling Tue May 12 14:19:14 UTC 2020
------------------ testing $PTII/ptolemy/domains/de/test/auto/transferInputsandOutputs.xml
auto.tcl: Setting watchdog for 200 seconds at Tue May 12 14:19:14 UTC 2020
2 ms. Memory: 51200K Free: 28814K (56%)
ptolemy.util.test.WatchDog.cancel(): canceling Tue May 12 14:19:14 UTC 2020
auto.tcl: Setting watchdog for 200 seconds at Tue May 12 14:19:14 UTC 2020
3 ms. Memory: 51200K Free: 27790K (54%)
ptolemy.util.test.WatchDog.cancel(): canceling Tue May 12 14:19:14 UTC 2020
------------------ testing $PTII/ptolemy/domains/de/test/auto/triggerType.xml
auto.tcl: Setting watchdog for 200 seconds at Tue May 12 14:19:14 UTC 2020
1 ms. Memory: 51200K Free: 31839K (62%)
ptolemy.util.test.WatchDog.cancel(): canceling Tue May 12 14:19:14 UTC 2020
auto.tcl: Setting watchdog for 200 seconds at Tue May 12 14:19:14 UTC 2020
2 ms. Memory: 51200K Free: 30825K (60%)
ptolemy.util.test.WatchDog.cancel(): canceling Tue May 12 14:19:14 UTC 2020
05/12/20 02:19:14
Failed: 0  Total Tests: 192  ((Passed: 187, Newly Passed: 1)  Known Failed: 5) /home/travis/build/icyphy/ptII/ptolemy/domains/de/test
05/12/20 02:19:14
Failed: 0  Total Tests: 192  ((Passed: 187, Newly Passed: 1)  Known Failed: 5) /home/travis/build/icyphy/ptII/ptolemy/domains/de/test
----------------- testing (KnownFailure) /home/travis/build/icyphy/ptII/ptolemy/domains/de/test/auto/knownFailedTests/DESDFClockTest.xml
2020 ms. Memory: 51200K Free: 25234K (49%)
Known Failure: java.lang.reflect.InvocationTargetException
----------------- testing (KnownFailure) /home/travis/build/icyphy/ptII/ptolemy/domains/de/test/auto/knownFailedTests/DirectFeedback.xml
2 ms. Memory: 51200K Free: 20628K (40%)
Known Failure: java.lang.reflect.InvocationTargetException
----------------- testing (KnownFailure) /home/travis/build/icyphy/ptII/ptolemy/domains/de/test/auto/knownFailedTests/FSMSource.xml
20 ms. Memory: 51200K Free: 13460K (26%)
----------------- testing (KnownFailure) /home/travis/build/icyphy/ptII/ptolemy/domains/de/test/auto/knownFailedTests/HierarchicalModel.xml
2 ms. Memory: 51200K Free: 26267K (51%)
Known Failure: java.lang.reflect.InvocationTargetException
----------------- testing (KnownFailure) /home/travis/build/icyphy/ptII/ptolemy/domains/de/test/auto/knownFailedTests/dependencyLoop.xml
3 ms. Memory: 51200K Free: 10907K (21%)
Known Failure: java.lang.reflect.InvocationTargetException
----------------- testing (KnownFailure) /home/travis/build/icyphy/ptII/ptolemy/domains/de/test/auto/knownFailedTests/dependencyLoop2.xml
8 ms. Memory: 51200K Free: 23945K (47%)
Known Failure: java.lang.reflect.InvocationTargetException
No auto/linux-amd64/*.xml tests in /home/travis/build/icyphy/ptII/ptolemy/domains/de/test
AutoTests.java: About to close Vertx.
AutoTests.java: Vertx closed.

===========================================================================================
----------------- testing Tue May 12 14:19:16 UTC 2020 /home/travis/build/icyphy/ptII/ptolemy/domains/de/test/auto/ActorDepthCalculation_actorWithoutPorts.xml
----------------- Instantiating /home/travis/build/icyphy/ptII/ptolemy/domains/de/test/auto/ActorDepthCalculation_actorWithoutPorts.xml
2 ms. Memory: 51200K Free: 17141K (33%)
----------------- Invoking toplevel() on ptolemy.moml.MoMLSimpleApplication@564fb8f0
----------------- Done invoking toplevel() on ptolemy.moml.MoMLSimpleApplication@564fb8f0
reloadAllAccessors: .ActorDepthCalculation_actorWithoutPorts

===========================================================================================
----------------- testing Tue May 12 14:19:17 UTC 2020 /home/travis/build/icyphy/ptII/ptolemy/domains/de/test/auto/AssemblyLine.xml
----------------- Instantiating /home/travis/build/icyphy/ptII/ptolemy/domains/de/test/auto/AssemblyLine.xml
3 ms. Memory: 51200K Free: 9898K (19%)
----------------- Invoking toplevel() on ptolemy.moml.MoMLSimpleApplication@5ef463e4
----------------- Done invoking toplevel() on ptolemy.moml.MoMLSimpleApplication@5ef463e4
reloadAllAccessors: .AssemblyLine

===========================================================================================
----------------- testing Tue May 12 14:19:17 UTC 2020 /home/travis/build/icyphy/ptII/ptolemy/domains/de/test/auto/CQBug1.xml
----------------- Instantiating /home/travis/build/icyphy/ptII/ptolemy/domains/de/test/auto/CQBug1.xml
0 ms. Memory: 51200K Free: 6973K (14%)
----------------- Invoking toplevel() on ptolemy.moml.MoMLSimpleApplication@6c8bcb9a
----------------- Done invoking toplevel() on ptolemy.moml.MoMLSimpleApplication@6c8bcb9a
reloadAllAccessors: .CQBug1

===========================================================================================
----------------- testing Tue May 12 14:19:17 UTC 2020 /home/travis/build/icyphy/ptII/ptolemy/domains/de/test/auto/CancelFireAt.xml
----------------- Instantiating /home/travis/build/icyphy/ptII/ptolemy/domains/de/test/auto/CancelFireAt.xml
2 ms. Memory: 51200K Free: 33775K (66%)
----------------- Invoking toplevel() on ptolemy.moml.MoMLSimpleApplication@2ec93912
----------------- Done invoking toplevel() on ptolemy.moml.MoMLSimpleApplication@2ec93912
reloadAllAccessors: .CancelFireAt

===========================================================================================
----------------- testing Tue May 12 14:19:17 UTC 2020 /home/travis/build/icyphy/ptII/ptolemy/domains/de/test/auto/CausalityAndComposabilityAnalysis.xml
----------------- Instantiating /home/travis/build/icyphy/ptII/ptolemy/domains/de/test/auto/CausalityAndComposabilityAnalysis.xml
2 ms. Memory: 51200K Free: 29360K (57%)
----------------- Invoking toplevel() on ptolemy.moml.MoMLSimpleApplication@3534d38b
----------------- Done invoking toplevel() on ptolemy.moml.MoMLSimpleApplication@3534d38b
reloadAllAccessors: .CausalityAndComposabilityAnalysis

===========================================================================================
----------------- testing Tue May 12 14:19:17 UTC 2020 /home/travis/build/icyphy/ptII/ptolemy/domains/de/test/auto/CausalityInterface1.xml
----------------- Instantiating /home/travis/build/icyphy/ptII/ptolemy/domains/de/test/auto/CausalityInterface1.xml
5 ms. Memory: 51200K Free: 24270K (47%)
----------------- Invoking toplevel() on ptolemy.moml.MoMLSimpleApplication@13588433
----------------- Done invoking toplevel() on ptolemy.moml.MoMLSimpleApplication@13588433
reloadAllAccessors: .CausalityInterface1

===========================================================================================
----------------- testing Tue May 12 14:19:17 UTC 2020 /home/travis/build/icyphy/ptII/ptolemy/domains/de/test/auto/CausalityInterface15.xml
----------------- Instantiating /home/travis/build/icyphy/ptII/ptolemy/domains/de/test/auto/CausalityInterface15.xml
2 ms. Memory: 51200K Free: 18802K (37%)
----------------- Invoking toplevel() on ptolemy.moml.MoMLSimpleApplication@14f4fd4f
----------------- Done invoking toplevel() on ptolemy.moml.MoMLSimpleApplication@14f4fd4f
reloadAllAccessors: .CausalityInterface15

===========================================================================================
----------------- testing Tue May 12 14:19:17 UTC 2020 /home/travis/build/icyphy/ptII/ptolemy/domains/de/test/auto/CausalityInterface2.xml
----------------- Instantiating /home/travis/build/icyphy/ptII/ptolemy/domains/de/test/auto/CausalityInterface2.xml
2 ms. Memory: 51200K Free: 14319K (28%)
[...]
	at ptolemy.actor.Manager.run(Manager.java:1263)
	at ptolemy.actor.Manager$PtolemyRunThread.run(Manager.java:1933)
java.lang.RuntimeException: Execution failed
	at ptolemy.moml.MoMLSimpleApplication$UnloadThread.run(MoMLSimpleApplication.java:402)
Caused by: ptolemy.kernel.util.IllegalActionException: Actor is not ready to fire.  Perhaps UpSample.prefire() returned false? Try debugging the actor by selecting "Listen to Actor".  Also, for SDF check moml for tokenConsumptionRate on input.
  in .DESDFClockTest.Play Bell.Copy1:SDF Director and .DESDFClockTest.Play Bell.UpSample
	at ptolemy.actor.sched.StaticSchedulingDirector.fire(StaticSchedulingDirector.java:227)
	at ptolemy.domains.sdf.kernel.SDFDirector.fire(SDFDirector.java:500)
	at ptolemy.actor.CompositeActor.fire(CompositeActor.java:455)
	at ptolemy.domains.de.kernel.DEDirector._fire(DEDirector.java:1949)
	at ptolemy.domains.de.kernel.DEDirector.fire(DEDirector.java:502)
	at ptolemy.actor.CompositeActor.fire(CompositeActor.java:455)
	at ptolemy.actor.Manager.iterate(Manager.java:851)
	at ptolemy.actor.Manager.execute(Manager.java:369)
	at ptolemy.actor.Manager.run(Manager.java:1263)
	at ptolemy.actor.Manager$PtolemyRunThread.run(Manager.java:1933)
java.lang.reflect.InvocationTargetException
	at java.base/jdk.internal.reflect.NativeConstructorAccessorImpl.newInstance0(Native Method)
	at java.base/jdk.internal.reflect.NativeConstructorAccessorImpl.newInstance(NativeConstructorAccessorImpl.java:62)
	at java.base/jdk.internal.reflect.DelegatingConstructorAccessorImpl.newInstance(DelegatingConstructorAccessorImpl.java:45)
	at java.base/java.lang.reflect.Constructor.newInstance(Constructor.java:490)
	at ptolemy.util.test.junit.AutoKnownFailedTests.RunModel(AutoKnownFailedTests.java:105)
	at java.base/jdk.internal.reflect.NativeMethodAccessorImpl.invoke0(Native Method)
	at java.base/jdk.internal.reflect.NativeMethodAccessorImpl.invoke(NativeMethodAccessorImpl.java:62)
	at java.base/jdk.internal.reflect.DelegatingMethodAccessorImpl.invoke(DelegatingMethodAccessorImpl.java:43)
	at java.base/java.lang.reflect.Method.invoke(Method.java:566)
	at org.junit.runners.model.FrameworkMethod$1.runReflectiveCall(FrameworkMethod.java:44)
	at org.junit.internal.runners.model.ReflectiveCallable.run(ReflectiveCallable.java:15)
	at org.junit.runners.model.FrameworkMethod.invokeExplosively(FrameworkMethod.java:41)
	at junitparams.internal.InvokeParameterisedMethod.evaluate(InvokeParameterisedMethod.java:102)
	at org.junit.internal.runners.statements.FailOnTimeout$1.run(FailOnTimeout.java:28)
Caused by: ptolemy.kernel.util.IllegalActionException: Actor is not ready to fire.  Perhaps UpSample.prefire() returned false? Try debugging the actor by selecting "Listen to Actor".  Also, for SDF check moml for tokenConsumptionRate on input.
  in .DESDFClockTest.Play Bell.Copy1:SDF Director and .DESDFClockTest.Play Bell.UpSample
	at ptolemy.actor.sched.StaticSchedulingDirector.fire(StaticSchedulingDirector.java:227)
	at ptolemy.domains.sdf.kernel.SDFDirector.fire(SDFDirector.java:500)
	at ptolemy.actor.CompositeActor.fire(CompositeActor.java:455)
	at ptolemy.domains.de.kernel.DEDirector._fire(DEDirector.java:1949)
	at ptolemy.domains.de.kernel.DEDirector.fire(DEDirector.java:502)
	at ptolemy.actor.CompositeActor.fire(CompositeActor.java:455)
	at ptolemy.actor.Manager.iterate(Manager.java:851)
	at ptolemy.actor.Manager.execute(Manager.java:369)
	at ptolemy.actor.Manager.run(Manager.java:1263)
	at ptolemy.actor.Manager$PtolemyRunThread.run(Manager.java:1933)
java.lang.RuntimeException: Execution failed
	at ptolemy.moml.MoMLSimpleApplication$UnloadThread.run(MoMLSimpleApplication.java:402)
Caused by: ptolemy.kernel.util.IllegalActionException: Test fails in iteration 1.
Value was: 1.0. Should have been: 2.0
  in .DirectFeedback.Test
	at ptolemy.actor.lib.Test.fire(Test.java:268)
	at ptolemy.domains.de.kernel.DEDirector._fire(DEDirector.java:1949)
	at ptolemy.domains.de.kernel.DEDirector.fire(DEDirector.java:502)
	at ptolemy.actor.CompositeActor.fire(CompositeActor.java:455)
	at ptolemy.actor.Manager.iterate(Manager.java:851)
	at ptolemy.actor.Manager.execute(Manager.java:369)
	at ptolemy.actor.Manager.run(Manager.java:1263)
	at ptolemy.actor.Manager$PtolemyRunThread.run(Manager.java:1933)
java.lang.reflect.InvocationTargetException
	at java.base/jdk.internal.reflect.NativeConstructorAccessorImpl.newInstance0(Native Method)
	at java.base/jdk.internal.reflect.NativeConstructorAccessorImpl.newInstance(NativeConstructorAccessorImpl.java:62)
	at java.base/jdk.internal.reflect.DelegatingConstructorAccessorImpl.newInstance(DelegatingConstructorAccessorImpl.java:45)
	at java.base/java.lang.reflect.Constructor.newInstance(Constructor.java:490)
	at ptolemy.util.test.junit.AutoKnownFailedTests.RunModel(AutoKnownFailedTests.java:105)
	at java.base/jdk.internal.reflect.NativeMethodAccessorImpl.invoke0(Native Method)
	at java.base/jdk.internal.reflect.NativeMethodAccessorImpl.invoke(NativeMethodAccessorImpl.java:62)
	at java.base/jdk.internal.reflect.DelegatingMethodAccessorImpl.invoke(DelegatingMethodAccessorImpl.java:43)
	at java.base/java.lang.reflect.Method.invoke(Method.java:566)
	at org.junit.runners.model.FrameworkMethod$1.runReflectiveCall(FrameworkMethod.java:44)
	at org.junit.internal.runners.model.ReflectiveCallable.run(ReflectiveCallable.java:15)
	at org.junit.runners.model.FrameworkMethod.invokeExplosively(FrameworkMethod.java:41)
	at junitparams.internal.InvokeParameterisedMethod.evaluate(InvokeParameterisedMethod.java:102)
	at org.junit.internal.runners.statements.FailOnTimeout$1.run(FailOnTimeout.java:28)
Caused by: ptolemy.kernel.util.IllegalActionException: Test fails in iteration 1.
Value was: 1.0. Should have been: 2.0
  in .DirectFeedback.Test
	at ptolemy.actor.lib.Test.fire(Test.java:268)
	at ptolemy.domains.de.kernel.DEDirector._fire(DEDirector.java:1949)
	at ptolemy.domains.de.kernel.DEDirector.fire(DEDirector.java:502)
	at ptolemy.actor.CompositeActor.fire(CompositeActor.java:455)
	at ptolemy.actor.Manager.iterate(Manager.java:851)
	at ptolemy.actor.Manager.execute(Manager.java:369)
	at ptolemy.actor.Manager.run(Manager.java:1263)
	at ptolemy.actor.Manager$PtolemyRunThread.run(Manager.java:1933)
java.lang.RuntimeException: Execution failed
	at ptolemy.moml.MoMLSimpleApplication$UnloadThread.run(MoMLSimpleApplication.java:402)
Caused by: ptolemy.kernel.util.IllegalActionException: Found a zero delay loop containing .HierarchicalModel.A
  in .HierarchicalModel and .HierarchicalModel.A
	at ptolemy.actor.util.CausalityInterfaceForComposites._computeOutputPortDepth(CausalityInterfaceForComposites.java:759)
	at ptolemy.actor.util.CausalityInterfaceForComposites._computeInputDepth(CausalityInterfaceForComposites.java:696)
	at ptolemy.actor.util.CausalityInterfaceForComposites._computeOutputPortDepth(CausalityInterfaceForComposites.java:765)
	at ptolemy.actor.util.CausalityInterfaceForComposites._computeInputDepth(CausalityInterfaceForComposites.java:696)
	at ptolemy.actor.util.CausalityInterfaceForComposites._computeOutputPortDepth(CausalityInterfaceForComposites.java:765)
	at ptolemy.actor.util.CausalityInterfaceForComposites._computeInputDepth(CausalityInterfaceForComposites.java:696)
	at ptolemy.actor.util.CausalityInterfaceForComposites._computeActorDepth(CausalityInterfaceForComposites.java:532)
	at ptolemy.actor.util.CausalityInterfaceForComposites.checkForCycles(CausalityInterfaceForComposites.java:96)
	at ptolemy.domains.de.kernel.DEDirector.preinitialize(DEDirector.java:1338)
	at ptolemy.actor.CompositeActor.preinitialize(CompositeActor.java:1828)
	at ptolemy.actor.Manager.preinitializeAndResolveTypes(Manager.java:1040)
	at ptolemy.actor.Manager.initialize(Manager.java:710)
	at ptolemy.actor.Manager.execute(Manager.java:356)
	at ptolemy.actor.Manager.run(Manager.java:1263)
	at ptolemy.actor.Manager$PtolemyRunThread.run(Manager.java:1933)
java.lang.reflect.InvocationTargetException
	at java.base/jdk.internal.reflect.NativeConstructorAccessorImpl.newInstance0(Native Method)
	at java.base/jdk.internal.reflect.NativeConstructorAccessorImpl.newInstance(NativeConstructorAccessorImpl.java:62)
	at java.base/jdk.internal.reflect.DelegatingConstructorAccessorImpl.newInstance(DelegatingConstructorAccessorImpl.java:45)
	at java.base/java.lang.reflect.Constructor.newInstance(Constructor.java:490)
	at ptolemy.util.test.junit.AutoKnownFailedTests.RunModel(AutoKnownFailedTests.java:105)
	at java.base/jdk.internal.reflect.NativeMethodAccessorImpl.invoke0(Native Method)
	at java.base/jdk.internal.reflect.NativeMethodAccessorImpl.invoke(NativeMethodAccessorImpl.java:62)
	at java.base/jdk.internal.reflect.DelegatingMethodAccessorImpl.invoke(DelegatingMethodAccessorImpl.java:43)
	at java.base/java.lang.reflect.Method.invoke(Method.java:566)
	at org.junit.runners.model.FrameworkMethod$1.runReflectiveCall(FrameworkMethod.java:44)
	at org.junit.internal.runners.model.ReflectiveCallable.run(ReflectiveCallable.java:15)
	at org.junit.runners.model.FrameworkMethod.invokeExplosively(FrameworkMethod.java:41)
	at junitparams.internal.InvokeParameterisedMethod.evaluate(InvokeParameterisedMethod.java:102)
	at org.junit.internal.runners.statements.FailOnTimeout$1.run(FailOnTimeout.java:28)
Caused by: ptolemy.kernel.util.IllegalActionException: Found a zero delay loop containing .HierarchicalModel.A
  in .HierarchicalModel and .HierarchicalModel.A
	at ptolemy.actor.util.CausalityInterfaceForComposites._computeOutputPortDepth(CausalityInterfaceForComposites.java:759)
	at ptolemy.actor.util.CausalityInterfaceForComposites._computeInputDepth(CausalityInterfaceForComposites.java:696)
	at ptolemy.actor.util.CausalityInterfaceForComposites._computeOutputPortDepth(CausalityInterfaceForComposites.java:765)
	at ptolemy.actor.util.CausalityInterfaceForComposites._computeInputDepth(CausalityInterfaceForComposites.java:696)
	at ptolemy.actor.util.CausalityInterfaceForComposites._computeOutputPortDepth(CausalityInterfaceForComposites.java:765)
	at ptolemy.actor.util.CausalityInterfaceForComposites._computeInputDepth(CausalityInterfaceForComposites.java:696)
	at ptolemy.actor.util.CausalityInterfaceForComposites._computeActorDepth(CausalityInterfaceForComposites.java:532)
	at ptolemy.actor.util.CausalityInterfaceForComposites.checkForCycles(CausalityInterfaceForComposites.java:96)
	at ptolemy.domains.de.kernel.DEDirector.preinitialize(DEDirector.java:1338)
	at ptolemy.actor.CompositeActor.preinitialize(CompositeActor.java:1828)
	at ptolemy.actor.Manager.preinitializeAndResolveTypes(Manager.java:1040)
	at ptolemy.actor.Manager.initialize(Manager.java:710)
	at ptolemy.actor.Manager.execute(Manager.java:356)
	at ptolemy.actor.Manager.run(Manager.java:1263)
	at ptolemy.actor.Manager$PtolemyRunThread.run(Manager.java:1933)
java.lang.RuntimeException: Execution failed
	at ptolemy.moml.MoMLSimpleApplication$UnloadThread.run(MoMLSimpleApplication.java:402)
Caused by: ptolemy.kernel.util.IllegalActionException: Found a zero delay loop containing .dependencyLoop.original
  in .dependencyLoop and .dependencyLoop.original
	at ptolemy.actor.util.CausalityInterfaceForComposites._computeOutputPortDepth(CausalityInterfaceForComposites.java:759)
	at ptolemy.actor.util.CausalityInterfaceForComposites._computeInputDepth(CausalityInterfaceForComposites.java:696)
	at ptolemy.actor.util.CausalityInterfaceForComposites._computeOutputPortDepth(CausalityInterfaceForComposites.java:765)
	at ptolemy.actor.util.CausalityInterfaceForComposites._computeInputDepth(CausalityInterfaceForComposites.java:696)
	at ptolemy.actor.util.CausalityInterfaceForComposites._computeOutputPortDepth(CausalityInterfaceForComposites.java:765)
	at ptolemy.actor.util.CausalityInterfaceForComposites._computeInputDepth(CausalityInterfaceForComposites.java:696)
	at ptolemy.actor.util.CausalityInterfaceForComposites._computeActorDepth(CausalityInterfaceForComposites.java:532)
	at ptolemy.actor.util.CausalityInterfaceForComposites.checkForCycles(CausalityInterfaceForComposites.java:96)
	at ptolemy.domains.de.kernel.DEDirector.preinitialize(DEDirector.java:1338)
	at ptolemy.actor.CompositeActor.preinitialize(CompositeActor.java:1828)
	at ptolemy.actor.Manager.preinitializeAndResolveTypes(Manager.java:1040)
	at ptolemy.actor.Manager.initialize(Manager.java:710)
	at ptolemy.actor.Manager.execute(Manager.java:356)
	at ptolemy.actor.Manager.run(Manager.java:1263)
	at ptolemy.actor.Manager$PtolemyRunThread.run(Manager.java:1933)
java.lang.reflect.InvocationTargetException
	at java.base/jdk.internal.reflect.NativeConstructorAccessorImpl.newInstance0(Native Method)
	at java.base/jdk.internal.reflect.NativeConstructorAccessorImpl.newInstance(NativeConstructorAccessorImpl.java:62)
	at java.base/jdk.internal.reflect.DelegatingConstructorAccessorImpl.newInstance(DelegatingConstructorAccessorImpl.java:45)
	at java.base/java.lang.reflect.Constructor.newInstance(Constructor.java:490)
	at ptolemy.util.test.junit.AutoKnownFailedTests.RunModel(AutoKnownFailedTests.java:105)
	at java.base/jdk.internal.reflect.NativeMethodAccessorImpl.invoke0(Native Method)
	at java.base/jdk.internal.reflect.NativeMethodAccessorImpl.invoke(NativeMethodAccessorImpl.java:62)
	at java.base/jdk.internal.reflect.DelegatingMethodAccessorImpl.invoke(DelegatingMethodAccessorImpl.java:43)
	at java.base/java.lang.reflect.Method.invoke(Method.java:566)
	at org.junit.runners.model.FrameworkMethod$1.runReflectiveCall(FrameworkMethod.java:44)
	at org.junit.internal.runners.model.ReflectiveCallable.run(ReflectiveCallable.java:15)
	at org.junit.runners.model.FrameworkMethod.invokeExplosively(FrameworkMethod.java:41)
	at junitparams.internal.InvokeParameterisedMethod.evaluate(InvokeParameterisedMethod.java:102)
	at org.junit.internal.runners.statements.FailOnTimeout$1.run(FailOnTimeout.java:28)
Caused by: ptolemy.kernel.util.IllegalActionException: Found a zero delay loop containing .dependencyLoop.original
  in .dependencyLoop and .dependencyLoop.original
	at ptolemy.actor.util.CausalityInterfaceForComposites._computeOutputPortDepth(CausalityInterfaceForComposites.java:759)
	at ptolemy.actor.util.CausalityInterfaceForComposites._computeInputDepth(CausalityInterfaceForComposites.java:696)
	at ptolemy.actor.util.CausalityInterfaceForComposites._computeOutputPortDepth(CausalityInterfaceForComposites.java:765)
	at ptolemy.actor.util.CausalityInterfaceForComposites._computeInputDepth(CausalityInterfaceForComposites.java:696)
	at ptolemy.actor.util.CausalityInterfaceForComposites._computeOutputPortDepth(CausalityInterfaceForComposites.java:765)
	at ptolemy.actor.util.CausalityInterfaceForComposites._computeInputDepth(CausalityInterfaceForComposites.java:696)
	at ptolemy.actor.util.CausalityInterfaceForComposites._computeActorDepth(CausalityInterfaceForComposites.java:532)
	at ptolemy.actor.util.CausalityInterfaceForComposites.checkForCycles(CausalityInterfaceForComposites.java:96)
	at ptolemy.domains.de.kernel.DEDirector.preinitialize(DEDirector.java:1338)
	at ptolemy.actor.CompositeActor.preinitialize(CompositeActor.java:1828)
	at ptolemy.actor.Manager.preinitializeAndResolveTypes(Manager.java:1040)
	at ptolemy.actor.Manager.initialize(Manager.java:710)
	at ptolemy.actor.Manager.execute(Manager.java:356)
	at ptolemy.actor.Manager.run(Manager.java:1263)
	at ptolemy.actor.Manager$PtolemyRunThread.run(Manager.java:1933)
java.lang.RuntimeException: Execution failed
	at ptolemy.moml.MoMLSimpleApplication$UnloadThread.run(MoMLSimpleApplication.java:402)
Caused by: ptolemy.kernel.util.IllegalActionException: Found a zero delay loop containing .dependencyLoop2.original
  in .dependencyLoop2 and .dependencyLoop2.original
	at ptolemy.actor.util.CausalityInterfaceForComposites._computeOutputPortDepth(CausalityInterfaceForComposites.java:759)
	at ptolemy.actor.util.CausalityInterfaceForComposites._computeInputDepth(CausalityInterfaceForComposites.java:696)
	at ptolemy.actor.util.CausalityInterfaceForComposites._computeOutputPortDepth(CausalityInterfaceForComposites.java:765)
	at ptolemy.actor.util.CausalityInterfaceForComposites._computeInputDepth(CausalityInterfaceForComposites.java:696)
	at ptolemy.actor.util.CausalityInterfaceForComposites._computeOutputPortDepth(CausalityInterfaceForComposites.java:765)
	at ptolemy.actor.util.CausalityInterfaceForComposites._computeInputDepth(CausalityInterfaceForComposites.java:696)
	at ptolemy.actor.util.CausalityInterfaceForComposites._computeActorDepth(CausalityInterfaceForComposites.java:532)
	at ptolemy.actor.util.CausalityInterfaceForComposites.checkForCycles(CausalityInterfaceForComposites.java:96)
	at ptolemy.domains.de.kernel.DEDirector.preinitialize(DEDirector.java:1338)
	at ptolemy.actor.CompositeActor.preinitialize(CompositeActor.java:1828)
	at ptolemy.actor.Manager.preinitializeAndResolveTypes(Manager.java:1040)
	at ptolemy.actor.Manager.initialize(Manager.java:710)
	at ptolemy.actor.Manager.execute(Manager.java:356)
	at ptolemy.actor.Manager.run(Manager.java:1263)
	at ptolemy.actor.Manager$PtolemyRunThread.run(Manager.java:1933)
java.lang.reflect.InvocationTargetException
	at java.base/jdk.internal.reflect.NativeConstructorAccessorImpl.newInstance0(Native Method)
	at java.base/jdk.internal.reflect.NativeConstructorAccessorImpl.newInstance(NativeConstructorAccessorImpl.java:62)
	at java.base/jdk.internal.reflect.DelegatingConstructorAccessorImpl.newInstance(DelegatingConstructorAccessorImpl.java:45)
	at java.base/java.lang.reflect.Constructor.newInstance(Constructor.java:490)
	at ptolemy.util.test.junit.AutoKnownFailedTests.RunModel(AutoKnownFailedTests.java:105)
	at java.base/jdk.internal.reflect.NativeMethodAccessorImpl.invoke0(Native Method)
	at java.base/jdk.internal.reflect.NativeMethodAccessorImpl.invoke(NativeMethodAccessorImpl.java:62)
	at java.base/jdk.internal.reflect.DelegatingMethodAccessorImpl.invoke(DelegatingMethodAccessorImpl.java:43)
	at java.base/java.lang.reflect.Method.invoke(Method.java:566)
	at org.junit.runners.model.FrameworkMethod$1.runReflectiveCall(FrameworkMethod.java:44)
	at org.junit.internal.runners.model.ReflectiveCallable.run(ReflectiveCallable.java:15)
	at org.junit.runners.model.FrameworkMethod.invokeExplosively(FrameworkMethod.java:41)
	at junitparams.internal.InvokeParameterisedMethod.evaluate(InvokeParameterisedMethod.java:102)
	at org.junit.internal.runners.statements.FailOnTimeout$1.run(FailOnTimeout.java:28)
Caused by: ptolemy.kernel.util.IllegalActionException: Found a zero delay loop containing .dependencyLoop2.original
  in .dependencyLoop2 and .dependencyLoop2.original
	at ptolemy.actor.util.CausalityInterfaceForComposites._computeOutputPortDepth(CausalityInterfaceForComposites.java:759)
	at ptolemy.actor.util.CausalityInterfaceForComposites._computeInputDepth(CausalityInterfaceForComposites.java:696)
	at ptolemy.actor.util.CausalityInterfaceForComposites._computeOutputPortDepth(CausalityInterfaceForComposites.java:765)
	at ptolemy.actor.util.CausalityInterfaceForComposites._computeInputDepth(CausalityInterfaceForComposites.java:696)
	at ptolemy.actor.util.CausalityInterfaceForComposites._computeOutputPortDepth(CausalityInterfaceForComposites.java:765)
	at ptolemy.actor.util.CausalityInterfaceForComposites._computeInputDepth(CausalityInterfaceForComposites.java:696)
	at ptolemy.actor.util.CausalityInterfaceForComposites._computeActorDepth(CausalityInterfaceForComposites.java:532)
	at ptolemy.actor.util.CausalityInterfaceForComposites.checkForCycles(CausalityInterfaceForComposites.java:96)
	at ptolemy.domains.de.kernel.DEDirector.preinitialize(DEDirector.java:1338)
	at ptolemy.actor.CompositeActor.preinitialize(CompositeActor.java:1828)
	at ptolemy.actor.Manager.preinitializeAndResolveTypes(Manager.java:1040)
	at ptolemy.actor.Manager.initialize(Manager.java:710)
	at ptolemy.actor.Manager.execute(Manager.java:356)
	at ptolemy.actor.Manager.run(Manager.java:1263)
	at ptolemy.actor.Manager$PtolemyRunThread.run(Manager.java:1933)
]]></system-err>
</testsuite>
