<?xml version="1.0" encoding="UTF-8" ?>
<testsuite errors="0" failures="1" hostname="travis-job-978c9f23-6344-4e72-a127-2e6a40a57b8d" name="ptolemy.vergil.basic.export.test.junit.ExportModelJUnitTestBatch7" skipped="0" tests="50" time="728.762" timestamp="2019-08-12T06:36:26">
  <properties>
[...]
</properties>
  <testcase classname="ptolemy.vergil.basic.export.test.junit.ExportModelJUnitTestBatch7" name="[0] ptolemy/domains/taskpt/demo/SharedMemory/SharedMemory.xml (RunExportModel)" time="7.5" />
  <testcase classname="ptolemy.vergil.basic.export.test.junit.ExportModelJUnitTestBatch7" name="[1] ptolemy/domains/taskpt/demo/Task/Task.xml (RunExportModel)" time="4.886" />
  <testcase classname="ptolemy.vergil.basic.export.test.junit.ExportModelJUnitTestBatch7" name="[2] ptolemy/domains/tcs/demo/TCS/TCS.xml (RunExportModel)" time="36.394" />
  <testcase classname="ptolemy.vergil.basic.export.test.junit.ExportModelJUnitTestBatch7" name="[3] ptolemy/domains/tm/demo/Controllers/Controllers.xml (RunExportModel)" time="7.319" />
  <testcase classname="ptolemy.vergil.basic.export.test.junit.ExportModelJUnitTestBatch7" name="[4] ptolemy/domains/tm/demo/FFT/FFT.xml (RunExportModel)" time="14.723" />
  <testcase classname="ptolemy.vergil.basic.export.test.junit.ExportModelJUnitTestBatch7" name="[5] ptolemy/domains/tm/demo/MergedEvents/MergedEvents.xml (RunExportModel)" time="34.516" />
  <testcase classname="ptolemy.vergil.basic.export.test.junit.ExportModelJUnitTestBatch7" name="[6] ptolemy/domains/tm/demo/SimpleTasks/SimpleTasks.xml (RunExportModel)" time="4.313" />
  <testcase classname="ptolemy.vergil.basic.export.test.junit.ExportModelJUnitTestBatch7" name="[7] ptolemy/domains/wireless/demo/AntennaPattern/AntennaGainTest.xml (RunExportModel)" time="5.074" />
  <testcase classname="ptolemy.vergil.basic.export.test.junit.ExportModelJUnitTestBatch7" name="[8] ptolemy/domains/wireless/demo/AntennaPattern/AntennaModel.xml (RunExportModel)" time="3.467" />
  <testcase classname="ptolemy.vergil.basic.export.test.junit.ExportModelJUnitTestBatch7" name="[9] ptolemy/domains/wireless/demo/AntennaPattern/AntennaPattern.xml (RunExportModel)" time="3.238" />
  <testcase classname="ptolemy.vergil.basic.export.test.junit.ExportModelJUnitTestBatch7" name="[10] ptolemy/domains/wireless/demo/AntennaPattern/ReceiveAntennaPattern.xml (RunExportModel)" time="4.109" />
  <testcase classname="ptolemy.vergil.basic.export.test.junit.ExportModelJUnitTestBatch7" name="[11] ptolemy/domains/wireless/demo/AntennaPattern/TransmitAntennaPattern.xml (RunExportModel)" time="3.888" />
  <testcase classname="ptolemy.vergil.basic.export.test.junit.ExportModelJUnitTestBatch7" name="[12] ptolemy/domains/wireless/demo/CircularRange/CircularRange.xml (RunExportModel)" time="34.474" />
  <testcase classname="ptolemy.vergil.basic.export.test.junit.ExportModelJUnitTestBatch7" name="[13] ptolemy/domains/wireless/demo/Collisions/Collisions.xml (RunExportModel)" time="24.895" />
  <testcase classname="ptolemy.vergil.basic.export.test.junit.ExportModelJUnitTestBatch7" name="[14] ptolemy/domains/wireless/demo/Collisions/CollisionsDeterministic.xml (RunExportModel)" time="4.784" />
  <testcase classname="ptolemy.vergil.basic.export.test.junit.ExportModelJUnitTestBatch7" name="[15] ptolemy/domains/wireless/demo/EvaderAndPursuer/EvaderAndPursuer.xml (RunExportModel)" time="35.011" />
  <testcase classname="ptolemy.vergil.basic.export.test.junit.ExportModelJUnitTestBatch7" name="[16] ptolemy/domains/wireless/demo/Intersections/Intersections.xml (RunExportModel)" time="82.902" />
  <testcase classname="ptolemy.vergil.basic.export.test.junit.ExportModelJUnitTestBatch7" name="[17] ptolemy/domains/wireless/demo/LinkVisualizer/LinkVisualizer.xml (RunExportModel)" time="14.768">
    <failure message="Exporting HTML for ptolemy/domains/wireless/demo/LinkVisualizer/LinkVisualizer.xml failed: &#xa;java.lang.reflect.InvocationTargetException&#xa;&#x9;at java.desktop/java.awt.EventQueue.invokeAndWait(EventQueue.java:1367)&#xa;&#x9;at java.desktop/java.awt.EventQueue.invokeAndWait(EventQueue.java:1342)&#xa;&#x9;at java.desktop/javax.swing.SwingUtilities.invokeAndWait(SwingUtilities.java:1480)&#xa;&#x9;at ptolemy.vergil.basic.export.ExportModel.exportModel(ExportModel.java:401)&#xa;&#x9;at ptolemy.vergil.basic.export.test.junit.ExportModelJUnitTest.RunExportModel(ExportModelJUnitTest.java:153)&#xa;&#x9;at ptolemy.vergil.basic.export.test.junit.ExportModelJUnitTestBatch.RunExportModel(ExportModelJUnitTestBatch.java:84)&#xa;&#x9;at jdk.internal.reflect.GeneratedMethodAccessor26.invoke(Unknown Source)&#xa;&#x9;at java.base/jdk.internal.reflect.DelegatingMethodAccessorImpl.invoke(DelegatingMethodAccessorImpl.java:43)&#xa;&#x9;at java.base/java.lang.reflect.Method.invoke(Method.java:566)&#xa;&#x9;at org.junit.runners.model.FrameworkMethod$1.runReflectiveCall(FrameworkMethod.java:44)&#xa;&#x9;at org.junit.internal.runners.model.ReflectiveCallable.run(ReflectiveCallable.java:15)&#xa;&#x9;at org.junit.runners.model.FrameworkMethod.invokeExplosively(FrameworkMethod.java:41)&#xa;&#x9;at junitparams.internal.InvokeParameterisedMethod.evaluate(InvokeParameterisedMethod.java:102)&#xa;&#x9;at junitparams.internal.ParameterisedTestMethodRunner.runMethodInvoker(ParameterisedTestMethodRunner.java:47)&#xa;&#x9;at junitparams.internal.ParameterisedTestMethodRunner.runTestMethod(ParameterisedTestMethodRunner.java:41)&#xa;&#x9;at junitparams.internal.ParameterisedTestClassRunner.runParameterisedTest(ParameterisedTestClassRunner.java:143)&#xa;&#x9;at junitparams.JUnitParamsRunner.runChild(JUnitParamsRunner.java:237)&#xa;&#x9;at junitparams.JUnitParamsRunner.runChild(JUnitParamsRunner.java:215)&#xa;&#x9;at org.junit.runners.ParentRunner$3.run(ParentRunner.java:193)&#xa;&#x9;at org.junit.runners.ParentRunner$1.schedule(ParentRunner.java:52)&#xa;&#x9;at org.junit.runners.ParentRunner.runChildren(ParentRunner.java:191)&#xa;&#x9;at org.junit.runners.ParentRunner.access$000(ParentRunner.java:42)&#xa;&#x9;at org.junit.runners.ParentRunner$2.evaluate(ParentRunner.java:184)&#xa;&#x9;at org.junit.runners.ParentRunner.run(ParentRunner.java:236)&#xa;&#x9;at junit.framework.JUnit4TestAdapter.run(JUnit4TestAdapter.java:39)&#xa;&#x9;at org.apache.tools.ant.taskdefs.optional.junit.JUnitTestRunner.run(JUnitTestRunner.java:535)&#xa;&#x9;at org.apache.tools.ant.taskdefs.optional.junit.JUnitTestRunner.launch(JUnitTestRunner.java:1182)&#xa;&#x9;at org.apache.tools.ant.taskdefs.optional.junit.JUnitTestRunner.main(JUnitTestRunner.java:1033)&#xa;Caused by: java.lang.RuntimeException: ptolemy.kernel.util.InternalErrorException: AWT-EventQueue-0: Thread interrupted while waiting to get  read access: null&#xa;  in .&lt;Unnamed Object&gt;&#xa;Because:&#xa;java.lang.InterruptedException&#xa;&#x9;at ptolemy.vergil.basic.export.ExportModel$2.run(ExportModel.java:397)&#xa;&#x9;at java.desktop/java.awt.event.InvocationEvent.dispatch(InvocationEvent.java:303)&#xa;&#x9;at java.desktop/java.awt.EventQueue.dispatchEventImpl(EventQueue.java:770)&#xa;&#x9;at java.desktop/java.awt.EventQueue$4.run(EventQueue.java:721)&#xa;&#x9;at java.desktop/java.awt.EventQueue$4.run(EventQueue.java:715)&#xa;&#x9;at java.base/java.security.AccessController.doPrivileged(Native Method)&#xa;&#x9;at java.base/java.security.ProtectionDomain$JavaSecurityAccessImpl.doIntersectionPrivilege(ProtectionDomain.java:85)&#xa;&#x9;at java.desktop/java.awt.EventQueue.dispatchEvent(EventQueue.java:740)&#xa;&#x9;at java.desktop/java.awt.EventDispatchThread.pumpOneEventForFilters(EventDispatchThread.java:203)&#xa;&#x9;at java.desktop/java.awt.EventDispatchThread.pumpEventsForFilter(EventDispatchThread.java:124)&#xa;&#x9;at java.desktop/java.awt.EventDispatchThread.pumpEventsForHierarchy(EventDispatchThread.java:113)&#xa;&#x9;at java.desktop/java.awt.EventDispatchThread.pumpEvents(EventDispatchThread.java:109)&#xa;&#x9;at java.desktop/java.awt.EventDispatchThread.pumpEvents(EventDispatchThread.java:101)&#xa;&#x9;at java.desktop/java.awt.EventDispatchThread.run(EventDispatchThread.java:90)&#xa;Caused by: ptolemy.kernel.util.InternalErrorException: AWT-EventQueue-0: Thread interrupted while waiting to get  read access: null&#xa;  in .&lt;Unnamed Object&gt;&#xa;Because:&#xa;java.lang.InterruptedException&#xa;&#x9;at ptolemy.kernel.util.Workspace._reacquireReadPermissions(Workspace.java:1032)&#xa;&#x9;at ptolemy.kernel.util.Workspace.reacquireReadPermission(Workspace.java:610)&#xa;&#x9;at ptolemy.domains.de.kernel.DEDirector._getNextActorToFire(DEDirector.java:2386)&#xa;&#x9;at ptolemy.domains.de.kernel.DEDirector._fire(DEDirector.java:1811)&#xa;&#x9;at ptolemy.domains.de.kernel.DEDirector.fire(DEDirector.java:502)&#xa;&#x9;at ptolemy.actor.CompositeActor.fire(CompositeActor.java:455)&#xa;&#x9;at ptolemy.actor.Manager.iterate(Manager.java:851)&#xa;&#x9;at ptolemy.actor.Manager.execute(Manager.java:369)&#xa;&#x9;at ptolemy.vergil.basic.export.ExportModel$2.run(ExportModel.java:390)&#xa;&#x9;... 13 more&#xa;Caused by: java.lang.InterruptedException&#xa;&#x9;at java.base/java.lang.Object.wait(Native Method)&#xa;&#x9;at java.base/java.lang.Object.wait(Object.java:328)&#xa;&#x9;at ptolemy.kernel.util.Workspace._reacquireReadPermissions(Workspace.java:1027)&#xa;&#x9;... 21 more&#xa;" type="junit.framework.AssertionFailedError">junit.framework.AssertionFailedError: Exporting HTML for ptolemy/domains/wireless/demo/LinkVisualizer/LinkVisualizer.xml failed: 
java.lang.reflect.InvocationTargetException
	at java.desktop/java.awt.EventQueue.invokeAndWait(EventQueue.java:1367)
	at java.desktop/java.awt.EventQueue.invokeAndWait(EventQueue.java:1342)
	at java.desktop/javax.swing.SwingUtilities.invokeAndWait(SwingUtilities.java:1480)
	at ptolemy.vergil.basic.export.ExportModel.exportModel(ExportModel.java:401)
	at ptolemy.vergil.basic.export.test.junit.ExportModelJUnitTest.RunExportModel(ExportModelJUnitTest.java:153)
	at ptolemy.vergil.basic.export.test.junit.ExportModelJUnitTestBatch.RunExportModel(ExportModelJUnitTestBatch.java:84)
	at jdk.internal.reflect.GeneratedMethodAccessor26.invoke(Unknown Source)
	at java.base/jdk.internal.reflect.DelegatingMethodAccessorImpl.invoke(DelegatingMethodAccessorImpl.java:43)
	at junitparams.internal.InvokeParameterisedMethod.evaluate(InvokeParameterisedMethod.java:102)
	at junitparams.internal.ParameterisedTestMethodRunner.runMethodInvoker(ParameterisedTestMethodRunner.java:47)
	at junitparams.internal.ParameterisedTestMethodRunner.runTestMethod(ParameterisedTestMethodRunner.java:41)
	at junitparams.internal.ParameterisedTestClassRunner.runParameterisedTest(ParameterisedTestClassRunner.java:143)
	at junitparams.JUnitParamsRunner.runChild(JUnitParamsRunner.java:237)
	at junitparams.JUnitParamsRunner.runChild(JUnitParamsRunner.java:215)
Caused by: java.lang.RuntimeException: ptolemy.kernel.util.InternalErrorException: AWT-EventQueue-0: Thread interrupted while waiting to get  read access: null
  in .&lt;Unnamed Object&gt;
Because:
java.lang.InterruptedException
	at ptolemy.vergil.basic.export.ExportModel$2.run(ExportModel.java:397)
	at java.desktop/java.awt.event.InvocationEvent.dispatch(InvocationEvent.java:303)
	at java.desktop/java.awt.EventQueue.dispatchEventImpl(EventQueue.java:770)
	at java.desktop/java.awt.EventQueue$4.run(EventQueue.java:721)
	at java.desktop/java.awt.EventQueue$4.run(EventQueue.java:715)
	at java.base/java.security.AccessController.doPrivileged(Native Method)
	at java.base/java.security.ProtectionDomain$JavaSecurityAccessImpl.doIntersectionPrivilege(ProtectionDomain.java:85)
	at java.desktop/java.awt.EventQueue.dispatchEvent(EventQueue.java:740)
	at java.desktop/java.awt.EventDispatchThread.pumpOneEventForFilters(EventDispatchThread.java:203)
	at java.desktop/java.awt.EventDispatchThread.pumpEventsForFilter(EventDispatchThread.java:124)
	at java.desktop/java.awt.EventDispatchThread.pumpEventsForHierarchy(EventDispatchThread.java:113)
	at java.desktop/java.awt.EventDispatchThread.pumpEvents(EventDispatchThread.java:109)
	at java.desktop/java.awt.EventDispatchThread.pumpEvents(EventDispatchThread.java:101)
	at java.desktop/java.awt.EventDispatchThread.run(EventDispatchThread.java:90)
Caused by: ptolemy.kernel.util.InternalErrorException: AWT-EventQueue-0: Thread interrupted while waiting to get  read access: null
  in .&lt;Unnamed Object&gt;
Because:
java.lang.InterruptedException
	at ptolemy.kernel.util.Workspace._reacquireReadPermissions(Workspace.java:1032)
	at ptolemy.kernel.util.Workspace.reacquireReadPermission(Workspace.java:610)
	at ptolemy.domains.de.kernel.DEDirector._getNextActorToFire(DEDirector.java:2386)
	at ptolemy.domains.de.kernel.DEDirector._fire(DEDirector.java:1811)
	at ptolemy.domains.de.kernel.DEDirector.fire(DEDirector.java:502)
	at ptolemy.actor.CompositeActor.fire(CompositeActor.java:455)
	at ptolemy.actor.Manager.iterate(Manager.java:851)
	at ptolemy.actor.Manager.execute(Manager.java:369)
	at ptolemy.vergil.basic.export.ExportModel$2.run(ExportModel.java:390)
Caused by: java.lang.InterruptedException
	at java.base/java.lang.Object.wait(Native Method)
	at java.base/java.lang.Object.wait(Object.java:328)
	at ptolemy.kernel.util.Workspace._reacquireReadPermissions(Workspace.java:1027)

	at ptolemy.vergil.basic.export.test.junit.ExportModelJUnitTest.RunExportModel(ExportModelJUnitTest.java:162)
	at ptolemy.vergil.basic.export.test.junit.ExportModelJUnitTestBatch.RunExportModel(ExportModelJUnitTestBatch.java:84)
	at jdk.internal.reflect.GeneratedMethodAccessor26.invoke(Unknown Source)
	at java.base/jdk.internal.reflect.DelegatingMethodAccessorImpl.invoke(DelegatingMethodAccessorImpl.java:43)
	at junitparams.internal.InvokeParameterisedMethod.evaluate(InvokeParameterisedMethod.java:102)
	at junitparams.internal.ParameterisedTestMethodRunner.runMethodInvoker(ParameterisedTestMethodRunner.java:47)
	at junitparams.internal.ParameterisedTestMethodRunner.runTestMethod(ParameterisedTestMethodRunner.java:41)
	at junitparams.internal.ParameterisedTestClassRunner.runParameterisedTest(ParameterisedTestClassRunner.java:143)
	at junitparams.JUnitParamsRunner.runChild(JUnitParamsRunner.java:237)
	at junitparams.JUnitParamsRunner.runChild(JUnitParamsRunner.java:215)
</failure>
  </testcase>
  <testcase classname="ptolemy.vergil.basic.export.test.junit.ExportModelJUnitTestBatch7" name="[18] ptolemy/domains/wireless/demo/MatlabWirelessSoundDetection/MatlabWirelessSoundDetection.xml (RunExportModel)" time="3.448" />
  <testcase classname="ptolemy.vergil.basic.export.test.junit.ExportModelJUnitTestBatch7" name="[19] ptolemy/domains/wireless/demo/PowerVariability/PowerVariability.xml (RunExportModel)" time="29.335" />
  <testcase classname="ptolemy.vergil.basic.export.test.junit.ExportModelJUnitTestBatch7" name="[20] ptolemy/domains/wireless/demo/SmallWorld/SmallWorld.xml (RunExportModel)" time="5.371" />
  <testcase classname="ptolemy.vergil.basic.export.test.junit.ExportModelJUnitTestBatch7" name="[21] ptolemy/domains/wireless/demo/SmartParking/SmartParking.xml (RunExportModel)" time="35.096" />
  <testcase classname="ptolemy.vergil.basic.export.test.junit.ExportModelJUnitTestBatch7" name="[22] ptolemy/domains/wireless/demo/TerrainModel/TerrainModel.xml (RunExportModel)" time="34.22" />
  <testcase classname="ptolemy.vergil.basic.export.test.junit.ExportModelJUnitTestBatch7" name="[23] ptolemy/domains/wireless/demo/WirelessSoundDetection/WirelessSoundDetection.xml (RunExportModel)" time="34.284" />
  <testcase classname="ptolemy.vergil.basic.export.test.junit.ExportModelJUnitTestBatch7" name="[24] ptolemy/domains/wireless/demo/Zigbee/Zigbee.xml (RunExportModel)" time="43.107" />
  <testcase classname="ptolemy.vergil.basic.export.test.junit.ExportModelJUnitTestBatch7" name="[25] ptolemy/matlab/demo/MatlabContinuous/MatlabContinuous.xml (RunExportModel)" time="3.165" />
  <testcase classname="ptolemy.vergil.basic.export.test.junit.ExportModelJUnitTestBatch7" name="[26] ptolemy/matlab/demo/MatlabExpression/MatlabExpression.xml (RunExportModel)" time="3.155" />
  <testcase classname="ptolemy.vergil.basic.export.test.junit.ExportModelJUnitTestBatch7" name="[27] ptolemy/moml/demo/Networked/Networked.xml (RunExportModel)" time="5.991" />
  <testcase classname="ptolemy.vergil.basic.export.test.junit.ExportModelJUnitTestBatch7" name="[28] ptolemy/vergil/basic/export/html/demo/ExportExamples/ExportExample1.xml (RunExportModel)" time="3.232" />
  <testcase classname="ptolemy.vergil.basic.export.test.junit.ExportModelJUnitTestBatch7" name="[29] ptolemy/vergil/basic/export/html/demo/ExportExamples/ExportExample2.xml (RunExportModel)" time="4.445" />
  <testcase classname="ptolemy.vergil.basic.export.test.junit.ExportModelJUnitTestBatch7" name="[30] ptolemy/vergil/basic/export/html/demo/ExportExamples/ExportExample3.xml (RunExportModel)" time="3.321" />
  <testcase classname="ptolemy.vergil.basic.export.test.junit.ExportModelJUnitTestBatch7" name="[31] ptolemy/vergil/basic/export/html/demo/ExportExamples/ExportExample4.xml (RunExportModel)" time="3.215" />
  <testcase classname="ptolemy.vergil.basic.export.test.junit.ExportModelJUnitTestBatch7" name="[32] ptolemy/vergil/basic/export/html/demo/ExportExamples/ExportExample5.xml (RunExportModel)" time="4.242" />
  <testcase classname="ptolemy.vergil.basic.export.test.junit.ExportModelJUnitTestBatch7" name="[33] ptolemy/vergil/basic/export/html/demo/ExportExamples/ExportExamples.xml (RunExportModel)" time="3.186" />
  <testcase classname="ptolemy.vergil.basic.export.test.junit.ExportModelJUnitTestBatch7" name="[34] ptolemy/vergil/basic/export/html/demo/PageAssembler/PageAssembler.xml (RunExportModel)" time="3.187" />
  <testcase classname="ptolemy.vergil.basic.export.test.junit.ExportModelJUnitTestBatch7" name="[35] ptolemy/vergil/basic/imprt/g4ltl/demo/Arbitor/Arbitor.xml (RunExportModel)" time="3.201" />
  <testcase classname="ptolemy.vergil.basic.export.test.junit.ExportModelJUnitTestBatch7" name="[36] ptolemy/vergil/basic/imprt/g4ltl/demo/AutomaticDoor/AutomaticDoor.xml (RunExportModel)" time="3.248" />
  <testcase classname="ptolemy.vergil.basic.export.test.junit.ExportModelJUnitTestBatch7" name="[37] ptolemy/vergil/basic/imprt/g4ltl/demo/ErrorHandling/ErrorHandling.xml (RunExportModel)" time="3.262" />
  <testcase classname="ptolemy.vergil.basic.export.test.junit.ExportModelJUnitTestBatch7" name="[38] ptolemy/vergil/basic/imprt/g4ltl/demo/ErrorHandling/ErrorHandlingSynthesized.xml (RunExportModel)" time="3.858" />
  <testcase classname="ptolemy.vergil.basic.export.test.junit.ExportModelJUnitTestBatch7" name="[39] ptolemy/vergil/basic/imprt/g4ltl/demo/HydraulicRamp/HydraulicRamp.xml (RunExportModel)" time="3.145" />
  <testcase classname="ptolemy.vergil.basic.export.test.junit.ExportModelJUnitTestBatch7" name="[40] ptolemy/vergil/basic/imprt/g4ltl/demo/Numerical/Numerical.xml (RunExportModel)" time="3.796" />
  <testcase classname="ptolemy.vergil.basic.export.test.junit.ExportModelJUnitTestBatch7" name="[41] ptolemy/vergil/basic/imprt/g4ltl/demo/PriorityArbitor/PriorityArbitor.xml (RunExportModel)" time="3.181" />
  <testcase classname="ptolemy.vergil.basic.export.test.junit.ExportModelJUnitTestBatch7" name="[42] ptolemy/vergil/kernel/attributes/demo/AnimateVergil/AnimateVergil.xml (RunExportModel)" time="6.201" />
  <testcase classname="ptolemy.vergil.basic.export.test.junit.ExportModelJUnitTestBatch7" name="[43] ptolemy/verification/demo/iRobotHillClimbing/iRobotCreateVerification.xml (RunExportModel)" time="5.606" />
  <testcase classname="ptolemy.vergil.basic.export.test.junit.ExportModelJUnitTestBatch7" name="[44] ptolemy/verification/demo/RailroadControl/RailroadControl.xml (RunExportModel)" time="34.321" />
  <testcase classname="ptolemy.vergil.basic.export.test.junit.ExportModelJUnitTestBatch7" name="[45] ptolemy/verification/demo/SimpleTrafficLight/SimpleTrafficLight.xml (RunExportModel)" time="34.247" />
  <testcase classname="ptolemy.vergil.basic.export.test.junit.ExportModelJUnitTestBatch7" name="[46] ptolemy/verification/demo/SimpleTrafficLight/SimpleTrafficLightDECTA.xml (RunExportModel)" time="34.266" />
  <testcase classname="ptolemy.vergil.basic.export.test.junit.ExportModelJUnitTestBatch7" name="[47] ptolemy/verification/demo/SimpleTrafficLight/SimpleTrafficLightGraphicalSpec.xml (RunExportModel)" time="34.294" />
  <testcase classname="ptolemy.vergil.basic.export.test.junit.ExportModelJUnitTestBatch7" name="[48] ptolemy/verification/demo/SimpleTrafficLight/SimpleTrafficLightRTMaudeCG.xml (RunExportModel)" time="4.313" />
  <testcase classname="ptolemy.vergil.basic.export.test.junit.ExportModelJUnitTestBatch7" name="[49] ptolemy/verification/demo/SimpleTrafficLight/SimpleTrafficLightSMVModule.xml (RunExportModel)" time="3.257" />
  <system-out><![CDATA[ExportModeJUnitTestBatch: There are 741 demos. Exporting demos: 691 to 830.
ExportModeJUnitTestBatch: There are 741 demos, which is less than the end index 691. Setting the end index to 740
####### 1 Mon Aug 12 06:36:27 UTC 2019 $PTII/bin/ptinvoke ptolemy.vergil.basic.export.ExportModel -force htm -run -openComposites -timeOut 30000 -whiteBackground ptolemy/domains/taskpt/demo/SharedMemory/SharedMemory.xml $PTII/ptolemy/domains/taskpt/demo/SharedMemory/SharedMemory
Running .SharedMemory
162 ms. Memory: 120832K Free: 99053K (82%)
Exported /home/travis/build/icyphy/ptII/ptolemy/domains/taskpt/demo/SharedMemory/SharedMemory/index.html
7445 ms. Memory: 145408K Free: 100624K (69%)
####### 2 Mon Aug 12 06:36:34 UTC 2019 $PTII/bin/ptinvoke ptolemy.vergil.basic.export.ExportModel -force htm -run -openComposites -timeOut 30000 -whiteBackground ptolemy/domains/taskpt/demo/Task/Task.xml $PTII/ptolemy/domains/taskpt/demo/Task/Task
Running .Task
77 ms. Memory: 145408K Free: 79902K (55%)
Exported /home/travis/build/icyphy/ptII/ptolemy/domains/taskpt/demo/Task/Task/index.html
4886 ms. Memory: 145408K Free: 101665K (70%)
####### 3 Mon Aug 12 06:36:39 UTC 2019 $PTII/bin/ptinvoke ptolemy.vergil.basic.export.ExportModel -force htm -run -openComposites -timeOut 30000 -whiteBackground ptolemy/domains/tcs/demo/TCS/TCS.xml $PTII/ptolemy/domains/tcs/demo/TCS/TCS
Running .TCS
ExportHTMLTimer went off after 30000 ms., calling getDirector().finish and getDirector().stopFire()
30002 ms. Memory: 210944K Free: 135966K (64%)
Exported /home/travis/build/icyphy/ptII/ptolemy/domains/tcs/demo/TCS/TCS/index.html
36393 ms. Memory: 210944K Free: 69905K (33%)
####### 4 Mon Aug 12 06:37:15 UTC 2019 $PTII/bin/ptinvoke ptolemy.vergil.basic.export.ExportModel -force htm -run -openComposites -timeOut 30000 -whiteBackground ptolemy/domains/tm/demo/Controllers/Controllers.xml $PTII/ptolemy/domains/tm/demo/Controllers/Controllers
Running .Controllers
1726 ms. Memory: 274432K Free: 199486K (73%)
Exported /home/travis/build/icyphy/ptII/ptolemy/domains/tm/demo/Controllers/Controllers/index.html
7319 ms. Memory: 274432K Free: 90413K (33%)
####### 5 Mon Aug 12 06:37:23 UTC 2019 $PTII/bin/ptinvoke ptolemy.vergil.basic.export.ExportModel -force htm -run -openComposites -timeOut 30000 -whiteBackground ptolemy/domains/tm/demo/FFT/FFT.xml $PTII/ptolemy/domains/tm/demo/FFT/FFT
Running .FFT
10153 ms. Memory: 274432K Free: 114141K (42%)
Exported /home/travis/build/icyphy/ptII/ptolemy/domains/tm/demo/FFT/FFT/index.html
14722 ms. Memory: 274432K Free: 136672K (50%)
####### 6 Mon Aug 12 06:37:37 UTC 2019 $PTII/bin/ptinvoke ptolemy.vergil.basic.export.ExportModel -force htm -run -openComposites -timeOut 30000 -whiteBackground ptolemy/domains/tm/demo/MergedEvents/MergedEvents.xml $PTII/ptolemy/domains/tm/demo/MergedEvents/MergedEvents
Running .MergedEvents
ExportHTMLTimer went off after 30000 ms., calling getDirector().finish and getDirector().stopFire()
30080 ms. Memory: 274432K Free: 199085K (73%)
Exported /home/travis/build/icyphy/ptII/ptolemy/domains/tm/demo/MergedEvents/MergedEvents/index.html
34515 ms. Memory: 274432K Free: 95620K (35%)
####### 7 Mon Aug 12 06:38:12 UTC 2019 $PTII/bin/ptinvoke ptolemy.vergil.basic.export.ExportModel -force htm -run -openComposites -timeOut 30000 -whiteBackground ptolemy/domains/tm/demo/SimpleTasks/SimpleTasks.xml $PTII/ptolemy/domains/tm/demo/SimpleTasks/SimpleTasks
Running .SimpleTasks
27 ms. Memory: 274432K Free: 176875K (64%)
Exported /home/travis/build/icyphy/ptII/ptolemy/domains/tm/demo/SimpleTasks/SimpleTasks/index.html
4312 ms. Memory: 274432K Free: 135835K (49%)
####### 8 Mon Aug 12 06:38:16 UTC 2019 $PTII/bin/ptinvoke ptolemy.vergil.basic.export.ExportModel -force htm -run -openComposites -timeOut 30000 -whiteBackground ptolemy/domains/wireless/demo/AntennaPattern/AntennaGainTest.xml $PTII/ptolemy/domains/wireless/demo/AntennaPattern/AntennaGainTest
Running .AntennaGainTest
425 ms. Memory: 274432K Free: 195861K (71%)
Exported /home/travis/build/icyphy/ptII/ptolemy/domains/wireless/demo/AntennaPattern/AntennaGainTest/index.html
5073 ms. Memory: 274432K Free: 209124K (76%)
####### 9 Mon Aug 12 06:38:21 UTC 2019 $PTII/bin/ptinvoke ptolemy.vergil.basic.export.ExportModel -force htm  -openComposites -timeOut 30000 -whiteBackground ptolemy/domains/wireless/demo/AntennaPattern/AntennaModel.xml $PTII/ptolemy/domains/wireless/demo/AntennaPattern/AntennaModel
Warning: not running ptolemy/domains/wireless/demo/AntennaPattern/AntennaModel.xml. See ptolemy/vergil/basic/export/test/junit/ExportModelJUnitTest.java
Exported /home/travis/build/icyphy/ptII/ptolemy/domains/wireless/demo/AntennaPattern/AntennaModel/index.html
3465 ms. Memory: 274432K Free: 117486K (43%)
####### 10 Mon Aug 12 06:38:25 UTC 2019 $PTII/bin/ptinvoke ptolemy.vergil.basic.export.ExportModel -force htm  -openComposites -timeOut 30000 -whiteBackground ptolemy/domains/wireless/demo/AntennaPattern/AntennaPattern.xml $PTII/ptolemy/domains/wireless/demo/AntennaPattern/AntennaPattern
Warning: not running ptolemy/domains/wireless/demo/AntennaPattern/AntennaPattern.xml. See ptolemy/vergil/basic/export/test/junit/ExportModelJUnitTest.java
Exported /home/travis/build/icyphy/ptII/ptolemy/domains/wireless/demo/AntennaPattern/AntennaPattern/index.html
3237 ms. Memory: 274432K Free: 167688K (61%)
####### 11 Mon Aug 12 06:38:28 UTC 2019 $PTII/bin/ptinvoke ptolemy.vergil.basic.export.ExportModel -force htm  -openComposites -timeOut 30000 -whiteBackground ptolemy/domains/wireless/demo/AntennaPattern/ReceiveAntennaPattern.xml $PTII/ptolemy/domains/wireless/demo/AntennaPattern/ReceiveAntennaPattern
Warning: not running ptolemy/domains/wireless/demo/AntennaPattern/ReceiveAntennaPattern.xml. See ptolemy/vergil/basic/export/test/junit/ExportModelJUnitTest.java
Exported /home/travis/build/icyphy/ptII/ptolemy/domains/wireless/demo/AntennaPattern/ReceiveAntennaPattern/index.html
4109 ms. Memory: 274432K Free: 142913K (52%)
####### 12 Mon Aug 12 06:38:32 UTC 2019 $PTII/bin/ptinvoke ptolemy.vergil.basic.export.ExportModel -force htm  -openComposites -timeOut 30000 -whiteBackground ptolemy/domains/wireless/demo/AntennaPattern/TransmitAntennaPattern.xml $PTII/ptolemy/domains/wireless/demo/AntennaPattern/TransmitAntennaPattern
Warning: not running ptolemy/domains/wireless/demo/AntennaPattern/TransmitAntennaPattern.xml. See ptolemy/vergil/basic/export/test/junit/ExportModelJUnitTest.java
Exported /home/travis/build/icyphy/ptII/ptolemy/domains/wireless/demo/AntennaPattern/TransmitAntennaPattern/index.html
3887 ms. Memory: 274432K Free: 149929K (55%)
####### 13 Mon Aug 12 06:38:36 UTC 2019 $PTII/bin/ptinvoke ptolemy.vergil.basic.export.ExportModel -force htm -run -openComposites -timeOut 30000 -whiteBackground ptolemy/domains/wireless/demo/CircularRange/CircularRange.xml $PTII/ptolemy/domains/wireless/demo/CircularRange/CircularRange
Running .CircularRange
ExportHTMLTimer went off after 30000 ms., calling getDirector().finish and getDirector().stopFire()
30001 ms. Memory: 274432K Free: 193858K (71%)
Exported /home/travis/build/icyphy/ptII/ptolemy/domains/wireless/demo/CircularRange/CircularRange/index.html
34473 ms. Memory: 274432K Free: 184486K (67%)
####### 14 Mon Aug 12 06:39:11 UTC 2019 $PTII/bin/ptinvoke ptolemy.vergil.basic.export.ExportModel -force htm -run -openComposites -timeOut 30000 -whiteBackground ptolemy/domains/wireless/demo/Collisions/Collisions.xml $PTII/ptolemy/domains/wireless/demo/Collisions/Collisions
Running .Collisions
20065 ms. Memory: 274432K Free: 176940K (64%)
Exported /home/travis/build/icyphy/ptII/ptolemy/domains/wireless/demo/Collisions/Collisions/index.html
24894 ms. Memory: 274432K Free: 137431K (50%)
####### 15 Mon Aug 12 06:39:35 UTC 2019 $PTII/bin/ptinvoke ptolemy.vergil.basic.export.ExportModel -force htm -run -openComposites -timeOut 30000 -whiteBackground ptolemy/domains/wireless/demo/Collisions/CollisionsDeterministic.xml $PTII/ptolemy/domains/wireless/demo/Collisions/CollisionsDeterministic
Running .CollisionsDeterministic
58 ms. Memory: 274432K Free: 188673K (69%)
Exported /home/travis/build/icyphy/ptII/ptolemy/domains/wireless/demo/Collisions/CollisionsDeterministic/index.html
4784 ms. Memory: 274432K Free: 144141K (53%)
####### 16 Mon Aug 12 06:39:40 UTC 2019 $PTII/bin/ptinvoke ptolemy.vergil.basic.export.ExportModel -force htm -run -openComposites -timeOut 30000 -whiteBackground ptolemy/domains/wireless/demo/EvaderAndPursuer/EvaderAndPursuer.xml $PTII/ptolemy/domains/wireless/demo/EvaderAndPursuer/EvaderAndPursuer
Running .EvaderAndPursuer
ExportHTMLTimer went off after 30000 ms., calling getDirector().finish and getDirector().stopFire()
30000 ms. Memory: 330752K Free: 203397K (61%)
Exported /home/travis/build/icyphy/ptII/ptolemy/domains/wireless/demo/EvaderAndPursuer/EvaderAndPursuer/index.html
35010 ms. Memory: 330752K Free: 115249K (35%)
####### 17 Mon Aug 12 06:40:15 UTC 2019 $PTII/bin/ptinvoke ptolemy.vergil.basic.export.ExportModel -force htm -run -openComposites -timeOut 30000 -whiteBackground ptolemy/domains/wireless/demo/Intersections/Intersections.xml $PTII/ptolemy/domains/wireless/demo/Intersections/Intersections
Running .Intersections
ExportHTMLTimer went off after 30000 ms., calling getDirector().finish and getDirector().stopFire()
30006 ms. Memory: 1609728K Free: 1257016K (78%)
Exported /home/travis/build/icyphy/ptII/ptolemy/domains/wireless/demo/Intersections/Intersections/index.html
82901 ms. Memory: 1609728K Free: 381166K (24%)
####### 18 Mon Aug 12 06:41:38 UTC 2019 $PTII/bin/ptinvoke ptolemy.vergil.basic.export.ExportModel -force htm -run -openComposites -timeOut 30000 -whiteBackground ptolemy/domains/wireless/demo/LinkVisualizer/LinkVisualizer.xml $PTII/ptolemy/domains/wireless/demo/LinkVisualizer/LinkVisualizer
Running .LinkVisualizer
13532 ms. Memory: 1609728K Free: 1154800K (72%)
####### 19 Mon Aug 12 06:41:53 UTC 2019 $PTII/bin/ptinvoke ptolemy.vergil.basic.export.ExportModel -force htm  -openComposites -timeOut 30000 -whiteBackground ptolemy/domains/wireless/demo/MatlabWirelessSoundDetection/MatlabWirelessSoundDetection.xml $PTII/ptolemy/domains/wireless/demo/MatlabWirelessSoundDetection/MatlabWirelessSoundDetection
Warning: not running ptolemy/domains/wireless/demo/MatlabWirelessSoundDetection/MatlabWirelessSoundDetection.xml. See ptolemy/vergil/basic/export/test/junit/ExportModelJUnitTest.java
Exported /home/travis/build/icyphy/ptII/ptolemy/domains/wireless/demo/MatlabWirelessSoundDetection/MatlabWirelessSoundDetection/index.html
3447 ms. Memory: 1609728K Free: 911075K (57%)
####### 20 Mon Aug 12 06:41:56 UTC 2019 $PTII/bin/ptinvoke ptolemy.vergil.basic.export.ExportModel -force htm -run -openComposites -timeOut 30000 -whiteBackground ptolemy/domains/wireless/demo/PowerVariability/PowerVariability.xml $PTII/ptolemy/domains/wireless/demo/PowerVariability/PowerVariability
Running .PowerVariability
25018 ms. Memory: 1609728K Free: 820462K (51%)
Exported /home/travis/build/icyphy/ptII/ptolemy/domains/wireless/demo/PowerVariability/PowerVariability/index.html
29335 ms. Memory: 1609728K Free: 647362K (40%)
####### 21 Mon Aug 12 06:42:26 UTC 2019 $PTII/bin/ptinvoke ptolemy.vergil.basic.export.ExportModel -force htm -run -openComposites -timeOut 30000 -whiteBackground ptolemy/domains/wireless/demo/SmallWorld/SmallWorld.xml $PTII/ptolemy/domains/wireless/demo/SmallWorld/SmallWorld
Running .SmallWorld
216 ms. Memory: 1609728K Free: 719365K (45%)
Exported /home/travis/build/icyphy/ptII/ptolemy/domains/wireless/demo/SmallWorld/SmallWorld/index.html
5370 ms. Memory: 1609728K Free: 597475K (37%)
####### 22 Mon Aug 12 06:42:31 UTC 2019 $PTII/bin/ptinvoke ptolemy.vergil.basic.export.ExportModel -force htm -run -openComposites -timeOut 30000 -whiteBackground ptolemy/domains/wireless/demo/SmartParking/SmartParking.xml $PTII/ptolemy/domains/wireless/demo/SmartParking/SmartParking
Running .SmartParking
ExportHTMLTimer went off after 30000 ms., calling getDirector().finish and getDirector().stopFire()
30002 ms. Memory: 1609728K Free: 806910K (50%)
Exported /home/travis/build/icyphy/ptII/ptolemy/domains/wireless/demo/SmartParking/SmartParking/index.html
35095 ms. Memory: 1609728K Free: 650750K (40%)
####### 23 Mon Aug 12 06:43:06 UTC 2019 $PTII/bin/ptinvoke ptolemy.vergil.basic.export.ExportModel -force htm -run -openComposites -timeOut 30000 -whiteBackground ptolemy/domains/wireless/demo/TerrainModel/TerrainModel.xml $PTII/ptolemy/domains/wireless/demo/TerrainModel/TerrainModel
Running .TerrainModel
ExportHTMLTimer went off after 30000 ms., calling getDirector().finish and getDirector().stopFire()
30001 ms. Memory: 1609728K Free: 542206K (34%)
Exported /home/travis/build/icyphy/ptII/ptolemy/domains/wireless/demo/TerrainModel/TerrainModel/index.html
34219 ms. Memory: 1609728K Free: 1346505K (84%)
####### 24 Mon Aug 12 06:43:40 UTC 2019 $PTII/bin/ptinvoke ptolemy.vergil.basic.export.ExportModel -force htm -run -openComposites -timeOut 30000 -whiteBackground ptolemy/domains/wireless/demo/WirelessSoundDetection/WirelessSoundDetection.xml $PTII/ptolemy/domains/wireless/demo/WirelessSoundDetection/WirelessSoundDetection
Running .WirelessSoundDetection
ExportHTMLTimer went off after 30000 ms., calling getDirector().finish and getDirector().stopFire()
30001 ms. Memory: 1609728K Free: 1207808K (75%)
Exported /home/travis/build/icyphy/ptII/ptolemy/domains/wireless/demo/WirelessSoundDetection/WirelessSoundDetection/index.html
34284 ms. Memory: 1609728K Free: 1076177K (67%)
####### 25 Mon Aug 12 06:44:15 UTC 2019 $PTII/bin/ptinvoke ptolemy.vergil.basic.export.ExportModel -force htm -run -openComposites -timeOut 30000 -whiteBackground ptolemy/domains/wireless/demo/Zigbee/Zigbee.xml $PTII/ptolemy/domains/wireless/demo/Zigbee/Zigbee
Running .Zigbee
4240 ms. Memory: 1609728K Free: 736752K (46%)
Exported /home/travis/build/icyphy/ptII/ptolemy/domains/wireless/demo/Zigbee/Zigbee/index.html
43106 ms. Memory: 1609728K Free: 1025582K (64%)
####### 26 Mon Aug 12 06:44:58 UTC 2019 $PTII/bin/ptinvoke ptolemy.vergil.basic.export.ExportModel -force htm  -openComposites -timeOut 30000 -whiteBackground ptolemy/matlab/demo/MatlabContinuous/MatlabContinuous.xml $PTII/ptolemy/matlab/demo/MatlabContinuous/MatlabContinuous
Warning: not running ptolemy/matlab/demo/MatlabContinuous/MatlabContinuous.xml. See ptolemy/vergil/basic/export/test/junit/ExportModelJUnitTest.java
Exported /home/travis/build/icyphy/ptII/ptolemy/matlab/demo/MatlabContinuous/MatlabContinuous/index.html
3164 ms. Memory: 1609728K Free: 868390K (54%)
####### 27 Mon Aug 12 06:45:01 UTC 2019 $PTII/bin/ptinvoke ptolemy.vergil.basic.export.ExportModel -force htm  -openComposites -timeOut 30000 -whiteBackground ptolemy/matlab/demo/MatlabExpression/MatlabExpression.xml $PTII/ptolemy/matlab/demo/MatlabExpression/MatlabExpression
Warning: not running ptolemy/matlab/demo/MatlabExpression/MatlabExpression.xml. See ptolemy/vergil/basic/export/test/junit/ExportModelJUnitTest.java
Exported /home/travis/build/icyphy/ptII/ptolemy/matlab/demo/MatlabExpression/MatlabExpression/index.html
3154 ms. Memory: 1609728K Free: 710182K (44%)
####### 28 Mon Aug 12 06:45:04 UTC 2019 $PTII/bin/ptinvoke ptolemy.vergil.basic.export.ExportModel -force htm -run -openComposites -timeOut 30000 -whiteBackground ptolemy/moml/demo/Networked/Networked.xml $PTII/ptolemy/moml/demo/Networked/Networked
Running .Networked
50 ms. Memory: 1609728K Free: 566838K (35%)
Exported /home/travis/build/icyphy/ptII/ptolemy/moml/demo/Networked/Networked/index.html
5991 ms. Memory: 1609728K Free: 473120K (29%)
####### 29 Mon Aug 12 06:45:10 UTC 2019 $PTII/bin/ptinvoke ptolemy.vergil.basic.export.ExportModel -force htm -run -openComposites -timeOut 30000 -whiteBackground ptolemy/vergil/basic/export/html/demo/ExportExamples/ExportExample1.xml $PTII/ptolemy/vergil/basic/export/html/demo/ExportExamples/ExportExample1
Model ".ExportExample1" contains actors such cannot be run  as part of the export process from ExportModel or it has a WebExportParameters value that runBeforeExport set to false. To export run this model and export it, use vergil.
Exported /home/travis/build/icyphy/ptII/ptolemy/vergil/basic/export/html/demo/ExportExamples/ExportExample1/index.html
3232 ms. Memory: 1609728K Free: 335401K (21%)
####### 30 Mon Aug 12 06:45:13 UTC 2019 $PTII/bin/ptinvoke ptolemy.vergil.basic.export.ExportModel -force htm -run -openComposites -timeOut 30000 -whiteBackground ptolemy/vergil/basic/export/html/demo/ExportExamples/ExportExample2.xml $PTII/ptolemy/vergil/basic/export/html/demo/ExportExamples/ExportExample2
Running .ExportExample2
8 ms. Memory: 1609728K Free: 1240104K (77%)
Exported /home/travis/build/icyphy/ptII/ptolemy/vergil/basic/export/html/demo/ExportExamples/ExportExample2/index.html
4445 ms. Memory: 1609728K Free: 1203683K (75%)
####### 31 Mon Aug 12 06:45:18 UTC 2019 $PTII/bin/ptinvoke ptolemy.vergil.basic.export.ExportModel -force htm -run -openComposites -timeOut 30000 -whiteBackground ptolemy/vergil/basic/export/html/demo/ExportExamples/ExportExample3.xml $PTII/ptolemy/vergil/basic/export/html/demo/ExportExamples/ExportExample3
Model ".ExportExample3" contains actors such cannot be run  as part of the export process from ExportModel or it has a WebExportParameters value that runBeforeExport set to false. To export run this model and export it, use vergil.
Exported /home/travis/build/icyphy/ptII/ptolemy/vergil/basic/export/html/demo/ExportExamples/ExportExample3/index.html
3320 ms. Memory: 1609728K Free: 1094186K (68%)
####### 32 Mon Aug 12 06:45:21 UTC 2019 $PTII/bin/ptinvoke ptolemy.vergil.basic.export.ExportModel -force htm -run -openComposites -timeOut 30000 -whiteBackground ptolemy/vergil/basic/export/html/demo/ExportExamples/ExportExample4.xml $PTII/ptolemy/vergil/basic/export/html/demo/ExportExamples/ExportExample4
Model ".ExportExample4" contains actors such cannot be run  as part of the export process from ExportModel or it has a WebExportParameters value that runBeforeExport set to false. To export run this model and export it, use vergil.
Exported /home/travis/build/icyphy/ptII/ptolemy/vergil/basic/export/html/demo/ExportExamples/ExportExample4/index.html
3214 ms. Memory: 1609728K Free: 985130K (61%)
####### 33 Mon Aug 12 06:45:24 UTC 2019 $PTII/bin/ptinvoke ptolemy.vergil.basic.export.ExportModel -force htm -run -openComposites -timeOut 30000 -whiteBackground ptolemy/vergil/basic/export/html/demo/ExportExamples/ExportExample5.xml $PTII/ptolemy/vergil/basic/export/html/demo/ExportExamples/ExportExample5
Running .ExportExample5
24 ms. Memory: 1609728K Free: 893994K (56%)
Exported /home/travis/build/icyphy/ptII/ptolemy/vergil/basic/export/html/demo/ExportExamples/ExportExample5/index.html
4241 ms. Memory: 1609728K Free: 817175K (51%)
####### 34 Mon Aug 12 06:45:29 UTC 2019 $PTII/bin/ptinvoke ptolemy.vergil.basic.export.ExportModel -force htm  -openComposites -timeOut 30000 -whiteBackground ptolemy/vergil/basic/export/html/demo/ExportExamples/ExportExamples.xml $PTII/ptolemy/vergil/basic/export/html/demo/ExportExamples/ExportExamples
Warning: not running ptolemy/vergil/basic/export/html/demo/ExportExamples/ExportExamples.xml. See ptolemy/vergil/basic/export/test/junit/ExportModelJUnitTest.java
Exported /home/travis/build/icyphy/ptII/ptolemy/vergil/basic/export/html/demo/ExportExamples/ExportExamples/index.html
3185 ms. Memory: 1609728K Free: 703516K (44%)
####### 35 Mon Aug 12 06:45:32 UTC 2019 $PTII/bin/ptinvoke ptolemy.vergil.basic.export.ExportModel -force htm  -openComposites -timeOut 30000 -whiteBackground ptolemy/vergil/basic/export/html/demo/PageAssembler/PageAssembler.xml $PTII/ptolemy/vergil/basic/export/html/demo/PageAssembler/PageAssembler
Warning: not running ptolemy/vergil/basic/export/html/demo/PageAssembler/PageAssembler.xml. See ptolemy/vergil/basic/export/test/junit/ExportModelJUnitTest.java
Exported /home/travis/build/icyphy/ptII/ptolemy/vergil/basic/export/html/demo/PageAssembler/PageAssembler/index.html
3186 ms. Memory: 1609728K Free: 548906K (34%)
####### 36 Mon Aug 12 06:45:35 UTC 2019 $PTII/bin/ptinvoke ptolemy.vergil.basic.export.ExportModel -force htm  -openComposites -timeOut 30000 -whiteBackground ptolemy/vergil/basic/imprt/g4ltl/demo/Arbitor/Arbitor.xml $PTII/ptolemy/vergil/basic/imprt/g4ltl/demo/Arbitor/Arbitor
Warning: not running ptolemy/vergil/basic/imprt/g4ltl/demo/Arbitor/Arbitor.xml. See ptolemy/vergil/basic/export/test/junit/ExportModelJUnitTest.java
Exported /home/travis/build/icyphy/ptII/ptolemy/vergil/basic/imprt/g4ltl/demo/Arbitor/Arbitor/index.html
3200 ms. Memory: 1609728K Free: 366633K (23%)
####### 37 Mon Aug 12 06:45:38 UTC 2019 $PTII/bin/ptinvoke ptolemy.vergil.basic.export.ExportModel -force htm  -openComposites -timeOut 30000 -whiteBackground ptolemy/vergil/basic/imprt/g4ltl/demo/AutomaticDoor/AutomaticDoor.xml $PTII/ptolemy/vergil/basic/imprt/g4ltl/demo/AutomaticDoor/AutomaticDoor
Warning: not running ptolemy/vergil/basic/imprt/g4ltl/demo/AutomaticDoor/AutomaticDoor.xml. See ptolemy/vergil/basic/export/test/junit/ExportModelJUnitTest.java
Exported /home/travis/build/icyphy/ptII/ptolemy/vergil/basic/imprt/g4ltl/demo/AutomaticDoor/AutomaticDoor/index.html
3246 ms. Memory: 1609728K Free: 1084458K (67%)
####### 38 Mon Aug 12 06:45:41 UTC 2019 $PTII/bin/ptinvoke ptolemy.vergil.basic.export.ExportModel -force htm  -openComposites -timeOut 30000 -whiteBackground ptolemy/vergil/basic/imprt/g4ltl/demo/ErrorHandling/ErrorHandling.xml $PTII/ptolemy/vergil/basic/imprt/g4ltl/demo/ErrorHandling/ErrorHandling
Warning: not running ptolemy/vergil/basic/imprt/g4ltl/demo/ErrorHandling/ErrorHandling.xml. See ptolemy/vergil/basic/export/test/junit/ExportModelJUnitTest.java
Exported /home/travis/build/icyphy/ptII/ptolemy/vergil/basic/imprt/g4ltl/demo/ErrorHandling/ErrorHandling/index.html
3261 ms. Memory: 1609728K Free: 845854K (53%)
####### 39 Mon Aug 12 06:45:45 UTC 2019 $PTII/bin/ptinvoke ptolemy.vergil.basic.export.ExportModel -force htm  -openComposites -timeOut 30000 -whiteBackground ptolemy/vergil/basic/imprt/g4ltl/demo/ErrorHandling/ErrorHandlingSynthesized.xml $PTII/ptolemy/vergil/basic/imprt/g4ltl/demo/ErrorHandling/ErrorHandlingSynthesized
Warning: not running ptolemy/vergil/basic/imprt/g4ltl/demo/ErrorHandling/ErrorHandlingSynthesized.xml. See ptolemy/vergil/basic/export/test/junit/ExportModelJUnitTest.java
Exported /home/travis/build/icyphy/ptII/ptolemy/vergil/basic/imprt/g4ltl/demo/ErrorHandling/ErrorHandlingSynthesized/index.html
3857 ms. Memory: 1609728K Free: 1186314K (74%)
####### 40 Mon Aug 12 06:45:48 UTC 2019 $PTII/bin/ptinvoke ptolemy.vergil.basic.export.ExportModel -force htm  -openComposites -timeOut 30000 -whiteBackground ptolemy/vergil/basic/imprt/g4ltl/demo/HydraulicRamp/HydraulicRamp.xml $PTII/ptolemy/vergil/basic/imprt/g4ltl/demo/HydraulicRamp/HydraulicRamp
Warning: not running ptolemy/vergil/basic/imprt/g4ltl/demo/HydraulicRamp/HydraulicRamp.xml. See ptolemy/vergil/basic/export/test/junit/ExportModelJUnitTest.java
Exported /home/travis/build/icyphy/ptII/ptolemy/vergil/basic/imprt/g4ltl/demo/HydraulicRamp/HydraulicRamp/index.html
3144 ms. Memory: 1609728K Free: 944168K (59%)
####### 41 Mon Aug 12 06:45:52 UTC 2019 $PTII/bin/ptinvoke ptolemy.vergil.basic.export.ExportModel -force htm  -openComposites -timeOut 30000 -whiteBackground ptolemy/vergil/basic/imprt/g4ltl/demo/Numerical/Numerical.xml $PTII/ptolemy/vergil/basic/imprt/g4ltl/demo/Numerical/Numerical
Warning: not running ptolemy/vergil/basic/imprt/g4ltl/demo/Numerical/Numerical.xml. See ptolemy/vergil/basic/export/test/junit/ExportModelJUnitTest.java
Exported /home/travis/build/icyphy/ptII/ptolemy/vergil/basic/imprt/g4ltl/demo/Numerical/Numerical/index.html
3796 ms. Memory: 1609728K Free: 471571K (29%)
####### 42 Mon Aug 12 06:45:55 UTC 2019 $PTII/bin/ptinvoke ptolemy.vergil.basic.export.ExportModel -force htm  -openComposites -timeOut 30000 -whiteBackground ptolemy/vergil/basic/imprt/g4ltl/demo/PriorityArbitor/PriorityArbitor.xml $PTII/ptolemy/vergil/basic/imprt/g4ltl/demo/PriorityArbitor/PriorityArbitor
Warning: not running ptolemy/vergil/basic/imprt/g4ltl/demo/PriorityArbitor/PriorityArbitor.xml. See ptolemy/vergil/basic/export/test/junit/ExportModelJUnitTest.java
Exported /home/travis/build/icyphy/ptII/ptolemy/vergil/basic/imprt/g4ltl/demo/PriorityArbitor/PriorityArbitor/index.html
3180 ms. Memory: 1609728K Free: 1282030K (80%)
####### 43 Mon Aug 12 06:45:59 UTC 2019 $PTII/bin/ptinvoke ptolemy.vergil.basic.export.ExportModel -force htm -run -openComposites -timeOut 30000 -whiteBackground ptolemy/vergil/kernel/attributes/demo/AnimateVergil/AnimateVergil.xml $PTII/ptolemy/vergil/kernel/attributes/demo/AnimateVergil/AnimateVergil
Running .AnimateVergil
2016 ms. Memory: 1609728K Free: 1180670K (73%)
Exported /home/travis/build/icyphy/ptII/ptolemy/vergil/kernel/attributes/demo/AnimateVergil/AnimateVergil/index.html
6199 ms. Memory: 1609728K Free: 1153521K (72%)
####### 44 Mon Aug 12 06:46:05 UTC 2019 $PTII/bin/ptinvoke ptolemy.vergil.basic.export.ExportModel -force htm  -openComposites -timeOut 30000 -whiteBackground ptolemy/verification/demo/iRobotHillClimbing/iRobotCreateVerification.xml $PTII/ptolemy/verification/demo/iRobotHillClimbing/iRobotCreateVerification
Warning: not running ptolemy/verification/demo/iRobotHillClimbing/iRobotCreateVerification.xml. See ptolemy/vergil/basic/export/test/junit/ExportModelJUnitTest.java
Exported /home/travis/build/icyphy/ptII/ptolemy/verification/demo/iRobotHillClimbing/iRobotCreateVerification/index.html
5603 ms. Memory: 1609728K Free: 984527K (61%)
####### 45 Mon Aug 12 06:46:10 UTC 2019 $PTII/bin/ptinvoke ptolemy.vergil.basic.export.ExportModel -force htm -run -openComposites -timeOut 30000 -whiteBackground ptolemy/verification/demo/RailroadControl/RailroadControl.xml $PTII/ptolemy/verification/demo/RailroadControl/RailroadControl
Running .RailroadControl
ExportHTMLTimer went off after 30000 ms., calling getDirector().finish and getDirector().stopFire()
30000 ms. Memory: 1609728K Free: 886723K (55%)
Exported /home/travis/build/icyphy/ptII/ptolemy/verification/demo/RailroadControl/RailroadControl/index.html
34320 ms. Memory: 1609728K Free: 734111K (46%)
####### 46 Mon Aug 12 06:46:45 UTC 2019 $PTII/bin/ptinvoke ptolemy.vergil.basic.export.ExportModel -force htm -run -openComposites -timeOut 30000 -whiteBackground ptolemy/verification/demo/SimpleTrafficLight/SimpleTrafficLight.xml $PTII/ptolemy/verification/demo/SimpleTrafficLight/SimpleTrafficLight
Running .SimpleTrafficLight
ExportHTMLTimer went off after 30000 ms., calling getDirector().finish and getDirector().stopFire()
30005 ms. Memory: 1609728K Free: 600018K (37%)
Exported /home/travis/build/icyphy/ptII/ptolemy/verification/demo/SimpleTrafficLight/SimpleTrafficLight/index.html
34247 ms. Memory: 1609728K Free: 503722K (31%)
####### 47 Mon Aug 12 06:47:19 UTC 2019 $PTII/bin/ptinvoke ptolemy.vergil.basic.export.ExportModel -force htm -run -openComposites -timeOut 30000 -whiteBackground ptolemy/verification/demo/SimpleTrafficLight/SimpleTrafficLightDECTA.xml $PTII/ptolemy/verification/demo/SimpleTrafficLight/SimpleTrafficLightDECTA
Running .SimpleTrafficLightDECTA
ExportHTMLTimer went off after 30000 ms., calling getDirector().finish and getDirector().stopFire()
30011 ms. Memory: 1609728K Free: 612881K (38%)
Exported /home/travis/build/icyphy/ptII/ptolemy/verification/demo/SimpleTrafficLight/SimpleTrafficLightDECTA/index.html
34265 ms. Memory: 1609728K Free: 303599K (19%)
####### 48 Mon Aug 12 06:47:53 UTC 2019 $PTII/bin/ptinvoke ptolemy.vergil.basic.export.ExportModel -force htm -run -openComposites -timeOut 30000 -whiteBackground ptolemy/verification/demo/SimpleTrafficLight/SimpleTrafficLightGraphicalSpec.xml $PTII/ptolemy/verification/demo/SimpleTrafficLight/SimpleTrafficLightGraphicalSpec
Running .SimpleTrafficLightGraphicalSpec
ExportHTMLTimer went off after 30000 ms., calling getDirector().finish and getDirector().stopFire()
30004 ms. Memory: 1609728K Free: 1115951K (69%)
Exported /home/travis/build/icyphy/ptII/ptolemy/verification/demo/SimpleTrafficLight/SimpleTrafficLightGraphicalSpec/index.html
34293 ms. Memory: 1609728K Free: 1021715K (63%)
####### 49 Mon Aug 12 06:48:28 UTC 2019 $PTII/bin/ptinvoke ptolemy.vergil.basic.export.ExportModel -force htm -run -openComposites -timeOut 30000 -whiteBackground ptolemy/verification/demo/SimpleTrafficLight/SimpleTrafficLightRTMaudeCG.xml $PTII/ptolemy/verification/demo/SimpleTrafficLight/SimpleTrafficLightRTMaudeCG
Running .SimpleTrafficLightRTMaudeCG
55 ms. Memory: 1609728K Free: 912696K (57%)
Exported /home/travis/build/icyphy/ptII/ptolemy/verification/demo/SimpleTrafficLight/SimpleTrafficLightRTMaudeCG/index.html
4312 ms. Memory: 1609728K Free: 748271K (46%)
####### 50 Mon Aug 12 06:48:32 UTC 2019 $PTII/bin/ptinvoke ptolemy.vergil.basic.export.ExportModel -force htm  -openComposites -timeOut 30000 -whiteBackground ptolemy/verification/demo/SimpleTrafficLight/SimpleTrafficLightSMVModule.xml $PTII/ptolemy/verification/demo/SimpleTrafficLight/SimpleTrafficLightSMVModule
Warning: not running ptolemy/verification/demo/SimpleTrafficLight/SimpleTrafficLightSMVModule.xml. See ptolemy/vergil/basic/export/test/junit/ExportModelJUnitTest.java
Exported /home/travis/build/icyphy/ptII/ptolemy/verification/demo/SimpleTrafficLight/SimpleTrafficLightSMVModule/index.html
3256 ms. Memory: 1609728K Free: 562446K (35%)
]]></system-out>
  <system-err><![CDATA[Aug 12, 2019 6:38:15 AM sun.awt.X11.XToolkit processException
WARNING: Exception on Toolkit thread
java.lang.NullPointerException
	at java.desktop/java.awt.Component$BltBufferStrategy.contentsLost(Component.java:4584)
	at java.desktop/java.awt.Component$BltSubRegionBufferStrategy.showIfNotLost(Component.java:4647)
	at java.desktop/javax.swing.BufferStrategyPaintManager.show(BufferStrategyPaintManager.java:208)
	at java.desktop/javax.swing.RepaintManager.show(RepaintManager.java:1430)
	at java.desktop/javax.swing.SwingPaintEventDispatcher.createPaintEvent(SwingPaintEventDispatcher.java:61)
	at java.desktop/sun.awt.X11.XWindow.postPaintEvent(XWindow.java:568)
	at java.desktop/sun.awt.X11.XContentWindow.postPaintEvent(XContentWindow.java:180)
	at java.desktop/sun.awt.X11.XWindow.handleExposeEvent(XWindow.java:562)
	at java.desktop/sun.awt.X11.XContentWindow.handleExposeEvent(XContentWindow.java:151)
	at java.desktop/sun.awt.X11.XBaseWindow.dispatchEvent(XBaseWindow.java:1132)
	at java.desktop/sun.awt.X11.XBaseWindow.dispatchToWindow(XBaseWindow.java:1108)
	at java.desktop/sun.awt.X11.XToolkit.dispatchEvent(XToolkit.java:621)
	at java.desktop/sun.awt.X11.XToolkit.run(XToolkit.java:736)
	at java.desktop/sun.awt.X11.XToolkit.run(XToolkit.java:652)
	at java.base/java.lang.Thread.run(Thread.java:834)

Aug 12, 2019 6:39:34 AM sun.awt.X11.XToolkit processException
WARNING: Exception on Toolkit thread
java.lang.NullPointerException
	at java.desktop/java.awt.Component$BltBufferStrategy.contentsLost(Component.java:4584)
	at java.desktop/java.awt.Component$BltSubRegionBufferStrategy.showIfNotLost(Component.java:4647)
	at java.desktop/javax.swing.BufferStrategyPaintManager.show(BufferStrategyPaintManager.java:208)
	at java.desktop/javax.swing.RepaintManager.show(RepaintManager.java:1430)
	at java.desktop/javax.swing.SwingPaintEventDispatcher.createPaintEvent(SwingPaintEventDispatcher.java:61)
	at java.desktop/sun.awt.X11.XWindow.postPaintEvent(XWindow.java:568)
	at java.desktop/sun.awt.X11.XContentWindow.postPaintEvent(XContentWindow.java:180)
	at java.desktop/sun.awt.X11.XWindow.handleExposeEvent(XWindow.java:562)
	at java.desktop/sun.awt.X11.XContentWindow.handleExposeEvent(XContentWindow.java:151)
	at java.desktop/sun.awt.X11.XBaseWindow.dispatchEvent(XBaseWindow.java:1132)
	at java.desktop/sun.awt.X11.XBaseWindow.dispatchToWindow(XBaseWindow.java:1108)
	at java.desktop/sun.awt.X11.XToolkit.dispatchEvent(XToolkit.java:621)
	at java.desktop/sun.awt.X11.XToolkit.run(XToolkit.java:736)
	at java.desktop/sun.awt.X11.XToolkit.run(XToolkit.java:652)
	at java.base/java.lang.Thread.run(Thread.java:834)

ptolemy.kernel.util.InternalErrorException: AWT-EventQueue-0: Thread interrupted while waiting to get  read access: null
  in .<Unnamed Object>
Because:
java.lang.InterruptedException
	at ptolemy.kernel.util.Workspace._reacquireReadPermissions(Workspace.java:1032)
	at ptolemy.kernel.util.Workspace.reacquireReadPermission(Workspace.java:610)
	at ptolemy.domains.de.kernel.DEDirector._getNextActorToFire(DEDirector.java:2386)
	at ptolemy.domains.de.kernel.DEDirector._fire(DEDirector.java:1811)
	at ptolemy.domains.de.kernel.DEDirector.fire(DEDirector.java:502)
	at ptolemy.actor.CompositeActor.fire(CompositeActor.java:455)
	at ptolemy.actor.Manager.iterate(Manager.java:851)
	at ptolemy.actor.Manager.execute(Manager.java:369)
	at ptolemy.vergil.basic.export.ExportModel$2.run(ExportModel.java:390)
	at java.desktop/java.awt.event.InvocationEvent.dispatch(InvocationEvent.java:303)
	at java.desktop/java.awt.EventQueue.dispatchEventImpl(EventQueue.java:770)
	at java.desktop/java.awt.EventQueue$4.run(EventQueue.java:721)
	at java.desktop/java.awt.EventQueue$4.run(EventQueue.java:715)
	at java.base/java.security.AccessController.doPrivileged(Native Method)
	at java.base/java.security.ProtectionDomain$JavaSecurityAccessImpl.doIntersectionPrivilege(ProtectionDomain.java:85)
	at java.desktop/java.awt.EventQueue.dispatchEvent(EventQueue.java:740)
	at java.desktop/java.awt.EventDispatchThread.pumpOneEventForFilters(EventDispatchThread.java:203)
	at java.desktop/java.awt.EventDispatchThread.pumpEventsForFilter(EventDispatchThread.java:124)
	at java.desktop/java.awt.EventDispatchThread.pumpEventsForHierarchy(EventDispatchThread.java:113)
	at java.desktop/java.awt.EventDispatchThread.pumpEvents(EventDispatchThread.java:109)
	at java.desktop/java.awt.EventDispatchThread.pumpEvents(EventDispatchThread.java:101)
	at java.desktop/java.awt.EventDispatchThread.run(EventDispatchThread.java:90)
Caused by: java.lang.InterruptedException
	at java.base/java.lang.Object.wait(Native Method)
	at java.base/java.lang.Object.wait(Object.java:328)
	at ptolemy.kernel.util.Workspace._reacquireReadPermissions(Workspace.java:1027)
	... 21 more
Caused by: java.lang.InterruptedException
	at java.base/java.lang.Object.wait(Native Method)
	at java.base/java.lang.Object.wait(Object.java:328)
	at ptolemy.kernel.util.Workspace._reacquireReadPermissions(Workspace.java:1027)
	at ptolemy.kernel.util.Workspace.reacquireReadPermission(Workspace.java:610)
	at ptolemy.domains.de.kernel.DEDirector._getNextActorToFire(DEDirector.java:2386)
	at ptolemy.domains.de.kernel.DEDirector._fire(DEDirector.java:1811)
	at ptolemy.domains.de.kernel.DEDirector.fire(DEDirector.java:502)
	at ptolemy.actor.CompositeActor.fire(CompositeActor.java:455)
	at ptolemy.actor.Manager.iterate(Manager.java:851)
	at ptolemy.actor.Manager.execute(Manager.java:369)
	at ptolemy.vergil.basic.export.ExportModel$2.run(ExportModel.java:390)
	at java.desktop/java.awt.event.InvocationEvent.dispatch(InvocationEvent.java:303)
	at java.desktop/java.awt.EventQueue.dispatchEventImpl(EventQueue.java:770)
	at java.desktop/java.awt.EventQueue$4.run(EventQueue.java:721)
	at java.desktop/java.awt.EventQueue$4.run(EventQueue.java:715)
	at java.base/java.security.AccessController.doPrivileged(Native Method)
	at java.base/java.security.ProtectionDomain$JavaSecurityAccessImpl.doIntersectionPrivilege(ProtectionDomain.java:85)
	at java.desktop/java.awt.EventQueue.dispatchEvent(EventQueue.java:740)
	at java.desktop/java.awt.EventDispatchThread.pumpOneEventForFilters(EventDispatchThread.java:203)
	at java.desktop/java.awt.EventDispatchThread.pumpEventsForFilter(EventDispatchThread.java:124)
	at java.desktop/java.awt.EventDispatchThread.pumpEventsForHierarchy(EventDispatchThread.java:113)
	at java.desktop/java.awt.EventDispatchThread.pumpEvents(EventDispatchThread.java:109)
	at java.desktop/java.awt.EventDispatchThread.pumpEvents(EventDispatchThread.java:101)
	at java.desktop/java.awt.EventDispatchThread.run(EventDispatchThread.java:90)
java.lang.reflect.InvocationTargetException
	at java.desktop/java.awt.EventQueue.invokeAndWait(EventQueue.java:1367)
	at java.desktop/java.awt.EventQueue.invokeAndWait(EventQueue.java:1342)
	at java.desktop/javax.swing.SwingUtilities.invokeAndWait(SwingUtilities.java:1480)
	at ptolemy.vergil.basic.export.ExportModel.exportModel(ExportModel.java:401)
	at ptolemy.vergil.basic.export.test.junit.ExportModelJUnitTest.RunExportModel(ExportModelJUnitTest.java:153)
	at ptolemy.vergil.basic.export.test.junit.ExportModelJUnitTestBatch.RunExportModel(ExportModelJUnitTestBatch.java:84)
	at jdk.internal.reflect.GeneratedMethodAccessor26.invoke(Unknown Source)
	at java.base/jdk.internal.reflect.DelegatingMethodAccessorImpl.invoke(DelegatingMethodAccessorImpl.java:43)
	at java.base/java.lang.reflect.Method.invoke(Method.java:566)
	at org.junit.runners.model.FrameworkMethod$1.runReflectiveCall(FrameworkMethod.java:44)
	at org.junit.internal.runners.model.ReflectiveCallable.run(ReflectiveCallable.java:15)
	at org.junit.runners.model.FrameworkMethod.invokeExplosively(FrameworkMethod.java:41)
	at junitparams.internal.InvokeParameterisedMethod.evaluate(InvokeParameterisedMethod.java:102)
	at junitparams.internal.ParameterisedTestMethodRunner.runMethodInvoker(ParameterisedTestMethodRunner.java:47)
	at junitparams.internal.ParameterisedTestMethodRunner.runTestMethod(ParameterisedTestMethodRunner.java:41)
	at junitparams.internal.ParameterisedTestClassRunner.runParameterisedTest(ParameterisedTestClassRunner.java:143)
	at junitparams.JUnitParamsRunner.runChild(JUnitParamsRunner.java:237)
	at junitparams.JUnitParamsRunner.runChild(JUnitParamsRunner.java:215)
	at org.junit.runners.ParentRunner$3.run(ParentRunner.java:193)
	at org.junit.runners.ParentRunner$1.schedule(ParentRunner.java:52)
	at org.junit.runners.ParentRunner.runChildren(ParentRunner.java:191)
	at org.junit.runners.ParentRunner.access$000(ParentRunner.java:42)
	at org.junit.runners.ParentRunner$2.evaluate(ParentRunner.java:184)
	at org.junit.runners.ParentRunner.run(ParentRunner.java:236)
	at junit.framework.JUnit4TestAdapter.run(JUnit4TestAdapter.java:39)
	at org.apache.tools.ant.taskdefs.optional.junit.JUnitTestRunner.run(JUnitTestRunner.java:535)
	at org.apache.tools.ant.taskdefs.optional.junit.JUnitTestRunner.launch(JUnitTestRunner.java:1182)
	at org.apache.tools.ant.taskdefs.optional.junit.JUnitTestRunner.main(JUnitTestRunner.java:1033)
Caused by: java.lang.RuntimeException: ptolemy.kernel.util.InternalErrorException: AWT-EventQueue-0: Thread interrupted while waiting to get  read access: null
  in .<Unnamed Object>
Because:
java.lang.InterruptedException
	at ptolemy.vergil.basic.export.ExportModel$2.run(ExportModel.java:397)
	at java.desktop/java.awt.event.InvocationEvent.dispatch(InvocationEvent.java:303)
	at java.desktop/java.awt.EventQueue.dispatchEventImpl(EventQueue.java:770)
	at java.desktop/java.awt.EventQueue$4.run(EventQueue.java:721)
	at java.desktop/java.awt.EventQueue$4.run(EventQueue.java:715)
	at java.base/java.security.AccessController.doPrivileged(Native Method)
	at java.base/java.security.ProtectionDomain$JavaSecurityAccessImpl.doIntersectionPrivilege(ProtectionDomain.java:85)
	at java.desktop/java.awt.EventQueue.dispatchEvent(EventQueue.java:740)
	at java.desktop/java.awt.EventDispatchThread.pumpOneEventForFilters(EventDispatchThread.java:203)
	at java.desktop/java.awt.EventDispatchThread.pumpEventsForFilter(EventDispatchThread.java:124)
	at java.desktop/java.awt.EventDispatchThread.pumpEventsForHierarchy(EventDispatchThread.java:113)
	at java.desktop/java.awt.EventDispatchThread.pumpEvents(EventDispatchThread.java:109)
	at java.desktop/java.awt.EventDispatchThread.pumpEvents(EventDispatchThread.java:101)
	at java.desktop/java.awt.EventDispatchThread.run(EventDispatchThread.java:90)
Caused by: ptolemy.kernel.util.InternalErrorException: AWT-EventQueue-0: Thread interrupted while waiting to get  read access: null
  in .<Unnamed Object>
Because:
java.lang.InterruptedException
	at ptolemy.kernel.util.Workspace._reacquireReadPermissions(Workspace.java:1032)
	at ptolemy.kernel.util.Workspace.reacquireReadPermission(Workspace.java:610)
	at ptolemy.domains.de.kernel.DEDirector._getNextActorToFire(DEDirector.java:2386)
	at ptolemy.domains.de.kernel.DEDirector._fire(DEDirector.java:1811)
	at ptolemy.domains.de.kernel.DEDirector.fire(DEDirector.java:502)
	at ptolemy.actor.CompositeActor.fire(CompositeActor.java:455)
	at ptolemy.actor.Manager.iterate(Manager.java:851)
	at ptolemy.actor.Manager.execute(Manager.java:369)
	at ptolemy.vergil.basic.export.ExportModel$2.run(ExportModel.java:390)
	... 13 more
Caused by: java.lang.InterruptedException
	at java.base/java.lang.Object.wait(Native Method)
	at java.base/java.lang.Object.wait(Object.java:328)
	at ptolemy.kernel.util.Workspace._reacquireReadPermissions(Workspace.java:1027)
	... 21 more
Unable to export to web.
java.util.ConcurrentModificationException
	at java.base/java.util.LinkedList$ListItr.checkForComodification(LinkedList.java:970)
	at java.base/java.util.LinkedList$ListItr.next(LinkedList.java:892)
	at java.base/java.util.Collections$UnmodifiableCollection$1.next(Collections.java:1045)
	at ptolemy.vergil.basic.export.web.DefaultIconScript._provideAttributes(DefaultIconScript.java:196)
	at ptolemy.vergil.basic.export.web.WebContent.provideContent(WebContent.java:176)
	at ptolemy.vergil.basic.export.html.ExportHTMLAction.writeHTML(ExportHTMLAction.java:745)
	at ptolemy.vergil.basic.BasicGraphFrame.writeHTML(BasicGraphFrame.java:1657)
	at ptolemy.vergil.basic.export.html.ExportHTMLAction$1$1.run(ExportHTMLAction.java:559)
	at java.desktop/java.awt.event.InvocationEvent.dispatch(InvocationEvent.java:313)
	at java.desktop/java.awt.EventQueue.dispatchEventImpl(EventQueue.java:770)
	at java.desktop/java.awt.EventQueue$4.run(EventQueue.java:721)
	at java.desktop/java.awt.EventQueue$4.run(EventQueue.java:715)
	at java.base/java.security.AccessController.doPrivileged(Native Method)
	at java.base/java.security.ProtectionDomain$JavaSecurityAccessImpl.doIntersectionPrivilege(ProtectionDomain.java:85)
	at java.desktop/java.awt.EventQueue.dispatchEvent(EventQueue.java:740)
	at java.desktop/java.awt.EventDispatchThread.pumpOneEventForFilters(EventDispatchThread.java:203)
	at java.desktop/java.awt.EventDispatchThread.pumpEventsForFilter(EventDispatchThread.java:124)
	at java.desktop/java.awt.EventDispatchThread.pumpEventsForHierarchy(EventDispatchThread.java:113)
	at java.desktop/java.awt.EventDispatchThread.pumpEvents(EventDispatchThread.java:109)
	at java.desktop/java.awt.EventDispatchThread.pumpEvents(EventDispatchThread.java:101)
	at java.desktop/java.awt.EventDispatchThread.run(EventDispatchThread.java:90)
Aug 12, 2019 6:45:17 AM sun.awt.X11.XToolkit processException
WARNING: Exception on Toolkit thread
java.lang.NullPointerException
	at java.desktop/java.awt.Component$BltBufferStrategy.contentsLost(Component.java:4584)
	at java.desktop/java.awt.Component$BltSubRegionBufferStrategy.showIfNotLost(Component.java:4647)
	at java.desktop/javax.swing.BufferStrategyPaintManager.show(BufferStrategyPaintManager.java:208)
	at java.desktop/javax.swing.RepaintManager.show(RepaintManager.java:1430)
	at java.desktop/javax.swing.SwingPaintEventDispatcher.createPaintEvent(SwingPaintEventDispatcher.java:61)
	at java.desktop/sun.awt.X11.XWindow.postPaintEvent(XWindow.java:568)
	at java.desktop/sun.awt.X11.XContentWindow.postPaintEvent(XContentWindow.java:180)
	at java.desktop/sun.awt.X11.XWindow.handleExposeEvent(XWindow.java:562)
	at java.desktop/sun.awt.X11.XContentWindow.handleExposeEvent(XContentWindow.java:151)
	at java.desktop/sun.awt.X11.XBaseWindow.dispatchEvent(XBaseWindow.java:1132)
	at java.desktop/sun.awt.X11.XBaseWindow.dispatchToWindow(XBaseWindow.java:1108)
	at java.desktop/sun.awt.X11.XToolkit.dispatchEvent(XToolkit.java:621)
	at java.desktop/sun.awt.X11.XToolkit.run(XToolkit.java:736)
	at java.desktop/sun.awt.X11.XToolkit.run(XToolkit.java:652)
	at java.base/java.lang.Thread.run(Thread.java:834)

]]></system-err>
</testsuite>
