<?xml version="1.0" encoding="UTF-8" ?>
<testsuite errors="0" failures="0" hostname="travis-job-d5e9b2eb-9f42-4c63-af99-d7f2cfb95817" name="ptolemy.domains.de.test.junit.JUnitTclTest" skipped="0" tests="101" time="124.088" timestamp="2020-07-20T15:08:52">
  <properties>
[...]
</properties>
  <testcase classname="ptolemy.util.test.junit.TclTests" name="[0] /home/travis/build/icyphy/ptII/ptolemy/domains/de/test/DependencyLoop.tcl (RunTclFile)" time="1.065" />
  <testcase classname="ptolemy.util.test.junit.TclTests" name="[1] /home/travis/build/icyphy/ptII/ptolemy/domains/de/test/RunDETestsAsQSS.tcl (RunTclFile)" time="83.686" />
  <testcase classname="ptolemy.util.test.junit.AutoKnownFailedTests" name="[0] /home/travis/build/icyphy/ptII/ptolemy/domains/de/test/auto/knownFailedTests/DESDFClockTest.xml (RunModel)" time="2.035" />
  <testcase classname="ptolemy.util.test.junit.AutoKnownFailedTests" name="[1] /home/travis/build/icyphy/ptII/ptolemy/domains/de/test/auto/knownFailedTests/DirectFeedback.xml (RunModel)" time="0.022" />
  <testcase classname="ptolemy.util.test.junit.AutoKnownFailedTests" name="[2] /home/travis/build/icyphy/ptII/ptolemy/domains/de/test/auto/knownFailedTests/FSMSource.xml (RunModel)" time="0.032" />
  <testcase classname="ptolemy.util.test.junit.AutoKnownFailedTests" name="[3] /home/travis/build/icyphy/ptII/ptolemy/domains/de/test/auto/knownFailedTests/HierarchicalModel.xml (RunModel)" time="0.045" />
  <testcase classname="ptolemy.util.test.junit.AutoKnownFailedTests" name="[4] /home/travis/build/icyphy/ptII/ptolemy/domains/de/test/auto/knownFailedTests/dependencyLoop.xml (RunModel)" time="0.049" />
  <testcase classname="ptolemy.util.test.junit.AutoKnownFailedTests" name="[5] /home/travis/build/icyphy/ptII/ptolemy/domains/de/test/auto/knownFailedTests/dependencyLoop2.xml (RunModel)" time="0.045" />
  <testcase classname="ptolemy.util.test.junit.AutoNameArchTests" name="[0] ThereAreNoAutoArchTests (RunModel)" time="0.004" />
  <testcase classname="ptolemy.util.test.junit.AutoTests" name="[0] /home/travis/build/icyphy/ptII/ptolemy/domains/de/test/auto/ActorDepthCalculation_actorWithoutPorts.xml (RunModel)" time="0.015" />
  <testcase classname="ptolemy.util.test.junit.AutoTests" name="[1] /home/travis/build/icyphy/ptII/ptolemy/domains/de/test/auto/AssemblyLine.xml (RunModel)" time="0.018" />
  <testcase classname="ptolemy.util.test.junit.AutoTests" name="[2] /home/travis/build/icyphy/ptII/ptolemy/domains/de/test/auto/CQBug1.xml (RunModel)" time="0.013" />
  <testcase classname="ptolemy.util.test.junit.AutoTests" name="[3] /home/travis/build/icyphy/ptII/ptolemy/domains/de/test/auto/CancelFireAt.xml (RunModel)" time="0.015" />
  <testcase classname="ptolemy.util.test.junit.AutoTests" name="[4] /home/travis/build/icyphy/ptII/ptolemy/domains/de/test/auto/CausalityAndComposabilityAnalysis.xml (RunModel)" time="0.016" />
  <testcase classname="ptolemy.util.test.junit.AutoTests" name="[5] /home/travis/build/icyphy/ptII/ptolemy/domains/de/test/auto/CausalityInterface1.xml (RunModel)" time="0.017" />
  <testcase classname="ptolemy.util.test.junit.AutoTests" name="[6] /home/travis/build/icyphy/ptII/ptolemy/domains/de/test/auto/CausalityInterface15.xml (RunModel)" time="0.016" />
  <testcase classname="ptolemy.util.test.junit.AutoTests" name="[7] /home/travis/build/icyphy/ptII/ptolemy/domains/de/test/auto/CausalityInterface2.xml (RunModel)" time="0.015" />
  <testcase classname="ptolemy.util.test.junit.AutoTests" name="[8] /home/travis/build/icyphy/ptII/ptolemy/domains/de/test/auto/CausalityInterface3.xml (RunModel)" time="0.018" />
  <testcase classname="ptolemy.util.test.junit.AutoTests" name="[9] /home/travis/build/icyphy/ptII/ptolemy/domains/de/test/auto/ClockDrift.xml (RunModel)" time="0.038" />
  <testcase classname="ptolemy.util.test.junit.AutoTests" name="[10] /home/travis/build/icyphy/ptII/ptolemy/domains/de/test/auto/ClockDriftAndValueChange.xml (RunModel)" time="0.032" />
  <testcase classname="ptolemy.util.test.junit.AutoTests" name="[11] /home/travis/build/icyphy/ptII/ptolemy/domains/de/test/auto/ClockDriftChange.xml (RunModel)" time="0.037" />
  <testcase classname="ptolemy.util.test.junit.AutoTests" name="[12] /home/travis/build/icyphy/ptII/ptolemy/domains/de/test/auto/ComposableCausalityAnalysis.xml (RunModel)" time="0.015" />
  <testcase classname="ptolemy.util.test.junit.AutoTests" name="[13] /home/travis/build/icyphy/ptII/ptolemy/domains/de/test/auto/DEFixedPointLimitation.xml (RunModel)" time="0.01" />
  <testcase classname="ptolemy.util.test.junit.AutoTests" name="[14] /home/travis/build/icyphy/ptII/ptolemy/domains/de/test/auto/DEScheduleTest.xml (RunModel)" time="0.017" />
  <testcase classname="ptolemy.util.test.junit.AutoTests" name="[15] /home/travis/build/icyphy/ptII/ptolemy/domains/de/test/auto/DEinDEwithStartTimes.xml (RunModel)" time="0.017" />
  <testcase classname="ptolemy.util.test.junit.AutoTests" name="[16] /home/travis/build/icyphy/ptII/ptolemy/domains/de/test/auto/DEinDEwithStartTimes2.xml (RunModel)" time="0.022" />
  <testcase classname="ptolemy.util.test.junit.AutoTests" name="[17] /home/travis/build/icyphy/ptII/ptolemy/domains/de/test/auto/DateDemo.xml (RunModel)" time="0.049" />
  <testcase classname="ptolemy.util.test.junit.AutoTests" name="[18] /home/travis/build/icyphy/ptII/ptolemy/domains/de/test/auto/DateToEvent.xml (RunModel)" time="2.048" />
  <testcase classname="ptolemy.util.test.junit.AutoTests" name="[19] /home/travis/build/icyphy/ptII/ptolemy/domains/de/test/auto/DepthTest1.xml (RunModel)" time="0.012" />
  <testcase classname="ptolemy.util.test.junit.AutoTests" name="[20] /home/travis/build/icyphy/ptII/ptolemy/domains/de/test/auto/DepthTest2.xml (RunModel)" time="0.023" />
  <testcase classname="ptolemy.util.test.junit.AutoTests" name="[21] /home/travis/build/icyphy/ptII/ptolemy/domains/de/test/auto/DepthTest3.xml (RunModel)" time="0.012" />
  <testcase classname="ptolemy.util.test.junit.AutoTests" name="[22] /home/travis/build/icyphy/ptII/ptolemy/domains/de/test/auto/DepthTest4.xml (RunModel)" time="0.025" />
  <testcase classname="ptolemy.util.test.junit.AutoTests" name="[23] /home/travis/build/icyphy/ptII/ptolemy/domains/de/test/auto/DepthTest5.xml (RunModel)" time="0.03" />
  <testcase classname="ptolemy.util.test.junit.AutoTests" name="[24] /home/travis/build/icyphy/ptII/ptolemy/domains/de/test/auto/DepthTest6.xml (RunModel)" time="0.02" />
  <testcase classname="ptolemy.util.test.junit.AutoTests" name="[25] /home/travis/build/icyphy/ptII/ptolemy/domains/de/test/auto/DepthTest7.xml (RunModel)" time="0.012" />
  <testcase classname="ptolemy.util.test.junit.AutoTests" name="[26] /home/travis/build/icyphy/ptII/ptolemy/domains/de/test/auto/EventToDate.xml (RunModel)" time="3.032" />
  <testcase classname="ptolemy.util.test.junit.AutoTests" name="[27] /home/travis/build/icyphy/ptII/ptolemy/domains/de/test/auto/FSM1.xml (RunModel)" time="0.035" />
  <testcase classname="ptolemy.util.test.junit.AutoTests" name="[28] /home/travis/build/icyphy/ptII/ptolemy/domains/de/test/auto/FSM7.xml (RunModel)" time="0.044" />
  <testcase classname="ptolemy.util.test.junit.AutoTests" name="[29] /home/travis/build/icyphy/ptII/ptolemy/domains/de/test/auto/Inspection.xml (RunModel)" time="0.044" />
  <testcase classname="ptolemy.util.test.junit.AutoTests" name="[30] /home/travis/build/icyphy/ptII/ptolemy/domains/de/test/auto/Iteration.xml (RunModel)" time="0.028" />
  <testcase classname="ptolemy.util.test.junit.AutoTests" name="[31] /home/travis/build/icyphy/ptII/ptolemy/domains/de/test/auto/LineFault.xml (RunModel)" time="0.554" />
  <testcase classname="ptolemy.util.test.junit.AutoTests" name="[32] /home/travis/build/icyphy/ptII/ptolemy/domains/de/test/auto/MergeModel1Add.xml (RunModel)" time="0.045" />
  <testcase classname="ptolemy.util.test.junit.AutoTests" name="[33] /home/travis/build/icyphy/ptII/ptolemy/domains/de/test/auto/MergeModel2Add.xml (RunModel)" time="0.038" />
  <testcase classname="ptolemy.util.test.junit.AutoTests" name="[34] /home/travis/build/icyphy/ptII/ptolemy/domains/de/test/auto/MergeModel3Add.xml (RunModel)" time="0.053" />
  <testcase classname="ptolemy.util.test.junit.AutoTests" name="[35] /home/travis/build/icyphy/ptII/ptolemy/domains/de/test/auto/MergeWithoutDiscard.xml (RunModel)" time="0.011" />
  <testcase classname="ptolemy.util.test.junit.AutoTests" name="[36] /home/travis/build/icyphy/ptII/ptolemy/domains/de/test/auto/Modal1.xml (RunModel)" time="0.033" />
  <testcase classname="ptolemy.util.test.junit.AutoTests" name="[37] /home/travis/build/icyphy/ptII/ptolemy/domains/de/test/auto/Modal2.xml (RunModel)" time="0.029" />
  <testcase classname="ptolemy.util.test.junit.AutoTests" name="[38] /home/travis/build/icyphy/ptII/ptolemy/domains/de/test/auto/Modal3.xml (RunModel)" time="0.03" />
  <testcase classname="ptolemy.util.test.junit.AutoTests" name="[39] /home/travis/build/icyphy/ptII/ptolemy/domains/de/test/auto/Modal4.xml (RunModel)" time="0.036" />
  <testcase classname="ptolemy.util.test.junit.AutoTests" name="[40] /home/travis/build/icyphy/ptII/ptolemy/domains/de/test/auto/Modal5.xml (RunModel)" time="0.032" />
  <testcase classname="ptolemy.util.test.junit.AutoTests" name="[41] /home/travis/build/icyphy/ptII/ptolemy/domains/de/test/auto/Modal6.xml (RunModel)" time="0.031" />
  <testcase classname="ptolemy.util.test.junit.AutoTests" name="[42] /home/travis/build/icyphy/ptII/ptolemy/domains/de/test/auto/Modal7.xml (RunModel)" time="0.036" />
  <testcase classname="ptolemy.util.test.junit.AutoTests" name="[43] /home/travis/build/icyphy/ptII/ptolemy/domains/de/test/auto/ModalModel.xml (RunModel)" time="0.19" />
  <testcase classname="ptolemy.util.test.junit.AutoTests" name="[44] /home/travis/build/icyphy/ptII/ptolemy/domains/de/test/auto/ModalSource.xml (RunModel)" time="0.022" />
  <testcase classname="ptolemy.util.test.junit.AutoTests" name="[45] /home/travis/build/icyphy/ptII/ptolemy/domains/de/test/auto/NonInterruptibleTimerZeroDelay.xml (RunModel)" time="0.018" />
  <testcase classname="ptolemy.util.test.junit.AutoTests" name="[46] /home/travis/build/icyphy/ptII/ptolemy/domains/de/test/auto/OpenQueueingNetwork.xml (RunModel)" time="2.364" />
  <testcase classname="ptolemy.util.test.junit.AutoTests" name="[47] /home/travis/build/icyphy/ptII/ptolemy/domains/de/test/auto/OpenQueuingNetwork.xml (RunModel)" time="0.313" />
  <testcase classname="ptolemy.util.test.junit.AutoTests" name="[48] /home/travis/build/icyphy/ptII/ptolemy/domains/de/test/auto/PeriodicSampler.xml (RunModel)" time="0.015" />
  <testcase classname="ptolemy.util.test.junit.AutoTests" name="[49] /home/travis/build/icyphy/ptII/ptolemy/domains/de/test/auto/PersistentIO.xml (RunModel)" time="0.026" />
  <testcase classname="ptolemy.util.test.junit.AutoTests" name="[50] /home/travis/build/icyphy/ptII/ptolemy/domains/de/test/auto/PortParameterResetOnInitialize.xml (RunModel)" time="0.013" />
  <testcase classname="ptolemy.util.test.junit.AutoTests" name="[51] /home/travis/build/icyphy/ptII/ptolemy/domains/de/test/auto/PortParameterUpdates.xml (RunModel)" time="0.017" />
  <testcase classname="ptolemy.util.test.junit.AutoTests" name="[52] /home/travis/build/icyphy/ptII/ptolemy/domains/de/test/auto/QueueAndServer.xml (RunModel)" time="0.03" />
  <testcase classname="ptolemy.util.test.junit.AutoTests" name="[53] /home/travis/build/icyphy/ptII/ptolemy/domains/de/test/auto/Records.xml (RunModel)" time="0.018" />
  <testcase classname="ptolemy.util.test.junit.AutoTests" name="[54] /home/travis/build/icyphy/ptII/ptolemy/domains/de/test/auto/ResetTransitionWithStartTime1.xml (RunModel)" time="0.02" />
  <testcase classname="ptolemy.util.test.junit.AutoTests" name="[55] /home/travis/build/icyphy/ptII/ptolemy/domains/de/test/auto/ResetTransitionWithStartTime2.xml (RunModel)" time="0.023" />
  <testcase classname="ptolemy.util.test.junit.AutoTests" name="[56] /home/travis/build/icyphy/ptII/ptolemy/domains/de/test/auto/ResetTransitionWithStartTime3.xml (RunModel)" time="0.023" />
  <testcase classname="ptolemy.util.test.junit.AutoTests" name="[57] /home/travis/build/icyphy/ptII/ptolemy/domains/de/test/auto/ResetTransitionWithStartTime4.xml (RunModel)" time="0.019" />
  <testcase classname="ptolemy.util.test.junit.AutoTests" name="[58] /home/travis/build/icyphy/ptII/ptolemy/domains/de/test/auto/ResettableTimer1.xml (RunModel)" time="0.015" />
  <testcase classname="ptolemy.util.test.junit.AutoTests" name="[59] /home/travis/build/icyphy/ptII/ptolemy/domains/de/test/auto/ResettableTimer2.xml (RunModel)" time="0.018" />
  <testcase classname="ptolemy.util.test.junit.AutoTests" name="[60] /home/travis/build/icyphy/ptII/ptolemy/domains/de/test/auto/ResettableTimer3.xml (RunModel)" time="0.012" />
  <testcase classname="ptolemy.util.test.junit.AutoTests" name="[61] /home/travis/build/icyphy/ptII/ptolemy/domains/de/test/auto/ResettableTimer4.xml (RunModel)" time="0.013" />
  <testcase classname="ptolemy.util.test.junit.AutoTests" name="[62] /home/travis/build/icyphy/ptII/ptolemy/domains/de/test/auto/ResettableTimer5.xml (RunModel)" time="0.011" />
  <testcase classname="ptolemy.util.test.junit.AutoTests" name="[63] /home/travis/build/icyphy/ptII/ptolemy/domains/de/test/auto/ResettableTimer6.xml (RunModel)" time="0.016" />
  <testcase classname="ptolemy.util.test.junit.AutoTests" name="[64] /home/travis/build/icyphy/ptII/ptolemy/domains/de/test/auto/ServerZeroDelay.xml (RunModel)" time="0.01" />
  <testcase classname="ptolemy.util.test.junit.AutoTests" name="[65] /home/travis/build/icyphy/ptII/ptolemy/domains/de/test/auto/SmartSender.xml (RunModel)" time="3.008" />
  <testcase classname="ptolemy.util.test.junit.AutoTests" name="[66] /home/travis/build/icyphy/ptII/ptolemy/domains/de/test/auto/ThreadedComposite.xml (RunModel)" time="0.127" />
  <testcase classname="ptolemy.util.test.junit.AutoTests" name="[67] /home/travis/build/icyphy/ptII/ptolemy/domains/de/test/auto/Time.xml (RunModel)" time="0.357" />
  <testcase classname="ptolemy.util.test.junit.AutoTests" name="[68] /home/travis/build/icyphy/ptII/ptolemy/domains/de/test/auto/TimeDelayZeroDelay.xml (RunModel)" time="0.011" />
  <testcase classname="ptolemy.util.test.junit.AutoTests" name="[69] /home/travis/build/icyphy/ptII/ptolemy/domains/de/test/auto/TimerZeroDelay.xml (RunModel)" time="0.009" />
  <testcase classname="ptolemy.util.test.junit.AutoTests" name="[70] /home/travis/build/icyphy/ptII/ptolemy/domains/de/test/auto/TimingParadox.xml (RunModel)" time="0.319" />
  <testcase classname="ptolemy.util.test.junit.AutoTests" name="[71] /home/travis/build/icyphy/ptII/ptolemy/domains/de/test/auto/TransferInputs.xml (RunModel)" time="0.017" />
  <testcase classname="ptolemy.util.test.junit.AutoTests" name="[72] /home/travis/build/icyphy/ptII/ptolemy/domains/de/test/auto/TransferOutputs2.xml (RunModel)" time="0.015" />
  <testcase classname="ptolemy.util.test.junit.AutoTests" name="[73] /home/travis/build/icyphy/ptII/ptolemy/domains/de/test/auto/Trilateration.xml (RunModel)" time="10.863" />
  <testcase classname="ptolemy.util.test.junit.AutoTests" name="[74] /home/travis/build/icyphy/ptII/ptolemy/domains/de/test/auto/TwoSigmaDelta.xml (RunModel)" time="1.881" />
  <testcase classname="ptolemy.util.test.junit.AutoTests" name="[75] /home/travis/build/icyphy/ptII/ptolemy/domains/de/test/auto/VariableDelay.xml (RunModel)" time="0.016" />
  <testcase classname="ptolemy.util.test.junit.AutoTests" name="[76] /home/travis/build/icyphy/ptII/ptolemy/domains/de/test/auto/VariableDelay2.xml (RunModel)" time="0.01" />
  <testcase classname="ptolemy.util.test.junit.AutoTests" name="[77] /home/travis/build/icyphy/ptII/ptolemy/domains/de/test/auto/VariableDelayZeroDelay.xml (RunModel)" time="0.013" />
  <testcase classname="ptolemy.util.test.junit.AutoTests" name="[78] /home/travis/build/icyphy/ptII/ptolemy/domains/de/test/auto/VariableDelayZeroDelay2.xml (RunModel)" time="0.011" />
  <testcase classname="ptolemy.util.test.junit.AutoTests" name="[79] /home/travis/build/icyphy/ptII/ptolemy/domains/de/test/auto/deInCt.xml (RunModel)" time="0.015" />
  <testcase classname="ptolemy.util.test.junit.AutoTests" name="[80] /home/travis/build/icyphy/ptII/ptolemy/domains/de/test/auto/deInCt2.xml (RunModel)" time="0.014" />
  <testcase classname="ptolemy.util.test.junit.AutoTests" name="[81] /home/travis/build/icyphy/ptII/ptolemy/domains/de/test/auto/dynamicCausalityInterface1.xml (RunModel)" time="0.02" />
  <testcase classname="ptolemy.util.test.junit.AutoTests" name="[82] /home/travis/build/icyphy/ptII/ptolemy/domains/de/test/auto/fsm_de_test.xml (RunModel)" time="0.025" />
  <testcase classname="ptolemy.util.test.junit.AutoTests" name="[83] /home/travis/build/icyphy/ptII/ptolemy/domains/de/test/auto/functionDependencyReconstruction.xml (RunModel)" time="0.034" />
  <testcase classname="ptolemy.util.test.junit.AutoTests" name="[84] /home/travis/build/icyphy/ptII/ptolemy/domains/de/test/auto/multirate.xml (RunModel)" time="0.017" />
  <testcase classname="ptolemy.util.test.junit.AutoTests" name="[85] /home/travis/build/icyphy/ptII/ptolemy/domains/de/test/auto/multirate2.xml (RunModel)" time="0.019" />
  <testcase classname="ptolemy.util.test.junit.AutoTests" name="[86] /home/travis/build/icyphy/ptII/ptolemy/domains/de/test/auto/realtime.xml (RunModel)" time="10.011" />
  <testcase classname="ptolemy.util.test.junit.AutoTests" name="[87] /home/travis/build/icyphy/ptII/ptolemy/domains/de/test/auto/relationGroup.xml (RunModel)" time="0.014" />
  <testcase classname="ptolemy.util.test.junit.AutoTests" name="[88] /home/travis/build/icyphy/ptII/ptolemy/domains/de/test/auto/relationGroup2.xml (RunModel)" time="0.008" />
  <testcase classname="ptolemy.util.test.junit.AutoTests" name="[89] /home/travis/build/icyphy/ptII/ptolemy/domains/de/test/auto/sortWithOpaquePorts.xml (RunModel)" time="0.012" />
  <testcase classname="ptolemy.util.test.junit.AutoTests" name="[90] /home/travis/build/icyphy/ptII/ptolemy/domains/de/test/auto/transferInputsandOutputs.xml (RunModel)" time="0.016" />
  <testcase classname="ptolemy.util.test.junit.AutoTests" name="[91] /home/travis/build/icyphy/ptII/ptolemy/domains/de/test/auto/triggerType.xml (RunModel)" time="0.006" />
  <system-out><![CDATA[/home/travis/build/icyphy/ptII/ptolemy/domains/de/test/DependencyLoop.tcl
testDefs.tcl: setting time out to 9000 seconds at Mon Jul 20 15:08:53 UTC 2020
52 ms. Memory: 129024K Free: 78278K (61%)
17 ms. Memory: 129024K Free: 60839K (47%)
/home/travis/build/icyphy/ptII/ptolemy/domains/de/test/RunDETestsAsQSS.tcl
Run the DE tests using ptolemy.domains.qss.test.QSSDirectorTest, which extends QSSDirector and prints a message in the constructors.
------------------ testing $PTII/ptolemy/domains/de/test/auto/knownFailedTests/DirectFeedback.xml (Known Failure) 
49 ms. Memory: 129024K Free: 55240K (43%)


==== $PTIIhome/travis/build/icyphy/ptII/ptolemy/domains/de/test/../../../../: Auto Automatic test in file $PTII/ptolemy/domains/de/test/auto/knownFailedTests/DirectFeedback.xml
==== Contents of test case:

	    # FIXME: we should use $relativeFilename here, but it
	    # might have backslashes under Windows, which causes no end
	    # of trouble.
	    createAndExecute $file
	    list {}
	
.... Test generated KNOWN error:
    while executing
ptolemy.kernel.util.IllegalActionException: Test fails in iteration 1.
Value was: 1.0. Should have been: 2.0
  in .DirectFeedback.Test
	at ptolemy.actor.lib.Test.fire(Test.java:268)
	at ptolemy.domains.de.kernel.DEDirector._fire(DEDirector.java:1949)
	at ptolemy.domains.de.kernel.DEDirector.fire(DEDirector.java:502)
	at ptolemy.actor.CompositeActor.fire(CompositeActor.java:455)
	at ptolemy.actor.Manager.iterate(Manager.java:851)
	at ptolemy.actor.Manager.execute(Manager.java:369)
	at ptolemy.actor.Manager.run(Manager.java:1263)
	at ptolemy.actor.Manager$PtolemyRunThread.run(Manager.java:1933)

    while executing
ptolemy.kernel.util.IllegalActionException: Test fails in iteration 1.
Value was: 1.0. Should have been: 2.0
  in .DirectFeedback.Test
    while executing
"java::new ptolemy.moml.MoMLSimpleApplication $file
"
    (procedure "createAndExecute" line 2)
    invoked from within
"createAndExecute $file"
    ("uplevel" body line 5)
    invoked from within
"uplevel $contents_of_test"
------------------ testing $PTII/ptolemy/domains/de/test/auto/knownFailedTests/dependencyLoop.xml (Known Failure) 
18 ms. Memory: 129024K Free: 52168K (40%)


==== $PTIIhome/travis/build/icyphy/ptII/ptolemy/domains/de/test/../../../../: Auto Automatic test in file $PTII/ptolemy/domains/de/test/auto/knownFailedTests/dependencyLoop.xml
==== Contents of test case:

	    # FIXME: we should use $relativeFilename here, but it
	    # might have backslashes under Windows, which causes no end
	    # of trouble.
	    createAndExecute $file
	    list {}
	
.... Test generated KNOWN error:
    while executing
ptolemy.kernel.util.IllegalActionException: Found a zero delay loop containing .dependencyLoop.original
  in .dependencyLoop and .dependencyLoop.original
	at ptolemy.actor.util.CausalityInterfaceForComposites._computeOutputPortDepth(CausalityInterfaceForComposites.java:759)
	at ptolemy.actor.util.CausalityInterfaceForComposites._computeInputDepth(CausalityInterfaceForComposites.java:696)
	at ptolemy.actor.util.CausalityInterfaceForComposites._computeOutputPortDepth(CausalityInterfaceForComposites.java:765)
	at ptolemy.actor.util.CausalityInterfaceForComposites._computeInputDepth(CausalityInterfaceForComposites.java:696)
	at ptolemy.actor.util.CausalityInterfaceForComposites._computeOutputPortDepth(CausalityInterfaceForComposites.java:765)
	at ptolemy.actor.util.CausalityInterfaceForComposites._computeInputDepth(CausalityInterfaceForComposites.java:696)
	at ptolemy.actor.util.CausalityInterfaceForComposites._computeActorDepth(CausalityInterfaceForComposites.java:532)
	at ptolemy.actor.util.CausalityInterfaceForComposites.checkForCycles(CausalityInterfaceForComposites.java:96)
	at ptolemy.domains.de.kernel.DEDirector.preinitialize(DEDirector.java:1338)
	at ptolemy.actor.CompositeActor.preinitialize(CompositeActor.java:1828)
	at ptolemy.actor.Manager.preinitializeAndResolveTypes(Manager.java:1040)
	at ptolemy.actor.Manager.initialize(Manager.java:710)
	at ptolemy.actor.Manager.execute(Manager.java:356)
	at ptolemy.actor.Manager.run(Manager.java:1263)
	at ptolemy.actor.Manager$PtolemyRunThread.run(Manager.java:1933)

    while executing
ptolemy.kernel.util.IllegalActionException: Found a zero delay loop containing .dependencyLoop.original
  in .dependencyLoop and .dependencyLoop.original
    while executing
"java::new ptolemy.moml.MoMLSimpleApplication $file
"
    (procedure "createAndExecute" line 2)
    invoked from within
"createAndExecute $file"
    ("uplevel" body line 5)
    invoked from within
"uplevel $contents_of_test"
------------------ testing $PTII/ptolemy/domains/de/test/auto/knownFailedTests/FSMSource.xml (Known Failure) 
52 ms. Memory: 129024K Free: 111081K (86%)
!!!! Auto was marked as failing, but now passes
------------------ testing $PTII/ptolemy/domains/de/test/auto/knownFailedTests/HierarchicalModel.xml (Known Failure) 
9 ms. Memory: 129024K Free: 93657K (73%)


==== $PTIIhome/travis/build/icyphy/ptII/ptolemy/domains/de/test/../../../../: Auto Automatic test in file $PTII/ptolemy/domains/de/test/auto/knownFailedTests/HierarchicalModel.xml
==== Contents of test case:

	    # FIXME: we should use $relativeFilename here, but it
	    # might have backslashes under Windows, which causes no end
	    # of trouble.
	    createAndExecute $file
	    list {}
	
.... Test generated KNOWN error:
    while executing
ptolemy.kernel.util.IllegalActionException: Found a zero delay loop containing .HierarchicalModel.A
  in .HierarchicalModel and .HierarchicalModel.A
	at ptolemy.actor.util.CausalityInterfaceForComposites._computeOutputPortDepth(CausalityInterfaceForComposites.java:759)
	at ptolemy.actor.util.CausalityInterfaceForComposites._computeInputDepth(CausalityInterfaceForComposites.java:696)
	at ptolemy.actor.util.CausalityInterfaceForComposites._computeOutputPortDepth(CausalityInterfaceForComposites.java:765)
	at ptolemy.actor.util.CausalityInterfaceForComposites._computeInputDepth(CausalityInterfaceForComposites.java:696)
	at ptolemy.actor.util.CausalityInterfaceForComposites._computeOutputPortDepth(CausalityInterfaceForComposites.java:765)
	at ptolemy.actor.util.CausalityInterfaceForComposites._computeInputDepth(CausalityInterfaceForComposites.java:696)
	at ptolemy.actor.util.CausalityInterfaceForComposites._computeActorDepth(CausalityInterfaceForComposites.java:532)
	at ptolemy.actor.util.CausalityInterfaceForComposites.checkForCycles(CausalityInterfaceForComposites.java:96)
	at ptolemy.domains.de.kernel.DEDirector.preinitialize(DEDirector.java:1338)
	at ptolemy.actor.CompositeActor.preinitialize(CompositeActor.java:1828)
	at ptolemy.actor.Manager.preinitializeAndResolveTypes(Manager.java:1040)
	at ptolemy.actor.Manager.initialize(Manager.java:710)
	at ptolemy.actor.Manager.execute(Manager.java:356)
	at ptolemy.actor.Manager.run(Manager.java:1263)
	at ptolemy.actor.Manager$PtolemyRunThread.run(Manager.java:1933)

    while executing
ptolemy.kernel.util.IllegalActionException: Found a zero delay loop containing .HierarchicalModel.A
  in .HierarchicalModel and .HierarchicalModel.A
    while executing
"java::new ptolemy.moml.MoMLSimpleApplication $file
"
    (procedure "createAndExecute" line 2)
    invoked from within
"createAndExecute $file"
    ("uplevel" body line 5)
    invoked from within
"uplevel $contents_of_test"
------------------ testing $PTII/ptolemy/domains/de/test/auto/knownFailedTests/dependencyLoop2.xml (Known Failure) 
7 ms. Memory: 129024K Free: 77739K (60%)


==== $PTIIhome/travis/build/icyphy/ptII/ptolemy/domains/de/test/../../../../: Auto Automatic test in file $PTII/ptolemy/domains/de/test/auto/knownFailedTests/dependencyLoop2.xml
==== Contents of test case:

	    # FIXME: we should use $relativeFilename here, but it
	    # might have backslashes under Windows, which causes no end
	    # of trouble.
	    createAndExecute $file
	    list {}
	
.... Test generated KNOWN error:
    while executing
ptolemy.kernel.util.IllegalActionException: Found a zero delay loop containing .dependencyLoop2.original
  in .dependencyLoop2 and .dependencyLoop2.original
	at ptolemy.actor.util.CausalityInterfaceForComposites._computeOutputPortDepth(CausalityInterfaceForComposites.java:759)
	at ptolemy.actor.util.CausalityInterfaceForComposites._computeInputDepth(CausalityInterfaceForComposites.java:696)
	at ptolemy.actor.util.CausalityInterfaceForComposites._computeOutputPortDepth(CausalityInterfaceForComposites.java:765)
	at ptolemy.actor.util.CausalityInterfaceForComposites._computeInputDepth(CausalityInterfaceForComposites.java:696)
	at ptolemy.actor.util.CausalityInterfaceForComposites._computeOutputPortDepth(CausalityInterfaceForComposites.java:765)
	at ptolemy.actor.util.CausalityInterfaceForComposites._computeInputDepth(CausalityInterfaceForComposites.java:696)
	at ptolemy.actor.util.CausalityInterfaceForComposites._computeActorDepth(CausalityInterfaceForComposites.java:532)
	at ptolemy.actor.util.CausalityInterfaceForComposites.checkForCycles(CausalityInterfaceForComposites.java:96)
	at ptolemy.domains.de.kernel.DEDirector.preinitialize(DEDirector.java:1338)
	at ptolemy.actor.CompositeActor.preinitialize(CompositeActor.java:1828)
	at ptolemy.actor.Manager.preinitializeAndResolveTypes(Manager.java:1040)
	at ptolemy.actor.Manager.initialize(Manager.java:710)
	at ptolemy.actor.Manager.execute(Manager.java:356)
	at ptolemy.actor.Manager.run(Manager.java:1263)
	at ptolemy.actor.Manager$PtolemyRunThread.run(Manager.java:1933)

    while executing
ptolemy.kernel.util.IllegalActionException: Found a zero delay loop containing .dependencyLoop2.original
  in .dependencyLoop2 and .dependencyLoop2.original
    while executing
"java::new ptolemy.moml.MoMLSimpleApplication $file
"
    (procedure "createAndExecute" line 2)
    invoked from within
"createAndExecute $file"
    ("uplevel" body line 5)
    invoked from within
"uplevel $contents_of_test"
------------------ testing $PTII/ptolemy/domains/de/test/auto/knownFailedTests/DESDFClockTest.xml (Known Failure) 
2053 ms. Memory: 129024K Free: 107236K (83%)


==== $PTIIhome/travis/build/icyphy/ptII/ptolemy/domains/de/test/../../../../: Auto Automatic test in file $PTII/ptolemy/domains/de/test/auto/knownFailedTests/DESDFClockTest.xml
==== Contents of test case:

	    # FIXME: we should use $relativeFilename here, but it
	    # might have backslashes under Windows, which causes no end
	    # of trouble.
	    createAndExecute $file
	    list {}
	
.... Test generated KNOWN error:
    while executing
ptolemy.kernel.util.IllegalActionException: Actor is not ready to fire.  Perhaps UpSample.prefire() returned false? Try debugging the actor by selecting "Listen to Actor".  Also, for SDF check moml for tokenConsumptionRate on input.
  in .DESDFClockTest.Play Bell.Copy1:SDF Director and .DESDFClockTest.Play Bell.UpSample
	at ptolemy.actor.sched.StaticSchedulingDirector.fire(StaticSchedulingDirector.java:227)
	at ptolemy.domains.sdf.kernel.SDFDirector.fire(SDFDirector.java:500)
	at ptolemy.actor.CompositeActor.fire(CompositeActor.java:455)
	at ptolemy.domains.de.kernel.DEDirector._fire(DEDirector.java:1949)
	at ptolemy.domains.de.kernel.DEDirector.fire(DEDirector.java:502)
	at ptolemy.actor.CompositeActor.fire(CompositeActor.java:455)
	at ptolemy.actor.Manager.iterate(Manager.java:851)
	at ptolemy.actor.Manager.execute(Manager.java:369)
	at ptolemy.actor.Manager.run(Manager.java:1263)
	at ptolemy.actor.Manager$PtolemyRunThread.run(Manager.java:1933)

    while executing
ptolemy.kernel.util.IllegalActionException: Actor is not ready to fire.  Perhaps UpSample.prefire() returned false? Try debugging the actor by selecting "Listen to Actor".  Also, for SDF check moml for tokenConsumptionRate on input.
  in .DESDFClockTest.Play Bell.Copy1:SDF Director and .DESDFClockTest.Play Bell.UpSample
    while executing
"java::new ptolemy.moml.MoMLSimpleApplication $file
"
    (procedure "createAndExecute" line 2)
    invoked from within
"createAndExecute $file"
    ("uplevel" body line 5)
    invoked from within
"uplevel $contents_of_test"
------------------ testing $PTII/ptolemy/domains/de/test/auto/ActorDepthCalculation_actorWithoutPorts.xml
auto.tcl: Setting watchdog for 200 seconds at Mon Jul 20 15:08:56 UTC 2020
11 ms. Memory: 129024K Free: 100066K (78%)
ptolemy.util.test.WatchDog.cancel(): canceling Mon Jul 20 15:08:56 UTC 2020
auto.tcl: Setting watchdog for 200 seconds at Mon Jul 20 15:08:56 UTC 2020
7 ms. Memory: 129024K Free: 98516K (76%)
ptolemy.util.test.WatchDog.cancel(): canceling Mon Jul 20 15:08:56 UTC 2020
------------------ testing $PTII/ptolemy/domains/de/test/auto/AssemblyLine.xml
auto.tcl: Setting watchdog for 200 seconds at Mon Jul 20 15:08:57 UTC 2020
26 ms. Memory: 51200K Free: 27488K (54%)
ptolemy.util.test.WatchDog.cancel(): canceling Mon Jul 20 15:08:57 UTC 2020
auto.tcl: Setting watchdog for 200 seconds at Mon Jul 20 15:08:57 UTC 2020
10 ms. Memory: 51200K Free: 27004K (53%)
ptolemy.util.test.WatchDog.cancel(): canceling Mon Jul 20 15:08:57 UTC 2020
------------------ testing $PTII/ptolemy/domains/de/test/auto/CQBug1.xml
auto.tcl: Setting watchdog for 200 seconds at Mon Jul 20 15:08:57 UTC 2020
3 ms. Memory: 51200K Free: 33269K (65%)
ptolemy.util.test.WatchDog.cancel(): canceling Mon Jul 20 15:08:57 UTC 2020
auto.tcl: Setting watchdog for 200 seconds at Mon Jul 20 15:08:57 UTC 2020
2 ms. Memory: 51200K Free: 33269K (65%)
ptolemy.util.test.WatchDog.cancel(): canceling Mon Jul 20 15:08:57 UTC 2020
------------------ testing $PTII/ptolemy/domains/de/test/auto/CancelFireAt.xml
auto.tcl: Setting watchdog for 200 seconds at Mon Jul 20 15:08:57 UTC 2020
2 ms. Memory: 51200K Free: 34736K (68%)
ptolemy.util.test.WatchDog.cancel(): canceling Mon Jul 20 15:08:57 UTC 2020
auto.tcl: Setting watchdog for 200 seconds at Mon Jul 20 15:08:57 UTC 2020
4 ms. Memory: 51200K Free: 34252K (67%)
ptolemy.util.test.WatchDog.cancel(): canceling Mon Jul 20 15:08:57 UTC 2020
------------------ testing $PTII/ptolemy/domains/de/test/auto/CausalityAndComposabilityAnalysis.xml
auto.tcl: Setting watchdog for 200 seconds at Mon Jul 20 15:08:57 UTC 2020
8 ms. Memory: 51200K Free: 32389K (63%)
ptolemy.util.test.WatchDog.cancel(): canceling Mon Jul 20 15:08:57 UTC 2020
auto.tcl: Setting watchdog for 200 seconds at Mon Jul 20 15:08:57 UTC 2020
6 ms. Memory: 51200K Free: 31962K (62%)
ptolemy.util.test.WatchDog.cancel(): canceling Mon Jul 20 15:08:57 UTC 2020
------------------ testing $PTII/ptolemy/domains/de/test/auto/CausalityInterface1.xml
auto.tcl: Setting watchdog for 200 seconds at Mon Jul 20 15:08:57 UTC 2020
28 ms. Memory: 51200K Free: 31254K (61%)
ptolemy.util.test.WatchDog.cancel(): canceling Mon Jul 20 15:08:57 UTC 2020
auto.tcl: Setting watchdog for 200 seconds at Mon Jul 20 15:08:57 UTC 2020
4 ms. Memory: 51200K Free: 30377K (59%)
ptolemy.util.test.WatchDog.cancel(): canceling Mon Jul 20 15:08:57 UTC 2020
------------------ testing $PTII/ptolemy/domains/de/test/auto/CausalityInterface15.xml
auto.tcl: Setting watchdog for 200 seconds at Mon Jul 20 15:08:57 UTC 2020
9 ms. Memory: 51200K Free: 31286K (61%)
ptolemy.util.test.WatchDog.cancel(): canceling Mon Jul 20 15:08:57 UTC 2020
auto.tcl: Setting watchdog for 200 seconds at Mon Jul 20 15:08:57 UTC 2020
10 ms. Memory: 51200K Free: 30343K (59%)
ptolemy.util.test.WatchDog.cancel(): canceling Mon Jul 20 15:08:57 UTC 2020
------------------ testing $PTII/ptolemy/domains/de/test/auto/CausalityInterface2.xml
auto.tcl: Setting watchdog for 200 seconds at Mon Jul 20 15:08:58 UTC 2020
3 ms. Memory: 51200K Free: 32014K (63%)
ptolemy.util.test.WatchDog.cancel(): canceling Mon Jul 20 15:08:58 UTC 2020
auto.tcl: Setting watchdog for 200 seconds at Mon Jul 20 15:08:58 UTC 2020
3 ms. Memory: 51200K Free: 31345K (61%)
ptolemy.util.test.WatchDog.cancel(): canceling Mon Jul 20 15:08:58 UTC 2020
------------------ testing $PTII/ptolemy/domains/de/test/auto/CausalityInterface3.xml
auto.tcl: Setting watchdog for 200 seconds at Mon Jul 20 15:08:58 UTC 2020
8 ms. Memory: 51200K Free: 31579K (62%)
ptolemy.util.test.WatchDog.cancel(): canceling Mon Jul 20 15:08:58 UTC 2020
auto.tcl: Setting watchdog for 200 seconds at Mon Jul 20 15:08:58 UTC 2020
3 ms. Memory: 51200K Free: 30828K (60%)
ptolemy.util.test.WatchDog.cancel(): canceling Mon Jul 20 15:08:58 UTC 2020
------------------ testing $PTII/ptolemy/domains/de/test/auto/ClockDrift.xml
auto.tcl: Setting watchdog for 200 seconds at Mon Jul 20 15:08:58 UTC 2020
69 ms. Memory: 51200K Free: 24131K (47%)
ptolemy.util.test.WatchDog.cancel(): canceling Mon Jul 20 15:08:58 UTC 2020
auto.tcl: Setting watchdog for 200 seconds at Mon Jul 20 15:08:58 UTC 2020
69 ms. Memory: 51200K Free: 21124K (41%)
ptolemy.util.test.WatchDog.cancel(): canceling Mon Jul 20 15:08:58 UTC 2020
------------------ testing $PTII/ptolemy/domains/de/test/auto/ClockDriftAndValueChange.xml
auto.tcl: Setting watchdog for 200 seconds at Mon Jul 20 15:08:58 UTC 2020
21 ms. Memory: 51200K Free: 23972K (47%)
ptolemy.util.test.WatchDog.cancel(): canceling Mon Jul 20 15:08:58 UTC 2020
auto.tcl: Setting watchdog for 200 seconds at Mon Jul 20 15:08:58 UTC 2020
20 ms. Memory: 51200K Free: 20990K (41%)
ptolemy.util.test.WatchDog.cancel(): canceling Mon Jul 20 15:08:58 UTC 2020
------------------ testing $PTII/ptolemy/domains/de/test/auto/ClockDriftChange.xml
auto.tcl: Setting watchdog for 200 seconds at Mon Jul 20 15:08:58 UTC 2020
17 ms. Memory: 51200K Free: 26016K (51%)
ptolemy.util.test.WatchDog.cancel(): canceling Mon Jul 20 15:08:58 UTC 2020
auto.tcl: Setting watchdog for 200 seconds at Mon Jul 20 15:08:58 UTC 2020
14 ms. Memory: 51200K Free: 23641K (46%)
ptolemy.util.test.WatchDog.cancel(): canceling Mon Jul 20 15:08:58 UTC 2020
------------------ testing $PTII/ptolemy/domains/de/test/auto/ComposableCausalityAnalysis.xml
auto.tcl: Setting watchdog for 200 seconds at Mon Jul 20 15:08:58 UTC 2020
3 ms. Memory: 51200K Free: 30830K (60%)
ptolemy.util.test.WatchDog.cancel(): canceling Mon Jul 20 15:08:58 UTC 2020
auto.tcl: Setting watchdog for 200 seconds at Mon Jul 20 15:08:58 UTC 2020
5 ms. Memory: 51200K Free: 29769K (58%)
ptolemy.util.test.WatchDog.cancel(): canceling Mon Jul 20 15:08:58 UTC 2020
------------------ testing $PTII/ptolemy/domains/de/test/auto/DEFixedPointLimitation.xml
auto.tcl: Setting watchdog for 200 seconds at Mon Jul 20 15:08:58 UTC 2020
3 ms. Memory: 51200K Free: 32240K (63%)
ptolemy.util.test.WatchDog.cancel(): canceling Mon Jul 20 15:08:58 UTC 2020
auto.tcl: Setting watchdog for 200 seconds at Mon Jul 20 15:08:58 UTC 2020
1 ms. Memory: 51200K Free: 31327K (61%)
ptolemy.util.test.WatchDog.cancel(): canceling Mon Jul 20 15:08:58 UTC 2020
------------------ testing $PTII/ptolemy/domains/de/test/auto/DEScheduleTest.xml
auto.tcl: Setting watchdog for 200 seconds at Mon Jul 20 15:08:58 UTC 2020
4 ms. Memory: 51200K Free: 32579K (64%)
ptolemy.util.test.WatchDog.cancel(): canceling Mon Jul 20 15:08:58 UTC 2020
auto.tcl: Setting watchdog for 200 seconds at Mon Jul 20 15:08:58 UTC 2020
3 ms. Memory: 51200K Free: 31824K (62%)
ptolemy.util.test.WatchDog.cancel(): canceling Mon Jul 20 15:08:58 UTC 2020
------------------ testing $PTII/ptolemy/domains/de/test/auto/DEinDEwithStartTimes.xml
auto.tcl: Setting watchdog for 200 seconds at Mon Jul 20 15:08:58 UTC 2020
4 ms. Memory: 51200K Free: 30751K (60%)
ptolemy.util.test.WatchDog.cancel(): canceling Mon Jul 20 15:08:58 UTC 2020
auto.tcl: Setting watchdog for 200 seconds at Mon Jul 20 15:08:58 UTC 2020
4 ms. Memory: 51200K Free: 29874K (58%)
ptolemy.util.test.WatchDog.cancel(): canceling Mon Jul 20 15:08:58 UTC 2020
------------------ testing $PTII/ptolemy/domains/de/test/auto/DEinDEwithStartTimes2.xml
auto.tcl: Setting watchdog for 200 seconds at Mon Jul 20 15:08:58 UTC 2020
4 ms. Memory: 51200K Free: 29803K (58%)
ptolemy.util.test.WatchDog.cancel(): canceling Mon Jul 20 15:08:58 UTC 2020
auto.tcl: Setting watchdog for 200 seconds at Mon Jul 20 15:08:58 UTC 2020
3 ms. Memory: 51200K Free: 28682K (56%)
ptolemy.util.test.WatchDog.cancel(): canceling Mon Jul 20 15:08:58 UTC 2020
------------------ testing $PTII/ptolemy/domains/de/test/auto/DateDemo.xml
auto.tcl: Setting watchdog for 200 seconds at Mon Jul 20 15:08:58 UTC 2020
21 ms. Memory: 51200K Free: 24293K (47%)
ptolemy.util.test.WatchDog.cancel(): canceling Mon Jul 20 15:08:59 UTC 2020
auto.tcl: Setting watchdog for 200 seconds at Mon Jul 20 15:08:59 UTC 2020
7 ms. Memory: 51200K Free: 22661K (44%)
ptolemy.util.test.WatchDog.cancel(): canceling Mon Jul 20 15:08:59 UTC 2020
------------------ testing $PTII/ptolemy/domains/de/test/auto/DateToEvent.xml
auto.tcl: Setting watchdog for 200 seconds at Mon Jul 20 15:08:59 UTC 2020
2021 ms. Memory: 51200K Free: 20245K (40%)
ptolemy.util.test.WatchDog.cancel(): canceling Mon Jul 20 15:09:01 UTC 2020
auto.tcl: Setting watchdog for 200 seconds at Mon Jul 20 15:09:01 UTC 2020
2005 ms. Memory: 51200K Free: 19378K (38%)
ptolemy.util.test.WatchDog.cancel(): canceling Mon Jul 20 15:09:03 UTC 2020
------------------ testing $PTII/ptolemy/domains/de/test/auto/DepthTest1.xml
auto.tcl: Setting watchdog for 200 seconds at Mon Jul 20 15:09:03 UTC 2020
10 ms. Memory: 51200K Free: 33410K (65%)
ptolemy.util.test.WatchDog.cancel(): canceling Mon Jul 20 15:09:03 UTC 2020
auto.tcl: Setting watchdog for 200 seconds at Mon Jul 20 15:09:03 UTC 2020
1 ms. Memory: 51200K Free: 32922K (64%)
ptolemy.util.test.WatchDog.cancel(): canceling Mon Jul 20 15:09:03 UTC 2020
------------------ testing $PTII/ptolemy/domains/de/test/auto/DepthTest2.xml
auto.tcl: Setting watchdog for 200 seconds at Mon Jul 20 15:09:03 UTC 2020
9 ms. Memory: 51200K Free: 30155K (59%)
ptolemy.util.test.WatchDog.cancel(): canceling Mon Jul 20 15:09:03 UTC 2020
auto.tcl: Setting watchdog for 200 seconds at Mon Jul 20 15:09:03 UTC 2020
3 ms. Memory: 51200K Free: 29720K (58%)
ptolemy.util.test.WatchDog.cancel(): canceling Mon Jul 20 15:09:03 UTC 2020
------------------ testing $PTII/ptolemy/domains/de/test/auto/DepthTest3.xml
auto.tcl: Setting watchdog for 200 seconds at Mon Jul 20 15:09:03 UTC 2020
2 ms. Memory: 51200K Free: 33725K (66%)
ptolemy.util.test.WatchDog.cancel(): canceling Mon Jul 20 15:09:03 UTC 2020
auto.tcl: Setting watchdog for 200 seconds at Mon Jul 20 15:09:03 UTC 2020
2 ms. Memory: 51200K Free: 33249K (65%)
ptolemy.util.test.WatchDog.cancel(): canceling Mon Jul 20 15:09:03 UTC 2020
------------------ testing $PTII/ptolemy/domains/de/test/auto/DepthTest4.xml
auto.tcl: Setting watchdog for 200 seconds at Mon Jul 20 15:09:03 UTC 2020
7 ms. Memory: 51200K Free: 31964K (62%)
ptolemy.util.test.WatchDog.cancel(): canceling Mon Jul 20 15:09:03 UTC 2020
auto.tcl: Setting watchdog for 200 seconds at Mon Jul 20 15:09:03 UTC 2020
2 ms. Memory: 51200K Free: 31285K (61%)
ptolemy.util.test.WatchDog.cancel(): canceling Mon Jul 20 15:09:03 UTC 2020
------------------ testing $PTII/ptolemy/domains/de/test/auto/DepthTest5.xml
auto.tcl: Setting watchdog for 200 seconds at Mon Jul 20 15:09:03 UTC 2020
3 ms. Memory: 51200K Free: 31401K (61%)
ptolemy.util.test.WatchDog.cancel(): canceling Mon Jul 20 15:09:03 UTC 2020
auto.tcl: Setting watchdog for 200 seconds at Mon Jul 20 15:09:03 UTC 2020
2 ms. Memory: 51200K Free: 30683K (60%)
ptolemy.util.test.WatchDog.cancel(): canceling Mon Jul 20 15:09:03 UTC 2020
------------------ testing $PTII/ptolemy/domains/de/test/auto/DepthTest6.xml
auto.tcl: Setting watchdog for 200 seconds at Mon Jul 20 15:09:03 UTC 2020
6 ms. Memory: 51200K Free: 31403K (61%)
ptolemy.util.test.WatchDog.cancel(): canceling Mon Jul 20 15:09:03 UTC 2020
auto.tcl: Setting watchdog for 200 seconds at Mon Jul 20 15:09:03 UTC 2020
2 ms. Memory: 51200K Free: 30661K (60%)
ptolemy.util.test.WatchDog.cancel(): canceling Mon Jul 20 15:09:03 UTC 2020
------------------ testing $PTII/ptolemy/domains/de/test/auto/DepthTest7.xml
auto.tcl: Setting watchdog for 200 seconds at Mon Jul 20 15:09:03 UTC 2020
3 ms. Memory: 51200K Free: 32109K (63%)
ptolemy.util.test.WatchDog.cancel(): canceling Mon Jul 20 15:09:03 UTC 2020
auto.tcl: Setting watchdog for 200 seconds at Mon Jul 20 15:09:03 UTC 2020
2 ms. Memory: 51200K Free: 31194K (61%)
ptolemy.util.test.WatchDog.cancel(): canceling Mon Jul 20 15:09:03 UTC 2020
------------------ testing $PTII/ptolemy/domains/de/test/auto/EventToDate.xml
auto.tcl: Setting watchdog for 200 seconds at Mon Jul 20 15:09:03 UTC 2020
3007 ms. Memory: 51200K Free: 22679K (44%)
ptolemy.util.test.WatchDog.cancel(): canceling Mon Jul 20 15:09:06 UTC 2020
auto.tcl: Setting watchdog for 200 seconds at Mon Jul 20 15:09:06 UTC 2020
3004 ms. Memory: 51200K Free: 22028K (43%)
ptolemy.util.test.WatchDog.cancel(): canceling Mon Jul 20 15:09:09 UTC 2020
------------------ testing $PTII/ptolemy/domains/de/test/auto/FSM1.xml
auto.tcl: Setting watchdog for 200 seconds at Mon Jul 20 15:09:09 UTC 2020
40 ms. Memory: 51200K Free: 24226K (47%)
ptolemy.util.test.WatchDog.cancel(): canceling Mon Jul 20 15:09:09 UTC 2020
auto.tcl: Setting watchdog for 200 seconds at Mon Jul 20 15:09:09 UTC 2020
19 ms. Memory: 51200K Free: 20694K (40%)
ptolemy.util.test.WatchDog.cancel(): canceling Mon Jul 20 15:09:09 UTC 2020
------------------ testing $PTII/ptolemy/domains/de/test/auto/FSM7.xml
auto.tcl: Setting watchdog for 200 seconds at Mon Jul 20 15:09:09 UTC 2020
39 ms. Memory: 51200K Free: 23838K (47%)
ptolemy.util.test.WatchDog.cancel(): canceling Mon Jul 20 15:09:10 UTC 2020
auto.tcl: Setting watchdog for 200 seconds at Mon Jul 20 15:09:10 UTC 2020
16 ms. Memory: 51200K Free: 20451K (40%)
ptolemy.util.test.WatchDog.cancel(): canceling Mon Jul 20 15:09:10 UTC 2020
------------------ testing $PTII/ptolemy/domains/de/test/auto/Inspection.xml
auto.tcl: Setting watchdog for 200 seconds at Mon Jul 20 15:09:10 UTC 2020
19 ms. Memory: 51200K Free: 23952K (47%)
ptolemy.util.test.WatchDog.cancel(): canceling Mon Jul 20 15:09:10 UTC 2020
auto.tcl: Setting watchdog for 200 seconds at Mon Jul 20 15:09:10 UTC 2020
18 ms. Memory: 51200K Free: 22162K (43%)
ptolemy.util.test.WatchDog.cancel(): canceling Mon Jul 20 15:09:10 UTC 2020
------------------ testing $PTII/ptolemy/domains/de/test/auto/Iteration.xml
auto.tcl: Setting watchdog for 200 seconds at Mon Jul 20 15:09:10 UTC 2020
8 ms. Memory: 51200K Free: 28985K (57%)
ptolemy.util.test.WatchDog.cancel(): canceling Mon Jul 20 15:09:10 UTC 2020
auto.tcl: Setting watchdog for 200 seconds at Mon Jul 20 15:09:10 UTC 2020
7 ms. Memory: 51200K Free: 27799K (54%)
ptolemy.util.test.WatchDog.cancel(): canceling Mon Jul 20 15:09:10 UTC 2020
------------------ testing $PTII/ptolemy/domains/de/test/auto/LineFault.xml
auto.tcl: Setting watchdog for 200 seconds at Mon Jul 20 15:09:10 UTC 2020
537 ms. Memory: 51200K Free: 17577K (34%)
ptolemy.util.test.WatchDog.cancel(): canceling Mon Jul 20 15:09:11 UTC 2020
auto.tcl: Setting watchdog for 200 seconds at Mon Jul 20 15:09:11 UTC 2020
447 ms. Memory: 51200K Free: 9928K (19%)
ptolemy.util.test.WatchDog.cancel(): canceling Mon Jul 20 15:09:11 UTC 2020
------------------ testing $PTII/ptolemy/domains/de/test/auto/MergeModel1Add.xml
auto.tcl: Setting watchdog for 200 seconds at Mon Jul 20 15:09:11 UTC 2020
32 ms. Memory: 55296K Free: 19315K (35%)
ptolemy.util.test.WatchDog.cancel(): canceling Mon Jul 20 15:09:11 UTC 2020
auto.tcl: Setting watchdog for 200 seconds at Mon Jul 20 15:09:11 UTC 2020
11 ms. Memory: 55296K Free: 17687K (32%)
ptolemy.util.test.WatchDog.cancel(): canceling Mon Jul 20 15:09:11 UTC 2020
------------------ testing $PTII/ptolemy/domains/de/test/auto/MergeModel2Add.xml
auto.tcl: Setting watchdog for 200 seconds at Mon Jul 20 15:09:11 UTC 2020
11 ms. Memory: 55296K Free: 21336K (39%)
ptolemy.util.test.WatchDog.cancel(): canceling Mon Jul 20 15:09:11 UTC 2020
auto.tcl: Setting watchdog for 200 seconds at Mon Jul 20 15:09:11 UTC 2020
9 ms. Memory: 55296K Free: 19398K (35%)
ptolemy.util.test.WatchDog.cancel(): canceling Mon Jul 20 15:09:11 UTC 2020
------------------ testing $PTII/ptolemy/domains/de/test/auto/MergeModel3Add.xml
auto.tcl: Setting watchdog for 200 seconds at Mon Jul 20 15:09:11 UTC 2020
8 ms. Memory: 51200K Free: 17261K (34%)
ptolemy.util.test.WatchDog.cancel(): canceling Mon Jul 20 15:09:12 UTC 2020
auto.tcl: Setting watchdog for 200 seconds at Mon Jul 20 15:09:12 UTC 2020
7 ms. Memory: 51200K Free: 15902K (31%)
ptolemy.util.test.WatchDog.cancel(): canceling Mon Jul 20 15:09:12 UTC 2020
------------------ testing $PTII/ptolemy/domains/de/test/auto/MergeWithoutDiscard.xml
auto.tcl: Setting watchdog for 200 seconds at Mon Jul 20 15:09:12 UTC 2020
2 ms. Memory: 51200K Free: 31624K (62%)
ptolemy.util.test.WatchDog.cancel(): canceling Mon Jul 20 15:09:12 UTC 2020
auto.tcl: Setting watchdog for 200 seconds at Mon Jul 20 15:09:12 UTC 2020
2 ms. Memory: 51200K Free: 31198K (61%)
ptolemy.util.test.WatchDog.cancel(): canceling Mon Jul 20 15:09:12 UTC 2020
------------------ testing $PTII/ptolemy/domains/de/test/auto/Modal1.xml
auto.tcl: Setting watchdog for 200 seconds at Mon Jul 20 15:09:12 UTC 2020
23 ms. Memory: 51200K Free: 24265K (47%)
ptolemy.util.test.WatchDog.cancel(): canceling Mon Jul 20 15:09:12 UTC 2020
auto.tcl: Setting watchdog for 200 seconds at Mon Jul 20 15:09:12 UTC 2020
29 ms. Memory: 51200K Free: 20748K (41%)
ptolemy.util.test.WatchDog.cancel(): canceling Mon Jul 20 15:09:12 UTC 2020
------------------ testing $PTII/ptolemy/domains/de/test/auto/Modal2.xml
auto.tcl: Setting watchdog for 200 seconds at Mon Jul 20 15:09:12 UTC 2020
11 ms. Memory: 51200K Free: 24141K (47%)
ptolemy.util.test.WatchDog.cancel(): canceling Mon Jul 20 15:09:12 UTC 2020
auto.tcl: Setting watchdog for 200 seconds at Mon Jul 20 15:09:12 UTC 2020
19 ms. Memory: 51200K Free: 20644K (40%)
ptolemy.util.test.WatchDog.cancel(): canceling Mon Jul 20 15:09:12 UTC 2020
------------------ testing $PTII/ptolemy/domains/de/test/auto/Modal3.xml
auto.tcl: Setting watchdog for 200 seconds at Mon Jul 20 15:09:12 UTC 2020
11 ms. Memory: 51200K Free: 23892K (47%)
ptolemy.util.test.WatchDog.cancel(): canceling Mon Jul 20 15:09:12 UTC 2020
auto.tcl: Setting watchdog for 200 seconds at Mon Jul 20 15:09:12 UTC 2020
12 ms. Memory: 51200K Free: 20660K (40%)
ptolemy.util.test.WatchDog.cancel(): canceling Mon Jul 20 15:09:12 UTC 2020
------------------ testing $PTII/ptolemy/domains/de/test/auto/Modal4.xml
auto.tcl: Setting watchdog for 200 seconds at Mon Jul 20 15:09:12 UTC 2020
12 ms. Memory: 51200K Free: 22857K (45%)
ptolemy.util.test.WatchDog.cancel(): canceling Mon Jul 20 15:09:12 UTC 2020
auto.tcl: Setting watchdog for 200 seconds at Mon Jul 20 15:09:12 UTC 2020
23 ms. Memory: 51200K Free: 19016K (37%)
ptolemy.util.test.WatchDog.cancel(): canceling Mon Jul 20 15:09:12 UTC 2020
------------------ testing $PTII/ptolemy/domains/de/test/auto/Modal5.xml
auto.tcl: Setting watchdog for 200 seconds at Mon Jul 20 15:09:12 UTC 2020
13 ms. Memory: 51200K Free: 22852K (45%)
ptolemy.util.test.WatchDog.cancel(): canceling Mon Jul 20 15:09:12 UTC 2020
auto.tcl: Setting watchdog for 200 seconds at Mon Jul 20 15:09:12 UTC 2020
15 ms. Memory: 51200K Free: 19228K (38%)
ptolemy.util.test.WatchDog.cancel(): canceling Mon Jul 20 15:09:12 UTC 2020
------------------ testing $PTII/ptolemy/domains/de/test/auto/Modal6.xml
auto.tcl: Setting watchdog for 200 seconds at Mon Jul 20 15:09:12 UTC 2020
26 ms. Memory: 51200K Free: 23629K (46%)
ptolemy.util.test.WatchDog.cancel(): canceling Mon Jul 20 15:09:12 UTC 2020
auto.tcl: Setting watchdog for 200 seconds at Mon Jul 20 15:09:12 UTC 2020
19 ms. Memory: 51200K Free: 19628K (38%)
ptolemy.util.test.WatchDog.cancel(): canceling Mon Jul 20 15:09:12 UTC 2020
------------------ testing $PTII/ptolemy/domains/de/test/auto/Modal7.xml
auto.tcl: Setting watchdog for 200 seconds at Mon Jul 20 15:09:12 UTC 2020
11 ms. Memory: 51200K Free: 22574K (44%)
ptolemy.util.test.WatchDog.cancel(): canceling Mon Jul 20 15:09:12 UTC 2020
auto.tcl: Setting watchdog for 200 seconds at Mon Jul 20 15:09:12 UTC 2020
11 ms. Memory: 51200K Free: 19228K (38%)
ptolemy.util.test.WatchDog.cancel(): canceling Mon Jul 20 15:09:12 UTC 2020
------------------ testing $PTII/ptolemy/domains/de/test/auto/ModalModel.xml
auto.tcl: Setting watchdog for 200 seconds at Mon Jul 20 15:09:12 UTC 2020
205 ms. Memory: 51200K Free: 17116K (33%)
ptolemy.util.test.WatchDog.cancel(): canceling Mon Jul 20 15:09:13 UTC 2020
auto.tcl: Setting watchdog for 200 seconds at Mon Jul 20 15:09:13 UTC 2020
196 ms. Memory: 61440K Free: 21160K (34%)
ptolemy.util.test.WatchDog.cancel(): canceling Mon Jul 20 15:09:13 UTC 2020
------------------ testing $PTII/ptolemy/domains/de/test/auto/ModalSource.xml
auto.tcl: Setting watchdog for 200 seconds at Mon Jul 20 15:09:13 UTC 2020
8 ms. Memory: 58368K Free: 34828K (60%)
ptolemy.util.test.WatchDog.cancel(): canceling Mon Jul 20 15:09:13 UTC 2020
auto.tcl: Setting watchdog for 200 seconds at Mon Jul 20 15:09:13 UTC 2020
6 ms. Memory: 58368K Free: 32860K (56%)
ptolemy.util.test.WatchDog.cancel(): canceling Mon Jul 20 15:09:13 UTC 2020
------------------ testing $PTII/ptolemy/domains/de/test/auto/NonInterruptibleTimerZeroDelay.xml
auto.tcl: Setting watchdog for 200 seconds at Mon Jul 20 15:09:13 UTC 2020
4 ms. Memory: 51200K Free: 32621K (64%)
ptolemy.util.test.WatchDog.cancel(): canceling Mon Jul 20 15:09:13 UTC 2020
auto.tcl: Setting watchdog for 200 seconds at Mon Jul 20 15:09:13 UTC 2020
2 ms. Memory: 51200K Free: 31954K (62%)
ptolemy.util.test.WatchDog.cancel(): canceling Mon Jul 20 15:09:13 UTC 2020
------------------ testing $PTII/ptolemy/domains/de/test/auto/OpenQueueingNetwork.xml
auto.tcl: Setting watchdog for 200 seconds at Mon Jul 20 15:09:13 UTC 2020
2772 ms. Memory: 113664K Free: 39868K (35%)
ptolemy.util.test.WatchDog.cancel(): canceling Mon Jul 20 15:09:16 UTC 2020
auto.tcl: Setting watchdog for 200 seconds at Mon Jul 20 15:09:16 UTC 2020
2723 ms. Memory: 137216K Free: 78749K (57%)
ptolemy.util.test.WatchDog.cancel(): canceling Mon Jul 20 15:09:19 UTC 2020
------------------ testing $PTII/ptolemy/domains/de/test/auto/OpenQueuingNetwork.xml
auto.tcl: Setting watchdog for 200 seconds at Mon Jul 20 15:09:19 UTC 2020
239 ms. Memory: 55296K Free: 24295K (44%)
ptolemy.util.test.WatchDog.cancel(): canceling Mon Jul 20 15:09:19 UTC 2020
auto.tcl: Setting watchdog for 200 seconds at Mon Jul 20 15:09:19 UTC 2020
234 ms. Memory: 66560K Free: 43998K (66%)
ptolemy.util.test.WatchDog.cancel(): canceling Mon Jul 20 15:09:19 UTC 2020
------------------ testing $PTII/ptolemy/domains/de/test/auto/PeriodicSampler.xml
auto.tcl: Setting watchdog for 200 seconds at Mon Jul 20 15:09:19 UTC 2020
3 ms. Memory: 55296K Free: 35908K (65%)
ptolemy.util.test.WatchDog.cancel(): canceling Mon Jul 20 15:09:19 UTC 2020
auto.tcl: Setting watchdog for 200 seconds at Mon Jul 20 15:09:19 UTC 2020
2 ms. Memory: 55296K Free: 35380K (64%)
ptolemy.util.test.WatchDog.cancel(): canceling Mon Jul 20 15:09:19 UTC 2020
------------------ testing $PTII/ptolemy/domains/de/test/auto/PersistentIO.xml
auto.tcl: Setting watchdog for 200 seconds at Mon Jul 20 15:09:19 UTC 2020
5 ms. Memory: 51200K Free: 26737K (52%)
ptolemy.util.test.WatchDog.cancel(): canceling Mon Jul 20 15:09:19 UTC 2020
auto.tcl: Setting watchdog for 200 seconds at Mon Jul 20 15:09:19 UTC 2020
4 ms. Memory: 51200K Free: 25239K (49%)
ptolemy.util.test.WatchDog.cancel(): canceling Mon Jul 20 15:09:20 UTC 2020
------------------ testing $PTII/ptolemy/domains/de/test/auto/PortParameterResetOnInitialize.xml
auto.tcl: Setting watchdog for 200 seconds at Mon Jul 20 15:09:20 UTC 2020
2 ms. Memory: 51200K Free: 31725K (62%)
ptolemy.util.test.WatchDog.cancel(): canceling Mon Jul 20 15:09:20 UTC 2020
auto.tcl: Setting watchdog for 200 seconds at Mon Jul 20 15:09:20 UTC 2020
2 ms. Memory: 51200K Free: 31224K (61%)
ptolemy.util.test.WatchDog.cancel(): canceling Mon Jul 20 15:09:20 UTC 2020
------------------ testing $PTII/ptolemy/domains/de/test/auto/PortParameterUpdates.xml
auto.tcl: Setting watchdog for 200 seconds at Mon Jul 20 15:09:20 UTC 2020
5 ms. Memory: 51200K Free: 30030K (59%)
ptolemy.util.test.WatchDog.cancel(): canceling Mon Jul 20 15:09:20 UTC 2020
auto.tcl: Setting watchdog for 200 seconds at Mon Jul 20 15:09:20 UTC 2020
3 ms. Memory: 51200K Free: 28804K (56%)
ptolemy.util.test.WatchDog.cancel(): canceling Mon Jul 20 15:09:20 UTC 2020
------------------ testing $PTII/ptolemy/domains/de/test/auto/QueueAndServer.xml
auto.tcl: Setting watchdog for 200 seconds at Mon Jul 20 15:09:20 UTC 2020
17 ms. Memory: 51200K Free: 28696K (56%)
ptolemy.util.test.WatchDog.cancel(): canceling Mon Jul 20 15:09:20 UTC 2020
auto.tcl: Setting watchdog for 200 seconds at Mon Jul 20 15:09:20 UTC 2020
8 ms. Memory: 51200K Free: 27223K (53%)
ptolemy.util.test.WatchDog.cancel(): canceling Mon Jul 20 15:09:20 UTC 2020
------------------ testing $PTII/ptolemy/domains/de/test/auto/Records.xml
auto.tcl: Setting watchdog for 200 seconds at Mon Jul 20 15:09:20 UTC 2020
3 ms. Memory: 51200K Free: 30975K (60%)
ptolemy.util.test.WatchDog.cancel(): canceling Mon Jul 20 15:09:20 UTC 2020
auto.tcl: Setting watchdog for 200 seconds at Mon Jul 20 15:09:20 UTC 2020
3 ms. Memory: 51200K Free: 30467K (60%)
ptolemy.util.test.WatchDog.cancel(): canceling Mon Jul 20 15:09:20 UTC 2020
------------------ testing $PTII/ptolemy/domains/de/test/auto/ResetTransitionWithStartTime1.xml
auto.tcl: Setting watchdog for 200 seconds at Mon Jul 20 15:09:20 UTC 2020
12 ms. Memory: 51200K Free: 28220K (55%)
ptolemy.util.test.WatchDog.cancel(): canceling Mon Jul 20 15:09:20 UTC 2020
auto.tcl: Setting watchdog for 200 seconds at Mon Jul 20 15:09:20 UTC 2020
8 ms. Memory: 51200K Free: 26185K (51%)
ptolemy.util.test.WatchDog.cancel(): canceling Mon Jul 20 15:09:20 UTC 2020
------------------ testing $PTII/ptolemy/domains/de/test/auto/ResetTransitionWithStartTime2.xml
auto.tcl: Setting watchdog for 200 seconds at Mon Jul 20 15:09:20 UTC 2020
6 ms. Memory: 51200K Free: 28175K (55%)
ptolemy.util.test.WatchDog.cancel(): canceling Mon Jul 20 15:09:20 UTC 2020
auto.tcl: Setting watchdog for 200 seconds at Mon Jul 20 15:09:20 UTC 2020
5 ms. Memory: 51200K Free: 26163K (51%)
ptolemy.util.test.WatchDog.cancel(): canceling Mon Jul 20 15:09:20 UTC 2020
------------------ testing $PTII/ptolemy/domains/de/test/auto/ResetTransitionWithStartTime3.xml
auto.tcl: Setting watchdog for 200 seconds at Mon Jul 20 15:09:20 UTC 2020
11 ms. Memory: 51200K Free: 28174K (55%)
ptolemy.util.test.WatchDog.cancel(): canceling Mon Jul 20 15:09:20 UTC 2020
auto.tcl: Setting watchdog for 200 seconds at Mon Jul 20 15:09:20 UTC 2020
5 ms. Memory: 51200K Free: 26139K (51%)
ptolemy.util.test.WatchDog.cancel(): canceling Mon Jul 20 15:09:20 UTC 2020
------------------ testing $PTII/ptolemy/domains/de/test/auto/ResetTransitionWithStartTime4.xml
auto.tcl: Setting watchdog for 200 seconds at Mon Jul 20 15:09:20 UTC 2020
8 ms. Memory: 51200K Free: 28583K (56%)
ptolemy.util.test.WatchDog.cancel(): canceling Mon Jul 20 15:09:20 UTC 2020
auto.tcl: Setting watchdog for 200 seconds at Mon Jul 20 15:09:20 UTC 2020
4 ms. Memory: 51200K Free: 27149K (53%)
ptolemy.util.test.WatchDog.cancel(): canceling Mon Jul 20 15:09:20 UTC 2020
------------------ testing $PTII/ptolemy/domains/de/test/auto/ResettableTimer1.xml
auto.tcl: Setting watchdog for 200 seconds at Mon Jul 20 15:09:20 UTC 2020
2 ms. Memory: 51200K Free: 32351K (63%)
ptolemy.util.test.WatchDog.cancel(): canceling Mon Jul 20 15:09:20 UTC 2020
auto.tcl: Setting watchdog for 200 seconds at Mon Jul 20 15:09:20 UTC 2020
2 ms. Memory: 51200K Free: 31746K (62%)
ptolemy.util.test.WatchDog.cancel(): canceling Mon Jul 20 15:09:20 UTC 2020
------------------ testing $PTII/ptolemy/domains/de/test/auto/ResettableTimer2.xml
auto.tcl: Setting watchdog for 200 seconds at Mon Jul 20 15:09:20 UTC 2020
3 ms. Memory: 51200K Free: 32415K (63%)
ptolemy.util.test.WatchDog.cancel(): canceling Mon Jul 20 15:09:20 UTC 2020
auto.tcl: Setting watchdog for 200 seconds at Mon Jul 20 15:09:20 UTC 2020
3 ms. Memory: 51200K Free: 31795K (62%)
ptolemy.util.test.WatchDog.cancel(): canceling Mon Jul 20 15:09:20 UTC 2020
------------------ testing $PTII/ptolemy/domains/de/test/auto/ResettableTimer3.xml
auto.tcl: Setting watchdog for 200 seconds at Mon Jul 20 15:09:20 UTC 2020
1 ms. Memory: 51200K Free: 32306K (63%)
ptolemy.util.test.WatchDog.cancel(): canceling Mon Jul 20 15:09:20 UTC 2020
auto.tcl: Setting watchdog for 200 seconds at Mon Jul 20 15:09:20 UTC 2020
1 ms. Memory: 51200K Free: 32306K (63%)
ptolemy.util.test.WatchDog.cancel(): canceling Mon Jul 20 15:09:20 UTC 2020
------------------ testing $PTII/ptolemy/domains/de/test/auto/ResettableTimer4.xml
auto.tcl: Setting watchdog for 200 seconds at Mon Jul 20 15:09:20 UTC 2020
1 ms. Memory: 51200K Free: 32341K (63%)
ptolemy.util.test.WatchDog.cancel(): canceling Mon Jul 20 15:09:20 UTC 2020
auto.tcl: Setting watchdog for 200 seconds at Mon Jul 20 15:09:20 UTC 2020
1 ms. Memory: 51200K Free: 31829K (62%)
ptolemy.util.test.WatchDog.cancel(): canceling Mon Jul 20 15:09:20 UTC 2020
------------------ testing $PTII/ptolemy/domains/de/test/auto/ResettableTimer5.xml
auto.tcl: Setting watchdog for 200 seconds at Mon Jul 20 15:09:20 UTC 2020
2 ms. Memory: 51200K Free: 31790K (62%)
ptolemy.util.test.WatchDog.cancel(): canceling Mon Jul 20 15:09:20 UTC 2020
auto.tcl: Setting watchdog for 200 seconds at Mon Jul 20 15:09:20 UTC 2020
2 ms. Memory: 51200K Free: 31301K (61%)
ptolemy.util.test.WatchDog.cancel(): canceling Mon Jul 20 15:09:20 UTC 2020
------------------ testing $PTII/ptolemy/domains/de/test/auto/ResettableTimer6.xml
auto.tcl: Setting watchdog for 200 seconds at Mon Jul 20 15:09:20 UTC 2020
2 ms. Memory: 51200K Free: 31781K (62%)
ptolemy.util.test.WatchDog.cancel(): canceling Mon Jul 20 15:09:20 UTC 2020
auto.tcl: Setting watchdog for 200 seconds at Mon Jul 20 15:09:20 UTC 2020
1 ms. Memory: 51200K Free: 31291K (61%)
ptolemy.util.test.WatchDog.cancel(): canceling Mon Jul 20 15:09:20 UTC 2020
------------------ testing $PTII/ptolemy/domains/de/test/auto/ServerZeroDelay.xml
auto.tcl: Setting watchdog for 200 seconds at Mon Jul 20 15:09:20 UTC 2020
4 ms. Memory: 51200K Free: 32302K (63%)
ptolemy.util.test.WatchDog.cancel(): canceling Mon Jul 20 15:09:20 UTC 2020
auto.tcl: Setting watchdog for 200 seconds at Mon Jul 20 15:09:20 UTC 2020
3 ms. Memory: 51200K Free: 31290K (61%)
ptolemy.util.test.WatchDog.cancel(): canceling Mon Jul 20 15:09:21 UTC 2020
------------------ testing $PTII/ptolemy/domains/de/test/auto/SmartSender.xml
auto.tcl: Setting watchdog for 200 seconds at Mon Jul 20 15:09:21 UTC 2020
3001 ms. Memory: 51200K Free: 32302K (63%)
ptolemy.util.test.WatchDog.cancel(): canceling Mon Jul 20 15:09:24 UTC 2020
auto.tcl: Setting watchdog for 200 seconds at Mon Jul 20 15:09:24 UTC 2020
3001 ms. Memory: 51200K Free: 31782K (62%)
ptolemy.util.test.WatchDog.cancel(): canceling Mon Jul 20 15:09:27 UTC 2020
------------------ testing $PTII/ptolemy/domains/de/test/auto/ThreadedComposite.xml
auto.tcl: Setting watchdog for 200 seconds at Mon Jul 20 15:09:27 UTC 2020
197 ms. Memory: 51200K Free: 13363K (26%)
ptolemy.util.test.WatchDog.cancel(): canceling Mon Jul 20 15:09:27 UTC 2020
auto.tcl: Setting watchdog for 200 seconds at Mon Jul 20 15:09:27 UTC 2020
166 ms. Memory: 51200K Free: 27452K (54%)
ptolemy.util.test.WatchDog.cancel(): canceling Mon Jul 20 15:09:27 UTC 2020
------------------ testing $PTII/ptolemy/domains/de/test/auto/Time.xml
auto.tcl: Setting watchdog for 200 seconds at Mon Jul 20 15:09:27 UTC 2020
464 ms. Memory: 51200K Free: 34502K (67%)
ptolemy.util.test.WatchDog.cancel(): canceling Mon Jul 20 15:09:28 UTC 2020
auto.tcl: Setting watchdog for 200 seconds at Mon Jul 20 15:09:28 UTC 2020
445 ms. Memory: 51200K Free: 8576K (17%)
ptolemy.util.test.WatchDog.cancel(): canceling Mon Jul 20 15:09:28 UTC 2020
------------------ testing $PTII/ptolemy/domains/de/test/auto/TimeDelayZeroDelay.xml
auto.tcl: Setting watchdog for 200 seconds at Mon Jul 20 15:09:28 UTC 2020
3 ms. Memory: 51200K Free: 32225K (63%)
ptolemy.util.test.WatchDog.cancel(): canceling Mon Jul 20 15:09:28 UTC 2020
auto.tcl: Setting watchdog for 200 seconds at Mon Jul 20 15:09:28 UTC 2020
2 ms. Memory: 51200K Free: 31754K (62%)
ptolemy.util.test.WatchDog.cancel(): canceling Mon Jul 20 15:09:28 UTC 2020
------------------ testing $PTII/ptolemy/domains/de/test/auto/TimerZeroDelay.xml
auto.tcl: Setting watchdog for 200 seconds at Mon Jul 20 15:09:28 UTC 2020
2 ms. Memory: 51200K Free: 32679K (64%)
ptolemy.util.test.WatchDog.cancel(): canceling Mon Jul 20 15:09:28 UTC 2020
auto.tcl: Setting watchdog for 200 seconds at Mon Jul 20 15:09:28 UTC 2020
3 ms. Memory: 51200K Free: 32268K (63%)
ptolemy.util.test.WatchDog.cancel(): canceling Mon Jul 20 15:09:28 UTC 2020
------------------ testing $PTII/ptolemy/domains/de/test/auto/TimingParadox.xml
auto.tcl: Setting watchdog for 200 seconds at Mon Jul 20 15:09:28 UTC 2020
361 ms. Memory: 51200K Free: 19360K (38%)
ptolemy.util.test.WatchDog.cancel(): canceling Mon Jul 20 15:09:29 UTC 2020
auto.tcl: Setting watchdog for 200 seconds at Mon Jul 20 15:09:29 UTC 2020
309 ms. Memory: 51200K Free: 9983K (19%)
ptolemy.util.test.WatchDog.cancel(): canceling Mon Jul 20 15:09:29 UTC 2020
------------------ testing $PTII/ptolemy/domains/de/test/auto/TransferInputs.xml
auto.tcl: Setting watchdog for 200 seconds at Mon Jul 20 15:09:29 UTC 2020
2 ms. Memory: 51200K Free: 30736K (60%)
ptolemy.util.test.WatchDog.cancel(): canceling Mon Jul 20 15:09:29 UTC 2020
auto.tcl: Setting watchdog for 200 seconds at Mon Jul 20 15:09:29 UTC 2020
2 ms. Memory: 51200K Free: 29863K (58%)
ptolemy.util.test.WatchDog.cancel(): canceling Mon Jul 20 15:09:29 UTC 2020
------------------ testing $PTII/ptolemy/domains/de/test/auto/TransferOutputs2.xml
auto.tcl: Setting watchdog for 200 seconds at Mon Jul 20 15:09:29 UTC 2020
2 ms. Memory: 51200K Free: 28178K (55%)
ptolemy.util.test.WatchDog.cancel(): canceling Mon Jul 20 15:09:29 UTC 2020
auto.tcl: Setting watchdog for 200 seconds at Mon Jul 20 15:09:29 UTC 2020
2 ms. Memory: 51200K Free: 26749K (52%)
ptolemy.util.test.WatchDog.cancel(): canceling Mon Jul 20 15:09:29 UTC 2020
------------------ testing $PTII/ptolemy/domains/de/test/auto/Trilateration.xml
auto.tcl: Setting watchdog for 200 seconds at Mon Jul 20 15:09:29 UTC 2020
11856 ms. Memory: 437248K Free: 181066K (41%)
ptolemy.util.test.WatchDog.cancel(): canceling Mon Jul 20 15:09:42 UTC 2020
auto.tcl: Setting watchdog for 200 seconds at Mon Jul 20 15:09:42 UTC 2020
9460 ms. Memory: 437248K Free: 392214K (90%)
ptolemy.util.test.WatchDog.cancel(): canceling Mon Jul 20 15:09:52 UTC 2020
------------------ testing $PTII/ptolemy/domains/de/test/auto/TwoSigmaDelta.xml
auto.tcl: Setting watchdog for 200 seconds at Mon Jul 20 15:09:52 UTC 2020
2338 ms. Memory: 92160K Free: 39657K (43%)
ptolemy.util.test.WatchDog.cancel(): canceling Mon Jul 20 15:09:54 UTC 2020
auto.tcl: Setting watchdog for 200 seconds at Mon Jul 20 15:09:54 UTC 2020
1794 ms. Memory: 92160K Free: 40656K (44%)
ptolemy.util.test.WatchDog.cancel(): canceling Mon Jul 20 15:09:56 UTC 2020
------------------ testing $PTII/ptolemy/domains/de/test/auto/VariableDelay.xml
auto.tcl: Setting watchdog for 200 seconds at Mon Jul 20 15:09:56 UTC 2020
3 ms. Memory: 58368K Free: 38396K (66%)
ptolemy.util.test.WatchDog.cancel(): canceling Mon Jul 20 15:09:56 UTC 2020
auto.tcl: Setting watchdog for 200 seconds at Mon Jul 20 15:09:56 UTC 2020
2 ms. Memory: 58368K Free: 37356K (64%)
ptolemy.util.test.WatchDog.cancel(): canceling Mon Jul 20 15:09:56 UTC 2020
------------------ testing $PTII/ptolemy/domains/de/test/auto/VariableDelay2.xml
auto.tcl: Setting watchdog for 200 seconds at Mon Jul 20 15:09:56 UTC 2020
8 ms. Memory: 55296K Free: 35731K (65%)
ptolemy.util.test.WatchDog.cancel(): canceling Mon Jul 20 15:09:56 UTC 2020
auto.tcl: Setting watchdog for 200 seconds at Mon Jul 20 15:09:56 UTC 2020
1 ms. Memory: 55296K Free: 35227K (64%)
ptolemy.util.test.WatchDog.cancel(): canceling Mon Jul 20 15:09:56 UTC 2020
------------------ testing $PTII/ptolemy/domains/de/test/auto/VariableDelayZeroDelay.xml
auto.tcl: Setting watchdog for 200 seconds at Mon Jul 20 15:09:56 UTC 2020
2 ms. Memory: 55296K Free: 36250K (66%)
ptolemy.util.test.WatchDog.cancel(): canceling Mon Jul 20 15:09:56 UTC 2020
auto.tcl: Setting watchdog for 200 seconds at Mon Jul 20 15:09:56 UTC 2020
2 ms. Memory: 55296K Free: 35736K (65%)
ptolemy.util.test.WatchDog.cancel(): canceling Mon Jul 20 15:09:56 UTC 2020
------------------ testing $PTII/ptolemy/domains/de/test/auto/VariableDelayZeroDelay2.xml
auto.tcl: Setting watchdog for 200 seconds at Mon Jul 20 15:09:56 UTC 2020
2 ms. Memory: 51200K Free: 32153K (63%)
ptolemy.util.test.WatchDog.cancel(): canceling Mon Jul 20 15:09:56 UTC 2020
auto.tcl: Setting watchdog for 200 seconds at Mon Jul 20 15:09:56 UTC 2020
3 ms. Memory: 51200K Free: 31129K (61%)
ptolemy.util.test.WatchDog.cancel(): canceling Mon Jul 20 15:09:56 UTC 2020
------------------ testing $PTII/ptolemy/domains/de/test/auto/deInCt.xml
auto.tcl: Setting watchdog for 200 seconds at Mon Jul 20 15:09:56 UTC 2020
0
1
1
1
0
0
0
1
1
1
0
0
0
0
1
1
1
1
1
0
0
1
1
1
1
0
0
0
1
1
1
1
1
1
10 ms. Memory: 51200K Free: 31126K (61%)
ptolemy.util.test.WatchDog.cancel(): canceling Mon Jul 20 15:09:56 UTC 2020
auto.tcl: Setting watchdog for 200 seconds at Mon Jul 20 15:09:56 UTC 2020
0
1
1
1
0
0
1
1
1
1
0
0
0
1
1
1
0
0
0
1
1
1
0
0
0
0
0
1
1
1
0
0
0
1
1
1
0
0
0
0
1
1
1
0
0
0
0
7 ms. Memory: 51200K Free: 29588K (58%)
ptolemy.util.test.WatchDog.cancel(): canceling Mon Jul 20 15:09:56 UTC 2020
------------------ testing $PTII/ptolemy/domains/de/test/auto/deInCt2.xml
auto.tcl: Setting watchdog for 200 seconds at Mon Jul 20 15:09:56 UTC 2020
0
1
1
1
0
0
1
1
1
0
0
1
1
1
0
0
1
1
1
0
0
1
1
1
0
0
1
1
1
0
0
1
1
1
0
0
1
1
1
0
0
0
14 ms. Memory: 51200K Free: 31126K (61%)
ptolemy.util.test.WatchDog.cancel(): canceling Mon Jul 20 15:09:56 UTC 2020
auto.tcl: Setting watchdog for 200 seconds at Mon Jul 20 15:09:56 UTC 2020
0
1
1
1
0
0
1
1
1
0
0
1
1
1
0
0
1
1
1
0
0
1
1
1
0
0
1
1
1
0
0
1
1
1
0
0
1
1
1
0
0
0
8 ms. Memory: 51200K Free: 29606K (58%)
ptolemy.util.test.WatchDog.cancel(): canceling Mon Jul 20 15:09:56 UTC 2020
------------------ testing $PTII/ptolemy/domains/de/test/auto/dynamicCausalityInterface1.xml
auto.tcl: Setting watchdog for 200 seconds at Mon Jul 20 15:09:56 UTC 2020
3 ms. Memory: 51200K Free: 26953K (53%)
ptolemy.util.test.WatchDog.cancel(): canceling Mon Jul 20 15:09:56 UTC 2020
auto.tcl: Setting watchdog for 200 seconds at Mon Jul 20 15:09:56 UTC 2020
1 ms. Memory: 51200K Free: 26456K (52%)
ptolemy.util.test.WatchDog.cancel(): canceling Mon Jul 20 15:09:56 UTC 2020
------------------ testing $PTII/ptolemy/domains/de/test/auto/fsm_de_test.xml
auto.tcl: Setting watchdog for 200 seconds at Mon Jul 20 15:09:56 UTC 2020
7 ms. Memory: 51200K Free: 26851K (52%)
ptolemy.util.test.WatchDog.cancel(): canceling Mon Jul 20 15:09:56 UTC 2020
auto.tcl: Setting watchdog for 200 seconds at Mon Jul 20 15:09:56 UTC 2020
6 ms. Memory: 51200K Free: 24803K (48%)
ptolemy.util.test.WatchDog.cancel(): canceling Mon Jul 20 15:09:56 UTC 2020
------------------ testing $PTII/ptolemy/domains/de/test/auto/functionDependencyReconstruction.xml
auto.tcl: Setting watchdog for 200 seconds at Mon Jul 20 15:09:57 UTC 2020
3 ms. Memory: 51200K Free: 20696K (40%)
ptolemy.util.test.WatchDog.cancel(): canceling Mon Jul 20 15:09:57 UTC 2020
auto.tcl: Setting watchdog for 200 seconds at Mon Jul 20 15:09:57 UTC 2020
3 ms. Memory: 51200K Free: 18648K (36%)
ptolemy.util.test.WatchDog.cancel(): canceling Mon Jul 20 15:09:57 UTC 2020
------------------ testing $PTII/ptolemy/domains/de/test/auto/multirate.xml
auto.tcl: Setting watchdog for 200 seconds at Mon Jul 20 15:09:57 UTC 2020
3 ms. Memory: 51200K Free: 29425K (57%)
ptolemy.util.test.WatchDog.cancel(): canceling Mon Jul 20 15:09:57 UTC 2020
auto.tcl: Setting watchdog for 200 seconds at Mon Jul 20 15:09:57 UTC 2020
3 ms. Memory: 51200K Free: 27746K (54%)
ptolemy.util.test.WatchDog.cancel(): canceling Mon Jul 20 15:09:57 UTC 2020
------------------ testing $PTII/ptolemy/domains/de/test/auto/multirate2.xml
auto.tcl: Setting watchdog for 200 seconds at Mon Jul 20 15:09:57 UTC 2020
5 ms. Memory: 51200K Free: 29447K (58%)
ptolemy.util.test.WatchDog.cancel(): canceling Mon Jul 20 15:09:57 UTC 2020
auto.tcl: Setting watchdog for 200 seconds at Mon Jul 20 15:09:57 UTC 2020
3 ms. Memory: 51200K Free: 27927K (55%)
ptolemy.util.test.WatchDog.cancel(): canceling Mon Jul 20 15:09:57 UTC 2020
------------------ testing $PTII/ptolemy/domains/de/test/auto/realtime.xml
auto.tcl: Setting watchdog for 200 seconds at Mon Jul 20 15:09:57 UTC 2020
10001 ms. Memory: 51200K Free: 31733K (62%)
ptolemy.util.test.WatchDog.cancel(): canceling Mon Jul 20 15:10:07 UTC 2020
auto.tcl: Setting watchdog for 200 seconds at Mon Jul 20 15:10:07 UTC 2020
10003 ms. Memory: 51200K Free: 30998K (61%)
ptolemy.util.test.WatchDog.cancel(): canceling Mon Jul 20 15:10:17 UTC 2020
------------------ testing $PTII/ptolemy/domains/de/test/auto/relationGroup.xml
auto.tcl: Setting watchdog for 200 seconds at Mon Jul 20 15:10:17 UTC 2020
1 ms. Memory: 51200K Free: 32810K (64%)
ptolemy.util.test.WatchDog.cancel(): canceling Mon Jul 20 15:10:17 UTC 2020
auto.tcl: Setting watchdog for 200 seconds at Mon Jul 20 15:10:17 UTC 2020
2 ms. Memory: 51200K Free: 32318K (63%)
ptolemy.util.test.WatchDog.cancel(): canceling Mon Jul 20 15:10:17 UTC 2020
------------------ testing $PTII/ptolemy/domains/de/test/auto/relationGroup2.xml
auto.tcl: Setting watchdog for 200 seconds at Mon Jul 20 15:10:17 UTC 2020
1 ms. Memory: 51200K Free: 32611K (64%)
ptolemy.util.test.WatchDog.cancel(): canceling Mon Jul 20 15:10:17 UTC 2020
auto.tcl: Setting watchdog for 200 seconds at Mon Jul 20 15:10:17 UTC 2020
2 ms. Memory: 51200K Free: 32111K (63%)
ptolemy.util.test.WatchDog.cancel(): canceling Mon Jul 20 15:10:17 UTC 2020
------------------ testing $PTII/ptolemy/domains/de/test/auto/sortWithOpaquePorts.xml
auto.tcl: Setting watchdog for 200 seconds at Mon Jul 20 15:10:17 UTC 2020
1 ms. Memory: 51200K Free: 32101K (63%)
ptolemy.util.test.WatchDog.cancel(): canceling Mon Jul 20 15:10:17 UTC 2020
auto.tcl: Setting watchdog for 200 seconds at Mon Jul 20 15:10:17 UTC 2020
2 ms. Memory: 51200K Free: 30584K (60%)
ptolemy.util.test.WatchDog.cancel(): canceling Mon Jul 20 15:10:17 UTC 2020
------------------ testing $PTII/ptolemy/domains/de/test/auto/transferInputsandOutputs.xml
auto.tcl: Setting watchdog for 200 seconds at Mon Jul 20 15:10:17 UTC 2020
6 ms. Memory: 51200K Free: 29017K (57%)
ptolemy.util.test.WatchDog.cancel(): canceling Mon Jul 20 15:10:17 UTC 2020
auto.tcl: Setting watchdog for 200 seconds at Mon Jul 20 15:10:17 UTC 2020
2 ms. Memory: 51200K Free: 27993K (55%)
ptolemy.util.test.WatchDog.cancel(): canceling Mon Jul 20 15:10:17 UTC 2020
------------------ testing $PTII/ptolemy/domains/de/test/auto/triggerType.xml
auto.tcl: Setting watchdog for 200 seconds at Mon Jul 20 15:10:17 UTC 2020
1 ms. Memory: 51200K Free: 32042K (63%)
ptolemy.util.test.WatchDog.cancel(): canceling Mon Jul 20 15:10:17 UTC 2020
auto.tcl: Setting watchdog for 200 seconds at Mon Jul 20 15:10:17 UTC 2020
2 ms. Memory: 51200K Free: 31035K (61%)
ptolemy.util.test.WatchDog.cancel(): canceling Mon Jul 20 15:10:17 UTC 2020
07/20/20 03:10:17
Failed: 0  Total Tests: 192  ((Passed: 187, Newly Passed: 1)  Known Failed: 5) /home/travis/build/icyphy/ptII/ptolemy/domains/de/test
07/20/20 03:10:17
Failed: 0  Total Tests: 192  ((Passed: 187, Newly Passed: 1)  Known Failed: 5) /home/travis/build/icyphy/ptII/ptolemy/domains/de/test
----------------- testing (KnownFailure) /home/travis/build/icyphy/ptII/ptolemy/domains/de/test/auto/knownFailedTests/DESDFClockTest.xml
2012 ms. Memory: 51200K Free: 25437K (50%)
Known Failure: java.lang.reflect.InvocationTargetException
----------------- testing (KnownFailure) /home/travis/build/icyphy/ptII/ptolemy/domains/de/test/auto/knownFailedTests/DirectFeedback.xml
1 ms. Memory: 51200K Free: 21341K (42%)
Known Failure: java.lang.reflect.InvocationTargetException
----------------- testing (KnownFailure) /home/travis/build/icyphy/ptII/ptolemy/domains/de/test/auto/knownFailedTests/FSMSource.xml
16 ms. Memory: 51200K Free: 13143K (26%)
----------------- testing (KnownFailure) /home/travis/build/icyphy/ptII/ptolemy/domains/de/test/auto/knownFailedTests/HierarchicalModel.xml
3 ms. Memory: 51200K Free: 25464K (50%)
Known Failure: java.lang.reflect.InvocationTargetException
----------------- testing (KnownFailure) /home/travis/build/icyphy/ptII/ptolemy/domains/de/test/auto/knownFailedTests/dependencyLoop.xml
7 ms. Memory: 51200K Free: 10477K (20%)
Known Failure: java.lang.reflect.InvocationTargetException
----------------- testing (KnownFailure) /home/travis/build/icyphy/ptII/ptolemy/domains/de/test/auto/knownFailedTests/dependencyLoop2.xml
5 ms. Memory: 51200K Free: 23511K (46%)
Known Failure: java.lang.reflect.InvocationTargetException
No auto/linux-amd64/*.xml tests in /home/travis/build/icyphy/ptII/ptolemy/domains/de/test
AutoTests.java: About to close Vertx.
AutoTests.java: Vertx closed.

===========================================================================================
----------------- testing Mon Jul 20 15:10:19 UTC 2020 /home/travis/build/icyphy/ptII/ptolemy/domains/de/test/auto/ActorDepthCalculation_actorWithoutPorts.xml
----------------- Instantiating /home/travis/build/icyphy/ptII/ptolemy/domains/de/test/auto/ActorDepthCalculation_actorWithoutPorts.xml
1 ms. Memory: 51200K Free: 16669K (33%)
----------------- Invoking toplevel() on ptolemy.moml.MoMLSimpleApplication@6550f9c1
----------------- Done invoking toplevel() on ptolemy.moml.MoMLSimpleApplication@6550f9c1
reloadAllAccessors: .ActorDepthCalculation_actorWithoutPorts

===========================================================================================
----------------- testing Mon Jul 20 15:10:19 UTC 2020 /home/travis/build/icyphy/ptII/ptolemy/domains/de/test/auto/AssemblyLine.xml
----------------- Instantiating /home/travis/build/icyphy/ptII/ptolemy/domains/de/test/auto/AssemblyLine.xml
3 ms. Memory: 51200K Free: 9517K (19%)
----------------- Invoking toplevel() on ptolemy.moml.MoMLSimpleApplication@a6d8337
----------------- Done invoking toplevel() on ptolemy.moml.MoMLSimpleApplication@a6d8337
reloadAllAccessors: .AssemblyLine

===========================================================================================
----------------- testing Mon Jul 20 15:10:20 UTC 2020 /home/travis/build/icyphy/ptII/ptolemy/domains/de/test/auto/CQBug1.xml
----------------- Instantiating /home/travis/build/icyphy/ptII/ptolemy/domains/de/test/auto/CQBug1.xml
1 ms. Memory: 51200K Free: 34294K (67%)
----------------- Invoking toplevel() on ptolemy.moml.MoMLSimpleApplication@53f8dd43
----------------- Done invoking toplevel() on ptolemy.moml.MoMLSimpleApplication@53f8dd43
reloadAllAccessors: .CQBug1

===========================================================================================
----------------- testing Mon Jul 20 15:10:20 UTC 2020 /home/travis/build/icyphy/ptII/ptolemy/domains/de/test/auto/CancelFireAt.xml
----------------- Instantiating /home/travis/build/icyphy/ptII/ptolemy/domains/de/test/auto/CancelFireAt.xml
2 ms. Memory: 51200K Free: 31793K (62%)
----------------- Invoking toplevel() on ptolemy.moml.MoMLSimpleApplication@29cb5db0
----------------- Done invoking toplevel() on ptolemy.moml.MoMLSimpleApplication@29cb5db0
reloadAllAccessors: .CancelFireAt

===========================================================================================
----------------- testing Mon Jul 20 15:10:20 UTC 2020 /home/travis/build/icyphy/ptII/ptolemy/domains/de/test/auto/CausalityAndComposabilityAnalysis.xml
----------------- Instantiating /home/travis/build/icyphy/ptII/ptolemy/domains/de/test/auto/CausalityAndComposabilityAnalysis.xml
3 ms. Memory: 51200K Free: 27419K (54%)
----------------- Invoking toplevel() on ptolemy.moml.MoMLSimpleApplication@57bed36b
----------------- Done invoking toplevel() on ptolemy.moml.MoMLSimpleApplication@57bed36b
reloadAllAccessors: .CausalityAndComposabilityAnalysis

===========================================================================================
----------------- testing Mon Jul 20 15:10:20 UTC 2020 /home/travis/build/icyphy/ptII/ptolemy/domains/de/test/auto/CausalityInterface1.xml
----------------- Instantiating /home/travis/build/icyphy/ptII/ptolemy/domains/de/test/auto/CausalityInterface1.xml
6 ms. Memory: 51200K Free: 22577K (44%)
----------------- Invoking toplevel() on ptolemy.moml.MoMLSimpleApplication@67fb2f2
----------------- Done invoking toplevel() on ptolemy.moml.MoMLSimpleApplication@67fb2f2
reloadAllAccessors: .CausalityInterface1

===========================================================================================
----------------- testing Mon Jul 20 15:10:20 UTC 2020 /home/travis/build/icyphy/ptII/ptolemy/domains/de/test/auto/CausalityInterface15.xml
----------------- Instantiating /home/travis/build/icyphy/ptII/ptolemy/domains/de/test/auto/CausalityInterface15.xml
2 ms. Memory: 51200K Free: 17179K (34%)
----------------- Invoking toplevel() on ptolemy.moml.MoMLSimpleApplication@5da45f40
----------------- Done invoking toplevel() on ptolemy.moml.MoMLSimpleApplication@5da45f40
reloadAllAccessors: .CausalityInterface15

===========================================================================================
----------------- testing Mon Jul 20 15:10:20 UTC 2020 /home/travis/build/icyphy/ptII/ptolemy/domains/de/test/auto/CausalityInterface2.xml
----------------- Instantiating /home/travis/build/icyphy/ptII/ptolemy/domains/de/test/auto/CausalityInterface2.xml
2 ms. Memory: 51200K Free: 12505K (24%)
[...]
	at ptolemy.actor.Manager.run(Manager.java:1263)
	at ptolemy.actor.Manager$PtolemyRunThread.run(Manager.java:1933)
java.lang.RuntimeException: Execution failed
	at ptolemy.moml.MoMLSimpleApplication$UnloadThread.run(MoMLSimpleApplication.java:402)
Caused by: ptolemy.kernel.util.IllegalActionException: Actor is not ready to fire.  Perhaps UpSample.prefire() returned false? Try debugging the actor by selecting "Listen to Actor".  Also, for SDF check moml for tokenConsumptionRate on input.
  in .DESDFClockTest.Play Bell.Copy1:SDF Director and .DESDFClockTest.Play Bell.UpSample
	at ptolemy.actor.sched.StaticSchedulingDirector.fire(StaticSchedulingDirector.java:227)
	at ptolemy.domains.sdf.kernel.SDFDirector.fire(SDFDirector.java:500)
	at ptolemy.actor.CompositeActor.fire(CompositeActor.java:455)
	at ptolemy.domains.de.kernel.DEDirector._fire(DEDirector.java:1949)
	at ptolemy.domains.de.kernel.DEDirector.fire(DEDirector.java:502)
	at ptolemy.actor.CompositeActor.fire(CompositeActor.java:455)
	at ptolemy.actor.Manager.iterate(Manager.java:851)
	at ptolemy.actor.Manager.execute(Manager.java:369)
	at ptolemy.actor.Manager.run(Manager.java:1263)
	at ptolemy.actor.Manager$PtolemyRunThread.run(Manager.java:1933)
java.lang.reflect.InvocationTargetException
	at java.base/jdk.internal.reflect.NativeConstructorAccessorImpl.newInstance0(Native Method)
	at java.base/jdk.internal.reflect.NativeConstructorAccessorImpl.newInstance(NativeConstructorAccessorImpl.java:62)
	at java.base/jdk.internal.reflect.DelegatingConstructorAccessorImpl.newInstance(DelegatingConstructorAccessorImpl.java:45)
	at java.base/java.lang.reflect.Constructor.newInstance(Constructor.java:490)
	at ptolemy.util.test.junit.AutoKnownFailedTests.RunModel(AutoKnownFailedTests.java:105)
	at java.base/jdk.internal.reflect.NativeMethodAccessorImpl.invoke0(Native Method)
	at java.base/jdk.internal.reflect.NativeMethodAccessorImpl.invoke(NativeMethodAccessorImpl.java:62)
	at java.base/jdk.internal.reflect.DelegatingMethodAccessorImpl.invoke(DelegatingMethodAccessorImpl.java:43)
	at java.base/java.lang.reflect.Method.invoke(Method.java:566)
	at org.junit.runners.model.FrameworkMethod$1.runReflectiveCall(FrameworkMethod.java:44)
	at org.junit.internal.runners.model.ReflectiveCallable.run(ReflectiveCallable.java:15)
	at org.junit.runners.model.FrameworkMethod.invokeExplosively(FrameworkMethod.java:41)
	at junitparams.internal.InvokeParameterisedMethod.evaluate(InvokeParameterisedMethod.java:102)
	at org.junit.internal.runners.statements.FailOnTimeout$1.run(FailOnTimeout.java:28)
Caused by: ptolemy.kernel.util.IllegalActionException: Actor is not ready to fire.  Perhaps UpSample.prefire() returned false? Try debugging the actor by selecting "Listen to Actor".  Also, for SDF check moml for tokenConsumptionRate on input.
  in .DESDFClockTest.Play Bell.Copy1:SDF Director and .DESDFClockTest.Play Bell.UpSample
	at ptolemy.actor.sched.StaticSchedulingDirector.fire(StaticSchedulingDirector.java:227)
	at ptolemy.domains.sdf.kernel.SDFDirector.fire(SDFDirector.java:500)
	at ptolemy.actor.CompositeActor.fire(CompositeActor.java:455)
	at ptolemy.domains.de.kernel.DEDirector._fire(DEDirector.java:1949)
	at ptolemy.domains.de.kernel.DEDirector.fire(DEDirector.java:502)
	at ptolemy.actor.CompositeActor.fire(CompositeActor.java:455)
	at ptolemy.actor.Manager.iterate(Manager.java:851)
	at ptolemy.actor.Manager.execute(Manager.java:369)
	at ptolemy.actor.Manager.run(Manager.java:1263)
	at ptolemy.actor.Manager$PtolemyRunThread.run(Manager.java:1933)
java.lang.RuntimeException: Execution failed
	at ptolemy.moml.MoMLSimpleApplication$UnloadThread.run(MoMLSimpleApplication.java:402)
Caused by: ptolemy.kernel.util.IllegalActionException: Test fails in iteration 1.
Value was: 1.0. Should have been: 2.0
  in .DirectFeedback.Test
	at ptolemy.actor.lib.Test.fire(Test.java:268)
	at ptolemy.domains.de.kernel.DEDirector._fire(DEDirector.java:1949)
	at ptolemy.domains.de.kernel.DEDirector.fire(DEDirector.java:502)
	at ptolemy.actor.CompositeActor.fire(CompositeActor.java:455)
	at ptolemy.actor.Manager.iterate(Manager.java:851)
	at ptolemy.actor.Manager.execute(Manager.java:369)
	at ptolemy.actor.Manager.run(Manager.java:1263)
	at ptolemy.actor.Manager$PtolemyRunThread.run(Manager.java:1933)
java.lang.reflect.InvocationTargetException
	at java.base/jdk.internal.reflect.NativeConstructorAccessorImpl.newInstance0(Native Method)
	at java.base/jdk.internal.reflect.NativeConstructorAccessorImpl.newInstance(NativeConstructorAccessorImpl.java:62)
	at java.base/jdk.internal.reflect.DelegatingConstructorAccessorImpl.newInstance(DelegatingConstructorAccessorImpl.java:45)
	at java.base/java.lang.reflect.Constructor.newInstance(Constructor.java:490)
	at ptolemy.util.test.junit.AutoKnownFailedTests.RunModel(AutoKnownFailedTests.java:105)
	at java.base/jdk.internal.reflect.NativeMethodAccessorImpl.invoke0(Native Method)
	at java.base/jdk.internal.reflect.NativeMethodAccessorImpl.invoke(NativeMethodAccessorImpl.java:62)
	at java.base/jdk.internal.reflect.DelegatingMethodAccessorImpl.invoke(DelegatingMethodAccessorImpl.java:43)
	at java.base/java.lang.reflect.Method.invoke(Method.java:566)
	at org.junit.runners.model.FrameworkMethod$1.runReflectiveCall(FrameworkMethod.java:44)
	at org.junit.internal.runners.model.ReflectiveCallable.run(ReflectiveCallable.java:15)
	at org.junit.runners.model.FrameworkMethod.invokeExplosively(FrameworkMethod.java:41)
	at junitparams.internal.InvokeParameterisedMethod.evaluate(InvokeParameterisedMethod.java:102)
	at org.junit.internal.runners.statements.FailOnTimeout$1.run(FailOnTimeout.java:28)
Caused by: ptolemy.kernel.util.IllegalActionException: Test fails in iteration 1.
Value was: 1.0. Should have been: 2.0
  in .DirectFeedback.Test
	at ptolemy.actor.lib.Test.fire(Test.java:268)
	at ptolemy.domains.de.kernel.DEDirector._fire(DEDirector.java:1949)
	at ptolemy.domains.de.kernel.DEDirector.fire(DEDirector.java:502)
	at ptolemy.actor.CompositeActor.fire(CompositeActor.java:455)
	at ptolemy.actor.Manager.iterate(Manager.java:851)
	at ptolemy.actor.Manager.execute(Manager.java:369)
	at ptolemy.actor.Manager.run(Manager.java:1263)
	at ptolemy.actor.Manager$PtolemyRunThread.run(Manager.java:1933)
java.lang.RuntimeException: Execution failed
	at ptolemy.moml.MoMLSimpleApplication$UnloadThread.run(MoMLSimpleApplication.java:402)
Caused by: ptolemy.kernel.util.IllegalActionException: Found a zero delay loop containing .HierarchicalModel.A
  in .HierarchicalModel and .HierarchicalModel.A
	at ptolemy.actor.util.CausalityInterfaceForComposites._computeOutputPortDepth(CausalityInterfaceForComposites.java:759)
	at ptolemy.actor.util.CausalityInterfaceForComposites._computeInputDepth(CausalityInterfaceForComposites.java:696)
	at ptolemy.actor.util.CausalityInterfaceForComposites._computeOutputPortDepth(CausalityInterfaceForComposites.java:765)
	at ptolemy.actor.util.CausalityInterfaceForComposites._computeInputDepth(CausalityInterfaceForComposites.java:696)
	at ptolemy.actor.util.CausalityInterfaceForComposites._computeOutputPortDepth(CausalityInterfaceForComposites.java:765)
	at ptolemy.actor.util.CausalityInterfaceForComposites._computeInputDepth(CausalityInterfaceForComposites.java:696)
	at ptolemy.actor.util.CausalityInterfaceForComposites._computeActorDepth(CausalityInterfaceForComposites.java:532)
	at ptolemy.actor.util.CausalityInterfaceForComposites.checkForCycles(CausalityInterfaceForComposites.java:96)
	at ptolemy.domains.de.kernel.DEDirector.preinitialize(DEDirector.java:1338)
	at ptolemy.actor.CompositeActor.preinitialize(CompositeActor.java:1828)
	at ptolemy.actor.Manager.preinitializeAndResolveTypes(Manager.java:1040)
	at ptolemy.actor.Manager.initialize(Manager.java:710)
	at ptolemy.actor.Manager.execute(Manager.java:356)
	at ptolemy.actor.Manager.run(Manager.java:1263)
	at ptolemy.actor.Manager$PtolemyRunThread.run(Manager.java:1933)
java.lang.reflect.InvocationTargetException
	at java.base/jdk.internal.reflect.NativeConstructorAccessorImpl.newInstance0(Native Method)
	at java.base/jdk.internal.reflect.NativeConstructorAccessorImpl.newInstance(NativeConstructorAccessorImpl.java:62)
	at java.base/jdk.internal.reflect.DelegatingConstructorAccessorImpl.newInstance(DelegatingConstructorAccessorImpl.java:45)
	at java.base/java.lang.reflect.Constructor.newInstance(Constructor.java:490)
	at ptolemy.util.test.junit.AutoKnownFailedTests.RunModel(AutoKnownFailedTests.java:105)
	at java.base/jdk.internal.reflect.NativeMethodAccessorImpl.invoke0(Native Method)
	at java.base/jdk.internal.reflect.NativeMethodAccessorImpl.invoke(NativeMethodAccessorImpl.java:62)
	at java.base/jdk.internal.reflect.DelegatingMethodAccessorImpl.invoke(DelegatingMethodAccessorImpl.java:43)
	at java.base/java.lang.reflect.Method.invoke(Method.java:566)
	at org.junit.runners.model.FrameworkMethod$1.runReflectiveCall(FrameworkMethod.java:44)
	at org.junit.internal.runners.model.ReflectiveCallable.run(ReflectiveCallable.java:15)
	at org.junit.runners.model.FrameworkMethod.invokeExplosively(FrameworkMethod.java:41)
	at junitparams.internal.InvokeParameterisedMethod.evaluate(InvokeParameterisedMethod.java:102)
	at org.junit.internal.runners.statements.FailOnTimeout$1.run(FailOnTimeout.java:28)
Caused by: ptolemy.kernel.util.IllegalActionException: Found a zero delay loop containing .HierarchicalModel.A
  in .HierarchicalModel and .HierarchicalModel.A
	at ptolemy.actor.util.CausalityInterfaceForComposites._computeOutputPortDepth(CausalityInterfaceForComposites.java:759)
	at ptolemy.actor.util.CausalityInterfaceForComposites._computeInputDepth(CausalityInterfaceForComposites.java:696)
	at ptolemy.actor.util.CausalityInterfaceForComposites._computeOutputPortDepth(CausalityInterfaceForComposites.java:765)
	at ptolemy.actor.util.CausalityInterfaceForComposites._computeInputDepth(CausalityInterfaceForComposites.java:696)
	at ptolemy.actor.util.CausalityInterfaceForComposites._computeOutputPortDepth(CausalityInterfaceForComposites.java:765)
	at ptolemy.actor.util.CausalityInterfaceForComposites._computeInputDepth(CausalityInterfaceForComposites.java:696)
	at ptolemy.actor.util.CausalityInterfaceForComposites._computeActorDepth(CausalityInterfaceForComposites.java:532)
	at ptolemy.actor.util.CausalityInterfaceForComposites.checkForCycles(CausalityInterfaceForComposites.java:96)
	at ptolemy.domains.de.kernel.DEDirector.preinitialize(DEDirector.java:1338)
	at ptolemy.actor.CompositeActor.preinitialize(CompositeActor.java:1828)
	at ptolemy.actor.Manager.preinitializeAndResolveTypes(Manager.java:1040)
	at ptolemy.actor.Manager.initialize(Manager.java:710)
	at ptolemy.actor.Manager.execute(Manager.java:356)
	at ptolemy.actor.Manager.run(Manager.java:1263)
	at ptolemy.actor.Manager$PtolemyRunThread.run(Manager.java:1933)
java.lang.RuntimeException: Execution failed
	at ptolemy.moml.MoMLSimpleApplication$UnloadThread.run(MoMLSimpleApplication.java:402)
Caused by: ptolemy.kernel.util.IllegalActionException: Found a zero delay loop containing .dependencyLoop.original
  in .dependencyLoop and .dependencyLoop.original
	at ptolemy.actor.util.CausalityInterfaceForComposites._computeOutputPortDepth(CausalityInterfaceForComposites.java:759)
	at ptolemy.actor.util.CausalityInterfaceForComposites._computeInputDepth(CausalityInterfaceForComposites.java:696)
	at ptolemy.actor.util.CausalityInterfaceForComposites._computeOutputPortDepth(CausalityInterfaceForComposites.java:765)
	at ptolemy.actor.util.CausalityInterfaceForComposites._computeInputDepth(CausalityInterfaceForComposites.java:696)
	at ptolemy.actor.util.CausalityInterfaceForComposites._computeOutputPortDepth(CausalityInterfaceForComposites.java:765)
	at ptolemy.actor.util.CausalityInterfaceForComposites._computeInputDepth(CausalityInterfaceForComposites.java:696)
	at ptolemy.actor.util.CausalityInterfaceForComposites._computeActorDepth(CausalityInterfaceForComposites.java:532)
	at ptolemy.actor.util.CausalityInterfaceForComposites.checkForCycles(CausalityInterfaceForComposites.java:96)
	at ptolemy.domains.de.kernel.DEDirector.preinitialize(DEDirector.java:1338)
	at ptolemy.actor.CompositeActor.preinitialize(CompositeActor.java:1828)
	at ptolemy.actor.Manager.preinitializeAndResolveTypes(Manager.java:1040)
	at ptolemy.actor.Manager.initialize(Manager.java:710)
	at ptolemy.actor.Manager.execute(Manager.java:356)
	at ptolemy.actor.Manager.run(Manager.java:1263)
	at ptolemy.actor.Manager$PtolemyRunThread.run(Manager.java:1933)
java.lang.reflect.InvocationTargetException
	at java.base/jdk.internal.reflect.NativeConstructorAccessorImpl.newInstance0(Native Method)
	at java.base/jdk.internal.reflect.NativeConstructorAccessorImpl.newInstance(NativeConstructorAccessorImpl.java:62)
	at java.base/jdk.internal.reflect.DelegatingConstructorAccessorImpl.newInstance(DelegatingConstructorAccessorImpl.java:45)
	at java.base/java.lang.reflect.Constructor.newInstance(Constructor.java:490)
	at ptolemy.util.test.junit.AutoKnownFailedTests.RunModel(AutoKnownFailedTests.java:105)
	at java.base/jdk.internal.reflect.NativeMethodAccessorImpl.invoke0(Native Method)
	at java.base/jdk.internal.reflect.NativeMethodAccessorImpl.invoke(NativeMethodAccessorImpl.java:62)
	at java.base/jdk.internal.reflect.DelegatingMethodAccessorImpl.invoke(DelegatingMethodAccessorImpl.java:43)
	at java.base/java.lang.reflect.Method.invoke(Method.java:566)
	at org.junit.runners.model.FrameworkMethod$1.runReflectiveCall(FrameworkMethod.java:44)
	at org.junit.internal.runners.model.ReflectiveCallable.run(ReflectiveCallable.java:15)
	at org.junit.runners.model.FrameworkMethod.invokeExplosively(FrameworkMethod.java:41)
	at junitparams.internal.InvokeParameterisedMethod.evaluate(InvokeParameterisedMethod.java:102)
	at org.junit.internal.runners.statements.FailOnTimeout$1.run(FailOnTimeout.java:28)
Caused by: ptolemy.kernel.util.IllegalActionException: Found a zero delay loop containing .dependencyLoop.original
  in .dependencyLoop and .dependencyLoop.original
	at ptolemy.actor.util.CausalityInterfaceForComposites._computeOutputPortDepth(CausalityInterfaceForComposites.java:759)
	at ptolemy.actor.util.CausalityInterfaceForComposites._computeInputDepth(CausalityInterfaceForComposites.java:696)
	at ptolemy.actor.util.CausalityInterfaceForComposites._computeOutputPortDepth(CausalityInterfaceForComposites.java:765)
	at ptolemy.actor.util.CausalityInterfaceForComposites._computeInputDepth(CausalityInterfaceForComposites.java:696)
	at ptolemy.actor.util.CausalityInterfaceForComposites._computeOutputPortDepth(CausalityInterfaceForComposites.java:765)
	at ptolemy.actor.util.CausalityInterfaceForComposites._computeInputDepth(CausalityInterfaceForComposites.java:696)
	at ptolemy.actor.util.CausalityInterfaceForComposites._computeActorDepth(CausalityInterfaceForComposites.java:532)
	at ptolemy.actor.util.CausalityInterfaceForComposites.checkForCycles(CausalityInterfaceForComposites.java:96)
	at ptolemy.domains.de.kernel.DEDirector.preinitialize(DEDirector.java:1338)
	at ptolemy.actor.CompositeActor.preinitialize(CompositeActor.java:1828)
	at ptolemy.actor.Manager.preinitializeAndResolveTypes(Manager.java:1040)
	at ptolemy.actor.Manager.initialize(Manager.java:710)
	at ptolemy.actor.Manager.execute(Manager.java:356)
	at ptolemy.actor.Manager.run(Manager.java:1263)
	at ptolemy.actor.Manager$PtolemyRunThread.run(Manager.java:1933)
java.lang.RuntimeException: Execution failed
	at ptolemy.moml.MoMLSimpleApplication$UnloadThread.run(MoMLSimpleApplication.java:402)
Caused by: ptolemy.kernel.util.IllegalActionException: Found a zero delay loop containing .dependencyLoop2.original
  in .dependencyLoop2 and .dependencyLoop2.original
	at ptolemy.actor.util.CausalityInterfaceForComposites._computeOutputPortDepth(CausalityInterfaceForComposites.java:759)
	at ptolemy.actor.util.CausalityInterfaceForComposites._computeInputDepth(CausalityInterfaceForComposites.java:696)
	at ptolemy.actor.util.CausalityInterfaceForComposites._computeOutputPortDepth(CausalityInterfaceForComposites.java:765)
	at ptolemy.actor.util.CausalityInterfaceForComposites._computeInputDepth(CausalityInterfaceForComposites.java:696)
	at ptolemy.actor.util.CausalityInterfaceForComposites._computeOutputPortDepth(CausalityInterfaceForComposites.java:765)
	at ptolemy.actor.util.CausalityInterfaceForComposites._computeInputDepth(CausalityInterfaceForComposites.java:696)
	at ptolemy.actor.util.CausalityInterfaceForComposites._computeActorDepth(CausalityInterfaceForComposites.java:532)
	at ptolemy.actor.util.CausalityInterfaceForComposites.checkForCycles(CausalityInterfaceForComposites.java:96)
	at ptolemy.domains.de.kernel.DEDirector.preinitialize(DEDirector.java:1338)
	at ptolemy.actor.CompositeActor.preinitialize(CompositeActor.java:1828)
	at ptolemy.actor.Manager.preinitializeAndResolveTypes(Manager.java:1040)
	at ptolemy.actor.Manager.initialize(Manager.java:710)
	at ptolemy.actor.Manager.execute(Manager.java:356)
	at ptolemy.actor.Manager.run(Manager.java:1263)
	at ptolemy.actor.Manager$PtolemyRunThread.run(Manager.java:1933)
java.lang.reflect.InvocationTargetException
	at java.base/jdk.internal.reflect.NativeConstructorAccessorImpl.newInstance0(Native Method)
	at java.base/jdk.internal.reflect.NativeConstructorAccessorImpl.newInstance(NativeConstructorAccessorImpl.java:62)
	at java.base/jdk.internal.reflect.DelegatingConstructorAccessorImpl.newInstance(DelegatingConstructorAccessorImpl.java:45)
	at java.base/java.lang.reflect.Constructor.newInstance(Constructor.java:490)
	at ptolemy.util.test.junit.AutoKnownFailedTests.RunModel(AutoKnownFailedTests.java:105)
	at java.base/jdk.internal.reflect.NativeMethodAccessorImpl.invoke0(Native Method)
	at java.base/jdk.internal.reflect.NativeMethodAccessorImpl.invoke(NativeMethodAccessorImpl.java:62)
	at java.base/jdk.internal.reflect.DelegatingMethodAccessorImpl.invoke(DelegatingMethodAccessorImpl.java:43)
	at java.base/java.lang.reflect.Method.invoke(Method.java:566)
	at org.junit.runners.model.FrameworkMethod$1.runReflectiveCall(FrameworkMethod.java:44)
	at org.junit.internal.runners.model.ReflectiveCallable.run(ReflectiveCallable.java:15)
	at org.junit.runners.model.FrameworkMethod.invokeExplosively(FrameworkMethod.java:41)
	at junitparams.internal.InvokeParameterisedMethod.evaluate(InvokeParameterisedMethod.java:102)
	at org.junit.internal.runners.statements.FailOnTimeout$1.run(FailOnTimeout.java:28)
Caused by: ptolemy.kernel.util.IllegalActionException: Found a zero delay loop containing .dependencyLoop2.original
  in .dependencyLoop2 and .dependencyLoop2.original
	at ptolemy.actor.util.CausalityInterfaceForComposites._computeOutputPortDepth(CausalityInterfaceForComposites.java:759)
	at ptolemy.actor.util.CausalityInterfaceForComposites._computeInputDepth(CausalityInterfaceForComposites.java:696)
	at ptolemy.actor.util.CausalityInterfaceForComposites._computeOutputPortDepth(CausalityInterfaceForComposites.java:765)
	at ptolemy.actor.util.CausalityInterfaceForComposites._computeInputDepth(CausalityInterfaceForComposites.java:696)
	at ptolemy.actor.util.CausalityInterfaceForComposites._computeOutputPortDepth(CausalityInterfaceForComposites.java:765)
	at ptolemy.actor.util.CausalityInterfaceForComposites._computeInputDepth(CausalityInterfaceForComposites.java:696)
	at ptolemy.actor.util.CausalityInterfaceForComposites._computeActorDepth(CausalityInterfaceForComposites.java:532)
	at ptolemy.actor.util.CausalityInterfaceForComposites.checkForCycles(CausalityInterfaceForComposites.java:96)
	at ptolemy.domains.de.kernel.DEDirector.preinitialize(DEDirector.java:1338)
	at ptolemy.actor.CompositeActor.preinitialize(CompositeActor.java:1828)
	at ptolemy.actor.Manager.preinitializeAndResolveTypes(Manager.java:1040)
	at ptolemy.actor.Manager.initialize(Manager.java:710)
	at ptolemy.actor.Manager.execute(Manager.java:356)
	at ptolemy.actor.Manager.run(Manager.java:1263)
	at ptolemy.actor.Manager$PtolemyRunThread.run(Manager.java:1933)
]]></system-err>
</testsuite>
