<?xml version="1.0" encoding="UTF-8" ?>
<testsuite errors="0" failures="0" hostname="travis-job-1376775e-a52f-49e4-b2e9-78c18ff1bea6" name="ptolemy.domains.de.test.junit.JUnitTclTest" skipped="0" tests="101" time="142.83" timestamp="2019-12-01T06:22:23">
  <properties>
[...]
</properties>
  <testcase classname="ptolemy.util.test.junit.TclTests" name="[0] /home/travis/build/icyphy/ptII/ptolemy/domains/de/test/DependencyLoop.tcl (RunTclFile)" time="1.283" />
  <testcase classname="ptolemy.util.test.junit.TclTests" name="[1] /home/travis/build/icyphy/ptII/ptolemy/domains/de/test/RunDETestsAsQSS.tcl (RunTclFile)" time="98.543" />
  <testcase classname="ptolemy.util.test.junit.AutoKnownFailedTests" name="[0] /home/travis/build/icyphy/ptII/ptolemy/domains/de/test/auto/knownFailedTests/DESDFClockTest.xml (RunModel)" time="2.045" />
  <testcase classname="ptolemy.util.test.junit.AutoKnownFailedTests" name="[1] /home/travis/build/icyphy/ptII/ptolemy/domains/de/test/auto/knownFailedTests/DirectFeedback.xml (RunModel)" time="0.018" />
  <testcase classname="ptolemy.util.test.junit.AutoKnownFailedTests" name="[2] /home/travis/build/icyphy/ptII/ptolemy/domains/de/test/auto/knownFailedTests/FSMSource.xml (RunModel)" time="0.05" />
  <testcase classname="ptolemy.util.test.junit.AutoKnownFailedTests" name="[3] /home/travis/build/icyphy/ptII/ptolemy/domains/de/test/auto/knownFailedTests/HierarchicalModel.xml (RunModel)" time="0.057" />
  <testcase classname="ptolemy.util.test.junit.AutoKnownFailedTests" name="[4] /home/travis/build/icyphy/ptII/ptolemy/domains/de/test/auto/knownFailedTests/dependencyLoop.xml (RunModel)" time="0.054" />
  <testcase classname="ptolemy.util.test.junit.AutoKnownFailedTests" name="[5] /home/travis/build/icyphy/ptII/ptolemy/domains/de/test/auto/knownFailedTests/dependencyLoop2.xml (RunModel)" time="0.063" />
  <testcase classname="ptolemy.util.test.junit.AutoNameArchTests" name="[0] ThereAreNoAutoArchTests (RunModel)" time="0.002" />
  <testcase classname="ptolemy.util.test.junit.AutoTests" name="[0] /home/travis/build/icyphy/ptII/ptolemy/domains/de/test/auto/ActorDepthCalculation_actorWithoutPorts.xml (RunModel)" time="0.032" />
  <testcase classname="ptolemy.util.test.junit.AutoTests" name="[1] /home/travis/build/icyphy/ptII/ptolemy/domains/de/test/auto/AssemblyLine.xml (RunModel)" time="0.033" />
  <testcase classname="ptolemy.util.test.junit.AutoTests" name="[2] /home/travis/build/icyphy/ptII/ptolemy/domains/de/test/auto/CQBug1.xml (RunModel)" time="0.021" />
  <testcase classname="ptolemy.util.test.junit.AutoTests" name="[3] /home/travis/build/icyphy/ptII/ptolemy/domains/de/test/auto/CancelFireAt.xml (RunModel)" time="0.022" />
  <testcase classname="ptolemy.util.test.junit.AutoTests" name="[4] /home/travis/build/icyphy/ptII/ptolemy/domains/de/test/auto/CausalityAndComposabilityAnalysis.xml (RunModel)" time="0.033" />
  <testcase classname="ptolemy.util.test.junit.AutoTests" name="[5] /home/travis/build/icyphy/ptII/ptolemy/domains/de/test/auto/CausalityInterface1.xml (RunModel)" time="0.021" />
  <testcase classname="ptolemy.util.test.junit.AutoTests" name="[6] /home/travis/build/icyphy/ptII/ptolemy/domains/de/test/auto/CausalityInterface15.xml (RunModel)" time="0.018" />
  <testcase classname="ptolemy.util.test.junit.AutoTests" name="[7] /home/travis/build/icyphy/ptII/ptolemy/domains/de/test/auto/CausalityInterface2.xml (RunModel)" time="0.019" />
  <testcase classname="ptolemy.util.test.junit.AutoTests" name="[8] /home/travis/build/icyphy/ptII/ptolemy/domains/de/test/auto/CausalityInterface3.xml (RunModel)" time="0.015" />
  <testcase classname="ptolemy.util.test.junit.AutoTests" name="[9] /home/travis/build/icyphy/ptII/ptolemy/domains/de/test/auto/ClockDrift.xml (RunModel)" time="0.044" />
  <testcase classname="ptolemy.util.test.junit.AutoTests" name="[10] /home/travis/build/icyphy/ptII/ptolemy/domains/de/test/auto/ClockDriftAndValueChange.xml (RunModel)" time="0.036" />
  <testcase classname="ptolemy.util.test.junit.AutoTests" name="[11] /home/travis/build/icyphy/ptII/ptolemy/domains/de/test/auto/ClockDriftChange.xml (RunModel)" time="0.037" />
  <testcase classname="ptolemy.util.test.junit.AutoTests" name="[12] /home/travis/build/icyphy/ptII/ptolemy/domains/de/test/auto/ComposableCausalityAnalysis.xml (RunModel)" time="0.019" />
  <testcase classname="ptolemy.util.test.junit.AutoTests" name="[13] /home/travis/build/icyphy/ptII/ptolemy/domains/de/test/auto/DEFixedPointLimitation.xml (RunModel)" time="0.013" />
  <testcase classname="ptolemy.util.test.junit.AutoTests" name="[14] /home/travis/build/icyphy/ptII/ptolemy/domains/de/test/auto/DEScheduleTest.xml (RunModel)" time="0.017" />
  <testcase classname="ptolemy.util.test.junit.AutoTests" name="[15] /home/travis/build/icyphy/ptII/ptolemy/domains/de/test/auto/DEinDEwithStartTimes.xml (RunModel)" time="0.023" />
  <testcase classname="ptolemy.util.test.junit.AutoTests" name="[16] /home/travis/build/icyphy/ptII/ptolemy/domains/de/test/auto/DEinDEwithStartTimes2.xml (RunModel)" time="0.021" />
  <testcase classname="ptolemy.util.test.junit.AutoTests" name="[17] /home/travis/build/icyphy/ptII/ptolemy/domains/de/test/auto/DateDemo.xml (RunModel)" time="0.031" />
  <testcase classname="ptolemy.util.test.junit.AutoTests" name="[18] /home/travis/build/icyphy/ptII/ptolemy/domains/de/test/auto/DateToEvent.xml (RunModel)" time="2.047" />
  <testcase classname="ptolemy.util.test.junit.AutoTests" name="[19] /home/travis/build/icyphy/ptII/ptolemy/domains/de/test/auto/DepthTest1.xml (RunModel)" time="0.016" />
  <testcase classname="ptolemy.util.test.junit.AutoTests" name="[20] /home/travis/build/icyphy/ptII/ptolemy/domains/de/test/auto/DepthTest2.xml (RunModel)" time="0.025" />
  <testcase classname="ptolemy.util.test.junit.AutoTests" name="[21] /home/travis/build/icyphy/ptII/ptolemy/domains/de/test/auto/DepthTest3.xml (RunModel)" time="0.015" />
  <testcase classname="ptolemy.util.test.junit.AutoTests" name="[22] /home/travis/build/icyphy/ptII/ptolemy/domains/de/test/auto/DepthTest4.xml (RunModel)" time="0.02" />
  <testcase classname="ptolemy.util.test.junit.AutoTests" name="[23] /home/travis/build/icyphy/ptII/ptolemy/domains/de/test/auto/DepthTest5.xml (RunModel)" time="0.017" />
  <testcase classname="ptolemy.util.test.junit.AutoTests" name="[24] /home/travis/build/icyphy/ptII/ptolemy/domains/de/test/auto/DepthTest6.xml (RunModel)" time="0.016" />
  <testcase classname="ptolemy.util.test.junit.AutoTests" name="[25] /home/travis/build/icyphy/ptII/ptolemy/domains/de/test/auto/DepthTest7.xml (RunModel)" time="0.015" />
  <testcase classname="ptolemy.util.test.junit.AutoTests" name="[26] /home/travis/build/icyphy/ptII/ptolemy/domains/de/test/auto/EventToDate.xml (RunModel)" time="3.056" />
  <testcase classname="ptolemy.util.test.junit.AutoTests" name="[27] /home/travis/build/icyphy/ptII/ptolemy/domains/de/test/auto/FSM1.xml (RunModel)" time="0.058" />
  <testcase classname="ptolemy.util.test.junit.AutoTests" name="[28] /home/travis/build/icyphy/ptII/ptolemy/domains/de/test/auto/FSM7.xml (RunModel)" time="0.047" />
  <testcase classname="ptolemy.util.test.junit.AutoTests" name="[29] /home/travis/build/icyphy/ptII/ptolemy/domains/de/test/auto/Inspection.xml (RunModel)" time="0.043" />
  <testcase classname="ptolemy.util.test.junit.AutoTests" name="[30] /home/travis/build/icyphy/ptII/ptolemy/domains/de/test/auto/Iteration.xml (RunModel)" time="0.031" />
  <testcase classname="ptolemy.util.test.junit.AutoTests" name="[31] /home/travis/build/icyphy/ptII/ptolemy/domains/de/test/auto/LineFault.xml (RunModel)" time="0.68" />
  <testcase classname="ptolemy.util.test.junit.AutoTests" name="[32] /home/travis/build/icyphy/ptII/ptolemy/domains/de/test/auto/MergeModel1Add.xml (RunModel)" time="0.083" />
  <testcase classname="ptolemy.util.test.junit.AutoTests" name="[33] /home/travis/build/icyphy/ptII/ptolemy/domains/de/test/auto/MergeModel2Add.xml (RunModel)" time="0.047" />
  <testcase classname="ptolemy.util.test.junit.AutoTests" name="[34] /home/travis/build/icyphy/ptII/ptolemy/domains/de/test/auto/MergeModel3Add.xml (RunModel)" time="0.066" />
  <testcase classname="ptolemy.util.test.junit.AutoTests" name="[35] /home/travis/build/icyphy/ptII/ptolemy/domains/de/test/auto/MergeWithoutDiscard.xml (RunModel)" time="0.014" />
  <testcase classname="ptolemy.util.test.junit.AutoTests" name="[36] /home/travis/build/icyphy/ptII/ptolemy/domains/de/test/auto/Modal1.xml (RunModel)" time="0.045" />
  <testcase classname="ptolemy.util.test.junit.AutoTests" name="[37] /home/travis/build/icyphy/ptII/ptolemy/domains/de/test/auto/Modal2.xml (RunModel)" time="0.033" />
  <testcase classname="ptolemy.util.test.junit.AutoTests" name="[38] /home/travis/build/icyphy/ptII/ptolemy/domains/de/test/auto/Modal3.xml (RunModel)" time="0.045" />
  <testcase classname="ptolemy.util.test.junit.AutoTests" name="[39] /home/travis/build/icyphy/ptII/ptolemy/domains/de/test/auto/Modal4.xml (RunModel)" time="0.033" />
  <testcase classname="ptolemy.util.test.junit.AutoTests" name="[40] /home/travis/build/icyphy/ptII/ptolemy/domains/de/test/auto/Modal5.xml (RunModel)" time="0.043" />
  <testcase classname="ptolemy.util.test.junit.AutoTests" name="[41] /home/travis/build/icyphy/ptII/ptolemy/domains/de/test/auto/Modal6.xml (RunModel)" time="0.038" />
  <testcase classname="ptolemy.util.test.junit.AutoTests" name="[42] /home/travis/build/icyphy/ptII/ptolemy/domains/de/test/auto/Modal7.xml (RunModel)" time="0.038" />
  <testcase classname="ptolemy.util.test.junit.AutoTests" name="[43] /home/travis/build/icyphy/ptII/ptolemy/domains/de/test/auto/ModalModel.xml (RunModel)" time="0.208" />
  <testcase classname="ptolemy.util.test.junit.AutoTests" name="[44] /home/travis/build/icyphy/ptII/ptolemy/domains/de/test/auto/ModalSource.xml (RunModel)" time="0.027" />
  <testcase classname="ptolemy.util.test.junit.AutoTests" name="[45] /home/travis/build/icyphy/ptII/ptolemy/domains/de/test/auto/NonInterruptibleTimerZeroDelay.xml (RunModel)" time="0.014" />
  <testcase classname="ptolemy.util.test.junit.AutoTests" name="[46] /home/travis/build/icyphy/ptII/ptolemy/domains/de/test/auto/OpenQueueingNetwork.xml (RunModel)" time="2.602" />
  <testcase classname="ptolemy.util.test.junit.AutoTests" name="[47] /home/travis/build/icyphy/ptII/ptolemy/domains/de/test/auto/OpenQueuingNetwork.xml (RunModel)" time="0.319" />
  <testcase classname="ptolemy.util.test.junit.AutoTests" name="[48] /home/travis/build/icyphy/ptII/ptolemy/domains/de/test/auto/PeriodicSampler.xml (RunModel)" time="0.011" />
  <testcase classname="ptolemy.util.test.junit.AutoTests" name="[49] /home/travis/build/icyphy/ptII/ptolemy/domains/de/test/auto/PersistentIO.xml (RunModel)" time="0.023" />
  <testcase classname="ptolemy.util.test.junit.AutoTests" name="[50] /home/travis/build/icyphy/ptII/ptolemy/domains/de/test/auto/PortParameterResetOnInitialize.xml (RunModel)" time="0.013" />
  <testcase classname="ptolemy.util.test.junit.AutoTests" name="[51] /home/travis/build/icyphy/ptII/ptolemy/domains/de/test/auto/PortParameterUpdates.xml (RunModel)" time="0.017" />
  <testcase classname="ptolemy.util.test.junit.AutoTests" name="[52] /home/travis/build/icyphy/ptII/ptolemy/domains/de/test/auto/QueueAndServer.xml (RunModel)" time="0.027" />
  <testcase classname="ptolemy.util.test.junit.AutoTests" name="[53] /home/travis/build/icyphy/ptII/ptolemy/domains/de/test/auto/Records.xml (RunModel)" time="0.018" />
  <testcase classname="ptolemy.util.test.junit.AutoTests" name="[54] /home/travis/build/icyphy/ptII/ptolemy/domains/de/test/auto/ResetTransitionWithStartTime1.xml (RunModel)" time="0.027" />
  <testcase classname="ptolemy.util.test.junit.AutoTests" name="[55] /home/travis/build/icyphy/ptII/ptolemy/domains/de/test/auto/ResetTransitionWithStartTime2.xml (RunModel)" time="0.025" />
  <testcase classname="ptolemy.util.test.junit.AutoTests" name="[56] /home/travis/build/icyphy/ptII/ptolemy/domains/de/test/auto/ResetTransitionWithStartTime3.xml (RunModel)" time="0.024" />
  <testcase classname="ptolemy.util.test.junit.AutoTests" name="[57] /home/travis/build/icyphy/ptII/ptolemy/domains/de/test/auto/ResetTransitionWithStartTime4.xml (RunModel)" time="0.023" />
  <testcase classname="ptolemy.util.test.junit.AutoTests" name="[58] /home/travis/build/icyphy/ptII/ptolemy/domains/de/test/auto/ResettableTimer1.xml (RunModel)" time="0.016" />
  <testcase classname="ptolemy.util.test.junit.AutoTests" name="[59] /home/travis/build/icyphy/ptII/ptolemy/domains/de/test/auto/ResettableTimer2.xml (RunModel)" time="0.011" />
  <testcase classname="ptolemy.util.test.junit.AutoTests" name="[60] /home/travis/build/icyphy/ptII/ptolemy/domains/de/test/auto/ResettableTimer3.xml (RunModel)" time="0.012" />
  <testcase classname="ptolemy.util.test.junit.AutoTests" name="[61] /home/travis/build/icyphy/ptII/ptolemy/domains/de/test/auto/ResettableTimer4.xml (RunModel)" time="0.012" />
  <testcase classname="ptolemy.util.test.junit.AutoTests" name="[62] /home/travis/build/icyphy/ptII/ptolemy/domains/de/test/auto/ResettableTimer5.xml (RunModel)" time="0.013" />
  <testcase classname="ptolemy.util.test.junit.AutoTests" name="[63] /home/travis/build/icyphy/ptII/ptolemy/domains/de/test/auto/ResettableTimer6.xml (RunModel)" time="0.02" />
  <testcase classname="ptolemy.util.test.junit.AutoTests" name="[64] /home/travis/build/icyphy/ptII/ptolemy/domains/de/test/auto/ServerZeroDelay.xml (RunModel)" time="0.02" />
  <testcase classname="ptolemy.util.test.junit.AutoTests" name="[65] /home/travis/build/icyphy/ptII/ptolemy/domains/de/test/auto/SmartSender.xml (RunModel)" time="3.012" />
  <testcase classname="ptolemy.util.test.junit.AutoTests" name="[66] /home/travis/build/icyphy/ptII/ptolemy/domains/de/test/auto/ThreadedComposite.xml (RunModel)" time="0.158" />
  <testcase classname="ptolemy.util.test.junit.AutoTests" name="[67] /home/travis/build/icyphy/ptII/ptolemy/domains/de/test/auto/Time.xml (RunModel)" time="0.501" />
  <testcase classname="ptolemy.util.test.junit.AutoTests" name="[68] /home/travis/build/icyphy/ptII/ptolemy/domains/de/test/auto/TimeDelayZeroDelay.xml (RunModel)" time="0.016" />
  <testcase classname="ptolemy.util.test.junit.AutoTests" name="[69] /home/travis/build/icyphy/ptII/ptolemy/domains/de/test/auto/TimerZeroDelay.xml (RunModel)" time="0.015" />
  <testcase classname="ptolemy.util.test.junit.AutoTests" name="[70] /home/travis/build/icyphy/ptII/ptolemy/domains/de/test/auto/TimingParadox.xml (RunModel)" time="0.4" />
  <testcase classname="ptolemy.util.test.junit.AutoTests" name="[71] /home/travis/build/icyphy/ptII/ptolemy/domains/de/test/auto/TransferInputs.xml (RunModel)" time="0.017" />
  <testcase classname="ptolemy.util.test.junit.AutoTests" name="[72] /home/travis/build/icyphy/ptII/ptolemy/domains/de/test/auto/TransferOutputs2.xml (RunModel)" time="0.02" />
  <testcase classname="ptolemy.util.test.junit.AutoTests" name="[73] /home/travis/build/icyphy/ptII/ptolemy/domains/de/test/auto/Trilateration.xml (RunModel)" time="13.215" />
  <testcase classname="ptolemy.util.test.junit.AutoTests" name="[74] /home/travis/build/icyphy/ptII/ptolemy/domains/de/test/auto/TwoSigmaDelta.xml (RunModel)" time="2.149" />
  <testcase classname="ptolemy.util.test.junit.AutoTests" name="[75] /home/travis/build/icyphy/ptII/ptolemy/domains/de/test/auto/VariableDelay.xml (RunModel)" time="0.021" />
  <testcase classname="ptolemy.util.test.junit.AutoTests" name="[76] /home/travis/build/icyphy/ptII/ptolemy/domains/de/test/auto/VariableDelay2.xml (RunModel)" time="0.011" />
  <testcase classname="ptolemy.util.test.junit.AutoTests" name="[77] /home/travis/build/icyphy/ptII/ptolemy/domains/de/test/auto/VariableDelayZeroDelay.xml (RunModel)" time="0.015" />
  <testcase classname="ptolemy.util.test.junit.AutoTests" name="[78] /home/travis/build/icyphy/ptII/ptolemy/domains/de/test/auto/VariableDelayZeroDelay2.xml (RunModel)" time="0.012" />
  <testcase classname="ptolemy.util.test.junit.AutoTests" name="[79] /home/travis/build/icyphy/ptII/ptolemy/domains/de/test/auto/deInCt.xml (RunModel)" time="0.025" />
  <testcase classname="ptolemy.util.test.junit.AutoTests" name="[80] /home/travis/build/icyphy/ptII/ptolemy/domains/de/test/auto/deInCt2.xml (RunModel)" time="0.017" />
  <testcase classname="ptolemy.util.test.junit.AutoTests" name="[81] /home/travis/build/icyphy/ptII/ptolemy/domains/de/test/auto/dynamicCausalityInterface1.xml (RunModel)" time="0.02" />
  <testcase classname="ptolemy.util.test.junit.AutoTests" name="[82] /home/travis/build/icyphy/ptII/ptolemy/domains/de/test/auto/fsm_de_test.xml (RunModel)" time="0.03" />
  <testcase classname="ptolemy.util.test.junit.AutoTests" name="[83] /home/travis/build/icyphy/ptII/ptolemy/domains/de/test/auto/functionDependencyReconstruction.xml (RunModel)" time="0.037" />
  <testcase classname="ptolemy.util.test.junit.AutoTests" name="[84] /home/travis/build/icyphy/ptII/ptolemy/domains/de/test/auto/multirate.xml (RunModel)" time="0.018" />
  <testcase classname="ptolemy.util.test.junit.AutoTests" name="[85] /home/travis/build/icyphy/ptII/ptolemy/domains/de/test/auto/multirate2.xml (RunModel)" time="0.018" />
  <testcase classname="ptolemy.util.test.junit.AutoTests" name="[86] /home/travis/build/icyphy/ptII/ptolemy/domains/de/test/auto/realtime.xml (RunModel)" time="10.013" />
  <testcase classname="ptolemy.util.test.junit.AutoTests" name="[87] /home/travis/build/icyphy/ptII/ptolemy/domains/de/test/auto/relationGroup.xml (RunModel)" time="0.017" />
  <testcase classname="ptolemy.util.test.junit.AutoTests" name="[88] /home/travis/build/icyphy/ptII/ptolemy/domains/de/test/auto/relationGroup2.xml (RunModel)" time="0.015" />
  <testcase classname="ptolemy.util.test.junit.AutoTests" name="[89] /home/travis/build/icyphy/ptII/ptolemy/domains/de/test/auto/sortWithOpaquePorts.xml (RunModel)" time="0.01" />
  <testcase classname="ptolemy.util.test.junit.AutoTests" name="[90] /home/travis/build/icyphy/ptII/ptolemy/domains/de/test/auto/transferInputsandOutputs.xml (RunModel)" time="0.021" />
  <testcase classname="ptolemy.util.test.junit.AutoTests" name="[91] /home/travis/build/icyphy/ptII/ptolemy/domains/de/test/auto/triggerType.xml (RunModel)" time="0.01" />
  <system-out><![CDATA[/home/travis/build/icyphy/ptII/ptolemy/domains/de/test/DependencyLoop.tcl
testDefs.tcl: setting time out to 9000 seconds at Sun Dec 01 06:22:23 UTC 2019
128 ms. Memory: 120832K Free: 72132K (60%)
39 ms. Memory: 120832K Free: 54693K (45%)
/home/travis/build/icyphy/ptII/ptolemy/domains/de/test/RunDETestsAsQSS.tcl
Run the DE tests using ptolemy.domains.qss.test.QSSDirectorTest, which extends QSSDirector and prints a message in the constructors.
------------------ testing $PTII/ptolemy/domains/de/test/auto/knownFailedTests/DirectFeedback.xml (Known Failure) 
42 ms. Memory: 120832K Free: 49094K (41%)


==== $PTIIhome/travis/build/icyphy/ptII/ptolemy/domains/de/test/../../../../: Auto Automatic test in file $PTII/ptolemy/domains/de/test/auto/knownFailedTests/DirectFeedback.xml
==== Contents of test case:

	    # FIXME: we should use $relativeFilename here, but it
	    # might have backslashes under Windows, which causes no end
	    # of trouble.
	    createAndExecute $file
	    list {}
	
.... Test generated KNOWN error:
    while executing
ptolemy.kernel.util.IllegalActionException: Test fails in iteration 1.
Value was: 1.0. Should have been: 2.0
  in .DirectFeedback.Test
	at ptolemy.actor.lib.Test.fire(Test.java:268)
	at ptolemy.domains.de.kernel.DEDirector._fire(DEDirector.java:1949)
	at ptolemy.domains.de.kernel.DEDirector.fire(DEDirector.java:502)
	at ptolemy.actor.CompositeActor.fire(CompositeActor.java:455)
	at ptolemy.actor.Manager.iterate(Manager.java:851)
	at ptolemy.actor.Manager.execute(Manager.java:369)
	at ptolemy.actor.Manager.run(Manager.java:1263)
	at ptolemy.actor.Manager$PtolemyRunThread.run(Manager.java:1933)

    while executing
ptolemy.kernel.util.IllegalActionException: Test fails in iteration 1.
Value was: 1.0. Should have been: 2.0
  in .DirectFeedback.Test
    while executing
"java::new ptolemy.moml.MoMLSimpleApplication $file
"
    (procedure "createAndExecute" line 2)
    invoked from within
"createAndExecute $file"
    ("uplevel" body line 5)
    invoked from within
"uplevel $contents_of_test"
------------------ testing $PTII/ptolemy/domains/de/test/auto/knownFailedTests/dependencyLoop.xml (Known Failure) 
11 ms. Memory: 120832K Free: 46022K (38%)


==== $PTIIhome/travis/build/icyphy/ptII/ptolemy/domains/de/test/../../../../: Auto Automatic test in file $PTII/ptolemy/domains/de/test/auto/knownFailedTests/dependencyLoop.xml
==== Contents of test case:

	    # FIXME: we should use $relativeFilename here, but it
	    # might have backslashes under Windows, which causes no end
	    # of trouble.
	    createAndExecute $file
	    list {}
	
.... Test generated KNOWN error:
    while executing
ptolemy.kernel.util.IllegalActionException: Found a zero delay loop containing .dependencyLoop.original
  in .dependencyLoop and .dependencyLoop.original
	at ptolemy.actor.util.CausalityInterfaceForComposites._computeOutputPortDepth(CausalityInterfaceForComposites.java:759)
	at ptolemy.actor.util.CausalityInterfaceForComposites._computeInputDepth(CausalityInterfaceForComposites.java:696)
	at ptolemy.actor.util.CausalityInterfaceForComposites._computeOutputPortDepth(CausalityInterfaceForComposites.java:765)
	at ptolemy.actor.util.CausalityInterfaceForComposites._computeInputDepth(CausalityInterfaceForComposites.java:696)
	at ptolemy.actor.util.CausalityInterfaceForComposites._computeOutputPortDepth(CausalityInterfaceForComposites.java:765)
	at ptolemy.actor.util.CausalityInterfaceForComposites._computeInputDepth(CausalityInterfaceForComposites.java:696)
	at ptolemy.actor.util.CausalityInterfaceForComposites._computeActorDepth(CausalityInterfaceForComposites.java:532)
	at ptolemy.actor.util.CausalityInterfaceForComposites.checkForCycles(CausalityInterfaceForComposites.java:96)
	at ptolemy.domains.de.kernel.DEDirector.preinitialize(DEDirector.java:1338)
	at ptolemy.actor.CompositeActor.preinitialize(CompositeActor.java:1828)
	at ptolemy.actor.Manager.preinitializeAndResolveTypes(Manager.java:1040)
	at ptolemy.actor.Manager.initialize(Manager.java:710)
	at ptolemy.actor.Manager.execute(Manager.java:356)
	at ptolemy.actor.Manager.run(Manager.java:1263)
	at ptolemy.actor.Manager$PtolemyRunThread.run(Manager.java:1933)

    while executing
ptolemy.kernel.util.IllegalActionException: Found a zero delay loop containing .dependencyLoop.original
  in .dependencyLoop and .dependencyLoop.original
    while executing
"java::new ptolemy.moml.MoMLSimpleApplication $file
"
    (procedure "createAndExecute" line 2)
    invoked from within
"createAndExecute $file"
    ("uplevel" body line 5)
    invoked from within
"uplevel $contents_of_test"
------------------ testing $PTII/ptolemy/domains/de/test/auto/knownFailedTests/FSMSource.xml (Known Failure) 
112 ms. Memory: 120832K Free: 100032K (83%)
!!!! Auto was marked as failing, but now passes
------------------ testing $PTII/ptolemy/domains/de/test/auto/knownFailedTests/HierarchicalModel.xml (Known Failure) 
8 ms. Memory: 120832K Free: 82206K (68%)


==== $PTIIhome/travis/build/icyphy/ptII/ptolemy/domains/de/test/../../../../: Auto Automatic test in file $PTII/ptolemy/domains/de/test/auto/knownFailedTests/HierarchicalModel.xml
==== Contents of test case:

	    # FIXME: we should use $relativeFilename here, but it
	    # might have backslashes under Windows, which causes no end
	    # of trouble.
	    createAndExecute $file
	    list {}
	
.... Test generated KNOWN error:
    while executing
ptolemy.kernel.util.IllegalActionException: Found a zero delay loop containing .HierarchicalModel.A
  in .HierarchicalModel and .HierarchicalModel.A
	at ptolemy.actor.util.CausalityInterfaceForComposites._computeOutputPortDepth(CausalityInterfaceForComposites.java:759)
	at ptolemy.actor.util.CausalityInterfaceForComposites._computeInputDepth(CausalityInterfaceForComposites.java:696)
	at ptolemy.actor.util.CausalityInterfaceForComposites._computeOutputPortDepth(CausalityInterfaceForComposites.java:765)
	at ptolemy.actor.util.CausalityInterfaceForComposites._computeInputDepth(CausalityInterfaceForComposites.java:696)
	at ptolemy.actor.util.CausalityInterfaceForComposites._computeOutputPortDepth(CausalityInterfaceForComposites.java:765)
	at ptolemy.actor.util.CausalityInterfaceForComposites._computeInputDepth(CausalityInterfaceForComposites.java:696)
	at ptolemy.actor.util.CausalityInterfaceForComposites._computeActorDepth(CausalityInterfaceForComposites.java:532)
	at ptolemy.actor.util.CausalityInterfaceForComposites.checkForCycles(CausalityInterfaceForComposites.java:96)
	at ptolemy.domains.de.kernel.DEDirector.preinitialize(DEDirector.java:1338)
	at ptolemy.actor.CompositeActor.preinitialize(CompositeActor.java:1828)
	at ptolemy.actor.Manager.preinitializeAndResolveTypes(Manager.java:1040)
	at ptolemy.actor.Manager.initialize(Manager.java:710)
	at ptolemy.actor.Manager.execute(Manager.java:356)
	at ptolemy.actor.Manager.run(Manager.java:1263)
	at ptolemy.actor.Manager$PtolemyRunThread.run(Manager.java:1933)

    while executing
ptolemy.kernel.util.IllegalActionException: Found a zero delay loop containing .HierarchicalModel.A
  in .HierarchicalModel and .HierarchicalModel.A
    while executing
"java::new ptolemy.moml.MoMLSimpleApplication $file
"
    (procedure "createAndExecute" line 2)
    invoked from within
"createAndExecute $file"
    ("uplevel" body line 5)
    invoked from within
"uplevel $contents_of_test"
------------------ testing $PTII/ptolemy/domains/de/test/auto/knownFailedTests/dependencyLoop2.xml (Known Failure) 
45 ms. Memory: 120832K Free: 106092K (88%)


==== $PTIIhome/travis/build/icyphy/ptII/ptolemy/domains/de/test/../../../../: Auto Automatic test in file $PTII/ptolemy/domains/de/test/auto/knownFailedTests/dependencyLoop2.xml
==== Contents of test case:

	    # FIXME: we should use $relativeFilename here, but it
	    # might have backslashes under Windows, which causes no end
	    # of trouble.
	    createAndExecute $file
	    list {}
	
.... Test generated KNOWN error:
    while executing
ptolemy.kernel.util.IllegalActionException: Found a zero delay loop containing .dependencyLoop2.original
  in .dependencyLoop2 and .dependencyLoop2.original
	at ptolemy.actor.util.CausalityInterfaceForComposites._computeOutputPortDepth(CausalityInterfaceForComposites.java:759)
	at ptolemy.actor.util.CausalityInterfaceForComposites._computeInputDepth(CausalityInterfaceForComposites.java:696)
	at ptolemy.actor.util.CausalityInterfaceForComposites._computeOutputPortDepth(CausalityInterfaceForComposites.java:765)
	at ptolemy.actor.util.CausalityInterfaceForComposites._computeInputDepth(CausalityInterfaceForComposites.java:696)
	at ptolemy.actor.util.CausalityInterfaceForComposites._computeOutputPortDepth(CausalityInterfaceForComposites.java:765)
	at ptolemy.actor.util.CausalityInterfaceForComposites._computeInputDepth(CausalityInterfaceForComposites.java:696)
	at ptolemy.actor.util.CausalityInterfaceForComposites._computeActorDepth(CausalityInterfaceForComposites.java:532)
	at ptolemy.actor.util.CausalityInterfaceForComposites.checkForCycles(CausalityInterfaceForComposites.java:96)
	at ptolemy.domains.de.kernel.DEDirector.preinitialize(DEDirector.java:1338)
	at ptolemy.actor.CompositeActor.preinitialize(CompositeActor.java:1828)
	at ptolemy.actor.Manager.preinitializeAndResolveTypes(Manager.java:1040)
	at ptolemy.actor.Manager.initialize(Manager.java:710)
	at ptolemy.actor.Manager.execute(Manager.java:356)
	at ptolemy.actor.Manager.run(Manager.java:1263)
	at ptolemy.actor.Manager$PtolemyRunThread.run(Manager.java:1933)

    while executing
ptolemy.kernel.util.IllegalActionException: Found a zero delay loop containing .dependencyLoop2.original
  in .dependencyLoop2 and .dependencyLoop2.original
    while executing
"java::new ptolemy.moml.MoMLSimpleApplication $file
"
    (procedure "createAndExecute" line 2)
    invoked from within
"createAndExecute $file"
    ("uplevel" body line 5)
    invoked from within
"uplevel $contents_of_test"
------------------ testing $PTII/ptolemy/domains/de/test/auto/knownFailedTests/DESDFClockTest.xml (Known Failure) 
2078 ms. Memory: 120832K Free: 92347K (76%)


==== $PTIIhome/travis/build/icyphy/ptII/ptolemy/domains/de/test/../../../../: Auto Automatic test in file $PTII/ptolemy/domains/de/test/auto/knownFailedTests/DESDFClockTest.xml
==== Contents of test case:

	    # FIXME: we should use $relativeFilename here, but it
	    # might have backslashes under Windows, which causes no end
	    # of trouble.
	    createAndExecute $file
	    list {}
	
.... Test generated KNOWN error:
    while executing
ptolemy.kernel.util.IllegalActionException: Actor is not ready to fire.  Perhaps UpSample.prefire() returned false? Try debugging the actor by selecting "Listen to Actor".  Also, for SDF check moml for tokenConsumptionRate on input.
  in .DESDFClockTest.Play Bell.Copy1:SDF Director and .DESDFClockTest.Play Bell.UpSample
	at ptolemy.actor.sched.StaticSchedulingDirector.fire(StaticSchedulingDirector.java:227)
	at ptolemy.domains.sdf.kernel.SDFDirector.fire(SDFDirector.java:500)
	at ptolemy.actor.CompositeActor.fire(CompositeActor.java:455)
	at ptolemy.domains.de.kernel.DEDirector._fire(DEDirector.java:1949)
	at ptolemy.domains.de.kernel.DEDirector.fire(DEDirector.java:502)
	at ptolemy.actor.CompositeActor.fire(CompositeActor.java:455)
	at ptolemy.actor.Manager.iterate(Manager.java:851)
	at ptolemy.actor.Manager.execute(Manager.java:369)
	at ptolemy.actor.Manager.run(Manager.java:1263)
	at ptolemy.actor.Manager$PtolemyRunThread.run(Manager.java:1933)

    while executing
ptolemy.kernel.util.IllegalActionException: Actor is not ready to fire.  Perhaps UpSample.prefire() returned false? Try debugging the actor by selecting "Listen to Actor".  Also, for SDF check moml for tokenConsumptionRate on input.
  in .DESDFClockTest.Play Bell.Copy1:SDF Director and .DESDFClockTest.Play Bell.UpSample
    while executing
"java::new ptolemy.moml.MoMLSimpleApplication $file
"
    (procedure "createAndExecute" line 2)
    invoked from within
"createAndExecute $file"
    ("uplevel" body line 5)
    invoked from within
"uplevel $contents_of_test"
------------------ testing $PTII/ptolemy/domains/de/test/auto/ActorDepthCalculation_actorWithoutPorts.xml
auto.tcl: Setting watchdog for 200 seconds at Sun Dec 01 06:22:28 UTC 2019
5 ms. Memory: 120832K Free: 85518K (71%)
ptolemy.util.test.WatchDog.cancel(): canceling Sun Dec 01 06:22:28 UTC 2019
auto.tcl: Setting watchdog for 200 seconds at Sun Dec 01 06:22:28 UTC 2019
6 ms. Memory: 120832K Free: 83871K (69%)
ptolemy.util.test.WatchDog.cancel(): canceling Sun Dec 01 06:22:28 UTC 2019
------------------ testing $PTII/ptolemy/domains/de/test/auto/AssemblyLine.xml
auto.tcl: Setting watchdog for 200 seconds at Sun Dec 01 06:22:28 UTC 2019
10 ms. Memory: 48128K Free: 26010K (54%)
ptolemy.util.test.WatchDog.cancel(): canceling Sun Dec 01 06:22:28 UTC 2019
auto.tcl: Setting watchdog for 200 seconds at Sun Dec 01 06:22:28 UTC 2019
8 ms. Memory: 48128K Free: 25331K (53%)
ptolemy.util.test.WatchDog.cancel(): canceling Sun Dec 01 06:22:28 UTC 2019
------------------ testing $PTII/ptolemy/domains/de/test/auto/CQBug1.xml
auto.tcl: Setting watchdog for 200 seconds at Sun Dec 01 06:22:29 UTC 2019
10 ms. Memory: 45056K Free: 28534K (63%)
ptolemy.util.test.WatchDog.cancel(): canceling Sun Dec 01 06:22:29 UTC 2019
auto.tcl: Setting watchdog for 200 seconds at Sun Dec 01 06:22:29 UTC 2019
3 ms. Memory: 45056K Free: 28119K (62%)
ptolemy.util.test.WatchDog.cancel(): canceling Sun Dec 01 06:22:29 UTC 2019
------------------ testing $PTII/ptolemy/domains/de/test/auto/CancelFireAt.xml
auto.tcl: Setting watchdog for 200 seconds at Sun Dec 01 06:22:29 UTC 2019
5 ms. Memory: 45056K Free: 29688K (66%)
ptolemy.util.test.WatchDog.cancel(): canceling Sun Dec 01 06:22:29 UTC 2019
auto.tcl: Setting watchdog for 200 seconds at Sun Dec 01 06:22:29 UTC 2019
3 ms. Memory: 45056K Free: 29258K (65%)
ptolemy.util.test.WatchDog.cancel(): canceling Sun Dec 01 06:22:29 UTC 2019
------------------ testing $PTII/ptolemy/domains/de/test/auto/CausalityAndComposabilityAnalysis.xml
auto.tcl: Setting watchdog for 200 seconds at Sun Dec 01 06:22:29 UTC 2019
16 ms. Memory: 45056K Free: 27923K (62%)
ptolemy.util.test.WatchDog.cancel(): canceling Sun Dec 01 06:22:29 UTC 2019
auto.tcl: Setting watchdog for 200 seconds at Sun Dec 01 06:22:29 UTC 2019
10 ms. Memory: 45056K Free: 27075K (60%)
ptolemy.util.test.WatchDog.cancel(): canceling Sun Dec 01 06:22:29 UTC 2019
------------------ testing $PTII/ptolemy/domains/de/test/auto/CausalityInterface1.xml
auto.tcl: Setting watchdog for 200 seconds at Sun Dec 01 06:22:29 UTC 2019
42 ms. Memory: 45056K Free: 26130K (58%)
ptolemy.util.test.WatchDog.cancel(): canceling Sun Dec 01 06:22:29 UTC 2019
auto.tcl: Setting watchdog for 200 seconds at Sun Dec 01 06:22:29 UTC 2019
5 ms. Memory: 45056K Free: 24969K (55%)
ptolemy.util.test.WatchDog.cancel(): canceling Sun Dec 01 06:22:29 UTC 2019
------------------ testing $PTII/ptolemy/domains/de/test/auto/CausalityInterface15.xml
auto.tcl: Setting watchdog for 200 seconds at Sun Dec 01 06:22:29 UTC 2019
15 ms. Memory: 45056K Free: 26521K (59%)
ptolemy.util.test.WatchDog.cancel(): canceling Sun Dec 01 06:22:29 UTC 2019
auto.tcl: Setting watchdog for 200 seconds at Sun Dec 01 06:22:29 UTC 2019
5 ms. Memory: 45056K Free: 25326K (56%)
ptolemy.util.test.WatchDog.cancel(): canceling Sun Dec 01 06:22:29 UTC 2019
------------------ testing $PTII/ptolemy/domains/de/test/auto/CausalityInterface2.xml
auto.tcl: Setting watchdog for 200 seconds at Sun Dec 01 06:22:29 UTC 2019
6 ms. Memory: 45056K Free: 27028K (60%)
ptolemy.util.test.WatchDog.cancel(): canceling Sun Dec 01 06:22:29 UTC 2019
auto.tcl: Setting watchdog for 200 seconds at Sun Dec 01 06:22:29 UTC 2019
5 ms. Memory: 45056K Free: 26328K (58%)
ptolemy.util.test.WatchDog.cancel(): canceling Sun Dec 01 06:22:29 UTC 2019
------------------ testing $PTII/ptolemy/domains/de/test/auto/CausalityInterface3.xml
auto.tcl: Setting watchdog for 200 seconds at Sun Dec 01 06:22:29 UTC 2019
10 ms. Memory: 45056K Free: 26557K (59%)
ptolemy.util.test.WatchDog.cancel(): canceling Sun Dec 01 06:22:29 UTC 2019
auto.tcl: Setting watchdog for 200 seconds at Sun Dec 01 06:22:29 UTC 2019
4 ms. Memory: 45056K Free: 25761K (57%)
ptolemy.util.test.WatchDog.cancel(): canceling Sun Dec 01 06:22:29 UTC 2019
------------------ testing $PTII/ptolemy/domains/de/test/auto/ClockDrift.xml
auto.tcl: Setting watchdog for 200 seconds at Sun Dec 01 06:22:29 UTC 2019
99 ms. Memory: 45056K Free: 19131K (42%)
ptolemy.util.test.WatchDog.cancel(): canceling Sun Dec 01 06:22:30 UTC 2019
auto.tcl: Setting watchdog for 200 seconds at Sun Dec 01 06:22:30 UTC 2019
98 ms. Memory: 45056K Free: 16115K (36%)
ptolemy.util.test.WatchDog.cancel(): canceling Sun Dec 01 06:22:30 UTC 2019
------------------ testing $PTII/ptolemy/domains/de/test/auto/ClockDriftAndValueChange.xml
auto.tcl: Setting watchdog for 200 seconds at Sun Dec 01 06:22:30 UTC 2019
25 ms. Memory: 45056K Free: 19564K (43%)
ptolemy.util.test.WatchDog.cancel(): canceling Sun Dec 01 06:22:30 UTC 2019
auto.tcl: Setting watchdog for 200 seconds at Sun Dec 01 06:22:30 UTC 2019
39 ms. Memory: 45056K Free: 16371K (36%)
ptolemy.util.test.WatchDog.cancel(): canceling Sun Dec 01 06:22:30 UTC 2019
------------------ testing $PTII/ptolemy/domains/de/test/auto/ClockDriftChange.xml
auto.tcl: Setting watchdog for 200 seconds at Sun Dec 01 06:22:30 UTC 2019
25 ms. Memory: 45056K Free: 21264K (47%)
ptolemy.util.test.WatchDog.cancel(): canceling Sun Dec 01 06:22:30 UTC 2019
auto.tcl: Setting watchdog for 200 seconds at Sun Dec 01 06:22:30 UTC 2019
27 ms. Memory: 45056K Free: 18710K (42%)
ptolemy.util.test.WatchDog.cancel(): canceling Sun Dec 01 06:22:30 UTC 2019
------------------ testing $PTII/ptolemy/domains/de/test/auto/ComposableCausalityAnalysis.xml
auto.tcl: Setting watchdog for 200 seconds at Sun Dec 01 06:22:30 UTC 2019
2 ms. Memory: 45056K Free: 25910K (58%)
ptolemy.util.test.WatchDog.cancel(): canceling Sun Dec 01 06:22:30 UTC 2019
auto.tcl: Setting watchdog for 200 seconds at Sun Dec 01 06:22:30 UTC 2019
5 ms. Memory: 45056K Free: 24885K (55%)
ptolemy.util.test.WatchDog.cancel(): canceling Sun Dec 01 06:22:30 UTC 2019
------------------ testing $PTII/ptolemy/domains/de/test/auto/DEFixedPointLimitation.xml
auto.tcl: Setting watchdog for 200 seconds at Sun Dec 01 06:22:30 UTC 2019
2 ms. Memory: 45056K Free: 27250K (60%)
ptolemy.util.test.WatchDog.cancel(): canceling Sun Dec 01 06:22:30 UTC 2019
auto.tcl: Setting watchdog for 200 seconds at Sun Dec 01 06:22:30 UTC 2019
2 ms. Memory: 45056K Free: 26349K (58%)
ptolemy.util.test.WatchDog.cancel(): canceling Sun Dec 01 06:22:30 UTC 2019
------------------ testing $PTII/ptolemy/domains/de/test/auto/DEScheduleTest.xml
auto.tcl: Setting watchdog for 200 seconds at Sun Dec 01 06:22:30 UTC 2019
6 ms. Memory: 45056K Free: 27551K (61%)
ptolemy.util.test.WatchDog.cancel(): canceling Sun Dec 01 06:22:30 UTC 2019
auto.tcl: Setting watchdog for 200 seconds at Sun Dec 01 06:22:30 UTC 2019
4 ms. Memory: 45056K Free: 26787K (59%)
ptolemy.util.test.WatchDog.cancel(): canceling Sun Dec 01 06:22:30 UTC 2019
------------------ testing $PTII/ptolemy/domains/de/test/auto/DEinDEwithStartTimes.xml
auto.tcl: Setting watchdog for 200 seconds at Sun Dec 01 06:22:31 UTC 2019
5 ms. Memory: 45056K Free: 25691K (57%)
ptolemy.util.test.WatchDog.cancel(): canceling Sun Dec 01 06:22:31 UTC 2019
auto.tcl: Setting watchdog for 200 seconds at Sun Dec 01 06:22:31 UTC 2019
5 ms. Memory: 45056K Free: 24667K (55%)
ptolemy.util.test.WatchDog.cancel(): canceling Sun Dec 01 06:22:31 UTC 2019
------------------ testing $PTII/ptolemy/domains/de/test/auto/DEinDEwithStartTimes2.xml
auto.tcl: Setting watchdog for 200 seconds at Sun Dec 01 06:22:31 UTC 2019
15 ms. Memory: 45056K Free: 24888K (55%)
ptolemy.util.test.WatchDog.cancel(): canceling Sun Dec 01 06:22:31 UTC 2019
auto.tcl: Setting watchdog for 200 seconds at Sun Dec 01 06:22:31 UTC 2019
5 ms. Memory: 45056K Free: 23622K (52%)
ptolemy.util.test.WatchDog.cancel(): canceling Sun Dec 01 06:22:31 UTC 2019
------------------ testing $PTII/ptolemy/domains/de/test/auto/DateDemo.xml
auto.tcl: Setting watchdog for 200 seconds at Sun Dec 01 06:22:31 UTC 2019
16 ms. Memory: 45056K Free: 19582K (43%)
ptolemy.util.test.WatchDog.cancel(): canceling Sun Dec 01 06:22:31 UTC 2019
auto.tcl: Setting watchdog for 200 seconds at Sun Dec 01 06:22:31 UTC 2019
9 ms. Memory: 45056K Free: 17723K (39%)
ptolemy.util.test.WatchDog.cancel(): canceling Sun Dec 01 06:22:31 UTC 2019
------------------ testing $PTII/ptolemy/domains/de/test/auto/DateToEvent.xml
auto.tcl: Setting watchdog for 200 seconds at Sun Dec 01 06:22:31 UTC 2019
2018 ms. Memory: 45056K Free: 15185K (34%)
ptolemy.util.test.WatchDog.cancel(): canceling Sun Dec 01 06:22:33 UTC 2019
auto.tcl: Setting watchdog for 200 seconds at Sun Dec 01 06:22:33 UTC 2019
2006 ms. Memory: 45056K Free: 14440K (32%)
ptolemy.util.test.WatchDog.cancel(): canceling Sun Dec 01 06:22:35 UTC 2019
------------------ testing $PTII/ptolemy/domains/de/test/auto/DepthTest1.xml
auto.tcl: Setting watchdog for 200 seconds at Sun Dec 01 06:22:35 UTC 2019
3 ms. Memory: 45056K Free: 28485K (63%)
ptolemy.util.test.WatchDog.cancel(): canceling Sun Dec 01 06:22:35 UTC 2019
auto.tcl: Setting watchdog for 200 seconds at Sun Dec 01 06:22:35 UTC 2019
3 ms. Memory: 45056K Free: 27941K (62%)
ptolemy.util.test.WatchDog.cancel(): canceling Sun Dec 01 06:22:35 UTC 2019
------------------ testing $PTII/ptolemy/domains/de/test/auto/DepthTest2.xml
auto.tcl: Setting watchdog for 200 seconds at Sun Dec 01 06:22:35 UTC 2019
12 ms. Memory: 45056K Free: 25233K (56%)
ptolemy.util.test.WatchDog.cancel(): canceling Sun Dec 01 06:22:35 UTC 2019
auto.tcl: Setting watchdog for 200 seconds at Sun Dec 01 06:22:35 UTC 2019
3 ms. Memory: 45056K Free: 24840K (55%)
ptolemy.util.test.WatchDog.cancel(): canceling Sun Dec 01 06:22:35 UTC 2019
------------------ testing $PTII/ptolemy/domains/de/test/auto/DepthTest3.xml
auto.tcl: Setting watchdog for 200 seconds at Sun Dec 01 06:22:35 UTC 2019
4 ms. Memory: 45056K Free: 28664K (64%)
ptolemy.util.test.WatchDog.cancel(): canceling Sun Dec 01 06:22:35 UTC 2019
auto.tcl: Setting watchdog for 200 seconds at Sun Dec 01 06:22:35 UTC 2019
4 ms. Memory: 45056K Free: 28255K (63%)
ptolemy.util.test.WatchDog.cancel(): canceling Sun Dec 01 06:22:35 UTC 2019
------------------ testing $PTII/ptolemy/domains/de/test/auto/DepthTest4.xml
auto.tcl: Setting watchdog for 200 seconds at Sun Dec 01 06:22:35 UTC 2019
5 ms. Memory: 45056K Free: 27021K (60%)
ptolemy.util.test.WatchDog.cancel(): canceling Sun Dec 01 06:22:35 UTC 2019
auto.tcl: Setting watchdog for 200 seconds at Sun Dec 01 06:22:35 UTC 2019
5 ms. Memory: 45056K Free: 26289K (58%)
ptolemy.util.test.WatchDog.cancel(): canceling Sun Dec 01 06:22:35 UTC 2019
------------------ testing $PTII/ptolemy/domains/de/test/auto/DepthTest5.xml
auto.tcl: Setting watchdog for 200 seconds at Sun Dec 01 06:22:35 UTC 2019
4 ms. Memory: 45056K Free: 26432K (59%)
ptolemy.util.test.WatchDog.cancel(): canceling Sun Dec 01 06:22:35 UTC 2019
auto.tcl: Setting watchdog for 200 seconds at Sun Dec 01 06:22:35 UTC 2019
3 ms. Memory: 45056K Free: 25680K (57%)
ptolemy.util.test.WatchDog.cancel(): canceling Sun Dec 01 06:22:35 UTC 2019
------------------ testing $PTII/ptolemy/domains/de/test/auto/DepthTest6.xml
auto.tcl: Setting watchdog for 200 seconds at Sun Dec 01 06:22:36 UTC 2019
6 ms. Memory: 45056K Free: 26104K (58%)
ptolemy.util.test.WatchDog.cancel(): canceling Sun Dec 01 06:22:36 UTC 2019
auto.tcl: Setting watchdog for 200 seconds at Sun Dec 01 06:22:36 UTC 2019
4 ms. Memory: 45056K Free: 25687K (57%)
ptolemy.util.test.WatchDog.cancel(): canceling Sun Dec 01 06:22:36 UTC 2019
------------------ testing $PTII/ptolemy/domains/de/test/auto/DepthTest7.xml
auto.tcl: Setting watchdog for 200 seconds at Sun Dec 01 06:22:36 UTC 2019
13 ms. Memory: 45056K Free: 26945K (60%)
ptolemy.util.test.WatchDog.cancel(): canceling Sun Dec 01 06:22:36 UTC 2019
auto.tcl: Setting watchdog for 200 seconds at Sun Dec 01 06:22:36 UTC 2019
3 ms. Memory: 45056K Free: 26221K (58%)
ptolemy.util.test.WatchDog.cancel(): canceling Sun Dec 01 06:22:36 UTC 2019
------------------ testing $PTII/ptolemy/domains/de/test/auto/EventToDate.xml
auto.tcl: Setting watchdog for 200 seconds at Sun Dec 01 06:22:36 UTC 2019
3012 ms. Memory: 45056K Free: 17759K (39%)
ptolemy.util.test.WatchDog.cancel(): canceling Sun Dec 01 06:22:39 UTC 2019
auto.tcl: Setting watchdog for 200 seconds at Sun Dec 01 06:22:39 UTC 2019
3005 ms. Memory: 45056K Free: 17429K (39%)
ptolemy.util.test.WatchDog.cancel(): canceling Sun Dec 01 06:22:42 UTC 2019
------------------ testing $PTII/ptolemy/domains/de/test/auto/FSM1.xml
auto.tcl: Setting watchdog for 200 seconds at Sun Dec 01 06:22:42 UTC 2019
21 ms. Memory: 45056K Free: 18433K (41%)
ptolemy.util.test.WatchDog.cancel(): canceling Sun Dec 01 06:22:42 UTC 2019
auto.tcl: Setting watchdog for 200 seconds at Sun Dec 01 06:22:42 UTC 2019
21 ms. Memory: 45056K Free: 15315K (34%)
ptolemy.util.test.WatchDog.cancel(): canceling Sun Dec 01 06:22:42 UTC 2019
------------------ testing $PTII/ptolemy/domains/de/test/auto/FSM7.xml
auto.tcl: Setting watchdog for 200 seconds at Sun Dec 01 06:22:42 UTC 2019
31 ms. Memory: 45056K Free: 18874K (42%)
ptolemy.util.test.WatchDog.cancel(): canceling Sun Dec 01 06:22:42 UTC 2019
auto.tcl: Setting watchdog for 200 seconds at Sun Dec 01 06:22:42 UTC 2019
27 ms. Memory: 45056K Free: 15570K (35%)
ptolemy.util.test.WatchDog.cancel(): canceling Sun Dec 01 06:22:42 UTC 2019
------------------ testing $PTII/ptolemy/domains/de/test/auto/Inspection.xml
auto.tcl: Setting watchdog for 200 seconds at Sun Dec 01 06:22:42 UTC 2019
36 ms. Memory: 45056K Free: 18706K (42%)
ptolemy.util.test.WatchDog.cancel(): canceling Sun Dec 01 06:22:42 UTC 2019
auto.tcl: Setting watchdog for 200 seconds at Sun Dec 01 06:22:42 UTC 2019
22 ms. Memory: 45056K Free: 16956K (38%)
ptolemy.util.test.WatchDog.cancel(): canceling Sun Dec 01 06:22:42 UTC 2019
------------------ testing $PTII/ptolemy/domains/de/test/auto/Iteration.xml
auto.tcl: Setting watchdog for 200 seconds at Sun Dec 01 06:22:42 UTC 2019
8 ms. Memory: 45056K Free: 24388K (54%)
ptolemy.util.test.WatchDog.cancel(): canceling Sun Dec 01 06:22:42 UTC 2019
auto.tcl: Setting watchdog for 200 seconds at Sun Dec 01 06:22:42 UTC 2019
9 ms. Memory: 45056K Free: 23013K (51%)
ptolemy.util.test.WatchDog.cancel(): canceling Sun Dec 01 06:22:42 UTC 2019
------------------ testing $PTII/ptolemy/domains/de/test/auto/LineFault.xml
auto.tcl: Setting watchdog for 200 seconds at Sun Dec 01 06:22:42 UTC 2019
834 ms. Memory: 45056K Free: 28132K (62%)
ptolemy.util.test.WatchDog.cancel(): canceling Sun Dec 01 06:22:44 UTC 2019
auto.tcl: Setting watchdog for 200 seconds at Sun Dec 01 06:22:44 UTC 2019
672 ms. Memory: 55296K Free: 22261K (40%)
ptolemy.util.test.WatchDog.cancel(): canceling Sun Dec 01 06:22:44 UTC 2019
------------------ testing $PTII/ptolemy/domains/de/test/auto/MergeModel1Add.xml
auto.tcl: Setting watchdog for 200 seconds at Sun Dec 01 06:22:44 UTC 2019
24 ms. Memory: 51200K Free: 16549K (32%)
ptolemy.util.test.WatchDog.cancel(): canceling Sun Dec 01 06:22:44 UTC 2019
auto.tcl: Setting watchdog for 200 seconds at Sun Dec 01 06:22:44 UTC 2019
22 ms. Memory: 51200K Free: 14963K (29%)
ptolemy.util.test.WatchDog.cancel(): canceling Sun Dec 01 06:22:44 UTC 2019
------------------ testing $PTII/ptolemy/domains/de/test/auto/MergeModel2Add.xml
auto.tcl: Setting watchdog for 200 seconds at Sun Dec 01 06:22:45 UTC 2019
23 ms. Memory: 48128K Free: 15570K (32%)
ptolemy.util.test.WatchDog.cancel(): canceling Sun Dec 01 06:22:45 UTC 2019
auto.tcl: Setting watchdog for 200 seconds at Sun Dec 01 06:22:45 UTC 2019
15 ms. Memory: 48128K Free: 13975K (29%)
ptolemy.util.test.WatchDog.cancel(): canceling Sun Dec 01 06:22:45 UTC 2019
------------------ testing $PTII/ptolemy/domains/de/test/auto/MergeModel3Add.xml
auto.tcl: Setting watchdog for 200 seconds at Sun Dec 01 06:22:45 UTC 2019
11 ms. Memory: 48128K Free: 15570K (32%)
ptolemy.util.test.WatchDog.cancel(): canceling Sun Dec 01 06:22:45 UTC 2019
auto.tcl: Setting watchdog for 200 seconds at Sun Dec 01 06:22:45 UTC 2019
13 ms. Memory: 48128K Free: 13984K (29%)
ptolemy.util.test.WatchDog.cancel(): canceling Sun Dec 01 06:22:45 UTC 2019
------------------ testing $PTII/ptolemy/domains/de/test/auto/MergeWithoutDiscard.xml
auto.tcl: Setting watchdog for 200 seconds at Sun Dec 01 06:22:45 UTC 2019
2 ms. Memory: 48128K Free: 30103K (63%)
ptolemy.util.test.WatchDog.cancel(): canceling Sun Dec 01 06:22:45 UTC 2019
auto.tcl: Setting watchdog for 200 seconds at Sun Dec 01 06:22:45 UTC 2019
2 ms. Memory: 48128K Free: 29724K (62%)
ptolemy.util.test.WatchDog.cancel(): canceling Sun Dec 01 06:22:45 UTC 2019
------------------ testing $PTII/ptolemy/domains/de/test/auto/Modal1.xml
auto.tcl: Setting watchdog for 200 seconds at Sun Dec 01 06:22:45 UTC 2019
13 ms. Memory: 48128K Free: 22051K (46%)
ptolemy.util.test.WatchDog.cancel(): canceling Sun Dec 01 06:22:45 UTC 2019
auto.tcl: Setting watchdog for 200 seconds at Sun Dec 01 06:22:45 UTC 2019
12 ms. Memory: 48128K Free: 18606K (39%)
ptolemy.util.test.WatchDog.cancel(): canceling Sun Dec 01 06:22:45 UTC 2019
------------------ testing $PTII/ptolemy/domains/de/test/auto/Modal2.xml
auto.tcl: Setting watchdog for 200 seconds at Sun Dec 01 06:22:45 UTC 2019
13 ms. Memory: 48128K Free: 22134K (46%)
ptolemy.util.test.WatchDog.cancel(): canceling Sun Dec 01 06:22:45 UTC 2019
auto.tcl: Setting watchdog for 200 seconds at Sun Dec 01 06:22:45 UTC 2019
15 ms. Memory: 48128K Free: 18895K (39%)
ptolemy.util.test.WatchDog.cancel(): canceling Sun Dec 01 06:22:45 UTC 2019
------------------ testing $PTII/ptolemy/domains/de/test/auto/Modal3.xml
auto.tcl: Setting watchdog for 200 seconds at Sun Dec 01 06:22:45 UTC 2019
18 ms. Memory: 48128K Free: 22143K (46%)
ptolemy.util.test.WatchDog.cancel(): canceling Sun Dec 01 06:22:45 UTC 2019
auto.tcl: Setting watchdog for 200 seconds at Sun Dec 01 06:22:45 UTC 2019
19 ms. Memory: 48128K Free: 18909K (39%)
ptolemy.util.test.WatchDog.cancel(): canceling Sun Dec 01 06:22:45 UTC 2019
------------------ testing $PTII/ptolemy/domains/de/test/auto/Modal4.xml
auto.tcl: Setting watchdog for 200 seconds at Sun Dec 01 06:22:45 UTC 2019
37 ms. Memory: 48128K Free: 21075K (44%)
ptolemy.util.test.WatchDog.cancel(): canceling Sun Dec 01 06:22:45 UTC 2019
auto.tcl: Setting watchdog for 200 seconds at Sun Dec 01 06:22:45 UTC 2019
38 ms. Memory: 48128K Free: 17237K (36%)
ptolemy.util.test.WatchDog.cancel(): canceling Sun Dec 01 06:22:45 UTC 2019
------------------ testing $PTII/ptolemy/domains/de/test/auto/Modal5.xml
auto.tcl: Setting watchdog for 200 seconds at Sun Dec 01 06:22:46 UTC 2019
19 ms. Memory: 48128K Free: 21054K (44%)
ptolemy.util.test.WatchDog.cancel(): canceling Sun Dec 01 06:22:46 UTC 2019
auto.tcl: Setting watchdog for 200 seconds at Sun Dec 01 06:22:46 UTC 2019
20 ms. Memory: 48128K Free: 17223K (36%)
ptolemy.util.test.WatchDog.cancel(): canceling Sun Dec 01 06:22:46 UTC 2019
------------------ testing $PTII/ptolemy/domains/de/test/auto/Modal6.xml
auto.tcl: Setting watchdog for 200 seconds at Sun Dec 01 06:22:46 UTC 2019
14 ms. Memory: 48128K Free: 21863K (45%)
ptolemy.util.test.WatchDog.cancel(): canceling Sun Dec 01 06:22:46 UTC 2019
auto.tcl: Setting watchdog for 200 seconds at Sun Dec 01 06:22:46 UTC 2019
16 ms. Memory: 48128K Free: 18245K (38%)
ptolemy.util.test.WatchDog.cancel(): canceling Sun Dec 01 06:22:46 UTC 2019
------------------ testing $PTII/ptolemy/domains/de/test/auto/Modal7.xml
auto.tcl: Setting watchdog for 200 seconds at Sun Dec 01 06:22:46 UTC 2019
12 ms. Memory: 48128K Free: 20870K (43%)
ptolemy.util.test.WatchDog.cancel(): canceling Sun Dec 01 06:22:46 UTC 2019
auto.tcl: Setting watchdog for 200 seconds at Sun Dec 01 06:22:46 UTC 2019
12 ms. Memory: 48128K Free: 17588K (37%)
ptolemy.util.test.WatchDog.cancel(): canceling Sun Dec 01 06:22:46 UTC 2019
------------------ testing $PTII/ptolemy/domains/de/test/auto/ModalModel.xml
auto.tcl: Setting watchdog for 200 seconds at Sun Dec 01 06:22:46 UTC 2019
265 ms. Memory: 58368K Free: 38861K (67%)
ptolemy.util.test.WatchDog.cancel(): canceling Sun Dec 01 06:22:46 UTC 2019
auto.tcl: Setting watchdog for 200 seconds at Sun Dec 01 06:22:46 UTC 2019
234 ms. Memory: 58368K Free: 32259K (55%)
ptolemy.util.test.WatchDog.cancel(): canceling Sun Dec 01 06:22:46 UTC 2019
------------------ testing $PTII/ptolemy/domains/de/test/auto/ModalSource.xml
auto.tcl: Setting watchdog for 200 seconds at Sun Dec 01 06:22:47 UTC 2019
7 ms. Memory: 51200K Free: 28997K (57%)
ptolemy.util.test.WatchDog.cancel(): canceling Sun Dec 01 06:22:47 UTC 2019
auto.tcl: Setting watchdog for 200 seconds at Sun Dec 01 06:22:47 UTC 2019
8 ms. Memory: 51200K Free: 26918K (53%)
ptolemy.util.test.WatchDog.cancel(): canceling Sun Dec 01 06:22:47 UTC 2019
------------------ testing $PTII/ptolemy/domains/de/test/auto/NonInterruptibleTimerZeroDelay.xml
auto.tcl: Setting watchdog for 200 seconds at Sun Dec 01 06:22:47 UTC 2019
4 ms. Memory: 48128K Free: 30882K (64%)
ptolemy.util.test.WatchDog.cancel(): canceling Sun Dec 01 06:22:47 UTC 2019
auto.tcl: Setting watchdog for 200 seconds at Sun Dec 01 06:22:47 UTC 2019
3 ms. Memory: 48128K Free: 30187K (63%)
ptolemy.util.test.WatchDog.cancel(): canceling Sun Dec 01 06:22:47 UTC 2019
------------------ testing $PTII/ptolemy/domains/de/test/auto/OpenQueueingNetwork.xml
auto.tcl: Setting watchdog for 200 seconds at Sun Dec 01 06:22:47 UTC 2019
3231 ms. Memory: 107520K Free: 42590K (40%)
ptolemy.util.test.WatchDog.cancel(): canceling Sun Dec 01 06:22:50 UTC 2019
auto.tcl: Setting watchdog for 200 seconds at Sun Dec 01 06:22:50 UTC 2019
2898 ms. Memory: 129024K Free: 110779K (86%)
ptolemy.util.test.WatchDog.cancel(): canceling Sun Dec 01 06:22:53 UTC 2019
------------------ testing $PTII/ptolemy/domains/de/test/auto/OpenQueuingNetwork.xml
auto.tcl: Setting watchdog for 200 seconds at Sun Dec 01 06:22:53 UTC 2019
257 ms. Memory: 55296K Free: 24513K (44%)
ptolemy.util.test.WatchDog.cancel(): canceling Sun Dec 01 06:22:53 UTC 2019
auto.tcl: Setting watchdog for 200 seconds at Sun Dec 01 06:22:53 UTC 2019
243 ms. Memory: 55296K Free: 31991K (58%)
ptolemy.util.test.WatchDog.cancel(): canceling Sun Dec 01 06:22:54 UTC 2019
------------------ testing $PTII/ptolemy/domains/de/test/auto/PeriodicSampler.xml
auto.tcl: Setting watchdog for 200 seconds at Sun Dec 01 06:22:54 UTC 2019
3 ms. Memory: 48128K Free: 30029K (62%)
ptolemy.util.test.WatchDog.cancel(): canceling Sun Dec 01 06:22:54 UTC 2019
auto.tcl: Setting watchdog for 200 seconds at Sun Dec 01 06:22:54 UTC 2019
2 ms. Memory: 48128K Free: 29521K (61%)
ptolemy.util.test.WatchDog.cancel(): canceling Sun Dec 01 06:22:54 UTC 2019
------------------ testing $PTII/ptolemy/domains/de/test/auto/PersistentIO.xml
auto.tcl: Setting watchdog for 200 seconds at Sun Dec 01 06:22:54 UTC 2019
16 ms. Memory: 48128K Free: 24967K (52%)
ptolemy.util.test.WatchDog.cancel(): canceling Sun Dec 01 06:22:54 UTC 2019
auto.tcl: Setting watchdog for 200 seconds at Sun Dec 01 06:22:54 UTC 2019
14 ms. Memory: 48128K Free: 23516K (49%)
ptolemy.util.test.WatchDog.cancel(): canceling Sun Dec 01 06:22:54 UTC 2019
------------------ testing $PTII/ptolemy/domains/de/test/auto/PortParameterResetOnInitialize.xml
auto.tcl: Setting watchdog for 200 seconds at Sun Dec 01 06:22:54 UTC 2019
6 ms. Memory: 48128K Free: 29937K (62%)
ptolemy.util.test.WatchDog.cancel(): canceling Sun Dec 01 06:22:54 UTC 2019
auto.tcl: Setting watchdog for 200 seconds at Sun Dec 01 06:22:54 UTC 2019
2 ms. Memory: 48128K Free: 29470K (61%)
ptolemy.util.test.WatchDog.cancel(): canceling Sun Dec 01 06:22:54 UTC 2019
------------------ testing $PTII/ptolemy/domains/de/test/auto/PortParameterUpdates.xml
auto.tcl: Setting watchdog for 200 seconds at Sun Dec 01 06:22:54 UTC 2019
5 ms. Memory: 48128K Free: 28035K (58%)
ptolemy.util.test.WatchDog.cancel(): canceling Sun Dec 01 06:22:54 UTC 2019
auto.tcl: Setting watchdog for 200 seconds at Sun Dec 01 06:22:54 UTC 2019
7 ms. Memory: 48128K Free: 26597K (55%)
ptolemy.util.test.WatchDog.cancel(): canceling Sun Dec 01 06:22:54 UTC 2019
------------------ testing $PTII/ptolemy/domains/de/test/auto/QueueAndServer.xml
auto.tcl: Setting watchdog for 200 seconds at Sun Dec 01 06:22:54 UTC 2019
7 ms. Memory: 48128K Free: 26954K (56%)
ptolemy.util.test.WatchDog.cancel(): canceling Sun Dec 01 06:22:54 UTC 2019
auto.tcl: Setting watchdog for 200 seconds at Sun Dec 01 06:22:54 UTC 2019
12 ms. Memory: 48128K Free: 25532K (53%)
ptolemy.util.test.WatchDog.cancel(): canceling Sun Dec 01 06:22:54 UTC 2019
------------------ testing $PTII/ptolemy/domains/de/test/auto/Records.xml
auto.tcl: Setting watchdog for 200 seconds at Sun Dec 01 06:22:54 UTC 2019
8 ms. Memory: 48128K Free: 29210K (61%)
ptolemy.util.test.WatchDog.cancel(): canceling Sun Dec 01 06:22:54 UTC 2019
auto.tcl: Setting watchdog for 200 seconds at Sun Dec 01 06:22:54 UTC 2019
3 ms. Memory: 48128K Free: 28744K (60%)
ptolemy.util.test.WatchDog.cancel(): canceling Sun Dec 01 06:22:54 UTC 2019
------------------ testing $PTII/ptolemy/domains/de/test/auto/ResetTransitionWithStartTime1.xml
auto.tcl: Setting watchdog for 200 seconds at Sun Dec 01 06:22:54 UTC 2019
19 ms. Memory: 48128K Free: 26436K (55%)
ptolemy.util.test.WatchDog.cancel(): canceling Sun Dec 01 06:22:54 UTC 2019
auto.tcl: Setting watchdog for 200 seconds at Sun Dec 01 06:22:54 UTC 2019
7 ms. Memory: 48128K Free: 24388K (51%)
ptolemy.util.test.WatchDog.cancel(): canceling Sun Dec 01 06:22:54 UTC 2019
------------------ testing $PTII/ptolemy/domains/de/test/auto/ResetTransitionWithStartTime2.xml
auto.tcl: Setting watchdog for 200 seconds at Sun Dec 01 06:22:54 UTC 2019
9 ms. Memory: 48128K Free: 26391K (55%)
ptolemy.util.test.WatchDog.cancel(): canceling Sun Dec 01 06:22:55 UTC 2019
auto.tcl: Setting watchdog for 200 seconds at Sun Dec 01 06:22:55 UTC 2019
6 ms. Memory: 48128K Free: 23890K (50%)
ptolemy.util.test.WatchDog.cancel(): canceling Sun Dec 01 06:22:55 UTC 2019
------------------ testing $PTII/ptolemy/domains/de/test/auto/ResetTransitionWithStartTime3.xml
auto.tcl: Setting watchdog for 200 seconds at Sun Dec 01 06:22:55 UTC 2019
10 ms. Memory: 48128K Free: 26390K (55%)
ptolemy.util.test.WatchDog.cancel(): canceling Sun Dec 01 06:22:55 UTC 2019
auto.tcl: Setting watchdog for 200 seconds at Sun Dec 01 06:22:55 UTC 2019
10 ms. Memory: 48128K Free: 24340K (51%)
ptolemy.util.test.WatchDog.cancel(): canceling Sun Dec 01 06:22:55 UTC 2019
------------------ testing $PTII/ptolemy/domains/de/test/auto/ResetTransitionWithStartTime4.xml
auto.tcl: Setting watchdog for 200 seconds at Sun Dec 01 06:22:55 UTC 2019
11 ms. Memory: 48128K Free: 26836K (56%)
ptolemy.util.test.WatchDog.cancel(): canceling Sun Dec 01 06:22:55 UTC 2019
auto.tcl: Setting watchdog for 200 seconds at Sun Dec 01 06:22:55 UTC 2019
4 ms. Memory: 48128K Free: 25421K (53%)
ptolemy.util.test.WatchDog.cancel(): canceling Sun Dec 01 06:22:55 UTC 2019
------------------ testing $PTII/ptolemy/domains/de/test/auto/ResettableTimer1.xml
auto.tcl: Setting watchdog for 200 seconds at Sun Dec 01 06:22:55 UTC 2019
3 ms. Memory: 48128K Free: 30892K (64%)
ptolemy.util.test.WatchDog.cancel(): canceling Sun Dec 01 06:22:55 UTC 2019
auto.tcl: Setting watchdog for 200 seconds at Sun Dec 01 06:22:55 UTC 2019
3 ms. Memory: 48128K Free: 29990K (62%)
ptolemy.util.test.WatchDog.cancel(): canceling Sun Dec 01 06:22:55 UTC 2019
------------------ testing $PTII/ptolemy/domains/de/test/auto/ResettableTimer2.xml
auto.tcl: Setting watchdog for 200 seconds at Sun Dec 01 06:22:55 UTC 2019
2 ms. Memory: 48128K Free: 30659K (64%)
ptolemy.util.test.WatchDog.cancel(): canceling Sun Dec 01 06:22:55 UTC 2019
auto.tcl: Setting watchdog for 200 seconds at Sun Dec 01 06:22:55 UTC 2019
3 ms. Memory: 48128K Free: 30023K (62%)
ptolemy.util.test.WatchDog.cancel(): canceling Sun Dec 01 06:22:55 UTC 2019
------------------ testing $PTII/ptolemy/domains/de/test/auto/ResettableTimer3.xml
auto.tcl: Setting watchdog for 200 seconds at Sun Dec 01 06:22:55 UTC 2019
1 ms. Memory: 48128K Free: 30564K (64%)
ptolemy.util.test.WatchDog.cancel(): canceling Sun Dec 01 06:22:55 UTC 2019
auto.tcl: Setting watchdog for 200 seconds at Sun Dec 01 06:22:55 UTC 2019
1 ms. Memory: 48128K Free: 30522K (63%)
ptolemy.util.test.WatchDog.cancel(): canceling Sun Dec 01 06:22:55 UTC 2019
------------------ testing $PTII/ptolemy/domains/de/test/auto/ResettableTimer4.xml
auto.tcl: Setting watchdog for 200 seconds at Sun Dec 01 06:22:55 UTC 2019
2 ms. Memory: 48128K Free: 30594K (64%)
ptolemy.util.test.WatchDog.cancel(): canceling Sun Dec 01 06:22:55 UTC 2019
auto.tcl: Setting watchdog for 200 seconds at Sun Dec 01 06:22:55 UTC 2019
1 ms. Memory: 48128K Free: 30082K (63%)
ptolemy.util.test.WatchDog.cancel(): canceling Sun Dec 01 06:22:55 UTC 2019
------------------ testing $PTII/ptolemy/domains/de/test/auto/ResettableTimer5.xml
auto.tcl: Setting watchdog for 200 seconds at Sun Dec 01 06:22:55 UTC 2019
2 ms. Memory: 48128K Free: 30005K (62%)
ptolemy.util.test.WatchDog.cancel(): canceling Sun Dec 01 06:22:55 UTC 2019
auto.tcl: Setting watchdog for 200 seconds at Sun Dec 01 06:22:55 UTC 2019
2 ms. Memory: 48128K Free: 29523K (61%)
ptolemy.util.test.WatchDog.cancel(): canceling Sun Dec 01 06:22:55 UTC 2019
------------------ testing $PTII/ptolemy/domains/de/test/auto/ResettableTimer6.xml
auto.tcl: Setting watchdog for 200 seconds at Sun Dec 01 06:22:55 UTC 2019
2 ms. Memory: 48128K Free: 30004K (62%)
ptolemy.util.test.WatchDog.cancel(): canceling Sun Dec 01 06:22:55 UTC 2019
auto.tcl: Setting watchdog for 200 seconds at Sun Dec 01 06:22:55 UTC 2019
1 ms. Memory: 48128K Free: 29520K (61%)
ptolemy.util.test.WatchDog.cancel(): canceling Sun Dec 01 06:22:55 UTC 2019
------------------ testing $PTII/ptolemy/domains/de/test/auto/ServerZeroDelay.xml
auto.tcl: Setting watchdog for 200 seconds at Sun Dec 01 06:22:55 UTC 2019
4 ms. Memory: 48128K Free: 30515K (63%)
ptolemy.util.test.WatchDog.cancel(): canceling Sun Dec 01 06:22:55 UTC 2019
auto.tcl: Setting watchdog for 200 seconds at Sun Dec 01 06:22:55 UTC 2019
2 ms. Memory: 48128K Free: 29565K (61%)
ptolemy.util.test.WatchDog.cancel(): canceling Sun Dec 01 06:22:55 UTC 2019
------------------ testing $PTII/ptolemy/domains/de/test/auto/SmartSender.xml
auto.tcl: Setting watchdog for 200 seconds at Sun Dec 01 06:22:55 UTC 2019
3002 ms. Memory: 48128K Free: 30537K (63%)
ptolemy.util.test.WatchDog.cancel(): canceling Sun Dec 01 06:22:58 UTC 2019
auto.tcl: Setting watchdog for 200 seconds at Sun Dec 01 06:22:58 UTC 2019
3002 ms. Memory: 48128K Free: 30018K (62%)
ptolemy.util.test.WatchDog.cancel(): canceling Sun Dec 01 06:23:01 UTC 2019
------------------ testing $PTII/ptolemy/domains/de/test/auto/ThreadedComposite.xml
auto.tcl: Setting watchdog for 200 seconds at Sun Dec 01 06:23:01 UTC 2019
648 ms. Memory: 48128K Free: 13088K (27%)
ptolemy.util.test.WatchDog.cancel(): canceling Sun Dec 01 06:23:02 UTC 2019
auto.tcl: Setting watchdog for 200 seconds at Sun Dec 01 06:23:02 UTC 2019
164 ms. Memory: 48128K Free: 22979K (48%)
ptolemy.util.test.WatchDog.cancel(): canceling Sun Dec 01 06:23:02 UTC 2019
------------------ testing $PTII/ptolemy/domains/de/test/auto/Time.xml
auto.tcl: Setting watchdog for 200 seconds at Sun Dec 01 06:23:02 UTC 2019
598 ms. Memory: 48128K Free: 29666K (62%)
ptolemy.util.test.WatchDog.cancel(): canceling Sun Dec 01 06:23:03 UTC 2019
auto.tcl: Setting watchdog for 200 seconds at Sun Dec 01 06:23:03 UTC 2019
593 ms. Memory: 48128K Free: 29075K (60%)
ptolemy.util.test.WatchDog.cancel(): canceling Sun Dec 01 06:23:03 UTC 2019
------------------ testing $PTII/ptolemy/domains/de/test/auto/TimeDelayZeroDelay.xml
auto.tcl: Setting watchdog for 200 seconds at Sun Dec 01 06:23:04 UTC 2019
3 ms. Memory: 48128K Free: 30935K (64%)
ptolemy.util.test.WatchDog.cancel(): canceling Sun Dec 01 06:23:04 UTC 2019
auto.tcl: Setting watchdog for 200 seconds at Sun Dec 01 06:23:04 UTC 2019
2 ms. Memory: 48128K Free: 30055K (62%)
ptolemy.util.test.WatchDog.cancel(): canceling Sun Dec 01 06:23:04 UTC 2019
------------------ testing $PTII/ptolemy/domains/de/test/auto/TimerZeroDelay.xml
auto.tcl: Setting watchdog for 200 seconds at Sun Dec 01 06:23:04 UTC 2019
3 ms. Memory: 48128K Free: 30978K (64%)
ptolemy.util.test.WatchDog.cancel(): canceling Sun Dec 01 06:23:04 UTC 2019
auto.tcl: Setting watchdog for 200 seconds at Sun Dec 01 06:23:04 UTC 2019
3 ms. Memory: 48128K Free: 30482K (63%)
ptolemy.util.test.WatchDog.cancel(): canceling Sun Dec 01 06:23:04 UTC 2019
------------------ testing $PTII/ptolemy/domains/de/test/auto/TimingParadox.xml
auto.tcl: Setting watchdog for 200 seconds at Sun Dec 01 06:23:04 UTC 2019
398 ms. Memory: 48128K Free: 14173K (29%)
ptolemy.util.test.WatchDog.cancel(): canceling Sun Dec 01 06:23:04 UTC 2019
auto.tcl: Setting watchdog for 200 seconds at Sun Dec 01 06:23:04 UTC 2019
346 ms. Memory: 58368K Free: 36602K (63%)
ptolemy.util.test.WatchDog.cancel(): canceling Sun Dec 01 06:23:05 UTC 2019
------------------ testing $PTII/ptolemy/domains/de/test/auto/TransferInputs.xml
auto.tcl: Setting watchdog for 200 seconds at Sun Dec 01 06:23:05 UTC 2019
3 ms. Memory: 51200K Free: 32021K (63%)
ptolemy.util.test.WatchDog.cancel(): canceling Sun Dec 01 06:23:05 UTC 2019
auto.tcl: Setting watchdog for 200 seconds at Sun Dec 01 06:23:05 UTC 2019
2 ms. Memory: 51200K Free: 31148K (61%)
ptolemy.util.test.WatchDog.cancel(): canceling Sun Dec 01 06:23:05 UTC 2019
------------------ testing $PTII/ptolemy/domains/de/test/auto/TransferOutputs2.xml
auto.tcl: Setting watchdog for 200 seconds at Sun Dec 01 06:23:05 UTC 2019
3 ms. Memory: 48128K Free: 26392K (55%)
ptolemy.util.test.WatchDog.cancel(): canceling Sun Dec 01 06:23:05 UTC 2019
auto.tcl: Setting watchdog for 200 seconds at Sun Dec 01 06:23:05 UTC 2019
3 ms. Memory: 48128K Free: 25017K (52%)
ptolemy.util.test.WatchDog.cancel(): canceling Sun Dec 01 06:23:05 UTC 2019
------------------ testing $PTII/ptolemy/domains/de/test/auto/Trilateration.xml
auto.tcl: Setting watchdog for 200 seconds at Sun Dec 01 06:23:05 UTC 2019
16687 ms. Memory: 428032K Free: 313751K (73%)
ptolemy.util.test.WatchDog.cancel(): canceling Sun Dec 01 06:23:23 UTC 2019
auto.tcl: Setting watchdog for 200 seconds at Sun Dec 01 06:23:23 UTC 2019
12691 ms. Memory: 428032K Free: 220981K (52%)
ptolemy.util.test.WatchDog.cancel(): canceling Sun Dec 01 06:23:36 UTC 2019
------------------ testing $PTII/ptolemy/domains/de/test/auto/TwoSigmaDelta.xml
auto.tcl: Setting watchdog for 200 seconds at Sun Dec 01 06:23:36 UTC 2019
3169 ms. Memory: 89088K Free: 61931K (70%)
ptolemy.util.test.WatchDog.cancel(): canceling Sun Dec 01 06:23:39 UTC 2019
auto.tcl: Setting watchdog for 200 seconds at Sun Dec 01 06:23:39 UTC 2019
2319 ms. Memory: 89088K Free: 55772K (63%)
ptolemy.util.test.WatchDog.cancel(): canceling Sun Dec 01 06:23:41 UTC 2019
------------------ testing $PTII/ptolemy/domains/de/test/auto/VariableDelay.xml
auto.tcl: Setting watchdog for 200 seconds at Sun Dec 01 06:23:41 UTC 2019
3 ms. Memory: 51200K Free: 32519K (64%)
ptolemy.util.test.WatchDog.cancel(): canceling Sun Dec 01 06:23:42 UTC 2019
auto.tcl: Setting watchdog for 200 seconds at Sun Dec 01 06:23:42 UTC 2019
1 ms. Memory: 51200K Free: 31479K (61%)
ptolemy.util.test.WatchDog.cancel(): canceling Sun Dec 01 06:23:42 UTC 2019
------------------ testing $PTII/ptolemy/domains/de/test/auto/VariableDelay2.xml
auto.tcl: Setting watchdog for 200 seconds at Sun Dec 01 06:23:42 UTC 2019
10 ms. Memory: 51200K Free: 32926K (64%)
ptolemy.util.test.WatchDog.cancel(): canceling Sun Dec 01 06:23:42 UTC 2019
auto.tcl: Setting watchdog for 200 seconds at Sun Dec 01 06:23:42 UTC 2019
2 ms. Memory: 51200K Free: 32422K (63%)
ptolemy.util.test.WatchDog.cancel(): canceling Sun Dec 01 06:23:42 UTC 2019
------------------ testing $PTII/ptolemy/domains/de/test/auto/VariableDelayZeroDelay.xml
auto.tcl: Setting watchdog for 200 seconds at Sun Dec 01 06:23:42 UTC 2019
3 ms. Memory: 51200K Free: 33445K (65%)
ptolemy.util.test.WatchDog.cancel(): canceling Sun Dec 01 06:23:42 UTC 2019
auto.tcl: Setting watchdog for 200 seconds at Sun Dec 01 06:23:42 UTC 2019
3 ms. Memory: 51200K Free: 32931K (64%)
ptolemy.util.test.WatchDog.cancel(): canceling Sun Dec 01 06:23:42 UTC 2019
------------------ testing $PTII/ptolemy/domains/de/test/auto/VariableDelayZeroDelay2.xml
auto.tcl: Setting watchdog for 200 seconds at Sun Dec 01 06:23:42 UTC 2019
4 ms. Memory: 48128K Free: 30372K (63%)
ptolemy.util.test.WatchDog.cancel(): canceling Sun Dec 01 06:23:42 UTC 2019
auto.tcl: Setting watchdog for 200 seconds at Sun Dec 01 06:23:42 UTC 2019
4 ms. Memory: 48128K Free: 29348K (61%)
ptolemy.util.test.WatchDog.cancel(): canceling Sun Dec 01 06:23:42 UTC 2019
------------------ testing $PTII/ptolemy/domains/de/test/auto/deInCt.xml
auto.tcl: Setting watchdog for 200 seconds at Sun Dec 01 06:23:42 UTC 2019
0
1
1
1
0
0
0
0
1
1
1
1
0
0
0
0
0
1
1
1
1
1
1
0
0
0
1
1
1
1
12 ms. Memory: 48128K Free: 29346K (61%)
ptolemy.util.test.WatchDog.cancel(): canceling Sun Dec 01 06:23:42 UTC 2019
auto.tcl: Setting watchdog for 200 seconds at Sun Dec 01 06:23:42 UTC 2019
0
1
1
1
1
0
0
0
1
1
0
0
0
1
1
1
0
0
0
1
1
1
1
0
0
0
1
1
1
0
0
0
1
1
1
1
1
0
0
0
1
1
1
11 ms. Memory: 48128K Free: 27809K (58%)
ptolemy.util.test.WatchDog.cancel(): canceling Sun Dec 01 06:23:42 UTC 2019
------------------ testing $PTII/ptolemy/domains/de/test/auto/deInCt2.xml
auto.tcl: Setting watchdog for 200 seconds at Sun Dec 01 06:23:42 UTC 2019
0
1
1
1
0
0
1
1
1
0
0
1
1
1
0
0
1
1
1
0
0
1
1
1
0
0
1
1
1
0
0
1
1
1
0
0
1
1
1
0
0
0
15 ms. Memory: 48128K Free: 29348K (61%)
ptolemy.util.test.WatchDog.cancel(): canceling Sun Dec 01 06:23:42 UTC 2019
auto.tcl: Setting watchdog for 200 seconds at Sun Dec 01 06:23:42 UTC 2019
0
1
1
1
0
0
1
1
1
0
0
1
1
1
0
0
1
1
1
0
0
1
1
1
0
0
1
1
1
0
0
1
1
1
0
0
1
1
1
0
0
0
13 ms. Memory: 48128K Free: 27811K (58%)
ptolemy.util.test.WatchDog.cancel(): canceling Sun Dec 01 06:23:42 UTC 2019
------------------ testing $PTII/ptolemy/domains/de/test/auto/dynamicCausalityInterface1.xml
auto.tcl: Setting watchdog for 200 seconds at Sun Dec 01 06:23:42 UTC 2019
2 ms. Memory: 48128K Free: 25280K (53%)
ptolemy.util.test.WatchDog.cancel(): canceling Sun Dec 01 06:23:42 UTC 2019
auto.tcl: Setting watchdog for 200 seconds at Sun Dec 01 06:23:42 UTC 2019
1 ms. Memory: 48128K Free: 24782K (51%)
ptolemy.util.test.WatchDog.cancel(): canceling Sun Dec 01 06:23:42 UTC 2019
------------------ testing $PTII/ptolemy/domains/de/test/auto/fsm_de_test.xml
auto.tcl: Setting watchdog for 200 seconds at Sun Dec 01 06:23:42 UTC 2019
14 ms. Memory: 48128K Free: 25179K (52%)
ptolemy.util.test.WatchDog.cancel(): canceling Sun Dec 01 06:23:42 UTC 2019
auto.tcl: Setting watchdog for 200 seconds at Sun Dec 01 06:23:42 UTC 2019
10 ms. Memory: 48128K Free: 23136K (48%)
ptolemy.util.test.WatchDog.cancel(): canceling Sun Dec 01 06:23:42 UTC 2019
------------------ testing $PTII/ptolemy/domains/de/test/auto/functionDependencyReconstruction.xml
auto.tcl: Setting watchdog for 200 seconds at Sun Dec 01 06:23:42 UTC 2019
10 ms. Memory: 48128K Free: 19120K (40%)
ptolemy.util.test.WatchDog.cancel(): canceling Sun Dec 01 06:23:42 UTC 2019
auto.tcl: Setting watchdog for 200 seconds at Sun Dec 01 06:23:42 UTC 2019
4 ms. Memory: 48128K Free: 17456K (36%)
ptolemy.util.test.WatchDog.cancel(): canceling Sun Dec 01 06:23:42 UTC 2019
------------------ testing $PTII/ptolemy/domains/de/test/auto/multirate.xml
auto.tcl: Setting watchdog for 200 seconds at Sun Dec 01 06:23:42 UTC 2019
4 ms. Memory: 48128K Free: 27823K (58%)
ptolemy.util.test.WatchDog.cancel(): canceling Sun Dec 01 06:23:42 UTC 2019
auto.tcl: Setting watchdog for 200 seconds at Sun Dec 01 06:23:42 UTC 2019
4 ms. Memory: 48128K Free: 26121K (54%)
ptolemy.util.test.WatchDog.cancel(): canceling Sun Dec 01 06:23:42 UTC 2019
------------------ testing $PTII/ptolemy/domains/de/test/auto/multirate2.xml
auto.tcl: Setting watchdog for 200 seconds at Sun Dec 01 06:23:43 UTC 2019
3 ms. Memory: 48128K Free: 28020K (58%)
ptolemy.util.test.WatchDog.cancel(): canceling Sun Dec 01 06:23:43 UTC 2019
auto.tcl: Setting watchdog for 200 seconds at Sun Dec 01 06:23:43 UTC 2019
4 ms. Memory: 48128K Free: 26288K (55%)
ptolemy.util.test.WatchDog.cancel(): canceling Sun Dec 01 06:23:43 UTC 2019
------------------ testing $PTII/ptolemy/domains/de/test/auto/realtime.xml
auto.tcl: Setting watchdog for 200 seconds at Sun Dec 01 06:23:43 UTC 2019
10002 ms. Memory: 48128K Free: 30081K (63%)
ptolemy.util.test.WatchDog.cancel(): canceling Sun Dec 01 06:23:53 UTC 2019
auto.tcl: Setting watchdog for 200 seconds at Sun Dec 01 06:23:53 UTC 2019
10002 ms. Memory: 48128K Free: 29325K (61%)
ptolemy.util.test.WatchDog.cancel(): canceling Sun Dec 01 06:24:03 UTC 2019
------------------ testing $PTII/ptolemy/domains/de/test/auto/relationGroup.xml
auto.tcl: Setting watchdog for 200 seconds at Sun Dec 01 06:24:03 UTC 2019
3 ms. Memory: 48128K Free: 31130K (65%)
ptolemy.util.test.WatchDog.cancel(): canceling Sun Dec 01 06:24:03 UTC 2019
auto.tcl: Setting watchdog for 200 seconds at Sun Dec 01 06:24:03 UTC 2019
1 ms. Memory: 48128K Free: 30635K (64%)
ptolemy.util.test.WatchDog.cancel(): canceling Sun Dec 01 06:24:03 UTC 2019
------------------ testing $PTII/ptolemy/domains/de/test/auto/relationGroup2.xml
auto.tcl: Setting watchdog for 200 seconds at Sun Dec 01 06:24:03 UTC 2019
2 ms. Memory: 48128K Free: 31126K (65%)
ptolemy.util.test.WatchDog.cancel(): canceling Sun Dec 01 06:24:03 UTC 2019
auto.tcl: Setting watchdog for 200 seconds at Sun Dec 01 06:24:03 UTC 2019
1 ms. Memory: 48128K Free: 30639K (64%)
ptolemy.util.test.WatchDog.cancel(): canceling Sun Dec 01 06:24:03 UTC 2019
------------------ testing $PTII/ptolemy/domains/de/test/auto/sortWithOpaquePorts.xml
auto.tcl: Setting watchdog for 200 seconds at Sun Dec 01 06:24:03 UTC 2019
2 ms. Memory: 48128K Free: 30401K (63%)
ptolemy.util.test.WatchDog.cancel(): canceling Sun Dec 01 06:24:03 UTC 2019
auto.tcl: Setting watchdog for 200 seconds at Sun Dec 01 06:24:03 UTC 2019
3 ms. Memory: 48128K Free: 28887K (60%)
ptolemy.util.test.WatchDog.cancel(): canceling Sun Dec 01 06:24:03 UTC 2019
------------------ testing $PTII/ptolemy/domains/de/test/auto/transferInputsandOutputs.xml
auto.tcl: Setting watchdog for 200 seconds at Sun Dec 01 06:24:03 UTC 2019
6 ms. Memory: 48128K Free: 27316K (57%)
ptolemy.util.test.WatchDog.cancel(): canceling Sun Dec 01 06:24:03 UTC 2019
auto.tcl: Setting watchdog for 200 seconds at Sun Dec 01 06:24:03 UTC 2019
3 ms. Memory: 48128K Free: 26310K (55%)
ptolemy.util.test.WatchDog.cancel(): canceling Sun Dec 01 06:24:03 UTC 2019
------------------ testing $PTII/ptolemy/domains/de/test/auto/triggerType.xml
auto.tcl: Setting watchdog for 200 seconds at Sun Dec 01 06:24:03 UTC 2019
1 ms. Memory: 48128K Free: 30341K (63%)
ptolemy.util.test.WatchDog.cancel(): canceling Sun Dec 01 06:24:03 UTC 2019
auto.tcl: Setting watchdog for 200 seconds at Sun Dec 01 06:24:03 UTC 2019
2 ms. Memory: 48128K Free: 29321K (61%)
ptolemy.util.test.WatchDog.cancel(): canceling Sun Dec 01 06:24:03 UTC 2019
12/01/19 06:24:03
Failed: 0  Total Tests: 192  ((Passed: 187, Newly Passed: 1)  Known Failed: 5) /home/travis/build/icyphy/ptII/ptolemy/domains/de/test
12/01/19 06:24:03
Failed: 0  Total Tests: 192  ((Passed: 187, Newly Passed: 1)  Known Failed: 5) /home/travis/build/icyphy/ptII/ptolemy/domains/de/test
----------------- testing (KnownFailure) /home/travis/build/icyphy/ptII/ptolemy/domains/de/test/auto/knownFailedTests/DESDFClockTest.xml
2013 ms. Memory: 48128K Free: 23736K (49%)
Known Failure: java.lang.reflect.InvocationTargetException
----------------- testing (KnownFailure) /home/travis/build/icyphy/ptII/ptolemy/domains/de/test/auto/knownFailedTests/DirectFeedback.xml
6 ms. Memory: 48128K Free: 20154K (42%)
Known Failure: java.lang.reflect.InvocationTargetException
----------------- testing (KnownFailure) /home/travis/build/icyphy/ptII/ptolemy/domains/de/test/auto/knownFailedTests/FSMSource.xml
22 ms. Memory: 48128K Free: 12986K (27%)
----------------- testing (KnownFailure) /home/travis/build/icyphy/ptII/ptolemy/domains/de/test/auto/knownFailedTests/HierarchicalModel.xml
5 ms. Memory: 48128K Free: 24267K (50%)
Known Failure: java.lang.reflect.InvocationTargetException
----------------- testing (KnownFailure) /home/travis/build/icyphy/ptII/ptolemy/domains/de/test/auto/knownFailedTests/dependencyLoop.xml
3 ms. Memory: 48128K Free: 8859K (18%)
Known Failure: java.lang.reflect.InvocationTargetException
----------------- testing (KnownFailure) /home/travis/build/icyphy/ptII/ptolemy/domains/de/test/auto/knownFailedTests/dependencyLoop2.xml
9 ms. Memory: 48128K Free: 20974K (44%)
Known Failure: java.lang.reflect.InvocationTargetException
No auto/linux-amd64/*.xml tests in /home/travis/build/icyphy/ptII/ptolemy/domains/de/test
AutoTests.java: About to close Vertx.
AutoTests.java: Vertx closed.

===========================================================================================
----------------- testing Sun Dec 01 06:24:05 UTC 2019 /home/travis/build/icyphy/ptII/ptolemy/domains/de/test/auto/ActorDepthCalculation_actorWithoutPorts.xml
----------------- Instantiating /home/travis/build/icyphy/ptII/ptolemy/domains/de/test/auto/ActorDepthCalculation_actorWithoutPorts.xml
3 ms. Memory: 48128K Free: 14381K (30%)
----------------- Invoking toplevel() on ptolemy.moml.MoMLSimpleApplication@564fb8f0
----------------- Done invoking toplevel() on ptolemy.moml.MoMLSimpleApplication@564fb8f0
reloadAllAccessors: .ActorDepthCalculation_actorWithoutPorts

===========================================================================================
----------------- testing Sun Dec 01 06:24:05 UTC 2019 /home/travis/build/icyphy/ptII/ptolemy/domains/de/test/auto/AssemblyLine.xml
----------------- Instantiating /home/travis/build/icyphy/ptII/ptolemy/domains/de/test/auto/AssemblyLine.xml
9 ms. Memory: 48128K Free: 33968K (71%)
----------------- Invoking toplevel() on ptolemy.moml.MoMLSimpleApplication@5ef463e4
----------------- Done invoking toplevel() on ptolemy.moml.MoMLSimpleApplication@5ef463e4
reloadAllAccessors: .AssemblyLine

===========================================================================================
----------------- testing Sun Dec 01 06:24:06 UTC 2019 /home/travis/build/icyphy/ptII/ptolemy/domains/de/test/auto/CQBug1.xml
----------------- Instantiating /home/travis/build/icyphy/ptII/ptolemy/domains/de/test/auto/CQBug1.xml
1 ms. Memory: 48128K Free: 30971K (64%)
----------------- Invoking toplevel() on ptolemy.moml.MoMLSimpleApplication@799fd957
----------------- Done invoking toplevel() on ptolemy.moml.MoMLSimpleApplication@799fd957
reloadAllAccessors: .CQBug1

===========================================================================================
----------------- testing Sun Dec 01 06:24:06 UTC 2019 /home/travis/build/icyphy/ptII/ptolemy/domains/de/test/auto/CancelFireAt.xml
----------------- Instantiating /home/travis/build/icyphy/ptII/ptolemy/domains/de/test/auto/CancelFireAt.xml
9 ms. Memory: 48128K Free: 28327K (59%)
----------------- Invoking toplevel() on ptolemy.moml.MoMLSimpleApplication@29c5f9c5
----------------- Done invoking toplevel() on ptolemy.moml.MoMLSimpleApplication@29c5f9c5
reloadAllAccessors: .CancelFireAt

===========================================================================================
----------------- testing Sun Dec 01 06:24:06 UTC 2019 /home/travis/build/icyphy/ptII/ptolemy/domains/de/test/auto/CausalityAndComposabilityAnalysis.xml
----------------- Instantiating /home/travis/build/icyphy/ptII/ptolemy/domains/de/test/auto/CausalityAndComposabilityAnalysis.xml
3 ms. Memory: 48128K Free: 24255K (50%)
----------------- Invoking toplevel() on ptolemy.moml.MoMLSimpleApplication@3b5197ab
----------------- Done invoking toplevel() on ptolemy.moml.MoMLSimpleApplication@3b5197ab
reloadAllAccessors: .CausalityAndComposabilityAnalysis

===========================================================================================
----------------- testing Sun Dec 01 06:24:06 UTC 2019 /home/travis/build/icyphy/ptII/ptolemy/domains/de/test/auto/CausalityInterface1.xml
----------------- Instantiating /home/travis/build/icyphy/ptII/ptolemy/domains/de/test/auto/CausalityInterface1.xml
8 ms. Memory: 48128K Free: 19360K (40%)
----------------- Invoking toplevel() on ptolemy.moml.MoMLSimpleApplication@5386551e
----------------- Done invoking toplevel() on ptolemy.moml.MoMLSimpleApplication@5386551e
reloadAllAccessors: .CausalityInterface1

===========================================================================================
----------------- testing Sun Dec 01 06:24:06 UTC 2019 /home/travis/build/icyphy/ptII/ptolemy/domains/de/test/auto/CausalityInterface15.xml
----------------- Instantiating /home/travis/build/icyphy/ptII/ptolemy/domains/de/test/auto/CausalityInterface15.xml
3 ms. Memory: 48128K Free: 14045K (29%)
----------------- Invoking toplevel() on ptolemy.moml.MoMLSimpleApplication@106f002b
----------------- Done invoking toplevel() on ptolemy.moml.MoMLSimpleApplication@106f002b
reloadAllAccessors: .CausalityInterface15

===========================================================================================
----------------- testing Sun Dec 01 06:24:06 UTC 2019 /home/travis/build/icyphy/ptII/ptolemy/domains/de/test/auto/CausalityInterface2.xml
----------------- Instantiating /home/travis/build/icyphy/ptII/ptolemy/domains/de/test/auto/CausalityInterface2.xml
2 ms. Memory: 48128K Free: 9489K (20%)
[...]
	at ptolemy.actor.Manager.run(Manager.java:1263)
	at ptolemy.actor.Manager$PtolemyRunThread.run(Manager.java:1933)
java.lang.RuntimeException: Execution failed
	at ptolemy.moml.MoMLSimpleApplication$UnloadThread.run(MoMLSimpleApplication.java:402)
Caused by: ptolemy.kernel.util.IllegalActionException: Actor is not ready to fire.  Perhaps UpSample.prefire() returned false? Try debugging the actor by selecting "Listen to Actor".  Also, for SDF check moml for tokenConsumptionRate on input.
  in .DESDFClockTest.Play Bell.Copy1:SDF Director and .DESDFClockTest.Play Bell.UpSample
	at ptolemy.actor.sched.StaticSchedulingDirector.fire(StaticSchedulingDirector.java:227)
	at ptolemy.domains.sdf.kernel.SDFDirector.fire(SDFDirector.java:500)
	at ptolemy.actor.CompositeActor.fire(CompositeActor.java:455)
	at ptolemy.domains.de.kernel.DEDirector._fire(DEDirector.java:1949)
	at ptolemy.domains.de.kernel.DEDirector.fire(DEDirector.java:502)
	at ptolemy.actor.CompositeActor.fire(CompositeActor.java:455)
	at ptolemy.actor.Manager.iterate(Manager.java:851)
	at ptolemy.actor.Manager.execute(Manager.java:369)
	at ptolemy.actor.Manager.run(Manager.java:1263)
	at ptolemy.actor.Manager$PtolemyRunThread.run(Manager.java:1933)
java.lang.reflect.InvocationTargetException
	at java.base/jdk.internal.reflect.NativeConstructorAccessorImpl.newInstance0(Native Method)
	at java.base/jdk.internal.reflect.NativeConstructorAccessorImpl.newInstance(NativeConstructorAccessorImpl.java:62)
	at java.base/jdk.internal.reflect.DelegatingConstructorAccessorImpl.newInstance(DelegatingConstructorAccessorImpl.java:45)
	at java.base/java.lang.reflect.Constructor.newInstance(Constructor.java:490)
	at ptolemy.util.test.junit.AutoKnownFailedTests.RunModel(AutoKnownFailedTests.java:105)
	at java.base/jdk.internal.reflect.NativeMethodAccessorImpl.invoke0(Native Method)
	at java.base/jdk.internal.reflect.NativeMethodAccessorImpl.invoke(NativeMethodAccessorImpl.java:62)
	at java.base/jdk.internal.reflect.DelegatingMethodAccessorImpl.invoke(DelegatingMethodAccessorImpl.java:43)
	at java.base/java.lang.reflect.Method.invoke(Method.java:566)
	at org.junit.runners.model.FrameworkMethod$1.runReflectiveCall(FrameworkMethod.java:44)
	at org.junit.internal.runners.model.ReflectiveCallable.run(ReflectiveCallable.java:15)
	at org.junit.runners.model.FrameworkMethod.invokeExplosively(FrameworkMethod.java:41)
	at junitparams.internal.InvokeParameterisedMethod.evaluate(InvokeParameterisedMethod.java:102)
	at org.junit.internal.runners.statements.FailOnTimeout$1.run(FailOnTimeout.java:28)
Caused by: ptolemy.kernel.util.IllegalActionException: Actor is not ready to fire.  Perhaps UpSample.prefire() returned false? Try debugging the actor by selecting "Listen to Actor".  Also, for SDF check moml for tokenConsumptionRate on input.
  in .DESDFClockTest.Play Bell.Copy1:SDF Director and .DESDFClockTest.Play Bell.UpSample
	at ptolemy.actor.sched.StaticSchedulingDirector.fire(StaticSchedulingDirector.java:227)
	at ptolemy.domains.sdf.kernel.SDFDirector.fire(SDFDirector.java:500)
	at ptolemy.actor.CompositeActor.fire(CompositeActor.java:455)
	at ptolemy.domains.de.kernel.DEDirector._fire(DEDirector.java:1949)
	at ptolemy.domains.de.kernel.DEDirector.fire(DEDirector.java:502)
	at ptolemy.actor.CompositeActor.fire(CompositeActor.java:455)
	at ptolemy.actor.Manager.iterate(Manager.java:851)
	at ptolemy.actor.Manager.execute(Manager.java:369)
	at ptolemy.actor.Manager.run(Manager.java:1263)
	at ptolemy.actor.Manager$PtolemyRunThread.run(Manager.java:1933)
java.lang.RuntimeException: Execution failed
	at ptolemy.moml.MoMLSimpleApplication$UnloadThread.run(MoMLSimpleApplication.java:402)
Caused by: ptolemy.kernel.util.IllegalActionException: Test fails in iteration 1.
Value was: 1.0. Should have been: 2.0
  in .DirectFeedback.Test
	at ptolemy.actor.lib.Test.fire(Test.java:268)
	at ptolemy.domains.de.kernel.DEDirector._fire(DEDirector.java:1949)
	at ptolemy.domains.de.kernel.DEDirector.fire(DEDirector.java:502)
	at ptolemy.actor.CompositeActor.fire(CompositeActor.java:455)
	at ptolemy.actor.Manager.iterate(Manager.java:851)
	at ptolemy.actor.Manager.execute(Manager.java:369)
	at ptolemy.actor.Manager.run(Manager.java:1263)
	at ptolemy.actor.Manager$PtolemyRunThread.run(Manager.java:1933)
java.lang.reflect.InvocationTargetException
	at java.base/jdk.internal.reflect.NativeConstructorAccessorImpl.newInstance0(Native Method)
	at java.base/jdk.internal.reflect.NativeConstructorAccessorImpl.newInstance(NativeConstructorAccessorImpl.java:62)
	at java.base/jdk.internal.reflect.DelegatingConstructorAccessorImpl.newInstance(DelegatingConstructorAccessorImpl.java:45)
	at java.base/java.lang.reflect.Constructor.newInstance(Constructor.java:490)
	at ptolemy.util.test.junit.AutoKnownFailedTests.RunModel(AutoKnownFailedTests.java:105)
	at java.base/jdk.internal.reflect.NativeMethodAccessorImpl.invoke0(Native Method)
	at java.base/jdk.internal.reflect.NativeMethodAccessorImpl.invoke(NativeMethodAccessorImpl.java:62)
	at java.base/jdk.internal.reflect.DelegatingMethodAccessorImpl.invoke(DelegatingMethodAccessorImpl.java:43)
	at java.base/java.lang.reflect.Method.invoke(Method.java:566)
	at org.junit.runners.model.FrameworkMethod$1.runReflectiveCall(FrameworkMethod.java:44)
	at org.junit.internal.runners.model.ReflectiveCallable.run(ReflectiveCallable.java:15)
	at org.junit.runners.model.FrameworkMethod.invokeExplosively(FrameworkMethod.java:41)
	at junitparams.internal.InvokeParameterisedMethod.evaluate(InvokeParameterisedMethod.java:102)
	at org.junit.internal.runners.statements.FailOnTimeout$1.run(FailOnTimeout.java:28)
Caused by: ptolemy.kernel.util.IllegalActionException: Test fails in iteration 1.
Value was: 1.0. Should have been: 2.0
  in .DirectFeedback.Test
	at ptolemy.actor.lib.Test.fire(Test.java:268)
	at ptolemy.domains.de.kernel.DEDirector._fire(DEDirector.java:1949)
	at ptolemy.domains.de.kernel.DEDirector.fire(DEDirector.java:502)
	at ptolemy.actor.CompositeActor.fire(CompositeActor.java:455)
	at ptolemy.actor.Manager.iterate(Manager.java:851)
	at ptolemy.actor.Manager.execute(Manager.java:369)
	at ptolemy.actor.Manager.run(Manager.java:1263)
	at ptolemy.actor.Manager$PtolemyRunThread.run(Manager.java:1933)
java.lang.RuntimeException: Execution failed
	at ptolemy.moml.MoMLSimpleApplication$UnloadThread.run(MoMLSimpleApplication.java:402)
Caused by: ptolemy.kernel.util.IllegalActionException: Found a zero delay loop containing .HierarchicalModel.A
  in .HierarchicalModel and .HierarchicalModel.A
	at ptolemy.actor.util.CausalityInterfaceForComposites._computeOutputPortDepth(CausalityInterfaceForComposites.java:759)
	at ptolemy.actor.util.CausalityInterfaceForComposites._computeInputDepth(CausalityInterfaceForComposites.java:696)
	at ptolemy.actor.util.CausalityInterfaceForComposites._computeOutputPortDepth(CausalityInterfaceForComposites.java:765)
	at ptolemy.actor.util.CausalityInterfaceForComposites._computeInputDepth(CausalityInterfaceForComposites.java:696)
	at ptolemy.actor.util.CausalityInterfaceForComposites._computeOutputPortDepth(CausalityInterfaceForComposites.java:765)
	at ptolemy.actor.util.CausalityInterfaceForComposites._computeInputDepth(CausalityInterfaceForComposites.java:696)
	at ptolemy.actor.util.CausalityInterfaceForComposites._computeActorDepth(CausalityInterfaceForComposites.java:532)
	at ptolemy.actor.util.CausalityInterfaceForComposites.checkForCycles(CausalityInterfaceForComposites.java:96)
	at ptolemy.domains.de.kernel.DEDirector.preinitialize(DEDirector.java:1338)
	at ptolemy.actor.CompositeActor.preinitialize(CompositeActor.java:1828)
	at ptolemy.actor.Manager.preinitializeAndResolveTypes(Manager.java:1040)
	at ptolemy.actor.Manager.initialize(Manager.java:710)
	at ptolemy.actor.Manager.execute(Manager.java:356)
	at ptolemy.actor.Manager.run(Manager.java:1263)
	at ptolemy.actor.Manager$PtolemyRunThread.run(Manager.java:1933)
java.lang.reflect.InvocationTargetException
	at java.base/jdk.internal.reflect.NativeConstructorAccessorImpl.newInstance0(Native Method)
	at java.base/jdk.internal.reflect.NativeConstructorAccessorImpl.newInstance(NativeConstructorAccessorImpl.java:62)
	at java.base/jdk.internal.reflect.DelegatingConstructorAccessorImpl.newInstance(DelegatingConstructorAccessorImpl.java:45)
	at java.base/java.lang.reflect.Constructor.newInstance(Constructor.java:490)
	at ptolemy.util.test.junit.AutoKnownFailedTests.RunModel(AutoKnownFailedTests.java:105)
	at java.base/jdk.internal.reflect.NativeMethodAccessorImpl.invoke0(Native Method)
	at java.base/jdk.internal.reflect.NativeMethodAccessorImpl.invoke(NativeMethodAccessorImpl.java:62)
	at java.base/jdk.internal.reflect.DelegatingMethodAccessorImpl.invoke(DelegatingMethodAccessorImpl.java:43)
	at java.base/java.lang.reflect.Method.invoke(Method.java:566)
	at org.junit.runners.model.FrameworkMethod$1.runReflectiveCall(FrameworkMethod.java:44)
	at org.junit.internal.runners.model.ReflectiveCallable.run(ReflectiveCallable.java:15)
	at org.junit.runners.model.FrameworkMethod.invokeExplosively(FrameworkMethod.java:41)
	at junitparams.internal.InvokeParameterisedMethod.evaluate(InvokeParameterisedMethod.java:102)
	at org.junit.internal.runners.statements.FailOnTimeout$1.run(FailOnTimeout.java:28)
Caused by: ptolemy.kernel.util.IllegalActionException: Found a zero delay loop containing .HierarchicalModel.A
  in .HierarchicalModel and .HierarchicalModel.A
	at ptolemy.actor.util.CausalityInterfaceForComposites._computeOutputPortDepth(CausalityInterfaceForComposites.java:759)
	at ptolemy.actor.util.CausalityInterfaceForComposites._computeInputDepth(CausalityInterfaceForComposites.java:696)
	at ptolemy.actor.util.CausalityInterfaceForComposites._computeOutputPortDepth(CausalityInterfaceForComposites.java:765)
	at ptolemy.actor.util.CausalityInterfaceForComposites._computeInputDepth(CausalityInterfaceForComposites.java:696)
	at ptolemy.actor.util.CausalityInterfaceForComposites._computeOutputPortDepth(CausalityInterfaceForComposites.java:765)
	at ptolemy.actor.util.CausalityInterfaceForComposites._computeInputDepth(CausalityInterfaceForComposites.java:696)
	at ptolemy.actor.util.CausalityInterfaceForComposites._computeActorDepth(CausalityInterfaceForComposites.java:532)
	at ptolemy.actor.util.CausalityInterfaceForComposites.checkForCycles(CausalityInterfaceForComposites.java:96)
	at ptolemy.domains.de.kernel.DEDirector.preinitialize(DEDirector.java:1338)
	at ptolemy.actor.CompositeActor.preinitialize(CompositeActor.java:1828)
	at ptolemy.actor.Manager.preinitializeAndResolveTypes(Manager.java:1040)
	at ptolemy.actor.Manager.initialize(Manager.java:710)
	at ptolemy.actor.Manager.execute(Manager.java:356)
	at ptolemy.actor.Manager.run(Manager.java:1263)
	at ptolemy.actor.Manager$PtolemyRunThread.run(Manager.java:1933)
java.lang.RuntimeException: Execution failed
	at ptolemy.moml.MoMLSimpleApplication$UnloadThread.run(MoMLSimpleApplication.java:402)
Caused by: ptolemy.kernel.util.IllegalActionException: Found a zero delay loop containing .dependencyLoop.original
  in .dependencyLoop and .dependencyLoop.original
	at ptolemy.actor.util.CausalityInterfaceForComposites._computeOutputPortDepth(CausalityInterfaceForComposites.java:759)
	at ptolemy.actor.util.CausalityInterfaceForComposites._computeInputDepth(CausalityInterfaceForComposites.java:696)
	at ptolemy.actor.util.CausalityInterfaceForComposites._computeOutputPortDepth(CausalityInterfaceForComposites.java:765)
	at ptolemy.actor.util.CausalityInterfaceForComposites._computeInputDepth(CausalityInterfaceForComposites.java:696)
	at ptolemy.actor.util.CausalityInterfaceForComposites._computeOutputPortDepth(CausalityInterfaceForComposites.java:765)
	at ptolemy.actor.util.CausalityInterfaceForComposites._computeInputDepth(CausalityInterfaceForComposites.java:696)
	at ptolemy.actor.util.CausalityInterfaceForComposites._computeActorDepth(CausalityInterfaceForComposites.java:532)
	at ptolemy.actor.util.CausalityInterfaceForComposites.checkForCycles(CausalityInterfaceForComposites.java:96)
	at ptolemy.domains.de.kernel.DEDirector.preinitialize(DEDirector.java:1338)
	at ptolemy.actor.CompositeActor.preinitialize(CompositeActor.java:1828)
	at ptolemy.actor.Manager.preinitializeAndResolveTypes(Manager.java:1040)
	at ptolemy.actor.Manager.initialize(Manager.java:710)
	at ptolemy.actor.Manager.execute(Manager.java:356)
	at ptolemy.actor.Manager.run(Manager.java:1263)
	at ptolemy.actor.Manager$PtolemyRunThread.run(Manager.java:1933)
java.lang.reflect.InvocationTargetException
	at java.base/jdk.internal.reflect.NativeConstructorAccessorImpl.newInstance0(Native Method)
	at java.base/jdk.internal.reflect.NativeConstructorAccessorImpl.newInstance(NativeConstructorAccessorImpl.java:62)
	at java.base/jdk.internal.reflect.DelegatingConstructorAccessorImpl.newInstance(DelegatingConstructorAccessorImpl.java:45)
	at java.base/java.lang.reflect.Constructor.newInstance(Constructor.java:490)
	at ptolemy.util.test.junit.AutoKnownFailedTests.RunModel(AutoKnownFailedTests.java:105)
	at java.base/jdk.internal.reflect.NativeMethodAccessorImpl.invoke0(Native Method)
	at java.base/jdk.internal.reflect.NativeMethodAccessorImpl.invoke(NativeMethodAccessorImpl.java:62)
	at java.base/jdk.internal.reflect.DelegatingMethodAccessorImpl.invoke(DelegatingMethodAccessorImpl.java:43)
	at java.base/java.lang.reflect.Method.invoke(Method.java:566)
	at org.junit.runners.model.FrameworkMethod$1.runReflectiveCall(FrameworkMethod.java:44)
	at org.junit.internal.runners.model.ReflectiveCallable.run(ReflectiveCallable.java:15)
	at org.junit.runners.model.FrameworkMethod.invokeExplosively(FrameworkMethod.java:41)
	at junitparams.internal.InvokeParameterisedMethod.evaluate(InvokeParameterisedMethod.java:102)
	at org.junit.internal.runners.statements.FailOnTimeout$1.run(FailOnTimeout.java:28)
Caused by: ptolemy.kernel.util.IllegalActionException: Found a zero delay loop containing .dependencyLoop.original
  in .dependencyLoop and .dependencyLoop.original
	at ptolemy.actor.util.CausalityInterfaceForComposites._computeOutputPortDepth(CausalityInterfaceForComposites.java:759)
	at ptolemy.actor.util.CausalityInterfaceForComposites._computeInputDepth(CausalityInterfaceForComposites.java:696)
	at ptolemy.actor.util.CausalityInterfaceForComposites._computeOutputPortDepth(CausalityInterfaceForComposites.java:765)
	at ptolemy.actor.util.CausalityInterfaceForComposites._computeInputDepth(CausalityInterfaceForComposites.java:696)
	at ptolemy.actor.util.CausalityInterfaceForComposites._computeOutputPortDepth(CausalityInterfaceForComposites.java:765)
	at ptolemy.actor.util.CausalityInterfaceForComposites._computeInputDepth(CausalityInterfaceForComposites.java:696)
	at ptolemy.actor.util.CausalityInterfaceForComposites._computeActorDepth(CausalityInterfaceForComposites.java:532)
	at ptolemy.actor.util.CausalityInterfaceForComposites.checkForCycles(CausalityInterfaceForComposites.java:96)
	at ptolemy.domains.de.kernel.DEDirector.preinitialize(DEDirector.java:1338)
	at ptolemy.actor.CompositeActor.preinitialize(CompositeActor.java:1828)
	at ptolemy.actor.Manager.preinitializeAndResolveTypes(Manager.java:1040)
	at ptolemy.actor.Manager.initialize(Manager.java:710)
	at ptolemy.actor.Manager.execute(Manager.java:356)
	at ptolemy.actor.Manager.run(Manager.java:1263)
	at ptolemy.actor.Manager$PtolemyRunThread.run(Manager.java:1933)
java.lang.RuntimeException: Execution failed
	at ptolemy.moml.MoMLSimpleApplication$UnloadThread.run(MoMLSimpleApplication.java:402)
Caused by: ptolemy.kernel.util.IllegalActionException: Found a zero delay loop containing .dependencyLoop2.original
  in .dependencyLoop2 and .dependencyLoop2.original
	at ptolemy.actor.util.CausalityInterfaceForComposites._computeOutputPortDepth(CausalityInterfaceForComposites.java:759)
	at ptolemy.actor.util.CausalityInterfaceForComposites._computeInputDepth(CausalityInterfaceForComposites.java:696)
	at ptolemy.actor.util.CausalityInterfaceForComposites._computeOutputPortDepth(CausalityInterfaceForComposites.java:765)
	at ptolemy.actor.util.CausalityInterfaceForComposites._computeInputDepth(CausalityInterfaceForComposites.java:696)
	at ptolemy.actor.util.CausalityInterfaceForComposites._computeOutputPortDepth(CausalityInterfaceForComposites.java:765)
	at ptolemy.actor.util.CausalityInterfaceForComposites._computeInputDepth(CausalityInterfaceForComposites.java:696)
	at ptolemy.actor.util.CausalityInterfaceForComposites._computeActorDepth(CausalityInterfaceForComposites.java:532)
	at ptolemy.actor.util.CausalityInterfaceForComposites.checkForCycles(CausalityInterfaceForComposites.java:96)
	at ptolemy.domains.de.kernel.DEDirector.preinitialize(DEDirector.java:1338)
	at ptolemy.actor.CompositeActor.preinitialize(CompositeActor.java:1828)
	at ptolemy.actor.Manager.preinitializeAndResolveTypes(Manager.java:1040)
	at ptolemy.actor.Manager.initialize(Manager.java:710)
	at ptolemy.actor.Manager.execute(Manager.java:356)
	at ptolemy.actor.Manager.run(Manager.java:1263)
	at ptolemy.actor.Manager$PtolemyRunThread.run(Manager.java:1933)
java.lang.reflect.InvocationTargetException
	at java.base/jdk.internal.reflect.NativeConstructorAccessorImpl.newInstance0(Native Method)
	at java.base/jdk.internal.reflect.NativeConstructorAccessorImpl.newInstance(NativeConstructorAccessorImpl.java:62)
	at java.base/jdk.internal.reflect.DelegatingConstructorAccessorImpl.newInstance(DelegatingConstructorAccessorImpl.java:45)
	at java.base/java.lang.reflect.Constructor.newInstance(Constructor.java:490)
	at ptolemy.util.test.junit.AutoKnownFailedTests.RunModel(AutoKnownFailedTests.java:105)
	at java.base/jdk.internal.reflect.NativeMethodAccessorImpl.invoke0(Native Method)
	at java.base/jdk.internal.reflect.NativeMethodAccessorImpl.invoke(NativeMethodAccessorImpl.java:62)
	at java.base/jdk.internal.reflect.DelegatingMethodAccessorImpl.invoke(DelegatingMethodAccessorImpl.java:43)
	at java.base/java.lang.reflect.Method.invoke(Method.java:566)
	at org.junit.runners.model.FrameworkMethod$1.runReflectiveCall(FrameworkMethod.java:44)
	at org.junit.internal.runners.model.ReflectiveCallable.run(ReflectiveCallable.java:15)
	at org.junit.runners.model.FrameworkMethod.invokeExplosively(FrameworkMethod.java:41)
	at junitparams.internal.InvokeParameterisedMethod.evaluate(InvokeParameterisedMethod.java:102)
	at org.junit.internal.runners.statements.FailOnTimeout$1.run(FailOnTimeout.java:28)
Caused by: ptolemy.kernel.util.IllegalActionException: Found a zero delay loop containing .dependencyLoop2.original
  in .dependencyLoop2 and .dependencyLoop2.original
	at ptolemy.actor.util.CausalityInterfaceForComposites._computeOutputPortDepth(CausalityInterfaceForComposites.java:759)
	at ptolemy.actor.util.CausalityInterfaceForComposites._computeInputDepth(CausalityInterfaceForComposites.java:696)
	at ptolemy.actor.util.CausalityInterfaceForComposites._computeOutputPortDepth(CausalityInterfaceForComposites.java:765)
	at ptolemy.actor.util.CausalityInterfaceForComposites._computeInputDepth(CausalityInterfaceForComposites.java:696)
	at ptolemy.actor.util.CausalityInterfaceForComposites._computeOutputPortDepth(CausalityInterfaceForComposites.java:765)
	at ptolemy.actor.util.CausalityInterfaceForComposites._computeInputDepth(CausalityInterfaceForComposites.java:696)
	at ptolemy.actor.util.CausalityInterfaceForComposites._computeActorDepth(CausalityInterfaceForComposites.java:532)
	at ptolemy.actor.util.CausalityInterfaceForComposites.checkForCycles(CausalityInterfaceForComposites.java:96)
	at ptolemy.domains.de.kernel.DEDirector.preinitialize(DEDirector.java:1338)
	at ptolemy.actor.CompositeActor.preinitialize(CompositeActor.java:1828)
	at ptolemy.actor.Manager.preinitializeAndResolveTypes(Manager.java:1040)
	at ptolemy.actor.Manager.initialize(Manager.java:710)
	at ptolemy.actor.Manager.execute(Manager.java:356)
	at ptolemy.actor.Manager.run(Manager.java:1263)
	at ptolemy.actor.Manager$PtolemyRunThread.run(Manager.java:1933)
]]></system-err>
</testsuite>
