<?xml version="1.0" encoding="UTF-8" ?>
<testsuite errors="0" failures="0" hostname="travis-job-5b053927-ff9e-4f49-ba85-ddd11a5dff50" name="ptolemy.domains.de.test.junit.JUnitTclTest" skipped="0" tests="101" time="120.669" timestamp="2020-08-17T15:26:59">
  <properties>
[...]
</properties>
  <testcase classname="ptolemy.util.test.junit.TclTests" name="[0] /home/travis/build/icyphy/ptII/ptolemy/domains/de/test/DependencyLoop.tcl (RunTclFile)" time="0.997" />
  <testcase classname="ptolemy.util.test.junit.TclTests" name="[1] /home/travis/build/icyphy/ptII/ptolemy/domains/de/test/RunDETestsAsQSS.tcl (RunTclFile)" time="80.82" />
  <testcase classname="ptolemy.util.test.junit.AutoKnownFailedTests" name="[0] /home/travis/build/icyphy/ptII/ptolemy/domains/de/test/auto/knownFailedTests/DESDFClockTest.xml (RunModel)" time="2.039" />
  <testcase classname="ptolemy.util.test.junit.AutoKnownFailedTests" name="[1] /home/travis/build/icyphy/ptII/ptolemy/domains/de/test/auto/knownFailedTests/DirectFeedback.xml (RunModel)" time="0.028" />
  <testcase classname="ptolemy.util.test.junit.AutoKnownFailedTests" name="[2] /home/travis/build/icyphy/ptII/ptolemy/domains/de/test/auto/knownFailedTests/FSMSource.xml (RunModel)" time="0.029" />
  <testcase classname="ptolemy.util.test.junit.AutoKnownFailedTests" name="[3] /home/travis/build/icyphy/ptII/ptolemy/domains/de/test/auto/knownFailedTests/HierarchicalModel.xml (RunModel)" time="0.046" />
  <testcase classname="ptolemy.util.test.junit.AutoKnownFailedTests" name="[4] /home/travis/build/icyphy/ptII/ptolemy/domains/de/test/auto/knownFailedTests/dependencyLoop.xml (RunModel)" time="0.038" />
  <testcase classname="ptolemy.util.test.junit.AutoKnownFailedTests" name="[5] /home/travis/build/icyphy/ptII/ptolemy/domains/de/test/auto/knownFailedTests/dependencyLoop2.xml (RunModel)" time="0.067" />
  <testcase classname="ptolemy.util.test.junit.AutoNameArchTests" name="[0] ThereAreNoAutoArchTests (RunModel)" time="0.001" />
  <testcase classname="ptolemy.util.test.junit.AutoTests" name="[0] /home/travis/build/icyphy/ptII/ptolemy/domains/de/test/auto/ActorDepthCalculation_actorWithoutPorts.xml (RunModel)" time="0.027" />
  <testcase classname="ptolemy.util.test.junit.AutoTests" name="[1] /home/travis/build/icyphy/ptII/ptolemy/domains/de/test/auto/AssemblyLine.xml (RunModel)" time="0.02" />
  <testcase classname="ptolemy.util.test.junit.AutoTests" name="[2] /home/travis/build/icyphy/ptII/ptolemy/domains/de/test/auto/CQBug1.xml (RunModel)" time="0.009" />
  <testcase classname="ptolemy.util.test.junit.AutoTests" name="[3] /home/travis/build/icyphy/ptII/ptolemy/domains/de/test/auto/CancelFireAt.xml (RunModel)" time="0.014" />
  <testcase classname="ptolemy.util.test.junit.AutoTests" name="[4] /home/travis/build/icyphy/ptII/ptolemy/domains/de/test/auto/CausalityAndComposabilityAnalysis.xml (RunModel)" time="0.01" />
  <testcase classname="ptolemy.util.test.junit.AutoTests" name="[5] /home/travis/build/icyphy/ptII/ptolemy/domains/de/test/auto/CausalityInterface1.xml (RunModel)" time="0.025" />
  <testcase classname="ptolemy.util.test.junit.AutoTests" name="[6] /home/travis/build/icyphy/ptII/ptolemy/domains/de/test/auto/CausalityInterface15.xml (RunModel)" time="0.016" />
  <testcase classname="ptolemy.util.test.junit.AutoTests" name="[7] /home/travis/build/icyphy/ptII/ptolemy/domains/de/test/auto/CausalityInterface2.xml (RunModel)" time="0.016" />
  <testcase classname="ptolemy.util.test.junit.AutoTests" name="[8] /home/travis/build/icyphy/ptII/ptolemy/domains/de/test/auto/CausalityInterface3.xml (RunModel)" time="0.016" />
  <testcase classname="ptolemy.util.test.junit.AutoTests" name="[9] /home/travis/build/icyphy/ptII/ptolemy/domains/de/test/auto/ClockDrift.xml (RunModel)" time="0.038" />
  <testcase classname="ptolemy.util.test.junit.AutoTests" name="[10] /home/travis/build/icyphy/ptII/ptolemy/domains/de/test/auto/ClockDriftAndValueChange.xml (RunModel)" time="0.031" />
  <testcase classname="ptolemy.util.test.junit.AutoTests" name="[11] /home/travis/build/icyphy/ptII/ptolemy/domains/de/test/auto/ClockDriftChange.xml (RunModel)" time="0.03" />
  <testcase classname="ptolemy.util.test.junit.AutoTests" name="[12] /home/travis/build/icyphy/ptII/ptolemy/domains/de/test/auto/ComposableCausalityAnalysis.xml (RunModel)" time="0.015" />
  <testcase classname="ptolemy.util.test.junit.AutoTests" name="[13] /home/travis/build/icyphy/ptII/ptolemy/domains/de/test/auto/DEFixedPointLimitation.xml (RunModel)" time="0.012" />
  <testcase classname="ptolemy.util.test.junit.AutoTests" name="[14] /home/travis/build/icyphy/ptII/ptolemy/domains/de/test/auto/DEScheduleTest.xml (RunModel)" time="0.013" />
  <testcase classname="ptolemy.util.test.junit.AutoTests" name="[15] /home/travis/build/icyphy/ptII/ptolemy/domains/de/test/auto/DEinDEwithStartTimes.xml (RunModel)" time="0.016" />
  <testcase classname="ptolemy.util.test.junit.AutoTests" name="[16] /home/travis/build/icyphy/ptII/ptolemy/domains/de/test/auto/DEinDEwithStartTimes2.xml (RunModel)" time="0.016" />
  <testcase classname="ptolemy.util.test.junit.AutoTests" name="[17] /home/travis/build/icyphy/ptII/ptolemy/domains/de/test/auto/DateDemo.xml (RunModel)" time="0.03" />
  <testcase classname="ptolemy.util.test.junit.AutoTests" name="[18] /home/travis/build/icyphy/ptII/ptolemy/domains/de/test/auto/DateToEvent.xml (RunModel)" time="2.047" />
  <testcase classname="ptolemy.util.test.junit.AutoTests" name="[19] /home/travis/build/icyphy/ptII/ptolemy/domains/de/test/auto/DepthTest1.xml (RunModel)" time="0.006" />
  <testcase classname="ptolemy.util.test.junit.AutoTests" name="[20] /home/travis/build/icyphy/ptII/ptolemy/domains/de/test/auto/DepthTest2.xml (RunModel)" time="0.019" />
  <testcase classname="ptolemy.util.test.junit.AutoTests" name="[21] /home/travis/build/icyphy/ptII/ptolemy/domains/de/test/auto/DepthTest3.xml (RunModel)" time="0.007" />
  <testcase classname="ptolemy.util.test.junit.AutoTests" name="[22] /home/travis/build/icyphy/ptII/ptolemy/domains/de/test/auto/DepthTest4.xml (RunModel)" time="0.014" />
  <testcase classname="ptolemy.util.test.junit.AutoTests" name="[23] /home/travis/build/icyphy/ptII/ptolemy/domains/de/test/auto/DepthTest5.xml (RunModel)" time="0.017" />
  <testcase classname="ptolemy.util.test.junit.AutoTests" name="[24] /home/travis/build/icyphy/ptII/ptolemy/domains/de/test/auto/DepthTest6.xml (RunModel)" time="0.011" />
  <testcase classname="ptolemy.util.test.junit.AutoTests" name="[25] /home/travis/build/icyphy/ptII/ptolemy/domains/de/test/auto/DepthTest7.xml (RunModel)" time="0.01" />
  <testcase classname="ptolemy.util.test.junit.AutoTests" name="[26] /home/travis/build/icyphy/ptII/ptolemy/domains/de/test/auto/EventToDate.xml (RunModel)" time="3.051" />
  <testcase classname="ptolemy.util.test.junit.AutoTests" name="[27] /home/travis/build/icyphy/ptII/ptolemy/domains/de/test/auto/FSM1.xml (RunModel)" time="0.038" />
  <testcase classname="ptolemy.util.test.junit.AutoTests" name="[28] /home/travis/build/icyphy/ptII/ptolemy/domains/de/test/auto/FSM7.xml (RunModel)" time="0.048" />
  <testcase classname="ptolemy.util.test.junit.AutoTests" name="[29] /home/travis/build/icyphy/ptII/ptolemy/domains/de/test/auto/Inspection.xml (RunModel)" time="0.043" />
  <testcase classname="ptolemy.util.test.junit.AutoTests" name="[30] /home/travis/build/icyphy/ptII/ptolemy/domains/de/test/auto/Iteration.xml (RunModel)" time="0.025" />
  <testcase classname="ptolemy.util.test.junit.AutoTests" name="[31] /home/travis/build/icyphy/ptII/ptolemy/domains/de/test/auto/LineFault.xml (RunModel)" time="0.534" />
  <testcase classname="ptolemy.util.test.junit.AutoTests" name="[32] /home/travis/build/icyphy/ptII/ptolemy/domains/de/test/auto/MergeModel1Add.xml (RunModel)" time="0.038" />
  <testcase classname="ptolemy.util.test.junit.AutoTests" name="[33] /home/travis/build/icyphy/ptII/ptolemy/domains/de/test/auto/MergeModel2Add.xml (RunModel)" time="0.032" />
  <testcase classname="ptolemy.util.test.junit.AutoTests" name="[34] /home/travis/build/icyphy/ptII/ptolemy/domains/de/test/auto/MergeModel3Add.xml (RunModel)" time="0.036" />
  <testcase classname="ptolemy.util.test.junit.AutoTests" name="[35] /home/travis/build/icyphy/ptII/ptolemy/domains/de/test/auto/MergeWithoutDiscard.xml (RunModel)" time="0.01" />
  <testcase classname="ptolemy.util.test.junit.AutoTests" name="[36] /home/travis/build/icyphy/ptII/ptolemy/domains/de/test/auto/Modal1.xml (RunModel)" time="0.032" />
  <testcase classname="ptolemy.util.test.junit.AutoTests" name="[37] /home/travis/build/icyphy/ptII/ptolemy/domains/de/test/auto/Modal2.xml (RunModel)" time="0.029" />
  <testcase classname="ptolemy.util.test.junit.AutoTests" name="[38] /home/travis/build/icyphy/ptII/ptolemy/domains/de/test/auto/Modal3.xml (RunModel)" time="0.026" />
  <testcase classname="ptolemy.util.test.junit.AutoTests" name="[39] /home/travis/build/icyphy/ptII/ptolemy/domains/de/test/auto/Modal4.xml (RunModel)" time="0.032" />
  <testcase classname="ptolemy.util.test.junit.AutoTests" name="[40] /home/travis/build/icyphy/ptII/ptolemy/domains/de/test/auto/Modal5.xml (RunModel)" time="0.03" />
  <testcase classname="ptolemy.util.test.junit.AutoTests" name="[41] /home/travis/build/icyphy/ptII/ptolemy/domains/de/test/auto/Modal6.xml (RunModel)" time="0.026" />
  <testcase classname="ptolemy.util.test.junit.AutoTests" name="[42] /home/travis/build/icyphy/ptII/ptolemy/domains/de/test/auto/Modal7.xml (RunModel)" time="0.027" />
  <testcase classname="ptolemy.util.test.junit.AutoTests" name="[43] /home/travis/build/icyphy/ptII/ptolemy/domains/de/test/auto/ModalModel.xml (RunModel)" time="0.172" />
  <testcase classname="ptolemy.util.test.junit.AutoTests" name="[44] /home/travis/build/icyphy/ptII/ptolemy/domains/de/test/auto/ModalSource.xml (RunModel)" time="0.022" />
  <testcase classname="ptolemy.util.test.junit.AutoTests" name="[45] /home/travis/build/icyphy/ptII/ptolemy/domains/de/test/auto/NonInterruptibleTimerZeroDelay.xml (RunModel)" time="0.009" />
  <testcase classname="ptolemy.util.test.junit.AutoTests" name="[46] /home/travis/build/icyphy/ptII/ptolemy/domains/de/test/auto/OpenQueueingNetwork.xml (RunModel)" time="2.436" />
  <testcase classname="ptolemy.util.test.junit.AutoTests" name="[47] /home/travis/build/icyphy/ptII/ptolemy/domains/de/test/auto/OpenQueuingNetwork.xml (RunModel)" time="0.248" />
  <testcase classname="ptolemy.util.test.junit.AutoTests" name="[48] /home/travis/build/icyphy/ptII/ptolemy/domains/de/test/auto/PeriodicSampler.xml (RunModel)" time="0.015" />
  <testcase classname="ptolemy.util.test.junit.AutoTests" name="[49] /home/travis/build/icyphy/ptII/ptolemy/domains/de/test/auto/PersistentIO.xml (RunModel)" time="0.019" />
  <testcase classname="ptolemy.util.test.junit.AutoTests" name="[50] /home/travis/build/icyphy/ptII/ptolemy/domains/de/test/auto/PortParameterResetOnInitialize.xml (RunModel)" time="0.009" />
  <testcase classname="ptolemy.util.test.junit.AutoTests" name="[51] /home/travis/build/icyphy/ptII/ptolemy/domains/de/test/auto/PortParameterUpdates.xml (RunModel)" time="0.011" />
  <testcase classname="ptolemy.util.test.junit.AutoTests" name="[52] /home/travis/build/icyphy/ptII/ptolemy/domains/de/test/auto/QueueAndServer.xml (RunModel)" time="0.018" />
  <testcase classname="ptolemy.util.test.junit.AutoTests" name="[53] /home/travis/build/icyphy/ptII/ptolemy/domains/de/test/auto/Records.xml (RunModel)" time="0.013" />
  <testcase classname="ptolemy.util.test.junit.AutoTests" name="[54] /home/travis/build/icyphy/ptII/ptolemy/domains/de/test/auto/ResetTransitionWithStartTime1.xml (RunModel)" time="0.024" />
  <testcase classname="ptolemy.util.test.junit.AutoTests" name="[55] /home/travis/build/icyphy/ptII/ptolemy/domains/de/test/auto/ResetTransitionWithStartTime2.xml (RunModel)" time="0.022" />
  <testcase classname="ptolemy.util.test.junit.AutoTests" name="[56] /home/travis/build/icyphy/ptII/ptolemy/domains/de/test/auto/ResetTransitionWithStartTime3.xml (RunModel)" time="0.021" />
  <testcase classname="ptolemy.util.test.junit.AutoTests" name="[57] /home/travis/build/icyphy/ptII/ptolemy/domains/de/test/auto/ResetTransitionWithStartTime4.xml (RunModel)" time="0.019" />
  <testcase classname="ptolemy.util.test.junit.AutoTests" name="[58] /home/travis/build/icyphy/ptII/ptolemy/domains/de/test/auto/ResettableTimer1.xml (RunModel)" time="0.011" />
  <testcase classname="ptolemy.util.test.junit.AutoTests" name="[59] /home/travis/build/icyphy/ptII/ptolemy/domains/de/test/auto/ResettableTimer2.xml (RunModel)" time="0.01" />
  <testcase classname="ptolemy.util.test.junit.AutoTests" name="[60] /home/travis/build/icyphy/ptII/ptolemy/domains/de/test/auto/ResettableTimer3.xml (RunModel)" time="0.008" />
  <testcase classname="ptolemy.util.test.junit.AutoTests" name="[61] /home/travis/build/icyphy/ptII/ptolemy/domains/de/test/auto/ResettableTimer4.xml (RunModel)" time="0.008" />
  <testcase classname="ptolemy.util.test.junit.AutoTests" name="[62] /home/travis/build/icyphy/ptII/ptolemy/domains/de/test/auto/ResettableTimer5.xml (RunModel)" time="0.008" />
  <testcase classname="ptolemy.util.test.junit.AutoTests" name="[63] /home/travis/build/icyphy/ptII/ptolemy/domains/de/test/auto/ResettableTimer6.xml (RunModel)" time="0.014" />
  <testcase classname="ptolemy.util.test.junit.AutoTests" name="[64] /home/travis/build/icyphy/ptII/ptolemy/domains/de/test/auto/ServerZeroDelay.xml (RunModel)" time="0.01" />
  <testcase classname="ptolemy.util.test.junit.AutoTests" name="[65] /home/travis/build/icyphy/ptII/ptolemy/domains/de/test/auto/SmartSender.xml (RunModel)" time="3.008" />
  <testcase classname="ptolemy.util.test.junit.AutoTests" name="[66] /home/travis/build/icyphy/ptII/ptolemy/domains/de/test/auto/ThreadedComposite.xml (RunModel)" time="0.172" />
  <testcase classname="ptolemy.util.test.junit.AutoTests" name="[67] /home/travis/build/icyphy/ptII/ptolemy/domains/de/test/auto/Time.xml (RunModel)" time="0.392" />
  <testcase classname="ptolemy.util.test.junit.AutoTests" name="[68] /home/travis/build/icyphy/ptII/ptolemy/domains/de/test/auto/TimeDelayZeroDelay.xml (RunModel)" time="0.01" />
  <testcase classname="ptolemy.util.test.junit.AutoTests" name="[69] /home/travis/build/icyphy/ptII/ptolemy/domains/de/test/auto/TimerZeroDelay.xml (RunModel)" time="0.009" />
  <testcase classname="ptolemy.util.test.junit.AutoTests" name="[70] /home/travis/build/icyphy/ptII/ptolemy/domains/de/test/auto/TimingParadox.xml (RunModel)" time="0.339" />
  <testcase classname="ptolemy.util.test.junit.AutoTests" name="[71] /home/travis/build/icyphy/ptII/ptolemy/domains/de/test/auto/TransferInputs.xml (RunModel)" time="0.017" />
  <testcase classname="ptolemy.util.test.junit.AutoTests" name="[72] /home/travis/build/icyphy/ptII/ptolemy/domains/de/test/auto/TransferOutputs2.xml (RunModel)" time="0.013" />
  <testcase classname="ptolemy.util.test.junit.AutoTests" name="[73] /home/travis/build/icyphy/ptII/ptolemy/domains/de/test/auto/Trilateration.xml (RunModel)" time="10.526" />
  <testcase classname="ptolemy.util.test.junit.AutoTests" name="[74] /home/travis/build/icyphy/ptII/ptolemy/domains/de/test/auto/TwoSigmaDelta.xml (RunModel)" time="1.885" />
  <testcase classname="ptolemy.util.test.junit.AutoTests" name="[75] /home/travis/build/icyphy/ptII/ptolemy/domains/de/test/auto/VariableDelay.xml (RunModel)" time="0.009" />
  <testcase classname="ptolemy.util.test.junit.AutoTests" name="[76] /home/travis/build/icyphy/ptII/ptolemy/domains/de/test/auto/VariableDelay2.xml (RunModel)" time="0.011" />
  <testcase classname="ptolemy.util.test.junit.AutoTests" name="[77] /home/travis/build/icyphy/ptII/ptolemy/domains/de/test/auto/VariableDelayZeroDelay.xml (RunModel)" time="0.011" />
  <testcase classname="ptolemy.util.test.junit.AutoTests" name="[78] /home/travis/build/icyphy/ptII/ptolemy/domains/de/test/auto/VariableDelayZeroDelay2.xml (RunModel)" time="0.009" />
  <testcase classname="ptolemy.util.test.junit.AutoTests" name="[79] /home/travis/build/icyphy/ptII/ptolemy/domains/de/test/auto/deInCt.xml (RunModel)" time="0.016" />
  <testcase classname="ptolemy.util.test.junit.AutoTests" name="[80] /home/travis/build/icyphy/ptII/ptolemy/domains/de/test/auto/deInCt2.xml (RunModel)" time="0.014" />
  <testcase classname="ptolemy.util.test.junit.AutoTests" name="[81] /home/travis/build/icyphy/ptII/ptolemy/domains/de/test/auto/dynamicCausalityInterface1.xml (RunModel)" time="0.017" />
  <testcase classname="ptolemy.util.test.junit.AutoTests" name="[82] /home/travis/build/icyphy/ptII/ptolemy/domains/de/test/auto/fsm_de_test.xml (RunModel)" time="0.024" />
  <testcase classname="ptolemy.util.test.junit.AutoTests" name="[83] /home/travis/build/icyphy/ptII/ptolemy/domains/de/test/auto/functionDependencyReconstruction.xml (RunModel)" time="0.033" />
  <testcase classname="ptolemy.util.test.junit.AutoTests" name="[84] /home/travis/build/icyphy/ptII/ptolemy/domains/de/test/auto/multirate.xml (RunModel)" time="0.018" />
  <testcase classname="ptolemy.util.test.junit.AutoTests" name="[85] /home/travis/build/icyphy/ptII/ptolemy/domains/de/test/auto/multirate2.xml (RunModel)" time="0.018" />
  <testcase classname="ptolemy.util.test.junit.AutoTests" name="[86] /home/travis/build/icyphy/ptII/ptolemy/domains/de/test/auto/realtime.xml (RunModel)" time="10.01" />
  <testcase classname="ptolemy.util.test.junit.AutoTests" name="[87] /home/travis/build/icyphy/ptII/ptolemy/domains/de/test/auto/relationGroup.xml (RunModel)" time="0.018" />
  <testcase classname="ptolemy.util.test.junit.AutoTests" name="[88] /home/travis/build/icyphy/ptII/ptolemy/domains/de/test/auto/relationGroup2.xml (RunModel)" time="0.007" />
  <testcase classname="ptolemy.util.test.junit.AutoTests" name="[89] /home/travis/build/icyphy/ptII/ptolemy/domains/de/test/auto/sortWithOpaquePorts.xml (RunModel)" time="0.014" />
  <testcase classname="ptolemy.util.test.junit.AutoTests" name="[90] /home/travis/build/icyphy/ptII/ptolemy/domains/de/test/auto/transferInputsandOutputs.xml (RunModel)" time="0.014" />
  <testcase classname="ptolemy.util.test.junit.AutoTests" name="[91] /home/travis/build/icyphy/ptII/ptolemy/domains/de/test/auto/triggerType.xml (RunModel)" time="0.009" />
  <system-out><![CDATA[/home/travis/build/icyphy/ptII/ptolemy/domains/de/test/DependencyLoop.tcl
testDefs.tcl: setting time out to 9000 seconds at Mon Aug 17 15:27:00 UTC 2020
100 ms. Memory: 129024K Free: 78668K (61%)
15 ms. Memory: 129024K Free: 61756K (48%)
/home/travis/build/icyphy/ptII/ptolemy/domains/de/test/RunDETestsAsQSS.tcl
Run the DE tests using ptolemy.domains.qss.test.QSSDirectorTest, which extends QSSDirector and prints a message in the constructors.
------------------ testing $PTII/ptolemy/domains/de/test/auto/knownFailedTests/DirectFeedback.xml (Known Failure) 
31 ms. Memory: 129024K Free: 55626K (43%)


==== $PTIIhome/travis/build/icyphy/ptII/ptolemy/domains/de/test/../../../../: Auto Automatic test in file $PTII/ptolemy/domains/de/test/auto/knownFailedTests/DirectFeedback.xml
==== Contents of test case:

	    # FIXME: we should use $relativeFilename here, but it
	    # might have backslashes under Windows, which causes no end
	    # of trouble.
	    createAndExecute $file
	    list {}
	
.... Test generated KNOWN error:
    while executing
ptolemy.kernel.util.IllegalActionException: Test fails in iteration 1.
Value was: 1.0. Should have been: 2.0
  in .DirectFeedback.Test
	at ptolemy.actor.lib.Test.fire(Test.java:268)
	at ptolemy.domains.de.kernel.DEDirector._fire(DEDirector.java:1949)
	at ptolemy.domains.de.kernel.DEDirector.fire(DEDirector.java:502)
	at ptolemy.actor.CompositeActor.fire(CompositeActor.java:455)
	at ptolemy.actor.Manager.iterate(Manager.java:851)
	at ptolemy.actor.Manager.execute(Manager.java:369)
	at ptolemy.actor.Manager.run(Manager.java:1263)
	at ptolemy.actor.Manager$PtolemyRunThread.run(Manager.java:1933)

    while executing
ptolemy.kernel.util.IllegalActionException: Test fails in iteration 1.
Value was: 1.0. Should have been: 2.0
  in .DirectFeedback.Test
    while executing
"java::new ptolemy.moml.MoMLSimpleApplication $file
"
    (procedure "createAndExecute" line 2)
    invoked from within
"createAndExecute $file"
    ("uplevel" body line 5)
    invoked from within
"uplevel $contents_of_test"
------------------ testing $PTII/ptolemy/domains/de/test/auto/knownFailedTests/dependencyLoop.xml (Known Failure) 
8 ms. Memory: 129024K Free: 52554K (41%)


==== $PTIIhome/travis/build/icyphy/ptII/ptolemy/domains/de/test/../../../../: Auto Automatic test in file $PTII/ptolemy/domains/de/test/auto/knownFailedTests/dependencyLoop.xml
==== Contents of test case:

	    # FIXME: we should use $relativeFilename here, but it
	    # might have backslashes under Windows, which causes no end
	    # of trouble.
	    createAndExecute $file
	    list {}
	
.... Test generated KNOWN error:
    while executing
ptolemy.kernel.util.IllegalActionException: Found a zero delay loop containing .dependencyLoop.original
  in .dependencyLoop and .dependencyLoop.original
	at ptolemy.actor.util.CausalityInterfaceForComposites._computeOutputPortDepth(CausalityInterfaceForComposites.java:759)
	at ptolemy.actor.util.CausalityInterfaceForComposites._computeInputDepth(CausalityInterfaceForComposites.java:696)
	at ptolemy.actor.util.CausalityInterfaceForComposites._computeOutputPortDepth(CausalityInterfaceForComposites.java:765)
	at ptolemy.actor.util.CausalityInterfaceForComposites._computeInputDepth(CausalityInterfaceForComposites.java:696)
	at ptolemy.actor.util.CausalityInterfaceForComposites._computeOutputPortDepth(CausalityInterfaceForComposites.java:765)
	at ptolemy.actor.util.CausalityInterfaceForComposites._computeInputDepth(CausalityInterfaceForComposites.java:696)
	at ptolemy.actor.util.CausalityInterfaceForComposites._computeActorDepth(CausalityInterfaceForComposites.java:532)
	at ptolemy.actor.util.CausalityInterfaceForComposites.checkForCycles(CausalityInterfaceForComposites.java:96)
	at ptolemy.domains.de.kernel.DEDirector.preinitialize(DEDirector.java:1338)
	at ptolemy.actor.CompositeActor.preinitialize(CompositeActor.java:1828)
	at ptolemy.actor.Manager.preinitializeAndResolveTypes(Manager.java:1040)
	at ptolemy.actor.Manager.initialize(Manager.java:710)
	at ptolemy.actor.Manager.execute(Manager.java:356)
	at ptolemy.actor.Manager.run(Manager.java:1263)
	at ptolemy.actor.Manager$PtolemyRunThread.run(Manager.java:1933)

    while executing
ptolemy.kernel.util.IllegalActionException: Found a zero delay loop containing .dependencyLoop.original
  in .dependencyLoop and .dependencyLoop.original
    while executing
"java::new ptolemy.moml.MoMLSimpleApplication $file
"
    (procedure "createAndExecute" line 2)
    invoked from within
"createAndExecute $file"
    ("uplevel" body line 5)
    invoked from within
"uplevel $contents_of_test"
------------------ testing $PTII/ptolemy/domains/de/test/auto/knownFailedTests/FSMSource.xml (Known Failure) 
79 ms. Memory: 129024K Free: 111192K (86%)
!!!! Auto was marked as failing, but now passes
------------------ testing $PTII/ptolemy/domains/de/test/auto/knownFailedTests/HierarchicalModel.xml (Known Failure) 
6 ms. Memory: 129024K Free: 93269K (72%)


==== $PTIIhome/travis/build/icyphy/ptII/ptolemy/domains/de/test/../../../../: Auto Automatic test in file $PTII/ptolemy/domains/de/test/auto/knownFailedTests/HierarchicalModel.xml
==== Contents of test case:

	    # FIXME: we should use $relativeFilename here, but it
	    # might have backslashes under Windows, which causes no end
	    # of trouble.
	    createAndExecute $file
	    list {}
	
.... Test generated KNOWN error:
    while executing
ptolemy.kernel.util.IllegalActionException: Found a zero delay loop containing .HierarchicalModel.A
  in .HierarchicalModel and .HierarchicalModel.A
	at ptolemy.actor.util.CausalityInterfaceForComposites._computeOutputPortDepth(CausalityInterfaceForComposites.java:759)
	at ptolemy.actor.util.CausalityInterfaceForComposites._computeInputDepth(CausalityInterfaceForComposites.java:696)
	at ptolemy.actor.util.CausalityInterfaceForComposites._computeOutputPortDepth(CausalityInterfaceForComposites.java:765)
	at ptolemy.actor.util.CausalityInterfaceForComposites._computeInputDepth(CausalityInterfaceForComposites.java:696)
	at ptolemy.actor.util.CausalityInterfaceForComposites._computeOutputPortDepth(CausalityInterfaceForComposites.java:765)
	at ptolemy.actor.util.CausalityInterfaceForComposites._computeInputDepth(CausalityInterfaceForComposites.java:696)
	at ptolemy.actor.util.CausalityInterfaceForComposites._computeActorDepth(CausalityInterfaceForComposites.java:532)
	at ptolemy.actor.util.CausalityInterfaceForComposites.checkForCycles(CausalityInterfaceForComposites.java:96)
	at ptolemy.domains.de.kernel.DEDirector.preinitialize(DEDirector.java:1338)
	at ptolemy.actor.CompositeActor.preinitialize(CompositeActor.java:1828)
	at ptolemy.actor.Manager.preinitializeAndResolveTypes(Manager.java:1040)
	at ptolemy.actor.Manager.initialize(Manager.java:710)
	at ptolemy.actor.Manager.execute(Manager.java:356)
	at ptolemy.actor.Manager.run(Manager.java:1263)
	at ptolemy.actor.Manager$PtolemyRunThread.run(Manager.java:1933)

    while executing
ptolemy.kernel.util.IllegalActionException: Found a zero delay loop containing .HierarchicalModel.A
  in .HierarchicalModel and .HierarchicalModel.A
    while executing
"java::new ptolemy.moml.MoMLSimpleApplication $file
"
    (procedure "createAndExecute" line 2)
    invoked from within
"createAndExecute $file"
    ("uplevel" body line 5)
    invoked from within
"uplevel $contents_of_test"
------------------ testing $PTII/ptolemy/domains/de/test/auto/knownFailedTests/dependencyLoop2.xml (Known Failure) 
8 ms. Memory: 129024K Free: 77392K (60%)


==== $PTIIhome/travis/build/icyphy/ptII/ptolemy/domains/de/test/../../../../: Auto Automatic test in file $PTII/ptolemy/domains/de/test/auto/knownFailedTests/dependencyLoop2.xml
==== Contents of test case:

	    # FIXME: we should use $relativeFilename here, but it
	    # might have backslashes under Windows, which causes no end
	    # of trouble.
	    createAndExecute $file
	    list {}
	
.... Test generated KNOWN error:
    while executing
ptolemy.kernel.util.IllegalActionException: Found a zero delay loop containing .dependencyLoop2.original
  in .dependencyLoop2 and .dependencyLoop2.original
	at ptolemy.actor.util.CausalityInterfaceForComposites._computeOutputPortDepth(CausalityInterfaceForComposites.java:759)
	at ptolemy.actor.util.CausalityInterfaceForComposites._computeInputDepth(CausalityInterfaceForComposites.java:696)
	at ptolemy.actor.util.CausalityInterfaceForComposites._computeOutputPortDepth(CausalityInterfaceForComposites.java:765)
	at ptolemy.actor.util.CausalityInterfaceForComposites._computeInputDepth(CausalityInterfaceForComposites.java:696)
	at ptolemy.actor.util.CausalityInterfaceForComposites._computeOutputPortDepth(CausalityInterfaceForComposites.java:765)
	at ptolemy.actor.util.CausalityInterfaceForComposites._computeInputDepth(CausalityInterfaceForComposites.java:696)
	at ptolemy.actor.util.CausalityInterfaceForComposites._computeActorDepth(CausalityInterfaceForComposites.java:532)
	at ptolemy.actor.util.CausalityInterfaceForComposites.checkForCycles(CausalityInterfaceForComposites.java:96)
	at ptolemy.domains.de.kernel.DEDirector.preinitialize(DEDirector.java:1338)
	at ptolemy.actor.CompositeActor.preinitialize(CompositeActor.java:1828)
	at ptolemy.actor.Manager.preinitializeAndResolveTypes(Manager.java:1040)
	at ptolemy.actor.Manager.initialize(Manager.java:710)
	at ptolemy.actor.Manager.execute(Manager.java:356)
	at ptolemy.actor.Manager.run(Manager.java:1263)
	at ptolemy.actor.Manager$PtolemyRunThread.run(Manager.java:1933)

    while executing
ptolemy.kernel.util.IllegalActionException: Found a zero delay loop containing .dependencyLoop2.original
  in .dependencyLoop2 and .dependencyLoop2.original
    while executing
"java::new ptolemy.moml.MoMLSimpleApplication $file
"
    (procedure "createAndExecute" line 2)
    invoked from within
"createAndExecute $file"
    ("uplevel" body line 5)
    invoked from within
"uplevel $contents_of_test"
------------------ testing $PTII/ptolemy/domains/de/test/auto/knownFailedTests/DESDFClockTest.xml (Known Failure) 
2059 ms. Memory: 129024K Free: 107485K (83%)


==== $PTIIhome/travis/build/icyphy/ptII/ptolemy/domains/de/test/../../../../: Auto Automatic test in file $PTII/ptolemy/domains/de/test/auto/knownFailedTests/DESDFClockTest.xml
==== Contents of test case:

	    # FIXME: we should use $relativeFilename here, but it
	    # might have backslashes under Windows, which causes no end
	    # of trouble.
	    createAndExecute $file
	    list {}
	
.... Test generated KNOWN error:
    while executing
ptolemy.kernel.util.IllegalActionException: Actor is not ready to fire.  Perhaps UpSample.prefire() returned false? Try debugging the actor by selecting "Listen to Actor".  Also, for SDF check moml for tokenConsumptionRate on input.
  in .DESDFClockTest.Play Bell.Copy1:SDF Director and .DESDFClockTest.Play Bell.UpSample
	at ptolemy.actor.sched.StaticSchedulingDirector.fire(StaticSchedulingDirector.java:227)
	at ptolemy.domains.sdf.kernel.SDFDirector.fire(SDFDirector.java:500)
	at ptolemy.actor.CompositeActor.fire(CompositeActor.java:455)
	at ptolemy.domains.de.kernel.DEDirector._fire(DEDirector.java:1949)
	at ptolemy.domains.de.kernel.DEDirector.fire(DEDirector.java:502)
	at ptolemy.actor.CompositeActor.fire(CompositeActor.java:455)
	at ptolemy.actor.Manager.iterate(Manager.java:851)
	at ptolemy.actor.Manager.execute(Manager.java:369)
	at ptolemy.actor.Manager.run(Manager.java:1263)
	at ptolemy.actor.Manager$PtolemyRunThread.run(Manager.java:1933)

    while executing
ptolemy.kernel.util.IllegalActionException: Actor is not ready to fire.  Perhaps UpSample.prefire() returned false? Try debugging the actor by selecting "Listen to Actor".  Also, for SDF check moml for tokenConsumptionRate on input.
  in .DESDFClockTest.Play Bell.Copy1:SDF Director and .DESDFClockTest.Play Bell.UpSample
    while executing
"java::new ptolemy.moml.MoMLSimpleApplication $file
"
    (procedure "createAndExecute" line 2)
    invoked from within
"createAndExecute $file"
    ("uplevel" body line 5)
    invoked from within
"uplevel $contents_of_test"
------------------ testing $PTII/ptolemy/domains/de/test/auto/ActorDepthCalculation_actorWithoutPorts.xml
auto.tcl: Setting watchdog for 200 seconds at Mon Aug 17 15:27:03 UTC 2020
6 ms. Memory: 129024K Free: 99807K (77%)
ptolemy.util.test.WatchDog.cancel(): canceling Mon Aug 17 15:27:03 UTC 2020
auto.tcl: Setting watchdog for 200 seconds at Mon Aug 17 15:27:03 UTC 2020
4 ms. Memory: 129024K Free: 98269K (76%)
ptolemy.util.test.WatchDog.cancel(): canceling Mon Aug 17 15:27:03 UTC 2020
------------------ testing $PTII/ptolemy/domains/de/test/auto/AssemblyLine.xml
auto.tcl: Setting watchdog for 200 seconds at Mon Aug 17 15:27:04 UTC 2020
7 ms. Memory: 55296K Free: 31569K (57%)
ptolemy.util.test.WatchDog.cancel(): canceling Mon Aug 17 15:27:04 UTC 2020
auto.tcl: Setting watchdog for 200 seconds at Mon Aug 17 15:27:04 UTC 2020
9 ms. Memory: 55296K Free: 31057K (56%)
ptolemy.util.test.WatchDog.cancel(): canceling Mon Aug 17 15:27:04 UTC 2020
------------------ testing $PTII/ptolemy/domains/de/test/auto/CQBug1.xml
auto.tcl: Setting watchdog for 200 seconds at Mon Aug 17 15:27:04 UTC 2020
2 ms. Memory: 51200K Free: 33234K (65%)
ptolemy.util.test.WatchDog.cancel(): canceling Mon Aug 17 15:27:04 UTC 2020
auto.tcl: Setting watchdog for 200 seconds at Mon Aug 17 15:27:04 UTC 2020
2 ms. Memory: 51200K Free: 32806K (64%)
ptolemy.util.test.WatchDog.cancel(): canceling Mon Aug 17 15:27:04 UTC 2020
------------------ testing $PTII/ptolemy/domains/de/test/auto/CancelFireAt.xml
auto.tcl: Setting watchdog for 200 seconds at Mon Aug 17 15:27:04 UTC 2020
5 ms. Memory: 51200K Free: 34474K (67%)
ptolemy.util.test.WatchDog.cancel(): canceling Mon Aug 17 15:27:04 UTC 2020
auto.tcl: Setting watchdog for 200 seconds at Mon Aug 17 15:27:04 UTC 2020
2 ms. Memory: 51200K Free: 34007K (66%)
ptolemy.util.test.WatchDog.cancel(): canceling Mon Aug 17 15:27:04 UTC 2020
------------------ testing $PTII/ptolemy/domains/de/test/auto/CausalityAndComposabilityAnalysis.xml
auto.tcl: Setting watchdog for 200 seconds at Mon Aug 17 15:27:04 UTC 2020
5 ms. Memory: 51200K Free: 32720K (64%)
ptolemy.util.test.WatchDog.cancel(): canceling Mon Aug 17 15:27:04 UTC 2020
auto.tcl: Setting watchdog for 200 seconds at Mon Aug 17 15:27:04 UTC 2020
5 ms. Memory: 51200K Free: 31962K (62%)
ptolemy.util.test.WatchDog.cancel(): canceling Mon Aug 17 15:27:04 UTC 2020
------------------ testing $PTII/ptolemy/domains/de/test/auto/CausalityInterface1.xml
auto.tcl: Setting watchdog for 200 seconds at Mon Aug 17 15:27:04 UTC 2020
32 ms. Memory: 51200K Free: 31369K (61%)
ptolemy.util.test.WatchDog.cancel(): canceling Mon Aug 17 15:27:04 UTC 2020
auto.tcl: Setting watchdog for 200 seconds at Mon Aug 17 15:27:04 UTC 2020
4 ms. Memory: 51200K Free: 30394K (59%)
ptolemy.util.test.WatchDog.cancel(): canceling Mon Aug 17 15:27:04 UTC 2020
------------------ testing $PTII/ptolemy/domains/de/test/auto/CausalityInterface15.xml
auto.tcl: Setting watchdog for 200 seconds at Mon Aug 17 15:27:04 UTC 2020
6 ms. Memory: 51200K Free: 31522K (62%)
ptolemy.util.test.WatchDog.cancel(): canceling Mon Aug 17 15:27:04 UTC 2020
auto.tcl: Setting watchdog for 200 seconds at Mon Aug 17 15:27:04 UTC 2020
6 ms. Memory: 51200K Free: 30342K (59%)
ptolemy.util.test.WatchDog.cancel(): canceling Mon Aug 17 15:27:04 UTC 2020
------------------ testing $PTII/ptolemy/domains/de/test/auto/CausalityInterface2.xml
auto.tcl: Setting watchdog for 200 seconds at Mon Aug 17 15:27:04 UTC 2020
3 ms. Memory: 51200K Free: 31938K (62%)
ptolemy.util.test.WatchDog.cancel(): canceling Mon Aug 17 15:27:04 UTC 2020
auto.tcl: Setting watchdog for 200 seconds at Mon Aug 17 15:27:04 UTC 2020
5 ms. Memory: 51200K Free: 31263K (61%)
ptolemy.util.test.WatchDog.cancel(): canceling Mon Aug 17 15:27:04 UTC 2020
------------------ testing $PTII/ptolemy/domains/de/test/auto/CausalityInterface3.xml
auto.tcl: Setting watchdog for 200 seconds at Mon Aug 17 15:27:04 UTC 2020
3 ms. Memory: 51200K Free: 31476K (61%)
ptolemy.util.test.WatchDog.cancel(): canceling Mon Aug 17 15:27:04 UTC 2020
auto.tcl: Setting watchdog for 200 seconds at Mon Aug 17 15:27:04 UTC 2020
2 ms. Memory: 51200K Free: 30993K (61%)
ptolemy.util.test.WatchDog.cancel(): canceling Mon Aug 17 15:27:04 UTC 2020
------------------ testing $PTII/ptolemy/domains/de/test/auto/ClockDrift.xml
auto.tcl: Setting watchdog for 200 seconds at Mon Aug 17 15:27:04 UTC 2020
80 ms. Memory: 51200K Free: 23798K (46%)
ptolemy.util.test.WatchDog.cancel(): canceling Mon Aug 17 15:27:05 UTC 2020
auto.tcl: Setting watchdog for 200 seconds at Mon Aug 17 15:27:05 UTC 2020
56 ms. Memory: 51200K Free: 20591K (40%)
ptolemy.util.test.WatchDog.cancel(): canceling Mon Aug 17 15:27:05 UTC 2020
------------------ testing $PTII/ptolemy/domains/de/test/auto/ClockDriftAndValueChange.xml
auto.tcl: Setting watchdog for 200 seconds at Mon Aug 17 15:27:05 UTC 2020
20 ms. Memory: 51200K Free: 24410K (48%)
ptolemy.util.test.WatchDog.cancel(): canceling Mon Aug 17 15:27:05 UTC 2020
auto.tcl: Setting watchdog for 200 seconds at Mon Aug 17 15:27:05 UTC 2020
22 ms. Memory: 51200K Free: 21338K (42%)
ptolemy.util.test.WatchDog.cancel(): canceling Mon Aug 17 15:27:05 UTC 2020
------------------ testing $PTII/ptolemy/domains/de/test/auto/ClockDriftChange.xml
auto.tcl: Setting watchdog for 200 seconds at Mon Aug 17 15:27:05 UTC 2020
14 ms. Memory: 51200K Free: 26197K (51%)
ptolemy.util.test.WatchDog.cancel(): canceling Mon Aug 17 15:27:05 UTC 2020
auto.tcl: Setting watchdog for 200 seconds at Mon Aug 17 15:27:05 UTC 2020
16 ms. Memory: 51200K Free: 23574K (46%)
ptolemy.util.test.WatchDog.cancel(): canceling Mon Aug 17 15:27:05 UTC 2020
------------------ testing $PTII/ptolemy/domains/de/test/auto/ComposableCausalityAnalysis.xml
auto.tcl: Setting watchdog for 200 seconds at Mon Aug 17 15:27:05 UTC 2020
1 ms. Memory: 51200K Free: 30803K (60%)
ptolemy.util.test.WatchDog.cancel(): canceling Mon Aug 17 15:27:05 UTC 2020
auto.tcl: Setting watchdog for 200 seconds at Mon Aug 17 15:27:05 UTC 2020
4 ms. Memory: 51200K Free: 29735K (58%)
ptolemy.util.test.WatchDog.cancel(): canceling Mon Aug 17 15:27:05 UTC 2020
------------------ testing $PTII/ptolemy/domains/de/test/auto/DEFixedPointLimitation.xml
auto.tcl: Setting watchdog for 200 seconds at Mon Aug 17 15:27:05 UTC 2020
2 ms. Memory: 51200K Free: 32128K (63%)
ptolemy.util.test.WatchDog.cancel(): canceling Mon Aug 17 15:27:05 UTC 2020
auto.tcl: Setting watchdog for 200 seconds at Mon Aug 17 15:27:05 UTC 2020
2 ms. Memory: 51200K Free: 31267K (61%)
ptolemy.util.test.WatchDog.cancel(): canceling Mon Aug 17 15:27:05 UTC 2020
------------------ testing $PTII/ptolemy/domains/de/test/auto/DEScheduleTest.xml
auto.tcl: Setting watchdog for 200 seconds at Mon Aug 17 15:27:05 UTC 2020
3 ms. Memory: 51200K Free: 32483K (63%)
ptolemy.util.test.WatchDog.cancel(): canceling Mon Aug 17 15:27:05 UTC 2020
auto.tcl: Setting watchdog for 200 seconds at Mon Aug 17 15:27:05 UTC 2020
3 ms. Memory: 51200K Free: 31728K (62%)
ptolemy.util.test.WatchDog.cancel(): canceling Mon Aug 17 15:27:05 UTC 2020
------------------ testing $PTII/ptolemy/domains/de/test/auto/DEinDEwithStartTimes.xml
auto.tcl: Setting watchdog for 200 seconds at Mon Aug 17 15:27:05 UTC 2020
4 ms. Memory: 51200K Free: 30654K (60%)
ptolemy.util.test.WatchDog.cancel(): canceling Mon Aug 17 15:27:05 UTC 2020
auto.tcl: Setting watchdog for 200 seconds at Mon Aug 17 15:27:05 UTC 2020
3 ms. Memory: 51200K Free: 29630K (58%)
ptolemy.util.test.WatchDog.cancel(): canceling Mon Aug 17 15:27:05 UTC 2020
------------------ testing $PTII/ptolemy/domains/de/test/auto/DEinDEwithStartTimes2.xml
auto.tcl: Setting watchdog for 200 seconds at Mon Aug 17 15:27:05 UTC 2020
7 ms. Memory: 51200K Free: 29802K (58%)
ptolemy.util.test.WatchDog.cancel(): canceling Mon Aug 17 15:27:05 UTC 2020
auto.tcl: Setting watchdog for 200 seconds at Mon Aug 17 15:27:05 UTC 2020
3 ms. Memory: 51200K Free: 28731K (56%)
ptolemy.util.test.WatchDog.cancel(): canceling Mon Aug 17 15:27:05 UTC 2020
------------------ testing $PTII/ptolemy/domains/de/test/auto/DateDemo.xml
auto.tcl: Setting watchdog for 200 seconds at Mon Aug 17 15:27:05 UTC 2020
10 ms. Memory: 51200K Free: 24641K (48%)
ptolemy.util.test.WatchDog.cancel(): canceling Mon Aug 17 15:27:05 UTC 2020
auto.tcl: Setting watchdog for 200 seconds at Mon Aug 17 15:27:05 UTC 2020
4 ms. Memory: 51200K Free: 22993K (45%)
ptolemy.util.test.WatchDog.cancel(): canceling Mon Aug 17 15:27:05 UTC 2020
------------------ testing $PTII/ptolemy/domains/de/test/auto/DateToEvent.xml
auto.tcl: Setting watchdog for 200 seconds at Mon Aug 17 15:27:05 UTC 2020
2012 ms. Memory: 51200K Free: 19125K (37%)
ptolemy.util.test.WatchDog.cancel(): canceling Mon Aug 17 15:27:07 UTC 2020
auto.tcl: Setting watchdog for 200 seconds at Mon Aug 17 15:27:07 UTC 2020
2004 ms. Memory: 51200K Free: 18680K (36%)
ptolemy.util.test.WatchDog.cancel(): canceling Mon Aug 17 15:27:09 UTC 2020
------------------ testing $PTII/ptolemy/domains/de/test/auto/DepthTest1.xml
auto.tcl: Setting watchdog for 200 seconds at Mon Aug 17 15:27:09 UTC 2020
6 ms. Memory: 51200K Free: 33313K (65%)
ptolemy.util.test.WatchDog.cancel(): canceling Mon Aug 17 15:27:09 UTC 2020
auto.tcl: Setting watchdog for 200 seconds at Mon Aug 17 15:27:09 UTC 2020
1 ms. Memory: 51200K Free: 32837K (64%)
ptolemy.util.test.WatchDog.cancel(): canceling Mon Aug 17 15:27:09 UTC 2020
------------------ testing $PTII/ptolemy/domains/de/test/auto/DepthTest2.xml
auto.tcl: Setting watchdog for 200 seconds at Mon Aug 17 15:27:09 UTC 2020
3 ms. Memory: 51200K Free: 30092K (59%)
ptolemy.util.test.WatchDog.cancel(): canceling Mon Aug 17 15:27:10 UTC 2020
auto.tcl: Setting watchdog for 200 seconds at Mon Aug 17 15:27:10 UTC 2020
2 ms. Memory: 51200K Free: 29649K (58%)
ptolemy.util.test.WatchDog.cancel(): canceling Mon Aug 17 15:27:10 UTC 2020
------------------ testing $PTII/ptolemy/domains/de/test/auto/DepthTest3.xml
auto.tcl: Setting watchdog for 200 seconds at Mon Aug 17 15:27:10 UTC 2020
3 ms. Memory: 51200K Free: 33643K (66%)
ptolemy.util.test.WatchDog.cancel(): canceling Mon Aug 17 15:27:10 UTC 2020
auto.tcl: Setting watchdog for 200 seconds at Mon Aug 17 15:27:10 UTC 2020
1 ms. Memory: 51200K Free: 33151K (65%)
ptolemy.util.test.WatchDog.cancel(): canceling Mon Aug 17 15:27:10 UTC 2020
------------------ testing $PTII/ptolemy/domains/de/test/auto/DepthTest4.xml
auto.tcl: Setting watchdog for 200 seconds at Mon Aug 17 15:27:10 UTC 2020
5 ms. Memory: 51200K Free: 31867K (62%)
ptolemy.util.test.WatchDog.cancel(): canceling Mon Aug 17 15:27:10 UTC 2020
auto.tcl: Setting watchdog for 200 seconds at Mon Aug 17 15:27:10 UTC 2020
2 ms. Memory: 51200K Free: 30771K (60%)
ptolemy.util.test.WatchDog.cancel(): canceling Mon Aug 17 15:27:10 UTC 2020
------------------ testing $PTII/ptolemy/domains/de/test/auto/DepthTest5.xml
auto.tcl: Setting watchdog for 200 seconds at Mon Aug 17 15:27:10 UTC 2020
2 ms. Memory: 51200K Free: 31330K (61%)
ptolemy.util.test.WatchDog.cancel(): canceling Mon Aug 17 15:27:10 UTC 2020
auto.tcl: Setting watchdog for 200 seconds at Mon Aug 17 15:27:10 UTC 2020
3 ms. Memory: 51200K Free: 30589K (60%)
ptolemy.util.test.WatchDog.cancel(): canceling Mon Aug 17 15:27:10 UTC 2020
------------------ testing $PTII/ptolemy/domains/de/test/auto/DepthTest6.xml
auto.tcl: Setting watchdog for 200 seconds at Mon Aug 17 15:27:10 UTC 2020
4 ms. Memory: 51200K Free: 31038K (61%)
ptolemy.util.test.WatchDog.cancel(): canceling Mon Aug 17 15:27:10 UTC 2020
auto.tcl: Setting watchdog for 200 seconds at Mon Aug 17 15:27:10 UTC 2020
2 ms. Memory: 51200K Free: 30611K (60%)
ptolemy.util.test.WatchDog.cancel(): canceling Mon Aug 17 15:27:10 UTC 2020
------------------ testing $PTII/ptolemy/domains/de/test/auto/DepthTest7.xml
auto.tcl: Setting watchdog for 200 seconds at Mon Aug 17 15:27:10 UTC 2020
3 ms. Memory: 51200K Free: 31315K (61%)
ptolemy.util.test.WatchDog.cancel(): canceling Mon Aug 17 15:27:10 UTC 2020
auto.tcl: Setting watchdog for 200 seconds at Mon Aug 17 15:27:10 UTC 2020
2 ms. Memory: 51200K Free: 30889K (60%)
ptolemy.util.test.WatchDog.cancel(): canceling Mon Aug 17 15:27:10 UTC 2020
------------------ testing $PTII/ptolemy/domains/de/test/auto/EventToDate.xml
auto.tcl: Setting watchdog for 200 seconds at Mon Aug 17 15:27:10 UTC 2020
3004 ms. Memory: 51200K Free: 22615K (44%)
ptolemy.util.test.WatchDog.cancel(): canceling Mon Aug 17 15:27:13 UTC 2020
auto.tcl: Setting watchdog for 200 seconds at Mon Aug 17 15:27:13 UTC 2020
3004 ms. Memory: 51200K Free: 21949K (43%)
ptolemy.util.test.WatchDog.cancel(): canceling Mon Aug 17 15:27:16 UTC 2020
------------------ testing $PTII/ptolemy/domains/de/test/auto/FSM1.xml
auto.tcl: Setting watchdog for 200 seconds at Mon Aug 17 15:27:16 UTC 2020
21 ms. Memory: 51200K Free: 23873K (47%)
ptolemy.util.test.WatchDog.cancel(): canceling Mon Aug 17 15:27:16 UTC 2020
auto.tcl: Setting watchdog for 200 seconds at Mon Aug 17 15:27:16 UTC 2020
23 ms. Memory: 51200K Free: 20605K (40%)
ptolemy.util.test.WatchDog.cancel(): canceling Mon Aug 17 15:27:16 UTC 2020
------------------ testing $PTII/ptolemy/domains/de/test/auto/FSM7.xml
auto.tcl: Setting watchdog for 200 seconds at Mon Aug 17 15:27:16 UTC 2020
28 ms. Memory: 51200K Free: 23531K (46%)
ptolemy.util.test.WatchDog.cancel(): canceling Mon Aug 17 15:27:16 UTC 2020
auto.tcl: Setting watchdog for 200 seconds at Mon Aug 17 15:27:16 UTC 2020
22 ms. Memory: 51200K Free: 20404K (40%)
ptolemy.util.test.WatchDog.cancel(): canceling Mon Aug 17 15:27:16 UTC 2020
------------------ testing $PTII/ptolemy/domains/de/test/auto/Inspection.xml
auto.tcl: Setting watchdog for 200 seconds at Mon Aug 17 15:27:16 UTC 2020
17 ms. Memory: 51200K Free: 23518K (46%)
ptolemy.util.test.WatchDog.cancel(): canceling Mon Aug 17 15:27:16 UTC 2020
auto.tcl: Setting watchdog for 200 seconds at Mon Aug 17 15:27:16 UTC 2020
20 ms. Memory: 51200K Free: 21416K (42%)
ptolemy.util.test.WatchDog.cancel(): canceling Mon Aug 17 15:27:16 UTC 2020
------------------ testing $PTII/ptolemy/domains/de/test/auto/Iteration.xml
auto.tcl: Setting watchdog for 200 seconds at Mon Aug 17 15:27:16 UTC 2020
6 ms. Memory: 51200K Free: 29086K (57%)
ptolemy.util.test.WatchDog.cancel(): canceling Mon Aug 17 15:27:16 UTC 2020
auto.tcl: Setting watchdog for 200 seconds at Mon Aug 17 15:27:16 UTC 2020
6 ms. Memory: 51200K Free: 27892K (54%)
ptolemy.util.test.WatchDog.cancel(): canceling Mon Aug 17 15:27:16 UTC 2020
------------------ testing $PTII/ptolemy/domains/de/test/auto/LineFault.xml
auto.tcl: Setting watchdog for 200 seconds at Mon Aug 17 15:27:16 UTC 2020
513 ms. Memory: 51200K Free: 17009K (33%)
ptolemy.util.test.WatchDog.cancel(): canceling Mon Aug 17 15:27:17 UTC 2020
auto.tcl: Setting watchdog for 200 seconds at Mon Aug 17 15:27:17 UTC 2020
492 ms. Memory: 65536K Free: 48098K (73%)
ptolemy.util.test.WatchDog.cancel(): canceling Mon Aug 17 15:27:18 UTC 2020
------------------ testing $PTII/ptolemy/domains/de/test/auto/MergeModel1Add.xml
auto.tcl: Setting watchdog for 200 seconds at Mon Aug 17 15:27:18 UTC 2020
28 ms. Memory: 58368K Free: 22202K (38%)
ptolemy.util.test.WatchDog.cancel(): canceling Mon Aug 17 15:27:18 UTC 2020
auto.tcl: Setting watchdog for 200 seconds at Mon Aug 17 15:27:18 UTC 2020
11 ms. Memory: 58368K Free: 20718K (35%)
ptolemy.util.test.WatchDog.cancel(): canceling Mon Aug 17 15:27:18 UTC 2020
------------------ testing $PTII/ptolemy/domains/de/test/auto/MergeModel2Add.xml
auto.tcl: Setting watchdog for 200 seconds at Mon Aug 17 15:27:18 UTC 2020
9 ms. Memory: 55296K Free: 21744K (39%)
ptolemy.util.test.WatchDog.cancel(): canceling Mon Aug 17 15:27:18 UTC 2020
auto.tcl: Setting watchdog for 200 seconds at Mon Aug 17 15:27:18 UTC 2020
7 ms. Memory: 55296K Free: 20062K (36%)
ptolemy.util.test.WatchDog.cancel(): canceling Mon Aug 17 15:27:18 UTC 2020
------------------ testing $PTII/ptolemy/domains/de/test/auto/MergeModel3Add.xml
auto.tcl: Setting watchdog for 200 seconds at Mon Aug 17 15:27:18 UTC 2020
8 ms. Memory: 51200K Free: 17410K (34%)
ptolemy.util.test.WatchDog.cancel(): canceling Mon Aug 17 15:27:18 UTC 2020
auto.tcl: Setting watchdog for 200 seconds at Mon Aug 17 15:27:18 UTC 2020
8 ms. Memory: 51200K Free: 16021K (31%)
ptolemy.util.test.WatchDog.cancel(): canceling Mon Aug 17 15:27:18 UTC 2020
------------------ testing $PTII/ptolemy/domains/de/test/auto/MergeWithoutDiscard.xml
auto.tcl: Setting watchdog for 200 seconds at Mon Aug 17 15:27:18 UTC 2020
1 ms. Memory: 51200K Free: 31751K (62%)
ptolemy.util.test.WatchDog.cancel(): canceling Mon Aug 17 15:27:18 UTC 2020
auto.tcl: Setting watchdog for 200 seconds at Mon Aug 17 15:27:18 UTC 2020
1 ms. Memory: 51200K Free: 31318K (61%)
ptolemy.util.test.WatchDog.cancel(): canceling Mon Aug 17 15:27:18 UTC 2020
------------------ testing $PTII/ptolemy/domains/de/test/auto/Modal1.xml
auto.tcl: Setting watchdog for 200 seconds at Mon Aug 17 15:27:18 UTC 2020
15 ms. Memory: 51200K Free: 24129K (47%)
ptolemy.util.test.WatchDog.cancel(): canceling Mon Aug 17 15:27:18 UTC 2020
auto.tcl: Setting watchdog for 200 seconds at Mon Aug 17 15:27:18 UTC 2020
14 ms. Memory: 51200K Free: 20869K (41%)
ptolemy.util.test.WatchDog.cancel(): canceling Mon Aug 17 15:27:18 UTC 2020
------------------ testing $PTII/ptolemy/domains/de/test/auto/Modal2.xml
auto.tcl: Setting watchdog for 200 seconds at Mon Aug 17 15:27:18 UTC 2020
10 ms. Memory: 51200K Free: 23992K (47%)
ptolemy.util.test.WatchDog.cancel(): canceling Mon Aug 17 15:27:18 UTC 2020
auto.tcl: Setting watchdog for 200 seconds at Mon Aug 17 15:27:18 UTC 2020
11 ms. Memory: 51200K Free: 20766K (41%)
ptolemy.util.test.WatchDog.cancel(): canceling Mon Aug 17 15:27:18 UTC 2020
------------------ testing $PTII/ptolemy/domains/de/test/auto/Modal3.xml
auto.tcl: Setting watchdog for 200 seconds at Mon Aug 17 15:27:18 UTC 2020
14 ms. Memory: 51200K Free: 23745K (46%)
ptolemy.util.test.WatchDog.cancel(): canceling Mon Aug 17 15:27:18 UTC 2020
auto.tcl: Setting watchdog for 200 seconds at Mon Aug 17 15:27:18 UTC 2020
16 ms. Memory: 51200K Free: 20741K (41%)
ptolemy.util.test.WatchDog.cancel(): canceling Mon Aug 17 15:27:18 UTC 2020
------------------ testing $PTII/ptolemy/domains/de/test/auto/Modal4.xml
auto.tcl: Setting watchdog for 200 seconds at Mon Aug 17 15:27:18 UTC 2020
12 ms. Memory: 51200K Free: 22964K (45%)
ptolemy.util.test.WatchDog.cancel(): canceling Mon Aug 17 15:27:18 UTC 2020
auto.tcl: Setting watchdog for 200 seconds at Mon Aug 17 15:27:18 UTC 2020
13 ms. Memory: 51200K Free: 19129K (37%)
ptolemy.util.test.WatchDog.cancel(): canceling Mon Aug 17 15:27:18 UTC 2020
------------------ testing $PTII/ptolemy/domains/de/test/auto/Modal5.xml
auto.tcl: Setting watchdog for 200 seconds at Mon Aug 17 15:27:19 UTC 2020
12 ms. Memory: 51200K Free: 22950K (45%)
ptolemy.util.test.WatchDog.cancel(): canceling Mon Aug 17 15:27:19 UTC 2020
auto.tcl: Setting watchdog for 200 seconds at Mon Aug 17 15:27:19 UTC 2020
12 ms. Memory: 51200K Free: 19116K (37%)
ptolemy.util.test.WatchDog.cancel(): canceling Mon Aug 17 15:27:19 UTC 2020
------------------ testing $PTII/ptolemy/domains/de/test/auto/Modal6.xml
auto.tcl: Setting watchdog for 200 seconds at Mon Aug 17 15:27:19 UTC 2020
15 ms. Memory: 51200K Free: 23523K (46%)
ptolemy.util.test.WatchDog.cancel(): canceling Mon Aug 17 15:27:19 UTC 2020
auto.tcl: Setting watchdog for 200 seconds at Mon Aug 17 15:27:19 UTC 2020
16 ms. Memory: 51200K Free: 19508K (38%)
ptolemy.util.test.WatchDog.cancel(): canceling Mon Aug 17 15:27:19 UTC 2020
------------------ testing $PTII/ptolemy/domains/de/test/auto/Modal7.xml
auto.tcl: Setting watchdog for 200 seconds at Mon Aug 17 15:27:19 UTC 2020
13 ms. Memory: 51200K Free: 22457K (44%)
ptolemy.util.test.WatchDog.cancel(): canceling Mon Aug 17 15:27:19 UTC 2020
auto.tcl: Setting watchdog for 200 seconds at Mon Aug 17 15:27:19 UTC 2020
13 ms. Memory: 51200K Free: 18897K (37%)
ptolemy.util.test.WatchDog.cancel(): canceling Mon Aug 17 15:27:19 UTC 2020
------------------ testing $PTII/ptolemy/domains/de/test/auto/ModalModel.xml
auto.tcl: Setting watchdog for 200 seconds at Mon Aug 17 15:27:19 UTC 2020
175 ms. Memory: 51200K Free: 14256K (28%)
ptolemy.util.test.WatchDog.cancel(): canceling Mon Aug 17 15:27:19 UTC 2020
auto.tcl: Setting watchdog for 200 seconds at Mon Aug 17 15:27:19 UTC 2020
182 ms. Memory: 64512K Free: 19195K (30%)
ptolemy.util.test.WatchDog.cancel(): canceling Mon Aug 17 15:27:19 UTC 2020
------------------ testing $PTII/ptolemy/domains/de/test/auto/ModalSource.xml
auto.tcl: Setting watchdog for 200 seconds at Mon Aug 17 15:27:19 UTC 2020
5 ms. Memory: 58368K Free: 34738K (60%)
ptolemy.util.test.WatchDog.cancel(): canceling Mon Aug 17 15:27:19 UTC 2020
auto.tcl: Setting watchdog for 200 seconds at Mon Aug 17 15:27:19 UTC 2020
5 ms. Memory: 58368K Free: 32690K (56%)
ptolemy.util.test.WatchDog.cancel(): canceling Mon Aug 17 15:27:19 UTC 2020
------------------ testing $PTII/ptolemy/domains/de/test/auto/NonInterruptibleTimerZeroDelay.xml
auto.tcl: Setting watchdog for 200 seconds at Mon Aug 17 15:27:19 UTC 2020
4 ms. Memory: 51200K Free: 32536K (64%)
ptolemy.util.test.WatchDog.cancel(): canceling Mon Aug 17 15:27:19 UTC 2020
auto.tcl: Setting watchdog for 200 seconds at Mon Aug 17 15:27:19 UTC 2020
2 ms. Memory: 51200K Free: 31844K (62%)
ptolemy.util.test.WatchDog.cancel(): canceling Mon Aug 17 15:27:19 UTC 2020
------------------ testing $PTII/ptolemy/domains/de/test/auto/OpenQueueingNetwork.xml
auto.tcl: Setting watchdog for 200 seconds at Mon Aug 17 15:27:19 UTC 2020
2684 ms. Memory: 119808K Free: 72498K (61%)
ptolemy.util.test.WatchDog.cancel(): canceling Mon Aug 17 15:27:22 UTC 2020
auto.tcl: Setting watchdog for 200 seconds at Mon Aug 17 15:27:22 UTC 2020
2189 ms. Memory: 144384K Free: 78703K (55%)
ptolemy.util.test.WatchDog.cancel(): canceling Mon Aug 17 15:27:24 UTC 2020
------------------ testing $PTII/ptolemy/domains/de/test/auto/OpenQueuingNetwork.xml
auto.tcl: Setting watchdog for 200 seconds at Mon Aug 17 15:27:25 UTC 2020
271 ms. Memory: 61440K Free: 36366K (59%)
ptolemy.util.test.WatchDog.cancel(): canceling Mon Aug 17 15:27:25 UTC 2020
auto.tcl: Setting watchdog for 200 seconds at Mon Aug 17 15:27:25 UTC 2020
257 ms. Memory: 61440K Free: 19812K (32%)
ptolemy.util.test.WatchDog.cancel(): canceling Mon Aug 17 15:27:25 UTC 2020
------------------ testing $PTII/ptolemy/domains/de/test/auto/PeriodicSampler.xml
auto.tcl: Setting watchdog for 200 seconds at Mon Aug 17 15:27:25 UTC 2020
2 ms. Memory: 55296K Free: 35802K (65%)
ptolemy.util.test.WatchDog.cancel(): canceling Mon Aug 17 15:27:25 UTC 2020
auto.tcl: Setting watchdog for 200 seconds at Mon Aug 17 15:27:25 UTC 2020
2 ms. Memory: 55296K Free: 35282K (64%)
ptolemy.util.test.WatchDog.cancel(): canceling Mon Aug 17 15:27:25 UTC 2020
------------------ testing $PTII/ptolemy/domains/de/test/auto/PersistentIO.xml
auto.tcl: Setting watchdog for 200 seconds at Mon Aug 17 15:27:25 UTC 2020
5 ms. Memory: 55296K Free: 30726K (56%)
ptolemy.util.test.WatchDog.cancel(): canceling Mon Aug 17 15:27:25 UTC 2020
auto.tcl: Setting watchdog for 200 seconds at Mon Aug 17 15:27:25 UTC 2020
5 ms. Memory: 55296K Free: 29206K (53%)
ptolemy.util.test.WatchDog.cancel(): canceling Mon Aug 17 15:27:25 UTC 2020
------------------ testing $PTII/ptolemy/domains/de/test/auto/PortParameterResetOnInitialize.xml
auto.tcl: Setting watchdog for 200 seconds at Mon Aug 17 15:27:25 UTC 2020
2 ms. Memory: 55296K Free: 35716K (65%)
ptolemy.util.test.WatchDog.cancel(): canceling Mon Aug 17 15:27:25 UTC 2020
auto.tcl: Setting watchdog for 200 seconds at Mon Aug 17 15:27:25 UTC 2020
2 ms. Memory: 55296K Free: 35214K (64%)
ptolemy.util.test.WatchDog.cancel(): canceling Mon Aug 17 15:27:25 UTC 2020
------------------ testing $PTII/ptolemy/domains/de/test/auto/PortParameterUpdates.xml
auto.tcl: Setting watchdog for 200 seconds at Mon Aug 17 15:27:25 UTC 2020
5 ms. Memory: 55296K Free: 33795K (61%)
ptolemy.util.test.WatchDog.cancel(): canceling Mon Aug 17 15:27:25 UTC 2020
auto.tcl: Setting watchdog for 200 seconds at Mon Aug 17 15:27:25 UTC 2020
4 ms. Memory: 55296K Free: 32782K (59%)
ptolemy.util.test.WatchDog.cancel(): canceling Mon Aug 17 15:27:25 UTC 2020
------------------ testing $PTII/ptolemy/domains/de/test/auto/QueueAndServer.xml
auto.tcl: Setting watchdog for 200 seconds at Mon Aug 17 15:27:25 UTC 2020
13 ms. Memory: 51200K Free: 28867K (56%)
ptolemy.util.test.WatchDog.cancel(): canceling Mon Aug 17 15:27:25 UTC 2020
auto.tcl: Setting watchdog for 200 seconds at Mon Aug 17 15:27:25 UTC 2020
7 ms. Memory: 51200K Free: 27622K (54%)
ptolemy.util.test.WatchDog.cancel(): canceling Mon Aug 17 15:27:25 UTC 2020
------------------ testing $PTII/ptolemy/domains/de/test/auto/Records.xml
auto.tcl: Setting watchdog for 200 seconds at Mon Aug 17 15:27:25 UTC 2020
3 ms. Memory: 51200K Free: 30870K (60%)
ptolemy.util.test.WatchDog.cancel(): canceling Mon Aug 17 15:27:26 UTC 2020
auto.tcl: Setting watchdog for 200 seconds at Mon Aug 17 15:27:26 UTC 2020
2 ms. Memory: 51200K Free: 30356K (59%)
ptolemy.util.test.WatchDog.cancel(): canceling Mon Aug 17 15:27:26 UTC 2020
------------------ testing $PTII/ptolemy/domains/de/test/auto/ResetTransitionWithStartTime1.xml
auto.tcl: Setting watchdog for 200 seconds at Mon Aug 17 15:27:26 UTC 2020
7 ms. Memory: 51200K Free: 28114K (55%)
ptolemy.util.test.WatchDog.cancel(): canceling Mon Aug 17 15:27:26 UTC 2020
auto.tcl: Setting watchdog for 200 seconds at Mon Aug 17 15:27:26 UTC 2020
6 ms. Memory: 51200K Free: 25538K (50%)
ptolemy.util.test.WatchDog.cancel(): canceling Mon Aug 17 15:27:26 UTC 2020
------------------ testing $PTII/ptolemy/domains/de/test/auto/ResetTransitionWithStartTime2.xml
auto.tcl: Setting watchdog for 200 seconds at Mon Aug 17 15:27:26 UTC 2020
6 ms. Memory: 51200K Free: 28069K (55%)
ptolemy.util.test.WatchDog.cancel(): canceling Mon Aug 17 15:27:26 UTC 2020
auto.tcl: Setting watchdog for 200 seconds at Mon Aug 17 15:27:26 UTC 2020
6 ms. Memory: 51200K Free: 26021K (51%)
ptolemy.util.test.WatchDog.cancel(): canceling Mon Aug 17 15:27:26 UTC 2020
------------------ testing $PTII/ptolemy/domains/de/test/auto/ResetTransitionWithStartTime3.xml
auto.tcl: Setting watchdog for 200 seconds at Mon Aug 17 15:27:26 UTC 2020
8 ms. Memory: 51200K Free: 28068K (55%)
ptolemy.util.test.WatchDog.cancel(): canceling Mon Aug 17 15:27:26 UTC 2020
auto.tcl: Setting watchdog for 200 seconds at Mon Aug 17 15:27:26 UTC 2020
4 ms. Memory: 51200K Free: 25500K (50%)
ptolemy.util.test.WatchDog.cancel(): canceling Mon Aug 17 15:27:26 UTC 2020
------------------ testing $PTII/ptolemy/domains/de/test/auto/ResetTransitionWithStartTime4.xml
auto.tcl: Setting watchdog for 200 seconds at Mon Aug 17 15:27:26 UTC 2020
8 ms. Memory: 51200K Free: 28514K (56%)
ptolemy.util.test.WatchDog.cancel(): canceling Mon Aug 17 15:27:26 UTC 2020
auto.tcl: Setting watchdog for 200 seconds at Mon Aug 17 15:27:26 UTC 2020
3 ms. Memory: 51200K Free: 27042K (53%)
ptolemy.util.test.WatchDog.cancel(): canceling Mon Aug 17 15:27:26 UTC 2020
------------------ testing $PTII/ptolemy/domains/de/test/auto/ResettableTimer1.xml
auto.tcl: Setting watchdog for 200 seconds at Mon Aug 17 15:27:26 UTC 2020
3 ms. Memory: 51200K Free: 32280K (63%)
ptolemy.util.test.WatchDog.cancel(): canceling Mon Aug 17 15:27:26 UTC 2020
auto.tcl: Setting watchdog for 200 seconds at Mon Aug 17 15:27:26 UTC 2020
2 ms. Memory: 51200K Free: 31599K (62%)
ptolemy.util.test.WatchDog.cancel(): canceling Mon Aug 17 15:27:26 UTC 2020
------------------ testing $PTII/ptolemy/domains/de/test/auto/ResettableTimer2.xml
auto.tcl: Setting watchdog for 200 seconds at Mon Aug 17 15:27:26 UTC 2020
2 ms. Memory: 51200K Free: 32339K (63%)
ptolemy.util.test.WatchDog.cancel(): canceling Mon Aug 17 15:27:26 UTC 2020
auto.tcl: Setting watchdog for 200 seconds at Mon Aug 17 15:27:26 UTC 2020
2 ms. Memory: 51200K Free: 31681K (62%)
ptolemy.util.test.WatchDog.cancel(): canceling Mon Aug 17 15:27:26 UTC 2020
------------------ testing $PTII/ptolemy/domains/de/test/auto/ResettableTimer3.xml
auto.tcl: Setting watchdog for 200 seconds at Mon Aug 17 15:27:26 UTC 2020
3 ms. Memory: 51200K Free: 32613K (64%)
ptolemy.util.test.WatchDog.cancel(): canceling Mon Aug 17 15:27:26 UTC 2020
auto.tcl: Setting watchdog for 200 seconds at Mon Aug 17 15:27:26 UTC 2020
1 ms. Memory: 51200K Free: 32201K (63%)
ptolemy.util.test.WatchDog.cancel(): canceling Mon Aug 17 15:27:26 UTC 2020
------------------ testing $PTII/ptolemy/domains/de/test/auto/ResettableTimer4.xml
auto.tcl: Setting watchdog for 200 seconds at Mon Aug 17 15:27:26 UTC 2020
1 ms. Memory: 51200K Free: 32214K (63%)
ptolemy.util.test.WatchDog.cancel(): canceling Mon Aug 17 15:27:26 UTC 2020
auto.tcl: Setting watchdog for 200 seconds at Mon Aug 17 15:27:26 UTC 2020
1 ms. Memory: 51200K Free: 32214K (63%)
ptolemy.util.test.WatchDog.cancel(): canceling Mon Aug 17 15:27:26 UTC 2020
------------------ testing $PTII/ptolemy/domains/de/test/auto/ResettableTimer5.xml
auto.tcl: Setting watchdog for 200 seconds at Mon Aug 17 15:27:26 UTC 2020
1 ms. Memory: 51200K Free: 32216K (63%)
ptolemy.util.test.WatchDog.cancel(): canceling Mon Aug 17 15:27:26 UTC 2020
auto.tcl: Setting watchdog for 200 seconds at Mon Aug 17 15:27:26 UTC 2020
1 ms. Memory: 51200K Free: 31704K (62%)
ptolemy.util.test.WatchDog.cancel(): canceling Mon Aug 17 15:27:26 UTC 2020
------------------ testing $PTII/ptolemy/domains/de/test/auto/ResettableTimer6.xml
auto.tcl: Setting watchdog for 200 seconds at Mon Aug 17 15:27:26 UTC 2020
1 ms. Memory: 51200K Free: 31689K (62%)
ptolemy.util.test.WatchDog.cancel(): canceling Mon Aug 17 15:27:26 UTC 2020
auto.tcl: Setting watchdog for 200 seconds at Mon Aug 17 15:27:26 UTC 2020
1 ms. Memory: 51200K Free: 31179K (61%)
ptolemy.util.test.WatchDog.cancel(): canceling Mon Aug 17 15:27:26 UTC 2020
------------------ testing $PTII/ptolemy/domains/de/test/auto/ServerZeroDelay.xml
auto.tcl: Setting watchdog for 200 seconds at Mon Aug 17 15:27:26 UTC 2020
2 ms. Memory: 51200K Free: 32194K (63%)
ptolemy.util.test.WatchDog.cancel(): canceling Mon Aug 17 15:27:26 UTC 2020
auto.tcl: Setting watchdog for 200 seconds at Mon Aug 17 15:27:26 UTC 2020
2 ms. Memory: 51200K Free: 31170K (61%)
ptolemy.util.test.WatchDog.cancel(): canceling Mon Aug 17 15:27:26 UTC 2020
------------------ testing $PTII/ptolemy/domains/de/test/auto/SmartSender.xml
auto.tcl: Setting watchdog for 200 seconds at Mon Aug 17 15:27:26 UTC 2020
3001 ms. Memory: 51200K Free: 32188K (63%)
ptolemy.util.test.WatchDog.cancel(): canceling Mon Aug 17 15:27:29 UTC 2020
auto.tcl: Setting watchdog for 200 seconds at Mon Aug 17 15:27:29 UTC 2020
3001 ms. Memory: 51200K Free: 31680K (62%)
ptolemy.util.test.WatchDog.cancel(): canceling Mon Aug 17 15:27:32 UTC 2020
------------------ testing $PTII/ptolemy/domains/de/test/auto/ThreadedComposite.xml
auto.tcl: Setting watchdog for 200 seconds at Mon Aug 17 15:27:32 UTC 2020
197 ms. Memory: 51200K Free: 13771K (27%)
ptolemy.util.test.WatchDog.cancel(): canceling Mon Aug 17 15:27:33 UTC 2020
auto.tcl: Setting watchdog for 200 seconds at Mon Aug 17 15:27:33 UTC 2020
136 ms. Memory: 51200K Free: 28656K (56%)
ptolemy.util.test.WatchDog.cancel(): canceling Mon Aug 17 15:27:33 UTC 2020
------------------ testing $PTII/ptolemy/domains/de/test/auto/Time.xml
auto.tcl: Setting watchdog for 200 seconds at Mon Aug 17 15:27:33 UTC 2020
480 ms. Memory: 51200K Free: 35414K (69%)
ptolemy.util.test.WatchDog.cancel(): canceling Mon Aug 17 15:27:33 UTC 2020
auto.tcl: Setting watchdog for 200 seconds at Mon Aug 17 15:27:33 UTC 2020
460 ms. Memory: 51200K Free: 10904K (21%)
ptolemy.util.test.WatchDog.cancel(): canceling Mon Aug 17 15:27:34 UTC 2020
------------------ testing $PTII/ptolemy/domains/de/test/auto/TimeDelayZeroDelay.xml
auto.tcl: Setting watchdog for 200 seconds at Mon Aug 17 15:27:34 UTC 2020
2 ms. Memory: 51200K Free: 32118K (63%)
ptolemy.util.test.WatchDog.cancel(): canceling Mon Aug 17 15:27:34 UTC 2020
auto.tcl: Setting watchdog for 200 seconds at Mon Aug 17 15:27:34 UTC 2020
2 ms. Memory: 51200K Free: 31645K (62%)
ptolemy.util.test.WatchDog.cancel(): canceling Mon Aug 17 15:27:34 UTC 2020
------------------ testing $PTII/ptolemy/domains/de/test/auto/TimerZeroDelay.xml
auto.tcl: Setting watchdog for 200 seconds at Mon Aug 17 15:27:34 UTC 2020
3 ms. Memory: 51200K Free: 32314K (63%)
ptolemy.util.test.WatchDog.cancel(): canceling Mon Aug 17 15:27:34 UTC 2020
auto.tcl: Setting watchdog for 200 seconds at Mon Aug 17 15:27:34 UTC 2020
1 ms. Memory: 51200K Free: 31688K (62%)
ptolemy.util.test.WatchDog.cancel(): canceling Mon Aug 17 15:27:34 UTC 2020
------------------ testing $PTII/ptolemy/domains/de/test/auto/TimingParadox.xml
auto.tcl: Setting watchdog for 200 seconds at Mon Aug 17 15:27:34 UTC 2020
320 ms. Memory: 65536K Free: 43294K (66%)
ptolemy.util.test.WatchDog.cancel(): canceling Mon Aug 17 15:27:34 UTC 2020
auto.tcl: Setting watchdog for 200 seconds at Mon Aug 17 15:27:34 UTC 2020
271 ms. Memory: 65536K Free: 43740K (67%)
ptolemy.util.test.WatchDog.cancel(): canceling Mon Aug 17 15:27:35 UTC 2020
------------------ testing $PTII/ptolemy/domains/de/test/auto/TransferInputs.xml
auto.tcl: Setting watchdog for 200 seconds at Mon Aug 17 15:27:35 UTC 2020
1 ms. Memory: 58368K Free: 37780K (65%)
ptolemy.util.test.WatchDog.cancel(): canceling Mon Aug 17 15:27:35 UTC 2020
auto.tcl: Setting watchdog for 200 seconds at Mon Aug 17 15:27:35 UTC 2020
2 ms. Memory: 58368K Free: 36845K (63%)
ptolemy.util.test.WatchDog.cancel(): canceling Mon Aug 17 15:27:35 UTC 2020
------------------ testing $PTII/ptolemy/domains/de/test/auto/TransferOutputs2.xml
auto.tcl: Setting watchdog for 200 seconds at Mon Aug 17 15:27:35 UTC 2020
2 ms. Memory: 55296K Free: 32167K (58%)
ptolemy.util.test.WatchDog.cancel(): canceling Mon Aug 17 15:27:35 UTC 2020
auto.tcl: Setting watchdog for 200 seconds at Mon Aug 17 15:27:35 UTC 2020
3 ms. Memory: 55296K Free: 30717K (56%)
ptolemy.util.test.WatchDog.cancel(): canceling Mon Aug 17 15:27:35 UTC 2020
------------------ testing $PTII/ptolemy/domains/de/test/auto/Trilateration.xml
auto.tcl: Setting watchdog for 200 seconds at Mon Aug 17 15:27:35 UTC 2020
11737 ms. Memory: 450560K Free: 353970K (79%)
ptolemy.util.test.WatchDog.cancel(): canceling Mon Aug 17 15:27:47 UTC 2020
auto.tcl: Setting watchdog for 200 seconds at Mon Aug 17 15:27:47 UTC 2020
8751 ms. Memory: 450560K Free: 396218K (88%)
ptolemy.util.test.WatchDog.cancel(): canceling Mon Aug 17 15:27:56 UTC 2020
------------------ testing $PTII/ptolemy/domains/de/test/auto/TwoSigmaDelta.xml
auto.tcl: Setting watchdog for 200 seconds at Mon Aug 17 15:27:56 UTC 2020
2203 ms. Memory: 92160K Free: 30844K (33%)
ptolemy.util.test.WatchDog.cancel(): canceling Mon Aug 17 15:27:59 UTC 2020
auto.tcl: Setting watchdog for 200 seconds at Mon Aug 17 15:27:59 UTC 2020
1600 ms. Memory: 92160K Free: 34922K (38%)
ptolemy.util.test.WatchDog.cancel(): canceling Mon Aug 17 15:28:00 UTC 2020
------------------ testing $PTII/ptolemy/domains/de/test/auto/VariableDelay.xml
auto.tcl: Setting watchdog for 200 seconds at Mon Aug 17 15:28:00 UTC 2020
3 ms. Memory: 55296K Free: 35205K (64%)
ptolemy.util.test.WatchDog.cancel(): canceling Mon Aug 17 15:28:00 UTC 2020
auto.tcl: Setting watchdog for 200 seconds at Mon Aug 17 15:28:00 UTC 2020
2 ms. Memory: 55296K Free: 34211K (62%)
ptolemy.util.test.WatchDog.cancel(): canceling Mon Aug 17 15:28:00 UTC 2020
------------------ testing $PTII/ptolemy/domains/de/test/auto/VariableDelay2.xml
auto.tcl: Setting watchdog for 200 seconds at Mon Aug 17 15:28:00 UTC 2020
6 ms. Memory: 55296K Free: 36148K (65%)
ptolemy.util.test.WatchDog.cancel(): canceling Mon Aug 17 15:28:00 UTC 2020
auto.tcl: Setting watchdog for 200 seconds at Mon Aug 17 15:28:00 UTC 2020
2 ms. Memory: 55296K Free: 35124K (64%)
ptolemy.util.test.WatchDog.cancel(): canceling Mon Aug 17 15:28:00 UTC 2020
------------------ testing $PTII/ptolemy/domains/de/test/auto/VariableDelayZeroDelay.xml
auto.tcl: Setting watchdog for 200 seconds at Mon Aug 17 15:28:00 UTC 2020
2 ms. Memory: 55296K Free: 36148K (65%)
ptolemy.util.test.WatchDog.cancel(): canceling Mon Aug 17 15:28:00 UTC 2020
auto.tcl: Setting watchdog for 200 seconds at Mon Aug 17 15:28:00 UTC 2020
2 ms. Memory: 55296K Free: 35620K (64%)
ptolemy.util.test.WatchDog.cancel(): canceling Mon Aug 17 15:28:00 UTC 2020
------------------ testing $PTII/ptolemy/domains/de/test/auto/VariableDelayZeroDelay2.xml
auto.tcl: Setting watchdog for 200 seconds at Mon Aug 17 15:28:00 UTC 2020
1 ms. Memory: 55296K Free: 36146K (65%)
ptolemy.util.test.WatchDog.cancel(): canceling Mon Aug 17 15:28:00 UTC 2020
auto.tcl: Setting watchdog for 200 seconds at Mon Aug 17 15:28:00 UTC 2020
1 ms. Memory: 55296K Free: 35122K (64%)
ptolemy.util.test.WatchDog.cancel(): canceling Mon Aug 17 15:28:00 UTC 2020
------------------ testing $PTII/ptolemy/domains/de/test/auto/deInCt.xml
auto.tcl: Setting watchdog for 200 seconds at Mon Aug 17 15:28:00 UTC 2020
0
1
1
1
1
1
1
0
0
0
1
1
1
1
0
0
1
1
1
1
1
1
0
0
0
1
1
0
0
0
17 ms. Memory: 55296K Free: 35120K (64%)
ptolemy.util.test.WatchDog.cancel(): canceling Mon Aug 17 15:28:01 UTC 2020
auto.tcl: Setting watchdog for 200 seconds at Mon Aug 17 15:28:01 UTC 2020
0
1
1
1
1
1
0
0
0
0
0
1
1
1
0
0
0
0
1
1
1
1
0
0
0
0
1
1
1
0
0
0
7 ms. Memory: 55296K Free: 33582K (61%)
ptolemy.util.test.WatchDog.cancel(): canceling Mon Aug 17 15:28:01 UTC 2020
------------------ testing $PTII/ptolemy/domains/de/test/auto/deInCt2.xml
auto.tcl: Setting watchdog for 200 seconds at Mon Aug 17 15:28:01 UTC 2020
0
1
1
1
0
0
1
1
1
0
0
1
1
1
0
0
1
1
1
0
0
1
1
1
0
0
1
1
1
0
0
1
1
1
0
0
1
1
1
0
0
0
6 ms. Memory: 55296K Free: 35120K (64%)
ptolemy.util.test.WatchDog.cancel(): canceling Mon Aug 17 15:28:01 UTC 2020
auto.tcl: Setting watchdog for 200 seconds at Mon Aug 17 15:28:01 UTC 2020
0
1
1
1
0
0
1
1
1
0
0
1
1
1
0
0
1
1
1
0
0
1
1
1
0
0
1
1
1
0
0
1
1
1
0
0
1
1
1
0
0
0
5 ms. Memory: 55296K Free: 33568K (61%)
ptolemy.util.test.WatchDog.cancel(): canceling Mon Aug 17 15:28:01 UTC 2020
------------------ testing $PTII/ptolemy/domains/de/test/auto/dynamicCausalityInterface1.xml
auto.tcl: Setting watchdog for 200 seconds at Mon Aug 17 15:28:01 UTC 2020
2 ms. Memory: 55296K Free: 31019K (56%)
ptolemy.util.test.WatchDog.cancel(): canceling Mon Aug 17 15:28:01 UTC 2020
auto.tcl: Setting watchdog for 200 seconds at Mon Aug 17 15:28:01 UTC 2020
1 ms. Memory: 55296K Free: 30505K (55%)
ptolemy.util.test.WatchDog.cancel(): canceling Mon Aug 17 15:28:01 UTC 2020
------------------ testing $PTII/ptolemy/domains/de/test/auto/fsm_de_test.xml
auto.tcl: Setting watchdog for 200 seconds at Mon Aug 17 15:28:01 UTC 2020
6 ms. Memory: 55296K Free: 30917K (56%)
ptolemy.util.test.WatchDog.cancel(): canceling Mon Aug 17 15:28:01 UTC 2020
auto.tcl: Setting watchdog for 200 seconds at Mon Aug 17 15:28:01 UTC 2020
5 ms. Memory: 55296K Free: 28869K (52%)
ptolemy.util.test.WatchDog.cancel(): canceling Mon Aug 17 15:28:01 UTC 2020
------------------ testing $PTII/ptolemy/domains/de/test/auto/functionDependencyReconstruction.xml
auto.tcl: Setting watchdog for 200 seconds at Mon Aug 17 15:28:01 UTC 2020
2 ms. Memory: 55296K Free: 24784K (45%)
ptolemy.util.test.WatchDog.cancel(): canceling Mon Aug 17 15:28:01 UTC 2020
auto.tcl: Setting watchdog for 200 seconds at Mon Aug 17 15:28:01 UTC 2020
3 ms. Memory: 55296K Free: 22715K (41%)
ptolemy.util.test.WatchDog.cancel(): canceling Mon Aug 17 15:28:01 UTC 2020
------------------ testing $PTII/ptolemy/domains/de/test/auto/multirate.xml
auto.tcl: Setting watchdog for 200 seconds at Mon Aug 17 15:28:01 UTC 2020
6 ms. Memory: 55296K Free: 33527K (61%)
ptolemy.util.test.WatchDog.cancel(): canceling Mon Aug 17 15:28:01 UTC 2020
auto.tcl: Setting watchdog for 200 seconds at Mon Aug 17 15:28:01 UTC 2020
3 ms. Memory: 55296K Free: 31812K (58%)
ptolemy.util.test.WatchDog.cancel(): canceling Mon Aug 17 15:28:01 UTC 2020
------------------ testing $PTII/ptolemy/domains/de/test/auto/multirate2.xml
auto.tcl: Setting watchdog for 200 seconds at Mon Aug 17 15:28:01 UTC 2020
3 ms. Memory: 55296K Free: 33698K (61%)
ptolemy.util.test.WatchDog.cancel(): canceling Mon Aug 17 15:28:01 UTC 2020
auto.tcl: Setting watchdog for 200 seconds at Mon Aug 17 15:28:01 UTC 2020
2 ms. Memory: 55296K Free: 31994K (58%)
ptolemy.util.test.WatchDog.cancel(): canceling Mon Aug 17 15:28:01 UTC 2020
------------------ testing $PTII/ptolemy/domains/de/test/auto/realtime.xml
auto.tcl: Setting watchdog for 200 seconds at Mon Aug 17 15:28:01 UTC 2020
10001 ms. Memory: 55296K Free: 35769K (65%)
ptolemy.util.test.WatchDog.cancel(): canceling Mon Aug 17 15:28:11 UTC 2020
auto.tcl: Setting watchdog for 200 seconds at Mon Aug 17 15:28:11 UTC 2020
10003 ms. Memory: 55296K Free: 35065K (63%)
ptolemy.util.test.WatchDog.cancel(): canceling Mon Aug 17 15:28:21 UTC 2020
------------------ testing $PTII/ptolemy/domains/de/test/auto/relationGroup.xml
auto.tcl: Setting watchdog for 200 seconds at Mon Aug 17 15:28:21 UTC 2020
2 ms. Memory: 55296K Free: 36819K (67%)
ptolemy.util.test.WatchDog.cancel(): canceling Mon Aug 17 15:28:21 UTC 2020
auto.tcl: Setting watchdog for 200 seconds at Mon Aug 17 15:28:21 UTC 2020
1 ms. Memory: 55296K Free: 36115K (65%)
ptolemy.util.test.WatchDog.cancel(): canceling Mon Aug 17 15:28:21 UTC 2020
------------------ testing $PTII/ptolemy/domains/de/test/auto/relationGroup2.xml
auto.tcl: Setting watchdog for 200 seconds at Mon Aug 17 15:28:21 UTC 2020
1 ms. Memory: 55296K Free: 36875K (67%)
ptolemy.util.test.WatchDog.cancel(): canceling Mon Aug 17 15:28:21 UTC 2020
auto.tcl: Setting watchdog for 200 seconds at Mon Aug 17 15:28:21 UTC 2020
1 ms. Memory: 55296K Free: 36171K (65%)
ptolemy.util.test.WatchDog.cancel(): canceling Mon Aug 17 15:28:21 UTC 2020
------------------ testing $PTII/ptolemy/domains/de/test/auto/sortWithOpaquePorts.xml
auto.tcl: Setting watchdog for 200 seconds at Mon Aug 17 15:28:21 UTC 2020
1 ms. Memory: 55296K Free: 35644K (64%)
ptolemy.util.test.WatchDog.cancel(): canceling Mon Aug 17 15:28:21 UTC 2020
auto.tcl: Setting watchdog for 200 seconds at Mon Aug 17 15:28:21 UTC 2020
2 ms. Memory: 55296K Free: 34620K (63%)
ptolemy.util.test.WatchDog.cancel(): canceling Mon Aug 17 15:28:21 UTC 2020
------------------ testing $PTII/ptolemy/domains/de/test/auto/transferInputsandOutputs.xml
auto.tcl: Setting watchdog for 200 seconds at Mon Aug 17 15:28:21 UTC 2020
2 ms. Memory: 55296K Free: 33087K (60%)
ptolemy.util.test.WatchDog.cancel(): canceling Mon Aug 17 15:28:21 UTC 2020
auto.tcl: Setting watchdog for 200 seconds at Mon Aug 17 15:28:21 UTC 2020
2 ms. Memory: 55296K Free: 32063K (58%)
ptolemy.util.test.WatchDog.cancel(): canceling Mon Aug 17 15:28:21 UTC 2020
------------------ testing $PTII/ptolemy/domains/de/test/auto/triggerType.xml
auto.tcl: Setting watchdog for 200 seconds at Mon Aug 17 15:28:21 UTC 2020
1 ms. Memory: 55296K Free: 36113K (65%)
ptolemy.util.test.WatchDog.cancel(): canceling Mon Aug 17 15:28:21 UTC 2020
auto.tcl: Setting watchdog for 200 seconds at Mon Aug 17 15:28:21 UTC 2020
2 ms. Memory: 55296K Free: 35089K (63%)
ptolemy.util.test.WatchDog.cancel(): canceling Mon Aug 17 15:28:21 UTC 2020
08/17/20 03:28:21
Failed: 0  Total Tests: 192  ((Passed: 187, Newly Passed: 1)  Known Failed: 5) /home/travis/build/icyphy/ptII/ptolemy/domains/de/test
08/17/20 03:28:21
Failed: 0  Total Tests: 192  ((Passed: 187, Newly Passed: 1)  Known Failed: 5) /home/travis/build/icyphy/ptII/ptolemy/domains/de/test
----------------- testing (KnownFailure) /home/travis/build/icyphy/ptII/ptolemy/domains/de/test/auto/knownFailedTests/DESDFClockTest.xml
2011 ms. Memory: 55296K Free: 28998K (52%)
Known Failure: java.lang.reflect.InvocationTargetException
----------------- testing (KnownFailure) /home/travis/build/icyphy/ptII/ptolemy/domains/de/test/auto/knownFailedTests/DirectFeedback.xml
2 ms. Memory: 55296K Free: 24902K (45%)
Known Failure: java.lang.reflect.InvocationTargetException
----------------- testing (KnownFailure) /home/travis/build/icyphy/ptII/ptolemy/domains/de/test/auto/knownFailedTests/FSMSource.xml
12 ms. Memory: 55296K Free: 17734K (32%)
----------------- testing (KnownFailure) /home/travis/build/icyphy/ptII/ptolemy/domains/de/test/auto/knownFailedTests/HierarchicalModel.xml
3 ms. Memory: 55296K Free: 32962K (60%)
Known Failure: java.lang.reflect.InvocationTargetException
----------------- testing (KnownFailure) /home/travis/build/icyphy/ptII/ptolemy/domains/de/test/auto/knownFailedTests/dependencyLoop.xml
2 ms. Memory: 55296K Free: 17286K (31%)
Known Failure: java.lang.reflect.InvocationTargetException
----------------- testing (KnownFailure) /home/travis/build/icyphy/ptII/ptolemy/domains/de/test/auto/knownFailedTests/dependencyLoop2.xml
7 ms. Memory: 55296K Free: 33285K (60%)
Known Failure: java.lang.reflect.InvocationTargetException
No auto/linux-amd64/*.xml tests in /home/travis/build/icyphy/ptII/ptolemy/domains/de/test
AutoTests.java: About to close Vertx.
AutoTests.java: Vertx closed.

===========================================================================================
----------------- testing Mon Aug 17 15:28:24 UTC 2020 /home/travis/build/icyphy/ptII/ptolemy/domains/de/test/auto/ActorDepthCalculation_actorWithoutPorts.xml
----------------- Instantiating /home/travis/build/icyphy/ptII/ptolemy/domains/de/test/auto/ActorDepthCalculation_actorWithoutPorts.xml
5 ms. Memory: 55296K Free: 26518K (48%)
----------------- Invoking toplevel() on ptolemy.moml.MoMLSimpleApplication@18cf1ac9
----------------- Done invoking toplevel() on ptolemy.moml.MoMLSimpleApplication@18cf1ac9
reloadAllAccessors: .ActorDepthCalculation_actorWithoutPorts

===========================================================================================
----------------- testing Mon Aug 17 15:28:24 UTC 2020 /home/travis/build/icyphy/ptII/ptolemy/domains/de/test/auto/AssemblyLine.xml
----------------- Instantiating /home/travis/build/icyphy/ptII/ptolemy/domains/de/test/auto/AssemblyLine.xml
3 ms. Memory: 55296K Free: 19318K (35%)
----------------- Invoking toplevel() on ptolemy.moml.MoMLSimpleApplication@50c25e2d
----------------- Done invoking toplevel() on ptolemy.moml.MoMLSimpleApplication@50c25e2d
reloadAllAccessors: .AssemblyLine

===========================================================================================
----------------- testing Mon Aug 17 15:28:24 UTC 2020 /home/travis/build/icyphy/ptII/ptolemy/domains/de/test/auto/CQBug1.xml
----------------- Instantiating /home/travis/build/icyphy/ptII/ptolemy/domains/de/test/auto/CQBug1.xml
0 ms. Memory: 55296K Free: 16254K (29%)
----------------- Invoking toplevel() on ptolemy.moml.MoMLSimpleApplication@6491bcaf
----------------- Done invoking toplevel() on ptolemy.moml.MoMLSimpleApplication@6491bcaf
reloadAllAccessors: .CQBug1

===========================================================================================
----------------- testing Mon Aug 17 15:28:24 UTC 2020 /home/travis/build/icyphy/ptII/ptolemy/domains/de/test/auto/CancelFireAt.xml
----------------- Instantiating /home/travis/build/icyphy/ptII/ptolemy/domains/de/test/auto/CancelFireAt.xml
1 ms. Memory: 55296K Free: 13560K (25%)
----------------- Invoking toplevel() on ptolemy.moml.MoMLSimpleApplication@b9f21bb
----------------- Done invoking toplevel() on ptolemy.moml.MoMLSimpleApplication@b9f21bb
reloadAllAccessors: .CancelFireAt

===========================================================================================
----------------- testing Mon Aug 17 15:28:24 UTC 2020 /home/travis/build/icyphy/ptII/ptolemy/domains/de/test/auto/CausalityAndComposabilityAnalysis.xml
----------------- Instantiating /home/travis/build/icyphy/ptII/ptolemy/domains/de/test/auto/CausalityAndComposabilityAnalysis.xml
1 ms. Memory: 55296K Free: 9391K (17%)
----------------- Invoking toplevel() on ptolemy.moml.MoMLSimpleApplication@6f44638f
----------------- Done invoking toplevel() on ptolemy.moml.MoMLSimpleApplication@6f44638f
reloadAllAccessors: .CausalityAndComposabilityAnalysis

===========================================================================================
----------------- testing Mon Aug 17 15:28:24 UTC 2020 /home/travis/build/icyphy/ptII/ptolemy/domains/de/test/auto/CausalityInterface1.xml
----------------- Instantiating /home/travis/build/icyphy/ptII/ptolemy/domains/de/test/auto/CausalityInterface1.xml
5 ms. Memory: 55296K Free: 35336K (64%)
----------------- Invoking toplevel() on ptolemy.moml.MoMLSimpleApplication@4a30e188
----------------- Done invoking toplevel() on ptolemy.moml.MoMLSimpleApplication@4a30e188
reloadAllAccessors: .CausalityInterface1

===========================================================================================
----------------- testing Mon Aug 17 15:28:24 UTC 2020 /home/travis/build/icyphy/ptII/ptolemy/domains/de/test/auto/CausalityInterface15.xml
----------------- Instantiating /home/travis/build/icyphy/ptII/ptolemy/domains/de/test/auto/CausalityInterface15.xml
2 ms. Memory: 55296K Free: 29869K (54%)
----------------- Invoking toplevel() on ptolemy.moml.MoMLSimpleApplication@6f15822b
----------------- Done invoking toplevel() on ptolemy.moml.MoMLSimpleApplication@6f15822b
reloadAllAccessors: .CausalityInterface15

===========================================================================================
----------------- testing Mon Aug 17 15:28:24 UTC 2020 /home/travis/build/icyphy/ptII/ptolemy/domains/de/test/auto/CausalityInterface2.xml
----------------- Instantiating /home/travis/build/icyphy/ptII/ptolemy/domains/de/test/auto/CausalityInterface2.xml
1 ms. Memory: 55296K Free: 25403K (46%)
----------------- Invoking toplevel() on ptolemy.moml.MoMLSimpleApplication@101ddddc
[...]
	at ptolemy.actor.Manager.run(Manager.java:1263)
	at ptolemy.actor.Manager$PtolemyRunThread.run(Manager.java:1933)
java.lang.RuntimeException: Execution failed
	at ptolemy.moml.MoMLSimpleApplication$UnloadThread.run(MoMLSimpleApplication.java:402)
Caused by: ptolemy.kernel.util.IllegalActionException: Actor is not ready to fire.  Perhaps UpSample.prefire() returned false? Try debugging the actor by selecting "Listen to Actor".  Also, for SDF check moml for tokenConsumptionRate on input.
  in .DESDFClockTest.Play Bell.Copy1:SDF Director and .DESDFClockTest.Play Bell.UpSample
	at ptolemy.actor.sched.StaticSchedulingDirector.fire(StaticSchedulingDirector.java:227)
	at ptolemy.domains.sdf.kernel.SDFDirector.fire(SDFDirector.java:500)
	at ptolemy.actor.CompositeActor.fire(CompositeActor.java:455)
	at ptolemy.domains.de.kernel.DEDirector._fire(DEDirector.java:1949)
	at ptolemy.domains.de.kernel.DEDirector.fire(DEDirector.java:502)
	at ptolemy.actor.CompositeActor.fire(CompositeActor.java:455)
	at ptolemy.actor.Manager.iterate(Manager.java:851)
	at ptolemy.actor.Manager.execute(Manager.java:369)
	at ptolemy.actor.Manager.run(Manager.java:1263)
	at ptolemy.actor.Manager$PtolemyRunThread.run(Manager.java:1933)
java.lang.reflect.InvocationTargetException
	at java.base/jdk.internal.reflect.NativeConstructorAccessorImpl.newInstance0(Native Method)
	at java.base/jdk.internal.reflect.NativeConstructorAccessorImpl.newInstance(NativeConstructorAccessorImpl.java:62)
	at java.base/jdk.internal.reflect.DelegatingConstructorAccessorImpl.newInstance(DelegatingConstructorAccessorImpl.java:45)
	at java.base/java.lang.reflect.Constructor.newInstance(Constructor.java:490)
	at ptolemy.util.test.junit.AutoKnownFailedTests.RunModel(AutoKnownFailedTests.java:105)
	at java.base/jdk.internal.reflect.NativeMethodAccessorImpl.invoke0(Native Method)
	at java.base/jdk.internal.reflect.NativeMethodAccessorImpl.invoke(NativeMethodAccessorImpl.java:62)
	at java.base/jdk.internal.reflect.DelegatingMethodAccessorImpl.invoke(DelegatingMethodAccessorImpl.java:43)
	at java.base/java.lang.reflect.Method.invoke(Method.java:566)
	at org.junit.runners.model.FrameworkMethod$1.runReflectiveCall(FrameworkMethod.java:44)
	at org.junit.internal.runners.model.ReflectiveCallable.run(ReflectiveCallable.java:15)
	at org.junit.runners.model.FrameworkMethod.invokeExplosively(FrameworkMethod.java:41)
	at junitparams.internal.InvokeParameterisedMethod.evaluate(InvokeParameterisedMethod.java:102)
	at org.junit.internal.runners.statements.FailOnTimeout$1.run(FailOnTimeout.java:28)
Caused by: ptolemy.kernel.util.IllegalActionException: Actor is not ready to fire.  Perhaps UpSample.prefire() returned false? Try debugging the actor by selecting "Listen to Actor".  Also, for SDF check moml for tokenConsumptionRate on input.
  in .DESDFClockTest.Play Bell.Copy1:SDF Director and .DESDFClockTest.Play Bell.UpSample
	at ptolemy.actor.sched.StaticSchedulingDirector.fire(StaticSchedulingDirector.java:227)
	at ptolemy.domains.sdf.kernel.SDFDirector.fire(SDFDirector.java:500)
	at ptolemy.actor.CompositeActor.fire(CompositeActor.java:455)
	at ptolemy.domains.de.kernel.DEDirector._fire(DEDirector.java:1949)
	at ptolemy.domains.de.kernel.DEDirector.fire(DEDirector.java:502)
	at ptolemy.actor.CompositeActor.fire(CompositeActor.java:455)
	at ptolemy.actor.Manager.iterate(Manager.java:851)
	at ptolemy.actor.Manager.execute(Manager.java:369)
	at ptolemy.actor.Manager.run(Manager.java:1263)
	at ptolemy.actor.Manager$PtolemyRunThread.run(Manager.java:1933)
java.lang.RuntimeException: Execution failed
	at ptolemy.moml.MoMLSimpleApplication$UnloadThread.run(MoMLSimpleApplication.java:402)
Caused by: ptolemy.kernel.util.IllegalActionException: Test fails in iteration 1.
Value was: 1.0. Should have been: 2.0
  in .DirectFeedback.Test
	at ptolemy.actor.lib.Test.fire(Test.java:268)
	at ptolemy.domains.de.kernel.DEDirector._fire(DEDirector.java:1949)
	at ptolemy.domains.de.kernel.DEDirector.fire(DEDirector.java:502)
	at ptolemy.actor.CompositeActor.fire(CompositeActor.java:455)
	at ptolemy.actor.Manager.iterate(Manager.java:851)
	at ptolemy.actor.Manager.execute(Manager.java:369)
	at ptolemy.actor.Manager.run(Manager.java:1263)
	at ptolemy.actor.Manager$PtolemyRunThread.run(Manager.java:1933)
java.lang.reflect.InvocationTargetException
	at java.base/jdk.internal.reflect.NativeConstructorAccessorImpl.newInstance0(Native Method)
	at java.base/jdk.internal.reflect.NativeConstructorAccessorImpl.newInstance(NativeConstructorAccessorImpl.java:62)
	at java.base/jdk.internal.reflect.DelegatingConstructorAccessorImpl.newInstance(DelegatingConstructorAccessorImpl.java:45)
	at java.base/java.lang.reflect.Constructor.newInstance(Constructor.java:490)
	at ptolemy.util.test.junit.AutoKnownFailedTests.RunModel(AutoKnownFailedTests.java:105)
	at java.base/jdk.internal.reflect.NativeMethodAccessorImpl.invoke0(Native Method)
	at java.base/jdk.internal.reflect.NativeMethodAccessorImpl.invoke(NativeMethodAccessorImpl.java:62)
	at java.base/jdk.internal.reflect.DelegatingMethodAccessorImpl.invoke(DelegatingMethodAccessorImpl.java:43)
	at java.base/java.lang.reflect.Method.invoke(Method.java:566)
	at org.junit.runners.model.FrameworkMethod$1.runReflectiveCall(FrameworkMethod.java:44)
	at org.junit.internal.runners.model.ReflectiveCallable.run(ReflectiveCallable.java:15)
	at org.junit.runners.model.FrameworkMethod.invokeExplosively(FrameworkMethod.java:41)
	at junitparams.internal.InvokeParameterisedMethod.evaluate(InvokeParameterisedMethod.java:102)
	at org.junit.internal.runners.statements.FailOnTimeout$1.run(FailOnTimeout.java:28)
Caused by: ptolemy.kernel.util.IllegalActionException: Test fails in iteration 1.
Value was: 1.0. Should have been: 2.0
  in .DirectFeedback.Test
	at ptolemy.actor.lib.Test.fire(Test.java:268)
	at ptolemy.domains.de.kernel.DEDirector._fire(DEDirector.java:1949)
	at ptolemy.domains.de.kernel.DEDirector.fire(DEDirector.java:502)
	at ptolemy.actor.CompositeActor.fire(CompositeActor.java:455)
	at ptolemy.actor.Manager.iterate(Manager.java:851)
	at ptolemy.actor.Manager.execute(Manager.java:369)
	at ptolemy.actor.Manager.run(Manager.java:1263)
	at ptolemy.actor.Manager$PtolemyRunThread.run(Manager.java:1933)
java.lang.RuntimeException: Execution failed
	at ptolemy.moml.MoMLSimpleApplication$UnloadThread.run(MoMLSimpleApplication.java:402)
Caused by: ptolemy.kernel.util.IllegalActionException: Found a zero delay loop containing .HierarchicalModel.A
  in .HierarchicalModel and .HierarchicalModel.A
	at ptolemy.actor.util.CausalityInterfaceForComposites._computeOutputPortDepth(CausalityInterfaceForComposites.java:759)
	at ptolemy.actor.util.CausalityInterfaceForComposites._computeInputDepth(CausalityInterfaceForComposites.java:696)
	at ptolemy.actor.util.CausalityInterfaceForComposites._computeOutputPortDepth(CausalityInterfaceForComposites.java:765)
	at ptolemy.actor.util.CausalityInterfaceForComposites._computeInputDepth(CausalityInterfaceForComposites.java:696)
	at ptolemy.actor.util.CausalityInterfaceForComposites._computeOutputPortDepth(CausalityInterfaceForComposites.java:765)
	at ptolemy.actor.util.CausalityInterfaceForComposites._computeInputDepth(CausalityInterfaceForComposites.java:696)
	at ptolemy.actor.util.CausalityInterfaceForComposites._computeActorDepth(CausalityInterfaceForComposites.java:532)
	at ptolemy.actor.util.CausalityInterfaceForComposites.checkForCycles(CausalityInterfaceForComposites.java:96)
	at ptolemy.domains.de.kernel.DEDirector.preinitialize(DEDirector.java:1338)
	at ptolemy.actor.CompositeActor.preinitialize(CompositeActor.java:1828)
	at ptolemy.actor.Manager.preinitializeAndResolveTypes(Manager.java:1040)
	at ptolemy.actor.Manager.initialize(Manager.java:710)
	at ptolemy.actor.Manager.execute(Manager.java:356)
	at ptolemy.actor.Manager.run(Manager.java:1263)
	at ptolemy.actor.Manager$PtolemyRunThread.run(Manager.java:1933)
java.lang.reflect.InvocationTargetException
	at java.base/jdk.internal.reflect.NativeConstructorAccessorImpl.newInstance0(Native Method)
	at java.base/jdk.internal.reflect.NativeConstructorAccessorImpl.newInstance(NativeConstructorAccessorImpl.java:62)
	at java.base/jdk.internal.reflect.DelegatingConstructorAccessorImpl.newInstance(DelegatingConstructorAccessorImpl.java:45)
	at java.base/java.lang.reflect.Constructor.newInstance(Constructor.java:490)
	at ptolemy.util.test.junit.AutoKnownFailedTests.RunModel(AutoKnownFailedTests.java:105)
	at java.base/jdk.internal.reflect.NativeMethodAccessorImpl.invoke0(Native Method)
	at java.base/jdk.internal.reflect.NativeMethodAccessorImpl.invoke(NativeMethodAccessorImpl.java:62)
	at java.base/jdk.internal.reflect.DelegatingMethodAccessorImpl.invoke(DelegatingMethodAccessorImpl.java:43)
	at java.base/java.lang.reflect.Method.invoke(Method.java:566)
	at org.junit.runners.model.FrameworkMethod$1.runReflectiveCall(FrameworkMethod.java:44)
	at org.junit.internal.runners.model.ReflectiveCallable.run(ReflectiveCallable.java:15)
	at org.junit.runners.model.FrameworkMethod.invokeExplosively(FrameworkMethod.java:41)
	at junitparams.internal.InvokeParameterisedMethod.evaluate(InvokeParameterisedMethod.java:102)
	at org.junit.internal.runners.statements.FailOnTimeout$1.run(FailOnTimeout.java:28)
Caused by: ptolemy.kernel.util.IllegalActionException: Found a zero delay loop containing .HierarchicalModel.A
  in .HierarchicalModel and .HierarchicalModel.A
	at ptolemy.actor.util.CausalityInterfaceForComposites._computeOutputPortDepth(CausalityInterfaceForComposites.java:759)
	at ptolemy.actor.util.CausalityInterfaceForComposites._computeInputDepth(CausalityInterfaceForComposites.java:696)
	at ptolemy.actor.util.CausalityInterfaceForComposites._computeOutputPortDepth(CausalityInterfaceForComposites.java:765)
	at ptolemy.actor.util.CausalityInterfaceForComposites._computeInputDepth(CausalityInterfaceForComposites.java:696)
	at ptolemy.actor.util.CausalityInterfaceForComposites._computeOutputPortDepth(CausalityInterfaceForComposites.java:765)
	at ptolemy.actor.util.CausalityInterfaceForComposites._computeInputDepth(CausalityInterfaceForComposites.java:696)
	at ptolemy.actor.util.CausalityInterfaceForComposites._computeActorDepth(CausalityInterfaceForComposites.java:532)
	at ptolemy.actor.util.CausalityInterfaceForComposites.checkForCycles(CausalityInterfaceForComposites.java:96)
	at ptolemy.domains.de.kernel.DEDirector.preinitialize(DEDirector.java:1338)
	at ptolemy.actor.CompositeActor.preinitialize(CompositeActor.java:1828)
	at ptolemy.actor.Manager.preinitializeAndResolveTypes(Manager.java:1040)
	at ptolemy.actor.Manager.initialize(Manager.java:710)
	at ptolemy.actor.Manager.execute(Manager.java:356)
	at ptolemy.actor.Manager.run(Manager.java:1263)
	at ptolemy.actor.Manager$PtolemyRunThread.run(Manager.java:1933)
java.lang.RuntimeException: Execution failed
	at ptolemy.moml.MoMLSimpleApplication$UnloadThread.run(MoMLSimpleApplication.java:402)
Caused by: ptolemy.kernel.util.IllegalActionException: Found a zero delay loop containing .dependencyLoop.original
  in .dependencyLoop and .dependencyLoop.original
	at ptolemy.actor.util.CausalityInterfaceForComposites._computeOutputPortDepth(CausalityInterfaceForComposites.java:759)
	at ptolemy.actor.util.CausalityInterfaceForComposites._computeInputDepth(CausalityInterfaceForComposites.java:696)
	at ptolemy.actor.util.CausalityInterfaceForComposites._computeOutputPortDepth(CausalityInterfaceForComposites.java:765)
	at ptolemy.actor.util.CausalityInterfaceForComposites._computeInputDepth(CausalityInterfaceForComposites.java:696)
	at ptolemy.actor.util.CausalityInterfaceForComposites._computeOutputPortDepth(CausalityInterfaceForComposites.java:765)
	at ptolemy.actor.util.CausalityInterfaceForComposites._computeInputDepth(CausalityInterfaceForComposites.java:696)
	at ptolemy.actor.util.CausalityInterfaceForComposites._computeActorDepth(CausalityInterfaceForComposites.java:532)
	at ptolemy.actor.util.CausalityInterfaceForComposites.checkForCycles(CausalityInterfaceForComposites.java:96)
	at ptolemy.domains.de.kernel.DEDirector.preinitialize(DEDirector.java:1338)
	at ptolemy.actor.CompositeActor.preinitialize(CompositeActor.java:1828)
	at ptolemy.actor.Manager.preinitializeAndResolveTypes(Manager.java:1040)
	at ptolemy.actor.Manager.initialize(Manager.java:710)
	at ptolemy.actor.Manager.execute(Manager.java:356)
	at ptolemy.actor.Manager.run(Manager.java:1263)
	at ptolemy.actor.Manager$PtolemyRunThread.run(Manager.java:1933)
java.lang.reflect.InvocationTargetException
	at java.base/jdk.internal.reflect.NativeConstructorAccessorImpl.newInstance0(Native Method)
	at java.base/jdk.internal.reflect.NativeConstructorAccessorImpl.newInstance(NativeConstructorAccessorImpl.java:62)
	at java.base/jdk.internal.reflect.DelegatingConstructorAccessorImpl.newInstance(DelegatingConstructorAccessorImpl.java:45)
	at java.base/java.lang.reflect.Constructor.newInstance(Constructor.java:490)
	at ptolemy.util.test.junit.AutoKnownFailedTests.RunModel(AutoKnownFailedTests.java:105)
	at java.base/jdk.internal.reflect.NativeMethodAccessorImpl.invoke0(Native Method)
	at java.base/jdk.internal.reflect.NativeMethodAccessorImpl.invoke(NativeMethodAccessorImpl.java:62)
	at java.base/jdk.internal.reflect.DelegatingMethodAccessorImpl.invoke(DelegatingMethodAccessorImpl.java:43)
	at java.base/java.lang.reflect.Method.invoke(Method.java:566)
	at org.junit.runners.model.FrameworkMethod$1.runReflectiveCall(FrameworkMethod.java:44)
	at org.junit.internal.runners.model.ReflectiveCallable.run(ReflectiveCallable.java:15)
	at org.junit.runners.model.FrameworkMethod.invokeExplosively(FrameworkMethod.java:41)
	at junitparams.internal.InvokeParameterisedMethod.evaluate(InvokeParameterisedMethod.java:102)
	at org.junit.internal.runners.statements.FailOnTimeout$1.run(FailOnTimeout.java:28)
Caused by: ptolemy.kernel.util.IllegalActionException: Found a zero delay loop containing .dependencyLoop.original
  in .dependencyLoop and .dependencyLoop.original
	at ptolemy.actor.util.CausalityInterfaceForComposites._computeOutputPortDepth(CausalityInterfaceForComposites.java:759)
	at ptolemy.actor.util.CausalityInterfaceForComposites._computeInputDepth(CausalityInterfaceForComposites.java:696)
	at ptolemy.actor.util.CausalityInterfaceForComposites._computeOutputPortDepth(CausalityInterfaceForComposites.java:765)
	at ptolemy.actor.util.CausalityInterfaceForComposites._computeInputDepth(CausalityInterfaceForComposites.java:696)
	at ptolemy.actor.util.CausalityInterfaceForComposites._computeOutputPortDepth(CausalityInterfaceForComposites.java:765)
	at ptolemy.actor.util.CausalityInterfaceForComposites._computeInputDepth(CausalityInterfaceForComposites.java:696)
	at ptolemy.actor.util.CausalityInterfaceForComposites._computeActorDepth(CausalityInterfaceForComposites.java:532)
	at ptolemy.actor.util.CausalityInterfaceForComposites.checkForCycles(CausalityInterfaceForComposites.java:96)
	at ptolemy.domains.de.kernel.DEDirector.preinitialize(DEDirector.java:1338)
	at ptolemy.actor.CompositeActor.preinitialize(CompositeActor.java:1828)
	at ptolemy.actor.Manager.preinitializeAndResolveTypes(Manager.java:1040)
	at ptolemy.actor.Manager.initialize(Manager.java:710)
	at ptolemy.actor.Manager.execute(Manager.java:356)
	at ptolemy.actor.Manager.run(Manager.java:1263)
	at ptolemy.actor.Manager$PtolemyRunThread.run(Manager.java:1933)
java.lang.RuntimeException: Execution failed
	at ptolemy.moml.MoMLSimpleApplication$UnloadThread.run(MoMLSimpleApplication.java:402)
Caused by: ptolemy.kernel.util.IllegalActionException: Found a zero delay loop containing .dependencyLoop2.original
  in .dependencyLoop2 and .dependencyLoop2.original
	at ptolemy.actor.util.CausalityInterfaceForComposites._computeOutputPortDepth(CausalityInterfaceForComposites.java:759)
	at ptolemy.actor.util.CausalityInterfaceForComposites._computeInputDepth(CausalityInterfaceForComposites.java:696)
	at ptolemy.actor.util.CausalityInterfaceForComposites._computeOutputPortDepth(CausalityInterfaceForComposites.java:765)
	at ptolemy.actor.util.CausalityInterfaceForComposites._computeInputDepth(CausalityInterfaceForComposites.java:696)
	at ptolemy.actor.util.CausalityInterfaceForComposites._computeOutputPortDepth(CausalityInterfaceForComposites.java:765)
	at ptolemy.actor.util.CausalityInterfaceForComposites._computeInputDepth(CausalityInterfaceForComposites.java:696)
	at ptolemy.actor.util.CausalityInterfaceForComposites._computeActorDepth(CausalityInterfaceForComposites.java:532)
	at ptolemy.actor.util.CausalityInterfaceForComposites.checkForCycles(CausalityInterfaceForComposites.java:96)
	at ptolemy.domains.de.kernel.DEDirector.preinitialize(DEDirector.java:1338)
	at ptolemy.actor.CompositeActor.preinitialize(CompositeActor.java:1828)
	at ptolemy.actor.Manager.preinitializeAndResolveTypes(Manager.java:1040)
	at ptolemy.actor.Manager.initialize(Manager.java:710)
	at ptolemy.actor.Manager.execute(Manager.java:356)
	at ptolemy.actor.Manager.run(Manager.java:1263)
	at ptolemy.actor.Manager$PtolemyRunThread.run(Manager.java:1933)
java.lang.reflect.InvocationTargetException
	at java.base/jdk.internal.reflect.NativeConstructorAccessorImpl.newInstance0(Native Method)
	at java.base/jdk.internal.reflect.NativeConstructorAccessorImpl.newInstance(NativeConstructorAccessorImpl.java:62)
	at java.base/jdk.internal.reflect.DelegatingConstructorAccessorImpl.newInstance(DelegatingConstructorAccessorImpl.java:45)
	at java.base/java.lang.reflect.Constructor.newInstance(Constructor.java:490)
	at ptolemy.util.test.junit.AutoKnownFailedTests.RunModel(AutoKnownFailedTests.java:105)
	at java.base/jdk.internal.reflect.NativeMethodAccessorImpl.invoke0(Native Method)
	at java.base/jdk.internal.reflect.NativeMethodAccessorImpl.invoke(NativeMethodAccessorImpl.java:62)
	at java.base/jdk.internal.reflect.DelegatingMethodAccessorImpl.invoke(DelegatingMethodAccessorImpl.java:43)
	at java.base/java.lang.reflect.Method.invoke(Method.java:566)
	at org.junit.runners.model.FrameworkMethod$1.runReflectiveCall(FrameworkMethod.java:44)
	at org.junit.internal.runners.model.ReflectiveCallable.run(ReflectiveCallable.java:15)
	at org.junit.runners.model.FrameworkMethod.invokeExplosively(FrameworkMethod.java:41)
	at junitparams.internal.InvokeParameterisedMethod.evaluate(InvokeParameterisedMethod.java:102)
	at org.junit.internal.runners.statements.FailOnTimeout$1.run(FailOnTimeout.java:28)
Caused by: ptolemy.kernel.util.IllegalActionException: Found a zero delay loop containing .dependencyLoop2.original
  in .dependencyLoop2 and .dependencyLoop2.original
	at ptolemy.actor.util.CausalityInterfaceForComposites._computeOutputPortDepth(CausalityInterfaceForComposites.java:759)
	at ptolemy.actor.util.CausalityInterfaceForComposites._computeInputDepth(CausalityInterfaceForComposites.java:696)
	at ptolemy.actor.util.CausalityInterfaceForComposites._computeOutputPortDepth(CausalityInterfaceForComposites.java:765)
	at ptolemy.actor.util.CausalityInterfaceForComposites._computeInputDepth(CausalityInterfaceForComposites.java:696)
	at ptolemy.actor.util.CausalityInterfaceForComposites._computeOutputPortDepth(CausalityInterfaceForComposites.java:765)
	at ptolemy.actor.util.CausalityInterfaceForComposites._computeInputDepth(CausalityInterfaceForComposites.java:696)
	at ptolemy.actor.util.CausalityInterfaceForComposites._computeActorDepth(CausalityInterfaceForComposites.java:532)
	at ptolemy.actor.util.CausalityInterfaceForComposites.checkForCycles(CausalityInterfaceForComposites.java:96)
	at ptolemy.domains.de.kernel.DEDirector.preinitialize(DEDirector.java:1338)
	at ptolemy.actor.CompositeActor.preinitialize(CompositeActor.java:1828)
	at ptolemy.actor.Manager.preinitializeAndResolveTypes(Manager.java:1040)
	at ptolemy.actor.Manager.initialize(Manager.java:710)
	at ptolemy.actor.Manager.execute(Manager.java:356)
	at ptolemy.actor.Manager.run(Manager.java:1263)
	at ptolemy.actor.Manager$PtolemyRunThread.run(Manager.java:1933)
]]></system-err>
</testsuite>
