<?xml version="1.0" encoding="UTF-8" ?>
<testsuite errors="0" failures="0" hostname="travis-job-03103bc4-fcd2-4020-980c-4e42c744e3ce" name="ptolemy.domains.de.test.junit.JUnitTclTest" skipped="0" tests="101" time="126.73" timestamp="2019-03-14T18:38:23">
  <properties>
[...]
</properties>
  <testcase classname="ptolemy.util.test.junit.TclTests" name="[0] /home/travis/build/icyphy/ptII/ptolemy/domains/de/test/DependencyLoop.tcl (RunTclFile)" time="0.696" />
  <testcase classname="ptolemy.util.test.junit.TclTests" name="[1] /home/travis/build/icyphy/ptII/ptolemy/domains/de/test/RunDETestsAsQSS.tcl (RunTclFile)" time="86.38" />
  <testcase classname="ptolemy.util.test.junit.AutoKnownFailedTests" name="[0] /home/travis/build/icyphy/ptII/ptolemy/domains/de/test/auto/knownFailedTests/DESDFClockTest.xml (RunModel)" time="2.028" />
  <testcase classname="ptolemy.util.test.junit.AutoKnownFailedTests" name="[1] /home/travis/build/icyphy/ptII/ptolemy/domains/de/test/auto/knownFailedTests/DirectFeedback.xml (RunModel)" time="0.021" />
  <testcase classname="ptolemy.util.test.junit.AutoKnownFailedTests" name="[2] /home/travis/build/icyphy/ptII/ptolemy/domains/de/test/auto/knownFailedTests/FSMSource.xml (RunModel)" time="0.033" />
  <testcase classname="ptolemy.util.test.junit.AutoKnownFailedTests" name="[3] /home/travis/build/icyphy/ptII/ptolemy/domains/de/test/auto/knownFailedTests/HierarchicalModel.xml (RunModel)" time="0.051" />
  <testcase classname="ptolemy.util.test.junit.AutoKnownFailedTests" name="[4] /home/travis/build/icyphy/ptII/ptolemy/domains/de/test/auto/knownFailedTests/dependencyLoop.xml (RunModel)" time="0.035" />
  <testcase classname="ptolemy.util.test.junit.AutoKnownFailedTests" name="[5] /home/travis/build/icyphy/ptII/ptolemy/domains/de/test/auto/knownFailedTests/dependencyLoop2.xml (RunModel)" time="0.041" />
  <testcase classname="ptolemy.util.test.junit.AutoNameArchTests" name="[0] ThereAreNoAutoArchTests (RunModel)" time="0.001" />
  <testcase classname="ptolemy.util.test.junit.AutoTests" name="[0] /home/travis/build/icyphy/ptII/ptolemy/domains/de/test/auto/ActorDepthCalculation_actorWithoutPorts.xml (RunModel)" time="0.028" />
  <testcase classname="ptolemy.util.test.junit.AutoTests" name="[1] /home/travis/build/icyphy/ptII/ptolemy/domains/de/test/auto/AssemblyLine.xml (RunModel)" time="0.027" />
  <testcase classname="ptolemy.util.test.junit.AutoTests" name="[2] /home/travis/build/icyphy/ptII/ptolemy/domains/de/test/auto/CQBug1.xml (RunModel)" time="0.016" />
  <testcase classname="ptolemy.util.test.junit.AutoTests" name="[3] /home/travis/build/icyphy/ptII/ptolemy/domains/de/test/auto/CancelFireAt.xml (RunModel)" time="0.006" />
  <testcase classname="ptolemy.util.test.junit.AutoTests" name="[4] /home/travis/build/icyphy/ptII/ptolemy/domains/de/test/auto/CausalityAndComposabilityAnalysis.xml (RunModel)" time="0.011" />
  <testcase classname="ptolemy.util.test.junit.AutoTests" name="[5] /home/travis/build/icyphy/ptII/ptolemy/domains/de/test/auto/CausalityInterface1.xml (RunModel)" time="0.013" />
  <testcase classname="ptolemy.util.test.junit.AutoTests" name="[6] /home/travis/build/icyphy/ptII/ptolemy/domains/de/test/auto/CausalityInterface15.xml (RunModel)" time="0.025" />
  <testcase classname="ptolemy.util.test.junit.AutoTests" name="[7] /home/travis/build/icyphy/ptII/ptolemy/domains/de/test/auto/CausalityInterface2.xml (RunModel)" time="0.02" />
  <testcase classname="ptolemy.util.test.junit.AutoTests" name="[8] /home/travis/build/icyphy/ptII/ptolemy/domains/de/test/auto/CausalityInterface3.xml (RunModel)" time="0.012" />
  <testcase classname="ptolemy.util.test.junit.AutoTests" name="[9] /home/travis/build/icyphy/ptII/ptolemy/domains/de/test/auto/ClockDrift.xml (RunModel)" time="0.034" />
  <testcase classname="ptolemy.util.test.junit.AutoTests" name="[10] /home/travis/build/icyphy/ptII/ptolemy/domains/de/test/auto/ClockDriftAndValueChange.xml (RunModel)" time="0.03" />
  <testcase classname="ptolemy.util.test.junit.AutoTests" name="[11] /home/travis/build/icyphy/ptII/ptolemy/domains/de/test/auto/ClockDriftChange.xml (RunModel)" time="0.019" />
  <testcase classname="ptolemy.util.test.junit.AutoTests" name="[12] /home/travis/build/icyphy/ptII/ptolemy/domains/de/test/auto/ComposableCausalityAnalysis.xml (RunModel)" time="0.013" />
  <testcase classname="ptolemy.util.test.junit.AutoTests" name="[13] /home/travis/build/icyphy/ptII/ptolemy/domains/de/test/auto/DEFixedPointLimitation.xml (RunModel)" time="0.007" />
  <testcase classname="ptolemy.util.test.junit.AutoTests" name="[14] /home/travis/build/icyphy/ptII/ptolemy/domains/de/test/auto/DEScheduleTest.xml (RunModel)" time="0.025" />
  <testcase classname="ptolemy.util.test.junit.AutoTests" name="[15] /home/travis/build/icyphy/ptII/ptolemy/domains/de/test/auto/DEinDEwithStartTimes.xml (RunModel)" time="0.013" />
  <testcase classname="ptolemy.util.test.junit.AutoTests" name="[16] /home/travis/build/icyphy/ptII/ptolemy/domains/de/test/auto/DEinDEwithStartTimes2.xml (RunModel)" time="0.012" />
  <testcase classname="ptolemy.util.test.junit.AutoTests" name="[17] /home/travis/build/icyphy/ptII/ptolemy/domains/de/test/auto/DateDemo.xml (RunModel)" time="0.022" />
  <testcase classname="ptolemy.util.test.junit.AutoTests" name="[18] /home/travis/build/icyphy/ptII/ptolemy/domains/de/test/auto/DateToEvent.xml (RunModel)" time="2.028" />
  <testcase classname="ptolemy.util.test.junit.AutoTests" name="[19] /home/travis/build/icyphy/ptII/ptolemy/domains/de/test/auto/DepthTest1.xml (RunModel)" time="0.008" />
  <testcase classname="ptolemy.util.test.junit.AutoTests" name="[20] /home/travis/build/icyphy/ptII/ptolemy/domains/de/test/auto/DepthTest2.xml (RunModel)" time="0.018" />
  <testcase classname="ptolemy.util.test.junit.AutoTests" name="[21] /home/travis/build/icyphy/ptII/ptolemy/domains/de/test/auto/DepthTest3.xml (RunModel)" time="0.007" />
  <testcase classname="ptolemy.util.test.junit.AutoTests" name="[22] /home/travis/build/icyphy/ptII/ptolemy/domains/de/test/auto/DepthTest4.xml (RunModel)" time="0.012" />
  <testcase classname="ptolemy.util.test.junit.AutoTests" name="[23] /home/travis/build/icyphy/ptII/ptolemy/domains/de/test/auto/DepthTest5.xml (RunModel)" time="0.014" />
  <testcase classname="ptolemy.util.test.junit.AutoTests" name="[24] /home/travis/build/icyphy/ptII/ptolemy/domains/de/test/auto/DepthTest6.xml (RunModel)" time="0.013" />
  <testcase classname="ptolemy.util.test.junit.AutoTests" name="[25] /home/travis/build/icyphy/ptII/ptolemy/domains/de/test/auto/DepthTest7.xml (RunModel)" time="0.011" />
  <testcase classname="ptolemy.util.test.junit.AutoTests" name="[26] /home/travis/build/icyphy/ptII/ptolemy/domains/de/test/auto/EventToDate.xml (RunModel)" time="3.035" />
  <testcase classname="ptolemy.util.test.junit.AutoTests" name="[27] /home/travis/build/icyphy/ptII/ptolemy/domains/de/test/auto/FSM1.xml (RunModel)" time="0.037" />
  <testcase classname="ptolemy.util.test.junit.AutoTests" name="[28] /home/travis/build/icyphy/ptII/ptolemy/domains/de/test/auto/FSM7.xml (RunModel)" time="0.053" />
  <testcase classname="ptolemy.util.test.junit.AutoTests" name="[29] /home/travis/build/icyphy/ptII/ptolemy/domains/de/test/auto/Inspection.xml (RunModel)" time="0.039" />
  <testcase classname="ptolemy.util.test.junit.AutoTests" name="[30] /home/travis/build/icyphy/ptII/ptolemy/domains/de/test/auto/Iteration.xml (RunModel)" time="0.024" />
  <testcase classname="ptolemy.util.test.junit.AutoTests" name="[31] /home/travis/build/icyphy/ptII/ptolemy/domains/de/test/auto/LineFault.xml (RunModel)" time="0.582" />
  <testcase classname="ptolemy.util.test.junit.AutoTests" name="[32] /home/travis/build/icyphy/ptII/ptolemy/domains/de/test/auto/MergeModel1Add.xml (RunModel)" time="0.036" />
  <testcase classname="ptolemy.util.test.junit.AutoTests" name="[33] /home/travis/build/icyphy/ptII/ptolemy/domains/de/test/auto/MergeModel2Add.xml (RunModel)" time="0.036" />
  <testcase classname="ptolemy.util.test.junit.AutoTests" name="[34] /home/travis/build/icyphy/ptII/ptolemy/domains/de/test/auto/MergeModel3Add.xml (RunModel)" time="0.043" />
  <testcase classname="ptolemy.util.test.junit.AutoTests" name="[35] /home/travis/build/icyphy/ptII/ptolemy/domains/de/test/auto/MergeWithoutDiscard.xml (RunModel)" time="0.009" />
  <testcase classname="ptolemy.util.test.junit.AutoTests" name="[36] /home/travis/build/icyphy/ptII/ptolemy/domains/de/test/auto/Modal1.xml (RunModel)" time="0.035" />
  <testcase classname="ptolemy.util.test.junit.AutoTests" name="[37] /home/travis/build/icyphy/ptII/ptolemy/domains/de/test/auto/Modal2.xml (RunModel)" time="0.026" />
  <testcase classname="ptolemy.util.test.junit.AutoTests" name="[38] /home/travis/build/icyphy/ptII/ptolemy/domains/de/test/auto/Modal3.xml (RunModel)" time="0.03" />
  <testcase classname="ptolemy.util.test.junit.AutoTests" name="[39] /home/travis/build/icyphy/ptII/ptolemy/domains/de/test/auto/Modal4.xml (RunModel)" time="0.024" />
  <testcase classname="ptolemy.util.test.junit.AutoTests" name="[40] /home/travis/build/icyphy/ptII/ptolemy/domains/de/test/auto/Modal5.xml (RunModel)" time="0.031" />
  <testcase classname="ptolemy.util.test.junit.AutoTests" name="[41] /home/travis/build/icyphy/ptII/ptolemy/domains/de/test/auto/Modal6.xml (RunModel)" time="0.025" />
  <testcase classname="ptolemy.util.test.junit.AutoTests" name="[42] /home/travis/build/icyphy/ptII/ptolemy/domains/de/test/auto/Modal7.xml (RunModel)" time="0.026" />
  <testcase classname="ptolemy.util.test.junit.AutoTests" name="[43] /home/travis/build/icyphy/ptII/ptolemy/domains/de/test/auto/ModalModel.xml (RunModel)" time="0.16" />
  <testcase classname="ptolemy.util.test.junit.AutoTests" name="[44] /home/travis/build/icyphy/ptII/ptolemy/domains/de/test/auto/ModalSource.xml (RunModel)" time="0.022" />
  <testcase classname="ptolemy.util.test.junit.AutoTests" name="[45] /home/travis/build/icyphy/ptII/ptolemy/domains/de/test/auto/NonInterruptibleTimerZeroDelay.xml (RunModel)" time="0.009" />
  <testcase classname="ptolemy.util.test.junit.AutoTests" name="[46] /home/travis/build/icyphy/ptII/ptolemy/domains/de/test/auto/OpenQueueingNetwork.xml (RunModel)" time="2.293" />
  <testcase classname="ptolemy.util.test.junit.AutoTests" name="[47] /home/travis/build/icyphy/ptII/ptolemy/domains/de/test/auto/OpenQueuingNetwork.xml (RunModel)" time="0.272" />
  <testcase classname="ptolemy.util.test.junit.AutoTests" name="[48] /home/travis/build/icyphy/ptII/ptolemy/domains/de/test/auto/PeriodicSampler.xml (RunModel)" time="0.008" />
  <testcase classname="ptolemy.util.test.junit.AutoTests" name="[49] /home/travis/build/icyphy/ptII/ptolemy/domains/de/test/auto/PersistentIO.xml (RunModel)" time="0.019" />
  <testcase classname="ptolemy.util.test.junit.AutoTests" name="[50] /home/travis/build/icyphy/ptII/ptolemy/domains/de/test/auto/PortParameterResetOnInitialize.xml (RunModel)" time="0.009" />
  <testcase classname="ptolemy.util.test.junit.AutoTests" name="[51] /home/travis/build/icyphy/ptII/ptolemy/domains/de/test/auto/PortParameterUpdates.xml (RunModel)" time="0.017" />
  <testcase classname="ptolemy.util.test.junit.AutoTests" name="[52] /home/travis/build/icyphy/ptII/ptolemy/domains/de/test/auto/QueueAndServer.xml (RunModel)" time="0.026" />
  <testcase classname="ptolemy.util.test.junit.AutoTests" name="[53] /home/travis/build/icyphy/ptII/ptolemy/domains/de/test/auto/Records.xml (RunModel)" time="0.02" />
  <testcase classname="ptolemy.util.test.junit.AutoTests" name="[54] /home/travis/build/icyphy/ptII/ptolemy/domains/de/test/auto/ResetTransitionWithStartTime1.xml (RunModel)" time="0.021" />
  <testcase classname="ptolemy.util.test.junit.AutoTests" name="[55] /home/travis/build/icyphy/ptII/ptolemy/domains/de/test/auto/ResetTransitionWithStartTime2.xml (RunModel)" time="0.018" />
  <testcase classname="ptolemy.util.test.junit.AutoTests" name="[56] /home/travis/build/icyphy/ptII/ptolemy/domains/de/test/auto/ResetTransitionWithStartTime3.xml (RunModel)" time="0.02" />
  <testcase classname="ptolemy.util.test.junit.AutoTests" name="[57] /home/travis/build/icyphy/ptII/ptolemy/domains/de/test/auto/ResetTransitionWithStartTime4.xml (RunModel)" time="0.018" />
  <testcase classname="ptolemy.util.test.junit.AutoTests" name="[58] /home/travis/build/icyphy/ptII/ptolemy/domains/de/test/auto/ResettableTimer1.xml (RunModel)" time="0.01" />
  <testcase classname="ptolemy.util.test.junit.AutoTests" name="[59] /home/travis/build/icyphy/ptII/ptolemy/domains/de/test/auto/ResettableTimer2.xml (RunModel)" time="0.009" />
  <testcase classname="ptolemy.util.test.junit.AutoTests" name="[60] /home/travis/build/icyphy/ptII/ptolemy/domains/de/test/auto/ResettableTimer3.xml (RunModel)" time="0.007" />
  <testcase classname="ptolemy.util.test.junit.AutoTests" name="[61] /home/travis/build/icyphy/ptII/ptolemy/domains/de/test/auto/ResettableTimer4.xml (RunModel)" time="0.007" />
  <testcase classname="ptolemy.util.test.junit.AutoTests" name="[62] /home/travis/build/icyphy/ptII/ptolemy/domains/de/test/auto/ResettableTimer5.xml (RunModel)" time="0.009" />
  <testcase classname="ptolemy.util.test.junit.AutoTests" name="[63] /home/travis/build/icyphy/ptII/ptolemy/domains/de/test/auto/ResettableTimer6.xml (RunModel)" time="0.01" />
  <testcase classname="ptolemy.util.test.junit.AutoTests" name="[64] /home/travis/build/icyphy/ptII/ptolemy/domains/de/test/auto/ServerZeroDelay.xml (RunModel)" time="0.011" />
  <testcase classname="ptolemy.util.test.junit.AutoTests" name="[65] /home/travis/build/icyphy/ptII/ptolemy/domains/de/test/auto/SmartSender.xml (RunModel)" time="3.015" />
  <testcase classname="ptolemy.util.test.junit.AutoTests" name="[66] /home/travis/build/icyphy/ptII/ptolemy/domains/de/test/auto/ThreadedComposite.xml (RunModel)" time="0.14" />
  <testcase classname="ptolemy.util.test.junit.AutoTests" name="[67] /home/travis/build/icyphy/ptII/ptolemy/domains/de/test/auto/Time.xml (RunModel)" time="0.453" />
  <testcase classname="ptolemy.util.test.junit.AutoTests" name="[68] /home/travis/build/icyphy/ptII/ptolemy/domains/de/test/auto/TimeDelayZeroDelay.xml (RunModel)" time="0.01" />
  <testcase classname="ptolemy.util.test.junit.AutoTests" name="[69] /home/travis/build/icyphy/ptII/ptolemy/domains/de/test/auto/TimerZeroDelay.xml (RunModel)" time="0.009" />
  <testcase classname="ptolemy.util.test.junit.AutoTests" name="[70] /home/travis/build/icyphy/ptII/ptolemy/domains/de/test/auto/TimingParadox.xml (RunModel)" time="0.343" />
  <testcase classname="ptolemy.util.test.junit.AutoTests" name="[71] /home/travis/build/icyphy/ptII/ptolemy/domains/de/test/auto/TransferInputs.xml (RunModel)" time="0.012" />
  <testcase classname="ptolemy.util.test.junit.AutoTests" name="[72] /home/travis/build/icyphy/ptII/ptolemy/domains/de/test/auto/TransferOutputs2.xml (RunModel)" time="0.016" />
  <testcase classname="ptolemy.util.test.junit.AutoTests" name="[73] /home/travis/build/icyphy/ptII/ptolemy/domains/de/test/auto/Trilateration.xml (RunModel)" time="11.377" />
  <testcase classname="ptolemy.util.test.junit.AutoTests" name="[74] /home/travis/build/icyphy/ptII/ptolemy/domains/de/test/auto/TwoSigmaDelta.xml (RunModel)" time="2.061" />
  <testcase classname="ptolemy.util.test.junit.AutoTests" name="[75] /home/travis/build/icyphy/ptII/ptolemy/domains/de/test/auto/VariableDelay.xml (RunModel)" time="0.009" />
  <testcase classname="ptolemy.util.test.junit.AutoTests" name="[76] /home/travis/build/icyphy/ptII/ptolemy/domains/de/test/auto/VariableDelay2.xml (RunModel)" time="0.009" />
  <testcase classname="ptolemy.util.test.junit.AutoTests" name="[77] /home/travis/build/icyphy/ptII/ptolemy/domains/de/test/auto/VariableDelayZeroDelay.xml (RunModel)" time="0.009" />
  <testcase classname="ptolemy.util.test.junit.AutoTests" name="[78] /home/travis/build/icyphy/ptII/ptolemy/domains/de/test/auto/VariableDelayZeroDelay2.xml (RunModel)" time="0.008" />
  <testcase classname="ptolemy.util.test.junit.AutoTests" name="[79] /home/travis/build/icyphy/ptII/ptolemy/domains/de/test/auto/deInCt.xml (RunModel)" time="0.013" />
  <testcase classname="ptolemy.util.test.junit.AutoTests" name="[80] /home/travis/build/icyphy/ptII/ptolemy/domains/de/test/auto/deInCt2.xml (RunModel)" time="0.012" />
  <testcase classname="ptolemy.util.test.junit.AutoTests" name="[81] /home/travis/build/icyphy/ptII/ptolemy/domains/de/test/auto/dynamicCausalityInterface1.xml (RunModel)" time="0.017" />
  <testcase classname="ptolemy.util.test.junit.AutoTests" name="[82] /home/travis/build/icyphy/ptII/ptolemy/domains/de/test/auto/fsm_de_test.xml (RunModel)" time="0.019" />
  <testcase classname="ptolemy.util.test.junit.AutoTests" name="[83] /home/travis/build/icyphy/ptII/ptolemy/domains/de/test/auto/functionDependencyReconstruction.xml (RunModel)" time="0.029" />
  <testcase classname="ptolemy.util.test.junit.AutoTests" name="[84] /home/travis/build/icyphy/ptII/ptolemy/domains/de/test/auto/multirate.xml (RunModel)" time="0.013" />
  <testcase classname="ptolemy.util.test.junit.AutoTests" name="[85] /home/travis/build/icyphy/ptII/ptolemy/domains/de/test/auto/multirate2.xml (RunModel)" time="0.015" />
  <testcase classname="ptolemy.util.test.junit.AutoTests" name="[86] /home/travis/build/icyphy/ptII/ptolemy/domains/de/test/auto/realtime.xml (RunModel)" time="10.009" />
  <testcase classname="ptolemy.util.test.junit.AutoTests" name="[87] /home/travis/build/icyphy/ptII/ptolemy/domains/de/test/auto/relationGroup.xml (RunModel)" time="0.008" />
  <testcase classname="ptolemy.util.test.junit.AutoTests" name="[88] /home/travis/build/icyphy/ptII/ptolemy/domains/de/test/auto/relationGroup2.xml (RunModel)" time="0.006" />
  <testcase classname="ptolemy.util.test.junit.AutoTests" name="[89] /home/travis/build/icyphy/ptII/ptolemy/domains/de/test/auto/sortWithOpaquePorts.xml (RunModel)" time="0.006" />
  <testcase classname="ptolemy.util.test.junit.AutoTests" name="[90] /home/travis/build/icyphy/ptII/ptolemy/domains/de/test/auto/transferInputsandOutputs.xml (RunModel)" time="0.015" />
  <testcase classname="ptolemy.util.test.junit.AutoTests" name="[91] /home/travis/build/icyphy/ptII/ptolemy/domains/de/test/auto/triggerType.xml (RunModel)" time="0.008" />
  <system-out><![CDATA[/home/travis/build/icyphy/ptII/ptolemy/domains/de/test/DependencyLoop.tcl
testDefs.tcl: setting time out to 9000 seconds at Thu Mar 14 18:38:23 UTC 2019
15 ms. Memory: 116224K Free: 97650K (84%)
26 ms. Memory: 146944K Free: 141221K (96%)
/home/travis/build/icyphy/ptII/ptolemy/domains/de/test/RunDETestsAsQSS.tcl
Run the DE tests using ptolemy.domains.qss.test.QSSDirectorTest, which extends QSSDirector and prints a message in the constructors.
------------------ testing $PTII/ptolemy/domains/de/test/auto/knownFailedTests/dependencyLoop.xml (Known Failure) 
7 ms. Memory: 146944K Free: 136975K (93%)


==== $PTIIhome/travis/build/icyphy/ptII/ptolemy/domains/de/test/../../../../: Auto Automatic test in file $PTII/ptolemy/domains/de/test/auto/knownFailedTests/dependencyLoop.xml
==== Contents of test case:

	    # FIXME: we should use $relativeFilename here, but it
	    # might have backslashes under Windows, which causes no end
	    # of trouble.
	    createAndExecute $file
	    list {}
	
.... Test generated KNOWN error:
    while executing
ptolemy.kernel.util.IllegalActionException: Found a zero delay loop containing .dependencyLoop.original
  in .dependencyLoop and .dependencyLoop.original
	at ptolemy.actor.util.CausalityInterfaceForComposites._computeOutputPortDepth(CausalityInterfaceForComposites.java:759)
	at ptolemy.actor.util.CausalityInterfaceForComposites._computeInputDepth(CausalityInterfaceForComposites.java:696)
	at ptolemy.actor.util.CausalityInterfaceForComposites._computeOutputPortDepth(CausalityInterfaceForComposites.java:765)
	at ptolemy.actor.util.CausalityInterfaceForComposites._computeInputDepth(CausalityInterfaceForComposites.java:696)
	at ptolemy.actor.util.CausalityInterfaceForComposites._computeOutputPortDepth(CausalityInterfaceForComposites.java:765)
	at ptolemy.actor.util.CausalityInterfaceForComposites._computeInputDepth(CausalityInterfaceForComposites.java:696)
	at ptolemy.actor.util.CausalityInterfaceForComposites._computeActorDepth(CausalityInterfaceForComposites.java:532)
	at ptolemy.actor.util.CausalityInterfaceForComposites.checkForCycles(CausalityInterfaceForComposites.java:96)
	at ptolemy.domains.de.kernel.DEDirector.preinitialize(DEDirector.java:1338)
	at ptolemy.actor.CompositeActor.preinitialize(CompositeActor.java:1828)
	at ptolemy.actor.Manager.preinitializeAndResolveTypes(Manager.java:1040)
	at ptolemy.actor.Manager.initialize(Manager.java:710)
	at ptolemy.actor.Manager.execute(Manager.java:356)
	at ptolemy.actor.Manager.run(Manager.java:1263)
	at ptolemy.actor.Manager$PtolemyRunThread.run(Manager.java:1915)

    while executing
ptolemy.kernel.util.IllegalActionException: Found a zero delay loop containing .dependencyLoop.original
  in .dependencyLoop and .dependencyLoop.original
    while executing
"java::new ptolemy.moml.MoMLSimpleApplication $file
"
    (procedure "createAndExecute" line 2)
    invoked from within
"createAndExecute $file"
    ("uplevel" body line 5)
    invoked from within
"uplevel $contents_of_test"
------------------ testing $PTII/ptolemy/domains/de/test/auto/knownFailedTests/DESDFClockTest.xml (Known Failure) 
2088 ms. Memory: 146944K Free: 121411K (83%)


==== $PTIIhome/travis/build/icyphy/ptII/ptolemy/domains/de/test/../../../../: Auto Automatic test in file $PTII/ptolemy/domains/de/test/auto/knownFailedTests/DESDFClockTest.xml
==== Contents of test case:

	    # FIXME: we should use $relativeFilename here, but it
	    # might have backslashes under Windows, which causes no end
	    # of trouble.
	    createAndExecute $file
	    list {}
	
.... Test generated KNOWN error:
    while executing
ptolemy.kernel.util.IllegalActionException: Actor is not ready to fire.  Perhaps UpSample.prefire() returned false? Try debugging the actor by selecting "Listen to Actor".  Also, for SDF check moml for tokenConsumptionRate on input.
  in .DESDFClockTest.Play Bell.Copy1:SDF Director and .DESDFClockTest.Play Bell.UpSample
	at ptolemy.actor.sched.StaticSchedulingDirector.fire(StaticSchedulingDirector.java:227)
	at ptolemy.domains.sdf.kernel.SDFDirector.fire(SDFDirector.java:500)
	at ptolemy.actor.CompositeActor.fire(CompositeActor.java:455)
	at ptolemy.domains.de.kernel.DEDirector._fire(DEDirector.java:1949)
	at ptolemy.domains.de.kernel.DEDirector.fire(DEDirector.java:502)
	at ptolemy.actor.CompositeActor.fire(CompositeActor.java:455)
	at ptolemy.actor.Manager.iterate(Manager.java:851)
	at ptolemy.actor.Manager.execute(Manager.java:369)
	at ptolemy.actor.Manager.run(Manager.java:1263)
	at ptolemy.actor.Manager$PtolemyRunThread.run(Manager.java:1915)

    while executing
ptolemy.kernel.util.IllegalActionException: Actor is not ready to fire.  Perhaps UpSample.prefire() returned false? Try debugging the actor by selecting "Listen to Actor".  Also, for SDF check moml for tokenConsumptionRate on input.
  in .DESDFClockTest.Play Bell.Copy1:SDF Director and .DESDFClockTest.Play Bell.UpSample
    while executing
"java::new ptolemy.moml.MoMLSimpleApplication $file
"
    (procedure "createAndExecute" line 2)
    invoked from within
"createAndExecute $file"
    ("uplevel" body line 5)
    invoked from within
"uplevel $contents_of_test"
------------------ testing $PTII/ptolemy/domains/de/test/auto/knownFailedTests/FSMSource.xml (Known Failure) 
43 ms. Memory: 146944K Free: 112560K (77%)
!!!! Auto was marked as failing, but now passes
------------------ testing $PTII/ptolemy/domains/de/test/auto/knownFailedTests/dependencyLoop2.xml (Known Failure) 
6 ms. Memory: 146944K Free: 110676K (75%)


==== $PTIIhome/travis/build/icyphy/ptII/ptolemy/domains/de/test/../../../../: Auto Automatic test in file $PTII/ptolemy/domains/de/test/auto/knownFailedTests/dependencyLoop2.xml
==== Contents of test case:

	    # FIXME: we should use $relativeFilename here, but it
	    # might have backslashes under Windows, which causes no end
	    # of trouble.
	    createAndExecute $file
	    list {}
	
.... Test generated KNOWN error:
    while executing
ptolemy.kernel.util.IllegalActionException: Found a zero delay loop containing .dependencyLoop2.original
  in .dependencyLoop2 and .dependencyLoop2.original
	at ptolemy.actor.util.CausalityInterfaceForComposites._computeOutputPortDepth(CausalityInterfaceForComposites.java:759)
	at ptolemy.actor.util.CausalityInterfaceForComposites._computeInputDepth(CausalityInterfaceForComposites.java:696)
	at ptolemy.actor.util.CausalityInterfaceForComposites._computeOutputPortDepth(CausalityInterfaceForComposites.java:765)
	at ptolemy.actor.util.CausalityInterfaceForComposites._computeInputDepth(CausalityInterfaceForComposites.java:696)
	at ptolemy.actor.util.CausalityInterfaceForComposites._computeOutputPortDepth(CausalityInterfaceForComposites.java:765)
	at ptolemy.actor.util.CausalityInterfaceForComposites._computeInputDepth(CausalityInterfaceForComposites.java:696)
	at ptolemy.actor.util.CausalityInterfaceForComposites._computeActorDepth(CausalityInterfaceForComposites.java:532)
	at ptolemy.actor.util.CausalityInterfaceForComposites.checkForCycles(CausalityInterfaceForComposites.java:96)
	at ptolemy.domains.de.kernel.DEDirector.preinitialize(DEDirector.java:1338)
	at ptolemy.actor.CompositeActor.preinitialize(CompositeActor.java:1828)
	at ptolemy.actor.Manager.preinitializeAndResolveTypes(Manager.java:1040)
	at ptolemy.actor.Manager.initialize(Manager.java:710)
	at ptolemy.actor.Manager.execute(Manager.java:356)
	at ptolemy.actor.Manager.run(Manager.java:1263)
	at ptolemy.actor.Manager$PtolemyRunThread.run(Manager.java:1915)

    while executing
ptolemy.kernel.util.IllegalActionException: Found a zero delay loop containing .dependencyLoop2.original
  in .dependencyLoop2 and .dependencyLoop2.original
    while executing
"java::new ptolemy.moml.MoMLSimpleApplication $file
"
    (procedure "createAndExecute" line 2)
    invoked from within
"createAndExecute $file"
    ("uplevel" body line 5)
    invoked from within
"uplevel $contents_of_test"
------------------ testing $PTII/ptolemy/domains/de/test/auto/knownFailedTests/HierarchicalModel.xml (Known Failure) 
5 ms. Memory: 146944K Free: 90514K (62%)


==== $PTIIhome/travis/build/icyphy/ptII/ptolemy/domains/de/test/../../../../: Auto Automatic test in file $PTII/ptolemy/domains/de/test/auto/knownFailedTests/HierarchicalModel.xml
==== Contents of test case:

	    # FIXME: we should use $relativeFilename here, but it
	    # might have backslashes under Windows, which causes no end
	    # of trouble.
	    createAndExecute $file
	    list {}
	
.... Test generated KNOWN error:
    while executing
ptolemy.kernel.util.IllegalActionException: Found a zero delay loop containing .HierarchicalModel.A
  in .HierarchicalModel and .HierarchicalModel.A
	at ptolemy.actor.util.CausalityInterfaceForComposites._computeOutputPortDepth(CausalityInterfaceForComposites.java:759)
	at ptolemy.actor.util.CausalityInterfaceForComposites._computeInputDepth(CausalityInterfaceForComposites.java:696)
	at ptolemy.actor.util.CausalityInterfaceForComposites._computeOutputPortDepth(CausalityInterfaceForComposites.java:765)
	at ptolemy.actor.util.CausalityInterfaceForComposites._computeInputDepth(CausalityInterfaceForComposites.java:696)
	at ptolemy.actor.util.CausalityInterfaceForComposites._computeOutputPortDepth(CausalityInterfaceForComposites.java:765)
	at ptolemy.actor.util.CausalityInterfaceForComposites._computeInputDepth(CausalityInterfaceForComposites.java:696)
	at ptolemy.actor.util.CausalityInterfaceForComposites._computeActorDepth(CausalityInterfaceForComposites.java:532)
	at ptolemy.actor.util.CausalityInterfaceForComposites.checkForCycles(CausalityInterfaceForComposites.java:96)
	at ptolemy.domains.de.kernel.DEDirector.preinitialize(DEDirector.java:1338)
	at ptolemy.actor.CompositeActor.preinitialize(CompositeActor.java:1828)
	at ptolemy.actor.Manager.preinitializeAndResolveTypes(Manager.java:1040)
	at ptolemy.actor.Manager.initialize(Manager.java:710)
	at ptolemy.actor.Manager.execute(Manager.java:356)
	at ptolemy.actor.Manager.run(Manager.java:1263)
	at ptolemy.actor.Manager$PtolemyRunThread.run(Manager.java:1915)

    while executing
ptolemy.kernel.util.IllegalActionException: Found a zero delay loop containing .HierarchicalModel.A
  in .HierarchicalModel and .HierarchicalModel.A
    while executing
"java::new ptolemy.moml.MoMLSimpleApplication $file
"
    (procedure "createAndExecute" line 2)
    invoked from within
"createAndExecute $file"
    ("uplevel" body line 5)
    invoked from within
"uplevel $contents_of_test"
------------------ testing $PTII/ptolemy/domains/de/test/auto/knownFailedTests/DirectFeedback.xml (Known Failure) 
4 ms. Memory: 146944K Free: 86404K (59%)


==== $PTIIhome/travis/build/icyphy/ptII/ptolemy/domains/de/test/../../../../: Auto Automatic test in file $PTII/ptolemy/domains/de/test/auto/knownFailedTests/DirectFeedback.xml
==== Contents of test case:

	    # FIXME: we should use $relativeFilename here, but it
	    # might have backslashes under Windows, which causes no end
	    # of trouble.
	    createAndExecute $file
	    list {}
	
.... Test generated KNOWN error:
    while executing
ptolemy.kernel.util.IllegalActionException: Test fails in iteration 1.
Value was: 1.0. Should have been: 2.0
  in .DirectFeedback.Test
	at ptolemy.actor.lib.Test.fire(Test.java:268)
	at ptolemy.domains.de.kernel.DEDirector._fire(DEDirector.java:1949)
	at ptolemy.domains.de.kernel.DEDirector.fire(DEDirector.java:502)
	at ptolemy.actor.CompositeActor.fire(CompositeActor.java:455)
	at ptolemy.actor.Manager.iterate(Manager.java:851)
	at ptolemy.actor.Manager.execute(Manager.java:369)
	at ptolemy.actor.Manager.run(Manager.java:1263)
	at ptolemy.actor.Manager$PtolemyRunThread.run(Manager.java:1915)

    while executing
ptolemy.kernel.util.IllegalActionException: Test fails in iteration 1.
Value was: 1.0. Should have been: 2.0
  in .DirectFeedback.Test
    while executing
"java::new ptolemy.moml.MoMLSimpleApplication $file
"
    (procedure "createAndExecute" line 2)
    invoked from within
"createAndExecute $file"
    ("uplevel" body line 5)
    invoked from within
"uplevel $contents_of_test"
------------------ testing $PTII/ptolemy/domains/de/test/auto/ActorDepthCalculation_actorWithoutPorts.xml
auto.tcl: Setting watchdog for 200 seconds at Thu Mar 14 18:38:26 UTC 2019
4 ms. Memory: 146944K Free: 138677K (94%)
ptolemy.util.test.WatchDog.cancel(): canceling Thu Mar 14 18:38:26 UTC 2019
auto.tcl: Setting watchdog for 200 seconds at Thu Mar 14 18:38:26 UTC 2019
4 ms. Memory: 146944K Free: 137657K (94%)
ptolemy.util.test.WatchDog.cancel(): canceling Thu Mar 14 18:38:26 UTC 2019
------------------ testing $PTII/ptolemy/domains/de/test/auto/AssemblyLine.xml
auto.tcl: Setting watchdog for 200 seconds at Thu Mar 14 18:38:26 UTC 2019
27 ms. Memory: 208384K Free: 183398K (88%)
ptolemy.util.test.WatchDog.cancel(): canceling Thu Mar 14 18:38:27 UTC 2019
auto.tcl: Setting watchdog for 200 seconds at Thu Mar 14 18:38:27 UTC 2019
10 ms. Memory: 208384K Free: 183398K (88%)
ptolemy.util.test.WatchDog.cancel(): canceling Thu Mar 14 18:38:27 UTC 2019
------------------ testing $PTII/ptolemy/domains/de/test/auto/CQBug1.xml
auto.tcl: Setting watchdog for 200 seconds at Thu Mar 14 18:38:27 UTC 2019
3 ms. Memory: 208384K Free: 197903K (95%)
ptolemy.util.test.WatchDog.cancel(): canceling Thu Mar 14 18:38:27 UTC 2019
auto.tcl: Setting watchdog for 200 seconds at Thu Mar 14 18:38:27 UTC 2019
2 ms. Memory: 208384K Free: 197903K (95%)
ptolemy.util.test.WatchDog.cancel(): canceling Thu Mar 14 18:38:27 UTC 2019
------------------ testing $PTII/ptolemy/domains/de/test/auto/CancelFireAt.xml
auto.tcl: Setting watchdog for 200 seconds at Thu Mar 14 18:38:27 UTC 2019
3 ms. Memory: 208384K Free: 201559K (97%)
ptolemy.util.test.WatchDog.cancel(): canceling Thu Mar 14 18:38:27 UTC 2019
auto.tcl: Setting watchdog for 200 seconds at Thu Mar 14 18:38:27 UTC 2019
6 ms. Memory: 208384K Free: 199518K (96%)
ptolemy.util.test.WatchDog.cancel(): canceling Thu Mar 14 18:38:27 UTC 2019
------------------ testing $PTII/ptolemy/domains/de/test/auto/CausalityAndComposabilityAnalysis.xml
auto.tcl: Setting watchdog for 200 seconds at Thu Mar 14 18:38:27 UTC 2019
14 ms. Memory: 208384K Free: 198580K (95%)
ptolemy.util.test.WatchDog.cancel(): canceling Thu Mar 14 18:38:27 UTC 2019
auto.tcl: Setting watchdog for 200 seconds at Thu Mar 14 18:38:27 UTC 2019
5 ms. Memory: 208384K Free: 196531K (94%)
ptolemy.util.test.WatchDog.cancel(): canceling Thu Mar 14 18:38:27 UTC 2019
------------------ testing $PTII/ptolemy/domains/de/test/auto/CausalityInterface1.xml
auto.tcl: Setting watchdog for 200 seconds at Thu Mar 14 18:38:27 UTC 2019
10 ms. Memory: 208384K Free: 196460K (94%)
ptolemy.util.test.WatchDog.cancel(): canceling Thu Mar 14 18:38:27 UTC 2019
auto.tcl: Setting watchdog for 200 seconds at Thu Mar 14 18:38:27 UTC 2019
9 ms. Memory: 208384K Free: 196460K (94%)
ptolemy.util.test.WatchDog.cancel(): canceling Thu Mar 14 18:38:27 UTC 2019
------------------ testing $PTII/ptolemy/domains/de/test/auto/CausalityInterface15.xml
auto.tcl: Setting watchdog for 200 seconds at Thu Mar 14 18:38:27 UTC 2019
9 ms. Memory: 208384K Free: 196443K (94%)
ptolemy.util.test.WatchDog.cancel(): canceling Thu Mar 14 18:38:27 UTC 2019
auto.tcl: Setting watchdog for 200 seconds at Thu Mar 14 18:38:27 UTC 2019
4 ms. Memory: 208384K Free: 196443K (94%)
ptolemy.util.test.WatchDog.cancel(): canceling Thu Mar 14 18:38:27 UTC 2019
------------------ testing $PTII/ptolemy/domains/de/test/auto/CausalityInterface2.xml
auto.tcl: Setting watchdog for 200 seconds at Thu Mar 14 18:38:27 UTC 2019
5 ms. Memory: 208384K Free: 196449K (94%)
ptolemy.util.test.WatchDog.cancel(): canceling Thu Mar 14 18:38:27 UTC 2019
auto.tcl: Setting watchdog for 200 seconds at Thu Mar 14 18:38:27 UTC 2019
5 ms. Memory: 208384K Free: 196449K (94%)
ptolemy.util.test.WatchDog.cancel(): canceling Thu Mar 14 18:38:27 UTC 2019
------------------ testing $PTII/ptolemy/domains/de/test/auto/CausalityInterface3.xml
auto.tcl: Setting watchdog for 200 seconds at Thu Mar 14 18:38:27 UTC 2019
7 ms. Memory: 208384K Free: 196463K (94%)
ptolemy.util.test.WatchDog.cancel(): canceling Thu Mar 14 18:38:27 UTC 2019
auto.tcl: Setting watchdog for 200 seconds at Thu Mar 14 18:38:27 UTC 2019
6 ms. Memory: 208384K Free: 196463K (94%)
ptolemy.util.test.WatchDog.cancel(): canceling Thu Mar 14 18:38:27 UTC 2019
------------------ testing $PTII/ptolemy/domains/de/test/auto/ClockDrift.xml
auto.tcl: Setting watchdog for 200 seconds at Thu Mar 14 18:38:27 UTC 2019
93 ms. Memory: 208384K Free: 187855K (90%)
ptolemy.util.test.WatchDog.cancel(): canceling Thu Mar 14 18:38:27 UTC 2019
auto.tcl: Setting watchdog for 200 seconds at Thu Mar 14 18:38:27 UTC 2019
48 ms. Memory: 208384K Free: 185798K (89%)
ptolemy.util.test.WatchDog.cancel(): canceling Thu Mar 14 18:38:28 UTC 2019
------------------ testing $PTII/ptolemy/domains/de/test/auto/ClockDriftAndValueChange.xml
auto.tcl: Setting watchdog for 200 seconds at Thu Mar 14 18:38:28 UTC 2019
50 ms. Memory: 208384K Free: 189716K (91%)
ptolemy.util.test.WatchDog.cancel(): canceling Thu Mar 14 18:38:28 UTC 2019
auto.tcl: Setting watchdog for 200 seconds at Thu Mar 14 18:38:28 UTC 2019
38 ms. Memory: 208384K Free: 185634K (89%)
ptolemy.util.test.WatchDog.cancel(): canceling Thu Mar 14 18:38:28 UTC 2019
------------------ testing $PTII/ptolemy/domains/de/test/auto/ClockDriftChange.xml
auto.tcl: Setting watchdog for 200 seconds at Thu Mar 14 18:38:28 UTC 2019
23 ms. Memory: 208384K Free: 191476K (92%)
ptolemy.util.test.WatchDog.cancel(): canceling Thu Mar 14 18:38:28 UTC 2019
auto.tcl: Setting watchdog for 200 seconds at Thu Mar 14 18:38:28 UTC 2019
18 ms. Memory: 208384K Free: 189435K (91%)
ptolemy.util.test.WatchDog.cancel(): canceling Thu Mar 14 18:38:28 UTC 2019
------------------ testing $PTII/ptolemy/domains/de/test/auto/ComposableCausalityAnalysis.xml
auto.tcl: Setting watchdog for 200 seconds at Thu Mar 14 18:38:28 UTC 2019
2 ms. Memory: 208384K Free: 196332K (94%)
ptolemy.util.test.WatchDog.cancel(): canceling Thu Mar 14 18:38:28 UTC 2019
auto.tcl: Setting watchdog for 200 seconds at Thu Mar 14 18:38:28 UTC 2019
2 ms. Memory: 208384K Free: 194275K (93%)
ptolemy.util.test.WatchDog.cancel(): canceling Thu Mar 14 18:38:28 UTC 2019
------------------ testing $PTII/ptolemy/domains/de/test/auto/DEFixedPointLimitation.xml
auto.tcl: Setting watchdog for 200 seconds at Thu Mar 14 18:38:28 UTC 2019
3 ms. Memory: 208384K Free: 198446K (95%)
ptolemy.util.test.WatchDog.cancel(): canceling Thu Mar 14 18:38:28 UTC 2019
auto.tcl: Setting watchdog for 200 seconds at Thu Mar 14 18:38:28 UTC 2019
1 ms. Memory: 208384K Free: 196404K (94%)
ptolemy.util.test.WatchDog.cancel(): canceling Thu Mar 14 18:38:28 UTC 2019
------------------ testing $PTII/ptolemy/domains/de/test/auto/DEScheduleTest.xml
auto.tcl: Setting watchdog for 200 seconds at Thu Mar 14 18:38:28 UTC 2019
7 ms. Memory: 208384K Free: 198482K (95%)
ptolemy.util.test.WatchDog.cancel(): canceling Thu Mar 14 18:38:28 UTC 2019
auto.tcl: Setting watchdog for 200 seconds at Thu Mar 14 18:38:28 UTC 2019
5 ms. Memory: 208384K Free: 196425K (94%)
ptolemy.util.test.WatchDog.cancel(): canceling Thu Mar 14 18:38:28 UTC 2019
------------------ testing $PTII/ptolemy/domains/de/test/auto/DEinDEwithStartTimes.xml
auto.tcl: Setting watchdog for 200 seconds at Thu Mar 14 18:38:28 UTC 2019
6 ms. Memory: 208384K Free: 196426K (94%)
ptolemy.util.test.WatchDog.cancel(): canceling Thu Mar 14 18:38:28 UTC 2019
auto.tcl: Setting watchdog for 200 seconds at Thu Mar 14 18:38:28 UTC 2019
4 ms. Memory: 208384K Free: 196426K (94%)
ptolemy.util.test.WatchDog.cancel(): canceling Thu Mar 14 18:38:28 UTC 2019
------------------ testing $PTII/ptolemy/domains/de/test/auto/DEinDEwithStartTimes2.xml
auto.tcl: Setting watchdog for 200 seconds at Thu Mar 14 18:38:28 UTC 2019
8 ms. Memory: 208384K Free: 196405K (94%)
ptolemy.util.test.WatchDog.cancel(): canceling Thu Mar 14 18:38:28 UTC 2019
auto.tcl: Setting watchdog for 200 seconds at Thu Mar 14 18:38:28 UTC 2019
3 ms. Memory: 208384K Free: 194364K (93%)
ptolemy.util.test.WatchDog.cancel(): canceling Thu Mar 14 18:38:28 UTC 2019
------------------ testing $PTII/ptolemy/domains/de/test/auto/DateDemo.xml
auto.tcl: Setting watchdog for 200 seconds at Thu Mar 14 18:38:28 UTC 2019
11 ms. Memory: 208384K Free: 189010K (91%)
ptolemy.util.test.WatchDog.cancel(): canceling Thu Mar 14 18:38:28 UTC 2019
auto.tcl: Setting watchdog for 200 seconds at Thu Mar 14 18:38:28 UTC 2019
6 ms. Memory: 208384K Free: 186952K (90%)
ptolemy.util.test.WatchDog.cancel(): canceling Thu Mar 14 18:38:28 UTC 2019
------------------ testing $PTII/ptolemy/domains/de/test/auto/DateToEvent.xml
auto.tcl: Setting watchdog for 200 seconds at Thu Mar 14 18:38:28 UTC 2019
2015 ms. Memory: 208384K Free: 183813K (88%)
ptolemy.util.test.WatchDog.cancel(): canceling Thu Mar 14 18:38:31 UTC 2019
auto.tcl: Setting watchdog for 200 seconds at Thu Mar 14 18:38:31 UTC 2019
2006 ms. Memory: 208384K Free: 183813K (88%)
ptolemy.util.test.WatchDog.cancel(): canceling Thu Mar 14 18:38:33 UTC 2019
------------------ testing $PTII/ptolemy/domains/de/test/auto/DepthTest1.xml
auto.tcl: Setting watchdog for 200 seconds at Thu Mar 14 18:38:33 UTC 2019
2 ms. Memory: 208384K Free: 198009K (95%)
ptolemy.util.test.WatchDog.cancel(): canceling Thu Mar 14 18:38:33 UTC 2019
auto.tcl: Setting watchdog for 200 seconds at Thu Mar 14 18:38:33 UTC 2019
2 ms. Memory: 208384K Free: 198009K (95%)
ptolemy.util.test.WatchDog.cancel(): canceling Thu Mar 14 18:38:33 UTC 2019
------------------ testing $PTII/ptolemy/domains/de/test/auto/DepthTest2.xml
auto.tcl: Setting watchdog for 200 seconds at Thu Mar 14 18:38:33 UTC 2019
4 ms. Memory: 208384K Free: 194344K (93%)
ptolemy.util.test.WatchDog.cancel(): canceling Thu Mar 14 18:38:33 UTC 2019
auto.tcl: Setting watchdog for 200 seconds at Thu Mar 14 18:38:33 UTC 2019
7 ms. Memory: 208384K Free: 194344K (93%)
ptolemy.util.test.WatchDog.cancel(): canceling Thu Mar 14 18:38:33 UTC 2019
------------------ testing $PTII/ptolemy/domains/de/test/auto/DepthTest3.xml
auto.tcl: Setting watchdog for 200 seconds at Thu Mar 14 18:38:33 UTC 2019
5 ms. Memory: 208384K Free: 198360K (95%)
ptolemy.util.test.WatchDog.cancel(): canceling Thu Mar 14 18:38:33 UTC 2019
auto.tcl: Setting watchdog for 200 seconds at Thu Mar 14 18:38:33 UTC 2019
1 ms. Memory: 208384K Free: 198360K (95%)
ptolemy.util.test.WatchDog.cancel(): canceling Thu Mar 14 18:38:33 UTC 2019
------------------ testing $PTII/ptolemy/domains/de/test/auto/DepthTest4.xml
auto.tcl: Setting watchdog for 200 seconds at Thu Mar 14 18:38:33 UTC 2019
6 ms. Memory: 208384K Free: 196374K (94%)
ptolemy.util.test.WatchDog.cancel(): canceling Thu Mar 14 18:38:33 UTC 2019
auto.tcl: Setting watchdog for 200 seconds at Thu Mar 14 18:38:33 UTC 2019
2 ms. Memory: 208384K Free: 196374K (94%)
ptolemy.util.test.WatchDog.cancel(): canceling Thu Mar 14 18:38:33 UTC 2019
------------------ testing $PTII/ptolemy/domains/de/test/auto/DepthTest5.xml
auto.tcl: Setting watchdog for 200 seconds at Thu Mar 14 18:38:33 UTC 2019
5 ms. Memory: 208384K Free: 196345K (94%)
ptolemy.util.test.WatchDog.cancel(): canceling Thu Mar 14 18:38:33 UTC 2019
auto.tcl: Setting watchdog for 200 seconds at Thu Mar 14 18:38:33 UTC 2019
2 ms. Memory: 208384K Free: 196345K (94%)
ptolemy.util.test.WatchDog.cancel(): canceling Thu Mar 14 18:38:33 UTC 2019
------------------ testing $PTII/ptolemy/domains/de/test/auto/DepthTest6.xml
auto.tcl: Setting watchdog for 200 seconds at Thu Mar 14 18:38:33 UTC 2019
7 ms. Memory: 208384K Free: 196848K (94%)
ptolemy.util.test.WatchDog.cancel(): canceling Thu Mar 14 18:38:33 UTC 2019
auto.tcl: Setting watchdog for 200 seconds at Thu Mar 14 18:38:33 UTC 2019
2 ms. Memory: 208384K Free: 196848K (94%)
ptolemy.util.test.WatchDog.cancel(): canceling Thu Mar 14 18:38:33 UTC 2019
------------------ testing $PTII/ptolemy/domains/de/test/auto/DepthTest7.xml
auto.tcl: Setting watchdog for 200 seconds at Thu Mar 14 18:38:33 UTC 2019
3 ms. Memory: 208384K Free: 196278K (94%)
ptolemy.util.test.WatchDog.cancel(): canceling Thu Mar 14 18:38:33 UTC 2019
auto.tcl: Setting watchdog for 200 seconds at Thu Mar 14 18:38:33 UTC 2019
1 ms. Memory: 208384K Free: 196278K (94%)
ptolemy.util.test.WatchDog.cancel(): canceling Thu Mar 14 18:38:33 UTC 2019
------------------ testing $PTII/ptolemy/domains/de/test/auto/EventToDate.xml
auto.tcl: Setting watchdog for 200 seconds at Thu Mar 14 18:38:33 UTC 2019
3005 ms. Memory: 208384K Free: 188119K (90%)
ptolemy.util.test.WatchDog.cancel(): canceling Thu Mar 14 18:38:36 UTC 2019
auto.tcl: Setting watchdog for 200 seconds at Thu Mar 14 18:38:36 UTC 2019
3003 ms. Memory: 208384K Free: 186077K (89%)
ptolemy.util.test.WatchDog.cancel(): canceling Thu Mar 14 18:38:39 UTC 2019
------------------ testing $PTII/ptolemy/domains/de/test/auto/FSM1.xml
auto.tcl: Setting watchdog for 200 seconds at Thu Mar 14 18:38:39 UTC 2019
36 ms. Memory: 208384K Free: 189431K (91%)
ptolemy.util.test.WatchDog.cancel(): canceling Thu Mar 14 18:38:39 UTC 2019
auto.tcl: Setting watchdog for 200 seconds at Thu Mar 14 18:38:39 UTC 2019
26 ms. Memory: 208384K Free: 185316K (89%)
ptolemy.util.test.WatchDog.cancel(): canceling Thu Mar 14 18:38:39 UTC 2019
------------------ testing $PTII/ptolemy/domains/de/test/auto/FSM7.xml
auto.tcl: Setting watchdog for 200 seconds at Thu Mar 14 18:38:39 UTC 2019
16 ms. Memory: 208384K Free: 190185K (91%)
ptolemy.util.test.WatchDog.cancel(): canceling Thu Mar 14 18:38:39 UTC 2019
auto.tcl: Setting watchdog for 200 seconds at Thu Mar 14 18:38:39 UTC 2019
13 ms. Memory: 208384K Free: 185583K (89%)
ptolemy.util.test.WatchDog.cancel(): canceling Thu Mar 14 18:38:39 UTC 2019
------------------ testing $PTII/ptolemy/domains/de/test/auto/Inspection.xml
auto.tcl: Setting watchdog for 200 seconds at Thu Mar 14 18:38:39 UTC 2019
49 ms. Memory: 208384K Free: 189343K (91%)
ptolemy.util.test.WatchDog.cancel(): canceling Thu Mar 14 18:38:40 UTC 2019
auto.tcl: Setting watchdog for 200 seconds at Thu Mar 14 18:38:40 UTC 2019
29 ms. Memory: 208384K Free: 187301K (90%)
ptolemy.util.test.WatchDog.cancel(): canceling Thu Mar 14 18:38:40 UTC 2019
------------------ testing $PTII/ptolemy/domains/de/test/auto/Iteration.xml
auto.tcl: Setting watchdog for 200 seconds at Thu Mar 14 18:38:40 UTC 2019
15 ms. Memory: 208384K Free: 196629K (94%)
ptolemy.util.test.WatchDog.cancel(): canceling Thu Mar 14 18:38:40 UTC 2019
auto.tcl: Setting watchdog for 200 seconds at Thu Mar 14 18:38:40 UTC 2019
10 ms. Memory: 208384K Free: 194580K (93%)
ptolemy.util.test.WatchDog.cancel(): canceling Thu Mar 14 18:38:40 UTC 2019
------------------ testing $PTII/ptolemy/domains/de/test/auto/LineFault.xml
auto.tcl: Setting watchdog for 200 seconds at Thu Mar 14 18:38:40 UTC 2019
792 ms. Memory: 208384K Free: 200050K (96%)
ptolemy.util.test.WatchDog.cancel(): canceling Thu Mar 14 18:38:41 UTC 2019
auto.tcl: Setting watchdog for 200 seconds at Thu Mar 14 18:38:41 UTC 2019
616 ms. Memory: 208384K Free: 142897K (69%)
ptolemy.util.test.WatchDog.cancel(): canceling Thu Mar 14 18:38:41 UTC 2019
------------------ testing $PTII/ptolemy/domains/de/test/auto/MergeModel1Add.xml
auto.tcl: Setting watchdog for 200 seconds at Thu Mar 14 18:38:41 UTC 2019
31 ms. Memory: 331264K Free: 300749K (91%)
ptolemy.util.test.WatchDog.cancel(): canceling Thu Mar 14 18:38:42 UTC 2019
auto.tcl: Setting watchdog for 200 seconds at Thu Mar 14 18:38:42 UTC 2019
13 ms. Memory: 331264K Free: 300749K (91%)
ptolemy.util.test.WatchDog.cancel(): canceling Thu Mar 14 18:38:42 UTC 2019
------------------ testing $PTII/ptolemy/domains/de/test/auto/MergeModel2Add.xml
auto.tcl: Setting watchdog for 200 seconds at Thu Mar 14 18:38:42 UTC 2019
20 ms. Memory: 331264K Free: 305682K (92%)
ptolemy.util.test.WatchDog.cancel(): canceling Thu Mar 14 18:38:42 UTC 2019
auto.tcl: Setting watchdog for 200 seconds at Thu Mar 14 18:38:42 UTC 2019
14 ms. Memory: 331264K Free: 302096K (91%)
ptolemy.util.test.WatchDog.cancel(): canceling Thu Mar 14 18:38:42 UTC 2019
------------------ testing $PTII/ptolemy/domains/de/test/auto/MergeModel3Add.xml
auto.tcl: Setting watchdog for 200 seconds at Thu Mar 14 18:38:42 UTC 2019
9 ms. Memory: 331264K Free: 305699K (92%)
ptolemy.util.test.WatchDog.cancel(): canceling Thu Mar 14 18:38:42 UTC 2019
auto.tcl: Setting watchdog for 200 seconds at Thu Mar 14 18:38:42 UTC 2019
8 ms. Memory: 331264K Free: 302129K (91%)
ptolemy.util.test.WatchDog.cancel(): canceling Thu Mar 14 18:38:42 UTC 2019
------------------ testing $PTII/ptolemy/domains/de/test/auto/MergeWithoutDiscard.xml
auto.tcl: Setting watchdog for 200 seconds at Thu Mar 14 18:38:42 UTC 2019
2 ms. Memory: 331264K Free: 316021K (95%)
ptolemy.util.test.WatchDog.cancel(): canceling Thu Mar 14 18:38:42 UTC 2019
auto.tcl: Setting watchdog for 200 seconds at Thu Mar 14 18:38:42 UTC 2019
1 ms. Memory: 331264K Free: 316021K (95%)
ptolemy.util.test.WatchDog.cancel(): canceling Thu Mar 14 18:38:42 UTC 2019
------------------ testing $PTII/ptolemy/domains/de/test/auto/Modal1.xml
auto.tcl: Setting watchdog for 200 seconds at Thu Mar 14 18:38:42 UTC 2019
14 ms. Memory: 331264K Free: 310291K (94%)
ptolemy.util.test.WatchDog.cancel(): canceling Thu Mar 14 18:38:42 UTC 2019
auto.tcl: Setting watchdog for 200 seconds at Thu Mar 14 18:38:42 UTC 2019
16 ms. Memory: 331264K Free: 306713K (93%)
ptolemy.util.test.WatchDog.cancel(): canceling Thu Mar 14 18:38:42 UTC 2019
------------------ testing $PTII/ptolemy/domains/de/test/auto/Modal2.xml
auto.tcl: Setting watchdog for 200 seconds at Thu Mar 14 18:38:42 UTC 2019
15 ms. Memory: 331264K Free: 310181K (94%)
ptolemy.util.test.WatchDog.cancel(): canceling Thu Mar 14 18:38:42 UTC 2019
auto.tcl: Setting watchdog for 200 seconds at Thu Mar 14 18:38:42 UTC 2019
17 ms. Memory: 331264K Free: 306595K (93%)
ptolemy.util.test.WatchDog.cancel(): canceling Thu Mar 14 18:38:42 UTC 2019
------------------ testing $PTII/ptolemy/domains/de/test/auto/Modal3.xml
auto.tcl: Setting watchdog for 200 seconds at Thu Mar 14 18:38:42 UTC 2019
15 ms. Memory: 331264K Free: 310822K (94%)
ptolemy.util.test.WatchDog.cancel(): canceling Thu Mar 14 18:38:42 UTC 2019
auto.tcl: Setting watchdog for 200 seconds at Thu Mar 14 18:38:42 UTC 2019
15 ms. Memory: 331264K Free: 306569K (93%)
ptolemy.util.test.WatchDog.cancel(): canceling Thu Mar 14 18:38:42 UTC 2019
------------------ testing $PTII/ptolemy/domains/de/test/auto/Modal4.xml
auto.tcl: Setting watchdog for 200 seconds at Thu Mar 14 18:38:42 UTC 2019
25 ms. Memory: 331264K Free: 310160K (94%)
ptolemy.util.test.WatchDog.cancel(): canceling Thu Mar 14 18:38:42 UTC 2019
auto.tcl: Setting watchdog for 200 seconds at Thu Mar 14 18:38:42 UTC 2019
24 ms. Memory: 331264K Free: 306590K (93%)
ptolemy.util.test.WatchDog.cancel(): canceling Thu Mar 14 18:38:42 UTC 2019
------------------ testing $PTII/ptolemy/domains/de/test/auto/Modal5.xml
auto.tcl: Setting watchdog for 200 seconds at Thu Mar 14 18:38:42 UTC 2019
18 ms. Memory: 331264K Free: 310155K (94%)
ptolemy.util.test.WatchDog.cancel(): canceling Thu Mar 14 18:38:43 UTC 2019
auto.tcl: Setting watchdog for 200 seconds at Thu Mar 14 18:38:43 UTC 2019
14 ms. Memory: 331264K Free: 306569K (93%)
ptolemy.util.test.WatchDog.cancel(): canceling Thu Mar 14 18:38:43 UTC 2019
------------------ testing $PTII/ptolemy/domains/de/test/auto/Modal6.xml
auto.tcl: Setting watchdog for 200 seconds at Thu Mar 14 18:38:43 UTC 2019
14 ms. Memory: 331264K Free: 310144K (94%)
ptolemy.util.test.WatchDog.cancel(): canceling Thu Mar 14 18:38:43 UTC 2019
auto.tcl: Setting watchdog for 200 seconds at Thu Mar 14 18:38:43 UTC 2019
18 ms. Memory: 331264K Free: 306566K (93%)
ptolemy.util.test.WatchDog.cancel(): canceling Thu Mar 14 18:38:43 UTC 2019
------------------ testing $PTII/ptolemy/domains/de/test/auto/Modal7.xml
auto.tcl: Setting watchdog for 200 seconds at Thu Mar 14 18:38:43 UTC 2019
16 ms. Memory: 331264K Free: 306574K (93%)
ptolemy.util.test.WatchDog.cancel(): canceling Thu Mar 14 18:38:43 UTC 2019
auto.tcl: Setting watchdog for 200 seconds at Thu Mar 14 18:38:43 UTC 2019
10 ms. Memory: 331264K Free: 302988K (91%)
ptolemy.util.test.WatchDog.cancel(): canceling Thu Mar 14 18:38:43 UTC 2019
------------------ testing $PTII/ptolemy/domains/de/test/auto/ModalModel.xml
auto.tcl: Setting watchdog for 200 seconds at Thu Mar 14 18:38:43 UTC 2019
216 ms. Memory: 331264K Free: 247519K (75%)
ptolemy.util.test.WatchDog.cancel(): canceling Thu Mar 14 18:38:43 UTC 2019
auto.tcl: Setting watchdog for 200 seconds at Thu Mar 14 18:38:43 UTC 2019
195 ms. Memory: 331264K Free: 190230K (57%)
ptolemy.util.test.WatchDog.cancel(): canceling Thu Mar 14 18:38:43 UTC 2019
------------------ testing $PTII/ptolemy/domains/de/test/auto/ModalSource.xml
auto.tcl: Setting watchdog for 200 seconds at Thu Mar 14 18:38:43 UTC 2019
9 ms. Memory: 331264K Free: 316196K (95%)
ptolemy.util.test.WatchDog.cancel(): canceling Thu Mar 14 18:38:43 UTC 2019
auto.tcl: Setting watchdog for 200 seconds at Thu Mar 14 18:38:43 UTC 2019
6 ms. Memory: 331264K Free: 312920K (94%)
ptolemy.util.test.WatchDog.cancel(): canceling Thu Mar 14 18:38:43 UTC 2019
------------------ testing $PTII/ptolemy/domains/de/test/auto/NonInterruptibleTimerZeroDelay.xml
auto.tcl: Setting watchdog for 200 seconds at Thu Mar 14 18:38:43 UTC 2019
4 ms. Memory: 331264K Free: 320570K (97%)
ptolemy.util.test.WatchDog.cancel(): canceling Thu Mar 14 18:38:43 UTC 2019
auto.tcl: Setting watchdog for 200 seconds at Thu Mar 14 18:38:43 UTC 2019
3 ms. Memory: 331264K Free: 317286K (96%)
ptolemy.util.test.WatchDog.cancel(): canceling Thu Mar 14 18:38:43 UTC 2019
------------------ testing $PTII/ptolemy/domains/de/test/auto/OpenQueueingNetwork.xml
auto.tcl: Setting watchdog for 200 seconds at Thu Mar 14 18:38:44 UTC 2019
2682 ms. Memory: 573952K Free: 413801K (72%)
ptolemy.util.test.WatchDog.cancel(): canceling Thu Mar 14 18:38:46 UTC 2019
auto.tcl: Setting watchdog for 200 seconds at Thu Mar 14 18:38:46 UTC 2019
2510 ms. Memory: 550912K Free: 298642K (54%)
ptolemy.util.test.WatchDog.cancel(): canceling Thu Mar 14 18:38:49 UTC 2019
------------------ testing $PTII/ptolemy/domains/de/test/auto/OpenQueuingNetwork.xml
auto.tcl: Setting watchdog for 200 seconds at Thu Mar 14 18:38:49 UTC 2019
231 ms. Memory: 549888K Free: 434793K (79%)
ptolemy.util.test.WatchDog.cancel(): canceling Thu Mar 14 18:38:49 UTC 2019
auto.tcl: Setting watchdog for 200 seconds at Thu Mar 14 18:38:49 UTC 2019
228 ms. Memory: 549888K Free: 375390K (68%)
ptolemy.util.test.WatchDog.cancel(): canceling Thu Mar 14 18:38:49 UTC 2019
------------------ testing $PTII/ptolemy/domains/de/test/auto/PeriodicSampler.xml
auto.tcl: Setting watchdog for 200 seconds at Thu Mar 14 18:38:49 UTC 2019
4 ms. Memory: 551936K Free: 535079K (97%)
ptolemy.util.test.WatchDog.cancel(): canceling Thu Mar 14 18:38:50 UTC 2019
auto.tcl: Setting watchdog for 200 seconds at Thu Mar 14 18:38:50 UTC 2019
2 ms. Memory: 551936K Free: 535079K (97%)
ptolemy.util.test.WatchDog.cancel(): canceling Thu Mar 14 18:38:50 UTC 2019
------------------ testing $PTII/ptolemy/domains/de/test/auto/PersistentIO.xml
auto.tcl: Setting watchdog for 200 seconds at Thu Mar 14 18:38:50 UTC 2019
9 ms. Memory: 549376K Free: 526511K (96%)
ptolemy.util.test.WatchDog.cancel(): canceling Thu Mar 14 18:38:50 UTC 2019
auto.tcl: Setting watchdog for 200 seconds at Thu Mar 14 18:38:50 UTC 2019
4 ms. Memory: 549376K Free: 526511K (96%)
ptolemy.util.test.WatchDog.cancel(): canceling Thu Mar 14 18:38:50 UTC 2019
------------------ testing $PTII/ptolemy/domains/de/test/auto/PortParameterResetOnInitialize.xml
auto.tcl: Setting watchdog for 200 seconds at Thu Mar 14 18:38:50 UTC 2019
2 ms. Memory: 551424K Free: 530349K (96%)
ptolemy.util.test.WatchDog.cancel(): canceling Thu Mar 14 18:38:50 UTC 2019
auto.tcl: Setting watchdog for 200 seconds at Thu Mar 14 18:38:50 UTC 2019
2 ms. Memory: 551424K Free: 530349K (96%)
ptolemy.util.test.WatchDog.cancel(): canceling Thu Mar 14 18:38:50 UTC 2019
------------------ testing $PTII/ptolemy/domains/de/test/auto/PortParameterUpdates.xml
auto.tcl: Setting watchdog for 200 seconds at Thu Mar 14 18:38:50 UTC 2019
4 ms. Memory: 549376K Free: 527891K (96%)
ptolemy.util.test.WatchDog.cancel(): canceling Thu Mar 14 18:38:50 UTC 2019
auto.tcl: Setting watchdog for 200 seconds at Thu Mar 14 18:38:50 UTC 2019
3 ms. Memory: 549376K Free: 527891K (96%)
ptolemy.util.test.WatchDog.cancel(): canceling Thu Mar 14 18:38:50 UTC 2019
------------------ testing $PTII/ptolemy/domains/de/test/auto/QueueAndServer.xml
auto.tcl: Setting watchdog for 200 seconds at Thu Mar 14 18:38:50 UTC 2019
12 ms. Memory: 551424K Free: 534582K (97%)
ptolemy.util.test.WatchDog.cancel(): canceling Thu Mar 14 18:38:50 UTC 2019
auto.tcl: Setting watchdog for 200 seconds at Thu Mar 14 18:38:50 UTC 2019
5 ms. Memory: 551424K Free: 527973K (96%)
ptolemy.util.test.WatchDog.cancel(): canceling Thu Mar 14 18:38:50 UTC 2019
------------------ testing $PTII/ptolemy/domains/de/test/auto/Records.xml
auto.tcl: Setting watchdog for 200 seconds at Thu Mar 14 18:38:50 UTC 2019
11 ms. Memory: 549376K Free: 532475K (97%)
ptolemy.util.test.WatchDog.cancel(): canceling Thu Mar 14 18:38:50 UTC 2019
auto.tcl: Setting watchdog for 200 seconds at Thu Mar 14 18:38:50 UTC 2019
2 ms. Memory: 549376K Free: 532475K (97%)
ptolemy.util.test.WatchDog.cancel(): canceling Thu Mar 14 18:38:50 UTC 2019
------------------ testing $PTII/ptolemy/domains/de/test/auto/ResetTransitionWithStartTime1.xml
auto.tcl: Setting watchdog for 200 seconds at Thu Mar 14 18:38:50 UTC 2019
15 ms. Memory: 551424K Free: 534547K (97%)
ptolemy.util.test.WatchDog.cancel(): canceling Thu Mar 14 18:38:50 UTC 2019
auto.tcl: Setting watchdog for 200 seconds at Thu Mar 14 18:38:50 UTC 2019
6 ms. Memory: 551424K Free: 527931K (96%)
ptolemy.util.test.WatchDog.cancel(): canceling Thu Mar 14 18:38:50 UTC 2019
------------------ testing $PTII/ptolemy/domains/de/test/auto/ResetTransitionWithStartTime2.xml
auto.tcl: Setting watchdog for 200 seconds at Thu Mar 14 18:38:50 UTC 2019
6 ms. Memory: 549376K Free: 533034K (97%)
ptolemy.util.test.WatchDog.cancel(): canceling Thu Mar 14 18:38:50 UTC 2019
auto.tcl: Setting watchdog for 200 seconds at Thu Mar 14 18:38:50 UTC 2019
5 ms. Memory: 549376K Free: 526417K (96%)
ptolemy.util.test.WatchDog.cancel(): canceling Thu Mar 14 18:38:50 UTC 2019
------------------ testing $PTII/ptolemy/domains/de/test/auto/ResetTransitionWithStartTime3.xml
auto.tcl: Setting watchdog for 200 seconds at Thu Mar 14 18:38:50 UTC 2019
7 ms. Memory: 550912K Free: 533887K (97%)
ptolemy.util.test.WatchDog.cancel(): canceling Thu Mar 14 18:38:50 UTC 2019
auto.tcl: Setting watchdog for 200 seconds at Thu Mar 14 18:38:50 UTC 2019
6 ms. Memory: 550912K Free: 527271K (96%)
ptolemy.util.test.WatchDog.cancel(): canceling Thu Mar 14 18:38:50 UTC 2019
------------------ testing $PTII/ptolemy/domains/de/test/auto/ResetTransitionWithStartTime4.xml
auto.tcl: Setting watchdog for 200 seconds at Thu Mar 14 18:38:50 UTC 2019
4 ms. Memory: 549376K Free: 532349K (97%)
ptolemy.util.test.WatchDog.cancel(): canceling Thu Mar 14 18:38:50 UTC 2019
auto.tcl: Setting watchdog for 200 seconds at Thu Mar 14 18:38:50 UTC 2019
4 ms. Memory: 549376K Free: 525733K (96%)
ptolemy.util.test.WatchDog.cancel(): canceling Thu Mar 14 18:38:50 UTC 2019
------------------ testing $PTII/ptolemy/domains/de/test/auto/ResettableTimer1.xml
auto.tcl: Setting watchdog for 200 seconds at Thu Mar 14 18:38:50 UTC 2019
4 ms. Memory: 550912K Free: 533880K (97%)
ptolemy.util.test.WatchDog.cancel(): canceling Thu Mar 14 18:38:50 UTC 2019
auto.tcl: Setting watchdog for 200 seconds at Thu Mar 14 18:38:50 UTC 2019
4 ms. Memory: 550912K Free: 533880K (97%)
ptolemy.util.test.WatchDog.cancel(): canceling Thu Mar 14 18:38:50 UTC 2019
------------------ testing $PTII/ptolemy/domains/de/test/auto/ResettableTimer2.xml
auto.tcl: Setting watchdog for 200 seconds at Thu Mar 14 18:38:50 UTC 2019
2 ms. Memory: 549376K Free: 532946K (97%)
ptolemy.util.test.WatchDog.cancel(): canceling Thu Mar 14 18:38:50 UTC 2019
auto.tcl: Setting watchdog for 200 seconds at Thu Mar 14 18:38:50 UTC 2019
2 ms. Memory: 549376K Free: 532946K (97%)
ptolemy.util.test.WatchDog.cancel(): canceling Thu Mar 14 18:38:50 UTC 2019
------------------ testing $PTII/ptolemy/domains/de/test/auto/ResettableTimer3.xml
auto.tcl: Setting watchdog for 200 seconds at Thu Mar 14 18:38:50 UTC 2019
2 ms. Memory: 550912K Free: 533938K (97%)
ptolemy.util.test.WatchDog.cancel(): canceling Thu Mar 14 18:38:50 UTC 2019
auto.tcl: Setting watchdog for 200 seconds at Thu Mar 14 18:38:50 UTC 2019
1 ms. Memory: 550912K Free: 533938K (97%)
ptolemy.util.test.WatchDog.cancel(): canceling Thu Mar 14 18:38:50 UTC 2019
------------------ testing $PTII/ptolemy/domains/de/test/auto/ResettableTimer4.xml
auto.tcl: Setting watchdog for 200 seconds at Thu Mar 14 18:38:50 UTC 2019
2 ms. Memory: 549376K Free: 532958K (97%)
ptolemy.util.test.WatchDog.cancel(): canceling Thu Mar 14 18:38:50 UTC 2019
auto.tcl: Setting watchdog for 200 seconds at Thu Mar 14 18:38:50 UTC 2019
2 ms. Memory: 549376K Free: 532958K (97%)
ptolemy.util.test.WatchDog.cancel(): canceling Thu Mar 14 18:38:50 UTC 2019
------------------ testing $PTII/ptolemy/domains/de/test/auto/ResettableTimer5.xml
auto.tcl: Setting watchdog for 200 seconds at Thu Mar 14 18:38:51 UTC 2019
2 ms. Memory: 550400K Free: 529300K (96%)
ptolemy.util.test.WatchDog.cancel(): canceling Thu Mar 14 18:38:51 UTC 2019
auto.tcl: Setting watchdog for 200 seconds at Thu Mar 14 18:38:51 UTC 2019
2 ms. Memory: 550400K Free: 529300K (96%)
ptolemy.util.test.WatchDog.cancel(): canceling Thu Mar 14 18:38:51 UTC 2019
------------------ testing $PTII/ptolemy/domains/de/test/auto/ResettableTimer6.xml
auto.tcl: Setting watchdog for 200 seconds at Thu Mar 14 18:38:51 UTC 2019
2 ms. Memory: 549376K Free: 518323K (94%)
ptolemy.util.test.WatchDog.cancel(): canceling Thu Mar 14 18:38:51 UTC 2019
auto.tcl: Setting watchdog for 200 seconds at Thu Mar 14 18:38:51 UTC 2019
2 ms. Memory: 549376K Free: 518323K (94%)
ptolemy.util.test.WatchDog.cancel(): canceling Thu Mar 14 18:38:51 UTC 2019
------------------ testing $PTII/ptolemy/domains/de/test/auto/ServerZeroDelay.xml
auto.tcl: Setting watchdog for 200 seconds at Thu Mar 14 18:38:51 UTC 2019
7 ms. Memory: 550400K Free: 533920K (97%)
ptolemy.util.test.WatchDog.cancel(): canceling Thu Mar 14 18:38:51 UTC 2019
auto.tcl: Setting watchdog for 200 seconds at Thu Mar 14 18:38:51 UTC 2019
2 ms. Memory: 550400K Free: 533920K (97%)
ptolemy.util.test.WatchDog.cancel(): canceling Thu Mar 14 18:38:51 UTC 2019
------------------ testing $PTII/ptolemy/domains/de/test/auto/SmartSender.xml
auto.tcl: Setting watchdog for 200 seconds at Thu Mar 14 18:38:51 UTC 2019
3002 ms. Memory: 549376K Free: 532348K (97%)
ptolemy.util.test.WatchDog.cancel(): canceling Thu Mar 14 18:38:54 UTC 2019
auto.tcl: Setting watchdog for 200 seconds at Thu Mar 14 18:38:54 UTC 2019
3001 ms. Memory: 549376K Free: 532348K (97%)
ptolemy.util.test.WatchDog.cancel(): canceling Thu Mar 14 18:38:57 UTC 2019
------------------ testing $PTII/ptolemy/domains/de/test/auto/ThreadedComposite.xml
auto.tcl: Setting watchdog for 200 seconds at Thu Mar 14 18:38:57 UTC 2019
195 ms. Memory: 550400K Free: 512746K (93%)
ptolemy.util.test.WatchDog.cancel(): canceling Thu Mar 14 18:38:57 UTC 2019
auto.tcl: Setting watchdog for 200 seconds at Thu Mar 14 18:38:57 UTC 2019
189 ms. Memory: 550400K Free: 492107K (89%)
ptolemy.util.test.WatchDog.cancel(): canceling Thu Mar 14 18:38:57 UTC 2019
------------------ testing $PTII/ptolemy/domains/de/test/auto/Time.xml
auto.tcl: Setting watchdog for 200 seconds at Thu Mar 14 18:38:57 UTC 2019
514 ms. Memory: 549376K Free: 475916K (87%)
ptolemy.util.test.WatchDog.cancel(): canceling Thu Mar 14 18:38:58 UTC 2019
auto.tcl: Setting watchdog for 200 seconds at Thu Mar 14 18:38:58 UTC 2019
530 ms. Memory: 549376K Free: 416513K (76%)
ptolemy.util.test.WatchDog.cancel(): canceling Thu Mar 14 18:38:58 UTC 2019
------------------ testing $PTII/ptolemy/domains/de/test/auto/TimeDelayZeroDelay.xml
auto.tcl: Setting watchdog for 200 seconds at Thu Mar 14 18:38:58 UTC 2019
3 ms. Memory: 550400K Free: 533294K (97%)
ptolemy.util.test.WatchDog.cancel(): canceling Thu Mar 14 18:38:58 UTC 2019
auto.tcl: Setting watchdog for 200 seconds at Thu Mar 14 18:38:58 UTC 2019
2 ms. Memory: 550400K Free: 533294K (97%)
ptolemy.util.test.WatchDog.cancel(): canceling Thu Mar 14 18:38:58 UTC 2019
------------------ testing $PTII/ptolemy/domains/de/test/auto/TimerZeroDelay.xml
auto.tcl: Setting watchdog for 200 seconds at Thu Mar 14 18:38:58 UTC 2019
2 ms. Memory: 549376K Free: 532857K (97%)
ptolemy.util.test.WatchDog.cancel(): canceling Thu Mar 14 18:38:58 UTC 2019
auto.tcl: Setting watchdog for 200 seconds at Thu Mar 14 18:38:58 UTC 2019
2 ms. Memory: 549376K Free: 532857K (97%)
ptolemy.util.test.WatchDog.cancel(): canceling Thu Mar 14 18:38:58 UTC 2019
------------------ testing $PTII/ptolemy/domains/de/test/auto/TimingParadox.xml
auto.tcl: Setting watchdog for 200 seconds at Thu Mar 14 18:38:58 UTC 2019
358 ms. Memory: 549888K Free: 462347K (84%)
ptolemy.util.test.WatchDog.cancel(): canceling Thu Mar 14 18:38:59 UTC 2019
auto.tcl: Setting watchdog for 200 seconds at Thu Mar 14 18:38:59 UTC 2019
352 ms. Memory: 549888K Free: 429345K (78%)
ptolemy.util.test.WatchDog.cancel(): canceling Thu Mar 14 18:38:59 UTC 2019
------------------ testing $PTII/ptolemy/domains/de/test/auto/TransferInputs.xml
auto.tcl: Setting watchdog for 200 seconds at Thu Mar 14 18:38:59 UTC 2019
2 ms. Memory: 549888K Free: 532331K (97%)
ptolemy.util.test.WatchDog.cancel(): canceling Thu Mar 14 18:38:59 UTC 2019
auto.tcl: Setting watchdog for 200 seconds at Thu Mar 14 18:38:59 UTC 2019
2 ms. Memory: 549888K Free: 532331K (97%)
ptolemy.util.test.WatchDog.cancel(): canceling Thu Mar 14 18:38:59 UTC 2019
------------------ testing $PTII/ptolemy/domains/de/test/auto/TransferOutputs2.xml
auto.tcl: Setting watchdog for 200 seconds at Thu Mar 14 18:38:59 UTC 2019
3 ms. Memory: 549376K Free: 526319K (96%)
ptolemy.util.test.WatchDog.cancel(): canceling Thu Mar 14 18:38:59 UTC 2019
auto.tcl: Setting watchdog for 200 seconds at Thu Mar 14 18:38:59 UTC 2019
6 ms. Memory: 549376K Free: 526319K (96%)
ptolemy.util.test.WatchDog.cancel(): canceling Thu Mar 14 18:38:59 UTC 2019
------------------ testing $PTII/ptolemy/domains/de/test/auto/Trilateration.xml
auto.tcl: Setting watchdog for 200 seconds at Thu Mar 14 18:38:59 UTC 2019
12715 ms. Memory: 453632K Free: 109504K (24%)
ptolemy.util.test.WatchDog.cancel(): canceling Thu Mar 14 18:39:13 UTC 2019
auto.tcl: Setting watchdog for 200 seconds at Thu Mar 14 18:39:13 UTC 2019
10501 ms. Memory: 331264K Free: 210981K (64%)
ptolemy.util.test.WatchDog.cancel(): canceling Thu Mar 14 18:39:24 UTC 2019
------------------ testing $PTII/ptolemy/domains/de/test/auto/TwoSigmaDelta.xml
auto.tcl: Setting watchdog for 200 seconds at Thu Mar 14 18:39:24 UTC 2019
2689 ms. Memory: 320000K Free: 275174K (86%)
ptolemy.util.test.WatchDog.cancel(): canceling Thu Mar 14 18:39:27 UTC 2019
auto.tcl: Setting watchdog for 200 seconds at Thu Mar 14 18:39:27 UTC 2019
1989 ms. Memory: 307712K Free: 269603K (88%)
ptolemy.util.test.WatchDog.cancel(): canceling Thu Mar 14 18:39:29 UTC 2019
------------------ testing $PTII/ptolemy/domains/de/test/auto/VariableDelay.xml
auto.tcl: Setting watchdog for 200 seconds at Thu Mar 14 18:39:29 UTC 2019
3 ms. Memory: 309760K Free: 296127K (96%)
ptolemy.util.test.WatchDog.cancel(): canceling Thu Mar 14 18:39:29 UTC 2019
auto.tcl: Setting watchdog for 200 seconds at Thu Mar 14 18:39:29 UTC 2019
2 ms. Memory: 309760K Free: 292754K (95%)
ptolemy.util.test.WatchDog.cancel(): canceling Thu Mar 14 18:39:29 UTC 2019
------------------ testing $PTII/ptolemy/domains/de/test/auto/VariableDelay2.xml
auto.tcl: Setting watchdog for 200 seconds at Thu Mar 14 18:39:29 UTC 2019
2 ms. Memory: 307712K Free: 293387K (95%)
ptolemy.util.test.WatchDog.cancel(): canceling Thu Mar 14 18:39:29 UTC 2019
auto.tcl: Setting watchdog for 200 seconds at Thu Mar 14 18:39:29 UTC 2019
2 ms. Memory: 307712K Free: 293387K (95%)
ptolemy.util.test.WatchDog.cancel(): canceling Thu Mar 14 18:39:29 UTC 2019
------------------ testing $PTII/ptolemy/domains/de/test/auto/VariableDelayZeroDelay.xml
auto.tcl: Setting watchdog for 200 seconds at Thu Mar 14 18:39:29 UTC 2019
3 ms. Memory: 309248K Free: 296040K (96%)
ptolemy.util.test.WatchDog.cancel(): canceling Thu Mar 14 18:39:29 UTC 2019
auto.tcl: Setting watchdog for 200 seconds at Thu Mar 14 18:39:29 UTC 2019
2 ms. Memory: 309248K Free: 292651K (95%)
ptolemy.util.test.WatchDog.cancel(): canceling Thu Mar 14 18:39:29 UTC 2019
------------------ testing $PTII/ptolemy/domains/de/test/auto/VariableDelayZeroDelay2.xml
auto.tcl: Setting watchdog for 200 seconds at Thu Mar 14 18:39:29 UTC 2019
2 ms. Memory: 307712K Free: 294501K (96%)
ptolemy.util.test.WatchDog.cancel(): canceling Thu Mar 14 18:39:29 UTC 2019
auto.tcl: Setting watchdog for 200 seconds at Thu Mar 14 18:39:29 UTC 2019
2 ms. Memory: 307712K Free: 291113K (95%)
ptolemy.util.test.WatchDog.cancel(): canceling Thu Mar 14 18:39:29 UTC 2019
------------------ testing $PTII/ptolemy/domains/de/test/auto/deInCt.xml
auto.tcl: Setting watchdog for 200 seconds at Thu Mar 14 18:39:29 UTC 2019
0
1
1
0
0
0
1
1
1
1
1
0
0
0
1
1
1
0
0
0
1
1
1
0
0
0
1
1
1
0
0
0
1
1
1
1
1
1
0
0
0
23 ms. Memory: 309248K Free: 292627K (95%)
ptolemy.util.test.WatchDog.cancel(): canceling Thu Mar 14 18:39:29 UTC 2019
auto.tcl: Setting watchdog for 200 seconds at Thu Mar 14 18:39:29 UTC 2019
0
1
1
1
1
1
0
0
0
0
0
0
0
1
1
1
0
0
0
1
1
1
0
0
0
1
1
1
1
9 ms. Memory: 309248K Free: 292627K (95%)
ptolemy.util.test.WatchDog.cancel(): canceling Thu Mar 14 18:39:29 UTC 2019
------------------ testing $PTII/ptolemy/domains/de/test/auto/deInCt2.xml
auto.tcl: Setting watchdog for 200 seconds at Thu Mar 14 18:39:29 UTC 2019
0
1
1
1
0
0
1
1
1
0
0
1
1
1
0
0
1
1
1
0
0
1
1
1
0
0
1
1
1
0
0
1
1
1
0
0
1
1
1
0
0
0
9 ms. Memory: 307712K Free: 293360K (95%)
ptolemy.util.test.WatchDog.cancel(): canceling Thu Mar 14 18:39:29 UTC 2019
auto.tcl: Setting watchdog for 200 seconds at Thu Mar 14 18:39:29 UTC 2019
0
1
1
1
0
0
1
1
1
0
0
1
1
1
0
0
1
1
1
0
0
1
1
1
0
0
1
1
1
0
0
1
1
1
0
0
1
1
1
0
0
0
4 ms. Memory: 307712K Free: 293360K (95%)
ptolemy.util.test.WatchDog.cancel(): canceling Thu Mar 14 18:39:29 UTC 2019
------------------ testing $PTII/ptolemy/domains/de/test/auto/dynamicCausalityInterface1.xml
auto.tcl: Setting watchdog for 200 seconds at Thu Mar 14 18:39:29 UTC 2019
1 ms. Memory: 308736K Free: 291028K (94%)
ptolemy.util.test.WatchDog.cancel(): canceling Thu Mar 14 18:39:29 UTC 2019
auto.tcl: Setting watchdog for 200 seconds at Thu Mar 14 18:39:29 UTC 2019
1 ms. Memory: 308736K Free: 291028K (94%)
ptolemy.util.test.WatchDog.cancel(): canceling Thu Mar 14 18:39:29 UTC 2019
------------------ testing $PTII/ptolemy/domains/de/test/auto/fsm_de_test.xml
auto.tcl: Setting watchdog for 200 seconds at Thu Mar 14 18:39:29 UTC 2019
10 ms. Memory: 307712K Free: 289882K (94%)
ptolemy.util.test.WatchDog.cancel(): canceling Thu Mar 14 18:39:29 UTC 2019
auto.tcl: Setting watchdog for 200 seconds at Thu Mar 14 18:39:29 UTC 2019
4 ms. Memory: 307712K Free: 289882K (94%)
ptolemy.util.test.WatchDog.cancel(): canceling Thu Mar 14 18:39:29 UTC 2019
------------------ testing $PTII/ptolemy/domains/de/test/auto/functionDependencyReconstruction.xml
auto.tcl: Setting watchdog for 200 seconds at Thu Mar 14 18:39:29 UTC 2019
2 ms. Memory: 308736K Free: 284176K (92%)
ptolemy.util.test.WatchDog.cancel(): canceling Thu Mar 14 18:39:29 UTC 2019
auto.tcl: Setting watchdog for 200 seconds at Thu Mar 14 18:39:29 UTC 2019
3 ms. Memory: 308736K Free: 284176K (92%)
ptolemy.util.test.WatchDog.cancel(): canceling Thu Mar 14 18:39:29 UTC 2019
------------------ testing $PTII/ptolemy/domains/de/test/auto/multirate.xml
auto.tcl: Setting watchdog for 200 seconds at Thu Mar 14 18:39:29 UTC 2019
3 ms. Memory: 307712K Free: 290867K (95%)
ptolemy.util.test.WatchDog.cancel(): canceling Thu Mar 14 18:39:29 UTC 2019
auto.tcl: Setting watchdog for 200 seconds at Thu Mar 14 18:39:29 UTC 2019
3 ms. Memory: 307712K Free: 290867K (95%)
ptolemy.util.test.WatchDog.cancel(): canceling Thu Mar 14 18:39:29 UTC 2019
------------------ testing $PTII/ptolemy/domains/de/test/auto/multirate2.xml
auto.tcl: Setting watchdog for 200 seconds at Thu Mar 14 18:39:29 UTC 2019
3 ms. Memory: 308736K Free: 292095K (95%)
ptolemy.util.test.WatchDog.cancel(): canceling Thu Mar 14 18:39:29 UTC 2019
auto.tcl: Setting watchdog for 200 seconds at Thu Mar 14 18:39:29 UTC 2019
3 ms. Memory: 308736K Free: 292095K (95%)
ptolemy.util.test.WatchDog.cancel(): canceling Thu Mar 14 18:39:29 UTC 2019
------------------ testing $PTII/ptolemy/domains/de/test/auto/realtime.xml
auto.tcl: Setting watchdog for 200 seconds at Thu Mar 14 18:39:29 UTC 2019
10001 ms. Memory: 307712K Free: 291049K (95%)
ptolemy.util.test.WatchDog.cancel(): canceling Thu Mar 14 18:39:39 UTC 2019
auto.tcl: Setting watchdog for 200 seconds at Thu Mar 14 18:39:39 UTC 2019
10001 ms. Memory: 307712K Free: 291049K (95%)
ptolemy.util.test.WatchDog.cancel(): canceling Thu Mar 14 18:39:49 UTC 2019
------------------ testing $PTII/ptolemy/domains/de/test/auto/relationGroup.xml
auto.tcl: Setting watchdog for 200 seconds at Thu Mar 14 18:39:49 UTC 2019
2 ms. Memory: 308224K Free: 294979K (96%)
ptolemy.util.test.WatchDog.cancel(): canceling Thu Mar 14 18:39:49 UTC 2019
auto.tcl: Setting watchdog for 200 seconds at Thu Mar 14 18:39:49 UTC 2019
1 ms. Memory: 308224K Free: 294979K (96%)
ptolemy.util.test.WatchDog.cancel(): canceling Thu Mar 14 18:39:49 UTC 2019
------------------ testing $PTII/ptolemy/domains/de/test/auto/relationGroup2.xml
auto.tcl: Setting watchdog for 200 seconds at Thu Mar 14 18:39:50 UTC 2019
2 ms. Memory: 307712K Free: 294493K (96%)
ptolemy.util.test.WatchDog.cancel(): canceling Thu Mar 14 18:39:50 UTC 2019
auto.tcl: Setting watchdog for 200 seconds at Thu Mar 14 18:39:50 UTC 2019
2 ms. Memory: 307712K Free: 294493K (96%)
ptolemy.util.test.WatchDog.cancel(): canceling Thu Mar 14 18:39:50 UTC 2019
------------------ testing $PTII/ptolemy/domains/de/test/auto/sortWithOpaquePorts.xml
auto.tcl: Setting watchdog for 200 seconds at Thu Mar 14 18:39:50 UTC 2019
2 ms. Memory: 308224K Free: 295005K (96%)
ptolemy.util.test.WatchDog.cancel(): canceling Thu Mar 14 18:39:50 UTC 2019
auto.tcl: Setting watchdog for 200 seconds at Thu Mar 14 18:39:50 UTC 2019
3 ms. Memory: 308224K Free: 291632K (95%)
ptolemy.util.test.WatchDog.cancel(): canceling Thu Mar 14 18:39:50 UTC 2019
------------------ testing $PTII/ptolemy/domains/de/test/auto/transferInputsandOutputs.xml
auto.tcl: Setting watchdog for 200 seconds at Thu Mar 14 18:39:50 UTC 2019
3 ms. Memory: 307712K Free: 291092K (95%)
ptolemy.util.test.WatchDog.cancel(): canceling Thu Mar 14 18:39:50 UTC 2019
auto.tcl: Setting watchdog for 200 seconds at Thu Mar 14 18:39:50 UTC 2019
2 ms. Memory: 307712K Free: 287711K (94%)
ptolemy.util.test.WatchDog.cancel(): canceling Thu Mar 14 18:39:50 UTC 2019
------------------ testing $PTII/ptolemy/domains/de/test/auto/triggerType.xml
auto.tcl: Setting watchdog for 200 seconds at Thu Mar 14 18:39:50 UTC 2019
1 ms. Memory: 308224K Free: 294941K (96%)
ptolemy.util.test.WatchDog.cancel(): canceling Thu Mar 14 18:39:50 UTC 2019
auto.tcl: Setting watchdog for 200 seconds at Thu Mar 14 18:39:50 UTC 2019
1 ms. Memory: 308224K Free: 291569K (95%)
ptolemy.util.test.WatchDog.cancel(): canceling Thu Mar 14 18:39:50 UTC 2019
03/14/19 06:39:50
Failed: 0  Total Tests: 192  ((Passed: 187, Newly Passed: 1)  Known Failed: 5) /home/travis/build/icyphy/ptII/ptolemy/domains/de/test
03/14/19 06:39:50
Failed: 0  Total Tests: 192  ((Passed: 187, Newly Passed: 1)  Known Failed: 5) /home/travis/build/icyphy/ptII/ptolemy/domains/de/test
----------------- testing (KnownFailure) /home/travis/build/icyphy/ptII/ptolemy/domains/de/test/auto/knownFailedTests/DESDFClockTest.xml
2009 ms. Memory: 307712K Free: 285395K (93%)
Known Failure: java.lang.reflect.InvocationTargetException
----------------- testing (KnownFailure) /home/travis/build/icyphy/ptII/ptolemy/domains/de/test/auto/knownFailedTests/DirectFeedback.xml
5 ms. Memory: 307712K Free: 267290K (87%)
Known Failure: java.lang.reflect.InvocationTargetException
----------------- testing (KnownFailure) /home/travis/build/icyphy/ptII/ptolemy/domains/de/test/auto/knownFailedTests/FSMSource.xml
16 ms. Memory: 307712K Free: 244652K (80%)
----------------- testing (KnownFailure) /home/travis/build/icyphy/ptII/ptolemy/domains/de/test/auto/knownFailedTests/HierarchicalModel.xml
3 ms. Memory: 307712K Free: 222004K (72%)
Known Failure: java.lang.reflect.InvocationTargetException
----------------- testing (KnownFailure) /home/travis/build/icyphy/ptII/ptolemy/domains/de/test/auto/knownFailedTests/dependencyLoop.xml
2 ms. Memory: 307712K Free: 190313K (62%)
Known Failure: java.lang.reflect.InvocationTargetException
----------------- testing (KnownFailure) /home/travis/build/icyphy/ptII/ptolemy/domains/de/test/auto/knownFailedTests/dependencyLoop2.xml
4 ms. Memory: 307712K Free: 158614K (52%)
Known Failure: java.lang.reflect.InvocationTargetException
No auto/linux-amd64/*.xml tests in /home/travis/build/icyphy/ptII/ptolemy/domains/de/test
AutoTests.java: About to close Vertx.
AutoTests.java: Vertx closed.

===========================================================================================
----------------- testing Thu Mar 14 18:39:52 UTC 2019 /home/travis/build/icyphy/ptII/ptolemy/domains/de/test/auto/ActorDepthCalculation_actorWithoutPorts.xml
----------------- Instantiating /home/travis/build/icyphy/ptII/ptolemy/domains/de/test/auto/ActorDepthCalculation_actorWithoutPorts.xml
2 ms. Memory: 307712K Free: 135983K (44%)
----------------- Invoking toplevel() on ptolemy.moml.MoMLSimpleApplication@1a7ba8e
----------------- Done invoking toplevel() on ptolemy.moml.MoMLSimpleApplication@1a7ba8e
reloadAllAccessors: .ActorDepthCalculation_actorWithoutPorts

===========================================================================================
----------------- testing Thu Mar 14 18:39:52 UTC 2019 /home/travis/build/icyphy/ptII/ptolemy/domains/de/test/auto/AssemblyLine.xml
----------------- Instantiating /home/travis/build/icyphy/ptII/ptolemy/domains/de/test/auto/AssemblyLine.xml
6 ms. Memory: 307712K Free: 122404K (40%)
----------------- Invoking toplevel() on ptolemy.moml.MoMLSimpleApplication@5c7cc40c
----------------- Done invoking toplevel() on ptolemy.moml.MoMLSimpleApplication@5c7cc40c
reloadAllAccessors: .AssemblyLine

===========================================================================================
----------------- testing Thu Mar 14 18:39:52 UTC 2019 /home/travis/build/icyphy/ptII/ptolemy/domains/de/test/auto/CQBug1.xml
----------------- Instantiating /home/travis/build/icyphy/ptII/ptolemy/domains/de/test/auto/CQBug1.xml
1 ms. Memory: 307712K Free: 113352K (37%)
----------------- Invoking toplevel() on ptolemy.moml.MoMLSimpleApplication@7b42c024
----------------- Done invoking toplevel() on ptolemy.moml.MoMLSimpleApplication@7b42c024
reloadAllAccessors: .CQBug1

===========================================================================================
----------------- testing Thu Mar 14 18:39:52 UTC 2019 /home/travis/build/icyphy/ptII/ptolemy/domains/de/test/auto/CancelFireAt.xml
----------------- Instantiating /home/travis/build/icyphy/ptII/ptolemy/domains/de/test/auto/CancelFireAt.xml
1 ms. Memory: 307712K Free: 104300K (34%)
----------------- Invoking toplevel() on ptolemy.moml.MoMLSimpleApplication@62c0694a
----------------- Done invoking toplevel() on ptolemy.moml.MoMLSimpleApplication@62c0694a
reloadAllAccessors: .CancelFireAt

===========================================================================================
----------------- testing Thu Mar 14 18:39:52 UTC 2019 /home/travis/build/icyphy/ptII/ptolemy/domains/de/test/auto/CausalityAndComposabilityAnalysis.xml
----------------- Instantiating /home/travis/build/icyphy/ptII/ptolemy/domains/de/test/auto/CausalityAndComposabilityAnalysis.xml
1 ms. Memory: 307712K Free: 95248K (31%)
----------------- Invoking toplevel() on ptolemy.moml.MoMLSimpleApplication@abf2f5e
----------------- Done invoking toplevel() on ptolemy.moml.MoMLSimpleApplication@abf2f5e
reloadAllAccessors: .CausalityAndComposabilityAnalysis

===========================================================================================
----------------- testing Thu Mar 14 18:39:52 UTC 2019 /home/travis/build/icyphy/ptII/ptolemy/domains/de/test/auto/CausalityInterface1.xml
----------------- Instantiating /home/travis/build/icyphy/ptII/ptolemy/domains/de/test/auto/CausalityInterface1.xml
4 ms. Memory: 307712K Free: 82823K (27%)
----------------- Invoking toplevel() on ptolemy.moml.MoMLSimpleApplication@60c37845
----------------- Done invoking toplevel() on ptolemy.moml.MoMLSimpleApplication@60c37845
reloadAllAccessors: .CausalityInterface1

===========================================================================================
----------------- testing Thu Mar 14 18:39:52 UTC 2019 /home/travis/build/icyphy/ptII/ptolemy/domains/de/test/auto/CausalityInterface15.xml
----------------- Instantiating /home/travis/build/icyphy/ptII/ptolemy/domains/de/test/auto/CausalityInterface15.xml
11 ms. Memory: 298496K Free: 288469K (97%)
----------------- Invoking toplevel() on ptolemy.moml.MoMLSimpleApplication@69c30746
----------------- Done invoking toplevel() on ptolemy.moml.MoMLSimpleApplication@69c30746
reloadAllAccessors: .CausalityInterface15

[...]
java.lang.RuntimeException: Execution failed
	at ptolemy.moml.MoMLSimpleApplication$UnloadThread.run(MoMLSimpleApplication.java:402)
Caused by: ptolemy.kernel.util.IllegalActionException: Test fails in iteration 1.
Value was: 1.0. Should have been: 2.0
  in .DirectFeedback.Test
	at ptolemy.actor.lib.Test.fire(Test.java:268)
	at ptolemy.domains.de.kernel.DEDirector._fire(DEDirector.java:1949)
	at ptolemy.domains.de.kernel.DEDirector.fire(DEDirector.java:502)
	at ptolemy.actor.CompositeActor.fire(CompositeActor.java:455)
	at ptolemy.actor.Manager.iterate(Manager.java:851)
	at ptolemy.actor.Manager.execute(Manager.java:369)
	at ptolemy.actor.Manager.run(Manager.java:1263)
	at ptolemy.actor.Manager$PtolemyRunThread.run(Manager.java:1915)
java.lang.RuntimeException: Execution failed
	at ptolemy.moml.MoMLSimpleApplication$UnloadThread.run(MoMLSimpleApplication.java:402)
Caused by: ptolemy.kernel.util.IllegalActionException: Actor is not ready to fire.  Perhaps UpSample.prefire() returned false? Try debugging the actor by selecting "Listen to Actor".  Also, for SDF check moml for tokenConsumptionRate on input.
  in .DESDFClockTest.Play Bell.Copy1:SDF Director and .DESDFClockTest.Play Bell.UpSample
	at ptolemy.actor.sched.StaticSchedulingDirector.fire(StaticSchedulingDirector.java:227)
	at ptolemy.domains.sdf.kernel.SDFDirector.fire(SDFDirector.java:500)
	at ptolemy.actor.CompositeActor.fire(CompositeActor.java:455)
	at ptolemy.domains.de.kernel.DEDirector._fire(DEDirector.java:1949)
	at ptolemy.domains.de.kernel.DEDirector.fire(DEDirector.java:502)
	at ptolemy.actor.CompositeActor.fire(CompositeActor.java:455)
	at ptolemy.actor.Manager.iterate(Manager.java:851)
	at ptolemy.actor.Manager.execute(Manager.java:369)
	at ptolemy.actor.Manager.run(Manager.java:1263)
	at ptolemy.actor.Manager$PtolemyRunThread.run(Manager.java:1915)
java.lang.reflect.InvocationTargetException
	at sun.reflect.NativeConstructorAccessorImpl.newInstance0(Native Method)
	at sun.reflect.NativeConstructorAccessorImpl.newInstance(NativeConstructorAccessorImpl.java:62)
	at sun.reflect.DelegatingConstructorAccessorImpl.newInstance(DelegatingConstructorAccessorImpl.java:45)
	at java.lang.reflect.Constructor.newInstance(Constructor.java:423)
	at ptolemy.util.test.junit.AutoKnownFailedTests.RunModel(AutoKnownFailedTests.java:105)
	at sun.reflect.NativeMethodAccessorImpl.invoke0(Native Method)
	at sun.reflect.NativeMethodAccessorImpl.invoke(NativeMethodAccessorImpl.java:62)
	at sun.reflect.DelegatingMethodAccessorImpl.invoke(DelegatingMethodAccessorImpl.java:43)
	at java.lang.reflect.Method.invoke(Method.java:498)
	at org.junit.runners.model.FrameworkMethod$1.runReflectiveCall(FrameworkMethod.java:44)
	at org.junit.internal.runners.model.ReflectiveCallable.run(ReflectiveCallable.java:15)
	at org.junit.runners.model.FrameworkMethod.invokeExplosively(FrameworkMethod.java:41)
	at junitparams.internal.InvokeParameterisedMethod.evaluate(InvokeParameterisedMethod.java:102)
	at org.junit.internal.runners.statements.FailOnTimeout$1.run(FailOnTimeout.java:28)
Caused by: ptolemy.kernel.util.IllegalActionException: Actor is not ready to fire.  Perhaps UpSample.prefire() returned false? Try debugging the actor by selecting "Listen to Actor".  Also, for SDF check moml for tokenConsumptionRate on input.
  in .DESDFClockTest.Play Bell.Copy1:SDF Director and .DESDFClockTest.Play Bell.UpSample
	at ptolemy.actor.sched.StaticSchedulingDirector.fire(StaticSchedulingDirector.java:227)
	at ptolemy.domains.sdf.kernel.SDFDirector.fire(SDFDirector.java:500)
	at ptolemy.actor.CompositeActor.fire(CompositeActor.java:455)
	at ptolemy.domains.de.kernel.DEDirector._fire(DEDirector.java:1949)
	at ptolemy.domains.de.kernel.DEDirector.fire(DEDirector.java:502)
	at ptolemy.actor.CompositeActor.fire(CompositeActor.java:455)
	at ptolemy.actor.Manager.iterate(Manager.java:851)
	at ptolemy.actor.Manager.execute(Manager.java:369)
	at ptolemy.actor.Manager.run(Manager.java:1263)
	at ptolemy.actor.Manager$PtolemyRunThread.run(Manager.java:1915)
java.lang.RuntimeException: Execution failed
	at ptolemy.moml.MoMLSimpleApplication$UnloadThread.run(MoMLSimpleApplication.java:402)
Caused by: ptolemy.kernel.util.IllegalActionException: Test fails in iteration 1.
Value was: 1.0. Should have been: 2.0
  in .DirectFeedback.Test
	at ptolemy.actor.lib.Test.fire(Test.java:268)
	at ptolemy.domains.de.kernel.DEDirector._fire(DEDirector.java:1949)
	at ptolemy.domains.de.kernel.DEDirector.fire(DEDirector.java:502)
	at ptolemy.actor.CompositeActor.fire(CompositeActor.java:455)
	at ptolemy.actor.Manager.iterate(Manager.java:851)
	at ptolemy.actor.Manager.execute(Manager.java:369)
	at ptolemy.actor.Manager.run(Manager.java:1263)
	at ptolemy.actor.Manager$PtolemyRunThread.run(Manager.java:1915)
java.lang.reflect.InvocationTargetException
	at sun.reflect.NativeConstructorAccessorImpl.newInstance0(Native Method)
	at sun.reflect.NativeConstructorAccessorImpl.newInstance(NativeConstructorAccessorImpl.java:62)
	at sun.reflect.DelegatingConstructorAccessorImpl.newInstance(DelegatingConstructorAccessorImpl.java:45)
	at java.lang.reflect.Constructor.newInstance(Constructor.java:423)
	at ptolemy.util.test.junit.AutoKnownFailedTests.RunModel(AutoKnownFailedTests.java:105)
	at sun.reflect.NativeMethodAccessorImpl.invoke0(Native Method)
	at sun.reflect.NativeMethodAccessorImpl.invoke(NativeMethodAccessorImpl.java:62)
	at sun.reflect.DelegatingMethodAccessorImpl.invoke(DelegatingMethodAccessorImpl.java:43)
	at java.lang.reflect.Method.invoke(Method.java:498)
	at org.junit.runners.model.FrameworkMethod$1.runReflectiveCall(FrameworkMethod.java:44)
	at org.junit.internal.runners.model.ReflectiveCallable.run(ReflectiveCallable.java:15)
	at org.junit.runners.model.FrameworkMethod.invokeExplosively(FrameworkMethod.java:41)
	at junitparams.internal.InvokeParameterisedMethod.evaluate(InvokeParameterisedMethod.java:102)
	at org.junit.internal.runners.statements.FailOnTimeout$1.run(FailOnTimeout.java:28)
Caused by: ptolemy.kernel.util.IllegalActionException: Test fails in iteration 1.
Value was: 1.0. Should have been: 2.0
  in .DirectFeedback.Test
	at ptolemy.actor.lib.Test.fire(Test.java:268)
	at ptolemy.domains.de.kernel.DEDirector._fire(DEDirector.java:1949)
	at ptolemy.domains.de.kernel.DEDirector.fire(DEDirector.java:502)
	at ptolemy.actor.CompositeActor.fire(CompositeActor.java:455)
	at ptolemy.actor.Manager.iterate(Manager.java:851)
	at ptolemy.actor.Manager.execute(Manager.java:369)
	at ptolemy.actor.Manager.run(Manager.java:1263)
	at ptolemy.actor.Manager$PtolemyRunThread.run(Manager.java:1915)
java.lang.RuntimeException: Execution failed
	at ptolemy.moml.MoMLSimpleApplication$UnloadThread.run(MoMLSimpleApplication.java:402)
Caused by: ptolemy.kernel.util.IllegalActionException: Found a zero delay loop containing .HierarchicalModel.A
  in .HierarchicalModel and .HierarchicalModel.A
	at ptolemy.actor.util.CausalityInterfaceForComposites._computeOutputPortDepth(CausalityInterfaceForComposites.java:759)
	at ptolemy.actor.util.CausalityInterfaceForComposites._computeInputDepth(CausalityInterfaceForComposites.java:696)
	at ptolemy.actor.util.CausalityInterfaceForComposites._computeOutputPortDepth(CausalityInterfaceForComposites.java:765)
	at ptolemy.actor.util.CausalityInterfaceForComposites._computeInputDepth(CausalityInterfaceForComposites.java:696)
	at ptolemy.actor.util.CausalityInterfaceForComposites._computeOutputPortDepth(CausalityInterfaceForComposites.java:765)
	at ptolemy.actor.util.CausalityInterfaceForComposites._computeInputDepth(CausalityInterfaceForComposites.java:696)
	at ptolemy.actor.util.CausalityInterfaceForComposites._computeActorDepth(CausalityInterfaceForComposites.java:532)
	at ptolemy.actor.util.CausalityInterfaceForComposites.checkForCycles(CausalityInterfaceForComposites.java:96)
	at ptolemy.domains.de.kernel.DEDirector.preinitialize(DEDirector.java:1338)
	at ptolemy.actor.CompositeActor.preinitialize(CompositeActor.java:1828)
	at ptolemy.actor.Manager.preinitializeAndResolveTypes(Manager.java:1040)
	at ptolemy.actor.Manager.initialize(Manager.java:710)
	at ptolemy.actor.Manager.execute(Manager.java:356)
	at ptolemy.actor.Manager.run(Manager.java:1263)
	at ptolemy.actor.Manager$PtolemyRunThread.run(Manager.java:1915)
java.lang.reflect.InvocationTargetException
	at sun.reflect.NativeConstructorAccessorImpl.newInstance0(Native Method)
	at sun.reflect.NativeConstructorAccessorImpl.newInstance(NativeConstructorAccessorImpl.java:62)
	at sun.reflect.DelegatingConstructorAccessorImpl.newInstance(DelegatingConstructorAccessorImpl.java:45)
	at java.lang.reflect.Constructor.newInstance(Constructor.java:423)
	at ptolemy.util.test.junit.AutoKnownFailedTests.RunModel(AutoKnownFailedTests.java:105)
	at sun.reflect.NativeMethodAccessorImpl.invoke0(Native Method)
	at sun.reflect.NativeMethodAccessorImpl.invoke(NativeMethodAccessorImpl.java:62)
	at sun.reflect.DelegatingMethodAccessorImpl.invoke(DelegatingMethodAccessorImpl.java:43)
	at java.lang.reflect.Method.invoke(Method.java:498)
	at org.junit.runners.model.FrameworkMethod$1.runReflectiveCall(FrameworkMethod.java:44)
	at org.junit.internal.runners.model.ReflectiveCallable.run(ReflectiveCallable.java:15)
	at org.junit.runners.model.FrameworkMethod.invokeExplosively(FrameworkMethod.java:41)
	at junitparams.internal.InvokeParameterisedMethod.evaluate(InvokeParameterisedMethod.java:102)
	at org.junit.internal.runners.statements.FailOnTimeout$1.run(FailOnTimeout.java:28)
Caused by: ptolemy.kernel.util.IllegalActionException: Found a zero delay loop containing .HierarchicalModel.A
  in .HierarchicalModel and .HierarchicalModel.A
	at ptolemy.actor.util.CausalityInterfaceForComposites._computeOutputPortDepth(CausalityInterfaceForComposites.java:759)
	at ptolemy.actor.util.CausalityInterfaceForComposites._computeInputDepth(CausalityInterfaceForComposites.java:696)
	at ptolemy.actor.util.CausalityInterfaceForComposites._computeOutputPortDepth(CausalityInterfaceForComposites.java:765)
	at ptolemy.actor.util.CausalityInterfaceForComposites._computeInputDepth(CausalityInterfaceForComposites.java:696)
	at ptolemy.actor.util.CausalityInterfaceForComposites._computeOutputPortDepth(CausalityInterfaceForComposites.java:765)
	at ptolemy.actor.util.CausalityInterfaceForComposites._computeInputDepth(CausalityInterfaceForComposites.java:696)
	at ptolemy.actor.util.CausalityInterfaceForComposites._computeActorDepth(CausalityInterfaceForComposites.java:532)
	at ptolemy.actor.util.CausalityInterfaceForComposites.checkForCycles(CausalityInterfaceForComposites.java:96)
	at ptolemy.domains.de.kernel.DEDirector.preinitialize(DEDirector.java:1338)
	at ptolemy.actor.CompositeActor.preinitialize(CompositeActor.java:1828)
	at ptolemy.actor.Manager.preinitializeAndResolveTypes(Manager.java:1040)
	at ptolemy.actor.Manager.initialize(Manager.java:710)
	at ptolemy.actor.Manager.execute(Manager.java:356)
	at ptolemy.actor.Manager.run(Manager.java:1263)
	at ptolemy.actor.Manager$PtolemyRunThread.run(Manager.java:1915)
java.lang.RuntimeException: Execution failed
	at ptolemy.moml.MoMLSimpleApplication$UnloadThread.run(MoMLSimpleApplication.java:402)
Caused by: ptolemy.kernel.util.IllegalActionException: Found a zero delay loop containing .dependencyLoop.original
  in .dependencyLoop and .dependencyLoop.original
	at ptolemy.actor.util.CausalityInterfaceForComposites._computeOutputPortDepth(CausalityInterfaceForComposites.java:759)
	at ptolemy.actor.util.CausalityInterfaceForComposites._computeInputDepth(CausalityInterfaceForComposites.java:696)
	at ptolemy.actor.util.CausalityInterfaceForComposites._computeOutputPortDepth(CausalityInterfaceForComposites.java:765)
	at ptolemy.actor.util.CausalityInterfaceForComposites._computeInputDepth(CausalityInterfaceForComposites.java:696)
	at ptolemy.actor.util.CausalityInterfaceForComposites._computeOutputPortDepth(CausalityInterfaceForComposites.java:765)
	at ptolemy.actor.util.CausalityInterfaceForComposites._computeInputDepth(CausalityInterfaceForComposites.java:696)
	at ptolemy.actor.util.CausalityInterfaceForComposites._computeActorDepth(CausalityInterfaceForComposites.java:532)
	at ptolemy.actor.util.CausalityInterfaceForComposites.checkForCycles(CausalityInterfaceForComposites.java:96)
	at ptolemy.domains.de.kernel.DEDirector.preinitialize(DEDirector.java:1338)
	at ptolemy.actor.CompositeActor.preinitialize(CompositeActor.java:1828)
	at ptolemy.actor.Manager.preinitializeAndResolveTypes(Manager.java:1040)
	at ptolemy.actor.Manager.initialize(Manager.java:710)
	at ptolemy.actor.Manager.execute(Manager.java:356)
	at ptolemy.actor.Manager.run(Manager.java:1263)
	at ptolemy.actor.Manager$PtolemyRunThread.run(Manager.java:1915)
java.lang.reflect.InvocationTargetException
	at sun.reflect.NativeConstructorAccessorImpl.newInstance0(Native Method)
	at sun.reflect.NativeConstructorAccessorImpl.newInstance(NativeConstructorAccessorImpl.java:62)
	at sun.reflect.DelegatingConstructorAccessorImpl.newInstance(DelegatingConstructorAccessorImpl.java:45)
	at java.lang.reflect.Constructor.newInstance(Constructor.java:423)
	at ptolemy.util.test.junit.AutoKnownFailedTests.RunModel(AutoKnownFailedTests.java:105)
	at sun.reflect.NativeMethodAccessorImpl.invoke0(Native Method)
	at sun.reflect.NativeMethodAccessorImpl.invoke(NativeMethodAccessorImpl.java:62)
	at sun.reflect.DelegatingMethodAccessorImpl.invoke(DelegatingMethodAccessorImpl.java:43)
	at java.lang.reflect.Method.invoke(Method.java:498)
	at org.junit.runners.model.FrameworkMethod$1.runReflectiveCall(FrameworkMethod.java:44)
	at org.junit.internal.runners.model.ReflectiveCallable.run(ReflectiveCallable.java:15)
	at org.junit.runners.model.FrameworkMethod.invokeExplosively(FrameworkMethod.java:41)
	at junitparams.internal.InvokeParameterisedMethod.evaluate(InvokeParameterisedMethod.java:102)
	at org.junit.internal.runners.statements.FailOnTimeout$1.run(FailOnTimeout.java:28)
Caused by: ptolemy.kernel.util.IllegalActionException: Found a zero delay loop containing .dependencyLoop.original
  in .dependencyLoop and .dependencyLoop.original
	at ptolemy.actor.util.CausalityInterfaceForComposites._computeOutputPortDepth(CausalityInterfaceForComposites.java:759)
	at ptolemy.actor.util.CausalityInterfaceForComposites._computeInputDepth(CausalityInterfaceForComposites.java:696)
	at ptolemy.actor.util.CausalityInterfaceForComposites._computeOutputPortDepth(CausalityInterfaceForComposites.java:765)
	at ptolemy.actor.util.CausalityInterfaceForComposites._computeInputDepth(CausalityInterfaceForComposites.java:696)
	at ptolemy.actor.util.CausalityInterfaceForComposites._computeOutputPortDepth(CausalityInterfaceForComposites.java:765)
	at ptolemy.actor.util.CausalityInterfaceForComposites._computeInputDepth(CausalityInterfaceForComposites.java:696)
	at ptolemy.actor.util.CausalityInterfaceForComposites._computeActorDepth(CausalityInterfaceForComposites.java:532)
	at ptolemy.actor.util.CausalityInterfaceForComposites.checkForCycles(CausalityInterfaceForComposites.java:96)
	at ptolemy.domains.de.kernel.DEDirector.preinitialize(DEDirector.java:1338)
	at ptolemy.actor.CompositeActor.preinitialize(CompositeActor.java:1828)
	at ptolemy.actor.Manager.preinitializeAndResolveTypes(Manager.java:1040)
	at ptolemy.actor.Manager.initialize(Manager.java:710)
	at ptolemy.actor.Manager.execute(Manager.java:356)
	at ptolemy.actor.Manager.run(Manager.java:1263)
	at ptolemy.actor.Manager$PtolemyRunThread.run(Manager.java:1915)
java.lang.RuntimeException: Execution failed
	at ptolemy.moml.MoMLSimpleApplication$UnloadThread.run(MoMLSimpleApplication.java:402)
Caused by: ptolemy.kernel.util.IllegalActionException: Found a zero delay loop containing .dependencyLoop2.original
  in .dependencyLoop2 and .dependencyLoop2.original
	at ptolemy.actor.util.CausalityInterfaceForComposites._computeOutputPortDepth(CausalityInterfaceForComposites.java:759)
	at ptolemy.actor.util.CausalityInterfaceForComposites._computeInputDepth(CausalityInterfaceForComposites.java:696)
	at ptolemy.actor.util.CausalityInterfaceForComposites._computeOutputPortDepth(CausalityInterfaceForComposites.java:765)
	at ptolemy.actor.util.CausalityInterfaceForComposites._computeInputDepth(CausalityInterfaceForComposites.java:696)
	at ptolemy.actor.util.CausalityInterfaceForComposites._computeOutputPortDepth(CausalityInterfaceForComposites.java:765)
	at ptolemy.actor.util.CausalityInterfaceForComposites._computeInputDepth(CausalityInterfaceForComposites.java:696)
	at ptolemy.actor.util.CausalityInterfaceForComposites._computeActorDepth(CausalityInterfaceForComposites.java:532)
	at ptolemy.actor.util.CausalityInterfaceForComposites.checkForCycles(CausalityInterfaceForComposites.java:96)
	at ptolemy.domains.de.kernel.DEDirector.preinitialize(DEDirector.java:1338)
	at ptolemy.actor.CompositeActor.preinitialize(CompositeActor.java:1828)
	at ptolemy.actor.Manager.preinitializeAndResolveTypes(Manager.java:1040)
	at ptolemy.actor.Manager.initialize(Manager.java:710)
	at ptolemy.actor.Manager.execute(Manager.java:356)
	at ptolemy.actor.Manager.run(Manager.java:1263)
	at ptolemy.actor.Manager$PtolemyRunThread.run(Manager.java:1915)
java.lang.reflect.InvocationTargetException
	at sun.reflect.NativeConstructorAccessorImpl.newInstance0(Native Method)
	at sun.reflect.NativeConstructorAccessorImpl.newInstance(NativeConstructorAccessorImpl.java:62)
	at sun.reflect.DelegatingConstructorAccessorImpl.newInstance(DelegatingConstructorAccessorImpl.java:45)
	at java.lang.reflect.Constructor.newInstance(Constructor.java:423)
	at ptolemy.util.test.junit.AutoKnownFailedTests.RunModel(AutoKnownFailedTests.java:105)
	at sun.reflect.NativeMethodAccessorImpl.invoke0(Native Method)
	at sun.reflect.NativeMethodAccessorImpl.invoke(NativeMethodAccessorImpl.java:62)
	at sun.reflect.DelegatingMethodAccessorImpl.invoke(DelegatingMethodAccessorImpl.java:43)
	at java.lang.reflect.Method.invoke(Method.java:498)
	at org.junit.runners.model.FrameworkMethod$1.runReflectiveCall(FrameworkMethod.java:44)
	at org.junit.internal.runners.model.ReflectiveCallable.run(ReflectiveCallable.java:15)
	at org.junit.runners.model.FrameworkMethod.invokeExplosively(FrameworkMethod.java:41)
	at junitparams.internal.InvokeParameterisedMethod.evaluate(InvokeParameterisedMethod.java:102)
	at org.junit.internal.runners.statements.FailOnTimeout$1.run(FailOnTimeout.java:28)
Caused by: ptolemy.kernel.util.IllegalActionException: Found a zero delay loop containing .dependencyLoop2.original
  in .dependencyLoop2 and .dependencyLoop2.original
	at ptolemy.actor.util.CausalityInterfaceForComposites._computeOutputPortDepth(CausalityInterfaceForComposites.java:759)
	at ptolemy.actor.util.CausalityInterfaceForComposites._computeInputDepth(CausalityInterfaceForComposites.java:696)
	at ptolemy.actor.util.CausalityInterfaceForComposites._computeOutputPortDepth(CausalityInterfaceForComposites.java:765)
	at ptolemy.actor.util.CausalityInterfaceForComposites._computeInputDepth(CausalityInterfaceForComposites.java:696)
	at ptolemy.actor.util.CausalityInterfaceForComposites._computeOutputPortDepth(CausalityInterfaceForComposites.java:765)
	at ptolemy.actor.util.CausalityInterfaceForComposites._computeInputDepth(CausalityInterfaceForComposites.java:696)
	at ptolemy.actor.util.CausalityInterfaceForComposites._computeActorDepth(CausalityInterfaceForComposites.java:532)
	at ptolemy.actor.util.CausalityInterfaceForComposites.checkForCycles(CausalityInterfaceForComposites.java:96)
	at ptolemy.domains.de.kernel.DEDirector.preinitialize(DEDirector.java:1338)
	at ptolemy.actor.CompositeActor.preinitialize(CompositeActor.java:1828)
	at ptolemy.actor.Manager.preinitializeAndResolveTypes(Manager.java:1040)
	at ptolemy.actor.Manager.initialize(Manager.java:710)
	at ptolemy.actor.Manager.execute(Manager.java:356)
	at ptolemy.actor.Manager.run(Manager.java:1263)
	at ptolemy.actor.Manager$PtolemyRunThread.run(Manager.java:1915)
]]></system-err>
</testsuite>
