<?xml version="1.0" encoding="UTF-8" ?>
<testsuite errors="0" failures="0" hostname="travis-job-b294b492-5103-4488-964f-4927c2c22769" name="ptolemy.domains.de.test.junit.JUnitTclTest" skipped="0" tests="101" time="126.781" timestamp="2018-06-03T21:44:08">
  <properties>
[...]
</properties>
  <testcase classname="ptolemy.util.test.junit.TclTests" name="[0] /home/travis/build/icyphy/ptII/ptolemy/domains/de/test/DependencyLoop.tcl (RunTclFile)" time="0.711" />
  <testcase classname="ptolemy.util.test.junit.TclTests" name="[1] /home/travis/build/icyphy/ptII/ptolemy/domains/de/test/RunDETestsAsQSS.tcl (RunTclFile)" time="86.94" />
  <testcase classname="ptolemy.util.test.junit.AutoKnownFailedTests" name="[0] /home/travis/build/icyphy/ptII/ptolemy/domains/de/test/auto/knownFailedTests/DESDFClockTest.xml (RunModel)" time="2.034" />
  <testcase classname="ptolemy.util.test.junit.AutoKnownFailedTests" name="[1] /home/travis/build/icyphy/ptII/ptolemy/domains/de/test/auto/knownFailedTests/DirectFeedback.xml (RunModel)" time="0.019" />
  <testcase classname="ptolemy.util.test.junit.AutoKnownFailedTests" name="[2] /home/travis/build/icyphy/ptII/ptolemy/domains/de/test/auto/knownFailedTests/FSMSource.xml (RunModel)" time="0.016" />
  <testcase classname="ptolemy.util.test.junit.AutoKnownFailedTests" name="[3] /home/travis/build/icyphy/ptII/ptolemy/domains/de/test/auto/knownFailedTests/HierarchicalModel.xml (RunModel)" time="0.038" />
  <testcase classname="ptolemy.util.test.junit.AutoKnownFailedTests" name="[4] /home/travis/build/icyphy/ptII/ptolemy/domains/de/test/auto/knownFailedTests/dependencyLoop.xml (RunModel)" time="0.027" />
  <testcase classname="ptolemy.util.test.junit.AutoKnownFailedTests" name="[5] /home/travis/build/icyphy/ptII/ptolemy/domains/de/test/auto/knownFailedTests/dependencyLoop2.xml (RunModel)" time="0.039" />
  <testcase classname="ptolemy.util.test.junit.AutoNameArchTests" name="[0] ThereAreNoAutoArchTests (RunModel)" time="0.001" />
  <testcase classname="ptolemy.util.test.junit.AutoTests" name="[0] /home/travis/build/icyphy/ptII/ptolemy/domains/de/test/auto/ActorDepthCalculation_actorWithoutPorts.xml (RunModel)" time="0.01" />
  <testcase classname="ptolemy.util.test.junit.AutoTests" name="[1] /home/travis/build/icyphy/ptII/ptolemy/domains/de/test/auto/AssemblyLine.xml (RunModel)" time="0.012" />
  <testcase classname="ptolemy.util.test.junit.AutoTests" name="[2] /home/travis/build/icyphy/ptII/ptolemy/domains/de/test/auto/CQBug1.xml (RunModel)" time="0.006" />
  <testcase classname="ptolemy.util.test.junit.AutoTests" name="[3] /home/travis/build/icyphy/ptII/ptolemy/domains/de/test/auto/CancelFireAt.xml (RunModel)" time="0.005" />
  <testcase classname="ptolemy.util.test.junit.AutoTests" name="[4] /home/travis/build/icyphy/ptII/ptolemy/domains/de/test/auto/CausalityAndComposabilityAnalysis.xml (RunModel)" time="0.008" />
  <testcase classname="ptolemy.util.test.junit.AutoTests" name="[5] /home/travis/build/icyphy/ptII/ptolemy/domains/de/test/auto/CausalityInterface1.xml (RunModel)" time="0.014" />
  <testcase classname="ptolemy.util.test.junit.AutoTests" name="[6] /home/travis/build/icyphy/ptII/ptolemy/domains/de/test/auto/CausalityInterface15.xml (RunModel)" time="0.009" />
  <testcase classname="ptolemy.util.test.junit.AutoTests" name="[7] /home/travis/build/icyphy/ptII/ptolemy/domains/de/test/auto/CausalityInterface2.xml (RunModel)" time="0.008" />
  <testcase classname="ptolemy.util.test.junit.AutoTests" name="[8] /home/travis/build/icyphy/ptII/ptolemy/domains/de/test/auto/CausalityInterface3.xml (RunModel)" time="0.008" />
  <testcase classname="ptolemy.util.test.junit.AutoTests" name="[9] /home/travis/build/icyphy/ptII/ptolemy/domains/de/test/auto/ClockDrift.xml (RunModel)" time="0.024" />
  <testcase classname="ptolemy.util.test.junit.AutoTests" name="[10] /home/travis/build/icyphy/ptII/ptolemy/domains/de/test/auto/ClockDriftAndValueChange.xml (RunModel)" time="0.021" />
  <testcase classname="ptolemy.util.test.junit.AutoTests" name="[11] /home/travis/build/icyphy/ptII/ptolemy/domains/de/test/auto/ClockDriftChange.xml (RunModel)" time="0.018" />
  <testcase classname="ptolemy.util.test.junit.AutoTests" name="[12] /home/travis/build/icyphy/ptII/ptolemy/domains/de/test/auto/ComposableCausalityAnalysis.xml (RunModel)" time="0.015" />
  <testcase classname="ptolemy.util.test.junit.AutoTests" name="[13] /home/travis/build/icyphy/ptII/ptolemy/domains/de/test/auto/DEFixedPointLimitation.xml (RunModel)" time="0.007" />
  <testcase classname="ptolemy.util.test.junit.AutoTests" name="[14] /home/travis/build/icyphy/ptII/ptolemy/domains/de/test/auto/DEScheduleTest.xml (RunModel)" time="0.008" />
  <testcase classname="ptolemy.util.test.junit.AutoTests" name="[15] /home/travis/build/icyphy/ptII/ptolemy/domains/de/test/auto/DEinDEwithStartTimes.xml (RunModel)" time="0.013" />
  <testcase classname="ptolemy.util.test.junit.AutoTests" name="[16] /home/travis/build/icyphy/ptII/ptolemy/domains/de/test/auto/DEinDEwithStartTimes2.xml (RunModel)" time="0.033" />
  <testcase classname="ptolemy.util.test.junit.AutoTests" name="[17] /home/travis/build/icyphy/ptII/ptolemy/domains/de/test/auto/DateDemo.xml (RunModel)" time="0.028" />
  <testcase classname="ptolemy.util.test.junit.AutoTests" name="[18] /home/travis/build/icyphy/ptII/ptolemy/domains/de/test/auto/DateToEvent.xml (RunModel)" time="2.034" />
  <testcase classname="ptolemy.util.test.junit.AutoTests" name="[19] /home/travis/build/icyphy/ptII/ptolemy/domains/de/test/auto/DepthTest1.xml (RunModel)" time="0.01" />
  <testcase classname="ptolemy.util.test.junit.AutoTests" name="[20] /home/travis/build/icyphy/ptII/ptolemy/domains/de/test/auto/DepthTest2.xml (RunModel)" time="0.017" />
  <testcase classname="ptolemy.util.test.junit.AutoTests" name="[21] /home/travis/build/icyphy/ptII/ptolemy/domains/de/test/auto/DepthTest3.xml (RunModel)" time="0.007" />
  <testcase classname="ptolemy.util.test.junit.AutoTests" name="[22] /home/travis/build/icyphy/ptII/ptolemy/domains/de/test/auto/DepthTest4.xml (RunModel)" time="0.011" />
  <testcase classname="ptolemy.util.test.junit.AutoTests" name="[23] /home/travis/build/icyphy/ptII/ptolemy/domains/de/test/auto/DepthTest5.xml (RunModel)" time="0.013" />
  <testcase classname="ptolemy.util.test.junit.AutoTests" name="[24] /home/travis/build/icyphy/ptII/ptolemy/domains/de/test/auto/DepthTest6.xml (RunModel)" time="0.013" />
  <testcase classname="ptolemy.util.test.junit.AutoTests" name="[25] /home/travis/build/icyphy/ptII/ptolemy/domains/de/test/auto/DepthTest7.xml (RunModel)" time="0.011" />
  <testcase classname="ptolemy.util.test.junit.AutoTests" name="[26] /home/travis/build/icyphy/ptII/ptolemy/domains/de/test/auto/EventToDate.xml (RunModel)" time="3.034" />
  <testcase classname="ptolemy.util.test.junit.AutoTests" name="[27] /home/travis/build/icyphy/ptII/ptolemy/domains/de/test/auto/FSM1.xml (RunModel)" time="0.028" />
  <testcase classname="ptolemy.util.test.junit.AutoTests" name="[28] /home/travis/build/icyphy/ptII/ptolemy/domains/de/test/auto/FSM7.xml (RunModel)" time="0.028" />
  <testcase classname="ptolemy.util.test.junit.AutoTests" name="[29] /home/travis/build/icyphy/ptII/ptolemy/domains/de/test/auto/Inspection.xml (RunModel)" time="0.035" />
  <testcase classname="ptolemy.util.test.junit.AutoTests" name="[30] /home/travis/build/icyphy/ptII/ptolemy/domains/de/test/auto/Iteration.xml (RunModel)" time="0.017" />
  <testcase classname="ptolemy.util.test.junit.AutoTests" name="[31] /home/travis/build/icyphy/ptII/ptolemy/domains/de/test/auto/LineFault.xml (RunModel)" time="0.547" />
  <testcase classname="ptolemy.util.test.junit.AutoTests" name="[32] /home/travis/build/icyphy/ptII/ptolemy/domains/de/test/auto/MergeModel1Add.xml (RunModel)" time="0.039" />
  <testcase classname="ptolemy.util.test.junit.AutoTests" name="[33] /home/travis/build/icyphy/ptII/ptolemy/domains/de/test/auto/MergeModel2Add.xml (RunModel)" time="0.032" />
  <testcase classname="ptolemy.util.test.junit.AutoTests" name="[34] /home/travis/build/icyphy/ptII/ptolemy/domains/de/test/auto/MergeModel3Add.xml (RunModel)" time="0.035" />
  <testcase classname="ptolemy.util.test.junit.AutoTests" name="[35] /home/travis/build/icyphy/ptII/ptolemy/domains/de/test/auto/MergeWithoutDiscard.xml (RunModel)" time="0.009" />
  <testcase classname="ptolemy.util.test.junit.AutoTests" name="[36] /home/travis/build/icyphy/ptII/ptolemy/domains/de/test/auto/Modal1.xml (RunModel)" time="0.026" />
  <testcase classname="ptolemy.util.test.junit.AutoTests" name="[37] /home/travis/build/icyphy/ptII/ptolemy/domains/de/test/auto/Modal2.xml (RunModel)" time="0.025" />
  <testcase classname="ptolemy.util.test.junit.AutoTests" name="[38] /home/travis/build/icyphy/ptII/ptolemy/domains/de/test/auto/Modal3.xml (RunModel)" time="0.025" />
  <testcase classname="ptolemy.util.test.junit.AutoTests" name="[39] /home/travis/build/icyphy/ptII/ptolemy/domains/de/test/auto/Modal4.xml (RunModel)" time="0.034" />
  <testcase classname="ptolemy.util.test.junit.AutoTests" name="[40] /home/travis/build/icyphy/ptII/ptolemy/domains/de/test/auto/Modal5.xml (RunModel)" time="0.025" />
  <testcase classname="ptolemy.util.test.junit.AutoTests" name="[41] /home/travis/build/icyphy/ptII/ptolemy/domains/de/test/auto/Modal6.xml (RunModel)" time="0.024" />
  <testcase classname="ptolemy.util.test.junit.AutoTests" name="[42] /home/travis/build/icyphy/ptII/ptolemy/domains/de/test/auto/Modal7.xml (RunModel)" time="0.025" />
  <testcase classname="ptolemy.util.test.junit.AutoTests" name="[43] /home/travis/build/icyphy/ptII/ptolemy/domains/de/test/auto/ModalModel.xml (RunModel)" time="0.138" />
  <testcase classname="ptolemy.util.test.junit.AutoTests" name="[44] /home/travis/build/icyphy/ptII/ptolemy/domains/de/test/auto/ModalSource.xml (RunModel)" time="0.017" />
  <testcase classname="ptolemy.util.test.junit.AutoTests" name="[45] /home/travis/build/icyphy/ptII/ptolemy/domains/de/test/auto/NonInterruptibleTimerZeroDelay.xml (RunModel)" time="0.009" />
  <testcase classname="ptolemy.util.test.junit.AutoTests" name="[46] /home/travis/build/icyphy/ptII/ptolemy/domains/de/test/auto/OpenQueueingNetwork.xml (RunModel)" time="2.111" />
  <testcase classname="ptolemy.util.test.junit.AutoTests" name="[47] /home/travis/build/icyphy/ptII/ptolemy/domains/de/test/auto/OpenQueuingNetwork.xml (RunModel)" time="0.245" />
  <testcase classname="ptolemy.util.test.junit.AutoTests" name="[48] /home/travis/build/icyphy/ptII/ptolemy/domains/de/test/auto/PeriodicSampler.xml (RunModel)" time="0.008" />
  <testcase classname="ptolemy.util.test.junit.AutoTests" name="[49] /home/travis/build/icyphy/ptII/ptolemy/domains/de/test/auto/PersistentIO.xml (RunModel)" time="0.017" />
  <testcase classname="ptolemy.util.test.junit.AutoTests" name="[50] /home/travis/build/icyphy/ptII/ptolemy/domains/de/test/auto/PortParameterResetOnInitialize.xml (RunModel)" time="0.008" />
  <testcase classname="ptolemy.util.test.junit.AutoTests" name="[51] /home/travis/build/icyphy/ptII/ptolemy/domains/de/test/auto/PortParameterUpdates.xml (RunModel)" time="0.011" />
  <testcase classname="ptolemy.util.test.junit.AutoTests" name="[52] /home/travis/build/icyphy/ptII/ptolemy/domains/de/test/auto/QueueAndServer.xml (RunModel)" time="0.017" />
  <testcase classname="ptolemy.util.test.junit.AutoTests" name="[53] /home/travis/build/icyphy/ptII/ptolemy/domains/de/test/auto/Records.xml (RunModel)" time="0.011" />
  <testcase classname="ptolemy.util.test.junit.AutoTests" name="[54] /home/travis/build/icyphy/ptII/ptolemy/domains/de/test/auto/ResetTransitionWithStartTime1.xml (RunModel)" time="0.016" />
  <testcase classname="ptolemy.util.test.junit.AutoTests" name="[55] /home/travis/build/icyphy/ptII/ptolemy/domains/de/test/auto/ResetTransitionWithStartTime2.xml (RunModel)" time="0.016" />
  <testcase classname="ptolemy.util.test.junit.AutoTests" name="[56] /home/travis/build/icyphy/ptII/ptolemy/domains/de/test/auto/ResetTransitionWithStartTime3.xml (RunModel)" time="0.015" />
  <testcase classname="ptolemy.util.test.junit.AutoTests" name="[57] /home/travis/build/icyphy/ptII/ptolemy/domains/de/test/auto/ResetTransitionWithStartTime4.xml (RunModel)" time="0.015" />
  <testcase classname="ptolemy.util.test.junit.AutoTests" name="[58] /home/travis/build/icyphy/ptII/ptolemy/domains/de/test/auto/ResettableTimer1.xml (RunModel)" time="0.008" />
  <testcase classname="ptolemy.util.test.junit.AutoTests" name="[59] /home/travis/build/icyphy/ptII/ptolemy/domains/de/test/auto/ResettableTimer2.xml (RunModel)" time="0.008" />
  <testcase classname="ptolemy.util.test.junit.AutoTests" name="[60] /home/travis/build/icyphy/ptII/ptolemy/domains/de/test/auto/ResettableTimer3.xml (RunModel)" time="0.008" />
  <testcase classname="ptolemy.util.test.junit.AutoTests" name="[61] /home/travis/build/icyphy/ptII/ptolemy/domains/de/test/auto/ResettableTimer4.xml (RunModel)" time="0.008" />
  <testcase classname="ptolemy.util.test.junit.AutoTests" name="[62] /home/travis/build/icyphy/ptII/ptolemy/domains/de/test/auto/ResettableTimer5.xml (RunModel)" time="0.008" />
  <testcase classname="ptolemy.util.test.junit.AutoTests" name="[63] /home/travis/build/icyphy/ptII/ptolemy/domains/de/test/auto/ResettableTimer6.xml (RunModel)" time="0.01" />
  <testcase classname="ptolemy.util.test.junit.AutoTests" name="[64] /home/travis/build/icyphy/ptII/ptolemy/domains/de/test/auto/ServerZeroDelay.xml (RunModel)" time="0.009" />
  <testcase classname="ptolemy.util.test.junit.AutoTests" name="[65] /home/travis/build/icyphy/ptII/ptolemy/domains/de/test/auto/SmartSender.xml (RunModel)" time="3.007" />
  <testcase classname="ptolemy.util.test.junit.AutoTests" name="[66] /home/travis/build/icyphy/ptII/ptolemy/domains/de/test/auto/ThreadedComposite.xml (RunModel)" time="0.238" />
  <testcase classname="ptolemy.util.test.junit.AutoTests" name="[67] /home/travis/build/icyphy/ptII/ptolemy/domains/de/test/auto/Time.xml (RunModel)" time="0.411" />
  <testcase classname="ptolemy.util.test.junit.AutoTests" name="[68] /home/travis/build/icyphy/ptII/ptolemy/domains/de/test/auto/TimeDelayZeroDelay.xml (RunModel)" time="0.011" />
  <testcase classname="ptolemy.util.test.junit.AutoTests" name="[69] /home/travis/build/icyphy/ptII/ptolemy/domains/de/test/auto/TimerZeroDelay.xml (RunModel)" time="0.011" />
  <testcase classname="ptolemy.util.test.junit.AutoTests" name="[70] /home/travis/build/icyphy/ptII/ptolemy/domains/de/test/auto/TimingParadox.xml (RunModel)" time="0.363" />
  <testcase classname="ptolemy.util.test.junit.AutoTests" name="[71] /home/travis/build/icyphy/ptII/ptolemy/domains/de/test/auto/TransferInputs.xml (RunModel)" time="0.014" />
  <testcase classname="ptolemy.util.test.junit.AutoTests" name="[72] /home/travis/build/icyphy/ptII/ptolemy/domains/de/test/auto/TransferOutputs2.xml (RunModel)" time="0.015" />
  <testcase classname="ptolemy.util.test.junit.AutoTests" name="[73] /home/travis/build/icyphy/ptII/ptolemy/domains/de/test/auto/Trilateration.xml (RunModel)" time="11.229" />
  <testcase classname="ptolemy.util.test.junit.AutoTests" name="[74] /home/travis/build/icyphy/ptII/ptolemy/domains/de/test/auto/TwoSigmaDelta.xml (RunModel)" time="2.087" />
  <testcase classname="ptolemy.util.test.junit.AutoTests" name="[75] /home/travis/build/icyphy/ptII/ptolemy/domains/de/test/auto/VariableDelay.xml (RunModel)" time="0.01" />
  <testcase classname="ptolemy.util.test.junit.AutoTests" name="[76] /home/travis/build/icyphy/ptII/ptolemy/domains/de/test/auto/VariableDelay2.xml (RunModel)" time="0.009" />
  <testcase classname="ptolemy.util.test.junit.AutoTests" name="[77] /home/travis/build/icyphy/ptII/ptolemy/domains/de/test/auto/VariableDelayZeroDelay.xml (RunModel)" time="0.016" />
  <testcase classname="ptolemy.util.test.junit.AutoTests" name="[78] /home/travis/build/icyphy/ptII/ptolemy/domains/de/test/auto/VariableDelayZeroDelay2.xml (RunModel)" time="0.011" />
  <testcase classname="ptolemy.util.test.junit.AutoTests" name="[79] /home/travis/build/icyphy/ptII/ptolemy/domains/de/test/auto/deInCt.xml (RunModel)" time="0.018" />
  <testcase classname="ptolemy.util.test.junit.AutoTests" name="[80] /home/travis/build/icyphy/ptII/ptolemy/domains/de/test/auto/deInCt2.xml (RunModel)" time="0.018" />
  <testcase classname="ptolemy.util.test.junit.AutoTests" name="[81] /home/travis/build/icyphy/ptII/ptolemy/domains/de/test/auto/dynamicCausalityInterface1.xml (RunModel)" time="0.019" />
  <testcase classname="ptolemy.util.test.junit.AutoTests" name="[82] /home/travis/build/icyphy/ptII/ptolemy/domains/de/test/auto/fsm_de_test.xml (RunModel)" time="0.027" />
  <testcase classname="ptolemy.util.test.junit.AutoTests" name="[83] /home/travis/build/icyphy/ptII/ptolemy/domains/de/test/auto/functionDependencyReconstruction.xml (RunModel)" time="0.032" />
  <testcase classname="ptolemy.util.test.junit.AutoTests" name="[84] /home/travis/build/icyphy/ptII/ptolemy/domains/de/test/auto/multirate.xml (RunModel)" time="0.019" />
  <testcase classname="ptolemy.util.test.junit.AutoTests" name="[85] /home/travis/build/icyphy/ptII/ptolemy/domains/de/test/auto/multirate2.xml (RunModel)" time="0.016" />
  <testcase classname="ptolemy.util.test.junit.AutoTests" name="[86] /home/travis/build/icyphy/ptII/ptolemy/domains/de/test/auto/realtime.xml (RunModel)" time="10.012" />
  <testcase classname="ptolemy.util.test.junit.AutoTests" name="[87] /home/travis/build/icyphy/ptII/ptolemy/domains/de/test/auto/relationGroup.xml (RunModel)" time="0.007" />
  <testcase classname="ptolemy.util.test.junit.AutoTests" name="[88] /home/travis/build/icyphy/ptII/ptolemy/domains/de/test/auto/relationGroup2.xml (RunModel)" time="0.007" />
  <testcase classname="ptolemy.util.test.junit.AutoTests" name="[89] /home/travis/build/icyphy/ptII/ptolemy/domains/de/test/auto/sortWithOpaquePorts.xml (RunModel)" time="0.007" />
  <testcase classname="ptolemy.util.test.junit.AutoTests" name="[90] /home/travis/build/icyphy/ptII/ptolemy/domains/de/test/auto/transferInputsandOutputs.xml (RunModel)" time="0.015" />
  <testcase classname="ptolemy.util.test.junit.AutoTests" name="[91] /home/travis/build/icyphy/ptII/ptolemy/domains/de/test/auto/triggerType.xml (RunModel)" time="0.009" />
  <system-out><![CDATA[/home/travis/build/icyphy/ptII/ptolemy/domains/de/test/DependencyLoop.tcl
testDefs.tcl: setting time out to 9000 seconds at Sun Jun 03 21:44:08 UTC 2018
30 ms. Memory: 116224K Free: 95084K (82%)
6 ms. Memory: 146944K Free: 137878K (94%)
/home/travis/build/icyphy/ptII/ptolemy/domains/de/test/RunDETestsAsQSS.tcl
Run the DE tests using ptolemy.domains.qss.test.QSSDirectorTest, which extends QSSDirector and prints a message in the constructors.
------------------ testing $PTII/ptolemy/domains/de/test/auto/knownFailedTests/dependencyLoop.xml (Known Failure) 
7 ms. Memory: 146944K Free: 133609K (91%)


==== $PTIIhome/travis/build/icyphy/ptII/ptolemy/domains/de/test/../../../../: Auto Automatic test in file $PTII/ptolemy/domains/de/test/auto/knownFailedTests/dependencyLoop.xml
==== Contents of test case:

	    # FIXME: we should use $relativeFilename here, but it
	    # might have backslashes under Windows, which causes no end
	    # of trouble.
	    createAndExecute $file
	    list {}
	
.... Test generated KNOWN error:
    while executing
ptolemy.kernel.util.IllegalActionException: Found a zero delay loop containing .dependencyLoop.original
  in .dependencyLoop and .dependencyLoop.original
	at ptolemy.actor.util.CausalityInterfaceForComposites._computeOutputPortDepth(CausalityInterfaceForComposites.java:759)
	at ptolemy.actor.util.CausalityInterfaceForComposites._computeInputDepth(CausalityInterfaceForComposites.java:696)
	at ptolemy.actor.util.CausalityInterfaceForComposites._computeOutputPortDepth(CausalityInterfaceForComposites.java:765)
	at ptolemy.actor.util.CausalityInterfaceForComposites._computeInputDepth(CausalityInterfaceForComposites.java:696)
	at ptolemy.actor.util.CausalityInterfaceForComposites._computeOutputPortDepth(CausalityInterfaceForComposites.java:765)
	at ptolemy.actor.util.CausalityInterfaceForComposites._computeInputDepth(CausalityInterfaceForComposites.java:696)
	at ptolemy.actor.util.CausalityInterfaceForComposites._computeActorDepth(CausalityInterfaceForComposites.java:532)
	at ptolemy.actor.util.CausalityInterfaceForComposites.checkForCycles(CausalityInterfaceForComposites.java:96)
	at ptolemy.domains.de.kernel.DEDirector.preinitialize(DEDirector.java:1337)
	at ptolemy.actor.CompositeActor.preinitialize(CompositeActor.java:1828)
	at ptolemy.actor.Manager.preinitializeAndResolveTypes(Manager.java:1040)
	at ptolemy.actor.Manager.initialize(Manager.java:710)
	at ptolemy.actor.Manager.execute(Manager.java:356)
	at ptolemy.actor.Manager.run(Manager.java:1263)
	at ptolemy.actor.Manager$PtolemyRunThread.run(Manager.java:1915)

    while executing
ptolemy.kernel.util.IllegalActionException: Found a zero delay loop containing .dependencyLoop.original
  in .dependencyLoop and .dependencyLoop.original
    while executing
"java::new ptolemy.moml.MoMLSimpleApplication $file
"
    (procedure "createAndExecute" line 2)
    invoked from within
"createAndExecute $file"
    ("uplevel" body line 5)
    invoked from within
"uplevel $contents_of_test"
------------------ testing $PTII/ptolemy/domains/de/test/auto/knownFailedTests/DESDFClockTest.xml (Known Failure) 
2078 ms. Memory: 146944K Free: 117748K (80%)


==== $PTIIhome/travis/build/icyphy/ptII/ptolemy/domains/de/test/../../../../: Auto Automatic test in file $PTII/ptolemy/domains/de/test/auto/knownFailedTests/DESDFClockTest.xml
==== Contents of test case:

	    # FIXME: we should use $relativeFilename here, but it
	    # might have backslashes under Windows, which causes no end
	    # of trouble.
	    createAndExecute $file
	    list {}
	
.... Test generated KNOWN error:
    while executing
ptolemy.kernel.util.IllegalActionException: Actor is not ready to fire.  Perhaps UpSample.prefire() returned false? Try debugging the actor by selecting "Listen to Actor".  Also, for SDF check moml for tokenConsumptionRate on input.
  in .DESDFClockTest.Play Bell.Copy1:SDF Director and .DESDFClockTest.Play Bell.UpSample
	at ptolemy.actor.sched.StaticSchedulingDirector.fire(StaticSchedulingDirector.java:227)
	at ptolemy.domains.sdf.kernel.SDFDirector.fire(SDFDirector.java:500)
	at ptolemy.actor.CompositeActor.fire(CompositeActor.java:455)
	at ptolemy.domains.de.kernel.DEDirector._fire(DEDirector.java:1948)
	at ptolemy.domains.de.kernel.DEDirector.fire(DEDirector.java:502)
	at ptolemy.actor.CompositeActor.fire(CompositeActor.java:455)
	at ptolemy.actor.Manager.iterate(Manager.java:851)
	at ptolemy.actor.Manager.execute(Manager.java:369)
	at ptolemy.actor.Manager.run(Manager.java:1263)
	at ptolemy.actor.Manager$PtolemyRunThread.run(Manager.java:1915)

    while executing
ptolemy.kernel.util.IllegalActionException: Actor is not ready to fire.  Perhaps UpSample.prefire() returned false? Try debugging the actor by selecting "Listen to Actor".  Also, for SDF check moml for tokenConsumptionRate on input.
  in .DESDFClockTest.Play Bell.Copy1:SDF Director and .DESDFClockTest.Play Bell.UpSample
    while executing
"java::new ptolemy.moml.MoMLSimpleApplication $file
"
    (procedure "createAndExecute" line 2)
    invoked from within
"createAndExecute $file"
    ("uplevel" body line 5)
    invoked from within
"uplevel $contents_of_test"
------------------ testing $PTII/ptolemy/domains/de/test/auto/knownFailedTests/FSMSource.xml (Known Failure) 
39 ms. Memory: 146944K Free: 108230K (74%)
!!!! Auto was marked as failing, but now passes
------------------ testing $PTII/ptolemy/domains/de/test/auto/knownFailedTests/dependencyLoop2.xml (Known Failure) 
13 ms. Memory: 146944K Free: 106371K (72%)


==== $PTIIhome/travis/build/icyphy/ptII/ptolemy/domains/de/test/../../../../: Auto Automatic test in file $PTII/ptolemy/domains/de/test/auto/knownFailedTests/dependencyLoop2.xml
==== Contents of test case:

	    # FIXME: we should use $relativeFilename here, but it
	    # might have backslashes under Windows, which causes no end
	    # of trouble.
	    createAndExecute $file
	    list {}
	
.... Test generated KNOWN error:
    while executing
ptolemy.kernel.util.IllegalActionException: Found a zero delay loop containing .dependencyLoop2.original
  in .dependencyLoop2 and .dependencyLoop2.original
	at ptolemy.actor.util.CausalityInterfaceForComposites._computeOutputPortDepth(CausalityInterfaceForComposites.java:759)
	at ptolemy.actor.util.CausalityInterfaceForComposites._computeInputDepth(CausalityInterfaceForComposites.java:696)
	at ptolemy.actor.util.CausalityInterfaceForComposites._computeOutputPortDepth(CausalityInterfaceForComposites.java:765)
	at ptolemy.actor.util.CausalityInterfaceForComposites._computeInputDepth(CausalityInterfaceForComposites.java:696)
	at ptolemy.actor.util.CausalityInterfaceForComposites._computeOutputPortDepth(CausalityInterfaceForComposites.java:765)
	at ptolemy.actor.util.CausalityInterfaceForComposites._computeInputDepth(CausalityInterfaceForComposites.java:696)
	at ptolemy.actor.util.CausalityInterfaceForComposites._computeActorDepth(CausalityInterfaceForComposites.java:532)
	at ptolemy.actor.util.CausalityInterfaceForComposites.checkForCycles(CausalityInterfaceForComposites.java:96)
	at ptolemy.domains.de.kernel.DEDirector.preinitialize(DEDirector.java:1337)
	at ptolemy.actor.CompositeActor.preinitialize(CompositeActor.java:1828)
	at ptolemy.actor.Manager.preinitializeAndResolveTypes(Manager.java:1040)
	at ptolemy.actor.Manager.initialize(Manager.java:710)
	at ptolemy.actor.Manager.execute(Manager.java:356)
	at ptolemy.actor.Manager.run(Manager.java:1263)
	at ptolemy.actor.Manager$PtolemyRunThread.run(Manager.java:1915)

    while executing
ptolemy.kernel.util.IllegalActionException: Found a zero delay loop containing .dependencyLoop2.original
  in .dependencyLoop2 and .dependencyLoop2.original
    while executing
"java::new ptolemy.moml.MoMLSimpleApplication $file
"
    (procedure "createAndExecute" line 2)
    invoked from within
"createAndExecute $file"
    ("uplevel" body line 5)
    invoked from within
"uplevel $contents_of_test"
------------------ testing $PTII/ptolemy/domains/de/test/auto/knownFailedTests/HierarchicalModel.xml (Known Failure) 
14 ms. Memory: 146944K Free: 85932K (58%)


==== $PTIIhome/travis/build/icyphy/ptII/ptolemy/domains/de/test/../../../../: Auto Automatic test in file $PTII/ptolemy/domains/de/test/auto/knownFailedTests/HierarchicalModel.xml
==== Contents of test case:

	    # FIXME: we should use $relativeFilename here, but it
	    # might have backslashes under Windows, which causes no end
	    # of trouble.
	    createAndExecute $file
	    list {}
	
.... Test generated KNOWN error:
    while executing
ptolemy.kernel.util.IllegalActionException: Found a zero delay loop containing .HierarchicalModel.A
  in .HierarchicalModel and .HierarchicalModel.A
	at ptolemy.actor.util.CausalityInterfaceForComposites._computeOutputPortDepth(CausalityInterfaceForComposites.java:759)
	at ptolemy.actor.util.CausalityInterfaceForComposites._computeInputDepth(CausalityInterfaceForComposites.java:696)
	at ptolemy.actor.util.CausalityInterfaceForComposites._computeOutputPortDepth(CausalityInterfaceForComposites.java:765)
	at ptolemy.actor.util.CausalityInterfaceForComposites._computeInputDepth(CausalityInterfaceForComposites.java:696)
	at ptolemy.actor.util.CausalityInterfaceForComposites._computeOutputPortDepth(CausalityInterfaceForComposites.java:765)
	at ptolemy.actor.util.CausalityInterfaceForComposites._computeInputDepth(CausalityInterfaceForComposites.java:696)
	at ptolemy.actor.util.CausalityInterfaceForComposites._computeActorDepth(CausalityInterfaceForComposites.java:532)
	at ptolemy.actor.util.CausalityInterfaceForComposites.checkForCycles(CausalityInterfaceForComposites.java:96)
	at ptolemy.domains.de.kernel.DEDirector.preinitialize(DEDirector.java:1337)
	at ptolemy.actor.CompositeActor.preinitialize(CompositeActor.java:1828)
	at ptolemy.actor.Manager.preinitializeAndResolveTypes(Manager.java:1040)
	at ptolemy.actor.Manager.initialize(Manager.java:710)
	at ptolemy.actor.Manager.execute(Manager.java:356)
	at ptolemy.actor.Manager.run(Manager.java:1263)
	at ptolemy.actor.Manager$PtolemyRunThread.run(Manager.java:1915)

    while executing
ptolemy.kernel.util.IllegalActionException: Found a zero delay loop containing .HierarchicalModel.A
  in .HierarchicalModel and .HierarchicalModel.A
    while executing
"java::new ptolemy.moml.MoMLSimpleApplication $file
"
    (procedure "createAndExecute" line 2)
    invoked from within
"createAndExecute $file"
    ("uplevel" body line 5)
    invoked from within
"uplevel $contents_of_test"
------------------ testing $PTII/ptolemy/domains/de/test/auto/knownFailedTests/DirectFeedback.xml (Known Failure) 
19 ms. Memory: 146944K Free: 141511K (96%)


==== $PTIIhome/travis/build/icyphy/ptII/ptolemy/domains/de/test/../../../../: Auto Automatic test in file $PTII/ptolemy/domains/de/test/auto/knownFailedTests/DirectFeedback.xml
==== Contents of test case:

	    # FIXME: we should use $relativeFilename here, but it
	    # might have backslashes under Windows, which causes no end
	    # of trouble.
	    createAndExecute $file
	    list {}
	
.... Test generated KNOWN error:
    while executing
ptolemy.kernel.util.IllegalActionException: Test fails in iteration 1.
Value was: 1.0. Should have been: 2.0
  in .DirectFeedback.Test
	at ptolemy.actor.lib.Test.fire(Test.java:268)
	at ptolemy.domains.de.kernel.DEDirector._fire(DEDirector.java:1948)
	at ptolemy.domains.de.kernel.DEDirector.fire(DEDirector.java:502)
	at ptolemy.actor.CompositeActor.fire(CompositeActor.java:455)
	at ptolemy.actor.Manager.iterate(Manager.java:851)
	at ptolemy.actor.Manager.execute(Manager.java:369)
	at ptolemy.actor.Manager.run(Manager.java:1263)
	at ptolemy.actor.Manager$PtolemyRunThread.run(Manager.java:1915)

    while executing
ptolemy.kernel.util.IllegalActionException: Test fails in iteration 1.
Value was: 1.0. Should have been: 2.0
  in .DirectFeedback.Test
    while executing
"java::new ptolemy.moml.MoMLSimpleApplication $file
"
    (procedure "createAndExecute" line 2)
    invoked from within
"createAndExecute $file"
    ("uplevel" body line 5)
    invoked from within
"uplevel $contents_of_test"
------------------ testing $PTII/ptolemy/domains/de/test/auto/ActorDepthCalculation_actorWithoutPorts.xml
auto.tcl: Setting watchdog for 200 seconds at Sun Jun 03 21:44:11 UTC 2018
8 ms. Memory: 146944K Free: 133583K (91%)
ptolemy.util.test.WatchDog.cancel(): canceling Sun Jun 03 21:44:11 UTC 2018
auto.tcl: Setting watchdog for 200 seconds at Sun Jun 03 21:44:11 UTC 2018
4 ms. Memory: 146944K Free: 132544K (90%)
ptolemy.util.test.WatchDog.cancel(): canceling Sun Jun 03 21:44:11 UTC 2018
------------------ testing $PTII/ptolemy/domains/de/test/auto/AssemblyLine.xml
auto.tcl: Setting watchdog for 200 seconds at Sun Jun 03 21:44:11 UTC 2018
18 ms. Memory: 208384K Free: 182830K (88%)
ptolemy.util.test.WatchDog.cancel(): canceling Sun Jun 03 21:44:12 UTC 2018
auto.tcl: Setting watchdog for 200 seconds at Sun Jun 03 21:44:12 UTC 2018
7 ms. Memory: 208384K Free: 182830K (88%)
ptolemy.util.test.WatchDog.cancel(): canceling Sun Jun 03 21:44:12 UTC 2018
------------------ testing $PTII/ptolemy/domains/de/test/auto/CQBug1.xml
auto.tcl: Setting watchdog for 200 seconds at Sun Jun 03 21:44:12 UTC 2018
10 ms. Memory: 208384K Free: 197709K (95%)
ptolemy.util.test.WatchDog.cancel(): canceling Sun Jun 03 21:44:12 UTC 2018
auto.tcl: Setting watchdog for 200 seconds at Sun Jun 03 21:44:12 UTC 2018
2 ms. Memory: 208384K Free: 197709K (95%)
ptolemy.util.test.WatchDog.cancel(): canceling Sun Jun 03 21:44:12 UTC 2018
------------------ testing $PTII/ptolemy/domains/de/test/auto/CancelFireAt.xml
auto.tcl: Setting watchdog for 200 seconds at Sun Jun 03 21:44:12 UTC 2018
4 ms. Memory: 208384K Free: 201094K (97%)
ptolemy.util.test.WatchDog.cancel(): canceling Sun Jun 03 21:44:12 UTC 2018
auto.tcl: Setting watchdog for 200 seconds at Sun Jun 03 21:44:12 UTC 2018
2 ms. Memory: 208384K Free: 198992K (95%)
ptolemy.util.test.WatchDog.cancel(): canceling Sun Jun 03 21:44:12 UTC 2018
------------------ testing $PTII/ptolemy/domains/de/test/auto/CausalityAndComposabilityAnalysis.xml
auto.tcl: Setting watchdog for 200 seconds at Sun Jun 03 21:44:12 UTC 2018
7 ms. Memory: 208384K Free: 197235K (95%)
ptolemy.util.test.WatchDog.cancel(): canceling Sun Jun 03 21:44:12 UTC 2018
auto.tcl: Setting watchdog for 200 seconds at Sun Jun 03 21:44:12 UTC 2018
8 ms. Memory: 208384K Free: 197235K (95%)
ptolemy.util.test.WatchDog.cancel(): canceling Sun Jun 03 21:44:12 UTC 2018
------------------ testing $PTII/ptolemy/domains/de/test/auto/CausalityInterface1.xml
auto.tcl: Setting watchdog for 200 seconds at Sun Jun 03 21:44:12 UTC 2018
20 ms. Memory: 208384K Free: 196426K (94%)
ptolemy.util.test.WatchDog.cancel(): canceling Sun Jun 03 21:44:12 UTC 2018
auto.tcl: Setting watchdog for 200 seconds at Sun Jun 03 21:44:12 UTC 2018
3 ms. Memory: 208384K Free: 196426K (94%)
ptolemy.util.test.WatchDog.cancel(): canceling Sun Jun 03 21:44:12 UTC 2018
------------------ testing $PTII/ptolemy/domains/de/test/auto/CausalityInterface15.xml
auto.tcl: Setting watchdog for 200 seconds at Sun Jun 03 21:44:12 UTC 2018
4 ms. Memory: 208384K Free: 196754K (94%)
ptolemy.util.test.WatchDog.cancel(): canceling Sun Jun 03 21:44:12 UTC 2018
auto.tcl: Setting watchdog for 200 seconds at Sun Jun 03 21:44:12 UTC 2018
4 ms. Memory: 208384K Free: 196416K (94%)
ptolemy.util.test.WatchDog.cancel(): canceling Sun Jun 03 21:44:12 UTC 2018
------------------ testing $PTII/ptolemy/domains/de/test/auto/CausalityInterface2.xml
auto.tcl: Setting watchdog for 200 seconds at Sun Jun 03 21:44:12 UTC 2018
3 ms. Memory: 208384K Free: 196399K (94%)
ptolemy.util.test.WatchDog.cancel(): canceling Sun Jun 03 21:44:12 UTC 2018
auto.tcl: Setting watchdog for 200 seconds at Sun Jun 03 21:44:12 UTC 2018
3 ms. Memory: 208384K Free: 196399K (94%)
ptolemy.util.test.WatchDog.cancel(): canceling Sun Jun 03 21:44:12 UTC 2018
------------------ testing $PTII/ptolemy/domains/de/test/auto/CausalityInterface3.xml
auto.tcl: Setting watchdog for 200 seconds at Sun Jun 03 21:44:12 UTC 2018
4 ms. Memory: 208384K Free: 196413K (94%)
ptolemy.util.test.WatchDog.cancel(): canceling Sun Jun 03 21:44:12 UTC 2018
auto.tcl: Setting watchdog for 200 seconds at Sun Jun 03 21:44:12 UTC 2018
6 ms. Memory: 208384K Free: 196413K (94%)
ptolemy.util.test.WatchDog.cancel(): canceling Sun Jun 03 21:44:12 UTC 2018
------------------ testing $PTII/ptolemy/domains/de/test/auto/ClockDrift.xml
auto.tcl: Setting watchdog for 200 seconds at Sun Jun 03 21:44:12 UTC 2018
81 ms. Memory: 208384K Free: 187637K (90%)
ptolemy.util.test.WatchDog.cancel(): canceling Sun Jun 03 21:44:12 UTC 2018
auto.tcl: Setting watchdog for 200 seconds at Sun Jun 03 21:44:12 UTC 2018
60 ms. Memory: 208384K Free: 185534K (89%)
ptolemy.util.test.WatchDog.cancel(): canceling Sun Jun 03 21:44:13 UTC 2018
------------------ testing $PTII/ptolemy/domains/de/test/auto/ClockDriftAndValueChange.xml
auto.tcl: Setting watchdog for 200 seconds at Sun Jun 03 21:44:13 UTC 2018
42 ms. Memory: 208384K Free: 187470K (90%)
ptolemy.util.test.WatchDog.cancel(): canceling Sun Jun 03 21:44:13 UTC 2018
auto.tcl: Setting watchdog for 200 seconds at Sun Jun 03 21:44:13 UTC 2018
37 ms. Memory: 208384K Free: 185367K (89%)
ptolemy.util.test.WatchDog.cancel(): canceling Sun Jun 03 21:44:13 UTC 2018
------------------ testing $PTII/ptolemy/domains/de/test/auto/ClockDriftChange.xml
auto.tcl: Setting watchdog for 200 seconds at Sun Jun 03 21:44:13 UTC 2018
29 ms. Memory: 208384K Free: 190795K (92%)
ptolemy.util.test.WatchDog.cancel(): canceling Sun Jun 03 21:44:13 UTC 2018
auto.tcl: Setting watchdog for 200 seconds at Sun Jun 03 21:44:13 UTC 2018
30 ms. Memory: 208384K Free: 188693K (91%)
ptolemy.util.test.WatchDog.cancel(): canceling Sun Jun 03 21:44:13 UTC 2018
------------------ testing $PTII/ptolemy/domains/de/test/auto/ComposableCausalityAnalysis.xml
auto.tcl: Setting watchdog for 200 seconds at Sun Jun 03 21:44:13 UTC 2018
1 ms. Memory: 208384K Free: 196267K (94%)
ptolemy.util.test.WatchDog.cancel(): canceling Sun Jun 03 21:44:13 UTC 2018
auto.tcl: Setting watchdog for 200 seconds at Sun Jun 03 21:44:13 UTC 2018
2 ms. Memory: 208384K Free: 194165K (93%)
ptolemy.util.test.WatchDog.cancel(): canceling Sun Jun 03 21:44:13 UTC 2018
------------------ testing $PTII/ptolemy/domains/de/test/auto/DEFixedPointLimitation.xml
auto.tcl: Setting watchdog for 200 seconds at Sun Jun 03 21:44:13 UTC 2018
2 ms. Memory: 208384K Free: 196348K (94%)
ptolemy.util.test.WatchDog.cancel(): canceling Sun Jun 03 21:44:13 UTC 2018
auto.tcl: Setting watchdog for 200 seconds at Sun Jun 03 21:44:13 UTC 2018
1 ms. Memory: 208384K Free: 196348K (94%)
ptolemy.util.test.WatchDog.cancel(): canceling Sun Jun 03 21:44:13 UTC 2018
------------------ testing $PTII/ptolemy/domains/de/test/auto/DEScheduleTest.xml
auto.tcl: Setting watchdog for 200 seconds at Sun Jun 03 21:44:13 UTC 2018
3 ms. Memory: 208384K Free: 198487K (95%)
ptolemy.util.test.WatchDog.cancel(): canceling Sun Jun 03 21:44:13 UTC 2018
auto.tcl: Setting watchdog for 200 seconds at Sun Jun 03 21:44:13 UTC 2018
10 ms. Memory: 208384K Free: 196384K (94%)
ptolemy.util.test.WatchDog.cancel(): canceling Sun Jun 03 21:44:13 UTC 2018
------------------ testing $PTII/ptolemy/domains/de/test/auto/DEinDEwithStartTimes.xml
auto.tcl: Setting watchdog for 200 seconds at Sun Jun 03 21:44:13 UTC 2018
4 ms. Memory: 208384K Free: 196353K (94%)
ptolemy.util.test.WatchDog.cancel(): canceling Sun Jun 03 21:44:13 UTC 2018
auto.tcl: Setting watchdog for 200 seconds at Sun Jun 03 21:44:13 UTC 2018
3 ms. Memory: 208384K Free: 194251K (93%)
ptolemy.util.test.WatchDog.cancel(): canceling Sun Jun 03 21:44:13 UTC 2018
------------------ testing $PTII/ptolemy/domains/de/test/auto/DEinDEwithStartTimes2.xml
auto.tcl: Setting watchdog for 200 seconds at Sun Jun 03 21:44:13 UTC 2018
6 ms. Memory: 208384K Free: 196670K (94%)
ptolemy.util.test.WatchDog.cancel(): canceling Sun Jun 03 21:44:13 UTC 2018
auto.tcl: Setting watchdog for 200 seconds at Sun Jun 03 21:44:13 UTC 2018
3 ms. Memory: 208384K Free: 194568K (93%)
ptolemy.util.test.WatchDog.cancel(): canceling Sun Jun 03 21:44:13 UTC 2018
------------------ testing $PTII/ptolemy/domains/de/test/auto/DateDemo.xml
auto.tcl: Setting watchdog for 200 seconds at Sun Jun 03 21:44:13 UTC 2018
12 ms. Memory: 208384K Free: 188764K (91%)
ptolemy.util.test.WatchDog.cancel(): canceling Sun Jun 03 21:44:13 UTC 2018
auto.tcl: Setting watchdog for 200 seconds at Sun Jun 03 21:44:13 UTC 2018
6 ms. Memory: 208384K Free: 186662K (90%)
ptolemy.util.test.WatchDog.cancel(): canceling Sun Jun 03 21:44:13 UTC 2018
------------------ testing $PTII/ptolemy/domains/de/test/auto/DateToEvent.xml
auto.tcl: Setting watchdog for 200 seconds at Sun Jun 03 21:44:14 UTC 2018
2017 ms. Memory: 208384K Free: 183470K (88%)
ptolemy.util.test.WatchDog.cancel(): canceling Sun Jun 03 21:44:16 UTC 2018
auto.tcl: Setting watchdog for 200 seconds at Sun Jun 03 21:44:16 UTC 2018
2009 ms. Memory: 208384K Free: 181012K (87%)
ptolemy.util.test.WatchDog.cancel(): canceling Sun Jun 03 21:44:18 UTC 2018
------------------ testing $PTII/ptolemy/domains/de/test/auto/DepthTest1.xml
auto.tcl: Setting watchdog for 200 seconds at Sun Jun 03 21:44:18 UTC 2018
3 ms. Memory: 208384K Free: 198015K (95%)
ptolemy.util.test.WatchDog.cancel(): canceling Sun Jun 03 21:44:18 UTC 2018
auto.tcl: Setting watchdog for 200 seconds at Sun Jun 03 21:44:18 UTC 2018
5 ms. Memory: 208384K Free: 198015K (95%)
ptolemy.util.test.WatchDog.cancel(): canceling Sun Jun 03 21:44:18 UTC 2018
------------------ testing $PTII/ptolemy/domains/de/test/auto/DepthTest2.xml
auto.tcl: Setting watchdog for 200 seconds at Sun Jun 03 21:44:18 UTC 2018
6 ms. Memory: 208384K Free: 194211K (93%)
ptolemy.util.test.WatchDog.cancel(): canceling Sun Jun 03 21:44:18 UTC 2018
auto.tcl: Setting watchdog for 200 seconds at Sun Jun 03 21:44:18 UTC 2018
3 ms. Memory: 208384K Free: 194211K (93%)
ptolemy.util.test.WatchDog.cancel(): canceling Sun Jun 03 21:44:18 UTC 2018
------------------ testing $PTII/ptolemy/domains/de/test/auto/DepthTest3.xml
auto.tcl: Setting watchdog for 200 seconds at Sun Jun 03 21:44:18 UTC 2018
6 ms. Memory: 208384K Free: 198687K (95%)
ptolemy.util.test.WatchDog.cancel(): canceling Sun Jun 03 21:44:18 UTC 2018
auto.tcl: Setting watchdog for 200 seconds at Sun Jun 03 21:44:18 UTC 2018
1 ms. Memory: 208384K Free: 198687K (95%)
ptolemy.util.test.WatchDog.cancel(): canceling Sun Jun 03 21:44:18 UTC 2018
------------------ testing $PTII/ptolemy/domains/de/test/auto/DepthTest4.xml
auto.tcl: Setting watchdog for 200 seconds at Sun Jun 03 21:44:18 UTC 2018
5 ms. Memory: 208384K Free: 196335K (94%)
ptolemy.util.test.WatchDog.cancel(): canceling Sun Jun 03 21:44:18 UTC 2018
auto.tcl: Setting watchdog for 200 seconds at Sun Jun 03 21:44:18 UTC 2018
2 ms. Memory: 208384K Free: 196335K (94%)
ptolemy.util.test.WatchDog.cancel(): canceling Sun Jun 03 21:44:18 UTC 2018
------------------ testing $PTII/ptolemy/domains/de/test/auto/DepthTest5.xml
auto.tcl: Setting watchdog for 200 seconds at Sun Jun 03 21:44:18 UTC 2018
5 ms. Memory: 208384K Free: 196619K (94%)
ptolemy.util.test.WatchDog.cancel(): canceling Sun Jun 03 21:44:18 UTC 2018
auto.tcl: Setting watchdog for 200 seconds at Sun Jun 03 21:44:18 UTC 2018
2 ms. Memory: 208384K Free: 196619K (94%)
ptolemy.util.test.WatchDog.cancel(): canceling Sun Jun 03 21:44:18 UTC 2018
------------------ testing $PTII/ptolemy/domains/de/test/auto/DepthTest6.xml
auto.tcl: Setting watchdog for 200 seconds at Sun Jun 03 21:44:18 UTC 2018
9 ms. Memory: 208384K Free: 196597K (94%)
ptolemy.util.test.WatchDog.cancel(): canceling Sun Jun 03 21:44:18 UTC 2018
auto.tcl: Setting watchdog for 200 seconds at Sun Jun 03 21:44:18 UTC 2018
3 ms. Memory: 208384K Free: 196597K (94%)
ptolemy.util.test.WatchDog.cancel(): canceling Sun Jun 03 21:44:18 UTC 2018
------------------ testing $PTII/ptolemy/domains/de/test/auto/DepthTest7.xml
auto.tcl: Setting watchdog for 200 seconds at Sun Jun 03 21:44:18 UTC 2018
2 ms. Memory: 208384K Free: 196239K (94%)
ptolemy.util.test.WatchDog.cancel(): canceling Sun Jun 03 21:44:18 UTC 2018
auto.tcl: Setting watchdog for 200 seconds at Sun Jun 03 21:44:18 UTC 2018
2 ms. Memory: 208384K Free: 196239K (94%)
ptolemy.util.test.WatchDog.cancel(): canceling Sun Jun 03 21:44:18 UTC 2018
------------------ testing $PTII/ptolemy/domains/de/test/auto/EventToDate.xml
auto.tcl: Setting watchdog for 200 seconds at Sun Jun 03 21:44:18 UTC 2018
3005 ms. Memory: 208384K Free: 185748K (89%)
ptolemy.util.test.WatchDog.cancel(): canceling Sun Jun 03 21:44:21 UTC 2018
auto.tcl: Setting watchdog for 200 seconds at Sun Jun 03 21:44:21 UTC 2018
3004 ms. Memory: 208384K Free: 185748K (89%)
ptolemy.util.test.WatchDog.cancel(): canceling Sun Jun 03 21:44:24 UTC 2018
------------------ testing $PTII/ptolemy/domains/de/test/auto/FSM1.xml
auto.tcl: Setting watchdog for 200 seconds at Sun Jun 03 21:44:24 UTC 2018
32 ms. Memory: 208384K Free: 189286K (91%)
ptolemy.util.test.WatchDog.cancel(): canceling Sun Jun 03 21:44:24 UTC 2018
auto.tcl: Setting watchdog for 200 seconds at Sun Jun 03 21:44:24 UTC 2018
22 ms. Memory: 208384K Free: 185081K (89%)
ptolemy.util.test.WatchDog.cancel(): canceling Sun Jun 03 21:44:24 UTC 2018
------------------ testing $PTII/ptolemy/domains/de/test/auto/FSM7.xml
auto.tcl: Setting watchdog for 200 seconds at Sun Jun 03 21:44:24 UTC 2018
24 ms. Memory: 208384K Free: 187386K (90%)
ptolemy.util.test.WatchDog.cancel(): canceling Sun Jun 03 21:44:25 UTC 2018
auto.tcl: Setting watchdog for 200 seconds at Sun Jun 03 21:44:25 UTC 2018
15 ms. Memory: 208384K Free: 185284K (89%)
ptolemy.util.test.WatchDog.cancel(): canceling Sun Jun 03 21:44:25 UTC 2018
------------------ testing $PTII/ptolemy/domains/de/test/auto/Inspection.xml
auto.tcl: Setting watchdog for 200 seconds at Sun Jun 03 21:44:25 UTC 2018
20 ms. Memory: 208384K Free: 188936K (91%)
ptolemy.util.test.WatchDog.cancel(): canceling Sun Jun 03 21:44:25 UTC 2018
auto.tcl: Setting watchdog for 200 seconds at Sun Jun 03 21:44:25 UTC 2018
22 ms. Memory: 208384K Free: 186834K (90%)
ptolemy.util.test.WatchDog.cancel(): canceling Sun Jun 03 21:44:25 UTC 2018
------------------ testing $PTII/ptolemy/domains/de/test/auto/Iteration.xml
auto.tcl: Setting watchdog for 200 seconds at Sun Jun 03 21:44:25 UTC 2018
9 ms. Memory: 208384K Free: 194278K (93%)
ptolemy.util.test.WatchDog.cancel(): canceling Sun Jun 03 21:44:25 UTC 2018
auto.tcl: Setting watchdog for 200 seconds at Sun Jun 03 21:44:25 UTC 2018
6 ms. Memory: 208384K Free: 194278K (93%)
ptolemy.util.test.WatchDog.cancel(): canceling Sun Jun 03 21:44:25 UTC 2018
------------------ testing $PTII/ptolemy/domains/de/test/auto/LineFault.xml
auto.tcl: Setting watchdog for 200 seconds at Sun Jun 03 21:44:25 UTC 2018
640 ms. Memory: 208384K Free: 196602K (94%)
ptolemy.util.test.WatchDog.cancel(): canceling Sun Jun 03 21:44:26 UTC 2018
auto.tcl: Setting watchdog for 200 seconds at Sun Jun 03 21:44:26 UTC 2018
578 ms. Memory: 208384K Free: 139202K (67%)
ptolemy.util.test.WatchDog.cancel(): canceling Sun Jun 03 21:44:26 UTC 2018
------------------ testing $PTII/ptolemy/domains/de/test/auto/MergeModel1Add.xml
auto.tcl: Setting watchdog for 200 seconds at Sun Jun 03 21:44:26 UTC 2018
18 ms. Memory: 331264K Free: 302690K (91%)
ptolemy.util.test.WatchDog.cancel(): canceling Sun Jun 03 21:44:26 UTC 2018
auto.tcl: Setting watchdog for 200 seconds at Sun Jun 03 21:44:26 UTC 2018
14 ms. Memory: 331264K Free: 298718K (90%)
ptolemy.util.test.WatchDog.cancel(): canceling Sun Jun 03 21:44:26 UTC 2018
------------------ testing $PTII/ptolemy/domains/de/test/auto/MergeModel2Add.xml
auto.tcl: Setting watchdog for 200 seconds at Sun Jun 03 21:44:26 UTC 2018
10 ms. Memory: 331264K Free: 304029K (92%)
ptolemy.util.test.WatchDog.cancel(): canceling Sun Jun 03 21:44:27 UTC 2018
auto.tcl: Setting watchdog for 200 seconds at Sun Jun 03 21:44:27 UTC 2018
6 ms. Memory: 331264K Free: 300057K (91%)
ptolemy.util.test.WatchDog.cancel(): canceling Sun Jun 03 21:44:27 UTC 2018
------------------ testing $PTII/ptolemy/domains/de/test/auto/MergeModel3Add.xml
auto.tcl: Setting watchdog for 200 seconds at Sun Jun 03 21:44:27 UTC 2018
9 ms. Memory: 331264K Free: 304039K (92%)
ptolemy.util.test.WatchDog.cancel(): canceling Sun Jun 03 21:44:27 UTC 2018
auto.tcl: Setting watchdog for 200 seconds at Sun Jun 03 21:44:27 UTC 2018
9 ms. Memory: 331264K Free: 300067K (91%)
ptolemy.util.test.WatchDog.cancel(): canceling Sun Jun 03 21:44:27 UTC 2018
------------------ testing $PTII/ptolemy/domains/de/test/auto/MergeWithoutDiscard.xml
auto.tcl: Setting watchdog for 200 seconds at Sun Jun 03 21:44:27 UTC 2018
2 ms. Memory: 331264K Free: 320210K (97%)
ptolemy.util.test.WatchDog.cancel(): canceling Sun Jun 03 21:44:27 UTC 2018
auto.tcl: Setting watchdog for 200 seconds at Sun Jun 03 21:44:27 UTC 2018
1 ms. Memory: 331264K Free: 315953K (95%)
ptolemy.util.test.WatchDog.cancel(): canceling Sun Jun 03 21:44:27 UTC 2018
------------------ testing $PTII/ptolemy/domains/de/test/auto/Modal1.xml
auto.tcl: Setting watchdog for 200 seconds at Sun Jun 03 21:44:27 UTC 2018
19 ms. Memory: 331264K Free: 309821K (94%)
ptolemy.util.test.WatchDog.cancel(): canceling Sun Jun 03 21:44:27 UTC 2018
auto.tcl: Setting watchdog for 200 seconds at Sun Jun 03 21:44:27 UTC 2018
20 ms. Memory: 331264K Free: 305849K (92%)
ptolemy.util.test.WatchDog.cancel(): canceling Sun Jun 03 21:44:27 UTC 2018
------------------ testing $PTII/ptolemy/domains/de/test/auto/Modal2.xml
auto.tcl: Setting watchdog for 200 seconds at Sun Jun 03 21:44:27 UTC 2018
10 ms. Memory: 331264K Free: 309706K (93%)
ptolemy.util.test.WatchDog.cancel(): canceling Sun Jun 03 21:44:27 UTC 2018
auto.tcl: Setting watchdog for 200 seconds at Sun Jun 03 21:44:27 UTC 2018
10 ms. Memory: 331264K Free: 305734K (92%)
ptolemy.util.test.WatchDog.cancel(): canceling Sun Jun 03 21:44:27 UTC 2018
------------------ testing $PTII/ptolemy/domains/de/test/auto/Modal3.xml
auto.tcl: Setting watchdog for 200 seconds at Sun Jun 03 21:44:27 UTC 2018
9 ms. Memory: 331264K Free: 309693K (93%)
ptolemy.util.test.WatchDog.cancel(): canceling Sun Jun 03 21:44:27 UTC 2018
auto.tcl: Setting watchdog for 200 seconds at Sun Jun 03 21:44:27 UTC 2018
9 ms. Memory: 331264K Free: 305721K (92%)
ptolemy.util.test.WatchDog.cancel(): canceling Sun Jun 03 21:44:27 UTC 2018
------------------ testing $PTII/ptolemy/domains/de/test/auto/Modal4.xml
auto.tcl: Setting watchdog for 200 seconds at Sun Jun 03 21:44:27 UTC 2018
21 ms. Memory: 331264K Free: 309706K (93%)
ptolemy.util.test.WatchDog.cancel(): canceling Sun Jun 03 21:44:27 UTC 2018
auto.tcl: Setting watchdog for 200 seconds at Sun Jun 03 21:44:27 UTC 2018
12 ms. Memory: 331264K Free: 305734K (92%)
ptolemy.util.test.WatchDog.cancel(): canceling Sun Jun 03 21:44:27 UTC 2018
------------------ testing $PTII/ptolemy/domains/de/test/auto/Modal5.xml
auto.tcl: Setting watchdog for 200 seconds at Sun Jun 03 21:44:27 UTC 2018
19 ms. Memory: 331264K Free: 309693K (93%)
ptolemy.util.test.WatchDog.cancel(): canceling Sun Jun 03 21:44:27 UTC 2018
auto.tcl: Setting watchdog for 200 seconds at Sun Jun 03 21:44:27 UTC 2018
13 ms. Memory: 331264K Free: 305721K (92%)
ptolemy.util.test.WatchDog.cancel(): canceling Sun Jun 03 21:44:27 UTC 2018
------------------ testing $PTII/ptolemy/domains/de/test/auto/Modal6.xml
auto.tcl: Setting watchdog for 200 seconds at Sun Jun 03 21:44:27 UTC 2018
14 ms. Memory: 331264K Free: 309690K (93%)
ptolemy.util.test.WatchDog.cancel(): canceling Sun Jun 03 21:44:27 UTC 2018
auto.tcl: Setting watchdog for 200 seconds at Sun Jun 03 21:44:27 UTC 2018
12 ms. Memory: 331264K Free: 305718K (92%)
ptolemy.util.test.WatchDog.cancel(): canceling Sun Jun 03 21:44:27 UTC 2018
------------------ testing $PTII/ptolemy/domains/de/test/auto/Modal7.xml
auto.tcl: Setting watchdog for 200 seconds at Sun Jun 03 21:44:27 UTC 2018
17 ms. Memory: 331264K Free: 309691K (93%)
ptolemy.util.test.WatchDog.cancel(): canceling Sun Jun 03 21:44:28 UTC 2018
auto.tcl: Setting watchdog for 200 seconds at Sun Jun 03 21:44:28 UTC 2018
11 ms. Memory: 331264K Free: 305719K (92%)
ptolemy.util.test.WatchDog.cancel(): canceling Sun Jun 03 21:44:28 UTC 2018
------------------ testing $PTII/ptolemy/domains/de/test/auto/ModalModel.xml
auto.tcl: Setting watchdog for 200 seconds at Sun Jun 03 21:44:28 UTC 2018
207 ms. Memory: 331264K Free: 246132K (74%)
ptolemy.util.test.WatchDog.cancel(): canceling Sun Jun 03 21:44:28 UTC 2018
auto.tcl: Setting watchdog for 200 seconds at Sun Jun 03 21:44:28 UTC 2018
186 ms. Memory: 331264K Free: 185599K (56%)
ptolemy.util.test.WatchDog.cancel(): canceling Sun Jun 03 21:44:28 UTC 2018
------------------ testing $PTII/ptolemy/domains/de/test/auto/ModalSource.xml
auto.tcl: Setting watchdog for 200 seconds at Sun Jun 03 21:44:28 UTC 2018
6 ms. Memory: 331264K Free: 316574K (96%)
ptolemy.util.test.WatchDog.cancel(): canceling Sun Jun 03 21:44:28 UTC 2018
auto.tcl: Setting watchdog for 200 seconds at Sun Jun 03 21:44:28 UTC 2018
5 ms. Memory: 331264K Free: 313066K (95%)
ptolemy.util.test.WatchDog.cancel(): canceling Sun Jun 03 21:44:28 UTC 2018
------------------ testing $PTII/ptolemy/domains/de/test/auto/NonInterruptibleTimerZeroDelay.xml
auto.tcl: Setting watchdog for 200 seconds at Sun Jun 03 21:44:28 UTC 2018
3 ms. Memory: 331264K Free: 320920K (97%)
ptolemy.util.test.WatchDog.cancel(): canceling Sun Jun 03 21:44:28 UTC 2018
auto.tcl: Setting watchdog for 200 seconds at Sun Jun 03 21:44:28 UTC 2018
2 ms. Memory: 331264K Free: 317419K (96%)
ptolemy.util.test.WatchDog.cancel(): canceling Sun Jun 03 21:44:28 UTC 2018
------------------ testing $PTII/ptolemy/domains/de/test/auto/OpenQueueingNetwork.xml
auto.tcl: Setting watchdog for 200 seconds at Sun Jun 03 21:44:28 UTC 2018
2664 ms. Memory: 573952K Free: 406572K (71%)
ptolemy.util.test.WatchDog.cancel(): canceling Sun Jun 03 21:44:31 UTC 2018
auto.tcl: Setting watchdog for 200 seconds at Sun Jun 03 21:44:31 UTC 2018
2354 ms. Memory: 550912K Free: 293196K (53%)
ptolemy.util.test.WatchDog.cancel(): canceling Sun Jun 03 21:44:33 UTC 2018
------------------ testing $PTII/ptolemy/domains/de/test/auto/OpenQueuingNetwork.xml
auto.tcl: Setting watchdog for 200 seconds at Sun Jun 03 21:44:33 UTC 2018
218 ms. Memory: 549888K Free: 444849K (81%)
ptolemy.util.test.WatchDog.cancel(): canceling Sun Jun 03 21:44:34 UTC 2018
auto.tcl: Setting watchdog for 200 seconds at Sun Jun 03 21:44:34 UTC 2018
213 ms. Memory: 549888K Free: 384690K (70%)
ptolemy.util.test.WatchDog.cancel(): canceling Sun Jun 03 21:44:34 UTC 2018
------------------ testing $PTII/ptolemy/domains/de/test/auto/PeriodicSampler.xml
auto.tcl: Setting watchdog for 200 seconds at Sun Jun 03 21:44:34 UTC 2018
2 ms. Memory: 551936K Free: 530666K (96%)
ptolemy.util.test.WatchDog.cancel(): canceling Sun Jun 03 21:44:34 UTC 2018
auto.tcl: Setting watchdog for 200 seconds at Sun Jun 03 21:44:34 UTC 2018
2 ms. Memory: 551936K Free: 530666K (96%)
ptolemy.util.test.WatchDog.cancel(): canceling Sun Jun 03 21:44:34 UTC 2018
------------------ testing $PTII/ptolemy/domains/de/test/auto/PersistentIO.xml
auto.tcl: Setting watchdog for 200 seconds at Sun Jun 03 21:44:34 UTC 2018
13 ms. Memory: 549376K Free: 522251K (95%)
ptolemy.util.test.WatchDog.cancel(): canceling Sun Jun 03 21:44:34 UTC 2018
auto.tcl: Setting watchdog for 200 seconds at Sun Jun 03 21:44:34 UTC 2018
4 ms. Memory: 549376K Free: 522251K (95%)
ptolemy.util.test.WatchDog.cancel(): canceling Sun Jun 03 21:44:34 UTC 2018
------------------ testing $PTII/ptolemy/domains/de/test/auto/PortParameterResetOnInitialize.xml
auto.tcl: Setting watchdog for 200 seconds at Sun Jun 03 21:44:34 UTC 2018
3 ms. Memory: 551424K Free: 530616K (96%)
ptolemy.util.test.WatchDog.cancel(): canceling Sun Jun 03 21:44:34 UTC 2018
auto.tcl: Setting watchdog for 200 seconds at Sun Jun 03 21:44:34 UTC 2018
2 ms. Memory: 551424K Free: 530616K (96%)
ptolemy.util.test.WatchDog.cancel(): canceling Sun Jun 03 21:44:34 UTC 2018
------------------ testing $PTII/ptolemy/domains/de/test/auto/PortParameterUpdates.xml
auto.tcl: Setting watchdog for 200 seconds at Sun Jun 03 21:44:34 UTC 2018
3 ms. Memory: 549376K Free: 533380K (97%)
ptolemy.util.test.WatchDog.cancel(): canceling Sun Jun 03 21:44:34 UTC 2018
auto.tcl: Setting watchdog for 200 seconds at Sun Jun 03 21:44:34 UTC 2018
3 ms. Memory: 549376K Free: 526696K (96%)
ptolemy.util.test.WatchDog.cancel(): canceling Sun Jun 03 21:44:34 UTC 2018
------------------ testing $PTII/ptolemy/domains/de/test/auto/QueueAndServer.xml
auto.tcl: Setting watchdog for 200 seconds at Sun Jun 03 21:44:34 UTC 2018
9 ms. Memory: 551424K Free: 535392K (97%)
ptolemy.util.test.WatchDog.cancel(): canceling Sun Jun 03 21:44:34 UTC 2018
auto.tcl: Setting watchdog for 200 seconds at Sun Jun 03 21:44:34 UTC 2018
6 ms. Memory: 551424K Free: 528708K (96%)
ptolemy.util.test.WatchDog.cancel(): canceling Sun Jun 03 21:44:34 UTC 2018
------------------ testing $PTII/ptolemy/domains/de/test/auto/Records.xml
auto.tcl: Setting watchdog for 200 seconds at Sun Jun 03 21:44:34 UTC 2018
6 ms. Memory: 549376K Free: 533285K (97%)
ptolemy.util.test.WatchDog.cancel(): canceling Sun Jun 03 21:44:34 UTC 2018
auto.tcl: Setting watchdog for 200 seconds at Sun Jun 03 21:44:34 UTC 2018
2 ms. Memory: 549376K Free: 533285K (97%)
ptolemy.util.test.WatchDog.cancel(): canceling Sun Jun 03 21:44:34 UTC 2018
------------------ testing $PTII/ptolemy/domains/de/test/auto/ResetTransitionWithStartTime1.xml
auto.tcl: Setting watchdog for 200 seconds at Sun Jun 03 21:44:34 UTC 2018
8 ms. Memory: 551424K Free: 528889K (96%)
ptolemy.util.test.WatchDog.cancel(): canceling Sun Jun 03 21:44:34 UTC 2018
auto.tcl: Setting watchdog for 200 seconds at Sun Jun 03 21:44:34 UTC 2018
5 ms. Memory: 551424K Free: 528659K (96%)
ptolemy.util.test.WatchDog.cancel(): canceling Sun Jun 03 21:44:34 UTC 2018
------------------ testing $PTII/ptolemy/domains/de/test/auto/ResetTransitionWithStartTime2.xml
auto.tcl: Setting watchdog for 200 seconds at Sun Jun 03 21:44:35 UTC 2018
9 ms. Memory: 549376K Free: 526602K (96%)
ptolemy.util.test.WatchDog.cancel(): canceling Sun Jun 03 21:44:35 UTC 2018
auto.tcl: Setting watchdog for 200 seconds at Sun Jun 03 21:44:35 UTC 2018
5 ms. Memory: 549376K Free: 526602K (96%)
ptolemy.util.test.WatchDog.cancel(): canceling Sun Jun 03 21:44:35 UTC 2018
------------------ testing $PTII/ptolemy/domains/de/test/auto/ResetTransitionWithStartTime3.xml
auto.tcl: Setting watchdog for 200 seconds at Sun Jun 03 21:44:35 UTC 2018
5 ms. Memory: 550912K Free: 528144K (96%)
ptolemy.util.test.WatchDog.cancel(): canceling Sun Jun 03 21:44:35 UTC 2018
auto.tcl: Setting watchdog for 200 seconds at Sun Jun 03 21:44:35 UTC 2018
5 ms. Memory: 550912K Free: 528144K (96%)
ptolemy.util.test.WatchDog.cancel(): canceling Sun Jun 03 21:44:35 UTC 2018
------------------ testing $PTII/ptolemy/domains/de/test/auto/ResetTransitionWithStartTime4.xml
auto.tcl: Setting watchdog for 200 seconds at Sun Jun 03 21:44:35 UTC 2018
4 ms. Memory: 549376K Free: 526599K (96%)
ptolemy.util.test.WatchDog.cancel(): canceling Sun Jun 03 21:44:35 UTC 2018
auto.tcl: Setting watchdog for 200 seconds at Sun Jun 03 21:44:35 UTC 2018
3 ms. Memory: 549376K Free: 526599K (96%)
ptolemy.util.test.WatchDog.cancel(): canceling Sun Jun 03 21:44:35 UTC 2018
------------------ testing $PTII/ptolemy/domains/de/test/auto/ResettableTimer1.xml
auto.tcl: Setting watchdog for 200 seconds at Sun Jun 03 21:44:35 UTC 2018
3 ms. Memory: 550912K Free: 534829K (97%)
ptolemy.util.test.WatchDog.cancel(): canceling Sun Jun 03 21:44:35 UTC 2018
auto.tcl: Setting watchdog for 200 seconds at Sun Jun 03 21:44:35 UTC 2018
2 ms. Memory: 550912K Free: 534829K (97%)
ptolemy.util.test.WatchDog.cancel(): canceling Sun Jun 03 21:44:35 UTC 2018
------------------ testing $PTII/ptolemy/domains/de/test/auto/ResettableTimer2.xml
auto.tcl: Setting watchdog for 200 seconds at Sun Jun 03 21:44:35 UTC 2018
3 ms. Memory: 549376K Free: 533581K (97%)
ptolemy.util.test.WatchDog.cancel(): canceling Sun Jun 03 21:44:35 UTC 2018
auto.tcl: Setting watchdog for 200 seconds at Sun Jun 03 21:44:35 UTC 2018
2 ms. Memory: 549376K Free: 533581K (97%)
ptolemy.util.test.WatchDog.cancel(): canceling Sun Jun 03 21:44:35 UTC 2018
------------------ testing $PTII/ptolemy/domains/de/test/auto/ResettableTimer3.xml
auto.tcl: Setting watchdog for 200 seconds at Sun Jun 03 21:44:35 UTC 2018
2 ms. Memory: 550912K Free: 534887K (97%)
ptolemy.util.test.WatchDog.cancel(): canceling Sun Jun 03 21:44:35 UTC 2018
auto.tcl: Setting watchdog for 200 seconds at Sun Jun 03 21:44:35 UTC 2018
1 ms. Memory: 550912K Free: 534887K (97%)
ptolemy.util.test.WatchDog.cancel(): canceling Sun Jun 03 21:44:35 UTC 2018
------------------ testing $PTII/ptolemy/domains/de/test/auto/ResettableTimer4.xml
auto.tcl: Setting watchdog for 200 seconds at Sun Jun 03 21:44:35 UTC 2018
2 ms. Memory: 549376K Free: 533593K (97%)
ptolemy.util.test.WatchDog.cancel(): canceling Sun Jun 03 21:44:35 UTC 2018
auto.tcl: Setting watchdog for 200 seconds at Sun Jun 03 21:44:35 UTC 2018
1 ms. Memory: 549376K Free: 533593K (97%)
ptolemy.util.test.WatchDog.cancel(): canceling Sun Jun 03 21:44:35 UTC 2018
------------------ testing $PTII/ptolemy/domains/de/test/auto/ResettableTimer5.xml
auto.tcl: Setting watchdog for 200 seconds at Sun Jun 03 21:44:35 UTC 2018
2 ms. Memory: 550400K Free: 529706K (96%)
ptolemy.util.test.WatchDog.cancel(): canceling Sun Jun 03 21:44:35 UTC 2018
auto.tcl: Setting watchdog for 200 seconds at Sun Jun 03 21:44:35 UTC 2018
1 ms. Memory: 550400K Free: 529706K (96%)
ptolemy.util.test.WatchDog.cancel(): canceling Sun Jun 03 21:44:35 UTC 2018
------------------ testing $PTII/ptolemy/domains/de/test/auto/ResettableTimer6.xml
auto.tcl: Setting watchdog for 200 seconds at Sun Jun 03 21:44:35 UTC 2018
2 ms. Memory: 549376K Free: 533311K (97%)
ptolemy.util.test.WatchDog.cancel(): canceling Sun Jun 03 21:44:35 UTC 2018
auto.tcl: Setting watchdog for 200 seconds at Sun Jun 03 21:44:35 UTC 2018
1 ms. Memory: 549376K Free: 533311K (97%)
ptolemy.util.test.WatchDog.cancel(): canceling Sun Jun 03 21:44:35 UTC 2018
------------------ testing $PTII/ptolemy/domains/de/test/auto/ServerZeroDelay.xml
auto.tcl: Setting watchdog for 200 seconds at Sun Jun 03 21:44:35 UTC 2018
3 ms. Memory: 550400K Free: 534556K (97%)
ptolemy.util.test.WatchDog.cancel(): canceling Sun Jun 03 21:44:35 UTC 2018
auto.tcl: Setting watchdog for 200 seconds at Sun Jun 03 21:44:35 UTC 2018
2 ms. Memory: 550400K Free: 534556K (97%)
ptolemy.util.test.WatchDog.cancel(): canceling Sun Jun 03 21:44:35 UTC 2018
------------------ testing $PTII/ptolemy/domains/de/test/auto/SmartSender.xml
auto.tcl: Setting watchdog for 200 seconds at Sun Jun 03 21:44:35 UTC 2018
3002 ms. Memory: 549376K Free: 533527K (97%)
ptolemy.util.test.WatchDog.cancel(): canceling Sun Jun 03 21:44:38 UTC 2018
auto.tcl: Setting watchdog for 200 seconds at Sun Jun 03 21:44:38 UTC 2018
3002 ms. Memory: 549376K Free: 533527K (97%)
ptolemy.util.test.WatchDog.cancel(): canceling Sun Jun 03 21:44:41 UTC 2018
------------------ testing $PTII/ptolemy/domains/de/test/auto/ThreadedComposite.xml
auto.tcl: Setting watchdog for 200 seconds at Sun Jun 03 21:44:41 UTC 2018
289 ms. Memory: 550400K Free: 504252K (92%)
ptolemy.util.test.WatchDog.cancel(): canceling Sun Jun 03 21:44:42 UTC 2018
auto.tcl: Setting watchdog for 200 seconds at Sun Jun 03 21:44:42 UTC 2018
254 ms. Memory: 550400K Free: 478833K (87%)
ptolemy.util.test.WatchDog.cancel(): canceling Sun Jun 03 21:44:42 UTC 2018
------------------ testing $PTII/ptolemy/domains/de/test/auto/Time.xml
auto.tcl: Setting watchdog for 200 seconds at Sun Jun 03 21:44:42 UTC 2018
467 ms. Memory: 549376K Free: 481545K (88%)
ptolemy.util.test.WatchDog.cancel(): canceling Sun Jun 03 21:44:42 UTC 2018
auto.tcl: Setting watchdog for 200 seconds at Sun Jun 03 21:44:42 UTC 2018
414 ms. Memory: 549376K Free: 428071K (78%)
ptolemy.util.test.WatchDog.cancel(): canceling Sun Jun 03 21:44:43 UTC 2018
------------------ testing $PTII/ptolemy/domains/de/test/auto/TimeDelayZeroDelay.xml
auto.tcl: Setting watchdog for 200 seconds at Sun Jun 03 21:44:43 UTC 2018
2 ms. Memory: 550400K Free: 534243K (97%)
ptolemy.util.test.WatchDog.cancel(): canceling Sun Jun 03 21:44:43 UTC 2018
auto.tcl: Setting watchdog for 200 seconds at Sun Jun 03 21:44:43 UTC 2018
2 ms. Memory: 550400K Free: 534243K (97%)
ptolemy.util.test.WatchDog.cancel(): canceling Sun Jun 03 21:44:43 UTC 2018
------------------ testing $PTII/ptolemy/domains/de/test/auto/TimerZeroDelay.xml
auto.tcl: Setting watchdog for 200 seconds at Sun Jun 03 21:44:43 UTC 2018
4 ms. Memory: 549376K Free: 533492K (97%)
ptolemy.util.test.WatchDog.cancel(): canceling Sun Jun 03 21:44:43 UTC 2018
auto.tcl: Setting watchdog for 200 seconds at Sun Jun 03 21:44:43 UTC 2018
1 ms. Memory: 549376K Free: 533492K (97%)
ptolemy.util.test.WatchDog.cancel(): canceling Sun Jun 03 21:44:43 UTC 2018
------------------ testing $PTII/ptolemy/domains/de/test/auto/TimingParadox.xml
auto.tcl: Setting watchdog for 200 seconds at Sun Jun 03 21:44:43 UTC 2018
286 ms. Memory: 549888K Free: 467571K (85%)
ptolemy.util.test.WatchDog.cancel(): canceling Sun Jun 03 21:44:43 UTC 2018
auto.tcl: Setting watchdog for 200 seconds at Sun Jun 03 21:44:43 UTC 2018
289 ms. Memory: 549888K Free: 434150K (79%)
ptolemy.util.test.WatchDog.cancel(): canceling Sun Jun 03 21:44:44 UTC 2018
------------------ testing $PTII/ptolemy/domains/de/test/auto/TransferInputs.xml
auto.tcl: Setting watchdog for 200 seconds at Sun Jun 03 21:44:44 UTC 2018
2 ms. Memory: 549888K Free: 532909K (97%)
ptolemy.util.test.WatchDog.cancel(): canceling Sun Jun 03 21:44:44 UTC 2018
auto.tcl: Setting watchdog for 200 seconds at Sun Jun 03 21:44:44 UTC 2018
1 ms. Memory: 549888K Free: 532909K (97%)
ptolemy.util.test.WatchDog.cancel(): canceling Sun Jun 03 21:44:44 UTC 2018
------------------ testing $PTII/ptolemy/domains/de/test/auto/TransferOutputs2.xml
auto.tcl: Setting watchdog for 200 seconds at Sun Jun 03 21:44:44 UTC 2018
9 ms. Memory: 549376K Free: 522119K (95%)
ptolemy.util.test.WatchDog.cancel(): canceling Sun Jun 03 21:44:44 UTC 2018
auto.tcl: Setting watchdog for 200 seconds at Sun Jun 03 21:44:44 UTC 2018
3 ms. Memory: 549376K Free: 522119K (95%)
ptolemy.util.test.WatchDog.cancel(): canceling Sun Jun 03 21:44:44 UTC 2018
------------------ testing $PTII/ptolemy/domains/de/test/auto/Trilateration.xml
auto.tcl: Setting watchdog for 200 seconds at Sun Jun 03 21:44:44 UTC 2018
13205 ms. Memory: 766976K Free: 228482K (30%)
ptolemy.util.test.WatchDog.cancel(): canceling Sun Jun 03 21:44:58 UTC 2018
auto.tcl: Setting watchdog for 200 seconds at Sun Jun 03 21:44:58 UTC 2018
11131 ms. Memory: 646144K Free: 80288K (12%)
ptolemy.util.test.WatchDog.cancel(): canceling Sun Jun 03 21:45:09 UTC 2018
------------------ testing $PTII/ptolemy/domains/de/test/auto/TwoSigmaDelta.xml
auto.tcl: Setting watchdog for 200 seconds at Sun Jun 03 21:45:09 UTC 2018
2697 ms. Memory: 649728K Free: 342208K (53%)
ptolemy.util.test.WatchDog.cancel(): canceling Sun Jun 03 21:45:12 UTC 2018
auto.tcl: Setting watchdog for 200 seconds at Sun Jun 03 21:45:12 UTC 2018
1962 ms. Memory: 649728K Free: 114262K (18%)
ptolemy.util.test.WatchDog.cancel(): canceling Sun Jun 03 21:45:14 UTC 2018
------------------ testing $PTII/ptolemy/domains/de/test/auto/VariableDelay.xml
auto.tcl: Setting watchdog for 200 seconds at Sun Jun 03 21:45:14 UTC 2018
2 ms. Memory: 646656K Free: 627283K (97%)
ptolemy.util.test.WatchDog.cancel(): canceling Sun Jun 03 21:45:14 UTC 2018
auto.tcl: Setting watchdog for 200 seconds at Sun Jun 03 21:45:14 UTC 2018
1 ms. Memory: 646656K Free: 627283K (97%)
ptolemy.util.test.WatchDog.cancel(): canceling Sun Jun 03 21:45:14 UTC 2018
------------------ testing $PTII/ptolemy/domains/de/test/auto/VariableDelay2.xml
auto.tcl: Setting watchdog for 200 seconds at Sun Jun 03 21:45:14 UTC 2018
1 ms. Memory: 646144K Free: 627216K (97%)
ptolemy.util.test.WatchDog.cancel(): canceling Sun Jun 03 21:45:14 UTC 2018
auto.tcl: Setting watchdog for 200 seconds at Sun Jun 03 21:45:14 UTC 2018
2 ms. Memory: 646144K Free: 627216K (97%)
ptolemy.util.test.WatchDog.cancel(): canceling Sun Jun 03 21:45:14 UTC 2018
------------------ testing $PTII/ptolemy/domains/de/test/auto/VariableDelayZeroDelay.xml
auto.tcl: Setting watchdog for 200 seconds at Sun Jun 03 21:45:14 UTC 2018
1 ms. Memory: 646144K Free: 621568K (96%)
ptolemy.util.test.WatchDog.cancel(): canceling Sun Jun 03 21:45:14 UTC 2018
auto.tcl: Setting watchdog for 200 seconds at Sun Jun 03 21:45:14 UTC 2018
2 ms. Memory: 646144K Free: 621568K (96%)
ptolemy.util.test.WatchDog.cancel(): canceling Sun Jun 03 21:45:14 UTC 2018
------------------ testing $PTII/ptolemy/domains/de/test/auto/VariableDelayZeroDelay2.xml
auto.tcl: Setting watchdog for 200 seconds at Sun Jun 03 21:45:14 UTC 2018
2 ms. Memory: 649216K Free: 624639K (96%)
ptolemy.util.test.WatchDog.cancel(): canceling Sun Jun 03 21:45:14 UTC 2018
auto.tcl: Setting watchdog for 200 seconds at Sun Jun 03 21:45:14 UTC 2018
2 ms. Memory: 649216K Free: 624639K (96%)
ptolemy.util.test.WatchDog.cancel(): canceling Sun Jun 03 21:45:14 UTC 2018
------------------ testing $PTII/ptolemy/domains/de/test/auto/deInCt.xml
auto.tcl: Setting watchdog for 200 seconds at Sun Jun 03 21:45:14 UTC 2018
0
1
1
1
1
0
0
0
1
1
1
0
0
0
0
1
1
1
0
0
0
0
0
0
0
1
1
1
1
14 ms. Memory: 646144K Free: 621532K (96%)
ptolemy.util.test.WatchDog.cancel(): canceling Sun Jun 03 21:45:14 UTC 2018
auto.tcl: Setting watchdog for 200 seconds at Sun Jun 03 21:45:14 UTC 2018
0
1
1
1
0
0
0
1
1
0
0
0
0
1
1
1
0
0
0
1
1
1
0
0
0
1
1
1
0
0
0
0
1
1
1
1
1
0
0
0
1
1
0
0
0
10 ms. Memory: 646144K Free: 621532K (96%)
ptolemy.util.test.WatchDog.cancel(): canceling Sun Jun 03 21:45:14 UTC 2018
------------------ testing $PTII/ptolemy/domains/de/test/auto/deInCt2.xml
auto.tcl: Setting watchdog for 200 seconds at Sun Jun 03 21:45:14 UTC 2018
0
1
1
1
0
0
1
1
1
0
0
1
1
1
0
0
1
1
1
0
0
1
1
1
0
0
1
1
1
0
0
1
1
1
0
0
1
1
1
0
0
0
9 ms. Memory: 648704K Free: 624124K (96%)
ptolemy.util.test.WatchDog.cancel(): canceling Sun Jun 03 21:45:15 UTC 2018
auto.tcl: Setting watchdog for 200 seconds at Sun Jun 03 21:45:15 UTC 2018
0
1
1
1
0
0
1
1
1
0
0
1
1
1
0
0
1
1
1
0
0
1
1
1
0
0
1
1
1
0
0
1
1
1
0
0
1
1
1
0
0
0
5 ms. Memory: 648704K Free: 624124K (96%)
ptolemy.util.test.WatchDog.cancel(): canceling Sun Jun 03 21:45:15 UTC 2018
------------------ testing $PTII/ptolemy/domains/de/test/auto/dynamicCausalityInterface1.xml
auto.tcl: Setting watchdog for 200 seconds at Sun Jun 03 21:45:15 UTC 2018
2 ms. Memory: 646144K Free: 612914K (95%)
ptolemy.util.test.WatchDog.cancel(): canceling Sun Jun 03 21:45:15 UTC 2018
auto.tcl: Setting watchdog for 200 seconds at Sun Jun 03 21:45:15 UTC 2018
0 ms. Memory: 646144K Free: 612914K (95%)
ptolemy.util.test.WatchDog.cancel(): canceling Sun Jun 03 21:45:15 UTC 2018
------------------ testing $PTII/ptolemy/domains/de/test/auto/fsm_de_test.xml
auto.tcl: Setting watchdog for 200 seconds at Sun Jun 03 21:45:15 UTC 2018
14 ms. Memory: 648192K Free: 623503K (96%)
ptolemy.util.test.WatchDog.cancel(): canceling Sun Jun 03 21:45:15 UTC 2018
auto.tcl: Setting watchdog for 200 seconds at Sun Jun 03 21:45:15 UTC 2018
5 ms. Memory: 648192K Free: 614873K (95%)
ptolemy.util.test.WatchDog.cancel(): canceling Sun Jun 03 21:45:15 UTC 2018
------------------ testing $PTII/ptolemy/domains/de/test/auto/functionDependencyReconstruction.xml
auto.tcl: Setting watchdog for 200 seconds at Sun Jun 03 21:45:15 UTC 2018
3 ms. Memory: 646144K Free: 612815K (95%)
ptolemy.util.test.WatchDog.cancel(): canceling Sun Jun 03 21:45:15 UTC 2018
auto.tcl: Setting watchdog for 200 seconds at Sun Jun 03 21:45:15 UTC 2018
3 ms. Memory: 646144K Free: 612815K (95%)
ptolemy.util.test.WatchDog.cancel(): canceling Sun Jun 03 21:45:15 UTC 2018
------------------ testing $PTII/ptolemy/domains/de/test/auto/multirate.xml
auto.tcl: Setting watchdog for 200 seconds at Sun Jun 03 21:45:15 UTC 2018
2 ms. Memory: 648192K Free: 628983K (97%)
ptolemy.util.test.WatchDog.cancel(): canceling Sun Jun 03 21:45:15 UTC 2018
auto.tcl: Setting watchdog for 200 seconds at Sun Jun 03 21:45:15 UTC 2018
3 ms. Memory: 648192K Free: 628983K (97%)
ptolemy.util.test.WatchDog.cancel(): canceling Sun Jun 03 21:45:15 UTC 2018
------------------ testing $PTII/ptolemy/domains/de/test/auto/multirate2.xml
auto.tcl: Setting watchdog for 200 seconds at Sun Jun 03 21:45:15 UTC 2018
2 ms. Memory: 646144K Free: 627156K (97%)
ptolemy.util.test.WatchDog.cancel(): canceling Sun Jun 03 21:45:15 UTC 2018
auto.tcl: Setting watchdog for 200 seconds at Sun Jun 03 21:45:15 UTC 2018
3 ms. Memory: 646144K Free: 627156K (97%)
ptolemy.util.test.WatchDog.cancel(): canceling Sun Jun 03 21:45:15 UTC 2018
------------------ testing $PTII/ptolemy/domains/de/test/auto/realtime.xml
auto.tcl: Setting watchdog for 200 seconds at Sun Jun 03 21:45:15 UTC 2018
10002 ms. Memory: 647680K Free: 628658K (97%)
ptolemy.util.test.WatchDog.cancel(): canceling Sun Jun 03 21:45:25 UTC 2018
auto.tcl: Setting watchdog for 200 seconds at Sun Jun 03 21:45:25 UTC 2018
10002 ms. Memory: 647680K Free: 628658K (97%)
ptolemy.util.test.WatchDog.cancel(): canceling Sun Jun 03 21:45:35 UTC 2018
------------------ testing $PTII/ptolemy/domains/de/test/auto/relationGroup.xml
auto.tcl: Setting watchdog for 200 seconds at Sun Jun 03 21:45:35 UTC 2018
1 ms. Memory: 646144K Free: 627179K (97%)
ptolemy.util.test.WatchDog.cancel(): canceling Sun Jun 03 21:45:35 UTC 2018
auto.tcl: Setting watchdog for 200 seconds at Sun Jun 03 21:45:35 UTC 2018
1 ms. Memory: 646144K Free: 627179K (97%)
ptolemy.util.test.WatchDog.cancel(): canceling Sun Jun 03 21:45:35 UTC 2018
------------------ testing $PTII/ptolemy/domains/de/test/auto/relationGroup2.xml
auto.tcl: Setting watchdog for 200 seconds at Sun Jun 03 21:45:35 UTC 2018
1 ms. Memory: 647680K Free: 623095K (96%)
ptolemy.util.test.WatchDog.cancel(): canceling Sun Jun 03 21:45:35 UTC 2018
auto.tcl: Setting watchdog for 200 seconds at Sun Jun 03 21:45:35 UTC 2018
1 ms. Memory: 647680K Free: 623095K (96%)
ptolemy.util.test.WatchDog.cancel(): canceling Sun Jun 03 21:45:35 UTC 2018
------------------ testing $PTII/ptolemy/domains/de/test/auto/sortWithOpaquePorts.xml
auto.tcl: Setting watchdog for 200 seconds at Sun Jun 03 21:45:35 UTC 2018
1 ms. Memory: 646144K Free: 621559K (96%)
ptolemy.util.test.WatchDog.cancel(): canceling Sun Jun 03 21:45:35 UTC 2018
auto.tcl: Setting watchdog for 200 seconds at Sun Jun 03 21:45:35 UTC 2018
1 ms. Memory: 646144K Free: 621559K (96%)
ptolemy.util.test.WatchDog.cancel(): canceling Sun Jun 03 21:45:35 UTC 2018
------------------ testing $PTII/ptolemy/domains/de/test/auto/transferInputsandOutputs.xml
auto.tcl: Setting watchdog for 200 seconds at Sun Jun 03 21:45:35 UTC 2018
3 ms. Memory: 647168K Free: 622571K (96%)
ptolemy.util.test.WatchDog.cancel(): canceling Sun Jun 03 21:45:35 UTC 2018
auto.tcl: Setting watchdog for 200 seconds at Sun Jun 03 21:45:35 UTC 2018
1 ms. Memory: 647168K Free: 622571K (96%)
ptolemy.util.test.WatchDog.cancel(): canceling Sun Jun 03 21:45:35 UTC 2018
------------------ testing $PTII/ptolemy/domains/de/test/auto/triggerType.xml
auto.tcl: Setting watchdog for 200 seconds at Sun Jun 03 21:45:35 UTC 2018
1 ms. Memory: 646144K Free: 621497K (96%)
ptolemy.util.test.WatchDog.cancel(): canceling Sun Jun 03 21:45:35 UTC 2018
auto.tcl: Setting watchdog for 200 seconds at Sun Jun 03 21:45:35 UTC 2018
2 ms. Memory: 646144K Free: 621497K (96%)
ptolemy.util.test.WatchDog.cancel(): canceling Sun Jun 03 21:45:35 UTC 2018
06/03/18 09:45:35
Failed: 0  Total Tests: 192  ((Passed: 187, Newly Passed: 1)  Known Failed: 5) /home/travis/build/icyphy/ptII/ptolemy/domains/de/test
06/03/18 09:45:35
Failed: 0  Total Tests: 192  ((Passed: 187, Newly Passed: 1)  Known Failed: 5) /home/travis/build/icyphy/ptII/ptolemy/domains/de/test
----------------- testing (KnownFailure) /home/travis/build/icyphy/ptII/ptolemy/domains/de/test/auto/knownFailedTests/DESDFClockTest.xml
2012 ms. Memory: 647168K Free: 611280K (94%)
Known Failure: java.lang.reflect.InvocationTargetException
----------------- testing (KnownFailure) /home/travis/build/icyphy/ptII/ptolemy/domains/de/test/auto/knownFailedTests/DirectFeedback.xml
1 ms. Memory: 647168K Free: 566101K (87%)
Known Failure: java.lang.reflect.InvocationTargetException
----------------- testing (KnownFailure) /home/travis/build/icyphy/ptII/ptolemy/domains/de/test/auto/knownFailedTests/FSMSource.xml
4 ms. Memory: 647168K Free: 520921K (80%)
----------------- testing (KnownFailure) /home/travis/build/icyphy/ptII/ptolemy/domains/de/test/auto/knownFailedTests/HierarchicalModel.xml
6 ms. Memory: 647168K Free: 487005K (75%)
Known Failure: java.lang.reflect.InvocationTargetException
----------------- testing (KnownFailure) /home/travis/build/icyphy/ptII/ptolemy/domains/de/test/auto/knownFailedTests/dependencyLoop.xml
3 ms. Memory: 647168K Free: 430515K (67%)
Known Failure: java.lang.reflect.InvocationTargetException
----------------- testing (KnownFailure) /home/travis/build/icyphy/ptII/ptolemy/domains/de/test/auto/knownFailedTests/dependencyLoop2.xml
3 ms. Memory: 647168K Free: 374033K (58%)
Known Failure: java.lang.reflect.InvocationTargetException
No auto/linux-amd64/*.xml tests in /home/travis/build/icyphy/ptII/ptolemy/domains/de/test
AutoTests.java: About to close Vertx.
AutoTests.java: Vertx closed.

===========================================================================================
----------------- testing Sun Jun 03 21:45:37 UTC 2018 /home/travis/build/icyphy/ptII/ptolemy/domains/de/test/auto/ActorDepthCalculation_actorWithoutPorts.xml
----------------- Instantiating /home/travis/build/icyphy/ptII/ptolemy/domains/de/test/auto/ActorDepthCalculation_actorWithoutPorts.xml
1 ms. Memory: 647168K Free: 317559K (49%)
----------------- Invoking toplevel() on ptolemy.moml.MoMLSimpleApplication@5974878a
----------------- Done invoking toplevel() on ptolemy.moml.MoMLSimpleApplication@5974878a
reloadAllAccessors: .ActorDepthCalculation_actorWithoutPorts

===========================================================================================
----------------- testing Sun Jun 03 21:45:37 UTC 2018 /home/travis/build/icyphy/ptII/ptolemy/domains/de/test/auto/AssemblyLine.xml
----------------- Instantiating /home/travis/build/icyphy/ptII/ptolemy/domains/de/test/auto/AssemblyLine.xml
2 ms. Memory: 647168K Free: 294970K (46%)
----------------- Invoking toplevel() on ptolemy.moml.MoMLSimpleApplication@5b9207dc
----------------- Done invoking toplevel() on ptolemy.moml.MoMLSimpleApplication@5b9207dc
reloadAllAccessors: .AssemblyLine

===========================================================================================
----------------- testing Sun Jun 03 21:45:37 UTC 2018 /home/travis/build/icyphy/ptII/ptolemy/domains/de/test/auto/CQBug1.xml
----------------- Instantiating /home/travis/build/icyphy/ptII/ptolemy/domains/de/test/auto/CQBug1.xml
1 ms. Memory: 647168K Free: 272380K (42%)
----------------- Invoking toplevel() on ptolemy.moml.MoMLSimpleApplication@36a72be
----------------- Done invoking toplevel() on ptolemy.moml.MoMLSimpleApplication@36a72be
reloadAllAccessors: .CQBug1

===========================================================================================
----------------- testing Sun Jun 03 21:45:37 UTC 2018 /home/travis/build/icyphy/ptII/ptolemy/domains/de/test/auto/CancelFireAt.xml
----------------- Instantiating /home/travis/build/icyphy/ptII/ptolemy/domains/de/test/auto/CancelFireAt.xml
1 ms. Memory: 647168K Free: 249791K (39%)
----------------- Invoking toplevel() on ptolemy.moml.MoMLSimpleApplication@77efbf68
----------------- Done invoking toplevel() on ptolemy.moml.MoMLSimpleApplication@77efbf68
reloadAllAccessors: .CancelFireAt

===========================================================================================
----------------- testing Sun Jun 03 21:45:37 UTC 2018 /home/travis/build/icyphy/ptII/ptolemy/domains/de/test/auto/CausalityAndComposabilityAnalysis.xml
----------------- Instantiating /home/travis/build/icyphy/ptII/ptolemy/domains/de/test/auto/CausalityAndComposabilityAnalysis.xml
1 ms. Memory: 647168K Free: 227201K (35%)
----------------- Invoking toplevel() on ptolemy.moml.MoMLSimpleApplication@201f7448
----------------- Done invoking toplevel() on ptolemy.moml.MoMLSimpleApplication@201f7448
reloadAllAccessors: .CausalityAndComposabilityAnalysis

===========================================================================================
----------------- testing Sun Jun 03 21:45:38 UTC 2018 /home/travis/build/icyphy/ptII/ptolemy/domains/de/test/auto/CausalityInterface1.xml
----------------- Instantiating /home/travis/build/icyphy/ptII/ptolemy/domains/de/test/auto/CausalityInterface1.xml
3 ms. Memory: 647168K Free: 204612K (32%)
----------------- Invoking toplevel() on ptolemy.moml.MoMLSimpleApplication@481679df
----------------- Done invoking toplevel() on ptolemy.moml.MoMLSimpleApplication@481679df
reloadAllAccessors: .CausalityInterface1

===========================================================================================
----------------- testing Sun Jun 03 21:45:38 UTC 2018 /home/travis/build/icyphy/ptII/ptolemy/domains/de/test/auto/CausalityInterface15.xml
----------------- Instantiating /home/travis/build/icyphy/ptII/ptolemy/domains/de/test/auto/CausalityInterface15.xml
1 ms. Memory: 647168K Free: 182022K (28%)
----------------- Invoking toplevel() on ptolemy.moml.MoMLSimpleApplication@144ebcb3
----------------- Done invoking toplevel() on ptolemy.moml.MoMLSimpleApplication@144ebcb3
reloadAllAccessors: .CausalityInterface15

[...]
java.lang.RuntimeException: Execution failed
	at ptolemy.moml.MoMLSimpleApplication$UnloadThread.run(MoMLSimpleApplication.java:402)
Caused by: ptolemy.kernel.util.IllegalActionException: Test fails in iteration 1.
Value was: 1.0. Should have been: 2.0
  in .DirectFeedback.Test
	at ptolemy.actor.lib.Test.fire(Test.java:268)
	at ptolemy.domains.de.kernel.DEDirector._fire(DEDirector.java:1948)
	at ptolemy.domains.de.kernel.DEDirector.fire(DEDirector.java:502)
	at ptolemy.actor.CompositeActor.fire(CompositeActor.java:455)
	at ptolemy.actor.Manager.iterate(Manager.java:851)
	at ptolemy.actor.Manager.execute(Manager.java:369)
	at ptolemy.actor.Manager.run(Manager.java:1263)
	at ptolemy.actor.Manager$PtolemyRunThread.run(Manager.java:1915)
java.lang.RuntimeException: Execution failed
	at ptolemy.moml.MoMLSimpleApplication$UnloadThread.run(MoMLSimpleApplication.java:402)
Caused by: ptolemy.kernel.util.IllegalActionException: Actor is not ready to fire.  Perhaps UpSample.prefire() returned false? Try debugging the actor by selecting "Listen to Actor".  Also, for SDF check moml for tokenConsumptionRate on input.
  in .DESDFClockTest.Play Bell.Copy1:SDF Director and .DESDFClockTest.Play Bell.UpSample
	at ptolemy.actor.sched.StaticSchedulingDirector.fire(StaticSchedulingDirector.java:227)
	at ptolemy.domains.sdf.kernel.SDFDirector.fire(SDFDirector.java:500)
	at ptolemy.actor.CompositeActor.fire(CompositeActor.java:455)
	at ptolemy.domains.de.kernel.DEDirector._fire(DEDirector.java:1948)
	at ptolemy.domains.de.kernel.DEDirector.fire(DEDirector.java:502)
	at ptolemy.actor.CompositeActor.fire(CompositeActor.java:455)
	at ptolemy.actor.Manager.iterate(Manager.java:851)
	at ptolemy.actor.Manager.execute(Manager.java:369)
	at ptolemy.actor.Manager.run(Manager.java:1263)
	at ptolemy.actor.Manager$PtolemyRunThread.run(Manager.java:1915)
java.lang.reflect.InvocationTargetException
	at sun.reflect.NativeConstructorAccessorImpl.newInstance0(Native Method)
	at sun.reflect.NativeConstructorAccessorImpl.newInstance(NativeConstructorAccessorImpl.java:62)
	at sun.reflect.DelegatingConstructorAccessorImpl.newInstance(DelegatingConstructorAccessorImpl.java:45)
	at java.lang.reflect.Constructor.newInstance(Constructor.java:423)
	at ptolemy.util.test.junit.AutoKnownFailedTests.RunModel(AutoKnownFailedTests.java:107)
	at sun.reflect.NativeMethodAccessorImpl.invoke0(Native Method)
	at sun.reflect.NativeMethodAccessorImpl.invoke(NativeMethodAccessorImpl.java:62)
	at sun.reflect.DelegatingMethodAccessorImpl.invoke(DelegatingMethodAccessorImpl.java:43)
	at java.lang.reflect.Method.invoke(Method.java:498)
	at org.junit.runners.model.FrameworkMethod$1.runReflectiveCall(FrameworkMethod.java:44)
	at org.junit.internal.runners.model.ReflectiveCallable.run(ReflectiveCallable.java:15)
	at org.junit.runners.model.FrameworkMethod.invokeExplosively(FrameworkMethod.java:41)
	at junitparams.internal.InvokeParameterisedMethod.evaluate(InvokeParameterisedMethod.java:102)
	at org.junit.internal.runners.statements.FailOnTimeout$1.run(FailOnTimeout.java:28)
Caused by: ptolemy.kernel.util.IllegalActionException: Actor is not ready to fire.  Perhaps UpSample.prefire() returned false? Try debugging the actor by selecting "Listen to Actor".  Also, for SDF check moml for tokenConsumptionRate on input.
  in .DESDFClockTest.Play Bell.Copy1:SDF Director and .DESDFClockTest.Play Bell.UpSample
	at ptolemy.actor.sched.StaticSchedulingDirector.fire(StaticSchedulingDirector.java:227)
	at ptolemy.domains.sdf.kernel.SDFDirector.fire(SDFDirector.java:500)
	at ptolemy.actor.CompositeActor.fire(CompositeActor.java:455)
	at ptolemy.domains.de.kernel.DEDirector._fire(DEDirector.java:1948)
	at ptolemy.domains.de.kernel.DEDirector.fire(DEDirector.java:502)
	at ptolemy.actor.CompositeActor.fire(CompositeActor.java:455)
	at ptolemy.actor.Manager.iterate(Manager.java:851)
	at ptolemy.actor.Manager.execute(Manager.java:369)
	at ptolemy.actor.Manager.run(Manager.java:1263)
	at ptolemy.actor.Manager$PtolemyRunThread.run(Manager.java:1915)
java.lang.RuntimeException: Execution failed
	at ptolemy.moml.MoMLSimpleApplication$UnloadThread.run(MoMLSimpleApplication.java:402)
Caused by: ptolemy.kernel.util.IllegalActionException: Test fails in iteration 1.
Value was: 1.0. Should have been: 2.0
  in .DirectFeedback.Test
	at ptolemy.actor.lib.Test.fire(Test.java:268)
	at ptolemy.domains.de.kernel.DEDirector._fire(DEDirector.java:1948)
	at ptolemy.domains.de.kernel.DEDirector.fire(DEDirector.java:502)
	at ptolemy.actor.CompositeActor.fire(CompositeActor.java:455)
	at ptolemy.actor.Manager.iterate(Manager.java:851)
	at ptolemy.actor.Manager.execute(Manager.java:369)
	at ptolemy.actor.Manager.run(Manager.java:1263)
	at ptolemy.actor.Manager$PtolemyRunThread.run(Manager.java:1915)
java.lang.reflect.InvocationTargetException
	at sun.reflect.NativeConstructorAccessorImpl.newInstance0(Native Method)
	at sun.reflect.NativeConstructorAccessorImpl.newInstance(NativeConstructorAccessorImpl.java:62)
	at sun.reflect.DelegatingConstructorAccessorImpl.newInstance(DelegatingConstructorAccessorImpl.java:45)
	at java.lang.reflect.Constructor.newInstance(Constructor.java:423)
	at ptolemy.util.test.junit.AutoKnownFailedTests.RunModel(AutoKnownFailedTests.java:107)
	at sun.reflect.NativeMethodAccessorImpl.invoke0(Native Method)
	at sun.reflect.NativeMethodAccessorImpl.invoke(NativeMethodAccessorImpl.java:62)
	at sun.reflect.DelegatingMethodAccessorImpl.invoke(DelegatingMethodAccessorImpl.java:43)
	at java.lang.reflect.Method.invoke(Method.java:498)
	at org.junit.runners.model.FrameworkMethod$1.runReflectiveCall(FrameworkMethod.java:44)
	at org.junit.internal.runners.model.ReflectiveCallable.run(ReflectiveCallable.java:15)
	at org.junit.runners.model.FrameworkMethod.invokeExplosively(FrameworkMethod.java:41)
	at junitparams.internal.InvokeParameterisedMethod.evaluate(InvokeParameterisedMethod.java:102)
	at org.junit.internal.runners.statements.FailOnTimeout$1.run(FailOnTimeout.java:28)
Caused by: ptolemy.kernel.util.IllegalActionException: Test fails in iteration 1.
Value was: 1.0. Should have been: 2.0
  in .DirectFeedback.Test
	at ptolemy.actor.lib.Test.fire(Test.java:268)
	at ptolemy.domains.de.kernel.DEDirector._fire(DEDirector.java:1948)
	at ptolemy.domains.de.kernel.DEDirector.fire(DEDirector.java:502)
	at ptolemy.actor.CompositeActor.fire(CompositeActor.java:455)
	at ptolemy.actor.Manager.iterate(Manager.java:851)
	at ptolemy.actor.Manager.execute(Manager.java:369)
	at ptolemy.actor.Manager.run(Manager.java:1263)
	at ptolemy.actor.Manager$PtolemyRunThread.run(Manager.java:1915)
java.lang.RuntimeException: Execution failed
	at ptolemy.moml.MoMLSimpleApplication$UnloadThread.run(MoMLSimpleApplication.java:402)
Caused by: ptolemy.kernel.util.IllegalActionException: Found a zero delay loop containing .HierarchicalModel.A
  in .HierarchicalModel and .HierarchicalModel.A
	at ptolemy.actor.util.CausalityInterfaceForComposites._computeOutputPortDepth(CausalityInterfaceForComposites.java:759)
	at ptolemy.actor.util.CausalityInterfaceForComposites._computeInputDepth(CausalityInterfaceForComposites.java:696)
	at ptolemy.actor.util.CausalityInterfaceForComposites._computeOutputPortDepth(CausalityInterfaceForComposites.java:765)
	at ptolemy.actor.util.CausalityInterfaceForComposites._computeInputDepth(CausalityInterfaceForComposites.java:696)
	at ptolemy.actor.util.CausalityInterfaceForComposites._computeOutputPortDepth(CausalityInterfaceForComposites.java:765)
	at ptolemy.actor.util.CausalityInterfaceForComposites._computeInputDepth(CausalityInterfaceForComposites.java:696)
	at ptolemy.actor.util.CausalityInterfaceForComposites._computeActorDepth(CausalityInterfaceForComposites.java:532)
	at ptolemy.actor.util.CausalityInterfaceForComposites.checkForCycles(CausalityInterfaceForComposites.java:96)
	at ptolemy.domains.de.kernel.DEDirector.preinitialize(DEDirector.java:1337)
	at ptolemy.actor.CompositeActor.preinitialize(CompositeActor.java:1828)
	at ptolemy.actor.Manager.preinitializeAndResolveTypes(Manager.java:1040)
	at ptolemy.actor.Manager.initialize(Manager.java:710)
	at ptolemy.actor.Manager.execute(Manager.java:356)
	at ptolemy.actor.Manager.run(Manager.java:1263)
	at ptolemy.actor.Manager$PtolemyRunThread.run(Manager.java:1915)
java.lang.reflect.InvocationTargetException
	at sun.reflect.NativeConstructorAccessorImpl.newInstance0(Native Method)
	at sun.reflect.NativeConstructorAccessorImpl.newInstance(NativeConstructorAccessorImpl.java:62)
	at sun.reflect.DelegatingConstructorAccessorImpl.newInstance(DelegatingConstructorAccessorImpl.java:45)
	at java.lang.reflect.Constructor.newInstance(Constructor.java:423)
	at ptolemy.util.test.junit.AutoKnownFailedTests.RunModel(AutoKnownFailedTests.java:107)
	at sun.reflect.NativeMethodAccessorImpl.invoke0(Native Method)
	at sun.reflect.NativeMethodAccessorImpl.invoke(NativeMethodAccessorImpl.java:62)
	at sun.reflect.DelegatingMethodAccessorImpl.invoke(DelegatingMethodAccessorImpl.java:43)
	at java.lang.reflect.Method.invoke(Method.java:498)
	at org.junit.runners.model.FrameworkMethod$1.runReflectiveCall(FrameworkMethod.java:44)
	at org.junit.internal.runners.model.ReflectiveCallable.run(ReflectiveCallable.java:15)
	at org.junit.runners.model.FrameworkMethod.invokeExplosively(FrameworkMethod.java:41)
	at junitparams.internal.InvokeParameterisedMethod.evaluate(InvokeParameterisedMethod.java:102)
	at org.junit.internal.runners.statements.FailOnTimeout$1.run(FailOnTimeout.java:28)
Caused by: ptolemy.kernel.util.IllegalActionException: Found a zero delay loop containing .HierarchicalModel.A
  in .HierarchicalModel and .HierarchicalModel.A
	at ptolemy.actor.util.CausalityInterfaceForComposites._computeOutputPortDepth(CausalityInterfaceForComposites.java:759)
	at ptolemy.actor.util.CausalityInterfaceForComposites._computeInputDepth(CausalityInterfaceForComposites.java:696)
	at ptolemy.actor.util.CausalityInterfaceForComposites._computeOutputPortDepth(CausalityInterfaceForComposites.java:765)
	at ptolemy.actor.util.CausalityInterfaceForComposites._computeInputDepth(CausalityInterfaceForComposites.java:696)
	at ptolemy.actor.util.CausalityInterfaceForComposites._computeOutputPortDepth(CausalityInterfaceForComposites.java:765)
	at ptolemy.actor.util.CausalityInterfaceForComposites._computeInputDepth(CausalityInterfaceForComposites.java:696)
	at ptolemy.actor.util.CausalityInterfaceForComposites._computeActorDepth(CausalityInterfaceForComposites.java:532)
	at ptolemy.actor.util.CausalityInterfaceForComposites.checkForCycles(CausalityInterfaceForComposites.java:96)
	at ptolemy.domains.de.kernel.DEDirector.preinitialize(DEDirector.java:1337)
	at ptolemy.actor.CompositeActor.preinitialize(CompositeActor.java:1828)
	at ptolemy.actor.Manager.preinitializeAndResolveTypes(Manager.java:1040)
	at ptolemy.actor.Manager.initialize(Manager.java:710)
	at ptolemy.actor.Manager.execute(Manager.java:356)
	at ptolemy.actor.Manager.run(Manager.java:1263)
	at ptolemy.actor.Manager$PtolemyRunThread.run(Manager.java:1915)
java.lang.RuntimeException: Execution failed
	at ptolemy.moml.MoMLSimpleApplication$UnloadThread.run(MoMLSimpleApplication.java:402)
Caused by: ptolemy.kernel.util.IllegalActionException: Found a zero delay loop containing .dependencyLoop.original
  in .dependencyLoop and .dependencyLoop.original
	at ptolemy.actor.util.CausalityInterfaceForComposites._computeOutputPortDepth(CausalityInterfaceForComposites.java:759)
	at ptolemy.actor.util.CausalityInterfaceForComposites._computeInputDepth(CausalityInterfaceForComposites.java:696)
	at ptolemy.actor.util.CausalityInterfaceForComposites._computeOutputPortDepth(CausalityInterfaceForComposites.java:765)
	at ptolemy.actor.util.CausalityInterfaceForComposites._computeInputDepth(CausalityInterfaceForComposites.java:696)
	at ptolemy.actor.util.CausalityInterfaceForComposites._computeOutputPortDepth(CausalityInterfaceForComposites.java:765)
	at ptolemy.actor.util.CausalityInterfaceForComposites._computeInputDepth(CausalityInterfaceForComposites.java:696)
	at ptolemy.actor.util.CausalityInterfaceForComposites._computeActorDepth(CausalityInterfaceForComposites.java:532)
	at ptolemy.actor.util.CausalityInterfaceForComposites.checkForCycles(CausalityInterfaceForComposites.java:96)
	at ptolemy.domains.de.kernel.DEDirector.preinitialize(DEDirector.java:1337)
	at ptolemy.actor.CompositeActor.preinitialize(CompositeActor.java:1828)
	at ptolemy.actor.Manager.preinitializeAndResolveTypes(Manager.java:1040)
	at ptolemy.actor.Manager.initialize(Manager.java:710)
	at ptolemy.actor.Manager.execute(Manager.java:356)
	at ptolemy.actor.Manager.run(Manager.java:1263)
	at ptolemy.actor.Manager$PtolemyRunThread.run(Manager.java:1915)
java.lang.reflect.InvocationTargetException
	at sun.reflect.NativeConstructorAccessorImpl.newInstance0(Native Method)
	at sun.reflect.NativeConstructorAccessorImpl.newInstance(NativeConstructorAccessorImpl.java:62)
	at sun.reflect.DelegatingConstructorAccessorImpl.newInstance(DelegatingConstructorAccessorImpl.java:45)
	at java.lang.reflect.Constructor.newInstance(Constructor.java:423)
	at ptolemy.util.test.junit.AutoKnownFailedTests.RunModel(AutoKnownFailedTests.java:107)
	at sun.reflect.NativeMethodAccessorImpl.invoke0(Native Method)
	at sun.reflect.NativeMethodAccessorImpl.invoke(NativeMethodAccessorImpl.java:62)
	at sun.reflect.DelegatingMethodAccessorImpl.invoke(DelegatingMethodAccessorImpl.java:43)
	at java.lang.reflect.Method.invoke(Method.java:498)
	at org.junit.runners.model.FrameworkMethod$1.runReflectiveCall(FrameworkMethod.java:44)
	at org.junit.internal.runners.model.ReflectiveCallable.run(ReflectiveCallable.java:15)
	at org.junit.runners.model.FrameworkMethod.invokeExplosively(FrameworkMethod.java:41)
	at junitparams.internal.InvokeParameterisedMethod.evaluate(InvokeParameterisedMethod.java:102)
	at org.junit.internal.runners.statements.FailOnTimeout$1.run(FailOnTimeout.java:28)
Caused by: ptolemy.kernel.util.IllegalActionException: Found a zero delay loop containing .dependencyLoop.original
  in .dependencyLoop and .dependencyLoop.original
	at ptolemy.actor.util.CausalityInterfaceForComposites._computeOutputPortDepth(CausalityInterfaceForComposites.java:759)
	at ptolemy.actor.util.CausalityInterfaceForComposites._computeInputDepth(CausalityInterfaceForComposites.java:696)
	at ptolemy.actor.util.CausalityInterfaceForComposites._computeOutputPortDepth(CausalityInterfaceForComposites.java:765)
	at ptolemy.actor.util.CausalityInterfaceForComposites._computeInputDepth(CausalityInterfaceForComposites.java:696)
	at ptolemy.actor.util.CausalityInterfaceForComposites._computeOutputPortDepth(CausalityInterfaceForComposites.java:765)
	at ptolemy.actor.util.CausalityInterfaceForComposites._computeInputDepth(CausalityInterfaceForComposites.java:696)
	at ptolemy.actor.util.CausalityInterfaceForComposites._computeActorDepth(CausalityInterfaceForComposites.java:532)
	at ptolemy.actor.util.CausalityInterfaceForComposites.checkForCycles(CausalityInterfaceForComposites.java:96)
	at ptolemy.domains.de.kernel.DEDirector.preinitialize(DEDirector.java:1337)
	at ptolemy.actor.CompositeActor.preinitialize(CompositeActor.java:1828)
	at ptolemy.actor.Manager.preinitializeAndResolveTypes(Manager.java:1040)
	at ptolemy.actor.Manager.initialize(Manager.java:710)
	at ptolemy.actor.Manager.execute(Manager.java:356)
	at ptolemy.actor.Manager.run(Manager.java:1263)
	at ptolemy.actor.Manager$PtolemyRunThread.run(Manager.java:1915)
java.lang.RuntimeException: Execution failed
	at ptolemy.moml.MoMLSimpleApplication$UnloadThread.run(MoMLSimpleApplication.java:402)
Caused by: ptolemy.kernel.util.IllegalActionException: Found a zero delay loop containing .dependencyLoop2.original
  in .dependencyLoop2 and .dependencyLoop2.original
	at ptolemy.actor.util.CausalityInterfaceForComposites._computeOutputPortDepth(CausalityInterfaceForComposites.java:759)
	at ptolemy.actor.util.CausalityInterfaceForComposites._computeInputDepth(CausalityInterfaceForComposites.java:696)
	at ptolemy.actor.util.CausalityInterfaceForComposites._computeOutputPortDepth(CausalityInterfaceForComposites.java:765)
	at ptolemy.actor.util.CausalityInterfaceForComposites._computeInputDepth(CausalityInterfaceForComposites.java:696)
	at ptolemy.actor.util.CausalityInterfaceForComposites._computeOutputPortDepth(CausalityInterfaceForComposites.java:765)
	at ptolemy.actor.util.CausalityInterfaceForComposites._computeInputDepth(CausalityInterfaceForComposites.java:696)
	at ptolemy.actor.util.CausalityInterfaceForComposites._computeActorDepth(CausalityInterfaceForComposites.java:532)
	at ptolemy.actor.util.CausalityInterfaceForComposites.checkForCycles(CausalityInterfaceForComposites.java:96)
	at ptolemy.domains.de.kernel.DEDirector.preinitialize(DEDirector.java:1337)
	at ptolemy.actor.CompositeActor.preinitialize(CompositeActor.java:1828)
	at ptolemy.actor.Manager.preinitializeAndResolveTypes(Manager.java:1040)
	at ptolemy.actor.Manager.initialize(Manager.java:710)
	at ptolemy.actor.Manager.execute(Manager.java:356)
	at ptolemy.actor.Manager.run(Manager.java:1263)
	at ptolemy.actor.Manager$PtolemyRunThread.run(Manager.java:1915)
java.lang.reflect.InvocationTargetException
	at sun.reflect.NativeConstructorAccessorImpl.newInstance0(Native Method)
	at sun.reflect.NativeConstructorAccessorImpl.newInstance(NativeConstructorAccessorImpl.java:62)
	at sun.reflect.DelegatingConstructorAccessorImpl.newInstance(DelegatingConstructorAccessorImpl.java:45)
	at java.lang.reflect.Constructor.newInstance(Constructor.java:423)
	at ptolemy.util.test.junit.AutoKnownFailedTests.RunModel(AutoKnownFailedTests.java:107)
	at sun.reflect.NativeMethodAccessorImpl.invoke0(Native Method)
	at sun.reflect.NativeMethodAccessorImpl.invoke(NativeMethodAccessorImpl.java:62)
	at sun.reflect.DelegatingMethodAccessorImpl.invoke(DelegatingMethodAccessorImpl.java:43)
	at java.lang.reflect.Method.invoke(Method.java:498)
	at org.junit.runners.model.FrameworkMethod$1.runReflectiveCall(FrameworkMethod.java:44)
	at org.junit.internal.runners.model.ReflectiveCallable.run(ReflectiveCallable.java:15)
	at org.junit.runners.model.FrameworkMethod.invokeExplosively(FrameworkMethod.java:41)
	at junitparams.internal.InvokeParameterisedMethod.evaluate(InvokeParameterisedMethod.java:102)
	at org.junit.internal.runners.statements.FailOnTimeout$1.run(FailOnTimeout.java:28)
Caused by: ptolemy.kernel.util.IllegalActionException: Found a zero delay loop containing .dependencyLoop2.original
  in .dependencyLoop2 and .dependencyLoop2.original
	at ptolemy.actor.util.CausalityInterfaceForComposites._computeOutputPortDepth(CausalityInterfaceForComposites.java:759)
	at ptolemy.actor.util.CausalityInterfaceForComposites._computeInputDepth(CausalityInterfaceForComposites.java:696)
	at ptolemy.actor.util.CausalityInterfaceForComposites._computeOutputPortDepth(CausalityInterfaceForComposites.java:765)
	at ptolemy.actor.util.CausalityInterfaceForComposites._computeInputDepth(CausalityInterfaceForComposites.java:696)
	at ptolemy.actor.util.CausalityInterfaceForComposites._computeOutputPortDepth(CausalityInterfaceForComposites.java:765)
	at ptolemy.actor.util.CausalityInterfaceForComposites._computeInputDepth(CausalityInterfaceForComposites.java:696)
	at ptolemy.actor.util.CausalityInterfaceForComposites._computeActorDepth(CausalityInterfaceForComposites.java:532)
	at ptolemy.actor.util.CausalityInterfaceForComposites.checkForCycles(CausalityInterfaceForComposites.java:96)
	at ptolemy.domains.de.kernel.DEDirector.preinitialize(DEDirector.java:1337)
	at ptolemy.actor.CompositeActor.preinitialize(CompositeActor.java:1828)
	at ptolemy.actor.Manager.preinitializeAndResolveTypes(Manager.java:1040)
	at ptolemy.actor.Manager.initialize(Manager.java:710)
	at ptolemy.actor.Manager.execute(Manager.java:356)
	at ptolemy.actor.Manager.run(Manager.java:1263)
	at ptolemy.actor.Manager$PtolemyRunThread.run(Manager.java:1915)
]]></system-err>
</testsuite>
