<?xml version="1.0" encoding="UTF-8" ?>
<testsuite errors="0" failures="0" hostname="travis-job-30a05126-0412-4134-8ff4-3ac92bb71e0c" name="ptolemy.domains.sdf.test.junit.JUnitTclTest" skipped="0" tests="66" time="21.01" timestamp="2019-05-18T04:29:28">
  <properties>
[...]
</properties>
  <testcase classname="ptolemy.util.test.junit.TclTests" name="[0] /home/travis/build/icyphy/ptII/ptolemy/domains/sdf/test/SDFSchedulerErrors.tcl (RunTclFile)" time="0.752" />
  <testcase classname="ptolemy.util.test.junit.TclTests" name="[1] /home/travis/build/icyphy/ptII/ptolemy/domains/sdf/test/composition.tcl (RunTclFile)" time="0.113" />
  <testcase classname="ptolemy.util.test.junit.TclTests" name="[2] /home/travis/build/icyphy/ptII/ptolemy/domains/sdf/test/cycle.tcl (RunTclFile)" time="0.028" />
  <testcase classname="ptolemy.util.test.junit.AutoKnownFailedTests" name="[0] ThereAreNoKnowFailedTests (RunModel)" time="0.001" />
  <testcase classname="ptolemy.util.test.junit.AutoNameArchTests" name="[0] ThereAreNoAutoArchTests (RunModel)" time="0.002" />
  <testcase classname="ptolemy.util.test.junit.AutoTests" name="[0] /home/travis/build/icyphy/ptII/ptolemy/domains/sdf/test/auto/Array.xml (RunModel)" time="0.207" />
  <testcase classname="ptolemy.util.test.junit.AutoTests" name="[1] /home/travis/build/icyphy/ptII/ptolemy/domains/sdf/test/auto/Butterfly.xml (RunModel)" time="0.108" />
  <testcase classname="ptolemy.util.test.junit.AutoTests" name="[2] /home/travis/build/icyphy/ptII/ptolemy/domains/sdf/test/auto/Expression.xml (RunModel)" time="0.057" />
  <testcase classname="ptolemy.util.test.junit.AutoTests" name="[3] /home/travis/build/icyphy/ptII/ptolemy/domains/sdf/test/auto/Eye.xml (RunModel)" time="0.355" />
  <testcase classname="ptolemy.util.test.junit.AutoTests" name="[4] /home/travis/build/icyphy/ptII/ptolemy/domains/sdf/test/auto/FixFIR.xml (RunModel)" time="0.397" />
  <testcase classname="ptolemy.util.test.junit.AutoTests" name="[5] /home/travis/build/icyphy/ptII/ptolemy/domains/sdf/test/auto/FixPoint.xml (RunModel)" time="0.047" />
  <testcase classname="ptolemy.util.test.junit.AutoTests" name="[6] /home/travis/build/icyphy/ptII/ptolemy/domains/sdf/test/auto/Gravitation.xml (RunModel)" time="3.308" />
  <testcase classname="ptolemy.util.test.junit.AutoTests" name="[7] /home/travis/build/icyphy/ptII/ptolemy/domains/sdf/test/auto/GravitationWithCollisionDetection.xml (RunModel)" time="6.97" />
  <testcase classname="ptolemy.util.test.junit.AutoTests" name="[8] /home/travis/build/icyphy/ptII/ptolemy/domains/sdf/test/auto/HDF.xml (RunModel)" time="0.139" />
  <testcase classname="ptolemy.util.test.junit.AutoTests" name="[9] /home/travis/build/icyphy/ptII/ptolemy/domains/sdf/test/auto/HDFwithTransientStates.xml (RunModel)" time="0.119" />
  <testcase classname="ptolemy.util.test.junit.AutoTests" name="[10] /home/travis/build/icyphy/ptII/ptolemy/domains/sdf/test/auto/HTVQ.xml (RunModel)" time="0.876" />
  <testcase classname="ptolemy.util.test.junit.AutoTests" name="[11] /home/travis/build/icyphy/ptII/ptolemy/domains/sdf/test/auto/InferInitProduction.xml (RunModel)" time="0.041" />
  <testcase classname="ptolemy.util.test.junit.AutoTests" name="[12] /home/travis/build/icyphy/ptII/ptolemy/domains/sdf/test/auto/InferInitProductionDeeper.xml (RunModel)" time="0.032" />
  <testcase classname="ptolemy.util.test.junit.AutoTests" name="[13] /home/travis/build/icyphy/ptII/ptolemy/domains/sdf/test/auto/LMSAdaptive.xml (RunModel)" time="0.078" />
  <testcase classname="ptolemy.util.test.junit.AutoTests" name="[14] /home/travis/build/icyphy/ptII/ptolemy/domains/sdf/test/auto/LogisticMap.xml (RunModel)" time="0.486" />
  <testcase classname="ptolemy.util.test.junit.AutoTests" name="[15] /home/travis/build/icyphy/ptII/ptolemy/domains/sdf/test/auto/MaximumEntropySpectrum.xml (RunModel)" time="0.291" />
  <testcase classname="ptolemy.util.test.junit.AutoTests" name="[16] /home/travis/build/icyphy/ptII/ptolemy/domains/sdf/test/auto/MultirateSDF.xml (RunModel)" time="0.066" />
  <testcase classname="ptolemy.util.test.junit.AutoTests" name="[17] /home/travis/build/icyphy/ptII/ptolemy/domains/sdf/test/auto/MultirateSDFwithTransientStates.xml (RunModel)" time="0.091" />
  <testcase classname="ptolemy.util.test.junit.AutoTests" name="[18] /home/travis/build/icyphy/ptII/ptolemy/domains/sdf/test/auto/NoisySinewave.xml (RunModel)" time="0.065" />
  <testcase classname="ptolemy.util.test.junit.AutoTests" name="[19] /home/travis/build/icyphy/ptII/ptolemy/domains/sdf/test/auto/Objects.xml (RunModel)" time="0.064" />
  <testcase classname="ptolemy.util.test.junit.AutoTests" name="[20] /home/travis/build/icyphy/ptII/ptolemy/domains/sdf/test/auto/OrthogonalCom.xml (RunModel)" time="0.045" />
  <testcase classname="ptolemy.util.test.junit.AutoTests" name="[21] /home/travis/build/icyphy/ptII/ptolemy/domains/sdf/test/auto/RijndaelEncryption.xml (RunModel)" time="0.603" />
  <testcase classname="ptolemy.util.test.junit.AutoTests" name="[22] /home/travis/build/icyphy/ptII/ptolemy/domains/sdf/test/auto/SDFEmptyIterations.xml (RunModel)" time="0.024" />
  <testcase classname="ptolemy.util.test.junit.AutoTests" name="[23] /home/travis/build/icyphy/ptII/ptolemy/domains/sdf/test/auto/Spectrum.xml (RunModel)" time="0.128" />
  <testcase classname="ptolemy.util.test.junit.AutoTests" name="[24] /home/travis/build/icyphy/ptII/ptolemy/domains/sdf/test/auto/de_inside_sdf.xml (RunModel)" time="0.032" />
  <testcase classname="ptolemy.util.test.junit.AutoTests" name="[25] /home/travis/build/icyphy/ptII/ptolemy/domains/sdf/test/auto/disconnectedHierarchicalSDF.xml (RunModel)" time="0.031" />
  <testcase classname="ptolemy.util.test.junit.AutoTests" name="[26] /home/travis/build/icyphy/ptII/ptolemy/domains/sdf/test/auto/disconnectedSDF.xml (RunModel)" time="0.034" />
  <testcase classname="ptolemy.util.test.junit.AutoTests" name="[27] /home/travis/build/icyphy/ptII/ptolemy/domains/sdf/test/auto/emptyRefinement.xml (RunModel)" time="0.022" />
  <testcase classname="ptolemy.util.test.junit.AutoTests" name="[28] /home/travis/build/icyphy/ptII/ptolemy/domains/sdf/test/auto/filePortParameter.xml (RunModel)" time="0.047" />
  <testcase classname="ptolemy.util.test.junit.AutoTests" name="[29] /home/travis/build/icyphy/ptII/ptolemy/domains/sdf/test/auto/inferRelationWidth1.xml (RunModel)" time="0.018" />
  <testcase classname="ptolemy.util.test.junit.AutoTests" name="[30] /home/travis/build/icyphy/ptII/ptolemy/domains/sdf/test/auto/initProductionInference.xml (RunModel)" time="0.021" />
  <testcase classname="ptolemy.util.test.junit.AutoTests" name="[31] /home/travis/build/icyphy/ptII/ptolemy/domains/sdf/test/auto/relationGroup.xml (RunModel)" time="0.021" />
  <testcase classname="ptolemy.util.test.junit.AutoTests" name="[32] /home/travis/build/icyphy/ptII/ptolemy/domains/sdf/test/auto/relationGroup10.xml (RunModel)" time="0.017" />
  <testcase classname="ptolemy.util.test.junit.AutoTests" name="[33] /home/travis/build/icyphy/ptII/ptolemy/domains/sdf/test/auto/relationGroup11.xml (RunModel)" time="0.014" />
  <testcase classname="ptolemy.util.test.junit.AutoTests" name="[34] /home/travis/build/icyphy/ptII/ptolemy/domains/sdf/test/auto/relationGroup12.xml (RunModel)" time="0.014" />
  <testcase classname="ptolemy.util.test.junit.AutoTests" name="[35] /home/travis/build/icyphy/ptII/ptolemy/domains/sdf/test/auto/relationGroup13.xml (RunModel)" time="0.025" />
  <testcase classname="ptolemy.util.test.junit.AutoTests" name="[36] /home/travis/build/icyphy/ptII/ptolemy/domains/sdf/test/auto/relationGroup14.xml (RunModel)" time="0.019" />
  <testcase classname="ptolemy.util.test.junit.AutoTests" name="[37] /home/travis/build/icyphy/ptII/ptolemy/domains/sdf/test/auto/relationGroup15.xml (RunModel)" time="0.014" />
  <testcase classname="ptolemy.util.test.junit.AutoTests" name="[38] /home/travis/build/icyphy/ptII/ptolemy/domains/sdf/test/auto/relationGroup2.xml (RunModel)" time="0.013" />
  <testcase classname="ptolemy.util.test.junit.AutoTests" name="[39] /home/travis/build/icyphy/ptII/ptolemy/domains/sdf/test/auto/relationGroup3.xml (RunModel)" time="0.011" />
  <testcase classname="ptolemy.util.test.junit.AutoTests" name="[40] /home/travis/build/icyphy/ptII/ptolemy/domains/sdf/test/auto/relationGroup4.xml (RunModel)" time="0.02" />
  <testcase classname="ptolemy.util.test.junit.AutoTests" name="[41] /home/travis/build/icyphy/ptII/ptolemy/domains/sdf/test/auto/relationGroup5.xml (RunModel)" time="0.02" />
  <testcase classname="ptolemy.util.test.junit.AutoTests" name="[42] /home/travis/build/icyphy/ptII/ptolemy/domains/sdf/test/auto/relationGroup6.xml (RunModel)" time="0.019" />
  <testcase classname="ptolemy.util.test.junit.AutoTests" name="[43] /home/travis/build/icyphy/ptII/ptolemy/domains/sdf/test/auto/relationGroup7.xml (RunModel)" time="0.027" />
  <testcase classname="ptolemy.util.test.junit.AutoTests" name="[44] /home/travis/build/icyphy/ptII/ptolemy/domains/sdf/test/auto/relationGroup8.xml (RunModel)" time="0.019" />
  <testcase classname="ptolemy.util.test.junit.AutoTests" name="[45] /home/travis/build/icyphy/ptII/ptolemy/domains/sdf/test/auto/relationGroup9.xml (RunModel)" time="0.021" />
  <testcase classname="ptolemy.util.test.junit.AutoTests" name="[46] /home/travis/build/icyphy/ptII/ptolemy/domains/sdf/test/auto/sdf_inside_de.xml (RunModel)" time="0.053" />
  <testcase classname="ptolemy.util.test.junit.AutoTests" name="[47] /home/travis/build/icyphy/ptII/ptolemy/domains/sdf/test/auto/sdf_inside_pn.xml (RunModel)" time="0.052" />
  <testcase classname="ptolemy.util.test.junit.AutoTests" name="[48] /home/travis/build/icyphy/ptII/ptolemy/domains/sdf/test/auto/sdf_sdf1.xml (RunModel)" time="0.018" />
  <testcase classname="ptolemy.util.test.junit.AutoTests" name="[49] /home/travis/build/icyphy/ptII/ptolemy/domains/sdf/test/auto/test1.xml (RunModel)" time="0.017" />
  <testcase classname="ptolemy.util.test.junit.AutoTests" name="[50] /home/travis/build/icyphy/ptII/ptolemy/domains/sdf/test/auto/time1.xml (RunModel)" time="0.009" />
  <testcase classname="ptolemy.util.test.junit.AutoTests" name="[51] /home/travis/build/icyphy/ptII/ptolemy/domains/sdf/test/auto/time2.xml (RunModel)" time="0.012" />
  <testcase classname="ptolemy.util.test.junit.AutoTests" name="[52] /home/travis/build/icyphy/ptII/ptolemy/domains/sdf/test/auto/time3.xml (RunModel)" time="0.021" />
  <testcase classname="ptolemy.util.test.junit.AutoTests" name="[53] /home/travis/build/icyphy/ptII/ptolemy/domains/sdf/test/auto/time4.xml (RunModel)" time="0.02" />
  <testcase classname="ptolemy.util.test.junit.AutoTests" name="[54] /home/travis/build/icyphy/ptII/ptolemy/domains/sdf/test/auto/time5.xml (RunModel)" time="4.01" />
  <testcase classname="ptolemy.util.test.junit.AutoTests" name="[55] /home/travis/build/icyphy/ptII/ptolemy/domains/sdf/test/auto/typeSystem_Const_Integer_smallest_Type.xml (RunModel)" time="0.036" />
  <testcase classname="ptolemy.util.test.junit.AutoTests" name="[56] /home/travis/build/icyphy/ptII/ptolemy/domains/sdf/test/auto/typeSystem_declared_Inports_OutportTypeException.xml (RunModel)" time="0.017" />
  <testcase classname="ptolemy.util.test.junit.AutoTests" name="[57] /home/travis/build/icyphy/ptII/ptolemy/domains/sdf/test/auto/typeSystem_oneDeclaredInportType_wrongTypeOutport.xml (RunModel)" time="0.03" />
  <testcase classname="ptolemy.util.test.junit.AutoTests" name="[58] /home/travis/build/icyphy/ptII/ptolemy/domains/sdf/test/auto/width.xml (RunModel)" time="0.013" />
  <testcase classname="ptolemy.util.test.junit.AutoTests" name="[59] /home/travis/build/icyphy/ptII/ptolemy/domains/sdf/test/auto/width2.xml (RunModel)" time="0.041" />
  <testcase classname="ptolemy.util.test.junit.AutoTests" name="[60] /home/travis/build/icyphy/ptII/ptolemy/domains/sdf/test/auto/width3.xml (RunModel)" time="0.038" />
  <system-out><![CDATA[/home/travis/build/icyphy/ptII/ptolemy/domains/sdf/test/SDFSchedulerErrors.tcl
testDefs.tcl: setting time out to 9000 seconds at Sat May 18 04:29:28 UTC 2019
27 ms. Memory: 116224K Free: 108765K (94%)
8 ms. Memory: 116224K Free: 101778K (88%)
5 ms. Memory: 116224K Free: 95397K (82%)
6 ms. Memory: 116224K Free: 92346K (79%)
/home/travis/build/icyphy/ptII/ptolemy/domains/sdf/test/composition.tcl
25 ms. Memory: 116224K Free: 88757K (76%)
6 ms. Memory: 116224K Free: 86967K (75%)
/home/travis/build/icyphy/ptII/ptolemy/domains/sdf/test/cycle.tcl
.Toplevel.Director Preinitializing ...
Invoking preinitialize():  .Toplevel.Actor1
Invoking preinitialize():  .Toplevel.Actor2
Invoking preinitialize():  .Toplevel.Delay
.Toplevel.Director Finished preinitialize().
### Schedule:
Execute Schedule{
Fire Actor ptolemy.domains.sdf.kernel.test.SDFTestDelay {.Toplevel.Actor1}
Fire Actor ptolemy.domains.sdf.kernel.test.SDFTestDelay {.Toplevel.Actor2}
Fire Actor ptolemy.domains.sdf.lib.SampleDelay {.Toplevel.Delay}
}
### End schedule
Called initialize().
Invoking initialize():  .Toplevel.Actor1
Initializing actor: .Toplevel.Actor1.
Invoking initialize():  .Toplevel.Actor2
Initializing actor: .Toplevel.Actor2.
Invoking initialize():  .Toplevel.Delay
Initializing actor: .Toplevel.Delay.
Director: Called prefire().
-- Setting current time to 0.0
Director prefire returns true.
The actor .Toplevel.Actor1 will be iterated.
The actor .Toplevel.Actor1 was iterated.
The actor .Toplevel.Actor2 will be iterated.
The actor .Toplevel.Actor2 was iterated.
The actor .Toplevel.Delay will be iterated.
The actor .Toplevel.Delay was iterated.
Director: Called postfire().
Postfire returns: true
Director: Called prefire().
-- Setting current time to 0.0
Director prefire returns true.
The actor .Toplevel.Actor1 will be iterated.
The actor .Toplevel.Actor1 was iterated.
The actor .Toplevel.Actor2 will be iterated.
The actor .Toplevel.Actor2 was iterated.
The actor .Toplevel.Delay will be iterated.
The actor .Toplevel.Delay was iterated.
Director: Called postfire().
Postfire returns: true
Director: Called prefire().
-- Setting current time to 0.0
Director prefire returns true.
The actor .Toplevel.Actor1 will be iterated.
The actor .Toplevel.Actor1 was iterated.
The actor .Toplevel.Actor2 will be iterated.
The actor .Toplevel.Actor2 was iterated.
The actor .Toplevel.Delay will be iterated.
The actor .Toplevel.Delay was iterated.
Director: Called postfire().
Postfire returns: true
Director: Called prefire().
-- Setting current time to 0.0
Director prefire returns true.
The actor .Toplevel.Actor1 will be iterated.
The actor .Toplevel.Actor1 was iterated.
The actor .Toplevel.Actor2 will be iterated.
The actor .Toplevel.Actor2 was iterated.
The actor .Toplevel.Delay will be iterated.
The actor .Toplevel.Delay was iterated.
Director: Called postfire().
Postfire returns: true
Director: Called prefire().
-- Setting current time to 0.0
Director prefire returns true.
The actor .Toplevel.Actor1 will be iterated.
The actor .Toplevel.Actor1 was iterated.
The actor .Toplevel.Actor2 will be iterated.
The actor .Toplevel.Actor2 was iterated.
The actor .Toplevel.Delay will be iterated.
The actor .Toplevel.Delay was iterated.
Director: Called postfire().
Postfire returns: true
Director: Called prefire().
-- Setting current time to 0.0
Director prefire returns true.
The actor .Toplevel.Actor1 will be iterated.
The actor .Toplevel.Actor1 was iterated.
The actor .Toplevel.Actor2 will be iterated.
The actor .Toplevel.Actor2 was iterated.
The actor .Toplevel.Delay will be iterated.
The actor .Toplevel.Delay was iterated.
Reached specified number of iterations: 6
Director: Called wrapup().
6 ms. Memory: 116224K Free: 84542K (73%)
05/18/19 04:29:29
Failed: 0  Total Tests: 8  ((Passed: 8, Newly Passed: 0)  Known Failed: 0) /home/travis/build/icyphy/ptII/ptolemy/domains/sdf/test
No auto/knownFailedTests/*.xml tests in /home/travis/build/icyphy/ptII/ptolemy/domains/sdf/test
No auto/linux-amd64/*.xml tests in /home/travis/build/icyphy/ptII/ptolemy/domains/sdf/test
AutoTests.java: About to close Vertx.
AutoTests.java: Vertx closed.

===========================================================================================
----------------- testing Sat May 18 04:29:29 UTC 2019 /home/travis/build/icyphy/ptII/ptolemy/domains/sdf/test/auto/Array.xml
----------------- Instantiating /home/travis/build/icyphy/ptII/ptolemy/domains/sdf/test/auto/Array.xml
52 ms. Memory: 116224K Free: 82103K (71%)
----------------- Invoking toplevel() on ptolemy.moml.MoMLSimpleApplication@1316bee1
----------------- Done invoking toplevel() on ptolemy.moml.MoMLSimpleApplication@1316bee1
reloadAllAccessors: .Array

===========================================================================================
----------------- testing Sat May 18 04:29:29 UTC 2019 /home/travis/build/icyphy/ptII/ptolemy/domains/sdf/test/auto/Butterfly.xml
----------------- Instantiating /home/travis/build/icyphy/ptII/ptolemy/domains/sdf/test/auto/Butterfly.xml
53 ms. Memory: 116224K Free: 105005K (90%)
----------------- Invoking toplevel() on ptolemy.moml.MoMLSimpleApplication@792fea3a
----------------- Done invoking toplevel() on ptolemy.moml.MoMLSimpleApplication@792fea3a
reloadAllAccessors: .Butterfly

===========================================================================================
----------------- testing Sat May 18 04:29:29 UTC 2019 /home/travis/build/icyphy/ptII/ptolemy/domains/sdf/test/auto/Expression.xml
----------------- Instantiating /home/travis/build/icyphy/ptII/ptolemy/domains/sdf/test/auto/Expression.xml
37 ms. Memory: 116224K Free: 99781K (86%)
----------------- Invoking toplevel() on ptolemy.moml.MoMLSimpleApplication@478fea8e
----------------- Done invoking toplevel() on ptolemy.moml.MoMLSimpleApplication@478fea8e
reloadAllAccessors: .Expression

===========================================================================================
----------------- testing Sat May 18 04:29:29 UTC 2019 /home/travis/build/icyphy/ptII/ptolemy/domains/sdf/test/auto/Eye.xml
----------------- Instantiating /home/travis/build/icyphy/ptII/ptolemy/domains/sdf/test/auto/Eye.xml
214 ms. Memory: 146944K Free: 134535K (92%)
----------------- Invoking toplevel() on ptolemy.moml.MoMLSimpleApplication@7d9a704b
----------------- Done invoking toplevel() on ptolemy.moml.MoMLSimpleApplication@7d9a704b
reloadAllAccessors: .Eye

===========================================================================================
----------------- testing Sat May 18 04:29:30 UTC 2019 /home/travis/build/icyphy/ptII/ptolemy/domains/sdf/test/auto/FixFIR.xml
----------------- Instantiating /home/travis/build/icyphy/ptII/ptolemy/domains/sdf/test/auto/FixFIR.xml
178 ms. Memory: 146944K Free: 97286K (66%)
----------------- Invoking toplevel() on ptolemy.moml.MoMLSimpleApplication@45cf693c
----------------- Done invoking toplevel() on ptolemy.moml.MoMLSimpleApplication@45cf693c
reloadAllAccessors: .FixFIR

===========================================================================================
----------------- testing Sat May 18 04:29:30 UTC 2019 /home/travis/build/icyphy/ptII/ptolemy/domains/sdf/test/auto/FixPoint.xml
----------------- Instantiating /home/travis/build/icyphy/ptII/ptolemy/domains/sdf/test/auto/FixPoint.xml
15 ms. Memory: 146944K Free: 93172K (63%)
----------------- Invoking toplevel() on ptolemy.moml.MoMLSimpleApplication@5a6df43b
----------------- Done invoking toplevel() on ptolemy.moml.MoMLSimpleApplication@5a6df43b
reloadAllAccessors: .FixPoint

===========================================================================================
----------------- testing Sat May 18 04:29:30 UTC 2019 /home/travis/build/icyphy/ptII/ptolemy/domains/sdf/test/auto/Gravitation.xml
----------------- Instantiating /home/travis/build/icyphy/ptII/ptolemy/domains/sdf/test/auto/Gravitation.xml
3188 ms. Memory: 209408K Free: 185742K (89%)
----------------- Invoking toplevel() on ptolemy.moml.MoMLSimpleApplication@372a047d
----------------- Done invoking toplevel() on ptolemy.moml.MoMLSimpleApplication@372a047d
reloadAllAccessors: .Gravitation

===========================================================================================
----------------- testing Sat May 18 04:29:33 UTC 2019 /home/travis/build/icyphy/ptII/ptolemy/domains/sdf/test/auto/GravitationWithCollisionDetection.xml
----------------- Instantiating /home/travis/build/icyphy/ptII/ptolemy/domains/sdf/test/auto/GravitationWithCollisionDetection.xml
6773 ms. Memory: 714752K Free: 670729K (94%)
----------------- Invoking toplevel() on ptolemy.moml.MoMLSimpleApplication@665fbc05
----------------- Done invoking toplevel() on ptolemy.moml.MoMLSimpleApplication@665fbc05
reloadAllAccessors: .GravitationWithCollisionDetection

===========================================================================================
----------------- testing Sat May 18 04:29:40 UTC 2019 /home/travis/build/icyphy/ptII/ptolemy/domains/sdf/test/auto/HDF.xml
----------------- Instantiating /home/travis/build/icyphy/ptII/ptolemy/domains/sdf/test/auto/HDF.xml
69 ms. Memory: 714752K Free: 645951K (90%)
----------------- Invoking toplevel() on ptolemy.moml.MoMLSimpleApplication@79d02b02
----------------- Done invoking toplevel() on ptolemy.moml.MoMLSimpleApplication@79d02b02
reloadAllAccessors: .HDF

===========================================================================================
----------------- testing Sat May 18 04:29:41 UTC 2019 /home/travis/build/icyphy/ptII/ptolemy/domains/sdf/test/auto/HDFwithTransientStates.xml
----------------- Instantiating /home/travis/build/icyphy/ptII/ptolemy/domains/sdf/test/auto/HDFwithTransientStates.xml
39 ms. Memory: 714752K Free: 620721K (87%)
----------------- Invoking toplevel() on ptolemy.moml.MoMLSimpleApplication@21e7b609
----------------- Done invoking toplevel() on ptolemy.moml.MoMLSimpleApplication@21e7b609
reloadAllAccessors: .HDFwithTransientStates

===========================================================================================
----------------- testing Sat May 18 04:29:41 UTC 2019 /home/travis/build/icyphy/ptII/ptolemy/domains/sdf/test/auto/HTVQ.xml
----------------- Instantiating /home/travis/build/icyphy/ptII/ptolemy/domains/sdf/test/auto/HTVQ.xml
830 ms. Memory: 714752K Free: 451497K (63%)
----------------- Invoking toplevel() on ptolemy.moml.MoMLSimpleApplication@f52e933
----------------- Done invoking toplevel() on ptolemy.moml.MoMLSimpleApplication@f52e933
reloadAllAccessors: .HTVQ

===========================================================================================
----------------- testing Sat May 18 04:29:42 UTC 2019 /home/travis/build/icyphy/ptII/ptolemy/domains/sdf/test/auto/InferInitProduction.xml
----------------- Instantiating /home/travis/build/icyphy/ptII/ptolemy/domains/sdf/test/auto/InferInitProduction.xml
10 ms. Memory: 714752K Free: 438963K (61%)
----------------- Invoking toplevel() on ptolemy.moml.MoMLSimpleApplication@7c15e474
----------------- Done invoking toplevel() on ptolemy.moml.MoMLSimpleApplication@7c15e474
reloadAllAccessors: .InferInitProduction

===========================================================================================
----------------- testing Sat May 18 04:29:42 UTC 2019 /home/travis/build/icyphy/ptII/ptolemy/domains/sdf/test/auto/InferInitProductionDeeper.xml
----------------- Instantiating /home/travis/build/icyphy/ptII/ptolemy/domains/sdf/test/auto/InferInitProductionDeeper.xml
9 ms. Memory: 714752K Free: 426429K (60%)
----------------- Invoking toplevel() on ptolemy.moml.MoMLSimpleApplication@65e58c18
----------------- Done invoking toplevel() on ptolemy.moml.MoMLSimpleApplication@65e58c18
reloadAllAccessors: .InferInitProductionDeeper

===========================================================================================
----------------- testing Sat May 18 04:29:42 UTC 2019 /home/travis/build/icyphy/ptII/ptolemy/domains/sdf/test/auto/LMSAdaptive.xml
----------------- Instantiating /home/travis/build/icyphy/ptII/ptolemy/domains/sdf/test/auto/LMSAdaptive.xml
11 ms. Memory: 714752K Free: 407613K (57%)
----------------- Invoking toplevel() on ptolemy.moml.MoMLSimpleApplication@33859be9
----------------- Done invoking toplevel() on ptolemy.moml.MoMLSimpleApplication@33859be9
reloadAllAccessors: .LMSAdaptive

===========================================================================================
----------------- testing Sat May 18 04:29:42 UTC 2019 /home/travis/build/icyphy/ptII/ptolemy/domains/sdf/test/auto/LogisticMap.xml
----------------- Instantiating /home/travis/build/icyphy/ptII/ptolemy/domains/sdf/test/auto/LogisticMap.xml
451 ms. Memory: 714752K Free: 395079K (55%)
----------------- Invoking toplevel() on ptolemy.moml.MoMLSimpleApplication@59e182f
----------------- Done invoking toplevel() on ptolemy.moml.MoMLSimpleApplication@59e182f
reloadAllAccessors: .LogisticMap

===========================================================================================
----------------- testing Sat May 18 04:29:42 UTC 2019 /home/travis/build/icyphy/ptII/ptolemy/domains/sdf/test/auto/MaximumEntropySpectrum.xml
----------------- Instantiating /home/travis/build/icyphy/ptII/ptolemy/domains/sdf/test/auto/MaximumEntropySpectrum.xml
71 ms. Memory: 714752K Free: 326063K (46%)
----------------- Invoking toplevel() on ptolemy.moml.MoMLSimpleApplication@37835395
----------------- Done invoking toplevel() on ptolemy.moml.MoMLSimpleApplication@37835395
reloadAllAccessors: .MaximumEntropySpectrum

===========================================================================================
----------------- testing Sat May 18 04:29:43 UTC 2019 /home/travis/build/icyphy/ptII/ptolemy/domains/sdf/test/auto/MultirateSDF.xml
----------------- Instantiating /home/travis/build/icyphy/ptII/ptolemy/domains/sdf/test/auto/MultirateSDF.xml
17 ms. Memory: 714752K Free: 304582K (43%)
----------------- Invoking toplevel() on ptolemy.moml.MoMLSimpleApplication@2512fd6e
----------------- Done invoking toplevel() on ptolemy.moml.MoMLSimpleApplication@2512fd6e
reloadAllAccessors: .MultirateSDF

===========================================================================================
----------------- testing Sat May 18 04:29:43 UTC 2019 /home/travis/build/icyphy/ptII/ptolemy/domains/sdf/test/auto/MultirateSDFwithTransientStates.xml
----------------- Instantiating /home/travis/build/icyphy/ptII/ptolemy/domains/sdf/test/auto/MultirateSDFwithTransientStates.xml
23 ms. Memory: 714752K Free: 279490K (39%)
----------------- Invoking toplevel() on ptolemy.moml.MoMLSimpleApplication@6790eafb
----------------- Done invoking toplevel() on ptolemy.moml.MoMLSimpleApplication@6790eafb
reloadAllAccessors: .MultirateSDFwithTransientStates

===========================================================================================
----------------- testing Sat May 18 04:29:43 UTC 2019 /home/travis/build/icyphy/ptII/ptolemy/domains/sdf/test/auto/NoisySinewave.xml
----------------- Instantiating /home/travis/build/icyphy/ptII/ptolemy/domains/sdf/test/auto/NoisySinewave.xml
17 ms. Memory: 714752K Free: 254391K (36%)
----------------- Invoking toplevel() on ptolemy.moml.MoMLSimpleApplication@42c80145
----------------- Done invoking toplevel() on ptolemy.moml.MoMLSimpleApplication@42c80145
reloadAllAccessors: .NoisySinewave

===========================================================================================
----------------- testing Sat May 18 04:29:43 UTC 2019 /home/travis/build/icyphy/ptII/ptolemy/domains/sdf/test/auto/Objects.xml
----------------- Instantiating /home/travis/build/icyphy/ptII/ptolemy/domains/sdf/test/auto/Objects.xml
3 ms. Memory: 714752K Free: 235574K (33%)
----------------- Invoking toplevel() on ptolemy.moml.MoMLSimpleApplication@1378150e
----------------- Done invoking toplevel() on ptolemy.moml.MoMLSimpleApplication@1378150e
reloadAllAccessors: .Objects

===========================================================================================
----------------- testing Sat May 18 04:29:43 UTC 2019 /home/travis/build/icyphy/ptII/ptolemy/domains/sdf/test/auto/OrthogonalCom.xml
----------------- Instantiating /home/travis/build/icyphy/ptII/ptolemy/domains/sdf/test/auto/OrthogonalCom.xml
7 ms. Memory: 714752K Free: 216757K (30%)
----------------- Invoking toplevel() on ptolemy.moml.MoMLSimpleApplication@51f07df1
----------------- Done invoking toplevel() on ptolemy.moml.MoMLSimpleApplication@51f07df1
reloadAllAccessors: .OrthogonalCom

===========================================================================================
----------------- testing Sat May 18 04:29:43 UTC 2019 /home/travis/build/icyphy/ptII/ptolemy/domains/sdf/test/auto/RijndaelEncryption.xml
----------------- Instantiating /home/travis/build/icyphy/ptII/ptolemy/domains/sdf/test/auto/RijndaelEncryption.xml
315 ms. Memory: 681472K Free: 647155K (95%)
----------------- Invoking toplevel() on ptolemy.moml.MoMLSimpleApplication@59ca0094
----------------- Done invoking toplevel() on ptolemy.moml.MoMLSimpleApplication@59ca0094
reloadAllAccessors: .RijndaelEncryption

===========================================================================================
----------------- testing Sat May 18 04:29:43 UTC 2019 /home/travis/build/icyphy/ptII/ptolemy/domains/sdf/test/auto/SDFEmptyIterations.xml
----------------- Instantiating /home/travis/build/icyphy/ptII/ptolemy/domains/sdf/test/auto/SDFEmptyIterations.xml
5 ms. Memory: 681472K Free: 629547K (92%)
----------------- Invoking toplevel() on ptolemy.moml.MoMLSimpleApplication@2a20bdd0
----------------- Done invoking toplevel() on ptolemy.moml.MoMLSimpleApplication@2a20bdd0
reloadAllAccessors: .SDFEmptyIterations

===========================================================================================
----------------- testing Sat May 18 04:29:44 UTC 2019 /home/travis/build/icyphy/ptII/ptolemy/domains/sdf/test/auto/Spectrum.xml
----------------- Instantiating /home/travis/build/icyphy/ptII/ptolemy/domains/sdf/test/auto/Spectrum.xml
34 ms. Memory: 681472K Free: 599674K (88%)
----------------- Invoking toplevel() on ptolemy.moml.MoMLSimpleApplication@47098a80
----------------- Done invoking toplevel() on ptolemy.moml.MoMLSimpleApplication@47098a80
reloadAllAccessors: .Spectrum

===========================================================================================
----------------- testing Sat May 18 04:29:44 UTC 2019 /home/travis/build/icyphy/ptII/ptolemy/domains/sdf/test/auto/de_inside_sdf.xml
----------------- Instantiating /home/travis/build/icyphy/ptII/ptolemy/domains/sdf/test/auto/de_inside_sdf.xml
8 ms. Memory: 681472K Free: 587734K (86%)
----------------- Invoking toplevel() on ptolemy.moml.MoMLSimpleApplication@ae961ed
----------------- Done invoking toplevel() on ptolemy.moml.MoMLSimpleApplication@ae961ed
reloadAllAccessors: .de_inside_sdf

===========================================================================================
----------------- testing Sat May 18 04:29:44 UTC 2019 /home/travis/build/icyphy/ptII/ptolemy/domains/sdf/test/auto/disconnectedHierarchicalSDF.xml
----------------- Instantiating /home/travis/build/icyphy/ptII/ptolemy/domains/sdf/test/auto/disconnectedHierarchicalSDF.xml
7 ms. Memory: 681472K Free: 575794K (84%)
----------------- Invoking toplevel() on ptolemy.moml.MoMLSimpleApplication@2b1d76c5
----------------- Done invoking toplevel() on ptolemy.moml.MoMLSimpleApplication@2b1d76c5
reloadAllAccessors: .disconnectedHierarchicalSDF

===========================================================================================
----------------- testing Sat May 18 04:29:44 UTC 2019 /home/travis/build/icyphy/ptII/ptolemy/domains/sdf/test/auto/disconnectedSDF.xml
----------------- Instantiating /home/travis/build/icyphy/ptII/ptolemy/domains/sdf/test/auto/disconnectedSDF.xml
3 ms. Memory: 681472K Free: 563774K (83%)
----------------- Invoking toplevel() on ptolemy.moml.MoMLSimpleApplication@48147dad
----------------- Done invoking toplevel() on ptolemy.moml.MoMLSimpleApplication@48147dad
reloadAllAccessors: .disconnectedSDF

===========================================================================================
----------------- testing Sat May 18 04:29:44 UTC 2019 /home/travis/build/icyphy/ptII/ptolemy/domains/sdf/test/auto/emptyRefinement.xml
----------------- Instantiating /home/travis/build/icyphy/ptII/ptolemy/domains/sdf/test/auto/emptyRefinement.xml
4 ms. Memory: 681472K Free: 550166K (81%)
----------------- Invoking toplevel() on ptolemy.moml.MoMLSimpleApplication@4ded15de
----------------- Done invoking toplevel() on ptolemy.moml.MoMLSimpleApplication@4ded15de
reloadAllAccessors: .emptyRefinement

===========================================================================================
----------------- testing Sat May 18 04:29:44 UTC 2019 /home/travis/build/icyphy/ptII/ptolemy/domains/sdf/test/auto/filePortParameter.xml
----------------- Instantiating /home/travis/build/icyphy/ptII/ptolemy/domains/sdf/test/auto/filePortParameter.xml
18 ms. Memory: 681472K Free: 538226K (79%)
----------------- Invoking toplevel() on ptolemy.moml.MoMLSimpleApplication@5b803369
----------------- Done invoking toplevel() on ptolemy.moml.MoMLSimpleApplication@5b803369
reloadAllAccessors: .filePortParameter

===========================================================================================
----------------- testing Sat May 18 04:29:44 UTC 2019 /home/travis/build/icyphy/ptII/ptolemy/domains/sdf/test/auto/inferRelationWidth1.xml
----------------- Instantiating /home/travis/build/icyphy/ptII/ptolemy/domains/sdf/test/auto/inferRelationWidth1.xml
3 ms. Memory: 681472K Free: 526287K (77%)
----------------- Invoking toplevel() on ptolemy.moml.MoMLSimpleApplication@219cfc36
----------------- Done invoking toplevel() on ptolemy.moml.MoMLSimpleApplication@219cfc36
reloadAllAccessors: .inferRelationWidth1

===========================================================================================
----------------- testing Sat May 18 04:29:44 UTC 2019 /home/travis/build/icyphy/ptII/ptolemy/domains/sdf/test/auto/initProductionInference.xml
----------------- Instantiating /home/travis/build/icyphy/ptII/ptolemy/domains/sdf/test/auto/initProductionInference.xml
8 ms. Memory: 681472K Free: 514347K (75%)
----------------- Invoking toplevel() on ptolemy.moml.MoMLSimpleApplication@5b41466
----------------- Done invoking toplevel() on ptolemy.moml.MoMLSimpleApplication@5b41466
reloadAllAccessors: .initProductionInference

===========================================================================================
----------------- testing Sat May 18 04:29:44 UTC 2019 /home/travis/build/icyphy/ptII/ptolemy/domains/sdf/test/auto/relationGroup.xml
----------------- Instantiating /home/travis/build/icyphy/ptII/ptolemy/domains/sdf/test/auto/relationGroup.xml
4 ms. Memory: 681472K Free: 500740K (73%)
----------------- Invoking toplevel() on ptolemy.moml.MoMLSimpleApplication@385903e
----------------- Done invoking toplevel() on ptolemy.moml.MoMLSimpleApplication@385903e
reloadAllAccessors: .relationGroup

===========================================================================================
----------------- testing Sat May 18 04:29:44 UTC 2019 /home/travis/build/icyphy/ptII/ptolemy/domains/sdf/test/auto/relationGroup10.xml
----------------- Instantiating /home/travis/build/icyphy/ptII/ptolemy/domains/sdf/test/auto/relationGroup10.xml
2 ms. Memory: 681472K Free: 488800K (72%)
----------------- Invoking toplevel() on ptolemy.moml.MoMLSimpleApplication@3d16478b
----------------- Done invoking toplevel() on ptolemy.moml.MoMLSimpleApplication@3d16478b
reloadAllAccessors: .relationGroup10

===========================================================================================
----------------- testing Sat May 18 04:29:44 UTC 2019 /home/travis/build/icyphy/ptII/ptolemy/domains/sdf/test/auto/relationGroup11.xml
----------------- Instantiating /home/travis/build/icyphy/ptII/ptolemy/domains/sdf/test/auto/relationGroup11.xml
3 ms. Memory: 681472K Free: 476860K (70%)
----------------- Invoking toplevel() on ptolemy.moml.MoMLSimpleApplication@3560372d
----------------- Done invoking toplevel() on ptolemy.moml.MoMLSimpleApplication@3560372d
reloadAllAccessors: .relationGroup11

===========================================================================================
----------------- testing Sat May 18 04:29:44 UTC 2019 /home/travis/build/icyphy/ptII/ptolemy/domains/sdf/test/auto/relationGroup12.xml
----------------- Instantiating /home/travis/build/icyphy/ptII/ptolemy/domains/sdf/test/auto/relationGroup12.xml
4 ms. Memory: 681472K Free: 464920K (68%)
----------------- Invoking toplevel() on ptolemy.moml.MoMLSimpleApplication@78eb2e58
----------------- Done invoking toplevel() on ptolemy.moml.MoMLSimpleApplication@78eb2e58
reloadAllAccessors: .relationGroup12

===========================================================================================
----------------- testing Sat May 18 04:29:44 UTC 2019 /home/travis/build/icyphy/ptII/ptolemy/domains/sdf/test/auto/relationGroup13.xml
----------------- Instantiating /home/travis/build/icyphy/ptII/ptolemy/domains/sdf/test/auto/relationGroup13.xml
7 ms. Memory: 681472K Free: 452980K (66%)
----------------- Invoking toplevel() on ptolemy.moml.MoMLSimpleApplication@7746bbc2
----------------- Done invoking toplevel() on ptolemy.moml.MoMLSimpleApplication@7746bbc2
reloadAllAccessors: .relationGroup13

===========================================================================================
----------------- testing Sat May 18 04:29:44 UTC 2019 /home/travis/build/icyphy/ptII/ptolemy/domains/sdf/test/auto/relationGroup14.xml
----------------- Instantiating /home/travis/build/icyphy/ptII/ptolemy/domains/sdf/test/auto/relationGroup14.xml
4 ms. Memory: 681472K Free: 439373K (64%)
----------------- Invoking toplevel() on ptolemy.moml.MoMLSimpleApplication@628a9a3
----------------- Done invoking toplevel() on ptolemy.moml.MoMLSimpleApplication@628a9a3
reloadAllAccessors: .relationGroup14

===========================================================================================
----------------- testing Sat May 18 04:29:44 UTC 2019 /home/travis/build/icyphy/ptII/ptolemy/domains/sdf/test/auto/relationGroup15.xml
----------------- Instantiating /home/travis/build/icyphy/ptII/ptolemy/domains/sdf/test/auto/relationGroup15.xml
2 ms. Memory: 681472K Free: 427433K (63%)
----------------- Invoking toplevel() on ptolemy.moml.MoMLSimpleApplication@24a5d522
----------------- Done invoking toplevel() on ptolemy.moml.MoMLSimpleApplication@24a5d522
reloadAllAccessors: .relationGroup15

===========================================================================================
----------------- testing Sat May 18 04:29:44 UTC 2019 /home/travis/build/icyphy/ptII/ptolemy/domains/sdf/test/auto/relationGroup2.xml
----------------- Instantiating /home/travis/build/icyphy/ptII/ptolemy/domains/sdf/test/auto/relationGroup2.xml
2 ms. Memory: 681472K Free: 415493K (61%)
----------------- Invoking toplevel() on ptolemy.moml.MoMLSimpleApplication@27bf1a04
----------------- Done invoking toplevel() on ptolemy.moml.MoMLSimpleApplication@27bf1a04
reloadAllAccessors: .relationGroup2

===========================================================================================
----------------- testing Sat May 18 04:29:44 UTC 2019 /home/travis/build/icyphy/ptII/ptolemy/domains/sdf/test/auto/relationGroup3.xml
----------------- Instantiating /home/travis/build/icyphy/ptII/ptolemy/domains/sdf/test/auto/relationGroup3.xml
3 ms. Memory: 681472K Free: 403553K (59%)
----------------- Invoking toplevel() on ptolemy.moml.MoMLSimpleApplication@45b78f81
----------------- Done invoking toplevel() on ptolemy.moml.MoMLSimpleApplication@45b78f81
reloadAllAccessors: .relationGroup3

===========================================================================================
----------------- testing Sat May 18 04:29:44 UTC 2019 /home/travis/build/icyphy/ptII/ptolemy/domains/sdf/test/auto/relationGroup4.xml
----------------- Instantiating /home/travis/build/icyphy/ptII/ptolemy/domains/sdf/test/auto/relationGroup4.xml
6 ms. Memory: 681472K Free: 391613K (57%)
----------------- Invoking toplevel() on ptolemy.moml.MoMLSimpleApplication@52ff4176
----------------- Done invoking toplevel() on ptolemy.moml.MoMLSimpleApplication@52ff4176
reloadAllAccessors: .relationGroup4

===========================================================================================
----------------- testing Sat May 18 04:29:44 UTC 2019 /home/travis/build/icyphy/ptII/ptolemy/domains/sdf/test/auto/relationGroup5.xml
----------------- Instantiating /home/travis/build/icyphy/ptII/ptolemy/domains/sdf/test/auto/relationGroup5.xml
3 ms. Memory: 681472K Free: 378006K (55%)
----------------- Invoking toplevel() on ptolemy.moml.MoMLSimpleApplication@76dd02d3
----------------- Done invoking toplevel() on ptolemy.moml.MoMLSimpleApplication@76dd02d3
reloadAllAccessors: .relationGroup5

===========================================================================================
----------------- testing Sat May 18 04:29:44 UTC 2019 /home/travis/build/icyphy/ptII/ptolemy/domains/sdf/test/auto/relationGroup6.xml
----------------- Instantiating /home/travis/build/icyphy/ptII/ptolemy/domains/sdf/test/auto/relationGroup6.xml
5 ms. Memory: 681472K Free: 366066K (54%)
----------------- Invoking toplevel() on ptolemy.moml.MoMLSimpleApplication@1850cfd7
----------------- Done invoking toplevel() on ptolemy.moml.MoMLSimpleApplication@1850cfd7
reloadAllAccessors: .relationGroup6

===========================================================================================
----------------- testing Sat May 18 04:29:44 UTC 2019 /home/travis/build/icyphy/ptII/ptolemy/domains/sdf/test/auto/relationGroup7.xml
----------------- Instantiating /home/travis/build/icyphy/ptII/ptolemy/domains/sdf/test/auto/relationGroup7.xml
2 ms. Memory: 681472K Free: 354126K (52%)
----------------- Invoking toplevel() on ptolemy.moml.MoMLSimpleApplication@45a27209
----------------- Done invoking toplevel() on ptolemy.moml.MoMLSimpleApplication@45a27209
reloadAllAccessors: .relationGroup7

===========================================================================================
----------------- testing Sat May 18 04:29:44 UTC 2019 /home/travis/build/icyphy/ptII/ptolemy/domains/sdf/test/auto/relationGroup8.xml
----------------- Instantiating /home/travis/build/icyphy/ptII/ptolemy/domains/sdf/test/auto/relationGroup8.xml
2 ms. Memory: 681472K Free: 342186K (50%)
----------------- Invoking toplevel() on ptolemy.moml.MoMLSimpleApplication@2ab22385
----------------- Done invoking toplevel() on ptolemy.moml.MoMLSimpleApplication@2ab22385
reloadAllAccessors: .relationGroup8

===========================================================================================
----------------- testing Sat May 18 04:29:44 UTC 2019 /home/travis/build/icyphy/ptII/ptolemy/domains/sdf/test/auto/relationGroup9.xml
----------------- Instantiating /home/travis/build/icyphy/ptII/ptolemy/domains/sdf/test/auto/relationGroup9.xml
6 ms. Memory: 681472K Free: 330247K (48%)
----------------- Invoking toplevel() on ptolemy.moml.MoMLSimpleApplication@a43edd4
----------------- Done invoking toplevel() on ptolemy.moml.MoMLSimpleApplication@a43edd4
reloadAllAccessors: .relationGroup9

===========================================================================================
----------------- testing Sat May 18 04:29:44 UTC 2019 /home/travis/build/icyphy/ptII/ptolemy/domains/sdf/test/auto/sdf_inside_de.xml
----------------- Instantiating /home/travis/build/icyphy/ptII/ptolemy/domains/sdf/test/auto/sdf_inside_de.xml
20 ms. Memory: 681472K Free: 310669K (46%)
----------------- Invoking toplevel() on ptolemy.moml.MoMLSimpleApplication@33fbb879
----------------- Done invoking toplevel() on ptolemy.moml.MoMLSimpleApplication@33fbb879
reloadAllAccessors: .sdf_inside_de

===========================================================================================
----------------- testing Sat May 18 04:29:44 UTC 2019 /home/travis/build/icyphy/ptII/ptolemy/domains/sdf/test/auto/sdf_inside_pn.xml
----------------- Instantiating /home/travis/build/icyphy/ptII/ptolemy/domains/sdf/test/auto/sdf_inside_pn.xml
25 ms. Memory: 681472K Free: 268880K (39%)
----------------- Invoking toplevel() on ptolemy.moml.MoMLSimpleApplication@49f2fba0
----------------- Done invoking toplevel() on ptolemy.moml.MoMLSimpleApplication@49f2fba0
reloadAllAccessors: .sdf_inside_pn

===========================================================================================
----------------- testing Sat May 18 04:29:44 UTC 2019 /home/travis/build/icyphy/ptII/ptolemy/domains/sdf/test/auto/sdf_sdf1.xml
----------------- Instantiating /home/travis/build/icyphy/ptII/ptolemy/domains/sdf/test/auto/sdf_sdf1.xml
4 ms. Memory: 681472K Free: 256940K (38%)
----------------- Invoking toplevel() on ptolemy.moml.MoMLSimpleApplication@fa31a78
----------------- Done invoking toplevel() on ptolemy.moml.MoMLSimpleApplication@fa31a78
reloadAllAccessors: .sdf_sdf1

===========================================================================================
----------------- testing Sat May 18 04:29:44 UTC 2019 /home/travis/build/icyphy/ptII/ptolemy/domains/sdf/test/auto/test1.xml
----------------- Instantiating /home/travis/build/icyphy/ptII/ptolemy/domains/sdf/test/auto/test1.xml
2 ms. Memory: 681472K Free: 245000K (36%)
----------------- Invoking toplevel() on ptolemy.moml.MoMLSimpleApplication@20a3d364
----------------- Done invoking toplevel() on ptolemy.moml.MoMLSimpleApplication@20a3d364
reloadAllAccessors: .test1

===========================================================================================
----------------- testing Sat May 18 04:29:44 UTC 2019 /home/travis/build/icyphy/ptII/ptolemy/domains/sdf/test/auto/time1.xml
----------------- Instantiating /home/travis/build/icyphy/ptII/ptolemy/domains/sdf/test/auto/time1.xml
2 ms. Memory: 681472K Free: 231393K (34%)
----------------- Invoking toplevel() on ptolemy.moml.MoMLSimpleApplication@73487d8c
----------------- Done invoking toplevel() on ptolemy.moml.MoMLSimpleApplication@73487d8c
reloadAllAccessors: .time1

===========================================================================================
----------------- testing Sat May 18 04:29:44 UTC 2019 /home/travis/build/icyphy/ptII/ptolemy/domains/sdf/test/auto/time2.xml
----------------- Instantiating /home/travis/build/icyphy/ptII/ptolemy/domains/sdf/test/auto/time2.xml
4 ms. Memory: 681472K Free: 219453K (32%)
----------------- Invoking toplevel() on ptolemy.moml.MoMLSimpleApplication@f228dc4
----------------- Done invoking toplevel() on ptolemy.moml.MoMLSimpleApplication@f228dc4
reloadAllAccessors: .time2

===========================================================================================
----------------- testing Sat May 18 04:29:44 UTC 2019 /home/travis/build/icyphy/ptII/ptolemy/domains/sdf/test/auto/time3.xml
----------------- Instantiating /home/travis/build/icyphy/ptII/ptolemy/domains/sdf/test/auto/time3.xml
7 ms. Memory: 681472K Free: 207513K (30%)
----------------- Invoking toplevel() on ptolemy.moml.MoMLSimpleApplication@7a0872df
----------------- Done invoking toplevel() on ptolemy.moml.MoMLSimpleApplication@7a0872df
reloadAllAccessors: .time3

===========================================================================================
----------------- testing Sat May 18 04:29:44 UTC 2019 /home/travis/build/icyphy/ptII/ptolemy/domains/sdf/test/auto/time4.xml
----------------- Instantiating /home/travis/build/icyphy/ptII/ptolemy/domains/sdf/test/auto/time4.xml
6 ms. Memory: 681472K Free: 195573K (29%)
----------------- Invoking toplevel() on ptolemy.moml.MoMLSimpleApplication@36d0adc8
----------------- Done invoking toplevel() on ptolemy.moml.MoMLSimpleApplication@36d0adc8
reloadAllAccessors: .time4

===========================================================================================
----------------- testing Sat May 18 04:29:44 UTC 2019 /home/travis/build/icyphy/ptII/ptolemy/domains/sdf/test/auto/time5.xml
----------------- Instantiating /home/travis/build/icyphy/ptII/ptolemy/domains/sdf/test/auto/time5.xml
4003 ms. Memory: 681472K Free: 183634K (27%)
----------------- Invoking toplevel() on ptolemy.moml.MoMLSimpleApplication@3f53d722
----------------- Done invoking toplevel() on ptolemy.moml.MoMLSimpleApplication@3f53d722
reloadAllAccessors: .time5

===========================================================================================
----------------- testing Sat May 18 04:29:48 UTC 2019 /home/travis/build/icyphy/ptII/ptolemy/domains/sdf/test/auto/typeSystem_Const_Integer_smallest_Type.xml
----------------- Instantiating /home/travis/build/icyphy/ptII/ptolemy/domains/sdf/test/auto/typeSystem_Const_Integer_smallest_Type.xml
11 ms. Memory: 681472K Free: 170026K (25%)
----------------- Invoking toplevel() on ptolemy.moml.MoMLSimpleApplication@7e44ae4d
----------------- Done invoking toplevel() on ptolemy.moml.MoMLSimpleApplication@7e44ae4d
reloadAllAccessors: .typeSystem_Const_Integer_smallest_Type

===========================================================================================
----------------- testing Sat May 18 04:29:48 UTC 2019 /home/travis/build/icyphy/ptII/ptolemy/domains/sdf/test/auto/typeSystem_declared_Inports_OutportTypeException.xml
----------------- Instantiating /home/travis/build/icyphy/ptII/ptolemy/domains/sdf/test/auto/typeSystem_declared_Inports_OutportTypeException.xml
.typeSystem_declared_Inports_OutportTypeException.TestExceptionAttribute: initialize() was not invoked, but wrapup() was.  This is unusual, but not always a problem.  For example, exporting JNLP will do this.
2 ms. Memory: 681472K Free: 158086K (23%)
----------------- Invoking toplevel() on ptolemy.moml.MoMLSimpleApplication@2180ed39
----------------- Done invoking toplevel() on ptolemy.moml.MoMLSimpleApplication@2180ed39
reloadAllAccessors: .typeSystem_declared_Inports_OutportTypeException

===========================================================================================
----------------- testing Sat May 18 04:29:48 UTC 2019 /home/travis/build/icyphy/ptII/ptolemy/domains/sdf/test/auto/typeSystem_oneDeclaredInportType_wrongTypeOutport.xml
----------------- Instantiating /home/travis/build/icyphy/ptII/ptolemy/domains/sdf/test/auto/typeSystem_oneDeclaredInportType_wrongTypeOutport.xml
11 ms. Memory: 681472K Free: 146147K (21%)
----------------- Invoking toplevel() on ptolemy.moml.MoMLSimpleApplication@5b6513d1
----------------- Done invoking toplevel() on ptolemy.moml.MoMLSimpleApplication@5b6513d1
reloadAllAccessors: .typeSystem_oneDeclaredInportType_wrongTypeOutport

===========================================================================================
----------------- testing Sat May 18 04:29:48 UTC 2019 /home/travis/build/icyphy/ptII/ptolemy/domains/sdf/test/auto/width.xml
----------------- Instantiating /home/travis/build/icyphy/ptII/ptolemy/domains/sdf/test/auto/width.xml
2 ms. Memory: 681472K Free: 134207K (20%)
----------------- Invoking toplevel() on ptolemy.moml.MoMLSimpleApplication@7c428c5b
----------------- Done invoking toplevel() on ptolemy.moml.MoMLSimpleApplication@7c428c5b
reloadAllAccessors: .width

===========================================================================================
----------------- testing Sat May 18 04:29:48 UTC 2019 /home/travis/build/icyphy/ptII/ptolemy/domains/sdf/test/auto/width2.xml
----------------- Instantiating /home/travis/build/icyphy/ptII/ptolemy/domains/sdf/test/auto/width2.xml
32 ms. Memory: 681472K Free: 120600K (18%)
----------------- Invoking toplevel() on ptolemy.moml.MoMLSimpleApplication@47ce2b70
----------------- Done invoking toplevel() on ptolemy.moml.MoMLSimpleApplication@47ce2b70
reloadAllAccessors: .width2

===========================================================================================
----------------- testing Sat May 18 04:29:49 UTC 2019 /home/travis/build/icyphy/ptII/ptolemy/domains/sdf/test/auto/width3.xml
----------------- Instantiating /home/travis/build/icyphy/ptII/ptolemy/domains/sdf/test/auto/width3.xml
27 ms. Memory: 681472K Free: 108660K (16%)
----------------- Invoking toplevel() on ptolemy.moml.MoMLSimpleApplication@63da24ad
----------------- Done invoking toplevel() on ptolemy.moml.MoMLSimpleApplication@63da24ad
reloadAllAccessors: .width3
AutoTests.java: About to close Vertx.
AutoTests.java: Vertx closed.
]]></system-out>
  <system-err><![CDATA[java.lang.RuntimeException: Execution failed
	at ptolemy.moml.MoMLSimpleApplication$UnloadThread.run(MoMLSimpleApplication.java:402)
Caused by: ptolemy.actor.sched.NotSchedulableException: No solution exists for the balance equations.
Graph is not consistent under the SDF domain detected on external port .rateConsistency.actor.port2
  in .rateConsistency.SDF Director.Scheduler
	at ptolemy.domains.sdf.kernel.SDFScheduler._propagatePort(SDFScheduler.java:1425)
	at ptolemy.domains.sdf.kernel.SDFScheduler._solveBalanceEquations(SDFScheduler.java:710)
	at ptolemy.domains.sdf.kernel.SDFScheduler._getSchedule(SDFScheduler.java:566)
	at ptolemy.actor.sched.Scheduler.getSchedule(Scheduler.java:189)
	at ptolemy.domains.sdf.kernel.SDFDirector.createSchedule(SDFDirector.java:408)
	at ptolemy.domains.sdf.kernel.SDFDirector.preinitialize(SDFDirector.java:764)
	at ptolemy.actor.CompositeActor.preinitialize(CompositeActor.java:1828)
	at ptolemy.actor.Manager.preinitializeAndResolveTypes(Manager.java:1040)
	at ptolemy.actor.Manager.initialize(Manager.java:710)
	at ptolemy.actor.Manager.execute(Manager.java:356)
	at ptolemy.actor.Manager.run(Manager.java:1263)
	at ptolemy.actor.Manager$PtolemyRunThread.run(Manager.java:1915)
java.lang.RuntimeException: Execution failed
	at ptolemy.moml.MoMLSimpleApplication$UnloadThread.run(MoMLSimpleApplication.java:402)
Caused by: ptolemy.kernel.util.IllegalActionException: Failed to compute schedule:
  in .badRateChanges.typed composite actor.SDF Director
Because:
The SDF rate parameter may change. This is not allowed in SDF models that will be run through the code generator.  If you don't care about code generation, then you might consider setting the allowRateChanges parameter of the SDF director to false.
  in .badRateChanges.typed composite actor.Repeat.output.tokenProductionRate
	at ptolemy.domains.sdf.kernel.SDFDirector.createSchedule(SDFDirector.java:418)
	at ptolemy.domains.sdf.kernel.SDFDirector.preinitialize(SDFDirector.java:764)
	at ptolemy.actor.CompositeActor.preinitialize(CompositeActor.java:1828)
	at ptolemy.actor.Director.preinitialize(Director.java:1302)
	at ptolemy.actor.Director.preinitialize(Director.java:1257)
	at ptolemy.domains.sdf.kernel.SDFDirector.preinitialize(SDFDirector.java:763)
	at ptolemy.actor.CompositeActor.preinitialize(CompositeActor.java:1828)
	at ptolemy.actor.Manager.preinitializeAndResolveTypes(Manager.java:1040)
	at ptolemy.actor.Manager.initialize(Manager.java:710)
	at ptolemy.actor.Manager.execute(Manager.java:356)
	at ptolemy.actor.Manager.run(Manager.java:1263)
	at ptolemy.actor.Manager$PtolemyRunThread.run(Manager.java:1915)
Caused by: ptolemy.kernel.util.IllegalActionException: The SDF rate parameter may change. This is not allowed in SDF models that will be run through the code generator.  If you don't care about code generation, then you might consider setting the allowRateChanges parameter of the SDF director to false.
  in .badRateChanges.typed composite actor.Repeat.output.tokenProductionRate
	at ptolemy.domains.sdf.kernel.SDFScheduler._assertDynamicRateVariable(SDFScheduler.java:931)
	at ptolemy.domains.sdf.kernel.SDFScheduler._checkDynamicRateVariables(SDFScheduler.java:339)
	at ptolemy.domains.sdf.kernel.SDFScheduler._getSchedule(SDFScheduler.java:527)
	at ptolemy.actor.sched.Scheduler.getSchedule(Scheduler.java:189)
	at ptolemy.domains.sdf.kernel.SDFDirector.createSchedule(SDFDirector.java:408)
	... 11 more
java.lang.RuntimeException: Execution failed
	at ptolemy.moml.MoMLSimpleApplication$UnloadThread.run(MoMLSimpleApplication.java:402)
Caused by: ptolemy.kernel.util.IllegalActionException: Failed to compute schedule:
  in .badRateChanges2.typed composite actor.SDF Director
Because:
The SDF rate parameter may change. This is not allowed in SDF models that will be run through the code generator.  If you don't care about code generation, then you might consider setting the allowRateChanges parameter of the SDF director to false.
  in .badRateChanges2.typed composite actor.Repeat.output.tokenProductionRate
	at ptolemy.domains.sdf.kernel.SDFDirector.createSchedule(SDFDirector.java:418)
	at ptolemy.domains.sdf.kernel.SDFDirector.preinitialize(SDFDirector.java:764)
	at ptolemy.actor.CompositeActor.preinitialize(CompositeActor.java:1828)
	at ptolemy.actor.Director.preinitialize(Director.java:1302)
	at ptolemy.actor.Director.preinitialize(Director.java:1257)
	at ptolemy.domains.sdf.kernel.SDFDirector.preinitialize(SDFDirector.java:763)
	at ptolemy.actor.CompositeActor.preinitialize(CompositeActor.java:1828)
	at ptolemy.actor.Manager.preinitializeAndResolveTypes(Manager.java:1040)
	at ptolemy.actor.Manager.initialize(Manager.java:710)
	at ptolemy.actor.Manager.execute(Manager.java:356)
	at ptolemy.actor.Manager.run(Manager.java:1263)
	at ptolemy.actor.Manager$PtolemyRunThread.run(Manager.java:1915)
Caused by: ptolemy.kernel.util.IllegalActionException: The SDF rate parameter may change. This is not allowed in SDF models that will be run through the code generator.  If you don't care about code generation, then you might consider setting the allowRateChanges parameter of the SDF director to false.
  in .badRateChanges2.typed composite actor.Repeat.output.tokenProductionRate
	at ptolemy.domains.sdf.kernel.SDFScheduler._assertDynamicRateVariable(SDFScheduler.java:931)
	at ptolemy.domains.sdf.kernel.SDFScheduler._checkDynamicRateVariables(SDFScheduler.java:339)
	at ptolemy.domains.sdf.kernel.SDFScheduler._getSchedule(SDFScheduler.java:527)
	at ptolemy.actor.sched.Scheduler.getSchedule(Scheduler.java:189)
	at ptolemy.domains.sdf.kernel.SDFDirector.createSchedule(SDFDirector.java:408)
	... 11 more
java.lang.RuntimeException: Execution failed
	at ptolemy.moml.MoMLSimpleApplication$UnloadThread.run(MoMLSimpleApplication.java:402)
Caused by: ptolemy.actor.sched.NotSchedulableException: Actors remain that cannot be scheduled!

There are several possible reasons:
* SDF Graphs with feedback loops should have an actor with a delay in the loop, such as a SampleDelay.
* The SDF director has an "allowDisconnectedGraphs"parameter, which, when true, permits disconnected SDF graphs.
* The token consumption rate and production rates might be mismatched.
Usually, actors produce one token or consume one token on a port.  To produce or consume multiple tokens per firing, add a "tokenConsumptionRate" or "tokenProductionRate" parameter to the appropriate port.
Unscheduled actors:
.partiallyConnected.Const2 
Scheduled actors:
.partiallyConnected.Const 
  in .partiallyConnected.SDF Director.Scheduler
	at ptolemy.domains.sdf.kernel.SDFScheduler._scheduleConnectedActors(SDFScheduler.java:1828)
	at ptolemy.domains.sdf.kernel.SDFScheduler._getSchedule(SDFScheduler.java:587)
	at ptolemy.actor.sched.Scheduler.getSchedule(Scheduler.java:189)
	at ptolemy.domains.sdf.kernel.SDFDirector.createSchedule(SDFDirector.java:408)
	at ptolemy.domains.sdf.kernel.SDFDirector.preinitialize(SDFDirector.java:764)
	at ptolemy.actor.CompositeActor.preinitialize(CompositeActor.java:1828)
	at ptolemy.actor.Manager.preinitializeAndResolveTypes(Manager.java:1040)
	at ptolemy.actor.Manager.initialize(Manager.java:710)
	at ptolemy.actor.Manager.execute(Manager.java:356)
	at ptolemy.actor.Manager.run(Manager.java:1263)
	at ptolemy.actor.Manager$PtolemyRunThread.run(Manager.java:1915)
]]></system-err>
</testsuite>
