<?xml version="1.0" encoding="UTF-8" ?>
<testsuite errors="0" failures="0" hostname="travis-job-c13496a2-60ee-435c-a994-f2c6dd761ca7" name="ptolemy.actor.lib.hoc.test.junit.JUnitTclTest" skipped="0" tests="58" time="23.966" timestamp="2018-12-05T02:52:51">
  <properties>
[...]
</properties>
  <testcase classname="ptolemy.util.test.junit.TclTests" name="[0] /home/travis/build/icyphy/ptII/ptolemy/actor/lib/hoc/test/IterateOverArray.tcl (RunTclFile)" time="0.246" />
  <testcase classname="ptolemy.util.test.junit.AutoKnownFailedTests" name="[0] /home/travis/build/icyphy/ptII/ptolemy/actor/lib/hoc/test/auto/knownFailedTests/PreinitializeMustBeInvokedRunComposite.xml (RunModel)" time="0.206" />
  <testcase classname="ptolemy.util.test.junit.AutoNameArchTests" name="[0] ThereAreNoAutoArchTests (RunModel)" time="0.002" />
  <testcase classname="ptolemy.util.test.junit.AutoTests" name="[0] /home/travis/build/icyphy/ptII/ptolemy/actor/lib/hoc/test/auto/AllToAllMultiInstanceComposite.xml (RunModel)" time="0.295" />
  <testcase classname="ptolemy.util.test.junit.AutoTests" name="[1] /home/travis/build/icyphy/ptII/ptolemy/actor/lib/hoc/test/auto/ApplyFFTTest.xml (RunModel)" time="0.309" />
  <testcase classname="ptolemy.util.test.junit.AutoTests" name="[2] /home/travis/build/icyphy/ptII/ptolemy/actor/lib/hoc/test/auto/ApplyFunction.xml (RunModel)" time="0.067" />
  <testcase classname="ptolemy.util.test.junit.AutoTests" name="[3] /home/travis/build/icyphy/ptII/ptolemy/actor/lib/hoc/test/auto/BackgroundExecution.xml (RunModel)" time="0.736" />
  <testcase classname="ptolemy.util.test.junit.AutoTests" name="[4] /home/travis/build/icyphy/ptII/ptolemy/actor/lib/hoc/test/auto/Case.xml (RunModel)" time="0.046" />
  <testcase classname="ptolemy.util.test.junit.AutoTests" name="[5] /home/travis/build/icyphy/ptII/ptolemy/actor/lib/hoc/test/auto/Case1.xml (RunModel)" time="0.03" />
  <testcase classname="ptolemy.util.test.junit.AutoTests" name="[6] /home/travis/build/icyphy/ptII/ptolemy/actor/lib/hoc/test/auto/Case2.xml (RunModel)" time="0.053" />
  <testcase classname="ptolemy.util.test.junit.AutoTests" name="[7] /home/travis/build/icyphy/ptII/ptolemy/actor/lib/hoc/test/auto/Case3.xml (RunModel)" time="0.026" />
  <testcase classname="ptolemy.util.test.junit.AutoTests" name="[8] /home/travis/build/icyphy/ptII/ptolemy/actor/lib/hoc/test/auto/Case4.xml (RunModel)" time="0.034" />
  <testcase classname="ptolemy.util.test.junit.AutoTests" name="[9] /home/travis/build/icyphy/ptII/ptolemy/actor/lib/hoc/test/auto/Case5.xml (RunModel)" time="0.041" />
  <testcase classname="ptolemy.util.test.junit.AutoTests" name="[10] /home/travis/build/icyphy/ptII/ptolemy/actor/lib/hoc/test/auto/Case6.xml (RunModel)" time="0.118" />
  <testcase classname="ptolemy.util.test.junit.AutoTests" name="[11] /home/travis/build/icyphy/ptII/ptolemy/actor/lib/hoc/test/auto/CaseString2.xml (RunModel)" time="0.075" />
  <testcase classname="ptolemy.util.test.junit.AutoTests" name="[12] /home/travis/build/icyphy/ptII/ptolemy/actor/lib/hoc/test/auto/CatchUpComposite1.xml (RunModel)" time="0.083" />
  <testcase classname="ptolemy.util.test.junit.AutoTests" name="[13] /home/travis/build/icyphy/ptII/ptolemy/actor/lib/hoc/test/auto/CatchUpComposite2.xml (RunModel)" time="0.061" />
  <testcase classname="ptolemy.util.test.junit.AutoTests" name="[14] /home/travis/build/icyphy/ptII/ptolemy/actor/lib/hoc/test/auto/CatchUpComposite3.xml (RunModel)" time="0.045" />
  <testcase classname="ptolemy.util.test.junit.AutoTests" name="[15] /home/travis/build/icyphy/ptII/ptolemy/actor/lib/hoc/test/auto/CatchUpComposite4.xml (RunModel)" time="0.053" />
  <testcase classname="ptolemy.util.test.junit.AutoTests" name="[16] /home/travis/build/icyphy/ptII/ptolemy/actor/lib/hoc/test/auto/CatchUpComposite5.xml (RunModel)" time="0.043" />
  <testcase classname="ptolemy.util.test.junit.AutoTests" name="[17] /home/travis/build/icyphy/ptII/ptolemy/actor/lib/hoc/test/auto/CatchUpComposite6.xml (RunModel)" time="0.158" />
  <testcase classname="ptolemy.util.test.junit.AutoTests" name="[18] /home/travis/build/icyphy/ptII/ptolemy/actor/lib/hoc/test/auto/CatchUpComposite7.xml (RunModel)" time="0.096" />
  <testcase classname="ptolemy.util.test.junit.AutoTests" name="[19] /home/travis/build/icyphy/ptII/ptolemy/actor/lib/hoc/test/auto/ConcurrentExecutionTimeSDF.xml (RunModel)" time="1.407" />
  <testcase classname="ptolemy.util.test.junit.AutoTests" name="[20] /home/travis/build/icyphy/ptII/ptolemy/actor/lib/hoc/test/auto/ConcurrentSleep.xml (RunModel)" time="0.776" />
  <testcase classname="ptolemy.util.test.junit.AutoTests" name="[21] /home/travis/build/icyphy/ptII/ptolemy/actor/lib/hoc/test/auto/DEInPNInRunCompositeActor.xml (RunModel)" time="0.048" />
  <testcase classname="ptolemy.util.test.junit.AutoTests" name="[22] /home/travis/build/icyphy/ptII/ptolemy/actor/lib/hoc/test/auto/DFTSubSetTest.xml (RunModel)" time="0.276" />
  <testcase classname="ptolemy.util.test.junit.AutoTests" name="[23] /home/travis/build/icyphy/ptII/ptolemy/actor/lib/hoc/test/auto/HocDE.xml (RunModel)" time="0.135" />
  <testcase classname="ptolemy.util.test.junit.AutoTests" name="[24] /home/travis/build/icyphy/ptII/ptolemy/actor/lib/hoc/test/auto/IterateOverArray.xml (RunModel)" time="0.038" />
  <testcase classname="ptolemy.util.test.junit.AutoTests" name="[25] /home/travis/build/icyphy/ptII/ptolemy/actor/lib/hoc/test/auto/IterateOverArray10.xml (RunModel)" time="0.018" />
  <testcase classname="ptolemy.util.test.junit.AutoTests" name="[26] /home/travis/build/icyphy/ptII/ptolemy/actor/lib/hoc/test/auto/IterateOverArray11.xml (RunModel)" time="0.028" />
  <testcase classname="ptolemy.util.test.junit.AutoTests" name="[27] /home/travis/build/icyphy/ptII/ptolemy/actor/lib/hoc/test/auto/IterateOverArray12.xml (RunModel)" time="0.053" />
  <testcase classname="ptolemy.util.test.junit.AutoTests" name="[28] /home/travis/build/icyphy/ptII/ptolemy/actor/lib/hoc/test/auto/IterateOverArray13.xml (RunModel)" time="0.187" />
  <testcase classname="ptolemy.util.test.junit.AutoTests" name="[29] /home/travis/build/icyphy/ptII/ptolemy/actor/lib/hoc/test/auto/IterateOverArray14.xml (RunModel)" time="0.138" />
  <testcase classname="ptolemy.util.test.junit.AutoTests" name="[30] /home/travis/build/icyphy/ptII/ptolemy/actor/lib/hoc/test/auto/IterateOverArray2.xml (RunModel)" time="0.029" />
  <testcase classname="ptolemy.util.test.junit.AutoTests" name="[31] /home/travis/build/icyphy/ptII/ptolemy/actor/lib/hoc/test/auto/IterateOverArray3.xml (RunModel)" time="0.043" />
  <testcase classname="ptolemy.util.test.junit.AutoTests" name="[32] /home/travis/build/icyphy/ptII/ptolemy/actor/lib/hoc/test/auto/IterateOverArray4.xml (RunModel)" time="0.023" />
  <testcase classname="ptolemy.util.test.junit.AutoTests" name="[33] /home/travis/build/icyphy/ptII/ptolemy/actor/lib/hoc/test/auto/IterateOverArray5.xml (RunModel)" time="0.021" />
  <testcase classname="ptolemy.util.test.junit.AutoTests" name="[34] /home/travis/build/icyphy/ptII/ptolemy/actor/lib/hoc/test/auto/IterateOverArray6.xml (RunModel)" time="0.023" />
  <testcase classname="ptolemy.util.test.junit.AutoTests" name="[35] /home/travis/build/icyphy/ptII/ptolemy/actor/lib/hoc/test/auto/IterateOverArray7.xml (RunModel)" time="0.025" />
  <testcase classname="ptolemy.util.test.junit.AutoTests" name="[36] /home/travis/build/icyphy/ptII/ptolemy/actor/lib/hoc/test/auto/IterateOverArray8.xml (RunModel)" time="0.019" />
  <testcase classname="ptolemy.util.test.junit.AutoTests" name="[37] /home/travis/build/icyphy/ptII/ptolemy/actor/lib/hoc/test/auto/IterateOverArray9.xml (RunModel)" time="0.027" />
  <testcase classname="ptolemy.util.test.junit.AutoTests" name="[38] /home/travis/build/icyphy/ptII/ptolemy/actor/lib/hoc/test/auto/IterateOverArrayCoercedOutputType.xml (RunModel)" time="0.039" />
  <testcase classname="ptolemy.util.test.junit.AutoTests" name="[39] /home/travis/build/icyphy/ptII/ptolemy/actor/lib/hoc/test/auto/IterateOverArrayInferredOutputType.xml (RunModel)" time="0.036" />
  <testcase classname="ptolemy.util.test.junit.AutoTests" name="[40] /home/travis/build/icyphy/ptII/ptolemy/actor/lib/hoc/test/auto/MobileFunctionTest.xml (RunModel)" time="0.023" />
  <testcase classname="ptolemy.util.test.junit.AutoTests" name="[41] /home/travis/build/icyphy/ptII/ptolemy/actor/lib/hoc/test/auto/MobileModelTest.xml (RunModel)" time="0.112" />
  <testcase classname="ptolemy.util.test.junit.AutoTests" name="[42] /home/travis/build/icyphy/ptII/ptolemy/actor/lib/hoc/test/auto/ModelReference.xml (RunModel)" time="0.088" />
  <testcase classname="ptolemy.util.test.junit.AutoTests" name="[43] /home/travis/build/icyphy/ptII/ptolemy/actor/lib/hoc/test/auto/ModelReference3.xml (RunModel)" time="0.069" />
  <testcase classname="ptolemy.util.test.junit.AutoTests" name="[44] /home/travis/build/icyphy/ptII/ptolemy/actor/lib/hoc/test/auto/ModelReference4.xml (RunModel)" time="10.032" />
  <testcase classname="ptolemy.util.test.junit.AutoTests" name="[45] /home/travis/build/icyphy/ptII/ptolemy/actor/lib/hoc/test/auto/MultiInstanceComposite.xml (RunModel)" time="0.059" />
  <testcase classname="ptolemy.util.test.junit.AutoTests" name="[46] /home/travis/build/icyphy/ptII/ptolemy/actor/lib/hoc/test/auto/MultiInstanceComposite2.xml (RunModel)" time="0.04" />
  <testcase classname="ptolemy.util.test.junit.AutoTests" name="[47] /home/travis/build/icyphy/ptII/ptolemy/actor/lib/hoc/test/auto/MulticoreExecution.xml (RunModel)" time="1.148" />
  <testcase classname="ptolemy.util.test.junit.AutoTests" name="[48] /home/travis/build/icyphy/ptII/ptolemy/actor/lib/hoc/test/auto/ParallelExecution.xml (RunModel)" time="0.96" />
  <testcase classname="ptolemy.util.test.junit.AutoTests" name="[49] /home/travis/build/icyphy/ptII/ptolemy/actor/lib/hoc/test/auto/RunCompositeActor.xml (RunModel)" time="0.035" />
  <testcase classname="ptolemy.util.test.junit.AutoTests" name="[50] /home/travis/build/icyphy/ptII/ptolemy/actor/lib/hoc/test/auto/RunCompositeActor2.xml (RunModel)" time="0.026" />
  <testcase classname="ptolemy.util.test.junit.AutoTests" name="[51] /home/travis/build/icyphy/ptII/ptolemy/actor/lib/hoc/test/auto/RunCompositeActor3.xml (RunModel)" time="0.031" />
  <testcase classname="ptolemy.util.test.junit.AutoTests" name="[52] /home/travis/build/icyphy/ptII/ptolemy/actor/lib/hoc/test/auto/RunCompositeActor4.xml (RunModel)" time="0.034" />
  <testcase classname="ptolemy.util.test.junit.AutoTests" name="[53] /home/travis/build/icyphy/ptII/ptolemy/actor/lib/hoc/test/auto/RunCompositeIterateOverArray.xml (RunModel)" time="0.035" />
  <testcase classname="ptolemy.util.test.junit.AutoTests" name="[54] /home/travis/build/icyphy/ptII/ptolemy/actor/lib/hoc/test/auto/ThreadedJS.xml (RunModel)" time="4.591" />
  <system-out><![CDATA[/home/travis/build/icyphy/ptII/ptolemy/actor/lib/hoc/test/IterateOverArray.tcl
testDefs.tcl: setting time out to 9000 seconds at Wed Dec 05 02:52:51 UTC 2018
12/05/18 02:52:51
Failed: 0  Total Tests: 2  ((Passed: 2, Newly Passed: 0)  Known Failed: 0) /home/travis/build/icyphy/ptII/ptolemy/actor/lib/hoc/test
----------------- testing (KnownFailure) /home/travis/build/icyphy/ptII/ptolemy/actor/lib/hoc/test/auto/knownFailedTests/PreinitializeMustBeInvokedRunComposite.xml
31 ms. Memory: 116224K Free: 103543K (89%)
Known Failure: java.lang.reflect.InvocationTargetException
No auto/linux-amd64/*.xml tests in /home/travis/build/icyphy/ptII/ptolemy/actor/lib/hoc/test
AutoTests.java: About to close Vertx.
AutoTests.java: Vertx closed.

===========================================================================================
----------------- testing Wed Dec 05 02:52:52 UTC 2018 /home/travis/build/icyphy/ptII/ptolemy/actor/lib/hoc/test/auto/AllToAllMultiInstanceComposite.xml
----------------- Instantiating /home/travis/build/icyphy/ptII/ptolemy/actor/lib/hoc/test/auto/AllToAllMultiInstanceComposite.xml
112 ms. Memory: 146944K Free: 108141K (74%)
----------------- Invoking toplevel() on ptolemy.moml.MoMLSimpleApplication@52de9c9d
----------------- Done invoking toplevel() on ptolemy.moml.MoMLSimpleApplication@52de9c9d
reloadAllAccessors: .AllToAllMultiInstanceComposite

===========================================================================================
----------------- testing Wed Dec 05 02:52:52 UTC 2018 /home/travis/build/icyphy/ptII/ptolemy/actor/lib/hoc/test/auto/ApplyFFTTest.xml
----------------- Instantiating /home/travis/build/icyphy/ptII/ptolemy/actor/lib/hoc/test/auto/ApplyFFTTest.xml
133 ms. Memory: 146944K Free: 88295K (60%)
----------------- Invoking toplevel() on ptolemy.moml.MoMLSimpleApplication@621dbbcf
----------------- Done invoking toplevel() on ptolemy.moml.MoMLSimpleApplication@621dbbcf
reloadAllAccessors: .ApplyFFTTest

===========================================================================================
----------------- testing Wed Dec 05 02:52:53 UTC 2018 /home/travis/build/icyphy/ptII/ptolemy/actor/lib/hoc/test/auto/ApplyFunction.xml
----------------- Instantiating /home/travis/build/icyphy/ptII/ptolemy/actor/lib/hoc/test/auto/ApplyFunction.xml
13 ms. Memory: 146944K Free: 84584K (58%)
----------------- Invoking toplevel() on ptolemy.moml.MoMLSimpleApplication@48ebc4ad
----------------- Done invoking toplevel() on ptolemy.moml.MoMLSimpleApplication@48ebc4ad
reloadAllAccessors: .ApplyFunction

===========================================================================================
----------------- testing Wed Dec 05 02:52:53 UTC 2018 /home/travis/build/icyphy/ptII/ptolemy/actor/lib/hoc/test/auto/BackgroundExecution.xml
----------------- Instantiating /home/travis/build/icyphy/ptII/ptolemy/actor/lib/hoc/test/auto/BackgroundExecution.xml
639 ms. Memory: 146944K Free: 137202K (93%)
----------------- Invoking toplevel() on ptolemy.moml.MoMLSimpleApplication@ba13414
----------------- Done invoking toplevel() on ptolemy.moml.MoMLSimpleApplication@ba13414
reloadAllAccessors: .BackgroundExecution

===========================================================================================
----------------- testing Wed Dec 05 02:52:53 UTC 2018 /home/travis/build/icyphy/ptII/ptolemy/actor/lib/hoc/test/auto/Case.xml
----------------- Instantiating /home/travis/build/icyphy/ptII/ptolemy/actor/lib/hoc/test/auto/Case.xml
14 ms. Memory: 146944K Free: 128796K (88%)
----------------- Invoking toplevel() on ptolemy.moml.MoMLSimpleApplication@7dc48fa1
----------------- Done invoking toplevel() on ptolemy.moml.MoMLSimpleApplication@7dc48fa1
reloadAllAccessors: .Case

===========================================================================================
----------------- testing Wed Dec 05 02:52:53 UTC 2018 /home/travis/build/icyphy/ptII/ptolemy/actor/lib/hoc/test/auto/Case1.xml
----------------- Instantiating /home/travis/build/icyphy/ptII/ptolemy/actor/lib/hoc/test/auto/Case1.xml
8 ms. Memory: 146944K Free: 122049K (83%)
----------------- Invoking toplevel() on ptolemy.moml.MoMLSimpleApplication@41dd4246
----------------- Done invoking toplevel() on ptolemy.moml.MoMLSimpleApplication@41dd4246
reloadAllAccessors: .Case1

===========================================================================================
----------------- testing Wed Dec 05 02:52:53 UTC 2018 /home/travis/build/icyphy/ptII/ptolemy/actor/lib/hoc/test/auto/Case2.xml
----------------- Instantiating /home/travis/build/icyphy/ptII/ptolemy/actor/lib/hoc/test/auto/Case2.xml
24 ms. Memory: 146944K Free: 110367K (75%)
----------------- Invoking toplevel() on ptolemy.moml.MoMLSimpleApplication@6b84d065
----------------- Done invoking toplevel() on ptolemy.moml.MoMLSimpleApplication@6b84d065
reloadAllAccessors: .Case2

===========================================================================================
----------------- testing Wed Dec 05 02:52:54 UTC 2018 /home/travis/build/icyphy/ptII/ptolemy/actor/lib/hoc/test/auto/Case3.xml
----------------- Instantiating /home/travis/build/icyphy/ptII/ptolemy/actor/lib/hoc/test/auto/Case3.xml
7 ms. Memory: 146944K Free: 103612K (71%)
----------------- Invoking toplevel() on ptolemy.moml.MoMLSimpleApplication@3b869440
----------------- Done invoking toplevel() on ptolemy.moml.MoMLSimpleApplication@3b869440
reloadAllAccessors: .Case3

===========================================================================================
----------------- testing Wed Dec 05 02:52:54 UTC 2018 /home/travis/build/icyphy/ptII/ptolemy/actor/lib/hoc/test/auto/Case4.xml
----------------- Instantiating /home/travis/build/icyphy/ptII/ptolemy/actor/lib/hoc/test/auto/Case4.xml
13 ms. Memory: 146944K Free: 94452K (64%)
----------------- Invoking toplevel() on ptolemy.moml.MoMLSimpleApplication@236b67c8
----------------- Done invoking toplevel() on ptolemy.moml.MoMLSimpleApplication@236b67c8
reloadAllAccessors: .Case4

===========================================================================================
----------------- testing Wed Dec 05 02:52:54 UTC 2018 /home/travis/build/icyphy/ptII/ptolemy/actor/lib/hoc/test/auto/Case5.xml
----------------- Instantiating /home/travis/build/icyphy/ptII/ptolemy/actor/lib/hoc/test/auto/Case5.xml
24 ms. Memory: 146944K Free: 87713K (60%)
----------------- Invoking toplevel() on ptolemy.moml.MoMLSimpleApplication@12bef991
----------------- Done invoking toplevel() on ptolemy.moml.MoMLSimpleApplication@12bef991
reloadAllAccessors: .junk

===========================================================================================
----------------- testing Wed Dec 05 02:52:54 UTC 2018 /home/travis/build/icyphy/ptII/ptolemy/actor/lib/hoc/test/auto/Case6.xml
----------------- Instantiating /home/travis/build/icyphy/ptII/ptolemy/actor/lib/hoc/test/auto/Case6.xml
47 ms. Memory: 208384K Free: 197112K (95%)
----------------- Invoking toplevel() on ptolemy.moml.MoMLSimpleApplication@2d0564d6
----------------- Done invoking toplevel() on ptolemy.moml.MoMLSimpleApplication@2d0564d6
reloadAllAccessors: .Case6

===========================================================================================
----------------- testing Wed Dec 05 02:52:54 UTC 2018 /home/travis/build/icyphy/ptII/ptolemy/actor/lib/hoc/test/auto/CaseString2.xml
----------------- Instantiating /home/travis/build/icyphy/ptII/ptolemy/actor/lib/hoc/test/auto/CaseString2.xml
20 ms. Memory: 208384K Free: 187581K (90%)
----------------- Invoking toplevel() on ptolemy.moml.MoMLSimpleApplication@724f8122
----------------- Done invoking toplevel() on ptolemy.moml.MoMLSimpleApplication@724f8122
reloadAllAccessors: .CaseString2

===========================================================================================
----------------- testing Wed Dec 05 02:52:54 UTC 2018 /home/travis/build/icyphy/ptII/ptolemy/actor/lib/hoc/test/auto/CatchUpComposite1.xml
----------------- Instantiating /home/travis/build/icyphy/ptII/ptolemy/actor/lib/hoc/test/auto/CatchUpComposite1.xml
20 ms. Memory: 208384K Free: 177733K (85%)
----------------- Invoking toplevel() on ptolemy.moml.MoMLSimpleApplication@113e275
----------------- Done invoking toplevel() on ptolemy.moml.MoMLSimpleApplication@113e275
reloadAllAccessors: .CatchUpComposite1

===========================================================================================
----------------- testing Wed Dec 05 02:52:54 UTC 2018 /home/travis/build/icyphy/ptII/ptolemy/actor/lib/hoc/test/auto/CatchUpComposite2.xml
----------------- Instantiating /home/travis/build/icyphy/ptII/ptolemy/actor/lib/hoc/test/auto/CatchUpComposite2.xml
14 ms. Memory: 208384K Free: 167854K (81%)
----------------- Invoking toplevel() on ptolemy.moml.MoMLSimpleApplication@4233af42
----------------- Done invoking toplevel() on ptolemy.moml.MoMLSimpleApplication@4233af42
reloadAllAccessors: .CatchUpComposite2

===========================================================================================
----------------- testing Wed Dec 05 02:52:54 UTC 2018 /home/travis/build/icyphy/ptII/ptolemy/actor/lib/hoc/test/auto/CatchUpComposite3.xml
----------------- Instantiating /home/travis/build/icyphy/ptII/ptolemy/actor/lib/hoc/test/auto/CatchUpComposite3.xml
10 ms. Memory: 208384K Free: 157661K (76%)
----------------- Invoking toplevel() on ptolemy.moml.MoMLSimpleApplication@45578ffe
----------------- Done invoking toplevel() on ptolemy.moml.MoMLSimpleApplication@45578ffe
reloadAllAccessors: .CatchUpComposite3

===========================================================================================
----------------- testing Wed Dec 05 02:52:54 UTC 2018 /home/travis/build/icyphy/ptII/ptolemy/actor/lib/hoc/test/auto/CatchUpComposite4.xml
----------------- Instantiating /home/travis/build/icyphy/ptII/ptolemy/actor/lib/hoc/test/auto/CatchUpComposite4.xml
17 ms. Memory: 208384K Free: 148444K (71%)
----------------- Invoking toplevel() on ptolemy.moml.MoMLSimpleApplication@218570d8
----------------- Done invoking toplevel() on ptolemy.moml.MoMLSimpleApplication@218570d8
reloadAllAccessors: .CatchUpComposite4

===========================================================================================
----------------- testing Wed Dec 05 02:52:54 UTC 2018 /home/travis/build/icyphy/ptII/ptolemy/actor/lib/hoc/test/auto/CatchUpComposite5.xml
----------------- Instantiating /home/travis/build/icyphy/ptII/ptolemy/actor/lib/hoc/test/auto/CatchUpComposite5.xml
14 ms. Memory: 208384K Free: 139810K (67%)
----------------- Invoking toplevel() on ptolemy.moml.MoMLSimpleApplication@2a66f916
----------------- Done invoking toplevel() on ptolemy.moml.MoMLSimpleApplication@2a66f916
reloadAllAccessors: .CatchUpComposite5

===========================================================================================
----------------- testing Wed Dec 05 02:52:54 UTC 2018 /home/travis/build/icyphy/ptII/ptolemy/actor/lib/hoc/test/auto/CatchUpComposite6.xml
----------------- Instantiating /home/travis/build/icyphy/ptII/ptolemy/actor/lib/hoc/test/auto/CatchUpComposite6.xml
WARNING: The execution aspects in this model can influence the timing of actors by delaying the 
execution, potentially changing the behavior. There is no guarantee that actors fire at the 
time they request to be fired. 
Use Ptides for deterministic DE behavior that is not influenced by execution aspects. 

90 ms. Memory: 208384K Free: 120886K (58%)
----------------- Invoking toplevel() on ptolemy.moml.MoMLSimpleApplication@685cc730
----------------- Done invoking toplevel() on ptolemy.moml.MoMLSimpleApplication@685cc730
reloadAllAccessors: .CatchUpComposite6

===========================================================================================
----------------- testing Wed Dec 05 02:52:54 UTC 2018 /home/travis/build/icyphy/ptII/ptolemy/actor/lib/hoc/test/auto/CatchUpComposite7.xml
----------------- Instantiating /home/travis/build/icyphy/ptII/ptolemy/actor/lib/hoc/test/auto/CatchUpComposite7.xml
WARNING: The execution aspects in this model can influence the timing of actors by delaying the 
execution, potentially changing the behavior. There is no guarantee that actors fire at the 
time they request to be fired. 
Use Ptides for deterministic DE behavior that is not influenced by execution aspects. 

46 ms. Memory: 208384K Free: 104136K (50%)
----------------- Invoking toplevel() on ptolemy.moml.MoMLSimpleApplication@3823eda6
----------------- Done invoking toplevel() on ptolemy.moml.MoMLSimpleApplication@3823eda6
reloadAllAccessors: .CatchUpComposite7

===========================================================================================
----------------- testing Wed Dec 05 02:52:54 UTC 2018 /home/travis/build/icyphy/ptII/ptolemy/actor/lib/hoc/test/auto/ConcurrentExecutionTimeSDF.xml
----------------- Instantiating /home/travis/build/icyphy/ptII/ptolemy/actor/lib/hoc/test/auto/ConcurrentExecutionTimeSDF.xml
Fired ExecutionTime: 40400000
Fired ExecutionTime: 40400000
Fired ExecutionTime: 40400000
Fired ExecutionTime: 40400000
Fired ExecutionTime: 40400000
Fired ExecutionTime: 40400000
Fired ExecutionTime: 40400000
Fired ExecutionTime: 40400000
Fired ExecutionTime: 40400000
Fired ExecutionTime: 40400000
Fired ExecutionTime: 40400000
Fired ExecutionTime: 40400000
Fired ExecutionTime: 40400000
Fired ExecutionTime: 40400000
Fired ExecutionTime: 40400000
Fired ExecutionTime: 40400000
Fired ExecutionTime: 40400000
Fired ExecutionTime: 40400000
Fired ExecutionTime: 40400000
Fired ExecutionTime: 40400000
1382 ms. Memory: 208384K Free: 95486K (46%)
----------------- Invoking toplevel() on ptolemy.moml.MoMLSimpleApplication@df0761e
----------------- Done invoking toplevel() on ptolemy.moml.MoMLSimpleApplication@df0761e
reloadAllAccessors: .ConcurrentExecutionTimeSDF

===========================================================================================
----------------- testing Wed Dec 05 02:52:56 UTC 2018 /home/travis/build/icyphy/ptII/ptolemy/actor/lib/hoc/test/auto/ConcurrentSleep.xml
----------------- Instantiating /home/travis/build/icyphy/ptII/ptolemy/actor/lib/hoc/test/auto/ConcurrentSleep.xml
739 ms. Memory: 208384K Free: 80945K (39%)
----------------- Invoking toplevel() on ptolemy.moml.MoMLSimpleApplication@700d2920
----------------- Done invoking toplevel() on ptolemy.moml.MoMLSimpleApplication@700d2920
reloadAllAccessors: .ConcurrentSleep

===========================================================================================
----------------- testing Wed Dec 05 02:52:57 UTC 2018 /home/travis/build/icyphy/ptII/ptolemy/actor/lib/hoc/test/auto/DEInPNInRunCompositeActor.xml
----------------- Instantiating /home/travis/build/icyphy/ptII/ptolemy/actor/lib/hoc/test/auto/DEInPNInRunCompositeActor.xml
8 ms. Memory: 208384K Free: 196238K (94%)
----------------- Invoking toplevel() on ptolemy.moml.MoMLSimpleApplication@132fde96
----------------- Done invoking toplevel() on ptolemy.moml.MoMLSimpleApplication@132fde96
reloadAllAccessors: .DEInPNInRunCompositeActor

===========================================================================================
----------------- testing Wed Dec 05 02:52:57 UTC 2018 /home/travis/build/icyphy/ptII/ptolemy/actor/lib/hoc/test/auto/DFTSubSetTest.xml
----------------- Instantiating /home/travis/build/icyphy/ptII/ptolemy/actor/lib/hoc/test/auto/DFTSubSetTest.xml
181 ms. Memory: 208384K Free: 148031K (71%)
----------------- Invoking toplevel() on ptolemy.moml.MoMLSimpleApplication@560cbbf1
----------------- Done invoking toplevel() on ptolemy.moml.MoMLSimpleApplication@560cbbf1
reloadAllAccessors: .DFTSubSetTest

===========================================================================================
----------------- testing Wed Dec 05 02:52:57 UTC 2018 /home/travis/build/icyphy/ptII/ptolemy/actor/lib/hoc/test/auto/HocDE.xml
----------------- Instantiating /home/travis/build/icyphy/ptII/ptolemy/actor/lib/hoc/test/auto/HocDE.xml
91 ms. Memory: 208384K Free: 120997K (58%)
----------------- Invoking toplevel() on ptolemy.moml.MoMLSimpleApplication@76596440
----------------- Done invoking toplevel() on ptolemy.moml.MoMLSimpleApplication@76596440
reloadAllAccessors: .HocDE

===========================================================================================
----------------- testing Wed Dec 05 02:52:57 UTC 2018 /home/travis/build/icyphy/ptII/ptolemy/actor/lib/hoc/test/auto/IterateOverArray.xml
----------------- Instantiating /home/travis/build/icyphy/ptII/ptolemy/actor/lib/hoc/test/auto/IterateOverArray.xml
6 ms. Memory: 208384K Free: 114635K (55%)
----------------- Invoking toplevel() on ptolemy.moml.MoMLSimpleApplication@285bcb78
----------------- Done invoking toplevel() on ptolemy.moml.MoMLSimpleApplication@285bcb78
reloadAllAccessors: .IterateOverArray

===========================================================================================
----------------- testing Wed Dec 05 02:52:57 UTC 2018 /home/travis/build/icyphy/ptII/ptolemy/actor/lib/hoc/test/auto/IterateOverArray10.xml
----------------- Instantiating /home/travis/build/icyphy/ptII/ptolemy/actor/lib/hoc/test/auto/IterateOverArray10.xml
6 ms. Memory: 208384K Free: 110491K (53%)
----------------- Invoking toplevel() on ptolemy.moml.MoMLSimpleApplication@927b3de
----------------- Done invoking toplevel() on ptolemy.moml.MoMLSimpleApplication@927b3de
reloadAllAccessors: .IterateOverArray10

===========================================================================================
----------------- testing Wed Dec 05 02:52:57 UTC 2018 /home/travis/build/icyphy/ptII/ptolemy/actor/lib/hoc/test/auto/IterateOverArray11.xml
----------------- Instantiating /home/travis/build/icyphy/ptII/ptolemy/actor/lib/hoc/test/auto/IterateOverArray11.xml
6 ms. Memory: 208384K Free: 104900K (50%)
----------------- Invoking toplevel() on ptolemy.moml.MoMLSimpleApplication@7d74521c
----------------- Done invoking toplevel() on ptolemy.moml.MoMLSimpleApplication@7d74521c
reloadAllAccessors: .IterateOverArray11

===========================================================================================
----------------- testing Wed Dec 05 02:52:57 UTC 2018 /home/travis/build/icyphy/ptII/ptolemy/actor/lib/hoc/test/auto/IterateOverArray12.xml
----------------- Instantiating /home/travis/build/icyphy/ptII/ptolemy/actor/lib/hoc/test/auto/IterateOverArray12.xml
21 ms. Memory: 208384K Free: 97527K (47%)
----------------- Invoking toplevel() on ptolemy.moml.MoMLSimpleApplication@3fff0726
----------------- Done invoking toplevel() on ptolemy.moml.MoMLSimpleApplication@3fff0726
reloadAllAccessors: .IterateOverArray12

===========================================================================================
----------------- testing Wed Dec 05 02:52:57 UTC 2018 /home/travis/build/icyphy/ptII/ptolemy/actor/lib/hoc/test/auto/IterateOverArray13.xml
----------------- Instantiating /home/travis/build/icyphy/ptII/ptolemy/actor/lib/hoc/test/auto/IterateOverArray13.xml
71 ms. Memory: 331776K Free: 312377K (94%)
----------------- Invoking toplevel() on ptolemy.moml.MoMLSimpleApplication@2df774e3
----------------- Done invoking toplevel() on ptolemy.moml.MoMLSimpleApplication@2df774e3
reloadAllAccessors: .IterateOverArray13

===========================================================================================
----------------- testing Wed Dec 05 02:52:57 UTC 2018 /home/travis/build/icyphy/ptII/ptolemy/actor/lib/hoc/test/auto/IterateOverArray14.xml
----------------- Instantiating /home/travis/build/icyphy/ptII/ptolemy/actor/lib/hoc/test/auto/IterateOverArray14.xml
58 ms. Memory: 331776K Free: 275560K (83%)
----------------- Invoking toplevel() on ptolemy.moml.MoMLSimpleApplication@b9354fd
----------------- Done invoking toplevel() on ptolemy.moml.MoMLSimpleApplication@b9354fd
reloadAllAccessors: .IterateOverArray14

===========================================================================================
----------------- testing Wed Dec 05 02:52:58 UTC 2018 /home/travis/build/icyphy/ptII/ptolemy/actor/lib/hoc/test/auto/IterateOverArray2.xml
----------------- Instantiating /home/travis/build/icyphy/ptII/ptolemy/actor/lib/hoc/test/auto/IterateOverArray2.xml
9 ms. Memory: 331776K Free: 269020K (81%)
----------------- Invoking toplevel() on ptolemy.moml.MoMLSimpleApplication@42ebf1ef
----------------- Done invoking toplevel() on ptolemy.moml.MoMLSimpleApplication@42ebf1ef
reloadAllAccessors: .IterateOverArray2

===========================================================================================
----------------- testing Wed Dec 05 02:52:58 UTC 2018 /home/travis/build/icyphy/ptII/ptolemy/actor/lib/hoc/test/auto/IterateOverArray3.xml
----------------- Instantiating /home/travis/build/icyphy/ptII/ptolemy/actor/lib/hoc/test/auto/IterateOverArray3.xml
17 ms. Memory: 331776K Free: 259997K (78%)
----------------- Invoking toplevel() on ptolemy.moml.MoMLSimpleApplication@26db6c99
----------------- Done invoking toplevel() on ptolemy.moml.MoMLSimpleApplication@26db6c99
reloadAllAccessors: .IterateOverArray3

===========================================================================================
----------------- testing Wed Dec 05 02:52:58 UTC 2018 /home/travis/build/icyphy/ptII/ptolemy/actor/lib/hoc/test/auto/IterateOverArray4.xml
----------------- Instantiating /home/travis/build/icyphy/ptII/ptolemy/actor/lib/hoc/test/auto/IterateOverArray4.xml
4 ms. Memory: 331776K Free: 255092K (77%)
----------------- Invoking toplevel() on ptolemy.moml.MoMLSimpleApplication@49b6f817
----------------- Done invoking toplevel() on ptolemy.moml.MoMLSimpleApplication@49b6f817
reloadAllAccessors: .IterateOverArray4

===========================================================================================
----------------- testing Wed Dec 05 02:52:58 UTC 2018 /home/travis/build/icyphy/ptII/ptolemy/actor/lib/hoc/test/auto/IterateOverArray5.xml
----------------- Instantiating /home/travis/build/icyphy/ptII/ptolemy/actor/lib/hoc/test/auto/IterateOverArray5.xml
3 ms. Memory: 331776K Free: 250187K (75%)
----------------- Invoking toplevel() on ptolemy.moml.MoMLSimpleApplication@41471f4b
----------------- Done invoking toplevel() on ptolemy.moml.MoMLSimpleApplication@41471f4b
reloadAllAccessors: .IterateOverArray5

===========================================================================================
----------------- testing Wed Dec 05 02:52:58 UTC 2018 /home/travis/build/icyphy/ptII/ptolemy/actor/lib/hoc/test/auto/IterateOverArray6.xml
----------------- Instantiating /home/travis/build/icyphy/ptII/ptolemy/actor/lib/hoc/test/auto/IterateOverArray6.xml
9 ms. Memory: 331776K Free: 244435K (74%)
----------------- Invoking toplevel() on ptolemy.moml.MoMLSimpleApplication@47c89d1e
----------------- Done invoking toplevel() on ptolemy.moml.MoMLSimpleApplication@47c89d1e
reloadAllAccessors: .IterateOverArray6

===========================================================================================
----------------- testing Wed Dec 05 02:52:58 UTC 2018 /home/travis/build/icyphy/ptII/ptolemy/actor/lib/hoc/test/auto/IterateOverArray7.xml
----------------- Instantiating /home/travis/build/icyphy/ptII/ptolemy/actor/lib/hoc/test/auto/IterateOverArray7.xml
6 ms. Memory: 331776K Free: 239530K (72%)
----------------- Invoking toplevel() on ptolemy.moml.MoMLSimpleApplication@7f7e3002
----------------- Done invoking toplevel() on ptolemy.moml.MoMLSimpleApplication@7f7e3002
reloadAllAccessors: .IterateOverArray7

===========================================================================================
----------------- testing Wed Dec 05 02:52:58 UTC 2018 /home/travis/build/icyphy/ptII/ptolemy/actor/lib/hoc/test/auto/IterateOverArray8.xml
----------------- Instantiating /home/travis/build/icyphy/ptII/ptolemy/actor/lib/hoc/test/auto/IterateOverArray8.xml
4 ms. Memory: 331776K Free: 233778K (70%)
----------------- Invoking toplevel() on ptolemy.moml.MoMLSimpleApplication@521a7147
----------------- Done invoking toplevel() on ptolemy.moml.MoMLSimpleApplication@521a7147
reloadAllAccessors: .IterateOverArray8

===========================================================================================
----------------- testing Wed Dec 05 02:52:58 UTC 2018 /home/travis/build/icyphy/ptII/ptolemy/actor/lib/hoc/test/auto/IterateOverArray9.xml
----------------- Instantiating /home/travis/build/icyphy/ptII/ptolemy/actor/lib/hoc/test/auto/IterateOverArray9.xml
11 ms. Memory: 331776K Free: 228873K (69%)
----------------- Invoking toplevel() on ptolemy.moml.MoMLSimpleApplication@7e2e6319
----------------- Done invoking toplevel() on ptolemy.moml.MoMLSimpleApplication@7e2e6319
reloadAllAccessors: .IterateOverArray9

===========================================================================================
----------------- testing Wed Dec 05 02:52:58 UTC 2018 /home/travis/build/icyphy/ptII/ptolemy/actor/lib/hoc/test/auto/IterateOverArrayCoercedOutputType.xml
----------------- Instantiating /home/travis/build/icyphy/ptII/ptolemy/actor/lib/hoc/test/auto/IterateOverArrayCoercedOutputType.xml
3 ms. Memory: 331776K Free: 222333K (67%)
----------------- Invoking toplevel() on ptolemy.moml.MoMLSimpleApplication@3106ea12
----------------- Done invoking toplevel() on ptolemy.moml.MoMLSimpleApplication@3106ea12
reloadAllAccessors: .IterateOverArrayCoercedOutputType

===========================================================================================
----------------- testing Wed Dec 05 02:52:58 UTC 2018 /home/travis/build/icyphy/ptII/ptolemy/actor/lib/hoc/test/auto/IterateOverArrayInferredOutputType.xml
----------------- Instantiating /home/travis/build/icyphy/ptII/ptolemy/actor/lib/hoc/test/auto/IterateOverArrayInferredOutputType.xml
8 ms. Memory: 331776K Free: 214946K (65%)
----------------- Invoking toplevel() on ptolemy.moml.MoMLSimpleApplication@36e2d211
----------------- Done invoking toplevel() on ptolemy.moml.MoMLSimpleApplication@36e2d211
reloadAllAccessors: .IterateOverArrayInferredOutputType

===========================================================================================
----------------- testing Wed Dec 05 02:52:58 UTC 2018 /home/travis/build/icyphy/ptII/ptolemy/actor/lib/hoc/test/auto/MobileFunctionTest.xml
----------------- Instantiating /home/travis/build/icyphy/ptII/ptolemy/actor/lib/hoc/test/auto/MobileFunctionTest.xml
5 ms. Memory: 331776K Free: 208374K (63%)
----------------- Invoking toplevel() on ptolemy.moml.MoMLSimpleApplication@271487af
----------------- Done invoking toplevel() on ptolemy.moml.MoMLSimpleApplication@271487af
reloadAllAccessors: .MobileFunctionTest

===========================================================================================
----------------- testing Wed Dec 05 02:52:58 UTC 2018 /home/travis/build/icyphy/ptII/ptolemy/actor/lib/hoc/test/auto/MobileModelTest.xml
----------------- Instantiating /home/travis/build/icyphy/ptII/ptolemy/actor/lib/hoc/test/auto/MobileModelTest.xml
82 ms. Memory: 331776K Free: 187118K (56%)
----------------- Invoking toplevel() on ptolemy.moml.MoMLSimpleApplication@38533f4c
----------------- Done invoking toplevel() on ptolemy.moml.MoMLSimpleApplication@38533f4c
reloadAllAccessors: .MobileModelTest

===========================================================================================
----------------- testing Wed Dec 05 02:52:58 UTC 2018 /home/travis/build/icyphy/ptII/ptolemy/actor/lib/hoc/test/auto/ModelReference.xml
----------------- Instantiating /home/travis/build/icyphy/ptII/ptolemy/actor/lib/hoc/test/auto/ModelReference.xml
5 ms. Memory: 331776K Free: 176461K (53%)
3 ms. Memory: 331776K Free: 176461K (53%)
3 ms. Memory: 331776K Free: 174826K (53%)
2 ms. Memory: 331776K Free: 174826K (53%)
2 ms. Memory: 331776K Free: 173191K (52%)
1 ms. Memory: 331776K Free: 173191K (52%)
1 ms. Memory: 331776K Free: 171556K (52%)
2 ms. Memory: 331776K Free: 171556K (52%)
3 ms. Memory: 331776K Free: 169921K (51%)
3 ms. Memory: 331776K Free: 169921K (51%)
34 ms. Memory: 331776K Free: 169921K (51%)
----------------- Invoking toplevel() on ptolemy.moml.MoMLSimpleApplication@82b337f
----------------- Done invoking toplevel() on ptolemy.moml.MoMLSimpleApplication@82b337f
reloadAllAccessors: .ModelReference

===========================================================================================
----------------- testing Wed Dec 05 02:52:58 UTC 2018 /home/travis/build/icyphy/ptII/ptolemy/actor/lib/hoc/test/auto/ModelReference3.xml
----------------- Instantiating /home/travis/build/icyphy/ptII/ptolemy/actor/lib/hoc/test/auto/ModelReference3.xml
1 ms. Memory: 331776K Free: 165016K (50%)
2 ms. Memory: 331776K Free: 163365K (49%)
2 ms. Memory: 331776K Free: 163365K (49%)
6 ms. Memory: 331776K Free: 161722K (49%)
1 ms. Memory: 331776K Free: 161722K (49%)
1 ms. Memory: 331776K Free: 160071K (48%)
2 ms. Memory: 331776K Free: 160071K (48%)
2 ms. Memory: 331776K Free: 158420K (48%)
3 ms. Memory: 331776K Free: 158420K (48%)
1 ms. Memory: 331776K Free: 156784K (47%)
34 ms. Memory: 331776K Free: 156784K (47%)
----------------- Invoking toplevel() on ptolemy.moml.MoMLSimpleApplication@3ba2402a
----------------- Done invoking toplevel() on ptolemy.moml.MoMLSimpleApplication@3ba2402a
reloadAllAccessors: .ModelReference3

===========================================================================================
----------------- testing Wed Dec 05 02:52:58 UTC 2018 /home/travis/build/icyphy/ptII/ptolemy/actor/lib/hoc/test/auto/ModelReference4.xml
----------------- Instantiating /home/travis/build/icyphy/ptII/ptolemy/actor/lib/hoc/test/auto/ModelReference4.xml
2 ms. Memory: 331776K Free: 149381K (45%)
2 ms. Memory: 331776K Free: 147746K (45%)
4 ms. Memory: 331776K Free: 146111K (44%)
2 ms. Memory: 331776K Free: 144476K (44%)
2 ms. Memory: 331776K Free: 141190K (43%)
3 ms. Memory: 331776K Free: 139555K (42%)
2 ms. Memory: 331776K Free: 137920K (42%)
4 ms. Memory: 331776K Free: 136285K (41%)
2 ms. Memory: 331776K Free: 134650K (41%)
2 ms. Memory: 331776K Free: 133015K (40%)
10017 ms. Memory: 331776K Free: 133015K (40%)
----------------- Invoking toplevel() on ptolemy.moml.MoMLSimpleApplication@45282d67
----------------- Done invoking toplevel() on ptolemy.moml.MoMLSimpleApplication@45282d67
reloadAllAccessors: .ModelReference4

===========================================================================================
----------------- testing Wed Dec 05 02:53:08 UTC 2018 /home/travis/build/icyphy/ptII/ptolemy/actor/lib/hoc/test/auto/MultiInstanceComposite.xml
----------------- Instantiating /home/travis/build/icyphy/ptII/ptolemy/actor/lib/hoc/test/auto/MultiInstanceComposite.xml
28 ms. Memory: 331776K Free: 114982K (35%)
----------------- Invoking toplevel() on ptolemy.moml.MoMLSimpleApplication@2b98cbc4
----------------- Done invoking toplevel() on ptolemy.moml.MoMLSimpleApplication@2b98cbc4
reloadAllAccessors: .MultiInstanceComposite

===========================================================================================
----------------- testing Wed Dec 05 02:53:08 UTC 2018 /home/travis/build/icyphy/ptII/ptolemy/actor/lib/hoc/test/auto/MultiInstanceComposite2.xml
----------------- Instantiating /home/travis/build/icyphy/ptII/ptolemy/actor/lib/hoc/test/auto/MultiInstanceComposite2.xml
19 ms. Memory: 331776K Free: 101838K (31%)
----------------- Invoking toplevel() on ptolemy.moml.MoMLSimpleApplication@dff2391
----------------- Done invoking toplevel() on ptolemy.moml.MoMLSimpleApplication@dff2391
reloadAllAccessors: .MultiInstanceComposite2

===========================================================================================
----------------- testing Wed Dec 05 02:53:08 UTC 2018 /home/travis/build/icyphy/ptII/ptolemy/actor/lib/hoc/test/auto/MulticoreExecution.xml
----------------- Instantiating /home/travis/build/icyphy/ptII/ptolemy/actor/lib/hoc/test/auto/MulticoreExecution.xml
Fired ExecutionTime: 4000000
Fired ExecutionTime: 2000000
Fired ExecutionTime: 4400000
Fired ExecutionTime: 2000000
Fired ExecutionTime: 2800000
Fired ExecutionTime: 2800000
Fired ExecutionTime: 3200000
Fired ExecutionTime: 2800000
Fired ExecutionTime: 2800000
Fired ExecutionTime: 2800000
Fired ExecutionTime: 3200000
Fired ExecutionTime: 2400000
Fired ExecutionTime: 2800000
Fired ExecutionTime: 3200000
Fired ExecutionTime: 800000
Fired ExecutionTime: 5200000
Fired ExecutionTime: 4400000
Fired ExecutionTime: 5200000
Fired ExecutionTime: 8000000
Fired ExecutionTime: 11600000
1119 ms. Memory: 331776K Free: 87887K (26%)
----------------- Invoking toplevel() on ptolemy.moml.MoMLSimpleApplication@484889a2
----------------- Done invoking toplevel() on ptolemy.moml.MoMLSimpleApplication@484889a2
reloadAllAccessors: .MulticoreExecution

===========================================================================================
----------------- testing Wed Dec 05 02:53:09 UTC 2018 /home/travis/build/icyphy/ptII/ptolemy/actor/lib/hoc/test/auto/ParallelExecution.xml
----------------- Instantiating /home/travis/build/icyphy/ptII/ptolemy/actor/lib/hoc/test/auto/ParallelExecution.xml
937 ms. Memory: 332288K Free: 319929K (96%)
----------------- Invoking toplevel() on ptolemy.moml.MoMLSimpleApplication@12fa0d2e
----------------- Done invoking toplevel() on ptolemy.moml.MoMLSimpleApplication@12fa0d2e
reloadAllAccessors: .ParallelExecution

===========================================================================================
----------------- testing Wed Dec 05 02:53:10 UTC 2018 /home/travis/build/icyphy/ptII/ptolemy/actor/lib/hoc/test/auto/RunCompositeActor.xml
----------------- Instantiating /home/travis/build/icyphy/ptII/ptolemy/actor/lib/hoc/test/auto/RunCompositeActor.xml
6 ms. Memory: 332288K Free: 309820K (93%)
----------------- Invoking toplevel() on ptolemy.moml.MoMLSimpleApplication@645862b2
----------------- Done invoking toplevel() on ptolemy.moml.MoMLSimpleApplication@645862b2
reloadAllAccessors: .RunCompositeActor

===========================================================================================
----------------- testing Wed Dec 05 02:53:10 UTC 2018 /home/travis/build/icyphy/ptII/ptolemy/actor/lib/hoc/test/auto/RunCompositeActor2.xml
----------------- Instantiating /home/travis/build/icyphy/ptII/ptolemy/actor/lib/hoc/test/auto/RunCompositeActor2.xml
8 ms. Memory: 332288K Free: 301772K (91%)
----------------- Invoking toplevel() on ptolemy.moml.MoMLSimpleApplication@58cbf933
----------------- Done invoking toplevel() on ptolemy.moml.MoMLSimpleApplication@58cbf933
reloadAllAccessors: .RunCompositeActor2

===========================================================================================
----------------- testing Wed Dec 05 02:53:10 UTC 2018 /home/travis/build/icyphy/ptII/ptolemy/actor/lib/hoc/test/auto/RunCompositeActor3.xml
----------------- Instantiating /home/travis/build/icyphy/ptII/ptolemy/actor/lib/hoc/test/auto/RunCompositeActor3.xml
8 ms. Memory: 332288K Free: 295593K (89%)
----------------- Invoking toplevel() on ptolemy.moml.MoMLSimpleApplication@33699b91
----------------- Done invoking toplevel() on ptolemy.moml.MoMLSimpleApplication@33699b91
reloadAllAccessors: .RunCompositeActor3

===========================================================================================
----------------- testing Wed Dec 05 02:53:10 UTC 2018 /home/travis/build/icyphy/ptII/ptolemy/actor/lib/hoc/test/auto/RunCompositeActor4.xml
----------------- Instantiating /home/travis/build/icyphy/ptII/ptolemy/actor/lib/hoc/test/auto/RunCompositeActor4.xml
13 ms. Memory: 332288K Free: 284939K (86%)
----------------- Invoking toplevel() on ptolemy.moml.MoMLSimpleApplication@1530bb7b
----------------- Done invoking toplevel() on ptolemy.moml.MoMLSimpleApplication@1530bb7b
reloadAllAccessors: .RunCompositeActor4

===========================================================================================
----------------- testing Wed Dec 05 02:53:10 UTC 2018 /home/travis/build/icyphy/ptII/ptolemy/actor/lib/hoc/test/auto/RunCompositeIterateOverArray.xml
----------------- Instantiating /home/travis/build/icyphy/ptII/ptolemy/actor/lib/hoc/test/auto/RunCompositeIterateOverArray.xml
11 ms. Memory: 332288K Free: 278774K (84%)
----------------- Invoking toplevel() on ptolemy.moml.MoMLSimpleApplication@17e504a0
----------------- Done invoking toplevel() on ptolemy.moml.MoMLSimpleApplication@17e504a0
reloadAllAccessors: .RunCompositeIterateOverArray

===========================================================================================
----------------- testing Wed Dec 05 02:53:11 UTC 2018 /home/travis/build/icyphy/ptII/ptolemy/actor/lib/hoc/test/auto/ThreadedJS.xml
----------------- Instantiating /home/travis/build/icyphy/ptII/ptolemy/actor/lib/hoc/test/auto/ThreadedJS.xml
1720 ms. Memory: 540672K Free: 163131K (30%)
----------------- Invoking toplevel() on ptolemy.moml.MoMLSimpleApplication@5c906255
----------------- Done invoking toplevel() on ptolemy.moml.MoMLSimpleApplication@5c906255
reloadAllAccessors: .ThreadedJS
AutoTests.java: About to close Vertx.
AutoTests.java: Vertx closed.
]]></system-out>
  <system-err><![CDATA[java.lang.RuntimeException: Execution failed
	at ptolemy.moml.MoMLSimpleApplication$UnloadThread.run(MoMLSimpleApplication.java:402)
Caused by: ptolemy.kernel.util.IllegalActionException: initialize() was called after wrapup() was called but preinitialize() was not called after wrapup().
	at ptolemy.actor.lib.hoc.test.PreinitializeMustBeInvoked.initialize(PreinitializeMustBeInvoked.java:78)
	at ptolemy.actor.Director.initialize(Director.java:938)
	at ptolemy.actor.Director.initialize(Director.java:907)
	at ptolemy.actor.sched.StaticSchedulingDirector.initialize(StaticSchedulingDirector.java:159)
	at ptolemy.domains.sdf.kernel.SDFDirector.initialize(SDFDirector.java:544)
	at ptolemy.actor.CompositeActor.initialize(CompositeActor.java:935)
	at ptolemy.actor.lib.hoc.LifeCycleManager._executeInsideModel(LifeCycleManager.java:339)
	at ptolemy.actor.lib.hoc.RunCompositeActor.fire(RunCompositeActor.java:205)
	at ptolemy.actor.CompositeActor.iterate(CompositeActor.java:1146)
	at ptolemy.actor.sched.StaticSchedulingDirector.fire(StaticSchedulingDirector.java:216)
	at ptolemy.domains.sdf.kernel.SDFDirector.fire(SDFDirector.java:500)
	at ptolemy.actor.CompositeActor.fire(CompositeActor.java:455)
	at ptolemy.actor.Manager.iterate(Manager.java:851)
	at ptolemy.actor.Manager.execute(Manager.java:369)
	at ptolemy.actor.Manager.run(Manager.java:1263)
	at ptolemy.actor.Manager$PtolemyRunThread.run(Manager.java:1915)
java.lang.reflect.InvocationTargetException
	at sun.reflect.NativeConstructorAccessorImpl.newInstance0(Native Method)
	at sun.reflect.NativeConstructorAccessorImpl.newInstance(NativeConstructorAccessorImpl.java:62)
	at sun.reflect.DelegatingConstructorAccessorImpl.newInstance(DelegatingConstructorAccessorImpl.java:45)
	at java.lang.reflect.Constructor.newInstance(Constructor.java:423)
	at ptolemy.util.test.junit.AutoKnownFailedTests.RunModel(AutoKnownFailedTests.java:105)
	at sun.reflect.NativeMethodAccessorImpl.invoke0(Native Method)
	at sun.reflect.NativeMethodAccessorImpl.invoke(NativeMethodAccessorImpl.java:62)
	at sun.reflect.DelegatingMethodAccessorImpl.invoke(DelegatingMethodAccessorImpl.java:43)
	at java.lang.reflect.Method.invoke(Method.java:498)
	at org.junit.runners.model.FrameworkMethod$1.runReflectiveCall(FrameworkMethod.java:44)
	at org.junit.internal.runners.model.ReflectiveCallable.run(ReflectiveCallable.java:15)
	at org.junit.runners.model.FrameworkMethod.invokeExplosively(FrameworkMethod.java:41)
	at junitparams.internal.InvokeParameterisedMethod.evaluate(InvokeParameterisedMethod.java:102)
	at org.junit.internal.runners.statements.FailOnTimeout$1.run(FailOnTimeout.java:28)
Caused by: ptolemy.kernel.util.IllegalActionException: initialize() was called after wrapup() was called but preinitialize() was not called after wrapup().
	at ptolemy.actor.lib.hoc.test.PreinitializeMustBeInvoked.initialize(PreinitializeMustBeInvoked.java:78)
	at ptolemy.actor.Director.initialize(Director.java:938)
	at ptolemy.actor.Director.initialize(Director.java:907)
	at ptolemy.actor.sched.StaticSchedulingDirector.initialize(StaticSchedulingDirector.java:159)
	at ptolemy.domains.sdf.kernel.SDFDirector.initialize(SDFDirector.java:544)
	at ptolemy.actor.CompositeActor.initialize(CompositeActor.java:935)
	at ptolemy.actor.lib.hoc.LifeCycleManager._executeInsideModel(LifeCycleManager.java:339)
	at ptolemy.actor.lib.hoc.RunCompositeActor.fire(RunCompositeActor.java:205)
	at ptolemy.actor.CompositeActor.iterate(CompositeActor.java:1146)
	at ptolemy.actor.sched.StaticSchedulingDirector.fire(StaticSchedulingDirector.java:216)
	at ptolemy.domains.sdf.kernel.SDFDirector.fire(SDFDirector.java:500)
	at ptolemy.actor.CompositeActor.fire(CompositeActor.java:455)
	at ptolemy.actor.Manager.iterate(Manager.java:851)
	at ptolemy.actor.Manager.execute(Manager.java:369)
	at ptolemy.actor.Manager.run(Manager.java:1263)
	at ptolemy.actor.Manager$PtolemyRunThread.run(Manager.java:1915)
]]></system-err>
</testsuite>
