<?xml version="1.0" encoding="UTF-8" ?>
<testsuite errors="0" failures="0" hostname="travis-job-6c93000b-8147-442f-a744-0882e9a9cd4b" name="ptolemy.domains.continuous.test.junit.JUnitTclTest" skipped="0" tests="156" time="86.536" timestamp="2019-09-03T05:30:36">
  <properties>
[...]
</properties>
  <testcase classname="ptolemy.util.test.junit.TclTests" name="[0] ThereAreNoTclTests (RunTclFile)" time="0.01" />
  <testcase classname="ptolemy.util.test.junit.AutoKnownFailedTests" name="[0] ThereAreNoKnowFailedTests (RunModel)" time="0.007" />
  <testcase classname="ptolemy.util.test.junit.AutoNameArchTests" name="[0] ThereAreNoAutoArchTests (RunModel)" time="0.02" />
  <testcase classname="ptolemy.util.test.junit.AutoTests" name="[0] /home/travis/build/icyphy/ptII/ptolemy/domains/continuous/test/auto/BouncingBall.xml (RunModel)" time="3.408" />
  <testcase classname="ptolemy.util.test.junit.AutoTests" name="[1] /home/travis/build/icyphy/ptII/ptolemy/domains/continuous/test/auto/BouncingBallWithoutGR.xml (RunModel)" time="0.911" />
  <testcase classname="ptolemy.util.test.junit.AutoTests" name="[2] /home/travis/build/icyphy/ptII/ptolemy/domains/continuous/test/auto/Brownian.xml (RunModel)" time="0.16" />
  <testcase classname="ptolemy.util.test.junit.AutoTests" name="[3] /home/travis/build/icyphy/ptII/ptolemy/domains/continuous/test/auto/CarTracking.xml (RunModel)" time="4.378" />
  <testcase classname="ptolemy.util.test.junit.AutoTests" name="[4] /home/travis/build/icyphy/ptII/ptolemy/domains/continuous/test/auto/CartPendulum.xml (RunModel)" time="0.593" />
  <testcase classname="ptolemy.util.test.junit.AutoTests" name="[5] /home/travis/build/icyphy/ptII/ptolemy/domains/continuous/test/auto/CausalityInterface10.xml (RunModel)" time="0.086" />
  <testcase classname="ptolemy.util.test.junit.AutoTests" name="[6] /home/travis/build/icyphy/ptII/ptolemy/domains/continuous/test/auto/CausalityInterface11.xml (RunModel)" time="0.052" />
  <testcase classname="ptolemy.util.test.junit.AutoTests" name="[7] /home/travis/build/icyphy/ptII/ptolemy/domains/continuous/test/auto/CausalityInterface12.xml (RunModel)" time="0.034" />
  <testcase classname="ptolemy.util.test.junit.AutoTests" name="[8] /home/travis/build/icyphy/ptII/ptolemy/domains/continuous/test/auto/CausalityInterface13.xml (RunModel)" time="0.051" />
  <testcase classname="ptolemy.util.test.junit.AutoTests" name="[9] /home/travis/build/icyphy/ptII/ptolemy/domains/continuous/test/auto/CausalityInterface14.xml (RunModel)" time="0.036" />
  <testcase classname="ptolemy.util.test.junit.AutoTests" name="[10] /home/travis/build/icyphy/ptII/ptolemy/domains/continuous/test/auto/CausalityInterface4.xml (RunModel)" time="0.052" />
  <testcase classname="ptolemy.util.test.junit.AutoTests" name="[11] /home/travis/build/icyphy/ptII/ptolemy/domains/continuous/test/auto/CausalityInterface5.xml (RunModel)" time="0.047" />
  <testcase classname="ptolemy.util.test.junit.AutoTests" name="[12] /home/travis/build/icyphy/ptII/ptolemy/domains/continuous/test/auto/CausalityInterface6.xml (RunModel)" time="0.039" />
  <testcase classname="ptolemy.util.test.junit.AutoTests" name="[13] /home/travis/build/icyphy/ptII/ptolemy/domains/continuous/test/auto/CausalityInterface7.xml (RunModel)" time="0.047" />
  <testcase classname="ptolemy.util.test.junit.AutoTests" name="[14] /home/travis/build/icyphy/ptII/ptolemy/domains/continuous/test/auto/CausalityInterface8.xml (RunModel)" time="0.052" />
  <testcase classname="ptolemy.util.test.junit.AutoTests" name="[15] /home/travis/build/icyphy/ptII/ptolemy/domains/continuous/test/auto/CausalityInterface9.xml (RunModel)" time="0.049" />
  <testcase classname="ptolemy.util.test.junit.AutoTests" name="[16] /home/travis/build/icyphy/ptII/ptolemy/domains/continuous/test/auto/CausalityInterfaceFeedback1.xml (RunModel)" time="0.038" />
  <testcase classname="ptolemy.util.test.junit.AutoTests" name="[17] /home/travis/build/icyphy/ptII/ptolemy/domains/continuous/test/auto/CausalityInterfaceFeedback2.xml (RunModel)" time="0.042" />
  <testcase classname="ptolemy.util.test.junit.AutoTests" name="[18] /home/travis/build/icyphy/ptII/ptolemy/domains/continuous/test/auto/CompareWithCurrentTime.xml (RunModel)" time="0.021" />
  <testcase classname="ptolemy.util.test.junit.AutoTests" name="[19] /home/travis/build/icyphy/ptII/ptolemy/domains/continuous/test/auto/ComparedClocks.xml (RunModel)" time="0.08" />
  <testcase classname="ptolemy.util.test.junit.AutoTests" name="[20] /home/travis/build/icyphy/ptII/ptolemy/domains/continuous/test/auto/ContinuousAOCClone.xml (RunModel)" time="3.101" />
  <testcase classname="ptolemy.util.test.junit.AutoTests" name="[21] /home/travis/build/icyphy/ptII/ptolemy/domains/continuous/test/auto/ContinuousClock.xml (RunModel)" time="0.151" />
  <testcase classname="ptolemy.util.test.junit.AutoTests" name="[22] /home/travis/build/icyphy/ptII/ptolemy/domains/continuous/test/auto/ContinuousInContinuous.xml (RunModel)" time="0.102" />
  <testcase classname="ptolemy.util.test.junit.AutoTests" name="[23] /home/travis/build/icyphy/ptII/ptolemy/domains/continuous/test/auto/ContinuousInContinuousInContinuous.xml (RunModel)" time="0.029" />
  <testcase classname="ptolemy.util.test.junit.AutoTests" name="[24] /home/travis/build/icyphy/ptII/ptolemy/domains/continuous/test/auto/ContinuousInDE.xml (RunModel)" time="0.121" />
  <testcase classname="ptolemy.util.test.junit.AutoTests" name="[25] /home/travis/build/icyphy/ptII/ptolemy/domains/continuous/test/auto/ContinuousInDE2.xml (RunModel)" time="0.062" />
  <testcase classname="ptolemy.util.test.junit.AutoTests" name="[26] /home/travis/build/icyphy/ptII/ptolemy/domains/continuous/test/auto/ContinuousInDE3.xml (RunModel)" time="0.05" />
  <testcase classname="ptolemy.util.test.junit.AutoTests" name="[27] /home/travis/build/icyphy/ptII/ptolemy/domains/continuous/test/auto/ContinuousInDE4.xml (RunModel)" time="0.03" />
  <testcase classname="ptolemy.util.test.junit.AutoTests" name="[28] /home/travis/build/icyphy/ptII/ptolemy/domains/continuous/test/auto/ContinuousInDEDifferentRefinements.xml (RunModel)" time="0.12" />
  <testcase classname="ptolemy.util.test.junit.AutoTests" name="[29] /home/travis/build/icyphy/ptII/ptolemy/domains/continuous/test/auto/ContinuousInDEDifferentRefinementsPreemptive.xml (RunModel)" time="0.108" />
  <testcase classname="ptolemy.util.test.junit.AutoTests" name="[30] /home/travis/build/icyphy/ptII/ptolemy/domains/continuous/test/auto/ContinuousInDEInContinuous2.xml (RunModel)" time="0.069" />
  <testcase classname="ptolemy.util.test.junit.AutoTests" name="[31] /home/travis/build/icyphy/ptII/ptolemy/domains/continuous/test/auto/ContinuousInDEInContinuous3.xml (RunModel)" time="0.061" />
  <testcase classname="ptolemy.util.test.junit.AutoTests" name="[32] /home/travis/build/icyphy/ptII/ptolemy/domains/continuous/test/auto/ContinuousInDEInput.xml (RunModel)" time="0.042" />
  <testcase classname="ptolemy.util.test.junit.AutoTests" name="[33] /home/travis/build/icyphy/ptII/ptolemy/domains/continuous/test/auto/ContinuousInDEInput2.xml (RunModel)" time="0.039" />
  <testcase classname="ptolemy.util.test.junit.AutoTests" name="[34] /home/travis/build/icyphy/ptII/ptolemy/domains/continuous/test/auto/ContinuousInDEInput3.xml (RunModel)" time="0.039" />
  <testcase classname="ptolemy.util.test.junit.AutoTests" name="[35] /home/travis/build/icyphy/ptII/ptolemy/domains/continuous/test/auto/ContinuousInDESharingRefinement.xml (RunModel)" time="0.191" />
  <testcase classname="ptolemy.util.test.junit.AutoTests" name="[36] /home/travis/build/icyphy/ptII/ptolemy/domains/continuous/test/auto/ContinuousInDEwithNoPorts.xml (RunModel)" time="0.014" />
  <testcase classname="ptolemy.util.test.junit.AutoTests" name="[37] /home/travis/build/icyphy/ptII/ptolemy/domains/continuous/test/auto/ContinuousInsideDE.xml (RunModel)" time="0.078" />
  <testcase classname="ptolemy.util.test.junit.AutoTests" name="[38] /home/travis/build/icyphy/ptII/ptolemy/domains/continuous/test/auto/ContinuousMerge1.xml (RunModel)" time="0.02" />
  <testcase classname="ptolemy.util.test.junit.AutoTests" name="[39] /home/travis/build/icyphy/ptII/ptolemy/domains/continuous/test/auto/ContinuousMerge2.xml (RunModel)" time="0.063" />
  <testcase classname="ptolemy.util.test.junit.AutoTests" name="[40] /home/travis/build/icyphy/ptII/ptolemy/domains/continuous/test/auto/ContinuousMerge3.xml (RunModel)" time="0.095" />
  <testcase classname="ptolemy.util.test.junit.AutoTests" name="[41] /home/travis/build/icyphy/ptII/ptolemy/domains/continuous/test/auto/ContinuousWithinContinuous.xml (RunModel)" time="0.086" />
  <testcase classname="ptolemy.util.test.junit.AutoTests" name="[42] /home/travis/build/icyphy/ptII/ptolemy/domains/continuous/test/auto/ContinuousWithinContinuous2.xml (RunModel)" time="0.105" />
  <testcase classname="ptolemy.util.test.junit.AutoTests" name="[43] /home/travis/build/icyphy/ptII/ptolemy/domains/continuous/test/auto/ContinuousWithinContinuous3.xml (RunModel)" time="0.036" />
  <testcase classname="ptolemy.util.test.junit.AutoTests" name="[44] /home/travis/build/icyphy/ptII/ptolemy/domains/continuous/test/auto/ContinuousWithinContinuous4.xml (RunModel)" time="0.132" />
  <testcase classname="ptolemy.util.test.junit.AutoTests" name="[45] /home/travis/build/icyphy/ptII/ptolemy/domains/continuous/test/auto/ContinuousWithinContinuous5.xml (RunModel)" time="0.04" />
  <testcase classname="ptolemy.util.test.junit.AutoTests" name="[46] /home/travis/build/icyphy/ptII/ptolemy/domains/continuous/test/auto/ContinuousWithinContinuous6.xml (RunModel)" time="0.037" />
  <testcase classname="ptolemy.util.test.junit.AutoTests" name="[47] /home/travis/build/icyphy/ptII/ptolemy/domains/continuous/test/auto/ContinuousWithinContinuous7.xml (RunModel)" time="0.109" />
  <testcase classname="ptolemy.util.test.junit.AutoTests" name="[48] /home/travis/build/icyphy/ptII/ptolemy/domains/continuous/test/auto/DCMotor.xml (RunModel)" time="15.599" />
  <testcase classname="ptolemy.util.test.junit.AutoTests" name="[49] /home/travis/build/icyphy/ptII/ptolemy/domains/continuous/test/auto/DEInContinuous.xml (RunModel)" time="0.034" />
  <testcase classname="ptolemy.util.test.junit.AutoTests" name="[50] /home/travis/build/icyphy/ptII/ptolemy/domains/continuous/test/auto/DEinContinuous2.xml (RunModel)" time="0.039" />
  <testcase classname="ptolemy.util.test.junit.AutoTests" name="[51] /home/travis/build/icyphy/ptII/ptolemy/domains/continuous/test/auto/Derivative.xml (RunModel)" time="0.26" />
  <testcase classname="ptolemy.util.test.junit.AutoTests" name="[52] /home/travis/build/icyphy/ptII/ptolemy/domains/continuous/test/auto/Derivative1.xml (RunModel)" time="0.072" />
  <testcase classname="ptolemy.util.test.junit.AutoTests" name="[53] /home/travis/build/icyphy/ptII/ptolemy/domains/continuous/test/auto/DiscreteClock.xml (RunModel)" time="0.014" />
  <testcase classname="ptolemy.util.test.junit.AutoTests" name="[54] /home/travis/build/icyphy/ptII/ptolemy/domains/continuous/test/auto/EfficiencyCurve.xml (RunModel)" time="0.095" />
  <testcase classname="ptolemy.util.test.junit.AutoTests" name="[55] /home/travis/build/icyphy/ptII/ptolemy/domains/continuous/test/auto/ExponentialResponse.xml (RunModel)" time="0.176" />
  <testcase classname="ptolemy.util.test.junit.AutoTests" name="[56] /home/travis/build/icyphy/ptII/ptolemy/domains/continuous/test/auto/ExponentialResponseRK45.xml (RunModel)" time="0.066" />
  <testcase classname="ptolemy.util.test.junit.AutoTests" name="[57] /home/travis/build/icyphy/ptII/ptolemy/domains/continuous/test/auto/Friction.xml (RunModel)" time="1.908" />
  <testcase classname="ptolemy.util.test.junit.AutoTests" name="[58] /home/travis/build/icyphy/ptII/ptolemy/domains/continuous/test/auto/FurutaPendulum.xml (RunModel)" time="4.187" />
  <testcase classname="ptolemy.util.test.junit.AutoTests" name="[59] /home/travis/build/icyphy/ptII/ptolemy/domains/continuous/test/auto/HierarchicalExecution.xml (RunModel)" time="3.087" />
  <testcase classname="ptolemy.util.test.junit.AutoTests" name="[60] /home/travis/build/icyphy/ptII/ptolemy/domains/continuous/test/auto/HybridPlant.xml (RunModel)" time="0.623" />
  <testcase classname="ptolemy.util.test.junit.AutoTests" name="[61] /home/travis/build/icyphy/ptII/ptolemy/domains/continuous/test/auto/Hysteresis.xml (RunModel)" time="0.227" />
  <testcase classname="ptolemy.util.test.junit.AutoTests" name="[62] /home/travis/build/icyphy/ptII/ptolemy/domains/continuous/test/auto/HysteresisWithRandomDelay.xml (RunModel)" time="0.27" />
  <testcase classname="ptolemy.util.test.junit.AutoTests" name="[63] /home/travis/build/icyphy/ptII/ptolemy/domains/continuous/test/auto/HysteresisWithRandomLosses.xml (RunModel)" time="2.771" />
  <testcase classname="ptolemy.util.test.junit.AutoTests" name="[64] /home/travis/build/icyphy/ptII/ptolemy/domains/continuous/test/auto/ImmediateTransitions.xml (RunModel)" time="0.032" />
  <testcase classname="ptolemy.util.test.junit.AutoTests" name="[65] /home/travis/build/icyphy/ptII/ptolemy/domains/continuous/test/auto/ImpulseFeedback.xml (RunModel)" time="0.021" />
  <testcase classname="ptolemy.util.test.junit.AutoTests" name="[66] /home/travis/build/icyphy/ptII/ptolemy/domains/continuous/test/auto/ImpulseFeedback2.xml (RunModel)" time="0.017" />
  <testcase classname="ptolemy.util.test.junit.AutoTests" name="[67] /home/travis/build/icyphy/ptII/ptolemy/domains/continuous/test/auto/IncreasingRatePoisson.xml (RunModel)" time="0.89" />
  <testcase classname="ptolemy.util.test.junit.AutoTests" name="[68] /home/travis/build/icyphy/ptII/ptolemy/domains/continuous/test/auto/InitialStateFeedback.xml (RunModel)" time="0.02" />
  <testcase classname="ptolemy.util.test.junit.AutoTests" name="[69] /home/travis/build/icyphy/ptII/ptolemy/domains/continuous/test/auto/Integration.xml (RunModel)" time="0.019" />
  <testcase classname="ptolemy.util.test.junit.AutoTests" name="[70] /home/travis/build/icyphy/ptII/ptolemy/domains/continuous/test/auto/Integration2.xml (RunModel)" time="0.106" />
  <testcase classname="ptolemy.util.test.junit.AutoTests" name="[71] /home/travis/build/icyphy/ptII/ptolemy/domains/continuous/test/auto/Integration3.xml (RunModel)" time="0.018" />
  <testcase classname="ptolemy.util.test.junit.AutoTests" name="[72] /home/travis/build/icyphy/ptII/ptolemy/domains/continuous/test/auto/Integration5.xml (RunModel)" time="0.01" />
  <testcase classname="ptolemy.util.test.junit.AutoTests" name="[73] /home/travis/build/icyphy/ptII/ptolemy/domains/continuous/test/auto/IntegratorImpulse.xml (RunModel)" time="0.01" />
  <testcase classname="ptolemy.util.test.junit.AutoTests" name="[74] /home/travis/build/icyphy/ptII/ptolemy/domains/continuous/test/auto/IntegratorImpulse2.xml (RunModel)" time="0.021" />
  <testcase classname="ptolemy.util.test.junit.AutoTests" name="[75] /home/travis/build/icyphy/ptII/ptolemy/domains/continuous/test/auto/LevelCrossing1.xml (RunModel)" time="0.013" />
  <testcase classname="ptolemy.util.test.junit.AutoTests" name="[76] /home/travis/build/icyphy/ptII/ptolemy/domains/continuous/test/auto/LevelCrossing2.xml (RunModel)" time="0.014" />
  <testcase classname="ptolemy.util.test.junit.AutoTests" name="[77] /home/travis/build/icyphy/ptII/ptolemy/domains/continuous/test/auto/LevelCrossing3.xml (RunModel)" time="0.02" />
  <testcase classname="ptolemy.util.test.junit.AutoTests" name="[78] /home/travis/build/icyphy/ptII/ptolemy/domains/continuous/test/auto/LevelCrossing4.xml (RunModel)" time="0.015" />
  <testcase classname="ptolemy.util.test.junit.AutoTests" name="[79] /home/travis/build/icyphy/ptII/ptolemy/domains/continuous/test/auto/LevelCrossing5.xml (RunModel)" time="0.019" />
  <testcase classname="ptolemy.util.test.junit.AutoTests" name="[80] /home/travis/build/icyphy/ptII/ptolemy/domains/continuous/test/auto/LevelCrossing6.xml (RunModel)" time="0.015" />
  <testcase classname="ptolemy.util.test.junit.AutoTests" name="[81] /home/travis/build/icyphy/ptII/ptolemy/domains/continuous/test/auto/LevelCrossingDetector.xml (RunModel)" time="0.047" />
  <testcase classname="ptolemy.util.test.junit.AutoTests" name="[82] /home/travis/build/icyphy/ptII/ptolemy/domains/continuous/test/auto/LevelCrossingDetectorDetectingDirections.xml (RunModel)" time="0.102" />
  <testcase classname="ptolemy.util.test.junit.AutoTests" name="[83] /home/travis/build/icyphy/ptII/ptolemy/domains/continuous/test/auto/LevelCrossingDetectorDetectsGlitches.xml (RunModel)" time="0.073" />
  <testcase classname="ptolemy.util.test.junit.AutoTests" name="[84] /home/travis/build/icyphy/ptII/ptolemy/domains/continuous/test/auto/LevelCrossingNoInitialOuput.xml (RunModel)" time="0.015" />
  <testcase classname="ptolemy.util.test.junit.AutoTests" name="[85] /home/travis/build/icyphy/ptII/ptolemy/domains/continuous/test/auto/LinearStateSpaceExample.xml (RunModel)" time="0.063" />
  <testcase classname="ptolemy.util.test.junit.AutoTests" name="[86] /home/travis/build/icyphy/ptII/ptolemy/domains/continuous/test/auto/Lorenz.xml (RunModel)" time="4.688" />
  <testcase classname="ptolemy.util.test.junit.AutoTests" name="[87] /home/travis/build/icyphy/ptII/ptolemy/domains/continuous/test/auto/LorenzDifferentialSystem.xml (RunModel)" time="1.238" />
  <testcase classname="ptolemy.util.test.junit.AutoTests" name="[88] /home/travis/build/icyphy/ptII/ptolemy/domains/continuous/test/auto/LorenzDifferentialSystemWithInput.xml (RunModel)" time="1.613" />
  <testcase classname="ptolemy.util.test.junit.AutoTests" name="[89] /home/travis/build/icyphy/ptII/ptolemy/domains/continuous/test/auto/LorenzDifferentialSystemWithTime.xml (RunModel)" time="0.885" />
  <testcase classname="ptolemy.util.test.junit.AutoTests" name="[90] /home/travis/build/icyphy/ptII/ptolemy/domains/continuous/test/auto/Microsteps.xml (RunModel)" time="0.031" />
  <testcase classname="ptolemy.util.test.junit.AutoTests" name="[91] /home/travis/build/icyphy/ptII/ptolemy/domains/continuous/test/auto/Modal1.xml (RunModel)" time="0.048" />
  <testcase classname="ptolemy.util.test.junit.AutoTests" name="[92] /home/travis/build/icyphy/ptII/ptolemy/domains/continuous/test/auto/Modal2.xml (RunModel)" time="0.059" />
  <testcase classname="ptolemy.util.test.junit.AutoTests" name="[93] /home/travis/build/icyphy/ptII/ptolemy/domains/continuous/test/auto/ModalTransitionGuardWithReset.xml (RunModel)" time="0.027" />
  <testcase classname="ptolemy.util.test.junit.AutoTests" name="[94] /home/travis/build/icyphy/ptII/ptolemy/domains/continuous/test/auto/ModalTransitionGuardWithResetUsingPreemptiveTransition.xml (RunModel)" time="0.037" />
  <testcase classname="ptolemy.util.test.junit.AutoTests" name="[95] /home/travis/build/icyphy/ptII/ptolemy/domains/continuous/test/auto/ModalTransitionGuardWithResetUsingPreemptiveTransition2.xml (RunModel)" time="0.035" />
  <testcase classname="ptolemy.util.test.junit.AutoTests" name="[96] /home/travis/build/icyphy/ptII/ptolemy/domains/continuous/test/auto/ModalTransitionGuardWithResetUsingPreemptiveTransition3.xml (RunModel)" time="0.033" />
  <testcase classname="ptolemy.util.test.junit.AutoTests" name="[97] /home/travis/build/icyphy/ptII/ptolemy/domains/continuous/test/auto/NewtonsCradle.xml (RunModel)" time="0.954" />
  <testcase classname="ptolemy.util.test.junit.AutoTests" name="[98] /home/travis/build/icyphy/ptII/ptolemy/domains/continuous/test/auto/NewtonsCradleAnimated.xml (RunModel)" time="1.612" />
  <testcase classname="ptolemy.util.test.junit.AutoTests" name="[99] /home/travis/build/icyphy/ptII/ptolemy/domains/continuous/test/auto/NewtonsCradleComplicated.xml (RunModel)" time="1.132" />
  <testcase classname="ptolemy.util.test.junit.AutoTests" name="[100] /home/travis/build/icyphy/ptII/ptolemy/domains/continuous/test/auto/NewtonsCradleNondeterministic.xml (RunModel)" time="0.792" />
  <testcase classname="ptolemy.util.test.junit.AutoTests" name="[101] /home/travis/build/icyphy/ptII/ptolemy/domains/continuous/test/auto/NewtonsCradlePerfectlyInelastic1.xml (RunModel)" time="1.424" />
  <testcase classname="ptolemy.util.test.junit.AutoTests" name="[102] /home/travis/build/icyphy/ptII/ptolemy/domains/continuous/test/auto/Noise.xml (RunModel)" time="0.222" />
  <testcase classname="ptolemy.util.test.junit.AutoTests" name="[103] /home/travis/build/icyphy/ptII/ptolemy/domains/continuous/test/auto/NoiseSpectrum.xml (RunModel)" time="0.881" />
  <testcase classname="ptolemy.util.test.junit.AutoTests" name="[104] /home/travis/build/icyphy/ptII/ptolemy/domains/continuous/test/auto/ParameterizedNewtonsCradleAnimated.xml (RunModel)" time="0.399" />
  <testcase classname="ptolemy.util.test.junit.AutoTests" name="[105] /home/travis/build/icyphy/ptII/ptolemy/domains/continuous/test/auto/ParameterizedNewtonsCradleAnimatedNondeterministic.xml (RunModel)" time="1.343" />
  <testcase classname="ptolemy.util.test.junit.AutoTests" name="[106] /home/travis/build/icyphy/ptII/ptolemy/domains/continuous/test/auto/Pendulum3D.xml (RunModel)" time="0.195" />
  <testcase classname="ptolemy.util.test.junit.AutoTests" name="[107] /home/travis/build/icyphy/ptII/ptolemy/domains/continuous/test/auto/PeriodicSampler.xml (RunModel)" time="0.016" />
  <testcase classname="ptolemy.util.test.junit.AutoTests" name="[108] /home/travis/build/icyphy/ptII/ptolemy/domains/continuous/test/auto/PeriodicSampler1.xml (RunModel)" time="0.053" />
  <testcase classname="ptolemy.util.test.junit.AutoTests" name="[109] /home/travis/build/icyphy/ptII/ptolemy/domains/continuous/test/auto/PeriodicSampler2.xml (RunModel)" time="0.092" />
  <testcase classname="ptolemy.util.test.junit.AutoTests" name="[110] /home/travis/build/icyphy/ptII/ptolemy/domains/continuous/test/auto/Poisson.xml (RunModel)" time="0.496" />
  <testcase classname="ptolemy.util.test.junit.AutoTests" name="[111] /home/travis/build/icyphy/ptII/ptolemy/domains/continuous/test/auto/PoissonClock.xml (RunModel)" time="0.016" />
  <testcase classname="ptolemy.util.test.junit.AutoTests" name="[112] /home/travis/build/icyphy/ptII/ptolemy/domains/continuous/test/auto/PoissonClock2.xml (RunModel)" time="0.014" />
  <testcase classname="ptolemy.util.test.junit.AutoTests" name="[113] /home/travis/build/icyphy/ptII/ptolemy/domains/continuous/test/auto/PortParameterHierarchy.xml (RunModel)" time="0.026" />
  <testcase classname="ptolemy.util.test.junit.AutoTests" name="[114] /home/travis/build/icyphy/ptII/ptolemy/domains/continuous/test/auto/RandomHybridPlant.xml (RunModel)" time="0.623" />
  <testcase classname="ptolemy.util.test.junit.AutoTests" name="[115] /home/travis/build/icyphy/ptII/ptolemy/domains/continuous/test/auto/ResetTransitionWithStartTime1.xml (RunModel)" time="0.036" />
  <testcase classname="ptolemy.util.test.junit.AutoTests" name="[116] /home/travis/build/icyphy/ptII/ptolemy/domains/continuous/test/auto/ResetTransitionWithStartTime2.xml (RunModel)" time="0.04" />
  <testcase classname="ptolemy.util.test.junit.AutoTests" name="[117] /home/travis/build/icyphy/ptII/ptolemy/domains/continuous/test/auto/ResetTransitionWithStartTime3.xml (RunModel)" time="0.043" />
  <testcase classname="ptolemy.util.test.junit.AutoTests" name="[118] /home/travis/build/icyphy/ptII/ptolemy/domains/continuous/test/auto/ResetTransitionWithStartTime4.xml (RunModel)" time="0.031" />
  <testcase classname="ptolemy.util.test.junit.AutoTests" name="[119] /home/travis/build/icyphy/ptII/ptolemy/domains/continuous/test/auto/ResetTransitionWithStartTime5.xml (RunModel)" time="0.039" />
  <testcase classname="ptolemy.util.test.junit.AutoTests" name="[120] /home/travis/build/icyphy/ptII/ptolemy/domains/continuous/test/auto/ResetTransitionWithStartTime6.xml (RunModel)" time="0.044" />
  <testcase classname="ptolemy.util.test.junit.AutoTests" name="[121] /home/travis/build/icyphy/ptII/ptolemy/domains/continuous/test/auto/SRinContinuous.xml (RunModel)" time="0.036" />
  <testcase classname="ptolemy.util.test.junit.AutoTests" name="[122] /home/travis/build/icyphy/ptII/ptolemy/domains/continuous/test/auto/SampledClocks.xml (RunModel)" time="0.035" />
  <testcase classname="ptolemy.util.test.junit.AutoTests" name="[123] /home/travis/build/icyphy/ptII/ptolemy/domains/continuous/test/auto/Satellite.xml (RunModel)" time="1.132" />
  <testcase classname="ptolemy.util.test.junit.AutoTests" name="[124] /home/travis/build/icyphy/ptII/ptolemy/domains/continuous/test/auto/SigmaDelta.xml (RunModel)" time="2.982" />
  <testcase classname="ptolemy.util.test.junit.AutoTests" name="[125] /home/travis/build/icyphy/ptII/ptolemy/domains/continuous/test/auto/SingleRefinement.xml (RunModel)" time="0.482" />
  <testcase classname="ptolemy.util.test.junit.AutoTests" name="[126] /home/travis/build/icyphy/ptII/ptolemy/domains/continuous/test/auto/SinuBouncingBall.xml (RunModel)" time="0.952" />
  <testcase classname="ptolemy.util.test.junit.AutoTests" name="[127] /home/travis/build/icyphy/ptII/ptolemy/domains/continuous/test/auto/Sinusoid.xml (RunModel)" time="0.017" />
  <testcase classname="ptolemy.util.test.junit.AutoTests" name="[128] /home/travis/build/icyphy/ptII/ptolemy/domains/continuous/test/auto/SinusoidInNoise.xml (RunModel)" time="1.088" />
  <testcase classname="ptolemy.util.test.junit.AutoTests" name="[129] /home/travis/build/icyphy/ptII/ptolemy/domains/continuous/test/auto/SinusoidRK45.xml (RunModel)" time="0.011" />
  <testcase classname="ptolemy.util.test.junit.AutoTests" name="[130] /home/travis/build/icyphy/ptII/ptolemy/domains/continuous/test/auto/SinusoidWithMultipleImpulses.xml (RunModel)" time="0.014" />
  <testcase classname="ptolemy.util.test.junit.AutoTests" name="[131] /home/travis/build/icyphy/ptII/ptolemy/domains/continuous/test/auto/SquareWave.xml (RunModel)" time="0.216" />
  <testcase classname="ptolemy.util.test.junit.AutoTests" name="[132] /home/travis/build/icyphy/ptII/ptolemy/domains/continuous/test/auto/Starmac.xml (RunModel)" time="3.469" />
  <testcase classname="ptolemy.util.test.junit.AutoTests" name="[133] /home/travis/build/icyphy/ptII/ptolemy/domains/continuous/test/auto/StaticUnits.xml (RunModel)" time="2.888" />
  <testcase classname="ptolemy.util.test.junit.AutoTests" name="[134] /home/travis/build/icyphy/ptII/ptolemy/domains/continuous/test/auto/StickyMasses.xml (RunModel)" time="0.209" />
  <testcase classname="ptolemy.util.test.junit.AutoTests" name="[135] /home/travis/build/icyphy/ptII/ptolemy/domains/continuous/test/auto/StopTime.xml (RunModel)" time="0.066" />
  <testcase classname="ptolemy.util.test.junit.AutoTests" name="[136] /home/travis/build/icyphy/ptII/ptolemy/domains/continuous/test/auto/StopTime2.xml (RunModel)" time="0.059" />
  <testcase classname="ptolemy.util.test.junit.AutoTests" name="[137] /home/travis/build/icyphy/ptII/ptolemy/domains/continuous/test/auto/Switch.xml (RunModel)" time="0.085" />
  <testcase classname="ptolemy.util.test.junit.AutoTests" name="[138] /home/travis/build/icyphy/ptII/ptolemy/domains/continuous/test/auto/Thermostat.xml (RunModel)" time="0.229" />
  <testcase classname="ptolemy.util.test.junit.AutoTests" name="[139] /home/travis/build/icyphy/ptII/ptolemy/domains/continuous/test/auto/TimeDelay.xml (RunModel)" time="0.014" />
  <testcase classname="ptolemy.util.test.junit.AutoTests" name="[140] /home/travis/build/icyphy/ptII/ptolemy/domains/continuous/test/auto/TimeDelay2.xml (RunModel)" time="0.027" />
  <testcase classname="ptolemy.util.test.junit.AutoTests" name="[141] /home/travis/build/icyphy/ptII/ptolemy/domains/continuous/test/auto/TimeDelay3.xml (RunModel)" time="0.012" />
  <testcase classname="ptolemy.util.test.junit.AutoTests" name="[142] /home/travis/build/icyphy/ptII/ptolemy/domains/continuous/test/auto/TransferAbsentToInside.xml (RunModel)" time="0.111" />
  <testcase classname="ptolemy.util.test.junit.AutoTests" name="[143] /home/travis/build/icyphy/ptII/ptolemy/domains/continuous/test/auto/Transmission.xml (RunModel)" time="0.874" />
  <testcase classname="ptolemy.util.test.junit.AutoTests" name="[144] /home/travis/build/icyphy/ptII/ptolemy/domains/continuous/test/auto/TriggeredContinuousClock.xml (RunModel)" time="0.074" />
  <testcase classname="ptolemy.util.test.junit.AutoTests" name="[145] /home/travis/build/icyphy/ptII/ptolemy/domains/continuous/test/auto/TwoMachineInfiniteBusControl.xml (RunModel)" time="3.375" />
  <testcase classname="ptolemy.util.test.junit.AutoTests" name="[146] /home/travis/build/icyphy/ptII/ptolemy/domains/continuous/test/auto/V2V.xml (RunModel)" time="1.014" />
  <testcase classname="ptolemy.util.test.junit.AutoTests" name="[147] /home/travis/build/icyphy/ptII/ptolemy/domains/continuous/test/auto/hierarchicalModalModel.xml (RunModel)" time="0.042" />
  <testcase classname="ptolemy.util.test.junit.AutoTests" name="[148] /home/travis/build/icyphy/ptII/ptolemy/domains/continuous/test/auto/hierarchicalModalModel1.xml (RunModel)" time="0.036" />
  <testcase classname="ptolemy.util.test.junit.AutoTests" name="[149] /home/travis/build/icyphy/ptII/ptolemy/domains/continuous/test/auto/hierarchicalModalModel2.xml (RunModel)" time="0.035" />
  <testcase classname="ptolemy.util.test.junit.AutoTests" name="[150] /home/travis/build/icyphy/ptII/ptolemy/domains/continuous/test/auto/hierarchicalModalModel3.xml (RunModel)" time="0.027" />
  <testcase classname="ptolemy.util.test.junit.AutoTests" name="[151] /home/travis/build/icyphy/ptII/ptolemy/domains/continuous/test/auto/hierarchicalModalModel4.xml (RunModel)" time="0.049" />
  <testcase classname="ptolemy.util.test.junit.AutoTests" name="[152] /home/travis/build/icyphy/ptII/ptolemy/domains/continuous/test/auto/junk.xml (RunModel)" time="0.18" />
  <system-out><![CDATA[No tcl tests in /home/travis/build/icyphy/ptII/ptolemy/domains/continuous/test
No auto/knownFailedTests/*.xml tests in /home/travis/build/icyphy/ptII/ptolemy/domains/continuous/test
No auto/linux-amd64/*.xml tests in /home/travis/build/icyphy/ptII/ptolemy/domains/continuous/test
AutoTests.java: About to close Vertx.
AutoTests.java: Vertx closed.

===========================================================================================
----------------- testing Tue Sep 03 05:30:37 UTC 2019 /home/travis/build/icyphy/ptII/ptolemy/domains/continuous/test/auto/BouncingBall.xml
----------------- Instantiating /home/travis/build/icyphy/ptII/ptolemy/domains/continuous/test/auto/BouncingBall.xml
2630 ms. Memory: 145408K Free: 66788K (46%)
----------------- Invoking toplevel() on ptolemy.moml.MoMLSimpleApplication@390bed4c
----------------- Done invoking toplevel() on ptolemy.moml.MoMLSimpleApplication@390bed4c
reloadAllAccessors: .BouncingBall

===========================================================================================
----------------- testing Tue Sep 03 05:30:40 UTC 2019 /home/travis/build/icyphy/ptII/ptolemy/domains/continuous/test/auto/BouncingBallWithoutGR.xml
----------------- Instantiating /home/travis/build/icyphy/ptII/ptolemy/domains/continuous/test/auto/BouncingBallWithoutGR.xml
826 ms. Memory: 175104K Free: 84174K (48%)
----------------- Invoking toplevel() on ptolemy.moml.MoMLSimpleApplication@318bf699
----------------- Done invoking toplevel() on ptolemy.moml.MoMLSimpleApplication@318bf699
reloadAllAccessors: .BouncingBallWithoutGR

===========================================================================================
----------------- testing Tue Sep 03 05:30:41 UTC 2019 /home/travis/build/icyphy/ptII/ptolemy/domains/continuous/test/auto/Brownian.xml
----------------- Instantiating /home/travis/build/icyphy/ptII/ptolemy/domains/continuous/test/auto/Brownian.xml
39 ms. Memory: 175104K Free: 74958K (43%)
----------------- Invoking toplevel() on ptolemy.moml.MoMLSimpleApplication@588bfddf
----------------- Done invoking toplevel() on ptolemy.moml.MoMLSimpleApplication@588bfddf
reloadAllAccessors: .Brownian

===========================================================================================
----------------- testing Tue Sep 03 05:30:41 UTC 2019 /home/travis/build/icyphy/ptII/ptolemy/domains/continuous/test/auto/CarTracking.xml
----------------- Instantiating /home/travis/build/icyphy/ptII/ptolemy/domains/continuous/test/auto/CarTracking.xml
3788 ms. Memory: 210944K Free: 155488K (74%)
----------------- Invoking toplevel() on ptolemy.moml.MoMLSimpleApplication@860fed8
----------------- Done invoking toplevel() on ptolemy.moml.MoMLSimpleApplication@860fed8
reloadAllAccessors: .CarTracking

===========================================================================================
----------------- testing Tue Sep 03 05:30:46 UTC 2019 /home/travis/build/icyphy/ptII/ptolemy/domains/continuous/test/auto/CartPendulum.xml
----------------- Instantiating /home/travis/build/icyphy/ptII/ptolemy/domains/continuous/test/auto/CartPendulum.xml
451 ms. Memory: 257024K Free: 230763K (90%)
----------------- Invoking toplevel() on ptolemy.moml.MoMLSimpleApplication@7bcb8e19
----------------- Done invoking toplevel() on ptolemy.moml.MoMLSimpleApplication@7bcb8e19
reloadAllAccessors: .CartPendulum

===========================================================================================
----------------- testing Tue Sep 03 05:30:46 UTC 2019 /home/travis/build/icyphy/ptII/ptolemy/domains/continuous/test/auto/CausalityInterface10.xml
----------------- Instantiating /home/travis/build/icyphy/ptII/ptolemy/domains/continuous/test/auto/CausalityInterface10.xml
17 ms. Memory: 257024K Free: 220009K (86%)
----------------- Invoking toplevel() on ptolemy.moml.MoMLSimpleApplication@6f2f7527
----------------- Done invoking toplevel() on ptolemy.moml.MoMLSimpleApplication@6f2f7527
reloadAllAccessors: .CausalityInterface10

===========================================================================================
----------------- testing Tue Sep 03 05:30:46 UTC 2019 /home/travis/build/icyphy/ptII/ptolemy/domains/continuous/test/auto/CausalityInterface11.xml
----------------- Instantiating /home/travis/build/icyphy/ptII/ptolemy/domains/continuous/test/auto/CausalityInterface11.xml
7 ms. Memory: 257024K Free: 213851K (83%)
----------------- Invoking toplevel() on ptolemy.moml.MoMLSimpleApplication@7937bfdb
----------------- Done invoking toplevel() on ptolemy.moml.MoMLSimpleApplication@7937bfdb
reloadAllAccessors: .CausalityInterface11

===========================================================================================
----------------- testing Tue Sep 03 05:30:47 UTC 2019 /home/travis/build/icyphy/ptII/ptolemy/domains/continuous/test/auto/CausalityInterface12.xml
----------------- Instantiating /home/travis/build/icyphy/ptII/ptolemy/domains/continuous/test/auto/CausalityInterface12.xml
9 ms. Memory: 257024K Free: 207707K (81%)
----------------- Invoking toplevel() on ptolemy.moml.MoMLSimpleApplication@4a049d0
----------------- Done invoking toplevel() on ptolemy.moml.MoMLSimpleApplication@4a049d0
reloadAllAccessors: .CausalityInterface12

===========================================================================================
----------------- testing Tue Sep 03 05:30:47 UTC 2019 /home/travis/build/icyphy/ptII/ptolemy/domains/continuous/test/auto/CausalityInterface13.xml
----------------- Instantiating /home/travis/build/icyphy/ptII/ptolemy/domains/continuous/test/auto/CausalityInterface13.xml
10 ms. Memory: 257024K Free: 201563K (78%)
----------------- Invoking toplevel() on ptolemy.moml.MoMLSimpleApplication@4fd880a9
----------------- Done invoking toplevel() on ptolemy.moml.MoMLSimpleApplication@4fd880a9
reloadAllAccessors: .CausalityInterface13

===========================================================================================
----------------- testing Tue Sep 03 05:30:47 UTC 2019 /home/travis/build/icyphy/ptII/ptolemy/domains/continuous/test/auto/CausalityInterface14.xml
----------------- Instantiating /home/travis/build/icyphy/ptII/ptolemy/domains/continuous/test/auto/CausalityInterface14.xml
5 ms. Memory: 257024K Free: 195947K (76%)
----------------- Invoking toplevel() on ptolemy.moml.MoMLSimpleApplication@1b8f0c60
----------------- Done invoking toplevel() on ptolemy.moml.MoMLSimpleApplication@1b8f0c60
reloadAllAccessors: .CausalityInterface14

===========================================================================================
----------------- testing Tue Sep 03 05:30:47 UTC 2019 /home/travis/build/icyphy/ptII/ptolemy/domains/continuous/test/auto/CausalityInterface4.xml
----------------- Instantiating /home/travis/build/icyphy/ptII/ptolemy/domains/continuous/test/auto/CausalityInterface4.xml
6 ms. Memory: 257024K Free: 189275K (74%)
----------------- Invoking toplevel() on ptolemy.moml.MoMLSimpleApplication@6c7ff5c8
----------------- Done invoking toplevel() on ptolemy.moml.MoMLSimpleApplication@6c7ff5c8
reloadAllAccessors: .CausalityInterface4

===========================================================================================
----------------- testing Tue Sep 03 05:30:47 UTC 2019 /home/travis/build/icyphy/ptII/ptolemy/domains/continuous/test/auto/CausalityInterface5.xml
----------------- Instantiating /home/travis/build/icyphy/ptII/ptolemy/domains/continuous/test/auto/CausalityInterface5.xml
11 ms. Memory: 257024K Free: 181097K (70%)
----------------- Invoking toplevel() on ptolemy.moml.MoMLSimpleApplication@a103c7f
----------------- Done invoking toplevel() on ptolemy.moml.MoMLSimpleApplication@a103c7f
reloadAllAccessors: .CausalityInterface5

===========================================================================================
----------------- testing Tue Sep 03 05:30:47 UTC 2019 /home/travis/build/icyphy/ptII/ptolemy/domains/continuous/test/auto/CausalityInterface6.xml
----------------- Instantiating /home/travis/build/icyphy/ptII/ptolemy/domains/continuous/test/auto/CausalityInterface6.xml
9 ms. Memory: 257024K Free: 175467K (68%)
----------------- Invoking toplevel() on ptolemy.moml.MoMLSimpleApplication@48b0bb82
----------------- Done invoking toplevel() on ptolemy.moml.MoMLSimpleApplication@48b0bb82
reloadAllAccessors: .CausalityInterface6

===========================================================================================
----------------- testing Tue Sep 03 05:30:47 UTC 2019 /home/travis/build/icyphy/ptII/ptolemy/domains/continuous/test/auto/CausalityInterface7.xml
----------------- Instantiating /home/travis/build/icyphy/ptII/ptolemy/domains/continuous/test/auto/CausalityInterface7.xml
12 ms. Memory: 257024K Free: 167275K (65%)
----------------- Invoking toplevel() on ptolemy.moml.MoMLSimpleApplication@47877764
----------------- Done invoking toplevel() on ptolemy.moml.MoMLSimpleApplication@47877764
reloadAllAccessors: .CausalityInterface7

===========================================================================================
----------------- testing Tue Sep 03 05:30:47 UTC 2019 /home/travis/build/icyphy/ptII/ptolemy/domains/continuous/test/auto/CausalityInterface8.xml
----------------- Instantiating /home/travis/build/icyphy/ptII/ptolemy/domains/continuous/test/auto/CausalityInterface8.xml
10 ms. Memory: 257024K Free: 158059K (61%)
----------------- Invoking toplevel() on ptolemy.moml.MoMLSimpleApplication@4c92f6a2
----------------- Done invoking toplevel() on ptolemy.moml.MoMLSimpleApplication@4c92f6a2
reloadAllAccessors: .CausalityInterface8

===========================================================================================
----------------- testing Tue Sep 03 05:30:47 UTC 2019 /home/travis/build/icyphy/ptII/ptolemy/domains/continuous/test/auto/CausalityInterface9.xml
----------------- Instantiating /home/travis/build/icyphy/ptII/ptolemy/domains/continuous/test/auto/CausalityInterface9.xml
7 ms. Memory: 257024K Free: 147305K (57%)
----------------- Invoking toplevel() on ptolemy.moml.MoMLSimpleApplication@77dc69f5
----------------- Done invoking toplevel() on ptolemy.moml.MoMLSimpleApplication@77dc69f5
reloadAllAccessors: .CausalityInterface9

===========================================================================================
----------------- testing Tue Sep 03 05:30:47 UTC 2019 /home/travis/build/icyphy/ptII/ptolemy/domains/continuous/test/auto/CausalityInterfaceFeedback1.xml
----------------- Instantiating /home/travis/build/icyphy/ptII/ptolemy/domains/continuous/test/auto/CausalityInterfaceFeedback1.xml
11 ms. Memory: 257024K Free: 140651K (55%)
----------------- Invoking toplevel() on ptolemy.moml.MoMLSimpleApplication@2aa6ba30
----------------- Done invoking toplevel() on ptolemy.moml.MoMLSimpleApplication@2aa6ba30
reloadAllAccessors: .CausalityInterfaceFeedback1

===========================================================================================
----------------- testing Tue Sep 03 05:30:47 UTC 2019 /home/travis/build/icyphy/ptII/ptolemy/domains/continuous/test/auto/CausalityInterfaceFeedback2.xml
----------------- Instantiating /home/travis/build/icyphy/ptII/ptolemy/domains/continuous/test/auto/CausalityInterfaceFeedback2.xml
5 ms. Memory: 257024K Free: 133979K (52%)
----------------- Invoking toplevel() on ptolemy.moml.MoMLSimpleApplication@ec047d4
----------------- Done invoking toplevel() on ptolemy.moml.MoMLSimpleApplication@ec047d4
reloadAllAccessors: .CausalityInterfaceFeedback2

===========================================================================================
----------------- testing Tue Sep 03 05:30:47 UTC 2019 /home/travis/build/icyphy/ptII/ptolemy/domains/continuous/test/auto/CompareWithCurrentTime.xml
----------------- Instantiating /home/travis/build/icyphy/ptII/ptolemy/domains/continuous/test/auto/CompareWithCurrentTime.xml
4 ms. Memory: 257024K Free: 129897K (51%)
----------------- Invoking toplevel() on ptolemy.moml.MoMLSimpleApplication@56808853
----------------- Done invoking toplevel() on ptolemy.moml.MoMLSimpleApplication@56808853
reloadAllAccessors: .CompareWithCurrentTime

===========================================================================================
----------------- testing Tue Sep 03 05:30:47 UTC 2019 /home/travis/build/icyphy/ptII/ptolemy/domains/continuous/test/auto/ComparedClocks.xml
----------------- Instantiating /home/travis/build/icyphy/ptII/ptolemy/domains/continuous/test/auto/ComparedClocks.xml
7 ms. Memory: 257024K Free: 114523K (45%)
----------------- Invoking toplevel() on ptolemy.moml.MoMLSimpleApplication@5d7cb65b
----------------- Done invoking toplevel() on ptolemy.moml.MoMLSimpleApplication@5d7cb65b
reloadAllAccessors: .ComparedClocks

===========================================================================================
----------------- testing Tue Sep 03 05:30:47 UTC 2019 /home/travis/build/icyphy/ptII/ptolemy/domains/continuous/test/auto/ContinuousAOCClone.xml
----------------- Instantiating /home/travis/build/icyphy/ptII/ptolemy/domains/continuous/test/auto/ContinuousAOCClone.xml
2858 ms. Memory: 309248K Free: 255265K (83%)
----------------- Invoking toplevel() on ptolemy.moml.MoMLSimpleApplication@eb5f98
----------------- Done invoking toplevel() on ptolemy.moml.MoMLSimpleApplication@eb5f98
reloadAllAccessors: .ContinuousAOCClone

===========================================================================================
----------------- testing Tue Sep 03 05:30:50 UTC 2019 /home/travis/build/icyphy/ptII/ptolemy/domains/continuous/test/auto/ContinuousClock.xml
----------------- Instantiating /home/travis/build/icyphy/ptII/ptolemy/domains/continuous/test/auto/ContinuousClock.xml
55 ms. Memory: 309248K Free: 233251K (75%)
----------------- Invoking toplevel() on ptolemy.moml.MoMLSimpleApplication@61384c27
----------------- Done invoking toplevel() on ptolemy.moml.MoMLSimpleApplication@61384c27
reloadAllAccessors: .ContinuousClock

===========================================================================================
----------------- testing Tue Sep 03 05:30:50 UTC 2019 /home/travis/build/icyphy/ptII/ptolemy/domains/continuous/test/auto/ContinuousInContinuous.xml
----------------- Instantiating /home/travis/build/icyphy/ptII/ptolemy/domains/continuous/test/auto/ContinuousInContinuous.xml
56 ms. Memory: 309248K Free: 209699K (68%)
----------------- Invoking toplevel() on ptolemy.moml.MoMLSimpleApplication@201c6023
----------------- Done invoking toplevel() on ptolemy.moml.MoMLSimpleApplication@201c6023
reloadAllAccessors: .ContinuousInContinuous

===========================================================================================
----------------- testing Tue Sep 03 05:30:51 UTC 2019 /home/travis/build/icyphy/ptII/ptolemy/domains/continuous/test/auto/ContinuousInContinuousInContinuous.xml
----------------- Instantiating /home/travis/build/icyphy/ptII/ptolemy/domains/continuous/test/auto/ContinuousInContinuousInContinuous.xml
10 ms. Memory: 309248K Free: 202017K (65%)
----------------- Invoking toplevel() on ptolemy.moml.MoMLSimpleApplication@6f286cd6
----------------- Done invoking toplevel() on ptolemy.moml.MoMLSimpleApplication@6f286cd6
reloadAllAccessors: .ContinuousInContinuousInContinuous

===========================================================================================
----------------- testing Tue Sep 03 05:30:51 UTC 2019 /home/travis/build/icyphy/ptII/ptolemy/domains/continuous/test/auto/ContinuousInDE.xml
----------------- Instantiating /home/travis/build/icyphy/ptII/ptolemy/domains/continuous/test/auto/ContinuousInDE.xml
98 ms. Memory: 309248K Free: 191267K (62%)
----------------- Invoking toplevel() on ptolemy.moml.MoMLSimpleApplication@7278342
----------------- Done invoking toplevel() on ptolemy.moml.MoMLSimpleApplication@7278342
reloadAllAccessors: .ContinuousInDE

===========================================================================================
----------------- testing Tue Sep 03 05:30:51 UTC 2019 /home/travis/build/icyphy/ptII/ptolemy/domains/continuous/test/auto/ContinuousInDE2.xml
----------------- Instantiating /home/travis/build/icyphy/ptII/ptolemy/domains/continuous/test/auto/ContinuousInDE2.xml
47 ms. Memory: 309248K Free: 181537K (59%)
----------------- Invoking toplevel() on ptolemy.moml.MoMLSimpleApplication@6d1ee21c
----------------- Done invoking toplevel() on ptolemy.moml.MoMLSimpleApplication@6d1ee21c
reloadAllAccessors: .ContinuousInDE2

===========================================================================================
----------------- testing Tue Sep 03 05:30:51 UTC 2019 /home/travis/build/icyphy/ptII/ptolemy/domains/continuous/test/auto/ContinuousInDE3.xml
----------------- Instantiating /home/travis/build/icyphy/ptII/ptolemy/domains/continuous/test/auto/ContinuousInDE3.xml
37 ms. Memory: 309248K Free: 171811K (56%)
----------------- Invoking toplevel() on ptolemy.moml.MoMLSimpleApplication@4b7f1c36
----------------- Done invoking toplevel() on ptolemy.moml.MoMLSimpleApplication@4b7f1c36
reloadAllAccessors: .ContinuousInDE3

===========================================================================================
----------------- testing Tue Sep 03 05:30:51 UTC 2019 /home/travis/build/icyphy/ptII/ptolemy/domains/continuous/test/auto/ContinuousInDE4.xml
----------------- Instantiating /home/travis/build/icyphy/ptII/ptolemy/domains/continuous/test/auto/ContinuousInDE4.xml
17 ms. Memory: 309248K Free: 165667K (54%)
----------------- Invoking toplevel() on ptolemy.moml.MoMLSimpleApplication@b1bdb3e
----------------- Done invoking toplevel() on ptolemy.moml.MoMLSimpleApplication@b1bdb3e
reloadAllAccessors: .ContinuousInDE4

===========================================================================================
----------------- testing Tue Sep 03 05:30:51 UTC 2019 /home/travis/build/icyphy/ptII/ptolemy/domains/continuous/test/auto/ContinuousInDEDifferentRefinements.xml
----------------- Instantiating /home/travis/build/icyphy/ptII/ptolemy/domains/continuous/test/auto/ContinuousInDEDifferentRefinements.xml
66 ms. Memory: 309248K Free: 134419K (43%)
----------------- Invoking toplevel() on ptolemy.moml.MoMLSimpleApplication@8a56063
----------------- Done invoking toplevel() on ptolemy.moml.MoMLSimpleApplication@8a56063
reloadAllAccessors: .ContinuousInDEDifferentRefinements

===========================================================================================
----------------- testing Tue Sep 03 05:30:51 UTC 2019 /home/travis/build/icyphy/ptII/ptolemy/domains/continuous/test/auto/ContinuousInDEDifferentRefinementsPreemptive.xml
----------------- Instantiating /home/travis/build/icyphy/ptII/ptolemy/domains/continuous/test/auto/ContinuousInDEDifferentRefinementsPreemptive.xml
69 ms. Memory: 309248K Free: 287641K (93%)
----------------- Invoking toplevel() on ptolemy.moml.MoMLSimpleApplication@25b44589
----------------- Done invoking toplevel() on ptolemy.moml.MoMLSimpleApplication@25b44589
reloadAllAccessors: .ContinuousInDEDifferentRefinementsPreemptive

===========================================================================================
----------------- testing Tue Sep 03 05:30:51 UTC 2019 /home/travis/build/icyphy/ptII/ptolemy/domains/continuous/test/auto/ContinuousInDEInContinuous2.xml
----------------- Instantiating /home/travis/build/icyphy/ptII/ptolemy/domains/continuous/test/auto/ContinuousInDEInContinuous2.xml
42 ms. Memory: 309248K Free: 275740K (89%)
----------------- Invoking toplevel() on ptolemy.moml.MoMLSimpleApplication@17f4977e
----------------- Done invoking toplevel() on ptolemy.moml.MoMLSimpleApplication@17f4977e
reloadAllAccessors: .ContinuousInDEInContinuous2

===========================================================================================
----------------- testing Tue Sep 03 05:30:51 UTC 2019 /home/travis/build/icyphy/ptII/ptolemy/domains/continuous/test/auto/ContinuousInDEInContinuous3.xml
----------------- Instantiating /home/travis/build/icyphy/ptII/ptolemy/domains/continuous/test/auto/ContinuousInDEInContinuous3.xml
37 ms. Memory: 309248K Free: 263452K (85%)
----------------- Invoking toplevel() on ptolemy.moml.MoMLSimpleApplication@33e50153
----------------- Done invoking toplevel() on ptolemy.moml.MoMLSimpleApplication@33e50153
reloadAllAccessors: .ContinuousInDEInContinuous3

===========================================================================================
----------------- testing Tue Sep 03 05:30:51 UTC 2019 /home/travis/build/icyphy/ptII/ptolemy/domains/continuous/test/auto/ContinuousInDEInput.xml
----------------- Instantiating /home/travis/build/icyphy/ptII/ptolemy/domains/continuous/test/auto/ContinuousInDEInput.xml
22 ms. Memory: 309248K Free: 256284K (83%)
----------------- Invoking toplevel() on ptolemy.moml.MoMLSimpleApplication@764922ae
----------------- Done invoking toplevel() on ptolemy.moml.MoMLSimpleApplication@764922ae
reloadAllAccessors: .ContinuousInDEInput

===========================================================================================
----------------- testing Tue Sep 03 05:30:51 UTC 2019 /home/travis/build/icyphy/ptII/ptolemy/domains/continuous/test/auto/ContinuousInDEInput2.xml
----------------- Instantiating /home/travis/build/icyphy/ptII/ptolemy/domains/continuous/test/auto/ContinuousInDEInput2.xml
16 ms. Memory: 309248K Free: 249116K (81%)
----------------- Invoking toplevel() on ptolemy.moml.MoMLSimpleApplication@122e53ee
----------------- Done invoking toplevel() on ptolemy.moml.MoMLSimpleApplication@122e53ee
reloadAllAccessors: .ContinuousInDEInput2

===========================================================================================
----------------- testing Tue Sep 03 05:30:51 UTC 2019 /home/travis/build/icyphy/ptII/ptolemy/domains/continuous/test/auto/ContinuousInDEInput3.xml
----------------- Instantiating /home/travis/build/icyphy/ptII/ptolemy/domains/continuous/test/auto/ContinuousInDEInput3.xml
15 ms. Memory: 309248K Free: 241948K (78%)
----------------- Invoking toplevel() on ptolemy.moml.MoMLSimpleApplication@21eb4046
----------------- Done invoking toplevel() on ptolemy.moml.MoMLSimpleApplication@21eb4046
reloadAllAccessors: .ContinuousInDEInput3

===========================================================================================
----------------- testing Tue Sep 03 05:30:51 UTC 2019 /home/travis/build/icyphy/ptII/ptolemy/domains/continuous/test/auto/ContinuousInDESharingRefinement.xml
----------------- Instantiating /home/travis/build/icyphy/ptII/ptolemy/domains/continuous/test/auto/ContinuousInDESharingRefinement.xml
159 ms. Memory: 309248K Free: 147740K (48%)
----------------- Invoking toplevel() on ptolemy.moml.MoMLSimpleApplication@5a80cbc7
----------------- Done invoking toplevel() on ptolemy.moml.MoMLSimpleApplication@5a80cbc7
reloadAllAccessors: .ContinuousInDESharingRefinement

===========================================================================================
----------------- testing Tue Sep 03 05:30:52 UTC 2019 /home/travis/build/icyphy/ptII/ptolemy/domains/continuous/test/auto/ContinuousInDEwithNoPorts.xml
----------------- Instantiating /home/travis/build/icyphy/ptII/ptolemy/domains/continuous/test/auto/ContinuousInDEwithNoPorts.xml
3 ms. Memory: 309248K Free: 143644K (46%)
----------------- Invoking toplevel() on ptolemy.moml.MoMLSimpleApplication@15bbc28d
----------------- Done invoking toplevel() on ptolemy.moml.MoMLSimpleApplication@15bbc28d
reloadAllAccessors: .ContinuousInDEwithNoPorts

===========================================================================================
----------------- testing Tue Sep 03 05:30:52 UTC 2019 /home/travis/build/icyphy/ptII/ptolemy/domains/continuous/test/auto/ContinuousInsideDE.xml
----------------- Instantiating /home/travis/build/icyphy/ptII/ptolemy/domains/continuous/test/auto/ContinuousInsideDE.xml
40 ms. Memory: 309248K Free: 132380K (43%)
----------------- Invoking toplevel() on ptolemy.moml.MoMLSimpleApplication@74b73daa
----------------- Done invoking toplevel() on ptolemy.moml.MoMLSimpleApplication@74b73daa
reloadAllAccessors: .ContinuousInsideDE

===========================================================================================
----------------- testing Tue Sep 03 05:30:52 UTC 2019 /home/travis/build/icyphy/ptII/ptolemy/domains/continuous/test/auto/ContinuousMerge1.xml
----------------- Instantiating /home/travis/build/icyphy/ptII/ptolemy/domains/continuous/test/auto/ContinuousMerge1.xml
4 ms. Memory: 309248K Free: 128284K (41%)
----------------- Invoking toplevel() on ptolemy.moml.MoMLSimpleApplication@6dde5217
----------------- Done invoking toplevel() on ptolemy.moml.MoMLSimpleApplication@6dde5217
reloadAllAccessors: .ContinuousMerge1

===========================================================================================
----------------- testing Tue Sep 03 05:30:52 UTC 2019 /home/travis/build/icyphy/ptII/ptolemy/domains/continuous/test/auto/ContinuousMerge2.xml
----------------- Instantiating /home/travis/build/icyphy/ptII/ptolemy/domains/continuous/test/auto/ContinuousMerge2.xml
19 ms. Memory: 309248K Free: 118044K (38%)
----------------- Invoking toplevel() on ptolemy.moml.MoMLSimpleApplication@5b745864
----------------- Done invoking toplevel() on ptolemy.moml.MoMLSimpleApplication@5b745864
reloadAllAccessors: .ContinuousMerge2

===========================================================================================
----------------- testing Tue Sep 03 05:30:52 UTC 2019 /home/travis/build/icyphy/ptII/ptolemy/domains/continuous/test/auto/ContinuousMerge3.xml
----------------- Instantiating /home/travis/build/icyphy/ptII/ptolemy/domains/continuous/test/auto/ContinuousMerge3.xml
68 ms. Memory: 309248K Free: 291002K (94%)
----------------- Invoking toplevel() on ptolemy.moml.MoMLSimpleApplication@790407c
----------------- Done invoking toplevel() on ptolemy.moml.MoMLSimpleApplication@790407c
reloadAllAccessors: .ContinuousMerge3

===========================================================================================
----------------- testing Tue Sep 03 05:30:52 UTC 2019 /home/travis/build/icyphy/ptII/ptolemy/domains/continuous/test/auto/ContinuousWithinContinuous.xml
----------------- Instantiating /home/travis/build/icyphy/ptII/ptolemy/domains/continuous/test/auto/ContinuousWithinContinuous.xml
64 ms. Memory: 309248K Free: 281786K (91%)
----------------- Invoking toplevel() on ptolemy.moml.MoMLSimpleApplication@7ba50ba4
----------------- Done invoking toplevel() on ptolemy.moml.MoMLSimpleApplication@7ba50ba4
reloadAllAccessors: .ContinuousWithinContinuous

===========================================================================================
----------------- testing Tue Sep 03 05:30:52 UTC 2019 /home/travis/build/icyphy/ptII/ptolemy/domains/continuous/test/auto/ContinuousWithinContinuous2.xml
----------------- Instantiating /home/travis/build/icyphy/ptII/ptolemy/domains/continuous/test/auto/ContinuousWithinContinuous2.xml
90 ms. Memory: 309248K Free: 271546K (88%)
----------------- Invoking toplevel() on ptolemy.moml.MoMLSimpleApplication@384e2be4
----------------- Done invoking toplevel() on ptolemy.moml.MoMLSimpleApplication@384e2be4
reloadAllAccessors: .ContinuousWithinContinuous2

===========================================================================================
----------------- testing Tue Sep 03 05:30:52 UTC 2019 /home/travis/build/icyphy/ptII/ptolemy/domains/continuous/test/auto/ContinuousWithinContinuous3.xml
----------------- Instantiating /home/travis/build/icyphy/ptII/ptolemy/domains/continuous/test/auto/ContinuousWithinContinuous3.xml
17 ms. Memory: 309248K Free: 264378K (85%)
----------------- Invoking toplevel() on ptolemy.moml.MoMLSimpleApplication@6d9898c3
----------------- Done invoking toplevel() on ptolemy.moml.MoMLSimpleApplication@6d9898c3
reloadAllAccessors: .ContinuousWithinContinuous3

===========================================================================================
----------------- testing Tue Sep 03 05:30:52 UTC 2019 /home/travis/build/icyphy/ptII/ptolemy/domains/continuous/test/auto/ContinuousWithinContinuous4.xml
----------------- Instantiating /home/travis/build/icyphy/ptII/ptolemy/domains/continuous/test/auto/ContinuousWithinContinuous4.xml
112 ms. Memory: 309248K Free: 252090K (82%)
----------------- Invoking toplevel() on ptolemy.moml.MoMLSimpleApplication@2ea2d3a8
----------------- Done invoking toplevel() on ptolemy.moml.MoMLSimpleApplication@2ea2d3a8
reloadAllAccessors: .ContinuousWithinContinuous4

===========================================================================================
----------------- testing Tue Sep 03 05:30:52 UTC 2019 /home/travis/build/icyphy/ptII/ptolemy/domains/continuous/test/auto/ContinuousWithinContinuous5.xml
----------------- Instantiating /home/travis/build/icyphy/ptII/ptolemy/domains/continuous/test/auto/ContinuousWithinContinuous5.xml
19 ms. Memory: 309248K Free: 244408K (79%)
----------------- Invoking toplevel() on ptolemy.moml.MoMLSimpleApplication@d123206
----------------- Done invoking toplevel() on ptolemy.moml.MoMLSimpleApplication@d123206
reloadAllAccessors: .ContinuousWithinContinuous5

===========================================================================================
----------------- testing Tue Sep 03 05:30:52 UTC 2019 /home/travis/build/icyphy/ptII/ptolemy/domains/continuous/test/auto/ContinuousWithinContinuous6.xml
----------------- Instantiating /home/travis/build/icyphy/ptII/ptolemy/domains/continuous/test/auto/ContinuousWithinContinuous6.xml
18 ms. Memory: 309248K Free: 237754K (77%)
----------------- Invoking toplevel() on ptolemy.moml.MoMLSimpleApplication@27d92df0
----------------- Done invoking toplevel() on ptolemy.moml.MoMLSimpleApplication@27d92df0
reloadAllAccessors: .ContinuousWithinContinuous6

===========================================================================================
----------------- testing Tue Sep 03 05:30:52 UTC 2019 /home/travis/build/icyphy/ptII/ptolemy/domains/continuous/test/auto/ContinuousWithinContinuous7.xml
----------------- Instantiating /home/travis/build/icyphy/ptII/ptolemy/domains/continuous/test/auto/ContinuousWithinContinuous7.xml
84 ms. Memory: 309248K Free: 227000K (73%)
----------------- Invoking toplevel() on ptolemy.moml.MoMLSimpleApplication@390faf11
----------------- Done invoking toplevel() on ptolemy.moml.MoMLSimpleApplication@390faf11
reloadAllAccessors: .ContinuousWithinContinuous7

===========================================================================================
----------------- testing Tue Sep 03 05:30:52 UTC 2019 /home/travis/build/icyphy/ptII/ptolemy/domains/continuous/test/auto/DCMotor.xml
----------------- Instantiating /home/travis/build/icyphy/ptII/ptolemy/domains/continuous/test/auto/DCMotor.xml
15499 ms. Memory: 309248K Free: 259031K (84%)
----------------- Invoking toplevel() on ptolemy.moml.MoMLSimpleApplication@367f0046
----------------- Done invoking toplevel() on ptolemy.moml.MoMLSimpleApplication@367f0046
reloadAllAccessors: .DCMotor

===========================================================================================
----------------- testing Tue Sep 03 05:31:08 UTC 2019 /home/travis/build/icyphy/ptII/ptolemy/domains/continuous/test/auto/DEInContinuous.xml
----------------- Instantiating /home/travis/build/icyphy/ptII/ptolemy/domains/continuous/test/auto/DEInContinuous.xml
16 ms. Memory: 309248K Free: 252887K (82%)
----------------- Invoking toplevel() on ptolemy.moml.MoMLSimpleApplication@901d47f
----------------- Done invoking toplevel() on ptolemy.moml.MoMLSimpleApplication@901d47f
reloadAllAccessors: .DEInContinuous

===========================================================================================
----------------- testing Tue Sep 03 05:31:08 UTC 2019 /home/travis/build/icyphy/ptII/ptolemy/domains/continuous/test/auto/DEinContinuous2.xml
----------------- Instantiating /home/travis/build/icyphy/ptII/ptolemy/domains/continuous/test/auto/DEinContinuous2.xml
9 ms. Memory: 309248K Free: 244695K (79%)
----------------- Invoking toplevel() on ptolemy.moml.MoMLSimpleApplication@110c6714
----------------- Done invoking toplevel() on ptolemy.moml.MoMLSimpleApplication@110c6714
reloadAllAccessors: .DEinContinuous2

===========================================================================================
----------------- testing Tue Sep 03 05:31:08 UTC 2019 /home/travis/build/icyphy/ptII/ptolemy/domains/continuous/test/auto/Derivative.xml
----------------- Instantiating /home/travis/build/icyphy/ptII/ptolemy/domains/continuous/test/auto/Derivative.xml
195 ms. Memory: 309248K Free: 215509K (70%)
----------------- Invoking toplevel() on ptolemy.moml.MoMLSimpleApplication@156e67a2
----------------- Done invoking toplevel() on ptolemy.moml.MoMLSimpleApplication@156e67a2
reloadAllAccessors: .Derivative2

===========================================================================================
----------------- testing Tue Sep 03 05:31:08 UTC 2019 /home/travis/build/icyphy/ptII/ptolemy/domains/continuous/test/auto/Derivative1.xml
----------------- Instantiating /home/travis/build/icyphy/ptII/ptolemy/domains/continuous/test/auto/Derivative1.xml
35 ms. Memory: 309248K Free: 201173K (65%)
----------------- Invoking toplevel() on ptolemy.moml.MoMLSimpleApplication@1a7538e2
----------------- Done invoking toplevel() on ptolemy.moml.MoMLSimpleApplication@1a7538e2
reloadAllAccessors: .Derivative1

===========================================================================================
----------------- testing Tue Sep 03 05:31:08 UTC 2019 /home/travis/build/icyphy/ptII/ptolemy/domains/continuous/test/auto/DiscreteClock.xml
----------------- Instantiating /home/travis/build/icyphy/ptII/ptolemy/domains/continuous/test/auto/DiscreteClock.xml
3 ms. Memory: 309248K Free: 196053K (63%)
----------------- Invoking toplevel() on ptolemy.moml.MoMLSimpleApplication@356b78f9
----------------- Done invoking toplevel() on ptolemy.moml.MoMLSimpleApplication@356b78f9
reloadAllAccessors: .DiscreteClock

===========================================================================================
----------------- testing Tue Sep 03 05:31:08 UTC 2019 /home/travis/build/icyphy/ptII/ptolemy/domains/continuous/test/auto/EfficiencyCurve.xml
----------------- Instantiating /home/travis/build/icyphy/ptII/ptolemy/domains/continuous/test/auto/EfficiencyCurve.xml
71 ms. Memory: 309248K Free: 187351K (61%)
----------------- Invoking toplevel() on ptolemy.moml.MoMLSimpleApplication@24e7da16
----------------- Done invoking toplevel() on ptolemy.moml.MoMLSimpleApplication@24e7da16
reloadAllAccessors: .EfficiencyCurve

===========================================================================================
----------------- testing Tue Sep 03 05:31:09 UTC 2019 /home/travis/build/icyphy/ptII/ptolemy/domains/continuous/test/auto/ExponentialResponse.xml
----------------- Instantiating /home/travis/build/icyphy/ptII/ptolemy/domains/continuous/test/auto/ExponentialResponse.xml
147 ms. Memory: 309248K Free: 171991K (56%)
----------------- Invoking toplevel() on ptolemy.moml.MoMLSimpleApplication@5fe0dfcb
----------------- Done invoking toplevel() on ptolemy.moml.MoMLSimpleApplication@5fe0dfcb
reloadAllAccessors: .ExponentialResponse

===========================================================================================
----------------- testing Tue Sep 03 05:31:09 UTC 2019 /home/travis/build/icyphy/ptII/ptolemy/domains/continuous/test/auto/ExponentialResponseRK45.xml
----------------- Instantiating /home/travis/build/icyphy/ptII/ptolemy/domains/continuous/test/auto/ExponentialResponseRK45.xml
37 ms. Memory: 309248K Free: 165333K (53%)
----------------- Invoking toplevel() on ptolemy.moml.MoMLSimpleApplication@68c7fd3b
----------------- Done invoking toplevel() on ptolemy.moml.MoMLSimpleApplication@68c7fd3b
reloadAllAccessors: .ExponentialResponseRK45

===========================================================================================
----------------- testing Tue Sep 03 05:31:09 UTC 2019 /home/travis/build/icyphy/ptII/ptolemy/domains/continuous/test/auto/Friction.xml
----------------- Instantiating /home/travis/build/icyphy/ptII/ptolemy/domains/continuous/test/auto/Friction.xml
1752 ms. Memory: 309248K Free: 285975K (92%)
----------------- Invoking toplevel() on ptolemy.moml.MoMLSimpleApplication@568e6243
----------------- Done invoking toplevel() on ptolemy.moml.MoMLSimpleApplication@568e6243
reloadAllAccessors: .Friction

===========================================================================================
----------------- testing Tue Sep 03 05:31:11 UTC 2019 /home/travis/build/icyphy/ptII/ptolemy/domains/continuous/test/auto/FurutaPendulum.xml
----------------- Instantiating /home/travis/build/icyphy/ptII/ptolemy/domains/continuous/test/auto/FurutaPendulum.xml
4011 ms. Memory: 309248K Free: 135073K (44%)
----------------- Invoking toplevel() on ptolemy.moml.MoMLSimpleApplication@d3edd30
----------------- Done invoking toplevel() on ptolemy.moml.MoMLSimpleApplication@d3edd30
reloadAllAccessors: .FurutaPendulum

===========================================================================================
----------------- testing Tue Sep 03 05:31:15 UTC 2019 /home/travis/build/icyphy/ptII/ptolemy/domains/continuous/test/auto/HierarchicalExecution.xml
----------------- Instantiating /home/travis/build/icyphy/ptII/ptolemy/domains/continuous/test/auto/HierarchicalExecution.xml
2275 ms. Memory: 309248K Free: 215087K (70%)
----------------- Invoking toplevel() on ptolemy.moml.MoMLSimpleApplication@68cb32e7
----------------- Done invoking toplevel() on ptolemy.moml.MoMLSimpleApplication@68cb32e7
reloadAllAccessors: .HierarchicalExecution

===========================================================================================
----------------- testing Tue Sep 03 05:31:18 UTC 2019 /home/travis/build/icyphy/ptII/ptolemy/domains/continuous/test/auto/HybridPlant.xml
----------------- Instantiating /home/travis/build/icyphy/ptII/ptolemy/domains/continuous/test/auto/HybridPlant.xml
562 ms. Memory: 309248K Free: 134617K (44%)
----------------- Invoking toplevel() on ptolemy.moml.MoMLSimpleApplication@5706cf7a
----------------- Done invoking toplevel() on ptolemy.moml.MoMLSimpleApplication@5706cf7a
reloadAllAccessors: .HybridPlant

===========================================================================================
----------------- testing Tue Sep 03 05:31:19 UTC 2019 /home/travis/build/icyphy/ptII/ptolemy/domains/continuous/test/auto/Hysteresis.xml
----------------- Instantiating /home/travis/build/icyphy/ptII/ptolemy/domains/continuous/test/auto/Hysteresis.xml
170 ms. Memory: 309248K Free: 255640K (83%)
----------------- Invoking toplevel() on ptolemy.moml.MoMLSimpleApplication@24c1bc69
----------------- Done invoking toplevel() on ptolemy.moml.MoMLSimpleApplication@24c1bc69
reloadAllAccessors: .Hysteresis

===========================================================================================
----------------- testing Tue Sep 03 05:31:19 UTC 2019 /home/travis/build/icyphy/ptII/ptolemy/domains/continuous/test/auto/HysteresisWithRandomDelay.xml
----------------- Instantiating /home/travis/build/icyphy/ptII/ptolemy/domains/continuous/test/auto/HysteresisWithRandomDelay.xml
210 ms. Memory: 309248K Free: 183781K (59%)
----------------- Invoking toplevel() on ptolemy.moml.MoMLSimpleApplication@39b50d9a
----------------- Done invoking toplevel() on ptolemy.moml.MoMLSimpleApplication@39b50d9a
reloadAllAccessors: .HysteresisWithRandomDelay

===========================================================================================
----------------- testing Tue Sep 03 05:31:19 UTC 2019 /home/travis/build/icyphy/ptII/ptolemy/domains/continuous/test/auto/HysteresisWithRandomLosses.xml
----------------- Instantiating /home/travis/build/icyphy/ptII/ptolemy/domains/continuous/test/auto/HysteresisWithRandomLosses.xml
2700 ms. Memory: 309248K Free: 162962K (53%)
----------------- Invoking toplevel() on ptolemy.moml.MoMLSimpleApplication@1e2be88a
----------------- Done invoking toplevel() on ptolemy.moml.MoMLSimpleApplication@1e2be88a
reloadAllAccessors: .HysteresisWithRandomLosses

===========================================================================================
----------------- testing Tue Sep 03 05:31:22 UTC 2019 /home/travis/build/icyphy/ptII/ptolemy/domains/continuous/test/auto/ImmediateTransitions.xml
----------------- Instantiating /home/travis/build/icyphy/ptII/ptolemy/domains/continuous/test/auto/ImmediateTransitions.xml
12 ms. Memory: 309248K Free: 152212K (49%)
----------------- Invoking toplevel() on ptolemy.moml.MoMLSimpleApplication@193cfcaa
----------------- Done invoking toplevel() on ptolemy.moml.MoMLSimpleApplication@193cfcaa
reloadAllAccessors: .ImmediateTransitions

===========================================================================================
----------------- testing Tue Sep 03 05:31:22 UTC 2019 /home/travis/build/icyphy/ptII/ptolemy/domains/continuous/test/auto/ImpulseFeedback.xml
----------------- Instantiating /home/travis/build/icyphy/ptII/ptolemy/domains/continuous/test/auto/ImpulseFeedback.xml
7 ms. Memory: 309248K Free: 146578K (47%)
----------------- Invoking toplevel() on ptolemy.moml.MoMLSimpleApplication@5f3a8276
----------------- Done invoking toplevel() on ptolemy.moml.MoMLSimpleApplication@5f3a8276
reloadAllAccessors: .ImpulseFeedback

===========================================================================================
----------------- testing Tue Sep 03 05:31:22 UTC 2019 /home/travis/build/icyphy/ptII/ptolemy/domains/continuous/test/auto/ImpulseFeedback2.xml
----------------- Instantiating /home/travis/build/icyphy/ptII/ptolemy/domains/continuous/test/auto/ImpulseFeedback2.xml
5 ms. Memory: 309248K Free: 140948K (46%)
----------------- Invoking toplevel() on ptolemy.moml.MoMLSimpleApplication@252e55f0
----------------- Done invoking toplevel() on ptolemy.moml.MoMLSimpleApplication@252e55f0
reloadAllAccessors: .ImpulseFeedback2

===========================================================================================
----------------- testing Tue Sep 03 05:31:22 UTC 2019 /home/travis/build/icyphy/ptII/ptolemy/domains/continuous/test/auto/IncreasingRatePoisson.xml
----------------- Instantiating /home/travis/build/icyphy/ptII/ptolemy/domains/continuous/test/auto/IncreasingRatePoisson.xml
860 ms. Memory: 309248K Free: 184557K (60%)
----------------- Invoking toplevel() on ptolemy.moml.MoMLSimpleApplication@657db25a
----------------- Done invoking toplevel() on ptolemy.moml.MoMLSimpleApplication@657db25a
reloadAllAccessors: .IncreasingRatePoisson

===========================================================================================
----------------- testing Tue Sep 03 05:31:23 UTC 2019 /home/travis/build/icyphy/ptII/ptolemy/domains/continuous/test/auto/InitialStateFeedback.xml
----------------- Instantiating /home/travis/build/icyphy/ptII/ptolemy/domains/continuous/test/auto/InitialStateFeedback.xml
8 ms. Memory: 309248K Free: 179947K (58%)
----------------- Invoking toplevel() on ptolemy.moml.MoMLSimpleApplication@3bd4ed5e
----------------- Done invoking toplevel() on ptolemy.moml.MoMLSimpleApplication@3bd4ed5e
reloadAllAccessors: .InitialStateFeedback

===========================================================================================
----------------- testing Tue Sep 03 05:31:23 UTC 2019 /home/travis/build/icyphy/ptII/ptolemy/domains/continuous/test/auto/Integration.xml
----------------- Instantiating /home/travis/build/icyphy/ptII/ptolemy/domains/continuous/test/auto/Integration.xml
2 ms. Memory: 309248K Free: 175851K (57%)
----------------- Invoking toplevel() on ptolemy.moml.MoMLSimpleApplication@2baf4324
----------------- Done invoking toplevel() on ptolemy.moml.MoMLSimpleApplication@2baf4324
reloadAllAccessors: .Integration

===========================================================================================
----------------- testing Tue Sep 03 05:31:23 UTC 2019 /home/travis/build/icyphy/ptII/ptolemy/domains/continuous/test/auto/Integration2.xml
----------------- Instantiating /home/travis/build/icyphy/ptII/ptolemy/domains/continuous/test/auto/Integration2.xml
93 ms. Memory: 309248K Free: 162029K (52%)
----------------- Invoking toplevel() on ptolemy.moml.MoMLSimpleApplication@3cfc8b82
----------------- Done invoking toplevel() on ptolemy.moml.MoMLSimpleApplication@3cfc8b82
reloadAllAccessors: .Integration2

===========================================================================================
----------------- testing Tue Sep 03 05:31:23 UTC 2019 /home/travis/build/icyphy/ptII/ptolemy/domains/continuous/test/auto/Integration3.xml
----------------- Instantiating /home/travis/build/icyphy/ptII/ptolemy/domains/continuous/test/auto/Integration3.xml
2 ms. Memory: 309248K Free: 157405K (51%)
----------------- Invoking toplevel() on ptolemy.moml.MoMLSimpleApplication@46827f8d
----------------- Done invoking toplevel() on ptolemy.moml.MoMLSimpleApplication@46827f8d
reloadAllAccessors: .Integration3

===========================================================================================
----------------- testing Tue Sep 03 05:31:23 UTC 2019 /home/travis/build/icyphy/ptII/ptolemy/domains/continuous/test/auto/Integration5.xml
----------------- Instantiating /home/travis/build/icyphy/ptII/ptolemy/domains/continuous/test/auto/Integration5.xml
2 ms. Memory: 309248K Free: 153323K (50%)
----------------- Invoking toplevel() on ptolemy.moml.MoMLSimpleApplication@7fa038f8
----------------- Done invoking toplevel() on ptolemy.moml.MoMLSimpleApplication@7fa038f8
reloadAllAccessors: .Integration5

===========================================================================================
----------------- testing Tue Sep 03 05:31:23 UTC 2019 /home/travis/build/icyphy/ptII/ptolemy/domains/continuous/test/auto/IntegratorImpulse.xml
----------------- Instantiating /home/travis/build/icyphy/ptII/ptolemy/domains/continuous/test/auto/IntegratorImpulse.xml
2 ms. Memory: 309248K Free: 149213K (48%)
----------------- Invoking toplevel() on ptolemy.moml.MoMLSimpleApplication@7e96ab76
----------------- Done invoking toplevel() on ptolemy.moml.MoMLSimpleApplication@7e96ab76
reloadAllAccessors: .IntegratorImpulse

===========================================================================================
----------------- testing Tue Sep 03 05:31:23 UTC 2019 /home/travis/build/icyphy/ptII/ptolemy/domains/continuous/test/auto/IntegratorImpulse2.xml
----------------- Instantiating /home/travis/build/icyphy/ptII/ptolemy/domains/continuous/test/auto/IntegratorImpulse2.xml
5 ms. Memory: 309248K Free: 144621K (47%)
----------------- Invoking toplevel() on ptolemy.moml.MoMLSimpleApplication@1b0e2e97
----------------- Done invoking toplevel() on ptolemy.moml.MoMLSimpleApplication@1b0e2e97
reloadAllAccessors: .IntegratorImpulse2

===========================================================================================
----------------- testing Tue Sep 03 05:31:23 UTC 2019 /home/travis/build/icyphy/ptII/ptolemy/domains/continuous/test/auto/LevelCrossing1.xml
----------------- Instantiating /home/travis/build/icyphy/ptII/ptolemy/domains/continuous/test/auto/LevelCrossing1.xml
2 ms. Memory: 309248K Free: 139501K (45%)
----------------- Invoking toplevel() on ptolemy.moml.MoMLSimpleApplication@db740e
----------------- Done invoking toplevel() on ptolemy.moml.MoMLSimpleApplication@db740e
reloadAllAccessors: .LevelCrossing1

===========================================================================================
----------------- testing Tue Sep 03 05:31:23 UTC 2019 /home/travis/build/icyphy/ptII/ptolemy/domains/continuous/test/auto/LevelCrossing2.xml
----------------- Instantiating /home/travis/build/icyphy/ptII/ptolemy/domains/continuous/test/auto/LevelCrossing2.xml
4 ms. Memory: 309248K Free: 134381K (43%)
----------------- Invoking toplevel() on ptolemy.moml.MoMLSimpleApplication@20c2d427
----------------- Done invoking toplevel() on ptolemy.moml.MoMLSimpleApplication@20c2d427
reloadAllAccessors: .LevelCrossing2

===========================================================================================
----------------- testing Tue Sep 03 05:31:23 UTC 2019 /home/travis/build/icyphy/ptII/ptolemy/domains/continuous/test/auto/LevelCrossing3.xml
----------------- Instantiating /home/travis/build/icyphy/ptII/ptolemy/domains/continuous/test/auto/LevelCrossing3.xml
3 ms. Memory: 309248K Free: 129261K (42%)
----------------- Invoking toplevel() on ptolemy.moml.MoMLSimpleApplication@51755b52
----------------- Done invoking toplevel() on ptolemy.moml.MoMLSimpleApplication@51755b52
reloadAllAccessors: .LevelCrossing3

===========================================================================================
----------------- testing Tue Sep 03 05:31:23 UTC 2019 /home/travis/build/icyphy/ptII/ptolemy/domains/continuous/test/auto/LevelCrossing4.xml
----------------- Instantiating /home/travis/build/icyphy/ptII/ptolemy/domains/continuous/test/auto/LevelCrossing4.xml
4 ms. Memory: 309248K Free: 124141K (40%)
----------------- Invoking toplevel() on ptolemy.moml.MoMLSimpleApplication@268b347b
----------------- Done invoking toplevel() on ptolemy.moml.MoMLSimpleApplication@268b347b
reloadAllAccessors: .LevelCrossing4

===========================================================================================
----------------- testing Tue Sep 03 05:31:23 UTC 2019 /home/travis/build/icyphy/ptII/ptolemy/domains/continuous/test/auto/LevelCrossing5.xml
----------------- Instantiating /home/travis/build/icyphy/ptII/ptolemy/domains/continuous/test/auto/LevelCrossing5.xml
3 ms. Memory: 309248K Free: 119021K (38%)
----------------- Invoking toplevel() on ptolemy.moml.MoMLSimpleApplication@21b6e82d
----------------- Done invoking toplevel() on ptolemy.moml.MoMLSimpleApplication@21b6e82d
reloadAllAccessors: .LevelCrossing5

===========================================================================================
[...]
----------------- Instantiating /home/travis/build/icyphy/ptII/ptolemy/domains/continuous/test/auto/SRinContinuous.xml
7 ms. Memory: 309248K Free: 220660K (71%)
----------------- Invoking toplevel() on ptolemy.moml.MoMLSimpleApplication@3d701c66
----------------- Done invoking toplevel() on ptolemy.moml.MoMLSimpleApplication@3d701c66
reloadAllAccessors: .SRinContinuous

===========================================================================================
----------------- testing Tue Sep 03 05:31:43 UTC 2019 /home/travis/build/icyphy/ptII/ptolemy/domains/continuous/test/auto/SampledClocks.xml
----------------- Instantiating /home/travis/build/icyphy/ptII/ptolemy/domains/continuous/test/auto/SampledClocks.xml
7 ms. Memory: 309248K Free: 207862K (67%)
----------------- Invoking toplevel() on ptolemy.moml.MoMLSimpleApplication@567e34df
----------------- Done invoking toplevel() on ptolemy.moml.MoMLSimpleApplication@567e34df
reloadAllAccessors: .SampledClocks

===========================================================================================
----------------- testing Tue Sep 03 05:31:43 UTC 2019 /home/travis/build/icyphy/ptII/ptolemy/domains/continuous/test/auto/Satellite.xml
----------------- Instantiating /home/travis/build/icyphy/ptII/ptolemy/domains/continuous/test/auto/Satellite.xml
1112 ms. Memory: 309248K Free: 195205K (63%)
----------------- Invoking toplevel() on ptolemy.moml.MoMLSimpleApplication@792dc81e
----------------- Done invoking toplevel() on ptolemy.moml.MoMLSimpleApplication@792dc81e
reloadAllAccessors: .Satellite

===========================================================================================
----------------- testing Tue Sep 03 05:31:44 UTC 2019 /home/travis/build/icyphy/ptII/ptolemy/domains/continuous/test/auto/SigmaDelta.xml
----------------- Instantiating /home/travis/build/icyphy/ptII/ptolemy/domains/continuous/test/auto/SigmaDelta.xml
2836 ms. Memory: 309248K Free: 115030K (37%)
----------------- Invoking toplevel() on ptolemy.moml.MoMLSimpleApplication@da338e2
----------------- Done invoking toplevel() on ptolemy.moml.MoMLSimpleApplication@da338e2
reloadAllAccessors: .SigmaDelta

===========================================================================================
----------------- testing Tue Sep 03 05:31:47 UTC 2019 /home/travis/build/icyphy/ptII/ptolemy/domains/continuous/test/auto/SingleRefinement.xml
----------------- Instantiating /home/travis/build/icyphy/ptII/ptolemy/domains/continuous/test/auto/SingleRefinement.xml
350 ms. Memory: 309248K Free: 114492K (37%)
----------------- Invoking toplevel() on ptolemy.moml.MoMLSimpleApplication@fdd2aad
----------------- Done invoking toplevel() on ptolemy.moml.MoMLSimpleApplication@fdd2aad
reloadAllAccessors: .SingleRefinement

===========================================================================================
----------------- testing Tue Sep 03 05:31:47 UTC 2019 /home/travis/build/icyphy/ptII/ptolemy/domains/continuous/test/auto/SinuBouncingBall.xml
----------------- Instantiating /home/travis/build/icyphy/ptII/ptolemy/domains/continuous/test/auto/SinuBouncingBall.xml
874 ms. Memory: 309248K Free: 262716K (85%)
----------------- Invoking toplevel() on ptolemy.moml.MoMLSimpleApplication@11a57f9c
----------------- Done invoking toplevel() on ptolemy.moml.MoMLSimpleApplication@11a57f9c
reloadAllAccessors: .SinuBouncingBall

===========================================================================================
----------------- testing Tue Sep 03 05:31:48 UTC 2019 /home/travis/build/icyphy/ptII/ptolemy/domains/continuous/test/auto/Sinusoid.xml
----------------- Instantiating /home/travis/build/icyphy/ptII/ptolemy/domains/continuous/test/auto/Sinusoid.xml
5 ms. Memory: 309248K Free: 258092K (83%)
----------------- Invoking toplevel() on ptolemy.moml.MoMLSimpleApplication@50c54cf4
----------------- Done invoking toplevel() on ptolemy.moml.MoMLSimpleApplication@50c54cf4
reloadAllAccessors: .Sinusoid

===========================================================================================
----------------- testing Tue Sep 03 05:31:48 UTC 2019 /home/travis/build/icyphy/ptII/ptolemy/domains/continuous/test/auto/SinusoidInNoise.xml
----------------- Instantiating /home/travis/build/icyphy/ptII/ptolemy/domains/continuous/test/auto/SinusoidInNoise.xml
1047 ms. Memory: 309248K Free: 119356K (39%)
----------------- Invoking toplevel() on ptolemy.moml.MoMLSimpleApplication@796f2e5c
----------------- Done invoking toplevel() on ptolemy.moml.MoMLSimpleApplication@796f2e5c
reloadAllAccessors: .SinusoidInNoise

===========================================================================================
----------------- testing Tue Sep 03 05:31:50 UTC 2019 /home/travis/build/icyphy/ptII/ptolemy/domains/continuous/test/auto/SinusoidRK45.xml
----------------- Instantiating /home/travis/build/icyphy/ptII/ptolemy/domains/continuous/test/auto/SinusoidRK45.xml
3 ms. Memory: 309248K Free: 115260K (37%)
----------------- Invoking toplevel() on ptolemy.moml.MoMLSimpleApplication@74d3391e
----------------- Done invoking toplevel() on ptolemy.moml.MoMLSimpleApplication@74d3391e
reloadAllAccessors: .SinusoidRK45

===========================================================================================
----------------- testing Tue Sep 03 05:31:50 UTC 2019 /home/travis/build/icyphy/ptII/ptolemy/domains/continuous/test/auto/SinusoidWithMultipleImpulses.xml
----------------- Instantiating /home/travis/build/icyphy/ptII/ptolemy/domains/continuous/test/auto/SinusoidWithMultipleImpulses.xml
4 ms. Memory: 309248K Free: 110650K (36%)
----------------- Invoking toplevel() on ptolemy.moml.MoMLSimpleApplication@69c4f171
----------------- Done invoking toplevel() on ptolemy.moml.MoMLSimpleApplication@69c4f171
reloadAllAccessors: .SinusoidWithMultipleImpulses

===========================================================================================
----------------- testing Tue Sep 03 05:31:50 UTC 2019 /home/travis/build/icyphy/ptII/ptolemy/domains/continuous/test/auto/SquareWave.xml
----------------- Instantiating /home/travis/build/icyphy/ptII/ptolemy/domains/continuous/test/auto/SquareWave.xml
176 ms. Memory: 309248K Free: 267646K (87%)
----------------- Invoking toplevel() on ptolemy.moml.MoMLSimpleApplication@4eef2ab4
----------------- Done invoking toplevel() on ptolemy.moml.MoMLSimpleApplication@4eef2ab4
reloadAllAccessors: .SquareWave

===========================================================================================
----------------- testing Tue Sep 03 05:31:50 UTC 2019 /home/travis/build/icyphy/ptII/ptolemy/domains/continuous/test/auto/Starmac.xml
----------------- Instantiating /home/travis/build/icyphy/ptII/ptolemy/domains/continuous/test/auto/Starmac.xml
3090 ms. Memory: 309248K Free: 140723K (46%)
----------------- Invoking toplevel() on ptolemy.moml.MoMLSimpleApplication@78fcf756
----------------- Done invoking toplevel() on ptolemy.moml.MoMLSimpleApplication@78fcf756
reloadAllAccessors: .Starmac

===========================================================================================
----------------- testing Tue Sep 03 05:31:53 UTC 2019 /home/travis/build/icyphy/ptII/ptolemy/domains/continuous/test/auto/StaticUnits.xml
----------------- Instantiating /home/travis/build/icyphy/ptII/ptolemy/domains/continuous/test/auto/StaticUnits.xml
2311 ms. Memory: 309248K Free: 227530K (74%)
----------------- Invoking toplevel() on ptolemy.moml.MoMLSimpleApplication@2551f0e9
----------------- Done invoking toplevel() on ptolemy.moml.MoMLSimpleApplication@2551f0e9
reloadAllAccessors: .StaticUnits

===========================================================================================
----------------- testing Tue Sep 03 05:31:56 UTC 2019 /home/travis/build/icyphy/ptII/ptolemy/domains/continuous/test/auto/StickyMasses.xml
----------------- Instantiating /home/travis/build/icyphy/ptII/ptolemy/domains/continuous/test/auto/StickyMasses.xml
155 ms. Memory: 309248K Free: 177354K (57%)
----------------- Invoking toplevel() on ptolemy.moml.MoMLSimpleApplication@753ab95f
----------------- Done invoking toplevel() on ptolemy.moml.MoMLSimpleApplication@753ab95f
reloadAllAccessors: .StickyMasses

===========================================================================================
----------------- testing Tue Sep 03 05:31:56 UTC 2019 /home/travis/build/icyphy/ptII/ptolemy/domains/continuous/test/auto/StopTime.xml
----------------- Instantiating /home/travis/build/icyphy/ptII/ptolemy/domains/continuous/test/auto/StopTime.xml
44 ms. Memory: 309248K Free: 151754K (49%)
----------------- Invoking toplevel() on ptolemy.moml.MoMLSimpleApplication@64901983
----------------- Done invoking toplevel() on ptolemy.moml.MoMLSimpleApplication@64901983
reloadAllAccessors: .StopTime

===========================================================================================
----------------- testing Tue Sep 03 05:31:56 UTC 2019 /home/travis/build/icyphy/ptII/ptolemy/domains/continuous/test/auto/StopTime2.xml
----------------- Instantiating /home/travis/build/icyphy/ptII/ptolemy/domains/continuous/test/auto/StopTime2.xml
37 ms. Memory: 309248K Free: 129226K (42%)
----------------- Invoking toplevel() on ptolemy.moml.MoMLSimpleApplication@1ce892f1
----------------- Done invoking toplevel() on ptolemy.moml.MoMLSimpleApplication@1ce892f1
reloadAllAccessors: .StopTime2

===========================================================================================
----------------- testing Tue Sep 03 05:31:56 UTC 2019 /home/travis/build/icyphy/ptII/ptolemy/domains/continuous/test/auto/Switch.xml
----------------- Instantiating /home/travis/build/icyphy/ptII/ptolemy/domains/continuous/test/auto/Switch.xml
61 ms. Memory: 309248K Free: 284086K (92%)
----------------- Invoking toplevel() on ptolemy.moml.MoMLSimpleApplication@1d76abfd
----------------- Done invoking toplevel() on ptolemy.moml.MoMLSimpleApplication@1d76abfd
reloadAllAccessors: .Switch

===========================================================================================
----------------- testing Tue Sep 03 05:31:57 UTC 2019 /home/travis/build/icyphy/ptII/ptolemy/domains/continuous/test/auto/Thermostat.xml
----------------- Instantiating /home/travis/build/icyphy/ptII/ptolemy/domains/continuous/test/auto/Thermostat.xml
202 ms. Memory: 309248K Free: 210629K (68%)
----------------- Invoking toplevel() on ptolemy.moml.MoMLSimpleApplication@2eac3a2c
----------------- Done invoking toplevel() on ptolemy.moml.MoMLSimpleApplication@2eac3a2c
reloadAllAccessors: .Thermostat

===========================================================================================
----------------- testing Tue Sep 03 05:31:57 UTC 2019 /home/travis/build/icyphy/ptII/ptolemy/domains/continuous/test/auto/TimeDelay.xml
----------------- Instantiating /home/travis/build/icyphy/ptII/ptolemy/domains/continuous/test/auto/TimeDelay.xml
6 ms. Memory: 309248K Free: 205479K (66%)
----------------- Invoking toplevel() on ptolemy.moml.MoMLSimpleApplication@15b0f0f6
----------------- Done invoking toplevel() on ptolemy.moml.MoMLSimpleApplication@15b0f0f6
reloadAllAccessors: .TimeDelay

===========================================================================================
----------------- testing Tue Sep 03 05:31:57 UTC 2019 /home/travis/build/icyphy/ptII/ptolemy/domains/continuous/test/auto/TimeDelay2.xml
----------------- Instantiating /home/travis/build/icyphy/ptII/ptolemy/domains/continuous/test/auto/TimeDelay2.xml
7 ms. Memory: 309248K Free: 195269K (63%)
----------------- Invoking toplevel() on ptolemy.moml.MoMLSimpleApplication@31c3d26d
----------------- Done invoking toplevel() on ptolemy.moml.MoMLSimpleApplication@31c3d26d
reloadAllAccessors: .TimeDelay2

===========================================================================================
----------------- testing Tue Sep 03 05:31:57 UTC 2019 /home/travis/build/icyphy/ptII/ptolemy/domains/continuous/test/auto/TimeDelay3.xml
----------------- Instantiating /home/travis/build/icyphy/ptII/ptolemy/domains/continuous/test/auto/TimeDelay3.xml
5 ms. Memory: 309248K Free: 190661K (62%)
----------------- Invoking toplevel() on ptolemy.moml.MoMLSimpleApplication@ecbaf6e
----------------- Done invoking toplevel() on ptolemy.moml.MoMLSimpleApplication@ecbaf6e
reloadAllAccessors: .TimeDelay3

===========================================================================================
----------------- testing Tue Sep 03 05:31:57 UTC 2019 /home/travis/build/icyphy/ptII/ptolemy/domains/continuous/test/auto/TransferAbsentToInside.xml
----------------- Instantiating /home/travis/build/icyphy/ptII/ptolemy/domains/continuous/test/auto/TransferAbsentToInside.xml
33 ms. Memory: 309248K Free: 137415K (44%)
----------------- Invoking toplevel() on ptolemy.moml.MoMLSimpleApplication@3dd25456
----------------- Done invoking toplevel() on ptolemy.moml.MoMLSimpleApplication@3dd25456
reloadAllAccessors: .TransferAbsentToInside

===========================================================================================
----------------- testing Tue Sep 03 05:31:57 UTC 2019 /home/travis/build/icyphy/ptII/ptolemy/domains/continuous/test/auto/Transmission.xml
----------------- Instantiating /home/travis/build/icyphy/ptII/ptolemy/domains/continuous/test/auto/Transmission.xml
843 ms. Memory: 309248K Free: 261810K (85%)
----------------- Invoking toplevel() on ptolemy.moml.MoMLSimpleApplication@41d5032
----------------- Done invoking toplevel() on ptolemy.moml.MoMLSimpleApplication@41d5032
reloadAllAccessors: .Transmission

===========================================================================================
----------------- testing Tue Sep 03 05:31:58 UTC 2019 /home/travis/build/icyphy/ptII/ptolemy/domains/continuous/test/auto/TriggeredContinuousClock.xml
----------------- Instantiating /home/travis/build/icyphy/ptII/ptolemy/domains/continuous/test/auto/TriggeredContinuousClock.xml
44 ms. Memory: 309248K Free: 232114K (75%)
----------------- Invoking toplevel() on ptolemy.moml.MoMLSimpleApplication@3cca3bf3
----------------- Done invoking toplevel() on ptolemy.moml.MoMLSimpleApplication@3cca3bf3
reloadAllAccessors: .TriggeredContinuousClock

===========================================================================================
----------------- testing Tue Sep 03 05:31:58 UTC 2019 /home/travis/build/icyphy/ptII/ptolemy/domains/continuous/test/auto/TwoMachineInfiniteBusControl.xml
----------------- Instantiating /home/travis/build/icyphy/ptII/ptolemy/domains/continuous/test/auto/TwoMachineInfiniteBusControl.xml
3237 ms. Memory: 309248K Free: 175233K (57%)
----------------- Invoking toplevel() on ptolemy.moml.MoMLSimpleApplication@3b881ec8
----------------- Done invoking toplevel() on ptolemy.moml.MoMLSimpleApplication@3b881ec8
reloadAllAccessors: .TwoMachineInfiniteBusControl

===========================================================================================
----------------- testing Tue Sep 03 05:32:01 UTC 2019 /home/travis/build/icyphy/ptII/ptolemy/domains/continuous/test/auto/V2V.xml
----------------- Instantiating /home/travis/build/icyphy/ptII/ptolemy/domains/continuous/test/auto/V2V.xml
917 ms. Memory: 309248K Free: 163960K (53%)
----------------- Invoking toplevel() on ptolemy.moml.MoMLSimpleApplication@6bb29804
----------------- Done invoking toplevel() on ptolemy.moml.MoMLSimpleApplication@6bb29804
reloadAllAccessors: .V2V

===========================================================================================
----------------- testing Tue Sep 03 05:32:02 UTC 2019 /home/travis/build/icyphy/ptII/ptolemy/domains/continuous/test/auto/hierarchicalModalModel.xml
----------------- Instantiating /home/travis/build/icyphy/ptII/ptolemy/domains/continuous/test/auto/hierarchicalModalModel.xml
10 ms. Memory: 309248K Free: 149624K (48%)
----------------- Invoking toplevel() on ptolemy.moml.MoMLSimpleApplication@9cd0ef5
----------------- Done invoking toplevel() on ptolemy.moml.MoMLSimpleApplication@9cd0ef5
reloadAllAccessors: .hierarchicalModalModel

===========================================================================================
----------------- testing Tue Sep 03 05:32:02 UTC 2019 /home/travis/build/icyphy/ptII/ptolemy/domains/continuous/test/auto/hierarchicalModalModel1.xml
----------------- Instantiating /home/travis/build/icyphy/ptII/ptolemy/domains/continuous/test/auto/hierarchicalModalModel1.xml
11 ms. Memory: 309248K Free: 135288K (44%)
----------------- Invoking toplevel() on ptolemy.moml.MoMLSimpleApplication@6356a98
----------------- Done invoking toplevel() on ptolemy.moml.MoMLSimpleApplication@6356a98
reloadAllAccessors: .hierarchicalModalModel1

===========================================================================================
----------------- testing Tue Sep 03 05:32:02 UTC 2019 /home/travis/build/icyphy/ptII/ptolemy/domains/continuous/test/auto/hierarchicalModalModel2.xml
----------------- Instantiating /home/travis/build/icyphy/ptII/ptolemy/domains/continuous/test/auto/hierarchicalModalModel2.xml
9 ms. Memory: 309248K Free: 123000K (40%)
----------------- Invoking toplevel() on ptolemy.moml.MoMLSimpleApplication@4779e67
----------------- Done invoking toplevel() on ptolemy.moml.MoMLSimpleApplication@4779e67
reloadAllAccessors: .hierarchicalModalModel2

===========================================================================================
----------------- testing Tue Sep 03 05:32:02 UTC 2019 /home/travis/build/icyphy/ptII/ptolemy/domains/continuous/test/auto/hierarchicalModalModel3.xml
----------------- Instantiating /home/travis/build/icyphy/ptII/ptolemy/domains/continuous/test/auto/hierarchicalModalModel3.xml
7 ms. Memory: 309248K Free: 112246K (36%)
----------------- Invoking toplevel() on ptolemy.moml.MoMLSimpleApplication@644bc32b
----------------- Done invoking toplevel() on ptolemy.moml.MoMLSimpleApplication@644bc32b
reloadAllAccessors: .hierarchicalModalModel3

===========================================================================================
----------------- testing Tue Sep 03 05:32:02 UTC 2019 /home/travis/build/icyphy/ptII/ptolemy/domains/continuous/test/auto/hierarchicalModalModel4.xml
----------------- Instantiating /home/travis/build/icyphy/ptII/ptolemy/domains/continuous/test/auto/hierarchicalModalModel4.xml
6 ms. Memory: 309248K Free: 280180K (91%)
----------------- Invoking toplevel() on ptolemy.moml.MoMLSimpleApplication@f2a21e6
----------------- Done invoking toplevel() on ptolemy.moml.MoMLSimpleApplication@f2a21e6
reloadAllAccessors: .hierarchicalModalModel4

===========================================================================================
----------------- testing Tue Sep 03 05:32:03 UTC 2019 /home/travis/build/icyphy/ptII/ptolemy/domains/continuous/test/auto/junk.xml
----------------- Instantiating /home/travis/build/icyphy/ptII/ptolemy/domains/continuous/test/auto/junk.xml
156 ms. Memory: 309248K Free: 251508K (81%)
----------------- Invoking toplevel() on ptolemy.moml.MoMLSimpleApplication@1da104f6
----------------- Done invoking toplevel() on ptolemy.moml.MoMLSimpleApplication@1da104f6
reloadAllAccessors: .junk
AutoTests.java: About to close Vertx.
AutoTests.java: Vertx closed.
]]></system-out>
  <system-err><![CDATA[Warning: '.HysteresisWithRandomDelay.NonStrictTest' The test produced only 221 tokens, yet the correctValues parameter was expecting 222 tokens.
Warning: '.HysteresisWithRandomDelay.NonStrictTest2' The test produced only 220 tokens, yet the correctValues parameter was expecting 221 tokens.
Warning: '.HysteresisWithRandomDelay.NonStrictTest3' The test produced only 17 tokens, yet the correctValues parameter was expecting 30 tokens.
Warning: '.Poisson.NonStrictTest' The test produced only 390 tokens, yet the correctValues parameter was expecting 430 tokens.
]]></system-err>
</testsuite>
