<?xml version="1.0" encoding="UTF-8" ?>
<testsuite errors="0" failures="0" hostname="travis-job-1dafe314-44b6-4807-9c8d-09c183a500af" name="ptolemy.vergil.basic.export.test.junit.ExportModelJUnitTestBatch2" skipped="0" tests="50" time="1221.974" timestamp="2018-08-01T01:59:20">
  <properties>
[...]
</properties>
  <testcase classname="ptolemy.vergil.basic.export.test.junit.ExportModelJUnitTestBatch2" name="[0] ptolemy/actor/lib/jai/demo/AdaptiveMedian/AdaptiveMedian.xml (RunExportModel)" time="8.484" />
  <testcase classname="ptolemy.vergil.basic.export.test.junit.ExportModelJUnitTestBatch2" name="[1] ptolemy/actor/lib/jai/demo/ImageReconstruction/ImageReconstruction.xml (RunExportModel)" time="4.639" />
  <testcase classname="ptolemy.vergil.basic.export.test.junit.ExportModelJUnitTestBatch2" name="[2] ptolemy/actor/lib/jai/demo/VQSequenceDisplay/VQSequenceDisplay.xml (RunExportModel)" time="5.052" />
  <testcase classname="ptolemy.vergil.basic.export.test.junit.ExportModelJUnitTestBatch2" name="[3] ptolemy/actor/lib/javasound/demo/KarplusStrong/KarplusStrong.xml (RunExportModel)" time="3.411" />
  <testcase classname="ptolemy.vergil.basic.export.test.junit.ExportModelJUnitTestBatch2" name="[4] ptolemy/actor/lib/jjs/demo/Factorial/Factorial.xml (RunExportModel)" time="14.184" />
  <testcase classname="ptolemy.vergil.basic.export.test.junit.ExportModelJUnitTestBatch2" name="[5] ptolemy/actor/lib/jjs/demo/JavaScriptShell/JavaScriptShell.xml (RunExportModel)" time="9.13" />
  <testcase classname="ptolemy.vergil.basic.export.test.junit.ExportModelJUnitTestBatch2" name="[6] ptolemy/actor/lib/jjs/demo/ModelBuilder/ModelBuilder.xml (RunExportModel)" time="13.242" />
  <testcase classname="ptolemy.vergil.basic.export.test.junit.ExportModelJUnitTestBatch2" name="[7] ptolemy/actor/lib/jjs/modules/aprilTags/demo/AprilTags/AprilTags.xml (RunExportModel)" time="44.415" />
  <testcase classname="ptolemy.vergil.basic.export.test.junit.ExportModelJUnitTestBatch2" name="[8] ptolemy/actor/lib/jjs/modules/aprilTags/demo/Kubi/Kubi.xml (RunExportModel)" time="43.906" />
  <testcase classname="ptolemy.vergil.basic.export.test.junit.ExportModelJUnitTestBatch2" name="[9] ptolemy/actor/lib/jjs/modules/audio/demo/Audio/Audio.xml (RunExportModel)" time="8.26" />
  <testcase classname="ptolemy.vergil.basic.export.test.junit.ExportModelJUnitTestBatch2" name="[10] ptolemy/actor/lib/jjs/modules/audio/demo/Audio/AudioCapture.xml (RunExportModel)" time="9.599" />
  <testcase classname="ptolemy.vergil.basic.export.test.junit.ExportModelJUnitTestBatch2" name="[11] ptolemy/actor/lib/jjs/modules/audio/demo/Audio/AudioClipPlayer.xml (RunExportModel)" time="9.013" />
  <testcase classname="ptolemy.vergil.basic.export.test.junit.ExportModelJUnitTestBatch2" name="[12] ptolemy/actor/lib/jjs/modules/audio/demo/Audio/AudioRecorder.xml (RunExportModel)" time="10.348" />
  <testcase classname="ptolemy.vergil.basic.export.test.junit.ExportModelJUnitTestBatch2" name="[13] ptolemy/actor/lib/jjs/modules/audio/demo/Audio/AudioSynthesis.xml (RunExportModel)" time="9.551" />
  <testcase classname="ptolemy.vergil.basic.export.test.junit.ExportModelJUnitTestBatch2" name="[14] ptolemy/actor/lib/jjs/modules/audio/demo/Audio/SpeechSynthesis.xml (RunExportModel)" time="42.198" />
  <testcase classname="ptolemy.vergil.basic.export.test.junit.ExportModelJUnitTestBatch2" name="[15] ptolemy/actor/lib/jjs/modules/cameras/demo/Camera/Camera.xml (RunExportModel)" time="34.754" />
  <testcase classname="ptolemy.vergil.basic.export.test.junit.ExportModelJUnitTestBatch2" name="[16] ptolemy/actor/lib/jjs/modules/cameras/demo/Camera/CaptureOpenLoop.xml (RunExportModel)" time="32.337" />
  <testcase classname="ptolemy.vergil.basic.export.test.junit.ExportModelJUnitTestBatch2" name="[17] ptolemy/actor/lib/jjs/modules/cameras/demo/CameraWebSocket/CameraWebSocket.xml (RunExportModel)" time="37.571" />
  <testcase classname="ptolemy.vergil.basic.export.test.junit.ExportModelJUnitTestBatch2" name="[18] ptolemy/actor/lib/jjs/modules/cameras/demo/Foscam/Foscam.xml (RunExportModel)" time="40.134" />
  <testcase classname="ptolemy.vergil.basic.export.test.junit.ExportModelJUnitTestBatch2" name="[19] ptolemy/actor/lib/jjs/modules/computerVision/demo/ComputerVision/ComputerVision.xml (RunExportModel)" time="34.086" />
  <testcase classname="ptolemy.vergil.basic.export.test.junit.ExportModelJUnitTestBatch2" name="[20] ptolemy/actor/lib/jjs/modules/contextAware/demo/ContextAware/ContextAware.xml (RunExportModel)" time="9.137" />
  <testcase classname="ptolemy.vergil.basic.export.test.junit.ExportModelJUnitTestBatch2" name="[21] ptolemy/actor/lib/jjs/modules/crypto/demo/AsymmetricEncrypt/AsymmetricEncrypt.xml (RunExportModel)" time="28.437" />
  <testcase classname="ptolemy.vergil.basic.export.test.junit.ExportModelJUnitTestBatch2" name="[22] ptolemy/actor/lib/jjs/modules/crypto/demo/MessageDigest/MessageDigest.xml (RunExportModel)" time="20.535" />
  <testcase classname="ptolemy.vergil.basic.export.test.junit.ExportModelJUnitTestBatch2" name="[23] ptolemy/actor/lib/jjs/modules/crypto/demo/RandomBytes/RandomBytes.xml (RunExportModel)" time="13.767" />
  <testcase classname="ptolemy.vergil.basic.export.test.junit.ExportModelJUnitTestBatch2" name="[24] ptolemy/actor/lib/jjs/modules/crypto/demo/SymmetricEncrypt/SymmetricEncrypt.xml (RunExportModel)" time="17.468" />
  <testcase classname="ptolemy.vergil.basic.export.test.junit.ExportModelJUnitTestBatch2" name="[25] ptolemy/actor/lib/jjs/modules/discovery/demo/Discovery/Discovery.xml (RunExportModel)" time="8.195" />
  <testcase classname="ptolemy.vergil.basic.export.test.junit.ExportModelJUnitTestBatch2" name="[26] ptolemy/actor/lib/jjs/modules/discovery/demo/Discovery/DiscoveryJS.xml (RunExportModel)" time="16.907" />
  <testcase classname="ptolemy.vergil.basic.export.test.junit.ExportModelJUnitTestBatch2" name="[27] ptolemy/actor/lib/jjs/modules/discovery/demo/Discovery/PopulateSwarmboxMap.xml (RunExportModel)" time="37.188" />
  <testcase classname="ptolemy.vergil.basic.export.test.junit.ExportModelJUnitTestBatch2" name="[28] ptolemy/actor/lib/jjs/modules/discovery/demo/Discovery/PostSwarmboxDevices.xml (RunExportModel)" time="41.109" />
  <testcase classname="ptolemy.vergil.basic.export.test.junit.ExportModelJUnitTestBatch2" name="[29] ptolemy/actor/lib/jjs/modules/discovery/demo/Heartbeat/Heartbeat.xml (RunExportModel)" time="24.357" />
  <testcase classname="ptolemy.vergil.basic.export.test.junit.ExportModelJUnitTestBatch2" name="[30] ptolemy/actor/lib/jjs/modules/dsp/demo/AudioFFT/AudioFFT.xml (RunExportModel)" time="10.202" />
  <testcase classname="ptolemy.vergil.basic.export.test.junit.ExportModelJUnitTestBatch2" name="[31] ptolemy/actor/lib/jjs/modules/dsp/demo/AudioFFT/SinusoidFFT.xml (RunExportModel)" time="13.055" />
  <testcase classname="ptolemy.vergil.basic.export.test.junit.ExportModelJUnitTestBatch2" name="[32] ptolemy/actor/lib/jjs/modules/eventbus/demo/VertxBus/VertxBus.xml (RunExportModel)" time="22.928" />
  <testcase classname="ptolemy.vergil.basic.export.test.junit.ExportModelJUnitTestBatch2" name="[33] ptolemy/actor/lib/jjs/modules/eventbus/demo/VertxChat/VertxChat.xml (RunExportModel)" time="10.465" />
  <testcase classname="ptolemy.vergil.basic.export.test.junit.ExportModelJUnitTestBatch2" name="[34] ptolemy/actor/lib/jjs/modules/faceDetector/demo/FaceDetector/FaceDetector.xml (RunExportModel)" time="11.463" />
  <testcase classname="ptolemy.vergil.basic.export.test.junit.ExportModelJUnitTestBatch2" name="[35] ptolemy/actor/lib/jjs/modules/faceDetector/demo/FaceDetectorCamera/FaceDetectorCamera.xml (RunExportModel)" time="42.156" />
  <testcase classname="ptolemy.vergil.basic.export.test.junit.ExportModelJUnitTestBatch2" name="[36] ptolemy/actor/lib/jjs/modules/faceDetector/demo/OccupancyCount/OccupancyCount.xml (RunExportModel)" time="40.574" />
  <testcase classname="ptolemy.vergil.basic.export.test.junit.ExportModelJUnitTestBatch2" name="[37] ptolemy/actor/lib/jjs/modules/httpClient/demo/REST/REST.xml (RunExportModel)" time="8.179" />
  <testcase classname="ptolemy.vergil.basic.export.test.junit.ExportModelJUnitTestBatch2" name="[38] ptolemy/actor/lib/jjs/modules/httpClient/demo/REST/RESTSimple.xml (RunExportModel)" time="12.266" />
  <testcase classname="ptolemy.vergil.basic.export.test.junit.ExportModelJUnitTestBatch2" name="[39] ptolemy/actor/lib/jjs/modules/httpClient/demo/REST/Weather.xml (RunExportModel)" time="9.692" />
  <testcase classname="ptolemy.vergil.basic.export.test.junit.ExportModelJUnitTestBatch2" name="[40] ptolemy/actor/lib/jjs/modules/httpServer/demo/HttpServer/HttpServer.xml (RunExportModel)" time="39.793" />
  <testcase classname="ptolemy.vergil.basic.export.test.junit.ExportModelJUnitTestBatch2" name="[41] ptolemy/actor/lib/jjs/modules/httpServer/demo/KeyValueStoreClient/KeyValueStoreClient.xml (RunExportModel)" time="40.65" />
  <testcase classname="ptolemy.vergil.basic.export.test.junit.ExportModelJUnitTestBatch2" name="[42] ptolemy/actor/lib/jjs/modules/httpServer/demo/KeyValueStoreClient/KeyValueStoreServer.xml (RunExportModel)" time="43.915" />
  <testcase classname="ptolemy.vergil.basic.export.test.junit.ExportModelJUnitTestBatch2" name="[43] ptolemy/actor/lib/jjs/modules/httpServer/demo/KeyValueStoreClient/KeyValueStoreServerTerra.xml (RunExportModel)" time="43.523" />
  <testcase classname="ptolemy.vergil.basic.export.test.junit.ExportModelJUnitTestBatch2" name="[44] ptolemy/actor/lib/jjs/modules/httpServer/demo/WebServer/WebServer.xml (RunExportModel)" time="36.27" />
  <testcase classname="ptolemy.vergil.basic.export.test.junit.ExportModelJUnitTestBatch2" name="[45] ptolemy/actor/lib/jjs/modules/imageFilters/demo/ImageAnnotate/ImageAnnotate.xml (RunExportModel)" time="41.342" />
  <testcase classname="ptolemy.vergil.basic.export.test.junit.ExportModelJUnitTestBatch2" name="[46] ptolemy/actor/lib/jjs/modules/imageFilters/demo/ImageFilters/Annotate.xml (RunExportModel)" time="40.642" />
  <testcase classname="ptolemy.vergil.basic.export.test.junit.ExportModelJUnitTestBatch2" name="[47] ptolemy/actor/lib/jjs/modules/imageFilters/demo/ImageFilters/Average.xml (RunExportModel)" time="40.723" />
  <testcase classname="ptolemy.vergil.basic.export.test.junit.ExportModelJUnitTestBatch2" name="[48] ptolemy/actor/lib/jjs/modules/imageFilters/demo/ImageFilters/BicubicScale.xml (RunExportModel)" time="40.821" />
  <testcase classname="ptolemy.vergil.basic.export.test.junit.ExportModelJUnitTestBatch2" name="[49] ptolemy/actor/lib/jjs/modules/imageFilters/demo/ImageFilters/Block.xml (RunExportModel)" time="41.703" />
  <system-out><![CDATA[ExportModeJUnitTestBatch: There are 756 demos. Exporting demos: 151 to 200.
####### 1 Wed Aug 01 01:59:20 UTC 2018 $PTII/bin/ptinvoke ptolemy.vergil.basic.export.ExportModel -force htm -run -openComposites -timeOut 30000 -whiteBackground ptolemy/actor/lib/jai/demo/AdaptiveMedian/AdaptiveMedian.xml $PTII/ptolemy/actor/lib/jai/demo/AdaptiveMedian/AdaptiveMedian
Running .AdaptiveMedian
964 ms. Memory: 179200K Free: 144806K (81%)
Exported /home/travis/build/icyphy/ptII/ptolemy/actor/lib/jai/demo/AdaptiveMedian/AdaptiveMedian/index.html
8474 ms. Memory: 179200K Free: 110664K (62%)
####### 2 Wed Aug 01 01:59:29 UTC 2018 $PTII/bin/ptinvoke ptolemy.vergil.basic.export.ExportModel -force htm -run -openComposites -timeOut 30000 -whiteBackground ptolemy/actor/lib/jai/demo/ImageReconstruction/ImageReconstruction.xml $PTII/ptolemy/actor/lib/jai/demo/ImageReconstruction/ImageReconstruction
Running .ImageReconstruction
80 ms. Memory: 235008K Free: 163935K (70%)
Exported /home/travis/build/icyphy/ptII/ptolemy/actor/lib/jai/demo/ImageReconstruction/ImageReconstruction/index.html
4639 ms. Memory: 235008K Free: 129675K (55%)
####### 3 Wed Aug 01 01:59:33 UTC 2018 $PTII/bin/ptinvoke ptolemy.vergil.basic.export.ExportModel -force htm -run -openComposites -timeOut 30000 -whiteBackground ptolemy/actor/lib/jai/demo/VQSequenceDisplay/VQSequenceDisplay.xml $PTII/ptolemy/actor/lib/jai/demo/VQSequenceDisplay/VQSequenceDisplay
Running .VQSequenceDisplay
686 ms. Memory: 240128K Free: 136339K (57%)
Exported /home/travis/build/icyphy/ptII/ptolemy/actor/lib/jai/demo/VQSequenceDisplay/VQSequenceDisplay/index.html
5051 ms. Memory: 240128K Free: 97496K (41%)
####### 4 Wed Aug 01 01:59:38 UTC 2018 $PTII/bin/ptinvoke ptolemy.vergil.basic.export.ExportModel -force htm  -openComposites -timeOut 30000 -whiteBackground ptolemy/actor/lib/javasound/demo/KarplusStrong/KarplusStrong.xml $PTII/ptolemy/actor/lib/javasound/demo/KarplusStrong/KarplusStrong
Warning: not running ptolemy/actor/lib/javasound/demo/KarplusStrong/KarplusStrong.xml. See ptolemy/vergil/basic/export/test/junit/ExportModelJUnitTest.java
Exported /home/travis/build/icyphy/ptII/ptolemy/actor/lib/javasound/demo/KarplusStrong/KarplusStrong/index.html
3411 ms. Memory: 303104K Free: 184136K (61%)
####### 5 Wed Aug 01 01:59:42 UTC 2018 $PTII/bin/ptinvoke ptolemy.vergil.basic.export.ExportModel -force htm -run -openComposites -timeOut 30000 -whiteBackground ptolemy/actor/lib/jjs/demo/Factorial/Factorial.xml $PTII/ptolemy/actor/lib/jjs/demo/Factorial/Factorial
----------------- Wed Aug 01 01:59:42 UTC 2018 About to sleep for 5.0 seconds before running or rerunning.  Test is: /home/travis/build/icyphy/ptII/ptolemy/actor/lib/jjs/demo/Factorial/Factorial.xml
Done sleeping
Running .Factorial
1901 ms. Memory: 414208K Free: 223201K (54%)
Exported /home/travis/build/icyphy/ptII/ptolemy/actor/lib/jjs/demo/Factorial/Factorial/index.html
9183 ms. Memory: 414208K Free: 192275K (46%)
####### 6 Wed Aug 01 01:59:56 UTC 2018 $PTII/bin/ptinvoke ptolemy.vergil.basic.export.ExportModel -force htm -run -openComposites -timeOut 30000 -whiteBackground ptolemy/actor/lib/jjs/demo/JavaScriptShell/JavaScriptShell.xml $PTII/ptolemy/actor/lib/jjs/demo/JavaScriptShell/JavaScriptShell
----------------- Wed Aug 01 01:59:56 UTC 2018 About to sleep for 5.0 seconds before running or rerunning.  Test is: /home/travis/build/icyphy/ptII/ptolemy/actor/lib/jjs/demo/JavaScriptShell/JavaScriptShell.xml
Done sleeping
.JavaScriptShell.InteractiveShell invoked SwingUtilities.invokeAndWait()
Model ".JavaScriptShell" contains actors such cannot be run  as part of the export process from ExportModel or it has a WebExportParameters value that runBeforeExport set to false. To export run this model and export it, use vergil.
Exported /home/travis/build/icyphy/ptII/ptolemy/actor/lib/jjs/demo/JavaScriptShell/JavaScriptShell/index.html
4130 ms. Memory: 416256K Free: 219216K (53%)
####### 7 Wed Aug 01 02:00:05 UTC 2018 $PTII/bin/ptinvoke ptolemy.vergil.basic.export.ExportModel -force htm -run -openComposites -timeOut 30000 -whiteBackground ptolemy/actor/lib/jjs/demo/ModelBuilder/ModelBuilder.xml $PTII/ptolemy/actor/lib/jjs/demo/ModelBuilder/ModelBuilder
----------------- Wed Aug 01 02:00:05 UTC 2018 About to sleep for 5.0 seconds before running or rerunning.  Test is: /home/travis/build/icyphy/ptII/ptolemy/actor/lib/jjs/demo/ModelBuilder/ModelBuilder.xml
Done sleeping
Running .ModelBuilder
0
1
2
3
4
5
6
7
8
9
10
11
12
13
14
15
16
17
18
19
20
21
22
23
24
25
26
27
28
29
30
31
32
33
34
35
36
37
38
39
40
41
42
43
44
45
46
47
48
49
50
51
52
53
54
55
56
57
58
59
60
61
62
63
64
65
66
67
68
69
70
71
72
73
74
75
76
77
78
79
80
81
82
83
84
85
86
87
88
89
90
91
92
93
94
95
96
97
98
99
13 ms. Memory: 500736K Free: 149169K (30%)
2453 ms. Memory: 500736K Free: 141053K (28%)
Exported /home/travis/build/icyphy/ptII/ptolemy/actor/lib/jjs/demo/ModelBuilder/ModelBuilder/index.html
8241 ms. Memory: 500736K Free: 86835K (17%)
####### 8 Wed Aug 01 02:00:18 UTC 2018 $PTII/bin/ptinvoke ptolemy.vergil.basic.export.ExportModel -force htm -run -openComposites -timeOut 30000 -whiteBackground ptolemy/actor/lib/jjs/modules/aprilTags/demo/AprilTags/AprilTags.xml $PTII/ptolemy/actor/lib/jjs/modules/aprilTags/demo/AprilTags/AprilTags
----------------- Wed Aug 01 02:00:18 UTC 2018 About to sleep for 5.0 seconds before running or rerunning.  Test is: /home/travis/build/icyphy/ptII/ptolemy/actor/lib/jjs/modules/aprilTags/demo/AprilTags/AprilTags.xml
Done sleeping
JSAccessor: PT_NO_NET environment variable is set, so git pull and ptdoc are not being run.
No physical cameras found, using WebcamDummyDriver.
Running .AprilTags
ExportHTMLTimer went off after 30000 ms., calling getDirector().finish and getDirector().stopFire()
30140 ms. Memory: 2022912K Free: 1588952K (79%)
Exported /home/travis/build/icyphy/ptII/ptolemy/actor/lib/jjs/modules/aprilTags/demo/AprilTags/AprilTags/index.html
39414 ms. Memory: 2022912K Free: 1555031K (77%)
####### 9 Wed Aug 01 02:01:03 UTC 2018 $PTII/bin/ptinvoke ptolemy.vergil.basic.export.ExportModel -force htm -run -openComposites -timeOut 30000 -whiteBackground ptolemy/actor/lib/jjs/modules/aprilTags/demo/Kubi/Kubi.xml $PTII/ptolemy/actor/lib/jjs/modules/aprilTags/demo/Kubi/Kubi
----------------- Wed Aug 01 02:01:03 UTC 2018 About to sleep for 5.0 seconds before running or rerunning.  Test is: /home/travis/build/icyphy/ptII/ptolemy/actor/lib/jjs/modules/aprilTags/demo/Kubi/Kubi.xml
Done sleeping
Running .Kubi
Kubi: Kubi.js: Initializing... (Thread[AWT-EventQueue-0,6,main])
Kubi: Kubi.js: Handler added (Thread[AWT-EventQueue-0,6,main])
Kubi: Kubi.js: Connecting... (Thread[AWT-EventQueue-0,6,main])
Kubi2: Kubi.js: Initializing... (Thread[AWT-EventQueue-0,6,main])
Kubi2: Kubi.js: Handler added (Thread[AWT-EventQueue-0,6,main])
Kubi2: Kubi.js: Connecting... (Thread[AWT-EventQueue-0,6,main])
JavaScript: April is right by 140.5px (Thread[AWT-EventQueue-0,6,main])
JavaScript: Movement sent7.247792581767846 (Thread[AWT-EventQueue-0,6,main])
Kubi2: Kubi.js: issueCommand(): { face: [ { height: 73, width: 73, x: 3, y: 28 } ],
  pan: 7.247792581767846,
  panSpeed: '100',
  tilt: 7.470224135899966,
  tiltSpeed: '100' } (Thread[AWT-EventQueue-0,6,main])
Kubi2: Proccessing command (Thread[AWT-EventQueue-0,6,main])
Kubi2: Got command object  (Thread[AWT-EventQueue-0,6,main])
Kubi2: Building URL... (Thread[AWT-EventQueue-0,6,main])
Kubi2: Making an HTTP request. (Thread[AWT-EventQueue-0,6,main])
ExportHTMLTimer went off after 30000 ms., calling getDirector().finish and getDirector().stopFire()
30131 ms. Memory: 1816576K Free: 1326376K (73%)
Exported /home/travis/build/icyphy/ptII/ptolemy/actor/lib/jjs/modules/aprilTags/demo/Kubi/Kubi/index.html
38906 ms. Memory: 1816576K Free: 1281935K (71%)
####### 10 Wed Aug 01 02:01:47 UTC 2018 $PTII/bin/ptinvoke ptolemy.vergil.basic.export.ExportModel -force htm  -openComposites -timeOut 30000 -whiteBackground ptolemy/actor/lib/jjs/modules/audio/demo/Audio/Audio.xml $PTII/ptolemy/actor/lib/jjs/modules/audio/demo/Audio/Audio
Warning: not running ptolemy/actor/lib/jjs/modules/audio/demo/Audio/Audio.xml. See ptolemy/vergil/basic/export/test/junit/ExportModelJUnitTest.java
----------------- Wed Aug 01 02:01:47 UTC 2018 About to sleep for 5.0 seconds before running or rerunning.  Test is: /home/travis/build/icyphy/ptII/ptolemy/actor/lib/jjs/modules/audio/demo/Audio/Audio.xml
Done sleeping
Exported /home/travis/build/icyphy/ptII/ptolemy/actor/lib/jjs/modules/audio/demo/Audio/Audio/index.html
3260 ms. Memory: 1816576K Free: 1153883K (64%)
####### 11 Wed Aug 01 02:01:55 UTC 2018 $PTII/bin/ptinvoke ptolemy.vergil.basic.export.ExportModel -force htm  -openComposites -timeOut 30000 -whiteBackground ptolemy/actor/lib/jjs/modules/audio/demo/Audio/AudioCapture.xml $PTII/ptolemy/actor/lib/jjs/modules/audio/demo/Audio/AudioCapture
Warning: not running ptolemy/actor/lib/jjs/modules/audio/demo/Audio/AudioCapture.xml. See ptolemy/vergil/basic/export/test/junit/ExportModelJUnitTest.java
----------------- Wed Aug 01 02:01:55 UTC 2018 About to sleep for 5.0 seconds before running or rerunning.  Test is: /home/travis/build/icyphy/ptII/ptolemy/actor/lib/jjs/modules/audio/demo/Audio/AudioCapture.xml
Done sleeping
Exported /home/travis/build/icyphy/ptII/ptolemy/actor/lib/jjs/modules/audio/demo/Audio/AudioCapture/index.html
4598 ms. Memory: 1816576K Free: 785636K (43%)
####### 12 Wed Aug 01 02:02:05 UTC 2018 $PTII/bin/ptinvoke ptolemy.vergil.basic.export.ExportModel -force htm  -openComposites -timeOut 30000 -whiteBackground ptolemy/actor/lib/jjs/modules/audio/demo/Audio/AudioClipPlayer.xml $PTII/ptolemy/actor/lib/jjs/modules/audio/demo/Audio/AudioClipPlayer
Warning: not running ptolemy/actor/lib/jjs/modules/audio/demo/Audio/AudioClipPlayer.xml. See ptolemy/vergil/basic/export/test/junit/ExportModelJUnitTest.java
----------------- Wed Aug 01 02:02:05 UTC 2018 About to sleep for 5.0 seconds before running or rerunning.  Test is: /home/travis/build/icyphy/ptII/ptolemy/actor/lib/jjs/modules/audio/demo/Audio/AudioClipPlayer.xml
Done sleeping
Exported /home/travis/build/icyphy/ptII/ptolemy/actor/lib/jjs/modules/audio/demo/Audio/AudioClipPlayer/index.html
4013 ms. Memory: 1816576K Free: 501871K (28%)
####### 13 Wed Aug 01 02:02:14 UTC 2018 $PTII/bin/ptinvoke ptolemy.vergil.basic.export.ExportModel -force htm  -openComposites -timeOut 30000 -whiteBackground ptolemy/actor/lib/jjs/modules/audio/demo/Audio/AudioRecorder.xml $PTII/ptolemy/actor/lib/jjs/modules/audio/demo/Audio/AudioRecorder
Warning: not running ptolemy/actor/lib/jjs/modules/audio/demo/Audio/AudioRecorder.xml. See ptolemy/vergil/basic/export/test/junit/ExportModelJUnitTest.java
----------------- Wed Aug 01 02:02:14 UTC 2018 About to sleep for 5.0 seconds before running or rerunning.  Test is: /home/travis/build/icyphy/ptII/ptolemy/actor/lib/jjs/modules/audio/demo/Audio/AudioRecorder.xml
Done sleeping
Exported /home/travis/build/icyphy/ptII/ptolemy/actor/lib/jjs/modules/audio/demo/Audio/AudioRecorder/index.html
5348 ms. Memory: 1862144K Free: 1437392K (77%)
####### 14 Wed Aug 01 02:02:24 UTC 2018 $PTII/bin/ptinvoke ptolemy.vergil.basic.export.ExportModel -force htm  -openComposites -timeOut 30000 -whiteBackground ptolemy/actor/lib/jjs/modules/audio/demo/Audio/AudioSynthesis.xml $PTII/ptolemy/actor/lib/jjs/modules/audio/demo/Audio/AudioSynthesis
Warning: not running ptolemy/actor/lib/jjs/modules/audio/demo/Audio/AudioSynthesis.xml. See ptolemy/vergil/basic/export/test/junit/ExportModelJUnitTest.java
----------------- Wed Aug 01 02:02:24 UTC 2018 About to sleep for 5.0 seconds before running or rerunning.  Test is: /home/travis/build/icyphy/ptII/ptolemy/actor/lib/jjs/modules/audio/demo/Audio/AudioSynthesis.xml
Done sleeping
Exported /home/travis/build/icyphy/ptII/ptolemy/actor/lib/jjs/modules/audio/demo/Audio/AudioSynthesis/index.html
4549 ms. Memory: 1862144K Free: 1061678K (57%)
####### 15 Wed Aug 01 02:02:34 UTC 2018 $PTII/bin/ptinvoke ptolemy.vergil.basic.export.ExportModel -force htm -run -openComposites -timeOut 30000 -whiteBackground ptolemy/actor/lib/jjs/modules/audio/demo/Audio/SpeechSynthesis.xml $PTII/ptolemy/actor/lib/jjs/modules/audio/demo/Audio/SpeechSynthesis
----------------- Wed Aug 01 02:02:34 UTC 2018 About to sleep for 5.0 seconds before running or rerunning.  Test is: /home/travis/build/icyphy/ptII/ptolemy/actor/lib/jjs/modules/audio/demo/Audio/SpeechSynthesis.xml
Done sleeping
Running .SpeechSynthesis
ExportHTMLTimer went off after 30000 ms., calling getDirector().finish and getDirector().stopFire()
30034 ms. Memory: 1828352K Free: 382978K (21%)
Exported /home/travis/build/icyphy/ptII/ptolemy/actor/lib/jjs/modules/audio/demo/Audio/SpeechSynthesis/index.html
37197 ms. Memory: 1828352K Free: 349598K (19%)
####### 16 Wed Aug 01 02:03:16 UTC 2018 $PTII/bin/ptinvoke ptolemy.vergil.basic.export.ExportModel -force htm -run -openComposites -timeOut 30000 -whiteBackground ptolemy/actor/lib/jjs/modules/cameras/demo/Camera/Camera.xml $PTII/ptolemy/actor/lib/jjs/modules/cameras/demo/Camera/Camera
----------------- Wed Aug 01 02:03:16 UTC 2018 About to sleep for 5.0 seconds before running or rerunning.  Test is: /home/travis/build/icyphy/ptII/ptolemy/actor/lib/jjs/modules/cameras/demo/Camera/Camera.xml
Done sleeping
Running .Camera
23220 ms. Memory: 1784320K Free: 1144516K (64%)
Exported /home/travis/build/icyphy/ptII/ptolemy/actor/lib/jjs/modules/cameras/demo/Camera/Camera/index.html
29753 ms. Memory: 1784320K Free: 1114557K (62%)
####### 17 Wed Aug 01 02:03:50 UTC 2018 $PTII/bin/ptinvoke ptolemy.vergil.basic.export.ExportModel -force htm -run -openComposites -timeOut 30000 -whiteBackground ptolemy/actor/lib/jjs/modules/cameras/demo/Camera/CaptureOpenLoop.xml $PTII/ptolemy/actor/lib/jjs/modules/cameras/demo/Camera/CaptureOpenLoop
----------------- Wed Aug 01 02:03:50 UTC 2018 About to sleep for 5.0 seconds before running or rerunning.  Test is: /home/travis/build/icyphy/ptII/ptolemy/actor/lib/jjs/modules/cameras/demo/Camera/CaptureOpenLoop.xml
Done sleeping
Running .CaptureOpenLoop
22070 ms. Memory: 1822208K Free: 740889K (41%)
Exported /home/travis/build/icyphy/ptII/ptolemy/actor/lib/jjs/modules/cameras/demo/Camera/CaptureOpenLoop/index.html
27337 ms. Memory: 1822208K Free: 704578K (39%)
####### 18 Wed Aug 01 02:04:23 UTC 2018 $PTII/bin/ptinvoke ptolemy.vergil.basic.export.ExportModel -force htm -run -openComposites -timeOut 30000 -whiteBackground ptolemy/actor/lib/jjs/modules/cameras/demo/CameraWebSocket/CameraWebSocket.xml $PTII/ptolemy/actor/lib/jjs/modules/cameras/demo/CameraWebSocket/CameraWebSocket
----------------- Wed Aug 01 02:04:23 UTC 2018 About to sleep for 5.0 seconds before running or rerunning.  Test is: /home/travis/build/icyphy/ptII/ptolemy/actor/lib/jjs/modules/cameras/demo/CameraWebSocket/CameraWebSocket.xml
Done sleeping
Running .CameraWebSocket
WebSocketClient: Connection failed. Will try again: Connection refused: localhost/127.0.0.1:8071
Connection refused (Thread[vert.x-eventloop-thread-2,6,main])
WebSocketClient: Connection failed. Will try again: Connection refused: localhost/127.0.0.1:8071
Connection refused (Thread[vert.x-eventloop-thread-2,6,main])
WebSocketClient: Connection failed. Will try again: Connection refused: localhost/127.0.0.1:8071
Connection refused (Thread[vert.x-eventloop-thread-2,6,main])
WebSocketClient: Connection failed. Will try again: Connection refused: localhost/127.0.0.1:8071
Connection refused (Thread[vert.x-eventloop-thread-2,6,main])
WebSocketClient: Connection failed. Will try again: Connection refused: localhost/127.0.0.1:8071
Connection refused (Thread[vert.x-eventloop-thread-2,6,main])
WebSocketClient: undefined: WebSocketClient.js: Error: Connection failed after 6 tries: Connection refused: localhost/127.0.0.1:8071
Connection refused (Thread[vert.x-eventloop-thread-2,6,main])
WebSocketClient: Connection closed because model is no longer running. (Thread[AWT-EventQueue-0,6,main])
WebSocketClient: undefined: WebSocketClient.js: Error: Unsent messages remain that were queued before the socket opened: [����JFIF��C		
 $.' ",#(7),01444'9=82<.342��C			2!!22222222222222222222222222222222222222222222222222����"��	
���}!1AQa"q2���#B��R��$3br�	
%&'()*456789:CDEFGHIJSTUVWXYZcdefghijstuvwxyz���������������������������������������������������������������������������	
���w!1AQaq"2�B����	#3R�br�
$4�%�&'()*56789:CDEFGHIJSTUVWXYZcdefghijstuvwxyz��������������������������������������������������������������������������?̢�)�EPEPEPEPEPEPEPEPEPEPEPEPEPEPEPEPEPEPEPEPEPEPVm��۸̖֗ 8-e�>��U�}B��3���(NJ�!PO���5�����T��m���o��T��m���o��gT������o��gT������o��}���P���?�y�~�(���?�y�~�(���?�%y���h���?�%y���h������6��@������G�6��@������G�Ω�A+�����@�5Rp5+�}�o�*�Eo�
�C-���<R/Tu*G�i�4�qq+K;K,��ܖ'�5���oʺU:���=��N�����Q����ϳx�E;��7�G���oʏg>�9��m�-��ߕ[�q�*=��0�q�S����~Tyo�����s�Þ=��N�����Q����ϳx�Ek�cK�Z���r�$3o�c 0�3q�{��K��~$��_W���P���)II1�۟z�ҹ��{o�9$��i�]B��Qe�1�O�UMWK��)�7�m���r�8&�s��lqRi�ծ�"�?��Hփ�@d�O�ǵq��9�l{p˰��n�{_��En��<D�*lJp�*O�3��8�$�Ʊ��%�-��Z8ˮI�g�z�<K3&��ox�&:Tؔ�pT��g��qP��f�c-�[�(�ȼ��A��s@Y�%�����>I�,�n�	�{X�٥iU�I}*��4��=M�_��Hm�.������%���4gR.Pq]Q���"�X�^�Ie�a�YDM.Ӑ{/oCYD[��bՈ�亼���C�.�x9{W��j�ھ��O��,����%����X�=����v�������xkY�[ޥ���r��@$g���U�+��$����I�`(�L���
�G����IJ�U)t{3�JVwFw������(����C�~�]��{{���,�az����Z��L������@�H�'�5�{J���t�?#7�v�����}���}���b����~��� �;wn�:z�9��I���%����ۇc�ޏi_��C��c���h�أ�v�������M��$�lʑ�q$c�R���[���N	n�>�k�>��߱P��[-���#bA�������K��<��A��TbN�pG��⳧�eӮI��V\��G�[ӕhԍ��]B�.X�����,�������!!�i�" �ےO��i�xV->����f�-�FR�G���4��O�\��<�]��+���±�g}���~&���w���atv�oxN�O�u�7H�θ���鼸��6���[�^���3���Zm�jf��gUH���F�N@'��^P�;�gvf=I94e � �A��.������"���mc�ѯ-���)-��y����t�e�g�y��,J�Ϸ�uz��i����{�;h��&�V�P@��aq��q�w�&�e���M�}�>�s�?�f��8��hז��u���b��[Oݺ]�ܳ�<�s�%Kg�ڶ[Y�I��$X��a��m�Ȧh��Q�n��y��.��o���O�_]�Aoyop�ܦ��1S�3��I�$⎏���M���a"�:�����x�j�0�G�������}�^���R�o��5�+�]_�}y=���<�g���O����^���(%*�O���+J�mtGK>���x�B��5K�m.���f��dT�%)�{�zm;��^������q�����YI6Ą��0��z�E{��
/���{}Ǘ<k������j�̈́��Z�:����j�7�lX��@
�b���6�*�}#X������Z"\�";���.�_0��bJ�2�7daW=k��?����:����i�,��w;(��Hꈴ�sM�iR�u��VrE=Ű�-#��D#�ء�p7V�����uZY�c%���S�A���お�h�!־�5u/�����6[��|!k�B� �����^R��^$W��\�����G��n����弖��60,r:����>��]%R�6�a��V��:�I��N��Ouk$v�f[ǕJA��]C���{�=+3��xOFwb��0OR|�Z�Vu*��9���t-#\�֯��[qu4wF����(�ډ��|���S�X����P�3�5��D�c�dy6�q��lT���q�\��V���T��TMI�E������O��?�����?��?��f�+�[�>QE2(��]+�A������j�]+�A��������Uv.Ԗ�����U>*�U�iV�}��rUMӒ]�~���{�4}�/�~����4�}��=�O�q2�V��A�o�]������?�E����������U�K�_�R�����s�_��7��4}���~f������/�~���E����sa;��g[��K�l��������_��7��5O�{�4}�/�~��l'x���v�s�_��7��4}���~f������/�~���E����̈́��=�n��.}���~f������YJ�Ĥ��j��"���h�D_��>|'x���v��j:tח$l���}���������V����6��R{W���r�����i$Te�5wR��������}��]���TS��>��������	������;�������+���=�$`a��~���k�@��q��\䎝I�Rm�e6�
(��!EPEPEPEPEPEPEP?��B_��
���>������]K�B��TV����t_�^T���O�������h���O�
(��
(��
(��
(��
(��
(��
(��
(��
(��9�K�B��TV����t_�R�_����B�������:��W�}�/�H��~GKEW�|pQEQEQEQEQEQEQEQE��, ����JFIF��C		
 $.' ",#(7),01444'9=82<.342��C			2!!22222222222222222222222222222222222222222222222222����"��	
���}!1AQa"q2���#B��R��$3br�	
%&'()*456789:CDEFGHIJSTUVWXYZcdefghijstuvwxyz���������������������������������������������������������������������������	
���w!1AQaq"2�B����	#3R�br�
$4�%�&'()*56789:CDEFGHIJSTUVWXYZcdefghijstuvwxyz��������������������������������������������������������������������������?�(���=��(��(SM�۵ō���B�b�8��*��!"��w�F�������������Wa^.#2�N������2�Q����x�����?�*��B<E�@����^�Ec��[���9Q����x�����?�*��B<E�@����^�E�ջ/��Õ=�G����������#�_������U�4Q��[���9Q����x�����?�*��B<E�@����^�E�ջ/��Õ=�G����������#�_������U�4Q��[���9Q�S�?^����k�D�ݼ�8d����u��u?����@5���`q3�E���bZ�QE� ��(��(��(�~�Ȼq�_m��%v��7��v�����@J�+�q���4[Q\�
(��
(��
(��
(��3���u?����@5���:������zK�����r��^�H(����
(��
(��
(��=G��������Wa\��n?����¾W��?SE�QE�0��(��(��(��(?^��wS��I�^^����&��v�6M��2�f��Y���E�\}��� M�^�����g+���l�rI��:(���
+s��5��|Ue�ݼ���4DQ�c ��v��n��<v�-ֱcy:��j��c���\�N���nĹ���V��6�{o�5���[�dY�r&
X��� �U�Oj�ͦ���v�Ħ�y��/���|Qt>dd�]#��H��h���*H?�r��*��������әo��Q�$᳷�=�4{����n?����°��cKК;�!�[��A8*�@<t=k�{9����o ��������S��&���N6܂�kIY�v�D�Ѩw��
��$⧆3/������ā��p288�rƜ��]JrI6EEs[]h�ޫ��H��v�9���/C�**�>�Z>�{m1�n����R�ǃ�"��j���,����O���]����v����s�?�D���Y����=цFV�&}��*�Q��LhT��^cs��GEI,�7��D�|�sROeqm�4{#�$u'���s�G���r�c�7?f�G�|���dt���O��5x�,������M�_�.x�(��Ǭ���^y�?���_�Aj�ۭ>�X�Ha`���q�W�x��@������Z��p�kǙ[S��N�lp�Wh���:���ԗ_�#�$q�٠�E��N�y^���q����3[�6����) ���T�4���:O�����4�ۘm����i"�)�,x����)luO�ZN��$��G���4���`�#��+���W�ۺg[e-��<qg���N��䚻鼸��J�2�ʺ/T������t�,-�3sp���{���#h' ��"�ʊ\��]/���jQA����5��{�5�6�nK���s�%I�;W[�cJ��>$ڕ�em������~O�8�3ڼ�|��#��|����nn.u}V�Y��-ϙ,^b��L�L�x'��|M������m㵬$�f�)*:����X��]��������&Z))0v��J�Q�G�+���\j�v���TU�b붪.������c�N��Fق2?�+��޶�ɺ�O�'�YVR��]^�yu{}u�͹�e,Us�@P��2xu5�\��)�N-��Fϩ�isf�/�t�+�[�4O�O!��8����gb�P��W$�4��k�4X��v��d��yq#`���#޺*+I�\����	�4�e��v��T�R�e���0>����\�_�R��G*��#V�i�k��ƭqr#�����5�N<�f+�Xn$aW=k�����J������l��+Z��<Uc�$wN�e$S�[��;�DB8m��Ӂ����4h����5�g�;G���o1O� ���w��QYK̚kO_+|�Tm��F�@��ȹ������!L���Ch��/)a��+�y�v��zՇ��od���$����6$�
�:���#�qҺ�*�r�*V��T,�s?K�H���"�n.-d[K��-�)H"KX˨bp�;I��9�J�MA�O���,��ԟ(׫\�Ǭ���^y�?���_�Aj��ukF���BqE���?u���is�M>�x.���ȹF��<e�1�G��k��/.�����3\��U�$g�ẛE{�X�0��QEE�Q@Q@����Eۏ��o�+��?��������Wa_+��x����(���QEQEQEQE��z����U�3��<?��?��C���Y��?ʼ���������ف�<}NZ�ĉ�QE��EPEPEP��7��v�����@J�+���ag�O���nY��*�#j�}�u�k:\��Ԭ�s�Ru$����B^�nƉ�]���L��?��Q��?��Ю@�rZ*/���=����7��������s�ݓ�P}���~���������?��R���tOEA��O�����
w�`�����B�w�jq{2Z*/���=����i��{G�}
c�p���Y��?ʼ�����������\B�ҁ4d� �Ҹ�����W^���9j��F�EW�Q@Q@Q@k�c�F+_���ՑZ��������5c����D�z%Q_.y�Y�\��oʴh��RU-s�UK]�gyrq�*<�?�ߕh�Y}Uw1��{��\��oʴh���IS���QT�g�QE��W;�?���_�Aj諝����������ta?�SJ_8j(�����(��(��(��h�����7R��&�<�֨�S8�E��WV;��L����u�|��G�&zw����W������Ρ�e� w?��������_�*��L����u�|��\5gP�a����N��7_����T�g�������ᨣ�:��{��&zw����W����=;�x��+��WE��<��@��3ӿ�����U��������_�*�j(�Ρ��s�	���<n����+� ��l#�YeK�#�>���UOFR��q�(��S��, ����JFIF��C		
 $.' ",#(7),01444'9=82<.342��C			2!!22222222222222222222222222222222222222222222222222����"��	
���}!1AQa"q2���#B��R��$3br�	
%&'()*456789:CDEFGHIJSTUVWXYZcdefghijstuvwxyz���������������������������������������������������������������������������	
���w!1AQaq"2�B����	#3R�br�
$4�%�&'()*56789:CDEFGHIJSTUVWXYZcdefghijstuvwxyz��������������������������������������������������������������������������?�
(��;(��(��(��(��(�A�������?�ֵd�k�E�_���kZ�z�>���� ��*�B����"/��?�������"/��?���������h���
(��
(��
(��
(��
(��
(��
(��=�_�/�����3Z����gn�Aq�$��ا9�=�o�Iu����i��L#�g�KN0Qi迮���^}�	.��?�?�Iu����i�_[�f_��.���3�k����"����Aj���%�����!��U{�^�P�Eu?����G=;z���J-#*��u)������h���<���(��(��(��(��(��(��(��(��(��(��(��(��_����_����I㶹�7�����ꣵnXx{�~*�];ú��a��Ųj�Dc��&���O��i\�$��>���|=���R�w�;8o[Ow.�[���m�z�1�V�<��gHvg�ǝ��F�w����|���c=�N�0���O��7�;wo�bႠVBA?��>���7������@�It��TāAc�ݷ���A̻���I����n��۬\0T
�H'���ձUn>���X�ɟHt�05��e��~�S�G�$�Qt˹��W��P�-/����-�"�d.�#L����z�}+W����G�H��d�kY�����ꅔ6A�N@�����G7Ez7�~i�+�������7m3����Y������GC\�f~_x��I���㱳D`���,����Һ:9�+���m�CG]V�A��͓z�T3���;�=�9��'�����SH����Ʈl�uX��� `� d�9�w@���Zڷ�u�WM'Qӧ����Í�L��r'�3�hk|W�i'T��i��J]nHp����.;��������}5ȴYdӞ/9dY�O�lݻ�R�<[�i���f���A�R��Pv6��Xm���3E�s.�-Eu����icsz��X-�y����z���p�N�M=������;mV��ڞ��E�{����[ydPR7��O*2=GJ��I�/�,�l��2/�) ��RN�ROc��O}g��L�.�����4�E�.X�9 ~5���s@�n�i��~1ѯV�E���F���4�r��� rJ�(hR�n鞟��k�����v����_Xc)��FWh|c9'�D�Eѵ�������i��]�$�R ���8ڻ��c"���?����5v��b1ΕGMF��#С������/��xr���Ꮝ~�s4W��X���r�]3�|͙��S�3�u~�l4˟���_�ZIe���s2�`V�#߸���\�=�:��}�0��i��чƺ�9m�',�*Nj]�|�|7��?<t��;��dcW��L���	�|���n����p[h����K�(_�41ʥ�L�\uP�X㎕�U��.��N��vsn"��r��pA��^�5)���Gg�=M�t��t�O����LS���}:obG_�k��Νk�x�M�#�pm�C��~aӸȫWw��چ�y5���4��E@�i��KIjpO;��C���ҴOx~�Gԭ�mt�F�R�{I��f*�H�Dך��i�ҵ+{�Ki��{9�@IH�I��Y�T�	k���e��E�<Ciq��ku���U�4*�ͳ-�Tp�0-��m�j��M��5�(��H���Q=�y�x�c(1�Y#'�� ����t�����WZJi�#�MI���	V���x�mJ^=9����2G�O���r1�s�r�"�վ�g�jc�N�nv�or�su�����{�yZ�h��M�;Fx{R�v��	����h��I Ƨ��w	���Q�S^O���I���}���5�����9�h��6u ��8�.�9D�Y��i�����O�Z6��Ktn��T�'+�;q���{޼N?�k��)�b�Sخúߎl�!M�2��Z����Y�YbU<|���S^U�jV�5L���˩n6�����*(J�Y�QL���,1��q8_�<���*��?�u�x�@�����)]-|�7��=�����S
��}�0��i���i\_����m?�Z���~�/��/��2�ڥ�yy�%z���J�+��u���g��u�N1���?��z�5�����������������[���¶�'�؏�f�U���'�"�_�����_��{/��q�}/�V�}{��>�G�N_P�&��y~t����G\z��R��a���֡����֊��kI���4�h�+����?Z���O�"��V/��j��?���h�����W*<#��\7�n��v���f�!�P78�����y�#���l��Z�9^�6�}���EU�(��(���/�_���+��k��������AJ�k��Ǒ�e�������¸��?����W������O��������1����~h�+��u���g��u�W{���>#���������?�����g�~g�QE��`QEQEQE�<���P���-k���ǟ�:j���E�s����}��(���AEPEP�x�@�����)]-s^�������
WK_7��<�{,�v���������a����e�Ҹ��?���X����&i��w���G]�ï�����?���
�߇_���v�_F�	���G�V�>��=B�(��;�(��(��(�����������k\�t~<���P���-k��n����^�EV�
(��
(��=��������AJ�k��7��%�����R�Z��o��{�g��}e��0�/�������-v�����a����e���G��3L���_�8��~������]pU��:��������7�O�/�>b���_��QE|��QEQEQEx��?�t�?���Z�+�����������k\�{t��Db�
(��QE��, ����JFIF��C		
 $.' ",#(7),01444'9=82<.342��C			2!!22222222222222222222222222222222222222222222222222����"��	
���}!1AQa"q2���#B��R��$3br�	
%&'()*456789:CDEFGHIJSTUVWXYZcdefghijstuvwxyz���������������������������������������������������������������������������	
���w!1AQaq"2�B����	#3R�br�
$4�%�&'()*56789:CDEFGHIJSTUVWXYZcdefghijstuvwxyz��������������������������������������������������������������������������?��(���8+��#L�E��M:�ݭ�ff�I$��'��/��t�����A��QR���	��.��@�/���G�.��@�/���W��o�òG�J��e���_��J��e���_��Q���G�J��e���_��J��e���_��Q���G�J��e���_�o�z}������)f!U#�Q�
���?�*���?�5�q���l� <��(��((��(��(��(��(��+�4_�������+���4_�������+��~9z	�����I
(��
*;�����*��:��Q�۶�俐�j-��a���E[�����k�n����C�k7^��T�n,��I��l�Vu�NT��է��+g��������F�?����
����O�2�cQ[?��^�X?���5y�=`����Q����F1����F�?����
?������G�(����#��V��#W���������^�X?��g����j+g��������F�?����
?��?���5Q\`�/��t�����A�u�/��t�����A�e?���QE{��Q@�_���1\�t����e�?��n����QE�Q@Q@Q@Q@Q@��l��	"��z���r=>���9�ϯ�Do�4�u�cp�,R�&��� �Wi��?�1
i�W���[�A").F@�lJ����&�Z��JW���{��#�W����F���Hlm�a5U����h��pmAg�B�)�� zv5�Yi�3&�h�K�٠C"��0�OA���Z�2yr�\��u#	���Ȩ�6����2l���'��Ƣm�/�ŭȹ�nT,9��;��Zoi/���b���ՔFM��9���<���Rh��]i �0�ɴ���ԃ�hUi�����cU��l�����QM�^\�O"ĒHΪ�����tصmBK72y���#�P��9��]�����[v2讋�z���K},ҭ���XD��QK������@��|"��y�%��V�����w'�N�)}n��o���W���T��`�sb/a�eh
� �s��T�~���?ޝk=�����X�!}�#��/\|®X�QWr[��J}**���_+�Y#�lm�-���_¬��cY�,~�{b�[���' �H��Zz{�]��\���El/����Ƥ�օ<��;}v�?�-��u�J��K��p��ps��>�j]zI_�}��.�5��ג�k��&X����1ԁ���+�5!?��M5�Q]"iZkQ�r��P��dO2X�O�A#�卲w��qҹ�VI$��7h�O��"����U��ЩA�r��k�kEuyq��V���ޤ�tz�-�4�J{��k��n�i����q��%�!Y��Ж�:�9M'f�*���\�����/#S�qꚥ��z�̺��l�d_�I@�2��o��·�|$`��g���u�q0U��nl�
J�	�8ȮF�m���/��C.���I7m?�����rZ��������T��WZ���f2m�餕L��,J�϶{WS�_�zg�|'o��;X,��BI����a��}��Th�jX8��v�yX�U�14Ƴ��U2<�ְ�p���e�i%S/9����ս��m3U�#��^;���S4!r��#x�2��[�%���*�l�*}@ ��S��V���a�YK��Ga��xv��Cu7�����y1�����kF���֬�3�����y�3[0ں���]^\^���\\�Us�@P@���՚�gM�z���)��(]j�v���K�-.�t˫����U�S̔�hJ�b���M�-ޗ��Z���]�H��,��$�bRT�2�#޷��?�*���?�5���1U/~[��اZ�V:-S\�����-��fcD1��d��"�6�-��m�4�J�|&�{�M>����n3o�`1���X�7d|�&����V&1m�?����W�os٭<E��x��v��qjZ5���]�|����C�A=:g׊�ot]J�y���J�yc��#=���S�E���8k��c��jJ:��連�_C����i�-�������>Q�E��Gv����;�qwm��5�sI�����`b��1��8g�>��<���-F|�7����y�պ��m��4��5jZ�ڍ�����-�N�(��YCgo-�|�}�h�Ė6ђO�WEta�%E�C����bg.c�..��Cx���6��$7R����dq�lH���S\�3�vg��#�w]�T�$g�~��\Q�����n���e�aJ\������+/�p?��S�\��������r@���xK�B�����-tZ��������B��#SJWNQO�G��W������(?��5�:t�6�i+�F8钠ג׫�����x��_}��a��R��4"�݋�QEp!EPEPX~1��V�����nV��U����kXb�?G��(��L���(��(��(��({�_�����	k��?�?��B��K�B�����-tZ��������B�����4yX�㯑�W������x��^Q^���������E~����:��˔QEx��EPEPX~1��V�����nV��U����kXb�?G��(��L���(��(��(��({�_�����	k��?�?��B��K�B�����-tZ��������B�����4yX�㯑�V�>%���8b��jG��ՓE~�:p�Įl�[?�k_������(���Z�������X�VW����C�sg��k����k_������+�>�G�܃�]�Y�[�"��9��I�_�{���
�5�q��}j�|'NT��4ݕ��C��������^�������MAy�]_P�{[��2����g#�3�VU�EV����jQEbEPEPEPEP�#R�˻i��7rۻop}�i����B��~������g9�j�jH�-u��OE�z?�0�F��ԷEW�'0QEQE������f��X��j���ߢ:��!EW�jQEQEQEQEQE��, ����JFIF��C		
 $.' ",#(7),01444'9=82<.342��C			2!!22222222222222222222222222222222222222222222222222����"��	
���}!1AQa"q2���#B��R��$3br�	
%&'()*456789:CDEFGHIJSTUVWXYZcdefghijstuvwxyz���������������������������������������������������������������������������	
���w!1AQaq"2�B����	#3R�br�
$4�%�&'()*56789:CDEFGHIJSTUVWXYZcdefghijstuvwxyz��������������������������������������������������������������������������?ɢ�+��(��(��+���>�_[X�ϔ�h�ڊ������&~���h��^�������k��/e>[��2�W
(��((��(��(��(��(��(��(��+o��u�ȟ�jĢ��Vt��ɔT�:(�Y�@�e�=�?��u�>��W����?����Z}n����ڱR�[��/�l�nϘc�5���u�<����5�Ee9�n�ZKD�?���������>��y���kr���bF�}����Ǉ����u�<����5�E����_����U���j�jU�p��(6
(��
(��
(��
(��
(��74�����f��m?�<c���4|�&QEQ@Q@sU��5AՇ�QEHQEQZ�Ҡ��Ek�ܼ���4dFa���T�\>�/���������H�JH������J�(6��<�Q�����t�y"��F�s8�
X�3��	��ի}P���8`V}@H֫�(2���<c���+��eT*ЍYT��6�*�*8(_�2�Z+����"Q*lJp�*N}�~_�ZOk1j��rY2�L������6q���#J4��wK��K�PR��fE���,Lt��)��?����⠗�����["�>Q�!�yAԃ��汳4�b]?�<c���5�I�Iv
{t2K+�����9&�t�$�.��;̭�X.��px8�ǟ(I���B�����=WB7�$�{��a�YM.Ӑ{/�k1��O��^G�����C>e.�x9�{Q���'d���V�>��QX�Б��H�9?�h�7�=�ō��72_y�b&}�#��W��2U)�,e�V����+�iqn�9��l��:������}��Ѣ� ,2p2�b䖺lgW5]�����x��m�o�~�3�Ұ�<'�jv��Y�4�L�����'�}z�ft��%}Z+m�!����-�L�C��c�9#�V%+5�Q]2h�kQxr��Q��t�̖8���H�cl���A�t�iգ�H�a�v���e$�E6��㹽��k�]^\Cmo��4�ym�'�U�8�?�X�.��M�j2ؤl��<��I�@0���Jɢ�c��Vhܰ{}g�~N����U�֥�d�d�">j8(�A����?W�m|K����[�Y�Mq8�Ucc�F�$0�8Ȯ.?�����0�W~��kuj۞Ulz�f�o%�����M����v��^,W����n�l�,�7�R�����B�t�?W�,R_���eg�5´ʂ,����3������
exXԩ�%��p�ܩ�O�ԓF����v���,W��i��K�[�yG��rĩl�{V�k0i#��x�^��Ѹ܊f�he�#p�+������K�IL7���A*q���?1\���ѝ7�m��-�<;b�����.�6ک�1�齇��5&�u�-R��8ʬ~����s�ߖ���P����.0%�]�*�ڠ�����ڰrO����]�U/�6�P���^�a�j�v�L�7s5���IJF���,A�KW�OmSLѴ��[�}0]\H��,��$�"C���`G�R�Ճ��~C�h�Ճ��~C�hr.u�I5˿�uZƭa&����{&�P����7���o1K`�Ed+�:׃R�Q��?i�..U.ۥ�`9ǖIe�eXn�¨=k3�V�I���V�I���S�TkX��:���4(,."���Yc����.�6"������V�O�t��sOԵ��p����I�)� ����お?�`�䟐�?�`�䟐�\�J��k�O_���o�7�x�+���:���!H�c�(�/)a�$G�ή�-���;��i �����H	G���O�+O�V�I��nf�&��c���t��6j:�������Bݴ�b�1j��6p����k����b�I&�2I��E'+�S�:닭���˿��E$��Kg#��	#�bG��>X�z��c�[ƞ�h�R]�Mtc=S̑��%7p��QEI���ƟL���4�����ҟ���H�O��S)�}�_%����=�'�bQZzv�s�۴м*��rA��=�ͩV��7do)(��2����J��{[�M��%�=����
�����ڟs����J��{[�M���[��Ѷ�s��Q�a����Mks
����b���_����O�Ư�T?��~��d�f����V��#�������^�~��4}j����޿�>�K���J+o���O�Ə�F/}?U�>�C�~G�_�Y���f%r��m'h'�d�����#=�/*��~��դ�����}���DT�U�����3G�o�??�Ӱ{X�����(��F����ƟL���4�����ҟ���H�O��S)�}�_%����=�'�b�xK�AR��s���q��xK�AR��s���|�o���P�?�7����C�
(��
(��
(��
(��8?�z�����˭O�z�����˯�����~G�O�^�EWAaEPEPEP]����/�w?�
�]����/�w?�
י���?Ta���EW�pQEQEQEQE����C�?��V]jx��C�?��V]}�����=Z�
(��
(��
(��
(��
�;��X��Es6�2�c0=�s4V�<q�s�ȉ�MY���$ZW���6�
?�"ҿ���!��WEy�ظ~���#�û;��H������m��E����Co��?�p����A�Xwgy�	��?_���H������m���G�.��?�>���?�"ҿ���!��Q�	��?_��¸:(�������aݝ��$ZW���6�
?�"ҿ���!��WEظ~��� ��;���sޭ<�>��ng
z�E�S���V:"��QEX���, ����JFIF��C		
 $.' ",#(7),01444'9=82<.342��C			2!!22222222222222222222222222222222222222222222222222����"��	
���}!1AQa"q2���#B��R��$3br�	
%&'()*456789:CDEFGHIJSTUVWXYZcdefghijstuvwxyz���������������������������������������������������������������������������	
���w!1AQaq"2�B����	#3R�br�
$4�%�&'()*56789:CDEFGHIJSTUVWXYZcdefghijstuvwxyz��������������������������������������������������������������������������?�h���=��(��(��(��(��(��(��(��(��(��(��(��(��(��(��(��(��(��(��(��(��(��(��(��(��(��(��(��(��(��(��(��({h�Mۆq����w�5���.k�Pi�/"C6��2#7���\>�'���������H�JH������2n痈�Oh�e����}�/�����������,n"��l���M��8)b��r'�cVm�=F�K��Y�)�_5�G��	�u�Z����U��'��w�4}�/����&�g��bc�M�NI�F~_���bա��e��KGu�	8l��E�{J���b}�/����������D��,Lt��)��?����⡗����["�>Q�!�yAԃ��拰������"D�\��j�k)�����UM��	f��UT^�䑟��ԞҠֵ7����o!��n�T���x85�^���mҼ��z+��lu��}<�%�����%�B��9��:�KKe�a���ZY�b��E`��ܷ�(튮dts�c>�ݶ�o�n���3ەܭ���RrSi����3�kqs~ڑ�tVP��"/��pway8��CrK��QW��]KL�V���X�c����c�>�oQ��n�Ӥ���S�' �H��t>db�[���~M$j��;Y�~`p�N�]���Q��;_�m ��Ӛh'c�H��9<s�׵B�]�:+y��4��崙�(3���ԁ���3X4�4��(��4=f�]�#\�#�,q�٠��2��;��zz���KC<��6����) ���I4��lt�����e����6��	�L����x�x±i�7�&�5lR2��<��I�@0���J���?­VS��+4����dl�5���?#S�t�*�kR�}�]�5$��2~�������<�k�}Ž����eU�qN[$mRCN3����1Uz�������n���,W��i��K�[�yG��rĩl�{WU�j�V���'������Rk�i�
Y6���g뒢�UX�����n���,W��i��K�[�yG��rĩl�{V�k0i?������ �ym�q����9PF�?V%Miwqat�V��n#�$
	S�g���Y�㈭tm2�@��^-R��JM�m�S�c#�y���Xz��^�a}�,3�7�����E�=�����ד�^NT<��p�(����31H$e8!I�k#s�¥8i���}7G�?��t�F���N�����fY<�J���X����O�G.���:��������,��$�bRT�c�\7�������G�Q��u�=������w<���+_���MG�z�:͝���<�Cj�m��H �q���iz����i��]x�{�Yɷ��=���K,\��>U�^u��u�=���h]�_�t�O�<�Y]u�~?�zm���7����-F�E��;��o�"��P��g�����Z��[Mp|Q��Wsȟ$2��\��;�^����mr��_����G�������G�Q��"�Y�N�_��٥��<Umq��4�#y#������̐�:�G#�����������\r������PJ?��ι��	��r��_����G�������G�Q��!,���_�����K���V�S�{�[��Sh-����[<��;�	m&͉�0!$��+7�B��z���(�к������
�bR�O-��_���qs��|X�0����/$7SY���"H�Eؑ�.	�r=Mp��K��o����w3\��T�$g��KN��3�m�q�����M�.da*��[سi��Z�����U���G���3��QRsQ@���u:�
��3���{��S�}�"�������A5�ׇ��u��� �M_[�~d�c���ެ9����5�}�Z>�i-6�L�|�8{ק�~��"��^���������yc���3���%$�s�袊�O�
(��
(��
(��
(��4���m����Y�O�����ZӯO�4x���?�f���
�Um?��T��9��3��QRsQ@~�����A5�����[���]�|�}���͑-³���5?����@5�Y�������zK���)|q�E��,}Q�tQE}��0QEQEQEQE����o���:�����֝zx�����]6���U��i��Z�?���_���(����(�������-��_�	���K���R��P�9
9��k������y\�+�5�y��j�T�ڷ�ɒ�ܦ�KG"+��+��"���v���s��_�*����M������U�,���˅
�\�F����@��O��F��M��'�V_�&�o��������]7�x]����U<:;Ś�bc�y�����&����(��ѿ�a������	���<.�������M������T����VM���s�.Ӭm�h�;x��	X�U���+��4��?��V߈uH5mB9�Y �H9�=�����|%S��m:�U�"�4��?��Q�h?��ȩh���gݑ}�����(�4��?��T�V�m���M����y؊��b�E֕���ܳi��Z�����U���������ET��EPEP���N�]���U:���AES�T�:e-(��P�G��`��(�P����(��C�{v
(��0�v*0�v
(�����, ����JFIF��C		
 $.' ",#(7),01444'9=82<.342��C			2!!22222222222222222222222222222222222222222222222222����"��	
���}!1AQa"q2���#B��R��$3br�	
%&'()*456789:CDEFGHIJSTUVWXYZcdefghijstuvwxyz���������������������������������������������������������������������������	
���w!1AQaq"2�B����	#3R�br�
$4�%�&'()*56789:CDEFGHIJSTUVWXYZcdefghijstuvwxyz��������������������������������������������������������������������������?��(��D(��(��(��(��(��(��(��(��(��(��(��(��(��(��(��(��(��(��(��(��(��(��(��(����M����o��3��ˆܣ<�k�?�����<��Ur���d��b�Z��i��o�<b���A<7�@���'�G� ���o�G������)v����X��/���Wg��M�?����;���gqԟS\euҨ�AMu=|.&�J�6}�lQEhtQ@Q@Q@Q@Q@�x���)}$���y����ن	uQڶ,4��d�����Xj3[.�F9��3��hz:�R�{��q��v�\����;H�Z�ܺ�N�M��@y�=�Տ�5�H�"���:����F<�+�gV�q���lҺ4�D��m|?�Kww��c 	�e=��]��,��}o����u�?�G����q;@
��@�ձUf����Cm�ͥ:jWJ�FTĀNv�=랦�IsKs���\MOiSS������ϭ���O�.��Y�/����ߴ����4�;wo��v
�$��9_�b�\x�����T�S�遮#*|�x�݆#�}�?�P����������i�k/���q\'��n��ی`�C\�^���+K�HC����\�]TF��<��O@2Mjx+A��6��Uē$�[Lm|�3*�P��8=0}릜#N<����<5%N/�s������׼7s���;��b�c �%��RYH\��5�m��ρ��'��~�qy��n����Gm�Ia��CW̍=�;�������Wq�O�� �ڲ�d�?�h�|2��Gk�j'Y}O��f�DH-���a�q��Z.��Eu8:+���7��o�o�&e�DP4�s�ːVo���N�[���B��푁<����]�=�Z����_�+�H�7"�a~J���g���:�Ꮜh4��)�2FFӃ�1}�����9��䨮����,noA�X-�y�����!s����i��Q^���-o�Zx_R�58�Ksyx�Ck�()��'��z����v����ZN�f����}I~`�M1FJ[g»�M7�6�w}u��~v���".ap2ǁ������Ykϋ�{���I���72M"r��� rJ�c�J�w�9[��<��<O/��P�����ھ����_���2E~�bt�&M��ߠ��N�<5k�O����Ii���RI*:�A���q��8��+����z��o�	k������
�J�˯�c,]_eV�v3t�m-��$�)ޮ�p���e�i%S/9������闚5��|��ۦ�a��*����KF�������YTW1�N�����ȱ?���*[K�w�%�Ew���$-.�n�IT��rĩl�g�m=햝��5,ͷ���^�mЮ��\��A���Ԑ\Ok2�m)�d����\G�),t���]�����S��xc��xKX�&�c?fS���~f���^y�}S��:^�����������n�B�V����������$���n�@PO����L,�R��vg��jT��S�M.����zE������h��ܙ-&Y��	R@+p~��Y,�Q��vW�אhp�H�o(�F�'�
6���:�Z~��;C��|�-kb��>z�)�Q�������iϩx6�h�T�݌�_�B��G:�=�>��]&�Z�����V��˹����52��[3�r�76�����\�x�֨��5��Zǡ�s��m��M=���J΅�*�N�V=���th��亲�5�g�Hт��L$S�H>���9��ǵv�S���<ɦ����Ē�B���ڮ�|%m�!|�a���Dw���׃�R
�g���G{��Iu�\��+|щ~e��h�#�<���:W��!�G�IΫ�l�rP���G�R���K�-:_�A�95�Fң_)n���
�d�w�n7���{׍����G��T�c�cS֮�ڿ��<?�4�[`��wV2�K,H�bG�����k��;����C����a��[�U�������ޕ���IzW���t/��'���~GO���C��׫�K^�^q���C��׫�K^�_#���Dsf��Q^a�QEp���m�J᫹���0��k��W_Y�������?����l�������Z�Cg��VФ(^9P��g�O����J��R�u���z�kHei'�p�#>�/�#V_�����}r|L�i-|�Ip�7�ȵ7�t���|����'�G�.��ϖ��~������/��?��?�F�������
��\We������n������i_��O�.��]>#��-+��I����#V_�������Y�Y���b�/�?���#w�O����J��R�u��|OּE��iWv�zA>��nm`��@�X���o��$�<��������X�����>I�rU�ia�ZPWZ�QX�Q@��+��ƒ>����|�?�߻�:������[�BZ�z������[�BZ�z�����#�0�?�(�����(����0��k��W]��_����_���j�̳��??͟E��w���gw���6�����b�������)��X�Ө�>���_}QE��QE��_���]��5��U�_���]��5���g?�O�1���?DQEyG�QE=ɡ�#�2��},r�*u��ί�������V�Ж����������V�Ж��S6�y~������(�0�
(��8o�������%p���E��o����+����?�c����X�x��6_�Y��5�.0��ؼ�S��u/�����+:���/�����Ebk-�����K�~���
?�u/�����+:�>���������_������K�~���
?�u/�����+:�>�������}j��u+���s˽��9��U���u'Q�M���Nr����QE�Q@Q@_���O�^���-z=y����O�^���-z=|�m����f��Q^a�QEp���m�J᫹���0��k��W_Y�������?����l(���:(��(��(��(��(���, ����JFIF��C		
 $.' ",#(7),01444'9=82<.342��C			2!!22222222222222222222222222222222222222222222222222����"��	
���}!1AQa"q2���#B��R��$3br�	
%&'()*456789:CDEFGHIJSTUVWXYZcdefghijstuvwxyz���������������������������������������������������������������������������	
���w!1AQaq"2�B����	#3R�br�
$4�%�&'()*56789:CDEFGHIJSTUVWXYZcdefghijstuvwxyz��������������������������������������������������������������������������?��(���8(��(��(��(��(��(��(��(��(��(��+���?� ���w��S�'vp�wZ�+Ӿ�Ƚq�_M��%kJ*R�����
�����-����
�����-���Eu{v3�g�
�����-��ի��b����ߕۏ���kڻZ*e��%f��YӒ�^���������ת:����j�}����1�����ι�\Em�D�6�3������,N�iJP��3���U�Z*�����K�Z��{���kY��q�¼?cS�_�}֨:��v����e�=����
?�����8��G������P�u���K�Z��{���kY��q�cS�_�Z����E�*���������(�ֲ������Ƨ�>�C��ވu���O��?��~�5[�{�UHd�����8���z��q�f��̧�n.��(���8�(��;���������W�ק|9��z�����@Jڇ�L�:�(���(���Y�{�CeC�o�����]=cx��A���a��s���FRF�b�Q&y��#������������H���Q_9�ʧ��Jg7�������?�G�#�������t�Q�ʡ�Jg-s��Z۴��\d)9�JϮ�X��T���W)]�Z������S�9Z!EWI�QEQEQEW�|9��z�����@J�<�Zx�ƚ~�{$���y����ن	uQڻ��>�C�x~}^˗/n���i
�&��8�?¶�ҕ������\x�S���ԧ���i�X;��Ȝ)b�v�<��j�\�u#��Oy�W��>��|���Gˌw�{f�}�;��9v::+9�Ƒ�n����N�P-Ғ�@�ձUf��=��m��&�]+<1�ĀNx���ø{9�6��������ke���B��s�c�e$}@�V^���7�K�4J��)��Ps���ϵq�4�FQ�����40�#Q6�q�U�k��;��UM��~l���Fs�95�ZLި���Y-�6�Ҫ�Pr�v0��K��6c�]g�<1c��z{��.fv�O�,��i�$���"Yڏ��!����+KTVI*]�pI�V�W�d��s#X��T���W)^�y��>���H�XYC�
�a�r�ǏA�dh��������]j���͡WU�!�,r�Kc��z(IS�u81Iʦ��.���|7�躲�z��47ύ��q|��r'�3�hj��N��OR�%��!tm� �W�#�vY����讚/��+�A]n-W��/9dY���3��.����Z兵���=ŭ�s�X�;[kg,1�=q�q�,�����7�%����7+��0�P~^�.r��+��a4��Ez<~
i�}KT���-�q���Ƞ�o���W��:W�]��c{qi:��V�E�e$��m49E�s��CC�]Z������H��<���@O}H��9������x�JԚ��hl�IZ�Y�^Ux(��>�j�ÿ���/�����+����9e��rpq��6�&��;�MOVҴ�B�^�X?l�� IR������[:h�f���<A�]A���]�	�����E��pRE2�����Z��IkNWB����a�3q�B���i�ӑ$�$���y$��<]_��H���^�v1��k�MxZpQ�gG��p88�IE%��T%�M=W�sFSk�X_�޶�x�ė$���bU�8��Z���u|
��5֝��N2�f�h#�w���^�{s�^Y]��a����@��88 ��V/��uw:��֬���'�z&���H��s��&�6�.1�����M��/_���ћ����f�]\]��j��ח�`<�c82xu�V5�)M8l�=���S��5}7F�?��t�F���N�����fY<�J����n�U|C��.���wL�m�-m$����&Y��DJH���{�1Wt��	����Mt���J�:6�����X�m[V�}b=Z-C��M'�ڭ�7�
�b���6���E�|q�������~ ��>fm��v�����\+���$*J+��hϑ��Z-���+���,�;o:�}#��l@����:q��cQ�g�mW�����r"�6������nT�ǌWEE�٣���~�=�ٮ�e`����Lq��IK�9��pr��j~
����'�lno���z;IFa��ɴ���[�Q��r#F�].��V��)�t6�Re�ܯ��1h��=͞z�Z�'�Zuލcs$�a淎F
댕��֊=�z���6��x^_'�u/Cl�X.���	�Ĉ6�{I|���ڹqs�_�{���n�e_���pA�uQ���=�^����K�����ׇQ^EL7<��xU0��r��4W�QQ�?��O�߁�4W�QG���S���{�a���]��_Ұ�5��ǭ��=�US�����QEA�]��'��A5J��?��������hz��Oc���+�B�(��(��(��(���+�<���(��(��m���C�m������6����{��\�c��m���C�m������6�>����v;/����?��U���MZI�f;��'�5�շ��,���V��Q�H��48��&��=J�(�p�
(��
(��
(��
(��<J�(�8�B�(��(��(��(���!�#E���@jĭ���g����.�ƽOR��+��(��(��(��(���+�<���(��(��(��(����g����+o��4Y������ċ��SԨ���=0��(��(��(��(��, ����JFIF��C		
 $.' ",#(7),01444'9=82<.342��C			2!!22222222222222222222222222222222222222222222222222����"��	
���}!1AQa"q2���#B��R��$3br�	
%&'()*456789:CDEFGHIJSTUVWXYZcdefghijstuvwxyz���������������������������������������������������������������������������	
���w!1AQaq"2�B����	#3R�br�
$4�%�&'()*56789:CDEFGHIJSTUVWXYZcdefghijstuvwxyz��������������������������������������������������������������������������?�h���<�V�e��fK[�������=�U�Q�o�"���}������x�`��U�F�)*��g�`��	���w�
?�u����;��{��_�Mo����v�B=����?�}����Nx&�����H�_��)V����{���8_��?���e9�LugJQJ����3FR�2g?EtZ�k�ؼ��2��P `��֯�!�����������T��ʧ�ש8��"������������M��i������_�&����x���8�+���;O���_����4����k�����=���/�}�Ev���i������_�&��C����u�}/�G��e�;/��(����(��(��(��G��������W�W��7��v�����@J�������S���+���
������l��Zװ׏x��G��g��־��?�������5��f����/�w?�
�C\����/�w?�
�C_�S�Q�����QEY�QEQEy=Q\ąQ@Q@Q@z���n?����.�Q�o�"���}�����q���G^��aEW����7�������赯a�'���,��+I�C��2A��+�xjJ8�6���x�zkԽ���K�]�������-���I�&3ԩ������"�N	������(����(��(���z(���
(��
(��
+k�zE���k=6��Hf߹� 0�3d�zU�2���%h��y��+��o�8�))#!s�����Pm]�z���n?����9�M��O7���]2��8)b��r'�c^����H��}�%���n�E�"&�f9�n�z��3�s��	�u��ӃҮ�WENl���~n��o(�@W��gnGO�|+�bc�9t�����=^h�"�K�?��?���������+Q��:���>�3��@���5ׄ��#6�NK��kI8�fQFW�s]�#[hP<�<�QT�9'f��]I$AY��ġ��p28<W�9g��?C���1����U�5-o�D���k�V� �y�yM(^�����|��G�Yj�+_�Eon���2�f<�5�t_��ھ��I諱����z[9����H�u�-���6�Y��q,׆	
�b&}��^��
.�u���V��{K�k���,�^��1֦���l����qdĎ2p3ϩ�r�㦻�7En'���4��&��f���é;}v�w�F���U����Ni��1�A"v���ϯ^��f|o+�a�[�����-�αA�����q���a4��Eu����0�n��Q��c�>����6��O+��t�RX��A�"��u�e$�i���·������.�na���J^i�"(�ےO���	��G�^�%���k��nd�D`����)�8�%f���Km�2[j:�����m˫8��ˈ�Q�@�2����gR��uoEk��]�a��Os:J��͟���p\�+�+�~�Ȼq�_m��%yٮ7�k�}W�s���fR��ӭ��#4p�k��-���-��,fP[��&��a]4w:^���
�)��l�馅]cH#� ��:*��'�޵诏��T�����{�K�KX�]$pVv�u��[f��u�Ź}�e�y���ubU���9�+b���I�O��t�o�,.ݭ!*�Z�`ە���Ͻt��},��RI�����oQ�G�+\.oR��e}�[�%+����άbdx��8$�<3n���s�L�mcl����f����5�g�pOӽfZ�ono�/.oonv�n.J�*�ڠ(
�2xu5r�@�J�CfzXJiQשN+�(�]�����v�3\���ҫ�m$�"��,A�j�Ķ3k�f�����A�%���Ҭ�I6D��X�=�R��D!�Qi�o�5�B�k���G�V2F����Z���s��ڳC�Ǆ,��]~��Y��ܣ[%�k�ylIX�U��*�iQK���I����sMo�qiR�u�iVrEqsl3H��(n�Ն�o�tx���KGV�h���{����}����b�
)�G��O_O;���^��]3�V�^�.�N0�7�?���;�����:�����{�x��q�$�Wۉ(�d~[:烂�'�J��s>eպ���cL����.�h�07��mp�(�Z)e���y�^w��M��`BI�tU�)9\�O���.|?/��^"�����k9��Ih�<e�1�G����}=�������k��d���7b���JwV
(����Q�o�"���}�����թ���U�-����ʉ��_-[��A����:��3�M�������>f{m��2���mb��r<Ȭ<��A ���J��z���+�Y=|3Jmk���zP�B{&o������Q��w�=����<�s�=N*0�yS�تTRVC(���/,�t��z�o��(���7
(��
(��<��(��B�(��(��(��(�z_�����B�6��K�����wO�W���gć��CfQEx��EW����{��Q]��EPEP��E�|HQEQEQEQEoK�����wO�W�יi�������
��������:�l(��(������J�IA;��TR�*+��{Hė3�
�4��R�)��@0����-]�3ڕj(8-M�ce9���ԣ������0�� �ЃN�:/��t�����Az��U���D�$ڰQE��*�ȉ�З�OEW�|�QEQEQEQEoK�����wO�W�יi�������
��������:�l(��(��+���� ?������O�������Aj���C���h��/��t�����Az���ӿ��?�U�¯��L��0��*	<��(��<ࢊ(��(��, ����JFIF��C		
 $.' ",#(7),01444'9=82<.342��C			2!!22222222222222222222222222222222222222222222222222����"��	
���}!1AQa"q2���#B��R��$3br�	
%&'()*456789:CDEFGHIJSTUVWXYZcdefghijstuvwxyz���������������������������������������������������������������������������	
���w!1AQaq"2�B����	#3R�br�
$4�%�&'()*56789:CDEFGHIJSTUVWXYZcdefghijstuvwxyz��������������������������������������������������������������������������?Ƣ�+��
(��
(��
(��
(�VZmޡ��y�1�����TN�)ǚn˻ثEj��9�ϧ�DO���[�}?�"�s�	�?c��/�2�eQZ���j������h��sV��O����G����?��0�]̪+W��[�}?�"���j������h���~��_�˹�Ej��9�ϧ�DO�K�jp���m�E,��^�ޚ�a[����s.�mQ]C
(��
(�"�S8�@�&�Wb��S�����f��_�w��P�Z}�0��d��sCBrQ��~L��f�:�T�;���ȭEWQ�Q@u^����g��W+]W�����������>_�R&��u4QE~|sQ@Q@U���y�\�A5j����i�?ʴ��V/�	˕_��WeE~�����'���?�EvTQ����!�������Ԑ����QԐ����]u>�z؏�K��F�T��������MG�=����k�0�Ǐ���S��O�̢�+�т�(���������٫��������l��j�s��
�/�)S�:�(��>9��(��(�����i�?ʤ��?��_��)>���0����s�(�6���>#�|:����;M:��Hf߹� 0�3d���xc�S[ǥI�Y\L��h�E%=B�6;I��b��Z�>»�9Eof2�j?����CZ/m,vB��VpmAg�@,S�@��>�z4�-�W������2��y<c#�����FJ�n����N8�w������h���W��bc�M�NI�F~_��֢��Ҥ�e��KGu�	8l�=���й�s"��ox�&:Tؔ�pT��g��qP��mj@��dV��32/(:�s���t˹�]W���������Ag5ͥ��A>�k�4�"����#�����!�5����p��UIPr�1�o�a�F����gqJ�4w�W=��cG�|;���k���kr�M�v��?�Q�K��������//"�����R�X�=�+�Ig���=�����u�V<>�E��ėO.�`��P1�QC��K�Y��ux�ޛyZ)�l("g�~_�^��
�M)�)�k��ħ��7h�v��VVW�gs4�\�6��&����S�x=>��^�`G�8�Hٴu������q�P�8���F�6c�aX�x�]F��!J�$B�pqX��u;Xn��X&QĈ�ps��>�k�	�«�U�[�ߩq�f���ۖ�ܛ��G���&������ KY�[K�b�;��RrG��a���V���0�k������&������m�ɿ!�5e4m
=f/\��?�N����}�	w,m����;��̺4r��<nѺ�u��G�A���p�k��	����u����6��L�L��ܒx_B�@���7�&�5)��3��)��i(�O�X�$������ӺNH�x��tGMg��>�5]R�K�]bmVO�K�/ޤ��~�OҴ���x$î�Oogi�4�V0�9l�
H`	�8Ȭ���Ǻ���x�lG5T������1������z^�ooR��{���m%�X�5F�ݺm�ܳ�<�s�%Kg�ں�UҬ5oE%���vVz�\+L� R˰�?(<�8�㨯k��L�E����v���,W��Xn�6�nY�n9�����[�A���>�<��ז�7�L�m��n��`����6Q�ZJa���$
	S�g��9C���am��H��s��&�6ڧ0�G������tK���r��8̬����5Bi.o/翿����|�b3��@P'�SE8�-G�jt�����x���:^�iwk�������,��d�	S�,A���≴Թ��M+P����k���e�U���JJ�,`�=�&�JT�w���as�C�����ƈcm^;�	px-��m�4�K�|6�y�]:��A=ҭ�m㺌?p��!�쏕A��=E��gSk�-&������P�ѭ����戴�6*�����s��&��[I1�.��^O"|���up���z��;�چ�9F�c�t���,�������,#��L��d���u�G뀺����g���sI�����@J>���u�pς}�P�B��T��v6ڶ�7��CW�R�{(�[��LQ�-����[>��i,[F�f$�o$��E\�����lu�Z�O�%�~!���I!���G?hG.ďp|���5ƥė�q{4F).�&�1���Hσ�݊}(�l¤��>#�|:����W�H��ʜ���ʩ��Ǻ����0�u�!�5��s�C<���jѭJ:�eتx�Npi&S��+�>�(��(��*[o����*����^���lg��O�ȸ|H�EW��Y�����iVl��_��^�A�I�W���+�P��(��(��(��(��(��(��(�m�ׯ���*���z�?ʹ����?��"��"�Q_wf�����5�Y�����{��'�a_d6�(��9B�(��(��(��(��(��(��(����^���[o����*���T����ċ�QE|��/���x֕f�����5�dğ��}��(����
(��
(��
(��
(��
(��
(��
(��
���z�?ʢ�m�ׯ������S�/�./�E�GpVl��_��ZU�/���x׽�~��Ch�����(��(����, ����JFIF��C		
 $.' ",#(7),01444'9=82<.342��C			2!!22222222222222222222222222222222222222222222222222����"��	
���}!1AQa"q2���#B��R��$3br�	
%&'()*456789:CDEFGHIJSTUVWXYZcdefghijstuvwxyz���������������������������������������������������������������������������	
���w!1AQaq"2�B����	#3R�br�
$4�%�&'()*56789:CDEFGHIJSTUVWXYZcdefghijstuvwxyz��������������������������������������������������������������������������?��(��D(��(��(��(��(��(��(��(��(��(��(��(��(��7��,�����6�h�����t�p��n7���Q^�Et�K�߁�������	�W��GԿ���O���'�QE\�`���Uܡ	�q�W$ �%���tV��m����Ǐ��'��R�WX�ʄ���}k��*%{���Q\@QEQEQEQEv6^������$J�\d��T����������_�&����Y���V�Ğ"��\������p[��!�w����������J���N��"�8��c�'?֒����?Z�2��%����f�V�Kބl�h���qQ@1ZG�}��s?�V}hi������1^V��><ڨ����o���ʥ�����o���ʽ��,g5EW�(��(��(��(������|aa�^�4v�f����ll��:��Z�~��L�Z��c�L?їU�#͌���I�4��.i;3gJ��E��p��An�ecqk��M:,h�,��\�ʙd�s��#Zi7�2YGJ�_	�|�A�8'�du��J-��kN�5I7%o_+�Z��Ϳ������]qV6:t���pA?���94N���+u ,�]y�s�v=���b㉼���3�В�k�E:+U�5�*�M���8\O���E&���vmd��0�˴��85����#�����џE=#2Y�v1m	%��UUS���oK�K��-�c)��*�t�r8<S��}��XB2�{nxUhi������1]_�|a�o^_���Etl�K0�����'��e��e�~�_��g��;DVI+��pI0EyXy�V7�|�<oa���zM�\��WEm��]���*g�+�[*��Rw�S�%w�xC�z]��֡%�Z4jꨑ�%��;��$�W�V�5��Nq]O5���?j�>��e���^�6E���p6�!�x�5{U�/��M/�KQ�e��B�v��n�9 r;ׁt�種�?x�mu���^���VEt$������K����Ս�<��!�R�P����9�\gf��s.�7Et���ũeqv���o��,T:���ps4�4��(�@���V��ơ�ji�;��s�X%�C$o���W��:W	uo%����.٠���}I~`�M1FJ[G�+�M;��w}u��~qy��".ap2ǁ�kCѴ^�j���t��`�4v�<��I�NUx(��Ҹ�)4)A�t�I�5��G�Ym�um'I�b���j2��t�$w��!��t�~#�l�M�0<A��E����	0H�ݰ�w�,�~�2+ĪY�����К�P�n_��)MESR�[�-�V��(��]�xf�����HM�^������\���]烵�=f�C�wch��~�����y��'��}��+�|'�"͟��Cj��S������"n�N�V�It�--��$�	ް�p��v�t�J�^s�%K��=�t�6�^��,$�d���w���(�hB�G@F�?�RAq5��5��)�;$P	S���w�Yn��,z�.��yt�o��[Ae��-<�R�/�ڡ�1�鼏��jM2��Z���p#�X�3��Y���o�/��./on6�..
�*�T�Mb���]?��-C�
������*-Tս�/ȟZ�t����6Z>�gyie��ji2Ȋ%��!*HE��V�\�M��^���6����^_H��,�IvƤ� 2��k��ib9&�k��VQk>��	�ڏ�,/5X5�;��yh�6����@;�l�n+�f�|A��6���m��z���}���w)���$�E���TMrTQ��h�"��Ki��N�<O��~'�]��"�aС�//m�x�)��ǧ������-//����N[�\G��7$��ȸ�q��$|��*=���So���=?C�|#��������6�I�lrH�Գ��c���q�טk�3�8�&��o,�Mqn��ѿ��[:��p[��QY��}/�����K�V0�����_�������h��I5{F�"R�5��(�d]���s�_z�;RM�$�1��h��lrF���I��O�v�;��>�ko������$A�#�X���k�o�[S�/���חRܔ?ý����AE	X#;�QTXT��������5ER�������q��]Q��(�����������b���9~Q�PG�{^wEU*�����6!П2W=k�cL������_��cL������_�%�����ڳ�Tz��ƙ�AO����X� ����?ٮa�n��[��q�������o���18�:N-��%Vjni�E��EPEPY��}/����׬�W�>�����kG�8���(�E�x�EPEPR�������K/��?�?�U�g�uFs����2*(���(��+KI�����Y�����e�]�3�4lmB��QM�::+��L���O����*Y$�`�3��{�Ξ�J)�z�1�SN���Tw?-��pB�Wc�f�����c��Es�i��{I�}>�?�����5��qh��N��5_��_��5[�3��i?�Lwy]���9��'sF25aʐ�(��8�(��(����\��	�*�_�p��&�������G��dTQEA�QEQEV���o�\���S[\����)$c�h�B��������o���ʲ���?��ƛ&�<���8�kӖ6��@Q��+���(��(��(��(�e�W���Bj���@���RvL�F�>��%QRPQEQEQEQEQEQEQEQE��] (Thread[vert.x-eventloop-thread-2,6,main])
25793 ms. Memory: 1807872K Free: 329550K (18%)
Exported /home/travis/build/icyphy/ptII/ptolemy/actor/lib/jjs/modules/cameras/demo/CameraWebSocket/CameraWebSocket/index.html
32571 ms. Memory: 1807872K Free: 294538K (16%)
####### 19 Wed Aug 01 02:05:00 UTC 2018 $PTII/bin/ptinvoke ptolemy.vergil.basic.export.ExportModel -force htm -run -openComposites -timeOut 30000 -whiteBackground ptolemy/actor/lib/jjs/modules/cameras/demo/Foscam/Foscam.xml $PTII/ptolemy/actor/lib/jjs/modules/cameras/demo/Foscam/Foscam
----------------- Wed Aug 01 02:05:00 UTC 2018 About to sleep for 5.0 seconds before running or rerunning.  Test is: /home/travis/build/icyphy/ptII/ptolemy/actor/lib/jjs/modules/cameras/demo/Foscam/Foscam.xml
Done sleeping
Running .Foscam
Foscam2: snapshot.cgi?user=admin&pwd=&undefined= (Thread[AWT-EventQueue-0,6,main])
Foscam2: Making an HTTP request. (Thread[AWT-EventQueue-0,6,main])
ExportHTMLTimer went off after 30000 ms., calling getDirector().finish and getDirector().stopFire()
Foscam2: undefined.cgi?user=admin&pwd=&undefined= (Thread[AWT-EventQueue-0,6,main])
Foscam2: Making an HTTP request. (Thread[AWT-EventQueue-0,6,main])
30013 ms. Memory: 1812992K Free: 866232K (48%)
Exported /home/travis/build/icyphy/ptII/ptolemy/actor/lib/jjs/modules/cameras/demo/Foscam/Foscam/index.html
35133 ms. Memory: 1812992K Free: 849502K (47%)
####### 20 Wed Aug 01 02:05:41 UTC 2018 $PTII/bin/ptinvoke ptolemy.vergil.basic.export.ExportModel -force htm -run -openComposites -timeOut 30000 -whiteBackground ptolemy/actor/lib/jjs/modules/computerVision/demo/ComputerVision/ComputerVision.xml $PTII/ptolemy/actor/lib/jjs/modules/computerVision/demo/ComputerVision/ComputerVision
----------------- Wed Aug 01 02:05:41 UTC 2018 About to sleep for 5.0 seconds before running or rerunning.  Test is: /home/travis/build/icyphy/ptII/ptolemy/actor/lib/jjs/modules/computerVision/demo/ComputerVision/ComputerVision.xml
Done sleeping
Running .ComputerVision
Manager.initialize() finished: 14793 ms. Memory: 1925632K Free: 1043743K (54%)
16979 ms. Memory: 1925632K Free: 786905K (41%)
Exported /home/travis/build/icyphy/ptII/ptolemy/actor/lib/jjs/modules/computerVision/demo/ComputerVision/ComputerVision/index.html
29085 ms. Memory: 1925632K Free: 728488K (38%)
####### 21 Wed Aug 01 02:06:15 UTC 2018 $PTII/bin/ptinvoke ptolemy.vergil.basic.export.ExportModel -force htm  -openComposites -timeOut 30000 -whiteBackground ptolemy/actor/lib/jjs/modules/contextAware/demo/ContextAware/ContextAware.xml $PTII/ptolemy/actor/lib/jjs/modules/contextAware/demo/ContextAware/ContextAware
Warning: not running ptolemy/actor/lib/jjs/modules/contextAware/demo/ContextAware/ContextAware.xml. See ptolemy/vergil/basic/export/test/junit/ExportModelJUnitTest.java
----------------- Wed Aug 01 02:06:15 UTC 2018 About to sleep for 5.0 seconds before running or rerunning.  Test is: /home/travis/build/icyphy/ptII/ptolemy/actor/lib/jjs/modules/contextAware/demo/ContextAware/ContextAware.xml
Done sleeping
Exported /home/travis/build/icyphy/ptII/ptolemy/actor/lib/jjs/modules/contextAware/demo/ContextAware/ContextAware/index.html
4135 ms. Memory: 1932800K Free: 1348999K (70%)
####### 22 Wed Aug 01 02:06:24 UTC 2018 $PTII/bin/ptinvoke ptolemy.vergil.basic.export.ExportModel -force htm -run -openComposites -timeOut 30000 -whiteBackground ptolemy/actor/lib/jjs/modules/crypto/demo/AsymmetricEncrypt/AsymmetricEncrypt.xml $PTII/ptolemy/actor/lib/jjs/modules/crypto/demo/AsymmetricEncrypt/AsymmetricEncrypt
----------------- Wed Aug 01 02:06:24 UTC 2018 About to sleep for 5.0 seconds before running or rerunning.  Test is: /home/travis/build/icyphy/ptII/ptolemy/actor/lib/jjs/modules/crypto/demo/AsymmetricEncrypt/AsymmetricEncrypt.xml
Done sleeping
Running .AsymmetricEncrypt
RandomBytes: [ 48 ] (Thread[AWT-EventQueue-0,6,main])
EncryptWithHash: ### it is a string: hello world! (Thread[AWT-EventQueue-0,6,main])
RandomBytes: [ -78, 52 ] (Thread[AWT-EventQueue-0,6,main])
EncryptWithHash: ### it is a string: bye world! (Thread[AWT-EventQueue-0,6,main])
RandomBytes: [ 68, 67, 69 ] (Thread[AWT-EventQueue-0,6,main])
RandomBytes: [ 118, 16, -71, 23 ] (Thread[AWT-EventQueue-0,6,main])
12260 ms. Memory: 1966592K Free: 1312125K (67%)
Exported /home/travis/build/icyphy/ptII/ptolemy/actor/lib/jjs/modules/crypto/demo/AsymmetricEncrypt/AsymmetricEncrypt/index.html
23437 ms. Memory: 1966592K Free: 1176918K (60%)
####### 23 Wed Aug 01 02:06:52 UTC 2018 $PTII/bin/ptinvoke ptolemy.vergil.basic.export.ExportModel -force htm -run -openComposites -timeOut 30000 -whiteBackground ptolemy/actor/lib/jjs/modules/crypto/demo/MessageDigest/MessageDigest.xml $PTII/ptolemy/actor/lib/jjs/modules/crypto/demo/MessageDigest/MessageDigest
----------------- Wed Aug 01 02:06:52 UTC 2018 About to sleep for 5.0 seconds before running or rerunning.  Test is: /home/travis/build/icyphy/ptII/ptolemy/actor/lib/jjs/modules/crypto/demo/MessageDigest/MessageDigest.xml
Done sleeping
Running .MessageDigest
RandomBytes: [ 18 ] (Thread[AWT-EventQueue-0,6,main])
EncryptWithHash: ### it is a string: hello world! (Thread[AWT-EventQueue-0,6,main])
EncryptWithHash: [ 104,
  101,
  108,
  108,
  111,
  32,
  119,
  111,
  114,
  108,
  100,
  33,
  117,
  9,
  -27,
  -67,
  -96,
  -57,
  98,
  -46,
  -70,
  -57,
  -7,
  13,
  117,
  -117,
  91,
  34,
  99,
  -6,
  1,
  -52,
  -68,
  84,
  42,
  -75,
  -29,
  -33,
  22,
  59,
  -32,
  -114,
  108,
  -87 ] (Thread[AWT-EventQueue-0,6,main])
DecryptWithHash: [ 104, 101, 108, 108, 111, 32, 119, 111, 114, 108, 100, 33 ] (Thread[AWT-EventQueue-0,6,main])
DecryptWithHash: [ 117,
  9,
  -27,
  -67,
  -96,
  -57,
  98,
  -46,
  -70,
  -57,
  -7,
  13,
  117,
  -117,
  91,
  34,
  99,
  -6,
  1,
  -52,
  -68,
  84,
  42,
  -75,
  -29,
  -33,
  22,
  59,
  -32,
  -114,
  108,
  -87 ] (Thread[AWT-EventQueue-0,6,main])
DecryptWithHash: [ 117,
  9,
  -27,
  -67,
  -96,
  -57,
  98,
  -46,
  -70,
  -57,
  -7,
  13,
  117,
  -117,
  91,
  34,
  99,
  -6,
  1,
  -52,
  -68,
  84,
  42,
  -75,
  -29,
  -33,
  22,
  59,
  -32,
  -114,
  108,
  -87 ] (Thread[AWT-EventQueue-0,6,main])
RandomBytes: [ -76, 30 ] (Thread[AWT-EventQueue-0,6,main])
EncryptWithHash: ### it is a string: bye world! (Thread[AWT-EventQueue-0,6,main])
EncryptWithHash: [ 98,
  121,
  101,
  32,
  119,
  111,
  114,
  108,
  100,
  33,
  87,
  -40,
  61,
  -97,
  47,
  -93,
  111,
  -126,
  41,
  -41,
  5,
  71,
  -116,
  -126,
  88,
  -110,
  -25,
  18,
  9,
  123,
  68,
  24,
  11,
  -64,
  -67,
  36,
  -65,
  21,
  -14,
  -69,
  -122,
  53 ] (Thread[AWT-EventQueue-0,6,main])
DecryptWithHash: [ 98, 121, 101, 32, 119, 111, 114, 108, 100, 33 ] (Thread[AWT-EventQueue-0,6,main])
DecryptWithHash: [ 87,
  -40,
  61,
  -97,
  47,
  -93,
  111,
  -126,
  41,
  -41,
  5,
  71,
  -116,
  -126,
  88,
  -110,
  -25,
  18,
  9,
  123,
  68,
  24,
  11,
  -64,
  -67,
  36,
  -65,
  21,
  -14,
  -69,
  -122,
  53 ] (Thread[AWT-EventQueue-0,6,main])
DecryptWithHash: [ 87,
  -40,
  61,
  -97,
  47,
  -93,
  111,
  -126,
  41,
  -41,
  5,
  71,
  -116,
  -126,
  88,
  -110,
  -25,
  18,
  9,
  123,
  68,
  24,
  11,
  -64,
  -67,
  36,
  -65,
  21,
  -14,
  -69,
  -122,
  53 ] (Thread[AWT-EventQueue-0,6,main])
RandomBytes: [ 94, -102, 116 ] (Thread[AWT-EventQueue-0,6,main])
RandomBytes: [ -33, -84, 114, 113 ] (Thread[AWT-EventQueue-0,6,main])
8298 ms. Memory: 1995264K Free: 1692530K (85%)
Exported /home/travis/build/icyphy/ptII/ptolemy/actor/lib/jjs/modules/crypto/demo/MessageDigest/MessageDigest/index.html
15533 ms. Memory: 1995264K Free: 1619612K (81%)
####### 24 Wed Aug 01 02:07:13 UTC 2018 $PTII/bin/ptinvoke ptolemy.vergil.basic.export.ExportModel -force htm -run -openComposites -timeOut 30000 -whiteBackground ptolemy/actor/lib/jjs/modules/crypto/demo/RandomBytes/RandomBytes.xml $PTII/ptolemy/actor/lib/jjs/modules/crypto/demo/RandomBytes/RandomBytes
----------------- Wed Aug 01 02:07:13 UTC 2018 About to sleep for 5.0 seconds before running or rerunning.  Test is: /home/travis/build/icyphy/ptII/ptolemy/actor/lib/jjs/modules/crypto/demo/RandomBytes/RandomBytes.xml
Done sleeping
Running .RandomBytes
RandomBytes: [ 58 ] (Thread[AWT-EventQueue-0,6,main])
RandomBytes: [ -67, 10 ] (Thread[AWT-EventQueue-0,6,main])
RandomBytes: [ -37, 3, 112 ] (Thread[AWT-EventQueue-0,6,main])
RandomBytes: [ -43, -12, 45, -100 ] (Thread[AWT-EventQueue-0,6,main])
3987 ms. Memory: 1995264K Free: 1176369K (59%)
Exported /home/travis/build/icyphy/ptII/ptolemy/actor/lib/jjs/modules/crypto/demo/RandomBytes/RandomBytes/index.html
8767 ms. Memory: 1995264K Free: 1151194K (58%)
####### 25 Wed Aug 01 02:07:27 UTC 2018 $PTII/bin/ptinvoke ptolemy.vergil.basic.export.ExportModel -force htm -run -openComposites -timeOut 30000 -whiteBackground ptolemy/actor/lib/jjs/modules/crypto/demo/SymmetricEncrypt/SymmetricEncrypt.xml $PTII/ptolemy/actor/lib/jjs/modules/crypto/demo/SymmetricEncrypt/SymmetricEncrypt
----------------- Wed Aug 01 02:07:27 UTC 2018 About to sleep for 5.0 seconds before running or rerunning.  Test is: /home/travis/build/icyphy/ptII/ptolemy/actor/lib/jjs/modules/crypto/demo/SymmetricEncrypt/SymmetricEncrypt.xml
Done sleeping
Running .SymmetricEncrypt
RandomBytes: [ 52 ] (Thread[AWT-EventQueue-0,6,main])
RandomBytes: [ 88, -123 ] (Thread[AWT-EventQueue-0,6,main])
RandomBytes: [ 32, -62, 9 ] (Thread[AWT-EventQueue-0,6,main])
RandomBytes: [ 94, -66, 25, 111 ] (Thread[AWT-EventQueue-0,6,main])
6071 ms. Memory: 2007040K Free: 1068359K (53%)
Exported /home/travis/build/icyphy/ptII/ptolemy/actor/lib/jjs/modules/crypto/demo/SymmetricEncrypt/SymmetricEncrypt/index.html
12467 ms. Memory: 2007040K Free: 1019976K (51%)
####### 26 Wed Aug 01 02:07:44 UTC 2018 $PTII/bin/ptinvoke ptolemy.vergil.basic.export.ExportModel -force htm  -openComposites -timeOut 30000 -whiteBackground ptolemy/actor/lib/jjs/modules/discovery/demo/Discovery/Discovery.xml $PTII/ptolemy/actor/lib/jjs/modules/discovery/demo/Discovery/Discovery
Warning: not running ptolemy/actor/lib/jjs/modules/discovery/demo/Discovery/Discovery.xml. See ptolemy/vergil/basic/export/test/junit/ExportModelJUnitTest.java
----------------- Wed Aug 01 02:07:44 UTC 2018 About to sleep for 5.0 seconds before running or rerunning.  Test is: /home/travis/build/icyphy/ptII/ptolemy/actor/lib/jjs/modules/discovery/demo/Discovery/Discovery.xml
Done sleeping
Exported /home/travis/build/icyphy/ptII/ptolemy/actor/lib/jjs/modules/discovery/demo/Discovery/Discovery/index.html
3195 ms. Memory: 2007040K Free: 877243K (44%)
####### 27 Wed Aug 01 02:07:52 UTC 2018 $PTII/bin/ptinvoke ptolemy.vergil.basic.export.ExportModel -force htm -run -openComposites -timeOut 30000 -whiteBackground ptolemy/actor/lib/jjs/modules/discovery/demo/Discovery/DiscoveryJS.xml $PTII/ptolemy/actor/lib/jjs/modules/discovery/demo/Discovery/DiscoveryJS
----------------- Wed Aug 01 02:07:52 UTC 2018 About to sleep for 5.0 seconds before running or rerunning.  Test is: /home/travis/build/icyphy/ptII/ptolemy/actor/lib/jjs/modules/discovery/demo/Discovery/DiscoveryJS.xml
Done sleeping
Running .DiscoveryJS
6627 ms. Memory: 2039808K Free: 1547782K (76%)
Exported /home/travis/build/icyphy/ptII/ptolemy/actor/lib/jjs/modules/discovery/demo/Discovery/DiscoveryJS/index.html
11907 ms. Memory: 2039808K Free: 1510258K (74%)
####### 28 Wed Aug 01 02:08:09 UTC 2018 $PTII/bin/ptinvoke ptolemy.vergil.basic.export.ExportModel -force htm -run -openComposites -timeOut 30000 -whiteBackground ptolemy/actor/lib/jjs/modules/discovery/demo/Discovery/PopulateSwarmboxMap.xml $PTII/ptolemy/actor/lib/jjs/modules/discovery/demo/Discovery/PopulateSwarmboxMap
----------------- Wed Aug 01 02:08:09 UTC 2018 About to sleep for 5.0 seconds before running or rerunning.  Test is: /home/travis/build/icyphy/ptII/ptolemy/actor/lib/jjs/modules/discovery/demo/Discovery/PopulateSwarmboxMap.xml
Done sleeping
Running .PopulateSwarmboxMap
Manager.initialize() finished: 11775 ms. Memory: 2072576K Free: 628068K (30%)
REST: Making an HTTP request. (Thread[AWT-EventQueue-0,6,main])
21849 ms. Memory: 2072576K Free: 594238K (29%)
Exported /home/travis/build/icyphy/ptII/ptolemy/actor/lib/jjs/modules/discovery/demo/Discovery/PopulateSwarmboxMap/index.html
32187 ms. Memory: 2079744K Free: 1624743K (78%)
####### 29 Wed Aug 01 02:08:46 UTC 2018 $PTII/bin/ptinvoke ptolemy.vergil.basic.export.ExportModel -force htm -run -openComposites -timeOut 30000 -whiteBackground ptolemy/actor/lib/jjs/modules/discovery/demo/Discovery/PostSwarmboxDevices.xml $PTII/ptolemy/actor/lib/jjs/modules/discovery/demo/Discovery/PostSwarmboxDevices
----------------- Wed Aug 01 02:08:46 UTC 2018 About to sleep for 5.0 seconds before running or rerunning.  Test is: /home/travis/build/icyphy/ptII/ptolemy/actor/lib/jjs/modules/discovery/demo/Discovery/PostSwarmboxDevices.xml
Done sleeping
Running .PostSwarmboxDevices
REST: Making an HTTP request. (Thread[AWT-EventQueue-0,6,main])
ExportHTMLTimer went off after 30000 ms., calling getDirector().finish and getDirector().stopFire()
30033 ms. Memory: 2106368K Free: 1209211K (57%)
Exported /home/travis/build/icyphy/ptII/ptolemy/actor/lib/jjs/modules/discovery/demo/Discovery/PostSwarmboxDevices/index.html
36108 ms. Memory: 2106368K Free: 1159201K (55%)
####### 30 Wed Aug 01 02:09:27 UTC 2018 $PTII/bin/ptinvoke ptolemy.vergil.basic.export.ExportModel -force htm -run -openComposites -timeOut 30000 -whiteBackground ptolemy/actor/lib/jjs/modules/discovery/demo/Heartbeat/Heartbeat.xml $PTII/ptolemy/actor/lib/jjs/modules/discovery/demo/Heartbeat/Heartbeat
----------------- Wed Aug 01 02:09:27 UTC 2018 About to sleep for 5.0 seconds before running or rerunning.  Test is: /home/travis/build/icyphy/ptII/ptolemy/actor/lib/jjs/modules/discovery/demo/Heartbeat/Heartbeat.xml
Done sleeping
Running .Heartbeat
Heartbeat: HeartBeat: pingMothership (Thread[AWT-EventQueue-0,6,main])
Heartbeat: Making an HTTP request. (Thread[AWT-EventQueue-0,6,main])
Heartbeat: Request problem: Unable to check in with server: Error: Search domain query failed. Original hostname: 'terra.eecs.berkeley.edu' failed to resolve 'terra.eecs.berkeley.edu.google.internal' after 2 queries  (Thread[AWT-EventQueue-0,6,main])
Heartbeat: HeartBeat: pingMothership (Thread[AWT-EventQueue-0,6,main])
Heartbeat: Making an HTTP request. (Thread[AWT-EventQueue-0,6,main])
Heartbeat: Request problem: Unable to check in with server: Error: Search domain query failed. Original hostname: 'terra.eecs.berkeley.edu' failed to resolve 'terra.eecs.berkeley.edu.google.internal' after 2 queries  (Thread[AWT-EventQueue-0,6,main])
Heartbeat: HeartBeat: pingMothership (Thread[AWT-EventQueue-0,6,main])
Heartbeat: Making an HTTP request. (Thread[AWT-EventQueue-0,6,main])
Heartbeat: Request problem: Unable to check in with server: Error: Search domain query failed. Original hostname: 'terra.eecs.berkeley.edu' failed to resolve 'terra.eecs.berkeley.edu.google.internal' after 2 queries  (Thread[AWT-EventQueue-0,6,main])
Heartbeat: HeartBeat: pingMothership (Thread[AWT-EventQueue-0,6,main])
Heartbeat: Making an HTTP request. (Thread[AWT-EventQueue-0,6,main])
Heartbeat: Request problem: Unable to check in with server: Error: Search domain query failed. Original hostname: 'terra.eecs.berkeley.edu' failed to resolve 'terra.eecs.berkeley.edu.google.internal' after 2 queries  (Thread[AWT-EventQueue-0,6,main])
Heartbeat: HeartBeat: pingMothership (Thread[AWT-EventQueue-0,6,main])
Heartbeat: Making an HTTP request. (Thread[AWT-EventQueue-0,6,main])
Heartbeat: Request problem: Unable to check in with server: Error: Search domain query failed. Original hostname: 'terra.eecs.berkeley.edu' failed to resolve 'terra.eecs.berkeley.edu.google.internal' after 2 queries  (Thread[AWT-EventQueue-0,6,main])
Heartbeat: HeartBeat: pingMothership (Thread[AWT-EventQueue-0,6,main])
Heartbeat: Making an HTTP request. (Thread[AWT-EventQueue-0,6,main])
Heartbeat: Request problem: Unable to check in with server: Error: Search domain query failed. Original hostname: 'terra.eecs.berkeley.edu' failed to resolve 'terra.eecs.berkeley.edu.google.internal' after 2 queries  (Thread[AWT-EventQueue-0,6,main])
Heartbeat: HeartBeat: pingMothership (Thread[AWT-EventQueue-0,6,main])
Heartbeat: Making an HTTP request. (Thread[AWT-EventQueue-0,6,main])
Heartbeat: Request problem: Unable to check in with server: Error: Search domain query failed. Original hostname: 'terra.eecs.berkeley.edu' failed to resolve 'terra.eecs.berkeley.edu.google.internal' after 2 queries  (Thread[AWT-EventQueue-0,6,main])
Heartbeat: HeartBeat: pingMothership (Thread[AWT-EventQueue-0,6,main])
Heartbeat: Making an HTTP request. (Thread[AWT-EventQueue-0,6,main])
Heartbeat: Request problem: Unable to check in with server: Error: Search domain query failed. Original hostname: 'terra.eecs.berkeley.edu' failed to resolve 'terra.eecs.berkeley.edu.google.internal' after 2 queries  (Thread[AWT-EventQueue-0,6,main])
Heartbeat: HeartBeat: pingMothership (Thread[AWT-EventQueue-0,6,main])
Heartbeat: Making an HTTP request. (Thread[AWT-EventQueue-0,6,main])
Heartbeat: Request problem: Unable to check in with server: Error: Search domain query failed. Original hostname: 'terra.eecs.berkeley.edu' failed to resolve 'terra.eecs.berkeley.edu.google.internal' after 2 queries  (Thread[AWT-EventQueue-0,6,main])
Heartbeat: HeartBeat: pingMothership (Thread[AWT-EventQueue-0,6,main])
Heartbeat: Making an HTTP request. (Thread[AWT-EventQueue-0,6,main])
13435 ms. Memory: 2110464K Free: 1203732K (57%)
Exported /home/travis/build/icyphy/ptII/ptolemy/actor/lib/jjs/modules/discovery/demo/Heartbeat/Heartbeat/index.html
19357 ms. Memory: 2110464K Free: 1181467K (56%)
####### 31 Wed Aug 01 02:09:52 UTC 2018 $PTII/bin/ptinvoke ptolemy.vergil.basic.export.ExportModel -force htm  -openComposites -timeOut 30000 -whiteBackground ptolemy/actor/lib/jjs/modules/dsp/demo/AudioFFT/AudioFFT.xml $PTII/ptolemy/actor/lib/jjs/modules/dsp/demo/AudioFFT/AudioFFT
Warning: not running ptolemy/actor/lib/jjs/modules/dsp/demo/AudioFFT/AudioFFT.xml. See ptolemy/vergil/basic/export/test/junit/ExportModelJUnitTest.java
----------------- Wed Aug 01 02:09:52 UTC 2018 About to sleep for 5.0 seconds before running or rerunning.  Test is: /home/travis/build/icyphy/ptII/ptolemy/actor/lib/jjs/modules/dsp/demo/AudioFFT/AudioFFT.xml
Done sleeping
Exported /home/travis/build/icyphy/ptII/ptolemy/actor/lib/jjs/modules/dsp/demo/AudioFFT/AudioFFT/index.html
5201 ms. Memory: 2110464K Free: 670989K (32%)
####### 32 Wed Aug 01 02:10:02 UTC 2018 $PTII/bin/ptinvoke ptolemy.vergil.basic.export.ExportModel -force htm -run -openComposites -timeOut 30000 -whiteBackground ptolemy/actor/lib/jjs/modules/dsp/demo/AudioFFT/SinusoidFFT.xml $PTII/ptolemy/actor/lib/jjs/modules/dsp/demo/AudioFFT/SinusoidFFT
----------------- Wed Aug 01 02:10:02 UTC 2018 About to sleep for 5.0 seconds before running or rerunning.  Test is: /home/travis/build/icyphy/ptII/ptolemy/actor/lib/jjs/modules/dsp/demo/AudioFFT/SinusoidFFT.xml
Done sleeping
Running .SinusoidFFT
2422 ms. Memory: 2125312K Free: 1155791K (54%)
Exported /home/travis/build/icyphy/ptII/ptolemy/actor/lib/jjs/modules/dsp/demo/AudioFFT/SinusoidFFT/index.html
8054 ms. Memory: 2125312K Free: 1060143K (50%)
####### 33 Wed Aug 01 02:10:15 UTC 2018 $PTII/bin/ptinvoke ptolemy.vergil.basic.export.ExportModel -force htm -run -openComposites -timeOut 30000 -whiteBackground ptolemy/actor/lib/jjs/modules/eventbus/demo/VertxBus/VertxBus.xml $PTII/ptolemy/actor/lib/jjs/modules/eventbus/demo/VertxBus/VertxBus
----------------- Wed Aug 01 02:10:15 UTC 2018 About to sleep for 5.0 seconds before running or rerunning.  Test is: /home/travis/build/icyphy/ptII/ptolemy/actor/lib/jjs/modules/eventbus/demo/VertxBus/VertxBus.xml
Done sleeping
Running .VertxBus
12283 ms. Memory: 2125312K Free: 269433K (13%)
Exported /home/travis/build/icyphy/ptII/ptolemy/actor/lib/jjs/modules/eventbus/demo/VertxBus/VertxBus/index.html
17928 ms. Memory: 2125312K Free: 243821K (11%)
####### 34 Wed Aug 01 02:10:38 UTC 2018 $PTII/bin/ptinvoke ptolemy.vergil.basic.export.ExportModel -force htm -run -openComposites -timeOut 30000 -whiteBackground ptolemy/actor/lib/jjs/modules/eventbus/demo/VertxChat/VertxChat.xml $PTII/ptolemy/actor/lib/jjs/modules/eventbus/demo/VertxChat/VertxChat
----------------- Wed Aug 01 02:10:38 UTC 2018 About to sleep for 5.0 seconds before running or rerunning.  Test is: /home/travis/build/icyphy/ptII/ptolemy/actor/lib/jjs/modules/eventbus/demo/VertxChat/VertxChat.xml
Done sleeping
.VertxChat.ThreadedComposite.InteractiveShell invoked SwingUtilities.invokeAndWait()
Model ".VertxChat" contains actors such cannot be run  as part of the export process from ExportModel or it has a WebExportParameters value that runBeforeExport set to false. To export run this model and export it, use vergil.
Exported /home/travis/build/icyphy/ptII/ptolemy/actor/lib/jjs/modules/eventbus/demo/VertxChat/VertxChat/index.html
5465 ms. Memory: 2133504K Free: 964540K (45%)
####### 35 Wed Aug 01 02:10:48 UTC 2018 $PTII/bin/ptinvoke ptolemy.vergil.basic.export.ExportModel -force htm -run -openComposites -timeOut 30000 -whiteBackground ptolemy/actor/lib/jjs/modules/faceDetector/demo/FaceDetector/FaceDetector.xml $PTII/ptolemy/actor/lib/jjs/modules/faceDetector/demo/FaceDetector/FaceDetector
----------------- Wed Aug 01 02:10:48 UTC 2018 About to sleep for 5.0 seconds before running or rerunning.  Test is: /home/travis/build/icyphy/ptII/ptolemy/actor/lib/jjs/modules/faceDetector/demo/FaceDetector/FaceDetector.xml
Done sleeping
Running .FaceDetector
[...]
[atomic-processor-1] INFO com.github.sarxos.webcam.ds.cgt.WebcamOpenTask - Opening webcam Dummy Webcam 0
[atomic-processor-1] INFO com.github.sarxos.webcam.ds.cgt.WebcamCloseTask - Closing Dummy Webcam 0
WARNING: REST: Model stopped before executing actions (e.g. producing outputs) scheduled for execution at times [5.472, 5.0]
HttpClientHelper.java: Received an error for request 0: io.netty.channel.AbstractChannel$AnnotatedConnectException: Connection refused: localhost/127.0.0.1:8077
io.netty.channel.AbstractChannel$AnnotatedConnectException: Connection refused: localhost/127.0.0.1:8077
	at sun.nio.ch.SocketChannelImpl.checkConnect(Native Method)
	at sun.nio.ch.SocketChannelImpl.finishConnect(SocketChannelImpl.java:717)
	at io.netty.channel.socket.nio.NioSocketChannel.doFinishConnect(NioSocketChannel.java:325)
	at io.netty.channel.nio.AbstractNioChannel$AbstractNioUnsafe.finishConnect(AbstractNioChannel.java:340)
	at io.netty.channel.nio.NioEventLoop.processSelectedKey(NioEventLoop.java:633)
	at io.netty.channel.nio.NioEventLoop.processSelectedKeysOptimized(NioEventLoop.java:580)
	at io.netty.channel.nio.NioEventLoop.processSelectedKeys(NioEventLoop.java:497)
	at io.netty.channel.nio.NioEventLoop.run(NioEventLoop.java:459)
	at io.netty.util.concurrent.SingleThreadEventExecutor$5.run(SingleThreadEventExecutor.java:886)
	at io.netty.util.concurrent.FastThreadLocalRunnable.run(FastThreadLocalRunnable.java:30)
	at java.lang.Thread.run(Thread.java:748)
Caused by: java.net.ConnectException: Connection refused
	... 11 more
HttpClientHelper.java: Received an error for request 1: io.netty.channel.AbstractChannel$AnnotatedConnectException: Connection refused: localhost/127.0.0.1:8077
io.netty.channel.AbstractChannel$AnnotatedConnectException: Connection refused: localhost/127.0.0.1:8077
	at sun.nio.ch.SocketChannelImpl.checkConnect(Native Method)
	at sun.nio.ch.SocketChannelImpl.finishConnect(SocketChannelImpl.java:717)
	at io.netty.channel.socket.nio.NioSocketChannel.doFinishConnect(NioSocketChannel.java:325)
	at io.netty.channel.nio.AbstractNioChannel$AbstractNioUnsafe.finishConnect(AbstractNioChannel.java:340)
	at io.netty.channel.nio.NioEventLoop.processSelectedKey(NioEventLoop.java:633)
	at io.netty.channel.nio.NioEventLoop.processSelectedKeysOptimized(NioEventLoop.java:580)
	at io.netty.channel.nio.NioEventLoop.processSelectedKeys(NioEventLoop.java:497)
	at io.netty.channel.nio.NioEventLoop.run(NioEventLoop.java:459)
	at io.netty.util.concurrent.SingleThreadEventExecutor$5.run(SingleThreadEventExecutor.java:886)
	at io.netty.util.concurrent.FastThreadLocalRunnable.run(FastThreadLocalRunnable.java:30)
	at java.lang.Thread.run(Thread.java:748)
Caused by: java.net.ConnectException: Connection refused
	... 11 more
HttpClientHelper.java: Received an error for request 2: io.netty.channel.AbstractChannel$AnnotatedConnectException: Connection refused: localhost/127.0.0.1:8077
io.netty.channel.AbstractChannel$AnnotatedConnectException: Connection refused: localhost/127.0.0.1:8077
	at sun.nio.ch.SocketChannelImpl.checkConnect(Native Method)
	at sun.nio.ch.SocketChannelImpl.finishConnect(SocketChannelImpl.java:717)
	at io.netty.channel.socket.nio.NioSocketChannel.doFinishConnect(NioSocketChannel.java:325)
	at io.netty.channel.nio.AbstractNioChannel$AbstractNioUnsafe.finishConnect(AbstractNioChannel.java:340)
	at io.netty.channel.nio.NioEventLoop.processSelectedKey(NioEventLoop.java:633)
	at io.netty.channel.nio.NioEventLoop.processSelectedKeysOptimized(NioEventLoop.java:580)
	at io.netty.channel.nio.NioEventLoop.processSelectedKeys(NioEventLoop.java:497)
	at io.netty.channel.nio.NioEventLoop.run(NioEventLoop.java:459)
	at io.netty.util.concurrent.SingleThreadEventExecutor$5.run(SingleThreadEventExecutor.java:886)
	at io.netty.util.concurrent.FastThreadLocalRunnable.run(FastThreadLocalRunnable.java:30)
	at java.lang.Thread.run(Thread.java:748)
Caused by: java.net.ConnectException: Connection refused
	... 11 more
HttpClientHelper.java: Received an error for request 3: io.netty.channel.AbstractChannel$AnnotatedConnectException: Connection refused: localhost/127.0.0.1:8077
io.netty.channel.AbstractChannel$AnnotatedConnectException: Connection refused: localhost/127.0.0.1:8077
	at sun.nio.ch.SocketChannelImpl.checkConnect(Native Method)
	at sun.nio.ch.SocketChannelImpl.finishConnect(SocketChannelImpl.java:717)
	at io.netty.channel.socket.nio.NioSocketChannel.doFinishConnect(NioSocketChannel.java:325)
	at io.netty.channel.nio.AbstractNioChannel$AbstractNioUnsafe.finishConnect(AbstractNioChannel.java:340)
	at io.netty.channel.nio.NioEventLoop.processSelectedKey(NioEventLoop.java:633)
	at io.netty.channel.nio.NioEventLoop.processSelectedKeysOptimized(NioEventLoop.java:580)
	at io.netty.channel.nio.NioEventLoop.processSelectedKeys(NioEventLoop.java:497)
	at io.netty.channel.nio.NioEventLoop.run(NioEventLoop.java:459)
	at io.netty.util.concurrent.SingleThreadEventExecutor$5.run(SingleThreadEventExecutor.java:886)
	at io.netty.util.concurrent.FastThreadLocalRunnable.run(FastThreadLocalRunnable.java:30)
	at java.lang.Thread.run(Thread.java:748)
Caused by: java.net.ConnectException: Connection refused
	... 11 more
HttpClientHelper.java: Received an error for request 4: io.netty.channel.AbstractChannel$AnnotatedConnectException: Connection refused: localhost/127.0.0.1:8077
io.netty.channel.AbstractChannel$AnnotatedConnectException: Connection refused: localhost/127.0.0.1:8077
	at sun.nio.ch.SocketChannelImpl.checkConnect(Native Method)
	at sun.nio.ch.SocketChannelImpl.finishConnect(SocketChannelImpl.java:717)
	at io.netty.channel.socket.nio.NioSocketChannel.doFinishConnect(NioSocketChannel.java:325)
	at io.netty.channel.nio.AbstractNioChannel$AbstractNioUnsafe.finishConnect(AbstractNioChannel.java:340)
	at io.netty.channel.nio.NioEventLoop.processSelectedKey(NioEventLoop.java:633)
	at io.netty.channel.nio.NioEventLoop.processSelectedKeysOptimized(NioEventLoop.java:580)
	at io.netty.channel.nio.NioEventLoop.processSelectedKeys(NioEventLoop.java:497)
	at io.netty.channel.nio.NioEventLoop.run(NioEventLoop.java:459)
	at io.netty.util.concurrent.SingleThreadEventExecutor$5.run(SingleThreadEventExecutor.java:886)
	at io.netty.util.concurrent.FastThreadLocalRunnable.run(FastThreadLocalRunnable.java:30)
	at java.lang.Thread.run(Thread.java:748)
Caused by: java.net.ConnectException: Connection refused
	... 11 more
HttpClientHelper.java: Received an error for request 5: io.netty.channel.AbstractChannel$AnnotatedConnectException: Connection refused: localhost/127.0.0.1:8077
io.netty.channel.AbstractChannel$AnnotatedConnectException: Connection refused: localhost/127.0.0.1:8077
	at sun.nio.ch.SocketChannelImpl.checkConnect(Native Method)
	at sun.nio.ch.SocketChannelImpl.finishConnect(SocketChannelImpl.java:717)
	at io.netty.channel.socket.nio.NioSocketChannel.doFinishConnect(NioSocketChannel.java:325)
	at io.netty.channel.nio.AbstractNioChannel$AbstractNioUnsafe.finishConnect(AbstractNioChannel.java:340)
	at io.netty.channel.nio.NioEventLoop.processSelectedKey(NioEventLoop.java:633)
	at io.netty.channel.nio.NioEventLoop.processSelectedKeysOptimized(NioEventLoop.java:580)
	at io.netty.channel.nio.NioEventLoop.processSelectedKeys(NioEventLoop.java:497)
	at io.netty.channel.nio.NioEventLoop.run(NioEventLoop.java:459)
	at io.netty.util.concurrent.SingleThreadEventExecutor$5.run(SingleThreadEventExecutor.java:886)
	at io.netty.util.concurrent.FastThreadLocalRunnable.run(FastThreadLocalRunnable.java:30)
	at java.lang.Thread.run(Thread.java:748)
Caused by: java.net.ConnectException: Connection refused
	... 11 more
HttpClientHelper.java: Received an error for request 6: io.netty.channel.AbstractChannel$AnnotatedConnectException: Connection refused: localhost/127.0.0.1:8077
io.netty.channel.AbstractChannel$AnnotatedConnectException: Connection refused: localhost/127.0.0.1:8077
	at sun.nio.ch.SocketChannelImpl.checkConnect(Native Method)
	at sun.nio.ch.SocketChannelImpl.finishConnect(SocketChannelImpl.java:717)
	at io.netty.channel.socket.nio.NioSocketChannel.doFinishConnect(NioSocketChannel.java:325)
	at io.netty.channel.nio.AbstractNioChannel$AbstractNioUnsafe.finishConnect(AbstractNioChannel.java:340)
	at io.netty.channel.nio.NioEventLoop.processSelectedKey(NioEventLoop.java:633)
	at io.netty.channel.nio.NioEventLoop.processSelectedKeysOptimized(NioEventLoop.java:580)
	at io.netty.channel.nio.NioEventLoop.processSelectedKeys(NioEventLoop.java:497)
	at io.netty.channel.nio.NioEventLoop.run(NioEventLoop.java:459)
	at io.netty.util.concurrent.SingleThreadEventExecutor$5.run(SingleThreadEventExecutor.java:886)
	at io.netty.util.concurrent.FastThreadLocalRunnable.run(FastThreadLocalRunnable.java:30)
	at java.lang.Thread.run(Thread.java:748)
Caused by: java.net.ConnectException: Connection refused
	... 11 more
HttpClientHelper.java: Received an error for request 7: io.netty.channel.AbstractChannel$AnnotatedConnectException: Connection refused: localhost/127.0.0.1:8077
io.netty.channel.AbstractChannel$AnnotatedConnectException: Connection refused: localhost/127.0.0.1:8077
	at sun.nio.ch.SocketChannelImpl.checkConnect(Native Method)
	at sun.nio.ch.SocketChannelImpl.finishConnect(SocketChannelImpl.java:717)
	at io.netty.channel.socket.nio.NioSocketChannel.doFinishConnect(NioSocketChannel.java:325)
	at io.netty.channel.nio.AbstractNioChannel$AbstractNioUnsafe.finishConnect(AbstractNioChannel.java:340)
	at io.netty.channel.nio.NioEventLoop.processSelectedKey(NioEventLoop.java:633)
	at io.netty.channel.nio.NioEventLoop.processSelectedKeysOptimized(NioEventLoop.java:580)
	at io.netty.channel.nio.NioEventLoop.processSelectedKeys(NioEventLoop.java:497)
	at io.netty.channel.nio.NioEventLoop.run(NioEventLoop.java:459)
	at io.netty.util.concurrent.SingleThreadEventExecutor$5.run(SingleThreadEventExecutor.java:886)
	at io.netty.util.concurrent.FastThreadLocalRunnable.run(FastThreadLocalRunnable.java:30)
	at java.lang.Thread.run(Thread.java:748)
Caused by: java.net.ConnectException: Connection refused
	... 11 more
HttpClientHelper.java: Received an error for request 8: io.netty.channel.AbstractChannel$AnnotatedConnectException: Connection refused: localhost/127.0.0.1:8077
io.netty.channel.AbstractChannel$AnnotatedConnectException: Connection refused: localhost/127.0.0.1:8077
	at sun.nio.ch.SocketChannelImpl.checkConnect(Native Method)
	at sun.nio.ch.SocketChannelImpl.finishConnect(SocketChannelImpl.java:717)
	at io.netty.channel.socket.nio.NioSocketChannel.doFinishConnect(NioSocketChannel.java:325)
	at io.netty.channel.nio.AbstractNioChannel$AbstractNioUnsafe.finishConnect(AbstractNioChannel.java:340)
	at io.netty.channel.nio.NioEventLoop.processSelectedKey(NioEventLoop.java:633)
	at io.netty.channel.nio.NioEventLoop.processSelectedKeysOptimized(NioEventLoop.java:580)
	at io.netty.channel.nio.NioEventLoop.processSelectedKeys(NioEventLoop.java:497)
	at io.netty.channel.nio.NioEventLoop.run(NioEventLoop.java:459)
	at io.netty.util.concurrent.SingleThreadEventExecutor$5.run(SingleThreadEventExecutor.java:886)
	at io.netty.util.concurrent.FastThreadLocalRunnable.run(FastThreadLocalRunnable.java:30)
	at java.lang.Thread.run(Thread.java:748)
Caused by: java.net.ConnectException: Connection refused
	... 11 more
HttpClientHelper.java: Received an error for request 9: io.netty.channel.AbstractChannel$AnnotatedConnectException: Connection refused: localhost/127.0.0.1:8077
io.netty.channel.AbstractChannel$AnnotatedConnectException: Connection refused: localhost/127.0.0.1:8077
	at sun.nio.ch.SocketChannelImpl.checkConnect(Native Method)
	at sun.nio.ch.SocketChannelImpl.finishConnect(SocketChannelImpl.java:717)
	at io.netty.channel.socket.nio.NioSocketChannel.doFinishConnect(NioSocketChannel.java:325)
	at io.netty.channel.nio.AbstractNioChannel$AbstractNioUnsafe.finishConnect(AbstractNioChannel.java:340)
	at io.netty.channel.nio.NioEventLoop.processSelectedKey(NioEventLoop.java:633)
	at io.netty.channel.nio.NioEventLoop.processSelectedKeysOptimized(NioEventLoop.java:580)
	at io.netty.channel.nio.NioEventLoop.processSelectedKeys(NioEventLoop.java:497)
	at io.netty.channel.nio.NioEventLoop.run(NioEventLoop.java:459)
	at io.netty.util.concurrent.SingleThreadEventExecutor$5.run(SingleThreadEventExecutor.java:886)
	at io.netty.util.concurrent.FastThreadLocalRunnable.run(FastThreadLocalRunnable.java:30)
	at java.lang.Thread.run(Thread.java:748)
Caused by: java.net.ConnectException: Connection refused
	... 11 more
HttpClientHelper.java: Received an error for request 10: io.netty.channel.AbstractChannel$AnnotatedConnectException: Connection refused: localhost/127.0.0.1:8077
io.netty.channel.AbstractChannel$AnnotatedConnectException: Connection refused: localhost/127.0.0.1:8077
	at sun.nio.ch.SocketChannelImpl.checkConnect(Native Method)
	at sun.nio.ch.SocketChannelImpl.finishConnect(SocketChannelImpl.java:717)
	at io.netty.channel.socket.nio.NioSocketChannel.doFinishConnect(NioSocketChannel.java:325)
	at io.netty.channel.nio.AbstractNioChannel$AbstractNioUnsafe.finishConnect(AbstractNioChannel.java:340)
	at io.netty.channel.nio.NioEventLoop.processSelectedKey(NioEventLoop.java:633)
	at io.netty.channel.nio.NioEventLoop.processSelectedKeysOptimized(NioEventLoop.java:580)
	at io.netty.channel.nio.NioEventLoop.processSelectedKeys(NioEventLoop.java:497)
	at io.netty.channel.nio.NioEventLoop.run(NioEventLoop.java:459)
	at io.netty.util.concurrent.SingleThreadEventExecutor$5.run(SingleThreadEventExecutor.java:886)
	at io.netty.util.concurrent.FastThreadLocalRunnable.run(FastThreadLocalRunnable.java:30)
	at java.lang.Thread.run(Thread.java:748)
Caused by: java.net.ConnectException: Connection refused
	... 11 more
HttpClientHelper.java: Received an error for request 11: io.netty.channel.AbstractChannel$AnnotatedConnectException: Connection refused: localhost/127.0.0.1:8077
io.netty.channel.AbstractChannel$AnnotatedConnectException: Connection refused: localhost/127.0.0.1:8077
	at sun.nio.ch.SocketChannelImpl.checkConnect(Native Method)
	at sun.nio.ch.SocketChannelImpl.finishConnect(SocketChannelImpl.java:717)
	at io.netty.channel.socket.nio.NioSocketChannel.doFinishConnect(NioSocketChannel.java:325)
	at io.netty.channel.nio.AbstractNioChannel$AbstractNioUnsafe.finishConnect(AbstractNioChannel.java:340)
	at io.netty.channel.nio.NioEventLoop.processSelectedKey(NioEventLoop.java:633)
	at io.netty.channel.nio.NioEventLoop.processSelectedKeysOptimized(NioEventLoop.java:580)
	at io.netty.channel.nio.NioEventLoop.processSelectedKeys(NioEventLoop.java:497)
	at io.netty.channel.nio.NioEventLoop.run(NioEventLoop.java:459)
	at io.netty.util.concurrent.SingleThreadEventExecutor$5.run(SingleThreadEventExecutor.java:886)
	at io.netty.util.concurrent.FastThreadLocalRunnable.run(FastThreadLocalRunnable.java:30)
	at java.lang.Thread.run(Thread.java:748)
Caused by: java.net.ConnectException: Connection refused
	... 11 more
HttpClientHelper.java: Received an error for request 12: io.netty.channel.AbstractChannel$AnnotatedConnectException: Connection refused: localhost/127.0.0.1:8077
io.netty.channel.AbstractChannel$AnnotatedConnectException: Connection refused: localhost/127.0.0.1:8077
	at sun.nio.ch.SocketChannelImpl.checkConnect(Native Method)
	at sun.nio.ch.SocketChannelImpl.finishConnect(SocketChannelImpl.java:717)
	at io.netty.channel.socket.nio.NioSocketChannel.doFinishConnect(NioSocketChannel.java:325)
	at io.netty.channel.nio.AbstractNioChannel$AbstractNioUnsafe.finishConnect(AbstractNioChannel.java:340)
	at io.netty.channel.nio.NioEventLoop.processSelectedKey(NioEventLoop.java:633)
	at io.netty.channel.nio.NioEventLoop.processSelectedKeysOptimized(NioEventLoop.java:580)
	at io.netty.channel.nio.NioEventLoop.processSelectedKeys(NioEventLoop.java:497)
	at io.netty.channel.nio.NioEventLoop.run(NioEventLoop.java:459)
	at io.netty.util.concurrent.SingleThreadEventExecutor$5.run(SingleThreadEventExecutor.java:886)
	at io.netty.util.concurrent.FastThreadLocalRunnable.run(FastThreadLocalRunnable.java:30)
	at java.lang.Thread.run(Thread.java:748)
Caused by: java.net.ConnectException: Connection refused
	... 11 more
HttpClientHelper.java: Received an error for request 13: io.netty.channel.AbstractChannel$AnnotatedConnectException: Connection refused: localhost/127.0.0.1:8077
io.netty.channel.AbstractChannel$AnnotatedConnectException: Connection refused: localhost/127.0.0.1:8077
	at sun.nio.ch.SocketChannelImpl.checkConnect(Native Method)
	at sun.nio.ch.SocketChannelImpl.finishConnect(SocketChannelImpl.java:717)
	at io.netty.channel.socket.nio.NioSocketChannel.doFinishConnect(NioSocketChannel.java:325)
	at io.netty.channel.nio.AbstractNioChannel$AbstractNioUnsafe.finishConnect(AbstractNioChannel.java:340)
	at io.netty.channel.nio.NioEventLoop.processSelectedKey(NioEventLoop.java:633)
	at io.netty.channel.nio.NioEventLoop.processSelectedKeysOptimized(NioEventLoop.java:580)
	at io.netty.channel.nio.NioEventLoop.processSelectedKeys(NioEventLoop.java:497)
	at io.netty.channel.nio.NioEventLoop.run(NioEventLoop.java:459)
	at io.netty.util.concurrent.SingleThreadEventExecutor$5.run(SingleThreadEventExecutor.java:886)
	at io.netty.util.concurrent.FastThreadLocalRunnable.run(FastThreadLocalRunnable.java:30)
	at java.lang.Thread.run(Thread.java:748)
Caused by: java.net.ConnectException: Connection refused
	... 11 more
WARNING: Clock: Model stopped before executing actions (e.g. producing outputs) scheduled for execution at times [28.0]
WARNING: WebServer: Model stopped before executing actions (e.g. producing outputs) scheduled for execution at times [22.008, 25.01, 28.012]
WARNING: REST: Model stopped before executing actions (e.g. producing outputs) scheduled for execution at times [23.0]
WARNING: TestSpontaneous: Model stopped before executing actions (e.g. producing outputs) scheduled for execution at times [21.0]
[atomic-processor-1] INFO com.github.sarxos.webcam.ds.cgt.WebcamOpenTask - Opening webcam Dummy Webcam 0
[atomic-processor-1] INFO com.github.sarxos.webcam.ds.cgt.WebcamCloseTask - Closing Dummy Webcam 0
[atomic-processor-1] INFO com.github.sarxos.webcam.ds.cgt.WebcamOpenTask - Opening webcam Dummy Webcam 0
[atomic-processor-1] INFO com.github.sarxos.webcam.ds.cgt.WebcamCloseTask - Closing Dummy Webcam 0
[atomic-processor-1] INFO com.github.sarxos.webcam.ds.cgt.WebcamOpenTask - Opening webcam Dummy Webcam 0
WARNING: Invoking send() too late (probably in a callback), so Camera is not able to send the token {type="class ptolemy.data.AWTImageToken", width="640", height="480"} to the output image. Token is discarded.
[atomic-processor-1] INFO com.github.sarxos.webcam.ds.cgt.WebcamCloseTask - Closing Dummy Webcam 0
[atomic-processor-1] INFO com.github.sarxos.webcam.ds.cgt.WebcamOpenTask - Opening webcam Dummy Webcam 0
[atomic-processor-1] INFO com.github.sarxos.webcam.ds.cgt.WebcamCloseTask - Closing Dummy Webcam 0
[atomic-processor-1] INFO com.github.sarxos.webcam.ds.cgt.WebcamOpenTask - Opening webcam Dummy Webcam 0
[atomic-processor-1] INFO com.github.sarxos.webcam.ds.cgt.WebcamCloseTask - Closing Dummy Webcam 0
]]></system-err>
</testsuite>
