<?xml version="1.0" encoding="UTF-8" ?>
<testsuite errors="0" failures="0" hostname="travis-job-9758e9c4-9505-42ca-b5de-55374ea7e283" name="ptolemy.domains.sdf.lib.test.junit.JUnitTclTest" skipped="0" tests="82" time="8.798" timestamp="2020-08-23T15:50:19">
  <properties>
[...]
</properties>
  <testcase classname="ptolemy.util.test.junit.TclTests" name="[0] /home/travis/build/icyphy/ptII/ptolemy/domains/sdf/lib/test/ArrayToSequence.tcl (RunTclFile)" time="0.636" />
  <testcase classname="ptolemy.util.test.junit.TclTests" name="[1] /home/travis/build/icyphy/ptII/ptolemy/domains/sdf/lib/test/BitsToInt.tcl (RunTclFile)" time="0.067" />
  <testcase classname="ptolemy.util.test.junit.TclTests" name="[2] /home/travis/build/icyphy/ptII/ptolemy/domains/sdf/lib/test/DelayLine.tcl (RunTclFile)" time="0.054" />
  <testcase classname="ptolemy.util.test.junit.TclTests" name="[3] /home/travis/build/icyphy/ptII/ptolemy/domains/sdf/lib/test/FFT.tcl (RunTclFile)" time="0.044" />
  <testcase classname="ptolemy.util.test.junit.TclTests" name="[4] /home/travis/build/icyphy/ptII/ptolemy/domains/sdf/lib/test/FIR.tcl (RunTclFile)" time="0.171" />
  <testcase classname="ptolemy.util.test.junit.TclTests" name="[5] /home/travis/build/icyphy/ptII/ptolemy/domains/sdf/lib/test/IntToBits.tcl (RunTclFile)" time="0.068" />
  <testcase classname="ptolemy.util.test.junit.TclTests" name="[6] /home/travis/build/icyphy/ptII/ptolemy/domains/sdf/lib/test/MaximumEntropySpectrum.tcl (RunTclFile)" time="0.313" />
  <testcase classname="ptolemy.util.test.junit.TclTests" name="[7] /home/travis/build/icyphy/ptII/ptolemy/domains/sdf/lib/test/Repeat.tcl (RunTclFile)" time="0.073" />
  <testcase classname="ptolemy.util.test.junit.TclTests" name="[8] /home/travis/build/icyphy/ptII/ptolemy/domains/sdf/lib/test/SampleDelay.tcl (RunTclFile)" time="0.082" />
  <testcase classname="ptolemy.util.test.junit.TclTests" name="[9] /home/travis/build/icyphy/ptII/ptolemy/domains/sdf/lib/test/SequenceToArray.tcl (RunTclFile)" time="0.075" />
  <testcase classname="ptolemy.util.test.junit.AutoKnownFailedTests" name="[0] ThereAreNoKnowFailedTests (RunModel)" time="0.003" />
  <testcase classname="ptolemy.util.test.junit.AutoNameArchTests" name="[0] ThereAreNoAutoArchTests (RunModel)" time="0.002" />
  <testcase classname="ptolemy.util.test.junit.AutoTests" name="[0] /home/travis/build/icyphy/ptII/ptolemy/domains/sdf/lib/test/auto/ArrayToSequence.xml (RunModel)" time="0.231" />
  <testcase classname="ptolemy.util.test.junit.AutoTests" name="[1] /home/travis/build/icyphy/ptII/ptolemy/domains/sdf/lib/test/auto/ArrayToSequenceTest.xml (RunModel)" time="0.102" />
  <testcase classname="ptolemy.util.test.junit.AutoTests" name="[2] /home/travis/build/icyphy/ptII/ptolemy/domains/sdf/lib/test/auto/Autocorrelation.xml (RunModel)" time="0.056" />
  <testcase classname="ptolemy.util.test.junit.AutoTests" name="[3] /home/travis/build/icyphy/ptII/ptolemy/domains/sdf/lib/test/auto/Autocorrelation2.xml (RunModel)" time="0.06" />
  <testcase classname="ptolemy.util.test.junit.AutoTests" name="[4] /home/travis/build/icyphy/ptII/ptolemy/domains/sdf/lib/test/auto/Autocorrelation3.xml (RunModel)" time="0.037" />
  <testcase classname="ptolemy.util.test.junit.AutoTests" name="[5] /home/travis/build/icyphy/ptII/ptolemy/domains/sdf/lib/test/auto/Autocorrelation4.xml (RunModel)" time="0.052" />
  <testcase classname="ptolemy.util.test.junit.AutoTests" name="[6] /home/travis/build/icyphy/ptII/ptolemy/domains/sdf/lib/test/auto/Autocorrelation5.xml (RunModel)" time="0.124" />
  <testcase classname="ptolemy.util.test.junit.AutoTests" name="[7] /home/travis/build/icyphy/ptII/ptolemy/domains/sdf/lib/test/auto/BitsToInt.xml (RunModel)" time="0.013" />
  <testcase classname="ptolemy.util.test.junit.AutoTests" name="[8] /home/travis/build/icyphy/ptII/ptolemy/domains/sdf/lib/test/auto/BooleanJoin.xml (RunModel)" time="0.031" />
  <testcase classname="ptolemy.util.test.junit.AutoTests" name="[9] /home/travis/build/icyphy/ptII/ptolemy/domains/sdf/lib/test/auto/BootstrapSampleDelay.xml (RunModel)" time="0.05" />
  <testcase classname="ptolemy.util.test.junit.AutoTests" name="[10] /home/travis/build/icyphy/ptII/ptolemy/domains/sdf/lib/test/auto/Chop.xml (RunModel)" time="0.031" />
  <testcase classname="ptolemy.util.test.junit.AutoTests" name="[11] /home/travis/build/icyphy/ptII/ptolemy/domains/sdf/lib/test/auto/Chop2.xml (RunModel)" time="0.067" />
  <testcase classname="ptolemy.util.test.junit.AutoTests" name="[12] /home/travis/build/icyphy/ptII/ptolemy/domains/sdf/lib/test/auto/ComplexJoin.xml (RunModel)" time="0.036" />
  <testcase classname="ptolemy.util.test.junit.AutoTests" name="[13] /home/travis/build/icyphy/ptII/ptolemy/domains/sdf/lib/test/auto/CountTrues.xml (RunModel)" time="0.017" />
  <testcase classname="ptolemy.util.test.junit.AutoTests" name="[14] /home/travis/build/icyphy/ptII/ptolemy/domains/sdf/lib/test/auto/DelayLine.xml (RunModel)" time="0.034" />
  <testcase classname="ptolemy.util.test.junit.AutoTests" name="[15] /home/travis/build/icyphy/ptII/ptolemy/domains/sdf/lib/test/auto/DotProduct.xml (RunModel)" time="0.018" />
  <testcase classname="ptolemy.util.test.junit.AutoTests" name="[16] /home/travis/build/icyphy/ptII/ptolemy/domains/sdf/lib/test/auto/DotProductMatrix.xml (RunModel)" time="0.018" />
  <testcase classname="ptolemy.util.test.junit.AutoTests" name="[17] /home/travis/build/icyphy/ptII/ptolemy/domains/sdf/lib/test/auto/DownSample1.xml (RunModel)" time="0.029" />
  <testcase classname="ptolemy.util.test.junit.AutoTests" name="[18] /home/travis/build/icyphy/ptII/ptolemy/domains/sdf/lib/test/auto/DynamicRateChange.xml (RunModel)" time="0.044" />
  <testcase classname="ptolemy.util.test.junit.AutoTests" name="[19] /home/travis/build/icyphy/ptII/ptolemy/domains/sdf/lib/test/auto/DynamicRates.xml (RunModel)" time="0.043" />
  <testcase classname="ptolemy.util.test.junit.AutoTests" name="[20] /home/travis/build/icyphy/ptII/ptolemy/domains/sdf/lib/test/auto/FFT1.xml (RunModel)" time="0.025" />
  <testcase classname="ptolemy.util.test.junit.AutoTests" name="[21] /home/travis/build/icyphy/ptII/ptolemy/domains/sdf/lib/test/auto/FIR1.xml (RunModel)" time="0.055" />
  <testcase classname="ptolemy.util.test.junit.AutoTests" name="[22] /home/travis/build/icyphy/ptII/ptolemy/domains/sdf/lib/test/auto/FIR2.xml (RunModel)" time="0.037" />
  <testcase classname="ptolemy.util.test.junit.AutoTests" name="[23] /home/travis/build/icyphy/ptII/ptolemy/domains/sdf/lib/test/auto/FIR4.xml (RunModel)" time="0.046" />
  <testcase classname="ptolemy.util.test.junit.AutoTests" name="[24] /home/travis/build/icyphy/ptII/ptolemy/domains/sdf/lib/test/auto/FixJoin.xml (RunModel)" time="0.054" />
  <testcase classname="ptolemy.util.test.junit.AutoTests" name="[25] /home/travis/build/icyphy/ptII/ptolemy/domains/sdf/lib/test/auto/IntJoin1.xml (RunModel)" time="0.033" />
  <testcase classname="ptolemy.util.test.junit.AutoTests" name="[26] /home/travis/build/icyphy/ptII/ptolemy/domains/sdf/lib/test/auto/IntJoin2.xml (RunModel)" time="0.033" />
  <testcase classname="ptolemy.util.test.junit.AutoTests" name="[27] /home/travis/build/icyphy/ptII/ptolemy/domains/sdf/lib/test/auto/IntJoin3.xml (RunModel)" time="0.032" />
  <testcase classname="ptolemy.util.test.junit.AutoTests" name="[28] /home/travis/build/icyphy/ptII/ptolemy/domains/sdf/lib/test/auto/IntJoin4.xml (RunModel)" time="0.031" />
  <testcase classname="ptolemy.util.test.junit.AutoTests" name="[29] /home/travis/build/icyphy/ptII/ptolemy/domains/sdf/lib/test/auto/IntJoin5.xml (RunModel)" time="0.043" />
  <testcase classname="ptolemy.util.test.junit.AutoTests" name="[30] /home/travis/build/icyphy/ptII/ptolemy/domains/sdf/lib/test/auto/IntToBits.xml (RunModel)" time="0.031" />
  <testcase classname="ptolemy.util.test.junit.AutoTests" name="[31] /home/travis/build/icyphy/ptII/ptolemy/domains/sdf/lib/test/auto/LMSAdaptive.xml (RunModel)" time="0.066" />
  <testcase classname="ptolemy.util.test.junit.AutoTests" name="[32] /home/travis/build/icyphy/ptII/ptolemy/domains/sdf/lib/test/auto/LMSAdaptiveFIR.xml (RunModel)" time="0.321" />
  <testcase classname="ptolemy.util.test.junit.AutoTests" name="[33] /home/travis/build/icyphy/ptII/ptolemy/domains/sdf/lib/test/auto/LMSAdaptiveFIR2.xml (RunModel)" time="0.446" />
  <testcase classname="ptolemy.util.test.junit.AutoTests" name="[34] /home/travis/build/icyphy/ptII/ptolemy/domains/sdf/lib/test/auto/LongJoin.xml (RunModel)" time="0.023" />
  <testcase classname="ptolemy.util.test.junit.AutoTests" name="[35] /home/travis/build/icyphy/ptII/ptolemy/domains/sdf/lib/test/auto/Matrix1.xml (RunModel)" time="0.023" />
  <testcase classname="ptolemy.util.test.junit.AutoTests" name="[36] /home/travis/build/icyphy/ptII/ptolemy/domains/sdf/lib/test/auto/Matrix2.xml (RunModel)" time="0.019" />
  <testcase classname="ptolemy.util.test.junit.AutoTests" name="[37] /home/travis/build/icyphy/ptII/ptolemy/domains/sdf/lib/test/auto/MatrixJoin1.xml (RunModel)" time="0.037" />
  <testcase classname="ptolemy.util.test.junit.AutoTests" name="[38] /home/travis/build/icyphy/ptII/ptolemy/domains/sdf/lib/test/auto/MatrixJoin2.xml (RunModel)" time="0.023" />
  <testcase classname="ptolemy.util.test.junit.AutoTests" name="[39] /home/travis/build/icyphy/ptII/ptolemy/domains/sdf/lib/test/auto/MatrixJoin3.xml (RunModel)" time="0.028" />
  <testcase classname="ptolemy.util.test.junit.AutoTests" name="[40] /home/travis/build/icyphy/ptII/ptolemy/domains/sdf/lib/test/auto/MatrixJoin4.xml (RunModel)" time="0.017" />
  <testcase classname="ptolemy.util.test.junit.AutoTests" name="[41] /home/travis/build/icyphy/ptII/ptolemy/domains/sdf/lib/test/auto/MatrixJoin5.xml (RunModel)" time="0.015" />
  <testcase classname="ptolemy.util.test.junit.AutoTests" name="[42] /home/travis/build/icyphy/ptII/ptolemy/domains/sdf/lib/test/auto/MatrixSplit1.xml (RunModel)" time="0.023" />
  <testcase classname="ptolemy.util.test.junit.AutoTests" name="[43] /home/travis/build/icyphy/ptII/ptolemy/domains/sdf/lib/test/auto/MatrixSplit10.xml (RunModel)" time="0.017" />
  <testcase classname="ptolemy.util.test.junit.AutoTests" name="[44] /home/travis/build/icyphy/ptII/ptolemy/domains/sdf/lib/test/auto/MatrixSplit11.xml (RunModel)" time="0.013" />
  <testcase classname="ptolemy.util.test.junit.AutoTests" name="[45] /home/travis/build/icyphy/ptII/ptolemy/domains/sdf/lib/test/auto/MatrixSplit12.xml (RunModel)" time="0.018" />
  <testcase classname="ptolemy.util.test.junit.AutoTests" name="[46] /home/travis/build/icyphy/ptII/ptolemy/domains/sdf/lib/test/auto/MatrixSplit13.xml (RunModel)" time="0.027" />
  <testcase classname="ptolemy.util.test.junit.AutoTests" name="[47] /home/travis/build/icyphy/ptII/ptolemy/domains/sdf/lib/test/auto/MatrixSplit14.xml (RunModel)" time="0.015" />
  <testcase classname="ptolemy.util.test.junit.AutoTests" name="[48] /home/travis/build/icyphy/ptII/ptolemy/domains/sdf/lib/test/auto/MatrixSplit2.xml (RunModel)" time="0.013" />
  <testcase classname="ptolemy.util.test.junit.AutoTests" name="[49] /home/travis/build/icyphy/ptII/ptolemy/domains/sdf/lib/test/auto/MatrixSplit3.xml (RunModel)" time="0.013" />
  <testcase classname="ptolemy.util.test.junit.AutoTests" name="[50] /home/travis/build/icyphy/ptII/ptolemy/domains/sdf/lib/test/auto/MatrixSplit4.xml (RunModel)" time="0.013" />
  <testcase classname="ptolemy.util.test.junit.AutoTests" name="[51] /home/travis/build/icyphy/ptII/ptolemy/domains/sdf/lib/test/auto/MatrixSplit5.xml (RunModel)" time="0.023" />
  <testcase classname="ptolemy.util.test.junit.AutoTests" name="[52] /home/travis/build/icyphy/ptII/ptolemy/domains/sdf/lib/test/auto/MatrixSplit6.xml (RunModel)" time="0.014" />
  <testcase classname="ptolemy.util.test.junit.AutoTests" name="[53] /home/travis/build/icyphy/ptII/ptolemy/domains/sdf/lib/test/auto/MatrixSplit7.xml (RunModel)" time="0.014" />
  <testcase classname="ptolemy.util.test.junit.AutoTests" name="[54] /home/travis/build/icyphy/ptII/ptolemy/domains/sdf/lib/test/auto/MatrixSplit8.xml (RunModel)" time="0.015" />
  <testcase classname="ptolemy.util.test.junit.AutoTests" name="[55] /home/travis/build/icyphy/ptII/ptolemy/domains/sdf/lib/test/auto/MatrixSplit9.xml (RunModel)" time="0.034" />
  <testcase classname="ptolemy.util.test.junit.AutoTests" name="[56] /home/travis/build/icyphy/ptII/ptolemy/domains/sdf/lib/test/auto/MatrixToSequence.xml (RunModel)" time="0.044" />
  <testcase classname="ptolemy.util.test.junit.AutoTests" name="[57] /home/travis/build/icyphy/ptII/ptolemy/domains/sdf/lib/test/auto/MaximumEntropySpectrum.xml (RunModel)" time="0.065" />
  <testcase classname="ptolemy.util.test.junit.AutoTests" name="[58] /home/travis/build/icyphy/ptII/ptolemy/domains/sdf/lib/test/auto/SampleDelayConversion.xml (RunModel)" time="0.048" />
  <testcase classname="ptolemy.util.test.junit.AutoTests" name="[59] /home/travis/build/icyphy/ptII/ptolemy/domains/sdf/lib/test/auto/SequenceToArray.xml (RunModel)" time="0.057" />
  <testcase classname="ptolemy.util.test.junit.AutoTests" name="[60] /home/travis/build/icyphy/ptII/ptolemy/domains/sdf/lib/test/auto/SequenceToMatrix.xml (RunModel)" time="3.306" />
  <testcase classname="ptolemy.util.test.junit.AutoTests" name="[61] /home/travis/build/icyphy/ptII/ptolemy/domains/sdf/lib/test/auto/SmoothedPeriodogram.xml (RunModel)" time="0.095" />
  <testcase classname="ptolemy.util.test.junit.AutoTests" name="[62] /home/travis/build/icyphy/ptII/ptolemy/domains/sdf/lib/test/auto/UpDownSample1.xml (RunModel)" time="0.015" />
  <testcase classname="ptolemy.util.test.junit.AutoTests" name="[63] /home/travis/build/icyphy/ptII/ptolemy/domains/sdf/lib/test/auto/UpSample1.xml (RunModel)" time="0.01" />
  <testcase classname="ptolemy.util.test.junit.AutoTests" name="[64] /home/travis/build/icyphy/ptII/ptolemy/domains/sdf/lib/test/auto/VariableFIR.xml (RunModel)" time="0.018" />
  <testcase classname="ptolemy.util.test.junit.AutoTests" name="[65] /home/travis/build/icyphy/ptII/ptolemy/domains/sdf/lib/test/auto/VariableFIR2.xml (RunModel)" time="0.02" />
  <testcase classname="ptolemy.util.test.junit.AutoTests" name="[66] /home/travis/build/icyphy/ptII/ptolemy/domains/sdf/lib/test/auto/VariableLattice.xml (RunModel)" time="0.025" />
  <testcase classname="ptolemy.util.test.junit.AutoTests" name="[67] /home/travis/build/icyphy/ptII/ptolemy/domains/sdf/lib/test/auto/VariableLattice2.xml (RunModel)" time="0.02" />
  <testcase classname="ptolemy.util.test.junit.AutoTests" name="[68] /home/travis/build/icyphy/ptII/ptolemy/domains/sdf/lib/test/auto/VariableRecursiveLattice.xml (RunModel)" time="0.018" />
  <testcase classname="ptolemy.util.test.junit.AutoTests" name="[69] /home/travis/build/icyphy/ptII/ptolemy/domains/sdf/lib/test/auto/VariableRecursiveLattice2.xml (RunModel)" time="0.015" />
  <system-out><![CDATA[/home/travis/build/icyphy/ptII/ptolemy/domains/sdf/lib/test/ArrayToSequence.tcl
testDefs.tcl: setting time out to 9000 seconds at Sun Aug 23 15:50:19 UTC 2020
86 ms. Memory: 129024K Free: 93607K (73%)
12 ms. Memory: 129024K Free: 91590K (71%)
14 ms. Memory: 129024K Free: 89527K (69%)
12 ms. Memory: 129024K Free: 88518K (69%)
/home/travis/build/icyphy/ptII/ptolemy/domains/sdf/lib/test/BitsToInt.tcl
22 ms. Memory: 129024K Free: 86455K (67%)
17 ms. Memory: 129024K Free: 84422K (65%)
/home/travis/build/icyphy/ptII/ptolemy/domains/sdf/lib/test/DelayLine.tcl
18 ms. Memory: 129024K Free: 82888K (64%)
/home/travis/build/icyphy/ptII/ptolemy/domains/sdf/lib/test/FFT.tcl
13 ms. Memory: 129024K Free: 81335K (63%)
/home/travis/build/icyphy/ptII/ptolemy/domains/sdf/lib/test/FIR.tcl
26 ms. Memory: 129024K Free: 79295K (61%)
57 ms. Memory: 129024K Free: 75206K (58%)
ptolemy.kernel.util.IllegalActionException: multiplyReverse method not supported between ptolemy.data.FixToken 'fix(-0.0625,6,2)' and ptolemy.data.IntToken '1' because the types are incomparable.
  in .top.FIRclone
Because:
multiplyReverse method not supported between ptolemy.data.FixToken 'fix(-0.0625,6,2)' and ptolemy.data.IntToken '1' because the types are incomparable.
33 ms. Memory: 129024K Free: 72648K (56%)
/home/travis/build/icyphy/ptII/ptolemy/domains/sdf/lib/test/IntToBits.tcl
14 ms. Memory: 129024K Free: 71095K (55%)
5 ms. Memory: 129024K Free: 69576K (54%)
/home/travis/build/icyphy/ptII/ptolemy/domains/sdf/lib/test/MaximumEntropySpectrum.tcl
/home/travis/build/icyphy/ptII/ptolemy/domains/sdf/lib/test/Repeat.tcl
23 ms. Memory: 129024K Free: 48072K (37%)
/home/travis/build/icyphy/ptII/ptolemy/domains/sdf/lib/test/SampleDelay.tcl
11 ms. Memory: 129024K Free: 112548K (87%)
8 ms. Memory: 129024K Free: 111519K (86%)
12 ms. Memory: 129024K Free: 110998K (86%)
8 ms. Memory: 129024K Free: 109988K (85%)
2 ms. Memory: 129024K Free: 109479K (85%)
8 ms. Memory: 129024K Free: 108923K (84%)
/home/travis/build/icyphy/ptII/ptolemy/domains/sdf/lib/test/SequenceToArray.tcl
15 ms. Memory: 129024K Free: 107420K (83%)
10 ms. Memory: 129024K Free: 106414K (82%)
20 ms. Memory: 129024K Free: 104854K (81%)
5 ms. Memory: 129024K Free: 103830K (80%)
08/23/20 03:50:21
Failed: 0  Total Tests: 41  ((Passed: 41, Newly Passed: 0)  Known Failed: 0) /home/travis/build/icyphy/ptII/ptolemy/domains/sdf/lib/test
No auto/knownFailedTests/*.xml tests in /home/travis/build/icyphy/ptII/ptolemy/domains/sdf/lib/test
No auto/linux-amd64/*.xml tests in /home/travis/build/icyphy/ptII/ptolemy/domains/sdf/lib/test
AutoTests.java: About to close Vertx.
AutoTests.java: Vertx closed.

===========================================================================================
----------------- testing Sun Aug 23 15:50:21 UTC 2020 /home/travis/build/icyphy/ptII/ptolemy/domains/sdf/lib/test/auto/ArrayToSequence.xml
----------------- Instantiating /home/travis/build/icyphy/ptII/ptolemy/domains/sdf/lib/test/auto/ArrayToSequence.xml
32 ms. Memory: 129024K Free: 92769K (72%)
----------------- Invoking toplevel() on ptolemy.moml.MoMLSimpleApplication@49709841
----------------- Done invoking toplevel() on ptolemy.moml.MoMLSimpleApplication@49709841
reloadAllAccessors: .ArrayToSequence

===========================================================================================
----------------- testing Sun Aug 23 15:50:21 UTC 2020 /home/travis/build/icyphy/ptII/ptolemy/domains/sdf/lib/test/auto/ArrayToSequenceTest.xml
----------------- Instantiating /home/travis/build/icyphy/ptII/ptolemy/domains/sdf/lib/test/auto/ArrayToSequenceTest.xml
21 ms. Memory: 129024K Free: 86585K (67%)
----------------- Invoking toplevel() on ptolemy.moml.MoMLSimpleApplication@65576091
----------------- Done invoking toplevel() on ptolemy.moml.MoMLSimpleApplication@65576091
reloadAllAccessors: .ArrayToSequenceTest

===========================================================================================
----------------- testing Sun Aug 23 15:50:22 UTC 2020 /home/travis/build/icyphy/ptII/ptolemy/domains/sdf/lib/test/auto/Autocorrelation.xml
----------------- Instantiating /home/travis/build/icyphy/ptII/ptolemy/domains/sdf/lib/test/auto/Autocorrelation.xml
5 ms. Memory: 129024K Free: 111930K (87%)
----------------- Invoking toplevel() on ptolemy.moml.MoMLSimpleApplication@65466ab7
----------------- Done invoking toplevel() on ptolemy.moml.MoMLSimpleApplication@65466ab7
reloadAllAccessors: .Autocorrelation

===========================================================================================
----------------- testing Sun Aug 23 15:50:22 UTC 2020 /home/travis/build/icyphy/ptII/ptolemy/domains/sdf/lib/test/auto/Autocorrelation2.xml
----------------- Instantiating /home/travis/build/icyphy/ptII/ptolemy/domains/sdf/lib/test/auto/Autocorrelation2.xml
11 ms. Memory: 129024K Free: 107530K (83%)
----------------- Invoking toplevel() on ptolemy.moml.MoMLSimpleApplication@1b301aaa
----------------- Done invoking toplevel() on ptolemy.moml.MoMLSimpleApplication@1b301aaa
reloadAllAccessors: .Autocorrelation2

===========================================================================================
----------------- testing Sun Aug 23 15:50:22 UTC 2020 /home/travis/build/icyphy/ptII/ptolemy/domains/sdf/lib/test/auto/Autocorrelation3.xml
----------------- Instantiating /home/travis/build/icyphy/ptII/ptolemy/domains/sdf/lib/test/auto/Autocorrelation3.xml
14 ms. Memory: 129024K Free: 104050K (81%)
----------------- Invoking toplevel() on ptolemy.moml.MoMLSimpleApplication@29872fcd
----------------- Done invoking toplevel() on ptolemy.moml.MoMLSimpleApplication@29872fcd
reloadAllAccessors: .Autocorrelation3

===========================================================================================
----------------- testing Sun Aug 23 15:50:22 UTC 2020 /home/travis/build/icyphy/ptII/ptolemy/domains/sdf/lib/test/auto/Autocorrelation4.xml
----------------- Instantiating /home/travis/build/icyphy/ptII/ptolemy/domains/sdf/lib/test/auto/Autocorrelation4.xml
5 ms. Memory: 129024K Free: 99324K (77%)
----------------- Invoking toplevel() on ptolemy.moml.MoMLSimpleApplication@1c1f6b98
----------------- Done invoking toplevel() on ptolemy.moml.MoMLSimpleApplication@1c1f6b98
reloadAllAccessors: .Autocorrelation4

===========================================================================================
----------------- testing Sun Aug 23 15:50:22 UTC 2020 /home/travis/build/icyphy/ptII/ptolemy/domains/sdf/lib/test/auto/Autocorrelation5.xml
----------------- Instantiating /home/travis/build/icyphy/ptII/ptolemy/domains/sdf/lib/test/auto/Autocorrelation5.xml
32 ms. Memory: 129024K Free: 92793K (72%)
----------------- Invoking toplevel() on ptolemy.moml.MoMLSimpleApplication@2998b369
----------------- Done invoking toplevel() on ptolemy.moml.MoMLSimpleApplication@2998b369
reloadAllAccessors: .Autocorrelation5

===========================================================================================
----------------- testing Sun Aug 23 15:50:22 UTC 2020 /home/travis/build/icyphy/ptII/ptolemy/domains/sdf/lib/test/auto/BitsToInt.xml
----------------- Instantiating /home/travis/build/icyphy/ptII/ptolemy/domains/sdf/lib/test/auto/BitsToInt.xml
2 ms. Memory: 129024K Free: 89426K (69%)
----------------- Invoking toplevel() on ptolemy.moml.MoMLSimpleApplication@85288fd
----------------- Done invoking toplevel() on ptolemy.moml.MoMLSimpleApplication@85288fd
reloadAllAccessors: .BitsToInt

===========================================================================================
----------------- testing Sun Aug 23 15:50:22 UTC 2020 /home/travis/build/icyphy/ptII/ptolemy/domains/sdf/lib/test/auto/BooleanJoin.xml
----------------- Instantiating /home/travis/build/icyphy/ptII/ptolemy/domains/sdf/lib/test/auto/BooleanJoin.xml
4 ms. Memory: 129024K Free: 85328K (66%)
----------------- Invoking toplevel() on ptolemy.moml.MoMLSimpleApplication@3a174783
----------------- Done invoking toplevel() on ptolemy.moml.MoMLSimpleApplication@3a174783
reloadAllAccessors: .BooleanJoin

===========================================================================================
----------------- testing Sun Aug 23 15:50:22 UTC 2020 /home/travis/build/icyphy/ptII/ptolemy/domains/sdf/lib/test/auto/BootstrapSampleDelay.xml
----------------- Instantiating /home/travis/build/icyphy/ptII/ptolemy/domains/sdf/lib/test/auto/BootstrapSampleDelay.xml
18 ms. Memory: 129024K Free: 81982K (64%)
----------------- Invoking toplevel() on ptolemy.moml.MoMLSimpleApplication@52902204
----------------- Done invoking toplevel() on ptolemy.moml.MoMLSimpleApplication@52902204
reloadAllAccessors: .BootstrapSampleDelay

===========================================================================================
----------------- testing Sun Aug 23 15:50:22 UTC 2020 /home/travis/build/icyphy/ptII/ptolemy/domains/sdf/lib/test/auto/Chop.xml
----------------- Instantiating /home/travis/build/icyphy/ptII/ptolemy/domains/sdf/lib/test/auto/Chop.xml
5 ms. Memory: 129024K Free: 74058K (57%)
----------------- Invoking toplevel() on ptolemy.moml.MoMLSimpleApplication@6b55459b
----------------- Done invoking toplevel() on ptolemy.moml.MoMLSimpleApplication@6b55459b
reloadAllAccessors: .Chop

===========================================================================================
----------------- testing Sun Aug 23 15:50:22 UTC 2020 /home/travis/build/icyphy/ptII/ptolemy/domains/sdf/lib/test/auto/Chop2.xml
----------------- Instantiating /home/travis/build/icyphy/ptII/ptolemy/domains/sdf/lib/test/auto/Chop2.xml
13 ms. Memory: 129024K Free: 108310K (84%)
----------------- Invoking toplevel() on ptolemy.moml.MoMLSimpleApplication@2c6f67ae
----------------- Done invoking toplevel() on ptolemy.moml.MoMLSimpleApplication@2c6f67ae
reloadAllAccessors: .Chop2

===========================================================================================
----------------- testing Sun Aug 23 15:50:22 UTC 2020 /home/travis/build/icyphy/ptII/ptolemy/domains/sdf/lib/test/auto/ComplexJoin.xml
----------------- Instantiating /home/travis/build/icyphy/ptII/ptolemy/domains/sdf/lib/test/auto/ComplexJoin.xml
3 ms. Memory: 129024K Free: 103978K (81%)
----------------- Invoking toplevel() on ptolemy.moml.MoMLSimpleApplication@12a9c9fa
----------------- Done invoking toplevel() on ptolemy.moml.MoMLSimpleApplication@12a9c9fa
reloadAllAccessors: .ComplexJoin

===========================================================================================
----------------- testing Sun Aug 23 15:50:22 UTC 2020 /home/travis/build/icyphy/ptII/ptolemy/domains/sdf/lib/test/auto/CountTrues.xml
----------------- Instantiating /home/travis/build/icyphy/ptII/ptolemy/domains/sdf/lib/test/auto/CountTrues.xml
2 ms. Memory: 129024K Free: 100522K (78%)
----------------- Invoking toplevel() on ptolemy.moml.MoMLSimpleApplication@78df98fa
----------------- Done invoking toplevel() on ptolemy.moml.MoMLSimpleApplication@78df98fa
reloadAllAccessors: .CountTrues

===========================================================================================
----------------- testing Sun Aug 23 15:50:22 UTC 2020 /home/travis/build/icyphy/ptII/ptolemy/domains/sdf/lib/test/auto/DelayLine.xml
----------------- Instantiating /home/travis/build/icyphy/ptII/ptolemy/domains/sdf/lib/test/auto/DelayLine.xml
4 ms. Memory: 129024K Free: 95786K (74%)
----------------- Invoking toplevel() on ptolemy.moml.MoMLSimpleApplication@5675316d
----------------- Done invoking toplevel() on ptolemy.moml.MoMLSimpleApplication@5675316d
reloadAllAccessors: .DelayLine

===========================================================================================
----------------- testing Sun Aug 23 15:50:22 UTC 2020 /home/travis/build/icyphy/ptII/ptolemy/domains/sdf/lib/test/auto/DotProduct.xml
----------------- Instantiating /home/travis/build/icyphy/ptII/ptolemy/domains/sdf/lib/test/auto/DotProduct.xml
2 ms. Memory: 129024K Free: 92292K (72%)
----------------- Invoking toplevel() on ptolemy.moml.MoMLSimpleApplication@38d1c3d2
----------------- Done invoking toplevel() on ptolemy.moml.MoMLSimpleApplication@38d1c3d2
reloadAllAccessors: .DotProduct

===========================================================================================
----------------- testing Sun Aug 23 15:50:22 UTC 2020 /home/travis/build/icyphy/ptII/ptolemy/domains/sdf/lib/test/auto/DotProductMatrix.xml
----------------- Instantiating /home/travis/build/icyphy/ptII/ptolemy/domains/sdf/lib/test/auto/DotProductMatrix.xml
2 ms. Memory: 129024K Free: 89642K (69%)
----------------- Invoking toplevel() on ptolemy.moml.MoMLSimpleApplication@3fc0eab0
----------------- Done invoking toplevel() on ptolemy.moml.MoMLSimpleApplication@3fc0eab0
reloadAllAccessors: .DotProductMatrix

===========================================================================================
----------------- testing Sun Aug 23 15:50:22 UTC 2020 /home/travis/build/icyphy/ptII/ptolemy/domains/sdf/lib/test/auto/DownSample1.xml
----------------- Instantiating /home/travis/build/icyphy/ptII/ptolemy/domains/sdf/lib/test/auto/DownSample1.xml
4 ms. Memory: 129024K Free: 85804K (67%)
----------------- Invoking toplevel() on ptolemy.moml.MoMLSimpleApplication@4f20a9af
----------------- Done invoking toplevel() on ptolemy.moml.MoMLSimpleApplication@4f20a9af
reloadAllAccessors: .DownSample1

===========================================================================================
----------------- testing Sun Aug 23 15:50:22 UTC 2020 /home/travis/build/icyphy/ptII/ptolemy/domains/sdf/lib/test/auto/DynamicRateChange.xml
----------------- Instantiating /home/travis/build/icyphy/ptII/ptolemy/domains/sdf/lib/test/auto/DynamicRateChange.xml
15 ms. Memory: 129024K Free: 80683K (63%)
----------------- Invoking toplevel() on ptolemy.moml.MoMLSimpleApplication@36042900
----------------- Done invoking toplevel() on ptolemy.moml.MoMLSimpleApplication@36042900
reloadAllAccessors: .DynamicRateChange

===========================================================================================
----------------- testing Sun Aug 23 15:50:22 UTC 2020 /home/travis/build/icyphy/ptII/ptolemy/domains/sdf/lib/test/auto/DynamicRates.xml
----------------- Instantiating /home/travis/build/icyphy/ptII/ptolemy/domains/sdf/lib/test/auto/DynamicRates.xml
8 ms. Memory: 129024K Free: 75946K (59%)
----------------- Invoking toplevel() on ptolemy.moml.MoMLSimpleApplication@435df930
----------------- Done invoking toplevel() on ptolemy.moml.MoMLSimpleApplication@435df930
reloadAllAccessors: .DynamicRates

===========================================================================================
----------------- testing Sun Aug 23 15:50:22 UTC 2020 /home/travis/build/icyphy/ptII/ptolemy/domains/sdf/lib/test/auto/FFT1.xml
----------------- Instantiating /home/travis/build/icyphy/ptII/ptolemy/domains/sdf/lib/test/auto/FFT1.xml
6 ms. Memory: 129024K Free: 71210K (55%)
----------------- Invoking toplevel() on ptolemy.moml.MoMLSimpleApplication@5491687b
----------------- Done invoking toplevel() on ptolemy.moml.MoMLSimpleApplication@5491687b
reloadAllAccessors: .FFT1

===========================================================================================
----------------- testing Sun Aug 23 15:50:22 UTC 2020 /home/travis/build/icyphy/ptII/ptolemy/domains/sdf/lib/test/auto/FIR1.xml
----------------- Instantiating /home/travis/build/icyphy/ptII/ptolemy/domains/sdf/lib/test/auto/FIR1.xml
20 ms. Memory: 129024K Free: 64313K (50%)
----------------- Invoking toplevel() on ptolemy.moml.MoMLSimpleApplication@42fe8699
----------------- Done invoking toplevel() on ptolemy.moml.MoMLSimpleApplication@42fe8699
reloadAllAccessors: .FIR1

===========================================================================================
----------------- testing Sun Aug 23 15:50:22 UTC 2020 /home/travis/build/icyphy/ptII/ptolemy/domains/sdf/lib/test/auto/FIR2.xml
----------------- Instantiating /home/travis/build/icyphy/ptII/ptolemy/domains/sdf/lib/test/auto/FIR2.xml
4 ms. Memory: 129024K Free: 60585K (47%)
----------------- Invoking toplevel() on ptolemy.moml.MoMLSimpleApplication@1110f35e
----------------- Done invoking toplevel() on ptolemy.moml.MoMLSimpleApplication@1110f35e
reloadAllAccessors: .FIR2

===========================================================================================
----------------- testing Sun Aug 23 15:50:23 UTC 2020 /home/travis/build/icyphy/ptII/ptolemy/domains/sdf/lib/test/auto/FIR4.xml
----------------- Instantiating /home/travis/build/icyphy/ptII/ptolemy/domains/sdf/lib/test/auto/FIR4.xml
4 ms. Memory: 156672K Free: 136700K (87%)
----------------- Invoking toplevel() on ptolemy.moml.MoMLSimpleApplication@3eea080c
----------------- Done invoking toplevel() on ptolemy.moml.MoMLSimpleApplication@3eea080c
reloadAllAccessors: .FIR4

===========================================================================================
----------------- testing Sun Aug 23 15:50:23 UTC 2020 /home/travis/build/icyphy/ptII/ptolemy/domains/sdf/lib/test/auto/FixJoin.xml
----------------- Instantiating /home/travis/build/icyphy/ptII/ptolemy/domains/sdf/lib/test/auto/FixJoin.xml
5 ms. Memory: 156672K Free: 132079K (84%)
----------------- Invoking toplevel() on ptolemy.moml.MoMLSimpleApplication@6dfc8abb
----------------- Done invoking toplevel() on ptolemy.moml.MoMLSimpleApplication@6dfc8abb
reloadAllAccessors: .FixJoin

===========================================================================================
----------------- testing Sun Aug 23 15:50:23 UTC 2020 /home/travis/build/icyphy/ptII/ptolemy/domains/sdf/lib/test/auto/IntJoin1.xml
----------------- Instantiating /home/travis/build/icyphy/ptII/ptolemy/domains/sdf/lib/test/auto/IntJoin1.xml
4 ms. Memory: 156672K Free: 127961K (82%)
----------------- Invoking toplevel() on ptolemy.moml.MoMLSimpleApplication@34704987
----------------- Done invoking toplevel() on ptolemy.moml.MoMLSimpleApplication@34704987
reloadAllAccessors: .IntJoin1

===========================================================================================
----------------- testing Sun Aug 23 15:50:23 UTC 2020 /home/travis/build/icyphy/ptII/ptolemy/domains/sdf/lib/test/auto/IntJoin2.xml
----------------- Instantiating /home/travis/build/icyphy/ptII/ptolemy/domains/sdf/lib/test/auto/IntJoin2.xml
5 ms. Memory: 156672K Free: 123364K (79%)
----------------- Invoking toplevel() on ptolemy.moml.MoMLSimpleApplication@1872f038
----------------- Done invoking toplevel() on ptolemy.moml.MoMLSimpleApplication@1872f038
reloadAllAccessors: .IntJoin2

===========================================================================================
----------------- testing Sun Aug 23 15:50:23 UTC 2020 /home/travis/build/icyphy/ptII/ptolemy/domains/sdf/lib/test/auto/IntJoin3.xml
----------------- Instantiating /home/travis/build/icyphy/ptII/ptolemy/domains/sdf/lib/test/auto/IntJoin3.xml
4 ms. Memory: 156672K Free: 119276K (76%)
----------------- Invoking toplevel() on ptolemy.moml.MoMLSimpleApplication@b37176
----------------- Done invoking toplevel() on ptolemy.moml.MoMLSimpleApplication@b37176
reloadAllAccessors: .IntJoin3

===========================================================================================
----------------- testing Sun Aug 23 15:50:23 UTC 2020 /home/travis/build/icyphy/ptII/ptolemy/domains/sdf/lib/test/auto/IntJoin4.xml
----------------- Instantiating /home/travis/build/icyphy/ptII/ptolemy/domains/sdf/lib/test/auto/IntJoin4.xml
5 ms. Memory: 156672K Free: 114641K (73%)
----------------- Invoking toplevel() on ptolemy.moml.MoMLSimpleApplication@61518572
----------------- Done invoking toplevel() on ptolemy.moml.MoMLSimpleApplication@61518572
reloadAllAccessors: .IntJoin4

===========================================================================================
----------------- testing Sun Aug 23 15:50:23 UTC 2020 /home/travis/build/icyphy/ptII/ptolemy/domains/sdf/lib/test/auto/IntJoin5.xml
----------------- Instantiating /home/travis/build/icyphy/ptII/ptolemy/domains/sdf/lib/test/auto/IntJoin5.xml
9 ms. Memory: 156672K Free: 110545K (71%)
----------------- Invoking toplevel() on ptolemy.moml.MoMLSimpleApplication@29846baa
----------------- Done invoking toplevel() on ptolemy.moml.MoMLSimpleApplication@29846baa
reloadAllAccessors: .IntJoin5

===========================================================================================
----------------- testing Sun Aug 23 15:50:23 UTC 2020 /home/travis/build/icyphy/ptII/ptolemy/domains/sdf/lib/test/auto/IntToBits.xml
----------------- Instantiating /home/travis/build/icyphy/ptII/ptolemy/domains/sdf/lib/test/auto/IntToBits.xml
8 ms. Memory: 156672K Free: 106996K (68%)
----------------- Invoking toplevel() on ptolemy.moml.MoMLSimpleApplication@5c5e0f2d
----------------- Done invoking toplevel() on ptolemy.moml.MoMLSimpleApplication@5c5e0f2d
reloadAllAccessors: .IntToBits

===========================================================================================
----------------- testing Sun Aug 23 15:50:23 UTC 2020 /home/travis/build/icyphy/ptII/ptolemy/domains/sdf/lib/test/auto/LMSAdaptive.xml
----------------- Instantiating /home/travis/build/icyphy/ptII/ptolemy/domains/sdf/lib/test/auto/LMSAdaptive.xml
14 ms. Memory: 156672K Free: 98804K (63%)
----------------- Invoking toplevel() on ptolemy.moml.MoMLSimpleApplication@116f5acd
----------------- Done invoking toplevel() on ptolemy.moml.MoMLSimpleApplication@116f5acd
reloadAllAccessors: .LMSAdaptive

===========================================================================================
----------------- testing Sun Aug 23 15:50:23 UTC 2020 /home/travis/build/icyphy/ptII/ptolemy/domains/sdf/lib/test/auto/LMSAdaptiveFIR.xml
----------------- Instantiating /home/travis/build/icyphy/ptII/ptolemy/domains/sdf/lib/test/auto/LMSAdaptiveFIR.xml
248 ms. Memory: 156672K Free: 135292K (86%)
----------------- Invoking toplevel() on ptolemy.moml.MoMLSimpleApplication@117d22a9
----------------- Done invoking toplevel() on ptolemy.moml.MoMLSimpleApplication@117d22a9
reloadAllAccessors: .LMSAdaptiveFIR

===========================================================================================
----------------- testing Sun Aug 23 15:50:23 UTC 2020 /home/travis/build/icyphy/ptII/ptolemy/domains/sdf/lib/test/auto/LMSAdaptiveFIR2.xml
----------------- Instantiating /home/travis/build/icyphy/ptII/ptolemy/domains/sdf/lib/test/auto/LMSAdaptiveFIR2.xml
335 ms. Memory: 156672K Free: 76353K (49%)
----------------- Invoking toplevel() on ptolemy.moml.MoMLSimpleApplication@63cc63b3
----------------- Done invoking toplevel() on ptolemy.moml.MoMLSimpleApplication@63cc63b3
reloadAllAccessors: .LMSAdaptiveFIR2

===========================================================================================
----------------- testing Sun Aug 23 15:50:24 UTC 2020 /home/travis/build/icyphy/ptII/ptolemy/domains/sdf/lib/test/auto/LongJoin.xml
----------------- Instantiating /home/travis/build/icyphy/ptII/ptolemy/domains/sdf/lib/test/auto/LongJoin.xml
4 ms. Memory: 156672K Free: 72257K (46%)
----------------- Invoking toplevel() on ptolemy.moml.MoMLSimpleApplication@5bd7dccd
----------------- Done invoking toplevel() on ptolemy.moml.MoMLSimpleApplication@5bd7dccd
reloadAllAccessors: .LongJoin

===========================================================================================
----------------- testing Sun Aug 23 15:50:24 UTC 2020 /home/travis/build/icyphy/ptII/ptolemy/domains/sdf/lib/test/auto/Matrix1.xml
----------------- Instantiating /home/travis/build/icyphy/ptII/ptolemy/domains/sdf/lib/test/auto/Matrix1.xml
2 ms. Memory: 156672K Free: 68161K (44%)
----------------- Invoking toplevel() on ptolemy.moml.MoMLSimpleApplication@2b6669e3
----------------- Done invoking toplevel() on ptolemy.moml.MoMLSimpleApplication@2b6669e3
reloadAllAccessors: .Matrix1

===========================================================================================
----------------- testing Sun Aug 23 15:50:24 UTC 2020 /home/travis/build/icyphy/ptII/ptolemy/domains/sdf/lib/test/auto/Matrix2.xml
----------------- Instantiating /home/travis/build/icyphy/ptII/ptolemy/domains/sdf/lib/test/auto/Matrix2.xml
2 ms. Memory: 156672K Free: 64065K (41%)
----------------- Invoking toplevel() on ptolemy.moml.MoMLSimpleApplication@2684950b
----------------- Done invoking toplevel() on ptolemy.moml.MoMLSimpleApplication@2684950b
reloadAllAccessors: .Matrix2

===========================================================================================
----------------- testing Sun Aug 23 15:50:24 UTC 2020 /home/travis/build/icyphy/ptII/ptolemy/domains/sdf/lib/test/auto/MatrixJoin1.xml
----------------- Instantiating /home/travis/build/icyphy/ptII/ptolemy/domains/sdf/lib/test/auto/MatrixJoin1.xml
4 ms. Memory: 156672K Free: 138744K (89%)
----------------- Invoking toplevel() on ptolemy.moml.MoMLSimpleApplication@4e89d8e1
----------------- Done invoking toplevel() on ptolemy.moml.MoMLSimpleApplication@4e89d8e1
reloadAllAccessors: .MatrixJoin1

===========================================================================================
----------------- testing Sun Aug 23 15:50:24 UTC 2020 /home/travis/build/icyphy/ptII/ptolemy/domains/sdf/lib/test/auto/MatrixJoin2.xml
----------------- Instantiating /home/travis/build/icyphy/ptII/ptolemy/domains/sdf/lib/test/auto/MatrixJoin2.xml
1 ms. Memory: 156672K Free: 133942K (85%)
----------------- Invoking toplevel() on ptolemy.moml.MoMLSimpleApplication@423d5116
----------------- Done invoking toplevel() on ptolemy.moml.MoMLSimpleApplication@423d5116
reloadAllAccessors: .MatrixJoin2

===========================================================================================
----------------- testing Sun Aug 23 15:50:24 UTC 2020 /home/travis/build/icyphy/ptII/ptolemy/domains/sdf/lib/test/auto/MatrixJoin3.xml
----------------- Instantiating /home/travis/build/icyphy/ptII/ptolemy/domains/sdf/lib/test/auto/MatrixJoin3.xml
9 ms. Memory: 156672K Free: 129336K (83%)
----------------- Invoking toplevel() on ptolemy.moml.MoMLSimpleApplication@7863a100
----------------- Done invoking toplevel() on ptolemy.moml.MoMLSimpleApplication@7863a100
reloadAllAccessors: .MatrixJoin3

===========================================================================================
----------------- testing Sun Aug 23 15:50:24 UTC 2020 /home/travis/build/icyphy/ptII/ptolemy/domains/sdf/lib/test/auto/MatrixJoin4.xml
----------------- Instantiating /home/travis/build/icyphy/ptII/ptolemy/domains/sdf/lib/test/auto/MatrixJoin4.xml
3 ms. Memory: 156672K Free: 125240K (80%)
----------------- Invoking toplevel() on ptolemy.moml.MoMLSimpleApplication@7601f21f
----------------- Done invoking toplevel() on ptolemy.moml.MoMLSimpleApplication@7601f21f
reloadAllAccessors: .MatrixJoin4

===========================================================================================
----------------- testing Sun Aug 23 15:50:24 UTC 2020 /home/travis/build/icyphy/ptII/ptolemy/domains/sdf/lib/test/auto/MatrixJoin5.xml
----------------- Instantiating /home/travis/build/icyphy/ptII/ptolemy/domains/sdf/lib/test/auto/MatrixJoin5.xml
2 ms. Memory: 156672K Free: 121144K (77%)
----------------- Invoking toplevel() on ptolemy.moml.MoMLSimpleApplication@3512237f
----------------- Done invoking toplevel() on ptolemy.moml.MoMLSimpleApplication@3512237f
reloadAllAccessors: .MatrixJoin5

===========================================================================================
----------------- testing Sun Aug 23 15:50:24 UTC 2020 /home/travis/build/icyphy/ptII/ptolemy/domains/sdf/lib/test/auto/MatrixSplit1.xml
----------------- Instantiating /home/travis/build/icyphy/ptII/ptolemy/domains/sdf/lib/test/auto/MatrixSplit1.xml
3 ms. Memory: 156672K Free: 115510K (74%)
----------------- Invoking toplevel() on ptolemy.moml.MoMLSimpleApplication@7e5ef8ba
----------------- Done invoking toplevel() on ptolemy.moml.MoMLSimpleApplication@7e5ef8ba
reloadAllAccessors: .MatrixSplit1

===========================================================================================
----------------- testing Sun Aug 23 15:50:24 UTC 2020 /home/travis/build/icyphy/ptII/ptolemy/domains/sdf/lib/test/auto/MatrixSplit10.xml
----------------- Instantiating /home/travis/build/icyphy/ptII/ptolemy/domains/sdf/lib/test/auto/MatrixSplit10.xml
3 ms. Memory: 156672K Free: 111928K (71%)
----------------- Invoking toplevel() on ptolemy.moml.MoMLSimpleApplication@3dab5c15
----------------- Done invoking toplevel() on ptolemy.moml.MoMLSimpleApplication@3dab5c15
reloadAllAccessors: .MatrixSplit10

===========================================================================================
----------------- testing Sun Aug 23 15:50:24 UTC 2020 /home/travis/build/icyphy/ptII/ptolemy/domains/sdf/lib/test/auto/MatrixSplit11.xml
----------------- Instantiating /home/travis/build/icyphy/ptII/ptolemy/domains/sdf/lib/test/auto/MatrixSplit11.xml
2 ms. Memory: 156672K Free: 108342K (69%)
----------------- Invoking toplevel() on ptolemy.moml.MoMLSimpleApplication@3d6d1c9f
----------------- Done invoking toplevel() on ptolemy.moml.MoMLSimpleApplication@3d6d1c9f
reloadAllAccessors: .MatrixSplit11

===========================================================================================
----------------- testing Sun Aug 23 15:50:24 UTC 2020 /home/travis/build/icyphy/ptII/ptolemy/domains/sdf/lib/test/auto/MatrixSplit12.xml
----------------- Instantiating /home/travis/build/icyphy/ptII/ptolemy/domains/sdf/lib/test/auto/MatrixSplit12.xml
2 ms. Memory: 156672K Free: 104760K (67%)
----------------- Invoking toplevel() on ptolemy.moml.MoMLSimpleApplication@199d2c91
----------------- Done invoking toplevel() on ptolemy.moml.MoMLSimpleApplication@199d2c91
reloadAllAccessors: .MatrixSplit12

===========================================================================================
----------------- testing Sun Aug 23 15:50:24 UTC 2020 /home/travis/build/icyphy/ptII/ptolemy/domains/sdf/lib/test/auto/MatrixSplit13.xml
----------------- Instantiating /home/travis/build/icyphy/ptII/ptolemy/domains/sdf/lib/test/auto/MatrixSplit13.xml
6 ms. Memory: 156672K Free: 101174K (65%)
----------------- Invoking toplevel() on ptolemy.moml.MoMLSimpleApplication@7aed8b86
----------------- Done invoking toplevel() on ptolemy.moml.MoMLSimpleApplication@7aed8b86
reloadAllAccessors: .MatrixSplit13

===========================================================================================
----------------- testing Sun Aug 23 15:50:24 UTC 2020 /home/travis/build/icyphy/ptII/ptolemy/domains/sdf/lib/test/auto/MatrixSplit14.xml
----------------- Instantiating /home/travis/build/icyphy/ptII/ptolemy/domains/sdf/lib/test/auto/MatrixSplit14.xml
3 ms. Memory: 156672K Free: 97592K (62%)
----------------- Invoking toplevel() on ptolemy.moml.MoMLSimpleApplication@1323b049
----------------- Done invoking toplevel() on ptolemy.moml.MoMLSimpleApplication@1323b049
reloadAllAccessors: .MatrixSplit14

===========================================================================================
----------------- testing Sun Aug 23 15:50:24 UTC 2020 /home/travis/build/icyphy/ptII/ptolemy/domains/sdf/lib/test/auto/MatrixSplit2.xml
----------------- Instantiating /home/travis/build/icyphy/ptII/ptolemy/domains/sdf/lib/test/auto/MatrixSplit2.xml
3 ms. Memory: 156672K Free: 94006K (60%)
----------------- Invoking toplevel() on ptolemy.moml.MoMLSimpleApplication@3c5fde2e
----------------- Done invoking toplevel() on ptolemy.moml.MoMLSimpleApplication@3c5fde2e
reloadAllAccessors: .MatrixSplit2

===========================================================================================
----------------- testing Sun Aug 23 15:50:24 UTC 2020 /home/travis/build/icyphy/ptII/ptolemy/domains/sdf/lib/test/auto/MatrixSplit3.xml
----------------- Instantiating /home/travis/build/icyphy/ptII/ptolemy/domains/sdf/lib/test/auto/MatrixSplit3.xml
2 ms. Memory: 156672K Free: 90424K (58%)
----------------- Invoking toplevel() on ptolemy.moml.MoMLSimpleApplication@1c244081
----------------- Done invoking toplevel() on ptolemy.moml.MoMLSimpleApplication@1c244081
reloadAllAccessors: .MatrixSplit3

===========================================================================================
----------------- testing Sun Aug 23 15:50:24 UTC 2020 /home/travis/build/icyphy/ptII/ptolemy/domains/sdf/lib/test/auto/MatrixSplit4.xml
----------------- Instantiating /home/travis/build/icyphy/ptII/ptolemy/domains/sdf/lib/test/auto/MatrixSplit4.xml
2 ms. Memory: 156672K Free: 86838K (55%)
----------------- Invoking toplevel() on ptolemy.moml.MoMLSimpleApplication@4dbaec7f
----------------- Done invoking toplevel() on ptolemy.moml.MoMLSimpleApplication@4dbaec7f
reloadAllAccessors: .MatrixSplit4

===========================================================================================
----------------- testing Sun Aug 23 15:50:24 UTC 2020 /home/travis/build/icyphy/ptII/ptolemy/domains/sdf/lib/test/auto/MatrixSplit5.xml
----------------- Instantiating /home/travis/build/icyphy/ptII/ptolemy/domains/sdf/lib/test/auto/MatrixSplit5.xml
10 ms. Memory: 156672K Free: 83256K (53%)
----------------- Invoking toplevel() on ptolemy.moml.MoMLSimpleApplication@68fddc37
----------------- Done invoking toplevel() on ptolemy.moml.MoMLSimpleApplication@68fddc37
reloadAllAccessors: .MatrixSplit5

===========================================================================================
----------------- testing Sun Aug 23 15:50:24 UTC 2020 /home/travis/build/icyphy/ptII/ptolemy/domains/sdf/lib/test/auto/MatrixSplit6.xml
----------------- Instantiating /home/travis/build/icyphy/ptII/ptolemy/domains/sdf/lib/test/auto/MatrixSplit6.xml
2 ms. Memory: 156672K Free: 79670K (51%)
----------------- Invoking toplevel() on ptolemy.moml.MoMLSimpleApplication@6d76c5ce
----------------- Done invoking toplevel() on ptolemy.moml.MoMLSimpleApplication@6d76c5ce
reloadAllAccessors: .MatrixSplit6

===========================================================================================
----------------- testing Sun Aug 23 15:50:24 UTC 2020 /home/travis/build/icyphy/ptII/ptolemy/domains/sdf/lib/test/auto/MatrixSplit7.xml
----------------- Instantiating /home/travis/build/icyphy/ptII/ptolemy/domains/sdf/lib/test/auto/MatrixSplit7.xml
2 ms. Memory: 156672K Free: 76088K (49%)
----------------- Invoking toplevel() on ptolemy.moml.MoMLSimpleApplication@46017768
----------------- Done invoking toplevel() on ptolemy.moml.MoMLSimpleApplication@46017768
reloadAllAccessors: .MatrixSplit7

===========================================================================================
----------------- testing Sun Aug 23 15:50:24 UTC 2020 /home/travis/build/icyphy/ptII/ptolemy/domains/sdf/lib/test/auto/MatrixSplit8.xml
----------------- Instantiating /home/travis/build/icyphy/ptII/ptolemy/domains/sdf/lib/test/auto/MatrixSplit8.xml
1 ms. Memory: 156672K Free: 72502K (46%)
----------------- Invoking toplevel() on ptolemy.moml.MoMLSimpleApplication@55fe3e42
----------------- Done invoking toplevel() on ptolemy.moml.MoMLSimpleApplication@55fe3e42
reloadAllAccessors: .MatrixSplit8

===========================================================================================
----------------- testing Sun Aug 23 15:50:24 UTC 2020 /home/travis/build/icyphy/ptII/ptolemy/domains/sdf/lib/test/auto/MatrixSplit9.xml
----------------- Instantiating /home/travis/build/icyphy/ptII/ptolemy/domains/sdf/lib/test/auto/MatrixSplit9.xml
5 ms. Memory: 156672K Free: 68920K (44%)
----------------- Invoking toplevel() on ptolemy.moml.MoMLSimpleApplication@743d6d7b
----------------- Done invoking toplevel() on ptolemy.moml.MoMLSimpleApplication@743d6d7b
reloadAllAccessors: .MatrixSplit9

===========================================================================================
----------------- testing Sun Aug 23 15:50:24 UTC 2020 /home/travis/build/icyphy/ptII/ptolemy/domains/sdf/lib/test/auto/MatrixToSequence.xml
----------------- Instantiating /home/travis/build/icyphy/ptII/ptolemy/domains/sdf/lib/test/auto/MatrixToSequence.xml
13 ms. Memory: 156672K Free: 59704K (38%)
----------------- Invoking toplevel() on ptolemy.moml.MoMLSimpleApplication@1ee9b658
----------------- Done invoking toplevel() on ptolemy.moml.MoMLSimpleApplication@1ee9b658
reloadAllAccessors: .MatrixToSequence

===========================================================================================
----------------- testing Sun Aug 23 15:50:24 UTC 2020 /home/travis/build/icyphy/ptII/ptolemy/domains/sdf/lib/test/auto/MaximumEntropySpectrum.xml
----------------- Instantiating /home/travis/build/icyphy/ptII/ptolemy/domains/sdf/lib/test/auto/MaximumEntropySpectrum.xml
10 ms. Memory: 156672K Free: 119590K (76%)
----------------- Invoking toplevel() on ptolemy.moml.MoMLSimpleApplication@43ef6df
----------------- Done invoking toplevel() on ptolemy.moml.MoMLSimpleApplication@43ef6df
reloadAllAccessors: .MaximumEntropySpectrum

===========================================================================================
----------------- testing Sun Aug 23 15:50:24 UTC 2020 /home/travis/build/icyphy/ptII/ptolemy/domains/sdf/lib/test/auto/SampleDelayConversion.xml
----------------- Instantiating /home/travis/build/icyphy/ptII/ptolemy/domains/sdf/lib/test/auto/SampleDelayConversion.xml
2 ms. Memory: 156672K Free: 115494K (74%)
----------------- Invoking toplevel() on ptolemy.moml.MoMLSimpleApplication@649e8128
----------------- Done invoking toplevel() on ptolemy.moml.MoMLSimpleApplication@649e8128
reloadAllAccessors: .SampleDelayConversion

===========================================================================================
----------------- testing Sun Aug 23 15:50:24 UTC 2020 /home/travis/build/icyphy/ptII/ptolemy/domains/sdf/lib/test/auto/SequenceToArray.xml
----------------- Instantiating /home/travis/build/icyphy/ptII/ptolemy/domains/sdf/lib/test/auto/SequenceToArray.xml
6 ms. Memory: 156672K Free: 104744K (67%)
----------------- Invoking toplevel() on ptolemy.moml.MoMLSimpleApplication@fdd977c
----------------- Done invoking toplevel() on ptolemy.moml.MoMLSimpleApplication@fdd977c
reloadAllAccessors: .SequenceToArray

===========================================================================================
----------------- testing Sun Aug 23 15:50:24 UTC 2020 /home/travis/build/icyphy/ptII/ptolemy/domains/sdf/lib/test/auto/SequenceToMatrix.xml
----------------- Instantiating /home/travis/build/icyphy/ptII/ptolemy/domains/sdf/lib/test/auto/SequenceToMatrix.xml
3286 ms. Memory: 156672K Free: 115498K (74%)
----------------- Invoking toplevel() on ptolemy.moml.MoMLSimpleApplication@6efd413e
----------------- Done invoking toplevel() on ptolemy.moml.MoMLSimpleApplication@6efd413e
reloadAllAccessors: .SequenceToMatrix

===========================================================================================
----------------- testing Sun Aug 23 15:50:28 UTC 2020 /home/travis/build/icyphy/ptII/ptolemy/domains/sdf/lib/test/auto/SmoothedPeriodogram.xml
----------------- Instantiating /home/travis/build/icyphy/ptII/ptolemy/domains/sdf/lib/test/auto/SmoothedPeriodogram.xml
17 ms. Memory: 156672K Free: 100138K (64%)
----------------- Invoking toplevel() on ptolemy.moml.MoMLSimpleApplication@2531c935
----------------- Done invoking toplevel() on ptolemy.moml.MoMLSimpleApplication@2531c935
reloadAllAccessors: .SmoothedPeriodogram

===========================================================================================
----------------- testing Sun Aug 23 15:50:28 UTC 2020 /home/travis/build/icyphy/ptII/ptolemy/domains/sdf/lib/test/auto/UpDownSample1.xml
----------------- Instantiating /home/travis/build/icyphy/ptII/ptolemy/domains/sdf/lib/test/auto/UpDownSample1.xml
3 ms. Memory: 156672K Free: 96042K (61%)
----------------- Invoking toplevel() on ptolemy.moml.MoMLSimpleApplication@514180ec
----------------- Done invoking toplevel() on ptolemy.moml.MoMLSimpleApplication@514180ec
reloadAllAccessors: .UpDownSample1

===========================================================================================
----------------- testing Sun Aug 23 15:50:28 UTC 2020 /home/travis/build/icyphy/ptII/ptolemy/domains/sdf/lib/test/auto/UpSample1.xml
----------------- Instantiating /home/travis/build/icyphy/ptII/ptolemy/domains/sdf/lib/test/auto/UpSample1.xml
2 ms. Memory: 156672K Free: 92460K (59%)
----------------- Invoking toplevel() on ptolemy.moml.MoMLSimpleApplication@1eb92a30
----------------- Done invoking toplevel() on ptolemy.moml.MoMLSimpleApplication@1eb92a30
reloadAllAccessors: .UpSample1

===========================================================================================
----------------- testing Sun Aug 23 15:50:28 UTC 2020 /home/travis/build/icyphy/ptII/ptolemy/domains/sdf/lib/test/auto/VariableFIR.xml
----------------- Instantiating /home/travis/build/icyphy/ptII/ptolemy/domains/sdf/lib/test/auto/VariableFIR.xml
3 ms. Memory: 156672K Free: 87340K (56%)
----------------- Invoking toplevel() on ptolemy.moml.MoMLSimpleApplication@2b260b09
----------------- Done invoking toplevel() on ptolemy.moml.MoMLSimpleApplication@2b260b09
reloadAllAccessors: .VariableFIR

===========================================================================================
----------------- testing Sun Aug 23 15:50:28 UTC 2020 /home/travis/build/icyphy/ptII/ptolemy/domains/sdf/lib/test/auto/VariableFIR2.xml
----------------- Instantiating /home/travis/build/icyphy/ptII/ptolemy/domains/sdf/lib/test/auto/VariableFIR2.xml
3 ms. Memory: 156672K Free: 82220K (52%)
----------------- Invoking toplevel() on ptolemy.moml.MoMLSimpleApplication@471be808
----------------- Done invoking toplevel() on ptolemy.moml.MoMLSimpleApplication@471be808
reloadAllAccessors: .VariableFIR2

===========================================================================================
----------------- testing Sun Aug 23 15:50:28 UTC 2020 /home/travis/build/icyphy/ptII/ptolemy/domains/sdf/lib/test/auto/VariableLattice.xml
----------------- Instantiating /home/travis/build/icyphy/ptII/ptolemy/domains/sdf/lib/test/auto/VariableLattice.xml
4 ms. Memory: 156672K Free: 76076K (49%)
----------------- Invoking toplevel() on ptolemy.moml.MoMLSimpleApplication@7cec2da
----------------- Done invoking toplevel() on ptolemy.moml.MoMLSimpleApplication@7cec2da
reloadAllAccessors: .VariableLattice

===========================================================================================
----------------- testing Sun Aug 23 15:50:28 UTC 2020 /home/travis/build/icyphy/ptII/ptolemy/domains/sdf/lib/test/auto/VariableLattice2.xml
----------------- Instantiating /home/travis/build/icyphy/ptII/ptolemy/domains/sdf/lib/test/auto/VariableLattice2.xml
1.0
-1.999999602036
1.9099998677481
-0.9099996420674
0.205
0.0
0.0
1.0
-0.25
-0.5
0.0
0.0
0.0
0.0
4 ms. Memory: 156672K Free: 71466K (46%)
----------------- Invoking toplevel() on ptolemy.moml.MoMLSimpleApplication@60988398
----------------- Done invoking toplevel() on ptolemy.moml.MoMLSimpleApplication@60988398
reloadAllAccessors: .VariableLattice2

===========================================================================================
----------------- testing Sun Aug 23 15:50:28 UTC 2020 /home/travis/build/icyphy/ptII/ptolemy/domains/sdf/lib/test/auto/VariableRecursiveLattice.xml
----------------- Instantiating /home/travis/build/icyphy/ptII/ptolemy/domains/sdf/lib/test/auto/VariableRecursiveLattice.xml
2 ms. Memory: 156672K Free: 66860K (43%)
----------------- Invoking toplevel() on ptolemy.moml.MoMLSimpleApplication@731a0779
----------------- Done invoking toplevel() on ptolemy.moml.MoMLSimpleApplication@731a0779
reloadAllAccessors: .VariableRecursiveLattice

===========================================================================================
----------------- testing Sun Aug 23 15:50:28 UTC 2020 /home/travis/build/icyphy/ptII/ptolemy/domains/sdf/lib/test/auto/VariableRecursiveLattice2.xml
----------------- Instantiating /home/travis/build/icyphy/ptII/ptolemy/domains/sdf/lib/test/auto/VariableRecursiveLattice2.xml
3 ms. Memory: 156672K Free: 62250K (40%)
----------------- Invoking toplevel() on ptolemy.moml.MoMLSimpleApplication@7fa4871
----------------- Done invoking toplevel() on ptolemy.moml.MoMLSimpleApplication@7fa4871
reloadAllAccessors: .VariableRecursiveLattice2
AutoTests.java: About to close Vertx.
AutoTests.java: Vertx closed.
]]></system-out>
  <system-err><![CDATA[]]></system-err>
</testsuite>
