<?xml version="1.0" encoding="UTF-8" ?>
<testsuite errors="0" failures="0" hostname="travis-job-acfd007f-28e2-484a-835e-73d25a918b1e" name="ptolemy.domains.de.test.junit.JUnitTclTest" skipped="0" tests="101" time="131.962" timestamp="2019-11-05T06:09:43">
  <properties>
[...]
</properties>
  <testcase classname="ptolemy.util.test.junit.TclTests" name="[0] /home/travis/build/icyphy/ptII/ptolemy/domains/de/test/DependencyLoop.tcl (RunTclFile)" time="1.12" />
  <testcase classname="ptolemy.util.test.junit.TclTests" name="[1] /home/travis/build/icyphy/ptII/ptolemy/domains/de/test/RunDETestsAsQSS.tcl (RunTclFile)" time="89.455" />
  <testcase classname="ptolemy.util.test.junit.AutoKnownFailedTests" name="[0] /home/travis/build/icyphy/ptII/ptolemy/domains/de/test/auto/knownFailedTests/DESDFClockTest.xml (RunModel)" time="2.069" />
  <testcase classname="ptolemy.util.test.junit.AutoKnownFailedTests" name="[1] /home/travis/build/icyphy/ptII/ptolemy/domains/de/test/auto/knownFailedTests/DirectFeedback.xml (RunModel)" time="0.023" />
  <testcase classname="ptolemy.util.test.junit.AutoKnownFailedTests" name="[2] /home/travis/build/icyphy/ptII/ptolemy/domains/de/test/auto/knownFailedTests/FSMSource.xml (RunModel)" time="0.035" />
  <testcase classname="ptolemy.util.test.junit.AutoKnownFailedTests" name="[3] /home/travis/build/icyphy/ptII/ptolemy/domains/de/test/auto/knownFailedTests/HierarchicalModel.xml (RunModel)" time="0.047" />
  <testcase classname="ptolemy.util.test.junit.AutoKnownFailedTests" name="[4] /home/travis/build/icyphy/ptII/ptolemy/domains/de/test/auto/knownFailedTests/dependencyLoop.xml (RunModel)" time="0.054" />
  <testcase classname="ptolemy.util.test.junit.AutoKnownFailedTests" name="[5] /home/travis/build/icyphy/ptII/ptolemy/domains/de/test/auto/knownFailedTests/dependencyLoop2.xml (RunModel)" time="0.039" />
  <testcase classname="ptolemy.util.test.junit.AutoNameArchTests" name="[0] ThereAreNoAutoArchTests (RunModel)" time="0.001" />
  <testcase classname="ptolemy.util.test.junit.AutoTests" name="[0] /home/travis/build/icyphy/ptII/ptolemy/domains/de/test/auto/ActorDepthCalculation_actorWithoutPorts.xml (RunModel)" time="0.025" />
  <testcase classname="ptolemy.util.test.junit.AutoTests" name="[1] /home/travis/build/icyphy/ptII/ptolemy/domains/de/test/auto/AssemblyLine.xml (RunModel)" time="0.03" />
  <testcase classname="ptolemy.util.test.junit.AutoTests" name="[2] /home/travis/build/icyphy/ptII/ptolemy/domains/de/test/auto/CQBug1.xml (RunModel)" time="0.012" />
  <testcase classname="ptolemy.util.test.junit.AutoTests" name="[3] /home/travis/build/icyphy/ptII/ptolemy/domains/de/test/auto/CancelFireAt.xml (RunModel)" time="0.02" />
  <testcase classname="ptolemy.util.test.junit.AutoTests" name="[4] /home/travis/build/icyphy/ptII/ptolemy/domains/de/test/auto/CausalityAndComposabilityAnalysis.xml (RunModel)" time="0.018" />
  <testcase classname="ptolemy.util.test.junit.AutoTests" name="[5] /home/travis/build/icyphy/ptII/ptolemy/domains/de/test/auto/CausalityInterface1.xml (RunModel)" time="0.014" />
  <testcase classname="ptolemy.util.test.junit.AutoTests" name="[6] /home/travis/build/icyphy/ptII/ptolemy/domains/de/test/auto/CausalityInterface15.xml (RunModel)" time="0.015" />
  <testcase classname="ptolemy.util.test.junit.AutoTests" name="[7] /home/travis/build/icyphy/ptII/ptolemy/domains/de/test/auto/CausalityInterface2.xml (RunModel)" time="0.019" />
  <testcase classname="ptolemy.util.test.junit.AutoTests" name="[8] /home/travis/build/icyphy/ptII/ptolemy/domains/de/test/auto/CausalityInterface3.xml (RunModel)" time="0.014" />
  <testcase classname="ptolemy.util.test.junit.AutoTests" name="[9] /home/travis/build/icyphy/ptII/ptolemy/domains/de/test/auto/ClockDrift.xml (RunModel)" time="0.037" />
  <testcase classname="ptolemy.util.test.junit.AutoTests" name="[10] /home/travis/build/icyphy/ptII/ptolemy/domains/de/test/auto/ClockDriftAndValueChange.xml (RunModel)" time="0.035" />
  <testcase classname="ptolemy.util.test.junit.AutoTests" name="[11] /home/travis/build/icyphy/ptII/ptolemy/domains/de/test/auto/ClockDriftChange.xml (RunModel)" time="0.027" />
  <testcase classname="ptolemy.util.test.junit.AutoTests" name="[12] /home/travis/build/icyphy/ptII/ptolemy/domains/de/test/auto/ComposableCausalityAnalysis.xml (RunModel)" time="0.013" />
  <testcase classname="ptolemy.util.test.junit.AutoTests" name="[13] /home/travis/build/icyphy/ptII/ptolemy/domains/de/test/auto/DEFixedPointLimitation.xml (RunModel)" time="0.009" />
  <testcase classname="ptolemy.util.test.junit.AutoTests" name="[14] /home/travis/build/icyphy/ptII/ptolemy/domains/de/test/auto/DEScheduleTest.xml (RunModel)" time="0.017" />
  <testcase classname="ptolemy.util.test.junit.AutoTests" name="[15] /home/travis/build/icyphy/ptII/ptolemy/domains/de/test/auto/DEinDEwithStartTimes.xml (RunModel)" time="0.014" />
  <testcase classname="ptolemy.util.test.junit.AutoTests" name="[16] /home/travis/build/icyphy/ptII/ptolemy/domains/de/test/auto/DEinDEwithStartTimes2.xml (RunModel)" time="0.019" />
  <testcase classname="ptolemy.util.test.junit.AutoTests" name="[17] /home/travis/build/icyphy/ptII/ptolemy/domains/de/test/auto/DateDemo.xml (RunModel)" time="0.031" />
  <testcase classname="ptolemy.util.test.junit.AutoTests" name="[18] /home/travis/build/icyphy/ptII/ptolemy/domains/de/test/auto/DateToEvent.xml (RunModel)" time="2.039" />
  <testcase classname="ptolemy.util.test.junit.AutoTests" name="[19] /home/travis/build/icyphy/ptII/ptolemy/domains/de/test/auto/DepthTest1.xml (RunModel)" time="0.013" />
  <testcase classname="ptolemy.util.test.junit.AutoTests" name="[20] /home/travis/build/icyphy/ptII/ptolemy/domains/de/test/auto/DepthTest2.xml (RunModel)" time="0.023" />
  <testcase classname="ptolemy.util.test.junit.AutoTests" name="[21] /home/travis/build/icyphy/ptII/ptolemy/domains/de/test/auto/DepthTest3.xml (RunModel)" time="0.01" />
  <testcase classname="ptolemy.util.test.junit.AutoTests" name="[22] /home/travis/build/icyphy/ptII/ptolemy/domains/de/test/auto/DepthTest4.xml (RunModel)" time="0.032" />
  <testcase classname="ptolemy.util.test.junit.AutoTests" name="[23] /home/travis/build/icyphy/ptII/ptolemy/domains/de/test/auto/DepthTest5.xml (RunModel)" time="0.017" />
  <testcase classname="ptolemy.util.test.junit.AutoTests" name="[24] /home/travis/build/icyphy/ptII/ptolemy/domains/de/test/auto/DepthTest6.xml (RunModel)" time="0.015" />
  <testcase classname="ptolemy.util.test.junit.AutoTests" name="[25] /home/travis/build/icyphy/ptII/ptolemy/domains/de/test/auto/DepthTest7.xml (RunModel)" time="0.019" />
  <testcase classname="ptolemy.util.test.junit.AutoTests" name="[26] /home/travis/build/icyphy/ptII/ptolemy/domains/de/test/auto/EventToDate.xml (RunModel)" time="3.05" />
  <testcase classname="ptolemy.util.test.junit.AutoTests" name="[27] /home/travis/build/icyphy/ptII/ptolemy/domains/de/test/auto/FSM1.xml (RunModel)" time="0.048" />
  <testcase classname="ptolemy.util.test.junit.AutoTests" name="[28] /home/travis/build/icyphy/ptII/ptolemy/domains/de/test/auto/FSM7.xml (RunModel)" time="0.049" />
  <testcase classname="ptolemy.util.test.junit.AutoTests" name="[29] /home/travis/build/icyphy/ptII/ptolemy/domains/de/test/auto/Inspection.xml (RunModel)" time="0.052" />
  <testcase classname="ptolemy.util.test.junit.AutoTests" name="[30] /home/travis/build/icyphy/ptII/ptolemy/domains/de/test/auto/Iteration.xml (RunModel)" time="0.033" />
  <testcase classname="ptolemy.util.test.junit.AutoTests" name="[31] /home/travis/build/icyphy/ptII/ptolemy/domains/de/test/auto/LineFault.xml (RunModel)" time="0.596" />
  <testcase classname="ptolemy.util.test.junit.AutoTests" name="[32] /home/travis/build/icyphy/ptII/ptolemy/domains/de/test/auto/MergeModel1Add.xml (RunModel)" time="0.049" />
  <testcase classname="ptolemy.util.test.junit.AutoTests" name="[33] /home/travis/build/icyphy/ptII/ptolemy/domains/de/test/auto/MergeModel2Add.xml (RunModel)" time="0.036" />
  <testcase classname="ptolemy.util.test.junit.AutoTests" name="[34] /home/travis/build/icyphy/ptII/ptolemy/domains/de/test/auto/MergeModel3Add.xml (RunModel)" time="0.051" />
  <testcase classname="ptolemy.util.test.junit.AutoTests" name="[35] /home/travis/build/icyphy/ptII/ptolemy/domains/de/test/auto/MergeWithoutDiscard.xml (RunModel)" time="0.01" />
  <testcase classname="ptolemy.util.test.junit.AutoTests" name="[36] /home/travis/build/icyphy/ptII/ptolemy/domains/de/test/auto/Modal1.xml (RunModel)" time="0.027" />
  <testcase classname="ptolemy.util.test.junit.AutoTests" name="[37] /home/travis/build/icyphy/ptII/ptolemy/domains/de/test/auto/Modal2.xml (RunModel)" time="0.035" />
  <testcase classname="ptolemy.util.test.junit.AutoTests" name="[38] /home/travis/build/icyphy/ptII/ptolemy/domains/de/test/auto/Modal3.xml (RunModel)" time="0.033" />
  <testcase classname="ptolemy.util.test.junit.AutoTests" name="[39] /home/travis/build/icyphy/ptII/ptolemy/domains/de/test/auto/Modal4.xml (RunModel)" time="0.033" />
  <testcase classname="ptolemy.util.test.junit.AutoTests" name="[40] /home/travis/build/icyphy/ptII/ptolemy/domains/de/test/auto/Modal5.xml (RunModel)" time="0.031" />
  <testcase classname="ptolemy.util.test.junit.AutoTests" name="[41] /home/travis/build/icyphy/ptII/ptolemy/domains/de/test/auto/Modal6.xml (RunModel)" time="0.031" />
  <testcase classname="ptolemy.util.test.junit.AutoTests" name="[42] /home/travis/build/icyphy/ptII/ptolemy/domains/de/test/auto/Modal7.xml (RunModel)" time="0.033" />
  <testcase classname="ptolemy.util.test.junit.AutoTests" name="[43] /home/travis/build/icyphy/ptII/ptolemy/domains/de/test/auto/ModalModel.xml (RunModel)" time="0.175" />
  <testcase classname="ptolemy.util.test.junit.AutoTests" name="[44] /home/travis/build/icyphy/ptII/ptolemy/domains/de/test/auto/ModalSource.xml (RunModel)" time="0.025" />
  <testcase classname="ptolemy.util.test.junit.AutoTests" name="[45] /home/travis/build/icyphy/ptII/ptolemy/domains/de/test/auto/NonInterruptibleTimerZeroDelay.xml (RunModel)" time="0.011" />
  <testcase classname="ptolemy.util.test.junit.AutoTests" name="[46] /home/travis/build/icyphy/ptII/ptolemy/domains/de/test/auto/OpenQueueingNetwork.xml (RunModel)" time="2.425" />
  <testcase classname="ptolemy.util.test.junit.AutoTests" name="[47] /home/travis/build/icyphy/ptII/ptolemy/domains/de/test/auto/OpenQueuingNetwork.xml (RunModel)" time="0.291" />
  <testcase classname="ptolemy.util.test.junit.AutoTests" name="[48] /home/travis/build/icyphy/ptII/ptolemy/domains/de/test/auto/PeriodicSampler.xml (RunModel)" time="0.016" />
  <testcase classname="ptolemy.util.test.junit.AutoTests" name="[49] /home/travis/build/icyphy/ptII/ptolemy/domains/de/test/auto/PersistentIO.xml (RunModel)" time="0.029" />
  <testcase classname="ptolemy.util.test.junit.AutoTests" name="[50] /home/travis/build/icyphy/ptII/ptolemy/domains/de/test/auto/PortParameterResetOnInitialize.xml (RunModel)" time="0.01" />
  <testcase classname="ptolemy.util.test.junit.AutoTests" name="[51] /home/travis/build/icyphy/ptII/ptolemy/domains/de/test/auto/PortParameterUpdates.xml (RunModel)" time="0.012" />
  <testcase classname="ptolemy.util.test.junit.AutoTests" name="[52] /home/travis/build/icyphy/ptII/ptolemy/domains/de/test/auto/QueueAndServer.xml (RunModel)" time="0.018" />
  <testcase classname="ptolemy.util.test.junit.AutoTests" name="[53] /home/travis/build/icyphy/ptII/ptolemy/domains/de/test/auto/Records.xml (RunModel)" time="0.013" />
  <testcase classname="ptolemy.util.test.junit.AutoTests" name="[54] /home/travis/build/icyphy/ptII/ptolemy/domains/de/test/auto/ResetTransitionWithStartTime1.xml (RunModel)" time="0.015" />
  <testcase classname="ptolemy.util.test.junit.AutoTests" name="[55] /home/travis/build/icyphy/ptII/ptolemy/domains/de/test/auto/ResetTransitionWithStartTime2.xml (RunModel)" time="0.018" />
  <testcase classname="ptolemy.util.test.junit.AutoTests" name="[56] /home/travis/build/icyphy/ptII/ptolemy/domains/de/test/auto/ResetTransitionWithStartTime3.xml (RunModel)" time="0.018" />
  <testcase classname="ptolemy.util.test.junit.AutoTests" name="[57] /home/travis/build/icyphy/ptII/ptolemy/domains/de/test/auto/ResetTransitionWithStartTime4.xml (RunModel)" time="0.017" />
  <testcase classname="ptolemy.util.test.junit.AutoTests" name="[58] /home/travis/build/icyphy/ptII/ptolemy/domains/de/test/auto/ResettableTimer1.xml (RunModel)" time="0.015" />
  <testcase classname="ptolemy.util.test.junit.AutoTests" name="[59] /home/travis/build/icyphy/ptII/ptolemy/domains/de/test/auto/ResettableTimer2.xml (RunModel)" time="0.008" />
  <testcase classname="ptolemy.util.test.junit.AutoTests" name="[60] /home/travis/build/icyphy/ptII/ptolemy/domains/de/test/auto/ResettableTimer3.xml (RunModel)" time="0.007" />
  <testcase classname="ptolemy.util.test.junit.AutoTests" name="[61] /home/travis/build/icyphy/ptII/ptolemy/domains/de/test/auto/ResettableTimer4.xml (RunModel)" time="0.008" />
  <testcase classname="ptolemy.util.test.junit.AutoTests" name="[62] /home/travis/build/icyphy/ptII/ptolemy/domains/de/test/auto/ResettableTimer5.xml (RunModel)" time="0.008" />
  <testcase classname="ptolemy.util.test.junit.AutoTests" name="[63] /home/travis/build/icyphy/ptII/ptolemy/domains/de/test/auto/ResettableTimer6.xml (RunModel)" time="0.015" />
  <testcase classname="ptolemy.util.test.junit.AutoTests" name="[64] /home/travis/build/icyphy/ptII/ptolemy/domains/de/test/auto/ServerZeroDelay.xml (RunModel)" time="0.009" />
  <testcase classname="ptolemy.util.test.junit.AutoTests" name="[65] /home/travis/build/icyphy/ptII/ptolemy/domains/de/test/auto/SmartSender.xml (RunModel)" time="3.007" />
  <testcase classname="ptolemy.util.test.junit.AutoTests" name="[66] /home/travis/build/icyphy/ptII/ptolemy/domains/de/test/auto/ThreadedComposite.xml (RunModel)" time="0.129" />
  <testcase classname="ptolemy.util.test.junit.AutoTests" name="[67] /home/travis/build/icyphy/ptII/ptolemy/domains/de/test/auto/Time.xml (RunModel)" time="0.461" />
  <testcase classname="ptolemy.util.test.junit.AutoTests" name="[68] /home/travis/build/icyphy/ptII/ptolemy/domains/de/test/auto/TimeDelayZeroDelay.xml (RunModel)" time="0.016" />
  <testcase classname="ptolemy.util.test.junit.AutoTests" name="[69] /home/travis/build/icyphy/ptII/ptolemy/domains/de/test/auto/TimerZeroDelay.xml (RunModel)" time="0.012" />
  <testcase classname="ptolemy.util.test.junit.AutoTests" name="[70] /home/travis/build/icyphy/ptII/ptolemy/domains/de/test/auto/TimingParadox.xml (RunModel)" time="0.35" />
  <testcase classname="ptolemy.util.test.junit.AutoTests" name="[71] /home/travis/build/icyphy/ptII/ptolemy/domains/de/test/auto/TransferInputs.xml (RunModel)" time="0.02" />
  <testcase classname="ptolemy.util.test.junit.AutoTests" name="[72] /home/travis/build/icyphy/ptII/ptolemy/domains/de/test/auto/TransferOutputs2.xml (RunModel)" time="0.014" />
  <testcase classname="ptolemy.util.test.junit.AutoTests" name="[73] /home/travis/build/icyphy/ptII/ptolemy/domains/de/test/auto/Trilateration.xml (RunModel)" time="12.561" />
  <testcase classname="ptolemy.util.test.junit.AutoTests" name="[74] /home/travis/build/icyphy/ptII/ptolemy/domains/de/test/auto/TwoSigmaDelta.xml (RunModel)" time="2.058" />
  <testcase classname="ptolemy.util.test.junit.AutoTests" name="[75] /home/travis/build/icyphy/ptII/ptolemy/domains/de/test/auto/VariableDelay.xml (RunModel)" time="0.011" />
  <testcase classname="ptolemy.util.test.junit.AutoTests" name="[76] /home/travis/build/icyphy/ptII/ptolemy/domains/de/test/auto/VariableDelay2.xml (RunModel)" time="0.009" />
  <testcase classname="ptolemy.util.test.junit.AutoTests" name="[77] /home/travis/build/icyphy/ptII/ptolemy/domains/de/test/auto/VariableDelayZeroDelay.xml (RunModel)" time="0.017" />
  <testcase classname="ptolemy.util.test.junit.AutoTests" name="[78] /home/travis/build/icyphy/ptII/ptolemy/domains/de/test/auto/VariableDelayZeroDelay2.xml (RunModel)" time="0.01" />
  <testcase classname="ptolemy.util.test.junit.AutoTests" name="[79] /home/travis/build/icyphy/ptII/ptolemy/domains/de/test/auto/deInCt.xml (RunModel)" time="0.013" />
  <testcase classname="ptolemy.util.test.junit.AutoTests" name="[80] /home/travis/build/icyphy/ptII/ptolemy/domains/de/test/auto/deInCt2.xml (RunModel)" time="0.015" />
  <testcase classname="ptolemy.util.test.junit.AutoTests" name="[81] /home/travis/build/icyphy/ptII/ptolemy/domains/de/test/auto/dynamicCausalityInterface1.xml (RunModel)" time="0.017" />
  <testcase classname="ptolemy.util.test.junit.AutoTests" name="[82] /home/travis/build/icyphy/ptII/ptolemy/domains/de/test/auto/fsm_de_test.xml (RunModel)" time="0.02" />
  <testcase classname="ptolemy.util.test.junit.AutoTests" name="[83] /home/travis/build/icyphy/ptII/ptolemy/domains/de/test/auto/functionDependencyReconstruction.xml (RunModel)" time="0.027" />
  <testcase classname="ptolemy.util.test.junit.AutoTests" name="[84] /home/travis/build/icyphy/ptII/ptolemy/domains/de/test/auto/multirate.xml (RunModel)" time="0.013" />
  <testcase classname="ptolemy.util.test.junit.AutoTests" name="[85] /home/travis/build/icyphy/ptII/ptolemy/domains/de/test/auto/multirate2.xml (RunModel)" time="0.015" />
  <testcase classname="ptolemy.util.test.junit.AutoTests" name="[86] /home/travis/build/icyphy/ptII/ptolemy/domains/de/test/auto/realtime.xml (RunModel)" time="10.01" />
  <testcase classname="ptolemy.util.test.junit.AutoTests" name="[87] /home/travis/build/icyphy/ptII/ptolemy/domains/de/test/auto/relationGroup.xml (RunModel)" time="0.009" />
  <testcase classname="ptolemy.util.test.junit.AutoTests" name="[88] /home/travis/build/icyphy/ptII/ptolemy/domains/de/test/auto/relationGroup2.xml (RunModel)" time="0.008" />
  <testcase classname="ptolemy.util.test.junit.AutoTests" name="[89] /home/travis/build/icyphy/ptII/ptolemy/domains/de/test/auto/sortWithOpaquePorts.xml (RunModel)" time="0.008" />
  <testcase classname="ptolemy.util.test.junit.AutoTests" name="[90] /home/travis/build/icyphy/ptII/ptolemy/domains/de/test/auto/transferInputsandOutputs.xml (RunModel)" time="0.014" />
  <testcase classname="ptolemy.util.test.junit.AutoTests" name="[91] /home/travis/build/icyphy/ptII/ptolemy/domains/de/test/auto/triggerType.xml (RunModel)" time="0.016" />
  <system-out><![CDATA[/home/travis/build/icyphy/ptII/ptolemy/domains/de/test/DependencyLoop.tcl
testDefs.tcl: setting time out to 9000 seconds at Tue Nov 05 06:09:43 UTC 2019
78 ms. Memory: 120832K Free: 72132K (60%)
21 ms. Memory: 120832K Free: 54709K (45%)
/home/travis/build/icyphy/ptII/ptolemy/domains/de/test/RunDETestsAsQSS.tcl
Run the DE tests using ptolemy.domains.qss.test.QSSDirectorTest, which extends QSSDirector and prints a message in the constructors.
------------------ testing $PTII/ptolemy/domains/de/test/auto/knownFailedTests/DirectFeedback.xml (Known Failure) 
63 ms. Memory: 120832K Free: 49094K (41%)


==== $PTIIhome/travis/build/icyphy/ptII/ptolemy/domains/de/test/../../../../: Auto Automatic test in file $PTII/ptolemy/domains/de/test/auto/knownFailedTests/DirectFeedback.xml
==== Contents of test case:

	    # FIXME: we should use $relativeFilename here, but it
	    # might have backslashes under Windows, which causes no end
	    # of trouble.
	    createAndExecute $file
	    list {}
	
.... Test generated KNOWN error:
    while executing
ptolemy.kernel.util.IllegalActionException: Test fails in iteration 1.
Value was: 1.0. Should have been: 2.0
  in .DirectFeedback.Test
	at ptolemy.actor.lib.Test.fire(Test.java:268)
	at ptolemy.domains.de.kernel.DEDirector._fire(DEDirector.java:1949)
	at ptolemy.domains.de.kernel.DEDirector.fire(DEDirector.java:502)
	at ptolemy.actor.CompositeActor.fire(CompositeActor.java:455)
	at ptolemy.actor.Manager.iterate(Manager.java:851)
	at ptolemy.actor.Manager.execute(Manager.java:369)
	at ptolemy.actor.Manager.run(Manager.java:1263)
	at ptolemy.actor.Manager$PtolemyRunThread.run(Manager.java:1933)

    while executing
ptolemy.kernel.util.IllegalActionException: Test fails in iteration 1.
Value was: 1.0. Should have been: 2.0
  in .DirectFeedback.Test
    while executing
"java::new ptolemy.moml.MoMLSimpleApplication $file
"
    (procedure "createAndExecute" line 2)
    invoked from within
"createAndExecute $file"
    ("uplevel" body line 5)
    invoked from within
"uplevel $contents_of_test"
------------------ testing $PTII/ptolemy/domains/de/test/auto/knownFailedTests/dependencyLoop.xml (Known Failure) 
19 ms. Memory: 120832K Free: 46022K (38%)


==== $PTIIhome/travis/build/icyphy/ptII/ptolemy/domains/de/test/../../../../: Auto Automatic test in file $PTII/ptolemy/domains/de/test/auto/knownFailedTests/dependencyLoop.xml
==== Contents of test case:

	    # FIXME: we should use $relativeFilename here, but it
	    # might have backslashes under Windows, which causes no end
	    # of trouble.
	    createAndExecute $file
	    list {}
	
.... Test generated KNOWN error:
    while executing
ptolemy.kernel.util.IllegalActionException: Found a zero delay loop containing .dependencyLoop.original
  in .dependencyLoop and .dependencyLoop.original
	at ptolemy.actor.util.CausalityInterfaceForComposites._computeOutputPortDepth(CausalityInterfaceForComposites.java:759)
	at ptolemy.actor.util.CausalityInterfaceForComposites._computeInputDepth(CausalityInterfaceForComposites.java:696)
	at ptolemy.actor.util.CausalityInterfaceForComposites._computeOutputPortDepth(CausalityInterfaceForComposites.java:765)
	at ptolemy.actor.util.CausalityInterfaceForComposites._computeInputDepth(CausalityInterfaceForComposites.java:696)
	at ptolemy.actor.util.CausalityInterfaceForComposites._computeOutputPortDepth(CausalityInterfaceForComposites.java:765)
	at ptolemy.actor.util.CausalityInterfaceForComposites._computeInputDepth(CausalityInterfaceForComposites.java:696)
	at ptolemy.actor.util.CausalityInterfaceForComposites._computeActorDepth(CausalityInterfaceForComposites.java:532)
	at ptolemy.actor.util.CausalityInterfaceForComposites.checkForCycles(CausalityInterfaceForComposites.java:96)
	at ptolemy.domains.de.kernel.DEDirector.preinitialize(DEDirector.java:1338)
	at ptolemy.actor.CompositeActor.preinitialize(CompositeActor.java:1828)
	at ptolemy.actor.Manager.preinitializeAndResolveTypes(Manager.java:1040)
	at ptolemy.actor.Manager.initialize(Manager.java:710)
	at ptolemy.actor.Manager.execute(Manager.java:356)
	at ptolemy.actor.Manager.run(Manager.java:1263)
	at ptolemy.actor.Manager$PtolemyRunThread.run(Manager.java:1933)

    while executing
ptolemy.kernel.util.IllegalActionException: Found a zero delay loop containing .dependencyLoop.original
  in .dependencyLoop and .dependencyLoop.original
    while executing
"java::new ptolemy.moml.MoMLSimpleApplication $file
"
    (procedure "createAndExecute" line 2)
    invoked from within
"createAndExecute $file"
    ("uplevel" body line 5)
    invoked from within
"uplevel $contents_of_test"
------------------ testing $PTII/ptolemy/domains/de/test/auto/knownFailedTests/FSMSource.xml (Known Failure) 
76 ms. Memory: 120832K Free: 99502K (82%)
!!!! Auto was marked as failing, but now passes
------------------ testing $PTII/ptolemy/domains/de/test/auto/knownFailedTests/HierarchicalModel.xml (Known Failure) 
6 ms. Memory: 120832K Free: 82070K (68%)


==== $PTIIhome/travis/build/icyphy/ptII/ptolemy/domains/de/test/../../../../: Auto Automatic test in file $PTII/ptolemy/domains/de/test/auto/knownFailedTests/HierarchicalModel.xml
==== Contents of test case:

	    # FIXME: we should use $relativeFilename here, but it
	    # might have backslashes under Windows, which causes no end
	    # of trouble.
	    createAndExecute $file
	    list {}
	
.... Test generated KNOWN error:
    while executing
ptolemy.kernel.util.IllegalActionException: Found a zero delay loop containing .HierarchicalModel.A
  in .HierarchicalModel and .HierarchicalModel.A
	at ptolemy.actor.util.CausalityInterfaceForComposites._computeOutputPortDepth(CausalityInterfaceForComposites.java:759)
	at ptolemy.actor.util.CausalityInterfaceForComposites._computeInputDepth(CausalityInterfaceForComposites.java:696)
	at ptolemy.actor.util.CausalityInterfaceForComposites._computeOutputPortDepth(CausalityInterfaceForComposites.java:765)
	at ptolemy.actor.util.CausalityInterfaceForComposites._computeInputDepth(CausalityInterfaceForComposites.java:696)
	at ptolemy.actor.util.CausalityInterfaceForComposites._computeOutputPortDepth(CausalityInterfaceForComposites.java:765)
	at ptolemy.actor.util.CausalityInterfaceForComposites._computeInputDepth(CausalityInterfaceForComposites.java:696)
	at ptolemy.actor.util.CausalityInterfaceForComposites._computeActorDepth(CausalityInterfaceForComposites.java:532)
	at ptolemy.actor.util.CausalityInterfaceForComposites.checkForCycles(CausalityInterfaceForComposites.java:96)
	at ptolemy.domains.de.kernel.DEDirector.preinitialize(DEDirector.java:1338)
	at ptolemy.actor.CompositeActor.preinitialize(CompositeActor.java:1828)
	at ptolemy.actor.Manager.preinitializeAndResolveTypes(Manager.java:1040)
	at ptolemy.actor.Manager.initialize(Manager.java:710)
	at ptolemy.actor.Manager.execute(Manager.java:356)
	at ptolemy.actor.Manager.run(Manager.java:1263)
	at ptolemy.actor.Manager$PtolemyRunThread.run(Manager.java:1933)

    while executing
ptolemy.kernel.util.IllegalActionException: Found a zero delay loop containing .HierarchicalModel.A
  in .HierarchicalModel and .HierarchicalModel.A
    while executing
"java::new ptolemy.moml.MoMLSimpleApplication $file
"
    (procedure "createAndExecute" line 2)
    invoked from within
"createAndExecute $file"
    ("uplevel" body line 5)
    invoked from within
"uplevel $contents_of_test"
------------------ testing $PTII/ptolemy/domains/de/test/auto/knownFailedTests/dependencyLoop2.xml (Known Failure) 
11 ms. Memory: 120832K Free: 66141K (55%)


==== $PTIIhome/travis/build/icyphy/ptII/ptolemy/domains/de/test/../../../../: Auto Automatic test in file $PTII/ptolemy/domains/de/test/auto/knownFailedTests/dependencyLoop2.xml
==== Contents of test case:

	    # FIXME: we should use $relativeFilename here, but it
	    # might have backslashes under Windows, which causes no end
	    # of trouble.
	    createAndExecute $file
	    list {}
	
.... Test generated KNOWN error:
    while executing
ptolemy.kernel.util.IllegalActionException: Found a zero delay loop containing .dependencyLoop2.original
  in .dependencyLoop2 and .dependencyLoop2.original
	at ptolemy.actor.util.CausalityInterfaceForComposites._computeOutputPortDepth(CausalityInterfaceForComposites.java:759)
	at ptolemy.actor.util.CausalityInterfaceForComposites._computeInputDepth(CausalityInterfaceForComposites.java:696)
	at ptolemy.actor.util.CausalityInterfaceForComposites._computeOutputPortDepth(CausalityInterfaceForComposites.java:765)
	at ptolemy.actor.util.CausalityInterfaceForComposites._computeInputDepth(CausalityInterfaceForComposites.java:696)
	at ptolemy.actor.util.CausalityInterfaceForComposites._computeOutputPortDepth(CausalityInterfaceForComposites.java:765)
	at ptolemy.actor.util.CausalityInterfaceForComposites._computeInputDepth(CausalityInterfaceForComposites.java:696)
	at ptolemy.actor.util.CausalityInterfaceForComposites._computeActorDepth(CausalityInterfaceForComposites.java:532)
	at ptolemy.actor.util.CausalityInterfaceForComposites.checkForCycles(CausalityInterfaceForComposites.java:96)
	at ptolemy.domains.de.kernel.DEDirector.preinitialize(DEDirector.java:1338)
	at ptolemy.actor.CompositeActor.preinitialize(CompositeActor.java:1828)
	at ptolemy.actor.Manager.preinitializeAndResolveTypes(Manager.java:1040)
	at ptolemy.actor.Manager.initialize(Manager.java:710)
	at ptolemy.actor.Manager.execute(Manager.java:356)
	at ptolemy.actor.Manager.run(Manager.java:1263)
	at ptolemy.actor.Manager$PtolemyRunThread.run(Manager.java:1933)

    while executing
ptolemy.kernel.util.IllegalActionException: Found a zero delay loop containing .dependencyLoop2.original
  in .dependencyLoop2 and .dependencyLoop2.original
    while executing
"java::new ptolemy.moml.MoMLSimpleApplication $file
"
    (procedure "createAndExecute" line 2)
    invoked from within
"createAndExecute $file"
    ("uplevel" body line 5)
    invoked from within
"uplevel $contents_of_test"
------------------ testing $PTII/ptolemy/domains/de/test/auto/knownFailedTests/DESDFClockTest.xml (Known Failure) 
2068 ms. Memory: 120832K Free: 95383K (79%)


==== $PTIIhome/travis/build/icyphy/ptII/ptolemy/domains/de/test/../../../../: Auto Automatic test in file $PTII/ptolemy/domains/de/test/auto/knownFailedTests/DESDFClockTest.xml
==== Contents of test case:

	    # FIXME: we should use $relativeFilename here, but it
	    # might have backslashes under Windows, which causes no end
	    # of trouble.
	    createAndExecute $file
	    list {}
	
.... Test generated KNOWN error:
    while executing
ptolemy.kernel.util.IllegalActionException: Actor is not ready to fire.  Perhaps UpSample.prefire() returned false? Try debugging the actor by selecting "Listen to Actor".  Also, for SDF check moml for tokenConsumptionRate on input.
  in .DESDFClockTest.Play Bell.Copy1:SDF Director and .DESDFClockTest.Play Bell.UpSample
	at ptolemy.actor.sched.StaticSchedulingDirector.fire(StaticSchedulingDirector.java:227)
	at ptolemy.domains.sdf.kernel.SDFDirector.fire(SDFDirector.java:500)
	at ptolemy.actor.CompositeActor.fire(CompositeActor.java:455)
	at ptolemy.domains.de.kernel.DEDirector._fire(DEDirector.java:1949)
	at ptolemy.domains.de.kernel.DEDirector.fire(DEDirector.java:502)
	at ptolemy.actor.CompositeActor.fire(CompositeActor.java:455)
	at ptolemy.actor.Manager.iterate(Manager.java:851)
	at ptolemy.actor.Manager.execute(Manager.java:369)
	at ptolemy.actor.Manager.run(Manager.java:1263)
	at ptolemy.actor.Manager$PtolemyRunThread.run(Manager.java:1933)

    while executing
ptolemy.kernel.util.IllegalActionException: Actor is not ready to fire.  Perhaps UpSample.prefire() returned false? Try debugging the actor by selecting "Listen to Actor".  Also, for SDF check moml for tokenConsumptionRate on input.
  in .DESDFClockTest.Play Bell.Copy1:SDF Director and .DESDFClockTest.Play Bell.UpSample
    while executing
"java::new ptolemy.moml.MoMLSimpleApplication $file
"
    (procedure "createAndExecute" line 2)
    invoked from within
"createAndExecute $file"
    ("uplevel" body line 5)
    invoked from within
"uplevel $contents_of_test"
------------------ testing $PTII/ptolemy/domains/de/test/auto/ActorDepthCalculation_actorWithoutPorts.xml
auto.tcl: Setting watchdog for 200 seconds at Tue Nov 05 06:09:47 UTC 2019
13 ms. Memory: 120832K Free: 88215K (73%)
ptolemy.util.test.WatchDog.cancel(): canceling Tue Nov 05 06:09:47 UTC 2019
auto.tcl: Setting watchdog for 200 seconds at Tue Nov 05 06:09:47 UTC 2019
4 ms. Memory: 120832K Free: 86662K (72%)
ptolemy.util.test.WatchDog.cancel(): canceling Tue Nov 05 06:09:47 UTC 2019
------------------ testing $PTII/ptolemy/domains/de/test/auto/AssemblyLine.xml
auto.tcl: Setting watchdog for 200 seconds at Tue Nov 05 06:09:48 UTC 2019
12 ms. Memory: 48128K Free: 26271K (55%)
ptolemy.util.test.WatchDog.cancel(): canceling Tue Nov 05 06:09:48 UTC 2019
auto.tcl: Setting watchdog for 200 seconds at Tue Nov 05 06:09:48 UTC 2019
6 ms. Memory: 48128K Free: 25331K (53%)
ptolemy.util.test.WatchDog.cancel(): canceling Tue Nov 05 06:09:48 UTC 2019
------------------ testing $PTII/ptolemy/domains/de/test/auto/CQBug1.xml
auto.tcl: Setting watchdog for 200 seconds at Tue Nov 05 06:09:48 UTC 2019
2 ms. Memory: 48128K Free: 31548K (66%)
ptolemy.util.test.WatchDog.cancel(): canceling Tue Nov 05 06:09:48 UTC 2019
auto.tcl: Setting watchdog for 200 seconds at Tue Nov 05 06:09:48 UTC 2019
2 ms. Memory: 48128K Free: 31118K (65%)
ptolemy.util.test.WatchDog.cancel(): canceling Tue Nov 05 06:09:48 UTC 2019
------------------ testing $PTII/ptolemy/domains/de/test/auto/CancelFireAt.xml
auto.tcl: Setting watchdog for 200 seconds at Tue Nov 05 06:09:48 UTC 2019
3 ms. Memory: 45056K Free: 29713K (66%)
ptolemy.util.test.WatchDog.cancel(): canceling Tue Nov 05 06:09:48 UTC 2019
auto.tcl: Setting watchdog for 200 seconds at Tue Nov 05 06:09:48 UTC 2019
2 ms. Memory: 45056K Free: 29223K (65%)
ptolemy.util.test.WatchDog.cancel(): canceling Tue Nov 05 06:09:48 UTC 2019
------------------ testing $PTII/ptolemy/domains/de/test/auto/CausalityAndComposabilityAnalysis.xml
auto.tcl: Setting watchdog for 200 seconds at Tue Nov 05 06:09:48 UTC 2019
20 ms. Memory: 45056K Free: 27428K (61%)
ptolemy.util.test.WatchDog.cancel(): canceling Tue Nov 05 06:09:48 UTC 2019
auto.tcl: Setting watchdog for 200 seconds at Tue Nov 05 06:09:48 UTC 2019
6 ms. Memory: 45056K Free: 27028K (60%)
ptolemy.util.test.WatchDog.cancel(): canceling Tue Nov 05 06:09:48 UTC 2019
------------------ testing $PTII/ptolemy/domains/de/test/auto/CausalityInterface1.xml
auto.tcl: Setting watchdog for 200 seconds at Tue Nov 05 06:09:48 UTC 2019
20 ms. Memory: 45056K Free: 26344K (58%)
ptolemy.util.test.WatchDog.cancel(): canceling Tue Nov 05 06:09:48 UTC 2019
auto.tcl: Setting watchdog for 200 seconds at Tue Nov 05 06:09:48 UTC 2019
6 ms. Memory: 45056K Free: 25409K (56%)
ptolemy.util.test.WatchDog.cancel(): canceling Tue Nov 05 06:09:48 UTC 2019
------------------ testing $PTII/ptolemy/domains/de/test/auto/CausalityInterface15.xml
auto.tcl: Setting watchdog for 200 seconds at Tue Nov 05 06:09:48 UTC 2019
13 ms. Memory: 45056K Free: 26047K (58%)
ptolemy.util.test.WatchDog.cancel(): canceling Tue Nov 05 06:09:48 UTC 2019
auto.tcl: Setting watchdog for 200 seconds at Tue Nov 05 06:09:48 UTC 2019
4 ms. Memory: 45056K Free: 25353K (56%)
ptolemy.util.test.WatchDog.cancel(): canceling Tue Nov 05 06:09:48 UTC 2019
------------------ testing $PTII/ptolemy/domains/de/test/auto/CausalityInterface2.xml
auto.tcl: Setting watchdog for 200 seconds at Tue Nov 05 06:09:48 UTC 2019
5 ms. Memory: 45056K Free: 27103K (60%)
ptolemy.util.test.WatchDog.cancel(): canceling Tue Nov 05 06:09:48 UTC 2019
auto.tcl: Setting watchdog for 200 seconds at Tue Nov 05 06:09:48 UTC 2019
6 ms. Memory: 45056K Free: 26363K (59%)
ptolemy.util.test.WatchDog.cancel(): canceling Tue Nov 05 06:09:48 UTC 2019
------------------ testing $PTII/ptolemy/domains/de/test/auto/CausalityInterface3.xml
auto.tcl: Setting watchdog for 200 seconds at Tue Nov 05 06:09:48 UTC 2019
6 ms. Memory: 45056K Free: 26556K (59%)
ptolemy.util.test.WatchDog.cancel(): canceling Tue Nov 05 06:09:49 UTC 2019
auto.tcl: Setting watchdog for 200 seconds at Tue Nov 05 06:09:49 UTC 2019
3 ms. Memory: 45056K Free: 25759K (57%)
ptolemy.util.test.WatchDog.cancel(): canceling Tue Nov 05 06:09:49 UTC 2019
------------------ testing $PTII/ptolemy/domains/de/test/auto/ClockDrift.xml
auto.tcl: Setting watchdog for 200 seconds at Tue Nov 05 06:09:49 UTC 2019
78 ms. Memory: 45056K Free: 19152K (43%)
ptolemy.util.test.WatchDog.cancel(): canceling Tue Nov 05 06:09:49 UTC 2019
auto.tcl: Setting watchdog for 200 seconds at Tue Nov 05 06:09:49 UTC 2019
50 ms. Memory: 45056K Free: 16137K (36%)
ptolemy.util.test.WatchDog.cancel(): canceling Tue Nov 05 06:09:49 UTC 2019
------------------ testing $PTII/ptolemy/domains/de/test/auto/ClockDriftAndValueChange.xml
auto.tcl: Setting watchdog for 200 seconds at Tue Nov 05 06:09:49 UTC 2019
56 ms. Memory: 45056K Free: 19607K (44%)
ptolemy.util.test.WatchDog.cancel(): canceling Tue Nov 05 06:09:49 UTC 2019
auto.tcl: Setting watchdog for 200 seconds at Tue Nov 05 06:09:49 UTC 2019
30 ms. Memory: 45056K Free: 16374K (36%)
ptolemy.util.test.WatchDog.cancel(): canceling Tue Nov 05 06:09:49 UTC 2019
------------------ testing $PTII/ptolemy/domains/de/test/auto/ClockDriftChange.xml
auto.tcl: Setting watchdog for 200 seconds at Tue Nov 05 06:09:49 UTC 2019
17 ms. Memory: 45056K Free: 21277K (47%)
ptolemy.util.test.WatchDog.cancel(): canceling Tue Nov 05 06:09:49 UTC 2019
auto.tcl: Setting watchdog for 200 seconds at Tue Nov 05 06:09:49 UTC 2019
20 ms. Memory: 45056K Free: 18740K (42%)
ptolemy.util.test.WatchDog.cancel(): canceling Tue Nov 05 06:09:49 UTC 2019
------------------ testing $PTII/ptolemy/domains/de/test/auto/ComposableCausalityAnalysis.xml
auto.tcl: Setting watchdog for 200 seconds at Tue Nov 05 06:09:49 UTC 2019
2 ms. Memory: 45056K Free: 25848K (57%)
ptolemy.util.test.WatchDog.cancel(): canceling Tue Nov 05 06:09:49 UTC 2019
auto.tcl: Setting watchdog for 200 seconds at Tue Nov 05 06:09:49 UTC 2019
5 ms. Memory: 45056K Free: 24882K (55%)
ptolemy.util.test.WatchDog.cancel(): canceling Tue Nov 05 06:09:49 UTC 2019
------------------ testing $PTII/ptolemy/domains/de/test/auto/DEFixedPointLimitation.xml
auto.tcl: Setting watchdog for 200 seconds at Tue Nov 05 06:09:49 UTC 2019
2 ms. Memory: 45056K Free: 27254K (60%)
ptolemy.util.test.WatchDog.cancel(): canceling Tue Nov 05 06:09:49 UTC 2019
auto.tcl: Setting watchdog for 200 seconds at Tue Nov 05 06:09:49 UTC 2019
2 ms. Memory: 45056K Free: 26381K (59%)
ptolemy.util.test.WatchDog.cancel(): canceling Tue Nov 05 06:09:49 UTC 2019
------------------ testing $PTII/ptolemy/domains/de/test/auto/DEScheduleTest.xml
auto.tcl: Setting watchdog for 200 seconds at Tue Nov 05 06:09:49 UTC 2019
7 ms. Memory: 45056K Free: 27512K (61%)
ptolemy.util.test.WatchDog.cancel(): canceling Tue Nov 05 06:09:49 UTC 2019
auto.tcl: Setting watchdog for 200 seconds at Tue Nov 05 06:09:49 UTC 2019
3 ms. Memory: 45056K Free: 26768K (59%)
ptolemy.util.test.WatchDog.cancel(): canceling Tue Nov 05 06:09:49 UTC 2019
------------------ testing $PTII/ptolemy/domains/de/test/auto/DEinDEwithStartTimes.xml
auto.tcl: Setting watchdog for 200 seconds at Tue Nov 05 06:09:49 UTC 2019
3 ms. Memory: 45056K Free: 25721K (57%)
ptolemy.util.test.WatchDog.cancel(): canceling Tue Nov 05 06:09:49 UTC 2019
auto.tcl: Setting watchdog for 200 seconds at Tue Nov 05 06:09:49 UTC 2019
3 ms. Memory: 45056K Free: 24670K (55%)
ptolemy.util.test.WatchDog.cancel(): canceling Tue Nov 05 06:09:49 UTC 2019
------------------ testing $PTII/ptolemy/domains/de/test/auto/DEinDEwithStartTimes2.xml
auto.tcl: Setting watchdog for 200 seconds at Tue Nov 05 06:09:49 UTC 2019
7 ms. Memory: 45056K Free: 24940K (55%)
ptolemy.util.test.WatchDog.cancel(): canceling Tue Nov 05 06:09:50 UTC 2019
auto.tcl: Setting watchdog for 200 seconds at Tue Nov 05 06:09:50 UTC 2019
5 ms. Memory: 45056K Free: 23626K (52%)
ptolemy.util.test.WatchDog.cancel(): canceling Tue Nov 05 06:09:50 UTC 2019
------------------ testing $PTII/ptolemy/domains/de/test/auto/DateDemo.xml
auto.tcl: Setting watchdog for 200 seconds at Tue Nov 05 06:09:50 UTC 2019
17 ms. Memory: 45056K Free: 19610K (44%)
ptolemy.util.test.WatchDog.cancel(): canceling Tue Nov 05 06:09:50 UTC 2019
auto.tcl: Setting watchdog for 200 seconds at Tue Nov 05 06:09:50 UTC 2019
9 ms. Memory: 45056K Free: 17758K (39%)
ptolemy.util.test.WatchDog.cancel(): canceling Tue Nov 05 06:09:50 UTC 2019
------------------ testing $PTII/ptolemy/domains/de/test/auto/DateToEvent.xml
auto.tcl: Setting watchdog for 200 seconds at Tue Nov 05 06:09:50 UTC 2019
2019 ms. Memory: 45056K Free: 15045K (33%)
ptolemy.util.test.WatchDog.cancel(): canceling Tue Nov 05 06:09:52 UTC 2019
auto.tcl: Setting watchdog for 200 seconds at Tue Nov 05 06:09:52 UTC 2019
2006 ms. Memory: 45056K Free: 14318K (32%)
ptolemy.util.test.WatchDog.cancel(): canceling Tue Nov 05 06:09:54 UTC 2019
------------------ testing $PTII/ptolemy/domains/de/test/auto/DepthTest1.xml
auto.tcl: Setting watchdog for 200 seconds at Tue Nov 05 06:09:54 UTC 2019
4 ms. Memory: 45056K Free: 28341K (63%)
ptolemy.util.test.WatchDog.cancel(): canceling Tue Nov 05 06:09:54 UTC 2019
auto.tcl: Setting watchdog for 200 seconds at Tue Nov 05 06:09:54 UTC 2019
2 ms. Memory: 45056K Free: 27789K (62%)
ptolemy.util.test.WatchDog.cancel(): canceling Tue Nov 05 06:09:54 UTC 2019
------------------ testing $PTII/ptolemy/domains/de/test/auto/DepthTest2.xml
auto.tcl: Setting watchdog for 200 seconds at Tue Nov 05 06:09:54 UTC 2019
5 ms. Memory: 45056K Free: 25055K (56%)
ptolemy.util.test.WatchDog.cancel(): canceling Tue Nov 05 06:09:54 UTC 2019
auto.tcl: Setting watchdog for 200 seconds at Tue Nov 05 06:09:54 UTC 2019
3 ms. Memory: 45056K Free: 24519K (54%)
ptolemy.util.test.WatchDog.cancel(): canceling Tue Nov 05 06:09:54 UTC 2019
------------------ testing $PTII/ptolemy/domains/de/test/auto/DepthTest3.xml
auto.tcl: Setting watchdog for 200 seconds at Tue Nov 05 06:09:54 UTC 2019
4 ms. Memory: 45056K Free: 28655K (64%)
ptolemy.util.test.WatchDog.cancel(): canceling Tue Nov 05 06:09:54 UTC 2019
auto.tcl: Setting watchdog for 200 seconds at Tue Nov 05 06:09:54 UTC 2019
2 ms. Memory: 45056K Free: 28150K (62%)
ptolemy.util.test.WatchDog.cancel(): canceling Tue Nov 05 06:09:54 UTC 2019
------------------ testing $PTII/ptolemy/domains/de/test/auto/DepthTest4.xml
auto.tcl: Setting watchdog for 200 seconds at Tue Nov 05 06:09:54 UTC 2019
9 ms. Memory: 45056K Free: 26886K (60%)
ptolemy.util.test.WatchDog.cancel(): canceling Tue Nov 05 06:09:54 UTC 2019
auto.tcl: Setting watchdog for 200 seconds at Tue Nov 05 06:09:54 UTC 2019
2 ms. Memory: 45056K Free: 26163K (58%)
ptolemy.util.test.WatchDog.cancel(): canceling Tue Nov 05 06:09:54 UTC 2019
------------------ testing $PTII/ptolemy/domains/de/test/auto/DepthTest5.xml
auto.tcl: Setting watchdog for 200 seconds at Tue Nov 05 06:09:54 UTC 2019
4 ms. Memory: 45056K Free: 26290K (58%)
ptolemy.util.test.WatchDog.cancel(): canceling Tue Nov 05 06:09:54 UTC 2019
auto.tcl: Setting watchdog for 200 seconds at Tue Nov 05 06:09:54 UTC 2019
3 ms. Memory: 45056K Free: 25550K (57%)
ptolemy.util.test.WatchDog.cancel(): canceling Tue Nov 05 06:09:54 UTC 2019
------------------ testing $PTII/ptolemy/domains/de/test/auto/DepthTest6.xml
auto.tcl: Setting watchdog for 200 seconds at Tue Nov 05 06:09:54 UTC 2019
4 ms. Memory: 45056K Free: 25943K (58%)
ptolemy.util.test.WatchDog.cancel(): canceling Tue Nov 05 06:09:54 UTC 2019
auto.tcl: Setting watchdog for 200 seconds at Tue Nov 05 06:09:54 UTC 2019
3 ms. Memory: 45056K Free: 25461K (57%)
ptolemy.util.test.WatchDog.cancel(): canceling Tue Nov 05 06:09:54 UTC 2019
------------------ testing $PTII/ptolemy/domains/de/test/auto/DepthTest7.xml
auto.tcl: Setting watchdog for 200 seconds at Tue Nov 05 06:09:54 UTC 2019
3 ms. Memory: 45056K Free: 26811K (60%)
ptolemy.util.test.WatchDog.cancel(): canceling Tue Nov 05 06:09:54 UTC 2019
auto.tcl: Setting watchdog for 200 seconds at Tue Nov 05 06:09:54 UTC 2019
2 ms. Memory: 45056K Free: 26096K (58%)
ptolemy.util.test.WatchDog.cancel(): canceling Tue Nov 05 06:09:54 UTC 2019
------------------ testing $PTII/ptolemy/domains/de/test/auto/EventToDate.xml
auto.tcl: Setting watchdog for 200 seconds at Tue Nov 05 06:09:54 UTC 2019
3007 ms. Memory: 45056K Free: 17586K (39%)
ptolemy.util.test.WatchDog.cancel(): canceling Tue Nov 05 06:09:57 UTC 2019
auto.tcl: Setting watchdog for 200 seconds at Tue Nov 05 06:09:58 UTC 2019
3005 ms. Memory: 45056K Free: 16915K (38%)
ptolemy.util.test.WatchDog.cancel(): canceling Tue Nov 05 06:10:01 UTC 2019
------------------ testing $PTII/ptolemy/domains/de/test/auto/FSM1.xml
auto.tcl: Setting watchdog for 200 seconds at Tue Nov 05 06:10:01 UTC 2019
21 ms. Memory: 45056K Free: 18294K (41%)
ptolemy.util.test.WatchDog.cancel(): canceling Tue Nov 05 06:10:01 UTC 2019
auto.tcl: Setting watchdog for 200 seconds at Tue Nov 05 06:10:01 UTC 2019
16 ms. Memory: 45056K Free: 15172K (34%)
ptolemy.util.test.WatchDog.cancel(): canceling Tue Nov 05 06:10:01 UTC 2019
------------------ testing $PTII/ptolemy/domains/de/test/auto/FSM7.xml
auto.tcl: Setting watchdog for 200 seconds at Tue Nov 05 06:10:01 UTC 2019
17 ms. Memory: 45056K Free: 18735K (42%)
ptolemy.util.test.WatchDog.cancel(): canceling Tue Nov 05 06:10:01 UTC 2019
auto.tcl: Setting watchdog for 200 seconds at Tue Nov 05 06:10:01 UTC 2019
20 ms. Memory: 45056K Free: 15428K (34%)
ptolemy.util.test.WatchDog.cancel(): canceling Tue Nov 05 06:10:01 UTC 2019
------------------ testing $PTII/ptolemy/domains/de/test/auto/Inspection.xml
auto.tcl: Setting watchdog for 200 seconds at Tue Nov 05 06:10:01 UTC 2019
28 ms. Memory: 45056K Free: 18569K (41%)
ptolemy.util.test.WatchDog.cancel(): canceling Tue Nov 05 06:10:01 UTC 2019
auto.tcl: Setting watchdog for 200 seconds at Tue Nov 05 06:10:01 UTC 2019
18 ms. Memory: 45056K Free: 16818K (37%)
ptolemy.util.test.WatchDog.cancel(): canceling Tue Nov 05 06:10:01 UTC 2019
------------------ testing $PTII/ptolemy/domains/de/test/auto/Iteration.xml
auto.tcl: Setting watchdog for 200 seconds at Tue Nov 05 06:10:01 UTC 2019
7 ms. Memory: 45056K Free: 24269K (54%)
ptolemy.util.test.WatchDog.cancel(): canceling Tue Nov 05 06:10:01 UTC 2019
auto.tcl: Setting watchdog for 200 seconds at Tue Nov 05 06:10:01 UTC 2019
7 ms. Memory: 45056K Free: 22875K (51%)
ptolemy.util.test.WatchDog.cancel(): canceling Tue Nov 05 06:10:01 UTC 2019
------------------ testing $PTII/ptolemy/domains/de/test/auto/LineFault.xml
auto.tcl: Setting watchdog for 200 seconds at Tue Nov 05 06:10:01 UTC 2019
680 ms. Memory: 54272K Free: 18667K (34%)
ptolemy.util.test.WatchDog.cancel(): canceling Tue Nov 05 06:10:02 UTC 2019
auto.tcl: Setting watchdog for 200 seconds at Tue Nov 05 06:10:02 UTC 2019
567 ms. Memory: 54272K Free: 30017K (55%)
ptolemy.util.test.WatchDog.cancel(): canceling Tue Nov 05 06:10:03 UTC 2019
------------------ testing $PTII/ptolemy/domains/de/test/auto/MergeModel1Add.xml
auto.tcl: Setting watchdog for 200 seconds at Tue Nov 05 06:10:03 UTC 2019
30 ms. Memory: 51200K Free: 16398K (32%)
ptolemy.util.test.WatchDog.cancel(): canceling Tue Nov 05 06:10:03 UTC 2019
auto.tcl: Setting watchdog for 200 seconds at Tue Nov 05 06:10:03 UTC 2019
15 ms. Memory: 51200K Free: 14894K (29%)
ptolemy.util.test.WatchDog.cancel(): canceling Tue Nov 05 06:10:03 UTC 2019
------------------ testing $PTII/ptolemy/domains/de/test/auto/MergeModel2Add.xml
auto.tcl: Setting watchdog for 200 seconds at Tue Nov 05 06:10:03 UTC 2019
11 ms. Memory: 48128K Free: 15396K (32%)
ptolemy.util.test.WatchDog.cancel(): canceling Tue Nov 05 06:10:03 UTC 2019
auto.tcl: Setting watchdog for 200 seconds at Tue Nov 05 06:10:03 UTC 2019
9 ms. Memory: 48128K Free: 13451K (28%)
ptolemy.util.test.WatchDog.cancel(): canceling Tue Nov 05 06:10:03 UTC 2019
------------------ testing $PTII/ptolemy/domains/de/test/auto/MergeModel3Add.xml
auto.tcl: Setting watchdog for 200 seconds at Tue Nov 05 06:10:03 UTC 2019
10 ms. Memory: 48128K Free: 15439K (32%)
ptolemy.util.test.WatchDog.cancel(): canceling Tue Nov 05 06:10:03 UTC 2019
auto.tcl: Setting watchdog for 200 seconds at Tue Nov 05 06:10:03 UTC 2019
9 ms. Memory: 48128K Free: 13844K (29%)
ptolemy.util.test.WatchDog.cancel(): canceling Tue Nov 05 06:10:03 UTC 2019
------------------ testing $PTII/ptolemy/domains/de/test/auto/MergeWithoutDiscard.xml
auto.tcl: Setting watchdog for 200 seconds at Tue Nov 05 06:10:03 UTC 2019
2 ms. Memory: 48128K Free: 29968K (62%)
ptolemy.util.test.WatchDog.cancel(): canceling Tue Nov 05 06:10:03 UTC 2019
auto.tcl: Setting watchdog for 200 seconds at Tue Nov 05 06:10:03 UTC 2019
1 ms. Memory: 48128K Free: 29585K (61%)
ptolemy.util.test.WatchDog.cancel(): canceling Tue Nov 05 06:10:03 UTC 2019
------------------ testing $PTII/ptolemy/domains/de/test/auto/Modal1.xml
auto.tcl: Setting watchdog for 200 seconds at Tue Nov 05 06:10:03 UTC 2019
22 ms. Memory: 48128K Free: 21891K (45%)
ptolemy.util.test.WatchDog.cancel(): canceling Tue Nov 05 06:10:03 UTC 2019
auto.tcl: Setting watchdog for 200 seconds at Tue Nov 05 06:10:03 UTC 2019
23 ms. Memory: 48128K Free: 18449K (38%)
ptolemy.util.test.WatchDog.cancel(): canceling Tue Nov 05 06:10:03 UTC 2019
------------------ testing $PTII/ptolemy/domains/de/test/auto/Modal2.xml
auto.tcl: Setting watchdog for 200 seconds at Tue Nov 05 06:10:03 UTC 2019
21 ms. Memory: 48128K Free: 21983K (46%)
ptolemy.util.test.WatchDog.cancel(): canceling Tue Nov 05 06:10:03 UTC 2019
auto.tcl: Setting watchdog for 200 seconds at Tue Nov 05 06:10:03 UTC 2019
15 ms. Memory: 48128K Free: 18752K (39%)
ptolemy.util.test.WatchDog.cancel(): canceling Tue Nov 05 06:10:03 UTC 2019
------------------ testing $PTII/ptolemy/domains/de/test/auto/Modal3.xml
auto.tcl: Setting watchdog for 200 seconds at Tue Nov 05 06:10:03 UTC 2019
15 ms. Memory: 48128K Free: 21978K (46%)
ptolemy.util.test.WatchDog.cancel(): canceling Tue Nov 05 06:10:03 UTC 2019
auto.tcl: Setting watchdog for 200 seconds at Tue Nov 05 06:10:03 UTC 2019
12 ms. Memory: 48128K Free: 18774K (39%)
ptolemy.util.test.WatchDog.cancel(): canceling Tue Nov 05 06:10:03 UTC 2019
------------------ testing $PTII/ptolemy/domains/de/test/auto/Modal4.xml
auto.tcl: Setting watchdog for 200 seconds at Tue Nov 05 06:10:03 UTC 2019
30 ms. Memory: 48128K Free: 20705K (43%)
ptolemy.util.test.WatchDog.cancel(): canceling Tue Nov 05 06:10:04 UTC 2019
auto.tcl: Setting watchdog for 200 seconds at Tue Nov 05 06:10:04 UTC 2019
18 ms. Memory: 48128K Free: 16724K (35%)
ptolemy.util.test.WatchDog.cancel(): canceling Tue Nov 05 06:10:04 UTC 2019
------------------ testing $PTII/ptolemy/domains/de/test/auto/Modal5.xml
auto.tcl: Setting watchdog for 200 seconds at Tue Nov 05 06:10:04 UTC 2019
15 ms. Memory: 48128K Free: 20921K (43%)
ptolemy.util.test.WatchDog.cancel(): canceling Tue Nov 05 06:10:04 UTC 2019
auto.tcl: Setting watchdog for 200 seconds at Tue Nov 05 06:10:04 UTC 2019
16 ms. Memory: 48128K Free: 17083K (35%)
ptolemy.util.test.WatchDog.cancel(): canceling Tue Nov 05 06:10:04 UTC 2019
------------------ testing $PTII/ptolemy/domains/de/test/auto/Modal6.xml
auto.tcl: Setting watchdog for 200 seconds at Tue Nov 05 06:10:04 UTC 2019
16 ms. Memory: 48128K Free: 21698K (45%)
ptolemy.util.test.WatchDog.cancel(): canceling Tue Nov 05 06:10:04 UTC 2019
auto.tcl: Setting watchdog for 200 seconds at Tue Nov 05 06:10:04 UTC 2019
17 ms. Memory: 48128K Free: 17744K (37%)
ptolemy.util.test.WatchDog.cancel(): canceling Tue Nov 05 06:10:04 UTC 2019
------------------ testing $PTII/ptolemy/domains/de/test/auto/Modal7.xml
auto.tcl: Setting watchdog for 200 seconds at Tue Nov 05 06:10:04 UTC 2019
14 ms. Memory: 48128K Free: 20697K (43%)
ptolemy.util.test.WatchDog.cancel(): canceling Tue Nov 05 06:10:04 UTC 2019
auto.tcl: Setting watchdog for 200 seconds at Tue Nov 05 06:10:04 UTC 2019
9 ms. Memory: 48128K Free: 17388K (36%)
ptolemy.util.test.WatchDog.cancel(): canceling Tue Nov 05 06:10:04 UTC 2019
------------------ testing $PTII/ptolemy/domains/de/test/auto/ModalModel.xml
auto.tcl: Setting watchdog for 200 seconds at Tue Nov 05 06:10:04 UTC 2019
168 ms. Memory: 58368K Free: 19204K (33%)
ptolemy.util.test.WatchDog.cancel(): canceling Tue Nov 05 06:10:04 UTC 2019
auto.tcl: Setting watchdog for 200 seconds at Tue Nov 05 06:10:04 UTC 2019
193 ms. Memory: 58368K Free: 42370K (73%)
ptolemy.util.test.WatchDog.cancel(): canceling Tue Nov 05 06:10:04 UTC 2019
------------------ testing $PTII/ptolemy/domains/de/test/auto/ModalSource.xml
auto.tcl: Setting watchdog for 200 seconds at Tue Nov 05 06:10:04 UTC 2019
8 ms. Memory: 48128K Free: 25773K (54%)
ptolemy.util.test.WatchDog.cancel(): canceling Tue Nov 05 06:10:04 UTC 2019
auto.tcl: Setting watchdog for 200 seconds at Tue Nov 05 06:10:04 UTC 2019
6 ms. Memory: 48128K Free: 23708K (49%)
ptolemy.util.test.WatchDog.cancel(): canceling Tue Nov 05 06:10:04 UTC 2019
------------------ testing $PTII/ptolemy/domains/de/test/auto/NonInterruptibleTimerZeroDelay.xml
auto.tcl: Setting watchdog for 200 seconds at Tue Nov 05 06:10:05 UTC 2019
4 ms. Memory: 48128K Free: 30985K (64%)
ptolemy.util.test.WatchDog.cancel(): canceling Tue Nov 05 06:10:05 UTC 2019
auto.tcl: Setting watchdog for 200 seconds at Tue Nov 05 06:10:05 UTC 2019
2 ms. Memory: 48128K Free: 30076K (62%)
ptolemy.util.test.WatchDog.cancel(): canceling Tue Nov 05 06:10:05 UTC 2019
------------------ testing $PTII/ptolemy/domains/de/test/auto/OpenQueueingNetwork.xml
auto.tcl: Setting watchdog for 200 seconds at Tue Nov 05 06:10:05 UTC 2019
2852 ms. Memory: 113664K Free: 74773K (66%)
ptolemy.util.test.WatchDog.cancel(): canceling Tue Nov 05 06:10:08 UTC 2019
auto.tcl: Setting watchdog for 200 seconds at Tue Nov 05 06:10:08 UTC 2019
2594 ms. Memory: 164864K Free: 120894K (73%)
ptolemy.util.test.WatchDog.cancel(): canceling Tue Nov 05 06:10:10 UTC 2019
------------------ testing $PTII/ptolemy/domains/de/test/auto/OpenQueuingNetwork.xml
auto.tcl: Setting watchdog for 200 seconds at Tue Nov 05 06:10:10 UTC 2019
235 ms. Memory: 51200K Free: 17984K (35%)
ptolemy.util.test.WatchDog.cancel(): canceling Tue Nov 05 06:10:11 UTC 2019
auto.tcl: Setting watchdog for 200 seconds at Tue Nov 05 06:10:11 UTC 2019
235 ms. Memory: 51200K Free: 23255K (45%)
ptolemy.util.test.WatchDog.cancel(): canceling Tue Nov 05 06:10:11 UTC 2019
------------------ testing $PTII/ptolemy/domains/de/test/auto/PeriodicSampler.xml
auto.tcl: Setting watchdog for 200 seconds at Tue Nov 05 06:10:11 UTC 2019
3 ms. Memory: 51200K Free: 32962K (64%)
ptolemy.util.test.WatchDog.cancel(): canceling Tue Nov 05 06:10:11 UTC 2019
auto.tcl: Setting watchdog for 200 seconds at Tue Nov 05 06:10:11 UTC 2019
2 ms. Memory: 51200K Free: 32475K (63%)
ptolemy.util.test.WatchDog.cancel(): canceling Tue Nov 05 06:10:11 UTC 2019
------------------ testing $PTII/ptolemy/domains/de/test/auto/PersistentIO.xml
auto.tcl: Setting watchdog for 200 seconds at Tue Nov 05 06:10:11 UTC 2019
4 ms. Memory: 51200K Free: 27886K (54%)
ptolemy.util.test.WatchDog.cancel(): canceling Tue Nov 05 06:10:11 UTC 2019
auto.tcl: Setting watchdog for 200 seconds at Tue Nov 05 06:10:11 UTC 2019
4 ms. Memory: 51200K Free: 26448K (52%)
ptolemy.util.test.WatchDog.cancel(): canceling Tue Nov 05 06:10:11 UTC 2019
------------------ testing $PTII/ptolemy/domains/de/test/auto/PortParameterResetOnInitialize.xml
auto.tcl: Setting watchdog for 200 seconds at Tue Nov 05 06:10:11 UTC 2019
2 ms. Memory: 51200K Free: 32878K (64%)
ptolemy.util.test.WatchDog.cancel(): canceling Tue Nov 05 06:10:11 UTC 2019
auto.tcl: Setting watchdog for 200 seconds at Tue Nov 05 06:10:11 UTC 2019
1 ms. Memory: 51200K Free: 32407K (63%)
ptolemy.util.test.WatchDog.cancel(): canceling Tue Nov 05 06:10:11 UTC 2019
------------------ testing $PTII/ptolemy/domains/de/test/auto/PortParameterUpdates.xml
auto.tcl: Setting watchdog for 200 seconds at Tue Nov 05 06:10:11 UTC 2019
5 ms. Memory: 51200K Free: 30938K (60%)
ptolemy.util.test.WatchDog.cancel(): canceling Tue Nov 05 06:10:11 UTC 2019
auto.tcl: Setting watchdog for 200 seconds at Tue Nov 05 06:10:11 UTC 2019
5 ms. Memory: 51200K Free: 29513K (58%)
ptolemy.util.test.WatchDog.cancel(): canceling Tue Nov 05 06:10:11 UTC 2019
------------------ testing $PTII/ptolemy/domains/de/test/auto/QueueAndServer.xml
auto.tcl: Setting watchdog for 200 seconds at Tue Nov 05 06:10:11 UTC 2019
14 ms. Memory: 51200K Free: 29908K (58%)
ptolemy.util.test.WatchDog.cancel(): canceling Tue Nov 05 06:10:11 UTC 2019
auto.tcl: Setting watchdog for 200 seconds at Tue Nov 05 06:10:11 UTC 2019
7 ms. Memory: 51200K Free: 28471K (56%)
ptolemy.util.test.WatchDog.cancel(): canceling Tue Nov 05 06:10:11 UTC 2019
------------------ testing $PTII/ptolemy/domains/de/test/auto/Records.xml
auto.tcl: Setting watchdog for 200 seconds at Tue Nov 05 06:10:11 UTC 2019
4 ms. Memory: 48128K Free: 29346K (61%)
ptolemy.util.test.WatchDog.cancel(): canceling Tue Nov 05 06:10:11 UTC 2019
auto.tcl: Setting watchdog for 200 seconds at Tue Nov 05 06:10:11 UTC 2019
2 ms. Memory: 48128K Free: 28884K (60%)
ptolemy.util.test.WatchDog.cancel(): canceling Tue Nov 05 06:10:11 UTC 2019
------------------ testing $PTII/ptolemy/domains/de/test/auto/ResetTransitionWithStartTime1.xml
auto.tcl: Setting watchdog for 200 seconds at Tue Nov 05 06:10:11 UTC 2019
17 ms. Memory: 48128K Free: 26458K (55%)
ptolemy.util.test.WatchDog.cancel(): canceling Tue Nov 05 06:10:11 UTC 2019
auto.tcl: Setting watchdog for 200 seconds at Tue Nov 05 06:10:11 UTC 2019
6 ms. Memory: 48128K Free: 23795K (49%)
ptolemy.util.test.WatchDog.cancel(): canceling Tue Nov 05 06:10:11 UTC 2019
------------------ testing $PTII/ptolemy/domains/de/test/auto/ResetTransitionWithStartTime2.xml
auto.tcl: Setting watchdog for 200 seconds at Tue Nov 05 06:10:11 UTC 2019
5 ms. Memory: 48128K Free: 26253K (55%)
ptolemy.util.test.WatchDog.cancel(): canceling Tue Nov 05 06:10:11 UTC 2019
auto.tcl: Setting watchdog for 200 seconds at Tue Nov 05 06:10:11 UTC 2019
5 ms. Memory: 48128K Free: 23750K (49%)
ptolemy.util.test.WatchDog.cancel(): canceling Tue Nov 05 06:10:11 UTC 2019
------------------ testing $PTII/ptolemy/domains/de/test/auto/ResetTransitionWithStartTime3.xml
auto.tcl: Setting watchdog for 200 seconds at Tue Nov 05 06:10:11 UTC 2019
16 ms. Memory: 48128K Free: 26252K (55%)
ptolemy.util.test.WatchDog.cancel(): canceling Tue Nov 05 06:10:12 UTC 2019
auto.tcl: Setting watchdog for 200 seconds at Tue Nov 05 06:10:12 UTC 2019
6 ms. Memory: 48128K Free: 23733K (49%)
ptolemy.util.test.WatchDog.cancel(): canceling Tue Nov 05 06:10:12 UTC 2019
------------------ testing $PTII/ptolemy/domains/de/test/auto/ResetTransitionWithStartTime4.xml
auto.tcl: Setting watchdog for 200 seconds at Tue Nov 05 06:10:12 UTC 2019
7 ms. Memory: 48128K Free: 26737K (56%)
ptolemy.util.test.WatchDog.cancel(): canceling Tue Nov 05 06:10:12 UTC 2019
auto.tcl: Setting watchdog for 200 seconds at Tue Nov 05 06:10:12 UTC 2019
4 ms. Memory: 48128K Free: 25358K (53%)
ptolemy.util.test.WatchDog.cancel(): canceling Tue Nov 05 06:10:12 UTC 2019
------------------ testing $PTII/ptolemy/domains/de/test/auto/ResettableTimer1.xml
auto.tcl: Setting watchdog for 200 seconds at Tue Nov 05 06:10:12 UTC 2019
4 ms. Memory: 48128K Free: 30753K (64%)
ptolemy.util.test.WatchDog.cancel(): canceling Tue Nov 05 06:10:12 UTC 2019
auto.tcl: Setting watchdog for 200 seconds at Tue Nov 05 06:10:12 UTC 2019
3 ms. Memory: 48128K Free: 29863K (62%)
ptolemy.util.test.WatchDog.cancel(): canceling Tue Nov 05 06:10:12 UTC 2019
------------------ testing $PTII/ptolemy/domains/de/test/auto/ResettableTimer2.xml
auto.tcl: Setting watchdog for 200 seconds at Tue Nov 05 06:10:12 UTC 2019
2 ms. Memory: 48128K Free: 30850K (64%)
ptolemy.util.test.WatchDog.cancel(): canceling Tue Nov 05 06:10:12 UTC 2019
auto.tcl: Setting watchdog for 200 seconds at Tue Nov 05 06:10:12 UTC 2019
2 ms. Memory: 48128K Free: 29930K (62%)
ptolemy.util.test.WatchDog.cancel(): canceling Tue Nov 05 06:10:12 UTC 2019
------------------ testing $PTII/ptolemy/domains/de/test/auto/ResettableTimer3.xml
auto.tcl: Setting watchdog for 200 seconds at Tue Nov 05 06:10:12 UTC 2019
1 ms. Memory: 48128K Free: 30419K (63%)
ptolemy.util.test.WatchDog.cancel(): canceling Tue Nov 05 06:10:12 UTC 2019
auto.tcl: Setting watchdog for 200 seconds at Tue Nov 05 06:10:12 UTC 2019
1 ms. Memory: 48128K Free: 29944K (62%)
ptolemy.util.test.WatchDog.cancel(): canceling Tue Nov 05 06:10:12 UTC 2019
------------------ testing $PTII/ptolemy/domains/de/test/auto/ResettableTimer4.xml
auto.tcl: Setting watchdog for 200 seconds at Tue Nov 05 06:10:12 UTC 2019
2 ms. Memory: 48128K Free: 30469K (63%)
ptolemy.util.test.WatchDog.cancel(): canceling Tue Nov 05 06:10:12 UTC 2019
auto.tcl: Setting watchdog for 200 seconds at Tue Nov 05 06:10:12 UTC 2019
1 ms. Memory: 48128K Free: 29957K (62%)
ptolemy.util.test.WatchDog.cancel(): canceling Tue Nov 05 06:10:12 UTC 2019
------------------ testing $PTII/ptolemy/domains/de/test/auto/ResettableTimer5.xml
auto.tcl: Setting watchdog for 200 seconds at Tue Nov 05 06:10:12 UTC 2019
1 ms. Memory: 48128K Free: 29876K (62%)
ptolemy.util.test.WatchDog.cancel(): canceling Tue Nov 05 06:10:12 UTC 2019
auto.tcl: Setting watchdog for 200 seconds at Tue Nov 05 06:10:12 UTC 2019
1 ms. Memory: 48128K Free: 29421K (61%)
ptolemy.util.test.WatchDog.cancel(): canceling Tue Nov 05 06:10:12 UTC 2019
------------------ testing $PTII/ptolemy/domains/de/test/auto/ResettableTimer6.xml
auto.tcl: Setting watchdog for 200 seconds at Tue Nov 05 06:10:12 UTC 2019
2 ms. Memory: 48128K Free: 29842K (62%)
ptolemy.util.test.WatchDog.cancel(): canceling Tue Nov 05 06:10:12 UTC 2019
auto.tcl: Setting watchdog for 200 seconds at Tue Nov 05 06:10:12 UTC 2019
2 ms. Memory: 48128K Free: 29362K (61%)
ptolemy.util.test.WatchDog.cancel(): canceling Tue Nov 05 06:10:12 UTC 2019
------------------ testing $PTII/ptolemy/domains/de/test/auto/ServerZeroDelay.xml
auto.tcl: Setting watchdog for 200 seconds at Tue Nov 05 06:10:12 UTC 2019
3 ms. Memory: 48128K Free: 30377K (63%)
ptolemy.util.test.WatchDog.cancel(): canceling Tue Nov 05 06:10:12 UTC 2019
auto.tcl: Setting watchdog for 200 seconds at Tue Nov 05 06:10:12 UTC 2019
3 ms. Memory: 48128K Free: 29499K (61%)
ptolemy.util.test.WatchDog.cancel(): canceling Tue Nov 05 06:10:12 UTC 2019
------------------ testing $PTII/ptolemy/domains/de/test/auto/SmartSender.xml
auto.tcl: Setting watchdog for 200 seconds at Tue Nov 05 06:10:12 UTC 2019
3002 ms. Memory: 48128K Free: 30430K (63%)
ptolemy.util.test.WatchDog.cancel(): canceling Tue Nov 05 06:10:15 UTC 2019
auto.tcl: Setting watchdog for 200 seconds at Tue Nov 05 06:10:15 UTC 2019
3002 ms. Memory: 48128K Free: 29910K (62%)
ptolemy.util.test.WatchDog.cancel(): canceling Tue Nov 05 06:10:18 UTC 2019
------------------ testing $PTII/ptolemy/domains/de/test/auto/ThreadedComposite.xml
auto.tcl: Setting watchdog for 200 seconds at Tue Nov 05 06:10:18 UTC 2019
164 ms. Memory: 48128K Free: 11440K (24%)
ptolemy.util.test.WatchDog.cancel(): canceling Tue Nov 05 06:10:18 UTC 2019
auto.tcl: Setting watchdog for 200 seconds at Tue Nov 05 06:10:18 UTC 2019
120 ms. Memory: 58368K Free: 34717K (59%)
ptolemy.util.test.WatchDog.cancel(): canceling Tue Nov 05 06:10:18 UTC 2019
------------------ testing $PTII/ptolemy/domains/de/test/auto/Time.xml
auto.tcl: Setting watchdog for 200 seconds at Tue Nov 05 06:10:19 UTC 2019
576 ms. Memory: 48128K Free: 28074K (58%)
ptolemy.util.test.WatchDog.cancel(): canceling Tue Nov 05 06:10:19 UTC 2019
auto.tcl: Setting watchdog for 200 seconds at Tue Nov 05 06:10:19 UTC 2019
559 ms. Memory: 48128K Free: 26083K (54%)
ptolemy.util.test.WatchDog.cancel(): canceling Tue Nov 05 06:10:20 UTC 2019
------------------ testing $PTII/ptolemy/domains/de/test/auto/TimeDelayZeroDelay.xml
auto.tcl: Setting watchdog for 200 seconds at Tue Nov 05 06:10:20 UTC 2019
2 ms. Memory: 48128K Free: 30806K (64%)
ptolemy.util.test.WatchDog.cancel(): canceling Tue Nov 05 06:10:20 UTC 2019
auto.tcl: Setting watchdog for 200 seconds at Tue Nov 05 06:10:20 UTC 2019
1 ms. Memory: 48128K Free: 29906K (62%)
ptolemy.util.test.WatchDog.cancel(): canceling Tue Nov 05 06:10:20 UTC 2019
------------------ testing $PTII/ptolemy/domains/de/test/auto/TimerZeroDelay.xml
auto.tcl: Setting watchdog for 200 seconds at Tue Nov 05 06:10:20 UTC 2019
3 ms. Memory: 48128K Free: 30841K (64%)
ptolemy.util.test.WatchDog.cancel(): canceling Tue Nov 05 06:10:20 UTC 2019
auto.tcl: Setting watchdog for 200 seconds at Tue Nov 05 06:10:20 UTC 2019
1 ms. Memory: 48128K Free: 30345K (63%)
ptolemy.util.test.WatchDog.cancel(): canceling Tue Nov 05 06:10:20 UTC 2019
------------------ testing $PTII/ptolemy/domains/de/test/auto/TimingParadox.xml
auto.tcl: Setting watchdog for 200 seconds at Tue Nov 05 06:10:20 UTC 2019
392 ms. Memory: 48128K Free: 13525K (28%)
ptolemy.util.test.WatchDog.cancel(): canceling Tue Nov 05 06:10:20 UTC 2019
auto.tcl: Setting watchdog for 200 seconds at Tue Nov 05 06:10:20 UTC 2019
385 ms. Memory: 48128K Free: 25519K (53%)
ptolemy.util.test.WatchDog.cancel(): canceling Tue Nov 05 06:10:21 UTC 2019
------------------ testing $PTII/ptolemy/domains/de/test/auto/TransferInputs.xml
auto.tcl: Setting watchdog for 200 seconds at Tue Nov 05 06:10:21 UTC 2019
1 ms. Memory: 48128K Free: 28813K (60%)
ptolemy.util.test.WatchDog.cancel(): canceling Tue Nov 05 06:10:21 UTC 2019
auto.tcl: Setting watchdog for 200 seconds at Tue Nov 05 06:10:21 UTC 2019
2 ms. Memory: 48128K Free: 27977K (58%)
ptolemy.util.test.WatchDog.cancel(): canceling Tue Nov 05 06:10:21 UTC 2019
------------------ testing $PTII/ptolemy/domains/de/test/auto/TransferOutputs2.xml
auto.tcl: Setting watchdog for 200 seconds at Tue Nov 05 06:10:21 UTC 2019
3 ms. Memory: 48128K Free: 26255K (55%)
ptolemy.util.test.WatchDog.cancel(): canceling Tue Nov 05 06:10:21 UTC 2019
auto.tcl: Setting watchdog for 200 seconds at Tue Nov 05 06:10:21 UTC 2019
2 ms. Memory: 48128K Free: 24878K (52%)
ptolemy.util.test.WatchDog.cancel(): canceling Tue Nov 05 06:10:21 UTC 2019
------------------ testing $PTII/ptolemy/domains/de/test/auto/Trilateration.xml
auto.tcl: Setting watchdog for 200 seconds at Tue Nov 05 06:10:21 UTC 2019
14159 ms. Memory: 487424K Free: 382711K (79%)
ptolemy.util.test.WatchDog.cancel(): canceling Tue Nov 05 06:10:36 UTC 2019
auto.tcl: Setting watchdog for 200 seconds at Tue Nov 05 06:10:36 UTC 2019
10980 ms. Memory: 487424K Free: 325912K (67%)
ptolemy.util.test.WatchDog.cancel(): canceling Tue Nov 05 06:10:47 UTC 2019
------------------ testing $PTII/ptolemy/domains/de/test/auto/TwoSigmaDelta.xml
auto.tcl: Setting watchdog for 200 seconds at Tue Nov 05 06:10:47 UTC 2019
2601 ms. Memory: 89088K Free: 21353K (24%)
ptolemy.util.test.WatchDog.cancel(): canceling Tue Nov 05 06:10:50 UTC 2019
auto.tcl: Setting watchdog for 200 seconds at Tue Nov 05 06:10:50 UTC 2019
2101 ms. Memory: 89088K Free: 14672K (16%)
ptolemy.util.test.WatchDog.cancel(): canceling Tue Nov 05 06:10:52 UTC 2019
------------------ testing $PTII/ptolemy/domains/de/test/auto/VariableDelay.xml
auto.tcl: Setting watchdog for 200 seconds at Tue Nov 05 06:10:52 UTC 2019
2 ms. Memory: 51200K Free: 32361K (63%)
ptolemy.util.test.WatchDog.cancel(): canceling Tue Nov 05 06:10:52 UTC 2019
auto.tcl: Setting watchdog for 200 seconds at Tue Nov 05 06:10:52 UTC 2019
1 ms. Memory: 51200K Free: 31337K (61%)
ptolemy.util.test.WatchDog.cancel(): canceling Tue Nov 05 06:10:52 UTC 2019
------------------ testing $PTII/ptolemy/domains/de/test/auto/VariableDelay2.xml
auto.tcl: Setting watchdog for 200 seconds at Tue Nov 05 06:10:52 UTC 2019
2 ms. Memory: 51200K Free: 32685K (64%)
ptolemy.util.test.WatchDog.cancel(): canceling Tue Nov 05 06:10:52 UTC 2019
auto.tcl: Setting watchdog for 200 seconds at Tue Nov 05 06:10:52 UTC 2019
2 ms. Memory: 51200K Free: 31735K (62%)
ptolemy.util.test.WatchDog.cancel(): canceling Tue Nov 05 06:10:52 UTC 2019
------------------ testing $PTII/ptolemy/domains/de/test/auto/VariableDelayZeroDelay.xml
auto.tcl: Setting watchdog for 200 seconds at Tue Nov 05 06:10:52 UTC 2019
2 ms. Memory: 51200K Free: 33303K (65%)
ptolemy.util.test.WatchDog.cancel(): canceling Tue Nov 05 06:10:52 UTC 2019
auto.tcl: Setting watchdog for 200 seconds at Tue Nov 05 06:10:52 UTC 2019
2 ms. Memory: 51200K Free: 32789K (64%)
ptolemy.util.test.WatchDog.cancel(): canceling Tue Nov 05 06:10:52 UTC 2019
------------------ testing $PTII/ptolemy/domains/de/test/auto/VariableDelayZeroDelay2.xml
auto.tcl: Setting watchdog for 200 seconds at Tue Nov 05 06:10:52 UTC 2019
2 ms. Memory: 51200K Free: 33302K (65%)
ptolemy.util.test.WatchDog.cancel(): canceling Tue Nov 05 06:10:53 UTC 2019
auto.tcl: Setting watchdog for 200 seconds at Tue Nov 05 06:10:53 UTC 2019
2 ms. Memory: 51200K Free: 32278K (63%)
ptolemy.util.test.WatchDog.cancel(): canceling Tue Nov 05 06:10:53 UTC 2019
------------------ testing $PTII/ptolemy/domains/de/test/auto/deInCt.xml
auto.tcl: Setting watchdog for 200 seconds at Tue Nov 05 06:10:53 UTC 2019
0
1
1
1
1
0
0
0
1
1
1
1
1
0
0
0
1
1
1
0
0
0
1
1
1
0
0
0
1
1
1
1
0
0
1
1
1
1
19 ms. Memory: 51200K Free: 32275K (63%)
ptolemy.util.test.WatchDog.cancel(): canceling Tue Nov 05 06:10:53 UTC 2019
auto.tcl: Setting watchdog for 200 seconds at Tue Nov 05 06:10:53 UTC 2019
0
1
1
1
0
0
0
1
1
1
0
0
0
1
1
1
0
0
0
1
1
1
1
1
0
0
0
1
1
1
0
0
0
1
1
1
1
1
6 ms. Memory: 51200K Free: 30737K (60%)
ptolemy.util.test.WatchDog.cancel(): canceling Tue Nov 05 06:10:53 UTC 2019
------------------ testing $PTII/ptolemy/domains/de/test/auto/deInCt2.xml
auto.tcl: Setting watchdog for 200 seconds at Tue Nov 05 06:10:53 UTC 2019
0
1
1
1
0
0
1
1
1
0
0
1
1
1
0
0
1
1
1
0
0
1
1
1
0
0
1
1
1
0
0
1
1
1
0
0
1
1
1
0
0
0
19 ms. Memory: 51200K Free: 32277K (63%)
ptolemy.util.test.WatchDog.cancel(): canceling Tue Nov 05 06:10:53 UTC 2019
auto.tcl: Setting watchdog for 200 seconds at Tue Nov 05 06:10:53 UTC 2019
0
1
1
1
0
0
1
1
1
0
0
1
1
1
0
0
1
1
1
0
0
1
1
1
0
0
1
1
1
0
0
1
1
1
0
0
1
1
1
0
0
0
9 ms. Memory: 51200K Free: 30739K (60%)
ptolemy.util.test.WatchDog.cancel(): canceling Tue Nov 05 06:10:53 UTC 2019
------------------ testing $PTII/ptolemy/domains/de/test/auto/dynamicCausalityInterface1.xml
auto.tcl: Setting watchdog for 200 seconds at Tue Nov 05 06:10:53 UTC 2019
1 ms. Memory: 51200K Free: 28175K (55%)
ptolemy.util.test.WatchDog.cancel(): canceling Tue Nov 05 06:10:53 UTC 2019
auto.tcl: Setting watchdog for 200 seconds at Tue Nov 05 06:10:53 UTC 2019
1 ms. Memory: 51200K Free: 27661K (54%)
ptolemy.util.test.WatchDog.cancel(): canceling Tue Nov 05 06:10:53 UTC 2019
------------------ testing $PTII/ptolemy/domains/de/test/auto/fsm_de_test.xml
auto.tcl: Setting watchdog for 200 seconds at Tue Nov 05 06:10:53 UTC 2019
9 ms. Memory: 51200K Free: 28074K (55%)
ptolemy.util.test.WatchDog.cancel(): canceling Tue Nov 05 06:10:53 UTC 2019
auto.tcl: Setting watchdog for 200 seconds at Tue Nov 05 06:10:53 UTC 2019
5 ms. Memory: 51200K Free: 26026K (51%)
ptolemy.util.test.WatchDog.cancel(): canceling Tue Nov 05 06:10:53 UTC 2019
------------------ testing $PTII/ptolemy/domains/de/test/auto/functionDependencyReconstruction.xml
auto.tcl: Setting watchdog for 200 seconds at Tue Nov 05 06:10:53 UTC 2019
3 ms. Memory: 48128K Free: 18848K (39%)
ptolemy.util.test.WatchDog.cancel(): canceling Tue Nov 05 06:10:53 UTC 2019
auto.tcl: Setting watchdog for 200 seconds at Tue Nov 05 06:10:53 UTC 2019
3 ms. Memory: 48128K Free: 16847K (35%)
ptolemy.util.test.WatchDog.cancel(): canceling Tue Nov 05 06:10:53 UTC 2019
------------------ testing $PTII/ptolemy/domains/de/test/auto/multirate.xml
auto.tcl: Setting watchdog for 200 seconds at Tue Nov 05 06:10:53 UTC 2019
3 ms. Memory: 48128K Free: 27663K (57%)
ptolemy.util.test.WatchDog.cancel(): canceling Tue Nov 05 06:10:53 UTC 2019
auto.tcl: Setting watchdog for 200 seconds at Tue Nov 05 06:10:53 UTC 2019
3 ms. Memory: 48128K Free: 25975K (54%)
ptolemy.util.test.WatchDog.cancel(): canceling Tue Nov 05 06:10:53 UTC 2019
------------------ testing $PTII/ptolemy/domains/de/test/auto/multirate2.xml
auto.tcl: Setting watchdog for 200 seconds at Tue Nov 05 06:10:53 UTC 2019
3 ms. Memory: 48128K Free: 27599K (57%)
ptolemy.util.test.WatchDog.cancel(): canceling Tue Nov 05 06:10:53 UTC 2019
auto.tcl: Setting watchdog for 200 seconds at Tue Nov 05 06:10:53 UTC 2019
3 ms. Memory: 48128K Free: 26140K (54%)
ptolemy.util.test.WatchDog.cancel(): canceling Tue Nov 05 06:10:53 UTC 2019
------------------ testing $PTII/ptolemy/domains/de/test/auto/realtime.xml
auto.tcl: Setting watchdog for 200 seconds at Tue Nov 05 06:10:53 UTC 2019
10003 ms. Memory: 48128K Free: 29875K (62%)
ptolemy.util.test.WatchDog.cancel(): canceling Tue Nov 05 06:11:03 UTC 2019
auto.tcl: Setting watchdog for 200 seconds at Tue Nov 05 06:11:03 UTC 2019
10002 ms. Memory: 48128K Free: 29149K (61%)
ptolemy.util.test.WatchDog.cancel(): canceling Tue Nov 05 06:11:13 UTC 2019
------------------ testing $PTII/ptolemy/domains/de/test/auto/relationGroup.xml
auto.tcl: Setting watchdog for 200 seconds at Tue Nov 05 06:11:13 UTC 2019
7 ms. Memory: 48128K Free: 30986K (64%)
ptolemy.util.test.WatchDog.cancel(): canceling Tue Nov 05 06:11:13 UTC 2019
auto.tcl: Setting watchdog for 200 seconds at Tue Nov 05 06:11:13 UTC 2019
3 ms. Memory: 48128K Free: 30480K (63%)
ptolemy.util.test.WatchDog.cancel(): canceling Tue Nov 05 06:11:13 UTC 2019
------------------ testing $PTII/ptolemy/domains/de/test/auto/relationGroup2.xml
auto.tcl: Setting watchdog for 200 seconds at Tue Nov 05 06:11:13 UTC 2019
2 ms. Memory: 48128K Free: 30736K (64%)
ptolemy.util.test.WatchDog.cancel(): canceling Tue Nov 05 06:11:13 UTC 2019
auto.tcl: Setting watchdog for 200 seconds at Tue Nov 05 06:11:13 UTC 2019
1 ms. Memory: 48128K Free: 29789K (62%)
ptolemy.util.test.WatchDog.cancel(): canceling Tue Nov 05 06:11:13 UTC 2019
------------------ testing $PTII/ptolemy/domains/de/test/auto/sortWithOpaquePorts.xml
auto.tcl: Setting watchdog for 200 seconds at Tue Nov 05 06:11:13 UTC 2019
2 ms. Memory: 48128K Free: 30257K (63%)
ptolemy.util.test.WatchDog.cancel(): canceling Tue Nov 05 06:11:13 UTC 2019
auto.tcl: Setting watchdog for 200 seconds at Tue Nov 05 06:11:13 UTC 2019
3 ms. Memory: 48128K Free: 28748K (60%)
ptolemy.util.test.WatchDog.cancel(): canceling Tue Nov 05 06:11:13 UTC 2019
------------------ testing $PTII/ptolemy/domains/de/test/auto/transferInputsandOutputs.xml
auto.tcl: Setting watchdog for 200 seconds at Tue Nov 05 06:11:14 UTC 2019
5 ms. Memory: 48128K Free: 27172K (56%)
ptolemy.util.test.WatchDog.cancel(): canceling Tue Nov 05 06:11:14 UTC 2019
auto.tcl: Setting watchdog for 200 seconds at Tue Nov 05 06:11:14 UTC 2019
3 ms. Memory: 48128K Free: 26223K (54%)
ptolemy.util.test.WatchDog.cancel(): canceling Tue Nov 05 06:11:14 UTC 2019
------------------ testing $PTII/ptolemy/domains/de/test/auto/triggerType.xml
auto.tcl: Setting watchdog for 200 seconds at Tue Nov 05 06:11:14 UTC 2019
2 ms. Memory: 48128K Free: 30197K (63%)
ptolemy.util.test.WatchDog.cancel(): canceling Tue Nov 05 06:11:14 UTC 2019
auto.tcl: Setting watchdog for 200 seconds at Tue Nov 05 06:11:14 UTC 2019
2 ms. Memory: 48128K Free: 29190K (61%)
ptolemy.util.test.WatchDog.cancel(): canceling Tue Nov 05 06:11:14 UTC 2019
11/05/19 06:11:14
Failed: 0  Total Tests: 192  ((Passed: 187, Newly Passed: 1)  Known Failed: 5) /home/travis/build/icyphy/ptII/ptolemy/domains/de/test
11/05/19 06:11:14
Failed: 0  Total Tests: 192  ((Passed: 187, Newly Passed: 1)  Known Failed: 5) /home/travis/build/icyphy/ptII/ptolemy/domains/de/test
----------------- testing (KnownFailure) /home/travis/build/icyphy/ptII/ptolemy/domains/de/test/auto/knownFailedTests/DESDFClockTest.xml
2018 ms. Memory: 48128K Free: 23592K (49%)
Known Failure: java.lang.reflect.InvocationTargetException
----------------- testing (KnownFailure) /home/travis/build/icyphy/ptII/ptolemy/domains/de/test/auto/knownFailedTests/DirectFeedback.xml
3 ms. Memory: 48128K Free: 20010K (42%)
Known Failure: java.lang.reflect.InvocationTargetException
----------------- testing (KnownFailure) /home/travis/build/icyphy/ptII/ptolemy/domains/de/test/auto/knownFailedTests/FSMSource.xml
15 ms. Memory: 48128K Free: 12842K (27%)
----------------- testing (KnownFailure) /home/travis/build/icyphy/ptII/ptolemy/domains/de/test/auto/knownFailedTests/HierarchicalModel.xml
3 ms. Memory: 48128K Free: 22917K (48%)
Known Failure: java.lang.reflect.InvocationTargetException
----------------- testing (KnownFailure) /home/travis/build/icyphy/ptII/ptolemy/domains/de/test/auto/knownFailedTests/dependencyLoop.xml
9 ms. Memory: 48128K Free: 33782K (70%)
Known Failure: java.lang.reflect.InvocationTargetException
----------------- testing (KnownFailure) /home/travis/build/icyphy/ptII/ptolemy/domains/de/test/auto/knownFailedTests/dependencyLoop2.xml
7 ms. Memory: 48128K Free: 18780K (39%)
Known Failure: java.lang.reflect.InvocationTargetException
No auto/linux-amd64/*.xml tests in /home/travis/build/icyphy/ptII/ptolemy/domains/de/test
AutoTests.java: About to close Vertx.
AutoTests.java: Vertx closed.

===========================================================================================
----------------- testing Tue Nov 05 06:11:16 UTC 2019 /home/travis/build/icyphy/ptII/ptolemy/domains/de/test/auto/ActorDepthCalculation_actorWithoutPorts.xml
----------------- Instantiating /home/travis/build/icyphy/ptII/ptolemy/domains/de/test/auto/ActorDepthCalculation_actorWithoutPorts.xml
2 ms. Memory: 48128K Free: 12841K (27%)
----------------- Invoking toplevel() on ptolemy.moml.MoMLSimpleApplication@1e1ea496
----------------- Done invoking toplevel() on ptolemy.moml.MoMLSimpleApplication@1e1ea496
reloadAllAccessors: .ActorDepthCalculation_actorWithoutPorts

===========================================================================================
----------------- testing Tue Nov 05 06:11:16 UTC 2019 /home/travis/build/icyphy/ptII/ptolemy/domains/de/test/auto/AssemblyLine.xml
----------------- Instantiating /home/travis/build/icyphy/ptII/ptolemy/domains/de/test/auto/AssemblyLine.xml
3 ms. Memory: 48128K Free: 31561K (66%)
----------------- Invoking toplevel() on ptolemy.moml.MoMLSimpleApplication@5dbbe46f
----------------- Done invoking toplevel() on ptolemy.moml.MoMLSimpleApplication@5dbbe46f
reloadAllAccessors: .AssemblyLine

===========================================================================================
----------------- testing Tue Nov 05 06:11:16 UTC 2019 /home/travis/build/icyphy/ptII/ptolemy/domains/de/test/auto/CQBug1.xml
----------------- Instantiating /home/travis/build/icyphy/ptII/ptolemy/domains/de/test/auto/CQBug1.xml
2 ms. Memory: 48128K Free: 28690K (60%)
----------------- Invoking toplevel() on ptolemy.moml.MoMLSimpleApplication@4f3b0fd4
----------------- Done invoking toplevel() on ptolemy.moml.MoMLSimpleApplication@4f3b0fd4
reloadAllAccessors: .CQBug1

===========================================================================================
----------------- testing Tue Nov 05 06:11:16 UTC 2019 /home/travis/build/icyphy/ptII/ptolemy/domains/de/test/auto/CancelFireAt.xml
----------------- Instantiating /home/travis/build/icyphy/ptII/ptolemy/domains/de/test/auto/CancelFireAt.xml
14 ms. Memory: 48128K Free: 26455K (55%)
----------------- Invoking toplevel() on ptolemy.moml.MoMLSimpleApplication@42f04905
----------------- Done invoking toplevel() on ptolemy.moml.MoMLSimpleApplication@42f04905
reloadAllAccessors: .CancelFireAt

===========================================================================================
----------------- testing Tue Nov 05 06:11:16 UTC 2019 /home/travis/build/icyphy/ptII/ptolemy/domains/de/test/auto/CausalityAndComposabilityAnalysis.xml
----------------- Instantiating /home/travis/build/icyphy/ptII/ptolemy/domains/de/test/auto/CausalityAndComposabilityAnalysis.xml
2 ms. Memory: 48128K Free: 22337K (46%)
----------------- Invoking toplevel() on ptolemy.moml.MoMLSimpleApplication@58da92ae
----------------- Done invoking toplevel() on ptolemy.moml.MoMLSimpleApplication@58da92ae
reloadAllAccessors: .CausalityAndComposabilityAnalysis

===========================================================================================
----------------- testing Tue Nov 05 06:11:16 UTC 2019 /home/travis/build/icyphy/ptII/ptolemy/domains/de/test/auto/CausalityInterface1.xml
----------------- Instantiating /home/travis/build/icyphy/ptII/ptolemy/domains/de/test/auto/CausalityInterface1.xml
5 ms. Memory: 48128K Free: 17426K (36%)
----------------- Invoking toplevel() on ptolemy.moml.MoMLSimpleApplication@7429a753
----------------- Done invoking toplevel() on ptolemy.moml.MoMLSimpleApplication@7429a753
reloadAllAccessors: .CausalityInterface1

===========================================================================================
----------------- testing Tue Nov 05 06:11:16 UTC 2019 /home/travis/build/icyphy/ptII/ptolemy/domains/de/test/auto/CausalityInterface15.xml
----------------- Instantiating /home/travis/build/icyphy/ptII/ptolemy/domains/de/test/auto/CausalityInterface15.xml
1 ms. Memory: 48128K Free: 12089K (25%)
----------------- Invoking toplevel() on ptolemy.moml.MoMLSimpleApplication@95f95a0
----------------- Done invoking toplevel() on ptolemy.moml.MoMLSimpleApplication@95f95a0
reloadAllAccessors: .CausalityInterface15

===========================================================================================
----------------- testing Tue Nov 05 06:11:16 UTC 2019 /home/travis/build/icyphy/ptII/ptolemy/domains/de/test/auto/CausalityInterface2.xml
----------------- Instantiating /home/travis/build/icyphy/ptII/ptolemy/domains/de/test/auto/CausalityInterface2.xml
7 ms. Memory: 48128K Free: 33362K (69%)
[...]
	at ptolemy.actor.Manager.run(Manager.java:1263)
	at ptolemy.actor.Manager$PtolemyRunThread.run(Manager.java:1933)
java.lang.RuntimeException: Execution failed
	at ptolemy.moml.MoMLSimpleApplication$UnloadThread.run(MoMLSimpleApplication.java:402)
Caused by: ptolemy.kernel.util.IllegalActionException: Actor is not ready to fire.  Perhaps UpSample.prefire() returned false? Try debugging the actor by selecting "Listen to Actor".  Also, for SDF check moml for tokenConsumptionRate on input.
  in .DESDFClockTest.Play Bell.Copy1:SDF Director and .DESDFClockTest.Play Bell.UpSample
	at ptolemy.actor.sched.StaticSchedulingDirector.fire(StaticSchedulingDirector.java:227)
	at ptolemy.domains.sdf.kernel.SDFDirector.fire(SDFDirector.java:500)
	at ptolemy.actor.CompositeActor.fire(CompositeActor.java:455)
	at ptolemy.domains.de.kernel.DEDirector._fire(DEDirector.java:1949)
	at ptolemy.domains.de.kernel.DEDirector.fire(DEDirector.java:502)
	at ptolemy.actor.CompositeActor.fire(CompositeActor.java:455)
	at ptolemy.actor.Manager.iterate(Manager.java:851)
	at ptolemy.actor.Manager.execute(Manager.java:369)
	at ptolemy.actor.Manager.run(Manager.java:1263)
	at ptolemy.actor.Manager$PtolemyRunThread.run(Manager.java:1933)
java.lang.reflect.InvocationTargetException
	at java.base/jdk.internal.reflect.NativeConstructorAccessorImpl.newInstance0(Native Method)
	at java.base/jdk.internal.reflect.NativeConstructorAccessorImpl.newInstance(NativeConstructorAccessorImpl.java:62)
	at java.base/jdk.internal.reflect.DelegatingConstructorAccessorImpl.newInstance(DelegatingConstructorAccessorImpl.java:45)
	at java.base/java.lang.reflect.Constructor.newInstance(Constructor.java:490)
	at ptolemy.util.test.junit.AutoKnownFailedTests.RunModel(AutoKnownFailedTests.java:105)
	at java.base/jdk.internal.reflect.NativeMethodAccessorImpl.invoke0(Native Method)
	at java.base/jdk.internal.reflect.NativeMethodAccessorImpl.invoke(NativeMethodAccessorImpl.java:62)
	at java.base/jdk.internal.reflect.DelegatingMethodAccessorImpl.invoke(DelegatingMethodAccessorImpl.java:43)
	at java.base/java.lang.reflect.Method.invoke(Method.java:566)
	at org.junit.runners.model.FrameworkMethod$1.runReflectiveCall(FrameworkMethod.java:44)
	at org.junit.internal.runners.model.ReflectiveCallable.run(ReflectiveCallable.java:15)
	at org.junit.runners.model.FrameworkMethod.invokeExplosively(FrameworkMethod.java:41)
	at junitparams.internal.InvokeParameterisedMethod.evaluate(InvokeParameterisedMethod.java:102)
	at org.junit.internal.runners.statements.FailOnTimeout$1.run(FailOnTimeout.java:28)
Caused by: ptolemy.kernel.util.IllegalActionException: Actor is not ready to fire.  Perhaps UpSample.prefire() returned false? Try debugging the actor by selecting "Listen to Actor".  Also, for SDF check moml for tokenConsumptionRate on input.
  in .DESDFClockTest.Play Bell.Copy1:SDF Director and .DESDFClockTest.Play Bell.UpSample
	at ptolemy.actor.sched.StaticSchedulingDirector.fire(StaticSchedulingDirector.java:227)
	at ptolemy.domains.sdf.kernel.SDFDirector.fire(SDFDirector.java:500)
	at ptolemy.actor.CompositeActor.fire(CompositeActor.java:455)
	at ptolemy.domains.de.kernel.DEDirector._fire(DEDirector.java:1949)
	at ptolemy.domains.de.kernel.DEDirector.fire(DEDirector.java:502)
	at ptolemy.actor.CompositeActor.fire(CompositeActor.java:455)
	at ptolemy.actor.Manager.iterate(Manager.java:851)
	at ptolemy.actor.Manager.execute(Manager.java:369)
	at ptolemy.actor.Manager.run(Manager.java:1263)
	at ptolemy.actor.Manager$PtolemyRunThread.run(Manager.java:1933)
java.lang.RuntimeException: Execution failed
	at ptolemy.moml.MoMLSimpleApplication$UnloadThread.run(MoMLSimpleApplication.java:402)
Caused by: ptolemy.kernel.util.IllegalActionException: Test fails in iteration 1.
Value was: 1.0. Should have been: 2.0
  in .DirectFeedback.Test
	at ptolemy.actor.lib.Test.fire(Test.java:268)
	at ptolemy.domains.de.kernel.DEDirector._fire(DEDirector.java:1949)
	at ptolemy.domains.de.kernel.DEDirector.fire(DEDirector.java:502)
	at ptolemy.actor.CompositeActor.fire(CompositeActor.java:455)
	at ptolemy.actor.Manager.iterate(Manager.java:851)
	at ptolemy.actor.Manager.execute(Manager.java:369)
	at ptolemy.actor.Manager.run(Manager.java:1263)
	at ptolemy.actor.Manager$PtolemyRunThread.run(Manager.java:1933)
java.lang.reflect.InvocationTargetException
	at java.base/jdk.internal.reflect.NativeConstructorAccessorImpl.newInstance0(Native Method)
	at java.base/jdk.internal.reflect.NativeConstructorAccessorImpl.newInstance(NativeConstructorAccessorImpl.java:62)
	at java.base/jdk.internal.reflect.DelegatingConstructorAccessorImpl.newInstance(DelegatingConstructorAccessorImpl.java:45)
	at java.base/java.lang.reflect.Constructor.newInstance(Constructor.java:490)
	at ptolemy.util.test.junit.AutoKnownFailedTests.RunModel(AutoKnownFailedTests.java:105)
	at java.base/jdk.internal.reflect.NativeMethodAccessorImpl.invoke0(Native Method)
	at java.base/jdk.internal.reflect.NativeMethodAccessorImpl.invoke(NativeMethodAccessorImpl.java:62)
	at java.base/jdk.internal.reflect.DelegatingMethodAccessorImpl.invoke(DelegatingMethodAccessorImpl.java:43)
	at java.base/java.lang.reflect.Method.invoke(Method.java:566)
	at org.junit.runners.model.FrameworkMethod$1.runReflectiveCall(FrameworkMethod.java:44)
	at org.junit.internal.runners.model.ReflectiveCallable.run(ReflectiveCallable.java:15)
	at org.junit.runners.model.FrameworkMethod.invokeExplosively(FrameworkMethod.java:41)
	at junitparams.internal.InvokeParameterisedMethod.evaluate(InvokeParameterisedMethod.java:102)
	at org.junit.internal.runners.statements.FailOnTimeout$1.run(FailOnTimeout.java:28)
Caused by: ptolemy.kernel.util.IllegalActionException: Test fails in iteration 1.
Value was: 1.0. Should have been: 2.0
  in .DirectFeedback.Test
	at ptolemy.actor.lib.Test.fire(Test.java:268)
	at ptolemy.domains.de.kernel.DEDirector._fire(DEDirector.java:1949)
	at ptolemy.domains.de.kernel.DEDirector.fire(DEDirector.java:502)
	at ptolemy.actor.CompositeActor.fire(CompositeActor.java:455)
	at ptolemy.actor.Manager.iterate(Manager.java:851)
	at ptolemy.actor.Manager.execute(Manager.java:369)
	at ptolemy.actor.Manager.run(Manager.java:1263)
	at ptolemy.actor.Manager$PtolemyRunThread.run(Manager.java:1933)
java.lang.RuntimeException: Execution failed
	at ptolemy.moml.MoMLSimpleApplication$UnloadThread.run(MoMLSimpleApplication.java:402)
Caused by: ptolemy.kernel.util.IllegalActionException: Found a zero delay loop containing .HierarchicalModel.A
  in .HierarchicalModel and .HierarchicalModel.A
	at ptolemy.actor.util.CausalityInterfaceForComposites._computeOutputPortDepth(CausalityInterfaceForComposites.java:759)
	at ptolemy.actor.util.CausalityInterfaceForComposites._computeInputDepth(CausalityInterfaceForComposites.java:696)
	at ptolemy.actor.util.CausalityInterfaceForComposites._computeOutputPortDepth(CausalityInterfaceForComposites.java:765)
	at ptolemy.actor.util.CausalityInterfaceForComposites._computeInputDepth(CausalityInterfaceForComposites.java:696)
	at ptolemy.actor.util.CausalityInterfaceForComposites._computeOutputPortDepth(CausalityInterfaceForComposites.java:765)
	at ptolemy.actor.util.CausalityInterfaceForComposites._computeInputDepth(CausalityInterfaceForComposites.java:696)
	at ptolemy.actor.util.CausalityInterfaceForComposites._computeActorDepth(CausalityInterfaceForComposites.java:532)
	at ptolemy.actor.util.CausalityInterfaceForComposites.checkForCycles(CausalityInterfaceForComposites.java:96)
	at ptolemy.domains.de.kernel.DEDirector.preinitialize(DEDirector.java:1338)
	at ptolemy.actor.CompositeActor.preinitialize(CompositeActor.java:1828)
	at ptolemy.actor.Manager.preinitializeAndResolveTypes(Manager.java:1040)
	at ptolemy.actor.Manager.initialize(Manager.java:710)
	at ptolemy.actor.Manager.execute(Manager.java:356)
	at ptolemy.actor.Manager.run(Manager.java:1263)
	at ptolemy.actor.Manager$PtolemyRunThread.run(Manager.java:1933)
java.lang.reflect.InvocationTargetException
	at java.base/jdk.internal.reflect.NativeConstructorAccessorImpl.newInstance0(Native Method)
	at java.base/jdk.internal.reflect.NativeConstructorAccessorImpl.newInstance(NativeConstructorAccessorImpl.java:62)
	at java.base/jdk.internal.reflect.DelegatingConstructorAccessorImpl.newInstance(DelegatingConstructorAccessorImpl.java:45)
	at java.base/java.lang.reflect.Constructor.newInstance(Constructor.java:490)
	at ptolemy.util.test.junit.AutoKnownFailedTests.RunModel(AutoKnownFailedTests.java:105)
	at java.base/jdk.internal.reflect.NativeMethodAccessorImpl.invoke0(Native Method)
	at java.base/jdk.internal.reflect.NativeMethodAccessorImpl.invoke(NativeMethodAccessorImpl.java:62)
	at java.base/jdk.internal.reflect.DelegatingMethodAccessorImpl.invoke(DelegatingMethodAccessorImpl.java:43)
	at java.base/java.lang.reflect.Method.invoke(Method.java:566)
	at org.junit.runners.model.FrameworkMethod$1.runReflectiveCall(FrameworkMethod.java:44)
	at org.junit.internal.runners.model.ReflectiveCallable.run(ReflectiveCallable.java:15)
	at org.junit.runners.model.FrameworkMethod.invokeExplosively(FrameworkMethod.java:41)
	at junitparams.internal.InvokeParameterisedMethod.evaluate(InvokeParameterisedMethod.java:102)
	at org.junit.internal.runners.statements.FailOnTimeout$1.run(FailOnTimeout.java:28)
Caused by: ptolemy.kernel.util.IllegalActionException: Found a zero delay loop containing .HierarchicalModel.A
  in .HierarchicalModel and .HierarchicalModel.A
	at ptolemy.actor.util.CausalityInterfaceForComposites._computeOutputPortDepth(CausalityInterfaceForComposites.java:759)
	at ptolemy.actor.util.CausalityInterfaceForComposites._computeInputDepth(CausalityInterfaceForComposites.java:696)
	at ptolemy.actor.util.CausalityInterfaceForComposites._computeOutputPortDepth(CausalityInterfaceForComposites.java:765)
	at ptolemy.actor.util.CausalityInterfaceForComposites._computeInputDepth(CausalityInterfaceForComposites.java:696)
	at ptolemy.actor.util.CausalityInterfaceForComposites._computeOutputPortDepth(CausalityInterfaceForComposites.java:765)
	at ptolemy.actor.util.CausalityInterfaceForComposites._computeInputDepth(CausalityInterfaceForComposites.java:696)
	at ptolemy.actor.util.CausalityInterfaceForComposites._computeActorDepth(CausalityInterfaceForComposites.java:532)
	at ptolemy.actor.util.CausalityInterfaceForComposites.checkForCycles(CausalityInterfaceForComposites.java:96)
	at ptolemy.domains.de.kernel.DEDirector.preinitialize(DEDirector.java:1338)
	at ptolemy.actor.CompositeActor.preinitialize(CompositeActor.java:1828)
	at ptolemy.actor.Manager.preinitializeAndResolveTypes(Manager.java:1040)
	at ptolemy.actor.Manager.initialize(Manager.java:710)
	at ptolemy.actor.Manager.execute(Manager.java:356)
	at ptolemy.actor.Manager.run(Manager.java:1263)
	at ptolemy.actor.Manager$PtolemyRunThread.run(Manager.java:1933)
java.lang.RuntimeException: Execution failed
	at ptolemy.moml.MoMLSimpleApplication$UnloadThread.run(MoMLSimpleApplication.java:402)
Caused by: ptolemy.kernel.util.IllegalActionException: Found a zero delay loop containing .dependencyLoop.original
  in .dependencyLoop and .dependencyLoop.original
	at ptolemy.actor.util.CausalityInterfaceForComposites._computeOutputPortDepth(CausalityInterfaceForComposites.java:759)
	at ptolemy.actor.util.CausalityInterfaceForComposites._computeInputDepth(CausalityInterfaceForComposites.java:696)
	at ptolemy.actor.util.CausalityInterfaceForComposites._computeOutputPortDepth(CausalityInterfaceForComposites.java:765)
	at ptolemy.actor.util.CausalityInterfaceForComposites._computeInputDepth(CausalityInterfaceForComposites.java:696)
	at ptolemy.actor.util.CausalityInterfaceForComposites._computeOutputPortDepth(CausalityInterfaceForComposites.java:765)
	at ptolemy.actor.util.CausalityInterfaceForComposites._computeInputDepth(CausalityInterfaceForComposites.java:696)
	at ptolemy.actor.util.CausalityInterfaceForComposites._computeActorDepth(CausalityInterfaceForComposites.java:532)
	at ptolemy.actor.util.CausalityInterfaceForComposites.checkForCycles(CausalityInterfaceForComposites.java:96)
	at ptolemy.domains.de.kernel.DEDirector.preinitialize(DEDirector.java:1338)
	at ptolemy.actor.CompositeActor.preinitialize(CompositeActor.java:1828)
	at ptolemy.actor.Manager.preinitializeAndResolveTypes(Manager.java:1040)
	at ptolemy.actor.Manager.initialize(Manager.java:710)
	at ptolemy.actor.Manager.execute(Manager.java:356)
	at ptolemy.actor.Manager.run(Manager.java:1263)
	at ptolemy.actor.Manager$PtolemyRunThread.run(Manager.java:1933)
java.lang.reflect.InvocationTargetException
	at java.base/jdk.internal.reflect.NativeConstructorAccessorImpl.newInstance0(Native Method)
	at java.base/jdk.internal.reflect.NativeConstructorAccessorImpl.newInstance(NativeConstructorAccessorImpl.java:62)
	at java.base/jdk.internal.reflect.DelegatingConstructorAccessorImpl.newInstance(DelegatingConstructorAccessorImpl.java:45)
	at java.base/java.lang.reflect.Constructor.newInstance(Constructor.java:490)
	at ptolemy.util.test.junit.AutoKnownFailedTests.RunModel(AutoKnownFailedTests.java:105)
	at java.base/jdk.internal.reflect.NativeMethodAccessorImpl.invoke0(Native Method)
	at java.base/jdk.internal.reflect.NativeMethodAccessorImpl.invoke(NativeMethodAccessorImpl.java:62)
	at java.base/jdk.internal.reflect.DelegatingMethodAccessorImpl.invoke(DelegatingMethodAccessorImpl.java:43)
	at java.base/java.lang.reflect.Method.invoke(Method.java:566)
	at org.junit.runners.model.FrameworkMethod$1.runReflectiveCall(FrameworkMethod.java:44)
	at org.junit.internal.runners.model.ReflectiveCallable.run(ReflectiveCallable.java:15)
	at org.junit.runners.model.FrameworkMethod.invokeExplosively(FrameworkMethod.java:41)
	at junitparams.internal.InvokeParameterisedMethod.evaluate(InvokeParameterisedMethod.java:102)
	at org.junit.internal.runners.statements.FailOnTimeout$1.run(FailOnTimeout.java:28)
Caused by: ptolemy.kernel.util.IllegalActionException: Found a zero delay loop containing .dependencyLoop.original
  in .dependencyLoop and .dependencyLoop.original
	at ptolemy.actor.util.CausalityInterfaceForComposites._computeOutputPortDepth(CausalityInterfaceForComposites.java:759)
	at ptolemy.actor.util.CausalityInterfaceForComposites._computeInputDepth(CausalityInterfaceForComposites.java:696)
	at ptolemy.actor.util.CausalityInterfaceForComposites._computeOutputPortDepth(CausalityInterfaceForComposites.java:765)
	at ptolemy.actor.util.CausalityInterfaceForComposites._computeInputDepth(CausalityInterfaceForComposites.java:696)
	at ptolemy.actor.util.CausalityInterfaceForComposites._computeOutputPortDepth(CausalityInterfaceForComposites.java:765)
	at ptolemy.actor.util.CausalityInterfaceForComposites._computeInputDepth(CausalityInterfaceForComposites.java:696)
	at ptolemy.actor.util.CausalityInterfaceForComposites._computeActorDepth(CausalityInterfaceForComposites.java:532)
	at ptolemy.actor.util.CausalityInterfaceForComposites.checkForCycles(CausalityInterfaceForComposites.java:96)
	at ptolemy.domains.de.kernel.DEDirector.preinitialize(DEDirector.java:1338)
	at ptolemy.actor.CompositeActor.preinitialize(CompositeActor.java:1828)
	at ptolemy.actor.Manager.preinitializeAndResolveTypes(Manager.java:1040)
	at ptolemy.actor.Manager.initialize(Manager.java:710)
	at ptolemy.actor.Manager.execute(Manager.java:356)
	at ptolemy.actor.Manager.run(Manager.java:1263)
	at ptolemy.actor.Manager$PtolemyRunThread.run(Manager.java:1933)
java.lang.RuntimeException: Execution failed
	at ptolemy.moml.MoMLSimpleApplication$UnloadThread.run(MoMLSimpleApplication.java:402)
Caused by: ptolemy.kernel.util.IllegalActionException: Found a zero delay loop containing .dependencyLoop2.original
  in .dependencyLoop2 and .dependencyLoop2.original
	at ptolemy.actor.util.CausalityInterfaceForComposites._computeOutputPortDepth(CausalityInterfaceForComposites.java:759)
	at ptolemy.actor.util.CausalityInterfaceForComposites._computeInputDepth(CausalityInterfaceForComposites.java:696)
	at ptolemy.actor.util.CausalityInterfaceForComposites._computeOutputPortDepth(CausalityInterfaceForComposites.java:765)
	at ptolemy.actor.util.CausalityInterfaceForComposites._computeInputDepth(CausalityInterfaceForComposites.java:696)
	at ptolemy.actor.util.CausalityInterfaceForComposites._computeOutputPortDepth(CausalityInterfaceForComposites.java:765)
	at ptolemy.actor.util.CausalityInterfaceForComposites._computeInputDepth(CausalityInterfaceForComposites.java:696)
	at ptolemy.actor.util.CausalityInterfaceForComposites._computeActorDepth(CausalityInterfaceForComposites.java:532)
	at ptolemy.actor.util.CausalityInterfaceForComposites.checkForCycles(CausalityInterfaceForComposites.java:96)
	at ptolemy.domains.de.kernel.DEDirector.preinitialize(DEDirector.java:1338)
	at ptolemy.actor.CompositeActor.preinitialize(CompositeActor.java:1828)
	at ptolemy.actor.Manager.preinitializeAndResolveTypes(Manager.java:1040)
	at ptolemy.actor.Manager.initialize(Manager.java:710)
	at ptolemy.actor.Manager.execute(Manager.java:356)
	at ptolemy.actor.Manager.run(Manager.java:1263)
	at ptolemy.actor.Manager$PtolemyRunThread.run(Manager.java:1933)
java.lang.reflect.InvocationTargetException
	at java.base/jdk.internal.reflect.NativeConstructorAccessorImpl.newInstance0(Native Method)
	at java.base/jdk.internal.reflect.NativeConstructorAccessorImpl.newInstance(NativeConstructorAccessorImpl.java:62)
	at java.base/jdk.internal.reflect.DelegatingConstructorAccessorImpl.newInstance(DelegatingConstructorAccessorImpl.java:45)
	at java.base/java.lang.reflect.Constructor.newInstance(Constructor.java:490)
	at ptolemy.util.test.junit.AutoKnownFailedTests.RunModel(AutoKnownFailedTests.java:105)
	at java.base/jdk.internal.reflect.NativeMethodAccessorImpl.invoke0(Native Method)
	at java.base/jdk.internal.reflect.NativeMethodAccessorImpl.invoke(NativeMethodAccessorImpl.java:62)
	at java.base/jdk.internal.reflect.DelegatingMethodAccessorImpl.invoke(DelegatingMethodAccessorImpl.java:43)
	at java.base/java.lang.reflect.Method.invoke(Method.java:566)
	at org.junit.runners.model.FrameworkMethod$1.runReflectiveCall(FrameworkMethod.java:44)
	at org.junit.internal.runners.model.ReflectiveCallable.run(ReflectiveCallable.java:15)
	at org.junit.runners.model.FrameworkMethod.invokeExplosively(FrameworkMethod.java:41)
	at junitparams.internal.InvokeParameterisedMethod.evaluate(InvokeParameterisedMethod.java:102)
	at org.junit.internal.runners.statements.FailOnTimeout$1.run(FailOnTimeout.java:28)
Caused by: ptolemy.kernel.util.IllegalActionException: Found a zero delay loop containing .dependencyLoop2.original
  in .dependencyLoop2 and .dependencyLoop2.original
	at ptolemy.actor.util.CausalityInterfaceForComposites._computeOutputPortDepth(CausalityInterfaceForComposites.java:759)
	at ptolemy.actor.util.CausalityInterfaceForComposites._computeInputDepth(CausalityInterfaceForComposites.java:696)
	at ptolemy.actor.util.CausalityInterfaceForComposites._computeOutputPortDepth(CausalityInterfaceForComposites.java:765)
	at ptolemy.actor.util.CausalityInterfaceForComposites._computeInputDepth(CausalityInterfaceForComposites.java:696)
	at ptolemy.actor.util.CausalityInterfaceForComposites._computeOutputPortDepth(CausalityInterfaceForComposites.java:765)
	at ptolemy.actor.util.CausalityInterfaceForComposites._computeInputDepth(CausalityInterfaceForComposites.java:696)
	at ptolemy.actor.util.CausalityInterfaceForComposites._computeActorDepth(CausalityInterfaceForComposites.java:532)
	at ptolemy.actor.util.CausalityInterfaceForComposites.checkForCycles(CausalityInterfaceForComposites.java:96)
	at ptolemy.domains.de.kernel.DEDirector.preinitialize(DEDirector.java:1338)
	at ptolemy.actor.CompositeActor.preinitialize(CompositeActor.java:1828)
	at ptolemy.actor.Manager.preinitializeAndResolveTypes(Manager.java:1040)
	at ptolemy.actor.Manager.initialize(Manager.java:710)
	at ptolemy.actor.Manager.execute(Manager.java:356)
	at ptolemy.actor.Manager.run(Manager.java:1263)
	at ptolemy.actor.Manager$PtolemyRunThread.run(Manager.java:1933)
]]></system-err>
</testsuite>
