<?xml version="1.0" encoding="UTF-8" ?>
<testsuite errors="0" failures="0" hostname="travis-job-7c0b57ec-c326-4db0-baf6-c22682825790" name="ptolemy.domains.modal.test.junit.JUnitTclTest" skipped="0" tests="148" time="12.759" timestamp="2019-12-06T06:24:53">
  <properties>
[...]
</properties>
  <testcase classname="ptolemy.util.test.junit.TclTests" name="[0] /home/travis/build/icyphy/ptII/ptolemy/domains/modal/test/SystemLevelType.tcl (RunTclFile)" time="2.129" />
  <testcase classname="ptolemy.util.test.junit.AutoKnownFailedTests" name="[0] /home/travis/build/icyphy/ptII/ptolemy/domains/modal/test/auto/knownFailedTests/CannotAnalysisWithPreemption.xml (RunModel)" time="0.307" />
  <testcase classname="ptolemy.util.test.junit.AutoNameArchTests" name="[0] ThereAreNoAutoArchTests (RunModel)" time="0.005" />
  <testcase classname="ptolemy.util.test.junit.AutoTests" name="[0] /home/travis/build/icyphy/ptII/ptolemy/domains/modal/test/auto/ABPTest.xml (RunModel)" time="0.797" />
  <testcase classname="ptolemy.util.test.junit.AutoTests" name="[1] /home/travis/build/icyphy/ptII/ptolemy/domains/modal/test/auto/ABROFlat.xml (RunModel)" time="0.092" />
  <testcase classname="ptolemy.util.test.junit.AutoTests" name="[2] /home/travis/build/icyphy/ptII/ptolemy/domains/modal/test/auto/ABROFlat2.xml (RunModel)" time="0.055" />
  <testcase classname="ptolemy.util.test.junit.AutoTests" name="[3] /home/travis/build/icyphy/ptII/ptolemy/domains/modal/test/auto/ABRO_present_hmm.xml (RunModel)" time="0.153" />
  <testcase classname="ptolemy.util.test.junit.AutoTests" name="[4] /home/travis/build/icyphy/ptII/ptolemy/domains/modal/test/auto/AMICoderExample.xml (RunModel)" time="0.114" />
  <testcase classname="ptolemy.util.test.junit.AutoTests" name="[5] /home/travis/build/icyphy/ptII/ptolemy/domains/modal/test/auto/AbsentToPresent.xml (RunModel)" time="0.024" />
  <testcase classname="ptolemy.util.test.junit.AutoTests" name="[6] /home/travis/build/icyphy/ptII/ptolemy/domains/modal/test/auto/Blending.xml (RunModel)" time="0.275" />
  <testcase classname="ptolemy.util.test.junit.AutoTests" name="[7] /home/travis/build/icyphy/ptII/ptolemy/domains/modal/test/auto/Broadcast.xml (RunModel)" time="0.046" />
  <testcase classname="ptolemy.util.test.junit.AutoTests" name="[8] /home/travis/build/icyphy/ptII/ptolemy/domains/modal/test/auto/BroadcastHierarchy.xml (RunModel)" time="0.073" />
  <testcase classname="ptolemy.util.test.junit.AutoTests" name="[9] /home/travis/build/icyphy/ptII/ptolemy/domains/modal/test/auto/BroadcastHierarchy2.xml (RunModel)" time="0.142" />
  <testcase classname="ptolemy.util.test.junit.AutoTests" name="[10] /home/travis/build/icyphy/ptII/ptolemy/domains/modal/test/auto/BroadcastHierarchy3.xml (RunModel)" time="0.106" />
  <testcase classname="ptolemy.util.test.junit.AutoTests" name="[11] /home/travis/build/icyphy/ptII/ptolemy/domains/modal/test/auto/BroadcastHierarchy4.xml (RunModel)" time="0.077" />
  <testcase classname="ptolemy.util.test.junit.AutoTests" name="[12] /home/travis/build/icyphy/ptII/ptolemy/domains/modal/test/auto/CannotAnalysisWithPreemption2.xml (RunModel)" time="0.041" />
  <testcase classname="ptolemy.util.test.junit.AutoTests" name="[13] /home/travis/build/icyphy/ptII/ptolemy/domains/modal/test/auto/CannotAnalysisWithPreemption3.xml (RunModel)" time="0.042" />
  <testcase classname="ptolemy.util.test.junit.AutoTests" name="[14] /home/travis/build/icyphy/ptII/ptolemy/domains/modal/test/auto/CannotProduce.xml (RunModel)" time="0.033" />
  <testcase classname="ptolemy.util.test.junit.AutoTests" name="[15] /home/travis/build/icyphy/ptII/ptolemy/domains/modal/test/auto/CannotProduceModal.xml (RunModel)" time="0.032" />
  <testcase classname="ptolemy.util.test.junit.AutoTests" name="[16] /home/travis/build/icyphy/ptII/ptolemy/domains/modal/test/auto/Case.xml (RunModel)" time="0.101" />
  <testcase classname="ptolemy.util.test.junit.AutoTests" name="[17] /home/travis/build/icyphy/ptII/ptolemy/domains/modal/test/auto/Case1.xml (RunModel)" time="0.037" />
  <testcase classname="ptolemy.util.test.junit.AutoTests" name="[18] /home/travis/build/icyphy/ptII/ptolemy/domains/modal/test/auto/Case2.xml (RunModel)" time="0.058" />
  <testcase classname="ptolemy.util.test.junit.AutoTests" name="[19] /home/travis/build/icyphy/ptII/ptolemy/domains/modal/test/auto/CausalityInterface1.xml (RunModel)" time="0.036" />
  <testcase classname="ptolemy.util.test.junit.AutoTests" name="[20] /home/travis/build/icyphy/ptII/ptolemy/domains/modal/test/auto/CausalityInterface10.xml (RunModel)" time="0.062" />
  <testcase classname="ptolemy.util.test.junit.AutoTests" name="[21] /home/travis/build/icyphy/ptII/ptolemy/domains/modal/test/auto/CausalityInterface11.xml (RunModel)" time="0.056" />
  <testcase classname="ptolemy.util.test.junit.AutoTests" name="[22] /home/travis/build/icyphy/ptII/ptolemy/domains/modal/test/auto/CausalityInterface12.xml (RunModel)" time="0.049" />
  <testcase classname="ptolemy.util.test.junit.AutoTests" name="[23] /home/travis/build/icyphy/ptII/ptolemy/domains/modal/test/auto/CausalityInterface13.xml (RunModel)" time="0.059" />
  <testcase classname="ptolemy.util.test.junit.AutoTests" name="[24] /home/travis/build/icyphy/ptII/ptolemy/domains/modal/test/auto/CausalityInterface14.xml (RunModel)" time="0.045" />
  <testcase classname="ptolemy.util.test.junit.AutoTests" name="[25] /home/travis/build/icyphy/ptII/ptolemy/domains/modal/test/auto/CausalityInterface2.xml (RunModel)" time="0.043" />
  <testcase classname="ptolemy.util.test.junit.AutoTests" name="[26] /home/travis/build/icyphy/ptII/ptolemy/domains/modal/test/auto/CausalityInterface3.xml (RunModel)" time="0.058" />
  <testcase classname="ptolemy.util.test.junit.AutoTests" name="[27] /home/travis/build/icyphy/ptII/ptolemy/domains/modal/test/auto/CausalityInterface4.xml (RunModel)" time="0.028" />
  <testcase classname="ptolemy.util.test.junit.AutoTests" name="[28] /home/travis/build/icyphy/ptII/ptolemy/domains/modal/test/auto/CausalityInterface5.xml (RunModel)" time="0.031" />
  <testcase classname="ptolemy.util.test.junit.AutoTests" name="[29] /home/travis/build/icyphy/ptII/ptolemy/domains/modal/test/auto/CausalityInterface6.xml (RunModel)" time="0.03" />
  <testcase classname="ptolemy.util.test.junit.AutoTests" name="[30] /home/travis/build/icyphy/ptII/ptolemy/domains/modal/test/auto/CausalityInterface7.xml (RunModel)" time="0.023" />
  <testcase classname="ptolemy.util.test.junit.AutoTests" name="[31] /home/travis/build/icyphy/ptII/ptolemy/domains/modal/test/auto/CausalityInterface8.xml (RunModel)" time="0.03" />
  <testcase classname="ptolemy.util.test.junit.AutoTests" name="[32] /home/travis/build/icyphy/ptII/ptolemy/domains/modal/test/auto/CausalityInterface9.xml (RunModel)" time="0.057" />
  <testcase classname="ptolemy.util.test.junit.AutoTests" name="[33] /home/travis/build/icyphy/ptII/ptolemy/domains/modal/test/auto/ChainedTransitions.xml (RunModel)" time="0.165" />
  <testcase classname="ptolemy.util.test.junit.AutoTests" name="[34] /home/travis/build/icyphy/ptII/ptolemy/domains/modal/test/auto/CycleOfImmediateTransitionsFSM.xml (RunModel)" time="0.029" />
  <testcase classname="ptolemy.util.test.junit.AutoTests" name="[35] /home/travis/build/icyphy/ptII/ptolemy/domains/modal/test/auto/CycleOfImmediateTransitionsModal.xml (RunModel)" time="0.024" />
  <testcase classname="ptolemy.util.test.junit.AutoTests" name="[36] /home/travis/build/icyphy/ptII/ptolemy/domains/modal/test/auto/CycleOfImmediateTransitionsModal2.xml (RunModel)" time="0.03" />
  <testcase classname="ptolemy.util.test.junit.AutoTests" name="[37] /home/travis/build/icyphy/ptII/ptolemy/domains/modal/test/auto/CycleOfImmediateTransitionsModal3.xml (RunModel)" time="0.088" />
  <testcase classname="ptolemy.util.test.junit.AutoTests" name="[38] /home/travis/build/icyphy/ptII/ptolemy/domains/modal/test/auto/DeepModal1.xml (RunModel)" time="0.063" />
  <testcase classname="ptolemy.util.test.junit.AutoTests" name="[39] /home/travis/build/icyphy/ptII/ptolemy/domains/modal/test/auto/DeepModal2.xml (RunModel)" time="0.07" />
  <testcase classname="ptolemy.util.test.junit.AutoTests" name="[40] /home/travis/build/icyphy/ptII/ptolemy/domains/modal/test/auto/DeepModal3.xml (RunModel)" time="0.091" />
  <testcase classname="ptolemy.util.test.junit.AutoTests" name="[41] /home/travis/build/icyphy/ptII/ptolemy/domains/modal/test/auto/DeepModal4.xml (RunModel)" time="0.084" />
  <testcase classname="ptolemy.util.test.junit.AutoTests" name="[42] /home/travis/build/icyphy/ptII/ptolemy/domains/modal/test/auto/Default1.xml (RunModel)" time="0.025" />
  <testcase classname="ptolemy.util.test.junit.AutoTests" name="[43] /home/travis/build/icyphy/ptII/ptolemy/domains/modal/test/auto/Default2.xml (RunModel)" time="0.022" />
  <testcase classname="ptolemy.util.test.junit.AutoTests" name="[44] /home/travis/build/icyphy/ptII/ptolemy/domains/modal/test/auto/Default3.xml (RunModel)" time="0.021" />
  <testcase classname="ptolemy.util.test.junit.AutoTests" name="[45] /home/travis/build/icyphy/ptII/ptolemy/domains/modal/test/auto/Default4.xml (RunModel)" time="0.037" />
  <testcase classname="ptolemy.util.test.junit.AutoTests" name="[46] /home/travis/build/icyphy/ptII/ptolemy/domains/modal/test/auto/Default5.xml (RunModel)" time="0.03" />
  <testcase classname="ptolemy.util.test.junit.AutoTests" name="[47] /home/travis/build/icyphy/ptII/ptolemy/domains/modal/test/auto/EmptyGuard.xml (RunModel)" time="0.036" />
  <testcase classname="ptolemy.util.test.junit.AutoTests" name="[48] /home/travis/build/icyphy/ptII/ptolemy/domains/modal/test/auto/ErrorTransition1.xml (RunModel)" time="0.048" />
  <testcase classname="ptolemy.util.test.junit.AutoTests" name="[49] /home/travis/build/icyphy/ptII/ptolemy/domains/modal/test/auto/ErrorTransition10.xml (RunModel)" time="0.046" />
  <testcase classname="ptolemy.util.test.junit.AutoTests" name="[50] /home/travis/build/icyphy/ptII/ptolemy/domains/modal/test/auto/ErrorTransition11.xml (RunModel)" time="0.033" />
  <testcase classname="ptolemy.util.test.junit.AutoTests" name="[51] /home/travis/build/icyphy/ptII/ptolemy/domains/modal/test/auto/ErrorTransition2.xml (RunModel)" time="0.026" />
  <testcase classname="ptolemy.util.test.junit.AutoTests" name="[52] /home/travis/build/icyphy/ptII/ptolemy/domains/modal/test/auto/ErrorTransition3.xml (RunModel)" time="0.049" />
  <testcase classname="ptolemy.util.test.junit.AutoTests" name="[53] /home/travis/build/icyphy/ptII/ptolemy/domains/modal/test/auto/ErrorTransition4.xml (RunModel)" time="0.035" />
  <testcase classname="ptolemy.util.test.junit.AutoTests" name="[54] /home/travis/build/icyphy/ptII/ptolemy/domains/modal/test/auto/ErrorTransition5.xml (RunModel)" time="0.028" />
  <testcase classname="ptolemy.util.test.junit.AutoTests" name="[55] /home/travis/build/icyphy/ptII/ptolemy/domains/modal/test/auto/ErrorTransition6.xml (RunModel)" time="0.033" />
  <testcase classname="ptolemy.util.test.junit.AutoTests" name="[56] /home/travis/build/icyphy/ptII/ptolemy/domains/modal/test/auto/ErrorTransition7.xml (RunModel)" time="0.063" />
  <testcase classname="ptolemy.util.test.junit.AutoTests" name="[57] /home/travis/build/icyphy/ptII/ptolemy/domains/modal/test/auto/ErrorTransition8.xml (RunModel)" time="0.082" />
  <testcase classname="ptolemy.util.test.junit.AutoTests" name="[58] /home/travis/build/icyphy/ptII/ptolemy/domains/modal/test/auto/ErrorTransition9.xml (RunModel)" time="0.042" />
  <testcase classname="ptolemy.util.test.junit.AutoTests" name="[59] /home/travis/build/icyphy/ptII/ptolemy/domains/modal/test/auto/ExtendedFSM.xml (RunModel)" time="0.022" />
  <testcase classname="ptolemy.util.test.junit.AutoTests" name="[60] /home/travis/build/icyphy/ptII/ptolemy/domains/modal/test/auto/FinalStates.xml (RunModel)" time="0.028" />
  <testcase classname="ptolemy.util.test.junit.AutoTests" name="[61] /home/travis/build/icyphy/ptII/ptolemy/domains/modal/test/auto/FixedPointFSM.xml (RunModel)" time="0.045" />
  <testcase classname="ptolemy.util.test.junit.AutoTests" name="[62] /home/travis/build/icyphy/ptII/ptolemy/domains/modal/test/auto/FixedPointIterationFSMActor.xml (RunModel)" time="0.027" />
  <testcase classname="ptolemy.util.test.junit.AutoTests" name="[63] /home/travis/build/icyphy/ptII/ptolemy/domains/modal/test/auto/FixedPointIterationFSMActor2.xml (RunModel)" time="0.036" />
  <testcase classname="ptolemy.util.test.junit.AutoTests" name="[64] /home/travis/build/icyphy/ptII/ptolemy/domains/modal/test/auto/ForbiddenInstantanousLoop.xml (RunModel)" time="0.036" />
  <testcase classname="ptolemy.util.test.junit.AutoTests" name="[65] /home/travis/build/icyphy/ptII/ptolemy/domains/modal/test/auto/FunctionDependencyOfFSMActorTest.xml (RunModel)" time="0.029" />
  <testcase classname="ptolemy.util.test.junit.AutoTests" name="[66] /home/travis/build/icyphy/ptII/ptolemy/domains/modal/test/auto/GuardExpression.xml (RunModel)" time="0.026" />
  <testcase classname="ptolemy.util.test.junit.AutoTests" name="[67] /home/travis/build/icyphy/ptII/ptolemy/domains/modal/test/auto/GuardNotEvaluated.xml (RunModel)" time="0.031" />
  <testcase classname="ptolemy.util.test.junit.AutoTests" name="[68] /home/travis/build/icyphy/ptII/ptolemy/domains/modal/test/auto/GuardNotEvaluated2.xml (RunModel)" time="0.024" />
  <testcase classname="ptolemy.util.test.junit.AutoTests" name="[69] /home/travis/build/icyphy/ptII/ptolemy/domains/modal/test/auto/GuardOnAbsent.xml (RunModel)" time="0.026" />
  <testcase classname="ptolemy.util.test.junit.AutoTests" name="[70] /home/travis/build/icyphy/ptII/ptolemy/domains/modal/test/auto/HierarchicalFSMTypeInference.xml (RunModel)" time="0.05" />
  <testcase classname="ptolemy.util.test.junit.AutoTests" name="[71] /home/travis/build/icyphy/ptII/ptolemy/domains/modal/test/auto/Hysteresis.xml (RunModel)" time="0.047" />
  <testcase classname="ptolemy.util.test.junit.AutoTests" name="[72] /home/travis/build/icyphy/ptII/ptolemy/domains/modal/test/auto/HysteresisWithDefault.xml (RunModel)" time="0.085" />
  <testcase classname="ptolemy.util.test.junit.AutoTests" name="[73] /home/travis/build/icyphy/ptII/ptolemy/domains/modal/test/auto/HysteresisWithDefault2.xml (RunModel)" time="0.076" />
  <testcase classname="ptolemy.util.test.junit.AutoTests" name="[74] /home/travis/build/icyphy/ptII/ptolemy/domains/modal/test/auto/ImmediateNonConstructiveness.xml (RunModel)" time="0.025" />
  <testcase classname="ptolemy.util.test.junit.AutoTests" name="[75] /home/travis/build/icyphy/ptII/ptolemy/domains/modal/test/auto/ImmediateNonConstructiveness2.xml (RunModel)" time="0.019" />
  <testcase classname="ptolemy.util.test.junit.AutoTests" name="[76] /home/travis/build/icyphy/ptII/ptolemy/domains/modal/test/auto/ImmediateTransitionReset.xml (RunModel)" time="0.035" />
  <testcase classname="ptolemy.util.test.junit.AutoTests" name="[77] /home/travis/build/icyphy/ptII/ptolemy/domains/modal/test/auto/ImmediateTransitions1.xml (RunModel)" time="0.014" />
  <testcase classname="ptolemy.util.test.junit.AutoTests" name="[78] /home/travis/build/icyphy/ptII/ptolemy/domains/modal/test/auto/ImmediateTransitionsInstantaneousCommunication.xml (RunModel)" time="0.035" />
  <testcase classname="ptolemy.util.test.junit.AutoTests" name="[79] /home/travis/build/icyphy/ptII/ptolemy/domains/modal/test/auto/InitialImmediateTransition.xml (RunModel)" time="0.026" />
  <testcase classname="ptolemy.util.test.junit.AutoTests" name="[80] /home/travis/build/icyphy/ptII/ptolemy/domains/modal/test/auto/InitialOutputs.xml (RunModel)" time="0.016" />
  <testcase classname="ptolemy.util.test.junit.AutoTests" name="[81] /home/travis/build/icyphy/ptII/ptolemy/domains/modal/test/auto/InitialStateTransition1.xml (RunModel)" time="0.039" />
  <testcase classname="ptolemy.util.test.junit.AutoTests" name="[82] /home/travis/build/icyphy/ptII/ptolemy/domains/modal/test/auto/InitialStateTransition2.xml (RunModel)" time="0.022" />
  <testcase classname="ptolemy.util.test.junit.AutoTests" name="[83] /home/travis/build/icyphy/ptII/ptolemy/domains/modal/test/auto/InitialStateTransition3.xml (RunModel)" time="0.024" />
  <testcase classname="ptolemy.util.test.junit.AutoTests" name="[84] /home/travis/build/icyphy/ptII/ptolemy/domains/modal/test/auto/InitialStateTransition4.xml (RunModel)" time="0.025" />
  <testcase classname="ptolemy.util.test.junit.AutoTests" name="[85] /home/travis/build/icyphy/ptII/ptolemy/domains/modal/test/auto/MalformedGuardExpressionNotCaught.xml (RunModel)" time="0.026" />
  <testcase classname="ptolemy.util.test.junit.AutoTests" name="[86] /home/travis/build/icyphy/ptII/ptolemy/domains/modal/test/auto/ModalBSC.xml (RunModel)" time="0.1" />
  <testcase classname="ptolemy.util.test.junit.AutoTests" name="[87] /home/travis/build/icyphy/ptII/ptolemy/domains/modal/test/auto/ModalClocks.xml (RunModel)" time="0.078" />
  <testcase classname="ptolemy.util.test.junit.AutoTests" name="[88] /home/travis/build/icyphy/ptII/ptolemy/domains/modal/test/auto/ModalDelay.xml (RunModel)" time="0.046" />
  <testcase classname="ptolemy.util.test.junit.AutoTests" name="[89] /home/travis/build/icyphy/ptII/ptolemy/domains/modal/test/auto/ModalDelay2.xml (RunModel)" time="0.048" />
  <testcase classname="ptolemy.util.test.junit.AutoTests" name="[90] /home/travis/build/icyphy/ptII/ptolemy/domains/modal/test/auto/ModalModelFromMemo.xml (RunModel)" time="0.157" />
  <testcase classname="ptolemy.util.test.junit.AutoTests" name="[91] /home/travis/build/icyphy/ptII/ptolemy/domains/modal/test/auto/ModalModelWithMultirateTransient.xml (RunModel)" time="0.104" />
  <testcase classname="ptolemy.util.test.junit.AutoTests" name="[92] /home/travis/build/icyphy/ptII/ptolemy/domains/modal/test/auto/ModalModelWithReset.xml (RunModel)" time="0.105" />
  <testcase classname="ptolemy.util.test.junit.AutoTests" name="[93] /home/travis/build/icyphy/ptII/ptolemy/domains/modal/test/auto/MouseClickFSM.xml (RunModel)" time="0.086" />
  <testcase classname="ptolemy.util.test.junit.AutoTests" name="[94] /home/travis/build/icyphy/ptII/ptolemy/domains/modal/test/auto/MouseClickFSMModal.xml (RunModel)" time="0.049" />
  <testcase classname="ptolemy.util.test.junit.AutoTests" name="[95] /home/travis/build/icyphy/ptII/ptolemy/domains/modal/test/auto/NonStrictFSM_FeedbackLoop.xml (RunModel)" time="0.095" />
  <testcase classname="ptolemy.util.test.junit.AutoTests" name="[96] /home/travis/build/icyphy/ptII/ptolemy/domains/modal/test/auto/NonStrictFSM_FeedbackLoop_Refinement.xml (RunModel)" time="0.112" />
  <testcase classname="ptolemy.util.test.junit.AutoTests" name="[97] /home/travis/build/icyphy/ptII/ptolemy/domains/modal/test/auto/NonStrictFSM_FeedbackLoop_preemptive.xml (RunModel)" time="0.082" />
  <testcase classname="ptolemy.util.test.junit.AutoTests" name="[98] /home/travis/build/icyphy/ptII/ptolemy/domains/modal/test/auto/NormalTermination.xml (RunModel)" time="0.061" />
  <testcase classname="ptolemy.util.test.junit.AutoTests" name="[99] /home/travis/build/icyphy/ptII/ptolemy/domains/modal/test/auto/Pong.xml (RunModel)" time="0.137" />
  <testcase classname="ptolemy.util.test.junit.AutoTests" name="[100] /home/travis/build/icyphy/ptII/ptolemy/domains/modal/test/auto/Pong_test.xml (RunModel)" time="0.156" />
  <testcase classname="ptolemy.util.test.junit.AutoTests" name="[101] /home/travis/build/icyphy/ptII/ptolemy/domains/modal/test/auto/PreemptionHierarchy.xml (RunModel)" time="0.032" />
  <testcase classname="ptolemy.util.test.junit.AutoTests" name="[102] /home/travis/build/icyphy/ptII/ptolemy/domains/modal/test/auto/PreemptionHierarchy2.xml (RunModel)" time="0.045" />
  <testcase classname="ptolemy.util.test.junit.AutoTests" name="[103] /home/travis/build/icyphy/ptII/ptolemy/domains/modal/test/auto/PreemptiveTransition.xml (RunModel)" time="0.029" />
  <testcase classname="ptolemy.util.test.junit.AutoTests" name="[104] /home/travis/build/icyphy/ptII/ptolemy/domains/modal/test/auto/Priorities.xml (RunModel)" time="0.111" />
  <testcase classname="ptolemy.util.test.junit.AutoTests" name="[105] /home/travis/build/icyphy/ptII/ptolemy/domains/modal/test/auto/ResetFinal.xml (RunModel)" time="0.064" />
  <testcase classname="ptolemy.util.test.junit.AutoTests" name="[106] /home/travis/build/icyphy/ptII/ptolemy/domains/modal/test/auto/ResetFinal2.xml (RunModel)" time="0.052" />
  <testcase classname="ptolemy.util.test.junit.AutoTests" name="[107] /home/travis/build/icyphy/ptII/ptolemy/domains/modal/test/auto/ResetTransitionWithStartTime.xml (RunModel)" time="0.052" />
  <testcase classname="ptolemy.util.test.junit.AutoTests" name="[108] /home/travis/build/icyphy/ptII/ptolemy/domains/modal/test/auto/SDF-FSMComposite.xml (RunModel)" time="0.044" />
  <testcase classname="ptolemy.util.test.junit.AutoTests" name="[109] /home/travis/build/icyphy/ptII/ptolemy/domains/modal/test/auto/SeeminglyNondeterminate.xml (RunModel)" time="0.13" />
  <testcase classname="ptolemy.util.test.junit.AutoTests" name="[110] /home/travis/build/icyphy/ptII/ptolemy/domains/modal/test/auto/SeeminglyNondeterminate2.xml (RunModel)" time="0.131" />
  <testcase classname="ptolemy.util.test.junit.AutoTests" name="[111] /home/travis/build/icyphy/ptII/ptolemy/domains/modal/test/auto/SpontaneousFSM.xml (RunModel)" time="0.066" />
  <testcase classname="ptolemy.util.test.junit.AutoTests" name="[112] /home/travis/build/icyphy/ptII/ptolemy/domains/modal/test/auto/SpontaneousFSM2.xml (RunModel)" time="0.032" />
  <testcase classname="ptolemy.util.test.junit.AutoTests" name="[113] /home/travis/build/icyphy/ptII/ptolemy/domains/modal/test/auto/SpontaneousFSM3.xml (RunModel)" time="0.051" />
  <testcase classname="ptolemy.util.test.junit.AutoTests" name="[114] /home/travis/build/icyphy/ptII/ptolemy/domains/modal/test/auto/SpontaneousFSM4.xml (RunModel)" time="0.047" />
  <testcase classname="ptolemy.util.test.junit.AutoTests" name="[115] /home/travis/build/icyphy/ptII/ptolemy/domains/modal/test/auto/StateTrackerTest.xml (RunModel)" time="0.079" />
  <testcase classname="ptolemy.util.test.junit.AutoTests" name="[116] /home/travis/build/icyphy/ptII/ptolemy/domains/modal/test/auto/StrongImmediateTransition.xml (RunModel)" time="0.035" />
  <testcase classname="ptolemy.util.test.junit.AutoTests" name="[117] /home/travis/build/icyphy/ptII/ptolemy/domains/modal/test/auto/SustainHierarchy.xml (RunModel)" time="0.046" />
  <testcase classname="ptolemy.util.test.junit.AutoTests" name="[118] /home/travis/build/icyphy/ptII/ptolemy/domains/modal/test/auto/TerminationTransition1.xml (RunModel)" time="0.029" />
  <testcase classname="ptolemy.util.test.junit.AutoTests" name="[119] /home/travis/build/icyphy/ptII/ptolemy/domains/modal/test/auto/TerminationTransition2.xml (RunModel)" time="0.04" />
  <testcase classname="ptolemy.util.test.junit.AutoTests" name="[120] /home/travis/build/icyphy/ptII/ptolemy/domains/modal/test/auto/TerminationTransition3.xml (RunModel)" time="0.034" />
  <testcase classname="ptolemy.util.test.junit.AutoTests" name="[121] /home/travis/build/icyphy/ptII/ptolemy/domains/modal/test/auto/TerminationTransition4.xml (RunModel)" time="0.07" />
  <testcase classname="ptolemy.util.test.junit.AutoTests" name="[122] /home/travis/build/icyphy/ptII/ptolemy/domains/modal/test/auto/TerminationTransition5.xml (RunModel)" time="0.051" />
  <testcase classname="ptolemy.util.test.junit.AutoTests" name="[123] /home/travis/build/icyphy/ptII/ptolemy/domains/modal/test/auto/TerminationTransition6.xml (RunModel)" time="0.026" />
  <testcase classname="ptolemy.util.test.junit.AutoTests" name="[124] /home/travis/build/icyphy/ptII/ptolemy/domains/modal/test/auto/TerminationTransition7.xml (RunModel)" time="0.029" />
  <testcase classname="ptolemy.util.test.junit.AutoTests" name="[125] /home/travis/build/icyphy/ptII/ptolemy/domains/modal/test/auto/TerminationTransition8.xml (RunModel)" time="0.03" />
  <testcase classname="ptolemy.util.test.junit.AutoTests" name="[126] /home/travis/build/icyphy/ptII/ptolemy/domains/modal/test/auto/Thermostat_NoHysteresis.xml (RunModel)" time="0.091" />
  <testcase classname="ptolemy.util.test.junit.AutoTests" name="[127] /home/travis/build/icyphy/ptII/ptolemy/domains/modal/test/auto/TimedFSM.xml (RunModel)" time="0.05" />
  <testcase classname="ptolemy.util.test.junit.AutoTests" name="[128] /home/travis/build/icyphy/ptII/ptolemy/domains/modal/test/auto/Timeout1.xml (RunModel)" time="0.022" />
  <testcase classname="ptolemy.util.test.junit.AutoTests" name="[129] /home/travis/build/icyphy/ptII/ptolemy/domains/modal/test/auto/Timeout2.xml (RunModel)" time="0.032" />
  <testcase classname="ptolemy.util.test.junit.AutoTests" name="[130] /home/travis/build/icyphy/ptII/ptolemy/domains/modal/test/auto/Timeout3.xml (RunModel)" time="0.029" />
  <testcase classname="ptolemy.util.test.junit.AutoTests" name="[131] /home/travis/build/icyphy/ptII/ptolemy/domains/modal/test/auto/Timeout4.xml (RunModel)" time="0.029" />
  <testcase classname="ptolemy.util.test.junit.AutoTests" name="[132] /home/travis/build/icyphy/ptII/ptolemy/domains/modal/test/auto/TransientstateModelAdvanced.xml (RunModel)" time="0.052" />
  <testcase classname="ptolemy.util.test.junit.AutoTests" name="[133] /home/travis/build/icyphy/ptII/ptolemy/domains/modal/test/auto/TransientstateModelAdvanced2.xml (RunModel)" time="0.052" />
  <testcase classname="ptolemy.util.test.junit.AutoTests" name="[134] /home/travis/build/icyphy/ptII/ptolemy/domains/modal/test/auto/TransitionRefinements.xml (RunModel)" time="0.045" />
  <testcase classname="ptolemy.util.test.junit.AutoTests" name="[135] /home/travis/build/icyphy/ptII/ptolemy/domains/modal/test/auto/TwoRefinements1.xml (RunModel)" time="0.058" />
  <testcase classname="ptolemy.util.test.junit.AutoTests" name="[136] /home/travis/build/icyphy/ptII/ptolemy/domains/modal/test/auto/TwoRefinements2.xml (RunModel)" time="0.044" />
  <testcase classname="ptolemy.util.test.junit.AutoTests" name="[137] /home/travis/build/icyphy/ptII/ptolemy/domains/modal/test/auto/WeakImmediateTransition.xml (RunModel)" time="0.065" />
  <testcase classname="ptolemy.util.test.junit.AutoTests" name="[138] /home/travis/build/icyphy/ptII/ptolemy/domains/modal/test/auto/booleanSelect.xml (RunModel)" time="0.12" />
  <testcase classname="ptolemy.util.test.junit.AutoTests" name="[139] /home/travis/build/icyphy/ptII/ptolemy/domains/modal/test/auto/modalChangingParams.xml (RunModel)" time="0.461" />
  <testcase classname="ptolemy.util.test.junit.AutoTests" name="[140] /home/travis/build/icyphy/ptII/ptolemy/domains/modal/test/auto/modalModel.xml (RunModel)" time="0.026" />
  <testcase classname="ptolemy.util.test.junit.AutoTests" name="[141] /home/travis/build/icyphy/ptII/ptolemy/domains/modal/test/auto/modalModel2.xml (RunModel)" time="0.055" />
  <testcase classname="ptolemy.util.test.junit.AutoTests" name="[142] /home/travis/build/icyphy/ptII/ptolemy/domains/modal/test/auto/modalModel3.xml (RunModel)" time="0.078" />
  <testcase classname="ptolemy.util.test.junit.AutoTests" name="[143] /home/travis/build/icyphy/ptII/ptolemy/domains/modal/test/auto/model1.xml (RunModel)" time="0.048" />
  <testcase classname="ptolemy.util.test.junit.AutoTests" name="[144] /home/travis/build/icyphy/ptII/ptolemy/domains/modal/test/auto/test-direct-in-out.xml (RunModel)" time="0.04" />
  <system-out><![CDATA[/home/travis/build/icyphy/ptII/ptolemy/domains/modal/test/SystemLevelType.tcl
testDefs.tcl: setting time out to 9000 seconds at Fri Dec 06 06:24:53 UTC 2019
12/06/19 06:24:55
Failed: 0  Total Tests: 1  ((Passed: 1, Newly Passed: 0)  Known Failed: 0) /home/travis/build/icyphy/ptII/ptolemy/domains/modal/test
----------------- testing (KnownFailure) /home/travis/build/icyphy/ptII/ptolemy/domains/modal/test/auto/knownFailedTests/CannotAnalysisWithPreemption.xml
116 ms. Memory: 152576K Free: 76417K (50%)
Known Failure: java.lang.reflect.InvocationTargetException
No auto/linux-amd64/*.xml tests in /home/travis/build/icyphy/ptII/ptolemy/domains/modal/test
AutoTests.java: About to close Vertx.
AutoTests.java: Vertx closed.

===========================================================================================
----------------- testing Fri Dec 06 06:24:56 UTC 2019 /home/travis/build/icyphy/ptII/ptolemy/domains/modal/test/auto/ABPTest.xml
----------------- Instantiating /home/travis/build/icyphy/ptII/ptolemy/domains/modal/test/auto/ABPTest.xml
385 ms. Memory: 152576K Free: 112702K (74%)
----------------- Invoking toplevel() on ptolemy.moml.MoMLSimpleApplication@3e9c82cd
----------------- Done invoking toplevel() on ptolemy.moml.MoMLSimpleApplication@3e9c82cd
reloadAllAccessors: .ABPTest

===========================================================================================
----------------- testing Fri Dec 06 06:24:56 UTC 2019 /home/travis/build/icyphy/ptII/ptolemy/domains/modal/test/auto/ABROFlat.xml
----------------- Instantiating /home/travis/build/icyphy/ptII/ptolemy/domains/modal/test/auto/ABROFlat.xml
28 ms. Memory: 152576K Free: 96787K (63%)
----------------- Invoking toplevel() on ptolemy.moml.MoMLSimpleApplication@6354daca
----------------- Done invoking toplevel() on ptolemy.moml.MoMLSimpleApplication@6354daca
reloadAllAccessors: .ABROFlat

===========================================================================================
----------------- testing Fri Dec 06 06:24:57 UTC 2019 /home/travis/build/icyphy/ptII/ptolemy/domains/modal/test/auto/ABROFlat2.xml
----------------- Instantiating /home/travis/build/icyphy/ptII/ptolemy/domains/modal/test/auto/ABROFlat2.xml
11 ms. Memory: 152576K Free: 80403K (53%)
----------------- Invoking toplevel() on ptolemy.moml.MoMLSimpleApplication@70a83ff9
----------------- Done invoking toplevel() on ptolemy.moml.MoMLSimpleApplication@70a83ff9
reloadAllAccessors: .ABROFlat2

===========================================================================================
----------------- testing Fri Dec 06 06:24:57 UTC 2019 /home/travis/build/icyphy/ptII/ptolemy/domains/modal/test/auto/ABRO_present_hmm.xml
----------------- Instantiating /home/travis/build/icyphy/ptII/ptolemy/domains/modal/test/auto/ABRO_present_hmm.xml
39 ms. Memory: 152576K Free: 53779K (35%)
----------------- Invoking toplevel() on ptolemy.moml.MoMLSimpleApplication@32b9e87d
----------------- Done invoking toplevel() on ptolemy.moml.MoMLSimpleApplication@32b9e87d
reloadAllAccessors: .ABRO_present_hmm

===========================================================================================
----------------- testing Fri Dec 06 06:24:57 UTC 2019 /home/travis/build/icyphy/ptII/ptolemy/domains/modal/test/auto/AMICoderExample.xml
----------------- Instantiating /home/travis/build/icyphy/ptII/ptolemy/domains/modal/test/auto/AMICoderExample.xml
42 ms. Memory: 152576K Free: 129000K (85%)
----------------- Invoking toplevel() on ptolemy.moml.MoMLSimpleApplication@77d4f814
----------------- Done invoking toplevel() on ptolemy.moml.MoMLSimpleApplication@77d4f814
reloadAllAccessors: .AMICoderExample

===========================================================================================
----------------- testing Fri Dec 06 06:24:57 UTC 2019 /home/travis/build/icyphy/ptII/ptolemy/domains/modal/test/auto/AbsentToPresent.xml
----------------- Instantiating /home/travis/build/icyphy/ptII/ptolemy/domains/modal/test/auto/AbsentToPresent.xml
4 ms. Memory: 152576K Free: 124408K (82%)
----------------- Invoking toplevel() on ptolemy.moml.MoMLSimpleApplication@4d1ae106
----------------- Done invoking toplevel() on ptolemy.moml.MoMLSimpleApplication@4d1ae106
reloadAllAccessors: .AbsentToPresent

===========================================================================================
----------------- testing Fri Dec 06 06:24:57 UTC 2019 /home/travis/build/icyphy/ptII/ptolemy/domains/modal/test/auto/Blending.xml
----------------- Instantiating /home/travis/build/icyphy/ptII/ptolemy/domains/modal/test/auto/Blending.xml
173 ms. Memory: 152576K Free: 79352K (52%)
----------------- Invoking toplevel() on ptolemy.moml.MoMLSimpleApplication@164b278d
----------------- Done invoking toplevel() on ptolemy.moml.MoMLSimpleApplication@164b278d
reloadAllAccessors: .Blending

===========================================================================================
----------------- testing Fri Dec 06 06:24:57 UTC 2019 /home/travis/build/icyphy/ptII/ptolemy/domains/modal/test/auto/Broadcast.xml
----------------- Instantiating /home/travis/build/icyphy/ptII/ptolemy/domains/modal/test/auto/Broadcast.xml
10 ms. Memory: 152576K Free: 69112K (45%)
----------------- Invoking toplevel() on ptolemy.moml.MoMLSimpleApplication@7622062d
----------------- Done invoking toplevel() on ptolemy.moml.MoMLSimpleApplication@7622062d
reloadAllAccessors: .Broadcast

===========================================================================================
----------------- testing Fri Dec 06 06:24:57 UTC 2019 /home/travis/build/icyphy/ptII/ptolemy/domains/modal/test/auto/BroadcastHierarchy.xml
----------------- Instantiating /home/travis/build/icyphy/ptII/ptolemy/domains/modal/test/auto/BroadcastHierarchy.xml
13 ms. Memory: 152576K Free: 55272K (36%)
----------------- Invoking toplevel() on ptolemy.moml.MoMLSimpleApplication@20d10293
----------------- Done invoking toplevel() on ptolemy.moml.MoMLSimpleApplication@20d10293
reloadAllAccessors: .BroadcastHierarchy

===========================================================================================
----------------- testing Fri Dec 06 06:24:57 UTC 2019 /home/travis/build/icyphy/ptII/ptolemy/domains/modal/test/auto/BroadcastHierarchy2.xml
----------------- Instantiating /home/travis/build/icyphy/ptII/ptolemy/domains/modal/test/auto/BroadcastHierarchy2.xml
37 ms. Memory: 186368K Free: 147480K (79%)
----------------- Invoking toplevel() on ptolemy.moml.MoMLSimpleApplication@54192380
----------------- Done invoking toplevel() on ptolemy.moml.MoMLSimpleApplication@54192380
reloadAllAccessors: .BroadcastHierarchy2

===========================================================================================
----------------- testing Fri Dec 06 06:24:57 UTC 2019 /home/travis/build/icyphy/ptII/ptolemy/domains/modal/test/auto/BroadcastHierarchy3.xml
----------------- Instantiating /home/travis/build/icyphy/ptII/ptolemy/domains/modal/test/auto/BroadcastHierarchy3.xml
31 ms. Memory: 186368K Free: 127000K (68%)
----------------- Invoking toplevel() on ptolemy.moml.MoMLSimpleApplication@27fa56e4
----------------- Done invoking toplevel() on ptolemy.moml.MoMLSimpleApplication@27fa56e4
reloadAllAccessors: .BroadcastHierarchy3

===========================================================================================
----------------- testing Fri Dec 06 06:24:58 UTC 2019 /home/travis/build/icyphy/ptII/ptolemy/domains/modal/test/auto/BroadcastHierarchy4.xml
----------------- Instantiating /home/travis/build/icyphy/ptII/ptolemy/domains/modal/test/auto/BroadcastHierarchy4.xml
17 ms. Memory: 186368K Free: 102424K (55%)
----------------- Invoking toplevel() on ptolemy.moml.MoMLSimpleApplication@2bcded42
----------------- Done invoking toplevel() on ptolemy.moml.MoMLSimpleApplication@2bcded42
reloadAllAccessors: .BroadcastHierarchy4

===========================================================================================
----------------- testing Fri Dec 06 06:24:58 UTC 2019 /home/travis/build/icyphy/ptII/ptolemy/domains/modal/test/auto/CannotAnalysisWithPreemption2.xml
----------------- Instantiating /home/travis/build/icyphy/ptII/ptolemy/domains/modal/test/auto/CannotAnalysisWithPreemption2.xml
5 ms. Memory: 186368K Free: 95256K (51%)
----------------- Invoking toplevel() on ptolemy.moml.MoMLSimpleApplication@2f3420b
----------------- Done invoking toplevel() on ptolemy.moml.MoMLSimpleApplication@2f3420b
reloadAllAccessors: .CannotAnalysisWithPreemption2

===========================================================================================
----------------- testing Fri Dec 06 06:24:58 UTC 2019 /home/travis/build/icyphy/ptII/ptolemy/domains/modal/test/auto/CannotAnalysisWithPreemption3.xml
----------------- Instantiating /home/travis/build/icyphy/ptII/ptolemy/domains/modal/test/auto/CannotAnalysisWithPreemption3.xml
6 ms. Memory: 186368K Free: 85016K (46%)
----------------- Invoking toplevel() on ptolemy.moml.MoMLSimpleApplication@223bf77e
----------------- Done invoking toplevel() on ptolemy.moml.MoMLSimpleApplication@223bf77e
reloadAllAccessors: .CannotAnalysisWithPreemption3

===========================================================================================
----------------- testing Fri Dec 06 06:24:58 UTC 2019 /home/travis/build/icyphy/ptII/ptolemy/domains/modal/test/auto/CannotProduce.xml
----------------- Instantiating /home/travis/build/icyphy/ptII/ptolemy/domains/modal/test/auto/CannotProduce.xml
13 ms. Memory: 186368K Free: 78358K (42%)
----------------- Invoking toplevel() on ptolemy.moml.MoMLSimpleApplication@59845b4
----------------- Done invoking toplevel() on ptolemy.moml.MoMLSimpleApplication@59845b4
reloadAllAccessors: .CannotProduce

===========================================================================================
----------------- testing Fri Dec 06 06:24:58 UTC 2019 /home/travis/build/icyphy/ptII/ptolemy/domains/modal/test/auto/CannotProduceModal.xml
----------------- Instantiating /home/travis/build/icyphy/ptII/ptolemy/domains/modal/test/auto/CannotProduceModal.xml
10 ms. Memory: 186368K Free: 71704K (38%)
----------------- Invoking toplevel() on ptolemy.moml.MoMLSimpleApplication@7396636a
----------------- Done invoking toplevel() on ptolemy.moml.MoMLSimpleApplication@7396636a
reloadAllAccessors: .CannotProduceModal

===========================================================================================
----------------- testing Fri Dec 06 06:24:58 UTC 2019 /home/travis/build/icyphy/ptII/ptolemy/domains/modal/test/auto/Case.xml
----------------- Instantiating /home/travis/build/icyphy/ptII/ptolemy/domains/modal/test/auto/Case.xml
42 ms. Memory: 186368K Free: 160289K (86%)
----------------- Invoking toplevel() on ptolemy.moml.MoMLSimpleApplication@2bc72249
----------------- Done invoking toplevel() on ptolemy.moml.MoMLSimpleApplication@2bc72249
reloadAllAccessors: .Case

===========================================================================================
----------------- testing Fri Dec 06 06:24:58 UTC 2019 /home/travis/build/icyphy/ptII/ptolemy/domains/modal/test/auto/Case1.xml
----------------- Instantiating /home/travis/build/icyphy/ptII/ptolemy/domains/modal/test/auto/Case1.xml
15 ms. Memory: 186368K Free: 152607K (82%)
----------------- Invoking toplevel() on ptolemy.moml.MoMLSimpleApplication@233abfd0
----------------- Done invoking toplevel() on ptolemy.moml.MoMLSimpleApplication@233abfd0
reloadAllAccessors: .Case1

===========================================================================================
----------------- testing Fri Dec 06 06:24:58 UTC 2019 /home/travis/build/icyphy/ptII/ptolemy/domains/modal/test/auto/Case2.xml
----------------- Instantiating /home/travis/build/icyphy/ptII/ptolemy/domains/modal/test/auto/Case2.xml
25 ms. Memory: 186368K Free: 141857K (76%)
----------------- Invoking toplevel() on ptolemy.moml.MoMLSimpleApplication@6c74eda0
----------------- Done invoking toplevel() on ptolemy.moml.MoMLSimpleApplication@6c74eda0
reloadAllAccessors: .Case2

===========================================================================================
----------------- testing Fri Dec 06 06:24:58 UTC 2019 /home/travis/build/icyphy/ptII/ptolemy/domains/modal/test/auto/CausalityInterface1.xml
----------------- Instantiating /home/travis/build/icyphy/ptII/ptolemy/domains/modal/test/auto/CausalityInterface1.xml
4 ms. Memory: 186368K Free: 136737K (73%)
----------------- Invoking toplevel() on ptolemy.moml.MoMLSimpleApplication@62a4610a
----------------- Done invoking toplevel() on ptolemy.moml.MoMLSimpleApplication@62a4610a
reloadAllAccessors: .CausalityInterface1

===========================================================================================
----------------- testing Fri Dec 06 06:24:58 UTC 2019 /home/travis/build/icyphy/ptII/ptolemy/domains/modal/test/auto/CausalityInterface10.xml
----------------- Instantiating /home/travis/build/icyphy/ptII/ptolemy/domains/modal/test/auto/CausalityInterface10.xml
10 ms. Memory: 186368K Free: 123425K (66%)
----------------- Invoking toplevel() on ptolemy.moml.MoMLSimpleApplication@26da7c34
----------------- Done invoking toplevel() on ptolemy.moml.MoMLSimpleApplication@26da7c34
reloadAllAccessors: .CausalityInterface10

===========================================================================================
----------------- testing Fri Dec 06 06:24:58 UTC 2019 /home/travis/build/icyphy/ptII/ptolemy/domains/modal/test/auto/CausalityInterface11.xml
----------------- Instantiating /home/travis/build/icyphy/ptII/ptolemy/domains/modal/test/auto/CausalityInterface11.xml
9 ms. Memory: 186368K Free: 110113K (59%)
----------------- Invoking toplevel() on ptolemy.moml.MoMLSimpleApplication@514c821d
----------------- Done invoking toplevel() on ptolemy.moml.MoMLSimpleApplication@514c821d
reloadAllAccessors: .CausalityInterface11

===========================================================================================
----------------- testing Fri Dec 06 06:24:58 UTC 2019 /home/travis/build/icyphy/ptII/ptolemy/domains/modal/test/auto/CausalityInterface12.xml
----------------- Instantiating /home/travis/build/icyphy/ptII/ptolemy/domains/modal/test/auto/CausalityInterface12.xml
8 ms. Memory: 186368K Free: 96801K (52%)
----------------- Invoking toplevel() on ptolemy.moml.MoMLSimpleApplication@6c4664a1
----------------- Done invoking toplevel() on ptolemy.moml.MoMLSimpleApplication@6c4664a1
reloadAllAccessors: .CausalityInterface12

===========================================================================================
----------------- testing Fri Dec 06 06:24:58 UTC 2019 /home/travis/build/icyphy/ptII/ptolemy/domains/modal/test/auto/CausalityInterface13.xml
----------------- Instantiating /home/travis/build/icyphy/ptII/ptolemy/domains/modal/test/auto/CausalityInterface13.xml
13 ms. Memory: 186368K Free: 82961K (45%)
----------------- Invoking toplevel() on ptolemy.moml.MoMLSimpleApplication@21c961d
----------------- Done invoking toplevel() on ptolemy.moml.MoMLSimpleApplication@21c961d
reloadAllAccessors: .CausalityInterface13

===========================================================================================
----------------- testing Fri Dec 06 06:24:58 UTC 2019 /home/travis/build/icyphy/ptII/ptolemy/domains/modal/test/auto/CausalityInterface14.xml
----------------- Instantiating /home/travis/build/icyphy/ptII/ptolemy/domains/modal/test/auto/CausalityInterface14.xml
7 ms. Memory: 186368K Free: 69153K (37%)
----------------- Invoking toplevel() on ptolemy.moml.MoMLSimpleApplication@73135188
----------------- Done invoking toplevel() on ptolemy.moml.MoMLSimpleApplication@73135188
reloadAllAccessors: .CausalityInterface14

===========================================================================================
----------------- testing Fri Dec 06 06:24:58 UTC 2019 /home/travis/build/icyphy/ptII/ptolemy/domains/modal/test/auto/CausalityInterface2.xml
----------------- Instantiating /home/travis/build/icyphy/ptII/ptolemy/domains/modal/test/auto/CausalityInterface2.xml
3 ms. Memory: 186368K Free: 63009K (34%)
----------------- Invoking toplevel() on ptolemy.moml.MoMLSimpleApplication@6a747a49
----------------- Done invoking toplevel() on ptolemy.moml.MoMLSimpleApplication@6a747a49
reloadAllAccessors: .CausalityInterface2

===========================================================================================
----------------- testing Fri Dec 06 06:24:58 UTC 2019 /home/travis/build/icyphy/ptII/ptolemy/domains/modal/test/auto/CausalityInterface3.xml
----------------- Instantiating /home/travis/build/icyphy/ptII/ptolemy/domains/modal/test/auto/CausalityInterface3.xml
3 ms. Memory: 186368K Free: 163395K (88%)
----------------- Invoking toplevel() on ptolemy.moml.MoMLSimpleApplication@78e12930
----------------- Done invoking toplevel() on ptolemy.moml.MoMLSimpleApplication@78e12930
reloadAllAccessors: .CausalityInterface3

===========================================================================================
----------------- testing Fri Dec 06 06:24:58 UTC 2019 /home/travis/build/icyphy/ptII/ptolemy/domains/modal/test/auto/CausalityInterface4.xml
----------------- Instantiating /home/travis/build/icyphy/ptII/ptolemy/domains/modal/test/auto/CausalityInterface4.xml
4 ms. Memory: 186368K Free: 156723K (84%)
----------------- Invoking toplevel() on ptolemy.moml.MoMLSimpleApplication@6c4bf59f
----------------- Done invoking toplevel() on ptolemy.moml.MoMLSimpleApplication@6c4bf59f
reloadAllAccessors: .CausalityInterface4

===========================================================================================
----------------- testing Fri Dec 06 06:24:58 UTC 2019 /home/travis/build/icyphy/ptII/ptolemy/domains/modal/test/auto/CausalityInterface5.xml
----------------- Instantiating /home/travis/build/icyphy/ptII/ptolemy/domains/modal/test/auto/CausalityInterface5.xml
6 ms. Memory: 186368K Free: 148035K (79%)
----------------- Invoking toplevel() on ptolemy.moml.MoMLSimpleApplication@2252a105
----------------- Done invoking toplevel() on ptolemy.moml.MoMLSimpleApplication@2252a105
reloadAllAccessors: .CausalityInterface5

===========================================================================================
----------------- testing Fri Dec 06 06:24:58 UTC 2019 /home/travis/build/icyphy/ptII/ptolemy/domains/modal/test/auto/CausalityInterface6.xml
----------------- Instantiating /home/travis/build/icyphy/ptII/ptolemy/domains/modal/test/auto/CausalityInterface6.xml
4 ms. Memory: 186368K Free: 139315K (75%)
----------------- Invoking toplevel() on ptolemy.moml.MoMLSimpleApplication@33a23ce4
----------------- Done invoking toplevel() on ptolemy.moml.MoMLSimpleApplication@33a23ce4
reloadAllAccessors: .CausalityInterface6

===========================================================================================
----------------- testing Fri Dec 06 06:24:58 UTC 2019 /home/travis/build/icyphy/ptII/ptolemy/domains/modal/test/auto/CausalityInterface7.xml
----------------- Instantiating /home/travis/build/icyphy/ptII/ptolemy/domains/modal/test/auto/CausalityInterface7.xml
4 ms. Memory: 186368K Free: 131123K (70%)
----------------- Invoking toplevel() on ptolemy.moml.MoMLSimpleApplication@4ba0f0a7
----------------- Done invoking toplevel() on ptolemy.moml.MoMLSimpleApplication@4ba0f0a7
reloadAllAccessors: .CausalityInterface7

===========================================================================================
----------------- testing Fri Dec 06 06:24:58 UTC 2019 /home/travis/build/icyphy/ptII/ptolemy/domains/modal/test/auto/CausalityInterface8.xml
----------------- Instantiating /home/travis/build/icyphy/ptII/ptolemy/domains/modal/test/auto/CausalityInterface8.xml
5 ms. Memory: 186368K Free: 122435K (66%)
----------------- Invoking toplevel() on ptolemy.moml.MoMLSimpleApplication@33d39a5b
----------------- Done invoking toplevel() on ptolemy.moml.MoMLSimpleApplication@33d39a5b
reloadAllAccessors: .CausalityInterface8

===========================================================================================
----------------- testing Fri Dec 06 06:24:59 UTC 2019 /home/travis/build/icyphy/ptII/ptolemy/domains/modal/test/auto/CausalityInterface9.xml
----------------- Instantiating /home/travis/build/icyphy/ptII/ptolemy/domains/modal/test/auto/CausalityInterface9.xml
7 ms. Memory: 186368K Free: 113219K (61%)
----------------- Invoking toplevel() on ptolemy.moml.MoMLSimpleApplication@11731b91
----------------- Done invoking toplevel() on ptolemy.moml.MoMLSimpleApplication@11731b91
reloadAllAccessors: .CausalityInterface9

===========================================================================================
----------------- testing Fri Dec 06 06:24:59 UTC 2019 /home/travis/build/icyphy/ptII/ptolemy/domains/modal/test/auto/ChainedTransitions.xml
----------------- Instantiating /home/travis/build/icyphy/ptII/ptolemy/domains/modal/test/auto/ChainedTransitions.xml
102 ms. Memory: 186368K Free: 88643K (48%)
----------------- Invoking toplevel() on ptolemy.moml.MoMLSimpleApplication@284732aa
----------------- Done invoking toplevel() on ptolemy.moml.MoMLSimpleApplication@284732aa
reloadAllAccessors: .ChainedTransitions

===========================================================================================
----------------- testing Fri Dec 06 06:24:59 UTC 2019 /home/travis/build/icyphy/ptII/ptolemy/domains/modal/test/auto/CycleOfImmediateTransitionsFSM.xml
----------------- Instantiating /home/travis/build/icyphy/ptII/ptolemy/domains/modal/test/auto/CycleOfImmediateTransitionsFSM.xml
3 ms. Memory: 186368K Free: 82499K (44%)
----------------- Invoking toplevel() on ptolemy.moml.MoMLSimpleApplication@76729c8c
----------------- Done invoking toplevel() on ptolemy.moml.MoMLSimpleApplication@76729c8c
reloadAllAccessors: .CycleOfImmediateTransitionsFSM

===========================================================================================
----------------- testing Fri Dec 06 06:24:59 UTC 2019 /home/travis/build/icyphy/ptII/ptolemy/domains/modal/test/auto/CycleOfImmediateTransitionsModal.xml
----------------- Instantiating /home/travis/build/icyphy/ptII/ptolemy/domains/modal/test/auto/CycleOfImmediateTransitionsModal.xml
3 ms. Memory: 186368K Free: 76355K (41%)
----------------- Invoking toplevel() on ptolemy.moml.MoMLSimpleApplication@647633a7
----------------- Done invoking toplevel() on ptolemy.moml.MoMLSimpleApplication@647633a7
reloadAllAccessors: .CycleOfImmediateTransitionsModal

===========================================================================================
----------------- testing Fri Dec 06 06:24:59 UTC 2019 /home/travis/build/icyphy/ptII/ptolemy/domains/modal/test/auto/CycleOfImmediateTransitionsModal2.xml
----------------- Instantiating /home/travis/build/icyphy/ptII/ptolemy/domains/modal/test/auto/CycleOfImmediateTransitionsModal2.xml
6 ms. Memory: 186368K Free: 69697K (37%)
----------------- Invoking toplevel() on ptolemy.moml.MoMLSimpleApplication@299bae63
----------------- Done invoking toplevel() on ptolemy.moml.MoMLSimpleApplication@299bae63
reloadAllAccessors: .CycleOfImmediateTransitionsModal2

===========================================================================================
----------------- testing Fri Dec 06 06:24:59 UTC 2019 /home/travis/build/icyphy/ptII/ptolemy/domains/modal/test/auto/CycleOfImmediateTransitionsModal3.xml
----------------- Instantiating /home/travis/build/icyphy/ptII/ptolemy/domains/modal/test/auto/CycleOfImmediateTransitionsModal3.xml
11 ms. Memory: 186368K Free: 153636K (82%)
----------------- Invoking toplevel() on ptolemy.moml.MoMLSimpleApplication@1afef56b
----------------- Done invoking toplevel() on ptolemy.moml.MoMLSimpleApplication@1afef56b
reloadAllAccessors: .CycleOfImmediateTransitionsModal3

===========================================================================================
----------------- testing Fri Dec 06 06:24:59 UTC 2019 /home/travis/build/icyphy/ptII/ptolemy/domains/modal/test/auto/DeepModal1.xml
----------------- Instantiating /home/travis/build/icyphy/ptII/ptolemy/domains/modal/test/auto/DeepModal1.xml
37 ms. Memory: 186368K Free: 139300K (75%)
----------------- Invoking toplevel() on ptolemy.moml.MoMLSimpleApplication@5fc23c1d
----------------- Done invoking toplevel() on ptolemy.moml.MoMLSimpleApplication@5fc23c1d
reloadAllAccessors: .DeepModal1

===========================================================================================
----------------- testing Fri Dec 06 06:24:59 UTC 2019 /home/travis/build/icyphy/ptII/ptolemy/domains/modal/test/auto/DeepModal2.xml
----------------- Instantiating /home/travis/build/icyphy/ptII/ptolemy/domains/modal/test/auto/DeepModal2.xml
31 ms. Memory: 186368K Free: 120354K (65%)
----------------- Invoking toplevel() on ptolemy.moml.MoMLSimpleApplication@44fb5153
----------------- Done invoking toplevel() on ptolemy.moml.MoMLSimpleApplication@44fb5153
reloadAllAccessors: .DeepModal2

===========================================================================================
----------------- testing Fri Dec 06 06:24:59 UTC 2019 /home/travis/build/icyphy/ptII/ptolemy/domains/modal/test/auto/DeepModal3.xml
----------------- Instantiating /home/travis/build/icyphy/ptII/ptolemy/domains/modal/test/auto/DeepModal3.xml
34 ms. Memory: 186368K Free: 100898K (54%)
----------------- Invoking toplevel() on ptolemy.moml.MoMLSimpleApplication@2ada1a2d
----------------- Done invoking toplevel() on ptolemy.moml.MoMLSimpleApplication@2ada1a2d
reloadAllAccessors: .DeepModal3

===========================================================================================
----------------- testing Fri Dec 06 06:24:59 UTC 2019 /home/travis/build/icyphy/ptII/ptolemy/domains/modal/test/auto/DeepModal4.xml
----------------- Instantiating /home/travis/build/icyphy/ptII/ptolemy/domains/modal/test/auto/DeepModal4.xml
37 ms. Memory: 186368K Free: 81442K (44%)
----------------- Invoking toplevel() on ptolemy.moml.MoMLSimpleApplication@bfb2633
----------------- Done invoking toplevel() on ptolemy.moml.MoMLSimpleApplication@bfb2633
reloadAllAccessors: .DeepModal4

===========================================================================================
----------------- testing Fri Dec 06 06:24:59 UTC 2019 /home/travis/build/icyphy/ptII/ptolemy/domains/modal/test/auto/Default1.xml
----------------- Instantiating /home/travis/build/icyphy/ptII/ptolemy/domains/modal/test/auto/Default1.xml
2 ms. Memory: 186368K Free: 75298K (40%)
----------------- Invoking toplevel() on ptolemy.moml.MoMLSimpleApplication@3ed1cfbf
----------------- Done invoking toplevel() on ptolemy.moml.MoMLSimpleApplication@3ed1cfbf
reloadAllAccessors: .Default1

===========================================================================================
----------------- testing Fri Dec 06 06:24:59 UTC 2019 /home/travis/build/icyphy/ptII/ptolemy/domains/modal/test/auto/Default2.xml
----------------- Instantiating /home/travis/build/icyphy/ptII/ptolemy/domains/modal/test/auto/Default2.xml
9 ms. Memory: 186368K Free: 69668K (37%)
----------------- Invoking toplevel() on ptolemy.moml.MoMLSimpleApplication@67f135ed
----------------- Done invoking toplevel() on ptolemy.moml.MoMLSimpleApplication@67f135ed
reloadAllAccessors: .Default2

===========================================================================================
----------------- testing Fri Dec 06 06:24:59 UTC 2019 /home/travis/build/icyphy/ptII/ptolemy/domains/modal/test/auto/Default3.xml
----------------- Instantiating /home/travis/build/icyphy/ptII/ptolemy/domains/modal/test/auto/Default3.xml
6 ms. Memory: 186368K Free: 63010K (34%)
----------------- Invoking toplevel() on ptolemy.moml.MoMLSimpleApplication@5def66c1
----------------- Done invoking toplevel() on ptolemy.moml.MoMLSimpleApplication@5def66c1
reloadAllAccessors: .Default3

===========================================================================================
----------------- testing Fri Dec 06 06:24:59 UTC 2019 /home/travis/build/icyphy/ptII/ptolemy/domains/modal/test/auto/Default4.xml
----------------- Instantiating /home/travis/build/icyphy/ptII/ptolemy/domains/modal/test/auto/Default4.xml
2 ms. Memory: 224256K Free: 200695K (89%)
----------------- Invoking toplevel() on ptolemy.moml.MoMLSimpleApplication@48e8363c
----------------- Done invoking toplevel() on ptolemy.moml.MoMLSimpleApplication@48e8363c
reloadAllAccessors: .Default4

===========================================================================================
----------------- testing Fri Dec 06 06:24:59 UTC 2019 /home/travis/build/icyphy/ptII/ptolemy/domains/modal/test/auto/Default5.xml
----------------- Instantiating /home/travis/build/icyphy/ptII/ptolemy/domains/modal/test/auto/Default5.xml
9 ms. Memory: 224256K Free: 192517K (86%)
----------------- Invoking toplevel() on ptolemy.moml.MoMLSimpleApplication@d57d3a3
----------------- Done invoking toplevel() on ptolemy.moml.MoMLSimpleApplication@d57d3a3
reloadAllAccessors: .Default5

===========================================================================================
----------------- testing Fri Dec 06 06:24:59 UTC 2019 /home/travis/build/icyphy/ptII/ptolemy/domains/modal/test/auto/EmptyGuard.xml
----------------- Instantiating /home/travis/build/icyphy/ptII/ptolemy/domains/modal/test/auto/EmptyGuard.xml
16 ms. Memory: 224256K Free: 184839K (82%)
----------------- Invoking toplevel() on ptolemy.moml.MoMLSimpleApplication@535d9c4e
----------------- Done invoking toplevel() on ptolemy.moml.MoMLSimpleApplication@535d9c4e
reloadAllAccessors: .EmptyGuard

===========================================================================================
----------------- testing Fri Dec 06 06:24:59 UTC 2019 /home/travis/build/icyphy/ptII/ptolemy/domains/modal/test/auto/ErrorTransition1.xml
----------------- Instantiating /home/travis/build/icyphy/ptII/ptolemy/domains/modal/test/auto/ErrorTransition1.xml
10 ms. Memory: 224256K Free: 175623K (78%)
----------------- Invoking toplevel() on ptolemy.moml.MoMLSimpleApplication@6ed59670
----------------- Done invoking toplevel() on ptolemy.moml.MoMLSimpleApplication@6ed59670
reloadAllAccessors: .ErrorTransition1

===========================================================================================
----------------- testing Fri Dec 06 06:24:59 UTC 2019 /home/travis/build/icyphy/ptII/ptolemy/domains/modal/test/auto/ErrorTransition10.xml
----------------- Instantiating /home/travis/build/icyphy/ptII/ptolemy/domains/modal/test/auto/ErrorTransition10.xml
14 ms. Memory: 224256K Free: 161783K (72%)
----------------- Invoking toplevel() on ptolemy.moml.MoMLSimpleApplication@4d52b45
----------------- Done invoking toplevel() on ptolemy.moml.MoMLSimpleApplication@4d52b45
reloadAllAccessors: .ErrorTransition10

===========================================================================================
----------------- testing Fri Dec 06 06:25:00 UTC 2019 /home/travis/build/icyphy/ptII/ptolemy/domains/modal/test/auto/ErrorTransition11.xml
----------------- Instantiating /home/travis/build/icyphy/ptII/ptolemy/domains/modal/test/auto/ErrorTransition11.xml
4 ms. Memory: 224256K Free: 150533K (67%)
----------------- Invoking toplevel() on ptolemy.moml.MoMLSimpleApplication@7e78466e
----------------- Done invoking toplevel() on ptolemy.moml.MoMLSimpleApplication@7e78466e
reloadAllAccessors: .ErrorTransition11

===========================================================================================
----------------- testing Fri Dec 06 06:25:00 UTC 2019 /home/travis/build/icyphy/ptII/ptolemy/domains/modal/test/auto/ErrorTransition2.xml
----------------- Instantiating /home/travis/build/icyphy/ptII/ptolemy/domains/modal/test/auto/ErrorTransition2.xml
9 ms. Memory: 224256K Free: 141317K (63%)
----------------- Invoking toplevel() on ptolemy.moml.MoMLSimpleApplication@5208c038
----------------- Done invoking toplevel() on ptolemy.moml.MoMLSimpleApplication@5208c038
reloadAllAccessors: .ErrorTransition2

===========================================================================================
----------------- testing Fri Dec 06 06:25:00 UTC 2019 /home/travis/build/icyphy/ptII/ptolemy/domains/modal/test/auto/ErrorTransition3.xml
----------------- Instantiating /home/travis/build/icyphy/ptII/ptolemy/domains/modal/test/auto/ErrorTransition3.xml
24 ms. Memory: 224256K Free: 131591K (59%)
----------------- Invoking toplevel() on ptolemy.moml.MoMLSimpleApplication@653c812e
----------------- Done invoking toplevel() on ptolemy.moml.MoMLSimpleApplication@653c812e
reloadAllAccessors: .ErrorTransition3

===========================================================================================
----------------- testing Fri Dec 06 06:25:00 UTC 2019 /home/travis/build/icyphy/ptII/ptolemy/domains/modal/test/auto/ErrorTransition4.xml
----------------- Instantiating /home/travis/build/icyphy/ptII/ptolemy/domains/modal/test/auto/ErrorTransition4.xml
15 ms. Memory: 224256K Free: 120327K (54%)
----------------- Invoking toplevel() on ptolemy.moml.MoMLSimpleApplication@5ed30556
----------------- Done invoking toplevel() on ptolemy.moml.MoMLSimpleApplication@5ed30556
reloadAllAccessors: .ErrorTransition4

===========================================================================================
----------------- testing Fri Dec 06 06:25:00 UTC 2019 /home/travis/build/icyphy/ptII/ptolemy/domains/modal/test/auto/ErrorTransition5.xml
----------------- Instantiating /home/travis/build/icyphy/ptII/ptolemy/domains/modal/test/auto/ErrorTransition5.xml
8 ms. Memory: 224256K Free: 110087K (49%)
----------------- Invoking toplevel() on ptolemy.moml.MoMLSimpleApplication@8111abf
----------------- Done invoking toplevel() on ptolemy.moml.MoMLSimpleApplication@8111abf
reloadAllAccessors: .ErrorTransition5

===========================================================================================
----------------- testing Fri Dec 06 06:25:00 UTC 2019 /home/travis/build/icyphy/ptII/ptolemy/domains/modal/test/auto/ErrorTransition6.xml
----------------- Instantiating /home/travis/build/icyphy/ptII/ptolemy/domains/modal/test/auto/ErrorTransition6.xml
12 ms. Memory: 224256K Free: 99333K (44%)
----------------- Invoking toplevel() on ptolemy.moml.MoMLSimpleApplication@7fed870d
----------------- Done invoking toplevel() on ptolemy.moml.MoMLSimpleApplication@7fed870d
reloadAllAccessors: .ErrorTransition6

===========================================================================================
----------------- testing Fri Dec 06 06:25:00 UTC 2019 /home/travis/build/icyphy/ptII/ptolemy/domains/modal/test/auto/ErrorTransition7.xml
----------------- Instantiating /home/travis/build/icyphy/ptII/ptolemy/domains/modal/test/auto/ErrorTransition7.xml
29 ms. Memory: 224256K Free: 86535K (39%)
----------------- Invoking toplevel() on ptolemy.moml.MoMLSimpleApplication@43f69631
----------------- Done invoking toplevel() on ptolemy.moml.MoMLSimpleApplication@43f69631
reloadAllAccessors: .ErrorTransition7

===========================================================================================
----------------- testing Fri Dec 06 06:25:00 UTC 2019 /home/travis/build/icyphy/ptII/ptolemy/domains/modal/test/auto/ErrorTransition8.xml
----------------- Instantiating /home/travis/build/icyphy/ptII/ptolemy/domains/modal/test/auto/ErrorTransition8.xml
35 ms. Memory: 224256K Free: 202232K (90%)
----------------- Invoking toplevel() on ptolemy.moml.MoMLSimpleApplication@6090d50e
----------------- Done invoking toplevel() on ptolemy.moml.MoMLSimpleApplication@6090d50e
reloadAllAccessors: .ErrorTransition8

===========================================================================================
----------------- testing Fri Dec 06 06:25:00 UTC 2019 /home/travis/build/icyphy/ptII/ptolemy/domains/modal/test/auto/ErrorTransition9.xml
----------------- Instantiating /home/travis/build/icyphy/ptII/ptolemy/domains/modal/test/auto/ErrorTransition9.xml
9 ms. Memory: 224256K Free: 188920K (84%)
----------------- Invoking toplevel() on ptolemy.moml.MoMLSimpleApplication@534e12c6
----------------- Done invoking toplevel() on ptolemy.moml.MoMLSimpleApplication@534e12c6
reloadAllAccessors: .ErrorTransition9

===========================================================================================
----------------- testing Fri Dec 06 06:25:00 UTC 2019 /home/travis/build/icyphy/ptII/ptolemy/domains/modal/test/auto/ExtendedFSM.xml
----------------- Instantiating /home/travis/build/icyphy/ptII/ptolemy/domains/modal/test/auto/ExtendedFSM.xml
8 ms. Memory: 224256K Free: 180200K (80%)
----------------- Invoking toplevel() on ptolemy.moml.MoMLSimpleApplication@6930a5c8
----------------- Done invoking toplevel() on ptolemy.moml.MoMLSimpleApplication@6930a5c8
reloadAllAccessors: .ExtendedFSM

===========================================================================================
----------------- testing Fri Dec 06 06:25:00 UTC 2019 /home/travis/build/icyphy/ptII/ptolemy/domains/modal/test/auto/FinalStates.xml
----------------- Instantiating /home/travis/build/icyphy/ptII/ptolemy/domains/modal/test/auto/FinalStates.xml
10 ms. Memory: 224256K Free: 171992K (77%)
----------------- Invoking toplevel() on ptolemy.moml.MoMLSimpleApplication@516ef3da
----------------- Done invoking toplevel() on ptolemy.moml.MoMLSimpleApplication@516ef3da
reloadAllAccessors: .FinalStates

===========================================================================================
----------------- testing Fri Dec 06 06:25:00 UTC 2019 /home/travis/build/icyphy/ptII/ptolemy/domains/modal/test/auto/FixedPointFSM.xml
----------------- Instantiating /home/travis/build/icyphy/ptII/ptolemy/domains/modal/test/auto/FixedPointFSM.xml
21 ms. Memory: 224256K Free: 157176K (70%)
----------------- Invoking toplevel() on ptolemy.moml.MoMLSimpleApplication@79bc4f60
----------------- Done invoking toplevel() on ptolemy.moml.MoMLSimpleApplication@79bc4f60
reloadAllAccessors: .FixedPointFSM

===========================================================================================
----------------- testing Fri Dec 06 06:25:00 UTC 2019 /home/travis/build/icyphy/ptII/ptolemy/domains/modal/test/auto/FixedPointIterationFSMActor.xml
----------------- Instantiating /home/travis/build/icyphy/ptII/ptolemy/domains/modal/test/auto/FixedPointIterationFSMActor.xml
6 ms. Memory: 224256K Free: 146416K (65%)
----------------- Invoking toplevel() on ptolemy.moml.MoMLSimpleApplication@30f18fb7
----------------- Done invoking toplevel() on ptolemy.moml.MoMLSimpleApplication@30f18fb7
reloadAllAccessors: .FixedPointIterationFSMActor

===========================================================================================
----------------- testing Fri Dec 06 06:25:00 UTC 2019 /home/travis/build/icyphy/ptII/ptolemy/domains/modal/test/auto/FixedPointIterationFSMActor2.xml
----------------- Instantiating /home/travis/build/icyphy/ptII/ptolemy/domains/modal/test/auto/FixedPointIterationFSMActor2.xml
12 ms. Memory: 224256K Free: 134648K (60%)
----------------- Invoking toplevel() on ptolemy.moml.MoMLSimpleApplication@2add6fbb
----------------- Done invoking toplevel() on ptolemy.moml.MoMLSimpleApplication@2add6fbb
reloadAllAccessors: .FixedPointIterationFSMActor2

===========================================================================================
----------------- testing Fri Dec 06 06:25:00 UTC 2019 /home/travis/build/icyphy/ptII/ptolemy/domains/modal/test/auto/ForbiddenInstantanousLoop.xml
----------------- Instantiating /home/travis/build/icyphy/ptII/ptolemy/domains/modal/test/auto/ForbiddenInstantanousLoop.xml
6 ms. Memory: 224256K Free: 122360K (55%)
----------------- Invoking toplevel() on ptolemy.moml.MoMLSimpleApplication@2f759888
----------------- Done invoking toplevel() on ptolemy.moml.MoMLSimpleApplication@2f759888
reloadAllAccessors: .ForbiddenInstantanousLoop

===========================================================================================
----------------- testing Fri Dec 06 06:25:00 UTC 2019 /home/travis/build/icyphy/ptII/ptolemy/domains/modal/test/auto/FunctionDependencyOfFSMActorTest.xml
----------------- Instantiating /home/travis/build/icyphy/ptII/ptolemy/domains/modal/test/auto/FunctionDependencyOfFSMActorTest.xml
15 ms. Memory: 224256K Free: 115192K (51%)
----------------- Invoking toplevel() on ptolemy.moml.MoMLSimpleApplication@38cc3307
----------------- Done invoking toplevel() on ptolemy.moml.MoMLSimpleApplication@38cc3307
reloadAllAccessors: .FunctionDependencyOfFSMActorTest

===========================================================================================
----------------- testing Fri Dec 06 06:25:00 UTC 2019 /home/travis/build/icyphy/ptII/ptolemy/domains/modal/test/auto/GuardExpression.xml
----------------- Instantiating /home/travis/build/icyphy/ptII/ptolemy/domains/modal/test/auto/GuardExpression.xml
2 ms. Memory: 224256K Free: 110072K (49%)
----------------- Invoking toplevel() on ptolemy.moml.MoMLSimpleApplication@495e8fea
----------------- Done invoking toplevel() on ptolemy.moml.MoMLSimpleApplication@495e8fea
reloadAllAccessors: .GuardExpression

===========================================================================================
----------------- testing Fri Dec 06 06:25:00 UTC 2019 /home/travis/build/icyphy/ptII/ptolemy/domains/modal/test/auto/GuardNotEvaluated.xml
----------------- Instantiating /home/travis/build/icyphy/ptII/ptolemy/domains/modal/test/auto/GuardNotEvaluated.xml
6 ms. Memory: 224256K Free: 101352K (45%)
----------------- Invoking toplevel() on ptolemy.moml.MoMLSimpleApplication@511572a1
----------------- Done invoking toplevel() on ptolemy.moml.MoMLSimpleApplication@511572a1
reloadAllAccessors: .GuardNotEvaluated

===========================================================================================
----------------- testing Fri Dec 06 06:25:00 UTC 2019 /home/travis/build/icyphy/ptII/ptolemy/domains/modal/test/auto/GuardNotEvaluated2.xml
----------------- Instantiating /home/travis/build/icyphy/ptII/ptolemy/domains/modal/test/auto/GuardNotEvaluated2.xml
7 ms. Memory: 224256K Free: 91640K (41%)
----------------- Invoking toplevel() on ptolemy.moml.MoMLSimpleApplication@2f5124f3
----------------- Done invoking toplevel() on ptolemy.moml.MoMLSimpleApplication@2f5124f3
reloadAllAccessors: .GuardNotEvaluated2

===========================================================================================
----------------- testing Fri Dec 06 06:25:00 UTC 2019 /home/travis/build/icyphy/ptII/ptolemy/domains/modal/test/auto/GuardOnAbsent.xml
----------------- Instantiating /home/travis/build/icyphy/ptII/ptolemy/domains/modal/test/auto/GuardOnAbsent.xml
8 ms. Memory: 224256K Free: 83958K (37%)
----------------- Invoking toplevel() on ptolemy.moml.MoMLSimpleApplication@3471616e
----------------- Done invoking toplevel() on ptolemy.moml.MoMLSimpleApplication@3471616e
reloadAllAccessors: .GuardOnAbsent

===========================================================================================
----------------- testing Fri Dec 06 06:25:00 UTC 2019 /home/travis/build/icyphy/ptII/ptolemy/domains/modal/test/auto/HierarchicalFSMTypeInference.xml
----------------- Instantiating /home/travis/build/icyphy/ptII/ptolemy/domains/modal/test/auto/HierarchicalFSMTypeInference.xml
6 ms. Memory: 224256K Free: 201935K (90%)
----------------- Invoking toplevel() on ptolemy.moml.MoMLSimpleApplication@5f17c848
----------------- Done invoking toplevel() on ptolemy.moml.MoMLSimpleApplication@5f17c848
reloadAllAccessors: .HierarchicalFSMTypeInference

===========================================================================================
----------------- testing Fri Dec 06 06:25:00 UTC 2019 /home/travis/build/icyphy/ptII/ptolemy/domains/modal/test/auto/Hysteresis.xml
----------------- Instantiating /home/travis/build/icyphy/ptII/ptolemy/domains/modal/test/auto/Hysteresis.xml
15 ms. Memory: 224256K Free: 188426K (84%)
----------------- Invoking toplevel() on ptolemy.moml.MoMLSimpleApplication@6f669562
----------------- Done invoking toplevel() on ptolemy.moml.MoMLSimpleApplication@6f669562
reloadAllAccessors: .Hysteresis

===========================================================================================
----------------- testing Fri Dec 06 06:25:00 UTC 2019 /home/travis/build/icyphy/ptII/ptolemy/domains/modal/test/auto/HysteresisWithDefault.xml
----------------- Instantiating /home/travis/build/icyphy/ptII/ptolemy/domains/modal/test/auto/HysteresisWithDefault.xml
48 ms. Memory: 224256K Free: 165370K (74%)
----------------- Invoking toplevel() on ptolemy.moml.MoMLSimpleApplication@12e582ef
----------------- Done invoking toplevel() on ptolemy.moml.MoMLSimpleApplication@12e582ef
reloadAllAccessors: .HysteresisWithDefault

===========================================================================================
----------------- testing Fri Dec 06 06:25:01 UTC 2019 /home/travis/build/icyphy/ptII/ptolemy/domains/modal/test/auto/HysteresisWithDefault2.xml
----------------- Instantiating /home/travis/build/icyphy/ptII/ptolemy/domains/modal/test/auto/HysteresisWithDefault2.xml
47 ms. Memory: 224256K Free: 136202K (61%)
----------------- Invoking toplevel() on ptolemy.moml.MoMLSimpleApplication@4008eee8
----------------- Done invoking toplevel() on ptolemy.moml.MoMLSimpleApplication@4008eee8
reloadAllAccessors: .HysteresisWithDefault2

===========================================================================================
----------------- testing Fri Dec 06 06:25:01 UTC 2019 /home/travis/build/icyphy/ptII/ptolemy/domains/modal/test/auto/ImmediateNonConstructiveness.xml
----------------- Instantiating /home/travis/build/icyphy/ptII/ptolemy/domains/modal/test/auto/ImmediateNonConstructiveness.xml
3 ms. Memory: 224256K Free: 129034K (58%)
----------------- Invoking toplevel() on ptolemy.moml.MoMLSimpleApplication@406d5e2b
----------------- Done invoking toplevel() on ptolemy.moml.MoMLSimpleApplication@406d5e2b
reloadAllAccessors: .ImmediateNonConstructiveness

===========================================================================================
----------------- testing Fri Dec 06 06:25:01 UTC 2019 /home/travis/build/icyphy/ptII/ptolemy/domains/modal/test/auto/ImmediateNonConstructiveness2.xml
----------------- Instantiating /home/travis/build/icyphy/ptII/ptolemy/domains/modal/test/auto/ImmediateNonConstructiveness2.xml
2 ms. Memory: 224256K Free: 122376K (55%)
----------------- Invoking toplevel() on ptolemy.moml.MoMLSimpleApplication@3517e110
----------------- Done invoking toplevel() on ptolemy.moml.MoMLSimpleApplication@3517e110
reloadAllAccessors: .ImmediateNonConstructiveness2

===========================================================================================
----------------- testing Fri Dec 06 06:25:01 UTC 2019 /home/travis/build/icyphy/ptII/ptolemy/domains/modal/test/auto/ImmediateTransitionReset.xml
----------------- Instantiating /home/travis/build/icyphy/ptII/ptolemy/domains/modal/test/auto/ImmediateTransitionReset.xml
6 ms. Memory: 224256K Free: 110602K (49%)
----------------- Invoking toplevel() on ptolemy.moml.MoMLSimpleApplication@5b7a7ec9
----------------- Done invoking toplevel() on ptolemy.moml.MoMLSimpleApplication@5b7a7ec9
reloadAllAccessors: .ImmediateTransitionReset

===========================================================================================
----------------- testing Fri Dec 06 06:25:01 UTC 2019 /home/travis/build/icyphy/ptII/ptolemy/domains/modal/test/auto/ImmediateTransitions1.xml
----------------- Instantiating /home/travis/build/icyphy/ptII/ptolemy/domains/modal/test/auto/ImmediateTransitions1.xml
2 ms. Memory: 224256K Free: 105482K (47%)
----------------- Invoking toplevel() on ptolemy.moml.MoMLSimpleApplication@5371372a
----------------- Done invoking toplevel() on ptolemy.moml.MoMLSimpleApplication@5371372a
reloadAllAccessors: .ImmediateTransitions1

===========================================================================================
----------------- testing Fri Dec 06 06:25:01 UTC 2019 /home/travis/build/icyphy/ptII/ptolemy/domains/modal/test/auto/ImmediateTransitionsInstantaneousCommunication.xml
----------------- Instantiating /home/travis/build/icyphy/ptII/ptolemy/domains/modal/test/auto/ImmediateTransitionsInstantaneousCommunication.xml
4 ms. Memory: 224256K Free: 93194K (42%)
----------------- Invoking toplevel() on ptolemy.moml.MoMLSimpleApplication@1b9c834e
----------------- Done invoking toplevel() on ptolemy.moml.MoMLSimpleApplication@1b9c834e
reloadAllAccessors: .ImmediateTransitionsInstantaneousCommunication

===========================================================================================
----------------- testing Fri Dec 06 06:25:01 UTC 2019 /home/travis/build/icyphy/ptII/ptolemy/domains/modal/test/auto/InitialImmediateTransition.xml
----------------- Instantiating /home/travis/build/icyphy/ptII/ptolemy/domains/modal/test/auto/InitialImmediateTransition.xml
4 ms. Memory: 224256K Free: 86026K (38%)
----------------- Invoking toplevel() on ptolemy.moml.MoMLSimpleApplication@431f888b
----------------- Done invoking toplevel() on ptolemy.moml.MoMLSimpleApplication@431f888b
reloadAllAccessors: .InitialImmediateTransition

===========================================================================================
----------------- testing Fri Dec 06 06:25:01 UTC 2019 /home/travis/build/icyphy/ptII/ptolemy/domains/modal/test/auto/InitialOutputs.xml
----------------- Instantiating /home/travis/build/icyphy/ptII/ptolemy/domains/modal/test/auto/InitialOutputs.xml
3 ms. Memory: 224256K Free: 79882K (36%)
----------------- Invoking toplevel() on ptolemy.moml.MoMLSimpleApplication@5a685c62
----------------- Done invoking toplevel() on ptolemy.moml.MoMLSimpleApplication@5a685c62
reloadAllAccessors: .InitialOutputs

===========================================================================================
----------------- testing Fri Dec 06 06:25:01 UTC 2019 /home/travis/build/icyphy/ptII/ptolemy/domains/modal/test/auto/InitialStateTransition1.xml
----------------- Instantiating /home/travis/build/icyphy/ptII/ptolemy/domains/modal/test/auto/InitialStateTransition1.xml
2 ms. Memory: 224256K Free: 200182K (89%)
----------------- Invoking toplevel() on ptolemy.moml.MoMLSimpleApplication@45454d28
----------------- Done invoking toplevel() on ptolemy.moml.MoMLSimpleApplication@45454d28
reloadAllAccessors: .InitialStateTransition1

===========================================================================================
----------------- testing Fri Dec 06 06:25:01 UTC 2019 /home/travis/build/icyphy/ptII/ptolemy/domains/modal/test/auto/InitialStateTransition2.xml
----------------- Instantiating /home/travis/build/icyphy/ptII/ptolemy/domains/modal/test/auto/InitialStateTransition2.xml
.InitialStateTransition2.TestExceptionAttributeNonConstructive: initialize() was not invoked, but wrapup() was.  This is unusual, but not always a problem.  For example, exporting JNLP will do this.
2 ms. Memory: 224256K Free: 193014K (86%)
----------------- Invoking toplevel() on ptolemy.moml.MoMLSimpleApplication@39b0abda
----------------- Done invoking toplevel() on ptolemy.moml.MoMLSimpleApplication@39b0abda
reloadAllAccessors: .InitialStateTransition2

===========================================================================================
----------------- testing Fri Dec 06 06:25:01 UTC 2019 /home/travis/build/icyphy/ptII/ptolemy/domains/modal/test/auto/InitialStateTransition3.xml
----------------- Instantiating /home/travis/build/icyphy/ptII/ptolemy/domains/modal/test/auto/InitialStateTransition3.xml
5 ms. Memory: 224256K Free: 184819K (82%)
----------------- Invoking toplevel() on ptolemy.moml.MoMLSimpleApplication@2757abe7
----------------- Done invoking toplevel() on ptolemy.moml.MoMLSimpleApplication@2757abe7
reloadAllAccessors: .InitialStateTransition3

===========================================================================================
----------------- testing Fri Dec 06 06:25:01 UTC 2019 /home/travis/build/icyphy/ptII/ptolemy/domains/modal/test/auto/InitialStateTransition4.xml
----------------- Instantiating /home/travis/build/icyphy/ptII/ptolemy/domains/modal/test/auto/InitialStateTransition4.xml
3 ms. Memory: 224256K Free: 175096K (78%)
----------------- Invoking toplevel() on ptolemy.moml.MoMLSimpleApplication@72166a38
----------------- Done invoking toplevel() on ptolemy.moml.MoMLSimpleApplication@72166a38
[...]
reloadAllAccessors: .TerminationTransition3

===========================================================================================
----------------- testing Fri Dec 06 06:25:04 UTC 2019 /home/travis/build/icyphy/ptII/ptolemy/domains/modal/test/auto/TerminationTransition4.xml
----------------- Instantiating /home/travis/build/icyphy/ptII/ptolemy/domains/modal/test/auto/TerminationTransition4.xml
4 ms. Memory: 280576K Free: 259961K (93%)
----------------- Invoking toplevel() on ptolemy.moml.MoMLSimpleApplication@1bddad53
----------------- Done invoking toplevel() on ptolemy.moml.MoMLSimpleApplication@1bddad53
reloadAllAccessors: .TerminationTransition4

===========================================================================================
----------------- testing Fri Dec 06 06:25:04 UTC 2019 /home/travis/build/icyphy/ptII/ptolemy/domains/modal/test/auto/TerminationTransition5.xml
----------------- Instantiating /home/travis/build/icyphy/ptII/ptolemy/domains/modal/test/auto/TerminationTransition5.xml
4 ms. Memory: 280576K Free: 246139K (88%)
----------------- Invoking toplevel() on ptolemy.moml.MoMLSimpleApplication@2e4e0bb3
----------------- Done invoking toplevel() on ptolemy.moml.MoMLSimpleApplication@2e4e0bb3
reloadAllAccessors: .TerminationTransition5

===========================================================================================
----------------- testing Fri Dec 06 06:25:04 UTC 2019 /home/travis/build/icyphy/ptII/ptolemy/domains/modal/test/auto/TerminationTransition6.xml
----------------- Instantiating /home/travis/build/icyphy/ptII/ptolemy/domains/modal/test/auto/TerminationTransition6.xml
2 ms. Memory: 280576K Free: 237947K (85%)
----------------- Invoking toplevel() on ptolemy.moml.MoMLSimpleApplication@13b95813
----------------- Done invoking toplevel() on ptolemy.moml.MoMLSimpleApplication@13b95813
reloadAllAccessors: .TerminationTransition6

===========================================================================================
----------------- testing Fri Dec 06 06:25:04 UTC 2019 /home/travis/build/icyphy/ptII/ptolemy/domains/modal/test/auto/TerminationTransition7.xml
----------------- Instantiating /home/travis/build/icyphy/ptII/ptolemy/domains/modal/test/auto/TerminationTransition7.xml
2 ms. Memory: 280576K Free: 228217K (81%)
----------------- Invoking toplevel() on ptolemy.moml.MoMLSimpleApplication@7ef00ecd
----------------- Done invoking toplevel() on ptolemy.moml.MoMLSimpleApplication@7ef00ecd
reloadAllAccessors: .TerminationTransition7

===========================================================================================
----------------- testing Fri Dec 06 06:25:04 UTC 2019 /home/travis/build/icyphy/ptII/ptolemy/domains/modal/test/auto/TerminationTransition8.xml
----------------- Instantiating /home/travis/build/icyphy/ptII/ptolemy/domains/modal/test/auto/TerminationTransition8.xml
3 ms. Memory: 280576K Free: 219001K (78%)
----------------- Invoking toplevel() on ptolemy.moml.MoMLSimpleApplication@2e532c8b
----------------- Done invoking toplevel() on ptolemy.moml.MoMLSimpleApplication@2e532c8b
reloadAllAccessors: .TerminationTransition8

===========================================================================================
----------------- testing Fri Dec 06 06:25:04 UTC 2019 /home/travis/build/icyphy/ptII/ptolemy/domains/modal/test/auto/Thermostat_NoHysteresis.xml
----------------- Instantiating /home/travis/build/icyphy/ptII/ptolemy/domains/modal/test/auto/Thermostat_NoHysteresis.xml
40 ms. Memory: 280576K Free: 194425K (69%)
----------------- Invoking toplevel() on ptolemy.moml.MoMLSimpleApplication@19bdc74
----------------- Done invoking toplevel() on ptolemy.moml.MoMLSimpleApplication@19bdc74
reloadAllAccessors: .Thermostat_NoHysteresis

===========================================================================================
----------------- testing Fri Dec 06 06:25:04 UTC 2019 /home/travis/build/icyphy/ptII/ptolemy/domains/modal/test/auto/TimedFSM.xml
----------------- Instantiating /home/travis/build/icyphy/ptII/ptolemy/domains/modal/test/auto/TimedFSM.xml
13 ms. Memory: 280576K Free: 182651K (65%)
----------------- Invoking toplevel() on ptolemy.moml.MoMLSimpleApplication@55d1de55
----------------- Done invoking toplevel() on ptolemy.moml.MoMLSimpleApplication@55d1de55
reloadAllAccessors: .TimedFSM

===========================================================================================
----------------- testing Fri Dec 06 06:25:04 UTC 2019 /home/travis/build/icyphy/ptII/ptolemy/domains/modal/test/auto/Timeout1.xml
----------------- Instantiating /home/travis/build/icyphy/ptII/ptolemy/domains/modal/test/auto/Timeout1.xml
4 ms. Memory: 280576K Free: 177003K (63%)
----------------- Invoking toplevel() on ptolemy.moml.MoMLSimpleApplication@29303832
----------------- Done invoking toplevel() on ptolemy.moml.MoMLSimpleApplication@29303832
reloadAllAccessors: .Timeout1

===========================================================================================
----------------- testing Fri Dec 06 06:25:04 UTC 2019 /home/travis/build/icyphy/ptII/ptolemy/domains/modal/test/auto/Timeout2.xml
----------------- Instantiating /home/travis/build/icyphy/ptII/ptolemy/domains/modal/test/auto/Timeout2.xml
12 ms. Memory: 280576K Free: 168315K (60%)
----------------- Invoking toplevel() on ptolemy.moml.MoMLSimpleApplication@18cb78be
----------------- Done invoking toplevel() on ptolemy.moml.MoMLSimpleApplication@18cb78be
reloadAllAccessors: .Timeout2

===========================================================================================
----------------- testing Fri Dec 06 06:25:04 UTC 2019 /home/travis/build/icyphy/ptII/ptolemy/domains/modal/test/auto/Timeout3.xml
----------------- Instantiating /home/travis/build/icyphy/ptII/ptolemy/domains/modal/test/auto/Timeout3.xml
11 ms. Memory: 280576K Free: 163195K (58%)
----------------- Invoking toplevel() on ptolemy.moml.MoMLSimpleApplication@160a3ba8
----------------- Done invoking toplevel() on ptolemy.moml.MoMLSimpleApplication@160a3ba8
reloadAllAccessors: .Timeout3

===========================================================================================
----------------- testing Fri Dec 06 06:25:04 UTC 2019 /home/travis/build/icyphy/ptII/ptolemy/domains/modal/test/auto/Timeout4.xml
----------------- Instantiating /home/travis/build/icyphy/ptII/ptolemy/domains/modal/test/auto/Timeout4.xml
3 ms. Memory: 280576K Free: 158075K (56%)
----------------- Invoking toplevel() on ptolemy.moml.MoMLSimpleApplication@3da85d31
----------------- Done invoking toplevel() on ptolemy.moml.MoMLSimpleApplication@3da85d31
reloadAllAccessors: .Timeout4

===========================================================================================
----------------- testing Fri Dec 06 06:25:04 UTC 2019 /home/travis/build/icyphy/ptII/ptolemy/domains/modal/test/auto/TransientstateModelAdvanced.xml
----------------- Instantiating /home/travis/build/icyphy/ptII/ptolemy/domains/modal/test/auto/TransientstateModelAdvanced.xml
5 ms. Memory: 280576K Free: 145787K (52%)
----------------- Invoking toplevel() on ptolemy.moml.MoMLSimpleApplication@ffa91c7
----------------- Done invoking toplevel() on ptolemy.moml.MoMLSimpleApplication@ffa91c7
reloadAllAccessors: .TransientstateModelAdvanced

===========================================================================================
----------------- testing Fri Dec 06 06:25:04 UTC 2019 /home/travis/build/icyphy/ptII/ptolemy/domains/modal/test/auto/TransientstateModelAdvanced2.xml
----------------- Instantiating /home/travis/build/icyphy/ptII/ptolemy/domains/modal/test/auto/TransientstateModelAdvanced2.xml
4 ms. Memory: 280576K Free: 131451K (47%)
----------------- Invoking toplevel() on ptolemy.moml.MoMLSimpleApplication@354f7818
----------------- Done invoking toplevel() on ptolemy.moml.MoMLSimpleApplication@354f7818
reloadAllAccessors: .transientstatemodelAdvanced

===========================================================================================
----------------- testing Fri Dec 06 06:25:04 UTC 2019 /home/travis/build/icyphy/ptII/ptolemy/domains/modal/test/auto/TransitionRefinements.xml
----------------- Instantiating /home/travis/build/icyphy/ptII/ptolemy/domains/modal/test/auto/TransitionRefinements.xml
10 ms. Memory: 280576K Free: 121707K (43%)
----------------- Invoking toplevel() on ptolemy.moml.MoMLSimpleApplication@2a036d76
----------------- Done invoking toplevel() on ptolemy.moml.MoMLSimpleApplication@2a036d76
reloadAllAccessors: .TransitionRefinements

===========================================================================================
----------------- testing Fri Dec 06 06:25:04 UTC 2019 /home/travis/build/icyphy/ptII/ptolemy/domains/modal/test/auto/TwoRefinements1.xml
----------------- Instantiating /home/travis/build/icyphy/ptII/ptolemy/domains/modal/test/auto/TwoRefinements1.xml
12 ms. Memory: 280576K Free: 111481K (40%)
----------------- Invoking toplevel() on ptolemy.moml.MoMLSimpleApplication@73ff2ae9
----------------- Done invoking toplevel() on ptolemy.moml.MoMLSimpleApplication@73ff2ae9
reloadAllAccessors: .TwoRefinements1

===========================================================================================
----------------- testing Fri Dec 06 06:25:04 UTC 2019 /home/travis/build/icyphy/ptII/ptolemy/domains/modal/test/auto/TwoRefinements2.xml
----------------- Instantiating /home/travis/build/icyphy/ptII/ptolemy/domains/modal/test/auto/TwoRefinements2.xml
4 ms. Memory: 280576K Free: 101241K (36%)
----------------- Invoking toplevel() on ptolemy.moml.MoMLSimpleApplication@60407157
----------------- Done invoking toplevel() on ptolemy.moml.MoMLSimpleApplication@60407157
reloadAllAccessors: .TwoRefinements2

===========================================================================================
----------------- testing Fri Dec 06 06:25:04 UTC 2019 /home/travis/build/icyphy/ptII/ptolemy/domains/modal/test/auto/WeakImmediateTransition.xml
----------------- Instantiating /home/travis/build/icyphy/ptII/ptolemy/domains/modal/test/auto/WeakImmediateTransition.xml
4 ms. Memory: 365568K Free: 341406K (93%)
----------------- Invoking toplevel() on ptolemy.moml.MoMLSimpleApplication@48e33ca2
----------------- Done invoking toplevel() on ptolemy.moml.MoMLSimpleApplication@48e33ca2
reloadAllAccessors: .WeakImmediateTransition

===========================================================================================
----------------- testing Fri Dec 06 06:25:04 UTC 2019 /home/travis/build/icyphy/ptII/ptolemy/domains/modal/test/auto/booleanSelect.xml
----------------- Instantiating /home/travis/build/icyphy/ptII/ptolemy/domains/modal/test/auto/booleanSelect.xml
59 ms. Memory: 365568K Free: 322974K (88%)
----------------- Invoking toplevel() on ptolemy.moml.MoMLSimpleApplication@16a15b93
----------------- Done invoking toplevel() on ptolemy.moml.MoMLSimpleApplication@16a15b93
reloadAllAccessors: .booleanSelect

===========================================================================================
----------------- testing Fri Dec 06 06:25:05 UTC 2019 /home/travis/build/icyphy/ptII/ptolemy/domains/modal/test/auto/modalChangingParams.xml
----------------- Instantiating /home/travis/build/icyphy/ptII/ptolemy/domains/modal/test/auto/modalChangingParams.xml
0
1
0
2
4
6
8
7
0
2
4
6
8
13
0
2
4
6
8
19
0
2
4
6
8
25
0
2
4
6
8
31
0
2
4
6
8
37
0
2
4
6
8
43
0
2
4
6
8
49
0
2
4
6
8
55
0
2
4
6
8
61
0
2
4
6
8
67
0
2
4
6
8
73
0
2
4
6
8
79
0
2
4
6
8
85
0
2
4
6
8
91
0
2
4
6
8
97
0
2
4
6
8
103
0
2
4
6
8
109
0
2
4
6
8
115
0
2
4
6
8
121
0
2
4
6
8
127
0
2
4
6
8
133
0
2
4
6
8
139
0
2
4
6
8
145
0
2
4
6
8
151
0
2
4
6
8
157
0
2
4
6
8
163
0
2
4
6
8
169
0
2
4
6
8
175
0
2
4
6
8
181
0
2
4
6
8
187
0
2
4
6
8
193
0
2
4
6
8
199
0
2
4
6
8
205
0
2
4
6
8
211
0
2
4
6
8
217
0
2
4
6
8
223
0
2
4
6
8
229
0
2
4
6
8
235
0
2
4
6
8
241
0
2
4
6
8
247
0
2
4
6
8
253
0
2
4
6
8
259
0
2
4
6
8
265
0
2
4
6
8
271
0
2
4
6
8
277
0
2
4
6
8
283
0
2
4
6
8
289
0
2
4
6
8
295
0
2
4
6
8
301
0
2
4
6
8
307
0
2
4
6
8
313
0
2
4
6
8
319
0
2
4
6
8
325
0
2
4
6
8
331
0
2
4
6
8
337
0
2
4
6
8
343
0
2
4
6
8
349
0
2
4
6
8
355
0
2
4
6
8
361
0
2
4
6
8
367
0
2
4
6
8
373
0
2
4
6
8
379
0
2
4
6
8
385
0
2
4
6
8
391
0
2
4
6
8
397
0
2
4
6
8
403
0
2
4
6
8
409
0
2
4
6
8
415
0
2
4
6
8
421
0
2
4
6
8
427
0
2
4
6
8
433
0
2
4
6
8
439
0
2
4
6
8
445
0
2
4
6
8
451
0
2
4
6
8
457
0
2
4
6
8
463
0
2
4
6
8
469
0
2
4
6
8
475
0
2
4
6
8
481
0
2
4
6
8
487
0
2
4
6
8
493
0
2
4
6
8
499
0
2
4
6
8
505
0
2
4
6
8
511
0
2
4
6
8
517
0
2
4
6
8
523
0
2
4
6
8
529
0
2
4
6
8
535
0
2
4
6
8
541
0
2
4
6
8
547
0
2
4
6
8
553
0
2
4
6
8
559
0
2
4
6
8
565
0
2
4
6
8
571
0
2
4
6
8
577
0
2
4
6
8
583
0
2
4
6
8
589
0
2
4
6
8
595
0
2
4
6
8
601
0
2
4
6
8
607
0
2
4
6
8
613
0
2
4
6
8
619
0
2
4
6
8
625
0
2
4
6
8
631
0
2
4
6
8
637
0
2
4
6
8
643
0
2
4
6
8
649
0
2
4
6
8
655
0
2
4
6
8
661
0
2
4
6
8
667
0
2
4
6
8
673
0
2
4
6
8
679
0
2
4
6
8
685
0
2
4
6
8
691
0
2
4
6
8
697
0
2
4
6
8
703
0
2
4
6
8
709
0
2
4
6
8
715
0
2
4
6
8
721
0
2
4
6
8
727
0
2
4
6
8
733
0
2
4
6
8
739
0
2
4
6
8
745
0
2
4
6
8
751
0
2
4
6
8
757
0
2
4
6
8
763
0
2
4
6
8
769
0
2
4
6
8
775
0
2
4
6
8
781
0
2
4
6
8
787
0
2
4
6
8
793
0
2
4
6
8
799
0
2
4
6
8
805
0
2
4
6
8
811
0
2
4
6
8
817
0
2
4
6
8
823
0
2
4
6
8
829
0
2
4
6
8
835
0
2
4
6
8
841
0
2
4
6
8
847
0
2
4
6
8
853
0
2
4
6
8
859
0
2
4
6
8
865
0
2
4
6
8
871
0
2
4
6
8
877
0
2
4
6
8
883
0
2
4
6
8
889
0
2
4
6
8
895
0
2
4
6
8
901
0
2
4
6
8
907
0
2
4
6
8
913
0
2
4
6
8
919
0
2
4
6
8
925
0
2
4
6
8
931
0
2
4
6
8
937
0
2
4
6
8
943
0
2
4
6
8
949
0
2
4
6
8
955
0
2
4
6
8
961
0
2
4
6
8
967
0
2
4
6
8
973
0
2
4
6
8
979
0
2
4
6
8
985
0
2
4
6
8
991
0
2
4
6
8
997
0
2
419 ms. Memory: 365568K Free: 208286K (57%)
----------------- Invoking toplevel() on ptolemy.moml.MoMLSimpleApplication@57e45284
----------------- Done invoking toplevel() on ptolemy.moml.MoMLSimpleApplication@57e45284
reloadAllAccessors: .modalChangingParams

===========================================================================================
----------------- testing Fri Dec 06 06:25:05 UTC 2019 /home/travis/build/icyphy/ptII/ptolemy/domains/modal/test/auto/modalModel.xml
----------------- Instantiating /home/travis/build/icyphy/ptII/ptolemy/domains/modal/test/auto/modalModel.xml
6 ms. Memory: 365568K Free: 199566K (55%)
----------------- Invoking toplevel() on ptolemy.moml.MoMLSimpleApplication@3acd3130
----------------- Done invoking toplevel() on ptolemy.moml.MoMLSimpleApplication@3acd3130
reloadAllAccessors: .modalModel

===========================================================================================
----------------- testing Fri Dec 06 06:25:05 UTC 2019 /home/travis/build/icyphy/ptII/ptolemy/domains/modal/test/auto/modalModel2.xml
----------------- Instantiating /home/travis/build/icyphy/ptII/ptolemy/domains/modal/test/auto/modalModel2.xml
18 ms. Memory: 365568K Free: 188830K (52%)
----------------- Invoking toplevel() on ptolemy.moml.MoMLSimpleApplication@3ce60e8c
----------------- Done invoking toplevel() on ptolemy.moml.MoMLSimpleApplication@3ce60e8c
reloadAllAccessors: .modalModel2

===========================================================================================
----------------- testing Fri Dec 06 06:25:05 UTC 2019 /home/travis/build/icyphy/ptII/ptolemy/domains/modal/test/auto/modalModel3.xml
----------------- Instantiating /home/travis/build/icyphy/ptII/ptolemy/domains/modal/test/auto/modalModel3.xml
0	0	0
3	2	1
6	4	2
9	6	3
4	0	4
7	2	5
10	4	6
13	6	7
8	0	8
11	2	9
14	4	10
17	6	11
12	0	12
15	2	13
18	4	14
39 ms. Memory: 365568K Free: 173974K (48%)
----------------- Invoking toplevel() on ptolemy.moml.MoMLSimpleApplication@1e97b602
----------------- Done invoking toplevel() on ptolemy.moml.MoMLSimpleApplication@1e97b602
reloadAllAccessors: .modalModel3

===========================================================================================
----------------- testing Fri Dec 06 06:25:05 UTC 2019 /home/travis/build/icyphy/ptII/ptolemy/domains/modal/test/auto/model1.xml
----------------- Instantiating /home/travis/build/icyphy/ptII/ptolemy/domains/modal/test/auto/model1.xml
18 ms. Memory: 365568K Free: 168350K (46%)
----------------- Invoking toplevel() on ptolemy.moml.MoMLSimpleApplication@7d13d4b1
----------------- Done invoking toplevel() on ptolemy.moml.MoMLSimpleApplication@7d13d4b1
reloadAllAccessors: .model1

===========================================================================================
----------------- testing Fri Dec 06 06:25:05 UTC 2019 /home/travis/build/icyphy/ptII/ptolemy/domains/modal/test/auto/test-direct-in-out.xml
----------------- Instantiating /home/travis/build/icyphy/ptII/ptolemy/domains/modal/test/auto/test-direct-in-out.xml
5 ms. Memory: 365568K Free: 160652K (44%)
----------------- Invoking toplevel() on ptolemy.moml.MoMLSimpleApplication@68562e62
----------------- Done invoking toplevel() on ptolemy.moml.MoMLSimpleApplication@68562e62
reloadAllAccessors: .test-direct-in-out
AutoTests.java: About to close Vertx.
AutoTests.java: Vertx closed.
]]></system-out>
  <system-err><![CDATA[java.lang.RuntimeException: Execution failed
	at ptolemy.moml.MoMLSimpleApplication$UnloadThread.run(MoMLSimpleApplication.java:402)
Caused by: ptolemy.kernel.util.IllegalActionException: Unknown inputs remain. Possible causality loop:
L_model_1893289564i

  in .CannotAnalysisWithPreemption.model_1893289564_region_1 and .CannotAnalysisWithPreemption.model_1893289564_region_1.L_model_1893289564i
	at ptolemy.actor.sched.FixedPointDirector.postfire(FixedPointDirector.java:515)
	at ptolemy.domains.sr.kernel.SRDirector.postfire(SRDirector.java:417)
	at ptolemy.actor.CompositeActor.postfire(CompositeActor.java:1668)
	at ptolemy.actor.Manager.iterate(Manager.java:852)
	at ptolemy.actor.Manager.execute(Manager.java:369)
	at ptolemy.actor.Manager.run(Manager.java:1263)
	at ptolemy.actor.Manager$PtolemyRunThread.run(Manager.java:1933)
java.lang.reflect.InvocationTargetException
	at java.base/jdk.internal.reflect.NativeConstructorAccessorImpl.newInstance0(Native Method)
	at java.base/jdk.internal.reflect.NativeConstructorAccessorImpl.newInstance(NativeConstructorAccessorImpl.java:62)
	at java.base/jdk.internal.reflect.DelegatingConstructorAccessorImpl.newInstance(DelegatingConstructorAccessorImpl.java:45)
	at java.base/java.lang.reflect.Constructor.newInstance(Constructor.java:490)
	at ptolemy.util.test.junit.AutoKnownFailedTests.RunModel(AutoKnownFailedTests.java:105)
	at java.base/jdk.internal.reflect.NativeMethodAccessorImpl.invoke0(Native Method)
	at java.base/jdk.internal.reflect.NativeMethodAccessorImpl.invoke(NativeMethodAccessorImpl.java:62)
	at java.base/jdk.internal.reflect.DelegatingMethodAccessorImpl.invoke(DelegatingMethodAccessorImpl.java:43)
	at java.base/java.lang.reflect.Method.invoke(Method.java:566)
	at org.junit.runners.model.FrameworkMethod$1.runReflectiveCall(FrameworkMethod.java:44)
	at org.junit.internal.runners.model.ReflectiveCallable.run(ReflectiveCallable.java:15)
	at org.junit.runners.model.FrameworkMethod.invokeExplosively(FrameworkMethod.java:41)
	at junitparams.internal.InvokeParameterisedMethod.evaluate(InvokeParameterisedMethod.java:102)
	at org.junit.internal.runners.statements.FailOnTimeout$1.run(FailOnTimeout.java:28)
Caused by: ptolemy.kernel.util.IllegalActionException: Unknown inputs remain. Possible causality loop:
L_model_1893289564i

  in .CannotAnalysisWithPreemption.model_1893289564_region_1 and .CannotAnalysisWithPreemption.model_1893289564_region_1.L_model_1893289564i
	at ptolemy.actor.sched.FixedPointDirector.postfire(FixedPointDirector.java:515)
	at ptolemy.domains.sr.kernel.SRDirector.postfire(SRDirector.java:417)
	at ptolemy.actor.CompositeActor.postfire(CompositeActor.java:1668)
	at ptolemy.actor.Manager.iterate(Manager.java:852)
	at ptolemy.actor.Manager.execute(Manager.java:369)
	at ptolemy.actor.Manager.run(Manager.java:1263)
	at ptolemy.actor.Manager$PtolemyRunThread.run(Manager.java:1933)
]]></system-err>
</testsuite>
