<?xml version="1.0" encoding="UTF-8" ?>
<testsuite errors="1" failures="0" hostname="travis-job-d26d971d-c5fe-4a58-a327-4497f2d51549" name="ptolemy.domains.continuous.test.junit.JUnitTclTest" skipped="0" tests="156" time="81.087" timestamp="2019-10-09T05:50:15">
  <properties>
[...]
</properties>
  <testcase classname="ptolemy.util.test.junit.TclTests" name="[0] ThereAreNoTclTests (RunTclFile)" time="0.008" />
  <testcase classname="ptolemy.util.test.junit.AutoKnownFailedTests" name="[0] ThereAreNoKnowFailedTests (RunModel)" time="0.004" />
  <testcase classname="ptolemy.util.test.junit.AutoNameArchTests" name="[0] ThereAreNoAutoArchTests (RunModel)" time="0.021" />
  <testcase classname="ptolemy.util.test.junit.AutoTests" name="[0] /home/travis/build/icyphy/ptII/ptolemy/domains/continuous/test/auto/BouncingBall.xml (RunModel)" time="3.43" />
  <testcase classname="ptolemy.util.test.junit.AutoTests" name="[1] /home/travis/build/icyphy/ptII/ptolemy/domains/continuous/test/auto/BouncingBallWithoutGR.xml (RunModel)" time="0.953" />
  <testcase classname="ptolemy.util.test.junit.AutoTests" name="[2] /home/travis/build/icyphy/ptII/ptolemy/domains/continuous/test/auto/Brownian.xml (RunModel)" time="0.082" />
  <testcase classname="ptolemy.util.test.junit.AutoTests" name="[3] /home/travis/build/icyphy/ptII/ptolemy/domains/continuous/test/auto/CarTracking.xml (RunModel)" time="4.646" />
  <testcase classname="ptolemy.util.test.junit.AutoTests" name="[4] /home/travis/build/icyphy/ptII/ptolemy/domains/continuous/test/auto/CartPendulum.xml (RunModel)" time="0.585" />
  <testcase classname="ptolemy.util.test.junit.AutoTests" name="[5] /home/travis/build/icyphy/ptII/ptolemy/domains/continuous/test/auto/CausalityInterface10.xml (RunModel)" time="0.074" />
  <testcase classname="ptolemy.util.test.junit.AutoTests" name="[6] /home/travis/build/icyphy/ptII/ptolemy/domains/continuous/test/auto/CausalityInterface11.xml (RunModel)" time="0.037" />
  <testcase classname="ptolemy.util.test.junit.AutoTests" name="[7] /home/travis/build/icyphy/ptII/ptolemy/domains/continuous/test/auto/CausalityInterface12.xml (RunModel)" time="0.031" />
  <testcase classname="ptolemy.util.test.junit.AutoTests" name="[8] /home/travis/build/icyphy/ptII/ptolemy/domains/continuous/test/auto/CausalityInterface13.xml (RunModel)" time="0.031" />
  <testcase classname="ptolemy.util.test.junit.AutoTests" name="[9] /home/travis/build/icyphy/ptII/ptolemy/domains/continuous/test/auto/CausalityInterface14.xml (RunModel)" time="0.044" />
  <testcase classname="ptolemy.util.test.junit.AutoTests" name="[10] /home/travis/build/icyphy/ptII/ptolemy/domains/continuous/test/auto/CausalityInterface4.xml (RunModel)" time="0.031" />
  <testcase classname="ptolemy.util.test.junit.AutoTests" name="[11] /home/travis/build/icyphy/ptII/ptolemy/domains/continuous/test/auto/CausalityInterface5.xml (RunModel)" time="0.032" />
  <testcase classname="ptolemy.util.test.junit.AutoTests" name="[12] /home/travis/build/icyphy/ptII/ptolemy/domains/continuous/test/auto/CausalityInterface6.xml (RunModel)" time="0.026" />
  <testcase classname="ptolemy.util.test.junit.AutoTests" name="[13] /home/travis/build/icyphy/ptII/ptolemy/domains/continuous/test/auto/CausalityInterface7.xml (RunModel)" time="0.043" />
  <testcase classname="ptolemy.util.test.junit.AutoTests" name="[14] /home/travis/build/icyphy/ptII/ptolemy/domains/continuous/test/auto/CausalityInterface8.xml (RunModel)" time="0.049" />
  <testcase classname="ptolemy.util.test.junit.AutoTests" name="[15] /home/travis/build/icyphy/ptII/ptolemy/domains/continuous/test/auto/CausalityInterface9.xml (RunModel)" time="0.058" />
  <testcase classname="ptolemy.util.test.junit.AutoTests" name="[16] /home/travis/build/icyphy/ptII/ptolemy/domains/continuous/test/auto/CausalityInterfaceFeedback1.xml (RunModel)" time="0.04" />
  <testcase classname="ptolemy.util.test.junit.AutoTests" name="[17] /home/travis/build/icyphy/ptII/ptolemy/domains/continuous/test/auto/CausalityInterfaceFeedback2.xml (RunModel)" time="0.043" />
  <testcase classname="ptolemy.util.test.junit.AutoTests" name="[18] /home/travis/build/icyphy/ptII/ptolemy/domains/continuous/test/auto/CompareWithCurrentTime.xml (RunModel)" time="0.029" />
  <testcase classname="ptolemy.util.test.junit.AutoTests" name="[19] /home/travis/build/icyphy/ptII/ptolemy/domains/continuous/test/auto/ComparedClocks.xml (RunModel)" time="0.108" />
  <testcase classname="ptolemy.util.test.junit.AutoTests" name="[20] /home/travis/build/icyphy/ptII/ptolemy/domains/continuous/test/auto/ContinuousAOCClone.xml (RunModel)" time="3.193" />
  <testcase classname="ptolemy.util.test.junit.AutoTests" name="[21] /home/travis/build/icyphy/ptII/ptolemy/domains/continuous/test/auto/ContinuousClock.xml (RunModel)" time="0.093" />
  <testcase classname="ptolemy.util.test.junit.AutoTests" name="[22] /home/travis/build/icyphy/ptII/ptolemy/domains/continuous/test/auto/ContinuousInContinuous.xml (RunModel)" time="0.096" />
  <testcase classname="ptolemy.util.test.junit.AutoTests" name="[23] /home/travis/build/icyphy/ptII/ptolemy/domains/continuous/test/auto/ContinuousInContinuousInContinuous.xml (RunModel)" time="0.023" />
  <testcase classname="ptolemy.util.test.junit.AutoTests" name="[24] /home/travis/build/icyphy/ptII/ptolemy/domains/continuous/test/auto/ContinuousInDE.xml (RunModel)" time="0.09" />
  <testcase classname="ptolemy.util.test.junit.AutoTests" name="[25] /home/travis/build/icyphy/ptII/ptolemy/domains/continuous/test/auto/ContinuousInDE2.xml (RunModel)" time="0.06" />
  <testcase classname="ptolemy.util.test.junit.AutoTests" name="[26] /home/travis/build/icyphy/ptII/ptolemy/domains/continuous/test/auto/ContinuousInDE3.xml (RunModel)" time="0.06" />
  <testcase classname="ptolemy.util.test.junit.AutoTests" name="[27] /home/travis/build/icyphy/ptII/ptolemy/domains/continuous/test/auto/ContinuousInDE4.xml (RunModel)" time="0.033" />
  <testcase classname="ptolemy.util.test.junit.AutoTests" name="[28] /home/travis/build/icyphy/ptII/ptolemy/domains/continuous/test/auto/ContinuousInDEDifferentRefinements.xml (RunModel)" time="0.087" />
  <testcase classname="ptolemy.util.test.junit.AutoTests" name="[29] /home/travis/build/icyphy/ptII/ptolemy/domains/continuous/test/auto/ContinuousInDEDifferentRefinementsPreemptive.xml (RunModel)" time="0.098" />
  <testcase classname="ptolemy.util.test.junit.AutoTests" name="[30] /home/travis/build/icyphy/ptII/ptolemy/domains/continuous/test/auto/ContinuousInDEInContinuous2.xml (RunModel)" time="0.055" />
  <testcase classname="ptolemy.util.test.junit.AutoTests" name="[31] /home/travis/build/icyphy/ptII/ptolemy/domains/continuous/test/auto/ContinuousInDEInContinuous3.xml (RunModel)" time="0.058" />
  <testcase classname="ptolemy.util.test.junit.AutoTests" name="[32] /home/travis/build/icyphy/ptII/ptolemy/domains/continuous/test/auto/ContinuousInDEInput.xml (RunModel)" time="0.044" />
  <testcase classname="ptolemy.util.test.junit.AutoTests" name="[33] /home/travis/build/icyphy/ptII/ptolemy/domains/continuous/test/auto/ContinuousInDEInput2.xml (RunModel)" time="0.041" />
  <testcase classname="ptolemy.util.test.junit.AutoTests" name="[34] /home/travis/build/icyphy/ptII/ptolemy/domains/continuous/test/auto/ContinuousInDEInput3.xml (RunModel)" time="0.036" />
  <testcase classname="ptolemy.util.test.junit.AutoTests" name="[35] /home/travis/build/icyphy/ptII/ptolemy/domains/continuous/test/auto/ContinuousInDESharingRefinement.xml (RunModel)" time="0.204" />
  <testcase classname="ptolemy.util.test.junit.AutoTests" name="[36] /home/travis/build/icyphy/ptII/ptolemy/domains/continuous/test/auto/ContinuousInDEwithNoPorts.xml (RunModel)" time="0.021" />
  <testcase classname="ptolemy.util.test.junit.AutoTests" name="[37] /home/travis/build/icyphy/ptII/ptolemy/domains/continuous/test/auto/ContinuousInsideDE.xml (RunModel)" time="0.09" />
  <testcase classname="ptolemy.util.test.junit.AutoTests" name="[38] /home/travis/build/icyphy/ptII/ptolemy/domains/continuous/test/auto/ContinuousMerge1.xml (RunModel)" time="0.019" />
  <testcase classname="ptolemy.util.test.junit.AutoTests" name="[39] /home/travis/build/icyphy/ptII/ptolemy/domains/continuous/test/auto/ContinuousMerge2.xml (RunModel)" time="0.058" />
  <testcase classname="ptolemy.util.test.junit.AutoTests" name="[40] /home/travis/build/icyphy/ptII/ptolemy/domains/continuous/test/auto/ContinuousMerge3.xml (RunModel)" time="0.07" />
  <testcase classname="ptolemy.util.test.junit.AutoTests" name="[41] /home/travis/build/icyphy/ptII/ptolemy/domains/continuous/test/auto/ContinuousWithinContinuous.xml (RunModel)" time="0.06" />
  <testcase classname="ptolemy.util.test.junit.AutoTests" name="[42] /home/travis/build/icyphy/ptII/ptolemy/domains/continuous/test/auto/ContinuousWithinContinuous2.xml (RunModel)" time="0.081" />
  <testcase classname="ptolemy.util.test.junit.AutoTests" name="[43] /home/travis/build/icyphy/ptII/ptolemy/domains/continuous/test/auto/ContinuousWithinContinuous3.xml (RunModel)" time="0.033" />
  <testcase classname="ptolemy.util.test.junit.AutoTests" name="[44] /home/travis/build/icyphy/ptII/ptolemy/domains/continuous/test/auto/ContinuousWithinContinuous4.xml (RunModel)" time="0.086" />
  <testcase classname="ptolemy.util.test.junit.AutoTests" name="[45] /home/travis/build/icyphy/ptII/ptolemy/domains/continuous/test/auto/ContinuousWithinContinuous5.xml (RunModel)" time="0.039" />
  <testcase classname="ptolemy.util.test.junit.AutoTests" name="[46] /home/travis/build/icyphy/ptII/ptolemy/domains/continuous/test/auto/ContinuousWithinContinuous6.xml (RunModel)" time="0.03" />
  <testcase classname="ptolemy.util.test.junit.AutoTests" name="[47] /home/travis/build/icyphy/ptII/ptolemy/domains/continuous/test/auto/ContinuousWithinContinuous7.xml (RunModel)" time="0.067" />
  <testcase classname="ptolemy.util.test.junit.AutoTests" name="[48] /home/travis/build/icyphy/ptII/ptolemy/domains/continuous/test/auto/DCMotor.xml (RunModel)" time="14.335" />
  <testcase classname="ptolemy.util.test.junit.AutoTests" name="[49] /home/travis/build/icyphy/ptII/ptolemy/domains/continuous/test/auto/DEInContinuous.xml (RunModel)" time="0.039" />
  <testcase classname="ptolemy.util.test.junit.AutoTests" name="[50] /home/travis/build/icyphy/ptII/ptolemy/domains/continuous/test/auto/DEinContinuous2.xml (RunModel)" time="0.031" />
  <testcase classname="ptolemy.util.test.junit.AutoTests" name="[51] /home/travis/build/icyphy/ptII/ptolemy/domains/continuous/test/auto/Derivative.xml (RunModel)" time="0.183" />
  <testcase classname="ptolemy.util.test.junit.AutoTests" name="[52] /home/travis/build/icyphy/ptII/ptolemy/domains/continuous/test/auto/Derivative1.xml (RunModel)" time="0.062" />
  <testcase classname="ptolemy.util.test.junit.AutoTests" name="[53] /home/travis/build/icyphy/ptII/ptolemy/domains/continuous/test/auto/DiscreteClock.xml (RunModel)" time="0.013" />
  <testcase classname="ptolemy.util.test.junit.AutoTests" name="[54] /home/travis/build/icyphy/ptII/ptolemy/domains/continuous/test/auto/EfficiencyCurve.xml (RunModel)" time="0.111" />
  <testcase classname="ptolemy.util.test.junit.AutoTests" name="[55] /home/travis/build/icyphy/ptII/ptolemy/domains/continuous/test/auto/ExponentialResponse.xml (RunModel)" time="0.131" />
  <testcase classname="ptolemy.util.test.junit.AutoTests" name="[56] /home/travis/build/icyphy/ptII/ptolemy/domains/continuous/test/auto/ExponentialResponseRK45.xml (RunModel)" time="0.033" />
  <testcase classname="ptolemy.util.test.junit.AutoTests" name="[57] /home/travis/build/icyphy/ptII/ptolemy/domains/continuous/test/auto/Friction.xml (RunModel)" time="1.668" />
  <testcase classname="ptolemy.util.test.junit.AutoTests" name="[58] /home/travis/build/icyphy/ptII/ptolemy/domains/continuous/test/auto/FurutaPendulum.xml (RunModel)" time="3.547" />
  <testcase classname="ptolemy.util.test.junit.AutoTests" name="[59] /home/travis/build/icyphy/ptII/ptolemy/domains/continuous/test/auto/HierarchicalExecution.xml (RunModel)" time="2.202" />
  <testcase classname="ptolemy.util.test.junit.AutoTests" name="[60] /home/travis/build/icyphy/ptII/ptolemy/domains/continuous/test/auto/HybridPlant.xml (RunModel)" time="0.567" />
  <testcase classname="ptolemy.util.test.junit.AutoTests" name="[61] /home/travis/build/icyphy/ptII/ptolemy/domains/continuous/test/auto/Hysteresis.xml (RunModel)" time="0.185" />
  <testcase classname="ptolemy.util.test.junit.AutoTests" name="[62] /home/travis/build/icyphy/ptII/ptolemy/domains/continuous/test/auto/HysteresisWithRandomDelay.xml (RunModel)" time="0.243" />
  <testcase classname="ptolemy.util.test.junit.AutoTests" name="[63] /home/travis/build/icyphy/ptII/ptolemy/domains/continuous/test/auto/HysteresisWithRandomLosses.xml (RunModel)" time="2.594" />
  <testcase classname="ptolemy.util.test.junit.AutoTests" name="[64] /home/travis/build/icyphy/ptII/ptolemy/domains/continuous/test/auto/ImmediateTransitions.xml (RunModel)" time="0.034" />
  <testcase classname="ptolemy.util.test.junit.AutoTests" name="[65] /home/travis/build/icyphy/ptII/ptolemy/domains/continuous/test/auto/ImpulseFeedback.xml (RunModel)" time="0.021" />
  <testcase classname="ptolemy.util.test.junit.AutoTests" name="[66] /home/travis/build/icyphy/ptII/ptolemy/domains/continuous/test/auto/ImpulseFeedback2.xml (RunModel)" time="0.017" />
  <testcase classname="ptolemy.util.test.junit.AutoTests" name="[67] /home/travis/build/icyphy/ptII/ptolemy/domains/continuous/test/auto/IncreasingRatePoisson.xml (RunModel)" time="0.848" />
  <testcase classname="ptolemy.util.test.junit.AutoTests" name="[68] /home/travis/build/icyphy/ptII/ptolemy/domains/continuous/test/auto/InitialStateFeedback.xml (RunModel)" time="0.018" />
  <testcase classname="ptolemy.util.test.junit.AutoTests" name="[69] /home/travis/build/icyphy/ptII/ptolemy/domains/continuous/test/auto/Integration.xml (RunModel)" time="0.016" />
  <testcase classname="ptolemy.util.test.junit.AutoTests" name="[70] /home/travis/build/icyphy/ptII/ptolemy/domains/continuous/test/auto/Integration2.xml (RunModel)" time="0.102" />
  <testcase classname="ptolemy.util.test.junit.AutoTests" name="[71] /home/travis/build/icyphy/ptII/ptolemy/domains/continuous/test/auto/Integration3.xml (RunModel)" time="0.015" />
  <testcase classname="ptolemy.util.test.junit.AutoTests" name="[72] /home/travis/build/icyphy/ptII/ptolemy/domains/continuous/test/auto/Integration5.xml (RunModel)" time="0.031" />
  <testcase classname="ptolemy.util.test.junit.AutoTests" name="[73] /home/travis/build/icyphy/ptII/ptolemy/domains/continuous/test/auto/IntegratorImpulse.xml (RunModel)" time="0.012" />
  <testcase classname="ptolemy.util.test.junit.AutoTests" name="[74] /home/travis/build/icyphy/ptII/ptolemy/domains/continuous/test/auto/IntegratorImpulse2.xml (RunModel)" time="0.021" />
  <testcase classname="ptolemy.util.test.junit.AutoTests" name="[75] /home/travis/build/icyphy/ptII/ptolemy/domains/continuous/test/auto/LevelCrossing1.xml (RunModel)" time="0.015" />
  <testcase classname="ptolemy.util.test.junit.AutoTests" name="[76] /home/travis/build/icyphy/ptII/ptolemy/domains/continuous/test/auto/LevelCrossing2.xml (RunModel)" time="0.018" />
  <testcase classname="ptolemy.util.test.junit.AutoTests" name="[77] /home/travis/build/icyphy/ptII/ptolemy/domains/continuous/test/auto/LevelCrossing3.xml (RunModel)" time="0.014" />
  <testcase classname="ptolemy.util.test.junit.AutoTests" name="[78] /home/travis/build/icyphy/ptII/ptolemy/domains/continuous/test/auto/LevelCrossing4.xml (RunModel)" time="0.019" />
  <testcase classname="ptolemy.util.test.junit.AutoTests" name="[79] /home/travis/build/icyphy/ptII/ptolemy/domains/continuous/test/auto/LevelCrossing5.xml (RunModel)" time="0.016" />
  <testcase classname="ptolemy.util.test.junit.AutoTests" name="[80] /home/travis/build/icyphy/ptII/ptolemy/domains/continuous/test/auto/LevelCrossing6.xml (RunModel)" time="0.015" />
  <testcase classname="ptolemy.util.test.junit.AutoTests" name="[81] /home/travis/build/icyphy/ptII/ptolemy/domains/continuous/test/auto/LevelCrossingDetector.xml (RunModel)" time="0.042" />
  <testcase classname="ptolemy.util.test.junit.AutoTests" name="[82] /home/travis/build/icyphy/ptII/ptolemy/domains/continuous/test/auto/LevelCrossingDetectorDetectingDirections.xml (RunModel)" time="0.1" />
  <testcase classname="ptolemy.util.test.junit.AutoTests" name="[83] /home/travis/build/icyphy/ptII/ptolemy/domains/continuous/test/auto/LevelCrossingDetectorDetectsGlitches.xml (RunModel)" time="0.067" />
  <testcase classname="ptolemy.util.test.junit.AutoTests" name="[84] /home/travis/build/icyphy/ptII/ptolemy/domains/continuous/test/auto/LevelCrossingNoInitialOuput.xml (RunModel)" time="0.014" />
  <testcase classname="ptolemy.util.test.junit.AutoTests" name="[85] /home/travis/build/icyphy/ptII/ptolemy/domains/continuous/test/auto/LinearStateSpaceExample.xml (RunModel)" time="0.09" />
  <testcase classname="ptolemy.util.test.junit.AutoTests" name="[86] /home/travis/build/icyphy/ptII/ptolemy/domains/continuous/test/auto/Lorenz.xml (RunModel)" time="4.322" />
  <testcase classname="ptolemy.util.test.junit.AutoTests" name="[87] /home/travis/build/icyphy/ptII/ptolemy/domains/continuous/test/auto/LorenzDifferentialSystem.xml (RunModel)" time="1.33" />
  <testcase classname="ptolemy.util.test.junit.AutoTests" name="[88] /home/travis/build/icyphy/ptII/ptolemy/domains/continuous/test/auto/LorenzDifferentialSystemWithInput.xml (RunModel)" time="1.467" />
  <testcase classname="ptolemy.util.test.junit.AutoTests" name="[89] /home/travis/build/icyphy/ptII/ptolemy/domains/continuous/test/auto/LorenzDifferentialSystemWithTime.xml (RunModel)" time="0.841" />
  <testcase classname="ptolemy.util.test.junit.AutoTests" name="[90] /home/travis/build/icyphy/ptII/ptolemy/domains/continuous/test/auto/Microsteps.xml (RunModel)" time="0.044" />
  <testcase classname="ptolemy.util.test.junit.AutoTests" name="[91] /home/travis/build/icyphy/ptII/ptolemy/domains/continuous/test/auto/Modal1.xml (RunModel)" time="0.042" />
  <testcase classname="ptolemy.util.test.junit.AutoTests" name="[92] /home/travis/build/icyphy/ptII/ptolemy/domains/continuous/test/auto/Modal2.xml (RunModel)" time="0.06" />
  <testcase classname="ptolemy.util.test.junit.AutoTests" name="[93] /home/travis/build/icyphy/ptII/ptolemy/domains/continuous/test/auto/ModalTransitionGuardWithReset.xml (RunModel)" time="0.028" />
  <testcase classname="ptolemy.util.test.junit.AutoTests" name="[94] /home/travis/build/icyphy/ptII/ptolemy/domains/continuous/test/auto/ModalTransitionGuardWithResetUsingPreemptiveTransition.xml (RunModel)" time="0.032" />
  <testcase classname="ptolemy.util.test.junit.AutoTests" name="[95] /home/travis/build/icyphy/ptII/ptolemy/domains/continuous/test/auto/ModalTransitionGuardWithResetUsingPreemptiveTransition2.xml (RunModel)" time="0.043" />
  <testcase classname="ptolemy.util.test.junit.AutoTests" name="[96] /home/travis/build/icyphy/ptII/ptolemy/domains/continuous/test/auto/ModalTransitionGuardWithResetUsingPreemptiveTransition3.xml (RunModel)" time="0.036" />
  <testcase classname="ptolemy.util.test.junit.AutoTests" name="[97] /home/travis/build/icyphy/ptII/ptolemy/domains/continuous/test/auto/NewtonsCradle.xml (RunModel)" time="0.867" />
  <testcase classname="ptolemy.util.test.junit.AutoTests" name="[98] /home/travis/build/icyphy/ptII/ptolemy/domains/continuous/test/auto/NewtonsCradleAnimated.xml (RunModel)" time="1.402" />
  <testcase classname="ptolemy.util.test.junit.AutoTests" name="[99] /home/travis/build/icyphy/ptII/ptolemy/domains/continuous/test/auto/NewtonsCradleComplicated.xml (RunModel)" time="1.088" />
  <testcase classname="ptolemy.util.test.junit.AutoTests" name="[100] /home/travis/build/icyphy/ptII/ptolemy/domains/continuous/test/auto/NewtonsCradleNondeterministic.xml (RunModel)" time="0.783" />
  <testcase classname="ptolemy.util.test.junit.AutoTests" name="[101] /home/travis/build/icyphy/ptII/ptolemy/domains/continuous/test/auto/NewtonsCradlePerfectlyInelastic1.xml (RunModel)" time="1.33" />
  <testcase classname="ptolemy.util.test.junit.AutoTests" name="[102] /home/travis/build/icyphy/ptII/ptolemy/domains/continuous/test/auto/Noise.xml (RunModel)" time="0.193" />
  <testcase classname="ptolemy.util.test.junit.AutoTests" name="[103] /home/travis/build/icyphy/ptII/ptolemy/domains/continuous/test/auto/NoiseSpectrum.xml (RunModel)" time="0.931" />
  <testcase classname="ptolemy.util.test.junit.AutoTests" name="[104] /home/travis/build/icyphy/ptII/ptolemy/domains/continuous/test/auto/ParameterizedNewtonsCradleAnimated.xml (RunModel)" time="0.383" />
  <testcase classname="ptolemy.util.test.junit.AutoTests" name="[105] /home/travis/build/icyphy/ptII/ptolemy/domains/continuous/test/auto/ParameterizedNewtonsCradleAnimatedNondeterministic.xml (RunModel)" time="1.255" />
  <testcase classname="ptolemy.util.test.junit.AutoTests" name="[106] /home/travis/build/icyphy/ptII/ptolemy/domains/continuous/test/auto/Pendulum3D.xml (RunModel)" time="0.176" />
  <testcase classname="ptolemy.util.test.junit.AutoTests" name="[107] /home/travis/build/icyphy/ptII/ptolemy/domains/continuous/test/auto/PeriodicSampler.xml (RunModel)" time="0.012" />
  <testcase classname="ptolemy.util.test.junit.AutoTests" name="[108] /home/travis/build/icyphy/ptII/ptolemy/domains/continuous/test/auto/PeriodicSampler1.xml (RunModel)" time="0.039" />
  <testcase classname="ptolemy.util.test.junit.AutoTests" name="[109] /home/travis/build/icyphy/ptII/ptolemy/domains/continuous/test/auto/PeriodicSampler2.xml (RunModel)" time="0.073" />
  <testcase classname="ptolemy.util.test.junit.AutoTests" name="[110] /home/travis/build/icyphy/ptII/ptolemy/domains/continuous/test/auto/Poisson.xml (RunModel)" time="0.425">
    <error type="java.lang.reflect.InvocationTargetException">java.lang.reflect.InvocationTargetException
	at jdk.internal.reflect.GeneratedConstructorAccessor22.newInstance(Unknown Source)
	at java.base/jdk.internal.reflect.DelegatingConstructorAccessorImpl.newInstance(DelegatingConstructorAccessorImpl.java:45)
	at java.base/java.lang.reflect.Constructor.newInstance(Constructor.java:490)
	at ptolemy.util.test.junit.AutoTests.RunModel(AutoTests.java:193)
	at jdk.internal.reflect.GeneratedMethodAccessor4.invoke(Unknown Source)
	at java.base/jdk.internal.reflect.DelegatingMethodAccessorImpl.invoke(DelegatingMethodAccessorImpl.java:43)
	at junitparams.internal.InvokeParameterisedMethod.evaluate(InvokeParameterisedMethod.java:102)
Caused by: ptolemy.kernel.util.IllegalActionException: Test fails in iteration 1379.
Value was: 11.7231203117464. Should have been: 0.2142736066058
  in .Poisson.NonStrictTest
	at ptolemy.actor.lib.NonStrictTest.postfire(NonStrictTest.java:328)
	at ptolemy.actor.sched.FixedPointDirector._postfireActor(FixedPointDirector.java:1027)
	at ptolemy.actor.sched.FixedPointDirector.postfire(FixedPointDirector.java:520)
	at ptolemy.domains.continuous.kernel.ContinuousDirector._commit(ContinuousDirector.java:1426)
	at ptolemy.domains.continuous.kernel.ContinuousDirector._postfireAtTopLevel(ContinuousDirector.java:1585)
	at ptolemy.domains.continuous.kernel.ContinuousDirector.postfire(ContinuousDirector.java:839)
	at ptolemy.actor.CompositeActor.postfire(CompositeActor.java:1668)
	at ptolemy.actor.Manager.iterate(Manager.java:852)
	at ptolemy.actor.Manager.execute(Manager.java:369)
	at ptolemy.actor.Manager.run(Manager.java:1263)
	at ptolemy.actor.Manager$PtolemyRunThread.run(Manager.java:1933)
</error>
  </testcase>
  <testcase classname="ptolemy.util.test.junit.AutoTests" name="[111] /home/travis/build/icyphy/ptII/ptolemy/domains/continuous/test/auto/PoissonClock.xml (RunModel)" time="0.016" />
  <testcase classname="ptolemy.util.test.junit.AutoTests" name="[112] /home/travis/build/icyphy/ptII/ptolemy/domains/continuous/test/auto/PoissonClock2.xml (RunModel)" time="0.02" />
  <testcase classname="ptolemy.util.test.junit.AutoTests" name="[113] /home/travis/build/icyphy/ptII/ptolemy/domains/continuous/test/auto/PortParameterHierarchy.xml (RunModel)" time="0.038" />
  <testcase classname="ptolemy.util.test.junit.AutoTests" name="[114] /home/travis/build/icyphy/ptII/ptolemy/domains/continuous/test/auto/RandomHybridPlant.xml (RunModel)" time="0.607" />
  <testcase classname="ptolemy.util.test.junit.AutoTests" name="[115] /home/travis/build/icyphy/ptII/ptolemy/domains/continuous/test/auto/ResetTransitionWithStartTime1.xml (RunModel)" time="0.034" />
  <testcase classname="ptolemy.util.test.junit.AutoTests" name="[116] /home/travis/build/icyphy/ptII/ptolemy/domains/continuous/test/auto/ResetTransitionWithStartTime2.xml (RunModel)" time="0.039" />
  <testcase classname="ptolemy.util.test.junit.AutoTests" name="[117] /home/travis/build/icyphy/ptII/ptolemy/domains/continuous/test/auto/ResetTransitionWithStartTime3.xml (RunModel)" time="0.041" />
  <testcase classname="ptolemy.util.test.junit.AutoTests" name="[118] /home/travis/build/icyphy/ptII/ptolemy/domains/continuous/test/auto/ResetTransitionWithStartTime4.xml (RunModel)" time="0.03" />
  <testcase classname="ptolemy.util.test.junit.AutoTests" name="[119] /home/travis/build/icyphy/ptII/ptolemy/domains/continuous/test/auto/ResetTransitionWithStartTime5.xml (RunModel)" time="0.03" />
  <testcase classname="ptolemy.util.test.junit.AutoTests" name="[120] /home/travis/build/icyphy/ptII/ptolemy/domains/continuous/test/auto/ResetTransitionWithStartTime6.xml (RunModel)" time="0.025" />
  <testcase classname="ptolemy.util.test.junit.AutoTests" name="[121] /home/travis/build/icyphy/ptII/ptolemy/domains/continuous/test/auto/SRinContinuous.xml (RunModel)" time="0.024" />
  <testcase classname="ptolemy.util.test.junit.AutoTests" name="[122] /home/travis/build/icyphy/ptII/ptolemy/domains/continuous/test/auto/SampledClocks.xml (RunModel)" time="0.043" />
  <testcase classname="ptolemy.util.test.junit.AutoTests" name="[123] /home/travis/build/icyphy/ptII/ptolemy/domains/continuous/test/auto/Satellite.xml (RunModel)" time="0.851" />
  <testcase classname="ptolemy.util.test.junit.AutoTests" name="[124] /home/travis/build/icyphy/ptII/ptolemy/domains/continuous/test/auto/SigmaDelta.xml (RunModel)" time="2.781" />
  <testcase classname="ptolemy.util.test.junit.AutoTests" name="[125] /home/travis/build/icyphy/ptII/ptolemy/domains/continuous/test/auto/SingleRefinement.xml (RunModel)" time="0.473" />
  <testcase classname="ptolemy.util.test.junit.AutoTests" name="[126] /home/travis/build/icyphy/ptII/ptolemy/domains/continuous/test/auto/SinuBouncingBall.xml (RunModel)" time="0.947" />
  <testcase classname="ptolemy.util.test.junit.AutoTests" name="[127] /home/travis/build/icyphy/ptII/ptolemy/domains/continuous/test/auto/Sinusoid.xml (RunModel)" time="0.012" />
  <testcase classname="ptolemy.util.test.junit.AutoTests" name="[128] /home/travis/build/icyphy/ptII/ptolemy/domains/continuous/test/auto/SinusoidInNoise.xml (RunModel)" time="1.034" />
  <testcase classname="ptolemy.util.test.junit.AutoTests" name="[129] /home/travis/build/icyphy/ptII/ptolemy/domains/continuous/test/auto/SinusoidRK45.xml (RunModel)" time="0.014" />
  <testcase classname="ptolemy.util.test.junit.AutoTests" name="[130] /home/travis/build/icyphy/ptII/ptolemy/domains/continuous/test/auto/SinusoidWithMultipleImpulses.xml (RunModel)" time="0.01" />
  <testcase classname="ptolemy.util.test.junit.AutoTests" name="[131] /home/travis/build/icyphy/ptII/ptolemy/domains/continuous/test/auto/SquareWave.xml (RunModel)" time="0.213" />
  <testcase classname="ptolemy.util.test.junit.AutoTests" name="[132] /home/travis/build/icyphy/ptII/ptolemy/domains/continuous/test/auto/Starmac.xml (RunModel)" time="3.389" />
  <testcase classname="ptolemy.util.test.junit.AutoTests" name="[133] /home/travis/build/icyphy/ptII/ptolemy/domains/continuous/test/auto/StaticUnits.xml (RunModel)" time="3.227" />
  <testcase classname="ptolemy.util.test.junit.AutoTests" name="[134] /home/travis/build/icyphy/ptII/ptolemy/domains/continuous/test/auto/StickyMasses.xml (RunModel)" time="0.196" />
  <testcase classname="ptolemy.util.test.junit.AutoTests" name="[135] /home/travis/build/icyphy/ptII/ptolemy/domains/continuous/test/auto/StopTime.xml (RunModel)" time="0.065" />
  <testcase classname="ptolemy.util.test.junit.AutoTests" name="[136] /home/travis/build/icyphy/ptII/ptolemy/domains/continuous/test/auto/StopTime2.xml (RunModel)" time="0.076" />
  <testcase classname="ptolemy.util.test.junit.AutoTests" name="[137] /home/travis/build/icyphy/ptII/ptolemy/domains/continuous/test/auto/Switch.xml (RunModel)" time="0.075" />
  <testcase classname="ptolemy.util.test.junit.AutoTests" name="[138] /home/travis/build/icyphy/ptII/ptolemy/domains/continuous/test/auto/Thermostat.xml (RunModel)" time="0.235" />
  <testcase classname="ptolemy.util.test.junit.AutoTests" name="[139] /home/travis/build/icyphy/ptII/ptolemy/domains/continuous/test/auto/TimeDelay.xml (RunModel)" time="0.019" />
  <testcase classname="ptolemy.util.test.junit.AutoTests" name="[140] /home/travis/build/icyphy/ptII/ptolemy/domains/continuous/test/auto/TimeDelay2.xml (RunModel)" time="0.034" />
  <testcase classname="ptolemy.util.test.junit.AutoTests" name="[141] /home/travis/build/icyphy/ptII/ptolemy/domains/continuous/test/auto/TimeDelay3.xml (RunModel)" time="0.019" />
  <testcase classname="ptolemy.util.test.junit.AutoTests" name="[142] /home/travis/build/icyphy/ptII/ptolemy/domains/continuous/test/auto/TransferAbsentToInside.xml (RunModel)" time="0.109" />
  <testcase classname="ptolemy.util.test.junit.AutoTests" name="[143] /home/travis/build/icyphy/ptII/ptolemy/domains/continuous/test/auto/Transmission.xml (RunModel)" time="0.846" />
  <testcase classname="ptolemy.util.test.junit.AutoTests" name="[144] /home/travis/build/icyphy/ptII/ptolemy/domains/continuous/test/auto/TriggeredContinuousClock.xml (RunModel)" time="0.075" />
  <testcase classname="ptolemy.util.test.junit.AutoTests" name="[145] /home/travis/build/icyphy/ptII/ptolemy/domains/continuous/test/auto/TwoMachineInfiniteBusControl.xml (RunModel)" time="3.073" />
  <testcase classname="ptolemy.util.test.junit.AutoTests" name="[146] /home/travis/build/icyphy/ptII/ptolemy/domains/continuous/test/auto/V2V.xml (RunModel)" time="0.939" />
  <testcase classname="ptolemy.util.test.junit.AutoTests" name="[147] /home/travis/build/icyphy/ptII/ptolemy/domains/continuous/test/auto/hierarchicalModalModel.xml (RunModel)" time="0.034" />
  <testcase classname="ptolemy.util.test.junit.AutoTests" name="[148] /home/travis/build/icyphy/ptII/ptolemy/domains/continuous/test/auto/hierarchicalModalModel1.xml (RunModel)" time="0.03" />
  <testcase classname="ptolemy.util.test.junit.AutoTests" name="[149] /home/travis/build/icyphy/ptII/ptolemy/domains/continuous/test/auto/hierarchicalModalModel2.xml (RunModel)" time="0.027" />
  <testcase classname="ptolemy.util.test.junit.AutoTests" name="[150] /home/travis/build/icyphy/ptII/ptolemy/domains/continuous/test/auto/hierarchicalModalModel3.xml (RunModel)" time="0.026" />
  <testcase classname="ptolemy.util.test.junit.AutoTests" name="[151] /home/travis/build/icyphy/ptII/ptolemy/domains/continuous/test/auto/hierarchicalModalModel4.xml (RunModel)" time="0.027" />
  <testcase classname="ptolemy.util.test.junit.AutoTests" name="[152] /home/travis/build/icyphy/ptII/ptolemy/domains/continuous/test/auto/junk.xml (RunModel)" time="0.166" />
  <system-out><![CDATA[No tcl tests in /home/travis/build/icyphy/ptII/ptolemy/domains/continuous/test
No auto/knownFailedTests/*.xml tests in /home/travis/build/icyphy/ptII/ptolemy/domains/continuous/test
No auto/linux-amd64/*.xml tests in /home/travis/build/icyphy/ptII/ptolemy/domains/continuous/test
AutoTests.java: About to close Vertx.
AutoTests.java: Vertx closed.

===========================================================================================
----------------- testing Wed Oct 09 05:50:16 UTC 2019 /home/travis/build/icyphy/ptII/ptolemy/domains/continuous/test/auto/BouncingBall.xml
----------------- Instantiating /home/travis/build/icyphy/ptII/ptolemy/domains/continuous/test/auto/BouncingBall.xml
2716 ms. Memory: 120832K Free: 65215K (54%)
----------------- Invoking toplevel() on ptolemy.moml.MoMLSimpleApplication@5072617f
----------------- Done invoking toplevel() on ptolemy.moml.MoMLSimpleApplication@5072617f
reloadAllAccessors: .BouncingBall

===========================================================================================
----------------- testing Wed Oct 09 05:50:19 UTC 2019 /home/travis/build/icyphy/ptII/ptolemy/domains/continuous/test/auto/BouncingBallWithoutGR.xml
----------------- Instantiating /home/travis/build/icyphy/ptII/ptolemy/domains/continuous/test/auto/BouncingBallWithoutGR.xml
769 ms. Memory: 145408K Free: 49662K (34%)
----------------- Invoking toplevel() on ptolemy.moml.MoMLSimpleApplication@24f1ce2f
----------------- Done invoking toplevel() on ptolemy.moml.MoMLSimpleApplication@24f1ce2f
reloadAllAccessors: .BouncingBallWithoutGR

===========================================================================================
----------------- testing Wed Oct 09 05:50:20 UTC 2019 /home/travis/build/icyphy/ptII/ptolemy/domains/continuous/test/auto/Brownian.xml
----------------- Instantiating /home/travis/build/icyphy/ptII/ptolemy/domains/continuous/test/auto/Brownian.xml
30 ms. Memory: 145408K Free: 126229K (87%)
----------------- Invoking toplevel() on ptolemy.moml.MoMLSimpleApplication@3b8679a2
----------------- Done invoking toplevel() on ptolemy.moml.MoMLSimpleApplication@3b8679a2
reloadAllAccessors: .Brownian

===========================================================================================
----------------- testing Wed Oct 09 05:50:20 UTC 2019 /home/travis/build/icyphy/ptII/ptolemy/domains/continuous/test/auto/CarTracking.xml
----------------- Instantiating /home/travis/build/icyphy/ptII/ptolemy/domains/continuous/test/auto/CarTracking.xml
4197 ms. Memory: 215040K Free: 128805K (60%)
----------------- Invoking toplevel() on ptolemy.moml.MoMLSimpleApplication@63da0fd5
----------------- Done invoking toplevel() on ptolemy.moml.MoMLSimpleApplication@63da0fd5
reloadAllAccessors: .CarTracking

===========================================================================================
----------------- testing Wed Oct 09 05:50:25 UTC 2019 /home/travis/build/icyphy/ptII/ptolemy/domains/continuous/test/auto/CartPendulum.xml
----------------- Instantiating /home/travis/build/icyphy/ptII/ptolemy/domains/continuous/test/auto/CartPendulum.xml
479 ms. Memory: 215040K Free: 164069K (76%)
----------------- Invoking toplevel() on ptolemy.moml.MoMLSimpleApplication@130fdfff
----------------- Done invoking toplevel() on ptolemy.moml.MoMLSimpleApplication@130fdfff
reloadAllAccessors: .CartPendulum

===========================================================================================
----------------- testing Wed Oct 09 05:50:25 UTC 2019 /home/travis/build/icyphy/ptII/ptolemy/domains/continuous/test/auto/CausalityInterface10.xml
----------------- Instantiating /home/travis/build/icyphy/ptII/ptolemy/domains/continuous/test/auto/CausalityInterface10.xml
18 ms. Memory: 215040K Free: 153315K (71%)
----------------- Invoking toplevel() on ptolemy.moml.MoMLSimpleApplication@1ec6d8a9
----------------- Done invoking toplevel() on ptolemy.moml.MoMLSimpleApplication@1ec6d8a9
reloadAllAccessors: .CausalityInterface10

===========================================================================================
----------------- testing Wed Oct 09 05:50:25 UTC 2019 /home/travis/build/icyphy/ptII/ptolemy/domains/continuous/test/auto/CausalityInterface11.xml
----------------- Instantiating /home/travis/build/icyphy/ptII/ptolemy/domains/continuous/test/auto/CausalityInterface11.xml
9 ms. Memory: 215040K Free: 147685K (69%)
----------------- Invoking toplevel() on ptolemy.moml.MoMLSimpleApplication@73f563b
----------------- Done invoking toplevel() on ptolemy.moml.MoMLSimpleApplication@73f563b
reloadAllAccessors: .CausalityInterface11

===========================================================================================
----------------- testing Wed Oct 09 05:50:25 UTC 2019 /home/travis/build/icyphy/ptII/ptolemy/domains/continuous/test/auto/CausalityInterface12.xml
----------------- Instantiating /home/travis/build/icyphy/ptII/ptolemy/domains/continuous/test/auto/CausalityInterface12.xml
5 ms. Memory: 215040K Free: 141541K (66%)
----------------- Invoking toplevel() on ptolemy.moml.MoMLSimpleApplication@207f14aa
----------------- Done invoking toplevel() on ptolemy.moml.MoMLSimpleApplication@207f14aa
reloadAllAccessors: .CausalityInterface12

===========================================================================================
----------------- testing Wed Oct 09 05:50:25 UTC 2019 /home/travis/build/icyphy/ptII/ptolemy/domains/continuous/test/auto/CausalityInterface13.xml
----------------- Instantiating /home/travis/build/icyphy/ptII/ptolemy/domains/continuous/test/auto/CausalityInterface13.xml
6 ms. Memory: 215040K Free: 135397K (63%)
----------------- Invoking toplevel() on ptolemy.moml.MoMLSimpleApplication@d8272a0
----------------- Done invoking toplevel() on ptolemy.moml.MoMLSimpleApplication@d8272a0
reloadAllAccessors: .CausalityInterface13

===========================================================================================
----------------- testing Wed Oct 09 05:50:25 UTC 2019 /home/travis/build/icyphy/ptII/ptolemy/domains/continuous/test/auto/CausalityInterface14.xml
----------------- Instantiating /home/travis/build/icyphy/ptII/ptolemy/domains/continuous/test/auto/CausalityInterface14.xml
7 ms. Memory: 215040K Free: 129253K (60%)
----------------- Invoking toplevel() on ptolemy.moml.MoMLSimpleApplication@648d389a
----------------- Done invoking toplevel() on ptolemy.moml.MoMLSimpleApplication@648d389a
reloadAllAccessors: .CausalityInterface14

===========================================================================================
----------------- testing Wed Oct 09 05:50:25 UTC 2019 /home/travis/build/icyphy/ptII/ptolemy/domains/continuous/test/auto/CausalityInterface4.xml
----------------- Instantiating /home/travis/build/icyphy/ptII/ptolemy/domains/continuous/test/auto/CausalityInterface4.xml
4 ms. Memory: 215040K Free: 122564K (57%)
----------------- Invoking toplevel() on ptolemy.moml.MoMLSimpleApplication@65651c8
----------------- Done invoking toplevel() on ptolemy.moml.MoMLSimpleApplication@65651c8
reloadAllAccessors: .CausalityInterface4

===========================================================================================
----------------- testing Wed Oct 09 05:50:26 UTC 2019 /home/travis/build/icyphy/ptII/ptolemy/domains/continuous/test/auto/CausalityInterface5.xml
----------------- Instantiating /home/travis/build/icyphy/ptII/ptolemy/domains/continuous/test/auto/CausalityInterface5.xml
5 ms. Memory: 215040K Free: 114403K (53%)
----------------- Invoking toplevel() on ptolemy.moml.MoMLSimpleApplication@7fd798b6
----------------- Done invoking toplevel() on ptolemy.moml.MoMLSimpleApplication@7fd798b6
reloadAllAccessors: .CausalityInterface5

===========================================================================================
----------------- testing Wed Oct 09 05:50:26 UTC 2019 /home/travis/build/icyphy/ptII/ptolemy/domains/continuous/test/auto/CausalityInterface6.xml
----------------- Instantiating /home/travis/build/icyphy/ptII/ptolemy/domains/continuous/test/auto/CausalityInterface6.xml
4 ms. Memory: 215040K Free: 108773K (51%)
----------------- Invoking toplevel() on ptolemy.moml.MoMLSimpleApplication@4f02b908
----------------- Done invoking toplevel() on ptolemy.moml.MoMLSimpleApplication@4f02b908
reloadAllAccessors: .CausalityInterface6

===========================================================================================
----------------- testing Wed Oct 09 05:50:26 UTC 2019 /home/travis/build/icyphy/ptII/ptolemy/domains/continuous/test/auto/CausalityInterface7.xml
----------------- Instantiating /home/travis/build/icyphy/ptII/ptolemy/domains/continuous/test/auto/CausalityInterface7.xml
9 ms. Memory: 215040K Free: 100067K (47%)
----------------- Invoking toplevel() on ptolemy.moml.MoMLSimpleApplication@6ef68166
----------------- Done invoking toplevel() on ptolemy.moml.MoMLSimpleApplication@6ef68166
reloadAllAccessors: .CausalityInterface7

===========================================================================================
----------------- testing Wed Oct 09 05:50:26 UTC 2019 /home/travis/build/icyphy/ptII/ptolemy/domains/continuous/test/auto/CausalityInterface8.xml
----------------- Instantiating /home/travis/build/icyphy/ptII/ptolemy/domains/continuous/test/auto/CausalityInterface8.xml
9 ms. Memory: 215040K Free: 91365K (42%)
----------------- Invoking toplevel() on ptolemy.moml.MoMLSimpleApplication@3310a03e
----------------- Done invoking toplevel() on ptolemy.moml.MoMLSimpleApplication@3310a03e
reloadAllAccessors: .CausalityInterface8

===========================================================================================
----------------- testing Wed Oct 09 05:50:26 UTC 2019 /home/travis/build/icyphy/ptII/ptolemy/domains/continuous/test/auto/CausalityInterface9.xml
----------------- Instantiating /home/travis/build/icyphy/ptII/ptolemy/domains/continuous/test/auto/CausalityInterface9.xml
13 ms. Memory: 215040K Free: 80611K (37%)
----------------- Invoking toplevel() on ptolemy.moml.MoMLSimpleApplication@6333c348
----------------- Done invoking toplevel() on ptolemy.moml.MoMLSimpleApplication@6333c348
reloadAllAccessors: .CausalityInterface9

===========================================================================================
----------------- testing Wed Oct 09 05:50:26 UTC 2019 /home/travis/build/icyphy/ptII/ptolemy/domains/continuous/test/auto/CausalityInterfaceFeedback1.xml
----------------- Instantiating /home/travis/build/icyphy/ptII/ptolemy/domains/continuous/test/auto/CausalityInterfaceFeedback1.xml
4 ms. Memory: 215040K Free: 73957K (34%)
----------------- Invoking toplevel() on ptolemy.moml.MoMLSimpleApplication@639868cc
----------------- Done invoking toplevel() on ptolemy.moml.MoMLSimpleApplication@639868cc
reloadAllAccessors: .CausalityInterfaceFeedback1

===========================================================================================
----------------- testing Wed Oct 09 05:50:26 UTC 2019 /home/travis/build/icyphy/ptII/ptolemy/domains/continuous/test/auto/CausalityInterfaceFeedback2.xml
----------------- Instantiating /home/travis/build/icyphy/ptII/ptolemy/domains/continuous/test/auto/CausalityInterfaceFeedback2.xml
8 ms. Memory: 215040K Free: 195612K (91%)
----------------- Invoking toplevel() on ptolemy.moml.MoMLSimpleApplication@6dcfd546
----------------- Done invoking toplevel() on ptolemy.moml.MoMLSimpleApplication@6dcfd546
reloadAllAccessors: .CausalityInterfaceFeedback2

===========================================================================================
----------------- testing Wed Oct 09 05:50:26 UTC 2019 /home/travis/build/icyphy/ptII/ptolemy/domains/continuous/test/auto/CompareWithCurrentTime.xml
----------------- Instantiating /home/travis/build/icyphy/ptII/ptolemy/domains/continuous/test/auto/CompareWithCurrentTime.xml
4 ms. Memory: 215040K Free: 191516K (89%)
----------------- Invoking toplevel() on ptolemy.moml.MoMLSimpleApplication@1abd739e
----------------- Done invoking toplevel() on ptolemy.moml.MoMLSimpleApplication@1abd739e
reloadAllAccessors: .CompareWithCurrentTime

===========================================================================================
----------------- testing Wed Oct 09 05:50:26 UTC 2019 /home/travis/build/icyphy/ptII/ptolemy/domains/continuous/test/auto/ComparedClocks.xml
----------------- Instantiating /home/travis/build/icyphy/ptII/ptolemy/domains/continuous/test/auto/ComparedClocks.xml
7 ms. Memory: 215040K Free: 176142K (82%)
----------------- Invoking toplevel() on ptolemy.moml.MoMLSimpleApplication@4c7dcf98
----------------- Done invoking toplevel() on ptolemy.moml.MoMLSimpleApplication@4c7dcf98
reloadAllAccessors: .ComparedClocks

===========================================================================================
----------------- testing Wed Oct 09 05:50:26 UTC 2019 /home/travis/build/icyphy/ptII/ptolemy/domains/continuous/test/auto/ContinuousAOCClone.xml
----------------- Instantiating /home/travis/build/icyphy/ptII/ptolemy/domains/continuous/test/auto/ContinuousAOCClone.xml
2849 ms. Memory: 260096K Free: 219242K (84%)
----------------- Invoking toplevel() on ptolemy.moml.MoMLSimpleApplication@51d039dd
----------------- Done invoking toplevel() on ptolemy.moml.MoMLSimpleApplication@51d039dd
reloadAllAccessors: .ContinuousAOCClone

===========================================================================================
----------------- testing Wed Oct 09 05:50:29 UTC 2019 /home/travis/build/icyphy/ptII/ptolemy/domains/continuous/test/auto/ContinuousClock.xml
----------------- Instantiating /home/travis/build/icyphy/ptII/ptolemy/domains/continuous/test/auto/ContinuousClock.xml
29 ms. Memory: 260096K Free: 197723K (76%)
----------------- Invoking toplevel() on ptolemy.moml.MoMLSimpleApplication@301d454f
----------------- Done invoking toplevel() on ptolemy.moml.MoMLSimpleApplication@301d454f
reloadAllAccessors: .ContinuousClock

===========================================================================================
----------------- testing Wed Oct 09 05:50:29 UTC 2019 /home/travis/build/icyphy/ptII/ptolemy/domains/continuous/test/auto/ContinuousInContinuous.xml
----------------- Instantiating /home/travis/build/icyphy/ptII/ptolemy/domains/continuous/test/auto/ContinuousInContinuous.xml
49 ms. Memory: 260096K Free: 174186K (67%)
----------------- Invoking toplevel() on ptolemy.moml.MoMLSimpleApplication@5cab4703
----------------- Done invoking toplevel() on ptolemy.moml.MoMLSimpleApplication@5cab4703
reloadAllAccessors: .ContinuousInContinuous

===========================================================================================
----------------- testing Wed Oct 09 05:50:29 UTC 2019 /home/travis/build/icyphy/ptII/ptolemy/domains/continuous/test/auto/ContinuousInContinuousInContinuous.xml
----------------- Instantiating /home/travis/build/icyphy/ptII/ptolemy/domains/continuous/test/auto/ContinuousInContinuousInContinuous.xml
4 ms. Memory: 260096K Free: 166508K (64%)
----------------- Invoking toplevel() on ptolemy.moml.MoMLSimpleApplication@206a177c
----------------- Done invoking toplevel() on ptolemy.moml.MoMLSimpleApplication@206a177c
reloadAllAccessors: .ContinuousInContinuousInContinuous

===========================================================================================
----------------- testing Wed Oct 09 05:50:29 UTC 2019 /home/travis/build/icyphy/ptII/ptolemy/domains/continuous/test/auto/ContinuousInDE.xml
----------------- Instantiating /home/travis/build/icyphy/ptII/ptolemy/domains/continuous/test/auto/ContinuousInDE.xml
67 ms. Memory: 260096K Free: 156268K (60%)
----------------- Invoking toplevel() on ptolemy.moml.MoMLSimpleApplication@55acafae
----------------- Done invoking toplevel() on ptolemy.moml.MoMLSimpleApplication@55acafae
reloadAllAccessors: .ContinuousInDE

===========================================================================================
----------------- testing Wed Oct 09 05:50:29 UTC 2019 /home/travis/build/icyphy/ptII/ptolemy/domains/continuous/test/auto/ContinuousInDE2.xml
----------------- Instantiating /home/travis/build/icyphy/ptII/ptolemy/domains/continuous/test/auto/ContinuousInDE2.xml
42 ms. Memory: 260096K Free: 146538K (56%)
----------------- Invoking toplevel() on ptolemy.moml.MoMLSimpleApplication@2f94b2cc
----------------- Done invoking toplevel() on ptolemy.moml.MoMLSimpleApplication@2f94b2cc
reloadAllAccessors: .ContinuousInDE2

===========================================================================================
----------------- testing Wed Oct 09 05:50:30 UTC 2019 /home/travis/build/icyphy/ptII/ptolemy/domains/continuous/test/auto/ContinuousInDE3.xml
----------------- Instantiating /home/travis/build/icyphy/ptII/ptolemy/domains/continuous/test/auto/ContinuousInDE3.xml
39 ms. Memory: 260096K Free: 136812K (53%)
----------------- Invoking toplevel() on ptolemy.moml.MoMLSimpleApplication@46f81257
----------------- Done invoking toplevel() on ptolemy.moml.MoMLSimpleApplication@46f81257
reloadAllAccessors: .ContinuousInDE3

===========================================================================================
----------------- testing Wed Oct 09 05:50:30 UTC 2019 /home/travis/build/icyphy/ptII/ptolemy/domains/continuous/test/auto/ContinuousInDE4.xml
----------------- Instantiating /home/travis/build/icyphy/ptII/ptolemy/domains/continuous/test/auto/ContinuousInDE4.xml
14 ms. Memory: 260096K Free: 130668K (50%)
----------------- Invoking toplevel() on ptolemy.moml.MoMLSimpleApplication@1b204af9
----------------- Done invoking toplevel() on ptolemy.moml.MoMLSimpleApplication@1b204af9
reloadAllAccessors: .ContinuousInDE4

===========================================================================================
----------------- testing Wed Oct 09 05:50:30 UTC 2019 /home/travis/build/icyphy/ptII/ptolemy/domains/continuous/test/auto/ContinuousInDEDifferentRefinements.xml
----------------- Instantiating /home/travis/build/icyphy/ptII/ptolemy/domains/continuous/test/auto/ContinuousInDEDifferentRefinements.xml
47 ms. Memory: 260096K Free: 99948K (38%)
----------------- Invoking toplevel() on ptolemy.moml.MoMLSimpleApplication@62913ad3
----------------- Done invoking toplevel() on ptolemy.moml.MoMLSimpleApplication@62913ad3
reloadAllAccessors: .ContinuousInDEDifferentRefinements

===========================================================================================
----------------- testing Wed Oct 09 05:50:30 UTC 2019 /home/travis/build/icyphy/ptII/ptolemy/domains/continuous/test/auto/ContinuousInDEDifferentRefinementsPreemptive.xml
----------------- Instantiating /home/travis/build/icyphy/ptII/ptolemy/domains/continuous/test/auto/ContinuousInDEDifferentRefinementsPreemptive.xml
48 ms. Memory: 260096K Free: 223323K (86%)
----------------- Invoking toplevel() on ptolemy.moml.MoMLSimpleApplication@77b32611
----------------- Done invoking toplevel() on ptolemy.moml.MoMLSimpleApplication@77b32611
reloadAllAccessors: .ContinuousInDEDifferentRefinementsPreemptive

===========================================================================================
----------------- testing Wed Oct 09 05:50:30 UTC 2019 /home/travis/build/icyphy/ptII/ptolemy/domains/continuous/test/auto/ContinuousInDEInContinuous2.xml
----------------- Instantiating /home/travis/build/icyphy/ptII/ptolemy/domains/continuous/test/auto/ContinuousInDEInContinuous2.xml
34 ms. Memory: 260096K Free: 212059K (82%)
----------------- Invoking toplevel() on ptolemy.moml.MoMLSimpleApplication@59975db9
----------------- Done invoking toplevel() on ptolemy.moml.MoMLSimpleApplication@59975db9
reloadAllAccessors: .ContinuousInDEInContinuous2

===========================================================================================
----------------- testing Wed Oct 09 05:50:30 UTC 2019 /home/travis/build/icyphy/ptII/ptolemy/domains/continuous/test/auto/ContinuousInDEInContinuous3.xml
----------------- Instantiating /home/travis/build/icyphy/ptII/ptolemy/domains/continuous/test/auto/ContinuousInDEInContinuous3.xml
34 ms. Memory: 260096K Free: 200285K (77%)
----------------- Invoking toplevel() on ptolemy.moml.MoMLSimpleApplication@449473e
----------------- Done invoking toplevel() on ptolemy.moml.MoMLSimpleApplication@449473e
reloadAllAccessors: .ContinuousInDEInContinuous3

===========================================================================================
----------------- testing Wed Oct 09 05:50:30 UTC 2019 /home/travis/build/icyphy/ptII/ptolemy/domains/continuous/test/auto/ContinuousInDEInput.xml
----------------- Instantiating /home/travis/build/icyphy/ptII/ptolemy/domains/continuous/test/auto/ContinuousInDEInput.xml
20 ms. Memory: 260096K Free: 193117K (74%)
----------------- Invoking toplevel() on ptolemy.moml.MoMLSimpleApplication@1d26ab07
----------------- Done invoking toplevel() on ptolemy.moml.MoMLSimpleApplication@1d26ab07
reloadAllAccessors: .ContinuousInDEInput

===========================================================================================
----------------- testing Wed Oct 09 05:50:30 UTC 2019 /home/travis/build/icyphy/ptII/ptolemy/domains/continuous/test/auto/ContinuousInDEInput2.xml
----------------- Instantiating /home/travis/build/icyphy/ptII/ptolemy/domains/continuous/test/auto/ContinuousInDEInput2.xml
17 ms. Memory: 260096K Free: 185949K (71%)
----------------- Invoking toplevel() on ptolemy.moml.MoMLSimpleApplication@46f3cc76
----------------- Done invoking toplevel() on ptolemy.moml.MoMLSimpleApplication@46f3cc76
reloadAllAccessors: .ContinuousInDEInput2

===========================================================================================
----------------- testing Wed Oct 09 05:50:30 UTC 2019 /home/travis/build/icyphy/ptII/ptolemy/domains/continuous/test/auto/ContinuousInDEInput3.xml
----------------- Instantiating /home/travis/build/icyphy/ptII/ptolemy/domains/continuous/test/auto/ContinuousInDEInput3.xml
17 ms. Memory: 260096K Free: 178781K (69%)
----------------- Invoking toplevel() on ptolemy.moml.MoMLSimpleApplication@2808434e
----------------- Done invoking toplevel() on ptolemy.moml.MoMLSimpleApplication@2808434e
reloadAllAccessors: .ContinuousInDEInput3

===========================================================================================
----------------- testing Wed Oct 09 05:50:30 UTC 2019 /home/travis/build/icyphy/ptII/ptolemy/domains/continuous/test/auto/ContinuousInDESharingRefinement.xml
----------------- Instantiating /home/travis/build/icyphy/ptII/ptolemy/domains/continuous/test/auto/ContinuousInDESharingRefinement.xml
170 ms. Memory: 260096K Free: 238422K (92%)
----------------- Invoking toplevel() on ptolemy.moml.MoMLSimpleApplication@a310bb0
----------------- Done invoking toplevel() on ptolemy.moml.MoMLSimpleApplication@a310bb0
reloadAllAccessors: .ContinuousInDESharingRefinement

===========================================================================================
----------------- testing Wed Oct 09 05:50:30 UTC 2019 /home/travis/build/icyphy/ptII/ptolemy/domains/continuous/test/auto/ContinuousInDEwithNoPorts.xml
----------------- Instantiating /home/travis/build/icyphy/ptII/ptolemy/domains/continuous/test/auto/ContinuousInDEwithNoPorts.xml
6 ms. Memory: 260096K Free: 233816K (90%)
----------------- Invoking toplevel() on ptolemy.moml.MoMLSimpleApplication@2411471
----------------- Done invoking toplevel() on ptolemy.moml.MoMLSimpleApplication@2411471
reloadAllAccessors: .ContinuousInDEwithNoPorts

===========================================================================================
----------------- testing Wed Oct 09 05:50:30 UTC 2019 /home/travis/build/icyphy/ptII/ptolemy/domains/continuous/test/auto/ContinuousInsideDE.xml
----------------- Instantiating /home/travis/build/icyphy/ptII/ptolemy/domains/continuous/test/auto/ContinuousInsideDE.xml
32 ms. Memory: 260096K Free: 222038K (85%)
----------------- Invoking toplevel() on ptolemy.moml.MoMLSimpleApplication@1c61fd49
----------------- Done invoking toplevel() on ptolemy.moml.MoMLSimpleApplication@1c61fd49
reloadAllAccessors: .ContinuousInsideDE

===========================================================================================
----------------- testing Wed Oct 09 05:50:30 UTC 2019 /home/travis/build/icyphy/ptII/ptolemy/domains/continuous/test/auto/ContinuousMerge1.xml
----------------- Instantiating /home/travis/build/icyphy/ptII/ptolemy/domains/continuous/test/auto/ContinuousMerge1.xml
3 ms. Memory: 260096K Free: 217928K (84%)
----------------- Invoking toplevel() on ptolemy.moml.MoMLSimpleApplication@9388053
----------------- Done invoking toplevel() on ptolemy.moml.MoMLSimpleApplication@9388053
reloadAllAccessors: .ContinuousMerge1

===========================================================================================
----------------- testing Wed Oct 09 05:50:30 UTC 2019 /home/travis/build/icyphy/ptII/ptolemy/domains/continuous/test/auto/ContinuousMerge2.xml
----------------- Instantiating /home/travis/build/icyphy/ptII/ptolemy/domains/continuous/test/auto/ContinuousMerge2.xml
15 ms. Memory: 260096K Free: 207702K (80%)
----------------- Invoking toplevel() on ptolemy.moml.MoMLSimpleApplication@407f7ce6
----------------- Done invoking toplevel() on ptolemy.moml.MoMLSimpleApplication@407f7ce6
reloadAllAccessors: .ContinuousMerge2

===========================================================================================
----------------- testing Wed Oct 09 05:50:30 UTC 2019 /home/travis/build/icyphy/ptII/ptolemy/domains/continuous/test/auto/ContinuousMerge3.xml
----------------- Instantiating /home/travis/build/icyphy/ptII/ptolemy/domains/continuous/test/auto/ContinuousMerge3.xml
40 ms. Memory: 260096K Free: 196438K (76%)
----------------- Invoking toplevel() on ptolemy.moml.MoMLSimpleApplication@34c7e0ba
----------------- Done invoking toplevel() on ptolemy.moml.MoMLSimpleApplication@34c7e0ba
reloadAllAccessors: .ContinuousMerge3

===========================================================================================
----------------- testing Wed Oct 09 05:50:31 UTC 2019 /home/travis/build/icyphy/ptII/ptolemy/domains/continuous/test/auto/ContinuousWithinContinuous.xml
----------------- Instantiating /home/travis/build/icyphy/ptII/ptolemy/domains/continuous/test/auto/ContinuousWithinContinuous.xml
34 ms. Memory: 260096K Free: 187736K (72%)
----------------- Invoking toplevel() on ptolemy.moml.MoMLSimpleApplication@23c98cfa
----------------- Done invoking toplevel() on ptolemy.moml.MoMLSimpleApplication@23c98cfa
reloadAllAccessors: .ContinuousWithinContinuous

===========================================================================================
----------------- testing Wed Oct 09 05:50:31 UTC 2019 /home/travis/build/icyphy/ptII/ptolemy/domains/continuous/test/auto/ContinuousWithinContinuous2.xml
----------------- Instantiating /home/travis/build/icyphy/ptII/ptolemy/domains/continuous/test/auto/ContinuousWithinContinuous2.xml
66 ms. Memory: 260096K Free: 176982K (68%)
----------------- Invoking toplevel() on ptolemy.moml.MoMLSimpleApplication@30a8253b
----------------- Done invoking toplevel() on ptolemy.moml.MoMLSimpleApplication@30a8253b
reloadAllAccessors: .ContinuousWithinContinuous2

===========================================================================================
----------------- testing Wed Oct 09 05:50:31 UTC 2019 /home/travis/build/icyphy/ptII/ptolemy/domains/continuous/test/auto/ContinuousWithinContinuous3.xml
----------------- Instantiating /home/travis/build/icyphy/ptII/ptolemy/domains/continuous/test/auto/ContinuousWithinContinuous3.xml
13 ms. Memory: 260096K Free: 170328K (65%)
----------------- Invoking toplevel() on ptolemy.moml.MoMLSimpleApplication@6767db07
----------------- Done invoking toplevel() on ptolemy.moml.MoMLSimpleApplication@6767db07
reloadAllAccessors: .ContinuousWithinContinuous3

===========================================================================================
----------------- testing Wed Oct 09 05:50:31 UTC 2019 /home/travis/build/icyphy/ptII/ptolemy/domains/continuous/test/auto/ContinuousWithinContinuous4.xml
----------------- Instantiating /home/travis/build/icyphy/ptII/ptolemy/domains/continuous/test/auto/ContinuousWithinContinuous4.xml
65 ms. Memory: 260096K Free: 158040K (61%)
----------------- Invoking toplevel() on ptolemy.moml.MoMLSimpleApplication@1039ccea
----------------- Done invoking toplevel() on ptolemy.moml.MoMLSimpleApplication@1039ccea
reloadAllAccessors: .ContinuousWithinContinuous4

===========================================================================================
----------------- testing Wed Oct 09 05:50:31 UTC 2019 /home/travis/build/icyphy/ptII/ptolemy/domains/continuous/test/auto/ContinuousWithinContinuous5.xml
----------------- Instantiating /home/travis/build/icyphy/ptII/ptolemy/domains/continuous/test/auto/ContinuousWithinContinuous5.xml
20 ms. Memory: 260096K Free: 150872K (58%)
----------------- Invoking toplevel() on ptolemy.moml.MoMLSimpleApplication@496bf237
----------------- Done invoking toplevel() on ptolemy.moml.MoMLSimpleApplication@496bf237
reloadAllAccessors: .ContinuousWithinContinuous5

===========================================================================================
----------------- testing Wed Oct 09 05:50:31 UTC 2019 /home/travis/build/icyphy/ptII/ptolemy/domains/continuous/test/auto/ContinuousWithinContinuous6.xml
----------------- Instantiating /home/travis/build/icyphy/ptII/ptolemy/domains/continuous/test/auto/ContinuousWithinContinuous6.xml
11 ms. Memory: 260096K Free: 143704K (55%)
----------------- Invoking toplevel() on ptolemy.moml.MoMLSimpleApplication@4c940840
----------------- Done invoking toplevel() on ptolemy.moml.MoMLSimpleApplication@4c940840
reloadAllAccessors: .ContinuousWithinContinuous6

===========================================================================================
----------------- testing Wed Oct 09 05:50:31 UTC 2019 /home/travis/build/icyphy/ptII/ptolemy/domains/continuous/test/auto/ContinuousWithinContinuous7.xml
----------------- Instantiating /home/travis/build/icyphy/ptII/ptolemy/domains/continuous/test/auto/ContinuousWithinContinuous7.xml
54 ms. Memory: 260096K Free: 132950K (51%)
----------------- Invoking toplevel() on ptolemy.moml.MoMLSimpleApplication@16c53d3d
----------------- Done invoking toplevel() on ptolemy.moml.MoMLSimpleApplication@16c53d3d
reloadAllAccessors: .ContinuousWithinContinuous7

===========================================================================================
----------------- testing Wed Oct 09 05:50:31 UTC 2019 /home/travis/build/icyphy/ptII/ptolemy/domains/continuous/test/auto/DCMotor.xml
----------------- Instantiating /home/travis/build/icyphy/ptII/ptolemy/domains/continuous/test/auto/DCMotor.xml
14244 ms. Memory: 260096K Free: 170746K (66%)
----------------- Invoking toplevel() on ptolemy.moml.MoMLSimpleApplication@3eb452b0
----------------- Done invoking toplevel() on ptolemy.moml.MoMLSimpleApplication@3eb452b0
reloadAllAccessors: .DCMotor

===========================================================================================
----------------- testing Wed Oct 09 05:50:45 UTC 2019 /home/travis/build/icyphy/ptII/ptolemy/domains/continuous/test/auto/DEInContinuous.xml
----------------- Instantiating /home/travis/build/icyphy/ptII/ptolemy/domains/continuous/test/auto/DEInContinuous.xml
18 ms. Memory: 260096K Free: 164602K (63%)
----------------- Invoking toplevel() on ptolemy.moml.MoMLSimpleApplication@604e764f
----------------- Done invoking toplevel() on ptolemy.moml.MoMLSimpleApplication@604e764f
reloadAllAccessors: .DEInContinuous

===========================================================================================
----------------- testing Wed Oct 09 05:50:45 UTC 2019 /home/travis/build/icyphy/ptII/ptolemy/domains/continuous/test/auto/DEinContinuous2.xml
----------------- Instantiating /home/travis/build/icyphy/ptII/ptolemy/domains/continuous/test/auto/DEinContinuous2.xml
6 ms. Memory: 260096K Free: 156410K (60%)
----------------- Invoking toplevel() on ptolemy.moml.MoMLSimpleApplication@69da65b6
----------------- Done invoking toplevel() on ptolemy.moml.MoMLSimpleApplication@69da65b6
reloadAllAccessors: .DEinContinuous2

===========================================================================================
----------------- testing Wed Oct 09 05:50:45 UTC 2019 /home/travis/build/icyphy/ptII/ptolemy/domains/continuous/test/auto/Derivative.xml
----------------- Instantiating /home/travis/build/icyphy/ptII/ptolemy/domains/continuous/test/auto/Derivative.xml
137 ms. Memory: 260096K Free: 127224K (49%)
----------------- Invoking toplevel() on ptolemy.moml.MoMLSimpleApplication@322dfa38
----------------- Done invoking toplevel() on ptolemy.moml.MoMLSimpleApplication@322dfa38
reloadAllAccessors: .Derivative2

===========================================================================================
----------------- testing Wed Oct 09 05:50:46 UTC 2019 /home/travis/build/icyphy/ptII/ptolemy/domains/continuous/test/auto/Derivative1.xml
----------------- Instantiating /home/travis/build/icyphy/ptII/ptolemy/domains/continuous/test/auto/Derivative1.xml
31 ms. Memory: 260096K Free: 112888K (43%)
----------------- Invoking toplevel() on ptolemy.moml.MoMLSimpleApplication@7995ec9e
----------------- Done invoking toplevel() on ptolemy.moml.MoMLSimpleApplication@7995ec9e
reloadAllAccessors: .Derivative1

===========================================================================================
----------------- testing Wed Oct 09 05:50:46 UTC 2019 /home/travis/build/icyphy/ptII/ptolemy/domains/continuous/test/auto/DiscreteClock.xml
----------------- Instantiating /home/travis/build/icyphy/ptII/ptolemy/domains/continuous/test/auto/DiscreteClock.xml
4 ms. Memory: 260096K Free: 107768K (41%)
----------------- Invoking toplevel() on ptolemy.moml.MoMLSimpleApplication@5e512442
----------------- Done invoking toplevel() on ptolemy.moml.MoMLSimpleApplication@5e512442
reloadAllAccessors: .DiscreteClock

===========================================================================================
----------------- testing Wed Oct 09 05:50:46 UTC 2019 /home/travis/build/icyphy/ptII/ptolemy/domains/continuous/test/auto/EfficiencyCurve.xml
----------------- Instantiating /home/travis/build/icyphy/ptII/ptolemy/domains/continuous/test/auto/EfficiencyCurve.xml
69 ms. Memory: 260096K Free: 98552K (38%)
----------------- Invoking toplevel() on ptolemy.moml.MoMLSimpleApplication@2e8be119
----------------- Done invoking toplevel() on ptolemy.moml.MoMLSimpleApplication@2e8be119
reloadAllAccessors: .EfficiencyCurve

===========================================================================================
----------------- testing Wed Oct 09 05:50:46 UTC 2019 /home/travis/build/icyphy/ptII/ptolemy/domains/continuous/test/auto/ExponentialResponse.xml
----------------- Instantiating /home/travis/build/icyphy/ptII/ptolemy/domains/continuous/test/auto/ExponentialResponse.xml
117 ms. Memory: 260096K Free: 237872K (91%)
----------------- Invoking toplevel() on ptolemy.moml.MoMLSimpleApplication@63df841c
----------------- Done invoking toplevel() on ptolemy.moml.MoMLSimpleApplication@63df841c
reloadAllAccessors: .ExponentialResponse

===========================================================================================
----------------- testing Wed Oct 09 05:50:46 UTC 2019 /home/travis/build/icyphy/ptII/ptolemy/domains/continuous/test/auto/ExponentialResponseRK45.xml
----------------- Instantiating /home/travis/build/icyphy/ptII/ptolemy/domains/continuous/test/auto/ExponentialResponseRK45.xml
23 ms. Memory: 260096K Free: 231008K (89%)
----------------- Invoking toplevel() on ptolemy.moml.MoMLSimpleApplication@68052328
----------------- Done invoking toplevel() on ptolemy.moml.MoMLSimpleApplication@68052328
reloadAllAccessors: .ExponentialResponseRK45

===========================================================================================
----------------- testing Wed Oct 09 05:50:46 UTC 2019 /home/travis/build/icyphy/ptII/ptolemy/domains/continuous/test/auto/Friction.xml
----------------- Instantiating /home/travis/build/icyphy/ptII/ptolemy/domains/continuous/test/auto/Friction.xml
1528 ms. Memory: 260096K Free: 115113K (44%)
----------------- Invoking toplevel() on ptolemy.moml.MoMLSimpleApplication@72e2aa16
----------------- Done invoking toplevel() on ptolemy.moml.MoMLSimpleApplication@72e2aa16
reloadAllAccessors: .Friction

===========================================================================================
----------------- testing Wed Oct 09 05:50:48 UTC 2019 /home/travis/build/icyphy/ptII/ptolemy/domains/continuous/test/auto/FurutaPendulum.xml
----------------- Instantiating /home/travis/build/icyphy/ptII/ptolemy/domains/continuous/test/auto/FurutaPendulum.xml
3365 ms. Memory: 260096K Free: 94950K (37%)
----------------- Invoking toplevel() on ptolemy.moml.MoMLSimpleApplication@2a2a0239
----------------- Done invoking toplevel() on ptolemy.moml.MoMLSimpleApplication@2a2a0239
reloadAllAccessors: .FurutaPendulum

===========================================================================================
----------------- testing Wed Oct 09 05:50:51 UTC 2019 /home/travis/build/icyphy/ptII/ptolemy/domains/continuous/test/auto/HierarchicalExecution.xml
----------------- Instantiating /home/travis/build/icyphy/ptII/ptolemy/domains/continuous/test/auto/HierarchicalExecution.xml
1723 ms. Memory: 260096K Free: 122640K (47%)
----------------- Invoking toplevel() on ptolemy.moml.MoMLSimpleApplication@163dee3a
----------------- Done invoking toplevel() on ptolemy.moml.MoMLSimpleApplication@163dee3a
reloadAllAccessors: .HierarchicalExecution

===========================================================================================
----------------- testing Wed Oct 09 05:50:53 UTC 2019 /home/travis/build/icyphy/ptII/ptolemy/domains/continuous/test/auto/HybridPlant.xml
----------------- Instantiating /home/travis/build/icyphy/ptII/ptolemy/domains/continuous/test/auto/HybridPlant.xml
502 ms. Memory: 260096K Free: 168018K (65%)
----------------- Invoking toplevel() on ptolemy.moml.MoMLSimpleApplication@788897bc
----------------- Done invoking toplevel() on ptolemy.moml.MoMLSimpleApplication@788897bc
reloadAllAccessors: .HybridPlant

===========================================================================================
----------------- testing Wed Oct 09 05:50:54 UTC 2019 /home/travis/build/icyphy/ptII/ptolemy/domains/continuous/test/auto/Hysteresis.xml
----------------- Instantiating /home/travis/build/icyphy/ptII/ptolemy/domains/continuous/test/auto/Hysteresis.xml
139 ms. Memory: 260096K Free: 106082K (41%)
----------------- Invoking toplevel() on ptolemy.moml.MoMLSimpleApplication@2f2f9449
----------------- Done invoking toplevel() on ptolemy.moml.MoMLSimpleApplication@2f2f9449
reloadAllAccessors: .Hysteresis

===========================================================================================
----------------- testing Wed Oct 09 05:50:54 UTC 2019 /home/travis/build/icyphy/ptII/ptolemy/domains/continuous/test/auto/HysteresisWithRandomDelay.xml
----------------- Instantiating /home/travis/build/icyphy/ptII/ptolemy/domains/continuous/test/auto/HysteresisWithRandomDelay.xml
185 ms. Memory: 260096K Free: 188226K (72%)
----------------- Invoking toplevel() on ptolemy.moml.MoMLSimpleApplication@65dfc814
----------------- Done invoking toplevel() on ptolemy.moml.MoMLSimpleApplication@65dfc814
reloadAllAccessors: .HysteresisWithRandomDelay

===========================================================================================
----------------- testing Wed Oct 09 05:50:54 UTC 2019 /home/travis/build/icyphy/ptII/ptolemy/domains/continuous/test/auto/HysteresisWithRandomLosses.xml
----------------- Instantiating /home/travis/build/icyphy/ptII/ptolemy/domains/continuous/test/auto/HysteresisWithRandomLosses.xml
2509 ms. Memory: 260096K Free: 218505K (84%)
----------------- Invoking toplevel() on ptolemy.moml.MoMLSimpleApplication@f30ffa2
----------------- Done invoking toplevel() on ptolemy.moml.MoMLSimpleApplication@f30ffa2
reloadAllAccessors: .HysteresisWithRandomLosses

===========================================================================================
----------------- testing Wed Oct 09 05:50:57 UTC 2019 /home/travis/build/icyphy/ptII/ptolemy/domains/continuous/test/auto/ImmediateTransitions.xml
----------------- Instantiating /home/travis/build/icyphy/ptII/ptolemy/domains/continuous/test/auto/ImmediateTransitions.xml
10 ms. Memory: 260096K Free: 207721K (80%)
----------------- Invoking toplevel() on ptolemy.moml.MoMLSimpleApplication@191891e2
----------------- Done invoking toplevel() on ptolemy.moml.MoMLSimpleApplication@191891e2
reloadAllAccessors: .ImmediateTransitions

===========================================================================================
----------------- testing Wed Oct 09 05:50:57 UTC 2019 /home/travis/build/icyphy/ptII/ptolemy/domains/continuous/test/auto/ImpulseFeedback.xml
----------------- Instantiating /home/travis/build/icyphy/ptII/ptolemy/domains/continuous/test/auto/ImpulseFeedback.xml
10 ms. Memory: 260096K Free: 202121K (78%)
----------------- Invoking toplevel() on ptolemy.moml.MoMLSimpleApplication@73f4609d
----------------- Done invoking toplevel() on ptolemy.moml.MoMLSimpleApplication@73f4609d
reloadAllAccessors: .ImpulseFeedback

===========================================================================================
----------------- testing Wed Oct 09 05:50:57 UTC 2019 /home/travis/build/icyphy/ptII/ptolemy/domains/continuous/test/auto/ImpulseFeedback2.xml
----------------- Instantiating /home/travis/build/icyphy/ptII/ptolemy/domains/continuous/test/auto/ImpulseFeedback2.xml
6 ms. Memory: 260096K Free: 196487K (76%)
----------------- Invoking toplevel() on ptolemy.moml.MoMLSimpleApplication@660c50a3
----------------- Done invoking toplevel() on ptolemy.moml.MoMLSimpleApplication@660c50a3
reloadAllAccessors: .ImpulseFeedback2

===========================================================================================
----------------- testing Wed Oct 09 05:50:57 UTC 2019 /home/travis/build/icyphy/ptII/ptolemy/domains/continuous/test/auto/IncreasingRatePoisson.xml
----------------- Instantiating /home/travis/build/icyphy/ptII/ptolemy/domains/continuous/test/auto/IncreasingRatePoisson.xml
824 ms. Memory: 260096K Free: 179327K (69%)
----------------- Invoking toplevel() on ptolemy.moml.MoMLSimpleApplication@4612510b
----------------- Done invoking toplevel() on ptolemy.moml.MoMLSimpleApplication@4612510b
reloadAllAccessors: .IncreasingRatePoisson

===========================================================================================
----------------- testing Wed Oct 09 05:50:58 UTC 2019 /home/travis/build/icyphy/ptII/ptolemy/domains/continuous/test/auto/InitialStateFeedback.xml
----------------- Instantiating /home/travis/build/icyphy/ptII/ptolemy/domains/continuous/test/auto/InitialStateFeedback.xml
4 ms. Memory: 260096K Free: 174717K (67%)
----------------- Invoking toplevel() on ptolemy.moml.MoMLSimpleApplication@47b779fd
----------------- Done invoking toplevel() on ptolemy.moml.MoMLSimpleApplication@47b779fd
reloadAllAccessors: .InitialStateFeedback

===========================================================================================
----------------- testing Wed Oct 09 05:50:58 UTC 2019 /home/travis/build/icyphy/ptII/ptolemy/domains/continuous/test/auto/Integration.xml
----------------- Instantiating /home/travis/build/icyphy/ptII/ptolemy/domains/continuous/test/auto/Integration.xml
5 ms. Memory: 260096K Free: 170621K (66%)
----------------- Invoking toplevel() on ptolemy.moml.MoMLSimpleApplication@76cba0d3
----------------- Done invoking toplevel() on ptolemy.moml.MoMLSimpleApplication@76cba0d3
reloadAllAccessors: .Integration

===========================================================================================
----------------- testing Wed Oct 09 05:50:58 UTC 2019 /home/travis/build/icyphy/ptII/ptolemy/domains/continuous/test/auto/Integration2.xml
----------------- Instantiating /home/travis/build/icyphy/ptII/ptolemy/domains/continuous/test/auto/Integration2.xml
89 ms. Memory: 260096K Free: 156285K (60%)
----------------- Invoking toplevel() on ptolemy.moml.MoMLSimpleApplication@484ba050
----------------- Done invoking toplevel() on ptolemy.moml.MoMLSimpleApplication@484ba050
reloadAllAccessors: .Integration2

===========================================================================================
----------------- testing Wed Oct 09 05:50:58 UTC 2019 /home/travis/build/icyphy/ptII/ptolemy/domains/continuous/test/auto/Integration3.xml
----------------- Instantiating /home/travis/build/icyphy/ptII/ptolemy/domains/continuous/test/auto/Integration3.xml
2 ms. Memory: 260096K Free: 151679K (58%)
----------------- Invoking toplevel() on ptolemy.moml.MoMLSimpleApplication@381e6609
----------------- Done invoking toplevel() on ptolemy.moml.MoMLSimpleApplication@381e6609
reloadAllAccessors: .Integration3

===========================================================================================
----------------- testing Wed Oct 09 05:50:58 UTC 2019 /home/travis/build/icyphy/ptII/ptolemy/domains/continuous/test/auto/Integration5.xml
----------------- Instantiating /home/travis/build/icyphy/ptII/ptolemy/domains/continuous/test/auto/Integration5.xml
3 ms. Memory: 260096K Free: 147583K (57%)
----------------- Invoking toplevel() on ptolemy.moml.MoMLSimpleApplication@1bff2488
----------------- Done invoking toplevel() on ptolemy.moml.MoMLSimpleApplication@1bff2488
reloadAllAccessors: .Integration5

===========================================================================================
----------------- testing Wed Oct 09 05:50:58 UTC 2019 /home/travis/build/icyphy/ptII/ptolemy/domains/continuous/test/auto/IntegratorImpulse.xml
----------------- Instantiating /home/travis/build/icyphy/ptII/ptolemy/domains/continuous/test/auto/IntegratorImpulse.xml
4 ms. Memory: 260096K Free: 143487K (55%)
----------------- Invoking toplevel() on ptolemy.moml.MoMLSimpleApplication@1f39152a
----------------- Done invoking toplevel() on ptolemy.moml.MoMLSimpleApplication@1f39152a
reloadAllAccessors: .IntegratorImpulse

===========================================================================================
----------------- testing Wed Oct 09 05:50:58 UTC 2019 /home/travis/build/icyphy/ptII/ptolemy/domains/continuous/test/auto/IntegratorImpulse2.xml
----------------- Instantiating /home/travis/build/icyphy/ptII/ptolemy/domains/continuous/test/auto/IntegratorImpulse2.xml
7 ms. Memory: 260096K Free: 138871K (53%)
----------------- Invoking toplevel() on ptolemy.moml.MoMLSimpleApplication@68b9f2d
----------------- Done invoking toplevel() on ptolemy.moml.MoMLSimpleApplication@68b9f2d
reloadAllAccessors: .IntegratorImpulse2

===========================================================================================
----------------- testing Wed Oct 09 05:50:58 UTC 2019 /home/travis/build/icyphy/ptII/ptolemy/domains/continuous/test/auto/LevelCrossing1.xml
----------------- Instantiating /home/travis/build/icyphy/ptII/ptolemy/domains/continuous/test/auto/LevelCrossing1.xml
3 ms. Memory: 260096K Free: 133757K (51%)
----------------- Invoking toplevel() on ptolemy.moml.MoMLSimpleApplication@73845a29
----------------- Done invoking toplevel() on ptolemy.moml.MoMLSimpleApplication@73845a29
reloadAllAccessors: .LevelCrossing1

===========================================================================================
----------------- testing Wed Oct 09 05:50:58 UTC 2019 /home/travis/build/icyphy/ptII/ptolemy/domains/continuous/test/auto/LevelCrossing2.xml
----------------- Instantiating /home/travis/build/icyphy/ptII/ptolemy/domains/continuous/test/auto/LevelCrossing2.xml
3 ms. Memory: 260096K Free: 128637K (49%)
----------------- Invoking toplevel() on ptolemy.moml.MoMLSimpleApplication@2fbea7d1
----------------- Done invoking toplevel() on ptolemy.moml.MoMLSimpleApplication@2fbea7d1
reloadAllAccessors: .LevelCrossing2

===========================================================================================
----------------- testing Wed Oct 09 05:50:58 UTC 2019 /home/travis/build/icyphy/ptII/ptolemy/domains/continuous/test/auto/LevelCrossing3.xml
[...]
reloadAllAccessors: .SampledClocks

===========================================================================================
----------------- testing Wed Oct 09 05:51:17 UTC 2019 /home/travis/build/icyphy/ptII/ptolemy/domains/continuous/test/auto/Satellite.xml
----------------- Instantiating /home/travis/build/icyphy/ptII/ptolemy/domains/continuous/test/auto/Satellite.xml
832 ms. Memory: 312320K Free: 151690K (49%)
----------------- Invoking toplevel() on ptolemy.moml.MoMLSimpleApplication@71907402
----------------- Done invoking toplevel() on ptolemy.moml.MoMLSimpleApplication@71907402
reloadAllAccessors: .Satellite

===========================================================================================
----------------- testing Wed Oct 09 05:51:18 UTC 2019 /home/travis/build/icyphy/ptII/ptolemy/domains/continuous/test/auto/SigmaDelta.xml
----------------- Instantiating /home/travis/build/icyphy/ptII/ptolemy/domains/continuous/test/auto/SigmaDelta.xml
2624 ms. Memory: 312320K Free: 255665K (82%)
----------------- Invoking toplevel() on ptolemy.moml.MoMLSimpleApplication@60d663c9
----------------- Done invoking toplevel() on ptolemy.moml.MoMLSimpleApplication@60d663c9
reloadAllAccessors: .SigmaDelta

===========================================================================================
----------------- testing Wed Oct 09 05:51:20 UTC 2019 /home/travis/build/icyphy/ptII/ptolemy/domains/continuous/test/auto/SingleRefinement.xml
----------------- Instantiating /home/travis/build/icyphy/ptII/ptolemy/domains/continuous/test/auto/SingleRefinement.xml
355 ms. Memory: 312320K Free: 258144K (83%)
----------------- Invoking toplevel() on ptolemy.moml.MoMLSimpleApplication@32f0571c
----------------- Done invoking toplevel() on ptolemy.moml.MoMLSimpleApplication@32f0571c
reloadAllAccessors: .SingleRefinement

===========================================================================================
----------------- testing Wed Oct 09 05:51:21 UTC 2019 /home/travis/build/icyphy/ptII/ptolemy/domains/continuous/test/auto/SinuBouncingBall.xml
----------------- Instantiating /home/travis/build/icyphy/ptII/ptolemy/domains/continuous/test/auto/SinuBouncingBall.xml
863 ms. Memory: 374784K Free: 290406K (77%)
----------------- Invoking toplevel() on ptolemy.moml.MoMLSimpleApplication@27da43f7
----------------- Done invoking toplevel() on ptolemy.moml.MoMLSimpleApplication@27da43f7
reloadAllAccessors: .SinuBouncingBall

===========================================================================================
----------------- testing Wed Oct 09 05:51:22 UTC 2019 /home/travis/build/icyphy/ptII/ptolemy/domains/continuous/test/auto/Sinusoid.xml
----------------- Instantiating /home/travis/build/icyphy/ptII/ptolemy/domains/continuous/test/auto/Sinusoid.xml
4 ms. Memory: 374784K Free: 285800K (76%)
----------------- Invoking toplevel() on ptolemy.moml.MoMLSimpleApplication@616f5ac8
----------------- Done invoking toplevel() on ptolemy.moml.MoMLSimpleApplication@616f5ac8
reloadAllAccessors: .Sinusoid

===========================================================================================
----------------- testing Wed Oct 09 05:51:22 UTC 2019 /home/travis/build/icyphy/ptII/ptolemy/domains/continuous/test/auto/SinusoidInNoise.xml
----------------- Instantiating /home/travis/build/icyphy/ptII/ptolemy/domains/continuous/test/auto/SinusoidInNoise.xml
994 ms. Memory: 374784K Free: 152166K (41%)
----------------- Invoking toplevel() on ptolemy.moml.MoMLSimpleApplication@fd70e80
----------------- Done invoking toplevel() on ptolemy.moml.MoMLSimpleApplication@fd70e80
reloadAllAccessors: .SinusoidInNoise

===========================================================================================
----------------- testing Wed Oct 09 05:51:23 UTC 2019 /home/travis/build/icyphy/ptII/ptolemy/domains/continuous/test/auto/SinusoidRK45.xml
----------------- Instantiating /home/travis/build/icyphy/ptII/ptolemy/domains/continuous/test/auto/SinusoidRK45.xml
3 ms. Memory: 374784K Free: 148040K (40%)
----------------- Invoking toplevel() on ptolemy.moml.MoMLSimpleApplication@539ccfac
----------------- Done invoking toplevel() on ptolemy.moml.MoMLSimpleApplication@539ccfac
reloadAllAccessors: .SinusoidRK45

===========================================================================================
----------------- testing Wed Oct 09 05:51:23 UTC 2019 /home/travis/build/icyphy/ptII/ptolemy/domains/continuous/test/auto/SinusoidWithMultipleImpulses.xml
----------------- Instantiating /home/travis/build/icyphy/ptII/ptolemy/domains/continuous/test/auto/SinusoidWithMultipleImpulses.xml
3 ms. Memory: 374784K Free: 143464K (38%)
----------------- Invoking toplevel() on ptolemy.moml.MoMLSimpleApplication@2e063fa2
----------------- Done invoking toplevel() on ptolemy.moml.MoMLSimpleApplication@2e063fa2
reloadAllAccessors: .SinusoidWithMultipleImpulses

===========================================================================================
----------------- testing Wed Oct 09 05:51:23 UTC 2019 /home/travis/build/icyphy/ptII/ptolemy/domains/continuous/test/auto/SquareWave.xml
----------------- Instantiating /home/travis/build/icyphy/ptII/ptolemy/domains/continuous/test/auto/SquareWave.xml
181 ms. Memory: 374784K Free: 339303K (91%)
----------------- Invoking toplevel() on ptolemy.moml.MoMLSimpleApplication@241b5af7
----------------- Done invoking toplevel() on ptolemy.moml.MoMLSimpleApplication@241b5af7
reloadAllAccessors: .SquareWave

===========================================================================================
----------------- testing Wed Oct 09 05:51:23 UTC 2019 /home/travis/build/icyphy/ptII/ptolemy/domains/continuous/test/auto/Starmac.xml
----------------- Instantiating /home/travis/build/icyphy/ptII/ptolemy/domains/continuous/test/auto/Starmac.xml
3073 ms. Memory: 374784K Free: 247115K (66%)
----------------- Invoking toplevel() on ptolemy.moml.MoMLSimpleApplication@99ccee1
----------------- Done invoking toplevel() on ptolemy.moml.MoMLSimpleApplication@99ccee1
reloadAllAccessors: .Starmac

===========================================================================================
----------------- testing Wed Oct 09 05:51:27 UTC 2019 /home/travis/build/icyphy/ptII/ptolemy/domains/continuous/test/auto/StaticUnits.xml
----------------- Instantiating /home/travis/build/icyphy/ptII/ptolemy/domains/continuous/test/auto/StaticUnits.xml
2420 ms. Memory: 374784K Free: 225358K (60%)
----------------- Invoking toplevel() on ptolemy.moml.MoMLSimpleApplication@7631b158
----------------- Done invoking toplevel() on ptolemy.moml.MoMLSimpleApplication@7631b158
reloadAllAccessors: .StaticUnits

===========================================================================================
----------------- testing Wed Oct 09 05:51:30 UTC 2019 /home/travis/build/icyphy/ptII/ptolemy/domains/continuous/test/auto/StickyMasses.xml
----------------- Instantiating /home/travis/build/icyphy/ptII/ptolemy/domains/continuous/test/auto/StickyMasses.xml
143 ms. Memory: 374784K Free: 175696K (47%)
----------------- Invoking toplevel() on ptolemy.moml.MoMLSimpleApplication@4eaba5c6
----------------- Done invoking toplevel() on ptolemy.moml.MoMLSimpleApplication@4eaba5c6
reloadAllAccessors: .StickyMasses

===========================================================================================
----------------- testing Wed Oct 09 05:51:30 UTC 2019 /home/travis/build/icyphy/ptII/ptolemy/domains/continuous/test/auto/StopTime.xml
----------------- Instantiating /home/travis/build/icyphy/ptII/ptolemy/domains/continuous/test/auto/StopTime.xml
41 ms. Memory: 374784K Free: 151118K (40%)
----------------- Invoking toplevel() on ptolemy.moml.MoMLSimpleApplication@2a8be615
----------------- Done invoking toplevel() on ptolemy.moml.MoMLSimpleApplication@2a8be615
reloadAllAccessors: .StopTime

===========================================================================================
----------------- testing Wed Oct 09 05:51:30 UTC 2019 /home/travis/build/icyphy/ptII/ptolemy/domains/continuous/test/auto/StopTime2.xml
----------------- Instantiating /home/travis/build/icyphy/ptII/ptolemy/domains/continuous/test/auto/StopTime2.xml
54 ms. Memory: 374784K Free: 347814K (93%)
----------------- Invoking toplevel() on ptolemy.moml.MoMLSimpleApplication@676deb96
----------------- Done invoking toplevel() on ptolemy.moml.MoMLSimpleApplication@676deb96
reloadAllAccessors: .StopTime2

===========================================================================================
----------------- testing Wed Oct 09 05:51:30 UTC 2019 /home/travis/build/icyphy/ptII/ptolemy/domains/continuous/test/auto/Switch.xml
----------------- Instantiating /home/travis/build/icyphy/ptII/ptolemy/domains/continuous/test/auto/Switch.xml
48 ms. Memory: 374784K Free: 322562K (86%)
----------------- Invoking toplevel() on ptolemy.moml.MoMLSimpleApplication@57c5520f
----------------- Done invoking toplevel() on ptolemy.moml.MoMLSimpleApplication@57c5520f
reloadAllAccessors: .Switch

===========================================================================================
----------------- testing Wed Oct 09 05:51:30 UTC 2019 /home/travis/build/icyphy/ptII/ptolemy/domains/continuous/test/auto/Thermostat.xml
----------------- Instantiating /home/travis/build/icyphy/ptII/ptolemy/domains/continuous/test/auto/Thermostat.xml
207 ms. Memory: 374784K Free: 250368K (67%)
----------------- Invoking toplevel() on ptolemy.moml.MoMLSimpleApplication@6079bff5
----------------- Done invoking toplevel() on ptolemy.moml.MoMLSimpleApplication@6079bff5
reloadAllAccessors: .Thermostat

===========================================================================================
----------------- testing Wed Oct 09 05:51:30 UTC 2019 /home/travis/build/icyphy/ptII/ptolemy/domains/continuous/test/auto/TimeDelay.xml
----------------- Instantiating /home/travis/build/icyphy/ptII/ptolemy/domains/continuous/test/auto/TimeDelay.xml
7 ms. Memory: 374784K Free: 245762K (66%)
----------------- Invoking toplevel() on ptolemy.moml.MoMLSimpleApplication@10a6509
----------------- Done invoking toplevel() on ptolemy.moml.MoMLSimpleApplication@10a6509
reloadAllAccessors: .TimeDelay

===========================================================================================
----------------- testing Wed Oct 09 05:51:30 UTC 2019 /home/travis/build/icyphy/ptII/ptolemy/domains/continuous/test/auto/TimeDelay2.xml
----------------- Instantiating /home/travis/build/icyphy/ptII/ptolemy/domains/continuous/test/auto/TimeDelay2.xml
8 ms. Memory: 374784K Free: 236032K (63%)
----------------- Invoking toplevel() on ptolemy.moml.MoMLSimpleApplication@6b0b1bde
----------------- Done invoking toplevel() on ptolemy.moml.MoMLSimpleApplication@6b0b1bde
reloadAllAccessors: .TimeDelay2

===========================================================================================
----------------- testing Wed Oct 09 05:51:30 UTC 2019 /home/travis/build/icyphy/ptII/ptolemy/domains/continuous/test/auto/TimeDelay3.xml
----------------- Instantiating /home/travis/build/icyphy/ptII/ptolemy/domains/continuous/test/auto/TimeDelay3.xml
6 ms. Memory: 374784K Free: 231424K (62%)
----------------- Invoking toplevel() on ptolemy.moml.MoMLSimpleApplication@d21eaa3
----------------- Done invoking toplevel() on ptolemy.moml.MoMLSimpleApplication@d21eaa3
reloadAllAccessors: .TimeDelay3

===========================================================================================
----------------- testing Wed Oct 09 05:51:30 UTC 2019 /home/travis/build/icyphy/ptII/ptolemy/domains/continuous/test/auto/TransferAbsentToInside.xml
----------------- Instantiating /home/travis/build/icyphy/ptII/ptolemy/domains/continuous/test/auto/TransferAbsentToInside.xml
30 ms. Memory: 374784K Free: 178673K (48%)
----------------- Invoking toplevel() on ptolemy.moml.MoMLSimpleApplication@18e2410f
----------------- Done invoking toplevel() on ptolemy.moml.MoMLSimpleApplication@18e2410f
reloadAllAccessors: .TransferAbsentToInside

===========================================================================================
----------------- testing Wed Oct 09 05:51:31 UTC 2019 /home/travis/build/icyphy/ptII/ptolemy/domains/continuous/test/auto/Transmission.xml
----------------- Instantiating /home/travis/build/icyphy/ptII/ptolemy/domains/continuous/test/auto/Transmission.xml
816 ms. Memory: 374784K Free: 165883K (44%)
----------------- Invoking toplevel() on ptolemy.moml.MoMLSimpleApplication@1112765e
----------------- Done invoking toplevel() on ptolemy.moml.MoMLSimpleApplication@1112765e
reloadAllAccessors: .Transmission

===========================================================================================
----------------- testing Wed Oct 09 05:51:31 UTC 2019 /home/travis/build/icyphy/ptII/ptolemy/domains/continuous/test/auto/TriggeredContinuousClock.xml
----------------- Instantiating /home/travis/build/icyphy/ptII/ptolemy/domains/continuous/test/auto/TriggeredContinuousClock.xml
40 ms. Memory: 374784K Free: 136187K (36%)
----------------- Invoking toplevel() on ptolemy.moml.MoMLSimpleApplication@6b09af4e
----------------- Done invoking toplevel() on ptolemy.moml.MoMLSimpleApplication@6b09af4e
reloadAllAccessors: .TriggeredContinuousClock

===========================================================================================
----------------- testing Wed Oct 09 05:51:32 UTC 2019 /home/travis/build/icyphy/ptII/ptolemy/domains/continuous/test/auto/TwoMachineInfiniteBusControl.xml
----------------- Instantiating /home/travis/build/icyphy/ptII/ptolemy/domains/continuous/test/auto/TwoMachineInfiniteBusControl.xml
2915 ms. Memory: 374784K Free: 229516K (61%)
----------------- Invoking toplevel() on ptolemy.moml.MoMLSimpleApplication@2e7737f
----------------- Done invoking toplevel() on ptolemy.moml.MoMLSimpleApplication@2e7737f
reloadAllAccessors: .TwoMachineInfiniteBusControl

===========================================================================================
----------------- testing Wed Oct 09 05:51:35 UTC 2019 /home/travis/build/icyphy/ptII/ptolemy/domains/continuous/test/auto/V2V.xml
----------------- Instantiating /home/travis/build/icyphy/ptII/ptolemy/domains/continuous/test/auto/V2V.xml
856 ms. Memory: 374784K Free: 260754K (70%)
----------------- Invoking toplevel() on ptolemy.moml.MoMLSimpleApplication@2e45e067
----------------- Done invoking toplevel() on ptolemy.moml.MoMLSimpleApplication@2e45e067
reloadAllAccessors: .V2V

===========================================================================================
----------------- testing Wed Oct 09 05:51:36 UTC 2019 /home/travis/build/icyphy/ptII/ptolemy/domains/continuous/test/auto/hierarchicalModalModel.xml
----------------- Instantiating /home/travis/build/icyphy/ptII/ptolemy/domains/continuous/test/auto/hierarchicalModalModel.xml
9 ms. Memory: 374784K Free: 246404K (66%)
----------------- Invoking toplevel() on ptolemy.moml.MoMLSimpleApplication@5eefae67
----------------- Done invoking toplevel() on ptolemy.moml.MoMLSimpleApplication@5eefae67
reloadAllAccessors: .hierarchicalModalModel

===========================================================================================
----------------- testing Wed Oct 09 05:51:36 UTC 2019 /home/travis/build/icyphy/ptII/ptolemy/domains/continuous/test/auto/hierarchicalModalModel1.xml
----------------- Instantiating /home/travis/build/icyphy/ptII/ptolemy/domains/continuous/test/auto/hierarchicalModalModel1.xml
8 ms. Memory: 374784K Free: 232082K (62%)
----------------- Invoking toplevel() on ptolemy.moml.MoMLSimpleApplication@18f67526
----------------- Done invoking toplevel() on ptolemy.moml.MoMLSimpleApplication@18f67526
reloadAllAccessors: .hierarchicalModalModel1

===========================================================================================
----------------- testing Wed Oct 09 05:51:36 UTC 2019 /home/travis/build/icyphy/ptII/ptolemy/domains/continuous/test/auto/hierarchicalModalModel2.xml
----------------- Instantiating /home/travis/build/icyphy/ptII/ptolemy/domains/continuous/test/auto/hierarchicalModalModel2.xml
7 ms. Memory: 374784K Free: 219780K (59%)
----------------- Invoking toplevel() on ptolemy.moml.MoMLSimpleApplication@1258d034
----------------- Done invoking toplevel() on ptolemy.moml.MoMLSimpleApplication@1258d034
reloadAllAccessors: .hierarchicalModalModel2

===========================================================================================
----------------- testing Wed Oct 09 05:51:36 UTC 2019 /home/travis/build/icyphy/ptII/ptolemy/domains/continuous/test/auto/hierarchicalModalModel3.xml
----------------- Instantiating /home/travis/build/icyphy/ptII/ptolemy/domains/continuous/test/auto/hierarchicalModalModel3.xml
6 ms. Memory: 374784K Free: 209044K (56%)
----------------- Invoking toplevel() on ptolemy.moml.MoMLSimpleApplication@588b7a5e
----------------- Done invoking toplevel() on ptolemy.moml.MoMLSimpleApplication@588b7a5e
reloadAllAccessors: .hierarchicalModalModel3

===========================================================================================
----------------- testing Wed Oct 09 05:51:36 UTC 2019 /home/travis/build/icyphy/ptII/ptolemy/domains/continuous/test/auto/hierarchicalModalModel4.xml
----------------- Instantiating /home/travis/build/icyphy/ptII/ptolemy/domains/continuous/test/auto/hierarchicalModalModel4.xml
5 ms. Memory: 374784K Free: 197266K (53%)
----------------- Invoking toplevel() on ptolemy.moml.MoMLSimpleApplication@7a912c03
----------------- Done invoking toplevel() on ptolemy.moml.MoMLSimpleApplication@7a912c03
reloadAllAccessors: .hierarchicalModalModel4

===========================================================================================
----------------- testing Wed Oct 09 05:51:36 UTC 2019 /home/travis/build/icyphy/ptII/ptolemy/domains/continuous/test/auto/junk.xml
----------------- Instantiating /home/travis/build/icyphy/ptII/ptolemy/domains/continuous/test/auto/junk.xml
149 ms. Memory: 374784K Free: 172690K (46%)
----------------- Invoking toplevel() on ptolemy.moml.MoMLSimpleApplication@5b680b22
----------------- Done invoking toplevel() on ptolemy.moml.MoMLSimpleApplication@5b680b22
reloadAllAccessors: .junk
AutoTests.java: About to close Vertx.
AutoTests.java: Vertx closed.
]]></system-out>
  <system-err><![CDATA[Warning: '.HysteresisWithRandomDelay.NonStrictTest' The test produced only 221 tokens, yet the correctValues parameter was expecting 222 tokens.
Warning: '.HysteresisWithRandomDelay.NonStrictTest2' The test produced only 220 tokens, yet the correctValues parameter was expecting 221 tokens.
Warning: '.Poisson.NonStrictTest' The test produced only 312 tokens, yet the correctValues parameter was expecting 430 tokens.
java.lang.RuntimeException: Execution failed
	at ptolemy.moml.MoMLSimpleApplication$UnloadThread.run(MoMLSimpleApplication.java:402)
Caused by: ptolemy.kernel.util.IllegalActionException: Test fails in iteration 1379.
Value was: 11.7231203117464. Should have been: 0.2142736066058
  in .Poisson.NonStrictTest
	at ptolemy.actor.lib.NonStrictTest.postfire(NonStrictTest.java:328)
	at ptolemy.actor.sched.FixedPointDirector._postfireActor(FixedPointDirector.java:1027)
	at ptolemy.actor.sched.FixedPointDirector.postfire(FixedPointDirector.java:520)
	at ptolemy.domains.continuous.kernel.ContinuousDirector._commit(ContinuousDirector.java:1426)
	at ptolemy.domains.continuous.kernel.ContinuousDirector._postfireAtTopLevel(ContinuousDirector.java:1585)
	at ptolemy.domains.continuous.kernel.ContinuousDirector.postfire(ContinuousDirector.java:839)
	at ptolemy.actor.CompositeActor.postfire(CompositeActor.java:1668)
	at ptolemy.actor.Manager.iterate(Manager.java:852)
	at ptolemy.actor.Manager.execute(Manager.java:369)
	at ptolemy.actor.Manager.run(Manager.java:1263)
	at ptolemy.actor.Manager$PtolemyRunThread.run(Manager.java:1933)
]]></system-err>
</testsuite>
