<?xml version="1.0" encoding="UTF-8" ?>
<testsuite errors="0" failures="0" hostname="travis-job-46f3c03b-51d7-43f1-8a78-72a873fe3633" name="ptolemy.actor.lib.hoc.test.junit.JUnitTclTest" skipped="0" tests="58" time="35.438" timestamp="2019-07-10T05:21:48">
  <properties>
[...]
</properties>
  <testcase classname="ptolemy.util.test.junit.TclTests" name="[0] /home/travis/build/icyphy/ptII/ptolemy/actor/lib/hoc/test/IterateOverArray.tcl (RunTclFile)" time="0.365" />
  <testcase classname="ptolemy.util.test.junit.AutoKnownFailedTests" name="[0] /home/travis/build/icyphy/ptII/ptolemy/actor/lib/hoc/test/auto/knownFailedTests/PreinitializeMustBeInvokedRunComposite.xml (RunModel)" time="0.436" />
  <testcase classname="ptolemy.util.test.junit.AutoNameArchTests" name="[0] ThereAreNoAutoArchTests (RunModel)" time="0.005" />
  <testcase classname="ptolemy.util.test.junit.AutoTests" name="[0] /home/travis/build/icyphy/ptII/ptolemy/actor/lib/hoc/test/auto/AllToAllMultiInstanceComposite.xml (RunModel)" time="0.44" />
  <testcase classname="ptolemy.util.test.junit.AutoTests" name="[1] /home/travis/build/icyphy/ptII/ptolemy/actor/lib/hoc/test/auto/ApplyFFTTest.xml (RunModel)" time="0.426" />
  <testcase classname="ptolemy.util.test.junit.AutoTests" name="[2] /home/travis/build/icyphy/ptII/ptolemy/actor/lib/hoc/test/auto/ApplyFunction.xml (RunModel)" time="0.032" />
  <testcase classname="ptolemy.util.test.junit.AutoTests" name="[3] /home/travis/build/icyphy/ptII/ptolemy/actor/lib/hoc/test/auto/BackgroundExecution.xml (RunModel)" time="0.799" />
  <testcase classname="ptolemy.util.test.junit.AutoTests" name="[4] /home/travis/build/icyphy/ptII/ptolemy/actor/lib/hoc/test/auto/Case.xml (RunModel)" time="0.096" />
  <testcase classname="ptolemy.util.test.junit.AutoTests" name="[5] /home/travis/build/icyphy/ptII/ptolemy/actor/lib/hoc/test/auto/Case1.xml (RunModel)" time="0.069" />
  <testcase classname="ptolemy.util.test.junit.AutoTests" name="[6] /home/travis/build/icyphy/ptII/ptolemy/actor/lib/hoc/test/auto/Case2.xml (RunModel)" time="0.138" />
  <testcase classname="ptolemy.util.test.junit.AutoTests" name="[7] /home/travis/build/icyphy/ptII/ptolemy/actor/lib/hoc/test/auto/Case3.xml (RunModel)" time="0.051" />
  <testcase classname="ptolemy.util.test.junit.AutoTests" name="[8] /home/travis/build/icyphy/ptII/ptolemy/actor/lib/hoc/test/auto/Case4.xml (RunModel)" time="0.128" />
  <testcase classname="ptolemy.util.test.junit.AutoTests" name="[9] /home/travis/build/icyphy/ptII/ptolemy/actor/lib/hoc/test/auto/Case5.xml (RunModel)" time="0.139" />
  <testcase classname="ptolemy.util.test.junit.AutoTests" name="[10] /home/travis/build/icyphy/ptII/ptolemy/actor/lib/hoc/test/auto/Case6.xml (RunModel)" time="0.166" />
  <testcase classname="ptolemy.util.test.junit.AutoTests" name="[11] /home/travis/build/icyphy/ptII/ptolemy/actor/lib/hoc/test/auto/CaseString2.xml (RunModel)" time="0.085" />
  <testcase classname="ptolemy.util.test.junit.AutoTests" name="[12] /home/travis/build/icyphy/ptII/ptolemy/actor/lib/hoc/test/auto/CatchUpComposite1.xml (RunModel)" time="0.129" />
  <testcase classname="ptolemy.util.test.junit.AutoTests" name="[13] /home/travis/build/icyphy/ptII/ptolemy/actor/lib/hoc/test/auto/CatchUpComposite2.xml (RunModel)" time="0.087" />
  <testcase classname="ptolemy.util.test.junit.AutoTests" name="[14] /home/travis/build/icyphy/ptII/ptolemy/actor/lib/hoc/test/auto/CatchUpComposite3.xml (RunModel)" time="0.053" />
  <testcase classname="ptolemy.util.test.junit.AutoTests" name="[15] /home/travis/build/icyphy/ptII/ptolemy/actor/lib/hoc/test/auto/CatchUpComposite4.xml (RunModel)" time="0.103" />
  <testcase classname="ptolemy.util.test.junit.AutoTests" name="[16] /home/travis/build/icyphy/ptII/ptolemy/actor/lib/hoc/test/auto/CatchUpComposite5.xml (RunModel)" time="0.074" />
  <testcase classname="ptolemy.util.test.junit.AutoTests" name="[17] /home/travis/build/icyphy/ptII/ptolemy/actor/lib/hoc/test/auto/CatchUpComposite6.xml (RunModel)" time="0.225" />
  <testcase classname="ptolemy.util.test.junit.AutoTests" name="[18] /home/travis/build/icyphy/ptII/ptolemy/actor/lib/hoc/test/auto/CatchUpComposite7.xml (RunModel)" time="0.103" />
  <testcase classname="ptolemy.util.test.junit.AutoTests" name="[19] /home/travis/build/icyphy/ptII/ptolemy/actor/lib/hoc/test/auto/ConcurrentExecutionTimeSDF.xml (RunModel)" time="1.561" />
  <testcase classname="ptolemy.util.test.junit.AutoTests" name="[20] /home/travis/build/icyphy/ptII/ptolemy/actor/lib/hoc/test/auto/ConcurrentSleep.xml (RunModel)" time="0.759" />
  <testcase classname="ptolemy.util.test.junit.AutoTests" name="[21] /home/travis/build/icyphy/ptII/ptolemy/actor/lib/hoc/test/auto/DEInPNInRunCompositeActor.xml (RunModel)" time="0.037" />
  <testcase classname="ptolemy.util.test.junit.AutoTests" name="[22] /home/travis/build/icyphy/ptII/ptolemy/actor/lib/hoc/test/auto/DFTSubSetTest.xml (RunModel)" time="0.366" />
  <testcase classname="ptolemy.util.test.junit.AutoTests" name="[23] /home/travis/build/icyphy/ptII/ptolemy/actor/lib/hoc/test/auto/HocDE.xml (RunModel)" time="0.252" />
  <testcase classname="ptolemy.util.test.junit.AutoTests" name="[24] /home/travis/build/icyphy/ptII/ptolemy/actor/lib/hoc/test/auto/IterateOverArray.xml (RunModel)" time="0.046" />
  <testcase classname="ptolemy.util.test.junit.AutoTests" name="[25] /home/travis/build/icyphy/ptII/ptolemy/actor/lib/hoc/test/auto/IterateOverArray10.xml (RunModel)" time="0.026" />
  <testcase classname="ptolemy.util.test.junit.AutoTests" name="[26] /home/travis/build/icyphy/ptII/ptolemy/actor/lib/hoc/test/auto/IterateOverArray11.xml (RunModel)" time="0.027" />
  <testcase classname="ptolemy.util.test.junit.AutoTests" name="[27] /home/travis/build/icyphy/ptII/ptolemy/actor/lib/hoc/test/auto/IterateOverArray12.xml (RunModel)" time="0.041" />
  <testcase classname="ptolemy.util.test.junit.AutoTests" name="[28] /home/travis/build/icyphy/ptII/ptolemy/actor/lib/hoc/test/auto/IterateOverArray13.xml (RunModel)" time="0.182" />
  <testcase classname="ptolemy.util.test.junit.AutoTests" name="[29] /home/travis/build/icyphy/ptII/ptolemy/actor/lib/hoc/test/auto/IterateOverArray14.xml (RunModel)" time="0.183" />
  <testcase classname="ptolemy.util.test.junit.AutoTests" name="[30] /home/travis/build/icyphy/ptII/ptolemy/actor/lib/hoc/test/auto/IterateOverArray2.xml (RunModel)" time="0.033" />
  <testcase classname="ptolemy.util.test.junit.AutoTests" name="[31] /home/travis/build/icyphy/ptII/ptolemy/actor/lib/hoc/test/auto/IterateOverArray3.xml (RunModel)" time="0.047" />
  <testcase classname="ptolemy.util.test.junit.AutoTests" name="[32] /home/travis/build/icyphy/ptII/ptolemy/actor/lib/hoc/test/auto/IterateOverArray4.xml (RunModel)" time="0.023" />
  <testcase classname="ptolemy.util.test.junit.AutoTests" name="[33] /home/travis/build/icyphy/ptII/ptolemy/actor/lib/hoc/test/auto/IterateOverArray5.xml (RunModel)" time="0.028" />
  <testcase classname="ptolemy.util.test.junit.AutoTests" name="[34] /home/travis/build/icyphy/ptII/ptolemy/actor/lib/hoc/test/auto/IterateOverArray6.xml (RunModel)" time="0.016" />
  <testcase classname="ptolemy.util.test.junit.AutoTests" name="[35] /home/travis/build/icyphy/ptII/ptolemy/actor/lib/hoc/test/auto/IterateOverArray7.xml (RunModel)" time="0.024" />
  <testcase classname="ptolemy.util.test.junit.AutoTests" name="[36] /home/travis/build/icyphy/ptII/ptolemy/actor/lib/hoc/test/auto/IterateOverArray8.xml (RunModel)" time="0.023" />
  <testcase classname="ptolemy.util.test.junit.AutoTests" name="[37] /home/travis/build/icyphy/ptII/ptolemy/actor/lib/hoc/test/auto/IterateOverArray9.xml (RunModel)" time="0.027" />
  <testcase classname="ptolemy.util.test.junit.AutoTests" name="[38] /home/travis/build/icyphy/ptII/ptolemy/actor/lib/hoc/test/auto/IterateOverArrayCoercedOutputType.xml (RunModel)" time="0.027" />
  <testcase classname="ptolemy.util.test.junit.AutoTests" name="[39] /home/travis/build/icyphy/ptII/ptolemy/actor/lib/hoc/test/auto/IterateOverArrayInferredOutputType.xml (RunModel)" time="0.024" />
  <testcase classname="ptolemy.util.test.junit.AutoTests" name="[40] /home/travis/build/icyphy/ptII/ptolemy/actor/lib/hoc/test/auto/MobileFunctionTest.xml (RunModel)" time="0.02" />
  <testcase classname="ptolemy.util.test.junit.AutoTests" name="[41] /home/travis/build/icyphy/ptII/ptolemy/actor/lib/hoc/test/auto/MobileModelTest.xml (RunModel)" time="0.174" />
  <testcase classname="ptolemy.util.test.junit.AutoTests" name="[42] /home/travis/build/icyphy/ptII/ptolemy/actor/lib/hoc/test/auto/ModelReference.xml (RunModel)" time="0.084" />
  <testcase classname="ptolemy.util.test.junit.AutoTests" name="[43] /home/travis/build/icyphy/ptII/ptolemy/actor/lib/hoc/test/auto/ModelReference3.xml (RunModel)" time="0.053" />
  <testcase classname="ptolemy.util.test.junit.AutoTests" name="[44] /home/travis/build/icyphy/ptII/ptolemy/actor/lib/hoc/test/auto/ModelReference4.xml (RunModel)" time="10.039" />
  <testcase classname="ptolemy.util.test.junit.AutoTests" name="[45] /home/travis/build/icyphy/ptII/ptolemy/actor/lib/hoc/test/auto/MultiInstanceComposite.xml (RunModel)" time="0.065" />
  <testcase classname="ptolemy.util.test.junit.AutoTests" name="[46] /home/travis/build/icyphy/ptII/ptolemy/actor/lib/hoc/test/auto/MultiInstanceComposite2.xml (RunModel)" time="0.035" />
  <testcase classname="ptolemy.util.test.junit.AutoTests" name="[47] /home/travis/build/icyphy/ptII/ptolemy/actor/lib/hoc/test/auto/MulticoreExecution.xml (RunModel)" time="1.104" />
  <testcase classname="ptolemy.util.test.junit.AutoTests" name="[48] /home/travis/build/icyphy/ptII/ptolemy/actor/lib/hoc/test/auto/ParallelExecution.xml (RunModel)" time="0.936" />
  <testcase classname="ptolemy.util.test.junit.AutoTests" name="[49] /home/travis/build/icyphy/ptII/ptolemy/actor/lib/hoc/test/auto/RunCompositeActor.xml (RunModel)" time="0.033" />
  <testcase classname="ptolemy.util.test.junit.AutoTests" name="[50] /home/travis/build/icyphy/ptII/ptolemy/actor/lib/hoc/test/auto/RunCompositeActor2.xml (RunModel)" time="0.028" />
  <testcase classname="ptolemy.util.test.junit.AutoTests" name="[51] /home/travis/build/icyphy/ptII/ptolemy/actor/lib/hoc/test/auto/RunCompositeActor3.xml (RunModel)" time="0.024" />
  <testcase classname="ptolemy.util.test.junit.AutoTests" name="[52] /home/travis/build/icyphy/ptII/ptolemy/actor/lib/hoc/test/auto/RunCompositeActor4.xml (RunModel)" time="0.04" />
  <testcase classname="ptolemy.util.test.junit.AutoTests" name="[53] /home/travis/build/icyphy/ptII/ptolemy/actor/lib/hoc/test/auto/RunCompositeIterateOverArray.xml (RunModel)" time="0.045" />
  <testcase classname="ptolemy.util.test.junit.AutoTests" name="[54] /home/travis/build/icyphy/ptII/ptolemy/actor/lib/hoc/test/auto/ThreadedJS.xml (RunModel)" time="14.129" />
  <system-out><![CDATA[/home/travis/build/icyphy/ptII/ptolemy/actor/lib/hoc/test/IterateOverArray.tcl
testDefs.tcl: setting time out to 9000 seconds at Wed Jul 10 05:21:48 UTC 2019
07/10/19 05:21:48
Failed: 0  Total Tests: 2  ((Passed: 2, Newly Passed: 0)  Known Failed: 0) /home/travis/build/icyphy/ptII/ptolemy/actor/lib/hoc/test
----------------- testing (KnownFailure) /home/travis/build/icyphy/ptII/ptolemy/actor/lib/hoc/test/auto/knownFailedTests/PreinitializeMustBeInvokedRunComposite.xml
107 ms. Memory: 120832K Free: 107143K (89%)
Known Failure: java.lang.reflect.InvocationTargetException
No auto/linux-amd64/*.xml tests in /home/travis/build/icyphy/ptII/ptolemy/actor/lib/hoc/test
AutoTests.java: About to close Vertx.
AutoTests.java: Vertx closed.

===========================================================================================
----------------- testing Wed Jul 10 05:21:49 UTC 2019 /home/travis/build/icyphy/ptII/ptolemy/actor/lib/hoc/test/auto/AllToAllMultiInstanceComposite.xml
----------------- Instantiating /home/travis/build/icyphy/ptII/ptolemy/actor/lib/hoc/test/auto/AllToAllMultiInstanceComposite.xml
182 ms. Memory: 154624K Free: 112187K (73%)
----------------- Invoking toplevel() on ptolemy.moml.MoMLSimpleApplication@5e24058d
----------------- Done invoking toplevel() on ptolemy.moml.MoMLSimpleApplication@5e24058d
reloadAllAccessors: .AllToAllMultiInstanceComposite

===========================================================================================
----------------- testing Wed Jul 10 05:21:49 UTC 2019 /home/travis/build/icyphy/ptII/ptolemy/actor/lib/hoc/test/auto/ApplyFFTTest.xml
----------------- Instantiating /home/travis/build/icyphy/ptII/ptolemy/actor/lib/hoc/test/auto/ApplyFFTTest.xml
143 ms. Memory: 154624K Free: 93755K (61%)
----------------- Invoking toplevel() on ptolemy.moml.MoMLSimpleApplication@104502c3
----------------- Done invoking toplevel() on ptolemy.moml.MoMLSimpleApplication@104502c3
reloadAllAccessors: .ApplyFFTTest

===========================================================================================
----------------- testing Wed Jul 10 05:21:50 UTC 2019 /home/travis/build/icyphy/ptII/ptolemy/actor/lib/hoc/test/auto/ApplyFunction.xml
----------------- Instantiating /home/travis/build/icyphy/ptII/ptolemy/actor/lib/hoc/test/auto/ApplyFunction.xml
6 ms. Memory: 154624K Free: 89659K (58%)
----------------- Invoking toplevel() on ptolemy.moml.MoMLSimpleApplication@5741dd87
----------------- Done invoking toplevel() on ptolemy.moml.MoMLSimpleApplication@5741dd87
reloadAllAccessors: .ApplyFunction

===========================================================================================
----------------- testing Wed Jul 10 05:21:50 UTC 2019 /home/travis/build/icyphy/ptII/ptolemy/actor/lib/hoc/test/auto/BackgroundExecution.xml
----------------- Instantiating /home/travis/build/icyphy/ptII/ptolemy/actor/lib/hoc/test/auto/BackgroundExecution.xml
649 ms. Memory: 154624K Free: 81981K (53%)
----------------- Invoking toplevel() on ptolemy.moml.MoMLSimpleApplication@3da6575e
----------------- Done invoking toplevel() on ptolemy.moml.MoMLSimpleApplication@3da6575e
reloadAllAccessors: .BackgroundExecution

===========================================================================================
----------------- testing Wed Jul 10 05:21:51 UTC 2019 /home/travis/build/icyphy/ptII/ptolemy/actor/lib/hoc/test/auto/Case.xml
----------------- Instantiating /home/travis/build/icyphy/ptII/ptolemy/actor/lib/hoc/test/auto/Case.xml
19 ms. Memory: 154624K Free: 74813K (48%)
----------------- Invoking toplevel() on ptolemy.moml.MoMLSimpleApplication@7e6a4eba
----------------- Done invoking toplevel() on ptolemy.moml.MoMLSimpleApplication@7e6a4eba
reloadAllAccessors: .Case

===========================================================================================
----------------- testing Wed Jul 10 05:21:51 UTC 2019 /home/travis/build/icyphy/ptII/ptolemy/actor/lib/hoc/test/auto/Case1.xml
----------------- Instantiating /home/travis/build/icyphy/ptII/ptolemy/actor/lib/hoc/test/auto/Case1.xml
25 ms. Memory: 154624K Free: 67645K (44%)
----------------- Invoking toplevel() on ptolemy.moml.MoMLSimpleApplication@539a4fb2
----------------- Done invoking toplevel() on ptolemy.moml.MoMLSimpleApplication@539a4fb2
reloadAllAccessors: .Case1

===========================================================================================
----------------- testing Wed Jul 10 05:21:51 UTC 2019 /home/travis/build/icyphy/ptII/ptolemy/actor/lib/hoc/test/auto/Case2.xml
----------------- Instantiating /home/travis/build/icyphy/ptII/ptolemy/actor/lib/hoc/test/auto/Case2.xml
33 ms. Memory: 154624K Free: 57405K (37%)
----------------- Invoking toplevel() on ptolemy.moml.MoMLSimpleApplication@1b6a461
----------------- Done invoking toplevel() on ptolemy.moml.MoMLSimpleApplication@1b6a461
reloadAllAccessors: .Case2

===========================================================================================
----------------- testing Wed Jul 10 05:21:51 UTC 2019 /home/travis/build/icyphy/ptII/ptolemy/actor/lib/hoc/test/auto/Case3.xml
----------------- Instantiating /home/travis/build/icyphy/ptII/ptolemy/actor/lib/hoc/test/auto/Case3.xml
22 ms. Memory: 154624K Free: 139902K (90%)
----------------- Invoking toplevel() on ptolemy.moml.MoMLSimpleApplication@6e5385b3
----------------- Done invoking toplevel() on ptolemy.moml.MoMLSimpleApplication@6e5385b3
reloadAllAccessors: .Case3

===========================================================================================
----------------- testing Wed Jul 10 05:21:51 UTC 2019 /home/travis/build/icyphy/ptII/ptolemy/actor/lib/hoc/test/auto/Case4.xml
----------------- Instantiating /home/travis/build/icyphy/ptII/ptolemy/actor/lib/hoc/test/auto/Case4.xml
25 ms. Memory: 154624K Free: 131740K (85%)
----------------- Invoking toplevel() on ptolemy.moml.MoMLSimpleApplication@51a9a068
----------------- Done invoking toplevel() on ptolemy.moml.MoMLSimpleApplication@51a9a068
reloadAllAccessors: .Case4

===========================================================================================
----------------- testing Wed Jul 10 05:21:51 UTC 2019 /home/travis/build/icyphy/ptII/ptolemy/actor/lib/hoc/test/auto/Case5.xml
----------------- Instantiating /home/travis/build/icyphy/ptII/ptolemy/actor/lib/hoc/test/auto/Case5.xml
86 ms. Memory: 154624K Free: 124586K (81%)
----------------- Invoking toplevel() on ptolemy.moml.MoMLSimpleApplication@355d24b9
----------------- Done invoking toplevel() on ptolemy.moml.MoMLSimpleApplication@355d24b9
reloadAllAccessors: .junk

===========================================================================================
----------------- testing Wed Jul 10 05:21:51 UTC 2019 /home/travis/build/icyphy/ptII/ptolemy/actor/lib/hoc/test/auto/Case6.xml
----------------- Instantiating /home/travis/build/icyphy/ptII/ptolemy/actor/lib/hoc/test/auto/Case6.xml
58 ms. Memory: 154624K Free: 112812K (73%)
----------------- Invoking toplevel() on ptolemy.moml.MoMLSimpleApplication@48851273
----------------- Done invoking toplevel() on ptolemy.moml.MoMLSimpleApplication@48851273
reloadAllAccessors: .Case6

===========================================================================================
----------------- testing Wed Jul 10 05:21:51 UTC 2019 /home/travis/build/icyphy/ptII/ptolemy/actor/lib/hoc/test/auto/CaseString2.xml
----------------- Instantiating /home/travis/build/icyphy/ptII/ptolemy/actor/lib/hoc/test/auto/CaseString2.xml
19 ms. Memory: 154624K Free: 104620K (68%)
----------------- Invoking toplevel() on ptolemy.moml.MoMLSimpleApplication@4e8c154e
----------------- Done invoking toplevel() on ptolemy.moml.MoMLSimpleApplication@4e8c154e
reloadAllAccessors: .CaseString2

===========================================================================================
----------------- testing Wed Jul 10 05:21:51 UTC 2019 /home/travis/build/icyphy/ptII/ptolemy/actor/lib/hoc/test/auto/CatchUpComposite1.xml
----------------- Instantiating /home/travis/build/icyphy/ptII/ptolemy/actor/lib/hoc/test/auto/CatchUpComposite1.xml
44 ms. Memory: 154624K Free: 95404K (62%)
----------------- Invoking toplevel() on ptolemy.moml.MoMLSimpleApplication@67cbe473
----------------- Done invoking toplevel() on ptolemy.moml.MoMLSimpleApplication@67cbe473
reloadAllAccessors: .CatchUpComposite1

===========================================================================================
----------------- testing Wed Jul 10 05:21:52 UTC 2019 /home/travis/build/icyphy/ptII/ptolemy/actor/lib/hoc/test/auto/CatchUpComposite2.xml
----------------- Instantiating /home/travis/build/icyphy/ptII/ptolemy/actor/lib/hoc/test/auto/CatchUpComposite2.xml
13 ms. Memory: 154624K Free: 86698K (56%)
----------------- Invoking toplevel() on ptolemy.moml.MoMLSimpleApplication@7387842d
----------------- Done invoking toplevel() on ptolemy.moml.MoMLSimpleApplication@7387842d
reloadAllAccessors: .CatchUpComposite2

===========================================================================================
----------------- testing Wed Jul 10 05:21:52 UTC 2019 /home/travis/build/icyphy/ptII/ptolemy/actor/lib/hoc/test/auto/CatchUpComposite3.xml
----------------- Instantiating /home/travis/build/icyphy/ptII/ptolemy/actor/lib/hoc/test/auto/CatchUpComposite3.xml
19 ms. Memory: 154624K Free: 77482K (50%)
----------------- Invoking toplevel() on ptolemy.moml.MoMLSimpleApplication@fb4b5e9
----------------- Done invoking toplevel() on ptolemy.moml.MoMLSimpleApplication@fb4b5e9
reloadAllAccessors: .CatchUpComposite3

===========================================================================================
----------------- testing Wed Jul 10 05:21:52 UTC 2019 /home/travis/build/icyphy/ptII/ptolemy/actor/lib/hoc/test/auto/CatchUpComposite4.xml
----------------- Instantiating /home/travis/build/icyphy/ptII/ptolemy/actor/lib/hoc/test/auto/CatchUpComposite4.xml
32 ms. Memory: 154624K Free: 69804K (45%)
----------------- Invoking toplevel() on ptolemy.moml.MoMLSimpleApplication@4ca4f640
----------------- Done invoking toplevel() on ptolemy.moml.MoMLSimpleApplication@4ca4f640
reloadAllAccessors: .CatchUpComposite4

===========================================================================================
----------------- testing Wed Jul 10 05:21:52 UTC 2019 /home/travis/build/icyphy/ptII/ptolemy/actor/lib/hoc/test/auto/CatchUpComposite5.xml
----------------- Instantiating /home/travis/build/icyphy/ptII/ptolemy/actor/lib/hoc/test/auto/CatchUpComposite5.xml
18 ms. Memory: 154624K Free: 62108K (40%)
----------------- Invoking toplevel() on ptolemy.moml.MoMLSimpleApplication@57d88939
----------------- Done invoking toplevel() on ptolemy.moml.MoMLSimpleApplication@57d88939
reloadAllAccessors: .CatchUpComposite5

===========================================================================================
----------------- testing Wed Jul 10 05:21:52 UTC 2019 /home/travis/build/icyphy/ptII/ptolemy/actor/lib/hoc/test/auto/CatchUpComposite6.xml
----------------- Instantiating /home/travis/build/icyphy/ptII/ptolemy/actor/lib/hoc/test/auto/CatchUpComposite6.xml
WARNING: The execution aspects in this model can influence the timing of actors by delaying the 
execution, potentially changing the behavior. There is no guarantee that actors fire at the 
time they request to be fired. 
Use Ptides for deterministic DE behavior that is not influenced by execution aspects. 

108 ms. Memory: 154624K Free: 135458K (88%)
----------------- Invoking toplevel() on ptolemy.moml.MoMLSimpleApplication@4b10affb
----------------- Done invoking toplevel() on ptolemy.moml.MoMLSimpleApplication@4b10affb
reloadAllAccessors: .CatchUpComposite6

===========================================================================================
----------------- testing Wed Jul 10 05:21:52 UTC 2019 /home/travis/build/icyphy/ptII/ptolemy/actor/lib/hoc/test/auto/CatchUpComposite7.xml
----------------- Instantiating /home/travis/build/icyphy/ptII/ptolemy/actor/lib/hoc/test/auto/CatchUpComposite7.xml
WARNING: The execution aspects in this model can influence the timing of actors by delaying the 
execution, potentially changing the behavior. There is no guarantee that actors fire at the 
time they request to be fired. 
Use Ptides for deterministic DE behavior that is not influenced by execution aspects. 

47 ms. Memory: 154624K Free: 121122K (78%)
----------------- Invoking toplevel() on ptolemy.moml.MoMLSimpleApplication@450a4693
----------------- Done invoking toplevel() on ptolemy.moml.MoMLSimpleApplication@450a4693
reloadAllAccessors: .CatchUpComposite7

===========================================================================================
----------------- testing Wed Jul 10 05:21:52 UTC 2019 /home/travis/build/icyphy/ptII/ptolemy/actor/lib/hoc/test/auto/ConcurrentExecutionTimeSDF.xml
----------------- Instantiating /home/travis/build/icyphy/ptII/ptolemy/actor/lib/hoc/test/auto/ConcurrentExecutionTimeSDF.xml
Fired ExecutionTime: 40400000
Fired ExecutionTime: 40400000
Fired ExecutionTime: 40400000
Fired ExecutionTime: 40400000
Fired ExecutionTime: 40400000
Fired ExecutionTime: 40400000
Fired ExecutionTime: 40400000
Fired ExecutionTime: 40400000
Fired ExecutionTime: 40400000
Fired ExecutionTime: 40400000
Fired ExecutionTime: 40400000
Fired ExecutionTime: 40400000
Fired ExecutionTime: 40400000
Fired ExecutionTime: 40400000
Fired ExecutionTime: 40400000
Fired ExecutionTime: 40400000
Fired ExecutionTime: 40400000
Fired ExecutionTime: 40400000
Fired ExecutionTime: 40400000
Fired ExecutionTime: 40400000
1525 ms. Memory: 154624K Free: 113954K (74%)
----------------- Invoking toplevel() on ptolemy.moml.MoMLSimpleApplication@517ef3f
----------------- Done invoking toplevel() on ptolemy.moml.MoMLSimpleApplication@517ef3f
reloadAllAccessors: .ConcurrentExecutionTimeSDF

===========================================================================================
----------------- testing Wed Jul 10 05:21:54 UTC 2019 /home/travis/build/icyphy/ptII/ptolemy/actor/lib/hoc/test/auto/ConcurrentSleep.xml
----------------- Instantiating /home/travis/build/icyphy/ptII/ptolemy/actor/lib/hoc/test/auto/ConcurrentSleep.xml
728 ms. Memory: 154624K Free: 102178K (66%)
----------------- Invoking toplevel() on ptolemy.moml.MoMLSimpleApplication@767c288a
----------------- Done invoking toplevel() on ptolemy.moml.MoMLSimpleApplication@767c288a
reloadAllAccessors: .ConcurrentSleep

===========================================================================================
----------------- testing Wed Jul 10 05:21:55 UTC 2019 /home/travis/build/icyphy/ptII/ptolemy/actor/lib/hoc/test/auto/DEInPNInRunCompositeActor.xml
----------------- Instantiating /home/travis/build/icyphy/ptII/ptolemy/actor/lib/hoc/test/auto/DEInPNInRunCompositeActor.xml
13 ms. Memory: 154624K Free: 96546K (62%)
----------------- Invoking toplevel() on ptolemy.moml.MoMLSimpleApplication@73e89b3
----------------- Done invoking toplevel() on ptolemy.moml.MoMLSimpleApplication@73e89b3
reloadAllAccessors: .DEInPNInRunCompositeActor

===========================================================================================
----------------- testing Wed Jul 10 05:21:55 UTC 2019 /home/travis/build/icyphy/ptII/ptolemy/actor/lib/hoc/test/auto/DFTSubSetTest.xml
----------------- Instantiating /home/travis/build/icyphy/ptII/ptolemy/actor/lib/hoc/test/auto/DFTSubSetTest.xml
243 ms. Memory: 154624K Free: 54052K (35%)
----------------- Invoking toplevel() on ptolemy.moml.MoMLSimpleApplication@6d1127c0
----------------- Done invoking toplevel() on ptolemy.moml.MoMLSimpleApplication@6d1127c0
reloadAllAccessors: .DFTSubSetTest

===========================================================================================
----------------- testing Wed Jul 10 05:21:55 UTC 2019 /home/travis/build/icyphy/ptII/ptolemy/actor/lib/hoc/test/auto/HocDE.xml
----------------- Instantiating /home/travis/build/icyphy/ptII/ptolemy/actor/lib/hoc/test/auto/HocDE.xml
162 ms. Memory: 154624K Free: 117265K (76%)
----------------- Invoking toplevel() on ptolemy.moml.MoMLSimpleApplication@274deeec
----------------- Done invoking toplevel() on ptolemy.moml.MoMLSimpleApplication@274deeec
reloadAllAccessors: .HocDE

===========================================================================================
----------------- testing Wed Jul 10 05:21:55 UTC 2019 /home/travis/build/icyphy/ptII/ptolemy/actor/lib/hoc/test/auto/IterateOverArray.xml
----------------- Instantiating /home/travis/build/icyphy/ptII/ptolemy/actor/lib/hoc/test/auto/IterateOverArray.xml
9 ms. Memory: 154624K Free: 112659K (73%)
----------------- Invoking toplevel() on ptolemy.moml.MoMLSimpleApplication@4cd740f8
----------------- Done invoking toplevel() on ptolemy.moml.MoMLSimpleApplication@4cd740f8
reloadAllAccessors: .IterateOverArray

===========================================================================================
----------------- testing Wed Jul 10 05:21:55 UTC 2019 /home/travis/build/icyphy/ptII/ptolemy/actor/lib/hoc/test/auto/IterateOverArray10.xml
----------------- Instantiating /home/travis/build/icyphy/ptII/ptolemy/actor/lib/hoc/test/auto/IterateOverArray10.xml
5 ms. Memory: 154624K Free: 109073K (71%)
----------------- Invoking toplevel() on ptolemy.moml.MoMLSimpleApplication@267e362d
----------------- Done invoking toplevel() on ptolemy.moml.MoMLSimpleApplication@267e362d
reloadAllAccessors: .IterateOverArray10

===========================================================================================
----------------- testing Wed Jul 10 05:21:55 UTC 2019 /home/travis/build/icyphy/ptII/ptolemy/actor/lib/hoc/test/auto/IterateOverArray11.xml
----------------- Instantiating /home/travis/build/icyphy/ptII/ptolemy/actor/lib/hoc/test/auto/IterateOverArray11.xml
9 ms. Memory: 154624K Free: 105491K (68%)
----------------- Invoking toplevel() on ptolemy.moml.MoMLSimpleApplication@48add039
----------------- Done invoking toplevel() on ptolemy.moml.MoMLSimpleApplication@48add039
reloadAllAccessors: .IterateOverArray11

===========================================================================================
----------------- testing Wed Jul 10 05:21:55 UTC 2019 /home/travis/build/icyphy/ptII/ptolemy/actor/lib/hoc/test/auto/IterateOverArray12.xml
----------------- Instantiating /home/travis/build/icyphy/ptII/ptolemy/actor/lib/hoc/test/auto/IterateOverArray12.xml
18 ms. Memory: 154624K Free: 99347K (64%)
----------------- Invoking toplevel() on ptolemy.moml.MoMLSimpleApplication@7e2acdb3
----------------- Done invoking toplevel() on ptolemy.moml.MoMLSimpleApplication@7e2acdb3
reloadAllAccessors: .IterateOverArray12

===========================================================================================
----------------- testing Wed Jul 10 05:21:55 UTC 2019 /home/travis/build/icyphy/ptII/ptolemy/actor/lib/hoc/test/auto/IterateOverArray13.xml
----------------- Instantiating /home/travis/build/icyphy/ptII/ptolemy/actor/lib/hoc/test/auto/IterateOverArray13.xml
86 ms. Memory: 154624K Free: 70161K (45%)
----------------- Invoking toplevel() on ptolemy.moml.MoMLSimpleApplication@51717de7
----------------- Done invoking toplevel() on ptolemy.moml.MoMLSimpleApplication@51717de7
reloadAllAccessors: .IterateOverArray13

===========================================================================================
----------------- testing Wed Jul 10 05:21:56 UTC 2019 /home/travis/build/icyphy/ptII/ptolemy/actor/lib/hoc/test/auto/IterateOverArray14.xml
----------------- Instantiating /home/travis/build/icyphy/ptII/ptolemy/actor/lib/hoc/test/auto/IterateOverArray14.xml
75 ms. Memory: 154624K Free: 124663K (81%)
----------------- Invoking toplevel() on ptolemy.moml.MoMLSimpleApplication@29a796fa
----------------- Done invoking toplevel() on ptolemy.moml.MoMLSimpleApplication@29a796fa
reloadAllAccessors: .IterateOverArray14

===========================================================================================
----------------- testing Wed Jul 10 05:21:56 UTC 2019 /home/travis/build/icyphy/ptII/ptolemy/actor/lib/hoc/test/auto/IterateOverArray2.xml
----------------- Instantiating /home/travis/build/icyphy/ptII/ptolemy/actor/lib/hoc/test/auto/IterateOverArray2.xml
10 ms. Memory: 154624K Free: 120053K (78%)
----------------- Invoking toplevel() on ptolemy.moml.MoMLSimpleApplication@3f794098
----------------- Done invoking toplevel() on ptolemy.moml.MoMLSimpleApplication@3f794098
reloadAllAccessors: .IterateOverArray2

===========================================================================================
----------------- testing Wed Jul 10 05:21:56 UTC 2019 /home/travis/build/icyphy/ptII/ptolemy/actor/lib/hoc/test/auto/IterateOverArray3.xml
----------------- Instantiating /home/travis/build/icyphy/ptII/ptolemy/actor/lib/hoc/test/auto/IterateOverArray3.xml
21 ms. Memory: 154624K Free: 113909K (74%)
----------------- Invoking toplevel() on ptolemy.moml.MoMLSimpleApplication@1a0c4b02
----------------- Done invoking toplevel() on ptolemy.moml.MoMLSimpleApplication@1a0c4b02
reloadAllAccessors: .IterateOverArray3

===========================================================================================
----------------- testing Wed Jul 10 05:21:56 UTC 2019 /home/travis/build/icyphy/ptII/ptolemy/actor/lib/hoc/test/auto/IterateOverArray4.xml
----------------- Instantiating /home/travis/build/icyphy/ptII/ptolemy/actor/lib/hoc/test/auto/IterateOverArray4.xml
6 ms. Memory: 154624K Free: 109813K (71%)
----------------- Invoking toplevel() on ptolemy.moml.MoMLSimpleApplication@68e3ff50
----------------- Done invoking toplevel() on ptolemy.moml.MoMLSimpleApplication@68e3ff50
reloadAllAccessors: .IterateOverArray4

===========================================================================================
----------------- testing Wed Jul 10 05:21:56 UTC 2019 /home/travis/build/icyphy/ptII/ptolemy/actor/lib/hoc/test/auto/IterateOverArray5.xml
----------------- Instantiating /home/travis/build/icyphy/ptII/ptolemy/actor/lib/hoc/test/auto/IterateOverArray5.xml
3 ms. Memory: 154624K Free: 105717K (68%)
----------------- Invoking toplevel() on ptolemy.moml.MoMLSimpleApplication@150ae0c7
----------------- Done invoking toplevel() on ptolemy.moml.MoMLSimpleApplication@150ae0c7
reloadAllAccessors: .IterateOverArray5

===========================================================================================
----------------- testing Wed Jul 10 05:21:56 UTC 2019 /home/travis/build/icyphy/ptII/ptolemy/actor/lib/hoc/test/auto/IterateOverArray6.xml
----------------- Instantiating /home/travis/build/icyphy/ptII/ptolemy/actor/lib/hoc/test/auto/IterateOverArray6.xml
4 ms. Memory: 154624K Free: 102135K (66%)
----------------- Invoking toplevel() on ptolemy.moml.MoMLSimpleApplication@2b5a3ba4
----------------- Done invoking toplevel() on ptolemy.moml.MoMLSimpleApplication@2b5a3ba4
reloadAllAccessors: .IterateOverArray6

===========================================================================================
----------------- testing Wed Jul 10 05:21:56 UTC 2019 /home/travis/build/icyphy/ptII/ptolemy/actor/lib/hoc/test/auto/IterateOverArray7.xml
----------------- Instantiating /home/travis/build/icyphy/ptII/ptolemy/actor/lib/hoc/test/auto/IterateOverArray7.xml
4 ms. Memory: 154624K Free: 97525K (63%)
----------------- Invoking toplevel() on ptolemy.moml.MoMLSimpleApplication@436f1525
----------------- Done invoking toplevel() on ptolemy.moml.MoMLSimpleApplication@436f1525
reloadAllAccessors: .IterateOverArray7

===========================================================================================
----------------- testing Wed Jul 10 05:21:56 UTC 2019 /home/travis/build/icyphy/ptII/ptolemy/actor/lib/hoc/test/auto/IterateOverArray8.xml
----------------- Instantiating /home/travis/build/icyphy/ptII/ptolemy/actor/lib/hoc/test/auto/IterateOverArray8.xml
5 ms. Memory: 154624K Free: 93429K (60%)
----------------- Invoking toplevel() on ptolemy.moml.MoMLSimpleApplication@754c5450
----------------- Done invoking toplevel() on ptolemy.moml.MoMLSimpleApplication@754c5450
reloadAllAccessors: .IterateOverArray8

===========================================================================================
----------------- testing Wed Jul 10 05:21:56 UTC 2019 /home/travis/build/icyphy/ptII/ptolemy/actor/lib/hoc/test/auto/IterateOverArray9.xml
----------------- Instantiating /home/travis/build/icyphy/ptII/ptolemy/actor/lib/hoc/test/auto/IterateOverArray9.xml
4 ms. Memory: 154624K Free: 89333K (58%)
----------------- Invoking toplevel() on ptolemy.moml.MoMLSimpleApplication@ac6d4f1
----------------- Done invoking toplevel() on ptolemy.moml.MoMLSimpleApplication@ac6d4f1
reloadAllAccessors: .IterateOverArray9

===========================================================================================
----------------- testing Wed Jul 10 05:21:56 UTC 2019 /home/travis/build/icyphy/ptII/ptolemy/actor/lib/hoc/test/auto/IterateOverArrayCoercedOutputType.xml
----------------- Instantiating /home/travis/build/icyphy/ptII/ptolemy/actor/lib/hoc/test/auto/IterateOverArrayCoercedOutputType.xml
7 ms. Memory: 154624K Free: 84213K (54%)
----------------- Invoking toplevel() on ptolemy.moml.MoMLSimpleApplication@4f9d27f
----------------- Done invoking toplevel() on ptolemy.moml.MoMLSimpleApplication@4f9d27f
reloadAllAccessors: .IterateOverArrayCoercedOutputType

===========================================================================================
----------------- testing Wed Jul 10 05:21:56 UTC 2019 /home/travis/build/icyphy/ptII/ptolemy/actor/lib/hoc/test/auto/IterateOverArrayInferredOutputType.xml
----------------- Instantiating /home/travis/build/icyphy/ptII/ptolemy/actor/lib/hoc/test/auto/IterateOverArrayInferredOutputType.xml
5 ms. Memory: 154624K Free: 79607K (51%)
----------------- Invoking toplevel() on ptolemy.moml.MoMLSimpleApplication@333bcd2f
----------------- Done invoking toplevel() on ptolemy.moml.MoMLSimpleApplication@333bcd2f
reloadAllAccessors: .IterateOverArrayInferredOutputType

===========================================================================================
----------------- testing Wed Jul 10 05:21:56 UTC 2019 /home/travis/build/icyphy/ptII/ptolemy/actor/lib/hoc/test/auto/MobileFunctionTest.xml
----------------- Instantiating /home/travis/build/icyphy/ptII/ptolemy/actor/lib/hoc/test/auto/MobileFunctionTest.xml
4 ms. Memory: 154624K Free: 74967K (48%)
----------------- Invoking toplevel() on ptolemy.moml.MoMLSimpleApplication@7ad044ff
----------------- Done invoking toplevel() on ptolemy.moml.MoMLSimpleApplication@7ad044ff
reloadAllAccessors: .MobileFunctionTest

===========================================================================================
----------------- testing Wed Jul 10 05:21:56 UTC 2019 /home/travis/build/icyphy/ptII/ptolemy/actor/lib/hoc/test/auto/MobileModelTest.xml
----------------- Instantiating /home/travis/build/icyphy/ptII/ptolemy/actor/lib/hoc/test/auto/MobileModelTest.xml
149 ms. Memory: 154624K Free: 54007K (35%)
----------------- Invoking toplevel() on ptolemy.moml.MoMLSimpleApplication@559b0fc3
----------------- Done invoking toplevel() on ptolemy.moml.MoMLSimpleApplication@559b0fc3
reloadAllAccessors: .MobileModelTest

===========================================================================================
----------------- testing Wed Jul 10 05:21:56 UTC 2019 /home/travis/build/icyphy/ptII/ptolemy/actor/lib/hoc/test/auto/ModelReference.xml
----------------- Instantiating /home/travis/build/icyphy/ptII/ptolemy/actor/lib/hoc/test/auto/ModelReference.xml
4 ms. Memory: 186368K Free: 167180K (90%)
3 ms. Memory: 186368K Free: 166158K (89%)
2 ms. Memory: 186368K Free: 165134K (89%)
3 ms. Memory: 186368K Free: 164606K (88%)
6 ms. Memory: 186368K Free: 163566K (88%)
2 ms. Memory: 186368K Free: 163086K (88%)
3 ms. Memory: 186368K Free: 162062K (87%)
4 ms. Memory: 186368K Free: 161038K (86%)
2 ms. Memory: 186368K Free: 160510K (86%)
2 ms. Memory: 186368K Free: 159470K (86%)
43 ms. Memory: 186368K Free: 159470K (86%)
----------------- Invoking toplevel() on ptolemy.moml.MoMLSimpleApplication@27add090
----------------- Done invoking toplevel() on ptolemy.moml.MoMLSimpleApplication@27add090
reloadAllAccessors: .ModelReference

===========================================================================================
----------------- testing Wed Jul 10 05:21:56 UTC 2019 /home/travis/build/icyphy/ptII/ptolemy/actor/lib/hoc/test/auto/ModelReference3.xml
----------------- Instantiating /home/travis/build/icyphy/ptII/ptolemy/actor/lib/hoc/test/auto/ModelReference3.xml
3 ms. Memory: 186368K Free: 154366K (83%)
2 ms. Memory: 186368K Free: 153870K (83%)
2 ms. Memory: 186368K Free: 152846K (82%)
2 ms. Memory: 186368K Free: 152326K (82%)
2 ms. Memory: 186368K Free: 151278K (81%)
3 ms. Memory: 186368K Free: 150254K (81%)
3 ms. Memory: 186368K Free: 149774K (80%)
6 ms. Memory: 186368K Free: 148750K (80%)
3 ms. Memory: 186368K Free: 148206K (80%)
2 ms. Memory: 186368K Free: 147198K (79%)
38 ms. Memory: 186368K Free: 147198K (79%)
----------------- Invoking toplevel() on ptolemy.moml.MoMLSimpleApplication@65ee10b8
----------------- Done invoking toplevel() on ptolemy.moml.MoMLSimpleApplication@65ee10b8
reloadAllAccessors: .ModelReference3

===========================================================================================
----------------- testing Wed Jul 10 05:21:56 UTC 2019 /home/travis/build/icyphy/ptII/ptolemy/actor/lib/hoc/test/auto/ModelReference4.xml
----------------- Instantiating /home/travis/build/icyphy/ptII/ptolemy/actor/lib/hoc/test/auto/ModelReference4.xml
2 ms. Memory: 186368K Free: 142606K (77%)
3 ms. Memory: 186368K Free: 141062K (76%)
6 ms. Memory: 186368K Free: 140030K (75%)
2 ms. Memory: 186368K Free: 139020K (75%)
2 ms. Memory: 186368K Free: 137486K (74%)
3 ms. Memory: 186368K Free: 136462K (73%)
4 ms. Memory: 186368K Free: 134918K (72%)
2 ms. Memory: 186368K Free: 133886K (72%)
5 ms. Memory: 186368K Free: 132366K (71%)
5 ms. Memory: 186368K Free: 130798K (70%)
10021 ms. Memory: 186368K Free: 130798K (70%)
----------------- Invoking toplevel() on ptolemy.moml.MoMLSimpleApplication@146d8c4f
----------------- Done invoking toplevel() on ptolemy.moml.MoMLSimpleApplication@146d8c4f
reloadAllAccessors: .ModelReference4

===========================================================================================
----------------- testing Wed Jul 10 05:22:06 UTC 2019 /home/travis/build/icyphy/ptII/ptolemy/actor/lib/hoc/test/auto/MultiInstanceComposite.xml
----------------- Instantiating /home/travis/build/icyphy/ptII/ptolemy/actor/lib/hoc/test/auto/MultiInstanceComposite.xml
33 ms. Memory: 186368K Free: 111886K (60%)
----------------- Invoking toplevel() on ptolemy.moml.MoMLSimpleApplication@76fa8496
----------------- Done invoking toplevel() on ptolemy.moml.MoMLSimpleApplication@76fa8496
reloadAllAccessors: .MultiInstanceComposite

===========================================================================================
----------------- testing Wed Jul 10 05:22:06 UTC 2019 /home/travis/build/icyphy/ptII/ptolemy/actor/lib/hoc/test/auto/MultiInstanceComposite2.xml
----------------- Instantiating /home/travis/build/icyphy/ptII/ptolemy/actor/lib/hoc/test/auto/MultiInstanceComposite2.xml
16 ms. Memory: 186368K Free: 100622K (54%)
----------------- Invoking toplevel() on ptolemy.moml.MoMLSimpleApplication@19e9321f
----------------- Done invoking toplevel() on ptolemy.moml.MoMLSimpleApplication@19e9321f
reloadAllAccessors: .MultiInstanceComposite2

===========================================================================================
----------------- testing Wed Jul 10 05:22:07 UTC 2019 /home/travis/build/icyphy/ptII/ptolemy/actor/lib/hoc/test/auto/MulticoreExecution.xml
----------------- Instantiating /home/travis/build/icyphy/ptII/ptolemy/actor/lib/hoc/test/auto/MulticoreExecution.xml
Fired ExecutionTime: 3600000
Fired ExecutionTime: 2000000
Fired ExecutionTime: 2000000
Fired ExecutionTime: 3600000
Fired ExecutionTime: 14400000
Fired ExecutionTime: 14800000
Fired ExecutionTime: 40800000
Fired ExecutionTime: 94000000
Fired ExecutionTime: 87600000
Fired ExecutionTime: 44800000
Fired ExecutionTime: 46400000
Fired ExecutionTime: 87600000
Fired ExecutionTime: 49200000
Fired ExecutionTime: 48000000
Fired ExecutionTime: 71200000
Fired ExecutionTime: 55600000
Fired ExecutionTime: 60000000
Fired ExecutionTime: 65600000
Fired ExecutionTime: 59600000
Fired ExecutionTime: 82400000
1077 ms. Memory: 186368K Free: 91406K (49%)
----------------- Invoking toplevel() on ptolemy.moml.MoMLSimpleApplication@43473563
----------------- Done invoking toplevel() on ptolemy.moml.MoMLSimpleApplication@43473563
reloadAllAccessors: .MulticoreExecution

===========================================================================================
----------------- testing Wed Jul 10 05:22:08 UTC 2019 /home/travis/build/icyphy/ptII/ptolemy/actor/lib/hoc/test/auto/ParallelExecution.xml
----------------- Instantiating /home/travis/build/icyphy/ptII/ptolemy/actor/lib/hoc/test/auto/ParallelExecution.xml
919 ms. Memory: 186368K Free: 83724K (45%)
----------------- Invoking toplevel() on ptolemy.moml.MoMLSimpleApplication@65c65dad
----------------- Done invoking toplevel() on ptolemy.moml.MoMLSimpleApplication@65c65dad
reloadAllAccessors: .ParallelExecution

===========================================================================================
----------------- testing Wed Jul 10 05:22:09 UTC 2019 /home/travis/build/icyphy/ptII/ptolemy/actor/lib/hoc/test/auto/RunCompositeActor.xml
----------------- Instantiating /home/travis/build/icyphy/ptII/ptolemy/actor/lib/hoc/test/auto/RunCompositeActor.xml
9 ms. Memory: 186368K Free: 76550K (41%)
----------------- Invoking toplevel() on ptolemy.moml.MoMLSimpleApplication@2208b429
----------------- Done invoking toplevel() on ptolemy.moml.MoMLSimpleApplication@2208b429
reloadAllAccessors: .RunCompositeActor

===========================================================================================
----------------- testing Wed Jul 10 05:22:09 UTC 2019 /home/travis/build/icyphy/ptII/ptolemy/actor/lib/hoc/test/auto/RunCompositeActor2.xml
----------------- Instantiating /home/travis/build/icyphy/ptII/ptolemy/actor/lib/hoc/test/auto/RunCompositeActor2.xml
10 ms. Memory: 186368K Free: 70406K (38%)
----------------- Invoking toplevel() on ptolemy.moml.MoMLSimpleApplication@605570cf
----------------- Done invoking toplevel() on ptolemy.moml.MoMLSimpleApplication@605570cf
reloadAllAccessors: .RunCompositeActor2

===========================================================================================
----------------- testing Wed Jul 10 05:22:09 UTC 2019 /home/travis/build/icyphy/ptII/ptolemy/actor/lib/hoc/test/auto/RunCompositeActor3.xml
----------------- Instantiating /home/travis/build/icyphy/ptII/ptolemy/actor/lib/hoc/test/auto/RunCompositeActor3.xml
4 ms. Memory: 186368K Free: 65278K (35%)
----------------- Invoking toplevel() on ptolemy.moml.MoMLSimpleApplication@6c76f13e
----------------- Done invoking toplevel() on ptolemy.moml.MoMLSimpleApplication@6c76f13e
reloadAllAccessors: .RunCompositeActor3

===========================================================================================
----------------- testing Wed Jul 10 05:22:09 UTC 2019 /home/travis/build/icyphy/ptII/ptolemy/actor/lib/hoc/test/auto/RunCompositeActor4.xml
----------------- Instantiating /home/travis/build/icyphy/ptII/ptolemy/actor/lib/hoc/test/auto/RunCompositeActor4.xml
14 ms. Memory: 186368K Free: 165573K (89%)
----------------- Invoking toplevel() on ptolemy.moml.MoMLSimpleApplication@11f21bf5
----------------- Done invoking toplevel() on ptolemy.moml.MoMLSimpleApplication@11f21bf5
reloadAllAccessors: .RunCompositeActor4

===========================================================================================
----------------- testing Wed Jul 10 05:22:09 UTC 2019 /home/travis/build/icyphy/ptII/ptolemy/actor/lib/hoc/test/auto/RunCompositeIterateOverArray.xml
----------------- Instantiating /home/travis/build/icyphy/ptII/ptolemy/actor/lib/hoc/test/auto/RunCompositeIterateOverArray.xml
5 ms. Memory: 186368K Free: 159429K (86%)
----------------- Invoking toplevel() on ptolemy.moml.MoMLSimpleApplication@4b36cf78
----------------- Done invoking toplevel() on ptolemy.moml.MoMLSimpleApplication@4b36cf78
reloadAllAccessors: .RunCompositeIterateOverArray

===========================================================================================
----------------- testing Wed Jul 10 05:22:09 UTC 2019 /home/travis/build/icyphy/ptII/ptolemy/actor/lib/hoc/test/auto/ThreadedJS.xml
----------------- Instantiating /home/travis/build/icyphy/ptII/ptolemy/actor/lib/hoc/test/auto/ThreadedJS.xml
6249 ms. Memory: 224256K Free: 94278K (42%)
----------------- Invoking toplevel() on ptolemy.moml.MoMLSimpleApplication@46a3bc6c
----------------- Done invoking toplevel() on ptolemy.moml.MoMLSimpleApplication@46a3bc6c
reloadAllAccessors: .ThreadedJS
AutoTests.java: About to close Vertx.
AutoTests.java: Vertx closed.
]]></system-out>
  <system-err><![CDATA[java.lang.RuntimeException: Execution failed
	at ptolemy.moml.MoMLSimpleApplication$UnloadThread.run(MoMLSimpleApplication.java:402)
Caused by: ptolemy.kernel.util.IllegalActionException: initialize() was called after wrapup() was called but preinitialize() was not called after wrapup().
	at ptolemy.actor.lib.hoc.test.PreinitializeMustBeInvoked.initialize(PreinitializeMustBeInvoked.java:78)
	at ptolemy.actor.Director.initialize(Director.java:938)
	at ptolemy.actor.Director.initialize(Director.java:907)
	at ptolemy.actor.sched.StaticSchedulingDirector.initialize(StaticSchedulingDirector.java:159)
	at ptolemy.domains.sdf.kernel.SDFDirector.initialize(SDFDirector.java:544)
	at ptolemy.actor.CompositeActor.initialize(CompositeActor.java:935)
	at ptolemy.actor.lib.hoc.LifeCycleManager._executeInsideModel(LifeCycleManager.java:339)
	at ptolemy.actor.lib.hoc.RunCompositeActor.fire(RunCompositeActor.java:205)
	at ptolemy.actor.CompositeActor.iterate(CompositeActor.java:1146)
	at ptolemy.actor.sched.StaticSchedulingDirector.fire(StaticSchedulingDirector.java:216)
	at ptolemy.domains.sdf.kernel.SDFDirector.fire(SDFDirector.java:500)
	at ptolemy.actor.CompositeActor.fire(CompositeActor.java:455)
	at ptolemy.actor.Manager.iterate(Manager.java:851)
	at ptolemy.actor.Manager.execute(Manager.java:369)
	at ptolemy.actor.Manager.run(Manager.java:1263)
	at ptolemy.actor.Manager$PtolemyRunThread.run(Manager.java:1915)
java.lang.reflect.InvocationTargetException
	at java.base/jdk.internal.reflect.NativeConstructorAccessorImpl.newInstance0(Native Method)
	at java.base/jdk.internal.reflect.NativeConstructorAccessorImpl.newInstance(NativeConstructorAccessorImpl.java:62)
	at java.base/jdk.internal.reflect.DelegatingConstructorAccessorImpl.newInstance(DelegatingConstructorAccessorImpl.java:45)
	at java.base/java.lang.reflect.Constructor.newInstance(Constructor.java:490)
	at ptolemy.util.test.junit.AutoKnownFailedTests.RunModel(AutoKnownFailedTests.java:105)
	at java.base/jdk.internal.reflect.NativeMethodAccessorImpl.invoke0(Native Method)
	at java.base/jdk.internal.reflect.NativeMethodAccessorImpl.invoke(NativeMethodAccessorImpl.java:62)
	at java.base/jdk.internal.reflect.DelegatingMethodAccessorImpl.invoke(DelegatingMethodAccessorImpl.java:43)
	at java.base/java.lang.reflect.Method.invoke(Method.java:566)
	at org.junit.runners.model.FrameworkMethod$1.runReflectiveCall(FrameworkMethod.java:44)
	at org.junit.internal.runners.model.ReflectiveCallable.run(ReflectiveCallable.java:15)
	at org.junit.runners.model.FrameworkMethod.invokeExplosively(FrameworkMethod.java:41)
	at junitparams.internal.InvokeParameterisedMethod.evaluate(InvokeParameterisedMethod.java:102)
	at org.junit.internal.runners.statements.FailOnTimeout$1.run(FailOnTimeout.java:28)
Caused by: ptolemy.kernel.util.IllegalActionException: initialize() was called after wrapup() was called but preinitialize() was not called after wrapup().
	at ptolemy.actor.lib.hoc.test.PreinitializeMustBeInvoked.initialize(PreinitializeMustBeInvoked.java:78)
	at ptolemy.actor.Director.initialize(Director.java:938)
	at ptolemy.actor.Director.initialize(Director.java:907)
	at ptolemy.actor.sched.StaticSchedulingDirector.initialize(StaticSchedulingDirector.java:159)
	at ptolemy.domains.sdf.kernel.SDFDirector.initialize(SDFDirector.java:544)
	at ptolemy.actor.CompositeActor.initialize(CompositeActor.java:935)
	at ptolemy.actor.lib.hoc.LifeCycleManager._executeInsideModel(LifeCycleManager.java:339)
	at ptolemy.actor.lib.hoc.RunCompositeActor.fire(RunCompositeActor.java:205)
	at ptolemy.actor.CompositeActor.iterate(CompositeActor.java:1146)
	at ptolemy.actor.sched.StaticSchedulingDirector.fire(StaticSchedulingDirector.java:216)
	at ptolemy.domains.sdf.kernel.SDFDirector.fire(SDFDirector.java:500)
	at ptolemy.actor.CompositeActor.fire(CompositeActor.java:455)
	at ptolemy.actor.Manager.iterate(Manager.java:851)
	at ptolemy.actor.Manager.execute(Manager.java:369)
	at ptolemy.actor.Manager.run(Manager.java:1263)
	at ptolemy.actor.Manager$PtolemyRunThread.run(Manager.java:1915)
Warning: Nashorn engine is planned to be removed from a future JDK release
Warning: Nashorn engine is planned to be removed from a future JDK release
Warning: Nashorn engine is planned to be removed from a future JDK release
Warning: Nashorn engine is planned to be removed from a future JDK release
Warning: Nashorn engine is planned to be removed from a future JDK release
Warning: Nashorn engine is planned to be removed from a future JDK release
Warning: Nashorn engine is planned to be removed from a future JDK release
Warning: Nashorn engine is planned to be removed from a future JDK release
]]></system-err>
</testsuite>
