<?xml version="1.0" encoding="UTF-8" ?>
<testsuite errors="0" failures="0" hostname="travis-job-2063221c-9a99-41ee-bea5-f624e06d5b2a" name="ptolemy.domains.de.test.junit.JUnitTclTest" skipped="0" tests="101" time="125.824" timestamp="2019-01-30T07:41:48">
  <properties>
[...]
</properties>
  <testcase classname="ptolemy.util.test.junit.TclTests" name="[0] /home/travis/build/icyphy/ptII/ptolemy/domains/de/test/DependencyLoop.tcl (RunTclFile)" time="0.704" />
  <testcase classname="ptolemy.util.test.junit.TclTests" name="[1] /home/travis/build/icyphy/ptII/ptolemy/domains/de/test/RunDETestsAsQSS.tcl (RunTclFile)" time="85.243" />
  <testcase classname="ptolemy.util.test.junit.AutoKnownFailedTests" name="[0] /home/travis/build/icyphy/ptII/ptolemy/domains/de/test/auto/knownFailedTests/DESDFClockTest.xml (RunModel)" time="2.037" />
  <testcase classname="ptolemy.util.test.junit.AutoKnownFailedTests" name="[1] /home/travis/build/icyphy/ptII/ptolemy/domains/de/test/auto/knownFailedTests/DirectFeedback.xml (RunModel)" time="0.012" />
  <testcase classname="ptolemy.util.test.junit.AutoKnownFailedTests" name="[2] /home/travis/build/icyphy/ptII/ptolemy/domains/de/test/auto/knownFailedTests/FSMSource.xml (RunModel)" time="0.017" />
  <testcase classname="ptolemy.util.test.junit.AutoKnownFailedTests" name="[3] /home/travis/build/icyphy/ptII/ptolemy/domains/de/test/auto/knownFailedTests/HierarchicalModel.xml (RunModel)" time="0.049" />
  <testcase classname="ptolemy.util.test.junit.AutoKnownFailedTests" name="[4] /home/travis/build/icyphy/ptII/ptolemy/domains/de/test/auto/knownFailedTests/dependencyLoop.xml (RunModel)" time="0.043" />
  <testcase classname="ptolemy.util.test.junit.AutoKnownFailedTests" name="[5] /home/travis/build/icyphy/ptII/ptolemy/domains/de/test/auto/knownFailedTests/dependencyLoop2.xml (RunModel)" time="0.044" />
  <testcase classname="ptolemy.util.test.junit.AutoNameArchTests" name="[0] ThereAreNoAutoArchTests (RunModel)" time="0.0" />
  <testcase classname="ptolemy.util.test.junit.AutoTests" name="[0] /home/travis/build/icyphy/ptII/ptolemy/domains/de/test/auto/ActorDepthCalculation_actorWithoutPorts.xml (RunModel)" time="0.017" />
  <testcase classname="ptolemy.util.test.junit.AutoTests" name="[1] /home/travis/build/icyphy/ptII/ptolemy/domains/de/test/auto/AssemblyLine.xml (RunModel)" time="0.021" />
  <testcase classname="ptolemy.util.test.junit.AutoTests" name="[2] /home/travis/build/icyphy/ptII/ptolemy/domains/de/test/auto/CQBug1.xml (RunModel)" time="0.012" />
  <testcase classname="ptolemy.util.test.junit.AutoTests" name="[3] /home/travis/build/icyphy/ptII/ptolemy/domains/de/test/auto/CancelFireAt.xml (RunModel)" time="0.005" />
  <testcase classname="ptolemy.util.test.junit.AutoTests" name="[4] /home/travis/build/icyphy/ptII/ptolemy/domains/de/test/auto/CausalityAndComposabilityAnalysis.xml (RunModel)" time="0.011" />
  <testcase classname="ptolemy.util.test.junit.AutoTests" name="[5] /home/travis/build/icyphy/ptII/ptolemy/domains/de/test/auto/CausalityInterface1.xml (RunModel)" time="0.012" />
  <testcase classname="ptolemy.util.test.junit.AutoTests" name="[6] /home/travis/build/icyphy/ptII/ptolemy/domains/de/test/auto/CausalityInterface15.xml (RunModel)" time="0.012" />
  <testcase classname="ptolemy.util.test.junit.AutoTests" name="[7] /home/travis/build/icyphy/ptII/ptolemy/domains/de/test/auto/CausalityInterface2.xml (RunModel)" time="0.01" />
  <testcase classname="ptolemy.util.test.junit.AutoTests" name="[8] /home/travis/build/icyphy/ptII/ptolemy/domains/de/test/auto/CausalityInterface3.xml (RunModel)" time="0.011" />
  <testcase classname="ptolemy.util.test.junit.AutoTests" name="[9] /home/travis/build/icyphy/ptII/ptolemy/domains/de/test/auto/ClockDrift.xml (RunModel)" time="0.034" />
  <testcase classname="ptolemy.util.test.junit.AutoTests" name="[10] /home/travis/build/icyphy/ptII/ptolemy/domains/de/test/auto/ClockDriftAndValueChange.xml (RunModel)" time="0.028" />
  <testcase classname="ptolemy.util.test.junit.AutoTests" name="[11] /home/travis/build/icyphy/ptII/ptolemy/domains/de/test/auto/ClockDriftChange.xml (RunModel)" time="0.024" />
  <testcase classname="ptolemy.util.test.junit.AutoTests" name="[12] /home/travis/build/icyphy/ptII/ptolemy/domains/de/test/auto/ComposableCausalityAnalysis.xml (RunModel)" time="0.019" />
  <testcase classname="ptolemy.util.test.junit.AutoTests" name="[13] /home/travis/build/icyphy/ptII/ptolemy/domains/de/test/auto/DEFixedPointLimitation.xml (RunModel)" time="0.009" />
  <testcase classname="ptolemy.util.test.junit.AutoTests" name="[14] /home/travis/build/icyphy/ptII/ptolemy/domains/de/test/auto/DEScheduleTest.xml (RunModel)" time="0.011" />
  <testcase classname="ptolemy.util.test.junit.AutoTests" name="[15] /home/travis/build/icyphy/ptII/ptolemy/domains/de/test/auto/DEinDEwithStartTimes.xml (RunModel)" time="0.012" />
  <testcase classname="ptolemy.util.test.junit.AutoTests" name="[16] /home/travis/build/icyphy/ptII/ptolemy/domains/de/test/auto/DEinDEwithStartTimes2.xml (RunModel)" time="0.012" />
  <testcase classname="ptolemy.util.test.junit.AutoTests" name="[17] /home/travis/build/icyphy/ptII/ptolemy/domains/de/test/auto/DateDemo.xml (RunModel)" time="0.034" />
  <testcase classname="ptolemy.util.test.junit.AutoTests" name="[18] /home/travis/build/icyphy/ptII/ptolemy/domains/de/test/auto/DateToEvent.xml (RunModel)" time="2.04" />
  <testcase classname="ptolemy.util.test.junit.AutoTests" name="[19] /home/travis/build/icyphy/ptII/ptolemy/domains/de/test/auto/DepthTest1.xml (RunModel)" time="0.01" />
  <testcase classname="ptolemy.util.test.junit.AutoTests" name="[20] /home/travis/build/icyphy/ptII/ptolemy/domains/de/test/auto/DepthTest2.xml (RunModel)" time="0.02" />
  <testcase classname="ptolemy.util.test.junit.AutoTests" name="[21] /home/travis/build/icyphy/ptII/ptolemy/domains/de/test/auto/DepthTest3.xml (RunModel)" time="0.011" />
  <testcase classname="ptolemy.util.test.junit.AutoTests" name="[22] /home/travis/build/icyphy/ptII/ptolemy/domains/de/test/auto/DepthTest4.xml (RunModel)" time="0.012" />
  <testcase classname="ptolemy.util.test.junit.AutoTests" name="[23] /home/travis/build/icyphy/ptII/ptolemy/domains/de/test/auto/DepthTest5.xml (RunModel)" time="0.015" />
  <testcase classname="ptolemy.util.test.junit.AutoTests" name="[24] /home/travis/build/icyphy/ptII/ptolemy/domains/de/test/auto/DepthTest6.xml (RunModel)" time="0.012" />
  <testcase classname="ptolemy.util.test.junit.AutoTests" name="[25] /home/travis/build/icyphy/ptII/ptolemy/domains/de/test/auto/DepthTest7.xml (RunModel)" time="0.017" />
  <testcase classname="ptolemy.util.test.junit.AutoTests" name="[26] /home/travis/build/icyphy/ptII/ptolemy/domains/de/test/auto/EventToDate.xml (RunModel)" time="3.033" />
  <testcase classname="ptolemy.util.test.junit.AutoTests" name="[27] /home/travis/build/icyphy/ptII/ptolemy/domains/de/test/auto/FSM1.xml (RunModel)" time="0.036" />
  <testcase classname="ptolemy.util.test.junit.AutoTests" name="[28] /home/travis/build/icyphy/ptII/ptolemy/domains/de/test/auto/FSM7.xml (RunModel)" time="0.029" />
  <testcase classname="ptolemy.util.test.junit.AutoTests" name="[29] /home/travis/build/icyphy/ptII/ptolemy/domains/de/test/auto/Inspection.xml (RunModel)" time="0.034" />
  <testcase classname="ptolemy.util.test.junit.AutoTests" name="[30] /home/travis/build/icyphy/ptII/ptolemy/domains/de/test/auto/Iteration.xml (RunModel)" time="0.016" />
  <testcase classname="ptolemy.util.test.junit.AutoTests" name="[31] /home/travis/build/icyphy/ptII/ptolemy/domains/de/test/auto/LineFault.xml (RunModel)" time="0.574" />
  <testcase classname="ptolemy.util.test.junit.AutoTests" name="[32] /home/travis/build/icyphy/ptII/ptolemy/domains/de/test/auto/MergeModel1Add.xml (RunModel)" time="0.039" />
  <testcase classname="ptolemy.util.test.junit.AutoTests" name="[33] /home/travis/build/icyphy/ptII/ptolemy/domains/de/test/auto/MergeModel2Add.xml (RunModel)" time="0.034" />
  <testcase classname="ptolemy.util.test.junit.AutoTests" name="[34] /home/travis/build/icyphy/ptII/ptolemy/domains/de/test/auto/MergeModel3Add.xml (RunModel)" time="0.037" />
  <testcase classname="ptolemy.util.test.junit.AutoTests" name="[35] /home/travis/build/icyphy/ptII/ptolemy/domains/de/test/auto/MergeWithoutDiscard.xml (RunModel)" time="0.009" />
  <testcase classname="ptolemy.util.test.junit.AutoTests" name="[36] /home/travis/build/icyphy/ptII/ptolemy/domains/de/test/auto/Modal1.xml (RunModel)" time="0.024" />
  <testcase classname="ptolemy.util.test.junit.AutoTests" name="[37] /home/travis/build/icyphy/ptII/ptolemy/domains/de/test/auto/Modal2.xml (RunModel)" time="0.024" />
  <testcase classname="ptolemy.util.test.junit.AutoTests" name="[38] /home/travis/build/icyphy/ptII/ptolemy/domains/de/test/auto/Modal3.xml (RunModel)" time="0.029" />
  <testcase classname="ptolemy.util.test.junit.AutoTests" name="[39] /home/travis/build/icyphy/ptII/ptolemy/domains/de/test/auto/Modal4.xml (RunModel)" time="0.028" />
  <testcase classname="ptolemy.util.test.junit.AutoTests" name="[40] /home/travis/build/icyphy/ptII/ptolemy/domains/de/test/auto/Modal5.xml (RunModel)" time="0.024" />
  <testcase classname="ptolemy.util.test.junit.AutoTests" name="[41] /home/travis/build/icyphy/ptII/ptolemy/domains/de/test/auto/Modal6.xml (RunModel)" time="0.024" />
  <testcase classname="ptolemy.util.test.junit.AutoTests" name="[42] /home/travis/build/icyphy/ptII/ptolemy/domains/de/test/auto/Modal7.xml (RunModel)" time="0.025" />
  <testcase classname="ptolemy.util.test.junit.AutoTests" name="[43] /home/travis/build/icyphy/ptII/ptolemy/domains/de/test/auto/ModalModel.xml (RunModel)" time="0.144" />
  <testcase classname="ptolemy.util.test.junit.AutoTests" name="[44] /home/travis/build/icyphy/ptII/ptolemy/domains/de/test/auto/ModalSource.xml (RunModel)" time="0.018" />
  <testcase classname="ptolemy.util.test.junit.AutoTests" name="[45] /home/travis/build/icyphy/ptII/ptolemy/domains/de/test/auto/NonInterruptibleTimerZeroDelay.xml (RunModel)" time="0.008" />
  <testcase classname="ptolemy.util.test.junit.AutoTests" name="[46] /home/travis/build/icyphy/ptII/ptolemy/domains/de/test/auto/OpenQueueingNetwork.xml (RunModel)" time="1.989" />
  <testcase classname="ptolemy.util.test.junit.AutoTests" name="[47] /home/travis/build/icyphy/ptII/ptolemy/domains/de/test/auto/OpenQueuingNetwork.xml (RunModel)" time="0.267" />
  <testcase classname="ptolemy.util.test.junit.AutoTests" name="[48] /home/travis/build/icyphy/ptII/ptolemy/domains/de/test/auto/PeriodicSampler.xml (RunModel)" time="0.007" />
  <testcase classname="ptolemy.util.test.junit.AutoTests" name="[49] /home/travis/build/icyphy/ptII/ptolemy/domains/de/test/auto/PersistentIO.xml (RunModel)" time="0.018" />
  <testcase classname="ptolemy.util.test.junit.AutoTests" name="[50] /home/travis/build/icyphy/ptII/ptolemy/domains/de/test/auto/PortParameterResetOnInitialize.xml (RunModel)" time="0.009" />
  <testcase classname="ptolemy.util.test.junit.AutoTests" name="[51] /home/travis/build/icyphy/ptII/ptolemy/domains/de/test/auto/PortParameterUpdates.xml (RunModel)" time="0.016" />
  <testcase classname="ptolemy.util.test.junit.AutoTests" name="[52] /home/travis/build/icyphy/ptII/ptolemy/domains/de/test/auto/QueueAndServer.xml (RunModel)" time="0.02" />
  <testcase classname="ptolemy.util.test.junit.AutoTests" name="[53] /home/travis/build/icyphy/ptII/ptolemy/domains/de/test/auto/Records.xml (RunModel)" time="0.016" />
  <testcase classname="ptolemy.util.test.junit.AutoTests" name="[54] /home/travis/build/icyphy/ptII/ptolemy/domains/de/test/auto/ResetTransitionWithStartTime1.xml (RunModel)" time="0.02" />
  <testcase classname="ptolemy.util.test.junit.AutoTests" name="[55] /home/travis/build/icyphy/ptII/ptolemy/domains/de/test/auto/ResetTransitionWithStartTime2.xml (RunModel)" time="0.016" />
  <testcase classname="ptolemy.util.test.junit.AutoTests" name="[56] /home/travis/build/icyphy/ptII/ptolemy/domains/de/test/auto/ResetTransitionWithStartTime3.xml (RunModel)" time="0.02" />
  <testcase classname="ptolemy.util.test.junit.AutoTests" name="[57] /home/travis/build/icyphy/ptII/ptolemy/domains/de/test/auto/ResetTransitionWithStartTime4.xml (RunModel)" time="0.017" />
  <testcase classname="ptolemy.util.test.junit.AutoTests" name="[58] /home/travis/build/icyphy/ptII/ptolemy/domains/de/test/auto/ResettableTimer1.xml (RunModel)" time="0.01" />
  <testcase classname="ptolemy.util.test.junit.AutoTests" name="[59] /home/travis/build/icyphy/ptII/ptolemy/domains/de/test/auto/ResettableTimer2.xml (RunModel)" time="0.008" />
  <testcase classname="ptolemy.util.test.junit.AutoTests" name="[60] /home/travis/build/icyphy/ptII/ptolemy/domains/de/test/auto/ResettableTimer3.xml (RunModel)" time="0.008" />
  <testcase classname="ptolemy.util.test.junit.AutoTests" name="[61] /home/travis/build/icyphy/ptII/ptolemy/domains/de/test/auto/ResettableTimer4.xml (RunModel)" time="0.008" />
  <testcase classname="ptolemy.util.test.junit.AutoTests" name="[62] /home/travis/build/icyphy/ptII/ptolemy/domains/de/test/auto/ResettableTimer5.xml (RunModel)" time="0.009" />
  <testcase classname="ptolemy.util.test.junit.AutoTests" name="[63] /home/travis/build/icyphy/ptII/ptolemy/domains/de/test/auto/ResettableTimer6.xml (RunModel)" time="0.01" />
  <testcase classname="ptolemy.util.test.junit.AutoTests" name="[64] /home/travis/build/icyphy/ptII/ptolemy/domains/de/test/auto/ServerZeroDelay.xml (RunModel)" time="0.009" />
  <testcase classname="ptolemy.util.test.junit.AutoTests" name="[65] /home/travis/build/icyphy/ptII/ptolemy/domains/de/test/auto/SmartSender.xml (RunModel)" time="3.008" />
  <testcase classname="ptolemy.util.test.junit.AutoTests" name="[66] /home/travis/build/icyphy/ptII/ptolemy/domains/de/test/auto/ThreadedComposite.xml (RunModel)" time="1.323" />
  <testcase classname="ptolemy.util.test.junit.AutoTests" name="[67] /home/travis/build/icyphy/ptII/ptolemy/domains/de/test/auto/Time.xml (RunModel)" time="0.408" />
  <testcase classname="ptolemy.util.test.junit.AutoTests" name="[68] /home/travis/build/icyphy/ptII/ptolemy/domains/de/test/auto/TimeDelayZeroDelay.xml (RunModel)" time="0.011" />
  <testcase classname="ptolemy.util.test.junit.AutoTests" name="[69] /home/travis/build/icyphy/ptII/ptolemy/domains/de/test/auto/TimerZeroDelay.xml (RunModel)" time="0.009" />
  <testcase classname="ptolemy.util.test.junit.AutoTests" name="[70] /home/travis/build/icyphy/ptII/ptolemy/domains/de/test/auto/TimingParadox.xml (RunModel)" time="0.336" />
  <testcase classname="ptolemy.util.test.junit.AutoTests" name="[71] /home/travis/build/icyphy/ptII/ptolemy/domains/de/test/auto/TransferInputs.xml (RunModel)" time="0.017" />
  <testcase classname="ptolemy.util.test.junit.AutoTests" name="[72] /home/travis/build/icyphy/ptII/ptolemy/domains/de/test/auto/TransferOutputs2.xml (RunModel)" time="0.013" />
  <testcase classname="ptolemy.util.test.junit.AutoTests" name="[73] /home/travis/build/icyphy/ptII/ptolemy/domains/de/test/auto/Trilateration.xml (RunModel)" time="11.058" />
  <testcase classname="ptolemy.util.test.junit.AutoTests" name="[74] /home/travis/build/icyphy/ptII/ptolemy/domains/de/test/auto/TwoSigmaDelta.xml (RunModel)" time="1.864" />
  <testcase classname="ptolemy.util.test.junit.AutoTests" name="[75] /home/travis/build/icyphy/ptII/ptolemy/domains/de/test/auto/VariableDelay.xml (RunModel)" time="0.015" />
  <testcase classname="ptolemy.util.test.junit.AutoTests" name="[76] /home/travis/build/icyphy/ptII/ptolemy/domains/de/test/auto/VariableDelay2.xml (RunModel)" time="0.01" />
  <testcase classname="ptolemy.util.test.junit.AutoTests" name="[77] /home/travis/build/icyphy/ptII/ptolemy/domains/de/test/auto/VariableDelayZeroDelay.xml (RunModel)" time="0.014" />
  <testcase classname="ptolemy.util.test.junit.AutoTests" name="[78] /home/travis/build/icyphy/ptII/ptolemy/domains/de/test/auto/VariableDelayZeroDelay2.xml (RunModel)" time="0.025" />
  <testcase classname="ptolemy.util.test.junit.AutoTests" name="[79] /home/travis/build/icyphy/ptII/ptolemy/domains/de/test/auto/deInCt.xml (RunModel)" time="0.012" />
  <testcase classname="ptolemy.util.test.junit.AutoTests" name="[80] /home/travis/build/icyphy/ptII/ptolemy/domains/de/test/auto/deInCt2.xml (RunModel)" time="0.019" />
  <testcase classname="ptolemy.util.test.junit.AutoTests" name="[81] /home/travis/build/icyphy/ptII/ptolemy/domains/de/test/auto/dynamicCausalityInterface1.xml (RunModel)" time="0.021" />
  <testcase classname="ptolemy.util.test.junit.AutoTests" name="[82] /home/travis/build/icyphy/ptII/ptolemy/domains/de/test/auto/fsm_de_test.xml (RunModel)" time="0.019" />
  <testcase classname="ptolemy.util.test.junit.AutoTests" name="[83] /home/travis/build/icyphy/ptII/ptolemy/domains/de/test/auto/functionDependencyReconstruction.xml (RunModel)" time="0.028" />
  <testcase classname="ptolemy.util.test.junit.AutoTests" name="[84] /home/travis/build/icyphy/ptII/ptolemy/domains/de/test/auto/multirate.xml (RunModel)" time="0.015" />
  <testcase classname="ptolemy.util.test.junit.AutoTests" name="[85] /home/travis/build/icyphy/ptII/ptolemy/domains/de/test/auto/multirate2.xml (RunModel)" time="0.015" />
  <testcase classname="ptolemy.util.test.junit.AutoTests" name="[86] /home/travis/build/icyphy/ptII/ptolemy/domains/de/test/auto/realtime.xml (RunModel)" time="10.015" />
  <testcase classname="ptolemy.util.test.junit.AutoTests" name="[87] /home/travis/build/icyphy/ptII/ptolemy/domains/de/test/auto/relationGroup.xml (RunModel)" time="0.013" />
  <testcase classname="ptolemy.util.test.junit.AutoTests" name="[88] /home/travis/build/icyphy/ptII/ptolemy/domains/de/test/auto/relationGroup2.xml (RunModel)" time="0.009" />
  <testcase classname="ptolemy.util.test.junit.AutoTests" name="[89] /home/travis/build/icyphy/ptII/ptolemy/domains/de/test/auto/sortWithOpaquePorts.xml (RunModel)" time="0.01" />
  <testcase classname="ptolemy.util.test.junit.AutoTests" name="[90] /home/travis/build/icyphy/ptII/ptolemy/domains/de/test/auto/transferInputsandOutputs.xml (RunModel)" time="0.015" />
  <testcase classname="ptolemy.util.test.junit.AutoTests" name="[91] /home/travis/build/icyphy/ptII/ptolemy/domains/de/test/auto/triggerType.xml (RunModel)" time="0.008" />
  <system-out><![CDATA[/home/travis/build/icyphy/ptII/ptolemy/domains/de/test/DependencyLoop.tcl
testDefs.tcl: setting time out to 9000 seconds at Wed Jan 30 07:41:48 UTC 2019
17 ms. Memory: 116224K Free: 97390K (84%)
18 ms. Memory: 146944K Free: 141236K (96%)
/home/travis/build/icyphy/ptII/ptolemy/domains/de/test/RunDETestsAsQSS.tcl
Run the DE tests using ptolemy.domains.qss.test.QSSDirectorTest, which extends QSSDirector and prints a message in the constructors.
------------------ testing $PTII/ptolemy/domains/de/test/auto/knownFailedTests/dependencyLoop.xml (Known Failure) 
12 ms. Memory: 146944K Free: 136585K (93%)


==== $PTIIhome/travis/build/icyphy/ptII/ptolemy/domains/de/test/../../../../: Auto Automatic test in file $PTII/ptolemy/domains/de/test/auto/knownFailedTests/dependencyLoop.xml
==== Contents of test case:

	    # FIXME: we should use $relativeFilename here, but it
	    # might have backslashes under Windows, which causes no end
	    # of trouble.
	    createAndExecute $file
	    list {}
	
.... Test generated KNOWN error:
    while executing
ptolemy.kernel.util.IllegalActionException: Found a zero delay loop containing .dependencyLoop.original
  in .dependencyLoop and .dependencyLoop.original
	at ptolemy.actor.util.CausalityInterfaceForComposites._computeOutputPortDepth(CausalityInterfaceForComposites.java:759)
	at ptolemy.actor.util.CausalityInterfaceForComposites._computeInputDepth(CausalityInterfaceForComposites.java:696)
	at ptolemy.actor.util.CausalityInterfaceForComposites._computeOutputPortDepth(CausalityInterfaceForComposites.java:765)
	at ptolemy.actor.util.CausalityInterfaceForComposites._computeInputDepth(CausalityInterfaceForComposites.java:696)
	at ptolemy.actor.util.CausalityInterfaceForComposites._computeOutputPortDepth(CausalityInterfaceForComposites.java:765)
	at ptolemy.actor.util.CausalityInterfaceForComposites._computeInputDepth(CausalityInterfaceForComposites.java:696)
	at ptolemy.actor.util.CausalityInterfaceForComposites._computeActorDepth(CausalityInterfaceForComposites.java:532)
	at ptolemy.actor.util.CausalityInterfaceForComposites.checkForCycles(CausalityInterfaceForComposites.java:96)
	at ptolemy.domains.de.kernel.DEDirector.preinitialize(DEDirector.java:1338)
	at ptolemy.actor.CompositeActor.preinitialize(CompositeActor.java:1828)
	at ptolemy.actor.Manager.preinitializeAndResolveTypes(Manager.java:1040)
	at ptolemy.actor.Manager.initialize(Manager.java:710)
	at ptolemy.actor.Manager.execute(Manager.java:356)
	at ptolemy.actor.Manager.run(Manager.java:1263)
	at ptolemy.actor.Manager$PtolemyRunThread.run(Manager.java:1915)

    while executing
ptolemy.kernel.util.IllegalActionException: Found a zero delay loop containing .dependencyLoop.original
  in .dependencyLoop and .dependencyLoop.original
    while executing
"java::new ptolemy.moml.MoMLSimpleApplication $file
"
    (procedure "createAndExecute" line 2)
    invoked from within
"createAndExecute $file"
    ("uplevel" body line 5)
    invoked from within
"uplevel $contents_of_test"
------------------ testing $PTII/ptolemy/domains/de/test/auto/knownFailedTests/DESDFClockTest.xml (Known Failure) 
2093 ms. Memory: 146944K Free: 121422K (83%)


==== $PTIIhome/travis/build/icyphy/ptII/ptolemy/domains/de/test/../../../../: Auto Automatic test in file $PTII/ptolemy/domains/de/test/auto/knownFailedTests/DESDFClockTest.xml
==== Contents of test case:

	    # FIXME: we should use $relativeFilename here, but it
	    # might have backslashes under Windows, which causes no end
	    # of trouble.
	    createAndExecute $file
	    list {}
	
.... Test generated KNOWN error:
    while executing
ptolemy.kernel.util.IllegalActionException: Actor is not ready to fire.  Perhaps UpSample.prefire() returned false? Try debugging the actor by selecting "Listen to Actor".  Also, for SDF check moml for tokenConsumptionRate on input.
  in .DESDFClockTest.Play Bell.Copy1:SDF Director and .DESDFClockTest.Play Bell.UpSample
	at ptolemy.actor.sched.StaticSchedulingDirector.fire(StaticSchedulingDirector.java:227)
	at ptolemy.domains.sdf.kernel.SDFDirector.fire(SDFDirector.java:500)
	at ptolemy.actor.CompositeActor.fire(CompositeActor.java:455)
	at ptolemy.domains.de.kernel.DEDirector._fire(DEDirector.java:1949)
	at ptolemy.domains.de.kernel.DEDirector.fire(DEDirector.java:502)
	at ptolemy.actor.CompositeActor.fire(CompositeActor.java:455)
	at ptolemy.actor.Manager.iterate(Manager.java:851)
	at ptolemy.actor.Manager.execute(Manager.java:369)
	at ptolemy.actor.Manager.run(Manager.java:1263)
	at ptolemy.actor.Manager$PtolemyRunThread.run(Manager.java:1915)

    while executing
ptolemy.kernel.util.IllegalActionException: Actor is not ready to fire.  Perhaps UpSample.prefire() returned false? Try debugging the actor by selecting "Listen to Actor".  Also, for SDF check moml for tokenConsumptionRate on input.
  in .DESDFClockTest.Play Bell.Copy1:SDF Director and .DESDFClockTest.Play Bell.UpSample
    while executing
"java::new ptolemy.moml.MoMLSimpleApplication $file
"
    (procedure "createAndExecute" line 2)
    invoked from within
"createAndExecute $file"
    ("uplevel" body line 5)
    invoked from within
"uplevel $contents_of_test"
------------------ testing $PTII/ptolemy/domains/de/test/auto/knownFailedTests/FSMSource.xml (Known Failure) 
26 ms. Memory: 146944K Free: 112011K (76%)
!!!! Auto was marked as failing, but now passes
------------------ testing $PTII/ptolemy/domains/de/test/auto/knownFailedTests/dependencyLoop2.xml (Known Failure) 
5 ms. Memory: 146944K Free: 110152K (75%)


==== $PTIIhome/travis/build/icyphy/ptII/ptolemy/domains/de/test/../../../../: Auto Automatic test in file $PTII/ptolemy/domains/de/test/auto/knownFailedTests/dependencyLoop2.xml
==== Contents of test case:

	    # FIXME: we should use $relativeFilename here, but it
	    # might have backslashes under Windows, which causes no end
	    # of trouble.
	    createAndExecute $file
	    list {}
	
.... Test generated KNOWN error:
    while executing
ptolemy.kernel.util.IllegalActionException: Found a zero delay loop containing .dependencyLoop2.original
  in .dependencyLoop2 and .dependencyLoop2.original
	at ptolemy.actor.util.CausalityInterfaceForComposites._computeOutputPortDepth(CausalityInterfaceForComposites.java:759)
	at ptolemy.actor.util.CausalityInterfaceForComposites._computeInputDepth(CausalityInterfaceForComposites.java:696)
	at ptolemy.actor.util.CausalityInterfaceForComposites._computeOutputPortDepth(CausalityInterfaceForComposites.java:765)
	at ptolemy.actor.util.CausalityInterfaceForComposites._computeInputDepth(CausalityInterfaceForComposites.java:696)
	at ptolemy.actor.util.CausalityInterfaceForComposites._computeOutputPortDepth(CausalityInterfaceForComposites.java:765)
	at ptolemy.actor.util.CausalityInterfaceForComposites._computeInputDepth(CausalityInterfaceForComposites.java:696)
	at ptolemy.actor.util.CausalityInterfaceForComposites._computeActorDepth(CausalityInterfaceForComposites.java:532)
	at ptolemy.actor.util.CausalityInterfaceForComposites.checkForCycles(CausalityInterfaceForComposites.java:96)
	at ptolemy.domains.de.kernel.DEDirector.preinitialize(DEDirector.java:1338)
	at ptolemy.actor.CompositeActor.preinitialize(CompositeActor.java:1828)
	at ptolemy.actor.Manager.preinitializeAndResolveTypes(Manager.java:1040)
	at ptolemy.actor.Manager.initialize(Manager.java:710)
	at ptolemy.actor.Manager.execute(Manager.java:356)
	at ptolemy.actor.Manager.run(Manager.java:1263)
	at ptolemy.actor.Manager$PtolemyRunThread.run(Manager.java:1915)

    while executing
ptolemy.kernel.util.IllegalActionException: Found a zero delay loop containing .dependencyLoop2.original
  in .dependencyLoop2 and .dependencyLoop2.original
    while executing
"java::new ptolemy.moml.MoMLSimpleApplication $file
"
    (procedure "createAndExecute" line 2)
    invoked from within
"createAndExecute $file"
    ("uplevel" body line 5)
    invoked from within
"uplevel $contents_of_test"
------------------ testing $PTII/ptolemy/domains/de/test/auto/knownFailedTests/HierarchicalModel.xml (Known Failure) 
8 ms. Memory: 146944K Free: 89986K (61%)


==== $PTIIhome/travis/build/icyphy/ptII/ptolemy/domains/de/test/../../../../: Auto Automatic test in file $PTII/ptolemy/domains/de/test/auto/knownFailedTests/HierarchicalModel.xml
==== Contents of test case:

	    # FIXME: we should use $relativeFilename here, but it
	    # might have backslashes under Windows, which causes no end
	    # of trouble.
	    createAndExecute $file
	    list {}
	
.... Test generated KNOWN error:
    while executing
ptolemy.kernel.util.IllegalActionException: Found a zero delay loop containing .HierarchicalModel.A
  in .HierarchicalModel and .HierarchicalModel.A
	at ptolemy.actor.util.CausalityInterfaceForComposites._computeOutputPortDepth(CausalityInterfaceForComposites.java:759)
	at ptolemy.actor.util.CausalityInterfaceForComposites._computeInputDepth(CausalityInterfaceForComposites.java:696)
	at ptolemy.actor.util.CausalityInterfaceForComposites._computeOutputPortDepth(CausalityInterfaceForComposites.java:765)
	at ptolemy.actor.util.CausalityInterfaceForComposites._computeInputDepth(CausalityInterfaceForComposites.java:696)
	at ptolemy.actor.util.CausalityInterfaceForComposites._computeOutputPortDepth(CausalityInterfaceForComposites.java:765)
	at ptolemy.actor.util.CausalityInterfaceForComposites._computeInputDepth(CausalityInterfaceForComposites.java:696)
	at ptolemy.actor.util.CausalityInterfaceForComposites._computeActorDepth(CausalityInterfaceForComposites.java:532)
	at ptolemy.actor.util.CausalityInterfaceForComposites.checkForCycles(CausalityInterfaceForComposites.java:96)
	at ptolemy.domains.de.kernel.DEDirector.preinitialize(DEDirector.java:1338)
	at ptolemy.actor.CompositeActor.preinitialize(CompositeActor.java:1828)
	at ptolemy.actor.Manager.preinitializeAndResolveTypes(Manager.java:1040)
	at ptolemy.actor.Manager.initialize(Manager.java:710)
	at ptolemy.actor.Manager.execute(Manager.java:356)
	at ptolemy.actor.Manager.run(Manager.java:1263)
	at ptolemy.actor.Manager$PtolemyRunThread.run(Manager.java:1915)

    while executing
ptolemy.kernel.util.IllegalActionException: Found a zero delay loop containing .HierarchicalModel.A
  in .HierarchicalModel and .HierarchicalModel.A
    while executing
"java::new ptolemy.moml.MoMLSimpleApplication $file
"
    (procedure "createAndExecute" line 2)
    invoked from within
"createAndExecute $file"
    ("uplevel" body line 5)
    invoked from within
"uplevel $contents_of_test"
------------------ testing $PTII/ptolemy/domains/de/test/auto/knownFailedTests/DirectFeedback.xml (Known Failure) 
4 ms. Memory: 146944K Free: 85866K (58%)


==== $PTIIhome/travis/build/icyphy/ptII/ptolemy/domains/de/test/../../../../: Auto Automatic test in file $PTII/ptolemy/domains/de/test/auto/knownFailedTests/DirectFeedback.xml
==== Contents of test case:

	    # FIXME: we should use $relativeFilename here, but it
	    # might have backslashes under Windows, which causes no end
	    # of trouble.
	    createAndExecute $file
	    list {}
	
.... Test generated KNOWN error:
    while executing
ptolemy.kernel.util.IllegalActionException: Test fails in iteration 1.
Value was: 1.0. Should have been: 2.0
  in .DirectFeedback.Test
	at ptolemy.actor.lib.Test.fire(Test.java:268)
	at ptolemy.domains.de.kernel.DEDirector._fire(DEDirector.java:1949)
	at ptolemy.domains.de.kernel.DEDirector.fire(DEDirector.java:502)
	at ptolemy.actor.CompositeActor.fire(CompositeActor.java:455)
	at ptolemy.actor.Manager.iterate(Manager.java:851)
	at ptolemy.actor.Manager.execute(Manager.java:369)
	at ptolemy.actor.Manager.run(Manager.java:1263)
	at ptolemy.actor.Manager$PtolemyRunThread.run(Manager.java:1915)

    while executing
ptolemy.kernel.util.IllegalActionException: Test fails in iteration 1.
Value was: 1.0. Should have been: 2.0
  in .DirectFeedback.Test
    while executing
"java::new ptolemy.moml.MoMLSimpleApplication $file
"
    (procedure "createAndExecute" line 2)
    invoked from within
"createAndExecute $file"
    ("uplevel" body line 5)
    invoked from within
"uplevel $contents_of_test"
------------------ testing $PTII/ptolemy/domains/de/test/auto/ActorDepthCalculation_actorWithoutPorts.xml
auto.tcl: Setting watchdog for 200 seconds at Wed Jan 30 07:41:51 UTC 2019
3 ms. Memory: 146944K Free: 138995K (95%)
ptolemy.util.test.WatchDog.cancel(): canceling Wed Jan 30 07:41:51 UTC 2019
auto.tcl: Setting watchdog for 200 seconds at Wed Jan 30 07:41:51 UTC 2019
4 ms. Memory: 146944K Free: 136703K (93%)
ptolemy.util.test.WatchDog.cancel(): canceling Wed Jan 30 07:41:51 UTC 2019
------------------ testing $PTII/ptolemy/domains/de/test/auto/AssemblyLine.xml
auto.tcl: Setting watchdog for 200 seconds at Wed Jan 30 07:41:52 UTC 2019
13 ms. Memory: 208384K Free: 183436K (88%)
ptolemy.util.test.WatchDog.cancel(): canceling Wed Jan 30 07:41:52 UTC 2019
auto.tcl: Setting watchdog for 200 seconds at Wed Jan 30 07:41:52 UTC 2019
10 ms. Memory: 208384K Free: 183436K (88%)
ptolemy.util.test.WatchDog.cancel(): canceling Wed Jan 30 07:41:52 UTC 2019
------------------ testing $PTII/ptolemy/domains/de/test/auto/CQBug1.xml
auto.tcl: Setting watchdog for 200 seconds at Wed Jan 30 07:41:52 UTC 2019
3 ms. Memory: 208384K Free: 197924K (95%)
ptolemy.util.test.WatchDog.cancel(): canceling Wed Jan 30 07:41:52 UTC 2019
auto.tcl: Setting watchdog for 200 seconds at Wed Jan 30 07:41:52 UTC 2019
1 ms. Memory: 208384K Free: 197924K (95%)
ptolemy.util.test.WatchDog.cancel(): canceling Wed Jan 30 07:41:52 UTC 2019
------------------ testing $PTII/ptolemy/domains/de/test/auto/CancelFireAt.xml
auto.tcl: Setting watchdog for 200 seconds at Wed Jan 30 07:41:52 UTC 2019
4 ms. Memory: 208384K Free: 201574K (97%)
ptolemy.util.test.WatchDog.cancel(): canceling Wed Jan 30 07:41:52 UTC 2019
auto.tcl: Setting watchdog for 200 seconds at Wed Jan 30 07:41:52 UTC 2019
3 ms. Memory: 208384K Free: 199022K (96%)
ptolemy.util.test.WatchDog.cancel(): canceling Wed Jan 30 07:41:52 UTC 2019
------------------ testing $PTII/ptolemy/domains/de/test/auto/CausalityAndComposabilityAnalysis.xml
auto.tcl: Setting watchdog for 200 seconds at Wed Jan 30 07:41:52 UTC 2019
24 ms. Memory: 208384K Free: 198611K (95%)
ptolemy.util.test.WatchDog.cancel(): canceling Wed Jan 30 07:41:52 UTC 2019
auto.tcl: Setting watchdog for 200 seconds at Wed Jan 30 07:41:52 UTC 2019
4 ms. Memory: 208384K Free: 196563K (94%)
ptolemy.util.test.WatchDog.cancel(): canceling Wed Jan 30 07:41:52 UTC 2019
------------------ testing $PTII/ptolemy/domains/de/test/auto/CausalityInterface1.xml
auto.tcl: Setting watchdog for 200 seconds at Wed Jan 30 07:41:52 UTC 2019
9 ms. Memory: 208384K Free: 196499K (94%)
ptolemy.util.test.WatchDog.cancel(): canceling Wed Jan 30 07:41:52 UTC 2019
auto.tcl: Setting watchdog for 200 seconds at Wed Jan 30 07:41:52 UTC 2019
4 ms. Memory: 208384K Free: 196499K (94%)
ptolemy.util.test.WatchDog.cancel(): canceling Wed Jan 30 07:41:52 UTC 2019
------------------ testing $PTII/ptolemy/domains/de/test/auto/CausalityInterface15.xml
auto.tcl: Setting watchdog for 200 seconds at Wed Jan 30 07:41:52 UTC 2019
10 ms. Memory: 208384K Free: 196482K (94%)
ptolemy.util.test.WatchDog.cancel(): canceling Wed Jan 30 07:41:52 UTC 2019
auto.tcl: Setting watchdog for 200 seconds at Wed Jan 30 07:41:52 UTC 2019
6 ms. Memory: 208384K Free: 196482K (94%)
ptolemy.util.test.WatchDog.cancel(): canceling Wed Jan 30 07:41:52 UTC 2019
------------------ testing $PTII/ptolemy/domains/de/test/auto/CausalityInterface2.xml
auto.tcl: Setting watchdog for 200 seconds at Wed Jan 30 07:41:53 UTC 2019
7 ms. Memory: 208384K Free: 196465K (94%)
ptolemy.util.test.WatchDog.cancel(): canceling Wed Jan 30 07:41:53 UTC 2019
auto.tcl: Setting watchdog for 200 seconds at Wed Jan 30 07:41:53 UTC 2019
3 ms. Memory: 208384K Free: 196465K (94%)
ptolemy.util.test.WatchDog.cancel(): canceling Wed Jan 30 07:41:53 UTC 2019
------------------ testing $PTII/ptolemy/domains/de/test/auto/CausalityInterface3.xml
auto.tcl: Setting watchdog for 200 seconds at Wed Jan 30 07:41:53 UTC 2019
6 ms. Memory: 208384K Free: 196501K (94%)
ptolemy.util.test.WatchDog.cancel(): canceling Wed Jan 30 07:41:53 UTC 2019
auto.tcl: Setting watchdog for 200 seconds at Wed Jan 30 07:41:53 UTC 2019
4 ms. Memory: 208384K Free: 196501K (94%)
ptolemy.util.test.WatchDog.cancel(): canceling Wed Jan 30 07:41:53 UTC 2019
------------------ testing $PTII/ptolemy/domains/de/test/auto/ClockDrift.xml
auto.tcl: Setting watchdog for 200 seconds at Wed Jan 30 07:41:53 UTC 2019
93 ms. Memory: 208384K Free: 187928K (90%)
ptolemy.util.test.WatchDog.cancel(): canceling Wed Jan 30 07:41:53 UTC 2019
auto.tcl: Setting watchdog for 200 seconds at Wed Jan 30 07:41:53 UTC 2019
48 ms. Memory: 208384K Free: 185888K (89%)
ptolemy.util.test.WatchDog.cancel(): canceling Wed Jan 30 07:41:53 UTC 2019
------------------ testing $PTII/ptolemy/domains/de/test/auto/ClockDriftAndValueChange.xml
auto.tcl: Setting watchdog for 200 seconds at Wed Jan 30 07:41:53 UTC 2019
56 ms. Memory: 208384K Free: 187722K (90%)
ptolemy.util.test.WatchDog.cancel(): canceling Wed Jan 30 07:41:53 UTC 2019
auto.tcl: Setting watchdog for 200 seconds at Wed Jan 30 07:41:53 UTC 2019
28 ms. Memory: 208384K Free: 185690K (89%)
ptolemy.util.test.WatchDog.cancel(): canceling Wed Jan 30 07:41:53 UTC 2019
------------------ testing $PTII/ptolemy/domains/de/test/auto/ClockDriftChange.xml
auto.tcl: Setting watchdog for 200 seconds at Wed Jan 30 07:41:53 UTC 2019
20 ms. Memory: 208384K Free: 191014K (92%)
ptolemy.util.test.WatchDog.cancel(): canceling Wed Jan 30 07:41:53 UTC 2019
auto.tcl: Setting watchdog for 200 seconds at Wed Jan 30 07:41:53 UTC 2019
17 ms. Memory: 208384K Free: 188982K (91%)
ptolemy.util.test.WatchDog.cancel(): canceling Wed Jan 30 07:41:53 UTC 2019
------------------ testing $PTII/ptolemy/domains/de/test/auto/ComposableCausalityAnalysis.xml
auto.tcl: Setting watchdog for 200 seconds at Wed Jan 30 07:41:53 UTC 2019
2 ms. Memory: 208384K Free: 196348K (94%)
ptolemy.util.test.WatchDog.cancel(): canceling Wed Jan 30 07:41:53 UTC 2019
auto.tcl: Setting watchdog for 200 seconds at Wed Jan 30 07:41:53 UTC 2019
1 ms. Memory: 208384K Free: 194308K (93%)
ptolemy.util.test.WatchDog.cancel(): canceling Wed Jan 30 07:41:53 UTC 2019
------------------ testing $PTII/ptolemy/domains/de/test/auto/DEFixedPointLimitation.xml
auto.tcl: Setting watchdog for 200 seconds at Wed Jan 30 07:41:53 UTC 2019
2 ms. Memory: 208384K Free: 198469K (95%)
ptolemy.util.test.WatchDog.cancel(): canceling Wed Jan 30 07:41:53 UTC 2019
auto.tcl: Setting watchdog for 200 seconds at Wed Jan 30 07:41:53 UTC 2019
1 ms. Memory: 208384K Free: 196436K (94%)
ptolemy.util.test.WatchDog.cancel(): canceling Wed Jan 30 07:41:53 UTC 2019
------------------ testing $PTII/ptolemy/domains/de/test/auto/DEScheduleTest.xml
auto.tcl: Setting watchdog for 200 seconds at Wed Jan 30 07:41:53 UTC 2019
3 ms. Memory: 208384K Free: 199016K (96%)
ptolemy.util.test.WatchDog.cancel(): canceling Wed Jan 30 07:41:53 UTC 2019
auto.tcl: Setting watchdog for 200 seconds at Wed Jan 30 07:41:53 UTC 2019
6 ms. Memory: 208384K Free: 196448K (94%)
ptolemy.util.test.WatchDog.cancel(): canceling Wed Jan 30 07:41:53 UTC 2019
------------------ testing $PTII/ptolemy/domains/de/test/auto/DEinDEwithStartTimes.xml
auto.tcl: Setting watchdog for 200 seconds at Wed Jan 30 07:41:53 UTC 2019
7 ms. Memory: 208384K Free: 196418K (94%)
ptolemy.util.test.WatchDog.cancel(): canceling Wed Jan 30 07:41:54 UTC 2019
auto.tcl: Setting watchdog for 200 seconds at Wed Jan 30 07:41:54 UTC 2019
5 ms. Memory: 208384K Free: 194386K (93%)
ptolemy.util.test.WatchDog.cancel(): canceling Wed Jan 30 07:41:54 UTC 2019
------------------ testing $PTII/ptolemy/domains/de/test/auto/DEinDEwithStartTimes2.xml
auto.tcl: Setting watchdog for 200 seconds at Wed Jan 30 07:41:54 UTC 2019
9 ms. Memory: 208384K Free: 196414K (94%)
ptolemy.util.test.WatchDog.cancel(): canceling Wed Jan 30 07:41:54 UTC 2019
auto.tcl: Setting watchdog for 200 seconds at Wed Jan 30 07:41:54 UTC 2019
4 ms. Memory: 208384K Free: 194366K (93%)
ptolemy.util.test.WatchDog.cancel(): canceling Wed Jan 30 07:41:54 UTC 2019
------------------ testing $PTII/ptolemy/domains/de/test/auto/DateDemo.xml
auto.tcl: Setting watchdog for 200 seconds at Wed Jan 30 07:41:54 UTC 2019
12 ms. Memory: 208384K Free: 189023K (91%)
ptolemy.util.test.WatchDog.cancel(): canceling Wed Jan 30 07:41:54 UTC 2019
auto.tcl: Setting watchdog for 200 seconds at Wed Jan 30 07:41:54 UTC 2019
5 ms. Memory: 208384K Free: 186990K (90%)
ptolemy.util.test.WatchDog.cancel(): canceling Wed Jan 30 07:41:54 UTC 2019
------------------ testing $PTII/ptolemy/domains/de/test/auto/DateToEvent.xml
auto.tcl: Setting watchdog for 200 seconds at Wed Jan 30 07:41:54 UTC 2019
2012 ms. Memory: 208384K Free: 183948K (88%)
ptolemy.util.test.WatchDog.cancel(): canceling Wed Jan 30 07:41:56 UTC 2019
auto.tcl: Setting watchdog for 200 seconds at Wed Jan 30 07:41:56 UTC 2019
2006 ms. Memory: 208384K Free: 183948K (88%)
ptolemy.util.test.WatchDog.cancel(): canceling Wed Jan 30 07:41:58 UTC 2019
------------------ testing $PTII/ptolemy/domains/de/test/auto/DepthTest1.xml
auto.tcl: Setting watchdog for 200 seconds at Wed Jan 30 07:41:58 UTC 2019
2 ms. Memory: 208384K Free: 196087K (94%)
ptolemy.util.test.WatchDog.cancel(): canceling Wed Jan 30 07:41:58 UTC 2019
auto.tcl: Setting watchdog for 200 seconds at Wed Jan 30 07:41:58 UTC 2019
0 ms. Memory: 208384K Free: 196087K (94%)
ptolemy.util.test.WatchDog.cancel(): canceling Wed Jan 30 07:41:58 UTC 2019
------------------ testing $PTII/ptolemy/domains/de/test/auto/DepthTest2.xml
auto.tcl: Setting watchdog for 200 seconds at Wed Jan 30 07:41:58 UTC 2019
7 ms. Memory: 208384K Free: 194394K (93%)
ptolemy.util.test.WatchDog.cancel(): canceling Wed Jan 30 07:41:58 UTC 2019
auto.tcl: Setting watchdog for 200 seconds at Wed Jan 30 07:41:58 UTC 2019
2 ms. Memory: 208384K Free: 194394K (93%)
ptolemy.util.test.WatchDog.cancel(): canceling Wed Jan 30 07:41:58 UTC 2019
------------------ testing $PTII/ptolemy/domains/de/test/auto/DepthTest3.xml
auto.tcl: Setting watchdog for 200 seconds at Wed Jan 30 07:41:58 UTC 2019
2 ms. Memory: 208384K Free: 198360K (95%)
ptolemy.util.test.WatchDog.cancel(): canceling Wed Jan 30 07:41:58 UTC 2019
auto.tcl: Setting watchdog for 200 seconds at Wed Jan 30 07:41:58 UTC 2019
2 ms. Memory: 208384K Free: 198360K (95%)
ptolemy.util.test.WatchDog.cancel(): canceling Wed Jan 30 07:41:58 UTC 2019
------------------ testing $PTII/ptolemy/domains/de/test/auto/DepthTest4.xml
auto.tcl: Setting watchdog for 200 seconds at Wed Jan 30 07:41:58 UTC 2019
5 ms. Memory: 208384K Free: 196407K (94%)
ptolemy.util.test.WatchDog.cancel(): canceling Wed Jan 30 07:41:58 UTC 2019
auto.tcl: Setting watchdog for 200 seconds at Wed Jan 30 07:41:58 UTC 2019
2 ms. Memory: 208384K Free: 196407K (94%)
ptolemy.util.test.WatchDog.cancel(): canceling Wed Jan 30 07:41:58 UTC 2019
------------------ testing $PTII/ptolemy/domains/de/test/auto/DepthTest5.xml
auto.tcl: Setting watchdog for 200 seconds at Wed Jan 30 07:41:58 UTC 2019
11 ms. Memory: 208384K Free: 196362K (94%)
ptolemy.util.test.WatchDog.cancel(): canceling Wed Jan 30 07:41:58 UTC 2019
auto.tcl: Setting watchdog for 200 seconds at Wed Jan 30 07:41:58 UTC 2019
2 ms. Memory: 208384K Free: 196362K (94%)
ptolemy.util.test.WatchDog.cancel(): canceling Wed Jan 30 07:41:58 UTC 2019
------------------ testing $PTII/ptolemy/domains/de/test/auto/DepthTest6.xml
auto.tcl: Setting watchdog for 200 seconds at Wed Jan 30 07:41:58 UTC 2019
6 ms. Memory: 208384K Free: 196873K (94%)
ptolemy.util.test.WatchDog.cancel(): canceling Wed Jan 30 07:41:58 UTC 2019
auto.tcl: Setting watchdog for 200 seconds at Wed Jan 30 07:41:58 UTC 2019
2 ms. Memory: 208384K Free: 196873K (94%)
ptolemy.util.test.WatchDog.cancel(): canceling Wed Jan 30 07:41:58 UTC 2019
------------------ testing $PTII/ptolemy/domains/de/test/auto/DepthTest7.xml
auto.tcl: Setting watchdog for 200 seconds at Wed Jan 30 07:41:58 UTC 2019
3 ms. Memory: 208384K Free: 196311K (94%)
ptolemy.util.test.WatchDog.cancel(): canceling Wed Jan 30 07:41:58 UTC 2019
auto.tcl: Setting watchdog for 200 seconds at Wed Jan 30 07:41:58 UTC 2019
2 ms. Memory: 208384K Free: 196311K (94%)
ptolemy.util.test.WatchDog.cancel(): canceling Wed Jan 30 07:41:58 UTC 2019
------------------ testing $PTII/ptolemy/domains/de/test/auto/EventToDate.xml
auto.tcl: Setting watchdog for 200 seconds at Wed Jan 30 07:41:58 UTC 2019
3005 ms. Memory: 208384K Free: 186115K (89%)
ptolemy.util.test.WatchDog.cancel(): canceling Wed Jan 30 07:42:01 UTC 2019
auto.tcl: Setting watchdog for 200 seconds at Wed Jan 30 07:42:01 UTC 2019
3005 ms. Memory: 208384K Free: 186115K (89%)
ptolemy.util.test.WatchDog.cancel(): canceling Wed Jan 30 07:42:04 UTC 2019
------------------ testing $PTII/ptolemy/domains/de/test/auto/FSM1.xml
auto.tcl: Setting watchdog for 200 seconds at Wed Jan 30 07:42:04 UTC 2019
43 ms. Memory: 208384K Free: 189482K (91%)
ptolemy.util.test.WatchDog.cancel(): canceling Wed Jan 30 07:42:05 UTC 2019
auto.tcl: Setting watchdog for 200 seconds at Wed Jan 30 07:42:05 UTC 2019
19 ms. Memory: 208384K Free: 185385K (89%)
ptolemy.util.test.WatchDog.cancel(): canceling Wed Jan 30 07:42:05 UTC 2019
------------------ testing $PTII/ptolemy/domains/de/test/auto/FSM7.xml
auto.tcl: Setting watchdog for 200 seconds at Wed Jan 30 07:42:05 UTC 2019
12 ms. Memory: 208384K Free: 189679K (91%)
ptolemy.util.test.WatchDog.cancel(): canceling Wed Jan 30 07:42:05 UTC 2019
auto.tcl: Setting watchdog for 200 seconds at Wed Jan 30 07:42:05 UTC 2019
23 ms. Memory: 208384K Free: 185595K (89%)
ptolemy.util.test.WatchDog.cancel(): canceling Wed Jan 30 07:42:05 UTC 2019
------------------ testing $PTII/ptolemy/domains/de/test/auto/Inspection.xml
auto.tcl: Setting watchdog for 200 seconds at Wed Jan 30 07:42:05 UTC 2019
28 ms. Memory: 208384K Free: 189403K (91%)
ptolemy.util.test.WatchDog.cancel(): canceling Wed Jan 30 07:42:05 UTC 2019
auto.tcl: Setting watchdog for 200 seconds at Wed Jan 30 07:42:05 UTC 2019
23 ms. Memory: 208384K Free: 187371K (90%)
ptolemy.util.test.WatchDog.cancel(): canceling Wed Jan 30 07:42:05 UTC 2019
------------------ testing $PTII/ptolemy/domains/de/test/auto/Iteration.xml
auto.tcl: Setting watchdog for 200 seconds at Wed Jan 30 07:42:05 UTC 2019
15 ms. Memory: 208384K Free: 196646K (94%)
ptolemy.util.test.WatchDog.cancel(): canceling Wed Jan 30 07:42:05 UTC 2019
auto.tcl: Setting watchdog for 200 seconds at Wed Jan 30 07:42:05 UTC 2019
6 ms. Memory: 208384K Free: 194078K (93%)
ptolemy.util.test.WatchDog.cancel(): canceling Wed Jan 30 07:42:05 UTC 2019
------------------ testing $PTII/ptolemy/domains/de/test/auto/LineFault.xml
auto.tcl: Setting watchdog for 200 seconds at Wed Jan 30 07:42:05 UTC 2019
681 ms. Memory: 208384K Free: 199911K (96%)
ptolemy.util.test.WatchDog.cancel(): canceling Wed Jan 30 07:42:06 UTC 2019
auto.tcl: Setting watchdog for 200 seconds at Wed Jan 30 07:42:06 UTC 2019
623 ms. Memory: 208384K Free: 142682K (68%)
ptolemy.util.test.WatchDog.cancel(): canceling Wed Jan 30 07:42:07 UTC 2019
------------------ testing $PTII/ptolemy/domains/de/test/auto/MergeModel1Add.xml
auto.tcl: Setting watchdog for 200 seconds at Wed Jan 30 07:42:07 UTC 2019
16 ms. Memory: 331264K Free: 300860K (91%)
ptolemy.util.test.WatchDog.cancel(): canceling Wed Jan 30 07:42:07 UTC 2019
auto.tcl: Setting watchdog for 200 seconds at Wed Jan 30 07:42:07 UTC 2019
8 ms. Memory: 331264K Free: 300860K (91%)
ptolemy.util.test.WatchDog.cancel(): canceling Wed Jan 30 07:42:07 UTC 2019
------------------ testing $PTII/ptolemy/domains/de/test/auto/MergeModel2Add.xml
auto.tcl: Setting watchdog for 200 seconds at Wed Jan 30 07:42:07 UTC 2019
11 ms. Memory: 331264K Free: 305753K (92%)
ptolemy.util.test.WatchDog.cancel(): canceling Wed Jan 30 07:42:07 UTC 2019
auto.tcl: Setting watchdog for 200 seconds at Wed Jan 30 07:42:07 UTC 2019
7 ms. Memory: 331264K Free: 302183K (91%)
ptolemy.util.test.WatchDog.cancel(): canceling Wed Jan 30 07:42:07 UTC 2019
------------------ testing $PTII/ptolemy/domains/de/test/auto/MergeModel3Add.xml
auto.tcl: Setting watchdog for 200 seconds at Wed Jan 30 07:42:07 UTC 2019
9 ms. Memory: 331264K Free: 305762K (92%)
ptolemy.util.test.WatchDog.cancel(): canceling Wed Jan 30 07:42:07 UTC 2019
auto.tcl: Setting watchdog for 200 seconds at Wed Jan 30 07:42:07 UTC 2019
5 ms. Memory: 331264K Free: 302193K (91%)
ptolemy.util.test.WatchDog.cancel(): canceling Wed Jan 30 07:42:07 UTC 2019
------------------ testing $PTII/ptolemy/domains/de/test/auto/MergeWithoutDiscard.xml
auto.tcl: Setting watchdog for 200 seconds at Wed Jan 30 07:42:07 UTC 2019
7 ms. Memory: 331264K Free: 316051K (95%)
ptolemy.util.test.WatchDog.cancel(): canceling Wed Jan 30 07:42:07 UTC 2019
auto.tcl: Setting watchdog for 200 seconds at Wed Jan 30 07:42:07 UTC 2019
1 ms. Memory: 331264K Free: 316051K (95%)
ptolemy.util.test.WatchDog.cancel(): canceling Wed Jan 30 07:42:07 UTC 2019
------------------ testing $PTII/ptolemy/domains/de/test/auto/Modal1.xml
auto.tcl: Setting watchdog for 200 seconds at Wed Jan 30 07:42:07 UTC 2019
11 ms. Memory: 331264K Free: 310361K (94%)
ptolemy.util.test.WatchDog.cancel(): canceling Wed Jan 30 07:42:07 UTC 2019
auto.tcl: Setting watchdog for 200 seconds at Wed Jan 30 07:42:07 UTC 2019
23 ms. Memory: 331264K Free: 306791K (93%)
ptolemy.util.test.WatchDog.cancel(): canceling Wed Jan 30 07:42:07 UTC 2019
------------------ testing $PTII/ptolemy/domains/de/test/auto/Modal2.xml
auto.tcl: Setting watchdog for 200 seconds at Wed Jan 30 07:42:07 UTC 2019
16 ms. Memory: 331264K Free: 310210K (94%)
ptolemy.util.test.WatchDog.cancel(): canceling Wed Jan 30 07:42:07 UTC 2019
auto.tcl: Setting watchdog for 200 seconds at Wed Jan 30 07:42:07 UTC 2019
18 ms. Memory: 331264K Free: 306641K (93%)
ptolemy.util.test.WatchDog.cancel(): canceling Wed Jan 30 07:42:07 UTC 2019
------------------ testing $PTII/ptolemy/domains/de/test/auto/Modal3.xml
auto.tcl: Setting watchdog for 200 seconds at Wed Jan 30 07:42:07 UTC 2019
15 ms. Memory: 331264K Free: 310206K (94%)
ptolemy.util.test.WatchDog.cancel(): canceling Wed Jan 30 07:42:07 UTC 2019
auto.tcl: Setting watchdog for 200 seconds at Wed Jan 30 07:42:07 UTC 2019
8 ms. Memory: 331264K Free: 306637K (93%)
ptolemy.util.test.WatchDog.cancel(): canceling Wed Jan 30 07:42:07 UTC 2019
------------------ testing $PTII/ptolemy/domains/de/test/auto/Modal4.xml
auto.tcl: Setting watchdog for 200 seconds at Wed Jan 30 07:42:07 UTC 2019
23 ms. Memory: 331264K Free: 310206K (94%)
ptolemy.util.test.WatchDog.cancel(): canceling Wed Jan 30 07:42:08 UTC 2019
auto.tcl: Setting watchdog for 200 seconds at Wed Jan 30 07:42:08 UTC 2019
17 ms. Memory: 331264K Free: 306652K (93%)
ptolemy.util.test.WatchDog.cancel(): canceling Wed Jan 30 07:42:08 UTC 2019
------------------ testing $PTII/ptolemy/domains/de/test/auto/Modal5.xml
auto.tcl: Setting watchdog for 200 seconds at Wed Jan 30 07:42:08 UTC 2019
19 ms. Memory: 331264K Free: 310208K (94%)
ptolemy.util.test.WatchDog.cancel(): canceling Wed Jan 30 07:42:08 UTC 2019
auto.tcl: Setting watchdog for 200 seconds at Wed Jan 30 07:42:08 UTC 2019
13 ms. Memory: 331264K Free: 306638K (93%)
ptolemy.util.test.WatchDog.cancel(): canceling Wed Jan 30 07:42:08 UTC 2019
------------------ testing $PTII/ptolemy/domains/de/test/auto/Modal6.xml
auto.tcl: Setting watchdog for 200 seconds at Wed Jan 30 07:42:08 UTC 2019
10 ms. Memory: 331264K Free: 310198K (94%)
ptolemy.util.test.WatchDog.cancel(): canceling Wed Jan 30 07:42:08 UTC 2019
auto.tcl: Setting watchdog for 200 seconds at Wed Jan 30 07:42:08 UTC 2019
12 ms. Memory: 331264K Free: 306628K (93%)
ptolemy.util.test.WatchDog.cancel(): canceling Wed Jan 30 07:42:08 UTC 2019
------------------ testing $PTII/ptolemy/domains/de/test/auto/Modal7.xml
auto.tcl: Setting watchdog for 200 seconds at Wed Jan 30 07:42:08 UTC 2019
17 ms. Memory: 331264K Free: 306644K (93%)
ptolemy.util.test.WatchDog.cancel(): canceling Wed Jan 30 07:42:08 UTC 2019
auto.tcl: Setting watchdog for 200 seconds at Wed Jan 30 07:42:08 UTC 2019
11 ms. Memory: 331264K Free: 303075K (91%)
ptolemy.util.test.WatchDog.cancel(): canceling Wed Jan 30 07:42:08 UTC 2019
------------------ testing $PTII/ptolemy/domains/de/test/auto/ModalModel.xml
auto.tcl: Setting watchdog for 200 seconds at Wed Jan 30 07:42:08 UTC 2019
160 ms. Memory: 331264K Free: 247606K (75%)
ptolemy.util.test.WatchDog.cancel(): canceling Wed Jan 30 07:42:08 UTC 2019
auto.tcl: Setting watchdog for 200 seconds at Wed Jan 30 07:42:08 UTC 2019
171 ms. Memory: 331264K Free: 190588K (58%)
ptolemy.util.test.WatchDog.cancel(): canceling Wed Jan 30 07:42:08 UTC 2019
------------------ testing $PTII/ptolemy/domains/de/test/auto/ModalSource.xml
auto.tcl: Setting watchdog for 200 seconds at Wed Jan 30 07:42:08 UTC 2019
6 ms. Memory: 331264K Free: 316474K (96%)
ptolemy.util.test.WatchDog.cancel(): canceling Wed Jan 30 07:42:08 UTC 2019
auto.tcl: Setting watchdog for 200 seconds at Wed Jan 30 07:42:08 UTC 2019
6 ms. Memory: 331264K Free: 313202K (95%)
ptolemy.util.test.WatchDog.cancel(): canceling Wed Jan 30 07:42:08 UTC 2019
------------------ testing $PTII/ptolemy/domains/de/test/auto/NonInterruptibleTimerZeroDelay.xml
auto.tcl: Setting watchdog for 200 seconds at Wed Jan 30 07:42:08 UTC 2019
3 ms. Memory: 331264K Free: 320830K (97%)
ptolemy.util.test.WatchDog.cancel(): canceling Wed Jan 30 07:42:08 UTC 2019
auto.tcl: Setting watchdog for 200 seconds at Wed Jan 30 07:42:08 UTC 2019
2 ms. Memory: 331264K Free: 317558K (96%)
ptolemy.util.test.WatchDog.cancel(): canceling Wed Jan 30 07:42:09 UTC 2019
------------------ testing $PTII/ptolemy/domains/de/test/auto/OpenQueueingNetwork.xml
auto.tcl: Setting watchdog for 200 seconds at Wed Jan 30 07:42:09 UTC 2019
2648 ms. Memory: 573952K Free: 414012K (72%)
ptolemy.util.test.WatchDog.cancel(): canceling Wed Jan 30 07:42:11 UTC 2019
auto.tcl: Setting watchdog for 200 seconds at Wed Jan 30 07:42:11 UTC 2019
2307 ms. Memory: 550912K Free: 320267K (58%)
ptolemy.util.test.WatchDog.cancel(): canceling Wed Jan 30 07:42:14 UTC 2019
------------------ testing $PTII/ptolemy/domains/de/test/auto/OpenQueuingNetwork.xml
auto.tcl: Setting watchdog for 200 seconds at Wed Jan 30 07:42:14 UTC 2019
218 ms. Memory: 549888K Free: 446116K (81%)
ptolemy.util.test.WatchDog.cancel(): canceling Wed Jan 30 07:42:14 UTC 2019
auto.tcl: Setting watchdog for 200 seconds at Wed Jan 30 07:42:14 UTC 2019
207 ms. Memory: 549888K Free: 388800K (71%)
ptolemy.util.test.WatchDog.cancel(): canceling Wed Jan 30 07:42:14 UTC 2019
------------------ testing $PTII/ptolemy/domains/de/test/auto/PeriodicSampler.xml
auto.tcl: Setting watchdog for 200 seconds at Wed Jan 30 07:42:14 UTC 2019
2 ms. Memory: 551936K Free: 536707K (97%)
ptolemy.util.test.WatchDog.cancel(): canceling Wed Jan 30 07:42:14 UTC 2019
auto.tcl: Setting watchdog for 200 seconds at Wed Jan 30 07:42:14 UTC 2019
2 ms. Memory: 551936K Free: 536707K (97%)
ptolemy.util.test.WatchDog.cancel(): canceling Wed Jan 30 07:42:14 UTC 2019
------------------ testing $PTII/ptolemy/domains/de/test/auto/PersistentIO.xml
auto.tcl: Setting watchdog for 200 seconds at Wed Jan 30 07:42:14 UTC 2019
14 ms. Memory: 549376K Free: 524841K (96%)
ptolemy.util.test.WatchDog.cancel(): canceling Wed Jan 30 07:42:14 UTC 2019
auto.tcl: Setting watchdog for 200 seconds at Wed Jan 30 07:42:14 UTC 2019
4 ms. Memory: 549376K Free: 524841K (96%)
ptolemy.util.test.WatchDog.cancel(): canceling Wed Jan 30 07:42:14 UTC 2019
------------------ testing $PTII/ptolemy/domains/de/test/auto/PortParameterResetOnInitialize.xml
auto.tcl: Setting watchdog for 200 seconds at Wed Jan 30 07:42:14 UTC 2019
2 ms. Memory: 551424K Free: 531977K (96%)
ptolemy.util.test.WatchDog.cancel(): canceling Wed Jan 30 07:42:14 UTC 2019
auto.tcl: Setting watchdog for 200 seconds at Wed Jan 30 07:42:14 UTC 2019
2 ms. Memory: 551424K Free: 531977K (96%)
ptolemy.util.test.WatchDog.cancel(): canceling Wed Jan 30 07:42:14 UTC 2019
------------------ testing $PTII/ptolemy/domains/de/test/auto/PortParameterUpdates.xml
auto.tcl: Setting watchdog for 200 seconds at Wed Jan 30 07:42:14 UTC 2019
4 ms. Memory: 549376K Free: 534199K (97%)
ptolemy.util.test.WatchDog.cancel(): canceling Wed Jan 30 07:42:14 UTC 2019
auto.tcl: Setting watchdog for 200 seconds at Wed Jan 30 07:42:14 UTC 2019
4 ms. Memory: 549376K Free: 528988K (96%)
ptolemy.util.test.WatchDog.cancel(): canceling Wed Jan 30 07:42:14 UTC 2019
------------------ testing $PTII/ptolemy/domains/de/test/auto/QueueAndServer.xml
auto.tcl: Setting watchdog for 200 seconds at Wed Jan 30 07:42:15 UTC 2019
6 ms. Memory: 551424K Free: 530984K (96%)
ptolemy.util.test.WatchDog.cancel(): canceling Wed Jan 30 07:42:15 UTC 2019
auto.tcl: Setting watchdog for 200 seconds at Wed Jan 30 07:42:15 UTC 2019
6 ms. Memory: 551424K Free: 530984K (96%)
ptolemy.util.test.WatchDog.cancel(): canceling Wed Jan 30 07:42:15 UTC 2019
------------------ testing $PTII/ptolemy/domains/de/test/auto/Records.xml
auto.tcl: Setting watchdog for 200 seconds at Wed Jan 30 07:42:15 UTC 2019
14 ms. Memory: 549376K Free: 534105K (97%)
ptolemy.util.test.WatchDog.cancel(): canceling Wed Jan 30 07:42:15 UTC 2019
auto.tcl: Setting watchdog for 200 seconds at Wed Jan 30 07:42:15 UTC 2019
3 ms. Memory: 549376K Free: 528894K (96%)
ptolemy.util.test.WatchDog.cancel(): canceling Wed Jan 30 07:42:15 UTC 2019
------------------ testing $PTII/ptolemy/domains/de/test/auto/ResetTransitionWithStartTime1.xml
auto.tcl: Setting watchdog for 200 seconds at Wed Jan 30 07:42:15 UTC 2019
16 ms. Memory: 551424K Free: 530951K (96%)
ptolemy.util.test.WatchDog.cancel(): canceling Wed Jan 30 07:42:15 UTC 2019
auto.tcl: Setting watchdog for 200 seconds at Wed Jan 30 07:42:15 UTC 2019
9 ms. Memory: 551424K Free: 530951K (96%)
ptolemy.util.test.WatchDog.cancel(): canceling Wed Jan 30 07:42:15 UTC 2019
------------------ testing $PTII/ptolemy/domains/de/test/auto/ResetTransitionWithStartTime2.xml
auto.tcl: Setting watchdog for 200 seconds at Wed Jan 30 07:42:15 UTC 2019
10 ms. Memory: 549376K Free: 529437K (96%)
ptolemy.util.test.WatchDog.cancel(): canceling Wed Jan 30 07:42:15 UTC 2019
auto.tcl: Setting watchdog for 200 seconds at Wed Jan 30 07:42:15 UTC 2019
6 ms. Memory: 549376K Free: 529437K (96%)
ptolemy.util.test.WatchDog.cancel(): canceling Wed Jan 30 07:42:15 UTC 2019
------------------ testing $PTII/ptolemy/domains/de/test/auto/ResetTransitionWithStartTime3.xml
auto.tcl: Setting watchdog for 200 seconds at Wed Jan 30 07:42:15 UTC 2019
6 ms. Memory: 550912K Free: 530429K (96%)
ptolemy.util.test.WatchDog.cancel(): canceling Wed Jan 30 07:42:15 UTC 2019
auto.tcl: Setting watchdog for 200 seconds at Wed Jan 30 07:42:15 UTC 2019
9 ms. Memory: 550912K Free: 530429K (96%)
ptolemy.util.test.WatchDog.cancel(): canceling Wed Jan 30 07:42:15 UTC 2019
------------------ testing $PTII/ptolemy/domains/de/test/auto/ResetTransitionWithStartTime4.xml
auto.tcl: Setting watchdog for 200 seconds at Wed Jan 30 07:42:15 UTC 2019
4 ms. Memory: 549376K Free: 519539K (95%)
ptolemy.util.test.WatchDog.cancel(): canceling Wed Jan 30 07:42:15 UTC 2019
auto.tcl: Setting watchdog for 200 seconds at Wed Jan 30 07:42:15 UTC 2019
4 ms. Memory: 549376K Free: 519539K (95%)
ptolemy.util.test.WatchDog.cancel(): canceling Wed Jan 30 07:42:15 UTC 2019
------------------ testing $PTII/ptolemy/domains/de/test/auto/ResettableTimer1.xml
auto.tcl: Setting watchdog for 200 seconds at Wed Jan 30 07:42:15 UTC 2019
4 ms. Memory: 550912K Free: 535648K (97%)
ptolemy.util.test.WatchDog.cancel(): canceling Wed Jan 30 07:42:15 UTC 2019
auto.tcl: Setting watchdog for 200 seconds at Wed Jan 30 07:42:15 UTC 2019
3 ms. Memory: 550912K Free: 535648K (97%)
ptolemy.util.test.WatchDog.cancel(): canceling Wed Jan 30 07:42:15 UTC 2019
------------------ testing $PTII/ptolemy/domains/de/test/auto/ResettableTimer2.xml
auto.tcl: Setting watchdog for 200 seconds at Wed Jan 30 07:42:15 UTC 2019
2 ms. Memory: 549376K Free: 534714K (97%)
ptolemy.util.test.WatchDog.cancel(): canceling Wed Jan 30 07:42:15 UTC 2019
auto.tcl: Setting watchdog for 200 seconds at Wed Jan 30 07:42:15 UTC 2019
3 ms. Memory: 549376K Free: 534714K (97%)
ptolemy.util.test.WatchDog.cancel(): canceling Wed Jan 30 07:42:15 UTC 2019
------------------ testing $PTII/ptolemy/domains/de/test/auto/ResettableTimer3.xml
auto.tcl: Setting watchdog for 200 seconds at Wed Jan 30 07:42:15 UTC 2019
2 ms. Memory: 550912K Free: 535706K (97%)
ptolemy.util.test.WatchDog.cancel(): canceling Wed Jan 30 07:42:15 UTC 2019
auto.tcl: Setting watchdog for 200 seconds at Wed Jan 30 07:42:15 UTC 2019
1 ms. Memory: 550912K Free: 535706K (97%)
ptolemy.util.test.WatchDog.cancel(): canceling Wed Jan 30 07:42:15 UTC 2019
------------------ testing $PTII/ptolemy/domains/de/test/auto/ResettableTimer4.xml
auto.tcl: Setting watchdog for 200 seconds at Wed Jan 30 07:42:15 UTC 2019
1 ms. Memory: 549376K Free: 534726K (97%)
ptolemy.util.test.WatchDog.cancel(): canceling Wed Jan 30 07:42:15 UTC 2019
auto.tcl: Setting watchdog for 200 seconds at Wed Jan 30 07:42:15 UTC 2019
1 ms. Memory: 549376K Free: 534726K (97%)
ptolemy.util.test.WatchDog.cancel(): canceling Wed Jan 30 07:42:15 UTC 2019
------------------ testing $PTII/ptolemy/domains/de/test/auto/ResettableTimer5.xml
auto.tcl: Setting watchdog for 200 seconds at Wed Jan 30 07:42:15 UTC 2019
1 ms. Memory: 550400K Free: 535748K (97%)
ptolemy.util.test.WatchDog.cancel(): canceling Wed Jan 30 07:42:15 UTC 2019
auto.tcl: Setting watchdog for 200 seconds at Wed Jan 30 07:42:15 UTC 2019
1 ms. Memory: 550400K Free: 535748K (97%)
ptolemy.util.test.WatchDog.cancel(): canceling Wed Jan 30 07:42:15 UTC 2019
------------------ testing $PTII/ptolemy/domains/de/test/auto/ResettableTimer6.xml
auto.tcl: Setting watchdog for 200 seconds at Wed Jan 30 07:42:15 UTC 2019
2 ms. Memory: 549376K Free: 529450K (96%)
ptolemy.util.test.WatchDog.cancel(): canceling Wed Jan 30 07:42:15 UTC 2019
auto.tcl: Setting watchdog for 200 seconds at Wed Jan 30 07:42:15 UTC 2019
1 ms. Memory: 549376K Free: 529450K (96%)
ptolemy.util.test.WatchDog.cancel(): canceling Wed Jan 30 07:42:15 UTC 2019
------------------ testing $PTII/ptolemy/domains/de/test/auto/ServerZeroDelay.xml
auto.tcl: Setting watchdog for 200 seconds at Wed Jan 30 07:42:15 UTC 2019
4 ms. Memory: 550400K Free: 535688K (97%)
ptolemy.util.test.WatchDog.cancel(): canceling Wed Jan 30 07:42:15 UTC 2019
auto.tcl: Setting watchdog for 200 seconds at Wed Jan 30 07:42:15 UTC 2019
5 ms. Memory: 550400K Free: 535688K (97%)
ptolemy.util.test.WatchDog.cancel(): canceling Wed Jan 30 07:42:15 UTC 2019
------------------ testing $PTII/ptolemy/domains/de/test/auto/SmartSender.xml
auto.tcl: Setting watchdog for 200 seconds at Wed Jan 30 07:42:15 UTC 2019
3002 ms. Memory: 549376K Free: 529980K (96%)
ptolemy.util.test.WatchDog.cancel(): canceling Wed Jan 30 07:42:18 UTC 2019
auto.tcl: Setting watchdog for 200 seconds at Wed Jan 30 07:42:18 UTC 2019
3001 ms. Memory: 549376K Free: 529980K (96%)
ptolemy.util.test.WatchDog.cancel(): canceling Wed Jan 30 07:42:21 UTC 2019
------------------ testing $PTII/ptolemy/domains/de/test/auto/ThreadedComposite.xml
auto.tcl: Setting watchdog for 200 seconds at Wed Jan 30 07:42:21 UTC 2019
188 ms. Memory: 550400K Free: 510686K (93%)
ptolemy.util.test.WatchDog.cancel(): canceling Wed Jan 30 07:42:22 UTC 2019
auto.tcl: Setting watchdog for 200 seconds at Wed Jan 30 07:42:22 UTC 2019
107 ms. Memory: 550400K Free: 496116K (90%)
ptolemy.util.test.WatchDog.cancel(): canceling Wed Jan 30 07:42:22 UTC 2019
------------------ testing $PTII/ptolemy/domains/de/test/auto/Time.xml
auto.tcl: Setting watchdog for 200 seconds at Wed Jan 30 07:42:22 UTC 2019
499 ms. Memory: 549376K Free: 482365K (88%)
ptolemy.util.test.WatchDog.cancel(): canceling Wed Jan 30 07:42:22 UTC 2019
auto.tcl: Setting watchdog for 200 seconds at Wed Jan 30 07:42:22 UTC 2019
502 ms. Memory: 549376K Free: 425049K (77%)
ptolemy.util.test.WatchDog.cancel(): canceling Wed Jan 30 07:42:23 UTC 2019
------------------ testing $PTII/ptolemy/domains/de/test/auto/TimeDelayZeroDelay.xml
auto.tcl: Setting watchdog for 200 seconds at Wed Jan 30 07:42:23 UTC 2019
2 ms. Memory: 550400K Free: 535062K (97%)
ptolemy.util.test.WatchDog.cancel(): canceling Wed Jan 30 07:42:23 UTC 2019
auto.tcl: Setting watchdog for 200 seconds at Wed Jan 30 07:42:23 UTC 2019
2 ms. Memory: 550400K Free: 535062K (97%)
ptolemy.util.test.WatchDog.cancel(): canceling Wed Jan 30 07:42:23 UTC 2019
------------------ testing $PTII/ptolemy/domains/de/test/auto/TimerZeroDelay.xml
auto.tcl: Setting watchdog for 200 seconds at Wed Jan 30 07:42:23 UTC 2019
2 ms. Memory: 549376K Free: 534626K (97%)
ptolemy.util.test.WatchDog.cancel(): canceling Wed Jan 30 07:42:23 UTC 2019
auto.tcl: Setting watchdog for 200 seconds at Wed Jan 30 07:42:23 UTC 2019
2 ms. Memory: 549376K Free: 534626K (97%)
ptolemy.util.test.WatchDog.cancel(): canceling Wed Jan 30 07:42:23 UTC 2019
------------------ testing $PTII/ptolemy/domains/de/test/auto/TimingParadox.xml
auto.tcl: Setting watchdog for 200 seconds at Wed Jan 30 07:42:23 UTC 2019
327 ms. Memory: 549888K Free: 470556K (86%)
ptolemy.util.test.WatchDog.cancel(): canceling Wed Jan 30 07:42:23 UTC 2019
auto.tcl: Setting watchdog for 200 seconds at Wed Jan 30 07:42:23 UTC 2019
305 ms. Memory: 549888K Free: 434083K (79%)
ptolemy.util.test.WatchDog.cancel(): canceling Wed Jan 30 07:42:24 UTC 2019
------------------ testing $PTII/ptolemy/domains/de/test/auto/TransferInputs.xml
auto.tcl: Setting watchdog for 200 seconds at Wed Jan 30 07:42:24 UTC 2019
7 ms. Memory: 549888K Free: 534099K (97%)
ptolemy.util.test.WatchDog.cancel(): canceling Wed Jan 30 07:42:24 UTC 2019
auto.tcl: Setting watchdog for 200 seconds at Wed Jan 30 07:42:24 UTC 2019
1 ms. Memory: 549888K Free: 534099K (97%)
ptolemy.util.test.WatchDog.cancel(): canceling Wed Jan 30 07:42:24 UTC 2019
------------------ testing $PTII/ptolemy/domains/de/test/auto/TransferOutputs2.xml
auto.tcl: Setting watchdog for 200 seconds at Wed Jan 30 07:42:24 UTC 2019
4 ms. Memory: 549376K Free: 524790K (96%)
ptolemy.util.test.WatchDog.cancel(): canceling Wed Jan 30 07:42:24 UTC 2019
auto.tcl: Setting watchdog for 200 seconds at Wed Jan 30 07:42:24 UTC 2019
2 ms. Memory: 549376K Free: 524790K (96%)
ptolemy.util.test.WatchDog.cancel(): canceling Wed Jan 30 07:42:24 UTC 2019
------------------ testing $PTII/ptolemy/domains/de/test/auto/Trilateration.xml
auto.tcl: Setting watchdog for 200 seconds at Wed Jan 30 07:42:24 UTC 2019
12863 ms. Memory: 766976K Free: 272914K (36%)
ptolemy.util.test.WatchDog.cancel(): canceling Wed Jan 30 07:42:38 UTC 2019
auto.tcl: Setting watchdog for 200 seconds at Wed Jan 30 07:42:38 UTC 2019
10316 ms. Memory: 646144K Free: 138438K (21%)
ptolemy.util.test.WatchDog.cancel(): canceling Wed Jan 30 07:42:48 UTC 2019
------------------ testing $PTII/ptolemy/domains/de/test/auto/TwoSigmaDelta.xml
auto.tcl: Setting watchdog for 200 seconds at Wed Jan 30 07:42:48 UTC 2019
2597 ms. Memory: 649728K Free: 363786K (56%)
ptolemy.util.test.WatchDog.cancel(): canceling Wed Jan 30 07:42:51 UTC 2019
auto.tcl: Setting watchdog for 200 seconds at Wed Jan 30 07:42:51 UTC 2019
1984 ms. Memory: 649728K Free: 128162K (20%)
ptolemy.util.test.WatchDog.cancel(): canceling Wed Jan 30 07:42:53 UTC 2019
------------------ testing $PTII/ptolemy/domains/de/test/auto/VariableDelay.xml
auto.tcl: Setting watchdog for 200 seconds at Wed Jan 30 07:42:53 UTC 2019
2 ms. Memory: 646656K Free: 627009K (97%)
ptolemy.util.test.WatchDog.cancel(): canceling Wed Jan 30 07:42:53 UTC 2019
auto.tcl: Setting watchdog for 200 seconds at Wed Jan 30 07:42:53 UTC 2019
2 ms. Memory: 646656K Free: 627009K (97%)
ptolemy.util.test.WatchDog.cancel(): canceling Wed Jan 30 07:42:53 UTC 2019
------------------ testing $PTII/ptolemy/domains/de/test/auto/VariableDelay2.xml
auto.tcl: Setting watchdog for 200 seconds at Wed Jan 30 07:42:53 UTC 2019
1 ms. Memory: 646144K Free: 626986K (97%)
ptolemy.util.test.WatchDog.cancel(): canceling Wed Jan 30 07:42:53 UTC 2019
auto.tcl: Setting watchdog for 200 seconds at Wed Jan 30 07:42:53 UTC 2019
2 ms. Memory: 646144K Free: 626986K (97%)
ptolemy.util.test.WatchDog.cancel(): canceling Wed Jan 30 07:42:53 UTC 2019
------------------ testing $PTII/ptolemy/domains/de/test/auto/VariableDelayZeroDelay.xml
auto.tcl: Setting watchdog for 200 seconds at Wed Jan 30 07:42:53 UTC 2019
2 ms. Memory: 646144K Free: 621338K (96%)
ptolemy.util.test.WatchDog.cancel(): canceling Wed Jan 30 07:42:53 UTC 2019
auto.tcl: Setting watchdog for 200 seconds at Wed Jan 30 07:42:53 UTC 2019
1 ms. Memory: 646144K Free: 621338K (96%)
ptolemy.util.test.WatchDog.cancel(): canceling Wed Jan 30 07:42:53 UTC 2019
------------------ testing $PTII/ptolemy/domains/de/test/auto/VariableDelayZeroDelay2.xml
auto.tcl: Setting watchdog for 200 seconds at Wed Jan 30 07:42:53 UTC 2019
1 ms. Memory: 649216K Free: 624407K (96%)
ptolemy.util.test.WatchDog.cancel(): canceling Wed Jan 30 07:42:53 UTC 2019
auto.tcl: Setting watchdog for 200 seconds at Wed Jan 30 07:42:53 UTC 2019
2 ms. Memory: 649216K Free: 624407K (96%)
ptolemy.util.test.WatchDog.cancel(): canceling Wed Jan 30 07:42:53 UTC 2019
------------------ testing $PTII/ptolemy/domains/de/test/auto/deInCt.xml
auto.tcl: Setting watchdog for 200 seconds at Wed Jan 30 07:42:53 UTC 2019
0
1
1
1
0
0
0
0
1
1
1
1
0
0
1
1
1
1
0
0
0
1
1
1
0
0
0
1
1
1
0
0
0
0
0
1
1
0
0
0
1
1
1
1
7 ms. Memory: 646144K Free: 621333K (96%)
ptolemy.util.test.WatchDog.cancel(): canceling Wed Jan 30 07:42:53 UTC 2019
auto.tcl: Setting watchdog for 200 seconds at Wed Jan 30 07:42:53 UTC 2019
0
1
1
1
0
0
0
1
1
0
0
1
1
1
0
0
0
0
0
0
1
1
1
0
0
0
1
1
1
0
0
0
0
1
1
1
0
0
0
1
1
0
0
0
0
1
1
1
1
6 ms. Memory: 646144K Free: 621333K (96%)
ptolemy.util.test.WatchDog.cancel(): canceling Wed Jan 30 07:42:53 UTC 2019
------------------ testing $PTII/ptolemy/domains/de/test/auto/deInCt2.xml
auto.tcl: Setting watchdog for 200 seconds at Wed Jan 30 07:42:53 UTC 2019
0
1
1
1
0
0
1
1
1
0
0
1
1
1
0
0
1
1
1
0
0
1
1
1
0
0
1
1
1
0
0
1
1
1
0
0
1
1
1
0
0
0
9 ms. Memory: 648704K Free: 623892K (96%)
ptolemy.util.test.WatchDog.cancel(): canceling Wed Jan 30 07:42:53 UTC 2019
auto.tcl: Setting watchdog for 200 seconds at Wed Jan 30 07:42:53 UTC 2019
0
1
1
1
0
0
1
1
1
0
0
1
1
1
0
0
1
1
1
0
0
1
1
1
0
0
1
1
1
0
0
1
1
1
0
0
1
1
1
0
0
0
4 ms. Memory: 648704K Free: 623892K (96%)
ptolemy.util.test.WatchDog.cancel(): canceling Wed Jan 30 07:42:53 UTC 2019
------------------ testing $PTII/ptolemy/domains/de/test/auto/dynamicCausalityInterface1.xml
auto.tcl: Setting watchdog for 200 seconds at Wed Jan 30 07:42:53 UTC 2019
1 ms. Memory: 646144K Free: 612727K (95%)
ptolemy.util.test.WatchDog.cancel(): canceling Wed Jan 30 07:42:53 UTC 2019
auto.tcl: Setting watchdog for 200 seconds at Wed Jan 30 07:42:53 UTC 2019
1 ms. Memory: 646144K Free: 612727K (95%)
ptolemy.util.test.WatchDog.cancel(): canceling Wed Jan 30 07:42:53 UTC 2019
------------------ testing $PTII/ptolemy/domains/de/test/auto/fsm_de_test.xml
auto.tcl: Setting watchdog for 200 seconds at Wed Jan 30 07:42:53 UTC 2019
9 ms. Memory: 648192K Free: 623271K (96%)
ptolemy.util.test.WatchDog.cancel(): canceling Wed Jan 30 07:42:53 UTC 2019
auto.tcl: Setting watchdog for 200 seconds at Wed Jan 30 07:42:53 UTC 2019
6 ms. Memory: 648192K Free: 614670K (95%)
ptolemy.util.test.WatchDog.cancel(): canceling Wed Jan 30 07:42:53 UTC 2019
------------------ testing $PTII/ptolemy/domains/de/test/auto/functionDependencyReconstruction.xml
auto.tcl: Setting watchdog for 200 seconds at Wed Jan 30 07:42:53 UTC 2019
2 ms. Memory: 646144K Free: 612628K (95%)
ptolemy.util.test.WatchDog.cancel(): canceling Wed Jan 30 07:42:54 UTC 2019
auto.tcl: Setting watchdog for 200 seconds at Wed Jan 30 07:42:54 UTC 2019
3 ms. Memory: 646144K Free: 612628K (95%)
ptolemy.util.test.WatchDog.cancel(): canceling Wed Jan 30 07:42:54 UTC 2019
------------------ testing $PTII/ptolemy/domains/de/test/auto/multirate.xml
auto.tcl: Setting watchdog for 200 seconds at Wed Jan 30 07:42:54 UTC 2019
3 ms. Memory: 648192K Free: 623137K (96%)
ptolemy.util.test.WatchDog.cancel(): canceling Wed Jan 30 07:42:54 UTC 2019
auto.tcl: Setting watchdog for 200 seconds at Wed Jan 30 07:42:54 UTC 2019
3 ms. Memory: 648192K Free: 623137K (96%)
ptolemy.util.test.WatchDog.cancel(): canceling Wed Jan 30 07:42:54 UTC 2019
------------------ testing $PTII/ptolemy/domains/de/test/auto/multirate2.xml
auto.tcl: Setting watchdog for 200 seconds at Wed Jan 30 07:42:54 UTC 2019
6 ms. Memory: 646144K Free: 621277K (96%)
ptolemy.util.test.WatchDog.cancel(): canceling Wed Jan 30 07:42:54 UTC 2019
auto.tcl: Setting watchdog for 200 seconds at Wed Jan 30 07:42:54 UTC 2019
3 ms. Memory: 646144K Free: 621277K (96%)
ptolemy.util.test.WatchDog.cancel(): canceling Wed Jan 30 07:42:54 UTC 2019
------------------ testing $PTII/ptolemy/domains/de/test/auto/realtime.xml
auto.tcl: Setting watchdog for 200 seconds at Wed Jan 30 07:42:54 UTC 2019
10002 ms. Memory: 647680K Free: 622736K (96%)
ptolemy.util.test.WatchDog.cancel(): canceling Wed Jan 30 07:43:04 UTC 2019
auto.tcl: Setting watchdog for 200 seconds at Wed Jan 30 07:43:04 UTC 2019
10001 ms. Memory: 647680K Free: 622736K (96%)
ptolemy.util.test.WatchDog.cancel(): canceling Wed Jan 30 07:43:14 UTC 2019
------------------ testing $PTII/ptolemy/domains/de/test/auto/relationGroup.xml
auto.tcl: Setting watchdog for 200 seconds at Wed Jan 30 07:43:14 UTC 2019
8 ms. Memory: 646144K Free: 621301K (96%)
ptolemy.util.test.WatchDog.cancel(): canceling Wed Jan 30 07:43:14 UTC 2019
auto.tcl: Setting watchdog for 200 seconds at Wed Jan 30 07:43:14 UTC 2019
1 ms. Memory: 646144K Free: 621301K (96%)
ptolemy.util.test.WatchDog.cancel(): canceling Wed Jan 30 07:43:14 UTC 2019
------------------ testing $PTII/ptolemy/domains/de/test/auto/relationGroup2.xml
auto.tcl: Setting watchdog for 200 seconds at Wed Jan 30 07:43:14 UTC 2019
1 ms. Memory: 647680K Free: 622863K (96%)
ptolemy.util.test.WatchDog.cancel(): canceling Wed Jan 30 07:43:14 UTC 2019
auto.tcl: Setting watchdog for 200 seconds at Wed Jan 30 07:43:14 UTC 2019
2 ms. Memory: 647680K Free: 622863K (96%)
ptolemy.util.test.WatchDog.cancel(): canceling Wed Jan 30 07:43:14 UTC 2019
------------------ testing $PTII/ptolemy/domains/de/test/auto/sortWithOpaquePorts.xml
auto.tcl: Setting watchdog for 200 seconds at Wed Jan 30 07:43:14 UTC 2019
1 ms. Memory: 646144K Free: 621328K (96%)
ptolemy.util.test.WatchDog.cancel(): canceling Wed Jan 30 07:43:14 UTC 2019
auto.tcl: Setting watchdog for 200 seconds at Wed Jan 30 07:43:14 UTC 2019
2 ms. Memory: 646144K Free: 621328K (96%)
ptolemy.util.test.WatchDog.cancel(): canceling Wed Jan 30 07:43:14 UTC 2019
------------------ testing $PTII/ptolemy/domains/de/test/auto/transferInputsandOutputs.xml
auto.tcl: Setting watchdog for 200 seconds at Wed Jan 30 07:43:14 UTC 2019
2 ms. Memory: 647168K Free: 622339K (96%)
ptolemy.util.test.WatchDog.cancel(): canceling Wed Jan 30 07:43:14 UTC 2019
auto.tcl: Setting watchdog for 200 seconds at Wed Jan 30 07:43:14 UTC 2019
2 ms. Memory: 647168K Free: 622339K (96%)
ptolemy.util.test.WatchDog.cancel(): canceling Wed Jan 30 07:43:14 UTC 2019
------------------ testing $PTII/ptolemy/domains/de/test/auto/triggerType.xml
auto.tcl: Setting watchdog for 200 seconds at Wed Jan 30 07:43:14 UTC 2019
4 ms. Memory: 646144K Free: 621264K (96%)
ptolemy.util.test.WatchDog.cancel(): canceling Wed Jan 30 07:43:14 UTC 2019
auto.tcl: Setting watchdog for 200 seconds at Wed Jan 30 07:43:14 UTC 2019
1 ms. Memory: 646144K Free: 621264K (96%)
ptolemy.util.test.WatchDog.cancel(): canceling Wed Jan 30 07:43:14 UTC 2019
01/30/19 07:43:14
Failed: 0  Total Tests: 192  ((Passed: 187, Newly Passed: 1)  Known Failed: 5) /home/travis/build/icyphy/ptII/ptolemy/domains/de/test
01/30/19 07:43:14
Failed: 0  Total Tests: 192  ((Passed: 187, Newly Passed: 1)  Known Failed: 5) /home/travis/build/icyphy/ptII/ptolemy/domains/de/test
----------------- testing (KnownFailure) /home/travis/build/icyphy/ptII/ptolemy/domains/de/test/auto/knownFailedTests/DESDFClockTest.xml
2018 ms. Memory: 647168K Free: 610970K (94%)
Known Failure: java.lang.reflect.InvocationTargetException
----------------- testing (KnownFailure) /home/travis/build/icyphy/ptII/ptolemy/domains/de/test/auto/knownFailedTests/DirectFeedback.xml
1 ms. Memory: 647168K Free: 565791K (87%)
Known Failure: java.lang.reflect.InvocationTargetException
----------------- testing (KnownFailure) /home/travis/build/icyphy/ptII/ptolemy/domains/de/test/auto/knownFailedTests/FSMSource.xml
6 ms. Memory: 647168K Free: 520612K (80%)
----------------- testing (KnownFailure) /home/travis/build/icyphy/ptII/ptolemy/domains/de/test/auto/knownFailedTests/HierarchicalModel.xml
3 ms. Memory: 647168K Free: 486712K (75%)
Known Failure: java.lang.reflect.InvocationTargetException
----------------- testing (KnownFailure) /home/travis/build/icyphy/ptII/ptolemy/domains/de/test/auto/knownFailedTests/dependencyLoop.xml
1 ms. Memory: 647168K Free: 430230K (66%)
Known Failure: java.lang.reflect.InvocationTargetException
----------------- testing (KnownFailure) /home/travis/build/icyphy/ptII/ptolemy/domains/de/test/auto/knownFailedTests/dependencyLoop2.xml
5 ms. Memory: 647168K Free: 373756K (58%)
Known Failure: java.lang.reflect.InvocationTargetException
No auto/linux-amd64/*.xml tests in /home/travis/build/icyphy/ptII/ptolemy/domains/de/test
AutoTests.java: About to close Vertx.
AutoTests.java: Vertx closed.

===========================================================================================
----------------- testing Wed Jan 30 07:43:16 UTC 2019 /home/travis/build/icyphy/ptII/ptolemy/domains/de/test/auto/ActorDepthCalculation_actorWithoutPorts.xml
----------------- Instantiating /home/travis/build/icyphy/ptII/ptolemy/domains/de/test/auto/ActorDepthCalculation_actorWithoutPorts.xml
1 ms. Memory: 647168K Free: 317282K (49%)
----------------- Invoking toplevel() on ptolemy.moml.MoMLSimpleApplication@5ca884bb
----------------- Done invoking toplevel() on ptolemy.moml.MoMLSimpleApplication@5ca884bb
reloadAllAccessors: .ActorDepthCalculation_actorWithoutPorts

===========================================================================================
----------------- testing Wed Jan 30 07:43:16 UTC 2019 /home/travis/build/icyphy/ptII/ptolemy/domains/de/test/auto/AssemblyLine.xml
----------------- Instantiating /home/travis/build/icyphy/ptII/ptolemy/domains/de/test/auto/AssemblyLine.xml
2 ms. Memory: 647168K Free: 294692K (46%)
----------------- Invoking toplevel() on ptolemy.moml.MoMLSimpleApplication@114741a9
----------------- Done invoking toplevel() on ptolemy.moml.MoMLSimpleApplication@114741a9
reloadAllAccessors: .AssemblyLine

===========================================================================================
----------------- testing Wed Jan 30 07:43:16 UTC 2019 /home/travis/build/icyphy/ptII/ptolemy/domains/de/test/auto/CQBug1.xml
----------------- Instantiating /home/travis/build/icyphy/ptII/ptolemy/domains/de/test/auto/CQBug1.xml
1 ms. Memory: 647168K Free: 272103K (42%)
----------------- Invoking toplevel() on ptolemy.moml.MoMLSimpleApplication@a1601e8
----------------- Done invoking toplevel() on ptolemy.moml.MoMLSimpleApplication@a1601e8
reloadAllAccessors: .CQBug1

===========================================================================================
----------------- testing Wed Jan 30 07:43:16 UTC 2019 /home/travis/build/icyphy/ptII/ptolemy/domains/de/test/auto/CancelFireAt.xml
----------------- Instantiating /home/travis/build/icyphy/ptII/ptolemy/domains/de/test/auto/CancelFireAt.xml
1 ms. Memory: 647168K Free: 249513K (39%)
----------------- Invoking toplevel() on ptolemy.moml.MoMLSimpleApplication@686b21e7
----------------- Done invoking toplevel() on ptolemy.moml.MoMLSimpleApplication@686b21e7
reloadAllAccessors: .CancelFireAt

===========================================================================================
----------------- testing Wed Jan 30 07:43:16 UTC 2019 /home/travis/build/icyphy/ptII/ptolemy/domains/de/test/auto/CausalityAndComposabilityAnalysis.xml
----------------- Instantiating /home/travis/build/icyphy/ptII/ptolemy/domains/de/test/auto/CausalityAndComposabilityAnalysis.xml
1 ms. Memory: 647168K Free: 226924K (35%)
----------------- Invoking toplevel() on ptolemy.moml.MoMLSimpleApplication@4e541955
----------------- Done invoking toplevel() on ptolemy.moml.MoMLSimpleApplication@4e541955
reloadAllAccessors: .CausalityAndComposabilityAnalysis

===========================================================================================
----------------- testing Wed Jan 30 07:43:16 UTC 2019 /home/travis/build/icyphy/ptII/ptolemy/domains/de/test/auto/CausalityInterface1.xml
----------------- Instantiating /home/travis/build/icyphy/ptII/ptolemy/domains/de/test/auto/CausalityInterface1.xml
3 ms. Memory: 647168K Free: 204334K (32%)
----------------- Invoking toplevel() on ptolemy.moml.MoMLSimpleApplication@36f8a70a
----------------- Done invoking toplevel() on ptolemy.moml.MoMLSimpleApplication@36f8a70a
reloadAllAccessors: .CausalityInterface1

===========================================================================================
----------------- testing Wed Jan 30 07:43:16 UTC 2019 /home/travis/build/icyphy/ptII/ptolemy/domains/de/test/auto/CausalityInterface15.xml
----------------- Instantiating /home/travis/build/icyphy/ptII/ptolemy/domains/de/test/auto/CausalityInterface15.xml
2 ms. Memory: 647168K Free: 181745K (28%)
----------------- Invoking toplevel() on ptolemy.moml.MoMLSimpleApplication@1203f4fa
----------------- Done invoking toplevel() on ptolemy.moml.MoMLSimpleApplication@1203f4fa
reloadAllAccessors: .CausalityInterface15

[...]
java.lang.RuntimeException: Execution failed
	at ptolemy.moml.MoMLSimpleApplication$UnloadThread.run(MoMLSimpleApplication.java:402)
Caused by: ptolemy.kernel.util.IllegalActionException: Test fails in iteration 1.
Value was: 1.0. Should have been: 2.0
  in .DirectFeedback.Test
	at ptolemy.actor.lib.Test.fire(Test.java:268)
	at ptolemy.domains.de.kernel.DEDirector._fire(DEDirector.java:1949)
	at ptolemy.domains.de.kernel.DEDirector.fire(DEDirector.java:502)
	at ptolemy.actor.CompositeActor.fire(CompositeActor.java:455)
	at ptolemy.actor.Manager.iterate(Manager.java:851)
	at ptolemy.actor.Manager.execute(Manager.java:369)
	at ptolemy.actor.Manager.run(Manager.java:1263)
	at ptolemy.actor.Manager$PtolemyRunThread.run(Manager.java:1915)
java.lang.RuntimeException: Execution failed
	at ptolemy.moml.MoMLSimpleApplication$UnloadThread.run(MoMLSimpleApplication.java:402)
Caused by: ptolemy.kernel.util.IllegalActionException: Actor is not ready to fire.  Perhaps UpSample.prefire() returned false? Try debugging the actor by selecting "Listen to Actor".  Also, for SDF check moml for tokenConsumptionRate on input.
  in .DESDFClockTest.Play Bell.Copy1:SDF Director and .DESDFClockTest.Play Bell.UpSample
	at ptolemy.actor.sched.StaticSchedulingDirector.fire(StaticSchedulingDirector.java:227)
	at ptolemy.domains.sdf.kernel.SDFDirector.fire(SDFDirector.java:500)
	at ptolemy.actor.CompositeActor.fire(CompositeActor.java:455)
	at ptolemy.domains.de.kernel.DEDirector._fire(DEDirector.java:1949)
	at ptolemy.domains.de.kernel.DEDirector.fire(DEDirector.java:502)
	at ptolemy.actor.CompositeActor.fire(CompositeActor.java:455)
	at ptolemy.actor.Manager.iterate(Manager.java:851)
	at ptolemy.actor.Manager.execute(Manager.java:369)
	at ptolemy.actor.Manager.run(Manager.java:1263)
	at ptolemy.actor.Manager$PtolemyRunThread.run(Manager.java:1915)
java.lang.reflect.InvocationTargetException
	at sun.reflect.NativeConstructorAccessorImpl.newInstance0(Native Method)
	at sun.reflect.NativeConstructorAccessorImpl.newInstance(NativeConstructorAccessorImpl.java:62)
	at sun.reflect.DelegatingConstructorAccessorImpl.newInstance(DelegatingConstructorAccessorImpl.java:45)
	at java.lang.reflect.Constructor.newInstance(Constructor.java:423)
	at ptolemy.util.test.junit.AutoKnownFailedTests.RunModel(AutoKnownFailedTests.java:105)
	at sun.reflect.NativeMethodAccessorImpl.invoke0(Native Method)
	at sun.reflect.NativeMethodAccessorImpl.invoke(NativeMethodAccessorImpl.java:62)
	at sun.reflect.DelegatingMethodAccessorImpl.invoke(DelegatingMethodAccessorImpl.java:43)
	at java.lang.reflect.Method.invoke(Method.java:498)
	at org.junit.runners.model.FrameworkMethod$1.runReflectiveCall(FrameworkMethod.java:44)
	at org.junit.internal.runners.model.ReflectiveCallable.run(ReflectiveCallable.java:15)
	at org.junit.runners.model.FrameworkMethod.invokeExplosively(FrameworkMethod.java:41)
	at junitparams.internal.InvokeParameterisedMethod.evaluate(InvokeParameterisedMethod.java:102)
	at org.junit.internal.runners.statements.FailOnTimeout$1.run(FailOnTimeout.java:28)
Caused by: ptolemy.kernel.util.IllegalActionException: Actor is not ready to fire.  Perhaps UpSample.prefire() returned false? Try debugging the actor by selecting "Listen to Actor".  Also, for SDF check moml for tokenConsumptionRate on input.
  in .DESDFClockTest.Play Bell.Copy1:SDF Director and .DESDFClockTest.Play Bell.UpSample
	at ptolemy.actor.sched.StaticSchedulingDirector.fire(StaticSchedulingDirector.java:227)
	at ptolemy.domains.sdf.kernel.SDFDirector.fire(SDFDirector.java:500)
	at ptolemy.actor.CompositeActor.fire(CompositeActor.java:455)
	at ptolemy.domains.de.kernel.DEDirector._fire(DEDirector.java:1949)
	at ptolemy.domains.de.kernel.DEDirector.fire(DEDirector.java:502)
	at ptolemy.actor.CompositeActor.fire(CompositeActor.java:455)
	at ptolemy.actor.Manager.iterate(Manager.java:851)
	at ptolemy.actor.Manager.execute(Manager.java:369)
	at ptolemy.actor.Manager.run(Manager.java:1263)
	at ptolemy.actor.Manager$PtolemyRunThread.run(Manager.java:1915)
java.lang.RuntimeException: Execution failed
	at ptolemy.moml.MoMLSimpleApplication$UnloadThread.run(MoMLSimpleApplication.java:402)
Caused by: ptolemy.kernel.util.IllegalActionException: Test fails in iteration 1.
Value was: 1.0. Should have been: 2.0
  in .DirectFeedback.Test
	at ptolemy.actor.lib.Test.fire(Test.java:268)
	at ptolemy.domains.de.kernel.DEDirector._fire(DEDirector.java:1949)
	at ptolemy.domains.de.kernel.DEDirector.fire(DEDirector.java:502)
	at ptolemy.actor.CompositeActor.fire(CompositeActor.java:455)
	at ptolemy.actor.Manager.iterate(Manager.java:851)
	at ptolemy.actor.Manager.execute(Manager.java:369)
	at ptolemy.actor.Manager.run(Manager.java:1263)
	at ptolemy.actor.Manager$PtolemyRunThread.run(Manager.java:1915)
java.lang.reflect.InvocationTargetException
	at sun.reflect.NativeConstructorAccessorImpl.newInstance0(Native Method)
	at sun.reflect.NativeConstructorAccessorImpl.newInstance(NativeConstructorAccessorImpl.java:62)
	at sun.reflect.DelegatingConstructorAccessorImpl.newInstance(DelegatingConstructorAccessorImpl.java:45)
	at java.lang.reflect.Constructor.newInstance(Constructor.java:423)
	at ptolemy.util.test.junit.AutoKnownFailedTests.RunModel(AutoKnownFailedTests.java:105)
	at sun.reflect.NativeMethodAccessorImpl.invoke0(Native Method)
	at sun.reflect.NativeMethodAccessorImpl.invoke(NativeMethodAccessorImpl.java:62)
	at sun.reflect.DelegatingMethodAccessorImpl.invoke(DelegatingMethodAccessorImpl.java:43)
	at java.lang.reflect.Method.invoke(Method.java:498)
	at org.junit.runners.model.FrameworkMethod$1.runReflectiveCall(FrameworkMethod.java:44)
	at org.junit.internal.runners.model.ReflectiveCallable.run(ReflectiveCallable.java:15)
	at org.junit.runners.model.FrameworkMethod.invokeExplosively(FrameworkMethod.java:41)
	at junitparams.internal.InvokeParameterisedMethod.evaluate(InvokeParameterisedMethod.java:102)
	at org.junit.internal.runners.statements.FailOnTimeout$1.run(FailOnTimeout.java:28)
Caused by: ptolemy.kernel.util.IllegalActionException: Test fails in iteration 1.
Value was: 1.0. Should have been: 2.0
  in .DirectFeedback.Test
	at ptolemy.actor.lib.Test.fire(Test.java:268)
	at ptolemy.domains.de.kernel.DEDirector._fire(DEDirector.java:1949)
	at ptolemy.domains.de.kernel.DEDirector.fire(DEDirector.java:502)
	at ptolemy.actor.CompositeActor.fire(CompositeActor.java:455)
	at ptolemy.actor.Manager.iterate(Manager.java:851)
	at ptolemy.actor.Manager.execute(Manager.java:369)
	at ptolemy.actor.Manager.run(Manager.java:1263)
	at ptolemy.actor.Manager$PtolemyRunThread.run(Manager.java:1915)
java.lang.RuntimeException: Execution failed
	at ptolemy.moml.MoMLSimpleApplication$UnloadThread.run(MoMLSimpleApplication.java:402)
Caused by: ptolemy.kernel.util.IllegalActionException: Found a zero delay loop containing .HierarchicalModel.A
  in .HierarchicalModel and .HierarchicalModel.A
	at ptolemy.actor.util.CausalityInterfaceForComposites._computeOutputPortDepth(CausalityInterfaceForComposites.java:759)
	at ptolemy.actor.util.CausalityInterfaceForComposites._computeInputDepth(CausalityInterfaceForComposites.java:696)
	at ptolemy.actor.util.CausalityInterfaceForComposites._computeOutputPortDepth(CausalityInterfaceForComposites.java:765)
	at ptolemy.actor.util.CausalityInterfaceForComposites._computeInputDepth(CausalityInterfaceForComposites.java:696)
	at ptolemy.actor.util.CausalityInterfaceForComposites._computeOutputPortDepth(CausalityInterfaceForComposites.java:765)
	at ptolemy.actor.util.CausalityInterfaceForComposites._computeInputDepth(CausalityInterfaceForComposites.java:696)
	at ptolemy.actor.util.CausalityInterfaceForComposites._computeActorDepth(CausalityInterfaceForComposites.java:532)
	at ptolemy.actor.util.CausalityInterfaceForComposites.checkForCycles(CausalityInterfaceForComposites.java:96)
	at ptolemy.domains.de.kernel.DEDirector.preinitialize(DEDirector.java:1338)
	at ptolemy.actor.CompositeActor.preinitialize(CompositeActor.java:1828)
	at ptolemy.actor.Manager.preinitializeAndResolveTypes(Manager.java:1040)
	at ptolemy.actor.Manager.initialize(Manager.java:710)
	at ptolemy.actor.Manager.execute(Manager.java:356)
	at ptolemy.actor.Manager.run(Manager.java:1263)
	at ptolemy.actor.Manager$PtolemyRunThread.run(Manager.java:1915)
java.lang.reflect.InvocationTargetException
	at sun.reflect.NativeConstructorAccessorImpl.newInstance0(Native Method)
	at sun.reflect.NativeConstructorAccessorImpl.newInstance(NativeConstructorAccessorImpl.java:62)
	at sun.reflect.DelegatingConstructorAccessorImpl.newInstance(DelegatingConstructorAccessorImpl.java:45)
	at java.lang.reflect.Constructor.newInstance(Constructor.java:423)
	at ptolemy.util.test.junit.AutoKnownFailedTests.RunModel(AutoKnownFailedTests.java:105)
	at sun.reflect.NativeMethodAccessorImpl.invoke0(Native Method)
	at sun.reflect.NativeMethodAccessorImpl.invoke(NativeMethodAccessorImpl.java:62)
	at sun.reflect.DelegatingMethodAccessorImpl.invoke(DelegatingMethodAccessorImpl.java:43)
	at java.lang.reflect.Method.invoke(Method.java:498)
	at org.junit.runners.model.FrameworkMethod$1.runReflectiveCall(FrameworkMethod.java:44)
	at org.junit.internal.runners.model.ReflectiveCallable.run(ReflectiveCallable.java:15)
	at org.junit.runners.model.FrameworkMethod.invokeExplosively(FrameworkMethod.java:41)
	at junitparams.internal.InvokeParameterisedMethod.evaluate(InvokeParameterisedMethod.java:102)
	at org.junit.internal.runners.statements.FailOnTimeout$1.run(FailOnTimeout.java:28)
Caused by: ptolemy.kernel.util.IllegalActionException: Found a zero delay loop containing .HierarchicalModel.A
  in .HierarchicalModel and .HierarchicalModel.A
	at ptolemy.actor.util.CausalityInterfaceForComposites._computeOutputPortDepth(CausalityInterfaceForComposites.java:759)
	at ptolemy.actor.util.CausalityInterfaceForComposites._computeInputDepth(CausalityInterfaceForComposites.java:696)
	at ptolemy.actor.util.CausalityInterfaceForComposites._computeOutputPortDepth(CausalityInterfaceForComposites.java:765)
	at ptolemy.actor.util.CausalityInterfaceForComposites._computeInputDepth(CausalityInterfaceForComposites.java:696)
	at ptolemy.actor.util.CausalityInterfaceForComposites._computeOutputPortDepth(CausalityInterfaceForComposites.java:765)
	at ptolemy.actor.util.CausalityInterfaceForComposites._computeInputDepth(CausalityInterfaceForComposites.java:696)
	at ptolemy.actor.util.CausalityInterfaceForComposites._computeActorDepth(CausalityInterfaceForComposites.java:532)
	at ptolemy.actor.util.CausalityInterfaceForComposites.checkForCycles(CausalityInterfaceForComposites.java:96)
	at ptolemy.domains.de.kernel.DEDirector.preinitialize(DEDirector.java:1338)
	at ptolemy.actor.CompositeActor.preinitialize(CompositeActor.java:1828)
	at ptolemy.actor.Manager.preinitializeAndResolveTypes(Manager.java:1040)
	at ptolemy.actor.Manager.initialize(Manager.java:710)
	at ptolemy.actor.Manager.execute(Manager.java:356)
	at ptolemy.actor.Manager.run(Manager.java:1263)
	at ptolemy.actor.Manager$PtolemyRunThread.run(Manager.java:1915)
java.lang.RuntimeException: Execution failed
	at ptolemy.moml.MoMLSimpleApplication$UnloadThread.run(MoMLSimpleApplication.java:402)
Caused by: ptolemy.kernel.util.IllegalActionException: Found a zero delay loop containing .dependencyLoop.original
  in .dependencyLoop and .dependencyLoop.original
	at ptolemy.actor.util.CausalityInterfaceForComposites._computeOutputPortDepth(CausalityInterfaceForComposites.java:759)
	at ptolemy.actor.util.CausalityInterfaceForComposites._computeInputDepth(CausalityInterfaceForComposites.java:696)
	at ptolemy.actor.util.CausalityInterfaceForComposites._computeOutputPortDepth(CausalityInterfaceForComposites.java:765)
	at ptolemy.actor.util.CausalityInterfaceForComposites._computeInputDepth(CausalityInterfaceForComposites.java:696)
	at ptolemy.actor.util.CausalityInterfaceForComposites._computeOutputPortDepth(CausalityInterfaceForComposites.java:765)
	at ptolemy.actor.util.CausalityInterfaceForComposites._computeInputDepth(CausalityInterfaceForComposites.java:696)
	at ptolemy.actor.util.CausalityInterfaceForComposites._computeActorDepth(CausalityInterfaceForComposites.java:532)
	at ptolemy.actor.util.CausalityInterfaceForComposites.checkForCycles(CausalityInterfaceForComposites.java:96)
	at ptolemy.domains.de.kernel.DEDirector.preinitialize(DEDirector.java:1338)
	at ptolemy.actor.CompositeActor.preinitialize(CompositeActor.java:1828)
	at ptolemy.actor.Manager.preinitializeAndResolveTypes(Manager.java:1040)
	at ptolemy.actor.Manager.initialize(Manager.java:710)
	at ptolemy.actor.Manager.execute(Manager.java:356)
	at ptolemy.actor.Manager.run(Manager.java:1263)
	at ptolemy.actor.Manager$PtolemyRunThread.run(Manager.java:1915)
java.lang.reflect.InvocationTargetException
	at sun.reflect.NativeConstructorAccessorImpl.newInstance0(Native Method)
	at sun.reflect.NativeConstructorAccessorImpl.newInstance(NativeConstructorAccessorImpl.java:62)
	at sun.reflect.DelegatingConstructorAccessorImpl.newInstance(DelegatingConstructorAccessorImpl.java:45)
	at java.lang.reflect.Constructor.newInstance(Constructor.java:423)
	at ptolemy.util.test.junit.AutoKnownFailedTests.RunModel(AutoKnownFailedTests.java:105)
	at sun.reflect.NativeMethodAccessorImpl.invoke0(Native Method)
	at sun.reflect.NativeMethodAccessorImpl.invoke(NativeMethodAccessorImpl.java:62)
	at sun.reflect.DelegatingMethodAccessorImpl.invoke(DelegatingMethodAccessorImpl.java:43)
	at java.lang.reflect.Method.invoke(Method.java:498)
	at org.junit.runners.model.FrameworkMethod$1.runReflectiveCall(FrameworkMethod.java:44)
	at org.junit.internal.runners.model.ReflectiveCallable.run(ReflectiveCallable.java:15)
	at org.junit.runners.model.FrameworkMethod.invokeExplosively(FrameworkMethod.java:41)
	at junitparams.internal.InvokeParameterisedMethod.evaluate(InvokeParameterisedMethod.java:102)
	at org.junit.internal.runners.statements.FailOnTimeout$1.run(FailOnTimeout.java:28)
Caused by: ptolemy.kernel.util.IllegalActionException: Found a zero delay loop containing .dependencyLoop.original
  in .dependencyLoop and .dependencyLoop.original
	at ptolemy.actor.util.CausalityInterfaceForComposites._computeOutputPortDepth(CausalityInterfaceForComposites.java:759)
	at ptolemy.actor.util.CausalityInterfaceForComposites._computeInputDepth(CausalityInterfaceForComposites.java:696)
	at ptolemy.actor.util.CausalityInterfaceForComposites._computeOutputPortDepth(CausalityInterfaceForComposites.java:765)
	at ptolemy.actor.util.CausalityInterfaceForComposites._computeInputDepth(CausalityInterfaceForComposites.java:696)
	at ptolemy.actor.util.CausalityInterfaceForComposites._computeOutputPortDepth(CausalityInterfaceForComposites.java:765)
	at ptolemy.actor.util.CausalityInterfaceForComposites._computeInputDepth(CausalityInterfaceForComposites.java:696)
	at ptolemy.actor.util.CausalityInterfaceForComposites._computeActorDepth(CausalityInterfaceForComposites.java:532)
	at ptolemy.actor.util.CausalityInterfaceForComposites.checkForCycles(CausalityInterfaceForComposites.java:96)
	at ptolemy.domains.de.kernel.DEDirector.preinitialize(DEDirector.java:1338)
	at ptolemy.actor.CompositeActor.preinitialize(CompositeActor.java:1828)
	at ptolemy.actor.Manager.preinitializeAndResolveTypes(Manager.java:1040)
	at ptolemy.actor.Manager.initialize(Manager.java:710)
	at ptolemy.actor.Manager.execute(Manager.java:356)
	at ptolemy.actor.Manager.run(Manager.java:1263)
	at ptolemy.actor.Manager$PtolemyRunThread.run(Manager.java:1915)
java.lang.RuntimeException: Execution failed
	at ptolemy.moml.MoMLSimpleApplication$UnloadThread.run(MoMLSimpleApplication.java:402)
Caused by: ptolemy.kernel.util.IllegalActionException: Found a zero delay loop containing .dependencyLoop2.original
  in .dependencyLoop2 and .dependencyLoop2.original
	at ptolemy.actor.util.CausalityInterfaceForComposites._computeOutputPortDepth(CausalityInterfaceForComposites.java:759)
	at ptolemy.actor.util.CausalityInterfaceForComposites._computeInputDepth(CausalityInterfaceForComposites.java:696)
	at ptolemy.actor.util.CausalityInterfaceForComposites._computeOutputPortDepth(CausalityInterfaceForComposites.java:765)
	at ptolemy.actor.util.CausalityInterfaceForComposites._computeInputDepth(CausalityInterfaceForComposites.java:696)
	at ptolemy.actor.util.CausalityInterfaceForComposites._computeOutputPortDepth(CausalityInterfaceForComposites.java:765)
	at ptolemy.actor.util.CausalityInterfaceForComposites._computeInputDepth(CausalityInterfaceForComposites.java:696)
	at ptolemy.actor.util.CausalityInterfaceForComposites._computeActorDepth(CausalityInterfaceForComposites.java:532)
	at ptolemy.actor.util.CausalityInterfaceForComposites.checkForCycles(CausalityInterfaceForComposites.java:96)
	at ptolemy.domains.de.kernel.DEDirector.preinitialize(DEDirector.java:1338)
	at ptolemy.actor.CompositeActor.preinitialize(CompositeActor.java:1828)
	at ptolemy.actor.Manager.preinitializeAndResolveTypes(Manager.java:1040)
	at ptolemy.actor.Manager.initialize(Manager.java:710)
	at ptolemy.actor.Manager.execute(Manager.java:356)
	at ptolemy.actor.Manager.run(Manager.java:1263)
	at ptolemy.actor.Manager$PtolemyRunThread.run(Manager.java:1915)
java.lang.reflect.InvocationTargetException
	at sun.reflect.NativeConstructorAccessorImpl.newInstance0(Native Method)
	at sun.reflect.NativeConstructorAccessorImpl.newInstance(NativeConstructorAccessorImpl.java:62)
	at sun.reflect.DelegatingConstructorAccessorImpl.newInstance(DelegatingConstructorAccessorImpl.java:45)
	at java.lang.reflect.Constructor.newInstance(Constructor.java:423)
	at ptolemy.util.test.junit.AutoKnownFailedTests.RunModel(AutoKnownFailedTests.java:105)
	at sun.reflect.NativeMethodAccessorImpl.invoke0(Native Method)
	at sun.reflect.NativeMethodAccessorImpl.invoke(NativeMethodAccessorImpl.java:62)
	at sun.reflect.DelegatingMethodAccessorImpl.invoke(DelegatingMethodAccessorImpl.java:43)
	at java.lang.reflect.Method.invoke(Method.java:498)
	at org.junit.runners.model.FrameworkMethod$1.runReflectiveCall(FrameworkMethod.java:44)
	at org.junit.internal.runners.model.ReflectiveCallable.run(ReflectiveCallable.java:15)
	at org.junit.runners.model.FrameworkMethod.invokeExplosively(FrameworkMethod.java:41)
	at junitparams.internal.InvokeParameterisedMethod.evaluate(InvokeParameterisedMethod.java:102)
	at org.junit.internal.runners.statements.FailOnTimeout$1.run(FailOnTimeout.java:28)
Caused by: ptolemy.kernel.util.IllegalActionException: Found a zero delay loop containing .dependencyLoop2.original
  in .dependencyLoop2 and .dependencyLoop2.original
	at ptolemy.actor.util.CausalityInterfaceForComposites._computeOutputPortDepth(CausalityInterfaceForComposites.java:759)
	at ptolemy.actor.util.CausalityInterfaceForComposites._computeInputDepth(CausalityInterfaceForComposites.java:696)
	at ptolemy.actor.util.CausalityInterfaceForComposites._computeOutputPortDepth(CausalityInterfaceForComposites.java:765)
	at ptolemy.actor.util.CausalityInterfaceForComposites._computeInputDepth(CausalityInterfaceForComposites.java:696)
	at ptolemy.actor.util.CausalityInterfaceForComposites._computeOutputPortDepth(CausalityInterfaceForComposites.java:765)
	at ptolemy.actor.util.CausalityInterfaceForComposites._computeInputDepth(CausalityInterfaceForComposites.java:696)
	at ptolemy.actor.util.CausalityInterfaceForComposites._computeActorDepth(CausalityInterfaceForComposites.java:532)
	at ptolemy.actor.util.CausalityInterfaceForComposites.checkForCycles(CausalityInterfaceForComposites.java:96)
	at ptolemy.domains.de.kernel.DEDirector.preinitialize(DEDirector.java:1338)
	at ptolemy.actor.CompositeActor.preinitialize(CompositeActor.java:1828)
	at ptolemy.actor.Manager.preinitializeAndResolveTypes(Manager.java:1040)
	at ptolemy.actor.Manager.initialize(Manager.java:710)
	at ptolemy.actor.Manager.execute(Manager.java:356)
	at ptolemy.actor.Manager.run(Manager.java:1263)
	at ptolemy.actor.Manager$PtolemyRunThread.run(Manager.java:1915)
]]></system-err>
</testsuite>
