<?xml version="1.0" encoding="UTF-8" ?>
<testsuite errors="0" failures="0" hostname="travis-job-302e8c2f-1137-427e-a739-6fec547731eb" name="ptolemy.domains.continuous.test.junit.JUnitTclTest" skipped="0" tests="156" time="68.287" timestamp="2020-01-30T06:48:42">
  <properties>
[...]
</properties>
  <testcase classname="ptolemy.util.test.junit.TclTests" name="[0] ThereAreNoTclTests (RunTclFile)" time="0.015" />
  <testcase classname="ptolemy.util.test.junit.AutoKnownFailedTests" name="[0] ThereAreNoKnowFailedTests (RunModel)" time="0.002" />
  <testcase classname="ptolemy.util.test.junit.AutoNameArchTests" name="[0] ThereAreNoAutoArchTests (RunModel)" time="0.015" />
  <testcase classname="ptolemy.util.test.junit.AutoTests" name="[0] /home/travis/build/icyphy/ptII/ptolemy/domains/continuous/test/auto/BouncingBall.xml (RunModel)" time="2.87" />
  <testcase classname="ptolemy.util.test.junit.AutoTests" name="[1] /home/travis/build/icyphy/ptII/ptolemy/domains/continuous/test/auto/BouncingBallWithoutGR.xml (RunModel)" time="0.883" />
  <testcase classname="ptolemy.util.test.junit.AutoTests" name="[2] /home/travis/build/icyphy/ptII/ptolemy/domains/continuous/test/auto/Brownian.xml (RunModel)" time="0.095" />
  <testcase classname="ptolemy.util.test.junit.AutoTests" name="[3] /home/travis/build/icyphy/ptII/ptolemy/domains/continuous/test/auto/CarTracking.xml (RunModel)" time="3.892" />
  <testcase classname="ptolemy.util.test.junit.AutoTests" name="[4] /home/travis/build/icyphy/ptII/ptolemy/domains/continuous/test/auto/CartPendulum.xml (RunModel)" time="0.448" />
  <testcase classname="ptolemy.util.test.junit.AutoTests" name="[5] /home/travis/build/icyphy/ptII/ptolemy/domains/continuous/test/auto/CausalityInterface10.xml (RunModel)" time="0.044" />
  <testcase classname="ptolemy.util.test.junit.AutoTests" name="[6] /home/travis/build/icyphy/ptII/ptolemy/domains/continuous/test/auto/CausalityInterface11.xml (RunModel)" time="0.043" />
  <testcase classname="ptolemy.util.test.junit.AutoTests" name="[7] /home/travis/build/icyphy/ptII/ptolemy/domains/continuous/test/auto/CausalityInterface12.xml (RunModel)" time="0.066" />
  <testcase classname="ptolemy.util.test.junit.AutoTests" name="[8] /home/travis/build/icyphy/ptII/ptolemy/domains/continuous/test/auto/CausalityInterface13.xml (RunModel)" time="0.04" />
  <testcase classname="ptolemy.util.test.junit.AutoTests" name="[9] /home/travis/build/icyphy/ptII/ptolemy/domains/continuous/test/auto/CausalityInterface14.xml (RunModel)" time="0.03" />
  <testcase classname="ptolemy.util.test.junit.AutoTests" name="[10] /home/travis/build/icyphy/ptII/ptolemy/domains/continuous/test/auto/CausalityInterface4.xml (RunModel)" time="0.034" />
  <testcase classname="ptolemy.util.test.junit.AutoTests" name="[11] /home/travis/build/icyphy/ptII/ptolemy/domains/continuous/test/auto/CausalityInterface5.xml (RunModel)" time="0.035" />
  <testcase classname="ptolemy.util.test.junit.AutoTests" name="[12] /home/travis/build/icyphy/ptII/ptolemy/domains/continuous/test/auto/CausalityInterface6.xml (RunModel)" time="0.019" />
  <testcase classname="ptolemy.util.test.junit.AutoTests" name="[13] /home/travis/build/icyphy/ptII/ptolemy/domains/continuous/test/auto/CausalityInterface7.xml (RunModel)" time="0.031" />
  <testcase classname="ptolemy.util.test.junit.AutoTests" name="[14] /home/travis/build/icyphy/ptII/ptolemy/domains/continuous/test/auto/CausalityInterface8.xml (RunModel)" time="0.041" />
  <testcase classname="ptolemy.util.test.junit.AutoTests" name="[15] /home/travis/build/icyphy/ptII/ptolemy/domains/continuous/test/auto/CausalityInterface9.xml (RunModel)" time="0.047" />
  <testcase classname="ptolemy.util.test.junit.AutoTests" name="[16] /home/travis/build/icyphy/ptII/ptolemy/domains/continuous/test/auto/CausalityInterfaceFeedback1.xml (RunModel)" time="0.029" />
  <testcase classname="ptolemy.util.test.junit.AutoTests" name="[17] /home/travis/build/icyphy/ptII/ptolemy/domains/continuous/test/auto/CausalityInterfaceFeedback2.xml (RunModel)" time="0.036" />
  <testcase classname="ptolemy.util.test.junit.AutoTests" name="[18] /home/travis/build/icyphy/ptII/ptolemy/domains/continuous/test/auto/CompareWithCurrentTime.xml (RunModel)" time="0.023" />
  <testcase classname="ptolemy.util.test.junit.AutoTests" name="[19] /home/travis/build/icyphy/ptII/ptolemy/domains/continuous/test/auto/ComparedClocks.xml (RunModel)" time="0.073" />
  <testcase classname="ptolemy.util.test.junit.AutoTests" name="[20] /home/travis/build/icyphy/ptII/ptolemy/domains/continuous/test/auto/ContinuousAOCClone.xml (RunModel)" time="2.551" />
  <testcase classname="ptolemy.util.test.junit.AutoTests" name="[21] /home/travis/build/icyphy/ptII/ptolemy/domains/continuous/test/auto/ContinuousClock.xml (RunModel)" time="0.092" />
  <testcase classname="ptolemy.util.test.junit.AutoTests" name="[22] /home/travis/build/icyphy/ptII/ptolemy/domains/continuous/test/auto/ContinuousInContinuous.xml (RunModel)" time="0.08" />
  <testcase classname="ptolemy.util.test.junit.AutoTests" name="[23] /home/travis/build/icyphy/ptII/ptolemy/domains/continuous/test/auto/ContinuousInContinuousInContinuous.xml (RunModel)" time="0.028" />
  <testcase classname="ptolemy.util.test.junit.AutoTests" name="[24] /home/travis/build/icyphy/ptII/ptolemy/domains/continuous/test/auto/ContinuousInDE.xml (RunModel)" time="0.11" />
  <testcase classname="ptolemy.util.test.junit.AutoTests" name="[25] /home/travis/build/icyphy/ptII/ptolemy/domains/continuous/test/auto/ContinuousInDE2.xml (RunModel)" time="0.043" />
  <testcase classname="ptolemy.util.test.junit.AutoTests" name="[26] /home/travis/build/icyphy/ptII/ptolemy/domains/continuous/test/auto/ContinuousInDE3.xml (RunModel)" time="0.05" />
  <testcase classname="ptolemy.util.test.junit.AutoTests" name="[27] /home/travis/build/icyphy/ptII/ptolemy/domains/continuous/test/auto/ContinuousInDE4.xml (RunModel)" time="0.039" />
  <testcase classname="ptolemy.util.test.junit.AutoTests" name="[28] /home/travis/build/icyphy/ptII/ptolemy/domains/continuous/test/auto/ContinuousInDEDifferentRefinements.xml (RunModel)" time="0.093" />
  <testcase classname="ptolemy.util.test.junit.AutoTests" name="[29] /home/travis/build/icyphy/ptII/ptolemy/domains/continuous/test/auto/ContinuousInDEDifferentRefinementsPreemptive.xml (RunModel)" time="0.083" />
  <testcase classname="ptolemy.util.test.junit.AutoTests" name="[30] /home/travis/build/icyphy/ptII/ptolemy/domains/continuous/test/auto/ContinuousInDEInContinuous2.xml (RunModel)" time="0.055" />
  <testcase classname="ptolemy.util.test.junit.AutoTests" name="[31] /home/travis/build/icyphy/ptII/ptolemy/domains/continuous/test/auto/ContinuousInDEInContinuous3.xml (RunModel)" time="0.054" />
  <testcase classname="ptolemy.util.test.junit.AutoTests" name="[32] /home/travis/build/icyphy/ptII/ptolemy/domains/continuous/test/auto/ContinuousInDEInput.xml (RunModel)" time="0.041" />
  <testcase classname="ptolemy.util.test.junit.AutoTests" name="[33] /home/travis/build/icyphy/ptII/ptolemy/domains/continuous/test/auto/ContinuousInDEInput2.xml (RunModel)" time="0.031" />
  <testcase classname="ptolemy.util.test.junit.AutoTests" name="[34] /home/travis/build/icyphy/ptII/ptolemy/domains/continuous/test/auto/ContinuousInDEInput3.xml (RunModel)" time="0.028" />
  <testcase classname="ptolemy.util.test.junit.AutoTests" name="[35] /home/travis/build/icyphy/ptII/ptolemy/domains/continuous/test/auto/ContinuousInDESharingRefinement.xml (RunModel)" time="0.173" />
  <testcase classname="ptolemy.util.test.junit.AutoTests" name="[36] /home/travis/build/icyphy/ptII/ptolemy/domains/continuous/test/auto/ContinuousInDEwithNoPorts.xml (RunModel)" time="0.018" />
  <testcase classname="ptolemy.util.test.junit.AutoTests" name="[37] /home/travis/build/icyphy/ptII/ptolemy/domains/continuous/test/auto/ContinuousInsideDE.xml (RunModel)" time="0.081" />
  <testcase classname="ptolemy.util.test.junit.AutoTests" name="[38] /home/travis/build/icyphy/ptII/ptolemy/domains/continuous/test/auto/ContinuousMerge1.xml (RunModel)" time="0.02" />
  <testcase classname="ptolemy.util.test.junit.AutoTests" name="[39] /home/travis/build/icyphy/ptII/ptolemy/domains/continuous/test/auto/ContinuousMerge2.xml (RunModel)" time="0.044" />
  <testcase classname="ptolemy.util.test.junit.AutoTests" name="[40] /home/travis/build/icyphy/ptII/ptolemy/domains/continuous/test/auto/ContinuousMerge3.xml (RunModel)" time="0.063" />
  <testcase classname="ptolemy.util.test.junit.AutoTests" name="[41] /home/travis/build/icyphy/ptII/ptolemy/domains/continuous/test/auto/ContinuousWithinContinuous.xml (RunModel)" time="0.063" />
  <testcase classname="ptolemy.util.test.junit.AutoTests" name="[42] /home/travis/build/icyphy/ptII/ptolemy/domains/continuous/test/auto/ContinuousWithinContinuous2.xml (RunModel)" time="0.083" />
  <testcase classname="ptolemy.util.test.junit.AutoTests" name="[43] /home/travis/build/icyphy/ptII/ptolemy/domains/continuous/test/auto/ContinuousWithinContinuous3.xml (RunModel)" time="0.028" />
  <testcase classname="ptolemy.util.test.junit.AutoTests" name="[44] /home/travis/build/icyphy/ptII/ptolemy/domains/continuous/test/auto/ContinuousWithinContinuous4.xml (RunModel)" time="0.075" />
  <testcase classname="ptolemy.util.test.junit.AutoTests" name="[45] /home/travis/build/icyphy/ptII/ptolemy/domains/continuous/test/auto/ContinuousWithinContinuous5.xml (RunModel)" time="0.028" />
  <testcase classname="ptolemy.util.test.junit.AutoTests" name="[46] /home/travis/build/icyphy/ptII/ptolemy/domains/continuous/test/auto/ContinuousWithinContinuous6.xml (RunModel)" time="0.028" />
  <testcase classname="ptolemy.util.test.junit.AutoTests" name="[47] /home/travis/build/icyphy/ptII/ptolemy/domains/continuous/test/auto/ContinuousWithinContinuous7.xml (RunModel)" time="0.062" />
  <testcase classname="ptolemy.util.test.junit.AutoTests" name="[48] /home/travis/build/icyphy/ptII/ptolemy/domains/continuous/test/auto/DCMotor.xml (RunModel)" time="12.179" />
  <testcase classname="ptolemy.util.test.junit.AutoTests" name="[49] /home/travis/build/icyphy/ptII/ptolemy/domains/continuous/test/auto/DEInContinuous.xml (RunModel)" time="0.042" />
  <testcase classname="ptolemy.util.test.junit.AutoTests" name="[50] /home/travis/build/icyphy/ptII/ptolemy/domains/continuous/test/auto/DEinContinuous2.xml (RunModel)" time="0.024" />
  <testcase classname="ptolemy.util.test.junit.AutoTests" name="[51] /home/travis/build/icyphy/ptII/ptolemy/domains/continuous/test/auto/Derivative.xml (RunModel)" time="0.158" />
  <testcase classname="ptolemy.util.test.junit.AutoTests" name="[52] /home/travis/build/icyphy/ptII/ptolemy/domains/continuous/test/auto/Derivative1.xml (RunModel)" time="0.038" />
  <testcase classname="ptolemy.util.test.junit.AutoTests" name="[53] /home/travis/build/icyphy/ptII/ptolemy/domains/continuous/test/auto/DiscreteClock.xml (RunModel)" time="0.018" />
  <testcase classname="ptolemy.util.test.junit.AutoTests" name="[54] /home/travis/build/icyphy/ptII/ptolemy/domains/continuous/test/auto/EfficiencyCurve.xml (RunModel)" time="0.087" />
  <testcase classname="ptolemy.util.test.junit.AutoTests" name="[55] /home/travis/build/icyphy/ptII/ptolemy/domains/continuous/test/auto/ExponentialResponse.xml (RunModel)" time="0.095" />
  <testcase classname="ptolemy.util.test.junit.AutoTests" name="[56] /home/travis/build/icyphy/ptII/ptolemy/domains/continuous/test/auto/ExponentialResponseRK45.xml (RunModel)" time="0.03" />
  <testcase classname="ptolemy.util.test.junit.AutoTests" name="[57] /home/travis/build/icyphy/ptII/ptolemy/domains/continuous/test/auto/Friction.xml (RunModel)" time="1.499" />
  <testcase classname="ptolemy.util.test.junit.AutoTests" name="[58] /home/travis/build/icyphy/ptII/ptolemy/domains/continuous/test/auto/FurutaPendulum.xml (RunModel)" time="3.126" />
  <testcase classname="ptolemy.util.test.junit.AutoTests" name="[59] /home/travis/build/icyphy/ptII/ptolemy/domains/continuous/test/auto/HierarchicalExecution.xml (RunModel)" time="1.948" />
  <testcase classname="ptolemy.util.test.junit.AutoTests" name="[60] /home/travis/build/icyphy/ptII/ptolemy/domains/continuous/test/auto/HybridPlant.xml (RunModel)" time="0.551" />
  <testcase classname="ptolemy.util.test.junit.AutoTests" name="[61] /home/travis/build/icyphy/ptII/ptolemy/domains/continuous/test/auto/Hysteresis.xml (RunModel)" time="0.179" />
  <testcase classname="ptolemy.util.test.junit.AutoTests" name="[62] /home/travis/build/icyphy/ptII/ptolemy/domains/continuous/test/auto/HysteresisWithRandomDelay.xml (RunModel)" time="0.218" />
  <testcase classname="ptolemy.util.test.junit.AutoTests" name="[63] /home/travis/build/icyphy/ptII/ptolemy/domains/continuous/test/auto/HysteresisWithRandomLosses.xml (RunModel)" time="2.36" />
  <testcase classname="ptolemy.util.test.junit.AutoTests" name="[64] /home/travis/build/icyphy/ptII/ptolemy/domains/continuous/test/auto/ImmediateTransitions.xml (RunModel)" time="0.033" />
  <testcase classname="ptolemy.util.test.junit.AutoTests" name="[65] /home/travis/build/icyphy/ptII/ptolemy/domains/continuous/test/auto/ImpulseFeedback.xml (RunModel)" time="0.024" />
  <testcase classname="ptolemy.util.test.junit.AutoTests" name="[66] /home/travis/build/icyphy/ptII/ptolemy/domains/continuous/test/auto/ImpulseFeedback2.xml (RunModel)" time="0.015" />
  <testcase classname="ptolemy.util.test.junit.AutoTests" name="[67] /home/travis/build/icyphy/ptII/ptolemy/domains/continuous/test/auto/IncreasingRatePoisson.xml (RunModel)" time="0.688" />
  <testcase classname="ptolemy.util.test.junit.AutoTests" name="[68] /home/travis/build/icyphy/ptII/ptolemy/domains/continuous/test/auto/InitialStateFeedback.xml (RunModel)" time="0.018" />
  <testcase classname="ptolemy.util.test.junit.AutoTests" name="[69] /home/travis/build/icyphy/ptII/ptolemy/domains/continuous/test/auto/Integration.xml (RunModel)" time="0.014" />
  <testcase classname="ptolemy.util.test.junit.AutoTests" name="[70] /home/travis/build/icyphy/ptII/ptolemy/domains/continuous/test/auto/Integration2.xml (RunModel)" time="0.078" />
  <testcase classname="ptolemy.util.test.junit.AutoTests" name="[71] /home/travis/build/icyphy/ptII/ptolemy/domains/continuous/test/auto/Integration3.xml (RunModel)" time="0.012" />
  <testcase classname="ptolemy.util.test.junit.AutoTests" name="[72] /home/travis/build/icyphy/ptII/ptolemy/domains/continuous/test/auto/Integration5.xml (RunModel)" time="0.018" />
  <testcase classname="ptolemy.util.test.junit.AutoTests" name="[73] /home/travis/build/icyphy/ptII/ptolemy/domains/continuous/test/auto/IntegratorImpulse.xml (RunModel)" time="0.01" />
  <testcase classname="ptolemy.util.test.junit.AutoTests" name="[74] /home/travis/build/icyphy/ptII/ptolemy/domains/continuous/test/auto/IntegratorImpulse2.xml (RunModel)" time="0.011" />
  <testcase classname="ptolemy.util.test.junit.AutoTests" name="[75] /home/travis/build/icyphy/ptII/ptolemy/domains/continuous/test/auto/LevelCrossing1.xml (RunModel)" time="0.012" />
  <testcase classname="ptolemy.util.test.junit.AutoTests" name="[76] /home/travis/build/icyphy/ptII/ptolemy/domains/continuous/test/auto/LevelCrossing2.xml (RunModel)" time="0.016" />
  <testcase classname="ptolemy.util.test.junit.AutoTests" name="[77] /home/travis/build/icyphy/ptII/ptolemy/domains/continuous/test/auto/LevelCrossing3.xml (RunModel)" time="0.012" />
  <testcase classname="ptolemy.util.test.junit.AutoTests" name="[78] /home/travis/build/icyphy/ptII/ptolemy/domains/continuous/test/auto/LevelCrossing4.xml (RunModel)" time="0.014" />
  <testcase classname="ptolemy.util.test.junit.AutoTests" name="[79] /home/travis/build/icyphy/ptII/ptolemy/domains/continuous/test/auto/LevelCrossing5.xml (RunModel)" time="0.012" />
  <testcase classname="ptolemy.util.test.junit.AutoTests" name="[80] /home/travis/build/icyphy/ptII/ptolemy/domains/continuous/test/auto/LevelCrossing6.xml (RunModel)" time="0.012" />
  <testcase classname="ptolemy.util.test.junit.AutoTests" name="[81] /home/travis/build/icyphy/ptII/ptolemy/domains/continuous/test/auto/LevelCrossingDetector.xml (RunModel)" time="0.033" />
  <testcase classname="ptolemy.util.test.junit.AutoTests" name="[82] /home/travis/build/icyphy/ptII/ptolemy/domains/continuous/test/auto/LevelCrossingDetectorDetectingDirections.xml (RunModel)" time="0.085" />
  <testcase classname="ptolemy.util.test.junit.AutoTests" name="[83] /home/travis/build/icyphy/ptII/ptolemy/domains/continuous/test/auto/LevelCrossingDetectorDetectsGlitches.xml (RunModel)" time="0.064" />
  <testcase classname="ptolemy.util.test.junit.AutoTests" name="[84] /home/travis/build/icyphy/ptII/ptolemy/domains/continuous/test/auto/LevelCrossingNoInitialOuput.xml (RunModel)" time="0.014" />
  <testcase classname="ptolemy.util.test.junit.AutoTests" name="[85] /home/travis/build/icyphy/ptII/ptolemy/domains/continuous/test/auto/LinearStateSpaceExample.xml (RunModel)" time="0.057" />
  <testcase classname="ptolemy.util.test.junit.AutoTests" name="[86] /home/travis/build/icyphy/ptII/ptolemy/domains/continuous/test/auto/Lorenz.xml (RunModel)" time="3.197" />
  <testcase classname="ptolemy.util.test.junit.AutoTests" name="[87] /home/travis/build/icyphy/ptII/ptolemy/domains/continuous/test/auto/LorenzDifferentialSystem.xml (RunModel)" time="0.863" />
  <testcase classname="ptolemy.util.test.junit.AutoTests" name="[88] /home/travis/build/icyphy/ptII/ptolemy/domains/continuous/test/auto/LorenzDifferentialSystemWithInput.xml (RunModel)" time="1.198" />
  <testcase classname="ptolemy.util.test.junit.AutoTests" name="[89] /home/travis/build/icyphy/ptII/ptolemy/domains/continuous/test/auto/LorenzDifferentialSystemWithTime.xml (RunModel)" time="0.625" />
  <testcase classname="ptolemy.util.test.junit.AutoTests" name="[90] /home/travis/build/icyphy/ptII/ptolemy/domains/continuous/test/auto/Microsteps.xml (RunModel)" time="0.032" />
  <testcase classname="ptolemy.util.test.junit.AutoTests" name="[91] /home/travis/build/icyphy/ptII/ptolemy/domains/continuous/test/auto/Modal1.xml (RunModel)" time="0.038" />
  <testcase classname="ptolemy.util.test.junit.AutoTests" name="[92] /home/travis/build/icyphy/ptII/ptolemy/domains/continuous/test/auto/Modal2.xml (RunModel)" time="0.059" />
  <testcase classname="ptolemy.util.test.junit.AutoTests" name="[93] /home/travis/build/icyphy/ptII/ptolemy/domains/continuous/test/auto/ModalTransitionGuardWithReset.xml (RunModel)" time="0.023" />
  <testcase classname="ptolemy.util.test.junit.AutoTests" name="[94] /home/travis/build/icyphy/ptII/ptolemy/domains/continuous/test/auto/ModalTransitionGuardWithResetUsingPreemptiveTransition.xml (RunModel)" time="0.027" />
  <testcase classname="ptolemy.util.test.junit.AutoTests" name="[95] /home/travis/build/icyphy/ptII/ptolemy/domains/continuous/test/auto/ModalTransitionGuardWithResetUsingPreemptiveTransition2.xml (RunModel)" time="0.028" />
  <testcase classname="ptolemy.util.test.junit.AutoTests" name="[96] /home/travis/build/icyphy/ptII/ptolemy/domains/continuous/test/auto/ModalTransitionGuardWithResetUsingPreemptiveTransition3.xml (RunModel)" time="0.022" />
  <testcase classname="ptolemy.util.test.junit.AutoTests" name="[97] /home/travis/build/icyphy/ptII/ptolemy/domains/continuous/test/auto/NewtonsCradle.xml (RunModel)" time="0.764" />
  <testcase classname="ptolemy.util.test.junit.AutoTests" name="[98] /home/travis/build/icyphy/ptII/ptolemy/domains/continuous/test/auto/NewtonsCradleAnimated.xml (RunModel)" time="1.186" />
  <testcase classname="ptolemy.util.test.junit.AutoTests" name="[99] /home/travis/build/icyphy/ptII/ptolemy/domains/continuous/test/auto/NewtonsCradleComplicated.xml (RunModel)" time="0.97" />
  <testcase classname="ptolemy.util.test.junit.AutoTests" name="[100] /home/travis/build/icyphy/ptII/ptolemy/domains/continuous/test/auto/NewtonsCradleNondeterministic.xml (RunModel)" time="0.707" />
  <testcase classname="ptolemy.util.test.junit.AutoTests" name="[101] /home/travis/build/icyphy/ptII/ptolemy/domains/continuous/test/auto/NewtonsCradlePerfectlyInelastic1.xml (RunModel)" time="1.224" />
  <testcase classname="ptolemy.util.test.junit.AutoTests" name="[102] /home/travis/build/icyphy/ptII/ptolemy/domains/continuous/test/auto/Noise.xml (RunModel)" time="0.195" />
  <testcase classname="ptolemy.util.test.junit.AutoTests" name="[103] /home/travis/build/icyphy/ptII/ptolemy/domains/continuous/test/auto/NoiseSpectrum.xml (RunModel)" time="0.639" />
  <testcase classname="ptolemy.util.test.junit.AutoTests" name="[104] /home/travis/build/icyphy/ptII/ptolemy/domains/continuous/test/auto/ParameterizedNewtonsCradleAnimated.xml (RunModel)" time="0.352" />
  <testcase classname="ptolemy.util.test.junit.AutoTests" name="[105] /home/travis/build/icyphy/ptII/ptolemy/domains/continuous/test/auto/ParameterizedNewtonsCradleAnimatedNondeterministic.xml (RunModel)" time="1.153" />
  <testcase classname="ptolemy.util.test.junit.AutoTests" name="[106] /home/travis/build/icyphy/ptII/ptolemy/domains/continuous/test/auto/Pendulum3D.xml (RunModel)" time="0.207" />
  <testcase classname="ptolemy.util.test.junit.AutoTests" name="[107] /home/travis/build/icyphy/ptII/ptolemy/domains/continuous/test/auto/PeriodicSampler.xml (RunModel)" time="0.016" />
  <testcase classname="ptolemy.util.test.junit.AutoTests" name="[108] /home/travis/build/icyphy/ptII/ptolemy/domains/continuous/test/auto/PeriodicSampler1.xml (RunModel)" time="0.05" />
  <testcase classname="ptolemy.util.test.junit.AutoTests" name="[109] /home/travis/build/icyphy/ptII/ptolemy/domains/continuous/test/auto/PeriodicSampler2.xml (RunModel)" time="0.082" />
  <testcase classname="ptolemy.util.test.junit.AutoTests" name="[110] /home/travis/build/icyphy/ptII/ptolemy/domains/continuous/test/auto/Poisson.xml (RunModel)" time="0.465" />
  <testcase classname="ptolemy.util.test.junit.AutoTests" name="[111] /home/travis/build/icyphy/ptII/ptolemy/domains/continuous/test/auto/PoissonClock.xml (RunModel)" time="0.013" />
  <testcase classname="ptolemy.util.test.junit.AutoTests" name="[112] /home/travis/build/icyphy/ptII/ptolemy/domains/continuous/test/auto/PoissonClock2.xml (RunModel)" time="0.011" />
  <testcase classname="ptolemy.util.test.junit.AutoTests" name="[113] /home/travis/build/icyphy/ptII/ptolemy/domains/continuous/test/auto/PortParameterHierarchy.xml (RunModel)" time="0.025" />
  <testcase classname="ptolemy.util.test.junit.AutoTests" name="[114] /home/travis/build/icyphy/ptII/ptolemy/domains/continuous/test/auto/RandomHybridPlant.xml (RunModel)" time="0.563" />
  <testcase classname="ptolemy.util.test.junit.AutoTests" name="[115] /home/travis/build/icyphy/ptII/ptolemy/domains/continuous/test/auto/ResetTransitionWithStartTime1.xml (RunModel)" time="0.025" />
  <testcase classname="ptolemy.util.test.junit.AutoTests" name="[116] /home/travis/build/icyphy/ptII/ptolemy/domains/continuous/test/auto/ResetTransitionWithStartTime2.xml (RunModel)" time="0.033" />
  <testcase classname="ptolemy.util.test.junit.AutoTests" name="[117] /home/travis/build/icyphy/ptII/ptolemy/domains/continuous/test/auto/ResetTransitionWithStartTime3.xml (RunModel)" time="0.04" />
  <testcase classname="ptolemy.util.test.junit.AutoTests" name="[118] /home/travis/build/icyphy/ptII/ptolemy/domains/continuous/test/auto/ResetTransitionWithStartTime4.xml (RunModel)" time="0.027" />
  <testcase classname="ptolemy.util.test.junit.AutoTests" name="[119] /home/travis/build/icyphy/ptII/ptolemy/domains/continuous/test/auto/ResetTransitionWithStartTime5.xml (RunModel)" time="0.035" />
  <testcase classname="ptolemy.util.test.junit.AutoTests" name="[120] /home/travis/build/icyphy/ptII/ptolemy/domains/continuous/test/auto/ResetTransitionWithStartTime6.xml (RunModel)" time="0.024" />
  <testcase classname="ptolemy.util.test.junit.AutoTests" name="[121] /home/travis/build/icyphy/ptII/ptolemy/domains/continuous/test/auto/SRinContinuous.xml (RunModel)" time="0.022" />
  <testcase classname="ptolemy.util.test.junit.AutoTests" name="[122] /home/travis/build/icyphy/ptII/ptolemy/domains/continuous/test/auto/SampledClocks.xml (RunModel)" time="0.037" />
  <testcase classname="ptolemy.util.test.junit.AutoTests" name="[123] /home/travis/build/icyphy/ptII/ptolemy/domains/continuous/test/auto/Satellite.xml (RunModel)" time="0.712" />
  <testcase classname="ptolemy.util.test.junit.AutoTests" name="[124] /home/travis/build/icyphy/ptII/ptolemy/domains/continuous/test/auto/SigmaDelta.xml (RunModel)" time="2.034" />
  <testcase classname="ptolemy.util.test.junit.AutoTests" name="[125] /home/travis/build/icyphy/ptII/ptolemy/domains/continuous/test/auto/SingleRefinement.xml (RunModel)" time="0.442" />
  <testcase classname="ptolemy.util.test.junit.AutoTests" name="[126] /home/travis/build/icyphy/ptII/ptolemy/domains/continuous/test/auto/SinuBouncingBall.xml (RunModel)" time="0.858" />
  <testcase classname="ptolemy.util.test.junit.AutoTests" name="[127] /home/travis/build/icyphy/ptII/ptolemy/domains/continuous/test/auto/Sinusoid.xml (RunModel)" time="0.021" />
  <testcase classname="ptolemy.util.test.junit.AutoTests" name="[128] /home/travis/build/icyphy/ptII/ptolemy/domains/continuous/test/auto/SinusoidInNoise.xml (RunModel)" time="0.841" />
  <testcase classname="ptolemy.util.test.junit.AutoTests" name="[129] /home/travis/build/icyphy/ptII/ptolemy/domains/continuous/test/auto/SinusoidRK45.xml (RunModel)" time="0.011" />
  <testcase classname="ptolemy.util.test.junit.AutoTests" name="[130] /home/travis/build/icyphy/ptII/ptolemy/domains/continuous/test/auto/SinusoidWithMultipleImpulses.xml (RunModel)" time="0.01" />
  <testcase classname="ptolemy.util.test.junit.AutoTests" name="[131] /home/travis/build/icyphy/ptII/ptolemy/domains/continuous/test/auto/SquareWave.xml (RunModel)" time="0.171" />
  <testcase classname="ptolemy.util.test.junit.AutoTests" name="[132] /home/travis/build/icyphy/ptII/ptolemy/domains/continuous/test/auto/Starmac.xml (RunModel)" time="3.344" />
  <testcase classname="ptolemy.util.test.junit.AutoTests" name="[133] /home/travis/build/icyphy/ptII/ptolemy/domains/continuous/test/auto/StaticUnits.xml (RunModel)" time="2.336" />
  <testcase classname="ptolemy.util.test.junit.AutoTests" name="[134] /home/travis/build/icyphy/ptII/ptolemy/domains/continuous/test/auto/StickyMasses.xml (RunModel)" time="0.193" />
  <testcase classname="ptolemy.util.test.junit.AutoTests" name="[135] /home/travis/build/icyphy/ptII/ptolemy/domains/continuous/test/auto/StopTime.xml (RunModel)" time="0.059" />
  <testcase classname="ptolemy.util.test.junit.AutoTests" name="[136] /home/travis/build/icyphy/ptII/ptolemy/domains/continuous/test/auto/StopTime2.xml (RunModel)" time="0.054" />
  <testcase classname="ptolemy.util.test.junit.AutoTests" name="[137] /home/travis/build/icyphy/ptII/ptolemy/domains/continuous/test/auto/Switch.xml (RunModel)" time="0.064" />
  <testcase classname="ptolemy.util.test.junit.AutoTests" name="[138] /home/travis/build/icyphy/ptII/ptolemy/domains/continuous/test/auto/Thermostat.xml (RunModel)" time="0.225" />
  <testcase classname="ptolemy.util.test.junit.AutoTests" name="[139] /home/travis/build/icyphy/ptII/ptolemy/domains/continuous/test/auto/TimeDelay.xml (RunModel)" time="0.015" />
  <testcase classname="ptolemy.util.test.junit.AutoTests" name="[140] /home/travis/build/icyphy/ptII/ptolemy/domains/continuous/test/auto/TimeDelay2.xml (RunModel)" time="0.033" />
  <testcase classname="ptolemy.util.test.junit.AutoTests" name="[141] /home/travis/build/icyphy/ptII/ptolemy/domains/continuous/test/auto/TimeDelay3.xml (RunModel)" time="0.015" />
  <testcase classname="ptolemy.util.test.junit.AutoTests" name="[142] /home/travis/build/icyphy/ptII/ptolemy/domains/continuous/test/auto/TransferAbsentToInside.xml (RunModel)" time="0.097" />
  <testcase classname="ptolemy.util.test.junit.AutoTests" name="[143] /home/travis/build/icyphy/ptII/ptolemy/domains/continuous/test/auto/Transmission.xml (RunModel)" time="0.757" />
  <testcase classname="ptolemy.util.test.junit.AutoTests" name="[144] /home/travis/build/icyphy/ptII/ptolemy/domains/continuous/test/auto/TriggeredContinuousClock.xml (RunModel)" time="0.06" />
  <testcase classname="ptolemy.util.test.junit.AutoTests" name="[145] /home/travis/build/icyphy/ptII/ptolemy/domains/continuous/test/auto/TwoMachineInfiniteBusControl.xml (RunModel)" time="2.233" />
  <testcase classname="ptolemy.util.test.junit.AutoTests" name="[146] /home/travis/build/icyphy/ptII/ptolemy/domains/continuous/test/auto/V2V.xml (RunModel)" time="0.82" />
  <testcase classname="ptolemy.util.test.junit.AutoTests" name="[147] /home/travis/build/icyphy/ptII/ptolemy/domains/continuous/test/auto/hierarchicalModalModel.xml (RunModel)" time="0.028" />
  <testcase classname="ptolemy.util.test.junit.AutoTests" name="[148] /home/travis/build/icyphy/ptII/ptolemy/domains/continuous/test/auto/hierarchicalModalModel1.xml (RunModel)" time="0.024" />
  <testcase classname="ptolemy.util.test.junit.AutoTests" name="[149] /home/travis/build/icyphy/ptII/ptolemy/domains/continuous/test/auto/hierarchicalModalModel2.xml (RunModel)" time="0.023" />
  <testcase classname="ptolemy.util.test.junit.AutoTests" name="[150] /home/travis/build/icyphy/ptII/ptolemy/domains/continuous/test/auto/hierarchicalModalModel3.xml (RunModel)" time="0.038" />
  <testcase classname="ptolemy.util.test.junit.AutoTests" name="[151] /home/travis/build/icyphy/ptII/ptolemy/domains/continuous/test/auto/hierarchicalModalModel4.xml (RunModel)" time="0.027" />
  <testcase classname="ptolemy.util.test.junit.AutoTests" name="[152] /home/travis/build/icyphy/ptII/ptolemy/domains/continuous/test/auto/junk.xml (RunModel)" time="0.13" />
  <system-out><![CDATA[No tcl tests in /home/travis/build/icyphy/ptII/ptolemy/domains/continuous/test
No auto/knownFailedTests/*.xml tests in /home/travis/build/icyphy/ptII/ptolemy/domains/continuous/test
No auto/linux-amd64/*.xml tests in /home/travis/build/icyphy/ptII/ptolemy/domains/continuous/test
AutoTests.java: About to close Vertx.
AutoTests.java: Vertx closed.

===========================================================================================
----------------- testing Thu Jan 30 06:48:43 UTC 2020 /home/travis/build/icyphy/ptII/ptolemy/domains/continuous/test/auto/BouncingBall.xml
----------------- Instantiating /home/travis/build/icyphy/ptII/ptolemy/domains/continuous/test/auto/BouncingBall.xml
2238 ms. Memory: 155648K Free: 97509K (63%)
----------------- Invoking toplevel() on ptolemy.moml.MoMLSimpleApplication@4244b7f
----------------- Done invoking toplevel() on ptolemy.moml.MoMLSimpleApplication@4244b7f
reloadAllAccessors: .BouncingBall

===========================================================================================
----------------- testing Thu Jan 30 06:48:46 UTC 2020 /home/travis/build/icyphy/ptII/ptolemy/domains/continuous/test/auto/BouncingBallWithoutGR.xml
----------------- Instantiating /home/travis/build/icyphy/ptII/ptolemy/domains/continuous/test/auto/BouncingBallWithoutGR.xml
777 ms. Memory: 155648K Free: 95288K (61%)
----------------- Invoking toplevel() on ptolemy.moml.MoMLSimpleApplication@7575d26d
----------------- Done invoking toplevel() on ptolemy.moml.MoMLSimpleApplication@7575d26d
reloadAllAccessors: .BouncingBallWithoutGR

===========================================================================================
----------------- testing Thu Jan 30 06:48:47 UTC 2020 /home/travis/build/icyphy/ptII/ptolemy/domains/continuous/test/auto/Brownian.xml
----------------- Instantiating /home/travis/build/icyphy/ptII/ptolemy/domains/continuous/test/auto/Brownian.xml
29 ms. Memory: 155648K Free: 86072K (55%)
----------------- Invoking toplevel() on ptolemy.moml.MoMLSimpleApplication@58dcb50
----------------- Done invoking toplevel() on ptolemy.moml.MoMLSimpleApplication@58dcb50
reloadAllAccessors: .Brownian

===========================================================================================
----------------- testing Thu Jan 30 06:48:47 UTC 2020 /home/travis/build/icyphy/ptII/ptolemy/domains/continuous/test/auto/CarTracking.xml
----------------- Instantiating /home/travis/build/icyphy/ptII/ptolemy/domains/continuous/test/auto/CarTracking.xml
3527 ms. Memory: 225280K Free: 125186K (56%)
----------------- Invoking toplevel() on ptolemy.moml.MoMLSimpleApplication@5012d922
----------------- Done invoking toplevel() on ptolemy.moml.MoMLSimpleApplication@5012d922
reloadAllAccessors: .CarTracking

===========================================================================================
----------------- testing Thu Jan 30 06:48:51 UTC 2020 /home/travis/build/icyphy/ptII/ptolemy/domains/continuous/test/auto/CartPendulum.xml
----------------- Instantiating /home/travis/build/icyphy/ptII/ptolemy/domains/continuous/test/auto/CartPendulum.xml
357 ms. Memory: 225280K Free: 168476K (75%)
----------------- Invoking toplevel() on ptolemy.moml.MoMLSimpleApplication@52d78f3b
----------------- Done invoking toplevel() on ptolemy.moml.MoMLSimpleApplication@52d78f3b
reloadAllAccessors: .CartPendulum

===========================================================================================
----------------- testing Thu Jan 30 06:48:51 UTC 2020 /home/travis/build/icyphy/ptII/ptolemy/domains/continuous/test/auto/CausalityInterface10.xml
----------------- Instantiating /home/travis/build/icyphy/ptII/ptolemy/domains/continuous/test/auto/CausalityInterface10.xml
7 ms. Memory: 225280K Free: 157739K (70%)
----------------- Invoking toplevel() on ptolemy.moml.MoMLSimpleApplication@5d4055ce
----------------- Done invoking toplevel() on ptolemy.moml.MoMLSimpleApplication@5d4055ce
reloadAllAccessors: .CausalityInterface10

===========================================================================================
----------------- testing Thu Jan 30 06:48:51 UTC 2020 /home/travis/build/icyphy/ptII/ptolemy/domains/continuous/test/auto/CausalityInterface11.xml
----------------- Instantiating /home/travis/build/icyphy/ptII/ptolemy/domains/continuous/test/auto/CausalityInterface11.xml
25 ms. Memory: 225280K Free: 151595K (67%)
----------------- Invoking toplevel() on ptolemy.moml.MoMLSimpleApplication@58135322
----------------- Done invoking toplevel() on ptolemy.moml.MoMLSimpleApplication@58135322
reloadAllAccessors: .CausalityInterface11

===========================================================================================
----------------- testing Thu Jan 30 06:48:51 UTC 2020 /home/travis/build/icyphy/ptII/ptolemy/domains/continuous/test/auto/CausalityInterface12.xml
----------------- Instantiating /home/travis/build/icyphy/ptII/ptolemy/domains/continuous/test/auto/CausalityInterface12.xml
4 ms. Memory: 225280K Free: 145451K (65%)
----------------- Invoking toplevel() on ptolemy.moml.MoMLSimpleApplication@337bf87d
----------------- Done invoking toplevel() on ptolemy.moml.MoMLSimpleApplication@337bf87d
reloadAllAccessors: .CausalityInterface12

===========================================================================================
----------------- testing Thu Jan 30 06:48:51 UTC 2020 /home/travis/build/icyphy/ptII/ptolemy/domains/continuous/test/auto/CausalityInterface13.xml
----------------- Instantiating /home/travis/build/icyphy/ptII/ptolemy/domains/continuous/test/auto/CausalityInterface13.xml
7 ms. Memory: 225280K Free: 139307K (62%)
----------------- Invoking toplevel() on ptolemy.moml.MoMLSimpleApplication@78f92367
----------------- Done invoking toplevel() on ptolemy.moml.MoMLSimpleApplication@78f92367
reloadAllAccessors: .CausalityInterface13

===========================================================================================
----------------- testing Thu Jan 30 06:48:51 UTC 2020 /home/travis/build/icyphy/ptII/ptolemy/domains/continuous/test/auto/CausalityInterface14.xml
----------------- Instantiating /home/travis/build/icyphy/ptII/ptolemy/domains/continuous/test/auto/CausalityInterface14.xml
9 ms. Memory: 225280K Free: 133643K (59%)
----------------- Invoking toplevel() on ptolemy.moml.MoMLSimpleApplication@1dcbefcd
----------------- Done invoking toplevel() on ptolemy.moml.MoMLSimpleApplication@1dcbefcd
reloadAllAccessors: .CausalityInterface14

===========================================================================================
----------------- testing Thu Jan 30 06:48:51 UTC 2020 /home/travis/build/icyphy/ptII/ptolemy/domains/continuous/test/auto/CausalityInterface4.xml
----------------- Instantiating /home/travis/build/icyphy/ptII/ptolemy/domains/continuous/test/auto/CausalityInterface4.xml
4 ms. Memory: 225280K Free: 126491K (56%)
----------------- Invoking toplevel() on ptolemy.moml.MoMLSimpleApplication@68152099
----------------- Done invoking toplevel() on ptolemy.moml.MoMLSimpleApplication@68152099
reloadAllAccessors: .CausalityInterface4

===========================================================================================
----------------- testing Thu Jan 30 06:48:51 UTC 2020 /home/travis/build/icyphy/ptII/ptolemy/domains/continuous/test/auto/CausalityInterface5.xml
----------------- Instantiating /home/travis/build/icyphy/ptII/ptolemy/domains/continuous/test/auto/CausalityInterface5.xml
8 ms. Memory: 225280K Free: 118313K (53%)
----------------- Invoking toplevel() on ptolemy.moml.MoMLSimpleApplication@7ebd24ad
----------------- Done invoking toplevel() on ptolemy.moml.MoMLSimpleApplication@7ebd24ad
reloadAllAccessors: .CausalityInterface5

===========================================================================================
----------------- testing Thu Jan 30 06:48:51 UTC 2020 /home/travis/build/icyphy/ptII/ptolemy/domains/continuous/test/auto/CausalityInterface6.xml
----------------- Instantiating /home/travis/build/icyphy/ptII/ptolemy/domains/continuous/test/auto/CausalityInterface6.xml
3 ms. Memory: 225280K Free: 113179K (50%)
----------------- Invoking toplevel() on ptolemy.moml.MoMLSimpleApplication@4fdbcdba
----------------- Done invoking toplevel() on ptolemy.moml.MoMLSimpleApplication@4fdbcdba
reloadAllAccessors: .CausalityInterface6

===========================================================================================
----------------- testing Thu Jan 30 06:48:51 UTC 2020 /home/travis/build/icyphy/ptII/ptolemy/domains/continuous/test/auto/CausalityInterface7.xml
----------------- Instantiating /home/travis/build/icyphy/ptII/ptolemy/domains/continuous/test/auto/CausalityInterface7.xml
6 ms. Memory: 225280K Free: 104491K (46%)
----------------- Invoking toplevel() on ptolemy.moml.MoMLSimpleApplication@69eb0abc
----------------- Done invoking toplevel() on ptolemy.moml.MoMLSimpleApplication@69eb0abc
reloadAllAccessors: .CausalityInterface7

===========================================================================================
----------------- testing Thu Jan 30 06:48:51 UTC 2020 /home/travis/build/icyphy/ptII/ptolemy/domains/continuous/test/auto/CausalityInterface8.xml
----------------- Instantiating /home/travis/build/icyphy/ptII/ptolemy/domains/continuous/test/auto/CausalityInterface8.xml
7 ms. Memory: 225280K Free: 95275K (42%)
----------------- Invoking toplevel() on ptolemy.moml.MoMLSimpleApplication@73bce8d3
----------------- Done invoking toplevel() on ptolemy.moml.MoMLSimpleApplication@73bce8d3
reloadAllAccessors: .CausalityInterface8

===========================================================================================
----------------- testing Thu Jan 30 06:48:52 UTC 2020 /home/travis/build/icyphy/ptII/ptolemy/domains/continuous/test/auto/CausalityInterface9.xml
----------------- Instantiating /home/travis/build/icyphy/ptII/ptolemy/domains/continuous/test/auto/CausalityInterface9.xml
10 ms. Memory: 225280K Free: 84521K (38%)
----------------- Invoking toplevel() on ptolemy.moml.MoMLSimpleApplication@725f57f6
----------------- Done invoking toplevel() on ptolemy.moml.MoMLSimpleApplication@725f57f6
reloadAllAccessors: .CausalityInterface9

===========================================================================================
----------------- testing Thu Jan 30 06:48:52 UTC 2020 /home/travis/build/icyphy/ptII/ptolemy/domains/continuous/test/auto/CausalityInterfaceFeedback1.xml
----------------- Instantiating /home/travis/build/icyphy/ptII/ptolemy/domains/continuous/test/auto/CausalityInterfaceFeedback1.xml
3 ms. Memory: 225280K Free: 77867K (35%)
----------------- Invoking toplevel() on ptolemy.moml.MoMLSimpleApplication@6c5fe17c
----------------- Done invoking toplevel() on ptolemy.moml.MoMLSimpleApplication@6c5fe17c
reloadAllAccessors: .CausalityInterfaceFeedback1

===========================================================================================
----------------- testing Thu Jan 30 06:48:52 UTC 2020 /home/travis/build/icyphy/ptII/ptolemy/domains/continuous/test/auto/CausalityInterfaceFeedback2.xml
----------------- Instantiating /home/travis/build/icyphy/ptII/ptolemy/domains/continuous/test/auto/CausalityInterfaceFeedback2.xml
4 ms. Memory: 225280K Free: 204791K (91%)
----------------- Invoking toplevel() on ptolemy.moml.MoMLSimpleApplication@7d2f2596
----------------- Done invoking toplevel() on ptolemy.moml.MoMLSimpleApplication@7d2f2596
reloadAllAccessors: .CausalityInterfaceFeedback2

===========================================================================================
----------------- testing Thu Jan 30 06:48:52 UTC 2020 /home/travis/build/icyphy/ptII/ptolemy/domains/continuous/test/auto/CompareWithCurrentTime.xml
----------------- Instantiating /home/travis/build/icyphy/ptII/ptolemy/domains/continuous/test/auto/CompareWithCurrentTime.xml
6 ms. Memory: 225280K Free: 200709K (89%)
----------------- Invoking toplevel() on ptolemy.moml.MoMLSimpleApplication@200232dc
----------------- Done invoking toplevel() on ptolemy.moml.MoMLSimpleApplication@200232dc
reloadAllAccessors: .CompareWithCurrentTime

===========================================================================================
----------------- testing Thu Jan 30 06:48:52 UTC 2020 /home/travis/build/icyphy/ptII/ptolemy/domains/continuous/test/auto/ComparedClocks.xml
----------------- Instantiating /home/travis/build/icyphy/ptII/ptolemy/domains/continuous/test/auto/ComparedClocks.xml
7 ms. Memory: 225280K Free: 185335K (82%)
----------------- Invoking toplevel() on ptolemy.moml.MoMLSimpleApplication@6d98239a
----------------- Done invoking toplevel() on ptolemy.moml.MoMLSimpleApplication@6d98239a
reloadAllAccessors: .ComparedClocks

===========================================================================================
----------------- testing Thu Jan 30 06:48:52 UTC 2020 /home/travis/build/icyphy/ptII/ptolemy/domains/continuous/test/auto/ContinuousAOCClone.xml
----------------- Instantiating /home/travis/build/icyphy/ptII/ptolemy/domains/continuous/test/auto/ContinuousAOCClone.xml
2279 ms. Memory: 270336K Free: 112327K (42%)
----------------- Invoking toplevel() on ptolemy.moml.MoMLSimpleApplication@5fc0827d
----------------- Done invoking toplevel() on ptolemy.moml.MoMLSimpleApplication@5fc0827d
reloadAllAccessors: .ContinuousAOCClone

===========================================================================================
----------------- testing Thu Jan 30 06:48:54 UTC 2020 /home/travis/build/icyphy/ptII/ptolemy/domains/continuous/test/auto/ContinuousClock.xml
----------------- Instantiating /home/travis/build/icyphy/ptII/ptolemy/domains/continuous/test/auto/ContinuousClock.xml
28 ms. Memory: 270336K Free: 250761K (93%)
----------------- Invoking toplevel() on ptolemy.moml.MoMLSimpleApplication@53f4affb
----------------- Done invoking toplevel() on ptolemy.moml.MoMLSimpleApplication@53f4affb
reloadAllAccessors: .ContinuousClock

===========================================================================================
----------------- testing Thu Jan 30 06:48:54 UTC 2020 /home/travis/build/icyphy/ptII/ptolemy/domains/continuous/test/auto/ContinuousInContinuous.xml
----------------- Instantiating /home/travis/build/icyphy/ptII/ptolemy/domains/continuous/test/auto/ContinuousInContinuous.xml
38 ms. Memory: 270336K Free: 227004K (84%)
----------------- Invoking toplevel() on ptolemy.moml.MoMLSimpleApplication@7a8781a7
----------------- Done invoking toplevel() on ptolemy.moml.MoMLSimpleApplication@7a8781a7
reloadAllAccessors: .ContinuousInContinuous

===========================================================================================
----------------- testing Thu Jan 30 06:48:54 UTC 2020 /home/travis/build/icyphy/ptII/ptolemy/domains/continuous/test/auto/ContinuousInContinuousInContinuous.xml
----------------- Instantiating /home/travis/build/icyphy/ptII/ptolemy/domains/continuous/test/auto/ContinuousInContinuousInContinuous.xml
6 ms. Memory: 270336K Free: 218812K (81%)
----------------- Invoking toplevel() on ptolemy.moml.MoMLSimpleApplication@2d81605a
----------------- Done invoking toplevel() on ptolemy.moml.MoMLSimpleApplication@2d81605a
reloadAllAccessors: .ContinuousInContinuousInContinuous

===========================================================================================
----------------- testing Thu Jan 30 06:48:54 UTC 2020 /home/travis/build/icyphy/ptII/ptolemy/domains/continuous/test/auto/ContinuousInDE.xml
----------------- Instantiating /home/travis/build/icyphy/ptII/ptolemy/domains/continuous/test/auto/ContinuousInDE.xml
87 ms. Memory: 270336K Free: 208062K (77%)
----------------- Invoking toplevel() on ptolemy.moml.MoMLSimpleApplication@c360a7a
----------------- Done invoking toplevel() on ptolemy.moml.MoMLSimpleApplication@c360a7a
reloadAllAccessors: .ContinuousInDE

===========================================================================================
----------------- testing Thu Jan 30 06:48:55 UTC 2020 /home/travis/build/icyphy/ptII/ptolemy/domains/continuous/test/auto/ContinuousInDE2.xml
----------------- Instantiating /home/travis/build/icyphy/ptII/ptolemy/domains/continuous/test/auto/ContinuousInDE2.xml
29 ms. Memory: 270336K Free: 198332K (73%)
----------------- Invoking toplevel() on ptolemy.moml.MoMLSimpleApplication@1114fc2b
----------------- Done invoking toplevel() on ptolemy.moml.MoMLSimpleApplication@1114fc2b
reloadAllAccessors: .ContinuousInDE2

===========================================================================================
----------------- testing Thu Jan 30 06:48:55 UTC 2020 /home/travis/build/icyphy/ptII/ptolemy/domains/continuous/test/auto/ContinuousInDE3.xml
----------------- Instantiating /home/travis/build/icyphy/ptII/ptolemy/domains/continuous/test/auto/ContinuousInDE3.xml
33 ms. Memory: 270336K Free: 188606K (70%)
----------------- Invoking toplevel() on ptolemy.moml.MoMLSimpleApplication@40c9dbfc
----------------- Done invoking toplevel() on ptolemy.moml.MoMLSimpleApplication@40c9dbfc
reloadAllAccessors: .ContinuousInDE3

===========================================================================================
----------------- testing Thu Jan 30 06:48:55 UTC 2020 /home/travis/build/icyphy/ptII/ptolemy/domains/continuous/test/auto/ContinuousInDE4.xml
----------------- Instantiating /home/travis/build/icyphy/ptII/ptolemy/domains/continuous/test/auto/ContinuousInDE4.xml
22 ms. Memory: 270336K Free: 182462K (67%)
----------------- Invoking toplevel() on ptolemy.moml.MoMLSimpleApplication@2d4cc457
----------------- Done invoking toplevel() on ptolemy.moml.MoMLSimpleApplication@2d4cc457
reloadAllAccessors: .ContinuousInDE4

===========================================================================================
----------------- testing Thu Jan 30 06:48:55 UTC 2020 /home/travis/build/icyphy/ptII/ptolemy/domains/continuous/test/auto/ContinuousInDEDifferentRefinements.xml
----------------- Instantiating /home/travis/build/icyphy/ptII/ptolemy/domains/continuous/test/auto/ContinuousInDEDifferentRefinements.xml
53 ms. Memory: 270336K Free: 151213K (56%)
----------------- Invoking toplevel() on ptolemy.moml.MoMLSimpleApplication@7196f2c6
----------------- Done invoking toplevel() on ptolemy.moml.MoMLSimpleApplication@7196f2c6
reloadAllAccessors: .ContinuousInDEDifferentRefinements

===========================================================================================
----------------- testing Thu Jan 30 06:48:55 UTC 2020 /home/travis/build/icyphy/ptII/ptolemy/domains/continuous/test/auto/ContinuousInDEDifferentRefinementsPreemptive.xml
----------------- Instantiating /home/travis/build/icyphy/ptII/ptolemy/domains/continuous/test/auto/ContinuousInDEDifferentRefinementsPreemptive.xml
47 ms. Memory: 270336K Free: 120508K (45%)
----------------- Invoking toplevel() on ptolemy.moml.MoMLSimpleApplication@2530bcf7
----------------- Done invoking toplevel() on ptolemy.moml.MoMLSimpleApplication@2530bcf7
reloadAllAccessors: .ContinuousInDEDifferentRefinementsPreemptive

===========================================================================================
----------------- testing Thu Jan 30 06:48:55 UTC 2020 /home/travis/build/icyphy/ptII/ptolemy/domains/continuous/test/auto/ContinuousInDEInContinuous2.xml
----------------- Instantiating /home/travis/build/icyphy/ptII/ptolemy/domains/continuous/test/auto/ContinuousInDEInContinuous2.xml
36 ms. Memory: 270336K Free: 109244K (40%)
----------------- Invoking toplevel() on ptolemy.moml.MoMLSimpleApplication@130605f1
----------------- Done invoking toplevel() on ptolemy.moml.MoMLSimpleApplication@130605f1
reloadAllAccessors: .ContinuousInDEInContinuous2

===========================================================================================
----------------- testing Thu Jan 30 06:48:55 UTC 2020 /home/travis/build/icyphy/ptII/ptolemy/domains/continuous/test/auto/ContinuousInDEInContinuous3.xml
----------------- Instantiating /home/travis/build/icyphy/ptII/ptolemy/domains/continuous/test/auto/ContinuousInDEInContinuous3.xml
32 ms. Memory: 270336K Free: 96956K (36%)
----------------- Invoking toplevel() on ptolemy.moml.MoMLSimpleApplication@5ea06cbb
----------------- Done invoking toplevel() on ptolemy.moml.MoMLSimpleApplication@5ea06cbb
reloadAllAccessors: .ContinuousInDEInContinuous3

===========================================================================================
----------------- testing Thu Jan 30 06:48:55 UTC 2020 /home/travis/build/icyphy/ptII/ptolemy/domains/continuous/test/auto/ContinuousInDEInput.xml
----------------- Instantiating /home/travis/build/icyphy/ptII/ptolemy/domains/continuous/test/auto/ContinuousInDEInput.xml
15 ms. Memory: 270336K Free: 250550K (93%)
----------------- Invoking toplevel() on ptolemy.moml.MoMLSimpleApplication@6e7d95bf
----------------- Done invoking toplevel() on ptolemy.moml.MoMLSimpleApplication@6e7d95bf
reloadAllAccessors: .ContinuousInDEInput

===========================================================================================
----------------- testing Thu Jan 30 06:48:55 UTC 2020 /home/travis/build/icyphy/ptII/ptolemy/domains/continuous/test/auto/ContinuousInDEInput2.xml
----------------- Instantiating /home/travis/build/icyphy/ptII/ptolemy/domains/continuous/test/auto/ContinuousInDEInput2.xml
14 ms. Memory: 270336K Free: 243382K (90%)
----------------- Invoking toplevel() on ptolemy.moml.MoMLSimpleApplication@10f92088
----------------- Done invoking toplevel() on ptolemy.moml.MoMLSimpleApplication@10f92088
reloadAllAccessors: .ContinuousInDEInput2

===========================================================================================
----------------- testing Thu Jan 30 06:48:55 UTC 2020 /home/travis/build/icyphy/ptII/ptolemy/domains/continuous/test/auto/ContinuousInDEInput3.xml
----------------- Instantiating /home/travis/build/icyphy/ptII/ptolemy/domains/continuous/test/auto/ContinuousInDEInput3.xml
13 ms. Memory: 270336K Free: 236214K (87%)
----------------- Invoking toplevel() on ptolemy.moml.MoMLSimpleApplication@5a96a0b3
----------------- Done invoking toplevel() on ptolemy.moml.MoMLSimpleApplication@5a96a0b3
reloadAllAccessors: .ContinuousInDEInput3

===========================================================================================
----------------- testing Thu Jan 30 06:48:55 UTC 2020 /home/travis/build/icyphy/ptII/ptolemy/domains/continuous/test/auto/ContinuousInDESharingRefinement.xml
----------------- Instantiating /home/travis/build/icyphy/ptII/ptolemy/domains/continuous/test/auto/ContinuousInDESharingRefinement.xml
141 ms. Memory: 270336K Free: 141496K (52%)
----------------- Invoking toplevel() on ptolemy.moml.MoMLSimpleApplication@43528d9b
----------------- Done invoking toplevel() on ptolemy.moml.MoMLSimpleApplication@43528d9b
reloadAllAccessors: .ContinuousInDESharingRefinement

===========================================================================================
----------------- testing Thu Jan 30 06:48:55 UTC 2020 /home/travis/build/icyphy/ptII/ptolemy/domains/continuous/test/auto/ContinuousInDEwithNoPorts.xml
----------------- Instantiating /home/travis/build/icyphy/ptII/ptolemy/domains/continuous/test/auto/ContinuousInDEwithNoPorts.xml
6 ms. Memory: 270336K Free: 137400K (51%)
----------------- Invoking toplevel() on ptolemy.moml.MoMLSimpleApplication@8dab018
----------------- Done invoking toplevel() on ptolemy.moml.MoMLSimpleApplication@8dab018
reloadAllAccessors: .ContinuousInDEwithNoPorts

===========================================================================================
----------------- testing Thu Jan 30 06:48:55 UTC 2020 /home/travis/build/icyphy/ptII/ptolemy/domains/continuous/test/auto/ContinuousInsideDE.xml
----------------- Instantiating /home/travis/build/icyphy/ptII/ptolemy/domains/continuous/test/auto/ContinuousInsideDE.xml
35 ms. Memory: 270336K Free: 125622K (46%)
----------------- Invoking toplevel() on ptolemy.moml.MoMLSimpleApplication@62977d94
----------------- Done invoking toplevel() on ptolemy.moml.MoMLSimpleApplication@62977d94
reloadAllAccessors: .ContinuousInsideDE

===========================================================================================
----------------- testing Thu Jan 30 06:48:55 UTC 2020 /home/travis/build/icyphy/ptII/ptolemy/domains/continuous/test/auto/ContinuousMerge1.xml
----------------- Instantiating /home/travis/build/icyphy/ptII/ptolemy/domains/continuous/test/auto/ContinuousMerge1.xml
3 ms. Memory: 270336K Free: 121512K (45%)
----------------- Invoking toplevel() on ptolemy.moml.MoMLSimpleApplication@4e33d2f
----------------- Done invoking toplevel() on ptolemy.moml.MoMLSimpleApplication@4e33d2f
reloadAllAccessors: .ContinuousMerge1

===========================================================================================
----------------- testing Thu Jan 30 06:48:55 UTC 2020 /home/travis/build/icyphy/ptII/ptolemy/domains/continuous/test/auto/ContinuousMerge2.xml
----------------- Instantiating /home/travis/build/icyphy/ptII/ptolemy/domains/continuous/test/auto/ContinuousMerge2.xml
11 ms. Memory: 270336K Free: 111286K (41%)
----------------- Invoking toplevel() on ptolemy.moml.MoMLSimpleApplication@7fcca17c
----------------- Done invoking toplevel() on ptolemy.moml.MoMLSimpleApplication@7fcca17c
reloadAllAccessors: .ContinuousMerge2

===========================================================================================
----------------- testing Thu Jan 30 06:48:55 UTC 2020 /home/travis/build/icyphy/ptII/ptolemy/domains/continuous/test/auto/ContinuousMerge3.xml
----------------- Instantiating /home/travis/build/icyphy/ptII/ptolemy/domains/continuous/test/auto/ContinuousMerge3.xml
39 ms. Memory: 270336K Free: 100536K (37%)
----------------- Invoking toplevel() on ptolemy.moml.MoMLSimpleApplication@7514bd3c
----------------- Done invoking toplevel() on ptolemy.moml.MoMLSimpleApplication@7514bd3c
reloadAllAccessors: .ContinuousMerge3

===========================================================================================
----------------- testing Thu Jan 30 06:48:56 UTC 2020 /home/travis/build/icyphy/ptII/ptolemy/domains/continuous/test/auto/ContinuousWithinContinuous.xml
----------------- Instantiating /home/travis/build/icyphy/ptII/ptolemy/domains/continuous/test/auto/ContinuousWithinContinuous.xml
46 ms. Memory: 270336K Free: 252091K (93%)
----------------- Invoking toplevel() on ptolemy.moml.MoMLSimpleApplication@1daf4e8b
----------------- Done invoking toplevel() on ptolemy.moml.MoMLSimpleApplication@1daf4e8b
reloadAllAccessors: .ContinuousWithinContinuous

===========================================================================================
----------------- testing Thu Jan 30 06:48:56 UTC 2020 /home/travis/build/icyphy/ptII/ptolemy/domains/continuous/test/auto/ContinuousWithinContinuous2.xml
----------------- Instantiating /home/travis/build/icyphy/ptII/ptolemy/domains/continuous/test/auto/ContinuousWithinContinuous2.xml
61 ms. Memory: 270336K Free: 240576K (89%)
----------------- Invoking toplevel() on ptolemy.moml.MoMLSimpleApplication@13807ff1
----------------- Done invoking toplevel() on ptolemy.moml.MoMLSimpleApplication@13807ff1
reloadAllAccessors: .ContinuousWithinContinuous2

===========================================================================================
----------------- testing Thu Jan 30 06:48:56 UTC 2020 /home/travis/build/icyphy/ptII/ptolemy/domains/continuous/test/auto/ContinuousWithinContinuous3.xml
----------------- Instantiating /home/travis/build/icyphy/ptII/ptolemy/domains/continuous/test/auto/ContinuousWithinContinuous3.xml
11 ms. Memory: 270336K Free: 233408K (86%)
----------------- Invoking toplevel() on ptolemy.moml.MoMLSimpleApplication@6539ef40
----------------- Done invoking toplevel() on ptolemy.moml.MoMLSimpleApplication@6539ef40
reloadAllAccessors: .ContinuousWithinContinuous3

===========================================================================================
----------------- testing Thu Jan 30 06:48:56 UTC 2020 /home/travis/build/icyphy/ptII/ptolemy/domains/continuous/test/auto/ContinuousWithinContinuous4.xml
----------------- Instantiating /home/travis/build/icyphy/ptII/ptolemy/domains/continuous/test/auto/ContinuousWithinContinuous4.xml
63 ms. Memory: 270336K Free: 221120K (82%)
----------------- Invoking toplevel() on ptolemy.moml.MoMLSimpleApplication@2f6652a8
----------------- Done invoking toplevel() on ptolemy.moml.MoMLSimpleApplication@2f6652a8
reloadAllAccessors: .ContinuousWithinContinuous4

===========================================================================================
----------------- testing Thu Jan 30 06:48:56 UTC 2020 /home/travis/build/icyphy/ptII/ptolemy/domains/continuous/test/auto/ContinuousWithinContinuous5.xml
----------------- Instantiating /home/travis/build/icyphy/ptII/ptolemy/domains/continuous/test/auto/ContinuousWithinContinuous5.xml
11 ms. Memory: 270336K Free: 213952K (79%)
----------------- Invoking toplevel() on ptolemy.moml.MoMLSimpleApplication@385cb6e4
----------------- Done invoking toplevel() on ptolemy.moml.MoMLSimpleApplication@385cb6e4
reloadAllAccessors: .ContinuousWithinContinuous5

===========================================================================================
----------------- testing Thu Jan 30 06:48:56 UTC 2020 /home/travis/build/icyphy/ptII/ptolemy/domains/continuous/test/auto/ContinuousWithinContinuous6.xml
----------------- Instantiating /home/travis/build/icyphy/ptII/ptolemy/domains/continuous/test/auto/ContinuousWithinContinuous6.xml
11 ms. Memory: 270336K Free: 206784K (76%)
----------------- Invoking toplevel() on ptolemy.moml.MoMLSimpleApplication@29c4001a
----------------- Done invoking toplevel() on ptolemy.moml.MoMLSimpleApplication@29c4001a
reloadAllAccessors: .ContinuousWithinContinuous6

===========================================================================================
----------------- testing Thu Jan 30 06:48:56 UTC 2020 /home/travis/build/icyphy/ptII/ptolemy/domains/continuous/test/auto/ContinuousWithinContinuous7.xml
----------------- Instantiating /home/travis/build/icyphy/ptII/ptolemy/domains/continuous/test/auto/ContinuousWithinContinuous7.xml
51 ms. Memory: 270336K Free: 195520K (72%)
----------------- Invoking toplevel() on ptolemy.moml.MoMLSimpleApplication@333aa5af
----------------- Done invoking toplevel() on ptolemy.moml.MoMLSimpleApplication@333aa5af
reloadAllAccessors: .ContinuousWithinContinuous7

===========================================================================================
----------------- testing Thu Jan 30 06:48:56 UTC 2020 /home/travis/build/icyphy/ptII/ptolemy/domains/continuous/test/auto/DCMotor.xml
----------------- Instantiating /home/travis/build/icyphy/ptII/ptolemy/domains/continuous/test/auto/DCMotor.xml
12094 ms. Memory: 270336K Free: 161073K (60%)
----------------- Invoking toplevel() on ptolemy.moml.MoMLSimpleApplication@5752fcbe
----------------- Done invoking toplevel() on ptolemy.moml.MoMLSimpleApplication@5752fcbe
reloadAllAccessors: .DCMotor

===========================================================================================
----------------- testing Thu Jan 30 06:49:08 UTC 2020 /home/travis/build/icyphy/ptII/ptolemy/domains/continuous/test/auto/DEInContinuous.xml
----------------- Instantiating /home/travis/build/icyphy/ptII/ptolemy/domains/continuous/test/auto/DEInContinuous.xml
14 ms. Memory: 270336K Free: 154929K (57%)
----------------- Invoking toplevel() on ptolemy.moml.MoMLSimpleApplication@41bbba76
----------------- Done invoking toplevel() on ptolemy.moml.MoMLSimpleApplication@41bbba76
reloadAllAccessors: .DEInContinuous

===========================================================================================
----------------- testing Thu Jan 30 06:49:08 UTC 2020 /home/travis/build/icyphy/ptII/ptolemy/domains/continuous/test/auto/DEinContinuous2.xml
----------------- Instantiating /home/travis/build/icyphy/ptII/ptolemy/domains/continuous/test/auto/DEinContinuous2.xml
6 ms. Memory: 270336K Free: 146723K (54%)
----------------- Invoking toplevel() on ptolemy.moml.MoMLSimpleApplication@456a8bf2
----------------- Done invoking toplevel() on ptolemy.moml.MoMLSimpleApplication@456a8bf2
reloadAllAccessors: .DEinContinuous2

===========================================================================================
----------------- testing Thu Jan 30 06:49:08 UTC 2020 /home/travis/build/icyphy/ptII/ptolemy/domains/continuous/test/auto/Derivative.xml
----------------- Instantiating /home/travis/build/icyphy/ptII/ptolemy/domains/continuous/test/auto/Derivative.xml
119 ms. Memory: 270336K Free: 116531K (43%)
----------------- Invoking toplevel() on ptolemy.moml.MoMLSimpleApplication@12251561
----------------- Done invoking toplevel() on ptolemy.moml.MoMLSimpleApplication@12251561
reloadAllAccessors: .Derivative2

===========================================================================================
----------------- testing Thu Jan 30 06:49:08 UTC 2020 /home/travis/build/icyphy/ptII/ptolemy/domains/continuous/test/auto/Derivative1.xml
----------------- Instantiating /home/travis/build/icyphy/ptII/ptolemy/domains/continuous/test/auto/Derivative1.xml
17 ms. Memory: 270336K Free: 102705K (38%)
----------------- Invoking toplevel() on ptolemy.moml.MoMLSimpleApplication@2b55f428
----------------- Done invoking toplevel() on ptolemy.moml.MoMLSimpleApplication@2b55f428
reloadAllAccessors: .Derivative1

===========================================================================================
----------------- testing Thu Jan 30 06:49:08 UTC 2020 /home/travis/build/icyphy/ptII/ptolemy/domains/continuous/test/auto/DiscreteClock.xml
----------------- Instantiating /home/travis/build/icyphy/ptII/ptolemy/domains/continuous/test/auto/DiscreteClock.xml
3 ms. Memory: 270336K Free: 97585K (36%)
----------------- Invoking toplevel() on ptolemy.moml.MoMLSimpleApplication@7eb3bea
----------------- Done invoking toplevel() on ptolemy.moml.MoMLSimpleApplication@7eb3bea
reloadAllAccessors: .DiscreteClock

===========================================================================================
----------------- testing Thu Jan 30 06:49:08 UTC 2020 /home/travis/build/icyphy/ptII/ptolemy/domains/continuous/test/auto/EfficiencyCurve.xml
----------------- Instantiating /home/travis/build/icyphy/ptII/ptolemy/domains/continuous/test/auto/EfficiencyCurve.xml
45 ms. Memory: 270336K Free: 248695K (92%)
----------------- Invoking toplevel() on ptolemy.moml.MoMLSimpleApplication@117a0eb6
----------------- Done invoking toplevel() on ptolemy.moml.MoMLSimpleApplication@117a0eb6
reloadAllAccessors: .EfficiencyCurve

===========================================================================================
----------------- testing Thu Jan 30 06:49:09 UTC 2020 /home/travis/build/icyphy/ptII/ptolemy/domains/continuous/test/auto/ExponentialResponse.xml
----------------- Instantiating /home/travis/build/icyphy/ptII/ptolemy/domains/continuous/test/auto/ExponentialResponse.xml
83 ms. Memory: 270336K Free: 232825K (86%)
----------------- Invoking toplevel() on ptolemy.moml.MoMLSimpleApplication@47650133
----------------- Done invoking toplevel() on ptolemy.moml.MoMLSimpleApplication@47650133
reloadAllAccessors: .ExponentialResponse

===========================================================================================
----------------- testing Thu Jan 30 06:49:09 UTC 2020 /home/travis/build/icyphy/ptII/ptolemy/domains/continuous/test/auto/ExponentialResponseRK45.xml
----------------- Instantiating /home/travis/build/icyphy/ptII/ptolemy/domains/continuous/test/auto/ExponentialResponseRK45.xml
19 ms. Memory: 270336K Free: 226167K (84%)
----------------- Invoking toplevel() on ptolemy.moml.MoMLSimpleApplication@50a755ca
----------------- Done invoking toplevel() on ptolemy.moml.MoMLSimpleApplication@50a755ca
reloadAllAccessors: .ExponentialResponseRK45

===========================================================================================
----------------- testing Thu Jan 30 06:49:09 UTC 2020 /home/travis/build/icyphy/ptII/ptolemy/domains/continuous/test/auto/Friction.xml
----------------- Instantiating /home/travis/build/icyphy/ptII/ptolemy/domains/continuous/test/auto/Friction.xml
1384 ms. Memory: 270336K Free: 120874K (45%)
----------------- Invoking toplevel() on ptolemy.moml.MoMLSimpleApplication@1cd033e5
----------------- Done invoking toplevel() on ptolemy.moml.MoMLSimpleApplication@1cd033e5
reloadAllAccessors: .Friction

===========================================================================================
----------------- testing Thu Jan 30 06:49:10 UTC 2020 /home/travis/build/icyphy/ptII/ptolemy/domains/continuous/test/auto/FurutaPendulum.xml
----------------- Instantiating /home/travis/build/icyphy/ptII/ptolemy/domains/continuous/test/auto/FurutaPendulum.xml
2974 ms. Memory: 270336K Free: 105739K (39%)
----------------- Invoking toplevel() on ptolemy.moml.MoMLSimpleApplication@52291328
----------------- Done invoking toplevel() on ptolemy.moml.MoMLSimpleApplication@52291328
reloadAllAccessors: .FurutaPendulum

===========================================================================================
----------------- testing Thu Jan 30 06:49:13 UTC 2020 /home/travis/build/icyphy/ptII/ptolemy/domains/continuous/test/auto/HierarchicalExecution.xml
----------------- Instantiating /home/travis/build/icyphy/ptII/ptolemy/domains/continuous/test/auto/HierarchicalExecution.xml
1499 ms. Memory: 270336K Free: 143010K (53%)
----------------- Invoking toplevel() on ptolemy.moml.MoMLSimpleApplication@141838d
----------------- Done invoking toplevel() on ptolemy.moml.MoMLSimpleApplication@141838d
reloadAllAccessors: .HierarchicalExecution

===========================================================================================
----------------- testing Thu Jan 30 06:49:15 UTC 2020 /home/travis/build/icyphy/ptII/ptolemy/domains/continuous/test/auto/HybridPlant.xml
----------------- Instantiating /home/travis/build/icyphy/ptII/ptolemy/domains/continuous/test/auto/HybridPlant.xml
494 ms. Memory: 270336K Free: 198979K (74%)
----------------- Invoking toplevel() on ptolemy.moml.MoMLSimpleApplication@1d26fcd8
----------------- Done invoking toplevel() on ptolemy.moml.MoMLSimpleApplication@1d26fcd8
reloadAllAccessors: .HybridPlant

===========================================================================================
----------------- testing Thu Jan 30 06:49:16 UTC 2020 /home/travis/build/icyphy/ptII/ptolemy/domains/continuous/test/auto/Hysteresis.xml
----------------- Instantiating /home/travis/build/icyphy/ptII/ptolemy/domains/continuous/test/auto/Hysteresis.xml
133 ms. Memory: 270336K Free: 136508K (50%)
----------------- Invoking toplevel() on ptolemy.moml.MoMLSimpleApplication@6285fbe7
----------------- Done invoking toplevel() on ptolemy.moml.MoMLSimpleApplication@6285fbe7
reloadAllAccessors: .Hysteresis

===========================================================================================
----------------- testing Thu Jan 30 06:49:16 UTC 2020 /home/travis/build/icyphy/ptII/ptolemy/domains/continuous/test/auto/HysteresisWithRandomDelay.xml
----------------- Instantiating /home/travis/build/icyphy/ptII/ptolemy/domains/continuous/test/auto/HysteresisWithRandomDelay.xml
171 ms. Memory: 270336K Free: 225267K (83%)
----------------- Invoking toplevel() on ptolemy.moml.MoMLSimpleApplication@61d85d8d
----------------- Done invoking toplevel() on ptolemy.moml.MoMLSimpleApplication@61d85d8d
reloadAllAccessors: .HysteresisWithRandomDelay

===========================================================================================
----------------- testing Thu Jan 30 06:49:16 UTC 2020 /home/travis/build/icyphy/ptII/ptolemy/domains/continuous/test/auto/HysteresisWithRandomLosses.xml
----------------- Instantiating /home/travis/build/icyphy/ptII/ptolemy/domains/continuous/test/auto/HysteresisWithRandomLosses.xml
2288 ms. Memory: 270336K Free: 125950K (47%)
----------------- Invoking toplevel() on ptolemy.moml.MoMLSimpleApplication@5308d86d
----------------- Done invoking toplevel() on ptolemy.moml.MoMLSimpleApplication@5308d86d
reloadAllAccessors: .HysteresisWithRandomLosses

===========================================================================================
----------------- testing Thu Jan 30 06:49:19 UTC 2020 /home/travis/build/icyphy/ptII/ptolemy/domains/continuous/test/auto/ImmediateTransitions.xml
----------------- Instantiating /home/travis/build/icyphy/ptII/ptolemy/domains/continuous/test/auto/ImmediateTransitions.xml
11 ms. Memory: 270336K Free: 114656K (42%)
----------------- Invoking toplevel() on ptolemy.moml.MoMLSimpleApplication@7401aed5
----------------- Done invoking toplevel() on ptolemy.moml.MoMLSimpleApplication@7401aed5
reloadAllAccessors: .ImmediateTransitions

===========================================================================================
----------------- testing Thu Jan 30 06:49:19 UTC 2020 /home/travis/build/icyphy/ptII/ptolemy/domains/continuous/test/auto/ImpulseFeedback.xml
----------------- Instantiating /home/travis/build/icyphy/ptII/ptolemy/domains/continuous/test/auto/ImpulseFeedback.xml
8 ms. Memory: 270336K Free: 109056K (40%)
----------------- Invoking toplevel() on ptolemy.moml.MoMLSimpleApplication@594b8697
----------------- Done invoking toplevel() on ptolemy.moml.MoMLSimpleApplication@594b8697
reloadAllAccessors: .ImpulseFeedback

===========================================================================================
----------------- testing Thu Jan 30 06:49:19 UTC 2020 /home/travis/build/icyphy/ptII/ptolemy/domains/continuous/test/auto/ImpulseFeedback2.xml
----------------- Instantiating /home/travis/build/icyphy/ptII/ptolemy/domains/continuous/test/auto/ImpulseFeedback2.xml
5 ms. Memory: 270336K Free: 103422K (38%)
----------------- Invoking toplevel() on ptolemy.moml.MoMLSimpleApplication@249344b3
----------------- Done invoking toplevel() on ptolemy.moml.MoMLSimpleApplication@249344b3
reloadAllAccessors: .ImpulseFeedback2

===========================================================================================
----------------- testing Thu Jan 30 06:49:19 UTC 2020 /home/travis/build/icyphy/ptII/ptolemy/domains/continuous/test/auto/IncreasingRatePoisson.xml
----------------- Instantiating /home/travis/build/icyphy/ptII/ptolemy/domains/continuous/test/auto/IncreasingRatePoisson.xml
670 ms. Memory: 270336K Free: 115886K (43%)
----------------- Invoking toplevel() on ptolemy.moml.MoMLSimpleApplication@2f586197
----------------- Done invoking toplevel() on ptolemy.moml.MoMLSimpleApplication@2f586197
reloadAllAccessors: .IncreasingRatePoisson

===========================================================================================
----------------- testing Thu Jan 30 06:49:19 UTC 2020 /home/travis/build/icyphy/ptII/ptolemy/domains/continuous/test/auto/InitialStateFeedback.xml
----------------- Instantiating /home/travis/build/icyphy/ptII/ptolemy/domains/continuous/test/auto/InitialStateFeedback.xml
5 ms. Memory: 270336K Free: 111276K (41%)
----------------- Invoking toplevel() on ptolemy.moml.MoMLSimpleApplication@70bc4b8e
----------------- Done invoking toplevel() on ptolemy.moml.MoMLSimpleApplication@70bc4b8e
reloadAllAccessors: .InitialStateFeedback

===========================================================================================
----------------- testing Thu Jan 30 06:49:19 UTC 2020 /home/travis/build/icyphy/ptII/ptolemy/domains/continuous/test/auto/Integration.xml
----------------- Instantiating /home/travis/build/icyphy/ptII/ptolemy/domains/continuous/test/auto/Integration.xml
2 ms. Memory: 270336K Free: 107180K (40%)
----------------- Invoking toplevel() on ptolemy.moml.MoMLSimpleApplication@1ada9948
----------------- Done invoking toplevel() on ptolemy.moml.MoMLSimpleApplication@1ada9948
reloadAllAccessors: .Integration

===========================================================================================
----------------- testing Thu Jan 30 06:49:19 UTC 2020 /home/travis/build/icyphy/ptII/ptolemy/domains/continuous/test/auto/Integration2.xml
----------------- Instantiating /home/travis/build/icyphy/ptII/ptolemy/domains/continuous/test/auto/Integration2.xml
68 ms. Memory: 270336K Free: 253809K (94%)
----------------- Invoking toplevel() on ptolemy.moml.MoMLSimpleApplication@47bf37e2
----------------- Done invoking toplevel() on ptolemy.moml.MoMLSimpleApplication@47bf37e2
reloadAllAccessors: .Integration2

===========================================================================================
----------------- testing Thu Jan 30 06:49:19 UTC 2020 /home/travis/build/icyphy/ptII/ptolemy/domains/continuous/test/auto/Integration3.xml
----------------- Instantiating /home/travis/build/icyphy/ptII/ptolemy/domains/continuous/test/auto/Integration3.xml
2 ms. Memory: 270336K Free: 249049K (92%)
----------------- Invoking toplevel() on ptolemy.moml.MoMLSimpleApplication@62b9ad6f
----------------- Done invoking toplevel() on ptolemy.moml.MoMLSimpleApplication@62b9ad6f
reloadAllAccessors: .Integration3

===========================================================================================
----------------- testing Thu Jan 30 06:49:19 UTC 2020 /home/travis/build/icyphy/ptII/ptolemy/domains/continuous/test/auto/Integration5.xml
----------------- Instantiating /home/travis/build/icyphy/ptII/ptolemy/domains/continuous/test/auto/Integration5.xml
6 ms. Memory: 270336K Free: 244953K (91%)
----------------- Invoking toplevel() on ptolemy.moml.MoMLSimpleApplication@2e0fb72d
----------------- Done invoking toplevel() on ptolemy.moml.MoMLSimpleApplication@2e0fb72d
reloadAllAccessors: .Integration5

===========================================================================================
----------------- testing Thu Jan 30 06:49:19 UTC 2020 /home/travis/build/icyphy/ptII/ptolemy/domains/continuous/test/auto/IntegratorImpulse.xml
----------------- Instantiating /home/travis/build/icyphy/ptII/ptolemy/domains/continuous/test/auto/IntegratorImpulse.xml
2 ms. Memory: 270336K Free: 240857K (89%)
----------------- Invoking toplevel() on ptolemy.moml.MoMLSimpleApplication@7b16ef80
----------------- Done invoking toplevel() on ptolemy.moml.MoMLSimpleApplication@7b16ef80
reloadAllAccessors: .IntegratorImpulse

===========================================================================================
----------------- testing Thu Jan 30 06:49:19 UTC 2020 /home/travis/build/icyphy/ptII/ptolemy/domains/continuous/test/auto/IntegratorImpulse2.xml
----------------- Instantiating /home/travis/build/icyphy/ptII/ptolemy/domains/continuous/test/auto/IntegratorImpulse2.xml
3 ms. Memory: 270336K Free: 236233K (87%)
----------------- Invoking toplevel() on ptolemy.moml.MoMLSimpleApplication@6899ebe6
----------------- Done invoking toplevel() on ptolemy.moml.MoMLSimpleApplication@6899ebe6
reloadAllAccessors: .IntegratorImpulse2

===========================================================================================
----------------- testing Thu Jan 30 06:49:19 UTC 2020 /home/travis/build/icyphy/ptII/ptolemy/domains/continuous/test/auto/LevelCrossing1.xml
----------------- Instantiating /home/travis/build/icyphy/ptII/ptolemy/domains/continuous/test/auto/LevelCrossing1.xml
2 ms. Memory: 270336K Free: 231127K (85%)
----------------- Invoking toplevel() on ptolemy.moml.MoMLSimpleApplication@aa4bbaf
----------------- Done invoking toplevel() on ptolemy.moml.MoMLSimpleApplication@aa4bbaf
reloadAllAccessors: .LevelCrossing1

===========================================================================================
----------------- testing Thu Jan 30 06:49:20 UTC 2020 /home/travis/build/icyphy/ptII/ptolemy/domains/continuous/test/auto/LevelCrossing2.xml
----------------- Instantiating /home/travis/build/icyphy/ptII/ptolemy/domains/continuous/test/auto/LevelCrossing2.xml
6 ms. Memory: 270336K Free: 226007K (84%)
----------------- Invoking toplevel() on ptolemy.moml.MoMLSimpleApplication@6869c6ff
----------------- Done invoking toplevel() on ptolemy.moml.MoMLSimpleApplication@6869c6ff
reloadAllAccessors: .LevelCrossing2

===========================================================================================
----------------- testing Thu Jan 30 06:49:20 UTC 2020 /home/travis/build/icyphy/ptII/ptolemy/domains/continuous/test/auto/LevelCrossing3.xml
----------------- Instantiating /home/travis/build/icyphy/ptII/ptolemy/domains/continuous/test/auto/LevelCrossing3.xml
2 ms. Memory: 270336K Free: 220887K (82%)
----------------- Invoking toplevel() on ptolemy.moml.MoMLSimpleApplication@22a90856
----------------- Done invoking toplevel() on ptolemy.moml.MoMLSimpleApplication@22a90856
reloadAllAccessors: .LevelCrossing3

===========================================================================================
----------------- testing Thu Jan 30 06:49:20 UTC 2020 /home/travis/build/icyphy/ptII/ptolemy/domains/continuous/test/auto/LevelCrossing4.xml
----------------- Instantiating /home/travis/build/icyphy/ptII/ptolemy/domains/continuous/test/auto/LevelCrossing4.xml
3 ms. Memory: 270336K Free: 215767K (80%)
----------------- Invoking toplevel() on ptolemy.moml.MoMLSimpleApplication@30c1b90a
----------------- Done invoking toplevel() on ptolemy.moml.MoMLSimpleApplication@30c1b90a
reloadAllAccessors: .LevelCrossing4

===========================================================================================
----------------- testing Thu Jan 30 06:49:20 UTC 2020 /home/travis/build/icyphy/ptII/ptolemy/domains/continuous/test/auto/LevelCrossing5.xml
----------------- Instantiating /home/travis/build/icyphy/ptII/ptolemy/domains/continuous/test/auto/LevelCrossing5.xml
3 ms. Memory: 270336K Free: 210647K (78%)
----------------- Invoking toplevel() on ptolemy.moml.MoMLSimpleApplication@2a69504d
----------------- Done invoking toplevel() on ptolemy.moml.MoMLSimpleApplication@2a69504d
reloadAllAccessors: .LevelCrossing5

===========================================================================================
[...]
reloadAllAccessors: .ResetTransitionWithStartTime6

===========================================================================================
----------------- testing Thu Jan 30 06:49:35 UTC 2020 /home/travis/build/icyphy/ptII/ptolemy/domains/continuous/test/auto/SRinContinuous.xml
----------------- Instantiating /home/travis/build/icyphy/ptII/ptolemy/domains/continuous/test/auto/SRinContinuous.xml
4 ms. Memory: 324608K Free: 216423K (67%)
----------------- Invoking toplevel() on ptolemy.moml.MoMLSimpleApplication@4f188999
----------------- Done invoking toplevel() on ptolemy.moml.MoMLSimpleApplication@4f188999
reloadAllAccessors: .SRinContinuous

===========================================================================================
----------------- testing Thu Jan 30 06:49:35 UTC 2020 /home/travis/build/icyphy/ptII/ptolemy/domains/continuous/test/auto/SampledClocks.xml
----------------- Instantiating /home/travis/build/icyphy/ptII/ptolemy/domains/continuous/test/auto/SampledClocks.xml
5 ms. Memory: 324608K Free: 203621K (63%)
----------------- Invoking toplevel() on ptolemy.moml.MoMLSimpleApplication@47f70566
----------------- Done invoking toplevel() on ptolemy.moml.MoMLSimpleApplication@47f70566
reloadAllAccessors: .SampledClocks

===========================================================================================
----------------- testing Thu Jan 30 06:49:35 UTC 2020 /home/travis/build/icyphy/ptII/ptolemy/domains/continuous/test/auto/Satellite.xml
----------------- Instantiating /home/travis/build/icyphy/ptII/ptolemy/domains/continuous/test/auto/Satellite.xml
695 ms. Memory: 324608K Free: 201757K (62%)
----------------- Invoking toplevel() on ptolemy.moml.MoMLSimpleApplication@3e56de0f
----------------- Done invoking toplevel() on ptolemy.moml.MoMLSimpleApplication@3e56de0f
reloadAllAccessors: .Satellite

===========================================================================================
----------------- testing Thu Jan 30 06:49:36 UTC 2020 /home/travis/build/icyphy/ptII/ptolemy/domains/continuous/test/auto/SigmaDelta.xml
----------------- Instantiating /home/travis/build/icyphy/ptII/ptolemy/domains/continuous/test/auto/SigmaDelta.xml
1932 ms. Memory: 324608K Free: 132783K (41%)
----------------- Invoking toplevel() on ptolemy.moml.MoMLSimpleApplication@764de023
----------------- Done invoking toplevel() on ptolemy.moml.MoMLSimpleApplication@764de023
reloadAllAccessors: .SigmaDelta

===========================================================================================
----------------- testing Thu Jan 30 06:49:38 UTC 2020 /home/travis/build/icyphy/ptII/ptolemy/domains/continuous/test/auto/SingleRefinement.xml
----------------- Instantiating /home/travis/build/icyphy/ptII/ptolemy/domains/continuous/test/auto/SingleRefinement.xml
292 ms. Memory: 324608K Free: 143502K (44%)
----------------- Invoking toplevel() on ptolemy.moml.MoMLSimpleApplication@3a27f556
----------------- Done invoking toplevel() on ptolemy.moml.MoMLSimpleApplication@3a27f556
reloadAllAccessors: .SingleRefinement

===========================================================================================
----------------- testing Thu Jan 30 06:49:38 UTC 2020 /home/travis/build/icyphy/ptII/ptolemy/domains/continuous/test/auto/SinuBouncingBall.xml
----------------- Instantiating /home/travis/build/icyphy/ptII/ptolemy/domains/continuous/test/auto/SinuBouncingBall.xml
778 ms. Memory: 324608K Free: 119278K (37%)
----------------- Invoking toplevel() on ptolemy.moml.MoMLSimpleApplication@38844145
----------------- Done invoking toplevel() on ptolemy.moml.MoMLSimpleApplication@38844145
reloadAllAccessors: .SinuBouncingBall

===========================================================================================
----------------- testing Thu Jan 30 06:49:39 UTC 2020 /home/travis/build/icyphy/ptII/ptolemy/domains/continuous/test/auto/Sinusoid.xml
----------------- Instantiating /home/travis/build/icyphy/ptII/ptolemy/domains/continuous/test/auto/Sinusoid.xml
4 ms. Memory: 324608K Free: 115182K (35%)
----------------- Invoking toplevel() on ptolemy.moml.MoMLSimpleApplication@58f66c7d
----------------- Done invoking toplevel() on ptolemy.moml.MoMLSimpleApplication@58f66c7d
reloadAllAccessors: .Sinusoid

===========================================================================================
----------------- testing Thu Jan 30 06:49:39 UTC 2020 /home/travis/build/icyphy/ptII/ptolemy/domains/continuous/test/auto/SinusoidInNoise.xml
----------------- Instantiating /home/travis/build/icyphy/ptII/ptolemy/domains/continuous/test/auto/SinusoidInNoise.xml
801 ms. Memory: 324608K Free: 175115K (54%)
----------------- Invoking toplevel() on ptolemy.moml.MoMLSimpleApplication@660ef8e2
----------------- Done invoking toplevel() on ptolemy.moml.MoMLSimpleApplication@660ef8e2
reloadAllAccessors: .SinusoidInNoise

===========================================================================================
----------------- testing Thu Jan 30 06:49:40 UTC 2020 /home/travis/build/icyphy/ptII/ptolemy/domains/continuous/test/auto/SinusoidRK45.xml
----------------- Instantiating /home/travis/build/icyphy/ptII/ptolemy/domains/continuous/test/auto/SinusoidRK45.xml
2 ms. Memory: 324608K Free: 170989K (53%)
----------------- Invoking toplevel() on ptolemy.moml.MoMLSimpleApplication@8b8a0a5
----------------- Done invoking toplevel() on ptolemy.moml.MoMLSimpleApplication@8b8a0a5
reloadAllAccessors: .SinusoidRK45

===========================================================================================
----------------- testing Thu Jan 30 06:49:40 UTC 2020 /home/travis/build/icyphy/ptII/ptolemy/domains/continuous/test/auto/SinusoidWithMultipleImpulses.xml
----------------- Instantiating /home/travis/build/icyphy/ptII/ptolemy/domains/continuous/test/auto/SinusoidWithMultipleImpulses.xml
2 ms. Memory: 324608K Free: 166413K (51%)
----------------- Invoking toplevel() on ptolemy.moml.MoMLSimpleApplication@63dcec97
----------------- Done invoking toplevel() on ptolemy.moml.MoMLSimpleApplication@63dcec97
reloadAllAccessors: .SinusoidWithMultipleImpulses

===========================================================================================
----------------- testing Thu Jan 30 06:49:40 UTC 2020 /home/travis/build/icyphy/ptII/ptolemy/domains/continuous/test/auto/SquareWave.xml
----------------- Instantiating /home/travis/build/icyphy/ptII/ptolemy/domains/continuous/test/auto/SquareWave.xml
139 ms. Memory: 324608K Free: 139275K (43%)
----------------- Invoking toplevel() on ptolemy.moml.MoMLSimpleApplication@67ebc0fe
----------------- Done invoking toplevel() on ptolemy.moml.MoMLSimpleApplication@67ebc0fe
reloadAllAccessors: .SquareWave

===========================================================================================
----------------- testing Thu Jan 30 06:49:40 UTC 2020 /home/travis/build/icyphy/ptII/ptolemy/domains/continuous/test/auto/Starmac.xml
----------------- Instantiating /home/travis/build/icyphy/ptII/ptolemy/domains/continuous/test/auto/Starmac.xml
3052 ms. Memory: 324608K Free: 209054K (64%)
----------------- Invoking toplevel() on ptolemy.moml.MoMLSimpleApplication@2a046a61
----------------- Done invoking toplevel() on ptolemy.moml.MoMLSimpleApplication@2a046a61
reloadAllAccessors: .Starmac

===========================================================================================
----------------- testing Thu Jan 30 06:49:43 UTC 2020 /home/travis/build/icyphy/ptII/ptolemy/domains/continuous/test/auto/StaticUnits.xml
----------------- Instantiating /home/travis/build/icyphy/ptII/ptolemy/domains/continuous/test/auto/StaticUnits.xml
1736 ms. Memory: 324608K Free: 130703K (40%)
----------------- Invoking toplevel() on ptolemy.moml.MoMLSimpleApplication@7a483ab8
----------------- Done invoking toplevel() on ptolemy.moml.MoMLSimpleApplication@7a483ab8
reloadAllAccessors: .StaticUnits

===========================================================================================
----------------- testing Thu Jan 30 06:49:46 UTC 2020 /home/travis/build/icyphy/ptII/ptolemy/domains/continuous/test/auto/StickyMasses.xml
----------------- Instantiating /home/travis/build/icyphy/ptII/ptolemy/domains/continuous/test/auto/StickyMasses.xml
123 ms. Memory: 324608K Free: 269889K (83%)
----------------- Invoking toplevel() on ptolemy.moml.MoMLSimpleApplication@1f0f1341
----------------- Done invoking toplevel() on ptolemy.moml.MoMLSimpleApplication@1f0f1341
reloadAllAccessors: .StickyMasses

===========================================================================================
----------------- testing Thu Jan 30 06:49:46 UTC 2020 /home/travis/build/icyphy/ptII/ptolemy/domains/continuous/test/auto/StopTime.xml
----------------- Instantiating /home/travis/build/icyphy/ptII/ptolemy/domains/continuous/test/auto/StopTime.xml
37 ms. Memory: 324608K Free: 245283K (76%)
----------------- Invoking toplevel() on ptolemy.moml.MoMLSimpleApplication@9284031
----------------- Done invoking toplevel() on ptolemy.moml.MoMLSimpleApplication@9284031
reloadAllAccessors: .StopTime

===========================================================================================
----------------- testing Thu Jan 30 06:49:46 UTC 2020 /home/travis/build/icyphy/ptII/ptolemy/domains/continuous/test/auto/StopTime2.xml
----------------- Instantiating /home/travis/build/icyphy/ptII/ptolemy/domains/continuous/test/auto/StopTime2.xml
34 ms. Memory: 324608K Free: 223299K (69%)
----------------- Invoking toplevel() on ptolemy.moml.MoMLSimpleApplication@15d9666f
----------------- Done invoking toplevel() on ptolemy.moml.MoMLSimpleApplication@15d9666f
reloadAllAccessors: .StopTime2

===========================================================================================
----------------- testing Thu Jan 30 06:49:46 UTC 2020 /home/travis/build/icyphy/ptII/ptolemy/domains/continuous/test/auto/Switch.xml
----------------- Instantiating /home/travis/build/icyphy/ptII/ptolemy/domains/continuous/test/auto/Switch.xml
39 ms. Memory: 324608K Free: 197699K (61%)
----------------- Invoking toplevel() on ptolemy.moml.MoMLSimpleApplication@9af7b35
----------------- Done invoking toplevel() on ptolemy.moml.MoMLSimpleApplication@9af7b35
reloadAllAccessors: .Switch

===========================================================================================
----------------- testing Thu Jan 30 06:49:46 UTC 2020 /home/travis/build/icyphy/ptII/ptolemy/domains/continuous/test/auto/Thermostat.xml
----------------- Instantiating /home/travis/build/icyphy/ptII/ptolemy/domains/continuous/test/auto/Thermostat.xml
201 ms. Memory: 324608K Free: 125505K (39%)
----------------- Invoking toplevel() on ptolemy.moml.MoMLSimpleApplication@7cc2b358
----------------- Done invoking toplevel() on ptolemy.moml.MoMLSimpleApplication@7cc2b358
reloadAllAccessors: .Thermostat

===========================================================================================
----------------- testing Thu Jan 30 06:49:46 UTC 2020 /home/travis/build/icyphy/ptII/ptolemy/domains/continuous/test/auto/TimeDelay.xml
----------------- Instantiating /home/travis/build/icyphy/ptII/ptolemy/domains/continuous/test/auto/TimeDelay.xml
5 ms. Memory: 324608K Free: 120899K (37%)
----------------- Invoking toplevel() on ptolemy.moml.MoMLSimpleApplication@4f8b2de1
----------------- Done invoking toplevel() on ptolemy.moml.MoMLSimpleApplication@4f8b2de1
reloadAllAccessors: .TimeDelay

===========================================================================================
----------------- testing Thu Jan 30 06:49:46 UTC 2020 /home/travis/build/icyphy/ptII/ptolemy/domains/continuous/test/auto/TimeDelay2.xml
----------------- Instantiating /home/travis/build/icyphy/ptII/ptolemy/domains/continuous/test/auto/TimeDelay2.xml
7 ms. Memory: 324608K Free: 299933K (92%)
----------------- Invoking toplevel() on ptolemy.moml.MoMLSimpleApplication@5615ee1
----------------- Done invoking toplevel() on ptolemy.moml.MoMLSimpleApplication@5615ee1
reloadAllAccessors: .TimeDelay2

===========================================================================================
----------------- testing Thu Jan 30 06:49:46 UTC 2020 /home/travis/build/icyphy/ptII/ptolemy/domains/continuous/test/auto/TimeDelay3.xml
----------------- Instantiating /home/travis/build/icyphy/ptII/ptolemy/domains/continuous/test/auto/TimeDelay3.xml
4 ms. Memory: 324608K Free: 295325K (91%)
----------------- Invoking toplevel() on ptolemy.moml.MoMLSimpleApplication@741fdd98
----------------- Done invoking toplevel() on ptolemy.moml.MoMLSimpleApplication@741fdd98
reloadAllAccessors: .TimeDelay3

===========================================================================================
----------------- testing Thu Jan 30 06:49:46 UTC 2020 /home/travis/build/icyphy/ptII/ptolemy/domains/continuous/test/auto/TransferAbsentToInside.xml
----------------- Instantiating /home/travis/build/icyphy/ptII/ptolemy/domains/continuous/test/auto/TransferAbsentToInside.xml
28 ms. Memory: 324608K Free: 242583K (75%)
----------------- Invoking toplevel() on ptolemy.moml.MoMLSimpleApplication@7bb2b45e
----------------- Done invoking toplevel() on ptolemy.moml.MoMLSimpleApplication@7bb2b45e
reloadAllAccessors: .TransferAbsentToInside

===========================================================================================
----------------- testing Thu Jan 30 06:49:46 UTC 2020 /home/travis/build/icyphy/ptII/ptolemy/domains/continuous/test/auto/Transmission.xml
----------------- Instantiating /home/travis/build/icyphy/ptII/ptolemy/domains/continuous/test/auto/Transmission.xml
728 ms. Memory: 324608K Free: 200215K (62%)
----------------- Invoking toplevel() on ptolemy.moml.MoMLSimpleApplication@2c21b810
----------------- Done invoking toplevel() on ptolemy.moml.MoMLSimpleApplication@2c21b810
reloadAllAccessors: .Transmission

===========================================================================================
----------------- testing Thu Jan 30 06:49:47 UTC 2020 /home/travis/build/icyphy/ptII/ptolemy/domains/continuous/test/auto/TriggeredContinuousClock.xml
----------------- Instantiating /home/travis/build/icyphy/ptII/ptolemy/domains/continuous/test/auto/TriggeredContinuousClock.xml
33 ms. Memory: 324608K Free: 170535K (53%)
----------------- Invoking toplevel() on ptolemy.moml.MoMLSimpleApplication@36532d8e
----------------- Done invoking toplevel() on ptolemy.moml.MoMLSimpleApplication@36532d8e
reloadAllAccessors: .TriggeredContinuousClock

===========================================================================================
----------------- testing Thu Jan 30 06:49:47 UTC 2020 /home/travis/build/icyphy/ptII/ptolemy/domains/continuous/test/auto/TwoMachineInfiniteBusControl.xml
----------------- Instantiating /home/travis/build/icyphy/ptII/ptolemy/domains/continuous/test/auto/TwoMachineInfiniteBusControl.xml
2120 ms. Memory: 324608K Free: 158742K (49%)
----------------- Invoking toplevel() on ptolemy.moml.MoMLSimpleApplication@284ccf92
----------------- Done invoking toplevel() on ptolemy.moml.MoMLSimpleApplication@284ccf92
reloadAllAccessors: .TwoMachineInfiniteBusControl

===========================================================================================
----------------- testing Thu Jan 30 06:49:50 UTC 2020 /home/travis/build/icyphy/ptII/ptolemy/domains/continuous/test/auto/V2V.xml
----------------- Instantiating /home/travis/build/icyphy/ptII/ptolemy/domains/continuous/test/auto/V2V.xml
752 ms. Memory: 324608K Free: 159346K (49%)
----------------- Invoking toplevel() on ptolemy.moml.MoMLSimpleApplication@260fd2c7
----------------- Done invoking toplevel() on ptolemy.moml.MoMLSimpleApplication@260fd2c7
reloadAllAccessors: .V2V

===========================================================================================
----------------- testing Thu Jan 30 06:49:50 UTC 2020 /home/travis/build/icyphy/ptII/ptolemy/domains/continuous/test/auto/hierarchicalModalModel.xml
----------------- Instantiating /home/travis/build/icyphy/ptII/ptolemy/domains/continuous/test/auto/hierarchicalModalModel.xml
7 ms. Memory: 324608K Free: 144869K (45%)
----------------- Invoking toplevel() on ptolemy.moml.MoMLSimpleApplication@368f52dd
----------------- Done invoking toplevel() on ptolemy.moml.MoMLSimpleApplication@368f52dd
reloadAllAccessors: .hierarchicalModalModel

===========================================================================================
----------------- testing Thu Jan 30 06:49:50 UTC 2020 /home/travis/build/icyphy/ptII/ptolemy/domains/continuous/test/auto/hierarchicalModalModel1.xml
----------------- Instantiating /home/travis/build/icyphy/ptII/ptolemy/domains/continuous/test/auto/hierarchicalModalModel1.xml
7 ms. Memory: 324608K Free: 130547K (40%)
----------------- Invoking toplevel() on ptolemy.moml.MoMLSimpleApplication@3a0dd589
----------------- Done invoking toplevel() on ptolemy.moml.MoMLSimpleApplication@3a0dd589
reloadAllAccessors: .hierarchicalModalModel1

===========================================================================================
----------------- testing Thu Jan 30 06:49:50 UTC 2020 /home/travis/build/icyphy/ptII/ptolemy/domains/continuous/test/auto/hierarchicalModalModel2.xml
----------------- Instantiating /home/travis/build/icyphy/ptII/ptolemy/domains/continuous/test/auto/hierarchicalModalModel2.xml
7 ms. Memory: 324608K Free: 118245K (36%)
----------------- Invoking toplevel() on ptolemy.moml.MoMLSimpleApplication@39a33b99
----------------- Done invoking toplevel() on ptolemy.moml.MoMLSimpleApplication@39a33b99
reloadAllAccessors: .hierarchicalModalModel2

===========================================================================================
----------------- testing Thu Jan 30 06:49:50 UTC 2020 /home/travis/build/icyphy/ptII/ptolemy/domains/continuous/test/auto/hierarchicalModalModel3.xml
----------------- Instantiating /home/travis/build/icyphy/ptII/ptolemy/domains/continuous/test/auto/hierarchicalModalModel3.xml
6 ms. Memory: 324608K Free: 296430K (91%)
----------------- Invoking toplevel() on ptolemy.moml.MoMLSimpleApplication@24234231
----------------- Done invoking toplevel() on ptolemy.moml.MoMLSimpleApplication@24234231
reloadAllAccessors: .hierarchicalModalModel3

===========================================================================================
----------------- testing Thu Jan 30 06:49:50 UTC 2020 /home/travis/build/icyphy/ptII/ptolemy/domains/continuous/test/auto/hierarchicalModalModel4.xml
----------------- Instantiating /home/travis/build/icyphy/ptII/ptolemy/domains/continuous/test/auto/hierarchicalModalModel4.xml
5 ms. Memory: 324608K Free: 284652K (88%)
----------------- Invoking toplevel() on ptolemy.moml.MoMLSimpleApplication@3ffba39d
----------------- Done invoking toplevel() on ptolemy.moml.MoMLSimpleApplication@3ffba39d
reloadAllAccessors: .hierarchicalModalModel4

===========================================================================================
----------------- testing Thu Jan 30 06:49:50 UTC 2020 /home/travis/build/icyphy/ptII/ptolemy/domains/continuous/test/auto/junk.xml
----------------- Instantiating /home/travis/build/icyphy/ptII/ptolemy/domains/continuous/test/auto/junk.xml
111 ms. Memory: 324608K Free: 257004K (79%)
----------------- Invoking toplevel() on ptolemy.moml.MoMLSimpleApplication@4d04cd4e
----------------- Done invoking toplevel() on ptolemy.moml.MoMLSimpleApplication@4d04cd4e
reloadAllAccessors: .junk
AutoTests.java: About to close Vertx.
AutoTests.java: Vertx closed.
]]></system-out>
  <system-err><![CDATA[Warning: '.HysteresisWithRandomDelay.NonStrictTest3' The test produced only 26 tokens, yet the correctValues parameter was expecting 30 tokens.
Warning: '.Poisson.NonStrictTest' The test produced only 403 tokens, yet the correctValues parameter was expecting 430 tokens.
]]></system-err>
</testsuite>
