<?xml version="1.0" encoding="UTF-8" ?>
<testsuite errors="0" failures="0" hostname="travis-job-4793cfa6-8c39-485a-aac0-fc75ed58027e" name="ptolemy.domains.modal.test.junit.JUnitTclTest" skipped="0" tests="148" time="11.027" timestamp="2020-07-26T15:13:21">
  <properties>
[...]
</properties>
  <testcase classname="ptolemy.util.test.junit.TclTests" name="[0] /home/travis/build/icyphy/ptII/ptolemy/domains/modal/test/SystemLevelType.tcl (RunTclFile)" time="2.126" />
  <testcase classname="ptolemy.util.test.junit.AutoKnownFailedTests" name="[0] /home/travis/build/icyphy/ptII/ptolemy/domains/modal/test/auto/knownFailedTests/CannotAnalysisWithPreemption.xml (RunModel)" time="0.295" />
  <testcase classname="ptolemy.util.test.junit.AutoNameArchTests" name="[0] ThereAreNoAutoArchTests (RunModel)" time="0.003" />
  <testcase classname="ptolemy.util.test.junit.AutoTests" name="[0] /home/travis/build/icyphy/ptII/ptolemy/domains/modal/test/auto/ABPTest.xml (RunModel)" time="0.647" />
  <testcase classname="ptolemy.util.test.junit.AutoTests" name="[1] /home/travis/build/icyphy/ptII/ptolemy/domains/modal/test/auto/ABROFlat.xml (RunModel)" time="0.112" />
  <testcase classname="ptolemy.util.test.junit.AutoTests" name="[2] /home/travis/build/icyphy/ptII/ptolemy/domains/modal/test/auto/ABROFlat2.xml (RunModel)" time="0.098" />
  <testcase classname="ptolemy.util.test.junit.AutoTests" name="[3] /home/travis/build/icyphy/ptII/ptolemy/domains/modal/test/auto/ABRO_present_hmm.xml (RunModel)" time="0.195" />
  <testcase classname="ptolemy.util.test.junit.AutoTests" name="[4] /home/travis/build/icyphy/ptII/ptolemy/domains/modal/test/auto/AMICoderExample.xml (RunModel)" time="0.092" />
  <testcase classname="ptolemy.util.test.junit.AutoTests" name="[5] /home/travis/build/icyphy/ptII/ptolemy/domains/modal/test/auto/AbsentToPresent.xml (RunModel)" time="0.022" />
  <testcase classname="ptolemy.util.test.junit.AutoTests" name="[6] /home/travis/build/icyphy/ptII/ptolemy/domains/modal/test/auto/Blending.xml (RunModel)" time="0.234" />
  <testcase classname="ptolemy.util.test.junit.AutoTests" name="[7] /home/travis/build/icyphy/ptII/ptolemy/domains/modal/test/auto/Broadcast.xml (RunModel)" time="0.046" />
  <testcase classname="ptolemy.util.test.junit.AutoTests" name="[8] /home/travis/build/icyphy/ptII/ptolemy/domains/modal/test/auto/BroadcastHierarchy.xml (RunModel)" time="0.073" />
  <testcase classname="ptolemy.util.test.junit.AutoTests" name="[9] /home/travis/build/icyphy/ptII/ptolemy/domains/modal/test/auto/BroadcastHierarchy2.xml (RunModel)" time="0.11" />
  <testcase classname="ptolemy.util.test.junit.AutoTests" name="[10] /home/travis/build/icyphy/ptII/ptolemy/domains/modal/test/auto/BroadcastHierarchy3.xml (RunModel)" time="0.096" />
  <testcase classname="ptolemy.util.test.junit.AutoTests" name="[11] /home/travis/build/icyphy/ptII/ptolemy/domains/modal/test/auto/BroadcastHierarchy4.xml (RunModel)" time="0.09" />
  <testcase classname="ptolemy.util.test.junit.AutoTests" name="[12] /home/travis/build/icyphy/ptII/ptolemy/domains/modal/test/auto/CannotAnalysisWithPreemption2.xml (RunModel)" time="0.032" />
  <testcase classname="ptolemy.util.test.junit.AutoTests" name="[13] /home/travis/build/icyphy/ptII/ptolemy/domains/modal/test/auto/CannotAnalysisWithPreemption3.xml (RunModel)" time="0.041" />
  <testcase classname="ptolemy.util.test.junit.AutoTests" name="[14] /home/travis/build/icyphy/ptII/ptolemy/domains/modal/test/auto/CannotProduce.xml (RunModel)" time="0.031" />
  <testcase classname="ptolemy.util.test.junit.AutoTests" name="[15] /home/travis/build/icyphy/ptII/ptolemy/domains/modal/test/auto/CannotProduceModal.xml (RunModel)" time="0.03" />
  <testcase classname="ptolemy.util.test.junit.AutoTests" name="[16] /home/travis/build/icyphy/ptII/ptolemy/domains/modal/test/auto/Case.xml (RunModel)" time="0.062" />
  <testcase classname="ptolemy.util.test.junit.AutoTests" name="[17] /home/travis/build/icyphy/ptII/ptolemy/domains/modal/test/auto/Case1.xml (RunModel)" time="0.032" />
  <testcase classname="ptolemy.util.test.junit.AutoTests" name="[18] /home/travis/build/icyphy/ptII/ptolemy/domains/modal/test/auto/Case2.xml (RunModel)" time="0.057" />
  <testcase classname="ptolemy.util.test.junit.AutoTests" name="[19] /home/travis/build/icyphy/ptII/ptolemy/domains/modal/test/auto/CausalityInterface1.xml (RunModel)" time="0.026" />
  <testcase classname="ptolemy.util.test.junit.AutoTests" name="[20] /home/travis/build/icyphy/ptII/ptolemy/domains/modal/test/auto/CausalityInterface10.xml (RunModel)" time="0.055" />
  <testcase classname="ptolemy.util.test.junit.AutoTests" name="[21] /home/travis/build/icyphy/ptII/ptolemy/domains/modal/test/auto/CausalityInterface11.xml (RunModel)" time="0.055" />
  <testcase classname="ptolemy.util.test.junit.AutoTests" name="[22] /home/travis/build/icyphy/ptII/ptolemy/domains/modal/test/auto/CausalityInterface12.xml (RunModel)" time="0.051" />
  <testcase classname="ptolemy.util.test.junit.AutoTests" name="[23] /home/travis/build/icyphy/ptII/ptolemy/domains/modal/test/auto/CausalityInterface13.xml (RunModel)" time="0.065" />
  <testcase classname="ptolemy.util.test.junit.AutoTests" name="[24] /home/travis/build/icyphy/ptII/ptolemy/domains/modal/test/auto/CausalityInterface14.xml (RunModel)" time="0.055" />
  <testcase classname="ptolemy.util.test.junit.AutoTests" name="[25] /home/travis/build/icyphy/ptII/ptolemy/domains/modal/test/auto/CausalityInterface2.xml (RunModel)" time="0.033" />
  <testcase classname="ptolemy.util.test.junit.AutoTests" name="[26] /home/travis/build/icyphy/ptII/ptolemy/domains/modal/test/auto/CausalityInterface3.xml (RunModel)" time="0.036" />
  <testcase classname="ptolemy.util.test.junit.AutoTests" name="[27] /home/travis/build/icyphy/ptII/ptolemy/domains/modal/test/auto/CausalityInterface4.xml (RunModel)" time="0.021" />
  <testcase classname="ptolemy.util.test.junit.AutoTests" name="[28] /home/travis/build/icyphy/ptII/ptolemy/domains/modal/test/auto/CausalityInterface5.xml (RunModel)" time="0.022" />
  <testcase classname="ptolemy.util.test.junit.AutoTests" name="[29] /home/travis/build/icyphy/ptII/ptolemy/domains/modal/test/auto/CausalityInterface6.xml (RunModel)" time="0.045" />
  <testcase classname="ptolemy.util.test.junit.AutoTests" name="[30] /home/travis/build/icyphy/ptII/ptolemy/domains/modal/test/auto/CausalityInterface7.xml (RunModel)" time="0.032" />
  <testcase classname="ptolemy.util.test.junit.AutoTests" name="[31] /home/travis/build/icyphy/ptII/ptolemy/domains/modal/test/auto/CausalityInterface8.xml (RunModel)" time="0.035" />
  <testcase classname="ptolemy.util.test.junit.AutoTests" name="[32] /home/travis/build/icyphy/ptII/ptolemy/domains/modal/test/auto/CausalityInterface9.xml (RunModel)" time="0.037" />
  <testcase classname="ptolemy.util.test.junit.AutoTests" name="[33] /home/travis/build/icyphy/ptII/ptolemy/domains/modal/test/auto/ChainedTransitions.xml (RunModel)" time="0.181" />
  <testcase classname="ptolemy.util.test.junit.AutoTests" name="[34] /home/travis/build/icyphy/ptII/ptolemy/domains/modal/test/auto/CycleOfImmediateTransitionsFSM.xml (RunModel)" time="0.017" />
  <testcase classname="ptolemy.util.test.junit.AutoTests" name="[35] /home/travis/build/icyphy/ptII/ptolemy/domains/modal/test/auto/CycleOfImmediateTransitionsModal.xml (RunModel)" time="0.025" />
  <testcase classname="ptolemy.util.test.junit.AutoTests" name="[36] /home/travis/build/icyphy/ptII/ptolemy/domains/modal/test/auto/CycleOfImmediateTransitionsModal2.xml (RunModel)" time="0.034" />
  <testcase classname="ptolemy.util.test.junit.AutoTests" name="[37] /home/travis/build/icyphy/ptII/ptolemy/domains/modal/test/auto/CycleOfImmediateTransitionsModal3.xml (RunModel)" time="0.088" />
  <testcase classname="ptolemy.util.test.junit.AutoTests" name="[38] /home/travis/build/icyphy/ptII/ptolemy/domains/modal/test/auto/DeepModal1.xml (RunModel)" time="0.058" />
  <testcase classname="ptolemy.util.test.junit.AutoTests" name="[39] /home/travis/build/icyphy/ptII/ptolemy/domains/modal/test/auto/DeepModal2.xml (RunModel)" time="0.07" />
  <testcase classname="ptolemy.util.test.junit.AutoTests" name="[40] /home/travis/build/icyphy/ptII/ptolemy/domains/modal/test/auto/DeepModal3.xml (RunModel)" time="0.067" />
  <testcase classname="ptolemy.util.test.junit.AutoTests" name="[41] /home/travis/build/icyphy/ptII/ptolemy/domains/modal/test/auto/DeepModal4.xml (RunModel)" time="0.077" />
  <testcase classname="ptolemy.util.test.junit.AutoTests" name="[42] /home/travis/build/icyphy/ptII/ptolemy/domains/modal/test/auto/Default1.xml (RunModel)" time="0.018" />
  <testcase classname="ptolemy.util.test.junit.AutoTests" name="[43] /home/travis/build/icyphy/ptII/ptolemy/domains/modal/test/auto/Default2.xml (RunModel)" time="0.022" />
  <testcase classname="ptolemy.util.test.junit.AutoTests" name="[44] /home/travis/build/icyphy/ptII/ptolemy/domains/modal/test/auto/Default3.xml (RunModel)" time="0.019" />
  <testcase classname="ptolemy.util.test.junit.AutoTests" name="[45] /home/travis/build/icyphy/ptII/ptolemy/domains/modal/test/auto/Default4.xml (RunModel)" time="0.019" />
  <testcase classname="ptolemy.util.test.junit.AutoTests" name="[46] /home/travis/build/icyphy/ptII/ptolemy/domains/modal/test/auto/Default5.xml (RunModel)" time="0.024" />
  <testcase classname="ptolemy.util.test.junit.AutoTests" name="[47] /home/travis/build/icyphy/ptII/ptolemy/domains/modal/test/auto/EmptyGuard.xml (RunModel)" time="0.028" />
  <testcase classname="ptolemy.util.test.junit.AutoTests" name="[48] /home/travis/build/icyphy/ptII/ptolemy/domains/modal/test/auto/ErrorTransition1.xml (RunModel)" time="0.033" />
  <testcase classname="ptolemy.util.test.junit.AutoTests" name="[49] /home/travis/build/icyphy/ptII/ptolemy/domains/modal/test/auto/ErrorTransition10.xml (RunModel)" time="0.043" />
  <testcase classname="ptolemy.util.test.junit.AutoTests" name="[50] /home/travis/build/icyphy/ptII/ptolemy/domains/modal/test/auto/ErrorTransition11.xml (RunModel)" time="0.048" />
  <testcase classname="ptolemy.util.test.junit.AutoTests" name="[51] /home/travis/build/icyphy/ptII/ptolemy/domains/modal/test/auto/ErrorTransition2.xml (RunModel)" time="0.035" />
  <testcase classname="ptolemy.util.test.junit.AutoTests" name="[52] /home/travis/build/icyphy/ptII/ptolemy/domains/modal/test/auto/ErrorTransition3.xml (RunModel)" time="0.049" />
  <testcase classname="ptolemy.util.test.junit.AutoTests" name="[53] /home/travis/build/icyphy/ptII/ptolemy/domains/modal/test/auto/ErrorTransition4.xml (RunModel)" time="0.047" />
  <testcase classname="ptolemy.util.test.junit.AutoTests" name="[54] /home/travis/build/icyphy/ptII/ptolemy/domains/modal/test/auto/ErrorTransition5.xml (RunModel)" time="0.033" />
  <testcase classname="ptolemy.util.test.junit.AutoTests" name="[55] /home/travis/build/icyphy/ptII/ptolemy/domains/modal/test/auto/ErrorTransition6.xml (RunModel)" time="0.049" />
  <testcase classname="ptolemy.util.test.junit.AutoTests" name="[56] /home/travis/build/icyphy/ptII/ptolemy/domains/modal/test/auto/ErrorTransition7.xml (RunModel)" time="0.06" />
  <testcase classname="ptolemy.util.test.junit.AutoTests" name="[57] /home/travis/build/icyphy/ptII/ptolemy/domains/modal/test/auto/ErrorTransition8.xml (RunModel)" time="0.04" />
  <testcase classname="ptolemy.util.test.junit.AutoTests" name="[58] /home/travis/build/icyphy/ptII/ptolemy/domains/modal/test/auto/ErrorTransition9.xml (RunModel)" time="0.033" />
  <testcase classname="ptolemy.util.test.junit.AutoTests" name="[59] /home/travis/build/icyphy/ptII/ptolemy/domains/modal/test/auto/ExtendedFSM.xml (RunModel)" time="0.023" />
  <testcase classname="ptolemy.util.test.junit.AutoTests" name="[60] /home/travis/build/icyphy/ptII/ptolemy/domains/modal/test/auto/FinalStates.xml (RunModel)" time="0.031" />
  <testcase classname="ptolemy.util.test.junit.AutoTests" name="[61] /home/travis/build/icyphy/ptII/ptolemy/domains/modal/test/auto/FixedPointFSM.xml (RunModel)" time="0.046" />
  <testcase classname="ptolemy.util.test.junit.AutoTests" name="[62] /home/travis/build/icyphy/ptII/ptolemy/domains/modal/test/auto/FixedPointIterationFSMActor.xml (RunModel)" time="0.027" />
  <testcase classname="ptolemy.util.test.junit.AutoTests" name="[63] /home/travis/build/icyphy/ptII/ptolemy/domains/modal/test/auto/FixedPointIterationFSMActor2.xml (RunModel)" time="0.053" />
  <testcase classname="ptolemy.util.test.junit.AutoTests" name="[64] /home/travis/build/icyphy/ptII/ptolemy/domains/modal/test/auto/ForbiddenInstantanousLoop.xml (RunModel)" time="0.033" />
  <testcase classname="ptolemy.util.test.junit.AutoTests" name="[65] /home/travis/build/icyphy/ptII/ptolemy/domains/modal/test/auto/FunctionDependencyOfFSMActorTest.xml (RunModel)" time="0.032" />
  <testcase classname="ptolemy.util.test.junit.AutoTests" name="[66] /home/travis/build/icyphy/ptII/ptolemy/domains/modal/test/auto/GuardExpression.xml (RunModel)" time="0.015" />
  <testcase classname="ptolemy.util.test.junit.AutoTests" name="[67] /home/travis/build/icyphy/ptII/ptolemy/domains/modal/test/auto/GuardNotEvaluated.xml (RunModel)" time="0.025" />
  <testcase classname="ptolemy.util.test.junit.AutoTests" name="[68] /home/travis/build/icyphy/ptII/ptolemy/domains/modal/test/auto/GuardNotEvaluated2.xml (RunModel)" time="0.025" />
  <testcase classname="ptolemy.util.test.junit.AutoTests" name="[69] /home/travis/build/icyphy/ptII/ptolemy/domains/modal/test/auto/GuardOnAbsent.xml (RunModel)" time="0.021" />
  <testcase classname="ptolemy.util.test.junit.AutoTests" name="[70] /home/travis/build/icyphy/ptII/ptolemy/domains/modal/test/auto/HierarchicalFSMTypeInference.xml (RunModel)" time="0.027" />
  <testcase classname="ptolemy.util.test.junit.AutoTests" name="[71] /home/travis/build/icyphy/ptII/ptolemy/domains/modal/test/auto/Hysteresis.xml (RunModel)" time="0.042" />
  <testcase classname="ptolemy.util.test.junit.AutoTests" name="[72] /home/travis/build/icyphy/ptII/ptolemy/domains/modal/test/auto/HysteresisWithDefault.xml (RunModel)" time="0.074" />
  <testcase classname="ptolemy.util.test.junit.AutoTests" name="[73] /home/travis/build/icyphy/ptII/ptolemy/domains/modal/test/auto/HysteresisWithDefault2.xml (RunModel)" time="0.073" />
  <testcase classname="ptolemy.util.test.junit.AutoTests" name="[74] /home/travis/build/icyphy/ptII/ptolemy/domains/modal/test/auto/ImmediateNonConstructiveness.xml (RunModel)" time="0.018" />
  <testcase classname="ptolemy.util.test.junit.AutoTests" name="[75] /home/travis/build/icyphy/ptII/ptolemy/domains/modal/test/auto/ImmediateNonConstructiveness2.xml (RunModel)" time="0.037" />
  <testcase classname="ptolemy.util.test.junit.AutoTests" name="[76] /home/travis/build/icyphy/ptII/ptolemy/domains/modal/test/auto/ImmediateTransitionReset.xml (RunModel)" time="0.032" />
  <testcase classname="ptolemy.util.test.junit.AutoTests" name="[77] /home/travis/build/icyphy/ptII/ptolemy/domains/modal/test/auto/ImmediateTransitions1.xml (RunModel)" time="0.017" />
  <testcase classname="ptolemy.util.test.junit.AutoTests" name="[78] /home/travis/build/icyphy/ptII/ptolemy/domains/modal/test/auto/ImmediateTransitionsInstantaneousCommunication.xml (RunModel)" time="0.032" />
  <testcase classname="ptolemy.util.test.junit.AutoTests" name="[79] /home/travis/build/icyphy/ptII/ptolemy/domains/modal/test/auto/InitialImmediateTransition.xml (RunModel)" time="0.016" />
  <testcase classname="ptolemy.util.test.junit.AutoTests" name="[80] /home/travis/build/icyphy/ptII/ptolemy/domains/modal/test/auto/InitialOutputs.xml (RunModel)" time="0.016" />
  <testcase classname="ptolemy.util.test.junit.AutoTests" name="[81] /home/travis/build/icyphy/ptII/ptolemy/domains/modal/test/auto/InitialStateTransition1.xml (RunModel)" time="0.019" />
  <testcase classname="ptolemy.util.test.junit.AutoTests" name="[82] /home/travis/build/icyphy/ptII/ptolemy/domains/modal/test/auto/InitialStateTransition2.xml (RunModel)" time="0.021" />
  <testcase classname="ptolemy.util.test.junit.AutoTests" name="[83] /home/travis/build/icyphy/ptII/ptolemy/domains/modal/test/auto/InitialStateTransition3.xml (RunModel)" time="0.024" />
  <testcase classname="ptolemy.util.test.junit.AutoTests" name="[84] /home/travis/build/icyphy/ptII/ptolemy/domains/modal/test/auto/InitialStateTransition4.xml (RunModel)" time="0.026" />
  <testcase classname="ptolemy.util.test.junit.AutoTests" name="[85] /home/travis/build/icyphy/ptII/ptolemy/domains/modal/test/auto/MalformedGuardExpressionNotCaught.xml (RunModel)" time="0.026" />
  <testcase classname="ptolemy.util.test.junit.AutoTests" name="[86] /home/travis/build/icyphy/ptII/ptolemy/domains/modal/test/auto/ModalBSC.xml (RunModel)" time="0.09" />
  <testcase classname="ptolemy.util.test.junit.AutoTests" name="[87] /home/travis/build/icyphy/ptII/ptolemy/domains/modal/test/auto/ModalClocks.xml (RunModel)" time="0.074" />
  <testcase classname="ptolemy.util.test.junit.AutoTests" name="[88] /home/travis/build/icyphy/ptII/ptolemy/domains/modal/test/auto/ModalDelay.xml (RunModel)" time="0.055" />
  <testcase classname="ptolemy.util.test.junit.AutoTests" name="[89] /home/travis/build/icyphy/ptII/ptolemy/domains/modal/test/auto/ModalDelay2.xml (RunModel)" time="0.045" />
  <testcase classname="ptolemy.util.test.junit.AutoTests" name="[90] /home/travis/build/icyphy/ptII/ptolemy/domains/modal/test/auto/ModalModelFromMemo.xml (RunModel)" time="0.065" />
  <testcase classname="ptolemy.util.test.junit.AutoTests" name="[91] /home/travis/build/icyphy/ptII/ptolemy/domains/modal/test/auto/ModalModelWithMultirateTransient.xml (RunModel)" time="0.056" />
  <testcase classname="ptolemy.util.test.junit.AutoTests" name="[92] /home/travis/build/icyphy/ptII/ptolemy/domains/modal/test/auto/ModalModelWithReset.xml (RunModel)" time="0.055" />
  <testcase classname="ptolemy.util.test.junit.AutoTests" name="[93] /home/travis/build/icyphy/ptII/ptolemy/domains/modal/test/auto/MouseClickFSM.xml (RunModel)" time="0.046" />
  <testcase classname="ptolemy.util.test.junit.AutoTests" name="[94] /home/travis/build/icyphy/ptII/ptolemy/domains/modal/test/auto/MouseClickFSMModal.xml (RunModel)" time="0.038" />
  <testcase classname="ptolemy.util.test.junit.AutoTests" name="[95] /home/travis/build/icyphy/ptII/ptolemy/domains/modal/test/auto/NonStrictFSM_FeedbackLoop.xml (RunModel)" time="0.052" />
  <testcase classname="ptolemy.util.test.junit.AutoTests" name="[96] /home/travis/build/icyphy/ptII/ptolemy/domains/modal/test/auto/NonStrictFSM_FeedbackLoop_Refinement.xml (RunModel)" time="0.088" />
  <testcase classname="ptolemy.util.test.junit.AutoTests" name="[97] /home/travis/build/icyphy/ptII/ptolemy/domains/modal/test/auto/NonStrictFSM_FeedbackLoop_preemptive.xml (RunModel)" time="0.066" />
  <testcase classname="ptolemy.util.test.junit.AutoTests" name="[98] /home/travis/build/icyphy/ptII/ptolemy/domains/modal/test/auto/NormalTermination.xml (RunModel)" time="0.06" />
  <testcase classname="ptolemy.util.test.junit.AutoTests" name="[99] /home/travis/build/icyphy/ptII/ptolemy/domains/modal/test/auto/Pong.xml (RunModel)" time="0.111" />
  <testcase classname="ptolemy.util.test.junit.AutoTests" name="[100] /home/travis/build/icyphy/ptII/ptolemy/domains/modal/test/auto/Pong_test.xml (RunModel)" time="0.126" />
  <testcase classname="ptolemy.util.test.junit.AutoTests" name="[101] /home/travis/build/icyphy/ptII/ptolemy/domains/modal/test/auto/PreemptionHierarchy.xml (RunModel)" time="0.026" />
  <testcase classname="ptolemy.util.test.junit.AutoTests" name="[102] /home/travis/build/icyphy/ptII/ptolemy/domains/modal/test/auto/PreemptionHierarchy2.xml (RunModel)" time="0.033" />
  <testcase classname="ptolemy.util.test.junit.AutoTests" name="[103] /home/travis/build/icyphy/ptII/ptolemy/domains/modal/test/auto/PreemptiveTransition.xml (RunModel)" time="0.026" />
  <testcase classname="ptolemy.util.test.junit.AutoTests" name="[104] /home/travis/build/icyphy/ptII/ptolemy/domains/modal/test/auto/Priorities.xml (RunModel)" time="0.085" />
  <testcase classname="ptolemy.util.test.junit.AutoTests" name="[105] /home/travis/build/icyphy/ptII/ptolemy/domains/modal/test/auto/ResetFinal.xml (RunModel)" time="0.049" />
  <testcase classname="ptolemy.util.test.junit.AutoTests" name="[106] /home/travis/build/icyphy/ptII/ptolemy/domains/modal/test/auto/ResetFinal2.xml (RunModel)" time="0.033" />
  <testcase classname="ptolemy.util.test.junit.AutoTests" name="[107] /home/travis/build/icyphy/ptII/ptolemy/domains/modal/test/auto/ResetTransitionWithStartTime.xml (RunModel)" time="0.047" />
  <testcase classname="ptolemy.util.test.junit.AutoTests" name="[108] /home/travis/build/icyphy/ptII/ptolemy/domains/modal/test/auto/SDF-FSMComposite.xml (RunModel)" time="0.024" />
  <testcase classname="ptolemy.util.test.junit.AutoTests" name="[109] /home/travis/build/icyphy/ptII/ptolemy/domains/modal/test/auto/SeeminglyNondeterminate.xml (RunModel)" time="0.072" />
  <testcase classname="ptolemy.util.test.junit.AutoTests" name="[110] /home/travis/build/icyphy/ptII/ptolemy/domains/modal/test/auto/SeeminglyNondeterminate2.xml (RunModel)" time="0.072" />
  <testcase classname="ptolemy.util.test.junit.AutoTests" name="[111] /home/travis/build/icyphy/ptII/ptolemy/domains/modal/test/auto/SpontaneousFSM.xml (RunModel)" time="0.052" />
  <testcase classname="ptolemy.util.test.junit.AutoTests" name="[112] /home/travis/build/icyphy/ptII/ptolemy/domains/modal/test/auto/SpontaneousFSM2.xml (RunModel)" time="0.03" />
  <testcase classname="ptolemy.util.test.junit.AutoTests" name="[113] /home/travis/build/icyphy/ptII/ptolemy/domains/modal/test/auto/SpontaneousFSM3.xml (RunModel)" time="0.039" />
  <testcase classname="ptolemy.util.test.junit.AutoTests" name="[114] /home/travis/build/icyphy/ptII/ptolemy/domains/modal/test/auto/SpontaneousFSM4.xml (RunModel)" time="0.055" />
  <testcase classname="ptolemy.util.test.junit.AutoTests" name="[115] /home/travis/build/icyphy/ptII/ptolemy/domains/modal/test/auto/StateTrackerTest.xml (RunModel)" time="0.053" />
  <testcase classname="ptolemy.util.test.junit.AutoTests" name="[116] /home/travis/build/icyphy/ptII/ptolemy/domains/modal/test/auto/StrongImmediateTransition.xml (RunModel)" time="0.024" />
  <testcase classname="ptolemy.util.test.junit.AutoTests" name="[117] /home/travis/build/icyphy/ptII/ptolemy/domains/modal/test/auto/SustainHierarchy.xml (RunModel)" time="0.033" />
  <testcase classname="ptolemy.util.test.junit.AutoTests" name="[118] /home/travis/build/icyphy/ptII/ptolemy/domains/modal/test/auto/TerminationTransition1.xml (RunModel)" time="0.037" />
  <testcase classname="ptolemy.util.test.junit.AutoTests" name="[119] /home/travis/build/icyphy/ptII/ptolemy/domains/modal/test/auto/TerminationTransition2.xml (RunModel)" time="0.032" />
  <testcase classname="ptolemy.util.test.junit.AutoTests" name="[120] /home/travis/build/icyphy/ptII/ptolemy/domains/modal/test/auto/TerminationTransition3.xml (RunModel)" time="0.027" />
  <testcase classname="ptolemy.util.test.junit.AutoTests" name="[121] /home/travis/build/icyphy/ptII/ptolemy/domains/modal/test/auto/TerminationTransition4.xml (RunModel)" time="0.041" />
  <testcase classname="ptolemy.util.test.junit.AutoTests" name="[122] /home/travis/build/icyphy/ptII/ptolemy/domains/modal/test/auto/TerminationTransition5.xml (RunModel)" time="0.033" />
  <testcase classname="ptolemy.util.test.junit.AutoTests" name="[123] /home/travis/build/icyphy/ptII/ptolemy/domains/modal/test/auto/TerminationTransition6.xml (RunModel)" time="0.022" />
  <testcase classname="ptolemy.util.test.junit.AutoTests" name="[124] /home/travis/build/icyphy/ptII/ptolemy/domains/modal/test/auto/TerminationTransition7.xml (RunModel)" time="0.022" />
  <testcase classname="ptolemy.util.test.junit.AutoTests" name="[125] /home/travis/build/icyphy/ptII/ptolemy/domains/modal/test/auto/TerminationTransition8.xml (RunModel)" time="0.023" />
  <testcase classname="ptolemy.util.test.junit.AutoTests" name="[126] /home/travis/build/icyphy/ptII/ptolemy/domains/modal/test/auto/Thermostat_NoHysteresis.xml (RunModel)" time="0.052" />
  <testcase classname="ptolemy.util.test.junit.AutoTests" name="[127] /home/travis/build/icyphy/ptII/ptolemy/domains/modal/test/auto/TimedFSM.xml (RunModel)" time="0.034" />
  <testcase classname="ptolemy.util.test.junit.AutoTests" name="[128] /home/travis/build/icyphy/ptII/ptolemy/domains/modal/test/auto/Timeout1.xml (RunModel)" time="0.018" />
  <testcase classname="ptolemy.util.test.junit.AutoTests" name="[129] /home/travis/build/icyphy/ptII/ptolemy/domains/modal/test/auto/Timeout2.xml (RunModel)" time="0.024" />
  <testcase classname="ptolemy.util.test.junit.AutoTests" name="[130] /home/travis/build/icyphy/ptII/ptolemy/domains/modal/test/auto/Timeout3.xml (RunModel)" time="0.014" />
  <testcase classname="ptolemy.util.test.junit.AutoTests" name="[131] /home/travis/build/icyphy/ptII/ptolemy/domains/modal/test/auto/Timeout4.xml (RunModel)" time="0.011" />
  <testcase classname="ptolemy.util.test.junit.AutoTests" name="[132] /home/travis/build/icyphy/ptII/ptolemy/domains/modal/test/auto/TransientstateModelAdvanced.xml (RunModel)" time="0.026" />
  <testcase classname="ptolemy.util.test.junit.AutoTests" name="[133] /home/travis/build/icyphy/ptII/ptolemy/domains/modal/test/auto/TransientstateModelAdvanced2.xml (RunModel)" time="0.03" />
  <testcase classname="ptolemy.util.test.junit.AutoTests" name="[134] /home/travis/build/icyphy/ptII/ptolemy/domains/modal/test/auto/TransitionRefinements.xml (RunModel)" time="0.039" />
  <testcase classname="ptolemy.util.test.junit.AutoTests" name="[135] /home/travis/build/icyphy/ptII/ptolemy/domains/modal/test/auto/TwoRefinements1.xml (RunModel)" time="0.03" />
  <testcase classname="ptolemy.util.test.junit.AutoTests" name="[136] /home/travis/build/icyphy/ptII/ptolemy/domains/modal/test/auto/TwoRefinements2.xml (RunModel)" time="0.025" />
  <testcase classname="ptolemy.util.test.junit.AutoTests" name="[137] /home/travis/build/icyphy/ptII/ptolemy/domains/modal/test/auto/WeakImmediateTransition.xml (RunModel)" time="0.021" />
  <testcase classname="ptolemy.util.test.junit.AutoTests" name="[138] /home/travis/build/icyphy/ptII/ptolemy/domains/modal/test/auto/booleanSelect.xml (RunModel)" time="0.08" />
  <testcase classname="ptolemy.util.test.junit.AutoTests" name="[139] /home/travis/build/icyphy/ptII/ptolemy/domains/modal/test/auto/modalChangingParams.xml (RunModel)" time="0.289" />
  <testcase classname="ptolemy.util.test.junit.AutoTests" name="[140] /home/travis/build/icyphy/ptII/ptolemy/domains/modal/test/auto/modalModel.xml (RunModel)" time="0.038" />
  <testcase classname="ptolemy.util.test.junit.AutoTests" name="[141] /home/travis/build/icyphy/ptII/ptolemy/domains/modal/test/auto/modalModel2.xml (RunModel)" time="0.039" />
  <testcase classname="ptolemy.util.test.junit.AutoTests" name="[142] /home/travis/build/icyphy/ptII/ptolemy/domains/modal/test/auto/modalModel3.xml (RunModel)" time="0.046" />
  <testcase classname="ptolemy.util.test.junit.AutoTests" name="[143] /home/travis/build/icyphy/ptII/ptolemy/domains/modal/test/auto/model1.xml (RunModel)" time="0.023" />
  <testcase classname="ptolemy.util.test.junit.AutoTests" name="[144] /home/travis/build/icyphy/ptII/ptolemy/domains/modal/test/auto/test-direct-in-out.xml (RunModel)" time="0.027" />
  <system-out><![CDATA[/home/travis/build/icyphy/ptII/ptolemy/domains/modal/test/SystemLevelType.tcl
testDefs.tcl: setting time out to 9000 seconds at Sun Jul 26 15:13:21 UTC 2020
07/26/20 03:13:23
Failed: 0  Total Tests: 1  ((Passed: 1, Newly Passed: 0)  Known Failed: 0) /home/travis/build/icyphy/ptII/ptolemy/domains/modal/test
----------------- testing (KnownFailure) /home/travis/build/icyphy/ptII/ptolemy/domains/modal/test/auto/knownFailedTests/CannotAnalysisWithPreemption.xml
136 ms. Memory: 169984K Free: 126828K (75%)
Known Failure: java.lang.reflect.InvocationTargetException
No auto/linux-amd64/*.xml tests in /home/travis/build/icyphy/ptII/ptolemy/domains/modal/test
AutoTests.java: About to close Vertx.
AutoTests.java: Vertx closed.

===========================================================================================
----------------- testing Sun Jul 26 15:13:24 UTC 2020 /home/travis/build/icyphy/ptII/ptolemy/domains/modal/test/auto/ABPTest.xml
----------------- Instantiating /home/travis/build/icyphy/ptII/ptolemy/domains/modal/test/auto/ABPTest.xml
258 ms. Memory: 169984K Free: 122629K (72%)
----------------- Invoking toplevel() on ptolemy.moml.MoMLSimpleApplication@5285a460
----------------- Done invoking toplevel() on ptolemy.moml.MoMLSimpleApplication@5285a460
reloadAllAccessors: .ABPTest

===========================================================================================
----------------- testing Sun Jul 26 15:13:25 UTC 2020 /home/travis/build/icyphy/ptII/ptolemy/domains/modal/test/auto/ABROFlat.xml
----------------- Instantiating /home/travis/build/icyphy/ptII/ptolemy/domains/modal/test/auto/ABROFlat.xml
39 ms. Memory: 169984K Free: 107589K (63%)
----------------- Invoking toplevel() on ptolemy.moml.MoMLSimpleApplication@57e7856e
----------------- Done invoking toplevel() on ptolemy.moml.MoMLSimpleApplication@57e7856e
reloadAllAccessors: .ABROFlat

===========================================================================================
----------------- testing Sun Jul 26 15:13:25 UTC 2020 /home/travis/build/icyphy/ptII/ptolemy/domains/modal/test/auto/ABROFlat2.xml
----------------- Instantiating /home/travis/build/icyphy/ptII/ptolemy/domains/modal/test/auto/ABROFlat2.xml
29 ms. Memory: 169984K Free: 90181K (53%)
----------------- Invoking toplevel() on ptolemy.moml.MoMLSimpleApplication@6cf7bbb7
----------------- Done invoking toplevel() on ptolemy.moml.MoMLSimpleApplication@6cf7bbb7
reloadAllAccessors: .ABROFlat2

===========================================================================================
----------------- testing Sun Jul 26 15:13:25 UTC 2020 /home/travis/build/icyphy/ptII/ptolemy/domains/modal/test/auto/ABRO_present_hmm.xml
----------------- Instantiating /home/travis/build/icyphy/ptII/ptolemy/domains/modal/test/auto/ABRO_present_hmm.xml
61 ms. Memory: 169984K Free: 149965K (88%)
----------------- Invoking toplevel() on ptolemy.moml.MoMLSimpleApplication@2f806691
----------------- Done invoking toplevel() on ptolemy.moml.MoMLSimpleApplication@2f806691
reloadAllAccessors: .ABRO_present_hmm

===========================================================================================
----------------- testing Sun Jul 26 15:13:25 UTC 2020 /home/travis/build/icyphy/ptII/ptolemy/domains/modal/test/auto/AMICoderExample.xml
----------------- Instantiating /home/travis/build/icyphy/ptII/ptolemy/domains/modal/test/auto/AMICoderExample.xml
46 ms. Memory: 169984K Free: 138973K (82%)
----------------- Invoking toplevel() on ptolemy.moml.MoMLSimpleApplication@d0b04ed
----------------- Done invoking toplevel() on ptolemy.moml.MoMLSimpleApplication@d0b04ed
reloadAllAccessors: .AMICoderExample

===========================================================================================
----------------- testing Sun Jul 26 15:13:25 UTC 2020 /home/travis/build/icyphy/ptII/ptolemy/domains/modal/test/auto/AbsentToPresent.xml
----------------- Instantiating /home/travis/build/icyphy/ptII/ptolemy/domains/modal/test/auto/AbsentToPresent.xml
6 ms. Memory: 169984K Free: 134381K (79%)
----------------- Invoking toplevel() on ptolemy.moml.MoMLSimpleApplication@b4764ce
----------------- Done invoking toplevel() on ptolemy.moml.MoMLSimpleApplication@b4764ce
reloadAllAccessors: .AbsentToPresent

===========================================================================================
----------------- testing Sun Jul 26 15:13:25 UTC 2020 /home/travis/build/icyphy/ptII/ptolemy/domains/modal/test/auto/Blending.xml
----------------- Instantiating /home/travis/build/icyphy/ptII/ptolemy/domains/modal/test/auto/Blending.xml
121 ms. Memory: 169984K Free: 89791K (53%)
----------------- Invoking toplevel() on ptolemy.moml.MoMLSimpleApplication@58eaabcc
----------------- Done invoking toplevel() on ptolemy.moml.MoMLSimpleApplication@58eaabcc
reloadAllAccessors: .Blending

===========================================================================================
----------------- testing Sun Jul 26 15:13:25 UTC 2020 /home/travis/build/icyphy/ptII/ptolemy/domains/modal/test/auto/Broadcast.xml
----------------- Instantiating /home/travis/build/icyphy/ptII/ptolemy/domains/modal/test/auto/Broadcast.xml
6 ms. Memory: 169984K Free: 79053K (47%)
----------------- Invoking toplevel() on ptolemy.moml.MoMLSimpleApplication@7dde228e
----------------- Done invoking toplevel() on ptolemy.moml.MoMLSimpleApplication@7dde228e
reloadAllAccessors: .Broadcast

===========================================================================================
----------------- testing Sun Jul 26 15:13:25 UTC 2020 /home/travis/build/icyphy/ptII/ptolemy/domains/modal/test/auto/BroadcastHierarchy.xml
----------------- Instantiating /home/travis/build/icyphy/ptII/ptolemy/domains/modal/test/auto/BroadcastHierarchy.xml
14 ms. Memory: 169984K Free: 65741K (39%)
----------------- Invoking toplevel() on ptolemy.moml.MoMLSimpleApplication@621dcde4
----------------- Done invoking toplevel() on ptolemy.moml.MoMLSimpleApplication@621dcde4
reloadAllAccessors: .BroadcastHierarchy

===========================================================================================
----------------- testing Sun Jul 26 15:13:26 UTC 2020 /home/travis/build/icyphy/ptII/ptolemy/domains/modal/test/auto/BroadcastHierarchy2.xml
----------------- Instantiating /home/travis/build/icyphy/ptII/ptolemy/domains/modal/test/auto/BroadcastHierarchy2.xml
15 ms. Memory: 204800K Free: 169690K (83%)
----------------- Invoking toplevel() on ptolemy.moml.MoMLSimpleApplication@1b151c68
----------------- Done invoking toplevel() on ptolemy.moml.MoMLSimpleApplication@1b151c68
reloadAllAccessors: .BroadcastHierarchy2

===========================================================================================
----------------- testing Sun Jul 26 15:13:26 UTC 2020 /home/travis/build/icyphy/ptII/ptolemy/domains/modal/test/auto/BroadcastHierarchy3.xml
----------------- Instantiating /home/travis/build/icyphy/ptII/ptolemy/domains/modal/test/auto/BroadcastHierarchy3.xml
25 ms. Memory: 204800K Free: 149724K (73%)
----------------- Invoking toplevel() on ptolemy.moml.MoMLSimpleApplication@868f874
----------------- Done invoking toplevel() on ptolemy.moml.MoMLSimpleApplication@868f874
reloadAllAccessors: .BroadcastHierarchy3

===========================================================================================
----------------- testing Sun Jul 26 15:13:26 UTC 2020 /home/travis/build/icyphy/ptII/ptolemy/domains/modal/test/auto/BroadcastHierarchy4.xml
----------------- Instantiating /home/travis/build/icyphy/ptII/ptolemy/domains/modal/test/auto/BroadcastHierarchy4.xml
22 ms. Memory: 204800K Free: 125148K (61%)
----------------- Invoking toplevel() on ptolemy.moml.MoMLSimpleApplication@2ad9e7a3
----------------- Done invoking toplevel() on ptolemy.moml.MoMLSimpleApplication@2ad9e7a3
reloadAllAccessors: .BroadcastHierarchy4

===========================================================================================
----------------- testing Sun Jul 26 15:13:26 UTC 2020 /home/travis/build/icyphy/ptII/ptolemy/domains/modal/test/auto/CannotAnalysisWithPreemption2.xml
----------------- Instantiating /home/travis/build/icyphy/ptII/ptolemy/domains/modal/test/auto/CannotAnalysisWithPreemption2.xml
4 ms. Memory: 204800K Free: 117978K (58%)
----------------- Invoking toplevel() on ptolemy.moml.MoMLSimpleApplication@5b3eb96b
----------------- Done invoking toplevel() on ptolemy.moml.MoMLSimpleApplication@5b3eb96b
reloadAllAccessors: .CannotAnalysisWithPreemption2

===========================================================================================
----------------- testing Sun Jul 26 15:13:26 UTC 2020 /home/travis/build/icyphy/ptII/ptolemy/domains/modal/test/auto/CannotAnalysisWithPreemption3.xml
----------------- Instantiating /home/travis/build/icyphy/ptII/ptolemy/domains/modal/test/auto/CannotAnalysisWithPreemption3.xml
8 ms. Memory: 204800K Free: 107740K (53%)
----------------- Invoking toplevel() on ptolemy.moml.MoMLSimpleApplication@69bbfe35
----------------- Done invoking toplevel() on ptolemy.moml.MoMLSimpleApplication@69bbfe35
reloadAllAccessors: .CannotAnalysisWithPreemption3

===========================================================================================
----------------- testing Sun Jul 26 15:13:26 UTC 2020 /home/travis/build/icyphy/ptII/ptolemy/domains/modal/test/auto/CannotProduce.xml
----------------- Instantiating /home/travis/build/icyphy/ptII/ptolemy/domains/modal/test/auto/CannotProduce.xml
12 ms. Memory: 204800K Free: 101082K (49%)
----------------- Invoking toplevel() on ptolemy.moml.MoMLSimpleApplication@42716c0d
----------------- Done invoking toplevel() on ptolemy.moml.MoMLSimpleApplication@42716c0d
reloadAllAccessors: .CannotProduce

===========================================================================================
----------------- testing Sun Jul 26 15:13:26 UTC 2020 /home/travis/build/icyphy/ptII/ptolemy/domains/modal/test/auto/CannotProduceModal.xml
----------------- Instantiating /home/travis/build/icyphy/ptII/ptolemy/domains/modal/test/auto/CannotProduceModal.xml
12 ms. Memory: 204800K Free: 94428K (46%)
----------------- Invoking toplevel() on ptolemy.moml.MoMLSimpleApplication@71764e5f
----------------- Done invoking toplevel() on ptolemy.moml.MoMLSimpleApplication@71764e5f
reloadAllAccessors: .CannotProduceModal

===========================================================================================
----------------- testing Sun Jul 26 15:13:26 UTC 2020 /home/travis/build/icyphy/ptII/ptolemy/domains/modal/test/auto/Case.xml
----------------- Instantiating /home/travis/build/icyphy/ptII/ptolemy/domains/modal/test/auto/Case.xml
28 ms. Memory: 204800K Free: 83164K (41%)
----------------- Invoking toplevel() on ptolemy.moml.MoMLSimpleApplication@14ddcae6
----------------- Done invoking toplevel() on ptolemy.moml.MoMLSimpleApplication@14ddcae6
reloadAllAccessors: .Case

===========================================================================================
----------------- testing Sun Jul 26 15:13:26 UTC 2020 /home/travis/build/icyphy/ptII/ptolemy/domains/modal/test/auto/Case1.xml
----------------- Instantiating /home/travis/build/icyphy/ptII/ptolemy/domains/modal/test/auto/Case1.xml
7 ms. Memory: 204800K Free: 75482K (37%)
----------------- Invoking toplevel() on ptolemy.moml.MoMLSimpleApplication@2a7cf773
----------------- Done invoking toplevel() on ptolemy.moml.MoMLSimpleApplication@2a7cf773
reloadAllAccessors: .Case1

===========================================================================================
----------------- testing Sun Jul 26 15:13:26 UTC 2020 /home/travis/build/icyphy/ptII/ptolemy/domains/modal/test/auto/Case2.xml
----------------- Instantiating /home/travis/build/icyphy/ptII/ptolemy/domains/modal/test/auto/Case2.xml
19 ms. Memory: 204800K Free: 174830K (85%)
----------------- Invoking toplevel() on ptolemy.moml.MoMLSimpleApplication@79870d3e
----------------- Done invoking toplevel() on ptolemy.moml.MoMLSimpleApplication@79870d3e
reloadAllAccessors: .Case2

===========================================================================================
----------------- testing Sun Jul 26 15:13:26 UTC 2020 /home/travis/build/icyphy/ptII/ptolemy/domains/modal/test/auto/CausalityInterface1.xml
----------------- Instantiating /home/travis/build/icyphy/ptII/ptolemy/domains/modal/test/auto/CausalityInterface1.xml
4 ms. Memory: 204800K Free: 169710K (83%)
----------------- Invoking toplevel() on ptolemy.moml.MoMLSimpleApplication@79aa1d8
----------------- Done invoking toplevel() on ptolemy.moml.MoMLSimpleApplication@79aa1d8
reloadAllAccessors: .CausalityInterface1

===========================================================================================
----------------- testing Sun Jul 26 15:13:26 UTC 2020 /home/travis/build/icyphy/ptII/ptolemy/domains/modal/test/auto/CausalityInterface10.xml
----------------- Instantiating /home/travis/build/icyphy/ptII/ptolemy/domains/modal/test/auto/CausalityInterface10.xml
13 ms. Memory: 204800K Free: 156384K (76%)
----------------- Invoking toplevel() on ptolemy.moml.MoMLSimpleApplication@4dd674c3
----------------- Done invoking toplevel() on ptolemy.moml.MoMLSimpleApplication@4dd674c3
reloadAllAccessors: .CausalityInterface10

===========================================================================================
----------------- testing Sun Jul 26 15:13:26 UTC 2020 /home/travis/build/icyphy/ptII/ptolemy/domains/modal/test/auto/CausalityInterface11.xml
----------------- Instantiating /home/travis/build/icyphy/ptII/ptolemy/domains/modal/test/auto/CausalityInterface11.xml
10 ms. Memory: 204800K Free: 143056K (70%)
----------------- Invoking toplevel() on ptolemy.moml.MoMLSimpleApplication@7fedb55a
----------------- Done invoking toplevel() on ptolemy.moml.MoMLSimpleApplication@7fedb55a
reloadAllAccessors: .CausalityInterface11

===========================================================================================
----------------- testing Sun Jul 26 15:13:26 UTC 2020 /home/travis/build/icyphy/ptII/ptolemy/domains/modal/test/auto/CausalityInterface12.xml
----------------- Instantiating /home/travis/build/icyphy/ptII/ptolemy/domains/modal/test/auto/CausalityInterface12.xml
7 ms. Memory: 204800K Free: 129744K (63%)
----------------- Invoking toplevel() on ptolemy.moml.MoMLSimpleApplication@6f2c8c2d
----------------- Done invoking toplevel() on ptolemy.moml.MoMLSimpleApplication@6f2c8c2d
reloadAllAccessors: .CausalityInterface12

===========================================================================================
----------------- testing Sun Jul 26 15:13:26 UTC 2020 /home/travis/build/icyphy/ptII/ptolemy/domains/modal/test/auto/CausalityInterface13.xml
----------------- Instantiating /home/travis/build/icyphy/ptII/ptolemy/domains/modal/test/auto/CausalityInterface13.xml
13 ms. Memory: 204800K Free: 115952K (57%)
----------------- Invoking toplevel() on ptolemy.moml.MoMLSimpleApplication@3d82c53c
----------------- Done invoking toplevel() on ptolemy.moml.MoMLSimpleApplication@3d82c53c
reloadAllAccessors: .CausalityInterface13

===========================================================================================
----------------- testing Sun Jul 26 15:13:26 UTC 2020 /home/travis/build/icyphy/ptII/ptolemy/domains/modal/test/auto/CausalityInterface14.xml
----------------- Instantiating /home/travis/build/icyphy/ptII/ptolemy/domains/modal/test/auto/CausalityInterface14.xml
12 ms. Memory: 204800K Free: 102112K (50%)
----------------- Invoking toplevel() on ptolemy.moml.MoMLSimpleApplication@3a7d5a13
----------------- Done invoking toplevel() on ptolemy.moml.MoMLSimpleApplication@3a7d5a13
reloadAllAccessors: .CausalityInterface14

===========================================================================================
----------------- testing Sun Jul 26 15:13:26 UTC 2020 /home/travis/build/icyphy/ptII/ptolemy/domains/modal/test/auto/CausalityInterface2.xml
----------------- Instantiating /home/travis/build/icyphy/ptII/ptolemy/domains/modal/test/auto/CausalityInterface2.xml
4 ms. Memory: 204800K Free: 95472K (47%)
----------------- Invoking toplevel() on ptolemy.moml.MoMLSimpleApplication@33b5d8ac
----------------- Done invoking toplevel() on ptolemy.moml.MoMLSimpleApplication@33b5d8ac
reloadAllAccessors: .CausalityInterface2

===========================================================================================
----------------- testing Sun Jul 26 15:13:27 UTC 2020 /home/travis/build/icyphy/ptII/ptolemy/domains/modal/test/auto/CausalityInterface3.xml
----------------- Instantiating /home/travis/build/icyphy/ptII/ptolemy/domains/modal/test/auto/CausalityInterface3.xml
3 ms. Memory: 204800K Free: 88784K (43%)
----------------- Invoking toplevel() on ptolemy.moml.MoMLSimpleApplication@55e8022e
----------------- Done invoking toplevel() on ptolemy.moml.MoMLSimpleApplication@55e8022e
reloadAllAccessors: .CausalityInterface3

===========================================================================================
----------------- testing Sun Jul 26 15:13:27 UTC 2020 /home/travis/build/icyphy/ptII/ptolemy/domains/modal/test/auto/CausalityInterface4.xml
----------------- Instantiating /home/travis/build/icyphy/ptII/ptolemy/domains/modal/test/auto/CausalityInterface4.xml
4 ms. Memory: 204800K Free: 82160K (40%)
----------------- Invoking toplevel() on ptolemy.moml.MoMLSimpleApplication@63f0f42d
----------------- Done invoking toplevel() on ptolemy.moml.MoMLSimpleApplication@63f0f42d
reloadAllAccessors: .CausalityInterface4

===========================================================================================
----------------- testing Sun Jul 26 15:13:27 UTC 2020 /home/travis/build/icyphy/ptII/ptolemy/domains/modal/test/auto/CausalityInterface5.xml
----------------- Instantiating /home/travis/build/icyphy/ptII/ptolemy/domains/modal/test/auto/CausalityInterface5.xml
4 ms. Memory: 204800K Free: 74464K (36%)
----------------- Invoking toplevel() on ptolemy.moml.MoMLSimpleApplication@e64dd9
----------------- Done invoking toplevel() on ptolemy.moml.MoMLSimpleApplication@e64dd9
reloadAllAccessors: .CausalityInterface5

===========================================================================================
----------------- testing Sun Jul 26 15:13:27 UTC 2020 /home/travis/build/icyphy/ptII/ptolemy/domains/modal/test/auto/CausalityInterface6.xml
----------------- Instantiating /home/travis/build/icyphy/ptII/ptolemy/domains/modal/test/auto/CausalityInterface6.xml
6 ms. Memory: 204800K Free: 183998K (90%)
----------------- Invoking toplevel() on ptolemy.moml.MoMLSimpleApplication@2d24681e
----------------- Done invoking toplevel() on ptolemy.moml.MoMLSimpleApplication@2d24681e
reloadAllAccessors: .CausalityInterface6

===========================================================================================
----------------- testing Sun Jul 26 15:13:27 UTC 2020 /home/travis/build/icyphy/ptII/ptolemy/domains/modal/test/auto/CausalityInterface7.xml
----------------- Instantiating /home/travis/build/icyphy/ptII/ptolemy/domains/modal/test/auto/CausalityInterface7.xml
4 ms. Memory: 204800K Free: 175776K (86%)
----------------- Invoking toplevel() on ptolemy.moml.MoMLSimpleApplication@7178c553
----------------- Done invoking toplevel() on ptolemy.moml.MoMLSimpleApplication@7178c553
reloadAllAccessors: .CausalityInterface7

===========================================================================================
----------------- testing Sun Jul 26 15:13:27 UTC 2020 /home/travis/build/icyphy/ptII/ptolemy/domains/modal/test/auto/CausalityInterface8.xml
----------------- Instantiating /home/travis/build/icyphy/ptII/ptolemy/domains/modal/test/auto/CausalityInterface8.xml
6 ms. Memory: 204800K Free: 167104K (82%)
----------------- Invoking toplevel() on ptolemy.moml.MoMLSimpleApplication@5c021437
----------------- Done invoking toplevel() on ptolemy.moml.MoMLSimpleApplication@5c021437
reloadAllAccessors: .CausalityInterface8

===========================================================================================
----------------- testing Sun Jul 26 15:13:27 UTC 2020 /home/travis/build/icyphy/ptII/ptolemy/domains/modal/test/auto/CausalityInterface9.xml
----------------- Instantiating /home/travis/build/icyphy/ptII/ptolemy/domains/modal/test/auto/CausalityInterface9.xml
6 ms. Memory: 204800K Free: 157888K (77%)
----------------- Invoking toplevel() on ptolemy.moml.MoMLSimpleApplication@35c61102
----------------- Done invoking toplevel() on ptolemy.moml.MoMLSimpleApplication@35c61102
reloadAllAccessors: .CausalityInterface9

===========================================================================================
----------------- testing Sun Jul 26 15:13:27 UTC 2020 /home/travis/build/icyphy/ptII/ptolemy/domains/modal/test/auto/ChainedTransitions.xml
----------------- Instantiating /home/travis/build/icyphy/ptII/ptolemy/domains/modal/test/auto/ChainedTransitions.xml
115 ms. Memory: 204800K Free: 132784K (65%)
----------------- Invoking toplevel() on ptolemy.moml.MoMLSimpleApplication@4f0de369
----------------- Done invoking toplevel() on ptolemy.moml.MoMLSimpleApplication@4f0de369
reloadAllAccessors: .ChainedTransitions

===========================================================================================
----------------- testing Sun Jul 26 15:13:27 UTC 2020 /home/travis/build/icyphy/ptII/ptolemy/domains/modal/test/auto/CycleOfImmediateTransitionsFSM.xml
----------------- Instantiating /home/travis/build/icyphy/ptII/ptolemy/domains/modal/test/auto/CycleOfImmediateTransitionsFSM.xml
2 ms. Memory: 204800K Free: 127168K (62%)
----------------- Invoking toplevel() on ptolemy.moml.MoMLSimpleApplication@317f1ead
----------------- Done invoking toplevel() on ptolemy.moml.MoMLSimpleApplication@317f1ead
reloadAllAccessors: .CycleOfImmediateTransitionsFSM

===========================================================================================
----------------- testing Sun Jul 26 15:13:27 UTC 2020 /home/travis/build/icyphy/ptII/ptolemy/domains/modal/test/auto/CycleOfImmediateTransitionsModal.xml
----------------- Instantiating /home/travis/build/icyphy/ptII/ptolemy/domains/modal/test/auto/CycleOfImmediateTransitionsModal.xml
3 ms. Memory: 204800K Free: 121024K (59%)
----------------- Invoking toplevel() on ptolemy.moml.MoMLSimpleApplication@6ba73f33
----------------- Done invoking toplevel() on ptolemy.moml.MoMLSimpleApplication@6ba73f33
reloadAllAccessors: .CycleOfImmediateTransitionsModal

===========================================================================================
----------------- testing Sun Jul 26 15:13:27 UTC 2020 /home/travis/build/icyphy/ptII/ptolemy/domains/modal/test/auto/CycleOfImmediateTransitionsModal2.xml
----------------- Instantiating /home/travis/build/icyphy/ptII/ptolemy/domains/modal/test/auto/CycleOfImmediateTransitionsModal2.xml
8 ms. Memory: 204800K Free: 114366K (56%)
----------------- Invoking toplevel() on ptolemy.moml.MoMLSimpleApplication@1d7bb10c
----------------- Done invoking toplevel() on ptolemy.moml.MoMLSimpleApplication@1d7bb10c
reloadAllAccessors: .CycleOfImmediateTransitionsModal2

===========================================================================================
----------------- testing Sun Jul 26 15:13:27 UTC 2020 /home/travis/build/icyphy/ptII/ptolemy/domains/modal/test/auto/CycleOfImmediateTransitionsModal3.xml
----------------- Instantiating /home/travis/build/icyphy/ptII/ptolemy/domains/modal/test/auto/CycleOfImmediateTransitionsModal3.xml
13 ms. Memory: 204800K Free: 91824K (45%)
----------------- Invoking toplevel() on ptolemy.moml.MoMLSimpleApplication@10718fa6
----------------- Done invoking toplevel() on ptolemy.moml.MoMLSimpleApplication@10718fa6
reloadAllAccessors: .CycleOfImmediateTransitionsModal3

===========================================================================================
----------------- testing Sun Jul 26 15:13:27 UTC 2020 /home/travis/build/icyphy/ptII/ptolemy/domains/modal/test/auto/DeepModal1.xml
----------------- Instantiating /home/travis/build/icyphy/ptII/ptolemy/domains/modal/test/auto/DeepModal1.xml
33 ms. Memory: 204800K Free: 78016K (38%)
----------------- Invoking toplevel() on ptolemy.moml.MoMLSimpleApplication@47fd2711
----------------- Done invoking toplevel() on ptolemy.moml.MoMLSimpleApplication@47fd2711
reloadAllAccessors: .DeepModal1

===========================================================================================
----------------- testing Sun Jul 26 15:13:27 UTC 2020 /home/travis/build/icyphy/ptII/ptolemy/domains/modal/test/auto/DeepModal2.xml
----------------- Instantiating /home/travis/build/icyphy/ptII/ptolemy/domains/modal/test/auto/DeepModal2.xml
27 ms. Memory: 204800K Free: 176830K (86%)
----------------- Invoking toplevel() on ptolemy.moml.MoMLSimpleApplication@3595efdc
----------------- Done invoking toplevel() on ptolemy.moml.MoMLSimpleApplication@3595efdc
reloadAllAccessors: .DeepModal2

===========================================================================================
----------------- testing Sun Jul 26 15:13:27 UTC 2020 /home/travis/build/icyphy/ptII/ptolemy/domains/modal/test/auto/DeepModal3.xml
----------------- Instantiating /home/travis/build/icyphy/ptII/ptolemy/domains/modal/test/auto/DeepModal3.xml
32 ms. Memory: 204800K Free: 157360K (77%)
----------------- Invoking toplevel() on ptolemy.moml.MoMLSimpleApplication@52d9be5
----------------- Done invoking toplevel() on ptolemy.moml.MoMLSimpleApplication@52d9be5
reloadAllAccessors: .DeepModal3

===========================================================================================
----------------- testing Sun Jul 26 15:13:27 UTC 2020 /home/travis/build/icyphy/ptII/ptolemy/domains/modal/test/auto/DeepModal4.xml
----------------- Instantiating /home/travis/build/icyphy/ptII/ptolemy/domains/modal/test/auto/DeepModal4.xml
33 ms. Memory: 204800K Free: 137918K (67%)
----------------- Invoking toplevel() on ptolemy.moml.MoMLSimpleApplication@722b0dfa
----------------- Done invoking toplevel() on ptolemy.moml.MoMLSimpleApplication@722b0dfa
reloadAllAccessors: .DeepModal4

===========================================================================================
----------------- testing Sun Jul 26 15:13:27 UTC 2020 /home/travis/build/icyphy/ptII/ptolemy/domains/modal/test/auto/Default1.xml
----------------- Instantiating /home/travis/build/icyphy/ptII/ptolemy/domains/modal/test/auto/Default1.xml
4 ms. Memory: 204800K Free: 131774K (64%)
----------------- Invoking toplevel() on ptolemy.moml.MoMLSimpleApplication@1a1ad244
----------------- Done invoking toplevel() on ptolemy.moml.MoMLSimpleApplication@1a1ad244
reloadAllAccessors: .Default1

===========================================================================================
----------------- testing Sun Jul 26 15:13:27 UTC 2020 /home/travis/build/icyphy/ptII/ptolemy/domains/modal/test/auto/Default2.xml
----------------- Instantiating /home/travis/build/icyphy/ptII/ptolemy/domains/modal/test/auto/Default2.xml
9 ms. Memory: 204800K Free: 126142K (62%)
----------------- Invoking toplevel() on ptolemy.moml.MoMLSimpleApplication@1c54ed0b
----------------- Done invoking toplevel() on ptolemy.moml.MoMLSimpleApplication@1c54ed0b
reloadAllAccessors: .Default2

===========================================================================================
----------------- testing Sun Jul 26 15:13:27 UTC 2020 /home/travis/build/icyphy/ptII/ptolemy/domains/modal/test/auto/Default3.xml
----------------- Instantiating /home/travis/build/icyphy/ptII/ptolemy/domains/modal/test/auto/Default3.xml
5 ms. Memory: 204800K Free: 120510K (59%)
----------------- Invoking toplevel() on ptolemy.moml.MoMLSimpleApplication@1d0cb6c9
----------------- Done invoking toplevel() on ptolemy.moml.MoMLSimpleApplication@1d0cb6c9
reloadAllAccessors: .Default3

===========================================================================================
----------------- testing Sun Jul 26 15:13:27 UTC 2020 /home/travis/build/icyphy/ptII/ptolemy/domains/modal/test/auto/Default4.xml
----------------- Instantiating /home/travis/build/icyphy/ptII/ptolemy/domains/modal/test/auto/Default4.xml
5 ms. Memory: 204800K Free: 114366K (56%)
----------------- Invoking toplevel() on ptolemy.moml.MoMLSimpleApplication@b6e308c
----------------- Done invoking toplevel() on ptolemy.moml.MoMLSimpleApplication@b6e308c
reloadAllAccessors: .Default4

===========================================================================================
----------------- testing Sun Jul 26 15:13:27 UTC 2020 /home/travis/build/icyphy/ptII/ptolemy/domains/modal/test/auto/Default5.xml
----------------- Instantiating /home/travis/build/icyphy/ptII/ptolemy/domains/modal/test/auto/Default5.xml
6 ms. Memory: 204800K Free: 106168K (52%)
----------------- Invoking toplevel() on ptolemy.moml.MoMLSimpleApplication@42b41d80
----------------- Done invoking toplevel() on ptolemy.moml.MoMLSimpleApplication@42b41d80
reloadAllAccessors: .Default5

===========================================================================================
----------------- testing Sun Jul 26 15:13:28 UTC 2020 /home/travis/build/icyphy/ptII/ptolemy/domains/modal/test/auto/EmptyGuard.xml
----------------- Instantiating /home/travis/build/icyphy/ptII/ptolemy/domains/modal/test/auto/EmptyGuard.xml
10 ms. Memory: 204800K Free: 98496K (48%)
----------------- Invoking toplevel() on ptolemy.moml.MoMLSimpleApplication@212d23b1
----------------- Done invoking toplevel() on ptolemy.moml.MoMLSimpleApplication@212d23b1
reloadAllAccessors: .EmptyGuard

===========================================================================================
----------------- testing Sun Jul 26 15:13:28 UTC 2020 /home/travis/build/icyphy/ptII/ptolemy/domains/modal/test/auto/ErrorTransition1.xml
----------------- Instantiating /home/travis/build/icyphy/ptII/ptolemy/domains/modal/test/auto/ErrorTransition1.xml
6 ms. Memory: 204800K Free: 89790K (44%)
----------------- Invoking toplevel() on ptolemy.moml.MoMLSimpleApplication@78d9fcf9
----------------- Done invoking toplevel() on ptolemy.moml.MoMLSimpleApplication@78d9fcf9
reloadAllAccessors: .ErrorTransition1

===========================================================================================
----------------- testing Sun Jul 26 15:13:28 UTC 2020 /home/travis/build/icyphy/ptII/ptolemy/domains/modal/test/auto/ErrorTransition10.xml
----------------- Instantiating /home/travis/build/icyphy/ptII/ptolemy/domains/modal/test/auto/ErrorTransition10.xml
12 ms. Memory: 204800K Free: 75966K (37%)
----------------- Invoking toplevel() on ptolemy.moml.MoMLSimpleApplication@249bcf4c
----------------- Done invoking toplevel() on ptolemy.moml.MoMLSimpleApplication@249bcf4c
reloadAllAccessors: .ErrorTransition10

===========================================================================================
----------------- testing Sun Jul 26 15:13:28 UTC 2020 /home/travis/build/icyphy/ptII/ptolemy/domains/modal/test/auto/ErrorTransition11.xml
----------------- Instantiating /home/travis/build/icyphy/ptII/ptolemy/domains/modal/test/auto/ErrorTransition11.xml
5 ms. Memory: 245760K Free: 222943K (91%)
----------------- Invoking toplevel() on ptolemy.moml.MoMLSimpleApplication@f1b5ae8
----------------- Done invoking toplevel() on ptolemy.moml.MoMLSimpleApplication@f1b5ae8
reloadAllAccessors: .ErrorTransition11

===========================================================================================
----------------- testing Sun Jul 26 15:13:28 UTC 2020 /home/travis/build/icyphy/ptII/ptolemy/domains/modal/test/auto/ErrorTransition2.xml
----------------- Instantiating /home/travis/build/icyphy/ptII/ptolemy/domains/modal/test/auto/ErrorTransition2.xml
10 ms. Memory: 245760K Free: 214237K (87%)
----------------- Invoking toplevel() on ptolemy.moml.MoMLSimpleApplication@1e49fed1
----------------- Done invoking toplevel() on ptolemy.moml.MoMLSimpleApplication@1e49fed1
reloadAllAccessors: .ErrorTransition2

===========================================================================================
----------------- testing Sun Jul 26 15:13:28 UTC 2020 /home/travis/build/icyphy/ptII/ptolemy/domains/modal/test/auto/ErrorTransition3.xml
----------------- Instantiating /home/travis/build/icyphy/ptII/ptolemy/domains/modal/test/auto/ErrorTransition3.xml
21 ms. Memory: 245760K Free: 204511K (83%)
----------------- Invoking toplevel() on ptolemy.moml.MoMLSimpleApplication@570993d1
----------------- Done invoking toplevel() on ptolemy.moml.MoMLSimpleApplication@570993d1
reloadAllAccessors: .ErrorTransition3

===========================================================================================
----------------- testing Sun Jul 26 15:13:28 UTC 2020 /home/travis/build/icyphy/ptII/ptolemy/domains/modal/test/auto/ErrorTransition4.xml
----------------- Instantiating /home/travis/build/icyphy/ptII/ptolemy/domains/modal/test/auto/ErrorTransition4.xml
16 ms. Memory: 245760K Free: 193247K (79%)
----------------- Invoking toplevel() on ptolemy.moml.MoMLSimpleApplication@5869bf04
----------------- Done invoking toplevel() on ptolemy.moml.MoMLSimpleApplication@5869bf04
reloadAllAccessors: .ErrorTransition4

===========================================================================================
----------------- testing Sun Jul 26 15:13:28 UTC 2020 /home/travis/build/icyphy/ptII/ptolemy/domains/modal/test/auto/ErrorTransition5.xml
----------------- Instantiating /home/travis/build/icyphy/ptII/ptolemy/domains/modal/test/auto/ErrorTransition5.xml
6 ms. Memory: 245760K Free: 183007K (74%)
----------------- Invoking toplevel() on ptolemy.moml.MoMLSimpleApplication@2375ca84
----------------- Done invoking toplevel() on ptolemy.moml.MoMLSimpleApplication@2375ca84
reloadAllAccessors: .ErrorTransition5

===========================================================================================
----------------- testing Sun Jul 26 15:13:28 UTC 2020 /home/travis/build/icyphy/ptII/ptolemy/domains/modal/test/auto/ErrorTransition6.xml
----------------- Instantiating /home/travis/build/icyphy/ptII/ptolemy/domains/modal/test/auto/ErrorTransition6.xml
9 ms. Memory: 245760K Free: 172253K (70%)
----------------- Invoking toplevel() on ptolemy.moml.MoMLSimpleApplication@727751c9
----------------- Done invoking toplevel() on ptolemy.moml.MoMLSimpleApplication@727751c9
reloadAllAccessors: .ErrorTransition6

===========================================================================================
----------------- testing Sun Jul 26 15:13:28 UTC 2020 /home/travis/build/icyphy/ptII/ptolemy/domains/modal/test/auto/ErrorTransition7.xml
----------------- Instantiating /home/travis/build/icyphy/ptII/ptolemy/domains/modal/test/auto/ErrorTransition7.xml
12 ms. Memory: 245760K Free: 159455K (65%)
----------------- Invoking toplevel() on ptolemy.moml.MoMLSimpleApplication@6f40591f
----------------- Done invoking toplevel() on ptolemy.moml.MoMLSimpleApplication@6f40591f
reloadAllAccessors: .ErrorTransition7

===========================================================================================
----------------- testing Sun Jul 26 15:13:28 UTC 2020 /home/travis/build/icyphy/ptII/ptolemy/domains/modal/test/auto/ErrorTransition8.xml
----------------- Instantiating /home/travis/build/icyphy/ptII/ptolemy/domains/modal/test/auto/ErrorTransition8.xml
13 ms. Memory: 245760K Free: 146143K (59%)
----------------- Invoking toplevel() on ptolemy.moml.MoMLSimpleApplication@a211530
----------------- Done invoking toplevel() on ptolemy.moml.MoMLSimpleApplication@a211530
reloadAllAccessors: .ErrorTransition8

===========================================================================================
----------------- testing Sun Jul 26 15:13:28 UTC 2020 /home/travis/build/icyphy/ptII/ptolemy/domains/modal/test/auto/ErrorTransition9.xml
----------------- Instantiating /home/travis/build/icyphy/ptII/ptolemy/domains/modal/test/auto/ErrorTransition9.xml
9 ms. Memory: 245760K Free: 132831K (54%)
----------------- Invoking toplevel() on ptolemy.moml.MoMLSimpleApplication@dc17b89
----------------- Done invoking toplevel() on ptolemy.moml.MoMLSimpleApplication@dc17b89
reloadAllAccessors: .ErrorTransition9

===========================================================================================
----------------- testing Sun Jul 26 15:13:28 UTC 2020 /home/travis/build/icyphy/ptII/ptolemy/domains/modal/test/auto/ExtendedFSM.xml
----------------- Instantiating /home/travis/build/icyphy/ptII/ptolemy/domains/modal/test/auto/ExtendedFSM.xml
7 ms. Memory: 245760K Free: 124111K (51%)
----------------- Invoking toplevel() on ptolemy.moml.MoMLSimpleApplication@2fb81b38
----------------- Done invoking toplevel() on ptolemy.moml.MoMLSimpleApplication@2fb81b38
reloadAllAccessors: .ExtendedFSM

===========================================================================================
----------------- testing Sun Jul 26 15:13:28 UTC 2020 /home/travis/build/icyphy/ptII/ptolemy/domains/modal/test/auto/FinalStates.xml
----------------- Instantiating /home/travis/build/icyphy/ptII/ptolemy/domains/modal/test/auto/FinalStates.xml
6 ms. Memory: 245760K Free: 115919K (47%)
----------------- Invoking toplevel() on ptolemy.moml.MoMLSimpleApplication@28a6f40d
----------------- Done invoking toplevel() on ptolemy.moml.MoMLSimpleApplication@28a6f40d
reloadAllAccessors: .FinalStates

===========================================================================================
----------------- testing Sun Jul 26 15:13:28 UTC 2020 /home/travis/build/icyphy/ptII/ptolemy/domains/modal/test/auto/FixedPointFSM.xml
----------------- Instantiating /home/travis/build/icyphy/ptII/ptolemy/domains/modal/test/auto/FixedPointFSM.xml
21 ms. Memory: 245760K Free: 101087K (41%)
----------------- Invoking toplevel() on ptolemy.moml.MoMLSimpleApplication@77ff487f
----------------- Done invoking toplevel() on ptolemy.moml.MoMLSimpleApplication@77ff487f
reloadAllAccessors: .FixedPointFSM

===========================================================================================
----------------- testing Sun Jul 26 15:13:28 UTC 2020 /home/travis/build/icyphy/ptII/ptolemy/domains/modal/test/auto/FixedPointIterationFSMActor.xml
----------------- Instantiating /home/travis/build/icyphy/ptII/ptolemy/domains/modal/test/auto/FixedPointIterationFSMActor.xml
8 ms. Memory: 245760K Free: 90847K (37%)
----------------- Invoking toplevel() on ptolemy.moml.MoMLSimpleApplication@7fa2a34d
----------------- Done invoking toplevel() on ptolemy.moml.MoMLSimpleApplication@7fa2a34d
reloadAllAccessors: .FixedPointIterationFSMActor

===========================================================================================
----------------- testing Sun Jul 26 15:13:28 UTC 2020 /home/travis/build/icyphy/ptII/ptolemy/domains/modal/test/auto/FixedPointIterationFSMActor2.xml
----------------- Instantiating /home/travis/build/icyphy/ptII/ptolemy/domains/modal/test/auto/FixedPointIterationFSMActor2.xml
12 ms. Memory: 245760K Free: 219869K (89%)
----------------- Invoking toplevel() on ptolemy.moml.MoMLSimpleApplication@5df7c164
----------------- Done invoking toplevel() on ptolemy.moml.MoMLSimpleApplication@5df7c164
reloadAllAccessors: .FixedPointIterationFSMActor2

===========================================================================================
----------------- testing Sun Jul 26 15:13:28 UTC 2020 /home/travis/build/icyphy/ptII/ptolemy/domains/modal/test/auto/ForbiddenInstantanousLoop.xml
----------------- Instantiating /home/travis/build/icyphy/ptII/ptolemy/domains/modal/test/auto/ForbiddenInstantanousLoop.xml
8 ms. Memory: 245760K Free: 207581K (84%)
----------------- Invoking toplevel() on ptolemy.moml.MoMLSimpleApplication@155934ce
----------------- Done invoking toplevel() on ptolemy.moml.MoMLSimpleApplication@155934ce
reloadAllAccessors: .ForbiddenInstantanousLoop

===========================================================================================
----------------- testing Sun Jul 26 15:13:28 UTC 2020 /home/travis/build/icyphy/ptII/ptolemy/domains/modal/test/auto/FunctionDependencyOfFSMActorTest.xml
----------------- Instantiating /home/travis/build/icyphy/ptII/ptolemy/domains/modal/test/auto/FunctionDependencyOfFSMActorTest.xml
14 ms. Memory: 245760K Free: 200909K (82%)
----------------- Invoking toplevel() on ptolemy.moml.MoMLSimpleApplication@48c366ac
----------------- Done invoking toplevel() on ptolemy.moml.MoMLSimpleApplication@48c366ac
reloadAllAccessors: .FunctionDependencyOfFSMActorTest

===========================================================================================
----------------- testing Sun Jul 26 15:13:28 UTC 2020 /home/travis/build/icyphy/ptII/ptolemy/domains/modal/test/auto/GuardExpression.xml
----------------- Instantiating /home/travis/build/icyphy/ptII/ptolemy/domains/modal/test/auto/GuardExpression.xml
2 ms. Memory: 245760K Free: 195293K (79%)
----------------- Invoking toplevel() on ptolemy.moml.MoMLSimpleApplication@21d3fc2b
----------------- Done invoking toplevel() on ptolemy.moml.MoMLSimpleApplication@21d3fc2b
reloadAllAccessors: .GuardExpression

===========================================================================================
----------------- testing Sun Jul 26 15:13:28 UTC 2020 /home/travis/build/icyphy/ptII/ptolemy/domains/modal/test/auto/GuardNotEvaluated.xml
----------------- Instantiating /home/travis/build/icyphy/ptII/ptolemy/domains/modal/test/auto/GuardNotEvaluated.xml
6 ms. Memory: 245760K Free: 186587K (76%)
----------------- Invoking toplevel() on ptolemy.moml.MoMLSimpleApplication@1cf8606e
----------------- Done invoking toplevel() on ptolemy.moml.MoMLSimpleApplication@1cf8606e
reloadAllAccessors: .GuardNotEvaluated

===========================================================================================
----------------- testing Sun Jul 26 15:13:28 UTC 2020 /home/travis/build/icyphy/ptII/ptolemy/domains/modal/test/auto/GuardNotEvaluated2.xml
----------------- Instantiating /home/travis/build/icyphy/ptII/ptolemy/domains/modal/test/auto/GuardNotEvaluated2.xml
9 ms. Memory: 245760K Free: 176861K (72%)
----------------- Invoking toplevel() on ptolemy.moml.MoMLSimpleApplication@72963cf6
----------------- Done invoking toplevel() on ptolemy.moml.MoMLSimpleApplication@72963cf6
reloadAllAccessors: .GuardNotEvaluated2

===========================================================================================
----------------- testing Sun Jul 26 15:13:28 UTC 2020 /home/travis/build/icyphy/ptII/ptolemy/domains/modal/test/auto/GuardOnAbsent.xml
----------------- Instantiating /home/travis/build/icyphy/ptII/ptolemy/domains/modal/test/auto/GuardOnAbsent.xml
8 ms. Memory: 245760K Free: 169173K (69%)
----------------- Invoking toplevel() on ptolemy.moml.MoMLSimpleApplication@99bf164
----------------- Done invoking toplevel() on ptolemy.moml.MoMLSimpleApplication@99bf164
reloadAllAccessors: .GuardOnAbsent

===========================================================================================
----------------- testing Sun Jul 26 15:13:28 UTC 2020 /home/travis/build/icyphy/ptII/ptolemy/domains/modal/test/auto/HierarchicalFSMTypeInference.xml
----------------- Instantiating /home/travis/build/icyphy/ptII/ptolemy/domains/modal/test/auto/HierarchicalFSMTypeInference.xml
5 ms. Memory: 245760K Free: 158939K (65%)
----------------- Invoking toplevel() on ptolemy.moml.MoMLSimpleApplication@1363e0df
----------------- Done invoking toplevel() on ptolemy.moml.MoMLSimpleApplication@1363e0df
reloadAllAccessors: .HierarchicalFSMTypeInference

===========================================================================================
----------------- testing Sun Jul 26 15:13:28 UTC 2020 /home/travis/build/icyphy/ptII/ptolemy/domains/modal/test/auto/Hysteresis.xml
----------------- Instantiating /home/travis/build/icyphy/ptII/ptolemy/domains/modal/test/auto/Hysteresis.xml
16 ms. Memory: 245760K Free: 145613K (59%)
----------------- Invoking toplevel() on ptolemy.moml.MoMLSimpleApplication@3d9884d2
----------------- Done invoking toplevel() on ptolemy.moml.MoMLSimpleApplication@3d9884d2
reloadAllAccessors: .Hysteresis

===========================================================================================
----------------- testing Sun Jul 26 15:13:28 UTC 2020 /home/travis/build/icyphy/ptII/ptolemy/domains/modal/test/auto/HysteresisWithDefault.xml
----------------- Instantiating /home/travis/build/icyphy/ptII/ptolemy/domains/modal/test/auto/HysteresisWithDefault.xml
43 ms. Memory: 245760K Free: 122589K (50%)
----------------- Invoking toplevel() on ptolemy.moml.MoMLSimpleApplication@691c9cb
----------------- Done invoking toplevel() on ptolemy.moml.MoMLSimpleApplication@691c9cb
reloadAllAccessors: .HysteresisWithDefault

===========================================================================================
----------------- testing Sun Jul 26 15:13:29 UTC 2020 /home/travis/build/icyphy/ptII/ptolemy/domains/modal/test/auto/HysteresisWithDefault2.xml
----------------- Instantiating /home/travis/build/icyphy/ptII/ptolemy/domains/modal/test/auto/HysteresisWithDefault2.xml
46 ms. Memory: 245760K Free: 93403K (38%)
----------------- Invoking toplevel() on ptolemy.moml.MoMLSimpleApplication@7c7bc320
----------------- Done invoking toplevel() on ptolemy.moml.MoMLSimpleApplication@7c7bc320
reloadAllAccessors: .HysteresisWithDefault2

===========================================================================================
----------------- testing Sun Jul 26 15:13:29 UTC 2020 /home/travis/build/icyphy/ptII/ptolemy/domains/modal/test/auto/ImmediateNonConstructiveness.xml
----------------- Instantiating /home/travis/build/icyphy/ptII/ptolemy/domains/modal/test/auto/ImmediateNonConstructiveness.xml
4 ms. Memory: 245760K Free: 86221K (35%)
----------------- Invoking toplevel() on ptolemy.moml.MoMLSimpleApplication@355dd06b
----------------- Done invoking toplevel() on ptolemy.moml.MoMLSimpleApplication@355dd06b
reloadAllAccessors: .ImmediateNonConstructiveness

===========================================================================================
----------------- testing Sun Jul 26 15:13:29 UTC 2020 /home/travis/build/icyphy/ptII/ptolemy/domains/modal/test/auto/ImmediateNonConstructiveness2.xml
----------------- Instantiating /home/travis/build/icyphy/ptII/ptolemy/domains/modal/test/auto/ImmediateNonConstructiveness2.xml
2 ms. Memory: 245760K Free: 221360K (90%)
----------------- Invoking toplevel() on ptolemy.moml.MoMLSimpleApplication@4469182e
----------------- Done invoking toplevel() on ptolemy.moml.MoMLSimpleApplication@4469182e
reloadAllAccessors: .ImmediateNonConstructiveness2

===========================================================================================
----------------- testing Sun Jul 26 15:13:29 UTC 2020 /home/travis/build/icyphy/ptII/ptolemy/domains/modal/test/auto/ImmediateTransitionReset.xml
----------------- Instantiating /home/travis/build/icyphy/ptII/ptolemy/domains/modal/test/auto/ImmediateTransitionReset.xml
5 ms. Memory: 245760K Free: 209086K (85%)
----------------- Invoking toplevel() on ptolemy.moml.MoMLSimpleApplication@50eba540
----------------- Done invoking toplevel() on ptolemy.moml.MoMLSimpleApplication@50eba540
reloadAllAccessors: .ImmediateTransitionReset

===========================================================================================
----------------- testing Sun Jul 26 15:13:29 UTC 2020 /home/travis/build/icyphy/ptII/ptolemy/domains/modal/test/auto/ImmediateTransitions1.xml
----------------- Instantiating /home/travis/build/icyphy/ptII/ptolemy/domains/modal/test/auto/ImmediateTransitions1.xml
1 ms. Memory: 245760K Free: 203966K (83%)
----------------- Invoking toplevel() on ptolemy.moml.MoMLSimpleApplication@24f2f303
----------------- Done invoking toplevel() on ptolemy.moml.MoMLSimpleApplication@24f2f303
reloadAllAccessors: .ImmediateTransitions1

===========================================================================================
----------------- testing Sun Jul 26 15:13:29 UTC 2020 /home/travis/build/icyphy/ptII/ptolemy/domains/modal/test/auto/ImmediateTransitionsInstantaneousCommunication.xml
----------------- Instantiating /home/travis/build/icyphy/ptII/ptolemy/domains/modal/test/auto/ImmediateTransitionsInstantaneousCommunication.xml
4 ms. Memory: 245760K Free: 191664K (78%)
----------------- Invoking toplevel() on ptolemy.moml.MoMLSimpleApplication@429962ed
----------------- Done invoking toplevel() on ptolemy.moml.MoMLSimpleApplication@429962ed
reloadAllAccessors: .ImmediateTransitionsInstantaneousCommunication

===========================================================================================
----------------- testing Sun Jul 26 15:13:29 UTC 2020 /home/travis/build/icyphy/ptII/ptolemy/domains/modal/test/auto/InitialImmediateTransition.xml
----------------- Instantiating /home/travis/build/icyphy/ptII/ptolemy/domains/modal/test/auto/InitialImmediateTransition.xml
4 ms. Memory: 245760K Free: 184504K (75%)
----------------- Invoking toplevel() on ptolemy.moml.MoMLSimpleApplication@2e269a8f
----------------- Done invoking toplevel() on ptolemy.moml.MoMLSimpleApplication@2e269a8f
reloadAllAccessors: .InitialImmediateTransition

===========================================================================================
----------------- testing Sun Jul 26 15:13:29 UTC 2020 /home/travis/build/icyphy/ptII/ptolemy/domains/modal/test/auto/InitialOutputs.xml
----------------- Instantiating /home/travis/build/icyphy/ptII/ptolemy/domains/modal/test/auto/InitialOutputs.xml
4 ms. Memory: 245760K Free: 178366K (73%)
----------------- Invoking toplevel() on ptolemy.moml.MoMLSimpleApplication@31c93bba
----------------- Done invoking toplevel() on ptolemy.moml.MoMLSimpleApplication@31c93bba
reloadAllAccessors: .InitialOutputs

===========================================================================================
----------------- testing Sun Jul 26 15:13:29 UTC 2020 /home/travis/build/icyphy/ptII/ptolemy/domains/modal/test/auto/InitialStateTransition1.xml
----------------- Instantiating /home/travis/build/icyphy/ptII/ptolemy/domains/modal/test/auto/InitialStateTransition1.xml
2 ms. Memory: 245760K Free: 171198K (70%)
----------------- Invoking toplevel() on ptolemy.moml.MoMLSimpleApplication@4d0f81f0
----------------- Done invoking toplevel() on ptolemy.moml.MoMLSimpleApplication@4d0f81f0
reloadAllAccessors: .InitialStateTransition1

===========================================================================================
----------------- testing Sun Jul 26 15:13:29 UTC 2020 /home/travis/build/icyphy/ptII/ptolemy/domains/modal/test/auto/InitialStateTransition2.xml
----------------- Instantiating /home/travis/build/icyphy/ptII/ptolemy/domains/modal/test/auto/InitialStateTransition2.xml
.InitialStateTransition2.TestExceptionAttributeNonConstructive: initialize() was not invoked, but wrapup() was.  This is unusual, but not always a problem.  For example, exporting JNLP will do this.
2 ms. Memory: 245760K Free: 164030K (67%)
----------------- Invoking toplevel() on ptolemy.moml.MoMLSimpleApplication@bf09b2e
----------------- Done invoking toplevel() on ptolemy.moml.MoMLSimpleApplication@bf09b2e
reloadAllAccessors: .InitialStateTransition2

===========================================================================================
----------------- testing Sun Jul 26 15:13:29 UTC 2020 /home/travis/build/icyphy/ptII/ptolemy/domains/modal/test/auto/InitialStateTransition3.xml
----------------- Instantiating /home/travis/build/icyphy/ptII/ptolemy/domains/modal/test/auto/InitialStateTransition3.xml
5 ms. Memory: 245760K Free: 155833K (63%)
----------------- Invoking toplevel() on ptolemy.moml.MoMLSimpleApplication@18408312
----------------- Done invoking toplevel() on ptolemy.moml.MoMLSimpleApplication@18408312
reloadAllAccessors: .InitialStateTransition3

===========================================================================================
----------------- testing Sun Jul 26 15:13:29 UTC 2020 /home/travis/build/icyphy/ptII/ptolemy/domains/modal/test/auto/InitialStateTransition4.xml
----------------- Instantiating /home/travis/build/icyphy/ptII/ptolemy/domains/modal/test/auto/InitialStateTransition4.xml
4 ms. Memory: 245760K Free: 146112K (59%)
----------------- Invoking toplevel() on ptolemy.moml.MoMLSimpleApplication@3f38695f
----------------- Done invoking toplevel() on ptolemy.moml.MoMLSimpleApplication@3f38695f
[...]
reloadAllAccessors: .TerminationTransition3

===========================================================================================
----------------- testing Sun Jul 26 15:13:31 UTC 2020 /home/travis/build/icyphy/ptII/ptolemy/domains/modal/test/auto/TerminationTransition4.xml
----------------- Instantiating /home/travis/build/icyphy/ptII/ptolemy/domains/modal/test/auto/TerminationTransition4.xml
6 ms. Memory: 295936K Free: 236453K (80%)
----------------- Invoking toplevel() on ptolemy.moml.MoMLSimpleApplication@16f8df64
----------------- Done invoking toplevel() on ptolemy.moml.MoMLSimpleApplication@16f8df64
reloadAllAccessors: .TerminationTransition4

===========================================================================================
----------------- testing Sun Jul 26 15:13:31 UTC 2020 /home/travis/build/icyphy/ptII/ptolemy/domains/modal/test/auto/TerminationTransition5.xml
----------------- Instantiating /home/travis/build/icyphy/ptII/ptolemy/domains/modal/test/auto/TerminationTransition5.xml
3 ms. Memory: 295936K Free: 222627K (75%)
----------------- Invoking toplevel() on ptolemy.moml.MoMLSimpleApplication@810fada
----------------- Done invoking toplevel() on ptolemy.moml.MoMLSimpleApplication@810fada
reloadAllAccessors: .TerminationTransition5

===========================================================================================
----------------- testing Sun Jul 26 15:13:31 UTC 2020 /home/travis/build/icyphy/ptII/ptolemy/domains/modal/test/auto/TerminationTransition6.xml
----------------- Instantiating /home/travis/build/icyphy/ptII/ptolemy/domains/modal/test/auto/TerminationTransition6.xml
2 ms. Memory: 295936K Free: 214435K (72%)
----------------- Invoking toplevel() on ptolemy.moml.MoMLSimpleApplication@43e5ab97
----------------- Done invoking toplevel() on ptolemy.moml.MoMLSimpleApplication@43e5ab97
reloadAllAccessors: .TerminationTransition6

===========================================================================================
----------------- testing Sun Jul 26 15:13:31 UTC 2020 /home/travis/build/icyphy/ptII/ptolemy/domains/modal/test/auto/TerminationTransition7.xml
----------------- Instantiating /home/travis/build/icyphy/ptII/ptolemy/domains/modal/test/auto/TerminationTransition7.xml
2 ms. Memory: 295936K Free: 204709K (69%)
----------------- Invoking toplevel() on ptolemy.moml.MoMLSimpleApplication@5875478a
----------------- Done invoking toplevel() on ptolemy.moml.MoMLSimpleApplication@5875478a
reloadAllAccessors: .TerminationTransition7

===========================================================================================
----------------- testing Sun Jul 26 15:13:31 UTC 2020 /home/travis/build/icyphy/ptII/ptolemy/domains/modal/test/auto/TerminationTransition8.xml
----------------- Instantiating /home/travis/build/icyphy/ptII/ptolemy/domains/modal/test/auto/TerminationTransition8.xml
2 ms. Memory: 295936K Free: 194979K (66%)
----------------- Invoking toplevel() on ptolemy.moml.MoMLSimpleApplication@21befc27
----------------- Done invoking toplevel() on ptolemy.moml.MoMLSimpleApplication@21befc27
reloadAllAccessors: .TerminationTransition8

===========================================================================================
----------------- testing Sun Jul 26 15:13:31 UTC 2020 /home/travis/build/icyphy/ptII/ptolemy/domains/modal/test/auto/Thermostat_NoHysteresis.xml
----------------- Instantiating /home/travis/build/icyphy/ptII/ptolemy/domains/modal/test/auto/Thermostat_NoHysteresis.xml
23 ms. Memory: 295936K Free: 170403K (58%)
----------------- Invoking toplevel() on ptolemy.moml.MoMLSimpleApplication@4c422d46
----------------- Done invoking toplevel() on ptolemy.moml.MoMLSimpleApplication@4c422d46
reloadAllAccessors: .Thermostat_NoHysteresis

===========================================================================================
----------------- testing Sun Jul 26 15:13:31 UTC 2020 /home/travis/build/icyphy/ptII/ptolemy/domains/modal/test/auto/TimedFSM.xml
----------------- Instantiating /home/travis/build/icyphy/ptII/ptolemy/domains/modal/test/auto/TimedFSM.xml
9 ms. Memory: 295936K Free: 158629K (54%)
----------------- Invoking toplevel() on ptolemy.moml.MoMLSimpleApplication@55d1de55
----------------- Done invoking toplevel() on ptolemy.moml.MoMLSimpleApplication@55d1de55
reloadAllAccessors: .TimedFSM

===========================================================================================
----------------- testing Sun Jul 26 15:13:31 UTC 2020 /home/travis/build/icyphy/ptII/ptolemy/domains/modal/test/auto/Timeout1.xml
----------------- Instantiating /home/travis/build/icyphy/ptII/ptolemy/domains/modal/test/auto/Timeout1.xml
3 ms. Memory: 295936K Free: 152980K (52%)
----------------- Invoking toplevel() on ptolemy.moml.MoMLSimpleApplication@29303832
----------------- Done invoking toplevel() on ptolemy.moml.MoMLSimpleApplication@29303832
reloadAllAccessors: .Timeout1

===========================================================================================
----------------- testing Sun Jul 26 15:13:31 UTC 2020 /home/travis/build/icyphy/ptII/ptolemy/domains/modal/test/auto/Timeout2.xml
----------------- Instantiating /home/travis/build/icyphy/ptII/ptolemy/domains/modal/test/auto/Timeout2.xml
6 ms. Memory: 295936K Free: 144293K (49%)
----------------- Invoking toplevel() on ptolemy.moml.MoMLSimpleApplication@1d35178f
----------------- Done invoking toplevel() on ptolemy.moml.MoMLSimpleApplication@1d35178f
reloadAllAccessors: .Timeout2

===========================================================================================
----------------- testing Sun Jul 26 15:13:31 UTC 2020 /home/travis/build/icyphy/ptII/ptolemy/domains/modal/test/auto/Timeout3.xml
----------------- Instantiating /home/travis/build/icyphy/ptII/ptolemy/domains/modal/test/auto/Timeout3.xml
2 ms. Memory: 295936K Free: 139173K (47%)
----------------- Invoking toplevel() on ptolemy.moml.MoMLSimpleApplication@7a308354
----------------- Done invoking toplevel() on ptolemy.moml.MoMLSimpleApplication@7a308354
reloadAllAccessors: .Timeout3

===========================================================================================
----------------- testing Sun Jul 26 15:13:31 UTC 2020 /home/travis/build/icyphy/ptII/ptolemy/domains/modal/test/auto/Timeout4.xml
----------------- Instantiating /home/travis/build/icyphy/ptII/ptolemy/domains/modal/test/auto/Timeout4.xml
2 ms. Memory: 295936K Free: 134053K (45%)
----------------- Invoking toplevel() on ptolemy.moml.MoMLSimpleApplication@146428a9
----------------- Done invoking toplevel() on ptolemy.moml.MoMLSimpleApplication@146428a9
reloadAllAccessors: .Timeout4

===========================================================================================
----------------- testing Sun Jul 26 15:13:31 UTC 2020 /home/travis/build/icyphy/ptII/ptolemy/domains/modal/test/auto/TransientstateModelAdvanced.xml
----------------- Instantiating /home/travis/build/icyphy/ptII/ptolemy/domains/modal/test/auto/TransientstateModelAdvanced.xml
4 ms. Memory: 295936K Free: 121765K (41%)
----------------- Invoking toplevel() on ptolemy.moml.MoMLSimpleApplication@607e7aa5
----------------- Done invoking toplevel() on ptolemy.moml.MoMLSimpleApplication@607e7aa5
reloadAllAccessors: .TransientstateModelAdvanced

===========================================================================================
----------------- testing Sun Jul 26 15:13:31 UTC 2020 /home/travis/build/icyphy/ptII/ptolemy/domains/modal/test/auto/TransientstateModelAdvanced2.xml
----------------- Instantiating /home/travis/build/icyphy/ptII/ptolemy/domains/modal/test/auto/TransientstateModelAdvanced2.xml
3 ms. Memory: 295936K Free: 107429K (36%)
----------------- Invoking toplevel() on ptolemy.moml.MoMLSimpleApplication@4d9121cd
----------------- Done invoking toplevel() on ptolemy.moml.MoMLSimpleApplication@4d9121cd
reloadAllAccessors: .transientstatemodelAdvanced

===========================================================================================
----------------- testing Sun Jul 26 15:13:31 UTC 2020 /home/travis/build/icyphy/ptII/ptolemy/domains/modal/test/auto/TransitionRefinements.xml
----------------- Instantiating /home/travis/build/icyphy/ptII/ptolemy/domains/modal/test/auto/TransitionRefinements.xml
7 ms. Memory: 295936K Free: 269915K (91%)
----------------- Invoking toplevel() on ptolemy.moml.MoMLSimpleApplication@1038efe3
----------------- Done invoking toplevel() on ptolemy.moml.MoMLSimpleApplication@1038efe3
reloadAllAccessors: .TransitionRefinements

===========================================================================================
----------------- testing Sun Jul 26 15:13:31 UTC 2020 /home/travis/build/icyphy/ptII/ptolemy/domains/modal/test/auto/TwoRefinements1.xml
----------------- Instantiating /home/travis/build/icyphy/ptII/ptolemy/domains/modal/test/auto/TwoRefinements1.xml
3 ms. Memory: 295936K Free: 259675K (88%)
----------------- Invoking toplevel() on ptolemy.moml.MoMLSimpleApplication@4b157328
----------------- Done invoking toplevel() on ptolemy.moml.MoMLSimpleApplication@4b157328
reloadAllAccessors: .TwoRefinements1

===========================================================================================
----------------- testing Sun Jul 26 15:13:31 UTC 2020 /home/travis/build/icyphy/ptII/ptolemy/domains/modal/test/auto/TwoRefinements2.xml
----------------- Instantiating /home/travis/build/icyphy/ptII/ptolemy/domains/modal/test/auto/TwoRefinements2.xml
2 ms. Memory: 295936K Free: 249435K (84%)
----------------- Invoking toplevel() on ptolemy.moml.MoMLSimpleApplication@60407157
----------------- Done invoking toplevel() on ptolemy.moml.MoMLSimpleApplication@60407157
reloadAllAccessors: .TwoRefinements2

===========================================================================================
----------------- testing Sun Jul 26 15:13:31 UTC 2020 /home/travis/build/icyphy/ptII/ptolemy/domains/modal/test/auto/WeakImmediateTransition.xml
----------------- Instantiating /home/travis/build/icyphy/ptII/ptolemy/domains/modal/test/auto/WeakImmediateTransition.xml
3 ms. Memory: 295936K Free: 240733K (81%)
----------------- Invoking toplevel() on ptolemy.moml.MoMLSimpleApplication@68425078
----------------- Done invoking toplevel() on ptolemy.moml.MoMLSimpleApplication@68425078
reloadAllAccessors: .WeakImmediateTransition

===========================================================================================
----------------- testing Sun Jul 26 15:13:31 UTC 2020 /home/travis/build/icyphy/ptII/ptolemy/domains/modal/test/auto/booleanSelect.xml
----------------- Instantiating /home/travis/build/icyphy/ptII/ptolemy/domains/modal/test/auto/booleanSelect.xml
37 ms. Memory: 295936K Free: 222797K (75%)
----------------- Invoking toplevel() on ptolemy.moml.MoMLSimpleApplication@c267fe8
----------------- Done invoking toplevel() on ptolemy.moml.MoMLSimpleApplication@c267fe8
reloadAllAccessors: .booleanSelect

===========================================================================================
----------------- testing Sun Jul 26 15:13:32 UTC 2020 /home/travis/build/icyphy/ptII/ptolemy/domains/modal/test/auto/modalChangingParams.xml
----------------- Instantiating /home/travis/build/icyphy/ptII/ptolemy/domains/modal/test/auto/modalChangingParams.xml
0
1
0
2
4
6
8
7
0
2
4
6
8
13
0
2
4
6
8
19
0
2
4
6
8
25
0
2
4
6
8
31
0
2
4
6
8
37
0
2
4
6
8
43
0
2
4
6
8
49
0
2
4
6
8
55
0
2
4
6
8
61
0
2
4
6
8
67
0
2
4
6
8
73
0
2
4
6
8
79
0
2
4
6
8
85
0
2
4
6
8
91
0
2
4
6
8
97
0
2
4
6
8
103
0
2
4
6
8
109
0
2
4
6
8
115
0
2
4
6
8
121
0
2
4
6
8
127
0
2
4
6
8
133
0
2
4
6
8
139
0
2
4
6
8
145
0
2
4
6
8
151
0
2
4
6
8
157
0
2
4
6
8
163
0
2
4
6
8
169
0
2
4
6
8
175
0
2
4
6
8
181
0
2
4
6
8
187
0
2
4
6
8
193
0
2
4
6
8
199
0
2
4
6
8
205
0
2
4
6
8
211
0
2
4
6
8
217
0
2
4
6
8
223
0
2
4
6
8
229
0
2
4
6
8
235
0
2
4
6
8
241
0
2
4
6
8
247
0
2
4
6
8
253
0
2
4
6
8
259
0
2
4
6
8
265
0
2
4
6
8
271
0
2
4
6
8
277
0
2
4
6
8
283
0
2
4
6
8
289
0
2
4
6
8
295
0
2
4
6
8
301
0
2
4
6
8
307
0
2
4
6
8
313
0
2
4
6
8
319
0
2
4
6
8
325
0
2
4
6
8
331
0
2
4
6
8
337
0
2
4
6
8
343
0
2
4
6
8
349
0
2
4
6
8
355
0
2
4
6
8
361
0
2
4
6
8
367
0
2
4
6
8
373
0
2
4
6
8
379
0
2
4
6
8
385
0
2
4
6
8
391
0
2
4
6
8
397
0
2
4
6
8
403
0
2
4
6
8
409
0
2
4
6
8
415
0
2
4
6
8
421
0
2
4
6
8
427
0
2
4
6
8
433
0
2
4
6
8
439
0
2
4
6
8
445
0
2
4
6
8
451
0
2
4
6
8
457
0
2
4
6
8
463
0
2
4
6
8
469
0
2
4
6
8
475
0
2
4
6
8
481
0
2
4
6
8
487
0
2
4
6
8
493
0
2
4
6
8
499
0
2
4
6
8
505
0
2
4
6
8
511
0
2
4
6
8
517
0
2
4
6
8
523
0
2
4
6
8
529
0
2
4
6
8
535
0
2
4
6
8
541
0
2
4
6
8
547
0
2
4
6
8
553
0
2
4
6
8
559
0
2
4
6
8
565
0
2
4
6
8
571
0
2
4
6
8
577
0
2
4
6
8
583
0
2
4
6
8
589
0
2
4
6
8
595
0
2
4
6
8
601
0
2
4
6
8
607
0
2
4
6
8
613
0
2
4
6
8
619
0
2
4
6
8
625
0
2
4
6
8
631
0
2
4
6
8
637
0
2
4
6
8
643
0
2
4
6
8
649
0
2
4
6
8
655
0
2
4
6
8
661
0
2
4
6
8
667
0
2
4
6
8
673
0
2
4
6
8
679
0
2
4
6
8
685
0
2
4
6
8
691
0
2
4
6
8
697
0
2
4
6
8
703
0
2
4
6
8
709
0
2
4
6
8
715
0
2
4
6
8
721
0
2
4
6
8
727
0
2
4
6
8
733
0
2
4
6
8
739
0
2
4
6
8
745
0
2
4
6
8
751
0
2
4
6
8
757
0
2
4
6
8
763
0
2
4
6
8
769
0
2
4
6
8
775
0
2
4
6
8
781
0
2
4
6
8
787
0
2
4
6
8
793
0
2
4
6
8
799
0
2
4
6
8
805
0
2
4
6
8
811
0
2
4
6
8
817
0
2
4
6
8
823
0
2
4
6
8
829
0
2
4
6
8
835
0
2
4
6
8
841
0
2
4
6
8
847
0
2
4
6
8
853
0
2
4
6
8
859
0
2
4
6
8
865
0
2
4
6
8
871
0
2
4
6
8
877
0
2
4
6
8
883
0
2
4
6
8
889
0
2
4
6
8
895
0
2
4
6
8
901
0
2
4
6
8
907
0
2
4
6
8
913
0
2
4
6
8
919
0
2
4
6
8
925
0
2
4
6
8
931
0
2
4
6
8
937
0
2
4
6
8
943
0
2
4
6
8
949
0
2
4
6
8
955
0
2
4
6
8
961
0
2
4
6
8
967
0
2
4
6
8
973
0
2
4
6
8
979
0
2
4
6
8
985
0
2
4
6
8
991
0
2
4
6
8
997
0
2
260 ms. Memory: 295936K Free: 107613K (36%)
----------------- Invoking toplevel() on ptolemy.moml.MoMLSimpleApplication@57e45284
----------------- Done invoking toplevel() on ptolemy.moml.MoMLSimpleApplication@57e45284
reloadAllAccessors: .modalChangingParams

===========================================================================================
----------------- testing Sun Jul 26 15:13:32 UTC 2020 /home/travis/build/icyphy/ptII/ptolemy/domains/modal/test/auto/modalModel.xml
----------------- Instantiating /home/travis/build/icyphy/ptII/ptolemy/domains/modal/test/auto/modalModel.xml
7 ms. Memory: 355328K Free: 331191K (93%)
----------------- Invoking toplevel() on ptolemy.moml.MoMLSimpleApplication@7bde9943
----------------- Done invoking toplevel() on ptolemy.moml.MoMLSimpleApplication@7bde9943
reloadAllAccessors: .modalModel

===========================================================================================
----------------- testing Sun Jul 26 15:13:32 UTC 2020 /home/travis/build/icyphy/ptII/ptolemy/domains/modal/test/auto/modalModel2.xml
----------------- Instantiating /home/travis/build/icyphy/ptII/ptolemy/domains/modal/test/auto/modalModel2.xml
16 ms. Memory: 355328K Free: 320471K (90%)
----------------- Invoking toplevel() on ptolemy.moml.MoMLSimpleApplication@3ce60e8c
----------------- Done invoking toplevel() on ptolemy.moml.MoMLSimpleApplication@3ce60e8c
reloadAllAccessors: .modalModel2

===========================================================================================
----------------- testing Sun Jul 26 15:13:32 UTC 2020 /home/travis/build/icyphy/ptII/ptolemy/domains/modal/test/auto/modalModel3.xml
----------------- Instantiating /home/travis/build/icyphy/ptII/ptolemy/domains/modal/test/auto/modalModel3.xml
0	0	0
3	2	1
6	4	2
9	6	3
4	0	4
7	2	5
10	4	6
13	6	7
8	0	8
11	2	9
14	4	10
17	6	11
12	0	12
15	2	13
18	4	14
18 ms. Memory: 355328K Free: 305591K (86%)
----------------- Invoking toplevel() on ptolemy.moml.MoMLSimpleApplication@1e97b602
----------------- Done invoking toplevel() on ptolemy.moml.MoMLSimpleApplication@1e97b602
reloadAllAccessors: .modalModel3

===========================================================================================
----------------- testing Sun Jul 26 15:13:32 UTC 2020 /home/travis/build/icyphy/ptII/ptolemy/domains/modal/test/auto/model1.xml
----------------- Instantiating /home/travis/build/icyphy/ptII/ptolemy/domains/modal/test/auto/model1.xml
12 ms. Memory: 355328K Free: 299991K (84%)
----------------- Invoking toplevel() on ptolemy.moml.MoMLSimpleApplication@77cb6c8d
----------------- Done invoking toplevel() on ptolemy.moml.MoMLSimpleApplication@77cb6c8d
reloadAllAccessors: .model1

===========================================================================================
----------------- testing Sun Jul 26 15:13:32 UTC 2020 /home/travis/build/icyphy/ptII/ptolemy/domains/modal/test/auto/test-direct-in-out.xml
----------------- Instantiating /home/travis/build/icyphy/ptII/ptolemy/domains/modal/test/auto/test-direct-in-out.xml
6 ms. Memory: 355328K Free: 292303K (82%)
----------------- Invoking toplevel() on ptolemy.moml.MoMLSimpleApplication@5847d3a7
----------------- Done invoking toplevel() on ptolemy.moml.MoMLSimpleApplication@5847d3a7
reloadAllAccessors: .test-direct-in-out
AutoTests.java: About to close Vertx.
AutoTests.java: Vertx closed.
]]></system-out>
  <system-err><![CDATA[java.lang.RuntimeException: Execution failed
	at ptolemy.moml.MoMLSimpleApplication$UnloadThread.run(MoMLSimpleApplication.java:402)
Caused by: ptolemy.kernel.util.IllegalActionException: Unknown inputs remain. Possible causality loop:
L_model_1893289564i

  in .CannotAnalysisWithPreemption.model_1893289564_region_1 and .CannotAnalysisWithPreemption.model_1893289564_region_1.L_model_1893289564i
	at ptolemy.actor.sched.FixedPointDirector.postfire(FixedPointDirector.java:515)
	at ptolemy.domains.sr.kernel.SRDirector.postfire(SRDirector.java:417)
	at ptolemy.actor.CompositeActor.postfire(CompositeActor.java:1668)
	at ptolemy.actor.Manager.iterate(Manager.java:852)
	at ptolemy.actor.Manager.execute(Manager.java:369)
	at ptolemy.actor.Manager.run(Manager.java:1263)
	at ptolemy.actor.Manager$PtolemyRunThread.run(Manager.java:1933)
java.lang.reflect.InvocationTargetException
	at java.base/jdk.internal.reflect.NativeConstructorAccessorImpl.newInstance0(Native Method)
	at java.base/jdk.internal.reflect.NativeConstructorAccessorImpl.newInstance(NativeConstructorAccessorImpl.java:62)
	at java.base/jdk.internal.reflect.DelegatingConstructorAccessorImpl.newInstance(DelegatingConstructorAccessorImpl.java:45)
	at java.base/java.lang.reflect.Constructor.newInstance(Constructor.java:490)
	at ptolemy.util.test.junit.AutoKnownFailedTests.RunModel(AutoKnownFailedTests.java:105)
	at java.base/jdk.internal.reflect.NativeMethodAccessorImpl.invoke0(Native Method)
	at java.base/jdk.internal.reflect.NativeMethodAccessorImpl.invoke(NativeMethodAccessorImpl.java:62)
	at java.base/jdk.internal.reflect.DelegatingMethodAccessorImpl.invoke(DelegatingMethodAccessorImpl.java:43)
	at java.base/java.lang.reflect.Method.invoke(Method.java:566)
	at org.junit.runners.model.FrameworkMethod$1.runReflectiveCall(FrameworkMethod.java:44)
	at org.junit.internal.runners.model.ReflectiveCallable.run(ReflectiveCallable.java:15)
	at org.junit.runners.model.FrameworkMethod.invokeExplosively(FrameworkMethod.java:41)
	at junitparams.internal.InvokeParameterisedMethod.evaluate(InvokeParameterisedMethod.java:102)
	at org.junit.internal.runners.statements.FailOnTimeout$1.run(FailOnTimeout.java:28)
Caused by: ptolemy.kernel.util.IllegalActionException: Unknown inputs remain. Possible causality loop:
L_model_1893289564i

  in .CannotAnalysisWithPreemption.model_1893289564_region_1 and .CannotAnalysisWithPreemption.model_1893289564_region_1.L_model_1893289564i
	at ptolemy.actor.sched.FixedPointDirector.postfire(FixedPointDirector.java:515)
	at ptolemy.domains.sr.kernel.SRDirector.postfire(SRDirector.java:417)
	at ptolemy.actor.CompositeActor.postfire(CompositeActor.java:1668)
	at ptolemy.actor.Manager.iterate(Manager.java:852)
	at ptolemy.actor.Manager.execute(Manager.java:369)
	at ptolemy.actor.Manager.run(Manager.java:1263)
	at ptolemy.actor.Manager$PtolemyRunThread.run(Manager.java:1933)
]]></system-err>
</testsuite>
