<?xml version="1.0" encoding="UTF-8" ?>
<testsuite errors="0" failures="0" hostname="travis-job-89941562-d490-4d65-b876-5fd3e998c7bf" name="ptolemy.actor.lib.hoc.test.junit.JUnitTclTest" skipped="0" tests="58" time="34.597" timestamp="2019-08-02T05:16:42">
  <properties>
[...]
</properties>
  <testcase classname="ptolemy.util.test.junit.TclTests" name="[0] /home/travis/build/icyphy/ptII/ptolemy/actor/lib/hoc/test/IterateOverArray.tcl (RunTclFile)" time="0.372" />
  <testcase classname="ptolemy.util.test.junit.AutoKnownFailedTests" name="[0] /home/travis/build/icyphy/ptII/ptolemy/actor/lib/hoc/test/auto/knownFailedTests/PreinitializeMustBeInvokedRunComposite.xml (RunModel)" time="0.439" />
  <testcase classname="ptolemy.util.test.junit.AutoNameArchTests" name="[0] ThereAreNoAutoArchTests (RunModel)" time="0.002" />
  <testcase classname="ptolemy.util.test.junit.AutoTests" name="[0] /home/travis/build/icyphy/ptII/ptolemy/actor/lib/hoc/test/auto/AllToAllMultiInstanceComposite.xml (RunModel)" time="0.504" />
  <testcase classname="ptolemy.util.test.junit.AutoTests" name="[1] /home/travis/build/icyphy/ptII/ptolemy/actor/lib/hoc/test/auto/ApplyFFTTest.xml (RunModel)" time="0.478" />
  <testcase classname="ptolemy.util.test.junit.AutoTests" name="[2] /home/travis/build/icyphy/ptII/ptolemy/actor/lib/hoc/test/auto/ApplyFunction.xml (RunModel)" time="0.084" />
  <testcase classname="ptolemy.util.test.junit.AutoTests" name="[3] /home/travis/build/icyphy/ptII/ptolemy/actor/lib/hoc/test/auto/BackgroundExecution.xml (RunModel)" time="0.764" />
  <testcase classname="ptolemy.util.test.junit.AutoTests" name="[4] /home/travis/build/icyphy/ptII/ptolemy/actor/lib/hoc/test/auto/Case.xml (RunModel)" time="0.115" />
  <testcase classname="ptolemy.util.test.junit.AutoTests" name="[5] /home/travis/build/icyphy/ptII/ptolemy/actor/lib/hoc/test/auto/Case1.xml (RunModel)" time="0.081" />
  <testcase classname="ptolemy.util.test.junit.AutoTests" name="[6] /home/travis/build/icyphy/ptII/ptolemy/actor/lib/hoc/test/auto/Case2.xml (RunModel)" time="0.12" />
  <testcase classname="ptolemy.util.test.junit.AutoTests" name="[7] /home/travis/build/icyphy/ptII/ptolemy/actor/lib/hoc/test/auto/Case3.xml (RunModel)" time="0.033" />
  <testcase classname="ptolemy.util.test.junit.AutoTests" name="[8] /home/travis/build/icyphy/ptII/ptolemy/actor/lib/hoc/test/auto/Case4.xml (RunModel)" time="0.073" />
  <testcase classname="ptolemy.util.test.junit.AutoTests" name="[9] /home/travis/build/icyphy/ptII/ptolemy/actor/lib/hoc/test/auto/Case5.xml (RunModel)" time="0.06" />
  <testcase classname="ptolemy.util.test.junit.AutoTests" name="[10] /home/travis/build/icyphy/ptII/ptolemy/actor/lib/hoc/test/auto/Case6.xml (RunModel)" time="0.068" />
  <testcase classname="ptolemy.util.test.junit.AutoTests" name="[11] /home/travis/build/icyphy/ptII/ptolemy/actor/lib/hoc/test/auto/CaseString2.xml (RunModel)" time="0.064" />
  <testcase classname="ptolemy.util.test.junit.AutoTests" name="[12] /home/travis/build/icyphy/ptII/ptolemy/actor/lib/hoc/test/auto/CatchUpComposite1.xml (RunModel)" time="0.115" />
  <testcase classname="ptolemy.util.test.junit.AutoTests" name="[13] /home/travis/build/icyphy/ptII/ptolemy/actor/lib/hoc/test/auto/CatchUpComposite2.xml (RunModel)" time="0.077" />
  <testcase classname="ptolemy.util.test.junit.AutoTests" name="[14] /home/travis/build/icyphy/ptII/ptolemy/actor/lib/hoc/test/auto/CatchUpComposite3.xml (RunModel)" time="0.079" />
  <testcase classname="ptolemy.util.test.junit.AutoTests" name="[15] /home/travis/build/icyphy/ptII/ptolemy/actor/lib/hoc/test/auto/CatchUpComposite4.xml (RunModel)" time="0.075" />
  <testcase classname="ptolemy.util.test.junit.AutoTests" name="[16] /home/travis/build/icyphy/ptII/ptolemy/actor/lib/hoc/test/auto/CatchUpComposite5.xml (RunModel)" time="0.049" />
  <testcase classname="ptolemy.util.test.junit.AutoTests" name="[17] /home/travis/build/icyphy/ptII/ptolemy/actor/lib/hoc/test/auto/CatchUpComposite6.xml (RunModel)" time="0.209" />
  <testcase classname="ptolemy.util.test.junit.AutoTests" name="[18] /home/travis/build/icyphy/ptII/ptolemy/actor/lib/hoc/test/auto/CatchUpComposite7.xml (RunModel)" time="0.101" />
  <testcase classname="ptolemy.util.test.junit.AutoTests" name="[19] /home/travis/build/icyphy/ptII/ptolemy/actor/lib/hoc/test/auto/ConcurrentExecutionTimeSDF.xml (RunModel)" time="1.402" />
  <testcase classname="ptolemy.util.test.junit.AutoTests" name="[20] /home/travis/build/icyphy/ptII/ptolemy/actor/lib/hoc/test/auto/ConcurrentSleep.xml (RunModel)" time="0.769" />
  <testcase classname="ptolemy.util.test.junit.AutoTests" name="[21] /home/travis/build/icyphy/ptII/ptolemy/actor/lib/hoc/test/auto/DEInPNInRunCompositeActor.xml (RunModel)" time="0.05" />
  <testcase classname="ptolemy.util.test.junit.AutoTests" name="[22] /home/travis/build/icyphy/ptII/ptolemy/actor/lib/hoc/test/auto/DFTSubSetTest.xml (RunModel)" time="0.266" />
  <testcase classname="ptolemy.util.test.junit.AutoTests" name="[23] /home/travis/build/icyphy/ptII/ptolemy/actor/lib/hoc/test/auto/HocDE.xml (RunModel)" time="0.162" />
  <testcase classname="ptolemy.util.test.junit.AutoTests" name="[24] /home/travis/build/icyphy/ptII/ptolemy/actor/lib/hoc/test/auto/IterateOverArray.xml (RunModel)" time="0.025" />
  <testcase classname="ptolemy.util.test.junit.AutoTests" name="[25] /home/travis/build/icyphy/ptII/ptolemy/actor/lib/hoc/test/auto/IterateOverArray10.xml (RunModel)" time="0.026" />
  <testcase classname="ptolemy.util.test.junit.AutoTests" name="[26] /home/travis/build/icyphy/ptII/ptolemy/actor/lib/hoc/test/auto/IterateOverArray11.xml (RunModel)" time="0.024" />
  <testcase classname="ptolemy.util.test.junit.AutoTests" name="[27] /home/travis/build/icyphy/ptII/ptolemy/actor/lib/hoc/test/auto/IterateOverArray12.xml (RunModel)" time="0.041" />
  <testcase classname="ptolemy.util.test.junit.AutoTests" name="[28] /home/travis/build/icyphy/ptII/ptolemy/actor/lib/hoc/test/auto/IterateOverArray13.xml (RunModel)" time="0.186" />
  <testcase classname="ptolemy.util.test.junit.AutoTests" name="[29] /home/travis/build/icyphy/ptII/ptolemy/actor/lib/hoc/test/auto/IterateOverArray14.xml (RunModel)" time="0.181" />
  <testcase classname="ptolemy.util.test.junit.AutoTests" name="[30] /home/travis/build/icyphy/ptII/ptolemy/actor/lib/hoc/test/auto/IterateOverArray2.xml (RunModel)" time="0.034" />
  <testcase classname="ptolemy.util.test.junit.AutoTests" name="[31] /home/travis/build/icyphy/ptII/ptolemy/actor/lib/hoc/test/auto/IterateOverArray3.xml (RunModel)" time="0.046" />
  <testcase classname="ptolemy.util.test.junit.AutoTests" name="[32] /home/travis/build/icyphy/ptII/ptolemy/actor/lib/hoc/test/auto/IterateOverArray4.xml (RunModel)" time="0.025" />
  <testcase classname="ptolemy.util.test.junit.AutoTests" name="[33] /home/travis/build/icyphy/ptII/ptolemy/actor/lib/hoc/test/auto/IterateOverArray5.xml (RunModel)" time="0.019" />
  <testcase classname="ptolemy.util.test.junit.AutoTests" name="[34] /home/travis/build/icyphy/ptII/ptolemy/actor/lib/hoc/test/auto/IterateOverArray6.xml (RunModel)" time="0.023" />
  <testcase classname="ptolemy.util.test.junit.AutoTests" name="[35] /home/travis/build/icyphy/ptII/ptolemy/actor/lib/hoc/test/auto/IterateOverArray7.xml (RunModel)" time="0.028" />
  <testcase classname="ptolemy.util.test.junit.AutoTests" name="[36] /home/travis/build/icyphy/ptII/ptolemy/actor/lib/hoc/test/auto/IterateOverArray8.xml (RunModel)" time="0.025" />
  <testcase classname="ptolemy.util.test.junit.AutoTests" name="[37] /home/travis/build/icyphy/ptII/ptolemy/actor/lib/hoc/test/auto/IterateOverArray9.xml (RunModel)" time="0.034" />
  <testcase classname="ptolemy.util.test.junit.AutoTests" name="[38] /home/travis/build/icyphy/ptII/ptolemy/actor/lib/hoc/test/auto/IterateOverArrayCoercedOutputType.xml (RunModel)" time="0.042" />
  <testcase classname="ptolemy.util.test.junit.AutoTests" name="[39] /home/travis/build/icyphy/ptII/ptolemy/actor/lib/hoc/test/auto/IterateOverArrayInferredOutputType.xml (RunModel)" time="0.032" />
  <testcase classname="ptolemy.util.test.junit.AutoTests" name="[40] /home/travis/build/icyphy/ptII/ptolemy/actor/lib/hoc/test/auto/MobileFunctionTest.xml (RunModel)" time="0.019" />
  <testcase classname="ptolemy.util.test.junit.AutoTests" name="[41] /home/travis/build/icyphy/ptII/ptolemy/actor/lib/hoc/test/auto/MobileModelTest.xml (RunModel)" time="0.214" />
  <testcase classname="ptolemy.util.test.junit.AutoTests" name="[42] /home/travis/build/icyphy/ptII/ptolemy/actor/lib/hoc/test/auto/ModelReference.xml (RunModel)" time="0.069" />
  <testcase classname="ptolemy.util.test.junit.AutoTests" name="[43] /home/travis/build/icyphy/ptII/ptolemy/actor/lib/hoc/test/auto/ModelReference3.xml (RunModel)" time="0.048" />
  <testcase classname="ptolemy.util.test.junit.AutoTests" name="[44] /home/travis/build/icyphy/ptII/ptolemy/actor/lib/hoc/test/auto/ModelReference4.xml (RunModel)" time="10.031" />
  <testcase classname="ptolemy.util.test.junit.AutoTests" name="[45] /home/travis/build/icyphy/ptII/ptolemy/actor/lib/hoc/test/auto/MultiInstanceComposite.xml (RunModel)" time="0.056" />
  <testcase classname="ptolemy.util.test.junit.AutoTests" name="[46] /home/travis/build/icyphy/ptII/ptolemy/actor/lib/hoc/test/auto/MultiInstanceComposite2.xml (RunModel)" time="0.051" />
  <testcase classname="ptolemy.util.test.junit.AutoTests" name="[47] /home/travis/build/icyphy/ptII/ptolemy/actor/lib/hoc/test/auto/MulticoreExecution.xml (RunModel)" time="1.139" />
  <testcase classname="ptolemy.util.test.junit.AutoTests" name="[48] /home/travis/build/icyphy/ptII/ptolemy/actor/lib/hoc/test/auto/ParallelExecution.xml (RunModel)" time="0.959" />
  <testcase classname="ptolemy.util.test.junit.AutoTests" name="[49] /home/travis/build/icyphy/ptII/ptolemy/actor/lib/hoc/test/auto/RunCompositeActor.xml (RunModel)" time="0.026" />
  <testcase classname="ptolemy.util.test.junit.AutoTests" name="[50] /home/travis/build/icyphy/ptII/ptolemy/actor/lib/hoc/test/auto/RunCompositeActor2.xml (RunModel)" time="0.024" />
  <testcase classname="ptolemy.util.test.junit.AutoTests" name="[51] /home/travis/build/icyphy/ptII/ptolemy/actor/lib/hoc/test/auto/RunCompositeActor3.xml (RunModel)" time="0.026" />
  <testcase classname="ptolemy.util.test.junit.AutoTests" name="[52] /home/travis/build/icyphy/ptII/ptolemy/actor/lib/hoc/test/auto/RunCompositeActor4.xml (RunModel)" time="0.037" />
  <testcase classname="ptolemy.util.test.junit.AutoTests" name="[53] /home/travis/build/icyphy/ptII/ptolemy/actor/lib/hoc/test/auto/RunCompositeIterateOverArray.xml (RunModel)" time="0.049" />
  <testcase classname="ptolemy.util.test.junit.AutoTests" name="[54] /home/travis/build/icyphy/ptII/ptolemy/actor/lib/hoc/test/auto/ThreadedJS.xml (RunModel)" time="13.783" />
  <system-out><![CDATA[/home/travis/build/icyphy/ptII/ptolemy/actor/lib/hoc/test/IterateOverArray.tcl
testDefs.tcl: setting time out to 9000 seconds at Fri Aug 02 05:16:42 UTC 2019
08/02/19 05:16:42
Failed: 0  Total Tests: 2  ((Passed: 2, Newly Passed: 0)  Known Failed: 0) /home/travis/build/icyphy/ptII/ptolemy/actor/lib/hoc/test
----------------- testing (KnownFailure) /home/travis/build/icyphy/ptII/ptolemy/actor/lib/hoc/test/auto/knownFailedTests/PreinitializeMustBeInvokedRunComposite.xml
152 ms. Memory: 120832K Free: 79811K (66%)
Known Failure: java.lang.reflect.InvocationTargetException
No auto/linux-amd64/*.xml tests in /home/travis/build/icyphy/ptII/ptolemy/actor/lib/hoc/test
AutoTests.java: About to close Vertx.
AutoTests.java: Vertx closed.

===========================================================================================
----------------- testing Fri Aug 02 05:16:43 UTC 2019 /home/travis/build/icyphy/ptII/ptolemy/actor/lib/hoc/test/auto/AllToAllMultiInstanceComposite.xml
----------------- Instantiating /home/travis/build/icyphy/ptII/ptolemy/actor/lib/hoc/test/auto/AllToAllMultiInstanceComposite.xml
219 ms. Memory: 120832K Free: 96381K (80%)
----------------- Invoking toplevel() on ptolemy.moml.MoMLSimpleApplication@5bce5998
----------------- Done invoking toplevel() on ptolemy.moml.MoMLSimpleApplication@5bce5998
reloadAllAccessors: .AllToAllMultiInstanceComposite

===========================================================================================
----------------- testing Fri Aug 02 05:16:44 UTC 2019 /home/travis/build/icyphy/ptII/ptolemy/actor/lib/hoc/test/auto/ApplyFFTTest.xml
----------------- Instantiating /home/travis/build/icyphy/ptII/ptolemy/actor/lib/hoc/test/auto/ApplyFFTTest.xml
173 ms. Memory: 120832K Free: 103816K (86%)
----------------- Invoking toplevel() on ptolemy.moml.MoMLSimpleApplication@24798be4
----------------- Done invoking toplevel() on ptolemy.moml.MoMLSimpleApplication@24798be4
reloadAllAccessors: .ApplyFFTTest

===========================================================================================
----------------- testing Fri Aug 02 05:16:44 UTC 2019 /home/travis/build/icyphy/ptII/ptolemy/actor/lib/hoc/test/auto/ApplyFunction.xml
----------------- Instantiating /home/travis/build/icyphy/ptII/ptolemy/actor/lib/hoc/test/auto/ApplyFunction.xml
6 ms. Memory: 120832K Free: 100025K (83%)
----------------- Invoking toplevel() on ptolemy.moml.MoMLSimpleApplication@1a49b63e
----------------- Done invoking toplevel() on ptolemy.moml.MoMLSimpleApplication@1a49b63e
reloadAllAccessors: .ApplyFunction

===========================================================================================
----------------- testing Fri Aug 02 05:16:44 UTC 2019 /home/travis/build/icyphy/ptII/ptolemy/actor/lib/hoc/test/auto/BackgroundExecution.xml
----------------- Instantiating /home/travis/build/icyphy/ptII/ptolemy/actor/lib/hoc/test/auto/BackgroundExecution.xml
639 ms. Memory: 120832K Free: 92601K (77%)
----------------- Invoking toplevel() on ptolemy.moml.MoMLSimpleApplication@29809007
----------------- Done invoking toplevel() on ptolemy.moml.MoMLSimpleApplication@29809007
reloadAllAccessors: .BackgroundExecution

===========================================================================================
----------------- testing Fri Aug 02 05:16:45 UTC 2019 /home/travis/build/icyphy/ptII/ptolemy/actor/lib/hoc/test/auto/Case.xml
----------------- Instantiating /home/travis/build/icyphy/ptII/ptolemy/actor/lib/hoc/test/auto/Case.xml
23 ms. Memory: 120832K Free: 85673K (71%)
----------------- Invoking toplevel() on ptolemy.moml.MoMLSimpleApplication@2bc14f62
----------------- Done invoking toplevel() on ptolemy.moml.MoMLSimpleApplication@2bc14f62
reloadAllAccessors: .Case

===========================================================================================
----------------- testing Fri Aug 02 05:16:45 UTC 2019 /home/travis/build/icyphy/ptII/ptolemy/actor/lib/hoc/test/auto/Case1.xml
----------------- Instantiating /home/travis/build/icyphy/ptII/ptolemy/actor/lib/hoc/test/auto/Case1.xml
24 ms. Memory: 120832K Free: 78999K (65%)
----------------- Invoking toplevel() on ptolemy.moml.MoMLSimpleApplication@44fc38be
----------------- Done invoking toplevel() on ptolemy.moml.MoMLSimpleApplication@44fc38be
reloadAllAccessors: .Case1

===========================================================================================
----------------- testing Fri Aug 02 05:16:45 UTC 2019 /home/travis/build/icyphy/ptII/ptolemy/actor/lib/hoc/test/auto/Case2.xml
----------------- Instantiating /home/travis/build/icyphy/ptII/ptolemy/actor/lib/hoc/test/auto/Case2.xml
29 ms. Memory: 120832K Free: 103013K (85%)
----------------- Invoking toplevel() on ptolemy.moml.MoMLSimpleApplication@4ab36913
----------------- Done invoking toplevel() on ptolemy.moml.MoMLSimpleApplication@4ab36913
reloadAllAccessors: .Case2

===========================================================================================
----------------- testing Fri Aug 02 05:16:45 UTC 2019 /home/travis/build/icyphy/ptII/ptolemy/actor/lib/hoc/test/auto/Case3.xml
----------------- Instantiating /home/travis/build/icyphy/ptII/ptolemy/actor/lib/hoc/test/auto/Case3.xml
9 ms. Memory: 120832K Free: 96829K (80%)
----------------- Invoking toplevel() on ptolemy.moml.MoMLSimpleApplication@3718aa83
----------------- Done invoking toplevel() on ptolemy.moml.MoMLSimpleApplication@3718aa83
reloadAllAccessors: .Case3

===========================================================================================
----------------- testing Fri Aug 02 05:16:45 UTC 2019 /home/travis/build/icyphy/ptII/ptolemy/actor/lib/hoc/test/auto/Case4.xml
----------------- Instantiating /home/travis/build/icyphy/ptII/ptolemy/actor/lib/hoc/test/auto/Case4.xml
24 ms. Memory: 120832K Free: 89029K (74%)
----------------- Invoking toplevel() on ptolemy.moml.MoMLSimpleApplication@3cbbef3a
----------------- Done invoking toplevel() on ptolemy.moml.MoMLSimpleApplication@3cbbef3a
reloadAllAccessors: .Case4

===========================================================================================
----------------- testing Fri Aug 02 05:16:45 UTC 2019 /home/travis/build/icyphy/ptII/ptolemy/actor/lib/hoc/test/auto/Case5.xml
----------------- Instantiating /home/travis/build/icyphy/ptII/ptolemy/actor/lib/hoc/test/auto/Case5.xml
29 ms. Memory: 120832K Free: 82885K (69%)
----------------- Invoking toplevel() on ptolemy.moml.MoMLSimpleApplication@79a59ff4
----------------- Done invoking toplevel() on ptolemy.moml.MoMLSimpleApplication@79a59ff4
reloadAllAccessors: .junk

===========================================================================================
----------------- testing Fri Aug 02 05:16:45 UTC 2019 /home/travis/build/icyphy/ptII/ptolemy/actor/lib/hoc/test/auto/Case6.xml
----------------- Instantiating /home/travis/build/icyphy/ptII/ptolemy/actor/lib/hoc/test/auto/Case6.xml
26 ms. Memory: 120832K Free: 71228K (59%)
----------------- Invoking toplevel() on ptolemy.moml.MoMLSimpleApplication@2b520bb
----------------- Done invoking toplevel() on ptolemy.moml.MoMLSimpleApplication@2b520bb
reloadAllAccessors: .Case6

===========================================================================================
----------------- testing Fri Aug 02 05:16:45 UTC 2019 /home/travis/build/icyphy/ptII/ptolemy/actor/lib/hoc/test/auto/CaseString2.xml
----------------- Instantiating /home/travis/build/icyphy/ptII/ptolemy/actor/lib/hoc/test/auto/CaseString2.xml
25 ms. Memory: 120832K Free: 63720K (53%)
----------------- Invoking toplevel() on ptolemy.moml.MoMLSimpleApplication@35efc015
----------------- Done invoking toplevel() on ptolemy.moml.MoMLSimpleApplication@35efc015
reloadAllAccessors: .CaseString2

===========================================================================================
----------------- testing Fri Aug 02 05:16:46 UTC 2019 /home/travis/build/icyphy/ptII/ptolemy/actor/lib/hoc/test/auto/CatchUpComposite1.xml
----------------- Instantiating /home/travis/build/icyphy/ptII/ptolemy/actor/lib/hoc/test/auto/CatchUpComposite1.xml
47 ms. Memory: 120832K Free: 100637K (83%)
----------------- Invoking toplevel() on ptolemy.moml.MoMLSimpleApplication@7e1ce813
----------------- Done invoking toplevel() on ptolemy.moml.MoMLSimpleApplication@7e1ce813
reloadAllAccessors: .CatchUpComposite1

===========================================================================================
----------------- testing Fri Aug 02 05:16:46 UTC 2019 /home/travis/build/icyphy/ptII/ptolemy/actor/lib/hoc/test/auto/CatchUpComposite2.xml
----------------- Instantiating /home/travis/build/icyphy/ptII/ptolemy/actor/lib/hoc/test/auto/CatchUpComposite2.xml
18 ms. Memory: 120832K Free: 92445K (77%)
----------------- Invoking toplevel() on ptolemy.moml.MoMLSimpleApplication@41a28cc2
----------------- Done invoking toplevel() on ptolemy.moml.MoMLSimpleApplication@41a28cc2
reloadAllAccessors: .CatchUpComposite2

===========================================================================================
----------------- testing Fri Aug 02 05:16:46 UTC 2019 /home/travis/build/icyphy/ptII/ptolemy/actor/lib/hoc/test/auto/CatchUpComposite3.xml
----------------- Instantiating /home/travis/build/icyphy/ptII/ptolemy/actor/lib/hoc/test/auto/CatchUpComposite3.xml
29 ms. Memory: 120832K Free: 83889K (69%)
----------------- Invoking toplevel() on ptolemy.moml.MoMLSimpleApplication@6ed02b08
----------------- Done invoking toplevel() on ptolemy.moml.MoMLSimpleApplication@6ed02b08
reloadAllAccessors: .CatchUpComposite3

===========================================================================================
----------------- testing Fri Aug 02 05:16:46 UTC 2019 /home/travis/build/icyphy/ptII/ptolemy/actor/lib/hoc/test/auto/CatchUpComposite4.xml
----------------- Instantiating /home/travis/build/icyphy/ptII/ptolemy/actor/lib/hoc/test/auto/CatchUpComposite4.xml
12 ms. Memory: 120832K Free: 76061K (63%)
----------------- Invoking toplevel() on ptolemy.moml.MoMLSimpleApplication@69b96502
----------------- Done invoking toplevel() on ptolemy.moml.MoMLSimpleApplication@69b96502
reloadAllAccessors: .CatchUpComposite4

===========================================================================================
----------------- testing Fri Aug 02 05:16:46 UTC 2019 /home/travis/build/icyphy/ptII/ptolemy/actor/lib/hoc/test/auto/CatchUpComposite5.xml
----------------- Instantiating /home/travis/build/icyphy/ptII/ptolemy/actor/lib/hoc/test/auto/CatchUpComposite5.xml
17 ms. Memory: 120832K Free: 68507K (57%)
----------------- Invoking toplevel() on ptolemy.moml.MoMLSimpleApplication@50d1af26
----------------- Done invoking toplevel() on ptolemy.moml.MoMLSimpleApplication@50d1af26
reloadAllAccessors: .CatchUpComposite5

===========================================================================================
----------------- testing Fri Aug 02 05:16:46 UTC 2019 /home/travis/build/icyphy/ptII/ptolemy/actor/lib/hoc/test/auto/CatchUpComposite6.xml
----------------- Instantiating /home/travis/build/icyphy/ptII/ptolemy/actor/lib/hoc/test/auto/CatchUpComposite6.xml
WARNING: The execution aspects in this model can influence the timing of actors by delaying the 
execution, potentially changing the behavior. There is no guarantee that actors fire at the 
time they request to be fired. 
Use Ptides for deterministic DE behavior that is not influenced by execution aspects. 

104 ms. Memory: 120832K Free: 53831K (45%)
----------------- Invoking toplevel() on ptolemy.moml.MoMLSimpleApplication@594facc9
----------------- Done invoking toplevel() on ptolemy.moml.MoMLSimpleApplication@594facc9
reloadAllAccessors: .CatchUpComposite6

===========================================================================================
----------------- testing Fri Aug 02 05:16:46 UTC 2019 /home/travis/build/icyphy/ptII/ptolemy/actor/lib/hoc/test/auto/CatchUpComposite7.xml
----------------- Instantiating /home/travis/build/icyphy/ptII/ptolemy/actor/lib/hoc/test/auto/CatchUpComposite7.xml
WARNING: The execution aspects in this model can influence the timing of actors by delaying the 
execution, potentially changing the behavior. There is no guarantee that actors fire at the 
time they request to be fired. 
Use Ptides for deterministic DE behavior that is not influenced by execution aspects. 

25 ms. Memory: 150528K Free: 124170K (82%)
----------------- Invoking toplevel() on ptolemy.moml.MoMLSimpleApplication@2a549133
----------------- Done invoking toplevel() on ptolemy.moml.MoMLSimpleApplication@2a549133
reloadAllAccessors: .CatchUpComposite7

===========================================================================================
----------------- testing Fri Aug 02 05:16:46 UTC 2019 /home/travis/build/icyphy/ptII/ptolemy/actor/lib/hoc/test/auto/ConcurrentExecutionTimeSDF.xml
----------------- Instantiating /home/travis/build/icyphy/ptII/ptolemy/actor/lib/hoc/test/auto/ConcurrentExecutionTimeSDF.xml
Fired ExecutionTime: 40400000
Fired ExecutionTime: 40400000
Fired ExecutionTime: 40400000
Fired ExecutionTime: 40400000
Fired ExecutionTime: 40400000
Fired ExecutionTime: 40400000
Fired ExecutionTime: 40400000
Fired ExecutionTime: 40400000
Fired ExecutionTime: 40400000
Fired ExecutionTime: 40400000
Fired ExecutionTime: 40400000
Fired ExecutionTime: 40400000
Fired ExecutionTime: 40400000
Fired ExecutionTime: 40400000
Fired ExecutionTime: 40400000
Fired ExecutionTime: 40400000
Fired ExecutionTime: 40400000
Fired ExecutionTime: 40400000
Fired ExecutionTime: 40400000
Fired ExecutionTime: 40400000
1381 ms. Memory: 150528K Free: 117580K (78%)
----------------- Invoking toplevel() on ptolemy.moml.MoMLSimpleApplication@2d04b979
----------------- Done invoking toplevel() on ptolemy.moml.MoMLSimpleApplication@2d04b979
reloadAllAccessors: .ConcurrentExecutionTimeSDF

===========================================================================================
----------------- testing Fri Aug 02 05:16:48 UTC 2019 /home/travis/build/icyphy/ptII/ptolemy/actor/lib/hoc/test/auto/ConcurrentSleep.xml
----------------- Instantiating /home/travis/build/icyphy/ptII/ptolemy/actor/lib/hoc/test/auto/ConcurrentSleep.xml
732 ms. Memory: 150528K Free: 106762K (71%)
----------------- Invoking toplevel() on ptolemy.moml.MoMLSimpleApplication@1c2baf98
----------------- Done invoking toplevel() on ptolemy.moml.MoMLSimpleApplication@1c2baf98
reloadAllAccessors: .ConcurrentSleep

===========================================================================================
----------------- testing Fri Aug 02 05:16:48 UTC 2019 /home/travis/build/icyphy/ptII/ptolemy/actor/lib/hoc/test/auto/DEInPNInRunCompositeActor.xml
----------------- Instantiating /home/travis/build/icyphy/ptII/ptolemy/actor/lib/hoc/test/auto/DEInPNInRunCompositeActor.xml
32 ms. Memory: 150528K Free: 101196K (67%)
----------------- Invoking toplevel() on ptolemy.moml.MoMLSimpleApplication@4d541fa3
----------------- Done invoking toplevel() on ptolemy.moml.MoMLSimpleApplication@4d541fa3
reloadAllAccessors: .DEInPNInRunCompositeActor

===========================================================================================
----------------- testing Fri Aug 02 05:16:48 UTC 2019 /home/travis/build/icyphy/ptII/ptolemy/actor/lib/hoc/test/auto/DFTSubSetTest.xml
----------------- Instantiating /home/travis/build/icyphy/ptII/ptolemy/actor/lib/hoc/test/auto/DFTSubSetTest.xml
183 ms. Memory: 150528K Free: 124283K (83%)
----------------- Invoking toplevel() on ptolemy.moml.MoMLSimpleApplication@271dc024
----------------- Done invoking toplevel() on ptolemy.moml.MoMLSimpleApplication@271dc024
reloadAllAccessors: .DFTSubSetTest

===========================================================================================
----------------- testing Fri Aug 02 05:16:49 UTC 2019 /home/travis/build/icyphy/ptII/ptolemy/actor/lib/hoc/test/auto/HocDE.xml
----------------- Instantiating /home/travis/build/icyphy/ptII/ptolemy/actor/lib/hoc/test/auto/HocDE.xml
111 ms. Memory: 150528K Free: 98694K (66%)
----------------- Invoking toplevel() on ptolemy.moml.MoMLSimpleApplication@3bae4705
----------------- Done invoking toplevel() on ptolemy.moml.MoMLSimpleApplication@3bae4705
reloadAllAccessors: .HocDE

===========================================================================================
----------------- testing Fri Aug 02 05:16:49 UTC 2019 /home/travis/build/icyphy/ptII/ptolemy/actor/lib/hoc/test/auto/IterateOverArray.xml
----------------- Instantiating /home/travis/build/icyphy/ptII/ptolemy/actor/lib/hoc/test/auto/IterateOverArray.xml
6 ms. Memory: 150528K Free: 94080K (63%)
----------------- Invoking toplevel() on ptolemy.moml.MoMLSimpleApplication@362ea458
----------------- Done invoking toplevel() on ptolemy.moml.MoMLSimpleApplication@362ea458
reloadAllAccessors: .IterateOverArray

===========================================================================================
----------------- testing Fri Aug 02 05:16:49 UTC 2019 /home/travis/build/icyphy/ptII/ptolemy/actor/lib/hoc/test/auto/IterateOverArray10.xml
----------------- Instantiating /home/travis/build/icyphy/ptII/ptolemy/actor/lib/hoc/test/auto/IterateOverArray10.xml
6 ms. Memory: 150528K Free: 91002K (60%)
----------------- Invoking toplevel() on ptolemy.moml.MoMLSimpleApplication@7a9aef19
----------------- Done invoking toplevel() on ptolemy.moml.MoMLSimpleApplication@7a9aef19
reloadAllAccessors: .IterateOverArray10

===========================================================================================
----------------- testing Fri Aug 02 05:16:49 UTC 2019 /home/travis/build/icyphy/ptII/ptolemy/actor/lib/hoc/test/auto/IterateOverArray11.xml
----------------- Instantiating /home/travis/build/icyphy/ptII/ptolemy/actor/lib/hoc/test/auto/IterateOverArray11.xml
6 ms. Memory: 150528K Free: 86912K (58%)
----------------- Invoking toplevel() on ptolemy.moml.MoMLSimpleApplication@4a7ae36b
----------------- Done invoking toplevel() on ptolemy.moml.MoMLSimpleApplication@4a7ae36b
reloadAllAccessors: .IterateOverArray11

===========================================================================================
----------------- testing Fri Aug 02 05:16:49 UTC 2019 /home/travis/build/icyphy/ptII/ptolemy/actor/lib/hoc/test/auto/IterateOverArray12.xml
----------------- Instantiating /home/travis/build/icyphy/ptII/ptolemy/actor/lib/hoc/test/auto/IterateOverArray12.xml
17 ms. Memory: 150528K Free: 80768K (54%)
----------------- Invoking toplevel() on ptolemy.moml.MoMLSimpleApplication@2bb0c9bc
----------------- Done invoking toplevel() on ptolemy.moml.MoMLSimpleApplication@2bb0c9bc
reloadAllAccessors: .IterateOverArray12

===========================================================================================
----------------- testing Fri Aug 02 05:16:49 UTC 2019 /home/travis/build/icyphy/ptII/ptolemy/actor/lib/hoc/test/auto/IterateOverArray13.xml
----------------- Instantiating /home/travis/build/icyphy/ptII/ptolemy/actor/lib/hoc/test/auto/IterateOverArray13.xml
100 ms. Memory: 150528K Free: 128732K (86%)
----------------- Invoking toplevel() on ptolemy.moml.MoMLSimpleApplication@21d12cd4
----------------- Done invoking toplevel() on ptolemy.moml.MoMLSimpleApplication@21d12cd4
reloadAllAccessors: .IterateOverArray13

===========================================================================================
----------------- testing Fri Aug 02 05:16:49 UTC 2019 /home/travis/build/icyphy/ptII/ptolemy/actor/lib/hoc/test/auto/IterateOverArray14.xml
----------------- Instantiating /home/travis/build/icyphy/ptII/ptolemy/actor/lib/hoc/test/auto/IterateOverArray14.xml
82 ms. Memory: 150528K Free: 95164K (63%)
----------------- Invoking toplevel() on ptolemy.moml.MoMLSimpleApplication@3a8d4960
----------------- Done invoking toplevel() on ptolemy.moml.MoMLSimpleApplication@3a8d4960
reloadAllAccessors: .IterateOverArray14

===========================================================================================
----------------- testing Fri Aug 02 05:16:49 UTC 2019 /home/travis/build/icyphy/ptII/ptolemy/actor/lib/hoc/test/auto/IterateOverArray2.xml
----------------- Instantiating /home/travis/build/icyphy/ptII/ptolemy/actor/lib/hoc/test/auto/IterateOverArray2.xml
10 ms. Memory: 150528K Free: 90645K (60%)
----------------- Invoking toplevel() on ptolemy.moml.MoMLSimpleApplication@3bc4f6b5
----------------- Done invoking toplevel() on ptolemy.moml.MoMLSimpleApplication@3bc4f6b5
reloadAllAccessors: .IterateOverArray2

===========================================================================================
----------------- testing Fri Aug 02 05:16:49 UTC 2019 /home/travis/build/icyphy/ptII/ptolemy/actor/lib/hoc/test/auto/IterateOverArray3.xml
----------------- Instantiating /home/travis/build/icyphy/ptII/ptolemy/actor/lib/hoc/test/auto/IterateOverArray3.xml
20 ms. Memory: 150528K Free: 84515K (56%)
----------------- Invoking toplevel() on ptolemy.moml.MoMLSimpleApplication@2ea63587
----------------- Done invoking toplevel() on ptolemy.moml.MoMLSimpleApplication@2ea63587
reloadAllAccessors: .IterateOverArray3

===========================================================================================
----------------- testing Fri Aug 02 05:16:49 UTC 2019 /home/travis/build/icyphy/ptII/ptolemy/actor/lib/hoc/test/auto/IterateOverArray4.xml
----------------- Instantiating /home/travis/build/icyphy/ptII/ptolemy/actor/lib/hoc/test/auto/IterateOverArray4.xml
5 ms. Memory: 150528K Free: 80828K (54%)
----------------- Invoking toplevel() on ptolemy.moml.MoMLSimpleApplication@e5bfecb
----------------- Done invoking toplevel() on ptolemy.moml.MoMLSimpleApplication@e5bfecb
reloadAllAccessors: .IterateOverArray4

===========================================================================================
----------------- testing Fri Aug 02 05:16:49 UTC 2019 /home/travis/build/icyphy/ptII/ptolemy/actor/lib/hoc/test/auto/IterateOverArray5.xml
----------------- Instantiating /home/travis/build/icyphy/ptII/ptolemy/actor/lib/hoc/test/auto/IterateOverArray5.xml
4 ms. Memory: 150528K Free: 76732K (51%)
----------------- Invoking toplevel() on ptolemy.moml.MoMLSimpleApplication@52493424
----------------- Done invoking toplevel() on ptolemy.moml.MoMLSimpleApplication@52493424
reloadAllAccessors: .IterateOverArray5

===========================================================================================
----------------- testing Fri Aug 02 05:16:50 UTC 2019 /home/travis/build/icyphy/ptII/ptolemy/actor/lib/hoc/test/auto/IterateOverArray6.xml
----------------- Instantiating /home/travis/build/icyphy/ptII/ptolemy/actor/lib/hoc/test/auto/IterateOverArray6.xml
4 ms. Memory: 150528K Free: 73213K (49%)
----------------- Invoking toplevel() on ptolemy.moml.MoMLSimpleApplication@6566d81e
----------------- Done invoking toplevel() on ptolemy.moml.MoMLSimpleApplication@6566d81e
reloadAllAccessors: .IterateOverArray6

===========================================================================================
----------------- testing Fri Aug 02 05:16:50 UTC 2019 /home/travis/build/icyphy/ptII/ptolemy/actor/lib/hoc/test/auto/IterateOverArray7.xml
----------------- Instantiating /home/travis/build/icyphy/ptII/ptolemy/actor/lib/hoc/test/auto/IterateOverArray7.xml
10 ms. Memory: 150528K Free: 68952K (46%)
----------------- Invoking toplevel() on ptolemy.moml.MoMLSimpleApplication@20fbcf85
----------------- Done invoking toplevel() on ptolemy.moml.MoMLSimpleApplication@20fbcf85
reloadAllAccessors: .IterateOverArray7

===========================================================================================
----------------- testing Fri Aug 02 05:16:50 UTC 2019 /home/travis/build/icyphy/ptII/ptolemy/actor/lib/hoc/test/auto/IterateOverArray8.xml
----------------- Instantiating /home/travis/build/icyphy/ptII/ptolemy/actor/lib/hoc/test/auto/IterateOverArray8.xml
4 ms. Memory: 150528K Free: 65021K (43%)
----------------- Invoking toplevel() on ptolemy.moml.MoMLSimpleApplication@49e94324
----------------- Done invoking toplevel() on ptolemy.moml.MoMLSimpleApplication@49e94324
reloadAllAccessors: .IterateOverArray8

===========================================================================================
----------------- testing Fri Aug 02 05:16:50 UTC 2019 /home/travis/build/icyphy/ptII/ptolemy/actor/lib/hoc/test/auto/IterateOverArray9.xml
----------------- Instantiating /home/travis/build/icyphy/ptII/ptolemy/actor/lib/hoc/test/auto/IterateOverArray9.xml
7 ms. Memory: 150528K Free: 60925K (40%)
----------------- Invoking toplevel() on ptolemy.moml.MoMLSimpleApplication@251c810c
----------------- Done invoking toplevel() on ptolemy.moml.MoMLSimpleApplication@251c810c
reloadAllAccessors: .IterateOverArray9

===========================================================================================
----------------- testing Fri Aug 02 05:16:50 UTC 2019 /home/travis/build/icyphy/ptII/ptolemy/actor/lib/hoc/test/auto/IterateOverArrayCoercedOutputType.xml
----------------- Instantiating /home/travis/build/icyphy/ptII/ptolemy/actor/lib/hoc/test/auto/IterateOverArrayCoercedOutputType.xml
7 ms. Memory: 150528K Free: 55821K (37%)
----------------- Invoking toplevel() on ptolemy.moml.MoMLSimpleApplication@41a9ce58
----------------- Done invoking toplevel() on ptolemy.moml.MoMLSimpleApplication@41a9ce58
reloadAllAccessors: .IterateOverArrayCoercedOutputType

===========================================================================================
----------------- testing Fri Aug 02 05:16:50 UTC 2019 /home/travis/build/icyphy/ptII/ptolemy/actor/lib/hoc/test/auto/IterateOverArrayInferredOutputType.xml
----------------- Instantiating /home/travis/build/icyphy/ptII/ptolemy/actor/lib/hoc/test/auto/IterateOverArrayInferredOutputType.xml
5 ms. Memory: 150528K Free: 135199K (90%)
----------------- Invoking toplevel() on ptolemy.moml.MoMLSimpleApplication@1aacac7e
----------------- Done invoking toplevel() on ptolemy.moml.MoMLSimpleApplication@1aacac7e
reloadAllAccessors: .IterateOverArrayInferredOutputType

===========================================================================================
----------------- testing Fri Aug 02 05:16:50 UTC 2019 /home/travis/build/icyphy/ptII/ptolemy/actor/lib/hoc/test/auto/MobileFunctionTest.xml
----------------- Instantiating /home/travis/build/icyphy/ptII/ptolemy/actor/lib/hoc/test/auto/MobileFunctionTest.xml
4 ms. Memory: 150528K Free: 130559K (87%)
----------------- Invoking toplevel() on ptolemy.moml.MoMLSimpleApplication@4f414af9
----------------- Done invoking toplevel() on ptolemy.moml.MoMLSimpleApplication@4f414af9
reloadAllAccessors: .MobileFunctionTest

===========================================================================================
----------------- testing Fri Aug 02 05:16:50 UTC 2019 /home/travis/build/icyphy/ptII/ptolemy/actor/lib/hoc/test/auto/MobileModelTest.xml
----------------- Instantiating /home/travis/build/icyphy/ptII/ptolemy/actor/lib/hoc/test/auto/MobileModelTest.xml
185 ms. Memory: 150528K Free: 109599K (73%)
----------------- Invoking toplevel() on ptolemy.moml.MoMLSimpleApplication@51ec108d
----------------- Done invoking toplevel() on ptolemy.moml.MoMLSimpleApplication@51ec108d
reloadAllAccessors: .MobileModelTest

===========================================================================================
----------------- testing Fri Aug 02 05:16:50 UTC 2019 /home/travis/build/icyphy/ptII/ptolemy/actor/lib/hoc/test/auto/ModelReference.xml
----------------- Instantiating /home/travis/build/icyphy/ptII/ptolemy/actor/lib/hoc/test/auto/ModelReference.xml
3 ms. Memory: 150528K Free: 102941K (68%)
5 ms. Memory: 150528K Free: 102431K (68%)
2 ms. Memory: 150528K Free: 101407K (67%)
2 ms. Memory: 150528K Free: 100383K (67%)
3 ms. Memory: 150528K Free: 99855K (66%)
2 ms. Memory: 150528K Free: 98845K (66%)
1 ms. Memory: 150528K Free: 98335K (65%)
2 ms. Memory: 150528K Free: 97311K (65%)
3 ms. Memory: 150528K Free: 96287K (64%)
2 ms. Memory: 150528K Free: 95759K (64%)
32 ms. Memory: 150528K Free: 95759K (64%)
----------------- Invoking toplevel() on ptolemy.moml.MoMLSimpleApplication@764fb1fe
----------------- Done invoking toplevel() on ptolemy.moml.MoMLSimpleApplication@764fb1fe
reloadAllAccessors: .ModelReference

===========================================================================================
----------------- testing Fri Aug 02 05:16:50 UTC 2019 /home/travis/build/icyphy/ptII/ptolemy/actor/lib/hoc/test/auto/ModelReference3.xml
----------------- Instantiating /home/travis/build/icyphy/ptII/ptolemy/actor/lib/hoc/test/auto/ModelReference3.xml
2 ms. Memory: 150528K Free: 90623K (60%)
6 ms. Memory: 150528K Free: 90143K (60%)
2 ms. Memory: 150528K Free: 89119K (59%)
4 ms. Memory: 150528K Free: 88575K (59%)
3 ms. Memory: 150528K Free: 87567K (58%)
1 ms. Memory: 150528K Free: 86543K (57%)
4 ms. Memory: 150528K Free: 86047K (57%)
4 ms. Memory: 150528K Free: 85023K (56%)
2 ms. Memory: 150528K Free: 84495K (56%)
1 ms. Memory: 150528K Free: 83471K (55%)
35 ms. Memory: 150528K Free: 83471K (55%)
----------------- Invoking toplevel() on ptolemy.moml.MoMLSimpleApplication@46e4868
----------------- Done invoking toplevel() on ptolemy.moml.MoMLSimpleApplication@46e4868
reloadAllAccessors: .ModelReference3

===========================================================================================
----------------- testing Fri Aug 02 05:16:50 UTC 2019 /home/travis/build/icyphy/ptII/ptolemy/actor/lib/hoc/test/auto/ModelReference4.xml
----------------- Instantiating /home/travis/build/icyphy/ptII/ptolemy/actor/lib/hoc/test/auto/ModelReference4.xml
5 ms. Memory: 150528K Free: 78879K (52%)
5 ms. Memory: 150528K Free: 77335K (51%)
2 ms. Memory: 150528K Free: 76303K (51%)
2 ms. Memory: 150528K Free: 75293K (50%)
2 ms. Memory: 150528K Free: 73759K (49%)
6 ms. Memory: 150528K Free: 72735K (48%)
3 ms. Memory: 150528K Free: 71191K (47%)
3 ms. Memory: 150528K Free: 70159K (47%)
2 ms. Memory: 150528K Free: 68639K (46%)
2 ms. Memory: 150528K Free: 67615K (45%)
10019 ms. Memory: 150528K Free: 67615K (45%)
----------------- Invoking toplevel() on ptolemy.moml.MoMLSimpleApplication@421538fe
----------------- Done invoking toplevel() on ptolemy.moml.MoMLSimpleApplication@421538fe
reloadAllAccessors: .ModelReference4

===========================================================================================
----------------- testing Fri Aug 02 05:17:00 UTC 2019 /home/travis/build/icyphy/ptII/ptolemy/actor/lib/hoc/test/auto/MultiInstanceComposite.xml
----------------- Instantiating /home/travis/build/icyphy/ptII/ptolemy/actor/lib/hoc/test/auto/MultiInstanceComposite.xml
28 ms. Memory: 150528K Free: 48669K (32%)
----------------- Invoking toplevel() on ptolemy.moml.MoMLSimpleApplication@62a2b94d
----------------- Done invoking toplevel() on ptolemy.moml.MoMLSimpleApplication@62a2b94d
reloadAllAccessors: .MultiInstanceComposite

===========================================================================================
----------------- testing Fri Aug 02 05:17:00 UTC 2019 /home/travis/build/icyphy/ptII/ptolemy/actor/lib/hoc/test/auto/MultiInstanceComposite2.xml
----------------- Instantiating /home/travis/build/icyphy/ptII/ptolemy/actor/lib/hoc/test/auto/MultiInstanceComposite2.xml
22 ms. Memory: 150528K Free: 125222K (83%)
----------------- Invoking toplevel() on ptolemy.moml.MoMLSimpleApplication@7fc3da14
----------------- Done invoking toplevel() on ptolemy.moml.MoMLSimpleApplication@7fc3da14
reloadAllAccessors: .MultiInstanceComposite2

===========================================================================================
----------------- testing Fri Aug 02 05:17:00 UTC 2019 /home/travis/build/icyphy/ptII/ptolemy/actor/lib/hoc/test/auto/MulticoreExecution.xml
----------------- Instantiating /home/travis/build/icyphy/ptII/ptolemy/actor/lib/hoc/test/auto/MulticoreExecution.xml
Fired ExecutionTime: 4000000
Fired ExecutionTime: 2000000
Fired ExecutionTime: 2800000
Fired ExecutionTime: 2800000
Fired ExecutionTime: 2800000
Fired ExecutionTime: 2800000
Fired ExecutionTime: 22400000
Fired ExecutionTime: 31200000
Fired ExecutionTime: 34800000
Fired ExecutionTime: 32000000
Fired ExecutionTime: 37600000
Fired ExecutionTime: 58400000
Fired ExecutionTime: 88400000
Fired ExecutionTime: 87200000
Fired ExecutionTime: 88400000
Fired ExecutionTime: 93600000
Fired ExecutionTime: 91200000
Fired ExecutionTime: 90800000
Fired ExecutionTime: 85200000
Fired ExecutionTime: 87200000
1112 ms. Memory: 150528K Free: 116006K (77%)
----------------- Invoking toplevel() on ptolemy.moml.MoMLSimpleApplication@3070cf2f
----------------- Done invoking toplevel() on ptolemy.moml.MoMLSimpleApplication@3070cf2f
reloadAllAccessors: .MulticoreExecution

===========================================================================================
----------------- testing Fri Aug 02 05:17:01 UTC 2019 /home/travis/build/icyphy/ptII/ptolemy/actor/lib/hoc/test/auto/ParallelExecution.xml
----------------- Instantiating /home/travis/build/icyphy/ptII/ptolemy/actor/lib/hoc/test/auto/ParallelExecution.xml
917 ms. Memory: 150528K Free: 108328K (72%)
----------------- Invoking toplevel() on ptolemy.moml.MoMLSimpleApplication@2b6ecfce
----------------- Done invoking toplevel() on ptolemy.moml.MoMLSimpleApplication@2b6ecfce
reloadAllAccessors: .ParallelExecution

===========================================================================================
----------------- testing Fri Aug 02 05:17:02 UTC 2019 /home/travis/build/icyphy/ptII/ptolemy/actor/lib/hoc/test/auto/RunCompositeActor.xml
----------------- Instantiating /home/travis/build/icyphy/ptII/ptolemy/actor/lib/hoc/test/auto/RunCompositeActor.xml
8 ms. Memory: 150528K Free: 101160K (67%)
----------------- Invoking toplevel() on ptolemy.moml.MoMLSimpleApplication@9071124
----------------- Done invoking toplevel() on ptolemy.moml.MoMLSimpleApplication@9071124
reloadAllAccessors: .RunCompositeActor

===========================================================================================
----------------- testing Fri Aug 02 05:17:02 UTC 2019 /home/travis/build/icyphy/ptII/ptolemy/actor/lib/hoc/test/auto/RunCompositeActor2.xml
----------------- Instantiating /home/travis/build/icyphy/ptII/ptolemy/actor/lib/hoc/test/auto/RunCompositeActor2.xml
9 ms. Memory: 150528K Free: 95016K (63%)
----------------- Invoking toplevel() on ptolemy.moml.MoMLSimpleApplication@412f679e
----------------- Done invoking toplevel() on ptolemy.moml.MoMLSimpleApplication@412f679e
reloadAllAccessors: .RunCompositeActor2

===========================================================================================
----------------- testing Fri Aug 02 05:17:02 UTC 2019 /home/travis/build/icyphy/ptII/ptolemy/actor/lib/hoc/test/auto/RunCompositeActor3.xml
----------------- Instantiating /home/travis/build/icyphy/ptII/ptolemy/actor/lib/hoc/test/auto/RunCompositeActor3.xml
4 ms. Memory: 150528K Free: 89368K (59%)
----------------- Invoking toplevel() on ptolemy.moml.MoMLSimpleApplication@5f5baa78
----------------- Done invoking toplevel() on ptolemy.moml.MoMLSimpleApplication@5f5baa78
reloadAllAccessors: .RunCompositeActor3

===========================================================================================
----------------- testing Fri Aug 02 05:17:02 UTC 2019 /home/travis/build/icyphy/ptII/ptolemy/actor/lib/hoc/test/auto/RunCompositeActor4.xml
----------------- Instantiating /home/travis/build/icyphy/ptII/ptolemy/actor/lib/hoc/test/auto/RunCompositeActor4.xml
12 ms. Memory: 150528K Free: 81176K (54%)
----------------- Invoking toplevel() on ptolemy.moml.MoMLSimpleApplication@38356550
----------------- Done invoking toplevel() on ptolemy.moml.MoMLSimpleApplication@38356550
reloadAllAccessors: .RunCompositeActor4

===========================================================================================
----------------- testing Fri Aug 02 05:17:02 UTC 2019 /home/travis/build/icyphy/ptII/ptolemy/actor/lib/hoc/test/auto/RunCompositeIterateOverArray.xml
----------------- Instantiating /home/travis/build/icyphy/ptII/ptolemy/actor/lib/hoc/test/auto/RunCompositeIterateOverArray.xml
7 ms. Memory: 150528K Free: 75046K (50%)
----------------- Invoking toplevel() on ptolemy.moml.MoMLSimpleApplication@1deec74a
----------------- Done invoking toplevel() on ptolemy.moml.MoMLSimpleApplication@1deec74a
reloadAllAccessors: .RunCompositeIterateOverArray

===========================================================================================
----------------- testing Fri Aug 02 05:17:02 UTC 2019 /home/travis/build/icyphy/ptII/ptolemy/actor/lib/hoc/test/auto/ThreadedJS.xml
----------------- Instantiating /home/travis/build/icyphy/ptII/ptolemy/actor/lib/hoc/test/auto/ThreadedJS.xml
6522 ms. Memory: 262144K Free: 204798K (78%)
----------------- Invoking toplevel() on ptolemy.moml.MoMLSimpleApplication@1abae9e3
----------------- Done invoking toplevel() on ptolemy.moml.MoMLSimpleApplication@1abae9e3
reloadAllAccessors: .ThreadedJS
AutoTests.java: About to close Vertx.
AutoTests.java: Vertx closed.
]]></system-out>
  <system-err><![CDATA[java.lang.RuntimeException: Execution failed
	at ptolemy.moml.MoMLSimpleApplication$UnloadThread.run(MoMLSimpleApplication.java:402)
Caused by: ptolemy.kernel.util.IllegalActionException: initialize() was called after wrapup() was called but preinitialize() was not called after wrapup().
	at ptolemy.actor.lib.hoc.test.PreinitializeMustBeInvoked.initialize(PreinitializeMustBeInvoked.java:78)
	at ptolemy.actor.Director.initialize(Director.java:938)
	at ptolemy.actor.Director.initialize(Director.java:907)
	at ptolemy.actor.sched.StaticSchedulingDirector.initialize(StaticSchedulingDirector.java:159)
	at ptolemy.domains.sdf.kernel.SDFDirector.initialize(SDFDirector.java:544)
	at ptolemy.actor.CompositeActor.initialize(CompositeActor.java:935)
	at ptolemy.actor.lib.hoc.LifeCycleManager._executeInsideModel(LifeCycleManager.java:339)
	at ptolemy.actor.lib.hoc.RunCompositeActor.fire(RunCompositeActor.java:205)
	at ptolemy.actor.CompositeActor.iterate(CompositeActor.java:1146)
	at ptolemy.actor.sched.StaticSchedulingDirector.fire(StaticSchedulingDirector.java:216)
	at ptolemy.domains.sdf.kernel.SDFDirector.fire(SDFDirector.java:500)
	at ptolemy.actor.CompositeActor.fire(CompositeActor.java:455)
	at ptolemy.actor.Manager.iterate(Manager.java:851)
	at ptolemy.actor.Manager.execute(Manager.java:369)
	at ptolemy.actor.Manager.run(Manager.java:1263)
	at ptolemy.actor.Manager$PtolemyRunThread.run(Manager.java:1933)
java.lang.reflect.InvocationTargetException
	at java.base/jdk.internal.reflect.NativeConstructorAccessorImpl.newInstance0(Native Method)
	at java.base/jdk.internal.reflect.NativeConstructorAccessorImpl.newInstance(NativeConstructorAccessorImpl.java:62)
	at java.base/jdk.internal.reflect.DelegatingConstructorAccessorImpl.newInstance(DelegatingConstructorAccessorImpl.java:45)
	at java.base/java.lang.reflect.Constructor.newInstance(Constructor.java:490)
	at ptolemy.util.test.junit.AutoKnownFailedTests.RunModel(AutoKnownFailedTests.java:105)
	at java.base/jdk.internal.reflect.NativeMethodAccessorImpl.invoke0(Native Method)
	at java.base/jdk.internal.reflect.NativeMethodAccessorImpl.invoke(NativeMethodAccessorImpl.java:62)
	at java.base/jdk.internal.reflect.DelegatingMethodAccessorImpl.invoke(DelegatingMethodAccessorImpl.java:43)
	at java.base/java.lang.reflect.Method.invoke(Method.java:566)
	at org.junit.runners.model.FrameworkMethod$1.runReflectiveCall(FrameworkMethod.java:44)
	at org.junit.internal.runners.model.ReflectiveCallable.run(ReflectiveCallable.java:15)
	at org.junit.runners.model.FrameworkMethod.invokeExplosively(FrameworkMethod.java:41)
	at junitparams.internal.InvokeParameterisedMethod.evaluate(InvokeParameterisedMethod.java:102)
	at org.junit.internal.runners.statements.FailOnTimeout$1.run(FailOnTimeout.java:28)
Caused by: ptolemy.kernel.util.IllegalActionException: initialize() was called after wrapup() was called but preinitialize() was not called after wrapup().
	at ptolemy.actor.lib.hoc.test.PreinitializeMustBeInvoked.initialize(PreinitializeMustBeInvoked.java:78)
	at ptolemy.actor.Director.initialize(Director.java:938)
	at ptolemy.actor.Director.initialize(Director.java:907)
	at ptolemy.actor.sched.StaticSchedulingDirector.initialize(StaticSchedulingDirector.java:159)
	at ptolemy.domains.sdf.kernel.SDFDirector.initialize(SDFDirector.java:544)
	at ptolemy.actor.CompositeActor.initialize(CompositeActor.java:935)
	at ptolemy.actor.lib.hoc.LifeCycleManager._executeInsideModel(LifeCycleManager.java:339)
	at ptolemy.actor.lib.hoc.RunCompositeActor.fire(RunCompositeActor.java:205)
	at ptolemy.actor.CompositeActor.iterate(CompositeActor.java:1146)
	at ptolemy.actor.sched.StaticSchedulingDirector.fire(StaticSchedulingDirector.java:216)
	at ptolemy.domains.sdf.kernel.SDFDirector.fire(SDFDirector.java:500)
	at ptolemy.actor.CompositeActor.fire(CompositeActor.java:455)
	at ptolemy.actor.Manager.iterate(Manager.java:851)
	at ptolemy.actor.Manager.execute(Manager.java:369)
	at ptolemy.actor.Manager.run(Manager.java:1263)
	at ptolemy.actor.Manager$PtolemyRunThread.run(Manager.java:1933)
Warning: Nashorn engine is planned to be removed from a future JDK release
Warning: Nashorn engine is planned to be removed from a future JDK release
Warning: Nashorn engine is planned to be removed from a future JDK release
Warning: Nashorn engine is planned to be removed from a future JDK release
Warning: Nashorn engine is planned to be removed from a future JDK release
Warning: Nashorn engine is planned to be removed from a future JDK release
Warning: Nashorn engine is planned to be removed from a future JDK release
Warning: Nashorn engine is planned to be removed from a future JDK release
]]></system-err>
</testsuite>
