<?xml version="1.0" encoding="UTF-8" ?>
<testsuite errors="0" failures="0" hostname="travis-job-8d4eecc5-47dc-4b87-8647-e59a288c2653" name="ptolemy.domains.sdf.lib.test.junit.JUnitTclTest" skipped="0" tests="82" time="8.248" timestamp="2020-05-31T15:06:56">
  <properties>
[...]
</properties>
  <testcase classname="ptolemy.util.test.junit.TclTests" name="[0] /home/travis/build/icyphy/ptII/ptolemy/domains/sdf/lib/test/ArrayToSequence.tcl (RunTclFile)" time="0.627" />
  <testcase classname="ptolemy.util.test.junit.TclTests" name="[1] /home/travis/build/icyphy/ptII/ptolemy/domains/sdf/lib/test/BitsToInt.tcl (RunTclFile)" time="0.032" />
  <testcase classname="ptolemy.util.test.junit.TclTests" name="[2] /home/travis/build/icyphy/ptII/ptolemy/domains/sdf/lib/test/DelayLine.tcl (RunTclFile)" time="0.02" />
  <testcase classname="ptolemy.util.test.junit.TclTests" name="[3] /home/travis/build/icyphy/ptII/ptolemy/domains/sdf/lib/test/FFT.tcl (RunTclFile)" time="0.016" />
  <testcase classname="ptolemy.util.test.junit.TclTests" name="[4] /home/travis/build/icyphy/ptII/ptolemy/domains/sdf/lib/test/FIR.tcl (RunTclFile)" time="0.172" />
  <testcase classname="ptolemy.util.test.junit.TclTests" name="[5] /home/travis/build/icyphy/ptII/ptolemy/domains/sdf/lib/test/IntToBits.tcl (RunTclFile)" time="0.055" />
  <testcase classname="ptolemy.util.test.junit.TclTests" name="[6] /home/travis/build/icyphy/ptII/ptolemy/domains/sdf/lib/test/MaximumEntropySpectrum.tcl (RunTclFile)" time="0.263" />
  <testcase classname="ptolemy.util.test.junit.TclTests" name="[7] /home/travis/build/icyphy/ptII/ptolemy/domains/sdf/lib/test/Repeat.tcl (RunTclFile)" time="0.06" />
  <testcase classname="ptolemy.util.test.junit.TclTests" name="[8] /home/travis/build/icyphy/ptII/ptolemy/domains/sdf/lib/test/SampleDelay.tcl (RunTclFile)" time="0.08" />
  <testcase classname="ptolemy.util.test.junit.TclTests" name="[9] /home/travis/build/icyphy/ptII/ptolemy/domains/sdf/lib/test/SequenceToArray.tcl (RunTclFile)" time="0.065" />
  <testcase classname="ptolemy.util.test.junit.AutoKnownFailedTests" name="[0] ThereAreNoKnowFailedTests (RunModel)" time="0.005" />
  <testcase classname="ptolemy.util.test.junit.AutoNameArchTests" name="[0] ThereAreNoAutoArchTests (RunModel)" time="0.004" />
  <testcase classname="ptolemy.util.test.junit.AutoTests" name="[0] /home/travis/build/icyphy/ptII/ptolemy/domains/sdf/lib/test/auto/ArrayToSequence.xml (RunModel)" time="0.225" />
  <testcase classname="ptolemy.util.test.junit.AutoTests" name="[1] /home/travis/build/icyphy/ptII/ptolemy/domains/sdf/lib/test/auto/ArrayToSequenceTest.xml (RunModel)" time="0.06" />
  <testcase classname="ptolemy.util.test.junit.AutoTests" name="[2] /home/travis/build/icyphy/ptII/ptolemy/domains/sdf/lib/test/auto/Autocorrelation.xml (RunModel)" time="0.033" />
  <testcase classname="ptolemy.util.test.junit.AutoTests" name="[3] /home/travis/build/icyphy/ptII/ptolemy/domains/sdf/lib/test/auto/Autocorrelation2.xml (RunModel)" time="0.027" />
  <testcase classname="ptolemy.util.test.junit.AutoTests" name="[4] /home/travis/build/icyphy/ptII/ptolemy/domains/sdf/lib/test/auto/Autocorrelation3.xml (RunModel)" time="0.026" />
  <testcase classname="ptolemy.util.test.junit.AutoTests" name="[5] /home/travis/build/icyphy/ptII/ptolemy/domains/sdf/lib/test/auto/Autocorrelation4.xml (RunModel)" time="0.023" />
  <testcase classname="ptolemy.util.test.junit.AutoTests" name="[6] /home/travis/build/icyphy/ptII/ptolemy/domains/sdf/lib/test/auto/Autocorrelation5.xml (RunModel)" time="0.115" />
  <testcase classname="ptolemy.util.test.junit.AutoTests" name="[7] /home/travis/build/icyphy/ptII/ptolemy/domains/sdf/lib/test/auto/BitsToInt.xml (RunModel)" time="0.038" />
  <testcase classname="ptolemy.util.test.junit.AutoTests" name="[8] /home/travis/build/icyphy/ptII/ptolemy/domains/sdf/lib/test/auto/BooleanJoin.xml (RunModel)" time="0.046" />
  <testcase classname="ptolemy.util.test.junit.AutoTests" name="[9] /home/travis/build/icyphy/ptII/ptolemy/domains/sdf/lib/test/auto/BootstrapSampleDelay.xml (RunModel)" time="0.051" />
  <testcase classname="ptolemy.util.test.junit.AutoTests" name="[10] /home/travis/build/icyphy/ptII/ptolemy/domains/sdf/lib/test/auto/Chop.xml (RunModel)" time="0.059" />
  <testcase classname="ptolemy.util.test.junit.AutoTests" name="[11] /home/travis/build/icyphy/ptII/ptolemy/domains/sdf/lib/test/auto/Chop2.xml (RunModel)" time="0.051" />
  <testcase classname="ptolemy.util.test.junit.AutoTests" name="[12] /home/travis/build/icyphy/ptII/ptolemy/domains/sdf/lib/test/auto/ComplexJoin.xml (RunModel)" time="0.037" />
  <testcase classname="ptolemy.util.test.junit.AutoTests" name="[13] /home/travis/build/icyphy/ptII/ptolemy/domains/sdf/lib/test/auto/CountTrues.xml (RunModel)" time="0.037" />
  <testcase classname="ptolemy.util.test.junit.AutoTests" name="[14] /home/travis/build/icyphy/ptII/ptolemy/domains/sdf/lib/test/auto/DelayLine.xml (RunModel)" time="0.044" />
  <testcase classname="ptolemy.util.test.junit.AutoTests" name="[15] /home/travis/build/icyphy/ptII/ptolemy/domains/sdf/lib/test/auto/DotProduct.xml (RunModel)" time="0.017" />
  <testcase classname="ptolemy.util.test.junit.AutoTests" name="[16] /home/travis/build/icyphy/ptII/ptolemy/domains/sdf/lib/test/auto/DotProductMatrix.xml (RunModel)" time="0.013" />
  <testcase classname="ptolemy.util.test.junit.AutoTests" name="[17] /home/travis/build/icyphy/ptII/ptolemy/domains/sdf/lib/test/auto/DownSample1.xml (RunModel)" time="0.028" />
  <testcase classname="ptolemy.util.test.junit.AutoTests" name="[18] /home/travis/build/icyphy/ptII/ptolemy/domains/sdf/lib/test/auto/DynamicRateChange.xml (RunModel)" time="0.035" />
  <testcase classname="ptolemy.util.test.junit.AutoTests" name="[19] /home/travis/build/icyphy/ptII/ptolemy/domains/sdf/lib/test/auto/DynamicRates.xml (RunModel)" time="0.041" />
  <testcase classname="ptolemy.util.test.junit.AutoTests" name="[20] /home/travis/build/icyphy/ptII/ptolemy/domains/sdf/lib/test/auto/FFT1.xml (RunModel)" time="0.022" />
  <testcase classname="ptolemy.util.test.junit.AutoTests" name="[21] /home/travis/build/icyphy/ptII/ptolemy/domains/sdf/lib/test/auto/FIR1.xml (RunModel)" time="0.064" />
  <testcase classname="ptolemy.util.test.junit.AutoTests" name="[22] /home/travis/build/icyphy/ptII/ptolemy/domains/sdf/lib/test/auto/FIR2.xml (RunModel)" time="0.022" />
  <testcase classname="ptolemy.util.test.junit.AutoTests" name="[23] /home/travis/build/icyphy/ptII/ptolemy/domains/sdf/lib/test/auto/FIR4.xml (RunModel)" time="0.076" />
  <testcase classname="ptolemy.util.test.junit.AutoTests" name="[24] /home/travis/build/icyphy/ptII/ptolemy/domains/sdf/lib/test/auto/FixJoin.xml (RunModel)" time="0.058" />
  <testcase classname="ptolemy.util.test.junit.AutoTests" name="[25] /home/travis/build/icyphy/ptII/ptolemy/domains/sdf/lib/test/auto/IntJoin1.xml (RunModel)" time="0.017" />
  <testcase classname="ptolemy.util.test.junit.AutoTests" name="[26] /home/travis/build/icyphy/ptII/ptolemy/domains/sdf/lib/test/auto/IntJoin2.xml (RunModel)" time="0.022" />
  <testcase classname="ptolemy.util.test.junit.AutoTests" name="[27] /home/travis/build/icyphy/ptII/ptolemy/domains/sdf/lib/test/auto/IntJoin3.xml (RunModel)" time="0.019" />
  <testcase classname="ptolemy.util.test.junit.AutoTests" name="[28] /home/travis/build/icyphy/ptII/ptolemy/domains/sdf/lib/test/auto/IntJoin4.xml (RunModel)" time="0.026" />
  <testcase classname="ptolemy.util.test.junit.AutoTests" name="[29] /home/travis/build/icyphy/ptII/ptolemy/domains/sdf/lib/test/auto/IntJoin5.xml (RunModel)" time="0.029" />
  <testcase classname="ptolemy.util.test.junit.AutoTests" name="[30] /home/travis/build/icyphy/ptII/ptolemy/domains/sdf/lib/test/auto/IntToBits.xml (RunModel)" time="0.03" />
  <testcase classname="ptolemy.util.test.junit.AutoTests" name="[31] /home/travis/build/icyphy/ptII/ptolemy/domains/sdf/lib/test/auto/LMSAdaptive.xml (RunModel)" time="0.06" />
  <testcase classname="ptolemy.util.test.junit.AutoTests" name="[32] /home/travis/build/icyphy/ptII/ptolemy/domains/sdf/lib/test/auto/LMSAdaptiveFIR.xml (RunModel)" time="0.383" />
  <testcase classname="ptolemy.util.test.junit.AutoTests" name="[33] /home/travis/build/icyphy/ptII/ptolemy/domains/sdf/lib/test/auto/LMSAdaptiveFIR2.xml (RunModel)" time="0.45" />
  <testcase classname="ptolemy.util.test.junit.AutoTests" name="[34] /home/travis/build/icyphy/ptII/ptolemy/domains/sdf/lib/test/auto/LongJoin.xml (RunModel)" time="0.04" />
  <testcase classname="ptolemy.util.test.junit.AutoTests" name="[35] /home/travis/build/icyphy/ptII/ptolemy/domains/sdf/lib/test/auto/Matrix1.xml (RunModel)" time="0.034" />
  <testcase classname="ptolemy.util.test.junit.AutoTests" name="[36] /home/travis/build/icyphy/ptII/ptolemy/domains/sdf/lib/test/auto/Matrix2.xml (RunModel)" time="0.025" />
  <testcase classname="ptolemy.util.test.junit.AutoTests" name="[37] /home/travis/build/icyphy/ptII/ptolemy/domains/sdf/lib/test/auto/MatrixJoin1.xml (RunModel)" time="0.037" />
  <testcase classname="ptolemy.util.test.junit.AutoTests" name="[38] /home/travis/build/icyphy/ptII/ptolemy/domains/sdf/lib/test/auto/MatrixJoin2.xml (RunModel)" time="0.02" />
  <testcase classname="ptolemy.util.test.junit.AutoTests" name="[39] /home/travis/build/icyphy/ptII/ptolemy/domains/sdf/lib/test/auto/MatrixJoin3.xml (RunModel)" time="0.025" />
  <testcase classname="ptolemy.util.test.junit.AutoTests" name="[40] /home/travis/build/icyphy/ptII/ptolemy/domains/sdf/lib/test/auto/MatrixJoin4.xml (RunModel)" time="0.016" />
  <testcase classname="ptolemy.util.test.junit.AutoTests" name="[41] /home/travis/build/icyphy/ptII/ptolemy/domains/sdf/lib/test/auto/MatrixJoin5.xml (RunModel)" time="0.015" />
  <testcase classname="ptolemy.util.test.junit.AutoTests" name="[42] /home/travis/build/icyphy/ptII/ptolemy/domains/sdf/lib/test/auto/MatrixSplit1.xml (RunModel)" time="0.024" />
  <testcase classname="ptolemy.util.test.junit.AutoTests" name="[43] /home/travis/build/icyphy/ptII/ptolemy/domains/sdf/lib/test/auto/MatrixSplit10.xml (RunModel)" time="0.014" />
  <testcase classname="ptolemy.util.test.junit.AutoTests" name="[44] /home/travis/build/icyphy/ptII/ptolemy/domains/sdf/lib/test/auto/MatrixSplit11.xml (RunModel)" time="0.012" />
  <testcase classname="ptolemy.util.test.junit.AutoTests" name="[45] /home/travis/build/icyphy/ptII/ptolemy/domains/sdf/lib/test/auto/MatrixSplit12.xml (RunModel)" time="0.015" />
  <testcase classname="ptolemy.util.test.junit.AutoTests" name="[46] /home/travis/build/icyphy/ptII/ptolemy/domains/sdf/lib/test/auto/MatrixSplit13.xml (RunModel)" time="0.025" />
  <testcase classname="ptolemy.util.test.junit.AutoTests" name="[47] /home/travis/build/icyphy/ptII/ptolemy/domains/sdf/lib/test/auto/MatrixSplit14.xml (RunModel)" time="0.013" />
  <testcase classname="ptolemy.util.test.junit.AutoTests" name="[48] /home/travis/build/icyphy/ptII/ptolemy/domains/sdf/lib/test/auto/MatrixSplit2.xml (RunModel)" time="0.012" />
  <testcase classname="ptolemy.util.test.junit.AutoTests" name="[49] /home/travis/build/icyphy/ptII/ptolemy/domains/sdf/lib/test/auto/MatrixSplit3.xml (RunModel)" time="0.014" />
  <testcase classname="ptolemy.util.test.junit.AutoTests" name="[50] /home/travis/build/icyphy/ptII/ptolemy/domains/sdf/lib/test/auto/MatrixSplit4.xml (RunModel)" time="0.012" />
  <testcase classname="ptolemy.util.test.junit.AutoTests" name="[51] /home/travis/build/icyphy/ptII/ptolemy/domains/sdf/lib/test/auto/MatrixSplit5.xml (RunModel)" time="0.023" />
  <testcase classname="ptolemy.util.test.junit.AutoTests" name="[52] /home/travis/build/icyphy/ptII/ptolemy/domains/sdf/lib/test/auto/MatrixSplit6.xml (RunModel)" time="0.016" />
  <testcase classname="ptolemy.util.test.junit.AutoTests" name="[53] /home/travis/build/icyphy/ptII/ptolemy/domains/sdf/lib/test/auto/MatrixSplit7.xml (RunModel)" time="0.013" />
  <testcase classname="ptolemy.util.test.junit.AutoTests" name="[54] /home/travis/build/icyphy/ptII/ptolemy/domains/sdf/lib/test/auto/MatrixSplit8.xml (RunModel)" time="0.013" />
  <testcase classname="ptolemy.util.test.junit.AutoTests" name="[55] /home/travis/build/icyphy/ptII/ptolemy/domains/sdf/lib/test/auto/MatrixSplit9.xml (RunModel)" time="0.025" />
  <testcase classname="ptolemy.util.test.junit.AutoTests" name="[56] /home/travis/build/icyphy/ptII/ptolemy/domains/sdf/lib/test/auto/MatrixToSequence.xml (RunModel)" time="0.036" />
  <testcase classname="ptolemy.util.test.junit.AutoTests" name="[57] /home/travis/build/icyphy/ptII/ptolemy/domains/sdf/lib/test/auto/MaximumEntropySpectrum.xml (RunModel)" time="0.097" />
  <testcase classname="ptolemy.util.test.junit.AutoTests" name="[58] /home/travis/build/icyphy/ptII/ptolemy/domains/sdf/lib/test/auto/SampleDelayConversion.xml (RunModel)" time="0.021" />
  <testcase classname="ptolemy.util.test.junit.AutoTests" name="[59] /home/travis/build/icyphy/ptII/ptolemy/domains/sdf/lib/test/auto/SequenceToArray.xml (RunModel)" time="0.041" />
  <testcase classname="ptolemy.util.test.junit.AutoTests" name="[60] /home/travis/build/icyphy/ptII/ptolemy/domains/sdf/lib/test/auto/SequenceToMatrix.xml (RunModel)" time="3.111" />
  <testcase classname="ptolemy.util.test.junit.AutoTests" name="[61] /home/travis/build/icyphy/ptII/ptolemy/domains/sdf/lib/test/auto/SmoothedPeriodogram.xml (RunModel)" time="0.042" />
  <testcase classname="ptolemy.util.test.junit.AutoTests" name="[62] /home/travis/build/icyphy/ptII/ptolemy/domains/sdf/lib/test/auto/UpDownSample1.xml (RunModel)" time="0.017" />
  <testcase classname="ptolemy.util.test.junit.AutoTests" name="[63] /home/travis/build/icyphy/ptII/ptolemy/domains/sdf/lib/test/auto/UpSample1.xml (RunModel)" time="0.01" />
  <testcase classname="ptolemy.util.test.junit.AutoTests" name="[64] /home/travis/build/icyphy/ptII/ptolemy/domains/sdf/lib/test/auto/VariableFIR.xml (RunModel)" time="0.029" />
  <testcase classname="ptolemy.util.test.junit.AutoTests" name="[65] /home/travis/build/icyphy/ptII/ptolemy/domains/sdf/lib/test/auto/VariableFIR2.xml (RunModel)" time="0.021" />
  <testcase classname="ptolemy.util.test.junit.AutoTests" name="[66] /home/travis/build/icyphy/ptII/ptolemy/domains/sdf/lib/test/auto/VariableLattice.xml (RunModel)" time="0.026" />
  <testcase classname="ptolemy.util.test.junit.AutoTests" name="[67] /home/travis/build/icyphy/ptII/ptolemy/domains/sdf/lib/test/auto/VariableLattice2.xml (RunModel)" time="0.019" />
  <testcase classname="ptolemy.util.test.junit.AutoTests" name="[68] /home/travis/build/icyphy/ptII/ptolemy/domains/sdf/lib/test/auto/VariableRecursiveLattice.xml (RunModel)" time="0.023" />
  <testcase classname="ptolemy.util.test.junit.AutoTests" name="[69] /home/travis/build/icyphy/ptII/ptolemy/domains/sdf/lib/test/auto/VariableRecursiveLattice2.xml (RunModel)" time="0.013" />
  <system-out><![CDATA[/home/travis/build/icyphy/ptII/ptolemy/domains/sdf/lib/test/ArrayToSequence.tcl
testDefs.tcl: setting time out to 9000 seconds at Sun May 31 15:06:56 UTC 2020
96 ms. Memory: 129024K Free: 94152K (73%)
19 ms. Memory: 129024K Free: 92104K (71%)
23 ms. Memory: 129024K Free: 90056K (70%)
10 ms. Memory: 129024K Free: 89032K (69%)
/home/travis/build/icyphy/ptII/ptolemy/domains/sdf/lib/test/BitsToInt.tcl
9 ms. Memory: 129024K Free: 86984K (67%)
7 ms. Memory: 129024K Free: 85431K (66%)
/home/travis/build/icyphy/ptII/ptolemy/domains/sdf/lib/test/DelayLine.tcl
6 ms. Memory: 129024K Free: 83398K (65%)
/home/travis/build/icyphy/ptII/ptolemy/domains/sdf/lib/test/FFT.tcl
5 ms. Memory: 129024K Free: 81864K (63%)
/home/travis/build/icyphy/ptII/ptolemy/domains/sdf/lib/test/FIR.tcl
8 ms. Memory: 129024K Free: 79816K (62%)
78 ms. Memory: 129024K Free: 75720K (59%)
ptolemy.kernel.util.IllegalActionException: multiplyReverse method not supported between ptolemy.data.FixToken 'fix(-0.0625,6,2)' and ptolemy.data.IntToken '1' because the types are incomparable.
  in .top.FIRclone
Because:
multiplyReverse method not supported between ptolemy.data.FixToken 'fix(-0.0625,6,2)' and ptolemy.data.IntToken '1' because the types are incomparable.
39 ms. Memory: 129024K Free: 73158K (57%)
/home/travis/build/icyphy/ptII/ptolemy/domains/sdf/lib/test/IntToBits.tcl
11 ms. Memory: 129024K Free: 71624K (56%)
15 ms. Memory: 129024K Free: 70086K (54%)
/home/travis/build/icyphy/ptII/ptolemy/domains/sdf/lib/test/MaximumEntropySpectrum.tcl
/home/travis/build/icyphy/ptII/ptolemy/domains/sdf/lib/test/Repeat.tcl
14 ms. Memory: 129024K Free: 48072K (37%)
/home/travis/build/icyphy/ptII/ptolemy/domains/sdf/lib/test/SampleDelay.tcl
6 ms. Memory: 129024K Free: 112587K (87%)
12 ms. Memory: 129024K Free: 111563K (86%)
11 ms. Memory: 129024K Free: 111035K (86%)
3 ms. Memory: 129024K Free: 110025K (85%)
12 ms. Memory: 129024K Free: 109515K (85%)
2 ms. Memory: 129024K Free: 109001K (84%)
/home/travis/build/icyphy/ptII/ptolemy/domains/sdf/lib/test/SequenceToArray.tcl
4 ms. Memory: 129024K Free: 107467K (83%)
5 ms. Memory: 129024K Free: 106443K (82%)
12 ms. Memory: 129024K Free: 104905K (81%)
12 ms. Memory: 129024K Free: 103881K (81%)
05/31/20 03:06:58
Failed: 0  Total Tests: 41  ((Passed: 41, Newly Passed: 0)  Known Failed: 0) /home/travis/build/icyphy/ptII/ptolemy/domains/sdf/lib/test
No auto/knownFailedTests/*.xml tests in /home/travis/build/icyphy/ptII/ptolemy/domains/sdf/lib/test
No auto/linux-amd64/*.xml tests in /home/travis/build/icyphy/ptII/ptolemy/domains/sdf/lib/test
AutoTests.java: About to close Vertx.
AutoTests.java: Vertx closed.

===========================================================================================
----------------- testing Sun May 31 15:06:58 UTC 2020 /home/travis/build/icyphy/ptII/ptolemy/domains/sdf/lib/test/auto/ArrayToSequence.xml
----------------- Instantiating /home/travis/build/icyphy/ptII/ptolemy/domains/sdf/lib/test/auto/ArrayToSequence.xml
30 ms. Memory: 129024K Free: 92964K (72%)
----------------- Invoking toplevel() on ptolemy.moml.MoMLSimpleApplication@7fa72c57
----------------- Done invoking toplevel() on ptolemy.moml.MoMLSimpleApplication@7fa72c57
reloadAllAccessors: .ArrayToSequence

===========================================================================================
----------------- testing Sun May 31 15:06:58 UTC 2020 /home/travis/build/icyphy/ptII/ptolemy/domains/sdf/lib/test/auto/ArrayToSequenceTest.xml
----------------- Instantiating /home/travis/build/icyphy/ptII/ptolemy/domains/sdf/lib/test/auto/ArrayToSequenceTest.xml
14 ms. Memory: 129024K Free: 86581K (67%)
----------------- Invoking toplevel() on ptolemy.moml.MoMLSimpleApplication@6aa4bf55
----------------- Done invoking toplevel() on ptolemy.moml.MoMLSimpleApplication@6aa4bf55
reloadAllAccessors: .ArrayToSequenceTest

===========================================================================================
----------------- testing Sun May 31 15:06:58 UTC 2020 /home/travis/build/icyphy/ptII/ptolemy/domains/sdf/lib/test/auto/Autocorrelation.xml
----------------- Instantiating /home/travis/build/icyphy/ptII/ptolemy/domains/sdf/lib/test/auto/Autocorrelation.xml
4 ms. Memory: 129024K Free: 110702K (86%)
----------------- Invoking toplevel() on ptolemy.moml.MoMLSimpleApplication@ab3a7f5
----------------- Done invoking toplevel() on ptolemy.moml.MoMLSimpleApplication@ab3a7f5
reloadAllAccessors: .Autocorrelation

===========================================================================================
----------------- testing Sun May 31 15:06:58 UTC 2020 /home/travis/build/icyphy/ptII/ptolemy/domains/sdf/lib/test/auto/Autocorrelation2.xml
----------------- Instantiating /home/travis/build/icyphy/ptII/ptolemy/domains/sdf/lib/test/auto/Autocorrelation2.xml
4 ms. Memory: 129024K Free: 106303K (82%)
----------------- Invoking toplevel() on ptolemy.moml.MoMLSimpleApplication@708cadb1
----------------- Done invoking toplevel() on ptolemy.moml.MoMLSimpleApplication@708cadb1
reloadAllAccessors: .Autocorrelation2

===========================================================================================
----------------- testing Sun May 31 15:06:58 UTC 2020 /home/travis/build/icyphy/ptII/ptolemy/domains/sdf/lib/test/auto/Autocorrelation3.xml
----------------- Instantiating /home/travis/build/icyphy/ptII/ptolemy/domains/sdf/lib/test/auto/Autocorrelation3.xml
3 ms. Memory: 129024K Free: 102504K (79%)
----------------- Invoking toplevel() on ptolemy.moml.MoMLSimpleApplication@5cb9ffec
----------------- Done invoking toplevel() on ptolemy.moml.MoMLSimpleApplication@5cb9ffec
reloadAllAccessors: .Autocorrelation3

===========================================================================================
----------------- testing Sun May 31 15:06:58 UTC 2020 /home/travis/build/icyphy/ptII/ptolemy/domains/sdf/lib/test/auto/Autocorrelation4.xml
----------------- Instantiating /home/travis/build/icyphy/ptII/ptolemy/domains/sdf/lib/test/auto/Autocorrelation4.xml
4 ms. Memory: 129024K Free: 98103K (76%)
----------------- Invoking toplevel() on ptolemy.moml.MoMLSimpleApplication@d391b8
----------------- Done invoking toplevel() on ptolemy.moml.MoMLSimpleApplication@d391b8
reloadAllAccessors: .Autocorrelation4

===========================================================================================
----------------- testing Sun May 31 15:06:58 UTC 2020 /home/travis/build/icyphy/ptII/ptolemy/domains/sdf/lib/test/auto/Autocorrelation5.xml
----------------- Instantiating /home/travis/build/icyphy/ptII/ptolemy/domains/sdf/lib/test/auto/Autocorrelation5.xml
48 ms. Memory: 129024K Free: 91557K (71%)
----------------- Invoking toplevel() on ptolemy.moml.MoMLSimpleApplication@613ba14
----------------- Done invoking toplevel() on ptolemy.moml.MoMLSimpleApplication@613ba14
reloadAllAccessors: .Autocorrelation5

===========================================================================================
----------------- testing Sun May 31 15:06:58 UTC 2020 /home/travis/build/icyphy/ptII/ptolemy/domains/sdf/lib/test/auto/BitsToInt.xml
----------------- Instantiating /home/travis/build/icyphy/ptII/ptolemy/domains/sdf/lib/test/auto/BitsToInt.xml
2 ms. Memory: 129024K Free: 88225K (68%)
----------------- Invoking toplevel() on ptolemy.moml.MoMLSimpleApplication@43a3a7bd
----------------- Done invoking toplevel() on ptolemy.moml.MoMLSimpleApplication@43a3a7bd
reloadAllAccessors: .BitsToInt

===========================================================================================
----------------- testing Sun May 31 15:06:59 UTC 2020 /home/travis/build/icyphy/ptII/ptolemy/domains/sdf/lib/test/auto/BooleanJoin.xml
----------------- Instantiating /home/travis/build/icyphy/ptII/ptolemy/domains/sdf/lib/test/auto/BooleanJoin.xml
13 ms. Memory: 129024K Free: 84116K (65%)
----------------- Invoking toplevel() on ptolemy.moml.MoMLSimpleApplication@57734bef
----------------- Done invoking toplevel() on ptolemy.moml.MoMLSimpleApplication@57734bef
reloadAllAccessors: .BooleanJoin

===========================================================================================
----------------- testing Sun May 31 15:06:59 UTC 2020 /home/travis/build/icyphy/ptII/ptolemy/domains/sdf/lib/test/auto/BootstrapSampleDelay.xml
----------------- Instantiating /home/travis/build/icyphy/ptII/ptolemy/domains/sdf/lib/test/auto/BootstrapSampleDelay.xml
9 ms. Memory: 129024K Free: 80004K (62%)
----------------- Invoking toplevel() on ptolemy.moml.MoMLSimpleApplication@75daff0e
----------------- Done invoking toplevel() on ptolemy.moml.MoMLSimpleApplication@75daff0e
reloadAllAccessors: .BootstrapSampleDelay

===========================================================================================
----------------- testing Sun May 31 15:06:59 UTC 2020 /home/travis/build/icyphy/ptII/ptolemy/domains/sdf/lib/test/auto/Chop.xml
----------------- Instantiating /home/travis/build/icyphy/ptII/ptolemy/domains/sdf/lib/test/auto/Chop.xml
6 ms. Memory: 156672K Free: 139210K (89%)
----------------- Invoking toplevel() on ptolemy.moml.MoMLSimpleApplication@6e0f4c86
----------------- Done invoking toplevel() on ptolemy.moml.MoMLSimpleApplication@6e0f4c86
reloadAllAccessors: .Chop

===========================================================================================
----------------- testing Sun May 31 15:06:59 UTC 2020 /home/travis/build/icyphy/ptII/ptolemy/domains/sdf/lib/test/auto/Chop2.xml
----------------- Instantiating /home/travis/build/icyphy/ptII/ptolemy/domains/sdf/lib/test/auto/Chop2.xml
8 ms. Memory: 156672K Free: 132573K (85%)
----------------- Invoking toplevel() on ptolemy.moml.MoMLSimpleApplication@75c178e6
----------------- Done invoking toplevel() on ptolemy.moml.MoMLSimpleApplication@75c178e6
reloadAllAccessors: .Chop2

===========================================================================================
----------------- testing Sun May 31 15:06:59 UTC 2020 /home/travis/build/icyphy/ptII/ptolemy/domains/sdf/lib/test/auto/ComplexJoin.xml
----------------- Instantiating /home/travis/build/icyphy/ptII/ptolemy/domains/sdf/lib/test/auto/ComplexJoin.xml
7 ms. Memory: 156672K Free: 128352K (82%)
----------------- Invoking toplevel() on ptolemy.moml.MoMLSimpleApplication@4bbdff6
----------------- Done invoking toplevel() on ptolemy.moml.MoMLSimpleApplication@4bbdff6
reloadAllAccessors: .ComplexJoin

===========================================================================================
----------------- testing Sun May 31 15:06:59 UTC 2020 /home/travis/build/icyphy/ptII/ptolemy/domains/sdf/lib/test/auto/CountTrues.xml
----------------- Instantiating /home/travis/build/icyphy/ptII/ptolemy/domains/sdf/lib/test/auto/CountTrues.xml
2 ms. Memory: 156672K Free: 124867K (80%)
----------------- Invoking toplevel() on ptolemy.moml.MoMLSimpleApplication@5642f5f2
----------------- Done invoking toplevel() on ptolemy.moml.MoMLSimpleApplication@5642f5f2
reloadAllAccessors: .CountTrues

===========================================================================================
----------------- testing Sun May 31 15:06:59 UTC 2020 /home/travis/build/icyphy/ptII/ptolemy/domains/sdf/lib/test/auto/DelayLine.xml
----------------- Instantiating /home/travis/build/icyphy/ptII/ptolemy/domains/sdf/lib/test/auto/DelayLine.xml
7 ms. Memory: 156672K Free: 119769K (76%)
----------------- Invoking toplevel() on ptolemy.moml.MoMLSimpleApplication@5b6fd09a
----------------- Done invoking toplevel() on ptolemy.moml.MoMLSimpleApplication@5b6fd09a
reloadAllAccessors: .DelayLine

===========================================================================================
----------------- testing Sun May 31 15:06:59 UTC 2020 /home/travis/build/icyphy/ptII/ptolemy/domains/sdf/lib/test/auto/DotProduct.xml
----------------- Instantiating /home/travis/build/icyphy/ptII/ptolemy/domains/sdf/lib/test/auto/DotProduct.xml
3 ms. Memory: 156672K Free: 116307K (74%)
----------------- Invoking toplevel() on ptolemy.moml.MoMLSimpleApplication@5c4aeafa
----------------- Done invoking toplevel() on ptolemy.moml.MoMLSimpleApplication@5c4aeafa
reloadAllAccessors: .DotProduct

===========================================================================================
----------------- testing Sun May 31 15:06:59 UTC 2020 /home/travis/build/icyphy/ptII/ptolemy/domains/sdf/lib/test/auto/DotProductMatrix.xml
----------------- Instantiating /home/travis/build/icyphy/ptII/ptolemy/domains/sdf/lib/test/auto/DotProductMatrix.xml
3 ms. Memory: 156672K Free: 113603K (73%)
----------------- Invoking toplevel() on ptolemy.moml.MoMLSimpleApplication@6234fcec
----------------- Done invoking toplevel() on ptolemy.moml.MoMLSimpleApplication@6234fcec
reloadAllAccessors: .DotProductMatrix

===========================================================================================
----------------- testing Sun May 31 15:06:59 UTC 2020 /home/travis/build/icyphy/ptII/ptolemy/domains/sdf/lib/test/auto/DownSample1.xml
----------------- Instantiating /home/travis/build/icyphy/ptII/ptolemy/domains/sdf/lib/test/auto/DownSample1.xml
4 ms. Memory: 156672K Free: 110522K (71%)
----------------- Invoking toplevel() on ptolemy.moml.MoMLSimpleApplication@74708a6f
----------------- Done invoking toplevel() on ptolemy.moml.MoMLSimpleApplication@74708a6f
reloadAllAccessors: .DownSample1

===========================================================================================
----------------- testing Sun May 31 15:06:59 UTC 2020 /home/travis/build/icyphy/ptII/ptolemy/domains/sdf/lib/test/auto/DynamicRateChange.xml
----------------- Instantiating /home/travis/build/icyphy/ptII/ptolemy/domains/sdf/lib/test/auto/DynamicRateChange.xml
11 ms. Memory: 156672K Free: 104409K (67%)
----------------- Invoking toplevel() on ptolemy.moml.MoMLSimpleApplication@47ff2224
----------------- Done invoking toplevel() on ptolemy.moml.MoMLSimpleApplication@47ff2224
reloadAllAccessors: .DynamicRateChange

===========================================================================================
----------------- testing Sun May 31 15:06:59 UTC 2020 /home/travis/build/icyphy/ptII/ptolemy/domains/sdf/lib/test/auto/DynamicRates.xml
----------------- Instantiating /home/travis/build/icyphy/ptII/ptolemy/domains/sdf/lib/test/auto/DynamicRates.xml
10 ms. Memory: 156672K Free: 99923K (64%)
----------------- Invoking toplevel() on ptolemy.moml.MoMLSimpleApplication@516fd899
----------------- Done invoking toplevel() on ptolemy.moml.MoMLSimpleApplication@516fd899
reloadAllAccessors: .DynamicRates

===========================================================================================
----------------- testing Sun May 31 15:06:59 UTC 2020 /home/travis/build/icyphy/ptII/ptolemy/domains/sdf/lib/test/auto/FFT1.xml
----------------- Instantiating /home/travis/build/icyphy/ptII/ptolemy/domains/sdf/lib/test/auto/FFT1.xml
8 ms. Memory: 156672K Free: 95584K (61%)
----------------- Invoking toplevel() on ptolemy.moml.MoMLSimpleApplication@5278fd4b
----------------- Done invoking toplevel() on ptolemy.moml.MoMLSimpleApplication@5278fd4b
reloadAllAccessors: .FFT1

===========================================================================================
----------------- testing Sun May 31 15:06:59 UTC 2020 /home/travis/build/icyphy/ptII/ptolemy/domains/sdf/lib/test/auto/FIR1.xml
----------------- Instantiating /home/travis/build/icyphy/ptII/ptolemy/domains/sdf/lib/test/auto/FIR1.xml
23 ms. Memory: 156672K Free: 88687K (57%)
----------------- Invoking toplevel() on ptolemy.moml.MoMLSimpleApplication@231a8821
----------------- Done invoking toplevel() on ptolemy.moml.MoMLSimpleApplication@231a8821
reloadAllAccessors: .FIR1

===========================================================================================
----------------- testing Sun May 31 15:06:59 UTC 2020 /home/travis/build/icyphy/ptII/ptolemy/domains/sdf/lib/test/auto/FIR2.xml
----------------- Instantiating /home/travis/build/icyphy/ptII/ptolemy/domains/sdf/lib/test/auto/FIR2.xml
2 ms. Memory: 156672K Free: 85344K (54%)
----------------- Invoking toplevel() on ptolemy.moml.MoMLSimpleApplication@127c9081
----------------- Done invoking toplevel() on ptolemy.moml.MoMLSimpleApplication@127c9081
reloadAllAccessors: .FIR2

===========================================================================================
----------------- testing Sun May 31 15:06:59 UTC 2020 /home/travis/build/icyphy/ptII/ptolemy/domains/sdf/lib/test/auto/FIR4.xml
----------------- Instantiating /home/travis/build/icyphy/ptII/ptolemy/domains/sdf/lib/test/auto/FIR4.xml
3 ms. Memory: 156672K Free: 134537K (86%)
----------------- Invoking toplevel() on ptolemy.moml.MoMLSimpleApplication@28f3d125
----------------- Done invoking toplevel() on ptolemy.moml.MoMLSimpleApplication@28f3d125
reloadAllAccessors: .FIR4

===========================================================================================
----------------- testing Sun May 31 15:06:59 UTC 2020 /home/travis/build/icyphy/ptII/ptolemy/domains/sdf/lib/test/auto/FixJoin.xml
----------------- Instantiating /home/travis/build/icyphy/ptII/ptolemy/domains/sdf/lib/test/auto/FixJoin.xml
7 ms. Memory: 156672K Free: 129434K (83%)
----------------- Invoking toplevel() on ptolemy.moml.MoMLSimpleApplication@48d07023
----------------- Done invoking toplevel() on ptolemy.moml.MoMLSimpleApplication@48d07023
reloadAllAccessors: .FixJoin

===========================================================================================
----------------- testing Sun May 31 15:06:59 UTC 2020 /home/travis/build/icyphy/ptII/ptolemy/domains/sdf/lib/test/auto/IntJoin1.xml
----------------- Instantiating /home/travis/build/icyphy/ptII/ptolemy/domains/sdf/lib/test/auto/IntJoin1.xml
3 ms. Memory: 156672K Free: 125345K (80%)
----------------- Invoking toplevel() on ptolemy.moml.MoMLSimpleApplication@6f836131
----------------- Done invoking toplevel() on ptolemy.moml.MoMLSimpleApplication@6f836131
reloadAllAccessors: .IntJoin1

===========================================================================================
----------------- testing Sun May 31 15:06:59 UTC 2020 /home/travis/build/icyphy/ptII/ptolemy/domains/sdf/lib/test/auto/IntJoin2.xml
----------------- Instantiating /home/travis/build/icyphy/ptII/ptolemy/domains/sdf/lib/test/auto/IntJoin2.xml
4 ms. Memory: 156672K Free: 120731K (77%)
----------------- Invoking toplevel() on ptolemy.moml.MoMLSimpleApplication@5ac215eb
----------------- Done invoking toplevel() on ptolemy.moml.MoMLSimpleApplication@5ac215eb
reloadAllAccessors: .IntJoin2

===========================================================================================
----------------- testing Sun May 31 15:06:59 UTC 2020 /home/travis/build/icyphy/ptII/ptolemy/domains/sdf/lib/test/auto/IntJoin3.xml
----------------- Instantiating /home/travis/build/icyphy/ptII/ptolemy/domains/sdf/lib/test/auto/IntJoin3.xml
2 ms. Memory: 156672K Free: 116635K (74%)
----------------- Invoking toplevel() on ptolemy.moml.MoMLSimpleApplication@7155bd4b
----------------- Done invoking toplevel() on ptolemy.moml.MoMLSimpleApplication@7155bd4b
reloadAllAccessors: .IntJoin3

===========================================================================================
----------------- testing Sun May 31 15:06:59 UTC 2020 /home/travis/build/icyphy/ptII/ptolemy/domains/sdf/lib/test/auto/IntJoin4.xml
----------------- Instantiating /home/travis/build/icyphy/ptII/ptolemy/domains/sdf/lib/test/auto/IntJoin4.xml
9 ms. Memory: 156672K Free: 112017K (71%)
----------------- Invoking toplevel() on ptolemy.moml.MoMLSimpleApplication@6c089445
----------------- Done invoking toplevel() on ptolemy.moml.MoMLSimpleApplication@6c089445
reloadAllAccessors: .IntJoin4

===========================================================================================
----------------- testing Sun May 31 15:06:59 UTC 2020 /home/travis/build/icyphy/ptII/ptolemy/domains/sdf/lib/test/auto/IntJoin5.xml
----------------- Instantiating /home/travis/build/icyphy/ptII/ptolemy/domains/sdf/lib/test/auto/IntJoin5.xml
4 ms. Memory: 156672K Free: 107914K (69%)
----------------- Invoking toplevel() on ptolemy.moml.MoMLSimpleApplication@129ae2e1
----------------- Done invoking toplevel() on ptolemy.moml.MoMLSimpleApplication@129ae2e1
reloadAllAccessors: .IntJoin5

===========================================================================================
----------------- testing Sun May 31 15:06:59 UTC 2020 /home/travis/build/icyphy/ptII/ptolemy/domains/sdf/lib/test/auto/IntToBits.xml
----------------- Instantiating /home/travis/build/icyphy/ptII/ptolemy/domains/sdf/lib/test/auto/IntToBits.xml
8 ms. Memory: 156672K Free: 104841K (67%)
----------------- Invoking toplevel() on ptolemy.moml.MoMLSimpleApplication@7aad1f43
----------------- Done invoking toplevel() on ptolemy.moml.MoMLSimpleApplication@7aad1f43
reloadAllAccessors: .IntToBits

===========================================================================================
----------------- testing Sun May 31 15:06:59 UTC 2020 /home/travis/build/icyphy/ptII/ptolemy/domains/sdf/lib/test/auto/LMSAdaptive.xml
----------------- Instantiating /home/travis/build/icyphy/ptII/ptolemy/domains/sdf/lib/test/auto/LMSAdaptive.xml
11 ms. Memory: 156672K Free: 96125K (61%)
----------------- Invoking toplevel() on ptolemy.moml.MoMLSimpleApplication@2b4a47
----------------- Done invoking toplevel() on ptolemy.moml.MoMLSimpleApplication@2b4a47
reloadAllAccessors: .LMSAdaptive

===========================================================================================
----------------- testing Sun May 31 15:06:59 UTC 2020 /home/travis/build/icyphy/ptII/ptolemy/domains/sdf/lib/test/auto/LMSAdaptiveFIR.xml
----------------- Instantiating /home/travis/build/icyphy/ptII/ptolemy/domains/sdf/lib/test/auto/LMSAdaptiveFIR.xml
273 ms. Memory: 156672K Free: 133798K (85%)
----------------- Invoking toplevel() on ptolemy.moml.MoMLSimpleApplication@64dc635a
----------------- Done invoking toplevel() on ptolemy.moml.MoMLSimpleApplication@64dc635a
reloadAllAccessors: .LMSAdaptiveFIR

===========================================================================================
----------------- testing Sun May 31 15:07:00 UTC 2020 /home/travis/build/icyphy/ptII/ptolemy/domains/sdf/lib/test/auto/LMSAdaptiveFIR2.xml
----------------- Instantiating /home/travis/build/icyphy/ptII/ptolemy/domains/sdf/lib/test/auto/LMSAdaptiveFIR2.xml
381 ms. Memory: 156672K Free: 75282K (48%)
----------------- Invoking toplevel() on ptolemy.moml.MoMLSimpleApplication@32cf6b49
----------------- Done invoking toplevel() on ptolemy.moml.MoMLSimpleApplication@32cf6b49
reloadAllAccessors: .LMSAdaptiveFIR2

===========================================================================================
----------------- testing Sun May 31 15:07:00 UTC 2020 /home/travis/build/icyphy/ptII/ptolemy/domains/sdf/lib/test/auto/LongJoin.xml
----------------- Instantiating /home/travis/build/icyphy/ptII/ptolemy/domains/sdf/lib/test/auto/LongJoin.xml
2 ms. Memory: 156672K Free: 70672K (45%)
----------------- Invoking toplevel() on ptolemy.moml.MoMLSimpleApplication@314fb558
----------------- Done invoking toplevel() on ptolemy.moml.MoMLSimpleApplication@314fb558
reloadAllAccessors: .LongJoin

===========================================================================================
----------------- testing Sun May 31 15:07:00 UTC 2020 /home/travis/build/icyphy/ptII/ptolemy/domains/sdf/lib/test/auto/Matrix1.xml
----------------- Instantiating /home/travis/build/icyphy/ptII/ptolemy/domains/sdf/lib/test/auto/Matrix1.xml
2 ms. Memory: 156672K Free: 66576K (42%)
----------------- Invoking toplevel() on ptolemy.moml.MoMLSimpleApplication@201abca
----------------- Done invoking toplevel() on ptolemy.moml.MoMLSimpleApplication@201abca
reloadAllAccessors: .Matrix1

===========================================================================================
----------------- testing Sun May 31 15:07:00 UTC 2020 /home/travis/build/icyphy/ptII/ptolemy/domains/sdf/lib/test/auto/Matrix2.xml
----------------- Instantiating /home/travis/build/icyphy/ptII/ptolemy/domains/sdf/lib/test/auto/Matrix2.xml
4 ms. Memory: 156672K Free: 62994K (40%)
----------------- Invoking toplevel() on ptolemy.moml.MoMLSimpleApplication@5285db67
----------------- Done invoking toplevel() on ptolemy.moml.MoMLSimpleApplication@5285db67
reloadAllAccessors: .Matrix2

===========================================================================================
----------------- testing Sun May 31 15:07:00 UTC 2020 /home/travis/build/icyphy/ptII/ptolemy/domains/sdf/lib/test/auto/MatrixJoin1.xml
----------------- Instantiating /home/travis/build/icyphy/ptII/ptolemy/domains/sdf/lib/test/auto/MatrixJoin1.xml
2 ms. Memory: 156672K Free: 137994K (88%)
----------------- Invoking toplevel() on ptolemy.moml.MoMLSimpleApplication@26b91c79
----------------- Done invoking toplevel() on ptolemy.moml.MoMLSimpleApplication@26b91c79
reloadAllAccessors: .MatrixJoin1

===========================================================================================
----------------- testing Sun May 31 15:07:00 UTC 2020 /home/travis/build/icyphy/ptII/ptolemy/domains/sdf/lib/test/auto/MatrixJoin2.xml
----------------- Instantiating /home/travis/build/icyphy/ptII/ptolemy/domains/sdf/lib/test/auto/MatrixJoin2.xml
2 ms. Memory: 156672K Free: 133388K (85%)
----------------- Invoking toplevel() on ptolemy.moml.MoMLSimpleApplication@1299384d
----------------- Done invoking toplevel() on ptolemy.moml.MoMLSimpleApplication@1299384d
reloadAllAccessors: .MatrixJoin2

===========================================================================================
----------------- testing Sun May 31 15:07:00 UTC 2020 /home/travis/build/icyphy/ptII/ptolemy/domains/sdf/lib/test/auto/MatrixJoin3.xml
----------------- Instantiating /home/travis/build/icyphy/ptII/ptolemy/domains/sdf/lib/test/auto/MatrixJoin3.xml
11 ms. Memory: 156672K Free: 129292K (83%)
----------------- Invoking toplevel() on ptolemy.moml.MoMLSimpleApplication@ed990c1
----------------- Done invoking toplevel() on ptolemy.moml.MoMLSimpleApplication@ed990c1
reloadAllAccessors: .MatrixJoin3

===========================================================================================
----------------- testing Sun May 31 15:07:01 UTC 2020 /home/travis/build/icyphy/ptII/ptolemy/domains/sdf/lib/test/auto/MatrixJoin4.xml
----------------- Instantiating /home/travis/build/icyphy/ptII/ptolemy/domains/sdf/lib/test/auto/MatrixJoin4.xml
2 ms. Memory: 156672K Free: 125196K (80%)
----------------- Invoking toplevel() on ptolemy.moml.MoMLSimpleApplication@7e3a33ad
----------------- Done invoking toplevel() on ptolemy.moml.MoMLSimpleApplication@7e3a33ad
reloadAllAccessors: .MatrixJoin4

===========================================================================================
----------------- testing Sun May 31 15:07:01 UTC 2020 /home/travis/build/icyphy/ptII/ptolemy/domains/sdf/lib/test/auto/MatrixJoin5.xml
----------------- Instantiating /home/travis/build/icyphy/ptII/ptolemy/domains/sdf/lib/test/auto/MatrixJoin5.xml
2 ms. Memory: 156672K Free: 121100K (77%)
----------------- Invoking toplevel() on ptolemy.moml.MoMLSimpleApplication@369db624
----------------- Done invoking toplevel() on ptolemy.moml.MoMLSimpleApplication@369db624
reloadAllAccessors: .MatrixJoin5

===========================================================================================
----------------- testing Sun May 31 15:07:01 UTC 2020 /home/travis/build/icyphy/ptII/ptolemy/domains/sdf/lib/test/auto/MatrixSplit1.xml
----------------- Instantiating /home/travis/build/icyphy/ptII/ptolemy/domains/sdf/lib/test/auto/MatrixSplit1.xml
2 ms. Memory: 156672K Free: 115466K (74%)
----------------- Invoking toplevel() on ptolemy.moml.MoMLSimpleApplication@e06e808
----------------- Done invoking toplevel() on ptolemy.moml.MoMLSimpleApplication@e06e808
reloadAllAccessors: .MatrixSplit1

===========================================================================================
----------------- testing Sun May 31 15:07:01 UTC 2020 /home/travis/build/icyphy/ptII/ptolemy/domains/sdf/lib/test/auto/MatrixSplit10.xml
----------------- Instantiating /home/travis/build/icyphy/ptII/ptolemy/domains/sdf/lib/test/auto/MatrixSplit10.xml
3 ms. Memory: 156672K Free: 111884K (71%)
----------------- Invoking toplevel() on ptolemy.moml.MoMLSimpleApplication@31bd16ad
----------------- Done invoking toplevel() on ptolemy.moml.MoMLSimpleApplication@31bd16ad
reloadAllAccessors: .MatrixSplit10

===========================================================================================
----------------- testing Sun May 31 15:07:01 UTC 2020 /home/travis/build/icyphy/ptII/ptolemy/domains/sdf/lib/test/auto/MatrixSplit11.xml
----------------- Instantiating /home/travis/build/icyphy/ptII/ptolemy/domains/sdf/lib/test/auto/MatrixSplit11.xml
1 ms. Memory: 156672K Free: 108298K (69%)
----------------- Invoking toplevel() on ptolemy.moml.MoMLSimpleApplication@3aef4570
----------------- Done invoking toplevel() on ptolemy.moml.MoMLSimpleApplication@3aef4570
reloadAllAccessors: .MatrixSplit11

===========================================================================================
----------------- testing Sun May 31 15:07:01 UTC 2020 /home/travis/build/icyphy/ptII/ptolemy/domains/sdf/lib/test/auto/MatrixSplit12.xml
----------------- Instantiating /home/travis/build/icyphy/ptII/ptolemy/domains/sdf/lib/test/auto/MatrixSplit12.xml
1 ms. Memory: 156672K Free: 104716K (67%)
----------------- Invoking toplevel() on ptolemy.moml.MoMLSimpleApplication@77895e81
----------------- Done invoking toplevel() on ptolemy.moml.MoMLSimpleApplication@77895e81
reloadAllAccessors: .MatrixSplit12

===========================================================================================
----------------- testing Sun May 31 15:07:01 UTC 2020 /home/travis/build/icyphy/ptII/ptolemy/domains/sdf/lib/test/auto/MatrixSplit13.xml
----------------- Instantiating /home/travis/build/icyphy/ptII/ptolemy/domains/sdf/lib/test/auto/MatrixSplit13.xml
5 ms. Memory: 156672K Free: 101130K (65%)
----------------- Invoking toplevel() on ptolemy.moml.MoMLSimpleApplication@1ee70dfe
----------------- Done invoking toplevel() on ptolemy.moml.MoMLSimpleApplication@1ee70dfe
reloadAllAccessors: .MatrixSplit13

===========================================================================================
----------------- testing Sun May 31 15:07:01 UTC 2020 /home/travis/build/icyphy/ptII/ptolemy/domains/sdf/lib/test/auto/MatrixSplit14.xml
----------------- Instantiating /home/travis/build/icyphy/ptII/ptolemy/domains/sdf/lib/test/auto/MatrixSplit14.xml
2 ms. Memory: 156672K Free: 97548K (62%)
----------------- Invoking toplevel() on ptolemy.moml.MoMLSimpleApplication@769c3230
----------------- Done invoking toplevel() on ptolemy.moml.MoMLSimpleApplication@769c3230
reloadAllAccessors: .MatrixSplit14

===========================================================================================
----------------- testing Sun May 31 15:07:01 UTC 2020 /home/travis/build/icyphy/ptII/ptolemy/domains/sdf/lib/test/auto/MatrixSplit2.xml
----------------- Instantiating /home/travis/build/icyphy/ptII/ptolemy/domains/sdf/lib/test/auto/MatrixSplit2.xml
2 ms. Memory: 156672K Free: 93962K (60%)
----------------- Invoking toplevel() on ptolemy.moml.MoMLSimpleApplication@3c5fde2e
----------------- Done invoking toplevel() on ptolemy.moml.MoMLSimpleApplication@3c5fde2e
reloadAllAccessors: .MatrixSplit2

===========================================================================================
----------------- testing Sun May 31 15:07:01 UTC 2020 /home/travis/build/icyphy/ptII/ptolemy/domains/sdf/lib/test/auto/MatrixSplit3.xml
----------------- Instantiating /home/travis/build/icyphy/ptII/ptolemy/domains/sdf/lib/test/auto/MatrixSplit3.xml
2 ms. Memory: 156672K Free: 90380K (58%)
----------------- Invoking toplevel() on ptolemy.moml.MoMLSimpleApplication@1c244081
----------------- Done invoking toplevel() on ptolemy.moml.MoMLSimpleApplication@1c244081
reloadAllAccessors: .MatrixSplit3

===========================================================================================
----------------- testing Sun May 31 15:07:01 UTC 2020 /home/travis/build/icyphy/ptII/ptolemy/domains/sdf/lib/test/auto/MatrixSplit4.xml
----------------- Instantiating /home/travis/build/icyphy/ptII/ptolemy/domains/sdf/lib/test/auto/MatrixSplit4.xml
2 ms. Memory: 156672K Free: 87308K (56%)
----------------- Invoking toplevel() on ptolemy.moml.MoMLSimpleApplication@2f941690
----------------- Done invoking toplevel() on ptolemy.moml.MoMLSimpleApplication@2f941690
reloadAllAccessors: .MatrixSplit4

===========================================================================================
----------------- testing Sun May 31 15:07:01 UTC 2020 /home/travis/build/icyphy/ptII/ptolemy/domains/sdf/lib/test/auto/MatrixSplit5.xml
----------------- Instantiating /home/travis/build/icyphy/ptII/ptolemy/domains/sdf/lib/test/auto/MatrixSplit5.xml
9 ms. Memory: 156672K Free: 83722K (53%)
----------------- Invoking toplevel() on ptolemy.moml.MoMLSimpleApplication@505ed3f5
----------------- Done invoking toplevel() on ptolemy.moml.MoMLSimpleApplication@505ed3f5
reloadAllAccessors: .MatrixSplit5

===========================================================================================
----------------- testing Sun May 31 15:07:01 UTC 2020 /home/travis/build/icyphy/ptII/ptolemy/domains/sdf/lib/test/auto/MatrixSplit6.xml
----------------- Instantiating /home/travis/build/icyphy/ptII/ptolemy/domains/sdf/lib/test/auto/MatrixSplit6.xml
2 ms. Memory: 156672K Free: 80140K (51%)
----------------- Invoking toplevel() on ptolemy.moml.MoMLSimpleApplication@68fddc37
----------------- Done invoking toplevel() on ptolemy.moml.MoMLSimpleApplication@68fddc37
reloadAllAccessors: .MatrixSplit6

===========================================================================================
----------------- testing Sun May 31 15:07:01 UTC 2020 /home/travis/build/icyphy/ptII/ptolemy/domains/sdf/lib/test/auto/MatrixSplit7.xml
----------------- Instantiating /home/travis/build/icyphy/ptII/ptolemy/domains/sdf/lib/test/auto/MatrixSplit7.xml
2 ms. Memory: 156672K Free: 76554K (49%)
----------------- Invoking toplevel() on ptolemy.moml.MoMLSimpleApplication@24b0bf36
----------------- Done invoking toplevel() on ptolemy.moml.MoMLSimpleApplication@24b0bf36
reloadAllAccessors: .MatrixSplit7

===========================================================================================
----------------- testing Sun May 31 15:07:01 UTC 2020 /home/travis/build/icyphy/ptII/ptolemy/domains/sdf/lib/test/auto/MatrixSplit8.xml
----------------- Instantiating /home/travis/build/icyphy/ptII/ptolemy/domains/sdf/lib/test/auto/MatrixSplit8.xml
2 ms. Memory: 156672K Free: 72972K (47%)
----------------- Invoking toplevel() on ptolemy.moml.MoMLSimpleApplication@7f7f14de
----------------- Done invoking toplevel() on ptolemy.moml.MoMLSimpleApplication@7f7f14de
reloadAllAccessors: .MatrixSplit8

===========================================================================================
----------------- testing Sun May 31 15:07:01 UTC 2020 /home/travis/build/icyphy/ptII/ptolemy/domains/sdf/lib/test/auto/MatrixSplit9.xml
----------------- Instantiating /home/travis/build/icyphy/ptII/ptolemy/domains/sdf/lib/test/auto/MatrixSplit9.xml
5 ms. Memory: 156672K Free: 69386K (44%)
----------------- Invoking toplevel() on ptolemy.moml.MoMLSimpleApplication@2342ad4d
----------------- Done invoking toplevel() on ptolemy.moml.MoMLSimpleApplication@2342ad4d
reloadAllAccessors: .MatrixSplit9

===========================================================================================
----------------- testing Sun May 31 15:07:01 UTC 2020 /home/travis/build/icyphy/ptII/ptolemy/domains/sdf/lib/test/auto/MatrixToSequence.xml
----------------- Instantiating /home/travis/build/icyphy/ptII/ptolemy/domains/sdf/lib/test/auto/MatrixToSequence.xml
11 ms. Memory: 156672K Free: 60170K (38%)
----------------- Invoking toplevel() on ptolemy.moml.MoMLSimpleApplication@71d5fd7c
----------------- Done invoking toplevel() on ptolemy.moml.MoMLSimpleApplication@71d5fd7c
reloadAllAccessors: .MatrixToSequence

===========================================================================================
----------------- testing Sun May 31 15:07:01 UTC 2020 /home/travis/build/icyphy/ptII/ptolemy/domains/sdf/lib/test/auto/MaximumEntropySpectrum.xml
----------------- Instantiating /home/travis/build/icyphy/ptII/ptolemy/domains/sdf/lib/test/auto/MaximumEntropySpectrum.xml
10 ms. Memory: 156672K Free: 120971K (77%)
----------------- Invoking toplevel() on ptolemy.moml.MoMLSimpleApplication@552e813c
----------------- Done invoking toplevel() on ptolemy.moml.MoMLSimpleApplication@552e813c
reloadAllAccessors: .MaximumEntropySpectrum

===========================================================================================
----------------- testing Sun May 31 15:07:01 UTC 2020 /home/travis/build/icyphy/ptII/ptolemy/domains/sdf/lib/test/auto/SampleDelayConversion.xml
----------------- Instantiating /home/travis/build/icyphy/ptII/ptolemy/domains/sdf/lib/test/auto/SampleDelayConversion.xml
1 ms. Memory: 156672K Free: 116875K (75%)
----------------- Invoking toplevel() on ptolemy.moml.MoMLSimpleApplication@1b3edb8c
----------------- Done invoking toplevel() on ptolemy.moml.MoMLSimpleApplication@1b3edb8c
reloadAllAccessors: .SampleDelayConversion

===========================================================================================
----------------- testing Sun May 31 15:07:01 UTC 2020 /home/travis/build/icyphy/ptII/ptolemy/domains/sdf/lib/test/auto/SequenceToArray.xml
----------------- Instantiating /home/travis/build/icyphy/ptII/ptolemy/domains/sdf/lib/test/auto/SequenceToArray.xml
10 ms. Memory: 156672K Free: 106090K (68%)
----------------- Invoking toplevel() on ptolemy.moml.MoMLSimpleApplication@4987e99
----------------- Done invoking toplevel() on ptolemy.moml.MoMLSimpleApplication@4987e99
reloadAllAccessors: .SequenceToArray

===========================================================================================
----------------- testing Sun May 31 15:07:01 UTC 2020 /home/travis/build/icyphy/ptII/ptolemy/domains/sdf/lib/test/auto/SequenceToMatrix.xml
----------------- Instantiating /home/travis/build/icyphy/ptII/ptolemy/domains/sdf/lib/test/auto/SequenceToMatrix.xml
3091 ms. Memory: 156672K Free: 128258K (82%)
----------------- Invoking toplevel() on ptolemy.moml.MoMLSimpleApplication@dcfcb55
----------------- Done invoking toplevel() on ptolemy.moml.MoMLSimpleApplication@dcfcb55
reloadAllAccessors: .SequenceToMatrix

===========================================================================================
----------------- testing Sun May 31 15:07:04 UTC 2020 /home/travis/build/icyphy/ptII/ptolemy/domains/sdf/lib/test/auto/SmoothedPeriodogram.xml
----------------- Instantiating /home/travis/build/icyphy/ptII/ptolemy/domains/sdf/lib/test/auto/SmoothedPeriodogram.xml
8 ms. Memory: 156672K Free: 112898K (72%)
----------------- Invoking toplevel() on ptolemy.moml.MoMLSimpleApplication@25039363
----------------- Done invoking toplevel() on ptolemy.moml.MoMLSimpleApplication@25039363
reloadAllAccessors: .SmoothedPeriodogram

===========================================================================================
----------------- testing Sun May 31 15:07:04 UTC 2020 /home/travis/build/icyphy/ptII/ptolemy/domains/sdf/lib/test/auto/UpDownSample1.xml
----------------- Instantiating /home/travis/build/icyphy/ptII/ptolemy/domains/sdf/lib/test/auto/UpDownSample1.xml
2 ms. Memory: 156672K Free: 108802K (69%)
----------------- Invoking toplevel() on ptolemy.moml.MoMLSimpleApplication@3a711042
----------------- Done invoking toplevel() on ptolemy.moml.MoMLSimpleApplication@3a711042
reloadAllAccessors: .UpDownSample1

===========================================================================================
----------------- testing Sun May 31 15:07:04 UTC 2020 /home/travis/build/icyphy/ptII/ptolemy/domains/sdf/lib/test/auto/UpSample1.xml
----------------- Instantiating /home/travis/build/icyphy/ptII/ptolemy/domains/sdf/lib/test/auto/UpSample1.xml
2 ms. Memory: 156672K Free: 105216K (67%)
----------------- Invoking toplevel() on ptolemy.moml.MoMLSimpleApplication@5a39a380
----------------- Done invoking toplevel() on ptolemy.moml.MoMLSimpleApplication@5a39a380
reloadAllAccessors: .UpSample1

===========================================================================================
----------------- testing Sun May 31 15:07:04 UTC 2020 /home/travis/build/icyphy/ptII/ptolemy/domains/sdf/lib/test/auto/VariableFIR.xml
----------------- Instantiating /home/travis/build/icyphy/ptII/ptolemy/domains/sdf/lib/test/auto/VariableFIR.xml
4 ms. Memory: 156672K Free: 100096K (64%)
----------------- Invoking toplevel() on ptolemy.moml.MoMLSimpleApplication@7073c547
----------------- Done invoking toplevel() on ptolemy.moml.MoMLSimpleApplication@7073c547
reloadAllAccessors: .VariableFIR

===========================================================================================
----------------- testing Sun May 31 15:07:04 UTC 2020 /home/travis/build/icyphy/ptII/ptolemy/domains/sdf/lib/test/auto/VariableFIR2.xml
----------------- Instantiating /home/travis/build/icyphy/ptII/ptolemy/domains/sdf/lib/test/auto/VariableFIR2.xml
3 ms. Memory: 156672K Free: 94946K (61%)
----------------- Invoking toplevel() on ptolemy.moml.MoMLSimpleApplication@102764ab
----------------- Done invoking toplevel() on ptolemy.moml.MoMLSimpleApplication@102764ab
reloadAllAccessors: .VariableFIR2

===========================================================================================
----------------- testing Sun May 31 15:07:04 UTC 2020 /home/travis/build/icyphy/ptII/ptolemy/domains/sdf/lib/test/auto/VariableLattice.xml
----------------- Instantiating /home/travis/build/icyphy/ptII/ptolemy/domains/sdf/lib/test/auto/VariableLattice.xml
5 ms. Memory: 156672K Free: 88832K (57%)
----------------- Invoking toplevel() on ptolemy.moml.MoMLSimpleApplication@6b8de0c6
----------------- Done invoking toplevel() on ptolemy.moml.MoMLSimpleApplication@6b8de0c6
reloadAllAccessors: .VariableLattice

===========================================================================================
----------------- testing Sun May 31 15:07:04 UTC 2020 /home/travis/build/icyphy/ptII/ptolemy/domains/sdf/lib/test/auto/VariableLattice2.xml
----------------- Instantiating /home/travis/build/icyphy/ptII/ptolemy/domains/sdf/lib/test/auto/VariableLattice2.xml
1.0
-1.999999602036
1.9099998677481
-0.9099996420674
0.205
0.0
0.0
1.0
-0.25
-0.5
0.0
0.0
0.0
0.0
7 ms. Memory: 156672K Free: 84226K (54%)
----------------- Invoking toplevel() on ptolemy.moml.MoMLSimpleApplication@5319b0b0
----------------- Done invoking toplevel() on ptolemy.moml.MoMLSimpleApplication@5319b0b0
reloadAllAccessors: .VariableLattice2

===========================================================================================
----------------- testing Sun May 31 15:07:04 UTC 2020 /home/travis/build/icyphy/ptII/ptolemy/domains/sdf/lib/test/auto/VariableRecursiveLattice.xml
----------------- Instantiating /home/travis/build/icyphy/ptII/ptolemy/domains/sdf/lib/test/auto/VariableRecursiveLattice.xml
8 ms. Memory: 156672K Free: 79616K (51%)
----------------- Invoking toplevel() on ptolemy.moml.MoMLSimpleApplication@1b069826
----------------- Done invoking toplevel() on ptolemy.moml.MoMLSimpleApplication@1b069826
reloadAllAccessors: .VariableRecursiveLattice

===========================================================================================
----------------- testing Sun May 31 15:07:04 UTC 2020 /home/travis/build/icyphy/ptII/ptolemy/domains/sdf/lib/test/auto/VariableRecursiveLattice2.xml
----------------- Instantiating /home/travis/build/icyphy/ptII/ptolemy/domains/sdf/lib/test/auto/VariableRecursiveLattice2.xml
2 ms. Memory: 156672K Free: 75520K (48%)
----------------- Invoking toplevel() on ptolemy.moml.MoMLSimpleApplication@561c7741
----------------- Done invoking toplevel() on ptolemy.moml.MoMLSimpleApplication@561c7741
reloadAllAccessors: .VariableRecursiveLattice2
AutoTests.java: About to close Vertx.
AutoTests.java: Vertx closed.
]]></system-out>
  <system-err><![CDATA[]]></system-err>
</testsuite>
