<?xml version="1.0" encoding="UTF-8" ?>
<testsuite errors="0" failures="0" hostname="travis-job-beef9a34-6c30-4812-a05e-914a84a83270" name="ptolemy.domains.de.test.junit.JUnitTclTest" skipped="0" tests="101" time="138.006" timestamp="2019-07-10T22:28:32">
  <properties>
[...]
</properties>
  <testcase classname="ptolemy.util.test.junit.TclTests" name="[0] /home/travis/build/icyphy/ptII/ptolemy/domains/de/test/DependencyLoop.tcl (RunTclFile)" time="0.994" />
  <testcase classname="ptolemy.util.test.junit.TclTests" name="[1] /home/travis/build/icyphy/ptII/ptolemy/domains/de/test/RunDETestsAsQSS.tcl (RunTclFile)" time="93.167" />
  <testcase classname="ptolemy.util.test.junit.AutoKnownFailedTests" name="[0] /home/travis/build/icyphy/ptII/ptolemy/domains/de/test/auto/knownFailedTests/DESDFClockTest.xml (RunModel)" time="2.043" />
  <testcase classname="ptolemy.util.test.junit.AutoKnownFailedTests" name="[1] /home/travis/build/icyphy/ptII/ptolemy/domains/de/test/auto/knownFailedTests/DirectFeedback.xml (RunModel)" time="0.017" />
  <testcase classname="ptolemy.util.test.junit.AutoKnownFailedTests" name="[2] /home/travis/build/icyphy/ptII/ptolemy/domains/de/test/auto/knownFailedTests/FSMSource.xml (RunModel)" time="0.041" />
  <testcase classname="ptolemy.util.test.junit.AutoKnownFailedTests" name="[3] /home/travis/build/icyphy/ptII/ptolemy/domains/de/test/auto/knownFailedTests/HierarchicalModel.xml (RunModel)" time="0.053" />
  <testcase classname="ptolemy.util.test.junit.AutoKnownFailedTests" name="[4] /home/travis/build/icyphy/ptII/ptolemy/domains/de/test/auto/knownFailedTests/dependencyLoop.xml (RunModel)" time="0.041" />
  <testcase classname="ptolemy.util.test.junit.AutoKnownFailedTests" name="[5] /home/travis/build/icyphy/ptII/ptolemy/domains/de/test/auto/knownFailedTests/dependencyLoop2.xml (RunModel)" time="0.052" />
  <testcase classname="ptolemy.util.test.junit.AutoNameArchTests" name="[0] ThereAreNoAutoArchTests (RunModel)" time="0.004" />
  <testcase classname="ptolemy.util.test.junit.AutoTests" name="[0] /home/travis/build/icyphy/ptII/ptolemy/domains/de/test/auto/ActorDepthCalculation_actorWithoutPorts.xml (RunModel)" time="0.027" />
  <testcase classname="ptolemy.util.test.junit.AutoTests" name="[1] /home/travis/build/icyphy/ptII/ptolemy/domains/de/test/auto/AssemblyLine.xml (RunModel)" time="0.022" />
  <testcase classname="ptolemy.util.test.junit.AutoTests" name="[2] /home/travis/build/icyphy/ptII/ptolemy/domains/de/test/auto/CQBug1.xml (RunModel)" time="0.011" />
  <testcase classname="ptolemy.util.test.junit.AutoTests" name="[3] /home/travis/build/icyphy/ptII/ptolemy/domains/de/test/auto/CancelFireAt.xml (RunModel)" time="0.02" />
  <testcase classname="ptolemy.util.test.junit.AutoTests" name="[4] /home/travis/build/icyphy/ptII/ptolemy/domains/de/test/auto/CausalityAndComposabilityAnalysis.xml (RunModel)" time="0.033" />
  <testcase classname="ptolemy.util.test.junit.AutoTests" name="[5] /home/travis/build/icyphy/ptII/ptolemy/domains/de/test/auto/CausalityInterface1.xml (RunModel)" time="0.018" />
  <testcase classname="ptolemy.util.test.junit.AutoTests" name="[6] /home/travis/build/icyphy/ptII/ptolemy/domains/de/test/auto/CausalityInterface15.xml (RunModel)" time="0.017" />
  <testcase classname="ptolemy.util.test.junit.AutoTests" name="[7] /home/travis/build/icyphy/ptII/ptolemy/domains/de/test/auto/CausalityInterface2.xml (RunModel)" time="0.014" />
  <testcase classname="ptolemy.util.test.junit.AutoTests" name="[8] /home/travis/build/icyphy/ptII/ptolemy/domains/de/test/auto/CausalityInterface3.xml (RunModel)" time="0.013" />
  <testcase classname="ptolemy.util.test.junit.AutoTests" name="[9] /home/travis/build/icyphy/ptII/ptolemy/domains/de/test/auto/ClockDrift.xml (RunModel)" time="0.048" />
  <testcase classname="ptolemy.util.test.junit.AutoTests" name="[10] /home/travis/build/icyphy/ptII/ptolemy/domains/de/test/auto/ClockDriftAndValueChange.xml (RunModel)" time="0.033" />
  <testcase classname="ptolemy.util.test.junit.AutoTests" name="[11] /home/travis/build/icyphy/ptII/ptolemy/domains/de/test/auto/ClockDriftChange.xml (RunModel)" time="0.044" />
  <testcase classname="ptolemy.util.test.junit.AutoTests" name="[12] /home/travis/build/icyphy/ptII/ptolemy/domains/de/test/auto/ComposableCausalityAnalysis.xml (RunModel)" time="0.016" />
  <testcase classname="ptolemy.util.test.junit.AutoTests" name="[13] /home/travis/build/icyphy/ptII/ptolemy/domains/de/test/auto/DEFixedPointLimitation.xml (RunModel)" time="0.009" />
  <testcase classname="ptolemy.util.test.junit.AutoTests" name="[14] /home/travis/build/icyphy/ptII/ptolemy/domains/de/test/auto/DEScheduleTest.xml (RunModel)" time="0.013" />
  <testcase classname="ptolemy.util.test.junit.AutoTests" name="[15] /home/travis/build/icyphy/ptII/ptolemy/domains/de/test/auto/DEinDEwithStartTimes.xml (RunModel)" time="0.017" />
  <testcase classname="ptolemy.util.test.junit.AutoTests" name="[16] /home/travis/build/icyphy/ptII/ptolemy/domains/de/test/auto/DEinDEwithStartTimes2.xml (RunModel)" time="0.016" />
  <testcase classname="ptolemy.util.test.junit.AutoTests" name="[17] /home/travis/build/icyphy/ptII/ptolemy/domains/de/test/auto/DateDemo.xml (RunModel)" time="0.036" />
  <testcase classname="ptolemy.util.test.junit.AutoTests" name="[18] /home/travis/build/icyphy/ptII/ptolemy/domains/de/test/auto/DateToEvent.xml (RunModel)" time="2.047" />
  <testcase classname="ptolemy.util.test.junit.AutoTests" name="[19] /home/travis/build/icyphy/ptII/ptolemy/domains/de/test/auto/DepthTest1.xml (RunModel)" time="0.015" />
  <testcase classname="ptolemy.util.test.junit.AutoTests" name="[20] /home/travis/build/icyphy/ptII/ptolemy/domains/de/test/auto/DepthTest2.xml (RunModel)" time="0.033" />
  <testcase classname="ptolemy.util.test.junit.AutoTests" name="[21] /home/travis/build/icyphy/ptII/ptolemy/domains/de/test/auto/DepthTest3.xml (RunModel)" time="0.013" />
  <testcase classname="ptolemy.util.test.junit.AutoTests" name="[22] /home/travis/build/icyphy/ptII/ptolemy/domains/de/test/auto/DepthTest4.xml (RunModel)" time="0.012" />
  <testcase classname="ptolemy.util.test.junit.AutoTests" name="[23] /home/travis/build/icyphy/ptII/ptolemy/domains/de/test/auto/DepthTest5.xml (RunModel)" time="0.015" />
  <testcase classname="ptolemy.util.test.junit.AutoTests" name="[24] /home/travis/build/icyphy/ptII/ptolemy/domains/de/test/auto/DepthTest6.xml (RunModel)" time="0.013" />
  <testcase classname="ptolemy.util.test.junit.AutoTests" name="[25] /home/travis/build/icyphy/ptII/ptolemy/domains/de/test/auto/DepthTest7.xml (RunModel)" time="0.022" />
  <testcase classname="ptolemy.util.test.junit.AutoTests" name="[26] /home/travis/build/icyphy/ptII/ptolemy/domains/de/test/auto/EventToDate.xml (RunModel)" time="3.035" />
  <testcase classname="ptolemy.util.test.junit.AutoTests" name="[27] /home/travis/build/icyphy/ptII/ptolemy/domains/de/test/auto/FSM1.xml (RunModel)" time="0.051" />
  <testcase classname="ptolemy.util.test.junit.AutoTests" name="[28] /home/travis/build/icyphy/ptII/ptolemy/domains/de/test/auto/FSM7.xml (RunModel)" time="0.046" />
  <testcase classname="ptolemy.util.test.junit.AutoTests" name="[29] /home/travis/build/icyphy/ptII/ptolemy/domains/de/test/auto/Inspection.xml (RunModel)" time="0.055" />
  <testcase classname="ptolemy.util.test.junit.AutoTests" name="[30] /home/travis/build/icyphy/ptII/ptolemy/domains/de/test/auto/Iteration.xml (RunModel)" time="0.022" />
  <testcase classname="ptolemy.util.test.junit.AutoTests" name="[31] /home/travis/build/icyphy/ptII/ptolemy/domains/de/test/auto/LineFault.xml (RunModel)" time="0.647" />
  <testcase classname="ptolemy.util.test.junit.AutoTests" name="[32] /home/travis/build/icyphy/ptII/ptolemy/domains/de/test/auto/MergeModel1Add.xml (RunModel)" time="0.052" />
  <testcase classname="ptolemy.util.test.junit.AutoTests" name="[33] /home/travis/build/icyphy/ptII/ptolemy/domains/de/test/auto/MergeModel2Add.xml (RunModel)" time="0.035" />
  <testcase classname="ptolemy.util.test.junit.AutoTests" name="[34] /home/travis/build/icyphy/ptII/ptolemy/domains/de/test/auto/MergeModel3Add.xml (RunModel)" time="0.045" />
  <testcase classname="ptolemy.util.test.junit.AutoTests" name="[35] /home/travis/build/icyphy/ptII/ptolemy/domains/de/test/auto/MergeWithoutDiscard.xml (RunModel)" time="0.011" />
  <testcase classname="ptolemy.util.test.junit.AutoTests" name="[36] /home/travis/build/icyphy/ptII/ptolemy/domains/de/test/auto/Modal1.xml (RunModel)" time="0.044" />
  <testcase classname="ptolemy.util.test.junit.AutoTests" name="[37] /home/travis/build/icyphy/ptII/ptolemy/domains/de/test/auto/Modal2.xml (RunModel)" time="0.036" />
  <testcase classname="ptolemy.util.test.junit.AutoTests" name="[38] /home/travis/build/icyphy/ptII/ptolemy/domains/de/test/auto/Modal3.xml (RunModel)" time="0.03" />
  <testcase classname="ptolemy.util.test.junit.AutoTests" name="[39] /home/travis/build/icyphy/ptII/ptolemy/domains/de/test/auto/Modal4.xml (RunModel)" time="0.037" />
  <testcase classname="ptolemy.util.test.junit.AutoTests" name="[40] /home/travis/build/icyphy/ptII/ptolemy/domains/de/test/auto/Modal5.xml (RunModel)" time="0.035" />
  <testcase classname="ptolemy.util.test.junit.AutoTests" name="[41] /home/travis/build/icyphy/ptII/ptolemy/domains/de/test/auto/Modal6.xml (RunModel)" time="0.029" />
  <testcase classname="ptolemy.util.test.junit.AutoTests" name="[42] /home/travis/build/icyphy/ptII/ptolemy/domains/de/test/auto/Modal7.xml (RunModel)" time="0.029" />
  <testcase classname="ptolemy.util.test.junit.AutoTests" name="[43] /home/travis/build/icyphy/ptII/ptolemy/domains/de/test/auto/ModalModel.xml (RunModel)" time="0.181" />
  <testcase classname="ptolemy.util.test.junit.AutoTests" name="[44] /home/travis/build/icyphy/ptII/ptolemy/domains/de/test/auto/ModalSource.xml (RunModel)" time="0.022" />
  <testcase classname="ptolemy.util.test.junit.AutoTests" name="[45] /home/travis/build/icyphy/ptII/ptolemy/domains/de/test/auto/NonInterruptibleTimerZeroDelay.xml (RunModel)" time="0.01" />
  <testcase classname="ptolemy.util.test.junit.AutoTests" name="[46] /home/travis/build/icyphy/ptII/ptolemy/domains/de/test/auto/OpenQueueingNetwork.xml (RunModel)" time="2.664" />
  <testcase classname="ptolemy.util.test.junit.AutoTests" name="[47] /home/travis/build/icyphy/ptII/ptolemy/domains/de/test/auto/OpenQueuingNetwork.xml (RunModel)" time="0.315" />
  <testcase classname="ptolemy.util.test.junit.AutoTests" name="[48] /home/travis/build/icyphy/ptII/ptolemy/domains/de/test/auto/PeriodicSampler.xml (RunModel)" time="0.013" />
  <testcase classname="ptolemy.util.test.junit.AutoTests" name="[49] /home/travis/build/icyphy/ptII/ptolemy/domains/de/test/auto/PersistentIO.xml (RunModel)" time="0.019" />
  <testcase classname="ptolemy.util.test.junit.AutoTests" name="[50] /home/travis/build/icyphy/ptII/ptolemy/domains/de/test/auto/PortParameterResetOnInitialize.xml (RunModel)" time="0.01" />
  <testcase classname="ptolemy.util.test.junit.AutoTests" name="[51] /home/travis/build/icyphy/ptII/ptolemy/domains/de/test/auto/PortParameterUpdates.xml (RunModel)" time="0.016" />
  <testcase classname="ptolemy.util.test.junit.AutoTests" name="[52] /home/travis/build/icyphy/ptII/ptolemy/domains/de/test/auto/QueueAndServer.xml (RunModel)" time="0.021" />
  <testcase classname="ptolemy.util.test.junit.AutoTests" name="[53] /home/travis/build/icyphy/ptII/ptolemy/domains/de/test/auto/Records.xml (RunModel)" time="0.02" />
  <testcase classname="ptolemy.util.test.junit.AutoTests" name="[54] /home/travis/build/icyphy/ptII/ptolemy/domains/de/test/auto/ResetTransitionWithStartTime1.xml (RunModel)" time="0.021" />
  <testcase classname="ptolemy.util.test.junit.AutoTests" name="[55] /home/travis/build/icyphy/ptII/ptolemy/domains/de/test/auto/ResetTransitionWithStartTime2.xml (RunModel)" time="0.019" />
  <testcase classname="ptolemy.util.test.junit.AutoTests" name="[56] /home/travis/build/icyphy/ptII/ptolemy/domains/de/test/auto/ResetTransitionWithStartTime3.xml (RunModel)" time="0.021" />
  <testcase classname="ptolemy.util.test.junit.AutoTests" name="[57] /home/travis/build/icyphy/ptII/ptolemy/domains/de/test/auto/ResetTransitionWithStartTime4.xml (RunModel)" time="0.02" />
  <testcase classname="ptolemy.util.test.junit.AutoTests" name="[58] /home/travis/build/icyphy/ptII/ptolemy/domains/de/test/auto/ResettableTimer1.xml (RunModel)" time="0.011" />
  <testcase classname="ptolemy.util.test.junit.AutoTests" name="[59] /home/travis/build/icyphy/ptII/ptolemy/domains/de/test/auto/ResettableTimer2.xml (RunModel)" time="0.01" />
  <testcase classname="ptolemy.util.test.junit.AutoTests" name="[60] /home/travis/build/icyphy/ptII/ptolemy/domains/de/test/auto/ResettableTimer3.xml (RunModel)" time="0.009" />
  <testcase classname="ptolemy.util.test.junit.AutoTests" name="[61] /home/travis/build/icyphy/ptII/ptolemy/domains/de/test/auto/ResettableTimer4.xml (RunModel)" time="0.009" />
  <testcase classname="ptolemy.util.test.junit.AutoTests" name="[62] /home/travis/build/icyphy/ptII/ptolemy/domains/de/test/auto/ResettableTimer5.xml (RunModel)" time="0.01" />
  <testcase classname="ptolemy.util.test.junit.AutoTests" name="[63] /home/travis/build/icyphy/ptII/ptolemy/domains/de/test/auto/ResettableTimer6.xml (RunModel)" time="0.02" />
  <testcase classname="ptolemy.util.test.junit.AutoTests" name="[64] /home/travis/build/icyphy/ptII/ptolemy/domains/de/test/auto/ServerZeroDelay.xml (RunModel)" time="0.012" />
  <testcase classname="ptolemy.util.test.junit.AutoTests" name="[65] /home/travis/build/icyphy/ptII/ptolemy/domains/de/test/auto/SmartSender.xml (RunModel)" time="3.012" />
  <testcase classname="ptolemy.util.test.junit.AutoTests" name="[66] /home/travis/build/icyphy/ptII/ptolemy/domains/de/test/auto/ThreadedComposite.xml (RunModel)" time="0.137" />
  <testcase classname="ptolemy.util.test.junit.AutoTests" name="[67] /home/travis/build/icyphy/ptII/ptolemy/domains/de/test/auto/Time.xml (RunModel)" time="0.463" />
  <testcase classname="ptolemy.util.test.junit.AutoTests" name="[68] /home/travis/build/icyphy/ptII/ptolemy/domains/de/test/auto/TimeDelayZeroDelay.xml (RunModel)" time="0.011" />
  <testcase classname="ptolemy.util.test.junit.AutoTests" name="[69] /home/travis/build/icyphy/ptII/ptolemy/domains/de/test/auto/TimerZeroDelay.xml (RunModel)" time="0.016" />
  <testcase classname="ptolemy.util.test.junit.AutoTests" name="[70] /home/travis/build/icyphy/ptII/ptolemy/domains/de/test/auto/TimingParadox.xml (RunModel)" time="0.377" />
  <testcase classname="ptolemy.util.test.junit.AutoTests" name="[71] /home/travis/build/icyphy/ptII/ptolemy/domains/de/test/auto/TransferInputs.xml (RunModel)" time="0.019" />
  <testcase classname="ptolemy.util.test.junit.AutoTests" name="[72] /home/travis/build/icyphy/ptII/ptolemy/domains/de/test/auto/TransferOutputs2.xml (RunModel)" time="0.016" />
  <testcase classname="ptolemy.util.test.junit.AutoTests" name="[73] /home/travis/build/icyphy/ptII/ptolemy/domains/de/test/auto/Trilateration.xml (RunModel)" time="14.208" />
  <testcase classname="ptolemy.util.test.junit.AutoTests" name="[74] /home/travis/build/icyphy/ptII/ptolemy/domains/de/test/auto/TwoSigmaDelta.xml (RunModel)" time="2.355" />
  <testcase classname="ptolemy.util.test.junit.AutoTests" name="[75] /home/travis/build/icyphy/ptII/ptolemy/domains/de/test/auto/VariableDelay.xml (RunModel)" time="0.012" />
  <testcase classname="ptolemy.util.test.junit.AutoTests" name="[76] /home/travis/build/icyphy/ptII/ptolemy/domains/de/test/auto/VariableDelay2.xml (RunModel)" time="0.013" />
  <testcase classname="ptolemy.util.test.junit.AutoTests" name="[77] /home/travis/build/icyphy/ptII/ptolemy/domains/de/test/auto/VariableDelayZeroDelay.xml (RunModel)" time="0.025" />
  <testcase classname="ptolemy.util.test.junit.AutoTests" name="[78] /home/travis/build/icyphy/ptII/ptolemy/domains/de/test/auto/VariableDelayZeroDelay2.xml (RunModel)" time="0.032" />
  <testcase classname="ptolemy.util.test.junit.AutoTests" name="[79] /home/travis/build/icyphy/ptII/ptolemy/domains/de/test/auto/deInCt.xml (RunModel)" time="0.022" />
  <testcase classname="ptolemy.util.test.junit.AutoTests" name="[80] /home/travis/build/icyphy/ptII/ptolemy/domains/de/test/auto/deInCt2.xml (RunModel)" time="0.022" />
  <testcase classname="ptolemy.util.test.junit.AutoTests" name="[81] /home/travis/build/icyphy/ptII/ptolemy/domains/de/test/auto/dynamicCausalityInterface1.xml (RunModel)" time="0.019" />
  <testcase classname="ptolemy.util.test.junit.AutoTests" name="[82] /home/travis/build/icyphy/ptII/ptolemy/domains/de/test/auto/fsm_de_test.xml (RunModel)" time="0.037" />
  <testcase classname="ptolemy.util.test.junit.AutoTests" name="[83] /home/travis/build/icyphy/ptII/ptolemy/domains/de/test/auto/functionDependencyReconstruction.xml (RunModel)" time="0.036" />
  <testcase classname="ptolemy.util.test.junit.AutoTests" name="[84] /home/travis/build/icyphy/ptII/ptolemy/domains/de/test/auto/multirate.xml (RunModel)" time="0.021" />
  <testcase classname="ptolemy.util.test.junit.AutoTests" name="[85] /home/travis/build/icyphy/ptII/ptolemy/domains/de/test/auto/multirate2.xml (RunModel)" time="0.016" />
  <testcase classname="ptolemy.util.test.junit.AutoTests" name="[86] /home/travis/build/icyphy/ptII/ptolemy/domains/de/test/auto/realtime.xml (RunModel)" time="10.013" />
  <testcase classname="ptolemy.util.test.junit.AutoTests" name="[87] /home/travis/build/icyphy/ptII/ptolemy/domains/de/test/auto/relationGroup.xml (RunModel)" time="0.014" />
  <testcase classname="ptolemy.util.test.junit.AutoTests" name="[88] /home/travis/build/icyphy/ptII/ptolemy/domains/de/test/auto/relationGroup2.xml (RunModel)" time="0.007" />
  <testcase classname="ptolemy.util.test.junit.AutoTests" name="[89] /home/travis/build/icyphy/ptII/ptolemy/domains/de/test/auto/sortWithOpaquePorts.xml (RunModel)" time="0.007" />
  <testcase classname="ptolemy.util.test.junit.AutoTests" name="[90] /home/travis/build/icyphy/ptII/ptolemy/domains/de/test/auto/transferInputsandOutputs.xml (RunModel)" time="0.015" />
  <testcase classname="ptolemy.util.test.junit.AutoTests" name="[91] /home/travis/build/icyphy/ptII/ptolemy/domains/de/test/auto/triggerType.xml (RunModel)" time="0.007" />
  <system-out><![CDATA[/home/travis/build/icyphy/ptII/ptolemy/domains/de/test/DependencyLoop.tcl
testDefs.tcl: setting time out to 9000 seconds at Wed Jul 10 22:28:33 UTC 2019
62 ms. Memory: 120832K Free: 99151K (82%)
20 ms. Memory: 173056K Free: 155128K (90%)
/home/travis/build/icyphy/ptII/ptolemy/domains/de/test/RunDETestsAsQSS.tcl
Run the DE tests using ptolemy.domains.qss.test.QSSDirectorTest, which extends QSSDirector and prints a message in the constructors.
------------------ testing $PTII/ptolemy/domains/de/test/auto/knownFailedTests/DirectFeedback.xml (Known Failure) 
64 ms. Memory: 173056K Free: 148984K (86%)


==== $PTIIhome/travis/build/icyphy/ptII/ptolemy/domains/de/test/../../../../: Auto Automatic test in file $PTII/ptolemy/domains/de/test/auto/knownFailedTests/DirectFeedback.xml
==== Contents of test case:

	    # FIXME: we should use $relativeFilename here, but it
	    # might have backslashes under Windows, which causes no end
	    # of trouble.
	    createAndExecute $file
	    list {}
	
.... Test generated KNOWN error:
    while executing
ptolemy.kernel.util.IllegalActionException: Test fails in iteration 1.
Value was: 1.0. Should have been: 2.0
  in .DirectFeedback.Test
	at ptolemy.actor.lib.Test.fire(Test.java:268)
	at ptolemy.domains.de.kernel.DEDirector._fire(DEDirector.java:1949)
	at ptolemy.domains.de.kernel.DEDirector.fire(DEDirector.java:502)
	at ptolemy.actor.CompositeActor.fire(CompositeActor.java:455)
	at ptolemy.actor.Manager.iterate(Manager.java:851)
	at ptolemy.actor.Manager.execute(Manager.java:369)
	at ptolemy.actor.Manager.run(Manager.java:1263)
	at ptolemy.actor.Manager$PtolemyRunThread.run(Manager.java:1915)

    while executing
ptolemy.kernel.util.IllegalActionException: Test fails in iteration 1.
Value was: 1.0. Should have been: 2.0
  in .DirectFeedback.Test
    while executing
"java::new ptolemy.moml.MoMLSimpleApplication $file
"
    (procedure "createAndExecute" line 2)
    invoked from within
"createAndExecute $file"
    ("uplevel" body line 5)
    invoked from within
"uplevel $contents_of_test"
------------------ testing $PTII/ptolemy/domains/de/test/auto/knownFailedTests/dependencyLoop.xml (Known Failure) 
25 ms. Memory: 173056K Free: 145912K (84%)


==== $PTIIhome/travis/build/icyphy/ptII/ptolemy/domains/de/test/../../../../: Auto Automatic test in file $PTII/ptolemy/domains/de/test/auto/knownFailedTests/dependencyLoop.xml
==== Contents of test case:

	    # FIXME: we should use $relativeFilename here, but it
	    # might have backslashes under Windows, which causes no end
	    # of trouble.
	    createAndExecute $file
	    list {}
	
.... Test generated KNOWN error:
    while executing
ptolemy.kernel.util.IllegalActionException: Found a zero delay loop containing .dependencyLoop.original
  in .dependencyLoop and .dependencyLoop.original
	at ptolemy.actor.util.CausalityInterfaceForComposites._computeOutputPortDepth(CausalityInterfaceForComposites.java:759)
	at ptolemy.actor.util.CausalityInterfaceForComposites._computeInputDepth(CausalityInterfaceForComposites.java:696)
	at ptolemy.actor.util.CausalityInterfaceForComposites._computeOutputPortDepth(CausalityInterfaceForComposites.java:765)
	at ptolemy.actor.util.CausalityInterfaceForComposites._computeInputDepth(CausalityInterfaceForComposites.java:696)
	at ptolemy.actor.util.CausalityInterfaceForComposites._computeOutputPortDepth(CausalityInterfaceForComposites.java:765)
	at ptolemy.actor.util.CausalityInterfaceForComposites._computeInputDepth(CausalityInterfaceForComposites.java:696)
	at ptolemy.actor.util.CausalityInterfaceForComposites._computeActorDepth(CausalityInterfaceForComposites.java:532)
	at ptolemy.actor.util.CausalityInterfaceForComposites.checkForCycles(CausalityInterfaceForComposites.java:96)
	at ptolemy.domains.de.kernel.DEDirector.preinitialize(DEDirector.java:1338)
	at ptolemy.actor.CompositeActor.preinitialize(CompositeActor.java:1828)
	at ptolemy.actor.Manager.preinitializeAndResolveTypes(Manager.java:1040)
	at ptolemy.actor.Manager.initialize(Manager.java:710)
	at ptolemy.actor.Manager.execute(Manager.java:356)
	at ptolemy.actor.Manager.run(Manager.java:1263)
	at ptolemy.actor.Manager$PtolemyRunThread.run(Manager.java:1915)

    while executing
ptolemy.kernel.util.IllegalActionException: Found a zero delay loop containing .dependencyLoop.original
  in .dependencyLoop and .dependencyLoop.original
    while executing
"java::new ptolemy.moml.MoMLSimpleApplication $file
"
    (procedure "createAndExecute" line 2)
    invoked from within
"createAndExecute $file"
    ("uplevel" body line 5)
    invoked from within
"uplevel $contents_of_test"
------------------ testing $PTII/ptolemy/domains/de/test/auto/knownFailedTests/FSMSource.xml (Known Failure) 
46 ms. Memory: 173056K Free: 136186K (79%)
!!!! Auto was marked as failing, but now passes
------------------ testing $PTII/ptolemy/domains/de/test/auto/knownFailedTests/HierarchicalModel.xml (Known Failure) 
12 ms. Memory: 173056K Free: 118264K (68%)


==== $PTIIhome/travis/build/icyphy/ptII/ptolemy/domains/de/test/../../../../: Auto Automatic test in file $PTII/ptolemy/domains/de/test/auto/knownFailedTests/HierarchicalModel.xml
==== Contents of test case:

	    # FIXME: we should use $relativeFilename here, but it
	    # might have backslashes under Windows, which causes no end
	    # of trouble.
	    createAndExecute $file
	    list {}
	
.... Test generated KNOWN error:
    while executing
ptolemy.kernel.util.IllegalActionException: Found a zero delay loop containing .HierarchicalModel.A
  in .HierarchicalModel and .HierarchicalModel.A
	at ptolemy.actor.util.CausalityInterfaceForComposites._computeOutputPortDepth(CausalityInterfaceForComposites.java:759)
	at ptolemy.actor.util.CausalityInterfaceForComposites._computeInputDepth(CausalityInterfaceForComposites.java:696)
	at ptolemy.actor.util.CausalityInterfaceForComposites._computeOutputPortDepth(CausalityInterfaceForComposites.java:765)
	at ptolemy.actor.util.CausalityInterfaceForComposites._computeInputDepth(CausalityInterfaceForComposites.java:696)
	at ptolemy.actor.util.CausalityInterfaceForComposites._computeOutputPortDepth(CausalityInterfaceForComposites.java:765)
	at ptolemy.actor.util.CausalityInterfaceForComposites._computeInputDepth(CausalityInterfaceForComposites.java:696)
	at ptolemy.actor.util.CausalityInterfaceForComposites._computeActorDepth(CausalityInterfaceForComposites.java:532)
	at ptolemy.actor.util.CausalityInterfaceForComposites.checkForCycles(CausalityInterfaceForComposites.java:96)
	at ptolemy.domains.de.kernel.DEDirector.preinitialize(DEDirector.java:1338)
	at ptolemy.actor.CompositeActor.preinitialize(CompositeActor.java:1828)
	at ptolemy.actor.Manager.preinitializeAndResolveTypes(Manager.java:1040)
	at ptolemy.actor.Manager.initialize(Manager.java:710)
	at ptolemy.actor.Manager.execute(Manager.java:356)
	at ptolemy.actor.Manager.run(Manager.java:1263)
	at ptolemy.actor.Manager$PtolemyRunThread.run(Manager.java:1915)

    while executing
ptolemy.kernel.util.IllegalActionException: Found a zero delay loop containing .HierarchicalModel.A
  in .HierarchicalModel and .HierarchicalModel.A
    while executing
"java::new ptolemy.moml.MoMLSimpleApplication $file
"
    (procedure "createAndExecute" line 2)
    invoked from within
"createAndExecute $file"
    ("uplevel" body line 5)
    invoked from within
"uplevel $contents_of_test"
------------------ testing $PTII/ptolemy/domains/de/test/auto/knownFailedTests/dependencyLoop2.xml (Known Failure) 
8 ms. Memory: 173056K Free: 115192K (67%)


==== $PTIIhome/travis/build/icyphy/ptII/ptolemy/domains/de/test/../../../../: Auto Automatic test in file $PTII/ptolemy/domains/de/test/auto/knownFailedTests/dependencyLoop2.xml
==== Contents of test case:

	    # FIXME: we should use $relativeFilename here, but it
	    # might have backslashes under Windows, which causes no end
	    # of trouble.
	    createAndExecute $file
	    list {}
	
.... Test generated KNOWN error:
    while executing
ptolemy.kernel.util.IllegalActionException: Found a zero delay loop containing .dependencyLoop2.original
  in .dependencyLoop2 and .dependencyLoop2.original
	at ptolemy.actor.util.CausalityInterfaceForComposites._computeOutputPortDepth(CausalityInterfaceForComposites.java:759)
	at ptolemy.actor.util.CausalityInterfaceForComposites._computeInputDepth(CausalityInterfaceForComposites.java:696)
	at ptolemy.actor.util.CausalityInterfaceForComposites._computeOutputPortDepth(CausalityInterfaceForComposites.java:765)
	at ptolemy.actor.util.CausalityInterfaceForComposites._computeInputDepth(CausalityInterfaceForComposites.java:696)
	at ptolemy.actor.util.CausalityInterfaceForComposites._computeOutputPortDepth(CausalityInterfaceForComposites.java:765)
	at ptolemy.actor.util.CausalityInterfaceForComposites._computeInputDepth(CausalityInterfaceForComposites.java:696)
	at ptolemy.actor.util.CausalityInterfaceForComposites._computeActorDepth(CausalityInterfaceForComposites.java:532)
	at ptolemy.actor.util.CausalityInterfaceForComposites.checkForCycles(CausalityInterfaceForComposites.java:96)
	at ptolemy.domains.de.kernel.DEDirector.preinitialize(DEDirector.java:1338)
	at ptolemy.actor.CompositeActor.preinitialize(CompositeActor.java:1828)
	at ptolemy.actor.Manager.preinitializeAndResolveTypes(Manager.java:1040)
	at ptolemy.actor.Manager.initialize(Manager.java:710)
	at ptolemy.actor.Manager.execute(Manager.java:356)
	at ptolemy.actor.Manager.run(Manager.java:1263)
	at ptolemy.actor.Manager$PtolemyRunThread.run(Manager.java:1915)

    while executing
ptolemy.kernel.util.IllegalActionException: Found a zero delay loop containing .dependencyLoop2.original
  in .dependencyLoop2 and .dependencyLoop2.original
    while executing
"java::new ptolemy.moml.MoMLSimpleApplication $file
"
    (procedure "createAndExecute" line 2)
    invoked from within
"createAndExecute $file"
    ("uplevel" body line 5)
    invoked from within
"uplevel $contents_of_test"
------------------ testing $PTII/ptolemy/domains/de/test/auto/knownFailedTests/DESDFClockTest.xml (Known Failure) 
2072 ms. Memory: 173056K Free: 101880K (59%)


==== $PTIIhome/travis/build/icyphy/ptII/ptolemy/domains/de/test/../../../../: Auto Automatic test in file $PTII/ptolemy/domains/de/test/auto/knownFailedTests/DESDFClockTest.xml
==== Contents of test case:

	    # FIXME: we should use $relativeFilename here, but it
	    # might have backslashes under Windows, which causes no end
	    # of trouble.
	    createAndExecute $file
	    list {}
	
.... Test generated KNOWN error:
    while executing
ptolemy.kernel.util.IllegalActionException: Actor is not ready to fire.  Perhaps UpSample.prefire() returned false? Try debugging the actor by selecting "Listen to Actor".  Also, for SDF check moml for tokenConsumptionRate on input.
  in .DESDFClockTest.Play Bell.Copy1:SDF Director and .DESDFClockTest.Play Bell.UpSample
	at ptolemy.actor.sched.StaticSchedulingDirector.fire(StaticSchedulingDirector.java:227)
	at ptolemy.domains.sdf.kernel.SDFDirector.fire(SDFDirector.java:500)
	at ptolemy.actor.CompositeActor.fire(CompositeActor.java:455)
	at ptolemy.domains.de.kernel.DEDirector._fire(DEDirector.java:1949)
	at ptolemy.domains.de.kernel.DEDirector.fire(DEDirector.java:502)
	at ptolemy.actor.CompositeActor.fire(CompositeActor.java:455)
	at ptolemy.actor.Manager.iterate(Manager.java:851)
	at ptolemy.actor.Manager.execute(Manager.java:369)
	at ptolemy.actor.Manager.run(Manager.java:1263)
	at ptolemy.actor.Manager$PtolemyRunThread.run(Manager.java:1915)

    while executing
ptolemy.kernel.util.IllegalActionException: Actor is not ready to fire.  Perhaps UpSample.prefire() returned false? Try debugging the actor by selecting "Listen to Actor".  Also, for SDF check moml for tokenConsumptionRate on input.
  in .DESDFClockTest.Play Bell.Copy1:SDF Director and .DESDFClockTest.Play Bell.UpSample
    while executing
"java::new ptolemy.moml.MoMLSimpleApplication $file
"
    (procedure "createAndExecute" line 2)
    invoked from within
"createAndExecute $file"
    ("uplevel" body line 5)
    invoked from within
"uplevel $contents_of_test"
------------------ testing $PTII/ptolemy/domains/de/test/auto/ActorDepthCalculation_actorWithoutPorts.xml
auto.tcl: Setting watchdog for 200 seconds at Wed Jul 10 22:28:36 UTC 2019
11 ms. Memory: 173056K Free: 94202K (54%)
ptolemy.util.test.WatchDog.cancel(): canceling Wed Jul 10 22:28:36 UTC 2019
auto.tcl: Setting watchdog for 200 seconds at Wed Jul 10 22:28:36 UTC 2019
8 ms. Memory: 173056K Free: 92664K (54%)
ptolemy.util.test.WatchDog.cancel(): canceling Wed Jul 10 22:28:36 UTC 2019
------------------ testing $PTII/ptolemy/domains/de/test/auto/AssemblyLine.xml
auto.tcl: Setting watchdog for 200 seconds at Wed Jul 10 22:28:37 UTC 2019
17 ms. Memory: 48128K Free: 25094K (52%)
ptolemy.util.test.WatchDog.cancel(): canceling Wed Jul 10 22:28:37 UTC 2019
auto.tcl: Setting watchdog for 200 seconds at Wed Jul 10 22:28:37 UTC 2019
15 ms. Memory: 48128K Free: 24211K (50%)
ptolemy.util.test.WatchDog.cancel(): canceling Wed Jul 10 22:28:37 UTC 2019
------------------ testing $PTII/ptolemy/domains/de/test/auto/CQBug1.xml
auto.tcl: Setting watchdog for 200 seconds at Wed Jul 10 22:28:37 UTC 2019
3 ms. Memory: 48128K Free: 30925K (64%)
ptolemy.util.test.WatchDog.cancel(): canceling Wed Jul 10 22:28:37 UTC 2019
auto.tcl: Setting watchdog for 200 seconds at Wed Jul 10 22:28:37 UTC 2019
3 ms. Memory: 48128K Free: 30619K (64%)
ptolemy.util.test.WatchDog.cancel(): canceling Wed Jul 10 22:28:37 UTC 2019
------------------ testing $PTII/ptolemy/domains/de/test/auto/CancelFireAt.xml
auto.tcl: Setting watchdog for 200 seconds at Wed Jul 10 22:28:37 UTC 2019
14 ms. Memory: 48128K Free: 31829K (66%)
ptolemy.util.test.WatchDog.cancel(): canceling Wed Jul 10 22:28:37 UTC 2019
auto.tcl: Setting watchdog for 200 seconds at Wed Jul 10 22:28:37 UTC 2019
2 ms. Memory: 48128K Free: 31484K (65%)
ptolemy.util.test.WatchDog.cancel(): canceling Wed Jul 10 22:28:37 UTC 2019
------------------ testing $PTII/ptolemy/domains/de/test/auto/CausalityAndComposabilityAnalysis.xml
auto.tcl: Setting watchdog for 200 seconds at Wed Jul 10 22:28:37 UTC 2019
18 ms. Memory: 48128K Free: 30021K (62%)
ptolemy.util.test.WatchDog.cancel(): canceling Wed Jul 10 22:28:37 UTC 2019
auto.tcl: Setting watchdog for 200 seconds at Wed Jul 10 22:28:37 UTC 2019
10 ms. Memory: 48128K Free: 29386K (61%)
ptolemy.util.test.WatchDog.cancel(): canceling Wed Jul 10 22:28:37 UTC 2019
------------------ testing $PTII/ptolemy/domains/de/test/auto/CausalityInterface1.xml
auto.tcl: Setting watchdog for 200 seconds at Wed Jul 10 22:28:37 UTC 2019
29 ms. Memory: 48128K Free: 28777K (60%)
ptolemy.util.test.WatchDog.cancel(): canceling Wed Jul 10 22:28:37 UTC 2019
auto.tcl: Setting watchdog for 200 seconds at Wed Jul 10 22:28:37 UTC 2019
8 ms. Memory: 48128K Free: 27513K (57%)
ptolemy.util.test.WatchDog.cancel(): canceling Wed Jul 10 22:28:37 UTC 2019
------------------ testing $PTII/ptolemy/domains/de/test/auto/CausalityInterface15.xml
auto.tcl: Setting watchdog for 200 seconds at Wed Jul 10 22:28:37 UTC 2019
5 ms. Memory: 48128K Free: 28900K (60%)
ptolemy.util.test.WatchDog.cancel(): canceling Wed Jul 10 22:28:37 UTC 2019
auto.tcl: Setting watchdog for 200 seconds at Wed Jul 10 22:28:37 UTC 2019
4 ms. Memory: 48128K Free: 27751K (58%)
ptolemy.util.test.WatchDog.cancel(): canceling Wed Jul 10 22:28:37 UTC 2019
------------------ testing $PTII/ptolemy/domains/de/test/auto/CausalityInterface2.xml
auto.tcl: Setting watchdog for 200 seconds at Wed Jul 10 22:28:37 UTC 2019
7 ms. Memory: 48128K Free: 29420K (61%)
ptolemy.util.test.WatchDog.cancel(): canceling Wed Jul 10 22:28:38 UTC 2019
auto.tcl: Setting watchdog for 200 seconds at Wed Jul 10 22:28:38 UTC 2019
3 ms. Memory: 48128K Free: 28669K (60%)
ptolemy.util.test.WatchDog.cancel(): canceling Wed Jul 10 22:28:38 UTC 2019
------------------ testing $PTII/ptolemy/domains/de/test/auto/CausalityInterface3.xml
auto.tcl: Setting watchdog for 200 seconds at Wed Jul 10 22:28:38 UTC 2019
9 ms. Memory: 48128K Free: 29095K (60%)
ptolemy.util.test.WatchDog.cancel(): canceling Wed Jul 10 22:28:38 UTC 2019
auto.tcl: Setting watchdog for 200 seconds at Wed Jul 10 22:28:38 UTC 2019
3 ms. Memory: 48128K Free: 28451K (59%)
ptolemy.util.test.WatchDog.cancel(): canceling Wed Jul 10 22:28:38 UTC 2019
------------------ testing $PTII/ptolemy/domains/de/test/auto/ClockDrift.xml
auto.tcl: Setting watchdog for 200 seconds at Wed Jul 10 22:28:38 UTC 2019
93 ms. Memory: 48128K Free: 21526K (45%)
ptolemy.util.test.WatchDog.cancel(): canceling Wed Jul 10 22:28:38 UTC 2019
auto.tcl: Setting watchdog for 200 seconds at Wed Jul 10 22:28:38 UTC 2019
53 ms. Memory: 48128K Free: 18231K (38%)
ptolemy.util.test.WatchDog.cancel(): canceling Wed Jul 10 22:28:38 UTC 2019
------------------ testing $PTII/ptolemy/domains/de/test/auto/ClockDriftAndValueChange.xml
auto.tcl: Setting watchdog for 200 seconds at Wed Jul 10 22:28:38 UTC 2019
23 ms. Memory: 48128K Free: 22001K (46%)
ptolemy.util.test.WatchDog.cancel(): canceling Wed Jul 10 22:28:38 UTC 2019
auto.tcl: Setting watchdog for 200 seconds at Wed Jul 10 22:28:38 UTC 2019
23 ms. Memory: 48128K Free: 18794K (39%)
ptolemy.util.test.WatchDog.cancel(): canceling Wed Jul 10 22:28:38 UTC 2019
------------------ testing $PTII/ptolemy/domains/de/test/auto/ClockDriftChange.xml
auto.tcl: Setting watchdog for 200 seconds at Wed Jul 10 22:28:38 UTC 2019
26 ms. Memory: 48128K Free: 23610K (49%)
ptolemy.util.test.WatchDog.cancel(): canceling Wed Jul 10 22:28:38 UTC 2019
auto.tcl: Setting watchdog for 200 seconds at Wed Jul 10 22:28:38 UTC 2019
26 ms. Memory: 48128K Free: 21144K (44%)
ptolemy.util.test.WatchDog.cancel(): canceling Wed Jul 10 22:28:38 UTC 2019
------------------ testing $PTII/ptolemy/domains/de/test/auto/ComposableCausalityAnalysis.xml
auto.tcl: Setting watchdog for 200 seconds at Wed Jul 10 22:28:38 UTC 2019
2 ms. Memory: 48128K Free: 28127K (58%)
ptolemy.util.test.WatchDog.cancel(): canceling Wed Jul 10 22:28:38 UTC 2019
auto.tcl: Setting watchdog for 200 seconds at Wed Jul 10 22:28:38 UTC 2019
3 ms. Memory: 48128K Free: 27316K (57%)
ptolemy.util.test.WatchDog.cancel(): canceling Wed Jul 10 22:28:38 UTC 2019
------------------ testing $PTII/ptolemy/domains/de/test/auto/DEFixedPointLimitation.xml
auto.tcl: Setting watchdog for 200 seconds at Wed Jul 10 22:28:38 UTC 2019
2 ms. Memory: 48128K Free: 29391K (61%)
ptolemy.util.test.WatchDog.cancel(): canceling Wed Jul 10 22:28:38 UTC 2019
auto.tcl: Setting watchdog for 200 seconds at Wed Jul 10 22:28:38 UTC 2019
4 ms. Memory: 48128K Free: 28710K (60%)
ptolemy.util.test.WatchDog.cancel(): canceling Wed Jul 10 22:28:38 UTC 2019
------------------ testing $PTII/ptolemy/domains/de/test/auto/DEScheduleTest.xml
auto.tcl: Setting watchdog for 200 seconds at Wed Jul 10 22:28:38 UTC 2019
7 ms. Memory: 48128K Free: 29858K (62%)
ptolemy.util.test.WatchDog.cancel(): canceling Wed Jul 10 22:28:38 UTC 2019
auto.tcl: Setting watchdog for 200 seconds at Wed Jul 10 22:28:38 UTC 2019
3 ms. Memory: 48128K Free: 29075K (60%)
ptolemy.util.test.WatchDog.cancel(): canceling Wed Jul 10 22:28:38 UTC 2019
------------------ testing $PTII/ptolemy/domains/de/test/auto/DEinDEwithStartTimes.xml
auto.tcl: Setting watchdog for 200 seconds at Wed Jul 10 22:28:38 UTC 2019
12 ms. Memory: 48128K Free: 28175K (59%)
ptolemy.util.test.WatchDog.cancel(): canceling Wed Jul 10 22:28:39 UTC 2019
auto.tcl: Setting watchdog for 200 seconds at Wed Jul 10 22:28:39 UTC 2019
4 ms. Memory: 48128K Free: 27065K (56%)
ptolemy.util.test.WatchDog.cancel(): canceling Wed Jul 10 22:28:39 UTC 2019
------------------ testing $PTII/ptolemy/domains/de/test/auto/DEinDEwithStartTimes2.xml
auto.tcl: Setting watchdog for 200 seconds at Wed Jul 10 22:28:39 UTC 2019
5 ms. Memory: 48128K Free: 27398K (57%)
ptolemy.util.test.WatchDog.cancel(): canceling Wed Jul 10 22:28:39 UTC 2019
auto.tcl: Setting watchdog for 200 seconds at Wed Jul 10 22:28:39 UTC 2019
5 ms. Memory: 48128K Free: 26044K (54%)
ptolemy.util.test.WatchDog.cancel(): canceling Wed Jul 10 22:28:39 UTC 2019
------------------ testing $PTII/ptolemy/domains/de/test/auto/DateDemo.xml
auto.tcl: Setting watchdog for 200 seconds at Wed Jul 10 22:28:39 UTC 2019
20 ms. Memory: 48128K Free: 21821K (45%)
ptolemy.util.test.WatchDog.cancel(): canceling Wed Jul 10 22:28:39 UTC 2019
auto.tcl: Setting watchdog for 200 seconds at Wed Jul 10 22:28:39 UTC 2019
27 ms. Memory: 48128K Free: 20143K (42%)
ptolemy.util.test.WatchDog.cancel(): canceling Wed Jul 10 22:28:39 UTC 2019
------------------ testing $PTII/ptolemy/domains/de/test/auto/DateToEvent.xml
auto.tcl: Setting watchdog for 200 seconds at Wed Jul 10 22:28:39 UTC 2019
2021 ms. Memory: 48128K Free: 17550K (36%)
ptolemy.util.test.WatchDog.cancel(): canceling Wed Jul 10 22:28:41 UTC 2019
auto.tcl: Setting watchdog for 200 seconds at Wed Jul 10 22:28:41 UTC 2019
2005 ms. Memory: 48128K Free: 16886K (35%)
ptolemy.util.test.WatchDog.cancel(): canceling Wed Jul 10 22:28:43 UTC 2019
------------------ testing $PTII/ptolemy/domains/de/test/auto/DepthTest1.xml
auto.tcl: Setting watchdog for 200 seconds at Wed Jul 10 22:28:43 UTC 2019
2 ms. Memory: 48128K Free: 30450K (63%)
ptolemy.util.test.WatchDog.cancel(): canceling Wed Jul 10 22:28:43 UTC 2019
auto.tcl: Setting watchdog for 200 seconds at Wed Jul 10 22:28:43 UTC 2019
2 ms. Memory: 48128K Free: 30121K (63%)
ptolemy.util.test.WatchDog.cancel(): canceling Wed Jul 10 22:28:43 UTC 2019
------------------ testing $PTII/ptolemy/domains/de/test/auto/DepthTest2.xml
auto.tcl: Setting watchdog for 200 seconds at Wed Jul 10 22:28:43 UTC 2019
4 ms. Memory: 48128K Free: 27563K (57%)
ptolemy.util.test.WatchDog.cancel(): canceling Wed Jul 10 22:28:43 UTC 2019
auto.tcl: Setting watchdog for 200 seconds at Wed Jul 10 22:28:43 UTC 2019
3 ms. Memory: 48128K Free: 26964K (56%)
ptolemy.util.test.WatchDog.cancel(): canceling Wed Jul 10 22:28:43 UTC 2019
------------------ testing $PTII/ptolemy/domains/de/test/auto/DepthTest3.xml
auto.tcl: Setting watchdog for 200 seconds at Wed Jul 10 22:28:43 UTC 2019
4 ms. Memory: 48128K Free: 31067K (65%)
ptolemy.util.test.WatchDog.cancel(): canceling Wed Jul 10 22:28:43 UTC 2019
auto.tcl: Setting watchdog for 200 seconds at Wed Jul 10 22:28:43 UTC 2019
2 ms. Memory: 48128K Free: 30635K (64%)
ptolemy.util.test.WatchDog.cancel(): canceling Wed Jul 10 22:28:43 UTC 2019
------------------ testing $PTII/ptolemy/domains/de/test/auto/DepthTest4.xml
auto.tcl: Setting watchdog for 200 seconds at Wed Jul 10 22:28:43 UTC 2019
3 ms. Memory: 48128K Free: 29418K (61%)
ptolemy.util.test.WatchDog.cancel(): canceling Wed Jul 10 22:28:43 UTC 2019
auto.tcl: Setting watchdog for 200 seconds at Wed Jul 10 22:28:43 UTC 2019
2 ms. Memory: 48128K Free: 28670K (60%)
ptolemy.util.test.WatchDog.cancel(): canceling Wed Jul 10 22:28:43 UTC 2019
------------------ testing $PTII/ptolemy/domains/de/test/auto/DepthTest5.xml
auto.tcl: Setting watchdog for 200 seconds at Wed Jul 10 22:28:43 UTC 2019
3 ms. Memory: 48128K Free: 28491K (59%)
ptolemy.util.test.WatchDog.cancel(): canceling Wed Jul 10 22:28:43 UTC 2019
auto.tcl: Setting watchdog for 200 seconds at Wed Jul 10 22:28:43 UTC 2019
2 ms. Memory: 48128K Free: 27928K (58%)
ptolemy.util.test.WatchDog.cancel(): canceling Wed Jul 10 22:28:43 UTC 2019
------------------ testing $PTII/ptolemy/domains/de/test/auto/DepthTest6.xml
auto.tcl: Setting watchdog for 200 seconds at Wed Jul 10 22:28:43 UTC 2019
4 ms. Memory: 48128K Free: 28529K (59%)
ptolemy.util.test.WatchDog.cancel(): canceling Wed Jul 10 22:28:43 UTC 2019
auto.tcl: Setting watchdog for 200 seconds at Wed Jul 10 22:28:43 UTC 2019
2 ms. Memory: 48128K Free: 27906K (58%)
ptolemy.util.test.WatchDog.cancel(): canceling Wed Jul 10 22:28:43 UTC 2019
------------------ testing $PTII/ptolemy/domains/de/test/auto/DepthTest7.xml
auto.tcl: Setting watchdog for 200 seconds at Wed Jul 10 22:28:43 UTC 2019
2 ms. Memory: 48128K Free: 29211K (61%)
ptolemy.util.test.WatchDog.cancel(): canceling Wed Jul 10 22:28:44 UTC 2019
auto.tcl: Setting watchdog for 200 seconds at Wed Jul 10 22:28:44 UTC 2019
2 ms. Memory: 48128K Free: 28278K (59%)
ptolemy.util.test.WatchDog.cancel(): canceling Wed Jul 10 22:28:44 UTC 2019
------------------ testing $PTII/ptolemy/domains/de/test/auto/EventToDate.xml
auto.tcl: Setting watchdog for 200 seconds at Wed Jul 10 22:28:44 UTC 2019
3007 ms. Memory: 48128K Free: 19737K (41%)
ptolemy.util.test.WatchDog.cancel(): canceling Wed Jul 10 22:28:47 UTC 2019
auto.tcl: Setting watchdog for 200 seconds at Wed Jul 10 22:28:47 UTC 2019
3003 ms. Memory: 48128K Free: 19090K (40%)
ptolemy.util.test.WatchDog.cancel(): canceling Wed Jul 10 22:28:50 UTC 2019
------------------ testing $PTII/ptolemy/domains/de/test/auto/FSM1.xml
auto.tcl: Setting watchdog for 200 seconds at Wed Jul 10 22:28:50 UTC 2019
20 ms. Memory: 48128K Free: 21282K (44%)
ptolemy.util.test.WatchDog.cancel(): canceling Wed Jul 10 22:28:50 UTC 2019
auto.tcl: Setting watchdog for 200 seconds at Wed Jul 10 22:28:50 UTC 2019
20 ms. Memory: 48128K Free: 18095K (38%)
ptolemy.util.test.WatchDog.cancel(): canceling Wed Jul 10 22:28:50 UTC 2019
------------------ testing $PTII/ptolemy/domains/de/test/auto/FSM7.xml
auto.tcl: Setting watchdog for 200 seconds at Wed Jul 10 22:28:50 UTC 2019
24 ms. Memory: 48128K Free: 21117K (44%)
ptolemy.util.test.WatchDog.cancel(): canceling Wed Jul 10 22:28:50 UTC 2019
auto.tcl: Setting watchdog for 200 seconds at Wed Jul 10 22:28:50 UTC 2019
24 ms. Memory: 48128K Free: 17922K (37%)
ptolemy.util.test.WatchDog.cancel(): canceling Wed Jul 10 22:28:50 UTC 2019
------------------ testing $PTII/ptolemy/domains/de/test/auto/Inspection.xml
auto.tcl: Setting watchdog for 200 seconds at Wed Jul 10 22:28:50 UTC 2019
33 ms. Memory: 48128K Free: 21102K (44%)
ptolemy.util.test.WatchDog.cancel(): canceling Wed Jul 10 22:28:50 UTC 2019
auto.tcl: Setting watchdog for 200 seconds at Wed Jul 10 22:28:50 UTC 2019
19 ms. Memory: 48128K Free: 19309K (40%)
ptolemy.util.test.WatchDog.cancel(): canceling Wed Jul 10 22:28:50 UTC 2019
------------------ testing $PTII/ptolemy/domains/de/test/auto/Iteration.xml
auto.tcl: Setting watchdog for 200 seconds at Wed Jul 10 22:28:50 UTC 2019
7 ms. Memory: 48128K Free: 26635K (55%)
ptolemy.util.test.WatchDog.cancel(): canceling Wed Jul 10 22:28:50 UTC 2019
auto.tcl: Setting watchdog for 200 seconds at Wed Jul 10 22:28:50 UTC 2019
7 ms. Memory: 48128K Free: 25492K (53%)
ptolemy.util.test.WatchDog.cancel(): canceling Wed Jul 10 22:28:50 UTC 2019
------------------ testing $PTII/ptolemy/domains/de/test/auto/LineFault.xml
auto.tcl: Setting watchdog for 200 seconds at Wed Jul 10 22:28:50 UTC 2019
701 ms. Memory: 48128K Free: 26114K (54%)
ptolemy.util.test.WatchDog.cancel(): canceling Wed Jul 10 22:28:51 UTC 2019
auto.tcl: Setting watchdog for 200 seconds at Wed Jul 10 22:28:51 UTC 2019
636 ms. Memory: 58368K Free: 41690K (71%)
ptolemy.util.test.WatchDog.cancel(): canceling Wed Jul 10 22:28:52 UTC 2019
------------------ testing $PTII/ptolemy/domains/de/test/auto/MergeModel1Add.xml
auto.tcl: Setting watchdog for 200 seconds at Wed Jul 10 22:28:52 UTC 2019
20 ms. Memory: 55296K Free: 19649K (36%)
ptolemy.util.test.WatchDog.cancel(): canceling Wed Jul 10 22:28:52 UTC 2019
auto.tcl: Setting watchdog for 200 seconds at Wed Jul 10 22:28:52 UTC 2019
11 ms. Memory: 55296K Free: 18037K (33%)
ptolemy.util.test.WatchDog.cancel(): canceling Wed Jul 10 22:28:52 UTC 2019
------------------ testing $PTII/ptolemy/domains/de/test/auto/MergeModel2Add.xml
auto.tcl: Setting watchdog for 200 seconds at Wed Jul 10 22:28:52 UTC 2019
11 ms. Memory: 55296K Free: 22212K (40%)
ptolemy.util.test.WatchDog.cancel(): canceling Wed Jul 10 22:28:52 UTC 2019
auto.tcl: Setting watchdog for 200 seconds at Wed Jul 10 22:28:52 UTC 2019
9 ms. Memory: 55296K Free: 20762K (38%)
ptolemy.util.test.WatchDog.cancel(): canceling Wed Jul 10 22:28:52 UTC 2019
------------------ testing $PTII/ptolemy/domains/de/test/auto/MergeModel3Add.xml
auto.tcl: Setting watchdog for 200 seconds at Wed Jul 10 22:28:52 UTC 2019
8 ms. Memory: 51200K Free: 17652K (34%)
ptolemy.util.test.WatchDog.cancel(): canceling Wed Jul 10 22:28:52 UTC 2019
auto.tcl: Setting watchdog for 200 seconds at Wed Jul 10 22:28:52 UTC 2019
8 ms. Memory: 51200K Free: 16070K (31%)
ptolemy.util.test.WatchDog.cancel(): canceling Wed Jul 10 22:28:52 UTC 2019
------------------ testing $PTII/ptolemy/domains/de/test/auto/MergeWithoutDiscard.xml
auto.tcl: Setting watchdog for 200 seconds at Wed Jul 10 22:28:52 UTC 2019
2 ms. Memory: 51200K Free: 31999K (62%)
ptolemy.util.test.WatchDog.cancel(): canceling Wed Jul 10 22:28:52 UTC 2019
auto.tcl: Setting watchdog for 200 seconds at Wed Jul 10 22:28:52 UTC 2019
2 ms. Memory: 51200K Free: 31570K (62%)
ptolemy.util.test.WatchDog.cancel(): canceling Wed Jul 10 22:28:52 UTC 2019
------------------ testing $PTII/ptolemy/domains/de/test/auto/Modal1.xml
auto.tcl: Setting watchdog for 200 seconds at Wed Jul 10 22:28:52 UTC 2019
12 ms. Memory: 51200K Free: 24103K (47%)
ptolemy.util.test.WatchDog.cancel(): canceling Wed Jul 10 22:28:52 UTC 2019
auto.tcl: Setting watchdog for 200 seconds at Wed Jul 10 22:28:52 UTC 2019
11 ms. Memory: 51200K Free: 20688K (40%)
ptolemy.util.test.WatchDog.cancel(): canceling Wed Jul 10 22:28:53 UTC 2019
------------------ testing $PTII/ptolemy/domains/de/test/auto/Modal2.xml
auto.tcl: Setting watchdog for 200 seconds at Wed Jul 10 22:28:53 UTC 2019
17 ms. Memory: 51200K Free: 24204K (47%)
ptolemy.util.test.WatchDog.cancel(): canceling Wed Jul 10 22:28:53 UTC 2019
auto.tcl: Setting watchdog for 200 seconds at Wed Jul 10 22:28:53 UTC 2019
13 ms. Memory: 51200K Free: 20965K (41%)
ptolemy.util.test.WatchDog.cancel(): canceling Wed Jul 10 22:28:53 UTC 2019
------------------ testing $PTII/ptolemy/domains/de/test/auto/Modal3.xml
auto.tcl: Setting watchdog for 200 seconds at Wed Jul 10 22:28:53 UTC 2019
17 ms. Memory: 51200K Free: 23946K (47%)
ptolemy.util.test.WatchDog.cancel(): canceling Wed Jul 10 22:28:53 UTC 2019
auto.tcl: Setting watchdog for 200 seconds at Wed Jul 10 22:28:53 UTC 2019
19 ms. Memory: 51200K Free: 20993K (41%)
ptolemy.util.test.WatchDog.cancel(): canceling Wed Jul 10 22:28:53 UTC 2019
------------------ testing $PTII/ptolemy/domains/de/test/auto/Modal4.xml
auto.tcl: Setting watchdog for 200 seconds at Wed Jul 10 22:28:53 UTC 2019
23 ms. Memory: 51200K Free: 23191K (45%)
ptolemy.util.test.WatchDog.cancel(): canceling Wed Jul 10 22:28:53 UTC 2019
auto.tcl: Setting watchdog for 200 seconds at Wed Jul 10 22:28:53 UTC 2019
20 ms. Memory: 51200K Free: 19322K (38%)
ptolemy.util.test.WatchDog.cancel(): canceling Wed Jul 10 22:28:53 UTC 2019
------------------ testing $PTII/ptolemy/domains/de/test/auto/Modal5.xml
auto.tcl: Setting watchdog for 200 seconds at Wed Jul 10 22:28:53 UTC 2019
13 ms. Memory: 51200K Free: 23148K (45%)
ptolemy.util.test.WatchDog.cancel(): canceling Wed Jul 10 22:28:53 UTC 2019
auto.tcl: Setting watchdog for 200 seconds at Wed Jul 10 22:28:53 UTC 2019
14 ms. Memory: 51200K Free: 19310K (38%)
ptolemy.util.test.WatchDog.cancel(): canceling Wed Jul 10 22:28:53 UTC 2019
------------------ testing $PTII/ptolemy/domains/de/test/auto/Modal6.xml
auto.tcl: Setting watchdog for 200 seconds at Wed Jul 10 22:28:53 UTC 2019
18 ms. Memory: 51200K Free: 23921K (47%)
ptolemy.util.test.WatchDog.cancel(): canceling Wed Jul 10 22:28:53 UTC 2019
auto.tcl: Setting watchdog for 200 seconds at Wed Jul 10 22:28:53 UTC 2019
17 ms. Memory: 51200K Free: 20332K (40%)
ptolemy.util.test.WatchDog.cancel(): canceling Wed Jul 10 22:28:53 UTC 2019
------------------ testing $PTII/ptolemy/domains/de/test/auto/Modal7.xml
auto.tcl: Setting watchdog for 200 seconds at Wed Jul 10 22:28:53 UTC 2019
15 ms. Memory: 51200K Free: 22929K (45%)
ptolemy.util.test.WatchDog.cancel(): canceling Wed Jul 10 22:28:53 UTC 2019
auto.tcl: Setting watchdog for 200 seconds at Wed Jul 10 22:28:53 UTC 2019
11 ms. Memory: 51200K Free: 19632K (38%)
ptolemy.util.test.WatchDog.cancel(): canceling Wed Jul 10 22:28:53 UTC 2019
------------------ testing $PTII/ptolemy/domains/de/test/auto/ModalModel.xml
auto.tcl: Setting watchdog for 200 seconds at Wed Jul 10 22:28:53 UTC 2019
183 ms. Memory: 66560K Free: 49699K (75%)
ptolemy.util.test.WatchDog.cancel(): canceling Wed Jul 10 22:28:53 UTC 2019
auto.tcl: Setting watchdog for 200 seconds at Wed Jul 10 22:28:53 UTC 2019
208 ms. Memory: 66560K Free: 50140K (75%)
ptolemy.util.test.WatchDog.cancel(): canceling Wed Jul 10 22:28:54 UTC 2019
------------------ testing $PTII/ptolemy/domains/de/test/auto/ModalSource.xml
auto.tcl: Setting watchdog for 200 seconds at Wed Jul 10 22:28:54 UTC 2019
7 ms. Memory: 51200K Free: 27466K (54%)
ptolemy.util.test.WatchDog.cancel(): canceling Wed Jul 10 22:28:54 UTC 2019
auto.tcl: Setting watchdog for 200 seconds at Wed Jul 10 22:28:54 UTC 2019
6 ms. Memory: 51200K Free: 25463K (50%)
ptolemy.util.test.WatchDog.cancel(): canceling Wed Jul 10 22:28:54 UTC 2019
------------------ testing $PTII/ptolemy/domains/de/test/auto/NonInterruptibleTimerZeroDelay.xml
auto.tcl: Setting watchdog for 200 seconds at Wed Jul 10 22:28:54 UTC 2019
4 ms. Memory: 51200K Free: 32851K (64%)
ptolemy.util.test.WatchDog.cancel(): canceling Wed Jul 10 22:28:54 UTC 2019
auto.tcl: Setting watchdog for 200 seconds at Wed Jul 10 22:28:54 UTC 2019
2 ms. Memory: 51200K Free: 32206K (63%)
ptolemy.util.test.WatchDog.cancel(): canceling Wed Jul 10 22:28:54 UTC 2019
------------------ testing $PTII/ptolemy/domains/de/test/auto/OpenQueueingNetwork.xml
auto.tcl: Setting watchdog for 200 seconds at Wed Jul 10 22:28:54 UTC 2019
3022 ms. Memory: 141312K Free: 54612K (39%)
ptolemy.util.test.WatchDog.cancel(): canceling Wed Jul 10 22:28:57 UTC 2019
auto.tcl: Setting watchdog for 200 seconds at Wed Jul 10 22:28:57 UTC 2019
2380 ms. Memory: 141312K Free: 69985K (50%)
ptolemy.util.test.WatchDog.cancel(): canceling Wed Jul 10 22:29:00 UTC 2019
------------------ testing $PTII/ptolemy/domains/de/test/auto/OpenQueuingNetwork.xml
auto.tcl: Setting watchdog for 200 seconds at Wed Jul 10 22:29:00 UTC 2019
276 ms. Memory: 55296K Free: 24583K (44%)
ptolemy.util.test.WatchDog.cancel(): canceling Wed Jul 10 22:29:00 UTC 2019
auto.tcl: Setting watchdog for 200 seconds at Wed Jul 10 22:29:00 UTC 2019
269 ms. Memory: 66560K Free: 45319K (68%)
ptolemy.util.test.WatchDog.cancel(): canceling Wed Jul 10 22:29:00 UTC 2019
------------------ testing $PTII/ptolemy/domains/de/test/auto/PeriodicSampler.xml
auto.tcl: Setting watchdog for 200 seconds at Wed Jul 10 22:29:00 UTC 2019
2 ms. Memory: 51200K Free: 32111K (63%)
ptolemy.util.test.WatchDog.cancel(): canceling Wed Jul 10 22:29:00 UTC 2019
auto.tcl: Setting watchdog for 200 seconds at Wed Jul 10 22:29:00 UTC 2019
3 ms. Memory: 51200K Free: 31596K (62%)
ptolemy.util.test.WatchDog.cancel(): canceling Wed Jul 10 22:29:00 UTC 2019
------------------ testing $PTII/ptolemy/domains/de/test/auto/PersistentIO.xml
auto.tcl: Setting watchdog for 200 seconds at Wed Jul 10 22:29:00 UTC 2019
18 ms. Memory: 51200K Free: 27035K (53%)
ptolemy.util.test.WatchDog.cancel(): canceling Wed Jul 10 22:29:00 UTC 2019
auto.tcl: Setting watchdog for 200 seconds at Wed Jul 10 22:29:00 UTC 2019
5 ms. Memory: 51200K Free: 25526K (50%)
ptolemy.util.test.WatchDog.cancel(): canceling Wed Jul 10 22:29:00 UTC 2019
------------------ testing $PTII/ptolemy/domains/de/test/auto/PortParameterResetOnInitialize.xml
auto.tcl: Setting watchdog for 200 seconds at Wed Jul 10 22:29:00 UTC 2019
3 ms. Memory: 51200K Free: 32019K (63%)
ptolemy.util.test.WatchDog.cancel(): canceling Wed Jul 10 22:29:00 UTC 2019
auto.tcl: Setting watchdog for 200 seconds at Wed Jul 10 22:29:00 UTC 2019
2 ms. Memory: 51200K Free: 31523K (62%)
ptolemy.util.test.WatchDog.cancel(): canceling Wed Jul 10 22:29:01 UTC 2019
------------------ testing $PTII/ptolemy/domains/de/test/auto/PortParameterUpdates.xml
auto.tcl: Setting watchdog for 200 seconds at Wed Jul 10 22:29:01 UTC 2019
6 ms. Memory: 51200K Free: 30118K (59%)
ptolemy.util.test.WatchDog.cancel(): canceling Wed Jul 10 22:29:01 UTC 2019
auto.tcl: Setting watchdog for 200 seconds at Wed Jul 10 22:29:01 UTC 2019
4 ms. Memory: 51200K Free: 29085K (57%)
ptolemy.util.test.WatchDog.cancel(): canceling Wed Jul 10 22:29:01 UTC 2019
------------------ testing $PTII/ptolemy/domains/de/test/auto/QueueAndServer.xml
auto.tcl: Setting watchdog for 200 seconds at Wed Jul 10 22:29:01 UTC 2019
16 ms. Memory: 51200K Free: 29057K (57%)
ptolemy.util.test.WatchDog.cancel(): canceling Wed Jul 10 22:29:01 UTC 2019
auto.tcl: Setting watchdog for 200 seconds at Wed Jul 10 22:29:01 UTC 2019
9 ms. Memory: 51200K Free: 27535K (54%)
ptolemy.util.test.WatchDog.cancel(): canceling Wed Jul 10 22:29:01 UTC 2019
------------------ testing $PTII/ptolemy/domains/de/test/auto/Records.xml
auto.tcl: Setting watchdog for 200 seconds at Wed Jul 10 22:29:01 UTC 2019
4 ms. Memory: 51200K Free: 31276K (61%)
ptolemy.util.test.WatchDog.cancel(): canceling Wed Jul 10 22:29:01 UTC 2019
auto.tcl: Setting watchdog for 200 seconds at Wed Jul 10 22:29:01 UTC 2019
3 ms. Memory: 51200K Free: 30782K (60%)
ptolemy.util.test.WatchDog.cancel(): canceling Wed Jul 10 22:29:01 UTC 2019
------------------ testing $PTII/ptolemy/domains/de/test/auto/ResetTransitionWithStartTime1.xml
auto.tcl: Setting watchdog for 200 seconds at Wed Jul 10 22:29:01 UTC 2019
6 ms. Memory: 51200K Free: 28519K (56%)
ptolemy.util.test.WatchDog.cancel(): canceling Wed Jul 10 22:29:01 UTC 2019
auto.tcl: Setting watchdog for 200 seconds at Wed Jul 10 22:29:01 UTC 2019
6 ms. Memory: 51200K Free: 26512K (52%)
ptolemy.util.test.WatchDog.cancel(): canceling Wed Jul 10 22:29:01 UTC 2019
------------------ testing $PTII/ptolemy/domains/de/test/auto/ResetTransitionWithStartTime2.xml
auto.tcl: Setting watchdog for 200 seconds at Wed Jul 10 22:29:01 UTC 2019
5 ms. Memory: 51200K Free: 28475K (56%)
ptolemy.util.test.WatchDog.cancel(): canceling Wed Jul 10 22:29:01 UTC 2019
auto.tcl: Setting watchdog for 200 seconds at Wed Jul 10 22:29:01 UTC 2019
5 ms. Memory: 51200K Free: 26454K (52%)
ptolemy.util.test.WatchDog.cancel(): canceling Wed Jul 10 22:29:01 UTC 2019
------------------ testing $PTII/ptolemy/domains/de/test/auto/ResetTransitionWithStartTime3.xml
auto.tcl: Setting watchdog for 200 seconds at Wed Jul 10 22:29:01 UTC 2019
5 ms. Memory: 51200K Free: 28473K (56%)
ptolemy.util.test.WatchDog.cancel(): canceling Wed Jul 10 22:29:01 UTC 2019
auto.tcl: Setting watchdog for 200 seconds at Wed Jul 10 22:29:01 UTC 2019
6 ms. Memory: 51200K Free: 26425K (52%)
ptolemy.util.test.WatchDog.cancel(): canceling Wed Jul 10 22:29:01 UTC 2019
------------------ testing $PTII/ptolemy/domains/de/test/auto/ResetTransitionWithStartTime4.xml
auto.tcl: Setting watchdog for 200 seconds at Wed Jul 10 22:29:01 UTC 2019
9 ms. Memory: 51200K Free: 28906K (56%)
ptolemy.util.test.WatchDog.cancel(): canceling Wed Jul 10 22:29:01 UTC 2019
auto.tcl: Setting watchdog for 200 seconds at Wed Jul 10 22:29:01 UTC 2019
4 ms. Memory: 51200K Free: 27448K (54%)
ptolemy.util.test.WatchDog.cancel(): canceling Wed Jul 10 22:29:01 UTC 2019
------------------ testing $PTII/ptolemy/domains/de/test/auto/ResettableTimer1.xml
auto.tcl: Setting watchdog for 200 seconds at Wed Jul 10 22:29:01 UTC 2019
3 ms. Memory: 51200K Free: 32648K (64%)
ptolemy.util.test.WatchDog.cancel(): canceling Wed Jul 10 22:29:01 UTC 2019
auto.tcl: Setting watchdog for 200 seconds at Wed Jul 10 22:29:01 UTC 2019
4 ms. Memory: 51200K Free: 32056K (63%)
ptolemy.util.test.WatchDog.cancel(): canceling Wed Jul 10 22:29:01 UTC 2019
------------------ testing $PTII/ptolemy/domains/de/test/auto/ResettableTimer2.xml
auto.tcl: Setting watchdog for 200 seconds at Wed Jul 10 22:29:01 UTC 2019
2 ms. Memory: 51200K Free: 32706K (64%)
ptolemy.util.test.WatchDog.cancel(): canceling Wed Jul 10 22:29:01 UTC 2019
auto.tcl: Setting watchdog for 200 seconds at Wed Jul 10 22:29:01 UTC 2019
3 ms. Memory: 51200K Free: 32084K (63%)
ptolemy.util.test.WatchDog.cancel(): canceling Wed Jul 10 22:29:01 UTC 2019
------------------ testing $PTII/ptolemy/domains/de/test/auto/ResettableTimer3.xml
auto.tcl: Setting watchdog for 200 seconds at Wed Jul 10 22:29:01 UTC 2019
2 ms. Memory: 51200K Free: 33102K (65%)
ptolemy.util.test.WatchDog.cancel(): canceling Wed Jul 10 22:29:01 UTC 2019
auto.tcl: Setting watchdog for 200 seconds at Wed Jul 10 22:29:01 UTC 2019
1 ms. Memory: 51200K Free: 32612K (64%)
ptolemy.util.test.WatchDog.cancel(): canceling Wed Jul 10 22:29:01 UTC 2019
------------------ testing $PTII/ptolemy/domains/de/test/auto/ResettableTimer4.xml
auto.tcl: Setting watchdog for 200 seconds at Wed Jul 10 22:29:01 UTC 2019
2 ms. Memory: 51200K Free: 32619K (64%)
ptolemy.util.test.WatchDog.cancel(): canceling Wed Jul 10 22:29:01 UTC 2019
auto.tcl: Setting watchdog for 200 seconds at Wed Jul 10 22:29:01 UTC 2019
1 ms. Memory: 51200K Free: 32127K (63%)
ptolemy.util.test.WatchDog.cancel(): canceling Wed Jul 10 22:29:01 UTC 2019
------------------ testing $PTII/ptolemy/domains/de/test/auto/ResettableTimer5.xml
auto.tcl: Setting watchdog for 200 seconds at Wed Jul 10 22:29:02 UTC 2019
1 ms. Memory: 51200K Free: 32618K (64%)
ptolemy.util.test.WatchDog.cancel(): canceling Wed Jul 10 22:29:02 UTC 2019
auto.tcl: Setting watchdog for 200 seconds at Wed Jul 10 22:29:02 UTC 2019
1 ms. Memory: 51200K Free: 32087K (63%)
ptolemy.util.test.WatchDog.cancel(): canceling Wed Jul 10 22:29:02 UTC 2019
------------------ testing $PTII/ptolemy/domains/de/test/auto/ResettableTimer6.xml
auto.tcl: Setting watchdog for 200 seconds at Wed Jul 10 22:29:02 UTC 2019
2 ms. Memory: 51200K Free: 32080K (63%)
ptolemy.util.test.WatchDog.cancel(): canceling Wed Jul 10 22:29:02 UTC 2019
auto.tcl: Setting watchdog for 200 seconds at Wed Jul 10 22:29:02 UTC 2019
1 ms. Memory: 51200K Free: 31584K (62%)
ptolemy.util.test.WatchDog.cancel(): canceling Wed Jul 10 22:29:02 UTC 2019
------------------ testing $PTII/ptolemy/domains/de/test/auto/ServerZeroDelay.xml
auto.tcl: Setting watchdog for 200 seconds at Wed Jul 10 22:29:02 UTC 2019
3 ms. Memory: 51200K Free: 32715K (64%)
ptolemy.util.test.WatchDog.cancel(): canceling Wed Jul 10 22:29:02 UTC 2019
auto.tcl: Setting watchdog for 200 seconds at Wed Jul 10 22:29:02 UTC 2019
2 ms. Memory: 51200K Free: 31609K (62%)
ptolemy.util.test.WatchDog.cancel(): canceling Wed Jul 10 22:29:02 UTC 2019
------------------ testing $PTII/ptolemy/domains/de/test/auto/SmartSender.xml
auto.tcl: Setting watchdog for 200 seconds at Wed Jul 10 22:29:02 UTC 2019
3001 ms. Memory: 51200K Free: 32600K (64%)
ptolemy.util.test.WatchDog.cancel(): canceling Wed Jul 10 22:29:05 UTC 2019
auto.tcl: Setting watchdog for 200 seconds at Wed Jul 10 22:29:05 UTC 2019
3002 ms. Memory: 51200K Free: 32080K (63%)
ptolemy.util.test.WatchDog.cancel(): canceling Wed Jul 10 22:29:08 UTC 2019
------------------ testing $PTII/ptolemy/domains/de/test/auto/ThreadedComposite.xml
auto.tcl: Setting watchdog for 200 seconds at Wed Jul 10 22:29:08 UTC 2019
213 ms. Memory: 51200K Free: 13662K (27%)
ptolemy.util.test.WatchDog.cancel(): canceling Wed Jul 10 22:29:08 UTC 2019
auto.tcl: Setting watchdog for 200 seconds at Wed Jul 10 22:29:08 UTC 2019
208 ms. Memory: 51200K Free: 24232K (47%)
ptolemy.util.test.WatchDog.cancel(): canceling Wed Jul 10 22:29:08 UTC 2019
------------------ testing $PTII/ptolemy/domains/de/test/auto/Time.xml
auto.tcl: Setting watchdog for 200 seconds at Wed Jul 10 22:29:08 UTC 2019
537 ms. Memory: 51200K Free: 8611K (17%)
ptolemy.util.test.WatchDog.cancel(): canceling Wed Jul 10 22:29:09 UTC 2019
auto.tcl: Setting watchdog for 200 seconds at Wed Jul 10 22:29:09 UTC 2019
514 ms. Memory: 51200K Free: 11690K (23%)
ptolemy.util.test.WatchDog.cancel(): canceling Wed Jul 10 22:29:09 UTC 2019
------------------ testing $PTII/ptolemy/domains/de/test/auto/TimeDelayZeroDelay.xml
auto.tcl: Setting watchdog for 200 seconds at Wed Jul 10 22:29:09 UTC 2019
2 ms. Memory: 51200K Free: 32524K (64%)
ptolemy.util.test.WatchDog.cancel(): canceling Wed Jul 10 22:29:09 UTC 2019
auto.tcl: Setting watchdog for 200 seconds at Wed Jul 10 22:29:09 UTC 2019
2 ms. Memory: 51200K Free: 32074K (63%)
ptolemy.util.test.WatchDog.cancel(): canceling Wed Jul 10 22:29:09 UTC 2019
------------------ testing $PTII/ptolemy/domains/de/test/auto/TimerZeroDelay.xml
auto.tcl: Setting watchdog for 200 seconds at Wed Jul 10 22:29:10 UTC 2019
2 ms. Memory: 51200K Free: 32720K (64%)
ptolemy.util.test.WatchDog.cancel(): canceling Wed Jul 10 22:29:10 UTC 2019
auto.tcl: Setting watchdog for 200 seconds at Wed Jul 10 22:29:10 UTC 2019
2 ms. Memory: 51200K Free: 32103K (63%)
ptolemy.util.test.WatchDog.cancel(): canceling Wed Jul 10 22:29:10 UTC 2019
------------------ testing $PTII/ptolemy/domains/de/test/auto/TimingParadox.xml
auto.tcl: Setting watchdog for 200 seconds at Wed Jul 10 22:29:10 UTC 2019
374 ms. Memory: 51200K Free: 18432K (36%)
ptolemy.util.test.WatchDog.cancel(): canceling Wed Jul 10 22:29:10 UTC 2019
auto.tcl: Setting watchdog for 200 seconds at Wed Jul 10 22:29:10 UTC 2019
434 ms. Memory: 51200K Free: 34674K (68%)
ptolemy.util.test.WatchDog.cancel(): canceling Wed Jul 10 22:29:11 UTC 2019
------------------ testing $PTII/ptolemy/domains/de/test/auto/TransferInputs.xml
auto.tcl: Setting watchdog for 200 seconds at Wed Jul 10 22:29:11 UTC 2019
2 ms. Memory: 51200K Free: 31018K (61%)
ptolemy.util.test.WatchDog.cancel(): canceling Wed Jul 10 22:29:11 UTC 2019
auto.tcl: Setting watchdog for 200 seconds at Wed Jul 10 22:29:11 UTC 2019
1 ms. Memory: 51200K Free: 30148K (59%)
ptolemy.util.test.WatchDog.cancel(): canceling Wed Jul 10 22:29:11 UTC 2019
------------------ testing $PTII/ptolemy/domains/de/test/auto/TransferOutputs2.xml
auto.tcl: Setting watchdog for 200 seconds at Wed Jul 10 22:29:11 UTC 2019
3 ms. Memory: 51200K Free: 28476K (56%)
ptolemy.util.test.WatchDog.cancel(): canceling Wed Jul 10 22:29:11 UTC 2019
auto.tcl: Setting watchdog for 200 seconds at Wed Jul 10 22:29:11 UTC 2019
3 ms. Memory: 51200K Free: 27018K (53%)
ptolemy.util.test.WatchDog.cancel(): canceling Wed Jul 10 22:29:11 UTC 2019
------------------ testing $PTII/ptolemy/domains/de/test/auto/Trilateration.xml
auto.tcl: Setting watchdog for 200 seconds at Wed Jul 10 22:29:11 UTC 2019
15873 ms. Memory: 545792K Free: 498296K (91%)
ptolemy.util.test.WatchDog.cancel(): canceling Wed Jul 10 22:29:28 UTC 2019
auto.tcl: Setting watchdog for 200 seconds at Wed Jul 10 22:29:28 UTC 2019
11942 ms. Memory: 545792K Free: 430150K (79%)
ptolemy.util.test.WatchDog.cancel(): canceling Wed Jul 10 22:29:40 UTC 2019
------------------ testing $PTII/ptolemy/domains/de/test/auto/TwoSigmaDelta.xml
auto.tcl: Setting watchdog for 200 seconds at Wed Jul 10 22:29:40 UTC 2019
2805 ms. Memory: 89088K Free: 27668K (31%)
ptolemy.util.test.WatchDog.cancel(): canceling Wed Jul 10 22:29:43 UTC 2019
auto.tcl: Setting watchdog for 200 seconds at Wed Jul 10 22:29:43 UTC 2019
2207 ms. Memory: 89088K Free: 24063K (27%)
ptolemy.util.test.WatchDog.cancel(): canceling Wed Jul 10 22:29:45 UTC 2019
------------------ testing $PTII/ptolemy/domains/de/test/auto/VariableDelay.xml
auto.tcl: Setting watchdog for 200 seconds at Wed Jul 10 22:29:45 UTC 2019
10 ms. Memory: 55296K Free: 35606K (64%)
ptolemy.util.test.WatchDog.cancel(): canceling Wed Jul 10 22:29:45 UTC 2019
auto.tcl: Setting watchdog for 200 seconds at Wed Jul 10 22:29:45 UTC 2019
2 ms. Memory: 55296K Free: 34582K (63%)
ptolemy.util.test.WatchDog.cancel(): canceling Wed Jul 10 22:29:45 UTC 2019
------------------ testing $PTII/ptolemy/domains/de/test/auto/VariableDelay2.xml
auto.tcl: Setting watchdog for 200 seconds at Wed Jul 10 22:29:45 UTC 2019
2 ms. Memory: 55296K Free: 36585K (66%)
ptolemy.util.test.WatchDog.cancel(): canceling Wed Jul 10 22:29:45 UTC 2019
auto.tcl: Setting watchdog for 200 seconds at Wed Jul 10 22:29:45 UTC 2019
1 ms. Memory: 55296K Free: 35524K (64%)
ptolemy.util.test.WatchDog.cancel(): canceling Wed Jul 10 22:29:45 UTC 2019
------------------ testing $PTII/ptolemy/domains/de/test/auto/VariableDelayZeroDelay.xml
auto.tcl: Setting watchdog for 200 seconds at Wed Jul 10 22:29:45 UTC 2019
10 ms. Memory: 55296K Free: 36561K (66%)
ptolemy.util.test.WatchDog.cancel(): canceling Wed Jul 10 22:29:45 UTC 2019
auto.tcl: Setting watchdog for 200 seconds at Wed Jul 10 22:29:45 UTC 2019
2 ms. Memory: 55296K Free: 36028K (65%)
ptolemy.util.test.WatchDog.cancel(): canceling Wed Jul 10 22:29:45 UTC 2019
------------------ testing $PTII/ptolemy/domains/de/test/auto/VariableDelayZeroDelay2.xml
auto.tcl: Setting watchdog for 200 seconds at Wed Jul 10 22:29:45 UTC 2019
2 ms. Memory: 55296K Free: 36547K (66%)
ptolemy.util.test.WatchDog.cancel(): canceling Wed Jul 10 22:29:45 UTC 2019
auto.tcl: Setting watchdog for 200 seconds at Wed Jul 10 22:29:45 UTC 2019
2 ms. Memory: 55296K Free: 35523K (64%)
ptolemy.util.test.WatchDog.cancel(): canceling Wed Jul 10 22:29:45 UTC 2019
------------------ testing $PTII/ptolemy/domains/de/test/auto/deInCt.xml
auto.tcl: Setting watchdog for 200 seconds at Wed Jul 10 22:29:45 UTC 2019
0
1
1
1
0
0
0
1
1
1
0
0
0
1
1
1
0
0
0
1
1
1
1
0
0
0
0
1
1
1
1
0
0
1
1
1
0
0
0
0
1
1
1
1
9 ms. Memory: 55296K Free: 35521K (64%)
ptolemy.util.test.WatchDog.cancel(): canceling Wed Jul 10 22:29:45 UTC 2019
auto.tcl: Setting watchdog for 200 seconds at Wed Jul 10 22:29:45 UTC 2019
0
1
1
1
0
0
1
1
1
0
0
0
0
1
1
1
1
0
0
0
1
1
1
0
0
0
1
1
1
0
0
0
1
1
0
0
0
1
1
1
0
0
0
1
1
0
0
0
0
8 ms. Memory: 55296K Free: 33983K (61%)
ptolemy.util.test.WatchDog.cancel(): canceling Wed Jul 10 22:29:45 UTC 2019
------------------ testing $PTII/ptolemy/domains/de/test/auto/deInCt2.xml
auto.tcl: Setting watchdog for 200 seconds at Wed Jul 10 22:29:45 UTC 2019
0
1
1
1
0
0
1
1
1
0
0
1
1
1
0
0
1
1
1
0
0
1
1
1
0
0
1
1
1
0
0
1
1
1
0
0
1
1
1
0
0
0
10 ms. Memory: 55296K Free: 35522K (64%)
ptolemy.util.test.WatchDog.cancel(): canceling Wed Jul 10 22:29:45 UTC 2019
auto.tcl: Setting watchdog for 200 seconds at Wed Jul 10 22:29:45 UTC 2019
0
1
1
1
0
0
1
1
1
0
0
1
1
1
0
0
1
1
1
0
0
1
1
1
0
0
1
1
1
0
0
1
1
1
0
0
1
1
1
0
0
0
5 ms. Memory: 55296K Free: 33984K (61%)
ptolemy.util.test.WatchDog.cancel(): canceling Wed Jul 10 22:29:45 UTC 2019
------------------ testing $PTII/ptolemy/domains/de/test/auto/dynamicCausalityInterface1.xml
auto.tcl: Setting watchdog for 200 seconds at Wed Jul 10 22:29:45 UTC 2019
1 ms. Memory: 51200K Free: 27325K (53%)
ptolemy.util.test.WatchDog.cancel(): canceling Wed Jul 10 22:29:46 UTC 2019
auto.tcl: Setting watchdog for 200 seconds at Wed Jul 10 22:29:46 UTC 2019
1 ms. Memory: 51200K Free: 26781K (52%)
ptolemy.util.test.WatchDog.cancel(): canceling Wed Jul 10 22:29:46 UTC 2019
------------------ testing $PTII/ptolemy/domains/de/test/auto/fsm_de_test.xml
auto.tcl: Setting watchdog for 200 seconds at Wed Jul 10 22:29:46 UTC 2019
8 ms. Memory: 51200K Free: 27223K (53%)
ptolemy.util.test.WatchDog.cancel(): canceling Wed Jul 10 22:29:46 UTC 2019
auto.tcl: Setting watchdog for 200 seconds at Wed Jul 10 22:29:46 UTC 2019
6 ms. Memory: 51200K Free: 25175K (49%)
ptolemy.util.test.WatchDog.cancel(): canceling Wed Jul 10 22:29:46 UTC 2019
------------------ testing $PTII/ptolemy/domains/de/test/auto/functionDependencyReconstruction.xml
auto.tcl: Setting watchdog for 200 seconds at Wed Jul 10 22:29:46 UTC 2019
2 ms. Memory: 51200K Free: 21069K (41%)
ptolemy.util.test.WatchDog.cancel(): canceling Wed Jul 10 22:29:46 UTC 2019
auto.tcl: Setting watchdog for 200 seconds at Wed Jul 10 22:29:46 UTC 2019
3 ms. Memory: 51200K Free: 19021K (37%)
ptolemy.util.test.WatchDog.cancel(): canceling Wed Jul 10 22:29:46 UTC 2019
------------------ testing $PTII/ptolemy/domains/de/test/auto/multirate.xml
auto.tcl: Setting watchdog for 200 seconds at Wed Jul 10 22:29:46 UTC 2019
5 ms. Memory: 51200K Free: 29863K (58%)
ptolemy.util.test.WatchDog.cancel(): canceling Wed Jul 10 22:29:46 UTC 2019
auto.tcl: Setting watchdog for 200 seconds at Wed Jul 10 22:29:46 UTC 2019
4 ms. Memory: 51200K Free: 28132K (55%)
ptolemy.util.test.WatchDog.cancel(): canceling Wed Jul 10 22:29:46 UTC 2019
------------------ testing $PTII/ptolemy/domains/de/test/auto/multirate2.xml
auto.tcl: Setting watchdog for 200 seconds at Wed Jul 10 22:29:46 UTC 2019
6 ms. Memory: 51200K Free: 30028K (59%)
ptolemy.util.test.WatchDog.cancel(): canceling Wed Jul 10 22:29:46 UTC 2019
auto.tcl: Setting watchdog for 200 seconds at Wed Jul 10 22:29:46 UTC 2019
4 ms. Memory: 51200K Free: 28306K (55%)
ptolemy.util.test.WatchDog.cancel(): canceling Wed Jul 10 22:29:46 UTC 2019
------------------ testing $PTII/ptolemy/domains/de/test/auto/realtime.xml
auto.tcl: Setting watchdog for 200 seconds at Wed Jul 10 22:29:46 UTC 2019
10002 ms. Memory: 51200K Free: 31880K (62%)
ptolemy.util.test.WatchDog.cancel(): canceling Wed Jul 10 22:29:56 UTC 2019
auto.tcl: Setting watchdog for 200 seconds at Wed Jul 10 22:29:56 UTC 2019
10001 ms. Memory: 51200K Free: 31368K (61%)
ptolemy.util.test.WatchDog.cancel(): canceling Wed Jul 10 22:30:06 UTC 2019
------------------ testing $PTII/ptolemy/domains/de/test/auto/relationGroup.xml
auto.tcl: Setting watchdog for 200 seconds at Wed Jul 10 22:30:06 UTC 2019
2 ms. Memory: 51200K Free: 33185K (65%)
ptolemy.util.test.WatchDog.cancel(): canceling Wed Jul 10 22:30:06 UTC 2019
auto.tcl: Setting watchdog for 200 seconds at Wed Jul 10 22:30:06 UTC 2019
1 ms. Memory: 51200K Free: 32450K (63%)
ptolemy.util.test.WatchDog.cancel(): canceling Wed Jul 10 22:30:06 UTC 2019
------------------ testing $PTII/ptolemy/domains/de/test/auto/relationGroup2.xml
auto.tcl: Setting watchdog for 200 seconds at Wed Jul 10 22:30:06 UTC 2019
2 ms. Memory: 51200K Free: 32985K (64%)
ptolemy.util.test.WatchDog.cancel(): canceling Wed Jul 10 22:30:06 UTC 2019
auto.tcl: Setting watchdog for 200 seconds at Wed Jul 10 22:30:06 UTC 2019
2 ms. Memory: 51200K Free: 32481K (63%)
ptolemy.util.test.WatchDog.cancel(): canceling Wed Jul 10 22:30:06 UTC 2019
------------------ testing $PTII/ptolemy/domains/de/test/auto/sortWithOpaquePorts.xml
auto.tcl: Setting watchdog for 200 seconds at Wed Jul 10 22:30:06 UTC 2019
1 ms. Memory: 51200K Free: 31948K (62%)
ptolemy.util.test.WatchDog.cancel(): canceling Wed Jul 10 22:30:06 UTC 2019
auto.tcl: Setting watchdog for 200 seconds at Wed Jul 10 22:30:06 UTC 2019
2 ms. Memory: 51200K Free: 30938K (60%)
ptolemy.util.test.WatchDog.cancel(): canceling Wed Jul 10 22:30:06 UTC 2019
------------------ testing $PTII/ptolemy/domains/de/test/auto/transferInputsandOutputs.xml
auto.tcl: Setting watchdog for 200 seconds at Wed Jul 10 22:30:06 UTC 2019
2 ms. Memory: 51200K Free: 29391K (57%)
ptolemy.util.test.WatchDog.cancel(): canceling Wed Jul 10 22:30:06 UTC 2019
auto.tcl: Setting watchdog for 200 seconds at Wed Jul 10 22:30:06 UTC 2019
3 ms. Memory: 51200K Free: 28367K (55%)
ptolemy.util.test.WatchDog.cancel(): canceling Wed Jul 10 22:30:06 UTC 2019
------------------ testing $PTII/ptolemy/domains/de/test/auto/triggerType.xml
auto.tcl: Setting watchdog for 200 seconds at Wed Jul 10 22:30:06 UTC 2019
2 ms. Memory: 51200K Free: 32416K (63%)
ptolemy.util.test.WatchDog.cancel(): canceling Wed Jul 10 22:30:07 UTC 2019
auto.tcl: Setting watchdog for 200 seconds at Wed Jul 10 22:30:07 UTC 2019
2 ms. Memory: 51200K Free: 31399K (61%)
ptolemy.util.test.WatchDog.cancel(): canceling Wed Jul 10 22:30:07 UTC 2019
07/10/19 10:30:07
Failed: 0  Total Tests: 192  ((Passed: 187, Newly Passed: 1)  Known Failed: 5) /home/travis/build/icyphy/ptII/ptolemy/domains/de/test
07/10/19 10:30:07
Failed: 0  Total Tests: 192  ((Passed: 187, Newly Passed: 1)  Known Failed: 5) /home/travis/build/icyphy/ptII/ptolemy/domains/de/test
----------------- testing (KnownFailure) /home/travis/build/icyphy/ptII/ptolemy/domains/de/test/auto/knownFailedTests/DESDFClockTest.xml
2011 ms. Memory: 51200K Free: 25811K (50%)
Known Failure: java.lang.reflect.InvocationTargetException
----------------- testing (KnownFailure) /home/travis/build/icyphy/ptII/ptolemy/domains/de/test/auto/knownFailedTests/DirectFeedback.xml
2 ms. Memory: 51200K Free: 22229K (43%)
Known Failure: java.lang.reflect.InvocationTargetException
----------------- testing (KnownFailure) /home/travis/build/icyphy/ptII/ptolemy/domains/de/test/auto/knownFailedTests/FSMSource.xml
25 ms. Memory: 51200K Free: 14547K (28%)
----------------- testing (KnownFailure) /home/travis/build/icyphy/ptII/ptolemy/domains/de/test/auto/knownFailedTests/HierarchicalModel.xml
3 ms. Memory: 51200K Free: 27952K (55%)
Known Failure: java.lang.reflect.InvocationTargetException
----------------- testing (KnownFailure) /home/travis/build/icyphy/ptII/ptolemy/domains/de/test/auto/knownFailedTests/dependencyLoop.xml
3 ms. Memory: 51200K Free: 12616K (25%)
Known Failure: java.lang.reflect.InvocationTargetException
----------------- testing (KnownFailure) /home/travis/build/icyphy/ptII/ptolemy/domains/de/test/auto/knownFailedTests/dependencyLoop2.xml
4 ms. Memory: 51200K Free: 26264K (51%)
Known Failure: java.lang.reflect.InvocationTargetException
No auto/linux-amd64/*.xml tests in /home/travis/build/icyphy/ptII/ptolemy/domains/de/test
AutoTests.java: About to close Vertx.
AutoTests.java: Vertx closed.

===========================================================================================
----------------- testing Wed Jul 10 22:30:09 UTC 2019 /home/travis/build/icyphy/ptII/ptolemy/domains/de/test/auto/ActorDepthCalculation_actorWithoutPorts.xml
----------------- Instantiating /home/travis/build/icyphy/ptII/ptolemy/domains/de/test/auto/ActorDepthCalculation_actorWithoutPorts.xml
2 ms. Memory: 51200K Free: 19406K (38%)
----------------- Invoking toplevel() on ptolemy.moml.MoMLSimpleApplication@35fa2d74
----------------- Done invoking toplevel() on ptolemy.moml.MoMLSimpleApplication@35fa2d74
reloadAllAccessors: .ActorDepthCalculation_actorWithoutPorts

===========================================================================================
----------------- testing Wed Jul 10 22:30:09 UTC 2019 /home/travis/build/icyphy/ptII/ptolemy/domains/de/test/auto/AssemblyLine.xml
----------------- Instantiating /home/travis/build/icyphy/ptII/ptolemy/domains/de/test/auto/AssemblyLine.xml
2 ms. Memory: 51200K Free: 12252K (24%)
----------------- Invoking toplevel() on ptolemy.moml.MoMLSimpleApplication@1cda66b7
----------------- Done invoking toplevel() on ptolemy.moml.MoMLSimpleApplication@1cda66b7
reloadAllAccessors: .AssemblyLine

===========================================================================================
----------------- testing Wed Jul 10 22:30:09 UTC 2019 /home/travis/build/icyphy/ptII/ptolemy/domains/de/test/auto/CQBug1.xml
----------------- Instantiating /home/travis/build/icyphy/ptII/ptolemy/domains/de/test/auto/CQBug1.xml
1 ms. Memory: 51200K Free: 9469K (18%)
----------------- Invoking toplevel() on ptolemy.moml.MoMLSimpleApplication@56b09eec
----------------- Done invoking toplevel() on ptolemy.moml.MoMLSimpleApplication@56b09eec
reloadAllAccessors: .CQBug1

===========================================================================================
----------------- testing Wed Jul 10 22:30:09 UTC 2019 /home/travis/build/icyphy/ptII/ptolemy/domains/de/test/auto/CancelFireAt.xml
----------------- Instantiating /home/travis/build/icyphy/ptII/ptolemy/domains/de/test/auto/CancelFireAt.xml
6 ms. Memory: 51200K Free: 36046K (70%)
----------------- Invoking toplevel() on ptolemy.moml.MoMLSimpleApplication@12814e24
----------------- Done invoking toplevel() on ptolemy.moml.MoMLSimpleApplication@12814e24
reloadAllAccessors: .CancelFireAt

===========================================================================================
----------------- testing Wed Jul 10 22:30:09 UTC 2019 /home/travis/build/icyphy/ptII/ptolemy/domains/de/test/auto/CausalityAndComposabilityAnalysis.xml
----------------- Instantiating /home/travis/build/icyphy/ptII/ptolemy/domains/de/test/auto/CausalityAndComposabilityAnalysis.xml
3 ms. Memory: 51200K Free: 31679K (62%)
----------------- Invoking toplevel() on ptolemy.moml.MoMLSimpleApplication@3550695e
----------------- Done invoking toplevel() on ptolemy.moml.MoMLSimpleApplication@3550695e
reloadAllAccessors: .CausalityAndComposabilityAnalysis

===========================================================================================
----------------- testing Wed Jul 10 22:30:09 UTC 2019 /home/travis/build/icyphy/ptII/ptolemy/domains/de/test/auto/CausalityInterface1.xml
----------------- Instantiating /home/travis/build/icyphy/ptII/ptolemy/domains/de/test/auto/CausalityInterface1.xml
5 ms. Memory: 51200K Free: 26751K (52%)
----------------- Invoking toplevel() on ptolemy.moml.MoMLSimpleApplication@74144645
----------------- Done invoking toplevel() on ptolemy.moml.MoMLSimpleApplication@74144645
reloadAllAccessors: .CausalityInterface1

===========================================================================================
----------------- testing Wed Jul 10 22:30:09 UTC 2019 /home/travis/build/icyphy/ptII/ptolemy/domains/de/test/auto/CausalityInterface15.xml
----------------- Instantiating /home/travis/build/icyphy/ptII/ptolemy/domains/de/test/auto/CausalityInterface15.xml
2 ms. Memory: 51200K Free: 21385K (42%)
----------------- Invoking toplevel() on ptolemy.moml.MoMLSimpleApplication@60f66bfa
----------------- Done invoking toplevel() on ptolemy.moml.MoMLSimpleApplication@60f66bfa
reloadAllAccessors: .CausalityInterface15

===========================================================================================
----------------- testing Wed Jul 10 22:30:09 UTC 2019 /home/travis/build/icyphy/ptII/ptolemy/domains/de/test/auto/CausalityInterface2.xml
----------------- Instantiating /home/travis/build/icyphy/ptII/ptolemy/domains/de/test/auto/CausalityInterface2.xml
1 ms. Memory: 51200K Free: 16895K (33%)
[...]
	at ptolemy.actor.Manager.run(Manager.java:1263)
	at ptolemy.actor.Manager$PtolemyRunThread.run(Manager.java:1915)
java.lang.RuntimeException: Execution failed
	at ptolemy.moml.MoMLSimpleApplication$UnloadThread.run(MoMLSimpleApplication.java:402)
Caused by: ptolemy.kernel.util.IllegalActionException: Actor is not ready to fire.  Perhaps UpSample.prefire() returned false? Try debugging the actor by selecting "Listen to Actor".  Also, for SDF check moml for tokenConsumptionRate on input.
  in .DESDFClockTest.Play Bell.Copy1:SDF Director and .DESDFClockTest.Play Bell.UpSample
	at ptolemy.actor.sched.StaticSchedulingDirector.fire(StaticSchedulingDirector.java:227)
	at ptolemy.domains.sdf.kernel.SDFDirector.fire(SDFDirector.java:500)
	at ptolemy.actor.CompositeActor.fire(CompositeActor.java:455)
	at ptolemy.domains.de.kernel.DEDirector._fire(DEDirector.java:1949)
	at ptolemy.domains.de.kernel.DEDirector.fire(DEDirector.java:502)
	at ptolemy.actor.CompositeActor.fire(CompositeActor.java:455)
	at ptolemy.actor.Manager.iterate(Manager.java:851)
	at ptolemy.actor.Manager.execute(Manager.java:369)
	at ptolemy.actor.Manager.run(Manager.java:1263)
	at ptolemy.actor.Manager$PtolemyRunThread.run(Manager.java:1915)
java.lang.reflect.InvocationTargetException
	at java.base/jdk.internal.reflect.NativeConstructorAccessorImpl.newInstance0(Native Method)
	at java.base/jdk.internal.reflect.NativeConstructorAccessorImpl.newInstance(NativeConstructorAccessorImpl.java:62)
	at java.base/jdk.internal.reflect.DelegatingConstructorAccessorImpl.newInstance(DelegatingConstructorAccessorImpl.java:45)
	at java.base/java.lang.reflect.Constructor.newInstance(Constructor.java:488)
	at ptolemy.util.test.junit.AutoKnownFailedTests.RunModel(AutoKnownFailedTests.java:105)
	at java.base/jdk.internal.reflect.NativeMethodAccessorImpl.invoke0(Native Method)
	at java.base/jdk.internal.reflect.NativeMethodAccessorImpl.invoke(NativeMethodAccessorImpl.java:62)
	at java.base/jdk.internal.reflect.DelegatingMethodAccessorImpl.invoke(DelegatingMethodAccessorImpl.java:43)
	at java.base/java.lang.reflect.Method.invoke(Method.java:564)
	at org.junit.runners.model.FrameworkMethod$1.runReflectiveCall(FrameworkMethod.java:44)
	at org.junit.internal.runners.model.ReflectiveCallable.run(ReflectiveCallable.java:15)
	at org.junit.runners.model.FrameworkMethod.invokeExplosively(FrameworkMethod.java:41)
	at junitparams.internal.InvokeParameterisedMethod.evaluate(InvokeParameterisedMethod.java:102)
	at org.junit.internal.runners.statements.FailOnTimeout$1.run(FailOnTimeout.java:28)
Caused by: ptolemy.kernel.util.IllegalActionException: Actor is not ready to fire.  Perhaps UpSample.prefire() returned false? Try debugging the actor by selecting "Listen to Actor".  Also, for SDF check moml for tokenConsumptionRate on input.
  in .DESDFClockTest.Play Bell.Copy1:SDF Director and .DESDFClockTest.Play Bell.UpSample
	at ptolemy.actor.sched.StaticSchedulingDirector.fire(StaticSchedulingDirector.java:227)
	at ptolemy.domains.sdf.kernel.SDFDirector.fire(SDFDirector.java:500)
	at ptolemy.actor.CompositeActor.fire(CompositeActor.java:455)
	at ptolemy.domains.de.kernel.DEDirector._fire(DEDirector.java:1949)
	at ptolemy.domains.de.kernel.DEDirector.fire(DEDirector.java:502)
	at ptolemy.actor.CompositeActor.fire(CompositeActor.java:455)
	at ptolemy.actor.Manager.iterate(Manager.java:851)
	at ptolemy.actor.Manager.execute(Manager.java:369)
	at ptolemy.actor.Manager.run(Manager.java:1263)
	at ptolemy.actor.Manager$PtolemyRunThread.run(Manager.java:1915)
java.lang.RuntimeException: Execution failed
	at ptolemy.moml.MoMLSimpleApplication$UnloadThread.run(MoMLSimpleApplication.java:402)
Caused by: ptolemy.kernel.util.IllegalActionException: Test fails in iteration 1.
Value was: 1.0. Should have been: 2.0
  in .DirectFeedback.Test
	at ptolemy.actor.lib.Test.fire(Test.java:268)
	at ptolemy.domains.de.kernel.DEDirector._fire(DEDirector.java:1949)
	at ptolemy.domains.de.kernel.DEDirector.fire(DEDirector.java:502)
	at ptolemy.actor.CompositeActor.fire(CompositeActor.java:455)
	at ptolemy.actor.Manager.iterate(Manager.java:851)
	at ptolemy.actor.Manager.execute(Manager.java:369)
	at ptolemy.actor.Manager.run(Manager.java:1263)
	at ptolemy.actor.Manager$PtolemyRunThread.run(Manager.java:1915)
java.lang.reflect.InvocationTargetException
	at java.base/jdk.internal.reflect.NativeConstructorAccessorImpl.newInstance0(Native Method)
	at java.base/jdk.internal.reflect.NativeConstructorAccessorImpl.newInstance(NativeConstructorAccessorImpl.java:62)
	at java.base/jdk.internal.reflect.DelegatingConstructorAccessorImpl.newInstance(DelegatingConstructorAccessorImpl.java:45)
	at java.base/java.lang.reflect.Constructor.newInstance(Constructor.java:488)
	at ptolemy.util.test.junit.AutoKnownFailedTests.RunModel(AutoKnownFailedTests.java:105)
	at java.base/jdk.internal.reflect.NativeMethodAccessorImpl.invoke0(Native Method)
	at java.base/jdk.internal.reflect.NativeMethodAccessorImpl.invoke(NativeMethodAccessorImpl.java:62)
	at java.base/jdk.internal.reflect.DelegatingMethodAccessorImpl.invoke(DelegatingMethodAccessorImpl.java:43)
	at java.base/java.lang.reflect.Method.invoke(Method.java:564)
	at org.junit.runners.model.FrameworkMethod$1.runReflectiveCall(FrameworkMethod.java:44)
	at org.junit.internal.runners.model.ReflectiveCallable.run(ReflectiveCallable.java:15)
	at org.junit.runners.model.FrameworkMethod.invokeExplosively(FrameworkMethod.java:41)
	at junitparams.internal.InvokeParameterisedMethod.evaluate(InvokeParameterisedMethod.java:102)
	at org.junit.internal.runners.statements.FailOnTimeout$1.run(FailOnTimeout.java:28)
Caused by: ptolemy.kernel.util.IllegalActionException: Test fails in iteration 1.
Value was: 1.0. Should have been: 2.0
  in .DirectFeedback.Test
	at ptolemy.actor.lib.Test.fire(Test.java:268)
	at ptolemy.domains.de.kernel.DEDirector._fire(DEDirector.java:1949)
	at ptolemy.domains.de.kernel.DEDirector.fire(DEDirector.java:502)
	at ptolemy.actor.CompositeActor.fire(CompositeActor.java:455)
	at ptolemy.actor.Manager.iterate(Manager.java:851)
	at ptolemy.actor.Manager.execute(Manager.java:369)
	at ptolemy.actor.Manager.run(Manager.java:1263)
	at ptolemy.actor.Manager$PtolemyRunThread.run(Manager.java:1915)
java.lang.RuntimeException: Execution failed
	at ptolemy.moml.MoMLSimpleApplication$UnloadThread.run(MoMLSimpleApplication.java:402)
Caused by: ptolemy.kernel.util.IllegalActionException: Found a zero delay loop containing .HierarchicalModel.A
  in .HierarchicalModel and .HierarchicalModel.A
	at ptolemy.actor.util.CausalityInterfaceForComposites._computeOutputPortDepth(CausalityInterfaceForComposites.java:759)
	at ptolemy.actor.util.CausalityInterfaceForComposites._computeInputDepth(CausalityInterfaceForComposites.java:696)
	at ptolemy.actor.util.CausalityInterfaceForComposites._computeOutputPortDepth(CausalityInterfaceForComposites.java:765)
	at ptolemy.actor.util.CausalityInterfaceForComposites._computeInputDepth(CausalityInterfaceForComposites.java:696)
	at ptolemy.actor.util.CausalityInterfaceForComposites._computeOutputPortDepth(CausalityInterfaceForComposites.java:765)
	at ptolemy.actor.util.CausalityInterfaceForComposites._computeInputDepth(CausalityInterfaceForComposites.java:696)
	at ptolemy.actor.util.CausalityInterfaceForComposites._computeActorDepth(CausalityInterfaceForComposites.java:532)
	at ptolemy.actor.util.CausalityInterfaceForComposites.checkForCycles(CausalityInterfaceForComposites.java:96)
	at ptolemy.domains.de.kernel.DEDirector.preinitialize(DEDirector.java:1338)
	at ptolemy.actor.CompositeActor.preinitialize(CompositeActor.java:1828)
	at ptolemy.actor.Manager.preinitializeAndResolveTypes(Manager.java:1040)
	at ptolemy.actor.Manager.initialize(Manager.java:710)
	at ptolemy.actor.Manager.execute(Manager.java:356)
	at ptolemy.actor.Manager.run(Manager.java:1263)
	at ptolemy.actor.Manager$PtolemyRunThread.run(Manager.java:1915)
java.lang.reflect.InvocationTargetException
	at java.base/jdk.internal.reflect.NativeConstructorAccessorImpl.newInstance0(Native Method)
	at java.base/jdk.internal.reflect.NativeConstructorAccessorImpl.newInstance(NativeConstructorAccessorImpl.java:62)
	at java.base/jdk.internal.reflect.DelegatingConstructorAccessorImpl.newInstance(DelegatingConstructorAccessorImpl.java:45)
	at java.base/java.lang.reflect.Constructor.newInstance(Constructor.java:488)
	at ptolemy.util.test.junit.AutoKnownFailedTests.RunModel(AutoKnownFailedTests.java:105)
	at java.base/jdk.internal.reflect.NativeMethodAccessorImpl.invoke0(Native Method)
	at java.base/jdk.internal.reflect.NativeMethodAccessorImpl.invoke(NativeMethodAccessorImpl.java:62)
	at java.base/jdk.internal.reflect.DelegatingMethodAccessorImpl.invoke(DelegatingMethodAccessorImpl.java:43)
	at java.base/java.lang.reflect.Method.invoke(Method.java:564)
	at org.junit.runners.model.FrameworkMethod$1.runReflectiveCall(FrameworkMethod.java:44)
	at org.junit.internal.runners.model.ReflectiveCallable.run(ReflectiveCallable.java:15)
	at org.junit.runners.model.FrameworkMethod.invokeExplosively(FrameworkMethod.java:41)
	at junitparams.internal.InvokeParameterisedMethod.evaluate(InvokeParameterisedMethod.java:102)
	at org.junit.internal.runners.statements.FailOnTimeout$1.run(FailOnTimeout.java:28)
Caused by: ptolemy.kernel.util.IllegalActionException: Found a zero delay loop containing .HierarchicalModel.A
  in .HierarchicalModel and .HierarchicalModel.A
	at ptolemy.actor.util.CausalityInterfaceForComposites._computeOutputPortDepth(CausalityInterfaceForComposites.java:759)
	at ptolemy.actor.util.CausalityInterfaceForComposites._computeInputDepth(CausalityInterfaceForComposites.java:696)
	at ptolemy.actor.util.CausalityInterfaceForComposites._computeOutputPortDepth(CausalityInterfaceForComposites.java:765)
	at ptolemy.actor.util.CausalityInterfaceForComposites._computeInputDepth(CausalityInterfaceForComposites.java:696)
	at ptolemy.actor.util.CausalityInterfaceForComposites._computeOutputPortDepth(CausalityInterfaceForComposites.java:765)
	at ptolemy.actor.util.CausalityInterfaceForComposites._computeInputDepth(CausalityInterfaceForComposites.java:696)
	at ptolemy.actor.util.CausalityInterfaceForComposites._computeActorDepth(CausalityInterfaceForComposites.java:532)
	at ptolemy.actor.util.CausalityInterfaceForComposites.checkForCycles(CausalityInterfaceForComposites.java:96)
	at ptolemy.domains.de.kernel.DEDirector.preinitialize(DEDirector.java:1338)
	at ptolemy.actor.CompositeActor.preinitialize(CompositeActor.java:1828)
	at ptolemy.actor.Manager.preinitializeAndResolveTypes(Manager.java:1040)
	at ptolemy.actor.Manager.initialize(Manager.java:710)
	at ptolemy.actor.Manager.execute(Manager.java:356)
	at ptolemy.actor.Manager.run(Manager.java:1263)
	at ptolemy.actor.Manager$PtolemyRunThread.run(Manager.java:1915)
java.lang.RuntimeException: Execution failed
	at ptolemy.moml.MoMLSimpleApplication$UnloadThread.run(MoMLSimpleApplication.java:402)
Caused by: ptolemy.kernel.util.IllegalActionException: Found a zero delay loop containing .dependencyLoop.original
  in .dependencyLoop and .dependencyLoop.original
	at ptolemy.actor.util.CausalityInterfaceForComposites._computeOutputPortDepth(CausalityInterfaceForComposites.java:759)
	at ptolemy.actor.util.CausalityInterfaceForComposites._computeInputDepth(CausalityInterfaceForComposites.java:696)
	at ptolemy.actor.util.CausalityInterfaceForComposites._computeOutputPortDepth(CausalityInterfaceForComposites.java:765)
	at ptolemy.actor.util.CausalityInterfaceForComposites._computeInputDepth(CausalityInterfaceForComposites.java:696)
	at ptolemy.actor.util.CausalityInterfaceForComposites._computeOutputPortDepth(CausalityInterfaceForComposites.java:765)
	at ptolemy.actor.util.CausalityInterfaceForComposites._computeInputDepth(CausalityInterfaceForComposites.java:696)
	at ptolemy.actor.util.CausalityInterfaceForComposites._computeActorDepth(CausalityInterfaceForComposites.java:532)
	at ptolemy.actor.util.CausalityInterfaceForComposites.checkForCycles(CausalityInterfaceForComposites.java:96)
	at ptolemy.domains.de.kernel.DEDirector.preinitialize(DEDirector.java:1338)
	at ptolemy.actor.CompositeActor.preinitialize(CompositeActor.java:1828)
	at ptolemy.actor.Manager.preinitializeAndResolveTypes(Manager.java:1040)
	at ptolemy.actor.Manager.initialize(Manager.java:710)
	at ptolemy.actor.Manager.execute(Manager.java:356)
	at ptolemy.actor.Manager.run(Manager.java:1263)
	at ptolemy.actor.Manager$PtolemyRunThread.run(Manager.java:1915)
java.lang.reflect.InvocationTargetException
	at java.base/jdk.internal.reflect.NativeConstructorAccessorImpl.newInstance0(Native Method)
	at java.base/jdk.internal.reflect.NativeConstructorAccessorImpl.newInstance(NativeConstructorAccessorImpl.java:62)
	at java.base/jdk.internal.reflect.DelegatingConstructorAccessorImpl.newInstance(DelegatingConstructorAccessorImpl.java:45)
	at java.base/java.lang.reflect.Constructor.newInstance(Constructor.java:488)
	at ptolemy.util.test.junit.AutoKnownFailedTests.RunModel(AutoKnownFailedTests.java:105)
	at java.base/jdk.internal.reflect.NativeMethodAccessorImpl.invoke0(Native Method)
	at java.base/jdk.internal.reflect.NativeMethodAccessorImpl.invoke(NativeMethodAccessorImpl.java:62)
	at java.base/jdk.internal.reflect.DelegatingMethodAccessorImpl.invoke(DelegatingMethodAccessorImpl.java:43)
	at java.base/java.lang.reflect.Method.invoke(Method.java:564)
	at org.junit.runners.model.FrameworkMethod$1.runReflectiveCall(FrameworkMethod.java:44)
	at org.junit.internal.runners.model.ReflectiveCallable.run(ReflectiveCallable.java:15)
	at org.junit.runners.model.FrameworkMethod.invokeExplosively(FrameworkMethod.java:41)
	at junitparams.internal.InvokeParameterisedMethod.evaluate(InvokeParameterisedMethod.java:102)
	at org.junit.internal.runners.statements.FailOnTimeout$1.run(FailOnTimeout.java:28)
Caused by: ptolemy.kernel.util.IllegalActionException: Found a zero delay loop containing .dependencyLoop.original
  in .dependencyLoop and .dependencyLoop.original
	at ptolemy.actor.util.CausalityInterfaceForComposites._computeOutputPortDepth(CausalityInterfaceForComposites.java:759)
	at ptolemy.actor.util.CausalityInterfaceForComposites._computeInputDepth(CausalityInterfaceForComposites.java:696)
	at ptolemy.actor.util.CausalityInterfaceForComposites._computeOutputPortDepth(CausalityInterfaceForComposites.java:765)
	at ptolemy.actor.util.CausalityInterfaceForComposites._computeInputDepth(CausalityInterfaceForComposites.java:696)
	at ptolemy.actor.util.CausalityInterfaceForComposites._computeOutputPortDepth(CausalityInterfaceForComposites.java:765)
	at ptolemy.actor.util.CausalityInterfaceForComposites._computeInputDepth(CausalityInterfaceForComposites.java:696)
	at ptolemy.actor.util.CausalityInterfaceForComposites._computeActorDepth(CausalityInterfaceForComposites.java:532)
	at ptolemy.actor.util.CausalityInterfaceForComposites.checkForCycles(CausalityInterfaceForComposites.java:96)
	at ptolemy.domains.de.kernel.DEDirector.preinitialize(DEDirector.java:1338)
	at ptolemy.actor.CompositeActor.preinitialize(CompositeActor.java:1828)
	at ptolemy.actor.Manager.preinitializeAndResolveTypes(Manager.java:1040)
	at ptolemy.actor.Manager.initialize(Manager.java:710)
	at ptolemy.actor.Manager.execute(Manager.java:356)
	at ptolemy.actor.Manager.run(Manager.java:1263)
	at ptolemy.actor.Manager$PtolemyRunThread.run(Manager.java:1915)
java.lang.RuntimeException: Execution failed
	at ptolemy.moml.MoMLSimpleApplication$UnloadThread.run(MoMLSimpleApplication.java:402)
Caused by: ptolemy.kernel.util.IllegalActionException: Found a zero delay loop containing .dependencyLoop2.original
  in .dependencyLoop2 and .dependencyLoop2.original
	at ptolemy.actor.util.CausalityInterfaceForComposites._computeOutputPortDepth(CausalityInterfaceForComposites.java:759)
	at ptolemy.actor.util.CausalityInterfaceForComposites._computeInputDepth(CausalityInterfaceForComposites.java:696)
	at ptolemy.actor.util.CausalityInterfaceForComposites._computeOutputPortDepth(CausalityInterfaceForComposites.java:765)
	at ptolemy.actor.util.CausalityInterfaceForComposites._computeInputDepth(CausalityInterfaceForComposites.java:696)
	at ptolemy.actor.util.CausalityInterfaceForComposites._computeOutputPortDepth(CausalityInterfaceForComposites.java:765)
	at ptolemy.actor.util.CausalityInterfaceForComposites._computeInputDepth(CausalityInterfaceForComposites.java:696)
	at ptolemy.actor.util.CausalityInterfaceForComposites._computeActorDepth(CausalityInterfaceForComposites.java:532)
	at ptolemy.actor.util.CausalityInterfaceForComposites.checkForCycles(CausalityInterfaceForComposites.java:96)
	at ptolemy.domains.de.kernel.DEDirector.preinitialize(DEDirector.java:1338)
	at ptolemy.actor.CompositeActor.preinitialize(CompositeActor.java:1828)
	at ptolemy.actor.Manager.preinitializeAndResolveTypes(Manager.java:1040)
	at ptolemy.actor.Manager.initialize(Manager.java:710)
	at ptolemy.actor.Manager.execute(Manager.java:356)
	at ptolemy.actor.Manager.run(Manager.java:1263)
	at ptolemy.actor.Manager$PtolemyRunThread.run(Manager.java:1915)
java.lang.reflect.InvocationTargetException
	at java.base/jdk.internal.reflect.NativeConstructorAccessorImpl.newInstance0(Native Method)
	at java.base/jdk.internal.reflect.NativeConstructorAccessorImpl.newInstance(NativeConstructorAccessorImpl.java:62)
	at java.base/jdk.internal.reflect.DelegatingConstructorAccessorImpl.newInstance(DelegatingConstructorAccessorImpl.java:45)
	at java.base/java.lang.reflect.Constructor.newInstance(Constructor.java:488)
	at ptolemy.util.test.junit.AutoKnownFailedTests.RunModel(AutoKnownFailedTests.java:105)
	at java.base/jdk.internal.reflect.NativeMethodAccessorImpl.invoke0(Native Method)
	at java.base/jdk.internal.reflect.NativeMethodAccessorImpl.invoke(NativeMethodAccessorImpl.java:62)
	at java.base/jdk.internal.reflect.DelegatingMethodAccessorImpl.invoke(DelegatingMethodAccessorImpl.java:43)
	at java.base/java.lang.reflect.Method.invoke(Method.java:564)
	at org.junit.runners.model.FrameworkMethod$1.runReflectiveCall(FrameworkMethod.java:44)
	at org.junit.internal.runners.model.ReflectiveCallable.run(ReflectiveCallable.java:15)
	at org.junit.runners.model.FrameworkMethod.invokeExplosively(FrameworkMethod.java:41)
	at junitparams.internal.InvokeParameterisedMethod.evaluate(InvokeParameterisedMethod.java:102)
	at org.junit.internal.runners.statements.FailOnTimeout$1.run(FailOnTimeout.java:28)
Caused by: ptolemy.kernel.util.IllegalActionException: Found a zero delay loop containing .dependencyLoop2.original
  in .dependencyLoop2 and .dependencyLoop2.original
	at ptolemy.actor.util.CausalityInterfaceForComposites._computeOutputPortDepth(CausalityInterfaceForComposites.java:759)
	at ptolemy.actor.util.CausalityInterfaceForComposites._computeInputDepth(CausalityInterfaceForComposites.java:696)
	at ptolemy.actor.util.CausalityInterfaceForComposites._computeOutputPortDepth(CausalityInterfaceForComposites.java:765)
	at ptolemy.actor.util.CausalityInterfaceForComposites._computeInputDepth(CausalityInterfaceForComposites.java:696)
	at ptolemy.actor.util.CausalityInterfaceForComposites._computeOutputPortDepth(CausalityInterfaceForComposites.java:765)
	at ptolemy.actor.util.CausalityInterfaceForComposites._computeInputDepth(CausalityInterfaceForComposites.java:696)
	at ptolemy.actor.util.CausalityInterfaceForComposites._computeActorDepth(CausalityInterfaceForComposites.java:532)
	at ptolemy.actor.util.CausalityInterfaceForComposites.checkForCycles(CausalityInterfaceForComposites.java:96)
	at ptolemy.domains.de.kernel.DEDirector.preinitialize(DEDirector.java:1338)
	at ptolemy.actor.CompositeActor.preinitialize(CompositeActor.java:1828)
	at ptolemy.actor.Manager.preinitializeAndResolveTypes(Manager.java:1040)
	at ptolemy.actor.Manager.initialize(Manager.java:710)
	at ptolemy.actor.Manager.execute(Manager.java:356)
	at ptolemy.actor.Manager.run(Manager.java:1263)
	at ptolemy.actor.Manager$PtolemyRunThread.run(Manager.java:1915)
]]></system-err>
</testsuite>
