<?xml version="1.0" encoding="UTF-8" ?>
<testsuite errors="0" failures="0" hostname="travis-job-be7ad364-09d5-4018-9b59-b0086155663b" name="ptolemy.actor.lib.hoc.test.junit.JUnitTclTest" skipped="0" tests="58" time="33.552" timestamp="2020-03-04T17:05:58">
  <properties>
[...]
</properties>
  <testcase classname="ptolemy.util.test.junit.TclTests" name="[0] /home/travis/build/icyphy/ptII/ptolemy/actor/lib/hoc/test/IterateOverArray.tcl (RunTclFile)" time="0.343" />
  <testcase classname="ptolemy.util.test.junit.AutoKnownFailedTests" name="[0] /home/travis/build/icyphy/ptII/ptolemy/actor/lib/hoc/test/auto/knownFailedTests/PreinitializeMustBeInvokedRunComposite.xml (RunModel)" time="0.356" />
  <testcase classname="ptolemy.util.test.junit.AutoNameArchTests" name="[0] ThereAreNoAutoArchTests (RunModel)" time="0.003" />
  <testcase classname="ptolemy.util.test.junit.AutoTests" name="[0] /home/travis/build/icyphy/ptII/ptolemy/actor/lib/hoc/test/auto/AllToAllMultiInstanceComposite.xml (RunModel)" time="0.446" />
  <testcase classname="ptolemy.util.test.junit.AutoTests" name="[1] /home/travis/build/icyphy/ptII/ptolemy/actor/lib/hoc/test/auto/ApplyFFTTest.xml (RunModel)" time="0.375" />
  <testcase classname="ptolemy.util.test.junit.AutoTests" name="[2] /home/travis/build/icyphy/ptII/ptolemy/actor/lib/hoc/test/auto/ApplyFunction.xml (RunModel)" time="0.05" />
  <testcase classname="ptolemy.util.test.junit.AutoTests" name="[3] /home/travis/build/icyphy/ptII/ptolemy/actor/lib/hoc/test/auto/BackgroundExecution.xml (RunModel)" time="0.723" />
  <testcase classname="ptolemy.util.test.junit.AutoTests" name="[4] /home/travis/build/icyphy/ptII/ptolemy/actor/lib/hoc/test/auto/Case.xml (RunModel)" time="0.061" />
  <testcase classname="ptolemy.util.test.junit.AutoTests" name="[5] /home/travis/build/icyphy/ptII/ptolemy/actor/lib/hoc/test/auto/Case1.xml (RunModel)" time="0.056" />
  <testcase classname="ptolemy.util.test.junit.AutoTests" name="[6] /home/travis/build/icyphy/ptII/ptolemy/actor/lib/hoc/test/auto/Case2.xml (RunModel)" time="0.12" />
  <testcase classname="ptolemy.util.test.junit.AutoTests" name="[7] /home/travis/build/icyphy/ptII/ptolemy/actor/lib/hoc/test/auto/Case3.xml (RunModel)" time="0.073" />
  <testcase classname="ptolemy.util.test.junit.AutoTests" name="[8] /home/travis/build/icyphy/ptII/ptolemy/actor/lib/hoc/test/auto/Case4.xml (RunModel)" time="0.09" />
  <testcase classname="ptolemy.util.test.junit.AutoTests" name="[9] /home/travis/build/icyphy/ptII/ptolemy/actor/lib/hoc/test/auto/Case5.xml (RunModel)" time="0.091" />
  <testcase classname="ptolemy.util.test.junit.AutoTests" name="[10] /home/travis/build/icyphy/ptII/ptolemy/actor/lib/hoc/test/auto/Case6.xml (RunModel)" time="0.078" />
  <testcase classname="ptolemy.util.test.junit.AutoTests" name="[11] /home/travis/build/icyphy/ptII/ptolemy/actor/lib/hoc/test/auto/CaseString2.xml (RunModel)" time="0.035" />
  <testcase classname="ptolemy.util.test.junit.AutoTests" name="[12] /home/travis/build/icyphy/ptII/ptolemy/actor/lib/hoc/test/auto/CatchUpComposite1.xml (RunModel)" time="0.051" />
  <testcase classname="ptolemy.util.test.junit.AutoTests" name="[13] /home/travis/build/icyphy/ptII/ptolemy/actor/lib/hoc/test/auto/CatchUpComposite2.xml (RunModel)" time="0.069" />
  <testcase classname="ptolemy.util.test.junit.AutoTests" name="[14] /home/travis/build/icyphy/ptII/ptolemy/actor/lib/hoc/test/auto/CatchUpComposite3.xml (RunModel)" time="0.08" />
  <testcase classname="ptolemy.util.test.junit.AutoTests" name="[15] /home/travis/build/icyphy/ptII/ptolemy/actor/lib/hoc/test/auto/CatchUpComposite4.xml (RunModel)" time="0.046" />
  <testcase classname="ptolemy.util.test.junit.AutoTests" name="[16] /home/travis/build/icyphy/ptII/ptolemy/actor/lib/hoc/test/auto/CatchUpComposite5.xml (RunModel)" time="0.049" />
  <testcase classname="ptolemy.util.test.junit.AutoTests" name="[17] /home/travis/build/icyphy/ptII/ptolemy/actor/lib/hoc/test/auto/CatchUpComposite6.xml (RunModel)" time="0.142" />
  <testcase classname="ptolemy.util.test.junit.AutoTests" name="[18] /home/travis/build/icyphy/ptII/ptolemy/actor/lib/hoc/test/auto/CatchUpComposite7.xml (RunModel)" time="0.127" />
  <testcase classname="ptolemy.util.test.junit.AutoTests" name="[19] /home/travis/build/icyphy/ptII/ptolemy/actor/lib/hoc/test/auto/ConcurrentExecutionTimeSDF.xml (RunModel)" time="1.682" />
  <testcase classname="ptolemy.util.test.junit.AutoTests" name="[20] /home/travis/build/icyphy/ptII/ptolemy/actor/lib/hoc/test/auto/ConcurrentSleep.xml (RunModel)" time="0.765" />
  <testcase classname="ptolemy.util.test.junit.AutoTests" name="[21] /home/travis/build/icyphy/ptII/ptolemy/actor/lib/hoc/test/auto/DEInPNInRunCompositeActor.xml (RunModel)" time="0.048" />
  <testcase classname="ptolemy.util.test.junit.AutoTests" name="[22] /home/travis/build/icyphy/ptII/ptolemy/actor/lib/hoc/test/auto/DFTSubSetTest.xml (RunModel)" time="0.281" />
  <testcase classname="ptolemy.util.test.junit.AutoTests" name="[23] /home/travis/build/icyphy/ptII/ptolemy/actor/lib/hoc/test/auto/HocDE.xml (RunModel)" time="0.21" />
  <testcase classname="ptolemy.util.test.junit.AutoTests" name="[24] /home/travis/build/icyphy/ptII/ptolemy/actor/lib/hoc/test/auto/IterateOverArray.xml (RunModel)" time="0.038" />
  <testcase classname="ptolemy.util.test.junit.AutoTests" name="[25] /home/travis/build/icyphy/ptII/ptolemy/actor/lib/hoc/test/auto/IterateOverArray10.xml (RunModel)" time="0.021" />
  <testcase classname="ptolemy.util.test.junit.AutoTests" name="[26] /home/travis/build/icyphy/ptII/ptolemy/actor/lib/hoc/test/auto/IterateOverArray11.xml (RunModel)" time="0.023" />
  <testcase classname="ptolemy.util.test.junit.AutoTests" name="[27] /home/travis/build/icyphy/ptII/ptolemy/actor/lib/hoc/test/auto/IterateOverArray12.xml (RunModel)" time="0.034" />
  <testcase classname="ptolemy.util.test.junit.AutoTests" name="[28] /home/travis/build/icyphy/ptII/ptolemy/actor/lib/hoc/test/auto/IterateOverArray13.xml (RunModel)" time="0.154" />
  <testcase classname="ptolemy.util.test.junit.AutoTests" name="[29] /home/travis/build/icyphy/ptII/ptolemy/actor/lib/hoc/test/auto/IterateOverArray14.xml (RunModel)" time="0.179" />
  <testcase classname="ptolemy.util.test.junit.AutoTests" name="[30] /home/travis/build/icyphy/ptII/ptolemy/actor/lib/hoc/test/auto/IterateOverArray2.xml (RunModel)" time="0.04" />
  <testcase classname="ptolemy.util.test.junit.AutoTests" name="[31] /home/travis/build/icyphy/ptII/ptolemy/actor/lib/hoc/test/auto/IterateOverArray3.xml (RunModel)" time="0.051" />
  <testcase classname="ptolemy.util.test.junit.AutoTests" name="[32] /home/travis/build/icyphy/ptII/ptolemy/actor/lib/hoc/test/auto/IterateOverArray4.xml (RunModel)" time="0.021" />
  <testcase classname="ptolemy.util.test.junit.AutoTests" name="[33] /home/travis/build/icyphy/ptII/ptolemy/actor/lib/hoc/test/auto/IterateOverArray5.xml (RunModel)" time="0.017" />
  <testcase classname="ptolemy.util.test.junit.AutoTests" name="[34] /home/travis/build/icyphy/ptII/ptolemy/actor/lib/hoc/test/auto/IterateOverArray6.xml (RunModel)" time="0.013" />
  <testcase classname="ptolemy.util.test.junit.AutoTests" name="[35] /home/travis/build/icyphy/ptII/ptolemy/actor/lib/hoc/test/auto/IterateOverArray7.xml (RunModel)" time="0.025" />
  <testcase classname="ptolemy.util.test.junit.AutoTests" name="[36] /home/travis/build/icyphy/ptII/ptolemy/actor/lib/hoc/test/auto/IterateOverArray8.xml (RunModel)" time="0.027" />
  <testcase classname="ptolemy.util.test.junit.AutoTests" name="[37] /home/travis/build/icyphy/ptII/ptolemy/actor/lib/hoc/test/auto/IterateOverArray9.xml (RunModel)" time="0.028" />
  <testcase classname="ptolemy.util.test.junit.AutoTests" name="[38] /home/travis/build/icyphy/ptII/ptolemy/actor/lib/hoc/test/auto/IterateOverArrayCoercedOutputType.xml (RunModel)" time="0.041" />
  <testcase classname="ptolemy.util.test.junit.AutoTests" name="[39] /home/travis/build/icyphy/ptII/ptolemy/actor/lib/hoc/test/auto/IterateOverArrayInferredOutputType.xml (RunModel)" time="0.032" />
  <testcase classname="ptolemy.util.test.junit.AutoTests" name="[40] /home/travis/build/icyphy/ptII/ptolemy/actor/lib/hoc/test/auto/MobileFunctionTest.xml (RunModel)" time="0.026" />
  <testcase classname="ptolemy.util.test.junit.AutoTests" name="[41] /home/travis/build/icyphy/ptII/ptolemy/actor/lib/hoc/test/auto/MobileModelTest.xml (RunModel)" time="0.161" />
  <testcase classname="ptolemy.util.test.junit.AutoTests" name="[42] /home/travis/build/icyphy/ptII/ptolemy/actor/lib/hoc/test/auto/ModelReference.xml (RunModel)" time="0.055" />
  <testcase classname="ptolemy.util.test.junit.AutoTests" name="[43] /home/travis/build/icyphy/ptII/ptolemy/actor/lib/hoc/test/auto/ModelReference3.xml (RunModel)" time="0.056" />
  <testcase classname="ptolemy.util.test.junit.AutoTests" name="[44] /home/travis/build/icyphy/ptII/ptolemy/actor/lib/hoc/test/auto/ModelReference4.xml (RunModel)" time="10.03" />
  <testcase classname="ptolemy.util.test.junit.AutoTests" name="[45] /home/travis/build/icyphy/ptII/ptolemy/actor/lib/hoc/test/auto/MultiInstanceComposite.xml (RunModel)" time="0.055" />
  <testcase classname="ptolemy.util.test.junit.AutoTests" name="[46] /home/travis/build/icyphy/ptII/ptolemy/actor/lib/hoc/test/auto/MultiInstanceComposite2.xml (RunModel)" time="0.032" />
  <testcase classname="ptolemy.util.test.junit.AutoTests" name="[47] /home/travis/build/icyphy/ptII/ptolemy/actor/lib/hoc/test/auto/MulticoreExecution.xml (RunModel)" time="1.122" />
  <testcase classname="ptolemy.util.test.junit.AutoTests" name="[48] /home/travis/build/icyphy/ptII/ptolemy/actor/lib/hoc/test/auto/ParallelExecution.xml (RunModel)" time="0.931" />
  <testcase classname="ptolemy.util.test.junit.AutoTests" name="[49] /home/travis/build/icyphy/ptII/ptolemy/actor/lib/hoc/test/auto/RunCompositeActor.xml (RunModel)" time="0.028" />
  <testcase classname="ptolemy.util.test.junit.AutoTests" name="[50] /home/travis/build/icyphy/ptII/ptolemy/actor/lib/hoc/test/auto/RunCompositeActor2.xml (RunModel)" time="0.035" />
  <testcase classname="ptolemy.util.test.junit.AutoTests" name="[51] /home/travis/build/icyphy/ptII/ptolemy/actor/lib/hoc/test/auto/RunCompositeActor3.xml (RunModel)" time="0.024" />
  <testcase classname="ptolemy.util.test.junit.AutoTests" name="[52] /home/travis/build/icyphy/ptII/ptolemy/actor/lib/hoc/test/auto/RunCompositeActor4.xml (RunModel)" time="0.031" />
  <testcase classname="ptolemy.util.test.junit.AutoTests" name="[53] /home/travis/build/icyphy/ptII/ptolemy/actor/lib/hoc/test/auto/RunCompositeIterateOverArray.xml (RunModel)" time="0.029" />
  <testcase classname="ptolemy.util.test.junit.AutoTests" name="[54] /home/travis/build/icyphy/ptII/ptolemy/actor/lib/hoc/test/auto/ThreadedJS.xml (RunModel)" time="13.079" />
  <system-out><![CDATA[/home/travis/build/icyphy/ptII/ptolemy/actor/lib/hoc/test/IterateOverArray.tcl
testDefs.tcl: setting time out to 9000 seconds at Wed Mar 04 17:05:58 UTC 2020
03/04/20 05:05:58
Failed: 0  Total Tests: 2  ((Passed: 2, Newly Passed: 0)  Known Failed: 0) /home/travis/build/icyphy/ptII/ptolemy/actor/lib/hoc/test
----------------- testing (KnownFailure) /home/travis/build/icyphy/ptII/ptolemy/actor/lib/hoc/test/auto/knownFailedTests/PreinitializeMustBeInvokedRunComposite.xml
88 ms. Memory: 129024K Free: 86470K (67%)
Known Failure: java.lang.reflect.InvocationTargetException
No auto/linux-amd64/*.xml tests in /home/travis/build/icyphy/ptII/ptolemy/actor/lib/hoc/test
AutoTests.java: About to close Vertx.
AutoTests.java: Vertx closed.

===========================================================================================
----------------- testing Wed Mar 04 17:05:59 UTC 2020 /home/travis/build/icyphy/ptII/ptolemy/actor/lib/hoc/test/auto/AllToAllMultiInstanceComposite.xml
----------------- Instantiating /home/travis/build/icyphy/ptII/ptolemy/actor/lib/hoc/test/auto/AllToAllMultiInstanceComposite.xml
216 ms. Memory: 129024K Free: 107073K (83%)
----------------- Invoking toplevel() on ptolemy.moml.MoMLSimpleApplication@6fc1f2f7
----------------- Done invoking toplevel() on ptolemy.moml.MoMLSimpleApplication@6fc1f2f7
reloadAllAccessors: .AllToAllMultiInstanceComposite

===========================================================================================
----------------- testing Wed Mar 04 17:06:00 UTC 2020 /home/travis/build/icyphy/ptII/ptolemy/actor/lib/hoc/test/auto/ApplyFFTTest.xml
----------------- Instantiating /home/travis/build/icyphy/ptII/ptolemy/actor/lib/hoc/test/auto/ApplyFFTTest.xml
157 ms. Memory: 129024K Free: 88233K (68%)
----------------- Invoking toplevel() on ptolemy.moml.MoMLSimpleApplication@18973e20
----------------- Done invoking toplevel() on ptolemy.moml.MoMLSimpleApplication@18973e20
reloadAllAccessors: .ApplyFFTTest

===========================================================================================
----------------- testing Wed Mar 04 17:06:00 UTC 2020 /home/travis/build/icyphy/ptII/ptolemy/actor/lib/hoc/test/auto/ApplyFunction.xml
----------------- Instantiating /home/travis/build/icyphy/ptII/ptolemy/actor/lib/hoc/test/auto/ApplyFunction.xml
9 ms. Memory: 129024K Free: 84838K (66%)
----------------- Invoking toplevel() on ptolemy.moml.MoMLSimpleApplication@5e49b17a
----------------- Done invoking toplevel() on ptolemy.moml.MoMLSimpleApplication@5e49b17a
reloadAllAccessors: .ApplyFunction

===========================================================================================
----------------- testing Wed Mar 04 17:06:00 UTC 2020 /home/travis/build/icyphy/ptII/ptolemy/actor/lib/hoc/test/auto/BackgroundExecution.xml
----------------- Instantiating /home/travis/build/icyphy/ptII/ptolemy/actor/lib/hoc/test/auto/BackgroundExecution.xml
632 ms. Memory: 129024K Free: 77993K (60%)
----------------- Invoking toplevel() on ptolemy.moml.MoMLSimpleApplication@1888924a
----------------- Done invoking toplevel() on ptolemy.moml.MoMLSimpleApplication@1888924a
reloadAllAccessors: .BackgroundExecution

===========================================================================================
----------------- testing Wed Mar 04 17:06:01 UTC 2020 /home/travis/build/icyphy/ptII/ptolemy/actor/lib/hoc/test/auto/Case.xml
----------------- Instantiating /home/travis/build/icyphy/ptII/ptolemy/actor/lib/hoc/test/auto/Case.xml
20 ms. Memory: 129024K Free: 70523K (55%)
----------------- Invoking toplevel() on ptolemy.moml.MoMLSimpleApplication@3133307a
----------------- Done invoking toplevel() on ptolemy.moml.MoMLSimpleApplication@3133307a
reloadAllAccessors: .Case

===========================================================================================
----------------- testing Wed Mar 04 17:06:01 UTC 2020 /home/travis/build/icyphy/ptII/ptolemy/actor/lib/hoc/test/auto/Case1.xml
----------------- Instantiating /home/travis/build/icyphy/ptII/ptolemy/actor/lib/hoc/test/auto/Case1.xml
8 ms. Memory: 129024K Free: 108608K (84%)
----------------- Invoking toplevel() on ptolemy.moml.MoMLSimpleApplication@75bc5800
----------------- Done invoking toplevel() on ptolemy.moml.MoMLSimpleApplication@75bc5800
reloadAllAccessors: .Case1

===========================================================================================
----------------- testing Wed Mar 04 17:06:01 UTC 2020 /home/travis/build/icyphy/ptII/ptolemy/actor/lib/hoc/test/auto/Case2.xml
----------------- Instantiating /home/travis/build/icyphy/ptII/ptolemy/actor/lib/hoc/test/auto/Case2.xml
47 ms. Memory: 129024K Free: 98368K (76%)
----------------- Invoking toplevel() on ptolemy.moml.MoMLSimpleApplication@3ad1bf41
----------------- Done invoking toplevel() on ptolemy.moml.MoMLSimpleApplication@3ad1bf41
reloadAllAccessors: .Case2

===========================================================================================
----------------- testing Wed Mar 04 17:06:01 UTC 2020 /home/travis/build/icyphy/ptII/ptolemy/actor/lib/hoc/test/auto/Case3.xml
----------------- Instantiating /home/travis/build/icyphy/ptII/ptolemy/actor/lib/hoc/test/auto/Case3.xml
23 ms. Memory: 129024K Free: 92186K (71%)
----------------- Invoking toplevel() on ptolemy.moml.MoMLSimpleApplication@7b346474
----------------- Done invoking toplevel() on ptolemy.moml.MoMLSimpleApplication@7b346474
reloadAllAccessors: .Case3

===========================================================================================
----------------- testing Wed Mar 04 17:06:01 UTC 2020 /home/travis/build/icyphy/ptII/ptolemy/actor/lib/hoc/test/auto/Case4.xml
----------------- Instantiating /home/travis/build/icyphy/ptII/ptolemy/actor/lib/hoc/test/auto/Case4.xml
28 ms. Memory: 129024K Free: 84682K (66%)
----------------- Invoking toplevel() on ptolemy.moml.MoMLSimpleApplication@3edef926
----------------- Done invoking toplevel() on ptolemy.moml.MoMLSimpleApplication@3edef926
reloadAllAccessors: .Case4

===========================================================================================
----------------- testing Wed Mar 04 17:06:01 UTC 2020 /home/travis/build/icyphy/ptII/ptolemy/actor/lib/hoc/test/auto/Case5.xml
----------------- Instantiating /home/travis/build/icyphy/ptII/ptolemy/actor/lib/hoc/test/auto/Case5.xml
57 ms. Memory: 129024K Free: 78403K (61%)
----------------- Invoking toplevel() on ptolemy.moml.MoMLSimpleApplication@38dd390
----------------- Done invoking toplevel() on ptolemy.moml.MoMLSimpleApplication@38dd390
reloadAllAccessors: .junk

===========================================================================================
----------------- testing Wed Mar 04 17:06:01 UTC 2020 /home/travis/build/icyphy/ptII/ptolemy/actor/lib/hoc/test/auto/Case6.xml
----------------- Instantiating /home/travis/build/icyphy/ptII/ptolemy/actor/lib/hoc/test/auto/Case6.xml
27 ms. Memory: 129024K Free: 67139K (52%)
----------------- Invoking toplevel() on ptolemy.moml.MoMLSimpleApplication@4f3ec056
----------------- Done invoking toplevel() on ptolemy.moml.MoMLSimpleApplication@4f3ec056
reloadAllAccessors: .Case6

===========================================================================================
----------------- testing Wed Mar 04 17:06:01 UTC 2020 /home/travis/build/icyphy/ptII/ptolemy/actor/lib/hoc/test/auto/CaseString2.xml
----------------- Instantiating /home/travis/build/icyphy/ptII/ptolemy/actor/lib/hoc/test/auto/CaseString2.xml
9 ms. Memory: 129024K Free: 110115K (85%)
----------------- Invoking toplevel() on ptolemy.moml.MoMLSimpleApplication@53156363
----------------- Done invoking toplevel() on ptolemy.moml.MoMLSimpleApplication@53156363
reloadAllAccessors: .CaseString2

===========================================================================================
----------------- testing Wed Mar 04 17:06:01 UTC 2020 /home/travis/build/icyphy/ptII/ptolemy/actor/lib/hoc/test/auto/CatchUpComposite1.xml
----------------- Instantiating /home/travis/build/icyphy/ptII/ptolemy/actor/lib/hoc/test/auto/CatchUpComposite1.xml
20 ms. Memory: 129024K Free: 100853K (78%)
----------------- Invoking toplevel() on ptolemy.moml.MoMLSimpleApplication@5ad91e6b
----------------- Done invoking toplevel() on ptolemy.moml.MoMLSimpleApplication@5ad91e6b
reloadAllAccessors: .CatchUpComposite1

===========================================================================================
----------------- testing Wed Mar 04 17:06:01 UTC 2020 /home/travis/build/icyphy/ptII/ptolemy/actor/lib/hoc/test/auto/CatchUpComposite2.xml
----------------- Instantiating /home/travis/build/icyphy/ptII/ptolemy/actor/lib/hoc/test/auto/CatchUpComposite2.xml
16 ms. Memory: 129024K Free: 92806K (72%)
----------------- Invoking toplevel() on ptolemy.moml.MoMLSimpleApplication@5b552ded
----------------- Done invoking toplevel() on ptolemy.moml.MoMLSimpleApplication@5b552ded
reloadAllAccessors: .CatchUpComposite2

===========================================================================================
----------------- testing Wed Mar 04 17:06:02 UTC 2020 /home/travis/build/icyphy/ptII/ptolemy/actor/lib/hoc/test/auto/CatchUpComposite3.xml
----------------- Instantiating /home/travis/build/icyphy/ptII/ptolemy/actor/lib/hoc/test/auto/CatchUpComposite3.xml
33 ms. Memory: 129024K Free: 84036K (65%)
----------------- Invoking toplevel() on ptolemy.moml.MoMLSimpleApplication@58a1f6c2
----------------- Done invoking toplevel() on ptolemy.moml.MoMLSimpleApplication@58a1f6c2
reloadAllAccessors: .CatchUpComposite3

===========================================================================================
----------------- testing Wed Mar 04 17:06:02 UTC 2020 /home/travis/build/icyphy/ptII/ptolemy/actor/lib/hoc/test/auto/CatchUpComposite4.xml
----------------- Instantiating /home/travis/build/icyphy/ptII/ptolemy/actor/lib/hoc/test/auto/CatchUpComposite4.xml
9 ms. Memory: 129024K Free: 75844K (59%)
----------------- Invoking toplevel() on ptolemy.moml.MoMLSimpleApplication@2cf01f5c
----------------- Done invoking toplevel() on ptolemy.moml.MoMLSimpleApplication@2cf01f5c
reloadAllAccessors: .CatchUpComposite4

===========================================================================================
----------------- testing Wed Mar 04 17:06:02 UTC 2020 /home/travis/build/icyphy/ptII/ptolemy/actor/lib/hoc/test/auto/CatchUpComposite5.xml
----------------- Instantiating /home/travis/build/icyphy/ptII/ptolemy/actor/lib/hoc/test/auto/CatchUpComposite5.xml
18 ms. Memory: 129024K Free: 68160K (53%)
----------------- Invoking toplevel() on ptolemy.moml.MoMLSimpleApplication@670c00ea
----------------- Done invoking toplevel() on ptolemy.moml.MoMLSimpleApplication@670c00ea
reloadAllAccessors: .CatchUpComposite5

===========================================================================================
----------------- testing Wed Mar 04 17:06:02 UTC 2020 /home/travis/build/icyphy/ptII/ptolemy/actor/lib/hoc/test/auto/CatchUpComposite6.xml
----------------- Instantiating /home/travis/build/icyphy/ptII/ptolemy/actor/lib/hoc/test/auto/CatchUpComposite6.xml
WARNING: The execution aspects in this model can influence the timing of actors by delaying the 
execution, potentially changing the behavior. There is no guarantee that actors fire at the 
time they request to be fired. 
Use Ptides for deterministic DE behavior that is not influenced by execution aspects. 

64 ms. Memory: 129024K Free: 53316K (41%)
----------------- Invoking toplevel() on ptolemy.moml.MoMLSimpleApplication@22d82d4a
----------------- Done invoking toplevel() on ptolemy.moml.MoMLSimpleApplication@22d82d4a
reloadAllAccessors: .CatchUpComposite6

===========================================================================================
----------------- testing Wed Mar 04 17:06:02 UTC 2020 /home/travis/build/icyphy/ptII/ptolemy/actor/lib/hoc/test/auto/CatchUpComposite7.xml
----------------- Instantiating /home/travis/build/icyphy/ptII/ptolemy/actor/lib/hoc/test/auto/CatchUpComposite7.xml
WARNING: The execution aspects in this model can influence the timing of actors by delaying the 
execution, potentially changing the behavior. There is no guarantee that actors fire at the 
time they request to be fired. 
Use Ptides for deterministic DE behavior that is not influenced by execution aspects. 

45 ms. Memory: 129024K Free: 104159K (81%)
----------------- Invoking toplevel() on ptolemy.moml.MoMLSimpleApplication@2d76a6f8
----------------- Done invoking toplevel() on ptolemy.moml.MoMLSimpleApplication@2d76a6f8
reloadAllAccessors: .CatchUpComposite7

===========================================================================================
----------------- testing Wed Mar 04 17:06:02 UTC 2020 /home/travis/build/icyphy/ptII/ptolemy/actor/lib/hoc/test/auto/ConcurrentExecutionTimeSDF.xml
----------------- Instantiating /home/travis/build/icyphy/ptII/ptolemy/actor/lib/hoc/test/auto/ConcurrentExecutionTimeSDF.xml
Fired ExecutionTime: 40400000
Fired ExecutionTime: 40400000
Fired ExecutionTime: 40400000
Fired ExecutionTime: 40400000
Fired ExecutionTime: 40400000
Fired ExecutionTime: 40400000
Fired ExecutionTime: 40400000
Fired ExecutionTime: 40400000
Fired ExecutionTime: 40400000
Fired ExecutionTime: 40400000
Fired ExecutionTime: 40400000
Fired ExecutionTime: 40400000
Fired ExecutionTime: 40400000
Fired ExecutionTime: 40400000
Fired ExecutionTime: 40400000
Fired ExecutionTime: 40400000
Fired ExecutionTime: 40400000
Fired ExecutionTime: 40400000
Fired ExecutionTime: 40400000
Fired ExecutionTime: 40400000
1657 ms. Memory: 129024K Free: 96991K (75%)
----------------- Invoking toplevel() on ptolemy.moml.MoMLSimpleApplication@43db86d
----------------- Done invoking toplevel() on ptolemy.moml.MoMLSimpleApplication@43db86d
reloadAllAccessors: .ConcurrentExecutionTimeSDF

===========================================================================================
----------------- testing Wed Mar 04 17:06:04 UTC 2020 /home/travis/build/icyphy/ptII/ptolemy/actor/lib/hoc/test/auto/ConcurrentSleep.xml
----------------- Instantiating /home/travis/build/icyphy/ptII/ptolemy/actor/lib/hoc/test/auto/ConcurrentSleep.xml
730 ms. Memory: 129024K Free: 86260K (67%)
----------------- Invoking toplevel() on ptolemy.moml.MoMLSimpleApplication@65ede16c
----------------- Done invoking toplevel() on ptolemy.moml.MoMLSimpleApplication@65ede16c
reloadAllAccessors: .ConcurrentSleep

===========================================================================================
----------------- testing Wed Mar 04 17:06:04 UTC 2020 /home/travis/build/icyphy/ptII/ptolemy/actor/lib/hoc/test/auto/DEInPNInRunCompositeActor.xml
----------------- Instantiating /home/travis/build/icyphy/ptII/ptolemy/actor/lib/hoc/test/auto/DEInPNInRunCompositeActor.xml
13 ms. Memory: 129024K Free: 81101K (63%)
----------------- Invoking toplevel() on ptolemy.moml.MoMLSimpleApplication@176504ab
----------------- Done invoking toplevel() on ptolemy.moml.MoMLSimpleApplication@176504ab
reloadAllAccessors: .DEInPNInRunCompositeActor

===========================================================================================
----------------- testing Wed Mar 04 17:06:05 UTC 2020 /home/travis/build/icyphy/ptII/ptolemy/actor/lib/hoc/test/auto/DFTSubSetTest.xml
----------------- Instantiating /home/travis/build/icyphy/ptII/ptolemy/actor/lib/hoc/test/auto/DFTSubSetTest.xml
177 ms. Memory: 157696K Free: 139158K (88%)
----------------- Invoking toplevel() on ptolemy.moml.MoMLSimpleApplication@403c2262
----------------- Done invoking toplevel() on ptolemy.moml.MoMLSimpleApplication@403c2262
reloadAllAccessors: .DFTSubSetTest

===========================================================================================
----------------- testing Wed Mar 04 17:06:05 UTC 2020 /home/travis/build/icyphy/ptII/ptolemy/actor/lib/hoc/test/auto/HocDE.xml
----------------- Instantiating /home/travis/build/icyphy/ptII/ptolemy/actor/lib/hoc/test/auto/HocDE.xml
164 ms. Memory: 157696K Free: 113044K (72%)
----------------- Invoking toplevel() on ptolemy.moml.MoMLSimpleApplication@3998add8
----------------- Done invoking toplevel() on ptolemy.moml.MoMLSimpleApplication@3998add8
reloadAllAccessors: .HocDE

===========================================================================================
----------------- testing Wed Mar 04 17:06:05 UTC 2020 /home/travis/build/icyphy/ptII/ptolemy/actor/lib/hoc/test/auto/IterateOverArray.xml
----------------- Instantiating /home/travis/build/icyphy/ptII/ptolemy/actor/lib/hoc/test/auto/IterateOverArray.xml
6 ms. Memory: 157696K Free: 108438K (69%)
----------------- Invoking toplevel() on ptolemy.moml.MoMLSimpleApplication@f4c8e99
----------------- Done invoking toplevel() on ptolemy.moml.MoMLSimpleApplication@f4c8e99
reloadAllAccessors: .IterateOverArray

===========================================================================================
----------------- testing Wed Mar 04 17:06:05 UTC 2020 /home/travis/build/icyphy/ptII/ptolemy/actor/lib/hoc/test/auto/IterateOverArray10.xml
----------------- Instantiating /home/travis/build/icyphy/ptII/ptolemy/actor/lib/hoc/test/auto/IterateOverArray10.xml
4 ms. Memory: 157696K Free: 104852K (66%)
----------------- Invoking toplevel() on ptolemy.moml.MoMLSimpleApplication@292c36c5
----------------- Done invoking toplevel() on ptolemy.moml.MoMLSimpleApplication@292c36c5
reloadAllAccessors: .IterateOverArray10

===========================================================================================
----------------- testing Wed Mar 04 17:06:05 UTC 2020 /home/travis/build/icyphy/ptII/ptolemy/actor/lib/hoc/test/auto/IterateOverArray11.xml
----------------- Instantiating /home/travis/build/icyphy/ptII/ptolemy/actor/lib/hoc/test/auto/IterateOverArray11.xml
5 ms. Memory: 157696K Free: 100756K (64%)
----------------- Invoking toplevel() on ptolemy.moml.MoMLSimpleApplication@3f2eaff8
----------------- Done invoking toplevel() on ptolemy.moml.MoMLSimpleApplication@3f2eaff8
reloadAllAccessors: .IterateOverArray11

===========================================================================================
----------------- testing Wed Mar 04 17:06:05 UTC 2020 /home/travis/build/icyphy/ptII/ptolemy/actor/lib/hoc/test/auto/IterateOverArray12.xml
----------------- Instantiating /home/travis/build/icyphy/ptII/ptolemy/actor/lib/hoc/test/auto/IterateOverArray12.xml
13 ms. Memory: 157696K Free: 94612K (60%)
----------------- Invoking toplevel() on ptolemy.moml.MoMLSimpleApplication@39dd22e0
----------------- Done invoking toplevel() on ptolemy.moml.MoMLSimpleApplication@39dd22e0
reloadAllAccessors: .IterateOverArray12

===========================================================================================
----------------- testing Wed Mar 04 17:06:05 UTC 2020 /home/travis/build/icyphy/ptII/ptolemy/actor/lib/hoc/test/auto/IterateOverArray13.xml
----------------- Instantiating /home/travis/build/icyphy/ptII/ptolemy/actor/lib/hoc/test/auto/IterateOverArray13.xml
83 ms. Memory: 157696K Free: 69012K (44%)
----------------- Invoking toplevel() on ptolemy.moml.MoMLSimpleApplication@117065c2
----------------- Done invoking toplevel() on ptolemy.moml.MoMLSimpleApplication@117065c2
reloadAllAccessors: .IterateOverArray13

===========================================================================================
----------------- testing Wed Mar 04 17:06:05 UTC 2020 /home/travis/build/icyphy/ptII/ptolemy/actor/lib/hoc/test/auto/IterateOverArray14.xml
----------------- Instantiating /home/travis/build/icyphy/ptII/ptolemy/actor/lib/hoc/test/auto/IterateOverArray14.xml
72 ms. Memory: 157696K Free: 120071K (76%)
----------------- Invoking toplevel() on ptolemy.moml.MoMLSimpleApplication@29bce43
----------------- Done invoking toplevel() on ptolemy.moml.MoMLSimpleApplication@29bce43
reloadAllAccessors: .IterateOverArray14

===========================================================================================
----------------- testing Wed Mar 04 17:06:05 UTC 2020 /home/travis/build/icyphy/ptII/ptolemy/actor/lib/hoc/test/auto/IterateOverArray2.xml
----------------- Instantiating /home/travis/build/icyphy/ptII/ptolemy/actor/lib/hoc/test/auto/IterateOverArray2.xml
10 ms. Memory: 157696K Free: 115461K (73%)
----------------- Invoking toplevel() on ptolemy.moml.MoMLSimpleApplication@6d1e2c56
----------------- Done invoking toplevel() on ptolemy.moml.MoMLSimpleApplication@6d1e2c56
reloadAllAccessors: .IterateOverArray2

===========================================================================================
----------------- testing Wed Mar 04 17:06:06 UTC 2020 /home/travis/build/icyphy/ptII/ptolemy/actor/lib/hoc/test/auto/IterateOverArray3.xml
----------------- Instantiating /home/travis/build/icyphy/ptII/ptolemy/actor/lib/hoc/test/auto/IterateOverArray3.xml
22 ms. Memory: 157696K Free: 109831K (70%)
----------------- Invoking toplevel() on ptolemy.moml.MoMLSimpleApplication@7483e0fd
----------------- Done invoking toplevel() on ptolemy.moml.MoMLSimpleApplication@7483e0fd
reloadAllAccessors: .IterateOverArray3

===========================================================================================
----------------- testing Wed Mar 04 17:06:06 UTC 2020 /home/travis/build/icyphy/ptII/ptolemy/actor/lib/hoc/test/auto/IterateOverArray4.xml
----------------- Instantiating /home/travis/build/icyphy/ptII/ptolemy/actor/lib/hoc/test/auto/IterateOverArray4.xml
5 ms. Memory: 157696K Free: 105735K (67%)
----------------- Invoking toplevel() on ptolemy.moml.MoMLSimpleApplication@366f0934
----------------- Done invoking toplevel() on ptolemy.moml.MoMLSimpleApplication@366f0934
reloadAllAccessors: .IterateOverArray4

===========================================================================================
----------------- testing Wed Mar 04 17:06:06 UTC 2020 /home/travis/build/icyphy/ptII/ptolemy/actor/lib/hoc/test/auto/IterateOverArray5.xml
----------------- Instantiating /home/travis/build/icyphy/ptII/ptolemy/actor/lib/hoc/test/auto/IterateOverArray5.xml
4 ms. Memory: 157696K Free: 101639K (64%)
----------------- Invoking toplevel() on ptolemy.moml.MoMLSimpleApplication@83a61e
----------------- Done invoking toplevel() on ptolemy.moml.MoMLSimpleApplication@83a61e
reloadAllAccessors: .IterateOverArray5

===========================================================================================
----------------- testing Wed Mar 04 17:06:06 UTC 2020 /home/travis/build/icyphy/ptII/ptolemy/actor/lib/hoc/test/auto/IterateOverArray6.xml
----------------- Instantiating /home/travis/build/icyphy/ptII/ptolemy/actor/lib/hoc/test/auto/IterateOverArray6.xml
2 ms. Memory: 157696K Free: 98053K (62%)
----------------- Invoking toplevel() on ptolemy.moml.MoMLSimpleApplication@1334441b
----------------- Done invoking toplevel() on ptolemy.moml.MoMLSimpleApplication@1334441b
reloadAllAccessors: .IterateOverArray6

===========================================================================================
----------------- testing Wed Mar 04 17:06:06 UTC 2020 /home/travis/build/icyphy/ptII/ptolemy/actor/lib/hoc/test/auto/IterateOverArray7.xml
----------------- Instantiating /home/travis/build/icyphy/ptII/ptolemy/actor/lib/hoc/test/auto/IterateOverArray7.xml
6 ms. Memory: 157696K Free: 93447K (59%)
----------------- Invoking toplevel() on ptolemy.moml.MoMLSimpleApplication@3b36d16c
----------------- Done invoking toplevel() on ptolemy.moml.MoMLSimpleApplication@3b36d16c
reloadAllAccessors: .IterateOverArray7

===========================================================================================
----------------- testing Wed Mar 04 17:06:06 UTC 2020 /home/travis/build/icyphy/ptII/ptolemy/actor/lib/hoc/test/auto/IterateOverArray8.xml
----------------- Instantiating /home/travis/build/icyphy/ptII/ptolemy/actor/lib/hoc/test/auto/IterateOverArray8.xml
4 ms. Memory: 157696K Free: 89351K (57%)
----------------- Invoking toplevel() on ptolemy.moml.MoMLSimpleApplication@5b1ebb6d
----------------- Done invoking toplevel() on ptolemy.moml.MoMLSimpleApplication@5b1ebb6d
reloadAllAccessors: .IterateOverArray8

===========================================================================================
----------------- testing Wed Mar 04 17:06:06 UTC 2020 /home/travis/build/icyphy/ptII/ptolemy/actor/lib/hoc/test/auto/IterateOverArray9.xml
----------------- Instantiating /home/travis/build/icyphy/ptII/ptolemy/actor/lib/hoc/test/auto/IterateOverArray9.xml
6 ms. Memory: 157696K Free: 85255K (54%)
----------------- Invoking toplevel() on ptolemy.moml.MoMLSimpleApplication@148bc0c7
----------------- Done invoking toplevel() on ptolemy.moml.MoMLSimpleApplication@148bc0c7
reloadAllAccessors: .IterateOverArray9

===========================================================================================
----------------- testing Wed Mar 04 17:06:06 UTC 2020 /home/travis/build/icyphy/ptII/ptolemy/actor/lib/hoc/test/auto/IterateOverArrayCoercedOutputType.xml
----------------- Instantiating /home/travis/build/icyphy/ptII/ptolemy/actor/lib/hoc/test/auto/IterateOverArrayCoercedOutputType.xml
9 ms. Memory: 157696K Free: 80135K (51%)
----------------- Invoking toplevel() on ptolemy.moml.MoMLSimpleApplication@6c3307e2
----------------- Done invoking toplevel() on ptolemy.moml.MoMLSimpleApplication@6c3307e2
reloadAllAccessors: .IterateOverArrayCoercedOutputType

===========================================================================================
----------------- testing Wed Mar 04 17:06:06 UTC 2020 /home/travis/build/icyphy/ptII/ptolemy/actor/lib/hoc/test/auto/IterateOverArrayInferredOutputType.xml
----------------- Instantiating /home/travis/build/icyphy/ptII/ptolemy/actor/lib/hoc/test/auto/IterateOverArrayInferredOutputType.xml
8 ms. Memory: 157696K Free: 75525K (48%)
----------------- Invoking toplevel() on ptolemy.moml.MoMLSimpleApplication@52e3dadd
----------------- Done invoking toplevel() on ptolemy.moml.MoMLSimpleApplication@52e3dadd
reloadAllAccessors: .IterateOverArrayInferredOutputType

===========================================================================================
----------------- testing Wed Mar 04 17:06:06 UTC 2020 /home/travis/build/icyphy/ptII/ptolemy/actor/lib/hoc/test/auto/MobileFunctionTest.xml
----------------- Instantiating /home/travis/build/icyphy/ptII/ptolemy/actor/lib/hoc/test/auto/MobileFunctionTest.xml
4 ms. Memory: 157696K Free: 70919K (45%)
----------------- Invoking toplevel() on ptolemy.moml.MoMLSimpleApplication@5d889e2b
----------------- Done invoking toplevel() on ptolemy.moml.MoMLSimpleApplication@5d889e2b
reloadAllAccessors: .MobileFunctionTest

===========================================================================================
----------------- testing Wed Mar 04 17:06:06 UTC 2020 /home/travis/build/icyphy/ptII/ptolemy/actor/lib/hoc/test/auto/MobileModelTest.xml
----------------- Instantiating /home/travis/build/icyphy/ptII/ptolemy/actor/lib/hoc/test/auto/MobileModelTest.xml
138 ms. Memory: 157696K Free: 141282K (90%)
----------------- Invoking toplevel() on ptolemy.moml.MoMLSimpleApplication@5c1bba47
----------------- Done invoking toplevel() on ptolemy.moml.MoMLSimpleApplication@5c1bba47
reloadAllAccessors: .MobileModelTest

===========================================================================================
----------------- testing Wed Mar 04 17:06:06 UTC 2020 /home/travis/build/icyphy/ptII/ptolemy/actor/lib/hoc/test/auto/ModelReference.xml
----------------- Instantiating /home/travis/build/icyphy/ptII/ptolemy/actor/lib/hoc/test/auto/ModelReference.xml
3 ms. Memory: 157696K Free: 134083K (85%)
4 ms. Memory: 157696K Free: 133611K (85%)
2 ms. Memory: 157696K Free: 132595K (84%)
3 ms. Memory: 157696K Free: 131563K (83%)
2 ms. Memory: 157696K Free: 131011K (83%)
2 ms. Memory: 157696K Free: 129987K (82%)
1 ms. Memory: 157696K Free: 129515K (82%)
1 ms. Memory: 157696K Free: 128499K (81%)
1 ms. Memory: 157696K Free: 127467K (81%)
2 ms. Memory: 157696K Free: 126915K (80%)
29 ms. Memory: 157696K Free: 126915K (80%)
----------------- Invoking toplevel() on ptolemy.moml.MoMLSimpleApplication@70271251
----------------- Done invoking toplevel() on ptolemy.moml.MoMLSimpleApplication@70271251
reloadAllAccessors: .ModelReference

===========================================================================================
----------------- testing Wed Mar 04 17:06:06 UTC 2020 /home/travis/build/icyphy/ptII/ptolemy/actor/lib/hoc/test/auto/ModelReference3.xml
----------------- Instantiating /home/travis/build/icyphy/ptII/ptolemy/actor/lib/hoc/test/auto/ModelReference3.xml
2 ms. Memory: 157696K Free: 122339K (78%)
5 ms. Memory: 157696K Free: 121725K (77%)
2 ms. Memory: 157696K Free: 120785K (77%)
4 ms. Memory: 157696K Free: 120218K (76%)
2 ms. Memory: 157696K Free: 119265K (76%)
2 ms. Memory: 157696K Free: 118235K (75%)
4 ms. Memory: 157696K Free: 117683K (75%)
3 ms. Memory: 157696K Free: 116689K (74%)
3 ms. Memory: 157696K Free: 116122K (74%)
2 ms. Memory: 157696K Free: 115169K (73%)
36 ms. Memory: 157696K Free: 115169K (73%)
----------------- Invoking toplevel() on ptolemy.moml.MoMLSimpleApplication@7242bafb
----------------- Done invoking toplevel() on ptolemy.moml.MoMLSimpleApplication@7242bafb
reloadAllAccessors: .ModelReference3

===========================================================================================
----------------- testing Wed Mar 04 17:06:06 UTC 2020 /home/travis/build/icyphy/ptII/ptolemy/actor/lib/hoc/test/auto/ModelReference4.xml
----------------- Instantiating /home/travis/build/icyphy/ptII/ptolemy/actor/lib/hoc/test/auto/ModelReference4.xml
2 ms. Memory: 157696K Free: 110515K (70%)
2 ms. Memory: 157696K Free: 109019K (69%)
3 ms. Memory: 157696K Free: 108003K (68%)
1 ms. Memory: 157696K Free: 106987K (68%)
7 ms. Memory: 157696K Free: 105403K (67%)
2 ms. Memory: 157696K Free: 104379K (66%)
2 ms. Memory: 157696K Free: 102867K (65%)
6 ms. Memory: 157696K Free: 101851K (65%)
2 ms. Memory: 157696K Free: 100857K (64%)
2 ms. Memory: 157696K Free: 99267K (63%)
10018 ms. Memory: 157696K Free: 99267K (63%)
----------------- Invoking toplevel() on ptolemy.moml.MoMLSimpleApplication@7557e02c
----------------- Done invoking toplevel() on ptolemy.moml.MoMLSimpleApplication@7557e02c
reloadAllAccessors: .ModelReference4

===========================================================================================
----------------- testing Wed Mar 04 17:06:16 UTC 2020 /home/travis/build/icyphy/ptII/ptolemy/actor/lib/hoc/test/auto/MultiInstanceComposite.xml
----------------- Instantiating /home/travis/build/icyphy/ptII/ptolemy/actor/lib/hoc/test/auto/MultiInstanceComposite.xml
26 ms. Memory: 157696K Free: 80392K (51%)
----------------- Invoking toplevel() on ptolemy.moml.MoMLSimpleApplication@39d97ffe
----------------- Done invoking toplevel() on ptolemy.moml.MoMLSimpleApplication@39d97ffe
reloadAllAccessors: .MultiInstanceComposite

===========================================================================================
----------------- testing Wed Mar 04 17:06:16 UTC 2020 /home/travis/build/icyphy/ptII/ptolemy/actor/lib/hoc/test/auto/MultiInstanceComposite2.xml
----------------- Instantiating /home/travis/build/icyphy/ptII/ptolemy/actor/lib/hoc/test/auto/MultiInstanceComposite2.xml
16 ms. Memory: 157696K Free: 69043K (44%)
----------------- Invoking toplevel() on ptolemy.moml.MoMLSimpleApplication@1f1d072
----------------- Done invoking toplevel() on ptolemy.moml.MoMLSimpleApplication@1f1d072
reloadAllAccessors: .MultiInstanceComposite2

===========================================================================================
----------------- testing Wed Mar 04 17:06:16 UTC 2020 /home/travis/build/icyphy/ptII/ptolemy/actor/lib/hoc/test/auto/MulticoreExecution.xml
----------------- Instantiating /home/travis/build/icyphy/ptII/ptolemy/actor/lib/hoc/test/auto/MulticoreExecution.xml
Fired ExecutionTime: 2800000
Fired ExecutionTime: 2800000
Fired ExecutionTime: 2400000
Fired ExecutionTime: 3200000
Fired ExecutionTime: 8800000
Fired ExecutionTime: 30800000
Fired ExecutionTime: 30800000
Fired ExecutionTime: 44400000
Fired ExecutionTime: 32400000
Fired ExecutionTime: 48400000
Fired ExecutionTime: 30800000
Fired ExecutionTime: 57200000
Fired ExecutionTime: 88000000
Fired ExecutionTime: 96000000
Fired ExecutionTime: 81200000
Fired ExecutionTime: 88400000
Fired ExecutionTime: 109200000
Fired ExecutionTime: 109600000
Fired ExecutionTime: 108400000
Fired ExecutionTime: 113600000
1100 ms. Memory: 157696K Free: 59913K (38%)
----------------- Invoking toplevel() on ptolemy.moml.MoMLSimpleApplication@3996b81f
----------------- Done invoking toplevel() on ptolemy.moml.MoMLSimpleApplication@3996b81f
reloadAllAccessors: .MulticoreExecution

===========================================================================================
----------------- testing Wed Mar 04 17:06:17 UTC 2020 /home/travis/build/icyphy/ptII/ptolemy/actor/lib/hoc/test/auto/ParallelExecution.xml
----------------- Instantiating /home/travis/build/icyphy/ptII/ptolemy/actor/lib/hoc/test/auto/ParallelExecution.xml
915 ms. Memory: 157696K Free: 52634K (33%)
----------------- Invoking toplevel() on ptolemy.moml.MoMLSimpleApplication@6bc9b302
----------------- Done invoking toplevel() on ptolemy.moml.MoMLSimpleApplication@6bc9b302
reloadAllAccessors: .ParallelExecution

===========================================================================================
----------------- testing Wed Mar 04 17:06:18 UTC 2020 /home/travis/build/icyphy/ptII/ptolemy/actor/lib/hoc/test/auto/RunCompositeActor.xml
----------------- Instantiating /home/travis/build/icyphy/ptII/ptolemy/actor/lib/hoc/test/auto/RunCompositeActor.xml
9 ms. Memory: 157696K Free: 137019K (87%)
----------------- Invoking toplevel() on ptolemy.moml.MoMLSimpleApplication@37d1a54
----------------- Done invoking toplevel() on ptolemy.moml.MoMLSimpleApplication@37d1a54
reloadAllAccessors: .RunCompositeActor

===========================================================================================
----------------- testing Wed Mar 04 17:06:18 UTC 2020 /home/travis/build/icyphy/ptII/ptolemy/actor/lib/hoc/test/auto/RunCompositeActor2.xml
----------------- Instantiating /home/travis/build/icyphy/ptII/ptolemy/actor/lib/hoc/test/auto/RunCompositeActor2.xml
5 ms. Memory: 157696K Free: 130875K (83%)
----------------- Invoking toplevel() on ptolemy.moml.MoMLSimpleApplication@4d3bf73b
----------------- Done invoking toplevel() on ptolemy.moml.MoMLSimpleApplication@4d3bf73b
reloadAllAccessors: .RunCompositeActor2

===========================================================================================
----------------- testing Wed Mar 04 17:06:18 UTC 2020 /home/travis/build/icyphy/ptII/ptolemy/actor/lib/hoc/test/auto/RunCompositeActor3.xml
----------------- Instantiating /home/travis/build/icyphy/ptII/ptolemy/actor/lib/hoc/test/auto/RunCompositeActor3.xml
4 ms. Memory: 157696K Free: 125755K (80%)
----------------- Invoking toplevel() on ptolemy.moml.MoMLSimpleApplication@6f444dec
----------------- Done invoking toplevel() on ptolemy.moml.MoMLSimpleApplication@6f444dec
reloadAllAccessors: .RunCompositeActor3

===========================================================================================
----------------- testing Wed Mar 04 17:06:18 UTC 2020 /home/travis/build/icyphy/ptII/ptolemy/actor/lib/hoc/test/auto/RunCompositeActor4.xml
----------------- Instantiating /home/travis/build/icyphy/ptII/ptolemy/actor/lib/hoc/test/auto/RunCompositeActor4.xml
14 ms. Memory: 157696K Free: 117563K (75%)
----------------- Invoking toplevel() on ptolemy.moml.MoMLSimpleApplication@5ee9a35f
----------------- Done invoking toplevel() on ptolemy.moml.MoMLSimpleApplication@5ee9a35f
reloadAllAccessors: .RunCompositeActor4

===========================================================================================
----------------- testing Wed Mar 04 17:06:18 UTC 2020 /home/travis/build/icyphy/ptII/ptolemy/actor/lib/hoc/test/auto/RunCompositeIterateOverArray.xml
----------------- Instantiating /home/travis/build/icyphy/ptII/ptolemy/actor/lib/hoc/test/auto/RunCompositeIterateOverArray.xml
9 ms. Memory: 157696K Free: 111419K (71%)
----------------- Invoking toplevel() on ptolemy.moml.MoMLSimpleApplication@41bf577b
----------------- Done invoking toplevel() on ptolemy.moml.MoMLSimpleApplication@41bf577b
reloadAllAccessors: .RunCompositeIterateOverArray

===========================================================================================
----------------- testing Wed Mar 04 17:06:18 UTC 2020 /home/travis/build/icyphy/ptII/ptolemy/actor/lib/hoc/test/auto/ThreadedJS.xml
----------------- Instantiating /home/travis/build/icyphy/ptII/ptolemy/actor/lib/hoc/test/auto/ThreadedJS.xml
6104 ms. Memory: 227328K Free: 120318K (53%)
----------------- Invoking toplevel() on ptolemy.moml.MoMLSimpleApplication@5f842693
----------------- Done invoking toplevel() on ptolemy.moml.MoMLSimpleApplication@5f842693
reloadAllAccessors: .ThreadedJS
AutoTests.java: About to close Vertx.
AutoTests.java: Vertx closed.
]]></system-out>
  <system-err><![CDATA[java.lang.RuntimeException: Execution failed
	at ptolemy.moml.MoMLSimpleApplication$UnloadThread.run(MoMLSimpleApplication.java:402)
Caused by: ptolemy.kernel.util.IllegalActionException: initialize() was called after wrapup() was called but preinitialize() was not called after wrapup().
	at ptolemy.actor.lib.hoc.test.PreinitializeMustBeInvoked.initialize(PreinitializeMustBeInvoked.java:78)
	at ptolemy.actor.Director.initialize(Director.java:938)
	at ptolemy.actor.Director.initialize(Director.java:907)
	at ptolemy.actor.sched.StaticSchedulingDirector.initialize(StaticSchedulingDirector.java:159)
	at ptolemy.domains.sdf.kernel.SDFDirector.initialize(SDFDirector.java:544)
	at ptolemy.actor.CompositeActor.initialize(CompositeActor.java:935)
	at ptolemy.actor.lib.hoc.LifeCycleManager._executeInsideModel(LifeCycleManager.java:339)
	at ptolemy.actor.lib.hoc.RunCompositeActor.fire(RunCompositeActor.java:205)
	at ptolemy.actor.CompositeActor.iterate(CompositeActor.java:1146)
	at ptolemy.actor.sched.StaticSchedulingDirector.fire(StaticSchedulingDirector.java:216)
	at ptolemy.domains.sdf.kernel.SDFDirector.fire(SDFDirector.java:500)
	at ptolemy.actor.CompositeActor.fire(CompositeActor.java:455)
	at ptolemy.actor.Manager.iterate(Manager.java:851)
	at ptolemy.actor.Manager.execute(Manager.java:369)
	at ptolemy.actor.Manager.run(Manager.java:1263)
	at ptolemy.actor.Manager$PtolemyRunThread.run(Manager.java:1933)
java.lang.reflect.InvocationTargetException
	at java.base/jdk.internal.reflect.NativeConstructorAccessorImpl.newInstance0(Native Method)
	at java.base/jdk.internal.reflect.NativeConstructorAccessorImpl.newInstance(NativeConstructorAccessorImpl.java:62)
	at java.base/jdk.internal.reflect.DelegatingConstructorAccessorImpl.newInstance(DelegatingConstructorAccessorImpl.java:45)
	at java.base/java.lang.reflect.Constructor.newInstance(Constructor.java:490)
	at ptolemy.util.test.junit.AutoKnownFailedTests.RunModel(AutoKnownFailedTests.java:105)
	at java.base/jdk.internal.reflect.NativeMethodAccessorImpl.invoke0(Native Method)
	at java.base/jdk.internal.reflect.NativeMethodAccessorImpl.invoke(NativeMethodAccessorImpl.java:62)
	at java.base/jdk.internal.reflect.DelegatingMethodAccessorImpl.invoke(DelegatingMethodAccessorImpl.java:43)
	at java.base/java.lang.reflect.Method.invoke(Method.java:566)
	at org.junit.runners.model.FrameworkMethod$1.runReflectiveCall(FrameworkMethod.java:44)
	at org.junit.internal.runners.model.ReflectiveCallable.run(ReflectiveCallable.java:15)
	at org.junit.runners.model.FrameworkMethod.invokeExplosively(FrameworkMethod.java:41)
	at junitparams.internal.InvokeParameterisedMethod.evaluate(InvokeParameterisedMethod.java:102)
	at org.junit.internal.runners.statements.FailOnTimeout$1.run(FailOnTimeout.java:28)
Caused by: ptolemy.kernel.util.IllegalActionException: initialize() was called after wrapup() was called but preinitialize() was not called after wrapup().
	at ptolemy.actor.lib.hoc.test.PreinitializeMustBeInvoked.initialize(PreinitializeMustBeInvoked.java:78)
	at ptolemy.actor.Director.initialize(Director.java:938)
	at ptolemy.actor.Director.initialize(Director.java:907)
	at ptolemy.actor.sched.StaticSchedulingDirector.initialize(StaticSchedulingDirector.java:159)
	at ptolemy.domains.sdf.kernel.SDFDirector.initialize(SDFDirector.java:544)
	at ptolemy.actor.CompositeActor.initialize(CompositeActor.java:935)
	at ptolemy.actor.lib.hoc.LifeCycleManager._executeInsideModel(LifeCycleManager.java:339)
	at ptolemy.actor.lib.hoc.RunCompositeActor.fire(RunCompositeActor.java:205)
	at ptolemy.actor.CompositeActor.iterate(CompositeActor.java:1146)
	at ptolemy.actor.sched.StaticSchedulingDirector.fire(StaticSchedulingDirector.java:216)
	at ptolemy.domains.sdf.kernel.SDFDirector.fire(SDFDirector.java:500)
	at ptolemy.actor.CompositeActor.fire(CompositeActor.java:455)
	at ptolemy.actor.Manager.iterate(Manager.java:851)
	at ptolemy.actor.Manager.execute(Manager.java:369)
	at ptolemy.actor.Manager.run(Manager.java:1263)
	at ptolemy.actor.Manager$PtolemyRunThread.run(Manager.java:1933)
Warning: Nashorn engine is planned to be removed from a future JDK release
Warning: Nashorn engine is planned to be removed from a future JDK release
Warning: Nashorn engine is planned to be removed from a future JDK release
Warning: Nashorn engine is planned to be removed from a future JDK release
Warning: Nashorn engine is planned to be removed from a future JDK release
Warning: Nashorn engine is planned to be removed from a future JDK release
Warning: Nashorn engine is planned to be removed from a future JDK release
Warning: Nashorn engine is planned to be removed from a future JDK release
]]></system-err>
</testsuite>
