<?xml version="1.0" encoding="UTF-8" ?>
<testsuite errors="0" failures="0" hostname="travis-job-22a0bf7c-bdae-4771-846b-77bfa26fecd0" name="ptolemy.domains.de.test.junit.JUnitTclTest" skipped="0" tests="101" time="119.932" timestamp="2020-10-22T15:51:18">
  <properties>
[...]
</properties>
  <testcase classname="ptolemy.util.test.junit.TclTests" name="[0] /home/travis/build/icyphy/ptII/ptolemy/domains/de/test/DependencyLoop.tcl (RunTclFile)" time="0.876" />
  <testcase classname="ptolemy.util.test.junit.TclTests" name="[1] /home/travis/build/icyphy/ptII/ptolemy/domains/de/test/RunDETestsAsQSS.tcl (RunTclFile)" time="80.818" />
  <testcase classname="ptolemy.util.test.junit.AutoKnownFailedTests" name="[0] /home/travis/build/icyphy/ptII/ptolemy/domains/de/test/auto/knownFailedTests/DESDFClockTest.xml (RunModel)" time="2.043" />
  <testcase classname="ptolemy.util.test.junit.AutoKnownFailedTests" name="[1] /home/travis/build/icyphy/ptII/ptolemy/domains/de/test/auto/knownFailedTests/DirectFeedback.xml (RunModel)" time="0.019" />
  <testcase classname="ptolemy.util.test.junit.AutoKnownFailedTests" name="[2] /home/travis/build/icyphy/ptII/ptolemy/domains/de/test/auto/knownFailedTests/FSMSource.xml (RunModel)" time="0.023" />
  <testcase classname="ptolemy.util.test.junit.AutoKnownFailedTests" name="[3] /home/travis/build/icyphy/ptII/ptolemy/domains/de/test/auto/knownFailedTests/HierarchicalModel.xml (RunModel)" time="0.052" />
  <testcase classname="ptolemy.util.test.junit.AutoKnownFailedTests" name="[4] /home/travis/build/icyphy/ptII/ptolemy/domains/de/test/auto/knownFailedTests/dependencyLoop.xml (RunModel)" time="0.038" />
  <testcase classname="ptolemy.util.test.junit.AutoKnownFailedTests" name="[5] /home/travis/build/icyphy/ptII/ptolemy/domains/de/test/auto/knownFailedTests/dependencyLoop2.xml (RunModel)" time="0.041" />
  <testcase classname="ptolemy.util.test.junit.AutoNameArchTests" name="[0] ThereAreNoAutoArchTests (RunModel)" time="0.002" />
  <testcase classname="ptolemy.util.test.junit.AutoTests" name="[0] /home/travis/build/icyphy/ptII/ptolemy/domains/de/test/auto/ActorDepthCalculation_actorWithoutPorts.xml (RunModel)" time="0.018" />
  <testcase classname="ptolemy.util.test.junit.AutoTests" name="[1] /home/travis/build/icyphy/ptII/ptolemy/domains/de/test/auto/AssemblyLine.xml (RunModel)" time="0.02" />
  <testcase classname="ptolemy.util.test.junit.AutoTests" name="[2] /home/travis/build/icyphy/ptII/ptolemy/domains/de/test/auto/CQBug1.xml (RunModel)" time="0.009" />
  <testcase classname="ptolemy.util.test.junit.AutoTests" name="[3] /home/travis/build/icyphy/ptII/ptolemy/domains/de/test/auto/CancelFireAt.xml (RunModel)" time="0.006" />
  <testcase classname="ptolemy.util.test.junit.AutoTests" name="[4] /home/travis/build/icyphy/ptII/ptolemy/domains/de/test/auto/CausalityAndComposabilityAnalysis.xml (RunModel)" time="0.009" />
  <testcase classname="ptolemy.util.test.junit.AutoTests" name="[5] /home/travis/build/icyphy/ptII/ptolemy/domains/de/test/auto/CausalityInterface1.xml (RunModel)" time="0.012" />
  <testcase classname="ptolemy.util.test.junit.AutoTests" name="[6] /home/travis/build/icyphy/ptII/ptolemy/domains/de/test/auto/CausalityInterface15.xml (RunModel)" time="0.012" />
  <testcase classname="ptolemy.util.test.junit.AutoTests" name="[7] /home/travis/build/icyphy/ptII/ptolemy/domains/de/test/auto/CausalityInterface2.xml (RunModel)" time="0.016" />
  <testcase classname="ptolemy.util.test.junit.AutoTests" name="[8] /home/travis/build/icyphy/ptII/ptolemy/domains/de/test/auto/CausalityInterface3.xml (RunModel)" time="0.01" />
  <testcase classname="ptolemy.util.test.junit.AutoTests" name="[9] /home/travis/build/icyphy/ptII/ptolemy/domains/de/test/auto/ClockDrift.xml (RunModel)" time="0.034" />
  <testcase classname="ptolemy.util.test.junit.AutoTests" name="[10] /home/travis/build/icyphy/ptII/ptolemy/domains/de/test/auto/ClockDriftAndValueChange.xml (RunModel)" time="0.028" />
  <testcase classname="ptolemy.util.test.junit.AutoTests" name="[11] /home/travis/build/icyphy/ptII/ptolemy/domains/de/test/auto/ClockDriftChange.xml (RunModel)" time="0.033" />
  <testcase classname="ptolemy.util.test.junit.AutoTests" name="[12] /home/travis/build/icyphy/ptII/ptolemy/domains/de/test/auto/ComposableCausalityAnalysis.xml (RunModel)" time="0.019" />
  <testcase classname="ptolemy.util.test.junit.AutoTests" name="[13] /home/travis/build/icyphy/ptII/ptolemy/domains/de/test/auto/DEFixedPointLimitation.xml (RunModel)" time="0.008" />
  <testcase classname="ptolemy.util.test.junit.AutoTests" name="[14] /home/travis/build/icyphy/ptII/ptolemy/domains/de/test/auto/DEScheduleTest.xml (RunModel)" time="0.012" />
  <testcase classname="ptolemy.util.test.junit.AutoTests" name="[15] /home/travis/build/icyphy/ptII/ptolemy/domains/de/test/auto/DEinDEwithStartTimes.xml (RunModel)" time="0.014" />
  <testcase classname="ptolemy.util.test.junit.AutoTests" name="[16] /home/travis/build/icyphy/ptII/ptolemy/domains/de/test/auto/DEinDEwithStartTimes2.xml (RunModel)" time="0.013" />
  <testcase classname="ptolemy.util.test.junit.AutoTests" name="[17] /home/travis/build/icyphy/ptII/ptolemy/domains/de/test/auto/DateDemo.xml (RunModel)" time="0.028" />
  <testcase classname="ptolemy.util.test.junit.AutoTests" name="[18] /home/travis/build/icyphy/ptII/ptolemy/domains/de/test/auto/DateToEvent.xml (RunModel)" time="2.038" />
  <testcase classname="ptolemy.util.test.junit.AutoTests" name="[19] /home/travis/build/icyphy/ptII/ptolemy/domains/de/test/auto/DepthTest1.xml (RunModel)" time="0.012" />
  <testcase classname="ptolemy.util.test.junit.AutoTests" name="[20] /home/travis/build/icyphy/ptII/ptolemy/domains/de/test/auto/DepthTest2.xml (RunModel)" time="0.018" />
  <testcase classname="ptolemy.util.test.junit.AutoTests" name="[21] /home/travis/build/icyphy/ptII/ptolemy/domains/de/test/auto/DepthTest3.xml (RunModel)" time="0.015" />
  <testcase classname="ptolemy.util.test.junit.AutoTests" name="[22] /home/travis/build/icyphy/ptII/ptolemy/domains/de/test/auto/DepthTest4.xml (RunModel)" time="0.021" />
  <testcase classname="ptolemy.util.test.junit.AutoTests" name="[23] /home/travis/build/icyphy/ptII/ptolemy/domains/de/test/auto/DepthTest5.xml (RunModel)" time="0.013" />
  <testcase classname="ptolemy.util.test.junit.AutoTests" name="[24] /home/travis/build/icyphy/ptII/ptolemy/domains/de/test/auto/DepthTest6.xml (RunModel)" time="0.01" />
  <testcase classname="ptolemy.util.test.junit.AutoTests" name="[25] /home/travis/build/icyphy/ptII/ptolemy/domains/de/test/auto/DepthTest7.xml (RunModel)" time="0.013" />
  <testcase classname="ptolemy.util.test.junit.AutoTests" name="[26] /home/travis/build/icyphy/ptII/ptolemy/domains/de/test/auto/EventToDate.xml (RunModel)" time="3.05" />
  <testcase classname="ptolemy.util.test.junit.AutoTests" name="[27] /home/travis/build/icyphy/ptII/ptolemy/domains/de/test/auto/FSM1.xml (RunModel)" time="0.033" />
  <testcase classname="ptolemy.util.test.junit.AutoTests" name="[28] /home/travis/build/icyphy/ptII/ptolemy/domains/de/test/auto/FSM7.xml (RunModel)" time="0.038" />
  <testcase classname="ptolemy.util.test.junit.AutoTests" name="[29] /home/travis/build/icyphy/ptII/ptolemy/domains/de/test/auto/Inspection.xml (RunModel)" time="0.04" />
  <testcase classname="ptolemy.util.test.junit.AutoTests" name="[30] /home/travis/build/icyphy/ptII/ptolemy/domains/de/test/auto/Iteration.xml (RunModel)" time="0.022" />
  <testcase classname="ptolemy.util.test.junit.AutoTests" name="[31] /home/travis/build/icyphy/ptII/ptolemy/domains/de/test/auto/LineFault.xml (RunModel)" time="0.517" />
  <testcase classname="ptolemy.util.test.junit.AutoTests" name="[32] /home/travis/build/icyphy/ptII/ptolemy/domains/de/test/auto/MergeModel1Add.xml (RunModel)" time="0.045" />
  <testcase classname="ptolemy.util.test.junit.AutoTests" name="[33] /home/travis/build/icyphy/ptII/ptolemy/domains/de/test/auto/MergeModel2Add.xml (RunModel)" time="0.032" />
  <testcase classname="ptolemy.util.test.junit.AutoTests" name="[34] /home/travis/build/icyphy/ptII/ptolemy/domains/de/test/auto/MergeModel3Add.xml (RunModel)" time="0.054" />
  <testcase classname="ptolemy.util.test.junit.AutoTests" name="[35] /home/travis/build/icyphy/ptII/ptolemy/domains/de/test/auto/MergeWithoutDiscard.xml (RunModel)" time="0.028" />
  <testcase classname="ptolemy.util.test.junit.AutoTests" name="[36] /home/travis/build/icyphy/ptII/ptolemy/domains/de/test/auto/Modal1.xml (RunModel)" time="0.037" />
  <testcase classname="ptolemy.util.test.junit.AutoTests" name="[37] /home/travis/build/icyphy/ptII/ptolemy/domains/de/test/auto/Modal2.xml (RunModel)" time="0.028" />
  <testcase classname="ptolemy.util.test.junit.AutoTests" name="[38] /home/travis/build/icyphy/ptII/ptolemy/domains/de/test/auto/Modal3.xml (RunModel)" time="0.025" />
  <testcase classname="ptolemy.util.test.junit.AutoTests" name="[39] /home/travis/build/icyphy/ptII/ptolemy/domains/de/test/auto/Modal4.xml (RunModel)" time="0.025" />
  <testcase classname="ptolemy.util.test.junit.AutoTests" name="[40] /home/travis/build/icyphy/ptII/ptolemy/domains/de/test/auto/Modal5.xml (RunModel)" time="0.028" />
  <testcase classname="ptolemy.util.test.junit.AutoTests" name="[41] /home/travis/build/icyphy/ptII/ptolemy/domains/de/test/auto/Modal6.xml (RunModel)" time="0.025" />
  <testcase classname="ptolemy.util.test.junit.AutoTests" name="[42] /home/travis/build/icyphy/ptII/ptolemy/domains/de/test/auto/Modal7.xml (RunModel)" time="0.031" />
  <testcase classname="ptolemy.util.test.junit.AutoTests" name="[43] /home/travis/build/icyphy/ptII/ptolemy/domains/de/test/auto/ModalModel.xml (RunModel)" time="0.161" />
  <testcase classname="ptolemy.util.test.junit.AutoTests" name="[44] /home/travis/build/icyphy/ptII/ptolemy/domains/de/test/auto/ModalSource.xml (RunModel)" time="0.019" />
  <testcase classname="ptolemy.util.test.junit.AutoTests" name="[45] /home/travis/build/icyphy/ptII/ptolemy/domains/de/test/auto/NonInterruptibleTimerZeroDelay.xml (RunModel)" time="0.009" />
  <testcase classname="ptolemy.util.test.junit.AutoTests" name="[46] /home/travis/build/icyphy/ptII/ptolemy/domains/de/test/auto/OpenQueueingNetwork.xml (RunModel)" time="2.352" />
  <testcase classname="ptolemy.util.test.junit.AutoTests" name="[47] /home/travis/build/icyphy/ptII/ptolemy/domains/de/test/auto/OpenQueuingNetwork.xml (RunModel)" time="0.283" />
  <testcase classname="ptolemy.util.test.junit.AutoTests" name="[48] /home/travis/build/icyphy/ptII/ptolemy/domains/de/test/auto/PeriodicSampler.xml (RunModel)" time="0.008" />
  <testcase classname="ptolemy.util.test.junit.AutoTests" name="[49] /home/travis/build/icyphy/ptII/ptolemy/domains/de/test/auto/PersistentIO.xml (RunModel)" time="0.018" />
  <testcase classname="ptolemy.util.test.junit.AutoTests" name="[50] /home/travis/build/icyphy/ptII/ptolemy/domains/de/test/auto/PortParameterResetOnInitialize.xml (RunModel)" time="0.01" />
  <testcase classname="ptolemy.util.test.junit.AutoTests" name="[51] /home/travis/build/icyphy/ptII/ptolemy/domains/de/test/auto/PortParameterUpdates.xml (RunModel)" time="0.011" />
  <testcase classname="ptolemy.util.test.junit.AutoTests" name="[52] /home/travis/build/icyphy/ptII/ptolemy/domains/de/test/auto/QueueAndServer.xml (RunModel)" time="0.018" />
  <testcase classname="ptolemy.util.test.junit.AutoTests" name="[53] /home/travis/build/icyphy/ptII/ptolemy/domains/de/test/auto/Records.xml (RunModel)" time="0.015" />
  <testcase classname="ptolemy.util.test.junit.AutoTests" name="[54] /home/travis/build/icyphy/ptII/ptolemy/domains/de/test/auto/ResetTransitionWithStartTime1.xml (RunModel)" time="0.015" />
  <testcase classname="ptolemy.util.test.junit.AutoTests" name="[55] /home/travis/build/icyphy/ptII/ptolemy/domains/de/test/auto/ResetTransitionWithStartTime2.xml (RunModel)" time="0.016" />
  <testcase classname="ptolemy.util.test.junit.AutoTests" name="[56] /home/travis/build/icyphy/ptII/ptolemy/domains/de/test/auto/ResetTransitionWithStartTime3.xml (RunModel)" time="0.016" />
  <testcase classname="ptolemy.util.test.junit.AutoTests" name="[57] /home/travis/build/icyphy/ptII/ptolemy/domains/de/test/auto/ResetTransitionWithStartTime4.xml (RunModel)" time="0.015" />
  <testcase classname="ptolemy.util.test.junit.AutoTests" name="[58] /home/travis/build/icyphy/ptII/ptolemy/domains/de/test/auto/ResettableTimer1.xml (RunModel)" time="0.009" />
  <testcase classname="ptolemy.util.test.junit.AutoTests" name="[59] /home/travis/build/icyphy/ptII/ptolemy/domains/de/test/auto/ResettableTimer2.xml (RunModel)" time="0.008" />
  <testcase classname="ptolemy.util.test.junit.AutoTests" name="[60] /home/travis/build/icyphy/ptII/ptolemy/domains/de/test/auto/ResettableTimer3.xml (RunModel)" time="0.007" />
  <testcase classname="ptolemy.util.test.junit.AutoTests" name="[61] /home/travis/build/icyphy/ptII/ptolemy/domains/de/test/auto/ResettableTimer4.xml (RunModel)" time="0.01" />
  <testcase classname="ptolemy.util.test.junit.AutoTests" name="[62] /home/travis/build/icyphy/ptII/ptolemy/domains/de/test/auto/ResettableTimer5.xml (RunModel)" time="0.008" />
  <testcase classname="ptolemy.util.test.junit.AutoTests" name="[63] /home/travis/build/icyphy/ptII/ptolemy/domains/de/test/auto/ResettableTimer6.xml (RunModel)" time="0.016" />
  <testcase classname="ptolemy.util.test.junit.AutoTests" name="[64] /home/travis/build/icyphy/ptII/ptolemy/domains/de/test/auto/ServerZeroDelay.xml (RunModel)" time="0.009" />
  <testcase classname="ptolemy.util.test.junit.AutoTests" name="[65] /home/travis/build/icyphy/ptII/ptolemy/domains/de/test/auto/SmartSender.xml (RunModel)" time="3.007" />
  <testcase classname="ptolemy.util.test.junit.AutoTests" name="[66] /home/travis/build/icyphy/ptII/ptolemy/domains/de/test/auto/ThreadedComposite.xml (RunModel)" time="0.116" />
  <testcase classname="ptolemy.util.test.junit.AutoTests" name="[67] /home/travis/build/icyphy/ptII/ptolemy/domains/de/test/auto/Time.xml (RunModel)" time="0.368" />
  <testcase classname="ptolemy.util.test.junit.AutoTests" name="[68] /home/travis/build/icyphy/ptII/ptolemy/domains/de/test/auto/TimeDelayZeroDelay.xml (RunModel)" time="0.01" />
  <testcase classname="ptolemy.util.test.junit.AutoTests" name="[69] /home/travis/build/icyphy/ptII/ptolemy/domains/de/test/auto/TimerZeroDelay.xml (RunModel)" time="0.008" />
  <testcase classname="ptolemy.util.test.junit.AutoTests" name="[70] /home/travis/build/icyphy/ptII/ptolemy/domains/de/test/auto/TimingParadox.xml (RunModel)" time="0.306" />
  <testcase classname="ptolemy.util.test.junit.AutoTests" name="[71] /home/travis/build/icyphy/ptII/ptolemy/domains/de/test/auto/TransferInputs.xml (RunModel)" time="0.014" />
  <testcase classname="ptolemy.util.test.junit.AutoTests" name="[72] /home/travis/build/icyphy/ptII/ptolemy/domains/de/test/auto/TransferOutputs2.xml (RunModel)" time="0.014" />
  <testcase classname="ptolemy.util.test.junit.AutoTests" name="[73] /home/travis/build/icyphy/ptII/ptolemy/domains/de/test/auto/Trilateration.xml (RunModel)" time="10.286" />
  <testcase classname="ptolemy.util.test.junit.AutoTests" name="[74] /home/travis/build/icyphy/ptII/ptolemy/domains/de/test/auto/TwoSigmaDelta.xml (RunModel)" time="1.805" />
  <testcase classname="ptolemy.util.test.junit.AutoTests" name="[75] /home/travis/build/icyphy/ptII/ptolemy/domains/de/test/auto/VariableDelay.xml (RunModel)" time="0.019" />
  <testcase classname="ptolemy.util.test.junit.AutoTests" name="[76] /home/travis/build/icyphy/ptII/ptolemy/domains/de/test/auto/VariableDelay2.xml (RunModel)" time="0.01" />
  <testcase classname="ptolemy.util.test.junit.AutoTests" name="[77] /home/travis/build/icyphy/ptII/ptolemy/domains/de/test/auto/VariableDelayZeroDelay.xml (RunModel)" time="0.01" />
  <testcase classname="ptolemy.util.test.junit.AutoTests" name="[78] /home/travis/build/icyphy/ptII/ptolemy/domains/de/test/auto/VariableDelayZeroDelay2.xml (RunModel)" time="0.012" />
  <testcase classname="ptolemy.util.test.junit.AutoTests" name="[79] /home/travis/build/icyphy/ptII/ptolemy/domains/de/test/auto/deInCt.xml (RunModel)" time="0.014" />
  <testcase classname="ptolemy.util.test.junit.AutoTests" name="[80] /home/travis/build/icyphy/ptII/ptolemy/domains/de/test/auto/deInCt2.xml (RunModel)" time="0.018" />
  <testcase classname="ptolemy.util.test.junit.AutoTests" name="[81] /home/travis/build/icyphy/ptII/ptolemy/domains/de/test/auto/dynamicCausalityInterface1.xml (RunModel)" time="0.017" />
  <testcase classname="ptolemy.util.test.junit.AutoTests" name="[82] /home/travis/build/icyphy/ptII/ptolemy/domains/de/test/auto/fsm_de_test.xml (RunModel)" time="0.024" />
  <testcase classname="ptolemy.util.test.junit.AutoTests" name="[83] /home/travis/build/icyphy/ptII/ptolemy/domains/de/test/auto/functionDependencyReconstruction.xml (RunModel)" time="0.037" />
  <testcase classname="ptolemy.util.test.junit.AutoTests" name="[84] /home/travis/build/icyphy/ptII/ptolemy/domains/de/test/auto/multirate.xml (RunModel)" time="0.013" />
  <testcase classname="ptolemy.util.test.junit.AutoTests" name="[85] /home/travis/build/icyphy/ptII/ptolemy/domains/de/test/auto/multirate2.xml (RunModel)" time="0.016" />
  <testcase classname="ptolemy.util.test.junit.AutoTests" name="[86] /home/travis/build/icyphy/ptII/ptolemy/domains/de/test/auto/realtime.xml (RunModel)" time="10.008" />
  <testcase classname="ptolemy.util.test.junit.AutoTests" name="[87] /home/travis/build/icyphy/ptII/ptolemy/domains/de/test/auto/relationGroup.xml (RunModel)" time="0.011" />
  <testcase classname="ptolemy.util.test.junit.AutoTests" name="[88] /home/travis/build/icyphy/ptII/ptolemy/domains/de/test/auto/relationGroup2.xml (RunModel)" time="0.007" />
  <testcase classname="ptolemy.util.test.junit.AutoTests" name="[89] /home/travis/build/icyphy/ptII/ptolemy/domains/de/test/auto/sortWithOpaquePorts.xml (RunModel)" time="0.009" />
  <testcase classname="ptolemy.util.test.junit.AutoTests" name="[90] /home/travis/build/icyphy/ptII/ptolemy/domains/de/test/auto/transferInputsandOutputs.xml (RunModel)" time="0.014" />
  <testcase classname="ptolemy.util.test.junit.AutoTests" name="[91] /home/travis/build/icyphy/ptII/ptolemy/domains/de/test/auto/triggerType.xml (RunModel)" time="0.005" />
  <system-out><![CDATA[/home/travis/build/icyphy/ptII/ptolemy/domains/de/test/DependencyLoop.tcl
testDefs.tcl: setting time out to 9000 seconds at Thu Oct 22 15:51:18 UTC 2020
61 ms. Memory: 129024K Free: 78278K (61%)
15 ms. Memory: 129024K Free: 60870K (47%)
/home/travis/build/icyphy/ptII/ptolemy/domains/de/test/RunDETestsAsQSS.tcl
Run the DE tests using ptolemy.domains.qss.test.QSSDirectorTest, which extends QSSDirector and prints a message in the constructors.
------------------ testing $PTII/ptolemy/domains/de/test/auto/knownFailedTests/DirectFeedback.xml (Known Failure) 
57 ms. Memory: 129024K Free: 54726K (42%)


==== $PTIIhome/travis/build/icyphy/ptII/ptolemy/domains/de/test/../../../../: Auto Automatic test in file $PTII/ptolemy/domains/de/test/auto/knownFailedTests/DirectFeedback.xml
==== Contents of test case:

	    # FIXME: we should use $relativeFilename here, but it
	    # might have backslashes under Windows, which causes no end
	    # of trouble.
	    createAndExecute $file
	    list {}
	
.... Test generated KNOWN error:
    while executing
ptolemy.kernel.util.IllegalActionException: Test fails in iteration 1.
Value was: 1.0. Should have been: 2.0
  in .DirectFeedback.Test
	at ptolemy.actor.lib.Test.fire(Test.java:268)
	at ptolemy.domains.de.kernel.DEDirector._fire(DEDirector.java:1949)
	at ptolemy.domains.de.kernel.DEDirector.fire(DEDirector.java:502)
	at ptolemy.actor.CompositeActor.fire(CompositeActor.java:455)
	at ptolemy.actor.Manager.iterate(Manager.java:851)
	at ptolemy.actor.Manager.execute(Manager.java:369)
	at ptolemy.actor.Manager.run(Manager.java:1263)
	at ptolemy.actor.Manager$PtolemyRunThread.run(Manager.java:1933)

    while executing
ptolemy.kernel.util.IllegalActionException: Test fails in iteration 1.
Value was: 1.0. Should have been: 2.0
  in .DirectFeedback.Test
    while executing
"java::new ptolemy.moml.MoMLSimpleApplication $file
"
    (procedure "createAndExecute" line 2)
    invoked from within
"createAndExecute $file"
    ("uplevel" body line 5)
    invoked from within
"uplevel $contents_of_test"
------------------ testing $PTII/ptolemy/domains/de/test/auto/knownFailedTests/dependencyLoop.xml (Known Failure) 
14 ms. Memory: 129024K Free: 51654K (40%)


==== $PTIIhome/travis/build/icyphy/ptII/ptolemy/domains/de/test/../../../../: Auto Automatic test in file $PTII/ptolemy/domains/de/test/auto/knownFailedTests/dependencyLoop.xml
==== Contents of test case:

	    # FIXME: we should use $relativeFilename here, but it
	    # might have backslashes under Windows, which causes no end
	    # of trouble.
	    createAndExecute $file
	    list {}
	
.... Test generated KNOWN error:
    while executing
ptolemy.kernel.util.IllegalActionException: Found a zero delay loop containing .dependencyLoop.original
  in .dependencyLoop and .dependencyLoop.original
	at ptolemy.actor.util.CausalityInterfaceForComposites._computeOutputPortDepth(CausalityInterfaceForComposites.java:759)
	at ptolemy.actor.util.CausalityInterfaceForComposites._computeInputDepth(CausalityInterfaceForComposites.java:696)
	at ptolemy.actor.util.CausalityInterfaceForComposites._computeOutputPortDepth(CausalityInterfaceForComposites.java:765)
	at ptolemy.actor.util.CausalityInterfaceForComposites._computeInputDepth(CausalityInterfaceForComposites.java:696)
	at ptolemy.actor.util.CausalityInterfaceForComposites._computeOutputPortDepth(CausalityInterfaceForComposites.java:765)
	at ptolemy.actor.util.CausalityInterfaceForComposites._computeInputDepth(CausalityInterfaceForComposites.java:696)
	at ptolemy.actor.util.CausalityInterfaceForComposites._computeActorDepth(CausalityInterfaceForComposites.java:532)
	at ptolemy.actor.util.CausalityInterfaceForComposites.checkForCycles(CausalityInterfaceForComposites.java:96)
	at ptolemy.domains.de.kernel.DEDirector.preinitialize(DEDirector.java:1338)
	at ptolemy.actor.CompositeActor.preinitialize(CompositeActor.java:1828)
	at ptolemy.actor.Manager.preinitializeAndResolveTypes(Manager.java:1040)
	at ptolemy.actor.Manager.initialize(Manager.java:710)
	at ptolemy.actor.Manager.execute(Manager.java:356)
	at ptolemy.actor.Manager.run(Manager.java:1263)
	at ptolemy.actor.Manager$PtolemyRunThread.run(Manager.java:1933)

    while executing
ptolemy.kernel.util.IllegalActionException: Found a zero delay loop containing .dependencyLoop.original
  in .dependencyLoop and .dependencyLoop.original
    while executing
"java::new ptolemy.moml.MoMLSimpleApplication $file
"
    (procedure "createAndExecute" line 2)
    invoked from within
"createAndExecute $file"
    ("uplevel" body line 5)
    invoked from within
"uplevel $contents_of_test"
------------------ testing $PTII/ptolemy/domains/de/test/auto/knownFailedTests/FSMSource.xml (Known Failure) 
36 ms. Memory: 129024K Free: 110215K (85%)
!!!! Auto was marked as failing, but now passes
------------------ testing $PTII/ptolemy/domains/de/test/auto/knownFailedTests/HierarchicalModel.xml (Known Failure) 
6 ms. Memory: 129024K Free: 92458K (72%)


==== $PTIIhome/travis/build/icyphy/ptII/ptolemy/domains/de/test/../../../../: Auto Automatic test in file $PTII/ptolemy/domains/de/test/auto/knownFailedTests/HierarchicalModel.xml
==== Contents of test case:

	    # FIXME: we should use $relativeFilename here, but it
	    # might have backslashes under Windows, which causes no end
	    # of trouble.
	    createAndExecute $file
	    list {}
	
.... Test generated KNOWN error:
    while executing
ptolemy.kernel.util.IllegalActionException: Found a zero delay loop containing .HierarchicalModel.A
  in .HierarchicalModel and .HierarchicalModel.A
	at ptolemy.actor.util.CausalityInterfaceForComposites._computeOutputPortDepth(CausalityInterfaceForComposites.java:759)
	at ptolemy.actor.util.CausalityInterfaceForComposites._computeInputDepth(CausalityInterfaceForComposites.java:696)
	at ptolemy.actor.util.CausalityInterfaceForComposites._computeOutputPortDepth(CausalityInterfaceForComposites.java:765)
	at ptolemy.actor.util.CausalityInterfaceForComposites._computeInputDepth(CausalityInterfaceForComposites.java:696)
	at ptolemy.actor.util.CausalityInterfaceForComposites._computeOutputPortDepth(CausalityInterfaceForComposites.java:765)
	at ptolemy.actor.util.CausalityInterfaceForComposites._computeInputDepth(CausalityInterfaceForComposites.java:696)
	at ptolemy.actor.util.CausalityInterfaceForComposites._computeActorDepth(CausalityInterfaceForComposites.java:532)
	at ptolemy.actor.util.CausalityInterfaceForComposites.checkForCycles(CausalityInterfaceForComposites.java:96)
	at ptolemy.domains.de.kernel.DEDirector.preinitialize(DEDirector.java:1338)
	at ptolemy.actor.CompositeActor.preinitialize(CompositeActor.java:1828)
	at ptolemy.actor.Manager.preinitializeAndResolveTypes(Manager.java:1040)
	at ptolemy.actor.Manager.initialize(Manager.java:710)
	at ptolemy.actor.Manager.execute(Manager.java:356)
	at ptolemy.actor.Manager.run(Manager.java:1263)
	at ptolemy.actor.Manager$PtolemyRunThread.run(Manager.java:1933)

    while executing
ptolemy.kernel.util.IllegalActionException: Found a zero delay loop containing .HierarchicalModel.A
  in .HierarchicalModel and .HierarchicalModel.A
    while executing
"java::new ptolemy.moml.MoMLSimpleApplication $file
"
    (procedure "createAndExecute" line 2)
    invoked from within
"createAndExecute $file"
    ("uplevel" body line 5)
    invoked from within
"uplevel $contents_of_test"
------------------ testing $PTII/ptolemy/domains/de/test/auto/knownFailedTests/dependencyLoop2.xml (Known Failure) 
6 ms. Memory: 129024K Free: 76836K (60%)


==== $PTIIhome/travis/build/icyphy/ptII/ptolemy/domains/de/test/../../../../: Auto Automatic test in file $PTII/ptolemy/domains/de/test/auto/knownFailedTests/dependencyLoop2.xml
==== Contents of test case:

	    # FIXME: we should use $relativeFilename here, but it
	    # might have backslashes under Windows, which causes no end
	    # of trouble.
	    createAndExecute $file
	    list {}
	
.... Test generated KNOWN error:
    while executing
ptolemy.kernel.util.IllegalActionException: Found a zero delay loop containing .dependencyLoop2.original
  in .dependencyLoop2 and .dependencyLoop2.original
	at ptolemy.actor.util.CausalityInterfaceForComposites._computeOutputPortDepth(CausalityInterfaceForComposites.java:759)
	at ptolemy.actor.util.CausalityInterfaceForComposites._computeInputDepth(CausalityInterfaceForComposites.java:696)
	at ptolemy.actor.util.CausalityInterfaceForComposites._computeOutputPortDepth(CausalityInterfaceForComposites.java:765)
	at ptolemy.actor.util.CausalityInterfaceForComposites._computeInputDepth(CausalityInterfaceForComposites.java:696)
	at ptolemy.actor.util.CausalityInterfaceForComposites._computeOutputPortDepth(CausalityInterfaceForComposites.java:765)
	at ptolemy.actor.util.CausalityInterfaceForComposites._computeInputDepth(CausalityInterfaceForComposites.java:696)
	at ptolemy.actor.util.CausalityInterfaceForComposites._computeActorDepth(CausalityInterfaceForComposites.java:532)
	at ptolemy.actor.util.CausalityInterfaceForComposites.checkForCycles(CausalityInterfaceForComposites.java:96)
	at ptolemy.domains.de.kernel.DEDirector.preinitialize(DEDirector.java:1338)
	at ptolemy.actor.CompositeActor.preinitialize(CompositeActor.java:1828)
	at ptolemy.actor.Manager.preinitializeAndResolveTypes(Manager.java:1040)
	at ptolemy.actor.Manager.initialize(Manager.java:710)
	at ptolemy.actor.Manager.execute(Manager.java:356)
	at ptolemy.actor.Manager.run(Manager.java:1263)
	at ptolemy.actor.Manager$PtolemyRunThread.run(Manager.java:1933)

    while executing
ptolemy.kernel.util.IllegalActionException: Found a zero delay loop containing .dependencyLoop2.original
  in .dependencyLoop2 and .dependencyLoop2.original
    while executing
"java::new ptolemy.moml.MoMLSimpleApplication $file
"
    (procedure "createAndExecute" line 2)
    invoked from within
"createAndExecute $file"
    ("uplevel" body line 5)
    invoked from within
"uplevel $contents_of_test"
------------------ testing $PTII/ptolemy/domains/de/test/auto/knownFailedTests/DESDFClockTest.xml (Known Failure) 
2047 ms. Memory: 129024K Free: 108119K (84%)


==== $PTIIhome/travis/build/icyphy/ptII/ptolemy/domains/de/test/../../../../: Auto Automatic test in file $PTII/ptolemy/domains/de/test/auto/knownFailedTests/DESDFClockTest.xml
==== Contents of test case:

	    # FIXME: we should use $relativeFilename here, but it
	    # might have backslashes under Windows, which causes no end
	    # of trouble.
	    createAndExecute $file
	    list {}
	
.... Test generated KNOWN error:
    while executing
ptolemy.kernel.util.IllegalActionException: Actor is not ready to fire.  Perhaps UpSample.prefire() returned false? Try debugging the actor by selecting "Listen to Actor".  Also, for SDF check moml for tokenConsumptionRate on input.
  in .DESDFClockTest.Play Bell.Copy1:SDF Director and .DESDFClockTest.Play Bell.UpSample
	at ptolemy.actor.sched.StaticSchedulingDirector.fire(StaticSchedulingDirector.java:227)
	at ptolemy.domains.sdf.kernel.SDFDirector.fire(SDFDirector.java:500)
	at ptolemy.actor.CompositeActor.fire(CompositeActor.java:455)
	at ptolemy.domains.de.kernel.DEDirector._fire(DEDirector.java:1949)
	at ptolemy.domains.de.kernel.DEDirector.fire(DEDirector.java:502)
	at ptolemy.actor.CompositeActor.fire(CompositeActor.java:455)
	at ptolemy.actor.Manager.iterate(Manager.java:851)
	at ptolemy.actor.Manager.execute(Manager.java:369)
	at ptolemy.actor.Manager.run(Manager.java:1263)
	at ptolemy.actor.Manager$PtolemyRunThread.run(Manager.java:1933)

    while executing
ptolemy.kernel.util.IllegalActionException: Actor is not ready to fire.  Perhaps UpSample.prefire() returned false? Try debugging the actor by selecting "Listen to Actor".  Also, for SDF check moml for tokenConsumptionRate on input.
  in .DESDFClockTest.Play Bell.Copy1:SDF Director and .DESDFClockTest.Play Bell.UpSample
    while executing
"java::new ptolemy.moml.MoMLSimpleApplication $file
"
    (procedure "createAndExecute" line 2)
    invoked from within
"createAndExecute $file"
    ("uplevel" body line 5)
    invoked from within
"uplevel $contents_of_test"
------------------ testing $PTII/ptolemy/domains/de/test/auto/ActorDepthCalculation_actorWithoutPorts.xml
auto.tcl: Setting watchdog for 200 seconds at Thu Oct 22 15:51:22 UTC 2020
6 ms. Memory: 129024K Free: 100423K (78%)
ptolemy.util.test.WatchDog.cancel(): canceling Thu Oct 22 15:51:22 UTC 2020
auto.tcl: Setting watchdog for 200 seconds at Thu Oct 22 15:51:22 UTC 2020
10 ms. Memory: 129024K Free: 98903K (77%)
ptolemy.util.test.WatchDog.cancel(): canceling Thu Oct 22 15:51:22 UTC 2020
------------------ testing $PTII/ptolemy/domains/de/test/auto/AssemblyLine.xml
auto.tcl: Setting watchdog for 200 seconds at Thu Oct 22 15:51:22 UTC 2020
6 ms. Memory: 55296K Free: 31574K (57%)
ptolemy.util.test.WatchDog.cancel(): canceling Thu Oct 22 15:51:22 UTC 2020
auto.tcl: Setting watchdog for 200 seconds at Thu Oct 22 15:51:22 UTC 2020
6 ms. Memory: 55296K Free: 31062K (56%)
ptolemy.util.test.WatchDog.cancel(): canceling Thu Oct 22 15:51:22 UTC 2020
------------------ testing $PTII/ptolemy/domains/de/test/auto/CQBug1.xml
auto.tcl: Setting watchdog for 200 seconds at Thu Oct 22 15:51:22 UTC 2020
3 ms. Memory: 55296K Free: 37344K (68%)
ptolemy.util.test.WatchDog.cancel(): canceling Thu Oct 22 15:51:22 UTC 2020
auto.tcl: Setting watchdog for 200 seconds at Thu Oct 22 15:51:22 UTC 2020
4 ms. Memory: 55296K Free: 36897K (67%)
ptolemy.util.test.WatchDog.cancel(): canceling Thu Oct 22 15:51:22 UTC 2020
------------------ testing $PTII/ptolemy/domains/de/test/auto/CancelFireAt.xml
auto.tcl: Setting watchdog for 200 seconds at Thu Oct 22 15:51:22 UTC 2020
2 ms. Memory: 51200K Free: 34698K (68%)
ptolemy.util.test.WatchDog.cancel(): canceling Thu Oct 22 15:51:22 UTC 2020
auto.tcl: Setting watchdog for 200 seconds at Thu Oct 22 15:51:22 UTC 2020
2 ms. Memory: 51200K Free: 34230K (67%)
ptolemy.util.test.WatchDog.cancel(): canceling Thu Oct 22 15:51:22 UTC 2020
------------------ testing $PTII/ptolemy/domains/de/test/auto/CausalityAndComposabilityAnalysis.xml
auto.tcl: Setting watchdog for 200 seconds at Thu Oct 22 15:51:22 UTC 2020
5 ms. Memory: 51200K Free: 32728K (64%)
ptolemy.util.test.WatchDog.cancel(): canceling Thu Oct 22 15:51:23 UTC 2020
auto.tcl: Setting watchdog for 200 seconds at Thu Oct 22 15:51:23 UTC 2020
4 ms. Memory: 51200K Free: 31962K (62%)
ptolemy.util.test.WatchDog.cancel(): canceling Thu Oct 22 15:51:23 UTC 2020
------------------ testing $PTII/ptolemy/domains/de/test/auto/CausalityInterface1.xml
auto.tcl: Setting watchdog for 200 seconds at Thu Oct 22 15:51:23 UTC 2020
18 ms. Memory: 51200K Free: 31387K (61%)
ptolemy.util.test.WatchDog.cancel(): canceling Thu Oct 22 15:51:23 UTC 2020
auto.tcl: Setting watchdog for 200 seconds at Thu Oct 22 15:51:23 UTC 2020
4 ms. Memory: 51200K Free: 30393K (59%)
ptolemy.util.test.WatchDog.cancel(): canceling Thu Oct 22 15:51:23 UTC 2020
------------------ testing $PTII/ptolemy/domains/de/test/auto/CausalityInterface15.xml
auto.tcl: Setting watchdog for 200 seconds at Thu Oct 22 15:51:23 UTC 2020
14 ms. Memory: 51200K Free: 31573K (62%)
ptolemy.util.test.WatchDog.cancel(): canceling Thu Oct 22 15:51:23 UTC 2020
auto.tcl: Setting watchdog for 200 seconds at Thu Oct 22 15:51:23 UTC 2020
3 ms. Memory: 51200K Free: 30377K (59%)
ptolemy.util.test.WatchDog.cancel(): canceling Thu Oct 22 15:51:23 UTC 2020
------------------ testing $PTII/ptolemy/domains/de/test/auto/CausalityInterface2.xml
auto.tcl: Setting watchdog for 200 seconds at Thu Oct 22 15:51:23 UTC 2020
4 ms. Memory: 51200K Free: 32067K (63%)
ptolemy.util.test.WatchDog.cancel(): canceling Thu Oct 22 15:51:23 UTC 2020
auto.tcl: Setting watchdog for 200 seconds at Thu Oct 22 15:51:23 UTC 2020
2 ms. Memory: 51200K Free: 31382K (61%)
ptolemy.util.test.WatchDog.cancel(): canceling Thu Oct 22 15:51:23 UTC 2020
------------------ testing $PTII/ptolemy/domains/de/test/auto/CausalityInterface3.xml
auto.tcl: Setting watchdog for 200 seconds at Thu Oct 22 15:51:23 UTC 2020
3 ms. Memory: 51200K Free: 31600K (62%)
ptolemy.util.test.WatchDog.cancel(): canceling Thu Oct 22 15:51:23 UTC 2020
auto.tcl: Setting watchdog for 200 seconds at Thu Oct 22 15:51:23 UTC 2020
2 ms. Memory: 51200K Free: 31054K (61%)
ptolemy.util.test.WatchDog.cancel(): canceling Thu Oct 22 15:51:23 UTC 2020
------------------ testing $PTII/ptolemy/domains/de/test/auto/ClockDrift.xml
auto.tcl: Setting watchdog for 200 seconds at Thu Oct 22 15:51:23 UTC 2020
75 ms. Memory: 51200K Free: 24170K (47%)
ptolemy.util.test.WatchDog.cancel(): canceling Thu Oct 22 15:51:23 UTC 2020
auto.tcl: Setting watchdog for 200 seconds at Thu Oct 22 15:51:23 UTC 2020
50 ms. Memory: 51200K Free: 20722K (40%)
ptolemy.util.test.WatchDog.cancel(): canceling Thu Oct 22 15:51:23 UTC 2020
------------------ testing $PTII/ptolemy/domains/de/test/auto/ClockDriftAndValueChange.xml
auto.tcl: Setting watchdog for 200 seconds at Thu Oct 22 15:51:23 UTC 2020
19 ms. Memory: 51200K Free: 24261K (47%)
ptolemy.util.test.WatchDog.cancel(): canceling Thu Oct 22 15:51:23 UTC 2020
auto.tcl: Setting watchdog for 200 seconds at Thu Oct 22 15:51:23 UTC 2020
17 ms. Memory: 51200K Free: 21436K (42%)
ptolemy.util.test.WatchDog.cancel(): canceling Thu Oct 22 15:51:23 UTC 2020
------------------ testing $PTII/ptolemy/domains/de/test/auto/ClockDriftChange.xml
auto.tcl: Setting watchdog for 200 seconds at Thu Oct 22 15:51:23 UTC 2020
24 ms. Memory: 51200K Free: 26044K (51%)
ptolemy.util.test.WatchDog.cancel(): canceling Thu Oct 22 15:51:23 UTC 2020
auto.tcl: Setting watchdog for 200 seconds at Thu Oct 22 15:51:23 UTC 2020
26 ms. Memory: 51200K Free: 23486K (46%)
ptolemy.util.test.WatchDog.cancel(): canceling Thu Oct 22 15:51:23 UTC 2020
------------------ testing $PTII/ptolemy/domains/de/test/auto/ComposableCausalityAnalysis.xml
auto.tcl: Setting watchdog for 200 seconds at Thu Oct 22 15:51:23 UTC 2020
2 ms. Memory: 51200K Free: 30839K (60%)
ptolemy.util.test.WatchDog.cancel(): canceling Thu Oct 22 15:51:23 UTC 2020
auto.tcl: Setting watchdog for 200 seconds at Thu Oct 22 15:51:23 UTC 2020
5 ms. Memory: 51200K Free: 29814K (58%)
ptolemy.util.test.WatchDog.cancel(): canceling Thu Oct 22 15:51:23 UTC 2020
------------------ testing $PTII/ptolemy/domains/de/test/auto/DEFixedPointLimitation.xml
auto.tcl: Setting watchdog for 200 seconds at Thu Oct 22 15:51:23 UTC 2020
2 ms. Memory: 51200K Free: 32202K (63%)
ptolemy.util.test.WatchDog.cancel(): canceling Thu Oct 22 15:51:23 UTC 2020
auto.tcl: Setting watchdog for 200 seconds at Thu Oct 22 15:51:23 UTC 2020
1 ms. Memory: 51200K Free: 31378K (61%)
ptolemy.util.test.WatchDog.cancel(): canceling Thu Oct 22 15:51:23 UTC 2020
------------------ testing $PTII/ptolemy/domains/de/test/auto/DEScheduleTest.xml
auto.tcl: Setting watchdog for 200 seconds at Thu Oct 22 15:51:23 UTC 2020
4 ms. Memory: 51200K Free: 32591K (64%)
ptolemy.util.test.WatchDog.cancel(): canceling Thu Oct 22 15:51:23 UTC 2020
auto.tcl: Setting watchdog for 200 seconds at Thu Oct 22 15:51:23 UTC 2020
3 ms. Memory: 51200K Free: 31825K (62%)
ptolemy.util.test.WatchDog.cancel(): canceling Thu Oct 22 15:51:24 UTC 2020
------------------ testing $PTII/ptolemy/domains/de/test/auto/DEinDEwithStartTimes.xml
auto.tcl: Setting watchdog for 200 seconds at Thu Oct 22 15:51:24 UTC 2020
5 ms. Memory: 51200K Free: 30752K (60%)
ptolemy.util.test.WatchDog.cancel(): canceling Thu Oct 22 15:51:24 UTC 2020
auto.tcl: Setting watchdog for 200 seconds at Thu Oct 22 15:51:24 UTC 2020
3 ms. Memory: 51200K Free: 29728K (58%)
ptolemy.util.test.WatchDog.cancel(): canceling Thu Oct 22 15:51:24 UTC 2020
------------------ testing $PTII/ptolemy/domains/de/test/auto/DEinDEwithStartTimes2.xml
auto.tcl: Setting watchdog for 200 seconds at Thu Oct 22 15:51:24 UTC 2020
4 ms. Memory: 51200K Free: 29878K (58%)
ptolemy.util.test.WatchDog.cancel(): canceling Thu Oct 22 15:51:24 UTC 2020
auto.tcl: Setting watchdog for 200 seconds at Thu Oct 22 15:51:24 UTC 2020
6 ms. Memory: 51200K Free: 28684K (56%)
ptolemy.util.test.WatchDog.cancel(): canceling Thu Oct 22 15:51:24 UTC 2020
------------------ testing $PTII/ptolemy/domains/de/test/auto/DateDemo.xml
auto.tcl: Setting watchdog for 200 seconds at Thu Oct 22 15:51:24 UTC 2020
11 ms. Memory: 51200K Free: 24315K (47%)
ptolemy.util.test.WatchDog.cancel(): canceling Thu Oct 22 15:51:24 UTC 2020
auto.tcl: Setting watchdog for 200 seconds at Thu Oct 22 15:51:24 UTC 2020
6 ms. Memory: 51200K Free: 22738K (44%)
ptolemy.util.test.WatchDog.cancel(): canceling Thu Oct 22 15:51:24 UTC 2020
------------------ testing $PTII/ptolemy/domains/de/test/auto/DateToEvent.xml
auto.tcl: Setting watchdog for 200 seconds at Thu Oct 22 15:51:24 UTC 2020
2008 ms. Memory: 51200K Free: 20247K (40%)
ptolemy.util.test.WatchDog.cancel(): canceling Thu Oct 22 15:51:26 UTC 2020
auto.tcl: Setting watchdog for 200 seconds at Thu Oct 22 15:51:26 UTC 2020
2006 ms. Memory: 51200K Free: 19449K (38%)
ptolemy.util.test.WatchDog.cancel(): canceling Thu Oct 22 15:51:28 UTC 2020
------------------ testing $PTII/ptolemy/domains/de/test/auto/DepthTest1.xml
auto.tcl: Setting watchdog for 200 seconds at Thu Oct 22 15:51:28 UTC 2020
2 ms. Memory: 51200K Free: 33855K (66%)
ptolemy.util.test.WatchDog.cancel(): canceling Thu Oct 22 15:51:28 UTC 2020
auto.tcl: Setting watchdog for 200 seconds at Thu Oct 22 15:51:28 UTC 2020
2 ms. Memory: 51200K Free: 32967K (64%)
ptolemy.util.test.WatchDog.cancel(): canceling Thu Oct 22 15:51:28 UTC 2020
------------------ testing $PTII/ptolemy/domains/de/test/auto/DepthTest2.xml
auto.tcl: Setting watchdog for 200 seconds at Thu Oct 22 15:51:28 UTC 2020
3 ms. Memory: 51200K Free: 30163K (59%)
ptolemy.util.test.WatchDog.cancel(): canceling Thu Oct 22 15:51:28 UTC 2020
auto.tcl: Setting watchdog for 200 seconds at Thu Oct 22 15:51:28 UTC 2020
3 ms. Memory: 51200K Free: 29723K (58%)
ptolemy.util.test.WatchDog.cancel(): canceling Thu Oct 22 15:51:28 UTC 2020
------------------ testing $PTII/ptolemy/domains/de/test/auto/DepthTest3.xml
auto.tcl: Setting watchdog for 200 seconds at Thu Oct 22 15:51:28 UTC 2020
2 ms. Memory: 51200K Free: 33789K (66%)
ptolemy.util.test.WatchDog.cancel(): canceling Thu Oct 22 15:51:28 UTC 2020
auto.tcl: Setting watchdog for 200 seconds at Thu Oct 22 15:51:28 UTC 2020
2 ms. Memory: 51200K Free: 33297K (65%)
ptolemy.util.test.WatchDog.cancel(): canceling Thu Oct 22 15:51:28 UTC 2020
------------------ testing $PTII/ptolemy/domains/de/test/auto/DepthTest4.xml
auto.tcl: Setting watchdog for 200 seconds at Thu Oct 22 15:51:28 UTC 2020
9 ms. Memory: 51200K Free: 31973K (62%)
ptolemy.util.test.WatchDog.cancel(): canceling Thu Oct 22 15:51:28 UTC 2020
auto.tcl: Setting watchdog for 200 seconds at Thu Oct 22 15:51:28 UTC 2020
2 ms. Memory: 51200K Free: 30893K (60%)
ptolemy.util.test.WatchDog.cancel(): canceling Thu Oct 22 15:51:28 UTC 2020
------------------ testing $PTII/ptolemy/domains/de/test/auto/DepthTest5.xml
auto.tcl: Setting watchdog for 200 seconds at Thu Oct 22 15:51:28 UTC 2020
4 ms. Memory: 51200K Free: 31430K (61%)
ptolemy.util.test.WatchDog.cancel(): canceling Thu Oct 22 15:51:28 UTC 2020
auto.tcl: Setting watchdog for 200 seconds at Thu Oct 22 15:51:28 UTC 2020
3 ms. Memory: 51200K Free: 30686K (60%)
ptolemy.util.test.WatchDog.cancel(): canceling Thu Oct 22 15:51:28 UTC 2020
------------------ testing $PTII/ptolemy/domains/de/test/auto/DepthTest6.xml
auto.tcl: Setting watchdog for 200 seconds at Thu Oct 22 15:51:28 UTC 2020
5 ms. Memory: 51200K Free: 31136K (61%)
ptolemy.util.test.WatchDog.cancel(): canceling Thu Oct 22 15:51:28 UTC 2020
auto.tcl: Setting watchdog for 200 seconds at Thu Oct 22 15:51:28 UTC 2020
3 ms. Memory: 51200K Free: 30699K (60%)
ptolemy.util.test.WatchDog.cancel(): canceling Thu Oct 22 15:51:28 UTC 2020
------------------ testing $PTII/ptolemy/domains/de/test/auto/DepthTest7.xml
auto.tcl: Setting watchdog for 200 seconds at Thu Oct 22 15:51:28 UTC 2020
3 ms. Memory: 51200K Free: 31921K (62%)
ptolemy.util.test.WatchDog.cancel(): canceling Thu Oct 22 15:51:28 UTC 2020
auto.tcl: Setting watchdog for 200 seconds at Thu Oct 22 15:51:28 UTC 2020
2 ms. Memory: 51200K Free: 31241K (61%)
ptolemy.util.test.WatchDog.cancel(): canceling Thu Oct 22 15:51:28 UTC 2020
------------------ testing $PTII/ptolemy/domains/de/test/auto/EventToDate.xml
auto.tcl: Setting watchdog for 200 seconds at Thu Oct 22 15:51:28 UTC 2020
3008 ms. Memory: 51200K Free: 22689K (44%)
ptolemy.util.test.WatchDog.cancel(): canceling Thu Oct 22 15:51:31 UTC 2020
auto.tcl: Setting watchdog for 200 seconds at Thu Oct 22 15:51:31 UTC 2020
3004 ms. Memory: 51200K Free: 22059K (43%)
ptolemy.util.test.WatchDog.cancel(): canceling Thu Oct 22 15:51:34 UTC 2020
------------------ testing $PTII/ptolemy/domains/de/test/auto/FSM1.xml
auto.tcl: Setting watchdog for 200 seconds at Thu Oct 22 15:51:34 UTC 2020
40 ms. Memory: 51200K Free: 23967K (47%)
ptolemy.util.test.WatchDog.cancel(): canceling Thu Oct 22 15:51:35 UTC 2020
auto.tcl: Setting watchdog for 200 seconds at Thu Oct 22 15:51:35 UTC 2020
20 ms. Memory: 51200K Free: 20703K (40%)
ptolemy.util.test.WatchDog.cancel(): canceling Thu Oct 22 15:51:35 UTC 2020
------------------ testing $PTII/ptolemy/domains/de/test/auto/FSM7.xml
auto.tcl: Setting watchdog for 200 seconds at Thu Oct 22 15:51:35 UTC 2020
16 ms. Memory: 51200K Free: 23621K (46%)
ptolemy.util.test.WatchDog.cancel(): canceling Thu Oct 22 15:51:35 UTC 2020
auto.tcl: Setting watchdog for 200 seconds at Thu Oct 22 15:51:35 UTC 2020
24 ms. Memory: 51200K Free: 20490K (40%)
ptolemy.util.test.WatchDog.cancel(): canceling Thu Oct 22 15:51:35 UTC 2020
------------------ testing $PTII/ptolemy/domains/de/test/auto/Inspection.xml
auto.tcl: Setting watchdog for 200 seconds at Thu Oct 22 15:51:35 UTC 2020
27 ms. Memory: 51200K Free: 23678K (46%)
ptolemy.util.test.WatchDog.cancel(): canceling Thu Oct 22 15:51:35 UTC 2020
auto.tcl: Setting watchdog for 200 seconds at Thu Oct 22 15:51:35 UTC 2020
32 ms. Memory: 51200K Free: 21968K (43%)
ptolemy.util.test.WatchDog.cancel(): canceling Thu Oct 22 15:51:35 UTC 2020
------------------ testing $PTII/ptolemy/domains/de/test/auto/Iteration.xml
auto.tcl: Setting watchdog for 200 seconds at Thu Oct 22 15:51:35 UTC 2020
8 ms. Memory: 51200K Free: 29453K (58%)
ptolemy.util.test.WatchDog.cancel(): canceling Thu Oct 22 15:51:35 UTC 2020
auto.tcl: Setting watchdog for 200 seconds at Thu Oct 22 15:51:35 UTC 2020
7 ms. Memory: 51200K Free: 28024K (55%)
ptolemy.util.test.WatchDog.cancel(): canceling Thu Oct 22 15:51:35 UTC 2020
------------------ testing $PTII/ptolemy/domains/de/test/auto/LineFault.xml
auto.tcl: Setting watchdog for 200 seconds at Thu Oct 22 15:51:35 UTC 2020
547 ms. Memory: 51200K Free: 12434K (24%)
ptolemy.util.test.WatchDog.cancel(): canceling Thu Oct 22 15:51:36 UTC 2020
auto.tcl: Setting watchdog for 200 seconds at Thu Oct 22 15:51:36 UTC 2020
519 ms. Memory: 61440K Free: 40097K (65%)
ptolemy.util.test.WatchDog.cancel(): canceling Thu Oct 22 15:51:36 UTC 2020
------------------ testing $PTII/ptolemy/domains/de/test/auto/MergeModel1Add.xml
auto.tcl: Setting watchdog for 200 seconds at Thu Oct 22 15:51:36 UTC 2020
14 ms. Memory: 58368K Free: 22598K (39%)
ptolemy.util.test.WatchDog.cancel(): canceling Thu Oct 22 15:51:36 UTC 2020
auto.tcl: Setting watchdog for 200 seconds at Thu Oct 22 15:51:36 UTC 2020
9 ms. Memory: 58368K Free: 20994K (36%)
ptolemy.util.test.WatchDog.cancel(): canceling Thu Oct 22 15:51:36 UTC 2020
------------------ testing $PTII/ptolemy/domains/de/test/auto/MergeModel2Add.xml
auto.tcl: Setting watchdog for 200 seconds at Thu Oct 22 15:51:36 UTC 2020
9 ms. Memory: 55296K Free: 21295K (39%)
ptolemy.util.test.WatchDog.cancel(): canceling Thu Oct 22 15:51:36 UTC 2020
auto.tcl: Setting watchdog for 200 seconds at Thu Oct 22 15:51:36 UTC 2020
10 ms. Memory: 55296K Free: 19617K (35%)
ptolemy.util.test.WatchDog.cancel(): canceling Thu Oct 22 15:51:37 UTC 2020
------------------ testing $PTII/ptolemy/domains/de/test/auto/MergeModel3Add.xml
auto.tcl: Setting watchdog for 200 seconds at Thu Oct 22 15:51:37 UTC 2020
9 ms. Memory: 51200K Free: 17511K (34%)
ptolemy.util.test.WatchDog.cancel(): canceling Thu Oct 22 15:51:37 UTC 2020
auto.tcl: Setting watchdog for 200 seconds at Thu Oct 22 15:51:37 UTC 2020
9 ms. Memory: 51200K Free: 15977K (31%)
ptolemy.util.test.WatchDog.cancel(): canceling Thu Oct 22 15:51:37 UTC 2020
------------------ testing $PTII/ptolemy/domains/de/test/auto/MergeWithoutDiscard.xml
auto.tcl: Setting watchdog for 200 seconds at Thu Oct 22 15:51:37 UTC 2020
1 ms. Memory: 51200K Free: 31857K (62%)
ptolemy.util.test.WatchDog.cancel(): canceling Thu Oct 22 15:51:37 UTC 2020
auto.tcl: Setting watchdog for 200 seconds at Thu Oct 22 15:51:37 UTC 2020
1 ms. Memory: 51200K Free: 31418K (61%)
ptolemy.util.test.WatchDog.cancel(): canceling Thu Oct 22 15:51:37 UTC 2020
------------------ testing $PTII/ptolemy/domains/de/test/auto/Modal1.xml
auto.tcl: Setting watchdog for 200 seconds at Thu Oct 22 15:51:37 UTC 2020
11 ms. Memory: 51200K Free: 23948K (47%)
ptolemy.util.test.WatchDog.cancel(): canceling Thu Oct 22 15:51:37 UTC 2020
auto.tcl: Setting watchdog for 200 seconds at Thu Oct 22 15:51:37 UTC 2020
12 ms. Memory: 51200K Free: 20491K (40%)
ptolemy.util.test.WatchDog.cancel(): canceling Thu Oct 22 15:51:37 UTC 2020
------------------ testing $PTII/ptolemy/domains/de/test/auto/Modal2.xml
auto.tcl: Setting watchdog for 200 seconds at Thu Oct 22 15:51:37 UTC 2020
12 ms. Memory: 51200K Free: 24353K (48%)
ptolemy.util.test.WatchDog.cancel(): canceling Thu Oct 22 15:51:37 UTC 2020
auto.tcl: Setting watchdog for 200 seconds at Thu Oct 22 15:51:37 UTC 2020
12 ms. Memory: 51200K Free: 20852K (41%)
ptolemy.util.test.WatchDog.cancel(): canceling Thu Oct 22 15:51:37 UTC 2020
------------------ testing $PTII/ptolemy/domains/de/test/auto/Modal3.xml
auto.tcl: Setting watchdog for 200 seconds at Thu Oct 22 15:51:37 UTC 2020
10 ms. Memory: 51200K Free: 23844K (47%)
ptolemy.util.test.WatchDog.cancel(): canceling Thu Oct 22 15:51:37 UTC 2020
auto.tcl: Setting watchdog for 200 seconds at Thu Oct 22 15:51:37 UTC 2020
10 ms. Memory: 51200K Free: 20882K (41%)
ptolemy.util.test.WatchDog.cancel(): canceling Thu Oct 22 15:51:37 UTC 2020
------------------ testing $PTII/ptolemy/domains/de/test/auto/Modal4.xml
auto.tcl: Setting watchdog for 200 seconds at Thu Oct 22 15:51:37 UTC 2020
25 ms. Memory: 51200K Free: 23036K (45%)
ptolemy.util.test.WatchDog.cancel(): canceling Thu Oct 22 15:51:37 UTC 2020
auto.tcl: Setting watchdog for 200 seconds at Thu Oct 22 15:51:37 UTC 2020
28 ms. Memory: 51200K Free: 19228K (38%)
ptolemy.util.test.WatchDog.cancel(): canceling Thu Oct 22 15:51:37 UTC 2020
------------------ testing $PTII/ptolemy/domains/de/test/auto/Modal5.xml
auto.tcl: Setting watchdog for 200 seconds at Thu Oct 22 15:51:37 UTC 2020
14 ms. Memory: 51200K Free: 23025K (45%)
ptolemy.util.test.WatchDog.cancel(): canceling Thu Oct 22 15:51:37 UTC 2020
auto.tcl: Setting watchdog for 200 seconds at Thu Oct 22 15:51:37 UTC 2020
13 ms. Memory: 51200K Free: 19214K (38%)
ptolemy.util.test.WatchDog.cancel(): canceling Thu Oct 22 15:51:37 UTC 2020
------------------ testing $PTII/ptolemy/domains/de/test/auto/Modal6.xml
auto.tcl: Setting watchdog for 200 seconds at Thu Oct 22 15:51:37 UTC 2020
12 ms. Memory: 51200K Free: 23788K (46%)
ptolemy.util.test.WatchDog.cancel(): canceling Thu Oct 22 15:51:37 UTC 2020
auto.tcl: Setting watchdog for 200 seconds at Thu Oct 22 15:51:37 UTC 2020
13 ms. Memory: 51200K Free: 19848K (39%)
ptolemy.util.test.WatchDog.cancel(): canceling Thu Oct 22 15:51:37 UTC 2020
------------------ testing $PTII/ptolemy/domains/de/test/auto/Modal7.xml
auto.tcl: Setting watchdog for 200 seconds at Thu Oct 22 15:51:37 UTC 2020
15 ms. Memory: 51200K Free: 22794K (45%)
ptolemy.util.test.WatchDog.cancel(): canceling Thu Oct 22 15:51:37 UTC 2020
auto.tcl: Setting watchdog for 200 seconds at Thu Oct 22 15:51:37 UTC 2020
9 ms. Memory: 51200K Free: 19214K (38%)
ptolemy.util.test.WatchDog.cancel(): canceling Thu Oct 22 15:51:37 UTC 2020
------------------ testing $PTII/ptolemy/domains/de/test/auto/ModalModel.xml
auto.tcl: Setting watchdog for 200 seconds at Thu Oct 22 15:51:37 UTC 2020
214 ms. Memory: 51200K Free: 15178K (30%)
ptolemy.util.test.WatchDog.cancel(): canceling Thu Oct 22 15:51:38 UTC 2020
auto.tcl: Setting watchdog for 200 seconds at Thu Oct 22 15:51:38 UTC 2020
202 ms. Memory: 63488K Free: 22987K (36%)
ptolemy.util.test.WatchDog.cancel(): canceling Thu Oct 22 15:51:38 UTC 2020
------------------ testing $PTII/ptolemy/domains/de/test/auto/ModalSource.xml
auto.tcl: Setting watchdog for 200 seconds at Thu Oct 22 15:51:38 UTC 2020
9 ms. Memory: 55296K Free: 31983K (58%)
ptolemy.util.test.WatchDog.cancel(): canceling Thu Oct 22 15:51:38 UTC 2020
auto.tcl: Setting watchdog for 200 seconds at Thu Oct 22 15:51:38 UTC 2020
6 ms. Memory: 55296K Free: 29935K (54%)
ptolemy.util.test.WatchDog.cancel(): canceling Thu Oct 22 15:51:38 UTC 2020
------------------ testing $PTII/ptolemy/domains/de/test/auto/NonInterruptibleTimerZeroDelay.xml
auto.tcl: Setting watchdog for 200 seconds at Thu Oct 22 15:51:38 UTC 2020
3 ms. Memory: 51200K Free: 32832K (64%)
ptolemy.util.test.WatchDog.cancel(): canceling Thu Oct 22 15:51:38 UTC 2020
auto.tcl: Setting watchdog for 200 seconds at Thu Oct 22 15:51:38 UTC 2020
2 ms. Memory: 51200K Free: 32173K (63%)
ptolemy.util.test.WatchDog.cancel(): canceling Thu Oct 22 15:51:38 UTC 2020
------------------ testing $PTII/ptolemy/domains/de/test/auto/OpenQueueingNetwork.xml
auto.tcl: Setting watchdog for 200 seconds at Thu Oct 22 15:51:38 UTC 2020
2805 ms. Memory: 89088K Free: 27280K (31%)
ptolemy.util.test.WatchDog.cancel(): canceling Thu Oct 22 15:51:41 UTC 2020
auto.tcl: Setting watchdog for 200 seconds at Thu Oct 22 15:51:41 UTC 2020
2229 ms. Memory: 107520K Free: 54966K (51%)
ptolemy.util.test.WatchDog.cancel(): canceling Thu Oct 22 15:51:43 UTC 2020
------------------ testing $PTII/ptolemy/domains/de/test/auto/OpenQueuingNetwork.xml
auto.tcl: Setting watchdog for 200 seconds at Thu Oct 22 15:51:43 UTC 2020
221 ms. Memory: 55296K Free: 25302K (46%)
ptolemy.util.test.WatchDog.cancel(): canceling Thu Oct 22 15:51:44 UTC 2020
auto.tcl: Setting watchdog for 200 seconds at Thu Oct 22 15:51:44 UTC 2020
224 ms. Memory: 70656K Free: 49834K (71%)
ptolemy.util.test.WatchDog.cancel(): canceling Thu Oct 22 15:51:44 UTC 2020
------------------ testing $PTII/ptolemy/domains/de/test/auto/PeriodicSampler.xml
auto.tcl: Setting watchdog for 200 seconds at Thu Oct 22 15:51:44 UTC 2020
3 ms. Memory: 51200K Free: 32021K (63%)
ptolemy.util.test.WatchDog.cancel(): canceling Thu Oct 22 15:51:44 UTC 2020
auto.tcl: Setting watchdog for 200 seconds at Thu Oct 22 15:51:44 UTC 2020
1 ms. Memory: 51200K Free: 31525K (62%)
ptolemy.util.test.WatchDog.cancel(): canceling Thu Oct 22 15:51:44 UTC 2020
------------------ testing $PTII/ptolemy/domains/de/test/auto/PersistentIO.xml
auto.tcl: Setting watchdog for 200 seconds at Thu Oct 22 15:51:44 UTC 2020
12 ms. Memory: 51200K Free: 26931K (53%)
ptolemy.util.test.WatchDog.cancel(): canceling Thu Oct 22 15:51:44 UTC 2020
auto.tcl: Setting watchdog for 200 seconds at Thu Oct 22 15:51:44 UTC 2020
3 ms. Memory: 51200K Free: 25432K (50%)
ptolemy.util.test.WatchDog.cancel(): canceling Thu Oct 22 15:51:44 UTC 2020
------------------ testing $PTII/ptolemy/domains/de/test/auto/PortParameterResetOnInitialize.xml
auto.tcl: Setting watchdog for 200 seconds at Thu Oct 22 15:51:44 UTC 2020
4 ms. Memory: 51200K Free: 31943K (62%)
ptolemy.util.test.WatchDog.cancel(): canceling Thu Oct 22 15:51:44 UTC 2020
auto.tcl: Setting watchdog for 200 seconds at Thu Oct 22 15:51:44 UTC 2020
2 ms. Memory: 51200K Free: 31433K (61%)
ptolemy.util.test.WatchDog.cancel(): canceling Thu Oct 22 15:51:44 UTC 2020
------------------ testing $PTII/ptolemy/domains/de/test/auto/PortParameterUpdates.xml
auto.tcl: Setting watchdog for 200 seconds at Thu Oct 22 15:51:44 UTC 2020
5 ms. Memory: 51200K Free: 30028K (59%)
ptolemy.util.test.WatchDog.cancel(): canceling Thu Oct 22 15:51:44 UTC 2020
auto.tcl: Setting watchdog for 200 seconds at Thu Oct 22 15:51:44 UTC 2020
4 ms. Memory: 51200K Free: 28993K (57%)
ptolemy.util.test.WatchDog.cancel(): canceling Thu Oct 22 15:51:44 UTC 2020
------------------ testing $PTII/ptolemy/domains/de/test/auto/QueueAndServer.xml
auto.tcl: Setting watchdog for 200 seconds at Thu Oct 22 15:51:44 UTC 2020
12 ms. Memory: 51200K Free: 28904K (56%)
ptolemy.util.test.WatchDog.cancel(): canceling Thu Oct 22 15:51:44 UTC 2020
auto.tcl: Setting watchdog for 200 seconds at Thu Oct 22 15:51:44 UTC 2020
7 ms. Memory: 51200K Free: 27437K (54%)
ptolemy.util.test.WatchDog.cancel(): canceling Thu Oct 22 15:51:44 UTC 2020
------------------ testing $PTII/ptolemy/domains/de/test/auto/Records.xml
auto.tcl: Setting watchdog for 200 seconds at Thu Oct 22 15:51:44 UTC 2020
3 ms. Memory: 51200K Free: 31473K (61%)
ptolemy.util.test.WatchDog.cancel(): canceling Thu Oct 22 15:51:44 UTC 2020
auto.tcl: Setting watchdog for 200 seconds at Thu Oct 22 15:51:44 UTC 2020
2 ms. Memory: 51200K Free: 30969K (60%)
ptolemy.util.test.WatchDog.cancel(): canceling Thu Oct 22 15:51:44 UTC 2020
------------------ testing $PTII/ptolemy/domains/de/test/auto/ResetTransitionWithStartTime1.xml
auto.tcl: Setting watchdog for 200 seconds at Thu Oct 22 15:51:44 UTC 2020
7 ms. Memory: 51200K Free: 28429K (56%)
ptolemy.util.test.WatchDog.cancel(): canceling Thu Oct 22 15:51:44 UTC 2020
auto.tcl: Setting watchdog for 200 seconds at Thu Oct 22 15:51:44 UTC 2020
5 ms. Memory: 51200K Free: 26416K (52%)
ptolemy.util.test.WatchDog.cancel(): canceling Thu Oct 22 15:51:44 UTC 2020
------------------ testing $PTII/ptolemy/domains/de/test/auto/ResetTransitionWithStartTime2.xml
auto.tcl: Setting watchdog for 200 seconds at Thu Oct 22 15:51:44 UTC 2020
5 ms. Memory: 51200K Free: 28383K (55%)
ptolemy.util.test.WatchDog.cancel(): canceling Thu Oct 22 15:51:44 UTC 2020
auto.tcl: Setting watchdog for 200 seconds at Thu Oct 22 15:51:44 UTC 2020
5 ms. Memory: 51200K Free: 25826K (50%)
ptolemy.util.test.WatchDog.cancel(): canceling Thu Oct 22 15:51:44 UTC 2020
------------------ testing $PTII/ptolemy/domains/de/test/auto/ResetTransitionWithStartTime3.xml
auto.tcl: Setting watchdog for 200 seconds at Thu Oct 22 15:51:44 UTC 2020
8 ms. Memory: 51200K Free: 28383K (55%)
ptolemy.util.test.WatchDog.cancel(): canceling Thu Oct 22 15:51:44 UTC 2020
auto.tcl: Setting watchdog for 200 seconds at Thu Oct 22 15:51:44 UTC 2020
6 ms. Memory: 51200K Free: 26335K (51%)
ptolemy.util.test.WatchDog.cancel(): canceling Thu Oct 22 15:51:44 UTC 2020
------------------ testing $PTII/ptolemy/domains/de/test/auto/ResetTransitionWithStartTime4.xml
auto.tcl: Setting watchdog for 200 seconds at Thu Oct 22 15:51:44 UTC 2020
10 ms. Memory: 51200K Free: 28829K (56%)
ptolemy.util.test.WatchDog.cancel(): canceling Thu Oct 22 15:51:44 UTC 2020
auto.tcl: Setting watchdog for 200 seconds at Thu Oct 22 15:51:44 UTC 2020
3 ms. Memory: 51200K Free: 27369K (53%)
ptolemy.util.test.WatchDog.cancel(): canceling Thu Oct 22 15:51:45 UTC 2020
------------------ testing $PTII/ptolemy/domains/de/test/auto/ResettableTimer1.xml
auto.tcl: Setting watchdog for 200 seconds at Thu Oct 22 15:51:45 UTC 2020
3 ms. Memory: 51200K Free: 32595K (64%)
ptolemy.util.test.WatchDog.cancel(): canceling Thu Oct 22 15:51:45 UTC 2020
auto.tcl: Setting watchdog for 200 seconds at Thu Oct 22 15:51:45 UTC 2020
2 ms. Memory: 51200K Free: 31941K (62%)
ptolemy.util.test.WatchDog.cancel(): canceling Thu Oct 22 15:51:45 UTC 2020
------------------ testing $PTII/ptolemy/domains/de/test/auto/ResettableTimer2.xml
auto.tcl: Setting watchdog for 200 seconds at Thu Oct 22 15:51:45 UTC 2020
3 ms. Memory: 51200K Free: 32624K (64%)
ptolemy.util.test.WatchDog.cancel(): canceling Thu Oct 22 15:51:45 UTC 2020
auto.tcl: Setting watchdog for 200 seconds at Thu Oct 22 15:51:45 UTC 2020
2 ms. Memory: 51200K Free: 31520K (62%)
ptolemy.util.test.WatchDog.cancel(): canceling Thu Oct 22 15:51:45 UTC 2020
------------------ testing $PTII/ptolemy/domains/de/test/auto/ResettableTimer3.xml
auto.tcl: Setting watchdog for 200 seconds at Thu Oct 22 15:51:45 UTC 2020
1 ms. Memory: 51200K Free: 32518K (64%)
ptolemy.util.test.WatchDog.cancel(): canceling Thu Oct 22 15:51:45 UTC 2020
auto.tcl: Setting watchdog for 200 seconds at Thu Oct 22 15:51:45 UTC 2020
1 ms. Memory: 51200K Free: 32518K (64%)
ptolemy.util.test.WatchDog.cancel(): canceling Thu Oct 22 15:51:45 UTC 2020
------------------ testing $PTII/ptolemy/domains/de/test/auto/ResettableTimer4.xml
auto.tcl: Setting watchdog for 200 seconds at Thu Oct 22 15:51:45 UTC 2020
1 ms. Memory: 51200K Free: 32528K (64%)
ptolemy.util.test.WatchDog.cancel(): canceling Thu Oct 22 15:51:45 UTC 2020
auto.tcl: Setting watchdog for 200 seconds at Thu Oct 22 15:51:45 UTC 2020
1 ms. Memory: 51200K Free: 32033K (63%)
ptolemy.util.test.WatchDog.cancel(): canceling Thu Oct 22 15:51:45 UTC 2020
------------------ testing $PTII/ptolemy/domains/de/test/auto/ResettableTimer5.xml
auto.tcl: Setting watchdog for 200 seconds at Thu Oct 22 15:51:45 UTC 2020
1 ms. Memory: 51200K Free: 31937K (62%)
ptolemy.util.test.WatchDog.cancel(): canceling Thu Oct 22 15:51:45 UTC 2020
auto.tcl: Setting watchdog for 200 seconds at Thu Oct 22 15:51:45 UTC 2020
2 ms. Memory: 51200K Free: 31502K (62%)
ptolemy.util.test.WatchDog.cancel(): canceling Thu Oct 22 15:51:45 UTC 2020
------------------ testing $PTII/ptolemy/domains/de/test/auto/ResettableTimer6.xml
auto.tcl: Setting watchdog for 200 seconds at Thu Oct 22 15:51:45 UTC 2020
2 ms. Memory: 51200K Free: 32003K (63%)
ptolemy.util.test.WatchDog.cancel(): canceling Thu Oct 22 15:51:45 UTC 2020
auto.tcl: Setting watchdog for 200 seconds at Thu Oct 22 15:51:45 UTC 2020
1 ms. Memory: 51200K Free: 31493K (62%)
ptolemy.util.test.WatchDog.cancel(): canceling Thu Oct 22 15:51:45 UTC 2020
------------------ testing $PTII/ptolemy/domains/de/test/auto/ServerZeroDelay.xml
auto.tcl: Setting watchdog for 200 seconds at Thu Oct 22 15:51:45 UTC 2020
2 ms. Memory: 51200K Free: 32575K (64%)
ptolemy.util.test.WatchDog.cancel(): canceling Thu Oct 22 15:51:45 UTC 2020
auto.tcl: Setting watchdog for 200 seconds at Thu Oct 22 15:51:45 UTC 2020
2 ms. Memory: 51200K Free: 31483K (61%)
ptolemy.util.test.WatchDog.cancel(): canceling Thu Oct 22 15:51:45 UTC 2020
------------------ testing $PTII/ptolemy/domains/de/test/auto/SmartSender.xml
auto.tcl: Setting watchdog for 200 seconds at Thu Oct 22 15:51:45 UTC 2020
3002 ms. Memory: 51200K Free: 32502K (63%)
ptolemy.util.test.WatchDog.cancel(): canceling Thu Oct 22 15:51:48 UTC 2020
auto.tcl: Setting watchdog for 200 seconds at Thu Oct 22 15:51:48 UTC 2020
3001 ms. Memory: 51200K Free: 32007K (63%)
ptolemy.util.test.WatchDog.cancel(): canceling Thu Oct 22 15:51:51 UTC 2020
------------------ testing $PTII/ptolemy/domains/de/test/auto/ThreadedComposite.xml
auto.tcl: Setting watchdog for 200 seconds at Thu Oct 22 15:51:51 UTC 2020
185 ms. Memory: 51200K Free: 13570K (27%)
ptolemy.util.test.WatchDog.cancel(): canceling Thu Oct 22 15:51:51 UTC 2020
auto.tcl: Setting watchdog for 200 seconds at Thu Oct 22 15:51:51 UTC 2020
118 ms. Memory: 51200K Free: 29785K (58%)
ptolemy.util.test.WatchDog.cancel(): canceling Thu Oct 22 15:51:51 UTC 2020
------------------ testing $PTII/ptolemy/domains/de/test/auto/Time.xml
auto.tcl: Setting watchdog for 200 seconds at Thu Oct 22 15:51:51 UTC 2020
466 ms. Memory: 51200K Free: 35727K (70%)
ptolemy.util.test.WatchDog.cancel(): canceling Thu Oct 22 15:51:52 UTC 2020
auto.tcl: Setting watchdog for 200 seconds at Thu Oct 22 15:51:52 UTC 2020
435 ms. Memory: 51200K Free: 11221K (22%)
ptolemy.util.test.WatchDog.cancel(): canceling Thu Oct 22 15:51:52 UTC 2020
------------------ testing $PTII/ptolemy/domains/de/test/auto/TimeDelayZeroDelay.xml
auto.tcl: Setting watchdog for 200 seconds at Thu Oct 22 15:51:52 UTC 2020
2 ms. Memory: 51200K Free: 32431K (63%)
ptolemy.util.test.WatchDog.cancel(): canceling Thu Oct 22 15:51:52 UTC 2020
auto.tcl: Setting watchdog for 200 seconds at Thu Oct 22 15:51:52 UTC 2020
1 ms. Memory: 51200K Free: 31950K (62%)
ptolemy.util.test.WatchDog.cancel(): canceling Thu Oct 22 15:51:52 UTC 2020
------------------ testing $PTII/ptolemy/domains/de/test/auto/TimerZeroDelay.xml
auto.tcl: Setting watchdog for 200 seconds at Thu Oct 22 15:51:52 UTC 2020
3 ms. Memory: 51200K Free: 32884K (64%)
ptolemy.util.test.WatchDog.cancel(): canceling Thu Oct 22 15:51:52 UTC 2020
auto.tcl: Setting watchdog for 200 seconds at Thu Oct 22 15:51:52 UTC 2020
2 ms. Memory: 51200K Free: 32473K (63%)
ptolemy.util.test.WatchDog.cancel(): canceling Thu Oct 22 15:51:52 UTC 2020
------------------ testing $PTII/ptolemy/domains/de/test/auto/TimingParadox.xml
auto.tcl: Setting watchdog for 200 seconds at Thu Oct 22 15:51:52 UTC 2020
281 ms. Memory: 51200K Free: 21144K (41%)
ptolemy.util.test.WatchDog.cancel(): canceling Thu Oct 22 15:51:53 UTC 2020
auto.tcl: Setting watchdog for 200 seconds at Thu Oct 22 15:51:53 UTC 2020
260 ms. Memory: 51200K Free: 13530K (26%)
ptolemy.util.test.WatchDog.cancel(): canceling Thu Oct 22 15:51:53 UTC 2020
------------------ testing $PTII/ptolemy/domains/de/test/auto/TransferInputs.xml
auto.tcl: Setting watchdog for 200 seconds at Thu Oct 22 15:51:53 UTC 2020
2 ms. Memory: 51200K Free: 30955K (60%)
ptolemy.util.test.WatchDog.cancel(): canceling Thu Oct 22 15:51:53 UTC 2020
auto.tcl: Setting watchdog for 200 seconds at Thu Oct 22 15:51:53 UTC 2020
1 ms. Memory: 51200K Free: 30052K (59%)
ptolemy.util.test.WatchDog.cancel(): canceling Thu Oct 22 15:51:53 UTC 2020
------------------ testing $PTII/ptolemy/domains/de/test/auto/TransferOutputs2.xml
auto.tcl: Setting watchdog for 200 seconds at Thu Oct 22 15:51:53 UTC 2020
2 ms. Memory: 51200K Free: 28384K (55%)
ptolemy.util.test.WatchDog.cancel(): canceling Thu Oct 22 15:51:53 UTC 2020
auto.tcl: Setting watchdog for 200 seconds at Thu Oct 22 15:51:53 UTC 2020
3 ms. Memory: 51200K Free: 26952K (53%)
ptolemy.util.test.WatchDog.cancel(): canceling Thu Oct 22 15:51:53 UTC 2020
------------------ testing $PTII/ptolemy/domains/de/test/auto/Trilateration.xml
auto.tcl: Setting watchdog for 200 seconds at Thu Oct 22 15:51:53 UTC 2020
11271 ms. Memory: 512000K Free: 393292K (77%)
ptolemy.util.test.WatchDog.cancel(): canceling Thu Oct 22 15:52:06 UTC 2020
auto.tcl: Setting watchdog for 200 seconds at Thu Oct 22 15:52:06 UTC 2020
9167 ms. Memory: 512000K Free: 197291K (39%)
ptolemy.util.test.WatchDog.cancel(): canceling Thu Oct 22 15:52:15 UTC 2020
------------------ testing $PTII/ptolemy/domains/de/test/auto/TwoSigmaDelta.xml
auto.tcl: Setting watchdog for 200 seconds at Thu Oct 22 15:52:15 UTC 2020
2155 ms. Memory: 89088K Free: 31670K (36%)
ptolemy.util.test.WatchDog.cancel(): canceling Thu Oct 22 15:52:17 UTC 2020
auto.tcl: Setting watchdog for 200 seconds at Thu Oct 22 15:52:17 UTC 2020
1522 ms. Memory: 89088K Free: 30624K (34%)
ptolemy.util.test.WatchDog.cancel(): canceling Thu Oct 22 15:52:19 UTC 2020
------------------ testing $PTII/ptolemy/domains/de/test/auto/VariableDelay.xml
auto.tcl: Setting watchdog for 200 seconds at Thu Oct 22 15:52:19 UTC 2020
3 ms. Memory: 55296K Free: 35517K (64%)
ptolemy.util.test.WatchDog.cancel(): canceling Thu Oct 22 15:52:19 UTC 2020
auto.tcl: Setting watchdog for 200 seconds at Thu Oct 22 15:52:19 UTC 2020
2 ms. Memory: 55296K Free: 34523K (62%)
ptolemy.util.test.WatchDog.cancel(): canceling Thu Oct 22 15:52:19 UTC 2020
------------------ testing $PTII/ptolemy/domains/de/test/auto/VariableDelay2.xml
auto.tcl: Setting watchdog for 200 seconds at Thu Oct 22 15:52:19 UTC 2020
2 ms. Memory: 55296K Free: 36126K (65%)
ptolemy.util.test.WatchDog.cancel(): canceling Thu Oct 22 15:52:19 UTC 2020
auto.tcl: Setting watchdog for 200 seconds at Thu Oct 22 15:52:19 UTC 2020
1 ms. Memory: 55296K Free: 35598K (64%)
ptolemy.util.test.WatchDog.cancel(): canceling Thu Oct 22 15:52:19 UTC 2020
------------------ testing $PTII/ptolemy/domains/de/test/auto/VariableDelayZeroDelay.xml
auto.tcl: Setting watchdog for 200 seconds at Thu Oct 22 15:52:19 UTC 2020
3 ms. Memory: 51200K Free: 32363K (63%)
ptolemy.util.test.WatchDog.cancel(): canceling Thu Oct 22 15:52:19 UTC 2020
auto.tcl: Setting watchdog for 200 seconds at Thu Oct 22 15:52:19 UTC 2020
2 ms. Memory: 51200K Free: 31819K (62%)
ptolemy.util.test.WatchDog.cancel(): canceling Thu Oct 22 15:52:19 UTC 2020
------------------ testing $PTII/ptolemy/domains/de/test/auto/VariableDelayZeroDelay2.xml
auto.tcl: Setting watchdog for 200 seconds at Thu Oct 22 15:52:19 UTC 2020
3 ms. Memory: 51200K Free: 32362K (63%)
ptolemy.util.test.WatchDog.cancel(): canceling Thu Oct 22 15:52:19 UTC 2020
auto.tcl: Setting watchdog for 200 seconds at Thu Oct 22 15:52:19 UTC 2020
3 ms. Memory: 51200K Free: 31338K (61%)
ptolemy.util.test.WatchDog.cancel(): canceling Thu Oct 22 15:52:19 UTC 2020
------------------ testing $PTII/ptolemy/domains/de/test/auto/deInCt.xml
auto.tcl: Setting watchdog for 200 seconds at Thu Oct 22 15:52:19 UTC 2020
0
1
1
1
0
0
0
0
1
1
1
1
0
0
0
1
1
1
0
0
0
1
1
1
1
0
0
0
0
1
1
1
1
0
0
0
0
8 ms. Memory: 51200K Free: 31335K (61%)
ptolemy.util.test.WatchDog.cancel(): canceling Thu Oct 22 15:52:19 UTC 2020
auto.tcl: Setting watchdog for 200 seconds at Thu Oct 22 15:52:19 UTC 2020
0
1
1
1
0
0
0
1
1
1
0
0
0
1
1
1
0
0
0
1
1
1
0
0
0
0
1
1
1
0
0
0
1
1
1
1
0
0
0
1
1
1
1
0
0
1
1
1
1
9 ms. Memory: 51200K Free: 29786K (58%)
ptolemy.util.test.WatchDog.cancel(): canceling Thu Oct 22 15:52:19 UTC 2020
------------------ testing $PTII/ptolemy/domains/de/test/auto/deInCt2.xml
auto.tcl: Setting watchdog for 200 seconds at Thu Oct 22 15:52:19 UTC 2020
0
1
1
1
0
0
1
1
1
0
0
1
1
1
0
0
1
1
1
0
0
1
1
1
0
0
1
1
1
0
0
1
1
1
0
0
1
1
1
0
0
0
10 ms. Memory: 51200K Free: 31336K (61%)
ptolemy.util.test.WatchDog.cancel(): canceling Thu Oct 22 15:52:19 UTC 2020
auto.tcl: Setting watchdog for 200 seconds at Thu Oct 22 15:52:19 UTC 2020
0
1
1
1
0
0
1
1
1
0
0
1
1
1
0
0
1
1
1
0
0
1
1
1
0
0
1
1
1
0
0
1
1
1
0
0
1
1
1
0
0
0
8 ms. Memory: 51200K Free: 29784K (58%)
ptolemy.util.test.WatchDog.cancel(): canceling Thu Oct 22 15:52:19 UTC 2020
------------------ testing $PTII/ptolemy/domains/de/test/auto/dynamicCausalityInterface1.xml
auto.tcl: Setting watchdog for 200 seconds at Thu Oct 22 15:52:19 UTC 2020
1 ms. Memory: 51200K Free: 27234K (53%)
ptolemy.util.test.WatchDog.cancel(): canceling Thu Oct 22 15:52:19 UTC 2020
auto.tcl: Setting watchdog for 200 seconds at Thu Oct 22 15:52:19 UTC 2020
1 ms. Memory: 51200K Free: 26723K (52%)
ptolemy.util.test.WatchDog.cancel(): canceling Thu Oct 22 15:52:19 UTC 2020
------------------ testing $PTII/ptolemy/domains/de/test/auto/fsm_de_test.xml
auto.tcl: Setting watchdog for 200 seconds at Thu Oct 22 15:52:19 UTC 2020
7 ms. Memory: 51200K Free: 27133K (53%)
ptolemy.util.test.WatchDog.cancel(): canceling Thu Oct 22 15:52:19 UTC 2020
auto.tcl: Setting watchdog for 200 seconds at Thu Oct 22 15:52:19 UTC 2020
5 ms. Memory: 51200K Free: 25085K (49%)
ptolemy.util.test.WatchDog.cancel(): canceling Thu Oct 22 15:52:19 UTC 2020
------------------ testing $PTII/ptolemy/domains/de/test/auto/functionDependencyReconstruction.xml
auto.tcl: Setting watchdog for 200 seconds at Thu Oct 22 15:52:19 UTC 2020
4 ms. Memory: 51200K Free: 20979K (41%)
ptolemy.util.test.WatchDog.cancel(): canceling Thu Oct 22 15:52:19 UTC 2020
auto.tcl: Setting watchdog for 200 seconds at Thu Oct 22 15:52:19 UTC 2020
3 ms. Memory: 51200K Free: 18931K (37%)
ptolemy.util.test.WatchDog.cancel(): canceling Thu Oct 22 15:52:19 UTC 2020
------------------ testing $PTII/ptolemy/domains/de/test/auto/multirate.xml
auto.tcl: Setting watchdog for 200 seconds at Thu Oct 22 15:52:19 UTC 2020
8 ms. Memory: 51200K Free: 29774K (58%)
ptolemy.util.test.WatchDog.cancel(): canceling Thu Oct 22 15:52:19 UTC 2020
auto.tcl: Setting watchdog for 200 seconds at Thu Oct 22 15:52:19 UTC 2020
2 ms. Memory: 51200K Free: 28033K (55%)
ptolemy.util.test.WatchDog.cancel(): canceling Thu Oct 22 15:52:19 UTC 2020
------------------ testing $PTII/ptolemy/domains/de/test/auto/multirate2.xml
auto.tcl: Setting watchdog for 200 seconds at Thu Oct 22 15:52:19 UTC 2020
2 ms. Memory: 51200K Free: 29730K (58%)
ptolemy.util.test.WatchDog.cancel(): canceling Thu Oct 22 15:52:19 UTC 2020
auto.tcl: Setting watchdog for 200 seconds at Thu Oct 22 15:52:19 UTC 2020
3 ms. Memory: 51200K Free: 28210K (55%)
ptolemy.util.test.WatchDog.cancel(): canceling Thu Oct 22 15:52:19 UTC 2020
------------------ testing $PTII/ptolemy/domains/de/test/auto/realtime.xml
auto.tcl: Setting watchdog for 200 seconds at Thu Oct 22 15:52:19 UTC 2020
10002 ms. Memory: 51200K Free: 32015K (63%)
ptolemy.util.test.WatchDog.cancel(): canceling Thu Oct 22 15:52:29 UTC 2020
auto.tcl: Setting watchdog for 200 seconds at Thu Oct 22 15:52:29 UTC 2020
10001 ms. Memory: 51200K Free: 31280K (61%)
ptolemy.util.test.WatchDog.cancel(): canceling Thu Oct 22 15:52:39 UTC 2020
------------------ testing $PTII/ptolemy/domains/de/test/auto/relationGroup.xml
auto.tcl: Setting watchdog for 200 seconds at Thu Oct 22 15:52:39 UTC 2020
1 ms. Memory: 51200K Free: 33065K (65%)
ptolemy.util.test.WatchDog.cancel(): canceling Thu Oct 22 15:52:39 UTC 2020
auto.tcl: Setting watchdog for 200 seconds at Thu Oct 22 15:52:39 UTC 2020
2 ms. Memory: 51200K Free: 32330K (63%)
ptolemy.util.test.WatchDog.cancel(): canceling Thu Oct 22 15:52:39 UTC 2020
------------------ testing $PTII/ptolemy/domains/de/test/auto/relationGroup2.xml
auto.tcl: Setting watchdog for 200 seconds at Thu Oct 22 15:52:40 UTC 2020
1 ms. Memory: 51200K Free: 32897K (64%)
ptolemy.util.test.WatchDog.cancel(): canceling Thu Oct 22 15:52:40 UTC 2020
auto.tcl: Setting watchdog for 200 seconds at Thu Oct 22 15:52:40 UTC 2020
1 ms. Memory: 51200K Free: 32387K (63%)
ptolemy.util.test.WatchDog.cancel(): canceling Thu Oct 22 15:52:40 UTC 2020
------------------ testing $PTII/ptolemy/domains/de/test/auto/sortWithOpaquePorts.xml
auto.tcl: Setting watchdog for 200 seconds at Thu Oct 22 15:52:40 UTC 2020
2 ms. Memory: 51200K Free: 31867K (62%)
ptolemy.util.test.WatchDog.cancel(): canceling Thu Oct 22 15:52:40 UTC 2020
auto.tcl: Setting watchdog for 200 seconds at Thu Oct 22 15:52:40 UTC 2020
2 ms. Memory: 51200K Free: 30845K (60%)
ptolemy.util.test.WatchDog.cancel(): canceling Thu Oct 22 15:52:40 UTC 2020
------------------ testing $PTII/ptolemy/domains/de/test/auto/transferInputsandOutputs.xml
auto.tcl: Setting watchdog for 200 seconds at Thu Oct 22 15:52:40 UTC 2020
4 ms. Memory: 51200K Free: 29302K (57%)
ptolemy.util.test.WatchDog.cancel(): canceling Thu Oct 22 15:52:40 UTC 2020
auto.tcl: Setting watchdog for 200 seconds at Thu Oct 22 15:52:40 UTC 2020
2 ms. Memory: 51200K Free: 28278K (55%)
ptolemy.util.test.WatchDog.cancel(): canceling Thu Oct 22 15:52:40 UTC 2020
------------------ testing $PTII/ptolemy/domains/de/test/auto/triggerType.xml
auto.tcl: Setting watchdog for 200 seconds at Thu Oct 22 15:52:40 UTC 2020
1 ms. Memory: 51200K Free: 32327K (63%)
ptolemy.util.test.WatchDog.cancel(): canceling Thu Oct 22 15:52:40 UTC 2020
auto.tcl: Setting watchdog for 200 seconds at Thu Oct 22 15:52:40 UTC 2020
2 ms. Memory: 51200K Free: 31303K (61%)
ptolemy.util.test.WatchDog.cancel(): canceling Thu Oct 22 15:52:40 UTC 2020
10/22/20 03:52:40
Failed: 0  Total Tests: 192  ((Passed: 187, Newly Passed: 1)  Known Failed: 5) /home/travis/build/icyphy/ptII/ptolemy/domains/de/test
10/22/20 03:52:40
Failed: 0  Total Tests: 192  ((Passed: 187, Newly Passed: 1)  Known Failed: 5) /home/travis/build/icyphy/ptII/ptolemy/domains/de/test
----------------- testing (KnownFailure) /home/travis/build/icyphy/ptII/ptolemy/domains/de/test/auto/knownFailedTests/DESDFClockTest.xml
2012 ms. Memory: 51200K Free: 25212K (49%)
Known Failure: java.lang.reflect.InvocationTargetException
----------------- testing (KnownFailure) /home/travis/build/icyphy/ptII/ptolemy/domains/de/test/auto/knownFailedTests/DirectFeedback.xml
6 ms. Memory: 51200K Free: 21626K (42%)
Known Failure: java.lang.reflect.InvocationTargetException
----------------- testing (KnownFailure) /home/travis/build/icyphy/ptII/ptolemy/domains/de/test/auto/knownFailedTests/FSMSource.xml
6 ms. Memory: 51200K Free: 13434K (26%)
----------------- testing (KnownFailure) /home/travis/build/icyphy/ptII/ptolemy/domains/de/test/auto/knownFailedTests/HierarchicalModel.xml
3 ms. Memory: 51200K Free: 26443K (52%)
Known Failure: java.lang.reflect.InvocationTargetException
----------------- testing (KnownFailure) /home/travis/build/icyphy/ptII/ptolemy/domains/de/test/auto/knownFailedTests/dependencyLoop.xml
2 ms. Memory: 51200K Free: 11477K (22%)
Known Failure: java.lang.reflect.InvocationTargetException
----------------- testing (KnownFailure) /home/travis/build/icyphy/ptII/ptolemy/domains/de/test/auto/knownFailedTests/dependencyLoop2.xml
3 ms. Memory: 51200K Free: 24987K (49%)
Known Failure: java.lang.reflect.InvocationTargetException
No auto/linux-amd64/*.xml tests in /home/travis/build/icyphy/ptII/ptolemy/domains/de/test
AutoTests.java: About to close Vertx.
AutoTests.java: Vertx closed.

===========================================================================================
----------------- testing Thu Oct 22 15:52:42 UTC 2020 /home/travis/build/icyphy/ptII/ptolemy/domains/de/test/auto/ActorDepthCalculation_actorWithoutPorts.xml
----------------- Instantiating /home/travis/build/icyphy/ptII/ptolemy/domains/de/test/auto/ActorDepthCalculation_actorWithoutPorts.xml
1 ms. Memory: 51200K Free: 18183K (36%)
----------------- Invoking toplevel() on ptolemy.moml.MoMLSimpleApplication@2d66b587
----------------- Done invoking toplevel() on ptolemy.moml.MoMLSimpleApplication@2d66b587
reloadAllAccessors: .ActorDepthCalculation_actorWithoutPorts

===========================================================================================
----------------- testing Thu Oct 22 15:52:42 UTC 2020 /home/travis/build/icyphy/ptII/ptolemy/domains/de/test/auto/AssemblyLine.xml
----------------- Instantiating /home/travis/build/icyphy/ptII/ptolemy/domains/de/test/auto/AssemblyLine.xml
2 ms. Memory: 51200K Free: 11015K (22%)
----------------- Invoking toplevel() on ptolemy.moml.MoMLSimpleApplication@2ac44f7f
----------------- Done invoking toplevel() on ptolemy.moml.MoMLSimpleApplication@2ac44f7f
reloadAllAccessors: .AssemblyLine

===========================================================================================
----------------- testing Thu Oct 22 15:52:42 UTC 2020 /home/travis/build/icyphy/ptII/ptolemy/domains/de/test/auto/CQBug1.xml
----------------- Instantiating /home/travis/build/icyphy/ptII/ptolemy/domains/de/test/auto/CQBug1.xml
1 ms. Memory: 51200K Free: 8232K (16%)
----------------- Invoking toplevel() on ptolemy.moml.MoMLSimpleApplication@129e28c6
----------------- Done invoking toplevel() on ptolemy.moml.MoMLSimpleApplication@129e28c6
reloadAllAccessors: .CQBug1

===========================================================================================
----------------- testing Thu Oct 22 15:52:42 UTC 2020 /home/travis/build/icyphy/ptII/ptolemy/domains/de/test/auto/CancelFireAt.xml
----------------- Instantiating /home/travis/build/icyphy/ptII/ptolemy/domains/de/test/auto/CancelFireAt.xml
1 ms. Memory: 51200K Free: 34566K (68%)
----------------- Invoking toplevel() on ptolemy.moml.MoMLSimpleApplication@75ee2e12
----------------- Done invoking toplevel() on ptolemy.moml.MoMLSimpleApplication@75ee2e12
reloadAllAccessors: .CancelFireAt

===========================================================================================
----------------- testing Thu Oct 22 15:52:42 UTC 2020 /home/travis/build/icyphy/ptII/ptolemy/domains/de/test/auto/CausalityAndComposabilityAnalysis.xml
----------------- Instantiating /home/travis/build/icyphy/ptII/ptolemy/domains/de/test/auto/CausalityAndComposabilityAnalysis.xml
2 ms. Memory: 51200K Free: 30473K (60%)
----------------- Invoking toplevel() on ptolemy.moml.MoMLSimpleApplication@5b3ef720
----------------- Done invoking toplevel() on ptolemy.moml.MoMLSimpleApplication@5b3ef720
reloadAllAccessors: .CausalityAndComposabilityAnalysis

===========================================================================================
----------------- testing Thu Oct 22 15:52:42 UTC 2020 /home/travis/build/icyphy/ptII/ptolemy/domains/de/test/auto/CausalityInterface1.xml
----------------- Instantiating /home/travis/build/icyphy/ptII/ptolemy/domains/de/test/auto/CausalityInterface1.xml
5 ms. Memory: 51200K Free: 25353K (50%)
----------------- Invoking toplevel() on ptolemy.moml.MoMLSimpleApplication@6dd6182f
----------------- Done invoking toplevel() on ptolemy.moml.MoMLSimpleApplication@6dd6182f
reloadAllAccessors: .CausalityInterface1

===========================================================================================
----------------- testing Thu Oct 22 15:52:42 UTC 2020 /home/travis/build/icyphy/ptII/ptolemy/domains/de/test/auto/CausalityInterface15.xml
----------------- Instantiating /home/travis/build/icyphy/ptII/ptolemy/domains/de/test/auto/CausalityInterface15.xml
2 ms. Memory: 51200K Free: 19866K (39%)
----------------- Invoking toplevel() on ptolemy.moml.MoMLSimpleApplication@4fdd2eb0
----------------- Done invoking toplevel() on ptolemy.moml.MoMLSimpleApplication@4fdd2eb0
reloadAllAccessors: .CausalityInterface15

===========================================================================================
----------------- testing Thu Oct 22 15:52:42 UTC 2020 /home/travis/build/icyphy/ptII/ptolemy/domains/de/test/auto/CausalityInterface2.xml
----------------- Instantiating /home/travis/build/icyphy/ptII/ptolemy/domains/de/test/auto/CausalityInterface2.xml
1 ms. Memory: 51200K Free: 15376K (30%)
[...]
	at ptolemy.actor.Manager.run(Manager.java:1263)
	at ptolemy.actor.Manager$PtolemyRunThread.run(Manager.java:1933)
java.lang.RuntimeException: Execution failed
	at ptolemy.moml.MoMLSimpleApplication$UnloadThread.run(MoMLSimpleApplication.java:402)
Caused by: ptolemy.kernel.util.IllegalActionException: Actor is not ready to fire.  Perhaps UpSample.prefire() returned false? Try debugging the actor by selecting "Listen to Actor".  Also, for SDF check moml for tokenConsumptionRate on input.
  in .DESDFClockTest.Play Bell.Copy1:SDF Director and .DESDFClockTest.Play Bell.UpSample
	at ptolemy.actor.sched.StaticSchedulingDirector.fire(StaticSchedulingDirector.java:227)
	at ptolemy.domains.sdf.kernel.SDFDirector.fire(SDFDirector.java:500)
	at ptolemy.actor.CompositeActor.fire(CompositeActor.java:455)
	at ptolemy.domains.de.kernel.DEDirector._fire(DEDirector.java:1949)
	at ptolemy.domains.de.kernel.DEDirector.fire(DEDirector.java:502)
	at ptolemy.actor.CompositeActor.fire(CompositeActor.java:455)
	at ptolemy.actor.Manager.iterate(Manager.java:851)
	at ptolemy.actor.Manager.execute(Manager.java:369)
	at ptolemy.actor.Manager.run(Manager.java:1263)
	at ptolemy.actor.Manager$PtolemyRunThread.run(Manager.java:1933)
java.lang.reflect.InvocationTargetException
	at java.base/jdk.internal.reflect.NativeConstructorAccessorImpl.newInstance0(Native Method)
	at java.base/jdk.internal.reflect.NativeConstructorAccessorImpl.newInstance(NativeConstructorAccessorImpl.java:62)
	at java.base/jdk.internal.reflect.DelegatingConstructorAccessorImpl.newInstance(DelegatingConstructorAccessorImpl.java:45)
	at java.base/java.lang.reflect.Constructor.newInstance(Constructor.java:490)
	at ptolemy.util.test.junit.AutoKnownFailedTests.RunModel(AutoKnownFailedTests.java:105)
	at java.base/jdk.internal.reflect.NativeMethodAccessorImpl.invoke0(Native Method)
	at java.base/jdk.internal.reflect.NativeMethodAccessorImpl.invoke(NativeMethodAccessorImpl.java:62)
	at java.base/jdk.internal.reflect.DelegatingMethodAccessorImpl.invoke(DelegatingMethodAccessorImpl.java:43)
	at java.base/java.lang.reflect.Method.invoke(Method.java:566)
	at org.junit.runners.model.FrameworkMethod$1.runReflectiveCall(FrameworkMethod.java:44)
	at org.junit.internal.runners.model.ReflectiveCallable.run(ReflectiveCallable.java:15)
	at org.junit.runners.model.FrameworkMethod.invokeExplosively(FrameworkMethod.java:41)
	at junitparams.internal.InvokeParameterisedMethod.evaluate(InvokeParameterisedMethod.java:102)
	at org.junit.internal.runners.statements.FailOnTimeout$1.run(FailOnTimeout.java:28)
Caused by: ptolemy.kernel.util.IllegalActionException: Actor is not ready to fire.  Perhaps UpSample.prefire() returned false? Try debugging the actor by selecting "Listen to Actor".  Also, for SDF check moml for tokenConsumptionRate on input.
  in .DESDFClockTest.Play Bell.Copy1:SDF Director and .DESDFClockTest.Play Bell.UpSample
	at ptolemy.actor.sched.StaticSchedulingDirector.fire(StaticSchedulingDirector.java:227)
	at ptolemy.domains.sdf.kernel.SDFDirector.fire(SDFDirector.java:500)
	at ptolemy.actor.CompositeActor.fire(CompositeActor.java:455)
	at ptolemy.domains.de.kernel.DEDirector._fire(DEDirector.java:1949)
	at ptolemy.domains.de.kernel.DEDirector.fire(DEDirector.java:502)
	at ptolemy.actor.CompositeActor.fire(CompositeActor.java:455)
	at ptolemy.actor.Manager.iterate(Manager.java:851)
	at ptolemy.actor.Manager.execute(Manager.java:369)
	at ptolemy.actor.Manager.run(Manager.java:1263)
	at ptolemy.actor.Manager$PtolemyRunThread.run(Manager.java:1933)
java.lang.RuntimeException: Execution failed
	at ptolemy.moml.MoMLSimpleApplication$UnloadThread.run(MoMLSimpleApplication.java:402)
Caused by: ptolemy.kernel.util.IllegalActionException: Test fails in iteration 1.
Value was: 1.0. Should have been: 2.0
  in .DirectFeedback.Test
	at ptolemy.actor.lib.Test.fire(Test.java:268)
	at ptolemy.domains.de.kernel.DEDirector._fire(DEDirector.java:1949)
	at ptolemy.domains.de.kernel.DEDirector.fire(DEDirector.java:502)
	at ptolemy.actor.CompositeActor.fire(CompositeActor.java:455)
	at ptolemy.actor.Manager.iterate(Manager.java:851)
	at ptolemy.actor.Manager.execute(Manager.java:369)
	at ptolemy.actor.Manager.run(Manager.java:1263)
	at ptolemy.actor.Manager$PtolemyRunThread.run(Manager.java:1933)
java.lang.reflect.InvocationTargetException
	at java.base/jdk.internal.reflect.NativeConstructorAccessorImpl.newInstance0(Native Method)
	at java.base/jdk.internal.reflect.NativeConstructorAccessorImpl.newInstance(NativeConstructorAccessorImpl.java:62)
	at java.base/jdk.internal.reflect.DelegatingConstructorAccessorImpl.newInstance(DelegatingConstructorAccessorImpl.java:45)
	at java.base/java.lang.reflect.Constructor.newInstance(Constructor.java:490)
	at ptolemy.util.test.junit.AutoKnownFailedTests.RunModel(AutoKnownFailedTests.java:105)
	at java.base/jdk.internal.reflect.NativeMethodAccessorImpl.invoke0(Native Method)
	at java.base/jdk.internal.reflect.NativeMethodAccessorImpl.invoke(NativeMethodAccessorImpl.java:62)
	at java.base/jdk.internal.reflect.DelegatingMethodAccessorImpl.invoke(DelegatingMethodAccessorImpl.java:43)
	at java.base/java.lang.reflect.Method.invoke(Method.java:566)
	at org.junit.runners.model.FrameworkMethod$1.runReflectiveCall(FrameworkMethod.java:44)
	at org.junit.internal.runners.model.ReflectiveCallable.run(ReflectiveCallable.java:15)
	at org.junit.runners.model.FrameworkMethod.invokeExplosively(FrameworkMethod.java:41)
	at junitparams.internal.InvokeParameterisedMethod.evaluate(InvokeParameterisedMethod.java:102)
	at org.junit.internal.runners.statements.FailOnTimeout$1.run(FailOnTimeout.java:28)
Caused by: ptolemy.kernel.util.IllegalActionException: Test fails in iteration 1.
Value was: 1.0. Should have been: 2.0
  in .DirectFeedback.Test
	at ptolemy.actor.lib.Test.fire(Test.java:268)
	at ptolemy.domains.de.kernel.DEDirector._fire(DEDirector.java:1949)
	at ptolemy.domains.de.kernel.DEDirector.fire(DEDirector.java:502)
	at ptolemy.actor.CompositeActor.fire(CompositeActor.java:455)
	at ptolemy.actor.Manager.iterate(Manager.java:851)
	at ptolemy.actor.Manager.execute(Manager.java:369)
	at ptolemy.actor.Manager.run(Manager.java:1263)
	at ptolemy.actor.Manager$PtolemyRunThread.run(Manager.java:1933)
java.lang.RuntimeException: Execution failed
	at ptolemy.moml.MoMLSimpleApplication$UnloadThread.run(MoMLSimpleApplication.java:402)
Caused by: ptolemy.kernel.util.IllegalActionException: Found a zero delay loop containing .HierarchicalModel.A
  in .HierarchicalModel and .HierarchicalModel.A
	at ptolemy.actor.util.CausalityInterfaceForComposites._computeOutputPortDepth(CausalityInterfaceForComposites.java:759)
	at ptolemy.actor.util.CausalityInterfaceForComposites._computeInputDepth(CausalityInterfaceForComposites.java:696)
	at ptolemy.actor.util.CausalityInterfaceForComposites._computeOutputPortDepth(CausalityInterfaceForComposites.java:765)
	at ptolemy.actor.util.CausalityInterfaceForComposites._computeInputDepth(CausalityInterfaceForComposites.java:696)
	at ptolemy.actor.util.CausalityInterfaceForComposites._computeOutputPortDepth(CausalityInterfaceForComposites.java:765)
	at ptolemy.actor.util.CausalityInterfaceForComposites._computeInputDepth(CausalityInterfaceForComposites.java:696)
	at ptolemy.actor.util.CausalityInterfaceForComposites._computeActorDepth(CausalityInterfaceForComposites.java:532)
	at ptolemy.actor.util.CausalityInterfaceForComposites.checkForCycles(CausalityInterfaceForComposites.java:96)
	at ptolemy.domains.de.kernel.DEDirector.preinitialize(DEDirector.java:1338)
	at ptolemy.actor.CompositeActor.preinitialize(CompositeActor.java:1828)
	at ptolemy.actor.Manager.preinitializeAndResolveTypes(Manager.java:1040)
	at ptolemy.actor.Manager.initialize(Manager.java:710)
	at ptolemy.actor.Manager.execute(Manager.java:356)
	at ptolemy.actor.Manager.run(Manager.java:1263)
	at ptolemy.actor.Manager$PtolemyRunThread.run(Manager.java:1933)
java.lang.reflect.InvocationTargetException
	at java.base/jdk.internal.reflect.NativeConstructorAccessorImpl.newInstance0(Native Method)
	at java.base/jdk.internal.reflect.NativeConstructorAccessorImpl.newInstance(NativeConstructorAccessorImpl.java:62)
	at java.base/jdk.internal.reflect.DelegatingConstructorAccessorImpl.newInstance(DelegatingConstructorAccessorImpl.java:45)
	at java.base/java.lang.reflect.Constructor.newInstance(Constructor.java:490)
	at ptolemy.util.test.junit.AutoKnownFailedTests.RunModel(AutoKnownFailedTests.java:105)
	at java.base/jdk.internal.reflect.NativeMethodAccessorImpl.invoke0(Native Method)
	at java.base/jdk.internal.reflect.NativeMethodAccessorImpl.invoke(NativeMethodAccessorImpl.java:62)
	at java.base/jdk.internal.reflect.DelegatingMethodAccessorImpl.invoke(DelegatingMethodAccessorImpl.java:43)
	at java.base/java.lang.reflect.Method.invoke(Method.java:566)
	at org.junit.runners.model.FrameworkMethod$1.runReflectiveCall(FrameworkMethod.java:44)
	at org.junit.internal.runners.model.ReflectiveCallable.run(ReflectiveCallable.java:15)
	at org.junit.runners.model.FrameworkMethod.invokeExplosively(FrameworkMethod.java:41)
	at junitparams.internal.InvokeParameterisedMethod.evaluate(InvokeParameterisedMethod.java:102)
	at org.junit.internal.runners.statements.FailOnTimeout$1.run(FailOnTimeout.java:28)
Caused by: ptolemy.kernel.util.IllegalActionException: Found a zero delay loop containing .HierarchicalModel.A
  in .HierarchicalModel and .HierarchicalModel.A
	at ptolemy.actor.util.CausalityInterfaceForComposites._computeOutputPortDepth(CausalityInterfaceForComposites.java:759)
	at ptolemy.actor.util.CausalityInterfaceForComposites._computeInputDepth(CausalityInterfaceForComposites.java:696)
	at ptolemy.actor.util.CausalityInterfaceForComposites._computeOutputPortDepth(CausalityInterfaceForComposites.java:765)
	at ptolemy.actor.util.CausalityInterfaceForComposites._computeInputDepth(CausalityInterfaceForComposites.java:696)
	at ptolemy.actor.util.CausalityInterfaceForComposites._computeOutputPortDepth(CausalityInterfaceForComposites.java:765)
	at ptolemy.actor.util.CausalityInterfaceForComposites._computeInputDepth(CausalityInterfaceForComposites.java:696)
	at ptolemy.actor.util.CausalityInterfaceForComposites._computeActorDepth(CausalityInterfaceForComposites.java:532)
	at ptolemy.actor.util.CausalityInterfaceForComposites.checkForCycles(CausalityInterfaceForComposites.java:96)
	at ptolemy.domains.de.kernel.DEDirector.preinitialize(DEDirector.java:1338)
	at ptolemy.actor.CompositeActor.preinitialize(CompositeActor.java:1828)
	at ptolemy.actor.Manager.preinitializeAndResolveTypes(Manager.java:1040)
	at ptolemy.actor.Manager.initialize(Manager.java:710)
	at ptolemy.actor.Manager.execute(Manager.java:356)
	at ptolemy.actor.Manager.run(Manager.java:1263)
	at ptolemy.actor.Manager$PtolemyRunThread.run(Manager.java:1933)
java.lang.RuntimeException: Execution failed
	at ptolemy.moml.MoMLSimpleApplication$UnloadThread.run(MoMLSimpleApplication.java:402)
Caused by: ptolemy.kernel.util.IllegalActionException: Found a zero delay loop containing .dependencyLoop.original
  in .dependencyLoop and .dependencyLoop.original
	at ptolemy.actor.util.CausalityInterfaceForComposites._computeOutputPortDepth(CausalityInterfaceForComposites.java:759)
	at ptolemy.actor.util.CausalityInterfaceForComposites._computeInputDepth(CausalityInterfaceForComposites.java:696)
	at ptolemy.actor.util.CausalityInterfaceForComposites._computeOutputPortDepth(CausalityInterfaceForComposites.java:765)
	at ptolemy.actor.util.CausalityInterfaceForComposites._computeInputDepth(CausalityInterfaceForComposites.java:696)
	at ptolemy.actor.util.CausalityInterfaceForComposites._computeOutputPortDepth(CausalityInterfaceForComposites.java:765)
	at ptolemy.actor.util.CausalityInterfaceForComposites._computeInputDepth(CausalityInterfaceForComposites.java:696)
	at ptolemy.actor.util.CausalityInterfaceForComposites._computeActorDepth(CausalityInterfaceForComposites.java:532)
	at ptolemy.actor.util.CausalityInterfaceForComposites.checkForCycles(CausalityInterfaceForComposites.java:96)
	at ptolemy.domains.de.kernel.DEDirector.preinitialize(DEDirector.java:1338)
	at ptolemy.actor.CompositeActor.preinitialize(CompositeActor.java:1828)
	at ptolemy.actor.Manager.preinitializeAndResolveTypes(Manager.java:1040)
	at ptolemy.actor.Manager.initialize(Manager.java:710)
	at ptolemy.actor.Manager.execute(Manager.java:356)
	at ptolemy.actor.Manager.run(Manager.java:1263)
	at ptolemy.actor.Manager$PtolemyRunThread.run(Manager.java:1933)
java.lang.reflect.InvocationTargetException
	at java.base/jdk.internal.reflect.NativeConstructorAccessorImpl.newInstance0(Native Method)
	at java.base/jdk.internal.reflect.NativeConstructorAccessorImpl.newInstance(NativeConstructorAccessorImpl.java:62)
	at java.base/jdk.internal.reflect.DelegatingConstructorAccessorImpl.newInstance(DelegatingConstructorAccessorImpl.java:45)
	at java.base/java.lang.reflect.Constructor.newInstance(Constructor.java:490)
	at ptolemy.util.test.junit.AutoKnownFailedTests.RunModel(AutoKnownFailedTests.java:105)
	at java.base/jdk.internal.reflect.NativeMethodAccessorImpl.invoke0(Native Method)
	at java.base/jdk.internal.reflect.NativeMethodAccessorImpl.invoke(NativeMethodAccessorImpl.java:62)
	at java.base/jdk.internal.reflect.DelegatingMethodAccessorImpl.invoke(DelegatingMethodAccessorImpl.java:43)
	at java.base/java.lang.reflect.Method.invoke(Method.java:566)
	at org.junit.runners.model.FrameworkMethod$1.runReflectiveCall(FrameworkMethod.java:44)
	at org.junit.internal.runners.model.ReflectiveCallable.run(ReflectiveCallable.java:15)
	at org.junit.runners.model.FrameworkMethod.invokeExplosively(FrameworkMethod.java:41)
	at junitparams.internal.InvokeParameterisedMethod.evaluate(InvokeParameterisedMethod.java:102)
	at org.junit.internal.runners.statements.FailOnTimeout$1.run(FailOnTimeout.java:28)
Caused by: ptolemy.kernel.util.IllegalActionException: Found a zero delay loop containing .dependencyLoop.original
  in .dependencyLoop and .dependencyLoop.original
	at ptolemy.actor.util.CausalityInterfaceForComposites._computeOutputPortDepth(CausalityInterfaceForComposites.java:759)
	at ptolemy.actor.util.CausalityInterfaceForComposites._computeInputDepth(CausalityInterfaceForComposites.java:696)
	at ptolemy.actor.util.CausalityInterfaceForComposites._computeOutputPortDepth(CausalityInterfaceForComposites.java:765)
	at ptolemy.actor.util.CausalityInterfaceForComposites._computeInputDepth(CausalityInterfaceForComposites.java:696)
	at ptolemy.actor.util.CausalityInterfaceForComposites._computeOutputPortDepth(CausalityInterfaceForComposites.java:765)
	at ptolemy.actor.util.CausalityInterfaceForComposites._computeInputDepth(CausalityInterfaceForComposites.java:696)
	at ptolemy.actor.util.CausalityInterfaceForComposites._computeActorDepth(CausalityInterfaceForComposites.java:532)
	at ptolemy.actor.util.CausalityInterfaceForComposites.checkForCycles(CausalityInterfaceForComposites.java:96)
	at ptolemy.domains.de.kernel.DEDirector.preinitialize(DEDirector.java:1338)
	at ptolemy.actor.CompositeActor.preinitialize(CompositeActor.java:1828)
	at ptolemy.actor.Manager.preinitializeAndResolveTypes(Manager.java:1040)
	at ptolemy.actor.Manager.initialize(Manager.java:710)
	at ptolemy.actor.Manager.execute(Manager.java:356)
	at ptolemy.actor.Manager.run(Manager.java:1263)
	at ptolemy.actor.Manager$PtolemyRunThread.run(Manager.java:1933)
java.lang.RuntimeException: Execution failed
	at ptolemy.moml.MoMLSimpleApplication$UnloadThread.run(MoMLSimpleApplication.java:402)
Caused by: ptolemy.kernel.util.IllegalActionException: Found a zero delay loop containing .dependencyLoop2.original
  in .dependencyLoop2 and .dependencyLoop2.original
	at ptolemy.actor.util.CausalityInterfaceForComposites._computeOutputPortDepth(CausalityInterfaceForComposites.java:759)
	at ptolemy.actor.util.CausalityInterfaceForComposites._computeInputDepth(CausalityInterfaceForComposites.java:696)
	at ptolemy.actor.util.CausalityInterfaceForComposites._computeOutputPortDepth(CausalityInterfaceForComposites.java:765)
	at ptolemy.actor.util.CausalityInterfaceForComposites._computeInputDepth(CausalityInterfaceForComposites.java:696)
	at ptolemy.actor.util.CausalityInterfaceForComposites._computeOutputPortDepth(CausalityInterfaceForComposites.java:765)
	at ptolemy.actor.util.CausalityInterfaceForComposites._computeInputDepth(CausalityInterfaceForComposites.java:696)
	at ptolemy.actor.util.CausalityInterfaceForComposites._computeActorDepth(CausalityInterfaceForComposites.java:532)
	at ptolemy.actor.util.CausalityInterfaceForComposites.checkForCycles(CausalityInterfaceForComposites.java:96)
	at ptolemy.domains.de.kernel.DEDirector.preinitialize(DEDirector.java:1338)
	at ptolemy.actor.CompositeActor.preinitialize(CompositeActor.java:1828)
	at ptolemy.actor.Manager.preinitializeAndResolveTypes(Manager.java:1040)
	at ptolemy.actor.Manager.initialize(Manager.java:710)
	at ptolemy.actor.Manager.execute(Manager.java:356)
	at ptolemy.actor.Manager.run(Manager.java:1263)
	at ptolemy.actor.Manager$PtolemyRunThread.run(Manager.java:1933)
java.lang.reflect.InvocationTargetException
	at java.base/jdk.internal.reflect.NativeConstructorAccessorImpl.newInstance0(Native Method)
	at java.base/jdk.internal.reflect.NativeConstructorAccessorImpl.newInstance(NativeConstructorAccessorImpl.java:62)
	at java.base/jdk.internal.reflect.DelegatingConstructorAccessorImpl.newInstance(DelegatingConstructorAccessorImpl.java:45)
	at java.base/java.lang.reflect.Constructor.newInstance(Constructor.java:490)
	at ptolemy.util.test.junit.AutoKnownFailedTests.RunModel(AutoKnownFailedTests.java:105)
	at java.base/jdk.internal.reflect.NativeMethodAccessorImpl.invoke0(Native Method)
	at java.base/jdk.internal.reflect.NativeMethodAccessorImpl.invoke(NativeMethodAccessorImpl.java:62)
	at java.base/jdk.internal.reflect.DelegatingMethodAccessorImpl.invoke(DelegatingMethodAccessorImpl.java:43)
	at java.base/java.lang.reflect.Method.invoke(Method.java:566)
	at org.junit.runners.model.FrameworkMethod$1.runReflectiveCall(FrameworkMethod.java:44)
	at org.junit.internal.runners.model.ReflectiveCallable.run(ReflectiveCallable.java:15)
	at org.junit.runners.model.FrameworkMethod.invokeExplosively(FrameworkMethod.java:41)
	at junitparams.internal.InvokeParameterisedMethod.evaluate(InvokeParameterisedMethod.java:102)
	at org.junit.internal.runners.statements.FailOnTimeout$1.run(FailOnTimeout.java:28)
Caused by: ptolemy.kernel.util.IllegalActionException: Found a zero delay loop containing .dependencyLoop2.original
  in .dependencyLoop2 and .dependencyLoop2.original
	at ptolemy.actor.util.CausalityInterfaceForComposites._computeOutputPortDepth(CausalityInterfaceForComposites.java:759)
	at ptolemy.actor.util.CausalityInterfaceForComposites._computeInputDepth(CausalityInterfaceForComposites.java:696)
	at ptolemy.actor.util.CausalityInterfaceForComposites._computeOutputPortDepth(CausalityInterfaceForComposites.java:765)
	at ptolemy.actor.util.CausalityInterfaceForComposites._computeInputDepth(CausalityInterfaceForComposites.java:696)
	at ptolemy.actor.util.CausalityInterfaceForComposites._computeOutputPortDepth(CausalityInterfaceForComposites.java:765)
	at ptolemy.actor.util.CausalityInterfaceForComposites._computeInputDepth(CausalityInterfaceForComposites.java:696)
	at ptolemy.actor.util.CausalityInterfaceForComposites._computeActorDepth(CausalityInterfaceForComposites.java:532)
	at ptolemy.actor.util.CausalityInterfaceForComposites.checkForCycles(CausalityInterfaceForComposites.java:96)
	at ptolemy.domains.de.kernel.DEDirector.preinitialize(DEDirector.java:1338)
	at ptolemy.actor.CompositeActor.preinitialize(CompositeActor.java:1828)
	at ptolemy.actor.Manager.preinitializeAndResolveTypes(Manager.java:1040)
	at ptolemy.actor.Manager.initialize(Manager.java:710)
	at ptolemy.actor.Manager.execute(Manager.java:356)
	at ptolemy.actor.Manager.run(Manager.java:1263)
	at ptolemy.actor.Manager$PtolemyRunThread.run(Manager.java:1933)
]]></system-err>
</testsuite>
