<?xml version="1.0" encoding="UTF-8" ?>
<testsuite errors="0" failures="0" hostname="travis-job-de1f4187-8111-4eed-bfbe-7bcd1ae9c71f" name="ptolemy.domains.de.test.junit.JUnitTclTest" skipped="0" tests="101" time="126.008" timestamp="2018-12-29T03:11:00">
  <properties>
[...]
</properties>
  <testcase classname="ptolemy.util.test.junit.TclTests" name="[0] /home/travis/build/icyphy/ptII/ptolemy/domains/de/test/DependencyLoop.tcl (RunTclFile)" time="0.686" />
  <testcase classname="ptolemy.util.test.junit.TclTests" name="[1] /home/travis/build/icyphy/ptII/ptolemy/domains/de/test/RunDETestsAsQSS.tcl (RunTclFile)" time="85.67" />
  <testcase classname="ptolemy.util.test.junit.AutoKnownFailedTests" name="[0] /home/travis/build/icyphy/ptII/ptolemy/domains/de/test/auto/knownFailedTests/DESDFClockTest.xml (RunModel)" time="2.037" />
  <testcase classname="ptolemy.util.test.junit.AutoKnownFailedTests" name="[1] /home/travis/build/icyphy/ptII/ptolemy/domains/de/test/auto/knownFailedTests/DirectFeedback.xml (RunModel)" time="0.008" />
  <testcase classname="ptolemy.util.test.junit.AutoKnownFailedTests" name="[2] /home/travis/build/icyphy/ptII/ptolemy/domains/de/test/auto/knownFailedTests/FSMSource.xml (RunModel)" time="0.022" />
  <testcase classname="ptolemy.util.test.junit.AutoKnownFailedTests" name="[3] /home/travis/build/icyphy/ptII/ptolemy/domains/de/test/auto/knownFailedTests/HierarchicalModel.xml (RunModel)" time="0.031" />
  <testcase classname="ptolemy.util.test.junit.AutoKnownFailedTests" name="[4] /home/travis/build/icyphy/ptII/ptolemy/domains/de/test/auto/knownFailedTests/dependencyLoop.xml (RunModel)" time="0.035" />
  <testcase classname="ptolemy.util.test.junit.AutoKnownFailedTests" name="[5] /home/travis/build/icyphy/ptII/ptolemy/domains/de/test/auto/knownFailedTests/dependencyLoop2.xml (RunModel)" time="0.027" />
  <testcase classname="ptolemy.util.test.junit.AutoNameArchTests" name="[0] ThereAreNoAutoArchTests (RunModel)" time="0.0" />
  <testcase classname="ptolemy.util.test.junit.AutoTests" name="[0] /home/travis/build/icyphy/ptII/ptolemy/domains/de/test/auto/ActorDepthCalculation_actorWithoutPorts.xml (RunModel)" time="0.01" />
  <testcase classname="ptolemy.util.test.junit.AutoTests" name="[1] /home/travis/build/icyphy/ptII/ptolemy/domains/de/test/auto/AssemblyLine.xml (RunModel)" time="0.012" />
  <testcase classname="ptolemy.util.test.junit.AutoTests" name="[2] /home/travis/build/icyphy/ptII/ptolemy/domains/de/test/auto/CQBug1.xml (RunModel)" time="0.008" />
  <testcase classname="ptolemy.util.test.junit.AutoTests" name="[3] /home/travis/build/icyphy/ptII/ptolemy/domains/de/test/auto/CancelFireAt.xml (RunModel)" time="0.005" />
  <testcase classname="ptolemy.util.test.junit.AutoTests" name="[4] /home/travis/build/icyphy/ptII/ptolemy/domains/de/test/auto/CausalityAndComposabilityAnalysis.xml (RunModel)" time="0.015" />
  <testcase classname="ptolemy.util.test.junit.AutoTests" name="[5] /home/travis/build/icyphy/ptII/ptolemy/domains/de/test/auto/CausalityInterface1.xml (RunModel)" time="0.01" />
  <testcase classname="ptolemy.util.test.junit.AutoTests" name="[6] /home/travis/build/icyphy/ptII/ptolemy/domains/de/test/auto/CausalityInterface15.xml (RunModel)" time="0.01" />
  <testcase classname="ptolemy.util.test.junit.AutoTests" name="[7] /home/travis/build/icyphy/ptII/ptolemy/domains/de/test/auto/CausalityInterface2.xml (RunModel)" time="0.009" />
  <testcase classname="ptolemy.util.test.junit.AutoTests" name="[8] /home/travis/build/icyphy/ptII/ptolemy/domains/de/test/auto/CausalityInterface3.xml (RunModel)" time="0.009" />
  <testcase classname="ptolemy.util.test.junit.AutoTests" name="[9] /home/travis/build/icyphy/ptII/ptolemy/domains/de/test/auto/ClockDrift.xml (RunModel)" time="0.027" />
  <testcase classname="ptolemy.util.test.junit.AutoTests" name="[10] /home/travis/build/icyphy/ptII/ptolemy/domains/de/test/auto/ClockDriftAndValueChange.xml (RunModel)" time="0.025" />
  <testcase classname="ptolemy.util.test.junit.AutoTests" name="[11] /home/travis/build/icyphy/ptII/ptolemy/domains/de/test/auto/ClockDriftChange.xml (RunModel)" time="0.02" />
  <testcase classname="ptolemy.util.test.junit.AutoTests" name="[12] /home/travis/build/icyphy/ptII/ptolemy/domains/de/test/auto/ComposableCausalityAnalysis.xml (RunModel)" time="0.016" />
  <testcase classname="ptolemy.util.test.junit.AutoTests" name="[13] /home/travis/build/icyphy/ptII/ptolemy/domains/de/test/auto/DEFixedPointLimitation.xml (RunModel)" time="0.008" />
  <testcase classname="ptolemy.util.test.junit.AutoTests" name="[14] /home/travis/build/icyphy/ptII/ptolemy/domains/de/test/auto/DEScheduleTest.xml (RunModel)" time="0.009" />
  <testcase classname="ptolemy.util.test.junit.AutoTests" name="[15] /home/travis/build/icyphy/ptII/ptolemy/domains/de/test/auto/DEinDEwithStartTimes.xml (RunModel)" time="0.01" />
  <testcase classname="ptolemy.util.test.junit.AutoTests" name="[16] /home/travis/build/icyphy/ptII/ptolemy/domains/de/test/auto/DEinDEwithStartTimes2.xml (RunModel)" time="0.013" />
  <testcase classname="ptolemy.util.test.junit.AutoTests" name="[17] /home/travis/build/icyphy/ptII/ptolemy/domains/de/test/auto/DateDemo.xml (RunModel)" time="0.021" />
  <testcase classname="ptolemy.util.test.junit.AutoTests" name="[18] /home/travis/build/icyphy/ptII/ptolemy/domains/de/test/auto/DateToEvent.xml (RunModel)" time="2.035" />
  <testcase classname="ptolemy.util.test.junit.AutoTests" name="[19] /home/travis/build/icyphy/ptII/ptolemy/domains/de/test/auto/DepthTest1.xml (RunModel)" time="0.007" />
  <testcase classname="ptolemy.util.test.junit.AutoTests" name="[20] /home/travis/build/icyphy/ptII/ptolemy/domains/de/test/auto/DepthTest2.xml (RunModel)" time="0.015" />
  <testcase classname="ptolemy.util.test.junit.AutoTests" name="[21] /home/travis/build/icyphy/ptII/ptolemy/domains/de/test/auto/DepthTest3.xml (RunModel)" time="0.006" />
  <testcase classname="ptolemy.util.test.junit.AutoTests" name="[22] /home/travis/build/icyphy/ptII/ptolemy/domains/de/test/auto/DepthTest4.xml (RunModel)" time="0.011" />
  <testcase classname="ptolemy.util.test.junit.AutoTests" name="[23] /home/travis/build/icyphy/ptII/ptolemy/domains/de/test/auto/DepthTest5.xml (RunModel)" time="0.012" />
  <testcase classname="ptolemy.util.test.junit.AutoTests" name="[24] /home/travis/build/icyphy/ptII/ptolemy/domains/de/test/auto/DepthTest6.xml (RunModel)" time="0.011" />
  <testcase classname="ptolemy.util.test.junit.AutoTests" name="[25] /home/travis/build/icyphy/ptII/ptolemy/domains/de/test/auto/DepthTest7.xml (RunModel)" time="0.01" />
  <testcase classname="ptolemy.util.test.junit.AutoTests" name="[26] /home/travis/build/icyphy/ptII/ptolemy/domains/de/test/auto/EventToDate.xml (RunModel)" time="3.027" />
  <testcase classname="ptolemy.util.test.junit.AutoTests" name="[27] /home/travis/build/icyphy/ptII/ptolemy/domains/de/test/auto/FSM1.xml (RunModel)" time="0.034" />
  <testcase classname="ptolemy.util.test.junit.AutoTests" name="[28] /home/travis/build/icyphy/ptII/ptolemy/domains/de/test/auto/FSM7.xml (RunModel)" time="0.038" />
  <testcase classname="ptolemy.util.test.junit.AutoTests" name="[29] /home/travis/build/icyphy/ptII/ptolemy/domains/de/test/auto/Inspection.xml (RunModel)" time="0.062" />
  <testcase classname="ptolemy.util.test.junit.AutoTests" name="[30] /home/travis/build/icyphy/ptII/ptolemy/domains/de/test/auto/Iteration.xml (RunModel)" time="0.024" />
  <testcase classname="ptolemy.util.test.junit.AutoTests" name="[31] /home/travis/build/icyphy/ptII/ptolemy/domains/de/test/auto/LineFault.xml (RunModel)" time="0.489" />
  <testcase classname="ptolemy.util.test.junit.AutoTests" name="[32] /home/travis/build/icyphy/ptII/ptolemy/domains/de/test/auto/MergeModel1Add.xml (RunModel)" time="0.042" />
  <testcase classname="ptolemy.util.test.junit.AutoTests" name="[33] /home/travis/build/icyphy/ptII/ptolemy/domains/de/test/auto/MergeModel2Add.xml (RunModel)" time="0.029" />
  <testcase classname="ptolemy.util.test.junit.AutoTests" name="[34] /home/travis/build/icyphy/ptII/ptolemy/domains/de/test/auto/MergeModel3Add.xml (RunModel)" time="0.035" />
  <testcase classname="ptolemy.util.test.junit.AutoTests" name="[35] /home/travis/build/icyphy/ptII/ptolemy/domains/de/test/auto/MergeWithoutDiscard.xml (RunModel)" time="0.009" />
  <testcase classname="ptolemy.util.test.junit.AutoTests" name="[36] /home/travis/build/icyphy/ptII/ptolemy/domains/de/test/auto/Modal1.xml (RunModel)" time="0.03" />
  <testcase classname="ptolemy.util.test.junit.AutoTests" name="[37] /home/travis/build/icyphy/ptII/ptolemy/domains/de/test/auto/Modal2.xml (RunModel)" time="0.027" />
  <testcase classname="ptolemy.util.test.junit.AutoTests" name="[38] /home/travis/build/icyphy/ptII/ptolemy/domains/de/test/auto/Modal3.xml (RunModel)" time="0.029" />
  <testcase classname="ptolemy.util.test.junit.AutoTests" name="[39] /home/travis/build/icyphy/ptII/ptolemy/domains/de/test/auto/Modal4.xml (RunModel)" time="0.038" />
  <testcase classname="ptolemy.util.test.junit.AutoTests" name="[40] /home/travis/build/icyphy/ptII/ptolemy/domains/de/test/auto/Modal5.xml (RunModel)" time="0.028" />
  <testcase classname="ptolemy.util.test.junit.AutoTests" name="[41] /home/travis/build/icyphy/ptII/ptolemy/domains/de/test/auto/Modal6.xml (RunModel)" time="0.02" />
  <testcase classname="ptolemy.util.test.junit.AutoTests" name="[42] /home/travis/build/icyphy/ptII/ptolemy/domains/de/test/auto/Modal7.xml (RunModel)" time="0.022" />
  <testcase classname="ptolemy.util.test.junit.AutoTests" name="[43] /home/travis/build/icyphy/ptII/ptolemy/domains/de/test/auto/ModalModel.xml (RunModel)" time="0.132" />
  <testcase classname="ptolemy.util.test.junit.AutoTests" name="[44] /home/travis/build/icyphy/ptII/ptolemy/domains/de/test/auto/ModalSource.xml (RunModel)" time="0.015" />
  <testcase classname="ptolemy.util.test.junit.AutoTests" name="[45] /home/travis/build/icyphy/ptII/ptolemy/domains/de/test/auto/NonInterruptibleTimerZeroDelay.xml (RunModel)" time="0.009" />
  <testcase classname="ptolemy.util.test.junit.AutoTests" name="[46] /home/travis/build/icyphy/ptII/ptolemy/domains/de/test/auto/OpenQueueingNetwork.xml (RunModel)" time="2.294" />
  <testcase classname="ptolemy.util.test.junit.AutoTests" name="[47] /home/travis/build/icyphy/ptII/ptolemy/domains/de/test/auto/OpenQueuingNetwork.xml (RunModel)" time="0.268" />
  <testcase classname="ptolemy.util.test.junit.AutoTests" name="[48] /home/travis/build/icyphy/ptII/ptolemy/domains/de/test/auto/PeriodicSampler.xml (RunModel)" time="0.007" />
  <testcase classname="ptolemy.util.test.junit.AutoTests" name="[49] /home/travis/build/icyphy/ptII/ptolemy/domains/de/test/auto/PersistentIO.xml (RunModel)" time="0.017" />
  <testcase classname="ptolemy.util.test.junit.AutoTests" name="[50] /home/travis/build/icyphy/ptII/ptolemy/domains/de/test/auto/PortParameterResetOnInitialize.xml (RunModel)" time="0.009" />
  <testcase classname="ptolemy.util.test.junit.AutoTests" name="[51] /home/travis/build/icyphy/ptII/ptolemy/domains/de/test/auto/PortParameterUpdates.xml (RunModel)" time="0.017" />
  <testcase classname="ptolemy.util.test.junit.AutoTests" name="[52] /home/travis/build/icyphy/ptII/ptolemy/domains/de/test/auto/QueueAndServer.xml (RunModel)" time="0.021" />
  <testcase classname="ptolemy.util.test.junit.AutoTests" name="[53] /home/travis/build/icyphy/ptII/ptolemy/domains/de/test/auto/Records.xml (RunModel)" time="0.017" />
  <testcase classname="ptolemy.util.test.junit.AutoTests" name="[54] /home/travis/build/icyphy/ptII/ptolemy/domains/de/test/auto/ResetTransitionWithStartTime1.xml (RunModel)" time="0.021" />
  <testcase classname="ptolemy.util.test.junit.AutoTests" name="[55] /home/travis/build/icyphy/ptII/ptolemy/domains/de/test/auto/ResetTransitionWithStartTime2.xml (RunModel)" time="0.016" />
  <testcase classname="ptolemy.util.test.junit.AutoTests" name="[56] /home/travis/build/icyphy/ptII/ptolemy/domains/de/test/auto/ResetTransitionWithStartTime3.xml (RunModel)" time="0.018" />
  <testcase classname="ptolemy.util.test.junit.AutoTests" name="[57] /home/travis/build/icyphy/ptII/ptolemy/domains/de/test/auto/ResetTransitionWithStartTime4.xml (RunModel)" time="0.016" />
  <testcase classname="ptolemy.util.test.junit.AutoTests" name="[58] /home/travis/build/icyphy/ptII/ptolemy/domains/de/test/auto/ResettableTimer1.xml (RunModel)" time="0.009" />
  <testcase classname="ptolemy.util.test.junit.AutoTests" name="[59] /home/travis/build/icyphy/ptII/ptolemy/domains/de/test/auto/ResettableTimer2.xml (RunModel)" time="0.009" />
  <testcase classname="ptolemy.util.test.junit.AutoTests" name="[60] /home/travis/build/icyphy/ptII/ptolemy/domains/de/test/auto/ResettableTimer3.xml (RunModel)" time="0.009" />
  <testcase classname="ptolemy.util.test.junit.AutoTests" name="[61] /home/travis/build/icyphy/ptII/ptolemy/domains/de/test/auto/ResettableTimer4.xml (RunModel)" time="0.011" />
  <testcase classname="ptolemy.util.test.junit.AutoTests" name="[62] /home/travis/build/icyphy/ptII/ptolemy/domains/de/test/auto/ResettableTimer5.xml (RunModel)" time="0.01" />
  <testcase classname="ptolemy.util.test.junit.AutoTests" name="[63] /home/travis/build/icyphy/ptII/ptolemy/domains/de/test/auto/ResettableTimer6.xml (RunModel)" time="0.019" />
  <testcase classname="ptolemy.util.test.junit.AutoTests" name="[64] /home/travis/build/icyphy/ptII/ptolemy/domains/de/test/auto/ServerZeroDelay.xml (RunModel)" time="0.011" />
  <testcase classname="ptolemy.util.test.junit.AutoTests" name="[65] /home/travis/build/icyphy/ptII/ptolemy/domains/de/test/auto/SmartSender.xml (RunModel)" time="3.009" />
  <testcase classname="ptolemy.util.test.junit.AutoTests" name="[66] /home/travis/build/icyphy/ptII/ptolemy/domains/de/test/auto/ThreadedComposite.xml (RunModel)" time="0.13" />
  <testcase classname="ptolemy.util.test.junit.AutoTests" name="[67] /home/travis/build/icyphy/ptII/ptolemy/domains/de/test/auto/Time.xml (RunModel)" time="0.431" />
  <testcase classname="ptolemy.util.test.junit.AutoTests" name="[68] /home/travis/build/icyphy/ptII/ptolemy/domains/de/test/auto/TimeDelayZeroDelay.xml (RunModel)" time="0.012" />
  <testcase classname="ptolemy.util.test.junit.AutoTests" name="[69] /home/travis/build/icyphy/ptII/ptolemy/domains/de/test/auto/TimerZeroDelay.xml (RunModel)" time="0.009" />
  <testcase classname="ptolemy.util.test.junit.AutoTests" name="[70] /home/travis/build/icyphy/ptII/ptolemy/domains/de/test/auto/TimingParadox.xml (RunModel)" time="0.342" />
  <testcase classname="ptolemy.util.test.junit.AutoTests" name="[71] /home/travis/build/icyphy/ptII/ptolemy/domains/de/test/auto/TransferInputs.xml (RunModel)" time="0.008" />
  <testcase classname="ptolemy.util.test.junit.AutoTests" name="[72] /home/travis/build/icyphy/ptII/ptolemy/domains/de/test/auto/TransferOutputs2.xml (RunModel)" time="0.014" />
  <testcase classname="ptolemy.util.test.junit.AutoTests" name="[73] /home/travis/build/icyphy/ptII/ptolemy/domains/de/test/auto/Trilateration.xml (RunModel)" time="11.557" />
  <testcase classname="ptolemy.util.test.junit.AutoTests" name="[74] /home/travis/build/icyphy/ptII/ptolemy/domains/de/test/auto/TwoSigmaDelta.xml (RunModel)" time="2.185" />
  <testcase classname="ptolemy.util.test.junit.AutoTests" name="[75] /home/travis/build/icyphy/ptII/ptolemy/domains/de/test/auto/VariableDelay.xml (RunModel)" time="0.014" />
  <testcase classname="ptolemy.util.test.junit.AutoTests" name="[76] /home/travis/build/icyphy/ptII/ptolemy/domains/de/test/auto/VariableDelay2.xml (RunModel)" time="0.008" />
  <testcase classname="ptolemy.util.test.junit.AutoTests" name="[77] /home/travis/build/icyphy/ptII/ptolemy/domains/de/test/auto/VariableDelayZeroDelay.xml (RunModel)" time="0.013" />
  <testcase classname="ptolemy.util.test.junit.AutoTests" name="[78] /home/travis/build/icyphy/ptII/ptolemy/domains/de/test/auto/VariableDelayZeroDelay2.xml (RunModel)" time="0.017" />
  <testcase classname="ptolemy.util.test.junit.AutoTests" name="[79] /home/travis/build/icyphy/ptII/ptolemy/domains/de/test/auto/deInCt.xml (RunModel)" time="0.013" />
  <testcase classname="ptolemy.util.test.junit.AutoTests" name="[80] /home/travis/build/icyphy/ptII/ptolemy/domains/de/test/auto/deInCt2.xml (RunModel)" time="0.013" />
  <testcase classname="ptolemy.util.test.junit.AutoTests" name="[81] /home/travis/build/icyphy/ptII/ptolemy/domains/de/test/auto/dynamicCausalityInterface1.xml (RunModel)" time="0.02" />
  <testcase classname="ptolemy.util.test.junit.AutoTests" name="[82] /home/travis/build/icyphy/ptII/ptolemy/domains/de/test/auto/fsm_de_test.xml (RunModel)" time="0.027" />
  <testcase classname="ptolemy.util.test.junit.AutoTests" name="[83] /home/travis/build/icyphy/ptII/ptolemy/domains/de/test/auto/functionDependencyReconstruction.xml (RunModel)" time="0.031" />
  <testcase classname="ptolemy.util.test.junit.AutoTests" name="[84] /home/travis/build/icyphy/ptII/ptolemy/domains/de/test/auto/multirate.xml (RunModel)" time="0.017" />
  <testcase classname="ptolemy.util.test.junit.AutoTests" name="[85] /home/travis/build/icyphy/ptII/ptolemy/domains/de/test/auto/multirate2.xml (RunModel)" time="0.019" />
  <testcase classname="ptolemy.util.test.junit.AutoTests" name="[86] /home/travis/build/icyphy/ptII/ptolemy/domains/de/test/auto/realtime.xml (RunModel)" time="10.013" />
  <testcase classname="ptolemy.util.test.junit.AutoTests" name="[87] /home/travis/build/icyphy/ptII/ptolemy/domains/de/test/auto/relationGroup.xml (RunModel)" time="0.007" />
  <testcase classname="ptolemy.util.test.junit.AutoTests" name="[88] /home/travis/build/icyphy/ptII/ptolemy/domains/de/test/auto/relationGroup2.xml (RunModel)" time="0.007" />
  <testcase classname="ptolemy.util.test.junit.AutoTests" name="[89] /home/travis/build/icyphy/ptII/ptolemy/domains/de/test/auto/sortWithOpaquePorts.xml (RunModel)" time="0.008" />
  <testcase classname="ptolemy.util.test.junit.AutoTests" name="[90] /home/travis/build/icyphy/ptII/ptolemy/domains/de/test/auto/transferInputsandOutputs.xml (RunModel)" time="0.013" />
  <testcase classname="ptolemy.util.test.junit.AutoTests" name="[91] /home/travis/build/icyphy/ptII/ptolemy/domains/de/test/auto/triggerType.xml (RunModel)" time="0.008" />
  <system-out><![CDATA[/home/travis/build/icyphy/ptII/ptolemy/domains/de/test/DependencyLoop.tcl
testDefs.tcl: setting time out to 9000 seconds at Sat Dec 29 03:11:00 UTC 2018
15 ms. Memory: 116224K Free: 93519K (80%)
6 ms. Memory: 146944K Free: 135035K (92%)
/home/travis/build/icyphy/ptII/ptolemy/domains/de/test/RunDETestsAsQSS.tcl
Run the DE tests using ptolemy.domains.qss.test.QSSDirectorTest, which extends QSSDirector and prints a message in the constructors.
------------------ testing $PTII/ptolemy/domains/de/test/auto/knownFailedTests/dependencyLoop.xml (Known Failure) 
10 ms. Memory: 146944K Free: 131923K (90%)


==== $PTIIhome/travis/build/icyphy/ptII/ptolemy/domains/de/test/../../../../: Auto Automatic test in file $PTII/ptolemy/domains/de/test/auto/knownFailedTests/dependencyLoop.xml
==== Contents of test case:

	    # FIXME: we should use $relativeFilename here, but it
	    # might have backslashes under Windows, which causes no end
	    # of trouble.
	    createAndExecute $file
	    list {}
	
.... Test generated KNOWN error:
    while executing
ptolemy.kernel.util.IllegalActionException: Found a zero delay loop containing .dependencyLoop.original
  in .dependencyLoop and .dependencyLoop.original
	at ptolemy.actor.util.CausalityInterfaceForComposites._computeOutputPortDepth(CausalityInterfaceForComposites.java:759)
	at ptolemy.actor.util.CausalityInterfaceForComposites._computeInputDepth(CausalityInterfaceForComposites.java:696)
	at ptolemy.actor.util.CausalityInterfaceForComposites._computeOutputPortDepth(CausalityInterfaceForComposites.java:765)
	at ptolemy.actor.util.CausalityInterfaceForComposites._computeInputDepth(CausalityInterfaceForComposites.java:696)
	at ptolemy.actor.util.CausalityInterfaceForComposites._computeOutputPortDepth(CausalityInterfaceForComposites.java:765)
	at ptolemy.actor.util.CausalityInterfaceForComposites._computeInputDepth(CausalityInterfaceForComposites.java:696)
	at ptolemy.actor.util.CausalityInterfaceForComposites._computeActorDepth(CausalityInterfaceForComposites.java:532)
	at ptolemy.actor.util.CausalityInterfaceForComposites.checkForCycles(CausalityInterfaceForComposites.java:96)
	at ptolemy.domains.de.kernel.DEDirector.preinitialize(DEDirector.java:1338)
	at ptolemy.actor.CompositeActor.preinitialize(CompositeActor.java:1828)
	at ptolemy.actor.Manager.preinitializeAndResolveTypes(Manager.java:1040)
	at ptolemy.actor.Manager.initialize(Manager.java:710)
	at ptolemy.actor.Manager.execute(Manager.java:356)
	at ptolemy.actor.Manager.run(Manager.java:1263)
	at ptolemy.actor.Manager$PtolemyRunThread.run(Manager.java:1915)

    while executing
ptolemy.kernel.util.IllegalActionException: Found a zero delay loop containing .dependencyLoop.original
  in .dependencyLoop and .dependencyLoop.original
    while executing
"java::new ptolemy.moml.MoMLSimpleApplication $file
"
    (procedure "createAndExecute" line 2)
    invoked from within
"createAndExecute $file"
    ("uplevel" body line 5)
    invoked from within
"uplevel $contents_of_test"
------------------ testing $PTII/ptolemy/domains/de/test/auto/knownFailedTests/DESDFClockTest.xml (Known Failure) 
2054 ms. Memory: 146944K Free: 116545K (79%)


==== $PTIIhome/travis/build/icyphy/ptII/ptolemy/domains/de/test/../../../../: Auto Automatic test in file $PTII/ptolemy/domains/de/test/auto/knownFailedTests/DESDFClockTest.xml
==== Contents of test case:

	    # FIXME: we should use $relativeFilename here, but it
	    # might have backslashes under Windows, which causes no end
	    # of trouble.
	    createAndExecute $file
	    list {}
	
.... Test generated KNOWN error:
    while executing
ptolemy.kernel.util.IllegalActionException: Actor is not ready to fire.  Perhaps UpSample.prefire() returned false? Try debugging the actor by selecting "Listen to Actor".  Also, for SDF check moml for tokenConsumptionRate on input.
  in .DESDFClockTest.Play Bell.Copy1:SDF Director and .DESDFClockTest.Play Bell.UpSample
	at ptolemy.actor.sched.StaticSchedulingDirector.fire(StaticSchedulingDirector.java:227)
	at ptolemy.domains.sdf.kernel.SDFDirector.fire(SDFDirector.java:500)
	at ptolemy.actor.CompositeActor.fire(CompositeActor.java:455)
	at ptolemy.domains.de.kernel.DEDirector._fire(DEDirector.java:1949)
	at ptolemy.domains.de.kernel.DEDirector.fire(DEDirector.java:502)
	at ptolemy.actor.CompositeActor.fire(CompositeActor.java:455)
	at ptolemy.actor.Manager.iterate(Manager.java:851)
	at ptolemy.actor.Manager.execute(Manager.java:369)
	at ptolemy.actor.Manager.run(Manager.java:1263)
	at ptolemy.actor.Manager$PtolemyRunThread.run(Manager.java:1915)

    while executing
ptolemy.kernel.util.IllegalActionException: Actor is not ready to fire.  Perhaps UpSample.prefire() returned false? Try debugging the actor by selecting "Listen to Actor".  Also, for SDF check moml for tokenConsumptionRate on input.
  in .DESDFClockTest.Play Bell.Copy1:SDF Director and .DESDFClockTest.Play Bell.UpSample
    while executing
"java::new ptolemy.moml.MoMLSimpleApplication $file
"
    (procedure "createAndExecute" line 2)
    invoked from within
"createAndExecute $file"
    ("uplevel" body line 5)
    invoked from within
"uplevel $contents_of_test"
------------------ testing $PTII/ptolemy/domains/de/test/auto/knownFailedTests/FSMSource.xml (Known Failure) 
36 ms. Memory: 146944K Free: 107611K (73%)
!!!! Auto was marked as failing, but now passes
------------------ testing $PTII/ptolemy/domains/de/test/auto/knownFailedTests/dependencyLoop2.xml (Known Failure) 
13 ms. Memory: 146944K Free: 105727K (72%)


==== $PTIIhome/travis/build/icyphy/ptII/ptolemy/domains/de/test/../../../../: Auto Automatic test in file $PTII/ptolemy/domains/de/test/auto/knownFailedTests/dependencyLoop2.xml
==== Contents of test case:

	    # FIXME: we should use $relativeFilename here, but it
	    # might have backslashes under Windows, which causes no end
	    # of trouble.
	    createAndExecute $file
	    list {}
	
.... Test generated KNOWN error:
    while executing
ptolemy.kernel.util.IllegalActionException: Found a zero delay loop containing .dependencyLoop2.original
  in .dependencyLoop2 and .dependencyLoop2.original
	at ptolemy.actor.util.CausalityInterfaceForComposites._computeOutputPortDepth(CausalityInterfaceForComposites.java:759)
	at ptolemy.actor.util.CausalityInterfaceForComposites._computeInputDepth(CausalityInterfaceForComposites.java:696)
	at ptolemy.actor.util.CausalityInterfaceForComposites._computeOutputPortDepth(CausalityInterfaceForComposites.java:765)
	at ptolemy.actor.util.CausalityInterfaceForComposites._computeInputDepth(CausalityInterfaceForComposites.java:696)
	at ptolemy.actor.util.CausalityInterfaceForComposites._computeOutputPortDepth(CausalityInterfaceForComposites.java:765)
	at ptolemy.actor.util.CausalityInterfaceForComposites._computeInputDepth(CausalityInterfaceForComposites.java:696)
	at ptolemy.actor.util.CausalityInterfaceForComposites._computeActorDepth(CausalityInterfaceForComposites.java:532)
	at ptolemy.actor.util.CausalityInterfaceForComposites.checkForCycles(CausalityInterfaceForComposites.java:96)
	at ptolemy.domains.de.kernel.DEDirector.preinitialize(DEDirector.java:1338)
	at ptolemy.actor.CompositeActor.preinitialize(CompositeActor.java:1828)
	at ptolemy.actor.Manager.preinitializeAndResolveTypes(Manager.java:1040)
	at ptolemy.actor.Manager.initialize(Manager.java:710)
	at ptolemy.actor.Manager.execute(Manager.java:356)
	at ptolemy.actor.Manager.run(Manager.java:1263)
	at ptolemy.actor.Manager$PtolemyRunThread.run(Manager.java:1915)

    while executing
ptolemy.kernel.util.IllegalActionException: Found a zero delay loop containing .dependencyLoop2.original
  in .dependencyLoop2 and .dependencyLoop2.original
    while executing
"java::new ptolemy.moml.MoMLSimpleApplication $file
"
    (procedure "createAndExecute" line 2)
    invoked from within
"createAndExecute $file"
    ("uplevel" body line 5)
    invoked from within
"uplevel $contents_of_test"
------------------ testing $PTII/ptolemy/domains/de/test/auto/knownFailedTests/HierarchicalModel.xml (Known Failure) 
12 ms. Memory: 146944K Free: 84179K (57%)


==== $PTIIhome/travis/build/icyphy/ptII/ptolemy/domains/de/test/../../../../: Auto Automatic test in file $PTII/ptolemy/domains/de/test/auto/knownFailedTests/HierarchicalModel.xml
==== Contents of test case:

	    # FIXME: we should use $relativeFilename here, but it
	    # might have backslashes under Windows, which causes no end
	    # of trouble.
	    createAndExecute $file
	    list {}
	
.... Test generated KNOWN error:
    while executing
ptolemy.kernel.util.IllegalActionException: Found a zero delay loop containing .HierarchicalModel.A
  in .HierarchicalModel and .HierarchicalModel.A
	at ptolemy.actor.util.CausalityInterfaceForComposites._computeOutputPortDepth(CausalityInterfaceForComposites.java:759)
	at ptolemy.actor.util.CausalityInterfaceForComposites._computeInputDepth(CausalityInterfaceForComposites.java:696)
	at ptolemy.actor.util.CausalityInterfaceForComposites._computeOutputPortDepth(CausalityInterfaceForComposites.java:765)
	at ptolemy.actor.util.CausalityInterfaceForComposites._computeInputDepth(CausalityInterfaceForComposites.java:696)
	at ptolemy.actor.util.CausalityInterfaceForComposites._computeOutputPortDepth(CausalityInterfaceForComposites.java:765)
	at ptolemy.actor.util.CausalityInterfaceForComposites._computeInputDepth(CausalityInterfaceForComposites.java:696)
	at ptolemy.actor.util.CausalityInterfaceForComposites._computeActorDepth(CausalityInterfaceForComposites.java:532)
	at ptolemy.actor.util.CausalityInterfaceForComposites.checkForCycles(CausalityInterfaceForComposites.java:96)
	at ptolemy.domains.de.kernel.DEDirector.preinitialize(DEDirector.java:1338)
	at ptolemy.actor.CompositeActor.preinitialize(CompositeActor.java:1828)
	at ptolemy.actor.Manager.preinitializeAndResolveTypes(Manager.java:1040)
	at ptolemy.actor.Manager.initialize(Manager.java:710)
	at ptolemy.actor.Manager.execute(Manager.java:356)
	at ptolemy.actor.Manager.run(Manager.java:1263)
	at ptolemy.actor.Manager$PtolemyRunThread.run(Manager.java:1915)

    while executing
ptolemy.kernel.util.IllegalActionException: Found a zero delay loop containing .HierarchicalModel.A
  in .HierarchicalModel and .HierarchicalModel.A
    while executing
"java::new ptolemy.moml.MoMLSimpleApplication $file
"
    (procedure "createAndExecute" line 2)
    invoked from within
"createAndExecute $file"
    ("uplevel" body line 5)
    invoked from within
"uplevel $contents_of_test"
------------------ testing $PTII/ptolemy/domains/de/test/auto/knownFailedTests/DirectFeedback.xml (Known Failure) 
3 ms. Memory: 146944K Free: 141393K (96%)


==== $PTIIhome/travis/build/icyphy/ptII/ptolemy/domains/de/test/../../../../: Auto Automatic test in file $PTII/ptolemy/domains/de/test/auto/knownFailedTests/DirectFeedback.xml
==== Contents of test case:

	    # FIXME: we should use $relativeFilename here, but it
	    # might have backslashes under Windows, which causes no end
	    # of trouble.
	    createAndExecute $file
	    list {}
	
.... Test generated KNOWN error:
    while executing
ptolemy.kernel.util.IllegalActionException: Test fails in iteration 1.
Value was: 1.0. Should have been: 2.0
  in .DirectFeedback.Test
	at ptolemy.actor.lib.Test.fire(Test.java:268)
	at ptolemy.domains.de.kernel.DEDirector._fire(DEDirector.java:1949)
	at ptolemy.domains.de.kernel.DEDirector.fire(DEDirector.java:502)
	at ptolemy.actor.CompositeActor.fire(CompositeActor.java:455)
	at ptolemy.actor.Manager.iterate(Manager.java:851)
	at ptolemy.actor.Manager.execute(Manager.java:369)
	at ptolemy.actor.Manager.run(Manager.java:1263)
	at ptolemy.actor.Manager$PtolemyRunThread.run(Manager.java:1915)

    while executing
ptolemy.kernel.util.IllegalActionException: Test fails in iteration 1.
Value was: 1.0. Should have been: 2.0
  in .DirectFeedback.Test
    while executing
"java::new ptolemy.moml.MoMLSimpleApplication $file
"
    (procedure "createAndExecute" line 2)
    invoked from within
"createAndExecute $file"
    ("uplevel" body line 5)
    invoked from within
"uplevel $contents_of_test"
------------------ testing $PTII/ptolemy/domains/de/test/auto/ActorDepthCalculation_actorWithoutPorts.xml
auto.tcl: Setting watchdog for 200 seconds at Sat Dec 29 03:11:03 UTC 2018
7 ms. Memory: 146944K Free: 132424K (90%)
ptolemy.util.test.WatchDog.cancel(): canceling Sat Dec 29 03:11:03 UTC 2018
auto.tcl: Setting watchdog for 200 seconds at Sat Dec 29 03:11:03 UTC 2018
4 ms. Memory: 146944K Free: 131383K (89%)
ptolemy.util.test.WatchDog.cancel(): canceling Sat Dec 29 03:11:03 UTC 2018
------------------ testing $PTII/ptolemy/domains/de/test/auto/AssemblyLine.xml
auto.tcl: Setting watchdog for 200 seconds at Sat Dec 29 03:11:04 UTC 2018
11 ms. Memory: 208384K Free: 182818K (88%)
ptolemy.util.test.WatchDog.cancel(): canceling Sat Dec 29 03:11:04 UTC 2018
auto.tcl: Setting watchdog for 200 seconds at Sat Dec 29 03:11:04 UTC 2018
6 ms. Memory: 208384K Free: 182818K (88%)
ptolemy.util.test.WatchDog.cancel(): canceling Sat Dec 29 03:11:04 UTC 2018
------------------ testing $PTII/ptolemy/domains/de/test/auto/CQBug1.xml
auto.tcl: Setting watchdog for 200 seconds at Sat Dec 29 03:11:04 UTC 2018
4 ms. Memory: 208384K Free: 197698K (95%)
ptolemy.util.test.WatchDog.cancel(): canceling Sat Dec 29 03:11:04 UTC 2018
auto.tcl: Setting watchdog for 200 seconds at Sat Dec 29 03:11:04 UTC 2018
2 ms. Memory: 208384K Free: 197698K (95%)
ptolemy.util.test.WatchDog.cancel(): canceling Sat Dec 29 03:11:04 UTC 2018
------------------ testing $PTII/ptolemy/domains/de/test/auto/CancelFireAt.xml
auto.tcl: Setting watchdog for 200 seconds at Sat Dec 29 03:11:04 UTC 2018
3 ms. Memory: 208384K Free: 201422K (97%)
ptolemy.util.test.WatchDog.cancel(): canceling Sat Dec 29 03:11:04 UTC 2018
auto.tcl: Setting watchdog for 200 seconds at Sat Dec 29 03:11:04 UTC 2018
2 ms. Memory: 208384K Free: 199319K (96%)
ptolemy.util.test.WatchDog.cancel(): canceling Sat Dec 29 03:11:04 UTC 2018
------------------ testing $PTII/ptolemy/domains/de/test/auto/CausalityAndComposabilityAnalysis.xml
auto.tcl: Setting watchdog for 200 seconds at Sat Dec 29 03:11:04 UTC 2018
8 ms. Memory: 208384K Free: 196476K (94%)
ptolemy.util.test.WatchDog.cancel(): canceling Sat Dec 29 03:11:04 UTC 2018
auto.tcl: Setting watchdog for 200 seconds at Sat Dec 29 03:11:04 UTC 2018
5 ms. Memory: 208384K Free: 196476K (94%)
ptolemy.util.test.WatchDog.cancel(): canceling Sat Dec 29 03:11:04 UTC 2018
------------------ testing $PTII/ptolemy/domains/de/test/auto/CausalityInterface1.xml
auto.tcl: Setting watchdog for 200 seconds at Sat Dec 29 03:11:04 UTC 2018
17 ms. Memory: 208384K Free: 196414K (94%)
ptolemy.util.test.WatchDog.cancel(): canceling Sat Dec 29 03:11:04 UTC 2018
auto.tcl: Setting watchdog for 200 seconds at Sat Dec 29 03:11:04 UTC 2018
4 ms. Memory: 208384K Free: 196414K (94%)
ptolemy.util.test.WatchDog.cancel(): canceling Sat Dec 29 03:11:04 UTC 2018
------------------ testing $PTII/ptolemy/domains/de/test/auto/CausalityInterface15.xml
auto.tcl: Setting watchdog for 200 seconds at Sat Dec 29 03:11:04 UTC 2018
11 ms. Memory: 208384K Free: 196404K (94%)
ptolemy.util.test.WatchDog.cancel(): canceling Sat Dec 29 03:11:04 UTC 2018
auto.tcl: Setting watchdog for 200 seconds at Sat Dec 29 03:11:04 UTC 2018
5 ms. Memory: 208384K Free: 196404K (94%)
ptolemy.util.test.WatchDog.cancel(): canceling Sat Dec 29 03:11:04 UTC 2018
------------------ testing $PTII/ptolemy/domains/de/test/auto/CausalityInterface2.xml
auto.tcl: Setting watchdog for 200 seconds at Sat Dec 29 03:11:04 UTC 2018
7 ms. Memory: 208384K Free: 196388K (94%)
ptolemy.util.test.WatchDog.cancel(): canceling Sat Dec 29 03:11:04 UTC 2018
auto.tcl: Setting watchdog for 200 seconds at Sat Dec 29 03:11:04 UTC 2018
3 ms. Memory: 208384K Free: 196388K (94%)
ptolemy.util.test.WatchDog.cancel(): canceling Sat Dec 29 03:11:04 UTC 2018
------------------ testing $PTII/ptolemy/domains/de/test/auto/CausalityInterface3.xml
auto.tcl: Setting watchdog for 200 seconds at Sat Dec 29 03:11:04 UTC 2018
6 ms. Memory: 208384K Free: 196401K (94%)
ptolemy.util.test.WatchDog.cancel(): canceling Sat Dec 29 03:11:04 UTC 2018
auto.tcl: Setting watchdog for 200 seconds at Sat Dec 29 03:11:04 UTC 2018
3 ms. Memory: 208384K Free: 196401K (94%)
ptolemy.util.test.WatchDog.cancel(): canceling Sat Dec 29 03:11:04 UTC 2018
------------------ testing $PTII/ptolemy/domains/de/test/auto/ClockDrift.xml
auto.tcl: Setting watchdog for 200 seconds at Sat Dec 29 03:11:05 UTC 2018
92 ms. Memory: 208384K Free: 187625K (90%)
ptolemy.util.test.WatchDog.cancel(): canceling Sat Dec 29 03:11:05 UTC 2018
auto.tcl: Setting watchdog for 200 seconds at Sat Dec 29 03:11:05 UTC 2018
58 ms. Memory: 208384K Free: 185522K (89%)
ptolemy.util.test.WatchDog.cancel(): canceling Sat Dec 29 03:11:05 UTC 2018
------------------ testing $PTII/ptolemy/domains/de/test/auto/ClockDriftAndValueChange.xml
auto.tcl: Setting watchdog for 200 seconds at Sat Dec 29 03:11:05 UTC 2018
40 ms. Memory: 208384K Free: 187453K (90%)
ptolemy.util.test.WatchDog.cancel(): canceling Sat Dec 29 03:11:05 UTC 2018
auto.tcl: Setting watchdog for 200 seconds at Sat Dec 29 03:11:05 UTC 2018
23 ms. Memory: 208384K Free: 185351K (89%)
ptolemy.util.test.WatchDog.cancel(): canceling Sat Dec 29 03:11:05 UTC 2018
------------------ testing $PTII/ptolemy/domains/de/test/auto/ClockDriftChange.xml
auto.tcl: Setting watchdog for 200 seconds at Sat Dec 29 03:11:05 UTC 2018
20 ms. Memory: 208384K Free: 190784K (92%)
ptolemy.util.test.WatchDog.cancel(): canceling Sat Dec 29 03:11:05 UTC 2018
auto.tcl: Setting watchdog for 200 seconds at Sat Dec 29 03:11:05 UTC 2018
23 ms. Memory: 208384K Free: 188681K (91%)
ptolemy.util.test.WatchDog.cancel(): canceling Sat Dec 29 03:11:05 UTC 2018
------------------ testing $PTII/ptolemy/domains/de/test/auto/ComposableCausalityAnalysis.xml
auto.tcl: Setting watchdog for 200 seconds at Sat Dec 29 03:11:05 UTC 2018
2 ms. Memory: 208384K Free: 196255K (94%)
ptolemy.util.test.WatchDog.cancel(): canceling Sat Dec 29 03:11:05 UTC 2018
auto.tcl: Setting watchdog for 200 seconds at Sat Dec 29 03:11:05 UTC 2018
1 ms. Memory: 208384K Free: 194152K (93%)
ptolemy.util.test.WatchDog.cancel(): canceling Sat Dec 29 03:11:05 UTC 2018
------------------ testing $PTII/ptolemy/domains/de/test/auto/DEFixedPointLimitation.xml
auto.tcl: Setting watchdog for 200 seconds at Sat Dec 29 03:11:05 UTC 2018
2 ms. Memory: 208384K Free: 196335K (94%)
ptolemy.util.test.WatchDog.cancel(): canceling Sat Dec 29 03:11:05 UTC 2018
auto.tcl: Setting watchdog for 200 seconds at Sat Dec 29 03:11:05 UTC 2018
1 ms. Memory: 208384K Free: 196335K (94%)
ptolemy.util.test.WatchDog.cancel(): canceling Sat Dec 29 03:11:05 UTC 2018
------------------ testing $PTII/ptolemy/domains/de/test/auto/DEScheduleTest.xml
auto.tcl: Setting watchdog for 200 seconds at Sat Dec 29 03:11:05 UTC 2018
6 ms. Memory: 208384K Free: 198474K (95%)
ptolemy.util.test.WatchDog.cancel(): canceling Sat Dec 29 03:11:05 UTC 2018
auto.tcl: Setting watchdog for 200 seconds at Sat Dec 29 03:11:05 UTC 2018
3 ms. Memory: 208384K Free: 196371K (94%)
ptolemy.util.test.WatchDog.cancel(): canceling Sat Dec 29 03:11:05 UTC 2018
------------------ testing $PTII/ptolemy/domains/de/test/auto/DEinDEwithStartTimes.xml
auto.tcl: Setting watchdog for 200 seconds at Sat Dec 29 03:11:05 UTC 2018
6 ms. Memory: 208384K Free: 196341K (94%)
ptolemy.util.test.WatchDog.cancel(): canceling Sat Dec 29 03:11:05 UTC 2018
auto.tcl: Setting watchdog for 200 seconds at Sat Dec 29 03:11:05 UTC 2018
3 ms. Memory: 208384K Free: 194238K (93%)
ptolemy.util.test.WatchDog.cancel(): canceling Sat Dec 29 03:11:05 UTC 2018
------------------ testing $PTII/ptolemy/domains/de/test/auto/DEinDEwithStartTimes2.xml
auto.tcl: Setting watchdog for 200 seconds at Sat Dec 29 03:11:05 UTC 2018
5 ms. Memory: 208384K Free: 196320K (94%)
ptolemy.util.test.WatchDog.cancel(): canceling Sat Dec 29 03:11:05 UTC 2018
auto.tcl: Setting watchdog for 200 seconds at Sat Dec 29 03:11:05 UTC 2018
4 ms. Memory: 208384K Free: 194217K (93%)
ptolemy.util.test.WatchDog.cancel(): canceling Sat Dec 29 03:11:05 UTC 2018
------------------ testing $PTII/ptolemy/domains/de/test/auto/DateDemo.xml
auto.tcl: Setting watchdog for 200 seconds at Sat Dec 29 03:11:06 UTC 2018
12 ms. Memory: 208384K Free: 188750K (91%)
ptolemy.util.test.WatchDog.cancel(): canceling Sat Dec 29 03:11:06 UTC 2018
auto.tcl: Setting watchdog for 200 seconds at Sat Dec 29 03:11:06 UTC 2018
7 ms. Memory: 208384K Free: 186647K (90%)
ptolemy.util.test.WatchDog.cancel(): canceling Sat Dec 29 03:11:06 UTC 2018
------------------ testing $PTII/ptolemy/domains/de/test/auto/DateToEvent.xml
auto.tcl: Setting watchdog for 200 seconds at Sat Dec 29 03:11:06 UTC 2018
2018 ms. Memory: 208384K Free: 180998K (87%)
ptolemy.util.test.WatchDog.cancel(): canceling Sat Dec 29 03:11:08 UTC 2018
auto.tcl: Setting watchdog for 200 seconds at Sat Dec 29 03:11:08 UTC 2018
2005 ms. Memory: 208384K Free: 180998K (87%)
ptolemy.util.test.WatchDog.cancel(): canceling Sat Dec 29 03:11:10 UTC 2018
------------------ testing $PTII/ptolemy/domains/de/test/auto/DepthTest1.xml
auto.tcl: Setting watchdog for 200 seconds at Sat Dec 29 03:11:10 UTC 2018
3 ms. Memory: 208384K Free: 198341K (95%)
ptolemy.util.test.WatchDog.cancel(): canceling Sat Dec 29 03:11:10 UTC 2018
auto.tcl: Setting watchdog for 200 seconds at Sat Dec 29 03:11:10 UTC 2018
4 ms. Memory: 208384K Free: 198341K (95%)
ptolemy.util.test.WatchDog.cancel(): canceling Sat Dec 29 03:11:10 UTC 2018
------------------ testing $PTII/ptolemy/domains/de/test/auto/DepthTest2.xml
auto.tcl: Setting watchdog for 200 seconds at Sat Dec 29 03:11:10 UTC 2018
3 ms. Memory: 208384K Free: 194199K (93%)
ptolemy.util.test.WatchDog.cancel(): canceling Sat Dec 29 03:11:10 UTC 2018
auto.tcl: Setting watchdog for 200 seconds at Sat Dec 29 03:11:10 UTC 2018
6 ms. Memory: 208384K Free: 194199K (93%)
ptolemy.util.test.WatchDog.cancel(): canceling Sat Dec 29 03:11:10 UTC 2018
------------------ testing $PTII/ptolemy/domains/de/test/auto/DepthTest3.xml
auto.tcl: Setting watchdog for 200 seconds at Sat Dec 29 03:11:10 UTC 2018
2 ms. Memory: 208384K Free: 198338K (95%)
ptolemy.util.test.WatchDog.cancel(): canceling Sat Dec 29 03:11:10 UTC 2018
auto.tcl: Setting watchdog for 200 seconds at Sat Dec 29 03:11:10 UTC 2018
1 ms. Memory: 208384K Free: 198338K (95%)
ptolemy.util.test.WatchDog.cancel(): canceling Sat Dec 29 03:11:10 UTC 2018
------------------ testing $PTII/ptolemy/domains/de/test/auto/DepthTest4.xml
auto.tcl: Setting watchdog for 200 seconds at Sat Dec 29 03:11:10 UTC 2018
5 ms. Memory: 208384K Free: 196321K (94%)
ptolemy.util.test.WatchDog.cancel(): canceling Sat Dec 29 03:11:10 UTC 2018
auto.tcl: Setting watchdog for 200 seconds at Sat Dec 29 03:11:10 UTC 2018
2 ms. Memory: 208384K Free: 196321K (94%)
ptolemy.util.test.WatchDog.cancel(): canceling Sat Dec 29 03:11:10 UTC 2018
------------------ testing $PTII/ptolemy/domains/de/test/auto/DepthTest5.xml
auto.tcl: Setting watchdog for 200 seconds at Sat Dec 29 03:11:10 UTC 2018
4 ms. Memory: 208384K Free: 196607K (94%)
ptolemy.util.test.WatchDog.cancel(): canceling Sat Dec 29 03:11:10 UTC 2018
auto.tcl: Setting watchdog for 200 seconds at Sat Dec 29 03:11:10 UTC 2018
2 ms. Memory: 208384K Free: 196607K (94%)
ptolemy.util.test.WatchDog.cancel(): canceling Sat Dec 29 03:11:10 UTC 2018
------------------ testing $PTII/ptolemy/domains/de/test/auto/DepthTest6.xml
auto.tcl: Setting watchdog for 200 seconds at Sat Dec 29 03:11:10 UTC 2018
8 ms. Memory: 208384K Free: 196245K (94%)
ptolemy.util.test.WatchDog.cancel(): canceling Sat Dec 29 03:11:10 UTC 2018
auto.tcl: Setting watchdog for 200 seconds at Sat Dec 29 03:11:10 UTC 2018
2 ms. Memory: 208384K Free: 196245K (94%)
ptolemy.util.test.WatchDog.cancel(): canceling Sat Dec 29 03:11:10 UTC 2018
------------------ testing $PTII/ptolemy/domains/de/test/auto/DepthTest7.xml
auto.tcl: Setting watchdog for 200 seconds at Sat Dec 29 03:11:10 UTC 2018
2 ms. Memory: 208384K Free: 196227K (94%)
ptolemy.util.test.WatchDog.cancel(): canceling Sat Dec 29 03:11:10 UTC 2018
auto.tcl: Setting watchdog for 200 seconds at Sat Dec 29 03:11:10 UTC 2018
2 ms. Memory: 208384K Free: 196227K (94%)
ptolemy.util.test.WatchDog.cancel(): canceling Sat Dec 29 03:11:10 UTC 2018
------------------ testing $PTII/ptolemy/domains/de/test/auto/EventToDate.xml
auto.tcl: Setting watchdog for 200 seconds at Sat Dec 29 03:11:10 UTC 2018
3005 ms. Memory: 208384K Free: 185735K (89%)
ptolemy.util.test.WatchDog.cancel(): canceling Sat Dec 29 03:11:13 UTC 2018
auto.tcl: Setting watchdog for 200 seconds at Sat Dec 29 03:11:13 UTC 2018
3006 ms. Memory: 208384K Free: 185735K (89%)
ptolemy.util.test.WatchDog.cancel(): canceling Sat Dec 29 03:11:16 UTC 2018
------------------ testing $PTII/ptolemy/domains/de/test/auto/FSM1.xml
auto.tcl: Setting watchdog for 200 seconds at Sat Dec 29 03:11:16 UTC 2018
25 ms. Memory: 208384K Free: 189274K (91%)
ptolemy.util.test.WatchDog.cancel(): canceling Sat Dec 29 03:11:16 UTC 2018
auto.tcl: Setting watchdog for 200 seconds at Sat Dec 29 03:11:16 UTC 2018
15 ms. Memory: 208384K Free: 182611K (88%)
ptolemy.util.test.WatchDog.cancel(): canceling Sat Dec 29 03:11:16 UTC 2018
------------------ testing $PTII/ptolemy/domains/de/test/auto/FSM7.xml
auto.tcl: Setting watchdog for 200 seconds at Sat Dec 29 03:11:17 UTC 2018
16 ms. Memory: 208384K Free: 187374K (90%)
ptolemy.util.test.WatchDog.cancel(): canceling Sat Dec 29 03:11:17 UTC 2018
auto.tcl: Setting watchdog for 200 seconds at Sat Dec 29 03:11:17 UTC 2018
16 ms. Memory: 208384K Free: 185272K (89%)
ptolemy.util.test.WatchDog.cancel(): canceling Sat Dec 29 03:11:17 UTC 2018
------------------ testing $PTII/ptolemy/domains/de/test/auto/Inspection.xml
auto.tcl: Setting watchdog for 200 seconds at Sat Dec 29 03:11:17 UTC 2018
25 ms. Memory: 208384K Free: 188926K (91%)
ptolemy.util.test.WatchDog.cancel(): canceling Sat Dec 29 03:11:17 UTC 2018
auto.tcl: Setting watchdog for 200 seconds at Sat Dec 29 03:11:17 UTC 2018
36 ms. Memory: 208384K Free: 186823K (90%)
ptolemy.util.test.WatchDog.cancel(): canceling Sat Dec 29 03:11:17 UTC 2018
------------------ testing $PTII/ptolemy/domains/de/test/auto/Iteration.xml
auto.tcl: Setting watchdog for 200 seconds at Sat Dec 29 03:11:17 UTC 2018
7 ms. Memory: 208384K Free: 196372K (94%)
ptolemy.util.test.WatchDog.cancel(): canceling Sat Dec 29 03:11:17 UTC 2018
auto.tcl: Setting watchdog for 200 seconds at Sat Dec 29 03:11:17 UTC 2018
6 ms. Memory: 208384K Free: 194269K (93%)
ptolemy.util.test.WatchDog.cancel(): canceling Sat Dec 29 03:11:17 UTC 2018
------------------ testing $PTII/ptolemy/domains/de/test/auto/LineFault.xml
auto.tcl: Setting watchdog for 200 seconds at Sat Dec 29 03:11:17 UTC 2018
814 ms. Memory: 208384K Free: 81843K (39%)
ptolemy.util.test.WatchDog.cancel(): canceling Sat Dec 29 03:11:18 UTC 2018
auto.tcl: Setting watchdog for 200 seconds at Sat Dec 29 03:11:18 UTC 2018
701 ms. Memory: 208384K Free: 152690K (73%)
ptolemy.util.test.WatchDog.cancel(): canceling Sat Dec 29 03:11:19 UTC 2018
------------------ testing $PTII/ptolemy/domains/de/test/auto/MergeModel1Add.xml
auto.tcl: Setting watchdog for 200 seconds at Sat Dec 29 03:11:19 UTC 2018
16 ms. Memory: 331264K Free: 299667K (90%)
ptolemy.util.test.WatchDog.cancel(): canceling Sat Dec 29 03:11:19 UTC 2018
auto.tcl: Setting watchdog for 200 seconds at Sat Dec 29 03:11:19 UTC 2018
10 ms. Memory: 331264K Free: 299667K (90%)
ptolemy.util.test.WatchDog.cancel(): canceling Sat Dec 29 03:11:19 UTC 2018
------------------ testing $PTII/ptolemy/domains/de/test/auto/MergeModel2Add.xml
auto.tcl: Setting watchdog for 200 seconds at Sat Dec 29 03:11:19 UTC 2018
9 ms. Memory: 331264K Free: 304817K (92%)
ptolemy.util.test.WatchDog.cancel(): canceling Sat Dec 29 03:11:19 UTC 2018
auto.tcl: Setting watchdog for 200 seconds at Sat Dec 29 03:11:19 UTC 2018
8 ms. Memory: 331264K Free: 301036K (91%)
ptolemy.util.test.WatchDog.cancel(): canceling Sat Dec 29 03:11:19 UTC 2018
------------------ testing $PTII/ptolemy/domains/de/test/auto/MergeModel3Add.xml
auto.tcl: Setting watchdog for 200 seconds at Sat Dec 29 03:11:19 UTC 2018
9 ms. Memory: 331264K Free: 304828K (92%)
ptolemy.util.test.WatchDog.cancel(): canceling Sat Dec 29 03:11:19 UTC 2018
auto.tcl: Setting watchdog for 200 seconds at Sat Dec 29 03:11:19 UTC 2018
13 ms. Memory: 331264K Free: 301046K (91%)
ptolemy.util.test.WatchDog.cancel(): canceling Sat Dec 29 03:11:19 UTC 2018
------------------ testing $PTII/ptolemy/domains/de/test/auto/MergeWithoutDiscard.xml
auto.tcl: Setting watchdog for 200 seconds at Sat Dec 29 03:11:19 UTC 2018
2 ms. Memory: 331264K Free: 316606K (96%)
ptolemy.util.test.WatchDog.cancel(): canceling Sat Dec 29 03:11:19 UTC 2018
auto.tcl: Setting watchdog for 200 seconds at Sat Dec 29 03:11:19 UTC 2018
2 ms. Memory: 331264K Free: 316606K (96%)
ptolemy.util.test.WatchDog.cancel(): canceling Sat Dec 29 03:11:19 UTC 2018
------------------ testing $PTII/ptolemy/domains/de/test/auto/Modal1.xml
auto.tcl: Setting watchdog for 200 seconds at Sat Dec 29 03:11:19 UTC 2018
17 ms. Memory: 331264K Free: 310242K (94%)
ptolemy.util.test.WatchDog.cancel(): canceling Sat Dec 29 03:11:19 UTC 2018
auto.tcl: Setting watchdog for 200 seconds at Sat Dec 29 03:11:19 UTC 2018
22 ms. Memory: 331264K Free: 306461K (93%)
ptolemy.util.test.WatchDog.cancel(): canceling Sat Dec 29 03:11:19 UTC 2018
------------------ testing $PTII/ptolemy/domains/de/test/auto/Modal2.xml
auto.tcl: Setting watchdog for 200 seconds at Sat Dec 29 03:11:19 UTC 2018
18 ms. Memory: 331264K Free: 310115K (94%)
ptolemy.util.test.WatchDog.cancel(): canceling Sat Dec 29 03:11:19 UTC 2018
auto.tcl: Setting watchdog for 200 seconds at Sat Dec 29 03:11:19 UTC 2018
17 ms. Memory: 331264K Free: 306334K (92%)
ptolemy.util.test.WatchDog.cancel(): canceling Sat Dec 29 03:11:19 UTC 2018
------------------ testing $PTII/ptolemy/domains/de/test/auto/Modal3.xml
auto.tcl: Setting watchdog for 200 seconds at Sat Dec 29 03:11:19 UTC 2018
13 ms. Memory: 331264K Free: 310552K (94%)
ptolemy.util.test.WatchDog.cancel(): canceling Sat Dec 29 03:11:19 UTC 2018
auto.tcl: Setting watchdog for 200 seconds at Sat Dec 29 03:11:19 UTC 2018
14 ms. Memory: 331264K Free: 306332K (92%)
ptolemy.util.test.WatchDog.cancel(): canceling Sat Dec 29 03:11:19 UTC 2018
------------------ testing $PTII/ptolemy/domains/de/test/auto/Modal4.xml
auto.tcl: Setting watchdog for 200 seconds at Sat Dec 29 03:11:19 UTC 2018
24 ms. Memory: 331264K Free: 310110K (94%)
ptolemy.util.test.WatchDog.cancel(): canceling Sat Dec 29 03:11:20 UTC 2018
auto.tcl: Setting watchdog for 200 seconds at Sat Dec 29 03:11:20 UTC 2018
12 ms. Memory: 331264K Free: 306329K (92%)
ptolemy.util.test.WatchDog.cancel(): canceling Sat Dec 29 03:11:20 UTC 2018
------------------ testing $PTII/ptolemy/domains/de/test/auto/Modal5.xml
auto.tcl: Setting watchdog for 200 seconds at Sat Dec 29 03:11:20 UTC 2018
18 ms. Memory: 331264K Free: 310537K (94%)
ptolemy.util.test.WatchDog.cancel(): canceling Sat Dec 29 03:11:20 UTC 2018
auto.tcl: Setting watchdog for 200 seconds at Sat Dec 29 03:11:20 UTC 2018
14 ms. Memory: 331264K Free: 306756K (93%)
ptolemy.util.test.WatchDog.cancel(): canceling Sat Dec 29 03:11:20 UTC 2018
------------------ testing $PTII/ptolemy/domains/de/test/auto/Modal6.xml
auto.tcl: Setting watchdog for 200 seconds at Sat Dec 29 03:11:20 UTC 2018
10 ms. Memory: 331264K Free: 310064K (94%)
ptolemy.util.test.WatchDog.cancel(): canceling Sat Dec 29 03:11:20 UTC 2018
auto.tcl: Setting watchdog for 200 seconds at Sat Dec 29 03:11:20 UTC 2018
12 ms. Memory: 331264K Free: 306283K (92%)
ptolemy.util.test.WatchDog.cancel(): canceling Sat Dec 29 03:11:20 UTC 2018
------------------ testing $PTII/ptolemy/domains/de/test/auto/Modal7.xml
auto.tcl: Setting watchdog for 200 seconds at Sat Dec 29 03:11:20 UTC 2018
9 ms. Memory: 331264K Free: 306315K (92%)
ptolemy.util.test.WatchDog.cancel(): canceling Sat Dec 29 03:11:20 UTC 2018
auto.tcl: Setting watchdog for 200 seconds at Sat Dec 29 03:11:20 UTC 2018
9 ms. Memory: 331264K Free: 302533K (91%)
ptolemy.util.test.WatchDog.cancel(): canceling Sat Dec 29 03:11:20 UTC 2018
------------------ testing $PTII/ptolemy/domains/de/test/auto/ModalModel.xml
auto.tcl: Setting watchdog for 200 seconds at Sat Dec 29 03:11:20 UTC 2018
162 ms. Memory: 331264K Free: 249568K (75%)
ptolemy.util.test.WatchDog.cancel(): canceling Sat Dec 29 03:11:20 UTC 2018
auto.tcl: Setting watchdog for 200 seconds at Sat Dec 29 03:11:20 UTC 2018
170 ms. Memory: 331264K Free: 192761K (58%)
ptolemy.util.test.WatchDog.cancel(): canceling Sat Dec 29 03:11:20 UTC 2018
------------------ testing $PTII/ptolemy/domains/de/test/auto/ModalSource.xml
auto.tcl: Setting watchdog for 200 seconds at Sat Dec 29 03:11:20 UTC 2018
9 ms. Memory: 331264K Free: 316593K (96%)
ptolemy.util.test.WatchDog.cancel(): canceling Sat Dec 29 03:11:20 UTC 2018
auto.tcl: Setting watchdog for 200 seconds at Sat Dec 29 03:11:20 UTC 2018
6 ms. Memory: 331264K Free: 313148K (95%)
ptolemy.util.test.WatchDog.cancel(): canceling Sat Dec 29 03:11:20 UTC 2018
------------------ testing $PTII/ptolemy/domains/de/test/auto/NonInterruptibleTimerZeroDelay.xml
auto.tcl: Setting watchdog for 200 seconds at Sat Dec 29 03:11:20 UTC 2018
3 ms. Memory: 331264K Free: 320976K (97%)
ptolemy.util.test.WatchDog.cancel(): canceling Sat Dec 29 03:11:20 UTC 2018
auto.tcl: Setting watchdog for 200 seconds at Sat Dec 29 03:11:20 UTC 2018
2 ms. Memory: 331264K Free: 317531K (96%)
ptolemy.util.test.WatchDog.cancel(): canceling Sat Dec 29 03:11:20 UTC 2018
------------------ testing $PTII/ptolemy/domains/de/test/auto/OpenQueueingNetwork.xml
auto.tcl: Setting watchdog for 200 seconds at Sat Dec 29 03:11:20 UTC 2018
2694 ms. Memory: 573952K Free: 452541K (79%)
ptolemy.util.test.WatchDog.cancel(): canceling Sat Dec 29 03:11:23 UTC 2018
auto.tcl: Setting watchdog for 200 seconds at Sat Dec 29 03:11:23 UTC 2018
2164 ms. Memory: 574464K Free: 421343K (73%)
ptolemy.util.test.WatchDog.cancel(): canceling Sat Dec 29 03:11:25 UTC 2018
------------------ testing $PTII/ptolemy/domains/de/test/auto/OpenQueuingNetwork.xml
auto.tcl: Setting watchdog for 200 seconds at Sat Dec 29 03:11:25 UTC 2018
215 ms. Memory: 1064960K Free: 964744K (91%)
ptolemy.util.test.WatchDog.cancel(): canceling Sat Dec 29 03:11:26 UTC 2018
auto.tcl: Setting watchdog for 200 seconds at Sat Dec 29 03:11:26 UTC 2018
199 ms. Memory: 1064960K Free: 906036K (85%)
ptolemy.util.test.WatchDog.cancel(): canceling Sat Dec 29 03:11:26 UTC 2018
------------------ testing $PTII/ptolemy/domains/de/test/auto/PeriodicSampler.xml
auto.tcl: Setting watchdog for 200 seconds at Sat Dec 29 03:11:26 UTC 2018
3 ms. Memory: 1065472K Free: 1029080K (97%)
ptolemy.util.test.WatchDog.cancel(): canceling Sat Dec 29 03:11:26 UTC 2018
auto.tcl: Setting watchdog for 200 seconds at Sat Dec 29 03:11:26 UTC 2018
1 ms. Memory: 1065472K Free: 1029080K (97%)
ptolemy.util.test.WatchDog.cancel(): canceling Sat Dec 29 03:11:26 UTC 2018
------------------ testing $PTII/ptolemy/domains/de/test/auto/PersistentIO.xml
auto.tcl: Setting watchdog for 200 seconds at Sat Dec 29 03:11:26 UTC 2018
4 ms. Memory: 1065472K Free: 1029662K (97%)
ptolemy.util.test.WatchDog.cancel(): canceling Sat Dec 29 03:11:26 UTC 2018
auto.tcl: Setting watchdog for 200 seconds at Sat Dec 29 03:11:26 UTC 2018
4 ms. Memory: 1065472K Free: 1029662K (97%)
ptolemy.util.test.WatchDog.cancel(): canceling Sat Dec 29 03:11:26 UTC 2018
------------------ testing $PTII/ptolemy/domains/de/test/auto/PortParameterResetOnInitialize.xml
auto.tcl: Setting watchdog for 200 seconds at Sat Dec 29 03:11:26 UTC 2018
7 ms. Memory: 1065472K Free: 1029524K (97%)
ptolemy.util.test.WatchDog.cancel(): canceling Sat Dec 29 03:11:26 UTC 2018
auto.tcl: Setting watchdog for 200 seconds at Sat Dec 29 03:11:26 UTC 2018
2 ms. Memory: 1065472K Free: 1029524K (97%)
ptolemy.util.test.WatchDog.cancel(): canceling Sat Dec 29 03:11:26 UTC 2018
------------------ testing $PTII/ptolemy/domains/de/test/auto/PortParameterUpdates.xml
auto.tcl: Setting watchdog for 200 seconds at Sat Dec 29 03:11:26 UTC 2018
3 ms. Memory: 1065472K Free: 1029657K (97%)
ptolemy.util.test.WatchDog.cancel(): canceling Sat Dec 29 03:11:26 UTC 2018
auto.tcl: Setting watchdog for 200 seconds at Sat Dec 29 03:11:26 UTC 2018
4 ms. Memory: 1065472K Free: 1029657K (97%)
ptolemy.util.test.WatchDog.cancel(): canceling Sat Dec 29 03:11:26 UTC 2018
------------------ testing $PTII/ptolemy/domains/de/test/auto/QueueAndServer.xml
auto.tcl: Setting watchdog for 200 seconds at Sat Dec 29 03:11:26 UTC 2018
10 ms. Memory: 1065472K Free: 1028881K (97%)
ptolemy.util.test.WatchDog.cancel(): canceling Sat Dec 29 03:11:26 UTC 2018
auto.tcl: Setting watchdog for 200 seconds at Sat Dec 29 03:11:26 UTC 2018
6 ms. Memory: 1065472K Free: 1028881K (97%)
ptolemy.util.test.WatchDog.cancel(): canceling Sat Dec 29 03:11:26 UTC 2018
------------------ testing $PTII/ptolemy/domains/de/test/auto/Records.xml
auto.tcl: Setting watchdog for 200 seconds at Sat Dec 29 03:11:26 UTC 2018
4 ms. Memory: 1065472K Free: 1028821K (97%)
ptolemy.util.test.WatchDog.cancel(): canceling Sat Dec 29 03:11:26 UTC 2018
auto.tcl: Setting watchdog for 200 seconds at Sat Dec 29 03:11:26 UTC 2018
2 ms. Memory: 1065472K Free: 1028821K (97%)
ptolemy.util.test.WatchDog.cancel(): canceling Sat Dec 29 03:11:26 UTC 2018
------------------ testing $PTII/ptolemy/domains/de/test/auto/ResetTransitionWithStartTime1.xml
auto.tcl: Setting watchdog for 200 seconds at Sat Dec 29 03:11:26 UTC 2018
7 ms. Memory: 1065472K Free: 1039408K (98%)
ptolemy.util.test.WatchDog.cancel(): canceling Sat Dec 29 03:11:26 UTC 2018
auto.tcl: Setting watchdog for 200 seconds at Sat Dec 29 03:11:26 UTC 2018
5 ms. Memory: 1065472K Free: 1039408K (98%)
ptolemy.util.test.WatchDog.cancel(): canceling Sat Dec 29 03:11:27 UTC 2018
------------------ testing $PTII/ptolemy/domains/de/test/auto/ResetTransitionWithStartTime2.xml
auto.tcl: Setting watchdog for 200 seconds at Sat Dec 29 03:11:27 UTC 2018
4 ms. Memory: 1064448K Free: 1028555K (97%)
ptolemy.util.test.WatchDog.cancel(): canceling Sat Dec 29 03:11:27 UTC 2018
auto.tcl: Setting watchdog for 200 seconds at Sat Dec 29 03:11:27 UTC 2018
5 ms. Memory: 1064448K Free: 1028555K (97%)
ptolemy.util.test.WatchDog.cancel(): canceling Sat Dec 29 03:11:27 UTC 2018
------------------ testing $PTII/ptolemy/domains/de/test/auto/ResetTransitionWithStartTime3.xml
auto.tcl: Setting watchdog for 200 seconds at Sat Dec 29 03:11:27 UTC 2018
12 ms. Memory: 1064960K Free: 1028324K (97%)
ptolemy.util.test.WatchDog.cancel(): canceling Sat Dec 29 03:11:27 UTC 2018
auto.tcl: Setting watchdog for 200 seconds at Sat Dec 29 03:11:27 UTC 2018
5 ms. Memory: 1064960K Free: 1028324K (97%)
ptolemy.util.test.WatchDog.cancel(): canceling Sat Dec 29 03:11:27 UTC 2018
------------------ testing $PTII/ptolemy/domains/de/test/auto/ResetTransitionWithStartTime4.xml
auto.tcl: Setting watchdog for 200 seconds at Sat Dec 29 03:11:27 UTC 2018
4 ms. Memory: 1064960K Free: 1038142K (97%)
ptolemy.util.test.WatchDog.cancel(): canceling Sat Dec 29 03:11:27 UTC 2018
auto.tcl: Setting watchdog for 200 seconds at Sat Dec 29 03:11:27 UTC 2018
3 ms. Memory: 1064960K Free: 1038142K (97%)
ptolemy.util.test.WatchDog.cancel(): canceling Sat Dec 29 03:11:27 UTC 2018
------------------ testing $PTII/ptolemy/domains/de/test/auto/ResettableTimer1.xml
auto.tcl: Setting watchdog for 200 seconds at Sat Dec 29 03:11:27 UTC 2018
2 ms. Memory: 1064960K Free: 1038137K (97%)
ptolemy.util.test.WatchDog.cancel(): canceling Sat Dec 29 03:11:27 UTC 2018
auto.tcl: Setting watchdog for 200 seconds at Sat Dec 29 03:11:27 UTC 2018
2 ms. Memory: 1064960K Free: 1038137K (97%)
ptolemy.util.test.WatchDog.cancel(): canceling Sat Dec 29 03:11:27 UTC 2018
------------------ testing $PTII/ptolemy/domains/de/test/auto/ResettableTimer2.xml
auto.tcl: Setting watchdog for 200 seconds at Sat Dec 29 03:11:27 UTC 2018
3 ms. Memory: 1064960K Free: 1038937K (98%)
ptolemy.util.test.WatchDog.cancel(): canceling Sat Dec 29 03:11:27 UTC 2018
auto.tcl: Setting watchdog for 200 seconds at Sat Dec 29 03:11:27 UTC 2018
2 ms. Memory: 1064960K Free: 1038937K (98%)
ptolemy.util.test.WatchDog.cancel(): canceling Sat Dec 29 03:11:27 UTC 2018
------------------ testing $PTII/ptolemy/domains/de/test/auto/ResettableTimer3.xml
auto.tcl: Setting watchdog for 200 seconds at Sat Dec 29 03:11:27 UTC 2018
1 ms. Memory: 1064960K Free: 1038195K (97%)
ptolemy.util.test.WatchDog.cancel(): canceling Sat Dec 29 03:11:27 UTC 2018
auto.tcl: Setting watchdog for 200 seconds at Sat Dec 29 03:11:27 UTC 2018
1 ms. Memory: 1064960K Free: 1038195K (97%)
ptolemy.util.test.WatchDog.cancel(): canceling Sat Dec 29 03:11:27 UTC 2018
------------------ testing $PTII/ptolemy/domains/de/test/auto/ResettableTimer4.xml
auto.tcl: Setting watchdog for 200 seconds at Sat Dec 29 03:11:27 UTC 2018
1 ms. Memory: 1063936K Free: 1037925K (98%)
ptolemy.util.test.WatchDog.cancel(): canceling Sat Dec 29 03:11:27 UTC 2018
auto.tcl: Setting watchdog for 200 seconds at Sat Dec 29 03:11:27 UTC 2018
1 ms. Memory: 1063936K Free: 1037925K (98%)
ptolemy.util.test.WatchDog.cancel(): canceling Sat Dec 29 03:11:27 UTC 2018
------------------ testing $PTII/ptolemy/domains/de/test/auto/ResettableTimer5.xml
auto.tcl: Setting watchdog for 200 seconds at Sat Dec 29 03:11:27 UTC 2018
1 ms. Memory: 1064448K Free: 1027874K (97%)
ptolemy.util.test.WatchDog.cancel(): canceling Sat Dec 29 03:11:27 UTC 2018
auto.tcl: Setting watchdog for 200 seconds at Sat Dec 29 03:11:27 UTC 2018
1 ms. Memory: 1064448K Free: 1027874K (97%)
ptolemy.util.test.WatchDog.cancel(): canceling Sat Dec 29 03:11:27 UTC 2018
------------------ testing $PTII/ptolemy/domains/de/test/auto/ResettableTimer6.xml
auto.tcl: Setting watchdog for 200 seconds at Sat Dec 29 03:11:27 UTC 2018
2 ms. Memory: 1064448K Free: 1037644K (97%)
ptolemy.util.test.WatchDog.cancel(): canceling Sat Dec 29 03:11:27 UTC 2018
auto.tcl: Setting watchdog for 200 seconds at Sat Dec 29 03:11:27 UTC 2018
1 ms. Memory: 1064448K Free: 1037644K (97%)
ptolemy.util.test.WatchDog.cancel(): canceling Sat Dec 29 03:11:27 UTC 2018
------------------ testing $PTII/ptolemy/domains/de/test/auto/ServerZeroDelay.xml
auto.tcl: Setting watchdog for 200 seconds at Sat Dec 29 03:11:27 UTC 2018
3 ms. Memory: 1064448K Free: 1038375K (98%)
ptolemy.util.test.WatchDog.cancel(): canceling Sat Dec 29 03:11:27 UTC 2018
auto.tcl: Setting watchdog for 200 seconds at Sat Dec 29 03:11:27 UTC 2018
2 ms. Memory: 1064448K Free: 1038375K (98%)
ptolemy.util.test.WatchDog.cancel(): canceling Sat Dec 29 03:11:27 UTC 2018
------------------ testing $PTII/ptolemy/domains/de/test/auto/SmartSender.xml
auto.tcl: Setting watchdog for 200 seconds at Sat Dec 29 03:11:27 UTC 2018
3001 ms. Memory: 1064448K Free: 1028551K (97%)
ptolemy.util.test.WatchDog.cancel(): canceling Sat Dec 29 03:11:30 UTC 2018
auto.tcl: Setting watchdog for 200 seconds at Sat Dec 29 03:11:30 UTC 2018
3003 ms. Memory: 1064448K Free: 1028551K (97%)
ptolemy.util.test.WatchDog.cancel(): canceling Sat Dec 29 03:11:33 UTC 2018
------------------ testing $PTII/ptolemy/domains/de/test/auto/ThreadedComposite.xml
auto.tcl: Setting watchdog for 200 seconds at Sat Dec 29 03:11:33 UTC 2018
214 ms. Memory: 1064448K Free: 996435K (94%)
ptolemy.util.test.WatchDog.cancel(): canceling Sat Dec 29 03:11:33 UTC 2018
auto.tcl: Setting watchdog for 200 seconds at Sat Dec 29 03:11:33 UTC 2018
102 ms. Memory: 1064448K Free: 976794K (92%)
ptolemy.util.test.WatchDog.cancel(): canceling Sat Dec 29 03:11:34 UTC 2018
------------------ testing $PTII/ptolemy/domains/de/test/auto/Time.xml
auto.tcl: Setting watchdog for 200 seconds at Sat Dec 29 03:11:34 UTC 2018
535 ms. Memory: 1064448K Free: 998073K (94%)
ptolemy.util.test.WatchDog.cancel(): canceling Sat Dec 29 03:11:34 UTC 2018
auto.tcl: Setting watchdog for 200 seconds at Sat Dec 29 03:11:34 UTC 2018
522 ms. Memory: 1064448K Free: 951082K (89%)
ptolemy.util.test.WatchDog.cancel(): canceling Sat Dec 29 03:11:35 UTC 2018
------------------ testing $PTII/ptolemy/domains/de/test/auto/TimeDelayZeroDelay.xml
auto.tcl: Setting watchdog for 200 seconds at Sat Dec 29 03:11:35 UTC 2018
2 ms. Memory: 1064448K Free: 1037551K (97%)
ptolemy.util.test.WatchDog.cancel(): canceling Sat Dec 29 03:11:35 UTC 2018
auto.tcl: Setting watchdog for 200 seconds at Sat Dec 29 03:11:35 UTC 2018
2 ms. Memory: 1064448K Free: 1037551K (97%)
ptolemy.util.test.WatchDog.cancel(): canceling Sat Dec 29 03:11:35 UTC 2018
------------------ testing $PTII/ptolemy/domains/de/test/auto/TimerZeroDelay.xml
auto.tcl: Setting watchdog for 200 seconds at Sat Dec 29 03:11:35 UTC 2018
2 ms. Memory: 1063424K Free: 1037313K (98%)
ptolemy.util.test.WatchDog.cancel(): canceling Sat Dec 29 03:11:35 UTC 2018
auto.tcl: Setting watchdog for 200 seconds at Sat Dec 29 03:11:35 UTC 2018
2 ms. Memory: 1063424K Free: 1037313K (98%)
ptolemy.util.test.WatchDog.cancel(): canceling Sat Dec 29 03:11:35 UTC 2018
------------------ testing $PTII/ptolemy/domains/de/test/auto/TimingParadox.xml
auto.tcl: Setting watchdog for 200 seconds at Sat Dec 29 03:11:35 UTC 2018
338 ms. Memory: 1063936K Free: 982175K (92%)
ptolemy.util.test.WatchDog.cancel(): canceling Sat Dec 29 03:11:35 UTC 2018
auto.tcl: Setting watchdog for 200 seconds at Sat Dec 29 03:11:35 UTC 2018
328 ms. Memory: 1063936K Free: 958680K (90%)
ptolemy.util.test.WatchDog.cancel(): canceling Sat Dec 29 03:11:36 UTC 2018
------------------ testing $PTII/ptolemy/domains/de/test/auto/TransferInputs.xml
auto.tcl: Setting watchdog for 200 seconds at Sat Dec 29 03:11:36 UTC 2018
1 ms. Memory: 1063424K Free: 1036228K (97%)
ptolemy.util.test.WatchDog.cancel(): canceling Sat Dec 29 03:11:36 UTC 2018
auto.tcl: Setting watchdog for 200 seconds at Sat Dec 29 03:11:36 UTC 2018
2 ms. Memory: 1063424K Free: 1036228K (97%)
ptolemy.util.test.WatchDog.cancel(): canceling Sat Dec 29 03:11:36 UTC 2018
------------------ testing $PTII/ptolemy/domains/de/test/auto/TransferOutputs2.xml
auto.tcl: Setting watchdog for 200 seconds at Sat Dec 29 03:11:36 UTC 2018
3 ms. Memory: 1063936K Free: 1028027K (97%)
ptolemy.util.test.WatchDog.cancel(): canceling Sat Dec 29 03:11:36 UTC 2018
auto.tcl: Setting watchdog for 200 seconds at Sat Dec 29 03:11:36 UTC 2018
2 ms. Memory: 1063936K Free: 1028027K (97%)
ptolemy.util.test.WatchDog.cancel(): canceling Sat Dec 29 03:11:36 UTC 2018
------------------ testing $PTII/ptolemy/domains/de/test/auto/Trilateration.xml
auto.tcl: Setting watchdog for 200 seconds at Sat Dec 29 03:11:36 UTC 2018
12963 ms. Memory: 933376K Free: 792080K (85%)
ptolemy.util.test.WatchDog.cancel(): canceling Sat Dec 29 03:11:50 UTC 2018
auto.tcl: Setting watchdog for 200 seconds at Sat Dec 29 03:11:50 UTC 2018
10386 ms. Memory: 812544K Free: 510008K (63%)
ptolemy.util.test.WatchDog.cancel(): canceling Sat Dec 29 03:12:00 UTC 2018
------------------ testing $PTII/ptolemy/domains/de/test/auto/TwoSigmaDelta.xml
auto.tcl: Setting watchdog for 200 seconds at Sat Dec 29 03:12:00 UTC 2018
2628 ms. Memory: 816640K Free: 511919K (63%)
ptolemy.util.test.WatchDog.cancel(): canceling Sat Dec 29 03:12:03 UTC 2018
auto.tcl: Setting watchdog for 200 seconds at Sat Dec 29 03:12:03 UTC 2018
2103 ms. Memory: 816640K Free: 276302K (34%)
ptolemy.util.test.WatchDog.cancel(): canceling Sat Dec 29 03:12:05 UTC 2018
------------------ testing $PTII/ptolemy/domains/de/test/auto/VariableDelay.xml
auto.tcl: Setting watchdog for 200 seconds at Sat Dec 29 03:12:05 UTC 2018
4 ms. Memory: 813056K Free: 790111K (97%)
ptolemy.util.test.WatchDog.cancel(): canceling Sat Dec 29 03:12:05 UTC 2018
auto.tcl: Setting watchdog for 200 seconds at Sat Dec 29 03:12:05 UTC 2018
2 ms. Memory: 813056K Free: 790111K (97%)
ptolemy.util.test.WatchDog.cancel(): canceling Sat Dec 29 03:12:05 UTC 2018
------------------ testing $PTII/ptolemy/domains/de/test/auto/VariableDelay2.xml
auto.tcl: Setting watchdog for 200 seconds at Sat Dec 29 03:12:05 UTC 2018
11 ms. Memory: 812544K Free: 790076K (97%)
ptolemy.util.test.WatchDog.cancel(): canceling Sat Dec 29 03:12:05 UTC 2018
auto.tcl: Setting watchdog for 200 seconds at Sat Dec 29 03:12:05 UTC 2018
2 ms. Memory: 812544K Free: 790076K (97%)
ptolemy.util.test.WatchDog.cancel(): canceling Sat Dec 29 03:12:05 UTC 2018
------------------ testing $PTII/ptolemy/domains/de/test/auto/VariableDelayZeroDelay.xml
auto.tcl: Setting watchdog for 200 seconds at Sat Dec 29 03:12:05 UTC 2018
2 ms. Memory: 812544K Free: 790075K (97%)
ptolemy.util.test.WatchDog.cancel(): canceling Sat Dec 29 03:12:05 UTC 2018
auto.tcl: Setting watchdog for 200 seconds at Sat Dec 29 03:12:05 UTC 2018
2 ms. Memory: 812544K Free: 790075K (97%)
ptolemy.util.test.WatchDog.cancel(): canceling Sat Dec 29 03:12:05 UTC 2018
------------------ testing $PTII/ptolemy/domains/de/test/auto/VariableDelayZeroDelay2.xml
auto.tcl: Setting watchdog for 200 seconds at Sat Dec 29 03:12:05 UTC 2018
2 ms. Memory: 815616K Free: 785834K (96%)
ptolemy.util.test.WatchDog.cancel(): canceling Sat Dec 29 03:12:05 UTC 2018
auto.tcl: Setting watchdog for 200 seconds at Sat Dec 29 03:12:05 UTC 2018
2 ms. Memory: 815616K Free: 785834K (96%)
ptolemy.util.test.WatchDog.cancel(): canceling Sat Dec 29 03:12:05 UTC 2018
------------------ testing $PTII/ptolemy/domains/de/test/auto/deInCt.xml
auto.tcl: Setting watchdog for 200 seconds at Sat Dec 29 03:12:05 UTC 2018
0
1
1
1
0
0
1
1
1
1
1
1
0
0
0
1
1
1
0
0
0
1
1
1
0
0
0
0
0
1
1
1
1
13 ms. Memory: 812544K Free: 782695K (96%)
ptolemy.util.test.WatchDog.cancel(): canceling Sat Dec 29 03:12:05 UTC 2018
auto.tcl: Setting watchdog for 200 seconds at Sat Dec 29 03:12:05 UTC 2018
0
1
1
1
0
0
0
1
1
1
0
0
0
1
1
1
1
0
0
0
1
1
0
0
0
1
1
1
1
1
1
1
0
0
0
0
12 ms. Memory: 812544K Free: 782695K (96%)
ptolemy.util.test.WatchDog.cancel(): canceling Sat Dec 29 03:12:05 UTC 2018
------------------ testing $PTII/ptolemy/domains/de/test/auto/deInCt2.xml
auto.tcl: Setting watchdog for 200 seconds at Sat Dec 29 03:12:05 UTC 2018
0
1
1
1
0
0
1
1
1
0
0
1
1
1
0
0
1
1
1
0
0
1
1
1
0
0
1
1
1
0
0
1
1
1
0
0
1
1
1
0
0
0
13 ms. Memory: 815616K Free: 785767K (96%)
ptolemy.util.test.WatchDog.cancel(): canceling Sat Dec 29 03:12:05 UTC 2018
auto.tcl: Setting watchdog for 200 seconds at Sat Dec 29 03:12:05 UTC 2018
0
1
1
1
0
0
1
1
1
0
0
1
1
1
0
0
1
1
1
0
0
1
1
1
0
0
1
1
1
0
0
1
1
1
0
0
1
1
1
0
0
0
5 ms. Memory: 815616K Free: 785767K (96%)
ptolemy.util.test.WatchDog.cancel(): canceling Sat Dec 29 03:12:05 UTC 2018
------------------ testing $PTII/ptolemy/domains/de/test/auto/dynamicCausalityInterface1.xml
auto.tcl: Setting watchdog for 200 seconds at Sat Dec 29 03:12:06 UTC 2018
4 ms. Memory: 812544K Free: 790066K (97%)
ptolemy.util.test.WatchDog.cancel(): canceling Sat Dec 29 03:12:06 UTC 2018
auto.tcl: Setting watchdog for 200 seconds at Sat Dec 29 03:12:06 UTC 2018
1 ms. Memory: 812544K Free: 790066K (97%)
ptolemy.util.test.WatchDog.cancel(): canceling Sat Dec 29 03:12:06 UTC 2018
------------------ testing $PTII/ptolemy/domains/de/test/auto/fsm_de_test.xml
auto.tcl: Setting watchdog for 200 seconds at Sat Dec 29 03:12:06 UTC 2018
6 ms. Memory: 815104K Free: 785210K (96%)
ptolemy.util.test.WatchDog.cancel(): canceling Sat Dec 29 03:12:06 UTC 2018
auto.tcl: Setting watchdog for 200 seconds at Sat Dec 29 03:12:06 UTC 2018
7 ms. Memory: 815104K Free: 785210K (96%)
ptolemy.util.test.WatchDog.cancel(): canceling Sat Dec 29 03:12:06 UTC 2018
------------------ testing $PTII/ptolemy/domains/de/test/auto/functionDependencyReconstruction.xml
auto.tcl: Setting watchdog for 200 seconds at Sat Dec 29 03:12:06 UTC 2018
2 ms. Memory: 812544K Free: 772148K (95%)
ptolemy.util.test.WatchDog.cancel(): canceling Sat Dec 29 03:12:06 UTC 2018
auto.tcl: Setting watchdog for 200 seconds at Sat Dec 29 03:12:06 UTC 2018
3 ms. Memory: 812544K Free: 772148K (95%)
ptolemy.util.test.WatchDog.cancel(): canceling Sat Dec 29 03:12:06 UTC 2018
------------------ testing $PTII/ptolemy/domains/de/test/auto/multirate.xml
auto.tcl: Setting watchdog for 200 seconds at Sat Dec 29 03:12:06 UTC 2018
3 ms. Memory: 814592K Free: 784565K (96%)
ptolemy.util.test.WatchDog.cancel(): canceling Sat Dec 29 03:12:06 UTC 2018
auto.tcl: Setting watchdog for 200 seconds at Sat Dec 29 03:12:06 UTC 2018
3 ms. Memory: 814592K Free: 784565K (96%)
ptolemy.util.test.WatchDog.cancel(): canceling Sat Dec 29 03:12:06 UTC 2018
------------------ testing $PTII/ptolemy/domains/de/test/auto/multirate2.xml
auto.tcl: Setting watchdog for 200 seconds at Sat Dec 29 03:12:06 UTC 2018
6 ms. Memory: 812544K Free: 782641K (96%)
ptolemy.util.test.WatchDog.cancel(): canceling Sat Dec 29 03:12:06 UTC 2018
auto.tcl: Setting watchdog for 200 seconds at Sat Dec 29 03:12:06 UTC 2018
3 ms. Memory: 812544K Free: 782641K (96%)
ptolemy.util.test.WatchDog.cancel(): canceling Sat Dec 29 03:12:06 UTC 2018
------------------ testing $PTII/ptolemy/domains/de/test/auto/realtime.xml
auto.tcl: Setting watchdog for 200 seconds at Sat Dec 29 03:12:06 UTC 2018
10001 ms. Memory: 814592K Free: 784687K (96%)
ptolemy.util.test.WatchDog.cancel(): canceling Sat Dec 29 03:12:16 UTC 2018
auto.tcl: Setting watchdog for 200 seconds at Sat Dec 29 03:12:16 UTC 2018
10002 ms. Memory: 814592K Free: 784687K (96%)
ptolemy.util.test.WatchDog.cancel(): canceling Sat Dec 29 03:12:26 UTC 2018
------------------ testing $PTII/ptolemy/domains/de/test/auto/relationGroup.xml
auto.tcl: Setting watchdog for 200 seconds at Sat Dec 29 03:12:26 UTC 2018
2 ms. Memory: 812544K Free: 790041K (97%)
ptolemy.util.test.WatchDog.cancel(): canceling Sat Dec 29 03:12:26 UTC 2018
auto.tcl: Setting watchdog for 200 seconds at Sat Dec 29 03:12:26 UTC 2018
1 ms. Memory: 812544K Free: 790041K (97%)
ptolemy.util.test.WatchDog.cancel(): canceling Sat Dec 29 03:12:26 UTC 2018
------------------ testing $PTII/ptolemy/domains/de/test/auto/relationGroup2.xml
auto.tcl: Setting watchdog for 200 seconds at Sat Dec 29 03:12:26 UTC 2018
2 ms. Memory: 814080K Free: 784292K (96%)
ptolemy.util.test.WatchDog.cancel(): canceling Sat Dec 29 03:12:26 UTC 2018
auto.tcl: Setting watchdog for 200 seconds at Sat Dec 29 03:12:26 UTC 2018
1 ms. Memory: 814080K Free: 784292K (96%)
ptolemy.util.test.WatchDog.cancel(): canceling Sat Dec 29 03:12:26 UTC 2018
------------------ testing $PTII/ptolemy/domains/de/test/auto/sortWithOpaquePorts.xml
auto.tcl: Setting watchdog for 200 seconds at Sat Dec 29 03:12:26 UTC 2018
3 ms. Memory: 812544K Free: 782757K (96%)
ptolemy.util.test.WatchDog.cancel(): canceling Sat Dec 29 03:12:26 UTC 2018
auto.tcl: Setting watchdog for 200 seconds at Sat Dec 29 03:12:26 UTC 2018
1 ms. Memory: 812544K Free: 782757K (96%)
ptolemy.util.test.WatchDog.cancel(): canceling Sat Dec 29 03:12:26 UTC 2018
------------------ testing $PTII/ptolemy/domains/de/test/auto/transferInputsandOutputs.xml
auto.tcl: Setting watchdog for 200 seconds at Sat Dec 29 03:12:26 UTC 2018
2 ms. Memory: 814080K Free: 784281K (96%)
ptolemy.util.test.WatchDog.cancel(): canceling Sat Dec 29 03:12:26 UTC 2018
auto.tcl: Setting watchdog for 200 seconds at Sat Dec 29 03:12:26 UTC 2018
4 ms. Memory: 814080K Free: 784281K (96%)
ptolemy.util.test.WatchDog.cancel(): canceling Sat Dec 29 03:12:26 UTC 2018
------------------ testing $PTII/ptolemy/domains/de/test/auto/triggerType.xml
auto.tcl: Setting watchdog for 200 seconds at Sat Dec 29 03:12:26 UTC 2018
5 ms. Memory: 812544K Free: 782695K (96%)
ptolemy.util.test.WatchDog.cancel(): canceling Sat Dec 29 03:12:26 UTC 2018
auto.tcl: Setting watchdog for 200 seconds at Sat Dec 29 03:12:26 UTC 2018
1 ms. Memory: 812544K Free: 782695K (96%)
ptolemy.util.test.WatchDog.cancel(): canceling Sat Dec 29 03:12:26 UTC 2018
12/29/18 03:12:26
Failed: 0  Total Tests: 192  ((Passed: 187, Newly Passed: 1)  Known Failed: 5) /home/travis/build/icyphy/ptII/ptolemy/domains/de/test
12/29/18 03:12:26
Failed: 0  Total Tests: 192  ((Passed: 187, Newly Passed: 1)  Known Failed: 5) /home/travis/build/icyphy/ptII/ptolemy/domains/de/test
----------------- testing (KnownFailure) /home/travis/build/icyphy/ptII/ptolemy/domains/de/test/auto/knownFailedTests/DESDFClockTest.xml
2009 ms. Memory: 813568K Free: 769086K (95%)
Known Failure: java.lang.reflect.InvocationTargetException
----------------- testing (KnownFailure) /home/travis/build/icyphy/ptII/ptolemy/domains/de/test/auto/knownFailedTests/DirectFeedback.xml
2 ms. Memory: 813568K Free: 710595K (87%)
Known Failure: java.lang.reflect.InvocationTargetException
----------------- testing (KnownFailure) /home/travis/build/icyphy/ptII/ptolemy/domains/de/test/auto/knownFailedTests/FSMSource.xml
6 ms. Memory: 813568K Free: 652104K (80%)
----------------- testing (KnownFailure) /home/travis/build/icyphy/ptII/ptolemy/domains/de/test/auto/knownFailedTests/HierarchicalModel.xml
2 ms. Memory: 813568K Free: 608219K (75%)
Known Failure: java.lang.reflect.InvocationTargetException
----------------- testing (KnownFailure) /home/travis/build/icyphy/ptII/ptolemy/domains/de/test/auto/knownFailedTests/dependencyLoop.xml
2 ms. Memory: 813568K Free: 549728K (68%)
Known Failure: java.lang.reflect.InvocationTargetException
----------------- testing (KnownFailure) /home/travis/build/icyphy/ptII/ptolemy/domains/de/test/auto/knownFailedTests/dependencyLoop2.xml
2 ms. Memory: 813568K Free: 461975K (57%)
Known Failure: java.lang.reflect.InvocationTargetException
No auto/linux-amd64/*.xml tests in /home/travis/build/icyphy/ptII/ptolemy/domains/de/test
AutoTests.java: About to close Vertx.
AutoTests.java: Vertx closed.

===========================================================================================
----------------- testing Sat Dec 29 03:12:28 UTC 2018 /home/travis/build/icyphy/ptII/ptolemy/domains/de/test/auto/ActorDepthCalculation_actorWithoutPorts.xml
----------------- Instantiating /home/travis/build/icyphy/ptII/ptolemy/domains/de/test/auto/ActorDepthCalculation_actorWithoutPorts.xml
1 ms. Memory: 813568K Free: 388862K (48%)
----------------- Invoking toplevel() on ptolemy.moml.MoMLSimpleApplication@14474260
----------------- Done invoking toplevel() on ptolemy.moml.MoMLSimpleApplication@14474260
reloadAllAccessors: .ActorDepthCalculation_actorWithoutPorts

===========================================================================================
----------------- testing Sat Dec 29 03:12:28 UTC 2018 /home/travis/build/icyphy/ptII/ptolemy/domains/de/test/auto/AssemblyLine.xml
----------------- Instantiating /home/travis/build/icyphy/ptII/ptolemy/domains/de/test/auto/AssemblyLine.xml
2 ms. Memory: 813568K Free: 359616K (44%)
----------------- Invoking toplevel() on ptolemy.moml.MoMLSimpleApplication@179bf713
----------------- Done invoking toplevel() on ptolemy.moml.MoMLSimpleApplication@179bf713
reloadAllAccessors: .AssemblyLine

===========================================================================================
----------------- testing Sat Dec 29 03:12:28 UTC 2018 /home/travis/build/icyphy/ptII/ptolemy/domains/de/test/auto/CQBug1.xml
----------------- Instantiating /home/travis/build/icyphy/ptII/ptolemy/domains/de/test/auto/CQBug1.xml
4 ms. Memory: 813568K Free: 330371K (41%)
----------------- Invoking toplevel() on ptolemy.moml.MoMLSimpleApplication@4c3eedaf
----------------- Done invoking toplevel() on ptolemy.moml.MoMLSimpleApplication@4c3eedaf
reloadAllAccessors: .CQBug1

===========================================================================================
----------------- testing Sat Dec 29 03:12:29 UTC 2018 /home/travis/build/icyphy/ptII/ptolemy/domains/de/test/auto/CancelFireAt.xml
----------------- Instantiating /home/travis/build/icyphy/ptII/ptolemy/domains/de/test/auto/CancelFireAt.xml
0 ms. Memory: 813568K Free: 301125K (37%)
----------------- Invoking toplevel() on ptolemy.moml.MoMLSimpleApplication@76118caf
----------------- Done invoking toplevel() on ptolemy.moml.MoMLSimpleApplication@76118caf
reloadAllAccessors: .CancelFireAt

===========================================================================================
----------------- testing Sat Dec 29 03:12:29 UTC 2018 /home/travis/build/icyphy/ptII/ptolemy/domains/de/test/auto/CausalityAndComposabilityAnalysis.xml
----------------- Instantiating /home/travis/build/icyphy/ptII/ptolemy/domains/de/test/auto/CausalityAndComposabilityAnalysis.xml
1 ms. Memory: 813568K Free: 271880K (33%)
----------------- Invoking toplevel() on ptolemy.moml.MoMLSimpleApplication@2b659a99
----------------- Done invoking toplevel() on ptolemy.moml.MoMLSimpleApplication@2b659a99
reloadAllAccessors: .CausalityAndComposabilityAnalysis

===========================================================================================
----------------- testing Sat Dec 29 03:12:29 UTC 2018 /home/travis/build/icyphy/ptII/ptolemy/domains/de/test/auto/CausalityInterface1.xml
----------------- Instantiating /home/travis/build/icyphy/ptII/ptolemy/domains/de/test/auto/CausalityInterface1.xml
3 ms. Memory: 813568K Free: 242634K (30%)
----------------- Invoking toplevel() on ptolemy.moml.MoMLSimpleApplication@7c237a25
----------------- Done invoking toplevel() on ptolemy.moml.MoMLSimpleApplication@7c237a25
reloadAllAccessors: .CausalityInterface1

===========================================================================================
----------------- testing Sat Dec 29 03:12:29 UTC 2018 /home/travis/build/icyphy/ptII/ptolemy/domains/de/test/auto/CausalityInterface15.xml
----------------- Instantiating /home/travis/build/icyphy/ptII/ptolemy/domains/de/test/auto/CausalityInterface15.xml
2 ms. Memory: 813568K Free: 213389K (26%)
----------------- Invoking toplevel() on ptolemy.moml.MoMLSimpleApplication@549f3d92
----------------- Done invoking toplevel() on ptolemy.moml.MoMLSimpleApplication@549f3d92
[...]
java.lang.RuntimeException: Execution failed
	at ptolemy.moml.MoMLSimpleApplication$UnloadThread.run(MoMLSimpleApplication.java:402)
Caused by: ptolemy.kernel.util.IllegalActionException: Test fails in iteration 1.
Value was: 1.0. Should have been: 2.0
  in .DirectFeedback.Test
	at ptolemy.actor.lib.Test.fire(Test.java:268)
	at ptolemy.domains.de.kernel.DEDirector._fire(DEDirector.java:1949)
	at ptolemy.domains.de.kernel.DEDirector.fire(DEDirector.java:502)
	at ptolemy.actor.CompositeActor.fire(CompositeActor.java:455)
	at ptolemy.actor.Manager.iterate(Manager.java:851)
	at ptolemy.actor.Manager.execute(Manager.java:369)
	at ptolemy.actor.Manager.run(Manager.java:1263)
	at ptolemy.actor.Manager$PtolemyRunThread.run(Manager.java:1915)
java.lang.RuntimeException: Execution failed
	at ptolemy.moml.MoMLSimpleApplication$UnloadThread.run(MoMLSimpleApplication.java:402)
Caused by: ptolemy.kernel.util.IllegalActionException: Actor is not ready to fire.  Perhaps UpSample.prefire() returned false? Try debugging the actor by selecting "Listen to Actor".  Also, for SDF check moml for tokenConsumptionRate on input.
  in .DESDFClockTest.Play Bell.Copy1:SDF Director and .DESDFClockTest.Play Bell.UpSample
	at ptolemy.actor.sched.StaticSchedulingDirector.fire(StaticSchedulingDirector.java:227)
	at ptolemy.domains.sdf.kernel.SDFDirector.fire(SDFDirector.java:500)
	at ptolemy.actor.CompositeActor.fire(CompositeActor.java:455)
	at ptolemy.domains.de.kernel.DEDirector._fire(DEDirector.java:1949)
	at ptolemy.domains.de.kernel.DEDirector.fire(DEDirector.java:502)
	at ptolemy.actor.CompositeActor.fire(CompositeActor.java:455)
	at ptolemy.actor.Manager.iterate(Manager.java:851)
	at ptolemy.actor.Manager.execute(Manager.java:369)
	at ptolemy.actor.Manager.run(Manager.java:1263)
	at ptolemy.actor.Manager$PtolemyRunThread.run(Manager.java:1915)
java.lang.reflect.InvocationTargetException
	at sun.reflect.NativeConstructorAccessorImpl.newInstance0(Native Method)
	at sun.reflect.NativeConstructorAccessorImpl.newInstance(NativeConstructorAccessorImpl.java:62)
	at sun.reflect.DelegatingConstructorAccessorImpl.newInstance(DelegatingConstructorAccessorImpl.java:45)
	at java.lang.reflect.Constructor.newInstance(Constructor.java:423)
	at ptolemy.util.test.junit.AutoKnownFailedTests.RunModel(AutoKnownFailedTests.java:105)
	at sun.reflect.NativeMethodAccessorImpl.invoke0(Native Method)
	at sun.reflect.NativeMethodAccessorImpl.invoke(NativeMethodAccessorImpl.java:62)
	at sun.reflect.DelegatingMethodAccessorImpl.invoke(DelegatingMethodAccessorImpl.java:43)
	at java.lang.reflect.Method.invoke(Method.java:498)
	at org.junit.runners.model.FrameworkMethod$1.runReflectiveCall(FrameworkMethod.java:44)
	at org.junit.internal.runners.model.ReflectiveCallable.run(ReflectiveCallable.java:15)
	at org.junit.runners.model.FrameworkMethod.invokeExplosively(FrameworkMethod.java:41)
	at junitparams.internal.InvokeParameterisedMethod.evaluate(InvokeParameterisedMethod.java:102)
	at org.junit.internal.runners.statements.FailOnTimeout$1.run(FailOnTimeout.java:28)
Caused by: ptolemy.kernel.util.IllegalActionException: Actor is not ready to fire.  Perhaps UpSample.prefire() returned false? Try debugging the actor by selecting "Listen to Actor".  Also, for SDF check moml for tokenConsumptionRate on input.
  in .DESDFClockTest.Play Bell.Copy1:SDF Director and .DESDFClockTest.Play Bell.UpSample
	at ptolemy.actor.sched.StaticSchedulingDirector.fire(StaticSchedulingDirector.java:227)
	at ptolemy.domains.sdf.kernel.SDFDirector.fire(SDFDirector.java:500)
	at ptolemy.actor.CompositeActor.fire(CompositeActor.java:455)
	at ptolemy.domains.de.kernel.DEDirector._fire(DEDirector.java:1949)
	at ptolemy.domains.de.kernel.DEDirector.fire(DEDirector.java:502)
	at ptolemy.actor.CompositeActor.fire(CompositeActor.java:455)
	at ptolemy.actor.Manager.iterate(Manager.java:851)
	at ptolemy.actor.Manager.execute(Manager.java:369)
	at ptolemy.actor.Manager.run(Manager.java:1263)
	at ptolemy.actor.Manager$PtolemyRunThread.run(Manager.java:1915)
java.lang.RuntimeException: Execution failed
	at ptolemy.moml.MoMLSimpleApplication$UnloadThread.run(MoMLSimpleApplication.java:402)
Caused by: ptolemy.kernel.util.IllegalActionException: Test fails in iteration 1.
Value was: 1.0. Should have been: 2.0
  in .DirectFeedback.Test
	at ptolemy.actor.lib.Test.fire(Test.java:268)
	at ptolemy.domains.de.kernel.DEDirector._fire(DEDirector.java:1949)
	at ptolemy.domains.de.kernel.DEDirector.fire(DEDirector.java:502)
	at ptolemy.actor.CompositeActor.fire(CompositeActor.java:455)
	at ptolemy.actor.Manager.iterate(Manager.java:851)
	at ptolemy.actor.Manager.execute(Manager.java:369)
	at ptolemy.actor.Manager.run(Manager.java:1263)
	at ptolemy.actor.Manager$PtolemyRunThread.run(Manager.java:1915)
java.lang.reflect.InvocationTargetException
	at sun.reflect.NativeConstructorAccessorImpl.newInstance0(Native Method)
	at sun.reflect.NativeConstructorAccessorImpl.newInstance(NativeConstructorAccessorImpl.java:62)
	at sun.reflect.DelegatingConstructorAccessorImpl.newInstance(DelegatingConstructorAccessorImpl.java:45)
	at java.lang.reflect.Constructor.newInstance(Constructor.java:423)
	at ptolemy.util.test.junit.AutoKnownFailedTests.RunModel(AutoKnownFailedTests.java:105)
	at sun.reflect.NativeMethodAccessorImpl.invoke0(Native Method)
	at sun.reflect.NativeMethodAccessorImpl.invoke(NativeMethodAccessorImpl.java:62)
	at sun.reflect.DelegatingMethodAccessorImpl.invoke(DelegatingMethodAccessorImpl.java:43)
	at java.lang.reflect.Method.invoke(Method.java:498)
	at org.junit.runners.model.FrameworkMethod$1.runReflectiveCall(FrameworkMethod.java:44)
	at org.junit.internal.runners.model.ReflectiveCallable.run(ReflectiveCallable.java:15)
	at org.junit.runners.model.FrameworkMethod.invokeExplosively(FrameworkMethod.java:41)
	at junitparams.internal.InvokeParameterisedMethod.evaluate(InvokeParameterisedMethod.java:102)
	at org.junit.internal.runners.statements.FailOnTimeout$1.run(FailOnTimeout.java:28)
Caused by: ptolemy.kernel.util.IllegalActionException: Test fails in iteration 1.
Value was: 1.0. Should have been: 2.0
  in .DirectFeedback.Test
	at ptolemy.actor.lib.Test.fire(Test.java:268)
	at ptolemy.domains.de.kernel.DEDirector._fire(DEDirector.java:1949)
	at ptolemy.domains.de.kernel.DEDirector.fire(DEDirector.java:502)
	at ptolemy.actor.CompositeActor.fire(CompositeActor.java:455)
	at ptolemy.actor.Manager.iterate(Manager.java:851)
	at ptolemy.actor.Manager.execute(Manager.java:369)
	at ptolemy.actor.Manager.run(Manager.java:1263)
	at ptolemy.actor.Manager$PtolemyRunThread.run(Manager.java:1915)
java.lang.RuntimeException: Execution failed
	at ptolemy.moml.MoMLSimpleApplication$UnloadThread.run(MoMLSimpleApplication.java:402)
Caused by: ptolemy.kernel.util.IllegalActionException: Found a zero delay loop containing .HierarchicalModel.A
  in .HierarchicalModel and .HierarchicalModel.A
	at ptolemy.actor.util.CausalityInterfaceForComposites._computeOutputPortDepth(CausalityInterfaceForComposites.java:759)
	at ptolemy.actor.util.CausalityInterfaceForComposites._computeInputDepth(CausalityInterfaceForComposites.java:696)
	at ptolemy.actor.util.CausalityInterfaceForComposites._computeOutputPortDepth(CausalityInterfaceForComposites.java:765)
	at ptolemy.actor.util.CausalityInterfaceForComposites._computeInputDepth(CausalityInterfaceForComposites.java:696)
	at ptolemy.actor.util.CausalityInterfaceForComposites._computeOutputPortDepth(CausalityInterfaceForComposites.java:765)
	at ptolemy.actor.util.CausalityInterfaceForComposites._computeInputDepth(CausalityInterfaceForComposites.java:696)
	at ptolemy.actor.util.CausalityInterfaceForComposites._computeActorDepth(CausalityInterfaceForComposites.java:532)
	at ptolemy.actor.util.CausalityInterfaceForComposites.checkForCycles(CausalityInterfaceForComposites.java:96)
	at ptolemy.domains.de.kernel.DEDirector.preinitialize(DEDirector.java:1338)
	at ptolemy.actor.CompositeActor.preinitialize(CompositeActor.java:1828)
	at ptolemy.actor.Manager.preinitializeAndResolveTypes(Manager.java:1040)
	at ptolemy.actor.Manager.initialize(Manager.java:710)
	at ptolemy.actor.Manager.execute(Manager.java:356)
	at ptolemy.actor.Manager.run(Manager.java:1263)
	at ptolemy.actor.Manager$PtolemyRunThread.run(Manager.java:1915)
java.lang.reflect.InvocationTargetException
	at sun.reflect.NativeConstructorAccessorImpl.newInstance0(Native Method)
	at sun.reflect.NativeConstructorAccessorImpl.newInstance(NativeConstructorAccessorImpl.java:62)
	at sun.reflect.DelegatingConstructorAccessorImpl.newInstance(DelegatingConstructorAccessorImpl.java:45)
	at java.lang.reflect.Constructor.newInstance(Constructor.java:423)
	at ptolemy.util.test.junit.AutoKnownFailedTests.RunModel(AutoKnownFailedTests.java:105)
	at sun.reflect.NativeMethodAccessorImpl.invoke0(Native Method)
	at sun.reflect.NativeMethodAccessorImpl.invoke(NativeMethodAccessorImpl.java:62)
	at sun.reflect.DelegatingMethodAccessorImpl.invoke(DelegatingMethodAccessorImpl.java:43)
	at java.lang.reflect.Method.invoke(Method.java:498)
	at org.junit.runners.model.FrameworkMethod$1.runReflectiveCall(FrameworkMethod.java:44)
	at org.junit.internal.runners.model.ReflectiveCallable.run(ReflectiveCallable.java:15)
	at org.junit.runners.model.FrameworkMethod.invokeExplosively(FrameworkMethod.java:41)
	at junitparams.internal.InvokeParameterisedMethod.evaluate(InvokeParameterisedMethod.java:102)
	at org.junit.internal.runners.statements.FailOnTimeout$1.run(FailOnTimeout.java:28)
Caused by: ptolemy.kernel.util.IllegalActionException: Found a zero delay loop containing .HierarchicalModel.A
  in .HierarchicalModel and .HierarchicalModel.A
	at ptolemy.actor.util.CausalityInterfaceForComposites._computeOutputPortDepth(CausalityInterfaceForComposites.java:759)
	at ptolemy.actor.util.CausalityInterfaceForComposites._computeInputDepth(CausalityInterfaceForComposites.java:696)
	at ptolemy.actor.util.CausalityInterfaceForComposites._computeOutputPortDepth(CausalityInterfaceForComposites.java:765)
	at ptolemy.actor.util.CausalityInterfaceForComposites._computeInputDepth(CausalityInterfaceForComposites.java:696)
	at ptolemy.actor.util.CausalityInterfaceForComposites._computeOutputPortDepth(CausalityInterfaceForComposites.java:765)
	at ptolemy.actor.util.CausalityInterfaceForComposites._computeInputDepth(CausalityInterfaceForComposites.java:696)
	at ptolemy.actor.util.CausalityInterfaceForComposites._computeActorDepth(CausalityInterfaceForComposites.java:532)
	at ptolemy.actor.util.CausalityInterfaceForComposites.checkForCycles(CausalityInterfaceForComposites.java:96)
	at ptolemy.domains.de.kernel.DEDirector.preinitialize(DEDirector.java:1338)
	at ptolemy.actor.CompositeActor.preinitialize(CompositeActor.java:1828)
	at ptolemy.actor.Manager.preinitializeAndResolveTypes(Manager.java:1040)
	at ptolemy.actor.Manager.initialize(Manager.java:710)
	at ptolemy.actor.Manager.execute(Manager.java:356)
	at ptolemy.actor.Manager.run(Manager.java:1263)
	at ptolemy.actor.Manager$PtolemyRunThread.run(Manager.java:1915)
java.lang.RuntimeException: Execution failed
	at ptolemy.moml.MoMLSimpleApplication$UnloadThread.run(MoMLSimpleApplication.java:402)
Caused by: ptolemy.kernel.util.IllegalActionException: Found a zero delay loop containing .dependencyLoop.original
  in .dependencyLoop and .dependencyLoop.original
	at ptolemy.actor.util.CausalityInterfaceForComposites._computeOutputPortDepth(CausalityInterfaceForComposites.java:759)
	at ptolemy.actor.util.CausalityInterfaceForComposites._computeInputDepth(CausalityInterfaceForComposites.java:696)
	at ptolemy.actor.util.CausalityInterfaceForComposites._computeOutputPortDepth(CausalityInterfaceForComposites.java:765)
	at ptolemy.actor.util.CausalityInterfaceForComposites._computeInputDepth(CausalityInterfaceForComposites.java:696)
	at ptolemy.actor.util.CausalityInterfaceForComposites._computeOutputPortDepth(CausalityInterfaceForComposites.java:765)
	at ptolemy.actor.util.CausalityInterfaceForComposites._computeInputDepth(CausalityInterfaceForComposites.java:696)
	at ptolemy.actor.util.CausalityInterfaceForComposites._computeActorDepth(CausalityInterfaceForComposites.java:532)
	at ptolemy.actor.util.CausalityInterfaceForComposites.checkForCycles(CausalityInterfaceForComposites.java:96)
	at ptolemy.domains.de.kernel.DEDirector.preinitialize(DEDirector.java:1338)
	at ptolemy.actor.CompositeActor.preinitialize(CompositeActor.java:1828)
	at ptolemy.actor.Manager.preinitializeAndResolveTypes(Manager.java:1040)
	at ptolemy.actor.Manager.initialize(Manager.java:710)
	at ptolemy.actor.Manager.execute(Manager.java:356)
	at ptolemy.actor.Manager.run(Manager.java:1263)
	at ptolemy.actor.Manager$PtolemyRunThread.run(Manager.java:1915)
java.lang.reflect.InvocationTargetException
	at sun.reflect.NativeConstructorAccessorImpl.newInstance0(Native Method)
	at sun.reflect.NativeConstructorAccessorImpl.newInstance(NativeConstructorAccessorImpl.java:62)
	at sun.reflect.DelegatingConstructorAccessorImpl.newInstance(DelegatingConstructorAccessorImpl.java:45)
	at java.lang.reflect.Constructor.newInstance(Constructor.java:423)
	at ptolemy.util.test.junit.AutoKnownFailedTests.RunModel(AutoKnownFailedTests.java:105)
	at sun.reflect.NativeMethodAccessorImpl.invoke0(Native Method)
	at sun.reflect.NativeMethodAccessorImpl.invoke(NativeMethodAccessorImpl.java:62)
	at sun.reflect.DelegatingMethodAccessorImpl.invoke(DelegatingMethodAccessorImpl.java:43)
	at java.lang.reflect.Method.invoke(Method.java:498)
	at org.junit.runners.model.FrameworkMethod$1.runReflectiveCall(FrameworkMethod.java:44)
	at org.junit.internal.runners.model.ReflectiveCallable.run(ReflectiveCallable.java:15)
	at org.junit.runners.model.FrameworkMethod.invokeExplosively(FrameworkMethod.java:41)
	at junitparams.internal.InvokeParameterisedMethod.evaluate(InvokeParameterisedMethod.java:102)
	at org.junit.internal.runners.statements.FailOnTimeout$1.run(FailOnTimeout.java:28)
Caused by: ptolemy.kernel.util.IllegalActionException: Found a zero delay loop containing .dependencyLoop.original
  in .dependencyLoop and .dependencyLoop.original
	at ptolemy.actor.util.CausalityInterfaceForComposites._computeOutputPortDepth(CausalityInterfaceForComposites.java:759)
	at ptolemy.actor.util.CausalityInterfaceForComposites._computeInputDepth(CausalityInterfaceForComposites.java:696)
	at ptolemy.actor.util.CausalityInterfaceForComposites._computeOutputPortDepth(CausalityInterfaceForComposites.java:765)
	at ptolemy.actor.util.CausalityInterfaceForComposites._computeInputDepth(CausalityInterfaceForComposites.java:696)
	at ptolemy.actor.util.CausalityInterfaceForComposites._computeOutputPortDepth(CausalityInterfaceForComposites.java:765)
	at ptolemy.actor.util.CausalityInterfaceForComposites._computeInputDepth(CausalityInterfaceForComposites.java:696)
	at ptolemy.actor.util.CausalityInterfaceForComposites._computeActorDepth(CausalityInterfaceForComposites.java:532)
	at ptolemy.actor.util.CausalityInterfaceForComposites.checkForCycles(CausalityInterfaceForComposites.java:96)
	at ptolemy.domains.de.kernel.DEDirector.preinitialize(DEDirector.java:1338)
	at ptolemy.actor.CompositeActor.preinitialize(CompositeActor.java:1828)
	at ptolemy.actor.Manager.preinitializeAndResolveTypes(Manager.java:1040)
	at ptolemy.actor.Manager.initialize(Manager.java:710)
	at ptolemy.actor.Manager.execute(Manager.java:356)
	at ptolemy.actor.Manager.run(Manager.java:1263)
	at ptolemy.actor.Manager$PtolemyRunThread.run(Manager.java:1915)
java.lang.RuntimeException: Execution failed
	at ptolemy.moml.MoMLSimpleApplication$UnloadThread.run(MoMLSimpleApplication.java:402)
Caused by: ptolemy.kernel.util.IllegalActionException: Found a zero delay loop containing .dependencyLoop2.original
  in .dependencyLoop2 and .dependencyLoop2.original
	at ptolemy.actor.util.CausalityInterfaceForComposites._computeOutputPortDepth(CausalityInterfaceForComposites.java:759)
	at ptolemy.actor.util.CausalityInterfaceForComposites._computeInputDepth(CausalityInterfaceForComposites.java:696)
	at ptolemy.actor.util.CausalityInterfaceForComposites._computeOutputPortDepth(CausalityInterfaceForComposites.java:765)
	at ptolemy.actor.util.CausalityInterfaceForComposites._computeInputDepth(CausalityInterfaceForComposites.java:696)
	at ptolemy.actor.util.CausalityInterfaceForComposites._computeOutputPortDepth(CausalityInterfaceForComposites.java:765)
	at ptolemy.actor.util.CausalityInterfaceForComposites._computeInputDepth(CausalityInterfaceForComposites.java:696)
	at ptolemy.actor.util.CausalityInterfaceForComposites._computeActorDepth(CausalityInterfaceForComposites.java:532)
	at ptolemy.actor.util.CausalityInterfaceForComposites.checkForCycles(CausalityInterfaceForComposites.java:96)
	at ptolemy.domains.de.kernel.DEDirector.preinitialize(DEDirector.java:1338)
	at ptolemy.actor.CompositeActor.preinitialize(CompositeActor.java:1828)
	at ptolemy.actor.Manager.preinitializeAndResolveTypes(Manager.java:1040)
	at ptolemy.actor.Manager.initialize(Manager.java:710)
	at ptolemy.actor.Manager.execute(Manager.java:356)
	at ptolemy.actor.Manager.run(Manager.java:1263)
	at ptolemy.actor.Manager$PtolemyRunThread.run(Manager.java:1915)
java.lang.reflect.InvocationTargetException
	at sun.reflect.NativeConstructorAccessorImpl.newInstance0(Native Method)
	at sun.reflect.NativeConstructorAccessorImpl.newInstance(NativeConstructorAccessorImpl.java:62)
	at sun.reflect.DelegatingConstructorAccessorImpl.newInstance(DelegatingConstructorAccessorImpl.java:45)
	at java.lang.reflect.Constructor.newInstance(Constructor.java:423)
	at ptolemy.util.test.junit.AutoKnownFailedTests.RunModel(AutoKnownFailedTests.java:105)
	at sun.reflect.NativeMethodAccessorImpl.invoke0(Native Method)
	at sun.reflect.NativeMethodAccessorImpl.invoke(NativeMethodAccessorImpl.java:62)
	at sun.reflect.DelegatingMethodAccessorImpl.invoke(DelegatingMethodAccessorImpl.java:43)
	at java.lang.reflect.Method.invoke(Method.java:498)
	at org.junit.runners.model.FrameworkMethod$1.runReflectiveCall(FrameworkMethod.java:44)
	at org.junit.internal.runners.model.ReflectiveCallable.run(ReflectiveCallable.java:15)
	at org.junit.runners.model.FrameworkMethod.invokeExplosively(FrameworkMethod.java:41)
	at junitparams.internal.InvokeParameterisedMethod.evaluate(InvokeParameterisedMethod.java:102)
	at org.junit.internal.runners.statements.FailOnTimeout$1.run(FailOnTimeout.java:28)
Caused by: ptolemy.kernel.util.IllegalActionException: Found a zero delay loop containing .dependencyLoop2.original
  in .dependencyLoop2 and .dependencyLoop2.original
	at ptolemy.actor.util.CausalityInterfaceForComposites._computeOutputPortDepth(CausalityInterfaceForComposites.java:759)
	at ptolemy.actor.util.CausalityInterfaceForComposites._computeInputDepth(CausalityInterfaceForComposites.java:696)
	at ptolemy.actor.util.CausalityInterfaceForComposites._computeOutputPortDepth(CausalityInterfaceForComposites.java:765)
	at ptolemy.actor.util.CausalityInterfaceForComposites._computeInputDepth(CausalityInterfaceForComposites.java:696)
	at ptolemy.actor.util.CausalityInterfaceForComposites._computeOutputPortDepth(CausalityInterfaceForComposites.java:765)
	at ptolemy.actor.util.CausalityInterfaceForComposites._computeInputDepth(CausalityInterfaceForComposites.java:696)
	at ptolemy.actor.util.CausalityInterfaceForComposites._computeActorDepth(CausalityInterfaceForComposites.java:532)
	at ptolemy.actor.util.CausalityInterfaceForComposites.checkForCycles(CausalityInterfaceForComposites.java:96)
	at ptolemy.domains.de.kernel.DEDirector.preinitialize(DEDirector.java:1338)
	at ptolemy.actor.CompositeActor.preinitialize(CompositeActor.java:1828)
	at ptolemy.actor.Manager.preinitializeAndResolveTypes(Manager.java:1040)
	at ptolemy.actor.Manager.initialize(Manager.java:710)
	at ptolemy.actor.Manager.execute(Manager.java:356)
	at ptolemy.actor.Manager.run(Manager.java:1263)
	at ptolemy.actor.Manager$PtolemyRunThread.run(Manager.java:1915)
]]></system-err>
</testsuite>
