<?xml version="1.0" encoding="UTF-8" ?>
<testsuite errors="0" failures="0" hostname="travis-job-532556be-fee6-4842-ae4b-8c069eda2d7f" name="ptolemy.domains.continuous.test.junit.JUnitTclTest" skipped="0" tests="156" time="69.641" timestamp="2019-12-21T06:26:30">
  <properties>
[...]
</properties>
  <testcase classname="ptolemy.util.test.junit.TclTests" name="[0] ThereAreNoTclTests (RunTclFile)" time="0.016" />
  <testcase classname="ptolemy.util.test.junit.AutoKnownFailedTests" name="[0] ThereAreNoKnowFailedTests (RunModel)" time="0.002" />
  <testcase classname="ptolemy.util.test.junit.AutoNameArchTests" name="[0] ThereAreNoAutoArchTests (RunModel)" time="0.019" />
  <testcase classname="ptolemy.util.test.junit.AutoTests" name="[0] /home/travis/build/icyphy/ptII/ptolemy/domains/continuous/test/auto/BouncingBall.xml (RunModel)" time="2.811" />
  <testcase classname="ptolemy.util.test.junit.AutoTests" name="[1] /home/travis/build/icyphy/ptII/ptolemy/domains/continuous/test/auto/BouncingBallWithoutGR.xml (RunModel)" time="0.827" />
  <testcase classname="ptolemy.util.test.junit.AutoTests" name="[2] /home/travis/build/icyphy/ptII/ptolemy/domains/continuous/test/auto/Brownian.xml (RunModel)" time="0.11" />
  <testcase classname="ptolemy.util.test.junit.AutoTests" name="[3] /home/travis/build/icyphy/ptII/ptolemy/domains/continuous/test/auto/CarTracking.xml (RunModel)" time="3.722" />
  <testcase classname="ptolemy.util.test.junit.AutoTests" name="[4] /home/travis/build/icyphy/ptII/ptolemy/domains/continuous/test/auto/CartPendulum.xml (RunModel)" time="0.485" />
  <testcase classname="ptolemy.util.test.junit.AutoTests" name="[5] /home/travis/build/icyphy/ptII/ptolemy/domains/continuous/test/auto/CausalityInterface10.xml (RunModel)" time="0.041" />
  <testcase classname="ptolemy.util.test.junit.AutoTests" name="[6] /home/travis/build/icyphy/ptII/ptolemy/domains/continuous/test/auto/CausalityInterface11.xml (RunModel)" time="0.02" />
  <testcase classname="ptolemy.util.test.junit.AutoTests" name="[7] /home/travis/build/icyphy/ptII/ptolemy/domains/continuous/test/auto/CausalityInterface12.xml (RunModel)" time="0.022" />
  <testcase classname="ptolemy.util.test.junit.AutoTests" name="[8] /home/travis/build/icyphy/ptII/ptolemy/domains/continuous/test/auto/CausalityInterface13.xml (RunModel)" time="0.036" />
  <testcase classname="ptolemy.util.test.junit.AutoTests" name="[9] /home/travis/build/icyphy/ptII/ptolemy/domains/continuous/test/auto/CausalityInterface14.xml (RunModel)" time="0.018" />
  <testcase classname="ptolemy.util.test.junit.AutoTests" name="[10] /home/travis/build/icyphy/ptII/ptolemy/domains/continuous/test/auto/CausalityInterface4.xml (RunModel)" time="0.028" />
  <testcase classname="ptolemy.util.test.junit.AutoTests" name="[11] /home/travis/build/icyphy/ptII/ptolemy/domains/continuous/test/auto/CausalityInterface5.xml (RunModel)" time="0.044" />
  <testcase classname="ptolemy.util.test.junit.AutoTests" name="[12] /home/travis/build/icyphy/ptII/ptolemy/domains/continuous/test/auto/CausalityInterface6.xml (RunModel)" time="0.024" />
  <testcase classname="ptolemy.util.test.junit.AutoTests" name="[13] /home/travis/build/icyphy/ptII/ptolemy/domains/continuous/test/auto/CausalityInterface7.xml (RunModel)" time="0.041" />
  <testcase classname="ptolemy.util.test.junit.AutoTests" name="[14] /home/travis/build/icyphy/ptII/ptolemy/domains/continuous/test/auto/CausalityInterface8.xml (RunModel)" time="0.035" />
  <testcase classname="ptolemy.util.test.junit.AutoTests" name="[15] /home/travis/build/icyphy/ptII/ptolemy/domains/continuous/test/auto/CausalityInterface9.xml (RunModel)" time="0.045" />
  <testcase classname="ptolemy.util.test.junit.AutoTests" name="[16] /home/travis/build/icyphy/ptII/ptolemy/domains/continuous/test/auto/CausalityInterfaceFeedback1.xml (RunModel)" time="0.028" />
  <testcase classname="ptolemy.util.test.junit.AutoTests" name="[17] /home/travis/build/icyphy/ptII/ptolemy/domains/continuous/test/auto/CausalityInterfaceFeedback2.xml (RunModel)" time="0.039" />
  <testcase classname="ptolemy.util.test.junit.AutoTests" name="[18] /home/travis/build/icyphy/ptII/ptolemy/domains/continuous/test/auto/CompareWithCurrentTime.xml (RunModel)" time="0.019" />
  <testcase classname="ptolemy.util.test.junit.AutoTests" name="[19] /home/travis/build/icyphy/ptII/ptolemy/domains/continuous/test/auto/ComparedClocks.xml (RunModel)" time="0.065" />
  <testcase classname="ptolemy.util.test.junit.AutoTests" name="[20] /home/travis/build/icyphy/ptII/ptolemy/domains/continuous/test/auto/ContinuousAOCClone.xml (RunModel)" time="2.554" />
  <testcase classname="ptolemy.util.test.junit.AutoTests" name="[21] /home/travis/build/icyphy/ptII/ptolemy/domains/continuous/test/auto/ContinuousClock.xml (RunModel)" time="0.111" />
  <testcase classname="ptolemy.util.test.junit.AutoTests" name="[22] /home/travis/build/icyphy/ptII/ptolemy/domains/continuous/test/auto/ContinuousInContinuous.xml (RunModel)" time="0.087" />
  <testcase classname="ptolemy.util.test.junit.AutoTests" name="[23] /home/travis/build/icyphy/ptII/ptolemy/domains/continuous/test/auto/ContinuousInContinuousInContinuous.xml (RunModel)" time="0.022" />
  <testcase classname="ptolemy.util.test.junit.AutoTests" name="[24] /home/travis/build/icyphy/ptII/ptolemy/domains/continuous/test/auto/ContinuousInDE.xml (RunModel)" time="0.119" />
  <testcase classname="ptolemy.util.test.junit.AutoTests" name="[25] /home/travis/build/icyphy/ptII/ptolemy/domains/continuous/test/auto/ContinuousInDE2.xml (RunModel)" time="0.051" />
  <testcase classname="ptolemy.util.test.junit.AutoTests" name="[26] /home/travis/build/icyphy/ptII/ptolemy/domains/continuous/test/auto/ContinuousInDE3.xml (RunModel)" time="0.061" />
  <testcase classname="ptolemy.util.test.junit.AutoTests" name="[27] /home/travis/build/icyphy/ptII/ptolemy/domains/continuous/test/auto/ContinuousInDE4.xml (RunModel)" time="0.03" />
  <testcase classname="ptolemy.util.test.junit.AutoTests" name="[28] /home/travis/build/icyphy/ptII/ptolemy/domains/continuous/test/auto/ContinuousInDEDifferentRefinements.xml (RunModel)" time="0.091" />
  <testcase classname="ptolemy.util.test.junit.AutoTests" name="[29] /home/travis/build/icyphy/ptII/ptolemy/domains/continuous/test/auto/ContinuousInDEDifferentRefinementsPreemptive.xml (RunModel)" time="0.07" />
  <testcase classname="ptolemy.util.test.junit.AutoTests" name="[30] /home/travis/build/icyphy/ptII/ptolemy/domains/continuous/test/auto/ContinuousInDEInContinuous2.xml (RunModel)" time="0.052" />
  <testcase classname="ptolemy.util.test.junit.AutoTests" name="[31] /home/travis/build/icyphy/ptII/ptolemy/domains/continuous/test/auto/ContinuousInDEInContinuous3.xml (RunModel)" time="0.054" />
  <testcase classname="ptolemy.util.test.junit.AutoTests" name="[32] /home/travis/build/icyphy/ptII/ptolemy/domains/continuous/test/auto/ContinuousInDEInput.xml (RunModel)" time="0.03" />
  <testcase classname="ptolemy.util.test.junit.AutoTests" name="[33] /home/travis/build/icyphy/ptII/ptolemy/domains/continuous/test/auto/ContinuousInDEInput2.xml (RunModel)" time="0.03" />
  <testcase classname="ptolemy.util.test.junit.AutoTests" name="[34] /home/travis/build/icyphy/ptII/ptolemy/domains/continuous/test/auto/ContinuousInDEInput3.xml (RunModel)" time="0.027" />
  <testcase classname="ptolemy.util.test.junit.AutoTests" name="[35] /home/travis/build/icyphy/ptII/ptolemy/domains/continuous/test/auto/ContinuousInDESharingRefinement.xml (RunModel)" time="0.175" />
  <testcase classname="ptolemy.util.test.junit.AutoTests" name="[36] /home/travis/build/icyphy/ptII/ptolemy/domains/continuous/test/auto/ContinuousInDEwithNoPorts.xml (RunModel)" time="0.015" />
  <testcase classname="ptolemy.util.test.junit.AutoTests" name="[37] /home/travis/build/icyphy/ptII/ptolemy/domains/continuous/test/auto/ContinuousInsideDE.xml (RunModel)" time="0.066" />
  <testcase classname="ptolemy.util.test.junit.AutoTests" name="[38] /home/travis/build/icyphy/ptII/ptolemy/domains/continuous/test/auto/ContinuousMerge1.xml (RunModel)" time="0.013" />
  <testcase classname="ptolemy.util.test.junit.AutoTests" name="[39] /home/travis/build/icyphy/ptII/ptolemy/domains/continuous/test/auto/ContinuousMerge2.xml (RunModel)" time="0.047" />
  <testcase classname="ptolemy.util.test.junit.AutoTests" name="[40] /home/travis/build/icyphy/ptII/ptolemy/domains/continuous/test/auto/ContinuousMerge3.xml (RunModel)" time="0.059" />
  <testcase classname="ptolemy.util.test.junit.AutoTests" name="[41] /home/travis/build/icyphy/ptII/ptolemy/domains/continuous/test/auto/ContinuousWithinContinuous.xml (RunModel)" time="0.044" />
  <testcase classname="ptolemy.util.test.junit.AutoTests" name="[42] /home/travis/build/icyphy/ptII/ptolemy/domains/continuous/test/auto/ContinuousWithinContinuous2.xml (RunModel)" time="0.069" />
  <testcase classname="ptolemy.util.test.junit.AutoTests" name="[43] /home/travis/build/icyphy/ptII/ptolemy/domains/continuous/test/auto/ContinuousWithinContinuous3.xml (RunModel)" time="0.027" />
  <testcase classname="ptolemy.util.test.junit.AutoTests" name="[44] /home/travis/build/icyphy/ptII/ptolemy/domains/continuous/test/auto/ContinuousWithinContinuous4.xml (RunModel)" time="0.074" />
  <testcase classname="ptolemy.util.test.junit.AutoTests" name="[45] /home/travis/build/icyphy/ptII/ptolemy/domains/continuous/test/auto/ContinuousWithinContinuous5.xml (RunModel)" time="0.023" />
  <testcase classname="ptolemy.util.test.junit.AutoTests" name="[46] /home/travis/build/icyphy/ptII/ptolemy/domains/continuous/test/auto/ContinuousWithinContinuous6.xml (RunModel)" time="0.025" />
  <testcase classname="ptolemy.util.test.junit.AutoTests" name="[47] /home/travis/build/icyphy/ptII/ptolemy/domains/continuous/test/auto/ContinuousWithinContinuous7.xml (RunModel)" time="0.056" />
  <testcase classname="ptolemy.util.test.junit.AutoTests" name="[48] /home/travis/build/icyphy/ptII/ptolemy/domains/continuous/test/auto/DCMotor.xml (RunModel)" time="13.198" />
  <testcase classname="ptolemy.util.test.junit.AutoTests" name="[49] /home/travis/build/icyphy/ptII/ptolemy/domains/continuous/test/auto/DEInContinuous.xml (RunModel)" time="0.033" />
  <testcase classname="ptolemy.util.test.junit.AutoTests" name="[50] /home/travis/build/icyphy/ptII/ptolemy/domains/continuous/test/auto/DEinContinuous2.xml (RunModel)" time="0.025" />
  <testcase classname="ptolemy.util.test.junit.AutoTests" name="[51] /home/travis/build/icyphy/ptII/ptolemy/domains/continuous/test/auto/Derivative.xml (RunModel)" time="0.16" />
  <testcase classname="ptolemy.util.test.junit.AutoTests" name="[52] /home/travis/build/icyphy/ptII/ptolemy/domains/continuous/test/auto/Derivative1.xml (RunModel)" time="0.051" />
  <testcase classname="ptolemy.util.test.junit.AutoTests" name="[53] /home/travis/build/icyphy/ptII/ptolemy/domains/continuous/test/auto/DiscreteClock.xml (RunModel)" time="0.012" />
  <testcase classname="ptolemy.util.test.junit.AutoTests" name="[54] /home/travis/build/icyphy/ptII/ptolemy/domains/continuous/test/auto/EfficiencyCurve.xml (RunModel)" time="0.075" />
  <testcase classname="ptolemy.util.test.junit.AutoTests" name="[55] /home/travis/build/icyphy/ptII/ptolemy/domains/continuous/test/auto/ExponentialResponse.xml (RunModel)" time="0.141" />
  <testcase classname="ptolemy.util.test.junit.AutoTests" name="[56] /home/travis/build/icyphy/ptII/ptolemy/domains/continuous/test/auto/ExponentialResponseRK45.xml (RunModel)" time="0.035" />
  <testcase classname="ptolemy.util.test.junit.AutoTests" name="[57] /home/travis/build/icyphy/ptII/ptolemy/domains/continuous/test/auto/Friction.xml (RunModel)" time="1.549" />
  <testcase classname="ptolemy.util.test.junit.AutoTests" name="[58] /home/travis/build/icyphy/ptII/ptolemy/domains/continuous/test/auto/FurutaPendulum.xml (RunModel)" time="3.016" />
  <testcase classname="ptolemy.util.test.junit.AutoTests" name="[59] /home/travis/build/icyphy/ptII/ptolemy/domains/continuous/test/auto/HierarchicalExecution.xml (RunModel)" time="1.785" />
  <testcase classname="ptolemy.util.test.junit.AutoTests" name="[60] /home/travis/build/icyphy/ptII/ptolemy/domains/continuous/test/auto/HybridPlant.xml (RunModel)" time="0.551" />
  <testcase classname="ptolemy.util.test.junit.AutoTests" name="[61] /home/travis/build/icyphy/ptII/ptolemy/domains/continuous/test/auto/Hysteresis.xml (RunModel)" time="0.176" />
  <testcase classname="ptolemy.util.test.junit.AutoTests" name="[62] /home/travis/build/icyphy/ptII/ptolemy/domains/continuous/test/auto/HysteresisWithRandomDelay.xml (RunModel)" time="0.216" />
  <testcase classname="ptolemy.util.test.junit.AutoTests" name="[63] /home/travis/build/icyphy/ptII/ptolemy/domains/continuous/test/auto/HysteresisWithRandomLosses.xml (RunModel)" time="2.226" />
  <testcase classname="ptolemy.util.test.junit.AutoTests" name="[64] /home/travis/build/icyphy/ptII/ptolemy/domains/continuous/test/auto/ImmediateTransitions.xml (RunModel)" time="0.037" />
  <testcase classname="ptolemy.util.test.junit.AutoTests" name="[65] /home/travis/build/icyphy/ptII/ptolemy/domains/continuous/test/auto/ImpulseFeedback.xml (RunModel)" time="0.018" />
  <testcase classname="ptolemy.util.test.junit.AutoTests" name="[66] /home/travis/build/icyphy/ptII/ptolemy/domains/continuous/test/auto/ImpulseFeedback2.xml (RunModel)" time="0.015" />
  <testcase classname="ptolemy.util.test.junit.AutoTests" name="[67] /home/travis/build/icyphy/ptII/ptolemy/domains/continuous/test/auto/IncreasingRatePoisson.xml (RunModel)" time="0.654" />
  <testcase classname="ptolemy.util.test.junit.AutoTests" name="[68] /home/travis/build/icyphy/ptII/ptolemy/domains/continuous/test/auto/InitialStateFeedback.xml (RunModel)" time="0.014" />
  <testcase classname="ptolemy.util.test.junit.AutoTests" name="[69] /home/travis/build/icyphy/ptII/ptolemy/domains/continuous/test/auto/Integration.xml (RunModel)" time="0.01" />
  <testcase classname="ptolemy.util.test.junit.AutoTests" name="[70] /home/travis/build/icyphy/ptII/ptolemy/domains/continuous/test/auto/Integration2.xml (RunModel)" time="0.086" />
  <testcase classname="ptolemy.util.test.junit.AutoTests" name="[71] /home/travis/build/icyphy/ptII/ptolemy/domains/continuous/test/auto/Integration3.xml (RunModel)" time="0.013" />
  <testcase classname="ptolemy.util.test.junit.AutoTests" name="[72] /home/travis/build/icyphy/ptII/ptolemy/domains/continuous/test/auto/Integration5.xml (RunModel)" time="0.02" />
  <testcase classname="ptolemy.util.test.junit.AutoTests" name="[73] /home/travis/build/icyphy/ptII/ptolemy/domains/continuous/test/auto/IntegratorImpulse.xml (RunModel)" time="0.009" />
  <testcase classname="ptolemy.util.test.junit.AutoTests" name="[74] /home/travis/build/icyphy/ptII/ptolemy/domains/continuous/test/auto/IntegratorImpulse2.xml (RunModel)" time="0.009" />
  <testcase classname="ptolemy.util.test.junit.AutoTests" name="[75] /home/travis/build/icyphy/ptII/ptolemy/domains/continuous/test/auto/LevelCrossing1.xml (RunModel)" time="0.009" />
  <testcase classname="ptolemy.util.test.junit.AutoTests" name="[76] /home/travis/build/icyphy/ptII/ptolemy/domains/continuous/test/auto/LevelCrossing2.xml (RunModel)" time="0.011" />
  <testcase classname="ptolemy.util.test.junit.AutoTests" name="[77] /home/travis/build/icyphy/ptII/ptolemy/domains/continuous/test/auto/LevelCrossing3.xml (RunModel)" time="0.01" />
  <testcase classname="ptolemy.util.test.junit.AutoTests" name="[78] /home/travis/build/icyphy/ptII/ptolemy/domains/continuous/test/auto/LevelCrossing4.xml (RunModel)" time="0.012" />
  <testcase classname="ptolemy.util.test.junit.AutoTests" name="[79] /home/travis/build/icyphy/ptII/ptolemy/domains/continuous/test/auto/LevelCrossing5.xml (RunModel)" time="0.011" />
  <testcase classname="ptolemy.util.test.junit.AutoTests" name="[80] /home/travis/build/icyphy/ptII/ptolemy/domains/continuous/test/auto/LevelCrossing6.xml (RunModel)" time="0.01" />
  <testcase classname="ptolemy.util.test.junit.AutoTests" name="[81] /home/travis/build/icyphy/ptII/ptolemy/domains/continuous/test/auto/LevelCrossingDetector.xml (RunModel)" time="0.032" />
  <testcase classname="ptolemy.util.test.junit.AutoTests" name="[82] /home/travis/build/icyphy/ptII/ptolemy/domains/continuous/test/auto/LevelCrossingDetectorDetectingDirections.xml (RunModel)" time="0.078" />
  <testcase classname="ptolemy.util.test.junit.AutoTests" name="[83] /home/travis/build/icyphy/ptII/ptolemy/domains/continuous/test/auto/LevelCrossingDetectorDetectsGlitches.xml (RunModel)" time="0.056" />
  <testcase classname="ptolemy.util.test.junit.AutoTests" name="[84] /home/travis/build/icyphy/ptII/ptolemy/domains/continuous/test/auto/LevelCrossingNoInitialOuput.xml (RunModel)" time="0.012" />
  <testcase classname="ptolemy.util.test.junit.AutoTests" name="[85] /home/travis/build/icyphy/ptII/ptolemy/domains/continuous/test/auto/LinearStateSpaceExample.xml (RunModel)" time="0.062" />
  <testcase classname="ptolemy.util.test.junit.AutoTests" name="[86] /home/travis/build/icyphy/ptII/ptolemy/domains/continuous/test/auto/Lorenz.xml (RunModel)" time="3.998" />
  <testcase classname="ptolemy.util.test.junit.AutoTests" name="[87] /home/travis/build/icyphy/ptII/ptolemy/domains/continuous/test/auto/LorenzDifferentialSystem.xml (RunModel)" time="0.868" />
  <testcase classname="ptolemy.util.test.junit.AutoTests" name="[88] /home/travis/build/icyphy/ptII/ptolemy/domains/continuous/test/auto/LorenzDifferentialSystemWithInput.xml (RunModel)" time="1.268" />
  <testcase classname="ptolemy.util.test.junit.AutoTests" name="[89] /home/travis/build/icyphy/ptII/ptolemy/domains/continuous/test/auto/LorenzDifferentialSystemWithTime.xml (RunModel)" time="0.633" />
  <testcase classname="ptolemy.util.test.junit.AutoTests" name="[90] /home/travis/build/icyphy/ptII/ptolemy/domains/continuous/test/auto/Microsteps.xml (RunModel)" time="0.042" />
  <testcase classname="ptolemy.util.test.junit.AutoTests" name="[91] /home/travis/build/icyphy/ptII/ptolemy/domains/continuous/test/auto/Modal1.xml (RunModel)" time="0.067" />
  <testcase classname="ptolemy.util.test.junit.AutoTests" name="[92] /home/travis/build/icyphy/ptII/ptolemy/domains/continuous/test/auto/Modal2.xml (RunModel)" time="0.052" />
  <testcase classname="ptolemy.util.test.junit.AutoTests" name="[93] /home/travis/build/icyphy/ptII/ptolemy/domains/continuous/test/auto/ModalTransitionGuardWithReset.xml (RunModel)" time="0.02" />
  <testcase classname="ptolemy.util.test.junit.AutoTests" name="[94] /home/travis/build/icyphy/ptII/ptolemy/domains/continuous/test/auto/ModalTransitionGuardWithResetUsingPreemptiveTransition.xml (RunModel)" time="0.048" />
  <testcase classname="ptolemy.util.test.junit.AutoTests" name="[95] /home/travis/build/icyphy/ptII/ptolemy/domains/continuous/test/auto/ModalTransitionGuardWithResetUsingPreemptiveTransition2.xml (RunModel)" time="0.045" />
  <testcase classname="ptolemy.util.test.junit.AutoTests" name="[96] /home/travis/build/icyphy/ptII/ptolemy/domains/continuous/test/auto/ModalTransitionGuardWithResetUsingPreemptiveTransition3.xml (RunModel)" time="0.047" />
  <testcase classname="ptolemy.util.test.junit.AutoTests" name="[97] /home/travis/build/icyphy/ptII/ptolemy/domains/continuous/test/auto/NewtonsCradle.xml (RunModel)" time="0.792" />
  <testcase classname="ptolemy.util.test.junit.AutoTests" name="[98] /home/travis/build/icyphy/ptII/ptolemy/domains/continuous/test/auto/NewtonsCradleAnimated.xml (RunModel)" time="1.181" />
  <testcase classname="ptolemy.util.test.junit.AutoTests" name="[99] /home/travis/build/icyphy/ptII/ptolemy/domains/continuous/test/auto/NewtonsCradleComplicated.xml (RunModel)" time="0.849" />
  <testcase classname="ptolemy.util.test.junit.AutoTests" name="[100] /home/travis/build/icyphy/ptII/ptolemy/domains/continuous/test/auto/NewtonsCradleNondeterministic.xml (RunModel)" time="0.639" />
  <testcase classname="ptolemy.util.test.junit.AutoTests" name="[101] /home/travis/build/icyphy/ptII/ptolemy/domains/continuous/test/auto/NewtonsCradlePerfectlyInelastic1.xml (RunModel)" time="1.117" />
  <testcase classname="ptolemy.util.test.junit.AutoTests" name="[102] /home/travis/build/icyphy/ptII/ptolemy/domains/continuous/test/auto/Noise.xml (RunModel)" time="0.172" />
  <testcase classname="ptolemy.util.test.junit.AutoTests" name="[103] /home/travis/build/icyphy/ptII/ptolemy/domains/continuous/test/auto/NoiseSpectrum.xml (RunModel)" time="0.624" />
  <testcase classname="ptolemy.util.test.junit.AutoTests" name="[104] /home/travis/build/icyphy/ptII/ptolemy/domains/continuous/test/auto/ParameterizedNewtonsCradleAnimated.xml (RunModel)" time="0.312" />
  <testcase classname="ptolemy.util.test.junit.AutoTests" name="[105] /home/travis/build/icyphy/ptII/ptolemy/domains/continuous/test/auto/ParameterizedNewtonsCradleAnimatedNondeterministic.xml (RunModel)" time="1.109" />
  <testcase classname="ptolemy.util.test.junit.AutoTests" name="[106] /home/travis/build/icyphy/ptII/ptolemy/domains/continuous/test/auto/Pendulum3D.xml (RunModel)" time="0.168" />
  <testcase classname="ptolemy.util.test.junit.AutoTests" name="[107] /home/travis/build/icyphy/ptII/ptolemy/domains/continuous/test/auto/PeriodicSampler.xml (RunModel)" time="0.009" />
  <testcase classname="ptolemy.util.test.junit.AutoTests" name="[108] /home/travis/build/icyphy/ptII/ptolemy/domains/continuous/test/auto/PeriodicSampler1.xml (RunModel)" time="0.034" />
  <testcase classname="ptolemy.util.test.junit.AutoTests" name="[109] /home/travis/build/icyphy/ptII/ptolemy/domains/continuous/test/auto/PeriodicSampler2.xml (RunModel)" time="0.072" />
  <testcase classname="ptolemy.util.test.junit.AutoTests" name="[110] /home/travis/build/icyphy/ptII/ptolemy/domains/continuous/test/auto/Poisson.xml (RunModel)" time="0.448" />
  <testcase classname="ptolemy.util.test.junit.AutoTests" name="[111] /home/travis/build/icyphy/ptII/ptolemy/domains/continuous/test/auto/PoissonClock.xml (RunModel)" time="0.012" />
  <testcase classname="ptolemy.util.test.junit.AutoTests" name="[112] /home/travis/build/icyphy/ptII/ptolemy/domains/continuous/test/auto/PoissonClock2.xml (RunModel)" time="0.009" />
  <testcase classname="ptolemy.util.test.junit.AutoTests" name="[113] /home/travis/build/icyphy/ptII/ptolemy/domains/continuous/test/auto/PortParameterHierarchy.xml (RunModel)" time="0.023" />
  <testcase classname="ptolemy.util.test.junit.AutoTests" name="[114] /home/travis/build/icyphy/ptII/ptolemy/domains/continuous/test/auto/RandomHybridPlant.xml (RunModel)" time="0.532" />
  <testcase classname="ptolemy.util.test.junit.AutoTests" name="[115] /home/travis/build/icyphy/ptII/ptolemy/domains/continuous/test/auto/ResetTransitionWithStartTime1.xml (RunModel)" time="0.026" />
  <testcase classname="ptolemy.util.test.junit.AutoTests" name="[116] /home/travis/build/icyphy/ptII/ptolemy/domains/continuous/test/auto/ResetTransitionWithStartTime2.xml (RunModel)" time="0.029" />
  <testcase classname="ptolemy.util.test.junit.AutoTests" name="[117] /home/travis/build/icyphy/ptII/ptolemy/domains/continuous/test/auto/ResetTransitionWithStartTime3.xml (RunModel)" time="0.031" />
  <testcase classname="ptolemy.util.test.junit.AutoTests" name="[118] /home/travis/build/icyphy/ptII/ptolemy/domains/continuous/test/auto/ResetTransitionWithStartTime4.xml (RunModel)" time="0.019" />
  <testcase classname="ptolemy.util.test.junit.AutoTests" name="[119] /home/travis/build/icyphy/ptII/ptolemy/domains/continuous/test/auto/ResetTransitionWithStartTime5.xml (RunModel)" time="0.037" />
  <testcase classname="ptolemy.util.test.junit.AutoTests" name="[120] /home/travis/build/icyphy/ptII/ptolemy/domains/continuous/test/auto/ResetTransitionWithStartTime6.xml (RunModel)" time="0.022" />
  <testcase classname="ptolemy.util.test.junit.AutoTests" name="[121] /home/travis/build/icyphy/ptII/ptolemy/domains/continuous/test/auto/SRinContinuous.xml (RunModel)" time="0.024" />
  <testcase classname="ptolemy.util.test.junit.AutoTests" name="[122] /home/travis/build/icyphy/ptII/ptolemy/domains/continuous/test/auto/SampledClocks.xml (RunModel)" time="0.036" />
  <testcase classname="ptolemy.util.test.junit.AutoTests" name="[123] /home/travis/build/icyphy/ptII/ptolemy/domains/continuous/test/auto/Satellite.xml (RunModel)" time="0.909" />
  <testcase classname="ptolemy.util.test.junit.AutoTests" name="[124] /home/travis/build/icyphy/ptII/ptolemy/domains/continuous/test/auto/SigmaDelta.xml (RunModel)" time="1.813" />
  <testcase classname="ptolemy.util.test.junit.AutoTests" name="[125] /home/travis/build/icyphy/ptII/ptolemy/domains/continuous/test/auto/SingleRefinement.xml (RunModel)" time="0.558" />
  <testcase classname="ptolemy.util.test.junit.AutoTests" name="[126] /home/travis/build/icyphy/ptII/ptolemy/domains/continuous/test/auto/SinuBouncingBall.xml (RunModel)" time="0.828" />
  <testcase classname="ptolemy.util.test.junit.AutoTests" name="[127] /home/travis/build/icyphy/ptII/ptolemy/domains/continuous/test/auto/Sinusoid.xml (RunModel)" time="0.016" />
  <testcase classname="ptolemy.util.test.junit.AutoTests" name="[128] /home/travis/build/icyphy/ptII/ptolemy/domains/continuous/test/auto/SinusoidInNoise.xml (RunModel)" time="0.813" />
  <testcase classname="ptolemy.util.test.junit.AutoTests" name="[129] /home/travis/build/icyphy/ptII/ptolemy/domains/continuous/test/auto/SinusoidRK45.xml (RunModel)" time="0.009" />
  <testcase classname="ptolemy.util.test.junit.AutoTests" name="[130] /home/travis/build/icyphy/ptII/ptolemy/domains/continuous/test/auto/SinusoidWithMultipleImpulses.xml (RunModel)" time="0.009" />
  <testcase classname="ptolemy.util.test.junit.AutoTests" name="[131] /home/travis/build/icyphy/ptII/ptolemy/domains/continuous/test/auto/SquareWave.xml (RunModel)" time="0.155" />
  <testcase classname="ptolemy.util.test.junit.AutoTests" name="[132] /home/travis/build/icyphy/ptII/ptolemy/domains/continuous/test/auto/Starmac.xml (RunModel)" time="3.345" />
  <testcase classname="ptolemy.util.test.junit.AutoTests" name="[133] /home/travis/build/icyphy/ptII/ptolemy/domains/continuous/test/auto/StaticUnits.xml (RunModel)" time="2.566" />
  <testcase classname="ptolemy.util.test.junit.AutoTests" name="[134] /home/travis/build/icyphy/ptII/ptolemy/domains/continuous/test/auto/StickyMasses.xml (RunModel)" time="0.196" />
  <testcase classname="ptolemy.util.test.junit.AutoTests" name="[135] /home/travis/build/icyphy/ptII/ptolemy/domains/continuous/test/auto/StopTime.xml (RunModel)" time="0.058" />
  <testcase classname="ptolemy.util.test.junit.AutoTests" name="[136] /home/travis/build/icyphy/ptII/ptolemy/domains/continuous/test/auto/StopTime2.xml (RunModel)" time="0.048" />
  <testcase classname="ptolemy.util.test.junit.AutoTests" name="[137] /home/travis/build/icyphy/ptII/ptolemy/domains/continuous/test/auto/Switch.xml (RunModel)" time="0.059" />
  <testcase classname="ptolemy.util.test.junit.AutoTests" name="[138] /home/travis/build/icyphy/ptII/ptolemy/domains/continuous/test/auto/Thermostat.xml (RunModel)" time="0.213" />
  <testcase classname="ptolemy.util.test.junit.AutoTests" name="[139] /home/travis/build/icyphy/ptII/ptolemy/domains/continuous/test/auto/TimeDelay.xml (RunModel)" time="0.011" />
  <testcase classname="ptolemy.util.test.junit.AutoTests" name="[140] /home/travis/build/icyphy/ptII/ptolemy/domains/continuous/test/auto/TimeDelay2.xml (RunModel)" time="0.02" />
  <testcase classname="ptolemy.util.test.junit.AutoTests" name="[141] /home/travis/build/icyphy/ptII/ptolemy/domains/continuous/test/auto/TimeDelay3.xml (RunModel)" time="0.01" />
  <testcase classname="ptolemy.util.test.junit.AutoTests" name="[142] /home/travis/build/icyphy/ptII/ptolemy/domains/continuous/test/auto/TransferAbsentToInside.xml (RunModel)" time="0.089" />
  <testcase classname="ptolemy.util.test.junit.AutoTests" name="[143] /home/travis/build/icyphy/ptII/ptolemy/domains/continuous/test/auto/Transmission.xml (RunModel)" time="0.767" />
  <testcase classname="ptolemy.util.test.junit.AutoTests" name="[144] /home/travis/build/icyphy/ptII/ptolemy/domains/continuous/test/auto/TriggeredContinuousClock.xml (RunModel)" time="0.066" />
  <testcase classname="ptolemy.util.test.junit.AutoTests" name="[145] /home/travis/build/icyphy/ptII/ptolemy/domains/continuous/test/auto/TwoMachineInfiniteBusControl.xml (RunModel)" time="2.43" />
  <testcase classname="ptolemy.util.test.junit.AutoTests" name="[146] /home/travis/build/icyphy/ptII/ptolemy/domains/continuous/test/auto/V2V.xml (RunModel)" time="0.812" />
  <testcase classname="ptolemy.util.test.junit.AutoTests" name="[147] /home/travis/build/icyphy/ptII/ptolemy/domains/continuous/test/auto/hierarchicalModalModel.xml (RunModel)" time="0.036" />
  <testcase classname="ptolemy.util.test.junit.AutoTests" name="[148] /home/travis/build/icyphy/ptII/ptolemy/domains/continuous/test/auto/hierarchicalModalModel1.xml (RunModel)" time="0.035" />
  <testcase classname="ptolemy.util.test.junit.AutoTests" name="[149] /home/travis/build/icyphy/ptII/ptolemy/domains/continuous/test/auto/hierarchicalModalModel2.xml (RunModel)" time="0.028" />
  <testcase classname="ptolemy.util.test.junit.AutoTests" name="[150] /home/travis/build/icyphy/ptII/ptolemy/domains/continuous/test/auto/hierarchicalModalModel3.xml (RunModel)" time="0.024" />
  <testcase classname="ptolemy.util.test.junit.AutoTests" name="[151] /home/travis/build/icyphy/ptII/ptolemy/domains/continuous/test/auto/hierarchicalModalModel4.xml (RunModel)" time="0.02" />
  <testcase classname="ptolemy.util.test.junit.AutoTests" name="[152] /home/travis/build/icyphy/ptII/ptolemy/domains/continuous/test/auto/junk.xml (RunModel)" time="0.123" />
  <system-out><![CDATA[No tcl tests in /home/travis/build/icyphy/ptII/ptolemy/domains/continuous/test
No auto/knownFailedTests/*.xml tests in /home/travis/build/icyphy/ptII/ptolemy/domains/continuous/test
No auto/linux-amd64/*.xml tests in /home/travis/build/icyphy/ptII/ptolemy/domains/continuous/test
AutoTests.java: About to close Vertx.
AutoTests.java: Vertx closed.

===========================================================================================
----------------- testing Sat Dec 21 06:26:31 UTC 2019 /home/travis/build/icyphy/ptII/ptolemy/domains/continuous/test/auto/BouncingBall.xml
----------------- Instantiating /home/travis/build/icyphy/ptII/ptolemy/domains/continuous/test/auto/BouncingBall.xml
2211 ms. Memory: 165888K Free: 121271K (73%)
----------------- Invoking toplevel() on ptolemy.moml.MoMLSimpleApplication@4244b7f
----------------- Done invoking toplevel() on ptolemy.moml.MoMLSimpleApplication@4244b7f
reloadAllAccessors: .BouncingBall

===========================================================================================
----------------- testing Sat Dec 21 06:26:33 UTC 2019 /home/travis/build/icyphy/ptII/ptolemy/domains/continuous/test/auto/BouncingBallWithoutGR.xml
----------------- Instantiating /home/travis/build/icyphy/ptII/ptolemy/domains/continuous/test/auto/BouncingBallWithoutGR.xml
739 ms. Memory: 165888K Free: 135807K (82%)
----------------- Invoking toplevel() on ptolemy.moml.MoMLSimpleApplication@3f709b43
----------------- Done invoking toplevel() on ptolemy.moml.MoMLSimpleApplication@3f709b43
reloadAllAccessors: .BouncingBallWithoutGR

===========================================================================================
----------------- testing Sat Dec 21 06:26:34 UTC 2019 /home/travis/build/icyphy/ptII/ptolemy/domains/continuous/test/auto/Brownian.xml
----------------- Instantiating /home/travis/build/icyphy/ptII/ptolemy/domains/continuous/test/auto/Brownian.xml
23 ms. Memory: 165888K Free: 126605K (76%)
----------------- Invoking toplevel() on ptolemy.moml.MoMLSimpleApplication@51e8e70d
----------------- Done invoking toplevel() on ptolemy.moml.MoMLSimpleApplication@51e8e70d
reloadAllAccessors: .Brownian

===========================================================================================
----------------- testing Sat Dec 21 06:26:34 UTC 2019 /home/travis/build/icyphy/ptII/ptolemy/domains/continuous/test/auto/CarTracking.xml
----------------- Instantiating /home/travis/build/icyphy/ptII/ptolemy/domains/continuous/test/auto/CarTracking.xml
3233 ms. Memory: 199680K Free: 75160K (38%)
----------------- Invoking toplevel() on ptolemy.moml.MoMLSimpleApplication@4a76fb75
----------------- Done invoking toplevel() on ptolemy.moml.MoMLSimpleApplication@4a76fb75
reloadAllAccessors: .CarTracking

===========================================================================================
----------------- testing Sat Dec 21 06:26:38 UTC 2019 /home/travis/build/icyphy/ptII/ptolemy/domains/continuous/test/auto/CartPendulum.xml
----------------- Instantiating /home/travis/build/icyphy/ptII/ptolemy/domains/continuous/test/auto/CartPendulum.xml
340 ms. Memory: 239616K Free: 140692K (59%)
----------------- Invoking toplevel() on ptolemy.moml.MoMLSimpleApplication@536d1eae
----------------- Done invoking toplevel() on ptolemy.moml.MoMLSimpleApplication@536d1eae
reloadAllAccessors: .CartPendulum

===========================================================================================
----------------- testing Sat Dec 21 06:26:39 UTC 2019 /home/travis/build/icyphy/ptII/ptolemy/domains/continuous/test/auto/CausalityInterface10.xml
----------------- Instantiating /home/travis/build/icyphy/ptII/ptolemy/domains/continuous/test/auto/CausalityInterface10.xml
7 ms. Memory: 239616K Free: 130452K (54%)
----------------- Invoking toplevel() on ptolemy.moml.MoMLSimpleApplication@7c4c4789
----------------- Done invoking toplevel() on ptolemy.moml.MoMLSimpleApplication@7c4c4789
reloadAllAccessors: .CausalityInterface10

===========================================================================================
----------------- testing Sat Dec 21 06:26:39 UTC 2019 /home/travis/build/icyphy/ptII/ptolemy/domains/continuous/test/auto/CausalityInterface11.xml
----------------- Instantiating /home/travis/build/icyphy/ptII/ptolemy/domains/continuous/test/auto/CausalityInterface11.xml
4 ms. Memory: 239616K Free: 124308K (52%)
----------------- Invoking toplevel() on ptolemy.moml.MoMLSimpleApplication@10a1f889
----------------- Done invoking toplevel() on ptolemy.moml.MoMLSimpleApplication@10a1f889
reloadAllAccessors: .CausalityInterface11

===========================================================================================
----------------- testing Sat Dec 21 06:26:39 UTC 2019 /home/travis/build/icyphy/ptII/ptolemy/domains/continuous/test/auto/CausalityInterface12.xml
----------------- Instantiating /home/travis/build/icyphy/ptII/ptolemy/domains/continuous/test/auto/CausalityInterface12.xml
4 ms. Memory: 239616K Free: 118164K (49%)
----------------- Invoking toplevel() on ptolemy.moml.MoMLSimpleApplication@64e16730
----------------- Done invoking toplevel() on ptolemy.moml.MoMLSimpleApplication@64e16730
reloadAllAccessors: .CausalityInterface12

===========================================================================================
----------------- testing Sat Dec 21 06:26:39 UTC 2019 /home/travis/build/icyphy/ptII/ptolemy/domains/continuous/test/auto/CausalityInterface13.xml
----------------- Instantiating /home/travis/build/icyphy/ptII/ptolemy/domains/continuous/test/auto/CausalityInterface13.xml
6 ms. Memory: 239616K Free: 112020K (47%)
----------------- Invoking toplevel() on ptolemy.moml.MoMLSimpleApplication@4a049d0
----------------- Done invoking toplevel() on ptolemy.moml.MoMLSimpleApplication@4a049d0
reloadAllAccessors: .CausalityInterface13

===========================================================================================
----------------- testing Sat Dec 21 06:26:39 UTC 2019 /home/travis/build/icyphy/ptII/ptolemy/domains/continuous/test/auto/CausalityInterface14.xml
----------------- Instantiating /home/travis/build/icyphy/ptII/ptolemy/domains/continuous/test/auto/CausalityInterface14.xml
3 ms. Memory: 239616K Free: 106386K (44%)
----------------- Invoking toplevel() on ptolemy.moml.MoMLSimpleApplication@2f78adc0
----------------- Done invoking toplevel() on ptolemy.moml.MoMLSimpleApplication@2f78adc0
reloadAllAccessors: .CausalityInterface14

===========================================================================================
----------------- testing Sat Dec 21 06:26:39 UTC 2019 /home/travis/build/icyphy/ptII/ptolemy/domains/continuous/test/auto/CausalityInterface4.xml
----------------- Instantiating /home/travis/build/icyphy/ptII/ptolemy/domains/continuous/test/auto/CausalityInterface4.xml
4 ms. Memory: 239616K Free: 99732K (42%)
----------------- Invoking toplevel() on ptolemy.moml.MoMLSimpleApplication@5f422f49
----------------- Done invoking toplevel() on ptolemy.moml.MoMLSimpleApplication@5f422f49
reloadAllAccessors: .CausalityInterface4

===========================================================================================
----------------- testing Sat Dec 21 06:26:39 UTC 2019 /home/travis/build/icyphy/ptII/ptolemy/domains/continuous/test/auto/CausalityInterface5.xml
----------------- Instantiating /home/travis/build/icyphy/ptII/ptolemy/domains/continuous/test/auto/CausalityInterface5.xml
6 ms. Memory: 239616K Free: 91540K (38%)
----------------- Invoking toplevel() on ptolemy.moml.MoMLSimpleApplication@1bda0edb
----------------- Done invoking toplevel() on ptolemy.moml.MoMLSimpleApplication@1bda0edb
reloadAllAccessors: .CausalityInterface5

===========================================================================================
----------------- testing Sat Dec 21 06:26:39 UTC 2019 /home/travis/build/icyphy/ptII/ptolemy/domains/continuous/test/auto/CausalityInterface6.xml
----------------- Instantiating /home/travis/build/icyphy/ptII/ptolemy/domains/continuous/test/auto/CausalityInterface6.xml
4 ms. Memory: 239616K Free: 86420K (36%)
----------------- Invoking toplevel() on ptolemy.moml.MoMLSimpleApplication@72d77614
----------------- Done invoking toplevel() on ptolemy.moml.MoMLSimpleApplication@72d77614
reloadAllAccessors: .CausalityInterface6

===========================================================================================
----------------- testing Sat Dec 21 06:26:39 UTC 2019 /home/travis/build/icyphy/ptII/ptolemy/domains/continuous/test/auto/CausalityInterface7.xml
----------------- Instantiating /home/travis/build/icyphy/ptII/ptolemy/domains/continuous/test/auto/CausalityInterface7.xml
11 ms. Memory: 239616K Free: 219825K (92%)
----------------- Invoking toplevel() on ptolemy.moml.MoMLSimpleApplication@658e53e1
----------------- Done invoking toplevel() on ptolemy.moml.MoMLSimpleApplication@658e53e1
reloadAllAccessors: .CausalityInterface7

===========================================================================================
----------------- testing Sat Dec 21 06:26:39 UTC 2019 /home/travis/build/icyphy/ptII/ptolemy/domains/continuous/test/auto/CausalityInterface8.xml
----------------- Instantiating /home/travis/build/icyphy/ptII/ptolemy/domains/continuous/test/auto/CausalityInterface8.xml
5 ms. Memory: 239616K Free: 210609K (88%)
----------------- Invoking toplevel() on ptolemy.moml.MoMLSimpleApplication@593a361f
----------------- Done invoking toplevel() on ptolemy.moml.MoMLSimpleApplication@593a361f
reloadAllAccessors: .CausalityInterface8

===========================================================================================
----------------- testing Sat Dec 21 06:26:39 UTC 2019 /home/travis/build/icyphy/ptII/ptolemy/domains/continuous/test/auto/CausalityInterface9.xml
----------------- Instantiating /home/travis/build/icyphy/ptII/ptolemy/domains/continuous/test/auto/CausalityInterface9.xml
8 ms. Memory: 239616K Free: 199859K (83%)
----------------- Invoking toplevel() on ptolemy.moml.MoMLSimpleApplication@5d43bd45
----------------- Done invoking toplevel() on ptolemy.moml.MoMLSimpleApplication@5d43bd45
reloadAllAccessors: .CausalityInterface9

===========================================================================================
----------------- testing Sat Dec 21 06:26:39 UTC 2019 /home/travis/build/icyphy/ptII/ptolemy/domains/continuous/test/auto/CausalityInterfaceFeedback1.xml
----------------- Instantiating /home/travis/build/icyphy/ptII/ptolemy/domains/continuous/test/auto/CausalityInterfaceFeedback1.xml
3 ms. Memory: 239616K Free: 193186K (81%)
----------------- Invoking toplevel() on ptolemy.moml.MoMLSimpleApplication@56b82a2a
----------------- Done invoking toplevel() on ptolemy.moml.MoMLSimpleApplication@56b82a2a
reloadAllAccessors: .CausalityInterfaceFeedback1

===========================================================================================
----------------- testing Sat Dec 21 06:26:39 UTC 2019 /home/travis/build/icyphy/ptII/ptolemy/domains/continuous/test/auto/CausalityInterfaceFeedback2.xml
----------------- Instantiating /home/travis/build/icyphy/ptII/ptolemy/domains/continuous/test/auto/CausalityInterfaceFeedback2.xml
4 ms. Memory: 239616K Free: 186547K (78%)
----------------- Invoking toplevel() on ptolemy.moml.MoMLSimpleApplication@fd76995
----------------- Done invoking toplevel() on ptolemy.moml.MoMLSimpleApplication@fd76995
reloadAllAccessors: .CausalityInterfaceFeedback2

===========================================================================================
----------------- testing Sat Dec 21 06:26:39 UTC 2019 /home/travis/build/icyphy/ptII/ptolemy/domains/continuous/test/auto/CompareWithCurrentTime.xml
----------------- Instantiating /home/travis/build/icyphy/ptII/ptolemy/domains/continuous/test/auto/CompareWithCurrentTime.xml
3 ms. Memory: 239616K Free: 182451K (76%)
----------------- Invoking toplevel() on ptolemy.moml.MoMLSimpleApplication@4926f970
----------------- Done invoking toplevel() on ptolemy.moml.MoMLSimpleApplication@4926f970
reloadAllAccessors: .CompareWithCurrentTime

===========================================================================================
----------------- testing Sat Dec 21 06:26:39 UTC 2019 /home/travis/build/icyphy/ptII/ptolemy/domains/continuous/test/auto/ComparedClocks.xml
----------------- Instantiating /home/travis/build/icyphy/ptII/ptolemy/domains/continuous/test/auto/ComparedClocks.xml
5 ms. Memory: 239616K Free: 167091K (70%)
----------------- Invoking toplevel() on ptolemy.moml.MoMLSimpleApplication@31e147f6
----------------- Done invoking toplevel() on ptolemy.moml.MoMLSimpleApplication@31e147f6
reloadAllAccessors: .ComparedClocks

===========================================================================================
----------------- testing Sat Dec 21 06:26:39 UTC 2019 /home/travis/build/icyphy/ptII/ptolemy/domains/continuous/test/auto/ContinuousAOCClone.xml
----------------- Instantiating /home/travis/build/icyphy/ptII/ptolemy/domains/continuous/test/auto/ContinuousAOCClone.xml
2368 ms. Memory: 287744K Free: 249184K (87%)
----------------- Invoking toplevel() on ptolemy.moml.MoMLSimpleApplication@58c39b9d
----------------- Done invoking toplevel() on ptolemy.moml.MoMLSimpleApplication@58c39b9d
reloadAllAccessors: .ContinuousAOCClone

===========================================================================================
----------------- testing Sat Dec 21 06:26:42 UTC 2019 /home/travis/build/icyphy/ptII/ptolemy/domains/continuous/test/auto/ContinuousClock.xml
----------------- Instantiating /home/travis/build/icyphy/ptII/ptolemy/domains/continuous/test/auto/ContinuousClock.xml
35 ms. Memory: 287744K Free: 227170K (79%)
----------------- Invoking toplevel() on ptolemy.moml.MoMLSimpleApplication@ed2efc1
----------------- Done invoking toplevel() on ptolemy.moml.MoMLSimpleApplication@ed2efc1
reloadAllAccessors: .ContinuousClock

===========================================================================================
----------------- testing Sat Dec 21 06:26:42 UTC 2019 /home/travis/build/icyphy/ptII/ptolemy/domains/continuous/test/auto/ContinuousInContinuous.xml
----------------- Instantiating /home/travis/build/icyphy/ptII/ptolemy/domains/continuous/test/auto/ContinuousInContinuous.xml
39 ms. Memory: 287744K Free: 203618K (71%)
----------------- Invoking toplevel() on ptolemy.moml.MoMLSimpleApplication@5e9621ce
----------------- Done invoking toplevel() on ptolemy.moml.MoMLSimpleApplication@5e9621ce
reloadAllAccessors: .ContinuousInContinuous

===========================================================================================
----------------- testing Sat Dec 21 06:26:42 UTC 2019 /home/travis/build/icyphy/ptII/ptolemy/domains/continuous/test/auto/ContinuousInContinuousInContinuous.xml
----------------- Instantiating /home/travis/build/icyphy/ptII/ptolemy/domains/continuous/test/auto/ContinuousInContinuousInContinuous.xml
7 ms. Memory: 287744K Free: 195936K (68%)
----------------- Invoking toplevel() on ptolemy.moml.MoMLSimpleApplication@6bc1d0c5
----------------- Done invoking toplevel() on ptolemy.moml.MoMLSimpleApplication@6bc1d0c5
reloadAllAccessors: .ContinuousInContinuousInContinuous

===========================================================================================
----------------- testing Sat Dec 21 06:26:42 UTC 2019 /home/travis/build/icyphy/ptII/ptolemy/domains/continuous/test/auto/ContinuousInDE.xml
----------------- Instantiating /home/travis/build/icyphy/ptII/ptolemy/domains/continuous/test/auto/ContinuousInDE.xml
98 ms. Memory: 287744K Free: 185186K (64%)
----------------- Invoking toplevel() on ptolemy.moml.MoMLSimpleApplication@5e3f4bc4
----------------- Done invoking toplevel() on ptolemy.moml.MoMLSimpleApplication@5e3f4bc4
reloadAllAccessors: .ContinuousInDE

===========================================================================================
----------------- testing Sat Dec 21 06:26:42 UTC 2019 /home/travis/build/icyphy/ptII/ptolemy/domains/continuous/test/auto/ContinuousInDE2.xml
----------------- Instantiating /home/travis/build/icyphy/ptII/ptolemy/domains/continuous/test/auto/ContinuousInDE2.xml
39 ms. Memory: 287744K Free: 175456K (61%)
----------------- Invoking toplevel() on ptolemy.moml.MoMLSimpleApplication@75c85adf
----------------- Done invoking toplevel() on ptolemy.moml.MoMLSimpleApplication@75c85adf
reloadAllAccessors: .ContinuousInDE2

===========================================================================================
----------------- testing Sat Dec 21 06:26:42 UTC 2019 /home/travis/build/icyphy/ptII/ptolemy/domains/continuous/test/auto/ContinuousInDE3.xml
----------------- Instantiating /home/travis/build/icyphy/ptII/ptolemy/domains/continuous/test/auto/ContinuousInDE3.xml
37 ms. Memory: 287744K Free: 165730K (58%)
----------------- Invoking toplevel() on ptolemy.moml.MoMLSimpleApplication@738910de
----------------- Done invoking toplevel() on ptolemy.moml.MoMLSimpleApplication@738910de
reloadAllAccessors: .ContinuousInDE3

===========================================================================================
----------------- testing Sat Dec 21 06:26:43 UTC 2019 /home/travis/build/icyphy/ptII/ptolemy/domains/continuous/test/auto/ContinuousInDE4.xml
----------------- Instantiating /home/travis/build/icyphy/ptII/ptolemy/domains/continuous/test/auto/ContinuousInDE4.xml
13 ms. Memory: 287744K Free: 159585K (55%)
----------------- Invoking toplevel() on ptolemy.moml.MoMLSimpleApplication@57cc36d7
----------------- Done invoking toplevel() on ptolemy.moml.MoMLSimpleApplication@57cc36d7
reloadAllAccessors: .ContinuousInDE4

===========================================================================================
----------------- testing Sat Dec 21 06:26:43 UTC 2019 /home/travis/build/icyphy/ptII/ptolemy/domains/continuous/test/auto/ContinuousInDEDifferentRefinements.xml
----------------- Instantiating /home/travis/build/icyphy/ptII/ptolemy/domains/continuous/test/auto/ContinuousInDEDifferentRefinements.xml
50 ms. Memory: 287744K Free: 127842K (44%)
----------------- Invoking toplevel() on ptolemy.moml.MoMLSimpleApplication@1a779e5c
----------------- Done invoking toplevel() on ptolemy.moml.MoMLSimpleApplication@1a779e5c
reloadAllAccessors: .ContinuousInDEDifferentRefinements

===========================================================================================
----------------- testing Sat Dec 21 06:26:43 UTC 2019 /home/travis/build/icyphy/ptII/ptolemy/domains/continuous/test/auto/ContinuousInDEDifferentRefinementsPreemptive.xml
----------------- Instantiating /home/travis/build/icyphy/ptII/ptolemy/domains/continuous/test/auto/ContinuousInDEDifferentRefinementsPreemptive.xml
40 ms. Memory: 287744K Free: 268319K (93%)
----------------- Invoking toplevel() on ptolemy.moml.MoMLSimpleApplication@660757f0
----------------- Done invoking toplevel() on ptolemy.moml.MoMLSimpleApplication@660757f0
reloadAllAccessors: .ContinuousInDEDifferentRefinementsPreemptive

===========================================================================================
----------------- testing Sat Dec 21 06:26:43 UTC 2019 /home/travis/build/icyphy/ptII/ptolemy/domains/continuous/test/auto/ContinuousInDEInContinuous2.xml
----------------- Instantiating /home/travis/build/icyphy/ptII/ptolemy/domains/continuous/test/auto/ContinuousInDEInContinuous2.xml
32 ms. Memory: 287744K Free: 256859K (89%)
----------------- Invoking toplevel() on ptolemy.moml.MoMLSimpleApplication@810575a
----------------- Done invoking toplevel() on ptolemy.moml.MoMLSimpleApplication@810575a
reloadAllAccessors: .ContinuousInDEInContinuous2

===========================================================================================
----------------- testing Sat Dec 21 06:26:43 UTC 2019 /home/travis/build/icyphy/ptII/ptolemy/domains/continuous/test/auto/ContinuousInDEInContinuous3.xml
----------------- Instantiating /home/travis/build/icyphy/ptII/ptolemy/domains/continuous/test/auto/ContinuousInDEInContinuous3.xml
33 ms. Memory: 287744K Free: 244571K (85%)
----------------- Invoking toplevel() on ptolemy.moml.MoMLSimpleApplication@b0aa9
----------------- Done invoking toplevel() on ptolemy.moml.MoMLSimpleApplication@b0aa9
reloadAllAccessors: .ContinuousInDEInContinuous3

===========================================================================================
----------------- testing Sat Dec 21 06:26:43 UTC 2019 /home/travis/build/icyphy/ptII/ptolemy/domains/continuous/test/auto/ContinuousInDEInput.xml
----------------- Instantiating /home/travis/build/icyphy/ptII/ptolemy/domains/continuous/test/auto/ContinuousInDEInput.xml
13 ms. Memory: 287744K Free: 237403K (83%)
----------------- Invoking toplevel() on ptolemy.moml.MoMLSimpleApplication@41d6266e
----------------- Done invoking toplevel() on ptolemy.moml.MoMLSimpleApplication@41d6266e
reloadAllAccessors: .ContinuousInDEInput

===========================================================================================
----------------- testing Sat Dec 21 06:26:43 UTC 2019 /home/travis/build/icyphy/ptII/ptolemy/domains/continuous/test/auto/ContinuousInDEInput2.xml
----------------- Instantiating /home/travis/build/icyphy/ptII/ptolemy/domains/continuous/test/auto/ContinuousInDEInput2.xml
9 ms. Memory: 287744K Free: 230235K (80%)
----------------- Invoking toplevel() on ptolemy.moml.MoMLSimpleApplication@2f8583a0
----------------- Done invoking toplevel() on ptolemy.moml.MoMLSimpleApplication@2f8583a0
reloadAllAccessors: .ContinuousInDEInput2

===========================================================================================
----------------- testing Sat Dec 21 06:26:43 UTC 2019 /home/travis/build/icyphy/ptII/ptolemy/domains/continuous/test/auto/ContinuousInDEInput3.xml
----------------- Instantiating /home/travis/build/icyphy/ptII/ptolemy/domains/continuous/test/auto/ContinuousInDEInput3.xml
11 ms. Memory: 287744K Free: 222553K (77%)
----------------- Invoking toplevel() on ptolemy.moml.MoMLSimpleApplication@6230561c
----------------- Done invoking toplevel() on ptolemy.moml.MoMLSimpleApplication@6230561c
reloadAllAccessors: .ContinuousInDEInput3

===========================================================================================
----------------- testing Sat Dec 21 06:26:43 UTC 2019 /home/travis/build/icyphy/ptII/ptolemy/domains/continuous/test/auto/ContinuousInDESharingRefinement.xml
----------------- Instantiating /home/travis/build/icyphy/ptII/ptolemy/domains/continuous/test/auto/ContinuousInDESharingRefinement.xml
152 ms. Memory: 287744K Free: 128859K (45%)
----------------- Invoking toplevel() on ptolemy.moml.MoMLSimpleApplication@88e2bc
----------------- Done invoking toplevel() on ptolemy.moml.MoMLSimpleApplication@88e2bc
reloadAllAccessors: .ContinuousInDESharingRefinement

===========================================================================================
----------------- testing Sat Dec 21 06:26:43 UTC 2019 /home/travis/build/icyphy/ptII/ptolemy/domains/continuous/test/auto/ContinuousInDEwithNoPorts.xml
----------------- Instantiating /home/travis/build/icyphy/ptII/ptolemy/domains/continuous/test/auto/ContinuousInDEwithNoPorts.xml
3 ms. Memory: 287744K Free: 124763K (43%)
----------------- Invoking toplevel() on ptolemy.moml.MoMLSimpleApplication@61d80568
----------------- Done invoking toplevel() on ptolemy.moml.MoMLSimpleApplication@61d80568
reloadAllAccessors: .ContinuousInDEwithNoPorts

===========================================================================================
----------------- testing Sat Dec 21 06:26:43 UTC 2019 /home/travis/build/icyphy/ptII/ptolemy/domains/continuous/test/auto/ContinuousInsideDE.xml
----------------- Instantiating /home/travis/build/icyphy/ptII/ptolemy/domains/continuous/test/auto/ContinuousInsideDE.xml
27 ms. Memory: 287744K Free: 112985K (39%)
----------------- Invoking toplevel() on ptolemy.moml.MoMLSimpleApplication@684bbaa
----------------- Done invoking toplevel() on ptolemy.moml.MoMLSimpleApplication@684bbaa
reloadAllAccessors: .ContinuousInsideDE

===========================================================================================
----------------- testing Sat Dec 21 06:26:43 UTC 2019 /home/travis/build/icyphy/ptII/ptolemy/domains/continuous/test/auto/ContinuousMerge1.xml
----------------- Instantiating /home/travis/build/icyphy/ptII/ptolemy/domains/continuous/test/auto/ContinuousMerge1.xml
2 ms. Memory: 287744K Free: 108889K (38%)
----------------- Invoking toplevel() on ptolemy.moml.MoMLSimpleApplication@386c59f5
----------------- Done invoking toplevel() on ptolemy.moml.MoMLSimpleApplication@386c59f5
reloadAllAccessors: .ContinuousMerge1

===========================================================================================
----------------- testing Sat Dec 21 06:26:43 UTC 2019 /home/travis/build/icyphy/ptII/ptolemy/domains/continuous/test/auto/ContinuousMerge2.xml
----------------- Instantiating /home/travis/build/icyphy/ptII/ptolemy/domains/continuous/test/auto/ContinuousMerge2.xml
10 ms. Memory: 287744K Free: 269604K (94%)
----------------- Invoking toplevel() on ptolemy.moml.MoMLSimpleApplication@4299e310
----------------- Done invoking toplevel() on ptolemy.moml.MoMLSimpleApplication@4299e310
reloadAllAccessors: .ContinuousMerge2

===========================================================================================
----------------- testing Sat Dec 21 06:26:43 UTC 2019 /home/travis/build/icyphy/ptII/ptolemy/domains/continuous/test/auto/ContinuousMerge3.xml
----------------- Instantiating /home/travis/build/icyphy/ptII/ptolemy/domains/continuous/test/auto/ContinuousMerge3.xml
33 ms. Memory: 287744K Free: 258340K (90%)
----------------- Invoking toplevel() on ptolemy.moml.MoMLSimpleApplication@7890d1f1
----------------- Done invoking toplevel() on ptolemy.moml.MoMLSimpleApplication@7890d1f1
reloadAllAccessors: .ContinuousMerge3

===========================================================================================
----------------- testing Sat Dec 21 06:26:43 UTC 2019 /home/travis/build/icyphy/ptII/ptolemy/domains/continuous/test/auto/ContinuousWithinContinuous.xml
----------------- Instantiating /home/travis/build/icyphy/ptII/ptolemy/domains/continuous/test/auto/ContinuousWithinContinuous.xml
27 ms. Memory: 287744K Free: 249124K (87%)
----------------- Invoking toplevel() on ptolemy.moml.MoMLSimpleApplication@272ba8f1
----------------- Done invoking toplevel() on ptolemy.moml.MoMLSimpleApplication@272ba8f1
reloadAllAccessors: .ContinuousWithinContinuous

===========================================================================================
----------------- testing Sat Dec 21 06:26:43 UTC 2019 /home/travis/build/icyphy/ptII/ptolemy/domains/continuous/test/auto/ContinuousWithinContinuous2.xml
----------------- Instantiating /home/travis/build/icyphy/ptII/ptolemy/domains/continuous/test/auto/ContinuousWithinContinuous2.xml
60 ms. Memory: 287744K Free: 237860K (83%)
----------------- Invoking toplevel() on ptolemy.moml.MoMLSimpleApplication@4954b782
----------------- Done invoking toplevel() on ptolemy.moml.MoMLSimpleApplication@4954b782
reloadAllAccessors: .ContinuousWithinContinuous2

===========================================================================================
----------------- testing Sat Dec 21 06:26:43 UTC 2019 /home/travis/build/icyphy/ptII/ptolemy/domains/continuous/test/auto/ContinuousWithinContinuous3.xml
----------------- Instantiating /home/travis/build/icyphy/ptII/ptolemy/domains/continuous/test/auto/ContinuousWithinContinuous3.xml
10 ms. Memory: 287744K Free: 231206K (80%)
----------------- Invoking toplevel() on ptolemy.moml.MoMLSimpleApplication@8aeada9
----------------- Done invoking toplevel() on ptolemy.moml.MoMLSimpleApplication@8aeada9
reloadAllAccessors: .ContinuousWithinContinuous3

===========================================================================================
----------------- testing Sat Dec 21 06:26:43 UTC 2019 /home/travis/build/icyphy/ptII/ptolemy/domains/continuous/test/auto/ContinuousWithinContinuous4.xml
----------------- Instantiating /home/travis/build/icyphy/ptII/ptolemy/domains/continuous/test/auto/ContinuousWithinContinuous4.xml
54 ms. Memory: 287744K Free: 218404K (76%)
----------------- Invoking toplevel() on ptolemy.moml.MoMLSimpleApplication@40565f6c
----------------- Done invoking toplevel() on ptolemy.moml.MoMLSimpleApplication@40565f6c
reloadAllAccessors: .ContinuousWithinContinuous4

===========================================================================================
----------------- testing Sat Dec 21 06:26:44 UTC 2019 /home/travis/build/icyphy/ptII/ptolemy/domains/continuous/test/auto/ContinuousWithinContinuous5.xml
----------------- Instantiating /home/travis/build/icyphy/ptII/ptolemy/domains/continuous/test/auto/ContinuousWithinContinuous5.xml
10 ms. Memory: 287744K Free: 211236K (73%)
----------------- Invoking toplevel() on ptolemy.moml.MoMLSimpleApplication@7acb3ed3
----------------- Done invoking toplevel() on ptolemy.moml.MoMLSimpleApplication@7acb3ed3
reloadAllAccessors: .ContinuousWithinContinuous5

===========================================================================================
----------------- testing Sat Dec 21 06:26:44 UTC 2019 /home/travis/build/icyphy/ptII/ptolemy/domains/continuous/test/auto/ContinuousWithinContinuous6.xml
----------------- Instantiating /home/travis/build/icyphy/ptII/ptolemy/domains/continuous/test/auto/ContinuousWithinContinuous6.xml
12 ms. Memory: 287744K Free: 204068K (71%)
----------------- Invoking toplevel() on ptolemy.moml.MoMLSimpleApplication@44f43576
----------------- Done invoking toplevel() on ptolemy.moml.MoMLSimpleApplication@44f43576
reloadAllAccessors: .ContinuousWithinContinuous6

===========================================================================================
----------------- testing Sat Dec 21 06:26:44 UTC 2019 /home/travis/build/icyphy/ptII/ptolemy/domains/continuous/test/auto/ContinuousWithinContinuous7.xml
----------------- Instantiating /home/travis/build/icyphy/ptII/ptolemy/domains/continuous/test/auto/ContinuousWithinContinuous7.xml
47 ms. Memory: 287744K Free: 193316K (67%)
----------------- Invoking toplevel() on ptolemy.moml.MoMLSimpleApplication@f36cae5
----------------- Done invoking toplevel() on ptolemy.moml.MoMLSimpleApplication@f36cae5
reloadAllAccessors: .ContinuousWithinContinuous7

===========================================================================================
----------------- testing Sat Dec 21 06:26:44 UTC 2019 /home/travis/build/icyphy/ptII/ptolemy/domains/continuous/test/auto/DCMotor.xml
----------------- Instantiating /home/travis/build/icyphy/ptII/ptolemy/domains/continuous/test/auto/DCMotor.xml
13125 ms. Memory: 287744K Free: 180129K (63%)
----------------- Invoking toplevel() on ptolemy.moml.MoMLSimpleApplication@6baebd19
----------------- Done invoking toplevel() on ptolemy.moml.MoMLSimpleApplication@6baebd19
reloadAllAccessors: .DCMotor

===========================================================================================
----------------- testing Sat Dec 21 06:26:57 UTC 2019 /home/travis/build/icyphy/ptII/ptolemy/domains/continuous/test/auto/DEInContinuous.xml
----------------- Instantiating /home/travis/build/icyphy/ptII/ptolemy/domains/continuous/test/auto/DEInContinuous.xml
16 ms. Memory: 287744K Free: 174015K (60%)
----------------- Invoking toplevel() on ptolemy.moml.MoMLSimpleApplication@82ddb84
----------------- Done invoking toplevel() on ptolemy.moml.MoMLSimpleApplication@82ddb84
reloadAllAccessors: .DEInContinuous

===========================================================================================
----------------- testing Sat Dec 21 06:26:57 UTC 2019 /home/travis/build/icyphy/ptII/ptolemy/domains/continuous/test/auto/DEinContinuous2.xml
----------------- Instantiating /home/travis/build/icyphy/ptII/ptolemy/domains/continuous/test/auto/DEinContinuous2.xml
6 ms. Memory: 287744K Free: 166337K (58%)
----------------- Invoking toplevel() on ptolemy.moml.MoMLSimpleApplication@5925b49a
----------------- Done invoking toplevel() on ptolemy.moml.MoMLSimpleApplication@5925b49a
reloadAllAccessors: .DEinContinuous2

===========================================================================================
----------------- testing Sat Dec 21 06:26:57 UTC 2019 /home/travis/build/icyphy/ptII/ptolemy/domains/continuous/test/auto/Derivative.xml
----------------- Instantiating /home/travis/build/icyphy/ptII/ptolemy/domains/continuous/test/auto/Derivative.xml
118 ms. Memory: 287744K Free: 137151K (48%)
----------------- Invoking toplevel() on ptolemy.moml.MoMLSimpleApplication@6526cf78
----------------- Done invoking toplevel() on ptolemy.moml.MoMLSimpleApplication@6526cf78
reloadAllAccessors: .Derivative2

===========================================================================================
----------------- testing Sat Dec 21 06:26:57 UTC 2019 /home/travis/build/icyphy/ptII/ptolemy/domains/continuous/test/auto/Derivative1.xml
----------------- Instantiating /home/travis/build/icyphy/ptII/ptolemy/domains/continuous/test/auto/Derivative1.xml
22 ms. Memory: 287744K Free: 122815K (43%)
----------------- Invoking toplevel() on ptolemy.moml.MoMLSimpleApplication@343fdd09
----------------- Done invoking toplevel() on ptolemy.moml.MoMLSimpleApplication@343fdd09
reloadAllAccessors: .Derivative1

===========================================================================================
----------------- testing Sat Dec 21 06:26:57 UTC 2019 /home/travis/build/icyphy/ptII/ptolemy/domains/continuous/test/auto/DiscreteClock.xml
----------------- Instantiating /home/travis/build/icyphy/ptII/ptolemy/domains/continuous/test/auto/DiscreteClock.xml
3 ms. Memory: 287744K Free: 117695K (41%)
----------------- Invoking toplevel() on ptolemy.moml.MoMLSimpleApplication@1fe18c42
----------------- Done invoking toplevel() on ptolemy.moml.MoMLSimpleApplication@1fe18c42
reloadAllAccessors: .DiscreteClock

===========================================================================================
----------------- testing Sat Dec 21 06:26:57 UTC 2019 /home/travis/build/icyphy/ptII/ptolemy/domains/continuous/test/auto/EfficiencyCurve.xml
----------------- Instantiating /home/travis/build/icyphy/ptII/ptolemy/domains/continuous/test/auto/EfficiencyCurve.xml
55 ms. Memory: 287744K Free: 108479K (38%)
----------------- Invoking toplevel() on ptolemy.moml.MoMLSimpleApplication@29846f95
----------------- Done invoking toplevel() on ptolemy.moml.MoMLSimpleApplication@29846f95
reloadAllAccessors: .EfficiencyCurve

===========================================================================================
----------------- testing Sat Dec 21 06:26:57 UTC 2019 /home/travis/build/icyphy/ptII/ptolemy/domains/continuous/test/auto/ExponentialResponse.xml
----------------- Instantiating /home/travis/build/icyphy/ptII/ptolemy/domains/continuous/test/auto/ExponentialResponse.xml
117 ms. Memory: 287744K Free: 263883K (92%)
----------------- Invoking toplevel() on ptolemy.moml.MoMLSimpleApplication@3e28a20f
----------------- Done invoking toplevel() on ptolemy.moml.MoMLSimpleApplication@3e28a20f
reloadAllAccessors: .ExponentialResponse

===========================================================================================
----------------- testing Sat Dec 21 06:26:57 UTC 2019 /home/travis/build/icyphy/ptII/ptolemy/domains/continuous/test/auto/ExponentialResponseRK45.xml
----------------- Instantiating /home/travis/build/icyphy/ptII/ptolemy/domains/continuous/test/auto/ExponentialResponseRK45.xml
26 ms. Memory: 287744K Free: 256786K (89%)
----------------- Invoking toplevel() on ptolemy.moml.MoMLSimpleApplication@12139889
----------------- Done invoking toplevel() on ptolemy.moml.MoMLSimpleApplication@12139889
reloadAllAccessors: .ExponentialResponseRK45

===========================================================================================
----------------- testing Sat Dec 21 06:26:57 UTC 2019 /home/travis/build/icyphy/ptII/ptolemy/domains/continuous/test/auto/Friction.xml
----------------- Instantiating /home/travis/build/icyphy/ptII/ptolemy/domains/continuous/test/auto/Friction.xml
1433 ms. Memory: 287744K Free: 172216K (60%)
----------------- Invoking toplevel() on ptolemy.moml.MoMLSimpleApplication@2f960d8b
----------------- Done invoking toplevel() on ptolemy.moml.MoMLSimpleApplication@2f960d8b
reloadAllAccessors: .Friction

===========================================================================================
----------------- testing Sat Dec 21 06:26:59 UTC 2019 /home/travis/build/icyphy/ptII/ptolemy/domains/continuous/test/auto/FurutaPendulum.xml
----------------- Instantiating /home/travis/build/icyphy/ptII/ptolemy/domains/continuous/test/auto/FurutaPendulum.xml
2886 ms. Memory: 287744K Free: 175401K (61%)
----------------- Invoking toplevel() on ptolemy.moml.MoMLSimpleApplication@6be9782c
----------------- Done invoking toplevel() on ptolemy.moml.MoMLSimpleApplication@6be9782c
reloadAllAccessors: .FurutaPendulum

===========================================================================================
----------------- testing Sat Dec 21 06:27:02 UTC 2019 /home/travis/build/icyphy/ptII/ptolemy/domains/continuous/test/auto/HierarchicalExecution.xml
----------------- Instantiating /home/travis/build/icyphy/ptII/ptolemy/domains/continuous/test/auto/HierarchicalExecution.xml
1511 ms. Memory: 287744K Free: 217535K (76%)
----------------- Invoking toplevel() on ptolemy.moml.MoMLSimpleApplication@35e9d51b
----------------- Done invoking toplevel() on ptolemy.moml.MoMLSimpleApplication@35e9d51b
reloadAllAccessors: .HierarchicalExecution

===========================================================================================
----------------- testing Sat Dec 21 06:27:04 UTC 2019 /home/travis/build/icyphy/ptII/ptolemy/domains/continuous/test/auto/HybridPlant.xml
----------------- Instantiating /home/travis/build/icyphy/ptII/ptolemy/domains/continuous/test/auto/HybridPlant.xml
487 ms. Memory: 287744K Free: 124332K (43%)
----------------- Invoking toplevel() on ptolemy.moml.MoMLSimpleApplication@260397cc
----------------- Done invoking toplevel() on ptolemy.moml.MoMLSimpleApplication@260397cc
reloadAllAccessors: .HybridPlant

===========================================================================================
----------------- testing Sat Dec 21 06:27:04 UTC 2019 /home/travis/build/icyphy/ptII/ptolemy/domains/continuous/test/auto/Hysteresis.xml
----------------- Instantiating /home/travis/build/icyphy/ptII/ptolemy/domains/continuous/test/auto/Hysteresis.xml
140 ms. Memory: 287744K Free: 232546K (81%)
----------------- Invoking toplevel() on ptolemy.moml.MoMLSimpleApplication@7552ead6
----------------- Done invoking toplevel() on ptolemy.moml.MoMLSimpleApplication@7552ead6
reloadAllAccessors: .Hysteresis

===========================================================================================
----------------- testing Sat Dec 21 06:27:04 UTC 2019 /home/travis/build/icyphy/ptII/ptolemy/domains/continuous/test/auto/HysteresisWithRandomDelay.xml
----------------- Instantiating /home/travis/build/icyphy/ptII/ptolemy/domains/continuous/test/auto/HysteresisWithRandomDelay.xml
164 ms. Memory: 287744K Free: 161210K (56%)
----------------- Invoking toplevel() on ptolemy.moml.MoMLSimpleApplication@4a6adccf
----------------- Done invoking toplevel() on ptolemy.moml.MoMLSimpleApplication@4a6adccf
reloadAllAccessors: .HysteresisWithRandomDelay

===========================================================================================
----------------- testing Sat Dec 21 06:27:05 UTC 2019 /home/travis/build/icyphy/ptII/ptolemy/domains/continuous/test/auto/HysteresisWithRandomLosses.xml
----------------- Instantiating /home/travis/build/icyphy/ptII/ptolemy/domains/continuous/test/auto/HysteresisWithRandomLosses.xml
2166 ms. Memory: 287744K Free: 106615K (37%)
----------------- Invoking toplevel() on ptolemy.moml.MoMLSimpleApplication@5d0e3c87
----------------- Done invoking toplevel() on ptolemy.moml.MoMLSimpleApplication@5d0e3c87
reloadAllAccessors: .HysteresisWithRandomLosses

===========================================================================================
----------------- testing Sat Dec 21 06:27:07 UTC 2019 /home/travis/build/icyphy/ptII/ptolemy/domains/continuous/test/auto/ImmediateTransitions.xml
----------------- Instantiating /home/travis/build/icyphy/ptII/ptolemy/domains/continuous/test/auto/ImmediateTransitions.xml
13 ms. Memory: 287744K Free: 266503K (93%)
----------------- Invoking toplevel() on ptolemy.moml.MoMLSimpleApplication@5f904438
----------------- Done invoking toplevel() on ptolemy.moml.MoMLSimpleApplication@5f904438
reloadAllAccessors: .ImmediateTransitions

===========================================================================================
----------------- testing Sat Dec 21 06:27:07 UTC 2019 /home/travis/build/icyphy/ptII/ptolemy/domains/continuous/test/auto/ImpulseFeedback.xml
----------------- Instantiating /home/travis/build/icyphy/ptII/ptolemy/domains/continuous/test/auto/ImpulseFeedback.xml
6 ms. Memory: 287744K Free: 260889K (91%)
----------------- Invoking toplevel() on ptolemy.moml.MoMLSimpleApplication@7b198e8c
----------------- Done invoking toplevel() on ptolemy.moml.MoMLSimpleApplication@7b198e8c
reloadAllAccessors: .ImpulseFeedback

===========================================================================================
----------------- testing Sat Dec 21 06:27:07 UTC 2019 /home/travis/build/icyphy/ptII/ptolemy/domains/continuous/test/auto/ImpulseFeedback2.xml
----------------- Instantiating /home/travis/build/icyphy/ptII/ptolemy/domains/continuous/test/auto/ImpulseFeedback2.xml
7 ms. Memory: 287744K Free: 255255K (89%)
----------------- Invoking toplevel() on ptolemy.moml.MoMLSimpleApplication@125de8d6
----------------- Done invoking toplevel() on ptolemy.moml.MoMLSimpleApplication@125de8d6
reloadAllAccessors: .ImpulseFeedback2

===========================================================================================
----------------- testing Sat Dec 21 06:27:07 UTC 2019 /home/travis/build/icyphy/ptII/ptolemy/domains/continuous/test/auto/IncreasingRatePoisson.xml
----------------- Instantiating /home/travis/build/icyphy/ptII/ptolemy/domains/continuous/test/auto/IncreasingRatePoisson.xml
623 ms. Memory: 287744K Free: 122140K (42%)
----------------- Invoking toplevel() on ptolemy.moml.MoMLSimpleApplication@dac1d7b
----------------- Done invoking toplevel() on ptolemy.moml.MoMLSimpleApplication@dac1d7b
reloadAllAccessors: .IncreasingRatePoisson

===========================================================================================
----------------- testing Sat Dec 21 06:27:08 UTC 2019 /home/travis/build/icyphy/ptII/ptolemy/domains/continuous/test/auto/InitialStateFeedback.xml
----------------- Instantiating /home/travis/build/icyphy/ptII/ptolemy/domains/continuous/test/auto/InitialStateFeedback.xml
5 ms. Memory: 287744K Free: 117548K (41%)
----------------- Invoking toplevel() on ptolemy.moml.MoMLSimpleApplication@4ce3ec33
----------------- Done invoking toplevel() on ptolemy.moml.MoMLSimpleApplication@4ce3ec33
reloadAllAccessors: .InitialStateFeedback

===========================================================================================
----------------- testing Sat Dec 21 06:27:08 UTC 2019 /home/travis/build/icyphy/ptII/ptolemy/domains/continuous/test/auto/Integration.xml
----------------- Instantiating /home/travis/build/icyphy/ptII/ptolemy/domains/continuous/test/auto/Integration.xml
1 ms. Memory: 287744K Free: 113452K (39%)
----------------- Invoking toplevel() on ptolemy.moml.MoMLSimpleApplication@3943adda
----------------- Done invoking toplevel() on ptolemy.moml.MoMLSimpleApplication@3943adda
reloadAllAccessors: .Integration

===========================================================================================
----------------- testing Sat Dec 21 06:27:08 UTC 2019 /home/travis/build/icyphy/ptII/ptolemy/domains/continuous/test/auto/Integration2.xml
----------------- Instantiating /home/travis/build/icyphy/ptII/ptolemy/domains/continuous/test/auto/Integration2.xml
77 ms. Memory: 287744K Free: 270271K (94%)
----------------- Invoking toplevel() on ptolemy.moml.MoMLSimpleApplication@73926b45
----------------- Done invoking toplevel() on ptolemy.moml.MoMLSimpleApplication@73926b45
reloadAllAccessors: .Integration2

===========================================================================================
----------------- testing Sat Dec 21 06:27:08 UTC 2019 /home/travis/build/icyphy/ptII/ptolemy/domains/continuous/test/auto/Integration3.xml
----------------- Instantiating /home/travis/build/icyphy/ptII/ptolemy/domains/continuous/test/auto/Integration3.xml
2 ms. Memory: 287744K Free: 265661K (92%)
----------------- Invoking toplevel() on ptolemy.moml.MoMLSimpleApplication@1bcdf486
----------------- Done invoking toplevel() on ptolemy.moml.MoMLSimpleApplication@1bcdf486
reloadAllAccessors: .Integration3

===========================================================================================
----------------- testing Sat Dec 21 06:27:08 UTC 2019 /home/travis/build/icyphy/ptII/ptolemy/domains/continuous/test/auto/Integration5.xml
----------------- Instantiating /home/travis/build/icyphy/ptII/ptolemy/domains/continuous/test/auto/Integration5.xml
1 ms. Memory: 287744K Free: 261565K (91%)
----------------- Invoking toplevel() on ptolemy.moml.MoMLSimpleApplication@58e97dd3
----------------- Done invoking toplevel() on ptolemy.moml.MoMLSimpleApplication@58e97dd3
reloadAllAccessors: .Integration5

===========================================================================================
----------------- testing Sat Dec 21 06:27:08 UTC 2019 /home/travis/build/icyphy/ptII/ptolemy/domains/continuous/test/auto/IntegratorImpulse.xml
----------------- Instantiating /home/travis/build/icyphy/ptII/ptolemy/domains/continuous/test/auto/IntegratorImpulse.xml
2 ms. Memory: 287744K Free: 257469K (89%)
----------------- Invoking toplevel() on ptolemy.moml.MoMLSimpleApplication@776fede7
----------------- Done invoking toplevel() on ptolemy.moml.MoMLSimpleApplication@776fede7
reloadAllAccessors: .IntegratorImpulse

===========================================================================================
----------------- testing Sat Dec 21 06:27:08 UTC 2019 /home/travis/build/icyphy/ptII/ptolemy/domains/continuous/test/auto/IntegratorImpulse2.xml
----------------- Instantiating /home/travis/build/icyphy/ptII/ptolemy/domains/continuous/test/auto/IntegratorImpulse2.xml
3 ms. Memory: 287744K Free: 252863K (88%)
----------------- Invoking toplevel() on ptolemy.moml.MoMLSimpleApplication@10ce4948
----------------- Done invoking toplevel() on ptolemy.moml.MoMLSimpleApplication@10ce4948
reloadAllAccessors: .IntegratorImpulse2

===========================================================================================
----------------- testing Sat Dec 21 06:27:08 UTC 2019 /home/travis/build/icyphy/ptII/ptolemy/domains/continuous/test/auto/LevelCrossing1.xml
----------------- Instantiating /home/travis/build/icyphy/ptII/ptolemy/domains/continuous/test/auto/LevelCrossing1.xml
2 ms. Memory: 287744K Free: 247743K (86%)
----------------- Invoking toplevel() on ptolemy.moml.MoMLSimpleApplication@59316fe5
----------------- Done invoking toplevel() on ptolemy.moml.MoMLSimpleApplication@59316fe5
reloadAllAccessors: .LevelCrossing1

===========================================================================================
----------------- testing Sat Dec 21 06:27:08 UTC 2019 /home/travis/build/icyphy/ptII/ptolemy/domains/continuous/test/auto/LevelCrossing2.xml
----------------- Instantiating /home/travis/build/icyphy/ptII/ptolemy/domains/continuous/test/auto/LevelCrossing2.xml
2 ms. Memory: 287744K Free: 242623K (84%)
----------------- Invoking toplevel() on ptolemy.moml.MoMLSimpleApplication@42f3735c
----------------- Done invoking toplevel() on ptolemy.moml.MoMLSimpleApplication@42f3735c
reloadAllAccessors: .LevelCrossing2

===========================================================================================
----------------- testing Sat Dec 21 06:27:08 UTC 2019 /home/travis/build/icyphy/ptII/ptolemy/domains/continuous/test/auto/LevelCrossing3.xml
----------------- Instantiating /home/travis/build/icyphy/ptII/ptolemy/domains/continuous/test/auto/LevelCrossing3.xml
2 ms. Memory: 287744K Free: 237503K (83%)
----------------- Invoking toplevel() on ptolemy.moml.MoMLSimpleApplication@394e1bf
----------------- Done invoking toplevel() on ptolemy.moml.MoMLSimpleApplication@394e1bf
reloadAllAccessors: .LevelCrossing3

===========================================================================================
----------------- testing Sat Dec 21 06:27:08 UTC 2019 /home/travis/build/icyphy/ptII/ptolemy/domains/continuous/test/auto/LevelCrossing4.xml
----------------- Instantiating /home/travis/build/icyphy/ptII/ptolemy/domains/continuous/test/auto/LevelCrossing4.xml
3 ms. Memory: 287744K Free: 232383K (81%)
----------------- Invoking toplevel() on ptolemy.moml.MoMLSimpleApplication@484b5ada
----------------- Done invoking toplevel() on ptolemy.moml.MoMLSimpleApplication@484b5ada
reloadAllAccessors: .LevelCrossing4

===========================================================================================
----------------- testing Sat Dec 21 06:27:08 UTC 2019 /home/travis/build/icyphy/ptII/ptolemy/domains/continuous/test/auto/LevelCrossing5.xml
----------------- Instantiating /home/travis/build/icyphy/ptII/ptolemy/domains/continuous/test/auto/LevelCrossing5.xml
2 ms. Memory: 287744K Free: 227263K (79%)
----------------- Invoking toplevel() on ptolemy.moml.MoMLSimpleApplication@7e7f62c
----------------- Done invoking toplevel() on ptolemy.moml.MoMLSimpleApplication@7e7f62c
reloadAllAccessors: .LevelCrossing5

===========================================================================================
[...]
----------------- testing Sat Dec 21 06:27:24 UTC 2019 /home/travis/build/icyphy/ptII/ptolemy/domains/continuous/test/auto/SRinContinuous.xml
----------------- Instantiating /home/travis/build/icyphy/ptII/ptolemy/domains/continuous/test/auto/SRinContinuous.xml
4 ms. Memory: 287744K Free: 248211K (86%)
----------------- Invoking toplevel() on ptolemy.moml.MoMLSimpleApplication@7805e655
----------------- Done invoking toplevel() on ptolemy.moml.MoMLSimpleApplication@7805e655
reloadAllAccessors: .SRinContinuous

===========================================================================================
----------------- testing Sat Dec 21 06:27:24 UTC 2019 /home/travis/build/icyphy/ptII/ptolemy/domains/continuous/test/auto/SampledClocks.xml
----------------- Instantiating /home/travis/build/icyphy/ptII/ptolemy/domains/continuous/test/auto/SampledClocks.xml
9 ms. Memory: 287744K Free: 235409K (82%)
----------------- Invoking toplevel() on ptolemy.moml.MoMLSimpleApplication@308891ae
----------------- Done invoking toplevel() on ptolemy.moml.MoMLSimpleApplication@308891ae
reloadAllAccessors: .SampledClocks

===========================================================================================
----------------- testing Sat Dec 21 06:27:24 UTC 2019 /home/travis/build/icyphy/ptII/ptolemy/domains/continuous/test/auto/Satellite.xml
----------------- Instantiating /home/travis/build/icyphy/ptII/ptolemy/domains/continuous/test/auto/Satellite.xml
894 ms. Memory: 287744K Free: 201340K (70%)
----------------- Invoking toplevel() on ptolemy.moml.MoMLSimpleApplication@eef956a
----------------- Done invoking toplevel() on ptolemy.moml.MoMLSimpleApplication@eef956a
reloadAllAccessors: .Satellite

===========================================================================================
----------------- testing Sat Dec 21 06:27:25 UTC 2019 /home/travis/build/icyphy/ptII/ptolemy/domains/continuous/test/auto/SigmaDelta.xml
----------------- Instantiating /home/travis/build/icyphy/ptII/ptolemy/domains/continuous/test/auto/SigmaDelta.xml
1718 ms. Memory: 287744K Free: 110312K (38%)
----------------- Invoking toplevel() on ptolemy.moml.MoMLSimpleApplication@2b4167bb
----------------- Done invoking toplevel() on ptolemy.moml.MoMLSimpleApplication@2b4167bb
reloadAllAccessors: .SigmaDelta

===========================================================================================
----------------- testing Sat Dec 21 06:27:26 UTC 2019 /home/travis/build/icyphy/ptII/ptolemy/domains/continuous/test/auto/SingleRefinement.xml
----------------- Instantiating /home/travis/build/icyphy/ptII/ptolemy/domains/continuous/test/auto/SingleRefinement.xml
383 ms. Memory: 287744K Free: 266671K (93%)
----------------- Invoking toplevel() on ptolemy.moml.MoMLSimpleApplication@8570218
----------------- Done invoking toplevel() on ptolemy.moml.MoMLSimpleApplication@8570218
reloadAllAccessors: .SingleRefinement

===========================================================================================
----------------- testing Sat Dec 21 06:27:27 UTC 2019 /home/travis/build/icyphy/ptII/ptolemy/domains/continuous/test/auto/SinuBouncingBall.xml
----------------- Instantiating /home/travis/build/icyphy/ptII/ptolemy/domains/continuous/test/auto/SinuBouncingBall.xml
759 ms. Memory: 287744K Free: 214079K (74%)
----------------- Invoking toplevel() on ptolemy.moml.MoMLSimpleApplication@617e44bf
----------------- Done invoking toplevel() on ptolemy.moml.MoMLSimpleApplication@617e44bf
reloadAllAccessors: .SinuBouncingBall

===========================================================================================
----------------- testing Sat Dec 21 06:27:28 UTC 2019 /home/travis/build/icyphy/ptII/ptolemy/domains/continuous/test/auto/Sinusoid.xml
----------------- Instantiating /home/travis/build/icyphy/ptII/ptolemy/domains/continuous/test/auto/Sinusoid.xml
4 ms. Memory: 287744K Free: 209455K (73%)
----------------- Invoking toplevel() on ptolemy.moml.MoMLSimpleApplication@46b72a55
----------------- Done invoking toplevel() on ptolemy.moml.MoMLSimpleApplication@46b72a55
reloadAllAccessors: .Sinusoid

===========================================================================================
----------------- testing Sat Dec 21 06:27:28 UTC 2019 /home/travis/build/icyphy/ptII/ptolemy/domains/continuous/test/auto/SinusoidInNoise.xml
----------------- Instantiating /home/travis/build/icyphy/ptII/ptolemy/domains/continuous/test/auto/SinusoidInNoise.xml
775 ms. Memory: 287744K Free: 246032K (86%)
----------------- Invoking toplevel() on ptolemy.moml.MoMLSimpleApplication@67e135db
----------------- Done invoking toplevel() on ptolemy.moml.MoMLSimpleApplication@67e135db
reloadAllAccessors: .SinusoidInNoise

===========================================================================================
----------------- testing Sat Dec 21 06:27:29 UTC 2019 /home/travis/build/icyphy/ptII/ptolemy/domains/continuous/test/auto/SinusoidRK45.xml
----------------- Instantiating /home/travis/build/icyphy/ptII/ptolemy/domains/continuous/test/auto/SinusoidRK45.xml
1 ms. Memory: 287744K Free: 241426K (84%)
----------------- Invoking toplevel() on ptolemy.moml.MoMLSimpleApplication@5fdec165
----------------- Done invoking toplevel() on ptolemy.moml.MoMLSimpleApplication@5fdec165
reloadAllAccessors: .SinusoidRK45

===========================================================================================
----------------- testing Sat Dec 21 06:27:29 UTC 2019 /home/travis/build/icyphy/ptII/ptolemy/domains/continuous/test/auto/SinusoidWithMultipleImpulses.xml
----------------- Instantiating /home/travis/build/icyphy/ptII/ptolemy/domains/continuous/test/auto/SinusoidWithMultipleImpulses.xml
2 ms. Memory: 287744K Free: 236816K (82%)
----------------- Invoking toplevel() on ptolemy.moml.MoMLSimpleApplication@44a3e1d4
----------------- Done invoking toplevel() on ptolemy.moml.MoMLSimpleApplication@44a3e1d4
reloadAllAccessors: .SinusoidWithMultipleImpulses

===========================================================================================
----------------- testing Sat Dec 21 06:27:29 UTC 2019 /home/travis/build/icyphy/ptII/ptolemy/domains/continuous/test/auto/SquareWave.xml
----------------- Instantiating /home/travis/build/icyphy/ptII/ptolemy/domains/continuous/test/auto/SquareWave.xml
131 ms. Memory: 287744K Free: 209168K (73%)
----------------- Invoking toplevel() on ptolemy.moml.MoMLSimpleApplication@2841008f
----------------- Done invoking toplevel() on ptolemy.moml.MoMLSimpleApplication@2841008f
reloadAllAccessors: .SquareWave

===========================================================================================
----------------- testing Sat Dec 21 06:27:29 UTC 2019 /home/travis/build/icyphy/ptII/ptolemy/domains/continuous/test/auto/Starmac.xml
----------------- Instantiating /home/travis/build/icyphy/ptII/ptolemy/domains/continuous/test/auto/Starmac.xml
3066 ms. Memory: 287744K Free: 228692K (79%)
----------------- Invoking toplevel() on ptolemy.moml.MoMLSimpleApplication@7d2a03a0
----------------- Done invoking toplevel() on ptolemy.moml.MoMLSimpleApplication@7d2a03a0
reloadAllAccessors: .Starmac

===========================================================================================
----------------- testing Sat Dec 21 06:27:32 UTC 2019 /home/travis/build/icyphy/ptII/ptolemy/domains/continuous/test/auto/StaticUnits.xml
----------------- Instantiating /home/travis/build/icyphy/ptII/ptolemy/domains/continuous/test/auto/StaticUnits.xml
2003 ms. Memory: 287744K Free: 257198K (89%)
----------------- Invoking toplevel() on ptolemy.moml.MoMLSimpleApplication@1baa7537
----------------- Done invoking toplevel() on ptolemy.moml.MoMLSimpleApplication@1baa7537
reloadAllAccessors: .StaticUnits

===========================================================================================
----------------- testing Sat Dec 21 06:27:35 UTC 2019 /home/travis/build/icyphy/ptII/ptolemy/domains/continuous/test/auto/StickyMasses.xml
----------------- Instantiating /home/travis/build/icyphy/ptII/ptolemy/domains/continuous/test/auto/StickyMasses.xml
139 ms. Memory: 287744K Free: 207518K (72%)
----------------- Invoking toplevel() on ptolemy.moml.MoMLSimpleApplication@186776d0
----------------- Done invoking toplevel() on ptolemy.moml.MoMLSimpleApplication@186776d0
reloadAllAccessors: .StickyMasses

===========================================================================================
----------------- testing Sat Dec 21 06:27:35 UTC 2019 /home/travis/build/icyphy/ptII/ptolemy/domains/continuous/test/auto/StopTime.xml
----------------- Instantiating /home/travis/build/icyphy/ptII/ptolemy/domains/continuous/test/auto/StopTime.xml
39 ms. Memory: 287744K Free: 182942K (64%)
----------------- Invoking toplevel() on ptolemy.moml.MoMLSimpleApplication@360c06d2
----------------- Done invoking toplevel() on ptolemy.moml.MoMLSimpleApplication@360c06d2
reloadAllAccessors: .StopTime

===========================================================================================
----------------- testing Sat Dec 21 06:27:35 UTC 2019 /home/travis/build/icyphy/ptII/ptolemy/domains/continuous/test/auto/StopTime2.xml
----------------- Instantiating /home/travis/build/icyphy/ptII/ptolemy/domains/continuous/test/auto/StopTime2.xml
31 ms. Memory: 287744K Free: 160414K (56%)
----------------- Invoking toplevel() on ptolemy.moml.MoMLSimpleApplication@511fbaf0
----------------- Done invoking toplevel() on ptolemy.moml.MoMLSimpleApplication@511fbaf0
reloadAllAccessors: .StopTime2

===========================================================================================
----------------- testing Sat Dec 21 06:27:35 UTC 2019 /home/travis/build/icyphy/ptII/ptolemy/domains/continuous/test/auto/Switch.xml
----------------- Instantiating /home/travis/build/icyphy/ptII/ptolemy/domains/continuous/test/auto/Switch.xml
41 ms. Memory: 287744K Free: 135838K (47%)
----------------- Invoking toplevel() on ptolemy.moml.MoMLSimpleApplication@2fb19f24
----------------- Done invoking toplevel() on ptolemy.moml.MoMLSimpleApplication@2fb19f24
reloadAllAccessors: .Switch

===========================================================================================
----------------- testing Sat Dec 21 06:27:35 UTC 2019 /home/travis/build/icyphy/ptII/ptolemy/domains/continuous/test/auto/Thermostat.xml
----------------- Instantiating /home/travis/build/icyphy/ptII/ptolemy/domains/continuous/test/auto/Thermostat.xml
194 ms. Memory: 287744K Free: 230562K (80%)
----------------- Invoking toplevel() on ptolemy.moml.MoMLSimpleApplication@74031949
----------------- Done invoking toplevel() on ptolemy.moml.MoMLSimpleApplication@74031949
reloadAllAccessors: .Thermostat

===========================================================================================
----------------- testing Sat Dec 21 06:27:35 UTC 2019 /home/travis/build/icyphy/ptII/ptolemy/domains/continuous/test/auto/TimeDelay.xml
----------------- Instantiating /home/travis/build/icyphy/ptII/ptolemy/domains/continuous/test/auto/TimeDelay.xml
5 ms. Memory: 287744K Free: 225442K (78%)
----------------- Invoking toplevel() on ptolemy.moml.MoMLSimpleApplication@5719e472
----------------- Done invoking toplevel() on ptolemy.moml.MoMLSimpleApplication@5719e472
reloadAllAccessors: .TimeDelay

===========================================================================================
----------------- testing Sat Dec 21 06:27:35 UTC 2019 /home/travis/build/icyphy/ptII/ptolemy/domains/continuous/test/auto/TimeDelay2.xml
----------------- Instantiating /home/travis/build/icyphy/ptII/ptolemy/domains/continuous/test/auto/TimeDelay2.xml
6 ms. Memory: 287744K Free: 215712K (75%)
----------------- Invoking toplevel() on ptolemy.moml.MoMLSimpleApplication@22502884
----------------- Done invoking toplevel() on ptolemy.moml.MoMLSimpleApplication@22502884
reloadAllAccessors: .TimeDelay2

===========================================================================================
----------------- testing Sat Dec 21 06:27:35 UTC 2019 /home/travis/build/icyphy/ptII/ptolemy/domains/continuous/test/auto/TimeDelay3.xml
----------------- Instantiating /home/travis/build/icyphy/ptII/ptolemy/domains/continuous/test/auto/TimeDelay3.xml
4 ms. Memory: 287744K Free: 211104K (73%)
----------------- Invoking toplevel() on ptolemy.moml.MoMLSimpleApplication@39b0ac80
----------------- Done invoking toplevel() on ptolemy.moml.MoMLSimpleApplication@39b0ac80
reloadAllAccessors: .TimeDelay3

===========================================================================================
----------------- testing Sat Dec 21 06:27:35 UTC 2019 /home/travis/build/icyphy/ptII/ptolemy/domains/continuous/test/auto/TransferAbsentToInside.xml
----------------- Instantiating /home/travis/build/icyphy/ptII/ptolemy/domains/continuous/test/auto/TransferAbsentToInside.xml
24 ms. Memory: 287744K Free: 157858K (55%)
----------------- Invoking toplevel() on ptolemy.moml.MoMLSimpleApplication@1436056e
----------------- Done invoking toplevel() on ptolemy.moml.MoMLSimpleApplication@1436056e
reloadAllAccessors: .TransferAbsentToInside

===========================================================================================
----------------- testing Sat Dec 21 06:27:35 UTC 2019 /home/travis/build/icyphy/ptII/ptolemy/domains/continuous/test/auto/Transmission.xml
----------------- Instantiating /home/travis/build/icyphy/ptII/ptolemy/domains/continuous/test/auto/Transmission.xml
738 ms. Memory: 287744K Free: 257162K (89%)
----------------- Invoking toplevel() on ptolemy.moml.MoMLSimpleApplication@926274e
----------------- Done invoking toplevel() on ptolemy.moml.MoMLSimpleApplication@926274e
reloadAllAccessors: .Transmission

===========================================================================================
----------------- testing Sat Dec 21 06:27:36 UTC 2019 /home/travis/build/icyphy/ptII/ptolemy/domains/continuous/test/auto/TriggeredContinuousClock.xml
----------------- Instantiating /home/travis/build/icyphy/ptII/ptolemy/domains/continuous/test/auto/TriggeredContinuousClock.xml
39 ms. Memory: 287744K Free: 227466K (79%)
----------------- Invoking toplevel() on ptolemy.moml.MoMLSimpleApplication@7f26668a
----------------- Done invoking toplevel() on ptolemy.moml.MoMLSimpleApplication@7f26668a
reloadAllAccessors: .TriggeredContinuousClock

===========================================================================================
----------------- testing Sat Dec 21 06:27:36 UTC 2019 /home/travis/build/icyphy/ptII/ptolemy/domains/continuous/test/auto/TwoMachineInfiniteBusControl.xml
----------------- Instantiating /home/travis/build/icyphy/ptII/ptolemy/domains/continuous/test/auto/TwoMachineInfiniteBusControl.xml
2317 ms. Memory: 287744K Free: 116822K (41%)
----------------- Invoking toplevel() on ptolemy.moml.MoMLSimpleApplication@65c97f18
----------------- Done invoking toplevel() on ptolemy.moml.MoMLSimpleApplication@65c97f18
reloadAllAccessors: .TwoMachineInfiniteBusControl

===========================================================================================
----------------- testing Sat Dec 21 06:27:39 UTC 2019 /home/travis/build/icyphy/ptII/ptolemy/domains/continuous/test/auto/V2V.xml
----------------- Instantiating /home/travis/build/icyphy/ptII/ptolemy/domains/continuous/test/auto/V2V.xml
733 ms. Memory: 346112K Free: 318044K (92%)
----------------- Invoking toplevel() on ptolemy.moml.MoMLSimpleApplication@7984f451
----------------- Done invoking toplevel() on ptolemy.moml.MoMLSimpleApplication@7984f451
reloadAllAccessors: .V2V

===========================================================================================
----------------- testing Sat Dec 21 06:27:39 UTC 2019 /home/travis/build/icyphy/ptII/ptolemy/domains/continuous/test/auto/hierarchicalModalModel.xml
----------------- Instantiating /home/travis/build/icyphy/ptII/ptolemy/domains/continuous/test/auto/hierarchicalModalModel.xml
9 ms. Memory: 346112K Free: 303179K (88%)
----------------- Invoking toplevel() on ptolemy.moml.MoMLSimpleApplication@5190cc7d
----------------- Done invoking toplevel() on ptolemy.moml.MoMLSimpleApplication@5190cc7d
reloadAllAccessors: .hierarchicalModalModel

===========================================================================================
----------------- testing Sat Dec 21 06:27:39 UTC 2019 /home/travis/build/icyphy/ptII/ptolemy/domains/continuous/test/auto/hierarchicalModalModel1.xml
----------------- Instantiating /home/travis/build/icyphy/ptII/ptolemy/domains/continuous/test/auto/hierarchicalModalModel1.xml
9 ms. Memory: 346112K Free: 288858K (83%)
----------------- Invoking toplevel() on ptolemy.moml.MoMLSimpleApplication@3779cbbc
----------------- Done invoking toplevel() on ptolemy.moml.MoMLSimpleApplication@3779cbbc
reloadAllAccessors: .hierarchicalModalModel1

===========================================================================================
----------------- testing Sat Dec 21 06:27:40 UTC 2019 /home/travis/build/icyphy/ptII/ptolemy/domains/continuous/test/auto/hierarchicalModalModel2.xml
----------------- Instantiating /home/travis/build/icyphy/ptII/ptolemy/domains/continuous/test/auto/hierarchicalModalModel2.xml
7 ms. Memory: 346112K Free: 276555K (80%)
----------------- Invoking toplevel() on ptolemy.moml.MoMLSimpleApplication@7f013a92
----------------- Done invoking toplevel() on ptolemy.moml.MoMLSimpleApplication@7f013a92
reloadAllAccessors: .hierarchicalModalModel2

===========================================================================================
----------------- testing Sat Dec 21 06:27:40 UTC 2019 /home/travis/build/icyphy/ptII/ptolemy/domains/continuous/test/auto/hierarchicalModalModel3.xml
----------------- Instantiating /home/travis/build/icyphy/ptII/ptolemy/domains/continuous/test/auto/hierarchicalModalModel3.xml
6 ms. Memory: 346112K Free: 265820K (77%)
----------------- Invoking toplevel() on ptolemy.moml.MoMLSimpleApplication@730a354f
----------------- Done invoking toplevel() on ptolemy.moml.MoMLSimpleApplication@730a354f
reloadAllAccessors: .hierarchicalModalModel3

===========================================================================================
----------------- testing Sat Dec 21 06:27:40 UTC 2019 /home/travis/build/icyphy/ptII/ptolemy/domains/continuous/test/auto/hierarchicalModalModel4.xml
----------------- Instantiating /home/travis/build/icyphy/ptII/ptolemy/domains/continuous/test/auto/hierarchicalModalModel4.xml
4 ms. Memory: 346112K Free: 254042K (73%)
----------------- Invoking toplevel() on ptolemy.moml.MoMLSimpleApplication@482444ee
----------------- Done invoking toplevel() on ptolemy.moml.MoMLSimpleApplication@482444ee
reloadAllAccessors: .hierarchicalModalModel4

===========================================================================================
----------------- testing Sat Dec 21 06:27:40 UTC 2019 /home/travis/build/icyphy/ptII/ptolemy/domains/continuous/test/auto/junk.xml
----------------- Instantiating /home/travis/build/icyphy/ptII/ptolemy/domains/continuous/test/auto/junk.xml
111 ms. Memory: 346112K Free: 228956K (66%)
----------------- Invoking toplevel() on ptolemy.moml.MoMLSimpleApplication@55d974c3
----------------- Done invoking toplevel() on ptolemy.moml.MoMLSimpleApplication@55d974c3
reloadAllAccessors: .junk
AutoTests.java: About to close Vertx.
AutoTests.java: Vertx closed.
]]></system-out>
  <system-err><![CDATA[Warning: '.HysteresisWithRandomDelay.NonStrictTest3' The test produced only 23 tokens, yet the correctValues parameter was expecting 30 tokens.
Warning: '.IncreasingRatePoisson.NonStrictTest' The test produced only 392 tokens, yet the correctValues parameter was expecting 402 tokens.
Warning: '.Poisson.NonStrictTest' The test produced only 411 tokens, yet the correctValues parameter was expecting 430 tokens.
]]></system-err>
</testsuite>
