<?xml version="1.0" encoding="UTF-8" ?>
<testsuite errors="0" failures="0" hostname="travis-job-9c82fa8c-13ee-4820-beca-20dc0a1b4a77" name="ptolemy.domains.modal.test.junit.JUnitTclTest" skipped="0" tests="148" time="10.771" timestamp="2019-07-10T15:28:33">
  <properties>
[...]
</properties>
  <testcase classname="ptolemy.util.test.junit.TclTests" name="[0] /home/travis/build/icyphy/ptII/ptolemy/domains/modal/test/SystemLevelType.tcl (RunTclFile)" time="1.978" />
  <testcase classname="ptolemy.util.test.junit.AutoKnownFailedTests" name="[0] /home/travis/build/icyphy/ptII/ptolemy/domains/modal/test/auto/knownFailedTests/CannotAnalysisWithPreemption.xml (RunModel)" time="0.334" />
  <testcase classname="ptolemy.util.test.junit.AutoNameArchTests" name="[0] ThereAreNoAutoArchTests (RunModel)" time="0.001" />
  <testcase classname="ptolemy.util.test.junit.AutoTests" name="[0] /home/travis/build/icyphy/ptII/ptolemy/domains/modal/test/auto/ABPTest.xml (RunModel)" time="0.896" />
  <testcase classname="ptolemy.util.test.junit.AutoTests" name="[1] /home/travis/build/icyphy/ptII/ptolemy/domains/modal/test/auto/ABROFlat.xml (RunModel)" time="0.084" />
  <testcase classname="ptolemy.util.test.junit.AutoTests" name="[2] /home/travis/build/icyphy/ptII/ptolemy/domains/modal/test/auto/ABROFlat2.xml (RunModel)" time="0.054" />
  <testcase classname="ptolemy.util.test.junit.AutoTests" name="[3] /home/travis/build/icyphy/ptII/ptolemy/domains/modal/test/auto/ABRO_present_hmm.xml (RunModel)" time="0.142" />
  <testcase classname="ptolemy.util.test.junit.AutoTests" name="[4] /home/travis/build/icyphy/ptII/ptolemy/domains/modal/test/auto/AMICoderExample.xml (RunModel)" time="0.076" />
  <testcase classname="ptolemy.util.test.junit.AutoTests" name="[5] /home/travis/build/icyphy/ptII/ptolemy/domains/modal/test/auto/AbsentToPresent.xml (RunModel)" time="0.025" />
  <testcase classname="ptolemy.util.test.junit.AutoTests" name="[6] /home/travis/build/icyphy/ptII/ptolemy/domains/modal/test/auto/Blending.xml (RunModel)" time="0.3" />
  <testcase classname="ptolemy.util.test.junit.AutoTests" name="[7] /home/travis/build/icyphy/ptII/ptolemy/domains/modal/test/auto/Broadcast.xml (RunModel)" time="0.048" />
  <testcase classname="ptolemy.util.test.junit.AutoTests" name="[8] /home/travis/build/icyphy/ptII/ptolemy/domains/modal/test/auto/BroadcastHierarchy.xml (RunModel)" time="0.051" />
  <testcase classname="ptolemy.util.test.junit.AutoTests" name="[9] /home/travis/build/icyphy/ptII/ptolemy/domains/modal/test/auto/BroadcastHierarchy2.xml (RunModel)" time="0.084" />
  <testcase classname="ptolemy.util.test.junit.AutoTests" name="[10] /home/travis/build/icyphy/ptII/ptolemy/domains/modal/test/auto/BroadcastHierarchy3.xml (RunModel)" time="0.078" />
  <testcase classname="ptolemy.util.test.junit.AutoTests" name="[11] /home/travis/build/icyphy/ptII/ptolemy/domains/modal/test/auto/BroadcastHierarchy4.xml (RunModel)" time="0.078" />
  <testcase classname="ptolemy.util.test.junit.AutoTests" name="[12] /home/travis/build/icyphy/ptII/ptolemy/domains/modal/test/auto/CannotAnalysisWithPreemption2.xml (RunModel)" time="0.031" />
  <testcase classname="ptolemy.util.test.junit.AutoTests" name="[13] /home/travis/build/icyphy/ptII/ptolemy/domains/modal/test/auto/CannotAnalysisWithPreemption3.xml (RunModel)" time="0.062" />
  <testcase classname="ptolemy.util.test.junit.AutoTests" name="[14] /home/travis/build/icyphy/ptII/ptolemy/domains/modal/test/auto/CannotProduce.xml (RunModel)" time="0.029" />
  <testcase classname="ptolemy.util.test.junit.AutoTests" name="[15] /home/travis/build/icyphy/ptII/ptolemy/domains/modal/test/auto/CannotProduceModal.xml (RunModel)" time="0.033" />
  <testcase classname="ptolemy.util.test.junit.AutoTests" name="[16] /home/travis/build/icyphy/ptII/ptolemy/domains/modal/test/auto/Case.xml (RunModel)" time="0.071" />
  <testcase classname="ptolemy.util.test.junit.AutoTests" name="[17] /home/travis/build/icyphy/ptII/ptolemy/domains/modal/test/auto/Case1.xml (RunModel)" time="0.048" />
  <testcase classname="ptolemy.util.test.junit.AutoTests" name="[18] /home/travis/build/icyphy/ptII/ptolemy/domains/modal/test/auto/Case2.xml (RunModel)" time="0.056" />
  <testcase classname="ptolemy.util.test.junit.AutoTests" name="[19] /home/travis/build/icyphy/ptII/ptolemy/domains/modal/test/auto/CausalityInterface1.xml (RunModel)" time="0.035" />
  <testcase classname="ptolemy.util.test.junit.AutoTests" name="[20] /home/travis/build/icyphy/ptII/ptolemy/domains/modal/test/auto/CausalityInterface10.xml (RunModel)" time="0.063" />
  <testcase classname="ptolemy.util.test.junit.AutoTests" name="[21] /home/travis/build/icyphy/ptII/ptolemy/domains/modal/test/auto/CausalityInterface11.xml (RunModel)" time="0.047" />
  <testcase classname="ptolemy.util.test.junit.AutoTests" name="[22] /home/travis/build/icyphy/ptII/ptolemy/domains/modal/test/auto/CausalityInterface12.xml (RunModel)" time="0.056" />
  <testcase classname="ptolemy.util.test.junit.AutoTests" name="[23] /home/travis/build/icyphy/ptII/ptolemy/domains/modal/test/auto/CausalityInterface13.xml (RunModel)" time="0.054" />
  <testcase classname="ptolemy.util.test.junit.AutoTests" name="[24] /home/travis/build/icyphy/ptII/ptolemy/domains/modal/test/auto/CausalityInterface14.xml (RunModel)" time="0.06" />
  <testcase classname="ptolemy.util.test.junit.AutoTests" name="[25] /home/travis/build/icyphy/ptII/ptolemy/domains/modal/test/auto/CausalityInterface2.xml (RunModel)" time="0.026" />
  <testcase classname="ptolemy.util.test.junit.AutoTests" name="[26] /home/travis/build/icyphy/ptII/ptolemy/domains/modal/test/auto/CausalityInterface3.xml (RunModel)" time="0.025" />
  <testcase classname="ptolemy.util.test.junit.AutoTests" name="[27] /home/travis/build/icyphy/ptII/ptolemy/domains/modal/test/auto/CausalityInterface4.xml (RunModel)" time="0.028" />
  <testcase classname="ptolemy.util.test.junit.AutoTests" name="[28] /home/travis/build/icyphy/ptII/ptolemy/domains/modal/test/auto/CausalityInterface5.xml (RunModel)" time="0.04" />
  <testcase classname="ptolemy.util.test.junit.AutoTests" name="[29] /home/travis/build/icyphy/ptII/ptolemy/domains/modal/test/auto/CausalityInterface6.xml (RunModel)" time="0.036" />
  <testcase classname="ptolemy.util.test.junit.AutoTests" name="[30] /home/travis/build/icyphy/ptII/ptolemy/domains/modal/test/auto/CausalityInterface7.xml (RunModel)" time="0.069" />
  <testcase classname="ptolemy.util.test.junit.AutoTests" name="[31] /home/travis/build/icyphy/ptII/ptolemy/domains/modal/test/auto/CausalityInterface8.xml (RunModel)" time="0.038" />
  <testcase classname="ptolemy.util.test.junit.AutoTests" name="[32] /home/travis/build/icyphy/ptII/ptolemy/domains/modal/test/auto/CausalityInterface9.xml (RunModel)" time="0.044" />
  <testcase classname="ptolemy.util.test.junit.AutoTests" name="[33] /home/travis/build/icyphy/ptII/ptolemy/domains/modal/test/auto/ChainedTransitions.xml (RunModel)" time="0.166" />
  <testcase classname="ptolemy.util.test.junit.AutoTests" name="[34] /home/travis/build/icyphy/ptII/ptolemy/domains/modal/test/auto/CycleOfImmediateTransitionsFSM.xml (RunModel)" time="0.018" />
  <testcase classname="ptolemy.util.test.junit.AutoTests" name="[35] /home/travis/build/icyphy/ptII/ptolemy/domains/modal/test/auto/CycleOfImmediateTransitionsModal.xml (RunModel)" time="0.021" />
  <testcase classname="ptolemy.util.test.junit.AutoTests" name="[36] /home/travis/build/icyphy/ptII/ptolemy/domains/modal/test/auto/CycleOfImmediateTransitionsModal2.xml (RunModel)" time="0.029" />
  <testcase classname="ptolemy.util.test.junit.AutoTests" name="[37] /home/travis/build/icyphy/ptII/ptolemy/domains/modal/test/auto/CycleOfImmediateTransitionsModal3.xml (RunModel)" time="0.072" />
  <testcase classname="ptolemy.util.test.junit.AutoTests" name="[38] /home/travis/build/icyphy/ptII/ptolemy/domains/modal/test/auto/DeepModal1.xml (RunModel)" time="0.055" />
  <testcase classname="ptolemy.util.test.junit.AutoTests" name="[39] /home/travis/build/icyphy/ptII/ptolemy/domains/modal/test/auto/DeepModal2.xml (RunModel)" time="0.068" />
  <testcase classname="ptolemy.util.test.junit.AutoTests" name="[40] /home/travis/build/icyphy/ptII/ptolemy/domains/modal/test/auto/DeepModal3.xml (RunModel)" time="0.06" />
  <testcase classname="ptolemy.util.test.junit.AutoTests" name="[41] /home/travis/build/icyphy/ptII/ptolemy/domains/modal/test/auto/DeepModal4.xml (RunModel)" time="0.072" />
  <testcase classname="ptolemy.util.test.junit.AutoTests" name="[42] /home/travis/build/icyphy/ptII/ptolemy/domains/modal/test/auto/Default1.xml (RunModel)" time="0.028" />
  <testcase classname="ptolemy.util.test.junit.AutoTests" name="[43] /home/travis/build/icyphy/ptII/ptolemy/domains/modal/test/auto/Default2.xml (RunModel)" time="0.043" />
  <testcase classname="ptolemy.util.test.junit.AutoTests" name="[44] /home/travis/build/icyphy/ptII/ptolemy/domains/modal/test/auto/Default3.xml (RunModel)" time="0.021" />
  <testcase classname="ptolemy.util.test.junit.AutoTests" name="[45] /home/travis/build/icyphy/ptII/ptolemy/domains/modal/test/auto/Default4.xml (RunModel)" time="0.026" />
  <testcase classname="ptolemy.util.test.junit.AutoTests" name="[46] /home/travis/build/icyphy/ptII/ptolemy/domains/modal/test/auto/Default5.xml (RunModel)" time="0.035" />
  <testcase classname="ptolemy.util.test.junit.AutoTests" name="[47] /home/travis/build/icyphy/ptII/ptolemy/domains/modal/test/auto/EmptyGuard.xml (RunModel)" time="0.037" />
  <testcase classname="ptolemy.util.test.junit.AutoTests" name="[48] /home/travis/build/icyphy/ptII/ptolemy/domains/modal/test/auto/ErrorTransition1.xml (RunModel)" time="0.038" />
  <testcase classname="ptolemy.util.test.junit.AutoTests" name="[49] /home/travis/build/icyphy/ptII/ptolemy/domains/modal/test/auto/ErrorTransition10.xml (RunModel)" time="0.051" />
  <testcase classname="ptolemy.util.test.junit.AutoTests" name="[50] /home/travis/build/icyphy/ptII/ptolemy/domains/modal/test/auto/ErrorTransition11.xml (RunModel)" time="0.041" />
  <testcase classname="ptolemy.util.test.junit.AutoTests" name="[51] /home/travis/build/icyphy/ptII/ptolemy/domains/modal/test/auto/ErrorTransition2.xml (RunModel)" time="0.033" />
  <testcase classname="ptolemy.util.test.junit.AutoTests" name="[52] /home/travis/build/icyphy/ptII/ptolemy/domains/modal/test/auto/ErrorTransition3.xml (RunModel)" time="0.043" />
  <testcase classname="ptolemy.util.test.junit.AutoTests" name="[53] /home/travis/build/icyphy/ptII/ptolemy/domains/modal/test/auto/ErrorTransition4.xml (RunModel)" time="0.035" />
  <testcase classname="ptolemy.util.test.junit.AutoTests" name="[54] /home/travis/build/icyphy/ptII/ptolemy/domains/modal/test/auto/ErrorTransition5.xml (RunModel)" time="0.051" />
  <testcase classname="ptolemy.util.test.junit.AutoTests" name="[55] /home/travis/build/icyphy/ptII/ptolemy/domains/modal/test/auto/ErrorTransition6.xml (RunModel)" time="0.039" />
  <testcase classname="ptolemy.util.test.junit.AutoTests" name="[56] /home/travis/build/icyphy/ptII/ptolemy/domains/modal/test/auto/ErrorTransition7.xml (RunModel)" time="0.054" />
  <testcase classname="ptolemy.util.test.junit.AutoTests" name="[57] /home/travis/build/icyphy/ptII/ptolemy/domains/modal/test/auto/ErrorTransition8.xml (RunModel)" time="0.075" />
  <testcase classname="ptolemy.util.test.junit.AutoTests" name="[58] /home/travis/build/icyphy/ptII/ptolemy/domains/modal/test/auto/ErrorTransition9.xml (RunModel)" time="0.061" />
  <testcase classname="ptolemy.util.test.junit.AutoTests" name="[59] /home/travis/build/icyphy/ptII/ptolemy/domains/modal/test/auto/ExtendedFSM.xml (RunModel)" time="0.027" />
  <testcase classname="ptolemy.util.test.junit.AutoTests" name="[60] /home/travis/build/icyphy/ptII/ptolemy/domains/modal/test/auto/FinalStates.xml (RunModel)" time="0.024" />
  <testcase classname="ptolemy.util.test.junit.AutoTests" name="[61] /home/travis/build/icyphy/ptII/ptolemy/domains/modal/test/auto/FixedPointFSM.xml (RunModel)" time="0.053" />
  <testcase classname="ptolemy.util.test.junit.AutoTests" name="[62] /home/travis/build/icyphy/ptII/ptolemy/domains/modal/test/auto/FixedPointIterationFSMActor.xml (RunModel)" time="0.032" />
  <testcase classname="ptolemy.util.test.junit.AutoTests" name="[63] /home/travis/build/icyphy/ptII/ptolemy/domains/modal/test/auto/FixedPointIterationFSMActor2.xml (RunModel)" time="0.048" />
  <testcase classname="ptolemy.util.test.junit.AutoTests" name="[64] /home/travis/build/icyphy/ptII/ptolemy/domains/modal/test/auto/ForbiddenInstantanousLoop.xml (RunModel)" time="0.036" />
  <testcase classname="ptolemy.util.test.junit.AutoTests" name="[65] /home/travis/build/icyphy/ptII/ptolemy/domains/modal/test/auto/FunctionDependencyOfFSMActorTest.xml (RunModel)" time="0.029" />
  <testcase classname="ptolemy.util.test.junit.AutoTests" name="[66] /home/travis/build/icyphy/ptII/ptolemy/domains/modal/test/auto/GuardExpression.xml (RunModel)" time="0.017" />
  <testcase classname="ptolemy.util.test.junit.AutoTests" name="[67] /home/travis/build/icyphy/ptII/ptolemy/domains/modal/test/auto/GuardNotEvaluated.xml (RunModel)" time="0.029" />
  <testcase classname="ptolemy.util.test.junit.AutoTests" name="[68] /home/travis/build/icyphy/ptII/ptolemy/domains/modal/test/auto/GuardNotEvaluated2.xml (RunModel)" time="0.024" />
  <testcase classname="ptolemy.util.test.junit.AutoTests" name="[69] /home/travis/build/icyphy/ptII/ptolemy/domains/modal/test/auto/GuardOnAbsent.xml (RunModel)" time="0.022" />
  <testcase classname="ptolemy.util.test.junit.AutoTests" name="[70] /home/travis/build/icyphy/ptII/ptolemy/domains/modal/test/auto/HierarchicalFSMTypeInference.xml (RunModel)" time="0.027" />
  <testcase classname="ptolemy.util.test.junit.AutoTests" name="[71] /home/travis/build/icyphy/ptII/ptolemy/domains/modal/test/auto/Hysteresis.xml (RunModel)" time="0.039" />
  <testcase classname="ptolemy.util.test.junit.AutoTests" name="[72] /home/travis/build/icyphy/ptII/ptolemy/domains/modal/test/auto/HysteresisWithDefault.xml (RunModel)" time="0.066" />
  <testcase classname="ptolemy.util.test.junit.AutoTests" name="[73] /home/travis/build/icyphy/ptII/ptolemy/domains/modal/test/auto/HysteresisWithDefault2.xml (RunModel)" time="0.073" />
  <testcase classname="ptolemy.util.test.junit.AutoTests" name="[74] /home/travis/build/icyphy/ptII/ptolemy/domains/modal/test/auto/ImmediateNonConstructiveness.xml (RunModel)" time="0.016" />
  <testcase classname="ptolemy.util.test.junit.AutoTests" name="[75] /home/travis/build/icyphy/ptII/ptolemy/domains/modal/test/auto/ImmediateNonConstructiveness2.xml (RunModel)" time="0.017" />
  <testcase classname="ptolemy.util.test.junit.AutoTests" name="[76] /home/travis/build/icyphy/ptII/ptolemy/domains/modal/test/auto/ImmediateTransitionReset.xml (RunModel)" time="0.038" />
  <testcase classname="ptolemy.util.test.junit.AutoTests" name="[77] /home/travis/build/icyphy/ptII/ptolemy/domains/modal/test/auto/ImmediateTransitions1.xml (RunModel)" time="0.014" />
  <testcase classname="ptolemy.util.test.junit.AutoTests" name="[78] /home/travis/build/icyphy/ptII/ptolemy/domains/modal/test/auto/ImmediateTransitionsInstantaneousCommunication.xml (RunModel)" time="0.029" />
  <testcase classname="ptolemy.util.test.junit.AutoTests" name="[79] /home/travis/build/icyphy/ptII/ptolemy/domains/modal/test/auto/InitialImmediateTransition.xml (RunModel)" time="0.014" />
  <testcase classname="ptolemy.util.test.junit.AutoTests" name="[80] /home/travis/build/icyphy/ptII/ptolemy/domains/modal/test/auto/InitialOutputs.xml (RunModel)" time="0.013" />
  <testcase classname="ptolemy.util.test.junit.AutoTests" name="[81] /home/travis/build/icyphy/ptII/ptolemy/domains/modal/test/auto/InitialStateTransition1.xml (RunModel)" time="0.018" />
  <testcase classname="ptolemy.util.test.junit.AutoTests" name="[82] /home/travis/build/icyphy/ptII/ptolemy/domains/modal/test/auto/InitialStateTransition2.xml (RunModel)" time="0.025" />
  <testcase classname="ptolemy.util.test.junit.AutoTests" name="[83] /home/travis/build/icyphy/ptII/ptolemy/domains/modal/test/auto/InitialStateTransition3.xml (RunModel)" time="0.022" />
  <testcase classname="ptolemy.util.test.junit.AutoTests" name="[84] /home/travis/build/icyphy/ptII/ptolemy/domains/modal/test/auto/InitialStateTransition4.xml (RunModel)" time="0.024" />
  <testcase classname="ptolemy.util.test.junit.AutoTests" name="[85] /home/travis/build/icyphy/ptII/ptolemy/domains/modal/test/auto/MalformedGuardExpressionNotCaught.xml (RunModel)" time="0.023" />
  <testcase classname="ptolemy.util.test.junit.AutoTests" name="[86] /home/travis/build/icyphy/ptII/ptolemy/domains/modal/test/auto/ModalBSC.xml (RunModel)" time="0.091" />
  <testcase classname="ptolemy.util.test.junit.AutoTests" name="[87] /home/travis/build/icyphy/ptII/ptolemy/domains/modal/test/auto/ModalClocks.xml (RunModel)" time="0.098" />
  <testcase classname="ptolemy.util.test.junit.AutoTests" name="[88] /home/travis/build/icyphy/ptII/ptolemy/domains/modal/test/auto/ModalDelay.xml (RunModel)" time="0.038" />
  <testcase classname="ptolemy.util.test.junit.AutoTests" name="[89] /home/travis/build/icyphy/ptII/ptolemy/domains/modal/test/auto/ModalDelay2.xml (RunModel)" time="0.045" />
  <testcase classname="ptolemy.util.test.junit.AutoTests" name="[90] /home/travis/build/icyphy/ptII/ptolemy/domains/modal/test/auto/ModalModelFromMemo.xml (RunModel)" time="0.054" />
  <testcase classname="ptolemy.util.test.junit.AutoTests" name="[91] /home/travis/build/icyphy/ptII/ptolemy/domains/modal/test/auto/ModalModelWithMultirateTransient.xml (RunModel)" time="0.055" />
  <testcase classname="ptolemy.util.test.junit.AutoTests" name="[92] /home/travis/build/icyphy/ptII/ptolemy/domains/modal/test/auto/ModalModelWithReset.xml (RunModel)" time="0.072" />
  <testcase classname="ptolemy.util.test.junit.AutoTests" name="[93] /home/travis/build/icyphy/ptII/ptolemy/domains/modal/test/auto/MouseClickFSM.xml (RunModel)" time="0.048" />
  <testcase classname="ptolemy.util.test.junit.AutoTests" name="[94] /home/travis/build/icyphy/ptII/ptolemy/domains/modal/test/auto/MouseClickFSMModal.xml (RunModel)" time="0.032" />
  <testcase classname="ptolemy.util.test.junit.AutoTests" name="[95] /home/travis/build/icyphy/ptII/ptolemy/domains/modal/test/auto/NonStrictFSM_FeedbackLoop.xml (RunModel)" time="0.05" />
  <testcase classname="ptolemy.util.test.junit.AutoTests" name="[96] /home/travis/build/icyphy/ptII/ptolemy/domains/modal/test/auto/NonStrictFSM_FeedbackLoop_Refinement.xml (RunModel)" time="0.076" />
  <testcase classname="ptolemy.util.test.junit.AutoTests" name="[97] /home/travis/build/icyphy/ptII/ptolemy/domains/modal/test/auto/NonStrictFSM_FeedbackLoop_preemptive.xml (RunModel)" time="0.038" />
  <testcase classname="ptolemy.util.test.junit.AutoTests" name="[98] /home/travis/build/icyphy/ptII/ptolemy/domains/modal/test/auto/NormalTermination.xml (RunModel)" time="0.049" />
  <testcase classname="ptolemy.util.test.junit.AutoTests" name="[99] /home/travis/build/icyphy/ptII/ptolemy/domains/modal/test/auto/Pong.xml (RunModel)" time="0.091" />
  <testcase classname="ptolemy.util.test.junit.AutoTests" name="[100] /home/travis/build/icyphy/ptII/ptolemy/domains/modal/test/auto/Pong_test.xml (RunModel)" time="0.108" />
  <testcase classname="ptolemy.util.test.junit.AutoTests" name="[101] /home/travis/build/icyphy/ptII/ptolemy/domains/modal/test/auto/PreemptionHierarchy.xml (RunModel)" time="0.021" />
  <testcase classname="ptolemy.util.test.junit.AutoTests" name="[102] /home/travis/build/icyphy/ptII/ptolemy/domains/modal/test/auto/PreemptionHierarchy2.xml (RunModel)" time="0.025" />
  <testcase classname="ptolemy.util.test.junit.AutoTests" name="[103] /home/travis/build/icyphy/ptII/ptolemy/domains/modal/test/auto/PreemptiveTransition.xml (RunModel)" time="0.022" />
  <testcase classname="ptolemy.util.test.junit.AutoTests" name="[104] /home/travis/build/icyphy/ptII/ptolemy/domains/modal/test/auto/Priorities.xml (RunModel)" time="0.093" />
  <testcase classname="ptolemy.util.test.junit.AutoTests" name="[105] /home/travis/build/icyphy/ptII/ptolemy/domains/modal/test/auto/ResetFinal.xml (RunModel)" time="0.035" />
  <testcase classname="ptolemy.util.test.junit.AutoTests" name="[106] /home/travis/build/icyphy/ptII/ptolemy/domains/modal/test/auto/ResetFinal2.xml (RunModel)" time="0.03" />
  <testcase classname="ptolemy.util.test.junit.AutoTests" name="[107] /home/travis/build/icyphy/ptII/ptolemy/domains/modal/test/auto/ResetTransitionWithStartTime.xml (RunModel)" time="0.03" />
  <testcase classname="ptolemy.util.test.junit.AutoTests" name="[108] /home/travis/build/icyphy/ptII/ptolemy/domains/modal/test/auto/SDF-FSMComposite.xml (RunModel)" time="0.021" />
  <testcase classname="ptolemy.util.test.junit.AutoTests" name="[109] /home/travis/build/icyphy/ptII/ptolemy/domains/modal/test/auto/SeeminglyNondeterminate.xml (RunModel)" time="0.066" />
  <testcase classname="ptolemy.util.test.junit.AutoTests" name="[110] /home/travis/build/icyphy/ptII/ptolemy/domains/modal/test/auto/SeeminglyNondeterminate2.xml (RunModel)" time="0.069" />
  <testcase classname="ptolemy.util.test.junit.AutoTests" name="[111] /home/travis/build/icyphy/ptII/ptolemy/domains/modal/test/auto/SpontaneousFSM.xml (RunModel)" time="0.039" />
  <testcase classname="ptolemy.util.test.junit.AutoTests" name="[112] /home/travis/build/icyphy/ptII/ptolemy/domains/modal/test/auto/SpontaneousFSM2.xml (RunModel)" time="0.026" />
  <testcase classname="ptolemy.util.test.junit.AutoTests" name="[113] /home/travis/build/icyphy/ptII/ptolemy/domains/modal/test/auto/SpontaneousFSM3.xml (RunModel)" time="0.035" />
  <testcase classname="ptolemy.util.test.junit.AutoTests" name="[114] /home/travis/build/icyphy/ptII/ptolemy/domains/modal/test/auto/SpontaneousFSM4.xml (RunModel)" time="0.039" />
  <testcase classname="ptolemy.util.test.junit.AutoTests" name="[115] /home/travis/build/icyphy/ptII/ptolemy/domains/modal/test/auto/StateTrackerTest.xml (RunModel)" time="0.057" />
  <testcase classname="ptolemy.util.test.junit.AutoTests" name="[116] /home/travis/build/icyphy/ptII/ptolemy/domains/modal/test/auto/StrongImmediateTransition.xml (RunModel)" time="0.018" />
  <testcase classname="ptolemy.util.test.junit.AutoTests" name="[117] /home/travis/build/icyphy/ptII/ptolemy/domains/modal/test/auto/SustainHierarchy.xml (RunModel)" time="0.029" />
  <testcase classname="ptolemy.util.test.junit.AutoTests" name="[118] /home/travis/build/icyphy/ptII/ptolemy/domains/modal/test/auto/TerminationTransition1.xml (RunModel)" time="0.018" />
  <testcase classname="ptolemy.util.test.junit.AutoTests" name="[119] /home/travis/build/icyphy/ptII/ptolemy/domains/modal/test/auto/TerminationTransition2.xml (RunModel)" time="0.025" />
  <testcase classname="ptolemy.util.test.junit.AutoTests" name="[120] /home/travis/build/icyphy/ptII/ptolemy/domains/modal/test/auto/TerminationTransition3.xml (RunModel)" time="0.021" />
  <testcase classname="ptolemy.util.test.junit.AutoTests" name="[121] /home/travis/build/icyphy/ptII/ptolemy/domains/modal/test/auto/TerminationTransition4.xml (RunModel)" time="0.031" />
  <testcase classname="ptolemy.util.test.junit.AutoTests" name="[122] /home/travis/build/icyphy/ptII/ptolemy/domains/modal/test/auto/TerminationTransition5.xml (RunModel)" time="0.028" />
  <testcase classname="ptolemy.util.test.junit.AutoTests" name="[123] /home/travis/build/icyphy/ptII/ptolemy/domains/modal/test/auto/TerminationTransition6.xml (RunModel)" time="0.064" />
  <testcase classname="ptolemy.util.test.junit.AutoTests" name="[124] /home/travis/build/icyphy/ptII/ptolemy/domains/modal/test/auto/TerminationTransition7.xml (RunModel)" time="0.025" />
  <testcase classname="ptolemy.util.test.junit.AutoTests" name="[125] /home/travis/build/icyphy/ptII/ptolemy/domains/modal/test/auto/TerminationTransition8.xml (RunModel)" time="0.025" />
  <testcase classname="ptolemy.util.test.junit.AutoTests" name="[126] /home/travis/build/icyphy/ptII/ptolemy/domains/modal/test/auto/Thermostat_NoHysteresis.xml (RunModel)" time="0.063" />
  <testcase classname="ptolemy.util.test.junit.AutoTests" name="[127] /home/travis/build/icyphy/ptII/ptolemy/domains/modal/test/auto/TimedFSM.xml (RunModel)" time="0.034" />
  <testcase classname="ptolemy.util.test.junit.AutoTests" name="[128] /home/travis/build/icyphy/ptII/ptolemy/domains/modal/test/auto/Timeout1.xml (RunModel)" time="0.019" />
  <testcase classname="ptolemy.util.test.junit.AutoTests" name="[129] /home/travis/build/icyphy/ptII/ptolemy/domains/modal/test/auto/Timeout2.xml (RunModel)" time="0.03" />
  <testcase classname="ptolemy.util.test.junit.AutoTests" name="[130] /home/travis/build/icyphy/ptII/ptolemy/domains/modal/test/auto/Timeout3.xml (RunModel)" time="0.019" />
  <testcase classname="ptolemy.util.test.junit.AutoTests" name="[131] /home/travis/build/icyphy/ptII/ptolemy/domains/modal/test/auto/Timeout4.xml (RunModel)" time="0.016" />
  <testcase classname="ptolemy.util.test.junit.AutoTests" name="[132] /home/travis/build/icyphy/ptII/ptolemy/domains/modal/test/auto/TransientstateModelAdvanced.xml (RunModel)" time="0.031" />
  <testcase classname="ptolemy.util.test.junit.AutoTests" name="[133] /home/travis/build/icyphy/ptII/ptolemy/domains/modal/test/auto/TransientstateModelAdvanced2.xml (RunModel)" time="0.03" />
  <testcase classname="ptolemy.util.test.junit.AutoTests" name="[134] /home/travis/build/icyphy/ptII/ptolemy/domains/modal/test/auto/TransitionRefinements.xml (RunModel)" time="0.023" />
  <testcase classname="ptolemy.util.test.junit.AutoTests" name="[135] /home/travis/build/icyphy/ptII/ptolemy/domains/modal/test/auto/TwoRefinements1.xml (RunModel)" time="0.022" />
  <testcase classname="ptolemy.util.test.junit.AutoTests" name="[136] /home/travis/build/icyphy/ptII/ptolemy/domains/modal/test/auto/TwoRefinements2.xml (RunModel)" time="0.021" />
  <testcase classname="ptolemy.util.test.junit.AutoTests" name="[137] /home/travis/build/icyphy/ptII/ptolemy/domains/modal/test/auto/WeakImmediateTransition.xml (RunModel)" time="0.024" />
  <testcase classname="ptolemy.util.test.junit.AutoTests" name="[138] /home/travis/build/icyphy/ptII/ptolemy/domains/modal/test/auto/booleanSelect.xml (RunModel)" time="0.063" />
  <testcase classname="ptolemy.util.test.junit.AutoTests" name="[139] /home/travis/build/icyphy/ptII/ptolemy/domains/modal/test/auto/modalChangingParams.xml (RunModel)" time="0.25" />
  <testcase classname="ptolemy.util.test.junit.AutoTests" name="[140] /home/travis/build/icyphy/ptII/ptolemy/domains/modal/test/auto/modalModel.xml (RunModel)" time="0.026" />
  <testcase classname="ptolemy.util.test.junit.AutoTests" name="[141] /home/travis/build/icyphy/ptII/ptolemy/domains/modal/test/auto/modalModel2.xml (RunModel)" time="0.032" />
  <testcase classname="ptolemy.util.test.junit.AutoTests" name="[142] /home/travis/build/icyphy/ptII/ptolemy/domains/modal/test/auto/modalModel3.xml (RunModel)" time="0.046" />
  <testcase classname="ptolemy.util.test.junit.AutoTests" name="[143] /home/travis/build/icyphy/ptII/ptolemy/domains/modal/test/auto/model1.xml (RunModel)" time="0.018" />
  <testcase classname="ptolemy.util.test.junit.AutoTests" name="[144] /home/travis/build/icyphy/ptII/ptolemy/domains/modal/test/auto/test-direct-in-out.xml (RunModel)" time="0.017" />
  <system-out><![CDATA[/home/travis/build/icyphy/ptII/ptolemy/domains/modal/test/SystemLevelType.tcl
testDefs.tcl: setting time out to 9000 seconds at Wed Jul 10 15:28:33 UTC 2019
07/10/19 03:28:35
Failed: 0  Total Tests: 1  ((Passed: 1, Newly Passed: 0)  Known Failed: 0) /home/travis/build/icyphy/ptII/ptolemy/domains/modal/test
----------------- testing (KnownFailure) /home/travis/build/icyphy/ptII/ptolemy/domains/modal/test/auto/knownFailedTests/CannotAnalysisWithPreemption.xml
162 ms. Memory: 199680K Free: 112173K (56%)
Known Failure: java.lang.reflect.InvocationTargetException
No auto/linux-amd64/*.xml tests in /home/travis/build/icyphy/ptII/ptolemy/domains/modal/test
AutoTests.java: About to close Vertx.
AutoTests.java: Vertx closed.

===========================================================================================
----------------- testing Wed Jul 10 15:28:35 UTC 2019 /home/travis/build/icyphy/ptII/ptolemy/domains/modal/test/auto/ABPTest.xml
----------------- Instantiating /home/travis/build/icyphy/ptII/ptolemy/domains/modal/test/auto/ABPTest.xml
378 ms. Memory: 287744K Free: 169394K (59%)
----------------- Invoking toplevel() on ptolemy.moml.MoMLSimpleApplication@598f159c
----------------- Done invoking toplevel() on ptolemy.moml.MoMLSimpleApplication@598f159c
reloadAllAccessors: .ABPTest

===========================================================================================
----------------- testing Wed Jul 10 15:28:36 UTC 2019 /home/travis/build/icyphy/ptII/ptolemy/domains/modal/test/auto/ABROFlat.xml
----------------- Instantiating /home/travis/build/icyphy/ptII/ptolemy/domains/modal/test/auto/ABROFlat.xml
23 ms. Memory: 287744K Free: 154034K (54%)
----------------- Invoking toplevel() on ptolemy.moml.MoMLSimpleApplication@2a598b9
----------------- Done invoking toplevel() on ptolemy.moml.MoMLSimpleApplication@2a598b9
reloadAllAccessors: .ABROFlat

===========================================================================================
----------------- testing Wed Jul 10 15:28:36 UTC 2019 /home/travis/build/icyphy/ptII/ptolemy/domains/modal/test/auto/ABROFlat2.xml
----------------- Instantiating /home/travis/build/icyphy/ptII/ptolemy/domains/modal/test/auto/ABROFlat2.xml
11 ms. Memory: 287744K Free: 137650K (48%)
----------------- Invoking toplevel() on ptolemy.moml.MoMLSimpleApplication@72fee218
----------------- Done invoking toplevel() on ptolemy.moml.MoMLSimpleApplication@72fee218
reloadAllAccessors: .ABROFlat2

===========================================================================================
----------------- testing Wed Jul 10 15:28:36 UTC 2019 /home/travis/build/icyphy/ptII/ptolemy/domains/modal/test/auto/ABRO_present_hmm.xml
----------------- Instantiating /home/travis/build/icyphy/ptII/ptolemy/domains/modal/test/auto/ABRO_present_hmm.xml
53 ms. Memory: 287744K Free: 265435K (92%)
----------------- Invoking toplevel() on ptolemy.moml.MoMLSimpleApplication@49334823
----------------- Done invoking toplevel() on ptolemy.moml.MoMLSimpleApplication@49334823
reloadAllAccessors: .ABRO_present_hmm

===========================================================================================
----------------- testing Wed Jul 10 15:28:37 UTC 2019 /home/travis/build/icyphy/ptII/ptolemy/domains/modal/test/auto/AMICoderExample.xml
----------------- Instantiating /home/travis/build/icyphy/ptII/ptolemy/domains/modal/test/auto/AMICoderExample.xml
40 ms. Memory: 287744K Free: 255263K (89%)
----------------- Invoking toplevel() on ptolemy.moml.MoMLSimpleApplication@2c41882f
----------------- Done invoking toplevel() on ptolemy.moml.MoMLSimpleApplication@2c41882f
reloadAllAccessors: .AMICoderExample

===========================================================================================
----------------- testing Wed Jul 10 15:28:37 UTC 2019 /home/travis/build/icyphy/ptII/ptolemy/domains/modal/test/auto/AbsentToPresent.xml
----------------- Instantiating /home/travis/build/icyphy/ptII/ptolemy/domains/modal/test/auto/AbsentToPresent.xml
7 ms. Memory: 287744K Free: 250672K (87%)
----------------- Invoking toplevel() on ptolemy.moml.MoMLSimpleApplication@4f4c16c8
----------------- Done invoking toplevel() on ptolemy.moml.MoMLSimpleApplication@4f4c16c8
reloadAllAccessors: .AbsentToPresent

===========================================================================================
----------------- testing Wed Jul 10 15:28:37 UTC 2019 /home/travis/build/icyphy/ptII/ptolemy/domains/modal/test/auto/Blending.xml
----------------- Instantiating /home/travis/build/icyphy/ptII/ptolemy/domains/modal/test/auto/Blending.xml
167 ms. Memory: 287744K Free: 206111K (72%)
----------------- Invoking toplevel() on ptolemy.moml.MoMLSimpleApplication@37e20db5
----------------- Done invoking toplevel() on ptolemy.moml.MoMLSimpleApplication@37e20db5
reloadAllAccessors: .Blending

===========================================================================================
----------------- testing Wed Jul 10 15:28:37 UTC 2019 /home/travis/build/icyphy/ptII/ptolemy/domains/modal/test/auto/Broadcast.xml
----------------- Instantiating /home/travis/build/icyphy/ptII/ptolemy/domains/modal/test/auto/Broadcast.xml
9 ms. Memory: 287744K Free: 195886K (68%)
----------------- Invoking toplevel() on ptolemy.moml.MoMLSimpleApplication@2f5f2ae1
----------------- Done invoking toplevel() on ptolemy.moml.MoMLSimpleApplication@2f5f2ae1
reloadAllAccessors: .Broadcast

===========================================================================================
----------------- testing Wed Jul 10 15:28:37 UTC 2019 /home/travis/build/icyphy/ptII/ptolemy/domains/modal/test/auto/BroadcastHierarchy.xml
----------------- Instantiating /home/travis/build/icyphy/ptII/ptolemy/domains/modal/test/auto/BroadcastHierarchy.xml
8 ms. Memory: 287744K Free: 182064K (63%)
----------------- Invoking toplevel() on ptolemy.moml.MoMLSimpleApplication@27bc4942
----------------- Done invoking toplevel() on ptolemy.moml.MoMLSimpleApplication@27bc4942
reloadAllAccessors: .BroadcastHierarchy

===========================================================================================
----------------- testing Wed Jul 10 15:28:37 UTC 2019 /home/travis/build/icyphy/ptII/ptolemy/domains/modal/test/auto/BroadcastHierarchy2.xml
----------------- Instantiating /home/travis/build/icyphy/ptII/ptolemy/domains/modal/test/auto/BroadcastHierarchy2.xml
17 ms. Memory: 287744K Free: 155901K (54%)
----------------- Invoking toplevel() on ptolemy.moml.MoMLSimpleApplication@50967cca
----------------- Done invoking toplevel() on ptolemy.moml.MoMLSimpleApplication@50967cca
reloadAllAccessors: .BroadcastHierarchy2

===========================================================================================
----------------- testing Wed Jul 10 15:28:37 UTC 2019 /home/travis/build/icyphy/ptII/ptolemy/domains/modal/test/auto/BroadcastHierarchy3.xml
----------------- Instantiating /home/travis/build/icyphy/ptII/ptolemy/domains/modal/test/auto/BroadcastHierarchy3.xml
22 ms. Memory: 287744K Free: 135984K (47%)
----------------- Invoking toplevel() on ptolemy.moml.MoMLSimpleApplication@6b169175
----------------- Done invoking toplevel() on ptolemy.moml.MoMLSimpleApplication@6b169175
reloadAllAccessors: .BroadcastHierarchy3

===========================================================================================
----------------- testing Wed Jul 10 15:28:37 UTC 2019 /home/travis/build/icyphy/ptII/ptolemy/domains/modal/test/auto/BroadcastHierarchy4.xml
----------------- Instantiating /home/travis/build/icyphy/ptII/ptolemy/domains/modal/test/auto/BroadcastHierarchy4.xml
15 ms. Memory: 287744K Free: 111918K (39%)
----------------- Invoking toplevel() on ptolemy.moml.MoMLSimpleApplication@5120bdb4
----------------- Done invoking toplevel() on ptolemy.moml.MoMLSimpleApplication@5120bdb4
reloadAllAccessors: .BroadcastHierarchy4

===========================================================================================
----------------- testing Wed Jul 10 15:28:37 UTC 2019 /home/travis/build/icyphy/ptII/ptolemy/domains/modal/test/auto/CannotAnalysisWithPreemption2.xml
----------------- Instantiating /home/travis/build/icyphy/ptII/ptolemy/domains/modal/test/auto/CannotAnalysisWithPreemption2.xml
3 ms. Memory: 287744K Free: 104750K (36%)
----------------- Invoking toplevel() on ptolemy.moml.MoMLSimpleApplication@4d9edf4b
----------------- Done invoking toplevel() on ptolemy.moml.MoMLSimpleApplication@4d9edf4b
reloadAllAccessors: .CannotAnalysisWithPreemption2

===========================================================================================
----------------- testing Wed Jul 10 15:28:37 UTC 2019 /home/travis/build/icyphy/ptII/ptolemy/domains/modal/test/auto/CannotAnalysisWithPreemption3.xml
----------------- Instantiating /home/travis/build/icyphy/ptII/ptolemy/domains/modal/test/auto/CannotAnalysisWithPreemption3.xml
4 ms. Memory: 287744K Free: 259343K (90%)
----------------- Invoking toplevel() on ptolemy.moml.MoMLSimpleApplication@6e4a3ff9
----------------- Done invoking toplevel() on ptolemy.moml.MoMLSimpleApplication@6e4a3ff9
reloadAllAccessors: .CannotAnalysisWithPreemption3

===========================================================================================
----------------- testing Wed Jul 10 15:28:37 UTC 2019 /home/travis/build/icyphy/ptII/ptolemy/domains/modal/test/auto/CannotProduce.xml
----------------- Instantiating /home/travis/build/icyphy/ptII/ptolemy/domains/modal/test/auto/CannotProduce.xml
13 ms. Memory: 287744K Free: 252720K (88%)
----------------- Invoking toplevel() on ptolemy.moml.MoMLSimpleApplication@397a1c73
----------------- Done invoking toplevel() on ptolemy.moml.MoMLSimpleApplication@397a1c73
reloadAllAccessors: .CannotProduce

===========================================================================================
----------------- testing Wed Jul 10 15:28:38 UTC 2019 /home/travis/build/icyphy/ptII/ptolemy/domains/modal/test/auto/CannotProduceModal.xml
----------------- Instantiating /home/travis/build/icyphy/ptII/ptolemy/domains/modal/test/auto/CannotProduceModal.xml
10 ms. Memory: 287744K Free: 246055K (86%)
----------------- Invoking toplevel() on ptolemy.moml.MoMLSimpleApplication@5c671de4
----------------- Done invoking toplevel() on ptolemy.moml.MoMLSimpleApplication@5c671de4
reloadAllAccessors: .CannotProduceModal

===========================================================================================
----------------- testing Wed Jul 10 15:28:38 UTC 2019 /home/travis/build/icyphy/ptII/ptolemy/domains/modal/test/auto/Case.xml
----------------- Instantiating /home/travis/build/icyphy/ptII/ptolemy/domains/modal/test/auto/Case.xml
32 ms. Memory: 287744K Free: 234798K (82%)
----------------- Invoking toplevel() on ptolemy.moml.MoMLSimpleApplication@31ca5aef
----------------- Done invoking toplevel() on ptolemy.moml.MoMLSimpleApplication@31ca5aef
reloadAllAccessors: .Case

===========================================================================================
----------------- testing Wed Jul 10 15:28:38 UTC 2019 /home/travis/build/icyphy/ptII/ptolemy/domains/modal/test/auto/Case1.xml
----------------- Instantiating /home/travis/build/icyphy/ptII/ptolemy/domains/modal/test/auto/Case1.xml
13 ms. Memory: 287744K Free: 227630K (79%)
----------------- Invoking toplevel() on ptolemy.moml.MoMLSimpleApplication@73310349
----------------- Done invoking toplevel() on ptolemy.moml.MoMLSimpleApplication@73310349
reloadAllAccessors: .Case1

===========================================================================================
----------------- testing Wed Jul 10 15:28:38 UTC 2019 /home/travis/build/icyphy/ptII/ptolemy/domains/modal/test/auto/Case2.xml
----------------- Instantiating /home/travis/build/icyphy/ptII/ptolemy/domains/modal/test/auto/Case2.xml
24 ms. Memory: 287744K Free: 216880K (75%)
----------------- Invoking toplevel() on ptolemy.moml.MoMLSimpleApplication@30260239
----------------- Done invoking toplevel() on ptolemy.moml.MoMLSimpleApplication@30260239
reloadAllAccessors: .Case2

===========================================================================================
----------------- testing Wed Jul 10 15:28:38 UTC 2019 /home/travis/build/icyphy/ptII/ptolemy/domains/modal/test/auto/CausalityInterface1.xml
----------------- Instantiating /home/travis/build/icyphy/ptII/ptolemy/domains/modal/test/auto/CausalityInterface1.xml
5 ms. Memory: 287744K Free: 211760K (74%)
----------------- Invoking toplevel() on ptolemy.moml.MoMLSimpleApplication@79b26e9e
----------------- Done invoking toplevel() on ptolemy.moml.MoMLSimpleApplication@79b26e9e
reloadAllAccessors: .CausalityInterface1

===========================================================================================
----------------- testing Wed Jul 10 15:28:38 UTC 2019 /home/travis/build/icyphy/ptII/ptolemy/domains/modal/test/auto/CausalityInterface10.xml
----------------- Instantiating /home/travis/build/icyphy/ptII/ptolemy/domains/modal/test/auto/CausalityInterface10.xml
11 ms. Memory: 287744K Free: 198943K (69%)
----------------- Invoking toplevel() on ptolemy.moml.MoMLSimpleApplication@59b606d6
----------------- Done invoking toplevel() on ptolemy.moml.MoMLSimpleApplication@59b606d6
reloadAllAccessors: .CausalityInterface10

===========================================================================================
----------------- testing Wed Jul 10 15:28:38 UTC 2019 /home/travis/build/icyphy/ptII/ptolemy/domains/modal/test/auto/CausalityInterface11.xml
----------------- Instantiating /home/travis/build/icyphy/ptII/ptolemy/domains/modal/test/auto/CausalityInterface11.xml
7 ms. Memory: 287744K Free: 185615K (65%)
----------------- Invoking toplevel() on ptolemy.moml.MoMLSimpleApplication@2475aba1
----------------- Done invoking toplevel() on ptolemy.moml.MoMLSimpleApplication@2475aba1
reloadAllAccessors: .CausalityInterface11

===========================================================================================
----------------- testing Wed Jul 10 15:28:38 UTC 2019 /home/travis/build/icyphy/ptII/ptolemy/domains/modal/test/auto/CausalityInterface12.xml
----------------- Instantiating /home/travis/build/icyphy/ptII/ptolemy/domains/modal/test/auto/CausalityInterface12.xml
17 ms. Memory: 287744K Free: 172303K (60%)
----------------- Invoking toplevel() on ptolemy.moml.MoMLSimpleApplication@48744db2
----------------- Done invoking toplevel() on ptolemy.moml.MoMLSimpleApplication@48744db2
reloadAllAccessors: .CausalityInterface12

===========================================================================================
----------------- testing Wed Jul 10 15:28:38 UTC 2019 /home/travis/build/icyphy/ptII/ptolemy/domains/modal/test/auto/CausalityInterface13.xml
----------------- Instantiating /home/travis/build/icyphy/ptII/ptolemy/domains/modal/test/auto/CausalityInterface13.xml
9 ms. Memory: 287744K Free: 158512K (55%)
----------------- Invoking toplevel() on ptolemy.moml.MoMLSimpleApplication@6ce3c231
----------------- Done invoking toplevel() on ptolemy.moml.MoMLSimpleApplication@6ce3c231
reloadAllAccessors: .CausalityInterface13

===========================================================================================
----------------- testing Wed Jul 10 15:28:38 UTC 2019 /home/travis/build/icyphy/ptII/ptolemy/domains/modal/test/auto/CausalityInterface14.xml
----------------- Instantiating /home/travis/build/icyphy/ptII/ptolemy/domains/modal/test/auto/CausalityInterface14.xml
8 ms. Memory: 287744K Free: 144655K (50%)
----------------- Invoking toplevel() on ptolemy.moml.MoMLSimpleApplication@55a91c5e
----------------- Done invoking toplevel() on ptolemy.moml.MoMLSimpleApplication@55a91c5e
reloadAllAccessors: .CausalityInterface14

===========================================================================================
----------------- testing Wed Jul 10 15:28:38 UTC 2019 /home/travis/build/icyphy/ptII/ptolemy/domains/modal/test/auto/CausalityInterface2.xml
----------------- Instantiating /home/travis/build/icyphy/ptII/ptolemy/domains/modal/test/auto/CausalityInterface2.xml
4 ms. Memory: 287744K Free: 138542K (48%)
----------------- Invoking toplevel() on ptolemy.moml.MoMLSimpleApplication@3cb46108
----------------- Done invoking toplevel() on ptolemy.moml.MoMLSimpleApplication@3cb46108
reloadAllAccessors: .CausalityInterface2

===========================================================================================
----------------- testing Wed Jul 10 15:28:38 UTC 2019 /home/travis/build/icyphy/ptII/ptolemy/domains/modal/test/auto/CausalityInterface3.xml
----------------- Instantiating /home/travis/build/icyphy/ptII/ptolemy/domains/modal/test/auto/CausalityInterface3.xml
3 ms. Memory: 287744K Free: 131888K (46%)
----------------- Invoking toplevel() on ptolemy.moml.MoMLSimpleApplication@74772aa4
----------------- Done invoking toplevel() on ptolemy.moml.MoMLSimpleApplication@74772aa4
reloadAllAccessors: .CausalityInterface3

===========================================================================================
----------------- testing Wed Jul 10 15:28:38 UTC 2019 /home/travis/build/icyphy/ptII/ptolemy/domains/modal/test/auto/CausalityInterface4.xml
----------------- Instantiating /home/travis/build/icyphy/ptII/ptolemy/domains/modal/test/auto/CausalityInterface4.xml
3 ms. Memory: 287744K Free: 126254K (44%)
----------------- Invoking toplevel() on ptolemy.moml.MoMLSimpleApplication@3b2f13ee
----------------- Done invoking toplevel() on ptolemy.moml.MoMLSimpleApplication@3b2f13ee
reloadAllAccessors: .CausalityInterface4

===========================================================================================
----------------- testing Wed Jul 10 15:28:38 UTC 2019 /home/travis/build/icyphy/ptII/ptolemy/domains/modal/test/auto/CausalityInterface5.xml
----------------- Instantiating /home/travis/build/icyphy/ptII/ptolemy/domains/modal/test/auto/CausalityInterface5.xml
7 ms. Memory: 287744K Free: 118047K (41%)
----------------- Invoking toplevel() on ptolemy.moml.MoMLSimpleApplication@5edc4249
----------------- Done invoking toplevel() on ptolemy.moml.MoMLSimpleApplication@5edc4249
reloadAllAccessors: .CausalityInterface5

===========================================================================================
----------------- testing Wed Jul 10 15:28:38 UTC 2019 /home/travis/build/icyphy/ptII/ptolemy/domains/modal/test/auto/CausalityInterface6.xml
----------------- Instantiating /home/travis/build/icyphy/ptII/ptolemy/domains/modal/test/auto/CausalityInterface6.xml
5 ms. Memory: 287744K Free: 109870K (38%)
----------------- Invoking toplevel() on ptolemy.moml.MoMLSimpleApplication@419f0faf
----------------- Done invoking toplevel() on ptolemy.moml.MoMLSimpleApplication@419f0faf
reloadAllAccessors: .CausalityInterface6

===========================================================================================
----------------- testing Wed Jul 10 15:28:38 UTC 2019 /home/travis/build/icyphy/ptII/ptolemy/domains/modal/test/auto/CausalityInterface7.xml
----------------- Instantiating /home/travis/build/icyphy/ptII/ptolemy/domains/modal/test/auto/CausalityInterface7.xml
4 ms. Memory: 287744K Free: 266030K (92%)
----------------- Invoking toplevel() on ptolemy.moml.MoMLSimpleApplication@247e786f
----------------- Done invoking toplevel() on ptolemy.moml.MoMLSimpleApplication@247e786f
reloadAllAccessors: .CausalityInterface7

===========================================================================================
----------------- testing Wed Jul 10 15:28:38 UTC 2019 /home/travis/build/icyphy/ptII/ptolemy/domains/modal/test/auto/CausalityInterface8.xml
----------------- Instantiating /home/travis/build/icyphy/ptII/ptolemy/domains/modal/test/auto/CausalityInterface8.xml
11 ms. Memory: 287744K Free: 257328K (89%)
----------------- Invoking toplevel() on ptolemy.moml.MoMLSimpleApplication@79f18ce3
----------------- Done invoking toplevel() on ptolemy.moml.MoMLSimpleApplication@79f18ce3
reloadAllAccessors: .CausalityInterface8

===========================================================================================
----------------- testing Wed Jul 10 15:28:38 UTC 2019 /home/travis/build/icyphy/ptII/ptolemy/domains/modal/test/auto/CausalityInterface9.xml
----------------- Instantiating /home/travis/build/icyphy/ptII/ptolemy/domains/modal/test/auto/CausalityInterface9.xml
3 ms. Memory: 287744K Free: 248112K (86%)
----------------- Invoking toplevel() on ptolemy.moml.MoMLSimpleApplication@247e30e1
----------------- Done invoking toplevel() on ptolemy.moml.MoMLSimpleApplication@247e30e1
reloadAllAccessors: .CausalityInterface9

===========================================================================================
----------------- testing Wed Jul 10 15:28:38 UTC 2019 /home/travis/build/icyphy/ptII/ptolemy/domains/modal/test/auto/ChainedTransitions.xml
----------------- Instantiating /home/travis/build/icyphy/ptII/ptolemy/domains/modal/test/auto/ChainedTransitions.xml
103 ms. Memory: 287744K Free: 223536K (78%)
----------------- Invoking toplevel() on ptolemy.moml.MoMLSimpleApplication@208c8140
----------------- Done invoking toplevel() on ptolemy.moml.MoMLSimpleApplication@208c8140
reloadAllAccessors: .ChainedTransitions

===========================================================================================
----------------- testing Wed Jul 10 15:28:39 UTC 2019 /home/travis/build/icyphy/ptII/ptolemy/domains/modal/test/auto/CycleOfImmediateTransitionsFSM.xml
----------------- Instantiating /home/travis/build/icyphy/ptII/ptolemy/domains/modal/test/auto/CycleOfImmediateTransitionsFSM.xml
4 ms. Memory: 287744K Free: 217902K (76%)
----------------- Invoking toplevel() on ptolemy.moml.MoMLSimpleApplication@48fc5a66
----------------- Done invoking toplevel() on ptolemy.moml.MoMLSimpleApplication@48fc5a66
reloadAllAccessors: .CycleOfImmediateTransitionsFSM

===========================================================================================
----------------- testing Wed Jul 10 15:28:39 UTC 2019 /home/travis/build/icyphy/ptII/ptolemy/domains/modal/test/auto/CycleOfImmediateTransitionsModal.xml
----------------- Instantiating /home/travis/build/icyphy/ptII/ptolemy/domains/modal/test/auto/CycleOfImmediateTransitionsModal.xml
4 ms. Memory: 287744K Free: 211758K (74%)
----------------- Invoking toplevel() on ptolemy.moml.MoMLSimpleApplication@2778f51
----------------- Done invoking toplevel() on ptolemy.moml.MoMLSimpleApplication@2778f51
reloadAllAccessors: .CycleOfImmediateTransitionsModal

===========================================================================================
----------------- testing Wed Jul 10 15:28:39 UTC 2019 /home/travis/build/icyphy/ptII/ptolemy/domains/modal/test/auto/CycleOfImmediateTransitionsModal2.xml
----------------- Instantiating /home/travis/build/icyphy/ptII/ptolemy/domains/modal/test/auto/CycleOfImmediateTransitionsModal2.xml
2 ms. Memory: 287744K Free: 205104K (71%)
----------------- Invoking toplevel() on ptolemy.moml.MoMLSimpleApplication@3624254
----------------- Done invoking toplevel() on ptolemy.moml.MoMLSimpleApplication@3624254
reloadAllAccessors: .CycleOfImmediateTransitionsModal2

===========================================================================================
----------------- testing Wed Jul 10 15:28:39 UTC 2019 /home/travis/build/icyphy/ptII/ptolemy/domains/modal/test/auto/CycleOfImmediateTransitionsModal3.xml
----------------- Instantiating /home/travis/build/icyphy/ptII/ptolemy/domains/modal/test/auto/CycleOfImmediateTransitionsModal3.xml
12 ms. Memory: 287744K Free: 183071K (64%)
----------------- Invoking toplevel() on ptolemy.moml.MoMLSimpleApplication@6f9609d7
----------------- Done invoking toplevel() on ptolemy.moml.MoMLSimpleApplication@6f9609d7
reloadAllAccessors: .CycleOfImmediateTransitionsModal3

===========================================================================================
----------------- testing Wed Jul 10 15:28:39 UTC 2019 /home/travis/build/icyphy/ptII/ptolemy/domains/modal/test/auto/DeepModal1.xml
----------------- Instantiating /home/travis/build/icyphy/ptII/ptolemy/domains/modal/test/auto/DeepModal1.xml
29 ms. Memory: 287744K Free: 169743K (59%)
----------------- Invoking toplevel() on ptolemy.moml.MoMLSimpleApplication@2a377c68
----------------- Done invoking toplevel() on ptolemy.moml.MoMLSimpleApplication@2a377c68
reloadAllAccessors: .DeepModal1

===========================================================================================
----------------- testing Wed Jul 10 15:28:39 UTC 2019 /home/travis/build/icyphy/ptII/ptolemy/domains/modal/test/auto/DeepModal2.xml
----------------- Instantiating /home/travis/build/icyphy/ptII/ptolemy/domains/modal/test/auto/DeepModal2.xml
27 ms. Memory: 287744K Free: 151342K (53%)
----------------- Invoking toplevel() on ptolemy.moml.MoMLSimpleApplication@2c1591f0
----------------- Done invoking toplevel() on ptolemy.moml.MoMLSimpleApplication@2c1591f0
reloadAllAccessors: .DeepModal2

===========================================================================================
----------------- testing Wed Jul 10 15:28:39 UTC 2019 /home/travis/build/icyphy/ptII/ptolemy/domains/modal/test/auto/DeepModal3.xml
----------------- Instantiating /home/travis/build/icyphy/ptII/ptolemy/domains/modal/test/auto/DeepModal3.xml
26 ms. Memory: 287744K Free: 132400K (46%)
----------------- Invoking toplevel() on ptolemy.moml.MoMLSimpleApplication@7f714a99
----------------- Done invoking toplevel() on ptolemy.moml.MoMLSimpleApplication@7f714a99
reloadAllAccessors: .DeepModal3

===========================================================================================
----------------- testing Wed Jul 10 15:28:39 UTC 2019 /home/travis/build/icyphy/ptII/ptolemy/domains/modal/test/auto/DeepModal4.xml
----------------- Instantiating /home/travis/build/icyphy/ptII/ptolemy/domains/modal/test/auto/DeepModal4.xml
32 ms. Memory: 287744K Free: 113439K (39%)
----------------- Invoking toplevel() on ptolemy.moml.MoMLSimpleApplication@7de5d41d
----------------- Done invoking toplevel() on ptolemy.moml.MoMLSimpleApplication@7de5d41d
reloadAllAccessors: .DeepModal4

===========================================================================================
----------------- testing Wed Jul 10 15:28:39 UTC 2019 /home/travis/build/icyphy/ptII/ptolemy/domains/modal/test/auto/Default1.xml
----------------- Instantiating /home/travis/build/icyphy/ptII/ptolemy/domains/modal/test/auto/Default1.xml
2 ms. Memory: 287744K Free: 107310K (37%)
----------------- Invoking toplevel() on ptolemy.moml.MoMLSimpleApplication@35c8f925
----------------- Done invoking toplevel() on ptolemy.moml.MoMLSimpleApplication@35c8f925
reloadAllAccessors: .Default1

===========================================================================================
----------------- testing Wed Jul 10 15:28:39 UTC 2019 /home/travis/build/icyphy/ptII/ptolemy/domains/modal/test/auto/Default2.xml
----------------- Instantiating /home/travis/build/icyphy/ptII/ptolemy/domains/modal/test/auto/Default2.xml
8 ms. Memory: 468992K Free: 446850K (95%)
----------------- Invoking toplevel() on ptolemy.moml.MoMLSimpleApplication@5c497c86
----------------- Done invoking toplevel() on ptolemy.moml.MoMLSimpleApplication@5c497c86
reloadAllAccessors: .Default2

===========================================================================================
----------------- testing Wed Jul 10 15:28:39 UTC 2019 /home/travis/build/icyphy/ptII/ptolemy/domains/modal/test/auto/Default3.xml
----------------- Instantiating /home/travis/build/icyphy/ptII/ptolemy/domains/modal/test/auto/Default3.xml
4 ms. Memory: 468992K Free: 440110K (94%)
----------------- Invoking toplevel() on ptolemy.moml.MoMLSimpleApplication@2255e57b
----------------- Done invoking toplevel() on ptolemy.moml.MoMLSimpleApplication@2255e57b
reloadAllAccessors: .Default3

===========================================================================================
----------------- testing Wed Jul 10 15:28:39 UTC 2019 /home/travis/build/icyphy/ptII/ptolemy/domains/modal/test/auto/Default4.xml
----------------- Instantiating /home/travis/build/icyphy/ptII/ptolemy/domains/modal/test/auto/Default4.xml
2 ms. Memory: 468992K Free: 433966K (93%)
----------------- Invoking toplevel() on ptolemy.moml.MoMLSimpleApplication@737d24f7
----------------- Done invoking toplevel() on ptolemy.moml.MoMLSimpleApplication@737d24f7
reloadAllAccessors: .Default4

===========================================================================================
----------------- testing Wed Jul 10 15:28:39 UTC 2019 /home/travis/build/icyphy/ptII/ptolemy/domains/modal/test/auto/Default5.xml
----------------- Instantiating /home/travis/build/icyphy/ptII/ptolemy/domains/modal/test/auto/Default5.xml
7 ms. Memory: 468992K Free: 425774K (91%)
----------------- Invoking toplevel() on ptolemy.moml.MoMLSimpleApplication@3c4bf7b
----------------- Done invoking toplevel() on ptolemy.moml.MoMLSimpleApplication@3c4bf7b
reloadAllAccessors: .Default5

===========================================================================================
----------------- testing Wed Jul 10 15:28:39 UTC 2019 /home/travis/build/icyphy/ptII/ptolemy/domains/modal/test/auto/EmptyGuard.xml
----------------- Instantiating /home/travis/build/icyphy/ptII/ptolemy/domains/modal/test/auto/EmptyGuard.xml
13 ms. Memory: 468992K Free: 418096K (89%)
----------------- Invoking toplevel() on ptolemy.moml.MoMLSimpleApplication@193e1c11
----------------- Done invoking toplevel() on ptolemy.moml.MoMLSimpleApplication@193e1c11
reloadAllAccessors: .EmptyGuard

===========================================================================================
----------------- testing Wed Jul 10 15:28:39 UTC 2019 /home/travis/build/icyphy/ptII/ptolemy/domains/modal/test/auto/ErrorTransition1.xml
----------------- Instantiating /home/travis/build/icyphy/ptII/ptolemy/domains/modal/test/auto/ErrorTransition1.xml
9 ms. Memory: 468992K Free: 409390K (87%)
----------------- Invoking toplevel() on ptolemy.moml.MoMLSimpleApplication@62eb8ffc
----------------- Done invoking toplevel() on ptolemy.moml.MoMLSimpleApplication@62eb8ffc
reloadAllAccessors: .ErrorTransition1

===========================================================================================
----------------- testing Wed Jul 10 15:28:39 UTC 2019 /home/travis/build/icyphy/ptII/ptolemy/domains/modal/test/auto/ErrorTransition10.xml
----------------- Instantiating /home/travis/build/icyphy/ptII/ptolemy/domains/modal/test/auto/ErrorTransition10.xml
18 ms. Memory: 468992K Free: 396047K (84%)
----------------- Invoking toplevel() on ptolemy.moml.MoMLSimpleApplication@106fb1c6
----------------- Done invoking toplevel() on ptolemy.moml.MoMLSimpleApplication@106fb1c6
reloadAllAccessors: .ErrorTransition10

===========================================================================================
----------------- testing Wed Jul 10 15:28:39 UTC 2019 /home/travis/build/icyphy/ptII/ptolemy/domains/modal/test/auto/ErrorTransition11.xml
----------------- Instantiating /home/travis/build/icyphy/ptII/ptolemy/domains/modal/test/auto/ErrorTransition11.xml
5 ms. Memory: 468992K Free: 384814K (82%)
----------------- Invoking toplevel() on ptolemy.moml.MoMLSimpleApplication@15afe1e0
----------------- Done invoking toplevel() on ptolemy.moml.MoMLSimpleApplication@15afe1e0
reloadAllAccessors: .ErrorTransition11

===========================================================================================
----------------- testing Wed Jul 10 15:28:39 UTC 2019 /home/travis/build/icyphy/ptII/ptolemy/domains/modal/test/auto/ErrorTransition2.xml
----------------- Instantiating /home/travis/build/icyphy/ptII/ptolemy/domains/modal/test/auto/ErrorTransition2.xml
10 ms. Memory: 468992K Free: 375598K (80%)
----------------- Invoking toplevel() on ptolemy.moml.MoMLSimpleApplication@61a81d89
----------------- Done invoking toplevel() on ptolemy.moml.MoMLSimpleApplication@61a81d89
reloadAllAccessors: .ErrorTransition2

===========================================================================================
----------------- testing Wed Jul 10 15:28:39 UTC 2019 /home/travis/build/icyphy/ptII/ptolemy/domains/modal/test/auto/ErrorTransition3.xml
----------------- Instantiating /home/travis/build/icyphy/ptII/ptolemy/domains/modal/test/auto/ErrorTransition3.xml
20 ms. Memory: 468992K Free: 365872K (78%)
----------------- Invoking toplevel() on ptolemy.moml.MoMLSimpleApplication@5c93b750
----------------- Done invoking toplevel() on ptolemy.moml.MoMLSimpleApplication@5c93b750
reloadAllAccessors: .ErrorTransition3

===========================================================================================
----------------- testing Wed Jul 10 15:28:39 UTC 2019 /home/travis/build/icyphy/ptII/ptolemy/domains/modal/test/auto/ErrorTransition4.xml
----------------- Instantiating /home/travis/build/icyphy/ptII/ptolemy/domains/modal/test/auto/ErrorTransition4.xml
9 ms. Memory: 468992K Free: 354608K (76%)
----------------- Invoking toplevel() on ptolemy.moml.MoMLSimpleApplication@69505c07
----------------- Done invoking toplevel() on ptolemy.moml.MoMLSimpleApplication@69505c07
reloadAllAccessors: .ErrorTransition4

===========================================================================================
----------------- testing Wed Jul 10 15:28:39 UTC 2019 /home/travis/build/icyphy/ptII/ptolemy/domains/modal/test/auto/ErrorTransition5.xml
----------------- Instantiating /home/travis/build/icyphy/ptII/ptolemy/domains/modal/test/auto/ErrorTransition5.xml
13 ms. Memory: 468992K Free: 344847K (74%)
----------------- Invoking toplevel() on ptolemy.moml.MoMLSimpleApplication@1c4e4372
----------------- Done invoking toplevel() on ptolemy.moml.MoMLSimpleApplication@1c4e4372
reloadAllAccessors: .ErrorTransition5

===========================================================================================
----------------- testing Wed Jul 10 15:28:39 UTC 2019 /home/travis/build/icyphy/ptII/ptolemy/domains/modal/test/auto/ErrorTransition6.xml
----------------- Instantiating /home/travis/build/icyphy/ptII/ptolemy/domains/modal/test/auto/ErrorTransition6.xml
10 ms. Memory: 468992K Free: 334128K (71%)
----------------- Invoking toplevel() on ptolemy.moml.MoMLSimpleApplication@5f18af15
----------------- Done invoking toplevel() on ptolemy.moml.MoMLSimpleApplication@5f18af15
reloadAllAccessors: .ErrorTransition6

===========================================================================================
----------------- testing Wed Jul 10 15:28:40 UTC 2019 /home/travis/build/icyphy/ptII/ptolemy/domains/modal/test/auto/ErrorTransition7.xml
----------------- Instantiating /home/travis/build/icyphy/ptII/ptolemy/domains/modal/test/auto/ErrorTransition7.xml
16 ms. Memory: 468992K Free: 321319K (69%)
----------------- Invoking toplevel() on ptolemy.moml.MoMLSimpleApplication@5b472b52
----------------- Done invoking toplevel() on ptolemy.moml.MoMLSimpleApplication@5b472b52
reloadAllAccessors: .ErrorTransition7

===========================================================================================
----------------- testing Wed Jul 10 15:28:40 UTC 2019 /home/travis/build/icyphy/ptII/ptolemy/domains/modal/test/auto/ErrorTransition8.xml
----------------- Instantiating /home/travis/build/icyphy/ptII/ptolemy/domains/modal/test/auto/ErrorTransition8.xml
43 ms. Memory: 468992K Free: 308014K (66%)
----------------- Invoking toplevel() on ptolemy.moml.MoMLSimpleApplication@5e0095f1
----------------- Done invoking toplevel() on ptolemy.moml.MoMLSimpleApplication@5e0095f1
reloadAllAccessors: .ErrorTransition8

===========================================================================================
----------------- testing Wed Jul 10 15:28:40 UTC 2019 /home/travis/build/icyphy/ptII/ptolemy/domains/modal/test/auto/ErrorTransition9.xml
----------------- Instantiating /home/travis/build/icyphy/ptII/ptolemy/domains/modal/test/auto/ErrorTransition9.xml
23 ms. Memory: 468992K Free: 294671K (63%)
----------------- Invoking toplevel() on ptolemy.moml.MoMLSimpleApplication@7e7aad06
----------------- Done invoking toplevel() on ptolemy.moml.MoMLSimpleApplication@7e7aad06
reloadAllAccessors: .ErrorTransition9

===========================================================================================
----------------- testing Wed Jul 10 15:28:40 UTC 2019 /home/travis/build/icyphy/ptII/ptolemy/domains/modal/test/auto/ExtendedFSM.xml
----------------- Instantiating /home/travis/build/icyphy/ptII/ptolemy/domains/modal/test/auto/ExtendedFSM.xml
8 ms. Memory: 468992K Free: 286503K (61%)
----------------- Invoking toplevel() on ptolemy.moml.MoMLSimpleApplication@27d2b1b1
----------------- Done invoking toplevel() on ptolemy.moml.MoMLSimpleApplication@27d2b1b1
reloadAllAccessors: .ExtendedFSM

===========================================================================================
----------------- testing Wed Jul 10 15:28:40 UTC 2019 /home/travis/build/icyphy/ptII/ptolemy/domains/modal/test/auto/FinalStates.xml
----------------- Instantiating /home/travis/build/icyphy/ptII/ptolemy/domains/modal/test/auto/FinalStates.xml
6 ms. Memory: 468992K Free: 278303K (59%)
----------------- Invoking toplevel() on ptolemy.moml.MoMLSimpleApplication@261b21da
----------------- Done invoking toplevel() on ptolemy.moml.MoMLSimpleApplication@261b21da
reloadAllAccessors: .FinalStates

===========================================================================================
----------------- testing Wed Jul 10 15:28:40 UTC 2019 /home/travis/build/icyphy/ptII/ptolemy/domains/modal/test/auto/FixedPointFSM.xml
----------------- Instantiating /home/travis/build/icyphy/ptII/ptolemy/domains/modal/test/auto/FixedPointFSM.xml
21 ms. Memory: 468992K Free: 263472K (56%)
----------------- Invoking toplevel() on ptolemy.moml.MoMLSimpleApplication@2b818d19
----------------- Done invoking toplevel() on ptolemy.moml.MoMLSimpleApplication@2b818d19
reloadAllAccessors: .FixedPointFSM

===========================================================================================
----------------- testing Wed Jul 10 15:28:40 UTC 2019 /home/travis/build/icyphy/ptII/ptolemy/domains/modal/test/auto/FixedPointIterationFSMActor.xml
----------------- Instantiating /home/travis/build/icyphy/ptII/ptolemy/domains/modal/test/auto/FixedPointIterationFSMActor.xml
7 ms. Memory: 468992K Free: 253232K (54%)
----------------- Invoking toplevel() on ptolemy.moml.MoMLSimpleApplication@5cc4a2d0
----------------- Done invoking toplevel() on ptolemy.moml.MoMLSimpleApplication@5cc4a2d0
reloadAllAccessors: .FixedPointIterationFSMActor

===========================================================================================
----------------- testing Wed Jul 10 15:28:40 UTC 2019 /home/travis/build/icyphy/ptII/ptolemy/domains/modal/test/auto/FixedPointIterationFSMActor2.xml
----------------- Instantiating /home/travis/build/icyphy/ptII/ptolemy/domains/modal/test/auto/FixedPointIterationFSMActor2.xml
9 ms. Memory: 468992K Free: 445232K (95%)
----------------- Invoking toplevel() on ptolemy.moml.MoMLSimpleApplication@5278daf7
----------------- Done invoking toplevel() on ptolemy.moml.MoMLSimpleApplication@5278daf7
reloadAllAccessors: .FixedPointIterationFSMActor2

===========================================================================================
----------------- testing Wed Jul 10 15:28:40 UTC 2019 /home/travis/build/icyphy/ptII/ptolemy/domains/modal/test/auto/ForbiddenInstantanousLoop.xml
----------------- Instantiating /home/travis/build/icyphy/ptII/ptolemy/domains/modal/test/auto/ForbiddenInstantanousLoop.xml
8 ms. Memory: 468992K Free: 432944K (92%)
----------------- Invoking toplevel() on ptolemy.moml.MoMLSimpleApplication@53e5aa2e
----------------- Done invoking toplevel() on ptolemy.moml.MoMLSimpleApplication@53e5aa2e
reloadAllAccessors: .ForbiddenInstantanousLoop

===========================================================================================
----------------- testing Wed Jul 10 15:28:40 UTC 2019 /home/travis/build/icyphy/ptII/ptolemy/domains/modal/test/auto/FunctionDependencyOfFSMActorTest.xml
----------------- Instantiating /home/travis/build/icyphy/ptII/ptolemy/domains/modal/test/auto/FunctionDependencyOfFSMActorTest.xml
13 ms. Memory: 468992K Free: 425776K (91%)
----------------- Invoking toplevel() on ptolemy.moml.MoMLSimpleApplication@1effa228
----------------- Done invoking toplevel() on ptolemy.moml.MoMLSimpleApplication@1effa228
reloadAllAccessors: .FunctionDependencyOfFSMActorTest

===========================================================================================
----------------- testing Wed Jul 10 15:28:40 UTC 2019 /home/travis/build/icyphy/ptII/ptolemy/domains/modal/test/auto/GuardExpression.xml
----------------- Instantiating /home/travis/build/icyphy/ptII/ptolemy/domains/modal/test/auto/GuardExpression.xml
2 ms. Memory: 468992K Free: 420656K (90%)
----------------- Invoking toplevel() on ptolemy.moml.MoMLSimpleApplication@400d2c36
----------------- Done invoking toplevel() on ptolemy.moml.MoMLSimpleApplication@400d2c36
reloadAllAccessors: .GuardExpression

===========================================================================================
----------------- testing Wed Jul 10 15:28:40 UTC 2019 /home/travis/build/icyphy/ptII/ptolemy/domains/modal/test/auto/GuardNotEvaluated.xml
----------------- Instantiating /home/travis/build/icyphy/ptII/ptolemy/domains/modal/test/auto/GuardNotEvaluated.xml
7 ms. Memory: 468992K Free: 411935K (88%)
----------------- Invoking toplevel() on ptolemy.moml.MoMLSimpleApplication@52225c94
----------------- Done invoking toplevel() on ptolemy.moml.MoMLSimpleApplication@52225c94
reloadAllAccessors: .GuardNotEvaluated

===========================================================================================
----------------- testing Wed Jul 10 15:28:40 UTC 2019 /home/travis/build/icyphy/ptII/ptolemy/domains/modal/test/auto/GuardNotEvaluated2.xml
----------------- Instantiating /home/travis/build/icyphy/ptII/ptolemy/domains/modal/test/auto/GuardNotEvaluated2.xml
8 ms. Memory: 468992K Free: 402224K (86%)
----------------- Invoking toplevel() on ptolemy.moml.MoMLSimpleApplication@412ac47c
----------------- Done invoking toplevel() on ptolemy.moml.MoMLSimpleApplication@412ac47c
reloadAllAccessors: .GuardNotEvaluated2

===========================================================================================
----------------- testing Wed Jul 10 15:28:40 UTC 2019 /home/travis/build/icyphy/ptII/ptolemy/domains/modal/test/auto/GuardOnAbsent.xml
----------------- Instantiating /home/travis/build/icyphy/ptII/ptolemy/domains/modal/test/auto/GuardOnAbsent.xml
9 ms. Memory: 468992K Free: 394535K (84%)
----------------- Invoking toplevel() on ptolemy.moml.MoMLSimpleApplication@5a3bbc2c
----------------- Done invoking toplevel() on ptolemy.moml.MoMLSimpleApplication@5a3bbc2c
reloadAllAccessors: .GuardOnAbsent

===========================================================================================
----------------- testing Wed Jul 10 15:28:40 UTC 2019 /home/travis/build/icyphy/ptII/ptolemy/domains/modal/test/auto/HierarchicalFSMTypeInference.xml
----------------- Instantiating /home/travis/build/icyphy/ptII/ptolemy/domains/modal/test/auto/HierarchicalFSMTypeInference.xml
6 ms. Memory: 468992K Free: 384302K (82%)
----------------- Invoking toplevel() on ptolemy.moml.MoMLSimpleApplication@72c881ab
----------------- Done invoking toplevel() on ptolemy.moml.MoMLSimpleApplication@72c881ab
reloadAllAccessors: .HierarchicalFSMTypeInference

===========================================================================================
----------------- testing Wed Jul 10 15:28:40 UTC 2019 /home/travis/build/icyphy/ptII/ptolemy/domains/modal/test/auto/Hysteresis.xml
----------------- Instantiating /home/travis/build/icyphy/ptII/ptolemy/domains/modal/test/auto/Hysteresis.xml
12 ms. Memory: 468992K Free: 370975K (79%)
----------------- Invoking toplevel() on ptolemy.moml.MoMLSimpleApplication@17171e82
----------------- Done invoking toplevel() on ptolemy.moml.MoMLSimpleApplication@17171e82
reloadAllAccessors: .Hysteresis

===========================================================================================
----------------- testing Wed Jul 10 15:28:40 UTC 2019 /home/travis/build/icyphy/ptII/ptolemy/domains/modal/test/auto/HysteresisWithDefault.xml
----------------- Instantiating /home/travis/build/icyphy/ptII/ptolemy/domains/modal/test/auto/HysteresisWithDefault.xml
40 ms. Memory: 468992K Free: 347952K (74%)
----------------- Invoking toplevel() on ptolemy.moml.MoMLSimpleApplication@7b5e2eb3
----------------- Done invoking toplevel() on ptolemy.moml.MoMLSimpleApplication@7b5e2eb3
reloadAllAccessors: .HysteresisWithDefault

===========================================================================================
----------------- testing Wed Jul 10 15:28:40 UTC 2019 /home/travis/build/icyphy/ptII/ptolemy/domains/modal/test/auto/HysteresisWithDefault2.xml
----------------- Instantiating /home/travis/build/icyphy/ptII/ptolemy/domains/modal/test/auto/HysteresisWithDefault2.xml
47 ms. Memory: 468992K Free: 318766K (68%)
----------------- Invoking toplevel() on ptolemy.moml.MoMLSimpleApplication@2e7b2ac1
----------------- Done invoking toplevel() on ptolemy.moml.MoMLSimpleApplication@2e7b2ac1
reloadAllAccessors: .HysteresisWithDefault2

===========================================================================================
----------------- testing Wed Jul 10 15:28:40 UTC 2019 /home/travis/build/icyphy/ptII/ptolemy/domains/modal/test/auto/ImmediateNonConstructiveness.xml
----------------- Instantiating /home/travis/build/icyphy/ptII/ptolemy/domains/modal/test/auto/ImmediateNonConstructiveness.xml
2 ms. Memory: 468992K Free: 311583K (66%)
----------------- Invoking toplevel() on ptolemy.moml.MoMLSimpleApplication@3254e036
----------------- Done invoking toplevel() on ptolemy.moml.MoMLSimpleApplication@3254e036
reloadAllAccessors: .ImmediateNonConstructiveness

===========================================================================================
----------------- testing Wed Jul 10 15:28:40 UTC 2019 /home/travis/build/icyphy/ptII/ptolemy/domains/modal/test/auto/ImmediateNonConstructiveness2.xml
----------------- Instantiating /home/travis/build/icyphy/ptII/ptolemy/domains/modal/test/auto/ImmediateNonConstructiveness2.xml
2 ms. Memory: 468992K Free: 304944K (65%)
----------------- Invoking toplevel() on ptolemy.moml.MoMLSimpleApplication@67df6440
----------------- Done invoking toplevel() on ptolemy.moml.MoMLSimpleApplication@67df6440
reloadAllAccessors: .ImmediateNonConstructiveness2

===========================================================================================
----------------- testing Wed Jul 10 15:28:40 UTC 2019 /home/travis/build/icyphy/ptII/ptolemy/domains/modal/test/auto/ImmediateTransitionReset.xml
----------------- Instantiating /home/travis/build/icyphy/ptII/ptolemy/domains/modal/test/auto/ImmediateTransitionReset.xml
6 ms. Memory: 468992K Free: 293166K (63%)
----------------- Invoking toplevel() on ptolemy.moml.MoMLSimpleApplication@4f810a24
----------------- Done invoking toplevel() on ptolemy.moml.MoMLSimpleApplication@4f810a24
reloadAllAccessors: .ImmediateTransitionReset

===========================================================================================
----------------- testing Wed Jul 10 15:28:40 UTC 2019 /home/travis/build/icyphy/ptII/ptolemy/domains/modal/test/auto/ImmediateTransitions1.xml
----------------- Instantiating /home/travis/build/icyphy/ptII/ptolemy/domains/modal/test/auto/ImmediateTransitions1.xml
1 ms. Memory: 468992K Free: 288046K (61%)
----------------- Invoking toplevel() on ptolemy.moml.MoMLSimpleApplication@6c3580f8
----------------- Done invoking toplevel() on ptolemy.moml.MoMLSimpleApplication@6c3580f8
reloadAllAccessors: .ImmediateTransitions1

===========================================================================================
----------------- testing Wed Jul 10 15:28:40 UTC 2019 /home/travis/build/icyphy/ptII/ptolemy/domains/modal/test/auto/ImmediateTransitionsInstantaneousCommunication.xml
----------------- Instantiating /home/travis/build/icyphy/ptII/ptolemy/domains/modal/test/auto/ImmediateTransitionsInstantaneousCommunication.xml
4 ms. Memory: 468992K Free: 275758K (59%)
----------------- Invoking toplevel() on ptolemy.moml.MoMLSimpleApplication@156c893e
----------------- Done invoking toplevel() on ptolemy.moml.MoMLSimpleApplication@156c893e
reloadAllAccessors: .ImmediateTransitionsInstantaneousCommunication

===========================================================================================
----------------- testing Wed Jul 10 15:28:40 UTC 2019 /home/travis/build/icyphy/ptII/ptolemy/domains/modal/test/auto/InitialImmediateTransition.xml
----------------- Instantiating /home/travis/build/icyphy/ptII/ptolemy/domains/modal/test/auto/InitialImmediateTransition.xml
3 ms. Memory: 468992K Free: 268583K (57%)
----------------- Invoking toplevel() on ptolemy.moml.MoMLSimpleApplication@84644da
----------------- Done invoking toplevel() on ptolemy.moml.MoMLSimpleApplication@84644da
reloadAllAccessors: .InitialImmediateTransition

===========================================================================================
----------------- testing Wed Jul 10 15:28:40 UTC 2019 /home/travis/build/icyphy/ptII/ptolemy/domains/modal/test/auto/InitialOutputs.xml
----------------- Instantiating /home/travis/build/icyphy/ptII/ptolemy/domains/modal/test/auto/InitialOutputs.xml
2 ms. Memory: 468992K Free: 262431K (56%)
----------------- Invoking toplevel() on ptolemy.moml.MoMLSimpleApplication@3c73deed
----------------- Done invoking toplevel() on ptolemy.moml.MoMLSimpleApplication@3c73deed
reloadAllAccessors: .InitialOutputs

===========================================================================================
----------------- testing Wed Jul 10 15:28:40 UTC 2019 /home/travis/build/icyphy/ptII/ptolemy/domains/modal/test/auto/InitialStateTransition1.xml
----------------- Instantiating /home/travis/build/icyphy/ptII/ptolemy/domains/modal/test/auto/InitialStateTransition1.xml
2 ms. Memory: 468992K Free: 255278K (54%)
----------------- Invoking toplevel() on ptolemy.moml.MoMLSimpleApplication@20118f7f
----------------- Done invoking toplevel() on ptolemy.moml.MoMLSimpleApplication@20118f7f
reloadAllAccessors: .InitialStateTransition1

===========================================================================================
----------------- testing Wed Jul 10 15:28:41 UTC 2019 /home/travis/build/icyphy/ptII/ptolemy/domains/modal/test/auto/InitialStateTransition2.xml
----------------- Instantiating /home/travis/build/icyphy/ptII/ptolemy/domains/modal/test/auto/InitialStateTransition2.xml
.InitialStateTransition2.TestExceptionAttributeNonConstructive: initialize() was not invoked, but wrapup() was.  This is unusual, but not always a problem.  For example, exporting JNLP will do this.
3 ms. Memory: 468992K Free: 248110K (53%)
----------------- Invoking toplevel() on ptolemy.moml.MoMLSimpleApplication@7150597a
----------------- Done invoking toplevel() on ptolemy.moml.MoMLSimpleApplication@7150597a
reloadAllAccessors: .InitialStateTransition2

===========================================================================================
----------------- testing Wed Jul 10 15:28:41 UTC 2019 /home/travis/build/icyphy/ptII/ptolemy/domains/modal/test/auto/InitialStateTransition3.xml
----------------- Instantiating /home/travis/build/icyphy/ptII/ptolemy/domains/modal/test/auto/InitialStateTransition3.xml
5 ms. Memory: 468992K Free: 239918K (51%)
----------------- Invoking toplevel() on ptolemy.moml.MoMLSimpleApplication@58385d1b
----------------- Done invoking toplevel() on ptolemy.moml.MoMLSimpleApplication@58385d1b
reloadAllAccessors: .InitialStateTransition3

===========================================================================================
----------------- testing Wed Jul 10 15:28:41 UTC 2019 /home/travis/build/icyphy/ptII/ptolemy/domains/modal/test/auto/InitialStateTransition4.xml
----------------- Instantiating /home/travis/build/icyphy/ptII/ptolemy/domains/modal/test/auto/InitialStateTransition4.xml
2 ms. Memory: 468992K Free: 230192K (49%)
----------------- Invoking toplevel() on ptolemy.moml.MoMLSimpleApplication@68e4f616
[...]
reloadAllAccessors: .TerminationTransition3

===========================================================================================
----------------- testing Wed Jul 10 15:28:42 UTC 2019 /home/travis/build/icyphy/ptII/ptolemy/domains/modal/test/auto/TerminationTransition4.xml
----------------- Instantiating /home/travis/build/icyphy/ptII/ptolemy/domains/modal/test/auto/TerminationTransition4.xml
5 ms. Memory: 468992K Free: 193328K (41%)
----------------- Invoking toplevel() on ptolemy.moml.MoMLSimpleApplication@28c58c3c
----------------- Done invoking toplevel() on ptolemy.moml.MoMLSimpleApplication@28c58c3c
reloadAllAccessors: .TerminationTransition4

===========================================================================================
----------------- testing Wed Jul 10 15:28:42 UTC 2019 /home/travis/build/icyphy/ptII/ptolemy/domains/modal/test/auto/TerminationTransition5.xml
----------------- Instantiating /home/travis/build/icyphy/ptII/ptolemy/domains/modal/test/auto/TerminationTransition5.xml
2 ms. Memory: 468992K Free: 179502K (38%)
----------------- Invoking toplevel() on ptolemy.moml.MoMLSimpleApplication@5e8f7a0
----------------- Done invoking toplevel() on ptolemy.moml.MoMLSimpleApplication@5e8f7a0
reloadAllAccessors: .TerminationTransition5

===========================================================================================
----------------- testing Wed Jul 10 15:28:42 UTC 2019 /home/travis/build/icyphy/ptII/ptolemy/domains/modal/test/auto/TerminationTransition6.xml
----------------- Instantiating /home/travis/build/icyphy/ptII/ptolemy/domains/modal/test/auto/TerminationTransition6.xml
2 ms. Memory: 569344K Free: 543534K (95%)
----------------- Invoking toplevel() on ptolemy.moml.MoMLSimpleApplication@416ecfe9
----------------- Done invoking toplevel() on ptolemy.moml.MoMLSimpleApplication@416ecfe9
reloadAllAccessors: .TerminationTransition6

===========================================================================================
----------------- testing Wed Jul 10 15:28:42 UTC 2019 /home/travis/build/icyphy/ptII/ptolemy/domains/modal/test/auto/TerminationTransition7.xml
----------------- Instantiating /home/travis/build/icyphy/ptII/ptolemy/domains/modal/test/auto/TerminationTransition7.xml
2 ms. Memory: 569344K Free: 534318K (94%)
----------------- Invoking toplevel() on ptolemy.moml.MoMLSimpleApplication@6fb8b084
----------------- Done invoking toplevel() on ptolemy.moml.MoMLSimpleApplication@6fb8b084
reloadAllAccessors: .TerminationTransition7

===========================================================================================
----------------- testing Wed Jul 10 15:28:43 UTC 2019 /home/travis/build/icyphy/ptII/ptolemy/domains/modal/test/auto/TerminationTransition8.xml
----------------- Instantiating /home/travis/build/icyphy/ptII/ptolemy/domains/modal/test/auto/TerminationTransition8.xml
2 ms. Memory: 569344K Free: 525102K (92%)
----------------- Invoking toplevel() on ptolemy.moml.MoMLSimpleApplication@1c2acabe
----------------- Done invoking toplevel() on ptolemy.moml.MoMLSimpleApplication@1c2acabe
reloadAllAccessors: .TerminationTransition8

===========================================================================================
----------------- testing Wed Jul 10 15:28:43 UTC 2019 /home/travis/build/icyphy/ptII/ptolemy/domains/modal/test/auto/Thermostat_NoHysteresis.xml
----------------- Instantiating /home/travis/build/icyphy/ptII/ptolemy/domains/modal/test/auto/Thermostat_NoHysteresis.xml
30 ms. Memory: 569344K Free: 500511K (88%)
----------------- Invoking toplevel() on ptolemy.moml.MoMLSimpleApplication@267fa376
----------------- Done invoking toplevel() on ptolemy.moml.MoMLSimpleApplication@267fa376
reloadAllAccessors: .Thermostat_NoHysteresis

===========================================================================================
----------------- testing Wed Jul 10 15:28:43 UTC 2019 /home/travis/build/icyphy/ptII/ptolemy/domains/modal/test/auto/TimedFSM.xml
----------------- Instantiating /home/travis/build/icyphy/ptII/ptolemy/domains/modal/test/auto/TimedFSM.xml
9 ms. Memory: 569344K Free: 488752K (86%)
----------------- Invoking toplevel() on ptolemy.moml.MoMLSimpleApplication@488f3116
----------------- Done invoking toplevel() on ptolemy.moml.MoMLSimpleApplication@488f3116
reloadAllAccessors: .TimedFSM

===========================================================================================
----------------- testing Wed Jul 10 15:28:43 UTC 2019 /home/travis/build/icyphy/ptII/ptolemy/domains/modal/test/auto/Timeout1.xml
----------------- Instantiating /home/travis/build/icyphy/ptII/ptolemy/domains/modal/test/auto/Timeout1.xml
4 ms. Memory: 569344K Free: 482608K (85%)
----------------- Invoking toplevel() on ptolemy.moml.MoMLSimpleApplication@bf52e3c
----------------- Done invoking toplevel() on ptolemy.moml.MoMLSimpleApplication@bf52e3c
reloadAllAccessors: .Timeout1

===========================================================================================
----------------- testing Wed Jul 10 15:28:43 UTC 2019 /home/travis/build/icyphy/ptII/ptolemy/domains/modal/test/auto/Timeout2.xml
----------------- Instantiating /home/travis/build/icyphy/ptII/ptolemy/domains/modal/test/auto/Timeout2.xml
10 ms. Memory: 569344K Free: 474416K (83%)
----------------- Invoking toplevel() on ptolemy.moml.MoMLSimpleApplication@22e45d44
----------------- Done invoking toplevel() on ptolemy.moml.MoMLSimpleApplication@22e45d44
reloadAllAccessors: .Timeout2

===========================================================================================
----------------- testing Wed Jul 10 15:28:43 UTC 2019 /home/travis/build/icyphy/ptII/ptolemy/domains/modal/test/auto/Timeout3.xml
----------------- Instantiating /home/travis/build/icyphy/ptII/ptolemy/domains/modal/test/auto/Timeout3.xml
7 ms. Memory: 569344K Free: 469791K (83%)
----------------- Invoking toplevel() on ptolemy.moml.MoMLSimpleApplication@30bc4d03
----------------- Done invoking toplevel() on ptolemy.moml.MoMLSimpleApplication@30bc4d03
reloadAllAccessors: .Timeout3

===========================================================================================
----------------- testing Wed Jul 10 15:28:43 UTC 2019 /home/travis/build/icyphy/ptII/ptolemy/domains/modal/test/auto/Timeout4.xml
----------------- Instantiating /home/travis/build/icyphy/ptII/ptolemy/domains/modal/test/auto/Timeout4.xml
3 ms. Memory: 569344K Free: 464176K (82%)
----------------- Invoking toplevel() on ptolemy.moml.MoMLSimpleApplication@3952b6ca
----------------- Done invoking toplevel() on ptolemy.moml.MoMLSimpleApplication@3952b6ca
reloadAllAccessors: .Timeout4

===========================================================================================
----------------- testing Wed Jul 10 15:28:43 UTC 2019 /home/travis/build/icyphy/ptII/ptolemy/domains/modal/test/auto/TransientstateModelAdvanced.xml
----------------- Instantiating /home/travis/build/icyphy/ptII/ptolemy/domains/modal/test/auto/TransientstateModelAdvanced.xml
3 ms. Memory: 569344K Free: 452383K (79%)
----------------- Invoking toplevel() on ptolemy.moml.MoMLSimpleApplication@18e7d70e
----------------- Done invoking toplevel() on ptolemy.moml.MoMLSimpleApplication@18e7d70e
reloadAllAccessors: .TransientstateModelAdvanced

===========================================================================================
----------------- testing Wed Jul 10 15:28:43 UTC 2019 /home/travis/build/icyphy/ptII/ptolemy/domains/modal/test/auto/TransientstateModelAdvanced2.xml
----------------- Instantiating /home/travis/build/icyphy/ptII/ptolemy/domains/modal/test/auto/TransientstateModelAdvanced2.xml
3 ms. Memory: 569344K Free: 438576K (77%)
----------------- Invoking toplevel() on ptolemy.moml.MoMLSimpleApplication@1056eee7
----------------- Done invoking toplevel() on ptolemy.moml.MoMLSimpleApplication@1056eee7
reloadAllAccessors: .transientstatemodelAdvanced

===========================================================================================
----------------- testing Wed Jul 10 15:28:43 UTC 2019 /home/travis/build/icyphy/ptII/ptolemy/domains/modal/test/auto/TransitionRefinements.xml
----------------- Instantiating /home/travis/build/icyphy/ptII/ptolemy/domains/modal/test/auto/TransitionRefinements.xml
7 ms. Memory: 569344K Free: 428815K (75%)
----------------- Invoking toplevel() on ptolemy.moml.MoMLSimpleApplication@17412b9a
----------------- Done invoking toplevel() on ptolemy.moml.MoMLSimpleApplication@17412b9a
reloadAllAccessors: .TransitionRefinements

===========================================================================================
----------------- testing Wed Jul 10 15:28:43 UTC 2019 /home/travis/build/icyphy/ptII/ptolemy/domains/modal/test/auto/TwoRefinements1.xml
----------------- Instantiating /home/travis/build/icyphy/ptII/ptolemy/domains/modal/test/auto/TwoRefinements1.xml
3 ms. Memory: 569344K Free: 418606K (74%)
----------------- Invoking toplevel() on ptolemy.moml.MoMLSimpleApplication@67ed5f8a
----------------- Done invoking toplevel() on ptolemy.moml.MoMLSimpleApplication@67ed5f8a
reloadAllAccessors: .TwoRefinements1

===========================================================================================
----------------- testing Wed Jul 10 15:28:43 UTC 2019 /home/travis/build/icyphy/ptII/ptolemy/domains/modal/test/auto/TwoRefinements2.xml
----------------- Instantiating /home/travis/build/icyphy/ptII/ptolemy/domains/modal/test/auto/TwoRefinements2.xml
2 ms. Memory: 569344K Free: 408880K (72%)
----------------- Invoking toplevel() on ptolemy.moml.MoMLSimpleApplication@4d8fa281
----------------- Done invoking toplevel() on ptolemy.moml.MoMLSimpleApplication@4d8fa281
reloadAllAccessors: .TwoRefinements2

===========================================================================================
----------------- testing Wed Jul 10 15:28:43 UTC 2019 /home/travis/build/icyphy/ptII/ptolemy/domains/modal/test/auto/WeakImmediateTransition.xml
----------------- Instantiating /home/travis/build/icyphy/ptII/ptolemy/domains/modal/test/auto/WeakImmediateTransition.xml
3 ms. Memory: 569344K Free: 400688K (70%)
----------------- Invoking toplevel() on ptolemy.moml.MoMLSimpleApplication@36b9369d
----------------- Done invoking toplevel() on ptolemy.moml.MoMLSimpleApplication@36b9369d
reloadAllAccessors: .WeakImmediateTransition

===========================================================================================
----------------- testing Wed Jul 10 15:28:43 UTC 2019 /home/travis/build/icyphy/ptII/ptolemy/domains/modal/test/auto/booleanSelect.xml
----------------- Instantiating /home/travis/build/icyphy/ptII/ptolemy/domains/modal/test/auto/booleanSelect.xml
25 ms. Memory: 569344K Free: 382256K (67%)
----------------- Invoking toplevel() on ptolemy.moml.MoMLSimpleApplication@6773b709
----------------- Done invoking toplevel() on ptolemy.moml.MoMLSimpleApplication@6773b709
reloadAllAccessors: .booleanSelect

===========================================================================================
----------------- testing Wed Jul 10 15:28:43 UTC 2019 /home/travis/build/icyphy/ptII/ptolemy/domains/modal/test/auto/modalChangingParams.xml
----------------- Instantiating /home/travis/build/icyphy/ptII/ptolemy/domains/modal/test/auto/modalChangingParams.xml
0
1
0
2
4
6
8
7
0
2
4
6
8
13
0
2
4
6
8
19
0
2
4
6
8
25
0
2
4
6
8
31
0
2
4
6
8
37
0
2
4
6
8
43
0
2
4
6
8
49
0
2
4
6
8
55
0
2
4
6
8
61
0
2
4
6
8
67
0
2
4
6
8
73
0
2
4
6
8
79
0
2
4
6
8
85
0
2
4
6
8
91
0
2
4
6
8
97
0
2
4
6
8
103
0
2
4
6
8
109
0
2
4
6
8
115
0
2
4
6
8
121
0
2
4
6
8
127
0
2
4
6
8
133
0
2
4
6
8
139
0
2
4
6
8
145
0
2
4
6
8
151
0
2
4
6
8
157
0
2
4
6
8
163
0
2
4
6
8
169
0
2
4
6
8
175
0
2
4
6
8
181
0
2
4
6
8
187
0
2
4
6
8
193
0
2
4
6
8
199
0
2
4
6
8
205
0
2
4
6
8
211
0
2
4
6
8
217
0
2
4
6
8
223
0
2
4
6
8
229
0
2
4
6
8
235
0
2
4
6
8
241
0
2
4
6
8
247
0
2
4
6
8
253
0
2
4
6
8
259
0
2
4
6
8
265
0
2
4
6
8
271
0
2
4
6
8
277
0
2
4
6
8
283
0
2
4
6
8
289
0
2
4
6
8
295
0
2
4
6
8
301
0
2
4
6
8
307
0
2
4
6
8
313
0
2
4
6
8
319
0
2
4
6
8
325
0
2
4
6
8
331
0
2
4
6
8
337
0
2
4
6
8
343
0
2
4
6
8
349
0
2
4
6
8
355
0
2
4
6
8
361
0
2
4
6
8
367
0
2
4
6
8
373
0
2
4
6
8
379
0
2
4
6
8
385
0
2
4
6
8
391
0
2
4
6
8
397
0
2
4
6
8
403
0
2
4
6
8
409
0
2
4
6
8
415
0
2
4
6
8
421
0
2
4
6
8
427
0
2
4
6
8
433
0
2
4
6
8
439
0
2
4
6
8
445
0
2
4
6
8
451
0
2
4
6
8
457
0
2
4
6
8
463
0
2
4
6
8
469
0
2
4
6
8
475
0
2
4
6
8
481
0
2
4
6
8
487
0
2
4
6
8
493
0
2
4
6
8
499
0
2
4
6
8
505
0
2
4
6
8
511
0
2
4
6
8
517
0
2
4
6
8
523
0
2
4
6
8
529
0
2
4
6
8
535
0
2
4
6
8
541
0
2
4
6
8
547
0
2
4
6
8
553
0
2
4
6
8
559
0
2
4
6
8
565
0
2
4
6
8
571
0
2
4
6
8
577
0
2
4
6
8
583
0
2
4
6
8
589
0
2
4
6
8
595
0
2
4
6
8
601
0
2
4
6
8
607
0
2
4
6
8
613
0
2
4
6
8
619
0
2
4
6
8
625
0
2
4
6
8
631
0
2
4
6
8
637
0
2
4
6
8
643
0
2
4
6
8
649
0
2
4
6
8
655
0
2
4
6
8
661
0
2
4
6
8
667
0
2
4
6
8
673
0
2
4
6
8
679
0
2
4
6
8
685
0
2
4
6
8
691
0
2
4
6
8
697
0
2
4
6
8
703
0
2
4
6
8
709
0
2
4
6
8
715
0
2
4
6
8
721
0
2
4
6
8
727
0
2
4
6
8
733
0
2
4
6
8
739
0
2
4
6
8
745
0
2
4
6
8
751
0
2
4
6
8
757
0
2
4
6
8
763
0
2
4
6
8
769
0
2
4
6
8
775
0
2
4
6
8
781
0
2
4
6
8
787
0
2
4
6
8
793
0
2
4
6
8
799
0
2
4
6
8
805
0
2
4
6
8
811
0
2
4
6
8
817
0
2
4
6
8
823
0
2
4
6
8
829
0
2
4
6
8
835
0
2
4
6
8
841
0
2
4
6
8
847
0
2
4
6
8
853
0
2
4
6
8
859
0
2
4
6
8
865
0
2
4
6
8
871
0
2
4
6
8
877
0
2
4
6
8
883
0
2
4
6
8
889
0
2
4
6
8
895
0
2
4
6
8
901
0
2
4
6
8
907
0
2
4
6
8
913
0
2
4
6
8
919
0
2
4
6
8
925
0
2
4
6
8
931
0
2
4
6
8
937
0
2
4
6
8
943
0
2
4
6
8
949
0
2
4
6
8
955
0
2
4
6
8
961
0
2
4
6
8
967
0
2
4
6
8
973
0
2
4
6
8
979
0
2
4
6
8
985
0
2
4
6
8
991
0
2
4
6
8
997
0
2
225 ms. Memory: 569344K Free: 268592K (47%)
----------------- Invoking toplevel() on ptolemy.moml.MoMLSimpleApplication@538b1cc8
----------------- Done invoking toplevel() on ptolemy.moml.MoMLSimpleApplication@538b1cc8
reloadAllAccessors: .modalChangingParams

===========================================================================================
----------------- testing Wed Jul 10 15:28:43 UTC 2019 /home/travis/build/icyphy/ptII/ptolemy/domains/modal/test/auto/modalModel.xml
----------------- Instantiating /home/travis/build/icyphy/ptII/ptolemy/domains/modal/test/auto/modalModel.xml
14 ms. Memory: 569344K Free: 259871K (46%)
----------------- Invoking toplevel() on ptolemy.moml.MoMLSimpleApplication@651571c9
----------------- Done invoking toplevel() on ptolemy.moml.MoMLSimpleApplication@651571c9
reloadAllAccessors: .modalModel

===========================================================================================
----------------- testing Wed Jul 10 15:28:43 UTC 2019 /home/travis/build/icyphy/ptII/ptolemy/domains/modal/test/auto/modalModel2.xml
----------------- Instantiating /home/travis/build/icyphy/ptII/ptolemy/domains/modal/test/auto/modalModel2.xml
10 ms. Memory: 569344K Free: 249631K (44%)
----------------- Invoking toplevel() on ptolemy.moml.MoMLSimpleApplication@b6fbd17
----------------- Done invoking toplevel() on ptolemy.moml.MoMLSimpleApplication@b6fbd17
reloadAllAccessors: .modalModel2

===========================================================================================
----------------- testing Wed Jul 10 15:28:43 UTC 2019 /home/travis/build/icyphy/ptII/ptolemy/domains/modal/test/auto/modalModel3.xml
----------------- Instantiating /home/travis/build/icyphy/ptII/ptolemy/domains/modal/test/auto/modalModel3.xml
0	0	0
3	2	1
6	4	2
9	6	3
4	0	4
7	2	5
10	4	6
13	6	7
8	0	8
11	2	9
14	4	10
17	6	11
12	0	12
15	2	13
18	4	14
26 ms. Memory: 569344K Free: 234800K (41%)
----------------- Invoking toplevel() on ptolemy.moml.MoMLSimpleApplication@17e9327f
----------------- Done invoking toplevel() on ptolemy.moml.MoMLSimpleApplication@17e9327f
reloadAllAccessors: .modalModel3

===========================================================================================
----------------- testing Wed Jul 10 15:28:43 UTC 2019 /home/travis/build/icyphy/ptII/ptolemy/domains/modal/test/auto/model1.xml
----------------- Instantiating /home/travis/build/icyphy/ptII/ptolemy/domains/modal/test/auto/model1.xml
11 ms. Memory: 569344K Free: 229135K (40%)
----------------- Invoking toplevel() on ptolemy.moml.MoMLSimpleApplication@117b3b65
----------------- Done invoking toplevel() on ptolemy.moml.MoMLSimpleApplication@117b3b65
reloadAllAccessors: .model1

===========================================================================================
----------------- testing Wed Jul 10 15:28:43 UTC 2019 /home/travis/build/icyphy/ptII/ptolemy/domains/modal/test/auto/test-direct-in-out.xml
----------------- Instantiating /home/travis/build/icyphy/ptII/ptolemy/domains/modal/test/auto/test-direct-in-out.xml
4 ms. Memory: 569344K Free: 221488K (39%)
----------------- Invoking toplevel() on ptolemy.moml.MoMLSimpleApplication@65539484
----------------- Done invoking toplevel() on ptolemy.moml.MoMLSimpleApplication@65539484
reloadAllAccessors: .test-direct-in-out
AutoTests.java: About to close Vertx.
AutoTests.java: Vertx closed.
]]></system-out>
  <system-err><![CDATA[java.lang.RuntimeException: Execution failed
	at ptolemy.moml.MoMLSimpleApplication$UnloadThread.run(MoMLSimpleApplication.java:402)
Caused by: ptolemy.kernel.util.IllegalActionException: Unknown inputs remain. Possible causality loop:
L_model_1893289564i

  in .CannotAnalysisWithPreemption.model_1893289564_region_1 and .CannotAnalysisWithPreemption.model_1893289564_region_1.L_model_1893289564i
	at ptolemy.actor.sched.FixedPointDirector.postfire(FixedPointDirector.java:515)
	at ptolemy.domains.sr.kernel.SRDirector.postfire(SRDirector.java:417)
	at ptolemy.actor.CompositeActor.postfire(CompositeActor.java:1668)
	at ptolemy.actor.Manager.iterate(Manager.java:852)
	at ptolemy.actor.Manager.execute(Manager.java:369)
	at ptolemy.actor.Manager.run(Manager.java:1263)
	at ptolemy.actor.Manager$PtolemyRunThread.run(Manager.java:1915)
java.lang.reflect.InvocationTargetException
	at java.base/jdk.internal.reflect.NativeConstructorAccessorImpl.newInstance0(Native Method)
	at java.base/jdk.internal.reflect.NativeConstructorAccessorImpl.newInstance(NativeConstructorAccessorImpl.java:62)
	at java.base/jdk.internal.reflect.DelegatingConstructorAccessorImpl.newInstance(DelegatingConstructorAccessorImpl.java:45)
	at java.base/java.lang.reflect.Constructor.newInstance(Constructor.java:488)
	at ptolemy.util.test.junit.AutoKnownFailedTests.RunModel(AutoKnownFailedTests.java:105)
	at java.base/jdk.internal.reflect.NativeMethodAccessorImpl.invoke0(Native Method)
	at java.base/jdk.internal.reflect.NativeMethodAccessorImpl.invoke(NativeMethodAccessorImpl.java:62)
	at java.base/jdk.internal.reflect.DelegatingMethodAccessorImpl.invoke(DelegatingMethodAccessorImpl.java:43)
	at java.base/java.lang.reflect.Method.invoke(Method.java:564)
	at org.junit.runners.model.FrameworkMethod$1.runReflectiveCall(FrameworkMethod.java:44)
	at org.junit.internal.runners.model.ReflectiveCallable.run(ReflectiveCallable.java:15)
	at org.junit.runners.model.FrameworkMethod.invokeExplosively(FrameworkMethod.java:41)
	at junitparams.internal.InvokeParameterisedMethod.evaluate(InvokeParameterisedMethod.java:102)
	at org.junit.internal.runners.statements.FailOnTimeout$1.run(FailOnTimeout.java:28)
Caused by: ptolemy.kernel.util.IllegalActionException: Unknown inputs remain. Possible causality loop:
L_model_1893289564i

  in .CannotAnalysisWithPreemption.model_1893289564_region_1 and .CannotAnalysisWithPreemption.model_1893289564_region_1.L_model_1893289564i
	at ptolemy.actor.sched.FixedPointDirector.postfire(FixedPointDirector.java:515)
	at ptolemy.domains.sr.kernel.SRDirector.postfire(SRDirector.java:417)
	at ptolemy.actor.CompositeActor.postfire(CompositeActor.java:1668)
	at ptolemy.actor.Manager.iterate(Manager.java:852)
	at ptolemy.actor.Manager.execute(Manager.java:369)
	at ptolemy.actor.Manager.run(Manager.java:1263)
	at ptolemy.actor.Manager$PtolemyRunThread.run(Manager.java:1915)
]]></system-err>
</testsuite>
