<?xml version="1.0" encoding="UTF-8" ?>
<testsuite errors="0" failures="0" hostname="travis-job-5b26ffbc-6212-4350-8b19-c34a9e39e56d" name="ptolemy.domains.de.test.junit.JUnitTclTest" skipped="0" tests="101" time="121.279" timestamp="2020-01-03T05:41:24">
  <properties>
[...]
</properties>
  <testcase classname="ptolemy.util.test.junit.TclTests" name="[0] /home/travis/build/icyphy/ptII/ptolemy/domains/de/test/DependencyLoop.tcl (RunTclFile)" time="0.988" />
  <testcase classname="ptolemy.util.test.junit.TclTests" name="[1] /home/travis/build/icyphy/ptII/ptolemy/domains/de/test/RunDETestsAsQSS.tcl (RunTclFile)" time="81.636" />
  <testcase classname="ptolemy.util.test.junit.AutoKnownFailedTests" name="[0] /home/travis/build/icyphy/ptII/ptolemy/domains/de/test/auto/knownFailedTests/DESDFClockTest.xml (RunModel)" time="2.052" />
  <testcase classname="ptolemy.util.test.junit.AutoKnownFailedTests" name="[1] /home/travis/build/icyphy/ptII/ptolemy/domains/de/test/auto/knownFailedTests/DirectFeedback.xml (RunModel)" time="0.012" />
  <testcase classname="ptolemy.util.test.junit.AutoKnownFailedTests" name="[2] /home/travis/build/icyphy/ptII/ptolemy/domains/de/test/auto/knownFailedTests/FSMSource.xml (RunModel)" time="0.027" />
  <testcase classname="ptolemy.util.test.junit.AutoKnownFailedTests" name="[3] /home/travis/build/icyphy/ptII/ptolemy/domains/de/test/auto/knownFailedTests/HierarchicalModel.xml (RunModel)" time="0.048" />
  <testcase classname="ptolemy.util.test.junit.AutoKnownFailedTests" name="[4] /home/travis/build/icyphy/ptII/ptolemy/domains/de/test/auto/knownFailedTests/dependencyLoop.xml (RunModel)" time="0.047" />
  <testcase classname="ptolemy.util.test.junit.AutoKnownFailedTests" name="[5] /home/travis/build/icyphy/ptII/ptolemy/domains/de/test/auto/knownFailedTests/dependencyLoop2.xml (RunModel)" time="0.04" />
  <testcase classname="ptolemy.util.test.junit.AutoNameArchTests" name="[0] ThereAreNoAutoArchTests (RunModel)" time="0.001" />
  <testcase classname="ptolemy.util.test.junit.AutoTests" name="[0] /home/travis/build/icyphy/ptII/ptolemy/domains/de/test/auto/ActorDepthCalculation_actorWithoutPorts.xml (RunModel)" time="0.022" />
  <testcase classname="ptolemy.util.test.junit.AutoTests" name="[1] /home/travis/build/icyphy/ptII/ptolemy/domains/de/test/auto/AssemblyLine.xml (RunModel)" time="0.023" />
  <testcase classname="ptolemy.util.test.junit.AutoTests" name="[2] /home/travis/build/icyphy/ptII/ptolemy/domains/de/test/auto/CQBug1.xml (RunModel)" time="0.012" />
  <testcase classname="ptolemy.util.test.junit.AutoTests" name="[3] /home/travis/build/icyphy/ptII/ptolemy/domains/de/test/auto/CancelFireAt.xml (RunModel)" time="0.011" />
  <testcase classname="ptolemy.util.test.junit.AutoTests" name="[4] /home/travis/build/icyphy/ptII/ptolemy/domains/de/test/auto/CausalityAndComposabilityAnalysis.xml (RunModel)" time="0.011" />
  <testcase classname="ptolemy.util.test.junit.AutoTests" name="[5] /home/travis/build/icyphy/ptII/ptolemy/domains/de/test/auto/CausalityInterface1.xml (RunModel)" time="0.017" />
  <testcase classname="ptolemy.util.test.junit.AutoTests" name="[6] /home/travis/build/icyphy/ptII/ptolemy/domains/de/test/auto/CausalityInterface15.xml (RunModel)" time="0.014" />
  <testcase classname="ptolemy.util.test.junit.AutoTests" name="[7] /home/travis/build/icyphy/ptII/ptolemy/domains/de/test/auto/CausalityInterface2.xml (RunModel)" time="0.014" />
  <testcase classname="ptolemy.util.test.junit.AutoTests" name="[8] /home/travis/build/icyphy/ptII/ptolemy/domains/de/test/auto/CausalityInterface3.xml (RunModel)" time="0.016" />
  <testcase classname="ptolemy.util.test.junit.AutoTests" name="[9] /home/travis/build/icyphy/ptII/ptolemy/domains/de/test/auto/ClockDrift.xml (RunModel)" time="0.042" />
  <testcase classname="ptolemy.util.test.junit.AutoTests" name="[10] /home/travis/build/icyphy/ptII/ptolemy/domains/de/test/auto/ClockDriftAndValueChange.xml (RunModel)" time="0.032" />
  <testcase classname="ptolemy.util.test.junit.AutoTests" name="[11] /home/travis/build/icyphy/ptII/ptolemy/domains/de/test/auto/ClockDriftChange.xml (RunModel)" time="0.035" />
  <testcase classname="ptolemy.util.test.junit.AutoTests" name="[12] /home/travis/build/icyphy/ptII/ptolemy/domains/de/test/auto/ComposableCausalityAnalysis.xml (RunModel)" time="0.014" />
  <testcase classname="ptolemy.util.test.junit.AutoTests" name="[13] /home/travis/build/icyphy/ptII/ptolemy/domains/de/test/auto/DEFixedPointLimitation.xml (RunModel)" time="0.009" />
  <testcase classname="ptolemy.util.test.junit.AutoTests" name="[14] /home/travis/build/icyphy/ptII/ptolemy/domains/de/test/auto/DEScheduleTest.xml (RunModel)" time="0.013" />
  <testcase classname="ptolemy.util.test.junit.AutoTests" name="[15] /home/travis/build/icyphy/ptII/ptolemy/domains/de/test/auto/DEinDEwithStartTimes.xml (RunModel)" time="0.015" />
  <testcase classname="ptolemy.util.test.junit.AutoTests" name="[16] /home/travis/build/icyphy/ptII/ptolemy/domains/de/test/auto/DEinDEwithStartTimes2.xml (RunModel)" time="0.019" />
  <testcase classname="ptolemy.util.test.junit.AutoTests" name="[17] /home/travis/build/icyphy/ptII/ptolemy/domains/de/test/auto/DateDemo.xml (RunModel)" time="0.038" />
  <testcase classname="ptolemy.util.test.junit.AutoTests" name="[18] /home/travis/build/icyphy/ptII/ptolemy/domains/de/test/auto/DateToEvent.xml (RunModel)" time="2.038" />
  <testcase classname="ptolemy.util.test.junit.AutoTests" name="[19] /home/travis/build/icyphy/ptII/ptolemy/domains/de/test/auto/DepthTest1.xml (RunModel)" time="0.01" />
  <testcase classname="ptolemy.util.test.junit.AutoTests" name="[20] /home/travis/build/icyphy/ptII/ptolemy/domains/de/test/auto/DepthTest2.xml (RunModel)" time="0.016" />
  <testcase classname="ptolemy.util.test.junit.AutoTests" name="[21] /home/travis/build/icyphy/ptII/ptolemy/domains/de/test/auto/DepthTest3.xml (RunModel)" time="0.007" />
  <testcase classname="ptolemy.util.test.junit.AutoTests" name="[22] /home/travis/build/icyphy/ptII/ptolemy/domains/de/test/auto/DepthTest4.xml (RunModel)" time="0.016" />
  <testcase classname="ptolemy.util.test.junit.AutoTests" name="[23] /home/travis/build/icyphy/ptII/ptolemy/domains/de/test/auto/DepthTest5.xml (RunModel)" time="0.015" />
  <testcase classname="ptolemy.util.test.junit.AutoTests" name="[24] /home/travis/build/icyphy/ptII/ptolemy/domains/de/test/auto/DepthTest6.xml (RunModel)" time="0.011" />
  <testcase classname="ptolemy.util.test.junit.AutoTests" name="[25] /home/travis/build/icyphy/ptII/ptolemy/domains/de/test/auto/DepthTest7.xml (RunModel)" time="0.009" />
  <testcase classname="ptolemy.util.test.junit.AutoTests" name="[26] /home/travis/build/icyphy/ptII/ptolemy/domains/de/test/auto/EventToDate.xml (RunModel)" time="3.043" />
  <testcase classname="ptolemy.util.test.junit.AutoTests" name="[27] /home/travis/build/icyphy/ptII/ptolemy/domains/de/test/auto/FSM1.xml (RunModel)" time="0.038" />
  <testcase classname="ptolemy.util.test.junit.AutoTests" name="[28] /home/travis/build/icyphy/ptII/ptolemy/domains/de/test/auto/FSM7.xml (RunModel)" time="0.034" />
  <testcase classname="ptolemy.util.test.junit.AutoTests" name="[29] /home/travis/build/icyphy/ptII/ptolemy/domains/de/test/auto/Inspection.xml (RunModel)" time="0.038" />
  <testcase classname="ptolemy.util.test.junit.AutoTests" name="[30] /home/travis/build/icyphy/ptII/ptolemy/domains/de/test/auto/Iteration.xml (RunModel)" time="0.021" />
  <testcase classname="ptolemy.util.test.junit.AutoTests" name="[31] /home/travis/build/icyphy/ptII/ptolemy/domains/de/test/auto/LineFault.xml (RunModel)" time="0.625" />
  <testcase classname="ptolemy.util.test.junit.AutoTests" name="[32] /home/travis/build/icyphy/ptII/ptolemy/domains/de/test/auto/MergeModel1Add.xml (RunModel)" time="0.05" />
  <testcase classname="ptolemy.util.test.junit.AutoTests" name="[33] /home/travis/build/icyphy/ptII/ptolemy/domains/de/test/auto/MergeModel2Add.xml (RunModel)" time="0.039" />
  <testcase classname="ptolemy.util.test.junit.AutoTests" name="[34] /home/travis/build/icyphy/ptII/ptolemy/domains/de/test/auto/MergeModel3Add.xml (RunModel)" time="0.051" />
  <testcase classname="ptolemy.util.test.junit.AutoTests" name="[35] /home/travis/build/icyphy/ptII/ptolemy/domains/de/test/auto/MergeWithoutDiscard.xml (RunModel)" time="0.012" />
  <testcase classname="ptolemy.util.test.junit.AutoTests" name="[36] /home/travis/build/icyphy/ptII/ptolemy/domains/de/test/auto/Modal1.xml (RunModel)" time="0.039" />
  <testcase classname="ptolemy.util.test.junit.AutoTests" name="[37] /home/travis/build/icyphy/ptII/ptolemy/domains/de/test/auto/Modal2.xml (RunModel)" time="0.031" />
  <testcase classname="ptolemy.util.test.junit.AutoTests" name="[38] /home/travis/build/icyphy/ptII/ptolemy/domains/de/test/auto/Modal3.xml (RunModel)" time="0.035" />
  <testcase classname="ptolemy.util.test.junit.AutoTests" name="[39] /home/travis/build/icyphy/ptII/ptolemy/domains/de/test/auto/Modal4.xml (RunModel)" time="0.028" />
  <testcase classname="ptolemy.util.test.junit.AutoTests" name="[40] /home/travis/build/icyphy/ptII/ptolemy/domains/de/test/auto/Modal5.xml (RunModel)" time="0.032" />
  <testcase classname="ptolemy.util.test.junit.AutoTests" name="[41] /home/travis/build/icyphy/ptII/ptolemy/domains/de/test/auto/Modal6.xml (RunModel)" time="0.025" />
  <testcase classname="ptolemy.util.test.junit.AutoTests" name="[42] /home/travis/build/icyphy/ptII/ptolemy/domains/de/test/auto/Modal7.xml (RunModel)" time="0.03" />
  <testcase classname="ptolemy.util.test.junit.AutoTests" name="[43] /home/travis/build/icyphy/ptII/ptolemy/domains/de/test/auto/ModalModel.xml (RunModel)" time="0.154" />
  <testcase classname="ptolemy.util.test.junit.AutoTests" name="[44] /home/travis/build/icyphy/ptII/ptolemy/domains/de/test/auto/ModalSource.xml (RunModel)" time="0.015" />
  <testcase classname="ptolemy.util.test.junit.AutoTests" name="[45] /home/travis/build/icyphy/ptII/ptolemy/domains/de/test/auto/NonInterruptibleTimerZeroDelay.xml (RunModel)" time="0.007" />
  <testcase classname="ptolemy.util.test.junit.AutoTests" name="[46] /home/travis/build/icyphy/ptII/ptolemy/domains/de/test/auto/OpenQueueingNetwork.xml (RunModel)" time="2.261" />
  <testcase classname="ptolemy.util.test.junit.AutoTests" name="[47] /home/travis/build/icyphy/ptII/ptolemy/domains/de/test/auto/OpenQueuingNetwork.xml (RunModel)" time="0.248" />
  <testcase classname="ptolemy.util.test.junit.AutoTests" name="[48] /home/travis/build/icyphy/ptII/ptolemy/domains/de/test/auto/PeriodicSampler.xml (RunModel)" time="0.011" />
  <testcase classname="ptolemy.util.test.junit.AutoTests" name="[49] /home/travis/build/icyphy/ptII/ptolemy/domains/de/test/auto/PersistentIO.xml (RunModel)" time="0.025" />
  <testcase classname="ptolemy.util.test.junit.AutoTests" name="[50] /home/travis/build/icyphy/ptII/ptolemy/domains/de/test/auto/PortParameterResetOnInitialize.xml (RunModel)" time="0.009" />
  <testcase classname="ptolemy.util.test.junit.AutoTests" name="[51] /home/travis/build/icyphy/ptII/ptolemy/domains/de/test/auto/PortParameterUpdates.xml (RunModel)" time="0.016" />
  <testcase classname="ptolemy.util.test.junit.AutoTests" name="[52] /home/travis/build/icyphy/ptII/ptolemy/domains/de/test/auto/QueueAndServer.xml (RunModel)" time="0.021" />
  <testcase classname="ptolemy.util.test.junit.AutoTests" name="[53] /home/travis/build/icyphy/ptII/ptolemy/domains/de/test/auto/Records.xml (RunModel)" time="0.018" />
  <testcase classname="ptolemy.util.test.junit.AutoTests" name="[54] /home/travis/build/icyphy/ptII/ptolemy/domains/de/test/auto/ResetTransitionWithStartTime1.xml (RunModel)" time="0.019" />
  <testcase classname="ptolemy.util.test.junit.AutoTests" name="[55] /home/travis/build/icyphy/ptII/ptolemy/domains/de/test/auto/ResetTransitionWithStartTime2.xml (RunModel)" time="0.019" />
  <testcase classname="ptolemy.util.test.junit.AutoTests" name="[56] /home/travis/build/icyphy/ptII/ptolemy/domains/de/test/auto/ResetTransitionWithStartTime3.xml (RunModel)" time="0.019" />
  <testcase classname="ptolemy.util.test.junit.AutoTests" name="[57] /home/travis/build/icyphy/ptII/ptolemy/domains/de/test/auto/ResetTransitionWithStartTime4.xml (RunModel)" time="0.019" />
  <testcase classname="ptolemy.util.test.junit.AutoTests" name="[58] /home/travis/build/icyphy/ptII/ptolemy/domains/de/test/auto/ResettableTimer1.xml (RunModel)" time="0.009" />
  <testcase classname="ptolemy.util.test.junit.AutoTests" name="[59] /home/travis/build/icyphy/ptII/ptolemy/domains/de/test/auto/ResettableTimer2.xml (RunModel)" time="0.008" />
  <testcase classname="ptolemy.util.test.junit.AutoTests" name="[60] /home/travis/build/icyphy/ptII/ptolemy/domains/de/test/auto/ResettableTimer3.xml (RunModel)" time="0.008" />
  <testcase classname="ptolemy.util.test.junit.AutoTests" name="[61] /home/travis/build/icyphy/ptII/ptolemy/domains/de/test/auto/ResettableTimer4.xml (RunModel)" time="0.012" />
  <testcase classname="ptolemy.util.test.junit.AutoTests" name="[62] /home/travis/build/icyphy/ptII/ptolemy/domains/de/test/auto/ResettableTimer5.xml (RunModel)" time="0.008" />
  <testcase classname="ptolemy.util.test.junit.AutoTests" name="[63] /home/travis/build/icyphy/ptII/ptolemy/domains/de/test/auto/ResettableTimer6.xml (RunModel)" time="0.016" />
  <testcase classname="ptolemy.util.test.junit.AutoTests" name="[64] /home/travis/build/icyphy/ptII/ptolemy/domains/de/test/auto/ServerZeroDelay.xml (RunModel)" time="0.01" />
  <testcase classname="ptolemy.util.test.junit.AutoTests" name="[65] /home/travis/build/icyphy/ptII/ptolemy/domains/de/test/auto/SmartSender.xml (RunModel)" time="3.008" />
  <testcase classname="ptolemy.util.test.junit.AutoTests" name="[66] /home/travis/build/icyphy/ptII/ptolemy/domains/de/test/auto/ThreadedComposite.xml (RunModel)" time="0.129" />
  <testcase classname="ptolemy.util.test.junit.AutoTests" name="[67] /home/travis/build/icyphy/ptII/ptolemy/domains/de/test/auto/Time.xml (RunModel)" time="0.442" />
  <testcase classname="ptolemy.util.test.junit.AutoTests" name="[68] /home/travis/build/icyphy/ptII/ptolemy/domains/de/test/auto/TimeDelayZeroDelay.xml (RunModel)" time="0.013" />
  <testcase classname="ptolemy.util.test.junit.AutoTests" name="[69] /home/travis/build/icyphy/ptII/ptolemy/domains/de/test/auto/TimerZeroDelay.xml (RunModel)" time="0.009" />
  <testcase classname="ptolemy.util.test.junit.AutoTests" name="[70] /home/travis/build/icyphy/ptII/ptolemy/domains/de/test/auto/TimingParadox.xml (RunModel)" time="0.302" />
  <testcase classname="ptolemy.util.test.junit.AutoTests" name="[71] /home/travis/build/icyphy/ptII/ptolemy/domains/de/test/auto/TransferInputs.xml (RunModel)" time="0.017" />
  <testcase classname="ptolemy.util.test.junit.AutoTests" name="[72] /home/travis/build/icyphy/ptII/ptolemy/domains/de/test/auto/TransferOutputs2.xml (RunModel)" time="0.015" />
  <testcase classname="ptolemy.util.test.junit.AutoTests" name="[73] /home/travis/build/icyphy/ptII/ptolemy/domains/de/test/auto/Trilateration.xml (RunModel)" time="10.498" />
  <testcase classname="ptolemy.util.test.junit.AutoTests" name="[74] /home/travis/build/icyphy/ptII/ptolemy/domains/de/test/auto/TwoSigmaDelta.xml (RunModel)" time="1.816" />
  <testcase classname="ptolemy.util.test.junit.AutoTests" name="[75] /home/travis/build/icyphy/ptII/ptolemy/domains/de/test/auto/VariableDelay.xml (RunModel)" time="0.02" />
  <testcase classname="ptolemy.util.test.junit.AutoTests" name="[76] /home/travis/build/icyphy/ptII/ptolemy/domains/de/test/auto/VariableDelay2.xml (RunModel)" time="0.008" />
  <testcase classname="ptolemy.util.test.junit.AutoTests" name="[77] /home/travis/build/icyphy/ptII/ptolemy/domains/de/test/auto/VariableDelayZeroDelay.xml (RunModel)" time="0.013" />
  <testcase classname="ptolemy.util.test.junit.AutoTests" name="[78] /home/travis/build/icyphy/ptII/ptolemy/domains/de/test/auto/VariableDelayZeroDelay2.xml (RunModel)" time="0.008" />
  <testcase classname="ptolemy.util.test.junit.AutoTests" name="[79] /home/travis/build/icyphy/ptII/ptolemy/domains/de/test/auto/deInCt.xml (RunModel)" time="0.014" />
  <testcase classname="ptolemy.util.test.junit.AutoTests" name="[80] /home/travis/build/icyphy/ptII/ptolemy/domains/de/test/auto/deInCt2.xml (RunModel)" time="0.019" />
  <testcase classname="ptolemy.util.test.junit.AutoTests" name="[81] /home/travis/build/icyphy/ptII/ptolemy/domains/de/test/auto/dynamicCausalityInterface1.xml (RunModel)" time="0.025" />
  <testcase classname="ptolemy.util.test.junit.AutoTests" name="[82] /home/travis/build/icyphy/ptII/ptolemy/domains/de/test/auto/fsm_de_test.xml (RunModel)" time="0.021" />
  <testcase classname="ptolemy.util.test.junit.AutoTests" name="[83] /home/travis/build/icyphy/ptII/ptolemy/domains/de/test/auto/functionDependencyReconstruction.xml (RunModel)" time="0.042" />
  <testcase classname="ptolemy.util.test.junit.AutoTests" name="[84] /home/travis/build/icyphy/ptII/ptolemy/domains/de/test/auto/multirate.xml (RunModel)" time="0.012" />
  <testcase classname="ptolemy.util.test.junit.AutoTests" name="[85] /home/travis/build/icyphy/ptII/ptolemy/domains/de/test/auto/multirate2.xml (RunModel)" time="0.014" />
  <testcase classname="ptolemy.util.test.junit.AutoTests" name="[86] /home/travis/build/icyphy/ptII/ptolemy/domains/de/test/auto/realtime.xml (RunModel)" time="10.009" />
  <testcase classname="ptolemy.util.test.junit.AutoTests" name="[87] /home/travis/build/icyphy/ptII/ptolemy/domains/de/test/auto/relationGroup.xml (RunModel)" time="0.005" />
  <testcase classname="ptolemy.util.test.junit.AutoTests" name="[88] /home/travis/build/icyphy/ptII/ptolemy/domains/de/test/auto/relationGroup2.xml (RunModel)" time="0.009" />
  <testcase classname="ptolemy.util.test.junit.AutoTests" name="[89] /home/travis/build/icyphy/ptII/ptolemy/domains/de/test/auto/sortWithOpaquePorts.xml (RunModel)" time="0.009" />
  <testcase classname="ptolemy.util.test.junit.AutoTests" name="[90] /home/travis/build/icyphy/ptII/ptolemy/domains/de/test/auto/transferInputsandOutputs.xml (RunModel)" time="0.015" />
  <testcase classname="ptolemy.util.test.junit.AutoTests" name="[91] /home/travis/build/icyphy/ptII/ptolemy/domains/de/test/auto/triggerType.xml (RunModel)" time="0.006" />
  <system-out><![CDATA[/home/travis/build/icyphy/ptII/ptolemy/domains/de/test/DependencyLoop.tcl
testDefs.tcl: setting time out to 9000 seconds at Fri Jan 03 05:41:24 UTC 2020
61 ms. Memory: 129024K Free: 79301K (61%)
18 ms. Memory: 129024K Free: 61878K (48%)
/home/travis/build/icyphy/ptII/ptolemy/domains/de/test/RunDETestsAsQSS.tcl
Run the DE tests using ptolemy.domains.qss.test.QSSDirectorTest, which extends QSSDirector and prints a message in the constructors.
------------------ testing $PTII/ptolemy/domains/de/test/auto/knownFailedTests/DirectFeedback.xml (Known Failure) 
47 ms. Memory: 129024K Free: 55749K (43%)


==== $PTIIhome/travis/build/icyphy/ptII/ptolemy/domains/de/test/../../../../: Auto Automatic test in file $PTII/ptolemy/domains/de/test/auto/knownFailedTests/DirectFeedback.xml
==== Contents of test case:

	    # FIXME: we should use $relativeFilename here, but it
	    # might have backslashes under Windows, which causes no end
	    # of trouble.
	    createAndExecute $file
	    list {}
	
.... Test generated KNOWN error:
    while executing
ptolemy.kernel.util.IllegalActionException: Test fails in iteration 1.
Value was: 1.0. Should have been: 2.0
  in .DirectFeedback.Test
	at ptolemy.actor.lib.Test.fire(Test.java:268)
	at ptolemy.domains.de.kernel.DEDirector._fire(DEDirector.java:1949)
	at ptolemy.domains.de.kernel.DEDirector.fire(DEDirector.java:502)
	at ptolemy.actor.CompositeActor.fire(CompositeActor.java:455)
	at ptolemy.actor.Manager.iterate(Manager.java:851)
	at ptolemy.actor.Manager.execute(Manager.java:369)
	at ptolemy.actor.Manager.run(Manager.java:1263)
	at ptolemy.actor.Manager$PtolemyRunThread.run(Manager.java:1933)

    while executing
ptolemy.kernel.util.IllegalActionException: Test fails in iteration 1.
Value was: 1.0. Should have been: 2.0
  in .DirectFeedback.Test
    while executing
"java::new ptolemy.moml.MoMLSimpleApplication $file
"
    (procedure "createAndExecute" line 2)
    invoked from within
"createAndExecute $file"
    ("uplevel" body line 5)
    invoked from within
"uplevel $contents_of_test"
------------------ testing $PTII/ptolemy/domains/de/test/auto/knownFailedTests/dependencyLoop.xml (Known Failure) 
12 ms. Memory: 129024K Free: 52677K (41%)


==== $PTIIhome/travis/build/icyphy/ptII/ptolemy/domains/de/test/../../../../: Auto Automatic test in file $PTII/ptolemy/domains/de/test/auto/knownFailedTests/dependencyLoop.xml
==== Contents of test case:

	    # FIXME: we should use $relativeFilename here, but it
	    # might have backslashes under Windows, which causes no end
	    # of trouble.
	    createAndExecute $file
	    list {}
	
.... Test generated KNOWN error:
    while executing
ptolemy.kernel.util.IllegalActionException: Found a zero delay loop containing .dependencyLoop.original
  in .dependencyLoop and .dependencyLoop.original
	at ptolemy.actor.util.CausalityInterfaceForComposites._computeOutputPortDepth(CausalityInterfaceForComposites.java:759)
	at ptolemy.actor.util.CausalityInterfaceForComposites._computeInputDepth(CausalityInterfaceForComposites.java:696)
	at ptolemy.actor.util.CausalityInterfaceForComposites._computeOutputPortDepth(CausalityInterfaceForComposites.java:765)
	at ptolemy.actor.util.CausalityInterfaceForComposites._computeInputDepth(CausalityInterfaceForComposites.java:696)
	at ptolemy.actor.util.CausalityInterfaceForComposites._computeOutputPortDepth(CausalityInterfaceForComposites.java:765)
	at ptolemy.actor.util.CausalityInterfaceForComposites._computeInputDepth(CausalityInterfaceForComposites.java:696)
	at ptolemy.actor.util.CausalityInterfaceForComposites._computeActorDepth(CausalityInterfaceForComposites.java:532)
	at ptolemy.actor.util.CausalityInterfaceForComposites.checkForCycles(CausalityInterfaceForComposites.java:96)
	at ptolemy.domains.de.kernel.DEDirector.preinitialize(DEDirector.java:1338)
	at ptolemy.actor.CompositeActor.preinitialize(CompositeActor.java:1828)
	at ptolemy.actor.Manager.preinitializeAndResolveTypes(Manager.java:1040)
	at ptolemy.actor.Manager.initialize(Manager.java:710)
	at ptolemy.actor.Manager.execute(Manager.java:356)
	at ptolemy.actor.Manager.run(Manager.java:1263)
	at ptolemy.actor.Manager$PtolemyRunThread.run(Manager.java:1933)

    while executing
ptolemy.kernel.util.IllegalActionException: Found a zero delay loop containing .dependencyLoop.original
  in .dependencyLoop and .dependencyLoop.original
    while executing
"java::new ptolemy.moml.MoMLSimpleApplication $file
"
    (procedure "createAndExecute" line 2)
    invoked from within
"createAndExecute $file"
    ("uplevel" body line 5)
    invoked from within
"uplevel $contents_of_test"
------------------ testing $PTII/ptolemy/domains/de/test/auto/knownFailedTests/FSMSource.xml (Known Failure) 
91 ms. Memory: 129024K Free: 110902K (86%)
!!!! Auto was marked as failing, but now passes
------------------ testing $PTII/ptolemy/domains/de/test/auto/knownFailedTests/HierarchicalModel.xml (Known Failure) 
5 ms. Memory: 129024K Free: 93493K (72%)


==== $PTIIhome/travis/build/icyphy/ptII/ptolemy/domains/de/test/../../../../: Auto Automatic test in file $PTII/ptolemy/domains/de/test/auto/knownFailedTests/HierarchicalModel.xml
==== Contents of test case:

	    # FIXME: we should use $relativeFilename here, but it
	    # might have backslashes under Windows, which causes no end
	    # of trouble.
	    createAndExecute $file
	    list {}
	
.... Test generated KNOWN error:
    while executing
ptolemy.kernel.util.IllegalActionException: Found a zero delay loop containing .HierarchicalModel.A
  in .HierarchicalModel and .HierarchicalModel.A
	at ptolemy.actor.util.CausalityInterfaceForComposites._computeOutputPortDepth(CausalityInterfaceForComposites.java:759)
	at ptolemy.actor.util.CausalityInterfaceForComposites._computeInputDepth(CausalityInterfaceForComposites.java:696)
	at ptolemy.actor.util.CausalityInterfaceForComposites._computeOutputPortDepth(CausalityInterfaceForComposites.java:765)
	at ptolemy.actor.util.CausalityInterfaceForComposites._computeInputDepth(CausalityInterfaceForComposites.java:696)
	at ptolemy.actor.util.CausalityInterfaceForComposites._computeOutputPortDepth(CausalityInterfaceForComposites.java:765)
	at ptolemy.actor.util.CausalityInterfaceForComposites._computeInputDepth(CausalityInterfaceForComposites.java:696)
	at ptolemy.actor.util.CausalityInterfaceForComposites._computeActorDepth(CausalityInterfaceForComposites.java:532)
	at ptolemy.actor.util.CausalityInterfaceForComposites.checkForCycles(CausalityInterfaceForComposites.java:96)
	at ptolemy.domains.de.kernel.DEDirector.preinitialize(DEDirector.java:1338)
	at ptolemy.actor.CompositeActor.preinitialize(CompositeActor.java:1828)
	at ptolemy.actor.Manager.preinitializeAndResolveTypes(Manager.java:1040)
	at ptolemy.actor.Manager.initialize(Manager.java:710)
	at ptolemy.actor.Manager.execute(Manager.java:356)
	at ptolemy.actor.Manager.run(Manager.java:1263)
	at ptolemy.actor.Manager$PtolemyRunThread.run(Manager.java:1933)

    while executing
ptolemy.kernel.util.IllegalActionException: Found a zero delay loop containing .HierarchicalModel.A
  in .HierarchicalModel and .HierarchicalModel.A
    while executing
"java::new ptolemy.moml.MoMLSimpleApplication $file
"
    (procedure "createAndExecute" line 2)
    invoked from within
"createAndExecute $file"
    ("uplevel" body line 5)
    invoked from within
"uplevel $contents_of_test"
------------------ testing $PTII/ptolemy/domains/de/test/auto/knownFailedTests/dependencyLoop2.xml (Known Failure) 
6 ms. Memory: 129024K Free: 77442K (60%)


==== $PTIIhome/travis/build/icyphy/ptII/ptolemy/domains/de/test/../../../../: Auto Automatic test in file $PTII/ptolemy/domains/de/test/auto/knownFailedTests/dependencyLoop2.xml
==== Contents of test case:

	    # FIXME: we should use $relativeFilename here, but it
	    # might have backslashes under Windows, which causes no end
	    # of trouble.
	    createAndExecute $file
	    list {}
	
.... Test generated KNOWN error:
    while executing
ptolemy.kernel.util.IllegalActionException: Found a zero delay loop containing .dependencyLoop2.original
  in .dependencyLoop2 and .dependencyLoop2.original
	at ptolemy.actor.util.CausalityInterfaceForComposites._computeOutputPortDepth(CausalityInterfaceForComposites.java:759)
	at ptolemy.actor.util.CausalityInterfaceForComposites._computeInputDepth(CausalityInterfaceForComposites.java:696)
	at ptolemy.actor.util.CausalityInterfaceForComposites._computeOutputPortDepth(CausalityInterfaceForComposites.java:765)
	at ptolemy.actor.util.CausalityInterfaceForComposites._computeInputDepth(CausalityInterfaceForComposites.java:696)
	at ptolemy.actor.util.CausalityInterfaceForComposites._computeOutputPortDepth(CausalityInterfaceForComposites.java:765)
	at ptolemy.actor.util.CausalityInterfaceForComposites._computeInputDepth(CausalityInterfaceForComposites.java:696)
	at ptolemy.actor.util.CausalityInterfaceForComposites._computeActorDepth(CausalityInterfaceForComposites.java:532)
	at ptolemy.actor.util.CausalityInterfaceForComposites.checkForCycles(CausalityInterfaceForComposites.java:96)
	at ptolemy.domains.de.kernel.DEDirector.preinitialize(DEDirector.java:1338)
	at ptolemy.actor.CompositeActor.preinitialize(CompositeActor.java:1828)
	at ptolemy.actor.Manager.preinitializeAndResolveTypes(Manager.java:1040)
	at ptolemy.actor.Manager.initialize(Manager.java:710)
	at ptolemy.actor.Manager.execute(Manager.java:356)
	at ptolemy.actor.Manager.run(Manager.java:1263)
	at ptolemy.actor.Manager$PtolemyRunThread.run(Manager.java:1933)

    while executing
ptolemy.kernel.util.IllegalActionException: Found a zero delay loop containing .dependencyLoop2.original
  in .dependencyLoop2 and .dependencyLoop2.original
    while executing
"java::new ptolemy.moml.MoMLSimpleApplication $file
"
    (procedure "createAndExecute" line 2)
    invoked from within
"createAndExecute $file"
    ("uplevel" body line 5)
    invoked from within
"uplevel $contents_of_test"
------------------ testing $PTII/ptolemy/domains/de/test/auto/knownFailedTests/DESDFClockTest.xml (Known Failure) 
2055 ms. Memory: 129024K Free: 107608K (83%)


==== $PTIIhome/travis/build/icyphy/ptII/ptolemy/domains/de/test/../../../../: Auto Automatic test in file $PTII/ptolemy/domains/de/test/auto/knownFailedTests/DESDFClockTest.xml
==== Contents of test case:

	    # FIXME: we should use $relativeFilename here, but it
	    # might have backslashes under Windows, which causes no end
	    # of trouble.
	    createAndExecute $file
	    list {}
	
.... Test generated KNOWN error:
    while executing
ptolemy.kernel.util.IllegalActionException: Actor is not ready to fire.  Perhaps UpSample.prefire() returned false? Try debugging the actor by selecting "Listen to Actor".  Also, for SDF check moml for tokenConsumptionRate on input.
  in .DESDFClockTest.Play Bell.Copy1:SDF Director and .DESDFClockTest.Play Bell.UpSample
	at ptolemy.actor.sched.StaticSchedulingDirector.fire(StaticSchedulingDirector.java:227)
	at ptolemy.domains.sdf.kernel.SDFDirector.fire(SDFDirector.java:500)
	at ptolemy.actor.CompositeActor.fire(CompositeActor.java:455)
	at ptolemy.domains.de.kernel.DEDirector._fire(DEDirector.java:1949)
	at ptolemy.domains.de.kernel.DEDirector.fire(DEDirector.java:502)
	at ptolemy.actor.CompositeActor.fire(CompositeActor.java:455)
	at ptolemy.actor.Manager.iterate(Manager.java:851)
	at ptolemy.actor.Manager.execute(Manager.java:369)
	at ptolemy.actor.Manager.run(Manager.java:1263)
	at ptolemy.actor.Manager$PtolemyRunThread.run(Manager.java:1933)

    while executing
ptolemy.kernel.util.IllegalActionException: Actor is not ready to fire.  Perhaps UpSample.prefire() returned false? Try debugging the actor by selecting "Listen to Actor".  Also, for SDF check moml for tokenConsumptionRate on input.
  in .DESDFClockTest.Play Bell.Copy1:SDF Director and .DESDFClockTest.Play Bell.UpSample
    while executing
"java::new ptolemy.moml.MoMLSimpleApplication $file
"
    (procedure "createAndExecute" line 2)
    invoked from within
"createAndExecute $file"
    ("uplevel" body line 5)
    invoked from within
"uplevel $contents_of_test"
------------------ testing $PTII/ptolemy/domains/de/test/auto/ActorDepthCalculation_actorWithoutPorts.xml
auto.tcl: Setting watchdog for 200 seconds at Fri Jan 03 05:41:28 UTC 2020
5 ms. Memory: 129024K Free: 100426K (78%)
ptolemy.util.test.WatchDog.cancel(): canceling Fri Jan 03 05:41:28 UTC 2020
auto.tcl: Setting watchdog for 200 seconds at Fri Jan 03 05:41:28 UTC 2020
5 ms. Memory: 129024K Free: 98906K (77%)
ptolemy.util.test.WatchDog.cancel(): canceling Fri Jan 03 05:41:28 UTC 2020
------------------ testing $PTII/ptolemy/domains/de/test/auto/AssemblyLine.xml
auto.tcl: Setting watchdog for 200 seconds at Fri Jan 03 05:41:28 UTC 2020
22 ms. Memory: 51200K Free: 27854K (54%)
ptolemy.util.test.WatchDog.cancel(): canceling Fri Jan 03 05:41:28 UTC 2020
auto.tcl: Setting watchdog for 200 seconds at Fri Jan 03 05:41:28 UTC 2020
6 ms. Memory: 51200K Free: 27304K (53%)
ptolemy.util.test.WatchDog.cancel(): canceling Fri Jan 03 05:41:28 UTC 2020
------------------ testing $PTII/ptolemy/domains/de/test/auto/CQBug1.xml
auto.tcl: Setting watchdog for 200 seconds at Fri Jan 03 05:41:28 UTC 2020
2 ms. Memory: 51200K Free: 33432K (65%)
ptolemy.util.test.WatchDog.cancel(): canceling Fri Jan 03 05:41:28 UTC 2020
auto.tcl: Setting watchdog for 200 seconds at Fri Jan 03 05:41:28 UTC 2020
2 ms. Memory: 51200K Free: 32980K (64%)
ptolemy.util.test.WatchDog.cancel(): canceling Fri Jan 03 05:41:28 UTC 2020
------------------ testing $PTII/ptolemy/domains/de/test/auto/CancelFireAt.xml
auto.tcl: Setting watchdog for 200 seconds at Fri Jan 03 05:41:28 UTC 2020
7 ms. Memory: 51200K Free: 34363K (67%)
ptolemy.util.test.WatchDog.cancel(): canceling Fri Jan 03 05:41:28 UTC 2020
auto.tcl: Setting watchdog for 200 seconds at Fri Jan 03 05:41:28 UTC 2020
2 ms. Memory: 51200K Free: 33920K (66%)
ptolemy.util.test.WatchDog.cancel(): canceling Fri Jan 03 05:41:28 UTC 2020
------------------ testing $PTII/ptolemy/domains/de/test/auto/CausalityAndComposabilityAnalysis.xml
auto.tcl: Setting watchdog for 200 seconds at Fri Jan 03 05:41:28 UTC 2020
8 ms. Memory: 51200K Free: 32337K (63%)
ptolemy.util.test.WatchDog.cancel(): canceling Fri Jan 03 05:41:28 UTC 2020
auto.tcl: Setting watchdog for 200 seconds at Fri Jan 03 05:41:28 UTC 2020
7 ms. Memory: 51200K Free: 31878K (62%)
ptolemy.util.test.WatchDog.cancel(): canceling Fri Jan 03 05:41:28 UTC 2020
------------------ testing $PTII/ptolemy/domains/de/test/auto/CausalityInterface1.xml
auto.tcl: Setting watchdog for 200 seconds at Fri Jan 03 05:41:28 UTC 2020
28 ms. Memory: 51200K Free: 31280K (61%)
ptolemy.util.test.WatchDog.cancel(): canceling Fri Jan 03 05:41:28 UTC 2020
auto.tcl: Setting watchdog for 200 seconds at Fri Jan 03 05:41:28 UTC 2020
4 ms. Memory: 51200K Free: 30305K (59%)
ptolemy.util.test.WatchDog.cancel(): canceling Fri Jan 03 05:41:28 UTC 2020
------------------ testing $PTII/ptolemy/domains/de/test/auto/CausalityInterface15.xml
auto.tcl: Setting watchdog for 200 seconds at Fri Jan 03 05:41:28 UTC 2020
5 ms. Memory: 51200K Free: 31463K (61%)
ptolemy.util.test.WatchDog.cancel(): canceling Fri Jan 03 05:41:29 UTC 2020
auto.tcl: Setting watchdog for 200 seconds at Fri Jan 03 05:41:29 UTC 2020
4 ms. Memory: 51200K Free: 30271K (59%)
ptolemy.util.test.WatchDog.cancel(): canceling Fri Jan 03 05:41:29 UTC 2020
------------------ testing $PTII/ptolemy/domains/de/test/auto/CausalityInterface2.xml
auto.tcl: Setting watchdog for 200 seconds at Fri Jan 03 05:41:29 UTC 2020
9 ms. Memory: 51200K Free: 31970K (62%)
ptolemy.util.test.WatchDog.cancel(): canceling Fri Jan 03 05:41:29 UTC 2020
auto.tcl: Setting watchdog for 200 seconds at Fri Jan 03 05:41:29 UTC 2020
2 ms. Memory: 51200K Free: 31265K (61%)
ptolemy.util.test.WatchDog.cancel(): canceling Fri Jan 03 05:41:29 UTC 2020
------------------ testing $PTII/ptolemy/domains/de/test/auto/CausalityInterface3.xml
auto.tcl: Setting watchdog for 200 seconds at Fri Jan 03 05:41:29 UTC 2020
3 ms. Memory: 51200K Free: 31453K (61%)
ptolemy.util.test.WatchDog.cancel(): canceling Fri Jan 03 05:41:29 UTC 2020
auto.tcl: Setting watchdog for 200 seconds at Fri Jan 03 05:41:29 UTC 2020
2 ms. Memory: 51200K Free: 30967K (60%)
ptolemy.util.test.WatchDog.cancel(): canceling Fri Jan 03 05:41:29 UTC 2020
------------------ testing $PTII/ptolemy/domains/de/test/auto/ClockDrift.xml
auto.tcl: Setting watchdog for 200 seconds at Fri Jan 03 05:41:29 UTC 2020
78 ms. Memory: 51200K Free: 24044K (47%)
ptolemy.util.test.WatchDog.cancel(): canceling Fri Jan 03 05:41:29 UTC 2020
auto.tcl: Setting watchdog for 200 seconds at Fri Jan 03 05:41:29 UTC 2020
49 ms. Memory: 51200K Free: 20857K (41%)
ptolemy.util.test.WatchDog.cancel(): canceling Fri Jan 03 05:41:29 UTC 2020
------------------ testing $PTII/ptolemy/domains/de/test/auto/ClockDriftAndValueChange.xml
auto.tcl: Setting watchdog for 200 seconds at Fri Jan 03 05:41:29 UTC 2020
20 ms. Memory: 51200K Free: 24168K (47%)
ptolemy.util.test.WatchDog.cancel(): canceling Fri Jan 03 05:41:29 UTC 2020
auto.tcl: Setting watchdog for 200 seconds at Fri Jan 03 05:41:29 UTC 2020
16 ms. Memory: 51200K Free: 21354K (42%)
ptolemy.util.test.WatchDog.cancel(): canceling Fri Jan 03 05:41:29 UTC 2020
------------------ testing $PTII/ptolemy/domains/de/test/auto/ClockDriftChange.xml
auto.tcl: Setting watchdog for 200 seconds at Fri Jan 03 05:41:29 UTC 2020
20 ms. Memory: 51200K Free: 25961K (51%)
ptolemy.util.test.WatchDog.cancel(): canceling Fri Jan 03 05:41:29 UTC 2020
auto.tcl: Setting watchdog for 200 seconds at Fri Jan 03 05:41:29 UTC 2020
27 ms. Memory: 51200K Free: 23403K (46%)
ptolemy.util.test.WatchDog.cancel(): canceling Fri Jan 03 05:41:29 UTC 2020
------------------ testing $PTII/ptolemy/domains/de/test/auto/ComposableCausalityAnalysis.xml
auto.tcl: Setting watchdog for 200 seconds at Fri Jan 03 05:41:29 UTC 2020
1 ms. Memory: 51200K Free: 30747K (60%)
ptolemy.util.test.WatchDog.cancel(): canceling Fri Jan 03 05:41:29 UTC 2020
auto.tcl: Setting watchdog for 200 seconds at Fri Jan 03 05:41:29 UTC 2020
1 ms. Memory: 51200K Free: 29738K (58%)
ptolemy.util.test.WatchDog.cancel(): canceling Fri Jan 03 05:41:29 UTC 2020
------------------ testing $PTII/ptolemy/domains/de/test/auto/DEFixedPointLimitation.xml
auto.tcl: Setting watchdog for 200 seconds at Fri Jan 03 05:41:29 UTC 2020
4 ms. Memory: 51200K Free: 32125K (63%)
ptolemy.util.test.WatchDog.cancel(): canceling Fri Jan 03 05:41:29 UTC 2020
auto.tcl: Setting watchdog for 200 seconds at Fri Jan 03 05:41:29 UTC 2020
1 ms. Memory: 51200K Free: 31246K (61%)
ptolemy.util.test.WatchDog.cancel(): canceling Fri Jan 03 05:41:29 UTC 2020
------------------ testing $PTII/ptolemy/domains/de/test/auto/DEScheduleTest.xml
auto.tcl: Setting watchdog for 200 seconds at Fri Jan 03 05:41:29 UTC 2020
4 ms. Memory: 51200K Free: 32514K (64%)
ptolemy.util.test.WatchDog.cancel(): canceling Fri Jan 03 05:41:29 UTC 2020
auto.tcl: Setting watchdog for 200 seconds at Fri Jan 03 05:41:29 UTC 2020
3 ms. Memory: 51200K Free: 31749K (62%)
ptolemy.util.test.WatchDog.cancel(): canceling Fri Jan 03 05:41:29 UTC 2020
------------------ testing $PTII/ptolemy/domains/de/test/auto/DEinDEwithStartTimes.xml
auto.tcl: Setting watchdog for 200 seconds at Fri Jan 03 05:41:29 UTC 2020
3 ms. Memory: 51200K Free: 30675K (60%)
ptolemy.util.test.WatchDog.cancel(): canceling Fri Jan 03 05:41:29 UTC 2020
auto.tcl: Setting watchdog for 200 seconds at Fri Jan 03 05:41:29 UTC 2020
4 ms. Memory: 51200K Free: 29803K (58%)
ptolemy.util.test.WatchDog.cancel(): canceling Fri Jan 03 05:41:29 UTC 2020
------------------ testing $PTII/ptolemy/domains/de/test/auto/DEinDEwithStartTimes2.xml
auto.tcl: Setting watchdog for 200 seconds at Fri Jan 03 05:41:29 UTC 2020
4 ms. Memory: 51200K Free: 29783K (58%)
ptolemy.util.test.WatchDog.cancel(): canceling Fri Jan 03 05:41:29 UTC 2020
auto.tcl: Setting watchdog for 200 seconds at Fri Jan 03 05:41:29 UTC 2020
2 ms. Memory: 51200K Free: 28606K (56%)
ptolemy.util.test.WatchDog.cancel(): canceling Fri Jan 03 05:41:29 UTC 2020
------------------ testing $PTII/ptolemy/domains/de/test/auto/DateDemo.xml
auto.tcl: Setting watchdog for 200 seconds at Fri Jan 03 05:41:29 UTC 2020
19 ms. Memory: 51200K Free: 24485K (48%)
ptolemy.util.test.WatchDog.cancel(): canceling Fri Jan 03 05:41:30 UTC 2020
auto.tcl: Setting watchdog for 200 seconds at Fri Jan 03 05:41:30 UTC 2020
7 ms. Memory: 51200K Free: 22574K (44%)
ptolemy.util.test.WatchDog.cancel(): canceling Fri Jan 03 05:41:30 UTC 2020
------------------ testing $PTII/ptolemy/domains/de/test/auto/DateToEvent.xml
auto.tcl: Setting watchdog for 200 seconds at Fri Jan 03 05:41:30 UTC 2020
2012 ms. Memory: 51200K Free: 20170K (39%)
ptolemy.util.test.WatchDog.cancel(): canceling Fri Jan 03 05:41:32 UTC 2020
auto.tcl: Setting watchdog for 200 seconds at Fri Jan 03 05:41:32 UTC 2020
2006 ms. Memory: 51200K Free: 19304K (38%)
ptolemy.util.test.WatchDog.cancel(): canceling Fri Jan 03 05:41:34 UTC 2020
------------------ testing $PTII/ptolemy/domains/de/test/auto/DepthTest1.xml
auto.tcl: Setting watchdog for 200 seconds at Fri Jan 03 05:41:34 UTC 2020
4 ms. Memory: 51200K Free: 33335K (65%)
ptolemy.util.test.WatchDog.cancel(): canceling Fri Jan 03 05:41:34 UTC 2020
auto.tcl: Setting watchdog for 200 seconds at Fri Jan 03 05:41:34 UTC 2020
1 ms. Memory: 51200K Free: 32863K (64%)
ptolemy.util.test.WatchDog.cancel(): canceling Fri Jan 03 05:41:34 UTC 2020
------------------ testing $PTII/ptolemy/domains/de/test/auto/DepthTest2.xml
auto.tcl: Setting watchdog for 200 seconds at Fri Jan 03 05:41:34 UTC 2020
3 ms. Memory: 51200K Free: 30147K (59%)
ptolemy.util.test.WatchDog.cancel(): canceling Fri Jan 03 05:41:34 UTC 2020
auto.tcl: Setting watchdog for 200 seconds at Fri Jan 03 05:41:34 UTC 2020
2 ms. Memory: 51200K Free: 29701K (58%)
ptolemy.util.test.WatchDog.cancel(): canceling Fri Jan 03 05:41:34 UTC 2020
------------------ testing $PTII/ptolemy/domains/de/test/auto/DepthTest3.xml
auto.tcl: Setting watchdog for 200 seconds at Fri Jan 03 05:41:34 UTC 2020
4 ms. Memory: 51200K Free: 33665K (66%)
ptolemy.util.test.WatchDog.cancel(): canceling Fri Jan 03 05:41:34 UTC 2020
auto.tcl: Setting watchdog for 200 seconds at Fri Jan 03 05:41:34 UTC 2020
1 ms. Memory: 51200K Free: 33177K (65%)
ptolemy.util.test.WatchDog.cancel(): canceling Fri Jan 03 05:41:34 UTC 2020
------------------ testing $PTII/ptolemy/domains/de/test/auto/DepthTest4.xml
auto.tcl: Setting watchdog for 200 seconds at Fri Jan 03 05:41:34 UTC 2020
5 ms. Memory: 51200K Free: 31894K (62%)
ptolemy.util.test.WatchDog.cancel(): canceling Fri Jan 03 05:41:34 UTC 2020
auto.tcl: Setting watchdog for 200 seconds at Fri Jan 03 05:41:34 UTC 2020
2 ms. Memory: 51200K Free: 31218K (61%)
ptolemy.util.test.WatchDog.cancel(): canceling Fri Jan 03 05:41:34 UTC 2020
------------------ testing $PTII/ptolemy/domains/de/test/auto/DepthTest5.xml
auto.tcl: Setting watchdog for 200 seconds at Fri Jan 03 05:41:34 UTC 2020
4 ms. Memory: 51200K Free: 31374K (61%)
ptolemy.util.test.WatchDog.cancel(): canceling Fri Jan 03 05:41:34 UTC 2020
auto.tcl: Setting watchdog for 200 seconds at Fri Jan 03 05:41:34 UTC 2020
2 ms. Memory: 51200K Free: 30608K (60%)
ptolemy.util.test.WatchDog.cancel(): canceling Fri Jan 03 05:41:34 UTC 2020
------------------ testing $PTII/ptolemy/domains/de/test/auto/DepthTest6.xml
auto.tcl: Setting watchdog for 200 seconds at Fri Jan 03 05:41:34 UTC 2020
4 ms. Memory: 51200K Free: 31074K (61%)
ptolemy.util.test.WatchDog.cancel(): canceling Fri Jan 03 05:41:34 UTC 2020
auto.tcl: Setting watchdog for 200 seconds at Fri Jan 03 05:41:34 UTC 2020
3 ms. Memory: 51200K Free: 30628K (60%)
ptolemy.util.test.WatchDog.cancel(): canceling Fri Jan 03 05:41:34 UTC 2020
------------------ testing $PTII/ptolemy/domains/de/test/auto/DepthTest7.xml
auto.tcl: Setting watchdog for 200 seconds at Fri Jan 03 05:41:34 UTC 2020
3 ms. Memory: 51200K Free: 31087K (61%)
ptolemy.util.test.WatchDog.cancel(): canceling Fri Jan 03 05:41:34 UTC 2020
auto.tcl: Setting watchdog for 200 seconds at Fri Jan 03 05:41:34 UTC 2020
2 ms. Memory: 51200K Free: 30616K (60%)
ptolemy.util.test.WatchDog.cancel(): canceling Fri Jan 03 05:41:34 UTC 2020
------------------ testing $PTII/ptolemy/domains/de/test/auto/EventToDate.xml
auto.tcl: Setting watchdog for 200 seconds at Fri Jan 03 05:41:34 UTC 2020
3006 ms. Memory: 51200K Free: 22412K (44%)
ptolemy.util.test.WatchDog.cancel(): canceling Fri Jan 03 05:41:37 UTC 2020
auto.tcl: Setting watchdog for 200 seconds at Fri Jan 03 05:41:37 UTC 2020
3004 ms. Memory: 51200K Free: 21954K (43%)
ptolemy.util.test.WatchDog.cancel(): canceling Fri Jan 03 05:41:40 UTC 2020
------------------ testing $PTII/ptolemy/domains/de/test/auto/FSM1.xml
auto.tcl: Setting watchdog for 200 seconds at Fri Jan 03 05:41:40 UTC 2020
20 ms. Memory: 51200K Free: 23863K (47%)
ptolemy.util.test.WatchDog.cancel(): canceling Fri Jan 03 05:41:40 UTC 2020
auto.tcl: Setting watchdog for 200 seconds at Fri Jan 03 05:41:40 UTC 2020
22 ms. Memory: 51200K Free: 20600K (40%)
ptolemy.util.test.WatchDog.cancel(): canceling Fri Jan 03 05:41:40 UTC 2020
------------------ testing $PTII/ptolemy/domains/de/test/auto/FSM7.xml
auto.tcl: Setting watchdog for 200 seconds at Fri Jan 03 05:41:40 UTC 2020
30 ms. Memory: 51200K Free: 23757K (46%)
ptolemy.util.test.WatchDog.cancel(): canceling Fri Jan 03 05:41:40 UTC 2020
auto.tcl: Setting watchdog for 200 seconds at Fri Jan 03 05:41:40 UTC 2020
22 ms. Memory: 51200K Free: 20804K (41%)
ptolemy.util.test.WatchDog.cancel(): canceling Fri Jan 03 05:41:40 UTC 2020
------------------ testing $PTII/ptolemy/domains/de/test/auto/Inspection.xml
auto.tcl: Setting watchdog for 200 seconds at Fri Jan 03 05:41:41 UTC 2020
25 ms. Memory: 51200K Free: 23540K (46%)
ptolemy.util.test.WatchDog.cancel(): canceling Fri Jan 03 05:41:41 UTC 2020
auto.tcl: Setting watchdog for 200 seconds at Fri Jan 03 05:41:41 UTC 2020
22 ms. Memory: 51200K Free: 21857K (43%)
ptolemy.util.test.WatchDog.cancel(): canceling Fri Jan 03 05:41:41 UTC 2020
------------------ testing $PTII/ptolemy/domains/de/test/auto/Iteration.xml
auto.tcl: Setting watchdog for 200 seconds at Fri Jan 03 05:41:41 UTC 2020
8 ms. Memory: 51200K Free: 29107K (57%)
ptolemy.util.test.WatchDog.cancel(): canceling Fri Jan 03 05:41:41 UTC 2020
auto.tcl: Setting watchdog for 200 seconds at Fri Jan 03 05:41:41 UTC 2020
8 ms. Memory: 51200K Free: 27917K (55%)
ptolemy.util.test.WatchDog.cancel(): canceling Fri Jan 03 05:41:41 UTC 2020
------------------ testing $PTII/ptolemy/domains/de/test/auto/LineFault.xml
auto.tcl: Setting watchdog for 200 seconds at Fri Jan 03 05:41:41 UTC 2020
675 ms. Memory: 61440K Free: 23540K (38%)
ptolemy.util.test.WatchDog.cancel(): canceling Fri Jan 03 05:41:42 UTC 2020
auto.tcl: Setting watchdog for 200 seconds at Fri Jan 03 05:41:42 UTC 2020
537 ms. Memory: 61440K Free: 23081K (38%)
ptolemy.util.test.WatchDog.cancel(): canceling Fri Jan 03 05:41:42 UTC 2020
------------------ testing $PTII/ptolemy/domains/de/test/auto/MergeModel1Add.xml
auto.tcl: Setting watchdog for 200 seconds at Fri Jan 03 05:41:42 UTC 2020
19 ms. Memory: 55296K Free: 18881K (34%)
ptolemy.util.test.WatchDog.cancel(): canceling Fri Jan 03 05:41:42 UTC 2020
auto.tcl: Setting watchdog for 200 seconds at Fri Jan 03 05:41:42 UTC 2020
12 ms. Memory: 55296K Free: 17220K (31%)
ptolemy.util.test.WatchDog.cancel(): canceling Fri Jan 03 05:41:42 UTC 2020
------------------ testing $PTII/ptolemy/domains/de/test/auto/MergeModel2Add.xml
auto.tcl: Setting watchdog for 200 seconds at Fri Jan 03 05:41:42 UTC 2020
13 ms. Memory: 55296K Free: 21752K (39%)
ptolemy.util.test.WatchDog.cancel(): canceling Fri Jan 03 05:41:43 UTC 2020
auto.tcl: Setting watchdog for 200 seconds at Fri Jan 03 05:41:43 UTC 2020
10 ms. Memory: 55296K Free: 20092K (36%)
ptolemy.util.test.WatchDog.cancel(): canceling Fri Jan 03 05:41:43 UTC 2020
------------------ testing $PTII/ptolemy/domains/de/test/auto/MergeModel3Add.xml
auto.tcl: Setting watchdog for 200 seconds at Fri Jan 03 05:41:43 UTC 2020
10 ms. Memory: 55296K Free: 22231K (40%)
ptolemy.util.test.WatchDog.cancel(): canceling Fri Jan 03 05:41:43 UTC 2020
auto.tcl: Setting watchdog for 200 seconds at Fri Jan 03 05:41:43 UTC 2020
10 ms. Memory: 55296K Free: 20539K (37%)
ptolemy.util.test.WatchDog.cancel(): canceling Fri Jan 03 05:41:43 UTC 2020
------------------ testing $PTII/ptolemy/domains/de/test/auto/MergeWithoutDiscard.xml
auto.tcl: Setting watchdog for 200 seconds at Fri Jan 03 05:41:43 UTC 2020
2 ms. Memory: 55296K Free: 36373K (66%)
ptolemy.util.test.WatchDog.cancel(): canceling Fri Jan 03 05:41:43 UTC 2020
auto.tcl: Setting watchdog for 200 seconds at Fri Jan 03 05:41:43 UTC 2020
1 ms. Memory: 55296K Free: 35892K (65%)
ptolemy.util.test.WatchDog.cancel(): canceling Fri Jan 03 05:41:43 UTC 2020
------------------ testing $PTII/ptolemy/domains/de/test/auto/Modal1.xml
auto.tcl: Setting watchdog for 200 seconds at Fri Jan 03 05:41:43 UTC 2020
13 ms. Memory: 51200K Free: 24126K (47%)
ptolemy.util.test.WatchDog.cancel(): canceling Fri Jan 03 05:41:43 UTC 2020
auto.tcl: Setting watchdog for 200 seconds at Fri Jan 03 05:41:43 UTC 2020
13 ms. Memory: 51200K Free: 20845K (41%)
ptolemy.util.test.WatchDog.cancel(): canceling Fri Jan 03 05:41:43 UTC 2020
------------------ testing $PTII/ptolemy/domains/de/test/auto/Modal2.xml
auto.tcl: Setting watchdog for 200 seconds at Fri Jan 03 05:41:43 UTC 2020
19 ms. Memory: 51200K Free: 24014K (47%)
ptolemy.util.test.WatchDog.cancel(): canceling Fri Jan 03 05:41:43 UTC 2020
auto.tcl: Setting watchdog for 200 seconds at Fri Jan 03 05:41:43 UTC 2020
18 ms. Memory: 51200K Free: 20742K (41%)
ptolemy.util.test.WatchDog.cancel(): canceling Fri Jan 03 05:41:43 UTC 2020
------------------ testing $PTII/ptolemy/domains/de/test/auto/Modal3.xml
auto.tcl: Setting watchdog for 200 seconds at Fri Jan 03 05:41:43 UTC 2020
16 ms. Memory: 51200K Free: 23658K (46%)
ptolemy.util.test.WatchDog.cancel(): canceling Fri Jan 03 05:41:43 UTC 2020
auto.tcl: Setting watchdog for 200 seconds at Fri Jan 03 05:41:43 UTC 2020
12 ms. Memory: 51200K Free: 20737K (41%)
ptolemy.util.test.WatchDog.cancel(): canceling Fri Jan 03 05:41:43 UTC 2020
------------------ testing $PTII/ptolemy/domains/de/test/auto/Modal4.xml
auto.tcl: Setting watchdog for 200 seconds at Fri Jan 03 05:41:43 UTC 2020
15 ms. Memory: 51200K Free: 22953K (45%)
ptolemy.util.test.WatchDog.cancel(): canceling Fri Jan 03 05:41:43 UTC 2020
auto.tcl: Setting watchdog for 200 seconds at Fri Jan 03 05:41:43 UTC 2020
17 ms. Memory: 51200K Free: 19286K (38%)
ptolemy.util.test.WatchDog.cancel(): canceling Fri Jan 03 05:41:43 UTC 2020
------------------ testing $PTII/ptolemy/domains/de/test/auto/Modal5.xml
auto.tcl: Setting watchdog for 200 seconds at Fri Jan 03 05:41:43 UTC 2020
17 ms. Memory: 51200K Free: 22931K (45%)
ptolemy.util.test.WatchDog.cancel(): canceling Fri Jan 03 05:41:43 UTC 2020
auto.tcl: Setting watchdog for 200 seconds at Fri Jan 03 05:41:43 UTC 2020
16 ms. Memory: 51200K Free: 19134K (37%)
ptolemy.util.test.WatchDog.cancel(): canceling Fri Jan 03 05:41:43 UTC 2020
------------------ testing $PTII/ptolemy/domains/de/test/auto/Modal6.xml
auto.tcl: Setting watchdog for 200 seconds at Fri Jan 03 05:41:43 UTC 2020
19 ms. Memory: 51200K Free: 23465K (46%)
ptolemy.util.test.WatchDog.cancel(): canceling Fri Jan 03 05:41:43 UTC 2020
auto.tcl: Setting watchdog for 200 seconds at Fri Jan 03 05:41:43 UTC 2020
18 ms. Memory: 51200K Free: 19725K (39%)
ptolemy.util.test.WatchDog.cancel(): canceling Fri Jan 03 05:41:43 UTC 2020
------------------ testing $PTII/ptolemy/domains/de/test/auto/Modal7.xml
auto.tcl: Setting watchdog for 200 seconds at Fri Jan 03 05:41:43 UTC 2020
10 ms. Memory: 51200K Free: 22701K (44%)
ptolemy.util.test.WatchDog.cancel(): canceling Fri Jan 03 05:41:43 UTC 2020
auto.tcl: Setting watchdog for 200 seconds at Fri Jan 03 05:41:43 UTC 2020
10 ms. Memory: 51200K Free: 19309K (38%)
ptolemy.util.test.WatchDog.cancel(): canceling Fri Jan 03 05:41:43 UTC 2020
------------------ testing $PTII/ptolemy/domains/de/test/auto/ModalModel.xml
auto.tcl: Setting watchdog for 200 seconds at Fri Jan 03 05:41:43 UTC 2020
178 ms. Memory: 51200K Free: 15914K (31%)
ptolemy.util.test.WatchDog.cancel(): canceling Fri Jan 03 05:41:44 UTC 2020
auto.tcl: Setting watchdog for 200 seconds at Fri Jan 03 05:41:44 UTC 2020
183 ms. Memory: 63488K Free: 23977K (38%)
ptolemy.util.test.WatchDog.cancel(): canceling Fri Jan 03 05:41:44 UTC 2020
------------------ testing $PTII/ptolemy/domains/de/test/auto/ModalSource.xml
auto.tcl: Setting watchdog for 200 seconds at Fri Jan 03 05:41:44 UTC 2020
7 ms. Memory: 55296K Free: 31887K (58%)
ptolemy.util.test.WatchDog.cancel(): canceling Fri Jan 03 05:41:44 UTC 2020
auto.tcl: Setting watchdog for 200 seconds at Fri Jan 03 05:41:44 UTC 2020
5 ms. Memory: 55296K Free: 29984K (54%)
ptolemy.util.test.WatchDog.cancel(): canceling Fri Jan 03 05:41:44 UTC 2020
------------------ testing $PTII/ptolemy/domains/de/test/auto/NonInterruptibleTimerZeroDelay.xml
auto.tcl: Setting watchdog for 200 seconds at Fri Jan 03 05:41:44 UTC 2020
3 ms. Memory: 55296K Free: 36754K (66%)
ptolemy.util.test.WatchDog.cancel(): canceling Fri Jan 03 05:41:44 UTC 2020
auto.tcl: Setting watchdog for 200 seconds at Fri Jan 03 05:41:44 UTC 2020
2 ms. Memory: 55296K Free: 36161K (65%)
ptolemy.util.test.WatchDog.cancel(): canceling Fri Jan 03 05:41:44 UTC 2020
------------------ testing $PTII/ptolemy/domains/de/test/auto/OpenQueueingNetwork.xml
auto.tcl: Setting watchdog for 200 seconds at Fri Jan 03 05:41:44 UTC 2020
2604 ms. Memory: 100352K Free: 42638K (42%)
ptolemy.util.test.WatchDog.cancel(): canceling Fri Jan 03 05:41:47 UTC 2020
auto.tcl: Setting watchdog for 200 seconds at Fri Jan 03 05:41:47 UTC 2020
2212 ms. Memory: 120832K Free: 45174K (37%)
ptolemy.util.test.WatchDog.cancel(): canceling Fri Jan 03 05:41:49 UTC 2020
------------------ testing $PTII/ptolemy/domains/de/test/auto/OpenQueuingNetwork.xml
auto.tcl: Setting watchdog for 200 seconds at Fri Jan 03 05:41:49 UTC 2020
208 ms. Memory: 58368K Free: 30904K (53%)
ptolemy.util.test.WatchDog.cancel(): canceling Fri Jan 03 05:41:49 UTC 2020
auto.tcl: Setting watchdog for 200 seconds at Fri Jan 03 05:41:49 UTC 2020
198 ms. Memory: 58368K Free: 13382K (23%)
ptolemy.util.test.WatchDog.cancel(): canceling Fri Jan 03 05:41:50 UTC 2020
------------------ testing $PTII/ptolemy/domains/de/test/auto/PeriodicSampler.xml
auto.tcl: Setting watchdog for 200 seconds at Fri Jan 03 05:41:50 UTC 2020
2 ms. Memory: 51200K Free: 31938K (62%)
ptolemy.util.test.WatchDog.cancel(): canceling Fri Jan 03 05:41:50 UTC 2020
auto.tcl: Setting watchdog for 200 seconds at Fri Jan 03 05:41:50 UTC 2020
2 ms. Memory: 51200K Free: 31418K (61%)
ptolemy.util.test.WatchDog.cancel(): canceling Fri Jan 03 05:41:50 UTC 2020
------------------ testing $PTII/ptolemy/domains/de/test/auto/PersistentIO.xml
auto.tcl: Setting watchdog for 200 seconds at Fri Jan 03 05:41:50 UTC 2020
17 ms. Memory: 51200K Free: 26864K (52%)
ptolemy.util.test.WatchDog.cancel(): canceling Fri Jan 03 05:41:50 UTC 2020
auto.tcl: Setting watchdog for 200 seconds at Fri Jan 03 05:41:50 UTC 2020
3 ms. Memory: 51200K Free: 25344K (50%)
ptolemy.util.test.WatchDog.cancel(): canceling Fri Jan 03 05:41:50 UTC 2020
------------------ testing $PTII/ptolemy/domains/de/test/auto/PortParameterResetOnInitialize.xml
auto.tcl: Setting watchdog for 200 seconds at Fri Jan 03 05:41:50 UTC 2020
2 ms. Memory: 51200K Free: 32046K (63%)
ptolemy.util.test.WatchDog.cancel(): canceling Fri Jan 03 05:41:50 UTC 2020
auto.tcl: Setting watchdog for 200 seconds at Fri Jan 03 05:41:50 UTC 2020
2 ms. Memory: 51200K Free: 31534K (62%)
ptolemy.util.test.WatchDog.cancel(): canceling Fri Jan 03 05:41:50 UTC 2020
------------------ testing $PTII/ptolemy/domains/de/test/auto/PortParameterUpdates.xml
auto.tcl: Setting watchdog for 200 seconds at Fri Jan 03 05:41:50 UTC 2020
4 ms. Memory: 51200K Free: 29932K (58%)
ptolemy.util.test.WatchDog.cancel(): canceling Fri Jan 03 05:41:50 UTC 2020
auto.tcl: Setting watchdog for 200 seconds at Fri Jan 03 05:41:50 UTC 2020
9 ms. Memory: 51200K Free: 28912K (56%)
ptolemy.util.test.WatchDog.cancel(): canceling Fri Jan 03 05:41:50 UTC 2020
------------------ testing $PTII/ptolemy/domains/de/test/auto/QueueAndServer.xml
auto.tcl: Setting watchdog for 200 seconds at Fri Jan 03 05:41:50 UTC 2020
6 ms. Memory: 51200K Free: 28824K (56%)
ptolemy.util.test.WatchDog.cancel(): canceling Fri Jan 03 05:41:50 UTC 2020
auto.tcl: Setting watchdog for 200 seconds at Fri Jan 03 05:41:50 UTC 2020
6 ms. Memory: 51200K Free: 27351K (53%)
ptolemy.util.test.WatchDog.cancel(): canceling Fri Jan 03 05:41:50 UTC 2020
------------------ testing $PTII/ptolemy/domains/de/test/auto/Records.xml
auto.tcl: Setting watchdog for 200 seconds at Fri Jan 03 05:41:50 UTC 2020
3 ms. Memory: 51200K Free: 31103K (61%)
ptolemy.util.test.WatchDog.cancel(): canceling Fri Jan 03 05:41:50 UTC 2020
auto.tcl: Setting watchdog for 200 seconds at Fri Jan 03 05:41:50 UTC 2020
3 ms. Memory: 51200K Free: 30598K (60%)
ptolemy.util.test.WatchDog.cancel(): canceling Fri Jan 03 05:41:50 UTC 2020
------------------ testing $PTII/ptolemy/domains/de/test/auto/ResetTransitionWithStartTime1.xml
auto.tcl: Setting watchdog for 200 seconds at Fri Jan 03 05:41:50 UTC 2020
7 ms. Memory: 51200K Free: 28347K (55%)
ptolemy.util.test.WatchDog.cancel(): canceling Fri Jan 03 05:41:50 UTC 2020
auto.tcl: Setting watchdog for 200 seconds at Fri Jan 03 05:41:50 UTC 2020
6 ms. Memory: 51200K Free: 25779K (50%)
ptolemy.util.test.WatchDog.cancel(): canceling Fri Jan 03 05:41:50 UTC 2020
------------------ testing $PTII/ptolemy/domains/de/test/auto/ResetTransitionWithStartTime2.xml
auto.tcl: Setting watchdog for 200 seconds at Fri Jan 03 05:41:50 UTC 2020
6 ms. Memory: 51200K Free: 28303K (55%)
ptolemy.util.test.WatchDog.cancel(): canceling Fri Jan 03 05:41:50 UTC 2020
auto.tcl: Setting watchdog for 200 seconds at Fri Jan 03 05:41:50 UTC 2020
6 ms. Memory: 51200K Free: 26255K (51%)
ptolemy.util.test.WatchDog.cancel(): canceling Fri Jan 03 05:41:50 UTC 2020
------------------ testing $PTII/ptolemy/domains/de/test/auto/ResetTransitionWithStartTime3.xml
auto.tcl: Setting watchdog for 200 seconds at Fri Jan 03 05:41:50 UTC 2020
11 ms. Memory: 51200K Free: 28301K (55%)
ptolemy.util.test.WatchDog.cancel(): canceling Fri Jan 03 05:41:50 UTC 2020
auto.tcl: Setting watchdog for 200 seconds at Fri Jan 03 05:41:50 UTC 2020
5 ms. Memory: 51200K Free: 25747K (50%)
ptolemy.util.test.WatchDog.cancel(): canceling Fri Jan 03 05:41:50 UTC 2020
------------------ testing $PTII/ptolemy/domains/de/test/auto/ResetTransitionWithStartTime4.xml
auto.tcl: Setting watchdog for 200 seconds at Fri Jan 03 05:41:50 UTC 2020
10 ms. Memory: 51200K Free: 28741K (56%)
ptolemy.util.test.WatchDog.cancel(): canceling Fri Jan 03 05:41:50 UTC 2020
auto.tcl: Setting watchdog for 200 seconds at Fri Jan 03 05:41:50 UTC 2020
4 ms. Memory: 51200K Free: 27276K (53%)
ptolemy.util.test.WatchDog.cancel(): canceling Fri Jan 03 05:41:50 UTC 2020
------------------ testing $PTII/ptolemy/domains/de/test/auto/ResettableTimer1.xml
auto.tcl: Setting watchdog for 200 seconds at Fri Jan 03 05:41:50 UTC 2020
2 ms. Memory: 51200K Free: 32513K (64%)
ptolemy.util.test.WatchDog.cancel(): canceling Fri Jan 03 05:41:50 UTC 2020
auto.tcl: Setting watchdog for 200 seconds at Fri Jan 03 05:41:50 UTC 2020
2 ms. Memory: 51200K Free: 31855K (62%)
ptolemy.util.test.WatchDog.cancel(): canceling Fri Jan 03 05:41:50 UTC 2020
------------------ testing $PTII/ptolemy/domains/de/test/auto/ResettableTimer2.xml
auto.tcl: Setting watchdog for 200 seconds at Fri Jan 03 05:41:50 UTC 2020
3 ms. Memory: 51200K Free: 32572K (64%)
ptolemy.util.test.WatchDog.cancel(): canceling Fri Jan 03 05:41:50 UTC 2020
auto.tcl: Setting watchdog for 200 seconds at Fri Jan 03 05:41:50 UTC 2020
2 ms. Memory: 51200K Free: 31928K (62%)
ptolemy.util.test.WatchDog.cancel(): canceling Fri Jan 03 05:41:50 UTC 2020
------------------ testing $PTII/ptolemy/domains/de/test/auto/ResettableTimer3.xml
auto.tcl: Setting watchdog for 200 seconds at Fri Jan 03 05:41:50 UTC 2020
2 ms. Memory: 51200K Free: 32852K (64%)
ptolemy.util.test.WatchDog.cancel(): canceling Fri Jan 03 05:41:50 UTC 2020
auto.tcl: Setting watchdog for 200 seconds at Fri Jan 03 05:41:50 UTC 2020
1 ms. Memory: 51200K Free: 31927K (62%)
ptolemy.util.test.WatchDog.cancel(): canceling Fri Jan 03 05:41:50 UTC 2020
------------------ testing $PTII/ptolemy/domains/de/test/auto/ResettableTimer4.xml
auto.tcl: Setting watchdog for 200 seconds at Fri Jan 03 05:41:50 UTC 2020
2 ms. Memory: 51200K Free: 32447K (63%)
ptolemy.util.test.WatchDog.cancel(): canceling Fri Jan 03 05:41:50 UTC 2020
auto.tcl: Setting watchdog for 200 seconds at Fri Jan 03 05:41:50 UTC 2020
1 ms. Memory: 51200K Free: 31933K (62%)
ptolemy.util.test.WatchDog.cancel(): canceling Fri Jan 03 05:41:50 UTC 2020
------------------ testing $PTII/ptolemy/domains/de/test/auto/ResettableTimer5.xml
auto.tcl: Setting watchdog for 200 seconds at Fri Jan 03 05:41:51 UTC 2020
1 ms. Memory: 51200K Free: 32451K (63%)
ptolemy.util.test.WatchDog.cancel(): canceling Fri Jan 03 05:41:51 UTC 2020
auto.tcl: Setting watchdog for 200 seconds at Fri Jan 03 05:41:51 UTC 2020
2 ms. Memory: 51200K Free: 31939K (62%)
ptolemy.util.test.WatchDog.cancel(): canceling Fri Jan 03 05:41:51 UTC 2020
------------------ testing $PTII/ptolemy/domains/de/test/auto/ResettableTimer6.xml
auto.tcl: Setting watchdog for 200 seconds at Fri Jan 03 05:41:51 UTC 2020
2 ms. Memory: 51200K Free: 31922K (62%)
ptolemy.util.test.WatchDog.cancel(): canceling Fri Jan 03 05:41:51 UTC 2020
auto.tcl: Setting watchdog for 200 seconds at Fri Jan 03 05:41:51 UTC 2020
1 ms. Memory: 51200K Free: 31412K (61%)
ptolemy.util.test.WatchDog.cancel(): canceling Fri Jan 03 05:41:51 UTC 2020
------------------ testing $PTII/ptolemy/domains/de/test/auto/ServerZeroDelay.xml
auto.tcl: Setting watchdog for 200 seconds at Fri Jan 03 05:41:51 UTC 2020
3 ms. Memory: 51200K Free: 32427K (63%)
ptolemy.util.test.WatchDog.cancel(): canceling Fri Jan 03 05:41:51 UTC 2020
auto.tcl: Setting watchdog for 200 seconds at Fri Jan 03 05:41:51 UTC 2020
2 ms. Memory: 51200K Free: 31403K (61%)
ptolemy.util.test.WatchDog.cancel(): canceling Fri Jan 03 05:41:51 UTC 2020
------------------ testing $PTII/ptolemy/domains/de/test/auto/SmartSender.xml
auto.tcl: Setting watchdog for 200 seconds at Fri Jan 03 05:41:51 UTC 2020
3001 ms. Memory: 51200K Free: 32422K (63%)
ptolemy.util.test.WatchDog.cancel(): canceling Fri Jan 03 05:41:54 UTC 2020
auto.tcl: Setting watchdog for 200 seconds at Fri Jan 03 05:41:54 UTC 2020
3001 ms. Memory: 51200K Free: 31902K (62%)
ptolemy.util.test.WatchDog.cancel(): canceling Fri Jan 03 05:41:57 UTC 2020
------------------ testing $PTII/ptolemy/domains/de/test/auto/ThreadedComposite.xml
auto.tcl: Setting watchdog for 200 seconds at Fri Jan 03 05:41:57 UTC 2020
176 ms. Memory: 51200K Free: 13490K (26%)
ptolemy.util.test.WatchDog.cancel(): canceling Fri Jan 03 05:41:57 UTC 2020
auto.tcl: Setting watchdog for 200 seconds at Fri Jan 03 05:41:57 UTC 2020
145 ms. Memory: 51200K Free: 28957K (57%)
ptolemy.util.test.WatchDog.cancel(): canceling Fri Jan 03 05:41:57 UTC 2020
------------------ testing $PTII/ptolemy/domains/de/test/auto/Time.xml
auto.tcl: Setting watchdog for 200 seconds at Fri Jan 03 05:41:57 UTC 2020
550 ms. Memory: 51200K Free: 8007K (16%)
ptolemy.util.test.WatchDog.cancel(): canceling Fri Jan 03 05:41:58 UTC 2020
auto.tcl: Setting watchdog for 200 seconds at Fri Jan 03 05:41:58 UTC 2020
627 ms. Memory: 70656K Free: 42318K (60%)
ptolemy.util.test.WatchDog.cancel(): canceling Fri Jan 03 05:41:58 UTC 2020
------------------ testing $PTII/ptolemy/domains/de/test/auto/TimeDelayZeroDelay.xml
auto.tcl: Setting watchdog for 200 seconds at Fri Jan 03 05:41:58 UTC 2020
2 ms. Memory: 55296K Free: 36929K (67%)
ptolemy.util.test.WatchDog.cancel(): canceling Fri Jan 03 05:41:58 UTC 2020
auto.tcl: Setting watchdog for 200 seconds at Fri Jan 03 05:41:58 UTC 2020
2 ms. Memory: 55296K Free: 36080K (65%)
ptolemy.util.test.WatchDog.cancel(): canceling Fri Jan 03 05:41:58 UTC 2020
------------------ testing $PTII/ptolemy/domains/de/test/auto/TimerZeroDelay.xml
auto.tcl: Setting watchdog for 200 seconds at Fri Jan 03 05:41:58 UTC 2020
3 ms. Memory: 51200K Free: 32802K (64%)
ptolemy.util.test.WatchDog.cancel(): canceling Fri Jan 03 05:41:58 UTC 2020
auto.tcl: Setting watchdog for 200 seconds at Fri Jan 03 05:41:58 UTC 2020
2 ms. Memory: 51200K Free: 32029K (63%)
ptolemy.util.test.WatchDog.cancel(): canceling Fri Jan 03 05:41:58 UTC 2020
------------------ testing $PTII/ptolemy/domains/de/test/auto/TimingParadox.xml
auto.tcl: Setting watchdog for 200 seconds at Fri Jan 03 05:41:58 UTC 2020
400 ms. Memory: 51200K Free: 21067K (41%)
ptolemy.util.test.WatchDog.cancel(): canceling Fri Jan 03 05:41:59 UTC 2020
auto.tcl: Setting watchdog for 200 seconds at Fri Jan 03 05:41:59 UTC 2020
380 ms. Memory: 51200K Free: 12739K (25%)
ptolemy.util.test.WatchDog.cancel(): canceling Fri Jan 03 05:41:59 UTC 2020
------------------ testing $PTII/ptolemy/domains/de/test/auto/TransferInputs.xml
auto.tcl: Setting watchdog for 200 seconds at Fri Jan 03 05:41:59 UTC 2020
2 ms. Memory: 51200K Free: 30871K (60%)
ptolemy.util.test.WatchDog.cancel(): canceling Fri Jan 03 05:41:59 UTC 2020
auto.tcl: Setting watchdog for 200 seconds at Fri Jan 03 05:41:59 UTC 2020
1 ms. Memory: 51200K Free: 29996K (59%)
ptolemy.util.test.WatchDog.cancel(): canceling Fri Jan 03 05:41:59 UTC 2020
------------------ testing $PTII/ptolemy/domains/de/test/auto/TransferOutputs2.xml
auto.tcl: Setting watchdog for 200 seconds at Fri Jan 03 05:41:59 UTC 2020
3 ms. Memory: 51200K Free: 28306K (55%)
ptolemy.util.test.WatchDog.cancel(): canceling Fri Jan 03 05:41:59 UTC 2020
auto.tcl: Setting watchdog for 200 seconds at Fri Jan 03 05:41:59 UTC 2020
3 ms. Memory: 51200K Free: 26898K (53%)
ptolemy.util.test.WatchDog.cancel(): canceling Fri Jan 03 05:41:59 UTC 2020
------------------ testing $PTII/ptolemy/domains/de/test/auto/Trilateration.xml
auto.tcl: Setting watchdog for 200 seconds at Fri Jan 03 05:42:00 UTC 2020
11916 ms. Memory: 456704K Free: 228330K (50%)
ptolemy.util.test.WatchDog.cancel(): canceling Fri Jan 03 05:42:12 UTC 2020
auto.tcl: Setting watchdog for 200 seconds at Fri Jan 03 05:42:12 UTC 2020
8918 ms. Memory: 456704K Free: 305921K (67%)
ptolemy.util.test.WatchDog.cancel(): canceling Fri Jan 03 05:42:21 UTC 2020
------------------ testing $PTII/ptolemy/domains/de/test/auto/TwoSigmaDelta.xml
auto.tcl: Setting watchdog for 200 seconds at Fri Jan 03 05:42:21 UTC 2020
2283 ms. Memory: 92160K Free: 25395K (28%)
ptolemy.util.test.WatchDog.cancel(): canceling Fri Jan 03 05:42:24 UTC 2020
auto.tcl: Setting watchdog for 200 seconds at Fri Jan 03 05:42:24 UTC 2020
1579 ms. Memory: 92160K Free: 28495K (31%)
ptolemy.util.test.WatchDog.cancel(): canceling Fri Jan 03 05:42:25 UTC 2020
------------------ testing $PTII/ptolemy/domains/de/test/auto/VariableDelay.xml
auto.tcl: Setting watchdog for 200 seconds at Fri Jan 03 05:42:25 UTC 2020
4 ms. Memory: 55296K Free: 35433K (64%)
ptolemy.util.test.WatchDog.cancel(): canceling Fri Jan 03 05:42:25 UTC 2020
auto.tcl: Setting watchdog for 200 seconds at Fri Jan 03 05:42:25 UTC 2020
2 ms. Memory: 55296K Free: 34439K (62%)
ptolemy.util.test.WatchDog.cancel(): canceling Fri Jan 03 05:42:25 UTC 2020
------------------ testing $PTII/ptolemy/domains/de/test/auto/VariableDelay2.xml
auto.tcl: Setting watchdog for 200 seconds at Fri Jan 03 05:42:25 UTC 2020
3 ms. Memory: 55296K Free: 36026K (65%)
ptolemy.util.test.WatchDog.cancel(): canceling Fri Jan 03 05:42:26 UTC 2020
auto.tcl: Setting watchdog for 200 seconds at Fri Jan 03 05:42:26 UTC 2020
1 ms. Memory: 55296K Free: 35352K (64%)
ptolemy.util.test.WatchDog.cancel(): canceling Fri Jan 03 05:42:26 UTC 2020
------------------ testing $PTII/ptolemy/domains/de/test/auto/VariableDelayZeroDelay.xml
auto.tcl: Setting watchdog for 200 seconds at Fri Jan 03 05:42:26 UTC 2020
3 ms. Memory: 55296K Free: 36374K (66%)
ptolemy.util.test.WatchDog.cancel(): canceling Fri Jan 03 05:42:26 UTC 2020
auto.tcl: Setting watchdog for 200 seconds at Fri Jan 03 05:42:26 UTC 2020
2 ms. Memory: 55296K Free: 35846K (65%)
ptolemy.util.test.WatchDog.cancel(): canceling Fri Jan 03 05:42:26 UTC 2020
------------------ testing $PTII/ptolemy/domains/de/test/auto/VariableDelayZeroDelay2.xml
auto.tcl: Setting watchdog for 200 seconds at Fri Jan 03 05:42:26 UTC 2020
2 ms. Memory: 55296K Free: 36373K (66%)
ptolemy.util.test.WatchDog.cancel(): canceling Fri Jan 03 05:42:26 UTC 2020
auto.tcl: Setting watchdog for 200 seconds at Fri Jan 03 05:42:26 UTC 2020
3 ms. Memory: 55296K Free: 35349K (64%)
ptolemy.util.test.WatchDog.cancel(): canceling Fri Jan 03 05:42:26 UTC 2020
------------------ testing $PTII/ptolemy/domains/de/test/auto/deInCt.xml
auto.tcl: Setting watchdog for 200 seconds at Fri Jan 03 05:42:26 UTC 2020
0
1
1
1
0
0
1
1
0
0
0
1
1
0
0
0
1
1
1
0
0
0
0
1
1
0
0
0
1
1
1
0
0
0
1
1
1
0
0
0
1
1
1
0
0
0
0
1
1
1
0
0
0
1
1
0
0
0
1
1
0
0
0
1
1
1
0
0
0
0
12 ms. Memory: 51200K Free: 31251K (61%)
ptolemy.util.test.WatchDog.cancel(): canceling Fri Jan 03 05:42:26 UTC 2020
auto.tcl: Setting watchdog for 200 seconds at Fri Jan 03 05:42:26 UTC 2020
0
1
1
1
0
0
0
1
1
1
0
0
0
0
1
1
1
0
0
0
1
1
1
0
0
0
0
1
1
1
0
0
0
1
1
0
0
0
1
1
1
0
0
0
0
0
0
6 ms. Memory: 51200K Free: 29699K (58%)
ptolemy.util.test.WatchDog.cancel(): canceling Fri Jan 03 05:42:26 UTC 2020
------------------ testing $PTII/ptolemy/domains/de/test/auto/deInCt2.xml
auto.tcl: Setting watchdog for 200 seconds at Fri Jan 03 05:42:26 UTC 2020
0
1
1
1
0
0
1
1
1
0
0
1
1
1
0
0
1
1
1
0
0
1
1
1
0
0
1
1
1
0
0
1
1
1
0
0
1
1
1
0
0
0
7 ms. Memory: 51200K Free: 31251K (61%)
ptolemy.util.test.WatchDog.cancel(): canceling Fri Jan 03 05:42:26 UTC 2020
auto.tcl: Setting watchdog for 200 seconds at Fri Jan 03 05:42:26 UTC 2020
0
1
1
1
0
0
1
1
1
0
0
1
1
1
0
0
1
1
1
0
0
1
1
1
0
0
1
1
1
0
0
1
1
1
0
0
1
1
1
0
0
0
8 ms. Memory: 51200K Free: 29713K (58%)
ptolemy.util.test.WatchDog.cancel(): canceling Fri Jan 03 05:42:26 UTC 2020
------------------ testing $PTII/ptolemy/domains/de/test/auto/dynamicCausalityInterface1.xml
auto.tcl: Setting watchdog for 200 seconds at Fri Jan 03 05:42:26 UTC 2020
2 ms. Memory: 51200K Free: 26635K (52%)
ptolemy.util.test.WatchDog.cancel(): canceling Fri Jan 03 05:42:26 UTC 2020
auto.tcl: Setting watchdog for 200 seconds at Fri Jan 03 05:42:26 UTC 2020
1 ms. Memory: 51200K Free: 26125K (51%)
ptolemy.util.test.WatchDog.cancel(): canceling Fri Jan 03 05:42:26 UTC 2020
------------------ testing $PTII/ptolemy/domains/de/test/auto/fsm_de_test.xml
auto.tcl: Setting watchdog for 200 seconds at Fri Jan 03 05:42:26 UTC 2020
6 ms. Memory: 51200K Free: 27049K (53%)
ptolemy.util.test.WatchDog.cancel(): canceling Fri Jan 03 05:42:26 UTC 2020
auto.tcl: Setting watchdog for 200 seconds at Fri Jan 03 05:42:26 UTC 2020
4 ms. Memory: 51200K Free: 25001K (49%)
ptolemy.util.test.WatchDog.cancel(): canceling Fri Jan 03 05:42:26 UTC 2020
------------------ testing $PTII/ptolemy/domains/de/test/auto/functionDependencyReconstruction.xml
auto.tcl: Setting watchdog for 200 seconds at Fri Jan 03 05:42:26 UTC 2020
3 ms. Memory: 51200K Free: 20894K (41%)
ptolemy.util.test.WatchDog.cancel(): canceling Fri Jan 03 05:42:26 UTC 2020
auto.tcl: Setting watchdog for 200 seconds at Fri Jan 03 05:42:26 UTC 2020
3 ms. Memory: 51200K Free: 18846K (37%)
ptolemy.util.test.WatchDog.cancel(): canceling Fri Jan 03 05:42:26 UTC 2020
------------------ testing $PTII/ptolemy/domains/de/test/auto/multirate.xml
auto.tcl: Setting watchdog for 200 seconds at Fri Jan 03 05:42:26 UTC 2020
3 ms. Memory: 51200K Free: 29690K (58%)
ptolemy.util.test.WatchDog.cancel(): canceling Fri Jan 03 05:42:26 UTC 2020
auto.tcl: Setting watchdog for 200 seconds at Fri Jan 03 05:42:26 UTC 2020
3 ms. Memory: 51200K Free: 27955K (55%)
ptolemy.util.test.WatchDog.cancel(): canceling Fri Jan 03 05:42:26 UTC 2020
------------------ testing $PTII/ptolemy/domains/de/test/auto/multirate2.xml
auto.tcl: Setting watchdog for 200 seconds at Fri Jan 03 05:42:26 UTC 2020
3 ms. Memory: 51200K Free: 29646K (58%)
ptolemy.util.test.WatchDog.cancel(): canceling Fri Jan 03 05:42:26 UTC 2020
auto.tcl: Setting watchdog for 200 seconds at Fri Jan 03 05:42:26 UTC 2020
2 ms. Memory: 51200K Free: 28126K (55%)
ptolemy.util.test.WatchDog.cancel(): canceling Fri Jan 03 05:42:26 UTC 2020
------------------ testing $PTII/ptolemy/domains/de/test/auto/realtime.xml
auto.tcl: Setting watchdog for 200 seconds at Fri Jan 03 05:42:26 UTC 2020
10002 ms. Memory: 51200K Free: 31931K (62%)
ptolemy.util.test.WatchDog.cancel(): canceling Fri Jan 03 05:42:36 UTC 2020
auto.tcl: Setting watchdog for 200 seconds at Fri Jan 03 05:42:36 UTC 2020
10001 ms. Memory: 51200K Free: 31196K (61%)
ptolemy.util.test.WatchDog.cancel(): canceling Fri Jan 03 05:42:46 UTC 2020
------------------ testing $PTII/ptolemy/domains/de/test/auto/relationGroup.xml
auto.tcl: Setting watchdog for 200 seconds at Fri Jan 03 05:42:46 UTC 2020
2 ms. Memory: 51200K Free: 32981K (64%)
ptolemy.util.test.WatchDog.cancel(): canceling Fri Jan 03 05:42:46 UTC 2020
auto.tcl: Setting watchdog for 200 seconds at Fri Jan 03 05:42:46 UTC 2020
1 ms. Memory: 51200K Free: 32469K (63%)
ptolemy.util.test.WatchDog.cancel(): canceling Fri Jan 03 05:42:46 UTC 2020
------------------ testing $PTII/ptolemy/domains/de/test/auto/relationGroup2.xml
auto.tcl: Setting watchdog for 200 seconds at Fri Jan 03 05:42:46 UTC 2020
1 ms. Memory: 51200K Free: 32813K (64%)
ptolemy.util.test.WatchDog.cancel(): canceling Fri Jan 03 05:42:46 UTC 2020
auto.tcl: Setting watchdog for 200 seconds at Fri Jan 03 05:42:46 UTC 2020
1 ms. Memory: 51200K Free: 31802K (62%)
ptolemy.util.test.WatchDog.cancel(): canceling Fri Jan 03 05:42:46 UTC 2020
------------------ testing $PTII/ptolemy/domains/de/test/auto/sortWithOpaquePorts.xml
auto.tcl: Setting watchdog for 200 seconds at Fri Jan 03 05:42:46 UTC 2020
1 ms. Memory: 51200K Free: 31775K (62%)
ptolemy.util.test.WatchDog.cancel(): canceling Fri Jan 03 05:42:46 UTC 2020
auto.tcl: Setting watchdog for 200 seconds at Fri Jan 03 05:42:46 UTC 2020
2 ms. Memory: 51200K Free: 30751K (60%)
ptolemy.util.test.WatchDog.cancel(): canceling Fri Jan 03 05:42:46 UTC 2020
------------------ testing $PTII/ptolemy/domains/de/test/auto/transferInputsandOutputs.xml
auto.tcl: Setting watchdog for 200 seconds at Fri Jan 03 05:42:46 UTC 2020
2 ms. Memory: 51200K Free: 29219K (57%)
ptolemy.util.test.WatchDog.cancel(): canceling Fri Jan 03 05:42:46 UTC 2020
auto.tcl: Setting watchdog for 200 seconds at Fri Jan 03 05:42:46 UTC 2020
3 ms. Memory: 51200K Free: 28198K (55%)
ptolemy.util.test.WatchDog.cancel(): canceling Fri Jan 03 05:42:46 UTC 2020
------------------ testing $PTII/ptolemy/domains/de/test/auto/triggerType.xml
auto.tcl: Setting watchdog for 200 seconds at Fri Jan 03 05:42:46 UTC 2020
2 ms. Memory: 51200K Free: 32244K (63%)
ptolemy.util.test.WatchDog.cancel(): canceling Fri Jan 03 05:42:46 UTC 2020
auto.tcl: Setting watchdog for 200 seconds at Fri Jan 03 05:42:46 UTC 2020
2 ms. Memory: 51200K Free: 31225K (61%)
ptolemy.util.test.WatchDog.cancel(): canceling Fri Jan 03 05:42:46 UTC 2020
01/03/20 05:42:46
Failed: 0  Total Tests: 192  ((Passed: 187, Newly Passed: 1)  Known Failed: 5) /home/travis/build/icyphy/ptII/ptolemy/domains/de/test
01/03/20 05:42:46
Failed: 0  Total Tests: 192  ((Passed: 187, Newly Passed: 1)  Known Failed: 5) /home/travis/build/icyphy/ptII/ptolemy/domains/de/test
----------------- testing (KnownFailure) /home/travis/build/icyphy/ptII/ptolemy/domains/de/test/auto/knownFailedTests/DESDFClockTest.xml
2012 ms. Memory: 51200K Free: 25639K (50%)
Known Failure: java.lang.reflect.InvocationTargetException
----------------- testing (KnownFailure) /home/travis/build/icyphy/ptII/ptolemy/domains/de/test/auto/knownFailedTests/DirectFeedback.xml
2 ms. Memory: 51200K Free: 22057K (43%)
Known Failure: java.lang.reflect.InvocationTargetException
----------------- testing (KnownFailure) /home/travis/build/icyphy/ptII/ptolemy/domains/de/test/auto/knownFailedTests/FSMSource.xml
14 ms. Memory: 51200K Free: 14361K (28%)
----------------- testing (KnownFailure) /home/travis/build/icyphy/ptII/ptolemy/domains/de/test/auto/knownFailedTests/HierarchicalModel.xml
4 ms. Memory: 51200K Free: 26396K (52%)
Known Failure: java.lang.reflect.InvocationTargetException
----------------- testing (KnownFailure) /home/travis/build/icyphy/ptII/ptolemy/domains/de/test/auto/knownFailedTests/dependencyLoop.xml
2 ms. Memory: 51200K Free: 11028K (22%)
Known Failure: java.lang.reflect.InvocationTargetException
----------------- testing (KnownFailure) /home/travis/build/icyphy/ptII/ptolemy/domains/de/test/auto/knownFailedTests/dependencyLoop2.xml
3 ms. Memory: 51200K Free: 23772K (46%)
Known Failure: java.lang.reflect.InvocationTargetException
No auto/linux-amd64/*.xml tests in /home/travis/build/icyphy/ptII/ptolemy/domains/de/test
AutoTests.java: About to close Vertx.
AutoTests.java: Vertx closed.

===========================================================================================
----------------- testing Fri Jan 03 05:42:49 UTC 2020 /home/travis/build/icyphy/ptII/ptolemy/domains/de/test/auto/ActorDepthCalculation_actorWithoutPorts.xml
----------------- Instantiating /home/travis/build/icyphy/ptII/ptolemy/domains/de/test/auto/ActorDepthCalculation_actorWithoutPorts.xml
2 ms. Memory: 51200K Free: 17191K (34%)
----------------- Invoking toplevel() on ptolemy.moml.MoMLSimpleApplication@18cf1ac9
----------------- Done invoking toplevel() on ptolemy.moml.MoMLSimpleApplication@18cf1ac9
reloadAllAccessors: .ActorDepthCalculation_actorWithoutPorts

===========================================================================================
----------------- testing Fri Jan 03 05:42:49 UTC 2020 /home/travis/build/icyphy/ptII/ptolemy/domains/de/test/auto/AssemblyLine.xml
----------------- Instantiating /home/travis/build/icyphy/ptII/ptolemy/domains/de/test/auto/AssemblyLine.xml
4 ms. Memory: 51200K Free: 9769K (19%)
----------------- Invoking toplevel() on ptolemy.moml.MoMLSimpleApplication@19c00348
----------------- Done invoking toplevel() on ptolemy.moml.MoMLSimpleApplication@19c00348
reloadAllAccessors: .AssemblyLine

===========================================================================================
----------------- testing Fri Jan 03 05:42:49 UTC 2020 /home/travis/build/icyphy/ptII/ptolemy/domains/de/test/auto/CQBug1.xml
----------------- Instantiating /home/travis/build/icyphy/ptII/ptolemy/domains/de/test/auto/CQBug1.xml
1 ms. Memory: 51200K Free: 34515K (67%)
----------------- Invoking toplevel() on ptolemy.moml.MoMLSimpleApplication@1f8a81ca
----------------- Done invoking toplevel() on ptolemy.moml.MoMLSimpleApplication@1f8a81ca
reloadAllAccessors: .CQBug1

===========================================================================================
----------------- testing Fri Jan 03 05:42:49 UTC 2020 /home/travis/build/icyphy/ptII/ptolemy/domains/de/test/auto/CancelFireAt.xml
----------------- Instantiating /home/travis/build/icyphy/ptII/ptolemy/domains/de/test/auto/CancelFireAt.xml
1 ms. Memory: 51200K Free: 31998K (62%)
----------------- Invoking toplevel() on ptolemy.moml.MoMLSimpleApplication@2cd45f30
----------------- Done invoking toplevel() on ptolemy.moml.MoMLSimpleApplication@2cd45f30
reloadAllAccessors: .CancelFireAt

===========================================================================================
----------------- testing Fri Jan 03 05:42:49 UTC 2020 /home/travis/build/icyphy/ptII/ptolemy/domains/de/test/auto/CausalityAndComposabilityAnalysis.xml
----------------- Instantiating /home/travis/build/icyphy/ptII/ptolemy/domains/de/test/auto/CausalityAndComposabilityAnalysis.xml
2 ms. Memory: 51200K Free: 27624K (54%)
----------------- Invoking toplevel() on ptolemy.moml.MoMLSimpleApplication@33d13134
----------------- Done invoking toplevel() on ptolemy.moml.MoMLSimpleApplication@33d13134
reloadAllAccessors: .CausalityAndComposabilityAnalysis

===========================================================================================
----------------- testing Fri Jan 03 05:42:49 UTC 2020 /home/travis/build/icyphy/ptII/ptolemy/domains/de/test/auto/CausalityInterface1.xml
----------------- Instantiating /home/travis/build/icyphy/ptII/ptolemy/domains/de/test/auto/CausalityInterface1.xml
5 ms. Memory: 51200K Free: 22782K (44%)
----------------- Invoking toplevel() on ptolemy.moml.MoMLSimpleApplication@1e0efd10
----------------- Done invoking toplevel() on ptolemy.moml.MoMLSimpleApplication@1e0efd10
reloadAllAccessors: .CausalityInterface1

===========================================================================================
----------------- testing Fri Jan 03 05:42:49 UTC 2020 /home/travis/build/icyphy/ptII/ptolemy/domains/de/test/auto/CausalityInterface15.xml
----------------- Instantiating /home/travis/build/icyphy/ptII/ptolemy/domains/de/test/auto/CausalityInterface15.xml
2 ms. Memory: 51200K Free: 17353K (34%)
----------------- Invoking toplevel() on ptolemy.moml.MoMLSimpleApplication@2ca1ecd8
----------------- Done invoking toplevel() on ptolemy.moml.MoMLSimpleApplication@2ca1ecd8
reloadAllAccessors: .CausalityInterface15

===========================================================================================
----------------- testing Fri Jan 03 05:42:49 UTC 2020 /home/travis/build/icyphy/ptII/ptolemy/domains/de/test/auto/CausalityInterface2.xml
----------------- Instantiating /home/travis/build/icyphy/ptII/ptolemy/domains/de/test/auto/CausalityInterface2.xml
[...]
	at ptolemy.actor.Manager.run(Manager.java:1263)
	at ptolemy.actor.Manager$PtolemyRunThread.run(Manager.java:1933)
java.lang.RuntimeException: Execution failed
	at ptolemy.moml.MoMLSimpleApplication$UnloadThread.run(MoMLSimpleApplication.java:402)
Caused by: ptolemy.kernel.util.IllegalActionException: Actor is not ready to fire.  Perhaps UpSample.prefire() returned false? Try debugging the actor by selecting "Listen to Actor".  Also, for SDF check moml for tokenConsumptionRate on input.
  in .DESDFClockTest.Play Bell.Copy1:SDF Director and .DESDFClockTest.Play Bell.UpSample
	at ptolemy.actor.sched.StaticSchedulingDirector.fire(StaticSchedulingDirector.java:227)
	at ptolemy.domains.sdf.kernel.SDFDirector.fire(SDFDirector.java:500)
	at ptolemy.actor.CompositeActor.fire(CompositeActor.java:455)
	at ptolemy.domains.de.kernel.DEDirector._fire(DEDirector.java:1949)
	at ptolemy.domains.de.kernel.DEDirector.fire(DEDirector.java:502)
	at ptolemy.actor.CompositeActor.fire(CompositeActor.java:455)
	at ptolemy.actor.Manager.iterate(Manager.java:851)
	at ptolemy.actor.Manager.execute(Manager.java:369)
	at ptolemy.actor.Manager.run(Manager.java:1263)
	at ptolemy.actor.Manager$PtolemyRunThread.run(Manager.java:1933)
java.lang.reflect.InvocationTargetException
	at java.base/jdk.internal.reflect.NativeConstructorAccessorImpl.newInstance0(Native Method)
	at java.base/jdk.internal.reflect.NativeConstructorAccessorImpl.newInstance(NativeConstructorAccessorImpl.java:62)
	at java.base/jdk.internal.reflect.DelegatingConstructorAccessorImpl.newInstance(DelegatingConstructorAccessorImpl.java:45)
	at java.base/java.lang.reflect.Constructor.newInstance(Constructor.java:490)
	at ptolemy.util.test.junit.AutoKnownFailedTests.RunModel(AutoKnownFailedTests.java:105)
	at java.base/jdk.internal.reflect.NativeMethodAccessorImpl.invoke0(Native Method)
	at java.base/jdk.internal.reflect.NativeMethodAccessorImpl.invoke(NativeMethodAccessorImpl.java:62)
	at java.base/jdk.internal.reflect.DelegatingMethodAccessorImpl.invoke(DelegatingMethodAccessorImpl.java:43)
	at java.base/java.lang.reflect.Method.invoke(Method.java:566)
	at org.junit.runners.model.FrameworkMethod$1.runReflectiveCall(FrameworkMethod.java:44)
	at org.junit.internal.runners.model.ReflectiveCallable.run(ReflectiveCallable.java:15)
	at org.junit.runners.model.FrameworkMethod.invokeExplosively(FrameworkMethod.java:41)
	at junitparams.internal.InvokeParameterisedMethod.evaluate(InvokeParameterisedMethod.java:102)
	at org.junit.internal.runners.statements.FailOnTimeout$1.run(FailOnTimeout.java:28)
Caused by: ptolemy.kernel.util.IllegalActionException: Actor is not ready to fire.  Perhaps UpSample.prefire() returned false? Try debugging the actor by selecting "Listen to Actor".  Also, for SDF check moml for tokenConsumptionRate on input.
  in .DESDFClockTest.Play Bell.Copy1:SDF Director and .DESDFClockTest.Play Bell.UpSample
	at ptolemy.actor.sched.StaticSchedulingDirector.fire(StaticSchedulingDirector.java:227)
	at ptolemy.domains.sdf.kernel.SDFDirector.fire(SDFDirector.java:500)
	at ptolemy.actor.CompositeActor.fire(CompositeActor.java:455)
	at ptolemy.domains.de.kernel.DEDirector._fire(DEDirector.java:1949)
	at ptolemy.domains.de.kernel.DEDirector.fire(DEDirector.java:502)
	at ptolemy.actor.CompositeActor.fire(CompositeActor.java:455)
	at ptolemy.actor.Manager.iterate(Manager.java:851)
	at ptolemy.actor.Manager.execute(Manager.java:369)
	at ptolemy.actor.Manager.run(Manager.java:1263)
	at ptolemy.actor.Manager$PtolemyRunThread.run(Manager.java:1933)
java.lang.RuntimeException: Execution failed
	at ptolemy.moml.MoMLSimpleApplication$UnloadThread.run(MoMLSimpleApplication.java:402)
Caused by: ptolemy.kernel.util.IllegalActionException: Test fails in iteration 1.
Value was: 1.0. Should have been: 2.0
  in .DirectFeedback.Test
	at ptolemy.actor.lib.Test.fire(Test.java:268)
	at ptolemy.domains.de.kernel.DEDirector._fire(DEDirector.java:1949)
	at ptolemy.domains.de.kernel.DEDirector.fire(DEDirector.java:502)
	at ptolemy.actor.CompositeActor.fire(CompositeActor.java:455)
	at ptolemy.actor.Manager.iterate(Manager.java:851)
	at ptolemy.actor.Manager.execute(Manager.java:369)
	at ptolemy.actor.Manager.run(Manager.java:1263)
	at ptolemy.actor.Manager$PtolemyRunThread.run(Manager.java:1933)
java.lang.reflect.InvocationTargetException
	at java.base/jdk.internal.reflect.NativeConstructorAccessorImpl.newInstance0(Native Method)
	at java.base/jdk.internal.reflect.NativeConstructorAccessorImpl.newInstance(NativeConstructorAccessorImpl.java:62)
	at java.base/jdk.internal.reflect.DelegatingConstructorAccessorImpl.newInstance(DelegatingConstructorAccessorImpl.java:45)
	at java.base/java.lang.reflect.Constructor.newInstance(Constructor.java:490)
	at ptolemy.util.test.junit.AutoKnownFailedTests.RunModel(AutoKnownFailedTests.java:105)
	at java.base/jdk.internal.reflect.NativeMethodAccessorImpl.invoke0(Native Method)
	at java.base/jdk.internal.reflect.NativeMethodAccessorImpl.invoke(NativeMethodAccessorImpl.java:62)
	at java.base/jdk.internal.reflect.DelegatingMethodAccessorImpl.invoke(DelegatingMethodAccessorImpl.java:43)
	at java.base/java.lang.reflect.Method.invoke(Method.java:566)
	at org.junit.runners.model.FrameworkMethod$1.runReflectiveCall(FrameworkMethod.java:44)
	at org.junit.internal.runners.model.ReflectiveCallable.run(ReflectiveCallable.java:15)
	at org.junit.runners.model.FrameworkMethod.invokeExplosively(FrameworkMethod.java:41)
	at junitparams.internal.InvokeParameterisedMethod.evaluate(InvokeParameterisedMethod.java:102)
	at org.junit.internal.runners.statements.FailOnTimeout$1.run(FailOnTimeout.java:28)
Caused by: ptolemy.kernel.util.IllegalActionException: Test fails in iteration 1.
Value was: 1.0. Should have been: 2.0
  in .DirectFeedback.Test
	at ptolemy.actor.lib.Test.fire(Test.java:268)
	at ptolemy.domains.de.kernel.DEDirector._fire(DEDirector.java:1949)
	at ptolemy.domains.de.kernel.DEDirector.fire(DEDirector.java:502)
	at ptolemy.actor.CompositeActor.fire(CompositeActor.java:455)
	at ptolemy.actor.Manager.iterate(Manager.java:851)
	at ptolemy.actor.Manager.execute(Manager.java:369)
	at ptolemy.actor.Manager.run(Manager.java:1263)
	at ptolemy.actor.Manager$PtolemyRunThread.run(Manager.java:1933)
java.lang.RuntimeException: Execution failed
	at ptolemy.moml.MoMLSimpleApplication$UnloadThread.run(MoMLSimpleApplication.java:402)
Caused by: ptolemy.kernel.util.IllegalActionException: Found a zero delay loop containing .HierarchicalModel.A
  in .HierarchicalModel and .HierarchicalModel.A
	at ptolemy.actor.util.CausalityInterfaceForComposites._computeOutputPortDepth(CausalityInterfaceForComposites.java:759)
	at ptolemy.actor.util.CausalityInterfaceForComposites._computeInputDepth(CausalityInterfaceForComposites.java:696)
	at ptolemy.actor.util.CausalityInterfaceForComposites._computeOutputPortDepth(CausalityInterfaceForComposites.java:765)
	at ptolemy.actor.util.CausalityInterfaceForComposites._computeInputDepth(CausalityInterfaceForComposites.java:696)
	at ptolemy.actor.util.CausalityInterfaceForComposites._computeOutputPortDepth(CausalityInterfaceForComposites.java:765)
	at ptolemy.actor.util.CausalityInterfaceForComposites._computeInputDepth(CausalityInterfaceForComposites.java:696)
	at ptolemy.actor.util.CausalityInterfaceForComposites._computeActorDepth(CausalityInterfaceForComposites.java:532)
	at ptolemy.actor.util.CausalityInterfaceForComposites.checkForCycles(CausalityInterfaceForComposites.java:96)
	at ptolemy.domains.de.kernel.DEDirector.preinitialize(DEDirector.java:1338)
	at ptolemy.actor.CompositeActor.preinitialize(CompositeActor.java:1828)
	at ptolemy.actor.Manager.preinitializeAndResolveTypes(Manager.java:1040)
	at ptolemy.actor.Manager.initialize(Manager.java:710)
	at ptolemy.actor.Manager.execute(Manager.java:356)
	at ptolemy.actor.Manager.run(Manager.java:1263)
	at ptolemy.actor.Manager$PtolemyRunThread.run(Manager.java:1933)
java.lang.reflect.InvocationTargetException
	at java.base/jdk.internal.reflect.NativeConstructorAccessorImpl.newInstance0(Native Method)
	at java.base/jdk.internal.reflect.NativeConstructorAccessorImpl.newInstance(NativeConstructorAccessorImpl.java:62)
	at java.base/jdk.internal.reflect.DelegatingConstructorAccessorImpl.newInstance(DelegatingConstructorAccessorImpl.java:45)
	at java.base/java.lang.reflect.Constructor.newInstance(Constructor.java:490)
	at ptolemy.util.test.junit.AutoKnownFailedTests.RunModel(AutoKnownFailedTests.java:105)
	at java.base/jdk.internal.reflect.NativeMethodAccessorImpl.invoke0(Native Method)
	at java.base/jdk.internal.reflect.NativeMethodAccessorImpl.invoke(NativeMethodAccessorImpl.java:62)
	at java.base/jdk.internal.reflect.DelegatingMethodAccessorImpl.invoke(DelegatingMethodAccessorImpl.java:43)
	at java.base/java.lang.reflect.Method.invoke(Method.java:566)
	at org.junit.runners.model.FrameworkMethod$1.runReflectiveCall(FrameworkMethod.java:44)
	at org.junit.internal.runners.model.ReflectiveCallable.run(ReflectiveCallable.java:15)
	at org.junit.runners.model.FrameworkMethod.invokeExplosively(FrameworkMethod.java:41)
	at junitparams.internal.InvokeParameterisedMethod.evaluate(InvokeParameterisedMethod.java:102)
	at org.junit.internal.runners.statements.FailOnTimeout$1.run(FailOnTimeout.java:28)
Caused by: ptolemy.kernel.util.IllegalActionException: Found a zero delay loop containing .HierarchicalModel.A
  in .HierarchicalModel and .HierarchicalModel.A
	at ptolemy.actor.util.CausalityInterfaceForComposites._computeOutputPortDepth(CausalityInterfaceForComposites.java:759)
	at ptolemy.actor.util.CausalityInterfaceForComposites._computeInputDepth(CausalityInterfaceForComposites.java:696)
	at ptolemy.actor.util.CausalityInterfaceForComposites._computeOutputPortDepth(CausalityInterfaceForComposites.java:765)
	at ptolemy.actor.util.CausalityInterfaceForComposites._computeInputDepth(CausalityInterfaceForComposites.java:696)
	at ptolemy.actor.util.CausalityInterfaceForComposites._computeOutputPortDepth(CausalityInterfaceForComposites.java:765)
	at ptolemy.actor.util.CausalityInterfaceForComposites._computeInputDepth(CausalityInterfaceForComposites.java:696)
	at ptolemy.actor.util.CausalityInterfaceForComposites._computeActorDepth(CausalityInterfaceForComposites.java:532)
	at ptolemy.actor.util.CausalityInterfaceForComposites.checkForCycles(CausalityInterfaceForComposites.java:96)
	at ptolemy.domains.de.kernel.DEDirector.preinitialize(DEDirector.java:1338)
	at ptolemy.actor.CompositeActor.preinitialize(CompositeActor.java:1828)
	at ptolemy.actor.Manager.preinitializeAndResolveTypes(Manager.java:1040)
	at ptolemy.actor.Manager.initialize(Manager.java:710)
	at ptolemy.actor.Manager.execute(Manager.java:356)
	at ptolemy.actor.Manager.run(Manager.java:1263)
	at ptolemy.actor.Manager$PtolemyRunThread.run(Manager.java:1933)
java.lang.RuntimeException: Execution failed
	at ptolemy.moml.MoMLSimpleApplication$UnloadThread.run(MoMLSimpleApplication.java:402)
Caused by: ptolemy.kernel.util.IllegalActionException: Found a zero delay loop containing .dependencyLoop.original
  in .dependencyLoop and .dependencyLoop.original
	at ptolemy.actor.util.CausalityInterfaceForComposites._computeOutputPortDepth(CausalityInterfaceForComposites.java:759)
	at ptolemy.actor.util.CausalityInterfaceForComposites._computeInputDepth(CausalityInterfaceForComposites.java:696)
	at ptolemy.actor.util.CausalityInterfaceForComposites._computeOutputPortDepth(CausalityInterfaceForComposites.java:765)
	at ptolemy.actor.util.CausalityInterfaceForComposites._computeInputDepth(CausalityInterfaceForComposites.java:696)
	at ptolemy.actor.util.CausalityInterfaceForComposites._computeOutputPortDepth(CausalityInterfaceForComposites.java:765)
	at ptolemy.actor.util.CausalityInterfaceForComposites._computeInputDepth(CausalityInterfaceForComposites.java:696)
	at ptolemy.actor.util.CausalityInterfaceForComposites._computeActorDepth(CausalityInterfaceForComposites.java:532)
	at ptolemy.actor.util.CausalityInterfaceForComposites.checkForCycles(CausalityInterfaceForComposites.java:96)
	at ptolemy.domains.de.kernel.DEDirector.preinitialize(DEDirector.java:1338)
	at ptolemy.actor.CompositeActor.preinitialize(CompositeActor.java:1828)
	at ptolemy.actor.Manager.preinitializeAndResolveTypes(Manager.java:1040)
	at ptolemy.actor.Manager.initialize(Manager.java:710)
	at ptolemy.actor.Manager.execute(Manager.java:356)
	at ptolemy.actor.Manager.run(Manager.java:1263)
	at ptolemy.actor.Manager$PtolemyRunThread.run(Manager.java:1933)
java.lang.reflect.InvocationTargetException
	at java.base/jdk.internal.reflect.NativeConstructorAccessorImpl.newInstance0(Native Method)
	at java.base/jdk.internal.reflect.NativeConstructorAccessorImpl.newInstance(NativeConstructorAccessorImpl.java:62)
	at java.base/jdk.internal.reflect.DelegatingConstructorAccessorImpl.newInstance(DelegatingConstructorAccessorImpl.java:45)
	at java.base/java.lang.reflect.Constructor.newInstance(Constructor.java:490)
	at ptolemy.util.test.junit.AutoKnownFailedTests.RunModel(AutoKnownFailedTests.java:105)
	at java.base/jdk.internal.reflect.NativeMethodAccessorImpl.invoke0(Native Method)
	at java.base/jdk.internal.reflect.NativeMethodAccessorImpl.invoke(NativeMethodAccessorImpl.java:62)
	at java.base/jdk.internal.reflect.DelegatingMethodAccessorImpl.invoke(DelegatingMethodAccessorImpl.java:43)
	at java.base/java.lang.reflect.Method.invoke(Method.java:566)
	at org.junit.runners.model.FrameworkMethod$1.runReflectiveCall(FrameworkMethod.java:44)
	at org.junit.internal.runners.model.ReflectiveCallable.run(ReflectiveCallable.java:15)
	at org.junit.runners.model.FrameworkMethod.invokeExplosively(FrameworkMethod.java:41)
	at junitparams.internal.InvokeParameterisedMethod.evaluate(InvokeParameterisedMethod.java:102)
	at org.junit.internal.runners.statements.FailOnTimeout$1.run(FailOnTimeout.java:28)
Caused by: ptolemy.kernel.util.IllegalActionException: Found a zero delay loop containing .dependencyLoop.original
  in .dependencyLoop and .dependencyLoop.original
	at ptolemy.actor.util.CausalityInterfaceForComposites._computeOutputPortDepth(CausalityInterfaceForComposites.java:759)
	at ptolemy.actor.util.CausalityInterfaceForComposites._computeInputDepth(CausalityInterfaceForComposites.java:696)
	at ptolemy.actor.util.CausalityInterfaceForComposites._computeOutputPortDepth(CausalityInterfaceForComposites.java:765)
	at ptolemy.actor.util.CausalityInterfaceForComposites._computeInputDepth(CausalityInterfaceForComposites.java:696)
	at ptolemy.actor.util.CausalityInterfaceForComposites._computeOutputPortDepth(CausalityInterfaceForComposites.java:765)
	at ptolemy.actor.util.CausalityInterfaceForComposites._computeInputDepth(CausalityInterfaceForComposites.java:696)
	at ptolemy.actor.util.CausalityInterfaceForComposites._computeActorDepth(CausalityInterfaceForComposites.java:532)
	at ptolemy.actor.util.CausalityInterfaceForComposites.checkForCycles(CausalityInterfaceForComposites.java:96)
	at ptolemy.domains.de.kernel.DEDirector.preinitialize(DEDirector.java:1338)
	at ptolemy.actor.CompositeActor.preinitialize(CompositeActor.java:1828)
	at ptolemy.actor.Manager.preinitializeAndResolveTypes(Manager.java:1040)
	at ptolemy.actor.Manager.initialize(Manager.java:710)
	at ptolemy.actor.Manager.execute(Manager.java:356)
	at ptolemy.actor.Manager.run(Manager.java:1263)
	at ptolemy.actor.Manager$PtolemyRunThread.run(Manager.java:1933)
java.lang.RuntimeException: Execution failed
	at ptolemy.moml.MoMLSimpleApplication$UnloadThread.run(MoMLSimpleApplication.java:402)
Caused by: ptolemy.kernel.util.IllegalActionException: Found a zero delay loop containing .dependencyLoop2.original
  in .dependencyLoop2 and .dependencyLoop2.original
	at ptolemy.actor.util.CausalityInterfaceForComposites._computeOutputPortDepth(CausalityInterfaceForComposites.java:759)
	at ptolemy.actor.util.CausalityInterfaceForComposites._computeInputDepth(CausalityInterfaceForComposites.java:696)
	at ptolemy.actor.util.CausalityInterfaceForComposites._computeOutputPortDepth(CausalityInterfaceForComposites.java:765)
	at ptolemy.actor.util.CausalityInterfaceForComposites._computeInputDepth(CausalityInterfaceForComposites.java:696)
	at ptolemy.actor.util.CausalityInterfaceForComposites._computeOutputPortDepth(CausalityInterfaceForComposites.java:765)
	at ptolemy.actor.util.CausalityInterfaceForComposites._computeInputDepth(CausalityInterfaceForComposites.java:696)
	at ptolemy.actor.util.CausalityInterfaceForComposites._computeActorDepth(CausalityInterfaceForComposites.java:532)
	at ptolemy.actor.util.CausalityInterfaceForComposites.checkForCycles(CausalityInterfaceForComposites.java:96)
	at ptolemy.domains.de.kernel.DEDirector.preinitialize(DEDirector.java:1338)
	at ptolemy.actor.CompositeActor.preinitialize(CompositeActor.java:1828)
	at ptolemy.actor.Manager.preinitializeAndResolveTypes(Manager.java:1040)
	at ptolemy.actor.Manager.initialize(Manager.java:710)
	at ptolemy.actor.Manager.execute(Manager.java:356)
	at ptolemy.actor.Manager.run(Manager.java:1263)
	at ptolemy.actor.Manager$PtolemyRunThread.run(Manager.java:1933)
java.lang.reflect.InvocationTargetException
	at java.base/jdk.internal.reflect.NativeConstructorAccessorImpl.newInstance0(Native Method)
	at java.base/jdk.internal.reflect.NativeConstructorAccessorImpl.newInstance(NativeConstructorAccessorImpl.java:62)
	at java.base/jdk.internal.reflect.DelegatingConstructorAccessorImpl.newInstance(DelegatingConstructorAccessorImpl.java:45)
	at java.base/java.lang.reflect.Constructor.newInstance(Constructor.java:490)
	at ptolemy.util.test.junit.AutoKnownFailedTests.RunModel(AutoKnownFailedTests.java:105)
	at java.base/jdk.internal.reflect.NativeMethodAccessorImpl.invoke0(Native Method)
	at java.base/jdk.internal.reflect.NativeMethodAccessorImpl.invoke(NativeMethodAccessorImpl.java:62)
	at java.base/jdk.internal.reflect.DelegatingMethodAccessorImpl.invoke(DelegatingMethodAccessorImpl.java:43)
	at java.base/java.lang.reflect.Method.invoke(Method.java:566)
	at org.junit.runners.model.FrameworkMethod$1.runReflectiveCall(FrameworkMethod.java:44)
	at org.junit.internal.runners.model.ReflectiveCallable.run(ReflectiveCallable.java:15)
	at org.junit.runners.model.FrameworkMethod.invokeExplosively(FrameworkMethod.java:41)
	at junitparams.internal.InvokeParameterisedMethod.evaluate(InvokeParameterisedMethod.java:102)
	at org.junit.internal.runners.statements.FailOnTimeout$1.run(FailOnTimeout.java:28)
Caused by: ptolemy.kernel.util.IllegalActionException: Found a zero delay loop containing .dependencyLoop2.original
  in .dependencyLoop2 and .dependencyLoop2.original
	at ptolemy.actor.util.CausalityInterfaceForComposites._computeOutputPortDepth(CausalityInterfaceForComposites.java:759)
	at ptolemy.actor.util.CausalityInterfaceForComposites._computeInputDepth(CausalityInterfaceForComposites.java:696)
	at ptolemy.actor.util.CausalityInterfaceForComposites._computeOutputPortDepth(CausalityInterfaceForComposites.java:765)
	at ptolemy.actor.util.CausalityInterfaceForComposites._computeInputDepth(CausalityInterfaceForComposites.java:696)
	at ptolemy.actor.util.CausalityInterfaceForComposites._computeOutputPortDepth(CausalityInterfaceForComposites.java:765)
	at ptolemy.actor.util.CausalityInterfaceForComposites._computeInputDepth(CausalityInterfaceForComposites.java:696)
	at ptolemy.actor.util.CausalityInterfaceForComposites._computeActorDepth(CausalityInterfaceForComposites.java:532)
	at ptolemy.actor.util.CausalityInterfaceForComposites.checkForCycles(CausalityInterfaceForComposites.java:96)
	at ptolemy.domains.de.kernel.DEDirector.preinitialize(DEDirector.java:1338)
	at ptolemy.actor.CompositeActor.preinitialize(CompositeActor.java:1828)
	at ptolemy.actor.Manager.preinitializeAndResolveTypes(Manager.java:1040)
	at ptolemy.actor.Manager.initialize(Manager.java:710)
	at ptolemy.actor.Manager.execute(Manager.java:356)
	at ptolemy.actor.Manager.run(Manager.java:1263)
	at ptolemy.actor.Manager$PtolemyRunThread.run(Manager.java:1933)
]]></system-err>
</testsuite>
