<?xml version="1.0" encoding="UTF-8" ?>
<testsuite errors="0" failures="0" hostname="travis-job-80ccb31b-9ea3-4992-8522-034b39bcd4dc" name="ptolemy.actor.lib.hoc.test.junit.JUnitTclTest" skipped="0" tests="58" time="24.118" timestamp="2019-02-18T03:29:47">
  <properties>
[...]
</properties>
  <testcase classname="ptolemy.util.test.junit.TclTests" name="[0] /home/travis/build/icyphy/ptII/ptolemy/actor/lib/hoc/test/IterateOverArray.tcl (RunTclFile)" time="0.255" />
  <testcase classname="ptolemy.util.test.junit.AutoKnownFailedTests" name="[0] /home/travis/build/icyphy/ptII/ptolemy/actor/lib/hoc/test/auto/knownFailedTests/PreinitializeMustBeInvokedRunComposite.xml (RunModel)" time="0.211" />
  <testcase classname="ptolemy.util.test.junit.AutoNameArchTests" name="[0] ThereAreNoAutoArchTests (RunModel)" time="0.0" />
  <testcase classname="ptolemy.util.test.junit.AutoTests" name="[0] /home/travis/build/icyphy/ptII/ptolemy/actor/lib/hoc/test/auto/AllToAllMultiInstanceComposite.xml (RunModel)" time="0.324" />
  <testcase classname="ptolemy.util.test.junit.AutoTests" name="[1] /home/travis/build/icyphy/ptII/ptolemy/actor/lib/hoc/test/auto/ApplyFFTTest.xml (RunModel)" time="0.19" />
  <testcase classname="ptolemy.util.test.junit.AutoTests" name="[2] /home/travis/build/icyphy/ptII/ptolemy/actor/lib/hoc/test/auto/ApplyFunction.xml (RunModel)" time="0.022" />
  <testcase classname="ptolemy.util.test.junit.AutoTests" name="[3] /home/travis/build/icyphy/ptII/ptolemy/actor/lib/hoc/test/auto/BackgroundExecution.xml (RunModel)" time="0.708" />
  <testcase classname="ptolemy.util.test.junit.AutoTests" name="[4] /home/travis/build/icyphy/ptII/ptolemy/actor/lib/hoc/test/auto/Case.xml (RunModel)" time="0.049" />
  <testcase classname="ptolemy.util.test.junit.AutoTests" name="[5] /home/travis/build/icyphy/ptII/ptolemy/actor/lib/hoc/test/auto/Case1.xml (RunModel)" time="0.071" />
  <testcase classname="ptolemy.util.test.junit.AutoTests" name="[6] /home/travis/build/icyphy/ptII/ptolemy/actor/lib/hoc/test/auto/Case2.xml (RunModel)" time="0.12" />
  <testcase classname="ptolemy.util.test.junit.AutoTests" name="[7] /home/travis/build/icyphy/ptII/ptolemy/actor/lib/hoc/test/auto/Case3.xml (RunModel)" time="0.068" />
  <testcase classname="ptolemy.util.test.junit.AutoTests" name="[8] /home/travis/build/icyphy/ptII/ptolemy/actor/lib/hoc/test/auto/Case4.xml (RunModel)" time="0.054" />
  <testcase classname="ptolemy.util.test.junit.AutoTests" name="[9] /home/travis/build/icyphy/ptII/ptolemy/actor/lib/hoc/test/auto/Case5.xml (RunModel)" time="0.078" />
  <testcase classname="ptolemy.util.test.junit.AutoTests" name="[10] /home/travis/build/icyphy/ptII/ptolemy/actor/lib/hoc/test/auto/Case6.xml (RunModel)" time="0.104" />
  <testcase classname="ptolemy.util.test.junit.AutoTests" name="[11] /home/travis/build/icyphy/ptII/ptolemy/actor/lib/hoc/test/auto/CaseString2.xml (RunModel)" time="0.032" />
  <testcase classname="ptolemy.util.test.junit.AutoTests" name="[12] /home/travis/build/icyphy/ptII/ptolemy/actor/lib/hoc/test/auto/CatchUpComposite1.xml (RunModel)" time="0.084" />
  <testcase classname="ptolemy.util.test.junit.AutoTests" name="[13] /home/travis/build/icyphy/ptII/ptolemy/actor/lib/hoc/test/auto/CatchUpComposite2.xml (RunModel)" time="0.033" />
  <testcase classname="ptolemy.util.test.junit.AutoTests" name="[14] /home/travis/build/icyphy/ptII/ptolemy/actor/lib/hoc/test/auto/CatchUpComposite3.xml (RunModel)" time="0.048" />
  <testcase classname="ptolemy.util.test.junit.AutoTests" name="[15] /home/travis/build/icyphy/ptII/ptolemy/actor/lib/hoc/test/auto/CatchUpComposite4.xml (RunModel)" time="0.065" />
  <testcase classname="ptolemy.util.test.junit.AutoTests" name="[16] /home/travis/build/icyphy/ptII/ptolemy/actor/lib/hoc/test/auto/CatchUpComposite5.xml (RunModel)" time="0.038" />
  <testcase classname="ptolemy.util.test.junit.AutoTests" name="[17] /home/travis/build/icyphy/ptII/ptolemy/actor/lib/hoc/test/auto/CatchUpComposite6.xml (RunModel)" time="0.152" />
  <testcase classname="ptolemy.util.test.junit.AutoTests" name="[18] /home/travis/build/icyphy/ptII/ptolemy/actor/lib/hoc/test/auto/CatchUpComposite7.xml (RunModel)" time="0.09" />
  <testcase classname="ptolemy.util.test.junit.AutoTests" name="[19] /home/travis/build/icyphy/ptII/ptolemy/actor/lib/hoc/test/auto/ConcurrentExecutionTimeSDF.xml (RunModel)" time="1.63" />
  <testcase classname="ptolemy.util.test.junit.AutoTests" name="[20] /home/travis/build/icyphy/ptII/ptolemy/actor/lib/hoc/test/auto/ConcurrentSleep.xml (RunModel)" time="0.774" />
  <testcase classname="ptolemy.util.test.junit.AutoTests" name="[21] /home/travis/build/icyphy/ptII/ptolemy/actor/lib/hoc/test/auto/DEInPNInRunCompositeActor.xml (RunModel)" time="0.033" />
  <testcase classname="ptolemy.util.test.junit.AutoTests" name="[22] /home/travis/build/icyphy/ptII/ptolemy/actor/lib/hoc/test/auto/DFTSubSetTest.xml (RunModel)" time="0.271" />
  <testcase classname="ptolemy.util.test.junit.AutoTests" name="[23] /home/travis/build/icyphy/ptII/ptolemy/actor/lib/hoc/test/auto/HocDE.xml (RunModel)" time="0.163" />
  <testcase classname="ptolemy.util.test.junit.AutoTests" name="[24] /home/travis/build/icyphy/ptII/ptolemy/actor/lib/hoc/test/auto/IterateOverArray.xml (RunModel)" time="0.024" />
  <testcase classname="ptolemy.util.test.junit.AutoTests" name="[25] /home/travis/build/icyphy/ptII/ptolemy/actor/lib/hoc/test/auto/IterateOverArray10.xml (RunModel)" time="0.022" />
  <testcase classname="ptolemy.util.test.junit.AutoTests" name="[26] /home/travis/build/icyphy/ptII/ptolemy/actor/lib/hoc/test/auto/IterateOverArray11.xml (RunModel)" time="0.037" />
  <testcase classname="ptolemy.util.test.junit.AutoTests" name="[27] /home/travis/build/icyphy/ptII/ptolemy/actor/lib/hoc/test/auto/IterateOverArray12.xml (RunModel)" time="0.036" />
  <testcase classname="ptolemy.util.test.junit.AutoTests" name="[28] /home/travis/build/icyphy/ptII/ptolemy/actor/lib/hoc/test/auto/IterateOverArray13.xml (RunModel)" time="0.13" />
  <testcase classname="ptolemy.util.test.junit.AutoTests" name="[29] /home/travis/build/icyphy/ptII/ptolemy/actor/lib/hoc/test/auto/IterateOverArray14.xml (RunModel)" time="0.154" />
  <testcase classname="ptolemy.util.test.junit.AutoTests" name="[30] /home/travis/build/icyphy/ptII/ptolemy/actor/lib/hoc/test/auto/IterateOverArray2.xml (RunModel)" time="0.025" />
  <testcase classname="ptolemy.util.test.junit.AutoTests" name="[31] /home/travis/build/icyphy/ptII/ptolemy/actor/lib/hoc/test/auto/IterateOverArray3.xml (RunModel)" time="0.049" />
  <testcase classname="ptolemy.util.test.junit.AutoTests" name="[32] /home/travis/build/icyphy/ptII/ptolemy/actor/lib/hoc/test/auto/IterateOverArray4.xml (RunModel)" time="0.02" />
  <testcase classname="ptolemy.util.test.junit.AutoTests" name="[33] /home/travis/build/icyphy/ptII/ptolemy/actor/lib/hoc/test/auto/IterateOverArray5.xml (RunModel)" time="0.022" />
  <testcase classname="ptolemy.util.test.junit.AutoTests" name="[34] /home/travis/build/icyphy/ptII/ptolemy/actor/lib/hoc/test/auto/IterateOverArray6.xml (RunModel)" time="0.021" />
  <testcase classname="ptolemy.util.test.junit.AutoTests" name="[35] /home/travis/build/icyphy/ptII/ptolemy/actor/lib/hoc/test/auto/IterateOverArray7.xml (RunModel)" time="0.019" />
  <testcase classname="ptolemy.util.test.junit.AutoTests" name="[36] /home/travis/build/icyphy/ptII/ptolemy/actor/lib/hoc/test/auto/IterateOverArray8.xml (RunModel)" time="0.02" />
  <testcase classname="ptolemy.util.test.junit.AutoTests" name="[37] /home/travis/build/icyphy/ptII/ptolemy/actor/lib/hoc/test/auto/IterateOverArray9.xml (RunModel)" time="0.024" />
  <testcase classname="ptolemy.util.test.junit.AutoTests" name="[38] /home/travis/build/icyphy/ptII/ptolemy/actor/lib/hoc/test/auto/IterateOverArrayCoercedOutputType.xml (RunModel)" time="0.039" />
  <testcase classname="ptolemy.util.test.junit.AutoTests" name="[39] /home/travis/build/icyphy/ptII/ptolemy/actor/lib/hoc/test/auto/IterateOverArrayInferredOutputType.xml (RunModel)" time="0.026" />
  <testcase classname="ptolemy.util.test.junit.AutoTests" name="[40] /home/travis/build/icyphy/ptII/ptolemy/actor/lib/hoc/test/auto/MobileFunctionTest.xml (RunModel)" time="0.023" />
  <testcase classname="ptolemy.util.test.junit.AutoTests" name="[41] /home/travis/build/icyphy/ptII/ptolemy/actor/lib/hoc/test/auto/MobileModelTest.xml (RunModel)" time="0.101" />
  <testcase classname="ptolemy.util.test.junit.AutoTests" name="[42] /home/travis/build/icyphy/ptII/ptolemy/actor/lib/hoc/test/auto/ModelReference.xml (RunModel)" time="0.058" />
  <testcase classname="ptolemy.util.test.junit.AutoTests" name="[43] /home/travis/build/icyphy/ptII/ptolemy/actor/lib/hoc/test/auto/ModelReference3.xml (RunModel)" time="0.03" />
  <testcase classname="ptolemy.util.test.junit.AutoTests" name="[44] /home/travis/build/icyphy/ptII/ptolemy/actor/lib/hoc/test/auto/ModelReference4.xml (RunModel)" time="10.037" />
  <testcase classname="ptolemy.util.test.junit.AutoTests" name="[45] /home/travis/build/icyphy/ptII/ptolemy/actor/lib/hoc/test/auto/MultiInstanceComposite.xml (RunModel)" time="0.056" />
  <testcase classname="ptolemy.util.test.junit.AutoTests" name="[46] /home/travis/build/icyphy/ptII/ptolemy/actor/lib/hoc/test/auto/MultiInstanceComposite2.xml (RunModel)" time="0.044" />
  <testcase classname="ptolemy.util.test.junit.AutoTests" name="[47] /home/travis/build/icyphy/ptII/ptolemy/actor/lib/hoc/test/auto/MulticoreExecution.xml (RunModel)" time="1.097" />
  <testcase classname="ptolemy.util.test.junit.AutoTests" name="[48] /home/travis/build/icyphy/ptII/ptolemy/actor/lib/hoc/test/auto/ParallelExecution.xml (RunModel)" time="0.942" />
  <testcase classname="ptolemy.util.test.junit.AutoTests" name="[49] /home/travis/build/icyphy/ptII/ptolemy/actor/lib/hoc/test/auto/RunCompositeActor.xml (RunModel)" time="0.029" />
  <testcase classname="ptolemy.util.test.junit.AutoTests" name="[50] /home/travis/build/icyphy/ptII/ptolemy/actor/lib/hoc/test/auto/RunCompositeActor2.xml (RunModel)" time="0.025" />
  <testcase classname="ptolemy.util.test.junit.AutoTests" name="[51] /home/travis/build/icyphy/ptII/ptolemy/actor/lib/hoc/test/auto/RunCompositeActor3.xml (RunModel)" time="0.025" />
  <testcase classname="ptolemy.util.test.junit.AutoTests" name="[52] /home/travis/build/icyphy/ptII/ptolemy/actor/lib/hoc/test/auto/RunCompositeActor4.xml (RunModel)" time="0.055" />
  <testcase classname="ptolemy.util.test.junit.AutoTests" name="[53] /home/travis/build/icyphy/ptII/ptolemy/actor/lib/hoc/test/auto/RunCompositeIterateOverArray.xml (RunModel)" time="0.026" />
  <testcase classname="ptolemy.util.test.junit.AutoTests" name="[54] /home/travis/build/icyphy/ptII/ptolemy/actor/lib/hoc/test/auto/ThreadedJS.xml (RunModel)" time="4.767" />
  <system-out><![CDATA[/home/travis/build/icyphy/ptII/ptolemy/actor/lib/hoc/test/IterateOverArray.tcl
testDefs.tcl: setting time out to 9000 seconds at Mon Feb 18 03:29:47 UTC 2019
02/18/19 03:29:48
Failed: 0  Total Tests: 2  ((Passed: 2, Newly Passed: 0)  Known Failed: 0) /home/travis/build/icyphy/ptII/ptolemy/actor/lib/hoc/test
----------------- testing (KnownFailure) /home/travis/build/icyphy/ptII/ptolemy/actor/lib/hoc/test/auto/knownFailedTests/PreinitializeMustBeInvokedRunComposite.xml
42 ms. Memory: 116224K Free: 106901K (92%)
Known Failure: java.lang.reflect.InvocationTargetException
No auto/linux-amd64/*.xml tests in /home/travis/build/icyphy/ptII/ptolemy/actor/lib/hoc/test
AutoTests.java: About to close Vertx.
AutoTests.java: Vertx closed.

===========================================================================================
----------------- testing Mon Feb 18 03:29:48 UTC 2019 /home/travis/build/icyphy/ptII/ptolemy/actor/lib/hoc/test/auto/AllToAllMultiInstanceComposite.xml
----------------- Instantiating /home/travis/build/icyphy/ptII/ptolemy/actor/lib/hoc/test/auto/AllToAllMultiInstanceComposite.xml
136 ms. Memory: 146944K Free: 120722K (82%)
----------------- Invoking toplevel() on ptolemy.moml.MoMLSimpleApplication@730e204a
----------------- Done invoking toplevel() on ptolemy.moml.MoMLSimpleApplication@730e204a
reloadAllAccessors: .AllToAllMultiInstanceComposite

===========================================================================================
----------------- testing Mon Feb 18 03:29:49 UTC 2019 /home/travis/build/icyphy/ptII/ptolemy/actor/lib/hoc/test/auto/ApplyFFTTest.xml
----------------- Instantiating /home/travis/build/icyphy/ptII/ptolemy/actor/lib/hoc/test/auto/ApplyFFTTest.xml
81 ms. Memory: 146944K Free: 100797K (69%)
----------------- Invoking toplevel() on ptolemy.moml.MoMLSimpleApplication@6a6042fd
----------------- Done invoking toplevel() on ptolemy.moml.MoMLSimpleApplication@6a6042fd
reloadAllAccessors: .ApplyFFTTest

===========================================================================================
----------------- testing Mon Feb 18 03:29:49 UTC 2019 /home/travis/build/icyphy/ptII/ptolemy/actor/lib/hoc/test/auto/ApplyFunction.xml
----------------- Instantiating /home/travis/build/icyphy/ptII/ptolemy/actor/lib/hoc/test/auto/ApplyFunction.xml
9 ms. Memory: 146944K Free: 97472K (66%)
----------------- Invoking toplevel() on ptolemy.moml.MoMLSimpleApplication@53e4bfea
----------------- Done invoking toplevel() on ptolemy.moml.MoMLSimpleApplication@53e4bfea
reloadAllAccessors: .ApplyFunction

===========================================================================================
----------------- testing Mon Feb 18 03:29:49 UTC 2019 /home/travis/build/icyphy/ptII/ptolemy/actor/lib/hoc/test/auto/BackgroundExecution.xml
----------------- Instantiating /home/travis/build/icyphy/ptII/ptolemy/actor/lib/hoc/test/auto/BackgroundExecution.xml
629 ms. Memory: 146944K Free: 89914K (61%)
----------------- Invoking toplevel() on ptolemy.moml.MoMLSimpleApplication@2c86bd9d
----------------- Done invoking toplevel() on ptolemy.moml.MoMLSimpleApplication@2c86bd9d
reloadAllAccessors: .BackgroundExecution

===========================================================================================
----------------- testing Mon Feb 18 03:29:49 UTC 2019 /home/travis/build/icyphy/ptII/ptolemy/actor/lib/hoc/test/auto/Case.xml
----------------- Instantiating /home/travis/build/icyphy/ptII/ptolemy/actor/lib/hoc/test/auto/Case.xml
15 ms. Memory: 146944K Free: 81384K (55%)
----------------- Invoking toplevel() on ptolemy.moml.MoMLSimpleApplication@73e5be9e
----------------- Done invoking toplevel() on ptolemy.moml.MoMLSimpleApplication@73e5be9e
reloadAllAccessors: .Case

===========================================================================================
----------------- testing Mon Feb 18 03:29:50 UTC 2019 /home/travis/build/icyphy/ptII/ptolemy/actor/lib/hoc/test/auto/Case1.xml
----------------- Instantiating /home/travis/build/icyphy/ptII/ptolemy/actor/lib/hoc/test/auto/Case1.xml
19 ms. Memory: 146944K Free: 136307K (93%)
----------------- Invoking toplevel() on ptolemy.moml.MoMLSimpleApplication@3b61a2d0
----------------- Done invoking toplevel() on ptolemy.moml.MoMLSimpleApplication@3b61a2d0
reloadAllAccessors: .Case1

===========================================================================================
----------------- testing Mon Feb 18 03:29:50 UTC 2019 /home/travis/build/icyphy/ptII/ptolemy/actor/lib/hoc/test/auto/Case2.xml
----------------- Instantiating /home/travis/build/icyphy/ptII/ptolemy/actor/lib/hoc/test/auto/Case2.xml
53 ms. Memory: 146944K Free: 124830K (85%)
----------------- Invoking toplevel() on ptolemy.moml.MoMLSimpleApplication@12495898
----------------- Done invoking toplevel() on ptolemy.moml.MoMLSimpleApplication@12495898
reloadAllAccessors: .Case2

===========================================================================================
----------------- testing Mon Feb 18 03:29:50 UTC 2019 /home/travis/build/icyphy/ptII/ptolemy/actor/lib/hoc/test/auto/Case3.xml
----------------- Instantiating /home/travis/build/icyphy/ptII/ptolemy/actor/lib/hoc/test/auto/Case3.xml
16 ms. Memory: 146944K Free: 118573K (81%)
----------------- Invoking toplevel() on ptolemy.moml.MoMLSimpleApplication@66fe1eee
----------------- Done invoking toplevel() on ptolemy.moml.MoMLSimpleApplication@66fe1eee
reloadAllAccessors: .Case3

===========================================================================================
----------------- testing Mon Feb 18 03:29:50 UTC 2019 /home/travis/build/icyphy/ptII/ptolemy/actor/lib/hoc/test/auto/Case4.xml
----------------- Instantiating /home/travis/build/icyphy/ptII/ptolemy/actor/lib/hoc/test/auto/Case4.xml
9 ms. Memory: 146944K Free: 110043K (75%)
----------------- Invoking toplevel() on ptolemy.moml.MoMLSimpleApplication@4050cf66
----------------- Done invoking toplevel() on ptolemy.moml.MoMLSimpleApplication@4050cf66
reloadAllAccessors: .Case4

===========================================================================================
----------------- testing Mon Feb 18 03:29:50 UTC 2019 /home/travis/build/icyphy/ptII/ptolemy/actor/lib/hoc/test/auto/Case5.xml
----------------- Instantiating /home/travis/build/icyphy/ptII/ptolemy/actor/lib/hoc/test/auto/Case5.xml
49 ms. Memory: 146944K Free: 103392K (70%)
----------------- Invoking toplevel() on ptolemy.moml.MoMLSimpleApplication@7f968efc
----------------- Done invoking toplevel() on ptolemy.moml.MoMLSimpleApplication@7f968efc
reloadAllAccessors: .junk

===========================================================================================
----------------- testing Mon Feb 18 03:29:50 UTC 2019 /home/travis/build/icyphy/ptII/ptolemy/actor/lib/hoc/test/auto/Case6.xml
----------------- Instantiating /home/travis/build/icyphy/ptII/ptolemy/actor/lib/hoc/test/auto/Case6.xml
37 ms. Memory: 146944K Free: 89738K (61%)
----------------- Invoking toplevel() on ptolemy.moml.MoMLSimpleApplication@107de0d6
----------------- Done invoking toplevel() on ptolemy.moml.MoMLSimpleApplication@107de0d6
reloadAllAccessors: .Case6

===========================================================================================
----------------- testing Mon Feb 18 03:29:50 UTC 2019 /home/travis/build/icyphy/ptII/ptolemy/actor/lib/hoc/test/auto/CaseString2.xml
----------------- Instantiating /home/travis/build/icyphy/ptII/ptolemy/actor/lib/hoc/test/auto/CaseString2.xml
12 ms. Memory: 146944K Free: 81465K (55%)
----------------- Invoking toplevel() on ptolemy.moml.MoMLSimpleApplication@6252ee0c
----------------- Done invoking toplevel() on ptolemy.moml.MoMLSimpleApplication@6252ee0c
reloadAllAccessors: .CaseString2

===========================================================================================
----------------- testing Mon Feb 18 03:29:50 UTC 2019 /home/travis/build/icyphy/ptII/ptolemy/actor/lib/hoc/test/auto/CatchUpComposite1.xml
----------------- Instantiating /home/travis/build/icyphy/ptII/ptolemy/actor/lib/hoc/test/auto/CatchUpComposite1.xml
24 ms. Memory: 208384K Free: 194480K (93%)
----------------- Invoking toplevel() on ptolemy.moml.MoMLSimpleApplication@330ba1eb
----------------- Done invoking toplevel() on ptolemy.moml.MoMLSimpleApplication@330ba1eb
reloadAllAccessors: .CatchUpComposite1

===========================================================================================
----------------- testing Mon Feb 18 03:29:50 UTC 2019 /home/travis/build/icyphy/ptII/ptolemy/actor/lib/hoc/test/auto/CatchUpComposite2.xml
----------------- Instantiating /home/travis/build/icyphy/ptII/ptolemy/actor/lib/hoc/test/auto/CatchUpComposite2.xml
8 ms. Memory: 208384K Free: 184594K (89%)
----------------- Invoking toplevel() on ptolemy.moml.MoMLSimpleApplication@5f5fb109
----------------- Done invoking toplevel() on ptolemy.moml.MoMLSimpleApplication@5f5fb109
reloadAllAccessors: .CatchUpComposite2

===========================================================================================
----------------- testing Mon Feb 18 03:29:50 UTC 2019 /home/travis/build/icyphy/ptII/ptolemy/actor/lib/hoc/test/auto/CatchUpComposite3.xml
----------------- Instantiating /home/travis/build/icyphy/ptII/ptolemy/actor/lib/hoc/test/auto/CatchUpComposite3.xml
8 ms. Memory: 208384K Free: 174685K (84%)
----------------- Invoking toplevel() on ptolemy.moml.MoMLSimpleApplication@4a90d5db
----------------- Done invoking toplevel() on ptolemy.moml.MoMLSimpleApplication@4a90d5db
reloadAllAccessors: .CatchUpComposite3

===========================================================================================
----------------- testing Mon Feb 18 03:29:50 UTC 2019 /home/travis/build/icyphy/ptII/ptolemy/actor/lib/hoc/test/auto/CatchUpComposite4.xml
----------------- Instantiating /home/travis/build/icyphy/ptII/ptolemy/actor/lib/hoc/test/auto/CatchUpComposite4.xml
17 ms. Memory: 208384K Free: 164815K (79%)
----------------- Invoking toplevel() on ptolemy.moml.MoMLSimpleApplication@4a93e213
----------------- Done invoking toplevel() on ptolemy.moml.MoMLSimpleApplication@4a93e213
reloadAllAccessors: .CatchUpComposite4

===========================================================================================
----------------- testing Mon Feb 18 03:29:50 UTC 2019 /home/travis/build/icyphy/ptII/ptolemy/actor/lib/hoc/test/auto/CatchUpComposite5.xml
----------------- Instantiating /home/travis/build/icyphy/ptII/ptolemy/actor/lib/hoc/test/auto/CatchUpComposite5.xml
13 ms. Memory: 208384K Free: 155804K (75%)
----------------- Invoking toplevel() on ptolemy.moml.MoMLSimpleApplication@680c38c
----------------- Done invoking toplevel() on ptolemy.moml.MoMLSimpleApplication@680c38c
reloadAllAccessors: .CatchUpComposite5

===========================================================================================
----------------- testing Mon Feb 18 03:29:50 UTC 2019 /home/travis/build/icyphy/ptII/ptolemy/actor/lib/hoc/test/auto/CatchUpComposite6.xml
----------------- Instantiating /home/travis/build/icyphy/ptII/ptolemy/actor/lib/hoc/test/auto/CatchUpComposite6.xml
WARNING: The execution aspects in this model can influence the timing of actors by delaying the 
execution, potentially changing the behavior. There is no guarantee that actors fire at the 
time they request to be fired. 
Use Ptides for deterministic DE behavior that is not influenced by execution aspects. 

84 ms. Memory: 208384K Free: 138503K (66%)
----------------- Invoking toplevel() on ptolemy.moml.MoMLSimpleApplication@7e22dadb
----------------- Done invoking toplevel() on ptolemy.moml.MoMLSimpleApplication@7e22dadb
reloadAllAccessors: .CatchUpComposite6

===========================================================================================
----------------- testing Mon Feb 18 03:29:51 UTC 2019 /home/travis/build/icyphy/ptII/ptolemy/actor/lib/hoc/test/auto/CatchUpComposite7.xml
----------------- Instantiating /home/travis/build/icyphy/ptII/ptolemy/actor/lib/hoc/test/auto/CatchUpComposite7.xml
WARNING: The execution aspects in this model can influence the timing of actors by delaying the 
execution, potentially changing the behavior. There is no guarantee that actors fire at the 
time they request to be fired. 
Use Ptides for deterministic DE behavior that is not influenced by execution aspects. 

37 ms. Memory: 208384K Free: 121964K (59%)
----------------- Invoking toplevel() on ptolemy.moml.MoMLSimpleApplication@32e80fe
----------------- Done invoking toplevel() on ptolemy.moml.MoMLSimpleApplication@32e80fe
reloadAllAccessors: .CatchUpComposite7

===========================================================================================
----------------- testing Mon Feb 18 03:29:51 UTC 2019 /home/travis/build/icyphy/ptII/ptolemy/actor/lib/hoc/test/auto/ConcurrentExecutionTimeSDF.xml
----------------- Instantiating /home/travis/build/icyphy/ptII/ptolemy/actor/lib/hoc/test/auto/ConcurrentExecutionTimeSDF.xml
Fired ExecutionTime: 40400000
Fired ExecutionTime: 40400000
Fired ExecutionTime: 40400000
Fired ExecutionTime: 40400000
Fired ExecutionTime: 40400000
Fired ExecutionTime: 40400000
Fired ExecutionTime: 40400000
Fired ExecutionTime: 40400000
Fired ExecutionTime: 40400000
Fired ExecutionTime: 40400000
Fired ExecutionTime: 40400000
Fired ExecutionTime: 40400000
Fired ExecutionTime: 40400000
Fired ExecutionTime: 40400000
Fired ExecutionTime: 40400000
Fired ExecutionTime: 40400000
Fired ExecutionTime: 40400000
Fired ExecutionTime: 40400000
Fired ExecutionTime: 40400000
Fired ExecutionTime: 40400000
1606 ms. Memory: 208384K Free: 113756K (55%)
----------------- Invoking toplevel() on ptolemy.moml.MoMLSimpleApplication@3c15a140
----------------- Done invoking toplevel() on ptolemy.moml.MoMLSimpleApplication@3c15a140
reloadAllAccessors: .ConcurrentExecutionTimeSDF

===========================================================================================
----------------- testing Mon Feb 18 03:29:52 UTC 2019 /home/travis/build/icyphy/ptII/ptolemy/actor/lib/hoc/test/auto/ConcurrentSleep.xml
----------------- Instantiating /home/travis/build/icyphy/ptII/ptolemy/actor/lib/hoc/test/auto/ConcurrentSleep.xml
742 ms. Memory: 208384K Free: 99781K (48%)
----------------- Invoking toplevel() on ptolemy.moml.MoMLSimpleApplication@73b57de0
----------------- Done invoking toplevel() on ptolemy.moml.MoMLSimpleApplication@73b57de0
reloadAllAccessors: .ConcurrentSleep

===========================================================================================
----------------- testing Mon Feb 18 03:29:53 UTC 2019 /home/travis/build/icyphy/ptII/ptolemy/actor/lib/hoc/test/auto/DEInPNInRunCompositeActor.xml
----------------- Instantiating /home/travis/build/icyphy/ptII/ptolemy/actor/lib/hoc/test/auto/DEInPNInRunCompositeActor.xml
9 ms. Memory: 208384K Free: 91550K (44%)
----------------- Invoking toplevel() on ptolemy.moml.MoMLSimpleApplication@5732c286
----------------- Done invoking toplevel() on ptolemy.moml.MoMLSimpleApplication@5732c286
reloadAllAccessors: .DEInPNInRunCompositeActor

===========================================================================================
----------------- testing Mon Feb 18 03:29:53 UTC 2019 /home/travis/build/icyphy/ptII/ptolemy/actor/lib/hoc/test/auto/DFTSubSetTest.xml
----------------- Instantiating /home/travis/build/icyphy/ptII/ptolemy/actor/lib/hoc/test/auto/DFTSubSetTest.xml
158 ms. Memory: 208384K Free: 167604K (80%)
----------------- Invoking toplevel() on ptolemy.moml.MoMLSimpleApplication@51734c26
----------------- Done invoking toplevel() on ptolemy.moml.MoMLSimpleApplication@51734c26
reloadAllAccessors: .DFTSubSetTest

===========================================================================================
----------------- testing Mon Feb 18 03:29:53 UTC 2019 /home/travis/build/icyphy/ptII/ptolemy/actor/lib/hoc/test/auto/HocDE.xml
----------------- Instantiating /home/travis/build/icyphy/ptII/ptolemy/actor/lib/hoc/test/auto/HocDE.xml
123 ms. Memory: 208384K Free: 140797K (68%)
----------------- Invoking toplevel() on ptolemy.moml.MoMLSimpleApplication@9b8ef43
----------------- Done invoking toplevel() on ptolemy.moml.MoMLSimpleApplication@9b8ef43
reloadAllAccessors: .HocDE

===========================================================================================
----------------- testing Mon Feb 18 03:29:53 UTC 2019 /home/travis/build/icyphy/ptII/ptolemy/actor/lib/hoc/test/auto/IterateOverArray.xml
----------------- Instantiating /home/travis/build/icyphy/ptII/ptolemy/actor/lib/hoc/test/auto/IterateOverArray.xml
5 ms. Memory: 208384K Free: 135209K (65%)
----------------- Invoking toplevel() on ptolemy.moml.MoMLSimpleApplication@a197701
----------------- Done invoking toplevel() on ptolemy.moml.MoMLSimpleApplication@a197701
reloadAllAccessors: .IterateOverArray

===========================================================================================
----------------- testing Mon Feb 18 03:29:54 UTC 2019 /home/travis/build/icyphy/ptII/ptolemy/actor/lib/hoc/test/auto/IterateOverArray10.xml
----------------- Instantiating /home/travis/build/icyphy/ptII/ptolemy/actor/lib/hoc/test/auto/IterateOverArray10.xml
2 ms. Memory: 208384K Free: 131097K (63%)
----------------- Invoking toplevel() on ptolemy.moml.MoMLSimpleApplication@7b5c4964
----------------- Done invoking toplevel() on ptolemy.moml.MoMLSimpleApplication@7b5c4964
reloadAllAccessors: .IterateOverArray10

===========================================================================================
----------------- testing Mon Feb 18 03:29:54 UTC 2019 /home/travis/build/icyphy/ptII/ptolemy/actor/lib/hoc/test/auto/IterateOverArray11.xml
----------------- Instantiating /home/travis/build/icyphy/ptII/ptolemy/actor/lib/hoc/test/auto/IterateOverArray11.xml
4 ms. Memory: 208384K Free: 125573K (60%)
----------------- Invoking toplevel() on ptolemy.moml.MoMLSimpleApplication@5721f418
----------------- Done invoking toplevel() on ptolemy.moml.MoMLSimpleApplication@5721f418
reloadAllAccessors: .IterateOverArray11

===========================================================================================
----------------- testing Mon Feb 18 03:29:54 UTC 2019 /home/travis/build/icyphy/ptII/ptolemy/actor/lib/hoc/test/auto/IterateOverArray12.xml
----------------- Instantiating /home/travis/build/icyphy/ptII/ptolemy/actor/lib/hoc/test/auto/IterateOverArray12.xml
17 ms. Memory: 208384K Free: 119019K (57%)
----------------- Invoking toplevel() on ptolemy.moml.MoMLSimpleApplication@6aa80e44
----------------- Done invoking toplevel() on ptolemy.moml.MoMLSimpleApplication@6aa80e44
reloadAllAccessors: .IterateOverArray12

===========================================================================================
----------------- testing Mon Feb 18 03:29:54 UTC 2019 /home/travis/build/icyphy/ptII/ptolemy/actor/lib/hoc/test/auto/IterateOverArray13.xml
----------------- Instantiating /home/travis/build/icyphy/ptII/ptolemy/actor/lib/hoc/test/auto/IterateOverArray13.xml
61 ms. Memory: 208384K Free: 90461K (43%)
----------------- Invoking toplevel() on ptolemy.moml.MoMLSimpleApplication@749fcd7
----------------- Done invoking toplevel() on ptolemy.moml.MoMLSimpleApplication@749fcd7
reloadAllAccessors: .IterateOverArray13

===========================================================================================
----------------- testing Mon Feb 18 03:29:54 UTC 2019 /home/travis/build/icyphy/ptII/ptolemy/actor/lib/hoc/test/auto/IterateOverArray14.xml
----------------- Instantiating /home/travis/build/icyphy/ptII/ptolemy/actor/lib/hoc/test/auto/IterateOverArray14.xml
62 ms. Memory: 332288K Free: 298838K (90%)
----------------- Invoking toplevel() on ptolemy.moml.MoMLSimpleApplication@63421c6c
----------------- Done invoking toplevel() on ptolemy.moml.MoMLSimpleApplication@63421c6c
reloadAllAccessors: .IterateOverArray14

===========================================================================================
----------------- testing Mon Feb 18 03:29:54 UTC 2019 /home/travis/build/icyphy/ptII/ptolemy/actor/lib/hoc/test/auto/IterateOverArray2.xml
----------------- Instantiating /home/travis/build/icyphy/ptII/ptolemy/actor/lib/hoc/test/auto/IterateOverArray2.xml
5 ms. Memory: 332288K Free: 291512K (88%)
----------------- Invoking toplevel() on ptolemy.moml.MoMLSimpleApplication@3ee2a456
----------------- Done invoking toplevel() on ptolemy.moml.MoMLSimpleApplication@3ee2a456
reloadAllAccessors: .IterateOverArray2

===========================================================================================
----------------- testing Mon Feb 18 03:29:54 UTC 2019 /home/travis/build/icyphy/ptII/ptolemy/actor/lib/hoc/test/auto/IterateOverArray3.xml
----------------- Instantiating /home/travis/build/icyphy/ptII/ptolemy/actor/lib/hoc/test/auto/IterateOverArray3.xml
22 ms. Memory: 332288K Free: 284972K (86%)
----------------- Invoking toplevel() on ptolemy.moml.MoMLSimpleApplication@98b35ea
----------------- Done invoking toplevel() on ptolemy.moml.MoMLSimpleApplication@98b35ea
reloadAllAccessors: .IterateOverArray3

===========================================================================================
----------------- testing Mon Feb 18 03:29:54 UTC 2019 /home/travis/build/icyphy/ptII/ptolemy/actor/lib/hoc/test/auto/IterateOverArray4.xml
----------------- Instantiating /home/travis/build/icyphy/ptII/ptolemy/actor/lib/hoc/test/auto/IterateOverArray4.xml
4 ms. Memory: 332288K Free: 279289K (84%)
----------------- Invoking toplevel() on ptolemy.moml.MoMLSimpleApplication@6c17404f
----------------- Done invoking toplevel() on ptolemy.moml.MoMLSimpleApplication@6c17404f
reloadAllAccessors: .IterateOverArray4

===========================================================================================
----------------- testing Mon Feb 18 03:29:54 UTC 2019 /home/travis/build/icyphy/ptII/ptolemy/actor/lib/hoc/test/auto/IterateOverArray5.xml
----------------- Instantiating /home/travis/build/icyphy/ptII/ptolemy/actor/lib/hoc/test/auto/IterateOverArray5.xml
6 ms. Memory: 332288K Free: 274384K (83%)
----------------- Invoking toplevel() on ptolemy.moml.MoMLSimpleApplication@651de1aa
----------------- Done invoking toplevel() on ptolemy.moml.MoMLSimpleApplication@651de1aa
reloadAllAccessors: .IterateOverArray5

===========================================================================================
----------------- testing Mon Feb 18 03:29:54 UTC 2019 /home/travis/build/icyphy/ptII/ptolemy/actor/lib/hoc/test/auto/IterateOverArray6.xml
----------------- Instantiating /home/travis/build/icyphy/ptII/ptolemy/actor/lib/hoc/test/auto/IterateOverArray6.xml
2 ms. Memory: 332288K Free: 268701K (81%)
----------------- Invoking toplevel() on ptolemy.moml.MoMLSimpleApplication@3c0863ee
----------------- Done invoking toplevel() on ptolemy.moml.MoMLSimpleApplication@3c0863ee
reloadAllAccessors: .IterateOverArray6

===========================================================================================
----------------- testing Mon Feb 18 03:29:54 UTC 2019 /home/travis/build/icyphy/ptII/ptolemy/actor/lib/hoc/test/auto/IterateOverArray7.xml
----------------- Instantiating /home/travis/build/icyphy/ptII/ptolemy/actor/lib/hoc/test/auto/IterateOverArray7.xml
3 ms. Memory: 332288K Free: 263796K (79%)
----------------- Invoking toplevel() on ptolemy.moml.MoMLSimpleApplication@49d72740
----------------- Done invoking toplevel() on ptolemy.moml.MoMLSimpleApplication@49d72740
reloadAllAccessors: .IterateOverArray7

===========================================================================================
----------------- testing Mon Feb 18 03:29:54 UTC 2019 /home/travis/build/icyphy/ptII/ptolemy/actor/lib/hoc/test/auto/IterateOverArray8.xml
----------------- Instantiating /home/travis/build/icyphy/ptII/ptolemy/actor/lib/hoc/test/auto/IterateOverArray8.xml
5 ms. Memory: 332288K Free: 258891K (78%)
----------------- Invoking toplevel() on ptolemy.moml.MoMLSimpleApplication@69d43f97
----------------- Done invoking toplevel() on ptolemy.moml.MoMLSimpleApplication@69d43f97
reloadAllAccessors: .IterateOverArray8

===========================================================================================
----------------- testing Mon Feb 18 03:29:54 UTC 2019 /home/travis/build/icyphy/ptII/ptolemy/actor/lib/hoc/test/auto/IterateOverArray9.xml
----------------- Instantiating /home/travis/build/icyphy/ptII/ptolemy/actor/lib/hoc/test/auto/IterateOverArray9.xml
9 ms. Memory: 332288K Free: 253207K (76%)
----------------- Invoking toplevel() on ptolemy.moml.MoMLSimpleApplication@6d514c3a
----------------- Done invoking toplevel() on ptolemy.moml.MoMLSimpleApplication@6d514c3a
reloadAllAccessors: .IterateOverArray9

===========================================================================================
----------------- testing Mon Feb 18 03:29:54 UTC 2019 /home/travis/build/icyphy/ptII/ptolemy/actor/lib/hoc/test/auto/IterateOverArrayCoercedOutputType.xml
----------------- Instantiating /home/travis/build/icyphy/ptII/ptolemy/actor/lib/hoc/test/auto/IterateOverArrayCoercedOutputType.xml
4 ms. Memory: 332288K Free: 246667K (74%)
----------------- Invoking toplevel() on ptolemy.moml.MoMLSimpleApplication@540a608e
----------------- Done invoking toplevel() on ptolemy.moml.MoMLSimpleApplication@540a608e
reloadAllAccessors: .IterateOverArrayCoercedOutputType

===========================================================================================
----------------- testing Mon Feb 18 03:29:54 UTC 2019 /home/travis/build/icyphy/ptII/ptolemy/actor/lib/hoc/test/auto/IterateOverArrayInferredOutputType.xml
----------------- Instantiating /home/travis/build/icyphy/ptII/ptolemy/actor/lib/hoc/test/auto/IterateOverArrayInferredOutputType.xml
7 ms. Memory: 332288K Free: 239349K (72%)
----------------- Invoking toplevel() on ptolemy.moml.MoMLSimpleApplication@4b2551c5
----------------- Done invoking toplevel() on ptolemy.moml.MoMLSimpleApplication@4b2551c5
reloadAllAccessors: .IterateOverArrayInferredOutputType

===========================================================================================
----------------- testing Mon Feb 18 03:29:54 UTC 2019 /home/travis/build/icyphy/ptII/ptolemy/actor/lib/hoc/test/auto/MobileFunctionTest.xml
----------------- Instantiating /home/travis/build/icyphy/ptII/ptolemy/actor/lib/hoc/test/auto/MobileFunctionTest.xml
3 ms. Memory: 332288K Free: 234444K (71%)
----------------- Invoking toplevel() on ptolemy.moml.MoMLSimpleApplication@49b68b86
----------------- Done invoking toplevel() on ptolemy.moml.MoMLSimpleApplication@49b68b86
reloadAllAccessors: .MobileFunctionTest

===========================================================================================
----------------- testing Mon Feb 18 03:29:54 UTC 2019 /home/travis/build/icyphy/ptII/ptolemy/actor/lib/hoc/test/auto/MobileModelTest.xml
----------------- Instantiating /home/travis/build/icyphy/ptII/ptolemy/actor/lib/hoc/test/auto/MobileModelTest.xml
70 ms. Memory: 332288K Free: 212394K (64%)
----------------- Invoking toplevel() on ptolemy.moml.MoMLSimpleApplication@408dc3fe
----------------- Done invoking toplevel() on ptolemy.moml.MoMLSimpleApplication@408dc3fe
reloadAllAccessors: .MobileModelTest

===========================================================================================
----------------- testing Mon Feb 18 03:29:54 UTC 2019 /home/travis/build/icyphy/ptII/ptolemy/actor/lib/hoc/test/auto/ModelReference.xml
----------------- Instantiating /home/travis/build/icyphy/ptII/ptolemy/actor/lib/hoc/test/auto/ModelReference.xml
3 ms. Memory: 332288K Free: 204219K (61%)
2 ms. Memory: 332288K Free: 204219K (61%)
2 ms. Memory: 332288K Free: 202584K (61%)
1 ms. Memory: 332288K Free: 202584K (61%)
1 ms. Memory: 332288K Free: 200949K (60%)
2 ms. Memory: 332288K Free: 200949K (60%)
1 ms. Memory: 332288K Free: 199314K (60%)
1 ms. Memory: 332288K Free: 199314K (60%)
2 ms. Memory: 332288K Free: 197679K (59%)
1 ms. Memory: 332288K Free: 197679K (59%)
21 ms. Memory: 332288K Free: 197679K (59%)
----------------- Invoking toplevel() on ptolemy.moml.MoMLSimpleApplication@4d35afe1
----------------- Done invoking toplevel() on ptolemy.moml.MoMLSimpleApplication@4d35afe1
reloadAllAccessors: .ModelReference

===========================================================================================
----------------- testing Mon Feb 18 03:29:54 UTC 2019 /home/travis/build/icyphy/ptII/ptolemy/actor/lib/hoc/test/auto/ModelReference3.xml
----------------- Instantiating /home/travis/build/icyphy/ptII/ptolemy/actor/lib/hoc/test/auto/ModelReference3.xml
2 ms. Memory: 332288K Free: 192774K (58%)
1 ms. Memory: 332288K Free: 191139K (58%)
1 ms. Memory: 332288K Free: 191139K (58%)
1 ms. Memory: 332288K Free: 189504K (57%)
1 ms. Memory: 332288K Free: 189504K (57%)
2 ms. Memory: 332288K Free: 187869K (57%)
1 ms. Memory: 332288K Free: 187869K (57%)
1 ms. Memory: 332288K Free: 186234K (56%)
1 ms. Memory: 332288K Free: 186234K (56%)
1 ms. Memory: 332288K Free: 184599K (56%)
20 ms. Memory: 332288K Free: 184599K (56%)
----------------- Invoking toplevel() on ptolemy.moml.MoMLSimpleApplication@1cd92ab2
----------------- Done invoking toplevel() on ptolemy.moml.MoMLSimpleApplication@1cd92ab2
reloadAllAccessors: .ModelReference3

===========================================================================================
----------------- testing Mon Feb 18 03:29:54 UTC 2019 /home/travis/build/icyphy/ptII/ptolemy/actor/lib/hoc/test/auto/ModelReference4.xml
----------------- Instantiating /home/travis/build/icyphy/ptII/ptolemy/actor/lib/hoc/test/auto/ModelReference4.xml
3 ms. Memory: 332288K Free: 177281K (53%)
3 ms. Memory: 332288K Free: 175646K (53%)
2 ms. Memory: 332288K Free: 174011K (52%)
2 ms. Memory: 332288K Free: 172376K (52%)
3 ms. Memory: 332288K Free: 169106K (51%)
5 ms. Memory: 332288K Free: 167471K (50%)
3 ms. Memory: 332288K Free: 165836K (50%)
2 ms. Memory: 332288K Free: 164201K (49%)
2 ms. Memory: 332288K Free: 162566K (49%)
2 ms. Memory: 332288K Free: 160931K (48%)
10021 ms. Memory: 332288K Free: 160931K (48%)
----------------- Invoking toplevel() on ptolemy.moml.MoMLSimpleApplication@387bf6e6
----------------- Done invoking toplevel() on ptolemy.moml.MoMLSimpleApplication@387bf6e6
reloadAllAccessors: .ModelReference4

===========================================================================================
----------------- testing Mon Feb 18 03:30:04 UTC 2019 /home/travis/build/icyphy/ptII/ptolemy/actor/lib/hoc/test/auto/MultiInstanceComposite.xml
----------------- Instantiating /home/travis/build/icyphy/ptII/ptolemy/actor/lib/hoc/test/auto/MultiInstanceComposite.xml
34 ms. Memory: 332288K Free: 144500K (43%)
----------------- Invoking toplevel() on ptolemy.moml.MoMLSimpleApplication@459cb163
----------------- Done invoking toplevel() on ptolemy.moml.MoMLSimpleApplication@459cb163
reloadAllAccessors: .MultiInstanceComposite

===========================================================================================
----------------- testing Mon Feb 18 03:30:04 UTC 2019 /home/travis/build/icyphy/ptII/ptolemy/actor/lib/hoc/test/auto/MultiInstanceComposite2.xml
----------------- Instantiating /home/travis/build/icyphy/ptII/ptolemy/actor/lib/hoc/test/auto/MultiInstanceComposite2.xml
21 ms. Memory: 332288K Free: 130570K (39%)
----------------- Invoking toplevel() on ptolemy.moml.MoMLSimpleApplication@3b287a87
----------------- Done invoking toplevel() on ptolemy.moml.MoMLSimpleApplication@3b287a87
reloadAllAccessors: .MultiInstanceComposite2

===========================================================================================
----------------- testing Mon Feb 18 03:30:05 UTC 2019 /home/travis/build/icyphy/ptII/ptolemy/actor/lib/hoc/test/auto/MulticoreExecution.xml
----------------- Instantiating /home/travis/build/icyphy/ptII/ptolemy/actor/lib/hoc/test/auto/MulticoreExecution.xml
Fired ExecutionTime: 2400000
Fired ExecutionTime: 3200000
Fired ExecutionTime: 4400000
Fired ExecutionTime: 2000000
Fired ExecutionTime: 14800000
Fired ExecutionTime: 15200000
Fired ExecutionTime: 68800000
Fired ExecutionTime: 46000000
Fired ExecutionTime: 65600000
Fired ExecutionTime: 66000000
Fired ExecutionTime: 65200000
Fired ExecutionTime: 66000000
Fired ExecutionTime: 70400000
Fired ExecutionTime: 38800000
Fired ExecutionTime: 65600000
Fired ExecutionTime: 66000000
Fired ExecutionTime: 64800000
Fired ExecutionTime: 66000000
Fired ExecutionTime: 84000000
Fired ExecutionTime: 84400000
1076 ms. Memory: 332288K Free: 117442K (35%)
----------------- Invoking toplevel() on ptolemy.moml.MoMLSimpleApplication@697cafe9
----------------- Done invoking toplevel() on ptolemy.moml.MoMLSimpleApplication@697cafe9
reloadAllAccessors: .MulticoreExecution

===========================================================================================
----------------- testing Mon Feb 18 03:30:06 UTC 2019 /home/travis/build/icyphy/ptII/ptolemy/actor/lib/hoc/test/auto/ParallelExecution.xml
----------------- Instantiating /home/travis/build/icyphy/ptII/ptolemy/actor/lib/hoc/test/auto/ParallelExecution.xml
919 ms. Memory: 332288K Free: 105186K (32%)
----------------- Invoking toplevel() on ptolemy.moml.MoMLSimpleApplication@5e93e0df
----------------- Done invoking toplevel() on ptolemy.moml.MoMLSimpleApplication@5e93e0df
reloadAllAccessors: .ParallelExecution

===========================================================================================
----------------- testing Mon Feb 18 03:30:07 UTC 2019 /home/travis/build/icyphy/ptII/ptolemy/actor/lib/hoc/test/auto/RunCompositeActor.xml
----------------- Instantiating /home/travis/build/icyphy/ptII/ptolemy/actor/lib/hoc/test/auto/RunCompositeActor.xml
12 ms. Memory: 332288K Free: 97003K (29%)
----------------- Invoking toplevel() on ptolemy.moml.MoMLSimpleApplication@361422f1
----------------- Done invoking toplevel() on ptolemy.moml.MoMLSimpleApplication@361422f1
reloadAllAccessors: .RunCompositeActor

===========================================================================================
----------------- testing Mon Feb 18 03:30:07 UTC 2019 /home/travis/build/icyphy/ptII/ptolemy/actor/lib/hoc/test/auto/RunCompositeActor2.xml
----------------- Instantiating /home/travis/build/icyphy/ptII/ptolemy/actor/lib/hoc/test/auto/RunCompositeActor2.xml
7 ms. Memory: 332288K Free: 90447K (27%)
----------------- Invoking toplevel() on ptolemy.moml.MoMLSimpleApplication@19b4be4a
----------------- Done invoking toplevel() on ptolemy.moml.MoMLSimpleApplication@19b4be4a
reloadAllAccessors: .RunCompositeActor2

===========================================================================================
----------------- testing Mon Feb 18 03:30:07 UTC 2019 /home/travis/build/icyphy/ptII/ptolemy/actor/lib/hoc/test/auto/RunCompositeActor3.xml
----------------- Instantiating /home/travis/build/icyphy/ptII/ptolemy/actor/lib/hoc/test/auto/RunCompositeActor3.xml
6 ms. Memory: 332288K Free: 83128K (25%)
----------------- Invoking toplevel() on ptolemy.moml.MoMLSimpleApplication@4532786e
----------------- Done invoking toplevel() on ptolemy.moml.MoMLSimpleApplication@4532786e
reloadAllAccessors: .RunCompositeActor3

===========================================================================================
----------------- testing Mon Feb 18 03:30:07 UTC 2019 /home/travis/build/icyphy/ptII/ptolemy/actor/lib/hoc/test/auto/RunCompositeActor4.xml
----------------- Instantiating /home/travis/build/icyphy/ptII/ptolemy/actor/lib/hoc/test/auto/RunCompositeActor4.xml
17 ms. Memory: 332800K Free: 319310K (96%)
----------------- Invoking toplevel() on ptolemy.moml.MoMLSimpleApplication@490ae09d
----------------- Done invoking toplevel() on ptolemy.moml.MoMLSimpleApplication@490ae09d
reloadAllAccessors: .RunCompositeActor4

===========================================================================================
----------------- testing Mon Feb 18 03:30:07 UTC 2019 /home/travis/build/icyphy/ptII/ptolemy/actor/lib/hoc/test/auto/RunCompositeIterateOverArray.xml
----------------- Instantiating /home/travis/build/icyphy/ptII/ptolemy/actor/lib/hoc/test/auto/RunCompositeIterateOverArray.xml
4 ms. Memory: 332800K Free: 312188K (94%)
----------------- Invoking toplevel() on ptolemy.moml.MoMLSimpleApplication@6e70129e
----------------- Done invoking toplevel() on ptolemy.moml.MoMLSimpleApplication@6e70129e
reloadAllAccessors: .RunCompositeIterateOverArray

===========================================================================================
----------------- testing Mon Feb 18 03:30:07 UTC 2019 /home/travis/build/icyphy/ptII/ptolemy/actor/lib/hoc/test/auto/ThreadedJS.xml
----------------- Instantiating /home/travis/build/icyphy/ptII/ptolemy/actor/lib/hoc/test/auto/ThreadedJS.xml
1568 ms. Memory: 540672K Free: 159491K (29%)
----------------- Invoking toplevel() on ptolemy.moml.MoMLSimpleApplication@513469f3
----------------- Done invoking toplevel() on ptolemy.moml.MoMLSimpleApplication@513469f3
reloadAllAccessors: .ThreadedJS
AutoTests.java: About to close Vertx.
AutoTests.java: Vertx closed.
]]></system-out>
  <system-err><![CDATA[java.lang.RuntimeException: Execution failed
	at ptolemy.moml.MoMLSimpleApplication$UnloadThread.run(MoMLSimpleApplication.java:402)
Caused by: ptolemy.kernel.util.IllegalActionException: initialize() was called after wrapup() was called but preinitialize() was not called after wrapup().
	at ptolemy.actor.lib.hoc.test.PreinitializeMustBeInvoked.initialize(PreinitializeMustBeInvoked.java:78)
	at ptolemy.actor.Director.initialize(Director.java:938)
	at ptolemy.actor.Director.initialize(Director.java:907)
	at ptolemy.actor.sched.StaticSchedulingDirector.initialize(StaticSchedulingDirector.java:159)
	at ptolemy.domains.sdf.kernel.SDFDirector.initialize(SDFDirector.java:544)
	at ptolemy.actor.CompositeActor.initialize(CompositeActor.java:935)
	at ptolemy.actor.lib.hoc.LifeCycleManager._executeInsideModel(LifeCycleManager.java:339)
	at ptolemy.actor.lib.hoc.RunCompositeActor.fire(RunCompositeActor.java:205)
	at ptolemy.actor.CompositeActor.iterate(CompositeActor.java:1146)
	at ptolemy.actor.sched.StaticSchedulingDirector.fire(StaticSchedulingDirector.java:216)
	at ptolemy.domains.sdf.kernel.SDFDirector.fire(SDFDirector.java:500)
	at ptolemy.actor.CompositeActor.fire(CompositeActor.java:455)
	at ptolemy.actor.Manager.iterate(Manager.java:851)
	at ptolemy.actor.Manager.execute(Manager.java:369)
	at ptolemy.actor.Manager.run(Manager.java:1263)
	at ptolemy.actor.Manager$PtolemyRunThread.run(Manager.java:1915)
java.lang.reflect.InvocationTargetException
	at sun.reflect.NativeConstructorAccessorImpl.newInstance0(Native Method)
	at sun.reflect.NativeConstructorAccessorImpl.newInstance(NativeConstructorAccessorImpl.java:62)
	at sun.reflect.DelegatingConstructorAccessorImpl.newInstance(DelegatingConstructorAccessorImpl.java:45)
	at java.lang.reflect.Constructor.newInstance(Constructor.java:423)
	at ptolemy.util.test.junit.AutoKnownFailedTests.RunModel(AutoKnownFailedTests.java:105)
	at sun.reflect.NativeMethodAccessorImpl.invoke0(Native Method)
	at sun.reflect.NativeMethodAccessorImpl.invoke(NativeMethodAccessorImpl.java:62)
	at sun.reflect.DelegatingMethodAccessorImpl.invoke(DelegatingMethodAccessorImpl.java:43)
	at java.lang.reflect.Method.invoke(Method.java:498)
	at org.junit.runners.model.FrameworkMethod$1.runReflectiveCall(FrameworkMethod.java:44)
	at org.junit.internal.runners.model.ReflectiveCallable.run(ReflectiveCallable.java:15)
	at org.junit.runners.model.FrameworkMethod.invokeExplosively(FrameworkMethod.java:41)
	at junitparams.internal.InvokeParameterisedMethod.evaluate(InvokeParameterisedMethod.java:102)
	at org.junit.internal.runners.statements.FailOnTimeout$1.run(FailOnTimeout.java:28)
Caused by: ptolemy.kernel.util.IllegalActionException: initialize() was called after wrapup() was called but preinitialize() was not called after wrapup().
	at ptolemy.actor.lib.hoc.test.PreinitializeMustBeInvoked.initialize(PreinitializeMustBeInvoked.java:78)
	at ptolemy.actor.Director.initialize(Director.java:938)
	at ptolemy.actor.Director.initialize(Director.java:907)
	at ptolemy.actor.sched.StaticSchedulingDirector.initialize(StaticSchedulingDirector.java:159)
	at ptolemy.domains.sdf.kernel.SDFDirector.initialize(SDFDirector.java:544)
	at ptolemy.actor.CompositeActor.initialize(CompositeActor.java:935)
	at ptolemy.actor.lib.hoc.LifeCycleManager._executeInsideModel(LifeCycleManager.java:339)
	at ptolemy.actor.lib.hoc.RunCompositeActor.fire(RunCompositeActor.java:205)
	at ptolemy.actor.CompositeActor.iterate(CompositeActor.java:1146)
	at ptolemy.actor.sched.StaticSchedulingDirector.fire(StaticSchedulingDirector.java:216)
	at ptolemy.domains.sdf.kernel.SDFDirector.fire(SDFDirector.java:500)
	at ptolemy.actor.CompositeActor.fire(CompositeActor.java:455)
	at ptolemy.actor.Manager.iterate(Manager.java:851)
	at ptolemy.actor.Manager.execute(Manager.java:369)
	at ptolemy.actor.Manager.run(Manager.java:1263)
	at ptolemy.actor.Manager$PtolemyRunThread.run(Manager.java:1915)
]]></system-err>
</testsuite>
