<?xml version="1.0" encoding="UTF-8" ?>
<testsuite errors="0" failures="0" hostname="travis-job-7fa56a63-44f1-4f8d-bc83-9d0247ba3508" name="ptolemy.domains.hdf.kernel.test.junit.JUnitTclTest" skipped="0" tests="39" time="6.437" timestamp="2019-07-13T01:55:34">
  <properties>
[...]
</properties>
  <testcase classname="ptolemy.util.test.junit.TclTests" name="[0] /home/travis/build/icyphy/ptII/ptolemy/domains/hdf/kernel/test/RateErrorChecking.tcl (RunTclFile)" time="0.169" />
  <testcase classname="ptolemy.util.test.junit.AutoKnownFailedTests" name="[0] /home/travis/build/icyphy/ptII/ptolemy/domains/hdf/kernel/test/auto/knownFailedTests/badFSMRateChanges.xml (RunModel)" time="0.826" />
  <testcase classname="ptolemy.util.test.junit.AutoNameArchTests" name="[0] ThereAreNoAutoArchTests (RunModel)" time="0.001" />
  <testcase classname="ptolemy.util.test.junit.AutoTests" name="[0] /home/travis/build/icyphy/ptII/ptolemy/domains/hdf/kernel/test/auto/ConstVariableRateTest.xml (RunModel)" time="0.3" />
  <testcase classname="ptolemy.util.test.junit.AutoTests" name="[1] /home/travis/build/icyphy/ptII/ptolemy/domains/hdf/kernel/test/auto/DifferentRefinedRates.xml (RunModel)" time="0.187" />
  <testcase classname="ptolemy.util.test.junit.AutoTests" name="[2] /home/travis/build/icyphy/ptII/ptolemy/domains/hdf/kernel/test/auto/DifferentRefinedRates2.xml (RunModel)" time="0.133" />
  <testcase classname="ptolemy.util.test.junit.AutoTests" name="[3] /home/travis/build/icyphy/ptII/ptolemy/domains/hdf/kernel/test/auto/DifferentRefinedRates3.xml (RunModel)" time="0.148" />
  <testcase classname="ptolemy.util.test.junit.AutoTests" name="[4] /home/travis/build/icyphy/ptII/ptolemy/domains/hdf/kernel/test/auto/DifferentRefinedRates4.xml (RunModel)" time="0.193" />
  <testcase classname="ptolemy.util.test.junit.AutoTests" name="[5] /home/travis/build/icyphy/ptII/ptolemy/domains/hdf/kernel/test/auto/DifferentRefinedRates5.xml (RunModel)" time="0.163" />
  <testcase classname="ptolemy.util.test.junit.AutoTests" name="[6] /home/travis/build/icyphy/ptII/ptolemy/domains/hdf/kernel/test/auto/DifferentRefinedRates6.xml (RunModel)" time="0.082" />
  <testcase classname="ptolemy.util.test.junit.AutoTests" name="[7] /home/travis/build/icyphy/ptII/ptolemy/domains/hdf/kernel/test/auto/DownSample_PowerOfTwo.xml (RunModel)" time="0.255" />
  <testcase classname="ptolemy.util.test.junit.AutoTests" name="[8] /home/travis/build/icyphy/ptII/ptolemy/domains/hdf/kernel/test/auto/FibonacciWithNullInitial.xml (RunModel)" time="0.194" />
  <testcase classname="ptolemy.util.test.junit.AutoTests" name="[9] /home/travis/build/icyphy/ptII/ptolemy/domains/hdf/kernel/test/auto/FibonacciWithNullInitial1.xml (RunModel)" time="0.223" />
  <testcase classname="ptolemy.util.test.junit.AutoTests" name="[10] /home/travis/build/icyphy/ptII/ptolemy/domains/hdf/kernel/test/auto/FibonacciWithTransientStates.xml (RunModel)" time="0.169" />
  <testcase classname="ptolemy.util.test.junit.AutoTests" name="[11] /home/travis/build/icyphy/ptII/ptolemy/domains/hdf/kernel/test/auto/FibonacciWithTransientStates2.xml (RunModel)" time="0.094" />
  <testcase classname="ptolemy.util.test.junit.AutoTests" name="[12] /home/travis/build/icyphy/ptII/ptolemy/domains/hdf/kernel/test/auto/FibonacciWithoutHistoryInitial.xml (RunModel)" time="0.189" />
  <testcase classname="ptolemy.util.test.junit.AutoTests" name="[13] /home/travis/build/icyphy/ptII/ptolemy/domains/hdf/kernel/test/auto/GuardUsingPastTokens.xml (RunModel)" time="0.102" />
  <testcase classname="ptolemy.util.test.junit.AutoTests" name="[14] /home/travis/build/icyphy/ptII/ptolemy/domains/hdf/kernel/test/auto/GuardWithResets.xml (RunModel)" time="0.071" />
  <testcase classname="ptolemy.util.test.junit.AutoTests" name="[15] /home/travis/build/icyphy/ptII/ptolemy/domains/hdf/kernel/test/auto/Hierarchy_2Level_Test1.xml (RunModel)" time="0.059" />
  <testcase classname="ptolemy.util.test.junit.AutoTests" name="[16] /home/travis/build/icyphy/ptII/ptolemy/domains/hdf/kernel/test/auto/Hierarchy_2Level_Test2.xml (RunModel)" time="0.077" />
  <testcase classname="ptolemy.util.test.junit.AutoTests" name="[17] /home/travis/build/icyphy/ptII/ptolemy/domains/hdf/kernel/test/auto/Hysteresis.xml (RunModel)" time="0.055" />
  <testcase classname="ptolemy.util.test.junit.AutoTests" name="[18] /home/travis/build/icyphy/ptII/ptolemy/domains/hdf/kernel/test/auto/InitTransient.xml (RunModel)" time="0.089" />
  <testcase classname="ptolemy.util.test.junit.AutoTests" name="[19] /home/travis/build/icyphy/ptII/ptolemy/domains/hdf/kernel/test/auto/Merge.xml (RunModel)" time="0.102" />
  <testcase classname="ptolemy.util.test.junit.AutoTests" name="[20] /home/travis/build/icyphy/ptII/ptolemy/domains/hdf/kernel/test/auto/ModalModelBooleanSwitch.xml (RunModel)" time="0.103" />
  <testcase classname="ptolemy.util.test.junit.AutoTests" name="[21] /home/travis/build/icyphy/ptII/ptolemy/domains/hdf/kernel/test/auto/SameRates.xml (RunModel)" time="0.049" />
  <testcase classname="ptolemy.util.test.junit.AutoTests" name="[22] /home/travis/build/icyphy/ptII/ptolemy/domains/hdf/kernel/test/auto/SameRefinedRates.xml (RunModel)" time="0.069" />
  <testcase classname="ptolemy.util.test.junit.AutoTests" name="[23] /home/travis/build/icyphy/ptII/ptolemy/domains/hdf/kernel/test/auto/SameRefinedRates2.xml (RunModel)" time="0.064" />
  <testcase classname="ptolemy.util.test.junit.AutoTests" name="[24] /home/travis/build/icyphy/ptII/ptolemy/domains/hdf/kernel/test/auto/TransientStates.xml (RunModel)" time="0.081" />
  <testcase classname="ptolemy.util.test.junit.AutoTests" name="[25] /home/travis/build/icyphy/ptII/ptolemy/domains/hdf/kernel/test/auto/TwoHammingCodec.xml (RunModel)" time="0.102" />
  <testcase classname="ptolemy.util.test.junit.AutoTests" name="[26] /home/travis/build/icyphy/ptII/ptolemy/domains/hdf/kernel/test/auto/TwoHammingCodec1.xml (RunModel)" time="0.093" />
  <testcase classname="ptolemy.util.test.junit.AutoTests" name="[27] /home/travis/build/icyphy/ptII/ptolemy/domains/hdf/kernel/test/auto/TwoLevelHierarchy.xml (RunModel)" time="0.175" />
  <testcase classname="ptolemy.util.test.junit.AutoTests" name="[28] /home/travis/build/icyphy/ptII/ptolemy/domains/hdf/kernel/test/auto/TwoLevelHierarchy1.xml (RunModel)" time="0.171" />
  <testcase classname="ptolemy.util.test.junit.AutoTests" name="[29] /home/travis/build/icyphy/ptII/ptolemy/domains/hdf/kernel/test/auto/TwoLevelHierarchy2.xml (RunModel)" time="0.158" />
  <testcase classname="ptolemy.util.test.junit.AutoTests" name="[30] /home/travis/build/icyphy/ptII/ptolemy/domains/hdf/kernel/test/auto/TwoLevelHierarchyNullStates.xml (RunModel)" time="0.183" />
  <testcase classname="ptolemy.util.test.junit.AutoTests" name="[31] /home/travis/build/icyphy/ptII/ptolemy/domains/hdf/kernel/test/auto/TwoLevelHierarchyWithResets.xml (RunModel)" time="0.164" />
  <testcase classname="ptolemy.util.test.junit.AutoTests" name="[32] /home/travis/build/icyphy/ptII/ptolemy/domains/hdf/kernel/test/auto/TwoLevelHierarchyWithResetsNullStates.xml (RunModel)" time="0.198" />
  <testcase classname="ptolemy.util.test.junit.AutoTests" name="[33] /home/travis/build/icyphy/ptII/ptolemy/domains/hdf/kernel/test/auto/WaterTank_HDF.xml (RunModel)" time="0.123" />
  <testcase classname="ptolemy.util.test.junit.AutoTests" name="[34] /home/travis/build/icyphy/ptII/ptolemy/domains/hdf/kernel/test/auto/WaterTank_HDF2.xml (RunModel)" time="0.143" />
  <testcase classname="ptolemy.util.test.junit.AutoTests" name="[35] /home/travis/build/icyphy/ptII/ptolemy/domains/hdf/kernel/test/auto/badFSMRateChanges.xml (RunModel)" time="0.058" />
  <system-out><![CDATA[/home/travis/build/icyphy/ptII/ptolemy/domains/hdf/kernel/test/RateErrorChecking.tcl
testDefs.tcl: setting time out to 9000 seconds at Sat Jul 13 01:55:35 UTC 2019


==== $PTII/ptolemy/domains/hdf/kernel/test/RateErrorChecking.tcl: RateErrorChecking-1.0 
==== Contents of test case:

    catch {createAndExecute "badFSMRateChanges.xml"} foo
    list $foo

==== Result was:
{java.io.FileNotFoundException: /home/travis/build/icyphy/ptII/ptolemy/domains/hdf/kernel/test/badFSMRateChanges.xml (No such file or directory)}
---- KNOWN Failure, Result should have been:
{ptolemy.kernel.util.IllegalActionException: Failed to compute schedule:
  in .badFSMRateChanges.SDF Director
Because:
The SDF rate parameter may change. This is not allowed in SDF models that will be run through the code generator.  If you don't care about code generation, then you might consider setting the allowRateChanges parameter of the SDF director to false.
    in .badFSMRateChanges.typed composite actor.output.tokenProductionRate}
---- RateErrorChecking-1.0 Failed, but this is a KNOWN failure
07/13/19 01:55:35
Failed: 0  Total Tests: 1  ((Passed: 0, Newly Passed: 0)  Known Failed: 1) /home/travis/build/icyphy/ptII/ptolemy/domains/hdf/kernel/test
----------------- testing (KnownFailure) /home/travis/build/icyphy/ptII/ptolemy/domains/hdf/kernel/test/auto/knownFailedTests/badFSMRateChanges.xml
265 ms. Memory: 120832K Free: 69576K (58%)
No auto/linux-amd64/*.xml tests in /home/travis/build/icyphy/ptII/ptolemy/domains/hdf/kernel/test
AutoTests.java: About to close Vertx.
AutoTests.java: Vertx closed.

===========================================================================================
----------------- testing Sat Jul 13 01:55:36 UTC 2019 /home/travis/build/icyphy/ptII/ptolemy/domains/hdf/kernel/test/auto/ConstVariableRateTest.xml
----------------- Instantiating /home/travis/build/icyphy/ptII/ptolemy/domains/hdf/kernel/test/auto/ConstVariableRateTest.xml
76 ms. Memory: 120832K Free: 85290K (71%)
----------------- Invoking toplevel() on ptolemy.moml.MoMLSimpleApplication@3fcbef56
----------------- Done invoking toplevel() on ptolemy.moml.MoMLSimpleApplication@3fcbef56
reloadAllAccessors: .ConstVariableRateTest

===========================================================================================
----------------- testing Sat Jul 13 01:55:36 UTC 2019 /home/travis/build/icyphy/ptII/ptolemy/domains/hdf/kernel/test/auto/DifferentRefinedRates.xml
----------------- Instantiating /home/travis/build/icyphy/ptII/ptolemy/domains/hdf/kernel/test/auto/DifferentRefinedRates.xml
68 ms. Memory: 120832K Free: 97737K (81%)
----------------- Invoking toplevel() on ptolemy.moml.MoMLSimpleApplication@60cd9e35
----------------- Done invoking toplevel() on ptolemy.moml.MoMLSimpleApplication@60cd9e35
reloadAllAccessors: .DifferentRefinedRates

===========================================================================================
----------------- testing Sat Jul 13 01:55:36 UTC 2019 /home/travis/build/icyphy/ptII/ptolemy/domains/hdf/kernel/test/auto/DifferentRefinedRates2.xml
----------------- Instantiating /home/travis/build/icyphy/ptII/ptolemy/domains/hdf/kernel/test/auto/DifferentRefinedRates2.xml
70 ms. Memory: 120832K Free: 83624K (69%)
----------------- Invoking toplevel() on ptolemy.moml.MoMLSimpleApplication@7dc19a4c
----------------- Done invoking toplevel() on ptolemy.moml.MoMLSimpleApplication@7dc19a4c
reloadAllAccessors: .DifferentRefinedRates2

===========================================================================================
----------------- testing Sat Jul 13 01:55:37 UTC 2019 /home/travis/build/icyphy/ptII/ptolemy/domains/hdf/kernel/test/auto/DifferentRefinedRates3.xml
----------------- Instantiating /home/travis/build/icyphy/ptII/ptolemy/domains/hdf/kernel/test/auto/DifferentRefinedRates3.xml
74 ms. Memory: 120832K Free: 72879K (60%)
----------------- Invoking toplevel() on ptolemy.moml.MoMLSimpleApplication@65f43116
----------------- Done invoking toplevel() on ptolemy.moml.MoMLSimpleApplication@65f43116
reloadAllAccessors: .DifferentRefinedRates3

===========================================================================================
----------------- testing Sat Jul 13 01:55:37 UTC 2019 /home/travis/build/icyphy/ptII/ptolemy/domains/hdf/kernel/test/auto/DifferentRefinedRates4.xml
----------------- Instantiating /home/travis/build/icyphy/ptII/ptolemy/domains/hdf/kernel/test/auto/DifferentRefinedRates4.xml
68 ms. Memory: 120832K Free: 95824K (79%)
----------------- Invoking toplevel() on ptolemy.moml.MoMLSimpleApplication@39e163d4
----------------- Done invoking toplevel() on ptolemy.moml.MoMLSimpleApplication@39e163d4
reloadAllAccessors: .NewHDFtest1

===========================================================================================
----------------- testing Sat Jul 13 01:55:37 UTC 2019 /home/travis/build/icyphy/ptII/ptolemy/domains/hdf/kernel/test/auto/DifferentRefinedRates5.xml
----------------- Instantiating /home/travis/build/icyphy/ptII/ptolemy/domains/hdf/kernel/test/auto/DifferentRefinedRates5.xml
51 ms. Memory: 120832K Free: 80125K (66%)
----------------- Invoking toplevel() on ptolemy.moml.MoMLSimpleApplication@1778dacd
----------------- Done invoking toplevel() on ptolemy.moml.MoMLSimpleApplication@1778dacd
reloadAllAccessors: .NewHDFtest2

===========================================================================================
----------------- testing Sat Jul 13 01:55:37 UTC 2019 /home/travis/build/icyphy/ptII/ptolemy/domains/hdf/kernel/test/auto/DifferentRefinedRates6.xml
----------------- Instantiating /home/travis/build/icyphy/ptII/ptolemy/domains/hdf/kernel/test/auto/DifferentRefinedRates6.xml
42 ms. Memory: 120832K Free: 67120K (56%)
----------------- Invoking toplevel() on ptolemy.moml.MoMLSimpleApplication@7e218a8b
----------------- Done invoking toplevel() on ptolemy.moml.MoMLSimpleApplication@7e218a8b
reloadAllAccessors: .DifferentRefinedRates6

===========================================================================================
----------------- testing Sat Jul 13 01:55:37 UTC 2019 /home/travis/build/icyphy/ptII/ptolemy/domains/hdf/kernel/test/auto/DownSample_PowerOfTwo.xml
----------------- Instantiating /home/travis/build/icyphy/ptII/ptolemy/domains/hdf/kernel/test/auto/DownSample_PowerOfTwo.xml
204 ms. Memory: 120832K Free: 92692K (77%)
----------------- Invoking toplevel() on ptolemy.moml.MoMLSimpleApplication@11423c47
----------------- Done invoking toplevel() on ptolemy.moml.MoMLSimpleApplication@11423c47
reloadAllAccessors: .SDFDownSample

===========================================================================================
----------------- testing Sat Jul 13 01:55:37 UTC 2019 /home/travis/build/icyphy/ptII/ptolemy/domains/hdf/kernel/test/auto/FibonacciWithNullInitial.xml
----------------- Instantiating /home/travis/build/icyphy/ptII/ptolemy/domains/hdf/kernel/test/auto/FibonacciWithNullInitial.xml
145 ms. Memory: 120832K Free: 68532K (57%)
----------------- Invoking toplevel() on ptolemy.moml.MoMLSimpleApplication@443b20c5
----------------- Done invoking toplevel() on ptolemy.moml.MoMLSimpleApplication@443b20c5
reloadAllAccessors: .FibonacciWithNullInitial

===========================================================================================
----------------- testing Sat Jul 13 01:55:38 UTC 2019 /home/travis/build/icyphy/ptII/ptolemy/domains/hdf/kernel/test/auto/FibonacciWithNullInitial1.xml
----------------- Instantiating /home/travis/build/icyphy/ptII/ptolemy/domains/hdf/kernel/test/auto/FibonacciWithNullInitial1.xml
168 ms. Memory: 120832K Free: 105875K (88%)
----------------- Invoking toplevel() on ptolemy.moml.MoMLSimpleApplication@40626d38
----------------- Done invoking toplevel() on ptolemy.moml.MoMLSimpleApplication@40626d38
reloadAllAccessors: .FibonacciWithNullInitial1

===========================================================================================
----------------- testing Sat Jul 13 01:55:38 UTC 2019 /home/travis/build/icyphy/ptII/ptolemy/domains/hdf/kernel/test/auto/FibonacciWithTransientStates.xml
----------------- Instantiating /home/travis/build/icyphy/ptII/ptolemy/domains/hdf/kernel/test/auto/FibonacciWithTransientStates.xml
127 ms. Memory: 120832K Free: 77167K (64%)
----------------- Invoking toplevel() on ptolemy.moml.MoMLSimpleApplication@6dd3daef
----------------- Done invoking toplevel() on ptolemy.moml.MoMLSimpleApplication@6dd3daef
reloadAllAccessors: .FibonacciWithTransientStates

===========================================================================================
----------------- testing Sat Jul 13 01:55:38 UTC 2019 /home/travis/build/icyphy/ptII/ptolemy/domains/hdf/kernel/test/auto/FibonacciWithTransientStates2.xml
----------------- Instantiating /home/travis/build/icyphy/ptII/ptolemy/domains/hdf/kernel/test/auto/FibonacciWithTransientStates2.xml
50 ms. Memory: 120832K Free: 55947K (46%)
----------------- Invoking toplevel() on ptolemy.moml.MoMLSimpleApplication@4279cc88
----------------- Done invoking toplevel() on ptolemy.moml.MoMLSimpleApplication@4279cc88
reloadAllAccessors: .FibonacciWithTransientStates2

===========================================================================================
----------------- testing Sat Jul 13 01:55:38 UTC 2019 /home/travis/build/icyphy/ptII/ptolemy/domains/hdf/kernel/test/auto/FibonacciWithoutHistoryInitial.xml
----------------- Instantiating /home/travis/build/icyphy/ptII/ptolemy/domains/hdf/kernel/test/auto/FibonacciWithoutHistoryInitial.xml
141 ms. Memory: 145408K Free: 123452K (85%)
----------------- Invoking toplevel() on ptolemy.moml.MoMLSimpleApplication@71759f66
----------------- Done invoking toplevel() on ptolemy.moml.MoMLSimpleApplication@71759f66
reloadAllAccessors: .FibonacciWithoutHistoryInitial

===========================================================================================
----------------- testing Sat Jul 13 01:55:38 UTC 2019 /home/travis/build/icyphy/ptII/ptolemy/domains/hdf/kernel/test/auto/GuardUsingPastTokens.xml
----------------- Instantiating /home/travis/build/icyphy/ptII/ptolemy/domains/hdf/kernel/test/auto/GuardUsingPastTokens.xml
31 ms. Memory: 145408K Free: 108491K (75%)
----------------- Invoking toplevel() on ptolemy.moml.MoMLSimpleApplication@29698f53
----------------- Done invoking toplevel() on ptolemy.moml.MoMLSimpleApplication@29698f53
reloadAllAccessors: .GuardUsingPastTokens

===========================================================================================
----------------- testing Sat Jul 13 01:55:38 UTC 2019 /home/travis/build/icyphy/ptII/ptolemy/domains/hdf/kernel/test/auto/GuardWithResets.xml
----------------- Instantiating /home/travis/build/icyphy/ptII/ptolemy/domains/hdf/kernel/test/auto/GuardWithResets.xml
25 ms. Memory: 145408K Free: 91474K (63%)
----------------- Invoking toplevel() on ptolemy.moml.MoMLSimpleApplication@735d708
----------------- Done invoking toplevel() on ptolemy.moml.MoMLSimpleApplication@735d708
reloadAllAccessors: .GuardWithResets

===========================================================================================
----------------- testing Sat Jul 13 01:55:38 UTC 2019 /home/travis/build/icyphy/ptII/ptolemy/domains/hdf/kernel/test/auto/Hierarchy_2Level_Test1.xml
----------------- Instantiating /home/travis/build/icyphy/ptII/ptolemy/domains/hdf/kernel/test/auto/Hierarchy_2Level_Test1.xml
25 ms. Memory: 145408K Free: 74066K (51%)
----------------- Invoking toplevel() on ptolemy.moml.MoMLSimpleApplication@37ff1857
----------------- Done invoking toplevel() on ptolemy.moml.MoMLSimpleApplication@37ff1857
reloadAllAccessors: .Hierarchy_2Level_Test1

===========================================================================================
----------------- testing Sat Jul 13 01:55:38 UTC 2019 /home/travis/build/icyphy/ptII/ptolemy/domains/hdf/kernel/test/auto/Hierarchy_2Level_Test2.xml
----------------- Instantiating /home/travis/build/icyphy/ptII/ptolemy/domains/hdf/kernel/test/auto/Hierarchy_2Level_Test2.xml
25 ms. Memory: 145408K Free: 55870K (38%)
----------------- Invoking toplevel() on ptolemy.moml.MoMLSimpleApplication@1f2497d4
----------------- Done invoking toplevel() on ptolemy.moml.MoMLSimpleApplication@1f2497d4
reloadAllAccessors: .Hierarchy_4Level_Test2

===========================================================================================
----------------- testing Sat Jul 13 01:55:39 UTC 2019 /home/travis/build/icyphy/ptII/ptolemy/domains/hdf/kernel/test/auto/Hysteresis.xml
----------------- Instantiating /home/travis/build/icyphy/ptII/ptolemy/domains/hdf/kernel/test/auto/Hysteresis.xml
19 ms. Memory: 145408K Free: 122578K (84%)
----------------- Invoking toplevel() on ptolemy.moml.MoMLSimpleApplication@1de5f140
----------------- Done invoking toplevel() on ptolemy.moml.MoMLSimpleApplication@1de5f140
reloadAllAccessors: .Hysteresis

===========================================================================================
----------------- testing Sat Jul 13 01:55:39 UTC 2019 /home/travis/build/icyphy/ptII/ptolemy/domains/hdf/kernel/test/auto/InitTransient.xml
----------------- Instantiating /home/travis/build/icyphy/ptII/ptolemy/domains/hdf/kernel/test/auto/InitTransient.xml
27 ms. Memory: 145408K Free: 103152K (71%)
----------------- Invoking toplevel() on ptolemy.moml.MoMLSimpleApplication@3bc73f88
----------------- Done invoking toplevel() on ptolemy.moml.MoMLSimpleApplication@3bc73f88
reloadAllAccessors: .InitTransient

===========================================================================================
----------------- testing Sat Jul 13 01:55:39 UTC 2019 /home/travis/build/icyphy/ptII/ptolemy/domains/hdf/kernel/test/auto/Merge.xml
----------------- Instantiating /home/travis/build/icyphy/ptII/ptolemy/domains/hdf/kernel/test/auto/Merge.xml
35 ms. Memory: 145408K Free: 85744K (59%)
----------------- Invoking toplevel() on ptolemy.moml.MoMLSimpleApplication@7cc9acdf
----------------- Done invoking toplevel() on ptolemy.moml.MoMLSimpleApplication@7cc9acdf
reloadAllAccessors: .Merge

===========================================================================================
----------------- testing Sat Jul 13 01:55:39 UTC 2019 /home/travis/build/icyphy/ptII/ptolemy/domains/hdf/kernel/test/auto/ModalModelBooleanSwitch.xml
----------------- Instantiating /home/travis/build/icyphy/ptII/ptolemy/domains/hdf/kernel/test/auto/ModalModelBooleanSwitch.xml
44 ms. Memory: 145408K Free: 66715K (46%)
----------------- Invoking toplevel() on ptolemy.moml.MoMLSimpleApplication@4a7844c5
----------------- Done invoking toplevel() on ptolemy.moml.MoMLSimpleApplication@4a7844c5
reloadAllAccessors: .BooleanSwitchWithModel

===========================================================================================
----------------- testing Sat Jul 13 01:55:39 UTC 2019 /home/travis/build/icyphy/ptII/ptolemy/domains/hdf/kernel/test/auto/SameRates.xml
----------------- Instantiating /home/travis/build/icyphy/ptII/ptolemy/domains/hdf/kernel/test/auto/SameRates.xml
14 ms. Memory: 145408K Free: 53962K (37%)
----------------- Invoking toplevel() on ptolemy.moml.MoMLSimpleApplication@432829cb
----------------- Done invoking toplevel() on ptolemy.moml.MoMLSimpleApplication@432829cb
reloadAllAccessors: .SameRates

===========================================================================================
----------------- testing Sat Jul 13 01:55:39 UTC 2019 /home/travis/build/icyphy/ptII/ptolemy/domains/hdf/kernel/test/auto/SameRefinedRates.xml
----------------- Instantiating /home/travis/build/icyphy/ptII/ptolemy/domains/hdf/kernel/test/auto/SameRefinedRates.xml
21 ms. Memory: 145408K Free: 125562K (86%)
----------------- Invoking toplevel() on ptolemy.moml.MoMLSimpleApplication@6c4430e5
----------------- Done invoking toplevel() on ptolemy.moml.MoMLSimpleApplication@6c4430e5
reloadAllAccessors: .SameRefinedRates

===========================================================================================
----------------- testing Sat Jul 13 01:55:39 UTC 2019 /home/travis/build/icyphy/ptII/ptolemy/domains/hdf/kernel/test/auto/SameRefinedRates2.xml
----------------- Instantiating /home/travis/build/icyphy/ptII/ptolemy/domains/hdf/kernel/test/auto/SameRefinedRates2.xml
23 ms. Memory: 145408K Free: 111212K (76%)
----------------- Invoking toplevel() on ptolemy.moml.MoMLSimpleApplication@64c19c30
----------------- Done invoking toplevel() on ptolemy.moml.MoMLSimpleApplication@64c19c30
reloadAllAccessors: .SameRefinedRates2

===========================================================================================
----------------- testing Sat Jul 13 01:55:39 UTC 2019 /home/travis/build/icyphy/ptII/ptolemy/domains/hdf/kernel/test/auto/TransientStates.xml
----------------- Instantiating /home/travis/build/icyphy/ptII/ptolemy/domains/hdf/kernel/test/auto/TransientStates.xml
29 ms. Memory: 145408K Free: 91756K (63%)
----------------- Invoking toplevel() on ptolemy.moml.MoMLSimpleApplication@48d1b4c5
----------------- Done invoking toplevel() on ptolemy.moml.MoMLSimpleApplication@48d1b4c5
reloadAllAccessors: .TransientStates

===========================================================================================
----------------- testing Sat Jul 13 01:55:39 UTC 2019 /home/travis/build/icyphy/ptII/ptolemy/domains/hdf/kernel/test/auto/TwoHammingCodec.xml
----------------- Instantiating /home/travis/build/icyphy/ptII/ptolemy/domains/hdf/kernel/test/auto/TwoHammingCodec.xml
43 ms. Memory: 145408K Free: 71284K (49%)
----------------- Invoking toplevel() on ptolemy.moml.MoMLSimpleApplication@1f9f72c1
----------------- Done invoking toplevel() on ptolemy.moml.MoMLSimpleApplication@1f9f72c1
reloadAllAccessors: .TwoHammingCodec

===========================================================================================
----------------- testing Sat Jul 13 01:55:39 UTC 2019 /home/travis/build/icyphy/ptII/ptolemy/domains/hdf/kernel/test/auto/TwoHammingCodec1.xml
----------------- Instantiating /home/travis/build/icyphy/ptII/ptolemy/domains/hdf/kernel/test/auto/TwoHammingCodec1.xml
43 ms. Memory: 145408K Free: 47228K (32%)
----------------- Invoking toplevel() on ptolemy.moml.MoMLSimpleApplication@453d297c
----------------- Done invoking toplevel() on ptolemy.moml.MoMLSimpleApplication@453d297c
reloadAllAccessors: .twoHammingCodec1

===========================================================================================
----------------- testing Sat Jul 13 01:55:39 UTC 2019 /home/travis/build/icyphy/ptII/ptolemy/domains/hdf/kernel/test/auto/TwoLevelHierarchy.xml
----------------- Instantiating /home/travis/build/icyphy/ptII/ptolemy/domains/hdf/kernel/test/auto/TwoLevelHierarchy.xml
61 ms. Memory: 145408K Free: 89580K (62%)
----------------- Invoking toplevel() on ptolemy.moml.MoMLSimpleApplication@7f371446
----------------- Done invoking toplevel() on ptolemy.moml.MoMLSimpleApplication@7f371446
reloadAllAccessors: .TwoLevelHierarchy

===========================================================================================
----------------- testing Sat Jul 13 01:55:40 UTC 2019 /home/travis/build/icyphy/ptII/ptolemy/domains/hdf/kernel/test/auto/TwoLevelHierarchy1.xml
----------------- Instantiating /home/travis/build/icyphy/ptII/ptolemy/domains/hdf/kernel/test/auto/TwoLevelHierarchy1.xml
70 ms. Memory: 145408K Free: 47086K (32%)
----------------- Invoking toplevel() on ptolemy.moml.MoMLSimpleApplication@3c32b344
----------------- Done invoking toplevel() on ptolemy.moml.MoMLSimpleApplication@3c32b344
reloadAllAccessors: .TwoLevelHierarchy1

===========================================================================================
----------------- testing Sat Jul 13 01:55:40 UTC 2019 /home/travis/build/icyphy/ptII/ptolemy/domains/hdf/kernel/test/auto/TwoLevelHierarchy2.xml
----------------- Instantiating /home/travis/build/icyphy/ptII/ptolemy/domains/hdf/kernel/test/auto/TwoLevelHierarchy2.xml
60 ms. Memory: 145408K Free: 96782K (67%)
----------------- Invoking toplevel() on ptolemy.moml.MoMLSimpleApplication@3a000ad9
----------------- Done invoking toplevel() on ptolemy.moml.MoMLSimpleApplication@3a000ad9
reloadAllAccessors: .TwoLevelHierarchy2

===========================================================================================
----------------- testing Sat Jul 13 01:55:40 UTC 2019 /home/travis/build/icyphy/ptII/ptolemy/domains/hdf/kernel/test/auto/TwoLevelHierarchyNullStates.xml
----------------- Instantiating /home/travis/build/icyphy/ptII/ptolemy/domains/hdf/kernel/test/auto/TwoLevelHierarchyNullStates.xml
58 ms. Memory: 145408K Free: 47116K (32%)
----------------- Invoking toplevel() on ptolemy.moml.MoMLSimpleApplication@2f6f167a
----------------- Done invoking toplevel() on ptolemy.moml.MoMLSimpleApplication@2f6f167a
reloadAllAccessors: .TwoLevelHierarchyNullStates

===========================================================================================
----------------- testing Sat Jul 13 01:55:40 UTC 2019 /home/travis/build/icyphy/ptII/ptolemy/domains/hdf/kernel/test/auto/TwoLevelHierarchyWithResets.xml
----------------- Instantiating /home/travis/build/icyphy/ptII/ptolemy/domains/hdf/kernel/test/auto/TwoLevelHierarchyWithResets.xml
76 ms. Memory: 145408K Free: 87816K (60%)
----------------- Invoking toplevel() on ptolemy.moml.MoMLSimpleApplication@61a50801
----------------- Done invoking toplevel() on ptolemy.moml.MoMLSimpleApplication@61a50801
reloadAllAccessors: .TwoLevelHierarchy1

===========================================================================================
----------------- testing Sat Jul 13 01:55:40 UTC 2019 /home/travis/build/icyphy/ptII/ptolemy/domains/hdf/kernel/test/auto/TwoLevelHierarchyWithResetsNullStates.xml
----------------- Instantiating /home/travis/build/icyphy/ptII/ptolemy/domains/hdf/kernel/test/auto/TwoLevelHierarchyWithResetsNullStates.xml
87 ms. Memory: 145408K Free: 112386K (77%)
----------------- Invoking toplevel() on ptolemy.moml.MoMLSimpleApplication@789952ab
----------------- Done invoking toplevel() on ptolemy.moml.MoMLSimpleApplication@789952ab
reloadAllAccessors: .TwoLevelHierarchyWithResetsNullStates

===========================================================================================
----------------- testing Sat Jul 13 01:55:40 UTC 2019 /home/travis/build/icyphy/ptII/ptolemy/domains/hdf/kernel/test/auto/WaterTank_HDF.xml
----------------- Instantiating /home/travis/build/icyphy/ptII/ptolemy/domains/hdf/kernel/test/auto/WaterTank_HDF.xml
59 ms. Memory: 145408K Free: 83551K (57%)
----------------- Invoking toplevel() on ptolemy.moml.MoMLSimpleApplication@5d43113e
----------------- Done invoking toplevel() on ptolemy.moml.MoMLSimpleApplication@5d43113e
reloadAllAccessors: .WaterTank_HDF

===========================================================================================
----------------- testing Sat Jul 13 01:55:41 UTC 2019 /home/travis/build/icyphy/ptII/ptolemy/domains/hdf/kernel/test/auto/WaterTank_HDF2.xml
----------------- Instantiating /home/travis/build/icyphy/ptII/ptolemy/domains/hdf/kernel/test/auto/WaterTank_HDF2.xml
55 ms. Memory: 145408K Free: 50783K (35%)
----------------- Invoking toplevel() on ptolemy.moml.MoMLSimpleApplication@3b4417ff
----------------- Done invoking toplevel() on ptolemy.moml.MoMLSimpleApplication@3b4417ff
reloadAllAccessors: .WaterTank_HDF2

===========================================================================================
----------------- testing Sat Jul 13 01:55:41 UTC 2019 /home/travis/build/icyphy/ptII/ptolemy/domains/hdf/kernel/test/auto/badFSMRateChanges.xml
----------------- Instantiating /home/travis/build/icyphy/ptII/ptolemy/domains/hdf/kernel/test/auto/badFSMRateChanges.xml
15 ms. Memory: 145408K Free: 121980K (84%)
----------------- Invoking toplevel() on ptolemy.moml.MoMLSimpleApplication@20c9c68c
----------------- Done invoking toplevel() on ptolemy.moml.MoMLSimpleApplication@20c9c68c
reloadAllAccessors: .badFSMRateChanges
AutoTests.java: About to close Vertx.
AutoTests.java: Vertx closed.
]]></system-out>
  <system-err><![CDATA[]]></system-err>
</testsuite>
