<?xml version="1.0" encoding="UTF-8" ?>
<testsuite errors="0" failures="0" hostname="travis-job-a65c1801-f132-42f0-be7e-b3c1ebc91f69" name="ptolemy.actor.lib.hoc.test.junit.JUnitTclTest" skipped="0" tests="58" time="32.427" timestamp="2020-01-21T12:17:21">
  <properties>
[...]
</properties>
  <testcase classname="ptolemy.util.test.junit.TclTests" name="[0] /home/travis/build/icyphy/ptII/ptolemy/actor/lib/hoc/test/IterateOverArray.tcl (RunTclFile)" time="0.292" />
  <testcase classname="ptolemy.util.test.junit.AutoKnownFailedTests" name="[0] /home/travis/build/icyphy/ptII/ptolemy/actor/lib/hoc/test/auto/knownFailedTests/PreinitializeMustBeInvokedRunComposite.xml (RunModel)" time="0.391" />
  <testcase classname="ptolemy.util.test.junit.AutoNameArchTests" name="[0] ThereAreNoAutoArchTests (RunModel)" time="0.004" />
  <testcase classname="ptolemy.util.test.junit.AutoTests" name="[0] /home/travis/build/icyphy/ptII/ptolemy/actor/lib/hoc/test/auto/AllToAllMultiInstanceComposite.xml (RunModel)" time="0.331" />
  <testcase classname="ptolemy.util.test.junit.AutoTests" name="[1] /home/travis/build/icyphy/ptII/ptolemy/actor/lib/hoc/test/auto/ApplyFFTTest.xml (RunModel)" time="0.435" />
  <testcase classname="ptolemy.util.test.junit.AutoTests" name="[2] /home/travis/build/icyphy/ptII/ptolemy/actor/lib/hoc/test/auto/ApplyFunction.xml (RunModel)" time="0.029" />
  <testcase classname="ptolemy.util.test.junit.AutoTests" name="[3] /home/travis/build/icyphy/ptII/ptolemy/actor/lib/hoc/test/auto/BackgroundExecution.xml (RunModel)" time="0.744" />
  <testcase classname="ptolemy.util.test.junit.AutoTests" name="[4] /home/travis/build/icyphy/ptII/ptolemy/actor/lib/hoc/test/auto/Case.xml (RunModel)" time="0.068" />
  <testcase classname="ptolemy.util.test.junit.AutoTests" name="[5] /home/travis/build/icyphy/ptII/ptolemy/actor/lib/hoc/test/auto/Case1.xml (RunModel)" time="0.074" />
  <testcase classname="ptolemy.util.test.junit.AutoTests" name="[6] /home/travis/build/icyphy/ptII/ptolemy/actor/lib/hoc/test/auto/Case2.xml (RunModel)" time="0.134" />
  <testcase classname="ptolemy.util.test.junit.AutoTests" name="[7] /home/travis/build/icyphy/ptII/ptolemy/actor/lib/hoc/test/auto/Case3.xml (RunModel)" time="0.068" />
  <testcase classname="ptolemy.util.test.junit.AutoTests" name="[8] /home/travis/build/icyphy/ptII/ptolemy/actor/lib/hoc/test/auto/Case4.xml (RunModel)" time="0.07" />
  <testcase classname="ptolemy.util.test.junit.AutoTests" name="[9] /home/travis/build/icyphy/ptII/ptolemy/actor/lib/hoc/test/auto/Case5.xml (RunModel)" time="0.074" />
  <testcase classname="ptolemy.util.test.junit.AutoTests" name="[10] /home/travis/build/icyphy/ptII/ptolemy/actor/lib/hoc/test/auto/Case6.xml (RunModel)" time="0.086" />
  <testcase classname="ptolemy.util.test.junit.AutoTests" name="[11] /home/travis/build/icyphy/ptII/ptolemy/actor/lib/hoc/test/auto/CaseString2.xml (RunModel)" time="0.061" />
  <testcase classname="ptolemy.util.test.junit.AutoTests" name="[12] /home/travis/build/icyphy/ptII/ptolemy/actor/lib/hoc/test/auto/CatchUpComposite1.xml (RunModel)" time="0.095" />
  <testcase classname="ptolemy.util.test.junit.AutoTests" name="[13] /home/travis/build/icyphy/ptII/ptolemy/actor/lib/hoc/test/auto/CatchUpComposite2.xml (RunModel)" time="0.046" />
  <testcase classname="ptolemy.util.test.junit.AutoTests" name="[14] /home/travis/build/icyphy/ptII/ptolemy/actor/lib/hoc/test/auto/CatchUpComposite3.xml (RunModel)" time="0.069" />
  <testcase classname="ptolemy.util.test.junit.AutoTests" name="[15] /home/travis/build/icyphy/ptII/ptolemy/actor/lib/hoc/test/auto/CatchUpComposite4.xml (RunModel)" time="0.056" />
  <testcase classname="ptolemy.util.test.junit.AutoTests" name="[16] /home/travis/build/icyphy/ptII/ptolemy/actor/lib/hoc/test/auto/CatchUpComposite5.xml (RunModel)" time="0.045" />
  <testcase classname="ptolemy.util.test.junit.AutoTests" name="[17] /home/travis/build/icyphy/ptII/ptolemy/actor/lib/hoc/test/auto/CatchUpComposite6.xml (RunModel)" time="0.184" />
  <testcase classname="ptolemy.util.test.junit.AutoTests" name="[18] /home/travis/build/icyphy/ptII/ptolemy/actor/lib/hoc/test/auto/CatchUpComposite7.xml (RunModel)" time="0.114" />
  <testcase classname="ptolemy.util.test.junit.AutoTests" name="[19] /home/travis/build/icyphy/ptII/ptolemy/actor/lib/hoc/test/auto/ConcurrentExecutionTimeSDF.xml (RunModel)" time="1.275" />
  <testcase classname="ptolemy.util.test.junit.AutoTests" name="[20] /home/travis/build/icyphy/ptII/ptolemy/actor/lib/hoc/test/auto/ConcurrentSleep.xml (RunModel)" time="0.754" />
  <testcase classname="ptolemy.util.test.junit.AutoTests" name="[21] /home/travis/build/icyphy/ptII/ptolemy/actor/lib/hoc/test/auto/DEInPNInRunCompositeActor.xml (RunModel)" time="0.044" />
  <testcase classname="ptolemy.util.test.junit.AutoTests" name="[22] /home/travis/build/icyphy/ptII/ptolemy/actor/lib/hoc/test/auto/DFTSubSetTest.xml (RunModel)" time="0.182" />
  <testcase classname="ptolemy.util.test.junit.AutoTests" name="[23] /home/travis/build/icyphy/ptII/ptolemy/actor/lib/hoc/test/auto/HocDE.xml (RunModel)" time="0.127" />
  <testcase classname="ptolemy.util.test.junit.AutoTests" name="[24] /home/travis/build/icyphy/ptII/ptolemy/actor/lib/hoc/test/auto/IterateOverArray.xml (RunModel)" time="0.023" />
  <testcase classname="ptolemy.util.test.junit.AutoTests" name="[25] /home/travis/build/icyphy/ptII/ptolemy/actor/lib/hoc/test/auto/IterateOverArray10.xml (RunModel)" time="0.013" />
  <testcase classname="ptolemy.util.test.junit.AutoTests" name="[26] /home/travis/build/icyphy/ptII/ptolemy/actor/lib/hoc/test/auto/IterateOverArray11.xml (RunModel)" time="0.017" />
  <testcase classname="ptolemy.util.test.junit.AutoTests" name="[27] /home/travis/build/icyphy/ptII/ptolemy/actor/lib/hoc/test/auto/IterateOverArray12.xml (RunModel)" time="0.033" />
  <testcase classname="ptolemy.util.test.junit.AutoTests" name="[28] /home/travis/build/icyphy/ptII/ptolemy/actor/lib/hoc/test/auto/IterateOverArray13.xml (RunModel)" time="0.138" />
  <testcase classname="ptolemy.util.test.junit.AutoTests" name="[29] /home/travis/build/icyphy/ptII/ptolemy/actor/lib/hoc/test/auto/IterateOverArray14.xml (RunModel)" time="0.174" />
  <testcase classname="ptolemy.util.test.junit.AutoTests" name="[30] /home/travis/build/icyphy/ptII/ptolemy/actor/lib/hoc/test/auto/IterateOverArray2.xml (RunModel)" time="0.033" />
  <testcase classname="ptolemy.util.test.junit.AutoTests" name="[31] /home/travis/build/icyphy/ptII/ptolemy/actor/lib/hoc/test/auto/IterateOverArray3.xml (RunModel)" time="0.045" />
  <testcase classname="ptolemy.util.test.junit.AutoTests" name="[32] /home/travis/build/icyphy/ptII/ptolemy/actor/lib/hoc/test/auto/IterateOverArray4.xml (RunModel)" time="0.026" />
  <testcase classname="ptolemy.util.test.junit.AutoTests" name="[33] /home/travis/build/icyphy/ptII/ptolemy/actor/lib/hoc/test/auto/IterateOverArray5.xml (RunModel)" time="0.02" />
  <testcase classname="ptolemy.util.test.junit.AutoTests" name="[34] /home/travis/build/icyphy/ptII/ptolemy/actor/lib/hoc/test/auto/IterateOverArray6.xml (RunModel)" time="0.025" />
  <testcase classname="ptolemy.util.test.junit.AutoTests" name="[35] /home/travis/build/icyphy/ptII/ptolemy/actor/lib/hoc/test/auto/IterateOverArray7.xml (RunModel)" time="0.024" />
  <testcase classname="ptolemy.util.test.junit.AutoTests" name="[36] /home/travis/build/icyphy/ptII/ptolemy/actor/lib/hoc/test/auto/IterateOverArray8.xml (RunModel)" time="0.018" />
  <testcase classname="ptolemy.util.test.junit.AutoTests" name="[37] /home/travis/build/icyphy/ptII/ptolemy/actor/lib/hoc/test/auto/IterateOverArray9.xml (RunModel)" time="0.024" />
  <testcase classname="ptolemy.util.test.junit.AutoTests" name="[38] /home/travis/build/icyphy/ptII/ptolemy/actor/lib/hoc/test/auto/IterateOverArrayCoercedOutputType.xml (RunModel)" time="0.036" />
  <testcase classname="ptolemy.util.test.junit.AutoTests" name="[39] /home/travis/build/icyphy/ptII/ptolemy/actor/lib/hoc/test/auto/IterateOverArrayInferredOutputType.xml (RunModel)" time="0.023" />
  <testcase classname="ptolemy.util.test.junit.AutoTests" name="[40] /home/travis/build/icyphy/ptII/ptolemy/actor/lib/hoc/test/auto/MobileFunctionTest.xml (RunModel)" time="0.019" />
  <testcase classname="ptolemy.util.test.junit.AutoTests" name="[41] /home/travis/build/icyphy/ptII/ptolemy/actor/lib/hoc/test/auto/MobileModelTest.xml (RunModel)" time="0.184" />
  <testcase classname="ptolemy.util.test.junit.AutoTests" name="[42] /home/travis/build/icyphy/ptII/ptolemy/actor/lib/hoc/test/auto/ModelReference.xml (RunModel)" time="0.078" />
  <testcase classname="ptolemy.util.test.junit.AutoTests" name="[43] /home/travis/build/icyphy/ptII/ptolemy/actor/lib/hoc/test/auto/ModelReference3.xml (RunModel)" time="0.052" />
  <testcase classname="ptolemy.util.test.junit.AutoTests" name="[44] /home/travis/build/icyphy/ptII/ptolemy/actor/lib/hoc/test/auto/ModelReference4.xml (RunModel)" time="10.028" />
  <testcase classname="ptolemy.util.test.junit.AutoTests" name="[45] /home/travis/build/icyphy/ptII/ptolemy/actor/lib/hoc/test/auto/MultiInstanceComposite.xml (RunModel)" time="0.088" />
  <testcase classname="ptolemy.util.test.junit.AutoTests" name="[46] /home/travis/build/icyphy/ptII/ptolemy/actor/lib/hoc/test/auto/MultiInstanceComposite2.xml (RunModel)" time="0.032" />
  <testcase classname="ptolemy.util.test.junit.AutoTests" name="[47] /home/travis/build/icyphy/ptII/ptolemy/actor/lib/hoc/test/auto/MulticoreExecution.xml (RunModel)" time="1.075" />
  <testcase classname="ptolemy.util.test.junit.AutoTests" name="[48] /home/travis/build/icyphy/ptII/ptolemy/actor/lib/hoc/test/auto/ParallelExecution.xml (RunModel)" time="0.939" />
  <testcase classname="ptolemy.util.test.junit.AutoTests" name="[49] /home/travis/build/icyphy/ptII/ptolemy/actor/lib/hoc/test/auto/RunCompositeActor.xml (RunModel)" time="0.029" />
  <testcase classname="ptolemy.util.test.junit.AutoTests" name="[50] /home/travis/build/icyphy/ptII/ptolemy/actor/lib/hoc/test/auto/RunCompositeActor2.xml (RunModel)" time="0.018" />
  <testcase classname="ptolemy.util.test.junit.AutoTests" name="[51] /home/travis/build/icyphy/ptII/ptolemy/actor/lib/hoc/test/auto/RunCompositeActor3.xml (RunModel)" time="0.031" />
  <testcase classname="ptolemy.util.test.junit.AutoTests" name="[52] /home/travis/build/icyphy/ptII/ptolemy/actor/lib/hoc/test/auto/RunCompositeActor4.xml (RunModel)" time="0.027" />
  <testcase classname="ptolemy.util.test.junit.AutoTests" name="[53] /home/travis/build/icyphy/ptII/ptolemy/actor/lib/hoc/test/auto/RunCompositeIterateOverArray.xml (RunModel)" time="0.022" />
  <testcase classname="ptolemy.util.test.junit.AutoTests" name="[54] /home/travis/build/icyphy/ptII/ptolemy/actor/lib/hoc/test/auto/ThreadedJS.xml (RunModel)" time="12.633" />
  <system-out><![CDATA[/home/travis/build/icyphy/ptII/ptolemy/actor/lib/hoc/test/IterateOverArray.tcl
testDefs.tcl: setting time out to 9000 seconds at Tue Jan 21 12:17:22 UTC 2020
01/21/20 12:17:22
Failed: 0  Total Tests: 2  ((Passed: 2, Newly Passed: 0)  Known Failed: 0) /home/travis/build/icyphy/ptII/ptolemy/actor/lib/hoc/test
----------------- testing (KnownFailure) /home/travis/build/icyphy/ptII/ptolemy/actor/lib/hoc/test/auto/knownFailedTests/PreinitializeMustBeInvokedRunComposite.xml
139 ms. Memory: 129024K Free: 86979K (67%)
Known Failure: java.lang.reflect.InvocationTargetException
No auto/linux-amd64/*.xml tests in /home/travis/build/icyphy/ptII/ptolemy/actor/lib/hoc/test
AutoTests.java: About to close Vertx.
AutoTests.java: Vertx closed.

===========================================================================================
----------------- testing Tue Jan 21 12:17:23 UTC 2020 /home/travis/build/icyphy/ptII/ptolemy/actor/lib/hoc/test/auto/AllToAllMultiInstanceComposite.xml
----------------- Instantiating /home/travis/build/icyphy/ptII/ptolemy/actor/lib/hoc/test/auto/AllToAllMultiInstanceComposite.xml
170 ms. Memory: 129024K Free: 105716K (82%)
----------------- Invoking toplevel() on ptolemy.moml.MoMLSimpleApplication@ee246d3
----------------- Done invoking toplevel() on ptolemy.moml.MoMLSimpleApplication@ee246d3
reloadAllAccessors: .AllToAllMultiInstanceComposite

===========================================================================================
----------------- testing Tue Jan 21 12:17:23 UTC 2020 /home/travis/build/icyphy/ptII/ptolemy/actor/lib/hoc/test/auto/ApplyFFTTest.xml
----------------- Instantiating /home/travis/build/icyphy/ptII/ptolemy/actor/lib/hoc/test/auto/ApplyFFTTest.xml
111 ms. Memory: 129024K Free: 86859K (67%)
----------------- Invoking toplevel() on ptolemy.moml.MoMLSimpleApplication@6f0321b9
----------------- Done invoking toplevel() on ptolemy.moml.MoMLSimpleApplication@6f0321b9
reloadAllAccessors: .ApplyFFTTest

===========================================================================================
----------------- testing Tue Jan 21 12:17:23 UTC 2020 /home/travis/build/icyphy/ptII/ptolemy/actor/lib/hoc/test/auto/ApplyFunction.xml
----------------- Instantiating /home/travis/build/icyphy/ptII/ptolemy/actor/lib/hoc/test/auto/ApplyFunction.xml
5 ms. Memory: 129024K Free: 83759K (65%)
----------------- Invoking toplevel() on ptolemy.moml.MoMLSimpleApplication@6f6a49bd
----------------- Done invoking toplevel() on ptolemy.moml.MoMLSimpleApplication@6f6a49bd
reloadAllAccessors: .ApplyFunction

===========================================================================================
----------------- testing Tue Jan 21 12:17:23 UTC 2020 /home/travis/build/icyphy/ptII/ptolemy/actor/lib/hoc/test/auto/BackgroundExecution.xml
----------------- Instantiating /home/travis/build/icyphy/ptII/ptolemy/actor/lib/hoc/test/auto/BackgroundExecution.xml
646 ms. Memory: 129024K Free: 76026K (59%)
----------------- Invoking toplevel() on ptolemy.moml.MoMLSimpleApplication@61515d39
----------------- Done invoking toplevel() on ptolemy.moml.MoMLSimpleApplication@61515d39
reloadAllAccessors: .BackgroundExecution

===========================================================================================
----------------- testing Tue Jan 21 12:17:24 UTC 2020 /home/travis/build/icyphy/ptII/ptolemy/actor/lib/hoc/test/auto/Case.xml
----------------- Instantiating /home/travis/build/icyphy/ptII/ptolemy/actor/lib/hoc/test/auto/Case.xml
23 ms. Memory: 129024K Free: 111728K (87%)
----------------- Invoking toplevel() on ptolemy.moml.MoMLSimpleApplication@60f1b807
----------------- Done invoking toplevel() on ptolemy.moml.MoMLSimpleApplication@60f1b807
reloadAllAccessors: .Case

===========================================================================================
----------------- testing Tue Jan 21 12:17:24 UTC 2020 /home/travis/build/icyphy/ptII/ptolemy/actor/lib/hoc/test/auto/Case1.xml
----------------- Instantiating /home/travis/build/icyphy/ptII/ptolemy/actor/lib/hoc/test/auto/Case1.xml
12 ms. Memory: 129024K Free: 104959K (81%)
----------------- Invoking toplevel() on ptolemy.moml.MoMLSimpleApplication@b74da50
----------------- Done invoking toplevel() on ptolemy.moml.MoMLSimpleApplication@b74da50
reloadAllAccessors: .Case1

===========================================================================================
----------------- testing Tue Jan 21 12:17:24 UTC 2020 /home/travis/build/icyphy/ptII/ptolemy/actor/lib/hoc/test/auto/Case2.xml
----------------- Instantiating /home/travis/build/icyphy/ptII/ptolemy/actor/lib/hoc/test/auto/Case2.xml
58 ms. Memory: 129024K Free: 95239K (74%)
----------------- Invoking toplevel() on ptolemy.moml.MoMLSimpleApplication@1250174c
----------------- Done invoking toplevel() on ptolemy.moml.MoMLSimpleApplication@1250174c
reloadAllAccessors: .Case2

===========================================================================================
----------------- testing Tue Jan 21 12:17:25 UTC 2020 /home/travis/build/icyphy/ptII/ptolemy/actor/lib/hoc/test/auto/Case3.xml
----------------- Instantiating /home/travis/build/icyphy/ptII/ptolemy/actor/lib/hoc/test/auto/Case3.xml
16 ms. Memory: 129024K Free: 89055K (69%)
----------------- Invoking toplevel() on ptolemy.moml.MoMLSimpleApplication@49da8ceb
----------------- Done invoking toplevel() on ptolemy.moml.MoMLSimpleApplication@49da8ceb
reloadAllAccessors: .Case3

===========================================================================================
----------------- testing Tue Jan 21 12:17:25 UTC 2020 /home/travis/build/icyphy/ptII/ptolemy/actor/lib/hoc/test/auto/Case4.xml
----------------- Instantiating /home/travis/build/icyphy/ptII/ptolemy/actor/lib/hoc/test/auto/Case4.xml
17 ms. Memory: 129024K Free: 81604K (63%)
----------------- Invoking toplevel() on ptolemy.moml.MoMLSimpleApplication@287e3ee9
----------------- Done invoking toplevel() on ptolemy.moml.MoMLSimpleApplication@287e3ee9
reloadAllAccessors: .Case4

===========================================================================================
----------------- testing Tue Jan 21 12:17:25 UTC 2020 /home/travis/build/icyphy/ptII/ptolemy/actor/lib/hoc/test/auto/Case5.xml
----------------- Instantiating /home/travis/build/icyphy/ptII/ptolemy/actor/lib/hoc/test/auto/Case5.xml
41 ms. Memory: 129024K Free: 75518K (59%)
----------------- Invoking toplevel() on ptolemy.moml.MoMLSimpleApplication@7180d78d
----------------- Done invoking toplevel() on ptolemy.moml.MoMLSimpleApplication@7180d78d
reloadAllAccessors: .junk

===========================================================================================
----------------- testing Tue Jan 21 12:17:25 UTC 2020 /home/travis/build/icyphy/ptII/ptolemy/actor/lib/hoc/test/auto/Case6.xml
----------------- Instantiating /home/travis/build/icyphy/ptII/ptolemy/actor/lib/hoc/test/auto/Case6.xml
24 ms. Memory: 129024K Free: 64003K (50%)
----------------- Invoking toplevel() on ptolemy.moml.MoMLSimpleApplication@14a84d98
----------------- Done invoking toplevel() on ptolemy.moml.MoMLSimpleApplication@14a84d98
reloadAllAccessors: .Case6

===========================================================================================
----------------- testing Tue Jan 21 12:17:25 UTC 2020 /home/travis/build/icyphy/ptII/ptolemy/actor/lib/hoc/test/auto/CaseString2.xml
----------------- Instantiating /home/travis/build/icyphy/ptII/ptolemy/actor/lib/hoc/test/auto/CaseString2.xml
20 ms. Memory: 129024K Free: 106220K (82%)
----------------- Invoking toplevel() on ptolemy.moml.MoMLSimpleApplication@25e760f0
----------------- Done invoking toplevel() on ptolemy.moml.MoMLSimpleApplication@25e760f0
reloadAllAccessors: .CaseString2

===========================================================================================
----------------- testing Tue Jan 21 12:17:25 UTC 2020 /home/travis/build/icyphy/ptII/ptolemy/actor/lib/hoc/test/auto/CatchUpComposite1.xml
----------------- Instantiating /home/travis/build/icyphy/ptII/ptolemy/actor/lib/hoc/test/auto/CatchUpComposite1.xml
39 ms. Memory: 129024K Free: 97357K (75%)
----------------- Invoking toplevel() on ptolemy.moml.MoMLSimpleApplication@5a382ab7
----------------- Done invoking toplevel() on ptolemy.moml.MoMLSimpleApplication@5a382ab7
reloadAllAccessors: .CatchUpComposite1

===========================================================================================
----------------- testing Tue Jan 21 12:17:25 UTC 2020 /home/travis/build/icyphy/ptII/ptolemy/actor/lib/hoc/test/auto/CatchUpComposite2.xml
----------------- Instantiating /home/travis/build/icyphy/ptII/ptolemy/actor/lib/hoc/test/auto/CatchUpComposite2.xml
17 ms. Memory: 129024K Free: 88802K (69%)
----------------- Invoking toplevel() on ptolemy.moml.MoMLSimpleApplication@5410540f
----------------- Done invoking toplevel() on ptolemy.moml.MoMLSimpleApplication@5410540f
reloadAllAccessors: .CatchUpComposite2

===========================================================================================
----------------- testing Tue Jan 21 12:17:25 UTC 2020 /home/travis/build/icyphy/ptII/ptolemy/actor/lib/hoc/test/auto/CatchUpComposite3.xml
----------------- Instantiating /home/travis/build/icyphy/ptII/ptolemy/actor/lib/hoc/test/auto/CatchUpComposite3.xml
27 ms. Memory: 129024K Free: 80273K (62%)
----------------- Invoking toplevel() on ptolemy.moml.MoMLSimpleApplication@7ac59ba0
----------------- Done invoking toplevel() on ptolemy.moml.MoMLSimpleApplication@7ac59ba0
reloadAllAccessors: .CatchUpComposite3

===========================================================================================
----------------- testing Tue Jan 21 12:17:25 UTC 2020 /home/travis/build/icyphy/ptII/ptolemy/actor/lib/hoc/test/auto/CatchUpComposite4.xml
----------------- Instantiating /home/travis/build/icyphy/ptII/ptolemy/actor/lib/hoc/test/auto/CatchUpComposite4.xml
10 ms. Memory: 129024K Free: 72372K (56%)
----------------- Invoking toplevel() on ptolemy.moml.MoMLSimpleApplication@1ac1a62f
----------------- Done invoking toplevel() on ptolemy.moml.MoMLSimpleApplication@1ac1a62f
reloadAllAccessors: .CatchUpComposite4

===========================================================================================
----------------- testing Tue Jan 21 12:17:25 UTC 2020 /home/travis/build/icyphy/ptII/ptolemy/actor/lib/hoc/test/auto/CatchUpComposite5.xml
----------------- Instantiating /home/travis/build/icyphy/ptII/ptolemy/actor/lib/hoc/test/auto/CatchUpComposite5.xml
12 ms. Memory: 129024K Free: 64914K (50%)
----------------- Invoking toplevel() on ptolemy.moml.MoMLSimpleApplication@4430966e
----------------- Done invoking toplevel() on ptolemy.moml.MoMLSimpleApplication@4430966e
reloadAllAccessors: .CatchUpComposite5

===========================================================================================
----------------- testing Tue Jan 21 12:17:25 UTC 2020 /home/travis/build/icyphy/ptII/ptolemy/actor/lib/hoc/test/auto/CatchUpComposite6.xml
----------------- Instantiating /home/travis/build/icyphy/ptII/ptolemy/actor/lib/hoc/test/auto/CatchUpComposite6.xml
WARNING: The execution aspects in this model can influence the timing of actors by delaying the 
execution, potentially changing the behavior. There is no guarantee that actors fire at the 
time they request to be fired. 
Use Ptides for deterministic DE behavior that is not influenced by execution aspects. 

100 ms. Memory: 129024K Free: 50577K (39%)
----------------- Invoking toplevel() on ptolemy.moml.MoMLSimpleApplication@747d4a85
----------------- Done invoking toplevel() on ptolemy.moml.MoMLSimpleApplication@747d4a85
reloadAllAccessors: .CatchUpComposite6

===========================================================================================
----------------- testing Tue Jan 21 12:17:25 UTC 2020 /home/travis/build/icyphy/ptII/ptolemy/actor/lib/hoc/test/auto/CatchUpComposite7.xml
----------------- Instantiating /home/travis/build/icyphy/ptII/ptolemy/actor/lib/hoc/test/auto/CatchUpComposite7.xml
WARNING: The execution aspects in this model can influence the timing of actors by delaying the 
execution, potentially changing the behavior. There is no guarantee that actors fire at the 
time they request to be fired. 
Use Ptides for deterministic DE behavior that is not influenced by execution aspects. 

43 ms. Memory: 155648K Free: 127719K (82%)
----------------- Invoking toplevel() on ptolemy.moml.MoMLSimpleApplication@4b5f631b
----------------- Done invoking toplevel() on ptolemy.moml.MoMLSimpleApplication@4b5f631b
reloadAllAccessors: .CatchUpComposite7

===========================================================================================
----------------- testing Tue Jan 21 12:17:25 UTC 2020 /home/travis/build/icyphy/ptII/ptolemy/actor/lib/hoc/test/auto/ConcurrentExecutionTimeSDF.xml
----------------- Instantiating /home/travis/build/icyphy/ptII/ptolemy/actor/lib/hoc/test/auto/ConcurrentExecutionTimeSDF.xml
Fired ExecutionTime: 40400000
Fired ExecutionTime: 40400000
Fired ExecutionTime: 40400000
Fired ExecutionTime: 40400000
Fired ExecutionTime: 40400000
Fired ExecutionTime: 40400000
Fired ExecutionTime: 40400000
Fired ExecutionTime: 40400000
Fired ExecutionTime: 40400000
Fired ExecutionTime: 40400000
Fired ExecutionTime: 40400000
Fired ExecutionTime: 40400000
Fired ExecutionTime: 40400000
Fired ExecutionTime: 40400000
Fired ExecutionTime: 40400000
Fired ExecutionTime: 40400000
Fired ExecutionTime: 40400000
Fired ExecutionTime: 40400000
Fired ExecutionTime: 40400000
Fired ExecutionTime: 40400000
1239 ms. Memory: 155648K Free: 120551K (77%)
----------------- Invoking toplevel() on ptolemy.moml.MoMLSimpleApplication@6945b07a
----------------- Done invoking toplevel() on ptolemy.moml.MoMLSimpleApplication@6945b07a
reloadAllAccessors: .ConcurrentExecutionTimeSDF

===========================================================================================
----------------- testing Tue Jan 21 12:17:27 UTC 2020 /home/travis/build/icyphy/ptII/ptolemy/actor/lib/hoc/test/auto/ConcurrentSleep.xml
----------------- Instantiating /home/travis/build/icyphy/ptII/ptolemy/actor/lib/hoc/test/auto/ConcurrentSleep.xml
719 ms. Memory: 155648K Free: 109287K (70%)
----------------- Invoking toplevel() on ptolemy.moml.MoMLSimpleApplication@176a936
----------------- Done invoking toplevel() on ptolemy.moml.MoMLSimpleApplication@176a936
reloadAllAccessors: .ConcurrentSleep

===========================================================================================
----------------- testing Tue Jan 21 12:17:28 UTC 2020 /home/travis/build/icyphy/ptII/ptolemy/actor/lib/hoc/test/auto/DEInPNInRunCompositeActor.xml
----------------- Instantiating /home/travis/build/icyphy/ptII/ptolemy/actor/lib/hoc/test/auto/DEInPNInRunCompositeActor.xml
20 ms. Memory: 155648K Free: 103657K (67%)
----------------- Invoking toplevel() on ptolemy.moml.MoMLSimpleApplication@34982da
----------------- Done invoking toplevel() on ptolemy.moml.MoMLSimpleApplication@34982da
reloadAllAccessors: .DEInPNInRunCompositeActor

===========================================================================================
----------------- testing Tue Jan 21 12:17:28 UTC 2020 /home/travis/build/icyphy/ptII/ptolemy/actor/lib/hoc/test/auto/DFTSubSetTest.xml
----------------- Instantiating /home/travis/build/icyphy/ptII/ptolemy/actor/lib/hoc/test/auto/DFTSubSetTest.xml
122 ms. Memory: 155648K Free: 137186K (88%)
----------------- Invoking toplevel() on ptolemy.moml.MoMLSimpleApplication@71084e35
----------------- Done invoking toplevel() on ptolemy.moml.MoMLSimpleApplication@71084e35
reloadAllAccessors: .DFTSubSetTest

===========================================================================================
----------------- testing Tue Jan 21 12:17:28 UTC 2020 /home/travis/build/icyphy/ptII/ptolemy/actor/lib/hoc/test/auto/HocDE.xml
----------------- Instantiating /home/travis/build/icyphy/ptII/ptolemy/actor/lib/hoc/test/auto/HocDE.xml
93 ms. Memory: 155648K Free: 111586K (72%)
----------------- Invoking toplevel() on ptolemy.moml.MoMLSimpleApplication@752f3ca9
----------------- Done invoking toplevel() on ptolemy.moml.MoMLSimpleApplication@752f3ca9
reloadAllAccessors: .HocDE

===========================================================================================
----------------- testing Tue Jan 21 12:17:28 UTC 2020 /home/travis/build/icyphy/ptII/ptolemy/actor/lib/hoc/test/auto/IterateOverArray.xml
----------------- Instantiating /home/travis/build/icyphy/ptII/ptolemy/actor/lib/hoc/test/auto/IterateOverArray.xml
5 ms. Memory: 155648K Free: 107490K (69%)
----------------- Invoking toplevel() on ptolemy.moml.MoMLSimpleApplication@ab247d6
----------------- Done invoking toplevel() on ptolemy.moml.MoMLSimpleApplication@ab247d6
reloadAllAccessors: .IterateOverArray

===========================================================================================
----------------- testing Tue Jan 21 12:17:28 UTC 2020 /home/travis/build/icyphy/ptII/ptolemy/actor/lib/hoc/test/auto/IterateOverArray10.xml
----------------- Instantiating /home/travis/build/icyphy/ptII/ptolemy/actor/lib/hoc/test/auto/IterateOverArray10.xml
2 ms. Memory: 155648K Free: 103947K (67%)
----------------- Invoking toplevel() on ptolemy.moml.MoMLSimpleApplication@603811a5
----------------- Done invoking toplevel() on ptolemy.moml.MoMLSimpleApplication@603811a5
reloadAllAccessors: .IterateOverArray10

===========================================================================================
----------------- testing Tue Jan 21 12:17:28 UTC 2020 /home/travis/build/icyphy/ptII/ptolemy/actor/lib/hoc/test/auto/IterateOverArray11.xml
----------------- Instantiating /home/travis/build/icyphy/ptII/ptolemy/actor/lib/hoc/test/auto/IterateOverArray11.xml
4 ms. Memory: 155648K Free: 99889K (64%)
----------------- Invoking toplevel() on ptolemy.moml.MoMLSimpleApplication@cce0334
----------------- Done invoking toplevel() on ptolemy.moml.MoMLSimpleApplication@cce0334
reloadAllAccessors: .IterateOverArray11

===========================================================================================
----------------- testing Tue Jan 21 12:17:28 UTC 2020 /home/travis/build/icyphy/ptII/ptolemy/actor/lib/hoc/test/auto/IterateOverArray12.xml
----------------- Instantiating /home/travis/build/icyphy/ptII/ptolemy/actor/lib/hoc/test/auto/IterateOverArray12.xml
16 ms. Memory: 155648K Free: 93745K (60%)
----------------- Invoking toplevel() on ptolemy.moml.MoMLSimpleApplication@49f4cd6e
----------------- Done invoking toplevel() on ptolemy.moml.MoMLSimpleApplication@49f4cd6e
reloadAllAccessors: .IterateOverArray12

===========================================================================================
----------------- testing Tue Jan 21 12:17:28 UTC 2020 /home/travis/build/icyphy/ptII/ptolemy/actor/lib/hoc/test/auto/IterateOverArray13.xml
----------------- Instantiating /home/travis/build/icyphy/ptII/ptolemy/actor/lib/hoc/test/auto/IterateOverArray13.xml
66 ms. Memory: 155648K Free: 68145K (44%)
----------------- Invoking toplevel() on ptolemy.moml.MoMLSimpleApplication@5a5ba695
----------------- Done invoking toplevel() on ptolemy.moml.MoMLSimpleApplication@5a5ba695
reloadAllAccessors: .IterateOverArray13

===========================================================================================
----------------- testing Tue Jan 21 12:17:28 UTC 2020 /home/travis/build/icyphy/ptII/ptolemy/actor/lib/hoc/test/auto/IterateOverArray14.xml
----------------- Instantiating /home/travis/build/icyphy/ptII/ptolemy/actor/lib/hoc/test/auto/IterateOverArray14.xml
70 ms. Memory: 155648K Free: 121040K (78%)
----------------- Invoking toplevel() on ptolemy.moml.MoMLSimpleApplication@26d9aaf2
----------------- Done invoking toplevel() on ptolemy.moml.MoMLSimpleApplication@26d9aaf2
reloadAllAccessors: .IterateOverArray14

===========================================================================================
----------------- testing Tue Jan 21 12:17:28 UTC 2020 /home/travis/build/icyphy/ptII/ptolemy/actor/lib/hoc/test/auto/IterateOverArray2.xml
----------------- Instantiating /home/travis/build/icyphy/ptII/ptolemy/actor/lib/hoc/test/auto/IterateOverArray2.xml
9 ms. Memory: 155648K Free: 116430K (75%)
----------------- Invoking toplevel() on ptolemy.moml.MoMLSimpleApplication@4c9153b2
----------------- Done invoking toplevel() on ptolemy.moml.MoMLSimpleApplication@4c9153b2
reloadAllAccessors: .IterateOverArray2

===========================================================================================
----------------- testing Tue Jan 21 12:17:28 UTC 2020 /home/travis/build/icyphy/ptII/ptolemy/actor/lib/hoc/test/auto/IterateOverArray3.xml
----------------- Instantiating /home/travis/build/icyphy/ptII/ptolemy/actor/lib/hoc/test/auto/IterateOverArray3.xml
18 ms. Memory: 155648K Free: 110286K (71%)
----------------- Invoking toplevel() on ptolemy.moml.MoMLSimpleApplication@2ea63587
----------------- Done invoking toplevel() on ptolemy.moml.MoMLSimpleApplication@2ea63587
reloadAllAccessors: .IterateOverArray3

===========================================================================================
----------------- testing Tue Jan 21 12:17:28 UTC 2020 /home/travis/build/icyphy/ptII/ptolemy/actor/lib/hoc/test/auto/IterateOverArray4.xml
----------------- Instantiating /home/travis/build/icyphy/ptII/ptolemy/actor/lib/hoc/test/auto/IterateOverArray4.xml
7 ms. Memory: 155648K Free: 106190K (68%)
----------------- Invoking toplevel() on ptolemy.moml.MoMLSimpleApplication@2c958286
----------------- Done invoking toplevel() on ptolemy.moml.MoMLSimpleApplication@2c958286
reloadAllAccessors: .IterateOverArray4

===========================================================================================
----------------- testing Tue Jan 21 12:17:28 UTC 2020 /home/travis/build/icyphy/ptII/ptolemy/actor/lib/hoc/test/auto/IterateOverArray5.xml
----------------- Instantiating /home/travis/build/icyphy/ptII/ptolemy/actor/lib/hoc/test/auto/IterateOverArray5.xml
3 ms. Memory: 155648K Free: 102094K (66%)
----------------- Invoking toplevel() on ptolemy.moml.MoMLSimpleApplication@52493424
----------------- Done invoking toplevel() on ptolemy.moml.MoMLSimpleApplication@52493424
reloadAllAccessors: .IterateOverArray5

===========================================================================================
----------------- testing Tue Jan 21 12:17:28 UTC 2020 /home/travis/build/icyphy/ptII/ptolemy/actor/lib/hoc/test/auto/IterateOverArray6.xml
----------------- Instantiating /home/travis/build/icyphy/ptII/ptolemy/actor/lib/hoc/test/auto/IterateOverArray6.xml
3 ms. Memory: 155648K Free: 99022K (64%)
----------------- Invoking toplevel() on ptolemy.moml.MoMLSimpleApplication@5796bda9
----------------- Done invoking toplevel() on ptolemy.moml.MoMLSimpleApplication@5796bda9
reloadAllAccessors: .IterateOverArray6

===========================================================================================
----------------- testing Tue Jan 21 12:17:28 UTC 2020 /home/travis/build/icyphy/ptII/ptolemy/actor/lib/hoc/test/auto/IterateOverArray7.xml
----------------- Instantiating /home/travis/build/icyphy/ptII/ptolemy/actor/lib/hoc/test/auto/IterateOverArray7.xml
8 ms. Memory: 155648K Free: 94416K (61%)
----------------- Invoking toplevel() on ptolemy.moml.MoMLSimpleApplication@30692475
----------------- Done invoking toplevel() on ptolemy.moml.MoMLSimpleApplication@30692475
reloadAllAccessors: .IterateOverArray7

===========================================================================================
----------------- testing Tue Jan 21 12:17:28 UTC 2020 /home/travis/build/icyphy/ptII/ptolemy/actor/lib/hoc/test/auto/IterateOverArray8.xml
----------------- Instantiating /home/travis/build/icyphy/ptII/ptolemy/actor/lib/hoc/test/auto/IterateOverArray8.xml
4 ms. Memory: 155648K Free: 90320K (58%)
----------------- Invoking toplevel() on ptolemy.moml.MoMLSimpleApplication@66aa2b11
----------------- Done invoking toplevel() on ptolemy.moml.MoMLSimpleApplication@66aa2b11
reloadAllAccessors: .IterateOverArray8

===========================================================================================
----------------- testing Tue Jan 21 12:17:28 UTC 2020 /home/travis/build/icyphy/ptII/ptolemy/actor/lib/hoc/test/auto/IterateOverArray9.xml
----------------- Instantiating /home/travis/build/icyphy/ptII/ptolemy/actor/lib/hoc/test/auto/IterateOverArray9.xml
6 ms. Memory: 155648K Free: 86224K (55%)
----------------- Invoking toplevel() on ptolemy.moml.MoMLSimpleApplication@1f7af75a
----------------- Done invoking toplevel() on ptolemy.moml.MoMLSimpleApplication@1f7af75a
reloadAllAccessors: .IterateOverArray9

===========================================================================================
----------------- testing Tue Jan 21 12:17:29 UTC 2020 /home/travis/build/icyphy/ptII/ptolemy/actor/lib/hoc/test/auto/IterateOverArrayCoercedOutputType.xml
----------------- Instantiating /home/travis/build/icyphy/ptII/ptolemy/actor/lib/hoc/test/auto/IterateOverArrayCoercedOutputType.xml
4 ms. Memory: 155648K Free: 81104K (52%)
----------------- Invoking toplevel() on ptolemy.moml.MoMLSimpleApplication@ea5fed7
----------------- Done invoking toplevel() on ptolemy.moml.MoMLSimpleApplication@ea5fed7
reloadAllAccessors: .IterateOverArrayCoercedOutputType

===========================================================================================
----------------- testing Tue Jan 21 12:17:29 UTC 2020 /home/travis/build/icyphy/ptII/ptolemy/actor/lib/hoc/test/auto/IterateOverArrayInferredOutputType.xml
----------------- Instantiating /home/travis/build/icyphy/ptII/ptolemy/actor/lib/hoc/test/auto/IterateOverArrayInferredOutputType.xml
5 ms. Memory: 155648K Free: 76494K (49%)
----------------- Invoking toplevel() on ptolemy.moml.MoMLSimpleApplication@7d4b7096
----------------- Done invoking toplevel() on ptolemy.moml.MoMLSimpleApplication@7d4b7096
reloadAllAccessors: .IterateOverArrayInferredOutputType

===========================================================================================
----------------- testing Tue Jan 21 12:17:29 UTC 2020 /home/travis/build/icyphy/ptII/ptolemy/actor/lib/hoc/test/auto/MobileFunctionTest.xml
----------------- Instantiating /home/travis/build/icyphy/ptII/ptolemy/actor/lib/hoc/test/auto/MobileFunctionTest.xml
4 ms. Memory: 155648K Free: 71888K (46%)
----------------- Invoking toplevel() on ptolemy.moml.MoMLSimpleApplication@506ea19
----------------- Done invoking toplevel() on ptolemy.moml.MoMLSimpleApplication@506ea19
reloadAllAccessors: .MobileFunctionTest

===========================================================================================
----------------- testing Tue Jan 21 12:17:29 UTC 2020 /home/travis/build/icyphy/ptII/ptolemy/actor/lib/hoc/test/auto/MobileModelTest.xml
----------------- Instantiating /home/travis/build/icyphy/ptII/ptolemy/actor/lib/hoc/test/auto/MobileModelTest.xml
162 ms. Memory: 155648K Free: 50894K (33%)
----------------- Invoking toplevel() on ptolemy.moml.MoMLSimpleApplication@51ec108d
----------------- Done invoking toplevel() on ptolemy.moml.MoMLSimpleApplication@51ec108d
reloadAllAccessors: .MobileModelTest

===========================================================================================
----------------- testing Tue Jan 21 12:17:29 UTC 2020 /home/travis/build/icyphy/ptII/ptolemy/actor/lib/hoc/test/auto/ModelReference.xml
----------------- Instantiating /home/travis/build/icyphy/ptII/ptolemy/actor/lib/hoc/test/auto/ModelReference.xml
4 ms. Memory: 155648K Free: 135274K (87%)
6 ms. Memory: 155648K Free: 134250K (86%)
2 ms. Memory: 155648K Free: 133226K (86%)
2 ms. Memory: 155648K Free: 132747K (85%)
2 ms. Memory: 155648K Free: 131723K (85%)
3 ms. Memory: 155648K Free: 131178K (84%)
1 ms. Memory: 155648K Free: 130171K (84%)
2 ms. Memory: 155648K Free: 129147K (83%)
1 ms. Memory: 155648K Free: 128651K (83%)
3 ms. Memory: 155648K Free: 127625K (82%)
37 ms. Memory: 155648K Free: 127625K (82%)
----------------- Invoking toplevel() on ptolemy.moml.MoMLSimpleApplication@603f79b2
----------------- Done invoking toplevel() on ptolemy.moml.MoMLSimpleApplication@603f79b2
reloadAllAccessors: .ModelReference

===========================================================================================
----------------- testing Tue Jan 21 12:17:29 UTC 2020 /home/travis/build/icyphy/ptII/ptolemy/actor/lib/hoc/test/auto/ModelReference3.xml
----------------- Instantiating /home/travis/build/icyphy/ptII/ptolemy/actor/lib/hoc/test/auto/ModelReference3.xml
2 ms. Memory: 155648K Free: 122507K (79%)
4 ms. Memory: 155648K Free: 121962K (78%)
2 ms. Memory: 155648K Free: 120969K (78%)
4 ms. Memory: 155648K Free: 120459K (77%)
3 ms. Memory: 155648K Free: 119435K (77%)
2 ms. Memory: 155648K Free: 118411K (76%)
4 ms. Memory: 155648K Free: 117883K (76%)
3 ms. Memory: 155648K Free: 116873K (75%)
2 ms. Memory: 155648K Free: 116363K (75%)
2 ms. Memory: 155648K Free: 115339K (74%)
35 ms. Memory: 155648K Free: 115339K (74%)
----------------- Invoking toplevel() on ptolemy.moml.MoMLSimpleApplication@49538d37
----------------- Done invoking toplevel() on ptolemy.moml.MoMLSimpleApplication@49538d37
reloadAllAccessors: .ModelReference3

===========================================================================================
----------------- testing Tue Jan 21 12:17:29 UTC 2020 /home/travis/build/icyphy/ptII/ptolemy/actor/lib/hoc/test/auto/ModelReference4.xml
----------------- Instantiating /home/travis/build/icyphy/ptII/ptolemy/actor/lib/hoc/test/auto/ModelReference4.xml
2 ms. Memory: 155648K Free: 110715K (71%)
2 ms. Memory: 155648K Free: 109195K (70%)
2 ms. Memory: 155648K Free: 108171K (69%)
3 ms. Memory: 155648K Free: 106627K (69%)
8 ms. Memory: 155648K Free: 105595K (68%)
3 ms. Memory: 155648K Free: 104579K (67%)
2 ms. Memory: 155648K Free: 103051K (66%)
4 ms. Memory: 155648K Free: 102027K (66%)
2 ms. Memory: 155648K Free: 100483K (65%)
2 ms. Memory: 155648K Free: 99451K (64%)
10016 ms. Memory: 155648K Free: 99451K (64%)
----------------- Invoking toplevel() on ptolemy.moml.MoMLSimpleApplication@31cd0480
----------------- Done invoking toplevel() on ptolemy.moml.MoMLSimpleApplication@31cd0480
reloadAllAccessors: .ModelReference4

===========================================================================================
----------------- testing Tue Jan 21 12:17:39 UTC 2020 /home/travis/build/icyphy/ptII/ptolemy/actor/lib/hoc/test/auto/MultiInstanceComposite.xml
----------------- Instantiating /home/travis/build/icyphy/ptII/ptolemy/actor/lib/hoc/test/auto/MultiInstanceComposite.xml
36 ms. Memory: 155648K Free: 80009K (51%)
----------------- Invoking toplevel() on ptolemy.moml.MoMLSimpleApplication@3ce725fc
----------------- Done invoking toplevel() on ptolemy.moml.MoMLSimpleApplication@3ce725fc
reloadAllAccessors: .MultiInstanceComposite

===========================================================================================
----------------- testing Tue Jan 21 12:17:39 UTC 2020 /home/travis/build/icyphy/ptII/ptolemy/actor/lib/hoc/test/auto/MultiInstanceComposite2.xml
----------------- Instantiating /home/travis/build/icyphy/ptII/ptolemy/actor/lib/hoc/test/auto/MultiInstanceComposite2.xml
16 ms. Memory: 155648K Free: 68745K (44%)
----------------- Invoking toplevel() on ptolemy.moml.MoMLSimpleApplication@32b0a73f
----------------- Done invoking toplevel() on ptolemy.moml.MoMLSimpleApplication@32b0a73f
reloadAllAccessors: .MultiInstanceComposite2

===========================================================================================
----------------- testing Tue Jan 21 12:17:39 UTC 2020 /home/travis/build/icyphy/ptII/ptolemy/actor/lib/hoc/test/auto/MulticoreExecution.xml
----------------- Instantiating /home/travis/build/icyphy/ptII/ptolemy/actor/lib/hoc/test/auto/MulticoreExecution.xml
Fired ExecutionTime: 2400000
Fired ExecutionTime: 2400000
Fired ExecutionTime: 14400000
Fired ExecutionTime: 17200000
Fired ExecutionTime: 92400000
Fired ExecutionTime: 96800000
Fired ExecutionTime: 111200000
Fired ExecutionTime: 112800000
Fired ExecutionTime: 112800000
Fired ExecutionTime: 112400000
Fired ExecutionTime: 110800000
Fired ExecutionTime: 110800000
Fired ExecutionTime: 111200000
Fired ExecutionTime: 110800000
Fired ExecutionTime: 112400000
Fired ExecutionTime: 112400000
Fired ExecutionTime: 113200000
Fired ExecutionTime: 112800000
Fired ExecutionTime: 107600000
Fired ExecutionTime: 112000000
1059 ms. Memory: 155648K Free: 60043K (39%)
----------------- Invoking toplevel() on ptolemy.moml.MoMLSimpleApplication@4d9e2059
----------------- Done invoking toplevel() on ptolemy.moml.MoMLSimpleApplication@4d9e2059
reloadAllAccessors: .MulticoreExecution

===========================================================================================
----------------- testing Tue Jan 21 12:17:40 UTC 2020 /home/travis/build/icyphy/ptII/ptolemy/actor/lib/hoc/test/auto/ParallelExecution.xml
----------------- Instantiating /home/travis/build/icyphy/ptII/ptolemy/actor/lib/hoc/test/auto/ParallelExecution.xml
916 ms. Memory: 155648K Free: 52361K (34%)
----------------- Invoking toplevel() on ptolemy.moml.MoMLSimpleApplication@16dfefd4
----------------- Done invoking toplevel() on ptolemy.moml.MoMLSimpleApplication@16dfefd4
reloadAllAccessors: .ParallelExecution

===========================================================================================
----------------- testing Tue Jan 21 12:17:41 UTC 2020 /home/travis/build/icyphy/ptII/ptolemy/actor/lib/hoc/test/auto/RunCompositeActor.xml
----------------- Instantiating /home/travis/build/icyphy/ptII/ptolemy/actor/lib/hoc/test/auto/RunCompositeActor.xml
8 ms. Memory: 155648K Free: 135468K (87%)
----------------- Invoking toplevel() on ptolemy.moml.MoMLSimpleApplication@10df9648
----------------- Done invoking toplevel() on ptolemy.moml.MoMLSimpleApplication@10df9648
reloadAllAccessors: .RunCompositeActor

===========================================================================================
----------------- testing Tue Jan 21 12:17:41 UTC 2020 /home/travis/build/icyphy/ptII/ptolemy/actor/lib/hoc/test/auto/RunCompositeActor2.xml
----------------- Instantiating /home/travis/build/icyphy/ptII/ptolemy/actor/lib/hoc/test/auto/RunCompositeActor2.xml
4 ms. Memory: 155648K Free: 129310K (83%)
----------------- Invoking toplevel() on ptolemy.moml.MoMLSimpleApplication@3dcd836
----------------- Done invoking toplevel() on ptolemy.moml.MoMLSimpleApplication@3dcd836
reloadAllAccessors: .RunCompositeActor2

===========================================================================================
----------------- testing Tue Jan 21 12:17:41 UTC 2020 /home/travis/build/icyphy/ptII/ptolemy/actor/lib/hoc/test/auto/RunCompositeActor3.xml
----------------- Instantiating /home/travis/build/icyphy/ptII/ptolemy/actor/lib/hoc/test/auto/RunCompositeActor3.xml
4 ms. Memory: 155648K Free: 123731K (79%)
----------------- Invoking toplevel() on ptolemy.moml.MoMLSimpleApplication@5942dba4
----------------- Done invoking toplevel() on ptolemy.moml.MoMLSimpleApplication@5942dba4
reloadAllAccessors: .RunCompositeActor3

===========================================================================================
----------------- testing Tue Jan 21 12:17:41 UTC 2020 /home/travis/build/icyphy/ptII/ptolemy/actor/lib/hoc/test/auto/RunCompositeActor4.xml
----------------- Instantiating /home/travis/build/icyphy/ptII/ptolemy/actor/lib/hoc/test/auto/RunCompositeActor4.xml
13 ms. Memory: 155648K Free: 115545K (74%)
----------------- Invoking toplevel() on ptolemy.moml.MoMLSimpleApplication@48fffd8a
----------------- Done invoking toplevel() on ptolemy.moml.MoMLSimpleApplication@48fffd8a
reloadAllAccessors: .RunCompositeActor4

===========================================================================================
----------------- testing Tue Jan 21 12:17:41 UTC 2020 /home/travis/build/icyphy/ptII/ptolemy/actor/lib/hoc/test/auto/RunCompositeIterateOverArray.xml
----------------- Instantiating /home/travis/build/icyphy/ptII/ptolemy/actor/lib/hoc/test/auto/RunCompositeIterateOverArray.xml
6 ms. Memory: 155648K Free: 109868K (71%)
----------------- Invoking toplevel() on ptolemy.moml.MoMLSimpleApplication@4a0b77b7
----------------- Done invoking toplevel() on ptolemy.moml.MoMLSimpleApplication@4a0b77b7
reloadAllAccessors: .RunCompositeIterateOverArray

===========================================================================================
----------------- testing Tue Jan 21 12:17:41 UTC 2020 /home/travis/build/icyphy/ptII/ptolemy/actor/lib/hoc/test/auto/ThreadedJS.xml
----------------- Instantiating /home/travis/build/icyphy/ptII/ptolemy/actor/lib/hoc/test/auto/ThreadedJS.xml
5761 ms. Memory: 187392K Free: 42029K (22%)
----------------- Invoking toplevel() on ptolemy.moml.MoMLSimpleApplication@12c6f65e
----------------- Done invoking toplevel() on ptolemy.moml.MoMLSimpleApplication@12c6f65e
reloadAllAccessors: .ThreadedJS
AutoTests.java: About to close Vertx.
AutoTests.java: Vertx closed.
]]></system-out>
  <system-err><![CDATA[java.lang.RuntimeException: Execution failed
	at ptolemy.moml.MoMLSimpleApplication$UnloadThread.run(MoMLSimpleApplication.java:402)
Caused by: ptolemy.kernel.util.IllegalActionException: initialize() was called after wrapup() was called but preinitialize() was not called after wrapup().
	at ptolemy.actor.lib.hoc.test.PreinitializeMustBeInvoked.initialize(PreinitializeMustBeInvoked.java:78)
	at ptolemy.actor.Director.initialize(Director.java:938)
	at ptolemy.actor.Director.initialize(Director.java:907)
	at ptolemy.actor.sched.StaticSchedulingDirector.initialize(StaticSchedulingDirector.java:159)
	at ptolemy.domains.sdf.kernel.SDFDirector.initialize(SDFDirector.java:544)
	at ptolemy.actor.CompositeActor.initialize(CompositeActor.java:935)
	at ptolemy.actor.lib.hoc.LifeCycleManager._executeInsideModel(LifeCycleManager.java:339)
	at ptolemy.actor.lib.hoc.RunCompositeActor.fire(RunCompositeActor.java:205)
	at ptolemy.actor.CompositeActor.iterate(CompositeActor.java:1146)
	at ptolemy.actor.sched.StaticSchedulingDirector.fire(StaticSchedulingDirector.java:216)
	at ptolemy.domains.sdf.kernel.SDFDirector.fire(SDFDirector.java:500)
	at ptolemy.actor.CompositeActor.fire(CompositeActor.java:455)
	at ptolemy.actor.Manager.iterate(Manager.java:851)
	at ptolemy.actor.Manager.execute(Manager.java:369)
	at ptolemy.actor.Manager.run(Manager.java:1263)
	at ptolemy.actor.Manager$PtolemyRunThread.run(Manager.java:1933)
java.lang.reflect.InvocationTargetException
	at java.base/jdk.internal.reflect.NativeConstructorAccessorImpl.newInstance0(Native Method)
	at java.base/jdk.internal.reflect.NativeConstructorAccessorImpl.newInstance(NativeConstructorAccessorImpl.java:62)
	at java.base/jdk.internal.reflect.DelegatingConstructorAccessorImpl.newInstance(DelegatingConstructorAccessorImpl.java:45)
	at java.base/java.lang.reflect.Constructor.newInstance(Constructor.java:490)
	at ptolemy.util.test.junit.AutoKnownFailedTests.RunModel(AutoKnownFailedTests.java:105)
	at java.base/jdk.internal.reflect.NativeMethodAccessorImpl.invoke0(Native Method)
	at java.base/jdk.internal.reflect.NativeMethodAccessorImpl.invoke(NativeMethodAccessorImpl.java:62)
	at java.base/jdk.internal.reflect.DelegatingMethodAccessorImpl.invoke(DelegatingMethodAccessorImpl.java:43)
	at java.base/java.lang.reflect.Method.invoke(Method.java:566)
	at org.junit.runners.model.FrameworkMethod$1.runReflectiveCall(FrameworkMethod.java:44)
	at org.junit.internal.runners.model.ReflectiveCallable.run(ReflectiveCallable.java:15)
	at org.junit.runners.model.FrameworkMethod.invokeExplosively(FrameworkMethod.java:41)
	at junitparams.internal.InvokeParameterisedMethod.evaluate(InvokeParameterisedMethod.java:102)
	at org.junit.internal.runners.statements.FailOnTimeout$1.run(FailOnTimeout.java:28)
Caused by: ptolemy.kernel.util.IllegalActionException: initialize() was called after wrapup() was called but preinitialize() was not called after wrapup().
	at ptolemy.actor.lib.hoc.test.PreinitializeMustBeInvoked.initialize(PreinitializeMustBeInvoked.java:78)
	at ptolemy.actor.Director.initialize(Director.java:938)
	at ptolemy.actor.Director.initialize(Director.java:907)
	at ptolemy.actor.sched.StaticSchedulingDirector.initialize(StaticSchedulingDirector.java:159)
	at ptolemy.domains.sdf.kernel.SDFDirector.initialize(SDFDirector.java:544)
	at ptolemy.actor.CompositeActor.initialize(CompositeActor.java:935)
	at ptolemy.actor.lib.hoc.LifeCycleManager._executeInsideModel(LifeCycleManager.java:339)
	at ptolemy.actor.lib.hoc.RunCompositeActor.fire(RunCompositeActor.java:205)
	at ptolemy.actor.CompositeActor.iterate(CompositeActor.java:1146)
	at ptolemy.actor.sched.StaticSchedulingDirector.fire(StaticSchedulingDirector.java:216)
	at ptolemy.domains.sdf.kernel.SDFDirector.fire(SDFDirector.java:500)
	at ptolemy.actor.CompositeActor.fire(CompositeActor.java:455)
	at ptolemy.actor.Manager.iterate(Manager.java:851)
	at ptolemy.actor.Manager.execute(Manager.java:369)
	at ptolemy.actor.Manager.run(Manager.java:1263)
	at ptolemy.actor.Manager$PtolemyRunThread.run(Manager.java:1933)
Warning: Nashorn engine is planned to be removed from a future JDK release
Warning: Nashorn engine is planned to be removed from a future JDK release
Warning: Nashorn engine is planned to be removed from a future JDK release
Warning: Nashorn engine is planned to be removed from a future JDK release
Warning: Nashorn engine is planned to be removed from a future JDK release
Warning: Nashorn engine is planned to be removed from a future JDK release
Warning: Nashorn engine is planned to be removed from a future JDK release
Warning: Nashorn engine is planned to be removed from a future JDK release
]]></system-err>
</testsuite>
