<?xml version="1.0" encoding="UTF-8" ?>
<testsuite errors="0" failures="0" hostname="travis-job-7513bef4-e010-4841-9c3d-1219663b7a1a" name="ptolemy.domains.continuous.test.junit.JUnitTclTest" skipped="0" tests="156" time="81.908" timestamp="2019-10-20T05:57:08">
  <properties>
[...]
</properties>
  <testcase classname="ptolemy.util.test.junit.TclTests" name="[0] ThereAreNoTclTests (RunTclFile)" time="0.013" />
  <testcase classname="ptolemy.util.test.junit.AutoKnownFailedTests" name="[0] ThereAreNoKnowFailedTests (RunModel)" time="0.012" />
  <testcase classname="ptolemy.util.test.junit.AutoNameArchTests" name="[0] ThereAreNoAutoArchTests (RunModel)" time="0.02" />
  <testcase classname="ptolemy.util.test.junit.AutoTests" name="[0] /home/travis/build/icyphy/ptII/ptolemy/domains/continuous/test/auto/BouncingBall.xml (RunModel)" time="3.36" />
  <testcase classname="ptolemy.util.test.junit.AutoTests" name="[1] /home/travis/build/icyphy/ptII/ptolemy/domains/continuous/test/auto/BouncingBallWithoutGR.xml (RunModel)" time="0.946" />
  <testcase classname="ptolemy.util.test.junit.AutoTests" name="[2] /home/travis/build/icyphy/ptII/ptolemy/domains/continuous/test/auto/Brownian.xml (RunModel)" time="0.112" />
  <testcase classname="ptolemy.util.test.junit.AutoTests" name="[3] /home/travis/build/icyphy/ptII/ptolemy/domains/continuous/test/auto/CarTracking.xml (RunModel)" time="4.155" />
  <testcase classname="ptolemy.util.test.junit.AutoTests" name="[4] /home/travis/build/icyphy/ptII/ptolemy/domains/continuous/test/auto/CartPendulum.xml (RunModel)" time="0.555" />
  <testcase classname="ptolemy.util.test.junit.AutoTests" name="[5] /home/travis/build/icyphy/ptII/ptolemy/domains/continuous/test/auto/CausalityInterface10.xml (RunModel)" time="0.076" />
  <testcase classname="ptolemy.util.test.junit.AutoTests" name="[6] /home/travis/build/icyphy/ptII/ptolemy/domains/continuous/test/auto/CausalityInterface11.xml (RunModel)" time="0.025" />
  <testcase classname="ptolemy.util.test.junit.AutoTests" name="[7] /home/travis/build/icyphy/ptII/ptolemy/domains/continuous/test/auto/CausalityInterface12.xml (RunModel)" time="0.024" />
  <testcase classname="ptolemy.util.test.junit.AutoTests" name="[8] /home/travis/build/icyphy/ptII/ptolemy/domains/continuous/test/auto/CausalityInterface13.xml (RunModel)" time="0.032" />
  <testcase classname="ptolemy.util.test.junit.AutoTests" name="[9] /home/travis/build/icyphy/ptII/ptolemy/domains/continuous/test/auto/CausalityInterface14.xml (RunModel)" time="0.033" />
  <testcase classname="ptolemy.util.test.junit.AutoTests" name="[10] /home/travis/build/icyphy/ptII/ptolemy/domains/continuous/test/auto/CausalityInterface4.xml (RunModel)" time="0.03" />
  <testcase classname="ptolemy.util.test.junit.AutoTests" name="[11] /home/travis/build/icyphy/ptII/ptolemy/domains/continuous/test/auto/CausalityInterface5.xml (RunModel)" time="0.041" />
  <testcase classname="ptolemy.util.test.junit.AutoTests" name="[12] /home/travis/build/icyphy/ptII/ptolemy/domains/continuous/test/auto/CausalityInterface6.xml (RunModel)" time="0.027" />
  <testcase classname="ptolemy.util.test.junit.AutoTests" name="[13] /home/travis/build/icyphy/ptII/ptolemy/domains/continuous/test/auto/CausalityInterface7.xml (RunModel)" time="0.042" />
  <testcase classname="ptolemy.util.test.junit.AutoTests" name="[14] /home/travis/build/icyphy/ptII/ptolemy/domains/continuous/test/auto/CausalityInterface8.xml (RunModel)" time="0.048" />
  <testcase classname="ptolemy.util.test.junit.AutoTests" name="[15] /home/travis/build/icyphy/ptII/ptolemy/domains/continuous/test/auto/CausalityInterface9.xml (RunModel)" time="0.058" />
  <testcase classname="ptolemy.util.test.junit.AutoTests" name="[16] /home/travis/build/icyphy/ptII/ptolemy/domains/continuous/test/auto/CausalityInterfaceFeedback1.xml (RunModel)" time="0.031" />
  <testcase classname="ptolemy.util.test.junit.AutoTests" name="[17] /home/travis/build/icyphy/ptII/ptolemy/domains/continuous/test/auto/CausalityInterfaceFeedback2.xml (RunModel)" time="0.041" />
  <testcase classname="ptolemy.util.test.junit.AutoTests" name="[18] /home/travis/build/icyphy/ptII/ptolemy/domains/continuous/test/auto/CompareWithCurrentTime.xml (RunModel)" time="0.023" />
  <testcase classname="ptolemy.util.test.junit.AutoTests" name="[19] /home/travis/build/icyphy/ptII/ptolemy/domains/continuous/test/auto/ComparedClocks.xml (RunModel)" time="0.09" />
  <testcase classname="ptolemy.util.test.junit.AutoTests" name="[20] /home/travis/build/icyphy/ptII/ptolemy/domains/continuous/test/auto/ContinuousAOCClone.xml (RunModel)" time="2.947" />
  <testcase classname="ptolemy.util.test.junit.AutoTests" name="[21] /home/travis/build/icyphy/ptII/ptolemy/domains/continuous/test/auto/ContinuousClock.xml (RunModel)" time="0.098" />
  <testcase classname="ptolemy.util.test.junit.AutoTests" name="[22] /home/travis/build/icyphy/ptII/ptolemy/domains/continuous/test/auto/ContinuousInContinuous.xml (RunModel)" time="0.096" />
  <testcase classname="ptolemy.util.test.junit.AutoTests" name="[23] /home/travis/build/icyphy/ptII/ptolemy/domains/continuous/test/auto/ContinuousInContinuousInContinuous.xml (RunModel)" time="0.028" />
  <testcase classname="ptolemy.util.test.junit.AutoTests" name="[24] /home/travis/build/icyphy/ptII/ptolemy/domains/continuous/test/auto/ContinuousInDE.xml (RunModel)" time="0.13" />
  <testcase classname="ptolemy.util.test.junit.AutoTests" name="[25] /home/travis/build/icyphy/ptII/ptolemy/domains/continuous/test/auto/ContinuousInDE2.xml (RunModel)" time="0.066" />
  <testcase classname="ptolemy.util.test.junit.AutoTests" name="[26] /home/travis/build/icyphy/ptII/ptolemy/domains/continuous/test/auto/ContinuousInDE3.xml (RunModel)" time="0.057" />
  <testcase classname="ptolemy.util.test.junit.AutoTests" name="[27] /home/travis/build/icyphy/ptII/ptolemy/domains/continuous/test/auto/ContinuousInDE4.xml (RunModel)" time="0.028" />
  <testcase classname="ptolemy.util.test.junit.AutoTests" name="[28] /home/travis/build/icyphy/ptII/ptolemy/domains/continuous/test/auto/ContinuousInDEDifferentRefinements.xml (RunModel)" time="0.112" />
  <testcase classname="ptolemy.util.test.junit.AutoTests" name="[29] /home/travis/build/icyphy/ptII/ptolemy/domains/continuous/test/auto/ContinuousInDEDifferentRefinementsPreemptive.xml (RunModel)" time="0.091" />
  <testcase classname="ptolemy.util.test.junit.AutoTests" name="[30] /home/travis/build/icyphy/ptII/ptolemy/domains/continuous/test/auto/ContinuousInDEInContinuous2.xml (RunModel)" time="0.061" />
  <testcase classname="ptolemy.util.test.junit.AutoTests" name="[31] /home/travis/build/icyphy/ptII/ptolemy/domains/continuous/test/auto/ContinuousInDEInContinuous3.xml (RunModel)" time="0.06" />
  <testcase classname="ptolemy.util.test.junit.AutoTests" name="[32] /home/travis/build/icyphy/ptII/ptolemy/domains/continuous/test/auto/ContinuousInDEInput.xml (RunModel)" time="0.035" />
  <testcase classname="ptolemy.util.test.junit.AutoTests" name="[33] /home/travis/build/icyphy/ptII/ptolemy/domains/continuous/test/auto/ContinuousInDEInput2.xml (RunModel)" time="0.038" />
  <testcase classname="ptolemy.util.test.junit.AutoTests" name="[34] /home/travis/build/icyphy/ptII/ptolemy/domains/continuous/test/auto/ContinuousInDEInput3.xml (RunModel)" time="0.04" />
  <testcase classname="ptolemy.util.test.junit.AutoTests" name="[35] /home/travis/build/icyphy/ptII/ptolemy/domains/continuous/test/auto/ContinuousInDESharingRefinement.xml (RunModel)" time="0.187" />
  <testcase classname="ptolemy.util.test.junit.AutoTests" name="[36] /home/travis/build/icyphy/ptII/ptolemy/domains/continuous/test/auto/ContinuousInDEwithNoPorts.xml (RunModel)" time="0.019" />
  <testcase classname="ptolemy.util.test.junit.AutoTests" name="[37] /home/travis/build/icyphy/ptII/ptolemy/domains/continuous/test/auto/ContinuousInsideDE.xml (RunModel)" time="0.081" />
  <testcase classname="ptolemy.util.test.junit.AutoTests" name="[38] /home/travis/build/icyphy/ptII/ptolemy/domains/continuous/test/auto/ContinuousMerge1.xml (RunModel)" time="0.019" />
  <testcase classname="ptolemy.util.test.junit.AutoTests" name="[39] /home/travis/build/icyphy/ptII/ptolemy/domains/continuous/test/auto/ContinuousMerge2.xml (RunModel)" time="0.051" />
  <testcase classname="ptolemy.util.test.junit.AutoTests" name="[40] /home/travis/build/icyphy/ptII/ptolemy/domains/continuous/test/auto/ContinuousMerge3.xml (RunModel)" time="0.068" />
  <testcase classname="ptolemy.util.test.junit.AutoTests" name="[41] /home/travis/build/icyphy/ptII/ptolemy/domains/continuous/test/auto/ContinuousWithinContinuous.xml (RunModel)" time="0.054" />
  <testcase classname="ptolemy.util.test.junit.AutoTests" name="[42] /home/travis/build/icyphy/ptII/ptolemy/domains/continuous/test/auto/ContinuousWithinContinuous2.xml (RunModel)" time="0.083" />
  <testcase classname="ptolemy.util.test.junit.AutoTests" name="[43] /home/travis/build/icyphy/ptII/ptolemy/domains/continuous/test/auto/ContinuousWithinContinuous3.xml (RunModel)" time="0.036" />
  <testcase classname="ptolemy.util.test.junit.AutoTests" name="[44] /home/travis/build/icyphy/ptII/ptolemy/domains/continuous/test/auto/ContinuousWithinContinuous4.xml (RunModel)" time="0.095" />
  <testcase classname="ptolemy.util.test.junit.AutoTests" name="[45] /home/travis/build/icyphy/ptII/ptolemy/domains/continuous/test/auto/ContinuousWithinContinuous5.xml (RunModel)" time="0.032" />
  <testcase classname="ptolemy.util.test.junit.AutoTests" name="[46] /home/travis/build/icyphy/ptII/ptolemy/domains/continuous/test/auto/ContinuousWithinContinuous6.xml (RunModel)" time="0.04" />
  <testcase classname="ptolemy.util.test.junit.AutoTests" name="[47] /home/travis/build/icyphy/ptII/ptolemy/domains/continuous/test/auto/ContinuousWithinContinuous7.xml (RunModel)" time="0.067" />
  <testcase classname="ptolemy.util.test.junit.AutoTests" name="[48] /home/travis/build/icyphy/ptII/ptolemy/domains/continuous/test/auto/DCMotor.xml (RunModel)" time="13.815" />
  <testcase classname="ptolemy.util.test.junit.AutoTests" name="[49] /home/travis/build/icyphy/ptII/ptolemy/domains/continuous/test/auto/DEInContinuous.xml (RunModel)" time="0.039" />
  <testcase classname="ptolemy.util.test.junit.AutoTests" name="[50] /home/travis/build/icyphy/ptII/ptolemy/domains/continuous/test/auto/DEinContinuous2.xml (RunModel)" time="0.035" />
  <testcase classname="ptolemy.util.test.junit.AutoTests" name="[51] /home/travis/build/icyphy/ptII/ptolemy/domains/continuous/test/auto/Derivative.xml (RunModel)" time="0.216" />
  <testcase classname="ptolemy.util.test.junit.AutoTests" name="[52] /home/travis/build/icyphy/ptII/ptolemy/domains/continuous/test/auto/Derivative1.xml (RunModel)" time="0.061" />
  <testcase classname="ptolemy.util.test.junit.AutoTests" name="[53] /home/travis/build/icyphy/ptII/ptolemy/domains/continuous/test/auto/DiscreteClock.xml (RunModel)" time="0.021" />
  <testcase classname="ptolemy.util.test.junit.AutoTests" name="[54] /home/travis/build/icyphy/ptII/ptolemy/domains/continuous/test/auto/EfficiencyCurve.xml (RunModel)" time="0.132" />
  <testcase classname="ptolemy.util.test.junit.AutoTests" name="[55] /home/travis/build/icyphy/ptII/ptolemy/domains/continuous/test/auto/ExponentialResponse.xml (RunModel)" time="0.15" />
  <testcase classname="ptolemy.util.test.junit.AutoTests" name="[56] /home/travis/build/icyphy/ptII/ptolemy/domains/continuous/test/auto/ExponentialResponseRK45.xml (RunModel)" time="0.037" />
  <testcase classname="ptolemy.util.test.junit.AutoTests" name="[57] /home/travis/build/icyphy/ptII/ptolemy/domains/continuous/test/auto/Friction.xml (RunModel)" time="1.735" />
  <testcase classname="ptolemy.util.test.junit.AutoTests" name="[58] /home/travis/build/icyphy/ptII/ptolemy/domains/continuous/test/auto/FurutaPendulum.xml (RunModel)" time="4.04" />
  <testcase classname="ptolemy.util.test.junit.AutoTests" name="[59] /home/travis/build/icyphy/ptII/ptolemy/domains/continuous/test/auto/HierarchicalExecution.xml (RunModel)" time="2.655" />
  <testcase classname="ptolemy.util.test.junit.AutoTests" name="[60] /home/travis/build/icyphy/ptII/ptolemy/domains/continuous/test/auto/HybridPlant.xml (RunModel)" time="0.723" />
  <testcase classname="ptolemy.util.test.junit.AutoTests" name="[61] /home/travis/build/icyphy/ptII/ptolemy/domains/continuous/test/auto/Hysteresis.xml (RunModel)" time="0.214" />
  <testcase classname="ptolemy.util.test.junit.AutoTests" name="[62] /home/travis/build/icyphy/ptII/ptolemy/domains/continuous/test/auto/HysteresisWithRandomDelay.xml (RunModel)" time="0.267" />
  <testcase classname="ptolemy.util.test.junit.AutoTests" name="[63] /home/travis/build/icyphy/ptII/ptolemy/domains/continuous/test/auto/HysteresisWithRandomLosses.xml (RunModel)" time="2.777" />
  <testcase classname="ptolemy.util.test.junit.AutoTests" name="[64] /home/travis/build/icyphy/ptII/ptolemy/domains/continuous/test/auto/ImmediateTransitions.xml (RunModel)" time="0.042" />
  <testcase classname="ptolemy.util.test.junit.AutoTests" name="[65] /home/travis/build/icyphy/ptII/ptolemy/domains/continuous/test/auto/ImpulseFeedback.xml (RunModel)" time="0.018" />
  <testcase classname="ptolemy.util.test.junit.AutoTests" name="[66] /home/travis/build/icyphy/ptII/ptolemy/domains/continuous/test/auto/ImpulseFeedback2.xml (RunModel)" time="0.017" />
  <testcase classname="ptolemy.util.test.junit.AutoTests" name="[67] /home/travis/build/icyphy/ptII/ptolemy/domains/continuous/test/auto/IncreasingRatePoisson.xml (RunModel)" time="0.863" />
  <testcase classname="ptolemy.util.test.junit.AutoTests" name="[68] /home/travis/build/icyphy/ptII/ptolemy/domains/continuous/test/auto/InitialStateFeedback.xml (RunModel)" time="0.021" />
  <testcase classname="ptolemy.util.test.junit.AutoTests" name="[69] /home/travis/build/icyphy/ptII/ptolemy/domains/continuous/test/auto/Integration.xml (RunModel)" time="0.01" />
  <testcase classname="ptolemy.util.test.junit.AutoTests" name="[70] /home/travis/build/icyphy/ptII/ptolemy/domains/continuous/test/auto/Integration2.xml (RunModel)" time="0.097" />
  <testcase classname="ptolemy.util.test.junit.AutoTests" name="[71] /home/travis/build/icyphy/ptII/ptolemy/domains/continuous/test/auto/Integration3.xml (RunModel)" time="0.018" />
  <testcase classname="ptolemy.util.test.junit.AutoTests" name="[72] /home/travis/build/icyphy/ptII/ptolemy/domains/continuous/test/auto/Integration5.xml (RunModel)" time="0.011" />
  <testcase classname="ptolemy.util.test.junit.AutoTests" name="[73] /home/travis/build/icyphy/ptII/ptolemy/domains/continuous/test/auto/IntegratorImpulse.xml (RunModel)" time="0.012" />
  <testcase classname="ptolemy.util.test.junit.AutoTests" name="[74] /home/travis/build/icyphy/ptII/ptolemy/domains/continuous/test/auto/IntegratorImpulse2.xml (RunModel)" time="0.03" />
  <testcase classname="ptolemy.util.test.junit.AutoTests" name="[75] /home/travis/build/icyphy/ptII/ptolemy/domains/continuous/test/auto/LevelCrossing1.xml (RunModel)" time="0.018" />
  <testcase classname="ptolemy.util.test.junit.AutoTests" name="[76] /home/travis/build/icyphy/ptII/ptolemy/domains/continuous/test/auto/LevelCrossing2.xml (RunModel)" time="0.017" />
  <testcase classname="ptolemy.util.test.junit.AutoTests" name="[77] /home/travis/build/icyphy/ptII/ptolemy/domains/continuous/test/auto/LevelCrossing3.xml (RunModel)" time="0.017" />
  <testcase classname="ptolemy.util.test.junit.AutoTests" name="[78] /home/travis/build/icyphy/ptII/ptolemy/domains/continuous/test/auto/LevelCrossing4.xml (RunModel)" time="0.012" />
  <testcase classname="ptolemy.util.test.junit.AutoTests" name="[79] /home/travis/build/icyphy/ptII/ptolemy/domains/continuous/test/auto/LevelCrossing5.xml (RunModel)" time="0.016" />
  <testcase classname="ptolemy.util.test.junit.AutoTests" name="[80] /home/travis/build/icyphy/ptII/ptolemy/domains/continuous/test/auto/LevelCrossing6.xml (RunModel)" time="0.013" />
  <testcase classname="ptolemy.util.test.junit.AutoTests" name="[81] /home/travis/build/icyphy/ptII/ptolemy/domains/continuous/test/auto/LevelCrossingDetector.xml (RunModel)" time="0.041" />
  <testcase classname="ptolemy.util.test.junit.AutoTests" name="[82] /home/travis/build/icyphy/ptII/ptolemy/domains/continuous/test/auto/LevelCrossingDetectorDetectingDirections.xml (RunModel)" time="0.093" />
  <testcase classname="ptolemy.util.test.junit.AutoTests" name="[83] /home/travis/build/icyphy/ptII/ptolemy/domains/continuous/test/auto/LevelCrossingDetectorDetectsGlitches.xml (RunModel)" time="0.066" />
  <testcase classname="ptolemy.util.test.junit.AutoTests" name="[84] /home/travis/build/icyphy/ptII/ptolemy/domains/continuous/test/auto/LevelCrossingNoInitialOuput.xml (RunModel)" time="0.013" />
  <testcase classname="ptolemy.util.test.junit.AutoTests" name="[85] /home/travis/build/icyphy/ptII/ptolemy/domains/continuous/test/auto/LinearStateSpaceExample.xml (RunModel)" time="0.062" />
  <testcase classname="ptolemy.util.test.junit.AutoTests" name="[86] /home/travis/build/icyphy/ptII/ptolemy/domains/continuous/test/auto/Lorenz.xml (RunModel)" time="4.585" />
  <testcase classname="ptolemy.util.test.junit.AutoTests" name="[87] /home/travis/build/icyphy/ptII/ptolemy/domains/continuous/test/auto/LorenzDifferentialSystem.xml (RunModel)" time="1.161" />
  <testcase classname="ptolemy.util.test.junit.AutoTests" name="[88] /home/travis/build/icyphy/ptII/ptolemy/domains/continuous/test/auto/LorenzDifferentialSystemWithInput.xml (RunModel)" time="1.451" />
  <testcase classname="ptolemy.util.test.junit.AutoTests" name="[89] /home/travis/build/icyphy/ptII/ptolemy/domains/continuous/test/auto/LorenzDifferentialSystemWithTime.xml (RunModel)" time="0.837" />
  <testcase classname="ptolemy.util.test.junit.AutoTests" name="[90] /home/travis/build/icyphy/ptII/ptolemy/domains/continuous/test/auto/Microsteps.xml (RunModel)" time="0.028" />
  <testcase classname="ptolemy.util.test.junit.AutoTests" name="[91] /home/travis/build/icyphy/ptII/ptolemy/domains/continuous/test/auto/Modal1.xml (RunModel)" time="0.041" />
  <testcase classname="ptolemy.util.test.junit.AutoTests" name="[92] /home/travis/build/icyphy/ptII/ptolemy/domains/continuous/test/auto/Modal2.xml (RunModel)" time="0.058" />
  <testcase classname="ptolemy.util.test.junit.AutoTests" name="[93] /home/travis/build/icyphy/ptII/ptolemy/domains/continuous/test/auto/ModalTransitionGuardWithReset.xml (RunModel)" time="0.028" />
  <testcase classname="ptolemy.util.test.junit.AutoTests" name="[94] /home/travis/build/icyphy/ptII/ptolemy/domains/continuous/test/auto/ModalTransitionGuardWithResetUsingPreemptiveTransition.xml (RunModel)" time="0.032" />
  <testcase classname="ptolemy.util.test.junit.AutoTests" name="[95] /home/travis/build/icyphy/ptII/ptolemy/domains/continuous/test/auto/ModalTransitionGuardWithResetUsingPreemptiveTransition2.xml (RunModel)" time="0.028" />
  <testcase classname="ptolemy.util.test.junit.AutoTests" name="[96] /home/travis/build/icyphy/ptII/ptolemy/domains/continuous/test/auto/ModalTransitionGuardWithResetUsingPreemptiveTransition3.xml (RunModel)" time="0.028" />
  <testcase classname="ptolemy.util.test.junit.AutoTests" name="[97] /home/travis/build/icyphy/ptII/ptolemy/domains/continuous/test/auto/NewtonsCradle.xml (RunModel)" time="0.889" />
  <testcase classname="ptolemy.util.test.junit.AutoTests" name="[98] /home/travis/build/icyphy/ptII/ptolemy/domains/continuous/test/auto/NewtonsCradleAnimated.xml (RunModel)" time="1.455" />
  <testcase classname="ptolemy.util.test.junit.AutoTests" name="[99] /home/travis/build/icyphy/ptII/ptolemy/domains/continuous/test/auto/NewtonsCradleComplicated.xml (RunModel)" time="1.068" />
  <testcase classname="ptolemy.util.test.junit.AutoTests" name="[100] /home/travis/build/icyphy/ptII/ptolemy/domains/continuous/test/auto/NewtonsCradleNondeterministic.xml (RunModel)" time="0.784" />
  <testcase classname="ptolemy.util.test.junit.AutoTests" name="[101] /home/travis/build/icyphy/ptII/ptolemy/domains/continuous/test/auto/NewtonsCradlePerfectlyInelastic1.xml (RunModel)" time="1.387" />
  <testcase classname="ptolemy.util.test.junit.AutoTests" name="[102] /home/travis/build/icyphy/ptII/ptolemy/domains/continuous/test/auto/Noise.xml (RunModel)" time="0.231" />
  <testcase classname="ptolemy.util.test.junit.AutoTests" name="[103] /home/travis/build/icyphy/ptII/ptolemy/domains/continuous/test/auto/NoiseSpectrum.xml (RunModel)" time="0.915" />
  <testcase classname="ptolemy.util.test.junit.AutoTests" name="[104] /home/travis/build/icyphy/ptII/ptolemy/domains/continuous/test/auto/ParameterizedNewtonsCradleAnimated.xml (RunModel)" time="0.416" />
  <testcase classname="ptolemy.util.test.junit.AutoTests" name="[105] /home/travis/build/icyphy/ptII/ptolemy/domains/continuous/test/auto/ParameterizedNewtonsCradleAnimatedNondeterministic.xml (RunModel)" time="1.31" />
  <testcase classname="ptolemy.util.test.junit.AutoTests" name="[106] /home/travis/build/icyphy/ptII/ptolemy/domains/continuous/test/auto/Pendulum3D.xml (RunModel)" time="0.183" />
  <testcase classname="ptolemy.util.test.junit.AutoTests" name="[107] /home/travis/build/icyphy/ptII/ptolemy/domains/continuous/test/auto/PeriodicSampler.xml (RunModel)" time="0.01" />
  <testcase classname="ptolemy.util.test.junit.AutoTests" name="[108] /home/travis/build/icyphy/ptII/ptolemy/domains/continuous/test/auto/PeriodicSampler1.xml (RunModel)" time="0.04" />
  <testcase classname="ptolemy.util.test.junit.AutoTests" name="[109] /home/travis/build/icyphy/ptII/ptolemy/domains/continuous/test/auto/PeriodicSampler2.xml (RunModel)" time="0.085" />
  <testcase classname="ptolemy.util.test.junit.AutoTests" name="[110] /home/travis/build/icyphy/ptII/ptolemy/domains/continuous/test/auto/Poisson.xml (RunModel)" time="0.566" />
  <testcase classname="ptolemy.util.test.junit.AutoTests" name="[111] /home/travis/build/icyphy/ptII/ptolemy/domains/continuous/test/auto/PoissonClock.xml (RunModel)" time="0.018" />
  <testcase classname="ptolemy.util.test.junit.AutoTests" name="[112] /home/travis/build/icyphy/ptII/ptolemy/domains/continuous/test/auto/PoissonClock2.xml (RunModel)" time="0.013" />
  <testcase classname="ptolemy.util.test.junit.AutoTests" name="[113] /home/travis/build/icyphy/ptII/ptolemy/domains/continuous/test/auto/PortParameterHierarchy.xml (RunModel)" time="0.025" />
  <testcase classname="ptolemy.util.test.junit.AutoTests" name="[114] /home/travis/build/icyphy/ptII/ptolemy/domains/continuous/test/auto/RandomHybridPlant.xml (RunModel)" time="0.605" />
  <testcase classname="ptolemy.util.test.junit.AutoTests" name="[115] /home/travis/build/icyphy/ptII/ptolemy/domains/continuous/test/auto/ResetTransitionWithStartTime1.xml (RunModel)" time="0.039" />
  <testcase classname="ptolemy.util.test.junit.AutoTests" name="[116] /home/travis/build/icyphy/ptII/ptolemy/domains/continuous/test/auto/ResetTransitionWithStartTime2.xml (RunModel)" time="0.043" />
  <testcase classname="ptolemy.util.test.junit.AutoTests" name="[117] /home/travis/build/icyphy/ptII/ptolemy/domains/continuous/test/auto/ResetTransitionWithStartTime3.xml (RunModel)" time="0.043" />
  <testcase classname="ptolemy.util.test.junit.AutoTests" name="[118] /home/travis/build/icyphy/ptII/ptolemy/domains/continuous/test/auto/ResetTransitionWithStartTime4.xml (RunModel)" time="0.032" />
  <testcase classname="ptolemy.util.test.junit.AutoTests" name="[119] /home/travis/build/icyphy/ptII/ptolemy/domains/continuous/test/auto/ResetTransitionWithStartTime5.xml (RunModel)" time="0.047" />
  <testcase classname="ptolemy.util.test.junit.AutoTests" name="[120] /home/travis/build/icyphy/ptII/ptolemy/domains/continuous/test/auto/ResetTransitionWithStartTime6.xml (RunModel)" time="0.031" />
  <testcase classname="ptolemy.util.test.junit.AutoTests" name="[121] /home/travis/build/icyphy/ptII/ptolemy/domains/continuous/test/auto/SRinContinuous.xml (RunModel)" time="0.029" />
  <testcase classname="ptolemy.util.test.junit.AutoTests" name="[122] /home/travis/build/icyphy/ptII/ptolemy/domains/continuous/test/auto/SampledClocks.xml (RunModel)" time="0.036" />
  <testcase classname="ptolemy.util.test.junit.AutoTests" name="[123] /home/travis/build/icyphy/ptII/ptolemy/domains/continuous/test/auto/Satellite.xml (RunModel)" time="0.895" />
  <testcase classname="ptolemy.util.test.junit.AutoTests" name="[124] /home/travis/build/icyphy/ptII/ptolemy/domains/continuous/test/auto/SigmaDelta.xml (RunModel)" time="2.875" />
  <testcase classname="ptolemy.util.test.junit.AutoTests" name="[125] /home/travis/build/icyphy/ptII/ptolemy/domains/continuous/test/auto/SingleRefinement.xml (RunModel)" time="0.441" />
  <testcase classname="ptolemy.util.test.junit.AutoTests" name="[126] /home/travis/build/icyphy/ptII/ptolemy/domains/continuous/test/auto/SinuBouncingBall.xml (RunModel)" time="0.913" />
  <testcase classname="ptolemy.util.test.junit.AutoTests" name="[127] /home/travis/build/icyphy/ptII/ptolemy/domains/continuous/test/auto/Sinusoid.xml (RunModel)" time="0.017" />
  <testcase classname="ptolemy.util.test.junit.AutoTests" name="[128] /home/travis/build/icyphy/ptII/ptolemy/domains/continuous/test/auto/SinusoidInNoise.xml (RunModel)" time="1.067" />
  <testcase classname="ptolemy.util.test.junit.AutoTests" name="[129] /home/travis/build/icyphy/ptII/ptolemy/domains/continuous/test/auto/SinusoidRK45.xml (RunModel)" time="0.019" />
  <testcase classname="ptolemy.util.test.junit.AutoTests" name="[130] /home/travis/build/icyphy/ptII/ptolemy/domains/continuous/test/auto/SinusoidWithMultipleImpulses.xml (RunModel)" time="0.014" />
  <testcase classname="ptolemy.util.test.junit.AutoTests" name="[131] /home/travis/build/icyphy/ptII/ptolemy/domains/continuous/test/auto/SquareWave.xml (RunModel)" time="0.194" />
  <testcase classname="ptolemy.util.test.junit.AutoTests" name="[132] /home/travis/build/icyphy/ptII/ptolemy/domains/continuous/test/auto/Starmac.xml (RunModel)" time="3.402" />
  <testcase classname="ptolemy.util.test.junit.AutoTests" name="[133] /home/travis/build/icyphy/ptII/ptolemy/domains/continuous/test/auto/StaticUnits.xml (RunModel)" time="3.2" />
  <testcase classname="ptolemy.util.test.junit.AutoTests" name="[134] /home/travis/build/icyphy/ptII/ptolemy/domains/continuous/test/auto/StickyMasses.xml (RunModel)" time="0.199" />
  <testcase classname="ptolemy.util.test.junit.AutoTests" name="[135] /home/travis/build/icyphy/ptII/ptolemy/domains/continuous/test/auto/StopTime.xml (RunModel)" time="0.093" />
  <testcase classname="ptolemy.util.test.junit.AutoTests" name="[136] /home/travis/build/icyphy/ptII/ptolemy/domains/continuous/test/auto/StopTime2.xml (RunModel)" time="0.059" />
  <testcase classname="ptolemy.util.test.junit.AutoTests" name="[137] /home/travis/build/icyphy/ptII/ptolemy/domains/continuous/test/auto/Switch.xml (RunModel)" time="0.072" />
  <testcase classname="ptolemy.util.test.junit.AutoTests" name="[138] /home/travis/build/icyphy/ptII/ptolemy/domains/continuous/test/auto/Thermostat.xml (RunModel)" time="0.231" />
  <testcase classname="ptolemy.util.test.junit.AutoTests" name="[139] /home/travis/build/icyphy/ptII/ptolemy/domains/continuous/test/auto/TimeDelay.xml (RunModel)" time="0.015" />
  <testcase classname="ptolemy.util.test.junit.AutoTests" name="[140] /home/travis/build/icyphy/ptII/ptolemy/domains/continuous/test/auto/TimeDelay2.xml (RunModel)" time="0.027" />
  <testcase classname="ptolemy.util.test.junit.AutoTests" name="[141] /home/travis/build/icyphy/ptII/ptolemy/domains/continuous/test/auto/TimeDelay3.xml (RunModel)" time="0.009" />
  <testcase classname="ptolemy.util.test.junit.AutoTests" name="[142] /home/travis/build/icyphy/ptII/ptolemy/domains/continuous/test/auto/TransferAbsentToInside.xml (RunModel)" time="0.127" />
  <testcase classname="ptolemy.util.test.junit.AutoTests" name="[143] /home/travis/build/icyphy/ptII/ptolemy/domains/continuous/test/auto/Transmission.xml (RunModel)" time="0.936" />
  <testcase classname="ptolemy.util.test.junit.AutoTests" name="[144] /home/travis/build/icyphy/ptII/ptolemy/domains/continuous/test/auto/TriggeredContinuousClock.xml (RunModel)" time="0.078" />
  <testcase classname="ptolemy.util.test.junit.AutoTests" name="[145] /home/travis/build/icyphy/ptII/ptolemy/domains/continuous/test/auto/TwoMachineInfiniteBusControl.xml (RunModel)" time="3.244" />
  <testcase classname="ptolemy.util.test.junit.AutoTests" name="[146] /home/travis/build/icyphy/ptII/ptolemy/domains/continuous/test/auto/V2V.xml (RunModel)" time="0.981" />
  <testcase classname="ptolemy.util.test.junit.AutoTests" name="[147] /home/travis/build/icyphy/ptII/ptolemy/domains/continuous/test/auto/hierarchicalModalModel.xml (RunModel)" time="0.035" />
  <testcase classname="ptolemy.util.test.junit.AutoTests" name="[148] /home/travis/build/icyphy/ptII/ptolemy/domains/continuous/test/auto/hierarchicalModalModel1.xml (RunModel)" time="0.039" />
  <testcase classname="ptolemy.util.test.junit.AutoTests" name="[149] /home/travis/build/icyphy/ptII/ptolemy/domains/continuous/test/auto/hierarchicalModalModel2.xml (RunModel)" time="0.029" />
  <testcase classname="ptolemy.util.test.junit.AutoTests" name="[150] /home/travis/build/icyphy/ptII/ptolemy/domains/continuous/test/auto/hierarchicalModalModel3.xml (RunModel)" time="0.025" />
  <testcase classname="ptolemy.util.test.junit.AutoTests" name="[151] /home/travis/build/icyphy/ptII/ptolemy/domains/continuous/test/auto/hierarchicalModalModel4.xml (RunModel)" time="0.024" />
  <testcase classname="ptolemy.util.test.junit.AutoTests" name="[152] /home/travis/build/icyphy/ptII/ptolemy/domains/continuous/test/auto/junk.xml (RunModel)" time="0.168" />
  <system-out><![CDATA[No tcl tests in /home/travis/build/icyphy/ptII/ptolemy/domains/continuous/test
No auto/knownFailedTests/*.xml tests in /home/travis/build/icyphy/ptII/ptolemy/domains/continuous/test
No auto/linux-amd64/*.xml tests in /home/travis/build/icyphy/ptII/ptolemy/domains/continuous/test
AutoTests.java: About to close Vertx.
AutoTests.java: Vertx closed.

===========================================================================================
----------------- testing Sun Oct 20 05:57:09 UTC 2019 /home/travis/build/icyphy/ptII/ptolemy/domains/continuous/test/auto/BouncingBall.xml
----------------- Instantiating /home/travis/build/icyphy/ptII/ptolemy/domains/continuous/test/auto/BouncingBall.xml
2631 ms. Memory: 120832K Free: 80217K (66%)
----------------- Invoking toplevel() on ptolemy.moml.MoMLSimpleApplication@34cb5e90
----------------- Done invoking toplevel() on ptolemy.moml.MoMLSimpleApplication@34cb5e90
reloadAllAccessors: .BouncingBall

===========================================================================================
----------------- testing Sun Oct 20 05:57:12 UTC 2019 /home/travis/build/icyphy/ptII/ptolemy/domains/continuous/test/auto/BouncingBallWithoutGR.xml
----------------- Instantiating /home/travis/build/icyphy/ptII/ptolemy/domains/continuous/test/auto/BouncingBallWithoutGR.xml
835 ms. Memory: 145408K Free: 62640K (43%)
----------------- Invoking toplevel() on ptolemy.moml.MoMLSimpleApplication@45219584
----------------- Done invoking toplevel() on ptolemy.moml.MoMLSimpleApplication@45219584
reloadAllAccessors: .BouncingBallWithoutGR

===========================================================================================
----------------- testing Sun Oct 20 05:57:13 UTC 2019 /home/travis/build/icyphy/ptII/ptolemy/domains/continuous/test/auto/Brownian.xml
----------------- Instantiating /home/travis/build/icyphy/ptII/ptolemy/domains/continuous/test/auto/Brownian.xml
33 ms. Memory: 145408K Free: 53424K (37%)
----------------- Invoking toplevel() on ptolemy.moml.MoMLSimpleApplication@764eb4fb
----------------- Done invoking toplevel() on ptolemy.moml.MoMLSimpleApplication@764eb4fb
reloadAllAccessors: .Brownian

===========================================================================================
----------------- testing Sun Oct 20 05:57:13 UTC 2019 /home/travis/build/icyphy/ptII/ptolemy/domains/continuous/test/auto/CarTracking.xml
----------------- Instantiating /home/travis/build/icyphy/ptII/ptolemy/domains/continuous/test/auto/CarTracking.xml
3649 ms. Memory: 231424K Free: 164804K (71%)
----------------- Invoking toplevel() on ptolemy.moml.MoMLSimpleApplication@4acb7bf0
----------------- Done invoking toplevel() on ptolemy.moml.MoMLSimpleApplication@4acb7bf0
reloadAllAccessors: .CarTracking

===========================================================================================
----------------- testing Sun Oct 20 05:57:18 UTC 2019 /home/travis/build/icyphy/ptII/ptolemy/domains/continuous/test/auto/CartPendulum.xml
----------------- Instantiating /home/travis/build/icyphy/ptII/ptolemy/domains/continuous/test/auto/CartPendulum.xml
457 ms. Memory: 231424K Free: 201880K (87%)
----------------- Invoking toplevel() on ptolemy.moml.MoMLSimpleApplication@52d78f3b
----------------- Done invoking toplevel() on ptolemy.moml.MoMLSimpleApplication@52d78f3b
reloadAllAccessors: .CartPendulum

===========================================================================================
----------------- testing Sun Oct 20 05:57:18 UTC 2019 /home/travis/build/icyphy/ptII/ptolemy/domains/continuous/test/auto/CausalityInterface10.xml
----------------- Instantiating /home/travis/build/icyphy/ptII/ptolemy/domains/continuous/test/auto/CausalityInterface10.xml
16 ms. Memory: 231424K Free: 191126K (83%)
----------------- Invoking toplevel() on ptolemy.moml.MoMLSimpleApplication@3d1f722e
----------------- Done invoking toplevel() on ptolemy.moml.MoMLSimpleApplication@3d1f722e
reloadAllAccessors: .CausalityInterface10

===========================================================================================
----------------- testing Sun Oct 20 05:57:18 UTC 2019 /home/travis/build/icyphy/ptII/ptolemy/domains/continuous/test/auto/CausalityInterface11.xml
----------------- Instantiating /home/travis/build/icyphy/ptII/ptolemy/domains/continuous/test/auto/CausalityInterface11.xml
4 ms. Memory: 231424K Free: 184968K (80%)
----------------- Invoking toplevel() on ptolemy.moml.MoMLSimpleApplication@7b4e9460
----------------- Done invoking toplevel() on ptolemy.moml.MoMLSimpleApplication@7b4e9460
reloadAllAccessors: .CausalityInterface11

===========================================================================================
----------------- testing Sun Oct 20 05:57:18 UTC 2019 /home/travis/build/icyphy/ptII/ptolemy/domains/continuous/test/auto/CausalityInterface12.xml
----------------- Instantiating /home/travis/build/icyphy/ptII/ptolemy/domains/continuous/test/auto/CausalityInterface12.xml
4 ms. Memory: 231424K Free: 178824K (77%)
----------------- Invoking toplevel() on ptolemy.moml.MoMLSimpleApplication@30ebfca6
----------------- Done invoking toplevel() on ptolemy.moml.MoMLSimpleApplication@30ebfca6
reloadAllAccessors: .CausalityInterface12

===========================================================================================
----------------- testing Sun Oct 20 05:57:18 UTC 2019 /home/travis/build/icyphy/ptII/ptolemy/domains/continuous/test/auto/CausalityInterface13.xml
----------------- Instantiating /home/travis/build/icyphy/ptII/ptolemy/domains/continuous/test/auto/CausalityInterface13.xml
7 ms. Memory: 231424K Free: 172680K (75%)
----------------- Invoking toplevel() on ptolemy.moml.MoMLSimpleApplication@4baf26de
----------------- Done invoking toplevel() on ptolemy.moml.MoMLSimpleApplication@4baf26de
reloadAllAccessors: .CausalityInterface13

===========================================================================================
----------------- testing Sun Oct 20 05:57:18 UTC 2019 /home/travis/build/icyphy/ptII/ptolemy/domains/continuous/test/auto/CausalityInterface14.xml
----------------- Instantiating /home/travis/build/icyphy/ptII/ptolemy/domains/continuous/test/auto/CausalityInterface14.xml
10 ms. Memory: 231424K Free: 167064K (72%)
----------------- Invoking toplevel() on ptolemy.moml.MoMLSimpleApplication@48b0bb82
----------------- Done invoking toplevel() on ptolemy.moml.MoMLSimpleApplication@48b0bb82
reloadAllAccessors: .CausalityInterface14

===========================================================================================
----------------- testing Sun Oct 20 05:57:18 UTC 2019 /home/travis/build/icyphy/ptII/ptolemy/domains/continuous/test/auto/CausalityInterface4.xml
----------------- Instantiating /home/travis/build/icyphy/ptII/ptolemy/domains/continuous/test/auto/CausalityInterface4.xml
6 ms. Memory: 231424K Free: 159896K (69%)
----------------- Invoking toplevel() on ptolemy.moml.MoMLSimpleApplication@5f8ae272
----------------- Done invoking toplevel() on ptolemy.moml.MoMLSimpleApplication@5f8ae272
reloadAllAccessors: .CausalityInterface4

===========================================================================================
----------------- testing Sun Oct 20 05:57:18 UTC 2019 /home/travis/build/icyphy/ptII/ptolemy/domains/continuous/test/auto/CausalityInterface5.xml
----------------- Instantiating /home/travis/build/icyphy/ptII/ptolemy/domains/continuous/test/auto/CausalityInterface5.xml
10 ms. Memory: 231424K Free: 151704K (66%)
----------------- Invoking toplevel() on ptolemy.moml.MoMLSimpleApplication@37197454
----------------- Done invoking toplevel() on ptolemy.moml.MoMLSimpleApplication@37197454
reloadAllAccessors: .CausalityInterface5

===========================================================================================
----------------- testing Sun Oct 20 05:57:18 UTC 2019 /home/travis/build/icyphy/ptII/ptolemy/domains/continuous/test/auto/CausalityInterface6.xml
----------------- Instantiating /home/travis/build/icyphy/ptII/ptolemy/domains/continuous/test/auto/CausalityInterface6.xml
3 ms. Memory: 231424K Free: 146584K (63%)
----------------- Invoking toplevel() on ptolemy.moml.MoMLSimpleApplication@401dbf85
----------------- Done invoking toplevel() on ptolemy.moml.MoMLSimpleApplication@401dbf85
reloadAllAccessors: .CausalityInterface6

===========================================================================================
----------------- testing Sun Oct 20 05:57:18 UTC 2019 /home/travis/build/icyphy/ptII/ptolemy/domains/continuous/test/auto/CausalityInterface7.xml
----------------- Instantiating /home/travis/build/icyphy/ptII/ptolemy/domains/continuous/test/auto/CausalityInterface7.xml
15 ms. Memory: 231424K Free: 137878K (60%)
----------------- Invoking toplevel() on ptolemy.moml.MoMLSimpleApplication@d26349f
----------------- Done invoking toplevel() on ptolemy.moml.MoMLSimpleApplication@d26349f
reloadAllAccessors: .CausalityInterface7

===========================================================================================
----------------- testing Sun Oct 20 05:57:18 UTC 2019 /home/travis/build/icyphy/ptII/ptolemy/domains/continuous/test/auto/CausalityInterface8.xml
----------------- Instantiating /home/travis/build/icyphy/ptII/ptolemy/domains/continuous/test/auto/CausalityInterface8.xml
9 ms. Memory: 231424K Free: 128662K (56%)
----------------- Invoking toplevel() on ptolemy.moml.MoMLSimpleApplication@59f3521f
----------------- Done invoking toplevel() on ptolemy.moml.MoMLSimpleApplication@59f3521f
reloadAllAccessors: .CausalityInterface8

===========================================================================================
----------------- testing Sun Oct 20 05:57:19 UTC 2019 /home/travis/build/icyphy/ptII/ptolemy/domains/continuous/test/auto/CausalityInterface9.xml
----------------- Instantiating /home/travis/build/icyphy/ptII/ptolemy/domains/continuous/test/auto/CausalityInterface9.xml
16 ms. Memory: 231424K Free: 117912K (51%)
----------------- Invoking toplevel() on ptolemy.moml.MoMLSimpleApplication@20973a04
----------------- Done invoking toplevel() on ptolemy.moml.MoMLSimpleApplication@20973a04
reloadAllAccessors: .CausalityInterface9

===========================================================================================
----------------- testing Sun Oct 20 05:57:19 UTC 2019 /home/travis/build/icyphy/ptII/ptolemy/domains/continuous/test/auto/CausalityInterfaceFeedback1.xml
----------------- Instantiating /home/travis/build/icyphy/ptII/ptolemy/domains/continuous/test/auto/CausalityInterfaceFeedback1.xml
6 ms. Memory: 231424K Free: 111224K (48%)
----------------- Invoking toplevel() on ptolemy.moml.MoMLSimpleApplication@266cea0a
----------------- Done invoking toplevel() on ptolemy.moml.MoMLSimpleApplication@266cea0a
reloadAllAccessors: .CausalityInterfaceFeedback1

===========================================================================================
----------------- testing Sun Oct 20 05:57:19 UTC 2019 /home/travis/build/icyphy/ptII/ptolemy/domains/continuous/test/auto/CausalityInterfaceFeedback2.xml
----------------- Instantiating /home/travis/build/icyphy/ptII/ptolemy/domains/continuous/test/auto/CausalityInterfaceFeedback2.xml
6 ms. Memory: 231424K Free: 104600K (45%)
----------------- Invoking toplevel() on ptolemy.moml.MoMLSimpleApplication@4b1ea285
----------------- Done invoking toplevel() on ptolemy.moml.MoMLSimpleApplication@4b1ea285
reloadAllAccessors: .CausalityInterfaceFeedback2

===========================================================================================
----------------- testing Sun Oct 20 05:57:19 UTC 2019 /home/travis/build/icyphy/ptII/ptolemy/domains/continuous/test/auto/CompareWithCurrentTime.xml
----------------- Instantiating /home/travis/build/icyphy/ptII/ptolemy/domains/continuous/test/auto/CompareWithCurrentTime.xml
3 ms. Memory: 231424K Free: 100504K (43%)
----------------- Invoking toplevel() on ptolemy.moml.MoMLSimpleApplication@440b1a44
----------------- Done invoking toplevel() on ptolemy.moml.MoMLSimpleApplication@440b1a44
reloadAllAccessors: .CompareWithCurrentTime

===========================================================================================
----------------- testing Sun Oct 20 05:57:19 UTC 2019 /home/travis/build/icyphy/ptII/ptolemy/domains/continuous/test/auto/ComparedClocks.xml
----------------- Instantiating /home/travis/build/icyphy/ptII/ptolemy/domains/continuous/test/auto/ComparedClocks.xml
9 ms. Memory: 231424K Free: 85144K (37%)
----------------- Invoking toplevel() on ptolemy.moml.MoMLSimpleApplication@37137f2f
----------------- Done invoking toplevel() on ptolemy.moml.MoMLSimpleApplication@37137f2f
reloadAllAccessors: .ComparedClocks

===========================================================================================
----------------- testing Sun Oct 20 05:57:19 UTC 2019 /home/travis/build/icyphy/ptII/ptolemy/domains/continuous/test/auto/ContinuousAOCClone.xml
----------------- Instantiating /home/travis/build/icyphy/ptII/ptolemy/domains/continuous/test/auto/ContinuousAOCClone.xml
2594 ms. Memory: 231424K Free: 104816K (45%)
----------------- Invoking toplevel() on ptolemy.moml.MoMLSimpleApplication@7221e9a2
----------------- Done invoking toplevel() on ptolemy.moml.MoMLSimpleApplication@7221e9a2
reloadAllAccessors: .ContinuousAOCClone

===========================================================================================
----------------- testing Sun Oct 20 05:57:22 UTC 2019 /home/travis/build/icyphy/ptII/ptolemy/domains/continuous/test/auto/ContinuousClock.xml
----------------- Instantiating /home/travis/build/icyphy/ptII/ptolemy/domains/continuous/test/auto/ContinuousClock.xml
37 ms. Memory: 231424K Free: 83306K (36%)
----------------- Invoking toplevel() on ptolemy.moml.MoMLSimpleApplication@52696f41
----------------- Done invoking toplevel() on ptolemy.moml.MoMLSimpleApplication@52696f41
reloadAllAccessors: .ContinuousClock

===========================================================================================
----------------- testing Sun Oct 20 05:57:22 UTC 2019 /home/travis/build/icyphy/ptII/ptolemy/domains/continuous/test/auto/ContinuousInContinuous.xml
----------------- Instantiating /home/travis/build/icyphy/ptII/ptolemy/domains/continuous/test/auto/ContinuousInContinuous.xml
49 ms. Memory: 278528K Free: 242950K (87%)
----------------- Invoking toplevel() on ptolemy.moml.MoMLSimpleApplication@9bc968f
----------------- Done invoking toplevel() on ptolemy.moml.MoMLSimpleApplication@9bc968f
reloadAllAccessors: .ContinuousInContinuous

===========================================================================================
----------------- testing Sun Oct 20 05:57:22 UTC 2019 /home/travis/build/icyphy/ptII/ptolemy/domains/continuous/test/auto/ContinuousInContinuousInContinuous.xml
----------------- Instantiating /home/travis/build/icyphy/ptII/ptolemy/domains/continuous/test/auto/ContinuousInContinuousInContinuous.xml
8 ms. Memory: 278528K Free: 235272K (84%)
----------------- Invoking toplevel() on ptolemy.moml.MoMLSimpleApplication@52c58c45
----------------- Done invoking toplevel() on ptolemy.moml.MoMLSimpleApplication@52c58c45
reloadAllAccessors: .ContinuousInContinuousInContinuous

===========================================================================================
----------------- testing Sun Oct 20 05:57:22 UTC 2019 /home/travis/build/icyphy/ptII/ptolemy/domains/continuous/test/auto/ContinuousInDE.xml
----------------- Instantiating /home/travis/build/icyphy/ptII/ptolemy/domains/continuous/test/auto/ContinuousInDE.xml
98 ms. Memory: 278528K Free: 224518K (81%)
----------------- Invoking toplevel() on ptolemy.moml.MoMLSimpleApplication@5334a705
----------------- Done invoking toplevel() on ptolemy.moml.MoMLSimpleApplication@5334a705
reloadAllAccessors: .ContinuousInDE

===========================================================================================
----------------- testing Sun Oct 20 05:57:22 UTC 2019 /home/travis/build/icyphy/ptII/ptolemy/domains/continuous/test/auto/ContinuousInDE2.xml
----------------- Instantiating /home/travis/build/icyphy/ptII/ptolemy/domains/continuous/test/auto/ContinuousInDE2.xml
48 ms. Memory: 278528K Free: 214792K (77%)
----------------- Invoking toplevel() on ptolemy.moml.MoMLSimpleApplication@2f363bbc
----------------- Done invoking toplevel() on ptolemy.moml.MoMLSimpleApplication@2f363bbc
reloadAllAccessors: .ContinuousInDE2

===========================================================================================
----------------- testing Sun Oct 20 05:57:22 UTC 2019 /home/travis/build/icyphy/ptII/ptolemy/domains/continuous/test/auto/ContinuousInDE3.xml
----------------- Instantiating /home/travis/build/icyphy/ptII/ptolemy/domains/continuous/test/auto/ContinuousInDE3.xml
39 ms. Memory: 278528K Free: 205062K (74%)
----------------- Invoking toplevel() on ptolemy.moml.MoMLSimpleApplication@20740108
----------------- Done invoking toplevel() on ptolemy.moml.MoMLSimpleApplication@20740108
reloadAllAccessors: .ContinuousInDE3

===========================================================================================
----------------- testing Sun Oct 20 05:57:22 UTC 2019 /home/travis/build/icyphy/ptII/ptolemy/domains/continuous/test/auto/ContinuousInDE4.xml
----------------- Instantiating /home/travis/build/icyphy/ptII/ptolemy/domains/continuous/test/auto/ContinuousInDE4.xml
12 ms. Memory: 278528K Free: 198918K (71%)
----------------- Invoking toplevel() on ptolemy.moml.MoMLSimpleApplication@389aa99b
----------------- Done invoking toplevel() on ptolemy.moml.MoMLSimpleApplication@389aa99b
reloadAllAccessors: .ContinuousInDE4

===========================================================================================
----------------- testing Sun Oct 20 05:57:22 UTC 2019 /home/travis/build/icyphy/ptII/ptolemy/domains/continuous/test/auto/ContinuousInDEDifferentRefinements.xml
----------------- Instantiating /home/travis/build/icyphy/ptII/ptolemy/domains/continuous/test/auto/ContinuousInDEDifferentRefinements.xml
65 ms. Memory: 278528K Free: 167688K (60%)
----------------- Invoking toplevel() on ptolemy.moml.MoMLSimpleApplication@4063596f
----------------- Done invoking toplevel() on ptolemy.moml.MoMLSimpleApplication@4063596f
reloadAllAccessors: .ContinuousInDEDifferentRefinements

===========================================================================================
----------------- testing Sun Oct 20 05:57:22 UTC 2019 /home/travis/build/icyphy/ptII/ptolemy/domains/continuous/test/auto/ContinuousInDEDifferentRefinementsPreemptive.xml
----------------- Instantiating /home/travis/build/icyphy/ptII/ptolemy/domains/continuous/test/auto/ContinuousInDEDifferentRefinementsPreemptive.xml
50 ms. Memory: 278528K Free: 136424K (49%)
----------------- Invoking toplevel() on ptolemy.moml.MoMLSimpleApplication@6368a3d8
----------------- Done invoking toplevel() on ptolemy.moml.MoMLSimpleApplication@6368a3d8
reloadAllAccessors: .ContinuousInDEDifferentRefinementsPreemptive

===========================================================================================
----------------- testing Sun Oct 20 05:57:22 UTC 2019 /home/travis/build/icyphy/ptII/ptolemy/domains/continuous/test/auto/ContinuousInDEInContinuous2.xml
----------------- Instantiating /home/travis/build/icyphy/ptII/ptolemy/domains/continuous/test/auto/ContinuousInDEInContinuous2.xml
35 ms. Memory: 278528K Free: 125190K (45%)
----------------- Invoking toplevel() on ptolemy.moml.MoMLSimpleApplication@2bc51ace
----------------- Done invoking toplevel() on ptolemy.moml.MoMLSimpleApplication@2bc51ace
reloadAllAccessors: .ContinuousInDEInContinuous2

===========================================================================================
----------------- testing Sun Oct 20 05:57:23 UTC 2019 /home/travis/build/icyphy/ptII/ptolemy/domains/continuous/test/auto/ContinuousInDEInContinuous3.xml
----------------- Instantiating /home/travis/build/icyphy/ptII/ptolemy/domains/continuous/test/auto/ContinuousInDEInContinuous3.xml
33 ms. Memory: 278528K Free: 113416K (41%)
----------------- Invoking toplevel() on ptolemy.moml.MoMLSimpleApplication@62cac599
----------------- Done invoking toplevel() on ptolemy.moml.MoMLSimpleApplication@62cac599
reloadAllAccessors: .ContinuousInDEInContinuous3

===========================================================================================
----------------- testing Sun Oct 20 05:57:23 UTC 2019 /home/travis/build/icyphy/ptII/ptolemy/domains/continuous/test/auto/ContinuousInDEInput.xml
----------------- Instantiating /home/travis/build/icyphy/ptII/ptolemy/domains/continuous/test/auto/ContinuousInDEInput.xml
14 ms. Memory: 278528K Free: 106248K (38%)
----------------- Invoking toplevel() on ptolemy.moml.MoMLSimpleApplication@479a59f
----------------- Done invoking toplevel() on ptolemy.moml.MoMLSimpleApplication@479a59f
reloadAllAccessors: .ContinuousInDEInput

===========================================================================================
----------------- testing Sun Oct 20 05:57:23 UTC 2019 /home/travis/build/icyphy/ptII/ptolemy/domains/continuous/test/auto/ContinuousInDEInput2.xml
----------------- Instantiating /home/travis/build/icyphy/ptII/ptolemy/domains/continuous/test/auto/ContinuousInDEInput2.xml
13 ms. Memory: 278528K Free: 99080K (36%)
----------------- Invoking toplevel() on ptolemy.moml.MoMLSimpleApplication@2ed3547b
----------------- Done invoking toplevel() on ptolemy.moml.MoMLSimpleApplication@2ed3547b
reloadAllAccessors: .ContinuousInDEInput2

===========================================================================================
----------------- testing Sun Oct 20 05:57:23 UTC 2019 /home/travis/build/icyphy/ptII/ptolemy/domains/continuous/test/auto/ContinuousInDEInput3.xml
----------------- Instantiating /home/travis/build/icyphy/ptII/ptolemy/domains/continuous/test/auto/ContinuousInDEInput3.xml
16 ms. Memory: 278528K Free: 257545K (92%)
----------------- Invoking toplevel() on ptolemy.moml.MoMLSimpleApplication@5540781
----------------- Done invoking toplevel() on ptolemy.moml.MoMLSimpleApplication@5540781
reloadAllAccessors: .ContinuousInDEInput3

===========================================================================================
----------------- testing Sun Oct 20 05:57:23 UTC 2019 /home/travis/build/icyphy/ptII/ptolemy/domains/continuous/test/auto/ContinuousInDESharingRefinement.xml
----------------- Instantiating /home/travis/build/icyphy/ptII/ptolemy/domains/continuous/test/auto/ContinuousInDESharingRefinement.xml
157 ms. Memory: 278528K Free: 163337K (59%)
----------------- Invoking toplevel() on ptolemy.moml.MoMLSimpleApplication@3b057130
----------------- Done invoking toplevel() on ptolemy.moml.MoMLSimpleApplication@3b057130
reloadAllAccessors: .ContinuousInDESharingRefinement

===========================================================================================
----------------- testing Sun Oct 20 05:57:23 UTC 2019 /home/travis/build/icyphy/ptII/ptolemy/domains/continuous/test/auto/ContinuousInDEwithNoPorts.xml
----------------- Instantiating /home/travis/build/icyphy/ptII/ptolemy/domains/continuous/test/auto/ContinuousInDEwithNoPorts.xml
5 ms. Memory: 278528K Free: 159241K (57%)
----------------- Invoking toplevel() on ptolemy.moml.MoMLSimpleApplication@16b44d13
----------------- Done invoking toplevel() on ptolemy.moml.MoMLSimpleApplication@16b44d13
reloadAllAccessors: .ContinuousInDEwithNoPorts

===========================================================================================
----------------- testing Sun Oct 20 05:57:23 UTC 2019 /home/travis/build/icyphy/ptII/ptolemy/domains/continuous/test/auto/ContinuousInsideDE.xml
----------------- Instantiating /home/travis/build/icyphy/ptII/ptolemy/domains/continuous/test/auto/ContinuousInsideDE.xml
31 ms. Memory: 278528K Free: 147463K (53%)
----------------- Invoking toplevel() on ptolemy.moml.MoMLSimpleApplication@284c8ad2
----------------- Done invoking toplevel() on ptolemy.moml.MoMLSimpleApplication@284c8ad2
reloadAllAccessors: .ContinuousInsideDE

===========================================================================================
----------------- testing Sun Oct 20 05:57:23 UTC 2019 /home/travis/build/icyphy/ptII/ptolemy/domains/continuous/test/auto/ContinuousMerge1.xml
----------------- Instantiating /home/travis/build/icyphy/ptII/ptolemy/domains/continuous/test/auto/ContinuousMerge1.xml
3 ms. Memory: 278528K Free: 142857K (51%)
----------------- Invoking toplevel() on ptolemy.moml.MoMLSimpleApplication@49fa14d9
----------------- Done invoking toplevel() on ptolemy.moml.MoMLSimpleApplication@49fa14d9
reloadAllAccessors: .ContinuousMerge1

===========================================================================================
----------------- testing Sun Oct 20 05:57:23 UTC 2019 /home/travis/build/icyphy/ptII/ptolemy/domains/continuous/test/auto/ContinuousMerge2.xml
----------------- Instantiating /home/travis/build/icyphy/ptII/ptolemy/domains/continuous/test/auto/ContinuousMerge2.xml
14 ms. Memory: 278528K Free: 132103K (47%)
----------------- Invoking toplevel() on ptolemy.moml.MoMLSimpleApplication@3d4cd19e
----------------- Done invoking toplevel() on ptolemy.moml.MoMLSimpleApplication@3d4cd19e
reloadAllAccessors: .ContinuousMerge2

===========================================================================================
----------------- testing Sun Oct 20 05:57:23 UTC 2019 /home/travis/build/icyphy/ptII/ptolemy/domains/continuous/test/auto/ContinuousMerge3.xml
----------------- Instantiating /home/travis/build/icyphy/ptII/ptolemy/domains/continuous/test/auto/ContinuousMerge3.xml
40 ms. Memory: 278528K Free: 121353K (44%)
----------------- Invoking toplevel() on ptolemy.moml.MoMLSimpleApplication@1ad12a46
----------------- Done invoking toplevel() on ptolemy.moml.MoMLSimpleApplication@1ad12a46
reloadAllAccessors: .ContinuousMerge3

===========================================================================================
----------------- testing Sun Oct 20 05:57:23 UTC 2019 /home/travis/build/icyphy/ptII/ptolemy/domains/continuous/test/auto/ContinuousWithinContinuous.xml
----------------- Instantiating /home/travis/build/icyphy/ptII/ptolemy/domains/continuous/test/auto/ContinuousWithinContinuous.xml
35 ms. Memory: 278528K Free: 112137K (40%)
----------------- Invoking toplevel() on ptolemy.moml.MoMLSimpleApplication@669fd606
----------------- Done invoking toplevel() on ptolemy.moml.MoMLSimpleApplication@669fd606
reloadAllAccessors: .ContinuousWithinContinuous

===========================================================================================
----------------- testing Sun Oct 20 05:57:23 UTC 2019 /home/travis/build/icyphy/ptII/ptolemy/domains/continuous/test/auto/ContinuousWithinContinuous2.xml
----------------- Instantiating /home/travis/build/icyphy/ptII/ptolemy/domains/continuous/test/auto/ContinuousWithinContinuous2.xml
69 ms. Memory: 278528K Free: 101383K (36%)
----------------- Invoking toplevel() on ptolemy.moml.MoMLSimpleApplication@390faf11
----------------- Done invoking toplevel() on ptolemy.moml.MoMLSimpleApplication@390faf11
reloadAllAccessors: .ContinuousWithinContinuous2

===========================================================================================
----------------- testing Sun Oct 20 05:57:23 UTC 2019 /home/travis/build/icyphy/ptII/ptolemy/domains/continuous/test/auto/ContinuousWithinContinuous3.xml
----------------- Instantiating /home/travis/build/icyphy/ptII/ptolemy/domains/continuous/test/auto/ContinuousWithinContinuous3.xml
13 ms. Memory: 278528K Free: 260546K (94%)
----------------- Invoking toplevel() on ptolemy.moml.MoMLSimpleApplication@41defe93
----------------- Done invoking toplevel() on ptolemy.moml.MoMLSimpleApplication@41defe93
reloadAllAccessors: .ContinuousWithinContinuous3

===========================================================================================
----------------- testing Sun Oct 20 05:57:23 UTC 2019 /home/travis/build/icyphy/ptII/ptolemy/domains/continuous/test/auto/ContinuousWithinContinuous4.xml
----------------- Instantiating /home/travis/build/icyphy/ptII/ptolemy/domains/continuous/test/auto/ContinuousWithinContinuous4.xml
68 ms. Memory: 278528K Free: 247744K (89%)
----------------- Invoking toplevel() on ptolemy.moml.MoMLSimpleApplication@6ebc335b
----------------- Done invoking toplevel() on ptolemy.moml.MoMLSimpleApplication@6ebc335b
reloadAllAccessors: .ContinuousWithinContinuous4

===========================================================================================
----------------- testing Sun Oct 20 05:57:23 UTC 2019 /home/travis/build/icyphy/ptII/ptolemy/domains/continuous/test/auto/ContinuousWithinContinuous5.xml
----------------- Instantiating /home/travis/build/icyphy/ptII/ptolemy/domains/continuous/test/auto/ContinuousWithinContinuous5.xml
12 ms. Memory: 278528K Free: 240576K (86%)
----------------- Invoking toplevel() on ptolemy.moml.MoMLSimpleApplication@379fba05
----------------- Done invoking toplevel() on ptolemy.moml.MoMLSimpleApplication@379fba05
reloadAllAccessors: .ContinuousWithinContinuous5

===========================================================================================
----------------- testing Sun Oct 20 05:57:23 UTC 2019 /home/travis/build/icyphy/ptII/ptolemy/domains/continuous/test/auto/ContinuousWithinContinuous6.xml
----------------- Instantiating /home/travis/build/icyphy/ptII/ptolemy/domains/continuous/test/auto/ContinuousWithinContinuous6.xml
14 ms. Memory: 278528K Free: 233408K (84%)
----------------- Invoking toplevel() on ptolemy.moml.MoMLSimpleApplication@70849447
----------------- Done invoking toplevel() on ptolemy.moml.MoMLSimpleApplication@70849447
reloadAllAccessors: .ContinuousWithinContinuous6

===========================================================================================
----------------- testing Sun Oct 20 05:57:24 UTC 2019 /home/travis/build/icyphy/ptII/ptolemy/domains/continuous/test/auto/ContinuousWithinContinuous7.xml
----------------- Instantiating /home/travis/build/icyphy/ptII/ptolemy/domains/continuous/test/auto/ContinuousWithinContinuous7.xml
55 ms. Memory: 278528K Free: 222658K (80%)
----------------- Invoking toplevel() on ptolemy.moml.MoMLSimpleApplication@724e194d
----------------- Done invoking toplevel() on ptolemy.moml.MoMLSimpleApplication@724e194d
reloadAllAccessors: .ContinuousWithinContinuous7

===========================================================================================
----------------- testing Sun Oct 20 05:57:24 UTC 2019 /home/travis/build/icyphy/ptII/ptolemy/domains/continuous/test/auto/DCMotor.xml
----------------- Instantiating /home/travis/build/icyphy/ptII/ptolemy/domains/continuous/test/auto/DCMotor.xml
13719 ms. Memory: 278528K Free: 118267K (42%)
----------------- Invoking toplevel() on ptolemy.moml.MoMLSimpleApplication@2e3bba47
----------------- Done invoking toplevel() on ptolemy.moml.MoMLSimpleApplication@2e3bba47
reloadAllAccessors: .DCMotor

===========================================================================================
----------------- testing Sun Oct 20 05:57:37 UTC 2019 /home/travis/build/icyphy/ptII/ptolemy/domains/continuous/test/auto/DEInContinuous.xml
----------------- Instantiating /home/travis/build/icyphy/ptII/ptolemy/domains/continuous/test/auto/DEInContinuous.xml
23 ms. Memory: 278528K Free: 112137K (40%)
----------------- Invoking toplevel() on ptolemy.moml.MoMLSimpleApplication@788db9f2
----------------- Done invoking toplevel() on ptolemy.moml.MoMLSimpleApplication@788db9f2
reloadAllAccessors: .DEInContinuous

===========================================================================================
----------------- testing Sun Oct 20 05:57:37 UTC 2019 /home/travis/build/icyphy/ptII/ptolemy/domains/continuous/test/auto/DEinContinuous2.xml
----------------- Instantiating /home/travis/build/icyphy/ptII/ptolemy/domains/continuous/test/auto/DEinContinuous2.xml
11 ms. Memory: 278528K Free: 104459K (38%)
----------------- Invoking toplevel() on ptolemy.moml.MoMLSimpleApplication@47931f3d
----------------- Done invoking toplevel() on ptolemy.moml.MoMLSimpleApplication@47931f3d
reloadAllAccessors: .DEinContinuous2

===========================================================================================
----------------- testing Sun Oct 20 05:57:37 UTC 2019 /home/travis/build/icyphy/ptII/ptolemy/domains/continuous/test/auto/Derivative.xml
----------------- Instantiating /home/travis/build/icyphy/ptII/ptolemy/domains/continuous/test/auto/Derivative.xml
157 ms. Memory: 278528K Free: 240618K (86%)
----------------- Invoking toplevel() on ptolemy.moml.MoMLSimpleApplication@6ed8a028
----------------- Done invoking toplevel() on ptolemy.moml.MoMLSimpleApplication@6ed8a028
reloadAllAccessors: .Derivative2

===========================================================================================
----------------- testing Sun Oct 20 05:57:38 UTC 2019 /home/travis/build/icyphy/ptII/ptolemy/domains/continuous/test/auto/Derivative1.xml
----------------- Instantiating /home/travis/build/icyphy/ptII/ptolemy/domains/continuous/test/auto/Derivative1.xml
33 ms. Memory: 278528K Free: 226282K (81%)
----------------- Invoking toplevel() on ptolemy.moml.MoMLSimpleApplication@3bd280f0
----------------- Done invoking toplevel() on ptolemy.moml.MoMLSimpleApplication@3bd280f0
reloadAllAccessors: .Derivative1

===========================================================================================
----------------- testing Sun Oct 20 05:57:38 UTC 2019 /home/travis/build/icyphy/ptII/ptolemy/domains/continuous/test/auto/DiscreteClock.xml
----------------- Instantiating /home/travis/build/icyphy/ptII/ptolemy/domains/continuous/test/auto/DiscreteClock.xml
5 ms. Memory: 278528K Free: 221162K (79%)
----------------- Invoking toplevel() on ptolemy.moml.MoMLSimpleApplication@2964704d
----------------- Done invoking toplevel() on ptolemy.moml.MoMLSimpleApplication@2964704d
reloadAllAccessors: .DiscreteClock

===========================================================================================
----------------- testing Sun Oct 20 05:57:38 UTC 2019 /home/travis/build/icyphy/ptII/ptolemy/domains/continuous/test/auto/EfficiencyCurve.xml
----------------- Instantiating /home/travis/build/icyphy/ptII/ptolemy/domains/continuous/test/auto/EfficiencyCurve.xml
106 ms. Memory: 278528K Free: 211946K (76%)
----------------- Invoking toplevel() on ptolemy.moml.MoMLSimpleApplication@772507
----------------- Done invoking toplevel() on ptolemy.moml.MoMLSimpleApplication@772507
reloadAllAccessors: .EfficiencyCurve

===========================================================================================
----------------- testing Sun Oct 20 05:57:38 UTC 2019 /home/travis/build/icyphy/ptII/ptolemy/domains/continuous/test/auto/ExponentialResponse.xml
----------------- Instantiating /home/travis/build/icyphy/ptII/ptolemy/domains/continuous/test/auto/ExponentialResponse.xml
126 ms. Memory: 278528K Free: 195562K (70%)
----------------- Invoking toplevel() on ptolemy.moml.MoMLSimpleApplication@1ea853ff
----------------- Done invoking toplevel() on ptolemy.moml.MoMLSimpleApplication@1ea853ff
reloadAllAccessors: .ExponentialResponse

===========================================================================================
----------------- testing Sun Oct 20 05:57:38 UTC 2019 /home/travis/build/icyphy/ptII/ptolemy/domains/continuous/test/auto/ExponentialResponseRK45.xml
----------------- Instantiating /home/travis/build/icyphy/ptII/ptolemy/domains/continuous/test/auto/ExponentialResponseRK45.xml
27 ms. Memory: 278528K Free: 188908K (68%)
----------------- Invoking toplevel() on ptolemy.moml.MoMLSimpleApplication@425fecf2
----------------- Done invoking toplevel() on ptolemy.moml.MoMLSimpleApplication@425fecf2
reloadAllAccessors: .ExponentialResponseRK45

===========================================================================================
----------------- testing Sun Oct 20 05:57:38 UTC 2019 /home/travis/build/icyphy/ptII/ptolemy/domains/continuous/test/auto/Friction.xml
----------------- Instantiating /home/travis/build/icyphy/ptII/ptolemy/domains/continuous/test/auto/Friction.xml
1609 ms. Memory: 278528K Free: 253718K (91%)
----------------- Invoking toplevel() on ptolemy.moml.MoMLSimpleApplication@fff7819
----------------- Done invoking toplevel() on ptolemy.moml.MoMLSimpleApplication@fff7819
reloadAllAccessors: .Friction

===========================================================================================
----------------- testing Sun Oct 20 05:57:40 UTC 2019 /home/travis/build/icyphy/ptII/ptolemy/domains/continuous/test/auto/FurutaPendulum.xml
----------------- Instantiating /home/travis/build/icyphy/ptII/ptolemy/domains/continuous/test/auto/FurutaPendulum.xml
3868 ms. Memory: 278528K Free: 234892K (84%)
----------------- Invoking toplevel() on ptolemy.moml.MoMLSimpleApplication@34fdccf0
----------------- Done invoking toplevel() on ptolemy.moml.MoMLSimpleApplication@34fdccf0
reloadAllAccessors: .FurutaPendulum

===========================================================================================
----------------- testing Sun Oct 20 05:57:44 UTC 2019 /home/travis/build/icyphy/ptII/ptolemy/domains/continuous/test/auto/HierarchicalExecution.xml
----------------- Instantiating /home/travis/build/icyphy/ptII/ptolemy/domains/continuous/test/auto/HierarchicalExecution.xml
2199 ms. Memory: 278528K Free: 110272K (40%)
----------------- Invoking toplevel() on ptolemy.moml.MoMLSimpleApplication@393e8ea1
----------------- Done invoking toplevel() on ptolemy.moml.MoMLSimpleApplication@393e8ea1
reloadAllAccessors: .HierarchicalExecution

===========================================================================================
----------------- testing Sun Oct 20 05:57:47 UTC 2019 /home/travis/build/icyphy/ptII/ptolemy/domains/continuous/test/auto/HybridPlant.xml
----------------- Instantiating /home/travis/build/icyphy/ptII/ptolemy/domains/continuous/test/auto/HybridPlant.xml
643 ms. Memory: 334848K Free: 266063K (79%)
----------------- Invoking toplevel() on ptolemy.moml.MoMLSimpleApplication@63d31bc5
----------------- Done invoking toplevel() on ptolemy.moml.MoMLSimpleApplication@63d31bc5
reloadAllAccessors: .HybridPlant

===========================================================================================
----------------- testing Sun Oct 20 05:57:47 UTC 2019 /home/travis/build/icyphy/ptII/ptolemy/domains/continuous/test/auto/Hysteresis.xml
----------------- Instantiating /home/travis/build/icyphy/ptII/ptolemy/domains/continuous/test/auto/Hysteresis.xml
172 ms. Memory: 334848K Free: 203071K (61%)
----------------- Invoking toplevel() on ptolemy.moml.MoMLSimpleApplication@7ee36df5
----------------- Done invoking toplevel() on ptolemy.moml.MoMLSimpleApplication@7ee36df5
reloadAllAccessors: .Hysteresis

===========================================================================================
----------------- testing Sun Oct 20 05:57:47 UTC 2019 /home/travis/build/icyphy/ptII/ptolemy/domains/continuous/test/auto/HysteresisWithRandomDelay.xml
----------------- Instantiating /home/travis/build/icyphy/ptII/ptolemy/domains/continuous/test/auto/HysteresisWithRandomDelay.xml
210 ms. Memory: 334848K Free: 129871K (39%)
----------------- Invoking toplevel() on ptolemy.moml.MoMLSimpleApplication@2c14c582
----------------- Done invoking toplevel() on ptolemy.moml.MoMLSimpleApplication@2c14c582
reloadAllAccessors: .HysteresisWithRandomDelay

===========================================================================================
----------------- testing Sun Oct 20 05:57:48 UTC 2019 /home/travis/build/icyphy/ptII/ptolemy/domains/continuous/test/auto/HysteresisWithRandomLosses.xml
----------------- Instantiating /home/travis/build/icyphy/ptII/ptolemy/domains/continuous/test/auto/HysteresisWithRandomLosses.xml
2688 ms. Memory: 334848K Free: 168360K (50%)
----------------- Invoking toplevel() on ptolemy.moml.MoMLSimpleApplication@3ae31f9d
----------------- Done invoking toplevel() on ptolemy.moml.MoMLSimpleApplication@3ae31f9d
reloadAllAccessors: .HysteresisWithRandomLosses

===========================================================================================
----------------- testing Sun Oct 20 05:57:51 UTC 2019 /home/travis/build/icyphy/ptII/ptolemy/domains/continuous/test/auto/ImmediateTransitions.xml
----------------- Instantiating /home/travis/build/icyphy/ptII/ptolemy/domains/continuous/test/auto/ImmediateTransitions.xml
12 ms. Memory: 334848K Free: 157606K (47%)
----------------- Invoking toplevel() on ptolemy.moml.MoMLSimpleApplication@2c6262bf
----------------- Done invoking toplevel() on ptolemy.moml.MoMLSimpleApplication@2c6262bf
reloadAllAccessors: .ImmediateTransitions

===========================================================================================
----------------- testing Sun Oct 20 05:57:51 UTC 2019 /home/travis/build/icyphy/ptII/ptolemy/domains/continuous/test/auto/ImpulseFeedback.xml
----------------- Instantiating /home/travis/build/icyphy/ptII/ptolemy/domains/continuous/test/auto/ImpulseFeedback.xml
7 ms. Memory: 334848K Free: 151976K (45%)
----------------- Invoking toplevel() on ptolemy.moml.MoMLSimpleApplication@660c50a3
----------------- Done invoking toplevel() on ptolemy.moml.MoMLSimpleApplication@660c50a3
reloadAllAccessors: .ImpulseFeedback

===========================================================================================
----------------- testing Sun Oct 20 05:57:51 UTC 2019 /home/travis/build/icyphy/ptII/ptolemy/domains/continuous/test/auto/ImpulseFeedback2.xml
----------------- Instantiating /home/travis/build/icyphy/ptII/ptolemy/domains/continuous/test/auto/ImpulseFeedback2.xml
5 ms. Memory: 334848K Free: 146342K (44%)
----------------- Invoking toplevel() on ptolemy.moml.MoMLSimpleApplication@1fdfb892
----------------- Done invoking toplevel() on ptolemy.moml.MoMLSimpleApplication@1fdfb892
reloadAllAccessors: .ImpulseFeedback2

===========================================================================================
----------------- testing Sun Oct 20 05:57:51 UTC 2019 /home/travis/build/icyphy/ptII/ptolemy/domains/continuous/test/auto/IncreasingRatePoisson.xml
----------------- Instantiating /home/travis/build/icyphy/ptII/ptolemy/domains/continuous/test/auto/IncreasingRatePoisson.xml
832 ms. Memory: 334848K Free: 228615K (68%)
----------------- Invoking toplevel() on ptolemy.moml.MoMLSimpleApplication@3da079f3
----------------- Done invoking toplevel() on ptolemy.moml.MoMLSimpleApplication@3da079f3
reloadAllAccessors: .IncreasingRatePoisson

===========================================================================================
----------------- testing Sun Oct 20 05:57:51 UTC 2019 /home/travis/build/icyphy/ptII/ptolemy/domains/continuous/test/auto/InitialStateFeedback.xml
----------------- Instantiating /home/travis/build/icyphy/ptII/ptolemy/domains/continuous/test/auto/InitialStateFeedback.xml
5 ms. Memory: 334848K Free: 224005K (67%)
----------------- Invoking toplevel() on ptolemy.moml.MoMLSimpleApplication@78a7b3de
----------------- Done invoking toplevel() on ptolemy.moml.MoMLSimpleApplication@78a7b3de
reloadAllAccessors: .InitialStateFeedback

===========================================================================================
----------------- testing Sun Oct 20 05:57:52 UTC 2019 /home/travis/build/icyphy/ptII/ptolemy/domains/continuous/test/auto/Integration.xml
----------------- Instantiating /home/travis/build/icyphy/ptII/ptolemy/domains/continuous/test/auto/Integration.xml
2 ms. Memory: 334848K Free: 219909K (66%)
----------------- Invoking toplevel() on ptolemy.moml.MoMLSimpleApplication@1165a732
----------------- Done invoking toplevel() on ptolemy.moml.MoMLSimpleApplication@1165a732
reloadAllAccessors: .Integration

===========================================================================================
----------------- testing Sun Oct 20 05:57:52 UTC 2019 /home/travis/build/icyphy/ptII/ptolemy/domains/continuous/test/auto/Integration2.xml
----------------- Instantiating /home/travis/build/icyphy/ptII/ptolemy/domains/continuous/test/auto/Integration2.xml
87 ms. Memory: 334848K Free: 205573K (61%)
----------------- Invoking toplevel() on ptolemy.moml.MoMLSimpleApplication@33f50016
----------------- Done invoking toplevel() on ptolemy.moml.MoMLSimpleApplication@33f50016
reloadAllAccessors: .Integration2

===========================================================================================
----------------- testing Sun Oct 20 05:57:52 UTC 2019 /home/travis/build/icyphy/ptII/ptolemy/domains/continuous/test/auto/Integration3.xml
----------------- Instantiating /home/travis/build/icyphy/ptII/ptolemy/domains/continuous/test/auto/Integration3.xml
4 ms. Memory: 334848K Free: 200967K (60%)
----------------- Invoking toplevel() on ptolemy.moml.MoMLSimpleApplication@6e1a3efa
----------------- Done invoking toplevel() on ptolemy.moml.MoMLSimpleApplication@6e1a3efa
reloadAllAccessors: .Integration3

===========================================================================================
----------------- testing Sun Oct 20 05:57:52 UTC 2019 /home/travis/build/icyphy/ptII/ptolemy/domains/continuous/test/auto/Integration5.xml
----------------- Instantiating /home/travis/build/icyphy/ptII/ptolemy/domains/continuous/test/auto/Integration5.xml
3 ms. Memory: 334848K Free: 196871K (59%)
----------------- Invoking toplevel() on ptolemy.moml.MoMLSimpleApplication@3fccccd6
----------------- Done invoking toplevel() on ptolemy.moml.MoMLSimpleApplication@3fccccd6
reloadAllAccessors: .Integration5

===========================================================================================
----------------- testing Sun Oct 20 05:57:52 UTC 2019 /home/travis/build/icyphy/ptII/ptolemy/domains/continuous/test/auto/IntegratorImpulse.xml
----------------- Instantiating /home/travis/build/icyphy/ptII/ptolemy/domains/continuous/test/auto/IntegratorImpulse.xml
2 ms. Memory: 334848K Free: 192775K (58%)
----------------- Invoking toplevel() on ptolemy.moml.MoMLSimpleApplication@191d1e5b
----------------- Done invoking toplevel() on ptolemy.moml.MoMLSimpleApplication@191d1e5b
reloadAllAccessors: .IntegratorImpulse

===========================================================================================
----------------- testing Sun Oct 20 05:57:52 UTC 2019 /home/travis/build/icyphy/ptII/ptolemy/domains/continuous/test/auto/IntegratorImpulse2.xml
----------------- Instantiating /home/travis/build/icyphy/ptII/ptolemy/domains/continuous/test/auto/IntegratorImpulse2.xml
4 ms. Memory: 334848K Free: 188151K (56%)
----------------- Invoking toplevel() on ptolemy.moml.MoMLSimpleApplication@42d56b34
----------------- Done invoking toplevel() on ptolemy.moml.MoMLSimpleApplication@42d56b34
reloadAllAccessors: .IntegratorImpulse2

===========================================================================================
----------------- testing Sun Oct 20 05:57:52 UTC 2019 /home/travis/build/icyphy/ptII/ptolemy/domains/continuous/test/auto/LevelCrossing1.xml
----------------- Instantiating /home/travis/build/icyphy/ptII/ptolemy/domains/continuous/test/auto/LevelCrossing1.xml
3 ms. Memory: 334848K Free: 183039K (55%)
----------------- Invoking toplevel() on ptolemy.moml.MoMLSimpleApplication@3402d9c6
----------------- Done invoking toplevel() on ptolemy.moml.MoMLSimpleApplication@3402d9c6
reloadAllAccessors: .LevelCrossing1

===========================================================================================
----------------- testing Sun Oct 20 05:57:52 UTC 2019 /home/travis/build/icyphy/ptII/ptolemy/domains/continuous/test/auto/LevelCrossing2.xml
----------------- Instantiating /home/travis/build/icyphy/ptII/ptolemy/domains/continuous/test/auto/LevelCrossing2.xml
8 ms. Memory: 334848K Free: 177925K (53%)
----------------- Invoking toplevel() on ptolemy.moml.MoMLSimpleApplication@16b9c36
----------------- Done invoking toplevel() on ptolemy.moml.MoMLSimpleApplication@16b9c36
reloadAllAccessors: .LevelCrossing2

===========================================================================================
----------------- testing Sun Oct 20 05:57:52 UTC 2019 /home/travis/build/icyphy/ptII/ptolemy/domains/continuous/test/auto/LevelCrossing3.xml
----------------- Instantiating /home/travis/build/icyphy/ptII/ptolemy/domains/continuous/test/auto/LevelCrossing3.xml
3 ms. Memory: 334848K Free: 172791K (52%)
----------------- Invoking toplevel() on ptolemy.moml.MoMLSimpleApplication@2959ef72
----------------- Done invoking toplevel() on ptolemy.moml.MoMLSimpleApplication@2959ef72
reloadAllAccessors: .LevelCrossing3

===========================================================================================
----------------- testing Sun Oct 20 05:57:52 UTC 2019 /home/travis/build/icyphy/ptII/ptolemy/domains/continuous/test/auto/LevelCrossing4.xml
----------------- Instantiating /home/travis/build/icyphy/ptII/ptolemy/domains/continuous/test/auto/LevelCrossing4.xml
3 ms. Memory: 334848K Free: 167671K (50%)
----------------- Invoking toplevel() on ptolemy.moml.MoMLSimpleApplication@6ff77817
----------------- Done invoking toplevel() on ptolemy.moml.MoMLSimpleApplication@6ff77817
reloadAllAccessors: .LevelCrossing4

===========================================================================================
----------------- testing Sun Oct 20 05:57:52 UTC 2019 /home/travis/build/icyphy/ptII/ptolemy/domains/continuous/test/auto/LevelCrossing5.xml
----------------- Instantiating /home/travis/build/icyphy/ptII/ptolemy/domains/continuous/test/auto/LevelCrossing5.xml
3 ms. Memory: 334848K Free: 162551K (49%)
----------------- Invoking toplevel() on ptolemy.moml.MoMLSimpleApplication@31e3798a
----------------- Done invoking toplevel() on ptolemy.moml.MoMLSimpleApplication@31e3798a
reloadAllAccessors: .LevelCrossing5

===========================================================================================
[...]
reloadAllAccessors: .ResetTransitionWithStartTime6

===========================================================================================
----------------- testing Sun Oct 20 05:58:11 UTC 2019 /home/travis/build/icyphy/ptII/ptolemy/domains/continuous/test/auto/SRinContinuous.xml
----------------- Instantiating /home/travis/build/icyphy/ptII/ptolemy/domains/continuous/test/auto/SRinContinuous.xml
4 ms. Memory: 334848K Free: 214117K (64%)
----------------- Invoking toplevel() on ptolemy.moml.MoMLSimpleApplication@2079de5a
----------------- Done invoking toplevel() on ptolemy.moml.MoMLSimpleApplication@2079de5a
reloadAllAccessors: .SRinContinuous

===========================================================================================
----------------- testing Sun Oct 20 05:58:11 UTC 2019 /home/travis/build/icyphy/ptII/ptolemy/domains/continuous/test/auto/SampledClocks.xml
----------------- Instantiating /home/travis/build/icyphy/ptII/ptolemy/domains/continuous/test/auto/SampledClocks.xml
8 ms. Memory: 334848K Free: 201319K (60%)
----------------- Invoking toplevel() on ptolemy.moml.MoMLSimpleApplication@39090e28
----------------- Done invoking toplevel() on ptolemy.moml.MoMLSimpleApplication@39090e28
reloadAllAccessors: .SampledClocks

===========================================================================================
----------------- testing Sun Oct 20 05:58:11 UTC 2019 /home/travis/build/icyphy/ptII/ptolemy/domains/continuous/test/auto/Satellite.xml
----------------- Instantiating /home/travis/build/icyphy/ptII/ptolemy/domains/continuous/test/auto/Satellite.xml
873 ms. Memory: 334848K Free: 201878K (60%)
----------------- Invoking toplevel() on ptolemy.moml.MoMLSimpleApplication@24f52e4f
----------------- Done invoking toplevel() on ptolemy.moml.MoMLSimpleApplication@24f52e4f
reloadAllAccessors: .Satellite

===========================================================================================
----------------- testing Sun Oct 20 05:58:12 UTC 2019 /home/travis/build/icyphy/ptII/ptolemy/domains/continuous/test/auto/SigmaDelta.xml
----------------- Instantiating /home/travis/build/icyphy/ptII/ptolemy/domains/continuous/test/auto/SigmaDelta.xml
2732 ms. Memory: 334848K Free: 133422K (40%)
----------------- Invoking toplevel() on ptolemy.moml.MoMLSimpleApplication@31b0f558
----------------- Done invoking toplevel() on ptolemy.moml.MoMLSimpleApplication@31b0f558
reloadAllAccessors: .SigmaDelta

===========================================================================================
----------------- testing Sun Oct 20 05:58:15 UTC 2019 /home/travis/build/icyphy/ptII/ptolemy/domains/continuous/test/auto/SingleRefinement.xml
----------------- Instantiating /home/travis/build/icyphy/ptII/ptolemy/domains/continuous/test/auto/SingleRefinement.xml
326 ms. Memory: 334848K Free: 148318K (44%)
----------------- Invoking toplevel() on ptolemy.moml.MoMLSimpleApplication@27448525
----------------- Done invoking toplevel() on ptolemy.moml.MoMLSimpleApplication@27448525
reloadAllAccessors: .SingleRefinement

===========================================================================================
----------------- testing Sun Oct 20 05:58:15 UTC 2019 /home/travis/build/icyphy/ptII/ptolemy/domains/continuous/test/auto/SinuBouncingBall.xml
----------------- Instantiating /home/travis/build/icyphy/ptII/ptolemy/domains/continuous/test/auto/SinuBouncingBall.xml
835 ms. Memory: 334848K Free: 130643K (39%)
----------------- Invoking toplevel() on ptolemy.moml.MoMLSimpleApplication@b5ec5bd
----------------- Done invoking toplevel() on ptolemy.moml.MoMLSimpleApplication@b5ec5bd
reloadAllAccessors: .SinuBouncingBall

===========================================================================================
----------------- testing Sun Oct 20 05:58:16 UTC 2019 /home/travis/build/icyphy/ptII/ptolemy/domains/continuous/test/auto/Sinusoid.xml
----------------- Instantiating /home/travis/build/icyphy/ptII/ptolemy/domains/continuous/test/auto/Sinusoid.xml
5 ms. Memory: 334848K Free: 126547K (38%)
----------------- Invoking toplevel() on ptolemy.moml.MoMLSimpleApplication@66d6a0b9
----------------- Done invoking toplevel() on ptolemy.moml.MoMLSimpleApplication@66d6a0b9
reloadAllAccessors: .Sinusoid

===========================================================================================
----------------- testing Sun Oct 20 05:58:16 UTC 2019 /home/travis/build/icyphy/ptII/ptolemy/domains/continuous/test/auto/SinusoidInNoise.xml
----------------- Instantiating /home/travis/build/icyphy/ptII/ptolemy/domains/continuous/test/auto/SinusoidInNoise.xml
1020 ms. Memory: 334848K Free: 186825K (56%)
----------------- Invoking toplevel() on ptolemy.moml.MoMLSimpleApplication@6fdd49da
----------------- Done invoking toplevel() on ptolemy.moml.MoMLSimpleApplication@6fdd49da
reloadAllAccessors: .SinusoidInNoise

===========================================================================================
----------------- testing Sun Oct 20 05:58:17 UTC 2019 /home/travis/build/icyphy/ptII/ptolemy/domains/continuous/test/auto/SinusoidRK45.xml
----------------- Instantiating /home/travis/build/icyphy/ptII/ptolemy/domains/continuous/test/auto/SinusoidRK45.xml
2 ms. Memory: 334848K Free: 182715K (55%)
----------------- Invoking toplevel() on ptolemy.moml.MoMLSimpleApplication@4a3d6085
----------------- Done invoking toplevel() on ptolemy.moml.MoMLSimpleApplication@4a3d6085
reloadAllAccessors: .SinusoidRK45

===========================================================================================
----------------- testing Sun Oct 20 05:58:17 UTC 2019 /home/travis/build/icyphy/ptII/ptolemy/domains/continuous/test/auto/SinusoidWithMultipleImpulses.xml
----------------- Instantiating /home/travis/build/icyphy/ptII/ptolemy/domains/continuous/test/auto/SinusoidWithMultipleImpulses.xml
4 ms. Memory: 334848K Free: 178123K (53%)
----------------- Invoking toplevel() on ptolemy.moml.MoMLSimpleApplication@297bb60a
----------------- Done invoking toplevel() on ptolemy.moml.MoMLSimpleApplication@297bb60a
reloadAllAccessors: .SinusoidWithMultipleImpulses

===========================================================================================
----------------- testing Sun Oct 20 05:58:17 UTC 2019 /home/travis/build/icyphy/ptII/ptolemy/domains/continuous/test/auto/SquareWave.xml
----------------- Instantiating /home/travis/build/icyphy/ptII/ptolemy/domains/continuous/test/auto/SquareWave.xml
162 ms. Memory: 334848K Free: 150475K (45%)
----------------- Invoking toplevel() on ptolemy.moml.MoMLSimpleApplication@5f866d71
----------------- Done invoking toplevel() on ptolemy.moml.MoMLSimpleApplication@5f866d71
reloadAllAccessors: .SquareWave

===========================================================================================
----------------- testing Sun Oct 20 05:58:17 UTC 2019 /home/travis/build/icyphy/ptII/ptolemy/domains/continuous/test/auto/Starmac.xml
----------------- Instantiating /home/travis/build/icyphy/ptII/ptolemy/domains/continuous/test/auto/Starmac.xml
3065 ms. Memory: 334848K Free: 235401K (70%)
----------------- Invoking toplevel() on ptolemy.moml.MoMLSimpleApplication@3ad970ca
----------------- Done invoking toplevel() on ptolemy.moml.MoMLSimpleApplication@3ad970ca
reloadAllAccessors: .Starmac

===========================================================================================
----------------- testing Sun Oct 20 05:58:21 UTC 2019 /home/travis/build/icyphy/ptII/ptolemy/domains/continuous/test/auto/StaticUnits.xml
----------------- Instantiating /home/travis/build/icyphy/ptII/ptolemy/domains/continuous/test/auto/StaticUnits.xml
2402 ms. Memory: 334848K Free: 169653K (51%)
----------------- Invoking toplevel() on ptolemy.moml.MoMLSimpleApplication@13ad2c4c
----------------- Done invoking toplevel() on ptolemy.moml.MoMLSimpleApplication@13ad2c4c
reloadAllAccessors: .StaticUnits

===========================================================================================
----------------- testing Sun Oct 20 05:58:24 UTC 2019 /home/travis/build/icyphy/ptII/ptolemy/domains/continuous/test/auto/StickyMasses.xml
----------------- Instantiating /home/travis/build/icyphy/ptII/ptolemy/domains/continuous/test/auto/StickyMasses.xml
141 ms. Memory: 334848K Free: 119477K (36%)
----------------- Invoking toplevel() on ptolemy.moml.MoMLSimpleApplication@32a1f928
----------------- Done invoking toplevel() on ptolemy.moml.MoMLSimpleApplication@32a1f928
reloadAllAccessors: .StickyMasses

===========================================================================================
----------------- testing Sun Oct 20 05:58:24 UTC 2019 /home/travis/build/icyphy/ptII/ptolemy/domains/continuous/test/auto/StopTime.xml
----------------- Instantiating /home/travis/build/icyphy/ptII/ptolemy/domains/continuous/test/auto/StopTime.xml
48 ms. Memory: 334848K Free: 290040K (87%)
----------------- Invoking toplevel() on ptolemy.moml.MoMLSimpleApplication@3a2bed68
----------------- Done invoking toplevel() on ptolemy.moml.MoMLSimpleApplication@3a2bed68
reloadAllAccessors: .StopTime

===========================================================================================
----------------- testing Sun Oct 20 05:58:24 UTC 2019 /home/travis/build/icyphy/ptII/ptolemy/domains/continuous/test/auto/StopTime2.xml
----------------- Instantiating /home/travis/build/icyphy/ptII/ptolemy/domains/continuous/test/auto/StopTime2.xml
36 ms. Memory: 334848K Free: 268040K (80%)
----------------- Invoking toplevel() on ptolemy.moml.MoMLSimpleApplication@141e8fe4
----------------- Done invoking toplevel() on ptolemy.moml.MoMLSimpleApplication@141e8fe4
reloadAllAccessors: .StopTime2

===========================================================================================
----------------- testing Sun Oct 20 05:58:24 UTC 2019 /home/travis/build/icyphy/ptII/ptolemy/domains/continuous/test/auto/Switch.xml
----------------- Instantiating /home/travis/build/icyphy/ptII/ptolemy/domains/continuous/test/auto/Switch.xml
42 ms. Memory: 334848K Free: 242950K (73%)
----------------- Invoking toplevel() on ptolemy.moml.MoMLSimpleApplication@441f3df1
----------------- Done invoking toplevel() on ptolemy.moml.MoMLSimpleApplication@441f3df1
reloadAllAccessors: .Switch

===========================================================================================
----------------- testing Sun Oct 20 05:58:24 UTC 2019 /home/travis/build/icyphy/ptII/ptolemy/domains/continuous/test/auto/Thermostat.xml
----------------- Instantiating /home/travis/build/icyphy/ptII/ptolemy/domains/continuous/test/auto/Thermostat.xml
202 ms. Memory: 334848K Free: 169736K (51%)
----------------- Invoking toplevel() on ptolemy.moml.MoMLSimpleApplication@2772d13b
----------------- Done invoking toplevel() on ptolemy.moml.MoMLSimpleApplication@2772d13b
reloadAllAccessors: .Thermostat

===========================================================================================
----------------- testing Sun Oct 20 05:58:24 UTC 2019 /home/travis/build/icyphy/ptII/ptolemy/domains/continuous/test/auto/TimeDelay.xml
----------------- Instantiating /home/travis/build/icyphy/ptII/ptolemy/domains/continuous/test/auto/TimeDelay.xml
6 ms. Memory: 334848K Free: 165112K (49%)
----------------- Invoking toplevel() on ptolemy.moml.MoMLSimpleApplication@1a15b0e4
----------------- Done invoking toplevel() on ptolemy.moml.MoMLSimpleApplication@1a15b0e4
reloadAllAccessors: .TimeDelay

===========================================================================================
----------------- testing Sun Oct 20 05:58:24 UTC 2019 /home/travis/build/icyphy/ptII/ptolemy/domains/continuous/test/auto/TimeDelay2.xml
----------------- Instantiating /home/travis/build/icyphy/ptII/ptolemy/domains/continuous/test/auto/TimeDelay2.xml
8 ms. Memory: 334848K Free: 155400K (46%)
----------------- Invoking toplevel() on ptolemy.moml.MoMLSimpleApplication@925ff98
----------------- Done invoking toplevel() on ptolemy.moml.MoMLSimpleApplication@925ff98
reloadAllAccessors: .TimeDelay2

===========================================================================================
----------------- testing Sun Oct 20 05:58:25 UTC 2019 /home/travis/build/icyphy/ptII/ptolemy/domains/continuous/test/auto/TimeDelay3.xml
----------------- Instantiating /home/travis/build/icyphy/ptII/ptolemy/domains/continuous/test/auto/TimeDelay3.xml
3 ms. Memory: 334848K Free: 150776K (45%)
----------------- Invoking toplevel() on ptolemy.moml.MoMLSimpleApplication@593a7560
----------------- Done invoking toplevel() on ptolemy.moml.MoMLSimpleApplication@593a7560
reloadAllAccessors: .TimeDelay3

===========================================================================================
----------------- testing Sun Oct 20 05:58:25 UTC 2019 /home/travis/build/icyphy/ptII/ptolemy/domains/continuous/test/auto/TransferAbsentToInside.xml
----------------- Instantiating /home/travis/build/icyphy/ptII/ptolemy/domains/continuous/test/auto/TransferAbsentToInside.xml
32 ms. Memory: 334848K Free: 291429K (87%)
----------------- Invoking toplevel() on ptolemy.moml.MoMLSimpleApplication@4dd4eccf
----------------- Done invoking toplevel() on ptolemy.moml.MoMLSimpleApplication@4dd4eccf
reloadAllAccessors: .TransferAbsentToInside

===========================================================================================
----------------- testing Sun Oct 20 05:58:25 UTC 2019 /home/travis/build/icyphy/ptII/ptolemy/domains/continuous/test/auto/Transmission.xml
----------------- Instantiating /home/travis/build/icyphy/ptII/ptolemy/domains/continuous/test/auto/Transmission.xml
902 ms. Memory: 334848K Free: 251131K (75%)
----------------- Invoking toplevel() on ptolemy.moml.MoMLSimpleApplication@74f42ef4
----------------- Done invoking toplevel() on ptolemy.moml.MoMLSimpleApplication@74f42ef4
reloadAllAccessors: .Transmission

===========================================================================================
----------------- testing Sun Oct 20 05:58:26 UTC 2019 /home/travis/build/icyphy/ptII/ptolemy/domains/continuous/test/auto/TriggeredContinuousClock.xml
----------------- Instantiating /home/travis/build/icyphy/ptII/ptolemy/domains/continuous/test/auto/TriggeredContinuousClock.xml
45 ms. Memory: 334848K Free: 221421K (66%)
----------------- Invoking toplevel() on ptolemy.moml.MoMLSimpleApplication@1a6b8d83
----------------- Done invoking toplevel() on ptolemy.moml.MoMLSimpleApplication@1a6b8d83
reloadAllAccessors: .TriggeredContinuousClock

===========================================================================================
----------------- testing Sun Oct 20 05:58:26 UTC 2019 /home/travis/build/icyphy/ptII/ptolemy/domains/continuous/test/auto/TwoMachineInfiniteBusControl.xml
----------------- Instantiating /home/travis/build/icyphy/ptII/ptolemy/domains/continuous/test/auto/TwoMachineInfiniteBusControl.xml
3095 ms. Memory: 334848K Free: 221396K (66%)
----------------- Invoking toplevel() on ptolemy.moml.MoMLSimpleApplication@4d866504
----------------- Done invoking toplevel() on ptolemy.moml.MoMLSimpleApplication@4d866504
reloadAllAccessors: .TwoMachineInfiniteBusControl

===========================================================================================
----------------- testing Sun Oct 20 05:58:29 UTC 2019 /home/travis/build/icyphy/ptII/ptolemy/domains/continuous/test/auto/V2V.xml
----------------- Instantiating /home/travis/build/icyphy/ptII/ptolemy/domains/continuous/test/auto/V2V.xml
904 ms. Memory: 334848K Free: 224450K (67%)
----------------- Invoking toplevel() on ptolemy.moml.MoMLSimpleApplication@133eae4
----------------- Done invoking toplevel() on ptolemy.moml.MoMLSimpleApplication@133eae4
reloadAllAccessors: .V2V

===========================================================================================
----------------- testing Sun Oct 20 05:58:30 UTC 2019 /home/travis/build/icyphy/ptII/ptolemy/domains/continuous/test/auto/hierarchicalModalModel.xml
----------------- Instantiating /home/travis/build/icyphy/ptII/ptolemy/domains/continuous/test/auto/hierarchicalModalModel.xml
9 ms. Memory: 334848K Free: 210114K (63%)
----------------- Invoking toplevel() on ptolemy.moml.MoMLSimpleApplication@427fc731
----------------- Done invoking toplevel() on ptolemy.moml.MoMLSimpleApplication@427fc731
reloadAllAccessors: .hierarchicalModalModel

===========================================================================================
----------------- testing Sun Oct 20 05:58:30 UTC 2019 /home/travis/build/icyphy/ptII/ptolemy/domains/continuous/test/auto/hierarchicalModalModel1.xml
----------------- Instantiating /home/travis/build/icyphy/ptII/ptolemy/domains/continuous/test/auto/hierarchicalModalModel1.xml
13 ms. Memory: 334848K Free: 195778K (58%)
----------------- Invoking toplevel() on ptolemy.moml.MoMLSimpleApplication@27ff7cb0
----------------- Done invoking toplevel() on ptolemy.moml.MoMLSimpleApplication@27ff7cb0
reloadAllAccessors: .hierarchicalModalModel1

===========================================================================================
----------------- testing Sun Oct 20 05:58:30 UTC 2019 /home/travis/build/icyphy/ptII/ptolemy/domains/continuous/test/auto/hierarchicalModalModel2.xml
----------------- Instantiating /home/travis/build/icyphy/ptII/ptolemy/domains/continuous/test/auto/hierarchicalModalModel2.xml
7 ms. Memory: 334848K Free: 183459K (55%)
----------------- Invoking toplevel() on ptolemy.moml.MoMLSimpleApplication@afca144
----------------- Done invoking toplevel() on ptolemy.moml.MoMLSimpleApplication@afca144
reloadAllAccessors: .hierarchicalModalModel2

===========================================================================================
----------------- testing Sun Oct 20 05:58:30 UTC 2019 /home/travis/build/icyphy/ptII/ptolemy/domains/continuous/test/auto/hierarchicalModalModel3.xml
----------------- Instantiating /home/travis/build/icyphy/ptII/ptolemy/domains/continuous/test/auto/hierarchicalModalModel3.xml
8 ms. Memory: 334848K Free: 172740K (52%)
----------------- Invoking toplevel() on ptolemy.moml.MoMLSimpleApplication@4fb60f5f
----------------- Done invoking toplevel() on ptolemy.moml.MoMLSimpleApplication@4fb60f5f
reloadAllAccessors: .hierarchicalModalModel3

===========================================================================================
----------------- testing Sun Oct 20 05:58:30 UTC 2019 /home/travis/build/icyphy/ptII/ptolemy/domains/continuous/test/auto/hierarchicalModalModel4.xml
----------------- Instantiating /home/travis/build/icyphy/ptII/ptolemy/domains/continuous/test/auto/hierarchicalModalModel4.xml
5 ms. Memory: 334848K Free: 160947K (48%)
----------------- Invoking toplevel() on ptolemy.moml.MoMLSimpleApplication@10287e5
----------------- Done invoking toplevel() on ptolemy.moml.MoMLSimpleApplication@10287e5
reloadAllAccessors: .hierarchicalModalModel4

===========================================================================================
----------------- testing Sun Oct 20 05:58:30 UTC 2019 /home/travis/build/icyphy/ptII/ptolemy/domains/continuous/test/auto/junk.xml
----------------- Instantiating /home/travis/build/icyphy/ptII/ptolemy/domains/continuous/test/auto/junk.xml
151 ms. Memory: 334848K Free: 134852K (40%)
----------------- Invoking toplevel() on ptolemy.moml.MoMLSimpleApplication@77d9181d
----------------- Done invoking toplevel() on ptolemy.moml.MoMLSimpleApplication@77d9181d
reloadAllAccessors: .junk
AutoTests.java: About to close Vertx.
AutoTests.java: Vertx closed.
]]></system-out>
  <system-err><![CDATA[Warning: '.HysteresisWithRandomDelay.NonStrictTest3' The test produced only 29 tokens, yet the correctValues parameter was expecting 30 tokens.
Warning: '.IncreasingRatePoisson.NonStrictTest' The test produced only 401 tokens, yet the correctValues parameter was expecting 402 tokens.
]]></system-err>
</testsuite>
