<?xml version="1.0" encoding="UTF-8" ?>
<testsuite errors="0" failures="0" hostname="travis-job-40100001-2c81-4d05-a7cf-5beed6495be3" name="ptolemy.actor.lib.hoc.test.junit.JUnitTclTest" skipped="0" tests="58" time="31.296" timestamp="2019-08-31T05:33:36">
  <properties>
[...]
</properties>
  <testcase classname="ptolemy.util.test.junit.TclTests" name="[0] /home/travis/build/icyphy/ptII/ptolemy/actor/lib/hoc/test/IterateOverArray.tcl (RunTclFile)" time="0.273" />
  <testcase classname="ptolemy.util.test.junit.AutoKnownFailedTests" name="[0] /home/travis/build/icyphy/ptII/ptolemy/actor/lib/hoc/test/auto/knownFailedTests/PreinitializeMustBeInvokedRunComposite.xml (RunModel)" time="0.425" />
  <testcase classname="ptolemy.util.test.junit.AutoNameArchTests" name="[0] ThereAreNoAutoArchTests (RunModel)" time="0.008" />
  <testcase classname="ptolemy.util.test.junit.AutoTests" name="[0] /home/travis/build/icyphy/ptII/ptolemy/actor/lib/hoc/test/auto/AllToAllMultiInstanceComposite.xml (RunModel)" time="0.439" />
  <testcase classname="ptolemy.util.test.junit.AutoTests" name="[1] /home/travis/build/icyphy/ptII/ptolemy/actor/lib/hoc/test/auto/ApplyFFTTest.xml (RunModel)" time="0.396" />
  <testcase classname="ptolemy.util.test.junit.AutoTests" name="[2] /home/travis/build/icyphy/ptII/ptolemy/actor/lib/hoc/test/auto/ApplyFunction.xml (RunModel)" time="0.051" />
  <testcase classname="ptolemy.util.test.junit.AutoTests" name="[3] /home/travis/build/icyphy/ptII/ptolemy/actor/lib/hoc/test/auto/BackgroundExecution.xml (RunModel)" time="0.722" />
  <testcase classname="ptolemy.util.test.junit.AutoTests" name="[4] /home/travis/build/icyphy/ptII/ptolemy/actor/lib/hoc/test/auto/Case.xml (RunModel)" time="0.093" />
  <testcase classname="ptolemy.util.test.junit.AutoTests" name="[5] /home/travis/build/icyphy/ptII/ptolemy/actor/lib/hoc/test/auto/Case1.xml (RunModel)" time="0.056" />
  <testcase classname="ptolemy.util.test.junit.AutoTests" name="[6] /home/travis/build/icyphy/ptII/ptolemy/actor/lib/hoc/test/auto/Case2.xml (RunModel)" time="0.117" />
  <testcase classname="ptolemy.util.test.junit.AutoTests" name="[7] /home/travis/build/icyphy/ptII/ptolemy/actor/lib/hoc/test/auto/Case3.xml (RunModel)" time="0.058" />
  <testcase classname="ptolemy.util.test.junit.AutoTests" name="[8] /home/travis/build/icyphy/ptII/ptolemy/actor/lib/hoc/test/auto/Case4.xml (RunModel)" time="0.069" />
  <testcase classname="ptolemy.util.test.junit.AutoTests" name="[9] /home/travis/build/icyphy/ptII/ptolemy/actor/lib/hoc/test/auto/Case5.xml (RunModel)" time="0.09" />
  <testcase classname="ptolemy.util.test.junit.AutoTests" name="[10] /home/travis/build/icyphy/ptII/ptolemy/actor/lib/hoc/test/auto/Case6.xml (RunModel)" time="0.074" />
  <testcase classname="ptolemy.util.test.junit.AutoTests" name="[11] /home/travis/build/icyphy/ptII/ptolemy/actor/lib/hoc/test/auto/CaseString2.xml (RunModel)" time="0.047" />
  <testcase classname="ptolemy.util.test.junit.AutoTests" name="[12] /home/travis/build/icyphy/ptII/ptolemy/actor/lib/hoc/test/auto/CatchUpComposite1.xml (RunModel)" time="0.063" />
  <testcase classname="ptolemy.util.test.junit.AutoTests" name="[13] /home/travis/build/icyphy/ptII/ptolemy/actor/lib/hoc/test/auto/CatchUpComposite2.xml (RunModel)" time="0.053" />
  <testcase classname="ptolemy.util.test.junit.AutoTests" name="[14] /home/travis/build/icyphy/ptII/ptolemy/actor/lib/hoc/test/auto/CatchUpComposite3.xml (RunModel)" time="0.063" />
  <testcase classname="ptolemy.util.test.junit.AutoTests" name="[15] /home/travis/build/icyphy/ptII/ptolemy/actor/lib/hoc/test/auto/CatchUpComposite4.xml (RunModel)" time="0.066" />
  <testcase classname="ptolemy.util.test.junit.AutoTests" name="[16] /home/travis/build/icyphy/ptII/ptolemy/actor/lib/hoc/test/auto/CatchUpComposite5.xml (RunModel)" time="0.041" />
  <testcase classname="ptolemy.util.test.junit.AutoTests" name="[17] /home/travis/build/icyphy/ptII/ptolemy/actor/lib/hoc/test/auto/CatchUpComposite6.xml (RunModel)" time="0.17" />
  <testcase classname="ptolemy.util.test.junit.AutoTests" name="[18] /home/travis/build/icyphy/ptII/ptolemy/actor/lib/hoc/test/auto/CatchUpComposite7.xml (RunModel)" time="0.112" />
  <testcase classname="ptolemy.util.test.junit.AutoTests" name="[19] /home/travis/build/icyphy/ptII/ptolemy/actor/lib/hoc/test/auto/ConcurrentExecutionTimeSDF.xml (RunModel)" time="1.02" />
  <testcase classname="ptolemy.util.test.junit.AutoTests" name="[20] /home/travis/build/icyphy/ptII/ptolemy/actor/lib/hoc/test/auto/ConcurrentSleep.xml (RunModel)" time="0.766" />
  <testcase classname="ptolemy.util.test.junit.AutoTests" name="[21] /home/travis/build/icyphy/ptII/ptolemy/actor/lib/hoc/test/auto/DEInPNInRunCompositeActor.xml (RunModel)" time="0.031" />
  <testcase classname="ptolemy.util.test.junit.AutoTests" name="[22] /home/travis/build/icyphy/ptII/ptolemy/actor/lib/hoc/test/auto/DFTSubSetTest.xml (RunModel)" time="0.35" />
  <testcase classname="ptolemy.util.test.junit.AutoTests" name="[23] /home/travis/build/icyphy/ptII/ptolemy/actor/lib/hoc/test/auto/HocDE.xml (RunModel)" time="0.175" />
  <testcase classname="ptolemy.util.test.junit.AutoTests" name="[24] /home/travis/build/icyphy/ptII/ptolemy/actor/lib/hoc/test/auto/IterateOverArray.xml (RunModel)" time="0.032" />
  <testcase classname="ptolemy.util.test.junit.AutoTests" name="[25] /home/travis/build/icyphy/ptII/ptolemy/actor/lib/hoc/test/auto/IterateOverArray10.xml (RunModel)" time="0.02" />
  <testcase classname="ptolemy.util.test.junit.AutoTests" name="[26] /home/travis/build/icyphy/ptII/ptolemy/actor/lib/hoc/test/auto/IterateOverArray11.xml (RunModel)" time="0.022" />
  <testcase classname="ptolemy.util.test.junit.AutoTests" name="[27] /home/travis/build/icyphy/ptII/ptolemy/actor/lib/hoc/test/auto/IterateOverArray12.xml (RunModel)" time="0.037" />
  <testcase classname="ptolemy.util.test.junit.AutoTests" name="[28] /home/travis/build/icyphy/ptII/ptolemy/actor/lib/hoc/test/auto/IterateOverArray13.xml (RunModel)" time="0.147" />
  <testcase classname="ptolemy.util.test.junit.AutoTests" name="[29] /home/travis/build/icyphy/ptII/ptolemy/actor/lib/hoc/test/auto/IterateOverArray14.xml (RunModel)" time="0.192" />
  <testcase classname="ptolemy.util.test.junit.AutoTests" name="[30] /home/travis/build/icyphy/ptII/ptolemy/actor/lib/hoc/test/auto/IterateOverArray2.xml (RunModel)" time="0.028" />
  <testcase classname="ptolemy.util.test.junit.AutoTests" name="[31] /home/travis/build/icyphy/ptII/ptolemy/actor/lib/hoc/test/auto/IterateOverArray3.xml (RunModel)" time="0.049" />
  <testcase classname="ptolemy.util.test.junit.AutoTests" name="[32] /home/travis/build/icyphy/ptII/ptolemy/actor/lib/hoc/test/auto/IterateOverArray4.xml (RunModel)" time="0.017" />
  <testcase classname="ptolemy.util.test.junit.AutoTests" name="[33] /home/travis/build/icyphy/ptII/ptolemy/actor/lib/hoc/test/auto/IterateOverArray5.xml (RunModel)" time="0.021" />
  <testcase classname="ptolemy.util.test.junit.AutoTests" name="[34] /home/travis/build/icyphy/ptII/ptolemy/actor/lib/hoc/test/auto/IterateOverArray6.xml (RunModel)" time="0.014" />
  <testcase classname="ptolemy.util.test.junit.AutoTests" name="[35] /home/travis/build/icyphy/ptII/ptolemy/actor/lib/hoc/test/auto/IterateOverArray7.xml (RunModel)" time="0.021" />
  <testcase classname="ptolemy.util.test.junit.AutoTests" name="[36] /home/travis/build/icyphy/ptII/ptolemy/actor/lib/hoc/test/auto/IterateOverArray8.xml (RunModel)" time="0.026" />
  <testcase classname="ptolemy.util.test.junit.AutoTests" name="[37] /home/travis/build/icyphy/ptII/ptolemy/actor/lib/hoc/test/auto/IterateOverArray9.xml (RunModel)" time="0.02" />
  <testcase classname="ptolemy.util.test.junit.AutoTests" name="[38] /home/travis/build/icyphy/ptII/ptolemy/actor/lib/hoc/test/auto/IterateOverArrayCoercedOutputType.xml (RunModel)" time="0.037" />
  <testcase classname="ptolemy.util.test.junit.AutoTests" name="[39] /home/travis/build/icyphy/ptII/ptolemy/actor/lib/hoc/test/auto/IterateOverArrayInferredOutputType.xml (RunModel)" time="0.03" />
  <testcase classname="ptolemy.util.test.junit.AutoTests" name="[40] /home/travis/build/icyphy/ptII/ptolemy/actor/lib/hoc/test/auto/MobileFunctionTest.xml (RunModel)" time="0.019" />
  <testcase classname="ptolemy.util.test.junit.AutoTests" name="[41] /home/travis/build/icyphy/ptII/ptolemy/actor/lib/hoc/test/auto/MobileModelTest.xml (RunModel)" time="0.164" />
  <testcase classname="ptolemy.util.test.junit.AutoTests" name="[42] /home/travis/build/icyphy/ptII/ptolemy/actor/lib/hoc/test/auto/ModelReference.xml (RunModel)" time="0.08" />
  <testcase classname="ptolemy.util.test.junit.AutoTests" name="[43] /home/travis/build/icyphy/ptII/ptolemy/actor/lib/hoc/test/auto/ModelReference3.xml (RunModel)" time="0.04" />
  <testcase classname="ptolemy.util.test.junit.AutoTests" name="[44] /home/travis/build/icyphy/ptII/ptolemy/actor/lib/hoc/test/auto/ModelReference4.xml (RunModel)" time="10.027" />
  <testcase classname="ptolemy.util.test.junit.AutoTests" name="[45] /home/travis/build/icyphy/ptII/ptolemy/actor/lib/hoc/test/auto/MultiInstanceComposite.xml (RunModel)" time="0.057" />
  <testcase classname="ptolemy.util.test.junit.AutoTests" name="[46] /home/travis/build/icyphy/ptII/ptolemy/actor/lib/hoc/test/auto/MultiInstanceComposite2.xml (RunModel)" time="0.044" />
  <testcase classname="ptolemy.util.test.junit.AutoTests" name="[47] /home/travis/build/icyphy/ptII/ptolemy/actor/lib/hoc/test/auto/MulticoreExecution.xml (RunModel)" time="1.098" />
  <testcase classname="ptolemy.util.test.junit.AutoTests" name="[48] /home/travis/build/icyphy/ptII/ptolemy/actor/lib/hoc/test/auto/ParallelExecution.xml (RunModel)" time="0.948" />
  <testcase classname="ptolemy.util.test.junit.AutoTests" name="[49] /home/travis/build/icyphy/ptII/ptolemy/actor/lib/hoc/test/auto/RunCompositeActor.xml (RunModel)" time="0.024" />
  <testcase classname="ptolemy.util.test.junit.AutoTests" name="[50] /home/travis/build/icyphy/ptII/ptolemy/actor/lib/hoc/test/auto/RunCompositeActor2.xml (RunModel)" time="0.025" />
  <testcase classname="ptolemy.util.test.junit.AutoTests" name="[51] /home/travis/build/icyphy/ptII/ptolemy/actor/lib/hoc/test/auto/RunCompositeActor3.xml (RunModel)" time="0.017" />
  <testcase classname="ptolemy.util.test.junit.AutoTests" name="[52] /home/travis/build/icyphy/ptII/ptolemy/actor/lib/hoc/test/auto/RunCompositeActor4.xml (RunModel)" time="0.027" />
  <testcase classname="ptolemy.util.test.junit.AutoTests" name="[53] /home/travis/build/icyphy/ptII/ptolemy/actor/lib/hoc/test/auto/RunCompositeIterateOverArray.xml (RunModel)" time="0.041" />
  <testcase classname="ptolemy.util.test.junit.AutoTests" name="[54] /home/travis/build/icyphy/ptII/ptolemy/actor/lib/hoc/test/auto/ThreadedJS.xml (RunModel)" time="11.553" />
  <system-out><![CDATA[/home/travis/build/icyphy/ptII/ptolemy/actor/lib/hoc/test/IterateOverArray.tcl
testDefs.tcl: setting time out to 9000 seconds at Sat Aug 31 05:33:36 UTC 2019
08/31/19 05:33:36
Failed: 0  Total Tests: 2  ((Passed: 2, Newly Passed: 0)  Known Failed: 0) /home/travis/build/icyphy/ptII/ptolemy/actor/lib/hoc/test
----------------- testing (KnownFailure) /home/travis/build/icyphy/ptII/ptolemy/actor/lib/hoc/test/auto/knownFailedTests/PreinitializeMustBeInvokedRunComposite.xml
112 ms. Memory: 120832K Free: 79816K (66%)
Known Failure: java.lang.reflect.InvocationTargetException
No auto/linux-amd64/*.xml tests in /home/travis/build/icyphy/ptII/ptolemy/actor/lib/hoc/test
AutoTests.java: About to close Vertx.
AutoTests.java: Vertx closed.

===========================================================================================
----------------- testing Sat Aug 31 05:33:37 UTC 2019 /home/travis/build/icyphy/ptII/ptolemy/actor/lib/hoc/test/auto/AllToAllMultiInstanceComposite.xml
----------------- Instantiating /home/travis/build/icyphy/ptII/ptolemy/actor/lib/hoc/test/auto/AllToAllMultiInstanceComposite.xml
189 ms. Memory: 120832K Free: 94594K (78%)
----------------- Invoking toplevel() on ptolemy.moml.MoMLSimpleApplication@3b638fc4
----------------- Done invoking toplevel() on ptolemy.moml.MoMLSimpleApplication@3b638fc4
reloadAllAccessors: .AllToAllMultiInstanceComposite

===========================================================================================
----------------- testing Sat Aug 31 05:33:37 UTC 2019 /home/travis/build/icyphy/ptII/ptolemy/actor/lib/hoc/test/auto/ApplyFFTTest.xml
----------------- Instantiating /home/travis/build/icyphy/ptII/ptolemy/actor/lib/hoc/test/auto/ApplyFFTTest.xml
136 ms. Memory: 120832K Free: 99561K (82%)
----------------- Invoking toplevel() on ptolemy.moml.MoMLSimpleApplication@fe852a7
----------------- Done invoking toplevel() on ptolemy.moml.MoMLSimpleApplication@fe852a7
reloadAllAccessors: .ApplyFFTTest

===========================================================================================
----------------- testing Sat Aug 31 05:33:38 UTC 2019 /home/travis/build/icyphy/ptII/ptolemy/actor/lib/hoc/test/auto/ApplyFunction.xml
----------------- Instantiating /home/travis/build/icyphy/ptII/ptolemy/actor/lib/hoc/test/auto/ApplyFunction.xml
7 ms. Memory: 120832K Free: 96256K (80%)
----------------- Invoking toplevel() on ptolemy.moml.MoMLSimpleApplication@186ec3a7
----------------- Done invoking toplevel() on ptolemy.moml.MoMLSimpleApplication@186ec3a7
reloadAllAccessors: .ApplyFunction

===========================================================================================
----------------- testing Sat Aug 31 05:33:38 UTC 2019 /home/travis/build/icyphy/ptII/ptolemy/actor/lib/hoc/test/auto/BackgroundExecution.xml
----------------- Instantiating /home/travis/build/icyphy/ptII/ptolemy/actor/lib/hoc/test/auto/BackgroundExecution.xml
632 ms. Memory: 120832K Free: 89096K (74%)
----------------- Invoking toplevel() on ptolemy.moml.MoMLSimpleApplication@1f70bdc5
----------------- Done invoking toplevel() on ptolemy.moml.MoMLSimpleApplication@1f70bdc5
reloadAllAccessors: .BackgroundExecution

===========================================================================================
----------------- testing Sat Aug 31 05:33:39 UTC 2019 /home/travis/build/icyphy/ptII/ptolemy/actor/lib/hoc/test/auto/Case.xml
----------------- Instantiating /home/travis/build/icyphy/ptII/ptolemy/actor/lib/hoc/test/auto/Case.xml
25 ms. Memory: 120832K Free: 81928K (68%)
----------------- Invoking toplevel() on ptolemy.moml.MoMLSimpleApplication@2769967c
----------------- Done invoking toplevel() on ptolemy.moml.MoMLSimpleApplication@2769967c
reloadAllAccessors: .Case

===========================================================================================
----------------- testing Sat Aug 31 05:33:39 UTC 2019 /home/travis/build/icyphy/ptII/ptolemy/actor/lib/hoc/test/auto/Case1.xml
----------------- Instantiating /home/travis/build/icyphy/ptII/ptolemy/actor/lib/hoc/test/auto/Case1.xml
17 ms. Memory: 120832K Free: 75345K (62%)
----------------- Invoking toplevel() on ptolemy.moml.MoMLSimpleApplication@3a626b1b
----------------- Done invoking toplevel() on ptolemy.moml.MoMLSimpleApplication@3a626b1b
reloadAllAccessors: .Case1

===========================================================================================
----------------- testing Sat Aug 31 05:33:39 UTC 2019 /home/travis/build/icyphy/ptII/ptolemy/actor/lib/hoc/test/auto/Case2.xml
----------------- Instantiating /home/travis/build/icyphy/ptII/ptolemy/actor/lib/hoc/test/auto/Case2.xml
33 ms. Memory: 153600K Free: 131532K (86%)
----------------- Invoking toplevel() on ptolemy.moml.MoMLSimpleApplication@1250174c
----------------- Done invoking toplevel() on ptolemy.moml.MoMLSimpleApplication@1250174c
reloadAllAccessors: .Case2

===========================================================================================
----------------- testing Sat Aug 31 05:33:39 UTC 2019 /home/travis/build/icyphy/ptII/ptolemy/actor/lib/hoc/test/auto/Case3.xml
----------------- Instantiating /home/travis/build/icyphy/ptII/ptolemy/actor/lib/hoc/test/auto/Case3.xml
16 ms. Memory: 153600K Free: 125058K (81%)
----------------- Invoking toplevel() on ptolemy.moml.MoMLSimpleApplication@6c4e3e10
----------------- Done invoking toplevel() on ptolemy.moml.MoMLSimpleApplication@6c4e3e10
reloadAllAccessors: .Case3

===========================================================================================
----------------- testing Sat Aug 31 05:33:39 UTC 2019 /home/travis/build/icyphy/ptII/ptolemy/actor/lib/hoc/test/auto/Case4.xml
----------------- Instantiating /home/travis/build/icyphy/ptII/ptolemy/actor/lib/hoc/test/auto/Case4.xml
19 ms. Memory: 153600K Free: 117536K (77%)
----------------- Invoking toplevel() on ptolemy.moml.MoMLSimpleApplication@1eb99efc
----------------- Done invoking toplevel() on ptolemy.moml.MoMLSimpleApplication@1eb99efc
reloadAllAccessors: .Case4

===========================================================================================
----------------- testing Sat Aug 31 05:33:39 UTC 2019 /home/travis/build/icyphy/ptII/ptolemy/actor/lib/hoc/test/auto/Case5.xml
----------------- Instantiating /home/travis/build/icyphy/ptII/ptolemy/actor/lib/hoc/test/auto/Case5.xml
56 ms. Memory: 153600K Free: 111408K (73%)
----------------- Invoking toplevel() on ptolemy.moml.MoMLSimpleApplication@36d9bead
----------------- Done invoking toplevel() on ptolemy.moml.MoMLSimpleApplication@36d9bead
reloadAllAccessors: .junk

===========================================================================================
----------------- testing Sat Aug 31 05:33:39 UTC 2019 /home/travis/build/icyphy/ptII/ptolemy/actor/lib/hoc/test/auto/Case6.xml
----------------- Instantiating /home/travis/build/icyphy/ptII/ptolemy/actor/lib/hoc/test/auto/Case6.xml
24 ms. Memory: 153600K Free: 99472K (65%)
----------------- Invoking toplevel() on ptolemy.moml.MoMLSimpleApplication@461664b3
----------------- Done invoking toplevel() on ptolemy.moml.MoMLSimpleApplication@461664b3
reloadAllAccessors: .Case6

===========================================================================================
----------------- testing Sat Aug 31 05:33:39 UTC 2019 /home/travis/build/icyphy/ptII/ptolemy/actor/lib/hoc/test/auto/CaseString2.xml
----------------- Instantiating /home/travis/build/icyphy/ptII/ptolemy/actor/lib/hoc/test/auto/CaseString2.xml
19 ms. Memory: 153600K Free: 139139K (91%)
----------------- Invoking toplevel() on ptolemy.moml.MoMLSimpleApplication@540e40cb
----------------- Done invoking toplevel() on ptolemy.moml.MoMLSimpleApplication@540e40cb
reloadAllAccessors: .CaseString2

===========================================================================================
----------------- testing Sat Aug 31 05:33:39 UTC 2019 /home/travis/build/icyphy/ptII/ptolemy/actor/lib/hoc/test/auto/CatchUpComposite1.xml
----------------- Instantiating /home/travis/build/icyphy/ptII/ptolemy/actor/lib/hoc/test/auto/CatchUpComposite1.xml
27 ms. Memory: 153600K Free: 129823K (85%)
----------------- Invoking toplevel() on ptolemy.moml.MoMLSimpleApplication@6f86ec4e
----------------- Done invoking toplevel() on ptolemy.moml.MoMLSimpleApplication@6f86ec4e
reloadAllAccessors: .CatchUpComposite1

===========================================================================================
----------------- testing Sat Aug 31 05:33:39 UTC 2019 /home/travis/build/icyphy/ptII/ptolemy/actor/lib/hoc/test/auto/CatchUpComposite2.xml
----------------- Instantiating /home/travis/build/icyphy/ptII/ptolemy/actor/lib/hoc/test/auto/CatchUpComposite2.xml
9 ms. Memory: 153600K Free: 121631K (79%)
----------------- Invoking toplevel() on ptolemy.moml.MoMLSimpleApplication@66fe4c89
----------------- Done invoking toplevel() on ptolemy.moml.MoMLSimpleApplication@66fe4c89
reloadAllAccessors: .CatchUpComposite2

===========================================================================================
----------------- testing Sat Aug 31 05:33:39 UTC 2019 /home/travis/build/icyphy/ptII/ptolemy/actor/lib/hoc/test/auto/CatchUpComposite3.xml
----------------- Instantiating /home/travis/build/icyphy/ptII/ptolemy/actor/lib/hoc/test/auto/CatchUpComposite3.xml
30 ms. Memory: 153600K Free: 113041K (74%)
----------------- Invoking toplevel() on ptolemy.moml.MoMLSimpleApplication@3b670c61
----------------- Done invoking toplevel() on ptolemy.moml.MoMLSimpleApplication@3b670c61
reloadAllAccessors: .CatchUpComposite3

===========================================================================================
----------------- testing Sat Aug 31 05:33:39 UTC 2019 /home/travis/build/icyphy/ptII/ptolemy/actor/lib/hoc/test/auto/CatchUpComposite4.xml
----------------- Instantiating /home/travis/build/icyphy/ptII/ptolemy/actor/lib/hoc/test/auto/CatchUpComposite4.xml
21 ms. Memory: 153600K Free: 104849K (68%)
----------------- Invoking toplevel() on ptolemy.moml.MoMLSimpleApplication@156a4b3f
----------------- Done invoking toplevel() on ptolemy.moml.MoMLSimpleApplication@156a4b3f
reloadAllAccessors: .CatchUpComposite4

===========================================================================================
----------------- testing Sat Aug 31 05:33:40 UTC 2019 /home/travis/build/icyphy/ptII/ptolemy/actor/lib/hoc/test/auto/CatchUpComposite5.xml
----------------- Instantiating /home/travis/build/icyphy/ptII/ptolemy/actor/lib/hoc/test/auto/CatchUpComposite5.xml
10 ms. Memory: 153600K Free: 97673K (64%)
----------------- Invoking toplevel() on ptolemy.moml.MoMLSimpleApplication@a745e01
----------------- Done invoking toplevel() on ptolemy.moml.MoMLSimpleApplication@a745e01
reloadAllAccessors: .CatchUpComposite5

===========================================================================================
----------------- testing Sat Aug 31 05:33:40 UTC 2019 /home/travis/build/icyphy/ptII/ptolemy/actor/lib/hoc/test/auto/CatchUpComposite6.xml
----------------- Instantiating /home/travis/build/icyphy/ptII/ptolemy/actor/lib/hoc/test/auto/CatchUpComposite6.xml
WARNING: The execution aspects in this model can influence the timing of actors by delaying the 
execution, potentially changing the behavior. There is no guarantee that actors fire at the 
time they request to be fired. 
Use Ptides for deterministic DE behavior that is not influenced by execution aspects. 

98 ms. Memory: 153600K Free: 82963K (54%)
----------------- Invoking toplevel() on ptolemy.moml.MoMLSimpleApplication@43f1e4c5
----------------- Done invoking toplevel() on ptolemy.moml.MoMLSimpleApplication@43f1e4c5
reloadAllAccessors: .CatchUpComposite6

===========================================================================================
----------------- testing Sat Aug 31 05:33:40 UTC 2019 /home/travis/build/icyphy/ptII/ptolemy/actor/lib/hoc/test/auto/CatchUpComposite7.xml
----------------- Instantiating /home/travis/build/icyphy/ptII/ptolemy/actor/lib/hoc/test/auto/CatchUpComposite7.xml
WARNING: The execution aspects in this model can influence the timing of actors by delaying the 
execution, potentially changing the behavior. There is no guarantee that actors fire at the 
time they request to be fired. 
Use Ptides for deterministic DE behavior that is not influenced by execution aspects. 

26 ms. Memory: 153600K Free: 127516K (83%)
----------------- Invoking toplevel() on ptolemy.moml.MoMLSimpleApplication@2c967b3f
----------------- Done invoking toplevel() on ptolemy.moml.MoMLSimpleApplication@2c967b3f
reloadAllAccessors: .CatchUpComposite7

===========================================================================================
----------------- testing Sat Aug 31 05:33:40 UTC 2019 /home/travis/build/icyphy/ptII/ptolemy/actor/lib/hoc/test/auto/ConcurrentExecutionTimeSDF.xml
----------------- Instantiating /home/travis/build/icyphy/ptII/ptolemy/actor/lib/hoc/test/auto/ConcurrentExecutionTimeSDF.xml
Fired ExecutionTime: 40400000
Fired ExecutionTime: 40400000
Fired ExecutionTime: 40400000
Fired ExecutionTime: 40400000
Fired ExecutionTime: 40400000
Fired ExecutionTime: 40400000
Fired ExecutionTime: 40400000
Fired ExecutionTime: 40400000
Fired ExecutionTime: 40400000
Fired ExecutionTime: 40400000
Fired ExecutionTime: 40400000
Fired ExecutionTime: 40400000
Fired ExecutionTime: 40400000
Fired ExecutionTime: 40400000
Fired ExecutionTime: 40400000
Fired ExecutionTime: 40400000
Fired ExecutionTime: 40400000
Fired ExecutionTime: 40400000
Fired ExecutionTime: 40400000
Fired ExecutionTime: 40400000
993 ms. Memory: 153600K Free: 120378K (78%)
----------------- Invoking toplevel() on ptolemy.moml.MoMLSimpleApplication@5e12fb67
----------------- Done invoking toplevel() on ptolemy.moml.MoMLSimpleApplication@5e12fb67
reloadAllAccessors: .ConcurrentExecutionTimeSDF

===========================================================================================
----------------- testing Sat Aug 31 05:33:41 UTC 2019 /home/travis/build/icyphy/ptII/ptolemy/actor/lib/hoc/test/auto/ConcurrentSleep.xml
----------------- Instantiating /home/travis/build/icyphy/ptII/ptolemy/actor/lib/hoc/test/auto/ConcurrentSleep.xml
732 ms. Memory: 153600K Free: 110085K (72%)
----------------- Invoking toplevel() on ptolemy.moml.MoMLSimpleApplication@5a69728f
----------------- Done invoking toplevel() on ptolemy.moml.MoMLSimpleApplication@5a69728f
reloadAllAccessors: .ConcurrentSleep

===========================================================================================
----------------- testing Sat Aug 31 05:33:42 UTC 2019 /home/travis/build/icyphy/ptII/ptolemy/actor/lib/hoc/test/auto/DEInPNInRunCompositeActor.xml
----------------- Instantiating /home/travis/build/icyphy/ptII/ptolemy/actor/lib/hoc/test/auto/DEInPNInRunCompositeActor.xml
13 ms. Memory: 153600K Free: 104965K (68%)
----------------- Invoking toplevel() on ptolemy.moml.MoMLSimpleApplication@7720e432
----------------- Done invoking toplevel() on ptolemy.moml.MoMLSimpleApplication@7720e432
reloadAllAccessors: .DEInPNInRunCompositeActor

===========================================================================================
----------------- testing Sat Aug 31 05:33:42 UTC 2019 /home/travis/build/icyphy/ptII/ptolemy/actor/lib/hoc/test/auto/DFTSubSetTest.xml
----------------- Instantiating /home/travis/build/icyphy/ptII/ptolemy/actor/lib/hoc/test/auto/DFTSubSetTest.xml
201 ms. Memory: 153600K Free: 133554K (87%)
----------------- Invoking toplevel() on ptolemy.moml.MoMLSimpleApplication@256a2210
----------------- Done invoking toplevel() on ptolemy.moml.MoMLSimpleApplication@256a2210
reloadAllAccessors: .DFTSubSetTest

===========================================================================================
----------------- testing Sat Aug 31 05:33:42 UTC 2019 /home/travis/build/icyphy/ptII/ptolemy/actor/lib/hoc/test/auto/HocDE.xml
----------------- Instantiating /home/travis/build/icyphy/ptII/ptolemy/actor/lib/hoc/test/auto/HocDE.xml
136 ms. Memory: 153600K Free: 108424K (71%)
----------------- Invoking toplevel() on ptolemy.moml.MoMLSimpleApplication@294efc3b
----------------- Done invoking toplevel() on ptolemy.moml.MoMLSimpleApplication@294efc3b
reloadAllAccessors: .HocDE

===========================================================================================
----------------- testing Sat Aug 31 05:33:42 UTC 2019 /home/travis/build/icyphy/ptII/ptolemy/actor/lib/hoc/test/auto/IterateOverArray.xml
----------------- Instantiating /home/travis/build/icyphy/ptII/ptolemy/actor/lib/hoc/test/auto/IterateOverArray.xml
6 ms. Memory: 153600K Free: 103858K (68%)
----------------- Invoking toplevel() on ptolemy.moml.MoMLSimpleApplication@6c885c54
----------------- Done invoking toplevel() on ptolemy.moml.MoMLSimpleApplication@6c885c54
reloadAllAccessors: .IterateOverArray

===========================================================================================
----------------- testing Sat Aug 31 05:33:42 UTC 2019 /home/travis/build/icyphy/ptII/ptolemy/actor/lib/hoc/test/auto/IterateOverArray10.xml
----------------- Instantiating /home/travis/build/icyphy/ptII/ptolemy/actor/lib/hoc/test/auto/IterateOverArray10.xml
11 ms. Memory: 153600K Free: 100786K (66%)
----------------- Invoking toplevel() on ptolemy.moml.MoMLSimpleApplication@2aefbe94
----------------- Done invoking toplevel() on ptolemy.moml.MoMLSimpleApplication@2aefbe94
reloadAllAccessors: .IterateOverArray10

===========================================================================================
----------------- testing Sat Aug 31 05:33:42 UTC 2019 /home/travis/build/icyphy/ptII/ptolemy/actor/lib/hoc/test/auto/IterateOverArray11.xml
----------------- Instantiating /home/travis/build/icyphy/ptII/ptolemy/actor/lib/hoc/test/auto/IterateOverArray11.xml
7 ms. Memory: 153600K Free: 96690K (63%)
----------------- Invoking toplevel() on ptolemy.moml.MoMLSimpleApplication@1fc7b0bc
----------------- Done invoking toplevel() on ptolemy.moml.MoMLSimpleApplication@1fc7b0bc
reloadAllAccessors: .IterateOverArray11

===========================================================================================
----------------- testing Sat Aug 31 05:33:42 UTC 2019 /home/travis/build/icyphy/ptII/ptolemy/actor/lib/hoc/test/auto/IterateOverArray12.xml
----------------- Instantiating /home/travis/build/icyphy/ptII/ptolemy/actor/lib/hoc/test/auto/IterateOverArray12.xml
17 ms. Memory: 153600K Free: 90546K (59%)
----------------- Invoking toplevel() on ptolemy.moml.MoMLSimpleApplication@1cd3bf77
----------------- Done invoking toplevel() on ptolemy.moml.MoMLSimpleApplication@1cd3bf77
reloadAllAccessors: .IterateOverArray12

===========================================================================================
----------------- testing Sat Aug 31 05:33:42 UTC 2019 /home/travis/build/icyphy/ptII/ptolemy/actor/lib/hoc/test/auto/IterateOverArray13.xml
----------------- Instantiating /home/travis/build/icyphy/ptII/ptolemy/actor/lib/hoc/test/auto/IterateOverArray13.xml
75 ms. Memory: 153600K Free: 64946K (42%)
----------------- Invoking toplevel() on ptolemy.moml.MoMLSimpleApplication@545f2961
----------------- Done invoking toplevel() on ptolemy.moml.MoMLSimpleApplication@545f2961
reloadAllAccessors: .IterateOverArray13

===========================================================================================
----------------- testing Sat Aug 31 05:33:42 UTC 2019 /home/travis/build/icyphy/ptII/ptolemy/actor/lib/hoc/test/auto/IterateOverArray14.xml
----------------- Instantiating /home/travis/build/icyphy/ptII/ptolemy/actor/lib/hoc/test/auto/IterateOverArray14.xml
86 ms. Memory: 184320K Free: 143112K (78%)
----------------- Invoking toplevel() on ptolemy.moml.MoMLSimpleApplication@f830c5d
----------------- Done invoking toplevel() on ptolemy.moml.MoMLSimpleApplication@f830c5d
reloadAllAccessors: .IterateOverArray14

===========================================================================================
----------------- testing Sat Aug 31 05:33:43 UTC 2019 /home/travis/build/icyphy/ptII/ptolemy/actor/lib/hoc/test/auto/IterateOverArray2.xml
----------------- Instantiating /home/travis/build/icyphy/ptII/ptolemy/actor/lib/hoc/test/auto/IterateOverArray2.xml
10 ms. Memory: 184320K Free: 138506K (75%)
----------------- Invoking toplevel() on ptolemy.moml.MoMLSimpleApplication@2834dc1c
----------------- Done invoking toplevel() on ptolemy.moml.MoMLSimpleApplication@2834dc1c
reloadAllAccessors: .IterateOverArray2

===========================================================================================
----------------- testing Sat Aug 31 05:33:43 UTC 2019 /home/travis/build/icyphy/ptII/ptolemy/actor/lib/hoc/test/auto/IterateOverArray3.xml
----------------- Instantiating /home/travis/build/icyphy/ptII/ptolemy/actor/lib/hoc/test/auto/IterateOverArray3.xml
22 ms. Memory: 184320K Free: 132872K (72%)
----------------- Invoking toplevel() on ptolemy.moml.MoMLSimpleApplication@5b212ab9
----------------- Done invoking toplevel() on ptolemy.moml.MoMLSimpleApplication@5b212ab9
reloadAllAccessors: .IterateOverArray3

===========================================================================================
----------------- testing Sat Aug 31 05:33:43 UTC 2019 /home/travis/build/icyphy/ptII/ptolemy/actor/lib/hoc/test/auto/IterateOverArray4.xml
----------------- Instantiating /home/travis/build/icyphy/ptII/ptolemy/actor/lib/hoc/test/auto/IterateOverArray4.xml
5 ms. Memory: 184320K Free: 128776K (70%)
----------------- Invoking toplevel() on ptolemy.moml.MoMLSimpleApplication@3ddfa720
----------------- Done invoking toplevel() on ptolemy.moml.MoMLSimpleApplication@3ddfa720
reloadAllAccessors: .IterateOverArray4

===========================================================================================
----------------- testing Sat Aug 31 05:33:43 UTC 2019 /home/travis/build/icyphy/ptII/ptolemy/actor/lib/hoc/test/auto/IterateOverArray5.xml
----------------- Instantiating /home/travis/build/icyphy/ptII/ptolemy/actor/lib/hoc/test/auto/IterateOverArray5.xml
3 ms. Memory: 184320K Free: 124680K (68%)
----------------- Invoking toplevel() on ptolemy.moml.MoMLSimpleApplication@49632180
----------------- Done invoking toplevel() on ptolemy.moml.MoMLSimpleApplication@49632180
reloadAllAccessors: .IterateOverArray5

===========================================================================================
----------------- testing Sat Aug 31 05:33:43 UTC 2019 /home/travis/build/icyphy/ptII/ptolemy/actor/lib/hoc/test/auto/IterateOverArray6.xml
----------------- Instantiating /home/travis/build/icyphy/ptII/ptolemy/actor/lib/hoc/test/auto/IterateOverArray6.xml
2 ms. Memory: 184320K Free: 121608K (66%)
----------------- Invoking toplevel() on ptolemy.moml.MoMLSimpleApplication@411944e
----------------- Done invoking toplevel() on ptolemy.moml.MoMLSimpleApplication@411944e
reloadAllAccessors: .IterateOverArray6

===========================================================================================
----------------- testing Sat Aug 31 05:33:43 UTC 2019 /home/travis/build/icyphy/ptII/ptolemy/actor/lib/hoc/test/auto/IterateOverArray7.xml
----------------- Instantiating /home/travis/build/icyphy/ptII/ptolemy/actor/lib/hoc/test/auto/IterateOverArray7.xml
4 ms. Memory: 184320K Free: 117002K (63%)
----------------- Invoking toplevel() on ptolemy.moml.MoMLSimpleApplication@6b2eb9ce
----------------- Done invoking toplevel() on ptolemy.moml.MoMLSimpleApplication@6b2eb9ce
reloadAllAccessors: .IterateOverArray7

===========================================================================================
----------------- testing Sat Aug 31 05:33:43 UTC 2019 /home/travis/build/icyphy/ptII/ptolemy/actor/lib/hoc/test/auto/IterateOverArray8.xml
----------------- Instantiating /home/travis/build/icyphy/ptII/ptolemy/actor/lib/hoc/test/auto/IterateOverArray8.xml
3 ms. Memory: 184320K Free: 112906K (61%)
----------------- Invoking toplevel() on ptolemy.moml.MoMLSimpleApplication@447c47e6
----------------- Done invoking toplevel() on ptolemy.moml.MoMLSimpleApplication@447c47e6
reloadAllAccessors: .IterateOverArray8

===========================================================================================
----------------- testing Sat Aug 31 05:33:43 UTC 2019 /home/travis/build/icyphy/ptII/ptolemy/actor/lib/hoc/test/auto/IterateOverArray9.xml
----------------- Instantiating /home/travis/build/icyphy/ptII/ptolemy/actor/lib/hoc/test/auto/IterateOverArray9.xml
4 ms. Memory: 184320K Free: 108810K (59%)
----------------- Invoking toplevel() on ptolemy.moml.MoMLSimpleApplication@50cdcc2f
----------------- Done invoking toplevel() on ptolemy.moml.MoMLSimpleApplication@50cdcc2f
reloadAllAccessors: .IterateOverArray9

===========================================================================================
----------------- testing Sat Aug 31 05:33:43 UTC 2019 /home/travis/build/icyphy/ptII/ptolemy/actor/lib/hoc/test/auto/IterateOverArrayCoercedOutputType.xml
----------------- Instantiating /home/travis/build/icyphy/ptII/ptolemy/actor/lib/hoc/test/auto/IterateOverArrayCoercedOutputType.xml
4 ms. Memory: 184320K Free: 103690K (56%)
----------------- Invoking toplevel() on ptolemy.moml.MoMLSimpleApplication@4d4d3496
----------------- Done invoking toplevel() on ptolemy.moml.MoMLSimpleApplication@4d4d3496
reloadAllAccessors: .IterateOverArrayCoercedOutputType

===========================================================================================
----------------- testing Sat Aug 31 05:33:43 UTC 2019 /home/travis/build/icyphy/ptII/ptolemy/actor/lib/hoc/test/auto/IterateOverArrayInferredOutputType.xml
----------------- Instantiating /home/travis/build/icyphy/ptII/ptolemy/actor/lib/hoc/test/auto/IterateOverArrayInferredOutputType.xml
14 ms. Memory: 184320K Free: 99080K (54%)
----------------- Invoking toplevel() on ptolemy.moml.MoMLSimpleApplication@55c2b8df
----------------- Done invoking toplevel() on ptolemy.moml.MoMLSimpleApplication@55c2b8df
reloadAllAccessors: .IterateOverArrayInferredOutputType

===========================================================================================
----------------- testing Sat Aug 31 05:33:43 UTC 2019 /home/travis/build/icyphy/ptII/ptolemy/actor/lib/hoc/test/auto/MobileFunctionTest.xml
----------------- Instantiating /home/travis/build/icyphy/ptII/ptolemy/actor/lib/hoc/test/auto/MobileFunctionTest.xml
3 ms. Memory: 184320K Free: 94954K (52%)
----------------- Invoking toplevel() on ptolemy.moml.MoMLSimpleApplication@6df94229
----------------- Done invoking toplevel() on ptolemy.moml.MoMLSimpleApplication@6df94229
reloadAllAccessors: .MobileFunctionTest

===========================================================================================
----------------- testing Sat Aug 31 05:33:43 UTC 2019 /home/travis/build/icyphy/ptII/ptolemy/actor/lib/hoc/test/auto/MobileModelTest.xml
----------------- Instantiating /home/travis/build/icyphy/ptII/ptolemy/actor/lib/hoc/test/auto/MobileModelTest.xml
136 ms. Memory: 184320K Free: 73994K (40%)
----------------- Invoking toplevel() on ptolemy.moml.MoMLSimpleApplication@28ea397f
----------------- Done invoking toplevel() on ptolemy.moml.MoMLSimpleApplication@28ea397f
reloadAllAccessors: .MobileModelTest

===========================================================================================
----------------- testing Sat Aug 31 05:33:43 UTC 2019 /home/travis/build/icyphy/ptII/ptolemy/actor/lib/hoc/test/auto/ModelReference.xml
----------------- Instantiating /home/travis/build/icyphy/ptII/ptolemy/actor/lib/hoc/test/auto/ModelReference.xml
3 ms. Memory: 184320K Free: 165767K (90%)
2 ms. Memory: 184320K Free: 164743K (89%)
4 ms. Memory: 184320K Free: 163719K (89%)
5 ms. Memory: 184320K Free: 163199K (89%)
1 ms. Memory: 184320K Free: 162181K (88%)
1 ms. Memory: 184320K Free: 161671K (88%)
1 ms. Memory: 184320K Free: 160647K (87%)
1 ms. Memory: 184320K Free: 159623K (87%)
2 ms. Memory: 184320K Free: 159103K (86%)
2 ms. Memory: 184320K Free: 158085K (86%)
31 ms. Memory: 184320K Free: 158085K (86%)
----------------- Invoking toplevel() on ptolemy.moml.MoMLSimpleApplication@512c2665
----------------- Done invoking toplevel() on ptolemy.moml.MoMLSimpleApplication@512c2665
reloadAllAccessors: .ModelReference

===========================================================================================
----------------- testing Sat Aug 31 05:33:43 UTC 2019 /home/travis/build/icyphy/ptII/ptolemy/actor/lib/hoc/test/auto/ModelReference3.xml
----------------- Instantiating /home/travis/build/icyphy/ptII/ptolemy/actor/lib/hoc/test/auto/ModelReference3.xml
1 ms. Memory: 184320K Free: 152951K (83%)
4 ms. Memory: 184320K Free: 152453K (83%)
1 ms. Memory: 184320K Free: 151431K (82%)
3 ms. Memory: 184320K Free: 150911K (82%)
2 ms. Memory: 184320K Free: 149863K (81%)
2 ms. Memory: 184320K Free: 148839K (81%)
1 ms. Memory: 184320K Free: 148359K (80%)
3 ms. Memory: 184320K Free: 147335K (80%)
2 ms. Memory: 184320K Free: 146791K (80%)
2 ms. Memory: 184320K Free: 145783K (79%)
28 ms. Memory: 184320K Free: 145783K (79%)
----------------- Invoking toplevel() on ptolemy.moml.MoMLSimpleApplication@62164e61
----------------- Done invoking toplevel() on ptolemy.moml.MoMLSimpleApplication@62164e61
reloadAllAccessors: .ModelReference3

===========================================================================================
----------------- testing Sat Aug 31 05:33:43 UTC 2019 /home/travis/build/icyphy/ptII/ptolemy/actor/lib/hoc/test/auto/ModelReference4.xml
----------------- Instantiating /home/travis/build/icyphy/ptII/ptolemy/actor/lib/hoc/test/auto/ModelReference4.xml
1 ms. Memory: 184320K Free: 141191K (77%)
2 ms. Memory: 184320K Free: 139647K (76%)
2 ms. Memory: 184320K Free: 138615K (75%)
2 ms. Memory: 184320K Free: 137605K (75%)
2 ms. Memory: 184320K Free: 136071K (74%)
2 ms. Memory: 184320K Free: 135047K (73%)
3 ms. Memory: 184320K Free: 133509K (72%)
2 ms. Memory: 184320K Free: 132455K (72%)
1 ms. Memory: 184320K Free: 130951K (71%)
2 ms. Memory: 184320K Free: 129927K (70%)
10017 ms. Memory: 184320K Free: 129927K (70%)
----------------- Invoking toplevel() on ptolemy.moml.MoMLSimpleApplication@41bf4328
----------------- Done invoking toplevel() on ptolemy.moml.MoMLSimpleApplication@41bf4328
reloadAllAccessors: .ModelReference4

===========================================================================================
----------------- testing Sat Aug 31 05:33:53 UTC 2019 /home/travis/build/icyphy/ptII/ptolemy/actor/lib/hoc/test/auto/MultiInstanceComposite.xml
----------------- Instantiating /home/travis/build/icyphy/ptII/ptolemy/actor/lib/hoc/test/auto/MultiInstanceComposite.xml
29 ms. Memory: 184320K Free: 110981K (60%)
----------------- Invoking toplevel() on ptolemy.moml.MoMLSimpleApplication@14d0bed4
----------------- Done invoking toplevel() on ptolemy.moml.MoMLSimpleApplication@14d0bed4
reloadAllAccessors: .MultiInstanceComposite

===========================================================================================
----------------- testing Sat Aug 31 05:33:53 UTC 2019 /home/travis/build/icyphy/ptII/ptolemy/actor/lib/hoc/test/auto/MultiInstanceComposite2.xml
----------------- Instantiating /home/travis/build/icyphy/ptII/ptolemy/actor/lib/hoc/test/auto/MultiInstanceComposite2.xml
23 ms. Memory: 184320K Free: 99717K (54%)
----------------- Invoking toplevel() on ptolemy.moml.MoMLSimpleApplication@59df25ed
----------------- Done invoking toplevel() on ptolemy.moml.MoMLSimpleApplication@59df25ed
reloadAllAccessors: .MultiInstanceComposite2

===========================================================================================
----------------- testing Sat Aug 31 05:33:53 UTC 2019 /home/travis/build/icyphy/ptII/ptolemy/actor/lib/hoc/test/auto/MulticoreExecution.xml
----------------- Instantiating /home/travis/build/icyphy/ptII/ptolemy/actor/lib/hoc/test/auto/MulticoreExecution.xml
Fired ExecutionTime: 1600000
Fired ExecutionTime: 4000000
Fired ExecutionTime: 2400000
Fired ExecutionTime: 3600000
Fired ExecutionTime: 2400000
Fired ExecutionTime: 2800000
Fired ExecutionTime: 3600000
Fired ExecutionTime: 3600000
Fired ExecutionTime: 52000000
Fired ExecutionTime: 52000000
Fired ExecutionTime: 74000000
Fired ExecutionTime: 70400000
Fired ExecutionTime: 81600000
Fired ExecutionTime: 90000000
Fired ExecutionTime: 88400000
Fired ExecutionTime: 89200000
Fired ExecutionTime: 88800000
Fired ExecutionTime: 88800000
Fired ExecutionTime: 79600000
Fired ExecutionTime: 87200000
1079 ms. Memory: 184320K Free: 91015K (49%)
----------------- Invoking toplevel() on ptolemy.moml.MoMLSimpleApplication@4621b8ed
----------------- Done invoking toplevel() on ptolemy.moml.MoMLSimpleApplication@4621b8ed
reloadAllAccessors: .MulticoreExecution

===========================================================================================
----------------- testing Sat Aug 31 05:33:54 UTC 2019 /home/travis/build/icyphy/ptII/ptolemy/actor/lib/hoc/test/auto/ParallelExecution.xml
----------------- Instantiating /home/travis/build/icyphy/ptII/ptolemy/actor/lib/hoc/test/auto/ParallelExecution.xml
923 ms. Memory: 184320K Free: 83333K (45%)
----------------- Invoking toplevel() on ptolemy.moml.MoMLSimpleApplication@70946a24
----------------- Done invoking toplevel() on ptolemy.moml.MoMLSimpleApplication@70946a24
reloadAllAccessors: .ParallelExecution

===========================================================================================
----------------- testing Sat Aug 31 05:33:55 UTC 2019 /home/travis/build/icyphy/ptII/ptolemy/actor/lib/hoc/test/auto/RunCompositeActor.xml
----------------- Instantiating /home/travis/build/icyphy/ptII/ptolemy/actor/lib/hoc/test/auto/RunCompositeActor.xml
7 ms. Memory: 184320K Free: 76159K (41%)
----------------- Invoking toplevel() on ptolemy.moml.MoMLSimpleApplication@41cea4a2
----------------- Done invoking toplevel() on ptolemy.moml.MoMLSimpleApplication@41cea4a2
reloadAllAccessors: .RunCompositeActor

===========================================================================================
----------------- testing Sat Aug 31 05:33:55 UTC 2019 /home/travis/build/icyphy/ptII/ptolemy/actor/lib/hoc/test/auto/RunCompositeActor2.xml
----------------- Instantiating /home/travis/build/icyphy/ptII/ptolemy/actor/lib/hoc/test/auto/RunCompositeActor2.xml
11 ms. Memory: 184320K Free: 70007K (38%)
----------------- Invoking toplevel() on ptolemy.moml.MoMLSimpleApplication@b38cc17
----------------- Done invoking toplevel() on ptolemy.moml.MoMLSimpleApplication@b38cc17
reloadAllAccessors: .RunCompositeActor2

===========================================================================================
----------------- testing Sat Aug 31 05:33:55 UTC 2019 /home/travis/build/icyphy/ptII/ptolemy/actor/lib/hoc/test/auto/RunCompositeActor3.xml
----------------- Instantiating /home/travis/build/icyphy/ptII/ptolemy/actor/lib/hoc/test/auto/RunCompositeActor3.xml
3 ms. Memory: 184320K Free: 64391K (35%)
----------------- Invoking toplevel() on ptolemy.moml.MoMLSimpleApplication@31b093a1
----------------- Done invoking toplevel() on ptolemy.moml.MoMLSimpleApplication@31b093a1
reloadAllAccessors: .RunCompositeActor3

===========================================================================================
----------------- testing Sat Aug 31 05:33:55 UTC 2019 /home/travis/build/icyphy/ptII/ptolemy/actor/lib/hoc/test/auto/RunCompositeActor4.xml
----------------- Instantiating /home/travis/build/icyphy/ptII/ptolemy/actor/lib/hoc/test/auto/RunCompositeActor4.xml
9 ms. Memory: 184320K Free: 164021K (89%)
----------------- Invoking toplevel() on ptolemy.moml.MoMLSimpleApplication@21ab1f79
----------------- Done invoking toplevel() on ptolemy.moml.MoMLSimpleApplication@21ab1f79
reloadAllAccessors: .RunCompositeActor4

===========================================================================================
----------------- testing Sat Aug 31 05:33:56 UTC 2019 /home/travis/build/icyphy/ptII/ptolemy/actor/lib/hoc/test/auto/RunCompositeIterateOverArray.xml
----------------- Instantiating /home/travis/build/icyphy/ptII/ptolemy/actor/lib/hoc/test/auto/RunCompositeIterateOverArray.xml
6 ms. Memory: 184320K Free: 157891K (86%)
----------------- Invoking toplevel() on ptolemy.moml.MoMLSimpleApplication@450e2efe
----------------- Done invoking toplevel() on ptolemy.moml.MoMLSimpleApplication@450e2efe
reloadAllAccessors: .RunCompositeIterateOverArray

===========================================================================================
----------------- testing Sat Aug 31 05:33:56 UTC 2019 /home/travis/build/icyphy/ptII/ptolemy/actor/lib/hoc/test/auto/ThreadedJS.xml
----------------- Instantiating /home/travis/build/icyphy/ptII/ptolemy/actor/lib/hoc/test/auto/ThreadedJS.xml
5109 ms. Memory: 266240K Free: 120836K (45%)
----------------- Invoking toplevel() on ptolemy.moml.MoMLSimpleApplication@36a9fb58
----------------- Done invoking toplevel() on ptolemy.moml.MoMLSimpleApplication@36a9fb58
reloadAllAccessors: .ThreadedJS
AutoTests.java: About to close Vertx.
AutoTests.java: Vertx closed.
]]></system-out>
  <system-err><![CDATA[java.lang.RuntimeException: Execution failed
	at ptolemy.moml.MoMLSimpleApplication$UnloadThread.run(MoMLSimpleApplication.java:402)
Caused by: ptolemy.kernel.util.IllegalActionException: initialize() was called after wrapup() was called but preinitialize() was not called after wrapup().
	at ptolemy.actor.lib.hoc.test.PreinitializeMustBeInvoked.initialize(PreinitializeMustBeInvoked.java:78)
	at ptolemy.actor.Director.initialize(Director.java:938)
	at ptolemy.actor.Director.initialize(Director.java:907)
	at ptolemy.actor.sched.StaticSchedulingDirector.initialize(StaticSchedulingDirector.java:159)
	at ptolemy.domains.sdf.kernel.SDFDirector.initialize(SDFDirector.java:544)
	at ptolemy.actor.CompositeActor.initialize(CompositeActor.java:935)
	at ptolemy.actor.lib.hoc.LifeCycleManager._executeInsideModel(LifeCycleManager.java:339)
	at ptolemy.actor.lib.hoc.RunCompositeActor.fire(RunCompositeActor.java:205)
	at ptolemy.actor.CompositeActor.iterate(CompositeActor.java:1146)
	at ptolemy.actor.sched.StaticSchedulingDirector.fire(StaticSchedulingDirector.java:216)
	at ptolemy.domains.sdf.kernel.SDFDirector.fire(SDFDirector.java:500)
	at ptolemy.actor.CompositeActor.fire(CompositeActor.java:455)
	at ptolemy.actor.Manager.iterate(Manager.java:851)
	at ptolemy.actor.Manager.execute(Manager.java:369)
	at ptolemy.actor.Manager.run(Manager.java:1263)
	at ptolemy.actor.Manager$PtolemyRunThread.run(Manager.java:1933)
java.lang.reflect.InvocationTargetException
	at java.base/jdk.internal.reflect.NativeConstructorAccessorImpl.newInstance0(Native Method)
	at java.base/jdk.internal.reflect.NativeConstructorAccessorImpl.newInstance(NativeConstructorAccessorImpl.java:62)
	at java.base/jdk.internal.reflect.DelegatingConstructorAccessorImpl.newInstance(DelegatingConstructorAccessorImpl.java:45)
	at java.base/java.lang.reflect.Constructor.newInstance(Constructor.java:490)
	at ptolemy.util.test.junit.AutoKnownFailedTests.RunModel(AutoKnownFailedTests.java:105)
	at java.base/jdk.internal.reflect.NativeMethodAccessorImpl.invoke0(Native Method)
	at java.base/jdk.internal.reflect.NativeMethodAccessorImpl.invoke(NativeMethodAccessorImpl.java:62)
	at java.base/jdk.internal.reflect.DelegatingMethodAccessorImpl.invoke(DelegatingMethodAccessorImpl.java:43)
	at java.base/java.lang.reflect.Method.invoke(Method.java:566)
	at org.junit.runners.model.FrameworkMethod$1.runReflectiveCall(FrameworkMethod.java:44)
	at org.junit.internal.runners.model.ReflectiveCallable.run(ReflectiveCallable.java:15)
	at org.junit.runners.model.FrameworkMethod.invokeExplosively(FrameworkMethod.java:41)
	at junitparams.internal.InvokeParameterisedMethod.evaluate(InvokeParameterisedMethod.java:102)
	at org.junit.internal.runners.statements.FailOnTimeout$1.run(FailOnTimeout.java:28)
Caused by: ptolemy.kernel.util.IllegalActionException: initialize() was called after wrapup() was called but preinitialize() was not called after wrapup().
	at ptolemy.actor.lib.hoc.test.PreinitializeMustBeInvoked.initialize(PreinitializeMustBeInvoked.java:78)
	at ptolemy.actor.Director.initialize(Director.java:938)
	at ptolemy.actor.Director.initialize(Director.java:907)
	at ptolemy.actor.sched.StaticSchedulingDirector.initialize(StaticSchedulingDirector.java:159)
	at ptolemy.domains.sdf.kernel.SDFDirector.initialize(SDFDirector.java:544)
	at ptolemy.actor.CompositeActor.initialize(CompositeActor.java:935)
	at ptolemy.actor.lib.hoc.LifeCycleManager._executeInsideModel(LifeCycleManager.java:339)
	at ptolemy.actor.lib.hoc.RunCompositeActor.fire(RunCompositeActor.java:205)
	at ptolemy.actor.CompositeActor.iterate(CompositeActor.java:1146)
	at ptolemy.actor.sched.StaticSchedulingDirector.fire(StaticSchedulingDirector.java:216)
	at ptolemy.domains.sdf.kernel.SDFDirector.fire(SDFDirector.java:500)
	at ptolemy.actor.CompositeActor.fire(CompositeActor.java:455)
	at ptolemy.actor.Manager.iterate(Manager.java:851)
	at ptolemy.actor.Manager.execute(Manager.java:369)
	at ptolemy.actor.Manager.run(Manager.java:1263)
	at ptolemy.actor.Manager$PtolemyRunThread.run(Manager.java:1933)
Warning: Nashorn engine is planned to be removed from a future JDK release
Warning: Nashorn engine is planned to be removed from a future JDK release
Warning: Nashorn engine is planned to be removed from a future JDK release
Warning: Nashorn engine is planned to be removed from a future JDK release
Warning: Nashorn engine is planned to be removed from a future JDK release
Warning: Nashorn engine is planned to be removed from a future JDK release
Warning: Nashorn engine is planned to be removed from a future JDK release
Warning: Nashorn engine is planned to be removed from a future JDK release
]]></system-err>
</testsuite>
