<?xml version="1.0" encoding="UTF-8" ?>
<testsuite errors="0" failures="0" hostname="travis-job-2cf571bc-7b92-4a34-ac2a-78ed2c4c8aec" name="ptolemy.domains.continuous.test.junit.JUnitTclTest" skipped="0" tests="156" time="70.372" timestamp="2019-04-28T04:07:34">
  <properties>
[...]
</properties>
  <testcase classname="ptolemy.util.test.junit.TclTests" name="[0] ThereAreNoTclTests (RunTclFile)" time="0.001" />
  <testcase classname="ptolemy.util.test.junit.AutoKnownFailedTests" name="[0] ThereAreNoKnowFailedTests (RunModel)" time="0.001" />
  <testcase classname="ptolemy.util.test.junit.AutoNameArchTests" name="[0] ThereAreNoAutoArchTests (RunModel)" time="0.009" />
  <testcase classname="ptolemy.util.test.junit.AutoTests" name="[0] /home/travis/build/icyphy/ptII/ptolemy/domains/continuous/test/auto/BouncingBall.xml (RunModel)" time="2.711" />
  <testcase classname="ptolemy.util.test.junit.AutoTests" name="[1] /home/travis/build/icyphy/ptII/ptolemy/domains/continuous/test/auto/BouncingBallWithoutGR.xml (RunModel)" time="0.826" />
  <testcase classname="ptolemy.util.test.junit.AutoTests" name="[2] /home/travis/build/icyphy/ptII/ptolemy/domains/continuous/test/auto/Brownian.xml (RunModel)" time="0.1" />
  <testcase classname="ptolemy.util.test.junit.AutoTests" name="[3] /home/travis/build/icyphy/ptII/ptolemy/domains/continuous/test/auto/CarTracking.xml (RunModel)" time="3.503" />
  <testcase classname="ptolemy.util.test.junit.AutoTests" name="[4] /home/travis/build/icyphy/ptII/ptolemy/domains/continuous/test/auto/CartPendulum.xml (RunModel)" time="0.571" />
  <testcase classname="ptolemy.util.test.junit.AutoTests" name="[5] /home/travis/build/icyphy/ptII/ptolemy/domains/continuous/test/auto/CausalityInterface10.xml (RunModel)" time="0.046" />
  <testcase classname="ptolemy.util.test.junit.AutoTests" name="[6] /home/travis/build/icyphy/ptII/ptolemy/domains/continuous/test/auto/CausalityInterface11.xml (RunModel)" time="0.04" />
  <testcase classname="ptolemy.util.test.junit.AutoTests" name="[7] /home/travis/build/icyphy/ptII/ptolemy/domains/continuous/test/auto/CausalityInterface12.xml (RunModel)" time="0.042" />
  <testcase classname="ptolemy.util.test.junit.AutoTests" name="[8] /home/travis/build/icyphy/ptII/ptolemy/domains/continuous/test/auto/CausalityInterface13.xml (RunModel)" time="0.038" />
  <testcase classname="ptolemy.util.test.junit.AutoTests" name="[9] /home/travis/build/icyphy/ptII/ptolemy/domains/continuous/test/auto/CausalityInterface14.xml (RunModel)" time="0.03" />
  <testcase classname="ptolemy.util.test.junit.AutoTests" name="[10] /home/travis/build/icyphy/ptII/ptolemy/domains/continuous/test/auto/CausalityInterface4.xml (RunModel)" time="0.037" />
  <testcase classname="ptolemy.util.test.junit.AutoTests" name="[11] /home/travis/build/icyphy/ptII/ptolemy/domains/continuous/test/auto/CausalityInterface5.xml (RunModel)" time="0.047" />
  <testcase classname="ptolemy.util.test.junit.AutoTests" name="[12] /home/travis/build/icyphy/ptII/ptolemy/domains/continuous/test/auto/CausalityInterface6.xml (RunModel)" time="0.03" />
  <testcase classname="ptolemy.util.test.junit.AutoTests" name="[13] /home/travis/build/icyphy/ptII/ptolemy/domains/continuous/test/auto/CausalityInterface7.xml (RunModel)" time="0.044" />
  <testcase classname="ptolemy.util.test.junit.AutoTests" name="[14] /home/travis/build/icyphy/ptII/ptolemy/domains/continuous/test/auto/CausalityInterface8.xml (RunModel)" time="0.035" />
  <testcase classname="ptolemy.util.test.junit.AutoTests" name="[15] /home/travis/build/icyphy/ptII/ptolemy/domains/continuous/test/auto/CausalityInterface9.xml (RunModel)" time="0.046" />
  <testcase classname="ptolemy.util.test.junit.AutoTests" name="[16] /home/travis/build/icyphy/ptII/ptolemy/domains/continuous/test/auto/CausalityInterfaceFeedback1.xml (RunModel)" time="0.029" />
  <testcase classname="ptolemy.util.test.junit.AutoTests" name="[17] /home/travis/build/icyphy/ptII/ptolemy/domains/continuous/test/auto/CausalityInterfaceFeedback2.xml (RunModel)" time="0.034" />
  <testcase classname="ptolemy.util.test.junit.AutoTests" name="[18] /home/travis/build/icyphy/ptII/ptolemy/domains/continuous/test/auto/CompareWithCurrentTime.xml (RunModel)" time="0.021" />
  <testcase classname="ptolemy.util.test.junit.AutoTests" name="[19] /home/travis/build/icyphy/ptII/ptolemy/domains/continuous/test/auto/ComparedClocks.xml (RunModel)" time="0.066" />
  <testcase classname="ptolemy.util.test.junit.AutoTests" name="[20] /home/travis/build/icyphy/ptII/ptolemy/domains/continuous/test/auto/ContinuousAOCClone.xml (RunModel)" time="2.708" />
  <testcase classname="ptolemy.util.test.junit.AutoTests" name="[21] /home/travis/build/icyphy/ptII/ptolemy/domains/continuous/test/auto/ContinuousClock.xml (RunModel)" time="0.069" />
  <testcase classname="ptolemy.util.test.junit.AutoTests" name="[22] /home/travis/build/icyphy/ptII/ptolemy/domains/continuous/test/auto/ContinuousInContinuous.xml (RunModel)" time="0.075" />
  <testcase classname="ptolemy.util.test.junit.AutoTests" name="[23] /home/travis/build/icyphy/ptII/ptolemy/domains/continuous/test/auto/ContinuousInContinuousInContinuous.xml (RunModel)" time="0.034" />
  <testcase classname="ptolemy.util.test.junit.AutoTests" name="[24] /home/travis/build/icyphy/ptII/ptolemy/domains/continuous/test/auto/ContinuousInDE.xml (RunModel)" time="0.134" />
  <testcase classname="ptolemy.util.test.junit.AutoTests" name="[25] /home/travis/build/icyphy/ptII/ptolemy/domains/continuous/test/auto/ContinuousInDE2.xml (RunModel)" time="0.063" />
  <testcase classname="ptolemy.util.test.junit.AutoTests" name="[26] /home/travis/build/icyphy/ptII/ptolemy/domains/continuous/test/auto/ContinuousInDE3.xml (RunModel)" time="0.058" />
  <testcase classname="ptolemy.util.test.junit.AutoTests" name="[27] /home/travis/build/icyphy/ptII/ptolemy/domains/continuous/test/auto/ContinuousInDE4.xml (RunModel)" time="0.032" />
  <testcase classname="ptolemy.util.test.junit.AutoTests" name="[28] /home/travis/build/icyphy/ptII/ptolemy/domains/continuous/test/auto/ContinuousInDEDifferentRefinements.xml (RunModel)" time="0.082" />
  <testcase classname="ptolemy.util.test.junit.AutoTests" name="[29] /home/travis/build/icyphy/ptII/ptolemy/domains/continuous/test/auto/ContinuousInDEDifferentRefinementsPreemptive.xml (RunModel)" time="0.092" />
  <testcase classname="ptolemy.util.test.junit.AutoTests" name="[30] /home/travis/build/icyphy/ptII/ptolemy/domains/continuous/test/auto/ContinuousInDEInContinuous2.xml (RunModel)" time="0.063" />
  <testcase classname="ptolemy.util.test.junit.AutoTests" name="[31] /home/travis/build/icyphy/ptII/ptolemy/domains/continuous/test/auto/ContinuousInDEInContinuous3.xml (RunModel)" time="0.062" />
  <testcase classname="ptolemy.util.test.junit.AutoTests" name="[32] /home/travis/build/icyphy/ptII/ptolemy/domains/continuous/test/auto/ContinuousInDEInput.xml (RunModel)" time="0.041" />
  <testcase classname="ptolemy.util.test.junit.AutoTests" name="[33] /home/travis/build/icyphy/ptII/ptolemy/domains/continuous/test/auto/ContinuousInDEInput2.xml (RunModel)" time="0.041" />
  <testcase classname="ptolemy.util.test.junit.AutoTests" name="[34] /home/travis/build/icyphy/ptII/ptolemy/domains/continuous/test/auto/ContinuousInDEInput3.xml (RunModel)" time="0.033" />
  <testcase classname="ptolemy.util.test.junit.AutoTests" name="[35] /home/travis/build/icyphy/ptII/ptolemy/domains/continuous/test/auto/ContinuousInDESharingRefinement.xml (RunModel)" time="0.189" />
  <testcase classname="ptolemy.util.test.junit.AutoTests" name="[36] /home/travis/build/icyphy/ptII/ptolemy/domains/continuous/test/auto/ContinuousInDEwithNoPorts.xml (RunModel)" time="0.021" />
  <testcase classname="ptolemy.util.test.junit.AutoTests" name="[37] /home/travis/build/icyphy/ptII/ptolemy/domains/continuous/test/auto/ContinuousInsideDE.xml (RunModel)" time="0.086" />
  <testcase classname="ptolemy.util.test.junit.AutoTests" name="[38] /home/travis/build/icyphy/ptII/ptolemy/domains/continuous/test/auto/ContinuousMerge1.xml (RunModel)" time="0.012" />
  <testcase classname="ptolemy.util.test.junit.AutoTests" name="[39] /home/travis/build/icyphy/ptII/ptolemy/domains/continuous/test/auto/ContinuousMerge2.xml (RunModel)" time="0.034" />
  <testcase classname="ptolemy.util.test.junit.AutoTests" name="[40] /home/travis/build/icyphy/ptII/ptolemy/domains/continuous/test/auto/ContinuousMerge3.xml (RunModel)" time="0.07" />
  <testcase classname="ptolemy.util.test.junit.AutoTests" name="[41] /home/travis/build/icyphy/ptII/ptolemy/domains/continuous/test/auto/ContinuousWithinContinuous.xml (RunModel)" time="0.048" />
  <testcase classname="ptolemy.util.test.junit.AutoTests" name="[42] /home/travis/build/icyphy/ptII/ptolemy/domains/continuous/test/auto/ContinuousWithinContinuous2.xml (RunModel)" time="0.073" />
  <testcase classname="ptolemy.util.test.junit.AutoTests" name="[43] /home/travis/build/icyphy/ptII/ptolemy/domains/continuous/test/auto/ContinuousWithinContinuous3.xml (RunModel)" time="0.032" />
  <testcase classname="ptolemy.util.test.junit.AutoTests" name="[44] /home/travis/build/icyphy/ptII/ptolemy/domains/continuous/test/auto/ContinuousWithinContinuous4.xml (RunModel)" time="0.091" />
  <testcase classname="ptolemy.util.test.junit.AutoTests" name="[45] /home/travis/build/icyphy/ptII/ptolemy/domains/continuous/test/auto/ContinuousWithinContinuous5.xml (RunModel)" time="0.03" />
  <testcase classname="ptolemy.util.test.junit.AutoTests" name="[46] /home/travis/build/icyphy/ptII/ptolemy/domains/continuous/test/auto/ContinuousWithinContinuous6.xml (RunModel)" time="0.029" />
  <testcase classname="ptolemy.util.test.junit.AutoTests" name="[47] /home/travis/build/icyphy/ptII/ptolemy/domains/continuous/test/auto/ContinuousWithinContinuous7.xml (RunModel)" time="0.073" />
  <testcase classname="ptolemy.util.test.junit.AutoTests" name="[48] /home/travis/build/icyphy/ptII/ptolemy/domains/continuous/test/auto/DCMotor.xml (RunModel)" time="12.541" />
  <testcase classname="ptolemy.util.test.junit.AutoTests" name="[49] /home/travis/build/icyphy/ptII/ptolemy/domains/continuous/test/auto/DEInContinuous.xml (RunModel)" time="0.046" />
  <testcase classname="ptolemy.util.test.junit.AutoTests" name="[50] /home/travis/build/icyphy/ptII/ptolemy/domains/continuous/test/auto/DEinContinuous2.xml (RunModel)" time="0.033" />
  <testcase classname="ptolemy.util.test.junit.AutoTests" name="[51] /home/travis/build/icyphy/ptII/ptolemy/domains/continuous/test/auto/Derivative.xml (RunModel)" time="0.233" />
  <testcase classname="ptolemy.util.test.junit.AutoTests" name="[52] /home/travis/build/icyphy/ptII/ptolemy/domains/continuous/test/auto/Derivative1.xml (RunModel)" time="0.065" />
  <testcase classname="ptolemy.util.test.junit.AutoTests" name="[53] /home/travis/build/icyphy/ptII/ptolemy/domains/continuous/test/auto/DiscreteClock.xml (RunModel)" time="0.017" />
  <testcase classname="ptolemy.util.test.junit.AutoTests" name="[54] /home/travis/build/icyphy/ptII/ptolemy/domains/continuous/test/auto/EfficiencyCurve.xml (RunModel)" time="0.073" />
  <testcase classname="ptolemy.util.test.junit.AutoTests" name="[55] /home/travis/build/icyphy/ptII/ptolemy/domains/continuous/test/auto/ExponentialResponse.xml (RunModel)" time="0.114" />
  <testcase classname="ptolemy.util.test.junit.AutoTests" name="[56] /home/travis/build/icyphy/ptII/ptolemy/domains/continuous/test/auto/ExponentialResponseRK45.xml (RunModel)" time="0.035" />
  <testcase classname="ptolemy.util.test.junit.AutoTests" name="[57] /home/travis/build/icyphy/ptII/ptolemy/domains/continuous/test/auto/Friction.xml (RunModel)" time="1.48" />
  <testcase classname="ptolemy.util.test.junit.AutoTests" name="[58] /home/travis/build/icyphy/ptII/ptolemy/domains/continuous/test/auto/FurutaPendulum.xml (RunModel)" time="3.198" />
  <testcase classname="ptolemy.util.test.junit.AutoTests" name="[59] /home/travis/build/icyphy/ptII/ptolemy/domains/continuous/test/auto/HierarchicalExecution.xml (RunModel)" time="1.899" />
  <testcase classname="ptolemy.util.test.junit.AutoTests" name="[60] /home/travis/build/icyphy/ptII/ptolemy/domains/continuous/test/auto/HybridPlant.xml (RunModel)" time="0.612" />
  <testcase classname="ptolemy.util.test.junit.AutoTests" name="[61] /home/travis/build/icyphy/ptII/ptolemy/domains/continuous/test/auto/Hysteresis.xml (RunModel)" time="0.18" />
  <testcase classname="ptolemy.util.test.junit.AutoTests" name="[62] /home/travis/build/icyphy/ptII/ptolemy/domains/continuous/test/auto/HysteresisWithRandomDelay.xml (RunModel)" time="0.207" />
  <testcase classname="ptolemy.util.test.junit.AutoTests" name="[63] /home/travis/build/icyphy/ptII/ptolemy/domains/continuous/test/auto/HysteresisWithRandomLosses.xml (RunModel)" time="2.26" />
  <testcase classname="ptolemy.util.test.junit.AutoTests" name="[64] /home/travis/build/icyphy/ptII/ptolemy/domains/continuous/test/auto/ImmediateTransitions.xml (RunModel)" time="0.044" />
  <testcase classname="ptolemy.util.test.junit.AutoTests" name="[65] /home/travis/build/icyphy/ptII/ptolemy/domains/continuous/test/auto/ImpulseFeedback.xml (RunModel)" time="0.024" />
  <testcase classname="ptolemy.util.test.junit.AutoTests" name="[66] /home/travis/build/icyphy/ptII/ptolemy/domains/continuous/test/auto/ImpulseFeedback2.xml (RunModel)" time="0.02" />
  <testcase classname="ptolemy.util.test.junit.AutoTests" name="[67] /home/travis/build/icyphy/ptII/ptolemy/domains/continuous/test/auto/IncreasingRatePoisson.xml (RunModel)" time="0.685" />
  <testcase classname="ptolemy.util.test.junit.AutoTests" name="[68] /home/travis/build/icyphy/ptII/ptolemy/domains/continuous/test/auto/InitialStateFeedback.xml (RunModel)" time="0.013" />
  <testcase classname="ptolemy.util.test.junit.AutoTests" name="[69] /home/travis/build/icyphy/ptII/ptolemy/domains/continuous/test/auto/Integration.xml (RunModel)" time="0.018" />
  <testcase classname="ptolemy.util.test.junit.AutoTests" name="[70] /home/travis/build/icyphy/ptII/ptolemy/domains/continuous/test/auto/Integration2.xml (RunModel)" time="0.099" />
  <testcase classname="ptolemy.util.test.junit.AutoTests" name="[71] /home/travis/build/icyphy/ptII/ptolemy/domains/continuous/test/auto/Integration3.xml (RunModel)" time="0.011" />
  <testcase classname="ptolemy.util.test.junit.AutoTests" name="[72] /home/travis/build/icyphy/ptII/ptolemy/domains/continuous/test/auto/Integration5.xml (RunModel)" time="0.013" />
  <testcase classname="ptolemy.util.test.junit.AutoTests" name="[73] /home/travis/build/icyphy/ptII/ptolemy/domains/continuous/test/auto/IntegratorImpulse.xml (RunModel)" time="0.01" />
  <testcase classname="ptolemy.util.test.junit.AutoTests" name="[74] /home/travis/build/icyphy/ptII/ptolemy/domains/continuous/test/auto/IntegratorImpulse2.xml (RunModel)" time="0.011" />
  <testcase classname="ptolemy.util.test.junit.AutoTests" name="[75] /home/travis/build/icyphy/ptII/ptolemy/domains/continuous/test/auto/LevelCrossing1.xml (RunModel)" time="0.015" />
  <testcase classname="ptolemy.util.test.junit.AutoTests" name="[76] /home/travis/build/icyphy/ptII/ptolemy/domains/continuous/test/auto/LevelCrossing2.xml (RunModel)" time="0.012" />
  <testcase classname="ptolemy.util.test.junit.AutoTests" name="[77] /home/travis/build/icyphy/ptII/ptolemy/domains/continuous/test/auto/LevelCrossing3.xml (RunModel)" time="0.014" />
  <testcase classname="ptolemy.util.test.junit.AutoTests" name="[78] /home/travis/build/icyphy/ptII/ptolemy/domains/continuous/test/auto/LevelCrossing4.xml (RunModel)" time="0.012" />
  <testcase classname="ptolemy.util.test.junit.AutoTests" name="[79] /home/travis/build/icyphy/ptII/ptolemy/domains/continuous/test/auto/LevelCrossing5.xml (RunModel)" time="0.013" />
  <testcase classname="ptolemy.util.test.junit.AutoTests" name="[80] /home/travis/build/icyphy/ptII/ptolemy/domains/continuous/test/auto/LevelCrossing6.xml (RunModel)" time="0.012" />
  <testcase classname="ptolemy.util.test.junit.AutoTests" name="[81] /home/travis/build/icyphy/ptII/ptolemy/domains/continuous/test/auto/LevelCrossingDetector.xml (RunModel)" time="0.036" />
  <testcase classname="ptolemy.util.test.junit.AutoTests" name="[82] /home/travis/build/icyphy/ptII/ptolemy/domains/continuous/test/auto/LevelCrossingDetectorDetectingDirections.xml (RunModel)" time="0.086" />
  <testcase classname="ptolemy.util.test.junit.AutoTests" name="[83] /home/travis/build/icyphy/ptII/ptolemy/domains/continuous/test/auto/LevelCrossingDetectorDetectsGlitches.xml (RunModel)" time="0.062" />
  <testcase classname="ptolemy.util.test.junit.AutoTests" name="[84] /home/travis/build/icyphy/ptII/ptolemy/domains/continuous/test/auto/LevelCrossingNoInitialOuput.xml (RunModel)" time="0.014" />
  <testcase classname="ptolemy.util.test.junit.AutoTests" name="[85] /home/travis/build/icyphy/ptII/ptolemy/domains/continuous/test/auto/LinearStateSpaceExample.xml (RunModel)" time="0.042" />
  <testcase classname="ptolemy.util.test.junit.AutoTests" name="[86] /home/travis/build/icyphy/ptII/ptolemy/domains/continuous/test/auto/Lorenz.xml (RunModel)" time="3.836" />
  <testcase classname="ptolemy.util.test.junit.AutoTests" name="[87] /home/travis/build/icyphy/ptII/ptolemy/domains/continuous/test/auto/LorenzDifferentialSystem.xml (RunModel)" time="1.099" />
  <testcase classname="ptolemy.util.test.junit.AutoTests" name="[88] /home/travis/build/icyphy/ptII/ptolemy/domains/continuous/test/auto/LorenzDifferentialSystemWithInput.xml (RunModel)" time="1.333" />
  <testcase classname="ptolemy.util.test.junit.AutoTests" name="[89] /home/travis/build/icyphy/ptII/ptolemy/domains/continuous/test/auto/LorenzDifferentialSystemWithTime.xml (RunModel)" time="0.706" />
  <testcase classname="ptolemy.util.test.junit.AutoTests" name="[90] /home/travis/build/icyphy/ptII/ptolemy/domains/continuous/test/auto/Microsteps.xml (RunModel)" time="0.028" />
  <testcase classname="ptolemy.util.test.junit.AutoTests" name="[91] /home/travis/build/icyphy/ptII/ptolemy/domains/continuous/test/auto/Modal1.xml (RunModel)" time="0.03" />
  <testcase classname="ptolemy.util.test.junit.AutoTests" name="[92] /home/travis/build/icyphy/ptII/ptolemy/domains/continuous/test/auto/Modal2.xml (RunModel)" time="0.046" />
  <testcase classname="ptolemy.util.test.junit.AutoTests" name="[93] /home/travis/build/icyphy/ptII/ptolemy/domains/continuous/test/auto/ModalTransitionGuardWithReset.xml (RunModel)" time="0.029" />
  <testcase classname="ptolemy.util.test.junit.AutoTests" name="[94] /home/travis/build/icyphy/ptII/ptolemy/domains/continuous/test/auto/ModalTransitionGuardWithResetUsingPreemptiveTransition.xml (RunModel)" time="0.024" />
  <testcase classname="ptolemy.util.test.junit.AutoTests" name="[95] /home/travis/build/icyphy/ptII/ptolemy/domains/continuous/test/auto/ModalTransitionGuardWithResetUsingPreemptiveTransition2.xml (RunModel)" time="0.036" />
  <testcase classname="ptolemy.util.test.junit.AutoTests" name="[96] /home/travis/build/icyphy/ptII/ptolemy/domains/continuous/test/auto/ModalTransitionGuardWithResetUsingPreemptiveTransition3.xml (RunModel)" time="0.03" />
  <testcase classname="ptolemy.util.test.junit.AutoTests" name="[97] /home/travis/build/icyphy/ptII/ptolemy/domains/continuous/test/auto/NewtonsCradle.xml (RunModel)" time="0.758" />
  <testcase classname="ptolemy.util.test.junit.AutoTests" name="[98] /home/travis/build/icyphy/ptII/ptolemy/domains/continuous/test/auto/NewtonsCradleAnimated.xml (RunModel)" time="1.042" />
  <testcase classname="ptolemy.util.test.junit.AutoTests" name="[99] /home/travis/build/icyphy/ptII/ptolemy/domains/continuous/test/auto/NewtonsCradleComplicated.xml (RunModel)" time="0.924" />
  <testcase classname="ptolemy.util.test.junit.AutoTests" name="[100] /home/travis/build/icyphy/ptII/ptolemy/domains/continuous/test/auto/NewtonsCradleNondeterministic.xml (RunModel)" time="0.718" />
  <testcase classname="ptolemy.util.test.junit.AutoTests" name="[101] /home/travis/build/icyphy/ptII/ptolemy/domains/continuous/test/auto/NewtonsCradlePerfectlyInelastic1.xml (RunModel)" time="1.176" />
  <testcase classname="ptolemy.util.test.junit.AutoTests" name="[102] /home/travis/build/icyphy/ptII/ptolemy/domains/continuous/test/auto/Noise.xml (RunModel)" time="0.176" />
  <testcase classname="ptolemy.util.test.junit.AutoTests" name="[103] /home/travis/build/icyphy/ptII/ptolemy/domains/continuous/test/auto/NoiseSpectrum.xml (RunModel)" time="0.733" />
  <testcase classname="ptolemy.util.test.junit.AutoTests" name="[104] /home/travis/build/icyphy/ptII/ptolemy/domains/continuous/test/auto/ParameterizedNewtonsCradleAnimated.xml (RunModel)" time="0.337" />
  <testcase classname="ptolemy.util.test.junit.AutoTests" name="[105] /home/travis/build/icyphy/ptII/ptolemy/domains/continuous/test/auto/ParameterizedNewtonsCradleAnimatedNondeterministic.xml (RunModel)" time="1.119" />
  <testcase classname="ptolemy.util.test.junit.AutoTests" name="[106] /home/travis/build/icyphy/ptII/ptolemy/domains/continuous/test/auto/Pendulum3D.xml (RunModel)" time="0.173" />
  <testcase classname="ptolemy.util.test.junit.AutoTests" name="[107] /home/travis/build/icyphy/ptII/ptolemy/domains/continuous/test/auto/PeriodicSampler.xml (RunModel)" time="0.01" />
  <testcase classname="ptolemy.util.test.junit.AutoTests" name="[108] /home/travis/build/icyphy/ptII/ptolemy/domains/continuous/test/auto/PeriodicSampler1.xml (RunModel)" time="0.052" />
  <testcase classname="ptolemy.util.test.junit.AutoTests" name="[109] /home/travis/build/icyphy/ptII/ptolemy/domains/continuous/test/auto/PeriodicSampler2.xml (RunModel)" time="0.071" />
  <testcase classname="ptolemy.util.test.junit.AutoTests" name="[110] /home/travis/build/icyphy/ptII/ptolemy/domains/continuous/test/auto/Poisson.xml (RunModel)" time="0.463" />
  <testcase classname="ptolemy.util.test.junit.AutoTests" name="[111] /home/travis/build/icyphy/ptII/ptolemy/domains/continuous/test/auto/PoissonClock.xml (RunModel)" time="0.013" />
  <testcase classname="ptolemy.util.test.junit.AutoTests" name="[112] /home/travis/build/icyphy/ptII/ptolemy/domains/continuous/test/auto/PoissonClock2.xml (RunModel)" time="0.013" />
  <testcase classname="ptolemy.util.test.junit.AutoTests" name="[113] /home/travis/build/icyphy/ptII/ptolemy/domains/continuous/test/auto/PortParameterHierarchy.xml (RunModel)" time="0.021" />
  <testcase classname="ptolemy.util.test.junit.AutoTests" name="[114] /home/travis/build/icyphy/ptII/ptolemy/domains/continuous/test/auto/RandomHybridPlant.xml (RunModel)" time="0.513" />
  <testcase classname="ptolemy.util.test.junit.AutoTests" name="[115] /home/travis/build/icyphy/ptII/ptolemy/domains/continuous/test/auto/ResetTransitionWithStartTime1.xml (RunModel)" time="0.025" />
  <testcase classname="ptolemy.util.test.junit.AutoTests" name="[116] /home/travis/build/icyphy/ptII/ptolemy/domains/continuous/test/auto/ResetTransitionWithStartTime2.xml (RunModel)" time="0.044" />
  <testcase classname="ptolemy.util.test.junit.AutoTests" name="[117] /home/travis/build/icyphy/ptII/ptolemy/domains/continuous/test/auto/ResetTransitionWithStartTime3.xml (RunModel)" time="0.041" />
  <testcase classname="ptolemy.util.test.junit.AutoTests" name="[118] /home/travis/build/icyphy/ptII/ptolemy/domains/continuous/test/auto/ResetTransitionWithStartTime4.xml (RunModel)" time="0.023" />
  <testcase classname="ptolemy.util.test.junit.AutoTests" name="[119] /home/travis/build/icyphy/ptII/ptolemy/domains/continuous/test/auto/ResetTransitionWithStartTime5.xml (RunModel)" time="0.04" />
  <testcase classname="ptolemy.util.test.junit.AutoTests" name="[120] /home/travis/build/icyphy/ptII/ptolemy/domains/continuous/test/auto/ResetTransitionWithStartTime6.xml (RunModel)" time="0.023" />
  <testcase classname="ptolemy.util.test.junit.AutoTests" name="[121] /home/travis/build/icyphy/ptII/ptolemy/domains/continuous/test/auto/SRinContinuous.xml (RunModel)" time="0.023" />
  <testcase classname="ptolemy.util.test.junit.AutoTests" name="[122] /home/travis/build/icyphy/ptII/ptolemy/domains/continuous/test/auto/SampledClocks.xml (RunModel)" time="0.032" />
  <testcase classname="ptolemy.util.test.junit.AutoTests" name="[123] /home/travis/build/icyphy/ptII/ptolemy/domains/continuous/test/auto/Satellite.xml (RunModel)" time="0.817" />
  <testcase classname="ptolemy.util.test.junit.AutoTests" name="[124] /home/travis/build/icyphy/ptII/ptolemy/domains/continuous/test/auto/SigmaDelta.xml (RunModel)" time="2.123" />
  <testcase classname="ptolemy.util.test.junit.AutoTests" name="[125] /home/travis/build/icyphy/ptII/ptolemy/domains/continuous/test/auto/SingleRefinement.xml (RunModel)" time="0.421" />
  <testcase classname="ptolemy.util.test.junit.AutoTests" name="[126] /home/travis/build/icyphy/ptII/ptolemy/domains/continuous/test/auto/SinuBouncingBall.xml (RunModel)" time="0.837" />
  <testcase classname="ptolemy.util.test.junit.AutoTests" name="[127] /home/travis/build/icyphy/ptII/ptolemy/domains/continuous/test/auto/Sinusoid.xml (RunModel)" time="0.018" />
  <testcase classname="ptolemy.util.test.junit.AutoTests" name="[128] /home/travis/build/icyphy/ptII/ptolemy/domains/continuous/test/auto/SinusoidInNoise.xml (RunModel)" time="0.93" />
  <testcase classname="ptolemy.util.test.junit.AutoTests" name="[129] /home/travis/build/icyphy/ptII/ptolemy/domains/continuous/test/auto/SinusoidRK45.xml (RunModel)" time="0.008" />
  <testcase classname="ptolemy.util.test.junit.AutoTests" name="[130] /home/travis/build/icyphy/ptII/ptolemy/domains/continuous/test/auto/SinusoidWithMultipleImpulses.xml (RunModel)" time="0.013" />
  <testcase classname="ptolemy.util.test.junit.AutoTests" name="[131] /home/travis/build/icyphy/ptII/ptolemy/domains/continuous/test/auto/SquareWave.xml (RunModel)" time="0.195" />
  <testcase classname="ptolemy.util.test.junit.AutoTests" name="[132] /home/travis/build/icyphy/ptII/ptolemy/domains/continuous/test/auto/Starmac.xml (RunModel)" time="3.375" />
  <testcase classname="ptolemy.util.test.junit.AutoTests" name="[133] /home/travis/build/icyphy/ptII/ptolemy/domains/continuous/test/auto/StaticUnits.xml (RunModel)" time="2.411" />
  <testcase classname="ptolemy.util.test.junit.AutoTests" name="[134] /home/travis/build/icyphy/ptII/ptolemy/domains/continuous/test/auto/StickyMasses.xml (RunModel)" time="0.188" />
  <testcase classname="ptolemy.util.test.junit.AutoTests" name="[135] /home/travis/build/icyphy/ptII/ptolemy/domains/continuous/test/auto/StopTime.xml (RunModel)" time="0.143" />
  <testcase classname="ptolemy.util.test.junit.AutoTests" name="[136] /home/travis/build/icyphy/ptII/ptolemy/domains/continuous/test/auto/StopTime2.xml (RunModel)" time="0.053" />
  <testcase classname="ptolemy.util.test.junit.AutoTests" name="[137] /home/travis/build/icyphy/ptII/ptolemy/domains/continuous/test/auto/Switch.xml (RunModel)" time="0.075" />
  <testcase classname="ptolemy.util.test.junit.AutoTests" name="[138] /home/travis/build/icyphy/ptII/ptolemy/domains/continuous/test/auto/Thermostat.xml (RunModel)" time="0.207" />
  <testcase classname="ptolemy.util.test.junit.AutoTests" name="[139] /home/travis/build/icyphy/ptII/ptolemy/domains/continuous/test/auto/TimeDelay.xml (RunModel)" time="0.014" />
  <testcase classname="ptolemy.util.test.junit.AutoTests" name="[140] /home/travis/build/icyphy/ptII/ptolemy/domains/continuous/test/auto/TimeDelay2.xml (RunModel)" time="0.038" />
  <testcase classname="ptolemy.util.test.junit.AutoTests" name="[141] /home/travis/build/icyphy/ptII/ptolemy/domains/continuous/test/auto/TimeDelay3.xml (RunModel)" time="0.01" />
  <testcase classname="ptolemy.util.test.junit.AutoTests" name="[142] /home/travis/build/icyphy/ptII/ptolemy/domains/continuous/test/auto/TransferAbsentToInside.xml (RunModel)" time="0.102" />
  <testcase classname="ptolemy.util.test.junit.AutoTests" name="[143] /home/travis/build/icyphy/ptII/ptolemy/domains/continuous/test/auto/Transmission.xml (RunModel)" time="0.716" />
  <testcase classname="ptolemy.util.test.junit.AutoTests" name="[144] /home/travis/build/icyphy/ptII/ptolemy/domains/continuous/test/auto/TriggeredContinuousClock.xml (RunModel)" time="0.062" />
  <testcase classname="ptolemy.util.test.junit.AutoTests" name="[145] /home/travis/build/icyphy/ptII/ptolemy/domains/continuous/test/auto/TwoMachineInfiniteBusControl.xml (RunModel)" time="3.041" />
  <testcase classname="ptolemy.util.test.junit.AutoTests" name="[146] /home/travis/build/icyphy/ptII/ptolemy/domains/continuous/test/auto/V2V.xml (RunModel)" time="0.771" />
  <testcase classname="ptolemy.util.test.junit.AutoTests" name="[147] /home/travis/build/icyphy/ptII/ptolemy/domains/continuous/test/auto/hierarchicalModalModel.xml (RunModel)" time="0.029" />
  <testcase classname="ptolemy.util.test.junit.AutoTests" name="[148] /home/travis/build/icyphy/ptII/ptolemy/domains/continuous/test/auto/hierarchicalModalModel1.xml (RunModel)" time="0.024" />
  <testcase classname="ptolemy.util.test.junit.AutoTests" name="[149] /home/travis/build/icyphy/ptII/ptolemy/domains/continuous/test/auto/hierarchicalModalModel2.xml (RunModel)" time="0.028" />
  <testcase classname="ptolemy.util.test.junit.AutoTests" name="[150] /home/travis/build/icyphy/ptII/ptolemy/domains/continuous/test/auto/hierarchicalModalModel3.xml (RunModel)" time="0.022" />
  <testcase classname="ptolemy.util.test.junit.AutoTests" name="[151] /home/travis/build/icyphy/ptII/ptolemy/domains/continuous/test/auto/hierarchicalModalModel4.xml (RunModel)" time="0.025" />
  <testcase classname="ptolemy.util.test.junit.AutoTests" name="[152] /home/travis/build/icyphy/ptII/ptolemy/domains/continuous/test/auto/junk.xml (RunModel)" time="0.151" />
  <system-out><![CDATA[No tcl tests in /home/travis/build/icyphy/ptII/ptolemy/domains/continuous/test
No auto/knownFailedTests/*.xml tests in /home/travis/build/icyphy/ptII/ptolemy/domains/continuous/test
No auto/linux-amd64/*.xml tests in /home/travis/build/icyphy/ptII/ptolemy/domains/continuous/test
AutoTests.java: About to close Vertx.
AutoTests.java: Vertx closed.

===========================================================================================
----------------- testing Sun Apr 28 04:07:34 UTC 2019 /home/travis/build/icyphy/ptII/ptolemy/domains/continuous/test/auto/BouncingBall.xml
----------------- Instantiating /home/travis/build/icyphy/ptII/ptolemy/domains/continuous/test/auto/BouncingBall.xml
2261 ms. Memory: 331264K Free: 266590K (80%)
----------------- Invoking toplevel() on ptolemy.moml.MoMLSimpleApplication@6abd984d
----------------- Done invoking toplevel() on ptolemy.moml.MoMLSimpleApplication@6abd984d
reloadAllAccessors: .BouncingBall

===========================================================================================
----------------- testing Sun Apr 28 04:07:37 UTC 2019 /home/travis/build/icyphy/ptII/ptolemy/domains/continuous/test/auto/BouncingBallWithoutGR.xml
----------------- Instantiating /home/travis/build/icyphy/ptII/ptolemy/domains/continuous/test/auto/BouncingBallWithoutGR.xml
687 ms. Memory: 331776K Free: 323633K (98%)
----------------- Invoking toplevel() on ptolemy.moml.MoMLSimpleApplication@71aebd6a
----------------- Done invoking toplevel() on ptolemy.moml.MoMLSimpleApplication@71aebd6a
reloadAllAccessors: .BouncingBallWithoutGR

===========================================================================================
----------------- testing Sun Apr 28 04:07:38 UTC 2019 /home/travis/build/icyphy/ptII/ptolemy/domains/continuous/test/auto/Brownian.xml
----------------- Instantiating /home/travis/build/icyphy/ptII/ptolemy/domains/continuous/test/auto/Brownian.xml
27 ms. Memory: 331776K Free: 309955K (93%)
----------------- Invoking toplevel() on ptolemy.moml.MoMLSimpleApplication@160d8a8e
----------------- Done invoking toplevel() on ptolemy.moml.MoMLSimpleApplication@160d8a8e
reloadAllAccessors: .Brownian

===========================================================================================
----------------- testing Sun Apr 28 04:07:38 UTC 2019 /home/travis/build/icyphy/ptII/ptolemy/domains/continuous/test/auto/CarTracking.xml
----------------- Instantiating /home/travis/build/icyphy/ptII/ptolemy/domains/continuous/test/auto/CarTracking.xml
3150 ms. Memory: 578560K Free: 470454K (81%)
----------------- Invoking toplevel() on ptolemy.moml.MoMLSimpleApplication@79f1d114
----------------- Done invoking toplevel() on ptolemy.moml.MoMLSimpleApplication@79f1d114
reloadAllAccessors: .CarTracking

===========================================================================================
----------------- testing Sun Apr 28 04:07:42 UTC 2019 /home/travis/build/icyphy/ptII/ptolemy/domains/continuous/test/auto/CartPendulum.xml
----------------- Instantiating /home/travis/build/icyphy/ptII/ptolemy/domains/continuous/test/auto/CartPendulum.xml
414 ms. Memory: 578560K Free: 366067K (63%)
----------------- Invoking toplevel() on ptolemy.moml.MoMLSimpleApplication@45b4f25
----------------- Done invoking toplevel() on ptolemy.moml.MoMLSimpleApplication@45b4f25
reloadAllAccessors: .CartPendulum

===========================================================================================
----------------- testing Sun Apr 28 04:07:42 UTC 2019 /home/travis/build/icyphy/ptII/ptolemy/domains/continuous/test/auto/CausalityInterface10.xml
----------------- Instantiating /home/travis/build/icyphy/ptII/ptolemy/domains/continuous/test/auto/CausalityInterface10.xml
18 ms. Memory: 578560K Free: 352959K (61%)
----------------- Invoking toplevel() on ptolemy.moml.MoMLSimpleApplication@71d1831b
----------------- Done invoking toplevel() on ptolemy.moml.MoMLSimpleApplication@71d1831b
reloadAllAccessors: .CausalityInterface10

===========================================================================================
----------------- testing Sun Apr 28 04:07:42 UTC 2019 /home/travis/build/icyphy/ptII/ptolemy/domains/continuous/test/auto/CausalityInterface11.xml
----------------- Instantiating /home/travis/build/icyphy/ptII/ptolemy/domains/continuous/test/auto/CausalityInterface11.xml
8 ms. Memory: 578560K Free: 343113K (59%)
----------------- Invoking toplevel() on ptolemy.moml.MoMLSimpleApplication@67c317fd
----------------- Done invoking toplevel() on ptolemy.moml.MoMLSimpleApplication@67c317fd
reloadAllAccessors: .CausalityInterface11

===========================================================================================
----------------- testing Sun Apr 28 04:07:42 UTC 2019 /home/travis/build/icyphy/ptII/ptolemy/domains/continuous/test/auto/CausalityInterface12.xml
----------------- Instantiating /home/travis/build/icyphy/ptII/ptolemy/domains/continuous/test/auto/CausalityInterface12.xml
7 ms. Memory: 578560K Free: 330383K (57%)
----------------- Invoking toplevel() on ptolemy.moml.MoMLSimpleApplication@7bb2aa67
----------------- Done invoking toplevel() on ptolemy.moml.MoMLSimpleApplication@7bb2aa67
reloadAllAccessors: .CausalityInterface12

===========================================================================================
----------------- testing Sun Apr 28 04:07:42 UTC 2019 /home/travis/build/icyphy/ptII/ptolemy/domains/continuous/test/auto/CausalityInterface13.xml
----------------- Instantiating /home/travis/build/icyphy/ptII/ptolemy/domains/continuous/test/auto/CausalityInterface13.xml
10 ms. Memory: 578560K Free: 320537K (55%)
----------------- Invoking toplevel() on ptolemy.moml.MoMLSimpleApplication@2bdaa35e
----------------- Done invoking toplevel() on ptolemy.moml.MoMLSimpleApplication@2bdaa35e
reloadAllAccessors: .CausalityInterface13

===========================================================================================
----------------- testing Sun Apr 28 04:07:42 UTC 2019 /home/travis/build/icyphy/ptII/ptolemy/domains/continuous/test/auto/CausalityInterface14.xml
----------------- Instantiating /home/travis/build/icyphy/ptII/ptolemy/domains/continuous/test/auto/CausalityInterface14.xml
5 ms. Memory: 578560K Free: 310691K (54%)
----------------- Invoking toplevel() on ptolemy.moml.MoMLSimpleApplication@36a07072
----------------- Done invoking toplevel() on ptolemy.moml.MoMLSimpleApplication@36a07072
reloadAllAccessors: .CausalityInterface14

===========================================================================================
----------------- testing Sun Apr 28 04:07:42 UTC 2019 /home/travis/build/icyphy/ptII/ptolemy/domains/continuous/test/auto/CausalityInterface4.xml
----------------- Instantiating /home/travis/build/icyphy/ptII/ptolemy/domains/continuous/test/auto/CausalityInterface4.xml
3 ms. Memory: 578560K Free: 291030K (50%)
----------------- Invoking toplevel() on ptolemy.moml.MoMLSimpleApplication@88426de
----------------- Done invoking toplevel() on ptolemy.moml.MoMLSimpleApplication@88426de
reloadAllAccessors: .CausalityInterface4

===========================================================================================
----------------- testing Sun Apr 28 04:07:42 UTC 2019 /home/travis/build/icyphy/ptII/ptolemy/domains/continuous/test/auto/CausalityInterface5.xml
----------------- Instantiating /home/travis/build/icyphy/ptII/ptolemy/domains/continuous/test/auto/CausalityInterface5.xml
6 ms. Memory: 578560K Free: 275016K (48%)
----------------- Invoking toplevel() on ptolemy.moml.MoMLSimpleApplication@25cad1fc
----------------- Done invoking toplevel() on ptolemy.moml.MoMLSimpleApplication@25cad1fc
reloadAllAccessors: .CausalityInterface5

===========================================================================================
----------------- testing Sun Apr 28 04:07:42 UTC 2019 /home/travis/build/icyphy/ptII/ptolemy/domains/continuous/test/auto/CausalityInterface6.xml
----------------- Instantiating /home/travis/build/icyphy/ptII/ptolemy/domains/continuous/test/auto/CausalityInterface6.xml
4 ms. Memory: 578560K Free: 265169K (46%)
----------------- Invoking toplevel() on ptolemy.moml.MoMLSimpleApplication@2e5ad67d
----------------- Done invoking toplevel() on ptolemy.moml.MoMLSimpleApplication@2e5ad67d
reloadAllAccessors: .CausalityInterface6

===========================================================================================
----------------- testing Sun Apr 28 04:07:42 UTC 2019 /home/travis/build/icyphy/ptII/ptolemy/domains/continuous/test/auto/CausalityInterface7.xml
----------------- Instantiating /home/travis/build/icyphy/ptII/ptolemy/domains/continuous/test/auto/CausalityInterface7.xml
11 ms. Memory: 578560K Free: 252046K (44%)
----------------- Invoking toplevel() on ptolemy.moml.MoMLSimpleApplication@b98a0fe
----------------- Done invoking toplevel() on ptolemy.moml.MoMLSimpleApplication@b98a0fe
reloadAllAccessors: .CausalityInterface7

===========================================================================================
----------------- testing Sun Apr 28 04:07:42 UTC 2019 /home/travis/build/icyphy/ptII/ptolemy/domains/continuous/test/auto/CausalityInterface8.xml
----------------- Instantiating /home/travis/build/icyphy/ptII/ptolemy/domains/continuous/test/auto/CausalityInterface8.xml
6 ms. Memory: 578560K Free: 238899K (41%)
----------------- Invoking toplevel() on ptolemy.moml.MoMLSimpleApplication@7c7ca355
----------------- Done invoking toplevel() on ptolemy.moml.MoMLSimpleApplication@7c7ca355
reloadAllAccessors: .CausalityInterface8

===========================================================================================
----------------- testing Sun Apr 28 04:07:43 UTC 2019 /home/travis/build/icyphy/ptII/ptolemy/domains/continuous/test/auto/CausalityInterface9.xml
----------------- Instantiating /home/travis/build/icyphy/ptII/ptolemy/domains/continuous/test/auto/CausalityInterface9.xml
8 ms. Memory: 578560K Free: 222892K (39%)
----------------- Invoking toplevel() on ptolemy.moml.MoMLSimpleApplication@69e5234f
----------------- Done invoking toplevel() on ptolemy.moml.MoMLSimpleApplication@69e5234f
reloadAllAccessors: .CausalityInterface9

===========================================================================================
----------------- testing Sun Apr 28 04:07:43 UTC 2019 /home/travis/build/icyphy/ptII/ptolemy/domains/continuous/test/auto/CausalityInterfaceFeedback1.xml
----------------- Instantiating /home/travis/build/icyphy/ptII/ptolemy/domains/continuous/test/auto/CausalityInterfaceFeedback1.xml
5 ms. Memory: 578560K Free: 213061K (37%)
----------------- Invoking toplevel() on ptolemy.moml.MoMLSimpleApplication@6025714f
----------------- Done invoking toplevel() on ptolemy.moml.MoMLSimpleApplication@6025714f
reloadAllAccessors: .CausalityInterfaceFeedback1

===========================================================================================
----------------- testing Sun Apr 28 04:07:43 UTC 2019 /home/travis/build/icyphy/ptII/ptolemy/domains/continuous/test/auto/CausalityInterfaceFeedback2.xml
----------------- Instantiating /home/travis/build/icyphy/ptII/ptolemy/domains/continuous/test/auto/CausalityInterfaceFeedback2.xml
5 ms. Memory: 578560K Free: 203214K (35%)
----------------- Invoking toplevel() on ptolemy.moml.MoMLSimpleApplication@71a0bca4
----------------- Done invoking toplevel() on ptolemy.moml.MoMLSimpleApplication@71a0bca4
reloadAllAccessors: .CausalityInterfaceFeedback2

===========================================================================================
----------------- testing Sun Apr 28 04:07:43 UTC 2019 /home/travis/build/icyphy/ptII/ptolemy/domains/continuous/test/auto/CompareWithCurrentTime.xml
----------------- Instantiating /home/travis/build/icyphy/ptII/ptolemy/domains/continuous/test/auto/CompareWithCurrentTime.xml
3 ms. Memory: 578560K Free: 193778K (33%)
----------------- Invoking toplevel() on ptolemy.moml.MoMLSimpleApplication@59447cfb
----------------- Done invoking toplevel() on ptolemy.moml.MoMLSimpleApplication@59447cfb
reloadAllAccessors: .CompareWithCurrentTime

===========================================================================================
----------------- testing Sun Apr 28 04:07:43 UTC 2019 /home/travis/build/icyphy/ptII/ptolemy/domains/continuous/test/auto/ComparedClocks.xml
----------------- Instantiating /home/travis/build/icyphy/ptII/ptolemy/domains/continuous/test/auto/ComparedClocks.xml
9 ms. Memory: 578560K Free: 174101K (30%)
----------------- Invoking toplevel() on ptolemy.moml.MoMLSimpleApplication@164cf6ec
----------------- Done invoking toplevel() on ptolemy.moml.MoMLSimpleApplication@164cf6ec
reloadAllAccessors: .ComparedClocks

===========================================================================================
----------------- testing Sun Apr 28 04:07:43 UTC 2019 /home/travis/build/icyphy/ptII/ptolemy/domains/continuous/test/auto/ContinuousAOCClone.xml
----------------- Instantiating /home/travis/build/icyphy/ptII/ptolemy/domains/continuous/test/auto/ContinuousAOCClone.xml
2525 ms. Memory: 872960K Free: 428131K (49%)
----------------- Invoking toplevel() on ptolemy.moml.MoMLSimpleApplication@53c91e1
----------------- Done invoking toplevel() on ptolemy.moml.MoMLSimpleApplication@53c91e1
reloadAllAccessors: .ContinuousAOCClone

===========================================================================================
----------------- testing Sun Apr 28 04:07:45 UTC 2019 /home/travis/build/icyphy/ptII/ptolemy/domains/continuous/test/auto/ContinuousClock.xml
----------------- Instantiating /home/travis/build/icyphy/ptII/ptolemy/domains/continuous/test/auto/ContinuousClock.xml
26 ms. Memory: 872960K Free: 393887K (45%)
----------------- Invoking toplevel() on ptolemy.moml.MoMLSimpleApplication@4d5633f9
----------------- Done invoking toplevel() on ptolemy.moml.MoMLSimpleApplication@4d5633f9
reloadAllAccessors: .ContinuousClock

===========================================================================================
----------------- testing Sun Apr 28 04:07:46 UTC 2019 /home/travis/build/icyphy/ptII/ptolemy/domains/continuous/test/auto/ContinuousInContinuous.xml
----------------- Instantiating /home/travis/build/icyphy/ptII/ptolemy/domains/continuous/test/auto/ContinuousInContinuous.xml
37 ms. Memory: 872960K Free: 366363K (42%)
----------------- Invoking toplevel() on ptolemy.moml.MoMLSimpleApplication@1798fc3e
----------------- Done invoking toplevel() on ptolemy.moml.MoMLSimpleApplication@1798fc3e
reloadAllAccessors: .ContinuousInContinuous

===========================================================================================
----------------- testing Sun Apr 28 04:07:46 UTC 2019 /home/travis/build/icyphy/ptII/ptolemy/domains/continuous/test/auto/ContinuousInContinuousInContinuous.xml
----------------- Instantiating /home/travis/build/icyphy/ptII/ptolemy/domains/continuous/test/auto/ContinuousInContinuousInContinuous.xml
9 ms. Memory: 872960K Free: 354566K (41%)
----------------- Invoking toplevel() on ptolemy.moml.MoMLSimpleApplication@3cdd250d
----------------- Done invoking toplevel() on ptolemy.moml.MoMLSimpleApplication@3cdd250d
reloadAllAccessors: .ContinuousInContinuousInContinuous

===========================================================================================
----------------- testing Sun Apr 28 04:07:46 UTC 2019 /home/travis/build/icyphy/ptII/ptolemy/domains/continuous/test/auto/ContinuousInDE.xml
----------------- Instantiating /home/travis/build/icyphy/ptII/ptolemy/domains/continuous/test/auto/ContinuousInDE.xml
109 ms. Memory: 872960K Free: 335707K (38%)
----------------- Invoking toplevel() on ptolemy.moml.MoMLSimpleApplication@236cdad4
----------------- Done invoking toplevel() on ptolemy.moml.MoMLSimpleApplication@236cdad4
reloadAllAccessors: .ContinuousInDE

===========================================================================================
----------------- testing Sun Apr 28 04:07:46 UTC 2019 /home/travis/build/icyphy/ptII/ptolemy/domains/continuous/test/auto/ContinuousInDE2.xml
----------------- Instantiating /home/travis/build/icyphy/ptII/ptolemy/domains/continuous/test/auto/ContinuousInDE2.xml
43 ms. Memory: 872960K Free: 323918K (37%)
----------------- Invoking toplevel() on ptolemy.moml.MoMLSimpleApplication@6b540841
----------------- Done invoking toplevel() on ptolemy.moml.MoMLSimpleApplication@6b540841
reloadAllAccessors: .ContinuousInDE2

===========================================================================================
----------------- testing Sun Apr 28 04:07:46 UTC 2019 /home/travis/build/icyphy/ptII/ptolemy/domains/continuous/test/auto/ContinuousInDE3.xml
----------------- Instantiating /home/travis/build/icyphy/ptII/ptolemy/domains/continuous/test/auto/ContinuousInDE3.xml
36 ms. Memory: 872960K Free: 312129K (36%)
----------------- Invoking toplevel() on ptolemy.moml.MoMLSimpleApplication@5f6037e7
----------------- Done invoking toplevel() on ptolemy.moml.MoMLSimpleApplication@5f6037e7
reloadAllAccessors: .ContinuousInDE3

===========================================================================================
----------------- testing Sun Apr 28 04:07:46 UTC 2019 /home/travis/build/icyphy/ptII/ptolemy/domains/continuous/test/auto/ContinuousInDE4.xml
----------------- Instantiating /home/travis/build/icyphy/ptII/ptolemy/domains/continuous/test/auto/ContinuousInDE4.xml
10 ms. Memory: 872960K Free: 304270K (35%)
----------------- Invoking toplevel() on ptolemy.moml.MoMLSimpleApplication@afb671b
----------------- Done invoking toplevel() on ptolemy.moml.MoMLSimpleApplication@afb671b
reloadAllAccessors: .ContinuousInDE4

===========================================================================================
----------------- testing Sun Apr 28 04:07:46 UTC 2019 /home/travis/build/icyphy/ptII/ptolemy/domains/continuous/test/auto/ContinuousInDEDifferentRefinements.xml
----------------- Instantiating /home/travis/build/icyphy/ptII/ptolemy/domains/continuous/test/auto/ContinuousInDEDifferentRefinements.xml
42 ms. Memory: 872960K Free: 265706K (30%)
----------------- Invoking toplevel() on ptolemy.moml.MoMLSimpleApplication@eed5a28
----------------- Done invoking toplevel() on ptolemy.moml.MoMLSimpleApplication@eed5a28
reloadAllAccessors: .ContinuousInDEDifferentRefinements

===========================================================================================
----------------- testing Sun Apr 28 04:07:46 UTC 2019 /home/travis/build/icyphy/ptII/ptolemy/domains/continuous/test/auto/ContinuousInDEDifferentRefinementsPreemptive.xml
----------------- Instantiating /home/travis/build/icyphy/ptII/ptolemy/domains/continuous/test/auto/ContinuousInDEDifferentRefinementsPreemptive.xml
45 ms. Memory: 872960K Free: 230275K (26%)
----------------- Invoking toplevel() on ptolemy.moml.MoMLSimpleApplication@760700f5
----------------- Done invoking toplevel() on ptolemy.moml.MoMLSimpleApplication@760700f5
reloadAllAccessors: .ContinuousInDEDifferentRefinementsPreemptive

===========================================================================================
----------------- testing Sun Apr 28 04:07:46 UTC 2019 /home/travis/build/icyphy/ptII/ptolemy/domains/continuous/test/auto/ContinuousInDEInContinuous2.xml
----------------- Instantiating /home/travis/build/icyphy/ptII/ptolemy/domains/continuous/test/auto/ContinuousInDEInContinuous2.xml
36 ms. Memory: 872960K Free: 214556K (25%)
----------------- Invoking toplevel() on ptolemy.moml.MoMLSimpleApplication@3c7c50b2
----------------- Done invoking toplevel() on ptolemy.moml.MoMLSimpleApplication@3c7c50b2
reloadAllAccessors: .ContinuousInDEInContinuous2

===========================================================================================
----------------- testing Sun Apr 28 04:07:46 UTC 2019 /home/travis/build/icyphy/ptII/ptolemy/domains/continuous/test/auto/ContinuousInDEInContinuous3.xml
----------------- Instantiating /home/travis/build/icyphy/ptII/ptolemy/domains/continuous/test/auto/ContinuousInDEInContinuous3.xml
39 ms. Memory: 872960K Free: 198830K (23%)
----------------- Invoking toplevel() on ptolemy.moml.MoMLSimpleApplication@3a4774ae
----------------- Done invoking toplevel() on ptolemy.moml.MoMLSimpleApplication@3a4774ae
reloadAllAccessors: .ContinuousInDEInContinuous3

===========================================================================================
----------------- testing Sun Apr 28 04:07:46 UTC 2019 /home/travis/build/icyphy/ptII/ptolemy/domains/continuous/test/auto/ContinuousInDEInput.xml
----------------- Instantiating /home/travis/build/icyphy/ptII/ptolemy/domains/continuous/test/auto/ContinuousInDEInput.xml
20 ms. Memory: 872960K Free: 183900K (21%)
----------------- Invoking toplevel() on ptolemy.moml.MoMLSimpleApplication@15ce2c1d
----------------- Done invoking toplevel() on ptolemy.moml.MoMLSimpleApplication@15ce2c1d
reloadAllAccessors: .ContinuousInDEInput

===========================================================================================
----------------- testing Sun Apr 28 04:07:46 UTC 2019 /home/travis/build/icyphy/ptII/ptolemy/domains/continuous/test/auto/ContinuousInDEInput2.xml
----------------- Instantiating /home/travis/build/icyphy/ptII/ptolemy/domains/continuous/test/auto/ContinuousInDEInput2.xml
22 ms. Memory: 872960K Free: 172111K (20%)
----------------- Invoking toplevel() on ptolemy.moml.MoMLSimpleApplication@6645bb9f
----------------- Done invoking toplevel() on ptolemy.moml.MoMLSimpleApplication@6645bb9f
reloadAllAccessors: .ContinuousInDEInput2

===========================================================================================
----------------- testing Sun Apr 28 04:07:46 UTC 2019 /home/travis/build/icyphy/ptII/ptolemy/domains/continuous/test/auto/ContinuousInDEInput3.xml
----------------- Instantiating /home/travis/build/icyphy/ptII/ptolemy/domains/continuous/test/auto/ContinuousInDEInput3.xml
16 ms. Memory: 872960K Free: 160306K (18%)
----------------- Invoking toplevel() on ptolemy.moml.MoMLSimpleApplication@47924d2e
----------------- Done invoking toplevel() on ptolemy.moml.MoMLSimpleApplication@47924d2e
reloadAllAccessors: .ContinuousInDEInput3

===========================================================================================
----------------- testing Sun Apr 28 04:07:46 UTC 2019 /home/travis/build/icyphy/ptII/ptolemy/domains/continuous/test/auto/ContinuousInDESharingRefinement.xml
----------------- Instantiating /home/travis/build/icyphy/ptII/ptolemy/domains/continuous/test/auto/ContinuousInDESharingRefinement.xml
159 ms. Memory: 873472K Free: 847086K (97%)
----------------- Invoking toplevel() on ptolemy.moml.MoMLSimpleApplication@77070a99
----------------- Done invoking toplevel() on ptolemy.moml.MoMLSimpleApplication@77070a99
reloadAllAccessors: .ContinuousInDESharingRefinement

===========================================================================================
----------------- testing Sun Apr 28 04:07:47 UTC 2019 /home/travis/build/icyphy/ptII/ptolemy/domains/continuous/test/auto/ContinuousInDEwithNoPorts.xml
----------------- Instantiating /home/travis/build/icyphy/ptII/ptolemy/domains/continuous/test/auto/ContinuousInDEwithNoPorts.xml
3 ms. Memory: 873472K Free: 835075K (96%)
----------------- Invoking toplevel() on ptolemy.moml.MoMLSimpleApplication@2d9b3b10
----------------- Done invoking toplevel() on ptolemy.moml.MoMLSimpleApplication@2d9b3b10
reloadAllAccessors: .ContinuousInDEwithNoPorts

===========================================================================================
----------------- testing Sun Apr 28 04:07:47 UTC 2019 /home/travis/build/icyphy/ptII/ptolemy/domains/continuous/test/auto/ContinuousInsideDE.xml
----------------- Instantiating /home/travis/build/icyphy/ptII/ptolemy/domains/continuous/test/auto/ContinuousInsideDE.xml
50 ms. Memory: 873472K Free: 815427K (93%)
----------------- Invoking toplevel() on ptolemy.moml.MoMLSimpleApplication@57f8a247
----------------- Done invoking toplevel() on ptolemy.moml.MoMLSimpleApplication@57f8a247
reloadAllAccessors: .ContinuousInsideDE

===========================================================================================
----------------- testing Sun Apr 28 04:07:47 UTC 2019 /home/travis/build/icyphy/ptII/ptolemy/domains/continuous/test/auto/ContinuousMerge1.xml
----------------- Instantiating /home/travis/build/icyphy/ptII/ptolemy/domains/continuous/test/auto/ContinuousMerge1.xml
2 ms. Memory: 873472K Free: 805459K (92%)
----------------- Invoking toplevel() on ptolemy.moml.MoMLSimpleApplication@69a6867f
----------------- Done invoking toplevel() on ptolemy.moml.MoMLSimpleApplication@69a6867f
reloadAllAccessors: .ContinuousMerge1

===========================================================================================
----------------- testing Sun Apr 28 04:07:47 UTC 2019 /home/travis/build/icyphy/ptII/ptolemy/domains/continuous/test/auto/ContinuousMerge2.xml
----------------- Instantiating /home/travis/build/icyphy/ptII/ptolemy/domains/continuous/test/auto/ContinuousMerge2.xml
11 ms. Memory: 873472K Free: 789561K (90%)
----------------- Invoking toplevel() on ptolemy.moml.MoMLSimpleApplication@60913c4d
----------------- Done invoking toplevel() on ptolemy.moml.MoMLSimpleApplication@60913c4d
reloadAllAccessors: .ContinuousMerge2

===========================================================================================
----------------- testing Sun Apr 28 04:07:47 UTC 2019 /home/travis/build/icyphy/ptII/ptolemy/domains/continuous/test/auto/ContinuousMerge3.xml
----------------- Instantiating /home/travis/build/icyphy/ptII/ptolemy/domains/continuous/test/auto/ContinuousMerge3.xml
44 ms. Memory: 873472K Free: 773843K (89%)
----------------- Invoking toplevel() on ptolemy.moml.MoMLSimpleApplication@4ed78b43
----------------- Done invoking toplevel() on ptolemy.moml.MoMLSimpleApplication@4ed78b43
reloadAllAccessors: .ContinuousMerge3

===========================================================================================
----------------- testing Sun Apr 28 04:07:47 UTC 2019 /home/travis/build/icyphy/ptII/ptolemy/domains/continuous/test/auto/ContinuousWithinContinuous.xml
----------------- Instantiating /home/travis/build/icyphy/ptII/ptolemy/domains/continuous/test/auto/ContinuousWithinContinuous.xml
34 ms. Memory: 873472K Free: 755999K (87%)
----------------- Invoking toplevel() on ptolemy.moml.MoMLSimpleApplication@15d11e6d
----------------- Done invoking toplevel() on ptolemy.moml.MoMLSimpleApplication@15d11e6d
reloadAllAccessors: .ContinuousWithinContinuous

===========================================================================================
----------------- testing Sun Apr 28 04:07:47 UTC 2019 /home/travis/build/icyphy/ptII/ptolemy/domains/continuous/test/auto/ContinuousWithinContinuous2.xml
----------------- Instantiating /home/travis/build/icyphy/ptII/ptolemy/domains/continuous/test/auto/ContinuousWithinContinuous2.xml
60 ms. Memory: 873472K Free: 744211K (85%)
----------------- Invoking toplevel() on ptolemy.moml.MoMLSimpleApplication@1e23faaa
----------------- Done invoking toplevel() on ptolemy.moml.MoMLSimpleApplication@1e23faaa
reloadAllAccessors: .ContinuousWithinContinuous2

===========================================================================================
----------------- testing Sun Apr 28 04:07:47 UTC 2019 /home/travis/build/icyphy/ptII/ptolemy/domains/continuous/test/auto/ContinuousWithinContinuous3.xml
----------------- Instantiating /home/travis/build/icyphy/ptII/ptolemy/domains/continuous/test/auto/ContinuousWithinContinuous3.xml
12 ms. Memory: 873472K Free: 730297K (84%)
----------------- Invoking toplevel() on ptolemy.moml.MoMLSimpleApplication@2135d0fa
----------------- Done invoking toplevel() on ptolemy.moml.MoMLSimpleApplication@2135d0fa
reloadAllAccessors: .ContinuousWithinContinuous3

===========================================================================================
----------------- testing Sun Apr 28 04:07:47 UTC 2019 /home/travis/build/icyphy/ptII/ptolemy/domains/continuous/test/auto/ContinuousWithinContinuous4.xml
----------------- Instantiating /home/travis/build/icyphy/ptII/ptolemy/domains/continuous/test/auto/ContinuousWithinContinuous4.xml
73 ms. Memory: 873472K Free: 714578K (82%)
----------------- Invoking toplevel() on ptolemy.moml.MoMLSimpleApplication@308e7921
----------------- Done invoking toplevel() on ptolemy.moml.MoMLSimpleApplication@308e7921
reloadAllAccessors: .ContinuousWithinContinuous4

===========================================================================================
----------------- testing Sun Apr 28 04:07:47 UTC 2019 /home/travis/build/icyphy/ptII/ptolemy/domains/continuous/test/auto/ContinuousWithinContinuous5.xml
----------------- Instantiating /home/travis/build/icyphy/ptII/ptolemy/domains/continuous/test/auto/ContinuousWithinContinuous5.xml
12 ms. Memory: 873472K Free: 702773K (80%)
----------------- Invoking toplevel() on ptolemy.moml.MoMLSimpleApplication@7b0392c9
----------------- Done invoking toplevel() on ptolemy.moml.MoMLSimpleApplication@7b0392c9
reloadAllAccessors: .ContinuousWithinContinuous5

===========================================================================================
----------------- testing Sun Apr 28 04:07:47 UTC 2019 /home/travis/build/icyphy/ptII/ptolemy/domains/continuous/test/auto/ContinuousWithinContinuous6.xml
----------------- Instantiating /home/travis/build/icyphy/ptII/ptolemy/domains/continuous/test/auto/ContinuousWithinContinuous6.xml
12 ms. Memory: 873472K Free: 688860K (79%)
----------------- Invoking toplevel() on ptolemy.moml.MoMLSimpleApplication@29336c96
----------------- Done invoking toplevel() on ptolemy.moml.MoMLSimpleApplication@29336c96
reloadAllAccessors: .ContinuousWithinContinuous6

===========================================================================================
----------------- testing Sun Apr 28 04:07:47 UTC 2019 /home/travis/build/icyphy/ptII/ptolemy/domains/continuous/test/auto/ContinuousWithinContinuous7.xml
----------------- Instantiating /home/travis/build/icyphy/ptII/ptolemy/domains/continuous/test/auto/ContinuousWithinContinuous7.xml
59 ms. Memory: 873472K Free: 677071K (78%)
----------------- Invoking toplevel() on ptolemy.moml.MoMLSimpleApplication@13a8884d
----------------- Done invoking toplevel() on ptolemy.moml.MoMLSimpleApplication@13a8884d
reloadAllAccessors: .ContinuousWithinContinuous7

===========================================================================================
----------------- testing Sun Apr 28 04:07:47 UTC 2019 /home/travis/build/icyphy/ptII/ptolemy/domains/continuous/test/auto/DCMotor.xml
----------------- Instantiating /home/travis/build/icyphy/ptII/ptolemy/domains/continuous/test/auto/DCMotor.xml
12449 ms. Memory: 734720K Free: 165374K (23%)
----------------- Invoking toplevel() on ptolemy.moml.MoMLSimpleApplication@213a7c43
----------------- Done invoking toplevel() on ptolemy.moml.MoMLSimpleApplication@213a7c43
reloadAllAccessors: .DCMotor

===========================================================================================
----------------- testing Sun Apr 28 04:08:00 UTC 2019 /home/travis/build/icyphy/ptII/ptolemy/domains/continuous/test/auto/DEInContinuous.xml
----------------- Instantiating /home/travis/build/icyphy/ptII/ptolemy/domains/continuous/test/auto/DEInContinuous.xml
26 ms. Memory: 734720K Free: 149394K (20%)
----------------- Invoking toplevel() on ptolemy.moml.MoMLSimpleApplication@5ef65036
----------------- Done invoking toplevel() on ptolemy.moml.MoMLSimpleApplication@5ef65036
reloadAllAccessors: .DEInContinuous

===========================================================================================
----------------- testing Sun Apr 28 04:08:00 UTC 2019 /home/travis/build/icyphy/ptII/ptolemy/domains/continuous/test/auto/DEinContinuous2.xml
----------------- Instantiating /home/travis/build/icyphy/ptII/ptolemy/domains/continuous/test/auto/DEinContinuous2.xml
8 ms. Memory: 734720K Free: 135257K (18%)
----------------- Invoking toplevel() on ptolemy.moml.MoMLSimpleApplication@6fbf4a1b
----------------- Done invoking toplevel() on ptolemy.moml.MoMLSimpleApplication@6fbf4a1b
reloadAllAccessors: .DEinContinuous2

===========================================================================================
----------------- testing Sun Apr 28 04:08:00 UTC 2019 /home/travis/build/icyphy/ptII/ptolemy/domains/continuous/test/auto/Derivative.xml
----------------- Instantiating /home/travis/build/icyphy/ptII/ptolemy/domains/continuous/test/auto/Derivative.xml
171 ms. Memory: 734720K Free: 95197K (13%)
----------------- Invoking toplevel() on ptolemy.moml.MoMLSimpleApplication@4898354f
----------------- Done invoking toplevel() on ptolemy.moml.MoMLSimpleApplication@4898354f
reloadAllAccessors: .Derivative2

===========================================================================================
----------------- testing Sun Apr 28 04:08:00 UTC 2019 /home/travis/build/icyphy/ptII/ptolemy/domains/continuous/test/auto/Derivative1.xml
----------------- Instantiating /home/travis/build/icyphy/ptII/ptolemy/domains/continuous/test/auto/Derivative1.xml
33 ms. Memory: 734720K Free: 75782K (10%)
----------------- Invoking toplevel() on ptolemy.moml.MoMLSimpleApplication@3b694a76
----------------- Done invoking toplevel() on ptolemy.moml.MoMLSimpleApplication@3b694a76
reloadAllAccessors: .Derivative1

===========================================================================================
----------------- testing Sun Apr 28 04:08:00 UTC 2019 /home/travis/build/icyphy/ptII/ptolemy/domains/continuous/test/auto/DiscreteClock.xml
----------------- Instantiating /home/travis/build/icyphy/ptII/ptolemy/domains/continuous/test/auto/DiscreteClock.xml
6 ms. Memory: 697344K Free: 671248K (96%)
----------------- Invoking toplevel() on ptolemy.moml.MoMLSimpleApplication@25237d84
----------------- Done invoking toplevel() on ptolemy.moml.MoMLSimpleApplication@25237d84
reloadAllAccessors: .DiscreteClock

===========================================================================================
----------------- testing Sun Apr 28 04:08:00 UTC 2019 /home/travis/build/icyphy/ptII/ptolemy/domains/continuous/test/auto/EfficiencyCurve.xml
----------------- Instantiating /home/travis/build/icyphy/ptII/ptolemy/domains/continuous/test/auto/EfficiencyCurve.xml
40 ms. Memory: 697344K Free: 657355K (94%)
----------------- Invoking toplevel() on ptolemy.moml.MoMLSimpleApplication@757b8622
----------------- Done invoking toplevel() on ptolemy.moml.MoMLSimpleApplication@757b8622
reloadAllAccessors: .EfficiencyCurve

===========================================================================================
----------------- testing Sun Apr 28 04:08:00 UTC 2019 /home/travis/build/icyphy/ptII/ptolemy/domains/continuous/test/auto/ExponentialResponse.xml
----------------- Instantiating /home/travis/build/icyphy/ptII/ptolemy/domains/continuous/test/auto/ExponentialResponse.xml
105 ms. Memory: 697344K Free: 625789K (90%)
----------------- Invoking toplevel() on ptolemy.moml.MoMLSimpleApplication@7f7c0041
----------------- Done invoking toplevel() on ptolemy.moml.MoMLSimpleApplication@7f7c0041
reloadAllAccessors: .ExponentialResponse

===========================================================================================
----------------- testing Sun Apr 28 04:08:00 UTC 2019 /home/travis/build/icyphy/ptII/ptolemy/domains/continuous/test/auto/ExponentialResponseRK45.xml
----------------- Instantiating /home/travis/build/icyphy/ptII/ptolemy/domains/continuous/test/auto/ExponentialResponseRK45.xml
23 ms. Memory: 697344K Free: 612701K (88%)
----------------- Invoking toplevel() on ptolemy.moml.MoMLSimpleApplication@640a52f2
----------------- Done invoking toplevel() on ptolemy.moml.MoMLSimpleApplication@640a52f2
reloadAllAccessors: .ExponentialResponseRK45

===========================================================================================
----------------- testing Sun Apr 28 04:08:00 UTC 2019 /home/travis/build/icyphy/ptII/ptolemy/domains/continuous/test/auto/Friction.xml
----------------- Instantiating /home/travis/build/icyphy/ptII/ptolemy/domains/continuous/test/auto/Friction.xml
1359 ms. Memory: 697344K Free: 161751K (23%)
----------------- Invoking toplevel() on ptolemy.moml.MoMLSimpleApplication@13842076
----------------- Done invoking toplevel() on ptolemy.moml.MoMLSimpleApplication@13842076
reloadAllAccessors: .Friction

===========================================================================================
----------------- testing Sun Apr 28 04:08:02 UTC 2019 /home/travis/build/icyphy/ptII/ptolemy/domains/continuous/test/auto/FurutaPendulum.xml
----------------- Instantiating /home/travis/build/icyphy/ptII/ptolemy/domains/continuous/test/auto/FurutaPendulum.xml
3052 ms. Memory: 674816K Free: 260276K (39%)
----------------- Invoking toplevel() on ptolemy.moml.MoMLSimpleApplication@54edf275
----------------- Done invoking toplevel() on ptolemy.moml.MoMLSimpleApplication@54edf275
reloadAllAccessors: .FurutaPendulum

===========================================================================================
----------------- testing Sun Apr 28 04:08:05 UTC 2019 /home/travis/build/icyphy/ptII/ptolemy/domains/continuous/test/auto/HierarchicalExecution.xml
----------------- Instantiating /home/travis/build/icyphy/ptII/ptolemy/domains/continuous/test/auto/HierarchicalExecution.xml
1629 ms. Memory: 647168K Free: 502751K (78%)
----------------- Invoking toplevel() on ptolemy.moml.MoMLSimpleApplication@6ae36dd2
----------------- Done invoking toplevel() on ptolemy.moml.MoMLSimpleApplication@6ae36dd2
reloadAllAccessors: .HierarchicalExecution

===========================================================================================
----------------- testing Sun Apr 28 04:08:07 UTC 2019 /home/travis/build/icyphy/ptII/ptolemy/domains/continuous/test/auto/HybridPlant.xml
----------------- Instantiating /home/travis/build/icyphy/ptII/ptolemy/domains/continuous/test/auto/HybridPlant.xml
556 ms. Memory: 647168K Free: 227050K (35%)
----------------- Invoking toplevel() on ptolemy.moml.MoMLSimpleApplication@44b3fd3
----------------- Done invoking toplevel() on ptolemy.moml.MoMLSimpleApplication@44b3fd3
reloadAllAccessors: .HybridPlant

===========================================================================================
----------------- testing Sun Apr 28 04:08:08 UTC 2019 /home/travis/build/icyphy/ptII/ptolemy/domains/continuous/test/auto/Hysteresis.xml
----------------- Instantiating /home/travis/build/icyphy/ptII/ptolemy/domains/continuous/test/auto/Hysteresis.xml
132 ms. Memory: 647168K Free: 158816K (25%)
----------------- Invoking toplevel() on ptolemy.moml.MoMLSimpleApplication@950c2b5
----------------- Done invoking toplevel() on ptolemy.moml.MoMLSimpleApplication@950c2b5
reloadAllAccessors: .Hysteresis

===========================================================================================
----------------- testing Sun Apr 28 04:08:08 UTC 2019 /home/travis/build/icyphy/ptII/ptolemy/domains/continuous/test/auto/HysteresisWithRandomDelay.xml
----------------- Instantiating /home/travis/build/icyphy/ptII/ptolemy/domains/continuous/test/auto/HysteresisWithRandomDelay.xml
161 ms. Memory: 647168K Free: 82515K (13%)
----------------- Invoking toplevel() on ptolemy.moml.MoMLSimpleApplication@47ade7ce
----------------- Done invoking toplevel() on ptolemy.moml.MoMLSimpleApplication@47ade7ce
reloadAllAccessors: .HysteresisWithRandomDelay

===========================================================================================
----------------- testing Sun Apr 28 04:08:08 UTC 2019 /home/travis/build/icyphy/ptII/ptolemy/domains/continuous/test/auto/HysteresisWithRandomLosses.xml
----------------- Instantiating /home/travis/build/icyphy/ptII/ptolemy/domains/continuous/test/auto/HysteresisWithRandomLosses.xml
2171 ms. Memory: 589824K Free: 349401K (59%)
----------------- Invoking toplevel() on ptolemy.moml.MoMLSimpleApplication@31f39735
----------------- Done invoking toplevel() on ptolemy.moml.MoMLSimpleApplication@31f39735
reloadAllAccessors: .HysteresisWithRandomLosses

===========================================================================================
----------------- testing Sun Apr 28 04:08:10 UTC 2019 /home/travis/build/icyphy/ptII/ptolemy/domains/continuous/test/auto/ImmediateTransitions.xml
----------------- Instantiating /home/travis/build/icyphy/ptII/ptolemy/domains/continuous/test/auto/ImmediateTransitions.xml
21 ms. Memory: 589824K Free: 337395K (57%)
----------------- Invoking toplevel() on ptolemy.moml.MoMLSimpleApplication@1d48d29c
----------------- Done invoking toplevel() on ptolemy.moml.MoMLSimpleApplication@1d48d29c
reloadAllAccessors: .ImmediateTransitions

===========================================================================================
----------------- testing Sun Apr 28 04:08:10 UTC 2019 /home/travis/build/icyphy/ptII/ptolemy/domains/continuous/test/auto/ImpulseFeedback.xml
----------------- Instantiating /home/travis/build/icyphy/ptII/ptolemy/domains/continuous/test/auto/ImpulseFeedback.xml
7 ms. Memory: 589824K Free: 326160K (55%)
----------------- Invoking toplevel() on ptolemy.moml.MoMLSimpleApplication@1696704d
----------------- Done invoking toplevel() on ptolemy.moml.MoMLSimpleApplication@1696704d
reloadAllAccessors: .ImpulseFeedback

===========================================================================================
----------------- testing Sun Apr 28 04:08:10 UTC 2019 /home/travis/build/icyphy/ptII/ptolemy/domains/continuous/test/auto/ImpulseFeedback2.xml
----------------- Instantiating /home/travis/build/icyphy/ptII/ptolemy/domains/continuous/test/auto/ImpulseFeedback2.xml
8 ms. Memory: 589824K Free: 315135K (53%)
----------------- Invoking toplevel() on ptolemy.moml.MoMLSimpleApplication@43f94388
----------------- Done invoking toplevel() on ptolemy.moml.MoMLSimpleApplication@43f94388
reloadAllAccessors: .ImpulseFeedback2

===========================================================================================
----------------- testing Sun Apr 28 04:08:10 UTC 2019 /home/travis/build/icyphy/ptII/ptolemy/domains/continuous/test/auto/IncreasingRatePoisson.xml
----------------- Instantiating /home/travis/build/icyphy/ptII/ptolemy/domains/continuous/test/auto/IncreasingRatePoisson.xml
662 ms. Memory: 574464K Free: 494622K (86%)
----------------- Invoking toplevel() on ptolemy.moml.MoMLSimpleApplication@28646545
----------------- Done invoking toplevel() on ptolemy.moml.MoMLSimpleApplication@28646545
reloadAllAccessors: .IncreasingRatePoisson

===========================================================================================
----------------- testing Sun Apr 28 04:08:11 UTC 2019 /home/travis/build/icyphy/ptII/ptolemy/domains/continuous/test/auto/InitialStateFeedback.xml
----------------- Instantiating /home/travis/build/icyphy/ptII/ptolemy/domains/continuous/test/auto/InitialStateFeedback.xml
4 ms. Memory: 574464K Free: 485566K (85%)
----------------- Invoking toplevel() on ptolemy.moml.MoMLSimpleApplication@491d9edc
----------------- Done invoking toplevel() on ptolemy.moml.MoMLSimpleApplication@491d9edc
reloadAllAccessors: .InitialStateFeedback

===========================================================================================
----------------- testing Sun Apr 28 04:08:11 UTC 2019 /home/travis/build/icyphy/ptII/ptolemy/domains/continuous/test/auto/Integration.xml
----------------- Instantiating /home/travis/build/icyphy/ptII/ptolemy/domains/continuous/test/auto/Integration.xml
6 ms. Memory: 574464K Free: 478188K (83%)
----------------- Invoking toplevel() on ptolemy.moml.MoMLSimpleApplication@53e8508b
----------------- Done invoking toplevel() on ptolemy.moml.MoMLSimpleApplication@53e8508b
reloadAllAccessors: .Integration

===========================================================================================
----------------- testing Sun Apr 28 04:08:11 UTC 2019 /home/travis/build/icyphy/ptII/ptolemy/domains/continuous/test/auto/Integration2.xml
----------------- Instantiating /home/travis/build/icyphy/ptII/ptolemy/domains/continuous/test/auto/Integration2.xml
79 ms. Memory: 574464K Free: 458027K (80%)
----------------- Invoking toplevel() on ptolemy.moml.MoMLSimpleApplication@73aaa1a
----------------- Done invoking toplevel() on ptolemy.moml.MoMLSimpleApplication@73aaa1a
reloadAllAccessors: .Integration2

===========================================================================================
----------------- testing Sun Apr 28 04:08:11 UTC 2019 /home/travis/build/icyphy/ptII/ptolemy/domains/continuous/test/auto/Integration3.xml
----------------- Instantiating /home/travis/build/icyphy/ptII/ptolemy/domains/continuous/test/auto/Integration3.xml
2 ms. Memory: 574464K Free: 450649K (78%)
----------------- Invoking toplevel() on ptolemy.moml.MoMLSimpleApplication@35dc3562
----------------- Done invoking toplevel() on ptolemy.moml.MoMLSimpleApplication@35dc3562
reloadAllAccessors: .Integration3

===========================================================================================
----------------- testing Sun Apr 28 04:08:11 UTC 2019 /home/travis/build/icyphy/ptII/ptolemy/domains/continuous/test/auto/Integration5.xml
----------------- Instantiating /home/travis/build/icyphy/ptII/ptolemy/domains/continuous/test/auto/Integration5.xml
1 ms. Memory: 574464K Free: 443425K (77%)
----------------- Invoking toplevel() on ptolemy.moml.MoMLSimpleApplication@15f74f8d
----------------- Done invoking toplevel() on ptolemy.moml.MoMLSimpleApplication@15f74f8d
reloadAllAccessors: .Integration5

===========================================================================================
----------------- testing Sun Apr 28 04:08:11 UTC 2019 /home/travis/build/icyphy/ptII/ptolemy/domains/continuous/test/auto/IntegratorImpulse.xml
----------------- Instantiating /home/travis/build/icyphy/ptII/ptolemy/domains/continuous/test/auto/IntegratorImpulse.xml
2 ms. Memory: 574464K Free: 436048K (76%)
----------------- Invoking toplevel() on ptolemy.moml.MoMLSimpleApplication@188c35f7
----------------- Done invoking toplevel() on ptolemy.moml.MoMLSimpleApplication@188c35f7
reloadAllAccessors: .IntegratorImpulse

===========================================================================================
----------------- testing Sun Apr 28 04:08:11 UTC 2019 /home/travis/build/icyphy/ptII/ptolemy/domains/continuous/test/auto/IntegratorImpulse2.xml
----------------- Instantiating /home/travis/build/icyphy/ptII/ptolemy/domains/continuous/test/auto/IntegratorImpulse2.xml
3 ms. Memory: 574464K Free: 428670K (75%)
----------------- Invoking toplevel() on ptolemy.moml.MoMLSimpleApplication@1c83cf17
----------------- Done invoking toplevel() on ptolemy.moml.MoMLSimpleApplication@1c83cf17
reloadAllAccessors: .IntegratorImpulse2

===========================================================================================
----------------- testing Sun Apr 28 04:08:11 UTC 2019 /home/travis/build/icyphy/ptII/ptolemy/domains/continuous/test/auto/LevelCrossing1.xml
----------------- Instantiating /home/travis/build/icyphy/ptII/ptolemy/domains/continuous/test/auto/LevelCrossing1.xml
2 ms. Memory: 574464K Free: 418216K (73%)
----------------- Invoking toplevel() on ptolemy.moml.MoMLSimpleApplication@5723d8d8
----------------- Done invoking toplevel() on ptolemy.moml.MoMLSimpleApplication@5723d8d8
reloadAllAccessors: .LevelCrossing1

===========================================================================================
----------------- testing Sun Apr 28 04:08:11 UTC 2019 /home/travis/build/icyphy/ptII/ptolemy/domains/continuous/test/auto/LevelCrossing2.xml
----------------- Instantiating /home/travis/build/icyphy/ptII/ptolemy/domains/continuous/test/auto/LevelCrossing2.xml
3 ms. Memory: 574464K Free: 407609K (71%)
----------------- Invoking toplevel() on ptolemy.moml.MoMLSimpleApplication@449a5fb7
----------------- Done invoking toplevel() on ptolemy.moml.MoMLSimpleApplication@449a5fb7
reloadAllAccessors: .LevelCrossing2

===========================================================================================
----------------- testing Sun Apr 28 04:08:11 UTC 2019 /home/travis/build/icyphy/ptII/ptolemy/domains/continuous/test/auto/LevelCrossing3.xml
----------------- Instantiating /home/travis/build/icyphy/ptII/ptolemy/domains/continuous/test/auto/LevelCrossing3.xml
3 ms. Memory: 574464K Free: 397003K (69%)
----------------- Invoking toplevel() on ptolemy.moml.MoMLSimpleApplication@7b37919
----------------- Done invoking toplevel() on ptolemy.moml.MoMLSimpleApplication@7b37919
reloadAllAccessors: .LevelCrossing3

===========================================================================================
----------------- testing Sun Apr 28 04:08:11 UTC 2019 /home/travis/build/icyphy/ptII/ptolemy/domains/continuous/test/auto/LevelCrossing4.xml
----------------- Instantiating /home/travis/build/icyphy/ptII/ptolemy/domains/continuous/test/auto/LevelCrossing4.xml
3 ms. Memory: 574464K Free: 386533K (67%)
----------------- Invoking toplevel() on ptolemy.moml.MoMLSimpleApplication@525001a3
----------------- Done invoking toplevel() on ptolemy.moml.MoMLSimpleApplication@525001a3
reloadAllAccessors: .LevelCrossing4

===========================================================================================
----------------- testing Sun Apr 28 04:08:11 UTC 2019 /home/travis/build/icyphy/ptII/ptolemy/domains/continuous/test/auto/LevelCrossing5.xml
----------------- Instantiating /home/travis/build/icyphy/ptII/ptolemy/domains/continuous/test/auto/LevelCrossing5.xml
3 ms. Memory: 574464K Free: 375927K (65%)
----------------- Invoking toplevel() on ptolemy.moml.MoMLSimpleApplication@438c9b63
----------------- Done invoking toplevel() on ptolemy.moml.MoMLSimpleApplication@438c9b63
reloadAllAccessors: .LevelCrossing5

===========================================================================================
[...]
6 ms. Memory: 501248K Free: 375218K (75%)
----------------- Invoking toplevel() on ptolemy.moml.MoMLSimpleApplication@4c7d378d
----------------- Done invoking toplevel() on ptolemy.moml.MoMLSimpleApplication@4c7d378d
reloadAllAccessors: .SRinContinuous

===========================================================================================
----------------- testing Sun Apr 28 04:08:27 UTC 2019 /home/travis/build/icyphy/ptII/ptolemy/domains/continuous/test/auto/SampledClocks.xml
----------------- Instantiating /home/travis/build/icyphy/ptII/ptolemy/domains/continuous/test/auto/SampledClocks.xml
4 ms. Memory: 501248K Free: 359927K (72%)
----------------- Invoking toplevel() on ptolemy.moml.MoMLSimpleApplication@7a9b6796
----------------- Done invoking toplevel() on ptolemy.moml.MoMLSimpleApplication@7a9b6796
reloadAllAccessors: .SampledClocks

===========================================================================================
----------------- testing Sun Apr 28 04:08:27 UTC 2019 /home/travis/build/icyphy/ptII/ptolemy/domains/continuous/test/auto/Satellite.xml
----------------- Instantiating /home/travis/build/icyphy/ptII/ptolemy/domains/continuous/test/auto/Satellite.xml
791 ms. Memory: 501248K Free: 179896K (36%)
----------------- Invoking toplevel() on ptolemy.moml.MoMLSimpleApplication@32522c2a
----------------- Done invoking toplevel() on ptolemy.moml.MoMLSimpleApplication@32522c2a
reloadAllAccessors: .Satellite

===========================================================================================
----------------- testing Sun Apr 28 04:08:28 UTC 2019 /home/travis/build/icyphy/ptII/ptolemy/domains/continuous/test/auto/SigmaDelta.xml
----------------- Instantiating /home/travis/build/icyphy/ptII/ptolemy/domains/continuous/test/auto/SigmaDelta.xml
2021 ms. Memory: 481792K Free: 191065K (40%)
----------------- Invoking toplevel() on ptolemy.moml.MoMLSimpleApplication@11f44ced
----------------- Done invoking toplevel() on ptolemy.moml.MoMLSimpleApplication@11f44ced
reloadAllAccessors: .SigmaDelta

===========================================================================================
----------------- testing Sun Apr 28 04:08:30 UTC 2019 /home/travis/build/icyphy/ptII/ptolemy/domains/continuous/test/auto/SingleRefinement.xml
----------------- Instantiating /home/travis/build/icyphy/ptII/ptolemy/domains/continuous/test/auto/SingleRefinement.xml
309 ms. Memory: 457216K Free: 372403K (81%)
----------------- Invoking toplevel() on ptolemy.moml.MoMLSimpleApplication@22fe86d4
----------------- Done invoking toplevel() on ptolemy.moml.MoMLSimpleApplication@22fe86d4
reloadAllAccessors: .SingleRefinement

===========================================================================================
----------------- testing Sun Apr 28 04:08:31 UTC 2019 /home/travis/build/icyphy/ptII/ptolemy/domains/continuous/test/auto/SinuBouncingBall.xml
----------------- Instantiating /home/travis/build/icyphy/ptII/ptolemy/domains/continuous/test/auto/SinuBouncingBall.xml
764 ms. Memory: 457216K Free: 151988K (33%)
----------------- Invoking toplevel() on ptolemy.moml.MoMLSimpleApplication@32fab34e
----------------- Done invoking toplevel() on ptolemy.moml.MoMLSimpleApplication@32fab34e
reloadAllAccessors: .SinuBouncingBall

===========================================================================================
----------------- testing Sun Apr 28 04:08:32 UTC 2019 /home/travis/build/icyphy/ptII/ptolemy/domains/continuous/test/auto/Sinusoid.xml
----------------- Instantiating /home/travis/build/icyphy/ptII/ptolemy/domains/continuous/test/auto/Sinusoid.xml
4 ms. Memory: 457216K Free: 145433K (32%)
----------------- Invoking toplevel() on ptolemy.moml.MoMLSimpleApplication@57e504ad
----------------- Done invoking toplevel() on ptolemy.moml.MoMLSimpleApplication@57e504ad
reloadAllAccessors: .Sinusoid

===========================================================================================
----------------- testing Sun Apr 28 04:08:32 UTC 2019 /home/travis/build/icyphy/ptII/ptolemy/domains/continuous/test/auto/SinusoidInNoise.xml
----------------- Instantiating /home/travis/build/icyphy/ptII/ptolemy/domains/continuous/test/auto/SinusoidInNoise.xml
894 ms. Memory: 440832K Free: 300325K (68%)
----------------- Invoking toplevel() on ptolemy.moml.MoMLSimpleApplication@76c3f71b
----------------- Done invoking toplevel() on ptolemy.moml.MoMLSimpleApplication@76c3f71b
reloadAllAccessors: .SinusoidInNoise

===========================================================================================
----------------- testing Sun Apr 28 04:08:33 UTC 2019 /home/travis/build/icyphy/ptII/ptolemy/domains/continuous/test/auto/SinusoidRK45.xml
----------------- Instantiating /home/travis/build/icyphy/ptII/ptolemy/domains/continuous/test/auto/SinusoidRK45.xml
2 ms. Memory: 440832K Free: 292981K (66%)
----------------- Invoking toplevel() on ptolemy.moml.MoMLSimpleApplication@7fffa836
----------------- Done invoking toplevel() on ptolemy.moml.MoMLSimpleApplication@7fffa836
reloadAllAccessors: .SinusoidRK45

===========================================================================================
----------------- testing Sun Apr 28 04:08:33 UTC 2019 /home/travis/build/icyphy/ptII/ptolemy/domains/continuous/test/auto/SinusoidWithMultipleImpulses.xml
----------------- Instantiating /home/travis/build/icyphy/ptII/ptolemy/domains/continuous/test/auto/SinusoidWithMultipleImpulses.xml
3 ms. Memory: 440832K Free: 286649K (65%)
----------------- Invoking toplevel() on ptolemy.moml.MoMLSimpleApplication@75f845b4
----------------- Done invoking toplevel() on ptolemy.moml.MoMLSimpleApplication@75f845b4
reloadAllAccessors: .SinusoidWithMultipleImpulses

===========================================================================================
----------------- testing Sun Apr 28 04:08:33 UTC 2019 /home/travis/build/icyphy/ptII/ptolemy/domains/continuous/test/auto/SquareWave.xml
----------------- Instantiating /home/travis/build/icyphy/ptII/ptolemy/domains/continuous/test/auto/SquareWave.xml
156 ms. Memory: 440832K Free: 253499K (58%)
----------------- Invoking toplevel() on ptolemy.moml.MoMLSimpleApplication@4b2c99a9
----------------- Done invoking toplevel() on ptolemy.moml.MoMLSimpleApplication@4b2c99a9
reloadAllAccessors: .SquareWave

===========================================================================================
----------------- testing Sun Apr 28 04:08:33 UTC 2019 /home/travis/build/icyphy/ptII/ptolemy/domains/continuous/test/auto/Starmac.xml
----------------- Instantiating /home/travis/build/icyphy/ptII/ptolemy/domains/continuous/test/auto/Starmac.xml
3070 ms. Memory: 427520K Free: 231952K (54%)
----------------- Invoking toplevel() on ptolemy.moml.MoMLSimpleApplication@773df0d0
----------------- Done invoking toplevel() on ptolemy.moml.MoMLSimpleApplication@773df0d0
reloadAllAccessors: .Starmac

===========================================================================================
----------------- testing Sun Apr 28 04:08:36 UTC 2019 /home/travis/build/icyphy/ptII/ptolemy/domains/continuous/test/auto/StaticUnits.xml
----------------- Instantiating /home/travis/build/icyphy/ptII/ptolemy/domains/continuous/test/auto/StaticUnits.xml
2019 ms. Memory: 412160K Free: 87411K (21%)
----------------- Invoking toplevel() on ptolemy.moml.MoMLSimpleApplication@343b2e22
----------------- Done invoking toplevel() on ptolemy.moml.MoMLSimpleApplication@343b2e22
reloadAllAccessors: .StaticUnits

===========================================================================================
----------------- testing Sun Apr 28 04:08:39 UTC 2019 /home/travis/build/icyphy/ptII/ptolemy/domains/continuous/test/auto/StickyMasses.xml
----------------- Instantiating /home/travis/build/icyphy/ptII/ptolemy/domains/continuous/test/auto/StickyMasses.xml
135 ms. Memory: 412160K Free: 30802K (7%)
----------------- Invoking toplevel() on ptolemy.moml.MoMLSimpleApplication@4be6fcc
----------------- Done invoking toplevel() on ptolemy.moml.MoMLSimpleApplication@4be6fcc
reloadAllAccessors: .StickyMasses

===========================================================================================
----------------- testing Sun Apr 28 04:08:39 UTC 2019 /home/travis/build/icyphy/ptII/ptolemy/domains/continuous/test/auto/StopTime.xml
----------------- Instantiating /home/travis/build/icyphy/ptII/ptolemy/domains/continuous/test/auto/StopTime.xml
123 ms. Memory: 361984K Free: 343953K (95%)
----------------- Invoking toplevel() on ptolemy.moml.MoMLSimpleApplication@5b249a83
----------------- Done invoking toplevel() on ptolemy.moml.MoMLSimpleApplication@5b249a83
reloadAllAccessors: .StopTime

===========================================================================================
----------------- testing Sun Apr 28 04:08:39 UTC 2019 /home/travis/build/icyphy/ptII/ptolemy/domains/continuous/test/auto/StopTime2.xml
----------------- Instantiating /home/travis/build/icyphy/ptII/ptolemy/domains/continuous/test/auto/StopTime2.xml
31 ms. Memory: 361984K Free: 318712K (88%)
----------------- Invoking toplevel() on ptolemy.moml.MoMLSimpleApplication@181eee51
----------------- Done invoking toplevel() on ptolemy.moml.MoMLSimpleApplication@181eee51
reloadAllAccessors: .StopTime2

===========================================================================================
----------------- testing Sun Apr 28 04:08:39 UTC 2019 /home/travis/build/icyphy/ptII/ptolemy/domains/continuous/test/auto/Switch.xml
----------------- Instantiating /home/travis/build/icyphy/ptII/ptolemy/domains/continuous/test/auto/Switch.xml
51 ms. Memory: 361984K Free: 291207K (80%)
----------------- Invoking toplevel() on ptolemy.moml.MoMLSimpleApplication@79115621
----------------- Done invoking toplevel() on ptolemy.moml.MoMLSimpleApplication@79115621
reloadAllAccessors: .Switch

===========================================================================================
----------------- testing Sun Apr 28 04:08:39 UTC 2019 /home/travis/build/icyphy/ptII/ptolemy/domains/continuous/test/auto/Thermostat.xml
----------------- Instantiating /home/travis/build/icyphy/ptII/ptolemy/domains/continuous/test/auto/Thermostat.xml
181 ms. Memory: 361984K Free: 215121K (59%)
----------------- Invoking toplevel() on ptolemy.moml.MoMLSimpleApplication@463e0e90
----------------- Done invoking toplevel() on ptolemy.moml.MoMLSimpleApplication@463e0e90
reloadAllAccessors: .Thermostat

===========================================================================================
----------------- testing Sun Apr 28 04:08:39 UTC 2019 /home/travis/build/icyphy/ptII/ptolemy/domains/continuous/test/auto/TimeDelay.xml
----------------- Instantiating /home/travis/build/icyphy/ptII/ptolemy/domains/continuous/test/auto/TimeDelay.xml
6 ms. Memory: 361984K Free: 207913K (57%)
----------------- Invoking toplevel() on ptolemy.moml.MoMLSimpleApplication@6c4322c7
----------------- Done invoking toplevel() on ptolemy.moml.MoMLSimpleApplication@6c4322c7
reloadAllAccessors: .TimeDelay

===========================================================================================
----------------- testing Sun Apr 28 04:08:39 UTC 2019 /home/travis/build/icyphy/ptII/ptolemy/domains/continuous/test/auto/TimeDelay2.xml
----------------- Instantiating /home/travis/build/icyphy/ptII/ptolemy/domains/continuous/test/auto/TimeDelay2.xml
18 ms. Memory: 361984K Free: 196012K (54%)
----------------- Invoking toplevel() on ptolemy.moml.MoMLSimpleApplication@543d2391
----------------- Done invoking toplevel() on ptolemy.moml.MoMLSimpleApplication@543d2391
reloadAllAccessors: .TimeDelay2

===========================================================================================
----------------- testing Sun Apr 28 04:08:39 UTC 2019 /home/travis/build/icyphy/ptII/ptolemy/domains/continuous/test/auto/TimeDelay3.xml
----------------- Instantiating /home/travis/build/icyphy/ptII/ptolemy/domains/continuous/test/auto/TimeDelay3.xml
3 ms. Memory: 361984K Free: 190386K (53%)
----------------- Invoking toplevel() on ptolemy.moml.MoMLSimpleApplication@5e1e6b5f
----------------- Done invoking toplevel() on ptolemy.moml.MoMLSimpleApplication@5e1e6b5f
reloadAllAccessors: .TimeDelay3

===========================================================================================
----------------- testing Sun Apr 28 04:08:39 UTC 2019 /home/travis/build/icyphy/ptII/ptolemy/domains/continuous/test/auto/TransferAbsentToInside.xml
----------------- Instantiating /home/travis/build/icyphy/ptII/ptolemy/domains/continuous/test/auto/TransferAbsentToInside.xml
26 ms. Memory: 361984K Free: 134686K (37%)
----------------- Invoking toplevel() on ptolemy.moml.MoMLSimpleApplication@22e2fc14
----------------- Done invoking toplevel() on ptolemy.moml.MoMLSimpleApplication@22e2fc14
reloadAllAccessors: .TransferAbsentToInside

===========================================================================================
----------------- testing Sun Apr 28 04:08:39 UTC 2019 /home/travis/build/icyphy/ptII/ptolemy/domains/continuous/test/auto/Transmission.xml
----------------- Instantiating /home/travis/build/icyphy/ptII/ptolemy/domains/continuous/test/auto/Transmission.xml
688 ms. Memory: 348672K Free: 193135K (55%)
----------------- Invoking toplevel() on ptolemy.moml.MoMLSimpleApplication@134e799a
----------------- Done invoking toplevel() on ptolemy.moml.MoMLSimpleApplication@134e799a
reloadAllAccessors: .Transmission

===========================================================================================
----------------- testing Sun Apr 28 04:08:40 UTC 2019 /home/travis/build/icyphy/ptII/ptolemy/domains/continuous/test/auto/TriggeredContinuousClock.xml
----------------- Instantiating /home/travis/build/icyphy/ptII/ptolemy/domains/continuous/test/auto/TriggeredContinuousClock.xml
34 ms. Memory: 348672K Free: 159899K (46%)
----------------- Invoking toplevel() on ptolemy.moml.MoMLSimpleApplication@694e00fb
----------------- Done invoking toplevel() on ptolemy.moml.MoMLSimpleApplication@694e00fb
reloadAllAccessors: .TriggeredContinuousClock

===========================================================================================
----------------- testing Sun Apr 28 04:08:40 UTC 2019 /home/travis/build/icyphy/ptII/ptolemy/domains/continuous/test/auto/TwoMachineInfiniteBusControl.xml
----------------- Instantiating /home/travis/build/icyphy/ptII/ptolemy/domains/continuous/test/auto/TwoMachineInfiniteBusControl.xml
2919 ms. Memory: 322048K Free: 139609K (43%)
----------------- Invoking toplevel() on ptolemy.moml.MoMLSimpleApplication@65382582
----------------- Done invoking toplevel() on ptolemy.moml.MoMLSimpleApplication@65382582
reloadAllAccessors: .TwoMachineInfiniteBusControl

===========================================================================================
----------------- testing Sun Apr 28 04:08:43 UTC 2019 /home/travis/build/icyphy/ptII/ptolemy/domains/continuous/test/auto/V2V.xml
----------------- Instantiating /home/travis/build/icyphy/ptII/ptolemy/domains/continuous/test/auto/V2V.xml
695 ms. Memory: 317952K Free: 208585K (66%)
----------------- Invoking toplevel() on ptolemy.moml.MoMLSimpleApplication@5902f23a
----------------- Done invoking toplevel() on ptolemy.moml.MoMLSimpleApplication@5902f23a
reloadAllAccessors: .V2V

===========================================================================================
----------------- testing Sun Apr 28 04:08:44 UTC 2019 /home/travis/build/icyphy/ptII/ptolemy/domains/continuous/test/auto/hierarchicalModalModel.xml
----------------- Instantiating /home/travis/build/icyphy/ptII/ptolemy/domains/continuous/test/auto/hierarchicalModalModel.xml
6 ms. Memory: 317952K Free: 190972K (60%)
----------------- Invoking toplevel() on ptolemy.moml.MoMLSimpleApplication@ad5ea53
----------------- Done invoking toplevel() on ptolemy.moml.MoMLSimpleApplication@ad5ea53
reloadAllAccessors: .hierarchicalModalModel

===========================================================================================
----------------- testing Sun Apr 28 04:08:44 UTC 2019 /home/travis/build/icyphy/ptII/ptolemy/domains/continuous/test/auto/hierarchicalModalModel1.xml
----------------- Instantiating /home/travis/build/icyphy/ptII/ptolemy/domains/continuous/test/auto/hierarchicalModalModel1.xml
8 ms. Memory: 317952K Free: 174321K (55%)
----------------- Invoking toplevel() on ptolemy.moml.MoMLSimpleApplication@1007a5a8
----------------- Done invoking toplevel() on ptolemy.moml.MoMLSimpleApplication@1007a5a8
reloadAllAccessors: .hierarchicalModalModel1

===========================================================================================
----------------- testing Sun Apr 28 04:08:44 UTC 2019 /home/travis/build/icyphy/ptII/ptolemy/domains/continuous/test/auto/hierarchicalModalModel2.xml
----------------- Instantiating /home/travis/build/icyphy/ptII/ptolemy/domains/continuous/test/auto/hierarchicalModalModel2.xml
5 ms. Memory: 317952K Free: 160296K (50%)
----------------- Invoking toplevel() on ptolemy.moml.MoMLSimpleApplication@47aef2c0
----------------- Done invoking toplevel() on ptolemy.moml.MoMLSimpleApplication@47aef2c0
reloadAllAccessors: .hierarchicalModalModel2

===========================================================================================
----------------- testing Sun Apr 28 04:08:44 UTC 2019 /home/travis/build/icyphy/ptII/ptolemy/domains/continuous/test/auto/hierarchicalModalModel3.xml
----------------- Instantiating /home/travis/build/icyphy/ptII/ptolemy/domains/continuous/test/auto/hierarchicalModalModel3.xml
5 ms. Memory: 317952K Free: 147627K (46%)
----------------- Invoking toplevel() on ptolemy.moml.MoMLSimpleApplication@1a03e6b
----------------- Done invoking toplevel() on ptolemy.moml.MoMLSimpleApplication@1a03e6b
reloadAllAccessors: .hierarchicalModalModel3

===========================================================================================
----------------- testing Sun Apr 28 04:08:44 UTC 2019 /home/travis/build/icyphy/ptII/ptolemy/domains/continuous/test/auto/hierarchicalModalModel4.xml
----------------- Instantiating /home/travis/build/icyphy/ptII/ptolemy/domains/continuous/test/auto/hierarchicalModalModel4.xml
4 ms. Memory: 317952K Free: 133586K (42%)
----------------- Invoking toplevel() on ptolemy.moml.MoMLSimpleApplication@53b06bfc
----------------- Done invoking toplevel() on ptolemy.moml.MoMLSimpleApplication@53b06bfc
reloadAllAccessors: .hierarchicalModalModel4

===========================================================================================
----------------- testing Sun Apr 28 04:08:44 UTC 2019 /home/travis/build/icyphy/ptII/ptolemy/domains/continuous/test/auto/junk.xml
----------------- Instantiating /home/travis/build/icyphy/ptII/ptolemy/domains/continuous/test/auto/junk.xml
136 ms. Memory: 317952K Free: 101446K (32%)
----------------- Invoking toplevel() on ptolemy.moml.MoMLSimpleApplication@f28e276
----------------- Done invoking toplevel() on ptolemy.moml.MoMLSimpleApplication@f28e276
reloadAllAccessors: .junk
AutoTests.java: About to close Vertx.
AutoTests.java: Vertx closed.
]]></system-out>
  <system-err><![CDATA[Warning: '.HysteresisWithRandomDelay.NonStrictTest' The test produced only 221 tokens, yet the correctValues parameter was expecting 222 tokens.
Warning: '.HysteresisWithRandomDelay.NonStrictTest2' The test produced only 220 tokens, yet the correctValues parameter was expecting 221 tokens.
Warning: '.HysteresisWithRandomDelay.NonStrictTest3' The test produced only 26 tokens, yet the correctValues parameter was expecting 30 tokens.
Warning: '.IncreasingRatePoisson.NonStrictTest' The test produced only 388 tokens, yet the correctValues parameter was expecting 402 tokens.
Warning: '.Poisson.NonStrictTest' The test produced only 388 tokens, yet the correctValues parameter was expecting 430 tokens.
]]></system-err>
</testsuite>
