<?xml version="1.0" encoding="UTF-8" ?>
<testsuite errors="0" failures="2" hostname="travis-job-3f1e747c-ca31-4b5b-a197-74f061d34ee3" name="ptolemy.actor.gui.test.junit.JUnitTclTest" skipped="0" tests="16" time="89.343" timestamp="2018-09-26T02:39:02">
  <properties>
[...]
</properties>
  <testcase classname="ptolemy.util.test.junit.TclTests" name="[0] /home/travis/build/icyphy/ptII/ptolemy/actor/gui/test/AAAConfiguration.tcl (RunTclFile)" time="0.591" />
  <testcase classname="ptolemy.util.test.junit.TclTests" name="[1] /home/travis/build/icyphy/ptII/ptolemy/actor/gui/test/CheckModelSize.tcl (RunTclFile)" time="0.094" />
  <testcase classname="ptolemy.util.test.junit.TclTests" name="[2] /home/travis/build/icyphy/ptII/ptolemy/actor/gui/test/CompositeActorApplication.tcl (RunTclFile)" time="5.397" />
  <testcase classname="ptolemy.util.test.junit.TclTests" name="[3] /home/travis/build/icyphy/ptII/ptolemy/actor/gui/test/CompositeActorSimpleApplication.tcl (RunTclFile)" time="2.007" />
  <testcase classname="ptolemy.util.test.junit.TclTests" name="[4] /home/travis/build/icyphy/ptII/ptolemy/actor/gui/test/ConfigurationApplication.tcl (RunTclFile)" time="0.019" />
  <testcase classname="ptolemy.util.test.junit.TclTests" name="[5] /home/travis/build/icyphy/ptII/ptolemy/actor/gui/test/EffigyFactory.tcl (RunTclFile)" time="0.003" />
  <testcase classname="ptolemy.util.test.junit.TclTests" name="[6] /home/travis/build/icyphy/ptII/ptolemy/actor/gui/test/HTMLAbout.tcl (RunTclFile)" time="5.098" />
  <testcase classname="ptolemy.util.test.junit.TclTests" name="[7] /home/travis/build/icyphy/ptII/ptolemy/actor/gui/test/HTMLViewer.tcl (RunTclFile)" time="2.859" />
  <testcase classname="ptolemy.util.test.junit.TclTests" name="[8] /home/travis/build/icyphy/ptII/ptolemy/actor/gui/test/MoMLApplication.tcl (RunTclFile)" time="0.013" />
  <testcase classname="ptolemy.util.test.junit.TclTests" name="[9] /home/travis/build/icyphy/ptII/ptolemy/actor/gui/test/PtExecuteApplication.tcl (RunTclFile)" time="4.033" />
  <testcase classname="ptolemy.util.test.junit.TclTests" name="[10] /home/travis/build/icyphy/ptII/ptolemy/actor/gui/test/PtolemyApplication.tcl (RunTclFile)" time="0.31" />
  <testcase classname="ptolemy.util.test.junit.TclTests" name="[11] /home/travis/build/icyphy/ptII/ptolemy/actor/gui/test/UserActorLibrary.tcl (RunTclFile)" time="68.654">
    <failure message="Number of failed tests is has increased. expected:&lt;0&gt; but was:&lt;7&gt;" type="junit.framework.AssertionFailedError">junit.framework.AssertionFailedError: Number of failed tests is has increased. expected:&lt;0&gt; but was:&lt;7&gt;
	at ptolemy.util.test.junit.TclTests.RunTclFile(TclTests.java:286)
	at junitparams.internal.InvokeParameterisedMethod.evaluate(InvokeParameterisedMethod.java:102)
	at junitparams.internal.ParameterisedTestMethodRunner.runMethodInvoker(ParameterisedTestMethodRunner.java:47)
	at junitparams.internal.ParameterisedTestMethodRunner.runTestMethod(ParameterisedTestMethodRunner.java:41)
	at junitparams.internal.ParameterisedTestClassRunner.runParameterisedTest(ParameterisedTestClassRunner.java:143)
	at junitparams.JUnitParamsRunner.runChild(JUnitParamsRunner.java:237)
	at junitparams.JUnitParamsRunner.runChild(JUnitParamsRunner.java:215)
</failure>
  </testcase>
  <testcase classname="ptolemy.util.test.junit.TclTests" name="[12] /home/travis/build/icyphy/ptII/ptolemy/actor/gui/test/ZZZConfiguration.tcl (RunTclFile)" time="0.029">
    <failure message="Number of failed tests is has increased. expected:&lt;7&gt; but was:&lt;8&gt;" type="junit.framework.AssertionFailedError">junit.framework.AssertionFailedError: Number of failed tests is has increased. expected:&lt;7&gt; but was:&lt;8&gt;
	at ptolemy.util.test.junit.TclTests.RunTclFile(TclTests.java:286)
	at junitparams.internal.InvokeParameterisedMethod.evaluate(InvokeParameterisedMethod.java:102)
	at junitparams.internal.ParameterisedTestMethodRunner.runMethodInvoker(ParameterisedTestMethodRunner.java:47)
	at junitparams.internal.ParameterisedTestMethodRunner.runTestMethod(ParameterisedTestMethodRunner.java:41)
	at junitparams.internal.ParameterisedTestClassRunner.runParameterisedTest(ParameterisedTestClassRunner.java:143)
	at junitparams.JUnitParamsRunner.runChild(JUnitParamsRunner.java:237)
	at junitparams.JUnitParamsRunner.runChild(JUnitParamsRunner.java:215)
</failure>
  </testcase>
  <testcase classname="ptolemy.util.test.junit.AutoKnownFailedTests" name="[0] ThereAreNoKnowFailedTests (RunModel)" time="0.004" />
  <testcase classname="ptolemy.util.test.junit.AutoNameArchTests" name="[0] ThereAreNoAutoArchTests (RunModel)" time="0.001" />
  <testcase classname="ptolemy.util.test.junit.AutoTests" name="[0] ThereAreNoAutoTests (RunModel)" time="0.006" />
  <system-out><![CDATA[/home/travis/build/icyphy/ptII/ptolemy/actor/gui/test/AAAConfiguration.tcl
testDefs.tcl: setting time out to 9000 seconds at Wed Sep 26 02:39:02 UTC 2018
/home/travis/build/icyphy/ptII/ptolemy/actor/gui/test/CheckModelSize.tcl
/home/travis/build/icyphy/ptII/ptolemy/actor/gui/test/CompositeActorApplication.tcl
26 ms. Memory: 116224K Free: 94862K (82%)
4 ms. Memory: 116224K Free: 92904K (80%)
8 ms. Memory: 116224K Free: 92210K (79%)
sleeping 2 seconds: 16 ms. Memory: 116224K Free: 86570K (74%)
32 ms. Memory: 116224K Free: 86570K (74%)
/home/travis/build/icyphy/ptII/ptolemy/actor/gui/test/CompositeActorSimpleApplication.tcl
4 ms. Memory: 331264K Free: 308204K (93%)
/home/travis/build/icyphy/ptII/ptolemy/actor/gui/test/ConfigurationApplication.tcl
test 1.0: filterSize: 13, newFilterSize: 15
/home/travis/build/icyphy/ptII/ptolemy/actor/gui/test/EffigyFactory.tcl
/home/travis/build/icyphy/ptII/ptolemy/actor/gui/test/HTMLAbout.tcl
Could not find body or head in file:/home/travis/build/icyphy/ptII/org/terraswarm/accessor/accessors/web/accessors-license.htm <!DOCTYPE html PUBLIC "-//W3C//DTD XHTML 1.0 Transitional//EN" "http://www.w3.org/TR/xhtml1/DTD/xhtml1-transitional.dtd">
<!-- $Id$ -->
<html xmlns="http://www.w3.org/1999/xhtml" xml:lang="en-US" lang
Reading /home/travis/build/icyphy/ptII/ptolemy/configs/full/configuration.xml
Checking complete demos of ptolemy/configs/doc/completeDemos.htm
Warning: ptolemy/configs/kepler/doc-index.htm not found: java.io.IOException: File not found: 'ptolemy/configs/kepler/doc-index.htm'
 caused by:
java.net.MalformedURLException: no protocol: ptolemy/configs/kepler/doc-index.htm
 AND:
java.io.IOException: File '/home/travis/build/icyphy/ptII/ptolemy/actor/gui/test/ptolemy/configs/kepler/doc-index.htm' does not exist.
 AND:
java.net.MalformedURLException: no protocol: ptolemy/configs/kepler/doc-index.htm
/home/travis/build/icyphy/ptII/ptolemy/actor/gui/test/HTMLViewer.tcl
sleeping 3 seconds: /home/travis/build/icyphy/ptII/ptolemy/actor/gui/test/MoMLApplication.tcl
/home/travis/build/icyphy/ptII/ptolemy/actor/gui/test/PtExecuteApplication.tcl
8 ms. Memory: 648704K Free: 250584K (39%)
sleeping 2 seconds: 10 ms. Memory: 838656K Free: 218746K (26%)
.test
sleeping 2 seconds: 14 ms. Memory: 927232K Free: 556924K (60%)
<?xml version="1.0" standalone="no"?>
<!DOCTYPE entity PUBLIC "-//UC Berkeley//DTD MoML 1//EN"
    "http://ptolemy.eecs.berkeley.edu/xml/dtd/MoML_1.dtd">
<entity name="test" class="ptolemy.actor.TypedCompositeActor">
    <property name="_createdBy" class="ptolemy.kernel.attributes.VersionAttribute" value="11.1.devel">
    </property>
    <doc>This test has no placeable elements, but writes to standard out.</doc>
    <property name="step" class="ptolemy.data.expr.Parameter" value="1">
    </property>
    <property name="director" class="ptolemy.domains.sdf.kernel.SDFDirector">
        <property name="iterations" class="ptolemy.data.expr.Parameter" value="5">
        </property>
        <property name="vectorizationFactor" class="ptolemy.data.expr.Parameter" value="1">
        </property>
    </property>
    <entity name="ramp" class="ptolemy.actor.lib.Ramp">
        <property name="init" class="ptolemy.actor.parameters.PortParameter" value="0">
        </property>
        <property name="step" class="ptolemy.actor.parameters.PortParameter" value="step">
        </property>
        <property name="firingCountLimit" class="ptolemy.data.expr.Parameter" value="0">
        </property>
    </entity>
    <entity name="rec" class="ptolemy.actor.lib.Recorder">
        <property name="capacity" class="ptolemy.data.expr.Parameter" value="-1">
        </property>
    </entity>
    <relation name="r1" class="ptolemy.actor.TypedIORelation">
        <property name="width" class="ptolemy.data.expr.Parameter" value="1">
        </property>
    </relation>
    <link port="ramp.output" relation="r1"/>
    <link port="rec.input" relation="r1"/>
</entity>

/home/travis/build/icyphy/ptII/ptolemy/actor/gui/test/PtolemyApplication.tcl
/home/travis/build/icyphy/ptII/ptolemy/actor/gui/test/UserActorLibrary.tcl
JSAccessor: PT_NO_NET environment variable is set, so git pull and ptdoc are not being run.
No physical cameras found, using WebcamDummyDriver.
CharacterRecognition: The tesseract module was not present.  The CharacterRecognition accessor is not supported on this accessor host. (Thread[main,5,main])
CharacterRecognition: The tesseract module was not present.  The CharacterRecognition accessor is not supported on this accessor host. (Thread[main,5,main])
The Mutable accessor original file has no documentation, so we are not running jsdoc on https://accessors.org/utilities/Mutable.js


==== $PTII/ptolemy/actor/gui/test/UserActorLibrary.tcl: UserActorLibrary-0.1 Read in the configuration
==== Contents of test case:
 
    set configurationURL [java::call ptolemy.util.FileUtilities nameToURL  {$CLASSPATH/ptolemy/actor/gui/test/testConfiguration.xml}  [java::null]  [java::null]]

    
    if {[info vars configuration] != ""} {
	# StringUtilities.exit() checks to see if this property is has a length > 0
	java::call System setProperty ptolemy.ptII.doNotExit {}
	#java::call System clearProperty ptolemy.ptII.doNotExit

	# The Manager uses this property to help us test the Exit actor.
	java::call System setProperty ptolemy.ptII.exitAfterWrapup true

	$configuration setContainer [java::null]

	# Reset the property
	java::call System setProperty ptolemy.ptII.doNotExit true

    }
    set configuration [java::call ptolemy.actor.gui.MoMLApplication readConfiguration $configurationURL]
    # Open one model so that we don't exit.
    $parser purgeModelRecord test.xml
    set entity [java::cast ptolemy.kernel.CompositeEntity  [$parser parseFile test.xml]]
    set tableau [$configuration openModel $entity]

    $configuration getFullName

==== Test generated error:
Failed to populate Library
  in .configuration.actor library.MoreLibraries.Accessors.services
Because:
Loading accessor failed: HostCompatability.js
  in .configuration.actor library.MoreLibraries.Accessors.services
Because:
Error evaluating expression:
/** Check Host Compatability of an accessor by performing 
...
  in .configuration.actor library.MoreLibraries.Accessors.services.HostCompatability.script
Because:
Failed to evaluate script.
  in .configuration.actor library.MoreLibraries.Accessors.services.HostCompatability
Because:
require() failed to find matching file for module 'base64-js' in working directory '/home/travis/build/icyphy/ptII/ptolemy/actor/lib/jjs'  and not found in paths ["/home/travis/build/icyphy/ptII/ptolemy/actor/lib/jjs/","/home/travis/build/icyphy/ptII/ptolemy/actor/lib/jjs/modules/","/home/travis/build/icyphy/ptII/ptolemy/actor/lib/jjs/node/","/home/travis/build/icyphy/ptII/ptolemy/actor/lib/jjs/node_modules/","/home/travis/build/icyphy/ptII/org/terraswarm/accessor/accessors/web/hosts/","/home/travis/build/icyphy/ptII/org/terraswarm/accessor/accessors/web/","/home/travis/build/icyphy/ptII/org/terraswarm/accessor/accessors/web/hosts/common/modules/"] in /home/travis/build/icyphy/ptII/ptolemy/actor/lib/jjs/external/require.js at line number 376 at column number 12
  in .configuration.actor library.MoreLibraries.Accessors.services.HostCompatability.script
Because:
Error evaluating expression:
/** Check Host Compatability of an accessor by performing 
...
  in .configuration.actor library.MoreLibraries.Accessors.services.HostCompatability.script
Because:
Failed to evaluate script.
  in .configuration.actor library.MoreLibraries.Accessors.services.HostCompatability
Because:
require() failed to find matching file for module 'base64-js' in working directory '/home/travis/build/icyphy/ptII/ptolemy/actor/lib/jjs'  and not found in paths ["/home/travis/build/icyphy/ptII/ptolemy/actor/lib/jjs/","/home/travis/build/icyphy/ptII/ptolemy/actor/lib/jjs/modules/","/home/travis/build/icyphy/ptII/ptolemy/actor/lib/jjs/node/","/home/travis/build/icyphy/ptII/ptolemy/actor/lib/jjs/node_modules/","/home/travis/build/icyphy/ptII/org/terraswarm/accessor/accessors/web/hosts/","/home/travis/build/icyphy/ptII/org/terraswarm/accessor/accessors/web/","/home/travis/build/icyphy/ptII/org/terraswarm/accessor/accessors/web/hosts/common/modules/"] in /home/travis/build/icyphy/ptII/ptolemy/actor/lib/jjs/external/require.js at line number 376 at column number 12
    while executing
ptolemy.kernel.util.InvalidStateException: Failed to populate Library
  in .configuration.actor library.MoreLibraries.Accessors.services
Because:
Loading accessor failed: HostCompatability.js
  in .configuration.actor library.MoreLibraries.Accessors.services
Because:
Error evaluating expression:
/** Check Host Compatability of an accessor by performing 
...
  in .configuration.actor library.MoreLibraries.Accessors.services.HostCompatability.script
Because:
Failed to evaluate script.
  in .configuration.actor library.MoreLibraries.Accessors.services.HostCompatability
Because:
require() failed to find matching file for module 'base64-js' in working directory '/home/travis/build/icyphy/ptII/ptolemy/actor/lib/jjs'  and not found in paths ["/home/travis/build/icyphy/ptII/ptolemy/actor/lib/jjs/","/home/travis/build/icyphy/ptII/ptolemy/actor/lib/jjs/modules/","/home/travis/build/icyphy/ptII/ptolemy/actor/lib/jjs/node/","/home/travis/build/icyphy/ptII/ptolemy/actor/lib/jjs/node_modules/","/home/travis/build/icyphy/ptII/org/terraswarm/accessor/accessors/web/hosts/","/home/travis/build/icyphy/ptII/org/terraswarm/accessor/accessors/web/","/home/travis/build/icyphy/ptII/org/terraswarm/accessor/accessors/web/hosts/common/modules/"] in /home/travis/build/icyphy/ptII/ptolemy/actor/lib/jjs/external/require.js at line number 376 at column number 12
  in .configuration.actor library.MoreLibraries.Accessors.services.HostCompatability.script
Because:
Error evaluating expression:
/** Check Host Compatability of an accessor by performing 
...
  in .configuration.actor library.MoreLibraries.Accessors.services.HostCompatability.script
Because:
Failed to evaluate script.
  in .configuration.actor library.MoreLibraries.Accessors.services.HostCompatability
Because:
require() failed to find matching file for module 'base64-js' in working directory '/home/travis/build/icyphy/ptII/ptolemy/actor/lib/jjs'  and not found in paths ["/home/travis/build/icyphy/ptII/ptolemy/actor/lib/jjs/","/home/travis/build/icyphy/ptII/ptolemy/actor/lib/jjs/modules/","/home/travis/build/icyphy/ptII/ptolemy/actor/lib/jjs/node/","/home/travis/build/icyphy/ptII/ptolemy/actor/lib/jjs/node_modules/","/home/travis/build/icyphy/ptII/org/terraswarm/accessor/accessors/web/hosts/","/home/travis/build/icyphy/ptII/org/terraswarm/accessor/accessors/web/","/home/travis/build/icyphy/ptII/org/terraswarm/accessor/accessors/web/hosts/common/modules/"] in /home/travis/build/icyphy/ptII/ptolemy/actor/lib/jjs/external/require.js at line number 376 at column number 12
	at org.terraswarm.accessor.AccessorLibrary.populate(AccessorLibrary.java:307)
	at ptolemy.moml.EntityLibrary.entityList(EntityLibrary.java:366)
	at ptolemy.kernel.CompositeEntity._unlinkLevelCrossingLinksToOutside(CompositeEntity.java:2769)
	at ptolemy.kernel.CompositeEntity._unlinkLevelCrossingLinksToOutside(CompositeEntity.java:2775)
	at ptolemy.kernel.CompositeEntity._unlinkLevelCrossingLinksToOutside(CompositeEntity.java:2775)
	at ptolemy.kernel.CompositeEntity._unlinkLevelCrossingLinksToOutside(CompositeEntity.java:2775)
	at ptolemy.kernel.CompositeEntity._unlinkLevelCrossingLinksToOutside(CompositeEntity.java:2775)
	at ptolemy.kernel.CompositeEntity.setContainer(CompositeEntity.java:1878)
	at ptolemy.actor.gui.Configuration.setContainer(Configuration.java:1266)
	at sun.reflect.NativeMethodAccessorImpl.invoke0(Native Method)
	at sun.reflect.NativeMethodAccessorImpl.invoke(NativeMethodAccessorImpl.java:62)
	at sun.reflect.DelegatingMethodAccessorImpl.invoke(DelegatingMethodAccessorImpl.java:43)
	at java.lang.reflect.Method.invoke(Method.java:498)
	at tcl.lang.reflect.PkgInvoker.invokeMethod(PkgInvoker.java:129)
	at tcl.lang.JavaInvoke.call(JavaInvoke.java:253)
	at tcl.lang.JavaInvoke.callMethod(JavaInvoke.java:116)
	at tcl.lang.ReflectObject.cmdProc(ReflectObject.java:727)
	at tcl.lang.Parser.evalObjv(Parser.java:740)
	at tcl.lang.Parser.eval2(Parser.java:1138)
	at tcl.lang.Interp.eval(Interp.java:1782)
	at tcl.lang.Interp.eval(Interp.java:1841)
	at tcl.lang.IfCmd.cmdProc(IfCmd.java:57)
	at tcl.lang.Parser.evalObjv(Parser.java:740)
	at tcl.lang.Parser.eval2(Parser.java:1138)
	at tcl.lang.Interp.eval(Interp.java:1782)
	at tcl.lang.Interp.eval(Interp.java:1841)
	at tcl.lang.UplevelCmd.cmdProc(UplevelCmd.java:93)
	at tcl.lang.Parser.evalObjv(Parser.java:740)
	at tcl.lang.Parser.eval2(Parser.java:1138)
	at tcl.lang.Interp.eval(Interp.java:1782)
	at tcl.lang.Interp.eval(Interp.java:1841)
	at tcl.lang.CatchCmd.cmdProc(CatchCmd.java:42)
	at tcl.lang.Parser.evalObjv(Parser.java:740)
	at tcl.lang.Parser.eval2(Parser.java:1138)
	at tcl.lang.Parser.evalTokens(Parser.java:930)
	at tcl.lang.Parser.eval2(Parser.java:1125)
	at tcl.lang.Procedure.cmdProc(Procedure.java:175)
	at tcl.lang.Parser.evalObjv(Parser.java:740)
	at tcl.lang.Parser.eval2(Parser.java:1138)
	at tcl.lang.Interp.eval(Interp.java:1782)
	at tcl.lang.Interp.evalFile(Interp.java:1880)
	at sun.reflect.NativeMethodAccessorImpl.invoke0(Native Method)
	at sun.reflect.NativeMethodAccessorImpl.invoke(NativeMethodAccessorImpl.java:62)
	at sun.reflect.DelegatingMethodAccessorImpl.invoke(DelegatingMethodAccessorImpl.java:43)
	at java.lang.reflect.Method.invoke(Method.java:498)
	at ptolemy.util.test.junit.TclTests.RunTclFile(TclTests.java:233)
	at sun.reflect.NativeMethodAccessorImpl.invoke0(Native Method)
	at sun.reflect.NativeMethodAccessorImpl.invoke(NativeMethodAccessorImpl.java:62)
	at sun.reflect.DelegatingMethodAccessorImpl.invoke(DelegatingMethodAccessorImpl.java:43)
	at java.lang.reflect.Method.invoke(Method.java:498)
	at org.junit.runners.model.FrameworkMethod$1.runReflectiveCall(FrameworkMethod.java:44)
	at org.junit.internal.runners.model.ReflectiveCallable.run(ReflectiveCallable.java:15)
	at org.junit.runners.model.FrameworkMethod.invokeExplosively(FrameworkMethod.java:41)
	at junitparams.internal.InvokeParameterisedMethod.evaluate(InvokeParameterisedMethod.java:102)
	at junitparams.internal.ParameterisedTestMethodRunner.runMethodInvoker(ParameterisedTestMethodRunner.java:47)
	at junitparams.internal.ParameterisedTestMethodRunner.runTestMethod(ParameterisedTestMethodRunner.java:41)
	at junitparams.internal.ParameterisedTestClassRunner.runParameterisedTest(ParameterisedTestClassRunner.java:143)
	at junitparams.JUnitParamsRunner.runChild(JUnitParamsRunner.java:237)
	at junitparams.JUnitParamsRunner.runChild(JUnitParamsRunner.java:215)
	at org.junit.runners.ParentRunner$3.run(ParentRunner.java:193)
	at org.junit.runners.ParentRunner$1.schedule(ParentRunner.java:52)
	at org.junit.runners.ParentRunner.runChildren(ParentRunner.java:191)
	at org.junit.runners.ParentRunner.access$000(ParentRunner.java:42)
	at org.junit.runners.ParentRunner$2.evaluate(ParentRunner.java:184)
	at org.junit.internal.runners.statements.RunAfters.evaluate(RunAfters.java:31)
	at org.junit.runners.ParentRunner.run(ParentRunner.java:236)
	at org.junit.runners.Suite.runChild(Suite.java:128)
	at org.junit.runners.Suite.runChild(Suite.java:24)
	at org.junit.runners.ParentRunner$3.run(ParentRunner.java:193)
	at org.junit.runners.ParentRunner$1.schedule(ParentRunner.java:52)
	at org.junit.runners.ParentRunner.runChildren(ParentRunner.java:191)
	at org.junit.runners.ParentRunner.access$000(ParentRunner.java:42)
	at org.junit.runners.ParentRunner$2.evaluate(ParentRunner.java:184)
	at org.junit.runners.ParentRunner.run(ParentRunner.java:236)
	at junit.framework.JUnit4TestAdapter.run(JUnit4TestAdapter.java:39)
	at org.apache.tools.ant.taskdefs.optional.junit.JUnitTestRunner.run(JUnitTestRunner.java:535)
	at org.apache.tools.ant.taskdefs.optional.junit.JUnitTestRunner.launch(JUnitTestRunner.java:1182)
	at org.apache.tools.ant.taskdefs.optional.junit.JUnitTestRunner.main(JUnitTestRunner.java:1033)
Caused by: ptolemy.kernel.util.InternalErrorException: Loading accessor failed: HostCompatability.js
  in .configuration.actor library.MoreLibraries.Accessors.services
Because:
Error evaluating expression:
/** Check Host Compatability of an accessor by performing 
...
  in .configuration.actor library.MoreLibraries.Accessors.services.HostCompatability.script
Because:
Failed to evaluate script.
  in .configuration.actor library.MoreLibraries.Accessors.services.HostCompatability
Because:
require() failed to find matching file for module 'base64-js' in working directory '/home/travis/build/icyphy/ptII/ptolemy/actor/lib/jjs'  and not found in paths ["/home/travis/build/icyphy/ptII/ptolemy/actor/lib/jjs/","/home/travis/build/icyphy/ptII/ptolemy/actor/lib/jjs/modules/","/home/travis/build/icyphy/ptII/ptolemy/actor/lib/jjs/node/","/home/travis/build/icyphy/ptII/ptolemy/actor/lib/jjs/node_modules/","/home/travis/build/icyphy/ptII/org/terraswarm/accessor/accessors/web/hosts/","/home/travis/build/icyphy/ptII/org/terraswarm/accessor/accessors/web/","/home/travis/build/icyphy/ptII/org/terraswarm/accessor/accessors/web/hosts/common/modules/"] in /home/travis/build/icyphy/ptII/ptolemy/actor/lib/jjs/external/require.js at line number 376 at column number 12
  in .configuration.actor library.MoreLibraries.Accessors.services.HostCompatability.script
Because:
Error evaluating expression:
/** Check Host Compatability of an accessor by performing 
...
  in .configuration.actor library.MoreLibraries.Accessors.services.HostCompatability.script
Because:
Failed to evaluate script.
  in .configuration.actor library.MoreLibraries.Accessors.services.HostCompatability
Because:
require() failed to find matching file for module 'base64-js' in working directory '/home/travis/build/icyphy/ptII/ptolemy/actor/lib/jjs'  and not found in paths ["/home/travis/build/icyphy/ptII/ptolemy/actor/lib/jjs/","/home/travis/build/icyphy/ptII/ptolemy/actor/lib/jjs/modules/","/home/travis/build/icyphy/ptII/ptolemy/actor/lib/jjs/node/","/home/travis/build/icyphy/ptII/ptolemy/actor/lib/jjs/node_modules/","/home/travis/build/icyphy/ptII/org/terraswarm/accessor/accessors/web/hosts/","/home/travis/build/icyphy/ptII/org/terraswarm/accessor/accessors/web/","/home/travis/build/icyphy/ptII/org/terraswarm/accessor/accessors/web/hosts/common/modules/"] in /home/travis/build/icyphy/ptII/ptolemy/actor/lib/jjs/external/require.js at line number 376 at column number 12
	at org.terraswarm.accessor.AccessorLibrary.populate(AccessorLibrary.java:224)
	... 77 more
Caused by: ptolemy.kernel.util.IllegalActionException: Error evaluating expression:
/** Check Host Compatability of an accessor by performing 
...
  in .configuration.actor library.MoreLibraries.Accessors.services.HostCompatability.script
Because:
Failed to evaluate script.
  in .configuration.actor library.MoreLibraries.Accessors.services.HostCompatability
Because:
require() failed to find matching file for module 'base64-js' in working directory '/home/travis/build/icyphy/ptII/ptolemy/actor/lib/jjs'  and not found in paths ["/home/travis/build/icyphy/ptII/ptolemy/actor/lib/jjs/","/home/travis/build/icyphy/ptII/ptolemy/actor/lib/jjs/modules/","/home/travis/build/icyphy/ptII/ptolemy/actor/lib/jjs/node/","/home/travis/build/icyphy/ptII/ptolemy/actor/lib/jjs/node_modules/","/home/travis/build/icyphy/ptII/org/terraswarm/accessor/accessors/web/hosts/","/home/travis/build/icyphy/ptII/org/terraswarm/accessor/accessors/web/","/home/travis/build/icyphy/ptII/org/terraswarm/accessor/accessors/web/hosts/common/modules/"] in /home/travis/build/icyphy/ptII/ptolemy/actor/lib/jjs/external/require.js at line number 376 at column number 12
  in .configuration.actor library.MoreLibraries.Accessors.services.HostCompatability.script
Because:
Error evaluating expression:
/** Check Host Compatability of an accessor by performing 
...
  in .configuration.actor library.MoreLibraries.Accessors.services.HostCompatability.script
Because:
Failed to evaluate script.
  in .configuration.actor library.MoreLibraries.Accessors.services.HostCompatability
Because:
require() failed to find matching file for module 'base64-js' in working directory '/home/travis/build/icyphy/ptII/ptolemy/actor/lib/jjs'  and not found in paths ["/home/travis/build/icyphy/ptII/ptolemy/actor/lib/jjs/","/home/travis/build/icyphy/ptII/ptolemy/actor/lib/jjs/modules/","/home/travis/build/icyphy/ptII/ptolemy/actor/lib/jjs/node/","/home/travis/build/icyphy/ptII/ptolemy/actor/lib/jjs/node_modules/","/home/travis/build/icyphy/ptII/org/terraswarm/accessor/accessors/web/hosts/","/home/travis/build/icyphy/ptII/org/terraswarm/accessor/accessors/web/","/home/travis/build/icyphy/ptII/org/terraswarm/accessor/accessors/web/hosts/common/modules . . .
    while executing
ptolemy.kernel.util.InvalidStateException: Failed to populate Library
  in .configuration.actor library.MoreLibraries.Accessors.services
Because:
Loading accessor failed: HostCompatability.js
  in .configuration.actor library.MoreLibraries.Accessors.services
Because:
Error evaluating expression:
/** Check Host Compatability of an accessor by performing 
...
  in .configuration.actor library.MoreLibraries.Accessors.services.HostCompatability.script
Because:
Failed to evaluate script.
  in .configuration.actor library.MoreLibraries.Accessors.services.HostCompatability
Because:
require() failed to find matching file for module 'base64-js' in working directory '/home/travis/build/icyphy/ptII/ptolemy/actor/lib/jjs'  and not found in paths ["/home/travis/build/icyphy/ptII/ptolemy/actor/lib/jjs/","/home/travis/build/icyphy/ptII/ptolemy/actor/lib/jjs/modules/","/home/travis/build/icyphy/ptII/ptolemy/actor/lib/jjs/node/","/home/travis/build/icyphy/ptII/ptolemy/actor/lib/jjs/node_modules/","/home/travis/build/icyphy/ptII/org/terraswarm/accessor/accessors/web/hosts/","/home/travis/build/icyphy/ptII/org/terraswarm/accessor/accessors/web/","/home/travis/build/icyphy/ptII/org/terraswarm/accessor/accessors/web/hosts/common/modules/"] in /home/travis/build/icyphy/ptII/ptolemy/actor/lib/jjs/external/require.js at line number 376 at column number 12
  in .configuration.actor library.MoreLibraries.Accessors.services.HostCompatability.script
Because:
Error evaluating expression:
/** Check Host Compatability of an accessor by performing 
...
  in .configuration.actor library.MoreLibraries.Accessors.services.HostCompatability.script
Because:
Failed to evaluate script.
  in .configuration.actor library.MoreLibraries.Accessors.services.HostCompatability
Because:
require() failed to find matching file for module 'base64-js' in working directory '/home/travis/build/icyphy/ptII/ptolemy/actor/lib/jjs'  and not found in paths ["/home/travis/build/icyphy/ptII/ptolemy/actor/lib/jjs/","/home/travis/build/icyphy/ptII/ptolemy/actor/lib/jjs/modules/","/home/travis/build/icyphy/ptII/ptolemy/actor/lib/jjs/node/","/home/travis/build/icyphy/ptII/ptolemy/actor/lib/jjs/node_modules/","/home/travis/build/icyphy/ptII/org/terraswarm/accessor/accessors/web/hosts/","/home/travis/build/icyphy/ptII/org/terraswarm/accessor/accessors/web/","/home/travis/build/icyphy/ptII/org/terraswarm/accessor/accessors/web/hosts/common/modules/"] in /home/travis/build/icyphy/ptII/ptolemy/actor/lib/jjs/external/require.js at line number 376 at column number 12
    while executing
"$configuration setContainer [java::null]"
    invoked from within
"if {[info vars configuration] != ""} {
	# StringUtilities.exit() checks to see if this property is has a length > 0
	java::call System setProperty pto..."
    ("uplevel" body line 5)
    invoked from within
"uplevel $contents_of_test"


==== $PTII/ptolemy/actor/gui/test/UserActorLibrary.tcl: UserActorLibrary-1.0 Test saving test.xml in the User Actor Library
==== Contents of test case:

    resetUserLibrary $configuration $userLibraryName

    [testSaveFileInLibrary test.xml $configuration] exportMoML

==== Test generated error:
Normally, we would exit here because Manager.exitAfterWrapup() was called.  However, because the ptolemy.ptII.exitAfterWrapup property is set, we throw this exception instead.
    while executing
java.lang.RuntimeException: Normally, we would exit here because Manager.exitAfterWrapup() was called.  However, because the ptolemy.ptII.exitAfterWrapup property is set, we throw this exception instead.
	at ptolemy.util.StringUtilities.exit(StringUtilities.java:363)
	at ptolemy.actor.gui.Configuration._removeEntity(Configuration.java:1320)
	at ptolemy.kernel.ComponentEntity.setContainer(ComponentEntity.java:542)
	at ptolemy.kernel.CompositeEntity.setContainer(CompositeEntity.java:1880)
	at ptolemy.actor.gui.ModelDirectory._removeEntity(ModelDirectory.java:150)
	at ptolemy.kernel.ComponentEntity.setContainer(ComponentEntity.java:542)
	at ptolemy.kernel.CompositeEntity.setContainer(CompositeEntity.java:1880)
	at ptolemy.actor.gui.Effigy.setContainer(Effigy.java:435)
	at ptolemy.actor.gui.Tableau.setContainer(Tableau.java:263)
	at ptolemy.actor.gui.Effigy.setContainer(Effigy.java:412)
	at sun.reflect.NativeMethodAccessorImpl.invoke0(Native Method)
	at sun.reflect.NativeMethodAccessorImpl.invoke(NativeMethodAccessorImpl.java:62)
	at sun.reflect.DelegatingMethodAccessorImpl.invoke(DelegatingMethodAccessorImpl.java:43)
	at java.lang.reflect.Method.invoke(Method.java:498)
	at tcl.lang.reflect.PkgInvoker.invokeMethod(PkgInvoker.java:129)
	at tcl.lang.JavaInvoke.call(JavaInvoke.java:253)
	at tcl.lang.JavaInvoke.callMethod(JavaInvoke.java:116)
	at tcl.lang.ReflectObject.cmdProc(ReflectObject.java:727)
	at tcl.lang.Parser.evalObjv(Parser.java:740)
	at tcl.lang.Parser.eval2(Parser.java:1138)
	at tcl.lang.Interp.eval(Interp.java:1782)
	at tcl.lang.Interp.eval(Interp.java:1841)
	at tcl.lang.IfCmd.cmdProc(IfCmd.java:57)
	at tcl.lang.Parser.evalObjv(Parser.java:740)
	at tcl.lang.Parser.eval2(Parser.java:1138)
	at tcl.lang.Procedure.cmdProc(Procedure.java:175)
	at tcl.lang.Parser.evalObjv(Parser.java:740)
	at tcl.lang.Parser.eval2(Parser.java:1138)
	at tcl.lang.Procedure.cmdProc(Procedure.java:175)
	at tcl.lang.Parser.evalObjv(Parser.java:740)
	at tcl.lang.Parser.eval2(Parser.java:1138)
	at tcl.lang.Parser.evalTokens(Parser.java:930)
	at tcl.lang.Parser.eval2(Parser.java:1125)
	at tcl.lang.Interp.eval(Interp.java:1782)
	at tcl.lang.Interp.eval(Interp.java:1841)
	at tcl.lang.UplevelCmd.cmdProc(UplevelCmd.java:93)
	at tcl.lang.Parser.evalObjv(Parser.java:740)
	at tcl.lang.Parser.eval2(Parser.java:1138)
	at tcl.lang.Interp.eval(Interp.java:1782)
	at tcl.lang.Interp.eval(Interp.java:1841)
	at tcl.lang.CatchCmd.cmdProc(CatchCmd.java:42)
	at tcl.lang.Parser.evalObjv(Parser.java:740)
	at tcl.lang.Parser.eval2(Parser.java:1138)
	at tcl.lang.Parser.evalTokens(Parser.java:930)
	at tcl.lang.Parser.eval2(Parser.java:1125)
	at tcl.lang.Procedure.cmdProc(Procedure.java:175)
	at tcl.lang.Parser.evalObjv(Parser.java:740)
	at tcl.lang.Parser.eval2(Parser.java:1138)
	at tcl.lang.Interp.eval(Interp.java:1782)
	at tcl.lang.Interp.evalFile(Interp.java:1880)
	at sun.reflect.NativeMethodAccessorImpl.invoke0(Native Method)
	at sun.reflect.NativeMethodAccessorImpl.invoke(NativeMethodAccessorImpl.java:62)
	at sun.reflect.DelegatingMethodAccessorImpl.invoke(DelegatingMethodAccessorImpl.java:43)
	at java.lang.reflect.Method.invoke(Method.java:498)
	at ptolemy.util.test.junit.TclTests.RunTclFile(TclTests.java:233)
	at sun.reflect.NativeMethodAccessorImpl.invoke0(Native Method)
	at sun.reflect.NativeMethodAccessorImpl.invoke(NativeMethodAccessorImpl.java:62)
	at sun.reflect.DelegatingMethodAccessorImpl.invoke(DelegatingMethodAccessorImpl.java:43)
	at java.lang.reflect.Method.invoke(Method.java:498)
	at org.junit.runners.model.FrameworkMethod$1.runReflectiveCall(FrameworkMethod.java:44)
	at org.junit.internal.runners.model.ReflectiveCallable.run(ReflectiveCallable.java:15)
	at org.junit.runners.model.FrameworkMethod.invokeExplosively(FrameworkMethod.java:41)
	at junitparams.internal.InvokeParameterisedMethod.evaluate(InvokeParameterisedMethod.java:102)
	at junitparams.internal.ParameterisedTestMethodRunner.runMethodInvoker(ParameterisedTestMethodRunner.java:47)
	at junitparams.internal.ParameterisedTestMethodRunner.runTestMethod(ParameterisedTestMethodRunner.java:41)
	at junitparams.internal.ParameterisedTestClassRunner.runParameterisedTest(ParameterisedTestClassRunner.java:143)
	at junitparams.JUnitParamsRunner.runChild(JUnitParamsRunner.java:237)
	at junitparams.JUnitParamsRunner.runChild(JUnitParamsRunner.java:215)
	at org.junit.runners.ParentRunner$3.run(ParentRunner.java:193)
	at org.junit.runners.ParentRunner$1.schedule(ParentRunner.java:52)
	at org.junit.runners.ParentRunner.runChildren(ParentRunner.java:191)
	at org.junit.runners.ParentRunner.access$000(ParentRunner.java:42)
	at org.junit.runners.ParentRunner$2.evaluate(ParentRunner.java:184)
	at org.junit.internal.runners.statements.RunAfters.evaluate(RunAfters.java:31)
	at org.junit.runners.ParentRunner.run(ParentRunner.java:236)
	at org.junit.runners.Suite.runChild(Suite.java:128)
	at org.junit.runners.Suite.runChild(Suite.java:24)
	at org.junit.runners.ParentRunner$3.run(ParentRunner.java:193)
	at org.junit.runners.ParentRunner$1.schedule(ParentRunner.java:52)
	at org.junit.runners.ParentRunner.runChildren(ParentRunner.java:191)
	at org.junit.runners.ParentRunner.access$000(ParentRunner.java:42)
	at org.junit.runners.ParentRunner$2.evaluate(ParentRunner.java:184)
	at org.junit.runners.ParentRunner.run(ParentRunner.java:236)
	at junit.framework.JUnit4TestAdapter.run(JUnit4TestAdapter.java:39)
	at org.apache.tools.ant.taskdefs.optional.junit.JUnitTestRunner.run(JUnitTestRunner.java:535)
	at org.apache.tools.ant.taskdefs.optional.junit.JUnitTestRunner.launch(JUnitTestRunner.java:1182)
	at org.apache.tools.ant.taskdefs.optional.junit.JUnitTestRunner.main(JUnitTestRunner.java:1033)

    while executing
java.lang.RuntimeException: Normally, we would exit here because Manager.exitAfterWrapup() was called.  However, because the ptolemy.ptII.exitAfterWrapup property is set, we throw this exception instead.
    while executing
"$libraryEffigy2 setContainer [java::null]"
    invoked from within
"if {![java::isnull $libraryTableau]} {
	set libraryEffigy [java::cast ptolemy.actor.gui.PtolemyEffigy  [$libraryTableau getContainer]]
	set file [$lib..."
    (procedure "resetUserLibrary" line 18)
    invoked from within
"resetUserLibrary $configuration $userLibraryName"
    (procedure "testSaveFileInLibrary" line 4)
    invoked from within
"testSaveFileInLibrary test.xml $configuration"
    invoked from within
"[testSaveFileInLibrary test.xml $configuration] exportMoML
"
    ("uplevel" body line 4)
    invoked from within
"uplevel $contents_of_test"


==== $PTII/ptolemy/actor/gui/test/UserActorLibrary.tcl: UserActorLibrary-1.2 Sinewave, which is a class
==== Contents of test case:


    set parser [java::new ptolemy.moml.MoMLParser]

    set entityLibrary [java::cast ptolemy.moml.EntityLibrary  [testSaveFileInLibrary  ../../lib/Sinewave.xml $configuration]]
    set restoredEntity [$entityLibrary getEntity Sinewave]
    

    set entity [$parser parseFile ../../lib/Sinewave.xml]
    set entityMoML [$entity exportMoML]

    # Get rid of the header
    # The nightly build changes the version number, so we use
    # ptFilterOutVersion
    set results [ptFilterOutVersion [string range $entityMoML 153  [string length $entityMoML]]  [$restoredEntity exportMoML]]
    list $results	

==== Test generated error:
While trying to open ptolemy.moml.EntityLibrary {.testUserActorLibrary_OK_2_DELETE} in null, getDirectory() returned null?  Perhaps an entity of name "directory" was not created?
    while executing
java.lang.NullPointerException: While trying to open ptolemy.moml.EntityLibrary {.testUserActorLibrary_OK_2_DELETE} in null, getDirectory() returned null?  Perhaps an entity of name "directory" was not created?
	at ptolemy.actor.gui.Configuration._openModel(Configuration.java:1566)
	at ptolemy.actor.gui.Configuration.openModel(Configuration.java:1246)
	at ptolemy.actor.gui.Configuration.openModel(Configuration.java:1204)
	at ptolemy.actor.gui.UserActorLibrary.saveComponentInLibrary(UserActorLibrary.java:323)
	at sun.reflect.NativeMethodAccessorImpl.invoke0(Native Method)
	at sun.reflect.NativeMethodAccessorImpl.invoke(NativeMethodAccessorImpl.java:62)
	at sun.reflect.DelegatingMethodAccessorImpl.invoke(DelegatingMethodAccessorImpl.java:43)
	at java.lang.reflect.Method.invoke(Method.java:498)
	at tcl.lang.reflect.PkgInvoker.invokeMethod(PkgInvoker.java:129)
	at tcl.lang.JavaInvoke.call(JavaInvoke.java:253)
	at tcl.lang.JavaInvoke.callStaticMethod(JavaInvoke.java:169)
	at tcl.lang.JavaCallCmd.cmdProc(JavaCallCmd.java:74)
	at tcl.lang.Parser.evalObjv(Parser.java:740)
	at tcl.lang.Parser.eval2(Parser.java:1138)
	at tcl.lang.Procedure.cmdProc(Procedure.java:175)
	at tcl.lang.Parser.evalObjv(Parser.java:740)
	at tcl.lang.Parser.eval2(Parser.java:1138)
	at tcl.lang.Parser.evalTokens(Parser.java:930)
	at tcl.lang.Parser.eval2(Parser.java:1125)
	at tcl.lang.Procedure.cmdProc(Procedure.java:175)
	at tcl.lang.Parser.evalObjv(Parser.java:740)
	at tcl.lang.Parser.eval2(Parser.java:1138)
	at tcl.lang.Parser.evalTokens(Parser.java:930)
	at tcl.lang.Parser.eval2(Parser.java:1125)
	at tcl.lang.Parser.evalTokens(Parser.java:930)
	at tcl.lang.Parser.eval2(Parser.java:1125)
	at tcl.lang.Interp.eval(Interp.java:1782)
	at tcl.lang.Interp.eval(Interp.java:1841)
	at tcl.lang.UplevelCmd.cmdProc(UplevelCmd.java:93)
	at tcl.lang.Parser.evalObjv(Parser.java:740)
	at tcl.lang.Parser.eval2(Parser.java:1138)
	at tcl.lang.Interp.eval(Interp.java:1782)
	at tcl.lang.Interp.eval(Interp.java:1841)
	at tcl.lang.CatchCmd.cmdProc(CatchCmd.java:42)
	at tcl.lang.Parser.evalObjv(Parser.java:740)
	at tcl.lang.Parser.eval2(Parser.java:1138)
	at tcl.lang.Parser.evalTokens(Parser.java:930)
	at tcl.lang.Parser.eval2(Parser.java:1125)
	at tcl.lang.Procedure.cmdProc(Procedure.java:175)
	at tcl.lang.Parser.evalObjv(Parser.java:740)
	at tcl.lang.Parser.eval2(Parser.java:1138)
	at tcl.lang.Interp.eval(Interp.java:1782)
	at tcl.lang.Interp.evalFile(Interp.java:1880)
	at sun.reflect.NativeMethodAccessorImpl.invoke0(Native Method)
	at sun.reflect.NativeMethodAccessorImpl.invoke(NativeMethodAccessorImpl.java:62)
	at sun.reflect.DelegatingMethodAccessorImpl.invoke(DelegatingMethodAccessorImpl.java:43)
	at java.lang.reflect.Method.invoke(Method.java:498)
	at ptolemy.util.test.junit.TclTests.RunTclFile(TclTests.java:233)
	at sun.reflect.NativeMethodAccessorImpl.invoke0(Native Method)
	at sun.reflect.NativeMethodAccessorImpl.invoke(NativeMethodAccessorImpl.java:62)
	at sun.reflect.DelegatingMethodAccessorImpl.invoke(DelegatingMethodAccessorImpl.java:43)
	at java.lang.reflect.Method.invoke(Method.java:498)
	at org.junit.runners.model.FrameworkMethod$1.runReflectiveCall(FrameworkMethod.java:44)
	at org.junit.internal.runners.model.ReflectiveCallable.run(ReflectiveCallable.java:15)
	at org.junit.runners.model.FrameworkMethod.invokeExplosively(FrameworkMethod.java:41)
	at junitparams.internal.InvokeParameterisedMethod.evaluate(InvokeParameterisedMethod.java:102)
	at junitparams.internal.ParameterisedTestMethodRunner.runMethodInvoker(ParameterisedTestMethodRunner.java:47)
	at junitparams.internal.ParameterisedTestMethodRunner.runTestMethod(ParameterisedTestMethodRunner.java:41)
	at junitparams.internal.ParameterisedTestClassRunner.runParameterisedTest(ParameterisedTestClassRunner.java:143)
	at junitparams.JUnitParamsRunner.runChild(JUnitParamsRunner.java:237)
	at junitparams.JUnitParamsRunner.runChild(JUnitParamsRunner.java:215)
	at org.junit.runners.ParentRunner$3.run(ParentRunner.java:193)
	at org.junit.runners.ParentRunner$1.schedule(ParentRunner.java:52)
	at org.junit.runners.ParentRunner.runChildren(ParentRunner.java:191)
	at org.junit.runners.ParentRunner.access$000(ParentRunner.java:42)
	at org.junit.runners.ParentRunner$2.evaluate(ParentRunner.java:184)
	at org.junit.internal.runners.statements.RunAfters.evaluate(RunAfters.java:31)
	at org.junit.runners.ParentRunner.run(ParentRunner.java:236)
	at org.junit.runners.Suite.runChild(Suite.java:128)
	at org.junit.runners.Suite.runChild(Suite.java:24)
	at org.junit.runners.ParentRunner$3.run(ParentRunner.java:193)
	at org.junit.runners.ParentRunner$1.schedule(ParentRunner.java:52)
	at org.junit.runners.ParentRunner.runChildren(ParentRunner.java:191)
	at org.junit.runners.ParentRunner.access$000(ParentRunner.java:42)
	at org.junit.runners.ParentRunner$2.evaluate(ParentRunner.java:184)
	at org.junit.runners.ParentRunner.run(ParentRunner.java:236)
	at junit.framework.JUnit4TestAdapter.run(JUnit4TestAdapter.java:39)
	at org.apache.tools.ant.taskdefs.optional.junit.JUnitTestRunner.run(JUnitTestRunner.java:535)
	at org.apache.tools.ant.taskdefs.optional.junit.JUnitTestRunner.launch(JUnitTestRunner.java:1182)
	at org.apache.tools.ant.taskdefs.optional.junit.JUnitTestRunner.main(JUnitTestRunner.java:1033)

    while executing
java.lang.NullPointerException: While trying to open ptolemy.moml.EntityLibrary {.testUserActorLibrary_OK_2_DELETE} in null, getDirectory() returned null?  Perhaps an entity of name "directory" was not created?
    while executing
"java::call ptolemy.actor.gui.UserActorLibrary  saveComponentInLibrary  $configuration $entity"
    (procedure "testSaveComponentInLibrary" line 4)
    invoked from within
"testSaveComponentInLibrary $entity $configuration $userLibraryName"
    invoked from within
"return [testSaveComponentInLibrary $entity $configuration $userLibraryName]
"
    (procedure "testSaveFileInLibrary" line 11)
    invoked from within
"testSaveFileInLibrary  ../../lib/Sinewave.xml $configuration"
    invoked from within
"java::cast ptolemy.moml.EntityLibrary  [testSaveFileInLibrary  ../../lib/Sinewave.xml $configuration]"
    invoked from within
"set entityLibrary [java::cast ptolemy.moml.EntityLibrary  [testSaveFileInLibrary  ../../lib/Sinewave.xml $configuration]]"
    ("uplevel" body line 5)
    invoked from within
"uplevel $contents_of_test"


==== $PTII/ptolemy/actor/gui/test/UserActorLibrary.tcl: UserActorLibrary-1.3 model.xml, which has problems with hideName
==== Contents of test case:


    set parser [java::new ptolemy.moml.MoMLParser]
    $parser reset
    set entity [java::cast ptolemy.kernel.CompositeEntity  [$parser parseFile hideNameTestModel.xml]]
    set entity2 [$entity getEntity CompositeActor]
    java::call ptolemy.actor.gui.UserActorLibrary  saveComponentInLibrary  $configuration $entity2


==== Test generated error:
While trying to open ptolemy.moml.EntityLibrary {.testUserActorLibrary_OK_2_DELETE} in null, getDirectory() returned null?  Perhaps an entity of name "directory" was not created?
    while executing
java.lang.NullPointerException: While trying to open ptolemy.moml.EntityLibrary {.testUserActorLibrary_OK_2_DELETE} in null, getDirectory() returned null?  Perhaps an entity of name "directory" was not created?
	at ptolemy.actor.gui.Configuration._openModel(Configuration.java:1566)
	at ptolemy.actor.gui.Configuration.openModel(Configuration.java:1246)
	at ptolemy.actor.gui.Configuration.openModel(Configuration.java:1204)
	at ptolemy.actor.gui.UserActorLibrary.saveComponentInLibrary(UserActorLibrary.java:323)
	at sun.reflect.NativeMethodAccessorImpl.invoke0(Native Method)
	at sun.reflect.NativeMethodAccessorImpl.invoke(NativeMethodAccessorImpl.java:62)
	at sun.reflect.DelegatingMethodAccessorImpl.invoke(DelegatingMethodAccessorImpl.java:43)
	at java.lang.reflect.Method.invoke(Method.java:498)
	at tcl.lang.reflect.PkgInvoker.invokeMethod(PkgInvoker.java:129)
	at tcl.lang.JavaInvoke.call(JavaInvoke.java:253)
	at tcl.lang.JavaInvoke.callStaticMethod(JavaInvoke.java:169)
	at tcl.lang.JavaCallCmd.cmdProc(JavaCallCmd.java:74)
	at tcl.lang.Parser.evalObjv(Parser.java:740)
	at tcl.lang.Parser.eval2(Parser.java:1138)
	at tcl.lang.Interp.eval(Interp.java:1782)
	at tcl.lang.Interp.eval(Interp.java:1841)
	at tcl.lang.UplevelCmd.cmdProc(UplevelCmd.java:93)
	at tcl.lang.Parser.evalObjv(Parser.java:740)
	at tcl.lang.Parser.eval2(Parser.java:1138)
	at tcl.lang.Interp.eval(Interp.java:1782)
	at tcl.lang.Interp.eval(Interp.java:1841)
	at tcl.lang.CatchCmd.cmdProc(CatchCmd.java:42)
	at tcl.lang.Parser.evalObjv(Parser.java:740)
	at tcl.lang.Parser.eval2(Parser.java:1138)
	at tcl.lang.Parser.evalTokens(Parser.java:930)
	at tcl.lang.Parser.eval2(Parser.java:1125)
	at tcl.lang.Procedure.cmdProc(Procedure.java:175)
	at tcl.lang.Parser.evalObjv(Parser.java:740)
	at tcl.lang.Parser.eval2(Parser.java:1138)
	at tcl.lang.Interp.eval(Interp.java:1782)
	at tcl.lang.Interp.evalFile(Interp.java:1880)
	at sun.reflect.NativeMethodAccessorImpl.invoke0(Native Method)
	at sun.reflect.NativeMethodAccessorImpl.invoke(NativeMethodAccessorImpl.java:62)
	at sun.reflect.DelegatingMethodAccessorImpl.invoke(DelegatingMethodAccessorImpl.java:43)
	at java.lang.reflect.Method.invoke(Method.java:498)
	at ptolemy.util.test.junit.TclTests.RunTclFile(TclTests.java:233)
	at sun.reflect.NativeMethodAccessorImpl.invoke0(Native Method)
	at sun.reflect.NativeMethodAccessorImpl.invoke(NativeMethodAccessorImpl.java:62)
	at sun.reflect.DelegatingMethodAccessorImpl.invoke(DelegatingMethodAccessorImpl.java:43)
	at java.lang.reflect.Method.invoke(Method.java:498)
	at org.junit.runners.model.FrameworkMethod$1.runReflectiveCall(FrameworkMethod.java:44)
	at org.junit.internal.runners.model.ReflectiveCallable.run(ReflectiveCallable.java:15)
	at org.junit.runners.model.FrameworkMethod.invokeExplosively(FrameworkMethod.java:41)
	at junitparams.internal.InvokeParameterisedMethod.evaluate(InvokeParameterisedMethod.java:102)
	at junitparams.internal.ParameterisedTestMethodRunner.runMethodInvoker(ParameterisedTestMethodRunner.java:47)
	at junitparams.internal.ParameterisedTestMethodRunner.runTestMethod(ParameterisedTestMethodRunner.java:41)
	at junitparams.internal.ParameterisedTestClassRunner.runParameterisedTest(ParameterisedTestClassRunner.java:143)
	at junitparams.JUnitParamsRunner.runChild(JUnitParamsRunner.java:237)
	at junitparams.JUnitParamsRunner.runChild(JUnitParamsRunner.java:215)
	at org.junit.runners.ParentRunner$3.run(ParentRunner.java:193)
	at org.junit.runners.ParentRunner$1.schedule(ParentRunner.java:52)
	at org.junit.runners.ParentRunner.runChildren(ParentRunner.java:191)
	at org.junit.runners.ParentRunner.access$000(ParentRunner.java:42)
	at org.junit.runners.ParentRunner$2.evaluate(ParentRunner.java:184)
	at org.junit.internal.runners.statements.RunAfters.evaluate(RunAfters.java:31)
	at org.junit.runners.ParentRunner.run(ParentRunner.java:236)
	at org.junit.runners.Suite.runChild(Suite.java:128)
	at org.junit.runners.Suite.runChild(Suite.java:24)
	at org.junit.runners.ParentRunner$3.run(ParentRunner.java:193)
	at org.junit.runners.ParentRunner$1.schedule(ParentRunner.java:52)
	at org.junit.runners.ParentRunner.runChildren(ParentRunner.java:191)
	at org.junit.runners.ParentRunner.access$000(ParentRunner.java:42)
	at org.junit.runners.ParentRunner$2.evaluate(ParentRunner.java:184)
	at org.junit.runners.ParentRunner.run(ParentRunner.java:236)
	at junit.framework.JUnit4TestAdapter.run(JUnit4TestAdapter.java:39)
	at org.apache.tools.ant.taskdefs.optional.junit.JUnitTestRunner.run(JUnitTestRunner.java:535)
	at org.apache.tools.ant.taskdefs.optional.junit.JUnitTestRunner.launch(JUnitTestRunner.java:1182)
	at org.apache.tools.ant.taskdefs.optional.junit.JUnitTestRunner.main(JUnitTestRunner.java:1033)

    while executing
java.lang.NullPointerException: While trying to open ptolemy.moml.EntityLibrary {.testUserActorLibrary_OK_2_DELETE} in null, getDirectory() returned null?  Perhaps an entity of name "directory" was not created?
    while executing
"java::call ptolemy.actor.gui.UserActorLibrary  saveComponentInLibrary  $configuration $entity2"
    ("uplevel" body line 7)
    invoked from within
"uplevel $contents_of_test"


==== $PTII/ptolemy/actor/gui/test/UserActorLibrary.tcl: UserActorLibrary-1.4 Try to assign to a Singleton. ComponentEntity._checkContainer() was throwing an exception, which was masking the real error  
==== Contents of test case:


    resetUserLibrary $configuration $userLibraryName

    set handler [java::new ptolemy.util.MessageHandler]
    java::call ptolemy.util.MessageHandler setMessageHandler $handler

    java::call ptolemy.actor.gui.UserActorLibrary openUserLibrary  $configuration

    java::call ptolemy.actor.gui.UserActorLibrary saveComponentInLibrary  $configuration $entity2

==== Test generated error:
While trying to open ptolemy.moml.EntityLibrary {.testUserActorLibrary_OK_2_DELETE} in null, getDirectory() returned null?  Perhaps an entity of name "directory" was not created?
    while executing
java.lang.NullPointerException: While trying to open ptolemy.moml.EntityLibrary {.testUserActorLibrary_OK_2_DELETE} in null, getDirectory() returned null?  Perhaps an entity of name "directory" was not created?
	at ptolemy.actor.gui.Configuration._openModel(Configuration.java:1566)
	at ptolemy.actor.gui.Configuration.openModel(Configuration.java:1246)
	at ptolemy.actor.gui.Configuration.openModel(Configuration.java:1204)
	at ptolemy.actor.gui.UserActorLibrary.saveComponentInLibrary(UserActorLibrary.java:323)
	at sun.reflect.NativeMethodAccessorImpl.invoke0(Native Method)
	at sun.reflect.NativeMethodAccessorImpl.invoke(NativeMethodAccessorImpl.java:62)
	at sun.reflect.DelegatingMethodAccessorImpl.invoke(DelegatingMethodAccessorImpl.java:43)
	at java.lang.reflect.Method.invoke(Method.java:498)
	at tcl.lang.reflect.PkgInvoker.invokeMethod(PkgInvoker.java:129)
	at tcl.lang.JavaInvoke.call(JavaInvoke.java:253)
	at tcl.lang.JavaInvoke.callStaticMethod(JavaInvoke.java:169)
	at tcl.lang.JavaCallCmd.cmdProc(JavaCallCmd.java:74)
	at tcl.lang.Parser.evalObjv(Parser.java:740)
	at tcl.lang.Parser.eval2(Parser.java:1138)
	at tcl.lang.Interp.eval(Interp.java:1782)
	at tcl.lang.Interp.eval(Interp.java:1841)
	at tcl.lang.UplevelCmd.cmdProc(UplevelCmd.java:93)
	at tcl.lang.Parser.evalObjv(Parser.java:740)
	at tcl.lang.Parser.eval2(Parser.java:1138)
	at tcl.lang.Interp.eval(Interp.java:1782)
	at tcl.lang.Interp.eval(Interp.java:1841)
	at tcl.lang.CatchCmd.cmdProc(CatchCmd.java:42)
	at tcl.lang.Parser.evalObjv(Parser.java:740)
	at tcl.lang.Parser.eval2(Parser.java:1138)
	at tcl.lang.Parser.evalTokens(Parser.java:930)
	at tcl.lang.Parser.eval2(Parser.java:1125)
	at tcl.lang.Procedure.cmdProc(Procedure.java:175)
	at tcl.lang.Parser.evalObjv(Parser.java:740)
	at tcl.lang.Parser.eval2(Parser.java:1138)
	at tcl.lang.Interp.eval(Interp.java:1782)
	at tcl.lang.Interp.evalFile(Interp.java:1880)
	at sun.reflect.NativeMethodAccessorImpl.invoke0(Native Method)
	at sun.reflect.NativeMethodAccessorImpl.invoke(NativeMethodAccessorImpl.java:62)
	at sun.reflect.DelegatingMethodAccessorImpl.invoke(DelegatingMethodAccessorImpl.java:43)
	at java.lang.reflect.Method.invoke(Method.java:498)
	at ptolemy.util.test.junit.TclTests.RunTclFile(TclTests.java:233)
	at sun.reflect.NativeMethodAccessorImpl.invoke0(Native Method)
	at sun.reflect.NativeMethodAccessorImpl.invoke(NativeMethodAccessorImpl.java:62)
	at sun.reflect.DelegatingMethodAccessorImpl.invoke(DelegatingMethodAccessorImpl.java:43)
	at java.lang.reflect.Method.invoke(Method.java:498)
	at org.junit.runners.model.FrameworkMethod$1.runReflectiveCall(FrameworkMethod.java:44)
	at org.junit.internal.runners.model.ReflectiveCallable.run(ReflectiveCallable.java:15)
	at org.junit.runners.model.FrameworkMethod.invokeExplosively(FrameworkMethod.java:41)
	at junitparams.internal.InvokeParameterisedMethod.evaluate(InvokeParameterisedMethod.java:102)
	at junitparams.internal.ParameterisedTestMethodRunner.runMethodInvoker(ParameterisedTestMethodRunner.java:47)
	at junitparams.internal.ParameterisedTestMethodRunner.runTestMethod(ParameterisedTestMethodRunner.java:41)
	at junitparams.internal.ParameterisedTestClassRunner.runParameterisedTest(ParameterisedTestClassRunner.java:143)
	at junitparams.JUnitParamsRunner.runChild(JUnitParamsRunner.java:237)
	at junitparams.JUnitParamsRunner.runChild(JUnitParamsRunner.java:215)
	at org.junit.runners.ParentRunner$3.run(ParentRunner.java:193)
	at org.junit.runners.ParentRunner$1.schedule(ParentRunner.java:52)
	at org.junit.runners.ParentRunner.runChildren(ParentRunner.java:191)
	at org.junit.runners.ParentRunner.access$000(ParentRunner.java:42)
	at org.junit.runners.ParentRunner$2.evaluate(ParentRunner.java:184)
	at org.junit.internal.runners.statements.RunAfters.evaluate(RunAfters.java:31)
	at org.junit.runners.ParentRunner.run(ParentRunner.java:236)
	at org.junit.runners.Suite.runChild(Suite.java:128)
	at org.junit.runners.Suite.runChild(Suite.java:24)
	at org.junit.runners.ParentRunner$3.run(ParentRunner.java:193)
	at org.junit.runners.ParentRunner$1.schedule(ParentRunner.java:52)
	at org.junit.runners.ParentRunner.runChildren(ParentRunner.java:191)
	at org.junit.runners.ParentRunner.access$000(ParentRunner.java:42)
	at org.junit.runners.ParentRunner$2.evaluate(ParentRunner.java:184)
	at org.junit.runners.ParentRunner.run(ParentRunner.java:236)
	at junit.framework.JUnit4TestAdapter.run(JUnit4TestAdapter.java:39)
	at org.apache.tools.ant.taskdefs.optional.junit.JUnitTestRunner.run(JUnitTestRunner.java:535)
	at org.apache.tools.ant.taskdefs.optional.junit.JUnitTestRunner.launch(JUnitTestRunner.java:1182)
	at org.apache.tools.ant.taskdefs.optional.junit.JUnitTestRunner.main(JUnitTestRunner.java:1033)

    while executing
java.lang.NullPointerException: While trying to open ptolemy.moml.EntityLibrary {.testUserActorLibrary_OK_2_DELETE} in null, getDirectory() returned null?  Perhaps an entity of name "directory" was not created?
    while executing
"java::call ptolemy.actor.gui.UserActorLibrary saveComponentInLibrary  $configuration $entity2
"
    ("uplevel" body line 10)
    invoked from within
"uplevel $contents_of_test"


==== $PTII/ptolemy/actor/gui/test/UserActorLibrary.tcl: UserActorLibrary-2.0 A PortParameter in an unnamed entity
==== Contents of test case:

    resetUserLibrary $configuration $userLibraryName

    set toplevel [java::new ptolemy.actor.TypedCompositeActor]
    set portParameter [java::new ptolemy.actor.parameters.PortParameter $toplevel myPortParameter]
    java::call ptolemy.actor.gui.UserActorLibrary  saveComponentInLibrary  $configuration $toplevel
    list [$errorHandler getMessages] [$messageHandler getMessages]

==== Test generated error:
While trying to open ptolemy.moml.EntityLibrary {.testUserActorLibrary_OK_2_DELETE} in null, getDirectory() returned null?  Perhaps an entity of name "directory" was not created?
    while executing
java.lang.NullPointerException: While trying to open ptolemy.moml.EntityLibrary {.testUserActorLibrary_OK_2_DELETE} in null, getDirectory() returned null?  Perhaps an entity of name "directory" was not created?
	at ptolemy.actor.gui.Configuration._openModel(Configuration.java:1566)
	at ptolemy.actor.gui.Configuration.openModel(Configuration.java:1246)
	at ptolemy.actor.gui.Configuration.openModel(Configuration.java:1204)
	at ptolemy.actor.gui.UserActorLibrary.saveComponentInLibrary(UserActorLibrary.java:323)
	at sun.reflect.NativeMethodAccessorImpl.invoke0(Native Method)
	at sun.reflect.NativeMethodAccessorImpl.invoke(NativeMethodAccessorImpl.java:62)
	at sun.reflect.DelegatingMethodAccessorImpl.invoke(DelegatingMethodAccessorImpl.java:43)
	at java.lang.reflect.Method.invoke(Method.java:498)
	at tcl.lang.reflect.PkgInvoker.invokeMethod(PkgInvoker.java:129)
	at tcl.lang.JavaInvoke.call(JavaInvoke.java:253)
	at tcl.lang.JavaInvoke.callStaticMethod(JavaInvoke.java:169)
	at tcl.lang.JavaCallCmd.cmdProc(JavaCallCmd.java:74)
	at tcl.lang.Parser.evalObjv(Parser.java:740)
	at tcl.lang.Parser.eval2(Parser.java:1138)
	at tcl.lang.Interp.eval(Interp.java:1782)
	at tcl.lang.Interp.eval(Interp.java:1841)
	at tcl.lang.UplevelCmd.cmdProc(UplevelCmd.java:93)
	at tcl.lang.Parser.evalObjv(Parser.java:740)
	at tcl.lang.Parser.eval2(Parser.java:1138)
	at tcl.lang.Interp.eval(Interp.java:1782)
	at tcl.lang.Interp.eval(Interp.java:1841)
	at tcl.lang.CatchCmd.cmdProc(CatchCmd.java:42)
	at tcl.lang.Parser.evalObjv(Parser.java:740)
	at tcl.lang.Parser.eval2(Parser.java:1138)
	at tcl.lang.Parser.evalTokens(Parser.java:930)
	at tcl.lang.Parser.eval2(Parser.java:1125)
	at tcl.lang.Procedure.cmdProc(Procedure.java:175)
	at tcl.lang.Parser.evalObjv(Parser.java:740)
	at tcl.lang.Parser.eval2(Parser.java:1138)
	at tcl.lang.Interp.eval(Interp.java:1782)
	at tcl.lang.Interp.evalFile(Interp.java:1880)
	at sun.reflect.NativeMethodAccessorImpl.invoke0(Native Method)
	at sun.reflect.NativeMethodAccessorImpl.invoke(NativeMethodAccessorImpl.java:62)
	at sun.reflect.DelegatingMethodAccessorImpl.invoke(DelegatingMethodAccessorImpl.java:43)
	at java.lang.reflect.Method.invoke(Method.java:498)
	at ptolemy.util.test.junit.TclTests.RunTclFile(TclTests.java:233)
	at sun.reflect.NativeMethodAccessorImpl.invoke0(Native Method)
	at sun.reflect.NativeMethodAccessorImpl.invoke(NativeMethodAccessorImpl.java:62)
	at sun.reflect.DelegatingMethodAccessorImpl.invoke(DelegatingMethodAccessorImpl.java:43)
	at java.lang.reflect.Method.invoke(Method.java:498)
	at org.junit.runners.model.FrameworkMethod$1.runReflectiveCall(FrameworkMethod.java:44)
	at org.junit.internal.runners.model.ReflectiveCallable.run(ReflectiveCallable.java:15)
	at org.junit.runners.model.FrameworkMethod.invokeExplosively(FrameworkMethod.java:41)
	at junitparams.internal.InvokeParameterisedMethod.evaluate(InvokeParameterisedMethod.java:102)
	at junitparams.internal.ParameterisedTestMethodRunner.runMethodInvoker(ParameterisedTestMethodRunner.java:47)
	at junitparams.internal.ParameterisedTestMethodRunner.runTestMethod(ParameterisedTestMethodRunner.java:41)
	at junitparams.internal.ParameterisedTestClassRunner.runParameterisedTest(ParameterisedTestClassRunner.java:143)
	at junitparams.JUnitParamsRunner.runChild(JUnitParamsRunner.java:237)
	at junitparams.JUnitParamsRunner.runChild(JUnitParamsRunner.java:215)
	at org.junit.runners.ParentRunner$3.run(ParentRunner.java:193)
	at org.junit.runners.ParentRunner$1.schedule(ParentRunner.java:52)
	at org.junit.runners.ParentRunner.runChildren(ParentRunner.java:191)
	at org.junit.runners.ParentRunner.access$000(ParentRunner.java:42)
	at org.junit.runners.ParentRunner$2.evaluate(ParentRunner.java:184)
	at org.junit.internal.runners.statements.RunAfters.evaluate(RunAfters.java:31)
	at org.junit.runners.ParentRunner.run(ParentRunner.java:236)
	at org.junit.runners.Suite.runChild(Suite.java:128)
	at org.junit.runners.Suite.runChild(Suite.java:24)
	at org.junit.runners.ParentRunner$3.run(ParentRunner.java:193)
	at org.junit.runners.ParentRunner$1.schedule(ParentRunner.java:52)
	at org.junit.runners.ParentRunner.runChildren(ParentRunner.java:191)
	at org.junit.runners.ParentRunner.access$000(ParentRunner.java:42)
	at org.junit.runners.ParentRunner$2.evaluate(ParentRunner.java:184)
	at org.junit.runners.ParentRunner.run(ParentRunner.java:236)
	at junit.framework.JUnit4TestAdapter.run(JUnit4TestAdapter.java:39)
	at org.apache.tools.ant.taskdefs.optional.junit.JUnitTestRunner.run(JUnitTestRunner.java:535)
	at org.apache.tools.ant.taskdefs.optional.junit.JUnitTestRunner.launch(JUnitTestRunner.java:1182)
	at org.apache.tools.ant.taskdefs.optional.junit.JUnitTestRunner.main(JUnitTestRunner.java:1033)

    while executing
java.lang.NullPointerException: While trying to open ptolemy.moml.EntityLibrary {.testUserActorLibrary_OK_2_DELETE} in null, getDirectory() returned null?  Perhaps an entity of name "directory" was not created?
    while executing
"java::call ptolemy.actor.gui.UserActorLibrary  saveComponentInLibrary  $configuration $toplevel"
    ("uplevel" body line 6)
    invoked from within
"uplevel $contents_of_test"


==== $PTII/ptolemy/actor/gui/test/UserActorLibrary.tcl: UserActorLibrary-2.1 A Ramp in an unnamed entity
==== Contents of test case:

    resetUserLibrary $configuration $userLibraryName

    set toplevel2_1 [java::new ptolemy.actor.TypedCompositeActor]
    set ramp [java::new ptolemy.actor.lib.Ramp $toplevel2_1 myRamp]
    java::call ptolemy.actor.gui.UserActorLibrary  saveComponentInLibrary  $configuration $toplevel2_1
    list [$errorHandler getMessages] [$messageHandler getMessages]

==== Test generated error:
While trying to open ptolemy.moml.EntityLibrary {.testUserActorLibrary_OK_2_DELETE} in null, getDirectory() returned null?  Perhaps an entity of name "directory" was not created?
    while executing
java.lang.NullPointerException: While trying to open ptolemy.moml.EntityLibrary {.testUserActorLibrary_OK_2_DELETE} in null, getDirectory() returned null?  Perhaps an entity of name "directory" was not created?
	at ptolemy.actor.gui.Configuration._openModel(Configuration.java:1566)
	at ptolemy.actor.gui.Configuration.openModel(Configuration.java:1246)
	at ptolemy.actor.gui.Configuration.openModel(Configuration.java:1204)
	at ptolemy.actor.gui.UserActorLibrary.saveComponentInLibrary(UserActorLibrary.java:323)
	at sun.reflect.NativeMethodAccessorImpl.invoke0(Native Method)
	at sun.reflect.NativeMethodAccessorImpl.invoke(NativeMethodAccessorImpl.java:62)
	at sun.reflect.DelegatingMethodAccessorImpl.invoke(DelegatingMethodAccessorImpl.java:43)
	at java.lang.reflect.Method.invoke(Method.java:498)
	at tcl.lang.reflect.PkgInvoker.invokeMethod(PkgInvoker.java:129)
	at tcl.lang.JavaInvoke.call(JavaInvoke.java:253)
	at tcl.lang.JavaInvoke.callStaticMethod(JavaInvoke.java:169)
	at tcl.lang.JavaCallCmd.cmdProc(JavaCallCmd.java:74)
	at tcl.lang.Parser.evalObjv(Parser.java:740)
	at tcl.lang.Parser.eval2(Parser.java:1138)
	at tcl.lang.Interp.eval(Interp.java:1782)
	at tcl.lang.Interp.eval(Interp.java:1841)
	at tcl.lang.UplevelCmd.cmdProc(UplevelCmd.java:93)
	at tcl.lang.Parser.evalObjv(Parser.java:740)
	at tcl.lang.Parser.eval2(Parser.java:1138)
	at tcl.lang.Interp.eval(Interp.java:1782)
	at tcl.lang.Interp.eval(Interp.java:1841)
	at tcl.lang.CatchCmd.cmdProc(CatchCmd.java:42)
	at tcl.lang.Parser.evalObjv(Parser.java:740)
	at tcl.lang.Parser.eval2(Parser.java:1138)
	at tcl.lang.Parser.evalTokens(Parser.java:930)
	at tcl.lang.Parser.eval2(Parser.java:1125)
	at tcl.lang.Procedure.cmdProc(Procedure.java:175)
	at tcl.lang.Parser.evalObjv(Parser.java:740)
	at tcl.lang.Parser.eval2(Parser.java:1138)
	at tcl.lang.Interp.eval(Interp.java:1782)
	at tcl.lang.Interp.evalFile(Interp.java:1880)
	at sun.reflect.NativeMethodAccessorImpl.invoke0(Native Method)
	at sun.reflect.NativeMethodAccessorImpl.invoke(NativeMethodAccessorImpl.java:62)
	at sun.reflect.DelegatingMethodAccessorImpl.invoke(DelegatingMethodAccessorImpl.java:43)
	at java.lang.reflect.Method.invoke(Method.java:498)
	at ptolemy.util.test.junit.TclTests.RunTclFile(TclTests.java:233)
	at sun.reflect.NativeMethodAccessorImpl.invoke0(Native Method)
	at sun.reflect.NativeMethodAccessorImpl.invoke(NativeMethodAccessorImpl.java:62)
	at sun.reflect.DelegatingMethodAccessorImpl.invoke(DelegatingMethodAccessorImpl.java:43)
	at java.lang.reflect.Method.invoke(Method.java:498)
	at org.junit.runners.model.FrameworkMethod$1.runReflectiveCall(FrameworkMethod.java:44)
	at org.junit.internal.runners.model.ReflectiveCallable.run(ReflectiveCallable.java:15)
	at org.junit.runners.model.FrameworkMethod.invokeExplosively(FrameworkMethod.java:41)
	at junitparams.internal.InvokeParameterisedMethod.evaluate(InvokeParameterisedMethod.java:102)
	at junitparams.internal.ParameterisedTestMethodRunner.runMethodInvoker(ParameterisedTestMethodRunner.java:47)
	at junitparams.internal.ParameterisedTestMethodRunner.runTestMethod(ParameterisedTestMethodRunner.java:41)
	at junitparams.internal.ParameterisedTestClassRunner.runParameterisedTest(ParameterisedTestClassRunner.java:143)
	at junitparams.JUnitParamsRunner.runChild(JUnitParamsRunner.java:237)
	at junitparams.JUnitParamsRunner.runChild(JUnitParamsRunner.java:215)
	at org.junit.runners.ParentRunner$3.run(ParentRunner.java:193)
	at org.junit.runners.ParentRunner$1.schedule(ParentRunner.java:52)
	at org.junit.runners.ParentRunner.runChildren(ParentRunner.java:191)
	at org.junit.runners.ParentRunner.access$000(ParentRunner.java:42)
	at org.junit.runners.ParentRunner$2.evaluate(ParentRunner.java:184)
	at org.junit.internal.runners.statements.RunAfters.evaluate(RunAfters.java:31)
	at org.junit.runners.ParentRunner.run(ParentRunner.java:236)
	at org.junit.runners.Suite.runChild(Suite.java:128)
	at org.junit.runners.Suite.runChild(Suite.java:24)
	at org.junit.runners.ParentRunner$3.run(ParentRunner.java:193)
	at org.junit.runners.ParentRunner$1.schedule(ParentRunner.java:52)
	at org.junit.runners.ParentRunner.runChildren(ParentRunner.java:191)
	at org.junit.runners.ParentRunner.access$000(ParentRunner.java:42)
	at org.junit.runners.ParentRunner$2.evaluate(ParentRunner.java:184)
	at org.junit.runners.ParentRunner.run(ParentRunner.java:236)
	at junit.framework.JUnit4TestAdapter.run(JUnit4TestAdapter.java:39)
	at org.apache.tools.ant.taskdefs.optional.junit.JUnitTestRunner.run(JUnitTestRunner.java:535)
	at org.apache.tools.ant.taskdefs.optional.junit.JUnitTestRunner.launch(JUnitTestRunner.java:1182)
	at org.apache.tools.ant.taskdefs.optional.junit.JUnitTestRunner.main(JUnitTestRunner.java:1033)

    while executing
java.lang.NullPointerException: While trying to open ptolemy.moml.EntityLibrary {.testUserActorLibrary_OK_2_DELETE} in null, getDirectory() returned null?  Perhaps an entity of name "directory" was not created?
    while executing
"java::call ptolemy.actor.gui.UserActorLibrary  saveComponentInLibrary  $configuration $toplevel2_1"
    ("uplevel" body line 6)
    invoked from within
"uplevel $contents_of_test"
/home/travis/build/icyphy/ptII/ptolemy/actor/gui/test/ZZZConfiguration.tcl


==== $PTII/ptolemy/actor/gui/test/ZZZConfiguration.tcl: ZZZConfiguration-100.0 call setContainer, which calls _remoteEntity
==== Contents of test case:

    # Run this test last
    set directory [$configuration getDirectory]

    # StringUtilities.exit() checks to see if this property is has a length > 0
    java::call System setProperty ptolemy.ptII.doNotExit {}
    #java::call System clearProperty ptolemy.ptII.doNotExit

    # The Manager uses this property to help us test the Exit actor.
    java::call System setProperty ptolemy.ptII.exitAfterWrapup true

    catch {$directory setContainer [java::null]} errMsg

    # Reset the property
    java::call System setProperty ptolemy.ptII.doNotExit true

    java::new ptolemy.actor.gui.ModelDirectory $configuration [java::field ptolemy.actor.gui.Configuration _DIRECTORY_NAME]

    list $errMsg	

==== Result was:
{invalid command name "java0x0"}
---- Result should have been:
{java.lang.RuntimeException: Normally, we would exit here because Manager.exitAfterWrapup() was called.  However, because the ptolemy.ptII.exitAfterWrapup property is set, we throw this exception instead.}
---- ZZZConfiguration-100.0 FAILED
09/26/18 02:40:32
Failed: 8  Total Tests: 55  ((Passed: 47, Newly Passed: 0)  Known Failed: 0) /home/travis/build/icyphy/ptII/ptolemy/actor/gui/test
No auto/knownFailedTests/*.xml tests in /home/travis/build/icyphy/ptII/ptolemy/actor/gui/test
No auto/linux-amd64/*.xml tests in /home/travis/build/icyphy/ptII/ptolemy/actor/gui/test
AutoTests.java: About to close Vertx.
AutoTests.java: Vertx closed.
No auto/*.xml tests in /home/travis/build/icyphy/ptII/ptolemy/actor/gui/test
AutoTests.java: About to close Vertx.
AutoTests.java: Vertx closed.
]]></system-out>
  <system-err><![CDATA[[main] INFO com.github.sarxos.webcam.Webcam - WebcamDefaultDriver capture driver will be used
Loading accessor failed: HostCompatability.js
ptolemy.kernel.util.IllegalActionException: Error evaluating expression:
/** Check Host Compatability of an accessor by performing 
...
  in .configuration.actor library.MoreLibraries.Accessors.services.HostCompatability.script
Because:
Failed to evaluate script.
  in .configuration.actor library.MoreLibraries.Accessors.services.HostCompatability
Because:
require() failed to find matching file for module 'base64-js' in working directory '/home/travis/build/icyphy/ptII/ptolemy/actor/lib/jjs'  and not found in paths ["/home/travis/build/icyphy/ptII/ptolemy/actor/lib/jjs/","/home/travis/build/icyphy/ptII/ptolemy/actor/lib/jjs/modules/","/home/travis/build/icyphy/ptII/ptolemy/actor/lib/jjs/node/","/home/travis/build/icyphy/ptII/ptolemy/actor/lib/jjs/node_modules/","/home/travis/build/icyphy/ptII/org/terraswarm/accessor/accessors/web/hosts/","/home/travis/build/icyphy/ptII/org/terraswarm/accessor/accessors/web/","/home/travis/build/icyphy/ptII/org/terraswarm/accessor/accessors/web/hosts/common/modules/"] in /home/travis/build/icyphy/ptII/ptolemy/actor/lib/jjs/external/require.js at line number 376 at column number 12
  in .configuration.actor library.MoreLibraries.Accessors.services.HostCompatability.script
Because:
Error evaluating expression:
/** Check Host Compatability of an accessor by performing 
...
  in .configuration.actor library.MoreLibraries.Accessors.services.HostCompatability.script
Because:
Failed to evaluate script.
  in .configuration.actor library.MoreLibraries.Accessors.services.HostCompatability
Because:
require() failed to find matching file for module 'base64-js' in working directory '/home/travis/build/icyphy/ptII/ptolemy/actor/lib/jjs'  and not found in paths ["/home/travis/build/icyphy/ptII/ptolemy/actor/lib/jjs/","/home/travis/build/icyphy/ptII/ptolemy/actor/lib/jjs/modules/","/home/travis/build/icyphy/ptII/ptolemy/actor/lib/jjs/node/","/home/travis/build/icyphy/ptII/ptolemy/actor/lib/jjs/node_modules/","/home/travis/build/icyphy/ptII/org/terraswarm/accessor/accessors/web/hosts/","/home/travis/build/icyphy/ptII/org/terraswarm/accessor/accessors/web/","/home/travis/build/icyphy/ptII/org/terraswarm/accessor/accessors/web/hosts/common/modules/"] in /home/travis/build/icyphy/ptII/ptolemy/actor/lib/jjs/external/require.js at line number 376 at column number 12
RecorderMessageHandler: Failed to populate library. ptolemy.kernel.util.InternalErrorException: Loading accessor failed: HostCompatability.js
  in .configuration.actor library.MoreLibraries.Accessors.services
Because:
Error evaluating expression:
/** Check Host Compatability of an accessor by performing 
...
  in .configuration.actor library.MoreLibraries.Accessors.services.HostCompatability.script
Because:
Failed to evaluate script.
  in .configuration.actor library.MoreLibraries.Accessors.services.HostCompatability
Because:
require() failed to find matching file for module 'base64-js' in working directory '/home/travis/build/icyphy/ptII/ptolemy/actor/lib/jjs'  and not found in paths ["/home/travis/build/icyphy/ptII/ptolemy/actor/lib/jjs/","/home/travis/build/icyphy/ptII/ptolemy/actor/lib/jjs/modules/","/home/travis/build/icyphy/ptII/ptolemy/actor/lib/jjs/node/","/home/travis/build/icyphy/ptII/ptolemy/actor/lib/jjs/node_modules/","/home/travis/build/icyphy/ptII/org/terraswarm/accessor/accessors/web/hosts/","/home/travis/build/icyphy/ptII/org/terraswarm/accessor/accessors/web/","/home/travis/build/icyphy/ptII/org/terraswarm/accessor/accessors/web/hosts/common/modules/"] in /home/travis/build/icyphy/ptII/ptolemy/actor/lib/jjs/external/require.js at line number 376 at column number 12
  in .configuration.actor library.MoreLibraries.Accessors.services.HostCompatability.script
Because:
Error evaluating expression:
/** Check Host Compatability of an accessor by performing 
...
  in .configuration.actor library.MoreLibraries.Accessors.services.HostCompatability.script
Because:
Failed to evaluate script.
  in .configuration.actor library.MoreLibraries.Accessors.services.HostCompatability
Because:
require() failed to find matching file for module 'base64-js' in working directory '/home/travis/build/icyphy/ptII/ptolemy/actor/lib/jjs'  and not found in paths ["/home/travis/build/icyphy/ptII/ptolemy/actor/lib/jjs/","/home/travis/build/icyphy/ptII/ptolemy/actor/lib/jjs/modules/","/home/travis/build/icyphy/ptII/ptolemy/actor/lib/jjs/node/","/home/travis/build/icyphy/ptII/ptolemy/actor/lib/jjs/node_modules/","/home/travis/build/icyphy/ptII/org/terraswarm/accessor/accessors/web/hosts/","/home/travis/build/icyphy/ptII/org/terraswarm/accessor/accessors/web/","/home/travis/build/icyphy/ptII/org/terraswarm/accessor/accessors/web/hosts/common/modules/"] in /home/travis/build/icyphy/ptII/ptolemy/actor/lib/jjs/external/require.js at line number 376 at column number 12
]]></system-err>
</testsuite>
