<?xml version="1.0" encoding="UTF-8" ?>
<testsuite errors="0" failures="0" hostname="travis-job-a932b369-c33c-43e4-979d-cfc0ab89980b" name="ptolemy.domains.de.test.junit.JUnitTclTest" skipped="0" tests="101" time="130.863" timestamp="2019-04-10T04:00:13">
  <properties>
[...]
</properties>
  <testcase classname="ptolemy.util.test.junit.TclTests" name="[0] /home/travis/build/icyphy/ptII/ptolemy/domains/de/test/DependencyLoop.tcl (RunTclFile)" time="0.733" />
  <testcase classname="ptolemy.util.test.junit.TclTests" name="[1] /home/travis/build/icyphy/ptII/ptolemy/domains/de/test/RunDETestsAsQSS.tcl (RunTclFile)" time="90.46" />
  <testcase classname="ptolemy.util.test.junit.AutoKnownFailedTests" name="[0] /home/travis/build/icyphy/ptII/ptolemy/domains/de/test/auto/knownFailedTests/DESDFClockTest.xml (RunModel)" time="2.038" />
  <testcase classname="ptolemy.util.test.junit.AutoKnownFailedTests" name="[1] /home/travis/build/icyphy/ptII/ptolemy/domains/de/test/auto/knownFailedTests/DirectFeedback.xml (RunModel)" time="0.014" />
  <testcase classname="ptolemy.util.test.junit.AutoKnownFailedTests" name="[2] /home/travis/build/icyphy/ptII/ptolemy/domains/de/test/auto/knownFailedTests/FSMSource.xml (RunModel)" time="0.032" />
  <testcase classname="ptolemy.util.test.junit.AutoKnownFailedTests" name="[3] /home/travis/build/icyphy/ptII/ptolemy/domains/de/test/auto/knownFailedTests/HierarchicalModel.xml (RunModel)" time="0.043" />
  <testcase classname="ptolemy.util.test.junit.AutoKnownFailedTests" name="[4] /home/travis/build/icyphy/ptII/ptolemy/domains/de/test/auto/knownFailedTests/dependencyLoop.xml (RunModel)" time="0.053" />
  <testcase classname="ptolemy.util.test.junit.AutoKnownFailedTests" name="[5] /home/travis/build/icyphy/ptII/ptolemy/domains/de/test/auto/knownFailedTests/dependencyLoop2.xml (RunModel)" time="0.05" />
  <testcase classname="ptolemy.util.test.junit.AutoNameArchTests" name="[0] ThereAreNoAutoArchTests (RunModel)" time="0.001" />
  <testcase classname="ptolemy.util.test.junit.AutoTests" name="[0] /home/travis/build/icyphy/ptII/ptolemy/domains/de/test/auto/ActorDepthCalculation_actorWithoutPorts.xml (RunModel)" time="0.018" />
  <testcase classname="ptolemy.util.test.junit.AutoTests" name="[1] /home/travis/build/icyphy/ptII/ptolemy/domains/de/test/auto/AssemblyLine.xml (RunModel)" time="0.016" />
  <testcase classname="ptolemy.util.test.junit.AutoTests" name="[2] /home/travis/build/icyphy/ptII/ptolemy/domains/de/test/auto/CQBug1.xml (RunModel)" time="0.007" />
  <testcase classname="ptolemy.util.test.junit.AutoTests" name="[3] /home/travis/build/icyphy/ptII/ptolemy/domains/de/test/auto/CancelFireAt.xml (RunModel)" time="0.006" />
  <testcase classname="ptolemy.util.test.junit.AutoTests" name="[4] /home/travis/build/icyphy/ptII/ptolemy/domains/de/test/auto/CausalityAndComposabilityAnalysis.xml (RunModel)" time="0.012" />
  <testcase classname="ptolemy.util.test.junit.AutoTests" name="[5] /home/travis/build/icyphy/ptII/ptolemy/domains/de/test/auto/CausalityInterface1.xml (RunModel)" time="0.013" />
  <testcase classname="ptolemy.util.test.junit.AutoTests" name="[6] /home/travis/build/icyphy/ptII/ptolemy/domains/de/test/auto/CausalityInterface15.xml (RunModel)" time="0.018" />
  <testcase classname="ptolemy.util.test.junit.AutoTests" name="[7] /home/travis/build/icyphy/ptII/ptolemy/domains/de/test/auto/CausalityInterface2.xml (RunModel)" time="0.014" />
  <testcase classname="ptolemy.util.test.junit.AutoTests" name="[8] /home/travis/build/icyphy/ptII/ptolemy/domains/de/test/auto/CausalityInterface3.xml (RunModel)" time="0.012" />
  <testcase classname="ptolemy.util.test.junit.AutoTests" name="[9] /home/travis/build/icyphy/ptII/ptolemy/domains/de/test/auto/ClockDrift.xml (RunModel)" time="0.048" />
  <testcase classname="ptolemy.util.test.junit.AutoTests" name="[10] /home/travis/build/icyphy/ptII/ptolemy/domains/de/test/auto/ClockDriftAndValueChange.xml (RunModel)" time="0.034" />
  <testcase classname="ptolemy.util.test.junit.AutoTests" name="[11] /home/travis/build/icyphy/ptII/ptolemy/domains/de/test/auto/ClockDriftChange.xml (RunModel)" time="0.031" />
  <testcase classname="ptolemy.util.test.junit.AutoTests" name="[12] /home/travis/build/icyphy/ptII/ptolemy/domains/de/test/auto/ComposableCausalityAnalysis.xml (RunModel)" time="0.016" />
  <testcase classname="ptolemy.util.test.junit.AutoTests" name="[13] /home/travis/build/icyphy/ptII/ptolemy/domains/de/test/auto/DEFixedPointLimitation.xml (RunModel)" time="0.013" />
  <testcase classname="ptolemy.util.test.junit.AutoTests" name="[14] /home/travis/build/icyphy/ptII/ptolemy/domains/de/test/auto/DEScheduleTest.xml (RunModel)" time="0.01" />
  <testcase classname="ptolemy.util.test.junit.AutoTests" name="[15] /home/travis/build/icyphy/ptII/ptolemy/domains/de/test/auto/DEinDEwithStartTimes.xml (RunModel)" time="0.013" />
  <testcase classname="ptolemy.util.test.junit.AutoTests" name="[16] /home/travis/build/icyphy/ptII/ptolemy/domains/de/test/auto/DEinDEwithStartTimes2.xml (RunModel)" time="0.013" />
  <testcase classname="ptolemy.util.test.junit.AutoTests" name="[17] /home/travis/build/icyphy/ptII/ptolemy/domains/de/test/auto/DateDemo.xml (RunModel)" time="0.028" />
  <testcase classname="ptolemy.util.test.junit.AutoTests" name="[18] /home/travis/build/icyphy/ptII/ptolemy/domains/de/test/auto/DateToEvent.xml (RunModel)" time="2.039" />
  <testcase classname="ptolemy.util.test.junit.AutoTests" name="[19] /home/travis/build/icyphy/ptII/ptolemy/domains/de/test/auto/DepthTest1.xml (RunModel)" time="0.008" />
  <testcase classname="ptolemy.util.test.junit.AutoTests" name="[20] /home/travis/build/icyphy/ptII/ptolemy/domains/de/test/auto/DepthTest2.xml (RunModel)" time="0.018" />
  <testcase classname="ptolemy.util.test.junit.AutoTests" name="[21] /home/travis/build/icyphy/ptII/ptolemy/domains/de/test/auto/DepthTest3.xml (RunModel)" time="0.008" />
  <testcase classname="ptolemy.util.test.junit.AutoTests" name="[22] /home/travis/build/icyphy/ptII/ptolemy/domains/de/test/auto/DepthTest4.xml (RunModel)" time="0.012" />
  <testcase classname="ptolemy.util.test.junit.AutoTests" name="[23] /home/travis/build/icyphy/ptII/ptolemy/domains/de/test/auto/DepthTest5.xml (RunModel)" time="0.014" />
  <testcase classname="ptolemy.util.test.junit.AutoTests" name="[24] /home/travis/build/icyphy/ptII/ptolemy/domains/de/test/auto/DepthTest6.xml (RunModel)" time="0.013" />
  <testcase classname="ptolemy.util.test.junit.AutoTests" name="[25] /home/travis/build/icyphy/ptII/ptolemy/domains/de/test/auto/DepthTest7.xml (RunModel)" time="0.012" />
  <testcase classname="ptolemy.util.test.junit.AutoTests" name="[26] /home/travis/build/icyphy/ptII/ptolemy/domains/de/test/auto/EventToDate.xml (RunModel)" time="3.036" />
  <testcase classname="ptolemy.util.test.junit.AutoTests" name="[27] /home/travis/build/icyphy/ptII/ptolemy/domains/de/test/auto/FSM1.xml (RunModel)" time="0.046" />
  <testcase classname="ptolemy.util.test.junit.AutoTests" name="[28] /home/travis/build/icyphy/ptII/ptolemy/domains/de/test/auto/FSM7.xml (RunModel)" time="0.041" />
  <testcase classname="ptolemy.util.test.junit.AutoTests" name="[29] /home/travis/build/icyphy/ptII/ptolemy/domains/de/test/auto/Inspection.xml (RunModel)" time="0.037" />
  <testcase classname="ptolemy.util.test.junit.AutoTests" name="[30] /home/travis/build/icyphy/ptII/ptolemy/domains/de/test/auto/Iteration.xml (RunModel)" time="0.018" />
  <testcase classname="ptolemy.util.test.junit.AutoTests" name="[31] /home/travis/build/icyphy/ptII/ptolemy/domains/de/test/auto/LineFault.xml (RunModel)" time="0.481" />
  <testcase classname="ptolemy.util.test.junit.AutoTests" name="[32] /home/travis/build/icyphy/ptII/ptolemy/domains/de/test/auto/MergeModel1Add.xml (RunModel)" time="0.039" />
  <testcase classname="ptolemy.util.test.junit.AutoTests" name="[33] /home/travis/build/icyphy/ptII/ptolemy/domains/de/test/auto/MergeModel2Add.xml (RunModel)" time="0.035" />
  <testcase classname="ptolemy.util.test.junit.AutoTests" name="[34] /home/travis/build/icyphy/ptII/ptolemy/domains/de/test/auto/MergeModel3Add.xml (RunModel)" time="0.038" />
  <testcase classname="ptolemy.util.test.junit.AutoTests" name="[35] /home/travis/build/icyphy/ptII/ptolemy/domains/de/test/auto/MergeWithoutDiscard.xml (RunModel)" time="0.01" />
  <testcase classname="ptolemy.util.test.junit.AutoTests" name="[36] /home/travis/build/icyphy/ptII/ptolemy/domains/de/test/auto/Modal1.xml (RunModel)" time="0.027" />
  <testcase classname="ptolemy.util.test.junit.AutoTests" name="[37] /home/travis/build/icyphy/ptII/ptolemy/domains/de/test/auto/Modal2.xml (RunModel)" time="0.031" />
  <testcase classname="ptolemy.util.test.junit.AutoTests" name="[38] /home/travis/build/icyphy/ptII/ptolemy/domains/de/test/auto/Modal3.xml (RunModel)" time="0.026" />
  <testcase classname="ptolemy.util.test.junit.AutoTests" name="[39] /home/travis/build/icyphy/ptII/ptolemy/domains/de/test/auto/Modal4.xml (RunModel)" time="0.03" />
  <testcase classname="ptolemy.util.test.junit.AutoTests" name="[40] /home/travis/build/icyphy/ptII/ptolemy/domains/de/test/auto/Modal5.xml (RunModel)" time="0.026" />
  <testcase classname="ptolemy.util.test.junit.AutoTests" name="[41] /home/travis/build/icyphy/ptII/ptolemy/domains/de/test/auto/Modal6.xml (RunModel)" time="0.025" />
  <testcase classname="ptolemy.util.test.junit.AutoTests" name="[42] /home/travis/build/icyphy/ptII/ptolemy/domains/de/test/auto/Modal7.xml (RunModel)" time="0.027" />
  <testcase classname="ptolemy.util.test.junit.AutoTests" name="[43] /home/travis/build/icyphy/ptII/ptolemy/domains/de/test/auto/ModalModel.xml (RunModel)" time="0.156" />
  <testcase classname="ptolemy.util.test.junit.AutoTests" name="[44] /home/travis/build/icyphy/ptII/ptolemy/domains/de/test/auto/ModalSource.xml (RunModel)" time="0.017" />
  <testcase classname="ptolemy.util.test.junit.AutoTests" name="[45] /home/travis/build/icyphy/ptII/ptolemy/domains/de/test/auto/NonInterruptibleTimerZeroDelay.xml (RunModel)" time="0.01" />
  <testcase classname="ptolemy.util.test.junit.AutoTests" name="[46] /home/travis/build/icyphy/ptII/ptolemy/domains/de/test/auto/OpenQueueingNetwork.xml (RunModel)" time="2.086" />
  <testcase classname="ptolemy.util.test.junit.AutoTests" name="[47] /home/travis/build/icyphy/ptII/ptolemy/domains/de/test/auto/OpenQueuingNetwork.xml (RunModel)" time="0.264" />
  <testcase classname="ptolemy.util.test.junit.AutoTests" name="[48] /home/travis/build/icyphy/ptII/ptolemy/domains/de/test/auto/PeriodicSampler.xml (RunModel)" time="0.014" />
  <testcase classname="ptolemy.util.test.junit.AutoTests" name="[49] /home/travis/build/icyphy/ptII/ptolemy/domains/de/test/auto/PersistentIO.xml (RunModel)" time="0.024" />
  <testcase classname="ptolemy.util.test.junit.AutoTests" name="[50] /home/travis/build/icyphy/ptII/ptolemy/domains/de/test/auto/PortParameterResetOnInitialize.xml (RunModel)" time="0.011" />
  <testcase classname="ptolemy.util.test.junit.AutoTests" name="[51] /home/travis/build/icyphy/ptII/ptolemy/domains/de/test/auto/PortParameterUpdates.xml (RunModel)" time="0.027" />
  <testcase classname="ptolemy.util.test.junit.AutoTests" name="[52] /home/travis/build/icyphy/ptII/ptolemy/domains/de/test/auto/QueueAndServer.xml (RunModel)" time="0.022" />
  <testcase classname="ptolemy.util.test.junit.AutoTests" name="[53] /home/travis/build/icyphy/ptII/ptolemy/domains/de/test/auto/Records.xml (RunModel)" time="0.015" />
  <testcase classname="ptolemy.util.test.junit.AutoTests" name="[54] /home/travis/build/icyphy/ptII/ptolemy/domains/de/test/auto/ResetTransitionWithStartTime1.xml (RunModel)" time="0.021" />
  <testcase classname="ptolemy.util.test.junit.AutoTests" name="[55] /home/travis/build/icyphy/ptII/ptolemy/domains/de/test/auto/ResetTransitionWithStartTime2.xml (RunModel)" time="0.023" />
  <testcase classname="ptolemy.util.test.junit.AutoTests" name="[56] /home/travis/build/icyphy/ptII/ptolemy/domains/de/test/auto/ResetTransitionWithStartTime3.xml (RunModel)" time="0.023" />
  <testcase classname="ptolemy.util.test.junit.AutoTests" name="[57] /home/travis/build/icyphy/ptII/ptolemy/domains/de/test/auto/ResetTransitionWithStartTime4.xml (RunModel)" time="0.02" />
  <testcase classname="ptolemy.util.test.junit.AutoTests" name="[58] /home/travis/build/icyphy/ptII/ptolemy/domains/de/test/auto/ResettableTimer1.xml (RunModel)" time="0.015" />
  <testcase classname="ptolemy.util.test.junit.AutoTests" name="[59] /home/travis/build/icyphy/ptII/ptolemy/domains/de/test/auto/ResettableTimer2.xml (RunModel)" time="0.011" />
  <testcase classname="ptolemy.util.test.junit.AutoTests" name="[60] /home/travis/build/icyphy/ptII/ptolemy/domains/de/test/auto/ResettableTimer3.xml (RunModel)" time="0.008" />
  <testcase classname="ptolemy.util.test.junit.AutoTests" name="[61] /home/travis/build/icyphy/ptII/ptolemy/domains/de/test/auto/ResettableTimer4.xml (RunModel)" time="0.013" />
  <testcase classname="ptolemy.util.test.junit.AutoTests" name="[62] /home/travis/build/icyphy/ptII/ptolemy/domains/de/test/auto/ResettableTimer5.xml (RunModel)" time="0.011" />
  <testcase classname="ptolemy.util.test.junit.AutoTests" name="[63] /home/travis/build/icyphy/ptII/ptolemy/domains/de/test/auto/ResettableTimer6.xml (RunModel)" time="0.019" />
  <testcase classname="ptolemy.util.test.junit.AutoTests" name="[64] /home/travis/build/icyphy/ptII/ptolemy/domains/de/test/auto/ServerZeroDelay.xml (RunModel)" time="0.011" />
  <testcase classname="ptolemy.util.test.junit.AutoTests" name="[65] /home/travis/build/icyphy/ptII/ptolemy/domains/de/test/auto/SmartSender.xml (RunModel)" time="3.009" />
  <testcase classname="ptolemy.util.test.junit.AutoTests" name="[66] /home/travis/build/icyphy/ptII/ptolemy/domains/de/test/auto/ThreadedComposite.xml (RunModel)" time="0.253" />
  <testcase classname="ptolemy.util.test.junit.AutoTests" name="[67] /home/travis/build/icyphy/ptII/ptolemy/domains/de/test/auto/Time.xml (RunModel)" time="0.421" />
  <testcase classname="ptolemy.util.test.junit.AutoTests" name="[68] /home/travis/build/icyphy/ptII/ptolemy/domains/de/test/auto/TimeDelayZeroDelay.xml (RunModel)" time="0.01" />
  <testcase classname="ptolemy.util.test.junit.AutoTests" name="[69] /home/travis/build/icyphy/ptII/ptolemy/domains/de/test/auto/TimerZeroDelay.xml (RunModel)" time="0.009" />
  <testcase classname="ptolemy.util.test.junit.AutoTests" name="[70] /home/travis/build/icyphy/ptII/ptolemy/domains/de/test/auto/TimingParadox.xml (RunModel)" time="0.339" />
  <testcase classname="ptolemy.util.test.junit.AutoTests" name="[71] /home/travis/build/icyphy/ptII/ptolemy/domains/de/test/auto/TransferInputs.xml (RunModel)" time="0.019" />
  <testcase classname="ptolemy.util.test.junit.AutoTests" name="[72] /home/travis/build/icyphy/ptII/ptolemy/domains/de/test/auto/TransferOutputs2.xml (RunModel)" time="0.019" />
  <testcase classname="ptolemy.util.test.junit.AutoTests" name="[73] /home/travis/build/icyphy/ptII/ptolemy/domains/de/test/auto/Trilateration.xml (RunModel)" time="11.491" />
  <testcase classname="ptolemy.util.test.junit.AutoTests" name="[74] /home/travis/build/icyphy/ptII/ptolemy/domains/de/test/auto/TwoSigmaDelta.xml (RunModel)" time="2.056" />
  <testcase classname="ptolemy.util.test.junit.AutoTests" name="[75] /home/travis/build/icyphy/ptII/ptolemy/domains/de/test/auto/VariableDelay.xml (RunModel)" time="0.014" />
  <testcase classname="ptolemy.util.test.junit.AutoTests" name="[76] /home/travis/build/icyphy/ptII/ptolemy/domains/de/test/auto/VariableDelay2.xml (RunModel)" time="0.012" />
  <testcase classname="ptolemy.util.test.junit.AutoTests" name="[77] /home/travis/build/icyphy/ptII/ptolemy/domains/de/test/auto/VariableDelayZeroDelay.xml (RunModel)" time="0.044" />
  <testcase classname="ptolemy.util.test.junit.AutoTests" name="[78] /home/travis/build/icyphy/ptII/ptolemy/domains/de/test/auto/VariableDelayZeroDelay2.xml (RunModel)" time="0.01" />
  <testcase classname="ptolemy.util.test.junit.AutoTests" name="[79] /home/travis/build/icyphy/ptII/ptolemy/domains/de/test/auto/deInCt.xml (RunModel)" time="0.015" />
  <testcase classname="ptolemy.util.test.junit.AutoTests" name="[80] /home/travis/build/icyphy/ptII/ptolemy/domains/de/test/auto/deInCt2.xml (RunModel)" time="0.016" />
  <testcase classname="ptolemy.util.test.junit.AutoTests" name="[81] /home/travis/build/icyphy/ptII/ptolemy/domains/de/test/auto/dynamicCausalityInterface1.xml (RunModel)" time="0.018" />
  <testcase classname="ptolemy.util.test.junit.AutoTests" name="[82] /home/travis/build/icyphy/ptII/ptolemy/domains/de/test/auto/fsm_de_test.xml (RunModel)" time="0.022" />
  <testcase classname="ptolemy.util.test.junit.AutoTests" name="[83] /home/travis/build/icyphy/ptII/ptolemy/domains/de/test/auto/functionDependencyReconstruction.xml (RunModel)" time="0.029" />
  <testcase classname="ptolemy.util.test.junit.AutoTests" name="[84] /home/travis/build/icyphy/ptII/ptolemy/domains/de/test/auto/multirate.xml (RunModel)" time="0.016" />
  <testcase classname="ptolemy.util.test.junit.AutoTests" name="[85] /home/travis/build/icyphy/ptII/ptolemy/domains/de/test/auto/multirate2.xml (RunModel)" time="0.015" />
  <testcase classname="ptolemy.util.test.junit.AutoTests" name="[86] /home/travis/build/icyphy/ptII/ptolemy/domains/de/test/auto/realtime.xml (RunModel)" time="10.01" />
  <testcase classname="ptolemy.util.test.junit.AutoTests" name="[87] /home/travis/build/icyphy/ptII/ptolemy/domains/de/test/auto/relationGroup.xml (RunModel)" time="0.007" />
  <testcase classname="ptolemy.util.test.junit.AutoTests" name="[88] /home/travis/build/icyphy/ptII/ptolemy/domains/de/test/auto/relationGroup2.xml (RunModel)" time="0.012" />
  <testcase classname="ptolemy.util.test.junit.AutoTests" name="[89] /home/travis/build/icyphy/ptII/ptolemy/domains/de/test/auto/sortWithOpaquePorts.xml (RunModel)" time="0.009" />
  <testcase classname="ptolemy.util.test.junit.AutoTests" name="[90] /home/travis/build/icyphy/ptII/ptolemy/domains/de/test/auto/transferInputsandOutputs.xml (RunModel)" time="0.015" />
  <testcase classname="ptolemy.util.test.junit.AutoTests" name="[91] /home/travis/build/icyphy/ptII/ptolemy/domains/de/test/auto/triggerType.xml (RunModel)" time="0.009" />
  <system-out><![CDATA[/home/travis/build/icyphy/ptII/ptolemy/domains/de/test/DependencyLoop.tcl
testDefs.tcl: setting time out to 9000 seconds at Wed Apr 10 04:00:13 UTC 2019
16 ms. Memory: 116224K Free: 97390K (84%)
21 ms. Memory: 146944K Free: 141228K (96%)
/home/travis/build/icyphy/ptII/ptolemy/domains/de/test/RunDETestsAsQSS.tcl
Run the DE tests using ptolemy.domains.qss.test.QSSDirectorTest, which extends QSSDirector and prints a message in the constructors.
------------------ testing $PTII/ptolemy/domains/de/test/auto/knownFailedTests/dependencyLoop.xml (Known Failure) 
7 ms. Memory: 146944K Free: 136577K (93%)


==== $PTIIhome/travis/build/icyphy/ptII/ptolemy/domains/de/test/../../../../: Auto Automatic test in file $PTII/ptolemy/domains/de/test/auto/knownFailedTests/dependencyLoop.xml
==== Contents of test case:

	    # FIXME: we should use $relativeFilename here, but it
	    # might have backslashes under Windows, which causes no end
	    # of trouble.
	    createAndExecute $file
	    list {}
	
.... Test generated KNOWN error:
    while executing
ptolemy.kernel.util.IllegalActionException: Found a zero delay loop containing .dependencyLoop.original
  in .dependencyLoop and .dependencyLoop.original
	at ptolemy.actor.util.CausalityInterfaceForComposites._computeOutputPortDepth(CausalityInterfaceForComposites.java:759)
	at ptolemy.actor.util.CausalityInterfaceForComposites._computeInputDepth(CausalityInterfaceForComposites.java:696)
	at ptolemy.actor.util.CausalityInterfaceForComposites._computeOutputPortDepth(CausalityInterfaceForComposites.java:765)
	at ptolemy.actor.util.CausalityInterfaceForComposites._computeInputDepth(CausalityInterfaceForComposites.java:696)
	at ptolemy.actor.util.CausalityInterfaceForComposites._computeOutputPortDepth(CausalityInterfaceForComposites.java:765)
	at ptolemy.actor.util.CausalityInterfaceForComposites._computeInputDepth(CausalityInterfaceForComposites.java:696)
	at ptolemy.actor.util.CausalityInterfaceForComposites._computeActorDepth(CausalityInterfaceForComposites.java:532)
	at ptolemy.actor.util.CausalityInterfaceForComposites.checkForCycles(CausalityInterfaceForComposites.java:96)
	at ptolemy.domains.de.kernel.DEDirector.preinitialize(DEDirector.java:1338)
	at ptolemy.actor.CompositeActor.preinitialize(CompositeActor.java:1828)
	at ptolemy.actor.Manager.preinitializeAndResolveTypes(Manager.java:1040)
	at ptolemy.actor.Manager.initialize(Manager.java:710)
	at ptolemy.actor.Manager.execute(Manager.java:356)
	at ptolemy.actor.Manager.run(Manager.java:1263)
	at ptolemy.actor.Manager$PtolemyRunThread.run(Manager.java:1915)

    while executing
ptolemy.kernel.util.IllegalActionException: Found a zero delay loop containing .dependencyLoop.original
  in .dependencyLoop and .dependencyLoop.original
    while executing
"java::new ptolemy.moml.MoMLSimpleApplication $file
"
    (procedure "createAndExecute" line 2)
    invoked from within
"createAndExecute $file"
    ("uplevel" body line 5)
    invoked from within
"uplevel $contents_of_test"
------------------ testing $PTII/ptolemy/domains/de/test/auto/knownFailedTests/DESDFClockTest.xml (Known Failure) 
2052 ms. Memory: 146944K Free: 121368K (83%)


==== $PTIIhome/travis/build/icyphy/ptII/ptolemy/domains/de/test/../../../../: Auto Automatic test in file $PTII/ptolemy/domains/de/test/auto/knownFailedTests/DESDFClockTest.xml
==== Contents of test case:

	    # FIXME: we should use $relativeFilename here, but it
	    # might have backslashes under Windows, which causes no end
	    # of trouble.
	    createAndExecute $file
	    list {}
	
.... Test generated KNOWN error:
    while executing
ptolemy.kernel.util.IllegalActionException: Actor is not ready to fire.  Perhaps UpSample.prefire() returned false? Try debugging the actor by selecting "Listen to Actor".  Also, for SDF check moml for tokenConsumptionRate on input.
  in .DESDFClockTest.Play Bell.Copy1:SDF Director and .DESDFClockTest.Play Bell.UpSample
	at ptolemy.actor.sched.StaticSchedulingDirector.fire(StaticSchedulingDirector.java:227)
	at ptolemy.domains.sdf.kernel.SDFDirector.fire(SDFDirector.java:500)
	at ptolemy.actor.CompositeActor.fire(CompositeActor.java:455)
	at ptolemy.domains.de.kernel.DEDirector._fire(DEDirector.java:1949)
	at ptolemy.domains.de.kernel.DEDirector.fire(DEDirector.java:502)
	at ptolemy.actor.CompositeActor.fire(CompositeActor.java:455)
	at ptolemy.actor.Manager.iterate(Manager.java:851)
	at ptolemy.actor.Manager.execute(Manager.java:369)
	at ptolemy.actor.Manager.run(Manager.java:1263)
	at ptolemy.actor.Manager$PtolemyRunThread.run(Manager.java:1915)

    while executing
ptolemy.kernel.util.IllegalActionException: Actor is not ready to fire.  Perhaps UpSample.prefire() returned false? Try debugging the actor by selecting "Listen to Actor".  Also, for SDF check moml for tokenConsumptionRate on input.
  in .DESDFClockTest.Play Bell.Copy1:SDF Director and .DESDFClockTest.Play Bell.UpSample
    while executing
"java::new ptolemy.moml.MoMLSimpleApplication $file
"
    (procedure "createAndExecute" line 2)
    invoked from within
"createAndExecute $file"
    ("uplevel" body line 5)
    invoked from within
"uplevel $contents_of_test"
------------------ testing $PTII/ptolemy/domains/de/test/auto/knownFailedTests/FSMSource.xml (Known Failure) 
43 ms. Memory: 146944K Free: 112451K (77%)
!!!! Auto was marked as failing, but now passes
------------------ testing $PTII/ptolemy/domains/de/test/auto/knownFailedTests/dependencyLoop2.xml (Known Failure) 
11 ms. Memory: 146944K Free: 110576K (75%)


==== $PTIIhome/travis/build/icyphy/ptII/ptolemy/domains/de/test/../../../../: Auto Automatic test in file $PTII/ptolemy/domains/de/test/auto/knownFailedTests/dependencyLoop2.xml
==== Contents of test case:

	    # FIXME: we should use $relativeFilename here, but it
	    # might have backslashes under Windows, which causes no end
	    # of trouble.
	    createAndExecute $file
	    list {}
	
.... Test generated KNOWN error:
    while executing
ptolemy.kernel.util.IllegalActionException: Found a zero delay loop containing .dependencyLoop2.original
  in .dependencyLoop2 and .dependencyLoop2.original
	at ptolemy.actor.util.CausalityInterfaceForComposites._computeOutputPortDepth(CausalityInterfaceForComposites.java:759)
	at ptolemy.actor.util.CausalityInterfaceForComposites._computeInputDepth(CausalityInterfaceForComposites.java:696)
	at ptolemy.actor.util.CausalityInterfaceForComposites._computeOutputPortDepth(CausalityInterfaceForComposites.java:765)
	at ptolemy.actor.util.CausalityInterfaceForComposites._computeInputDepth(CausalityInterfaceForComposites.java:696)
	at ptolemy.actor.util.CausalityInterfaceForComposites._computeOutputPortDepth(CausalityInterfaceForComposites.java:765)
	at ptolemy.actor.util.CausalityInterfaceForComposites._computeInputDepth(CausalityInterfaceForComposites.java:696)
	at ptolemy.actor.util.CausalityInterfaceForComposites._computeActorDepth(CausalityInterfaceForComposites.java:532)
	at ptolemy.actor.util.CausalityInterfaceForComposites.checkForCycles(CausalityInterfaceForComposites.java:96)
	at ptolemy.domains.de.kernel.DEDirector.preinitialize(DEDirector.java:1338)
	at ptolemy.actor.CompositeActor.preinitialize(CompositeActor.java:1828)
	at ptolemy.actor.Manager.preinitializeAndResolveTypes(Manager.java:1040)
	at ptolemy.actor.Manager.initialize(Manager.java:710)
	at ptolemy.actor.Manager.execute(Manager.java:356)
	at ptolemy.actor.Manager.run(Manager.java:1263)
	at ptolemy.actor.Manager$PtolemyRunThread.run(Manager.java:1915)

    while executing
ptolemy.kernel.util.IllegalActionException: Found a zero delay loop containing .dependencyLoop2.original
  in .dependencyLoop2 and .dependencyLoop2.original
    while executing
"java::new ptolemy.moml.MoMLSimpleApplication $file
"
    (procedure "createAndExecute" line 2)
    invoked from within
"createAndExecute $file"
    ("uplevel" body line 5)
    invoked from within
"uplevel $contents_of_test"
------------------ testing $PTII/ptolemy/domains/de/test/auto/knownFailedTests/HierarchicalModel.xml (Known Failure) 
12 ms. Memory: 146944K Free: 90411K (62%)


==== $PTIIhome/travis/build/icyphy/ptII/ptolemy/domains/de/test/../../../../: Auto Automatic test in file $PTII/ptolemy/domains/de/test/auto/knownFailedTests/HierarchicalModel.xml
==== Contents of test case:

	    # FIXME: we should use $relativeFilename here, but it
	    # might have backslashes under Windows, which causes no end
	    # of trouble.
	    createAndExecute $file
	    list {}
	
.... Test generated KNOWN error:
    while executing
ptolemy.kernel.util.IllegalActionException: Found a zero delay loop containing .HierarchicalModel.A
  in .HierarchicalModel and .HierarchicalModel.A
	at ptolemy.actor.util.CausalityInterfaceForComposites._computeOutputPortDepth(CausalityInterfaceForComposites.java:759)
	at ptolemy.actor.util.CausalityInterfaceForComposites._computeInputDepth(CausalityInterfaceForComposites.java:696)
	at ptolemy.actor.util.CausalityInterfaceForComposites._computeOutputPortDepth(CausalityInterfaceForComposites.java:765)
	at ptolemy.actor.util.CausalityInterfaceForComposites._computeInputDepth(CausalityInterfaceForComposites.java:696)
	at ptolemy.actor.util.CausalityInterfaceForComposites._computeOutputPortDepth(CausalityInterfaceForComposites.java:765)
	at ptolemy.actor.util.CausalityInterfaceForComposites._computeInputDepth(CausalityInterfaceForComposites.java:696)
	at ptolemy.actor.util.CausalityInterfaceForComposites._computeActorDepth(CausalityInterfaceForComposites.java:532)
	at ptolemy.actor.util.CausalityInterfaceForComposites.checkForCycles(CausalityInterfaceForComposites.java:96)
	at ptolemy.domains.de.kernel.DEDirector.preinitialize(DEDirector.java:1338)
	at ptolemy.actor.CompositeActor.preinitialize(CompositeActor.java:1828)
	at ptolemy.actor.Manager.preinitializeAndResolveTypes(Manager.java:1040)
	at ptolemy.actor.Manager.initialize(Manager.java:710)
	at ptolemy.actor.Manager.execute(Manager.java:356)
	at ptolemy.actor.Manager.run(Manager.java:1263)
	at ptolemy.actor.Manager$PtolemyRunThread.run(Manager.java:1915)

    while executing
ptolemy.kernel.util.IllegalActionException: Found a zero delay loop containing .HierarchicalModel.A
  in .HierarchicalModel and .HierarchicalModel.A
    while executing
"java::new ptolemy.moml.MoMLSimpleApplication $file
"
    (procedure "createAndExecute" line 2)
    invoked from within
"createAndExecute $file"
    ("uplevel" body line 5)
    invoked from within
"uplevel $contents_of_test"
------------------ testing $PTII/ptolemy/domains/de/test/auto/knownFailedTests/DirectFeedback.xml (Known Failure) 
7 ms. Memory: 146944K Free: 86291K (59%)


==== $PTIIhome/travis/build/icyphy/ptII/ptolemy/domains/de/test/../../../../: Auto Automatic test in file $PTII/ptolemy/domains/de/test/auto/knownFailedTests/DirectFeedback.xml
==== Contents of test case:

	    # FIXME: we should use $relativeFilename here, but it
	    # might have backslashes under Windows, which causes no end
	    # of trouble.
	    createAndExecute $file
	    list {}
	
.... Test generated KNOWN error:
    while executing
ptolemy.kernel.util.IllegalActionException: Test fails in iteration 1.
Value was: 1.0. Should have been: 2.0
  in .DirectFeedback.Test
	at ptolemy.actor.lib.Test.fire(Test.java:268)
	at ptolemy.domains.de.kernel.DEDirector._fire(DEDirector.java:1949)
	at ptolemy.domains.de.kernel.DEDirector.fire(DEDirector.java:502)
	at ptolemy.actor.CompositeActor.fire(CompositeActor.java:455)
	at ptolemy.actor.Manager.iterate(Manager.java:851)
	at ptolemy.actor.Manager.execute(Manager.java:369)
	at ptolemy.actor.Manager.run(Manager.java:1263)
	at ptolemy.actor.Manager$PtolemyRunThread.run(Manager.java:1915)

    while executing
ptolemy.kernel.util.IllegalActionException: Test fails in iteration 1.
Value was: 1.0. Should have been: 2.0
  in .DirectFeedback.Test
    while executing
"java::new ptolemy.moml.MoMLSimpleApplication $file
"
    (procedure "createAndExecute" line 2)
    invoked from within
"createAndExecute $file"
    ("uplevel" body line 5)
    invoked from within
"uplevel $contents_of_test"
------------------ testing $PTII/ptolemy/domains/de/test/auto/ActorDepthCalculation_actorWithoutPorts.xml
auto.tcl: Setting watchdog for 200 seconds at Wed Apr 10 04:00:16 UTC 2019
11 ms. Memory: 146944K Free: 138677K (94%)
ptolemy.util.test.WatchDog.cancel(): canceling Wed Apr 10 04:00:16 UTC 2019
auto.tcl: Setting watchdog for 200 seconds at Wed Apr 10 04:00:16 UTC 2019
4 ms. Memory: 146944K Free: 137652K (94%)
ptolemy.util.test.WatchDog.cancel(): canceling Wed Apr 10 04:00:16 UTC 2019
------------------ testing $PTII/ptolemy/domains/de/test/auto/AssemblyLine.xml
auto.tcl: Setting watchdog for 200 seconds at Wed Apr 10 04:00:16 UTC 2019
35 ms. Memory: 208384K Free: 183374K (88%)
ptolemy.util.test.WatchDog.cancel(): canceling Wed Apr 10 04:00:17 UTC 2019
auto.tcl: Setting watchdog for 200 seconds at Wed Apr 10 04:00:17 UTC 2019
31 ms. Memory: 208384K Free: 183374K (88%)
ptolemy.util.test.WatchDog.cancel(): canceling Wed Apr 10 04:00:17 UTC 2019
------------------ testing $PTII/ptolemy/domains/de/test/auto/CQBug1.xml
auto.tcl: Setting watchdog for 200 seconds at Wed Apr 10 04:00:17 UTC 2019
3 ms. Memory: 208384K Free: 197895K (95%)
ptolemy.util.test.WatchDog.cancel(): canceling Wed Apr 10 04:00:17 UTC 2019
auto.tcl: Setting watchdog for 200 seconds at Wed Apr 10 04:00:17 UTC 2019
2 ms. Memory: 208384K Free: 197895K (95%)
ptolemy.util.test.WatchDog.cancel(): canceling Wed Apr 10 04:00:17 UTC 2019
------------------ testing $PTII/ptolemy/domains/de/test/auto/CancelFireAt.xml
auto.tcl: Setting watchdog for 200 seconds at Wed Apr 10 04:00:17 UTC 2019
4 ms. Memory: 208384K Free: 201565K (97%)
ptolemy.util.test.WatchDog.cancel(): canceling Wed Apr 10 04:00:17 UTC 2019
auto.tcl: Setting watchdog for 200 seconds at Wed Apr 10 04:00:17 UTC 2019
4 ms. Memory: 208384K Free: 199515K (96%)
ptolemy.util.test.WatchDog.cancel(): canceling Wed Apr 10 04:00:17 UTC 2019
------------------ testing $PTII/ptolemy/domains/de/test/auto/CausalityAndComposabilityAnalysis.xml
auto.tcl: Setting watchdog for 200 seconds at Wed Apr 10 04:00:17 UTC 2019
8 ms. Memory: 208384K Free: 199113K (96%)
ptolemy.util.test.WatchDog.cancel(): canceling Wed Apr 10 04:00:17 UTC 2019
auto.tcl: Setting watchdog for 200 seconds at Wed Apr 10 04:00:17 UTC 2019
9 ms. Memory: 208384K Free: 197064K (95%)
ptolemy.util.test.WatchDog.cancel(): canceling Wed Apr 10 04:00:17 UTC 2019
------------------ testing $PTII/ptolemy/domains/de/test/auto/CausalityInterface1.xml
auto.tcl: Setting watchdog for 200 seconds at Wed Apr 10 04:00:17 UTC 2019
21 ms. Memory: 208384K Free: 196483K (94%)
ptolemy.util.test.WatchDog.cancel(): canceling Wed Apr 10 04:00:17 UTC 2019
auto.tcl: Setting watchdog for 200 seconds at Wed Apr 10 04:00:17 UTC 2019
4 ms. Memory: 208384K Free: 196483K (94%)
ptolemy.util.test.WatchDog.cancel(): canceling Wed Apr 10 04:00:17 UTC 2019
------------------ testing $PTII/ptolemy/domains/de/test/auto/CausalityInterface15.xml
auto.tcl: Setting watchdog for 200 seconds at Wed Apr 10 04:00:17 UTC 2019
7 ms. Memory: 208384K Free: 196441K (94%)
ptolemy.util.test.WatchDog.cancel(): canceling Wed Apr 10 04:00:17 UTC 2019
auto.tcl: Setting watchdog for 200 seconds at Wed Apr 10 04:00:17 UTC 2019
4 ms. Memory: 208384K Free: 196441K (94%)
ptolemy.util.test.WatchDog.cancel(): canceling Wed Apr 10 04:00:17 UTC 2019
------------------ testing $PTII/ptolemy/domains/de/test/auto/CausalityInterface2.xml
auto.tcl: Setting watchdog for 200 seconds at Wed Apr 10 04:00:17 UTC 2019
7 ms. Memory: 208384K Free: 196356K (94%)
ptolemy.util.test.WatchDog.cancel(): canceling Wed Apr 10 04:00:17 UTC 2019
auto.tcl: Setting watchdog for 200 seconds at Wed Apr 10 04:00:17 UTC 2019
2 ms. Memory: 208384K Free: 196356K (94%)
ptolemy.util.test.WatchDog.cancel(): canceling Wed Apr 10 04:00:17 UTC 2019
------------------ testing $PTII/ptolemy/domains/de/test/auto/CausalityInterface3.xml
auto.tcl: Setting watchdog for 200 seconds at Wed Apr 10 04:00:17 UTC 2019
3 ms. Memory: 208384K Free: 196367K (94%)
ptolemy.util.test.WatchDog.cancel(): canceling Wed Apr 10 04:00:17 UTC 2019
auto.tcl: Setting watchdog for 200 seconds at Wed Apr 10 04:00:17 UTC 2019
4 ms. Memory: 208384K Free: 196367K (94%)
ptolemy.util.test.WatchDog.cancel(): canceling Wed Apr 10 04:00:17 UTC 2019
------------------ testing $PTII/ptolemy/domains/de/test/auto/ClockDrift.xml
auto.tcl: Setting watchdog for 200 seconds at Wed Apr 10 04:00:17 UTC 2019
71 ms. Memory: 208384K Free: 187750K (90%)
ptolemy.util.test.WatchDog.cancel(): canceling Wed Apr 10 04:00:18 UTC 2019
auto.tcl: Setting watchdog for 200 seconds at Wed Apr 10 04:00:18 UTC 2019
69 ms. Memory: 208384K Free: 185701K (89%)
ptolemy.util.test.WatchDog.cancel(): canceling Wed Apr 10 04:00:18 UTC 2019
------------------ testing $PTII/ptolemy/domains/de/test/auto/ClockDriftAndValueChange.xml
auto.tcl: Setting watchdog for 200 seconds at Wed Apr 10 04:00:18 UTC 2019
54 ms. Memory: 208384K Free: 189633K (91%)
ptolemy.util.test.WatchDog.cancel(): canceling Wed Apr 10 04:00:18 UTC 2019
auto.tcl: Setting watchdog for 200 seconds at Wed Apr 10 04:00:18 UTC 2019
30 ms. Memory: 208384K Free: 185534K (89%)
ptolemy.util.test.WatchDog.cancel(): canceling Wed Apr 10 04:00:18 UTC 2019
------------------ testing $PTII/ptolemy/domains/de/test/auto/ClockDriftChange.xml
auto.tcl: Setting watchdog for 200 seconds at Wed Apr 10 04:00:18 UTC 2019
19 ms. Memory: 208384K Free: 190853K (92%)
ptolemy.util.test.WatchDog.cancel(): canceling Wed Apr 10 04:00:18 UTC 2019
auto.tcl: Setting watchdog for 200 seconds at Wed Apr 10 04:00:18 UTC 2019
29 ms. Memory: 208384K Free: 188803K (91%)
ptolemy.util.test.WatchDog.cancel(): canceling Wed Apr 10 04:00:18 UTC 2019
------------------ testing $PTII/ptolemy/domains/de/test/auto/ComposableCausalityAnalysis.xml
auto.tcl: Setting watchdog for 200 seconds at Wed Apr 10 04:00:18 UTC 2019
3 ms. Memory: 208384K Free: 196220K (94%)
ptolemy.util.test.WatchDog.cancel(): canceling Wed Apr 10 04:00:18 UTC 2019
auto.tcl: Setting watchdog for 200 seconds at Wed Apr 10 04:00:18 UTC 2019
2 ms. Memory: 208384K Free: 194170K (93%)
ptolemy.util.test.WatchDog.cancel(): canceling Wed Apr 10 04:00:18 UTC 2019
------------------ testing $PTII/ptolemy/domains/de/test/auto/DEFixedPointLimitation.xml
auto.tcl: Setting watchdog for 200 seconds at Wed Apr 10 04:00:18 UTC 2019
3 ms. Memory: 208384K Free: 198350K (95%)
ptolemy.util.test.WatchDog.cancel(): canceling Wed Apr 10 04:00:18 UTC 2019
auto.tcl: Setting watchdog for 200 seconds at Wed Apr 10 04:00:18 UTC 2019
2 ms. Memory: 208384K Free: 196300K (94%)
ptolemy.util.test.WatchDog.cancel(): canceling Wed Apr 10 04:00:18 UTC 2019
------------------ testing $PTII/ptolemy/domains/de/test/auto/DEScheduleTest.xml
auto.tcl: Setting watchdog for 200 seconds at Wed Apr 10 04:00:18 UTC 2019
4 ms. Memory: 208384K Free: 198385K (95%)
ptolemy.util.test.WatchDog.cancel(): canceling Wed Apr 10 04:00:18 UTC 2019
auto.tcl: Setting watchdog for 200 seconds at Wed Apr 10 04:00:18 UTC 2019
7 ms. Memory: 208384K Free: 196335K (94%)
ptolemy.util.test.WatchDog.cancel(): canceling Wed Apr 10 04:00:18 UTC 2019
------------------ testing $PTII/ptolemy/domains/de/test/auto/DEinDEwithStartTimes.xml
auto.tcl: Setting watchdog for 200 seconds at Wed Apr 10 04:00:18 UTC 2019
10 ms. Memory: 208384K Free: 196299K (94%)
ptolemy.util.test.WatchDog.cancel(): canceling Wed Apr 10 04:00:18 UTC 2019
auto.tcl: Setting watchdog for 200 seconds at Wed Apr 10 04:00:18 UTC 2019
4 ms. Memory: 208384K Free: 196299K (94%)
ptolemy.util.test.WatchDog.cancel(): canceling Wed Apr 10 04:00:18 UTC 2019
------------------ testing $PTII/ptolemy/domains/de/test/auto/DEinDEwithStartTimes2.xml
auto.tcl: Setting watchdog for 200 seconds at Wed Apr 10 04:00:18 UTC 2019
12 ms. Memory: 208384K Free: 196797K (94%)
ptolemy.util.test.WatchDog.cancel(): canceling Wed Apr 10 04:00:18 UTC 2019
auto.tcl: Setting watchdog for 200 seconds at Wed Apr 10 04:00:18 UTC 2019
4 ms. Memory: 208384K Free: 194228K (93%)
ptolemy.util.test.WatchDog.cancel(): canceling Wed Apr 10 04:00:18 UTC 2019
------------------ testing $PTII/ptolemy/domains/de/test/auto/DateDemo.xml
auto.tcl: Setting watchdog for 200 seconds at Wed Apr 10 04:00:18 UTC 2019
8 ms. Memory: 208384K Free: 188867K (91%)
ptolemy.util.test.WatchDog.cancel(): canceling Wed Apr 10 04:00:19 UTC 2019
auto.tcl: Setting watchdog for 200 seconds at Wed Apr 10 04:00:19 UTC 2019
11 ms. Memory: 208384K Free: 186817K (90%)
ptolemy.util.test.WatchDog.cancel(): canceling Wed Apr 10 04:00:19 UTC 2019
------------------ testing $PTII/ptolemy/domains/de/test/auto/DateToEvent.xml
auto.tcl: Setting watchdog for 200 seconds at Wed Apr 10 04:00:19 UTC 2019
2011 ms. Memory: 208384K Free: 183575K (88%)
ptolemy.util.test.WatchDog.cancel(): canceling Wed Apr 10 04:00:21 UTC 2019
auto.tcl: Setting watchdog for 200 seconds at Wed Apr 10 04:00:21 UTC 2019
2009 ms. Memory: 208384K Free: 181118K (87%)
ptolemy.util.test.WatchDog.cancel(): canceling Wed Apr 10 04:00:23 UTC 2019
------------------ testing $PTII/ptolemy/domains/de/test/auto/DepthTest1.xml
auto.tcl: Setting watchdog for 200 seconds at Wed Apr 10 04:00:23 UTC 2019
5 ms. Memory: 208384K Free: 197765K (95%)
ptolemy.util.test.WatchDog.cancel(): canceling Wed Apr 10 04:00:23 UTC 2019
auto.tcl: Setting watchdog for 200 seconds at Wed Apr 10 04:00:23 UTC 2019
2 ms. Memory: 208384K Free: 197765K (95%)
ptolemy.util.test.WatchDog.cancel(): canceling Wed Apr 10 04:00:23 UTC 2019
------------------ testing $PTII/ptolemy/domains/de/test/auto/DepthTest2.xml
auto.tcl: Setting watchdog for 200 seconds at Wed Apr 10 04:00:23 UTC 2019
8 ms. Memory: 208384K Free: 194098K (93%)
ptolemy.util.test.WatchDog.cancel(): canceling Wed Apr 10 04:00:23 UTC 2019
auto.tcl: Setting watchdog for 200 seconds at Wed Apr 10 04:00:23 UTC 2019
6 ms. Memory: 208384K Free: 194098K (93%)
ptolemy.util.test.WatchDog.cancel(): canceling Wed Apr 10 04:00:23 UTC 2019
------------------ testing $PTII/ptolemy/domains/de/test/auto/DepthTest3.xml
auto.tcl: Setting watchdog for 200 seconds at Wed Apr 10 04:00:23 UTC 2019
7 ms. Memory: 208384K Free: 198099K (95%)
ptolemy.util.test.WatchDog.cancel(): canceling Wed Apr 10 04:00:23 UTC 2019
auto.tcl: Setting watchdog for 200 seconds at Wed Apr 10 04:00:23 UTC 2019
1 ms. Memory: 208384K Free: 198099K (95%)
ptolemy.util.test.WatchDog.cancel(): canceling Wed Apr 10 04:00:23 UTC 2019
------------------ testing $PTII/ptolemy/domains/de/test/auto/DepthTest4.xml
auto.tcl: Setting watchdog for 200 seconds at Wed Apr 10 04:00:23 UTC 2019
3 ms. Memory: 208384K Free: 196136K (94%)
ptolemy.util.test.WatchDog.cancel(): canceling Wed Apr 10 04:00:23 UTC 2019
auto.tcl: Setting watchdog for 200 seconds at Wed Apr 10 04:00:23 UTC 2019
3 ms. Memory: 208384K Free: 196136K (94%)
ptolemy.util.test.WatchDog.cancel(): canceling Wed Apr 10 04:00:23 UTC 2019
------------------ testing $PTII/ptolemy/domains/de/test/auto/DepthTest5.xml
auto.tcl: Setting watchdog for 200 seconds at Wed Apr 10 04:00:23 UTC 2019
4 ms. Memory: 208384K Free: 196084K (94%)
ptolemy.util.test.WatchDog.cancel(): canceling Wed Apr 10 04:00:23 UTC 2019
auto.tcl: Setting watchdog for 200 seconds at Wed Apr 10 04:00:23 UTC 2019
3 ms. Memory: 208384K Free: 196084K (94%)
ptolemy.util.test.WatchDog.cancel(): canceling Wed Apr 10 04:00:23 UTC 2019
------------------ testing $PTII/ptolemy/domains/de/test/auto/DepthTest6.xml
auto.tcl: Setting watchdog for 200 seconds at Wed Apr 10 04:00:23 UTC 2019
7 ms. Memory: 208384K Free: 196580K (94%)
ptolemy.util.test.WatchDog.cancel(): canceling Wed Apr 10 04:00:23 UTC 2019
auto.tcl: Setting watchdog for 200 seconds at Wed Apr 10 04:00:23 UTC 2019
2 ms. Memory: 208384K Free: 196580K (94%)
ptolemy.util.test.WatchDog.cancel(): canceling Wed Apr 10 04:00:23 UTC 2019
------------------ testing $PTII/ptolemy/domains/de/test/auto/DepthTest7.xml
auto.tcl: Setting watchdog for 200 seconds at Wed Apr 10 04:00:23 UTC 2019
2 ms. Memory: 208384K Free: 196041K (94%)
ptolemy.util.test.WatchDog.cancel(): canceling Wed Apr 10 04:00:23 UTC 2019
auto.tcl: Setting watchdog for 200 seconds at Wed Apr 10 04:00:23 UTC 2019
2 ms. Memory: 208384K Free: 196041K (94%)
ptolemy.util.test.WatchDog.cancel(): canceling Wed Apr 10 04:00:23 UTC 2019
------------------ testing $PTII/ptolemy/domains/de/test/auto/EventToDate.xml
auto.tcl: Setting watchdog for 200 seconds at Wed Apr 10 04:00:23 UTC 2019
3006 ms. Memory: 208384K Free: 187849K (90%)
ptolemy.util.test.WatchDog.cancel(): canceling Wed Apr 10 04:00:26 UTC 2019
auto.tcl: Setting watchdog for 200 seconds at Wed Apr 10 04:00:26 UTC 2019
3004 ms. Memory: 208384K Free: 185799K (89%)
ptolemy.util.test.WatchDog.cancel(): canceling Wed Apr 10 04:00:29 UTC 2019
------------------ testing $PTII/ptolemy/domains/de/test/auto/FSM1.xml
auto.tcl: Setting watchdog for 200 seconds at Wed Apr 10 04:00:29 UTC 2019
18 ms. Memory: 208384K Free: 189193K (91%)
ptolemy.util.test.WatchDog.cancel(): canceling Wed Apr 10 04:00:29 UTC 2019
auto.tcl: Setting watchdog for 200 seconds at Wed Apr 10 04:00:29 UTC 2019
19 ms. Memory: 208384K Free: 185093K (89%)
ptolemy.util.test.WatchDog.cancel(): canceling Wed Apr 10 04:00:30 UTC 2019
------------------ testing $PTII/ptolemy/domains/de/test/auto/FSM7.xml
auto.tcl: Setting watchdog for 200 seconds at Wed Apr 10 04:00:30 UTC 2019
34 ms. Memory: 208384K Free: 189396K (91%)
ptolemy.util.test.WatchDog.cancel(): canceling Wed Apr 10 04:00:30 UTC 2019
auto.tcl: Setting watchdog for 200 seconds at Wed Apr 10 04:00:30 UTC 2019
15 ms. Memory: 208384K Free: 185297K (89%)
ptolemy.util.test.WatchDog.cancel(): canceling Wed Apr 10 04:00:30 UTC 2019
------------------ testing $PTII/ptolemy/domains/de/test/auto/Inspection.xml
auto.tcl: Setting watchdog for 200 seconds at Wed Apr 10 04:00:30 UTC 2019
41 ms. Memory: 208384K Free: 189071K (91%)
ptolemy.util.test.WatchDog.cancel(): canceling Wed Apr 10 04:00:30 UTC 2019
auto.tcl: Setting watchdog for 200 seconds at Wed Apr 10 04:00:30 UTC 2019
32 ms. Memory: 208384K Free: 187021K (90%)
ptolemy.util.test.WatchDog.cancel(): canceling Wed Apr 10 04:00:30 UTC 2019
------------------ testing $PTII/ptolemy/domains/de/test/auto/Iteration.xml
auto.tcl: Setting watchdog for 200 seconds at Wed Apr 10 04:00:30 UTC 2019
7 ms. Memory: 208384K Free: 195846K (94%)
ptolemy.util.test.WatchDog.cancel(): canceling Wed Apr 10 04:00:30 UTC 2019
auto.tcl: Setting watchdog for 200 seconds at Wed Apr 10 04:00:30 UTC 2019
8 ms. Memory: 208384K Free: 193796K (93%)
ptolemy.util.test.WatchDog.cancel(): canceling Wed Apr 10 04:00:30 UTC 2019
------------------ testing $PTII/ptolemy/domains/de/test/auto/LineFault.xml
auto.tcl: Setting watchdog for 200 seconds at Wed Apr 10 04:00:30 UTC 2019
691 ms. Memory: 208384K Free: 199574K (96%)
ptolemy.util.test.WatchDog.cancel(): canceling Wed Apr 10 04:00:31 UTC 2019
auto.tcl: Setting watchdog for 200 seconds at Wed Apr 10 04:00:31 UTC 2019
566 ms. Memory: 208384K Free: 141931K (68%)
ptolemy.util.test.WatchDog.cancel(): canceling Wed Apr 10 04:00:31 UTC 2019
------------------ testing $PTII/ptolemy/domains/de/test/auto/MergeModel1Add.xml
auto.tcl: Setting watchdog for 200 seconds at Wed Apr 10 04:00:32 UTC 2019
27 ms. Memory: 331264K Free: 300465K (91%)
ptolemy.util.test.WatchDog.cancel(): canceling Wed Apr 10 04:00:32 UTC 2019
auto.tcl: Setting watchdog for 200 seconds at Wed Apr 10 04:00:32 UTC 2019
11 ms. Memory: 331264K Free: 300465K (91%)
ptolemy.util.test.WatchDog.cancel(): canceling Wed Apr 10 04:00:32 UTC 2019
------------------ testing $PTII/ptolemy/domains/de/test/auto/MergeModel2Add.xml
auto.tcl: Setting watchdog for 200 seconds at Wed Apr 10 04:00:32 UTC 2019
11 ms. Memory: 331264K Free: 305417K (92%)
ptolemy.util.test.WatchDog.cancel(): canceling Wed Apr 10 04:00:32 UTC 2019
auto.tcl: Setting watchdog for 200 seconds at Wed Apr 10 04:00:32 UTC 2019
11 ms. Memory: 331264K Free: 301835K (91%)
ptolemy.util.test.WatchDog.cancel(): canceling Wed Apr 10 04:00:32 UTC 2019
------------------ testing $PTII/ptolemy/domains/de/test/auto/MergeModel3Add.xml
auto.tcl: Setting watchdog for 200 seconds at Wed Apr 10 04:00:32 UTC 2019
9 ms. Memory: 331264K Free: 305428K (92%)
ptolemy.util.test.WatchDog.cancel(): canceling Wed Apr 10 04:00:32 UTC 2019
auto.tcl: Setting watchdog for 200 seconds at Wed Apr 10 04:00:32 UTC 2019
10 ms. Memory: 331264K Free: 301846K (91%)
ptolemy.util.test.WatchDog.cancel(): canceling Wed Apr 10 04:00:32 UTC 2019
------------------ testing $PTII/ptolemy/domains/de/test/auto/MergeWithoutDiscard.xml
auto.tcl: Setting watchdog for 200 seconds at Wed Apr 10 04:00:32 UTC 2019
2 ms. Memory: 331264K Free: 316844K (96%)
ptolemy.util.test.WatchDog.cancel(): canceling Wed Apr 10 04:00:32 UTC 2019
auto.tcl: Setting watchdog for 200 seconds at Wed Apr 10 04:00:32 UTC 2019
1 ms. Memory: 331264K Free: 316169K (95%)
ptolemy.util.test.WatchDog.cancel(): canceling Wed Apr 10 04:00:32 UTC 2019
------------------ testing $PTII/ptolemy/domains/de/test/auto/Modal1.xml
auto.tcl: Setting watchdog for 200 seconds at Wed Apr 10 04:00:32 UTC 2019
13 ms. Memory: 331264K Free: 310412K (94%)
ptolemy.util.test.WatchDog.cancel(): canceling Wed Apr 10 04:00:32 UTC 2019
auto.tcl: Setting watchdog for 200 seconds at Wed Apr 10 04:00:32 UTC 2019
13 ms. Memory: 331264K Free: 306831K (93%)
ptolemy.util.test.WatchDog.cancel(): canceling Wed Apr 10 04:00:32 UTC 2019
------------------ testing $PTII/ptolemy/domains/de/test/auto/Modal2.xml
auto.tcl: Setting watchdog for 200 seconds at Wed Apr 10 04:00:32 UTC 2019
15 ms. Memory: 331264K Free: 310285K (94%)
ptolemy.util.test.WatchDog.cancel(): canceling Wed Apr 10 04:00:32 UTC 2019
auto.tcl: Setting watchdog for 200 seconds at Wed Apr 10 04:00:32 UTC 2019
21 ms. Memory: 331264K Free: 306703K (93%)
ptolemy.util.test.WatchDog.cancel(): canceling Wed Apr 10 04:00:32 UTC 2019
------------------ testing $PTII/ptolemy/domains/de/test/auto/Modal3.xml
auto.tcl: Setting watchdog for 200 seconds at Wed Apr 10 04:00:32 UTC 2019
16 ms. Memory: 331264K Free: 306071K (92%)
ptolemy.util.test.WatchDog.cancel(): canceling Wed Apr 10 04:00:32 UTC 2019
auto.tcl: Setting watchdog for 200 seconds at Wed Apr 10 04:00:32 UTC 2019
12 ms. Memory: 331264K Free: 301814K (91%)
ptolemy.util.test.WatchDog.cancel(): canceling Wed Apr 10 04:00:32 UTC 2019
------------------ testing $PTII/ptolemy/domains/de/test/auto/Modal4.xml
auto.tcl: Setting watchdog for 200 seconds at Wed Apr 10 04:00:32 UTC 2019
28 ms. Memory: 331264K Free: 310305K (94%)
ptolemy.util.test.WatchDog.cancel(): canceling Wed Apr 10 04:00:33 UTC 2019
auto.tcl: Setting watchdog for 200 seconds at Wed Apr 10 04:00:33 UTC 2019
20 ms. Memory: 331264K Free: 306723K (93%)
ptolemy.util.test.WatchDog.cancel(): canceling Wed Apr 10 04:00:33 UTC 2019
------------------ testing $PTII/ptolemy/domains/de/test/auto/Modal5.xml
auto.tcl: Setting watchdog for 200 seconds at Wed Apr 10 04:00:33 UTC 2019
17 ms. Memory: 331264K Free: 310299K (94%)
ptolemy.util.test.WatchDog.cancel(): canceling Wed Apr 10 04:00:33 UTC 2019
auto.tcl: Setting watchdog for 200 seconds at Wed Apr 10 04:00:33 UTC 2019
14 ms. Memory: 331264K Free: 306718K (93%)
ptolemy.util.test.WatchDog.cancel(): canceling Wed Apr 10 04:00:33 UTC 2019
------------------ testing $PTII/ptolemy/domains/de/test/auto/Modal6.xml
auto.tcl: Setting watchdog for 200 seconds at Wed Apr 10 04:00:33 UTC 2019
17 ms. Memory: 331264K Free: 310297K (94%)
ptolemy.util.test.WatchDog.cancel(): canceling Wed Apr 10 04:00:33 UTC 2019
auto.tcl: Setting watchdog for 200 seconds at Wed Apr 10 04:00:33 UTC 2019
17 ms. Memory: 331264K Free: 306715K (93%)
ptolemy.util.test.WatchDog.cancel(): canceling Wed Apr 10 04:00:33 UTC 2019
------------------ testing $PTII/ptolemy/domains/de/test/auto/Modal7.xml
auto.tcl: Setting watchdog for 200 seconds at Wed Apr 10 04:00:33 UTC 2019
19 ms. Memory: 331264K Free: 306716K (93%)
ptolemy.util.test.WatchDog.cancel(): canceling Wed Apr 10 04:00:33 UTC 2019
auto.tcl: Setting watchdog for 200 seconds at Wed Apr 10 04:00:33 UTC 2019
12 ms. Memory: 331264K Free: 303134K (92%)
ptolemy.util.test.WatchDog.cancel(): canceling Wed Apr 10 04:00:33 UTC 2019
------------------ testing $PTII/ptolemy/domains/de/test/auto/ModalModel.xml
auto.tcl: Setting watchdog for 200 seconds at Wed Apr 10 04:00:33 UTC 2019
212 ms. Memory: 331264K Free: 247734K (75%)
ptolemy.util.test.WatchDog.cancel(): canceling Wed Apr 10 04:00:33 UTC 2019
auto.tcl: Setting watchdog for 200 seconds at Wed Apr 10 04:00:33 UTC 2019
190 ms. Memory: 331264K Free: 190332K (57%)
ptolemy.util.test.WatchDog.cancel(): canceling Wed Apr 10 04:00:33 UTC 2019
------------------ testing $PTII/ptolemy/domains/de/test/auto/ModalSource.xml
auto.tcl: Setting watchdog for 200 seconds at Wed Apr 10 04:00:33 UTC 2019
10 ms. Memory: 331264K Free: 316333K (95%)
ptolemy.util.test.WatchDog.cancel(): canceling Wed Apr 10 04:00:33 UTC 2019
auto.tcl: Setting watchdog for 200 seconds at Wed Apr 10 04:00:33 UTC 2019
7 ms. Memory: 331264K Free: 313039K (94%)
ptolemy.util.test.WatchDog.cancel(): canceling Wed Apr 10 04:00:34 UTC 2019
------------------ testing $PTII/ptolemy/domains/de/test/auto/NonInterruptibleTimerZeroDelay.xml
auto.tcl: Setting watchdog for 200 seconds at Wed Apr 10 04:00:34 UTC 2019
4 ms. Memory: 331264K Free: 320277K (97%)
ptolemy.util.test.WatchDog.cancel(): canceling Wed Apr 10 04:00:34 UTC 2019
auto.tcl: Setting watchdog for 200 seconds at Wed Apr 10 04:00:34 UTC 2019
2 ms. Memory: 331264K Free: 316983K (96%)
ptolemy.util.test.WatchDog.cancel(): canceling Wed Apr 10 04:00:34 UTC 2019
------------------ testing $PTII/ptolemy/domains/de/test/auto/OpenQueueingNetwork.xml
auto.tcl: Setting watchdog for 200 seconds at Wed Apr 10 04:00:34 UTC 2019
2929 ms. Memory: 573952K Free: 413174K (72%)
ptolemy.util.test.WatchDog.cancel(): canceling Wed Apr 10 04:00:37 UTC 2019
auto.tcl: Setting watchdog for 200 seconds at Wed Apr 10 04:00:37 UTC 2019
2439 ms. Memory: 550912K Free: 320700K (58%)
ptolemy.util.test.WatchDog.cancel(): canceling Wed Apr 10 04:00:39 UTC 2019
------------------ testing $PTII/ptolemy/domains/de/test/auto/OpenQueuingNetwork.xml
auto.tcl: Setting watchdog for 200 seconds at Wed Apr 10 04:00:39 UTC 2019
237 ms. Memory: 549888K Free: 446132K (81%)
ptolemy.util.test.WatchDog.cancel(): canceling Wed Apr 10 04:00:40 UTC 2019
auto.tcl: Setting watchdog for 200 seconds at Wed Apr 10 04:00:40 UTC 2019
233 ms. Memory: 549888K Free: 388950K (71%)
ptolemy.util.test.WatchDog.cancel(): canceling Wed Apr 10 04:00:40 UTC 2019
------------------ testing $PTII/ptolemy/domains/de/test/auto/PeriodicSampler.xml
auto.tcl: Setting watchdog for 200 seconds at Wed Apr 10 04:00:40 UTC 2019
5 ms. Memory: 551936K Free: 536629K (97%)
ptolemy.util.test.WatchDog.cancel(): canceling Wed Apr 10 04:00:40 UTC 2019
auto.tcl: Setting watchdog for 200 seconds at Wed Apr 10 04:00:40 UTC 2019
3 ms. Memory: 551936K Free: 536629K (97%)
ptolemy.util.test.WatchDog.cancel(): canceling Wed Apr 10 04:00:40 UTC 2019
------------------ testing $PTII/ptolemy/domains/de/test/auto/PersistentIO.xml
auto.tcl: Setting watchdog for 200 seconds at Wed Apr 10 04:00:40 UTC 2019
6 ms. Memory: 549376K Free: 524775K (96%)
ptolemy.util.test.WatchDog.cancel(): canceling Wed Apr 10 04:00:40 UTC 2019
auto.tcl: Setting watchdog for 200 seconds at Wed Apr 10 04:00:40 UTC 2019
4 ms. Memory: 549376K Free: 524775K (96%)
ptolemy.util.test.WatchDog.cancel(): canceling Wed Apr 10 04:00:40 UTC 2019
------------------ testing $PTII/ptolemy/domains/de/test/auto/PortParameterResetOnInitialize.xml
auto.tcl: Setting watchdog for 200 seconds at Wed Apr 10 04:00:40 UTC 2019
5 ms. Memory: 551424K Free: 531898K (96%)
ptolemy.util.test.WatchDog.cancel(): canceling Wed Apr 10 04:00:40 UTC 2019
auto.tcl: Setting watchdog for 200 seconds at Wed Apr 10 04:00:40 UTC 2019
2 ms. Memory: 551424K Free: 531898K (96%)
ptolemy.util.test.WatchDog.cancel(): canceling Wed Apr 10 04:00:40 UTC 2019
------------------ testing $PTII/ptolemy/domains/de/test/auto/PortParameterUpdates.xml
auto.tcl: Setting watchdog for 200 seconds at Wed Apr 10 04:00:40 UTC 2019
11 ms. Memory: 549376K Free: 529440K (96%)
ptolemy.util.test.WatchDog.cancel(): canceling Wed Apr 10 04:00:40 UTC 2019
auto.tcl: Setting watchdog for 200 seconds at Wed Apr 10 04:00:40 UTC 2019
4 ms. Memory: 549376K Free: 524226K (95%)
ptolemy.util.test.WatchDog.cancel(): canceling Wed Apr 10 04:00:40 UTC 2019
------------------ testing $PTII/ptolemy/domains/de/test/auto/QueueAndServer.xml
auto.tcl: Setting watchdog for 200 seconds at Wed Apr 10 04:00:40 UTC 2019
17 ms. Memory: 551424K Free: 526237K (95%)
ptolemy.util.test.WatchDog.cancel(): canceling Wed Apr 10 04:00:40 UTC 2019
auto.tcl: Setting watchdog for 200 seconds at Wed Apr 10 04:00:40 UTC 2019
6 ms. Memory: 551424K Free: 526237K (95%)
ptolemy.util.test.WatchDog.cancel(): canceling Wed Apr 10 04:00:40 UTC 2019
------------------ testing $PTII/ptolemy/domains/de/test/auto/Records.xml
auto.tcl: Setting watchdog for 200 seconds at Wed Apr 10 04:00:40 UTC 2019
12 ms. Memory: 549376K Free: 534025K (97%)
ptolemy.util.test.WatchDog.cancel(): canceling Wed Apr 10 04:00:40 UTC 2019
auto.tcl: Setting watchdog for 200 seconds at Wed Apr 10 04:00:40 UTC 2019
2 ms. Memory: 549376K Free: 528826K (96%)
ptolemy.util.test.WatchDog.cancel(): canceling Wed Apr 10 04:00:40 UTC 2019
------------------ testing $PTII/ptolemy/domains/de/test/auto/ResetTransitionWithStartTime1.xml
auto.tcl: Setting watchdog for 200 seconds at Wed Apr 10 04:00:40 UTC 2019
15 ms. Memory: 551424K Free: 531426K (96%)
ptolemy.util.test.WatchDog.cancel(): canceling Wed Apr 10 04:00:40 UTC 2019
auto.tcl: Setting watchdog for 200 seconds at Wed Apr 10 04:00:40 UTC 2019
9 ms. Memory: 551424K Free: 531426K (96%)
ptolemy.util.test.WatchDog.cancel(): canceling Wed Apr 10 04:00:40 UTC 2019
------------------ testing $PTII/ptolemy/domains/de/test/auto/ResetTransitionWithStartTime2.xml
auto.tcl: Setting watchdog for 200 seconds at Wed Apr 10 04:00:40 UTC 2019
6 ms. Memory: 549376K Free: 529370K (96%)
ptolemy.util.test.WatchDog.cancel(): canceling Wed Apr 10 04:00:40 UTC 2019
auto.tcl: Setting watchdog for 200 seconds at Wed Apr 10 04:00:40 UTC 2019
12 ms. Memory: 549376K Free: 529370K (96%)
ptolemy.util.test.WatchDog.cancel(): canceling Wed Apr 10 04:00:40 UTC 2019
------------------ testing $PTII/ptolemy/domains/de/test/auto/ResetTransitionWithStartTime3.xml
auto.tcl: Setting watchdog for 200 seconds at Wed Apr 10 04:00:40 UTC 2019
7 ms. Memory: 550912K Free: 525682K (95%)
ptolemy.util.test.WatchDog.cancel(): canceling Wed Apr 10 04:00:41 UTC 2019
auto.tcl: Setting watchdog for 200 seconds at Wed Apr 10 04:00:41 UTC 2019
7 ms. Memory: 550912K Free: 525682K (95%)
ptolemy.util.test.WatchDog.cancel(): canceling Wed Apr 10 04:00:41 UTC 2019
------------------ testing $PTII/ptolemy/domains/de/test/auto/ResetTransitionWithStartTime4.xml
auto.tcl: Setting watchdog for 200 seconds at Wed Apr 10 04:00:41 UTC 2019
4 ms. Memory: 549376K Free: 528841K (96%)
ptolemy.util.test.WatchDog.cancel(): canceling Wed Apr 10 04:00:41 UTC 2019
auto.tcl: Setting watchdog for 200 seconds at Wed Apr 10 04:00:41 UTC 2019
4 ms. Memory: 549376K Free: 528841K (96%)
ptolemy.util.test.WatchDog.cancel(): canceling Wed Apr 10 04:00:41 UTC 2019
------------------ testing $PTII/ptolemy/domains/de/test/auto/ResettableTimer1.xml
auto.tcl: Setting watchdog for 200 seconds at Wed Apr 10 04:00:41 UTC 2019
7 ms. Memory: 550912K Free: 535571K (97%)
ptolemy.util.test.WatchDog.cancel(): canceling Wed Apr 10 04:00:41 UTC 2019
auto.tcl: Setting watchdog for 200 seconds at Wed Apr 10 04:00:41 UTC 2019
2 ms. Memory: 550912K Free: 535571K (97%)
ptolemy.util.test.WatchDog.cancel(): canceling Wed Apr 10 04:00:41 UTC 2019
------------------ testing $PTII/ptolemy/domains/de/test/auto/ResettableTimer2.xml
auto.tcl: Setting watchdog for 200 seconds at Wed Apr 10 04:00:41 UTC 2019
2 ms. Memory: 549376K Free: 534636K (97%)
ptolemy.util.test.WatchDog.cancel(): canceling Wed Apr 10 04:00:41 UTC 2019
auto.tcl: Setting watchdog for 200 seconds at Wed Apr 10 04:00:41 UTC 2019
2 ms. Memory: 549376K Free: 534636K (97%)
ptolemy.util.test.WatchDog.cancel(): canceling Wed Apr 10 04:00:41 UTC 2019
------------------ testing $PTII/ptolemy/domains/de/test/auto/ResettableTimer3.xml
auto.tcl: Setting watchdog for 200 seconds at Wed Apr 10 04:00:41 UTC 2019
1 ms. Memory: 550912K Free: 535628K (97%)
ptolemy.util.test.WatchDog.cancel(): canceling Wed Apr 10 04:00:41 UTC 2019
auto.tcl: Setting watchdog for 200 seconds at Wed Apr 10 04:00:41 UTC 2019
1 ms. Memory: 550912K Free: 535628K (97%)
ptolemy.util.test.WatchDog.cancel(): canceling Wed Apr 10 04:00:41 UTC 2019
------------------ testing $PTII/ptolemy/domains/de/test/auto/ResettableTimer4.xml
auto.tcl: Setting watchdog for 200 seconds at Wed Apr 10 04:00:41 UTC 2019
1 ms. Memory: 549376K Free: 534648K (97%)
ptolemy.util.test.WatchDog.cancel(): canceling Wed Apr 10 04:00:41 UTC 2019
auto.tcl: Setting watchdog for 200 seconds at Wed Apr 10 04:00:41 UTC 2019
1 ms. Memory: 549376K Free: 534648K (97%)
ptolemy.util.test.WatchDog.cancel(): canceling Wed Apr 10 04:00:41 UTC 2019
------------------ testing $PTII/ptolemy/domains/de/test/auto/ResettableTimer5.xml
auto.tcl: Setting watchdog for 200 seconds at Wed Apr 10 04:00:41 UTC 2019
2 ms. Memory: 550400K Free: 530990K (96%)
ptolemy.util.test.WatchDog.cancel(): canceling Wed Apr 10 04:00:41 UTC 2019
auto.tcl: Setting watchdog for 200 seconds at Wed Apr 10 04:00:41 UTC 2019
1 ms. Memory: 550400K Free: 530990K (96%)
ptolemy.util.test.WatchDog.cancel(): canceling Wed Apr 10 04:00:41 UTC 2019
------------------ testing $PTII/ptolemy/domains/de/test/auto/ResettableTimer6.xml
auto.tcl: Setting watchdog for 200 seconds at Wed Apr 10 04:00:41 UTC 2019
1 ms. Memory: 549376K Free: 529373K (96%)
ptolemy.util.test.WatchDog.cancel(): canceling Wed Apr 10 04:00:41 UTC 2019
auto.tcl: Setting watchdog for 200 seconds at Wed Apr 10 04:00:41 UTC 2019
1 ms. Memory: 549376K Free: 529373K (96%)
ptolemy.util.test.WatchDog.cancel(): canceling Wed Apr 10 04:00:41 UTC 2019
------------------ testing $PTII/ptolemy/domains/de/test/auto/ServerZeroDelay.xml
auto.tcl: Setting watchdog for 200 seconds at Wed Apr 10 04:00:41 UTC 2019
4 ms. Memory: 550400K Free: 535610K (97%)
ptolemy.util.test.WatchDog.cancel(): canceling Wed Apr 10 04:00:41 UTC 2019
auto.tcl: Setting watchdog for 200 seconds at Wed Apr 10 04:00:41 UTC 2019
2 ms. Memory: 550400K Free: 535610K (97%)
ptolemy.util.test.WatchDog.cancel(): canceling Wed Apr 10 04:00:41 UTC 2019
------------------ testing $PTII/ptolemy/domains/de/test/auto/SmartSender.xml
auto.tcl: Setting watchdog for 200 seconds at Wed Apr 10 04:00:41 UTC 2019
3001 ms. Memory: 549376K Free: 529902K (96%)
ptolemy.util.test.WatchDog.cancel(): canceling Wed Apr 10 04:00:44 UTC 2019
auto.tcl: Setting watchdog for 200 seconds at Wed Apr 10 04:00:44 UTC 2019
3001 ms. Memory: 549376K Free: 529902K (96%)
ptolemy.util.test.WatchDog.cancel(): canceling Wed Apr 10 04:00:47 UTC 2019
------------------ testing $PTII/ptolemy/domains/de/test/auto/ThreadedComposite.xml
auto.tcl: Setting watchdog for 200 seconds at Wed Apr 10 04:00:47 UTC 2019
199 ms. Memory: 550400K Free: 510624K (93%)
ptolemy.util.test.WatchDog.cancel(): canceling Wed Apr 10 04:00:47 UTC 2019
auto.tcl: Setting watchdog for 200 seconds at Wed Apr 10 04:00:47 UTC 2019
145 ms. Memory: 550400K Free: 496067K (90%)
ptolemy.util.test.WatchDog.cancel(): canceling Wed Apr 10 04:00:48 UTC 2019
------------------ testing $PTII/ptolemy/domains/de/test/auto/Time.xml
auto.tcl: Setting watchdog for 200 seconds at Wed Apr 10 04:00:48 UTC 2019
567 ms. Memory: 549376K Free: 482287K (88%)
ptolemy.util.test.WatchDog.cancel(): canceling Wed Apr 10 04:00:48 UTC 2019
auto.tcl: Setting watchdog for 200 seconds at Wed Apr 10 04:00:48 UTC 2019
519 ms. Memory: 549376K Free: 430304K (78%)
ptolemy.util.test.WatchDog.cancel(): canceling Wed Apr 10 04:00:49 UTC 2019
------------------ testing $PTII/ptolemy/domains/de/test/auto/TimeDelayZeroDelay.xml
auto.tcl: Setting watchdog for 200 seconds at Wed Apr 10 04:00:49 UTC 2019
2 ms. Memory: 550400K Free: 534986K (97%)
ptolemy.util.test.WatchDog.cancel(): canceling Wed Apr 10 04:00:49 UTC 2019
auto.tcl: Setting watchdog for 200 seconds at Wed Apr 10 04:00:49 UTC 2019
2 ms. Memory: 550400K Free: 534986K (97%)
ptolemy.util.test.WatchDog.cancel(): canceling Wed Apr 10 04:00:49 UTC 2019
------------------ testing $PTII/ptolemy/domains/de/test/auto/TimerZeroDelay.xml
auto.tcl: Setting watchdog for 200 seconds at Wed Apr 10 04:00:49 UTC 2019
3 ms. Memory: 549376K Free: 534006K (97%)
ptolemy.util.test.WatchDog.cancel(): canceling Wed Apr 10 04:00:49 UTC 2019
auto.tcl: Setting watchdog for 200 seconds at Wed Apr 10 04:00:49 UTC 2019
2 ms. Memory: 549376K Free: 534006K (97%)
ptolemy.util.test.WatchDog.cancel(): canceling Wed Apr 10 04:00:49 UTC 2019
------------------ testing $PTII/ptolemy/domains/de/test/auto/TimingParadox.xml
auto.tcl: Setting watchdog for 200 seconds at Wed Apr 10 04:00:49 UTC 2019
439 ms. Memory: 549888K Free: 470490K (86%)
ptolemy.util.test.WatchDog.cancel(): canceling Wed Apr 10 04:00:49 UTC 2019
auto.tcl: Setting watchdog for 200 seconds at Wed Apr 10 04:00:49 UTC 2019
429 ms. Memory: 549888K Free: 434101K (79%)
ptolemy.util.test.WatchDog.cancel(): canceling Wed Apr 10 04:00:50 UTC 2019
------------------ testing $PTII/ptolemy/domains/de/test/auto/TransferInputs.xml
auto.tcl: Setting watchdog for 200 seconds at Wed Apr 10 04:00:50 UTC 2019
1 ms. Memory: 549888K Free: 534022K (97%)
ptolemy.util.test.WatchDog.cancel(): canceling Wed Apr 10 04:00:50 UTC 2019
auto.tcl: Setting watchdog for 200 seconds at Wed Apr 10 04:00:50 UTC 2019
1 ms. Memory: 549888K Free: 534022K (97%)
ptolemy.util.test.WatchDog.cancel(): canceling Wed Apr 10 04:00:50 UTC 2019
------------------ testing $PTII/ptolemy/domains/de/test/auto/TransferOutputs2.xml
auto.tcl: Setting watchdog for 200 seconds at Wed Apr 10 04:00:50 UTC 2019
4 ms. Memory: 549376K Free: 529413K (96%)
ptolemy.util.test.WatchDog.cancel(): canceling Wed Apr 10 04:00:50 UTC 2019
auto.tcl: Setting watchdog for 200 seconds at Wed Apr 10 04:00:50 UTC 2019
3 ms. Memory: 549376K Free: 529413K (96%)
ptolemy.util.test.WatchDog.cancel(): canceling Wed Apr 10 04:00:50 UTC 2019
------------------ testing $PTII/ptolemy/domains/de/test/auto/Trilateration.xml
auto.tcl: Setting watchdog for 200 seconds at Wed Apr 10 04:00:50 UTC 2019
14854 ms. Memory: 453632K Free: 152143K (34%)
ptolemy.util.test.WatchDog.cancel(): canceling Wed Apr 10 04:01:06 UTC 2019
auto.tcl: Setting watchdog for 200 seconds at Wed Apr 10 04:01:06 UTC 2019
11662 ms. Memory: 331264K Free: 264879K (80%)
ptolemy.util.test.WatchDog.cancel(): canceling Wed Apr 10 04:01:18 UTC 2019
------------------ testing $PTII/ptolemy/domains/de/test/auto/TwoSigmaDelta.xml
auto.tcl: Setting watchdog for 200 seconds at Wed Apr 10 04:01:18 UTC 2019
2812 ms. Memory: 320000K Free: 257503K (80%)
ptolemy.util.test.WatchDog.cancel(): canceling Wed Apr 10 04:01:21 UTC 2019
auto.tcl: Setting watchdog for 200 seconds at Wed Apr 10 04:01:21 UTC 2019
2035 ms. Memory: 307712K Free: 251194K (82%)
ptolemy.util.test.WatchDog.cancel(): canceling Wed Apr 10 04:01:23 UTC 2019
------------------ testing $PTII/ptolemy/domains/de/test/auto/VariableDelay.xml
auto.tcl: Setting watchdog for 200 seconds at Wed Apr 10 04:01:23 UTC 2019
2 ms. Memory: 309760K Free: 293276K (95%)
ptolemy.util.test.WatchDog.cancel(): canceling Wed Apr 10 04:01:23 UTC 2019
auto.tcl: Setting watchdog for 200 seconds at Wed Apr 10 04:01:23 UTC 2019
1 ms. Memory: 309760K Free: 293276K (95%)
ptolemy.util.test.WatchDog.cancel(): canceling Wed Apr 10 04:01:23 UTC 2019
------------------ testing $PTII/ptolemy/domains/de/test/auto/VariableDelay2.xml
auto.tcl: Setting watchdog for 200 seconds at Wed Apr 10 04:01:23 UTC 2019
7 ms. Memory: 307712K Free: 293917K (96%)
ptolemy.util.test.WatchDog.cancel(): canceling Wed Apr 10 04:01:23 UTC 2019
auto.tcl: Setting watchdog for 200 seconds at Wed Apr 10 04:01:23 UTC 2019
2 ms. Memory: 307712K Free: 293917K (96%)
ptolemy.util.test.WatchDog.cancel(): canceling Wed Apr 10 04:01:23 UTC 2019
------------------ testing $PTII/ptolemy/domains/de/test/auto/VariableDelayZeroDelay.xml
auto.tcl: Setting watchdog for 200 seconds at Wed Apr 10 04:01:23 UTC 2019
2 ms. Memory: 309248K Free: 296455K (96%)
ptolemy.util.test.WatchDog.cancel(): canceling Wed Apr 10 04:01:23 UTC 2019
auto.tcl: Setting watchdog for 200 seconds at Wed Apr 10 04:01:23 UTC 2019
2 ms. Memory: 309248K Free: 293197K (95%)
ptolemy.util.test.WatchDog.cancel(): canceling Wed Apr 10 04:01:23 UTC 2019
------------------ testing $PTII/ptolemy/domains/de/test/auto/VariableDelayZeroDelay2.xml
auto.tcl: Setting watchdog for 200 seconds at Wed Apr 10 04:01:23 UTC 2019
2 ms. Memory: 307712K Free: 294917K (96%)
ptolemy.util.test.WatchDog.cancel(): canceling Wed Apr 10 04:01:23 UTC 2019
auto.tcl: Setting watchdog for 200 seconds at Wed Apr 10 04:01:23 UTC 2019
2 ms. Memory: 307712K Free: 291665K (95%)
ptolemy.util.test.WatchDog.cancel(): canceling Wed Apr 10 04:01:23 UTC 2019
------------------ testing $PTII/ptolemy/domains/de/test/auto/deInCt.xml
auto.tcl: Setting watchdog for 200 seconds at Wed Apr 10 04:01:23 UTC 2019
0
1
1
1
0
0
0
1
1
1
0
0
0
0
1
1
1
1
1
0
0
0
1
1
0
0
0
1
1
1
1
1
1
11 ms. Memory: 309248K Free: 293180K (95%)
ptolemy.util.test.WatchDog.cancel(): canceling Wed Apr 10 04:01:23 UTC 2019
auto.tcl: Setting watchdog for 200 seconds at Wed Apr 10 04:01:23 UTC 2019
0
1
1
1
1
1
0
0
0
0
1
1
1
0
0
0
1
1
1
1
0
0
0
1
1
1
0
0
0
0
0
0
10 ms. Memory: 309248K Free: 293180K (95%)
ptolemy.util.test.WatchDog.cancel(): canceling Wed Apr 10 04:01:23 UTC 2019
------------------ testing $PTII/ptolemy/domains/de/test/auto/deInCt2.xml
auto.tcl: Setting watchdog for 200 seconds at Wed Apr 10 04:01:23 UTC 2019
0
1
1
1
0
0
1
1
1
0
0
1
1
1
0
0
1
1
1
0
0
1
1
1
0
0
1
1
1
0
0
1
1
1
0
0
1
1
1
0
0
0
8 ms. Memory: 307712K Free: 291643K (95%)
ptolemy.util.test.WatchDog.cancel(): canceling Wed Apr 10 04:01:23 UTC 2019
auto.tcl: Setting watchdog for 200 seconds at Wed Apr 10 04:01:23 UTC 2019
0
1
1
1
0
0
1
1
1
0
0
1
1
1
0
0
1
1
1
0
0
1
1
1
0
0
1
1
1
0
0
1
1
1
0
0
1
1
1
0
0
0
10 ms. Memory: 307712K Free: 291643K (95%)
ptolemy.util.test.WatchDog.cancel(): canceling Wed Apr 10 04:01:23 UTC 2019
------------------ testing $PTII/ptolemy/domains/de/test/auto/dynamicCausalityInterface1.xml
auto.tcl: Setting watchdog for 200 seconds at Wed Apr 10 04:01:23 UTC 2019
1 ms. Memory: 308736K Free: 291679K (94%)
ptolemy.util.test.WatchDog.cancel(): canceling Wed Apr 10 04:01:23 UTC 2019
auto.tcl: Setting watchdog for 200 seconds at Wed Apr 10 04:01:23 UTC 2019
1 ms. Memory: 308736K Free: 291679K (94%)
ptolemy.util.test.WatchDog.cancel(): canceling Wed Apr 10 04:01:23 UTC 2019
------------------ testing $PTII/ptolemy/domains/de/test/auto/fsm_de_test.xml
auto.tcl: Setting watchdog for 200 seconds at Wed Apr 10 04:01:23 UTC 2019
6 ms. Memory: 307712K Free: 288271K (94%)
ptolemy.util.test.WatchDog.cancel(): canceling Wed Apr 10 04:01:23 UTC 2019
auto.tcl: Setting watchdog for 200 seconds at Wed Apr 10 04:01:23 UTC 2019
5 ms. Memory: 307712K Free: 288271K (94%)
ptolemy.util.test.WatchDog.cancel(): canceling Wed Apr 10 04:01:23 UTC 2019
------------------ testing $PTII/ptolemy/domains/de/test/auto/functionDependencyReconstruction.xml
auto.tcl: Setting watchdog for 200 seconds at Wed Apr 10 04:01:23 UTC 2019
2 ms. Memory: 308736K Free: 282785K (92%)
ptolemy.util.test.WatchDog.cancel(): canceling Wed Apr 10 04:01:23 UTC 2019
auto.tcl: Setting watchdog for 200 seconds at Wed Apr 10 04:01:23 UTC 2019
3 ms. Memory: 308736K Free: 279534K (91%)
ptolemy.util.test.WatchDog.cancel(): canceling Wed Apr 10 04:01:23 UTC 2019
------------------ testing $PTII/ptolemy/domains/de/test/auto/multirate.xml
auto.tcl: Setting watchdog for 200 seconds at Wed Apr 10 04:01:23 UTC 2019
3 ms. Memory: 307712K Free: 293662K (95%)
ptolemy.util.test.WatchDog.cancel(): canceling Wed Apr 10 04:01:23 UTC 2019
auto.tcl: Setting watchdog for 200 seconds at Wed Apr 10 04:01:23 UTC 2019
4 ms. Memory: 307712K Free: 290412K (94%)
ptolemy.util.test.WatchDog.cancel(): canceling Wed Apr 10 04:01:23 UTC 2019
------------------ testing $PTII/ptolemy/domains/de/test/auto/multirate2.xml
auto.tcl: Setting watchdog for 200 seconds at Wed Apr 10 04:01:23 UTC 2019
6 ms. Memory: 308736K Free: 294878K (96%)
ptolemy.util.test.WatchDog.cancel(): canceling Wed Apr 10 04:01:23 UTC 2019
auto.tcl: Setting watchdog for 200 seconds at Wed Apr 10 04:01:23 UTC 2019
3 ms. Memory: 308736K Free: 291627K (94%)
ptolemy.util.test.WatchDog.cancel(): canceling Wed Apr 10 04:01:23 UTC 2019
------------------ testing $PTII/ptolemy/domains/de/test/auto/realtime.xml
auto.tcl: Setting watchdog for 200 seconds at Wed Apr 10 04:01:24 UTC 2019
10002 ms. Memory: 307712K Free: 291569K (95%)
ptolemy.util.test.WatchDog.cancel(): canceling Wed Apr 10 04:01:34 UTC 2019
auto.tcl: Setting watchdog for 200 seconds at Wed Apr 10 04:01:34 UTC 2019
10002 ms. Memory: 307712K Free: 291569K (95%)
ptolemy.util.test.WatchDog.cancel(): canceling Wed Apr 10 04:01:44 UTC 2019
------------------ testing $PTII/ptolemy/domains/de/test/auto/relationGroup.xml
auto.tcl: Setting watchdog for 200 seconds at Wed Apr 10 04:01:44 UTC 2019
1 ms. Memory: 308224K Free: 297656K (97%)
ptolemy.util.test.WatchDog.cancel(): canceling Wed Apr 10 04:01:44 UTC 2019
auto.tcl: Setting watchdog for 200 seconds at Wed Apr 10 04:01:44 UTC 2019
1 ms. Memory: 308224K Free: 297656K (97%)
ptolemy.util.test.WatchDog.cancel(): canceling Wed Apr 10 04:01:44 UTC 2019
------------------ testing $PTII/ptolemy/domains/de/test/auto/relationGroup2.xml
auto.tcl: Setting watchdog for 200 seconds at Wed Apr 10 04:01:44 UTC 2019
6 ms. Memory: 307712K Free: 294907K (96%)
ptolemy.util.test.WatchDog.cancel(): canceling Wed Apr 10 04:01:44 UTC 2019
auto.tcl: Setting watchdog for 200 seconds at Wed Apr 10 04:01:44 UTC 2019
2 ms. Memory: 307712K Free: 294907K (96%)
ptolemy.util.test.WatchDog.cancel(): canceling Wed Apr 10 04:01:44 UTC 2019
------------------ testing $PTII/ptolemy/domains/de/test/auto/sortWithOpaquePorts.xml
auto.tcl: Setting watchdog for 200 seconds at Wed Apr 10 04:01:44 UTC 2019
2 ms. Memory: 308224K Free: 292153K (95%)
ptolemy.util.test.WatchDog.cancel(): canceling Wed Apr 10 04:01:44 UTC 2019
auto.tcl: Setting watchdog for 200 seconds at Wed Apr 10 04:01:44 UTC 2019
2 ms. Memory: 308224K Free: 292153K (95%)
ptolemy.util.test.WatchDog.cancel(): canceling Wed Apr 10 04:01:44 UTC 2019
------------------ testing $PTII/ptolemy/domains/de/test/auto/transferInputsandOutputs.xml
auto.tcl: Setting watchdog for 200 seconds at Wed Apr 10 04:01:44 UTC 2019
3 ms. Memory: 307712K Free: 291636K (95%)
ptolemy.util.test.WatchDog.cancel(): canceling Wed Apr 10 04:01:44 UTC 2019
auto.tcl: Setting watchdog for 200 seconds at Wed Apr 10 04:01:44 UTC 2019
2 ms. Memory: 307712K Free: 288369K (94%)
ptolemy.util.test.WatchDog.cancel(): canceling Wed Apr 10 04:01:44 UTC 2019
------------------ testing $PTII/ptolemy/domains/de/test/auto/triggerType.xml
auto.tcl: Setting watchdog for 200 seconds at Wed Apr 10 04:01:44 UTC 2019
2 ms. Memory: 308224K Free: 295356K (96%)
ptolemy.util.test.WatchDog.cancel(): canceling Wed Apr 10 04:01:44 UTC 2019
auto.tcl: Setting watchdog for 200 seconds at Wed Apr 10 04:01:44 UTC 2019
1 ms. Memory: 308224K Free: 292090K (95%)
ptolemy.util.test.WatchDog.cancel(): canceling Wed Apr 10 04:01:44 UTC 2019
04/10/19 04:01:44
Failed: 0  Total Tests: 192  ((Passed: 187, Newly Passed: 1)  Known Failed: 5) /home/travis/build/icyphy/ptII/ptolemy/domains/de/test
04/10/19 04:01:44
Failed: 0  Total Tests: 192  ((Passed: 187, Newly Passed: 1)  Known Failed: 5) /home/travis/build/icyphy/ptII/ptolemy/domains/de/test
----------------- testing (KnownFailure) /home/travis/build/icyphy/ptII/ptolemy/domains/de/test/auto/knownFailedTests/DESDFClockTest.xml
2010 ms. Memory: 307712K Free: 285810K (93%)
Known Failure: java.lang.reflect.InvocationTargetException
----------------- testing (KnownFailure) /home/travis/build/icyphy/ptII/ptolemy/domains/de/test/auto/knownFailedTests/DirectFeedback.xml
1 ms. Memory: 307712K Free: 267705K (87%)
Known Failure: java.lang.reflect.InvocationTargetException
----------------- testing (KnownFailure) /home/travis/build/icyphy/ptII/ptolemy/domains/de/test/auto/knownFailedTests/FSMSource.xml
15 ms. Memory: 307712K Free: 245066K (80%)
----------------- testing (KnownFailure) /home/travis/build/icyphy/ptII/ptolemy/domains/de/test/auto/knownFailedTests/HierarchicalModel.xml
2 ms. Memory: 307712K Free: 222420K (72%)
Known Failure: java.lang.reflect.InvocationTargetException
----------------- testing (KnownFailure) /home/travis/build/icyphy/ptII/ptolemy/domains/de/test/auto/knownFailedTests/dependencyLoop.xml
2 ms. Memory: 307712K Free: 190721K (62%)
Known Failure: java.lang.reflect.InvocationTargetException
----------------- testing (KnownFailure) /home/travis/build/icyphy/ptII/ptolemy/domains/de/test/auto/knownFailedTests/dependencyLoop2.xml
4 ms. Memory: 307712K Free: 159030K (52%)
Known Failure: java.lang.reflect.InvocationTargetException
No auto/linux-amd64/*.xml tests in /home/travis/build/icyphy/ptII/ptolemy/domains/de/test
AutoTests.java: About to close Vertx.
AutoTests.java: Vertx closed.

===========================================================================================
----------------- testing Wed Apr 10 04:01:46 UTC 2019 /home/travis/build/icyphy/ptII/ptolemy/domains/de/test/auto/ActorDepthCalculation_actorWithoutPorts.xml
----------------- Instantiating /home/travis/build/icyphy/ptII/ptolemy/domains/de/test/auto/ActorDepthCalculation_actorWithoutPorts.xml
1 ms. Memory: 307712K Free: 136399K (44%)
----------------- Invoking toplevel() on ptolemy.moml.MoMLSimpleApplication@4053ceae
----------------- Done invoking toplevel() on ptolemy.moml.MoMLSimpleApplication@4053ceae
reloadAllAccessors: .ActorDepthCalculation_actorWithoutPorts

===========================================================================================
----------------- testing Wed Apr 10 04:01:46 UTC 2019 /home/travis/build/icyphy/ptII/ptolemy/domains/de/test/auto/AssemblyLine.xml
----------------- Instantiating /home/travis/build/icyphy/ptII/ptolemy/domains/de/test/auto/AssemblyLine.xml
2 ms. Memory: 307712K Free: 122805K (40%)
----------------- Invoking toplevel() on ptolemy.moml.MoMLSimpleApplication@6071ebf3
----------------- Done invoking toplevel() on ptolemy.moml.MoMLSimpleApplication@6071ebf3
reloadAllAccessors: .AssemblyLine

===========================================================================================
----------------- testing Wed Apr 10 04:01:46 UTC 2019 /home/travis/build/icyphy/ptII/ptolemy/domains/de/test/auto/CQBug1.xml
----------------- Instantiating /home/travis/build/icyphy/ptII/ptolemy/domains/de/test/auto/CQBug1.xml
1 ms. Memory: 307712K Free: 113753K (37%)
----------------- Invoking toplevel() on ptolemy.moml.MoMLSimpleApplication@2a84e63a
----------------- Done invoking toplevel() on ptolemy.moml.MoMLSimpleApplication@2a84e63a
reloadAllAccessors: .CQBug1

===========================================================================================
----------------- testing Wed Apr 10 04:01:46 UTC 2019 /home/travis/build/icyphy/ptII/ptolemy/domains/de/test/auto/CancelFireAt.xml
----------------- Instantiating /home/travis/build/icyphy/ptII/ptolemy/domains/de/test/auto/CancelFireAt.xml
1 ms. Memory: 307712K Free: 104700K (34%)
----------------- Invoking toplevel() on ptolemy.moml.MoMLSimpleApplication@6bbb0d05
----------------- Done invoking toplevel() on ptolemy.moml.MoMLSimpleApplication@6bbb0d05
reloadAllAccessors: .CancelFireAt

===========================================================================================
----------------- testing Wed Apr 10 04:01:46 UTC 2019 /home/travis/build/icyphy/ptII/ptolemy/domains/de/test/auto/CausalityAndComposabilityAnalysis.xml
----------------- Instantiating /home/travis/build/icyphy/ptII/ptolemy/domains/de/test/auto/CausalityAndComposabilityAnalysis.xml
1 ms. Memory: 307712K Free: 95648K (31%)
----------------- Invoking toplevel() on ptolemy.moml.MoMLSimpleApplication@3de4a4d8
----------------- Done invoking toplevel() on ptolemy.moml.MoMLSimpleApplication@3de4a4d8
reloadAllAccessors: .CausalityAndComposabilityAnalysis

===========================================================================================
----------------- testing Wed Apr 10 04:01:46 UTC 2019 /home/travis/build/icyphy/ptII/ptolemy/domains/de/test/auto/CausalityInterface1.xml
----------------- Instantiating /home/travis/build/icyphy/ptII/ptolemy/domains/de/test/auto/CausalityInterface1.xml
4 ms. Memory: 307712K Free: 83345K (27%)
----------------- Invoking toplevel() on ptolemy.moml.MoMLSimpleApplication@64538e25
----------------- Done invoking toplevel() on ptolemy.moml.MoMLSimpleApplication@64538e25
reloadAllAccessors: .CausalityInterface1

===========================================================================================
----------------- testing Wed Apr 10 04:01:46 UTC 2019 /home/travis/build/icyphy/ptII/ptolemy/domains/de/test/auto/CausalityInterface15.xml
----------------- Instantiating /home/travis/build/icyphy/ptII/ptolemy/domains/de/test/auto/CausalityInterface15.xml
5 ms. Memory: 298496K Free: 288774K (97%)
----------------- Invoking toplevel() on ptolemy.moml.MoMLSimpleApplication@36bd431d
----------------- Done invoking toplevel() on ptolemy.moml.MoMLSimpleApplication@36bd431d
reloadAllAccessors: .CausalityInterface15

[...]
java.lang.RuntimeException: Execution failed
	at ptolemy.moml.MoMLSimpleApplication$UnloadThread.run(MoMLSimpleApplication.java:402)
Caused by: ptolemy.kernel.util.IllegalActionException: Test fails in iteration 1.
Value was: 1.0. Should have been: 2.0
  in .DirectFeedback.Test
	at ptolemy.actor.lib.Test.fire(Test.java:268)
	at ptolemy.domains.de.kernel.DEDirector._fire(DEDirector.java:1949)
	at ptolemy.domains.de.kernel.DEDirector.fire(DEDirector.java:502)
	at ptolemy.actor.CompositeActor.fire(CompositeActor.java:455)
	at ptolemy.actor.Manager.iterate(Manager.java:851)
	at ptolemy.actor.Manager.execute(Manager.java:369)
	at ptolemy.actor.Manager.run(Manager.java:1263)
	at ptolemy.actor.Manager$PtolemyRunThread.run(Manager.java:1915)
java.lang.RuntimeException: Execution failed
	at ptolemy.moml.MoMLSimpleApplication$UnloadThread.run(MoMLSimpleApplication.java:402)
Caused by: ptolemy.kernel.util.IllegalActionException: Actor is not ready to fire.  Perhaps UpSample.prefire() returned false? Try debugging the actor by selecting "Listen to Actor".  Also, for SDF check moml for tokenConsumptionRate on input.
  in .DESDFClockTest.Play Bell.Copy1:SDF Director and .DESDFClockTest.Play Bell.UpSample
	at ptolemy.actor.sched.StaticSchedulingDirector.fire(StaticSchedulingDirector.java:227)
	at ptolemy.domains.sdf.kernel.SDFDirector.fire(SDFDirector.java:500)
	at ptolemy.actor.CompositeActor.fire(CompositeActor.java:455)
	at ptolemy.domains.de.kernel.DEDirector._fire(DEDirector.java:1949)
	at ptolemy.domains.de.kernel.DEDirector.fire(DEDirector.java:502)
	at ptolemy.actor.CompositeActor.fire(CompositeActor.java:455)
	at ptolemy.actor.Manager.iterate(Manager.java:851)
	at ptolemy.actor.Manager.execute(Manager.java:369)
	at ptolemy.actor.Manager.run(Manager.java:1263)
	at ptolemy.actor.Manager$PtolemyRunThread.run(Manager.java:1915)
java.lang.reflect.InvocationTargetException
	at sun.reflect.NativeConstructorAccessorImpl.newInstance0(Native Method)
	at sun.reflect.NativeConstructorAccessorImpl.newInstance(NativeConstructorAccessorImpl.java:62)
	at sun.reflect.DelegatingConstructorAccessorImpl.newInstance(DelegatingConstructorAccessorImpl.java:45)
	at java.lang.reflect.Constructor.newInstance(Constructor.java:423)
	at ptolemy.util.test.junit.AutoKnownFailedTests.RunModel(AutoKnownFailedTests.java:105)
	at sun.reflect.NativeMethodAccessorImpl.invoke0(Native Method)
	at sun.reflect.NativeMethodAccessorImpl.invoke(NativeMethodAccessorImpl.java:62)
	at sun.reflect.DelegatingMethodAccessorImpl.invoke(DelegatingMethodAccessorImpl.java:43)
	at java.lang.reflect.Method.invoke(Method.java:498)
	at org.junit.runners.model.FrameworkMethod$1.runReflectiveCall(FrameworkMethod.java:44)
	at org.junit.internal.runners.model.ReflectiveCallable.run(ReflectiveCallable.java:15)
	at org.junit.runners.model.FrameworkMethod.invokeExplosively(FrameworkMethod.java:41)
	at junitparams.internal.InvokeParameterisedMethod.evaluate(InvokeParameterisedMethod.java:102)
	at org.junit.internal.runners.statements.FailOnTimeout$1.run(FailOnTimeout.java:28)
Caused by: ptolemy.kernel.util.IllegalActionException: Actor is not ready to fire.  Perhaps UpSample.prefire() returned false? Try debugging the actor by selecting "Listen to Actor".  Also, for SDF check moml for tokenConsumptionRate on input.
  in .DESDFClockTest.Play Bell.Copy1:SDF Director and .DESDFClockTest.Play Bell.UpSample
	at ptolemy.actor.sched.StaticSchedulingDirector.fire(StaticSchedulingDirector.java:227)
	at ptolemy.domains.sdf.kernel.SDFDirector.fire(SDFDirector.java:500)
	at ptolemy.actor.CompositeActor.fire(CompositeActor.java:455)
	at ptolemy.domains.de.kernel.DEDirector._fire(DEDirector.java:1949)
	at ptolemy.domains.de.kernel.DEDirector.fire(DEDirector.java:502)
	at ptolemy.actor.CompositeActor.fire(CompositeActor.java:455)
	at ptolemy.actor.Manager.iterate(Manager.java:851)
	at ptolemy.actor.Manager.execute(Manager.java:369)
	at ptolemy.actor.Manager.run(Manager.java:1263)
	at ptolemy.actor.Manager$PtolemyRunThread.run(Manager.java:1915)
java.lang.RuntimeException: Execution failed
	at ptolemy.moml.MoMLSimpleApplication$UnloadThread.run(MoMLSimpleApplication.java:402)
Caused by: ptolemy.kernel.util.IllegalActionException: Test fails in iteration 1.
Value was: 1.0. Should have been: 2.0
  in .DirectFeedback.Test
	at ptolemy.actor.lib.Test.fire(Test.java:268)
	at ptolemy.domains.de.kernel.DEDirector._fire(DEDirector.java:1949)
	at ptolemy.domains.de.kernel.DEDirector.fire(DEDirector.java:502)
	at ptolemy.actor.CompositeActor.fire(CompositeActor.java:455)
	at ptolemy.actor.Manager.iterate(Manager.java:851)
	at ptolemy.actor.Manager.execute(Manager.java:369)
	at ptolemy.actor.Manager.run(Manager.java:1263)
	at ptolemy.actor.Manager$PtolemyRunThread.run(Manager.java:1915)
java.lang.reflect.InvocationTargetException
	at sun.reflect.NativeConstructorAccessorImpl.newInstance0(Native Method)
	at sun.reflect.NativeConstructorAccessorImpl.newInstance(NativeConstructorAccessorImpl.java:62)
	at sun.reflect.DelegatingConstructorAccessorImpl.newInstance(DelegatingConstructorAccessorImpl.java:45)
	at java.lang.reflect.Constructor.newInstance(Constructor.java:423)
	at ptolemy.util.test.junit.AutoKnownFailedTests.RunModel(AutoKnownFailedTests.java:105)
	at sun.reflect.NativeMethodAccessorImpl.invoke0(Native Method)
	at sun.reflect.NativeMethodAccessorImpl.invoke(NativeMethodAccessorImpl.java:62)
	at sun.reflect.DelegatingMethodAccessorImpl.invoke(DelegatingMethodAccessorImpl.java:43)
	at java.lang.reflect.Method.invoke(Method.java:498)
	at org.junit.runners.model.FrameworkMethod$1.runReflectiveCall(FrameworkMethod.java:44)
	at org.junit.internal.runners.model.ReflectiveCallable.run(ReflectiveCallable.java:15)
	at org.junit.runners.model.FrameworkMethod.invokeExplosively(FrameworkMethod.java:41)
	at junitparams.internal.InvokeParameterisedMethod.evaluate(InvokeParameterisedMethod.java:102)
	at org.junit.internal.runners.statements.FailOnTimeout$1.run(FailOnTimeout.java:28)
Caused by: ptolemy.kernel.util.IllegalActionException: Test fails in iteration 1.
Value was: 1.0. Should have been: 2.0
  in .DirectFeedback.Test
	at ptolemy.actor.lib.Test.fire(Test.java:268)
	at ptolemy.domains.de.kernel.DEDirector._fire(DEDirector.java:1949)
	at ptolemy.domains.de.kernel.DEDirector.fire(DEDirector.java:502)
	at ptolemy.actor.CompositeActor.fire(CompositeActor.java:455)
	at ptolemy.actor.Manager.iterate(Manager.java:851)
	at ptolemy.actor.Manager.execute(Manager.java:369)
	at ptolemy.actor.Manager.run(Manager.java:1263)
	at ptolemy.actor.Manager$PtolemyRunThread.run(Manager.java:1915)
java.lang.RuntimeException: Execution failed
	at ptolemy.moml.MoMLSimpleApplication$UnloadThread.run(MoMLSimpleApplication.java:402)
Caused by: ptolemy.kernel.util.IllegalActionException: Found a zero delay loop containing .HierarchicalModel.A
  in .HierarchicalModel and .HierarchicalModel.A
	at ptolemy.actor.util.CausalityInterfaceForComposites._computeOutputPortDepth(CausalityInterfaceForComposites.java:759)
	at ptolemy.actor.util.CausalityInterfaceForComposites._computeInputDepth(CausalityInterfaceForComposites.java:696)
	at ptolemy.actor.util.CausalityInterfaceForComposites._computeOutputPortDepth(CausalityInterfaceForComposites.java:765)
	at ptolemy.actor.util.CausalityInterfaceForComposites._computeInputDepth(CausalityInterfaceForComposites.java:696)
	at ptolemy.actor.util.CausalityInterfaceForComposites._computeOutputPortDepth(CausalityInterfaceForComposites.java:765)
	at ptolemy.actor.util.CausalityInterfaceForComposites._computeInputDepth(CausalityInterfaceForComposites.java:696)
	at ptolemy.actor.util.CausalityInterfaceForComposites._computeActorDepth(CausalityInterfaceForComposites.java:532)
	at ptolemy.actor.util.CausalityInterfaceForComposites.checkForCycles(CausalityInterfaceForComposites.java:96)
	at ptolemy.domains.de.kernel.DEDirector.preinitialize(DEDirector.java:1338)
	at ptolemy.actor.CompositeActor.preinitialize(CompositeActor.java:1828)
	at ptolemy.actor.Manager.preinitializeAndResolveTypes(Manager.java:1040)
	at ptolemy.actor.Manager.initialize(Manager.java:710)
	at ptolemy.actor.Manager.execute(Manager.java:356)
	at ptolemy.actor.Manager.run(Manager.java:1263)
	at ptolemy.actor.Manager$PtolemyRunThread.run(Manager.java:1915)
java.lang.reflect.InvocationTargetException
	at sun.reflect.NativeConstructorAccessorImpl.newInstance0(Native Method)
	at sun.reflect.NativeConstructorAccessorImpl.newInstance(NativeConstructorAccessorImpl.java:62)
	at sun.reflect.DelegatingConstructorAccessorImpl.newInstance(DelegatingConstructorAccessorImpl.java:45)
	at java.lang.reflect.Constructor.newInstance(Constructor.java:423)
	at ptolemy.util.test.junit.AutoKnownFailedTests.RunModel(AutoKnownFailedTests.java:105)
	at sun.reflect.NativeMethodAccessorImpl.invoke0(Native Method)
	at sun.reflect.NativeMethodAccessorImpl.invoke(NativeMethodAccessorImpl.java:62)
	at sun.reflect.DelegatingMethodAccessorImpl.invoke(DelegatingMethodAccessorImpl.java:43)
	at java.lang.reflect.Method.invoke(Method.java:498)
	at org.junit.runners.model.FrameworkMethod$1.runReflectiveCall(FrameworkMethod.java:44)
	at org.junit.internal.runners.model.ReflectiveCallable.run(ReflectiveCallable.java:15)
	at org.junit.runners.model.FrameworkMethod.invokeExplosively(FrameworkMethod.java:41)
	at junitparams.internal.InvokeParameterisedMethod.evaluate(InvokeParameterisedMethod.java:102)
	at org.junit.internal.runners.statements.FailOnTimeout$1.run(FailOnTimeout.java:28)
Caused by: ptolemy.kernel.util.IllegalActionException: Found a zero delay loop containing .HierarchicalModel.A
  in .HierarchicalModel and .HierarchicalModel.A
	at ptolemy.actor.util.CausalityInterfaceForComposites._computeOutputPortDepth(CausalityInterfaceForComposites.java:759)
	at ptolemy.actor.util.CausalityInterfaceForComposites._computeInputDepth(CausalityInterfaceForComposites.java:696)
	at ptolemy.actor.util.CausalityInterfaceForComposites._computeOutputPortDepth(CausalityInterfaceForComposites.java:765)
	at ptolemy.actor.util.CausalityInterfaceForComposites._computeInputDepth(CausalityInterfaceForComposites.java:696)
	at ptolemy.actor.util.CausalityInterfaceForComposites._computeOutputPortDepth(CausalityInterfaceForComposites.java:765)
	at ptolemy.actor.util.CausalityInterfaceForComposites._computeInputDepth(CausalityInterfaceForComposites.java:696)
	at ptolemy.actor.util.CausalityInterfaceForComposites._computeActorDepth(CausalityInterfaceForComposites.java:532)
	at ptolemy.actor.util.CausalityInterfaceForComposites.checkForCycles(CausalityInterfaceForComposites.java:96)
	at ptolemy.domains.de.kernel.DEDirector.preinitialize(DEDirector.java:1338)
	at ptolemy.actor.CompositeActor.preinitialize(CompositeActor.java:1828)
	at ptolemy.actor.Manager.preinitializeAndResolveTypes(Manager.java:1040)
	at ptolemy.actor.Manager.initialize(Manager.java:710)
	at ptolemy.actor.Manager.execute(Manager.java:356)
	at ptolemy.actor.Manager.run(Manager.java:1263)
	at ptolemy.actor.Manager$PtolemyRunThread.run(Manager.java:1915)
java.lang.RuntimeException: Execution failed
	at ptolemy.moml.MoMLSimpleApplication$UnloadThread.run(MoMLSimpleApplication.java:402)
Caused by: ptolemy.kernel.util.IllegalActionException: Found a zero delay loop containing .dependencyLoop.original
  in .dependencyLoop and .dependencyLoop.original
	at ptolemy.actor.util.CausalityInterfaceForComposites._computeOutputPortDepth(CausalityInterfaceForComposites.java:759)
	at ptolemy.actor.util.CausalityInterfaceForComposites._computeInputDepth(CausalityInterfaceForComposites.java:696)
	at ptolemy.actor.util.CausalityInterfaceForComposites._computeOutputPortDepth(CausalityInterfaceForComposites.java:765)
	at ptolemy.actor.util.CausalityInterfaceForComposites._computeInputDepth(CausalityInterfaceForComposites.java:696)
	at ptolemy.actor.util.CausalityInterfaceForComposites._computeOutputPortDepth(CausalityInterfaceForComposites.java:765)
	at ptolemy.actor.util.CausalityInterfaceForComposites._computeInputDepth(CausalityInterfaceForComposites.java:696)
	at ptolemy.actor.util.CausalityInterfaceForComposites._computeActorDepth(CausalityInterfaceForComposites.java:532)
	at ptolemy.actor.util.CausalityInterfaceForComposites.checkForCycles(CausalityInterfaceForComposites.java:96)
	at ptolemy.domains.de.kernel.DEDirector.preinitialize(DEDirector.java:1338)
	at ptolemy.actor.CompositeActor.preinitialize(CompositeActor.java:1828)
	at ptolemy.actor.Manager.preinitializeAndResolveTypes(Manager.java:1040)
	at ptolemy.actor.Manager.initialize(Manager.java:710)
	at ptolemy.actor.Manager.execute(Manager.java:356)
	at ptolemy.actor.Manager.run(Manager.java:1263)
	at ptolemy.actor.Manager$PtolemyRunThread.run(Manager.java:1915)
java.lang.reflect.InvocationTargetException
	at sun.reflect.NativeConstructorAccessorImpl.newInstance0(Native Method)
	at sun.reflect.NativeConstructorAccessorImpl.newInstance(NativeConstructorAccessorImpl.java:62)
	at sun.reflect.DelegatingConstructorAccessorImpl.newInstance(DelegatingConstructorAccessorImpl.java:45)
	at java.lang.reflect.Constructor.newInstance(Constructor.java:423)
	at ptolemy.util.test.junit.AutoKnownFailedTests.RunModel(AutoKnownFailedTests.java:105)
	at sun.reflect.NativeMethodAccessorImpl.invoke0(Native Method)
	at sun.reflect.NativeMethodAccessorImpl.invoke(NativeMethodAccessorImpl.java:62)
	at sun.reflect.DelegatingMethodAccessorImpl.invoke(DelegatingMethodAccessorImpl.java:43)
	at java.lang.reflect.Method.invoke(Method.java:498)
	at org.junit.runners.model.FrameworkMethod$1.runReflectiveCall(FrameworkMethod.java:44)
	at org.junit.internal.runners.model.ReflectiveCallable.run(ReflectiveCallable.java:15)
	at org.junit.runners.model.FrameworkMethod.invokeExplosively(FrameworkMethod.java:41)
	at junitparams.internal.InvokeParameterisedMethod.evaluate(InvokeParameterisedMethod.java:102)
	at org.junit.internal.runners.statements.FailOnTimeout$1.run(FailOnTimeout.java:28)
Caused by: ptolemy.kernel.util.IllegalActionException: Found a zero delay loop containing .dependencyLoop.original
  in .dependencyLoop and .dependencyLoop.original
	at ptolemy.actor.util.CausalityInterfaceForComposites._computeOutputPortDepth(CausalityInterfaceForComposites.java:759)
	at ptolemy.actor.util.CausalityInterfaceForComposites._computeInputDepth(CausalityInterfaceForComposites.java:696)
	at ptolemy.actor.util.CausalityInterfaceForComposites._computeOutputPortDepth(CausalityInterfaceForComposites.java:765)
	at ptolemy.actor.util.CausalityInterfaceForComposites._computeInputDepth(CausalityInterfaceForComposites.java:696)
	at ptolemy.actor.util.CausalityInterfaceForComposites._computeOutputPortDepth(CausalityInterfaceForComposites.java:765)
	at ptolemy.actor.util.CausalityInterfaceForComposites._computeInputDepth(CausalityInterfaceForComposites.java:696)
	at ptolemy.actor.util.CausalityInterfaceForComposites._computeActorDepth(CausalityInterfaceForComposites.java:532)
	at ptolemy.actor.util.CausalityInterfaceForComposites.checkForCycles(CausalityInterfaceForComposites.java:96)
	at ptolemy.domains.de.kernel.DEDirector.preinitialize(DEDirector.java:1338)
	at ptolemy.actor.CompositeActor.preinitialize(CompositeActor.java:1828)
	at ptolemy.actor.Manager.preinitializeAndResolveTypes(Manager.java:1040)
	at ptolemy.actor.Manager.initialize(Manager.java:710)
	at ptolemy.actor.Manager.execute(Manager.java:356)
	at ptolemy.actor.Manager.run(Manager.java:1263)
	at ptolemy.actor.Manager$PtolemyRunThread.run(Manager.java:1915)
java.lang.RuntimeException: Execution failed
	at ptolemy.moml.MoMLSimpleApplication$UnloadThread.run(MoMLSimpleApplication.java:402)
Caused by: ptolemy.kernel.util.IllegalActionException: Found a zero delay loop containing .dependencyLoop2.original
  in .dependencyLoop2 and .dependencyLoop2.original
	at ptolemy.actor.util.CausalityInterfaceForComposites._computeOutputPortDepth(CausalityInterfaceForComposites.java:759)
	at ptolemy.actor.util.CausalityInterfaceForComposites._computeInputDepth(CausalityInterfaceForComposites.java:696)
	at ptolemy.actor.util.CausalityInterfaceForComposites._computeOutputPortDepth(CausalityInterfaceForComposites.java:765)
	at ptolemy.actor.util.CausalityInterfaceForComposites._computeInputDepth(CausalityInterfaceForComposites.java:696)
	at ptolemy.actor.util.CausalityInterfaceForComposites._computeOutputPortDepth(CausalityInterfaceForComposites.java:765)
	at ptolemy.actor.util.CausalityInterfaceForComposites._computeInputDepth(CausalityInterfaceForComposites.java:696)
	at ptolemy.actor.util.CausalityInterfaceForComposites._computeActorDepth(CausalityInterfaceForComposites.java:532)
	at ptolemy.actor.util.CausalityInterfaceForComposites.checkForCycles(CausalityInterfaceForComposites.java:96)
	at ptolemy.domains.de.kernel.DEDirector.preinitialize(DEDirector.java:1338)
	at ptolemy.actor.CompositeActor.preinitialize(CompositeActor.java:1828)
	at ptolemy.actor.Manager.preinitializeAndResolveTypes(Manager.java:1040)
	at ptolemy.actor.Manager.initialize(Manager.java:710)
	at ptolemy.actor.Manager.execute(Manager.java:356)
	at ptolemy.actor.Manager.run(Manager.java:1263)
	at ptolemy.actor.Manager$PtolemyRunThread.run(Manager.java:1915)
java.lang.reflect.InvocationTargetException
	at sun.reflect.NativeConstructorAccessorImpl.newInstance0(Native Method)
	at sun.reflect.NativeConstructorAccessorImpl.newInstance(NativeConstructorAccessorImpl.java:62)
	at sun.reflect.DelegatingConstructorAccessorImpl.newInstance(DelegatingConstructorAccessorImpl.java:45)
	at java.lang.reflect.Constructor.newInstance(Constructor.java:423)
	at ptolemy.util.test.junit.AutoKnownFailedTests.RunModel(AutoKnownFailedTests.java:105)
	at sun.reflect.NativeMethodAccessorImpl.invoke0(Native Method)
	at sun.reflect.NativeMethodAccessorImpl.invoke(NativeMethodAccessorImpl.java:62)
	at sun.reflect.DelegatingMethodAccessorImpl.invoke(DelegatingMethodAccessorImpl.java:43)
	at java.lang.reflect.Method.invoke(Method.java:498)
	at org.junit.runners.model.FrameworkMethod$1.runReflectiveCall(FrameworkMethod.java:44)
	at org.junit.internal.runners.model.ReflectiveCallable.run(ReflectiveCallable.java:15)
	at org.junit.runners.model.FrameworkMethod.invokeExplosively(FrameworkMethod.java:41)
	at junitparams.internal.InvokeParameterisedMethod.evaluate(InvokeParameterisedMethod.java:102)
	at org.junit.internal.runners.statements.FailOnTimeout$1.run(FailOnTimeout.java:28)
Caused by: ptolemy.kernel.util.IllegalActionException: Found a zero delay loop containing .dependencyLoop2.original
  in .dependencyLoop2 and .dependencyLoop2.original
	at ptolemy.actor.util.CausalityInterfaceForComposites._computeOutputPortDepth(CausalityInterfaceForComposites.java:759)
	at ptolemy.actor.util.CausalityInterfaceForComposites._computeInputDepth(CausalityInterfaceForComposites.java:696)
	at ptolemy.actor.util.CausalityInterfaceForComposites._computeOutputPortDepth(CausalityInterfaceForComposites.java:765)
	at ptolemy.actor.util.CausalityInterfaceForComposites._computeInputDepth(CausalityInterfaceForComposites.java:696)
	at ptolemy.actor.util.CausalityInterfaceForComposites._computeOutputPortDepth(CausalityInterfaceForComposites.java:765)
	at ptolemy.actor.util.CausalityInterfaceForComposites._computeInputDepth(CausalityInterfaceForComposites.java:696)
	at ptolemy.actor.util.CausalityInterfaceForComposites._computeActorDepth(CausalityInterfaceForComposites.java:532)
	at ptolemy.actor.util.CausalityInterfaceForComposites.checkForCycles(CausalityInterfaceForComposites.java:96)
	at ptolemy.domains.de.kernel.DEDirector.preinitialize(DEDirector.java:1338)
	at ptolemy.actor.CompositeActor.preinitialize(CompositeActor.java:1828)
	at ptolemy.actor.Manager.preinitializeAndResolveTypes(Manager.java:1040)
	at ptolemy.actor.Manager.initialize(Manager.java:710)
	at ptolemy.actor.Manager.execute(Manager.java:356)
	at ptolemy.actor.Manager.run(Manager.java:1263)
	at ptolemy.actor.Manager$PtolemyRunThread.run(Manager.java:1915)
]]></system-err>
</testsuite>
