<?xml version="1.0" encoding="UTF-8" ?>
<testsuite errors="0" failures="0" hostname="travis-job-521c3568-dae7-47db-83c4-822f8a1ba876" name="ptolemy.domains.sdf.test.junit.JUnitTclTest" skipped="0" tests="66" time="20.566" timestamp="2020-07-24T04:31:25">
  <properties>
[...]
</properties>
  <testcase classname="ptolemy.util.test.junit.TclTests" name="[0] /home/travis/build/icyphy/ptII/ptolemy/domains/sdf/test/SDFSchedulerErrors.tcl (RunTclFile)" time="0.943" />
  <testcase classname="ptolemy.util.test.junit.TclTests" name="[1] /home/travis/build/icyphy/ptII/ptolemy/domains/sdf/test/composition.tcl (RunTclFile)" time="0.194" />
  <testcase classname="ptolemy.util.test.junit.TclTests" name="[2] /home/travis/build/icyphy/ptII/ptolemy/domains/sdf/test/cycle.tcl (RunTclFile)" time="0.079" />
  <testcase classname="ptolemy.util.test.junit.AutoKnownFailedTests" name="[0] ThereAreNoKnowFailedTests (RunModel)" time="0.002" />
  <testcase classname="ptolemy.util.test.junit.AutoNameArchTests" name="[0] ThereAreNoAutoArchTests (RunModel)" time="0.002" />
  <testcase classname="ptolemy.util.test.junit.AutoTests" name="[0] /home/travis/build/icyphy/ptII/ptolemy/domains/sdf/test/auto/Array.xml (RunModel)" time="0.271" />
  <testcase classname="ptolemy.util.test.junit.AutoTests" name="[1] /home/travis/build/icyphy/ptII/ptolemy/domains/sdf/test/auto/Butterfly.xml (RunModel)" time="0.189" />
  <testcase classname="ptolemy.util.test.junit.AutoTests" name="[2] /home/travis/build/icyphy/ptII/ptolemy/domains/sdf/test/auto/Expression.xml (RunModel)" time="0.137" />
  <testcase classname="ptolemy.util.test.junit.AutoTests" name="[3] /home/travis/build/icyphy/ptII/ptolemy/domains/sdf/test/auto/Eye.xml (RunModel)" time="0.178" />
  <testcase classname="ptolemy.util.test.junit.AutoTests" name="[4] /home/travis/build/icyphy/ptII/ptolemy/domains/sdf/test/auto/FixFIR.xml (RunModel)" time="0.34" />
  <testcase classname="ptolemy.util.test.junit.AutoTests" name="[5] /home/travis/build/icyphy/ptII/ptolemy/domains/sdf/test/auto/FixPoint.xml (RunModel)" time="0.032" />
  <testcase classname="ptolemy.util.test.junit.AutoTests" name="[6] /home/travis/build/icyphy/ptII/ptolemy/domains/sdf/test/auto/Gravitation.xml (RunModel)" time="3.337" />
  <testcase classname="ptolemy.util.test.junit.AutoTests" name="[7] /home/travis/build/icyphy/ptII/ptolemy/domains/sdf/test/auto/GravitationWithCollisionDetection.xml (RunModel)" time="6.268" />
  <testcase classname="ptolemy.util.test.junit.AutoTests" name="[8] /home/travis/build/icyphy/ptII/ptolemy/domains/sdf/test/auto/HDF.xml (RunModel)" time="0.119" />
  <testcase classname="ptolemy.util.test.junit.AutoTests" name="[9] /home/travis/build/icyphy/ptII/ptolemy/domains/sdf/test/auto/HDFwithTransientStates.xml (RunModel)" time="0.111" />
  <testcase classname="ptolemy.util.test.junit.AutoTests" name="[10] /home/travis/build/icyphy/ptII/ptolemy/domains/sdf/test/auto/HTVQ.xml (RunModel)" time="0.874" />
  <testcase classname="ptolemy.util.test.junit.AutoTests" name="[11] /home/travis/build/icyphy/ptII/ptolemy/domains/sdf/test/auto/InferInitProduction.xml (RunModel)" time="0.033" />
  <testcase classname="ptolemy.util.test.junit.AutoTests" name="[12] /home/travis/build/icyphy/ptII/ptolemy/domains/sdf/test/auto/InferInitProductionDeeper.xml (RunModel)" time="0.027" />
  <testcase classname="ptolemy.util.test.junit.AutoTests" name="[13] /home/travis/build/icyphy/ptII/ptolemy/domains/sdf/test/auto/LMSAdaptive.xml (RunModel)" time="0.081" />
  <testcase classname="ptolemy.util.test.junit.AutoTests" name="[14] /home/travis/build/icyphy/ptII/ptolemy/domains/sdf/test/auto/LogisticMap.xml (RunModel)" time="0.479" />
  <testcase classname="ptolemy.util.test.junit.AutoTests" name="[15] /home/travis/build/icyphy/ptII/ptolemy/domains/sdf/test/auto/MaximumEntropySpectrum.xml (RunModel)" time="0.315" />
  <testcase classname="ptolemy.util.test.junit.AutoTests" name="[16] /home/travis/build/icyphy/ptII/ptolemy/domains/sdf/test/auto/MultirateSDF.xml (RunModel)" time="0.063" />
  <testcase classname="ptolemy.util.test.junit.AutoTests" name="[17] /home/travis/build/icyphy/ptII/ptolemy/domains/sdf/test/auto/MultirateSDFwithTransientStates.xml (RunModel)" time="0.087" />
  <testcase classname="ptolemy.util.test.junit.AutoTests" name="[18] /home/travis/build/icyphy/ptII/ptolemy/domains/sdf/test/auto/NoisySinewave.xml (RunModel)" time="0.077" />
  <testcase classname="ptolemy.util.test.junit.AutoTests" name="[19] /home/travis/build/icyphy/ptII/ptolemy/domains/sdf/test/auto/Objects.xml (RunModel)" time="0.053" />
  <testcase classname="ptolemy.util.test.junit.AutoTests" name="[20] /home/travis/build/icyphy/ptII/ptolemy/domains/sdf/test/auto/OrthogonalCom.xml (RunModel)" time="0.039" />
  <testcase classname="ptolemy.util.test.junit.AutoTests" name="[21] /home/travis/build/icyphy/ptII/ptolemy/domains/sdf/test/auto/RijndaelEncryption.xml (RunModel)" time="0.64" />
  <testcase classname="ptolemy.util.test.junit.AutoTests" name="[22] /home/travis/build/icyphy/ptII/ptolemy/domains/sdf/test/auto/SDFEmptyIterations.xml (RunModel)" time="0.023" />
  <testcase classname="ptolemy.util.test.junit.AutoTests" name="[23] /home/travis/build/icyphy/ptII/ptolemy/domains/sdf/test/auto/Spectrum.xml (RunModel)" time="0.12" />
  <testcase classname="ptolemy.util.test.junit.AutoTests" name="[24] /home/travis/build/icyphy/ptII/ptolemy/domains/sdf/test/auto/de_inside_sdf.xml (RunModel)" time="0.022" />
  <testcase classname="ptolemy.util.test.junit.AutoTests" name="[25] /home/travis/build/icyphy/ptII/ptolemy/domains/sdf/test/auto/disconnectedHierarchicalSDF.xml (RunModel)" time="0.024" />
  <testcase classname="ptolemy.util.test.junit.AutoTests" name="[26] /home/travis/build/icyphy/ptII/ptolemy/domains/sdf/test/auto/disconnectedSDF.xml (RunModel)" time="0.019" />
  <testcase classname="ptolemy.util.test.junit.AutoTests" name="[27] /home/travis/build/icyphy/ptII/ptolemy/domains/sdf/test/auto/emptyRefinement.xml (RunModel)" time="0.032" />
  <testcase classname="ptolemy.util.test.junit.AutoTests" name="[28] /home/travis/build/icyphy/ptII/ptolemy/domains/sdf/test/auto/filePortParameter.xml (RunModel)" time="0.046" />
  <testcase classname="ptolemy.util.test.junit.AutoTests" name="[29] /home/travis/build/icyphy/ptII/ptolemy/domains/sdf/test/auto/inferRelationWidth1.xml (RunModel)" time="0.015" />
  <testcase classname="ptolemy.util.test.junit.AutoTests" name="[30] /home/travis/build/icyphy/ptII/ptolemy/domains/sdf/test/auto/initProductionInference.xml (RunModel)" time="0.02" />
  <testcase classname="ptolemy.util.test.junit.AutoTests" name="[31] /home/travis/build/icyphy/ptII/ptolemy/domains/sdf/test/auto/relationGroup.xml (RunModel)" time="0.02" />
  <testcase classname="ptolemy.util.test.junit.AutoTests" name="[32] /home/travis/build/icyphy/ptII/ptolemy/domains/sdf/test/auto/relationGroup10.xml (RunModel)" time="0.02" />
  <testcase classname="ptolemy.util.test.junit.AutoTests" name="[33] /home/travis/build/icyphy/ptII/ptolemy/domains/sdf/test/auto/relationGroup11.xml (RunModel)" time="0.014" />
  <testcase classname="ptolemy.util.test.junit.AutoTests" name="[34] /home/travis/build/icyphy/ptII/ptolemy/domains/sdf/test/auto/relationGroup12.xml (RunModel)" time="0.014" />
  <testcase classname="ptolemy.util.test.junit.AutoTests" name="[35] /home/travis/build/icyphy/ptII/ptolemy/domains/sdf/test/auto/relationGroup13.xml (RunModel)" time="0.026" />
  <testcase classname="ptolemy.util.test.junit.AutoTests" name="[36] /home/travis/build/icyphy/ptII/ptolemy/domains/sdf/test/auto/relationGroup14.xml (RunModel)" time="0.015" />
  <testcase classname="ptolemy.util.test.junit.AutoTests" name="[37] /home/travis/build/icyphy/ptII/ptolemy/domains/sdf/test/auto/relationGroup15.xml (RunModel)" time="0.014" />
  <testcase classname="ptolemy.util.test.junit.AutoTests" name="[38] /home/travis/build/icyphy/ptII/ptolemy/domains/sdf/test/auto/relationGroup2.xml (RunModel)" time="0.014" />
  <testcase classname="ptolemy.util.test.junit.AutoTests" name="[39] /home/travis/build/icyphy/ptII/ptolemy/domains/sdf/test/auto/relationGroup3.xml (RunModel)" time="0.009" />
  <testcase classname="ptolemy.util.test.junit.AutoTests" name="[40] /home/travis/build/icyphy/ptII/ptolemy/domains/sdf/test/auto/relationGroup4.xml (RunModel)" time="0.015" />
  <testcase classname="ptolemy.util.test.junit.AutoTests" name="[41] /home/travis/build/icyphy/ptII/ptolemy/domains/sdf/test/auto/relationGroup5.xml (RunModel)" time="0.015" />
  <testcase classname="ptolemy.util.test.junit.AutoTests" name="[42] /home/travis/build/icyphy/ptII/ptolemy/domains/sdf/test/auto/relationGroup6.xml (RunModel)" time="0.013" />
  <testcase classname="ptolemy.util.test.junit.AutoTests" name="[43] /home/travis/build/icyphy/ptII/ptolemy/domains/sdf/test/auto/relationGroup7.xml (RunModel)" time="0.011" />
  <testcase classname="ptolemy.util.test.junit.AutoTests" name="[44] /home/travis/build/icyphy/ptII/ptolemy/domains/sdf/test/auto/relationGroup8.xml (RunModel)" time="0.017" />
  <testcase classname="ptolemy.util.test.junit.AutoTests" name="[45] /home/travis/build/icyphy/ptII/ptolemy/domains/sdf/test/auto/relationGroup9.xml (RunModel)" time="0.017" />
  <testcase classname="ptolemy.util.test.junit.AutoTests" name="[46] /home/travis/build/icyphy/ptII/ptolemy/domains/sdf/test/auto/sdf_inside_de.xml (RunModel)" time="0.038" />
  <testcase classname="ptolemy.util.test.junit.AutoTests" name="[47] /home/travis/build/icyphy/ptII/ptolemy/domains/sdf/test/auto/sdf_inside_pn.xml (RunModel)" time="0.058" />
  <testcase classname="ptolemy.util.test.junit.AutoTests" name="[48] /home/travis/build/icyphy/ptII/ptolemy/domains/sdf/test/auto/sdf_sdf1.xml (RunModel)" time="0.02" />
  <testcase classname="ptolemy.util.test.junit.AutoTests" name="[49] /home/travis/build/icyphy/ptII/ptolemy/domains/sdf/test/auto/test1.xml (RunModel)" time="0.018" />
  <testcase classname="ptolemy.util.test.junit.AutoTests" name="[50] /home/travis/build/icyphy/ptII/ptolemy/domains/sdf/test/auto/time1.xml (RunModel)" time="0.012" />
  <testcase classname="ptolemy.util.test.junit.AutoTests" name="[51] /home/travis/build/icyphy/ptII/ptolemy/domains/sdf/test/auto/time2.xml (RunModel)" time="0.016" />
  <testcase classname="ptolemy.util.test.junit.AutoTests" name="[52] /home/travis/build/icyphy/ptII/ptolemy/domains/sdf/test/auto/time3.xml (RunModel)" time="0.024" />
  <testcase classname="ptolemy.util.test.junit.AutoTests" name="[53] /home/travis/build/icyphy/ptII/ptolemy/domains/sdf/test/auto/time4.xml (RunModel)" time="0.022" />
  <testcase classname="ptolemy.util.test.junit.AutoTests" name="[54] /home/travis/build/icyphy/ptII/ptolemy/domains/sdf/test/auto/time5.xml (RunModel)" time="4.009" />
  <testcase classname="ptolemy.util.test.junit.AutoTests" name="[55] /home/travis/build/icyphy/ptII/ptolemy/domains/sdf/test/auto/typeSystem_Const_Integer_smallest_Type.xml (RunModel)" time="0.041" />
  <testcase classname="ptolemy.util.test.junit.AutoTests" name="[56] /home/travis/build/icyphy/ptII/ptolemy/domains/sdf/test/auto/typeSystem_declared_Inports_OutportTypeException.xml (RunModel)" time="0.022" />
  <testcase classname="ptolemy.util.test.junit.AutoTests" name="[57] /home/travis/build/icyphy/ptII/ptolemy/domains/sdf/test/auto/typeSystem_oneDeclaredInportType_wrongTypeOutport.xml (RunModel)" time="0.019" />
  <testcase classname="ptolemy.util.test.junit.AutoTests" name="[58] /home/travis/build/icyphy/ptII/ptolemy/domains/sdf/test/auto/width.xml (RunModel)" time="0.014" />
  <testcase classname="ptolemy.util.test.junit.AutoTests" name="[59] /home/travis/build/icyphy/ptII/ptolemy/domains/sdf/test/auto/width2.xml (RunModel)" time="0.044" />
  <testcase classname="ptolemy.util.test.junit.AutoTests" name="[60] /home/travis/build/icyphy/ptII/ptolemy/domains/sdf/test/auto/width3.xml (RunModel)" time="0.035" />
  <system-out><![CDATA[/home/travis/build/icyphy/ptII/ptolemy/domains/sdf/test/SDFSchedulerErrors.tcl
testDefs.tcl: setting time out to 9000 seconds at Fri Jul 24 04:31:25 UTC 2020
103 ms. Memory: 129024K Free: 89032K (69%)
7 ms. Memory: 129024K Free: 81343K (63%)
7 ms. Memory: 129024K Free: 75191K (58%)
6 ms. Memory: 129024K Free: 72134K (56%)
/home/travis/build/icyphy/ptII/ptolemy/domains/sdf/test/composition.tcl
41 ms. Memory: 129024K Free: 68031K (53%)
18 ms. Memory: 129024K Free: 65990K (51%)
/home/travis/build/icyphy/ptII/ptolemy/domains/sdf/test/cycle.tcl
.Toplevel.Director Preinitializing ...
Invoking preinitialize():  .Toplevel.Actor1
Invoking preinitialize():  .Toplevel.Actor2
Invoking preinitialize():  .Toplevel.Delay
.Toplevel.Director Finished preinitialize().
### Schedule:
Execute Schedule{
Fire Actor ptolemy.domains.sdf.kernel.test.SDFTestDelay {.Toplevel.Actor1}
Fire Actor ptolemy.domains.sdf.kernel.test.SDFTestDelay {.Toplevel.Actor2}
Fire Actor ptolemy.domains.sdf.lib.SampleDelay {.Toplevel.Delay}
}
### End schedule
Called initialize().
Invoking initialize():  .Toplevel.Actor1
Initializing actor: .Toplevel.Actor1.
Invoking initialize():  .Toplevel.Actor2
Initializing actor: .Toplevel.Actor2.
Invoking initialize():  .Toplevel.Delay
Initializing actor: .Toplevel.Delay.
Director: Called prefire().
-- Setting current time to 0.0
Director prefire returns true.
The actor .Toplevel.Actor1 will be iterated.
The actor .Toplevel.Actor1 was iterated.
The actor .Toplevel.Actor2 will be iterated.
The actor .Toplevel.Actor2 was iterated.
The actor .Toplevel.Delay will be iterated.
The actor .Toplevel.Delay was iterated.
Director: Called postfire().
Postfire returns: true
Director: Called prefire().
-- Setting current time to 0.0
Director prefire returns true.
The actor .Toplevel.Actor1 will be iterated.
The actor .Toplevel.Actor1 was iterated.
The actor .Toplevel.Actor2 will be iterated.
The actor .Toplevel.Actor2 was iterated.
The actor .Toplevel.Delay will be iterated.
The actor .Toplevel.Delay was iterated.
Director: Called postfire().
Postfire returns: true
Director: Called prefire().
-- Setting current time to 0.0
Director prefire returns true.
The actor .Toplevel.Actor1 will be iterated.
The actor .Toplevel.Actor1 was iterated.
The actor .Toplevel.Actor2 will be iterated.
The actor .Toplevel.Actor2 was iterated.
The actor .Toplevel.Delay will be iterated.
The actor .Toplevel.Delay was iterated.
Director: Called postfire().
Postfire returns: true
Director: Called prefire().
-- Setting current time to 0.0
Director prefire returns true.
The actor .Toplevel.Actor1 will be iterated.
The actor .Toplevel.Actor1 was iterated.
The actor .Toplevel.Actor2 will be iterated.
The actor .Toplevel.Actor2 was iterated.
The actor .Toplevel.Delay will be iterated.
The actor .Toplevel.Delay was iterated.
Director: Called postfire().
Postfire returns: true
Director: Called prefire().
-- Setting current time to 0.0
Director prefire returns true.
The actor .Toplevel.Actor1 will be iterated.
The actor .Toplevel.Actor1 was iterated.
The actor .Toplevel.Actor2 will be iterated.
The actor .Toplevel.Actor2 was iterated.
The actor .Toplevel.Delay will be iterated.
The actor .Toplevel.Delay was iterated.
Director: Called postfire().
Postfire returns: true
Director: Called prefire().
-- Setting current time to 0.0
Director prefire returns true.
The actor .Toplevel.Actor1 will be iterated.
The actor .Toplevel.Actor1 was iterated.
The actor .Toplevel.Actor2 will be iterated.
The actor .Toplevel.Actor2 was iterated.
The actor .Toplevel.Delay will be iterated.
The actor .Toplevel.Delay was iterated.
Reached specified number of iterations: 6
Director: Called wrapup().
48 ms. Memory: 129024K Free: 63432K (49%)
07/24/20 04:31:26
Failed: 0  Total Tests: 8  ((Passed: 8, Newly Passed: 0)  Known Failed: 0) /home/travis/build/icyphy/ptII/ptolemy/domains/sdf/test
No auto/knownFailedTests/*.xml tests in /home/travis/build/icyphy/ptII/ptolemy/domains/sdf/test
No auto/linux-amd64/*.xml tests in /home/travis/build/icyphy/ptII/ptolemy/domains/sdf/test
AutoTests.java: About to close Vertx.
AutoTests.java: Vertx closed.

===========================================================================================
----------------- testing Fri Jul 24 04:31:27 UTC 2020 /home/travis/build/icyphy/ptII/ptolemy/domains/sdf/test/auto/Array.xml
----------------- Instantiating /home/travis/build/icyphy/ptII/ptolemy/domains/sdf/test/auto/Array.xml
31 ms. Memory: 129024K Free: 110515K (86%)
----------------- Invoking toplevel() on ptolemy.moml.MoMLSimpleApplication@31b60174
----------------- Done invoking toplevel() on ptolemy.moml.MoMLSimpleApplication@31b60174
reloadAllAccessors: .Array

===========================================================================================
----------------- testing Fri Jul 24 04:31:27 UTC 2020 /home/travis/build/icyphy/ptII/ptolemy/domains/sdf/test/auto/Butterfly.xml
----------------- Instantiating /home/travis/build/icyphy/ptII/ptolemy/domains/sdf/test/auto/Butterfly.xml
109 ms. Memory: 129024K Free: 104475K (81%)
----------------- Invoking toplevel() on ptolemy.moml.MoMLSimpleApplication@2fa3a428
----------------- Done invoking toplevel() on ptolemy.moml.MoMLSimpleApplication@2fa3a428
reloadAllAccessors: .Butterfly

===========================================================================================
----------------- testing Fri Jul 24 04:31:27 UTC 2020 /home/travis/build/icyphy/ptII/ptolemy/domains/sdf/test/auto/Expression.xml
----------------- Instantiating /home/travis/build/icyphy/ptII/ptolemy/domains/sdf/test/auto/Expression.xml
73 ms. Memory: 129024K Free: 99925K (77%)
----------------- Invoking toplevel() on ptolemy.moml.MoMLSimpleApplication@6a0a54d
----------------- Done invoking toplevel() on ptolemy.moml.MoMLSimpleApplication@6a0a54d
reloadAllAccessors: .Expression

===========================================================================================
----------------- testing Fri Jul 24 04:31:27 UTC 2020 /home/travis/build/icyphy/ptII/ptolemy/domains/sdf/test/auto/Eye.xml
----------------- Instantiating /home/travis/build/icyphy/ptII/ptolemy/domains/sdf/test/auto/Eye.xml
117 ms. Memory: 129024K Free: 75362K (58%)
----------------- Invoking toplevel() on ptolemy.moml.MoMLSimpleApplication@61da8e6a
----------------- Done invoking toplevel() on ptolemy.moml.MoMLSimpleApplication@61da8e6a
reloadAllAccessors: .Eye

===========================================================================================
----------------- testing Fri Jul 24 04:31:27 UTC 2020 /home/travis/build/icyphy/ptII/ptolemy/domains/sdf/test/auto/FixFIR.xml
----------------- Instantiating /home/travis/build/icyphy/ptII/ptolemy/domains/sdf/test/auto/FixFIR.xml
135 ms. Memory: 129024K Free: 91019K (71%)
----------------- Invoking toplevel() on ptolemy.moml.MoMLSimpleApplication@2c880134
----------------- Done invoking toplevel() on ptolemy.moml.MoMLSimpleApplication@2c880134
reloadAllAccessors: .FixFIR

===========================================================================================
----------------- testing Fri Jul 24 04:31:28 UTC 2020 /home/travis/build/icyphy/ptII/ptolemy/domains/sdf/test/auto/FixPoint.xml
----------------- Instantiating /home/travis/build/icyphy/ptII/ptolemy/domains/sdf/test/auto/FixPoint.xml
13 ms. Memory: 129024K Free: 86484K (67%)
----------------- Invoking toplevel() on ptolemy.moml.MoMLSimpleApplication@4a711f7a
----------------- Done invoking toplevel() on ptolemy.moml.MoMLSimpleApplication@4a711f7a
reloadAllAccessors: .FixPoint

===========================================================================================
----------------- testing Fri Jul 24 04:31:28 UTC 2020 /home/travis/build/icyphy/ptII/ptolemy/domains/sdf/test/auto/Gravitation.xml
----------------- Instantiating /home/travis/build/icyphy/ptII/ptolemy/domains/sdf/test/auto/Gravitation.xml
3237 ms. Memory: 129024K Free: 42311K (33%)
----------------- Invoking toplevel() on ptolemy.moml.MoMLSimpleApplication@23a751db
----------------- Done invoking toplevel() on ptolemy.moml.MoMLSimpleApplication@23a751db
reloadAllAccessors: .Gravitation

===========================================================================================
----------------- testing Fri Jul 24 04:31:31 UTC 2020 /home/travis/build/icyphy/ptII/ptolemy/domains/sdf/test/auto/GravitationWithCollisionDetection.xml
----------------- Instantiating /home/travis/build/icyphy/ptII/ptolemy/domains/sdf/test/auto/GravitationWithCollisionDetection.xml
6092 ms. Memory: 300032K Free: 194190K (65%)
----------------- Invoking toplevel() on ptolemy.moml.MoMLSimpleApplication@74d246cd
----------------- Done invoking toplevel() on ptolemy.moml.MoMLSimpleApplication@74d246cd
reloadAllAccessors: .GravitationWithCollisionDetection

===========================================================================================
----------------- testing Fri Jul 24 04:31:37 UTC 2020 /home/travis/build/icyphy/ptII/ptolemy/domains/sdf/test/auto/HDF.xml
----------------- Instantiating /home/travis/build/icyphy/ptII/ptolemy/domains/sdf/test/auto/HDF.xml
42 ms. Memory: 300032K Free: 178830K (60%)
----------------- Invoking toplevel() on ptolemy.moml.MoMLSimpleApplication@53669d48
----------------- Done invoking toplevel() on ptolemy.moml.MoMLSimpleApplication@53669d48
reloadAllAccessors: .HDF

===========================================================================================
----------------- testing Fri Jul 24 04:31:38 UTC 2020 /home/travis/build/icyphy/ptII/ptolemy/domains/sdf/test/auto/HDFwithTransientStates.xml
----------------- Instantiating /home/travis/build/icyphy/ptII/ptolemy/domains/sdf/test/auto/HDFwithTransientStates.xml
36 ms. Memory: 300032K Free: 159902K (53%)
----------------- Invoking toplevel() on ptolemy.moml.MoMLSimpleApplication@73b83e71
----------------- Done invoking toplevel() on ptolemy.moml.MoMLSimpleApplication@73b83e71
reloadAllAccessors: .HDFwithTransientStates

===========================================================================================
----------------- testing Fri Jul 24 04:31:38 UTC 2020 /home/travis/build/icyphy/ptII/ptolemy/domains/sdf/test/auto/HTVQ.xml
----------------- Instantiating /home/travis/build/icyphy/ptII/ptolemy/domains/sdf/test/auto/HTVQ.xml
825 ms. Memory: 300032K Free: 167399K (56%)
----------------- Invoking toplevel() on ptolemy.moml.MoMLSimpleApplication@8806c14
----------------- Done invoking toplevel() on ptolemy.moml.MoMLSimpleApplication@8806c14
reloadAllAccessors: .HTVQ

===========================================================================================
----------------- testing Fri Jul 24 04:31:39 UTC 2020 /home/travis/build/icyphy/ptII/ptolemy/domains/sdf/test/auto/InferInitProduction.xml
----------------- Instantiating /home/travis/build/icyphy/ptII/ptolemy/domains/sdf/test/auto/InferInitProduction.xml
5 ms. Memory: 300032K Free: 161340K (54%)
----------------- Invoking toplevel() on ptolemy.moml.MoMLSimpleApplication@67b30bc0
----------------- Done invoking toplevel() on ptolemy.moml.MoMLSimpleApplication@67b30bc0
reloadAllAccessors: .InferInitProduction

===========================================================================================
----------------- testing Fri Jul 24 04:31:39 UTC 2020 /home/travis/build/icyphy/ptII/ptolemy/domains/sdf/test/auto/InferInitProductionDeeper.xml
----------------- Instantiating /home/travis/build/icyphy/ptII/ptolemy/domains/sdf/test/auto/InferInitProductionDeeper.xml
5 ms. Memory: 300032K Free: 155724K (52%)
----------------- Invoking toplevel() on ptolemy.moml.MoMLSimpleApplication@39e70222
----------------- Done invoking toplevel() on ptolemy.moml.MoMLSimpleApplication@39e70222
reloadAllAccessors: .InferInitProductionDeeper

===========================================================================================
----------------- testing Fri Jul 24 04:31:39 UTC 2020 /home/travis/build/icyphy/ptII/ptolemy/domains/sdf/test/auto/LMSAdaptive.xml
----------------- Instantiating /home/travis/build/icyphy/ptII/ptolemy/domains/sdf/test/auto/LMSAdaptive.xml
16 ms. Memory: 300032K Free: 145994K (49%)
----------------- Invoking toplevel() on ptolemy.moml.MoMLSimpleApplication@629170df
----------------- Done invoking toplevel() on ptolemy.moml.MoMLSimpleApplication@629170df
reloadAllAccessors: .LMSAdaptive

===========================================================================================
----------------- testing Fri Jul 24 04:31:39 UTC 2020 /home/travis/build/icyphy/ptII/ptolemy/domains/sdf/test/auto/LogisticMap.xml
----------------- Instantiating /home/travis/build/icyphy/ptII/ptolemy/domains/sdf/test/auto/LogisticMap.xml
442 ms. Memory: 300032K Free: 140364K (47%)
----------------- Invoking toplevel() on ptolemy.moml.MoMLSimpleApplication@5ed024f9
----------------- Done invoking toplevel() on ptolemy.moml.MoMLSimpleApplication@5ed024f9
reloadAllAccessors: .LogisticMap

===========================================================================================
----------------- testing Fri Jul 24 04:31:39 UTC 2020 /home/travis/build/icyphy/ptII/ptolemy/domains/sdf/test/auto/MaximumEntropySpectrum.xml
----------------- Instantiating /home/travis/build/icyphy/ptII/ptolemy/domains/sdf/test/auto/MaximumEntropySpectrum.xml
80 ms. Memory: 300032K Free: 254252K (85%)
----------------- Invoking toplevel() on ptolemy.moml.MoMLSimpleApplication@503bb330
----------------- Done invoking toplevel() on ptolemy.moml.MoMLSimpleApplication@503bb330
reloadAllAccessors: .MaximumEntropySpectrum

===========================================================================================
----------------- testing Fri Jul 24 04:31:39 UTC 2020 /home/travis/build/icyphy/ptII/ptolemy/domains/sdf/test/auto/MultirateSDF.xml
----------------- Instantiating /home/travis/build/icyphy/ptII/ptolemy/domains/sdf/test/auto/MultirateSDF.xml
24 ms. Memory: 300032K Free: 239406K (80%)
----------------- Invoking toplevel() on ptolemy.moml.MoMLSimpleApplication@7f8b9773
----------------- Done invoking toplevel() on ptolemy.moml.MoMLSimpleApplication@7f8b9773
reloadAllAccessors: .MultirateSDF

===========================================================================================
----------------- testing Fri Jul 24 04:31:40 UTC 2020 /home/travis/build/icyphy/ptII/ptolemy/domains/sdf/test/auto/MultirateSDFwithTransientStates.xml
----------------- Instantiating /home/travis/build/icyphy/ptII/ptolemy/domains/sdf/test/auto/MultirateSDFwithTransientStates.xml
23 ms. Memory: 300032K Free: 220974K (74%)
----------------- Invoking toplevel() on ptolemy.moml.MoMLSimpleApplication@612bcc7e
----------------- Done invoking toplevel() on ptolemy.moml.MoMLSimpleApplication@612bcc7e
reloadAllAccessors: .MultirateSDFwithTransientStates

===========================================================================================
----------------- testing Fri Jul 24 04:31:40 UTC 2020 /home/travis/build/icyphy/ptII/ptolemy/domains/sdf/test/auto/NoisySinewave.xml
----------------- Instantiating /home/travis/build/icyphy/ptII/ptolemy/domains/sdf/test/auto/NoisySinewave.xml
19 ms. Memory: 300032K Free: 205100K (68%)
----------------- Invoking toplevel() on ptolemy.moml.MoMLSimpleApplication@46562e33
----------------- Done invoking toplevel() on ptolemy.moml.MoMLSimpleApplication@46562e33
reloadAllAccessors: .NoisySinewave

===========================================================================================
----------------- testing Fri Jul 24 04:31:40 UTC 2020 /home/travis/build/icyphy/ptII/ptolemy/domains/sdf/test/auto/Objects.xml
----------------- Instantiating /home/travis/build/icyphy/ptII/ptolemy/domains/sdf/test/auto/Objects.xml
5 ms. Memory: 300032K Free: 196398K (65%)
----------------- Invoking toplevel() on ptolemy.moml.MoMLSimpleApplication@46dfcd10
----------------- Done invoking toplevel() on ptolemy.moml.MoMLSimpleApplication@46dfcd10
reloadAllAccessors: .Objects

===========================================================================================
----------------- testing Fri Jul 24 04:31:40 UTC 2020 /home/travis/build/icyphy/ptII/ptolemy/domains/sdf/test/auto/OrthogonalCom.xml
----------------- Instantiating /home/travis/build/icyphy/ptII/ptolemy/domains/sdf/test/auto/OrthogonalCom.xml
6 ms. Memory: 300032K Free: 188716K (63%)
----------------- Invoking toplevel() on ptolemy.moml.MoMLSimpleApplication@6be626d5
----------------- Done invoking toplevel() on ptolemy.moml.MoMLSimpleApplication@6be626d5
reloadAllAccessors: .OrthogonalCom

===========================================================================================
----------------- testing Fri Jul 24 04:31:40 UTC 2020 /home/travis/build/icyphy/ptII/ptolemy/domains/sdf/test/auto/RijndaelEncryption.xml
----------------- Instantiating /home/travis/build/icyphy/ptII/ptolemy/domains/sdf/test/auto/RijndaelEncryption.xml
371 ms. Memory: 360448K Free: 280793K (78%)
----------------- Invoking toplevel() on ptolemy.moml.MoMLSimpleApplication@59a4a7e5
----------------- Done invoking toplevel() on ptolemy.moml.MoMLSimpleApplication@59a4a7e5
reloadAllAccessors: .RijndaelEncryption

===========================================================================================
----------------- testing Fri Jul 24 04:31:40 UTC 2020 /home/travis/build/icyphy/ptII/ptolemy/domains/sdf/test/auto/SDFEmptyIterations.xml
----------------- Instantiating /home/travis/build/icyphy/ptII/ptolemy/domains/sdf/test/auto/SDFEmptyIterations.xml
7 ms. Memory: 360448K Free: 276187K (77%)
----------------- Invoking toplevel() on ptolemy.moml.MoMLSimpleApplication@3ca10926
----------------- Done invoking toplevel() on ptolemy.moml.MoMLSimpleApplication@3ca10926
reloadAllAccessors: .SDFEmptyIterations

===========================================================================================
----------------- testing Fri Jul 24 04:31:40 UTC 2020 /home/travis/build/icyphy/ptII/ptolemy/domains/sdf/test/auto/Spectrum.xml
----------------- Instantiating /home/travis/build/icyphy/ptII/ptolemy/domains/sdf/test/auto/Spectrum.xml
38 ms. Memory: 360448K Free: 251611K (70%)
----------------- Invoking toplevel() on ptolemy.moml.MoMLSimpleApplication@6beb857f
----------------- Done invoking toplevel() on ptolemy.moml.MoMLSimpleApplication@6beb857f
reloadAllAccessors: .Spectrum

===========================================================================================
----------------- testing Fri Jul 24 04:31:41 UTC 2020 /home/travis/build/icyphy/ptII/ptolemy/domains/sdf/test/auto/de_inside_sdf.xml
----------------- Instantiating /home/travis/build/icyphy/ptII/ptolemy/domains/sdf/test/auto/de_inside_sdf.xml
6 ms. Memory: 360448K Free: 246491K (68%)
----------------- Invoking toplevel() on ptolemy.moml.MoMLSimpleApplication@6a56c557
----------------- Done invoking toplevel() on ptolemy.moml.MoMLSimpleApplication@6a56c557
reloadAllAccessors: .de_inside_sdf

===========================================================================================
----------------- testing Fri Jul 24 04:31:41 UTC 2020 /home/travis/build/icyphy/ptII/ptolemy/domains/sdf/test/auto/disconnectedHierarchicalSDF.xml
----------------- Instantiating /home/travis/build/icyphy/ptII/ptolemy/domains/sdf/test/auto/disconnectedHierarchicalSDF.xml
5 ms. Memory: 360448K Free: 240347K (67%)
----------------- Invoking toplevel() on ptolemy.moml.MoMLSimpleApplication@15dd2679
----------------- Done invoking toplevel() on ptolemy.moml.MoMLSimpleApplication@15dd2679
reloadAllAccessors: .disconnectedHierarchicalSDF

===========================================================================================
----------------- testing Fri Jul 24 04:31:41 UTC 2020 /home/travis/build/icyphy/ptII/ptolemy/domains/sdf/test/auto/disconnectedSDF.xml
----------------- Instantiating /home/travis/build/icyphy/ptII/ptolemy/domains/sdf/test/auto/disconnectedSDF.xml
5 ms. Memory: 360448K Free: 236761K (66%)
----------------- Invoking toplevel() on ptolemy.moml.MoMLSimpleApplication@503a4a89
----------------- Done invoking toplevel() on ptolemy.moml.MoMLSimpleApplication@503a4a89
reloadAllAccessors: .disconnectedSDF

===========================================================================================
----------------- testing Fri Jul 24 04:31:41 UTC 2020 /home/travis/build/icyphy/ptII/ptolemy/domains/sdf/test/auto/emptyRefinement.xml
----------------- Instantiating /home/travis/build/icyphy/ptII/ptolemy/domains/sdf/test/auto/emptyRefinement.xml
4 ms. Memory: 360448K Free: 232155K (64%)
----------------- Invoking toplevel() on ptolemy.moml.MoMLSimpleApplication@6cce6f44
----------------- Done invoking toplevel() on ptolemy.moml.MoMLSimpleApplication@6cce6f44
reloadAllAccessors: .emptyRefinement

===========================================================================================
----------------- testing Fri Jul 24 04:31:41 UTC 2020 /home/travis/build/icyphy/ptII/ptolemy/domains/sdf/test/auto/filePortParameter.xml
----------------- Instantiating /home/travis/build/icyphy/ptII/ptolemy/domains/sdf/test/auto/filePortParameter.xml
13 ms. Memory: 360448K Free: 224987K (62%)
----------------- Invoking toplevel() on ptolemy.moml.MoMLSimpleApplication@6fb42b60
----------------- Done invoking toplevel() on ptolemy.moml.MoMLSimpleApplication@6fb42b60
reloadAllAccessors: .filePortParameter

===========================================================================================
----------------- testing Fri Jul 24 04:31:41 UTC 2020 /home/travis/build/icyphy/ptII/ptolemy/domains/sdf/test/auto/inferRelationWidth1.xml
----------------- Instantiating /home/travis/build/icyphy/ptII/ptolemy/domains/sdf/test/auto/inferRelationWidth1.xml
2 ms. Memory: 360448K Free: 221915K (62%)
----------------- Invoking toplevel() on ptolemy.moml.MoMLSimpleApplication@231ab7e9
----------------- Done invoking toplevel() on ptolemy.moml.MoMLSimpleApplication@231ab7e9
reloadAllAccessors: .inferRelationWidth1

===========================================================================================
----------------- testing Fri Jul 24 04:31:41 UTC 2020 /home/travis/build/icyphy/ptII/ptolemy/domains/sdf/test/auto/initProductionInference.xml
----------------- Instantiating /home/travis/build/icyphy/ptII/ptolemy/domains/sdf/test/auto/initProductionInference.xml
4 ms. Memory: 360448K Free: 217819K (60%)
----------------- Invoking toplevel() on ptolemy.moml.MoMLSimpleApplication@28aad602
----------------- Done invoking toplevel() on ptolemy.moml.MoMLSimpleApplication@28aad602
reloadAllAccessors: .initProductionInference

===========================================================================================
----------------- testing Fri Jul 24 04:31:41 UTC 2020 /home/travis/build/icyphy/ptII/ptolemy/domains/sdf/test/auto/relationGroup.xml
----------------- Instantiating /home/travis/build/icyphy/ptII/ptolemy/domains/sdf/test/auto/relationGroup.xml
4 ms. Memory: 360448K Free: 214233K (59%)
----------------- Invoking toplevel() on ptolemy.moml.MoMLSimpleApplication@37e382c8
----------------- Done invoking toplevel() on ptolemy.moml.MoMLSimpleApplication@37e382c8
reloadAllAccessors: .relationGroup

===========================================================================================
----------------- testing Fri Jul 24 04:31:41 UTC 2020 /home/travis/build/icyphy/ptII/ptolemy/domains/sdf/test/auto/relationGroup10.xml
----------------- Instantiating /home/travis/build/icyphy/ptII/ptolemy/domains/sdf/test/auto/relationGroup10.xml
3 ms. Memory: 360448K Free: 211161K (59%)
----------------- Invoking toplevel() on ptolemy.moml.MoMLSimpleApplication@659fe221
----------------- Done invoking toplevel() on ptolemy.moml.MoMLSimpleApplication@659fe221
reloadAllAccessors: .relationGroup10

===========================================================================================
----------------- testing Fri Jul 24 04:31:41 UTC 2020 /home/travis/build/icyphy/ptII/ptolemy/domains/sdf/test/auto/relationGroup11.xml
----------------- Instantiating /home/travis/build/icyphy/ptII/ptolemy/domains/sdf/test/auto/relationGroup11.xml
3 ms. Memory: 360448K Free: 207579K (58%)
----------------- Invoking toplevel() on ptolemy.moml.MoMLSimpleApplication@23e0a01c
----------------- Done invoking toplevel() on ptolemy.moml.MoMLSimpleApplication@23e0a01c
reloadAllAccessors: .relationGroup11

===========================================================================================
----------------- testing Fri Jul 24 04:31:41 UTC 2020 /home/travis/build/icyphy/ptII/ptolemy/domains/sdf/test/auto/relationGroup12.xml
----------------- Instantiating /home/travis/build/icyphy/ptII/ptolemy/domains/sdf/test/auto/relationGroup12.xml
3 ms. Memory: 360448K Free: 203993K (57%)
----------------- Invoking toplevel() on ptolemy.moml.MoMLSimpleApplication@18d2f5e5
----------------- Done invoking toplevel() on ptolemy.moml.MoMLSimpleApplication@18d2f5e5
reloadAllAccessors: .relationGroup12

===========================================================================================
----------------- testing Fri Jul 24 04:31:41 UTC 2020 /home/travis/build/icyphy/ptII/ptolemy/domains/sdf/test/auto/relationGroup13.xml
----------------- Instantiating /home/travis/build/icyphy/ptII/ptolemy/domains/sdf/test/auto/relationGroup13.xml
10 ms. Memory: 360448K Free: 199387K (55%)
----------------- Invoking toplevel() on ptolemy.moml.MoMLSimpleApplication@213e0e7c
----------------- Done invoking toplevel() on ptolemy.moml.MoMLSimpleApplication@213e0e7c
reloadAllAccessors: .relationGroup13

===========================================================================================
----------------- testing Fri Jul 24 04:31:41 UTC 2020 /home/travis/build/icyphy/ptII/ptolemy/domains/sdf/test/auto/relationGroup14.xml
----------------- Instantiating /home/travis/build/icyphy/ptII/ptolemy/domains/sdf/test/auto/relationGroup14.xml
3 ms. Memory: 360448K Free: 194777K (54%)
----------------- Invoking toplevel() on ptolemy.moml.MoMLSimpleApplication@6be6192e
----------------- Done invoking toplevel() on ptolemy.moml.MoMLSimpleApplication@6be6192e
reloadAllAccessors: .relationGroup14

===========================================================================================
----------------- testing Fri Jul 24 04:31:41 UTC 2020 /home/travis/build/icyphy/ptII/ptolemy/domains/sdf/test/auto/relationGroup15.xml
----------------- Instantiating /home/travis/build/icyphy/ptII/ptolemy/domains/sdf/test/auto/relationGroup15.xml
2 ms. Memory: 360448K Free: 191195K (53%)
----------------- Invoking toplevel() on ptolemy.moml.MoMLSimpleApplication@5ec32598
----------------- Done invoking toplevel() on ptolemy.moml.MoMLSimpleApplication@5ec32598
reloadAllAccessors: .relationGroup15

===========================================================================================
----------------- testing Fri Jul 24 04:31:41 UTC 2020 /home/travis/build/icyphy/ptII/ptolemy/domains/sdf/test/auto/relationGroup2.xml
----------------- Instantiating /home/travis/build/icyphy/ptII/ptolemy/domains/sdf/test/auto/relationGroup2.xml
3 ms. Memory: 360448K Free: 188123K (52%)
----------------- Invoking toplevel() on ptolemy.moml.MoMLSimpleApplication@232200d3
----------------- Done invoking toplevel() on ptolemy.moml.MoMLSimpleApplication@232200d3
reloadAllAccessors: .relationGroup2

===========================================================================================
----------------- testing Fri Jul 24 04:31:41 UTC 2020 /home/travis/build/icyphy/ptII/ptolemy/domains/sdf/test/auto/relationGroup3.xml
----------------- Instantiating /home/travis/build/icyphy/ptII/ptolemy/domains/sdf/test/auto/relationGroup3.xml
1 ms. Memory: 360448K Free: 185051K (51%)
----------------- Invoking toplevel() on ptolemy.moml.MoMLSimpleApplication@568b515
----------------- Done invoking toplevel() on ptolemy.moml.MoMLSimpleApplication@568b515
reloadAllAccessors: .relationGroup3

===========================================================================================
----------------- testing Fri Jul 24 04:31:41 UTC 2020 /home/travis/build/icyphy/ptII/ptolemy/domains/sdf/test/auto/relationGroup4.xml
----------------- Instantiating /home/travis/build/icyphy/ptII/ptolemy/domains/sdf/test/auto/relationGroup4.xml
2 ms. Memory: 360448K Free: 181435K (50%)
----------------- Invoking toplevel() on ptolemy.moml.MoMLSimpleApplication@66951345
----------------- Done invoking toplevel() on ptolemy.moml.MoMLSimpleApplication@66951345
reloadAllAccessors: .relationGroup4

===========================================================================================
----------------- testing Fri Jul 24 04:31:41 UTC 2020 /home/travis/build/icyphy/ptII/ptolemy/domains/sdf/test/auto/relationGroup5.xml
----------------- Instantiating /home/travis/build/icyphy/ptII/ptolemy/domains/sdf/test/auto/relationGroup5.xml
2 ms. Memory: 360448K Free: 177339K (49%)
----------------- Invoking toplevel() on ptolemy.moml.MoMLSimpleApplication@46b32960
----------------- Done invoking toplevel() on ptolemy.moml.MoMLSimpleApplication@46b32960
reloadAllAccessors: .relationGroup5

===========================================================================================
----------------- testing Fri Jul 24 04:31:41 UTC 2020 /home/travis/build/icyphy/ptII/ptolemy/domains/sdf/test/auto/relationGroup6.xml
----------------- Instantiating /home/travis/build/icyphy/ptII/ptolemy/domains/sdf/test/auto/relationGroup6.xml
3 ms. Memory: 360448K Free: 172763K (48%)
----------------- Invoking toplevel() on ptolemy.moml.MoMLSimpleApplication@52e7a675
----------------- Done invoking toplevel() on ptolemy.moml.MoMLSimpleApplication@52e7a675
reloadAllAccessors: .relationGroup6

===========================================================================================
----------------- testing Fri Jul 24 04:31:41 UTC 2020 /home/travis/build/icyphy/ptII/ptolemy/domains/sdf/test/auto/relationGroup7.xml
----------------- Instantiating /home/travis/build/icyphy/ptII/ptolemy/domains/sdf/test/auto/relationGroup7.xml
2 ms. Memory: 360448K Free: 169691K (47%)
----------------- Invoking toplevel() on ptolemy.moml.MoMLSimpleApplication@42476544
----------------- Done invoking toplevel() on ptolemy.moml.MoMLSimpleApplication@42476544
reloadAllAccessors: .relationGroup7

===========================================================================================
----------------- testing Fri Jul 24 04:31:41 UTC 2020 /home/travis/build/icyphy/ptII/ptolemy/domains/sdf/test/auto/relationGroup8.xml
----------------- Instantiating /home/travis/build/icyphy/ptII/ptolemy/domains/sdf/test/auto/relationGroup8.xml
2 ms. Memory: 360448K Free: 166619K (46%)
----------------- Invoking toplevel() on ptolemy.moml.MoMLSimpleApplication@607f741
----------------- Done invoking toplevel() on ptolemy.moml.MoMLSimpleApplication@607f741
reloadAllAccessors: .relationGroup8

===========================================================================================
----------------- testing Fri Jul 24 04:31:41 UTC 2020 /home/travis/build/icyphy/ptII/ptolemy/domains/sdf/test/auto/relationGroup9.xml
----------------- Instantiating /home/travis/build/icyphy/ptII/ptolemy/domains/sdf/test/auto/relationGroup9.xml
5 ms. Memory: 360448K Free: 162009K (45%)
----------------- Invoking toplevel() on ptolemy.moml.MoMLSimpleApplication@79be2b04
----------------- Done invoking toplevel() on ptolemy.moml.MoMLSimpleApplication@79be2b04
reloadAllAccessors: .relationGroup9

===========================================================================================
----------------- testing Fri Jul 24 04:31:41 UTC 2020 /home/travis/build/icyphy/ptII/ptolemy/domains/sdf/test/auto/sdf_inside_de.xml
----------------- Instantiating /home/travis/build/icyphy/ptII/ptolemy/domains/sdf/test/auto/sdf_inside_de.xml
11 ms. Memory: 360448K Free: 153307K (43%)
----------------- Invoking toplevel() on ptolemy.moml.MoMLSimpleApplication@24e39c2e
----------------- Done invoking toplevel() on ptolemy.moml.MoMLSimpleApplication@24e39c2e
reloadAllAccessors: .sdf_inside_de

===========================================================================================
----------------- testing Fri Jul 24 04:31:41 UTC 2020 /home/travis/build/icyphy/ptII/ptolemy/domains/sdf/test/auto/sdf_inside_pn.xml
----------------- Instantiating /home/travis/build/icyphy/ptII/ptolemy/domains/sdf/test/auto/sdf_inside_pn.xml
33 ms. Memory: 360448K Free: 144091K (40%)
----------------- Invoking toplevel() on ptolemy.moml.MoMLSimpleApplication@622fd731
----------------- Done invoking toplevel() on ptolemy.moml.MoMLSimpleApplication@622fd731
reloadAllAccessors: .sdf_inside_pn

===========================================================================================
----------------- testing Fri Jul 24 04:31:41 UTC 2020 /home/travis/build/icyphy/ptII/ptolemy/domains/sdf/test/auto/sdf_sdf1.xml
----------------- Instantiating /home/travis/build/icyphy/ptII/ptolemy/domains/sdf/test/auto/sdf_sdf1.xml
6 ms. Memory: 360448K Free: 138443K (38%)
----------------- Invoking toplevel() on ptolemy.moml.MoMLSimpleApplication@64bf2503
----------------- Done invoking toplevel() on ptolemy.moml.MoMLSimpleApplication@64bf2503
reloadAllAccessors: .sdf_sdf1

===========================================================================================
----------------- testing Fri Jul 24 04:31:41 UTC 2020 /home/travis/build/icyphy/ptII/ptolemy/domains/sdf/test/auto/test1.xml
----------------- Instantiating /home/travis/build/icyphy/ptII/ptolemy/domains/sdf/test/auto/test1.xml
4 ms. Memory: 360448K Free: 133337K (37%)
----------------- Invoking toplevel() on ptolemy.moml.MoMLSimpleApplication@a84f31e
----------------- Done invoking toplevel() on ptolemy.moml.MoMLSimpleApplication@a84f31e
reloadAllAccessors: .test1

===========================================================================================
----------------- testing Fri Jul 24 04:31:41 UTC 2020 /home/travis/build/icyphy/ptII/ptolemy/domains/sdf/test/auto/time1.xml
----------------- Instantiating /home/travis/build/icyphy/ptII/ptolemy/domains/sdf/test/auto/time1.xml
3 ms. Memory: 360448K Free: 129755K (36%)
----------------- Invoking toplevel() on ptolemy.moml.MoMLSimpleApplication@60a4eba0
----------------- Done invoking toplevel() on ptolemy.moml.MoMLSimpleApplication@60a4eba0
reloadAllAccessors: .time1

===========================================================================================
----------------- testing Fri Jul 24 04:31:41 UTC 2020 /home/travis/build/icyphy/ptII/ptolemy/domains/sdf/test/auto/time2.xml
----------------- Instantiating /home/travis/build/icyphy/ptII/ptolemy/domains/sdf/test/auto/time2.xml
7 ms. Memory: 360448K Free: 340662K (95%)
----------------- Invoking toplevel() on ptolemy.moml.MoMLSimpleApplication@6bee78b7
----------------- Done invoking toplevel() on ptolemy.moml.MoMLSimpleApplication@6bee78b7
reloadAllAccessors: .time2

===========================================================================================
----------------- testing Fri Jul 24 04:31:41 UTC 2020 /home/travis/build/icyphy/ptII/ptolemy/domains/sdf/test/auto/time3.xml
----------------- Instantiating /home/travis/build/icyphy/ptII/ptolemy/domains/sdf/test/auto/time3.xml
7 ms. Memory: 360448K Free: 334782K (93%)
----------------- Invoking toplevel() on ptolemy.moml.MoMLSimpleApplication@344729e7
----------------- Done invoking toplevel() on ptolemy.moml.MoMLSimpleApplication@344729e7
reloadAllAccessors: .time3

===========================================================================================
----------------- testing Fri Jul 24 04:31:41 UTC 2020 /home/travis/build/icyphy/ptII/ptolemy/domains/sdf/test/auto/time4.xml
----------------- Instantiating /home/travis/build/icyphy/ptII/ptolemy/domains/sdf/test/auto/time4.xml
6 ms. Memory: 360448K Free: 329134K (91%)
----------------- Invoking toplevel() on ptolemy.moml.MoMLSimpleApplication@6263d480
----------------- Done invoking toplevel() on ptolemy.moml.MoMLSimpleApplication@6263d480
reloadAllAccessors: .time4

===========================================================================================
----------------- testing Fri Jul 24 04:31:41 UTC 2020 /home/travis/build/icyphy/ptII/ptolemy/domains/sdf/test/auto/time5.xml
----------------- Instantiating /home/travis/build/icyphy/ptII/ptolemy/domains/sdf/test/auto/time5.xml
4002 ms. Memory: 360448K Free: 325566K (90%)
----------------- Invoking toplevel() on ptolemy.moml.MoMLSimpleApplication@32daa8f7
----------------- Done invoking toplevel() on ptolemy.moml.MoMLSimpleApplication@32daa8f7
reloadAllAccessors: .time5

===========================================================================================
----------------- testing Fri Jul 24 04:31:45 UTC 2020 /home/travis/build/icyphy/ptII/ptolemy/domains/sdf/test/auto/typeSystem_Const_Integer_smallest_Type.xml
----------------- Instantiating /home/travis/build/icyphy/ptII/ptolemy/domains/sdf/test/auto/typeSystem_Const_Integer_smallest_Type.xml
5 ms. Memory: 360448K Free: 320956K (89%)
----------------- Invoking toplevel() on ptolemy.moml.MoMLSimpleApplication@2e8b1346
----------------- Done invoking toplevel() on ptolemy.moml.MoMLSimpleApplication@2e8b1346
reloadAllAccessors: .typeSystem_Const_Integer_smallest_Type

===========================================================================================
----------------- testing Fri Jul 24 04:31:45 UTC 2020 /home/travis/build/icyphy/ptII/ptolemy/domains/sdf/test/auto/typeSystem_declared_Inports_OutportTypeException.xml
----------------- Instantiating /home/travis/build/icyphy/ptII/ptolemy/domains/sdf/test/auto/typeSystem_declared_Inports_OutportTypeException.xml
.typeSystem_declared_Inports_OutportTypeException.TestExceptionAttribute: initialize() was not invoked, but wrapup() was.  This is unusual, but not always a problem.  For example, exporting JNLP will do this.
6 ms. Memory: 360448K Free: 316860K (88%)
----------------- Invoking toplevel() on ptolemy.moml.MoMLSimpleApplication@1f0015c9
----------------- Done invoking toplevel() on ptolemy.moml.MoMLSimpleApplication@1f0015c9
reloadAllAccessors: .typeSystem_declared_Inports_OutportTypeException

===========================================================================================
----------------- testing Fri Jul 24 04:31:45 UTC 2020 /home/travis/build/icyphy/ptII/ptolemy/domains/sdf/test/auto/typeSystem_oneDeclaredInportType_wrongTypeOutport.xml
----------------- Instantiating /home/travis/build/icyphy/ptII/ptolemy/domains/sdf/test/auto/typeSystem_oneDeclaredInportType_wrongTypeOutport.xml
4 ms. Memory: 360448K Free: 312764K (87%)
----------------- Invoking toplevel() on ptolemy.moml.MoMLSimpleApplication@9c54384
----------------- Done invoking toplevel() on ptolemy.moml.MoMLSimpleApplication@9c54384
reloadAllAccessors: .typeSystem_oneDeclaredInportType_wrongTypeOutport

===========================================================================================
----------------- testing Fri Jul 24 04:31:45 UTC 2020 /home/travis/build/icyphy/ptII/ptolemy/domains/sdf/test/auto/width.xml
----------------- Instantiating /home/travis/build/icyphy/ptII/ptolemy/domains/sdf/test/auto/width.xml
2 ms. Memory: 360448K Free: 308668K (86%)
----------------- Invoking toplevel() on ptolemy.moml.MoMLSimpleApplication@4f065114
----------------- Done invoking toplevel() on ptolemy.moml.MoMLSimpleApplication@4f065114
reloadAllAccessors: .width

===========================================================================================
----------------- testing Fri Jul 24 04:31:45 UTC 2020 /home/travis/build/icyphy/ptII/ptolemy/domains/sdf/test/auto/width2.xml
----------------- Instantiating /home/travis/build/icyphy/ptII/ptolemy/domains/sdf/test/auto/width2.xml
33 ms. Memory: 360448K Free: 303548K (84%)
----------------- Invoking toplevel() on ptolemy.moml.MoMLSimpleApplication@7d8ebb14
----------------- Done invoking toplevel() on ptolemy.moml.MoMLSimpleApplication@7d8ebb14
reloadAllAccessors: .width2

===========================================================================================
----------------- testing Fri Jul 24 04:31:45 UTC 2020 /home/travis/build/icyphy/ptII/ptolemy/domains/sdf/test/auto/width3.xml
----------------- Instantiating /home/travis/build/icyphy/ptII/ptolemy/domains/sdf/test/auto/width3.xml
23 ms. Memory: 360448K Free: 298942K (83%)
----------------- Invoking toplevel() on ptolemy.moml.MoMLSimpleApplication@4a740967
----------------- Done invoking toplevel() on ptolemy.moml.MoMLSimpleApplication@4a740967
reloadAllAccessors: .width3
AutoTests.java: About to close Vertx.
AutoTests.java: Vertx closed.
]]></system-out>
  <system-err><![CDATA[java.lang.RuntimeException: Execution failed
	at ptolemy.moml.MoMLSimpleApplication$UnloadThread.run(MoMLSimpleApplication.java:402)
Caused by: ptolemy.actor.sched.NotSchedulableException: No solution exists for the balance equations.
Graph is not consistent under the SDF domain detected on external port .rateConsistency.actor.port2
  in .rateConsistency.SDF Director.Scheduler
	at ptolemy.domains.sdf.kernel.SDFScheduler._propagatePort(SDFScheduler.java:1425)
	at ptolemy.domains.sdf.kernel.SDFScheduler._solveBalanceEquations(SDFScheduler.java:710)
	at ptolemy.domains.sdf.kernel.SDFScheduler._getSchedule(SDFScheduler.java:566)
	at ptolemy.actor.sched.Scheduler.getSchedule(Scheduler.java:189)
	at ptolemy.domains.sdf.kernel.SDFDirector.createSchedule(SDFDirector.java:408)
	at ptolemy.domains.sdf.kernel.SDFDirector.preinitialize(SDFDirector.java:764)
	at ptolemy.actor.CompositeActor.preinitialize(CompositeActor.java:1828)
	at ptolemy.actor.Manager.preinitializeAndResolveTypes(Manager.java:1040)
	at ptolemy.actor.Manager.initialize(Manager.java:710)
	at ptolemy.actor.Manager.execute(Manager.java:356)
	at ptolemy.actor.Manager.run(Manager.java:1263)
	at ptolemy.actor.Manager$PtolemyRunThread.run(Manager.java:1933)
java.lang.RuntimeException: Execution failed
	at ptolemy.moml.MoMLSimpleApplication$UnloadThread.run(MoMLSimpleApplication.java:402)
Caused by: ptolemy.kernel.util.IllegalActionException: Failed to compute schedule:
  in .badRateChanges.typed composite actor.SDF Director
Because:
The SDF rate parameter may change. This is not allowed in SDF models that will be run through the code generator.  If you don't care about code generation, then you might consider setting the allowRateChanges parameter of the SDF director to false.
  in .badRateChanges.typed composite actor.Repeat.output.tokenProductionRate
	at ptolemy.domains.sdf.kernel.SDFDirector.createSchedule(SDFDirector.java:418)
	at ptolemy.domains.sdf.kernel.SDFDirector.preinitialize(SDFDirector.java:764)
	at ptolemy.actor.CompositeActor.preinitialize(CompositeActor.java:1828)
	at ptolemy.actor.Director.preinitialize(Director.java:1302)
	at ptolemy.actor.Director.preinitialize(Director.java:1257)
	at ptolemy.domains.sdf.kernel.SDFDirector.preinitialize(SDFDirector.java:763)
	at ptolemy.actor.CompositeActor.preinitialize(CompositeActor.java:1828)
	at ptolemy.actor.Manager.preinitializeAndResolveTypes(Manager.java:1040)
	at ptolemy.actor.Manager.initialize(Manager.java:710)
	at ptolemy.actor.Manager.execute(Manager.java:356)
	at ptolemy.actor.Manager.run(Manager.java:1263)
	at ptolemy.actor.Manager$PtolemyRunThread.run(Manager.java:1933)
Caused by: ptolemy.kernel.util.IllegalActionException: The SDF rate parameter may change. This is not allowed in SDF models that will be run through the code generator.  If you don't care about code generation, then you might consider setting the allowRateChanges parameter of the SDF director to false.
  in .badRateChanges.typed composite actor.Repeat.output.tokenProductionRate
	at ptolemy.domains.sdf.kernel.SDFScheduler._assertDynamicRateVariable(SDFScheduler.java:931)
	at ptolemy.domains.sdf.kernel.SDFScheduler._checkDynamicRateVariables(SDFScheduler.java:339)
	at ptolemy.domains.sdf.kernel.SDFScheduler._getSchedule(SDFScheduler.java:527)
	at ptolemy.actor.sched.Scheduler.getSchedule(Scheduler.java:189)
	at ptolemy.domains.sdf.kernel.SDFDirector.createSchedule(SDFDirector.java:408)
	... 11 more
java.lang.RuntimeException: Execution failed
	at ptolemy.moml.MoMLSimpleApplication$UnloadThread.run(MoMLSimpleApplication.java:402)
Caused by: ptolemy.kernel.util.IllegalActionException: Failed to compute schedule:
  in .badRateChanges2.typed composite actor.SDF Director
Because:
The SDF rate parameter may change. This is not allowed in SDF models that will be run through the code generator.  If you don't care about code generation, then you might consider setting the allowRateChanges parameter of the SDF director to false.
  in .badRateChanges2.typed composite actor.Repeat.output.tokenProductionRate
	at ptolemy.domains.sdf.kernel.SDFDirector.createSchedule(SDFDirector.java:418)
	at ptolemy.domains.sdf.kernel.SDFDirector.preinitialize(SDFDirector.java:764)
	at ptolemy.actor.CompositeActor.preinitialize(CompositeActor.java:1828)
	at ptolemy.actor.Director.preinitialize(Director.java:1302)
	at ptolemy.actor.Director.preinitialize(Director.java:1257)
	at ptolemy.domains.sdf.kernel.SDFDirector.preinitialize(SDFDirector.java:763)
	at ptolemy.actor.CompositeActor.preinitialize(CompositeActor.java:1828)
	at ptolemy.actor.Manager.preinitializeAndResolveTypes(Manager.java:1040)
	at ptolemy.actor.Manager.initialize(Manager.java:710)
	at ptolemy.actor.Manager.execute(Manager.java:356)
	at ptolemy.actor.Manager.run(Manager.java:1263)
	at ptolemy.actor.Manager$PtolemyRunThread.run(Manager.java:1933)
Caused by: ptolemy.kernel.util.IllegalActionException: The SDF rate parameter may change. This is not allowed in SDF models that will be run through the code generator.  If you don't care about code generation, then you might consider setting the allowRateChanges parameter of the SDF director to false.
  in .badRateChanges2.typed composite actor.Repeat.output.tokenProductionRate
	at ptolemy.domains.sdf.kernel.SDFScheduler._assertDynamicRateVariable(SDFScheduler.java:931)
	at ptolemy.domains.sdf.kernel.SDFScheduler._checkDynamicRateVariables(SDFScheduler.java:339)
	at ptolemy.domains.sdf.kernel.SDFScheduler._getSchedule(SDFScheduler.java:527)
	at ptolemy.actor.sched.Scheduler.getSchedule(Scheduler.java:189)
	at ptolemy.domains.sdf.kernel.SDFDirector.createSchedule(SDFDirector.java:408)
	... 11 more
java.lang.RuntimeException: Execution failed
	at ptolemy.moml.MoMLSimpleApplication$UnloadThread.run(MoMLSimpleApplication.java:402)
Caused by: ptolemy.actor.sched.NotSchedulableException: Actors remain that cannot be scheduled!

There are several possible reasons:
* SDF Graphs with feedback loops should have an actor with a delay in the loop, such as a SampleDelay.
* The SDF director has an "allowDisconnectedGraphs"parameter, which, when true, permits disconnected SDF graphs.
* The token consumption rate and production rates might be mismatched.
Usually, actors produce one token or consume one token on a port.  To produce or consume multiple tokens per firing, add a "tokenConsumptionRate" or "tokenProductionRate" parameter to the appropriate port.
Unscheduled actors:
.partiallyConnected.Const2 
Scheduled actors:
.partiallyConnected.Const 
  in .partiallyConnected.SDF Director.Scheduler
	at ptolemy.domains.sdf.kernel.SDFScheduler._scheduleConnectedActors(SDFScheduler.java:1828)
	at ptolemy.domains.sdf.kernel.SDFScheduler._getSchedule(SDFScheduler.java:587)
	at ptolemy.actor.sched.Scheduler.getSchedule(Scheduler.java:189)
	at ptolemy.domains.sdf.kernel.SDFDirector.createSchedule(SDFDirector.java:408)
	at ptolemy.domains.sdf.kernel.SDFDirector.preinitialize(SDFDirector.java:764)
	at ptolemy.actor.CompositeActor.preinitialize(CompositeActor.java:1828)
	at ptolemy.actor.Manager.preinitializeAndResolveTypes(Manager.java:1040)
	at ptolemy.actor.Manager.initialize(Manager.java:710)
	at ptolemy.actor.Manager.execute(Manager.java:356)
	at ptolemy.actor.Manager.run(Manager.java:1263)
	at ptolemy.actor.Manager$PtolemyRunThread.run(Manager.java:1933)
]]></system-err>
</testsuite>
