<?xml version="1.0" encoding="UTF-8" ?>
<testsuite errors="0" failures="0" hostname="travis-job-878d5f4f-62ab-4fd0-92c1-374e39b8f7b4" name="ptolemy.domains.de.test.junit.JUnitTclTest" skipped="0" tests="101" time="133.475" timestamp="2019-03-18T04:34:56">
  <properties>
[...]
</properties>
  <testcase classname="ptolemy.util.test.junit.TclTests" name="[0] /home/travis/build/icyphy/ptII/ptolemy/domains/de/test/DependencyLoop.tcl (RunTclFile)" time="0.725" />
  <testcase classname="ptolemy.util.test.junit.TclTests" name="[1] /home/travis/build/icyphy/ptII/ptolemy/domains/de/test/RunDETestsAsQSS.tcl (RunTclFile)" time="92.038" />
  <testcase classname="ptolemy.util.test.junit.AutoKnownFailedTests" name="[0] /home/travis/build/icyphy/ptII/ptolemy/domains/de/test/auto/knownFailedTests/DESDFClockTest.xml (RunModel)" time="2.027" />
  <testcase classname="ptolemy.util.test.junit.AutoKnownFailedTests" name="[1] /home/travis/build/icyphy/ptII/ptolemy/domains/de/test/auto/knownFailedTests/DirectFeedback.xml (RunModel)" time="0.01" />
  <testcase classname="ptolemy.util.test.junit.AutoKnownFailedTests" name="[2] /home/travis/build/icyphy/ptII/ptolemy/domains/de/test/auto/knownFailedTests/FSMSource.xml (RunModel)" time="0.022" />
  <testcase classname="ptolemy.util.test.junit.AutoKnownFailedTests" name="[3] /home/travis/build/icyphy/ptII/ptolemy/domains/de/test/auto/knownFailedTests/HierarchicalModel.xml (RunModel)" time="0.051" />
  <testcase classname="ptolemy.util.test.junit.AutoKnownFailedTests" name="[4] /home/travis/build/icyphy/ptII/ptolemy/domains/de/test/auto/knownFailedTests/dependencyLoop.xml (RunModel)" time="0.036" />
  <testcase classname="ptolemy.util.test.junit.AutoKnownFailedTests" name="[5] /home/travis/build/icyphy/ptII/ptolemy/domains/de/test/auto/knownFailedTests/dependencyLoop2.xml (RunModel)" time="0.034" />
  <testcase classname="ptolemy.util.test.junit.AutoNameArchTests" name="[0] ThereAreNoAutoArchTests (RunModel)" time="0.005" />
  <testcase classname="ptolemy.util.test.junit.AutoTests" name="[0] /home/travis/build/icyphy/ptII/ptolemy/domains/de/test/auto/ActorDepthCalculation_actorWithoutPorts.xml (RunModel)" time="0.025" />
  <testcase classname="ptolemy.util.test.junit.AutoTests" name="[1] /home/travis/build/icyphy/ptII/ptolemy/domains/de/test/auto/AssemblyLine.xml (RunModel)" time="0.019" />
  <testcase classname="ptolemy.util.test.junit.AutoTests" name="[2] /home/travis/build/icyphy/ptII/ptolemy/domains/de/test/auto/CQBug1.xml (RunModel)" time="0.014" />
  <testcase classname="ptolemy.util.test.junit.AutoTests" name="[3] /home/travis/build/icyphy/ptII/ptolemy/domains/de/test/auto/CancelFireAt.xml (RunModel)" time="0.012" />
  <testcase classname="ptolemy.util.test.junit.AutoTests" name="[4] /home/travis/build/icyphy/ptII/ptolemy/domains/de/test/auto/CausalityAndComposabilityAnalysis.xml (RunModel)" time="0.016" />
  <testcase classname="ptolemy.util.test.junit.AutoTests" name="[5] /home/travis/build/icyphy/ptII/ptolemy/domains/de/test/auto/CausalityInterface1.xml (RunModel)" time="0.015" />
  <testcase classname="ptolemy.util.test.junit.AutoTests" name="[6] /home/travis/build/icyphy/ptII/ptolemy/domains/de/test/auto/CausalityInterface15.xml (RunModel)" time="0.015" />
  <testcase classname="ptolemy.util.test.junit.AutoTests" name="[7] /home/travis/build/icyphy/ptII/ptolemy/domains/de/test/auto/CausalityInterface2.xml (RunModel)" time="0.013" />
  <testcase classname="ptolemy.util.test.junit.AutoTests" name="[8] /home/travis/build/icyphy/ptII/ptolemy/domains/de/test/auto/CausalityInterface3.xml (RunModel)" time="0.014" />
  <testcase classname="ptolemy.util.test.junit.AutoTests" name="[9] /home/travis/build/icyphy/ptII/ptolemy/domains/de/test/auto/ClockDrift.xml (RunModel)" time="0.037" />
  <testcase classname="ptolemy.util.test.junit.AutoTests" name="[10] /home/travis/build/icyphy/ptII/ptolemy/domains/de/test/auto/ClockDriftAndValueChange.xml (RunModel)" time="0.032" />
  <testcase classname="ptolemy.util.test.junit.AutoTests" name="[11] /home/travis/build/icyphy/ptII/ptolemy/domains/de/test/auto/ClockDriftChange.xml (RunModel)" time="0.028" />
  <testcase classname="ptolemy.util.test.junit.AutoTests" name="[12] /home/travis/build/icyphy/ptII/ptolemy/domains/de/test/auto/ComposableCausalityAnalysis.xml (RunModel)" time="0.02" />
  <testcase classname="ptolemy.util.test.junit.AutoTests" name="[13] /home/travis/build/icyphy/ptII/ptolemy/domains/de/test/auto/DEFixedPointLimitation.xml (RunModel)" time="0.012" />
  <testcase classname="ptolemy.util.test.junit.AutoTests" name="[14] /home/travis/build/icyphy/ptII/ptolemy/domains/de/test/auto/DEScheduleTest.xml (RunModel)" time="0.012" />
  <testcase classname="ptolemy.util.test.junit.AutoTests" name="[15] /home/travis/build/icyphy/ptII/ptolemy/domains/de/test/auto/DEinDEwithStartTimes.xml (RunModel)" time="0.014" />
  <testcase classname="ptolemy.util.test.junit.AutoTests" name="[16] /home/travis/build/icyphy/ptII/ptolemy/domains/de/test/auto/DEinDEwithStartTimes2.xml (RunModel)" time="0.016" />
  <testcase classname="ptolemy.util.test.junit.AutoTests" name="[17] /home/travis/build/icyphy/ptII/ptolemy/domains/de/test/auto/DateDemo.xml (RunModel)" time="0.031" />
  <testcase classname="ptolemy.util.test.junit.AutoTests" name="[18] /home/travis/build/icyphy/ptII/ptolemy/domains/de/test/auto/DateToEvent.xml (RunModel)" time="2.042" />
  <testcase classname="ptolemy.util.test.junit.AutoTests" name="[19] /home/travis/build/icyphy/ptII/ptolemy/domains/de/test/auto/DepthTest1.xml (RunModel)" time="0.007" />
  <testcase classname="ptolemy.util.test.junit.AutoTests" name="[20] /home/travis/build/icyphy/ptII/ptolemy/domains/de/test/auto/DepthTest2.xml (RunModel)" time="0.016" />
  <testcase classname="ptolemy.util.test.junit.AutoTests" name="[21] /home/travis/build/icyphy/ptII/ptolemy/domains/de/test/auto/DepthTest3.xml (RunModel)" time="0.007" />
  <testcase classname="ptolemy.util.test.junit.AutoTests" name="[22] /home/travis/build/icyphy/ptII/ptolemy/domains/de/test/auto/DepthTest4.xml (RunModel)" time="0.011" />
  <testcase classname="ptolemy.util.test.junit.AutoTests" name="[23] /home/travis/build/icyphy/ptII/ptolemy/domains/de/test/auto/DepthTest5.xml (RunModel)" time="0.012" />
  <testcase classname="ptolemy.util.test.junit.AutoTests" name="[24] /home/travis/build/icyphy/ptII/ptolemy/domains/de/test/auto/DepthTest6.xml (RunModel)" time="0.012" />
  <testcase classname="ptolemy.util.test.junit.AutoTests" name="[25] /home/travis/build/icyphy/ptII/ptolemy/domains/de/test/auto/DepthTest7.xml (RunModel)" time="0.011" />
  <testcase classname="ptolemy.util.test.junit.AutoTests" name="[26] /home/travis/build/icyphy/ptII/ptolemy/domains/de/test/auto/EventToDate.xml (RunModel)" time="3.031" />
  <testcase classname="ptolemy.util.test.junit.AutoTests" name="[27] /home/travis/build/icyphy/ptII/ptolemy/domains/de/test/auto/FSM1.xml (RunModel)" time="0.044" />
  <testcase classname="ptolemy.util.test.junit.AutoTests" name="[28] /home/travis/build/icyphy/ptII/ptolemy/domains/de/test/auto/FSM7.xml (RunModel)" time="0.031" />
  <testcase classname="ptolemy.util.test.junit.AutoTests" name="[29] /home/travis/build/icyphy/ptII/ptolemy/domains/de/test/auto/Inspection.xml (RunModel)" time="0.035" />
  <testcase classname="ptolemy.util.test.junit.AutoTests" name="[30] /home/travis/build/icyphy/ptII/ptolemy/domains/de/test/auto/Iteration.xml (RunModel)" time="0.02" />
  <testcase classname="ptolemy.util.test.junit.AutoTests" name="[31] /home/travis/build/icyphy/ptII/ptolemy/domains/de/test/auto/LineFault.xml (RunModel)" time="0.549" />
  <testcase classname="ptolemy.util.test.junit.AutoTests" name="[32] /home/travis/build/icyphy/ptII/ptolemy/domains/de/test/auto/MergeModel1Add.xml (RunModel)" time="0.052" />
  <testcase classname="ptolemy.util.test.junit.AutoTests" name="[33] /home/travis/build/icyphy/ptII/ptolemy/domains/de/test/auto/MergeModel2Add.xml (RunModel)" time="0.038" />
  <testcase classname="ptolemy.util.test.junit.AutoTests" name="[34] /home/travis/build/icyphy/ptII/ptolemy/domains/de/test/auto/MergeModel3Add.xml (RunModel)" time="0.036" />
  <testcase classname="ptolemy.util.test.junit.AutoTests" name="[35] /home/travis/build/icyphy/ptII/ptolemy/domains/de/test/auto/MergeWithoutDiscard.xml (RunModel)" time="0.01" />
  <testcase classname="ptolemy.util.test.junit.AutoTests" name="[36] /home/travis/build/icyphy/ptII/ptolemy/domains/de/test/auto/Modal1.xml (RunModel)" time="0.027" />
  <testcase classname="ptolemy.util.test.junit.AutoTests" name="[37] /home/travis/build/icyphy/ptII/ptolemy/domains/de/test/auto/Modal2.xml (RunModel)" time="0.027" />
  <testcase classname="ptolemy.util.test.junit.AutoTests" name="[38] /home/travis/build/icyphy/ptII/ptolemy/domains/de/test/auto/Modal3.xml (RunModel)" time="0.026" />
  <testcase classname="ptolemy.util.test.junit.AutoTests" name="[39] /home/travis/build/icyphy/ptII/ptolemy/domains/de/test/auto/Modal4.xml (RunModel)" time="0.027" />
  <testcase classname="ptolemy.util.test.junit.AutoTests" name="[40] /home/travis/build/icyphy/ptII/ptolemy/domains/de/test/auto/Modal5.xml (RunModel)" time="0.027" />
  <testcase classname="ptolemy.util.test.junit.AutoTests" name="[41] /home/travis/build/icyphy/ptII/ptolemy/domains/de/test/auto/Modal6.xml (RunModel)" time="0.027" />
  <testcase classname="ptolemy.util.test.junit.AutoTests" name="[42] /home/travis/build/icyphy/ptII/ptolemy/domains/de/test/auto/Modal7.xml (RunModel)" time="0.027" />
  <testcase classname="ptolemy.util.test.junit.AutoTests" name="[43] /home/travis/build/icyphy/ptII/ptolemy/domains/de/test/auto/ModalModel.xml (RunModel)" time="0.154" />
  <testcase classname="ptolemy.util.test.junit.AutoTests" name="[44] /home/travis/build/icyphy/ptII/ptolemy/domains/de/test/auto/ModalSource.xml (RunModel)" time="0.017" />
  <testcase classname="ptolemy.util.test.junit.AutoTests" name="[45] /home/travis/build/icyphy/ptII/ptolemy/domains/de/test/auto/NonInterruptibleTimerZeroDelay.xml (RunModel)" time="0.008" />
  <testcase classname="ptolemy.util.test.junit.AutoTests" name="[46] /home/travis/build/icyphy/ptII/ptolemy/domains/de/test/auto/OpenQueueingNetwork.xml (RunModel)" time="2.256" />
  <testcase classname="ptolemy.util.test.junit.AutoTests" name="[47] /home/travis/build/icyphy/ptII/ptolemy/domains/de/test/auto/OpenQueuingNetwork.xml (RunModel)" time="0.26" />
  <testcase classname="ptolemy.util.test.junit.AutoTests" name="[48] /home/travis/build/icyphy/ptII/ptolemy/domains/de/test/auto/PeriodicSampler.xml (RunModel)" time="0.011" />
  <testcase classname="ptolemy.util.test.junit.AutoTests" name="[49] /home/travis/build/icyphy/ptII/ptolemy/domains/de/test/auto/PersistentIO.xml (RunModel)" time="0.017" />
  <testcase classname="ptolemy.util.test.junit.AutoTests" name="[50] /home/travis/build/icyphy/ptII/ptolemy/domains/de/test/auto/PortParameterResetOnInitialize.xml (RunModel)" time="0.009" />
  <testcase classname="ptolemy.util.test.junit.AutoTests" name="[51] /home/travis/build/icyphy/ptII/ptolemy/domains/de/test/auto/PortParameterUpdates.xml (RunModel)" time="0.012" />
  <testcase classname="ptolemy.util.test.junit.AutoTests" name="[52] /home/travis/build/icyphy/ptII/ptolemy/domains/de/test/auto/QueueAndServer.xml (RunModel)" time="0.016" />
  <testcase classname="ptolemy.util.test.junit.AutoTests" name="[53] /home/travis/build/icyphy/ptII/ptolemy/domains/de/test/auto/Records.xml (RunModel)" time="0.012" />
  <testcase classname="ptolemy.util.test.junit.AutoTests" name="[54] /home/travis/build/icyphy/ptII/ptolemy/domains/de/test/auto/ResetTransitionWithStartTime1.xml (RunModel)" time="0.016" />
  <testcase classname="ptolemy.util.test.junit.AutoTests" name="[55] /home/travis/build/icyphy/ptII/ptolemy/domains/de/test/auto/ResetTransitionWithStartTime2.xml (RunModel)" time="0.016" />
  <testcase classname="ptolemy.util.test.junit.AutoTests" name="[56] /home/travis/build/icyphy/ptII/ptolemy/domains/de/test/auto/ResetTransitionWithStartTime3.xml (RunModel)" time="0.016" />
  <testcase classname="ptolemy.util.test.junit.AutoTests" name="[57] /home/travis/build/icyphy/ptII/ptolemy/domains/de/test/auto/ResetTransitionWithStartTime4.xml (RunModel)" time="0.015" />
  <testcase classname="ptolemy.util.test.junit.AutoTests" name="[58] /home/travis/build/icyphy/ptII/ptolemy/domains/de/test/auto/ResettableTimer1.xml (RunModel)" time="0.009" />
  <testcase classname="ptolemy.util.test.junit.AutoTests" name="[59] /home/travis/build/icyphy/ptII/ptolemy/domains/de/test/auto/ResettableTimer2.xml (RunModel)" time="0.009" />
  <testcase classname="ptolemy.util.test.junit.AutoTests" name="[60] /home/travis/build/icyphy/ptII/ptolemy/domains/de/test/auto/ResettableTimer3.xml (RunModel)" time="0.007" />
  <testcase classname="ptolemy.util.test.junit.AutoTests" name="[61] /home/travis/build/icyphy/ptII/ptolemy/domains/de/test/auto/ResettableTimer4.xml (RunModel)" time="0.007" />
  <testcase classname="ptolemy.util.test.junit.AutoTests" name="[62] /home/travis/build/icyphy/ptII/ptolemy/domains/de/test/auto/ResettableTimer5.xml (RunModel)" time="0.008" />
  <testcase classname="ptolemy.util.test.junit.AutoTests" name="[63] /home/travis/build/icyphy/ptII/ptolemy/domains/de/test/auto/ResettableTimer6.xml (RunModel)" time="0.009" />
  <testcase classname="ptolemy.util.test.junit.AutoTests" name="[64] /home/travis/build/icyphy/ptII/ptolemy/domains/de/test/auto/ServerZeroDelay.xml (RunModel)" time="0.011" />
  <testcase classname="ptolemy.util.test.junit.AutoTests" name="[65] /home/travis/build/icyphy/ptII/ptolemy/domains/de/test/auto/SmartSender.xml (RunModel)" time="3.008" />
  <testcase classname="ptolemy.util.test.junit.AutoTests" name="[66] /home/travis/build/icyphy/ptII/ptolemy/domains/de/test/auto/ThreadedComposite.xml (RunModel)" time="0.261" />
  <testcase classname="ptolemy.util.test.junit.AutoTests" name="[67] /home/travis/build/icyphy/ptII/ptolemy/domains/de/test/auto/Time.xml (RunModel)" time="0.439" />
  <testcase classname="ptolemy.util.test.junit.AutoTests" name="[68] /home/travis/build/icyphy/ptII/ptolemy/domains/de/test/auto/TimeDelayZeroDelay.xml (RunModel)" time="0.01" />
  <testcase classname="ptolemy.util.test.junit.AutoTests" name="[69] /home/travis/build/icyphy/ptII/ptolemy/domains/de/test/auto/TimerZeroDelay.xml (RunModel)" time="0.008" />
  <testcase classname="ptolemy.util.test.junit.AutoTests" name="[70] /home/travis/build/icyphy/ptII/ptolemy/domains/de/test/auto/TimingParadox.xml (RunModel)" time="0.353" />
  <testcase classname="ptolemy.util.test.junit.AutoTests" name="[71] /home/travis/build/icyphy/ptII/ptolemy/domains/de/test/auto/TransferInputs.xml (RunModel)" time="0.02" />
  <testcase classname="ptolemy.util.test.junit.AutoTests" name="[72] /home/travis/build/icyphy/ptII/ptolemy/domains/de/test/auto/TransferOutputs2.xml (RunModel)" time="0.019" />
  <testcase classname="ptolemy.util.test.junit.AutoTests" name="[73] /home/travis/build/icyphy/ptII/ptolemy/domains/de/test/auto/Trilateration.xml (RunModel)" time="12.398" />
  <testcase classname="ptolemy.util.test.junit.AutoTests" name="[74] /home/travis/build/icyphy/ptII/ptolemy/domains/de/test/auto/TwoSigmaDelta.xml (RunModel)" time="2.085" />
  <testcase classname="ptolemy.util.test.junit.AutoTests" name="[75] /home/travis/build/icyphy/ptII/ptolemy/domains/de/test/auto/VariableDelay.xml (RunModel)" time="0.019" />
  <testcase classname="ptolemy.util.test.junit.AutoTests" name="[76] /home/travis/build/icyphy/ptII/ptolemy/domains/de/test/auto/VariableDelay2.xml (RunModel)" time="0.007" />
  <testcase classname="ptolemy.util.test.junit.AutoTests" name="[77] /home/travis/build/icyphy/ptII/ptolemy/domains/de/test/auto/VariableDelayZeroDelay.xml (RunModel)" time="0.012" />
  <testcase classname="ptolemy.util.test.junit.AutoTests" name="[78] /home/travis/build/icyphy/ptII/ptolemy/domains/de/test/auto/VariableDelayZeroDelay2.xml (RunModel)" time="0.009" />
  <testcase classname="ptolemy.util.test.junit.AutoTests" name="[79] /home/travis/build/icyphy/ptII/ptolemy/domains/de/test/auto/deInCt.xml (RunModel)" time="0.018" />
  <testcase classname="ptolemy.util.test.junit.AutoTests" name="[80] /home/travis/build/icyphy/ptII/ptolemy/domains/de/test/auto/deInCt2.xml (RunModel)" time="0.016" />
  <testcase classname="ptolemy.util.test.junit.AutoTests" name="[81] /home/travis/build/icyphy/ptII/ptolemy/domains/de/test/auto/dynamicCausalityInterface1.xml (RunModel)" time="0.016" />
  <testcase classname="ptolemy.util.test.junit.AutoTests" name="[82] /home/travis/build/icyphy/ptII/ptolemy/domains/de/test/auto/fsm_de_test.xml (RunModel)" time="0.027" />
  <testcase classname="ptolemy.util.test.junit.AutoTests" name="[83] /home/travis/build/icyphy/ptII/ptolemy/domains/de/test/auto/functionDependencyReconstruction.xml (RunModel)" time="0.031" />
  <testcase classname="ptolemy.util.test.junit.AutoTests" name="[84] /home/travis/build/icyphy/ptII/ptolemy/domains/de/test/auto/multirate.xml (RunModel)" time="0.016" />
  <testcase classname="ptolemy.util.test.junit.AutoTests" name="[85] /home/travis/build/icyphy/ptII/ptolemy/domains/de/test/auto/multirate2.xml (RunModel)" time="0.014" />
  <testcase classname="ptolemy.util.test.junit.AutoTests" name="[86] /home/travis/build/icyphy/ptII/ptolemy/domains/de/test/auto/realtime.xml (RunModel)" time="10.012" />
  <testcase classname="ptolemy.util.test.junit.AutoTests" name="[87] /home/travis/build/icyphy/ptII/ptolemy/domains/de/test/auto/relationGroup.xml (RunModel)" time="0.009" />
  <testcase classname="ptolemy.util.test.junit.AutoTests" name="[88] /home/travis/build/icyphy/ptII/ptolemy/domains/de/test/auto/relationGroup2.xml (RunModel)" time="0.01" />
  <testcase classname="ptolemy.util.test.junit.AutoTests" name="[89] /home/travis/build/icyphy/ptII/ptolemy/domains/de/test/auto/sortWithOpaquePorts.xml (RunModel)" time="0.013" />
  <testcase classname="ptolemy.util.test.junit.AutoTests" name="[90] /home/travis/build/icyphy/ptII/ptolemy/domains/de/test/auto/transferInputsandOutputs.xml (RunModel)" time="0.017" />
  <testcase classname="ptolemy.util.test.junit.AutoTests" name="[91] /home/travis/build/icyphy/ptII/ptolemy/domains/de/test/auto/triggerType.xml (RunModel)" time="0.01" />
  <system-out><![CDATA[/home/travis/build/icyphy/ptII/ptolemy/domains/de/test/DependencyLoop.tcl
testDefs.tcl: setting time out to 9000 seconds at Mon Mar 18 04:34:56 UTC 2019
15 ms. Memory: 116224K Free: 97445K (84%)
19 ms. Memory: 146944K Free: 140922K (96%)
/home/travis/build/icyphy/ptII/ptolemy/domains/de/test/RunDETestsAsQSS.tcl
Run the DE tests using ptolemy.domains.qss.test.QSSDirectorTest, which extends QSSDirector and prints a message in the constructors.
------------------ testing $PTII/ptolemy/domains/de/test/auto/knownFailedTests/dependencyLoop.xml (Known Failure) 
14 ms. Memory: 146944K Free: 136257K (93%)


==== $PTIIhome/travis/build/icyphy/ptII/ptolemy/domains/de/test/../../../../: Auto Automatic test in file $PTII/ptolemy/domains/de/test/auto/knownFailedTests/dependencyLoop.xml
==== Contents of test case:

	    # FIXME: we should use $relativeFilename here, but it
	    # might have backslashes under Windows, which causes no end
	    # of trouble.
	    createAndExecute $file
	    list {}
	
.... Test generated KNOWN error:
    while executing
ptolemy.kernel.util.IllegalActionException: Found a zero delay loop containing .dependencyLoop.original
  in .dependencyLoop and .dependencyLoop.original
	at ptolemy.actor.util.CausalityInterfaceForComposites._computeOutputPortDepth(CausalityInterfaceForComposites.java:759)
	at ptolemy.actor.util.CausalityInterfaceForComposites._computeInputDepth(CausalityInterfaceForComposites.java:696)
	at ptolemy.actor.util.CausalityInterfaceForComposites._computeOutputPortDepth(CausalityInterfaceForComposites.java:765)
	at ptolemy.actor.util.CausalityInterfaceForComposites._computeInputDepth(CausalityInterfaceForComposites.java:696)
	at ptolemy.actor.util.CausalityInterfaceForComposites._computeOutputPortDepth(CausalityInterfaceForComposites.java:765)
	at ptolemy.actor.util.CausalityInterfaceForComposites._computeInputDepth(CausalityInterfaceForComposites.java:696)
	at ptolemy.actor.util.CausalityInterfaceForComposites._computeActorDepth(CausalityInterfaceForComposites.java:532)
	at ptolemy.actor.util.CausalityInterfaceForComposites.checkForCycles(CausalityInterfaceForComposites.java:96)
	at ptolemy.domains.de.kernel.DEDirector.preinitialize(DEDirector.java:1338)
	at ptolemy.actor.CompositeActor.preinitialize(CompositeActor.java:1828)
	at ptolemy.actor.Manager.preinitializeAndResolveTypes(Manager.java:1040)
	at ptolemy.actor.Manager.initialize(Manager.java:710)
	at ptolemy.actor.Manager.execute(Manager.java:356)
	at ptolemy.actor.Manager.run(Manager.java:1263)
	at ptolemy.actor.Manager$PtolemyRunThread.run(Manager.java:1915)

    while executing
ptolemy.kernel.util.IllegalActionException: Found a zero delay loop containing .dependencyLoop.original
  in .dependencyLoop and .dependencyLoop.original
    while executing
"java::new ptolemy.moml.MoMLSimpleApplication $file
"
    (procedure "createAndExecute" line 2)
    invoked from within
"createAndExecute $file"
    ("uplevel" body line 5)
    invoked from within
"uplevel $contents_of_test"
------------------ testing $PTII/ptolemy/domains/de/test/auto/knownFailedTests/DESDFClockTest.xml (Known Failure) 
2053 ms. Memory: 146944K Free: 121036K (82%)


==== $PTIIhome/travis/build/icyphy/ptII/ptolemy/domains/de/test/../../../../: Auto Automatic test in file $PTII/ptolemy/domains/de/test/auto/knownFailedTests/DESDFClockTest.xml
==== Contents of test case:

	    # FIXME: we should use $relativeFilename here, but it
	    # might have backslashes under Windows, which causes no end
	    # of trouble.
	    createAndExecute $file
	    list {}
	
.... Test generated KNOWN error:
    while executing
ptolemy.kernel.util.IllegalActionException: Actor is not ready to fire.  Perhaps UpSample.prefire() returned false? Try debugging the actor by selecting "Listen to Actor".  Also, for SDF check moml for tokenConsumptionRate on input.
  in .DESDFClockTest.Play Bell.Copy1:SDF Director and .DESDFClockTest.Play Bell.UpSample
	at ptolemy.actor.sched.StaticSchedulingDirector.fire(StaticSchedulingDirector.java:227)
	at ptolemy.domains.sdf.kernel.SDFDirector.fire(SDFDirector.java:500)
	at ptolemy.actor.CompositeActor.fire(CompositeActor.java:455)
	at ptolemy.domains.de.kernel.DEDirector._fire(DEDirector.java:1949)
	at ptolemy.domains.de.kernel.DEDirector.fire(DEDirector.java:502)
	at ptolemy.actor.CompositeActor.fire(CompositeActor.java:455)
	at ptolemy.actor.Manager.iterate(Manager.java:851)
	at ptolemy.actor.Manager.execute(Manager.java:369)
	at ptolemy.actor.Manager.run(Manager.java:1263)
	at ptolemy.actor.Manager$PtolemyRunThread.run(Manager.java:1915)

    while executing
ptolemy.kernel.util.IllegalActionException: Actor is not ready to fire.  Perhaps UpSample.prefire() returned false? Try debugging the actor by selecting "Listen to Actor".  Also, for SDF check moml for tokenConsumptionRate on input.
  in .DESDFClockTest.Play Bell.Copy1:SDF Director and .DESDFClockTest.Play Bell.UpSample
    while executing
"java::new ptolemy.moml.MoMLSimpleApplication $file
"
    (procedure "createAndExecute" line 2)
    invoked from within
"createAndExecute $file"
    ("uplevel" body line 5)
    invoked from within
"uplevel $contents_of_test"
------------------ testing $PTII/ptolemy/domains/de/test/auto/knownFailedTests/FSMSource.xml (Known Failure) 
30 ms. Memory: 146944K Free: 111608K (76%)
!!!! Auto was marked as failing, but now passes
------------------ testing $PTII/ptolemy/domains/de/test/auto/knownFailedTests/dependencyLoop2.xml (Known Failure) 
6 ms. Memory: 146944K Free: 109749K (75%)


==== $PTIIhome/travis/build/icyphy/ptII/ptolemy/domains/de/test/../../../../: Auto Automatic test in file $PTII/ptolemy/domains/de/test/auto/knownFailedTests/dependencyLoop2.xml
==== Contents of test case:

	    # FIXME: we should use $relativeFilename here, but it
	    # might have backslashes under Windows, which causes no end
	    # of trouble.
	    createAndExecute $file
	    list {}
	
.... Test generated KNOWN error:
    while executing
ptolemy.kernel.util.IllegalActionException: Found a zero delay loop containing .dependencyLoop2.original
  in .dependencyLoop2 and .dependencyLoop2.original
	at ptolemy.actor.util.CausalityInterfaceForComposites._computeOutputPortDepth(CausalityInterfaceForComposites.java:759)
	at ptolemy.actor.util.CausalityInterfaceForComposites._computeInputDepth(CausalityInterfaceForComposites.java:696)
	at ptolemy.actor.util.CausalityInterfaceForComposites._computeOutputPortDepth(CausalityInterfaceForComposites.java:765)
	at ptolemy.actor.util.CausalityInterfaceForComposites._computeInputDepth(CausalityInterfaceForComposites.java:696)
	at ptolemy.actor.util.CausalityInterfaceForComposites._computeOutputPortDepth(CausalityInterfaceForComposites.java:765)
	at ptolemy.actor.util.CausalityInterfaceForComposites._computeInputDepth(CausalityInterfaceForComposites.java:696)
	at ptolemy.actor.util.CausalityInterfaceForComposites._computeActorDepth(CausalityInterfaceForComposites.java:532)
	at ptolemy.actor.util.CausalityInterfaceForComposites.checkForCycles(CausalityInterfaceForComposites.java:96)
	at ptolemy.domains.de.kernel.DEDirector.preinitialize(DEDirector.java:1338)
	at ptolemy.actor.CompositeActor.preinitialize(CompositeActor.java:1828)
	at ptolemy.actor.Manager.preinitializeAndResolveTypes(Manager.java:1040)
	at ptolemy.actor.Manager.initialize(Manager.java:710)
	at ptolemy.actor.Manager.execute(Manager.java:356)
	at ptolemy.actor.Manager.run(Manager.java:1263)
	at ptolemy.actor.Manager$PtolemyRunThread.run(Manager.java:1915)

    while executing
ptolemy.kernel.util.IllegalActionException: Found a zero delay loop containing .dependencyLoop2.original
  in .dependencyLoop2 and .dependencyLoop2.original
    while executing
"java::new ptolemy.moml.MoMLSimpleApplication $file
"
    (procedure "createAndExecute" line 2)
    invoked from within
"createAndExecute $file"
    ("uplevel" body line 5)
    invoked from within
"uplevel $contents_of_test"
------------------ testing $PTII/ptolemy/domains/de/test/auto/knownFailedTests/HierarchicalModel.xml (Known Failure) 
5 ms. Memory: 146944K Free: 89452K (61%)


==== $PTIIhome/travis/build/icyphy/ptII/ptolemy/domains/de/test/../../../../: Auto Automatic test in file $PTII/ptolemy/domains/de/test/auto/knownFailedTests/HierarchicalModel.xml
==== Contents of test case:

	    # FIXME: we should use $relativeFilename here, but it
	    # might have backslashes under Windows, which causes no end
	    # of trouble.
	    createAndExecute $file
	    list {}
	
.... Test generated KNOWN error:
    while executing
ptolemy.kernel.util.IllegalActionException: Found a zero delay loop containing .HierarchicalModel.A
  in .HierarchicalModel and .HierarchicalModel.A
	at ptolemy.actor.util.CausalityInterfaceForComposites._computeOutputPortDepth(CausalityInterfaceForComposites.java:759)
	at ptolemy.actor.util.CausalityInterfaceForComposites._computeInputDepth(CausalityInterfaceForComposites.java:696)
	at ptolemy.actor.util.CausalityInterfaceForComposites._computeOutputPortDepth(CausalityInterfaceForComposites.java:765)
	at ptolemy.actor.util.CausalityInterfaceForComposites._computeInputDepth(CausalityInterfaceForComposites.java:696)
	at ptolemy.actor.util.CausalityInterfaceForComposites._computeOutputPortDepth(CausalityInterfaceForComposites.java:765)
	at ptolemy.actor.util.CausalityInterfaceForComposites._computeInputDepth(CausalityInterfaceForComposites.java:696)
	at ptolemy.actor.util.CausalityInterfaceForComposites._computeActorDepth(CausalityInterfaceForComposites.java:532)
	at ptolemy.actor.util.CausalityInterfaceForComposites.checkForCycles(CausalityInterfaceForComposites.java:96)
	at ptolemy.domains.de.kernel.DEDirector.preinitialize(DEDirector.java:1338)
	at ptolemy.actor.CompositeActor.preinitialize(CompositeActor.java:1828)
	at ptolemy.actor.Manager.preinitializeAndResolveTypes(Manager.java:1040)
	at ptolemy.actor.Manager.initialize(Manager.java:710)
	at ptolemy.actor.Manager.execute(Manager.java:356)
	at ptolemy.actor.Manager.run(Manager.java:1263)
	at ptolemy.actor.Manager$PtolemyRunThread.run(Manager.java:1915)

    while executing
ptolemy.kernel.util.IllegalActionException: Found a zero delay loop containing .HierarchicalModel.A
  in .HierarchicalModel and .HierarchicalModel.A
    while executing
"java::new ptolemy.moml.MoMLSimpleApplication $file
"
    (procedure "createAndExecute" line 2)
    invoked from within
"createAndExecute $file"
    ("uplevel" body line 5)
    invoked from within
"uplevel $contents_of_test"
------------------ testing $PTII/ptolemy/domains/de/test/auto/knownFailedTests/DirectFeedback.xml (Known Failure) 
7 ms. Memory: 146944K Free: 85319K (58%)


==== $PTIIhome/travis/build/icyphy/ptII/ptolemy/domains/de/test/../../../../: Auto Automatic test in file $PTII/ptolemy/domains/de/test/auto/knownFailedTests/DirectFeedback.xml
==== Contents of test case:

	    # FIXME: we should use $relativeFilename here, but it
	    # might have backslashes under Windows, which causes no end
	    # of trouble.
	    createAndExecute $file
	    list {}
	
.... Test generated KNOWN error:
    while executing
ptolemy.kernel.util.IllegalActionException: Test fails in iteration 1.
Value was: 1.0. Should have been: 2.0
  in .DirectFeedback.Test
	at ptolemy.actor.lib.Test.fire(Test.java:268)
	at ptolemy.domains.de.kernel.DEDirector._fire(DEDirector.java:1949)
	at ptolemy.domains.de.kernel.DEDirector.fire(DEDirector.java:502)
	at ptolemy.actor.CompositeActor.fire(CompositeActor.java:455)
	at ptolemy.actor.Manager.iterate(Manager.java:851)
	at ptolemy.actor.Manager.execute(Manager.java:369)
	at ptolemy.actor.Manager.run(Manager.java:1263)
	at ptolemy.actor.Manager$PtolemyRunThread.run(Manager.java:1915)

    while executing
ptolemy.kernel.util.IllegalActionException: Test fails in iteration 1.
Value was: 1.0. Should have been: 2.0
  in .DirectFeedback.Test
    while executing
"java::new ptolemy.moml.MoMLSimpleApplication $file
"
    (procedure "createAndExecute" line 2)
    invoked from within
"createAndExecute $file"
    ("uplevel" body line 5)
    invoked from within
"uplevel $contents_of_test"
------------------ testing $PTII/ptolemy/domains/de/test/auto/ActorDepthCalculation_actorWithoutPorts.xml
auto.tcl: Setting watchdog for 200 seconds at Mon Mar 18 04:35:00 UTC 2019
4 ms. Memory: 146944K Free: 137664K (94%)
ptolemy.util.test.WatchDog.cancel(): canceling Mon Mar 18 04:35:00 UTC 2019
auto.tcl: Setting watchdog for 200 seconds at Mon Mar 18 04:35:00 UTC 2019
5 ms. Memory: 146944K Free: 136643K (93%)
ptolemy.util.test.WatchDog.cancel(): canceling Mon Mar 18 04:35:00 UTC 2019
------------------ testing $PTII/ptolemy/domains/de/test/auto/AssemblyLine.xml
auto.tcl: Setting watchdog for 200 seconds at Mon Mar 18 04:35:00 UTC 2019
17 ms. Memory: 208384K Free: 183397K (88%)
ptolemy.util.test.WatchDog.cancel(): canceling Mon Mar 18 04:35:00 UTC 2019
auto.tcl: Setting watchdog for 200 seconds at Mon Mar 18 04:35:00 UTC 2019
7 ms. Memory: 208384K Free: 183397K (88%)
ptolemy.util.test.WatchDog.cancel(): canceling Mon Mar 18 04:35:00 UTC 2019
------------------ testing $PTII/ptolemy/domains/de/test/auto/CQBug1.xml
auto.tcl: Setting watchdog for 200 seconds at Mon Mar 18 04:35:00 UTC 2019
7 ms. Memory: 208384K Free: 197903K (95%)
ptolemy.util.test.WatchDog.cancel(): canceling Mon Mar 18 04:35:00 UTC 2019
auto.tcl: Setting watchdog for 200 seconds at Mon Mar 18 04:35:00 UTC 2019
2 ms. Memory: 208384K Free: 197903K (95%)
ptolemy.util.test.WatchDog.cancel(): canceling Mon Mar 18 04:35:00 UTC 2019
------------------ testing $PTII/ptolemy/domains/de/test/auto/CancelFireAt.xml
auto.tcl: Setting watchdog for 200 seconds at Mon Mar 18 04:35:00 UTC 2019
9 ms. Memory: 208384K Free: 201565K (97%)
ptolemy.util.test.WatchDog.cancel(): canceling Mon Mar 18 04:35:00 UTC 2019
auto.tcl: Setting watchdog for 200 seconds at Mon Mar 18 04:35:00 UTC 2019
3 ms. Memory: 208384K Free: 199508K (96%)
ptolemy.util.test.WatchDog.cancel(): canceling Mon Mar 18 04:35:00 UTC 2019
------------------ testing $PTII/ptolemy/domains/de/test/auto/CausalityAndComposabilityAnalysis.xml
auto.tcl: Setting watchdog for 200 seconds at Mon Mar 18 04:35:01 UTC 2019
9 ms. Memory: 208384K Free: 198586K (95%)
ptolemy.util.test.WatchDog.cancel(): canceling Mon Mar 18 04:35:01 UTC 2019
auto.tcl: Setting watchdog for 200 seconds at Mon Mar 18 04:35:01 UTC 2019
5 ms. Memory: 208384K Free: 196537K (94%)
ptolemy.util.test.WatchDog.cancel(): canceling Mon Mar 18 04:35:01 UTC 2019
------------------ testing $PTII/ptolemy/domains/de/test/auto/CausalityInterface1.xml
auto.tcl: Setting watchdog for 200 seconds at Mon Mar 18 04:35:01 UTC 2019
16 ms. Memory: 208384K Free: 196466K (94%)
ptolemy.util.test.WatchDog.cancel(): canceling Mon Mar 18 04:35:01 UTC 2019
auto.tcl: Setting watchdog for 200 seconds at Mon Mar 18 04:35:01 UTC 2019
3 ms. Memory: 208384K Free: 196466K (94%)
ptolemy.util.test.WatchDog.cancel(): canceling Mon Mar 18 04:35:01 UTC 2019
------------------ testing $PTII/ptolemy/domains/de/test/auto/CausalityInterface15.xml
auto.tcl: Setting watchdog for 200 seconds at Mon Mar 18 04:35:01 UTC 2019
9 ms. Memory: 208384K Free: 196449K (94%)
ptolemy.util.test.WatchDog.cancel(): canceling Mon Mar 18 04:35:01 UTC 2019
auto.tcl: Setting watchdog for 200 seconds at Mon Mar 18 04:35:01 UTC 2019
4 ms. Memory: 208384K Free: 196449K (94%)
ptolemy.util.test.WatchDog.cancel(): canceling Mon Mar 18 04:35:01 UTC 2019
------------------ testing $PTII/ptolemy/domains/de/test/auto/CausalityInterface2.xml
auto.tcl: Setting watchdog for 200 seconds at Mon Mar 18 04:35:01 UTC 2019
5 ms. Memory: 208384K Free: 196440K (94%)
ptolemy.util.test.WatchDog.cancel(): canceling Mon Mar 18 04:35:01 UTC 2019
auto.tcl: Setting watchdog for 200 seconds at Mon Mar 18 04:35:01 UTC 2019
3 ms. Memory: 208384K Free: 196440K (94%)
ptolemy.util.test.WatchDog.cancel(): canceling Mon Mar 18 04:35:01 UTC 2019
------------------ testing $PTII/ptolemy/domains/de/test/auto/CausalityInterface3.xml
auto.tcl: Setting watchdog for 200 seconds at Mon Mar 18 04:35:01 UTC 2019
6 ms. Memory: 208384K Free: 196468K (94%)
ptolemy.util.test.WatchDog.cancel(): canceling Mon Mar 18 04:35:01 UTC 2019
auto.tcl: Setting watchdog for 200 seconds at Mon Mar 18 04:35:01 UTC 2019
6 ms. Memory: 208384K Free: 196468K (94%)
ptolemy.util.test.WatchDog.cancel(): canceling Mon Mar 18 04:35:01 UTC 2019
------------------ testing $PTII/ptolemy/domains/de/test/auto/ClockDrift.xml
auto.tcl: Setting watchdog for 200 seconds at Mon Mar 18 04:35:01 UTC 2019
91 ms. Memory: 208384K Free: 187860K (90%)
ptolemy.util.test.WatchDog.cancel(): canceling Mon Mar 18 04:35:01 UTC 2019
auto.tcl: Setting watchdog for 200 seconds at Mon Mar 18 04:35:01 UTC 2019
60 ms. Memory: 208384K Free: 185802K (89%)
ptolemy.util.test.WatchDog.cancel(): canceling Mon Mar 18 04:35:01 UTC 2019
------------------ testing $PTII/ptolemy/domains/de/test/auto/ClockDriftAndValueChange.xml
auto.tcl: Setting watchdog for 200 seconds at Mon Mar 18 04:35:01 UTC 2019
31 ms. Memory: 208384K Free: 189720K (91%)
ptolemy.util.test.WatchDog.cancel(): canceling Mon Mar 18 04:35:01 UTC 2019
auto.tcl: Setting watchdog for 200 seconds at Mon Mar 18 04:35:01 UTC 2019
38 ms. Memory: 208384K Free: 185637K (89%)
ptolemy.util.test.WatchDog.cancel(): canceling Mon Mar 18 04:35:01 UTC 2019
------------------ testing $PTII/ptolemy/domains/de/test/auto/ClockDriftChange.xml
auto.tcl: Setting watchdog for 200 seconds at Mon Mar 18 04:35:02 UTC 2019
29 ms. Memory: 208384K Free: 190958K (92%)
ptolemy.util.test.WatchDog.cancel(): canceling Mon Mar 18 04:35:02 UTC 2019
auto.tcl: Setting watchdog for 200 seconds at Mon Mar 18 04:35:02 UTC 2019
28 ms. Memory: 208384K Free: 188916K (91%)
ptolemy.util.test.WatchDog.cancel(): canceling Mon Mar 18 04:35:02 UTC 2019
------------------ testing $PTII/ptolemy/domains/de/test/auto/ComposableCausalityAnalysis.xml
auto.tcl: Setting watchdog for 200 seconds at Mon Mar 18 04:35:02 UTC 2019
2 ms. Memory: 208384K Free: 196851K (94%)
ptolemy.util.test.WatchDog.cancel(): canceling Mon Mar 18 04:35:02 UTC 2019
auto.tcl: Setting watchdog for 200 seconds at Mon Mar 18 04:35:02 UTC 2019
1 ms. Memory: 208384K Free: 194793K (93%)
ptolemy.util.test.WatchDog.cancel(): canceling Mon Mar 18 04:35:02 UTC 2019
------------------ testing $PTII/ptolemy/domains/de/test/auto/DEFixedPointLimitation.xml
auto.tcl: Setting watchdog for 200 seconds at Mon Mar 18 04:35:02 UTC 2019
8 ms. Memory: 208384K Free: 198446K (95%)
ptolemy.util.test.WatchDog.cancel(): canceling Mon Mar 18 04:35:02 UTC 2019
auto.tcl: Setting watchdog for 200 seconds at Mon Mar 18 04:35:02 UTC 2019
1 ms. Memory: 208384K Free: 196403K (94%)
ptolemy.util.test.WatchDog.cancel(): canceling Mon Mar 18 04:35:02 UTC 2019
------------------ testing $PTII/ptolemy/domains/de/test/auto/DEScheduleTest.xml
auto.tcl: Setting watchdog for 200 seconds at Mon Mar 18 04:35:02 UTC 2019
9 ms. Memory: 208384K Free: 198481K (95%)
ptolemy.util.test.WatchDog.cancel(): canceling Mon Mar 18 04:35:02 UTC 2019
auto.tcl: Setting watchdog for 200 seconds at Mon Mar 18 04:35:02 UTC 2019
3 ms. Memory: 208384K Free: 196424K (94%)
ptolemy.util.test.WatchDog.cancel(): canceling Mon Mar 18 04:35:02 UTC 2019
------------------ testing $PTII/ptolemy/domains/de/test/auto/DEinDEwithStartTimes.xml
auto.tcl: Setting watchdog for 200 seconds at Mon Mar 18 04:35:02 UTC 2019
4 ms. Memory: 208384K Free: 196426K (94%)
ptolemy.util.test.WatchDog.cancel(): canceling Mon Mar 18 04:35:02 UTC 2019
auto.tcl: Setting watchdog for 200 seconds at Mon Mar 18 04:35:02 UTC 2019
4 ms. Memory: 208384K Free: 196426K (94%)
ptolemy.util.test.WatchDog.cancel(): canceling Mon Mar 18 04:35:02 UTC 2019
------------------ testing $PTII/ptolemy/domains/de/test/auto/DEinDEwithStartTimes2.xml
auto.tcl: Setting watchdog for 200 seconds at Mon Mar 18 04:35:02 UTC 2019
7 ms. Memory: 208384K Free: 196390K (94%)
ptolemy.util.test.WatchDog.cancel(): canceling Mon Mar 18 04:35:02 UTC 2019
auto.tcl: Setting watchdog for 200 seconds at Mon Mar 18 04:35:02 UTC 2019
8 ms. Memory: 208384K Free: 194349K (93%)
ptolemy.util.test.WatchDog.cancel(): canceling Mon Mar 18 04:35:02 UTC 2019
------------------ testing $PTII/ptolemy/domains/de/test/auto/DateDemo.xml
auto.tcl: Setting watchdog for 200 seconds at Mon Mar 18 04:35:02 UTC 2019
17 ms. Memory: 208384K Free: 188979K (91%)
ptolemy.util.test.WatchDog.cancel(): canceling Mon Mar 18 04:35:02 UTC 2019
auto.tcl: Setting watchdog for 200 seconds at Mon Mar 18 04:35:02 UTC 2019
6 ms. Memory: 208384K Free: 186922K (90%)
ptolemy.util.test.WatchDog.cancel(): canceling Mon Mar 18 04:35:02 UTC 2019
------------------ testing $PTII/ptolemy/domains/de/test/auto/DateToEvent.xml
auto.tcl: Setting watchdog for 200 seconds at Mon Mar 18 04:35:02 UTC 2019
2019 ms. Memory: 208384K Free: 183814K (88%)
ptolemy.util.test.WatchDog.cancel(): canceling Mon Mar 18 04:35:04 UTC 2019
auto.tcl: Setting watchdog for 200 seconds at Mon Mar 18 04:35:04 UTC 2019
2005 ms. Memory: 208384K Free: 183814K (88%)
ptolemy.util.test.WatchDog.cancel(): canceling Mon Mar 18 04:35:06 UTC 2019
------------------ testing $PTII/ptolemy/domains/de/test/auto/DepthTest1.xml
auto.tcl: Setting watchdog for 200 seconds at Mon Mar 18 04:35:06 UTC 2019
2 ms. Memory: 208384K Free: 195551K (94%)
ptolemy.util.test.WatchDog.cancel(): canceling Mon Mar 18 04:35:06 UTC 2019
auto.tcl: Setting watchdog for 200 seconds at Mon Mar 18 04:35:06 UTC 2019
4 ms. Memory: 208384K Free: 195551K (94%)
ptolemy.util.test.WatchDog.cancel(): canceling Mon Mar 18 04:35:06 UTC 2019
------------------ testing $PTII/ptolemy/domains/de/test/auto/DepthTest2.xml
auto.tcl: Setting watchdog for 200 seconds at Mon Mar 18 04:35:06 UTC 2019
6 ms. Memory: 208384K Free: 194344K (93%)
ptolemy.util.test.WatchDog.cancel(): canceling Mon Mar 18 04:35:07 UTC 2019
auto.tcl: Setting watchdog for 200 seconds at Mon Mar 18 04:35:07 UTC 2019
5 ms. Memory: 208384K Free: 194344K (93%)
ptolemy.util.test.WatchDog.cancel(): canceling Mon Mar 18 04:35:07 UTC 2019
------------------ testing $PTII/ptolemy/domains/de/test/auto/DepthTest3.xml
auto.tcl: Setting watchdog for 200 seconds at Mon Mar 18 04:35:07 UTC 2019
6 ms. Memory: 208384K Free: 198360K (95%)
ptolemy.util.test.WatchDog.cancel(): canceling Mon Mar 18 04:35:07 UTC 2019
auto.tcl: Setting watchdog for 200 seconds at Mon Mar 18 04:35:07 UTC 2019
2 ms. Memory: 208384K Free: 198360K (95%)
ptolemy.util.test.WatchDog.cancel(): canceling Mon Mar 18 04:35:07 UTC 2019
------------------ testing $PTII/ptolemy/domains/de/test/auto/DepthTest4.xml
auto.tcl: Setting watchdog for 200 seconds at Mon Mar 18 04:35:07 UTC 2019
5 ms. Memory: 208384K Free: 196374K (94%)
ptolemy.util.test.WatchDog.cancel(): canceling Mon Mar 18 04:35:07 UTC 2019
auto.tcl: Setting watchdog for 200 seconds at Mon Mar 18 04:35:07 UTC 2019
2 ms. Memory: 208384K Free: 196374K (94%)
ptolemy.util.test.WatchDog.cancel(): canceling Mon Mar 18 04:35:07 UTC 2019
------------------ testing $PTII/ptolemy/domains/de/test/auto/DepthTest5.xml
auto.tcl: Setting watchdog for 200 seconds at Mon Mar 18 04:35:07 UTC 2019
4 ms. Memory: 208384K Free: 196345K (94%)
ptolemy.util.test.WatchDog.cancel(): canceling Mon Mar 18 04:35:07 UTC 2019
auto.tcl: Setting watchdog for 200 seconds at Mon Mar 18 04:35:07 UTC 2019
2 ms. Memory: 208384K Free: 196345K (94%)
ptolemy.util.test.WatchDog.cancel(): canceling Mon Mar 18 04:35:07 UTC 2019
------------------ testing $PTII/ptolemy/domains/de/test/auto/DepthTest6.xml
auto.tcl: Setting watchdog for 200 seconds at Mon Mar 18 04:35:07 UTC 2019
7 ms. Memory: 208384K Free: 196329K (94%)
ptolemy.util.test.WatchDog.cancel(): canceling Mon Mar 18 04:35:07 UTC 2019
auto.tcl: Setting watchdog for 200 seconds at Mon Mar 18 04:35:07 UTC 2019
2 ms. Memory: 208384K Free: 196329K (94%)
ptolemy.util.test.WatchDog.cancel(): canceling Mon Mar 18 04:35:07 UTC 2019
------------------ testing $PTII/ptolemy/domains/de/test/auto/DepthTest7.xml
auto.tcl: Setting watchdog for 200 seconds at Mon Mar 18 04:35:07 UTC 2019
2 ms. Memory: 208384K Free: 196278K (94%)
ptolemy.util.test.WatchDog.cancel(): canceling Mon Mar 18 04:35:07 UTC 2019
auto.tcl: Setting watchdog for 200 seconds at Mon Mar 18 04:35:07 UTC 2019
2 ms. Memory: 208384K Free: 196278K (94%)
ptolemy.util.test.WatchDog.cancel(): canceling Mon Mar 18 04:35:07 UTC 2019
------------------ testing $PTII/ptolemy/domains/de/test/auto/EventToDate.xml
auto.tcl: Setting watchdog for 200 seconds at Mon Mar 18 04:35:07 UTC 2019
3009 ms. Memory: 208384K Free: 188111K (90%)
ptolemy.util.test.WatchDog.cancel(): canceling Mon Mar 18 04:35:10 UTC 2019
auto.tcl: Setting watchdog for 200 seconds at Mon Mar 18 04:35:10 UTC 2019
3004 ms. Memory: 208384K Free: 186070K (89%)
ptolemy.util.test.WatchDog.cancel(): canceling Mon Mar 18 04:35:13 UTC 2019
------------------ testing $PTII/ptolemy/domains/de/test/auto/FSM1.xml
auto.tcl: Setting watchdog for 200 seconds at Mon Mar 18 04:35:13 UTC 2019
31 ms. Memory: 208384K Free: 189432K (91%)
ptolemy.util.test.WatchDog.cancel(): canceling Mon Mar 18 04:35:13 UTC 2019
auto.tcl: Setting watchdog for 200 seconds at Mon Mar 18 04:35:13 UTC 2019
36 ms. Memory: 208384K Free: 185318K (89%)
ptolemy.util.test.WatchDog.cancel(): canceling Mon Mar 18 04:35:13 UTC 2019
------------------ testing $PTII/ptolemy/domains/de/test/auto/FSM7.xml
auto.tcl: Setting watchdog for 200 seconds at Mon Mar 18 04:35:13 UTC 2019
15 ms. Memory: 208384K Free: 189666K (91%)
ptolemy.util.test.WatchDog.cancel(): canceling Mon Mar 18 04:35:13 UTC 2019
auto.tcl: Setting watchdog for 200 seconds at Mon Mar 18 04:35:13 UTC 2019
13 ms. Memory: 208384K Free: 185583K (89%)
ptolemy.util.test.WatchDog.cancel(): canceling Mon Mar 18 04:35:13 UTC 2019
------------------ testing $PTII/ptolemy/domains/de/test/auto/Inspection.xml
auto.tcl: Setting watchdog for 200 seconds at Mon Mar 18 04:35:13 UTC 2019
39 ms. Memory: 208384K Free: 188822K (91%)
ptolemy.util.test.WatchDog.cancel(): canceling Mon Mar 18 04:35:13 UTC 2019
auto.tcl: Setting watchdog for 200 seconds at Mon Mar 18 04:35:13 UTC 2019
24 ms. Memory: 208384K Free: 186781K (90%)
ptolemy.util.test.WatchDog.cancel(): canceling Mon Mar 18 04:35:13 UTC 2019
------------------ testing $PTII/ptolemy/domains/de/test/auto/Iteration.xml
auto.tcl: Setting watchdog for 200 seconds at Mon Mar 18 04:35:14 UTC 2019
8 ms. Memory: 208384K Free: 196627K (94%)
ptolemy.util.test.WatchDog.cancel(): canceling Mon Mar 18 04:35:14 UTC 2019
auto.tcl: Setting watchdog for 200 seconds at Mon Mar 18 04:35:14 UTC 2019
7 ms. Memory: 208384K Free: 194578K (93%)
ptolemy.util.test.WatchDog.cancel(): canceling Mon Mar 18 04:35:14 UTC 2019
------------------ testing $PTII/ptolemy/domains/de/test/auto/LineFault.xml
auto.tcl: Setting watchdog for 200 seconds at Mon Mar 18 04:35:14 UTC 2019
740 ms. Memory: 208384K Free: 199523K (96%)
ptolemy.util.test.WatchDog.cancel(): canceling Mon Mar 18 04:35:15 UTC 2019
auto.tcl: Setting watchdog for 200 seconds at Mon Mar 18 04:35:15 UTC 2019
639 ms. Memory: 208384K Free: 142021K (68%)
ptolemy.util.test.WatchDog.cancel(): canceling Mon Mar 18 04:35:15 UTC 2019
------------------ testing $PTII/ptolemy/domains/de/test/auto/MergeModel1Add.xml
auto.tcl: Setting watchdog for 200 seconds at Mon Mar 18 04:35:15 UTC 2019
31 ms. Memory: 331264K Free: 300441K (91%)
ptolemy.util.test.WatchDog.cancel(): canceling Mon Mar 18 04:35:16 UTC 2019
auto.tcl: Setting watchdog for 200 seconds at Mon Mar 18 04:35:16 UTC 2019
11 ms. Memory: 331264K Free: 300441K (91%)
ptolemy.util.test.WatchDog.cancel(): canceling Mon Mar 18 04:35:16 UTC 2019
------------------ testing $PTII/ptolemy/domains/de/test/auto/MergeModel2Add.xml
auto.tcl: Setting watchdog for 200 seconds at Mon Mar 18 04:35:16 UTC 2019
9 ms. Memory: 331264K Free: 305372K (92%)
ptolemy.util.test.WatchDog.cancel(): canceling Mon Mar 18 04:35:16 UTC 2019
auto.tcl: Setting watchdog for 200 seconds at Mon Mar 18 04:35:16 UTC 2019
13 ms. Memory: 331264K Free: 301786K (91%)
ptolemy.util.test.WatchDog.cancel(): canceling Mon Mar 18 04:35:16 UTC 2019
------------------ testing $PTII/ptolemy/domains/de/test/auto/MergeModel3Add.xml
auto.tcl: Setting watchdog for 200 seconds at Mon Mar 18 04:35:16 UTC 2019
10 ms. Memory: 331264K Free: 304980K (92%)
ptolemy.util.test.WatchDog.cancel(): canceling Mon Mar 18 04:35:16 UTC 2019
auto.tcl: Setting watchdog for 200 seconds at Mon Mar 18 04:35:16 UTC 2019
9 ms. Memory: 331264K Free: 301410K (91%)
ptolemy.util.test.WatchDog.cancel(): canceling Mon Mar 18 04:35:16 UTC 2019
------------------ testing $PTII/ptolemy/domains/de/test/auto/MergeWithoutDiscard.xml
auto.tcl: Setting watchdog for 200 seconds at Mon Mar 18 04:35:16 UTC 2019
2 ms. Memory: 331264K Free: 316377K (96%)
ptolemy.util.test.WatchDog.cancel(): canceling Mon Mar 18 04:35:16 UTC 2019
auto.tcl: Setting watchdog for 200 seconds at Mon Mar 18 04:35:16 UTC 2019
2 ms. Memory: 331264K Free: 316377K (96%)
ptolemy.util.test.WatchDog.cancel(): canceling Mon Mar 18 04:35:16 UTC 2019
------------------ testing $PTII/ptolemy/domains/de/test/auto/Modal1.xml
auto.tcl: Setting watchdog for 200 seconds at Mon Mar 18 04:35:16 UTC 2019
12 ms. Memory: 331264K Free: 309957K (94%)
ptolemy.util.test.WatchDog.cancel(): canceling Mon Mar 18 04:35:16 UTC 2019
auto.tcl: Setting watchdog for 200 seconds at Mon Mar 18 04:35:16 UTC 2019
13 ms. Memory: 331264K Free: 306379K (92%)
ptolemy.util.test.WatchDog.cancel(): canceling Mon Mar 18 04:35:16 UTC 2019
------------------ testing $PTII/ptolemy/domains/de/test/auto/Modal2.xml
auto.tcl: Setting watchdog for 200 seconds at Mon Mar 18 04:35:16 UTC 2019
16 ms. Memory: 331264K Free: 309862K (94%)
ptolemy.util.test.WatchDog.cancel(): canceling Mon Mar 18 04:35:16 UTC 2019
auto.tcl: Setting watchdog for 200 seconds at Mon Mar 18 04:35:16 UTC 2019
18 ms. Memory: 331264K Free: 306276K (92%)
ptolemy.util.test.WatchDog.cancel(): canceling Mon Mar 18 04:35:16 UTC 2019
------------------ testing $PTII/ptolemy/domains/de/test/auto/Modal3.xml
auto.tcl: Setting watchdog for 200 seconds at Mon Mar 18 04:35:16 UTC 2019
15 ms. Memory: 331264K Free: 309827K (94%)
ptolemy.util.test.WatchDog.cancel(): canceling Mon Mar 18 04:35:16 UTC 2019
auto.tcl: Setting watchdog for 200 seconds at Mon Mar 18 04:35:16 UTC 2019
14 ms. Memory: 331264K Free: 306257K (92%)
ptolemy.util.test.WatchDog.cancel(): canceling Mon Mar 18 04:35:16 UTC 2019
------------------ testing $PTII/ptolemy/domains/de/test/auto/Modal4.xml
auto.tcl: Setting watchdog for 200 seconds at Mon Mar 18 04:35:16 UTC 2019
13 ms. Memory: 331264K Free: 309840K (94%)
ptolemy.util.test.WatchDog.cancel(): canceling Mon Mar 18 04:35:16 UTC 2019
auto.tcl: Setting watchdog for 200 seconds at Mon Mar 18 04:35:16 UTC 2019
22 ms. Memory: 331264K Free: 306271K (92%)
ptolemy.util.test.WatchDog.cancel(): canceling Mon Mar 18 04:35:16 UTC 2019
------------------ testing $PTII/ptolemy/domains/de/test/auto/Modal5.xml
auto.tcl: Setting watchdog for 200 seconds at Mon Mar 18 04:35:16 UTC 2019
24 ms. Memory: 331264K Free: 309837K (94%)
ptolemy.util.test.WatchDog.cancel(): canceling Mon Mar 18 04:35:16 UTC 2019
auto.tcl: Setting watchdog for 200 seconds at Mon Mar 18 04:35:16 UTC 2019
14 ms. Memory: 331264K Free: 306251K (92%)
ptolemy.util.test.WatchDog.cancel(): canceling Mon Mar 18 04:35:16 UTC 2019
------------------ testing $PTII/ptolemy/domains/de/test/auto/Modal6.xml
auto.tcl: Setting watchdog for 200 seconds at Mon Mar 18 04:35:17 UTC 2019
12 ms. Memory: 331264K Free: 309826K (94%)
ptolemy.util.test.WatchDog.cancel(): canceling Mon Mar 18 04:35:17 UTC 2019
auto.tcl: Setting watchdog for 200 seconds at Mon Mar 18 04:35:17 UTC 2019
14 ms. Memory: 331264K Free: 306248K (92%)
ptolemy.util.test.WatchDog.cancel(): canceling Mon Mar 18 04:35:17 UTC 2019
------------------ testing $PTII/ptolemy/domains/de/test/auto/Modal7.xml
auto.tcl: Setting watchdog for 200 seconds at Mon Mar 18 04:35:17 UTC 2019
12 ms. Memory: 331264K Free: 306265K (92%)
ptolemy.util.test.WatchDog.cancel(): canceling Mon Mar 18 04:35:17 UTC 2019
auto.tcl: Setting watchdog for 200 seconds at Mon Mar 18 04:35:17 UTC 2019
12 ms. Memory: 331264K Free: 302679K (91%)
ptolemy.util.test.WatchDog.cancel(): canceling Mon Mar 18 04:35:17 UTC 2019
------------------ testing $PTII/ptolemy/domains/de/test/auto/ModalModel.xml
auto.tcl: Setting watchdog for 200 seconds at Mon Mar 18 04:35:17 UTC 2019
215 ms. Memory: 331264K Free: 242272K (73%)
ptolemy.util.test.WatchDog.cancel(): canceling Mon Mar 18 04:35:17 UTC 2019
auto.tcl: Setting watchdog for 200 seconds at Mon Mar 18 04:35:17 UTC 2019
193 ms. Memory: 331264K Free: 184979K (56%)
ptolemy.util.test.WatchDog.cancel(): canceling Mon Mar 18 04:35:17 UTC 2019
------------------ testing $PTII/ptolemy/domains/de/test/auto/ModalSource.xml
auto.tcl: Setting watchdog for 200 seconds at Mon Mar 18 04:35:17 UTC 2019
7 ms. Memory: 331264K Free: 316632K (96%)
ptolemy.util.test.WatchDog.cancel(): canceling Mon Mar 18 04:35:17 UTC 2019
auto.tcl: Setting watchdog for 200 seconds at Mon Mar 18 04:35:17 UTC 2019
6 ms. Memory: 331264K Free: 313381K (95%)
ptolemy.util.test.WatchDog.cancel(): canceling Mon Mar 18 04:35:17 UTC 2019
------------------ testing $PTII/ptolemy/domains/de/test/auto/NonInterruptibleTimerZeroDelay.xml
auto.tcl: Setting watchdog for 200 seconds at Mon Mar 18 04:35:17 UTC 2019
3 ms. Memory: 331264K Free: 320535K (97%)
ptolemy.util.test.WatchDog.cancel(): canceling Mon Mar 18 04:35:17 UTC 2019
auto.tcl: Setting watchdog for 200 seconds at Mon Mar 18 04:35:17 UTC 2019
2 ms. Memory: 331264K Free: 317284K (96%)
ptolemy.util.test.WatchDog.cancel(): canceling Mon Mar 18 04:35:17 UTC 2019
------------------ testing $PTII/ptolemy/domains/de/test/auto/OpenQueueingNetwork.xml
auto.tcl: Setting watchdog for 200 seconds at Mon Mar 18 04:35:17 UTC 2019
3381 ms. Memory: 317952K Free: 111942K (35%)
ptolemy.util.test.WatchDog.cancel(): canceling Mon Mar 18 04:35:21 UTC 2019
auto.tcl: Setting watchdog for 200 seconds at Mon Mar 18 04:35:21 UTC 2019
2934 ms. Memory: 287232K Free: 153486K (53%)
ptolemy.util.test.WatchDog.cancel(): canceling Mon Mar 18 04:35:24 UTC 2019
------------------ testing $PTII/ptolemy/domains/de/test/auto/OpenQueuingNetwork.xml
auto.tcl: Setting watchdog for 200 seconds at Mon Mar 18 04:35:24 UTC 2019
280 ms. Memory: 287232K Free: 184017K (64%)
ptolemy.util.test.WatchDog.cancel(): canceling Mon Mar 18 04:35:24 UTC 2019
auto.tcl: Setting watchdog for 200 seconds at Mon Mar 18 04:35:24 UTC 2019
286 ms. Memory: 287232K Free: 119966K (42%)
ptolemy.util.test.WatchDog.cancel(): canceling Mon Mar 18 04:35:25 UTC 2019
------------------ testing $PTII/ptolemy/domains/de/test/auto/PeriodicSampler.xml
auto.tcl: Setting watchdog for 200 seconds at Mon Mar 18 04:35:25 UTC 2019
4 ms. Memory: 289792K Free: 276872K (96%)
ptolemy.util.test.WatchDog.cancel(): canceling Mon Mar 18 04:35:25 UTC 2019
auto.tcl: Setting watchdog for 200 seconds at Mon Mar 18 04:35:25 UTC 2019
2 ms. Memory: 289792K Free: 273848K (94%)
ptolemy.util.test.WatchDog.cancel(): canceling Mon Mar 18 04:35:25 UTC 2019
------------------ testing $PTII/ptolemy/domains/de/test/auto/PersistentIO.xml
auto.tcl: Setting watchdog for 200 seconds at Mon Mar 18 04:35:25 UTC 2019
10 ms. Memory: 287232K Free: 271093K (94%)
ptolemy.util.test.WatchDog.cancel(): canceling Mon Mar 18 04:35:25 UTC 2019
auto.tcl: Setting watchdog for 200 seconds at Mon Mar 18 04:35:25 UTC 2019
4 ms. Memory: 287232K Free: 268070K (93%)
ptolemy.util.test.WatchDog.cancel(): canceling Mon Mar 18 04:35:25 UTC 2019
------------------ testing $PTII/ptolemy/domains/de/test/auto/PortParameterResetOnInitialize.xml
auto.tcl: Setting watchdog for 200 seconds at Mon Mar 18 04:35:25 UTC 2019
2 ms. Memory: 289280K Free: 273969K (95%)
ptolemy.util.test.WatchDog.cancel(): canceling Mon Mar 18 04:35:25 UTC 2019
auto.tcl: Setting watchdog for 200 seconds at Mon Mar 18 04:35:25 UTC 2019
1 ms. Memory: 289280K Free: 273969K (95%)
ptolemy.util.test.WatchDog.cancel(): canceling Mon Mar 18 04:35:25 UTC 2019
------------------ testing $PTII/ptolemy/domains/de/test/auto/PortParameterUpdates.xml
auto.tcl: Setting watchdog for 200 seconds at Mon Mar 18 04:35:25 UTC 2019
4 ms. Memory: 287232K Free: 274112K (95%)
ptolemy.util.test.WatchDog.cancel(): canceling Mon Mar 18 04:35:25 UTC 2019
auto.tcl: Setting watchdog for 200 seconds at Mon Mar 18 04:35:25 UTC 2019
4 ms. Memory: 287232K Free: 270933K (94%)
ptolemy.util.test.WatchDog.cancel(): canceling Mon Mar 18 04:35:25 UTC 2019
------------------ testing $PTII/ptolemy/domains/de/test/auto/QueueAndServer.xml
auto.tcl: Setting watchdog for 200 seconds at Mon Mar 18 04:35:25 UTC 2019
11 ms. Memory: 289280K Free: 272929K (94%)
ptolemy.util.test.WatchDog.cancel(): canceling Mon Mar 18 04:35:25 UTC 2019
auto.tcl: Setting watchdog for 200 seconds at Mon Mar 18 04:35:25 UTC 2019
7 ms. Memory: 289280K Free: 272929K (94%)
ptolemy.util.test.WatchDog.cancel(): canceling Mon Mar 18 04:35:25 UTC 2019
------------------ testing $PTII/ptolemy/domains/de/test/auto/Records.xml
auto.tcl: Setting watchdog for 200 seconds at Mon Mar 18 04:35:25 UTC 2019
8 ms. Memory: 287232K Free: 273847K (95%)
ptolemy.util.test.WatchDog.cancel(): canceling Mon Mar 18 04:35:25 UTC 2019
auto.tcl: Setting watchdog for 200 seconds at Mon Mar 18 04:35:25 UTC 2019
2 ms. Memory: 287232K Free: 273847K (95%)
ptolemy.util.test.WatchDog.cancel(): canceling Mon Mar 18 04:35:25 UTC 2019
------------------ testing $PTII/ptolemy/domains/de/test/auto/ResetTransitionWithStartTime1.xml
auto.tcl: Setting watchdog for 200 seconds at Mon Mar 18 04:35:25 UTC 2019
7 ms. Memory: 288768K Free: 272408K (94%)
ptolemy.util.test.WatchDog.cancel(): canceling Mon Mar 18 04:35:25 UTC 2019
auto.tcl: Setting watchdog for 200 seconds at Mon Mar 18 04:35:25 UTC 2019
7 ms. Memory: 288768K Free: 272408K (94%)
ptolemy.util.test.WatchDog.cancel(): canceling Mon Mar 18 04:35:25 UTC 2019
------------------ testing $PTII/ptolemy/domains/de/test/auto/ResetTransitionWithStartTime2.xml
auto.tcl: Setting watchdog for 200 seconds at Mon Mar 18 04:35:25 UTC 2019
6 ms. Memory: 287232K Free: 271027K (94%)
ptolemy.util.test.WatchDog.cancel(): canceling Mon Mar 18 04:35:25 UTC 2019
auto.tcl: Setting watchdog for 200 seconds at Mon Mar 18 04:35:25 UTC 2019
6 ms. Memory: 287232K Free: 271027K (94%)
ptolemy.util.test.WatchDog.cancel(): canceling Mon Mar 18 04:35:25 UTC 2019
------------------ testing $PTII/ptolemy/domains/de/test/auto/ResetTransitionWithStartTime3.xml
auto.tcl: Setting watchdog for 200 seconds at Mon Mar 18 04:35:25 UTC 2019
9 ms. Memory: 288768K Free: 272406K (94%)
ptolemy.util.test.WatchDog.cancel(): canceling Mon Mar 18 04:35:25 UTC 2019
auto.tcl: Setting watchdog for 200 seconds at Mon Mar 18 04:35:25 UTC 2019
9 ms. Memory: 288768K Free: 272406K (94%)
ptolemy.util.test.WatchDog.cancel(): canceling Mon Mar 18 04:35:25 UTC 2019
------------------ testing $PTII/ptolemy/domains/de/test/auto/ResetTransitionWithStartTime4.xml
auto.tcl: Setting watchdog for 200 seconds at Mon Mar 18 04:35:25 UTC 2019
4 ms. Memory: 287232K Free: 270837K (94%)
ptolemy.util.test.WatchDog.cancel(): canceling Mon Mar 18 04:35:25 UTC 2019
auto.tcl: Setting watchdog for 200 seconds at Mon Mar 18 04:35:25 UTC 2019
4 ms. Memory: 287232K Free: 270837K (94%)
ptolemy.util.test.WatchDog.cancel(): canceling Mon Mar 18 04:35:25 UTC 2019
------------------ testing $PTII/ptolemy/domains/de/test/auto/ResettableTimer1.xml
auto.tcl: Setting watchdog for 200 seconds at Mon Mar 18 04:35:25 UTC 2019
3 ms. Memory: 288768K Free: 275391K (95%)
ptolemy.util.test.WatchDog.cancel(): canceling Mon Mar 18 04:35:26 UTC 2019
auto.tcl: Setting watchdog for 200 seconds at Mon Mar 18 04:35:26 UTC 2019
2 ms. Memory: 288768K Free: 275391K (95%)
ptolemy.util.test.WatchDog.cancel(): canceling Mon Mar 18 04:35:26 UTC 2019
------------------ testing $PTII/ptolemy/domains/de/test/auto/ResettableTimer2.xml
auto.tcl: Setting watchdog for 200 seconds at Mon Mar 18 04:35:26 UTC 2019
2 ms. Memory: 287232K Free: 274085K (95%)
ptolemy.util.test.WatchDog.cancel(): canceling Mon Mar 18 04:35:26 UTC 2019
auto.tcl: Setting watchdog for 200 seconds at Mon Mar 18 04:35:26 UTC 2019
2 ms. Memory: 287232K Free: 274085K (95%)
ptolemy.util.test.WatchDog.cancel(): canceling Mon Mar 18 04:35:26 UTC 2019
------------------ testing $PTII/ptolemy/domains/de/test/auto/ResettableTimer3.xml
auto.tcl: Setting watchdog for 200 seconds at Mon Mar 18 04:35:26 UTC 2019
1 ms. Memory: 288256K Free: 274953K (95%)
ptolemy.util.test.WatchDog.cancel(): canceling Mon Mar 18 04:35:26 UTC 2019
auto.tcl: Setting watchdog for 200 seconds at Mon Mar 18 04:35:26 UTC 2019
1 ms. Memory: 288256K Free: 274953K (95%)
ptolemy.util.test.WatchDog.cancel(): canceling Mon Mar 18 04:35:26 UTC 2019
------------------ testing $PTII/ptolemy/domains/de/test/auto/ResettableTimer4.xml
auto.tcl: Setting watchdog for 200 seconds at Mon Mar 18 04:35:26 UTC 2019
1 ms. Memory: 287232K Free: 274081K (95%)
ptolemy.util.test.WatchDog.cancel(): canceling Mon Mar 18 04:35:26 UTC 2019
auto.tcl: Setting watchdog for 200 seconds at Mon Mar 18 04:35:26 UTC 2019
1 ms. Memory: 287232K Free: 274081K (95%)
ptolemy.util.test.WatchDog.cancel(): canceling Mon Mar 18 04:35:26 UTC 2019
------------------ testing $PTII/ptolemy/domains/de/test/auto/ResettableTimer5.xml
auto.tcl: Setting watchdog for 200 seconds at Mon Mar 18 04:35:26 UTC 2019
2 ms. Memory: 288256K Free: 273045K (95%)
ptolemy.util.test.WatchDog.cancel(): canceling Mon Mar 18 04:35:26 UTC 2019
auto.tcl: Setting watchdog for 200 seconds at Mon Mar 18 04:35:26 UTC 2019
1 ms. Memory: 288256K Free: 273045K (95%)
ptolemy.util.test.WatchDog.cancel(): canceling Mon Mar 18 04:35:26 UTC 2019
------------------ testing $PTII/ptolemy/domains/de/test/auto/ResettableTimer6.xml
auto.tcl: Setting watchdog for 200 seconds at Mon Mar 18 04:35:26 UTC 2019
2 ms. Memory: 287232K Free: 271815K (95%)
ptolemy.util.test.WatchDog.cancel(): canceling Mon Mar 18 04:35:26 UTC 2019
auto.tcl: Setting watchdog for 200 seconds at Mon Mar 18 04:35:26 UTC 2019
1 ms. Memory: 287232K Free: 271815K (95%)
ptolemy.util.test.WatchDog.cancel(): canceling Mon Mar 18 04:35:26 UTC 2019
------------------ testing $PTII/ptolemy/domains/de/test/auto/ServerZeroDelay.xml
auto.tcl: Setting watchdog for 200 seconds at Mon Mar 18 04:35:26 UTC 2019
4 ms. Memory: 288256K Free: 275043K (95%)
ptolemy.util.test.WatchDog.cancel(): canceling Mon Mar 18 04:35:26 UTC 2019
auto.tcl: Setting watchdog for 200 seconds at Mon Mar 18 04:35:26 UTC 2019
2 ms. Memory: 288256K Free: 275043K (95%)
ptolemy.util.test.WatchDog.cancel(): canceling Mon Mar 18 04:35:26 UTC 2019
------------------ testing $PTII/ptolemy/domains/de/test/auto/SmartSender.xml
auto.tcl: Setting watchdog for 200 seconds at Mon Mar 18 04:35:26 UTC 2019
3001 ms. Memory: 287232K Free: 271956K (95%)
ptolemy.util.test.WatchDog.cancel(): canceling Mon Mar 18 04:35:29 UTC 2019
auto.tcl: Setting watchdog for 200 seconds at Mon Mar 18 04:35:29 UTC 2019
3002 ms. Memory: 287232K Free: 271956K (95%)
ptolemy.util.test.WatchDog.cancel(): canceling Mon Mar 18 04:35:32 UTC 2019
------------------ testing $PTII/ptolemy/domains/de/test/auto/ThreadedComposite.xml
auto.tcl: Setting watchdog for 200 seconds at Mon Mar 18 04:35:32 UTC 2019
275 ms. Memory: 288256K Free: 250365K (87%)
ptolemy.util.test.WatchDog.cancel(): canceling Mon Mar 18 04:35:32 UTC 2019
auto.tcl: Setting watchdog for 200 seconds at Mon Mar 18 04:35:32 UTC 2019
203 ms. Memory: 288256K Free: 228985K (79%)
ptolemy.util.test.WatchDog.cancel(): canceling Mon Mar 18 04:35:33 UTC 2019
------------------ testing $PTII/ptolemy/domains/de/test/auto/Time.xml
auto.tcl: Setting watchdog for 200 seconds at Mon Mar 18 04:35:33 UTC 2019
488 ms. Memory: 287232K Free: 218019K (76%)
ptolemy.util.test.WatchDog.cancel(): canceling Mon Mar 18 04:35:33 UTC 2019
auto.tcl: Setting watchdog for 200 seconds at Mon Mar 18 04:35:33 UTC 2019
466 ms. Memory: 287232K Free: 160876K (56%)
ptolemy.util.test.WatchDog.cancel(): canceling Mon Mar 18 04:35:34 UTC 2019
------------------ testing $PTII/ptolemy/domains/de/test/auto/TimeDelayZeroDelay.xml
auto.tcl: Setting watchdog for 200 seconds at Mon Mar 18 04:35:34 UTC 2019
1 ms. Memory: 287744K Free: 275028K (96%)
ptolemy.util.test.WatchDog.cancel(): canceling Mon Mar 18 04:35:34 UTC 2019
auto.tcl: Setting watchdog for 200 seconds at Mon Mar 18 04:35:34 UTC 2019
2 ms. Memory: 287744K Free: 275028K (96%)
ptolemy.util.test.WatchDog.cancel(): canceling Mon Mar 18 04:35:34 UTC 2019
------------------ testing $PTII/ptolemy/domains/de/test/auto/TimerZeroDelay.xml
auto.tcl: Setting watchdog for 200 seconds at Mon Mar 18 04:35:34 UTC 2019
4 ms. Memory: 287232K Free: 274653K (96%)
ptolemy.util.test.WatchDog.cancel(): canceling Mon Mar 18 04:35:34 UTC 2019
auto.tcl: Setting watchdog for 200 seconds at Mon Mar 18 04:35:34 UTC 2019
2 ms. Memory: 287232K Free: 274653K (96%)
ptolemy.util.test.WatchDog.cancel(): canceling Mon Mar 18 04:35:34 UTC 2019
------------------ testing $PTII/ptolemy/domains/de/test/auto/TimingParadox.xml
auto.tcl: Setting watchdog for 200 seconds at Mon Mar 18 04:35:34 UTC 2019
347 ms. Memory: 287744K Free: 208573K (72%)
ptolemy.util.test.WatchDog.cancel(): canceling Mon Mar 18 04:35:34 UTC 2019
auto.tcl: Setting watchdog for 200 seconds at Mon Mar 18 04:35:34 UTC 2019
342 ms. Memory: 287744K Free: 168501K (59%)
ptolemy.util.test.WatchDog.cancel(): canceling Mon Mar 18 04:35:35 UTC 2019
------------------ testing $PTII/ptolemy/domains/de/test/auto/TransferInputs.xml
auto.tcl: Setting watchdog for 200 seconds at Mon Mar 18 04:35:35 UTC 2019
1 ms. Memory: 287744K Free: 274189K (95%)
ptolemy.util.test.WatchDog.cancel(): canceling Mon Mar 18 04:35:35 UTC 2019
auto.tcl: Setting watchdog for 200 seconds at Mon Mar 18 04:35:35 UTC 2019
2 ms. Memory: 287744K Free: 274189K (95%)
ptolemy.util.test.WatchDog.cancel(): canceling Mon Mar 18 04:35:35 UTC 2019
------------------ testing $PTII/ptolemy/domains/de/test/auto/TransferOutputs2.xml
auto.tcl: Setting watchdog for 200 seconds at Mon Mar 18 04:35:35 UTC 2019
3 ms. Memory: 287232K Free: 270064K (94%)
ptolemy.util.test.WatchDog.cancel(): canceling Mon Mar 18 04:35:35 UTC 2019
auto.tcl: Setting watchdog for 200 seconds at Mon Mar 18 04:35:35 UTC 2019
2 ms. Memory: 287232K Free: 267401K (93%)
ptolemy.util.test.WatchDog.cancel(): canceling Mon Mar 18 04:35:35 UTC 2019
------------------ testing $PTII/ptolemy/domains/de/test/auto/Trilateration.xml
auto.tcl: Setting watchdog for 200 seconds at Mon Mar 18 04:35:35 UTC 2019
15454 ms. Memory: 759296K Free: 593727K (78%)
ptolemy.util.test.WatchDog.cancel(): canceling Mon Mar 18 04:35:51 UTC 2019
auto.tcl: Setting watchdog for 200 seconds at Mon Mar 18 04:35:51 UTC 2019
11518 ms. Memory: 639488K Free: 363802K (57%)
ptolemy.util.test.WatchDog.cancel(): canceling Mon Mar 18 04:36:03 UTC 2019
------------------ testing $PTII/ptolemy/domains/de/test/auto/TwoSigmaDelta.xml
auto.tcl: Setting watchdog for 200 seconds at Mon Mar 18 04:36:03 UTC 2019
2627 ms. Memory: 643072K Free: 348587K (54%)
ptolemy.util.test.WatchDog.cancel(): canceling Mon Mar 18 04:36:06 UTC 2019
auto.tcl: Setting watchdog for 200 seconds at Mon Mar 18 04:36:06 UTC 2019
2214 ms. Memory: 643072K Free: 111859K (17%)
ptolemy.util.test.WatchDog.cancel(): canceling Mon Mar 18 04:36:08 UTC 2019
------------------ testing $PTII/ptolemy/domains/de/test/auto/VariableDelay.xml
auto.tcl: Setting watchdog for 200 seconds at Mon Mar 18 04:36:08 UTC 2019
8 ms. Memory: 640000K Free: 620192K (97%)
ptolemy.util.test.WatchDog.cancel(): canceling Mon Mar 18 04:36:08 UTC 2019
auto.tcl: Setting watchdog for 200 seconds at Mon Mar 18 04:36:08 UTC 2019
2 ms. Memory: 640000K Free: 620192K (97%)
ptolemy.util.test.WatchDog.cancel(): canceling Mon Mar 18 04:36:08 UTC 2019
------------------ testing $PTII/ptolemy/domains/de/test/auto/VariableDelay2.xml
auto.tcl: Setting watchdog for 200 seconds at Mon Mar 18 04:36:08 UTC 2019
9 ms. Memory: 639488K Free: 620107K (97%)
ptolemy.util.test.WatchDog.cancel(): canceling Mon Mar 18 04:36:08 UTC 2019
auto.tcl: Setting watchdog for 200 seconds at Mon Mar 18 04:36:08 UTC 2019
2 ms. Memory: 639488K Free: 620107K (97%)
ptolemy.util.test.WatchDog.cancel(): canceling Mon Mar 18 04:36:08 UTC 2019
------------------ testing $PTII/ptolemy/domains/de/test/auto/VariableDelayZeroDelay.xml
auto.tcl: Setting watchdog for 200 seconds at Mon Mar 18 04:36:08 UTC 2019
3 ms. Memory: 639488K Free: 614525K (96%)
ptolemy.util.test.WatchDog.cancel(): canceling Mon Mar 18 04:36:08 UTC 2019
auto.tcl: Setting watchdog for 200 seconds at Mon Mar 18 04:36:08 UTC 2019
3 ms. Memory: 639488K Free: 614525K (96%)
ptolemy.util.test.WatchDog.cancel(): canceling Mon Mar 18 04:36:08 UTC 2019
------------------ testing $PTII/ptolemy/domains/de/test/auto/VariableDelayZeroDelay2.xml
auto.tcl: Setting watchdog for 200 seconds at Mon Mar 18 04:36:08 UTC 2019
2 ms. Memory: 642048K Free: 617083K (96%)
ptolemy.util.test.WatchDog.cancel(): canceling Mon Mar 18 04:36:08 UTC 2019
auto.tcl: Setting watchdog for 200 seconds at Mon Mar 18 04:36:08 UTC 2019
2 ms. Memory: 642048K Free: 617083K (96%)
ptolemy.util.test.WatchDog.cancel(): canceling Mon Mar 18 04:36:08 UTC 2019
------------------ testing $PTII/ptolemy/domains/de/test/auto/deInCt.xml
auto.tcl: Setting watchdog for 200 seconds at Mon Mar 18 04:36:08 UTC 2019
0
1
1
1
0
0
0
0
1
1
1
1
1
1
0
0
0
0
1
1
1
0
0
0
0
0
1
1
1
1
1
16 ms. Memory: 639488K Free: 614506K (96%)
ptolemy.util.test.WatchDog.cancel(): canceling Mon Mar 18 04:36:08 UTC 2019
auto.tcl: Setting watchdog for 200 seconds at Mon Mar 18 04:36:08 UTC 2019
0
1
1
0
0
0
0
0
1
1
1
0
0
0
0
1
1
1
0
0
0
0
1
1
1
1
0
0
0
1
1
1
0
0
0
7 ms. Memory: 639488K Free: 614506K (96%)
ptolemy.util.test.WatchDog.cancel(): canceling Mon Mar 18 04:36:08 UTC 2019
------------------ testing $PTII/ptolemy/domains/de/test/auto/deInCt2.xml
auto.tcl: Setting watchdog for 200 seconds at Mon Mar 18 04:36:08 UTC 2019
0
1
1
1
0
0
1
1
1
0
0
1
1
1
0
0
1
1
1
0
0
1
1
1
0
0
1
1
1
0
0
1
1
1
0
0
1
1
1
0
0
0
6 ms. Memory: 642048K Free: 617066K (96%)
ptolemy.util.test.WatchDog.cancel(): canceling Mon Mar 18 04:36:08 UTC 2019
auto.tcl: Setting watchdog for 200 seconds at Mon Mar 18 04:36:08 UTC 2019
0
1
1
1
0
0
1
1
1
0
0
1
1
1
0
0
1
1
1
0
0
1
1
1
0
0
1
1
1
0
0
1
1
1
0
0
1
1
1
0
0
0
5 ms. Memory: 642048K Free: 617066K (96%)
ptolemy.util.test.WatchDog.cancel(): canceling Mon Mar 18 04:36:08 UTC 2019
------------------ testing $PTII/ptolemy/domains/de/test/auto/dynamicCausalityInterface1.xml
auto.tcl: Setting watchdog for 200 seconds at Mon Mar 18 04:36:08 UTC 2019
1 ms. Memory: 639488K Free: 611513K (96%)
ptolemy.util.test.WatchDog.cancel(): canceling Mon Mar 18 04:36:08 UTC 2019
auto.tcl: Setting watchdog for 200 seconds at Mon Mar 18 04:36:08 UTC 2019
1 ms. Memory: 639488K Free: 611513K (96%)
ptolemy.util.test.WatchDog.cancel(): canceling Mon Mar 18 04:36:08 UTC 2019
------------------ testing $PTII/ptolemy/domains/de/test/auto/fsm_de_test.xml
auto.tcl: Setting watchdog for 200 seconds at Mon Mar 18 04:36:08 UTC 2019
9 ms. Memory: 641536K Free: 616457K (96%)
ptolemy.util.test.WatchDog.cancel(): canceling Mon Mar 18 04:36:09 UTC 2019
auto.tcl: Setting watchdog for 200 seconds at Mon Mar 18 04:36:09 UTC 2019
6 ms. Memory: 641536K Free: 607891K (95%)
ptolemy.util.test.WatchDog.cancel(): canceling Mon Mar 18 04:36:09 UTC 2019
------------------ testing $PTII/ptolemy/domains/de/test/auto/functionDependencyReconstruction.xml
auto.tcl: Setting watchdog for 200 seconds at Mon Mar 18 04:36:09 UTC 2019
3 ms. Memory: 639488K Free: 605817K (95%)
ptolemy.util.test.WatchDog.cancel(): canceling Mon Mar 18 04:36:09 UTC 2019
auto.tcl: Setting watchdog for 200 seconds at Mon Mar 18 04:36:09 UTC 2019
4 ms. Memory: 639488K Free: 605817K (95%)
ptolemy.util.test.WatchDog.cancel(): canceling Mon Mar 18 04:36:09 UTC 2019
------------------ testing $PTII/ptolemy/domains/de/test/auto/multirate.xml
auto.tcl: Setting watchdog for 200 seconds at Mon Mar 18 04:36:09 UTC 2019
3 ms. Memory: 641536K Free: 616323K (96%)
ptolemy.util.test.WatchDog.cancel(): canceling Mon Mar 18 04:36:09 UTC 2019
auto.tcl: Setting watchdog for 200 seconds at Mon Mar 18 04:36:09 UTC 2019
3 ms. Memory: 641536K Free: 616323K (96%)
ptolemy.util.test.WatchDog.cancel(): canceling Mon Mar 18 04:36:09 UTC 2019
------------------ testing $PTII/ptolemy/domains/de/test/auto/multirate2.xml
auto.tcl: Setting watchdog for 200 seconds at Mon Mar 18 04:36:09 UTC 2019
5 ms. Memory: 639488K Free: 614464K (96%)
ptolemy.util.test.WatchDog.cancel(): canceling Mon Mar 18 04:36:09 UTC 2019
auto.tcl: Setting watchdog for 200 seconds at Mon Mar 18 04:36:09 UTC 2019
3 ms. Memory: 639488K Free: 614464K (96%)
ptolemy.util.test.WatchDog.cancel(): canceling Mon Mar 18 04:36:09 UTC 2019
------------------ testing $PTII/ptolemy/domains/de/test/auto/realtime.xml
auto.tcl: Setting watchdog for 200 seconds at Mon Mar 18 04:36:09 UTC 2019
10001 ms. Memory: 641024K Free: 615985K (96%)
ptolemy.util.test.WatchDog.cancel(): canceling Mon Mar 18 04:36:19 UTC 2019
auto.tcl: Setting watchdog for 200 seconds at Mon Mar 18 04:36:19 UTC 2019
10002 ms. Memory: 641024K Free: 615985K (96%)
ptolemy.util.test.WatchDog.cancel(): canceling Mon Mar 18 04:36:29 UTC 2019
------------------ testing $PTII/ptolemy/domains/de/test/auto/relationGroup.xml
auto.tcl: Setting watchdog for 200 seconds at Mon Mar 18 04:36:29 UTC 2019
6 ms. Memory: 639488K Free: 614487K (96%)
ptolemy.util.test.WatchDog.cancel(): canceling Mon Mar 18 04:36:29 UTC 2019
auto.tcl: Setting watchdog for 200 seconds at Mon Mar 18 04:36:29 UTC 2019
1 ms. Memory: 639488K Free: 614487K (96%)
ptolemy.util.test.WatchDog.cancel(): canceling Mon Mar 18 04:36:29 UTC 2019
------------------ testing $PTII/ptolemy/domains/de/test/auto/relationGroup2.xml
auto.tcl: Setting watchdog for 200 seconds at Mon Mar 18 04:36:29 UTC 2019
1 ms. Memory: 641024K Free: 616050K (96%)
ptolemy.util.test.WatchDog.cancel(): canceling Mon Mar 18 04:36:29 UTC 2019
auto.tcl: Setting watchdog for 200 seconds at Mon Mar 18 04:36:29 UTC 2019
2 ms. Memory: 641024K Free: 616050K (96%)
ptolemy.util.test.WatchDog.cancel(): canceling Mon Mar 18 04:36:29 UTC 2019
------------------ testing $PTII/ptolemy/domains/de/test/auto/sortWithOpaquePorts.xml
auto.tcl: Setting watchdog for 200 seconds at Mon Mar 18 04:36:29 UTC 2019
2 ms. Memory: 639488K Free: 614514K (96%)
ptolemy.util.test.WatchDog.cancel(): canceling Mon Mar 18 04:36:29 UTC 2019
auto.tcl: Setting watchdog for 200 seconds at Mon Mar 18 04:36:29 UTC 2019
2 ms. Memory: 639488K Free: 614514K (96%)
ptolemy.util.test.WatchDog.cancel(): canceling Mon Mar 18 04:36:29 UTC 2019
------------------ testing $PTII/ptolemy/domains/de/test/auto/transferInputsandOutputs.xml
auto.tcl: Setting watchdog for 200 seconds at Mon Mar 18 04:36:29 UTC 2019
1 ms. Memory: 640512K Free: 615524K (96%)
ptolemy.util.test.WatchDog.cancel(): canceling Mon Mar 18 04:36:29 UTC 2019
auto.tcl: Setting watchdog for 200 seconds at Mon Mar 18 04:36:29 UTC 2019
2 ms. Memory: 640512K Free: 615524K (96%)
ptolemy.util.test.WatchDog.cancel(): canceling Mon Mar 18 04:36:29 UTC 2019
------------------ testing $PTII/ptolemy/domains/de/test/auto/triggerType.xml
auto.tcl: Setting watchdog for 200 seconds at Mon Mar 18 04:36:29 UTC 2019
1 ms. Memory: 639488K Free: 614450K (96%)
ptolemy.util.test.WatchDog.cancel(): canceling Mon Mar 18 04:36:29 UTC 2019
auto.tcl: Setting watchdog for 200 seconds at Mon Mar 18 04:36:29 UTC 2019
1 ms. Memory: 639488K Free: 614450K (96%)
ptolemy.util.test.WatchDog.cancel(): canceling Mon Mar 18 04:36:29 UTC 2019
03/18/19 04:36:29
Failed: 0  Total Tests: 192  ((Passed: 187, Newly Passed: 1)  Known Failed: 5) /home/travis/build/icyphy/ptII/ptolemy/domains/de/test
03/18/19 04:36:29
Failed: 0  Total Tests: 192  ((Passed: 187, Newly Passed: 1)  Known Failed: 5) /home/travis/build/icyphy/ptII/ptolemy/domains/de/test
----------------- testing (KnownFailure) /home/travis/build/icyphy/ptII/ptolemy/domains/de/test/auto/knownFailedTests/DESDFClockTest.xml
2011 ms. Memory: 640512K Free: 604353K (94%)
Known Failure: java.lang.reflect.InvocationTargetException
----------------- testing (KnownFailure) /home/travis/build/icyphy/ptII/ptolemy/domains/de/test/auto/knownFailedTests/DirectFeedback.xml
1 ms. Memory: 640512K Free: 559706K (87%)
Known Failure: java.lang.reflect.InvocationTargetException
----------------- testing (KnownFailure) /home/travis/build/icyphy/ptII/ptolemy/domains/de/test/auto/knownFailedTests/FSMSource.xml
8 ms. Memory: 640512K Free: 515059K (80%)
----------------- testing (KnownFailure) /home/travis/build/icyphy/ptII/ptolemy/domains/de/test/auto/knownFailedTests/HierarchicalModel.xml
4 ms. Memory: 640512K Free: 481558K (75%)
Known Failure: java.lang.reflect.InvocationTargetException
----------------- testing (KnownFailure) /home/travis/build/icyphy/ptII/ptolemy/domains/de/test/auto/knownFailedTests/dependencyLoop.xml
2 ms. Memory: 640512K Free: 425750K (66%)
Known Failure: java.lang.reflect.InvocationTargetException
----------------- testing (KnownFailure) /home/travis/build/icyphy/ptII/ptolemy/domains/de/test/auto/knownFailedTests/dependencyLoop2.xml
3 ms. Memory: 640512K Free: 369934K (58%)
Known Failure: java.lang.reflect.InvocationTargetException
No auto/linux-amd64/*.xml tests in /home/travis/build/icyphy/ptII/ptolemy/domains/de/test
AutoTests.java: About to close Vertx.
AutoTests.java: Vertx closed.

===========================================================================================
----------------- testing Mon Mar 18 04:36:31 UTC 2019 /home/travis/build/icyphy/ptII/ptolemy/domains/de/test/auto/ActorDepthCalculation_actorWithoutPorts.xml
----------------- Instantiating /home/travis/build/icyphy/ptII/ptolemy/domains/de/test/auto/ActorDepthCalculation_actorWithoutPorts.xml
3 ms. Memory: 640512K Free: 314125K (49%)
----------------- Invoking toplevel() on ptolemy.moml.MoMLSimpleApplication@6770395b
----------------- Done invoking toplevel() on ptolemy.moml.MoMLSimpleApplication@6770395b
reloadAllAccessors: .ActorDepthCalculation_actorWithoutPorts

===========================================================================================
----------------- testing Mon Mar 18 04:36:31 UTC 2019 /home/travis/build/icyphy/ptII/ptolemy/domains/de/test/auto/AssemblyLine.xml
----------------- Instantiating /home/travis/build/icyphy/ptII/ptolemy/domains/de/test/auto/AssemblyLine.xml
3 ms. Memory: 640512K Free: 291802K (46%)
----------------- Invoking toplevel() on ptolemy.moml.MoMLSimpleApplication@5b14b7ef
----------------- Done invoking toplevel() on ptolemy.moml.MoMLSimpleApplication@5b14b7ef
reloadAllAccessors: .AssemblyLine

===========================================================================================
----------------- testing Mon Mar 18 04:36:31 UTC 2019 /home/travis/build/icyphy/ptII/ptolemy/domains/de/test/auto/CQBug1.xml
----------------- Instantiating /home/travis/build/icyphy/ptII/ptolemy/domains/de/test/auto/CQBug1.xml
1 ms. Memory: 640512K Free: 269479K (42%)
----------------- Invoking toplevel() on ptolemy.moml.MoMLSimpleApplication@68a9d3d8
----------------- Done invoking toplevel() on ptolemy.moml.MoMLSimpleApplication@68a9d3d8
reloadAllAccessors: .CQBug1

===========================================================================================
----------------- testing Mon Mar 18 04:36:31 UTC 2019 /home/travis/build/icyphy/ptII/ptolemy/domains/de/test/auto/CancelFireAt.xml
----------------- Instantiating /home/travis/build/icyphy/ptII/ptolemy/domains/de/test/auto/CancelFireAt.xml
2 ms. Memory: 640512K Free: 247156K (39%)
----------------- Invoking toplevel() on ptolemy.moml.MoMLSimpleApplication@34e56b15
----------------- Done invoking toplevel() on ptolemy.moml.MoMLSimpleApplication@34e56b15
reloadAllAccessors: .CancelFireAt

===========================================================================================
----------------- testing Mon Mar 18 04:36:31 UTC 2019 /home/travis/build/icyphy/ptII/ptolemy/domains/de/test/auto/CausalityAndComposabilityAnalysis.xml
----------------- Instantiating /home/travis/build/icyphy/ptII/ptolemy/domains/de/test/auto/CausalityAndComposabilityAnalysis.xml
2 ms. Memory: 640512K Free: 224832K (35%)
----------------- Invoking toplevel() on ptolemy.moml.MoMLSimpleApplication@35cbc68c
----------------- Done invoking toplevel() on ptolemy.moml.MoMLSimpleApplication@35cbc68c
reloadAllAccessors: .CausalityAndComposabilityAnalysis

===========================================================================================
----------------- testing Mon Mar 18 04:36:31 UTC 2019 /home/travis/build/icyphy/ptII/ptolemy/domains/de/test/auto/CausalityInterface1.xml
----------------- Instantiating /home/travis/build/icyphy/ptII/ptolemy/domains/de/test/auto/CausalityInterface1.xml
4 ms. Memory: 640512K Free: 202509K (32%)
----------------- Invoking toplevel() on ptolemy.moml.MoMLSimpleApplication@2552758f
----------------- Done invoking toplevel() on ptolemy.moml.MoMLSimpleApplication@2552758f
reloadAllAccessors: .CausalityInterface1

===========================================================================================
----------------- testing Mon Mar 18 04:36:31 UTC 2019 /home/travis/build/icyphy/ptII/ptolemy/domains/de/test/auto/CausalityInterface15.xml
----------------- Instantiating /home/travis/build/icyphy/ptII/ptolemy/domains/de/test/auto/CausalityInterface15.xml
3 ms. Memory: 640512K Free: 180186K (28%)
----------------- Invoking toplevel() on ptolemy.moml.MoMLSimpleApplication@a766ac7
----------------- Done invoking toplevel() on ptolemy.moml.MoMLSimpleApplication@a766ac7
reloadAllAccessors: .CausalityInterface15

[...]
java.lang.RuntimeException: Execution failed
	at ptolemy.moml.MoMLSimpleApplication$UnloadThread.run(MoMLSimpleApplication.java:402)
Caused by: ptolemy.kernel.util.IllegalActionException: Test fails in iteration 1.
Value was: 1.0. Should have been: 2.0
  in .DirectFeedback.Test
	at ptolemy.actor.lib.Test.fire(Test.java:268)
	at ptolemy.domains.de.kernel.DEDirector._fire(DEDirector.java:1949)
	at ptolemy.domains.de.kernel.DEDirector.fire(DEDirector.java:502)
	at ptolemy.actor.CompositeActor.fire(CompositeActor.java:455)
	at ptolemy.actor.Manager.iterate(Manager.java:851)
	at ptolemy.actor.Manager.execute(Manager.java:369)
	at ptolemy.actor.Manager.run(Manager.java:1263)
	at ptolemy.actor.Manager$PtolemyRunThread.run(Manager.java:1915)
java.lang.RuntimeException: Execution failed
	at ptolemy.moml.MoMLSimpleApplication$UnloadThread.run(MoMLSimpleApplication.java:402)
Caused by: ptolemy.kernel.util.IllegalActionException: Actor is not ready to fire.  Perhaps UpSample.prefire() returned false? Try debugging the actor by selecting "Listen to Actor".  Also, for SDF check moml for tokenConsumptionRate on input.
  in .DESDFClockTest.Play Bell.Copy1:SDF Director and .DESDFClockTest.Play Bell.UpSample
	at ptolemy.actor.sched.StaticSchedulingDirector.fire(StaticSchedulingDirector.java:227)
	at ptolemy.domains.sdf.kernel.SDFDirector.fire(SDFDirector.java:500)
	at ptolemy.actor.CompositeActor.fire(CompositeActor.java:455)
	at ptolemy.domains.de.kernel.DEDirector._fire(DEDirector.java:1949)
	at ptolemy.domains.de.kernel.DEDirector.fire(DEDirector.java:502)
	at ptolemy.actor.CompositeActor.fire(CompositeActor.java:455)
	at ptolemy.actor.Manager.iterate(Manager.java:851)
	at ptolemy.actor.Manager.execute(Manager.java:369)
	at ptolemy.actor.Manager.run(Manager.java:1263)
	at ptolemy.actor.Manager$PtolemyRunThread.run(Manager.java:1915)
java.lang.reflect.InvocationTargetException
	at sun.reflect.NativeConstructorAccessorImpl.newInstance0(Native Method)
	at sun.reflect.NativeConstructorAccessorImpl.newInstance(NativeConstructorAccessorImpl.java:62)
	at sun.reflect.DelegatingConstructorAccessorImpl.newInstance(DelegatingConstructorAccessorImpl.java:45)
	at java.lang.reflect.Constructor.newInstance(Constructor.java:423)
	at ptolemy.util.test.junit.AutoKnownFailedTests.RunModel(AutoKnownFailedTests.java:105)
	at sun.reflect.NativeMethodAccessorImpl.invoke0(Native Method)
	at sun.reflect.NativeMethodAccessorImpl.invoke(NativeMethodAccessorImpl.java:62)
	at sun.reflect.DelegatingMethodAccessorImpl.invoke(DelegatingMethodAccessorImpl.java:43)
	at java.lang.reflect.Method.invoke(Method.java:498)
	at org.junit.runners.model.FrameworkMethod$1.runReflectiveCall(FrameworkMethod.java:44)
	at org.junit.internal.runners.model.ReflectiveCallable.run(ReflectiveCallable.java:15)
	at org.junit.runners.model.FrameworkMethod.invokeExplosively(FrameworkMethod.java:41)
	at junitparams.internal.InvokeParameterisedMethod.evaluate(InvokeParameterisedMethod.java:102)
	at org.junit.internal.runners.statements.FailOnTimeout$1.run(FailOnTimeout.java:28)
Caused by: ptolemy.kernel.util.IllegalActionException: Actor is not ready to fire.  Perhaps UpSample.prefire() returned false? Try debugging the actor by selecting "Listen to Actor".  Also, for SDF check moml for tokenConsumptionRate on input.
  in .DESDFClockTest.Play Bell.Copy1:SDF Director and .DESDFClockTest.Play Bell.UpSample
	at ptolemy.actor.sched.StaticSchedulingDirector.fire(StaticSchedulingDirector.java:227)
	at ptolemy.domains.sdf.kernel.SDFDirector.fire(SDFDirector.java:500)
	at ptolemy.actor.CompositeActor.fire(CompositeActor.java:455)
	at ptolemy.domains.de.kernel.DEDirector._fire(DEDirector.java:1949)
	at ptolemy.domains.de.kernel.DEDirector.fire(DEDirector.java:502)
	at ptolemy.actor.CompositeActor.fire(CompositeActor.java:455)
	at ptolemy.actor.Manager.iterate(Manager.java:851)
	at ptolemy.actor.Manager.execute(Manager.java:369)
	at ptolemy.actor.Manager.run(Manager.java:1263)
	at ptolemy.actor.Manager$PtolemyRunThread.run(Manager.java:1915)
java.lang.RuntimeException: Execution failed
	at ptolemy.moml.MoMLSimpleApplication$UnloadThread.run(MoMLSimpleApplication.java:402)
Caused by: ptolemy.kernel.util.IllegalActionException: Test fails in iteration 1.
Value was: 1.0. Should have been: 2.0
  in .DirectFeedback.Test
	at ptolemy.actor.lib.Test.fire(Test.java:268)
	at ptolemy.domains.de.kernel.DEDirector._fire(DEDirector.java:1949)
	at ptolemy.domains.de.kernel.DEDirector.fire(DEDirector.java:502)
	at ptolemy.actor.CompositeActor.fire(CompositeActor.java:455)
	at ptolemy.actor.Manager.iterate(Manager.java:851)
	at ptolemy.actor.Manager.execute(Manager.java:369)
	at ptolemy.actor.Manager.run(Manager.java:1263)
	at ptolemy.actor.Manager$PtolemyRunThread.run(Manager.java:1915)
java.lang.reflect.InvocationTargetException
	at sun.reflect.NativeConstructorAccessorImpl.newInstance0(Native Method)
	at sun.reflect.NativeConstructorAccessorImpl.newInstance(NativeConstructorAccessorImpl.java:62)
	at sun.reflect.DelegatingConstructorAccessorImpl.newInstance(DelegatingConstructorAccessorImpl.java:45)
	at java.lang.reflect.Constructor.newInstance(Constructor.java:423)
	at ptolemy.util.test.junit.AutoKnownFailedTests.RunModel(AutoKnownFailedTests.java:105)
	at sun.reflect.NativeMethodAccessorImpl.invoke0(Native Method)
	at sun.reflect.NativeMethodAccessorImpl.invoke(NativeMethodAccessorImpl.java:62)
	at sun.reflect.DelegatingMethodAccessorImpl.invoke(DelegatingMethodAccessorImpl.java:43)
	at java.lang.reflect.Method.invoke(Method.java:498)
	at org.junit.runners.model.FrameworkMethod$1.runReflectiveCall(FrameworkMethod.java:44)
	at org.junit.internal.runners.model.ReflectiveCallable.run(ReflectiveCallable.java:15)
	at org.junit.runners.model.FrameworkMethod.invokeExplosively(FrameworkMethod.java:41)
	at junitparams.internal.InvokeParameterisedMethod.evaluate(InvokeParameterisedMethod.java:102)
	at org.junit.internal.runners.statements.FailOnTimeout$1.run(FailOnTimeout.java:28)
Caused by: ptolemy.kernel.util.IllegalActionException: Test fails in iteration 1.
Value was: 1.0. Should have been: 2.0
  in .DirectFeedback.Test
	at ptolemy.actor.lib.Test.fire(Test.java:268)
	at ptolemy.domains.de.kernel.DEDirector._fire(DEDirector.java:1949)
	at ptolemy.domains.de.kernel.DEDirector.fire(DEDirector.java:502)
	at ptolemy.actor.CompositeActor.fire(CompositeActor.java:455)
	at ptolemy.actor.Manager.iterate(Manager.java:851)
	at ptolemy.actor.Manager.execute(Manager.java:369)
	at ptolemy.actor.Manager.run(Manager.java:1263)
	at ptolemy.actor.Manager$PtolemyRunThread.run(Manager.java:1915)
java.lang.RuntimeException: Execution failed
	at ptolemy.moml.MoMLSimpleApplication$UnloadThread.run(MoMLSimpleApplication.java:402)
Caused by: ptolemy.kernel.util.IllegalActionException: Found a zero delay loop containing .HierarchicalModel.A
  in .HierarchicalModel and .HierarchicalModel.A
	at ptolemy.actor.util.CausalityInterfaceForComposites._computeOutputPortDepth(CausalityInterfaceForComposites.java:759)
	at ptolemy.actor.util.CausalityInterfaceForComposites._computeInputDepth(CausalityInterfaceForComposites.java:696)
	at ptolemy.actor.util.CausalityInterfaceForComposites._computeOutputPortDepth(CausalityInterfaceForComposites.java:765)
	at ptolemy.actor.util.CausalityInterfaceForComposites._computeInputDepth(CausalityInterfaceForComposites.java:696)
	at ptolemy.actor.util.CausalityInterfaceForComposites._computeOutputPortDepth(CausalityInterfaceForComposites.java:765)
	at ptolemy.actor.util.CausalityInterfaceForComposites._computeInputDepth(CausalityInterfaceForComposites.java:696)
	at ptolemy.actor.util.CausalityInterfaceForComposites._computeActorDepth(CausalityInterfaceForComposites.java:532)
	at ptolemy.actor.util.CausalityInterfaceForComposites.checkForCycles(CausalityInterfaceForComposites.java:96)
	at ptolemy.domains.de.kernel.DEDirector.preinitialize(DEDirector.java:1338)
	at ptolemy.actor.CompositeActor.preinitialize(CompositeActor.java:1828)
	at ptolemy.actor.Manager.preinitializeAndResolveTypes(Manager.java:1040)
	at ptolemy.actor.Manager.initialize(Manager.java:710)
	at ptolemy.actor.Manager.execute(Manager.java:356)
	at ptolemy.actor.Manager.run(Manager.java:1263)
	at ptolemy.actor.Manager$PtolemyRunThread.run(Manager.java:1915)
java.lang.reflect.InvocationTargetException
	at sun.reflect.NativeConstructorAccessorImpl.newInstance0(Native Method)
	at sun.reflect.NativeConstructorAccessorImpl.newInstance(NativeConstructorAccessorImpl.java:62)
	at sun.reflect.DelegatingConstructorAccessorImpl.newInstance(DelegatingConstructorAccessorImpl.java:45)
	at java.lang.reflect.Constructor.newInstance(Constructor.java:423)
	at ptolemy.util.test.junit.AutoKnownFailedTests.RunModel(AutoKnownFailedTests.java:105)
	at sun.reflect.NativeMethodAccessorImpl.invoke0(Native Method)
	at sun.reflect.NativeMethodAccessorImpl.invoke(NativeMethodAccessorImpl.java:62)
	at sun.reflect.DelegatingMethodAccessorImpl.invoke(DelegatingMethodAccessorImpl.java:43)
	at java.lang.reflect.Method.invoke(Method.java:498)
	at org.junit.runners.model.FrameworkMethod$1.runReflectiveCall(FrameworkMethod.java:44)
	at org.junit.internal.runners.model.ReflectiveCallable.run(ReflectiveCallable.java:15)
	at org.junit.runners.model.FrameworkMethod.invokeExplosively(FrameworkMethod.java:41)
	at junitparams.internal.InvokeParameterisedMethod.evaluate(InvokeParameterisedMethod.java:102)
	at org.junit.internal.runners.statements.FailOnTimeout$1.run(FailOnTimeout.java:28)
Caused by: ptolemy.kernel.util.IllegalActionException: Found a zero delay loop containing .HierarchicalModel.A
  in .HierarchicalModel and .HierarchicalModel.A
	at ptolemy.actor.util.CausalityInterfaceForComposites._computeOutputPortDepth(CausalityInterfaceForComposites.java:759)
	at ptolemy.actor.util.CausalityInterfaceForComposites._computeInputDepth(CausalityInterfaceForComposites.java:696)
	at ptolemy.actor.util.CausalityInterfaceForComposites._computeOutputPortDepth(CausalityInterfaceForComposites.java:765)
	at ptolemy.actor.util.CausalityInterfaceForComposites._computeInputDepth(CausalityInterfaceForComposites.java:696)
	at ptolemy.actor.util.CausalityInterfaceForComposites._computeOutputPortDepth(CausalityInterfaceForComposites.java:765)
	at ptolemy.actor.util.CausalityInterfaceForComposites._computeInputDepth(CausalityInterfaceForComposites.java:696)
	at ptolemy.actor.util.CausalityInterfaceForComposites._computeActorDepth(CausalityInterfaceForComposites.java:532)
	at ptolemy.actor.util.CausalityInterfaceForComposites.checkForCycles(CausalityInterfaceForComposites.java:96)
	at ptolemy.domains.de.kernel.DEDirector.preinitialize(DEDirector.java:1338)
	at ptolemy.actor.CompositeActor.preinitialize(CompositeActor.java:1828)
	at ptolemy.actor.Manager.preinitializeAndResolveTypes(Manager.java:1040)
	at ptolemy.actor.Manager.initialize(Manager.java:710)
	at ptolemy.actor.Manager.execute(Manager.java:356)
	at ptolemy.actor.Manager.run(Manager.java:1263)
	at ptolemy.actor.Manager$PtolemyRunThread.run(Manager.java:1915)
java.lang.RuntimeException: Execution failed
	at ptolemy.moml.MoMLSimpleApplication$UnloadThread.run(MoMLSimpleApplication.java:402)
Caused by: ptolemy.kernel.util.IllegalActionException: Found a zero delay loop containing .dependencyLoop.original
  in .dependencyLoop and .dependencyLoop.original
	at ptolemy.actor.util.CausalityInterfaceForComposites._computeOutputPortDepth(CausalityInterfaceForComposites.java:759)
	at ptolemy.actor.util.CausalityInterfaceForComposites._computeInputDepth(CausalityInterfaceForComposites.java:696)
	at ptolemy.actor.util.CausalityInterfaceForComposites._computeOutputPortDepth(CausalityInterfaceForComposites.java:765)
	at ptolemy.actor.util.CausalityInterfaceForComposites._computeInputDepth(CausalityInterfaceForComposites.java:696)
	at ptolemy.actor.util.CausalityInterfaceForComposites._computeOutputPortDepth(CausalityInterfaceForComposites.java:765)
	at ptolemy.actor.util.CausalityInterfaceForComposites._computeInputDepth(CausalityInterfaceForComposites.java:696)
	at ptolemy.actor.util.CausalityInterfaceForComposites._computeActorDepth(CausalityInterfaceForComposites.java:532)
	at ptolemy.actor.util.CausalityInterfaceForComposites.checkForCycles(CausalityInterfaceForComposites.java:96)
	at ptolemy.domains.de.kernel.DEDirector.preinitialize(DEDirector.java:1338)
	at ptolemy.actor.CompositeActor.preinitialize(CompositeActor.java:1828)
	at ptolemy.actor.Manager.preinitializeAndResolveTypes(Manager.java:1040)
	at ptolemy.actor.Manager.initialize(Manager.java:710)
	at ptolemy.actor.Manager.execute(Manager.java:356)
	at ptolemy.actor.Manager.run(Manager.java:1263)
	at ptolemy.actor.Manager$PtolemyRunThread.run(Manager.java:1915)
java.lang.reflect.InvocationTargetException
	at sun.reflect.NativeConstructorAccessorImpl.newInstance0(Native Method)
	at sun.reflect.NativeConstructorAccessorImpl.newInstance(NativeConstructorAccessorImpl.java:62)
	at sun.reflect.DelegatingConstructorAccessorImpl.newInstance(DelegatingConstructorAccessorImpl.java:45)
	at java.lang.reflect.Constructor.newInstance(Constructor.java:423)
	at ptolemy.util.test.junit.AutoKnownFailedTests.RunModel(AutoKnownFailedTests.java:105)
	at sun.reflect.NativeMethodAccessorImpl.invoke0(Native Method)
	at sun.reflect.NativeMethodAccessorImpl.invoke(NativeMethodAccessorImpl.java:62)
	at sun.reflect.DelegatingMethodAccessorImpl.invoke(DelegatingMethodAccessorImpl.java:43)
	at java.lang.reflect.Method.invoke(Method.java:498)
	at org.junit.runners.model.FrameworkMethod$1.runReflectiveCall(FrameworkMethod.java:44)
	at org.junit.internal.runners.model.ReflectiveCallable.run(ReflectiveCallable.java:15)
	at org.junit.runners.model.FrameworkMethod.invokeExplosively(FrameworkMethod.java:41)
	at junitparams.internal.InvokeParameterisedMethod.evaluate(InvokeParameterisedMethod.java:102)
	at org.junit.internal.runners.statements.FailOnTimeout$1.run(FailOnTimeout.java:28)
Caused by: ptolemy.kernel.util.IllegalActionException: Found a zero delay loop containing .dependencyLoop.original
  in .dependencyLoop and .dependencyLoop.original
	at ptolemy.actor.util.CausalityInterfaceForComposites._computeOutputPortDepth(CausalityInterfaceForComposites.java:759)
	at ptolemy.actor.util.CausalityInterfaceForComposites._computeInputDepth(CausalityInterfaceForComposites.java:696)
	at ptolemy.actor.util.CausalityInterfaceForComposites._computeOutputPortDepth(CausalityInterfaceForComposites.java:765)
	at ptolemy.actor.util.CausalityInterfaceForComposites._computeInputDepth(CausalityInterfaceForComposites.java:696)
	at ptolemy.actor.util.CausalityInterfaceForComposites._computeOutputPortDepth(CausalityInterfaceForComposites.java:765)
	at ptolemy.actor.util.CausalityInterfaceForComposites._computeInputDepth(CausalityInterfaceForComposites.java:696)
	at ptolemy.actor.util.CausalityInterfaceForComposites._computeActorDepth(CausalityInterfaceForComposites.java:532)
	at ptolemy.actor.util.CausalityInterfaceForComposites.checkForCycles(CausalityInterfaceForComposites.java:96)
	at ptolemy.domains.de.kernel.DEDirector.preinitialize(DEDirector.java:1338)
	at ptolemy.actor.CompositeActor.preinitialize(CompositeActor.java:1828)
	at ptolemy.actor.Manager.preinitializeAndResolveTypes(Manager.java:1040)
	at ptolemy.actor.Manager.initialize(Manager.java:710)
	at ptolemy.actor.Manager.execute(Manager.java:356)
	at ptolemy.actor.Manager.run(Manager.java:1263)
	at ptolemy.actor.Manager$PtolemyRunThread.run(Manager.java:1915)
java.lang.RuntimeException: Execution failed
	at ptolemy.moml.MoMLSimpleApplication$UnloadThread.run(MoMLSimpleApplication.java:402)
Caused by: ptolemy.kernel.util.IllegalActionException: Found a zero delay loop containing .dependencyLoop2.original
  in .dependencyLoop2 and .dependencyLoop2.original
	at ptolemy.actor.util.CausalityInterfaceForComposites._computeOutputPortDepth(CausalityInterfaceForComposites.java:759)
	at ptolemy.actor.util.CausalityInterfaceForComposites._computeInputDepth(CausalityInterfaceForComposites.java:696)
	at ptolemy.actor.util.CausalityInterfaceForComposites._computeOutputPortDepth(CausalityInterfaceForComposites.java:765)
	at ptolemy.actor.util.CausalityInterfaceForComposites._computeInputDepth(CausalityInterfaceForComposites.java:696)
	at ptolemy.actor.util.CausalityInterfaceForComposites._computeOutputPortDepth(CausalityInterfaceForComposites.java:765)
	at ptolemy.actor.util.CausalityInterfaceForComposites._computeInputDepth(CausalityInterfaceForComposites.java:696)
	at ptolemy.actor.util.CausalityInterfaceForComposites._computeActorDepth(CausalityInterfaceForComposites.java:532)
	at ptolemy.actor.util.CausalityInterfaceForComposites.checkForCycles(CausalityInterfaceForComposites.java:96)
	at ptolemy.domains.de.kernel.DEDirector.preinitialize(DEDirector.java:1338)
	at ptolemy.actor.CompositeActor.preinitialize(CompositeActor.java:1828)
	at ptolemy.actor.Manager.preinitializeAndResolveTypes(Manager.java:1040)
	at ptolemy.actor.Manager.initialize(Manager.java:710)
	at ptolemy.actor.Manager.execute(Manager.java:356)
	at ptolemy.actor.Manager.run(Manager.java:1263)
	at ptolemy.actor.Manager$PtolemyRunThread.run(Manager.java:1915)
java.lang.reflect.InvocationTargetException
	at sun.reflect.NativeConstructorAccessorImpl.newInstance0(Native Method)
	at sun.reflect.NativeConstructorAccessorImpl.newInstance(NativeConstructorAccessorImpl.java:62)
	at sun.reflect.DelegatingConstructorAccessorImpl.newInstance(DelegatingConstructorAccessorImpl.java:45)
	at java.lang.reflect.Constructor.newInstance(Constructor.java:423)
	at ptolemy.util.test.junit.AutoKnownFailedTests.RunModel(AutoKnownFailedTests.java:105)
	at sun.reflect.NativeMethodAccessorImpl.invoke0(Native Method)
	at sun.reflect.NativeMethodAccessorImpl.invoke(NativeMethodAccessorImpl.java:62)
	at sun.reflect.DelegatingMethodAccessorImpl.invoke(DelegatingMethodAccessorImpl.java:43)
	at java.lang.reflect.Method.invoke(Method.java:498)
	at org.junit.runners.model.FrameworkMethod$1.runReflectiveCall(FrameworkMethod.java:44)
	at org.junit.internal.runners.model.ReflectiveCallable.run(ReflectiveCallable.java:15)
	at org.junit.runners.model.FrameworkMethod.invokeExplosively(FrameworkMethod.java:41)
	at junitparams.internal.InvokeParameterisedMethod.evaluate(InvokeParameterisedMethod.java:102)
	at org.junit.internal.runners.statements.FailOnTimeout$1.run(FailOnTimeout.java:28)
Caused by: ptolemy.kernel.util.IllegalActionException: Found a zero delay loop containing .dependencyLoop2.original
  in .dependencyLoop2 and .dependencyLoop2.original
	at ptolemy.actor.util.CausalityInterfaceForComposites._computeOutputPortDepth(CausalityInterfaceForComposites.java:759)
	at ptolemy.actor.util.CausalityInterfaceForComposites._computeInputDepth(CausalityInterfaceForComposites.java:696)
	at ptolemy.actor.util.CausalityInterfaceForComposites._computeOutputPortDepth(CausalityInterfaceForComposites.java:765)
	at ptolemy.actor.util.CausalityInterfaceForComposites._computeInputDepth(CausalityInterfaceForComposites.java:696)
	at ptolemy.actor.util.CausalityInterfaceForComposites._computeOutputPortDepth(CausalityInterfaceForComposites.java:765)
	at ptolemy.actor.util.CausalityInterfaceForComposites._computeInputDepth(CausalityInterfaceForComposites.java:696)
	at ptolemy.actor.util.CausalityInterfaceForComposites._computeActorDepth(CausalityInterfaceForComposites.java:532)
	at ptolemy.actor.util.CausalityInterfaceForComposites.checkForCycles(CausalityInterfaceForComposites.java:96)
	at ptolemy.domains.de.kernel.DEDirector.preinitialize(DEDirector.java:1338)
	at ptolemy.actor.CompositeActor.preinitialize(CompositeActor.java:1828)
	at ptolemy.actor.Manager.preinitializeAndResolveTypes(Manager.java:1040)
	at ptolemy.actor.Manager.initialize(Manager.java:710)
	at ptolemy.actor.Manager.execute(Manager.java:356)
	at ptolemy.actor.Manager.run(Manager.java:1263)
	at ptolemy.actor.Manager$PtolemyRunThread.run(Manager.java:1915)
]]></system-err>
</testsuite>
