<?xml version="1.0" encoding="UTF-8" ?>
<testsuite errors="0" failures="0" hostname="travis-job-fdfb0b4d-5e9a-4a2d-a712-a7879f5b04a5" name="ptolemy.domains.de.test.junit.JUnitTclTest" skipped="0" tests="101" time="129.859" timestamp="2018-11-10T02:43:08">
  <properties>
[...]
</properties>
  <testcase classname="ptolemy.util.test.junit.TclTests" name="[0] /home/travis/build/icyphy/ptII/ptolemy/domains/de/test/DependencyLoop.tcl (RunTclFile)" time="0.806" />
  <testcase classname="ptolemy.util.test.junit.TclTests" name="[1] /home/travis/build/icyphy/ptII/ptolemy/domains/de/test/RunDETestsAsQSS.tcl (RunTclFile)" time="87.882" />
  <testcase classname="ptolemy.util.test.junit.AutoKnownFailedTests" name="[0] /home/travis/build/icyphy/ptII/ptolemy/domains/de/test/auto/knownFailedTests/DESDFClockTest.xml (RunModel)" time="2.033" />
  <testcase classname="ptolemy.util.test.junit.AutoKnownFailedTests" name="[1] /home/travis/build/icyphy/ptII/ptolemy/domains/de/test/auto/knownFailedTests/DirectFeedback.xml (RunModel)" time="0.018" />
  <testcase classname="ptolemy.util.test.junit.AutoKnownFailedTests" name="[2] /home/travis/build/icyphy/ptII/ptolemy/domains/de/test/auto/knownFailedTests/FSMSource.xml (RunModel)" time="0.027" />
  <testcase classname="ptolemy.util.test.junit.AutoKnownFailedTests" name="[3] /home/travis/build/icyphy/ptII/ptolemy/domains/de/test/auto/knownFailedTests/HierarchicalModel.xml (RunModel)" time="0.037" />
  <testcase classname="ptolemy.util.test.junit.AutoKnownFailedTests" name="[4] /home/travis/build/icyphy/ptII/ptolemy/domains/de/test/auto/knownFailedTests/dependencyLoop.xml (RunModel)" time="0.042" />
  <testcase classname="ptolemy.util.test.junit.AutoKnownFailedTests" name="[5] /home/travis/build/icyphy/ptII/ptolemy/domains/de/test/auto/knownFailedTests/dependencyLoop2.xml (RunModel)" time="0.035" />
  <testcase classname="ptolemy.util.test.junit.AutoNameArchTests" name="[0] ThereAreNoAutoArchTests (RunModel)" time="0.0" />
  <testcase classname="ptolemy.util.test.junit.AutoTests" name="[0] /home/travis/build/icyphy/ptII/ptolemy/domains/de/test/auto/ActorDepthCalculation_actorWithoutPorts.xml (RunModel)" time="0.013" />
  <testcase classname="ptolemy.util.test.junit.AutoTests" name="[1] /home/travis/build/icyphy/ptII/ptolemy/domains/de/test/auto/AssemblyLine.xml (RunModel)" time="0.016" />
  <testcase classname="ptolemy.util.test.junit.AutoTests" name="[2] /home/travis/build/icyphy/ptII/ptolemy/domains/de/test/auto/CQBug1.xml (RunModel)" time="0.007" />
  <testcase classname="ptolemy.util.test.junit.AutoTests" name="[3] /home/travis/build/icyphy/ptII/ptolemy/domains/de/test/auto/CancelFireAt.xml (RunModel)" time="0.006" />
  <testcase classname="ptolemy.util.test.junit.AutoTests" name="[4] /home/travis/build/icyphy/ptII/ptolemy/domains/de/test/auto/CausalityAndComposabilityAnalysis.xml (RunModel)" time="0.011" />
  <testcase classname="ptolemy.util.test.junit.AutoTests" name="[5] /home/travis/build/icyphy/ptII/ptolemy/domains/de/test/auto/CausalityInterface1.xml (RunModel)" time="0.017" />
  <testcase classname="ptolemy.util.test.junit.AutoTests" name="[6] /home/travis/build/icyphy/ptII/ptolemy/domains/de/test/auto/CausalityInterface15.xml (RunModel)" time="0.013" />
  <testcase classname="ptolemy.util.test.junit.AutoTests" name="[7] /home/travis/build/icyphy/ptII/ptolemy/domains/de/test/auto/CausalityInterface2.xml (RunModel)" time="0.011" />
  <testcase classname="ptolemy.util.test.junit.AutoTests" name="[8] /home/travis/build/icyphy/ptII/ptolemy/domains/de/test/auto/CausalityInterface3.xml (RunModel)" time="0.011" />
  <testcase classname="ptolemy.util.test.junit.AutoTests" name="[9] /home/travis/build/icyphy/ptII/ptolemy/domains/de/test/auto/ClockDrift.xml (RunModel)" time="0.033" />
  <testcase classname="ptolemy.util.test.junit.AutoTests" name="[10] /home/travis/build/icyphy/ptII/ptolemy/domains/de/test/auto/ClockDriftAndValueChange.xml (RunModel)" time="0.03" />
  <testcase classname="ptolemy.util.test.junit.AutoTests" name="[11] /home/travis/build/icyphy/ptII/ptolemy/domains/de/test/auto/ClockDriftChange.xml (RunModel)" time="0.03" />
  <testcase classname="ptolemy.util.test.junit.AutoTests" name="[12] /home/travis/build/icyphy/ptII/ptolemy/domains/de/test/auto/ComposableCausalityAnalysis.xml (RunModel)" time="0.015" />
  <testcase classname="ptolemy.util.test.junit.AutoTests" name="[13] /home/travis/build/icyphy/ptII/ptolemy/domains/de/test/auto/DEFixedPointLimitation.xml (RunModel)" time="0.01" />
  <testcase classname="ptolemy.util.test.junit.AutoTests" name="[14] /home/travis/build/icyphy/ptII/ptolemy/domains/de/test/auto/DEScheduleTest.xml (RunModel)" time="0.011" />
  <testcase classname="ptolemy.util.test.junit.AutoTests" name="[15] /home/travis/build/icyphy/ptII/ptolemy/domains/de/test/auto/DEinDEwithStartTimes.xml (RunModel)" time="0.013" />
  <testcase classname="ptolemy.util.test.junit.AutoTests" name="[16] /home/travis/build/icyphy/ptII/ptolemy/domains/de/test/auto/DEinDEwithStartTimes2.xml (RunModel)" time="0.013" />
  <testcase classname="ptolemy.util.test.junit.AutoTests" name="[17] /home/travis/build/icyphy/ptII/ptolemy/domains/de/test/auto/DateDemo.xml (RunModel)" time="0.027" />
  <testcase classname="ptolemy.util.test.junit.AutoTests" name="[18] /home/travis/build/icyphy/ptII/ptolemy/domains/de/test/auto/DateToEvent.xml (RunModel)" time="2.04" />
  <testcase classname="ptolemy.util.test.junit.AutoTests" name="[19] /home/travis/build/icyphy/ptII/ptolemy/domains/de/test/auto/DepthTest1.xml (RunModel)" time="0.008" />
  <testcase classname="ptolemy.util.test.junit.AutoTests" name="[20] /home/travis/build/icyphy/ptII/ptolemy/domains/de/test/auto/DepthTest2.xml (RunModel)" time="0.016" />
  <testcase classname="ptolemy.util.test.junit.AutoTests" name="[21] /home/travis/build/icyphy/ptII/ptolemy/domains/de/test/auto/DepthTest3.xml (RunModel)" time="0.007" />
  <testcase classname="ptolemy.util.test.junit.AutoTests" name="[22] /home/travis/build/icyphy/ptII/ptolemy/domains/de/test/auto/DepthTest4.xml (RunModel)" time="0.012" />
  <testcase classname="ptolemy.util.test.junit.AutoTests" name="[23] /home/travis/build/icyphy/ptII/ptolemy/domains/de/test/auto/DepthTest5.xml (RunModel)" time="0.013" />
  <testcase classname="ptolemy.util.test.junit.AutoTests" name="[24] /home/travis/build/icyphy/ptII/ptolemy/domains/de/test/auto/DepthTest6.xml (RunModel)" time="0.013" />
  <testcase classname="ptolemy.util.test.junit.AutoTests" name="[25] /home/travis/build/icyphy/ptII/ptolemy/domains/de/test/auto/DepthTest7.xml (RunModel)" time="0.014" />
  <testcase classname="ptolemy.util.test.junit.AutoTests" name="[26] /home/travis/build/icyphy/ptII/ptolemy/domains/de/test/auto/EventToDate.xml (RunModel)" time="3.033" />
  <testcase classname="ptolemy.util.test.junit.AutoTests" name="[27] /home/travis/build/icyphy/ptII/ptolemy/domains/de/test/auto/FSM1.xml (RunModel)" time="0.029" />
  <testcase classname="ptolemy.util.test.junit.AutoTests" name="[28] /home/travis/build/icyphy/ptII/ptolemy/domains/de/test/auto/FSM7.xml (RunModel)" time="0.028" />
  <testcase classname="ptolemy.util.test.junit.AutoTests" name="[29] /home/travis/build/icyphy/ptII/ptolemy/domains/de/test/auto/Inspection.xml (RunModel)" time="0.035" />
  <testcase classname="ptolemy.util.test.junit.AutoTests" name="[30] /home/travis/build/icyphy/ptII/ptolemy/domains/de/test/auto/Iteration.xml (RunModel)" time="0.017" />
  <testcase classname="ptolemy.util.test.junit.AutoTests" name="[31] /home/travis/build/icyphy/ptII/ptolemy/domains/de/test/auto/LineFault.xml (RunModel)" time="0.523" />
  <testcase classname="ptolemy.util.test.junit.AutoTests" name="[32] /home/travis/build/icyphy/ptII/ptolemy/domains/de/test/auto/MergeModel1Add.xml (RunModel)" time="0.039" />
  <testcase classname="ptolemy.util.test.junit.AutoTests" name="[33] /home/travis/build/icyphy/ptII/ptolemy/domains/de/test/auto/MergeModel2Add.xml (RunModel)" time="0.033" />
  <testcase classname="ptolemy.util.test.junit.AutoTests" name="[34] /home/travis/build/icyphy/ptII/ptolemy/domains/de/test/auto/MergeModel3Add.xml (RunModel)" time="0.032" />
  <testcase classname="ptolemy.util.test.junit.AutoTests" name="[35] /home/travis/build/icyphy/ptII/ptolemy/domains/de/test/auto/MergeWithoutDiscard.xml (RunModel)" time="0.009" />
  <testcase classname="ptolemy.util.test.junit.AutoTests" name="[36] /home/travis/build/icyphy/ptII/ptolemy/domains/de/test/auto/Modal1.xml (RunModel)" time="0.024" />
  <testcase classname="ptolemy.util.test.junit.AutoTests" name="[37] /home/travis/build/icyphy/ptII/ptolemy/domains/de/test/auto/Modal2.xml (RunModel)" time="0.025" />
  <testcase classname="ptolemy.util.test.junit.AutoTests" name="[38] /home/travis/build/icyphy/ptII/ptolemy/domains/de/test/auto/Modal3.xml (RunModel)" time="0.026" />
  <testcase classname="ptolemy.util.test.junit.AutoTests" name="[39] /home/travis/build/icyphy/ptII/ptolemy/domains/de/test/auto/Modal4.xml (RunModel)" time="0.028" />
  <testcase classname="ptolemy.util.test.junit.AutoTests" name="[40] /home/travis/build/icyphy/ptII/ptolemy/domains/de/test/auto/Modal5.xml (RunModel)" time="0.026" />
  <testcase classname="ptolemy.util.test.junit.AutoTests" name="[41] /home/travis/build/icyphy/ptII/ptolemy/domains/de/test/auto/Modal6.xml (RunModel)" time="0.024" />
  <testcase classname="ptolemy.util.test.junit.AutoTests" name="[42] /home/travis/build/icyphy/ptII/ptolemy/domains/de/test/auto/Modal7.xml (RunModel)" time="0.025" />
  <testcase classname="ptolemy.util.test.junit.AutoTests" name="[43] /home/travis/build/icyphy/ptII/ptolemy/domains/de/test/auto/ModalModel.xml (RunModel)" time="0.131" />
  <testcase classname="ptolemy.util.test.junit.AutoTests" name="[44] /home/travis/build/icyphy/ptII/ptolemy/domains/de/test/auto/ModalSource.xml (RunModel)" time="0.015" />
  <testcase classname="ptolemy.util.test.junit.AutoTests" name="[45] /home/travis/build/icyphy/ptII/ptolemy/domains/de/test/auto/NonInterruptibleTimerZeroDelay.xml (RunModel)" time="0.009" />
  <testcase classname="ptolemy.util.test.junit.AutoTests" name="[46] /home/travis/build/icyphy/ptII/ptolemy/domains/de/test/auto/OpenQueueingNetwork.xml (RunModel)" time="2.233" />
  <testcase classname="ptolemy.util.test.junit.AutoTests" name="[47] /home/travis/build/icyphy/ptII/ptolemy/domains/de/test/auto/OpenQueuingNetwork.xml (RunModel)" time="0.259" />
  <testcase classname="ptolemy.util.test.junit.AutoTests" name="[48] /home/travis/build/icyphy/ptII/ptolemy/domains/de/test/auto/PeriodicSampler.xml (RunModel)" time="0.009" />
  <testcase classname="ptolemy.util.test.junit.AutoTests" name="[49] /home/travis/build/icyphy/ptII/ptolemy/domains/de/test/auto/PersistentIO.xml (RunModel)" time="0.019" />
  <testcase classname="ptolemy.util.test.junit.AutoTests" name="[50] /home/travis/build/icyphy/ptII/ptolemy/domains/de/test/auto/PortParameterResetOnInitialize.xml (RunModel)" time="0.009" />
  <testcase classname="ptolemy.util.test.junit.AutoTests" name="[51] /home/travis/build/icyphy/ptII/ptolemy/domains/de/test/auto/PortParameterUpdates.xml (RunModel)" time="0.013" />
  <testcase classname="ptolemy.util.test.junit.AutoTests" name="[52] /home/travis/build/icyphy/ptII/ptolemy/domains/de/test/auto/QueueAndServer.xml (RunModel)" time="0.021" />
  <testcase classname="ptolemy.util.test.junit.AutoTests" name="[53] /home/travis/build/icyphy/ptII/ptolemy/domains/de/test/auto/Records.xml (RunModel)" time="0.018" />
  <testcase classname="ptolemy.util.test.junit.AutoTests" name="[54] /home/travis/build/icyphy/ptII/ptolemy/domains/de/test/auto/ResetTransitionWithStartTime1.xml (RunModel)" time="0.018" />
  <testcase classname="ptolemy.util.test.junit.AutoTests" name="[55] /home/travis/build/icyphy/ptII/ptolemy/domains/de/test/auto/ResetTransitionWithStartTime2.xml (RunModel)" time="0.016" />
  <testcase classname="ptolemy.util.test.junit.AutoTests" name="[56] /home/travis/build/icyphy/ptII/ptolemy/domains/de/test/auto/ResetTransitionWithStartTime3.xml (RunModel)" time="0.016" />
  <testcase classname="ptolemy.util.test.junit.AutoTests" name="[57] /home/travis/build/icyphy/ptII/ptolemy/domains/de/test/auto/ResetTransitionWithStartTime4.xml (RunModel)" time="0.017" />
  <testcase classname="ptolemy.util.test.junit.AutoTests" name="[58] /home/travis/build/icyphy/ptII/ptolemy/domains/de/test/auto/ResettableTimer1.xml (RunModel)" time="0.01" />
  <testcase classname="ptolemy.util.test.junit.AutoTests" name="[59] /home/travis/build/icyphy/ptII/ptolemy/domains/de/test/auto/ResettableTimer2.xml (RunModel)" time="0.009" />
  <testcase classname="ptolemy.util.test.junit.AutoTests" name="[60] /home/travis/build/icyphy/ptII/ptolemy/domains/de/test/auto/ResettableTimer3.xml (RunModel)" time="0.008" />
  <testcase classname="ptolemy.util.test.junit.AutoTests" name="[61] /home/travis/build/icyphy/ptII/ptolemy/domains/de/test/auto/ResettableTimer4.xml (RunModel)" time="0.008" />
  <testcase classname="ptolemy.util.test.junit.AutoTests" name="[62] /home/travis/build/icyphy/ptII/ptolemy/domains/de/test/auto/ResettableTimer5.xml (RunModel)" time="0.01" />
  <testcase classname="ptolemy.util.test.junit.AutoTests" name="[63] /home/travis/build/icyphy/ptII/ptolemy/domains/de/test/auto/ResettableTimer6.xml (RunModel)" time="0.01" />
  <testcase classname="ptolemy.util.test.junit.AutoTests" name="[64] /home/travis/build/icyphy/ptII/ptolemy/domains/de/test/auto/ServerZeroDelay.xml (RunModel)" time="0.009" />
  <testcase classname="ptolemy.util.test.junit.AutoTests" name="[65] /home/travis/build/icyphy/ptII/ptolemy/domains/de/test/auto/SmartSender.xml (RunModel)" time="3.008" />
  <testcase classname="ptolemy.util.test.junit.AutoTests" name="[66] /home/travis/build/icyphy/ptII/ptolemy/domains/de/test/auto/ThreadedComposite.xml (RunModel)" time="2.009" />
  <testcase classname="ptolemy.util.test.junit.AutoTests" name="[67] /home/travis/build/icyphy/ptII/ptolemy/domains/de/test/auto/Time.xml (RunModel)" time="0.418" />
  <testcase classname="ptolemy.util.test.junit.AutoTests" name="[68] /home/travis/build/icyphy/ptII/ptolemy/domains/de/test/auto/TimeDelayZeroDelay.xml (RunModel)" time="0.013" />
  <testcase classname="ptolemy.util.test.junit.AutoTests" name="[69] /home/travis/build/icyphy/ptII/ptolemy/domains/de/test/auto/TimerZeroDelay.xml (RunModel)" time="0.011" />
  <testcase classname="ptolemy.util.test.junit.AutoTests" name="[70] /home/travis/build/icyphy/ptII/ptolemy/domains/de/test/auto/TimingParadox.xml (RunModel)" time="0.343" />
  <testcase classname="ptolemy.util.test.junit.AutoTests" name="[71] /home/travis/build/icyphy/ptII/ptolemy/domains/de/test/auto/TransferInputs.xml (RunModel)" time="0.016" />
  <testcase classname="ptolemy.util.test.junit.AutoTests" name="[72] /home/travis/build/icyphy/ptII/ptolemy/domains/de/test/auto/TransferOutputs2.xml (RunModel)" time="0.015" />
  <testcase classname="ptolemy.util.test.junit.AutoTests" name="[73] /home/travis/build/icyphy/ptII/ptolemy/domains/de/test/auto/Trilateration.xml (RunModel)" time="11.538" />
  <testcase classname="ptolemy.util.test.junit.AutoTests" name="[74] /home/travis/build/icyphy/ptII/ptolemy/domains/de/test/auto/TwoSigmaDelta.xml (RunModel)" time="1.854" />
  <testcase classname="ptolemy.util.test.junit.AutoTests" name="[75] /home/travis/build/icyphy/ptII/ptolemy/domains/de/test/auto/VariableDelay.xml (RunModel)" time="0.011" />
  <testcase classname="ptolemy.util.test.junit.AutoTests" name="[76] /home/travis/build/icyphy/ptII/ptolemy/domains/de/test/auto/VariableDelay2.xml (RunModel)" time="0.01" />
  <testcase classname="ptolemy.util.test.junit.AutoTests" name="[77] /home/travis/build/icyphy/ptII/ptolemy/domains/de/test/auto/VariableDelayZeroDelay.xml (RunModel)" time="0.009" />
  <testcase classname="ptolemy.util.test.junit.AutoTests" name="[78] /home/travis/build/icyphy/ptII/ptolemy/domains/de/test/auto/VariableDelayZeroDelay2.xml (RunModel)" time="0.01" />
  <testcase classname="ptolemy.util.test.junit.AutoTests" name="[79] /home/travis/build/icyphy/ptII/ptolemy/domains/de/test/auto/deInCt.xml (RunModel)" time="0.013" />
  <testcase classname="ptolemy.util.test.junit.AutoTests" name="[80] /home/travis/build/icyphy/ptII/ptolemy/domains/de/test/auto/deInCt2.xml (RunModel)" time="0.012" />
  <testcase classname="ptolemy.util.test.junit.AutoTests" name="[81] /home/travis/build/icyphy/ptII/ptolemy/domains/de/test/auto/dynamicCausalityInterface1.xml (RunModel)" time="0.018" />
  <testcase classname="ptolemy.util.test.junit.AutoTests" name="[82] /home/travis/build/icyphy/ptII/ptolemy/domains/de/test/auto/fsm_de_test.xml (RunModel)" time="0.024" />
  <testcase classname="ptolemy.util.test.junit.AutoTests" name="[83] /home/travis/build/icyphy/ptII/ptolemy/domains/de/test/auto/functionDependencyReconstruction.xml (RunModel)" time="0.029" />
  <testcase classname="ptolemy.util.test.junit.AutoTests" name="[84] /home/travis/build/icyphy/ptII/ptolemy/domains/de/test/auto/multirate.xml (RunModel)" time="0.016" />
  <testcase classname="ptolemy.util.test.junit.AutoTests" name="[85] /home/travis/build/icyphy/ptII/ptolemy/domains/de/test/auto/multirate2.xml (RunModel)" time="0.014" />
  <testcase classname="ptolemy.util.test.junit.AutoTests" name="[86] /home/travis/build/icyphy/ptII/ptolemy/domains/de/test/auto/realtime.xml (RunModel)" time="10.01" />
  <testcase classname="ptolemy.util.test.junit.AutoTests" name="[87] /home/travis/build/icyphy/ptII/ptolemy/domains/de/test/auto/relationGroup.xml (RunModel)" time="0.007" />
  <testcase classname="ptolemy.util.test.junit.AutoTests" name="[88] /home/travis/build/icyphy/ptII/ptolemy/domains/de/test/auto/relationGroup2.xml (RunModel)" time="0.01" />
  <testcase classname="ptolemy.util.test.junit.AutoTests" name="[89] /home/travis/build/icyphy/ptII/ptolemy/domains/de/test/auto/sortWithOpaquePorts.xml (RunModel)" time="0.012" />
  <testcase classname="ptolemy.util.test.junit.AutoTests" name="[90] /home/travis/build/icyphy/ptII/ptolemy/domains/de/test/auto/transferInputsandOutputs.xml (RunModel)" time="0.014" />
  <testcase classname="ptolemy.util.test.junit.AutoTests" name="[91] /home/travis/build/icyphy/ptII/ptolemy/domains/de/test/auto/triggerType.xml (RunModel)" time="0.008" />
  <system-out><![CDATA[/home/travis/build/icyphy/ptII/ptolemy/domains/de/test/DependencyLoop.tcl
testDefs.tcl: setting time out to 9000 seconds at Sat Nov 10 02:43:08 UTC 2018
12 ms. Memory: 116224K Free: 93941K (81%)
4 ms. Memory: 146944K Free: 135464K (92%)
/home/travis/build/icyphy/ptII/ptolemy/domains/de/test/RunDETestsAsQSS.tcl
Run the DE tests using ptolemy.domains.qss.test.QSSDirectorTest, which extends QSSDirector and prints a message in the constructors.
------------------ testing $PTII/ptolemy/domains/de/test/auto/knownFailedTests/dependencyLoop.xml (Known Failure) 
15 ms. Memory: 146944K Free: 132352K (90%)


==== $PTIIhome/travis/build/icyphy/ptII/ptolemy/domains/de/test/../../../../: Auto Automatic test in file $PTII/ptolemy/domains/de/test/auto/knownFailedTests/dependencyLoop.xml
==== Contents of test case:

	    # FIXME: we should use $relativeFilename here, but it
	    # might have backslashes under Windows, which causes no end
	    # of trouble.
	    createAndExecute $file
	    list {}
	
.... Test generated KNOWN error:
    while executing
ptolemy.kernel.util.IllegalActionException: Found a zero delay loop containing .dependencyLoop.original
  in .dependencyLoop and .dependencyLoop.original
	at ptolemy.actor.util.CausalityInterfaceForComposites._computeOutputPortDepth(CausalityInterfaceForComposites.java:759)
	at ptolemy.actor.util.CausalityInterfaceForComposites._computeInputDepth(CausalityInterfaceForComposites.java:696)
	at ptolemy.actor.util.CausalityInterfaceForComposites._computeOutputPortDepth(CausalityInterfaceForComposites.java:765)
	at ptolemy.actor.util.CausalityInterfaceForComposites._computeInputDepth(CausalityInterfaceForComposites.java:696)
	at ptolemy.actor.util.CausalityInterfaceForComposites._computeOutputPortDepth(CausalityInterfaceForComposites.java:765)
	at ptolemy.actor.util.CausalityInterfaceForComposites._computeInputDepth(CausalityInterfaceForComposites.java:696)
	at ptolemy.actor.util.CausalityInterfaceForComposites._computeActorDepth(CausalityInterfaceForComposites.java:532)
	at ptolemy.actor.util.CausalityInterfaceForComposites.checkForCycles(CausalityInterfaceForComposites.java:96)
	at ptolemy.domains.de.kernel.DEDirector.preinitialize(DEDirector.java:1338)
	at ptolemy.actor.CompositeActor.preinitialize(CompositeActor.java:1828)
	at ptolemy.actor.Manager.preinitializeAndResolveTypes(Manager.java:1040)
	at ptolemy.actor.Manager.initialize(Manager.java:710)
	at ptolemy.actor.Manager.execute(Manager.java:356)
	at ptolemy.actor.Manager.run(Manager.java:1263)
	at ptolemy.actor.Manager$PtolemyRunThread.run(Manager.java:1915)

    while executing
ptolemy.kernel.util.IllegalActionException: Found a zero delay loop containing .dependencyLoop.original
  in .dependencyLoop and .dependencyLoop.original
    while executing
"java::new ptolemy.moml.MoMLSimpleApplication $file
"
    (procedure "createAndExecute" line 2)
    invoked from within
"createAndExecute $file"
    ("uplevel" body line 5)
    invoked from within
"uplevel $contents_of_test"
------------------ testing $PTII/ptolemy/domains/de/test/auto/knownFailedTests/DESDFClockTest.xml (Known Failure) 
2060 ms. Memory: 146944K Free: 116551K (79%)


==== $PTIIhome/travis/build/icyphy/ptII/ptolemy/domains/de/test/../../../../: Auto Automatic test in file $PTII/ptolemy/domains/de/test/auto/knownFailedTests/DESDFClockTest.xml
==== Contents of test case:

	    # FIXME: we should use $relativeFilename here, but it
	    # might have backslashes under Windows, which causes no end
	    # of trouble.
	    createAndExecute $file
	    list {}
	
.... Test generated KNOWN error:
    while executing
ptolemy.kernel.util.IllegalActionException: Actor is not ready to fire.  Perhaps UpSample.prefire() returned false? Try debugging the actor by selecting "Listen to Actor".  Also, for SDF check moml for tokenConsumptionRate on input.
  in .DESDFClockTest.Play Bell.Copy1:SDF Director and .DESDFClockTest.Play Bell.UpSample
	at ptolemy.actor.sched.StaticSchedulingDirector.fire(StaticSchedulingDirector.java:227)
	at ptolemy.domains.sdf.kernel.SDFDirector.fire(SDFDirector.java:500)
	at ptolemy.actor.CompositeActor.fire(CompositeActor.java:455)
	at ptolemy.domains.de.kernel.DEDirector._fire(DEDirector.java:1949)
	at ptolemy.domains.de.kernel.DEDirector.fire(DEDirector.java:502)
	at ptolemy.actor.CompositeActor.fire(CompositeActor.java:455)
	at ptolemy.actor.Manager.iterate(Manager.java:851)
	at ptolemy.actor.Manager.execute(Manager.java:369)
	at ptolemy.actor.Manager.run(Manager.java:1263)
	at ptolemy.actor.Manager$PtolemyRunThread.run(Manager.java:1915)

    while executing
ptolemy.kernel.util.IllegalActionException: Actor is not ready to fire.  Perhaps UpSample.prefire() returned false? Try debugging the actor by selecting "Listen to Actor".  Also, for SDF check moml for tokenConsumptionRate on input.
  in .DESDFClockTest.Play Bell.Copy1:SDF Director and .DESDFClockTest.Play Bell.UpSample
    while executing
"java::new ptolemy.moml.MoMLSimpleApplication $file
"
    (procedure "createAndExecute" line 2)
    invoked from within
"createAndExecute $file"
    ("uplevel" body line 5)
    invoked from within
"uplevel $contents_of_test"
------------------ testing $PTII/ptolemy/domains/de/test/auto/knownFailedTests/FSMSource.xml (Known Failure) 
49 ms. Memory: 146944K Free: 107552K (73%)
!!!! Auto was marked as failing, but now passes
------------------ testing $PTII/ptolemy/domains/de/test/auto/knownFailedTests/dependencyLoop2.xml (Known Failure) 
9 ms. Memory: 146944K Free: 105669K (72%)


==== $PTIIhome/travis/build/icyphy/ptII/ptolemy/domains/de/test/../../../../: Auto Automatic test in file $PTII/ptolemy/domains/de/test/auto/knownFailedTests/dependencyLoop2.xml
==== Contents of test case:

	    # FIXME: we should use $relativeFilename here, but it
	    # might have backslashes under Windows, which causes no end
	    # of trouble.
	    createAndExecute $file
	    list {}
	
.... Test generated KNOWN error:
    while executing
ptolemy.kernel.util.IllegalActionException: Found a zero delay loop containing .dependencyLoop2.original
  in .dependencyLoop2 and .dependencyLoop2.original
	at ptolemy.actor.util.CausalityInterfaceForComposites._computeOutputPortDepth(CausalityInterfaceForComposites.java:759)
	at ptolemy.actor.util.CausalityInterfaceForComposites._computeInputDepth(CausalityInterfaceForComposites.java:696)
	at ptolemy.actor.util.CausalityInterfaceForComposites._computeOutputPortDepth(CausalityInterfaceForComposites.java:765)
	at ptolemy.actor.util.CausalityInterfaceForComposites._computeInputDepth(CausalityInterfaceForComposites.java:696)
	at ptolemy.actor.util.CausalityInterfaceForComposites._computeOutputPortDepth(CausalityInterfaceForComposites.java:765)
	at ptolemy.actor.util.CausalityInterfaceForComposites._computeInputDepth(CausalityInterfaceForComposites.java:696)
	at ptolemy.actor.util.CausalityInterfaceForComposites._computeActorDepth(CausalityInterfaceForComposites.java:532)
	at ptolemy.actor.util.CausalityInterfaceForComposites.checkForCycles(CausalityInterfaceForComposites.java:96)
	at ptolemy.domains.de.kernel.DEDirector.preinitialize(DEDirector.java:1338)
	at ptolemy.actor.CompositeActor.preinitialize(CompositeActor.java:1828)
	at ptolemy.actor.Manager.preinitializeAndResolveTypes(Manager.java:1040)
	at ptolemy.actor.Manager.initialize(Manager.java:710)
	at ptolemy.actor.Manager.execute(Manager.java:356)
	at ptolemy.actor.Manager.run(Manager.java:1263)
	at ptolemy.actor.Manager$PtolemyRunThread.run(Manager.java:1915)

    while executing
ptolemy.kernel.util.IllegalActionException: Found a zero delay loop containing .dependencyLoop2.original
  in .dependencyLoop2 and .dependencyLoop2.original
    while executing
"java::new ptolemy.moml.MoMLSimpleApplication $file
"
    (procedure "createAndExecute" line 2)
    invoked from within
"createAndExecute $file"
    ("uplevel" body line 5)
    invoked from within
"uplevel $contents_of_test"
------------------ testing $PTII/ptolemy/domains/de/test/auto/knownFailedTests/HierarchicalModel.xml (Known Failure) 
9 ms. Memory: 146944K Free: 85153K (58%)


==== $PTIIhome/travis/build/icyphy/ptII/ptolemy/domains/de/test/../../../../: Auto Automatic test in file $PTII/ptolemy/domains/de/test/auto/knownFailedTests/HierarchicalModel.xml
==== Contents of test case:

	    # FIXME: we should use $relativeFilename here, but it
	    # might have backslashes under Windows, which causes no end
	    # of trouble.
	    createAndExecute $file
	    list {}
	
.... Test generated KNOWN error:
    while executing
ptolemy.kernel.util.IllegalActionException: Found a zero delay loop containing .HierarchicalModel.A
  in .HierarchicalModel and .HierarchicalModel.A
	at ptolemy.actor.util.CausalityInterfaceForComposites._computeOutputPortDepth(CausalityInterfaceForComposites.java:759)
	at ptolemy.actor.util.CausalityInterfaceForComposites._computeInputDepth(CausalityInterfaceForComposites.java:696)
	at ptolemy.actor.util.CausalityInterfaceForComposites._computeOutputPortDepth(CausalityInterfaceForComposites.java:765)
	at ptolemy.actor.util.CausalityInterfaceForComposites._computeInputDepth(CausalityInterfaceForComposites.java:696)
	at ptolemy.actor.util.CausalityInterfaceForComposites._computeOutputPortDepth(CausalityInterfaceForComposites.java:765)
	at ptolemy.actor.util.CausalityInterfaceForComposites._computeInputDepth(CausalityInterfaceForComposites.java:696)
	at ptolemy.actor.util.CausalityInterfaceForComposites._computeActorDepth(CausalityInterfaceForComposites.java:532)
	at ptolemy.actor.util.CausalityInterfaceForComposites.checkForCycles(CausalityInterfaceForComposites.java:96)
	at ptolemy.domains.de.kernel.DEDirector.preinitialize(DEDirector.java:1338)
	at ptolemy.actor.CompositeActor.preinitialize(CompositeActor.java:1828)
	at ptolemy.actor.Manager.preinitializeAndResolveTypes(Manager.java:1040)
	at ptolemy.actor.Manager.initialize(Manager.java:710)
	at ptolemy.actor.Manager.execute(Manager.java:356)
	at ptolemy.actor.Manager.run(Manager.java:1263)
	at ptolemy.actor.Manager$PtolemyRunThread.run(Manager.java:1915)

    while executing
ptolemy.kernel.util.IllegalActionException: Found a zero delay loop containing .HierarchicalModel.A
  in .HierarchicalModel and .HierarchicalModel.A
    while executing
"java::new ptolemy.moml.MoMLSimpleApplication $file
"
    (procedure "createAndExecute" line 2)
    invoked from within
"createAndExecute $file"
    ("uplevel" body line 5)
    invoked from within
"uplevel $contents_of_test"
------------------ testing $PTII/ptolemy/domains/de/test/auto/knownFailedTests/DirectFeedback.xml (Known Failure) 
7 ms. Memory: 146944K Free: 141096K (96%)


==== $PTIIhome/travis/build/icyphy/ptII/ptolemy/domains/de/test/../../../../: Auto Automatic test in file $PTII/ptolemy/domains/de/test/auto/knownFailedTests/DirectFeedback.xml
==== Contents of test case:

	    # FIXME: we should use $relativeFilename here, but it
	    # might have backslashes under Windows, which causes no end
	    # of trouble.
	    createAndExecute $file
	    list {}
	
.... Test generated KNOWN error:
    while executing
ptolemy.kernel.util.IllegalActionException: Test fails in iteration 1.
Value was: 1.0. Should have been: 2.0
  in .DirectFeedback.Test
	at ptolemy.actor.lib.Test.fire(Test.java:268)
	at ptolemy.domains.de.kernel.DEDirector._fire(DEDirector.java:1949)
	at ptolemy.domains.de.kernel.DEDirector.fire(DEDirector.java:502)
	at ptolemy.actor.CompositeActor.fire(CompositeActor.java:455)
	at ptolemy.actor.Manager.iterate(Manager.java:851)
	at ptolemy.actor.Manager.execute(Manager.java:369)
	at ptolemy.actor.Manager.run(Manager.java:1263)
	at ptolemy.actor.Manager$PtolemyRunThread.run(Manager.java:1915)

    while executing
ptolemy.kernel.util.IllegalActionException: Test fails in iteration 1.
Value was: 1.0. Should have been: 2.0
  in .DirectFeedback.Test
    while executing
"java::new ptolemy.moml.MoMLSimpleApplication $file
"
    (procedure "createAndExecute" line 2)
    invoked from within
"createAndExecute $file"
    ("uplevel" body line 5)
    invoked from within
"uplevel $contents_of_test"
------------------ testing $PTII/ptolemy/domains/de/test/auto/ActorDepthCalculation_actorWithoutPorts.xml
auto.tcl: Setting watchdog for 200 seconds at Sat Nov 10 02:43:12 UTC 2018
5 ms. Memory: 146944K Free: 133412K (91%)
ptolemy.util.test.WatchDog.cancel(): canceling Sat Nov 10 02:43:12 UTC 2018
auto.tcl: Setting watchdog for 200 seconds at Sat Nov 10 02:43:12 UTC 2018
4 ms. Memory: 146944K Free: 131322K (89%)
ptolemy.util.test.WatchDog.cancel(): canceling Sat Nov 10 02:43:12 UTC 2018
------------------ testing $PTII/ptolemy/domains/de/test/auto/AssemblyLine.xml
auto.tcl: Setting watchdog for 200 seconds at Sat Nov 10 02:43:12 UTC 2018
39 ms. Memory: 208384K Free: 186137K (89%)
ptolemy.util.test.WatchDog.cancel(): canceling Sat Nov 10 02:43:12 UTC 2018
auto.tcl: Setting watchdog for 200 seconds at Sat Nov 10 02:43:12 UTC 2018
10 ms. Memory: 208384K Free: 186137K (89%)
ptolemy.util.test.WatchDog.cancel(): canceling Sat Nov 10 02:43:12 UTC 2018
------------------ testing $PTII/ptolemy/domains/de/test/auto/CQBug1.xml
auto.tcl: Setting watchdog for 200 seconds at Sat Nov 10 02:43:12 UTC 2018
3 ms. Memory: 208384K Free: 197707K (95%)
ptolemy.util.test.WatchDog.cancel(): canceling Sat Nov 10 02:43:12 UTC 2018
auto.tcl: Setting watchdog for 200 seconds at Sat Nov 10 02:43:12 UTC 2018
2 ms. Memory: 208384K Free: 197707K (95%)
ptolemy.util.test.WatchDog.cancel(): canceling Sat Nov 10 02:43:12 UTC 2018
------------------ testing $PTII/ptolemy/domains/de/test/auto/CancelFireAt.xml
auto.tcl: Setting watchdog for 200 seconds at Sat Nov 10 02:43:12 UTC 2018
6 ms. Memory: 208384K Free: 201424K (97%)
ptolemy.util.test.WatchDog.cancel(): canceling Sat Nov 10 02:43:13 UTC 2018
auto.tcl: Setting watchdog for 200 seconds at Sat Nov 10 02:43:13 UTC 2018
2 ms. Memory: 208384K Free: 199326K (96%)
ptolemy.util.test.WatchDog.cancel(): canceling Sat Nov 10 02:43:13 UTC 2018
------------------ testing $PTII/ptolemy/domains/de/test/auto/CausalityAndComposabilityAnalysis.xml
auto.tcl: Setting watchdog for 200 seconds at Sat Nov 10 02:43:13 UTC 2018
17 ms. Memory: 208384K Free: 196492K (94%)
ptolemy.util.test.WatchDog.cancel(): canceling Sat Nov 10 02:43:13 UTC 2018
auto.tcl: Setting watchdog for 200 seconds at Sat Nov 10 02:43:13 UTC 2018
7 ms. Memory: 208384K Free: 196492K (94%)
ptolemy.util.test.WatchDog.cancel(): canceling Sat Nov 10 02:43:13 UTC 2018
------------------ testing $PTII/ptolemy/domains/de/test/auto/CausalityInterface1.xml
auto.tcl: Setting watchdog for 200 seconds at Sat Nov 10 02:43:13 UTC 2018
17 ms. Memory: 208384K Free: 196429K (94%)
ptolemy.util.test.WatchDog.cancel(): canceling Sat Nov 10 02:43:13 UTC 2018
auto.tcl: Setting watchdog for 200 seconds at Sat Nov 10 02:43:13 UTC 2018
3 ms. Memory: 208384K Free: 196429K (94%)
ptolemy.util.test.WatchDog.cancel(): canceling Sat Nov 10 02:43:13 UTC 2018
------------------ testing $PTII/ptolemy/domains/de/test/auto/CausalityInterface15.xml
auto.tcl: Setting watchdog for 200 seconds at Sat Nov 10 02:43:13 UTC 2018
21 ms. Memory: 208384K Free: 196420K (94%)
ptolemy.util.test.WatchDog.cancel(): canceling Sat Nov 10 02:43:13 UTC 2018
auto.tcl: Setting watchdog for 200 seconds at Sat Nov 10 02:43:13 UTC 2018
4 ms. Memory: 208384K Free: 196420K (94%)
ptolemy.util.test.WatchDog.cancel(): canceling Sat Nov 10 02:43:13 UTC 2018
------------------ testing $PTII/ptolemy/domains/de/test/auto/CausalityInterface2.xml
auto.tcl: Setting watchdog for 200 seconds at Sat Nov 10 02:43:13 UTC 2018
7 ms. Memory: 208384K Free: 196404K (94%)
ptolemy.util.test.WatchDog.cancel(): canceling Sat Nov 10 02:43:13 UTC 2018
auto.tcl: Setting watchdog for 200 seconds at Sat Nov 10 02:43:13 UTC 2018
3 ms. Memory: 208384K Free: 196404K (94%)
ptolemy.util.test.WatchDog.cancel(): canceling Sat Nov 10 02:43:13 UTC 2018
------------------ testing $PTII/ptolemy/domains/de/test/auto/CausalityInterface3.xml
auto.tcl: Setting watchdog for 200 seconds at Sat Nov 10 02:43:13 UTC 2018
3 ms. Memory: 208384K Free: 196417K (94%)
ptolemy.util.test.WatchDog.cancel(): canceling Sat Nov 10 02:43:13 UTC 2018
auto.tcl: Setting watchdog for 200 seconds at Sat Nov 10 02:43:13 UTC 2018
30 ms. Memory: 208384K Free: 196417K (94%)
ptolemy.util.test.WatchDog.cancel(): canceling Sat Nov 10 02:43:13 UTC 2018
------------------ testing $PTII/ptolemy/domains/de/test/auto/ClockDrift.xml
auto.tcl: Setting watchdog for 200 seconds at Sat Nov 10 02:43:13 UTC 2018
89 ms. Memory: 208384K Free: 187661K (90%)
ptolemy.util.test.WatchDog.cancel(): canceling Sat Nov 10 02:43:13 UTC 2018
auto.tcl: Setting watchdog for 200 seconds at Sat Nov 10 02:43:13 UTC 2018
45 ms. Memory: 208384K Free: 185565K (89%)
ptolemy.util.test.WatchDog.cancel(): canceling Sat Nov 10 02:43:13 UTC 2018
------------------ testing $PTII/ptolemy/domains/de/test/auto/ClockDriftAndValueChange.xml
auto.tcl: Setting watchdog for 200 seconds at Sat Nov 10 02:43:13 UTC 2018
29 ms. Memory: 208384K Free: 187494K (90%)
ptolemy.util.test.WatchDog.cancel(): canceling Sat Nov 10 02:43:13 UTC 2018
auto.tcl: Setting watchdog for 200 seconds at Sat Nov 10 02:43:13 UTC 2018
26 ms. Memory: 208384K Free: 185398K (89%)
ptolemy.util.test.WatchDog.cancel(): canceling Sat Nov 10 02:43:14 UTC 2018
------------------ testing $PTII/ptolemy/domains/de/test/auto/ClockDriftChange.xml
auto.tcl: Setting watchdog for 200 seconds at Sat Nov 10 02:43:14 UTC 2018
20 ms. Memory: 208384K Free: 190816K (92%)
ptolemy.util.test.WatchDog.cancel(): canceling Sat Nov 10 02:43:14 UTC 2018
auto.tcl: Setting watchdog for 200 seconds at Sat Nov 10 02:43:14 UTC 2018
19 ms. Memory: 208384K Free: 188720K (91%)
ptolemy.util.test.WatchDog.cancel(): canceling Sat Nov 10 02:43:14 UTC 2018
------------------ testing $PTII/ptolemy/domains/de/test/auto/ComposableCausalityAnalysis.xml
auto.tcl: Setting watchdog for 200 seconds at Sat Nov 10 02:43:14 UTC 2018
2 ms. Memory: 208384K Free: 196273K (94%)
ptolemy.util.test.WatchDog.cancel(): canceling Sat Nov 10 02:43:14 UTC 2018
auto.tcl: Setting watchdog for 200 seconds at Sat Nov 10 02:43:14 UTC 2018
1 ms. Memory: 208384K Free: 194177K (93%)
ptolemy.util.test.WatchDog.cancel(): canceling Sat Nov 10 02:43:14 UTC 2018
------------------ testing $PTII/ptolemy/domains/de/test/auto/DEFixedPointLimitation.xml
auto.tcl: Setting watchdog for 200 seconds at Sat Nov 10 02:43:14 UTC 2018
3 ms. Memory: 208384K Free: 196353K (94%)
ptolemy.util.test.WatchDog.cancel(): canceling Sat Nov 10 02:43:14 UTC 2018
auto.tcl: Setting watchdog for 200 seconds at Sat Nov 10 02:43:14 UTC 2018
2 ms. Memory: 208384K Free: 196353K (94%)
ptolemy.util.test.WatchDog.cancel(): canceling Sat Nov 10 02:43:14 UTC 2018
------------------ testing $PTII/ptolemy/domains/de/test/auto/DEScheduleTest.xml
auto.tcl: Setting watchdog for 200 seconds at Sat Nov 10 02:43:14 UTC 2018
5 ms. Memory: 208384K Free: 198485K (95%)
ptolemy.util.test.WatchDog.cancel(): canceling Sat Nov 10 02:43:14 UTC 2018
auto.tcl: Setting watchdog for 200 seconds at Sat Nov 10 02:43:14 UTC 2018
4 ms. Memory: 208384K Free: 196389K (94%)
ptolemy.util.test.WatchDog.cancel(): canceling Sat Nov 10 02:43:14 UTC 2018
------------------ testing $PTII/ptolemy/domains/de/test/auto/DEinDEwithStartTimes.xml
auto.tcl: Setting watchdog for 200 seconds at Sat Nov 10 02:43:14 UTC 2018
5 ms. Memory: 208384K Free: 196696K (94%)
ptolemy.util.test.WatchDog.cancel(): canceling Sat Nov 10 02:43:14 UTC 2018
auto.tcl: Setting watchdog for 200 seconds at Sat Nov 10 02:43:14 UTC 2018
3 ms. Memory: 208384K Free: 194600K (93%)
ptolemy.util.test.WatchDog.cancel(): canceling Sat Nov 10 02:43:14 UTC 2018
------------------ testing $PTII/ptolemy/domains/de/test/auto/DEinDEwithStartTimes2.xml
auto.tcl: Setting watchdog for 200 seconds at Sat Nov 10 02:43:14 UTC 2018
7 ms. Memory: 208384K Free: 196338K (94%)
ptolemy.util.test.WatchDog.cancel(): canceling Sat Nov 10 02:43:14 UTC 2018
auto.tcl: Setting watchdog for 200 seconds at Sat Nov 10 02:43:14 UTC 2018
6 ms. Memory: 208384K Free: 194242K (93%)
ptolemy.util.test.WatchDog.cancel(): canceling Sat Nov 10 02:43:14 UTC 2018
------------------ testing $PTII/ptolemy/domains/de/test/auto/DateDemo.xml
auto.tcl: Setting watchdog for 200 seconds at Sat Nov 10 02:43:14 UTC 2018
17 ms. Memory: 208384K Free: 188787K (91%)
ptolemy.util.test.WatchDog.cancel(): canceling Sat Nov 10 02:43:14 UTC 2018
auto.tcl: Setting watchdog for 200 seconds at Sat Nov 10 02:43:14 UTC 2018
6 ms. Memory: 208384K Free: 186691K (90%)
ptolemy.util.test.WatchDog.cancel(): canceling Sat Nov 10 02:43:14 UTC 2018
------------------ testing $PTII/ptolemy/domains/de/test/auto/DateToEvent.xml
auto.tcl: Setting watchdog for 200 seconds at Sat Nov 10 02:43:14 UTC 2018
2020 ms. Memory: 208384K Free: 183522K (88%)
ptolemy.util.test.WatchDog.cancel(): canceling Sat Nov 10 02:43:16 UTC 2018
auto.tcl: Setting watchdog for 200 seconds at Sat Nov 10 02:43:16 UTC 2018
2005 ms. Memory: 208384K Free: 183522K (88%)
ptolemy.util.test.WatchDog.cancel(): canceling Sat Nov 10 02:43:18 UTC 2018
------------------ testing $PTII/ptolemy/domains/de/test/auto/DepthTest1.xml
auto.tcl: Setting watchdog for 200 seconds at Sat Nov 10 02:43:18 UTC 2018
2 ms. Memory: 208384K Free: 198012K (95%)
ptolemy.util.test.WatchDog.cancel(): canceling Sat Nov 10 02:43:18 UTC 2018
auto.tcl: Setting watchdog for 200 seconds at Sat Nov 10 02:43:18 UTC 2018
4 ms. Memory: 208384K Free: 198012K (95%)
ptolemy.util.test.WatchDog.cancel(): canceling Sat Nov 10 02:43:18 UTC 2018
------------------ testing $PTII/ptolemy/domains/de/test/auto/DepthTest2.xml
auto.tcl: Setting watchdog for 200 seconds at Sat Nov 10 02:43:18 UTC 2018
8 ms. Memory: 208384K Free: 194221K (93%)
ptolemy.util.test.WatchDog.cancel(): canceling Sat Nov 10 02:43:19 UTC 2018
auto.tcl: Setting watchdog for 200 seconds at Sat Nov 10 02:43:19 UTC 2018
6 ms. Memory: 208384K Free: 194221K (93%)
ptolemy.util.test.WatchDog.cancel(): canceling Sat Nov 10 02:43:19 UTC 2018
------------------ testing $PTII/ptolemy/domains/de/test/auto/DepthTest3.xml
auto.tcl: Setting watchdog for 200 seconds at Sat Nov 10 02:43:19 UTC 2018
1 ms. Memory: 208384K Free: 198346K (95%)
ptolemy.util.test.WatchDog.cancel(): canceling Sat Nov 10 02:43:19 UTC 2018
auto.tcl: Setting watchdog for 200 seconds at Sat Nov 10 02:43:19 UTC 2018
2 ms. Memory: 208384K Free: 198346K (95%)
ptolemy.util.test.WatchDog.cancel(): canceling Sat Nov 10 02:43:19 UTC 2018
------------------ testing $PTII/ptolemy/domains/de/test/auto/DepthTest4.xml
auto.tcl: Setting watchdog for 200 seconds at Sat Nov 10 02:43:19 UTC 2018
3 ms. Memory: 208384K Free: 196335K (94%)
ptolemy.util.test.WatchDog.cancel(): canceling Sat Nov 10 02:43:19 UTC 2018
auto.tcl: Setting watchdog for 200 seconds at Sat Nov 10 02:43:19 UTC 2018
2 ms. Memory: 208384K Free: 196335K (94%)
ptolemy.util.test.WatchDog.cancel(): canceling Sat Nov 10 02:43:19 UTC 2018
------------------ testing $PTII/ptolemy/domains/de/test/auto/DepthTest5.xml
auto.tcl: Setting watchdog for 200 seconds at Sat Nov 10 02:43:19 UTC 2018
3 ms. Memory: 208384K Free: 196284K (94%)
ptolemy.util.test.WatchDog.cancel(): canceling Sat Nov 10 02:43:19 UTC 2018
auto.tcl: Setting watchdog for 200 seconds at Sat Nov 10 02:43:19 UTC 2018
2 ms. Memory: 208384K Free: 196284K (94%)
ptolemy.util.test.WatchDog.cancel(): canceling Sat Nov 10 02:43:19 UTC 2018
------------------ testing $PTII/ptolemy/domains/de/test/auto/DepthTest6.xml
auto.tcl: Setting watchdog for 200 seconds at Sat Nov 10 02:43:19 UTC 2018
7 ms. Memory: 208384K Free: 196589K (94%)
ptolemy.util.test.WatchDog.cancel(): canceling Sat Nov 10 02:43:19 UTC 2018
auto.tcl: Setting watchdog for 200 seconds at Sat Nov 10 02:43:19 UTC 2018
2 ms. Memory: 208384K Free: 196589K (94%)
ptolemy.util.test.WatchDog.cancel(): canceling Sat Nov 10 02:43:19 UTC 2018
------------------ testing $PTII/ptolemy/domains/de/test/auto/DepthTest7.xml
auto.tcl: Setting watchdog for 200 seconds at Sat Nov 10 02:43:19 UTC 2018
3 ms. Memory: 208384K Free: 196242K (94%)
ptolemy.util.test.WatchDog.cancel(): canceling Sat Nov 10 02:43:19 UTC 2018
auto.tcl: Setting watchdog for 200 seconds at Sat Nov 10 02:43:19 UTC 2018
2 ms. Memory: 208384K Free: 196242K (94%)
ptolemy.util.test.WatchDog.cancel(): canceling Sat Nov 10 02:43:19 UTC 2018
------------------ testing $PTII/ptolemy/domains/de/test/auto/EventToDate.xml
auto.tcl: Setting watchdog for 200 seconds at Sat Nov 10 02:43:19 UTC 2018
3009 ms. Memory: 208384K Free: 183326K (88%)
ptolemy.util.test.WatchDog.cancel(): canceling Sat Nov 10 02:43:22 UTC 2018
auto.tcl: Setting watchdog for 200 seconds at Sat Nov 10 02:43:22 UTC 2018
3004 ms. Memory: 208384K Free: 183326K (88%)
ptolemy.util.test.WatchDog.cancel(): canceling Sat Nov 10 02:43:25 UTC 2018
------------------ testing $PTII/ptolemy/domains/de/test/auto/FSM1.xml
auto.tcl: Setting watchdog for 200 seconds at Sat Nov 10 02:43:25 UTC 2018
22 ms. Memory: 208384K Free: 189302K (91%)
ptolemy.util.test.WatchDog.cancel(): canceling Sat Nov 10 02:43:25 UTC 2018
auto.tcl: Setting watchdog for 200 seconds at Sat Nov 10 02:43:25 UTC 2018
18 ms. Memory: 208384K Free: 185110K (89%)
ptolemy.util.test.WatchDog.cancel(): canceling Sat Nov 10 02:43:25 UTC 2018
------------------ testing $PTII/ptolemy/domains/de/test/auto/FSM7.xml
auto.tcl: Setting watchdog for 200 seconds at Sat Nov 10 02:43:25 UTC 2018
22 ms. Memory: 208384K Free: 187410K (90%)
ptolemy.util.test.WatchDog.cancel(): canceling Sat Nov 10 02:43:25 UTC 2018
auto.tcl: Setting watchdog for 200 seconds at Sat Nov 10 02:43:25 UTC 2018
18 ms. Memory: 208384K Free: 185314K (89%)
ptolemy.util.test.WatchDog.cancel(): canceling Sat Nov 10 02:43:25 UTC 2018
------------------ testing $PTII/ptolemy/domains/de/test/auto/Inspection.xml
auto.tcl: Setting watchdog for 200 seconds at Sat Nov 10 02:43:25 UTC 2018
37 ms. Memory: 208384K Free: 188962K (91%)
ptolemy.util.test.WatchDog.cancel(): canceling Sat Nov 10 02:43:25 UTC 2018
auto.tcl: Setting watchdog for 200 seconds at Sat Nov 10 02:43:25 UTC 2018
21 ms. Memory: 208384K Free: 186866K (90%)
ptolemy.util.test.WatchDog.cancel(): canceling Sat Nov 10 02:43:25 UTC 2018
------------------ testing $PTII/ptolemy/domains/de/test/auto/Iteration.xml
auto.tcl: Setting watchdog for 200 seconds at Sat Nov 10 02:43:25 UTC 2018
9 ms. Memory: 208384K Free: 196387K (94%)
ptolemy.util.test.WatchDog.cancel(): canceling Sat Nov 10 02:43:25 UTC 2018
auto.tcl: Setting watchdog for 200 seconds at Sat Nov 10 02:43:25 UTC 2018
8 ms. Memory: 208384K Free: 193953K (93%)
ptolemy.util.test.WatchDog.cancel(): canceling Sat Nov 10 02:43:26 UTC 2018
------------------ testing $PTII/ptolemy/domains/de/test/auto/LineFault.xml
auto.tcl: Setting watchdog for 200 seconds at Sat Nov 10 02:43:26 UTC 2018
712 ms. Memory: 208384K Free: 196243K (94%)
ptolemy.util.test.WatchDog.cancel(): canceling Sat Nov 10 02:43:27 UTC 2018
auto.tcl: Setting watchdog for 200 seconds at Sat Nov 10 02:43:27 UTC 2018
587 ms. Memory: 208384K Free: 139016K (67%)
ptolemy.util.test.WatchDog.cancel(): canceling Sat Nov 10 02:43:27 UTC 2018
------------------ testing $PTII/ptolemy/domains/de/test/auto/MergeModel1Add.xml
auto.tcl: Setting watchdog for 200 seconds at Sat Nov 10 02:43:27 UTC 2018
22 ms. Memory: 328704K Free: 296355K (90%)
ptolemy.util.test.WatchDog.cancel(): canceling Sat Nov 10 02:43:27 UTC 2018
auto.tcl: Setting watchdog for 200 seconds at Sat Nov 10 02:43:27 UTC 2018
9 ms. Memory: 328704K Free: 296355K (90%)
ptolemy.util.test.WatchDog.cancel(): canceling Sat Nov 10 02:43:27 UTC 2018
------------------ testing $PTII/ptolemy/domains/de/test/auto/MergeModel2Add.xml
auto.tcl: Setting watchdog for 200 seconds at Sat Nov 10 02:43:27 UTC 2018
13 ms. Memory: 329216K Free: 302144K (92%)
ptolemy.util.test.WatchDog.cancel(): canceling Sat Nov 10 02:43:27 UTC 2018
auto.tcl: Setting watchdog for 200 seconds at Sat Nov 10 02:43:27 UTC 2018
8 ms. Memory: 329216K Free: 298206K (91%)
ptolemy.util.test.WatchDog.cancel(): canceling Sat Nov 10 02:43:27 UTC 2018
------------------ testing $PTII/ptolemy/domains/de/test/auto/MergeModel3Add.xml
auto.tcl: Setting watchdog for 200 seconds at Sat Nov 10 02:43:27 UTC 2018
12 ms. Memory: 329216K Free: 302106K (92%)
ptolemy.util.test.WatchDog.cancel(): canceling Sat Nov 10 02:43:28 UTC 2018
auto.tcl: Setting watchdog for 200 seconds at Sat Nov 10 02:43:28 UTC 2018
12 ms. Memory: 329216K Free: 298160K (91%)
ptolemy.util.test.WatchDog.cancel(): canceling Sat Nov 10 02:43:28 UTC 2018
------------------ testing $PTII/ptolemy/domains/de/test/auto/MergeWithoutDiscard.xml
auto.tcl: Setting watchdog for 200 seconds at Sat Nov 10 02:43:28 UTC 2018
2 ms. Memory: 329216K Free: 314226K (95%)
ptolemy.util.test.WatchDog.cancel(): canceling Sat Nov 10 02:43:28 UTC 2018
auto.tcl: Setting watchdog for 200 seconds at Sat Nov 10 02:43:28 UTC 2018
2 ms. Memory: 329216K Free: 314226K (95%)
ptolemy.util.test.WatchDog.cancel(): canceling Sat Nov 10 02:43:28 UTC 2018
------------------ testing $PTII/ptolemy/domains/de/test/auto/Modal1.xml
auto.tcl: Setting watchdog for 200 seconds at Sat Nov 10 02:43:28 UTC 2018
16 ms. Memory: 329216K Free: 307835K (94%)
ptolemy.util.test.WatchDog.cancel(): canceling Sat Nov 10 02:43:28 UTC 2018
auto.tcl: Setting watchdog for 200 seconds at Sat Nov 10 02:43:28 UTC 2018
25 ms. Memory: 329216K Free: 303889K (92%)
ptolemy.util.test.WatchDog.cancel(): canceling Sat Nov 10 02:43:28 UTC 2018
------------------ testing $PTII/ptolemy/domains/de/test/auto/Modal2.xml
auto.tcl: Setting watchdog for 200 seconds at Sat Nov 10 02:43:28 UTC 2018
16 ms. Memory: 329216K Free: 307717K (93%)
ptolemy.util.test.WatchDog.cancel(): canceling Sat Nov 10 02:43:28 UTC 2018
auto.tcl: Setting watchdog for 200 seconds at Sat Nov 10 02:43:28 UTC 2018
19 ms. Memory: 329216K Free: 303771K (92%)
ptolemy.util.test.WatchDog.cancel(): canceling Sat Nov 10 02:43:28 UTC 2018
------------------ testing $PTII/ptolemy/domains/de/test/auto/Modal3.xml
auto.tcl: Setting watchdog for 200 seconds at Sat Nov 10 02:43:28 UTC 2018
18 ms. Memory: 328192K Free: 306969K (94%)
ptolemy.util.test.WatchDog.cancel(): canceling Sat Nov 10 02:43:28 UTC 2018
auto.tcl: Setting watchdog for 200 seconds at Sat Nov 10 02:43:28 UTC 2018
15 ms. Memory: 328192K Free: 302737K (92%)
ptolemy.util.test.WatchDog.cancel(): canceling Sat Nov 10 02:43:28 UTC 2018
------------------ testing $PTII/ptolemy/domains/de/test/auto/Modal4.xml
auto.tcl: Setting watchdog for 200 seconds at Sat Nov 10 02:43:28 UTC 2018
13 ms. Memory: 328704K Free: 302579K (92%)
ptolemy.util.test.WatchDog.cancel(): canceling Sat Nov 10 02:43:28 UTC 2018
auto.tcl: Setting watchdog for 200 seconds at Sat Nov 10 02:43:28 UTC 2018
14 ms. Memory: 328704K Free: 298347K (91%)
ptolemy.util.test.WatchDog.cancel(): canceling Sat Nov 10 02:43:28 UTC 2018
------------------ testing $PTII/ptolemy/domains/de/test/auto/Modal5.xml
auto.tcl: Setting watchdog for 200 seconds at Sat Nov 10 02:43:28 UTC 2018
15 ms. Memory: 328704K Free: 307197K (93%)
ptolemy.util.test.WatchDog.cancel(): canceling Sat Nov 10 02:43:28 UTC 2018
auto.tcl: Setting watchdog for 200 seconds at Sat Nov 10 02:43:28 UTC 2018
12 ms. Memory: 328704K Free: 303251K (92%)
ptolemy.util.test.WatchDog.cancel(): canceling Sat Nov 10 02:43:28 UTC 2018
------------------ testing $PTII/ptolemy/domains/de/test/auto/Modal6.xml
auto.tcl: Setting watchdog for 200 seconds at Sat Nov 10 02:43:28 UTC 2018
11 ms. Memory: 328704K Free: 307194K (93%)
ptolemy.util.test.WatchDog.cancel(): canceling Sat Nov 10 02:43:28 UTC 2018
auto.tcl: Setting watchdog for 200 seconds at Sat Nov 10 02:43:28 UTC 2018
12 ms. Memory: 328704K Free: 303248K (92%)
ptolemy.util.test.WatchDog.cancel(): canceling Sat Nov 10 02:43:28 UTC 2018
------------------ testing $PTII/ptolemy/domains/de/test/auto/Modal7.xml
auto.tcl: Setting watchdog for 200 seconds at Sat Nov 10 02:43:28 UTC 2018
10 ms. Memory: 328704K Free: 307193K (93%)
ptolemy.util.test.WatchDog.cancel(): canceling Sat Nov 10 02:43:28 UTC 2018
auto.tcl: Setting watchdog for 200 seconds at Sat Nov 10 02:43:28 UTC 2018
10 ms. Memory: 328704K Free: 303247K (92%)
ptolemy.util.test.WatchDog.cancel(): canceling Sat Nov 10 02:43:28 UTC 2018
------------------ testing $PTII/ptolemy/domains/de/test/auto/ModalModel.xml
auto.tcl: Setting watchdog for 200 seconds at Sat Nov 10 02:43:28 UTC 2018
165 ms. Memory: 327168K Free: 242177K (74%)
ptolemy.util.test.WatchDog.cancel(): canceling Sat Nov 10 02:43:29 UTC 2018
auto.tcl: Setting watchdog for 200 seconds at Sat Nov 10 02:43:29 UTC 2018
173 ms. Memory: 327168K Free: 186933K (57%)
ptolemy.util.test.WatchDog.cancel(): canceling Sat Nov 10 02:43:29 UTC 2018
------------------ testing $PTII/ptolemy/domains/de/test/auto/ModalSource.xml
auto.tcl: Setting watchdog for 200 seconds at Sat Nov 10 02:43:29 UTC 2018
6 ms. Memory: 327680K Free: 312966K (96%)
ptolemy.util.test.WatchDog.cancel(): canceling Sat Nov 10 02:43:29 UTC 2018
auto.tcl: Setting watchdog for 200 seconds at Sat Nov 10 02:43:29 UTC 2018
6 ms. Memory: 327680K Free: 309459K (94%)
ptolemy.util.test.WatchDog.cancel(): canceling Sat Nov 10 02:43:29 UTC 2018
------------------ testing $PTII/ptolemy/domains/de/test/auto/NonInterruptibleTimerZeroDelay.xml
auto.tcl: Setting watchdog for 200 seconds at Sat Nov 10 02:43:29 UTC 2018
4 ms. Memory: 328192K Free: 317830K (97%)
ptolemy.util.test.WatchDog.cancel(): canceling Sat Nov 10 02:43:29 UTC 2018
auto.tcl: Setting watchdog for 200 seconds at Sat Nov 10 02:43:29 UTC 2018
2 ms. Memory: 328192K Free: 314315K (96%)
ptolemy.util.test.WatchDog.cancel(): canceling Sat Nov 10 02:43:29 UTC 2018
------------------ testing $PTII/ptolemy/domains/de/test/auto/OpenQueueingNetwork.xml
auto.tcl: Setting watchdog for 200 seconds at Sat Nov 10 02:43:29 UTC 2018
2671 ms. Memory: 574464K Free: 414611K (72%)
ptolemy.util.test.WatchDog.cancel(): canceling Sat Nov 10 02:43:32 UTC 2018
auto.tcl: Setting watchdog for 200 seconds at Sat Nov 10 02:43:32 UTC 2018
2365 ms. Memory: 574464K Free: 340603K (59%)
ptolemy.util.test.WatchDog.cancel(): canceling Sat Nov 10 02:43:34 UTC 2018
------------------ testing $PTII/ptolemy/domains/de/test/auto/OpenQueuingNetwork.xml
auto.tcl: Setting watchdog for 200 seconds at Sat Nov 10 02:43:34 UTC 2018
231 ms. Memory: 1065984K Free: 947072K (89%)
ptolemy.util.test.WatchDog.cancel(): canceling Sat Nov 10 02:43:35 UTC 2018
auto.tcl: Setting watchdog for 200 seconds at Sat Nov 10 02:43:35 UTC 2018
230 ms. Memory: 1065984K Free: 890185K (84%)
ptolemy.util.test.WatchDog.cancel(): canceling Sat Nov 10 02:43:35 UTC 2018
------------------ testing $PTII/ptolemy/domains/de/test/auto/PeriodicSampler.xml
auto.tcl: Setting watchdog for 200 seconds at Sat Nov 10 02:43:35 UTC 2018
2 ms. Memory: 1065984K Free: 1029930K (97%)
ptolemy.util.test.WatchDog.cancel(): canceling Sat Nov 10 02:43:35 UTC 2018
auto.tcl: Setting watchdog for 200 seconds at Sat Nov 10 02:43:35 UTC 2018
2 ms. Memory: 1065984K Free: 1029930K (97%)
ptolemy.util.test.WatchDog.cancel(): canceling Sat Nov 10 02:43:35 UTC 2018
------------------ testing $PTII/ptolemy/domains/de/test/auto/PersistentIO.xml
auto.tcl: Setting watchdog for 200 seconds at Sat Nov 10 02:43:35 UTC 2018
11 ms. Memory: 1065984K Free: 1030529K (97%)
ptolemy.util.test.WatchDog.cancel(): canceling Sat Nov 10 02:43:35 UTC 2018
auto.tcl: Setting watchdog for 200 seconds at Sat Nov 10 02:43:35 UTC 2018
4 ms. Memory: 1065984K Free: 1030529K (97%)
ptolemy.util.test.WatchDog.cancel(): canceling Sat Nov 10 02:43:35 UTC 2018
------------------ testing $PTII/ptolemy/domains/de/test/auto/PortParameterResetOnInitialize.xml
auto.tcl: Setting watchdog for 200 seconds at Sat Nov 10 02:43:35 UTC 2018
5 ms. Memory: 1065984K Free: 1029909K (97%)
ptolemy.util.test.WatchDog.cancel(): canceling Sat Nov 10 02:43:35 UTC 2018
auto.tcl: Setting watchdog for 200 seconds at Sat Nov 10 02:43:35 UTC 2018
2 ms. Memory: 1065984K Free: 1029909K (97%)
ptolemy.util.test.WatchDog.cancel(): canceling Sat Nov 10 02:43:35 UTC 2018
------------------ testing $PTII/ptolemy/domains/de/test/auto/PortParameterUpdates.xml
auto.tcl: Setting watchdog for 200 seconds at Sat Nov 10 02:43:35 UTC 2018
3 ms. Memory: 1064960K Free: 1029500K (97%)
ptolemy.util.test.WatchDog.cancel(): canceling Sat Nov 10 02:43:35 UTC 2018
auto.tcl: Setting watchdog for 200 seconds at Sat Nov 10 02:43:35 UTC 2018
7 ms. Memory: 1064960K Free: 1029500K (97%)
ptolemy.util.test.WatchDog.cancel(): canceling Sat Nov 10 02:43:35 UTC 2018
------------------ testing $PTII/ptolemy/domains/de/test/auto/QueueAndServer.xml
auto.tcl: Setting watchdog for 200 seconds at Sat Nov 10 02:43:35 UTC 2018
7 ms. Memory: 1065472K Free: 1029494K (97%)
ptolemy.util.test.WatchDog.cancel(): canceling Sat Nov 10 02:43:35 UTC 2018
auto.tcl: Setting watchdog for 200 seconds at Sat Nov 10 02:43:35 UTC 2018
6 ms. Memory: 1065472K Free: 1029494K (97%)
ptolemy.util.test.WatchDog.cancel(): canceling Sat Nov 10 02:43:35 UTC 2018
------------------ testing $PTII/ptolemy/domains/de/test/auto/Records.xml
auto.tcl: Setting watchdog for 200 seconds at Sat Nov 10 02:43:35 UTC 2018
5 ms. Memory: 1065472K Free: 1039266K (98%)
ptolemy.util.test.WatchDog.cancel(): canceling Sat Nov 10 02:43:35 UTC 2018
auto.tcl: Setting watchdog for 200 seconds at Sat Nov 10 02:43:35 UTC 2018
2 ms. Memory: 1065472K Free: 1039266K (98%)
ptolemy.util.test.WatchDog.cancel(): canceling Sat Nov 10 02:43:35 UTC 2018
------------------ testing $PTII/ptolemy/domains/de/test/auto/ResetTransitionWithStartTime1.xml
auto.tcl: Setting watchdog for 200 seconds at Sat Nov 10 02:43:35 UTC 2018
13 ms. Memory: 1065472K Free: 1039292K (98%)
ptolemy.util.test.WatchDog.cancel(): canceling Sat Nov 10 02:43:35 UTC 2018
auto.tcl: Setting watchdog for 200 seconds at Sat Nov 10 02:43:35 UTC 2018
6 ms. Memory: 1065472K Free: 1039292K (98%)
ptolemy.util.test.WatchDog.cancel(): canceling Sat Nov 10 02:43:35 UTC 2018
------------------ testing $PTII/ptolemy/domains/de/test/auto/ResetTransitionWithStartTime2.xml
auto.tcl: Setting watchdog for 200 seconds at Sat Nov 10 02:43:35 UTC 2018
6 ms. Memory: 1065472K Free: 1039765K (98%)
ptolemy.util.test.WatchDog.cancel(): canceling Sat Nov 10 02:43:35 UTC 2018
auto.tcl: Setting watchdog for 200 seconds at Sat Nov 10 02:43:35 UTC 2018
9 ms. Memory: 1065472K Free: 1039765K (98%)
ptolemy.util.test.WatchDog.cancel(): canceling Sat Nov 10 02:43:35 UTC 2018
------------------ testing $PTII/ptolemy/domains/de/test/auto/ResetTransitionWithStartTime3.xml
auto.tcl: Setting watchdog for 200 seconds at Sat Nov 10 02:43:36 UTC 2018
6 ms. Memory: 1065472K Free: 1039625K (98%)
ptolemy.util.test.WatchDog.cancel(): canceling Sat Nov 10 02:43:36 UTC 2018
auto.tcl: Setting watchdog for 200 seconds at Sat Nov 10 02:43:36 UTC 2018
6 ms. Memory: 1065472K Free: 1039625K (98%)
ptolemy.util.test.WatchDog.cancel(): canceling Sat Nov 10 02:43:36 UTC 2018
------------------ testing $PTII/ptolemy/domains/de/test/auto/ResetTransitionWithStartTime4.xml
auto.tcl: Setting watchdog for 200 seconds at Sat Nov 10 02:43:36 UTC 2018
5 ms. Memory: 1065472K Free: 1029311K (97%)
ptolemy.util.test.WatchDog.cancel(): canceling Sat Nov 10 02:43:36 UTC 2018
auto.tcl: Setting watchdog for 200 seconds at Sat Nov 10 02:43:36 UTC 2018
4 ms. Memory: 1065472K Free: 1029311K (97%)
ptolemy.util.test.WatchDog.cancel(): canceling Sat Nov 10 02:43:36 UTC 2018
------------------ testing $PTII/ptolemy/domains/de/test/auto/ResettableTimer1.xml
auto.tcl: Setting watchdog for 200 seconds at Sat Nov 10 02:43:36 UTC 2018
3 ms. Memory: 1064448K Free: 1038113K (98%)
ptolemy.util.test.WatchDog.cancel(): canceling Sat Nov 10 02:43:36 UTC 2018
auto.tcl: Setting watchdog for 200 seconds at Sat Nov 10 02:43:36 UTC 2018
2 ms. Memory: 1064448K Free: 1038113K (98%)
ptolemy.util.test.WatchDog.cancel(): canceling Sat Nov 10 02:43:36 UTC 2018
------------------ testing $PTII/ptolemy/domains/de/test/auto/ResettableTimer2.xml
auto.tcl: Setting watchdog for 200 seconds at Sat Nov 10 02:43:36 UTC 2018
4 ms. Memory: 1064960K Free: 1039165K (98%)
ptolemy.util.test.WatchDog.cancel(): canceling Sat Nov 10 02:43:36 UTC 2018
auto.tcl: Setting watchdog for 200 seconds at Sat Nov 10 02:43:36 UTC 2018
2 ms. Memory: 1064960K Free: 1039165K (98%)
ptolemy.util.test.WatchDog.cancel(): canceling Sat Nov 10 02:43:36 UTC 2018
------------------ testing $PTII/ptolemy/domains/de/test/auto/ResettableTimer3.xml
auto.tcl: Setting watchdog for 200 seconds at Sat Nov 10 02:43:36 UTC 2018
2 ms. Memory: 1064960K Free: 1028851K (97%)
ptolemy.util.test.WatchDog.cancel(): canceling Sat Nov 10 02:43:36 UTC 2018
auto.tcl: Setting watchdog for 200 seconds at Sat Nov 10 02:43:36 UTC 2018
1 ms. Memory: 1064960K Free: 1028851K (97%)
ptolemy.util.test.WatchDog.cancel(): canceling Sat Nov 10 02:43:36 UTC 2018
------------------ testing $PTII/ptolemy/domains/de/test/auto/ResettableTimer4.xml
auto.tcl: Setting watchdog for 200 seconds at Sat Nov 10 02:43:36 UTC 2018
2 ms. Memory: 1064960K Free: 1039178K (98%)
ptolemy.util.test.WatchDog.cancel(): canceling Sat Nov 10 02:43:36 UTC 2018
auto.tcl: Setting watchdog for 200 seconds at Sat Nov 10 02:43:36 UTC 2018
1 ms. Memory: 1064960K Free: 1039178K (98%)
ptolemy.util.test.WatchDog.cancel(): canceling Sat Nov 10 02:43:36 UTC 2018
------------------ testing $PTII/ptolemy/domains/de/test/auto/ResettableTimer5.xml
auto.tcl: Setting watchdog for 200 seconds at Sat Nov 10 02:43:36 UTC 2018
6 ms. Memory: 1064960K Free: 1029345K (97%)
ptolemy.util.test.WatchDog.cancel(): canceling Sat Nov 10 02:43:36 UTC 2018
auto.tcl: Setting watchdog for 200 seconds at Sat Nov 10 02:43:36 UTC 2018
3 ms. Memory: 1064960K Free: 1029345K (97%)
ptolemy.util.test.WatchDog.cancel(): canceling Sat Nov 10 02:43:36 UTC 2018
------------------ testing $PTII/ptolemy/domains/de/test/auto/ResettableTimer6.xml
auto.tcl: Setting watchdog for 200 seconds at Sat Nov 10 02:43:36 UTC 2018
2 ms. Memory: 1064960K Free: 1028813K (97%)
ptolemy.util.test.WatchDog.cancel(): canceling Sat Nov 10 02:43:36 UTC 2018
auto.tcl: Setting watchdog for 200 seconds at Sat Nov 10 02:43:36 UTC 2018
2 ms. Memory: 1064960K Free: 1028813K (97%)
ptolemy.util.test.WatchDog.cancel(): canceling Sat Nov 10 02:43:36 UTC 2018
------------------ testing $PTII/ptolemy/domains/de/test/auto/ServerZeroDelay.xml
auto.tcl: Setting watchdog for 200 seconds at Sat Nov 10 02:43:36 UTC 2018
4 ms. Memory: 1064960K Free: 1039115K (98%)
ptolemy.util.test.WatchDog.cancel(): canceling Sat Nov 10 02:43:36 UTC 2018
auto.tcl: Setting watchdog for 200 seconds at Sat Nov 10 02:43:36 UTC 2018
2 ms. Memory: 1064960K Free: 1039115K (98%)
ptolemy.util.test.WatchDog.cancel(): canceling Sat Nov 10 02:43:36 UTC 2018
------------------ testing $PTII/ptolemy/domains/de/test/auto/SmartSender.xml
auto.tcl: Setting watchdog for 200 seconds at Sat Nov 10 02:43:36 UTC 2018
3001 ms. Memory: 1064960K Free: 1029280K (97%)
ptolemy.util.test.WatchDog.cancel(): canceling Sat Nov 10 02:43:39 UTC 2018
auto.tcl: Setting watchdog for 200 seconds at Sat Nov 10 02:43:39 UTC 2018
3001 ms. Memory: 1064960K Free: 1029280K (97%)
ptolemy.util.test.WatchDog.cancel(): canceling Sat Nov 10 02:43:42 UTC 2018
------------------ testing $PTII/ptolemy/domains/de/test/auto/ThreadedComposite.xml
auto.tcl: Setting watchdog for 200 seconds at Sat Nov 10 02:43:42 UTC 2018
208 ms. Memory: 1064960K Free: 997765K (94%)
ptolemy.util.test.WatchDog.cancel(): canceling Sat Nov 10 02:43:42 UTC 2018
auto.tcl: Setting watchdog for 200 seconds at Sat Nov 10 02:43:42 UTC 2018
104 ms. Memory: 1064960K Free: 978104K (92%)
ptolemy.util.test.WatchDog.cancel(): canceling Sat Nov 10 02:43:42 UTC 2018
------------------ testing $PTII/ptolemy/domains/de/test/auto/Time.xml
auto.tcl: Setting watchdog for 200 seconds at Sat Nov 10 02:43:43 UTC 2018
535 ms. Memory: 1064960K Free: 989199K (93%)
ptolemy.util.test.WatchDog.cancel(): canceling Sat Nov 10 02:43:43 UTC 2018
auto.tcl: Setting watchdog for 200 seconds at Sat Nov 10 02:43:43 UTC 2018
557 ms. Memory: 1064960K Free: 932312K (88%)
ptolemy.util.test.WatchDog.cancel(): canceling Sat Nov 10 02:43:44 UTC 2018
------------------ testing $PTII/ptolemy/domains/de/test/auto/TimeDelayZeroDelay.xml
auto.tcl: Setting watchdog for 200 seconds at Sat Nov 10 02:43:44 UTC 2018
2 ms. Memory: 1064960K Free: 1038549K (98%)
ptolemy.util.test.WatchDog.cancel(): canceling Sat Nov 10 02:43:44 UTC 2018
auto.tcl: Setting watchdog for 200 seconds at Sat Nov 10 02:43:44 UTC 2018
2 ms. Memory: 1064960K Free: 1038549K (98%)
ptolemy.util.test.WatchDog.cancel(): canceling Sat Nov 10 02:43:44 UTC 2018
------------------ testing $PTII/ptolemy/domains/de/test/auto/TimerZeroDelay.xml
auto.tcl: Setting watchdog for 200 seconds at Sat Nov 10 02:43:44 UTC 2018
4 ms. Memory: 1064960K Free: 1039075K (98%)
ptolemy.util.test.WatchDog.cancel(): canceling Sat Nov 10 02:43:44 UTC 2018
auto.tcl: Setting watchdog for 200 seconds at Sat Nov 10 02:43:44 UTC 2018
2 ms. Memory: 1064960K Free: 1039075K (98%)
ptolemy.util.test.WatchDog.cancel(): canceling Sat Nov 10 02:43:44 UTC 2018
------------------ testing $PTII/ptolemy/domains/de/test/auto/TimingParadox.xml
auto.tcl: Setting watchdog for 200 seconds at Sat Nov 10 02:43:44 UTC 2018
422 ms. Memory: 1064960K Free: 974969K (92%)
ptolemy.util.test.WatchDog.cancel(): canceling Sat Nov 10 02:43:44 UTC 2018
auto.tcl: Setting watchdog for 200 seconds at Sat Nov 10 02:43:44 UTC 2018
348 ms. Memory: 1064960K Free: 940837K (88%)
ptolemy.util.test.WatchDog.cancel(): canceling Sat Nov 10 02:43:45 UTC 2018
------------------ testing $PTII/ptolemy/domains/de/test/auto/TransferInputs.xml
auto.tcl: Setting watchdog for 200 seconds at Sat Nov 10 02:43:45 UTC 2018
2 ms. Memory: 1064960K Free: 1037977K (97%)
ptolemy.util.test.WatchDog.cancel(): canceling Sat Nov 10 02:43:45 UTC 2018
auto.tcl: Setting watchdog for 200 seconds at Sat Nov 10 02:43:45 UTC 2018
2 ms. Memory: 1064960K Free: 1037977K (97%)
ptolemy.util.test.WatchDog.cancel(): canceling Sat Nov 10 02:43:45 UTC 2018
------------------ testing $PTII/ptolemy/domains/de/test/auto/TransferOutputs2.xml
auto.tcl: Setting watchdog for 200 seconds at Sat Nov 10 02:43:45 UTC 2018
3 ms. Memory: 1064960K Free: 1029249K (97%)
ptolemy.util.test.WatchDog.cancel(): canceling Sat Nov 10 02:43:45 UTC 2018
auto.tcl: Setting watchdog for 200 seconds at Sat Nov 10 02:43:45 UTC 2018
4 ms. Memory: 1064960K Free: 1029249K (97%)
ptolemy.util.test.WatchDog.cancel(): canceling Sat Nov 10 02:43:45 UTC 2018
------------------ testing $PTII/ptolemy/domains/de/test/auto/Trilateration.xml
auto.tcl: Setting watchdog for 200 seconds at Sat Nov 10 02:43:45 UTC 2018
13802 ms. Memory: 933376K Free: 791731K (85%)
ptolemy.util.test.WatchDog.cancel(): canceling Sat Nov 10 02:44:00 UTC 2018
auto.tcl: Setting watchdog for 200 seconds at Sat Nov 10 02:44:00 UTC 2018
10925 ms. Memory: 813056K Free: 523792K (64%)
ptolemy.util.test.WatchDog.cancel(): canceling Sat Nov 10 02:44:11 UTC 2018
------------------ testing $PTII/ptolemy/domains/de/test/auto/TwoSigmaDelta.xml
auto.tcl: Setting watchdog for 200 seconds at Sat Nov 10 02:44:11 UTC 2018
2753 ms. Memory: 817152K Free: 512246K (63%)
ptolemy.util.test.WatchDog.cancel(): canceling Sat Nov 10 02:44:14 UTC 2018
auto.tcl: Setting watchdog for 200 seconds at Sat Nov 10 02:44:14 UTC 2018
2023 ms. Memory: 817152K Free: 277445K (34%)
ptolemy.util.test.WatchDog.cancel(): canceling Sat Nov 10 02:44:16 UTC 2018
------------------ testing $PTII/ptolemy/domains/de/test/auto/VariableDelay.xml
auto.tcl: Setting watchdog for 200 seconds at Sat Nov 10 02:44:16 UTC 2018
2 ms. Memory: 813568K Free: 790546K (97%)
ptolemy.util.test.WatchDog.cancel(): canceling Sat Nov 10 02:44:16 UTC 2018
auto.tcl: Setting watchdog for 200 seconds at Sat Nov 10 02:44:16 UTC 2018
2 ms. Memory: 813568K Free: 790546K (97%)
ptolemy.util.test.WatchDog.cancel(): canceling Sat Nov 10 02:44:16 UTC 2018
------------------ testing $PTII/ptolemy/domains/de/test/auto/VariableDelay2.xml
auto.tcl: Setting watchdog for 200 seconds at Sat Nov 10 02:44:16 UTC 2018
6 ms. Memory: 813056K Free: 790489K (97%)
ptolemy.util.test.WatchDog.cancel(): canceling Sat Nov 10 02:44:16 UTC 2018
auto.tcl: Setting watchdog for 200 seconds at Sat Nov 10 02:44:16 UTC 2018
8 ms. Memory: 813056K Free: 790489K (97%)
ptolemy.util.test.WatchDog.cancel(): canceling Sat Nov 10 02:44:16 UTC 2018
------------------ testing $PTII/ptolemy/domains/de/test/auto/VariableDelayZeroDelay.xml
auto.tcl: Setting watchdog for 200 seconds at Sat Nov 10 02:44:16 UTC 2018
2 ms. Memory: 813056K Free: 790488K (97%)
ptolemy.util.test.WatchDog.cancel(): canceling Sat Nov 10 02:44:16 UTC 2018
auto.tcl: Setting watchdog for 200 seconds at Sat Nov 10 02:44:16 UTC 2018
2 ms. Memory: 813056K Free: 790447K (97%)
ptolemy.util.test.WatchDog.cancel(): canceling Sat Nov 10 02:44:16 UTC 2018
------------------ testing $PTII/ptolemy/domains/de/test/auto/VariableDelayZeroDelay2.xml
auto.tcl: Setting watchdog for 200 seconds at Sat Nov 10 02:44:16 UTC 2018
2 ms. Memory: 816128K Free: 793558K (97%)
ptolemy.util.test.WatchDog.cancel(): canceling Sat Nov 10 02:44:16 UTC 2018
auto.tcl: Setting watchdog for 200 seconds at Sat Nov 10 02:44:16 UTC 2018
1 ms. Memory: 816128K Free: 793558K (97%)
ptolemy.util.test.WatchDog.cancel(): canceling Sat Nov 10 02:44:16 UTC 2018
------------------ testing $PTII/ptolemy/domains/de/test/auto/deInCt.xml
auto.tcl: Setting watchdog for 200 seconds at Sat Nov 10 02:44:16 UTC 2018
0
1
1
1
1
0
0
0
0
1
1
1
1
0
0
0
1
1
1
0
0
0
0
0
1
1
1
0
0
0
1
1
1
1
10 ms. Memory: 813056K Free: 783167K (96%)
ptolemy.util.test.WatchDog.cancel(): canceling Sat Nov 10 02:44:16 UTC 2018
auto.tcl: Setting watchdog for 200 seconds at Sat Nov 10 02:44:16 UTC 2018
0
1
1
1
0
0
0
0
0
0
0
0
0
1
1
1
0
0
0
1
1
1
0
0
0
1
1
0
0
0
1
1
1
0
0
0
0
10 ms. Memory: 813056K Free: 783167K (96%)
ptolemy.util.test.WatchDog.cancel(): canceling Sat Nov 10 02:44:16 UTC 2018
------------------ testing $PTII/ptolemy/domains/de/test/auto/deInCt2.xml
auto.tcl: Setting watchdog for 200 seconds at Sat Nov 10 02:44:16 UTC 2018
0
1
1
1
0
0
1
1
1
0
0
1
1
1
0
0
1
1
1
0
0
1
1
1
0
0
1
1
1
0
0
1
1
1
0
0
1
1
1
0
0
0
11 ms. Memory: 816128K Free: 786197K (96%)
ptolemy.util.test.WatchDog.cancel(): canceling Sat Nov 10 02:44:16 UTC 2018
auto.tcl: Setting watchdog for 200 seconds at Sat Nov 10 02:44:16 UTC 2018
0
1
1
1
0
0
1
1
1
0
0
1
1
1
0
0
1
1
1
0
0
1
1
1
0
0
1
1
1
0
0
1
1
1
0
0
1
1
1
0
0
0
5 ms. Memory: 816128K Free: 786197K (96%)
ptolemy.util.test.WatchDog.cancel(): canceling Sat Nov 10 02:44:16 UTC 2018
------------------ testing $PTII/ptolemy/domains/de/test/auto/dynamicCausalityInterface1.xml
auto.tcl: Setting watchdog for 200 seconds at Sat Nov 10 02:44:16 UTC 2018
1 ms. Memory: 813056K Free: 790479K (97%)
ptolemy.util.test.WatchDog.cancel(): canceling Sat Nov 10 02:44:16 UTC 2018
auto.tcl: Setting watchdog for 200 seconds at Sat Nov 10 02:44:16 UTC 2018
1 ms. Memory: 813056K Free: 790479K (97%)
ptolemy.util.test.WatchDog.cancel(): canceling Sat Nov 10 02:44:16 UTC 2018
------------------ testing $PTII/ptolemy/domains/de/test/auto/fsm_de_test.xml
auto.tcl: Setting watchdog for 200 seconds at Sat Nov 10 02:44:16 UTC 2018
7 ms. Memory: 815616K Free: 785617K (96%)
ptolemy.util.test.WatchDog.cancel(): canceling Sat Nov 10 02:44:16 UTC 2018
auto.tcl: Setting watchdog for 200 seconds at Sat Nov 10 02:44:16 UTC 2018
4 ms. Memory: 815616K Free: 785617K (96%)
ptolemy.util.test.WatchDog.cancel(): canceling Sat Nov 10 02:44:16 UTC 2018
------------------ testing $PTII/ptolemy/domains/de/test/auto/functionDependencyReconstruction.xml
auto.tcl: Setting watchdog for 200 seconds at Sat Nov 10 02:44:16 UTC 2018
3 ms. Memory: 813056K Free: 772579K (95%)
ptolemy.util.test.WatchDog.cancel(): canceling Sat Nov 10 02:44:16 UTC 2018
auto.tcl: Setting watchdog for 200 seconds at Sat Nov 10 02:44:16 UTC 2018
3 ms. Memory: 813056K Free: 772579K (95%)
ptolemy.util.test.WatchDog.cancel(): canceling Sat Nov 10 02:44:16 UTC 2018
------------------ testing $PTII/ptolemy/domains/de/test/auto/multirate.xml
auto.tcl: Setting watchdog for 200 seconds at Sat Nov 10 02:44:16 UTC 2018
3 ms. Memory: 815104K Free: 784970K (96%)
ptolemy.util.test.WatchDog.cancel(): canceling Sat Nov 10 02:44:16 UTC 2018
auto.tcl: Setting watchdog for 200 seconds at Sat Nov 10 02:44:16 UTC 2018
3 ms. Memory: 815104K Free: 784970K (96%)
ptolemy.util.test.WatchDog.cancel(): canceling Sat Nov 10 02:44:17 UTC 2018
------------------ testing $PTII/ptolemy/domains/de/test/auto/multirate2.xml
auto.tcl: Setting watchdog for 200 seconds at Sat Nov 10 02:44:17 UTC 2018
4 ms. Memory: 813056K Free: 783070K (96%)
ptolemy.util.test.WatchDog.cancel(): canceling Sat Nov 10 02:44:17 UTC 2018
auto.tcl: Setting watchdog for 200 seconds at Sat Nov 10 02:44:17 UTC 2018
3 ms. Memory: 813056K Free: 783070K (96%)
ptolemy.util.test.WatchDog.cancel(): canceling Sat Nov 10 02:44:17 UTC 2018
------------------ testing $PTII/ptolemy/domains/de/test/auto/realtime.xml
auto.tcl: Setting watchdog for 200 seconds at Sat Nov 10 02:44:17 UTC 2018
10001 ms. Memory: 815104K Free: 792433K (97%)
ptolemy.util.test.WatchDog.cancel(): canceling Sat Nov 10 02:44:27 UTC 2018
auto.tcl: Setting watchdog for 200 seconds at Sat Nov 10 02:44:27 UTC 2018
10002 ms. Memory: 815104K Free: 792433K (97%)
ptolemy.util.test.WatchDog.cancel(): canceling Sat Nov 10 02:44:37 UTC 2018
------------------ testing $PTII/ptolemy/domains/de/test/auto/relationGroup.xml
auto.tcl: Setting watchdog for 200 seconds at Sat Nov 10 02:44:37 UTC 2018
2 ms. Memory: 813056K Free: 790452K (97%)
ptolemy.util.test.WatchDog.cancel(): canceling Sat Nov 10 02:44:37 UTC 2018
auto.tcl: Setting watchdog for 200 seconds at Sat Nov 10 02:44:37 UTC 2018
1 ms. Memory: 813056K Free: 790452K (97%)
ptolemy.util.test.WatchDog.cancel(): canceling Sat Nov 10 02:44:37 UTC 2018
------------------ testing $PTII/ptolemy/domains/de/test/auto/relationGroup2.xml
auto.tcl: Setting watchdog for 200 seconds at Sat Nov 10 02:44:37 UTC 2018
1 ms. Memory: 814592K Free: 784698K (96%)
ptolemy.util.test.WatchDog.cancel(): canceling Sat Nov 10 02:44:37 UTC 2018
auto.tcl: Setting watchdog for 200 seconds at Sat Nov 10 02:44:37 UTC 2018
2 ms. Memory: 814592K Free: 784698K (96%)
ptolemy.util.test.WatchDog.cancel(): canceling Sat Nov 10 02:44:37 UTC 2018
------------------ testing $PTII/ptolemy/domains/de/test/auto/sortWithOpaquePorts.xml
auto.tcl: Setting watchdog for 200 seconds at Sat Nov 10 02:44:37 UTC 2018
2 ms. Memory: 813056K Free: 783163K (96%)
ptolemy.util.test.WatchDog.cancel(): canceling Sat Nov 10 02:44:37 UTC 2018
auto.tcl: Setting watchdog for 200 seconds at Sat Nov 10 02:44:37 UTC 2018
1 ms. Memory: 813056K Free: 783163K (96%)
ptolemy.util.test.WatchDog.cancel(): canceling Sat Nov 10 02:44:37 UTC 2018
------------------ testing $PTII/ptolemy/domains/de/test/auto/transferInputsandOutputs.xml
auto.tcl: Setting watchdog for 200 seconds at Sat Nov 10 02:44:37 UTC 2018
3 ms. Memory: 814592K Free: 784686K (96%)
ptolemy.util.test.WatchDog.cancel(): canceling Sat Nov 10 02:44:37 UTC 2018
auto.tcl: Setting watchdog for 200 seconds at Sat Nov 10 02:44:37 UTC 2018
2 ms. Memory: 814592K Free: 784686K (96%)
ptolemy.util.test.WatchDog.cancel(): canceling Sat Nov 10 02:44:37 UTC 2018
------------------ testing $PTII/ptolemy/domains/de/test/auto/triggerType.xml
auto.tcl: Setting watchdog for 200 seconds at Sat Nov 10 02:44:37 UTC 2018
1 ms. Memory: 813056K Free: 783101K (96%)
ptolemy.util.test.WatchDog.cancel(): canceling Sat Nov 10 02:44:37 UTC 2018
auto.tcl: Setting watchdog for 200 seconds at Sat Nov 10 02:44:37 UTC 2018
2 ms. Memory: 813056K Free: 783101K (96%)
ptolemy.util.test.WatchDog.cancel(): canceling Sat Nov 10 02:44:37 UTC 2018
11/10/18 02:44:37
Failed: 0  Total Tests: 192  ((Passed: 187, Newly Passed: 1)  Known Failed: 5) /home/travis/build/icyphy/ptII/ptolemy/domains/de/test
11/10/18 02:44:37
Failed: 0  Total Tests: 192  ((Passed: 187, Newly Passed: 1)  Known Failed: 5) /home/travis/build/icyphy/ptII/ptolemy/domains/de/test
----------------- testing (KnownFailure) /home/travis/build/icyphy/ptII/ptolemy/domains/de/test/auto/knownFailedTests/DESDFClockTest.xml
2010 ms. Memory: 814080K Free: 769504K (95%)
Known Failure: java.lang.reflect.InvocationTargetException
----------------- testing (KnownFailure) /home/travis/build/icyphy/ptII/ptolemy/domains/de/test/auto/knownFailedTests/DirectFeedback.xml
2 ms. Memory: 814080K Free: 710972K (87%)
Known Failure: java.lang.reflect.InvocationTargetException
----------------- testing (KnownFailure) /home/travis/build/icyphy/ptII/ptolemy/domains/de/test/auto/knownFailedTests/FSMSource.xml
13 ms. Memory: 814080K Free: 652440K (80%)
----------------- testing (KnownFailure) /home/travis/build/icyphy/ptII/ptolemy/domains/de/test/auto/knownFailedTests/HierarchicalModel.xml
2 ms. Memory: 814080K Free: 608525K (75%)
Known Failure: java.lang.reflect.InvocationTargetException
----------------- testing (KnownFailure) /home/travis/build/icyphy/ptII/ptolemy/domains/de/test/auto/knownFailedTests/dependencyLoop.xml
3 ms. Memory: 814080K Free: 549993K (68%)
Known Failure: java.lang.reflect.InvocationTargetException
----------------- testing (KnownFailure) /home/travis/build/icyphy/ptII/ptolemy/domains/de/test/auto/knownFailedTests/dependencyLoop2.xml
2 ms. Memory: 814080K Free: 476827K (59%)
Known Failure: java.lang.reflect.InvocationTargetException
No auto/linux-amd64/*.xml tests in /home/travis/build/icyphy/ptII/ptolemy/domains/de/test
AutoTests.java: About to close Vertx.
AutoTests.java: Vertx closed.

===========================================================================================
----------------- testing Sat Nov 10 02:44:39 UTC 2018 /home/travis/build/icyphy/ptII/ptolemy/domains/de/test/auto/ActorDepthCalculation_actorWithoutPorts.xml
----------------- Instantiating /home/travis/build/icyphy/ptII/ptolemy/domains/de/test/auto/ActorDepthCalculation_actorWithoutPorts.xml
1 ms. Memory: 814080K Free: 389029K (48%)
----------------- Invoking toplevel() on ptolemy.moml.MoMLSimpleApplication@59593c39
----------------- Done invoking toplevel() on ptolemy.moml.MoMLSimpleApplication@59593c39
reloadAllAccessors: .ActorDepthCalculation_actorWithoutPorts

===========================================================================================
----------------- testing Sat Nov 10 02:44:39 UTC 2018 /home/travis/build/icyphy/ptII/ptolemy/domains/de/test/auto/AssemblyLine.xml
----------------- Instantiating /home/travis/build/icyphy/ptII/ptolemy/domains/de/test/auto/AssemblyLine.xml
2 ms. Memory: 814080K Free: 359763K (44%)
----------------- Invoking toplevel() on ptolemy.moml.MoMLSimpleApplication@465390ce
----------------- Done invoking toplevel() on ptolemy.moml.MoMLSimpleApplication@465390ce
reloadAllAccessors: .AssemblyLine

===========================================================================================
----------------- testing Sat Nov 10 02:44:39 UTC 2018 /home/travis/build/icyphy/ptII/ptolemy/domains/de/test/auto/CQBug1.xml
----------------- Instantiating /home/travis/build/icyphy/ptII/ptolemy/domains/de/test/auto/CQBug1.xml
1 ms. Memory: 814080K Free: 330498K (41%)
----------------- Invoking toplevel() on ptolemy.moml.MoMLSimpleApplication@f09464e
----------------- Done invoking toplevel() on ptolemy.moml.MoMLSimpleApplication@f09464e
reloadAllAccessors: .CQBug1

===========================================================================================
----------------- testing Sat Nov 10 02:44:39 UTC 2018 /home/travis/build/icyphy/ptII/ptolemy/domains/de/test/auto/CancelFireAt.xml
----------------- Instantiating /home/travis/build/icyphy/ptII/ptolemy/domains/de/test/auto/CancelFireAt.xml
1 ms. Memory: 814080K Free: 301232K (37%)
----------------- Invoking toplevel() on ptolemy.moml.MoMLSimpleApplication@8705b3e
----------------- Done invoking toplevel() on ptolemy.moml.MoMLSimpleApplication@8705b3e
reloadAllAccessors: .CancelFireAt

===========================================================================================
----------------- testing Sat Nov 10 02:44:39 UTC 2018 /home/travis/build/icyphy/ptII/ptolemy/domains/de/test/auto/CausalityAndComposabilityAnalysis.xml
----------------- Instantiating /home/travis/build/icyphy/ptII/ptolemy/domains/de/test/auto/CausalityAndComposabilityAnalysis.xml
1 ms. Memory: 814080K Free: 271966K (33%)
----------------- Invoking toplevel() on ptolemy.moml.MoMLSimpleApplication@7bf58bf
----------------- Done invoking toplevel() on ptolemy.moml.MoMLSimpleApplication@7bf58bf
reloadAllAccessors: .CausalityAndComposabilityAnalysis

===========================================================================================
----------------- testing Sat Nov 10 02:44:39 UTC 2018 /home/travis/build/icyphy/ptII/ptolemy/domains/de/test/auto/CausalityInterface1.xml
----------------- Instantiating /home/travis/build/icyphy/ptII/ptolemy/domains/de/test/auto/CausalityInterface1.xml
5 ms. Memory: 814080K Free: 242700K (30%)
----------------- Invoking toplevel() on ptolemy.moml.MoMLSimpleApplication@35974126
----------------- Done invoking toplevel() on ptolemy.moml.MoMLSimpleApplication@35974126
reloadAllAccessors: .CausalityInterface1

===========================================================================================
----------------- testing Sat Nov 10 02:44:39 UTC 2018 /home/travis/build/icyphy/ptII/ptolemy/domains/de/test/auto/CausalityInterface15.xml
----------------- Instantiating /home/travis/build/icyphy/ptII/ptolemy/domains/de/test/auto/CausalityInterface15.xml
1 ms. Memory: 814080K Free: 213434K (26%)
----------------- Invoking toplevel() on ptolemy.moml.MoMLSimpleApplication@3e0e134f
----------------- Done invoking toplevel() on ptolemy.moml.MoMLSimpleApplication@3e0e134f
[...]
java.lang.RuntimeException: Execution failed
	at ptolemy.moml.MoMLSimpleApplication$UnloadThread.run(MoMLSimpleApplication.java:402)
Caused by: ptolemy.kernel.util.IllegalActionException: Test fails in iteration 1.
Value was: 1.0. Should have been: 2.0
  in .DirectFeedback.Test
	at ptolemy.actor.lib.Test.fire(Test.java:268)
	at ptolemy.domains.de.kernel.DEDirector._fire(DEDirector.java:1949)
	at ptolemy.domains.de.kernel.DEDirector.fire(DEDirector.java:502)
	at ptolemy.actor.CompositeActor.fire(CompositeActor.java:455)
	at ptolemy.actor.Manager.iterate(Manager.java:851)
	at ptolemy.actor.Manager.execute(Manager.java:369)
	at ptolemy.actor.Manager.run(Manager.java:1263)
	at ptolemy.actor.Manager$PtolemyRunThread.run(Manager.java:1915)
java.lang.RuntimeException: Execution failed
	at ptolemy.moml.MoMLSimpleApplication$UnloadThread.run(MoMLSimpleApplication.java:402)
Caused by: ptolemy.kernel.util.IllegalActionException: Actor is not ready to fire.  Perhaps UpSample.prefire() returned false? Try debugging the actor by selecting "Listen to Actor".  Also, for SDF check moml for tokenConsumptionRate on input.
  in .DESDFClockTest.Play Bell.Copy1:SDF Director and .DESDFClockTest.Play Bell.UpSample
	at ptolemy.actor.sched.StaticSchedulingDirector.fire(StaticSchedulingDirector.java:227)
	at ptolemy.domains.sdf.kernel.SDFDirector.fire(SDFDirector.java:500)
	at ptolemy.actor.CompositeActor.fire(CompositeActor.java:455)
	at ptolemy.domains.de.kernel.DEDirector._fire(DEDirector.java:1949)
	at ptolemy.domains.de.kernel.DEDirector.fire(DEDirector.java:502)
	at ptolemy.actor.CompositeActor.fire(CompositeActor.java:455)
	at ptolemy.actor.Manager.iterate(Manager.java:851)
	at ptolemy.actor.Manager.execute(Manager.java:369)
	at ptolemy.actor.Manager.run(Manager.java:1263)
	at ptolemy.actor.Manager$PtolemyRunThread.run(Manager.java:1915)
java.lang.reflect.InvocationTargetException
	at sun.reflect.NativeConstructorAccessorImpl.newInstance0(Native Method)
	at sun.reflect.NativeConstructorAccessorImpl.newInstance(NativeConstructorAccessorImpl.java:62)
	at sun.reflect.DelegatingConstructorAccessorImpl.newInstance(DelegatingConstructorAccessorImpl.java:45)
	at java.lang.reflect.Constructor.newInstance(Constructor.java:423)
	at ptolemy.util.test.junit.AutoKnownFailedTests.RunModel(AutoKnownFailedTests.java:105)
	at sun.reflect.NativeMethodAccessorImpl.invoke0(Native Method)
	at sun.reflect.NativeMethodAccessorImpl.invoke(NativeMethodAccessorImpl.java:62)
	at sun.reflect.DelegatingMethodAccessorImpl.invoke(DelegatingMethodAccessorImpl.java:43)
	at java.lang.reflect.Method.invoke(Method.java:498)
	at org.junit.runners.model.FrameworkMethod$1.runReflectiveCall(FrameworkMethod.java:44)
	at org.junit.internal.runners.model.ReflectiveCallable.run(ReflectiveCallable.java:15)
	at org.junit.runners.model.FrameworkMethod.invokeExplosively(FrameworkMethod.java:41)
	at junitparams.internal.InvokeParameterisedMethod.evaluate(InvokeParameterisedMethod.java:102)
	at org.junit.internal.runners.statements.FailOnTimeout$1.run(FailOnTimeout.java:28)
Caused by: ptolemy.kernel.util.IllegalActionException: Actor is not ready to fire.  Perhaps UpSample.prefire() returned false? Try debugging the actor by selecting "Listen to Actor".  Also, for SDF check moml for tokenConsumptionRate on input.
  in .DESDFClockTest.Play Bell.Copy1:SDF Director and .DESDFClockTest.Play Bell.UpSample
	at ptolemy.actor.sched.StaticSchedulingDirector.fire(StaticSchedulingDirector.java:227)
	at ptolemy.domains.sdf.kernel.SDFDirector.fire(SDFDirector.java:500)
	at ptolemy.actor.CompositeActor.fire(CompositeActor.java:455)
	at ptolemy.domains.de.kernel.DEDirector._fire(DEDirector.java:1949)
	at ptolemy.domains.de.kernel.DEDirector.fire(DEDirector.java:502)
	at ptolemy.actor.CompositeActor.fire(CompositeActor.java:455)
	at ptolemy.actor.Manager.iterate(Manager.java:851)
	at ptolemy.actor.Manager.execute(Manager.java:369)
	at ptolemy.actor.Manager.run(Manager.java:1263)
	at ptolemy.actor.Manager$PtolemyRunThread.run(Manager.java:1915)
java.lang.RuntimeException: Execution failed
	at ptolemy.moml.MoMLSimpleApplication$UnloadThread.run(MoMLSimpleApplication.java:402)
Caused by: ptolemy.kernel.util.IllegalActionException: Test fails in iteration 1.
Value was: 1.0. Should have been: 2.0
  in .DirectFeedback.Test
	at ptolemy.actor.lib.Test.fire(Test.java:268)
	at ptolemy.domains.de.kernel.DEDirector._fire(DEDirector.java:1949)
	at ptolemy.domains.de.kernel.DEDirector.fire(DEDirector.java:502)
	at ptolemy.actor.CompositeActor.fire(CompositeActor.java:455)
	at ptolemy.actor.Manager.iterate(Manager.java:851)
	at ptolemy.actor.Manager.execute(Manager.java:369)
	at ptolemy.actor.Manager.run(Manager.java:1263)
	at ptolemy.actor.Manager$PtolemyRunThread.run(Manager.java:1915)
java.lang.reflect.InvocationTargetException
	at sun.reflect.NativeConstructorAccessorImpl.newInstance0(Native Method)
	at sun.reflect.NativeConstructorAccessorImpl.newInstance(NativeConstructorAccessorImpl.java:62)
	at sun.reflect.DelegatingConstructorAccessorImpl.newInstance(DelegatingConstructorAccessorImpl.java:45)
	at java.lang.reflect.Constructor.newInstance(Constructor.java:423)
	at ptolemy.util.test.junit.AutoKnownFailedTests.RunModel(AutoKnownFailedTests.java:105)
	at sun.reflect.NativeMethodAccessorImpl.invoke0(Native Method)
	at sun.reflect.NativeMethodAccessorImpl.invoke(NativeMethodAccessorImpl.java:62)
	at sun.reflect.DelegatingMethodAccessorImpl.invoke(DelegatingMethodAccessorImpl.java:43)
	at java.lang.reflect.Method.invoke(Method.java:498)
	at org.junit.runners.model.FrameworkMethod$1.runReflectiveCall(FrameworkMethod.java:44)
	at org.junit.internal.runners.model.ReflectiveCallable.run(ReflectiveCallable.java:15)
	at org.junit.runners.model.FrameworkMethod.invokeExplosively(FrameworkMethod.java:41)
	at junitparams.internal.InvokeParameterisedMethod.evaluate(InvokeParameterisedMethod.java:102)
	at org.junit.internal.runners.statements.FailOnTimeout$1.run(FailOnTimeout.java:28)
Caused by: ptolemy.kernel.util.IllegalActionException: Test fails in iteration 1.
Value was: 1.0. Should have been: 2.0
  in .DirectFeedback.Test
	at ptolemy.actor.lib.Test.fire(Test.java:268)
	at ptolemy.domains.de.kernel.DEDirector._fire(DEDirector.java:1949)
	at ptolemy.domains.de.kernel.DEDirector.fire(DEDirector.java:502)
	at ptolemy.actor.CompositeActor.fire(CompositeActor.java:455)
	at ptolemy.actor.Manager.iterate(Manager.java:851)
	at ptolemy.actor.Manager.execute(Manager.java:369)
	at ptolemy.actor.Manager.run(Manager.java:1263)
	at ptolemy.actor.Manager$PtolemyRunThread.run(Manager.java:1915)
java.lang.RuntimeException: Execution failed
	at ptolemy.moml.MoMLSimpleApplication$UnloadThread.run(MoMLSimpleApplication.java:402)
Caused by: ptolemy.kernel.util.IllegalActionException: Found a zero delay loop containing .HierarchicalModel.A
  in .HierarchicalModel and .HierarchicalModel.A
	at ptolemy.actor.util.CausalityInterfaceForComposites._computeOutputPortDepth(CausalityInterfaceForComposites.java:759)
	at ptolemy.actor.util.CausalityInterfaceForComposites._computeInputDepth(CausalityInterfaceForComposites.java:696)
	at ptolemy.actor.util.CausalityInterfaceForComposites._computeOutputPortDepth(CausalityInterfaceForComposites.java:765)
	at ptolemy.actor.util.CausalityInterfaceForComposites._computeInputDepth(CausalityInterfaceForComposites.java:696)
	at ptolemy.actor.util.CausalityInterfaceForComposites._computeOutputPortDepth(CausalityInterfaceForComposites.java:765)
	at ptolemy.actor.util.CausalityInterfaceForComposites._computeInputDepth(CausalityInterfaceForComposites.java:696)
	at ptolemy.actor.util.CausalityInterfaceForComposites._computeActorDepth(CausalityInterfaceForComposites.java:532)
	at ptolemy.actor.util.CausalityInterfaceForComposites.checkForCycles(CausalityInterfaceForComposites.java:96)
	at ptolemy.domains.de.kernel.DEDirector.preinitialize(DEDirector.java:1338)
	at ptolemy.actor.CompositeActor.preinitialize(CompositeActor.java:1828)
	at ptolemy.actor.Manager.preinitializeAndResolveTypes(Manager.java:1040)
	at ptolemy.actor.Manager.initialize(Manager.java:710)
	at ptolemy.actor.Manager.execute(Manager.java:356)
	at ptolemy.actor.Manager.run(Manager.java:1263)
	at ptolemy.actor.Manager$PtolemyRunThread.run(Manager.java:1915)
java.lang.reflect.InvocationTargetException
	at sun.reflect.NativeConstructorAccessorImpl.newInstance0(Native Method)
	at sun.reflect.NativeConstructorAccessorImpl.newInstance(NativeConstructorAccessorImpl.java:62)
	at sun.reflect.DelegatingConstructorAccessorImpl.newInstance(DelegatingConstructorAccessorImpl.java:45)
	at java.lang.reflect.Constructor.newInstance(Constructor.java:423)
	at ptolemy.util.test.junit.AutoKnownFailedTests.RunModel(AutoKnownFailedTests.java:105)
	at sun.reflect.NativeMethodAccessorImpl.invoke0(Native Method)
	at sun.reflect.NativeMethodAccessorImpl.invoke(NativeMethodAccessorImpl.java:62)
	at sun.reflect.DelegatingMethodAccessorImpl.invoke(DelegatingMethodAccessorImpl.java:43)
	at java.lang.reflect.Method.invoke(Method.java:498)
	at org.junit.runners.model.FrameworkMethod$1.runReflectiveCall(FrameworkMethod.java:44)
	at org.junit.internal.runners.model.ReflectiveCallable.run(ReflectiveCallable.java:15)
	at org.junit.runners.model.FrameworkMethod.invokeExplosively(FrameworkMethod.java:41)
	at junitparams.internal.InvokeParameterisedMethod.evaluate(InvokeParameterisedMethod.java:102)
	at org.junit.internal.runners.statements.FailOnTimeout$1.run(FailOnTimeout.java:28)
Caused by: ptolemy.kernel.util.IllegalActionException: Found a zero delay loop containing .HierarchicalModel.A
  in .HierarchicalModel and .HierarchicalModel.A
	at ptolemy.actor.util.CausalityInterfaceForComposites._computeOutputPortDepth(CausalityInterfaceForComposites.java:759)
	at ptolemy.actor.util.CausalityInterfaceForComposites._computeInputDepth(CausalityInterfaceForComposites.java:696)
	at ptolemy.actor.util.CausalityInterfaceForComposites._computeOutputPortDepth(CausalityInterfaceForComposites.java:765)
	at ptolemy.actor.util.CausalityInterfaceForComposites._computeInputDepth(CausalityInterfaceForComposites.java:696)
	at ptolemy.actor.util.CausalityInterfaceForComposites._computeOutputPortDepth(CausalityInterfaceForComposites.java:765)
	at ptolemy.actor.util.CausalityInterfaceForComposites._computeInputDepth(CausalityInterfaceForComposites.java:696)
	at ptolemy.actor.util.CausalityInterfaceForComposites._computeActorDepth(CausalityInterfaceForComposites.java:532)
	at ptolemy.actor.util.CausalityInterfaceForComposites.checkForCycles(CausalityInterfaceForComposites.java:96)
	at ptolemy.domains.de.kernel.DEDirector.preinitialize(DEDirector.java:1338)
	at ptolemy.actor.CompositeActor.preinitialize(CompositeActor.java:1828)
	at ptolemy.actor.Manager.preinitializeAndResolveTypes(Manager.java:1040)
	at ptolemy.actor.Manager.initialize(Manager.java:710)
	at ptolemy.actor.Manager.execute(Manager.java:356)
	at ptolemy.actor.Manager.run(Manager.java:1263)
	at ptolemy.actor.Manager$PtolemyRunThread.run(Manager.java:1915)
java.lang.RuntimeException: Execution failed
	at ptolemy.moml.MoMLSimpleApplication$UnloadThread.run(MoMLSimpleApplication.java:402)
Caused by: ptolemy.kernel.util.IllegalActionException: Found a zero delay loop containing .dependencyLoop.original
  in .dependencyLoop and .dependencyLoop.original
	at ptolemy.actor.util.CausalityInterfaceForComposites._computeOutputPortDepth(CausalityInterfaceForComposites.java:759)
	at ptolemy.actor.util.CausalityInterfaceForComposites._computeInputDepth(CausalityInterfaceForComposites.java:696)
	at ptolemy.actor.util.CausalityInterfaceForComposites._computeOutputPortDepth(CausalityInterfaceForComposites.java:765)
	at ptolemy.actor.util.CausalityInterfaceForComposites._computeInputDepth(CausalityInterfaceForComposites.java:696)
	at ptolemy.actor.util.CausalityInterfaceForComposites._computeOutputPortDepth(CausalityInterfaceForComposites.java:765)
	at ptolemy.actor.util.CausalityInterfaceForComposites._computeInputDepth(CausalityInterfaceForComposites.java:696)
	at ptolemy.actor.util.CausalityInterfaceForComposites._computeActorDepth(CausalityInterfaceForComposites.java:532)
	at ptolemy.actor.util.CausalityInterfaceForComposites.checkForCycles(CausalityInterfaceForComposites.java:96)
	at ptolemy.domains.de.kernel.DEDirector.preinitialize(DEDirector.java:1338)
	at ptolemy.actor.CompositeActor.preinitialize(CompositeActor.java:1828)
	at ptolemy.actor.Manager.preinitializeAndResolveTypes(Manager.java:1040)
	at ptolemy.actor.Manager.initialize(Manager.java:710)
	at ptolemy.actor.Manager.execute(Manager.java:356)
	at ptolemy.actor.Manager.run(Manager.java:1263)
	at ptolemy.actor.Manager$PtolemyRunThread.run(Manager.java:1915)
java.lang.reflect.InvocationTargetException
	at sun.reflect.NativeConstructorAccessorImpl.newInstance0(Native Method)
	at sun.reflect.NativeConstructorAccessorImpl.newInstance(NativeConstructorAccessorImpl.java:62)
	at sun.reflect.DelegatingConstructorAccessorImpl.newInstance(DelegatingConstructorAccessorImpl.java:45)
	at java.lang.reflect.Constructor.newInstance(Constructor.java:423)
	at ptolemy.util.test.junit.AutoKnownFailedTests.RunModel(AutoKnownFailedTests.java:105)
	at sun.reflect.NativeMethodAccessorImpl.invoke0(Native Method)
	at sun.reflect.NativeMethodAccessorImpl.invoke(NativeMethodAccessorImpl.java:62)
	at sun.reflect.DelegatingMethodAccessorImpl.invoke(DelegatingMethodAccessorImpl.java:43)
	at java.lang.reflect.Method.invoke(Method.java:498)
	at org.junit.runners.model.FrameworkMethod$1.runReflectiveCall(FrameworkMethod.java:44)
	at org.junit.internal.runners.model.ReflectiveCallable.run(ReflectiveCallable.java:15)
	at org.junit.runners.model.FrameworkMethod.invokeExplosively(FrameworkMethod.java:41)
	at junitparams.internal.InvokeParameterisedMethod.evaluate(InvokeParameterisedMethod.java:102)
	at org.junit.internal.runners.statements.FailOnTimeout$1.run(FailOnTimeout.java:28)
Caused by: ptolemy.kernel.util.IllegalActionException: Found a zero delay loop containing .dependencyLoop.original
  in .dependencyLoop and .dependencyLoop.original
	at ptolemy.actor.util.CausalityInterfaceForComposites._computeOutputPortDepth(CausalityInterfaceForComposites.java:759)
	at ptolemy.actor.util.CausalityInterfaceForComposites._computeInputDepth(CausalityInterfaceForComposites.java:696)
	at ptolemy.actor.util.CausalityInterfaceForComposites._computeOutputPortDepth(CausalityInterfaceForComposites.java:765)
	at ptolemy.actor.util.CausalityInterfaceForComposites._computeInputDepth(CausalityInterfaceForComposites.java:696)
	at ptolemy.actor.util.CausalityInterfaceForComposites._computeOutputPortDepth(CausalityInterfaceForComposites.java:765)
	at ptolemy.actor.util.CausalityInterfaceForComposites._computeInputDepth(CausalityInterfaceForComposites.java:696)
	at ptolemy.actor.util.CausalityInterfaceForComposites._computeActorDepth(CausalityInterfaceForComposites.java:532)
	at ptolemy.actor.util.CausalityInterfaceForComposites.checkForCycles(CausalityInterfaceForComposites.java:96)
	at ptolemy.domains.de.kernel.DEDirector.preinitialize(DEDirector.java:1338)
	at ptolemy.actor.CompositeActor.preinitialize(CompositeActor.java:1828)
	at ptolemy.actor.Manager.preinitializeAndResolveTypes(Manager.java:1040)
	at ptolemy.actor.Manager.initialize(Manager.java:710)
	at ptolemy.actor.Manager.execute(Manager.java:356)
	at ptolemy.actor.Manager.run(Manager.java:1263)
	at ptolemy.actor.Manager$PtolemyRunThread.run(Manager.java:1915)
java.lang.RuntimeException: Execution failed
	at ptolemy.moml.MoMLSimpleApplication$UnloadThread.run(MoMLSimpleApplication.java:402)
Caused by: ptolemy.kernel.util.IllegalActionException: Found a zero delay loop containing .dependencyLoop2.original
  in .dependencyLoop2 and .dependencyLoop2.original
	at ptolemy.actor.util.CausalityInterfaceForComposites._computeOutputPortDepth(CausalityInterfaceForComposites.java:759)
	at ptolemy.actor.util.CausalityInterfaceForComposites._computeInputDepth(CausalityInterfaceForComposites.java:696)
	at ptolemy.actor.util.CausalityInterfaceForComposites._computeOutputPortDepth(CausalityInterfaceForComposites.java:765)
	at ptolemy.actor.util.CausalityInterfaceForComposites._computeInputDepth(CausalityInterfaceForComposites.java:696)
	at ptolemy.actor.util.CausalityInterfaceForComposites._computeOutputPortDepth(CausalityInterfaceForComposites.java:765)
	at ptolemy.actor.util.CausalityInterfaceForComposites._computeInputDepth(CausalityInterfaceForComposites.java:696)
	at ptolemy.actor.util.CausalityInterfaceForComposites._computeActorDepth(CausalityInterfaceForComposites.java:532)
	at ptolemy.actor.util.CausalityInterfaceForComposites.checkForCycles(CausalityInterfaceForComposites.java:96)
	at ptolemy.domains.de.kernel.DEDirector.preinitialize(DEDirector.java:1338)
	at ptolemy.actor.CompositeActor.preinitialize(CompositeActor.java:1828)
	at ptolemy.actor.Manager.preinitializeAndResolveTypes(Manager.java:1040)
	at ptolemy.actor.Manager.initialize(Manager.java:710)
	at ptolemy.actor.Manager.execute(Manager.java:356)
	at ptolemy.actor.Manager.run(Manager.java:1263)
	at ptolemy.actor.Manager$PtolemyRunThread.run(Manager.java:1915)
java.lang.reflect.InvocationTargetException
	at sun.reflect.NativeConstructorAccessorImpl.newInstance0(Native Method)
	at sun.reflect.NativeConstructorAccessorImpl.newInstance(NativeConstructorAccessorImpl.java:62)
	at sun.reflect.DelegatingConstructorAccessorImpl.newInstance(DelegatingConstructorAccessorImpl.java:45)
	at java.lang.reflect.Constructor.newInstance(Constructor.java:423)
	at ptolemy.util.test.junit.AutoKnownFailedTests.RunModel(AutoKnownFailedTests.java:105)
	at sun.reflect.NativeMethodAccessorImpl.invoke0(Native Method)
	at sun.reflect.NativeMethodAccessorImpl.invoke(NativeMethodAccessorImpl.java:62)
	at sun.reflect.DelegatingMethodAccessorImpl.invoke(DelegatingMethodAccessorImpl.java:43)
	at java.lang.reflect.Method.invoke(Method.java:498)
	at org.junit.runners.model.FrameworkMethod$1.runReflectiveCall(FrameworkMethod.java:44)
	at org.junit.internal.runners.model.ReflectiveCallable.run(ReflectiveCallable.java:15)
	at org.junit.runners.model.FrameworkMethod.invokeExplosively(FrameworkMethod.java:41)
	at junitparams.internal.InvokeParameterisedMethod.evaluate(InvokeParameterisedMethod.java:102)
	at org.junit.internal.runners.statements.FailOnTimeout$1.run(FailOnTimeout.java:28)
Caused by: ptolemy.kernel.util.IllegalActionException: Found a zero delay loop containing .dependencyLoop2.original
  in .dependencyLoop2 and .dependencyLoop2.original
	at ptolemy.actor.util.CausalityInterfaceForComposites._computeOutputPortDepth(CausalityInterfaceForComposites.java:759)
	at ptolemy.actor.util.CausalityInterfaceForComposites._computeInputDepth(CausalityInterfaceForComposites.java:696)
	at ptolemy.actor.util.CausalityInterfaceForComposites._computeOutputPortDepth(CausalityInterfaceForComposites.java:765)
	at ptolemy.actor.util.CausalityInterfaceForComposites._computeInputDepth(CausalityInterfaceForComposites.java:696)
	at ptolemy.actor.util.CausalityInterfaceForComposites._computeOutputPortDepth(CausalityInterfaceForComposites.java:765)
	at ptolemy.actor.util.CausalityInterfaceForComposites._computeInputDepth(CausalityInterfaceForComposites.java:696)
	at ptolemy.actor.util.CausalityInterfaceForComposites._computeActorDepth(CausalityInterfaceForComposites.java:532)
	at ptolemy.actor.util.CausalityInterfaceForComposites.checkForCycles(CausalityInterfaceForComposites.java:96)
	at ptolemy.domains.de.kernel.DEDirector.preinitialize(DEDirector.java:1338)
	at ptolemy.actor.CompositeActor.preinitialize(CompositeActor.java:1828)
	at ptolemy.actor.Manager.preinitializeAndResolveTypes(Manager.java:1040)
	at ptolemy.actor.Manager.initialize(Manager.java:710)
	at ptolemy.actor.Manager.execute(Manager.java:356)
	at ptolemy.actor.Manager.run(Manager.java:1263)
	at ptolemy.actor.Manager$PtolemyRunThread.run(Manager.java:1915)
]]></system-err>
</testsuite>
