<?xml version="1.0" encoding="UTF-8" ?>
<testsuite errors="0" failures="0" hostname="travis-job-eddd6fa3-7549-495c-b647-7fdd5e4f9596" name="ptolemy.domains.continuous.test.junit.JUnitTclTest" skipped="0" tests="156" time="70.378" timestamp="2020-01-11T06:37:56">
  <properties>
[...]
</properties>
  <testcase classname="ptolemy.util.test.junit.TclTests" name="[0] ThereAreNoTclTests (RunTclFile)" time="0.013" />
  <testcase classname="ptolemy.util.test.junit.AutoKnownFailedTests" name="[0] ThereAreNoKnowFailedTests (RunModel)" time="0.003" />
  <testcase classname="ptolemy.util.test.junit.AutoNameArchTests" name="[0] ThereAreNoAutoArchTests (RunModel)" time="0.019" />
  <testcase classname="ptolemy.util.test.junit.AutoTests" name="[0] /home/travis/build/icyphy/ptII/ptolemy/domains/continuous/test/auto/BouncingBall.xml (RunModel)" time="2.983" />
  <testcase classname="ptolemy.util.test.junit.AutoTests" name="[1] /home/travis/build/icyphy/ptII/ptolemy/domains/continuous/test/auto/BouncingBallWithoutGR.xml (RunModel)" time="0.945" />
  <testcase classname="ptolemy.util.test.junit.AutoTests" name="[2] /home/travis/build/icyphy/ptII/ptolemy/domains/continuous/test/auto/Brownian.xml (RunModel)" time="0.086" />
  <testcase classname="ptolemy.util.test.junit.AutoTests" name="[3] /home/travis/build/icyphy/ptII/ptolemy/domains/continuous/test/auto/CarTracking.xml (RunModel)" time="3.79" />
  <testcase classname="ptolemy.util.test.junit.AutoTests" name="[4] /home/travis/build/icyphy/ptII/ptolemy/domains/continuous/test/auto/CartPendulum.xml (RunModel)" time="0.516" />
  <testcase classname="ptolemy.util.test.junit.AutoTests" name="[5] /home/travis/build/icyphy/ptII/ptolemy/domains/continuous/test/auto/CausalityInterface10.xml (RunModel)" time="0.042" />
  <testcase classname="ptolemy.util.test.junit.AutoTests" name="[6] /home/travis/build/icyphy/ptII/ptolemy/domains/continuous/test/auto/CausalityInterface11.xml (RunModel)" time="0.024" />
  <testcase classname="ptolemy.util.test.junit.AutoTests" name="[7] /home/travis/build/icyphy/ptII/ptolemy/domains/continuous/test/auto/CausalityInterface12.xml (RunModel)" time="0.027" />
  <testcase classname="ptolemy.util.test.junit.AutoTests" name="[8] /home/travis/build/icyphy/ptII/ptolemy/domains/continuous/test/auto/CausalityInterface13.xml (RunModel)" time="0.031" />
  <testcase classname="ptolemy.util.test.junit.AutoTests" name="[9] /home/travis/build/icyphy/ptII/ptolemy/domains/continuous/test/auto/CausalityInterface14.xml (RunModel)" time="0.025" />
  <testcase classname="ptolemy.util.test.junit.AutoTests" name="[10] /home/travis/build/icyphy/ptII/ptolemy/domains/continuous/test/auto/CausalityInterface4.xml (RunModel)" time="0.039" />
  <testcase classname="ptolemy.util.test.junit.AutoTests" name="[11] /home/travis/build/icyphy/ptII/ptolemy/domains/continuous/test/auto/CausalityInterface5.xml (RunModel)" time="0.035" />
  <testcase classname="ptolemy.util.test.junit.AutoTests" name="[12] /home/travis/build/icyphy/ptII/ptolemy/domains/continuous/test/auto/CausalityInterface6.xml (RunModel)" time="0.02" />
  <testcase classname="ptolemy.util.test.junit.AutoTests" name="[13] /home/travis/build/icyphy/ptII/ptolemy/domains/continuous/test/auto/CausalityInterface7.xml (RunModel)" time="0.033" />
  <testcase classname="ptolemy.util.test.junit.AutoTests" name="[14] /home/travis/build/icyphy/ptII/ptolemy/domains/continuous/test/auto/CausalityInterface8.xml (RunModel)" time="0.036" />
  <testcase classname="ptolemy.util.test.junit.AutoTests" name="[15] /home/travis/build/icyphy/ptII/ptolemy/domains/continuous/test/auto/CausalityInterface9.xml (RunModel)" time="0.043" />
  <testcase classname="ptolemy.util.test.junit.AutoTests" name="[16] /home/travis/build/icyphy/ptII/ptolemy/domains/continuous/test/auto/CausalityInterfaceFeedback1.xml (RunModel)" time="0.029" />
  <testcase classname="ptolemy.util.test.junit.AutoTests" name="[17] /home/travis/build/icyphy/ptII/ptolemy/domains/continuous/test/auto/CausalityInterfaceFeedback2.xml (RunModel)" time="0.034" />
  <testcase classname="ptolemy.util.test.junit.AutoTests" name="[18] /home/travis/build/icyphy/ptII/ptolemy/domains/continuous/test/auto/CompareWithCurrentTime.xml (RunModel)" time="0.025" />
  <testcase classname="ptolemy.util.test.junit.AutoTests" name="[19] /home/travis/build/icyphy/ptII/ptolemy/domains/continuous/test/auto/ComparedClocks.xml (RunModel)" time="0.075" />
  <testcase classname="ptolemy.util.test.junit.AutoTests" name="[20] /home/travis/build/icyphy/ptII/ptolemy/domains/continuous/test/auto/ContinuousAOCClone.xml (RunModel)" time="2.506" />
  <testcase classname="ptolemy.util.test.junit.AutoTests" name="[21] /home/travis/build/icyphy/ptII/ptolemy/domains/continuous/test/auto/ContinuousClock.xml (RunModel)" time="0.082" />
  <testcase classname="ptolemy.util.test.junit.AutoTests" name="[22] /home/travis/build/icyphy/ptII/ptolemy/domains/continuous/test/auto/ContinuousInContinuous.xml (RunModel)" time="0.075" />
  <testcase classname="ptolemy.util.test.junit.AutoTests" name="[23] /home/travis/build/icyphy/ptII/ptolemy/domains/continuous/test/auto/ContinuousInContinuousInContinuous.xml (RunModel)" time="0.022" />
  <testcase classname="ptolemy.util.test.junit.AutoTests" name="[24] /home/travis/build/icyphy/ptII/ptolemy/domains/continuous/test/auto/ContinuousInDE.xml (RunModel)" time="0.096" />
  <testcase classname="ptolemy.util.test.junit.AutoTests" name="[25] /home/travis/build/icyphy/ptII/ptolemy/domains/continuous/test/auto/ContinuousInDE2.xml (RunModel)" time="0.037" />
  <testcase classname="ptolemy.util.test.junit.AutoTests" name="[26] /home/travis/build/icyphy/ptII/ptolemy/domains/continuous/test/auto/ContinuousInDE3.xml (RunModel)" time="0.039" />
  <testcase classname="ptolemy.util.test.junit.AutoTests" name="[27] /home/travis/build/icyphy/ptII/ptolemy/domains/continuous/test/auto/ContinuousInDE4.xml (RunModel)" time="0.02" />
  <testcase classname="ptolemy.util.test.junit.AutoTests" name="[28] /home/travis/build/icyphy/ptII/ptolemy/domains/continuous/test/auto/ContinuousInDEDifferentRefinements.xml (RunModel)" time="0.095" />
  <testcase classname="ptolemy.util.test.junit.AutoTests" name="[29] /home/travis/build/icyphy/ptII/ptolemy/domains/continuous/test/auto/ContinuousInDEDifferentRefinementsPreemptive.xml (RunModel)" time="0.086" />
  <testcase classname="ptolemy.util.test.junit.AutoTests" name="[30] /home/travis/build/icyphy/ptII/ptolemy/domains/continuous/test/auto/ContinuousInDEInContinuous2.xml (RunModel)" time="0.053" />
  <testcase classname="ptolemy.util.test.junit.AutoTests" name="[31] /home/travis/build/icyphy/ptII/ptolemy/domains/continuous/test/auto/ContinuousInDEInContinuous3.xml (RunModel)" time="0.064" />
  <testcase classname="ptolemy.util.test.junit.AutoTests" name="[32] /home/travis/build/icyphy/ptII/ptolemy/domains/continuous/test/auto/ContinuousInDEInput.xml (RunModel)" time="0.025" />
  <testcase classname="ptolemy.util.test.junit.AutoTests" name="[33] /home/travis/build/icyphy/ptII/ptolemy/domains/continuous/test/auto/ContinuousInDEInput2.xml (RunModel)" time="0.029" />
  <testcase classname="ptolemy.util.test.junit.AutoTests" name="[34] /home/travis/build/icyphy/ptII/ptolemy/domains/continuous/test/auto/ContinuousInDEInput3.xml (RunModel)" time="0.031" />
  <testcase classname="ptolemy.util.test.junit.AutoTests" name="[35] /home/travis/build/icyphy/ptII/ptolemy/domains/continuous/test/auto/ContinuousInDESharingRefinement.xml (RunModel)" time="0.169" />
  <testcase classname="ptolemy.util.test.junit.AutoTests" name="[36] /home/travis/build/icyphy/ptII/ptolemy/domains/continuous/test/auto/ContinuousInDEwithNoPorts.xml (RunModel)" time="0.022" />
  <testcase classname="ptolemy.util.test.junit.AutoTests" name="[37] /home/travis/build/icyphy/ptII/ptolemy/domains/continuous/test/auto/ContinuousInsideDE.xml (RunModel)" time="0.063" />
  <testcase classname="ptolemy.util.test.junit.AutoTests" name="[38] /home/travis/build/icyphy/ptII/ptolemy/domains/continuous/test/auto/ContinuousMerge1.xml (RunModel)" time="0.017" />
  <testcase classname="ptolemy.util.test.junit.AutoTests" name="[39] /home/travis/build/icyphy/ptII/ptolemy/domains/continuous/test/auto/ContinuousMerge2.xml (RunModel)" time="0.053" />
  <testcase classname="ptolemy.util.test.junit.AutoTests" name="[40] /home/travis/build/icyphy/ptII/ptolemy/domains/continuous/test/auto/ContinuousMerge3.xml (RunModel)" time="0.059" />
  <testcase classname="ptolemy.util.test.junit.AutoTests" name="[41] /home/travis/build/icyphy/ptII/ptolemy/domains/continuous/test/auto/ContinuousWithinContinuous.xml (RunModel)" time="0.044" />
  <testcase classname="ptolemy.util.test.junit.AutoTests" name="[42] /home/travis/build/icyphy/ptII/ptolemy/domains/continuous/test/auto/ContinuousWithinContinuous2.xml (RunModel)" time="0.064" />
  <testcase classname="ptolemy.util.test.junit.AutoTests" name="[43] /home/travis/build/icyphy/ptII/ptolemy/domains/continuous/test/auto/ContinuousWithinContinuous3.xml (RunModel)" time="0.024" />
  <testcase classname="ptolemy.util.test.junit.AutoTests" name="[44] /home/travis/build/icyphy/ptII/ptolemy/domains/continuous/test/auto/ContinuousWithinContinuous4.xml (RunModel)" time="0.076" />
  <testcase classname="ptolemy.util.test.junit.AutoTests" name="[45] /home/travis/build/icyphy/ptII/ptolemy/domains/continuous/test/auto/ContinuousWithinContinuous5.xml (RunModel)" time="0.028" />
  <testcase classname="ptolemy.util.test.junit.AutoTests" name="[46] /home/travis/build/icyphy/ptII/ptolemy/domains/continuous/test/auto/ContinuousWithinContinuous6.xml (RunModel)" time="0.027" />
  <testcase classname="ptolemy.util.test.junit.AutoTests" name="[47] /home/travis/build/icyphy/ptII/ptolemy/domains/continuous/test/auto/ContinuousWithinContinuous7.xml (RunModel)" time="0.058" />
  <testcase classname="ptolemy.util.test.junit.AutoTests" name="[48] /home/travis/build/icyphy/ptII/ptolemy/domains/continuous/test/auto/DCMotor.xml (RunModel)" time="13.641" />
  <testcase classname="ptolemy.util.test.junit.AutoTests" name="[49] /home/travis/build/icyphy/ptII/ptolemy/domains/continuous/test/auto/DEInContinuous.xml (RunModel)" time="0.024" />
  <testcase classname="ptolemy.util.test.junit.AutoTests" name="[50] /home/travis/build/icyphy/ptII/ptolemy/domains/continuous/test/auto/DEinContinuous2.xml (RunModel)" time="0.038" />
  <testcase classname="ptolemy.util.test.junit.AutoTests" name="[51] /home/travis/build/icyphy/ptII/ptolemy/domains/continuous/test/auto/Derivative.xml (RunModel)" time="0.192" />
  <testcase classname="ptolemy.util.test.junit.AutoTests" name="[52] /home/travis/build/icyphy/ptII/ptolemy/domains/continuous/test/auto/Derivative1.xml (RunModel)" time="0.041" />
  <testcase classname="ptolemy.util.test.junit.AutoTests" name="[53] /home/travis/build/icyphy/ptII/ptolemy/domains/continuous/test/auto/DiscreteClock.xml (RunModel)" time="0.014" />
  <testcase classname="ptolemy.util.test.junit.AutoTests" name="[54] /home/travis/build/icyphy/ptII/ptolemy/domains/continuous/test/auto/EfficiencyCurve.xml (RunModel)" time="0.076" />
  <testcase classname="ptolemy.util.test.junit.AutoTests" name="[55] /home/travis/build/icyphy/ptII/ptolemy/domains/continuous/test/auto/ExponentialResponse.xml (RunModel)" time="0.111" />
  <testcase classname="ptolemy.util.test.junit.AutoTests" name="[56] /home/travis/build/icyphy/ptII/ptolemy/domains/continuous/test/auto/ExponentialResponseRK45.xml (RunModel)" time="0.035" />
  <testcase classname="ptolemy.util.test.junit.AutoTests" name="[57] /home/travis/build/icyphy/ptII/ptolemy/domains/continuous/test/auto/Friction.xml (RunModel)" time="1.634" />
  <testcase classname="ptolemy.util.test.junit.AutoTests" name="[58] /home/travis/build/icyphy/ptII/ptolemy/domains/continuous/test/auto/FurutaPendulum.xml (RunModel)" time="3.116" />
  <testcase classname="ptolemy.util.test.junit.AutoTests" name="[59] /home/travis/build/icyphy/ptII/ptolemy/domains/continuous/test/auto/HierarchicalExecution.xml (RunModel)" time="1.847" />
  <testcase classname="ptolemy.util.test.junit.AutoTests" name="[60] /home/travis/build/icyphy/ptII/ptolemy/domains/continuous/test/auto/HybridPlant.xml (RunModel)" time="0.591" />
  <testcase classname="ptolemy.util.test.junit.AutoTests" name="[61] /home/travis/build/icyphy/ptII/ptolemy/domains/continuous/test/auto/Hysteresis.xml (RunModel)" time="0.182" />
  <testcase classname="ptolemy.util.test.junit.AutoTests" name="[62] /home/travis/build/icyphy/ptII/ptolemy/domains/continuous/test/auto/HysteresisWithRandomDelay.xml (RunModel)" time="0.216" />
  <testcase classname="ptolemy.util.test.junit.AutoTests" name="[63] /home/travis/build/icyphy/ptII/ptolemy/domains/continuous/test/auto/HysteresisWithRandomLosses.xml (RunModel)" time="2.472" />
  <testcase classname="ptolemy.util.test.junit.AutoTests" name="[64] /home/travis/build/icyphy/ptII/ptolemy/domains/continuous/test/auto/ImmediateTransitions.xml (RunModel)" time="0.035" />
  <testcase classname="ptolemy.util.test.junit.AutoTests" name="[65] /home/travis/build/icyphy/ptII/ptolemy/domains/continuous/test/auto/ImpulseFeedback.xml (RunModel)" time="0.02" />
  <testcase classname="ptolemy.util.test.junit.AutoTests" name="[66] /home/travis/build/icyphy/ptII/ptolemy/domains/continuous/test/auto/ImpulseFeedback2.xml (RunModel)" time="0.018" />
  <testcase classname="ptolemy.util.test.junit.AutoTests" name="[67] /home/travis/build/icyphy/ptII/ptolemy/domains/continuous/test/auto/IncreasingRatePoisson.xml (RunModel)" time="0.758" />
  <testcase classname="ptolemy.util.test.junit.AutoTests" name="[68] /home/travis/build/icyphy/ptII/ptolemy/domains/continuous/test/auto/InitialStateFeedback.xml (RunModel)" time="0.014" />
  <testcase classname="ptolemy.util.test.junit.AutoTests" name="[69] /home/travis/build/icyphy/ptII/ptolemy/domains/continuous/test/auto/Integration.xml (RunModel)" time="0.01" />
  <testcase classname="ptolemy.util.test.junit.AutoTests" name="[70] /home/travis/build/icyphy/ptII/ptolemy/domains/continuous/test/auto/Integration2.xml (RunModel)" time="0.08" />
  <testcase classname="ptolemy.util.test.junit.AutoTests" name="[71] /home/travis/build/icyphy/ptII/ptolemy/domains/continuous/test/auto/Integration3.xml (RunModel)" time="0.023" />
  <testcase classname="ptolemy.util.test.junit.AutoTests" name="[72] /home/travis/build/icyphy/ptII/ptolemy/domains/continuous/test/auto/Integration5.xml (RunModel)" time="0.009" />
  <testcase classname="ptolemy.util.test.junit.AutoTests" name="[73] /home/travis/build/icyphy/ptII/ptolemy/domains/continuous/test/auto/IntegratorImpulse.xml (RunModel)" time="0.008" />
  <testcase classname="ptolemy.util.test.junit.AutoTests" name="[74] /home/travis/build/icyphy/ptII/ptolemy/domains/continuous/test/auto/IntegratorImpulse2.xml (RunModel)" time="0.011" />
  <testcase classname="ptolemy.util.test.junit.AutoTests" name="[75] /home/travis/build/icyphy/ptII/ptolemy/domains/continuous/test/auto/LevelCrossing1.xml (RunModel)" time="0.012" />
  <testcase classname="ptolemy.util.test.junit.AutoTests" name="[76] /home/travis/build/icyphy/ptII/ptolemy/domains/continuous/test/auto/LevelCrossing2.xml (RunModel)" time="0.01" />
  <testcase classname="ptolemy.util.test.junit.AutoTests" name="[77] /home/travis/build/icyphy/ptII/ptolemy/domains/continuous/test/auto/LevelCrossing3.xml (RunModel)" time="0.013" />
  <testcase classname="ptolemy.util.test.junit.AutoTests" name="[78] /home/travis/build/icyphy/ptII/ptolemy/domains/continuous/test/auto/LevelCrossing4.xml (RunModel)" time="0.011" />
  <testcase classname="ptolemy.util.test.junit.AutoTests" name="[79] /home/travis/build/icyphy/ptII/ptolemy/domains/continuous/test/auto/LevelCrossing5.xml (RunModel)" time="0.015" />
  <testcase classname="ptolemy.util.test.junit.AutoTests" name="[80] /home/travis/build/icyphy/ptII/ptolemy/domains/continuous/test/auto/LevelCrossing6.xml (RunModel)" time="0.012" />
  <testcase classname="ptolemy.util.test.junit.AutoTests" name="[81] /home/travis/build/icyphy/ptII/ptolemy/domains/continuous/test/auto/LevelCrossingDetector.xml (RunModel)" time="0.049" />
  <testcase classname="ptolemy.util.test.junit.AutoTests" name="[82] /home/travis/build/icyphy/ptII/ptolemy/domains/continuous/test/auto/LevelCrossingDetectorDetectingDirections.xml (RunModel)" time="0.078" />
  <testcase classname="ptolemy.util.test.junit.AutoTests" name="[83] /home/travis/build/icyphy/ptII/ptolemy/domains/continuous/test/auto/LevelCrossingDetectorDetectsGlitches.xml (RunModel)" time="0.059" />
  <testcase classname="ptolemy.util.test.junit.AutoTests" name="[84] /home/travis/build/icyphy/ptII/ptolemy/domains/continuous/test/auto/LevelCrossingNoInitialOuput.xml (RunModel)" time="0.012" />
  <testcase classname="ptolemy.util.test.junit.AutoTests" name="[85] /home/travis/build/icyphy/ptII/ptolemy/domains/continuous/test/auto/LinearStateSpaceExample.xml (RunModel)" time="0.056" />
  <testcase classname="ptolemy.util.test.junit.AutoTests" name="[86] /home/travis/build/icyphy/ptII/ptolemy/domains/continuous/test/auto/Lorenz.xml (RunModel)" time="3.211" />
  <testcase classname="ptolemy.util.test.junit.AutoTests" name="[87] /home/travis/build/icyphy/ptII/ptolemy/domains/continuous/test/auto/LorenzDifferentialSystem.xml (RunModel)" time="1.104" />
  <testcase classname="ptolemy.util.test.junit.AutoTests" name="[88] /home/travis/build/icyphy/ptII/ptolemy/domains/continuous/test/auto/LorenzDifferentialSystemWithInput.xml (RunModel)" time="1.149" />
  <testcase classname="ptolemy.util.test.junit.AutoTests" name="[89] /home/travis/build/icyphy/ptII/ptolemy/domains/continuous/test/auto/LorenzDifferentialSystemWithTime.xml (RunModel)" time="0.668" />
  <testcase classname="ptolemy.util.test.junit.AutoTests" name="[90] /home/travis/build/icyphy/ptII/ptolemy/domains/continuous/test/auto/Microsteps.xml (RunModel)" time="0.034" />
  <testcase classname="ptolemy.util.test.junit.AutoTests" name="[91] /home/travis/build/icyphy/ptII/ptolemy/domains/continuous/test/auto/Modal1.xml (RunModel)" time="0.069" />
  <testcase classname="ptolemy.util.test.junit.AutoTests" name="[92] /home/travis/build/icyphy/ptII/ptolemy/domains/continuous/test/auto/Modal2.xml (RunModel)" time="0.044" />
  <testcase classname="ptolemy.util.test.junit.AutoTests" name="[93] /home/travis/build/icyphy/ptII/ptolemy/domains/continuous/test/auto/ModalTransitionGuardWithReset.xml (RunModel)" time="0.027" />
  <testcase classname="ptolemy.util.test.junit.AutoTests" name="[94] /home/travis/build/icyphy/ptII/ptolemy/domains/continuous/test/auto/ModalTransitionGuardWithResetUsingPreemptiveTransition.xml (RunModel)" time="0.023" />
  <testcase classname="ptolemy.util.test.junit.AutoTests" name="[95] /home/travis/build/icyphy/ptII/ptolemy/domains/continuous/test/auto/ModalTransitionGuardWithResetUsingPreemptiveTransition2.xml (RunModel)" time="0.026" />
  <testcase classname="ptolemy.util.test.junit.AutoTests" name="[96] /home/travis/build/icyphy/ptII/ptolemy/domains/continuous/test/auto/ModalTransitionGuardWithResetUsingPreemptiveTransition3.xml (RunModel)" time="0.026" />
  <testcase classname="ptolemy.util.test.junit.AutoTests" name="[97] /home/travis/build/icyphy/ptII/ptolemy/domains/continuous/test/auto/NewtonsCradle.xml (RunModel)" time="0.706" />
  <testcase classname="ptolemy.util.test.junit.AutoTests" name="[98] /home/travis/build/icyphy/ptII/ptolemy/domains/continuous/test/auto/NewtonsCradleAnimated.xml (RunModel)" time="1.235" />
  <testcase classname="ptolemy.util.test.junit.AutoTests" name="[99] /home/travis/build/icyphy/ptII/ptolemy/domains/continuous/test/auto/NewtonsCradleComplicated.xml (RunModel)" time="0.853" />
  <testcase classname="ptolemy.util.test.junit.AutoTests" name="[100] /home/travis/build/icyphy/ptII/ptolemy/domains/continuous/test/auto/NewtonsCradleNondeterministic.xml (RunModel)" time="0.622" />
  <testcase classname="ptolemy.util.test.junit.AutoTests" name="[101] /home/travis/build/icyphy/ptII/ptolemy/domains/continuous/test/auto/NewtonsCradlePerfectlyInelastic1.xml (RunModel)" time="1.147" />
  <testcase classname="ptolemy.util.test.junit.AutoTests" name="[102] /home/travis/build/icyphy/ptII/ptolemy/domains/continuous/test/auto/Noise.xml (RunModel)" time="0.205" />
  <testcase classname="ptolemy.util.test.junit.AutoTests" name="[103] /home/travis/build/icyphy/ptII/ptolemy/domains/continuous/test/auto/NoiseSpectrum.xml (RunModel)" time="0.66" />
  <testcase classname="ptolemy.util.test.junit.AutoTests" name="[104] /home/travis/build/icyphy/ptII/ptolemy/domains/continuous/test/auto/ParameterizedNewtonsCradleAnimated.xml (RunModel)" time="0.309" />
  <testcase classname="ptolemy.util.test.junit.AutoTests" name="[105] /home/travis/build/icyphy/ptII/ptolemy/domains/continuous/test/auto/ParameterizedNewtonsCradleAnimatedNondeterministic.xml (RunModel)" time="1.162" />
  <testcase classname="ptolemy.util.test.junit.AutoTests" name="[106] /home/travis/build/icyphy/ptII/ptolemy/domains/continuous/test/auto/Pendulum3D.xml (RunModel)" time="0.165" />
  <testcase classname="ptolemy.util.test.junit.AutoTests" name="[107] /home/travis/build/icyphy/ptII/ptolemy/domains/continuous/test/auto/PeriodicSampler.xml (RunModel)" time="0.01" />
  <testcase classname="ptolemy.util.test.junit.AutoTests" name="[108] /home/travis/build/icyphy/ptII/ptolemy/domains/continuous/test/auto/PeriodicSampler1.xml (RunModel)" time="0.055" />
  <testcase classname="ptolemy.util.test.junit.AutoTests" name="[109] /home/travis/build/icyphy/ptII/ptolemy/domains/continuous/test/auto/PeriodicSampler2.xml (RunModel)" time="0.08" />
  <testcase classname="ptolemy.util.test.junit.AutoTests" name="[110] /home/travis/build/icyphy/ptII/ptolemy/domains/continuous/test/auto/Poisson.xml (RunModel)" time="0.432" />
  <testcase classname="ptolemy.util.test.junit.AutoTests" name="[111] /home/travis/build/icyphy/ptII/ptolemy/domains/continuous/test/auto/PoissonClock.xml (RunModel)" time="0.017" />
  <testcase classname="ptolemy.util.test.junit.AutoTests" name="[112] /home/travis/build/icyphy/ptII/ptolemy/domains/continuous/test/auto/PoissonClock2.xml (RunModel)" time="0.02" />
  <testcase classname="ptolemy.util.test.junit.AutoTests" name="[113] /home/travis/build/icyphy/ptII/ptolemy/domains/continuous/test/auto/PortParameterHierarchy.xml (RunModel)" time="0.026" />
  <testcase classname="ptolemy.util.test.junit.AutoTests" name="[114] /home/travis/build/icyphy/ptII/ptolemy/domains/continuous/test/auto/RandomHybridPlant.xml (RunModel)" time="0.507" />
  <testcase classname="ptolemy.util.test.junit.AutoTests" name="[115] /home/travis/build/icyphy/ptII/ptolemy/domains/continuous/test/auto/ResetTransitionWithStartTime1.xml (RunModel)" time="0.028" />
  <testcase classname="ptolemy.util.test.junit.AutoTests" name="[116] /home/travis/build/icyphy/ptII/ptolemy/domains/continuous/test/auto/ResetTransitionWithStartTime2.xml (RunModel)" time="0.035" />
  <testcase classname="ptolemy.util.test.junit.AutoTests" name="[117] /home/travis/build/icyphy/ptII/ptolemy/domains/continuous/test/auto/ResetTransitionWithStartTime3.xml (RunModel)" time="0.036" />
  <testcase classname="ptolemy.util.test.junit.AutoTests" name="[118] /home/travis/build/icyphy/ptII/ptolemy/domains/continuous/test/auto/ResetTransitionWithStartTime4.xml (RunModel)" time="0.024" />
  <testcase classname="ptolemy.util.test.junit.AutoTests" name="[119] /home/travis/build/icyphy/ptII/ptolemy/domains/continuous/test/auto/ResetTransitionWithStartTime5.xml (RunModel)" time="0.034" />
  <testcase classname="ptolemy.util.test.junit.AutoTests" name="[120] /home/travis/build/icyphy/ptII/ptolemy/domains/continuous/test/auto/ResetTransitionWithStartTime6.xml (RunModel)" time="0.032" />
  <testcase classname="ptolemy.util.test.junit.AutoTests" name="[121] /home/travis/build/icyphy/ptII/ptolemy/domains/continuous/test/auto/SRinContinuous.xml (RunModel)" time="0.022" />
  <testcase classname="ptolemy.util.test.junit.AutoTests" name="[122] /home/travis/build/icyphy/ptII/ptolemy/domains/continuous/test/auto/SampledClocks.xml (RunModel)" time="0.028" />
  <testcase classname="ptolemy.util.test.junit.AutoTests" name="[123] /home/travis/build/icyphy/ptII/ptolemy/domains/continuous/test/auto/Satellite.xml (RunModel)" time="0.894" />
  <testcase classname="ptolemy.util.test.junit.AutoTests" name="[124] /home/travis/build/icyphy/ptII/ptolemy/domains/continuous/test/auto/SigmaDelta.xml (RunModel)" time="2.052" />
  <testcase classname="ptolemy.util.test.junit.AutoTests" name="[125] /home/travis/build/icyphy/ptII/ptolemy/domains/continuous/test/auto/SingleRefinement.xml (RunModel)" time="0.394" />
  <testcase classname="ptolemy.util.test.junit.AutoTests" name="[126] /home/travis/build/icyphy/ptII/ptolemy/domains/continuous/test/auto/SinuBouncingBall.xml (RunModel)" time="0.827" />
  <testcase classname="ptolemy.util.test.junit.AutoTests" name="[127] /home/travis/build/icyphy/ptII/ptolemy/domains/continuous/test/auto/Sinusoid.xml (RunModel)" time="0.01" />
  <testcase classname="ptolemy.util.test.junit.AutoTests" name="[128] /home/travis/build/icyphy/ptII/ptolemy/domains/continuous/test/auto/SinusoidInNoise.xml (RunModel)" time="0.896" />
  <testcase classname="ptolemy.util.test.junit.AutoTests" name="[129] /home/travis/build/icyphy/ptII/ptolemy/domains/continuous/test/auto/SinusoidRK45.xml (RunModel)" time="0.014" />
  <testcase classname="ptolemy.util.test.junit.AutoTests" name="[130] /home/travis/build/icyphy/ptII/ptolemy/domains/continuous/test/auto/SinusoidWithMultipleImpulses.xml (RunModel)" time="0.011" />
  <testcase classname="ptolemy.util.test.junit.AutoTests" name="[131] /home/travis/build/icyphy/ptII/ptolemy/domains/continuous/test/auto/SquareWave.xml (RunModel)" time="0.16" />
  <testcase classname="ptolemy.util.test.junit.AutoTests" name="[132] /home/travis/build/icyphy/ptII/ptolemy/domains/continuous/test/auto/Starmac.xml (RunModel)" time="3.568" />
  <testcase classname="ptolemy.util.test.junit.AutoTests" name="[133] /home/travis/build/icyphy/ptII/ptolemy/domains/continuous/test/auto/StaticUnits.xml (RunModel)" time="2.093" />
  <testcase classname="ptolemy.util.test.junit.AutoTests" name="[134] /home/travis/build/icyphy/ptII/ptolemy/domains/continuous/test/auto/StickyMasses.xml (RunModel)" time="0.181" />
  <testcase classname="ptolemy.util.test.junit.AutoTests" name="[135] /home/travis/build/icyphy/ptII/ptolemy/domains/continuous/test/auto/StopTime.xml (RunModel)" time="0.059" />
  <testcase classname="ptolemy.util.test.junit.AutoTests" name="[136] /home/travis/build/icyphy/ptII/ptolemy/domains/continuous/test/auto/StopTime2.xml (RunModel)" time="0.052" />
  <testcase classname="ptolemy.util.test.junit.AutoTests" name="[137] /home/travis/build/icyphy/ptII/ptolemy/domains/continuous/test/auto/Switch.xml (RunModel)" time="0.069" />
  <testcase classname="ptolemy.util.test.junit.AutoTests" name="[138] /home/travis/build/icyphy/ptII/ptolemy/domains/continuous/test/auto/Thermostat.xml (RunModel)" time="0.247" />
  <testcase classname="ptolemy.util.test.junit.AutoTests" name="[139] /home/travis/build/icyphy/ptII/ptolemy/domains/continuous/test/auto/TimeDelay.xml (RunModel)" time="0.014" />
  <testcase classname="ptolemy.util.test.junit.AutoTests" name="[140] /home/travis/build/icyphy/ptII/ptolemy/domains/continuous/test/auto/TimeDelay2.xml (RunModel)" time="0.028" />
  <testcase classname="ptolemy.util.test.junit.AutoTests" name="[141] /home/travis/build/icyphy/ptII/ptolemy/domains/continuous/test/auto/TimeDelay3.xml (RunModel)" time="0.01" />
  <testcase classname="ptolemy.util.test.junit.AutoTests" name="[142] /home/travis/build/icyphy/ptII/ptolemy/domains/continuous/test/auto/TransferAbsentToInside.xml (RunModel)" time="0.115" />
  <testcase classname="ptolemy.util.test.junit.AutoTests" name="[143] /home/travis/build/icyphy/ptII/ptolemy/domains/continuous/test/auto/Transmission.xml (RunModel)" time="0.829" />
  <testcase classname="ptolemy.util.test.junit.AutoTests" name="[144] /home/travis/build/icyphy/ptII/ptolemy/domains/continuous/test/auto/TriggeredContinuousClock.xml (RunModel)" time="0.062" />
  <testcase classname="ptolemy.util.test.junit.AutoTests" name="[145] /home/travis/build/icyphy/ptII/ptolemy/domains/continuous/test/auto/TwoMachineInfiniteBusControl.xml (RunModel)" time="2.557" />
  <testcase classname="ptolemy.util.test.junit.AutoTests" name="[146] /home/travis/build/icyphy/ptII/ptolemy/domains/continuous/test/auto/V2V.xml (RunModel)" time="0.846" />
  <testcase classname="ptolemy.util.test.junit.AutoTests" name="[147] /home/travis/build/icyphy/ptII/ptolemy/domains/continuous/test/auto/hierarchicalModalModel.xml (RunModel)" time="0.03" />
  <testcase classname="ptolemy.util.test.junit.AutoTests" name="[148] /home/travis/build/icyphy/ptII/ptolemy/domains/continuous/test/auto/hierarchicalModalModel1.xml (RunModel)" time="0.027" />
  <testcase classname="ptolemy.util.test.junit.AutoTests" name="[149] /home/travis/build/icyphy/ptII/ptolemy/domains/continuous/test/auto/hierarchicalModalModel2.xml (RunModel)" time="0.025" />
  <testcase classname="ptolemy.util.test.junit.AutoTests" name="[150] /home/travis/build/icyphy/ptII/ptolemy/domains/continuous/test/auto/hierarchicalModalModel3.xml (RunModel)" time="0.024" />
  <testcase classname="ptolemy.util.test.junit.AutoTests" name="[151] /home/travis/build/icyphy/ptII/ptolemy/domains/continuous/test/auto/hierarchicalModalModel4.xml (RunModel)" time="0.023" />
  <testcase classname="ptolemy.util.test.junit.AutoTests" name="[152] /home/travis/build/icyphy/ptII/ptolemy/domains/continuous/test/auto/junk.xml (RunModel)" time="0.114" />
  <system-out><![CDATA[No tcl tests in /home/travis/build/icyphy/ptII/ptolemy/domains/continuous/test
No auto/knownFailedTests/*.xml tests in /home/travis/build/icyphy/ptII/ptolemy/domains/continuous/test
No auto/linux-amd64/*.xml tests in /home/travis/build/icyphy/ptII/ptolemy/domains/continuous/test
AutoTests.java: About to close Vertx.
AutoTests.java: Vertx closed.

===========================================================================================
----------------- testing Sat Jan 11 06:37:57 UTC 2020 /home/travis/build/icyphy/ptII/ptolemy/domains/continuous/test/auto/BouncingBall.xml
----------------- Instantiating /home/travis/build/icyphy/ptII/ptolemy/domains/continuous/test/auto/BouncingBall.xml
2335 ms. Memory: 155648K Free: 139155K (89%)
----------------- Invoking toplevel() on ptolemy.moml.MoMLSimpleApplication@4244b7f
----------------- Done invoking toplevel() on ptolemy.moml.MoMLSimpleApplication@4244b7f
reloadAllAccessors: .BouncingBall

===========================================================================================
----------------- testing Sat Jan 11 06:38:00 UTC 2020 /home/travis/build/icyphy/ptII/ptolemy/domains/continuous/test/auto/BouncingBallWithoutGR.xml
----------------- Instantiating /home/travis/build/icyphy/ptII/ptolemy/domains/continuous/test/auto/BouncingBallWithoutGR.xml
760 ms. Memory: 155648K Free: 50109K (32%)
----------------- Invoking toplevel() on ptolemy.moml.MoMLSimpleApplication@5a57090d
----------------- Done invoking toplevel() on ptolemy.moml.MoMLSimpleApplication@5a57090d
reloadAllAccessors: .BouncingBallWithoutGR

===========================================================================================
----------------- testing Sat Jan 11 06:38:00 UTC 2020 /home/travis/build/icyphy/ptII/ptolemy/domains/continuous/test/auto/Brownian.xml
----------------- Instantiating /home/travis/build/icyphy/ptII/ptolemy/domains/continuous/test/auto/Brownian.xml
29 ms. Memory: 155648K Free: 132487K (85%)
----------------- Invoking toplevel() on ptolemy.moml.MoMLSimpleApplication@45c2c937
----------------- Done invoking toplevel() on ptolemy.moml.MoMLSimpleApplication@45c2c937
reloadAllAccessors: .Brownian

===========================================================================================
----------------- testing Sat Jan 11 06:38:01 UTC 2020 /home/travis/build/icyphy/ptII/ptolemy/domains/continuous/test/auto/CarTracking.xml
----------------- Instantiating /home/travis/build/icyphy/ptII/ptolemy/domains/continuous/test/auto/CarTracking.xml
3380 ms. Memory: 187392K Free: 123335K (66%)
----------------- Invoking toplevel() on ptolemy.moml.MoMLSimpleApplication@4071832e
----------------- Done invoking toplevel() on ptolemy.moml.MoMLSimpleApplication@4071832e
reloadAllAccessors: .CarTracking

===========================================================================================
----------------- testing Sat Jan 11 06:38:04 UTC 2020 /home/travis/build/icyphy/ptII/ptolemy/domains/continuous/test/auto/CartPendulum.xml
----------------- Instantiating /home/travis/build/icyphy/ptII/ptolemy/domains/continuous/test/auto/CartPendulum.xml
399 ms. Memory: 225280K Free: 179421K (80%)
----------------- Invoking toplevel() on ptolemy.moml.MoMLSimpleApplication@2457c695
----------------- Done invoking toplevel() on ptolemy.moml.MoMLSimpleApplication@2457c695
reloadAllAccessors: .CartPendulum

===========================================================================================
----------------- testing Sat Jan 11 06:38:05 UTC 2020 /home/travis/build/icyphy/ptII/ptolemy/domains/continuous/test/auto/CausalityInterface10.xml
----------------- Instantiating /home/travis/build/icyphy/ptII/ptolemy/domains/continuous/test/auto/CausalityInterface10.xml
7 ms. Memory: 225280K Free: 168664K (75%)
----------------- Invoking toplevel() on ptolemy.moml.MoMLSimpleApplication@55a9648e
----------------- Done invoking toplevel() on ptolemy.moml.MoMLSimpleApplication@55a9648e
reloadAllAccessors: .CausalityInterface10

===========================================================================================
----------------- testing Sat Jan 11 06:38:05 UTC 2020 /home/travis/build/icyphy/ptII/ptolemy/domains/continuous/test/auto/CausalityInterface11.xml
----------------- Instantiating /home/travis/build/icyphy/ptII/ptolemy/domains/continuous/test/auto/CausalityInterface11.xml
5 ms. Memory: 225280K Free: 162509K (72%)
----------------- Invoking toplevel() on ptolemy.moml.MoMLSimpleApplication@5b314a03
----------------- Done invoking toplevel() on ptolemy.moml.MoMLSimpleApplication@5b314a03
reloadAllAccessors: .CausalityInterface11

===========================================================================================
----------------- testing Sat Jan 11 06:38:05 UTC 2020 /home/travis/build/icyphy/ptII/ptolemy/domains/continuous/test/auto/CausalityInterface12.xml
----------------- Instantiating /home/travis/build/icyphy/ptII/ptolemy/domains/continuous/test/auto/CausalityInterface12.xml
4 ms. Memory: 225280K Free: 156379K (69%)
----------------- Invoking toplevel() on ptolemy.moml.MoMLSimpleApplication@4fd880a9
----------------- Done invoking toplevel() on ptolemy.moml.MoMLSimpleApplication@4fd880a9
reloadAllAccessors: .CausalityInterface12

===========================================================================================
----------------- testing Sat Jan 11 06:38:05 UTC 2020 /home/travis/build/icyphy/ptII/ptolemy/domains/continuous/test/auto/CausalityInterface13.xml
----------------- Instantiating /home/travis/build/icyphy/ptII/ptolemy/domains/continuous/test/auto/CausalityInterface13.xml
6 ms. Memory: 225280K Free: 150235K (67%)
----------------- Invoking toplevel() on ptolemy.moml.MoMLSimpleApplication@207f14aa
----------------- Done invoking toplevel() on ptolemy.moml.MoMLSimpleApplication@207f14aa
reloadAllAccessors: .CausalityInterface13

===========================================================================================
----------------- testing Sat Jan 11 06:38:05 UTC 2020 /home/travis/build/icyphy/ptII/ptolemy/domains/continuous/test/auto/CausalityInterface14.xml
----------------- Instantiating /home/travis/build/icyphy/ptII/ptolemy/domains/continuous/test/auto/CausalityInterface14.xml
5 ms. Memory: 225280K Free: 144605K (64%)
----------------- Invoking toplevel() on ptolemy.moml.MoMLSimpleApplication@5ebd6ce
----------------- Done invoking toplevel() on ptolemy.moml.MoMLSimpleApplication@5ebd6ce
reloadAllAccessors: .CausalityInterface14

===========================================================================================
----------------- testing Sat Jan 11 06:38:05 UTC 2020 /home/travis/build/icyphy/ptII/ptolemy/domains/continuous/test/auto/CausalityInterface4.xml
----------------- Instantiating /home/travis/build/icyphy/ptII/ptolemy/domains/continuous/test/auto/CausalityInterface4.xml
4 ms. Memory: 225280K Free: 137947K (61%)
----------------- Invoking toplevel() on ptolemy.moml.MoMLSimpleApplication@25a886bd
----------------- Done invoking toplevel() on ptolemy.moml.MoMLSimpleApplication@25a886bd
reloadAllAccessors: .CausalityInterface4

===========================================================================================
----------------- testing Sat Jan 11 06:38:05 UTC 2020 /home/travis/build/icyphy/ptII/ptolemy/domains/continuous/test/auto/CausalityInterface5.xml
----------------- Instantiating /home/travis/build/icyphy/ptII/ptolemy/domains/continuous/test/auto/CausalityInterface5.xml
8 ms. Memory: 225280K Free: 129755K (58%)
----------------- Invoking toplevel() on ptolemy.moml.MoMLSimpleApplication@5604a45c
----------------- Done invoking toplevel() on ptolemy.moml.MoMLSimpleApplication@5604a45c
reloadAllAccessors: .CausalityInterface5

===========================================================================================
----------------- testing Sat Jan 11 06:38:05 UTC 2020 /home/travis/build/icyphy/ptII/ptolemy/domains/continuous/test/auto/CausalityInterface6.xml
----------------- Instantiating /home/travis/build/icyphy/ptII/ptolemy/domains/continuous/test/auto/CausalityInterface6.xml
4 ms. Memory: 225280K Free: 124635K (55%)
----------------- Invoking toplevel() on ptolemy.moml.MoMLSimpleApplication@3bcf09fb
----------------- Done invoking toplevel() on ptolemy.moml.MoMLSimpleApplication@3bcf09fb
reloadAllAccessors: .CausalityInterface6

===========================================================================================
----------------- testing Sat Jan 11 06:38:05 UTC 2020 /home/travis/build/icyphy/ptII/ptolemy/domains/continuous/test/auto/CausalityInterface7.xml
----------------- Instantiating /home/travis/build/icyphy/ptII/ptolemy/domains/continuous/test/auto/CausalityInterface7.xml
7 ms. Memory: 225280K Free: 115933K (51%)
----------------- Invoking toplevel() on ptolemy.moml.MoMLSimpleApplication@48b62bf8
----------------- Done invoking toplevel() on ptolemy.moml.MoMLSimpleApplication@48b62bf8
reloadAllAccessors: .CausalityInterface7

===========================================================================================
----------------- testing Sat Jan 11 06:38:05 UTC 2020 /home/travis/build/icyphy/ptII/ptolemy/domains/continuous/test/auto/CausalityInterface8.xml
----------------- Instantiating /home/travis/build/icyphy/ptII/ptolemy/domains/continuous/test/auto/CausalityInterface8.xml
6 ms. Memory: 225280K Free: 106717K (47%)
----------------- Invoking toplevel() on ptolemy.moml.MoMLSimpleApplication@40feecc8
----------------- Done invoking toplevel() on ptolemy.moml.MoMLSimpleApplication@40feecc8
reloadAllAccessors: .CausalityInterface8

===========================================================================================
----------------- testing Sat Jan 11 06:38:05 UTC 2020 /home/travis/build/icyphy/ptII/ptolemy/domains/continuous/test/auto/CausalityInterface9.xml
----------------- Instantiating /home/travis/build/icyphy/ptII/ptolemy/domains/continuous/test/auto/CausalityInterface9.xml
9 ms. Memory: 225280K Free: 95963K (43%)
----------------- Invoking toplevel() on ptolemy.moml.MoMLSimpleApplication@64b0aed1
----------------- Done invoking toplevel() on ptolemy.moml.MoMLSimpleApplication@64b0aed1
reloadAllAccessors: .CausalityInterface9

===========================================================================================
----------------- testing Sat Jan 11 06:38:05 UTC 2020 /home/travis/build/icyphy/ptII/ptolemy/domains/continuous/test/auto/CausalityInterfaceFeedback1.xml
----------------- Instantiating /home/travis/build/icyphy/ptII/ptolemy/domains/continuous/test/auto/CausalityInterfaceFeedback1.xml
5 ms. Memory: 225280K Free: 89309K (40%)
----------------- Invoking toplevel() on ptolemy.moml.MoMLSimpleApplication@3b2aafd9
----------------- Done invoking toplevel() on ptolemy.moml.MoMLSimpleApplication@3b2aafd9
reloadAllAccessors: .CausalityInterfaceFeedback1

===========================================================================================
----------------- testing Sat Jan 11 06:38:05 UTC 2020 /home/travis/build/icyphy/ptII/ptolemy/domains/continuous/test/auto/CausalityInterfaceFeedback2.xml
----------------- Instantiating /home/travis/build/icyphy/ptII/ptolemy/domains/continuous/test/auto/CausalityInterfaceFeedback2.xml
4 ms. Memory: 225280K Free: 82651K (37%)
----------------- Invoking toplevel() on ptolemy.moml.MoMLSimpleApplication@a061961
----------------- Done invoking toplevel() on ptolemy.moml.MoMLSimpleApplication@a061961
reloadAllAccessors: .CausalityInterfaceFeedback2

===========================================================================================
----------------- testing Sat Jan 11 06:38:05 UTC 2020 /home/travis/build/icyphy/ptII/ptolemy/domains/continuous/test/auto/CompareWithCurrentTime.xml
----------------- Instantiating /home/travis/build/icyphy/ptII/ptolemy/domains/continuous/test/auto/CompareWithCurrentTime.xml
3 ms. Memory: 225280K Free: 78555K (35%)
----------------- Invoking toplevel() on ptolemy.moml.MoMLSimpleApplication@145680d4
----------------- Done invoking toplevel() on ptolemy.moml.MoMLSimpleApplication@145680d4
reloadAllAccessors: .CompareWithCurrentTime

===========================================================================================
----------------- testing Sat Jan 11 06:38:05 UTC 2020 /home/travis/build/icyphy/ptII/ptolemy/domains/continuous/test/auto/ComparedClocks.xml
----------------- Instantiating /home/travis/build/icyphy/ptII/ptolemy/domains/continuous/test/auto/ComparedClocks.xml
7 ms. Memory: 225280K Free: 196629K (87%)
----------------- Invoking toplevel() on ptolemy.moml.MoMLSimpleApplication@5a774304
----------------- Done invoking toplevel() on ptolemy.moml.MoMLSimpleApplication@5a774304
reloadAllAccessors: .ComparedClocks

===========================================================================================
----------------- testing Sat Jan 11 06:38:05 UTC 2020 /home/travis/build/icyphy/ptII/ptolemy/domains/continuous/test/auto/ContinuousAOCClone.xml
----------------- Instantiating /home/travis/build/icyphy/ptII/ptolemy/domains/continuous/test/auto/ContinuousAOCClone.xml
2285 ms. Memory: 225280K Free: 79257K (35%)
----------------- Invoking toplevel() on ptolemy.moml.MoMLSimpleApplication@3fae4966
----------------- Done invoking toplevel() on ptolemy.moml.MoMLSimpleApplication@3fae4966
reloadAllAccessors: .ContinuousAOCClone

===========================================================================================
----------------- testing Sat Jan 11 06:38:08 UTC 2020 /home/travis/build/icyphy/ptII/ptolemy/domains/continuous/test/auto/ContinuousClock.xml
----------------- Instantiating /home/travis/build/icyphy/ptII/ptolemy/domains/continuous/test/auto/ContinuousClock.xml
28 ms. Memory: 225280K Free: 191370K (85%)
----------------- Invoking toplevel() on ptolemy.moml.MoMLSimpleApplication@64cf8d7e
----------------- Done invoking toplevel() on ptolemy.moml.MoMLSimpleApplication@64cf8d7e
reloadAllAccessors: .ContinuousClock

===========================================================================================
----------------- testing Sat Jan 11 06:38:08 UTC 2020 /home/travis/build/icyphy/ptII/ptolemy/domains/continuous/test/auto/ContinuousInContinuous.xml
----------------- Instantiating /home/travis/build/icyphy/ptII/ptolemy/domains/continuous/test/auto/ContinuousInContinuous.xml
39 ms. Memory: 225280K Free: 167804K (74%)
----------------- Invoking toplevel() on ptolemy.moml.MoMLSimpleApplication@5cc76959
----------------- Done invoking toplevel() on ptolemy.moml.MoMLSimpleApplication@5cc76959
reloadAllAccessors: .ContinuousInContinuous

===========================================================================================
----------------- testing Sat Jan 11 06:38:08 UTC 2020 /home/travis/build/icyphy/ptII/ptolemy/domains/continuous/test/auto/ContinuousInContinuousInContinuous.xml
----------------- Instantiating /home/travis/build/icyphy/ptII/ptolemy/domains/continuous/test/auto/ContinuousInContinuousInContinuous.xml
6 ms. Memory: 225280K Free: 159626K (71%)
----------------- Invoking toplevel() on ptolemy.moml.MoMLSimpleApplication@56095407
----------------- Done invoking toplevel() on ptolemy.moml.MoMLSimpleApplication@56095407
reloadAllAccessors: .ContinuousInContinuousInContinuous

===========================================================================================
----------------- testing Sat Jan 11 06:38:08 UTC 2020 /home/travis/build/icyphy/ptII/ptolemy/domains/continuous/test/auto/ContinuousInDE.xml
----------------- Instantiating /home/travis/build/icyphy/ptII/ptolemy/domains/continuous/test/auto/ContinuousInDE.xml
75 ms. Memory: 225280K Free: 148876K (66%)
----------------- Invoking toplevel() on ptolemy.moml.MoMLSimpleApplication@34a55ced
----------------- Done invoking toplevel() on ptolemy.moml.MoMLSimpleApplication@34a55ced
reloadAllAccessors: .ContinuousInDE

===========================================================================================
----------------- testing Sat Jan 11 06:38:08 UTC 2020 /home/travis/build/icyphy/ptII/ptolemy/domains/continuous/test/auto/ContinuousInDE2.xml
----------------- Instantiating /home/travis/build/icyphy/ptII/ptolemy/domains/continuous/test/auto/ContinuousInDE2.xml
26 ms. Memory: 225280K Free: 139660K (62%)
----------------- Invoking toplevel() on ptolemy.moml.MoMLSimpleApplication@38f9e795
----------------- Done invoking toplevel() on ptolemy.moml.MoMLSimpleApplication@38f9e795
reloadAllAccessors: .ContinuousInDE2

===========================================================================================
----------------- testing Sat Jan 11 06:38:08 UTC 2020 /home/travis/build/icyphy/ptII/ptolemy/domains/continuous/test/auto/ContinuousInDE3.xml
----------------- Instantiating /home/travis/build/icyphy/ptII/ptolemy/domains/continuous/test/auto/ContinuousInDE3.xml
28 ms. Memory: 225280K Free: 129930K (58%)
----------------- Invoking toplevel() on ptolemy.moml.MoMLSimpleApplication@22e5723e
----------------- Done invoking toplevel() on ptolemy.moml.MoMLSimpleApplication@22e5723e
reloadAllAccessors: .ContinuousInDE3

===========================================================================================
----------------- testing Sat Jan 11 06:38:08 UTC 2020 /home/travis/build/icyphy/ptII/ptolemy/domains/continuous/test/auto/ContinuousInDE4.xml
----------------- Instantiating /home/travis/build/icyphy/ptII/ptolemy/domains/continuous/test/auto/ContinuousInDE4.xml
10 ms. Memory: 225280K Free: 123786K (55%)
----------------- Invoking toplevel() on ptolemy.moml.MoMLSimpleApplication@16e511cc
----------------- Done invoking toplevel() on ptolemy.moml.MoMLSimpleApplication@16e511cc
reloadAllAccessors: .ContinuousInDE4

===========================================================================================
----------------- testing Sat Jan 11 06:38:08 UTC 2020 /home/travis/build/icyphy/ptII/ptolemy/domains/continuous/test/auto/ContinuousInDEDifferentRefinements.xml
----------------- Instantiating /home/travis/build/icyphy/ptII/ptolemy/domains/continuous/test/auto/ContinuousInDEDifferentRefinements.xml
54 ms. Memory: 225280K Free: 93066K (41%)
----------------- Invoking toplevel() on ptolemy.moml.MoMLSimpleApplication@2a73880d
----------------- Done invoking toplevel() on ptolemy.moml.MoMLSimpleApplication@2a73880d
reloadAllAccessors: .ContinuousInDEDifferentRefinements

===========================================================================================
----------------- testing Sat Jan 11 06:38:08 UTC 2020 /home/travis/build/icyphy/ptII/ptolemy/domains/continuous/test/auto/ContinuousInDEDifferentRefinementsPreemptive.xml
----------------- Instantiating /home/travis/build/icyphy/ptII/ptolemy/domains/continuous/test/auto/ContinuousInDEDifferentRefinementsPreemptive.xml
49 ms. Memory: 225280K Free: 196690K (87%)
----------------- Invoking toplevel() on ptolemy.moml.MoMLSimpleApplication@7af5d862
----------------- Done invoking toplevel() on ptolemy.moml.MoMLSimpleApplication@7af5d862
reloadAllAccessors: .ContinuousInDEDifferentRefinementsPreemptive

===========================================================================================
----------------- testing Sat Jan 11 06:38:08 UTC 2020 /home/travis/build/icyphy/ptII/ptolemy/domains/continuous/test/auto/ContinuousInDEInContinuous2.xml
----------------- Instantiating /home/travis/build/icyphy/ptII/ptolemy/domains/continuous/test/auto/ContinuousInDEInContinuous2.xml
29 ms. Memory: 225280K Free: 185206K (82%)
----------------- Invoking toplevel() on ptolemy.moml.MoMLSimpleApplication@2a4834c
----------------- Done invoking toplevel() on ptolemy.moml.MoMLSimpleApplication@2a4834c
reloadAllAccessors: .ContinuousInDEInContinuous2

===========================================================================================
----------------- testing Sat Jan 11 06:38:09 UTC 2020 /home/travis/build/icyphy/ptII/ptolemy/domains/continuous/test/auto/ContinuousInDEInContinuous3.xml
----------------- Instantiating /home/travis/build/icyphy/ptII/ptolemy/domains/continuous/test/auto/ContinuousInDEInContinuous3.xml
34 ms. Memory: 225280K Free: 172918K (77%)
----------------- Invoking toplevel() on ptolemy.moml.MoMLSimpleApplication@52ae256d
----------------- Done invoking toplevel() on ptolemy.moml.MoMLSimpleApplication@52ae256d
reloadAllAccessors: .ContinuousInDEInContinuous3

===========================================================================================
----------------- testing Sat Jan 11 06:38:09 UTC 2020 /home/travis/build/icyphy/ptII/ptolemy/domains/continuous/test/auto/ContinuousInDEInput.xml
----------------- Instantiating /home/travis/build/icyphy/ptII/ptolemy/domains/continuous/test/auto/ContinuousInDEInput.xml
10 ms. Memory: 225280K Free: 165750K (74%)
----------------- Invoking toplevel() on ptolemy.moml.MoMLSimpleApplication@71e787d1
----------------- Done invoking toplevel() on ptolemy.moml.MoMLSimpleApplication@71e787d1
reloadAllAccessors: .ContinuousInDEInput

===========================================================================================
----------------- testing Sat Jan 11 06:38:09 UTC 2020 /home/travis/build/icyphy/ptII/ptolemy/domains/continuous/test/auto/ContinuousInDEInput2.xml
----------------- Instantiating /home/travis/build/icyphy/ptII/ptolemy/domains/continuous/test/auto/ContinuousInDEInput2.xml
10 ms. Memory: 225280K Free: 158582K (70%)
----------------- Invoking toplevel() on ptolemy.moml.MoMLSimpleApplication@46f3cc76
----------------- Done invoking toplevel() on ptolemy.moml.MoMLSimpleApplication@46f3cc76
reloadAllAccessors: .ContinuousInDEInput2

===========================================================================================
----------------- testing Sat Jan 11 06:38:09 UTC 2020 /home/travis/build/icyphy/ptII/ptolemy/domains/continuous/test/auto/ContinuousInDEInput3.xml
----------------- Instantiating /home/travis/build/icyphy/ptII/ptolemy/domains/continuous/test/auto/ContinuousInDEInput3.xml
11 ms. Memory: 225280K Free: 151414K (67%)
----------------- Invoking toplevel() on ptolemy.moml.MoMLSimpleApplication@1147430c
----------------- Done invoking toplevel() on ptolemy.moml.MoMLSimpleApplication@1147430c
reloadAllAccessors: .ContinuousInDEInput3

===========================================================================================
----------------- testing Sat Jan 11 06:38:09 UTC 2020 /home/travis/build/icyphy/ptII/ptolemy/domains/continuous/test/auto/ContinuousInDESharingRefinement.xml
----------------- Instantiating /home/travis/build/icyphy/ptII/ptolemy/domains/continuous/test/auto/ContinuousInDESharingRefinement.xml
138 ms. Memory: 225280K Free: 191567K (85%)
----------------- Invoking toplevel() on ptolemy.moml.MoMLSimpleApplication@562c9806
----------------- Done invoking toplevel() on ptolemy.moml.MoMLSimpleApplication@562c9806
reloadAllAccessors: .ContinuousInDESharingRefinement

===========================================================================================
----------------- testing Sat Jan 11 06:38:09 UTC 2020 /home/travis/build/icyphy/ptII/ptolemy/domains/continuous/test/auto/ContinuousInDEwithNoPorts.xml
----------------- Instantiating /home/travis/build/icyphy/ptII/ptolemy/domains/continuous/test/auto/ContinuousInDEwithNoPorts.xml
4 ms. Memory: 225280K Free: 186961K (83%)
----------------- Invoking toplevel() on ptolemy.moml.MoMLSimpleApplication@661bfe6
----------------- Done invoking toplevel() on ptolemy.moml.MoMLSimpleApplication@661bfe6
reloadAllAccessors: .ContinuousInDEwithNoPorts

===========================================================================================
----------------- testing Sat Jan 11 06:38:09 UTC 2020 /home/travis/build/icyphy/ptII/ptolemy/domains/continuous/test/auto/ContinuousInsideDE.xml
----------------- Instantiating /home/travis/build/icyphy/ptII/ptolemy/domains/continuous/test/auto/ContinuousInsideDE.xml
26 ms. Memory: 225280K Free: 175697K (78%)
----------------- Invoking toplevel() on ptolemy.moml.MoMLSimpleApplication@4976b2dd
----------------- Done invoking toplevel() on ptolemy.moml.MoMLSimpleApplication@4976b2dd
reloadAllAccessors: .ContinuousInsideDE

===========================================================================================
----------------- testing Sat Jan 11 06:38:09 UTC 2020 /home/travis/build/icyphy/ptII/ptolemy/domains/continuous/test/auto/ContinuousMerge1.xml
----------------- Instantiating /home/travis/build/icyphy/ptII/ptolemy/domains/continuous/test/auto/ContinuousMerge1.xml
4 ms. Memory: 225280K Free: 171601K (76%)
----------------- Invoking toplevel() on ptolemy.moml.MoMLSimpleApplication@2f164f58
----------------- Done invoking toplevel() on ptolemy.moml.MoMLSimpleApplication@2f164f58
reloadAllAccessors: .ContinuousMerge1

===========================================================================================
----------------- testing Sat Jan 11 06:38:09 UTC 2020 /home/travis/build/icyphy/ptII/ptolemy/domains/continuous/test/auto/ContinuousMerge2.xml
----------------- Instantiating /home/travis/build/icyphy/ptII/ptolemy/domains/continuous/test/auto/ContinuousMerge2.xml
15 ms. Memory: 225280K Free: 161361K (72%)
----------------- Invoking toplevel() on ptolemy.moml.MoMLSimpleApplication@b082f08
----------------- Done invoking toplevel() on ptolemy.moml.MoMLSimpleApplication@b082f08
reloadAllAccessors: .ContinuousMerge2

===========================================================================================
----------------- testing Sat Jan 11 06:38:09 UTC 2020 /home/travis/build/icyphy/ptII/ptolemy/domains/continuous/test/auto/ContinuousMerge3.xml
----------------- Instantiating /home/travis/build/icyphy/ptII/ptolemy/domains/continuous/test/auto/ContinuousMerge3.xml
33 ms. Memory: 225280K Free: 150607K (67%)
----------------- Invoking toplevel() on ptolemy.moml.MoMLSimpleApplication@2fb2b98d
----------------- Done invoking toplevel() on ptolemy.moml.MoMLSimpleApplication@2fb2b98d
reloadAllAccessors: .ContinuousMerge3

===========================================================================================
----------------- testing Sat Jan 11 06:38:09 UTC 2020 /home/travis/build/icyphy/ptII/ptolemy/domains/continuous/test/auto/ContinuousWithinContinuous.xml
----------------- Instantiating /home/travis/build/icyphy/ptII/ptolemy/domains/continuous/test/auto/ContinuousWithinContinuous.xml
28 ms. Memory: 225280K Free: 141905K (63%)
----------------- Invoking toplevel() on ptolemy.moml.MoMLSimpleApplication@641a219f
----------------- Done invoking toplevel() on ptolemy.moml.MoMLSimpleApplication@641a219f
reloadAllAccessors: .ContinuousWithinContinuous

===========================================================================================
----------------- testing Sat Jan 11 06:38:09 UTC 2020 /home/travis/build/icyphy/ptII/ptolemy/domains/continuous/test/auto/ContinuousWithinContinuous2.xml
----------------- Instantiating /home/travis/build/icyphy/ptII/ptolemy/domains/continuous/test/auto/ContinuousWithinContinuous2.xml
55 ms. Memory: 225280K Free: 131151K (58%)
----------------- Invoking toplevel() on ptolemy.moml.MoMLSimpleApplication@446f4428
----------------- Done invoking toplevel() on ptolemy.moml.MoMLSimpleApplication@446f4428
reloadAllAccessors: .ContinuousWithinContinuous2

===========================================================================================
----------------- testing Sat Jan 11 06:38:09 UTC 2020 /home/travis/build/icyphy/ptII/ptolemy/domains/continuous/test/auto/ContinuousWithinContinuous3.xml
----------------- Instantiating /home/travis/build/icyphy/ptII/ptolemy/domains/continuous/test/auto/ContinuousWithinContinuous3.xml
10 ms. Memory: 225280K Free: 124497K (55%)
----------------- Invoking toplevel() on ptolemy.moml.MoMLSimpleApplication@59f2c0f3
----------------- Done invoking toplevel() on ptolemy.moml.MoMLSimpleApplication@59f2c0f3
reloadAllAccessors: .ContinuousWithinContinuous3

===========================================================================================
----------------- testing Sat Jan 11 06:38:09 UTC 2020 /home/travis/build/icyphy/ptII/ptolemy/domains/continuous/test/auto/ContinuousWithinContinuous4.xml
----------------- Instantiating /home/travis/build/icyphy/ptII/ptolemy/domains/continuous/test/auto/ContinuousWithinContinuous4.xml
62 ms. Memory: 225280K Free: 112209K (50%)
----------------- Invoking toplevel() on ptolemy.moml.MoMLSimpleApplication@40e1195d
----------------- Done invoking toplevel() on ptolemy.moml.MoMLSimpleApplication@40e1195d
reloadAllAccessors: .ContinuousWithinContinuous4

===========================================================================================
----------------- testing Sat Jan 11 06:38:09 UTC 2020 /home/travis/build/icyphy/ptII/ptolemy/domains/continuous/test/auto/ContinuousWithinContinuous5.xml
----------------- Instantiating /home/travis/build/icyphy/ptII/ptolemy/domains/continuous/test/auto/ContinuousWithinContinuous5.xml
12 ms. Memory: 225280K Free: 105041K (47%)
----------------- Invoking toplevel() on ptolemy.moml.MoMLSimpleApplication@75de4b6f
----------------- Done invoking toplevel() on ptolemy.moml.MoMLSimpleApplication@75de4b6f
reloadAllAccessors: .ContinuousWithinContinuous5

===========================================================================================
----------------- testing Sat Jan 11 06:38:09 UTC 2020 /home/travis/build/icyphy/ptII/ptolemy/domains/continuous/test/auto/ContinuousWithinContinuous6.xml
----------------- Instantiating /home/travis/build/icyphy/ptII/ptolemy/domains/continuous/test/auto/ContinuousWithinContinuous6.xml
11 ms. Memory: 225280K Free: 97873K (43%)
----------------- Invoking toplevel() on ptolemy.moml.MoMLSimpleApplication@25b99adf
----------------- Done invoking toplevel() on ptolemy.moml.MoMLSimpleApplication@25b99adf
reloadAllAccessors: .ContinuousWithinContinuous6

===========================================================================================
----------------- testing Sat Jan 11 06:38:09 UTC 2020 /home/travis/build/icyphy/ptII/ptolemy/domains/continuous/test/auto/ContinuousWithinContinuous7.xml
----------------- Instantiating /home/travis/build/icyphy/ptII/ptolemy/domains/continuous/test/auto/ContinuousWithinContinuous7.xml
48 ms. Memory: 225280K Free: 87119K (39%)
----------------- Invoking toplevel() on ptolemy.moml.MoMLSimpleApplication@376dc6b7
----------------- Done invoking toplevel() on ptolemy.moml.MoMLSimpleApplication@376dc6b7
reloadAllAccessors: .ContinuousWithinContinuous7

===========================================================================================
----------------- testing Sat Jan 11 06:38:09 UTC 2020 /home/travis/build/icyphy/ptII/ptolemy/domains/continuous/test/auto/DCMotor.xml
----------------- Instantiating /home/travis/build/icyphy/ptII/ptolemy/domains/continuous/test/auto/DCMotor.xml
13558 ms. Memory: 225280K Free: 200692K (89%)
----------------- Invoking toplevel() on ptolemy.moml.MoMLSimpleApplication@2c0b84ab
----------------- Done invoking toplevel() on ptolemy.moml.MoMLSimpleApplication@2c0b84ab
reloadAllAccessors: .DCMotor

===========================================================================================
----------------- testing Sat Jan 11 06:38:23 UTC 2020 /home/travis/build/icyphy/ptII/ptolemy/domains/continuous/test/auto/DEInContinuous.xml
----------------- Instantiating /home/travis/build/icyphy/ptII/ptolemy/domains/continuous/test/auto/DEInContinuous.xml
9 ms. Memory: 225280K Free: 194548K (86%)
----------------- Invoking toplevel() on ptolemy.moml.MoMLSimpleApplication@4d6b99d5
----------------- Done invoking toplevel() on ptolemy.moml.MoMLSimpleApplication@4d6b99d5
reloadAllAccessors: .DEInContinuous

===========================================================================================
----------------- testing Sat Jan 11 06:38:23 UTC 2020 /home/travis/build/icyphy/ptII/ptolemy/domains/continuous/test/auto/DEinContinuous2.xml
----------------- Instantiating /home/travis/build/icyphy/ptII/ptolemy/domains/continuous/test/auto/DEinContinuous2.xml
10 ms. Memory: 225280K Free: 186852K (83%)
----------------- Invoking toplevel() on ptolemy.moml.MoMLSimpleApplication@7ef37115
----------------- Done invoking toplevel() on ptolemy.moml.MoMLSimpleApplication@7ef37115
reloadAllAccessors: .DEinContinuous2

===========================================================================================
----------------- testing Sat Jan 11 06:38:23 UTC 2020 /home/travis/build/icyphy/ptII/ptolemy/domains/continuous/test/auto/Derivative.xml
----------------- Instantiating /home/travis/build/icyphy/ptII/ptolemy/domains/continuous/test/auto/Derivative.xml
144 ms. Memory: 225280K Free: 157684K (70%)
----------------- Invoking toplevel() on ptolemy.moml.MoMLSimpleApplication@6d4c6199
----------------- Done invoking toplevel() on ptolemy.moml.MoMLSimpleApplication@6d4c6199
reloadAllAccessors: .Derivative2

===========================================================================================
----------------- testing Sat Jan 11 06:38:23 UTC 2020 /home/travis/build/icyphy/ptII/ptolemy/domains/continuous/test/auto/Derivative1.xml
----------------- Instantiating /home/travis/build/icyphy/ptII/ptolemy/domains/continuous/test/auto/Derivative1.xml
19 ms. Memory: 225280K Free: 143348K (64%)
----------------- Invoking toplevel() on ptolemy.moml.MoMLSimpleApplication@111cb583
----------------- Done invoking toplevel() on ptolemy.moml.MoMLSimpleApplication@111cb583
reloadAllAccessors: .Derivative1

===========================================================================================
----------------- testing Sat Jan 11 06:38:23 UTC 2020 /home/travis/build/icyphy/ptII/ptolemy/domains/continuous/test/auto/DiscreteClock.xml
----------------- Instantiating /home/travis/build/icyphy/ptII/ptolemy/domains/continuous/test/auto/DiscreteClock.xml
3 ms. Memory: 225280K Free: 138228K (61%)
----------------- Invoking toplevel() on ptolemy.moml.MoMLSimpleApplication@3dfca2ca
----------------- Done invoking toplevel() on ptolemy.moml.MoMLSimpleApplication@3dfca2ca
reloadAllAccessors: .DiscreteClock

===========================================================================================
----------------- testing Sat Jan 11 06:38:23 UTC 2020 /home/travis/build/icyphy/ptII/ptolemy/domains/continuous/test/auto/EfficiencyCurve.xml
----------------- Instantiating /home/travis/build/icyphy/ptII/ptolemy/domains/continuous/test/auto/EfficiencyCurve.xml
38 ms. Memory: 225280K Free: 129012K (57%)
----------------- Invoking toplevel() on ptolemy.moml.MoMLSimpleApplication@6765e2d7
----------------- Done invoking toplevel() on ptolemy.moml.MoMLSimpleApplication@6765e2d7
reloadAllAccessors: .EfficiencyCurve

===========================================================================================
----------------- testing Sat Jan 11 06:38:23 UTC 2020 /home/travis/build/icyphy/ptII/ptolemy/domains/continuous/test/auto/ExponentialResponse.xml
----------------- Instantiating /home/travis/build/icyphy/ptII/ptolemy/domains/continuous/test/auto/ExponentialResponse.xml
100 ms. Memory: 225280K Free: 113138K (50%)
----------------- Invoking toplevel() on ptolemy.moml.MoMLSimpleApplication@3bc72f3e
----------------- Done invoking toplevel() on ptolemy.moml.MoMLSimpleApplication@3bc72f3e
reloadAllAccessors: .ExponentialResponse

===========================================================================================
----------------- testing Sat Jan 11 06:38:24 UTC 2020 /home/travis/build/icyphy/ptII/ptolemy/domains/continuous/test/auto/ExponentialResponseRK45.xml
----------------- Instantiating /home/travis/build/icyphy/ptII/ptolemy/domains/continuous/test/auto/ExponentialResponseRK45.xml
26 ms. Memory: 225280K Free: 106484K (47%)
----------------- Invoking toplevel() on ptolemy.moml.MoMLSimpleApplication@174024e8
----------------- Done invoking toplevel() on ptolemy.moml.MoMLSimpleApplication@174024e8
reloadAllAccessors: .ExponentialResponseRK45

===========================================================================================
----------------- testing Sat Jan 11 06:38:24 UTC 2020 /home/travis/build/icyphy/ptII/ptolemy/domains/continuous/test/auto/Friction.xml
----------------- Instantiating /home/travis/build/icyphy/ptII/ptolemy/domains/continuous/test/auto/Friction.xml
1517 ms. Memory: 225280K Free: 84917K (38%)
----------------- Invoking toplevel() on ptolemy.moml.MoMLSimpleApplication@2bcb76c6
----------------- Done invoking toplevel() on ptolemy.moml.MoMLSimpleApplication@2bcb76c6
reloadAllAccessors: .Friction

===========================================================================================
----------------- testing Sat Jan 11 06:38:25 UTC 2020 /home/travis/build/icyphy/ptII/ptolemy/domains/continuous/test/auto/FurutaPendulum.xml
----------------- Instantiating /home/travis/build/icyphy/ptII/ptolemy/domains/continuous/test/auto/FurutaPendulum.xml
2965 ms. Memory: 225280K Free: 123572K (55%)
----------------- Invoking toplevel() on ptolemy.moml.MoMLSimpleApplication@6da6b25d
----------------- Done invoking toplevel() on ptolemy.moml.MoMLSimpleApplication@6da6b25d
reloadAllAccessors: .FurutaPendulum

===========================================================================================
----------------- testing Sat Jan 11 06:38:28 UTC 2020 /home/travis/build/icyphy/ptII/ptolemy/domains/continuous/test/auto/HierarchicalExecution.xml
----------------- Instantiating /home/travis/build/icyphy/ptII/ptolemy/domains/continuous/test/auto/HierarchicalExecution.xml
1566 ms. Memory: 225280K Free: 103933K (46%)
----------------- Invoking toplevel() on ptolemy.moml.MoMLSimpleApplication@21e02d1b
----------------- Done invoking toplevel() on ptolemy.moml.MoMLSimpleApplication@21e02d1b
reloadAllAccessors: .HierarchicalExecution

===========================================================================================
----------------- testing Sat Jan 11 06:38:30 UTC 2020 /home/travis/build/icyphy/ptII/ptolemy/domains/continuous/test/auto/HybridPlant.xml
----------------- Instantiating /home/travis/build/icyphy/ptII/ptolemy/domains/continuous/test/auto/HybridPlant.xml
537 ms. Memory: 270336K Free: 179467K (66%)
----------------- Invoking toplevel() on ptolemy.moml.MoMLSimpleApplication@14ec87a3
----------------- Done invoking toplevel() on ptolemy.moml.MoMLSimpleApplication@14ec87a3
reloadAllAccessors: .HybridPlant

===========================================================================================
----------------- testing Sat Jan 11 06:38:31 UTC 2020 /home/travis/build/icyphy/ptII/ptolemy/domains/continuous/test/auto/Hysteresis.xml
----------------- Instantiating /home/travis/build/icyphy/ptII/ptolemy/domains/continuous/test/auto/Hysteresis.xml
134 ms. Memory: 270336K Free: 117531K (43%)
----------------- Invoking toplevel() on ptolemy.moml.MoMLSimpleApplication@78d0390f
----------------- Done invoking toplevel() on ptolemy.moml.MoMLSimpleApplication@78d0390f
reloadAllAccessors: .Hysteresis

===========================================================================================
----------------- testing Sat Jan 11 06:38:31 UTC 2020 /home/travis/build/icyphy/ptII/ptolemy/domains/continuous/test/auto/HysteresisWithRandomDelay.xml
----------------- Instantiating /home/travis/build/icyphy/ptII/ptolemy/domains/continuous/test/auto/HysteresisWithRandomDelay.xml
178 ms. Memory: 270336K Free: 205818K (76%)
----------------- Invoking toplevel() on ptolemy.moml.MoMLSimpleApplication@335c978c
----------------- Done invoking toplevel() on ptolemy.moml.MoMLSimpleApplication@335c978c
reloadAllAccessors: .HysteresisWithRandomDelay

===========================================================================================
----------------- testing Sat Jan 11 06:38:31 UTC 2020 /home/travis/build/icyphy/ptII/ptolemy/domains/continuous/test/auto/HysteresisWithRandomLosses.xml
----------------- Instantiating /home/travis/build/icyphy/ptII/ptolemy/domains/continuous/test/auto/HysteresisWithRandomLosses.xml
2394 ms. Memory: 270336K Free: 104522K (39%)
----------------- Invoking toplevel() on ptolemy.moml.MoMLSimpleApplication@44456ef5
----------------- Done invoking toplevel() on ptolemy.moml.MoMLSimpleApplication@44456ef5
reloadAllAccessors: .HysteresisWithRandomLosses

===========================================================================================
----------------- testing Sat Jan 11 06:38:34 UTC 2020 /home/travis/build/icyphy/ptII/ptolemy/domains/continuous/test/auto/ImmediateTransitions.xml
----------------- Instantiating /home/travis/build/icyphy/ptII/ptolemy/domains/continuous/test/auto/ImmediateTransitions.xml
10 ms. Memory: 270336K Free: 93772K (35%)
----------------- Invoking toplevel() on ptolemy.moml.MoMLSimpleApplication@35e47321
----------------- Done invoking toplevel() on ptolemy.moml.MoMLSimpleApplication@35e47321
reloadAllAccessors: .ImmediateTransitions

===========================================================================================
----------------- testing Sat Jan 11 06:38:34 UTC 2020 /home/travis/build/icyphy/ptII/ptolemy/domains/continuous/test/auto/ImpulseFeedback.xml
----------------- Instantiating /home/travis/build/icyphy/ptII/ptolemy/domains/continuous/test/auto/ImpulseFeedback.xml
6 ms. Memory: 270336K Free: 248533K (92%)
----------------- Invoking toplevel() on ptolemy.moml.MoMLSimpleApplication@78c1b600
----------------- Done invoking toplevel() on ptolemy.moml.MoMLSimpleApplication@78c1b600
reloadAllAccessors: .ImpulseFeedback

===========================================================================================
----------------- testing Sat Jan 11 06:38:34 UTC 2020 /home/travis/build/icyphy/ptII/ptolemy/domains/continuous/test/auto/ImpulseFeedback2.xml
----------------- Instantiating /home/travis/build/icyphy/ptII/ptolemy/domains/continuous/test/auto/ImpulseFeedback2.xml
5 ms. Memory: 270336K Free: 242903K (90%)
----------------- Invoking toplevel() on ptolemy.moml.MoMLSimpleApplication@60e51d91
----------------- Done invoking toplevel() on ptolemy.moml.MoMLSimpleApplication@60e51d91
reloadAllAccessors: .ImpulseFeedback2

===========================================================================================
----------------- testing Sat Jan 11 06:38:34 UTC 2020 /home/travis/build/icyphy/ptII/ptolemy/domains/continuous/test/auto/IncreasingRatePoisson.xml
----------------- Instantiating /home/travis/build/icyphy/ptII/ptolemy/domains/continuous/test/auto/IncreasingRatePoisson.xml
740 ms. Memory: 270336K Free: 229734K (85%)
----------------- Invoking toplevel() on ptolemy.moml.MoMLSimpleApplication@51eba94d
----------------- Done invoking toplevel() on ptolemy.moml.MoMLSimpleApplication@51eba94d
reloadAllAccessors: .IncreasingRatePoisson

===========================================================================================
----------------- testing Sat Jan 11 06:38:35 UTC 2020 /home/travis/build/icyphy/ptII/ptolemy/domains/continuous/test/auto/InitialStateFeedback.xml
----------------- Instantiating /home/travis/build/icyphy/ptII/ptolemy/domains/continuous/test/auto/InitialStateFeedback.xml
6 ms. Memory: 270336K Free: 225124K (83%)
----------------- Invoking toplevel() on ptolemy.moml.MoMLSimpleApplication@49e74ff7
----------------- Done invoking toplevel() on ptolemy.moml.MoMLSimpleApplication@49e74ff7
reloadAllAccessors: .InitialStateFeedback

===========================================================================================
----------------- testing Sat Jan 11 06:38:35 UTC 2020 /home/travis/build/icyphy/ptII/ptolemy/domains/continuous/test/auto/Integration.xml
----------------- Instantiating /home/travis/build/icyphy/ptII/ptolemy/domains/continuous/test/auto/Integration.xml
1 ms. Memory: 270336K Free: 221028K (82%)
----------------- Invoking toplevel() on ptolemy.moml.MoMLSimpleApplication@7f76868a
----------------- Done invoking toplevel() on ptolemy.moml.MoMLSimpleApplication@7f76868a
reloadAllAccessors: .Integration

===========================================================================================
----------------- testing Sat Jan 11 06:38:35 UTC 2020 /home/travis/build/icyphy/ptII/ptolemy/domains/continuous/test/auto/Integration2.xml
----------------- Instantiating /home/travis/build/icyphy/ptII/ptolemy/domains/continuous/test/auto/Integration2.xml
69 ms. Memory: 270336K Free: 206692K (76%)
----------------- Invoking toplevel() on ptolemy.moml.MoMLSimpleApplication@14350ec
----------------- Done invoking toplevel() on ptolemy.moml.MoMLSimpleApplication@14350ec
reloadAllAccessors: .Integration2

===========================================================================================
----------------- testing Sat Jan 11 06:38:35 UTC 2020 /home/travis/build/icyphy/ptII/ptolemy/domains/continuous/test/auto/Integration3.xml
----------------- Instantiating /home/travis/build/icyphy/ptII/ptolemy/domains/continuous/test/auto/Integration3.xml
2 ms. Memory: 270336K Free: 202086K (75%)
----------------- Invoking toplevel() on ptolemy.moml.MoMLSimpleApplication@11b95f69
----------------- Done invoking toplevel() on ptolemy.moml.MoMLSimpleApplication@11b95f69
reloadAllAccessors: .Integration3

===========================================================================================
----------------- testing Sat Jan 11 06:38:35 UTC 2020 /home/travis/build/icyphy/ptII/ptolemy/domains/continuous/test/auto/Integration5.xml
----------------- Instantiating /home/travis/build/icyphy/ptII/ptolemy/domains/continuous/test/auto/Integration5.xml
2 ms. Memory: 270336K Free: 197990K (73%)
----------------- Invoking toplevel() on ptolemy.moml.MoMLSimpleApplication@497d5db2
----------------- Done invoking toplevel() on ptolemy.moml.MoMLSimpleApplication@497d5db2
reloadAllAccessors: .Integration5

===========================================================================================
----------------- testing Sat Jan 11 06:38:35 UTC 2020 /home/travis/build/icyphy/ptII/ptolemy/domains/continuous/test/auto/IntegratorImpulse.xml
----------------- Instantiating /home/travis/build/icyphy/ptII/ptolemy/domains/continuous/test/auto/IntegratorImpulse.xml
1 ms. Memory: 270336K Free: 193894K (72%)
----------------- Invoking toplevel() on ptolemy.moml.MoMLSimpleApplication@7cc625a3
----------------- Done invoking toplevel() on ptolemy.moml.MoMLSimpleApplication@7cc625a3
reloadAllAccessors: .IntegratorImpulse

===========================================================================================
----------------- testing Sat Jan 11 06:38:35 UTC 2020 /home/travis/build/icyphy/ptII/ptolemy/domains/continuous/test/auto/IntegratorImpulse2.xml
----------------- Instantiating /home/travis/build/icyphy/ptII/ptolemy/domains/continuous/test/auto/IntegratorImpulse2.xml
4 ms. Memory: 270336K Free: 189270K (70%)
----------------- Invoking toplevel() on ptolemy.moml.MoMLSimpleApplication@71ed6893
----------------- Done invoking toplevel() on ptolemy.moml.MoMLSimpleApplication@71ed6893
reloadAllAccessors: .IntegratorImpulse2

===========================================================================================
----------------- testing Sat Jan 11 06:38:35 UTC 2020 /home/travis/build/icyphy/ptII/ptolemy/domains/continuous/test/auto/LevelCrossing1.xml
----------------- Instantiating /home/travis/build/icyphy/ptII/ptolemy/domains/continuous/test/auto/LevelCrossing1.xml
2 ms. Memory: 270336K Free: 184164K (68%)
----------------- Invoking toplevel() on ptolemy.moml.MoMLSimpleApplication@51755b52
----------------- Done invoking toplevel() on ptolemy.moml.MoMLSimpleApplication@51755b52
reloadAllAccessors: .LevelCrossing1

===========================================================================================
----------------- testing Sat Jan 11 06:38:35 UTC 2020 /home/travis/build/icyphy/ptII/ptolemy/domains/continuous/test/auto/LevelCrossing2.xml
----------------- Instantiating /home/travis/build/icyphy/ptII/ptolemy/domains/continuous/test/auto/LevelCrossing2.xml
3 ms. Memory: 270336K Free: 179044K (66%)
----------------- Invoking toplevel() on ptolemy.moml.MoMLSimpleApplication@38fd9f39
----------------- Done invoking toplevel() on ptolemy.moml.MoMLSimpleApplication@38fd9f39
reloadAllAccessors: .LevelCrossing2

===========================================================================================
----------------- testing Sat Jan 11 06:38:35 UTC 2020 /home/travis/build/icyphy/ptII/ptolemy/domains/continuous/test/auto/LevelCrossing3.xml
----------------- Instantiating /home/travis/build/icyphy/ptII/ptolemy/domains/continuous/test/auto/LevelCrossing3.xml
2 ms. Memory: 270336K Free: 173924K (64%)
----------------- Invoking toplevel() on ptolemy.moml.MoMLSimpleApplication@594bdd70
----------------- Done invoking toplevel() on ptolemy.moml.MoMLSimpleApplication@594bdd70
reloadAllAccessors: .LevelCrossing3

===========================================================================================
----------------- testing Sat Jan 11 06:38:35 UTC 2020 /home/travis/build/icyphy/ptII/ptolemy/domains/continuous/test/auto/LevelCrossing4.xml
----------------- Instantiating /home/travis/build/icyphy/ptII/ptolemy/domains/continuous/test/auto/LevelCrossing4.xml
3 ms. Memory: 270336K Free: 168804K (62%)
----------------- Invoking toplevel() on ptolemy.moml.MoMLSimpleApplication@6e2132cb
----------------- Done invoking toplevel() on ptolemy.moml.MoMLSimpleApplication@6e2132cb
reloadAllAccessors: .LevelCrossing4

===========================================================================================
----------------- testing Sat Jan 11 06:38:35 UTC 2020 /home/travis/build/icyphy/ptII/ptolemy/domains/continuous/test/auto/LevelCrossing5.xml
----------------- Instantiating /home/travis/build/icyphy/ptII/ptolemy/domains/continuous/test/auto/LevelCrossing5.xml
3 ms. Memory: 270336K Free: 163684K (61%)
----------------- Invoking toplevel() on ptolemy.moml.MoMLSimpleApplication@73845a29
----------------- Done invoking toplevel() on ptolemy.moml.MoMLSimpleApplication@73845a29
reloadAllAccessors: .LevelCrossing5

===========================================================================================
[...]
reloadAllAccessors: .ResetTransitionWithStartTime6

===========================================================================================
----------------- testing Sat Jan 11 06:38:50 UTC 2020 /home/travis/build/icyphy/ptII/ptolemy/domains/continuous/test/auto/SRinContinuous.xml
----------------- Instantiating /home/travis/build/icyphy/ptII/ptolemy/domains/continuous/test/auto/SRinContinuous.xml
5 ms. Memory: 324608K Free: 281451K (87%)
----------------- Invoking toplevel() on ptolemy.moml.MoMLSimpleApplication@26e9f518
----------------- Done invoking toplevel() on ptolemy.moml.MoMLSimpleApplication@26e9f518
reloadAllAccessors: .SRinContinuous

===========================================================================================
----------------- testing Sat Jan 11 06:38:50 UTC 2020 /home/travis/build/icyphy/ptII/ptolemy/domains/continuous/test/auto/SampledClocks.xml
----------------- Instantiating /home/travis/build/icyphy/ptII/ptolemy/domains/continuous/test/auto/SampledClocks.xml
5 ms. Memory: 324608K Free: 268649K (83%)
----------------- Invoking toplevel() on ptolemy.moml.MoMLSimpleApplication@1e349f7b
----------------- Done invoking toplevel() on ptolemy.moml.MoMLSimpleApplication@1e349f7b
reloadAllAccessors: .SampledClocks

===========================================================================================
----------------- testing Sat Jan 11 06:38:50 UTC 2020 /home/travis/build/icyphy/ptII/ptolemy/domains/continuous/test/auto/Satellite.xml
----------------- Instantiating /home/travis/build/icyphy/ptII/ptolemy/domains/continuous/test/auto/Satellite.xml
876 ms. Memory: 324608K Free: 265854K (82%)
----------------- Invoking toplevel() on ptolemy.moml.MoMLSimpleApplication@14adbde3
----------------- Done invoking toplevel() on ptolemy.moml.MoMLSimpleApplication@14adbde3
reloadAllAccessors: .Satellite

===========================================================================================
----------------- testing Sat Jan 11 06:38:51 UTC 2020 /home/travis/build/icyphy/ptII/ptolemy/domains/continuous/test/auto/SigmaDelta.xml
----------------- Instantiating /home/travis/build/icyphy/ptII/ptolemy/domains/continuous/test/auto/SigmaDelta.xml
1895 ms. Memory: 324608K Free: 196420K (61%)
----------------- Invoking toplevel() on ptolemy.moml.MoMLSimpleApplication@7d77572b
----------------- Done invoking toplevel() on ptolemy.moml.MoMLSimpleApplication@7d77572b
reloadAllAccessors: .SigmaDelta

===========================================================================================
----------------- testing Sat Jan 11 06:38:53 UTC 2020 /home/travis/build/icyphy/ptII/ptolemy/domains/continuous/test/auto/SingleRefinement.xml
----------------- Instantiating /home/travis/build/icyphy/ptII/ptolemy/domains/continuous/test/auto/SingleRefinement.xml
289 ms. Memory: 324608K Free: 206156K (64%)
----------------- Invoking toplevel() on ptolemy.moml.MoMLSimpleApplication@7428e021
----------------- Done invoking toplevel() on ptolemy.moml.MoMLSimpleApplication@7428e021
reloadAllAccessors: .SingleRefinement

===========================================================================================
----------------- testing Sat Jan 11 06:38:53 UTC 2020 /home/travis/build/icyphy/ptII/ptolemy/domains/continuous/test/auto/SinuBouncingBall.xml
----------------- Instantiating /home/travis/build/icyphy/ptII/ptolemy/domains/continuous/test/auto/SinuBouncingBall.xml
761 ms. Memory: 324608K Free: 182694K (56%)
----------------- Invoking toplevel() on ptolemy.moml.MoMLSimpleApplication@1c3eccc0
----------------- Done invoking toplevel() on ptolemy.moml.MoMLSimpleApplication@1c3eccc0
reloadAllAccessors: .SinuBouncingBall

===========================================================================================
----------------- testing Sat Jan 11 06:38:54 UTC 2020 /home/travis/build/icyphy/ptII/ptolemy/domains/continuous/test/auto/Sinusoid.xml
----------------- Instantiating /home/travis/build/icyphy/ptII/ptolemy/domains/continuous/test/auto/Sinusoid.xml
3 ms. Memory: 324608K Free: 178070K (55%)
----------------- Invoking toplevel() on ptolemy.moml.MoMLSimpleApplication@6b065443
----------------- Done invoking toplevel() on ptolemy.moml.MoMLSimpleApplication@6b065443
reloadAllAccessors: .Sinusoid

===========================================================================================
----------------- testing Sat Jan 11 06:38:54 UTC 2020 /home/travis/build/icyphy/ptII/ptolemy/domains/continuous/test/auto/SinusoidInNoise.xml
----------------- Instantiating /home/travis/build/icyphy/ptII/ptolemy/domains/continuous/test/auto/SinusoidInNoise.xml
859 ms. Memory: 324608K Free: 235638K (73%)
----------------- Invoking toplevel() on ptolemy.moml.MoMLSimpleApplication@6706801a
----------------- Done invoking toplevel() on ptolemy.moml.MoMLSimpleApplication@6706801a
reloadAllAccessors: .SinusoidInNoise

===========================================================================================
----------------- testing Sat Jan 11 06:38:55 UTC 2020 /home/travis/build/icyphy/ptII/ptolemy/domains/continuous/test/auto/SinusoidRK45.xml
----------------- Instantiating /home/travis/build/icyphy/ptII/ptolemy/domains/continuous/test/auto/SinusoidRK45.xml
3 ms. Memory: 324608K Free: 230998K (71%)
----------------- Invoking toplevel() on ptolemy.moml.MoMLSimpleApplication@2b832257
----------------- Done invoking toplevel() on ptolemy.moml.MoMLSimpleApplication@2b832257
reloadAllAccessors: .SinusoidRK45

===========================================================================================
----------------- testing Sat Jan 11 06:38:55 UTC 2020 /home/travis/build/icyphy/ptII/ptolemy/domains/continuous/test/auto/SinusoidWithMultipleImpulses.xml
----------------- Instantiating /home/travis/build/icyphy/ptII/ptolemy/domains/continuous/test/auto/SinusoidWithMultipleImpulses.xml
3 ms. Memory: 324608K Free: 226422K (70%)
----------------- Invoking toplevel() on ptolemy.moml.MoMLSimpleApplication@82bb0a5
----------------- Done invoking toplevel() on ptolemy.moml.MoMLSimpleApplication@82bb0a5
reloadAllAccessors: .SinusoidWithMultipleImpulses

===========================================================================================
----------------- testing Sat Jan 11 06:38:55 UTC 2020 /home/travis/build/icyphy/ptII/ptolemy/domains/continuous/test/auto/SquareWave.xml
----------------- Instantiating /home/travis/build/icyphy/ptII/ptolemy/domains/continuous/test/auto/SquareWave.xml
133 ms. Memory: 324608K Free: 198774K (61%)
----------------- Invoking toplevel() on ptolemy.moml.MoMLSimpleApplication@32be45c9
----------------- Done invoking toplevel() on ptolemy.moml.MoMLSimpleApplication@32be45c9
reloadAllAccessors: .SquareWave

===========================================================================================
----------------- testing Sat Jan 11 06:38:55 UTC 2020 /home/travis/build/icyphy/ptII/ptolemy/domains/continuous/test/auto/Starmac.xml
----------------- Instantiating /home/travis/build/icyphy/ptII/ptolemy/domains/continuous/test/auto/Starmac.xml
3066 ms. Memory: 324608K Free: 267252K (82%)
----------------- Invoking toplevel() on ptolemy.moml.MoMLSimpleApplication@7a946e21
----------------- Done invoking toplevel() on ptolemy.moml.MoMLSimpleApplication@7a946e21
reloadAllAccessors: .Starmac

===========================================================================================
----------------- testing Sat Jan 11 06:38:59 UTC 2020 /home/travis/build/icyphy/ptII/ptolemy/domains/continuous/test/auto/StaticUnits.xml
----------------- Instantiating /home/travis/build/icyphy/ptII/ptolemy/domains/continuous/test/auto/StaticUnits.xml
1655 ms. Memory: 324608K Free: 187490K (58%)
----------------- Invoking toplevel() on ptolemy.moml.MoMLSimpleApplication@43cdc243
----------------- Done invoking toplevel() on ptolemy.moml.MoMLSimpleApplication@43cdc243
reloadAllAccessors: .StaticUnits

===========================================================================================
----------------- testing Sat Jan 11 06:39:01 UTC 2020 /home/travis/build/icyphy/ptII/ptolemy/domains/continuous/test/auto/StickyMasses.xml
----------------- Instantiating /home/travis/build/icyphy/ptII/ptolemy/domains/continuous/test/auto/StickyMasses.xml
135 ms. Memory: 324608K Free: 138338K (43%)
----------------- Invoking toplevel() on ptolemy.moml.MoMLSimpleApplication@2ceded29
----------------- Done invoking toplevel() on ptolemy.moml.MoMLSimpleApplication@2ceded29
reloadAllAccessors: .StickyMasses

===========================================================================================
----------------- testing Sat Jan 11 06:39:01 UTC 2020 /home/travis/build/icyphy/ptII/ptolemy/domains/continuous/test/auto/StopTime.xml
----------------- Instantiating /home/travis/build/icyphy/ptII/ptolemy/domains/continuous/test/auto/StopTime.xml
40 ms. Memory: 324608K Free: 113252K (35%)
----------------- Invoking toplevel() on ptolemy.moml.MoMLSimpleApplication@74b10276
----------------- Done invoking toplevel() on ptolemy.moml.MoMLSimpleApplication@74b10276
reloadAllAccessors: .StopTime

===========================================================================================
----------------- testing Sat Jan 11 06:39:01 UTC 2020 /home/travis/build/icyphy/ptII/ptolemy/domains/continuous/test/auto/StopTime2.xml
----------------- Instantiating /home/travis/build/icyphy/ptII/ptolemy/domains/continuous/test/auto/StopTime2.xml
33 ms. Memory: 324608K Free: 280767K (86%)
----------------- Invoking toplevel() on ptolemy.moml.MoMLSimpleApplication@37ab7a5a
----------------- Done invoking toplevel() on ptolemy.moml.MoMLSimpleApplication@37ab7a5a
reloadAllAccessors: .StopTime2

===========================================================================================
----------------- testing Sat Jan 11 06:39:01 UTC 2020 /home/travis/build/icyphy/ptII/ptolemy/domains/continuous/test/auto/Switch.xml
----------------- Instantiating /home/travis/build/icyphy/ptII/ptolemy/domains/continuous/test/auto/Switch.xml
48 ms. Memory: 324608K Free: 256177K (79%)
----------------- Invoking toplevel() on ptolemy.moml.MoMLSimpleApplication@479c00b0
----------------- Done invoking toplevel() on ptolemy.moml.MoMLSimpleApplication@479c00b0
reloadAllAccessors: .Switch

===========================================================================================
----------------- testing Sat Jan 11 06:39:01 UTC 2020 /home/travis/build/icyphy/ptII/ptolemy/domains/continuous/test/auto/Thermostat.xml
----------------- Instantiating /home/travis/build/icyphy/ptII/ptolemy/domains/continuous/test/auto/Thermostat.xml
220 ms. Memory: 324608K Free: 183969K (57%)
----------------- Invoking toplevel() on ptolemy.moml.MoMLSimpleApplication@427906b7
----------------- Done invoking toplevel() on ptolemy.moml.MoMLSimpleApplication@427906b7
reloadAllAccessors: .Thermostat

===========================================================================================
----------------- testing Sat Jan 11 06:39:02 UTC 2020 /home/travis/build/icyphy/ptII/ptolemy/domains/continuous/test/auto/TimeDelay.xml
----------------- Instantiating /home/travis/build/icyphy/ptII/ptolemy/domains/continuous/test/auto/TimeDelay.xml
5 ms. Memory: 324608K Free: 179385K (55%)
----------------- Invoking toplevel() on ptolemy.moml.MoMLSimpleApplication@6ba143e1
----------------- Done invoking toplevel() on ptolemy.moml.MoMLSimpleApplication@6ba143e1
reloadAllAccessors: .TimeDelay

===========================================================================================
----------------- testing Sat Jan 11 06:39:02 UTC 2020 /home/travis/build/icyphy/ptII/ptolemy/domains/continuous/test/auto/TimeDelay2.xml
----------------- Instantiating /home/travis/build/icyphy/ptII/ptolemy/domains/continuous/test/auto/TimeDelay2.xml
9 ms. Memory: 324608K Free: 169665K (52%)
----------------- Invoking toplevel() on ptolemy.moml.MoMLSimpleApplication@5121de7b
----------------- Done invoking toplevel() on ptolemy.moml.MoMLSimpleApplication@5121de7b
reloadAllAccessors: .TimeDelay2

===========================================================================================
----------------- testing Sat Jan 11 06:39:02 UTC 2020 /home/travis/build/icyphy/ptII/ptolemy/domains/continuous/test/auto/TimeDelay3.xml
----------------- Instantiating /home/travis/build/icyphy/ptII/ptolemy/domains/continuous/test/auto/TimeDelay3.xml
5 ms. Memory: 324608K Free: 165038K (51%)
----------------- Invoking toplevel() on ptolemy.moml.MoMLSimpleApplication@20594fe7
----------------- Done invoking toplevel() on ptolemy.moml.MoMLSimpleApplication@20594fe7
reloadAllAccessors: .TimeDelay3

===========================================================================================
----------------- testing Sat Jan 11 06:39:02 UTC 2020 /home/travis/build/icyphy/ptII/ptolemy/domains/continuous/test/auto/TransferAbsentToInside.xml
----------------- Instantiating /home/travis/build/icyphy/ptII/ptolemy/domains/continuous/test/auto/TransferAbsentToInside.xml
47 ms. Memory: 324608K Free: 300511K (93%)
----------------- Invoking toplevel() on ptolemy.moml.MoMLSimpleApplication@4813140
----------------- Done invoking toplevel() on ptolemy.moml.MoMLSimpleApplication@4813140
reloadAllAccessors: .TransferAbsentToInside

===========================================================================================
----------------- testing Sat Jan 11 06:39:02 UTC 2020 /home/travis/build/icyphy/ptII/ptolemy/domains/continuous/test/auto/Transmission.xml
----------------- Instantiating /home/travis/build/icyphy/ptII/ptolemy/domains/continuous/test/auto/Transmission.xml
801 ms. Memory: 324608K Free: 257202K (79%)
----------------- Invoking toplevel() on ptolemy.moml.MoMLSimpleApplication@6a53a857
----------------- Done invoking toplevel() on ptolemy.moml.MoMLSimpleApplication@6a53a857
reloadAllAccessors: .Transmission

===========================================================================================
----------------- testing Sat Jan 11 06:39:03 UTC 2020 /home/travis/build/icyphy/ptII/ptolemy/domains/continuous/test/auto/TriggeredContinuousClock.xml
----------------- Instantiating /home/travis/build/icyphy/ptII/ptolemy/domains/continuous/test/auto/TriggeredContinuousClock.xml
35 ms. Memory: 324608K Free: 228002K (70%)
----------------- Invoking toplevel() on ptolemy.moml.MoMLSimpleApplication@2d84807f
----------------- Done invoking toplevel() on ptolemy.moml.MoMLSimpleApplication@2d84807f
reloadAllAccessors: .TriggeredContinuousClock

===========================================================================================
----------------- testing Sat Jan 11 06:39:03 UTC 2020 /home/travis/build/icyphy/ptII/ptolemy/domains/continuous/test/auto/TwoMachineInfiniteBusControl.xml
----------------- Instantiating /home/travis/build/icyphy/ptII/ptolemy/domains/continuous/test/auto/TwoMachineInfiniteBusControl.xml
2442 ms. Memory: 324608K Free: 230020K (71%)
----------------- Invoking toplevel() on ptolemy.moml.MoMLSimpleApplication@159bce21
----------------- Done invoking toplevel() on ptolemy.moml.MoMLSimpleApplication@159bce21
reloadAllAccessors: .TwoMachineInfiniteBusControl

===========================================================================================
----------------- testing Sat Jan 11 06:39:05 UTC 2020 /home/travis/build/icyphy/ptII/ptolemy/domains/continuous/test/auto/V2V.xml
----------------- Instantiating /home/travis/build/icyphy/ptII/ptolemy/domains/continuous/test/auto/V2V.xml
778 ms. Memory: 324608K Free: 231516K (71%)
----------------- Invoking toplevel() on ptolemy.moml.MoMLSimpleApplication@344ad9d3
----------------- Done invoking toplevel() on ptolemy.moml.MoMLSimpleApplication@344ad9d3
reloadAllAccessors: .V2V

===========================================================================================
----------------- testing Sat Jan 11 06:39:06 UTC 2020 /home/travis/build/icyphy/ptII/ptolemy/domains/continuous/test/auto/hierarchicalModalModel.xml
----------------- Instantiating /home/travis/build/icyphy/ptII/ptolemy/domains/continuous/test/auto/hierarchicalModalModel.xml
7 ms. Memory: 324608K Free: 217196K (67%)
----------------- Invoking toplevel() on ptolemy.moml.MoMLSimpleApplication@63f5e24d
----------------- Done invoking toplevel() on ptolemy.moml.MoMLSimpleApplication@63f5e24d
reloadAllAccessors: .hierarchicalModalModel

===========================================================================================
----------------- testing Sat Jan 11 06:39:06 UTC 2020 /home/travis/build/icyphy/ptII/ptolemy/domains/continuous/test/auto/hierarchicalModalModel1.xml
----------------- Instantiating /home/travis/build/icyphy/ptII/ptolemy/domains/continuous/test/auto/hierarchicalModalModel1.xml
7 ms. Memory: 324608K Free: 202874K (62%)
----------------- Invoking toplevel() on ptolemy.moml.MoMLSimpleApplication@719ae308
----------------- Done invoking toplevel() on ptolemy.moml.MoMLSimpleApplication@719ae308
reloadAllAccessors: .hierarchicalModalModel1

===========================================================================================
----------------- testing Sat Jan 11 06:39:06 UTC 2020 /home/travis/build/icyphy/ptII/ptolemy/domains/continuous/test/auto/hierarchicalModalModel2.xml
----------------- Instantiating /home/travis/build/icyphy/ptII/ptolemy/domains/continuous/test/auto/hierarchicalModalModel2.xml
7 ms. Memory: 324608K Free: 190572K (59%)
----------------- Invoking toplevel() on ptolemy.moml.MoMLSimpleApplication@16b0cc28
----------------- Done invoking toplevel() on ptolemy.moml.MoMLSimpleApplication@16b0cc28
reloadAllAccessors: .hierarchicalModalModel2

===========================================================================================
----------------- testing Sat Jan 11 06:39:06 UTC 2020 /home/travis/build/icyphy/ptII/ptolemy/domains/continuous/test/auto/hierarchicalModalModel3.xml
----------------- Instantiating /home/travis/build/icyphy/ptII/ptolemy/domains/continuous/test/auto/hierarchicalModalModel3.xml
5 ms. Memory: 324608K Free: 179836K (55%)
----------------- Invoking toplevel() on ptolemy.moml.MoMLSimpleApplication@5d343313
----------------- Done invoking toplevel() on ptolemy.moml.MoMLSimpleApplication@5d343313
reloadAllAccessors: .hierarchicalModalModel3

===========================================================================================
----------------- testing Sat Jan 11 06:39:06 UTC 2020 /home/travis/build/icyphy/ptII/ptolemy/domains/continuous/test/auto/hierarchicalModalModel4.xml
----------------- Instantiating /home/travis/build/icyphy/ptII/ptolemy/domains/continuous/test/auto/hierarchicalModalModel4.xml
5 ms. Memory: 324608K Free: 168058K (52%)
----------------- Invoking toplevel() on ptolemy.moml.MoMLSimpleApplication@11de994a
----------------- Done invoking toplevel() on ptolemy.moml.MoMLSimpleApplication@11de994a
reloadAllAccessors: .hierarchicalModalModel4

===========================================================================================
----------------- testing Sat Jan 11 06:39:06 UTC 2020 /home/travis/build/icyphy/ptII/ptolemy/domains/continuous/test/auto/junk.xml
----------------- Instantiating /home/travis/build/icyphy/ptII/ptolemy/domains/continuous/test/auto/junk.xml
101 ms. Memory: 324608K Free: 142972K (44%)
----------------- Invoking toplevel() on ptolemy.moml.MoMLSimpleApplication@43735383
----------------- Done invoking toplevel() on ptolemy.moml.MoMLSimpleApplication@43735383
reloadAllAccessors: .junk
AutoTests.java: About to close Vertx.
AutoTests.java: Vertx closed.
]]></system-out>
  <system-err><![CDATA[Warning: '.HysteresisWithRandomDelay.NonStrictTest3' The test produced only 27 tokens, yet the correctValues parameter was expecting 30 tokens.
Warning: '.Poisson.NonStrictTest' The test produced only 385 tokens, yet the correctValues parameter was expecting 430 tokens.
]]></system-err>
</testsuite>
