<?xml version="1.0" encoding="UTF-8" ?>
<testsuite errors="0" failures="0" hostname="travis-job-894c905d-d672-47b1-8e57-5ad175a57a09" name="ptolemy.domains.de.test.junit.JUnitTclTest" skipped="0" tests="101" time="132.586" timestamp="2018-12-06T02:58:00">
  <properties>
[...]
</properties>
  <testcase classname="ptolemy.util.test.junit.TclTests" name="[0] /home/travis/build/icyphy/ptII/ptolemy/domains/de/test/DependencyLoop.tcl (RunTclFile)" time="0.712" />
  <testcase classname="ptolemy.util.test.junit.TclTests" name="[1] /home/travis/build/icyphy/ptII/ptolemy/domains/de/test/RunDETestsAsQSS.tcl (RunTclFile)" time="89.29" />
  <testcase classname="ptolemy.util.test.junit.AutoKnownFailedTests" name="[0] /home/travis/build/icyphy/ptII/ptolemy/domains/de/test/auto/knownFailedTests/DESDFClockTest.xml (RunModel)" time="2.03" />
  <testcase classname="ptolemy.util.test.junit.AutoKnownFailedTests" name="[1] /home/travis/build/icyphy/ptII/ptolemy/domains/de/test/auto/knownFailedTests/DirectFeedback.xml (RunModel)" time="0.024" />
  <testcase classname="ptolemy.util.test.junit.AutoKnownFailedTests" name="[2] /home/travis/build/icyphy/ptII/ptolemy/domains/de/test/auto/knownFailedTests/FSMSource.xml (RunModel)" time="0.03" />
  <testcase classname="ptolemy.util.test.junit.AutoKnownFailedTests" name="[3] /home/travis/build/icyphy/ptII/ptolemy/domains/de/test/auto/knownFailedTests/HierarchicalModel.xml (RunModel)" time="0.048" />
  <testcase classname="ptolemy.util.test.junit.AutoKnownFailedTests" name="[4] /home/travis/build/icyphy/ptII/ptolemy/domains/de/test/auto/knownFailedTests/dependencyLoop.xml (RunModel)" time="0.045" />
  <testcase classname="ptolemy.util.test.junit.AutoKnownFailedTests" name="[5] /home/travis/build/icyphy/ptII/ptolemy/domains/de/test/auto/knownFailedTests/dependencyLoop2.xml (RunModel)" time="0.04" />
  <testcase classname="ptolemy.util.test.junit.AutoNameArchTests" name="[0] ThereAreNoAutoArchTests (RunModel)" time="0.0" />
  <testcase classname="ptolemy.util.test.junit.AutoTests" name="[0] /home/travis/build/icyphy/ptII/ptolemy/domains/de/test/auto/ActorDepthCalculation_actorWithoutPorts.xml (RunModel)" time="0.014" />
  <testcase classname="ptolemy.util.test.junit.AutoTests" name="[1] /home/travis/build/icyphy/ptII/ptolemy/domains/de/test/auto/AssemblyLine.xml (RunModel)" time="0.025" />
  <testcase classname="ptolemy.util.test.junit.AutoTests" name="[2] /home/travis/build/icyphy/ptII/ptolemy/domains/de/test/auto/CQBug1.xml (RunModel)" time="0.01" />
  <testcase classname="ptolemy.util.test.junit.AutoTests" name="[3] /home/travis/build/icyphy/ptII/ptolemy/domains/de/test/auto/CancelFireAt.xml (RunModel)" time="0.005" />
  <testcase classname="ptolemy.util.test.junit.AutoTests" name="[4] /home/travis/build/icyphy/ptII/ptolemy/domains/de/test/auto/CausalityAndComposabilityAnalysis.xml (RunModel)" time="0.012" />
  <testcase classname="ptolemy.util.test.junit.AutoTests" name="[5] /home/travis/build/icyphy/ptII/ptolemy/domains/de/test/auto/CausalityInterface1.xml (RunModel)" time="0.013" />
  <testcase classname="ptolemy.util.test.junit.AutoTests" name="[6] /home/travis/build/icyphy/ptII/ptolemy/domains/de/test/auto/CausalityInterface15.xml (RunModel)" time="0.013" />
  <testcase classname="ptolemy.util.test.junit.AutoTests" name="[7] /home/travis/build/icyphy/ptII/ptolemy/domains/de/test/auto/CausalityInterface2.xml (RunModel)" time="0.011" />
  <testcase classname="ptolemy.util.test.junit.AutoTests" name="[8] /home/travis/build/icyphy/ptII/ptolemy/domains/de/test/auto/CausalityInterface3.xml (RunModel)" time="0.012" />
  <testcase classname="ptolemy.util.test.junit.AutoTests" name="[9] /home/travis/build/icyphy/ptII/ptolemy/domains/de/test/auto/ClockDrift.xml (RunModel)" time="0.033" />
  <testcase classname="ptolemy.util.test.junit.AutoTests" name="[10] /home/travis/build/icyphy/ptII/ptolemy/domains/de/test/auto/ClockDriftAndValueChange.xml (RunModel)" time="0.029" />
  <testcase classname="ptolemy.util.test.junit.AutoTests" name="[11] /home/travis/build/icyphy/ptII/ptolemy/domains/de/test/auto/ClockDriftChange.xml (RunModel)" time="0.025" />
  <testcase classname="ptolemy.util.test.junit.AutoTests" name="[12] /home/travis/build/icyphy/ptII/ptolemy/domains/de/test/auto/ComposableCausalityAnalysis.xml (RunModel)" time="0.019" />
  <testcase classname="ptolemy.util.test.junit.AutoTests" name="[13] /home/travis/build/icyphy/ptII/ptolemy/domains/de/test/auto/DEFixedPointLimitation.xml (RunModel)" time="0.009" />
  <testcase classname="ptolemy.util.test.junit.AutoTests" name="[14] /home/travis/build/icyphy/ptII/ptolemy/domains/de/test/auto/DEScheduleTest.xml (RunModel)" time="0.011" />
  <testcase classname="ptolemy.util.test.junit.AutoTests" name="[15] /home/travis/build/icyphy/ptII/ptolemy/domains/de/test/auto/DEinDEwithStartTimes.xml (RunModel)" time="0.013" />
  <testcase classname="ptolemy.util.test.junit.AutoTests" name="[16] /home/travis/build/icyphy/ptII/ptolemy/domains/de/test/auto/DEinDEwithStartTimes2.xml (RunModel)" time="0.015" />
  <testcase classname="ptolemy.util.test.junit.AutoTests" name="[17] /home/travis/build/icyphy/ptII/ptolemy/domains/de/test/auto/DateDemo.xml (RunModel)" time="0.028" />
  <testcase classname="ptolemy.util.test.junit.AutoTests" name="[18] /home/travis/build/icyphy/ptII/ptolemy/domains/de/test/auto/DateToEvent.xml (RunModel)" time="2.038" />
  <testcase classname="ptolemy.util.test.junit.AutoTests" name="[19] /home/travis/build/icyphy/ptII/ptolemy/domains/de/test/auto/DepthTest1.xml (RunModel)" time="0.013" />
  <testcase classname="ptolemy.util.test.junit.AutoTests" name="[20] /home/travis/build/icyphy/ptII/ptolemy/domains/de/test/auto/DepthTest2.xml (RunModel)" time="0.02" />
  <testcase classname="ptolemy.util.test.junit.AutoTests" name="[21] /home/travis/build/icyphy/ptII/ptolemy/domains/de/test/auto/DepthTest3.xml (RunModel)" time="0.009" />
  <testcase classname="ptolemy.util.test.junit.AutoTests" name="[22] /home/travis/build/icyphy/ptII/ptolemy/domains/de/test/auto/DepthTest4.xml (RunModel)" time="0.012" />
  <testcase classname="ptolemy.util.test.junit.AutoTests" name="[23] /home/travis/build/icyphy/ptII/ptolemy/domains/de/test/auto/DepthTest5.xml (RunModel)" time="0.013" />
  <testcase classname="ptolemy.util.test.junit.AutoTests" name="[24] /home/travis/build/icyphy/ptII/ptolemy/domains/de/test/auto/DepthTest6.xml (RunModel)" time="0.014" />
  <testcase classname="ptolemy.util.test.junit.AutoTests" name="[25] /home/travis/build/icyphy/ptII/ptolemy/domains/de/test/auto/DepthTest7.xml (RunModel)" time="0.012" />
  <testcase classname="ptolemy.util.test.junit.AutoTests" name="[26] /home/travis/build/icyphy/ptII/ptolemy/domains/de/test/auto/EventToDate.xml (RunModel)" time="3.033" />
  <testcase classname="ptolemy.util.test.junit.AutoTests" name="[27] /home/travis/build/icyphy/ptII/ptolemy/domains/de/test/auto/FSM1.xml (RunModel)" time="0.029" />
  <testcase classname="ptolemy.util.test.junit.AutoTests" name="[28] /home/travis/build/icyphy/ptII/ptolemy/domains/de/test/auto/FSM7.xml (RunModel)" time="0.044" />
  <testcase classname="ptolemy.util.test.junit.AutoTests" name="[29] /home/travis/build/icyphy/ptII/ptolemy/domains/de/test/auto/Inspection.xml (RunModel)" time="0.047" />
  <testcase classname="ptolemy.util.test.junit.AutoTests" name="[30] /home/travis/build/icyphy/ptII/ptolemy/domains/de/test/auto/Iteration.xml (RunModel)" time="0.029" />
  <testcase classname="ptolemy.util.test.junit.AutoTests" name="[31] /home/travis/build/icyphy/ptII/ptolemy/domains/de/test/auto/LineFault.xml (RunModel)" time="0.564" />
  <testcase classname="ptolemy.util.test.junit.AutoTests" name="[32] /home/travis/build/icyphy/ptII/ptolemy/domains/de/test/auto/MergeModel1Add.xml (RunModel)" time="0.046" />
  <testcase classname="ptolemy.util.test.junit.AutoTests" name="[33] /home/travis/build/icyphy/ptII/ptolemy/domains/de/test/auto/MergeModel2Add.xml (RunModel)" time="0.037" />
  <testcase classname="ptolemy.util.test.junit.AutoTests" name="[34] /home/travis/build/icyphy/ptII/ptolemy/domains/de/test/auto/MergeModel3Add.xml (RunModel)" time="0.04" />
  <testcase classname="ptolemy.util.test.junit.AutoTests" name="[35] /home/travis/build/icyphy/ptII/ptolemy/domains/de/test/auto/MergeWithoutDiscard.xml (RunModel)" time="0.011" />
  <testcase classname="ptolemy.util.test.junit.AutoTests" name="[36] /home/travis/build/icyphy/ptII/ptolemy/domains/de/test/auto/Modal1.xml (RunModel)" time="0.03" />
  <testcase classname="ptolemy.util.test.junit.AutoTests" name="[37] /home/travis/build/icyphy/ptII/ptolemy/domains/de/test/auto/Modal2.xml (RunModel)" time="0.037" />
  <testcase classname="ptolemy.util.test.junit.AutoTests" name="[38] /home/travis/build/icyphy/ptII/ptolemy/domains/de/test/auto/Modal3.xml (RunModel)" time="0.024" />
  <testcase classname="ptolemy.util.test.junit.AutoTests" name="[39] /home/travis/build/icyphy/ptII/ptolemy/domains/de/test/auto/Modal4.xml (RunModel)" time="0.026" />
  <testcase classname="ptolemy.util.test.junit.AutoTests" name="[40] /home/travis/build/icyphy/ptII/ptolemy/domains/de/test/auto/Modal5.xml (RunModel)" time="0.03" />
  <testcase classname="ptolemy.util.test.junit.AutoTests" name="[41] /home/travis/build/icyphy/ptII/ptolemy/domains/de/test/auto/Modal6.xml (RunModel)" time="0.026" />
  <testcase classname="ptolemy.util.test.junit.AutoTests" name="[42] /home/travis/build/icyphy/ptII/ptolemy/domains/de/test/auto/Modal7.xml (RunModel)" time="0.026" />
  <testcase classname="ptolemy.util.test.junit.AutoTests" name="[43] /home/travis/build/icyphy/ptII/ptolemy/domains/de/test/auto/ModalModel.xml (RunModel)" time="0.153" />
  <testcase classname="ptolemy.util.test.junit.AutoTests" name="[44] /home/travis/build/icyphy/ptII/ptolemy/domains/de/test/auto/ModalSource.xml (RunModel)" time="0.016" />
  <testcase classname="ptolemy.util.test.junit.AutoTests" name="[45] /home/travis/build/icyphy/ptII/ptolemy/domains/de/test/auto/NonInterruptibleTimerZeroDelay.xml (RunModel)" time="0.009" />
  <testcase classname="ptolemy.util.test.junit.AutoTests" name="[46] /home/travis/build/icyphy/ptII/ptolemy/domains/de/test/auto/OpenQueueingNetwork.xml (RunModel)" time="2.242" />
  <testcase classname="ptolemy.util.test.junit.AutoTests" name="[47] /home/travis/build/icyphy/ptII/ptolemy/domains/de/test/auto/OpenQueuingNetwork.xml (RunModel)" time="0.301" />
  <testcase classname="ptolemy.util.test.junit.AutoTests" name="[48] /home/travis/build/icyphy/ptII/ptolemy/domains/de/test/auto/PeriodicSampler.xml (RunModel)" time="0.007" />
  <testcase classname="ptolemy.util.test.junit.AutoTests" name="[49] /home/travis/build/icyphy/ptII/ptolemy/domains/de/test/auto/PersistentIO.xml (RunModel)" time="0.018" />
  <testcase classname="ptolemy.util.test.junit.AutoTests" name="[50] /home/travis/build/icyphy/ptII/ptolemy/domains/de/test/auto/PortParameterResetOnInitialize.xml (RunModel)" time="0.009" />
  <testcase classname="ptolemy.util.test.junit.AutoTests" name="[51] /home/travis/build/icyphy/ptII/ptolemy/domains/de/test/auto/PortParameterUpdates.xml (RunModel)" time="0.017" />
  <testcase classname="ptolemy.util.test.junit.AutoTests" name="[52] /home/travis/build/icyphy/ptII/ptolemy/domains/de/test/auto/QueueAndServer.xml (RunModel)" time="0.024" />
  <testcase classname="ptolemy.util.test.junit.AutoTests" name="[53] /home/travis/build/icyphy/ptII/ptolemy/domains/de/test/auto/Records.xml (RunModel)" time="0.018" />
  <testcase classname="ptolemy.util.test.junit.AutoTests" name="[54] /home/travis/build/icyphy/ptII/ptolemy/domains/de/test/auto/ResetTransitionWithStartTime1.xml (RunModel)" time="0.017" />
  <testcase classname="ptolemy.util.test.junit.AutoTests" name="[55] /home/travis/build/icyphy/ptII/ptolemy/domains/de/test/auto/ResetTransitionWithStartTime2.xml (RunModel)" time="0.017" />
  <testcase classname="ptolemy.util.test.junit.AutoTests" name="[56] /home/travis/build/icyphy/ptII/ptolemy/domains/de/test/auto/ResetTransitionWithStartTime3.xml (RunModel)" time="0.019" />
  <testcase classname="ptolemy.util.test.junit.AutoTests" name="[57] /home/travis/build/icyphy/ptII/ptolemy/domains/de/test/auto/ResetTransitionWithStartTime4.xml (RunModel)" time="0.017" />
  <testcase classname="ptolemy.util.test.junit.AutoTests" name="[58] /home/travis/build/icyphy/ptII/ptolemy/domains/de/test/auto/ResettableTimer1.xml (RunModel)" time="0.011" />
  <testcase classname="ptolemy.util.test.junit.AutoTests" name="[59] /home/travis/build/icyphy/ptII/ptolemy/domains/de/test/auto/ResettableTimer2.xml (RunModel)" time="0.01" />
  <testcase classname="ptolemy.util.test.junit.AutoTests" name="[60] /home/travis/build/icyphy/ptII/ptolemy/domains/de/test/auto/ResettableTimer3.xml (RunModel)" time="0.01" />
  <testcase classname="ptolemy.util.test.junit.AutoTests" name="[61] /home/travis/build/icyphy/ptII/ptolemy/domains/de/test/auto/ResettableTimer4.xml (RunModel)" time="0.011" />
  <testcase classname="ptolemy.util.test.junit.AutoTests" name="[62] /home/travis/build/icyphy/ptII/ptolemy/domains/de/test/auto/ResettableTimer5.xml (RunModel)" time="0.01" />
  <testcase classname="ptolemy.util.test.junit.AutoTests" name="[63] /home/travis/build/icyphy/ptII/ptolemy/domains/de/test/auto/ResettableTimer6.xml (RunModel)" time="0.022" />
  <testcase classname="ptolemy.util.test.junit.AutoTests" name="[64] /home/travis/build/icyphy/ptII/ptolemy/domains/de/test/auto/ServerZeroDelay.xml (RunModel)" time="0.011" />
  <testcase classname="ptolemy.util.test.junit.AutoTests" name="[65] /home/travis/build/icyphy/ptII/ptolemy/domains/de/test/auto/SmartSender.xml (RunModel)" time="3.008" />
  <testcase classname="ptolemy.util.test.junit.AutoTests" name="[66] /home/travis/build/icyphy/ptII/ptolemy/domains/de/test/auto/ThreadedComposite.xml (RunModel)" time="1.815" />
  <testcase classname="ptolemy.util.test.junit.AutoTests" name="[67] /home/travis/build/icyphy/ptII/ptolemy/domains/de/test/auto/Time.xml (RunModel)" time="0.428" />
  <testcase classname="ptolemy.util.test.junit.AutoTests" name="[68] /home/travis/build/icyphy/ptII/ptolemy/domains/de/test/auto/TimeDelayZeroDelay.xml (RunModel)" time="0.014" />
  <testcase classname="ptolemy.util.test.junit.AutoTests" name="[69] /home/travis/build/icyphy/ptII/ptolemy/domains/de/test/auto/TimerZeroDelay.xml (RunModel)" time="0.01" />
  <testcase classname="ptolemy.util.test.junit.AutoTests" name="[70] /home/travis/build/icyphy/ptII/ptolemy/domains/de/test/auto/TimingParadox.xml (RunModel)" time="0.331" />
  <testcase classname="ptolemy.util.test.junit.AutoTests" name="[71] /home/travis/build/icyphy/ptII/ptolemy/domains/de/test/auto/TransferInputs.xml (RunModel)" time="0.009" />
  <testcase classname="ptolemy.util.test.junit.AutoTests" name="[72] /home/travis/build/icyphy/ptII/ptolemy/domains/de/test/auto/TransferOutputs2.xml (RunModel)" time="0.017" />
  <testcase classname="ptolemy.util.test.junit.AutoTests" name="[73] /home/travis/build/icyphy/ptII/ptolemy/domains/de/test/auto/Trilateration.xml (RunModel)" time="12.48" />
  <testcase classname="ptolemy.util.test.junit.AutoTests" name="[74] /home/travis/build/icyphy/ptII/ptolemy/domains/de/test/auto/TwoSigmaDelta.xml (RunModel)" time="2.276" />
  <testcase classname="ptolemy.util.test.junit.AutoTests" name="[75] /home/travis/build/icyphy/ptII/ptolemy/domains/de/test/auto/VariableDelay.xml (RunModel)" time="0.009" />
  <testcase classname="ptolemy.util.test.junit.AutoTests" name="[76] /home/travis/build/icyphy/ptII/ptolemy/domains/de/test/auto/VariableDelay2.xml (RunModel)" time="0.006" />
  <testcase classname="ptolemy.util.test.junit.AutoTests" name="[77] /home/travis/build/icyphy/ptII/ptolemy/domains/de/test/auto/VariableDelayZeroDelay.xml (RunModel)" time="0.01" />
  <testcase classname="ptolemy.util.test.junit.AutoTests" name="[78] /home/travis/build/icyphy/ptII/ptolemy/domains/de/test/auto/VariableDelayZeroDelay2.xml (RunModel)" time="0.015" />
  <testcase classname="ptolemy.util.test.junit.AutoTests" name="[79] /home/travis/build/icyphy/ptII/ptolemy/domains/de/test/auto/deInCt.xml (RunModel)" time="0.013" />
  <testcase classname="ptolemy.util.test.junit.AutoTests" name="[80] /home/travis/build/icyphy/ptII/ptolemy/domains/de/test/auto/deInCt2.xml (RunModel)" time="0.022" />
  <testcase classname="ptolemy.util.test.junit.AutoTests" name="[81] /home/travis/build/icyphy/ptII/ptolemy/domains/de/test/auto/dynamicCausalityInterface1.xml (RunModel)" time="0.017" />
  <testcase classname="ptolemy.util.test.junit.AutoTests" name="[82] /home/travis/build/icyphy/ptII/ptolemy/domains/de/test/auto/fsm_de_test.xml (RunModel)" time="0.027" />
  <testcase classname="ptolemy.util.test.junit.AutoTests" name="[83] /home/travis/build/icyphy/ptII/ptolemy/domains/de/test/auto/functionDependencyReconstruction.xml (RunModel)" time="0.03" />
  <testcase classname="ptolemy.util.test.junit.AutoTests" name="[84] /home/travis/build/icyphy/ptII/ptolemy/domains/de/test/auto/multirate.xml (RunModel)" time="0.018" />
  <testcase classname="ptolemy.util.test.junit.AutoTests" name="[85] /home/travis/build/icyphy/ptII/ptolemy/domains/de/test/auto/multirate2.xml (RunModel)" time="0.015" />
  <testcase classname="ptolemy.util.test.junit.AutoTests" name="[86] /home/travis/build/icyphy/ptII/ptolemy/domains/de/test/auto/realtime.xml (RunModel)" time="10.01" />
  <testcase classname="ptolemy.util.test.junit.AutoTests" name="[87] /home/travis/build/icyphy/ptII/ptolemy/domains/de/test/auto/relationGroup.xml (RunModel)" time="0.008" />
  <testcase classname="ptolemy.util.test.junit.AutoTests" name="[88] /home/travis/build/icyphy/ptII/ptolemy/domains/de/test/auto/relationGroup2.xml (RunModel)" time="0.007" />
  <testcase classname="ptolemy.util.test.junit.AutoTests" name="[89] /home/travis/build/icyphy/ptII/ptolemy/domains/de/test/auto/sortWithOpaquePorts.xml (RunModel)" time="0.015" />
  <testcase classname="ptolemy.util.test.junit.AutoTests" name="[90] /home/travis/build/icyphy/ptII/ptolemy/domains/de/test/auto/transferInputsandOutputs.xml (RunModel)" time="0.015" />
  <testcase classname="ptolemy.util.test.junit.AutoTests" name="[91] /home/travis/build/icyphy/ptII/ptolemy/domains/de/test/auto/triggerType.xml (RunModel)" time="0.011" />
  <system-out><![CDATA[/home/travis/build/icyphy/ptII/ptolemy/domains/de/test/DependencyLoop.tcl
testDefs.tcl: setting time out to 9000 seconds at Thu Dec 06 02:58:00 UTC 2018
14 ms. Memory: 116224K Free: 93905K (81%)
5 ms. Memory: 146944K Free: 135448K (92%)
/home/travis/build/icyphy/ptII/ptolemy/domains/de/test/RunDETestsAsQSS.tcl
Run the DE tests using ptolemy.domains.qss.test.QSSDirectorTest, which extends QSSDirector and prints a message in the constructors.
------------------ testing $PTII/ptolemy/domains/de/test/auto/knownFailedTests/dependencyLoop.xml (Known Failure) 
15 ms. Memory: 146944K Free: 132336K (90%)


==== $PTIIhome/travis/build/icyphy/ptII/ptolemy/domains/de/test/../../../../: Auto Automatic test in file $PTII/ptolemy/domains/de/test/auto/knownFailedTests/dependencyLoop.xml
==== Contents of test case:

	    # FIXME: we should use $relativeFilename here, but it
	    # might have backslashes under Windows, which causes no end
	    # of trouble.
	    createAndExecute $file
	    list {}
	
.... Test generated KNOWN error:
    while executing
ptolemy.kernel.util.IllegalActionException: Found a zero delay loop containing .dependencyLoop.original
  in .dependencyLoop and .dependencyLoop.original
	at ptolemy.actor.util.CausalityInterfaceForComposites._computeOutputPortDepth(CausalityInterfaceForComposites.java:759)
	at ptolemy.actor.util.CausalityInterfaceForComposites._computeInputDepth(CausalityInterfaceForComposites.java:696)
	at ptolemy.actor.util.CausalityInterfaceForComposites._computeOutputPortDepth(CausalityInterfaceForComposites.java:765)
	at ptolemy.actor.util.CausalityInterfaceForComposites._computeInputDepth(CausalityInterfaceForComposites.java:696)
	at ptolemy.actor.util.CausalityInterfaceForComposites._computeOutputPortDepth(CausalityInterfaceForComposites.java:765)
	at ptolemy.actor.util.CausalityInterfaceForComposites._computeInputDepth(CausalityInterfaceForComposites.java:696)
	at ptolemy.actor.util.CausalityInterfaceForComposites._computeActorDepth(CausalityInterfaceForComposites.java:532)
	at ptolemy.actor.util.CausalityInterfaceForComposites.checkForCycles(CausalityInterfaceForComposites.java:96)
	at ptolemy.domains.de.kernel.DEDirector.preinitialize(DEDirector.java:1338)
	at ptolemy.actor.CompositeActor.preinitialize(CompositeActor.java:1828)
	at ptolemy.actor.Manager.preinitializeAndResolveTypes(Manager.java:1040)
	at ptolemy.actor.Manager.initialize(Manager.java:710)
	at ptolemy.actor.Manager.execute(Manager.java:356)
	at ptolemy.actor.Manager.run(Manager.java:1263)
	at ptolemy.actor.Manager$PtolemyRunThread.run(Manager.java:1915)

    while executing
ptolemy.kernel.util.IllegalActionException: Found a zero delay loop containing .dependencyLoop.original
  in .dependencyLoop and .dependencyLoop.original
    while executing
"java::new ptolemy.moml.MoMLSimpleApplication $file
"
    (procedure "createAndExecute" line 2)
    invoked from within
"createAndExecute $file"
    ("uplevel" body line 5)
    invoked from within
"uplevel $contents_of_test"
------------------ testing $PTII/ptolemy/domains/de/test/auto/knownFailedTests/DESDFClockTest.xml (Known Failure) 
2059 ms. Memory: 146944K Free: 116507K (79%)


==== $PTIIhome/travis/build/icyphy/ptII/ptolemy/domains/de/test/../../../../: Auto Automatic test in file $PTII/ptolemy/domains/de/test/auto/knownFailedTests/DESDFClockTest.xml
==== Contents of test case:

	    # FIXME: we should use $relativeFilename here, but it
	    # might have backslashes under Windows, which causes no end
	    # of trouble.
	    createAndExecute $file
	    list {}
	
.... Test generated KNOWN error:
    while executing
ptolemy.kernel.util.IllegalActionException: Actor is not ready to fire.  Perhaps UpSample.prefire() returned false? Try debugging the actor by selecting "Listen to Actor".  Also, for SDF check moml for tokenConsumptionRate on input.
  in .DESDFClockTest.Play Bell.Copy1:SDF Director and .DESDFClockTest.Play Bell.UpSample
	at ptolemy.actor.sched.StaticSchedulingDirector.fire(StaticSchedulingDirector.java:227)
	at ptolemy.domains.sdf.kernel.SDFDirector.fire(SDFDirector.java:500)
	at ptolemy.actor.CompositeActor.fire(CompositeActor.java:455)
	at ptolemy.domains.de.kernel.DEDirector._fire(DEDirector.java:1949)
	at ptolemy.domains.de.kernel.DEDirector.fire(DEDirector.java:502)
	at ptolemy.actor.CompositeActor.fire(CompositeActor.java:455)
	at ptolemy.actor.Manager.iterate(Manager.java:851)
	at ptolemy.actor.Manager.execute(Manager.java:369)
	at ptolemy.actor.Manager.run(Manager.java:1263)
	at ptolemy.actor.Manager$PtolemyRunThread.run(Manager.java:1915)

    while executing
ptolemy.kernel.util.IllegalActionException: Actor is not ready to fire.  Perhaps UpSample.prefire() returned false? Try debugging the actor by selecting "Listen to Actor".  Also, for SDF check moml for tokenConsumptionRate on input.
  in .DESDFClockTest.Play Bell.Copy1:SDF Director and .DESDFClockTest.Play Bell.UpSample
    while executing
"java::new ptolemy.moml.MoMLSimpleApplication $file
"
    (procedure "createAndExecute" line 2)
    invoked from within
"createAndExecute $file"
    ("uplevel" body line 5)
    invoked from within
"uplevel $contents_of_test"
------------------ testing $PTII/ptolemy/domains/de/test/auto/knownFailedTests/FSMSource.xml (Known Failure) 
46 ms. Memory: 146944K Free: 107530K (73%)
!!!! Auto was marked as failing, but now passes
------------------ testing $PTII/ptolemy/domains/de/test/auto/knownFailedTests/dependencyLoop2.xml (Known Failure) 
12 ms. Memory: 146944K Free: 105646K (72%)


==== $PTIIhome/travis/build/icyphy/ptII/ptolemy/domains/de/test/../../../../: Auto Automatic test in file $PTII/ptolemy/domains/de/test/auto/knownFailedTests/dependencyLoop2.xml
==== Contents of test case:

	    # FIXME: we should use $relativeFilename here, but it
	    # might have backslashes under Windows, which causes no end
	    # of trouble.
	    createAndExecute $file
	    list {}
	
.... Test generated KNOWN error:
    while executing
ptolemy.kernel.util.IllegalActionException: Found a zero delay loop containing .dependencyLoop2.original
  in .dependencyLoop2 and .dependencyLoop2.original
	at ptolemy.actor.util.CausalityInterfaceForComposites._computeOutputPortDepth(CausalityInterfaceForComposites.java:759)
	at ptolemy.actor.util.CausalityInterfaceForComposites._computeInputDepth(CausalityInterfaceForComposites.java:696)
	at ptolemy.actor.util.CausalityInterfaceForComposites._computeOutputPortDepth(CausalityInterfaceForComposites.java:765)
	at ptolemy.actor.util.CausalityInterfaceForComposites._computeInputDepth(CausalityInterfaceForComposites.java:696)
	at ptolemy.actor.util.CausalityInterfaceForComposites._computeOutputPortDepth(CausalityInterfaceForComposites.java:765)
	at ptolemy.actor.util.CausalityInterfaceForComposites._computeInputDepth(CausalityInterfaceForComposites.java:696)
	at ptolemy.actor.util.CausalityInterfaceForComposites._computeActorDepth(CausalityInterfaceForComposites.java:532)
	at ptolemy.actor.util.CausalityInterfaceForComposites.checkForCycles(CausalityInterfaceForComposites.java:96)
	at ptolemy.domains.de.kernel.DEDirector.preinitialize(DEDirector.java:1338)
	at ptolemy.actor.CompositeActor.preinitialize(CompositeActor.java:1828)
	at ptolemy.actor.Manager.preinitializeAndResolveTypes(Manager.java:1040)
	at ptolemy.actor.Manager.initialize(Manager.java:710)
	at ptolemy.actor.Manager.execute(Manager.java:356)
	at ptolemy.actor.Manager.run(Manager.java:1263)
	at ptolemy.actor.Manager$PtolemyRunThread.run(Manager.java:1915)

    while executing
ptolemy.kernel.util.IllegalActionException: Found a zero delay loop containing .dependencyLoop2.original
  in .dependencyLoop2 and .dependencyLoop2.original
    while executing
"java::new ptolemy.moml.MoMLSimpleApplication $file
"
    (procedure "createAndExecute" line 2)
    invoked from within
"createAndExecute $file"
    ("uplevel" body line 5)
    invoked from within
"uplevel $contents_of_test"
------------------ testing $PTII/ptolemy/domains/de/test/auto/knownFailedTests/HierarchicalModel.xml (Known Failure) 
9 ms. Memory: 146944K Free: 85123K (58%)


==== $PTIIhome/travis/build/icyphy/ptII/ptolemy/domains/de/test/../../../../: Auto Automatic test in file $PTII/ptolemy/domains/de/test/auto/knownFailedTests/HierarchicalModel.xml
==== Contents of test case:

	    # FIXME: we should use $relativeFilename here, but it
	    # might have backslashes under Windows, which causes no end
	    # of trouble.
	    createAndExecute $file
	    list {}
	
.... Test generated KNOWN error:
    while executing
ptolemy.kernel.util.IllegalActionException: Found a zero delay loop containing .HierarchicalModel.A
  in .HierarchicalModel and .HierarchicalModel.A
	at ptolemy.actor.util.CausalityInterfaceForComposites._computeOutputPortDepth(CausalityInterfaceForComposites.java:759)
	at ptolemy.actor.util.CausalityInterfaceForComposites._computeInputDepth(CausalityInterfaceForComposites.java:696)
	at ptolemy.actor.util.CausalityInterfaceForComposites._computeOutputPortDepth(CausalityInterfaceForComposites.java:765)
	at ptolemy.actor.util.CausalityInterfaceForComposites._computeInputDepth(CausalityInterfaceForComposites.java:696)
	at ptolemy.actor.util.CausalityInterfaceForComposites._computeOutputPortDepth(CausalityInterfaceForComposites.java:765)
	at ptolemy.actor.util.CausalityInterfaceForComposites._computeInputDepth(CausalityInterfaceForComposites.java:696)
	at ptolemy.actor.util.CausalityInterfaceForComposites._computeActorDepth(CausalityInterfaceForComposites.java:532)
	at ptolemy.actor.util.CausalityInterfaceForComposites.checkForCycles(CausalityInterfaceForComposites.java:96)
	at ptolemy.domains.de.kernel.DEDirector.preinitialize(DEDirector.java:1338)
	at ptolemy.actor.CompositeActor.preinitialize(CompositeActor.java:1828)
	at ptolemy.actor.Manager.preinitializeAndResolveTypes(Manager.java:1040)
	at ptolemy.actor.Manager.initialize(Manager.java:710)
	at ptolemy.actor.Manager.execute(Manager.java:356)
	at ptolemy.actor.Manager.run(Manager.java:1263)
	at ptolemy.actor.Manager$PtolemyRunThread.run(Manager.java:1915)

    while executing
ptolemy.kernel.util.IllegalActionException: Found a zero delay loop containing .HierarchicalModel.A
  in .HierarchicalModel and .HierarchicalModel.A
    while executing
"java::new ptolemy.moml.MoMLSimpleApplication $file
"
    (procedure "createAndExecute" line 2)
    invoked from within
"createAndExecute $file"
    ("uplevel" body line 5)
    invoked from within
"uplevel $contents_of_test"
------------------ testing $PTII/ptolemy/domains/de/test/auto/knownFailedTests/DirectFeedback.xml (Known Failure) 
5 ms. Memory: 146944K Free: 141082K (96%)


==== $PTIIhome/travis/build/icyphy/ptII/ptolemy/domains/de/test/../../../../: Auto Automatic test in file $PTII/ptolemy/domains/de/test/auto/knownFailedTests/DirectFeedback.xml
==== Contents of test case:

	    # FIXME: we should use $relativeFilename here, but it
	    # might have backslashes under Windows, which causes no end
	    # of trouble.
	    createAndExecute $file
	    list {}
	
.... Test generated KNOWN error:
    while executing
ptolemy.kernel.util.IllegalActionException: Test fails in iteration 1.
Value was: 1.0. Should have been: 2.0
  in .DirectFeedback.Test
	at ptolemy.actor.lib.Test.fire(Test.java:268)
	at ptolemy.domains.de.kernel.DEDirector._fire(DEDirector.java:1949)
	at ptolemy.domains.de.kernel.DEDirector.fire(DEDirector.java:502)
	at ptolemy.actor.CompositeActor.fire(CompositeActor.java:455)
	at ptolemy.actor.Manager.iterate(Manager.java:851)
	at ptolemy.actor.Manager.execute(Manager.java:369)
	at ptolemy.actor.Manager.run(Manager.java:1263)
	at ptolemy.actor.Manager$PtolemyRunThread.run(Manager.java:1915)

    while executing
ptolemy.kernel.util.IllegalActionException: Test fails in iteration 1.
Value was: 1.0. Should have been: 2.0
  in .DirectFeedback.Test
    while executing
"java::new ptolemy.moml.MoMLSimpleApplication $file
"
    (procedure "createAndExecute" line 2)
    invoked from within
"createAndExecute $file"
    ("uplevel" body line 5)
    invoked from within
"uplevel $contents_of_test"
------------------ testing $PTII/ptolemy/domains/de/test/auto/ActorDepthCalculation_actorWithoutPorts.xml
auto.tcl: Setting watchdog for 200 seconds at Thu Dec 06 02:58:03 UTC 2018
8 ms. Memory: 146944K Free: 132331K (90%)
ptolemy.util.test.WatchDog.cancel(): canceling Thu Dec 06 02:58:03 UTC 2018
auto.tcl: Setting watchdog for 200 seconds at Thu Dec 06 02:58:03 UTC 2018
8 ms. Memory: 146944K Free: 131283K (89%)
ptolemy.util.test.WatchDog.cancel(): canceling Thu Dec 06 02:58:03 UTC 2018
------------------ testing $PTII/ptolemy/domains/de/test/auto/AssemblyLine.xml
auto.tcl: Setting watchdog for 200 seconds at Thu Dec 06 02:58:04 UTC 2018
24 ms. Memory: 208384K Free: 182770K (88%)
ptolemy.util.test.WatchDog.cancel(): canceling Thu Dec 06 02:58:04 UTC 2018
auto.tcl: Setting watchdog for 200 seconds at Thu Dec 06 02:58:04 UTC 2018
11 ms. Memory: 208384K Free: 182770K (88%)
ptolemy.util.test.WatchDog.cancel(): canceling Thu Dec 06 02:58:04 UTC 2018
------------------ testing $PTII/ptolemy/domains/de/test/auto/CQBug1.xml
auto.tcl: Setting watchdog for 200 seconds at Thu Dec 06 02:58:04 UTC 2018
3 ms. Memory: 208384K Free: 197673K (95%)
ptolemy.util.test.WatchDog.cancel(): canceling Thu Dec 06 02:58:04 UTC 2018
auto.tcl: Setting watchdog for 200 seconds at Thu Dec 06 02:58:04 UTC 2018
2 ms. Memory: 208384K Free: 197673K (95%)
ptolemy.util.test.WatchDog.cancel(): canceling Thu Dec 06 02:58:04 UTC 2018
------------------ testing $PTII/ptolemy/domains/de/test/auto/CancelFireAt.xml
auto.tcl: Setting watchdog for 200 seconds at Thu Dec 06 02:58:04 UTC 2018
18 ms. Memory: 208384K Free: 201407K (97%)
ptolemy.util.test.WatchDog.cancel(): canceling Thu Dec 06 02:58:04 UTC 2018
auto.tcl: Setting watchdog for 200 seconds at Thu Dec 06 02:58:04 UTC 2018
3 ms. Memory: 208384K Free: 199293K (96%)
ptolemy.util.test.WatchDog.cancel(): canceling Thu Dec 06 02:58:04 UTC 2018
------------------ testing $PTII/ptolemy/domains/de/test/auto/CausalityAndComposabilityAnalysis.xml
auto.tcl: Setting watchdog for 200 seconds at Thu Dec 06 02:58:04 UTC 2018
21 ms. Memory: 208384K Free: 196439K (94%)
ptolemy.util.test.WatchDog.cancel(): canceling Thu Dec 06 02:58:04 UTC 2018
auto.tcl: Setting watchdog for 200 seconds at Thu Dec 06 02:58:04 UTC 2018
9 ms. Memory: 208384K Free: 196439K (94%)
ptolemy.util.test.WatchDog.cancel(): canceling Thu Dec 06 02:58:04 UTC 2018
------------------ testing $PTII/ptolemy/domains/de/test/auto/CausalityInterface1.xml
auto.tcl: Setting watchdog for 200 seconds at Thu Dec 06 02:58:04 UTC 2018
21 ms. Memory: 208384K Free: 196376K (94%)
ptolemy.util.test.WatchDog.cancel(): canceling Thu Dec 06 02:58:04 UTC 2018
auto.tcl: Setting watchdog for 200 seconds at Thu Dec 06 02:58:04 UTC 2018
4 ms. Memory: 208384K Free: 196376K (94%)
ptolemy.util.test.WatchDog.cancel(): canceling Thu Dec 06 02:58:04 UTC 2018
------------------ testing $PTII/ptolemy/domains/de/test/auto/CausalityInterface15.xml
auto.tcl: Setting watchdog for 200 seconds at Thu Dec 06 02:58:04 UTC 2018
5 ms. Memory: 208384K Free: 196367K (94%)
ptolemy.util.test.WatchDog.cancel(): canceling Thu Dec 06 02:58:04 UTC 2018
auto.tcl: Setting watchdog for 200 seconds at Thu Dec 06 02:58:04 UTC 2018
6 ms. Memory: 208384K Free: 196367K (94%)
ptolemy.util.test.WatchDog.cancel(): canceling Thu Dec 06 02:58:04 UTC 2018
------------------ testing $PTII/ptolemy/domains/de/test/auto/CausalityInterface2.xml
auto.tcl: Setting watchdog for 200 seconds at Thu Dec 06 02:58:05 UTC 2018
4 ms. Memory: 208384K Free: 196689K (94%)
ptolemy.util.test.WatchDog.cancel(): canceling Thu Dec 06 02:58:05 UTC 2018
auto.tcl: Setting watchdog for 200 seconds at Thu Dec 06 02:58:05 UTC 2018
8 ms. Memory: 208384K Free: 196689K (94%)
ptolemy.util.test.WatchDog.cancel(): canceling Thu Dec 06 02:58:05 UTC 2018
------------------ testing $PTII/ptolemy/domains/de/test/auto/CausalityInterface3.xml
auto.tcl: Setting watchdog for 200 seconds at Thu Dec 06 02:58:05 UTC 2018
11 ms. Memory: 208384K Free: 196365K (94%)
ptolemy.util.test.WatchDog.cancel(): canceling Thu Dec 06 02:58:05 UTC 2018
auto.tcl: Setting watchdog for 200 seconds at Thu Dec 06 02:58:05 UTC 2018
8 ms. Memory: 208384K Free: 196365K (94%)
ptolemy.util.test.WatchDog.cancel(): canceling Thu Dec 06 02:58:05 UTC 2018
------------------ testing $PTII/ptolemy/domains/de/test/auto/ClockDrift.xml
auto.tcl: Setting watchdog for 200 seconds at Thu Dec 06 02:58:05 UTC 2018
79 ms. Memory: 208384K Free: 187554K (90%)
ptolemy.util.test.WatchDog.cancel(): canceling Thu Dec 06 02:58:05 UTC 2018
auto.tcl: Setting watchdog for 200 seconds at Thu Dec 06 02:58:05 UTC 2018
73 ms. Memory: 208384K Free: 185440K (89%)
ptolemy.util.test.WatchDog.cancel(): canceling Thu Dec 06 02:58:05 UTC 2018
------------------ testing $PTII/ptolemy/domains/de/test/auto/ClockDriftAndValueChange.xml
auto.tcl: Setting watchdog for 200 seconds at Thu Dec 06 02:58:05 UTC 2018
53 ms. Memory: 208384K Free: 187388K (90%)
ptolemy.util.test.WatchDog.cancel(): canceling Thu Dec 06 02:58:05 UTC 2018
auto.tcl: Setting watchdog for 200 seconds at Thu Dec 06 02:58:05 UTC 2018
27 ms. Memory: 208384K Free: 185274K (89%)
ptolemy.util.test.WatchDog.cancel(): canceling Thu Dec 06 02:58:05 UTC 2018
------------------ testing $PTII/ptolemy/domains/de/test/auto/ClockDriftChange.xml
auto.tcl: Setting watchdog for 200 seconds at Thu Dec 06 02:58:05 UTC 2018
39 ms. Memory: 208384K Free: 190725K (92%)
ptolemy.util.test.WatchDog.cancel(): canceling Thu Dec 06 02:58:05 UTC 2018
auto.tcl: Setting watchdog for 200 seconds at Thu Dec 06 02:58:05 UTC 2018
23 ms. Memory: 208384K Free: 188610K (91%)
ptolemy.util.test.WatchDog.cancel(): canceling Thu Dec 06 02:58:05 UTC 2018
------------------ testing $PTII/ptolemy/domains/de/test/auto/ComposableCausalityAnalysis.xml
auto.tcl: Setting watchdog for 200 seconds at Thu Dec 06 02:58:05 UTC 2018
2 ms. Memory: 208384K Free: 196220K (94%)
ptolemy.util.test.WatchDog.cancel(): canceling Thu Dec 06 02:58:05 UTC 2018
auto.tcl: Setting watchdog for 200 seconds at Thu Dec 06 02:58:05 UTC 2018
2 ms. Memory: 208384K Free: 194106K (93%)
ptolemy.util.test.WatchDog.cancel(): canceling Thu Dec 06 02:58:05 UTC 2018
------------------ testing $PTII/ptolemy/domains/de/test/auto/DEFixedPointLimitation.xml
auto.tcl: Setting watchdog for 200 seconds at Thu Dec 06 02:58:05 UTC 2018
2 ms. Memory: 208384K Free: 196301K (94%)
ptolemy.util.test.WatchDog.cancel(): canceling Thu Dec 06 02:58:06 UTC 2018
auto.tcl: Setting watchdog for 200 seconds at Thu Dec 06 02:58:06 UTC 2018
2 ms. Memory: 208384K Free: 196301K (94%)
ptolemy.util.test.WatchDog.cancel(): canceling Thu Dec 06 02:58:06 UTC 2018
------------------ testing $PTII/ptolemy/domains/de/test/auto/DEScheduleTest.xml
auto.tcl: Setting watchdog for 200 seconds at Thu Dec 06 02:58:06 UTC 2018
6 ms. Memory: 208384K Free: 198451K (95%)
ptolemy.util.test.WatchDog.cancel(): canceling Thu Dec 06 02:58:06 UTC 2018
auto.tcl: Setting watchdog for 200 seconds at Thu Dec 06 02:58:06 UTC 2018
5 ms. Memory: 208384K Free: 196337K (94%)
ptolemy.util.test.WatchDog.cancel(): canceling Thu Dec 06 02:58:06 UTC 2018
------------------ testing $PTII/ptolemy/domains/de/test/auto/DEinDEwithStartTimes.xml
auto.tcl: Setting watchdog for 200 seconds at Thu Dec 06 02:58:06 UTC 2018
4 ms. Memory: 208384K Free: 196306K (94%)
ptolemy.util.test.WatchDog.cancel(): canceling Thu Dec 06 02:58:06 UTC 2018
auto.tcl: Setting watchdog for 200 seconds at Thu Dec 06 02:58:06 UTC 2018
4 ms. Memory: 208384K Free: 194192K (93%)
ptolemy.util.test.WatchDog.cancel(): canceling Thu Dec 06 02:58:06 UTC 2018
------------------ testing $PTII/ptolemy/domains/de/test/auto/DEinDEwithStartTimes2.xml
auto.tcl: Setting watchdog for 200 seconds at Thu Dec 06 02:58:06 UTC 2018
10 ms. Memory: 208384K Free: 196286K (94%)
ptolemy.util.test.WatchDog.cancel(): canceling Thu Dec 06 02:58:06 UTC 2018
auto.tcl: Setting watchdog for 200 seconds at Thu Dec 06 02:58:06 UTC 2018
4 ms. Memory: 208384K Free: 194172K (93%)
ptolemy.util.test.WatchDog.cancel(): canceling Thu Dec 06 02:58:06 UTC 2018
------------------ testing $PTII/ptolemy/domains/de/test/auto/DateDemo.xml
auto.tcl: Setting watchdog for 200 seconds at Thu Dec 06 02:58:06 UTC 2018
12 ms. Memory: 208384K Free: 188672K (91%)
ptolemy.util.test.WatchDog.cancel(): canceling Thu Dec 06 02:58:06 UTC 2018
auto.tcl: Setting watchdog for 200 seconds at Thu Dec 06 02:58:06 UTC 2018
7 ms. Memory: 208384K Free: 186558K (90%)
ptolemy.util.test.WatchDog.cancel(): canceling Thu Dec 06 02:58:06 UTC 2018
------------------ testing $PTII/ptolemy/domains/de/test/auto/DateToEvent.xml
auto.tcl: Setting watchdog for 200 seconds at Thu Dec 06 02:58:06 UTC 2018
2023 ms. Memory: 208384K Free: 183336K (88%)
ptolemy.util.test.WatchDog.cancel(): canceling Thu Dec 06 02:58:08 UTC 2018
auto.tcl: Setting watchdog for 200 seconds at Thu Dec 06 02:58:08 UTC 2018
2004 ms. Memory: 208384K Free: 183336K (88%)
ptolemy.util.test.WatchDog.cancel(): canceling Thu Dec 06 02:58:10 UTC 2018
------------------ testing $PTII/ptolemy/domains/de/test/auto/DepthTest1.xml
auto.tcl: Setting watchdog for 200 seconds at Thu Dec 06 02:58:10 UTC 2018
3 ms. Memory: 208384K Free: 198315K (95%)
ptolemy.util.test.WatchDog.cancel(): canceling Thu Dec 06 02:58:10 UTC 2018
auto.tcl: Setting watchdog for 200 seconds at Thu Dec 06 02:58:10 UTC 2018
6 ms. Memory: 208384K Free: 198315K (95%)
ptolemy.util.test.WatchDog.cancel(): canceling Thu Dec 06 02:58:10 UTC 2018
------------------ testing $PTII/ptolemy/domains/de/test/auto/DepthTest2.xml
auto.tcl: Setting watchdog for 200 seconds at Thu Dec 06 02:58:10 UTC 2018
9 ms. Memory: 208384K Free: 194150K (93%)
ptolemy.util.test.WatchDog.cancel(): canceling Thu Dec 06 02:58:10 UTC 2018
auto.tcl: Setting watchdog for 200 seconds at Thu Dec 06 02:58:10 UTC 2018
5 ms. Memory: 208384K Free: 194150K (93%)
ptolemy.util.test.WatchDog.cancel(): canceling Thu Dec 06 02:58:10 UTC 2018
------------------ testing $PTII/ptolemy/domains/de/test/auto/DepthTest3.xml
auto.tcl: Setting watchdog for 200 seconds at Thu Dec 06 02:58:10 UTC 2018
3 ms. Memory: 208384K Free: 198311K (95%)
ptolemy.util.test.WatchDog.cancel(): canceling Thu Dec 06 02:58:10 UTC 2018
auto.tcl: Setting watchdog for 200 seconds at Thu Dec 06 02:58:10 UTC 2018
1 ms. Memory: 208384K Free: 198311K (95%)
ptolemy.util.test.WatchDog.cancel(): canceling Thu Dec 06 02:58:10 UTC 2018
------------------ testing $PTII/ptolemy/domains/de/test/auto/DepthTest4.xml
auto.tcl: Setting watchdog for 200 seconds at Thu Dec 06 02:58:10 UTC 2018
5 ms. Memory: 208384K Free: 196284K (94%)
ptolemy.util.test.WatchDog.cancel(): canceling Thu Dec 06 02:58:10 UTC 2018
auto.tcl: Setting watchdog for 200 seconds at Thu Dec 06 02:58:10 UTC 2018
2 ms. Memory: 208384K Free: 196284K (94%)
ptolemy.util.test.WatchDog.cancel(): canceling Thu Dec 06 02:58:10 UTC 2018
------------------ testing $PTII/ptolemy/domains/de/test/auto/DepthTest5.xml
auto.tcl: Setting watchdog for 200 seconds at Thu Dec 06 02:58:10 UTC 2018
6 ms. Memory: 208384K Free: 196231K (94%)
ptolemy.util.test.WatchDog.cancel(): canceling Thu Dec 06 02:58:11 UTC 2018
auto.tcl: Setting watchdog for 200 seconds at Thu Dec 06 02:58:11 UTC 2018
3 ms. Memory: 208384K Free: 196231K (94%)
ptolemy.util.test.WatchDog.cancel(): canceling Thu Dec 06 02:58:11 UTC 2018
------------------ testing $PTII/ptolemy/domains/de/test/auto/DepthTest6.xml
auto.tcl: Setting watchdog for 200 seconds at Thu Dec 06 02:58:11 UTC 2018
10 ms. Memory: 208384K Free: 196527K (94%)
ptolemy.util.test.WatchDog.cancel(): canceling Thu Dec 06 02:58:11 UTC 2018
auto.tcl: Setting watchdog for 200 seconds at Thu Dec 06 02:58:11 UTC 2018
2 ms. Memory: 208384K Free: 196527K (94%)
ptolemy.util.test.WatchDog.cancel(): canceling Thu Dec 06 02:58:11 UTC 2018
------------------ testing $PTII/ptolemy/domains/de/test/auto/DepthTest7.xml
auto.tcl: Setting watchdog for 200 seconds at Thu Dec 06 02:58:11 UTC 2018
3 ms. Memory: 208384K Free: 196188K (94%)
ptolemy.util.test.WatchDog.cancel(): canceling Thu Dec 06 02:58:11 UTC 2018
auto.tcl: Setting watchdog for 200 seconds at Thu Dec 06 02:58:11 UTC 2018
2 ms. Memory: 208384K Free: 196188K (94%)
ptolemy.util.test.WatchDog.cancel(): canceling Thu Dec 06 02:58:11 UTC 2018
------------------ testing $PTII/ptolemy/domains/de/test/auto/EventToDate.xml
auto.tcl: Setting watchdog for 200 seconds at Thu Dec 06 02:58:11 UTC 2018
3009 ms. Memory: 208384K Free: 183181K (88%)
ptolemy.util.test.WatchDog.cancel(): canceling Thu Dec 06 02:58:14 UTC 2018
auto.tcl: Setting watchdog for 200 seconds at Thu Dec 06 02:58:14 UTC 2018
3003 ms. Memory: 208384K Free: 183181K (88%)
ptolemy.util.test.WatchDog.cancel(): canceling Thu Dec 06 02:58:17 UTC 2018
------------------ testing $PTII/ptolemy/domains/de/test/auto/FSM1.xml
auto.tcl: Setting watchdog for 200 seconds at Thu Dec 06 02:58:17 UTC 2018
16 ms. Memory: 208384K Free: 189210K (91%)
ptolemy.util.test.WatchDog.cancel(): canceling Thu Dec 06 02:58:17 UTC 2018
auto.tcl: Setting watchdog for 200 seconds at Thu Dec 06 02:58:17 UTC 2018
15 ms. Memory: 208384K Free: 184982K (89%)
ptolemy.util.test.WatchDog.cancel(): canceling Thu Dec 06 02:58:17 UTC 2018
------------------ testing $PTII/ptolemy/domains/de/test/auto/FSM7.xml
auto.tcl: Setting watchdog for 200 seconds at Thu Dec 06 02:58:17 UTC 2018
13 ms. Memory: 208384K Free: 187301K (90%)
ptolemy.util.test.WatchDog.cancel(): canceling Thu Dec 06 02:58:17 UTC 2018
auto.tcl: Setting watchdog for 200 seconds at Thu Dec 06 02:58:17 UTC 2018
14 ms. Memory: 208384K Free: 185186K (89%)
ptolemy.util.test.WatchDog.cancel(): canceling Thu Dec 06 02:58:17 UTC 2018
------------------ testing $PTII/ptolemy/domains/de/test/auto/Inspection.xml
auto.tcl: Setting watchdog for 200 seconds at Thu Dec 06 02:58:17 UTC 2018
23 ms. Memory: 208384K Free: 188852K (91%)
ptolemy.util.test.WatchDog.cancel(): canceling Thu Dec 06 02:58:17 UTC 2018
auto.tcl: Setting watchdog for 200 seconds at Thu Dec 06 02:58:17 UTC 2018
19 ms. Memory: 208384K Free: 186738K (90%)
ptolemy.util.test.WatchDog.cancel(): canceling Thu Dec 06 02:58:17 UTC 2018
------------------ testing $PTII/ptolemy/domains/de/test/auto/Iteration.xml
auto.tcl: Setting watchdog for 200 seconds at Thu Dec 06 02:58:17 UTC 2018
10 ms. Memory: 208384K Free: 195995K (94%)
ptolemy.util.test.WatchDog.cancel(): canceling Thu Dec 06 02:58:17 UTC 2018
auto.tcl: Setting watchdog for 200 seconds at Thu Dec 06 02:58:17 UTC 2018
6 ms. Memory: 208384K Free: 193881K (93%)
ptolemy.util.test.WatchDog.cancel(): canceling Thu Dec 06 02:58:17 UTC 2018
------------------ testing $PTII/ptolemy/domains/de/test/auto/LineFault.xml
auto.tcl: Setting watchdog for 200 seconds at Thu Dec 06 02:58:17 UTC 2018
800 ms. Memory: 208384K Free: 195110K (94%)
ptolemy.util.test.WatchDog.cancel(): canceling Thu Dec 06 02:58:18 UTC 2018
auto.tcl: Setting watchdog for 200 seconds at Thu Dec 06 02:58:18 UTC 2018
686 ms. Memory: 208384K Free: 139258K (67%)
ptolemy.util.test.WatchDog.cancel(): canceling Thu Dec 06 02:58:19 UTC 2018
------------------ testing $PTII/ptolemy/domains/de/test/auto/MergeModel1Add.xml
auto.tcl: Setting watchdog for 200 seconds at Thu Dec 06 02:58:19 UTC 2018
28 ms. Memory: 331264K Free: 298980K (90%)
ptolemy.util.test.WatchDog.cancel(): canceling Thu Dec 06 02:58:19 UTC 2018
auto.tcl: Setting watchdog for 200 seconds at Thu Dec 06 02:58:19 UTC 2018
10 ms. Memory: 331264K Free: 298980K (90%)
ptolemy.util.test.WatchDog.cancel(): canceling Thu Dec 06 02:58:19 UTC 2018
------------------ testing $PTII/ptolemy/domains/de/test/auto/MergeModel2Add.xml
auto.tcl: Setting watchdog for 200 seconds at Thu Dec 06 02:58:19 UTC 2018
9 ms. Memory: 331264K Free: 304243K (92%)
ptolemy.util.test.WatchDog.cancel(): canceling Thu Dec 06 02:58:19 UTC 2018
auto.tcl: Setting watchdog for 200 seconds at Thu Dec 06 02:58:19 UTC 2018
12 ms. Memory: 331264K Free: 300317K (91%)
ptolemy.util.test.WatchDog.cancel(): canceling Thu Dec 06 02:58:19 UTC 2018
------------------ testing $PTII/ptolemy/domains/de/test/auto/MergeModel3Add.xml
auto.tcl: Setting watchdog for 200 seconds at Thu Dec 06 02:58:19 UTC 2018
11 ms. Memory: 331264K Free: 304254K (92%)
ptolemy.util.test.WatchDog.cancel(): canceling Thu Dec 06 02:58:20 UTC 2018
auto.tcl: Setting watchdog for 200 seconds at Thu Dec 06 02:58:20 UTC 2018
12 ms. Memory: 331264K Free: 300328K (91%)
ptolemy.util.test.WatchDog.cancel(): canceling Thu Dec 06 02:58:20 UTC 2018
------------------ testing $PTII/ptolemy/domains/de/test/auto/MergeWithoutDiscard.xml
auto.tcl: Setting watchdog for 200 seconds at Thu Dec 06 02:58:20 UTC 2018
5 ms. Memory: 331264K Free: 320241K (97%)
ptolemy.util.test.WatchDog.cancel(): canceling Thu Dec 06 02:58:20 UTC 2018
auto.tcl: Setting watchdog for 200 seconds at Thu Dec 06 02:58:20 UTC 2018
1 ms. Memory: 331264K Free: 316315K (95%)
ptolemy.util.test.WatchDog.cancel(): canceling Thu Dec 06 02:58:20 UTC 2018
------------------ testing $PTII/ptolemy/domains/de/test/auto/Modal1.xml
auto.tcl: Setting watchdog for 200 seconds at Thu Dec 06 02:58:20 UTC 2018
17 ms. Memory: 331264K Free: 309960K (94%)
ptolemy.util.test.WatchDog.cancel(): canceling Thu Dec 06 02:58:20 UTC 2018
auto.tcl: Setting watchdog for 200 seconds at Thu Dec 06 02:58:20 UTC 2018
19 ms. Memory: 331264K Free: 306034K (92%)
ptolemy.util.test.WatchDog.cancel(): canceling Thu Dec 06 02:58:20 UTC 2018
------------------ testing $PTII/ptolemy/domains/de/test/auto/Modal2.xml
auto.tcl: Setting watchdog for 200 seconds at Thu Dec 06 02:58:20 UTC 2018
19 ms. Memory: 331264K Free: 309817K (94%)
ptolemy.util.test.WatchDog.cancel(): canceling Thu Dec 06 02:58:20 UTC 2018
auto.tcl: Setting watchdog for 200 seconds at Thu Dec 06 02:58:20 UTC 2018
19 ms. Memory: 331264K Free: 305891K (92%)
ptolemy.util.test.WatchDog.cancel(): canceling Thu Dec 06 02:58:20 UTC 2018
------------------ testing $PTII/ptolemy/domains/de/test/auto/Modal3.xml
auto.tcl: Setting watchdog for 200 seconds at Thu Dec 06 02:58:20 UTC 2018
12 ms. Memory: 331264K Free: 310109K (94%)
ptolemy.util.test.WatchDog.cancel(): canceling Thu Dec 06 02:58:20 UTC 2018
auto.tcl: Setting watchdog for 200 seconds at Thu Dec 06 02:58:20 UTC 2018
10 ms. Memory: 331264K Free: 305897K (92%)
ptolemy.util.test.WatchDog.cancel(): canceling Thu Dec 06 02:58:20 UTC 2018
------------------ testing $PTII/ptolemy/domains/de/test/auto/Modal4.xml
auto.tcl: Setting watchdog for 200 seconds at Thu Dec 06 02:58:20 UTC 2018
22 ms. Memory: 331264K Free: 309829K (94%)
ptolemy.util.test.WatchDog.cancel(): canceling Thu Dec 06 02:58:20 UTC 2018
auto.tcl: Setting watchdog for 200 seconds at Thu Dec 06 02:58:20 UTC 2018
19 ms. Memory: 331264K Free: 305903K (92%)
ptolemy.util.test.WatchDog.cancel(): canceling Thu Dec 06 02:58:20 UTC 2018
------------------ testing $PTII/ptolemy/domains/de/test/auto/Modal5.xml
auto.tcl: Setting watchdog for 200 seconds at Thu Dec 06 02:58:20 UTC 2018
15 ms. Memory: 331264K Free: 309816K (94%)
ptolemy.util.test.WatchDog.cancel(): canceling Thu Dec 06 02:58:20 UTC 2018
auto.tcl: Setting watchdog for 200 seconds at Thu Dec 06 02:58:20 UTC 2018
12 ms. Memory: 331264K Free: 305890K (92%)
ptolemy.util.test.WatchDog.cancel(): canceling Thu Dec 06 02:58:20 UTC 2018
------------------ testing $PTII/ptolemy/domains/de/test/auto/Modal6.xml
auto.tcl: Setting watchdog for 200 seconds at Thu Dec 06 02:58:20 UTC 2018
15 ms. Memory: 331264K Free: 309814K (94%)
ptolemy.util.test.WatchDog.cancel(): canceling Thu Dec 06 02:58:20 UTC 2018
auto.tcl: Setting watchdog for 200 seconds at Thu Dec 06 02:58:20 UTC 2018
14 ms. Memory: 331264K Free: 305888K (92%)
ptolemy.util.test.WatchDog.cancel(): canceling Thu Dec 06 02:58:20 UTC 2018
------------------ testing $PTII/ptolemy/domains/de/test/auto/Modal7.xml
auto.tcl: Setting watchdog for 200 seconds at Thu Dec 06 02:58:20 UTC 2018
10 ms. Memory: 331264K Free: 305888K (92%)
ptolemy.util.test.WatchDog.cancel(): canceling Thu Dec 06 02:58:20 UTC 2018
auto.tcl: Setting watchdog for 200 seconds at Thu Dec 06 02:58:20 UTC 2018
10 ms. Memory: 331264K Free: 305888K (92%)
ptolemy.util.test.WatchDog.cancel(): canceling Thu Dec 06 02:58:20 UTC 2018
------------------ testing $PTII/ptolemy/domains/de/test/auto/ModalModel.xml
auto.tcl: Setting watchdog for 200 seconds at Thu Dec 06 02:58:20 UTC 2018
160 ms. Memory: 331264K Free: 246394K (74%)
ptolemy.util.test.WatchDog.cancel(): canceling Thu Dec 06 02:58:21 UTC 2018
auto.tcl: Setting watchdog for 200 seconds at Thu Dec 06 02:58:21 UTC 2018
193 ms. Memory: 331264K Free: 191428K (58%)
ptolemy.util.test.WatchDog.cancel(): canceling Thu Dec 06 02:58:21 UTC 2018
------------------ testing $PTII/ptolemy/domains/de/test/auto/ModalSource.xml
auto.tcl: Setting watchdog for 200 seconds at Thu Dec 06 02:58:21 UTC 2018
6 ms. Memory: 331264K Free: 316754K (96%)
ptolemy.util.test.WatchDog.cancel(): canceling Thu Dec 06 02:58:21 UTC 2018
auto.tcl: Setting watchdog for 200 seconds at Thu Dec 06 02:58:21 UTC 2018
6 ms. Memory: 331264K Free: 313254K (95%)
ptolemy.util.test.WatchDog.cancel(): canceling Thu Dec 06 02:58:21 UTC 2018
------------------ testing $PTII/ptolemy/domains/de/test/auto/NonInterruptibleTimerZeroDelay.xml
auto.tcl: Setting watchdog for 200 seconds at Thu Dec 06 02:58:21 UTC 2018
3 ms. Memory: 331264K Free: 320906K (97%)
ptolemy.util.test.WatchDog.cancel(): canceling Thu Dec 06 02:58:21 UTC 2018
auto.tcl: Setting watchdog for 200 seconds at Thu Dec 06 02:58:21 UTC 2018
2 ms. Memory: 331264K Free: 317406K (96%)
ptolemy.util.test.WatchDog.cancel(): canceling Thu Dec 06 02:58:21 UTC 2018
------------------ testing $PTII/ptolemy/domains/de/test/auto/OpenQueueingNetwork.xml
auto.tcl: Setting watchdog for 200 seconds at Thu Dec 06 02:58:21 UTC 2018
3077 ms. Memory: 573952K Free: 400388K (70%)
ptolemy.util.test.WatchDog.cancel(): canceling Thu Dec 06 02:58:24 UTC 2018
auto.tcl: Setting watchdog for 200 seconds at Thu Dec 06 02:58:24 UTC 2018
2678 ms. Memory: 550912K Free: 293563K (53%)
ptolemy.util.test.WatchDog.cancel(): canceling Thu Dec 06 02:58:27 UTC 2018
------------------ testing $PTII/ptolemy/domains/de/test/auto/OpenQueuingNetwork.xml
auto.tcl: Setting watchdog for 200 seconds at Thu Dec 06 02:58:27 UTC 2018
264 ms. Memory: 549888K Free: 444875K (81%)
ptolemy.util.test.WatchDog.cancel(): canceling Thu Dec 06 02:58:27 UTC 2018
auto.tcl: Setting watchdog for 200 seconds at Thu Dec 06 02:58:27 UTC 2018
271 ms. Memory: 549888K Free: 384765K (70%)
ptolemy.util.test.WatchDog.cancel(): canceling Thu Dec 06 02:58:28 UTC 2018
------------------ testing $PTII/ptolemy/domains/de/test/auto/PeriodicSampler.xml
auto.tcl: Setting watchdog for 200 seconds at Thu Dec 06 02:58:28 UTC 2018
2 ms. Memory: 551936K Free: 530886K (96%)
ptolemy.util.test.WatchDog.cancel(): canceling Thu Dec 06 02:58:28 UTC 2018
auto.tcl: Setting watchdog for 200 seconds at Thu Dec 06 02:58:28 UTC 2018
1 ms. Memory: 551936K Free: 530886K (96%)
ptolemy.util.test.WatchDog.cancel(): canceling Thu Dec 06 02:58:28 UTC 2018
------------------ testing $PTII/ptolemy/domains/de/test/auto/PersistentIO.xml
auto.tcl: Setting watchdog for 200 seconds at Thu Dec 06 02:58:28 UTC 2018
4 ms. Memory: 549376K Free: 522230K (95%)
ptolemy.util.test.WatchDog.cancel(): canceling Thu Dec 06 02:58:28 UTC 2018
auto.tcl: Setting watchdog for 200 seconds at Thu Dec 06 02:58:28 UTC 2018
3 ms. Memory: 549376K Free: 522230K (95%)
ptolemy.util.test.WatchDog.cancel(): canceling Thu Dec 06 02:58:28 UTC 2018
------------------ testing $PTII/ptolemy/domains/de/test/auto/PortParameterResetOnInitialize.xml
auto.tcl: Setting watchdog for 200 seconds at Thu Dec 06 02:58:28 UTC 2018
2 ms. Memory: 551424K Free: 530605K (96%)
ptolemy.util.test.WatchDog.cancel(): canceling Thu Dec 06 02:58:28 UTC 2018
auto.tcl: Setting watchdog for 200 seconds at Thu Dec 06 02:58:28 UTC 2018
2 ms. Memory: 551424K Free: 530605K (96%)
ptolemy.util.test.WatchDog.cancel(): canceling Thu Dec 06 02:58:28 UTC 2018
------------------ testing $PTII/ptolemy/domains/de/test/auto/PortParameterUpdates.xml
auto.tcl: Setting watchdog for 200 seconds at Thu Dec 06 02:58:28 UTC 2018
3 ms. Memory: 549376K Free: 533599K (97%)
ptolemy.util.test.WatchDog.cancel(): canceling Thu Dec 06 02:58:28 UTC 2018
auto.tcl: Setting watchdog for 200 seconds at Thu Dec 06 02:58:28 UTC 2018
3 ms. Memory: 549376K Free: 526920K (96%)
ptolemy.util.test.WatchDog.cancel(): canceling Thu Dec 06 02:58:28 UTC 2018
------------------ testing $PTII/ptolemy/domains/de/test/auto/QueueAndServer.xml
auto.tcl: Setting watchdog for 200 seconds at Thu Dec 06 02:58:28 UTC 2018
14 ms. Memory: 551424K Free: 535381K (97%)
ptolemy.util.test.WatchDog.cancel(): canceling Thu Dec 06 02:58:28 UTC 2018
auto.tcl: Setting watchdog for 200 seconds at Thu Dec 06 02:58:28 UTC 2018
6 ms. Memory: 551424K Free: 528686K (96%)
ptolemy.util.test.WatchDog.cancel(): canceling Thu Dec 06 02:58:28 UTC 2018
------------------ testing $PTII/ptolemy/domains/de/test/auto/Records.xml
auto.tcl: Setting watchdog for 200 seconds at Thu Dec 06 02:58:28 UTC 2018
3 ms. Memory: 549376K Free: 533274K (97%)
ptolemy.util.test.WatchDog.cancel(): canceling Thu Dec 06 02:58:28 UTC 2018
auto.tcl: Setting watchdog for 200 seconds at Thu Dec 06 02:58:28 UTC 2018
2 ms. Memory: 549376K Free: 533274K (97%)
ptolemy.util.test.WatchDog.cancel(): canceling Thu Dec 06 02:58:28 UTC 2018
------------------ testing $PTII/ptolemy/domains/de/test/auto/ResetTransitionWithStartTime1.xml
auto.tcl: Setting watchdog for 200 seconds at Thu Dec 06 02:58:28 UTC 2018
9 ms. Memory: 551424K Free: 528892K (96%)
ptolemy.util.test.WatchDog.cancel(): canceling Thu Dec 06 02:58:28 UTC 2018
auto.tcl: Setting watchdog for 200 seconds at Thu Dec 06 02:58:28 UTC 2018
5 ms. Memory: 551424K Free: 528662K (96%)
ptolemy.util.test.WatchDog.cancel(): canceling Thu Dec 06 02:58:28 UTC 2018
------------------ testing $PTII/ptolemy/domains/de/test/auto/ResetTransitionWithStartTime2.xml
auto.tcl: Setting watchdog for 200 seconds at Thu Dec 06 02:58:28 UTC 2018
7 ms. Memory: 549376K Free: 526842K (96%)
ptolemy.util.test.WatchDog.cancel(): canceling Thu Dec 06 02:58:28 UTC 2018
auto.tcl: Setting watchdog for 200 seconds at Thu Dec 06 02:58:28 UTC 2018
6 ms. Memory: 549376K Free: 526842K (96%)
ptolemy.util.test.WatchDog.cancel(): canceling Thu Dec 06 02:58:28 UTC 2018
------------------ testing $PTII/ptolemy/domains/de/test/auto/ResetTransitionWithStartTime3.xml
auto.tcl: Setting watchdog for 200 seconds at Thu Dec 06 02:58:28 UTC 2018
5 ms. Memory: 550912K Free: 528147K (96%)
ptolemy.util.test.WatchDog.cancel(): canceling Thu Dec 06 02:58:28 UTC 2018
auto.tcl: Setting watchdog for 200 seconds at Thu Dec 06 02:58:28 UTC 2018
5 ms. Memory: 550912K Free: 528147K (96%)
ptolemy.util.test.WatchDog.cancel(): canceling Thu Dec 06 02:58:28 UTC 2018
------------------ testing $PTII/ptolemy/domains/de/test/auto/ResetTransitionWithStartTime4.xml
auto.tcl: Setting watchdog for 200 seconds at Thu Dec 06 02:58:28 UTC 2018
4 ms. Memory: 549376K Free: 526601K (96%)
ptolemy.util.test.WatchDog.cancel(): canceling Thu Dec 06 02:58:28 UTC 2018
auto.tcl: Setting watchdog for 200 seconds at Thu Dec 06 02:58:28 UTC 2018
4 ms. Memory: 549376K Free: 526601K (96%)
ptolemy.util.test.WatchDog.cancel(): canceling Thu Dec 06 02:58:28 UTC 2018
------------------ testing $PTII/ptolemy/domains/de/test/auto/ResettableTimer1.xml
auto.tcl: Setting watchdog for 200 seconds at Thu Dec 06 02:58:28 UTC 2018
2 ms. Memory: 550912K Free: 534820K (97%)
ptolemy.util.test.WatchDog.cancel(): canceling Thu Dec 06 02:58:28 UTC 2018
auto.tcl: Setting watchdog for 200 seconds at Thu Dec 06 02:58:28 UTC 2018
2 ms. Memory: 550912K Free: 534820K (97%)
ptolemy.util.test.WatchDog.cancel(): canceling Thu Dec 06 02:58:28 UTC 2018
------------------ testing $PTII/ptolemy/domains/de/test/auto/ResettableTimer2.xml
auto.tcl: Setting watchdog for 200 seconds at Thu Dec 06 02:58:29 UTC 2018
2 ms. Memory: 549376K Free: 533571K (97%)
ptolemy.util.test.WatchDog.cancel(): canceling Thu Dec 06 02:58:29 UTC 2018
auto.tcl: Setting watchdog for 200 seconds at Thu Dec 06 02:58:29 UTC 2018
2 ms. Memory: 549376K Free: 533571K (97%)
ptolemy.util.test.WatchDog.cancel(): canceling Thu Dec 06 02:58:29 UTC 2018
------------------ testing $PTII/ptolemy/domains/de/test/auto/ResettableTimer3.xml
auto.tcl: Setting watchdog for 200 seconds at Thu Dec 06 02:58:29 UTC 2018
2 ms. Memory: 550912K Free: 534877K (97%)
ptolemy.util.test.WatchDog.cancel(): canceling Thu Dec 06 02:58:29 UTC 2018
auto.tcl: Setting watchdog for 200 seconds at Thu Dec 06 02:58:29 UTC 2018
1 ms. Memory: 550912K Free: 534877K (97%)
ptolemy.util.test.WatchDog.cancel(): canceling Thu Dec 06 02:58:29 UTC 2018
------------------ testing $PTII/ptolemy/domains/de/test/auto/ResettableTimer4.xml
auto.tcl: Setting watchdog for 200 seconds at Thu Dec 06 02:58:29 UTC 2018
1 ms. Memory: 549376K Free: 533584K (97%)
ptolemy.util.test.WatchDog.cancel(): canceling Thu Dec 06 02:58:29 UTC 2018
auto.tcl: Setting watchdog for 200 seconds at Thu Dec 06 02:58:29 UTC 2018
1 ms. Memory: 549376K Free: 533584K (97%)
ptolemy.util.test.WatchDog.cancel(): canceling Thu Dec 06 02:58:29 UTC 2018
------------------ testing $PTII/ptolemy/domains/de/test/auto/ResettableTimer5.xml
auto.tcl: Setting watchdog for 200 seconds at Thu Dec 06 02:58:29 UTC 2018
2 ms. Memory: 550400K Free: 529926K (96%)
ptolemy.util.test.WatchDog.cancel(): canceling Thu Dec 06 02:58:29 UTC 2018
auto.tcl: Setting watchdog for 200 seconds at Thu Dec 06 02:58:29 UTC 2018
2 ms. Memory: 550400K Free: 529926K (96%)
ptolemy.util.test.WatchDog.cancel(): canceling Thu Dec 06 02:58:29 UTC 2018
------------------ testing $PTII/ptolemy/domains/de/test/auto/ResettableTimer6.xml
auto.tcl: Setting watchdog for 200 seconds at Thu Dec 06 02:58:29 UTC 2018
1 ms. Memory: 549376K Free: 528622K (96%)
ptolemy.util.test.WatchDog.cancel(): canceling Thu Dec 06 02:58:29 UTC 2018
auto.tcl: Setting watchdog for 200 seconds at Thu Dec 06 02:58:29 UTC 2018
1 ms. Memory: 549376K Free: 528622K (96%)
ptolemy.util.test.WatchDog.cancel(): canceling Thu Dec 06 02:58:29 UTC 2018
------------------ testing $PTII/ptolemy/domains/de/test/auto/ServerZeroDelay.xml
auto.tcl: Setting watchdog for 200 seconds at Thu Dec 06 02:58:29 UTC 2018
2 ms. Memory: 550400K Free: 534546K (97%)
ptolemy.util.test.WatchDog.cancel(): canceling Thu Dec 06 02:58:29 UTC 2018
auto.tcl: Setting watchdog for 200 seconds at Thu Dec 06 02:58:29 UTC 2018
2 ms. Memory: 550400K Free: 534546K (97%)
ptolemy.util.test.WatchDog.cancel(): canceling Thu Dec 06 02:58:29 UTC 2018
------------------ testing $PTII/ptolemy/domains/de/test/auto/SmartSender.xml
auto.tcl: Setting watchdog for 200 seconds at Thu Dec 06 02:58:29 UTC 2018
3001 ms. Memory: 549376K Free: 528838K (96%)
ptolemy.util.test.WatchDog.cancel(): canceling Thu Dec 06 02:58:32 UTC 2018
auto.tcl: Setting watchdog for 200 seconds at Thu Dec 06 02:58:32 UTC 2018
3001 ms. Memory: 549376K Free: 528838K (96%)
ptolemy.util.test.WatchDog.cancel(): canceling Thu Dec 06 02:58:35 UTC 2018
------------------ testing $PTII/ptolemy/domains/de/test/auto/ThreadedComposite.xml
auto.tcl: Setting watchdog for 200 seconds at Thu Dec 06 02:58:35 UTC 2018
187 ms. Memory: 550400K Free: 513607K (93%)
ptolemy.util.test.WatchDog.cancel(): canceling Thu Dec 06 02:58:35 UTC 2018
auto.tcl: Setting watchdog for 200 seconds at Thu Dec 06 02:58:35 UTC 2018
101 ms. Memory: 550400K Free: 497561K (90%)
ptolemy.util.test.WatchDog.cancel(): canceling Thu Dec 06 02:58:35 UTC 2018
------------------ testing $PTII/ptolemy/domains/de/test/auto/Time.xml
auto.tcl: Setting watchdog for 200 seconds at Thu Dec 06 02:58:35 UTC 2018
518 ms. Memory: 549376K Free: 481535K (88%)
ptolemy.util.test.WatchDog.cancel(): canceling Thu Dec 06 02:58:36 UTC 2018
auto.tcl: Setting watchdog for 200 seconds at Thu Dec 06 02:58:36 UTC 2018
506 ms. Memory: 549376K Free: 428103K (78%)
ptolemy.util.test.WatchDog.cancel(): canceling Thu Dec 06 02:58:36 UTC 2018
------------------ testing $PTII/ptolemy/domains/de/test/auto/TimeDelayZeroDelay.xml
auto.tcl: Setting watchdog for 200 seconds at Thu Dec 06 02:58:36 UTC 2018
1 ms. Memory: 550400K Free: 534234K (97%)
ptolemy.util.test.WatchDog.cancel(): canceling Thu Dec 06 02:58:36 UTC 2018
auto.tcl: Setting watchdog for 200 seconds at Thu Dec 06 02:58:36 UTC 2018
1 ms. Memory: 550400K Free: 534234K (97%)
ptolemy.util.test.WatchDog.cancel(): canceling Thu Dec 06 02:58:36 UTC 2018
------------------ testing $PTII/ptolemy/domains/de/test/auto/TimerZeroDelay.xml
auto.tcl: Setting watchdog for 200 seconds at Thu Dec 06 02:58:37 UTC 2018
4 ms. Memory: 549376K Free: 533483K (97%)
ptolemy.util.test.WatchDog.cancel(): canceling Thu Dec 06 02:58:37 UTC 2018
auto.tcl: Setting watchdog for 200 seconds at Thu Dec 06 02:58:37 UTC 2018
2 ms. Memory: 549376K Free: 533483K (97%)
ptolemy.util.test.WatchDog.cancel(): canceling Thu Dec 06 02:58:37 UTC 2018
------------------ testing $PTII/ptolemy/domains/de/test/auto/TimingParadox.xml
auto.tcl: Setting watchdog for 200 seconds at Thu Dec 06 02:58:37 UTC 2018
358 ms. Memory: 549888K Free: 467564K (85%)
ptolemy.util.test.WatchDog.cancel(): canceling Thu Dec 06 02:58:37 UTC 2018
auto.tcl: Setting watchdog for 200 seconds at Thu Dec 06 02:58:37 UTC 2018
339 ms. Memory: 549888K Free: 434169K (79%)
ptolemy.util.test.WatchDog.cancel(): canceling Thu Dec 06 02:58:37 UTC 2018
------------------ testing $PTII/ptolemy/domains/de/test/auto/TransferInputs.xml
auto.tcl: Setting watchdog for 200 seconds at Thu Dec 06 02:58:37 UTC 2018
1 ms. Memory: 549888K Free: 532899K (97%)
ptolemy.util.test.WatchDog.cancel(): canceling Thu Dec 06 02:58:37 UTC 2018
auto.tcl: Setting watchdog for 200 seconds at Thu Dec 06 02:58:37 UTC 2018
2 ms. Memory: 549888K Free: 532899K (97%)
ptolemy.util.test.WatchDog.cancel(): canceling Thu Dec 06 02:58:37 UTC 2018
------------------ testing $PTII/ptolemy/domains/de/test/auto/TransferOutputs2.xml
auto.tcl: Setting watchdog for 200 seconds at Thu Dec 06 02:58:37 UTC 2018
2 ms. Memory: 549376K Free: 522122K (95%)
ptolemy.util.test.WatchDog.cancel(): canceling Thu Dec 06 02:58:38 UTC 2018
auto.tcl: Setting watchdog for 200 seconds at Thu Dec 06 02:58:38 UTC 2018
2 ms. Memory: 549376K Free: 522122K (95%)
ptolemy.util.test.WatchDog.cancel(): canceling Thu Dec 06 02:58:38 UTC 2018
------------------ testing $PTII/ptolemy/domains/de/test/auto/Trilateration.xml
auto.tcl: Setting watchdog for 200 seconds at Thu Dec 06 02:58:38 UTC 2018
14061 ms. Memory: 766976K Free: 228464K (30%)
ptolemy.util.test.WatchDog.cancel(): canceling Thu Dec 06 02:58:53 UTC 2018
auto.tcl: Setting watchdog for 200 seconds at Thu Dec 06 02:58:53 UTC 2018
10872 ms. Memory: 646144K Free: 90225K (14%)
ptolemy.util.test.WatchDog.cancel(): canceling Thu Dec 06 02:59:04 UTC 2018
------------------ testing $PTII/ptolemy/domains/de/test/auto/TwoSigmaDelta.xml
auto.tcl: Setting watchdog for 200 seconds at Thu Dec 06 02:59:04 UTC 2018
2771 ms. Memory: 649728K Free: 336797K (52%)
ptolemy.util.test.WatchDog.cancel(): canceling Thu Dec 06 02:59:07 UTC 2018
auto.tcl: Setting watchdog for 200 seconds at Thu Dec 06 02:59:07 UTC 2018
2124 ms. Memory: 649728K Free: 110654K (17%)
ptolemy.util.test.WatchDog.cancel(): canceling Thu Dec 06 02:59:09 UTC 2018
------------------ testing $PTII/ptolemy/domains/de/test/auto/VariableDelay.xml
auto.tcl: Setting watchdog for 200 seconds at Thu Dec 06 02:59:09 UTC 2018
2 ms. Memory: 646656K Free: 627346K (97%)
ptolemy.util.test.WatchDog.cancel(): canceling Thu Dec 06 02:59:09 UTC 2018
auto.tcl: Setting watchdog for 200 seconds at Thu Dec 06 02:59:09 UTC 2018
2 ms. Memory: 646656K Free: 627346K (97%)
ptolemy.util.test.WatchDog.cancel(): canceling Thu Dec 06 02:59:09 UTC 2018
------------------ testing $PTII/ptolemy/domains/de/test/auto/VariableDelay2.xml
auto.tcl: Setting watchdog for 200 seconds at Thu Dec 06 02:59:09 UTC 2018
3 ms. Memory: 646144K Free: 627279K (97%)
ptolemy.util.test.WatchDog.cancel(): canceling Thu Dec 06 02:59:09 UTC 2018
auto.tcl: Setting watchdog for 200 seconds at Thu Dec 06 02:59:09 UTC 2018
2 ms. Memory: 646144K Free: 627279K (97%)
ptolemy.util.test.WatchDog.cancel(): canceling Thu Dec 06 02:59:09 UTC 2018
------------------ testing $PTII/ptolemy/domains/de/test/auto/VariableDelayZeroDelay.xml
auto.tcl: Setting watchdog for 200 seconds at Thu Dec 06 02:59:09 UTC 2018
2 ms. Memory: 646144K Free: 627279K (97%)
ptolemy.util.test.WatchDog.cancel(): canceling Thu Dec 06 02:59:09 UTC 2018
auto.tcl: Setting watchdog for 200 seconds at Thu Dec 06 02:59:09 UTC 2018
2 ms. Memory: 646144K Free: 627279K (97%)
ptolemy.util.test.WatchDog.cancel(): canceling Thu Dec 06 02:59:09 UTC 2018
------------------ testing $PTII/ptolemy/domains/de/test/auto/VariableDelayZeroDelay2.xml
auto.tcl: Setting watchdog for 200 seconds at Thu Dec 06 02:59:09 UTC 2018
2 ms. Memory: 649216K Free: 624701K (96%)
ptolemy.util.test.WatchDog.cancel(): canceling Thu Dec 06 02:59:09 UTC 2018
auto.tcl: Setting watchdog for 200 seconds at Thu Dec 06 02:59:09 UTC 2018
2 ms. Memory: 649216K Free: 624701K (96%)
ptolemy.util.test.WatchDog.cancel(): canceling Thu Dec 06 02:59:09 UTC 2018
------------------ testing $PTII/ptolemy/domains/de/test/auto/deInCt.xml
auto.tcl: Setting watchdog for 200 seconds at Thu Dec 06 02:59:09 UTC 2018
0
1
1
1
0
0
1
1
1
1
0
0
0
1
1
1
0
0
0
1
1
1
1
1
0
0
0
0
1
1
1
0
0
0
1
1
1
1
0
0
0
19 ms. Memory: 646144K Free: 621594K (96%)
ptolemy.util.test.WatchDog.cancel(): canceling Thu Dec 06 02:59:09 UTC 2018
auto.tcl: Setting watchdog for 200 seconds at Thu Dec 06 02:59:09 UTC 2018
0
1
1
0
0
0
0
1
1
1
0
0
0
0
1
1
1
1
0
0
0
1
1
1
0
0
0
0
0
0
0
9 ms. Memory: 646144K Free: 621594K (96%)
ptolemy.util.test.WatchDog.cancel(): canceling Thu Dec 06 02:59:09 UTC 2018
------------------ testing $PTII/ptolemy/domains/de/test/auto/deInCt2.xml
auto.tcl: Setting watchdog for 200 seconds at Thu Dec 06 02:59:09 UTC 2018
0
1
1
1
0
0
1
1
1
0
0
1
1
1
0
0
1
1
1
0
0
1
1
1
0
0
1
1
1
0
0
1
1
1
0
0
1
1
1
0
0
0
4 ms. Memory: 648704K Free: 629802K (97%)
ptolemy.util.test.WatchDog.cancel(): canceling Thu Dec 06 02:59:09 UTC 2018
auto.tcl: Setting watchdog for 200 seconds at Thu Dec 06 02:59:09 UTC 2018
0
1
1
1
0
0
1
1
1
0
0
1
1
1
0
0
1
1
1
0
0
1
1
1
0
0
1
1
1
0
0
1
1
1
0
0
1
1
1
0
0
0
5 ms. Memory: 648704K Free: 629802K (97%)
ptolemy.util.test.WatchDog.cancel(): canceling Thu Dec 06 02:59:09 UTC 2018
------------------ testing $PTII/ptolemy/domains/de/test/auto/dynamicCausalityInterface1.xml
auto.tcl: Setting watchdog for 200 seconds at Thu Dec 06 02:59:09 UTC 2018
1 ms. Memory: 646144K Free: 618721K (96%)
ptolemy.util.test.WatchDog.cancel(): canceling Thu Dec 06 02:59:09 UTC 2018
auto.tcl: Setting watchdog for 200 seconds at Thu Dec 06 02:59:09 UTC 2018
1 ms. Memory: 646144K Free: 618721K (96%)
ptolemy.util.test.WatchDog.cancel(): canceling Thu Dec 06 02:59:09 UTC 2018
------------------ testing $PTII/ptolemy/domains/de/test/auto/fsm_de_test.xml
auto.tcl: Setting watchdog for 200 seconds at Thu Dec 06 02:59:09 UTC 2018
7 ms. Memory: 648192K Free: 623565K (96%)
ptolemy.util.test.WatchDog.cancel(): canceling Thu Dec 06 02:59:09 UTC 2018
auto.tcl: Setting watchdog for 200 seconds at Thu Dec 06 02:59:09 UTC 2018
4 ms. Memory: 648192K Free: 615009K (95%)
ptolemy.util.test.WatchDog.cancel(): canceling Thu Dec 06 02:59:09 UTC 2018
------------------ testing $PTII/ptolemy/domains/de/test/auto/functionDependencyReconstruction.xml
auto.tcl: Setting watchdog for 200 seconds at Thu Dec 06 02:59:09 UTC 2018
2 ms. Memory: 646144K Free: 612952K (95%)
ptolemy.util.test.WatchDog.cancel(): canceling Thu Dec 06 02:59:09 UTC 2018
auto.tcl: Setting watchdog for 200 seconds at Thu Dec 06 02:59:09 UTC 2018
2 ms. Memory: 646144K Free: 604388K (94%)
ptolemy.util.test.WatchDog.cancel(): canceling Thu Dec 06 02:59:09 UTC 2018
------------------ testing $PTII/ptolemy/domains/de/test/auto/multirate.xml
auto.tcl: Setting watchdog for 200 seconds at Thu Dec 06 02:59:09 UTC 2018
6 ms. Memory: 648192K Free: 623432K (96%)
ptolemy.util.test.WatchDog.cancel(): canceling Thu Dec 06 02:59:09 UTC 2018
auto.tcl: Setting watchdog for 200 seconds at Thu Dec 06 02:59:09 UTC 2018
3 ms. Memory: 648192K Free: 623432K (96%)
ptolemy.util.test.WatchDog.cancel(): canceling Thu Dec 06 02:59:09 UTC 2018
------------------ testing $PTII/ptolemy/domains/de/test/auto/multirate2.xml
auto.tcl: Setting watchdog for 200 seconds at Thu Dec 06 02:59:10 UTC 2018
3 ms. Memory: 646144K Free: 621572K (96%)
ptolemy.util.test.WatchDog.cancel(): canceling Thu Dec 06 02:59:10 UTC 2018
auto.tcl: Setting watchdog for 200 seconds at Thu Dec 06 02:59:10 UTC 2018
2 ms. Memory: 646144K Free: 621572K (96%)
ptolemy.util.test.WatchDog.cancel(): canceling Thu Dec 06 02:59:10 UTC 2018
------------------ testing $PTII/ptolemy/domains/de/test/auto/realtime.xml
auto.tcl: Setting watchdog for 200 seconds at Thu Dec 06 02:59:10 UTC 2018
10001 ms. Memory: 647680K Free: 623075K (96%)
ptolemy.util.test.WatchDog.cancel(): canceling Thu Dec 06 02:59:20 UTC 2018
auto.tcl: Setting watchdog for 200 seconds at Thu Dec 06 02:59:20 UTC 2018
10001 ms. Memory: 647680K Free: 623075K (96%)
ptolemy.util.test.WatchDog.cancel(): canceling Thu Dec 06 02:59:30 UTC 2018
------------------ testing $PTII/ptolemy/domains/de/test/auto/relationGroup.xml
auto.tcl: Setting watchdog for 200 seconds at Thu Dec 06 02:59:30 UTC 2018
1 ms. Memory: 646144K Free: 621597K (96%)
ptolemy.util.test.WatchDog.cancel(): canceling Thu Dec 06 02:59:30 UTC 2018
auto.tcl: Setting watchdog for 200 seconds at Thu Dec 06 02:59:30 UTC 2018
1 ms. Memory: 646144K Free: 621597K (96%)
ptolemy.util.test.WatchDog.cancel(): canceling Thu Dec 06 02:59:30 UTC 2018
------------------ testing $PTII/ptolemy/domains/de/test/auto/relationGroup2.xml
auto.tcl: Setting watchdog for 200 seconds at Thu Dec 06 02:59:30 UTC 2018
5 ms. Memory: 647680K Free: 623159K (96%)
ptolemy.util.test.WatchDog.cancel(): canceling Thu Dec 06 02:59:30 UTC 2018
auto.tcl: Setting watchdog for 200 seconds at Thu Dec 06 02:59:30 UTC 2018
2 ms. Memory: 647680K Free: 623159K (96%)
ptolemy.util.test.WatchDog.cancel(): canceling Thu Dec 06 02:59:30 UTC 2018
------------------ testing $PTII/ptolemy/domains/de/test/auto/sortWithOpaquePorts.xml
auto.tcl: Setting watchdog for 200 seconds at Thu Dec 06 02:59:30 UTC 2018
1 ms. Memory: 646144K Free: 621592K (96%)
ptolemy.util.test.WatchDog.cancel(): canceling Thu Dec 06 02:59:30 UTC 2018
auto.tcl: Setting watchdog for 200 seconds at Thu Dec 06 02:59:30 UTC 2018
1 ms. Memory: 646144K Free: 621592K (96%)
ptolemy.util.test.WatchDog.cancel(): canceling Thu Dec 06 02:59:30 UTC 2018
------------------ testing $PTII/ptolemy/domains/de/test/auto/transferInputsandOutputs.xml
auto.tcl: Setting watchdog for 200 seconds at Thu Dec 06 02:59:30 UTC 2018
2 ms. Memory: 647168K Free: 622636K (96%)
ptolemy.util.test.WatchDog.cancel(): canceling Thu Dec 06 02:59:30 UTC 2018
auto.tcl: Setting watchdog for 200 seconds at Thu Dec 06 02:59:30 UTC 2018
2 ms. Memory: 647168K Free: 622636K (96%)
ptolemy.util.test.WatchDog.cancel(): canceling Thu Dec 06 02:59:30 UTC 2018
------------------ testing $PTII/ptolemy/domains/de/test/auto/triggerType.xml
auto.tcl: Setting watchdog for 200 seconds at Thu Dec 06 02:59:30 UTC 2018
1 ms. Memory: 646144K Free: 621563K (96%)
ptolemy.util.test.WatchDog.cancel(): canceling Thu Dec 06 02:59:30 UTC 2018
auto.tcl: Setting watchdog for 200 seconds at Thu Dec 06 02:59:30 UTC 2018
2 ms. Memory: 646144K Free: 621563K (96%)
ptolemy.util.test.WatchDog.cancel(): canceling Thu Dec 06 02:59:30 UTC 2018
12/06/18 02:59:30
Failed: 0  Total Tests: 192  ((Passed: 187, Newly Passed: 1)  Known Failed: 5) /home/travis/build/icyphy/ptII/ptolemy/domains/de/test
12/06/18 02:59:30
Failed: 0  Total Tests: 192  ((Passed: 187, Newly Passed: 1)  Known Failed: 5) /home/travis/build/icyphy/ptII/ptolemy/domains/de/test
----------------- testing (KnownFailure) /home/travis/build/icyphy/ptII/ptolemy/domains/de/test/auto/knownFailedTests/DESDFClockTest.xml
2010 ms. Memory: 647168K Free: 611313K (94%)
Known Failure: java.lang.reflect.InvocationTargetException
----------------- testing (KnownFailure) /home/travis/build/icyphy/ptII/ptolemy/domains/de/test/auto/knownFailedTests/DirectFeedback.xml
5 ms. Memory: 647168K Free: 566134K (87%)
Known Failure: java.lang.reflect.InvocationTargetException
----------------- testing (KnownFailure) /home/travis/build/icyphy/ptII/ptolemy/domains/de/test/auto/knownFailedTests/FSMSource.xml
14 ms. Memory: 647168K Free: 520955K (80%)
----------------- testing (KnownFailure) /home/travis/build/icyphy/ptII/ptolemy/domains/de/test/auto/knownFailedTests/HierarchicalModel.xml
2 ms. Memory: 647168K Free: 487055K (75%)
Known Failure: java.lang.reflect.InvocationTargetException
----------------- testing (KnownFailure) /home/travis/build/icyphy/ptII/ptolemy/domains/de/test/auto/knownFailedTests/dependencyLoop.xml
1 ms. Memory: 647168K Free: 430565K (67%)
Known Failure: java.lang.reflect.InvocationTargetException
----------------- testing (KnownFailure) /home/travis/build/icyphy/ptII/ptolemy/domains/de/test/auto/knownFailedTests/dependencyLoop2.xml
3 ms. Memory: 647168K Free: 374091K (58%)
Known Failure: java.lang.reflect.InvocationTargetException
No auto/linux-amd64/*.xml tests in /home/travis/build/icyphy/ptII/ptolemy/domains/de/test
AutoTests.java: About to close Vertx.
AutoTests.java: Vertx closed.

===========================================================================================
----------------- testing Thu Dec 06 02:59:32 UTC 2018 /home/travis/build/icyphy/ptII/ptolemy/domains/de/test/auto/ActorDepthCalculation_actorWithoutPorts.xml
----------------- Instantiating /home/travis/build/icyphy/ptII/ptolemy/domains/de/test/auto/ActorDepthCalculation_actorWithoutPorts.xml
2 ms. Memory: 647168K Free: 317617K (49%)
----------------- Invoking toplevel() on ptolemy.moml.MoMLSimpleApplication@3cf52678
----------------- Done invoking toplevel() on ptolemy.moml.MoMLSimpleApplication@3cf52678
reloadAllAccessors: .ActorDepthCalculation_actorWithoutPorts

===========================================================================================
----------------- testing Thu Dec 06 02:59:32 UTC 2018 /home/travis/build/icyphy/ptII/ptolemy/domains/de/test/auto/AssemblyLine.xml
----------------- Instantiating /home/travis/build/icyphy/ptII/ptolemy/domains/de/test/auto/AssemblyLine.xml
2 ms. Memory: 647168K Free: 295028K (46%)
----------------- Invoking toplevel() on ptolemy.moml.MoMLSimpleApplication@3ad43b4f
----------------- Done invoking toplevel() on ptolemy.moml.MoMLSimpleApplication@3ad43b4f
reloadAllAccessors: .AssemblyLine

===========================================================================================
----------------- testing Thu Dec 06 02:59:32 UTC 2018 /home/travis/build/icyphy/ptII/ptolemy/domains/de/test/auto/CQBug1.xml
----------------- Instantiating /home/travis/build/icyphy/ptII/ptolemy/domains/de/test/auto/CQBug1.xml
1 ms. Memory: 647168K Free: 272438K (42%)
----------------- Invoking toplevel() on ptolemy.moml.MoMLSimpleApplication@7746685e
----------------- Done invoking toplevel() on ptolemy.moml.MoMLSimpleApplication@7746685e
reloadAllAccessors: .CQBug1

===========================================================================================
----------------- testing Thu Dec 06 02:59:32 UTC 2018 /home/travis/build/icyphy/ptII/ptolemy/domains/de/test/auto/CancelFireAt.xml
----------------- Instantiating /home/travis/build/icyphy/ptII/ptolemy/domains/de/test/auto/CancelFireAt.xml
1 ms. Memory: 647168K Free: 249849K (39%)
----------------- Invoking toplevel() on ptolemy.moml.MoMLSimpleApplication@3e8ff8ad
----------------- Done invoking toplevel() on ptolemy.moml.MoMLSimpleApplication@3e8ff8ad
reloadAllAccessors: .CancelFireAt

===========================================================================================
----------------- testing Thu Dec 06 02:59:32 UTC 2018 /home/travis/build/icyphy/ptII/ptolemy/domains/de/test/auto/CausalityAndComposabilityAnalysis.xml
----------------- Instantiating /home/travis/build/icyphy/ptII/ptolemy/domains/de/test/auto/CausalityAndComposabilityAnalysis.xml
1 ms. Memory: 647168K Free: 227259K (35%)
----------------- Invoking toplevel() on ptolemy.moml.MoMLSimpleApplication@2785fa9b
----------------- Done invoking toplevel() on ptolemy.moml.MoMLSimpleApplication@2785fa9b
reloadAllAccessors: .CausalityAndComposabilityAnalysis

===========================================================================================
----------------- testing Thu Dec 06 02:59:32 UTC 2018 /home/travis/build/icyphy/ptII/ptolemy/domains/de/test/auto/CausalityInterface1.xml
----------------- Instantiating /home/travis/build/icyphy/ptII/ptolemy/domains/de/test/auto/CausalityInterface1.xml
3 ms. Memory: 647168K Free: 204670K (32%)
----------------- Invoking toplevel() on ptolemy.moml.MoMLSimpleApplication@1d2ab72f
----------------- Done invoking toplevel() on ptolemy.moml.MoMLSimpleApplication@1d2ab72f
reloadAllAccessors: .CausalityInterface1

===========================================================================================
----------------- testing Thu Dec 06 02:59:32 UTC 2018 /home/travis/build/icyphy/ptII/ptolemy/domains/de/test/auto/CausalityInterface15.xml
----------------- Instantiating /home/travis/build/icyphy/ptII/ptolemy/domains/de/test/auto/CausalityInterface15.xml
2 ms. Memory: 647168K Free: 182080K (28%)
----------------- Invoking toplevel() on ptolemy.moml.MoMLSimpleApplication@4d1c8f0a
----------------- Done invoking toplevel() on ptolemy.moml.MoMLSimpleApplication@4d1c8f0a
reloadAllAccessors: .CausalityInterface15

[...]
java.lang.RuntimeException: Execution failed
	at ptolemy.moml.MoMLSimpleApplication$UnloadThread.run(MoMLSimpleApplication.java:402)
Caused by: ptolemy.kernel.util.IllegalActionException: Test fails in iteration 1.
Value was: 1.0. Should have been: 2.0
  in .DirectFeedback.Test
	at ptolemy.actor.lib.Test.fire(Test.java:268)
	at ptolemy.domains.de.kernel.DEDirector._fire(DEDirector.java:1949)
	at ptolemy.domains.de.kernel.DEDirector.fire(DEDirector.java:502)
	at ptolemy.actor.CompositeActor.fire(CompositeActor.java:455)
	at ptolemy.actor.Manager.iterate(Manager.java:851)
	at ptolemy.actor.Manager.execute(Manager.java:369)
	at ptolemy.actor.Manager.run(Manager.java:1263)
	at ptolemy.actor.Manager$PtolemyRunThread.run(Manager.java:1915)
java.lang.RuntimeException: Execution failed
	at ptolemy.moml.MoMLSimpleApplication$UnloadThread.run(MoMLSimpleApplication.java:402)
Caused by: ptolemy.kernel.util.IllegalActionException: Actor is not ready to fire.  Perhaps UpSample.prefire() returned false? Try debugging the actor by selecting "Listen to Actor".  Also, for SDF check moml for tokenConsumptionRate on input.
  in .DESDFClockTest.Play Bell.Copy1:SDF Director and .DESDFClockTest.Play Bell.UpSample
	at ptolemy.actor.sched.StaticSchedulingDirector.fire(StaticSchedulingDirector.java:227)
	at ptolemy.domains.sdf.kernel.SDFDirector.fire(SDFDirector.java:500)
	at ptolemy.actor.CompositeActor.fire(CompositeActor.java:455)
	at ptolemy.domains.de.kernel.DEDirector._fire(DEDirector.java:1949)
	at ptolemy.domains.de.kernel.DEDirector.fire(DEDirector.java:502)
	at ptolemy.actor.CompositeActor.fire(CompositeActor.java:455)
	at ptolemy.actor.Manager.iterate(Manager.java:851)
	at ptolemy.actor.Manager.execute(Manager.java:369)
	at ptolemy.actor.Manager.run(Manager.java:1263)
	at ptolemy.actor.Manager$PtolemyRunThread.run(Manager.java:1915)
java.lang.reflect.InvocationTargetException
	at sun.reflect.NativeConstructorAccessorImpl.newInstance0(Native Method)
	at sun.reflect.NativeConstructorAccessorImpl.newInstance(NativeConstructorAccessorImpl.java:62)
	at sun.reflect.DelegatingConstructorAccessorImpl.newInstance(DelegatingConstructorAccessorImpl.java:45)
	at java.lang.reflect.Constructor.newInstance(Constructor.java:423)
	at ptolemy.util.test.junit.AutoKnownFailedTests.RunModel(AutoKnownFailedTests.java:105)
	at sun.reflect.NativeMethodAccessorImpl.invoke0(Native Method)
	at sun.reflect.NativeMethodAccessorImpl.invoke(NativeMethodAccessorImpl.java:62)
	at sun.reflect.DelegatingMethodAccessorImpl.invoke(DelegatingMethodAccessorImpl.java:43)
	at java.lang.reflect.Method.invoke(Method.java:498)
	at org.junit.runners.model.FrameworkMethod$1.runReflectiveCall(FrameworkMethod.java:44)
	at org.junit.internal.runners.model.ReflectiveCallable.run(ReflectiveCallable.java:15)
	at org.junit.runners.model.FrameworkMethod.invokeExplosively(FrameworkMethod.java:41)
	at junitparams.internal.InvokeParameterisedMethod.evaluate(InvokeParameterisedMethod.java:102)
	at org.junit.internal.runners.statements.FailOnTimeout$1.run(FailOnTimeout.java:28)
Caused by: ptolemy.kernel.util.IllegalActionException: Actor is not ready to fire.  Perhaps UpSample.prefire() returned false? Try debugging the actor by selecting "Listen to Actor".  Also, for SDF check moml for tokenConsumptionRate on input.
  in .DESDFClockTest.Play Bell.Copy1:SDF Director and .DESDFClockTest.Play Bell.UpSample
	at ptolemy.actor.sched.StaticSchedulingDirector.fire(StaticSchedulingDirector.java:227)
	at ptolemy.domains.sdf.kernel.SDFDirector.fire(SDFDirector.java:500)
	at ptolemy.actor.CompositeActor.fire(CompositeActor.java:455)
	at ptolemy.domains.de.kernel.DEDirector._fire(DEDirector.java:1949)
	at ptolemy.domains.de.kernel.DEDirector.fire(DEDirector.java:502)
	at ptolemy.actor.CompositeActor.fire(CompositeActor.java:455)
	at ptolemy.actor.Manager.iterate(Manager.java:851)
	at ptolemy.actor.Manager.execute(Manager.java:369)
	at ptolemy.actor.Manager.run(Manager.java:1263)
	at ptolemy.actor.Manager$PtolemyRunThread.run(Manager.java:1915)
java.lang.RuntimeException: Execution failed
	at ptolemy.moml.MoMLSimpleApplication$UnloadThread.run(MoMLSimpleApplication.java:402)
Caused by: ptolemy.kernel.util.IllegalActionException: Test fails in iteration 1.
Value was: 1.0. Should have been: 2.0
  in .DirectFeedback.Test
	at ptolemy.actor.lib.Test.fire(Test.java:268)
	at ptolemy.domains.de.kernel.DEDirector._fire(DEDirector.java:1949)
	at ptolemy.domains.de.kernel.DEDirector.fire(DEDirector.java:502)
	at ptolemy.actor.CompositeActor.fire(CompositeActor.java:455)
	at ptolemy.actor.Manager.iterate(Manager.java:851)
	at ptolemy.actor.Manager.execute(Manager.java:369)
	at ptolemy.actor.Manager.run(Manager.java:1263)
	at ptolemy.actor.Manager$PtolemyRunThread.run(Manager.java:1915)
java.lang.reflect.InvocationTargetException
	at sun.reflect.NativeConstructorAccessorImpl.newInstance0(Native Method)
	at sun.reflect.NativeConstructorAccessorImpl.newInstance(NativeConstructorAccessorImpl.java:62)
	at sun.reflect.DelegatingConstructorAccessorImpl.newInstance(DelegatingConstructorAccessorImpl.java:45)
	at java.lang.reflect.Constructor.newInstance(Constructor.java:423)
	at ptolemy.util.test.junit.AutoKnownFailedTests.RunModel(AutoKnownFailedTests.java:105)
	at sun.reflect.NativeMethodAccessorImpl.invoke0(Native Method)
	at sun.reflect.NativeMethodAccessorImpl.invoke(NativeMethodAccessorImpl.java:62)
	at sun.reflect.DelegatingMethodAccessorImpl.invoke(DelegatingMethodAccessorImpl.java:43)
	at java.lang.reflect.Method.invoke(Method.java:498)
	at org.junit.runners.model.FrameworkMethod$1.runReflectiveCall(FrameworkMethod.java:44)
	at org.junit.internal.runners.model.ReflectiveCallable.run(ReflectiveCallable.java:15)
	at org.junit.runners.model.FrameworkMethod.invokeExplosively(FrameworkMethod.java:41)
	at junitparams.internal.InvokeParameterisedMethod.evaluate(InvokeParameterisedMethod.java:102)
	at org.junit.internal.runners.statements.FailOnTimeout$1.run(FailOnTimeout.java:28)
Caused by: ptolemy.kernel.util.IllegalActionException: Test fails in iteration 1.
Value was: 1.0. Should have been: 2.0
  in .DirectFeedback.Test
	at ptolemy.actor.lib.Test.fire(Test.java:268)
	at ptolemy.domains.de.kernel.DEDirector._fire(DEDirector.java:1949)
	at ptolemy.domains.de.kernel.DEDirector.fire(DEDirector.java:502)
	at ptolemy.actor.CompositeActor.fire(CompositeActor.java:455)
	at ptolemy.actor.Manager.iterate(Manager.java:851)
	at ptolemy.actor.Manager.execute(Manager.java:369)
	at ptolemy.actor.Manager.run(Manager.java:1263)
	at ptolemy.actor.Manager$PtolemyRunThread.run(Manager.java:1915)
java.lang.RuntimeException: Execution failed
	at ptolemy.moml.MoMLSimpleApplication$UnloadThread.run(MoMLSimpleApplication.java:402)
Caused by: ptolemy.kernel.util.IllegalActionException: Found a zero delay loop containing .HierarchicalModel.A
  in .HierarchicalModel and .HierarchicalModel.A
	at ptolemy.actor.util.CausalityInterfaceForComposites._computeOutputPortDepth(CausalityInterfaceForComposites.java:759)
	at ptolemy.actor.util.CausalityInterfaceForComposites._computeInputDepth(CausalityInterfaceForComposites.java:696)
	at ptolemy.actor.util.CausalityInterfaceForComposites._computeOutputPortDepth(CausalityInterfaceForComposites.java:765)
	at ptolemy.actor.util.CausalityInterfaceForComposites._computeInputDepth(CausalityInterfaceForComposites.java:696)
	at ptolemy.actor.util.CausalityInterfaceForComposites._computeOutputPortDepth(CausalityInterfaceForComposites.java:765)
	at ptolemy.actor.util.CausalityInterfaceForComposites._computeInputDepth(CausalityInterfaceForComposites.java:696)
	at ptolemy.actor.util.CausalityInterfaceForComposites._computeActorDepth(CausalityInterfaceForComposites.java:532)
	at ptolemy.actor.util.CausalityInterfaceForComposites.checkForCycles(CausalityInterfaceForComposites.java:96)
	at ptolemy.domains.de.kernel.DEDirector.preinitialize(DEDirector.java:1338)
	at ptolemy.actor.CompositeActor.preinitialize(CompositeActor.java:1828)
	at ptolemy.actor.Manager.preinitializeAndResolveTypes(Manager.java:1040)
	at ptolemy.actor.Manager.initialize(Manager.java:710)
	at ptolemy.actor.Manager.execute(Manager.java:356)
	at ptolemy.actor.Manager.run(Manager.java:1263)
	at ptolemy.actor.Manager$PtolemyRunThread.run(Manager.java:1915)
java.lang.reflect.InvocationTargetException
	at sun.reflect.NativeConstructorAccessorImpl.newInstance0(Native Method)
	at sun.reflect.NativeConstructorAccessorImpl.newInstance(NativeConstructorAccessorImpl.java:62)
	at sun.reflect.DelegatingConstructorAccessorImpl.newInstance(DelegatingConstructorAccessorImpl.java:45)
	at java.lang.reflect.Constructor.newInstance(Constructor.java:423)
	at ptolemy.util.test.junit.AutoKnownFailedTests.RunModel(AutoKnownFailedTests.java:105)
	at sun.reflect.NativeMethodAccessorImpl.invoke0(Native Method)
	at sun.reflect.NativeMethodAccessorImpl.invoke(NativeMethodAccessorImpl.java:62)
	at sun.reflect.DelegatingMethodAccessorImpl.invoke(DelegatingMethodAccessorImpl.java:43)
	at java.lang.reflect.Method.invoke(Method.java:498)
	at org.junit.runners.model.FrameworkMethod$1.runReflectiveCall(FrameworkMethod.java:44)
	at org.junit.internal.runners.model.ReflectiveCallable.run(ReflectiveCallable.java:15)
	at org.junit.runners.model.FrameworkMethod.invokeExplosively(FrameworkMethod.java:41)
	at junitparams.internal.InvokeParameterisedMethod.evaluate(InvokeParameterisedMethod.java:102)
	at org.junit.internal.runners.statements.FailOnTimeout$1.run(FailOnTimeout.java:28)
Caused by: ptolemy.kernel.util.IllegalActionException: Found a zero delay loop containing .HierarchicalModel.A
  in .HierarchicalModel and .HierarchicalModel.A
	at ptolemy.actor.util.CausalityInterfaceForComposites._computeOutputPortDepth(CausalityInterfaceForComposites.java:759)
	at ptolemy.actor.util.CausalityInterfaceForComposites._computeInputDepth(CausalityInterfaceForComposites.java:696)
	at ptolemy.actor.util.CausalityInterfaceForComposites._computeOutputPortDepth(CausalityInterfaceForComposites.java:765)
	at ptolemy.actor.util.CausalityInterfaceForComposites._computeInputDepth(CausalityInterfaceForComposites.java:696)
	at ptolemy.actor.util.CausalityInterfaceForComposites._computeOutputPortDepth(CausalityInterfaceForComposites.java:765)
	at ptolemy.actor.util.CausalityInterfaceForComposites._computeInputDepth(CausalityInterfaceForComposites.java:696)
	at ptolemy.actor.util.CausalityInterfaceForComposites._computeActorDepth(CausalityInterfaceForComposites.java:532)
	at ptolemy.actor.util.CausalityInterfaceForComposites.checkForCycles(CausalityInterfaceForComposites.java:96)
	at ptolemy.domains.de.kernel.DEDirector.preinitialize(DEDirector.java:1338)
	at ptolemy.actor.CompositeActor.preinitialize(CompositeActor.java:1828)
	at ptolemy.actor.Manager.preinitializeAndResolveTypes(Manager.java:1040)
	at ptolemy.actor.Manager.initialize(Manager.java:710)
	at ptolemy.actor.Manager.execute(Manager.java:356)
	at ptolemy.actor.Manager.run(Manager.java:1263)
	at ptolemy.actor.Manager$PtolemyRunThread.run(Manager.java:1915)
java.lang.RuntimeException: Execution failed
	at ptolemy.moml.MoMLSimpleApplication$UnloadThread.run(MoMLSimpleApplication.java:402)
Caused by: ptolemy.kernel.util.IllegalActionException: Found a zero delay loop containing .dependencyLoop.original
  in .dependencyLoop and .dependencyLoop.original
	at ptolemy.actor.util.CausalityInterfaceForComposites._computeOutputPortDepth(CausalityInterfaceForComposites.java:759)
	at ptolemy.actor.util.CausalityInterfaceForComposites._computeInputDepth(CausalityInterfaceForComposites.java:696)
	at ptolemy.actor.util.CausalityInterfaceForComposites._computeOutputPortDepth(CausalityInterfaceForComposites.java:765)
	at ptolemy.actor.util.CausalityInterfaceForComposites._computeInputDepth(CausalityInterfaceForComposites.java:696)
	at ptolemy.actor.util.CausalityInterfaceForComposites._computeOutputPortDepth(CausalityInterfaceForComposites.java:765)
	at ptolemy.actor.util.CausalityInterfaceForComposites._computeInputDepth(CausalityInterfaceForComposites.java:696)
	at ptolemy.actor.util.CausalityInterfaceForComposites._computeActorDepth(CausalityInterfaceForComposites.java:532)
	at ptolemy.actor.util.CausalityInterfaceForComposites.checkForCycles(CausalityInterfaceForComposites.java:96)
	at ptolemy.domains.de.kernel.DEDirector.preinitialize(DEDirector.java:1338)
	at ptolemy.actor.CompositeActor.preinitialize(CompositeActor.java:1828)
	at ptolemy.actor.Manager.preinitializeAndResolveTypes(Manager.java:1040)
	at ptolemy.actor.Manager.initialize(Manager.java:710)
	at ptolemy.actor.Manager.execute(Manager.java:356)
	at ptolemy.actor.Manager.run(Manager.java:1263)
	at ptolemy.actor.Manager$PtolemyRunThread.run(Manager.java:1915)
java.lang.reflect.InvocationTargetException
	at sun.reflect.NativeConstructorAccessorImpl.newInstance0(Native Method)
	at sun.reflect.NativeConstructorAccessorImpl.newInstance(NativeConstructorAccessorImpl.java:62)
	at sun.reflect.DelegatingConstructorAccessorImpl.newInstance(DelegatingConstructorAccessorImpl.java:45)
	at java.lang.reflect.Constructor.newInstance(Constructor.java:423)
	at ptolemy.util.test.junit.AutoKnownFailedTests.RunModel(AutoKnownFailedTests.java:105)
	at sun.reflect.NativeMethodAccessorImpl.invoke0(Native Method)
	at sun.reflect.NativeMethodAccessorImpl.invoke(NativeMethodAccessorImpl.java:62)
	at sun.reflect.DelegatingMethodAccessorImpl.invoke(DelegatingMethodAccessorImpl.java:43)
	at java.lang.reflect.Method.invoke(Method.java:498)
	at org.junit.runners.model.FrameworkMethod$1.runReflectiveCall(FrameworkMethod.java:44)
	at org.junit.internal.runners.model.ReflectiveCallable.run(ReflectiveCallable.java:15)
	at org.junit.runners.model.FrameworkMethod.invokeExplosively(FrameworkMethod.java:41)
	at junitparams.internal.InvokeParameterisedMethod.evaluate(InvokeParameterisedMethod.java:102)
	at org.junit.internal.runners.statements.FailOnTimeout$1.run(FailOnTimeout.java:28)
Caused by: ptolemy.kernel.util.IllegalActionException: Found a zero delay loop containing .dependencyLoop.original
  in .dependencyLoop and .dependencyLoop.original
	at ptolemy.actor.util.CausalityInterfaceForComposites._computeOutputPortDepth(CausalityInterfaceForComposites.java:759)
	at ptolemy.actor.util.CausalityInterfaceForComposites._computeInputDepth(CausalityInterfaceForComposites.java:696)
	at ptolemy.actor.util.CausalityInterfaceForComposites._computeOutputPortDepth(CausalityInterfaceForComposites.java:765)
	at ptolemy.actor.util.CausalityInterfaceForComposites._computeInputDepth(CausalityInterfaceForComposites.java:696)
	at ptolemy.actor.util.CausalityInterfaceForComposites._computeOutputPortDepth(CausalityInterfaceForComposites.java:765)
	at ptolemy.actor.util.CausalityInterfaceForComposites._computeInputDepth(CausalityInterfaceForComposites.java:696)
	at ptolemy.actor.util.CausalityInterfaceForComposites._computeActorDepth(CausalityInterfaceForComposites.java:532)
	at ptolemy.actor.util.CausalityInterfaceForComposites.checkForCycles(CausalityInterfaceForComposites.java:96)
	at ptolemy.domains.de.kernel.DEDirector.preinitialize(DEDirector.java:1338)
	at ptolemy.actor.CompositeActor.preinitialize(CompositeActor.java:1828)
	at ptolemy.actor.Manager.preinitializeAndResolveTypes(Manager.java:1040)
	at ptolemy.actor.Manager.initialize(Manager.java:710)
	at ptolemy.actor.Manager.execute(Manager.java:356)
	at ptolemy.actor.Manager.run(Manager.java:1263)
	at ptolemy.actor.Manager$PtolemyRunThread.run(Manager.java:1915)
java.lang.RuntimeException: Execution failed
	at ptolemy.moml.MoMLSimpleApplication$UnloadThread.run(MoMLSimpleApplication.java:402)
Caused by: ptolemy.kernel.util.IllegalActionException: Found a zero delay loop containing .dependencyLoop2.original
  in .dependencyLoop2 and .dependencyLoop2.original
	at ptolemy.actor.util.CausalityInterfaceForComposites._computeOutputPortDepth(CausalityInterfaceForComposites.java:759)
	at ptolemy.actor.util.CausalityInterfaceForComposites._computeInputDepth(CausalityInterfaceForComposites.java:696)
	at ptolemy.actor.util.CausalityInterfaceForComposites._computeOutputPortDepth(CausalityInterfaceForComposites.java:765)
	at ptolemy.actor.util.CausalityInterfaceForComposites._computeInputDepth(CausalityInterfaceForComposites.java:696)
	at ptolemy.actor.util.CausalityInterfaceForComposites._computeOutputPortDepth(CausalityInterfaceForComposites.java:765)
	at ptolemy.actor.util.CausalityInterfaceForComposites._computeInputDepth(CausalityInterfaceForComposites.java:696)
	at ptolemy.actor.util.CausalityInterfaceForComposites._computeActorDepth(CausalityInterfaceForComposites.java:532)
	at ptolemy.actor.util.CausalityInterfaceForComposites.checkForCycles(CausalityInterfaceForComposites.java:96)
	at ptolemy.domains.de.kernel.DEDirector.preinitialize(DEDirector.java:1338)
	at ptolemy.actor.CompositeActor.preinitialize(CompositeActor.java:1828)
	at ptolemy.actor.Manager.preinitializeAndResolveTypes(Manager.java:1040)
	at ptolemy.actor.Manager.initialize(Manager.java:710)
	at ptolemy.actor.Manager.execute(Manager.java:356)
	at ptolemy.actor.Manager.run(Manager.java:1263)
	at ptolemy.actor.Manager$PtolemyRunThread.run(Manager.java:1915)
java.lang.reflect.InvocationTargetException
	at sun.reflect.NativeConstructorAccessorImpl.newInstance0(Native Method)
	at sun.reflect.NativeConstructorAccessorImpl.newInstance(NativeConstructorAccessorImpl.java:62)
	at sun.reflect.DelegatingConstructorAccessorImpl.newInstance(DelegatingConstructorAccessorImpl.java:45)
	at java.lang.reflect.Constructor.newInstance(Constructor.java:423)
	at ptolemy.util.test.junit.AutoKnownFailedTests.RunModel(AutoKnownFailedTests.java:105)
	at sun.reflect.NativeMethodAccessorImpl.invoke0(Native Method)
	at sun.reflect.NativeMethodAccessorImpl.invoke(NativeMethodAccessorImpl.java:62)
	at sun.reflect.DelegatingMethodAccessorImpl.invoke(DelegatingMethodAccessorImpl.java:43)
	at java.lang.reflect.Method.invoke(Method.java:498)
	at org.junit.runners.model.FrameworkMethod$1.runReflectiveCall(FrameworkMethod.java:44)
	at org.junit.internal.runners.model.ReflectiveCallable.run(ReflectiveCallable.java:15)
	at org.junit.runners.model.FrameworkMethod.invokeExplosively(FrameworkMethod.java:41)
	at junitparams.internal.InvokeParameterisedMethod.evaluate(InvokeParameterisedMethod.java:102)
	at org.junit.internal.runners.statements.FailOnTimeout$1.run(FailOnTimeout.java:28)
Caused by: ptolemy.kernel.util.IllegalActionException: Found a zero delay loop containing .dependencyLoop2.original
  in .dependencyLoop2 and .dependencyLoop2.original
	at ptolemy.actor.util.CausalityInterfaceForComposites._computeOutputPortDepth(CausalityInterfaceForComposites.java:759)
	at ptolemy.actor.util.CausalityInterfaceForComposites._computeInputDepth(CausalityInterfaceForComposites.java:696)
	at ptolemy.actor.util.CausalityInterfaceForComposites._computeOutputPortDepth(CausalityInterfaceForComposites.java:765)
	at ptolemy.actor.util.CausalityInterfaceForComposites._computeInputDepth(CausalityInterfaceForComposites.java:696)
	at ptolemy.actor.util.CausalityInterfaceForComposites._computeOutputPortDepth(CausalityInterfaceForComposites.java:765)
	at ptolemy.actor.util.CausalityInterfaceForComposites._computeInputDepth(CausalityInterfaceForComposites.java:696)
	at ptolemy.actor.util.CausalityInterfaceForComposites._computeActorDepth(CausalityInterfaceForComposites.java:532)
	at ptolemy.actor.util.CausalityInterfaceForComposites.checkForCycles(CausalityInterfaceForComposites.java:96)
	at ptolemy.domains.de.kernel.DEDirector.preinitialize(DEDirector.java:1338)
	at ptolemy.actor.CompositeActor.preinitialize(CompositeActor.java:1828)
	at ptolemy.actor.Manager.preinitializeAndResolveTypes(Manager.java:1040)
	at ptolemy.actor.Manager.initialize(Manager.java:710)
	at ptolemy.actor.Manager.execute(Manager.java:356)
	at ptolemy.actor.Manager.run(Manager.java:1263)
	at ptolemy.actor.Manager$PtolemyRunThread.run(Manager.java:1915)
]]></system-err>
</testsuite>
