<?xml version="1.0" encoding="UTF-8" ?>
<testsuite errors="0" failures="0" hostname="travis-job-3a5f2dd1-7abc-4ebc-94ab-cbe496cfabc9" name="ptolemy.domains.de.test.junit.JUnitTclTest" skipped="0" tests="101" time="132.652" timestamp="2019-08-04T05:15:09">
  <properties>
[...]
</properties>
  <testcase classname="ptolemy.util.test.junit.TclTests" name="[0] /home/travis/build/icyphy/ptII/ptolemy/domains/de/test/DependencyLoop.tcl (RunTclFile)" time="1.085" />
  <testcase classname="ptolemy.util.test.junit.TclTests" name="[1] /home/travis/build/icyphy/ptII/ptolemy/domains/de/test/RunDETestsAsQSS.tcl (RunTclFile)" time="90.339" />
  <testcase classname="ptolemy.util.test.junit.AutoKnownFailedTests" name="[0] /home/travis/build/icyphy/ptII/ptolemy/domains/de/test/auto/knownFailedTests/DESDFClockTest.xml (RunModel)" time="2.046" />
  <testcase classname="ptolemy.util.test.junit.AutoKnownFailedTests" name="[1] /home/travis/build/icyphy/ptII/ptolemy/domains/de/test/auto/knownFailedTests/DirectFeedback.xml (RunModel)" time="0.032" />
  <testcase classname="ptolemy.util.test.junit.AutoKnownFailedTests" name="[2] /home/travis/build/icyphy/ptII/ptolemy/domains/de/test/auto/knownFailedTests/FSMSource.xml (RunModel)" time="0.021" />
  <testcase classname="ptolemy.util.test.junit.AutoKnownFailedTests" name="[3] /home/travis/build/icyphy/ptII/ptolemy/domains/de/test/auto/knownFailedTests/HierarchicalModel.xml (RunModel)" time="0.049" />
  <testcase classname="ptolemy.util.test.junit.AutoKnownFailedTests" name="[4] /home/travis/build/icyphy/ptII/ptolemy/domains/de/test/auto/knownFailedTests/dependencyLoop.xml (RunModel)" time="0.046" />
  <testcase classname="ptolemy.util.test.junit.AutoKnownFailedTests" name="[5] /home/travis/build/icyphy/ptII/ptolemy/domains/de/test/auto/knownFailedTests/dependencyLoop2.xml (RunModel)" time="0.048" />
  <testcase classname="ptolemy.util.test.junit.AutoNameArchTests" name="[0] ThereAreNoAutoArchTests (RunModel)" time="0.001" />
  <testcase classname="ptolemy.util.test.junit.AutoTests" name="[0] /home/travis/build/icyphy/ptII/ptolemy/domains/de/test/auto/ActorDepthCalculation_actorWithoutPorts.xml (RunModel)" time="0.025" />
  <testcase classname="ptolemy.util.test.junit.AutoTests" name="[1] /home/travis/build/icyphy/ptII/ptolemy/domains/de/test/auto/AssemblyLine.xml (RunModel)" time="0.031" />
  <testcase classname="ptolemy.util.test.junit.AutoTests" name="[2] /home/travis/build/icyphy/ptII/ptolemy/domains/de/test/auto/CQBug1.xml (RunModel)" time="0.015" />
  <testcase classname="ptolemy.util.test.junit.AutoTests" name="[3] /home/travis/build/icyphy/ptII/ptolemy/domains/de/test/auto/CancelFireAt.xml (RunModel)" time="0.011" />
  <testcase classname="ptolemy.util.test.junit.AutoTests" name="[4] /home/travis/build/icyphy/ptII/ptolemy/domains/de/test/auto/CausalityAndComposabilityAnalysis.xml (RunModel)" time="0.013" />
  <testcase classname="ptolemy.util.test.junit.AutoTests" name="[5] /home/travis/build/icyphy/ptII/ptolemy/domains/de/test/auto/CausalityInterface1.xml (RunModel)" time="0.015" />
  <testcase classname="ptolemy.util.test.junit.AutoTests" name="[6] /home/travis/build/icyphy/ptII/ptolemy/domains/de/test/auto/CausalityInterface15.xml (RunModel)" time="0.016" />
  <testcase classname="ptolemy.util.test.junit.AutoTests" name="[7] /home/travis/build/icyphy/ptII/ptolemy/domains/de/test/auto/CausalityInterface2.xml (RunModel)" time="0.017" />
  <testcase classname="ptolemy.util.test.junit.AutoTests" name="[8] /home/travis/build/icyphy/ptII/ptolemy/domains/de/test/auto/CausalityInterface3.xml (RunModel)" time="0.017" />
  <testcase classname="ptolemy.util.test.junit.AutoTests" name="[9] /home/travis/build/icyphy/ptII/ptolemy/domains/de/test/auto/ClockDrift.xml (RunModel)" time="0.036" />
  <testcase classname="ptolemy.util.test.junit.AutoTests" name="[10] /home/travis/build/icyphy/ptII/ptolemy/domains/de/test/auto/ClockDriftAndValueChange.xml (RunModel)" time="0.034" />
  <testcase classname="ptolemy.util.test.junit.AutoTests" name="[11] /home/travis/build/icyphy/ptII/ptolemy/domains/de/test/auto/ClockDriftChange.xml (RunModel)" time="0.033" />
  <testcase classname="ptolemy.util.test.junit.AutoTests" name="[12] /home/travis/build/icyphy/ptII/ptolemy/domains/de/test/auto/ComposableCausalityAnalysis.xml (RunModel)" time="0.015" />
  <testcase classname="ptolemy.util.test.junit.AutoTests" name="[13] /home/travis/build/icyphy/ptII/ptolemy/domains/de/test/auto/DEFixedPointLimitation.xml (RunModel)" time="0.015" />
  <testcase classname="ptolemy.util.test.junit.AutoTests" name="[14] /home/travis/build/icyphy/ptII/ptolemy/domains/de/test/auto/DEScheduleTest.xml (RunModel)" time="0.015" />
  <testcase classname="ptolemy.util.test.junit.AutoTests" name="[15] /home/travis/build/icyphy/ptII/ptolemy/domains/de/test/auto/DEinDEwithStartTimes.xml (RunModel)" time="0.016" />
  <testcase classname="ptolemy.util.test.junit.AutoTests" name="[16] /home/travis/build/icyphy/ptII/ptolemy/domains/de/test/auto/DEinDEwithStartTimes2.xml (RunModel)" time="0.017" />
  <testcase classname="ptolemy.util.test.junit.AutoTests" name="[17] /home/travis/build/icyphy/ptII/ptolemy/domains/de/test/auto/DateDemo.xml (RunModel)" time="0.044" />
  <testcase classname="ptolemy.util.test.junit.AutoTests" name="[18] /home/travis/build/icyphy/ptII/ptolemy/domains/de/test/auto/DateToEvent.xml (RunModel)" time="2.041" />
  <testcase classname="ptolemy.util.test.junit.AutoTests" name="[19] /home/travis/build/icyphy/ptII/ptolemy/domains/de/test/auto/DepthTest1.xml (RunModel)" time="0.01" />
  <testcase classname="ptolemy.util.test.junit.AutoTests" name="[20] /home/travis/build/icyphy/ptII/ptolemy/domains/de/test/auto/DepthTest2.xml (RunModel)" time="0.026" />
  <testcase classname="ptolemy.util.test.junit.AutoTests" name="[21] /home/travis/build/icyphy/ptII/ptolemy/domains/de/test/auto/DepthTest3.xml (RunModel)" time="0.011" />
  <testcase classname="ptolemy.util.test.junit.AutoTests" name="[22] /home/travis/build/icyphy/ptII/ptolemy/domains/de/test/auto/DepthTest4.xml (RunModel)" time="0.018" />
  <testcase classname="ptolemy.util.test.junit.AutoTests" name="[23] /home/travis/build/icyphy/ptII/ptolemy/domains/de/test/auto/DepthTest5.xml (RunModel)" time="0.014" />
  <testcase classname="ptolemy.util.test.junit.AutoTests" name="[24] /home/travis/build/icyphy/ptII/ptolemy/domains/de/test/auto/DepthTest6.xml (RunModel)" time="0.013" />
  <testcase classname="ptolemy.util.test.junit.AutoTests" name="[25] /home/travis/build/icyphy/ptII/ptolemy/domains/de/test/auto/DepthTest7.xml (RunModel)" time="0.016" />
  <testcase classname="ptolemy.util.test.junit.AutoTests" name="[26] /home/travis/build/icyphy/ptII/ptolemy/domains/de/test/auto/EventToDate.xml (RunModel)" time="3.046" />
  <testcase classname="ptolemy.util.test.junit.AutoTests" name="[27] /home/travis/build/icyphy/ptII/ptolemy/domains/de/test/auto/FSM1.xml (RunModel)" time="0.064" />
  <testcase classname="ptolemy.util.test.junit.AutoTests" name="[28] /home/travis/build/icyphy/ptII/ptolemy/domains/de/test/auto/FSM7.xml (RunModel)" time="0.039" />
  <testcase classname="ptolemy.util.test.junit.AutoTests" name="[29] /home/travis/build/icyphy/ptII/ptolemy/domains/de/test/auto/Inspection.xml (RunModel)" time="0.047" />
  <testcase classname="ptolemy.util.test.junit.AutoTests" name="[30] /home/travis/build/icyphy/ptII/ptolemy/domains/de/test/auto/Iteration.xml (RunModel)" time="0.028" />
  <testcase classname="ptolemy.util.test.junit.AutoTests" name="[31] /home/travis/build/icyphy/ptII/ptolemy/domains/de/test/auto/LineFault.xml (RunModel)" time="0.586" />
  <testcase classname="ptolemy.util.test.junit.AutoTests" name="[32] /home/travis/build/icyphy/ptII/ptolemy/domains/de/test/auto/MergeModel1Add.xml (RunModel)" time="0.048" />
  <testcase classname="ptolemy.util.test.junit.AutoTests" name="[33] /home/travis/build/icyphy/ptII/ptolemy/domains/de/test/auto/MergeModel2Add.xml (RunModel)" time="0.043" />
  <testcase classname="ptolemy.util.test.junit.AutoTests" name="[34] /home/travis/build/icyphy/ptII/ptolemy/domains/de/test/auto/MergeModel3Add.xml (RunModel)" time="0.047" />
  <testcase classname="ptolemy.util.test.junit.AutoTests" name="[35] /home/travis/build/icyphy/ptII/ptolemy/domains/de/test/auto/MergeWithoutDiscard.xml (RunModel)" time="0.022" />
  <testcase classname="ptolemy.util.test.junit.AutoTests" name="[36] /home/travis/build/icyphy/ptII/ptolemy/domains/de/test/auto/Modal1.xml (RunModel)" time="0.029" />
  <testcase classname="ptolemy.util.test.junit.AutoTests" name="[37] /home/travis/build/icyphy/ptII/ptolemy/domains/de/test/auto/Modal2.xml (RunModel)" time="0.024" />
  <testcase classname="ptolemy.util.test.junit.AutoTests" name="[38] /home/travis/build/icyphy/ptII/ptolemy/domains/de/test/auto/Modal3.xml (RunModel)" time="0.033" />
  <testcase classname="ptolemy.util.test.junit.AutoTests" name="[39] /home/travis/build/icyphy/ptII/ptolemy/domains/de/test/auto/Modal4.xml (RunModel)" time="0.03" />
  <testcase classname="ptolemy.util.test.junit.AutoTests" name="[40] /home/travis/build/icyphy/ptII/ptolemy/domains/de/test/auto/Modal5.xml (RunModel)" time="0.031" />
  <testcase classname="ptolemy.util.test.junit.AutoTests" name="[41] /home/travis/build/icyphy/ptII/ptolemy/domains/de/test/auto/Modal6.xml (RunModel)" time="0.028" />
  <testcase classname="ptolemy.util.test.junit.AutoTests" name="[42] /home/travis/build/icyphy/ptII/ptolemy/domains/de/test/auto/Modal7.xml (RunModel)" time="0.038" />
  <testcase classname="ptolemy.util.test.junit.AutoTests" name="[43] /home/travis/build/icyphy/ptII/ptolemy/domains/de/test/auto/ModalModel.xml (RunModel)" time="0.18" />
  <testcase classname="ptolemy.util.test.junit.AutoTests" name="[44] /home/travis/build/icyphy/ptII/ptolemy/domains/de/test/auto/ModalSource.xml (RunModel)" time="0.017" />
  <testcase classname="ptolemy.util.test.junit.AutoTests" name="[45] /home/travis/build/icyphy/ptII/ptolemy/domains/de/test/auto/NonInterruptibleTimerZeroDelay.xml (RunModel)" time="0.009" />
  <testcase classname="ptolemy.util.test.junit.AutoTests" name="[46] /home/travis/build/icyphy/ptII/ptolemy/domains/de/test/auto/OpenQueueingNetwork.xml (RunModel)" time="2.482" />
  <testcase classname="ptolemy.util.test.junit.AutoTests" name="[47] /home/travis/build/icyphy/ptII/ptolemy/domains/de/test/auto/OpenQueuingNetwork.xml (RunModel)" time="0.281" />
  <testcase classname="ptolemy.util.test.junit.AutoTests" name="[48] /home/travis/build/icyphy/ptII/ptolemy/domains/de/test/auto/PeriodicSampler.xml (RunModel)" time="0.014" />
  <testcase classname="ptolemy.util.test.junit.AutoTests" name="[49] /home/travis/build/icyphy/ptII/ptolemy/domains/de/test/auto/PersistentIO.xml (RunModel)" time="0.019" />
  <testcase classname="ptolemy.util.test.junit.AutoTests" name="[50] /home/travis/build/icyphy/ptII/ptolemy/domains/de/test/auto/PortParameterResetOnInitialize.xml (RunModel)" time="0.009" />
  <testcase classname="ptolemy.util.test.junit.AutoTests" name="[51] /home/travis/build/icyphy/ptII/ptolemy/domains/de/test/auto/PortParameterUpdates.xml (RunModel)" time="0.016" />
  <testcase classname="ptolemy.util.test.junit.AutoTests" name="[52] /home/travis/build/icyphy/ptII/ptolemy/domains/de/test/auto/QueueAndServer.xml (RunModel)" time="0.02" />
  <testcase classname="ptolemy.util.test.junit.AutoTests" name="[53] /home/travis/build/icyphy/ptII/ptolemy/domains/de/test/auto/Records.xml (RunModel)" time="0.015" />
  <testcase classname="ptolemy.util.test.junit.AutoTests" name="[54] /home/travis/build/icyphy/ptII/ptolemy/domains/de/test/auto/ResetTransitionWithStartTime1.xml (RunModel)" time="0.024" />
  <testcase classname="ptolemy.util.test.junit.AutoTests" name="[55] /home/travis/build/icyphy/ptII/ptolemy/domains/de/test/auto/ResetTransitionWithStartTime2.xml (RunModel)" time="0.019" />
  <testcase classname="ptolemy.util.test.junit.AutoTests" name="[56] /home/travis/build/icyphy/ptII/ptolemy/domains/de/test/auto/ResetTransitionWithStartTime3.xml (RunModel)" time="0.019" />
  <testcase classname="ptolemy.util.test.junit.AutoTests" name="[57] /home/travis/build/icyphy/ptII/ptolemy/domains/de/test/auto/ResetTransitionWithStartTime4.xml (RunModel)" time="0.016" />
  <testcase classname="ptolemy.util.test.junit.AutoTests" name="[58] /home/travis/build/icyphy/ptII/ptolemy/domains/de/test/auto/ResettableTimer1.xml (RunModel)" time="0.01" />
  <testcase classname="ptolemy.util.test.junit.AutoTests" name="[59] /home/travis/build/icyphy/ptII/ptolemy/domains/de/test/auto/ResettableTimer2.xml (RunModel)" time="0.009" />
  <testcase classname="ptolemy.util.test.junit.AutoTests" name="[60] /home/travis/build/icyphy/ptII/ptolemy/domains/de/test/auto/ResettableTimer3.xml (RunModel)" time="0.01" />
  <testcase classname="ptolemy.util.test.junit.AutoTests" name="[61] /home/travis/build/icyphy/ptII/ptolemy/domains/de/test/auto/ResettableTimer4.xml (RunModel)" time="0.011" />
  <testcase classname="ptolemy.util.test.junit.AutoTests" name="[62] /home/travis/build/icyphy/ptII/ptolemy/domains/de/test/auto/ResettableTimer5.xml (RunModel)" time="0.009" />
  <testcase classname="ptolemy.util.test.junit.AutoTests" name="[63] /home/travis/build/icyphy/ptII/ptolemy/domains/de/test/auto/ResettableTimer6.xml (RunModel)" time="0.018" />
  <testcase classname="ptolemy.util.test.junit.AutoTests" name="[64] /home/travis/build/icyphy/ptII/ptolemy/domains/de/test/auto/ServerZeroDelay.xml (RunModel)" time="0.01" />
  <testcase classname="ptolemy.util.test.junit.AutoTests" name="[65] /home/travis/build/icyphy/ptII/ptolemy/domains/de/test/auto/SmartSender.xml (RunModel)" time="3.009" />
  <testcase classname="ptolemy.util.test.junit.AutoTests" name="[66] /home/travis/build/icyphy/ptII/ptolemy/domains/de/test/auto/ThreadedComposite.xml (RunModel)" time="0.113" />
  <testcase classname="ptolemy.util.test.junit.AutoTests" name="[67] /home/travis/build/icyphy/ptII/ptolemy/domains/de/test/auto/Time.xml (RunModel)" time="0.431" />
  <testcase classname="ptolemy.util.test.junit.AutoTests" name="[68] /home/travis/build/icyphy/ptII/ptolemy/domains/de/test/auto/TimeDelayZeroDelay.xml (RunModel)" time="0.011" />
  <testcase classname="ptolemy.util.test.junit.AutoTests" name="[69] /home/travis/build/icyphy/ptII/ptolemy/domains/de/test/auto/TimerZeroDelay.xml (RunModel)" time="0.01" />
  <testcase classname="ptolemy.util.test.junit.AutoTests" name="[70] /home/travis/build/icyphy/ptII/ptolemy/domains/de/test/auto/TimingParadox.xml (RunModel)" time="0.367" />
  <testcase classname="ptolemy.util.test.junit.AutoTests" name="[71] /home/travis/build/icyphy/ptII/ptolemy/domains/de/test/auto/TransferInputs.xml (RunModel)" time="0.009" />
  <testcase classname="ptolemy.util.test.junit.AutoTests" name="[72] /home/travis/build/icyphy/ptII/ptolemy/domains/de/test/auto/TransferOutputs2.xml (RunModel)" time="0.015" />
  <testcase classname="ptolemy.util.test.junit.AutoTests" name="[73] /home/travis/build/icyphy/ptII/ptolemy/domains/de/test/auto/Trilateration.xml (RunModel)" time="12.25" />
  <testcase classname="ptolemy.util.test.junit.AutoTests" name="[74] /home/travis/build/icyphy/ptII/ptolemy/domains/de/test/auto/TwoSigmaDelta.xml (RunModel)" time="2.181" />
  <testcase classname="ptolemy.util.test.junit.AutoTests" name="[75] /home/travis/build/icyphy/ptII/ptolemy/domains/de/test/auto/VariableDelay.xml (RunModel)" time="0.015" />
  <testcase classname="ptolemy.util.test.junit.AutoTests" name="[76] /home/travis/build/icyphy/ptII/ptolemy/domains/de/test/auto/VariableDelay2.xml (RunModel)" time="0.014" />
  <testcase classname="ptolemy.util.test.junit.AutoTests" name="[77] /home/travis/build/icyphy/ptII/ptolemy/domains/de/test/auto/VariableDelayZeroDelay.xml (RunModel)" time="0.022" />
  <testcase classname="ptolemy.util.test.junit.AutoTests" name="[78] /home/travis/build/icyphy/ptII/ptolemy/domains/de/test/auto/VariableDelayZeroDelay2.xml (RunModel)" time="0.018" />
  <testcase classname="ptolemy.util.test.junit.AutoTests" name="[79] /home/travis/build/icyphy/ptII/ptolemy/domains/de/test/auto/deInCt.xml (RunModel)" time="0.015" />
  <testcase classname="ptolemy.util.test.junit.AutoTests" name="[80] /home/travis/build/icyphy/ptII/ptolemy/domains/de/test/auto/deInCt2.xml (RunModel)" time="0.015" />
  <testcase classname="ptolemy.util.test.junit.AutoTests" name="[81] /home/travis/build/icyphy/ptII/ptolemy/domains/de/test/auto/dynamicCausalityInterface1.xml (RunModel)" time="0.017" />
  <testcase classname="ptolemy.util.test.junit.AutoTests" name="[82] /home/travis/build/icyphy/ptII/ptolemy/domains/de/test/auto/fsm_de_test.xml (RunModel)" time="0.025" />
  <testcase classname="ptolemy.util.test.junit.AutoTests" name="[83] /home/travis/build/icyphy/ptII/ptolemy/domains/de/test/auto/functionDependencyReconstruction.xml (RunModel)" time="0.029" />
  <testcase classname="ptolemy.util.test.junit.AutoTests" name="[84] /home/travis/build/icyphy/ptII/ptolemy/domains/de/test/auto/multirate.xml (RunModel)" time="0.014" />
  <testcase classname="ptolemy.util.test.junit.AutoTests" name="[85] /home/travis/build/icyphy/ptII/ptolemy/domains/de/test/auto/multirate2.xml (RunModel)" time="0.014" />
  <testcase classname="ptolemy.util.test.junit.AutoTests" name="[86] /home/travis/build/icyphy/ptII/ptolemy/domains/de/test/auto/realtime.xml (RunModel)" time="10.009" />
  <testcase classname="ptolemy.util.test.junit.AutoTests" name="[87] /home/travis/build/icyphy/ptII/ptolemy/domains/de/test/auto/relationGroup.xml (RunModel)" time="0.019" />
  <testcase classname="ptolemy.util.test.junit.AutoTests" name="[88] /home/travis/build/icyphy/ptII/ptolemy/domains/de/test/auto/relationGroup2.xml (RunModel)" time="0.008" />
  <testcase classname="ptolemy.util.test.junit.AutoTests" name="[89] /home/travis/build/icyphy/ptII/ptolemy/domains/de/test/auto/sortWithOpaquePorts.xml (RunModel)" time="0.011" />
  <testcase classname="ptolemy.util.test.junit.AutoTests" name="[90] /home/travis/build/icyphy/ptII/ptolemy/domains/de/test/auto/transferInputsandOutputs.xml (RunModel)" time="0.044" />
  <testcase classname="ptolemy.util.test.junit.AutoTests" name="[91] /home/travis/build/icyphy/ptII/ptolemy/domains/de/test/auto/triggerType.xml (RunModel)" time="0.011" />
  <system-out><![CDATA[/home/travis/build/icyphy/ptII/ptolemy/domains/de/test/DependencyLoop.tcl
testDefs.tcl: setting time out to 9000 seconds at Sun Aug 04 05:15:09 UTC 2019
70 ms. Memory: 120832K Free: 72133K (60%)
25 ms. Memory: 120832K Free: 54719K (45%)
/home/travis/build/icyphy/ptII/ptolemy/domains/de/test/RunDETestsAsQSS.tcl
Run the DE tests using ptolemy.domains.qss.test.QSSDirectorTest, which extends QSSDirector and prints a message in the constructors.
------------------ testing $PTII/ptolemy/domains/de/test/auto/knownFailedTests/DirectFeedback.xml (Known Failure) 
54 ms. Memory: 120832K Free: 48581K (40%)


==== $PTIIhome/travis/build/icyphy/ptII/ptolemy/domains/de/test/../../../../: Auto Automatic test in file $PTII/ptolemy/domains/de/test/auto/knownFailedTests/DirectFeedback.xml
==== Contents of test case:

	    # FIXME: we should use $relativeFilename here, but it
	    # might have backslashes under Windows, which causes no end
	    # of trouble.
	    createAndExecute $file
	    list {}
	
.... Test generated KNOWN error:
    while executing
ptolemy.kernel.util.IllegalActionException: Test fails in iteration 1.
Value was: 1.0. Should have been: 2.0
  in .DirectFeedback.Test
	at ptolemy.actor.lib.Test.fire(Test.java:268)
	at ptolemy.domains.de.kernel.DEDirector._fire(DEDirector.java:1949)
	at ptolemy.domains.de.kernel.DEDirector.fire(DEDirector.java:502)
	at ptolemy.actor.CompositeActor.fire(CompositeActor.java:455)
	at ptolemy.actor.Manager.iterate(Manager.java:851)
	at ptolemy.actor.Manager.execute(Manager.java:369)
	at ptolemy.actor.Manager.run(Manager.java:1263)
	at ptolemy.actor.Manager$PtolemyRunThread.run(Manager.java:1933)

    while executing
ptolemy.kernel.util.IllegalActionException: Test fails in iteration 1.
Value was: 1.0. Should have been: 2.0
  in .DirectFeedback.Test
    while executing
"java::new ptolemy.moml.MoMLSimpleApplication $file
"
    (procedure "createAndExecute" line 2)
    invoked from within
"createAndExecute $file"
    ("uplevel" body line 5)
    invoked from within
"uplevel $contents_of_test"
------------------ testing $PTII/ptolemy/domains/de/test/auto/knownFailedTests/dependencyLoop.xml (Known Failure) 
37 ms. Memory: 120832K Free: 108205K (90%)


==== $PTIIhome/travis/build/icyphy/ptII/ptolemy/domains/de/test/../../../../: Auto Automatic test in file $PTII/ptolemy/domains/de/test/auto/knownFailedTests/dependencyLoop.xml
==== Contents of test case:

	    # FIXME: we should use $relativeFilename here, but it
	    # might have backslashes under Windows, which causes no end
	    # of trouble.
	    createAndExecute $file
	    list {}
	
.... Test generated KNOWN error:
    while executing
ptolemy.kernel.util.IllegalActionException: Found a zero delay loop containing .dependencyLoop.original
  in .dependencyLoop and .dependencyLoop.original
	at ptolemy.actor.util.CausalityInterfaceForComposites._computeOutputPortDepth(CausalityInterfaceForComposites.java:759)
	at ptolemy.actor.util.CausalityInterfaceForComposites._computeInputDepth(CausalityInterfaceForComposites.java:696)
	at ptolemy.actor.util.CausalityInterfaceForComposites._computeOutputPortDepth(CausalityInterfaceForComposites.java:765)
	at ptolemy.actor.util.CausalityInterfaceForComposites._computeInputDepth(CausalityInterfaceForComposites.java:696)
	at ptolemy.actor.util.CausalityInterfaceForComposites._computeOutputPortDepth(CausalityInterfaceForComposites.java:765)
	at ptolemy.actor.util.CausalityInterfaceForComposites._computeInputDepth(CausalityInterfaceForComposites.java:696)
	at ptolemy.actor.util.CausalityInterfaceForComposites._computeActorDepth(CausalityInterfaceForComposites.java:532)
	at ptolemy.actor.util.CausalityInterfaceForComposites.checkForCycles(CausalityInterfaceForComposites.java:96)
	at ptolemy.domains.de.kernel.DEDirector.preinitialize(DEDirector.java:1338)
	at ptolemy.actor.CompositeActor.preinitialize(CompositeActor.java:1828)
	at ptolemy.actor.Manager.preinitializeAndResolveTypes(Manager.java:1040)
	at ptolemy.actor.Manager.initialize(Manager.java:710)
	at ptolemy.actor.Manager.execute(Manager.java:356)
	at ptolemy.actor.Manager.run(Manager.java:1263)
	at ptolemy.actor.Manager$PtolemyRunThread.run(Manager.java:1933)

    while executing
ptolemy.kernel.util.IllegalActionException: Found a zero delay loop containing .dependencyLoop.original
  in .dependencyLoop and .dependencyLoop.original
    while executing
"java::new ptolemy.moml.MoMLSimpleApplication $file
"
    (procedure "createAndExecute" line 2)
    invoked from within
"createAndExecute $file"
    ("uplevel" body line 5)
    invoked from within
"uplevel $contents_of_test"
------------------ testing $PTII/ptolemy/domains/de/test/auto/knownFailedTests/FSMSource.xml (Known Failure) 
74 ms. Memory: 120832K Free: 99064K (82%)
!!!! Auto was marked as failing, but now passes
------------------ testing $PTII/ptolemy/domains/de/test/auto/knownFailedTests/HierarchicalModel.xml (Known Failure) 
14 ms. Memory: 120832K Free: 81633K (68%)


==== $PTIIhome/travis/build/icyphy/ptII/ptolemy/domains/de/test/../../../../: Auto Automatic test in file $PTII/ptolemy/domains/de/test/auto/knownFailedTests/HierarchicalModel.xml
==== Contents of test case:

	    # FIXME: we should use $relativeFilename here, but it
	    # might have backslashes under Windows, which causes no end
	    # of trouble.
	    createAndExecute $file
	    list {}
	
.... Test generated KNOWN error:
    while executing
ptolemy.kernel.util.IllegalActionException: Found a zero delay loop containing .HierarchicalModel.A
  in .HierarchicalModel and .HierarchicalModel.A
	at ptolemy.actor.util.CausalityInterfaceForComposites._computeOutputPortDepth(CausalityInterfaceForComposites.java:759)
	at ptolemy.actor.util.CausalityInterfaceForComposites._computeInputDepth(CausalityInterfaceForComposites.java:696)
	at ptolemy.actor.util.CausalityInterfaceForComposites._computeOutputPortDepth(CausalityInterfaceForComposites.java:765)
	at ptolemy.actor.util.CausalityInterfaceForComposites._computeInputDepth(CausalityInterfaceForComposites.java:696)
	at ptolemy.actor.util.CausalityInterfaceForComposites._computeOutputPortDepth(CausalityInterfaceForComposites.java:765)
	at ptolemy.actor.util.CausalityInterfaceForComposites._computeInputDepth(CausalityInterfaceForComposites.java:696)
	at ptolemy.actor.util.CausalityInterfaceForComposites._computeActorDepth(CausalityInterfaceForComposites.java:532)
	at ptolemy.actor.util.CausalityInterfaceForComposites.checkForCycles(CausalityInterfaceForComposites.java:96)
	at ptolemy.domains.de.kernel.DEDirector.preinitialize(DEDirector.java:1338)
	at ptolemy.actor.CompositeActor.preinitialize(CompositeActor.java:1828)
	at ptolemy.actor.Manager.preinitializeAndResolveTypes(Manager.java:1040)
	at ptolemy.actor.Manager.initialize(Manager.java:710)
	at ptolemy.actor.Manager.execute(Manager.java:356)
	at ptolemy.actor.Manager.run(Manager.java:1263)
	at ptolemy.actor.Manager$PtolemyRunThread.run(Manager.java:1933)

    while executing
ptolemy.kernel.util.IllegalActionException: Found a zero delay loop containing .HierarchicalModel.A
  in .HierarchicalModel and .HierarchicalModel.A
    while executing
"java::new ptolemy.moml.MoMLSimpleApplication $file
"
    (procedure "createAndExecute" line 2)
    invoked from within
"createAndExecute $file"
    ("uplevel" body line 5)
    invoked from within
"uplevel $contents_of_test"
------------------ testing $PTII/ptolemy/domains/de/test/auto/knownFailedTests/dependencyLoop2.xml (Known Failure) 
23 ms. Memory: 120832K Free: 105880K (88%)


==== $PTIIhome/travis/build/icyphy/ptII/ptolemy/domains/de/test/../../../../: Auto Automatic test in file $PTII/ptolemy/domains/de/test/auto/knownFailedTests/dependencyLoop2.xml
==== Contents of test case:

	    # FIXME: we should use $relativeFilename here, but it
	    # might have backslashes under Windows, which causes no end
	    # of trouble.
	    createAndExecute $file
	    list {}
	
.... Test generated KNOWN error:
    while executing
ptolemy.kernel.util.IllegalActionException: Found a zero delay loop containing .dependencyLoop2.original
  in .dependencyLoop2 and .dependencyLoop2.original
	at ptolemy.actor.util.CausalityInterfaceForComposites._computeOutputPortDepth(CausalityInterfaceForComposites.java:759)
	at ptolemy.actor.util.CausalityInterfaceForComposites._computeInputDepth(CausalityInterfaceForComposites.java:696)
	at ptolemy.actor.util.CausalityInterfaceForComposites._computeOutputPortDepth(CausalityInterfaceForComposites.java:765)
	at ptolemy.actor.util.CausalityInterfaceForComposites._computeInputDepth(CausalityInterfaceForComposites.java:696)
	at ptolemy.actor.util.CausalityInterfaceForComposites._computeOutputPortDepth(CausalityInterfaceForComposites.java:765)
	at ptolemy.actor.util.CausalityInterfaceForComposites._computeInputDepth(CausalityInterfaceForComposites.java:696)
	at ptolemy.actor.util.CausalityInterfaceForComposites._computeActorDepth(CausalityInterfaceForComposites.java:532)
	at ptolemy.actor.util.CausalityInterfaceForComposites.checkForCycles(CausalityInterfaceForComposites.java:96)
	at ptolemy.domains.de.kernel.DEDirector.preinitialize(DEDirector.java:1338)
	at ptolemy.actor.CompositeActor.preinitialize(CompositeActor.java:1828)
	at ptolemy.actor.Manager.preinitializeAndResolveTypes(Manager.java:1040)
	at ptolemy.actor.Manager.initialize(Manager.java:710)
	at ptolemy.actor.Manager.execute(Manager.java:356)
	at ptolemy.actor.Manager.run(Manager.java:1263)
	at ptolemy.actor.Manager$PtolemyRunThread.run(Manager.java:1933)

    while executing
ptolemy.kernel.util.IllegalActionException: Found a zero delay loop containing .dependencyLoop2.original
  in .dependencyLoop2 and .dependencyLoop2.original
    while executing
"java::new ptolemy.moml.MoMLSimpleApplication $file
"
    (procedure "createAndExecute" line 2)
    invoked from within
"createAndExecute $file"
    ("uplevel" body line 5)
    invoked from within
"uplevel $contents_of_test"
------------------ testing $PTII/ptolemy/domains/de/test/auto/knownFailedTests/DESDFClockTest.xml (Known Failure) 
2063 ms. Memory: 120832K Free: 92947K (77%)


==== $PTIIhome/travis/build/icyphy/ptII/ptolemy/domains/de/test/../../../../: Auto Automatic test in file $PTII/ptolemy/domains/de/test/auto/knownFailedTests/DESDFClockTest.xml
==== Contents of test case:

	    # FIXME: we should use $relativeFilename here, but it
	    # might have backslashes under Windows, which causes no end
	    # of trouble.
	    createAndExecute $file
	    list {}
	
.... Test generated KNOWN error:
    while executing
ptolemy.kernel.util.IllegalActionException: Actor is not ready to fire.  Perhaps UpSample.prefire() returned false? Try debugging the actor by selecting "Listen to Actor".  Also, for SDF check moml for tokenConsumptionRate on input.
  in .DESDFClockTest.Play Bell.Copy1:SDF Director and .DESDFClockTest.Play Bell.UpSample
	at ptolemy.actor.sched.StaticSchedulingDirector.fire(StaticSchedulingDirector.java:227)
	at ptolemy.domains.sdf.kernel.SDFDirector.fire(SDFDirector.java:500)
	at ptolemy.actor.CompositeActor.fire(CompositeActor.java:455)
	at ptolemy.domains.de.kernel.DEDirector._fire(DEDirector.java:1949)
	at ptolemy.domains.de.kernel.DEDirector.fire(DEDirector.java:502)
	at ptolemy.actor.CompositeActor.fire(CompositeActor.java:455)
	at ptolemy.actor.Manager.iterate(Manager.java:851)
	at ptolemy.actor.Manager.execute(Manager.java:369)
	at ptolemy.actor.Manager.run(Manager.java:1263)
	at ptolemy.actor.Manager$PtolemyRunThread.run(Manager.java:1933)

    while executing
ptolemy.kernel.util.IllegalActionException: Actor is not ready to fire.  Perhaps UpSample.prefire() returned false? Try debugging the actor by selecting "Listen to Actor".  Also, for SDF check moml for tokenConsumptionRate on input.
  in .DESDFClockTest.Play Bell.Copy1:SDF Director and .DESDFClockTest.Play Bell.UpSample
    while executing
"java::new ptolemy.moml.MoMLSimpleApplication $file
"
    (procedure "createAndExecute" line 2)
    invoked from within
"createAndExecute $file"
    ("uplevel" body line 5)
    invoked from within
"uplevel $contents_of_test"
------------------ testing $PTII/ptolemy/domains/de/test/auto/ActorDepthCalculation_actorWithoutPorts.xml
auto.tcl: Setting watchdog for 200 seconds at Sun Aug 04 05:15:13 UTC 2019
4 ms. Memory: 120832K Free: 85370K (71%)
ptolemy.util.test.WatchDog.cancel(): canceling Sun Aug 04 05:15:13 UTC 2019
auto.tcl: Setting watchdog for 200 seconds at Sun Aug 04 05:15:13 UTC 2019
4 ms. Memory: 120832K Free: 84227K (70%)
ptolemy.util.test.WatchDog.cancel(): canceling Sun Aug 04 05:15:13 UTC 2019
------------------ testing $PTII/ptolemy/domains/de/test/auto/AssemblyLine.xml
auto.tcl: Setting watchdog for 200 seconds at Sun Aug 04 05:15:13 UTC 2019
17 ms. Memory: 48128K Free: 26006K (54%)
ptolemy.util.test.WatchDog.cancel(): canceling Sun Aug 04 05:15:13 UTC 2019
auto.tcl: Setting watchdog for 200 seconds at Sun Aug 04 05:15:13 UTC 2019
9 ms. Memory: 48128K Free: 25312K (53%)
ptolemy.util.test.WatchDog.cancel(): canceling Sun Aug 04 05:15:14 UTC 2019
------------------ testing $PTII/ptolemy/domains/de/test/auto/CQBug1.xml
auto.tcl: Setting watchdog for 200 seconds at Sun Aug 04 05:15:14 UTC 2019
3 ms. Memory: 48128K Free: 31455K (65%)
ptolemy.util.test.WatchDog.cancel(): canceling Sun Aug 04 05:15:14 UTC 2019
auto.tcl: Setting watchdog for 200 seconds at Sun Aug 04 05:15:14 UTC 2019
3 ms. Memory: 48128K Free: 31021K (64%)
ptolemy.util.test.WatchDog.cancel(): canceling Sun Aug 04 05:15:14 UTC 2019
------------------ testing $PTII/ptolemy/domains/de/test/auto/CancelFireAt.xml
auto.tcl: Setting watchdog for 200 seconds at Sun Aug 04 05:15:14 UTC 2019
3 ms. Memory: 48128K Free: 32745K (68%)
ptolemy.util.test.WatchDog.cancel(): canceling Sun Aug 04 05:15:14 UTC 2019
auto.tcl: Setting watchdog for 200 seconds at Sun Aug 04 05:15:14 UTC 2019
2 ms. Memory: 48128K Free: 32304K (67%)
ptolemy.util.test.WatchDog.cancel(): canceling Sun Aug 04 05:15:14 UTC 2019
------------------ testing $PTII/ptolemy/domains/de/test/auto/CausalityAndComposabilityAnalysis.xml
auto.tcl: Setting watchdog for 200 seconds at Sun Aug 04 05:15:14 UTC 2019
12 ms. Memory: 48128K Free: 30483K (63%)
ptolemy.util.test.WatchDog.cancel(): canceling Sun Aug 04 05:15:14 UTC 2019
auto.tcl: Setting watchdog for 200 seconds at Sun Aug 04 05:15:14 UTC 2019
5 ms. Memory: 48128K Free: 30049K (62%)
ptolemy.util.test.WatchDog.cancel(): canceling Sun Aug 04 05:15:14 UTC 2019
------------------ testing $PTII/ptolemy/domains/de/test/auto/CausalityInterface1.xml
auto.tcl: Setting watchdog for 200 seconds at Sun Aug 04 05:15:14 UTC 2019
14 ms. Memory: 48128K Free: 29412K (61%)
ptolemy.util.test.WatchDog.cancel(): canceling Sun Aug 04 05:15:14 UTC 2019
auto.tcl: Setting watchdog for 200 seconds at Sun Aug 04 05:15:14 UTC 2019
4 ms. Memory: 48128K Free: 28432K (59%)
ptolemy.util.test.WatchDog.cancel(): canceling Sun Aug 04 05:15:14 UTC 2019
------------------ testing $PTII/ptolemy/domains/de/test/auto/CausalityInterface15.xml
auto.tcl: Setting watchdog for 200 seconds at Sun Aug 04 05:15:14 UTC 2019
7 ms. Memory: 48128K Free: 29340K (61%)
ptolemy.util.test.WatchDog.cancel(): canceling Sun Aug 04 05:15:14 UTC 2019
auto.tcl: Setting watchdog for 200 seconds at Sun Aug 04 05:15:14 UTC 2019
5 ms. Memory: 48128K Free: 28358K (59%)
ptolemy.util.test.WatchDog.cancel(): canceling Sun Aug 04 05:15:14 UTC 2019
------------------ testing $PTII/ptolemy/domains/de/test/auto/CausalityInterface2.xml
auto.tcl: Setting watchdog for 200 seconds at Sun Aug 04 05:15:14 UTC 2019
6 ms. Memory: 48128K Free: 30118K (63%)
ptolemy.util.test.WatchDog.cancel(): canceling Sun Aug 04 05:15:14 UTC 2019
auto.tcl: Setting watchdog for 200 seconds at Sun Aug 04 05:15:14 UTC 2019
6 ms. Memory: 48128K Free: 28973K (60%)
ptolemy.util.test.WatchDog.cancel(): canceling Sun Aug 04 05:15:14 UTC 2019
------------------ testing $PTII/ptolemy/domains/de/test/auto/CausalityInterface3.xml
auto.tcl: Setting watchdog for 200 seconds at Sun Aug 04 05:15:14 UTC 2019
8 ms. Memory: 48128K Free: 29615K (62%)
ptolemy.util.test.WatchDog.cancel(): canceling Sun Aug 04 05:15:14 UTC 2019
auto.tcl: Setting watchdog for 200 seconds at Sun Aug 04 05:15:14 UTC 2019
3 ms. Memory: 48128K Free: 28829K (60%)
ptolemy.util.test.WatchDog.cancel(): canceling Sun Aug 04 05:15:14 UTC 2019
------------------ testing $PTII/ptolemy/domains/de/test/auto/ClockDrift.xml
auto.tcl: Setting watchdog for 200 seconds at Sun Aug 04 05:15:14 UTC 2019
104 ms. Memory: 48128K Free: 22178K (46%)
ptolemy.util.test.WatchDog.cancel(): canceling Sun Aug 04 05:15:14 UTC 2019
auto.tcl: Setting watchdog for 200 seconds at Sun Aug 04 05:15:14 UTC 2019
44 ms. Memory: 48128K Free: 19164K (40%)
ptolemy.util.test.WatchDog.cancel(): canceling Sun Aug 04 05:15:14 UTC 2019
------------------ testing $PTII/ptolemy/domains/de/test/auto/ClockDriftAndValueChange.xml
auto.tcl: Setting watchdog for 200 seconds at Sun Aug 04 05:15:14 UTC 2019
54 ms. Memory: 48128K Free: 22276K (46%)
ptolemy.util.test.WatchDog.cancel(): canceling Sun Aug 04 05:15:15 UTC 2019
auto.tcl: Setting watchdog for 200 seconds at Sun Aug 04 05:15:15 UTC 2019
31 ms. Memory: 48128K Free: 19442K (40%)
ptolemy.util.test.WatchDog.cancel(): canceling Sun Aug 04 05:15:15 UTC 2019
------------------ testing $PTII/ptolemy/domains/de/test/auto/ClockDriftChange.xml
auto.tcl: Setting watchdog for 200 seconds at Sun Aug 04 05:15:15 UTC 2019
30 ms. Memory: 48128K Free: 24326K (51%)
ptolemy.util.test.WatchDog.cancel(): canceling Sun Aug 04 05:15:15 UTC 2019
auto.tcl: Setting watchdog for 200 seconds at Sun Aug 04 05:15:15 UTC 2019
22 ms. Memory: 48128K Free: 21747K (45%)
ptolemy.util.test.WatchDog.cancel(): canceling Sun Aug 04 05:15:15 UTC 2019
------------------ testing $PTII/ptolemy/domains/de/test/auto/ComposableCausalityAnalysis.xml
auto.tcl: Setting watchdog for 200 seconds at Sun Aug 04 05:15:15 UTC 2019
2 ms. Memory: 48128K Free: 28902K (60%)
ptolemy.util.test.WatchDog.cancel(): canceling Sun Aug 04 05:15:15 UTC 2019
auto.tcl: Setting watchdog for 200 seconds at Sun Aug 04 05:15:15 UTC 2019
5 ms. Memory: 48128K Free: 27840K (58%)
ptolemy.util.test.WatchDog.cancel(): canceling Sun Aug 04 05:15:15 UTC 2019
------------------ testing $PTII/ptolemy/domains/de/test/auto/DEFixedPointLimitation.xml
auto.tcl: Setting watchdog for 200 seconds at Sun Aug 04 05:15:15 UTC 2019
2 ms. Memory: 48128K Free: 30290K (63%)
ptolemy.util.test.WatchDog.cancel(): canceling Sun Aug 04 05:15:15 UTC 2019
auto.tcl: Setting watchdog for 200 seconds at Sun Aug 04 05:15:15 UTC 2019
2 ms. Memory: 48128K Free: 29397K (61%)
ptolemy.util.test.WatchDog.cancel(): canceling Sun Aug 04 05:15:15 UTC 2019
------------------ testing $PTII/ptolemy/domains/de/test/auto/DEScheduleTest.xml
auto.tcl: Setting watchdog for 200 seconds at Sun Aug 04 05:15:15 UTC 2019
11 ms. Memory: 48128K Free: 30612K (64%)
ptolemy.util.test.WatchDog.cancel(): canceling Sun Aug 04 05:15:15 UTC 2019
auto.tcl: Setting watchdog for 200 seconds at Sun Aug 04 05:15:15 UTC 2019
3 ms. Memory: 48128K Free: 29836K (62%)
ptolemy.util.test.WatchDog.cancel(): canceling Sun Aug 04 05:15:15 UTC 2019
------------------ testing $PTII/ptolemy/domains/de/test/auto/DEinDEwithStartTimes.xml
auto.tcl: Setting watchdog for 200 seconds at Sun Aug 04 05:15:15 UTC 2019
6 ms. Memory: 48128K Free: 28762K (60%)
ptolemy.util.test.WatchDog.cancel(): canceling Sun Aug 04 05:15:15 UTC 2019
auto.tcl: Setting watchdog for 200 seconds at Sun Aug 04 05:15:15 UTC 2019
6 ms. Memory: 48128K Free: 27738K (58%)
ptolemy.util.test.WatchDog.cancel(): canceling Sun Aug 04 05:15:15 UTC 2019
------------------ testing $PTII/ptolemy/domains/de/test/auto/DEinDEwithStartTimes2.xml
auto.tcl: Setting watchdog for 200 seconds at Sun Aug 04 05:15:15 UTC 2019
4 ms. Memory: 48128K Free: 27945K (58%)
ptolemy.util.test.WatchDog.cancel(): canceling Sun Aug 04 05:15:15 UTC 2019
auto.tcl: Setting watchdog for 200 seconds at Sun Aug 04 05:15:15 UTC 2019
4 ms. Memory: 48128K Free: 26692K (55%)
ptolemy.util.test.WatchDog.cancel(): canceling Sun Aug 04 05:15:15 UTC 2019
------------------ testing $PTII/ptolemy/domains/de/test/auto/DateDemo.xml
auto.tcl: Setting watchdog for 200 seconds at Sun Aug 04 05:15:15 UTC 2019
16 ms. Memory: 48128K Free: 22324K (46%)
ptolemy.util.test.WatchDog.cancel(): canceling Sun Aug 04 05:15:15 UTC 2019
auto.tcl: Setting watchdog for 200 seconds at Sun Aug 04 05:15:15 UTC 2019
7 ms. Memory: 48128K Free: 20698K (43%)
ptolemy.util.test.WatchDog.cancel(): canceling Sun Aug 04 05:15:15 UTC 2019
------------------ testing $PTII/ptolemy/domains/de/test/auto/DateToEvent.xml
auto.tcl: Setting watchdog for 200 seconds at Sun Aug 04 05:15:15 UTC 2019
2020 ms. Memory: 48128K Free: 18256K (38%)
ptolemy.util.test.WatchDog.cancel(): canceling Sun Aug 04 05:15:17 UTC 2019
auto.tcl: Setting watchdog for 200 seconds at Sun Aug 04 05:15:17 UTC 2019
2006 ms. Memory: 48128K Free: 17484K (36%)
ptolemy.util.test.WatchDog.cancel(): canceling Sun Aug 04 05:15:19 UTC 2019
------------------ testing $PTII/ptolemy/domains/de/test/auto/DepthTest1.xml
auto.tcl: Setting watchdog for 200 seconds at Sun Aug 04 05:15:20 UTC 2019
4 ms. Memory: 48128K Free: 31403K (65%)
ptolemy.util.test.WatchDog.cancel(): canceling Sun Aug 04 05:15:20 UTC 2019
auto.tcl: Setting watchdog for 200 seconds at Sun Aug 04 05:15:20 UTC 2019
2 ms. Memory: 48128K Free: 30960K (64%)
ptolemy.util.test.WatchDog.cancel(): canceling Sun Aug 04 05:15:20 UTC 2019
------------------ testing $PTII/ptolemy/domains/de/test/auto/DepthTest2.xml
auto.tcl: Setting watchdog for 200 seconds at Sun Aug 04 05:15:20 UTC 2019
5 ms. Memory: 48128K Free: 28236K (59%)
ptolemy.util.test.WatchDog.cancel(): canceling Sun Aug 04 05:15:20 UTC 2019
auto.tcl: Setting watchdog for 200 seconds at Sun Aug 04 05:15:20 UTC 2019
2 ms. Memory: 48128K Free: 27803K (58%)
ptolemy.util.test.WatchDog.cancel(): canceling Sun Aug 04 05:15:20 UTC 2019
------------------ testing $PTII/ptolemy/domains/de/test/auto/DepthTest3.xml
auto.tcl: Setting watchdog for 200 seconds at Sun Aug 04 05:15:20 UTC 2019
2 ms. Memory: 48128K Free: 31733K (66%)
ptolemy.util.test.WatchDog.cancel(): canceling Sun Aug 04 05:15:20 UTC 2019
auto.tcl: Setting watchdog for 200 seconds at Sun Aug 04 05:15:20 UTC 2019
1 ms. Memory: 48128K Free: 31302K (65%)
ptolemy.util.test.WatchDog.cancel(): canceling Sun Aug 04 05:15:20 UTC 2019
------------------ testing $PTII/ptolemy/domains/de/test/auto/DepthTest4.xml
auto.tcl: Setting watchdog for 200 seconds at Sun Aug 04 05:15:20 UTC 2019
6 ms. Memory: 48128K Free: 30012K (62%)
ptolemy.util.test.WatchDog.cancel(): canceling Sun Aug 04 05:15:20 UTC 2019
auto.tcl: Setting watchdog for 200 seconds at Sun Aug 04 05:15:20 UTC 2019
2 ms. Memory: 48128K Free: 29335K (61%)
ptolemy.util.test.WatchDog.cancel(): canceling Sun Aug 04 05:15:20 UTC 2019
------------------ testing $PTII/ptolemy/domains/de/test/auto/DepthTest5.xml
auto.tcl: Setting watchdog for 200 seconds at Sun Aug 04 05:15:20 UTC 2019
3 ms. Memory: 48128K Free: 29466K (61%)
ptolemy.util.test.WatchDog.cancel(): canceling Sun Aug 04 05:15:20 UTC 2019
auto.tcl: Setting watchdog for 200 seconds at Sun Aug 04 05:15:20 UTC 2019
2 ms. Memory: 48128K Free: 28694K (60%)
ptolemy.util.test.WatchDog.cancel(): canceling Sun Aug 04 05:15:20 UTC 2019
------------------ testing $PTII/ptolemy/domains/de/test/auto/DepthTest6.xml
auto.tcl: Setting watchdog for 200 seconds at Sun Aug 04 05:15:20 UTC 2019
3 ms. Memory: 48128K Free: 28956K (60%)
ptolemy.util.test.WatchDog.cancel(): canceling Sun Aug 04 05:15:20 UTC 2019
auto.tcl: Setting watchdog for 200 seconds at Sun Aug 04 05:15:20 UTC 2019
2 ms. Memory: 48128K Free: 28253K (59%)
ptolemy.util.test.WatchDog.cancel(): canceling Sun Aug 04 05:15:20 UTC 2019
------------------ testing $PTII/ptolemy/domains/de/test/auto/DepthTest7.xml
auto.tcl: Setting watchdog for 200 seconds at Sun Aug 04 05:15:20 UTC 2019
3 ms. Memory: 48128K Free: 29929K (62%)
ptolemy.util.test.WatchDog.cancel(): canceling Sun Aug 04 05:15:20 UTC 2019
auto.tcl: Setting watchdog for 200 seconds at Sun Aug 04 05:15:20 UTC 2019
2 ms. Memory: 48128K Free: 29236K (61%)
ptolemy.util.test.WatchDog.cancel(): canceling Sun Aug 04 05:15:20 UTC 2019
------------------ testing $PTII/ptolemy/domains/de/test/auto/EventToDate.xml
auto.tcl: Setting watchdog for 200 seconds at Sun Aug 04 05:15:20 UTC 2019
3005 ms. Memory: 48128K Free: 20711K (43%)
ptolemy.util.test.WatchDog.cancel(): canceling Sun Aug 04 05:15:23 UTC 2019
auto.tcl: Setting watchdog for 200 seconds at Sun Aug 04 05:15:23 UTC 2019
3005 ms. Memory: 48128K Free: 20078K (42%)
ptolemy.util.test.WatchDog.cancel(): canceling Sun Aug 04 05:15:26 UTC 2019
------------------ testing $PTII/ptolemy/domains/de/test/auto/FSM1.xml
auto.tcl: Setting watchdog for 200 seconds at Sun Aug 04 05:15:26 UTC 2019
32 ms. Memory: 48128K Free: 21999K (46%)
ptolemy.util.test.WatchDog.cancel(): canceling Sun Aug 04 05:15:26 UTC 2019
auto.tcl: Setting watchdog for 200 seconds at Sun Aug 04 05:15:26 UTC 2019
13 ms. Memory: 48128K Free: 18755K (39%)
ptolemy.util.test.WatchDog.cancel(): canceling Sun Aug 04 05:15:26 UTC 2019
------------------ testing $PTII/ptolemy/domains/de/test/auto/FSM7.xml
auto.tcl: Setting watchdog for 200 seconds at Sun Aug 04 05:15:26 UTC 2019
26 ms. Memory: 48128K Free: 21683K (45%)
ptolemy.util.test.WatchDog.cancel(): canceling Sun Aug 04 05:15:26 UTC 2019
auto.tcl: Setting watchdog for 200 seconds at Sun Aug 04 05:15:26 UTC 2019
27 ms. Memory: 48128K Free: 18551K (39%)
ptolemy.util.test.WatchDog.cancel(): canceling Sun Aug 04 05:15:26 UTC 2019
------------------ testing $PTII/ptolemy/domains/de/test/auto/Inspection.xml
auto.tcl: Setting watchdog for 200 seconds at Sun Aug 04 05:15:26 UTC 2019
42 ms. Memory: 48128K Free: 21716K (45%)
ptolemy.util.test.WatchDog.cancel(): canceling Sun Aug 04 05:15:27 UTC 2019
auto.tcl: Setting watchdog for 200 seconds at Sun Aug 04 05:15:27 UTC 2019
31 ms. Memory: 48128K Free: 19992K (42%)
ptolemy.util.test.WatchDog.cancel(): canceling Sun Aug 04 05:15:27 UTC 2019
------------------ testing $PTII/ptolemy/domains/de/test/auto/Iteration.xml
auto.tcl: Setting watchdog for 200 seconds at Sun Aug 04 05:15:27 UTC 2019
9 ms. Memory: 48128K Free: 27460K (57%)
ptolemy.util.test.WatchDog.cancel(): canceling Sun Aug 04 05:15:27 UTC 2019
auto.tcl: Setting watchdog for 200 seconds at Sun Aug 04 05:15:27 UTC 2019
6 ms. Memory: 48128K Free: 26051K (54%)
ptolemy.util.test.WatchDog.cancel(): canceling Sun Aug 04 05:15:27 UTC 2019
------------------ testing $PTII/ptolemy/domains/de/test/auto/LineFault.xml
auto.tcl: Setting watchdog for 200 seconds at Sun Aug 04 05:15:27 UTC 2019
730 ms. Memory: 58368K Free: 17529K (30%)
ptolemy.util.test.WatchDog.cancel(): canceling Sun Aug 04 05:15:28 UTC 2019
auto.tcl: Setting watchdog for 200 seconds at Sun Aug 04 05:15:28 UTC 2019
641 ms. Memory: 58368K Free: 42240K (72%)
ptolemy.util.test.WatchDog.cancel(): canceling Sun Aug 04 05:15:28 UTC 2019
------------------ testing $PTII/ptolemy/domains/de/test/auto/MergeModel1Add.xml
auto.tcl: Setting watchdog for 200 seconds at Sun Aug 04 05:15:28 UTC 2019
34 ms. Memory: 55296K Free: 20592K (37%)
ptolemy.util.test.WatchDog.cancel(): canceling Sun Aug 04 05:15:29 UTC 2019
auto.tcl: Setting watchdog for 200 seconds at Sun Aug 04 05:15:29 UTC 2019
11 ms. Memory: 55296K Free: 18961K (34%)
ptolemy.util.test.WatchDog.cancel(): canceling Sun Aug 04 05:15:29 UTC 2019
------------------ testing $PTII/ptolemy/domains/de/test/auto/MergeModel2Add.xml
auto.tcl: Setting watchdog for 200 seconds at Sun Aug 04 05:15:29 UTC 2019
11 ms. Memory: 51200K Free: 18277K (36%)
ptolemy.util.test.WatchDog.cancel(): canceling Sun Aug 04 05:15:29 UTC 2019
auto.tcl: Setting watchdog for 200 seconds at Sun Aug 04 05:15:29 UTC 2019
5 ms. Memory: 51200K Free: 16597K (32%)
ptolemy.util.test.WatchDog.cancel(): canceling Sun Aug 04 05:15:29 UTC 2019
------------------ testing $PTII/ptolemy/domains/de/test/auto/MergeModel3Add.xml
auto.tcl: Setting watchdog for 200 seconds at Sun Aug 04 05:15:29 UTC 2019
7 ms. Memory: 51200K Free: 18554K (36%)
ptolemy.util.test.WatchDog.cancel(): canceling Sun Aug 04 05:15:29 UTC 2019
auto.tcl: Setting watchdog for 200 seconds at Sun Aug 04 05:15:29 UTC 2019
7 ms. Memory: 51200K Free: 17133K (33%)
ptolemy.util.test.WatchDog.cancel(): canceling Sun Aug 04 05:15:29 UTC 2019
------------------ testing $PTII/ptolemy/domains/de/test/auto/MergeWithoutDiscard.xml
auto.tcl: Setting watchdog for 200 seconds at Sun Aug 04 05:15:29 UTC 2019
3 ms. Memory: 51200K Free: 33437K (65%)
ptolemy.util.test.WatchDog.cancel(): canceling Sun Aug 04 05:15:29 UTC 2019
auto.tcl: Setting watchdog for 200 seconds at Sun Aug 04 05:15:29 UTC 2019
1 ms. Memory: 51200K Free: 32514K (64%)
ptolemy.util.test.WatchDog.cancel(): canceling Sun Aug 04 05:15:29 UTC 2019
------------------ testing $PTII/ptolemy/domains/de/test/auto/Modal1.xml
auto.tcl: Setting watchdog for 200 seconds at Sun Aug 04 05:15:29 UTC 2019
16 ms. Memory: 48128K Free: 21968K (46%)
ptolemy.util.test.WatchDog.cancel(): canceling Sun Aug 04 05:15:29 UTC 2019
auto.tcl: Setting watchdog for 200 seconds at Sun Aug 04 05:15:29 UTC 2019
19 ms. Memory: 48128K Free: 18525K (38%)
ptolemy.util.test.WatchDog.cancel(): canceling Sun Aug 04 05:15:29 UTC 2019
------------------ testing $PTII/ptolemy/domains/de/test/auto/Modal2.xml
auto.tcl: Setting watchdog for 200 seconds at Sun Aug 04 05:15:29 UTC 2019
17 ms. Memory: 48128K Free: 22101K (46%)
ptolemy.util.test.WatchDog.cancel(): canceling Sun Aug 04 05:15:29 UTC 2019
auto.tcl: Setting watchdog for 200 seconds at Sun Aug 04 05:15:29 UTC 2019
20 ms. Memory: 48128K Free: 18863K (39%)
ptolemy.util.test.WatchDog.cancel(): canceling Sun Aug 04 05:15:29 UTC 2019
------------------ testing $PTII/ptolemy/domains/de/test/auto/Modal3.xml
auto.tcl: Setting watchdog for 200 seconds at Sun Aug 04 05:15:29 UTC 2019
17 ms. Memory: 48128K Free: 21619K (45%)
ptolemy.util.test.WatchDog.cancel(): canceling Sun Aug 04 05:15:29 UTC 2019
auto.tcl: Setting watchdog for 200 seconds at Sun Aug 04 05:15:29 UTC 2019
20 ms. Memory: 48128K Free: 18458K (38%)
ptolemy.util.test.WatchDog.cancel(): canceling Sun Aug 04 05:15:29 UTC 2019
------------------ testing $PTII/ptolemy/domains/de/test/auto/Modal4.xml
auto.tcl: Setting watchdog for 200 seconds at Sun Aug 04 05:15:29 UTC 2019
24 ms. Memory: 48128K Free: 21083K (44%)
ptolemy.util.test.WatchDog.cancel(): canceling Sun Aug 04 05:15:29 UTC 2019
auto.tcl: Setting watchdog for 200 seconds at Sun Aug 04 05:15:29 UTC 2019
18 ms. Memory: 48128K Free: 17235K (36%)
ptolemy.util.test.WatchDog.cancel(): canceling Sun Aug 04 05:15:29 UTC 2019
------------------ testing $PTII/ptolemy/domains/de/test/auto/Modal5.xml
auto.tcl: Setting watchdog for 200 seconds at Sun Aug 04 05:15:29 UTC 2019
13 ms. Memory: 48128K Free: 21046K (44%)
ptolemy.util.test.WatchDog.cancel(): canceling Sun Aug 04 05:15:29 UTC 2019
auto.tcl: Setting watchdog for 200 seconds at Sun Aug 04 05:15:29 UTC 2019
14 ms. Memory: 48128K Free: 17222K (36%)
ptolemy.util.test.WatchDog.cancel(): canceling Sun Aug 04 05:15:29 UTC 2019
------------------ testing $PTII/ptolemy/domains/de/test/auto/Modal6.xml
auto.tcl: Setting watchdog for 200 seconds at Sun Aug 04 05:15:30 UTC 2019
13 ms. Memory: 48128K Free: 21788K (45%)
ptolemy.util.test.WatchDog.cancel(): canceling Sun Aug 04 05:15:30 UTC 2019
auto.tcl: Setting watchdog for 200 seconds at Sun Aug 04 05:15:30 UTC 2019
15 ms. Memory: 48128K Free: 17848K (37%)
ptolemy.util.test.WatchDog.cancel(): canceling Sun Aug 04 05:15:30 UTC 2019
------------------ testing $PTII/ptolemy/domains/de/test/auto/Modal7.xml
auto.tcl: Setting watchdog for 200 seconds at Sun Aug 04 05:15:30 UTC 2019
10 ms. Memory: 48128K Free: 21031K (44%)
ptolemy.util.test.WatchDog.cancel(): canceling Sun Aug 04 05:15:30 UTC 2019
auto.tcl: Setting watchdog for 200 seconds at Sun Aug 04 05:15:30 UTC 2019
11 ms. Memory: 48128K Free: 17221K (36%)
ptolemy.util.test.WatchDog.cancel(): canceling Sun Aug 04 05:15:30 UTC 2019
------------------ testing $PTII/ptolemy/domains/de/test/auto/ModalModel.xml
auto.tcl: Setting watchdog for 200 seconds at Sun Aug 04 05:15:30 UTC 2019
217 ms. Memory: 48128K Free: 12195K (25%)
ptolemy.util.test.WatchDog.cancel(): canceling Sun Aug 04 05:15:30 UTC 2019
auto.tcl: Setting watchdog for 200 seconds at Sun Aug 04 05:15:30 UTC 2019
213 ms. Memory: 61440K Free: 20928K (34%)
ptolemy.util.test.WatchDog.cancel(): canceling Sun Aug 04 05:15:30 UTC 2019
------------------ testing $PTII/ptolemy/domains/de/test/auto/ModalSource.xml
auto.tcl: Setting watchdog for 200 seconds at Sun Aug 04 05:15:30 UTC 2019
10 ms. Memory: 48128K Free: 25895K (54%)
ptolemy.util.test.WatchDog.cancel(): canceling Sun Aug 04 05:15:30 UTC 2019
auto.tcl: Setting watchdog for 200 seconds at Sun Aug 04 05:15:30 UTC 2019
5 ms. Memory: 48128K Free: 23847K (50%)
ptolemy.util.test.WatchDog.cancel(): canceling Sun Aug 04 05:15:30 UTC 2019
------------------ testing $PTII/ptolemy/domains/de/test/auto/NonInterruptibleTimerZeroDelay.xml
auto.tcl: Setting watchdog for 200 seconds at Sun Aug 04 05:15:30 UTC 2019
4 ms. Memory: 48128K Free: 31107K (65%)
ptolemy.util.test.WatchDog.cancel(): canceling Sun Aug 04 05:15:30 UTC 2019
auto.tcl: Setting watchdog for 200 seconds at Sun Aug 04 05:15:30 UTC 2019
3 ms. Memory: 48128K Free: 30223K (63%)
ptolemy.util.test.WatchDog.cancel(): canceling Sun Aug 04 05:15:30 UTC 2019
------------------ testing $PTII/ptolemy/domains/de/test/auto/OpenQueueingNetwork.xml
auto.tcl: Setting watchdog for 200 seconds at Sun Aug 04 05:15:30 UTC 2019
2964 ms. Memory: 107520K Free: 76586K (71%)
ptolemy.util.test.WatchDog.cancel(): canceling Sun Aug 04 05:15:34 UTC 2019
auto.tcl: Setting watchdog for 200 seconds at Sun Aug 04 05:15:34 UTC 2019
2578 ms. Memory: 107520K Free: 34060K (32%)
ptolemy.util.test.WatchDog.cancel(): canceling Sun Aug 04 05:15:36 UTC 2019
------------------ testing $PTII/ptolemy/domains/de/test/auto/OpenQueuingNetwork.xml
auto.tcl: Setting watchdog for 200 seconds at Sun Aug 04 05:15:36 UTC 2019
263 ms. Memory: 66560K Free: 37168K (56%)
ptolemy.util.test.WatchDog.cancel(): canceling Sun Aug 04 05:15:36 UTC 2019
auto.tcl: Setting watchdog for 200 seconds at Sun Aug 04 05:15:36 UTC 2019
241 ms. Memory: 66560K Free: 22291K (33%)
ptolemy.util.test.WatchDog.cancel(): canceling Sun Aug 04 05:15:37 UTC 2019
------------------ testing $PTII/ptolemy/domains/de/test/auto/PeriodicSampler.xml
auto.tcl: Setting watchdog for 200 seconds at Sun Aug 04 05:15:37 UTC 2019
3 ms. Memory: 51200K Free: 33104K (65%)
ptolemy.util.test.WatchDog.cancel(): canceling Sun Aug 04 05:15:37 UTC 2019
auto.tcl: Setting watchdog for 200 seconds at Sun Aug 04 05:15:37 UTC 2019
2 ms. Memory: 51200K Free: 32584K (64%)
ptolemy.util.test.WatchDog.cancel(): canceling Sun Aug 04 05:15:37 UTC 2019
------------------ testing $PTII/ptolemy/domains/de/test/auto/PersistentIO.xml
auto.tcl: Setting watchdog for 200 seconds at Sun Aug 04 05:15:37 UTC 2019
13 ms. Memory: 48128K Free: 24970K (52%)
ptolemy.util.test.WatchDog.cancel(): canceling Sun Aug 04 05:15:37 UTC 2019
auto.tcl: Setting watchdog for 200 seconds at Sun Aug 04 05:15:37 UTC 2019
4 ms. Memory: 48128K Free: 23474K (49%)
ptolemy.util.test.WatchDog.cancel(): canceling Sun Aug 04 05:15:37 UTC 2019
------------------ testing $PTII/ptolemy/domains/de/test/auto/PortParameterResetOnInitialize.xml
auto.tcl: Setting watchdog for 200 seconds at Sun Aug 04 05:15:37 UTC 2019
8 ms. Memory: 48128K Free: 29939K (62%)
ptolemy.util.test.WatchDog.cancel(): canceling Sun Aug 04 05:15:37 UTC 2019
auto.tcl: Setting watchdog for 200 seconds at Sun Aug 04 05:15:37 UTC 2019
4 ms. Memory: 48128K Free: 29444K (61%)
ptolemy.util.test.WatchDog.cancel(): canceling Sun Aug 04 05:15:37 UTC 2019
------------------ testing $PTII/ptolemy/domains/de/test/auto/PortParameterUpdates.xml
auto.tcl: Setting watchdog for 200 seconds at Sun Aug 04 05:15:37 UTC 2019
6 ms. Memory: 48128K Free: 28037K (58%)
ptolemy.util.test.WatchDog.cancel(): canceling Sun Aug 04 05:15:37 UTC 2019
auto.tcl: Setting watchdog for 200 seconds at Sun Aug 04 05:15:37 UTC 2019
5 ms. Memory: 48128K Free: 26559K (55%)
ptolemy.util.test.WatchDog.cancel(): canceling Sun Aug 04 05:15:37 UTC 2019
------------------ testing $PTII/ptolemy/domains/de/test/auto/QueueAndServer.xml
auto.tcl: Setting watchdog for 200 seconds at Sun Aug 04 05:15:37 UTC 2019
12 ms. Memory: 48128K Free: 26956K (56%)
ptolemy.util.test.WatchDog.cancel(): canceling Sun Aug 04 05:15:37 UTC 2019
auto.tcl: Setting watchdog for 200 seconds at Sun Aug 04 05:15:37 UTC 2019
8 ms. Memory: 48128K Free: 25485K (53%)
ptolemy.util.test.WatchDog.cancel(): canceling Sun Aug 04 05:15:37 UTC 2019
------------------ testing $PTII/ptolemy/domains/de/test/auto/Records.xml
auto.tcl: Setting watchdog for 200 seconds at Sun Aug 04 05:15:37 UTC 2019
5 ms. Memory: 48128K Free: 29482K (61%)
ptolemy.util.test.WatchDog.cancel(): canceling Sun Aug 04 05:15:37 UTC 2019
auto.tcl: Setting watchdog for 200 seconds at Sun Aug 04 05:15:37 UTC 2019
2 ms. Memory: 48128K Free: 29001K (60%)
ptolemy.util.test.WatchDog.cancel(): canceling Sun Aug 04 05:15:37 UTC 2019
------------------ testing $PTII/ptolemy/domains/de/test/auto/ResetTransitionWithStartTime1.xml
auto.tcl: Setting watchdog for 200 seconds at Sun Aug 04 05:15:37 UTC 2019
12 ms. Memory: 48128K Free: 26439K (55%)
ptolemy.util.test.WatchDog.cancel(): canceling Sun Aug 04 05:15:37 UTC 2019
auto.tcl: Setting watchdog for 200 seconds at Sun Aug 04 05:15:37 UTC 2019
6 ms. Memory: 48128K Free: 24391K (51%)
ptolemy.util.test.WatchDog.cancel(): canceling Sun Aug 04 05:15:37 UTC 2019
------------------ testing $PTII/ptolemy/domains/de/test/auto/ResetTransitionWithStartTime2.xml
auto.tcl: Setting watchdog for 200 seconds at Sun Aug 04 05:15:37 UTC 2019
11 ms. Memory: 48128K Free: 26394K (55%)
ptolemy.util.test.WatchDog.cancel(): canceling Sun Aug 04 05:15:37 UTC 2019
auto.tcl: Setting watchdog for 200 seconds at Sun Aug 04 05:15:37 UTC 2019
9 ms. Memory: 48128K Free: 23881K (50%)
ptolemy.util.test.WatchDog.cancel(): canceling Sun Aug 04 05:15:37 UTC 2019
------------------ testing $PTII/ptolemy/domains/de/test/auto/ResetTransitionWithStartTime3.xml
auto.tcl: Setting watchdog for 200 seconds at Sun Aug 04 05:15:37 UTC 2019
11 ms. Memory: 48128K Free: 26393K (55%)
ptolemy.util.test.WatchDog.cancel(): canceling Sun Aug 04 05:15:37 UTC 2019
auto.tcl: Setting watchdog for 200 seconds at Sun Aug 04 05:15:37 UTC 2019
6 ms. Memory: 48128K Free: 24376K (51%)
ptolemy.util.test.WatchDog.cancel(): canceling Sun Aug 04 05:15:37 UTC 2019
------------------ testing $PTII/ptolemy/domains/de/test/auto/ResetTransitionWithStartTime4.xml
auto.tcl: Setting watchdog for 200 seconds at Sun Aug 04 05:15:38 UTC 2019
9 ms. Memory: 48128K Free: 26861K (56%)
ptolemy.util.test.WatchDog.cancel(): canceling Sun Aug 04 05:15:38 UTC 2019
auto.tcl: Setting watchdog for 200 seconds at Sun Aug 04 05:15:38 UTC 2019
5 ms. Memory: 48128K Free: 25399K (53%)
ptolemy.util.test.WatchDog.cancel(): canceling Sun Aug 04 05:15:38 UTC 2019
------------------ testing $PTII/ptolemy/domains/de/test/auto/ResettableTimer1.xml
auto.tcl: Setting watchdog for 200 seconds at Sun Aug 04 05:15:38 UTC 2019
6 ms. Memory: 48128K Free: 30471K (63%)
ptolemy.util.test.WatchDog.cancel(): canceling Sun Aug 04 05:15:38 UTC 2019
auto.tcl: Setting watchdog for 200 seconds at Sun Aug 04 05:15:38 UTC 2019
2 ms. Memory: 48128K Free: 29496K (61%)
ptolemy.util.test.WatchDog.cancel(): canceling Sun Aug 04 05:15:38 UTC 2019
------------------ testing $PTII/ptolemy/domains/de/test/auto/ResettableTimer2.xml
auto.tcl: Setting watchdog for 200 seconds at Sun Aug 04 05:15:38 UTC 2019
2 ms. Memory: 48128K Free: 30527K (63%)
ptolemy.util.test.WatchDog.cancel(): canceling Sun Aug 04 05:15:38 UTC 2019
auto.tcl: Setting watchdog for 200 seconds at Sun Aug 04 05:15:38 UTC 2019
2 ms. Memory: 48128K Free: 29545K (61%)
ptolemy.util.test.WatchDog.cancel(): canceling Sun Aug 04 05:15:38 UTC 2019
------------------ testing $PTII/ptolemy/domains/de/test/auto/ResettableTimer3.xml
auto.tcl: Setting watchdog for 200 seconds at Sun Aug 04 05:15:38 UTC 2019
2 ms. Memory: 48128K Free: 30559K (63%)
ptolemy.util.test.WatchDog.cancel(): canceling Sun Aug 04 05:15:38 UTC 2019
auto.tcl: Setting watchdog for 200 seconds at Sun Aug 04 05:15:38 UTC 2019
2 ms. Memory: 48128K Free: 30526K (63%)
ptolemy.util.test.WatchDog.cancel(): canceling Sun Aug 04 05:15:38 UTC 2019
------------------ testing $PTII/ptolemy/domains/de/test/auto/ResettableTimer4.xml
auto.tcl: Setting watchdog for 200 seconds at Sun Aug 04 05:15:38 UTC 2019
1 ms. Memory: 48128K Free: 30554K (63%)
ptolemy.util.test.WatchDog.cancel(): canceling Sun Aug 04 05:15:38 UTC 2019
auto.tcl: Setting watchdog for 200 seconds at Sun Aug 04 05:15:38 UTC 2019
1 ms. Memory: 48128K Free: 30056K (62%)
ptolemy.util.test.WatchDog.cancel(): canceling Sun Aug 04 05:15:38 UTC 2019
------------------ testing $PTII/ptolemy/domains/de/test/auto/ResettableTimer5.xml
auto.tcl: Setting watchdog for 200 seconds at Sun Aug 04 05:15:38 UTC 2019
1 ms. Memory: 48128K Free: 30024K (62%)
ptolemy.util.test.WatchDog.cancel(): canceling Sun Aug 04 05:15:38 UTC 2019
auto.tcl: Setting watchdog for 200 seconds at Sun Aug 04 05:15:38 UTC 2019
1 ms. Memory: 48128K Free: 29529K (61%)
ptolemy.util.test.WatchDog.cancel(): canceling Sun Aug 04 05:15:38 UTC 2019
------------------ testing $PTII/ptolemy/domains/de/test/auto/ResettableTimer6.xml
auto.tcl: Setting watchdog for 200 seconds at Sun Aug 04 05:15:38 UTC 2019
2 ms. Memory: 48128K Free: 30000K (62%)
ptolemy.util.test.WatchDog.cancel(): canceling Sun Aug 04 05:15:38 UTC 2019
auto.tcl: Setting watchdog for 200 seconds at Sun Aug 04 05:15:38 UTC 2019
2 ms. Memory: 48128K Free: 29519K (61%)
ptolemy.util.test.WatchDog.cancel(): canceling Sun Aug 04 05:15:38 UTC 2019
------------------ testing $PTII/ptolemy/domains/de/test/auto/ServerZeroDelay.xml
auto.tcl: Setting watchdog for 200 seconds at Sun Aug 04 05:15:38 UTC 2019
3 ms. Memory: 48128K Free: 30519K (63%)
ptolemy.util.test.WatchDog.cancel(): canceling Sun Aug 04 05:15:38 UTC 2019
auto.tcl: Setting watchdog for 200 seconds at Sun Aug 04 05:15:38 UTC 2019
2 ms. Memory: 48128K Free: 29509K (61%)
ptolemy.util.test.WatchDog.cancel(): canceling Sun Aug 04 05:15:38 UTC 2019
------------------ testing $PTII/ptolemy/domains/de/test/auto/SmartSender.xml
auto.tcl: Setting watchdog for 200 seconds at Sun Aug 04 05:15:38 UTC 2019
3001 ms. Memory: 48128K Free: 30531K (63%)
ptolemy.util.test.WatchDog.cancel(): canceling Sun Aug 04 05:15:41 UTC 2019
auto.tcl: Setting watchdog for 200 seconds at Sun Aug 04 05:15:41 UTC 2019
3001 ms. Memory: 48128K Free: 30034K (62%)
ptolemy.util.test.WatchDog.cancel(): canceling Sun Aug 04 05:15:44 UTC 2019
------------------ testing $PTII/ptolemy/domains/de/test/auto/ThreadedComposite.xml
auto.tcl: Setting watchdog for 200 seconds at Sun Aug 04 05:15:44 UTC 2019
259 ms. Memory: 48128K Free: 8509K (18%)
ptolemy.util.test.WatchDog.cancel(): canceling Sun Aug 04 05:15:44 UTC 2019
auto.tcl: Setting watchdog for 200 seconds at Sun Aug 04 05:15:44 UTC 2019
203 ms. Memory: 48128K Free: 19629K (41%)
ptolemy.util.test.WatchDog.cancel(): canceling Sun Aug 04 05:15:45 UTC 2019
------------------ testing $PTII/ptolemy/domains/de/test/auto/Time.xml
auto.tcl: Setting watchdog for 200 seconds at Sun Aug 04 05:15:45 UTC 2019
594 ms. Memory: 48128K Free: 29265K (61%)
ptolemy.util.test.WatchDog.cancel(): canceling Sun Aug 04 05:15:45 UTC 2019
auto.tcl: Setting watchdog for 200 seconds at Sun Aug 04 05:15:45 UTC 2019
529 ms. Memory: 48128K Free: 29078K (60%)
ptolemy.util.test.WatchDog.cancel(): canceling Sun Aug 04 05:15:46 UTC 2019
------------------ testing $PTII/ptolemy/domains/de/test/auto/TimeDelayZeroDelay.xml
auto.tcl: Setting watchdog for 200 seconds at Sun Aug 04 05:15:46 UTC 2019
2 ms. Memory: 48128K Free: 30948K (64%)
ptolemy.util.test.WatchDog.cancel(): canceling Sun Aug 04 05:15:46 UTC 2019
auto.tcl: Setting watchdog for 200 seconds at Sun Aug 04 05:15:46 UTC 2019
2 ms. Memory: 48128K Free: 30045K (62%)
ptolemy.util.test.WatchDog.cancel(): canceling Sun Aug 04 05:15:46 UTC 2019
------------------ testing $PTII/ptolemy/domains/de/test/auto/TimerZeroDelay.xml
auto.tcl: Setting watchdog for 200 seconds at Sun Aug 04 05:15:46 UTC 2019
4 ms. Memory: 48128K Free: 30982K (64%)
ptolemy.util.test.WatchDog.cancel(): canceling Sun Aug 04 05:15:46 UTC 2019
auto.tcl: Setting watchdog for 200 seconds at Sun Aug 04 05:15:46 UTC 2019
2 ms. Memory: 48128K Free: 30101K (63%)
ptolemy.util.test.WatchDog.cancel(): canceling Sun Aug 04 05:15:46 UTC 2019
------------------ testing $PTII/ptolemy/domains/de/test/auto/TimingParadox.xml
auto.tcl: Setting watchdog for 200 seconds at Sun Aug 04 05:15:46 UTC 2019
376 ms. Memory: 48128K Free: 13119K (27%)
ptolemy.util.test.WatchDog.cancel(): canceling Sun Aug 04 05:15:47 UTC 2019
auto.tcl: Setting watchdog for 200 seconds at Sun Aug 04 05:15:47 UTC 2019
365 ms. Memory: 58368K Free: 42755K (73%)
ptolemy.util.test.WatchDog.cancel(): canceling Sun Aug 04 05:15:47 UTC 2019
------------------ testing $PTII/ptolemy/domains/de/test/auto/TransferInputs.xml
auto.tcl: Setting watchdog for 200 seconds at Sun Aug 04 05:15:47 UTC 2019
1 ms. Memory: 55296K Free: 36122K (65%)
ptolemy.util.test.WatchDog.cancel(): canceling Sun Aug 04 05:15:47 UTC 2019
auto.tcl: Setting watchdog for 200 seconds at Sun Aug 04 05:15:47 UTC 2019
6 ms. Memory: 55296K Free: 35211K (64%)
ptolemy.util.test.WatchDog.cancel(): canceling Sun Aug 04 05:15:47 UTC 2019
------------------ testing $PTII/ptolemy/domains/de/test/auto/TransferOutputs2.xml
auto.tcl: Setting watchdog for 200 seconds at Sun Aug 04 05:15:47 UTC 2019
3 ms. Memory: 51200K Free: 29469K (58%)
ptolemy.util.test.WatchDog.cancel(): canceling Sun Aug 04 05:15:47 UTC 2019
auto.tcl: Setting watchdog for 200 seconds at Sun Aug 04 05:15:47 UTC 2019
3 ms. Memory: 51200K Free: 28069K (55%)
ptolemy.util.test.WatchDog.cancel(): canceling Sun Aug 04 05:15:47 UTC 2019
------------------ testing $PTII/ptolemy/domains/de/test/auto/Trilateration.xml
auto.tcl: Setting watchdog for 200 seconds at Sun Aug 04 05:15:47 UTC 2019
14163 ms. Memory: 395264K Free: 165060K (42%)
ptolemy.util.test.WatchDog.cancel(): canceling Sun Aug 04 05:16:02 UTC 2019
auto.tcl: Setting watchdog for 200 seconds at Sun Aug 04 05:16:02 UTC 2019
11194 ms. Memory: 395264K Free: 344524K (87%)
ptolemy.util.test.WatchDog.cancel(): canceling Sun Aug 04 05:16:14 UTC 2019
------------------ testing $PTII/ptolemy/domains/de/test/auto/TwoSigmaDelta.xml
auto.tcl: Setting watchdog for 200 seconds at Sun Aug 04 05:16:14 UTC 2019
2808 ms. Memory: 89088K Free: 15351K (17%)
ptolemy.util.test.WatchDog.cancel(): canceling Sun Aug 04 05:16:17 UTC 2019
auto.tcl: Setting watchdog for 200 seconds at Sun Aug 04 05:16:17 UTC 2019
2236 ms. Memory: 89088K Free: 59355K (67%)
ptolemy.util.test.WatchDog.cancel(): canceling Sun Aug 04 05:16:19 UTC 2019
------------------ testing $PTII/ptolemy/domains/de/test/auto/VariableDelay.xml
auto.tcl: Setting watchdog for 200 seconds at Sun Aug 04 05:16:19 UTC 2019
3 ms. Memory: 51200K Free: 32501K (63%)
ptolemy.util.test.WatchDog.cancel(): canceling Sun Aug 04 05:16:19 UTC 2019
auto.tcl: Setting watchdog for 200 seconds at Sun Aug 04 05:16:19 UTC 2019
2 ms. Memory: 51200K Free: 31507K (62%)
ptolemy.util.test.WatchDog.cancel(): canceling Sun Aug 04 05:16:19 UTC 2019
------------------ testing $PTII/ptolemy/domains/de/test/auto/VariableDelay2.xml
auto.tcl: Setting watchdog for 200 seconds at Sun Aug 04 05:16:19 UTC 2019
8 ms. Memory: 51200K Free: 32916K (64%)
ptolemy.util.test.WatchDog.cancel(): canceling Sun Aug 04 05:16:19 UTC 2019
auto.tcl: Setting watchdog for 200 seconds at Sun Aug 04 05:16:19 UTC 2019
2 ms. Memory: 51200K Free: 32418K (63%)
ptolemy.util.test.WatchDog.cancel(): canceling Sun Aug 04 05:16:19 UTC 2019
------------------ testing $PTII/ptolemy/domains/de/test/auto/VariableDelayZeroDelay.xml
auto.tcl: Setting watchdog for 200 seconds at Sun Aug 04 05:16:19 UTC 2019
2 ms. Memory: 51200K Free: 33541K (66%)
ptolemy.util.test.WatchDog.cancel(): canceling Sun Aug 04 05:16:19 UTC 2019
auto.tcl: Setting watchdog for 200 seconds at Sun Aug 04 05:16:19 UTC 2019
2 ms. Memory: 51200K Free: 32914K (64%)
ptolemy.util.test.WatchDog.cancel(): canceling Sun Aug 04 05:16:19 UTC 2019
------------------ testing $PTII/ptolemy/domains/de/test/auto/VariableDelayZeroDelay2.xml
auto.tcl: Setting watchdog for 200 seconds at Sun Aug 04 05:16:19 UTC 2019
2 ms. Memory: 51200K Free: 33442K (65%)
ptolemy.util.test.WatchDog.cancel(): canceling Sun Aug 04 05:16:19 UTC 2019
auto.tcl: Setting watchdog for 200 seconds at Sun Aug 04 05:16:19 UTC 2019
3 ms. Memory: 51200K Free: 32418K (63%)
ptolemy.util.test.WatchDog.cancel(): canceling Sun Aug 04 05:16:19 UTC 2019
------------------ testing $PTII/ptolemy/domains/de/test/auto/deInCt.xml
auto.tcl: Setting watchdog for 200 seconds at Sun Aug 04 05:16:19 UTC 2019
0
1
1
1
0
0
0
1
1
1
0
0
0
0
0
0
0
1
1
1
0
0
0
0
1
1
1
0
0
0
8 ms. Memory: 48128K Free: 29343K (61%)
ptolemy.util.test.WatchDog.cancel(): canceling Sun Aug 04 05:16:19 UTC 2019
auto.tcl: Setting watchdog for 200 seconds at Sun Aug 04 05:16:19 UTC 2019
0
1
1
1
0
0
0
1
1
0
0
0
1
1
1
0
0
0
0
1
1
1
0
0
0
0
1
1
1
1
1
0
0
1
1
0
0
0
1
1
0
0
0
0
1
1
0
0
0
0
7 ms. Memory: 48128K Free: 27808K (58%)
ptolemy.util.test.WatchDog.cancel(): canceling Sun Aug 04 05:16:19 UTC 2019
------------------ testing $PTII/ptolemy/domains/de/test/auto/deInCt2.xml
auto.tcl: Setting watchdog for 200 seconds at Sun Aug 04 05:16:19 UTC 2019
0
1
1
1
0
0
1
1
1
0
0
1
1
1
0
0
1
1
1
0
0
1
1
1
0
0
1
1
1
0
0
1
1
1
0
0
1
1
1
0
0
0
10 ms. Memory: 48128K Free: 29346K (61%)
ptolemy.util.test.WatchDog.cancel(): canceling Sun Aug 04 05:16:19 UTC 2019
auto.tcl: Setting watchdog for 200 seconds at Sun Aug 04 05:16:19 UTC 2019
0
1
1
1
0
0
1
1
1
0
0
1
1
1
0
0
1
1
1
0
0
1
1
1
0
0
1
1
1
0
0
1
1
1
0
0
1
1
1
0
0
0
9 ms. Memory: 48128K Free: 27858K (58%)
ptolemy.util.test.WatchDog.cancel(): canceling Sun Aug 04 05:16:19 UTC 2019
------------------ testing $PTII/ptolemy/domains/de/test/auto/dynamicCausalityInterface1.xml
auto.tcl: Setting watchdog for 200 seconds at Sun Aug 04 05:16:19 UTC 2019
2 ms. Memory: 48128K Free: 24643K (51%)
ptolemy.util.test.WatchDog.cancel(): canceling Sun Aug 04 05:16:19 UTC 2019
auto.tcl: Setting watchdog for 200 seconds at Sun Aug 04 05:16:19 UTC 2019
1 ms. Memory: 48128K Free: 24220K (50%)
ptolemy.util.test.WatchDog.cancel(): canceling Sun Aug 04 05:16:19 UTC 2019
------------------ testing $PTII/ptolemy/domains/de/test/auto/fsm_de_test.xml
auto.tcl: Setting watchdog for 200 seconds at Sun Aug 04 05:16:19 UTC 2019
11 ms. Memory: 48128K Free: 25142K (52%)
ptolemy.util.test.WatchDog.cancel(): canceling Sun Aug 04 05:16:20 UTC 2019
auto.tcl: Setting watchdog for 200 seconds at Sun Aug 04 05:16:20 UTC 2019
7 ms. Memory: 48128K Free: 23156K (48%)
ptolemy.util.test.WatchDog.cancel(): canceling Sun Aug 04 05:16:20 UTC 2019
------------------ testing $PTII/ptolemy/domains/de/test/auto/functionDependencyReconstruction.xml
auto.tcl: Setting watchdog for 200 seconds at Sun Aug 04 05:16:20 UTC 2019
9 ms. Memory: 48128K Free: 18988K (39%)
ptolemy.util.test.WatchDog.cancel(): canceling Sun Aug 04 05:16:20 UTC 2019
auto.tcl: Setting watchdog for 200 seconds at Sun Aug 04 05:16:20 UTC 2019
4 ms. Memory: 48128K Free: 16990K (35%)
ptolemy.util.test.WatchDog.cancel(): canceling Sun Aug 04 05:16:20 UTC 2019
------------------ testing $PTII/ptolemy/domains/de/test/auto/multirate.xml
auto.tcl: Setting watchdog for 200 seconds at Sun Aug 04 05:16:20 UTC 2019
5 ms. Memory: 48128K Free: 27223K (57%)
ptolemy.util.test.WatchDog.cancel(): canceling Sun Aug 04 05:16:20 UTC 2019
auto.tcl: Setting watchdog for 200 seconds at Sun Aug 04 05:16:20 UTC 2019
3 ms. Memory: 48128K Free: 26121K (54%)
ptolemy.util.test.WatchDog.cancel(): canceling Sun Aug 04 05:16:20 UTC 2019
------------------ testing $PTII/ptolemy/domains/de/test/auto/multirate2.xml
auto.tcl: Setting watchdog for 200 seconds at Sun Aug 04 05:16:20 UTC 2019
3 ms. Memory: 48128K Free: 27739K (58%)
ptolemy.util.test.WatchDog.cancel(): canceling Sun Aug 04 05:16:20 UTC 2019
auto.tcl: Setting watchdog for 200 seconds at Sun Aug 04 05:16:20 UTC 2019
3 ms. Memory: 48128K Free: 26293K (55%)
ptolemy.util.test.WatchDog.cancel(): canceling Sun Aug 04 05:16:20 UTC 2019
------------------ testing $PTII/ptolemy/domains/de/test/auto/realtime.xml
auto.tcl: Setting watchdog for 200 seconds at Sun Aug 04 05:16:20 UTC 2019
10002 ms. Memory: 48128K Free: 30031K (62%)
ptolemy.util.test.WatchDog.cancel(): canceling Sun Aug 04 05:16:30 UTC 2019
auto.tcl: Setting watchdog for 200 seconds at Sun Aug 04 05:16:30 UTC 2019
10001 ms. Memory: 48128K Free: 29289K (61%)
ptolemy.util.test.WatchDog.cancel(): canceling Sun Aug 04 05:16:40 UTC 2019
------------------ testing $PTII/ptolemy/domains/de/test/auto/relationGroup.xml
auto.tcl: Setting watchdog for 200 seconds at Sun Aug 04 05:16:40 UTC 2019
1 ms. Memory: 48128K Free: 31079K (65%)
ptolemy.util.test.WatchDog.cancel(): canceling Sun Aug 04 05:16:40 UTC 2019
auto.tcl: Setting watchdog for 200 seconds at Sun Aug 04 05:16:40 UTC 2019
2 ms. Memory: 48128K Free: 30370K (63%)
ptolemy.util.test.WatchDog.cancel(): canceling Sun Aug 04 05:16:40 UTC 2019
------------------ testing $PTII/ptolemy/domains/de/test/auto/relationGroup2.xml
auto.tcl: Setting watchdog for 200 seconds at Sun Aug 04 05:16:40 UTC 2019
1 ms. Memory: 48128K Free: 30875K (64%)
ptolemy.util.test.WatchDog.cancel(): canceling Sun Aug 04 05:16:40 UTC 2019
auto.tcl: Setting watchdog for 200 seconds at Sun Aug 04 05:16:40 UTC 2019
2 ms. Memory: 48128K Free: 29916K (62%)
ptolemy.util.test.WatchDog.cancel(): canceling Sun Aug 04 05:16:40 UTC 2019
------------------ testing $PTII/ptolemy/domains/de/test/auto/sortWithOpaquePorts.xml
auto.tcl: Setting watchdog for 200 seconds at Sun Aug 04 05:16:40 UTC 2019
3 ms. Memory: 48128K Free: 29868K (62%)
ptolemy.util.test.WatchDog.cancel(): canceling Sun Aug 04 05:16:40 UTC 2019
auto.tcl: Setting watchdog for 200 seconds at Sun Aug 04 05:16:40 UTC 2019
2 ms. Memory: 48128K Free: 28885K (60%)
ptolemy.util.test.WatchDog.cancel(): canceling Sun Aug 04 05:16:40 UTC 2019
------------------ testing $PTII/ptolemy/domains/de/test/auto/transferInputsandOutputs.xml
auto.tcl: Setting watchdog for 200 seconds at Sun Aug 04 05:16:40 UTC 2019
2 ms. Memory: 48128K Free: 27311K (57%)
ptolemy.util.test.WatchDog.cancel(): canceling Sun Aug 04 05:16:40 UTC 2019
auto.tcl: Setting watchdog for 200 seconds at Sun Aug 04 05:16:40 UTC 2019
2 ms. Memory: 48128K Free: 26338K (55%)
ptolemy.util.test.WatchDog.cancel(): canceling Sun Aug 04 05:16:40 UTC 2019
------------------ testing $PTII/ptolemy/domains/de/test/auto/triggerType.xml
auto.tcl: Setting watchdog for 200 seconds at Sun Aug 04 05:16:40 UTC 2019
5 ms. Memory: 48128K Free: 30337K (63%)
ptolemy.util.test.WatchDog.cancel(): canceling Sun Aug 04 05:16:40 UTC 2019
auto.tcl: Setting watchdog for 200 seconds at Sun Aug 04 05:16:40 UTC 2019
1 ms. Memory: 48128K Free: 29335K (61%)
ptolemy.util.test.WatchDog.cancel(): canceling Sun Aug 04 05:16:40 UTC 2019
08/04/19 05:16:40
Failed: 0  Total Tests: 192  ((Passed: 187, Newly Passed: 1)  Known Failed: 5) /home/travis/build/icyphy/ptII/ptolemy/domains/de/test
08/04/19 05:16:40
Failed: 0  Total Tests: 192  ((Passed: 187, Newly Passed: 1)  Known Failed: 5) /home/travis/build/icyphy/ptII/ptolemy/domains/de/test
----------------- testing (KnownFailure) /home/travis/build/icyphy/ptII/ptolemy/domains/de/test/auto/knownFailedTests/DESDFClockTest.xml
2014 ms. Memory: 48128K Free: 23732K (49%)
Known Failure: java.lang.reflect.InvocationTargetException
----------------- testing (KnownFailure) /home/travis/build/icyphy/ptII/ptolemy/domains/de/test/auto/knownFailedTests/DirectFeedback.xml
2 ms. Memory: 48128K Free: 20150K (42%)
Known Failure: java.lang.reflect.InvocationTargetException
----------------- testing (KnownFailure) /home/travis/build/icyphy/ptII/ptolemy/domains/de/test/auto/knownFailedTests/FSMSource.xml
7 ms. Memory: 48128K Free: 12982K (27%)
----------------- testing (KnownFailure) /home/travis/build/icyphy/ptII/ptolemy/domains/de/test/auto/knownFailedTests/HierarchicalModel.xml
3 ms. Memory: 48128K Free: 23205K (48%)
Known Failure: java.lang.reflect.InvocationTargetException
----------------- testing (KnownFailure) /home/travis/build/icyphy/ptII/ptolemy/domains/de/test/auto/knownFailedTests/dependencyLoop.xml
9 ms. Memory: 48128K Free: 33572K (70%)
Known Failure: java.lang.reflect.InvocationTargetException
----------------- testing (KnownFailure) /home/travis/build/icyphy/ptII/ptolemy/domains/de/test/auto/knownFailedTests/dependencyLoop2.xml
7 ms. Memory: 48128K Free: 18462K (38%)
Known Failure: java.lang.reflect.InvocationTargetException
No auto/linux-amd64/*.xml tests in /home/travis/build/icyphy/ptII/ptolemy/domains/de/test
AutoTests.java: About to close Vertx.
AutoTests.java: Vertx closed.

===========================================================================================
----------------- testing Sun Aug 04 05:16:43 UTC 2019 /home/travis/build/icyphy/ptII/ptolemy/domains/de/test/auto/ActorDepthCalculation_actorWithoutPorts.xml
----------------- Instantiating /home/travis/build/icyphy/ptII/ptolemy/domains/de/test/auto/ActorDepthCalculation_actorWithoutPorts.xml
2 ms. Memory: 48128K Free: 12099K (25%)
----------------- Invoking toplevel() on ptolemy.moml.MoMLSimpleApplication@88fc1a1
----------------- Done invoking toplevel() on ptolemy.moml.MoMLSimpleApplication@88fc1a1
reloadAllAccessors: .ActorDepthCalculation_actorWithoutPorts

===========================================================================================
----------------- testing Sun Aug 04 05:16:43 UTC 2019 /home/travis/build/icyphy/ptII/ptolemy/domains/de/test/auto/AssemblyLine.xml
----------------- Instantiating /home/travis/build/icyphy/ptII/ptolemy/domains/de/test/auto/AssemblyLine.xml
4 ms. Memory: 48128K Free: 30804K (64%)
----------------- Invoking toplevel() on ptolemy.moml.MoMLSimpleApplication@483efcef
----------------- Done invoking toplevel() on ptolemy.moml.MoMLSimpleApplication@483efcef
reloadAllAccessors: .AssemblyLine

===========================================================================================
----------------- testing Sun Aug 04 05:16:43 UTC 2019 /home/travis/build/icyphy/ptII/ptolemy/domains/de/test/auto/CQBug1.xml
----------------- Instantiating /home/travis/build/icyphy/ptII/ptolemy/domains/de/test/auto/CQBug1.xml
1 ms. Memory: 48128K Free: 27943K (58%)
----------------- Invoking toplevel() on ptolemy.moml.MoMLSimpleApplication@77f81f80
----------------- Done invoking toplevel() on ptolemy.moml.MoMLSimpleApplication@77f81f80
reloadAllAccessors: .CQBug1

===========================================================================================
----------------- testing Sun Aug 04 05:16:43 UTC 2019 /home/travis/build/icyphy/ptII/ptolemy/domains/de/test/auto/CancelFireAt.xml
----------------- Instantiating /home/travis/build/icyphy/ptII/ptolemy/domains/de/test/auto/CancelFireAt.xml
1 ms. Memory: 48128K Free: 25497K (53%)
----------------- Invoking toplevel() on ptolemy.moml.MoMLSimpleApplication@76034ad4
----------------- Done invoking toplevel() on ptolemy.moml.MoMLSimpleApplication@76034ad4
reloadAllAccessors: .CancelFireAt

===========================================================================================
----------------- testing Sun Aug 04 05:16:43 UTC 2019 /home/travis/build/icyphy/ptII/ptolemy/domains/de/test/auto/CausalityAndComposabilityAnalysis.xml
----------------- Instantiating /home/travis/build/icyphy/ptII/ptolemy/domains/de/test/auto/CausalityAndComposabilityAnalysis.xml
2 ms. Memory: 48128K Free: 21385K (44%)
----------------- Invoking toplevel() on ptolemy.moml.MoMLSimpleApplication@29c7bd3f
----------------- Done invoking toplevel() on ptolemy.moml.MoMLSimpleApplication@29c7bd3f
reloadAllAccessors: .CausalityAndComposabilityAnalysis

===========================================================================================
----------------- testing Sun Aug 04 05:16:43 UTC 2019 /home/travis/build/icyphy/ptII/ptolemy/domains/de/test/auto/CausalityInterface1.xml
----------------- Instantiating /home/travis/build/icyphy/ptII/ptolemy/domains/de/test/auto/CausalityInterface1.xml
5 ms. Memory: 48128K Free: 16506K (34%)
----------------- Invoking toplevel() on ptolemy.moml.MoMLSimpleApplication@4cfbfde8
----------------- Done invoking toplevel() on ptolemy.moml.MoMLSimpleApplication@4cfbfde8
reloadAllAccessors: .CausalityInterface1

===========================================================================================
----------------- testing Sun Aug 04 05:16:43 UTC 2019 /home/travis/build/icyphy/ptII/ptolemy/domains/de/test/auto/CausalityInterface15.xml
----------------- Instantiating /home/travis/build/icyphy/ptII/ptolemy/domains/de/test/auto/CausalityInterface15.xml
1 ms. Memory: 48128K Free: 11169K (23%)
----------------- Invoking toplevel() on ptolemy.moml.MoMLSimpleApplication@27d95e9d
----------------- Done invoking toplevel() on ptolemy.moml.MoMLSimpleApplication@27d95e9d
reloadAllAccessors: .CausalityInterface15

===========================================================================================
----------------- testing Sun Aug 04 05:16:43 UTC 2019 /home/travis/build/icyphy/ptII/ptolemy/domains/de/test/auto/CausalityInterface2.xml
----------------- Instantiating /home/travis/build/icyphy/ptII/ptolemy/domains/de/test/auto/CausalityInterface2.xml
2 ms. Memory: 48128K Free: 32253K (67%)
[...]
	at ptolemy.actor.Manager.run(Manager.java:1263)
	at ptolemy.actor.Manager$PtolemyRunThread.run(Manager.java:1933)
java.lang.RuntimeException: Execution failed
	at ptolemy.moml.MoMLSimpleApplication$UnloadThread.run(MoMLSimpleApplication.java:402)
Caused by: ptolemy.kernel.util.IllegalActionException: Actor is not ready to fire.  Perhaps UpSample.prefire() returned false? Try debugging the actor by selecting "Listen to Actor".  Also, for SDF check moml for tokenConsumptionRate on input.
  in .DESDFClockTest.Play Bell.Copy1:SDF Director and .DESDFClockTest.Play Bell.UpSample
	at ptolemy.actor.sched.StaticSchedulingDirector.fire(StaticSchedulingDirector.java:227)
	at ptolemy.domains.sdf.kernel.SDFDirector.fire(SDFDirector.java:500)
	at ptolemy.actor.CompositeActor.fire(CompositeActor.java:455)
	at ptolemy.domains.de.kernel.DEDirector._fire(DEDirector.java:1949)
	at ptolemy.domains.de.kernel.DEDirector.fire(DEDirector.java:502)
	at ptolemy.actor.CompositeActor.fire(CompositeActor.java:455)
	at ptolemy.actor.Manager.iterate(Manager.java:851)
	at ptolemy.actor.Manager.execute(Manager.java:369)
	at ptolemy.actor.Manager.run(Manager.java:1263)
	at ptolemy.actor.Manager$PtolemyRunThread.run(Manager.java:1933)
java.lang.reflect.InvocationTargetException
	at java.base/jdk.internal.reflect.NativeConstructorAccessorImpl.newInstance0(Native Method)
	at java.base/jdk.internal.reflect.NativeConstructorAccessorImpl.newInstance(NativeConstructorAccessorImpl.java:62)
	at java.base/jdk.internal.reflect.DelegatingConstructorAccessorImpl.newInstance(DelegatingConstructorAccessorImpl.java:45)
	at java.base/java.lang.reflect.Constructor.newInstance(Constructor.java:490)
	at ptolemy.util.test.junit.AutoKnownFailedTests.RunModel(AutoKnownFailedTests.java:105)
	at java.base/jdk.internal.reflect.NativeMethodAccessorImpl.invoke0(Native Method)
	at java.base/jdk.internal.reflect.NativeMethodAccessorImpl.invoke(NativeMethodAccessorImpl.java:62)
	at java.base/jdk.internal.reflect.DelegatingMethodAccessorImpl.invoke(DelegatingMethodAccessorImpl.java:43)
	at java.base/java.lang.reflect.Method.invoke(Method.java:566)
	at org.junit.runners.model.FrameworkMethod$1.runReflectiveCall(FrameworkMethod.java:44)
	at org.junit.internal.runners.model.ReflectiveCallable.run(ReflectiveCallable.java:15)
	at org.junit.runners.model.FrameworkMethod.invokeExplosively(FrameworkMethod.java:41)
	at junitparams.internal.InvokeParameterisedMethod.evaluate(InvokeParameterisedMethod.java:102)
	at org.junit.internal.runners.statements.FailOnTimeout$1.run(FailOnTimeout.java:28)
Caused by: ptolemy.kernel.util.IllegalActionException: Actor is not ready to fire.  Perhaps UpSample.prefire() returned false? Try debugging the actor by selecting "Listen to Actor".  Also, for SDF check moml for tokenConsumptionRate on input.
  in .DESDFClockTest.Play Bell.Copy1:SDF Director and .DESDFClockTest.Play Bell.UpSample
	at ptolemy.actor.sched.StaticSchedulingDirector.fire(StaticSchedulingDirector.java:227)
	at ptolemy.domains.sdf.kernel.SDFDirector.fire(SDFDirector.java:500)
	at ptolemy.actor.CompositeActor.fire(CompositeActor.java:455)
	at ptolemy.domains.de.kernel.DEDirector._fire(DEDirector.java:1949)
	at ptolemy.domains.de.kernel.DEDirector.fire(DEDirector.java:502)
	at ptolemy.actor.CompositeActor.fire(CompositeActor.java:455)
	at ptolemy.actor.Manager.iterate(Manager.java:851)
	at ptolemy.actor.Manager.execute(Manager.java:369)
	at ptolemy.actor.Manager.run(Manager.java:1263)
	at ptolemy.actor.Manager$PtolemyRunThread.run(Manager.java:1933)
java.lang.RuntimeException: Execution failed
	at ptolemy.moml.MoMLSimpleApplication$UnloadThread.run(MoMLSimpleApplication.java:402)
Caused by: ptolemy.kernel.util.IllegalActionException: Test fails in iteration 1.
Value was: 1.0. Should have been: 2.0
  in .DirectFeedback.Test
	at ptolemy.actor.lib.Test.fire(Test.java:268)
	at ptolemy.domains.de.kernel.DEDirector._fire(DEDirector.java:1949)
	at ptolemy.domains.de.kernel.DEDirector.fire(DEDirector.java:502)
	at ptolemy.actor.CompositeActor.fire(CompositeActor.java:455)
	at ptolemy.actor.Manager.iterate(Manager.java:851)
	at ptolemy.actor.Manager.execute(Manager.java:369)
	at ptolemy.actor.Manager.run(Manager.java:1263)
	at ptolemy.actor.Manager$PtolemyRunThread.run(Manager.java:1933)
java.lang.reflect.InvocationTargetException
	at java.base/jdk.internal.reflect.NativeConstructorAccessorImpl.newInstance0(Native Method)
	at java.base/jdk.internal.reflect.NativeConstructorAccessorImpl.newInstance(NativeConstructorAccessorImpl.java:62)
	at java.base/jdk.internal.reflect.DelegatingConstructorAccessorImpl.newInstance(DelegatingConstructorAccessorImpl.java:45)
	at java.base/java.lang.reflect.Constructor.newInstance(Constructor.java:490)
	at ptolemy.util.test.junit.AutoKnownFailedTests.RunModel(AutoKnownFailedTests.java:105)
	at java.base/jdk.internal.reflect.NativeMethodAccessorImpl.invoke0(Native Method)
	at java.base/jdk.internal.reflect.NativeMethodAccessorImpl.invoke(NativeMethodAccessorImpl.java:62)
	at java.base/jdk.internal.reflect.DelegatingMethodAccessorImpl.invoke(DelegatingMethodAccessorImpl.java:43)
	at java.base/java.lang.reflect.Method.invoke(Method.java:566)
	at org.junit.runners.model.FrameworkMethod$1.runReflectiveCall(FrameworkMethod.java:44)
	at org.junit.internal.runners.model.ReflectiveCallable.run(ReflectiveCallable.java:15)
	at org.junit.runners.model.FrameworkMethod.invokeExplosively(FrameworkMethod.java:41)
	at junitparams.internal.InvokeParameterisedMethod.evaluate(InvokeParameterisedMethod.java:102)
	at org.junit.internal.runners.statements.FailOnTimeout$1.run(FailOnTimeout.java:28)
Caused by: ptolemy.kernel.util.IllegalActionException: Test fails in iteration 1.
Value was: 1.0. Should have been: 2.0
  in .DirectFeedback.Test
	at ptolemy.actor.lib.Test.fire(Test.java:268)
	at ptolemy.domains.de.kernel.DEDirector._fire(DEDirector.java:1949)
	at ptolemy.domains.de.kernel.DEDirector.fire(DEDirector.java:502)
	at ptolemy.actor.CompositeActor.fire(CompositeActor.java:455)
	at ptolemy.actor.Manager.iterate(Manager.java:851)
	at ptolemy.actor.Manager.execute(Manager.java:369)
	at ptolemy.actor.Manager.run(Manager.java:1263)
	at ptolemy.actor.Manager$PtolemyRunThread.run(Manager.java:1933)
java.lang.RuntimeException: Execution failed
	at ptolemy.moml.MoMLSimpleApplication$UnloadThread.run(MoMLSimpleApplication.java:402)
Caused by: ptolemy.kernel.util.IllegalActionException: Found a zero delay loop containing .HierarchicalModel.A
  in .HierarchicalModel and .HierarchicalModel.A
	at ptolemy.actor.util.CausalityInterfaceForComposites._computeOutputPortDepth(CausalityInterfaceForComposites.java:759)
	at ptolemy.actor.util.CausalityInterfaceForComposites._computeInputDepth(CausalityInterfaceForComposites.java:696)
	at ptolemy.actor.util.CausalityInterfaceForComposites._computeOutputPortDepth(CausalityInterfaceForComposites.java:765)
	at ptolemy.actor.util.CausalityInterfaceForComposites._computeInputDepth(CausalityInterfaceForComposites.java:696)
	at ptolemy.actor.util.CausalityInterfaceForComposites._computeOutputPortDepth(CausalityInterfaceForComposites.java:765)
	at ptolemy.actor.util.CausalityInterfaceForComposites._computeInputDepth(CausalityInterfaceForComposites.java:696)
	at ptolemy.actor.util.CausalityInterfaceForComposites._computeActorDepth(CausalityInterfaceForComposites.java:532)
	at ptolemy.actor.util.CausalityInterfaceForComposites.checkForCycles(CausalityInterfaceForComposites.java:96)
	at ptolemy.domains.de.kernel.DEDirector.preinitialize(DEDirector.java:1338)
	at ptolemy.actor.CompositeActor.preinitialize(CompositeActor.java:1828)
	at ptolemy.actor.Manager.preinitializeAndResolveTypes(Manager.java:1040)
	at ptolemy.actor.Manager.initialize(Manager.java:710)
	at ptolemy.actor.Manager.execute(Manager.java:356)
	at ptolemy.actor.Manager.run(Manager.java:1263)
	at ptolemy.actor.Manager$PtolemyRunThread.run(Manager.java:1933)
java.lang.reflect.InvocationTargetException
	at java.base/jdk.internal.reflect.NativeConstructorAccessorImpl.newInstance0(Native Method)
	at java.base/jdk.internal.reflect.NativeConstructorAccessorImpl.newInstance(NativeConstructorAccessorImpl.java:62)
	at java.base/jdk.internal.reflect.DelegatingConstructorAccessorImpl.newInstance(DelegatingConstructorAccessorImpl.java:45)
	at java.base/java.lang.reflect.Constructor.newInstance(Constructor.java:490)
	at ptolemy.util.test.junit.AutoKnownFailedTests.RunModel(AutoKnownFailedTests.java:105)
	at java.base/jdk.internal.reflect.NativeMethodAccessorImpl.invoke0(Native Method)
	at java.base/jdk.internal.reflect.NativeMethodAccessorImpl.invoke(NativeMethodAccessorImpl.java:62)
	at java.base/jdk.internal.reflect.DelegatingMethodAccessorImpl.invoke(DelegatingMethodAccessorImpl.java:43)
	at java.base/java.lang.reflect.Method.invoke(Method.java:566)
	at org.junit.runners.model.FrameworkMethod$1.runReflectiveCall(FrameworkMethod.java:44)
	at org.junit.internal.runners.model.ReflectiveCallable.run(ReflectiveCallable.java:15)
	at org.junit.runners.model.FrameworkMethod.invokeExplosively(FrameworkMethod.java:41)
	at junitparams.internal.InvokeParameterisedMethod.evaluate(InvokeParameterisedMethod.java:102)
	at org.junit.internal.runners.statements.FailOnTimeout$1.run(FailOnTimeout.java:28)
Caused by: ptolemy.kernel.util.IllegalActionException: Found a zero delay loop containing .HierarchicalModel.A
  in .HierarchicalModel and .HierarchicalModel.A
	at ptolemy.actor.util.CausalityInterfaceForComposites._computeOutputPortDepth(CausalityInterfaceForComposites.java:759)
	at ptolemy.actor.util.CausalityInterfaceForComposites._computeInputDepth(CausalityInterfaceForComposites.java:696)
	at ptolemy.actor.util.CausalityInterfaceForComposites._computeOutputPortDepth(CausalityInterfaceForComposites.java:765)
	at ptolemy.actor.util.CausalityInterfaceForComposites._computeInputDepth(CausalityInterfaceForComposites.java:696)
	at ptolemy.actor.util.CausalityInterfaceForComposites._computeOutputPortDepth(CausalityInterfaceForComposites.java:765)
	at ptolemy.actor.util.CausalityInterfaceForComposites._computeInputDepth(CausalityInterfaceForComposites.java:696)
	at ptolemy.actor.util.CausalityInterfaceForComposites._computeActorDepth(CausalityInterfaceForComposites.java:532)
	at ptolemy.actor.util.CausalityInterfaceForComposites.checkForCycles(CausalityInterfaceForComposites.java:96)
	at ptolemy.domains.de.kernel.DEDirector.preinitialize(DEDirector.java:1338)
	at ptolemy.actor.CompositeActor.preinitialize(CompositeActor.java:1828)
	at ptolemy.actor.Manager.preinitializeAndResolveTypes(Manager.java:1040)
	at ptolemy.actor.Manager.initialize(Manager.java:710)
	at ptolemy.actor.Manager.execute(Manager.java:356)
	at ptolemy.actor.Manager.run(Manager.java:1263)
	at ptolemy.actor.Manager$PtolemyRunThread.run(Manager.java:1933)
java.lang.RuntimeException: Execution failed
	at ptolemy.moml.MoMLSimpleApplication$UnloadThread.run(MoMLSimpleApplication.java:402)
Caused by: ptolemy.kernel.util.IllegalActionException: Found a zero delay loop containing .dependencyLoop.original
  in .dependencyLoop and .dependencyLoop.original
	at ptolemy.actor.util.CausalityInterfaceForComposites._computeOutputPortDepth(CausalityInterfaceForComposites.java:759)
	at ptolemy.actor.util.CausalityInterfaceForComposites._computeInputDepth(CausalityInterfaceForComposites.java:696)
	at ptolemy.actor.util.CausalityInterfaceForComposites._computeOutputPortDepth(CausalityInterfaceForComposites.java:765)
	at ptolemy.actor.util.CausalityInterfaceForComposites._computeInputDepth(CausalityInterfaceForComposites.java:696)
	at ptolemy.actor.util.CausalityInterfaceForComposites._computeOutputPortDepth(CausalityInterfaceForComposites.java:765)
	at ptolemy.actor.util.CausalityInterfaceForComposites._computeInputDepth(CausalityInterfaceForComposites.java:696)
	at ptolemy.actor.util.CausalityInterfaceForComposites._computeActorDepth(CausalityInterfaceForComposites.java:532)
	at ptolemy.actor.util.CausalityInterfaceForComposites.checkForCycles(CausalityInterfaceForComposites.java:96)
	at ptolemy.domains.de.kernel.DEDirector.preinitialize(DEDirector.java:1338)
	at ptolemy.actor.CompositeActor.preinitialize(CompositeActor.java:1828)
	at ptolemy.actor.Manager.preinitializeAndResolveTypes(Manager.java:1040)
	at ptolemy.actor.Manager.initialize(Manager.java:710)
	at ptolemy.actor.Manager.execute(Manager.java:356)
	at ptolemy.actor.Manager.run(Manager.java:1263)
	at ptolemy.actor.Manager$PtolemyRunThread.run(Manager.java:1933)
java.lang.reflect.InvocationTargetException
	at java.base/jdk.internal.reflect.NativeConstructorAccessorImpl.newInstance0(Native Method)
	at java.base/jdk.internal.reflect.NativeConstructorAccessorImpl.newInstance(NativeConstructorAccessorImpl.java:62)
	at java.base/jdk.internal.reflect.DelegatingConstructorAccessorImpl.newInstance(DelegatingConstructorAccessorImpl.java:45)
	at java.base/java.lang.reflect.Constructor.newInstance(Constructor.java:490)
	at ptolemy.util.test.junit.AutoKnownFailedTests.RunModel(AutoKnownFailedTests.java:105)
	at java.base/jdk.internal.reflect.NativeMethodAccessorImpl.invoke0(Native Method)
	at java.base/jdk.internal.reflect.NativeMethodAccessorImpl.invoke(NativeMethodAccessorImpl.java:62)
	at java.base/jdk.internal.reflect.DelegatingMethodAccessorImpl.invoke(DelegatingMethodAccessorImpl.java:43)
	at java.base/java.lang.reflect.Method.invoke(Method.java:566)
	at org.junit.runners.model.FrameworkMethod$1.runReflectiveCall(FrameworkMethod.java:44)
	at org.junit.internal.runners.model.ReflectiveCallable.run(ReflectiveCallable.java:15)
	at org.junit.runners.model.FrameworkMethod.invokeExplosively(FrameworkMethod.java:41)
	at junitparams.internal.InvokeParameterisedMethod.evaluate(InvokeParameterisedMethod.java:102)
	at org.junit.internal.runners.statements.FailOnTimeout$1.run(FailOnTimeout.java:28)
Caused by: ptolemy.kernel.util.IllegalActionException: Found a zero delay loop containing .dependencyLoop.original
  in .dependencyLoop and .dependencyLoop.original
	at ptolemy.actor.util.CausalityInterfaceForComposites._computeOutputPortDepth(CausalityInterfaceForComposites.java:759)
	at ptolemy.actor.util.CausalityInterfaceForComposites._computeInputDepth(CausalityInterfaceForComposites.java:696)
	at ptolemy.actor.util.CausalityInterfaceForComposites._computeOutputPortDepth(CausalityInterfaceForComposites.java:765)
	at ptolemy.actor.util.CausalityInterfaceForComposites._computeInputDepth(CausalityInterfaceForComposites.java:696)
	at ptolemy.actor.util.CausalityInterfaceForComposites._computeOutputPortDepth(CausalityInterfaceForComposites.java:765)
	at ptolemy.actor.util.CausalityInterfaceForComposites._computeInputDepth(CausalityInterfaceForComposites.java:696)
	at ptolemy.actor.util.CausalityInterfaceForComposites._computeActorDepth(CausalityInterfaceForComposites.java:532)
	at ptolemy.actor.util.CausalityInterfaceForComposites.checkForCycles(CausalityInterfaceForComposites.java:96)
	at ptolemy.domains.de.kernel.DEDirector.preinitialize(DEDirector.java:1338)
	at ptolemy.actor.CompositeActor.preinitialize(CompositeActor.java:1828)
	at ptolemy.actor.Manager.preinitializeAndResolveTypes(Manager.java:1040)
	at ptolemy.actor.Manager.initialize(Manager.java:710)
	at ptolemy.actor.Manager.execute(Manager.java:356)
	at ptolemy.actor.Manager.run(Manager.java:1263)
	at ptolemy.actor.Manager$PtolemyRunThread.run(Manager.java:1933)
java.lang.RuntimeException: Execution failed
	at ptolemy.moml.MoMLSimpleApplication$UnloadThread.run(MoMLSimpleApplication.java:402)
Caused by: ptolemy.kernel.util.IllegalActionException: Found a zero delay loop containing .dependencyLoop2.original
  in .dependencyLoop2 and .dependencyLoop2.original
	at ptolemy.actor.util.CausalityInterfaceForComposites._computeOutputPortDepth(CausalityInterfaceForComposites.java:759)
	at ptolemy.actor.util.CausalityInterfaceForComposites._computeInputDepth(CausalityInterfaceForComposites.java:696)
	at ptolemy.actor.util.CausalityInterfaceForComposites._computeOutputPortDepth(CausalityInterfaceForComposites.java:765)
	at ptolemy.actor.util.CausalityInterfaceForComposites._computeInputDepth(CausalityInterfaceForComposites.java:696)
	at ptolemy.actor.util.CausalityInterfaceForComposites._computeOutputPortDepth(CausalityInterfaceForComposites.java:765)
	at ptolemy.actor.util.CausalityInterfaceForComposites._computeInputDepth(CausalityInterfaceForComposites.java:696)
	at ptolemy.actor.util.CausalityInterfaceForComposites._computeActorDepth(CausalityInterfaceForComposites.java:532)
	at ptolemy.actor.util.CausalityInterfaceForComposites.checkForCycles(CausalityInterfaceForComposites.java:96)
	at ptolemy.domains.de.kernel.DEDirector.preinitialize(DEDirector.java:1338)
	at ptolemy.actor.CompositeActor.preinitialize(CompositeActor.java:1828)
	at ptolemy.actor.Manager.preinitializeAndResolveTypes(Manager.java:1040)
	at ptolemy.actor.Manager.initialize(Manager.java:710)
	at ptolemy.actor.Manager.execute(Manager.java:356)
	at ptolemy.actor.Manager.run(Manager.java:1263)
	at ptolemy.actor.Manager$PtolemyRunThread.run(Manager.java:1933)
java.lang.reflect.InvocationTargetException
	at java.base/jdk.internal.reflect.NativeConstructorAccessorImpl.newInstance0(Native Method)
	at java.base/jdk.internal.reflect.NativeConstructorAccessorImpl.newInstance(NativeConstructorAccessorImpl.java:62)
	at java.base/jdk.internal.reflect.DelegatingConstructorAccessorImpl.newInstance(DelegatingConstructorAccessorImpl.java:45)
	at java.base/java.lang.reflect.Constructor.newInstance(Constructor.java:490)
	at ptolemy.util.test.junit.AutoKnownFailedTests.RunModel(AutoKnownFailedTests.java:105)
	at java.base/jdk.internal.reflect.NativeMethodAccessorImpl.invoke0(Native Method)
	at java.base/jdk.internal.reflect.NativeMethodAccessorImpl.invoke(NativeMethodAccessorImpl.java:62)
	at java.base/jdk.internal.reflect.DelegatingMethodAccessorImpl.invoke(DelegatingMethodAccessorImpl.java:43)
	at java.base/java.lang.reflect.Method.invoke(Method.java:566)
	at org.junit.runners.model.FrameworkMethod$1.runReflectiveCall(FrameworkMethod.java:44)
	at org.junit.internal.runners.model.ReflectiveCallable.run(ReflectiveCallable.java:15)
	at org.junit.runners.model.FrameworkMethod.invokeExplosively(FrameworkMethod.java:41)
	at junitparams.internal.InvokeParameterisedMethod.evaluate(InvokeParameterisedMethod.java:102)
	at org.junit.internal.runners.statements.FailOnTimeout$1.run(FailOnTimeout.java:28)
Caused by: ptolemy.kernel.util.IllegalActionException: Found a zero delay loop containing .dependencyLoop2.original
  in .dependencyLoop2 and .dependencyLoop2.original
	at ptolemy.actor.util.CausalityInterfaceForComposites._computeOutputPortDepth(CausalityInterfaceForComposites.java:759)
	at ptolemy.actor.util.CausalityInterfaceForComposites._computeInputDepth(CausalityInterfaceForComposites.java:696)
	at ptolemy.actor.util.CausalityInterfaceForComposites._computeOutputPortDepth(CausalityInterfaceForComposites.java:765)
	at ptolemy.actor.util.CausalityInterfaceForComposites._computeInputDepth(CausalityInterfaceForComposites.java:696)
	at ptolemy.actor.util.CausalityInterfaceForComposites._computeOutputPortDepth(CausalityInterfaceForComposites.java:765)
	at ptolemy.actor.util.CausalityInterfaceForComposites._computeInputDepth(CausalityInterfaceForComposites.java:696)
	at ptolemy.actor.util.CausalityInterfaceForComposites._computeActorDepth(CausalityInterfaceForComposites.java:532)
	at ptolemy.actor.util.CausalityInterfaceForComposites.checkForCycles(CausalityInterfaceForComposites.java:96)
	at ptolemy.domains.de.kernel.DEDirector.preinitialize(DEDirector.java:1338)
	at ptolemy.actor.CompositeActor.preinitialize(CompositeActor.java:1828)
	at ptolemy.actor.Manager.preinitializeAndResolveTypes(Manager.java:1040)
	at ptolemy.actor.Manager.initialize(Manager.java:710)
	at ptolemy.actor.Manager.execute(Manager.java:356)
	at ptolemy.actor.Manager.run(Manager.java:1263)
	at ptolemy.actor.Manager$PtolemyRunThread.run(Manager.java:1933)
]]></system-err>
</testsuite>
