<?xml version="1.0" encoding="UTF-8" ?>
<testsuite errors="0" failures="0" hostname="travis-job-232632bc-f36d-4155-878a-28b42d4243cf" name="ptolemy.actor.lib.hoc.test.junit.JUnitTclTest" skipped="0" tests="58" time="29.692" timestamp="2019-12-27T06:25:40">
  <properties>
[...]
</properties>
  <testcase classname="ptolemy.util.test.junit.TclTests" name="[0] /home/travis/build/icyphy/ptII/ptolemy/actor/lib/hoc/test/IterateOverArray.tcl (RunTclFile)" time="0.26" />
  <testcase classname="ptolemy.util.test.junit.AutoKnownFailedTests" name="[0] /home/travis/build/icyphy/ptII/ptolemy/actor/lib/hoc/test/auto/knownFailedTests/PreinitializeMustBeInvokedRunComposite.xml (RunModel)" time="0.369" />
  <testcase classname="ptolemy.util.test.junit.AutoNameArchTests" name="[0] ThereAreNoAutoArchTests (RunModel)" time="0.008" />
  <testcase classname="ptolemy.util.test.junit.AutoTests" name="[0] /home/travis/build/icyphy/ptII/ptolemy/actor/lib/hoc/test/auto/AllToAllMultiInstanceComposite.xml (RunModel)" time="0.37" />
  <testcase classname="ptolemy.util.test.junit.AutoTests" name="[1] /home/travis/build/icyphy/ptII/ptolemy/actor/lib/hoc/test/auto/ApplyFFTTest.xml (RunModel)" time="0.446" />
  <testcase classname="ptolemy.util.test.junit.AutoTests" name="[2] /home/travis/build/icyphy/ptII/ptolemy/actor/lib/hoc/test/auto/ApplyFunction.xml (RunModel)" time="0.026" />
  <testcase classname="ptolemy.util.test.junit.AutoTests" name="[3] /home/travis/build/icyphy/ptII/ptolemy/actor/lib/hoc/test/auto/BackgroundExecution.xml (RunModel)" time="0.71" />
  <testcase classname="ptolemy.util.test.junit.AutoTests" name="[4] /home/travis/build/icyphy/ptII/ptolemy/actor/lib/hoc/test/auto/Case.xml (RunModel)" time="0.057" />
  <testcase classname="ptolemy.util.test.junit.AutoTests" name="[5] /home/travis/build/icyphy/ptII/ptolemy/actor/lib/hoc/test/auto/Case1.xml (RunModel)" time="0.046" />
  <testcase classname="ptolemy.util.test.junit.AutoTests" name="[6] /home/travis/build/icyphy/ptII/ptolemy/actor/lib/hoc/test/auto/Case2.xml (RunModel)" time="0.083" />
  <testcase classname="ptolemy.util.test.junit.AutoTests" name="[7] /home/travis/build/icyphy/ptII/ptolemy/actor/lib/hoc/test/auto/Case3.xml (RunModel)" time="0.061" />
  <testcase classname="ptolemy.util.test.junit.AutoTests" name="[8] /home/travis/build/icyphy/ptII/ptolemy/actor/lib/hoc/test/auto/Case4.xml (RunModel)" time="0.052" />
  <testcase classname="ptolemy.util.test.junit.AutoTests" name="[9] /home/travis/build/icyphy/ptII/ptolemy/actor/lib/hoc/test/auto/Case5.xml (RunModel)" time="0.042" />
  <testcase classname="ptolemy.util.test.junit.AutoTests" name="[10] /home/travis/build/icyphy/ptII/ptolemy/actor/lib/hoc/test/auto/Case6.xml (RunModel)" time="0.061" />
  <testcase classname="ptolemy.util.test.junit.AutoTests" name="[11] /home/travis/build/icyphy/ptII/ptolemy/actor/lib/hoc/test/auto/CaseString2.xml (RunModel)" time="0.052" />
  <testcase classname="ptolemy.util.test.junit.AutoTests" name="[12] /home/travis/build/icyphy/ptII/ptolemy/actor/lib/hoc/test/auto/CatchUpComposite1.xml (RunModel)" time="0.082" />
  <testcase classname="ptolemy.util.test.junit.AutoTests" name="[13] /home/travis/build/icyphy/ptII/ptolemy/actor/lib/hoc/test/auto/CatchUpComposite2.xml (RunModel)" time="0.074" />
  <testcase classname="ptolemy.util.test.junit.AutoTests" name="[14] /home/travis/build/icyphy/ptII/ptolemy/actor/lib/hoc/test/auto/CatchUpComposite3.xml (RunModel)" time="0.069" />
  <testcase classname="ptolemy.util.test.junit.AutoTests" name="[15] /home/travis/build/icyphy/ptII/ptolemy/actor/lib/hoc/test/auto/CatchUpComposite4.xml (RunModel)" time="0.055" />
  <testcase classname="ptolemy.util.test.junit.AutoTests" name="[16] /home/travis/build/icyphy/ptII/ptolemy/actor/lib/hoc/test/auto/CatchUpComposite5.xml (RunModel)" time="0.047" />
  <testcase classname="ptolemy.util.test.junit.AutoTests" name="[17] /home/travis/build/icyphy/ptII/ptolemy/actor/lib/hoc/test/auto/CatchUpComposite6.xml (RunModel)" time="0.137" />
  <testcase classname="ptolemy.util.test.junit.AutoTests" name="[18] /home/travis/build/icyphy/ptII/ptolemy/actor/lib/hoc/test/auto/CatchUpComposite7.xml (RunModel)" time="0.074" />
  <testcase classname="ptolemy.util.test.junit.AutoTests" name="[19] /home/travis/build/icyphy/ptII/ptolemy/actor/lib/hoc/test/auto/ConcurrentExecutionTimeSDF.xml (RunModel)" time="0.737" />
  <testcase classname="ptolemy.util.test.junit.AutoTests" name="[20] /home/travis/build/icyphy/ptII/ptolemy/actor/lib/hoc/test/auto/ConcurrentSleep.xml (RunModel)" time="0.758" />
  <testcase classname="ptolemy.util.test.junit.AutoTests" name="[21] /home/travis/build/icyphy/ptII/ptolemy/actor/lib/hoc/test/auto/DEInPNInRunCompositeActor.xml (RunModel)" time="0.034" />
  <testcase classname="ptolemy.util.test.junit.AutoTests" name="[22] /home/travis/build/icyphy/ptII/ptolemy/actor/lib/hoc/test/auto/DFTSubSetTest.xml (RunModel)" time="0.198" />
  <testcase classname="ptolemy.util.test.junit.AutoTests" name="[23] /home/travis/build/icyphy/ptII/ptolemy/actor/lib/hoc/test/auto/HocDE.xml (RunModel)" time="0.193" />
  <testcase classname="ptolemy.util.test.junit.AutoTests" name="[24] /home/travis/build/icyphy/ptII/ptolemy/actor/lib/hoc/test/auto/IterateOverArray.xml (RunModel)" time="0.034" />
  <testcase classname="ptolemy.util.test.junit.AutoTests" name="[25] /home/travis/build/icyphy/ptII/ptolemy/actor/lib/hoc/test/auto/IterateOverArray10.xml (RunModel)" time="0.016" />
  <testcase classname="ptolemy.util.test.junit.AutoTests" name="[26] /home/travis/build/icyphy/ptII/ptolemy/actor/lib/hoc/test/auto/IterateOverArray11.xml (RunModel)" time="0.017" />
  <testcase classname="ptolemy.util.test.junit.AutoTests" name="[27] /home/travis/build/icyphy/ptII/ptolemy/actor/lib/hoc/test/auto/IterateOverArray12.xml (RunModel)" time="0.033" />
  <testcase classname="ptolemy.util.test.junit.AutoTests" name="[28] /home/travis/build/icyphy/ptII/ptolemy/actor/lib/hoc/test/auto/IterateOverArray13.xml (RunModel)" time="0.145" />
  <testcase classname="ptolemy.util.test.junit.AutoTests" name="[29] /home/travis/build/icyphy/ptII/ptolemy/actor/lib/hoc/test/auto/IterateOverArray14.xml (RunModel)" time="0.169" />
  <testcase classname="ptolemy.util.test.junit.AutoTests" name="[30] /home/travis/build/icyphy/ptII/ptolemy/actor/lib/hoc/test/auto/IterateOverArray2.xml (RunModel)" time="0.027" />
  <testcase classname="ptolemy.util.test.junit.AutoTests" name="[31] /home/travis/build/icyphy/ptII/ptolemy/actor/lib/hoc/test/auto/IterateOverArray3.xml (RunModel)" time="0.043" />
  <testcase classname="ptolemy.util.test.junit.AutoTests" name="[32] /home/travis/build/icyphy/ptII/ptolemy/actor/lib/hoc/test/auto/IterateOverArray4.xml (RunModel)" time="0.018" />
  <testcase classname="ptolemy.util.test.junit.AutoTests" name="[33] /home/travis/build/icyphy/ptII/ptolemy/actor/lib/hoc/test/auto/IterateOverArray5.xml (RunModel)" time="0.018" />
  <testcase classname="ptolemy.util.test.junit.AutoTests" name="[34] /home/travis/build/icyphy/ptII/ptolemy/actor/lib/hoc/test/auto/IterateOverArray6.xml (RunModel)" time="0.012" />
  <testcase classname="ptolemy.util.test.junit.AutoTests" name="[35] /home/travis/build/icyphy/ptII/ptolemy/actor/lib/hoc/test/auto/IterateOverArray7.xml (RunModel)" time="0.018" />
  <testcase classname="ptolemy.util.test.junit.AutoTests" name="[36] /home/travis/build/icyphy/ptII/ptolemy/actor/lib/hoc/test/auto/IterateOverArray8.xml (RunModel)" time="0.02" />
  <testcase classname="ptolemy.util.test.junit.AutoTests" name="[37] /home/travis/build/icyphy/ptII/ptolemy/actor/lib/hoc/test/auto/IterateOverArray9.xml (RunModel)" time="0.021" />
  <testcase classname="ptolemy.util.test.junit.AutoTests" name="[38] /home/travis/build/icyphy/ptII/ptolemy/actor/lib/hoc/test/auto/IterateOverArrayCoercedOutputType.xml (RunModel)" time="0.036" />
  <testcase classname="ptolemy.util.test.junit.AutoTests" name="[39] /home/travis/build/icyphy/ptII/ptolemy/actor/lib/hoc/test/auto/IterateOverArrayInferredOutputType.xml (RunModel)" time="0.023" />
  <testcase classname="ptolemy.util.test.junit.AutoTests" name="[40] /home/travis/build/icyphy/ptII/ptolemy/actor/lib/hoc/test/auto/MobileFunctionTest.xml (RunModel)" time="0.031" />
  <testcase classname="ptolemy.util.test.junit.AutoTests" name="[41] /home/travis/build/icyphy/ptII/ptolemy/actor/lib/hoc/test/auto/MobileModelTest.xml (RunModel)" time="0.131" />
  <testcase classname="ptolemy.util.test.junit.AutoTests" name="[42] /home/travis/build/icyphy/ptII/ptolemy/actor/lib/hoc/test/auto/ModelReference.xml (RunModel)" time="0.056" />
  <testcase classname="ptolemy.util.test.junit.AutoTests" name="[43] /home/travis/build/icyphy/ptII/ptolemy/actor/lib/hoc/test/auto/ModelReference3.xml (RunModel)" time="0.047" />
  <testcase classname="ptolemy.util.test.junit.AutoTests" name="[44] /home/travis/build/icyphy/ptII/ptolemy/actor/lib/hoc/test/auto/ModelReference4.xml (RunModel)" time="10.03" />
  <testcase classname="ptolemy.util.test.junit.AutoTests" name="[45] /home/travis/build/icyphy/ptII/ptolemy/actor/lib/hoc/test/auto/MultiInstanceComposite.xml (RunModel)" time="0.048" />
  <testcase classname="ptolemy.util.test.junit.AutoTests" name="[46] /home/travis/build/icyphy/ptII/ptolemy/actor/lib/hoc/test/auto/MultiInstanceComposite2.xml (RunModel)" time="0.033" />
  <testcase classname="ptolemy.util.test.junit.AutoTests" name="[47] /home/travis/build/icyphy/ptII/ptolemy/actor/lib/hoc/test/auto/MulticoreExecution.xml (RunModel)" time="1.06" />
  <testcase classname="ptolemy.util.test.junit.AutoTests" name="[48] /home/travis/build/icyphy/ptII/ptolemy/actor/lib/hoc/test/auto/ParallelExecution.xml (RunModel)" time="0.924" />
  <testcase classname="ptolemy.util.test.junit.AutoTests" name="[49] /home/travis/build/icyphy/ptII/ptolemy/actor/lib/hoc/test/auto/RunCompositeActor.xml (RunModel)" time="0.029" />
  <testcase classname="ptolemy.util.test.junit.AutoTests" name="[50] /home/travis/build/icyphy/ptII/ptolemy/actor/lib/hoc/test/auto/RunCompositeActor2.xml (RunModel)" time="0.045" />
  <testcase classname="ptolemy.util.test.junit.AutoTests" name="[51] /home/travis/build/icyphy/ptII/ptolemy/actor/lib/hoc/test/auto/RunCompositeActor3.xml (RunModel)" time="0.015" />
  <testcase classname="ptolemy.util.test.junit.AutoTests" name="[52] /home/travis/build/icyphy/ptII/ptolemy/actor/lib/hoc/test/auto/RunCompositeActor4.xml (RunModel)" time="0.018" />
  <testcase classname="ptolemy.util.test.junit.AutoTests" name="[53] /home/travis/build/icyphy/ptII/ptolemy/actor/lib/hoc/test/auto/RunCompositeIterateOverArray.xml (RunModel)" time="0.033" />
  <testcase classname="ptolemy.util.test.junit.AutoTests" name="[54] /home/travis/build/icyphy/ptII/ptolemy/actor/lib/hoc/test/auto/ThreadedJS.xml (RunModel)" time="10.906" />
  <system-out><![CDATA[/home/travis/build/icyphy/ptII/ptolemy/actor/lib/hoc/test/IterateOverArray.tcl
testDefs.tcl: setting time out to 9000 seconds at Fri Dec 27 06:25:40 UTC 2019
12/27/19 06:25:40
Failed: 0  Total Tests: 2  ((Passed: 2, Newly Passed: 0)  Known Failed: 0) /home/travis/build/icyphy/ptII/ptolemy/actor/lib/hoc/test
----------------- testing (KnownFailure) /home/travis/build/icyphy/ptII/ptolemy/actor/lib/hoc/test/auto/knownFailedTests/PreinitializeMustBeInvokedRunComposite.xml
117 ms. Memory: 129024K Free: 88445K (69%)
Known Failure: java.lang.reflect.InvocationTargetException
No auto/linux-amd64/*.xml tests in /home/travis/build/icyphy/ptII/ptolemy/actor/lib/hoc/test
AutoTests.java: About to close Vertx.
AutoTests.java: Vertx closed.

===========================================================================================
----------------- testing Fri Dec 27 06:25:41 UTC 2019 /home/travis/build/icyphy/ptII/ptolemy/actor/lib/hoc/test/auto/AllToAllMultiInstanceComposite.xml
----------------- Instantiating /home/travis/build/icyphy/ptII/ptolemy/actor/lib/hoc/test/auto/AllToAllMultiInstanceComposite.xml
184 ms. Memory: 129024K Free: 103882K (81%)
----------------- Invoking toplevel() on ptolemy.moml.MoMLSimpleApplication@318298d3
----------------- Done invoking toplevel() on ptolemy.moml.MoMLSimpleApplication@318298d3
reloadAllAccessors: .AllToAllMultiInstanceComposite

===========================================================================================
----------------- testing Fri Dec 27 06:25:41 UTC 2019 /home/travis/build/icyphy/ptII/ptolemy/actor/lib/hoc/test/auto/ApplyFFTTest.xml
----------------- Instantiating /home/travis/build/icyphy/ptII/ptolemy/actor/lib/hoc/test/auto/ApplyFFTTest.xml
154 ms. Memory: 129024K Free: 111286K (86%)
----------------- Invoking toplevel() on ptolemy.moml.MoMLSimpleApplication@78132242
----------------- Done invoking toplevel() on ptolemy.moml.MoMLSimpleApplication@78132242
reloadAllAccessors: .ApplyFFTTest

===========================================================================================
----------------- testing Fri Dec 27 06:25:42 UTC 2019 /home/travis/build/icyphy/ptII/ptolemy/actor/lib/hoc/test/auto/ApplyFunction.xml
----------------- Instantiating /home/travis/build/icyphy/ptII/ptolemy/actor/lib/hoc/test/auto/ApplyFunction.xml
3 ms. Memory: 129024K Free: 108109K (84%)
----------------- Invoking toplevel() on ptolemy.moml.MoMLSimpleApplication@27bf9af6
----------------- Done invoking toplevel() on ptolemy.moml.MoMLSimpleApplication@27bf9af6
reloadAllAccessors: .ApplyFunction

===========================================================================================
----------------- testing Fri Dec 27 06:25:42 UTC 2019 /home/travis/build/icyphy/ptII/ptolemy/actor/lib/hoc/test/auto/BackgroundExecution.xml
----------------- Instantiating /home/travis/build/icyphy/ptII/ptolemy/actor/lib/hoc/test/auto/BackgroundExecution.xml
622 ms. Memory: 129024K Free: 100565K (78%)
----------------- Invoking toplevel() on ptolemy.moml.MoMLSimpleApplication@dbfb898
----------------- Done invoking toplevel() on ptolemy.moml.MoMLSimpleApplication@dbfb898
reloadAllAccessors: .BackgroundExecution

===========================================================================================
----------------- testing Fri Dec 27 06:25:42 UTC 2019 /home/travis/build/icyphy/ptII/ptolemy/actor/lib/hoc/test/auto/Case.xml
----------------- Instantiating /home/travis/build/icyphy/ptII/ptolemy/actor/lib/hoc/test/auto/Case.xml
21 ms. Memory: 129024K Free: 93576K (73%)
----------------- Invoking toplevel() on ptolemy.moml.MoMLSimpleApplication@34a1d27d
----------------- Done invoking toplevel() on ptolemy.moml.MoMLSimpleApplication@34a1d27d
reloadAllAccessors: .Case

===========================================================================================
----------------- testing Fri Dec 27 06:25:42 UTC 2019 /home/travis/build/icyphy/ptII/ptolemy/actor/lib/hoc/test/auto/Case1.xml
----------------- Instantiating /home/travis/build/icyphy/ptII/ptolemy/actor/lib/hoc/test/auto/Case1.xml
11 ms. Memory: 129024K Free: 87035K (67%)
----------------- Invoking toplevel() on ptolemy.moml.MoMLSimpleApplication@122ea090
----------------- Done invoking toplevel() on ptolemy.moml.MoMLSimpleApplication@122ea090
reloadAllAccessors: .Case1

===========================================================================================
----------------- testing Fri Dec 27 06:25:42 UTC 2019 /home/travis/build/icyphy/ptII/ptolemy/actor/lib/hoc/test/auto/Case2.xml
----------------- Instantiating /home/travis/build/icyphy/ptII/ptolemy/actor/lib/hoc/test/auto/Case2.xml
42 ms. Memory: 159744K Free: 142935K (89%)
----------------- Invoking toplevel() on ptolemy.moml.MoMLSimpleApplication@4ca5ed9d
----------------- Done invoking toplevel() on ptolemy.moml.MoMLSimpleApplication@4ca5ed9d
reloadAllAccessors: .Case2

===========================================================================================
----------------- testing Fri Dec 27 06:25:43 UTC 2019 /home/travis/build/icyphy/ptII/ptolemy/actor/lib/hoc/test/auto/Case3.xml
----------------- Instantiating /home/travis/build/icyphy/ptII/ptolemy/actor/lib/hoc/test/auto/Case3.xml
12 ms. Memory: 159744K Free: 136809K (86%)
----------------- Invoking toplevel() on ptolemy.moml.MoMLSimpleApplication@1ab385d8
----------------- Done invoking toplevel() on ptolemy.moml.MoMLSimpleApplication@1ab385d8
reloadAllAccessors: .Case3

===========================================================================================
----------------- testing Fri Dec 27 06:25:43 UTC 2019 /home/travis/build/icyphy/ptII/ptolemy/actor/lib/hoc/test/auto/Case4.xml
----------------- Instantiating /home/travis/build/icyphy/ptII/ptolemy/actor/lib/hoc/test/auto/Case4.xml
12 ms. Memory: 159744K Free: 128953K (81%)
----------------- Invoking toplevel() on ptolemy.moml.MoMLSimpleApplication@73f2db85
----------------- Done invoking toplevel() on ptolemy.moml.MoMLSimpleApplication@73f2db85
reloadAllAccessors: .Case4

===========================================================================================
----------------- testing Fri Dec 27 06:25:43 UTC 2019 /home/travis/build/icyphy/ptII/ptolemy/actor/lib/hoc/test/auto/Case5.xml
----------------- Instantiating /home/travis/build/icyphy/ptII/ptolemy/actor/lib/hoc/test/auto/Case5.xml
23 ms. Memory: 159744K Free: 122513K (77%)
----------------- Invoking toplevel() on ptolemy.moml.MoMLSimpleApplication@43e9b7be
----------------- Done invoking toplevel() on ptolemy.moml.MoMLSimpleApplication@43e9b7be
reloadAllAccessors: .junk

===========================================================================================
----------------- testing Fri Dec 27 06:25:43 UTC 2019 /home/travis/build/icyphy/ptII/ptolemy/actor/lib/hoc/test/auto/Case6.xml
----------------- Instantiating /home/travis/build/icyphy/ptII/ptolemy/actor/lib/hoc/test/auto/Case6.xml
22 ms. Memory: 159744K Free: 110561K (69%)
----------------- Invoking toplevel() on ptolemy.moml.MoMLSimpleApplication@7ca0d647
----------------- Done invoking toplevel() on ptolemy.moml.MoMLSimpleApplication@7ca0d647
reloadAllAccessors: .Case6

===========================================================================================
----------------- testing Fri Dec 27 06:25:43 UTC 2019 /home/travis/build/icyphy/ptII/ptolemy/actor/lib/hoc/test/auto/CaseString2.xml
----------------- Instantiating /home/travis/build/icyphy/ptII/ptolemy/actor/lib/hoc/test/auto/CaseString2.xml
12 ms. Memory: 159744K Free: 103025K (64%)
----------------- Invoking toplevel() on ptolemy.moml.MoMLSimpleApplication@41c02fc4
----------------- Done invoking toplevel() on ptolemy.moml.MoMLSimpleApplication@41c02fc4
reloadAllAccessors: .CaseString2

===========================================================================================
----------------- testing Fri Dec 27 06:25:43 UTC 2019 /home/travis/build/icyphy/ptII/ptolemy/actor/lib/hoc/test/auto/CatchUpComposite1.xml
----------------- Instantiating /home/travis/build/icyphy/ptII/ptolemy/actor/lib/hoc/test/auto/CatchUpComposite1.xml
28 ms. Memory: 159744K Free: 140904K (88%)
----------------- Invoking toplevel() on ptolemy.moml.MoMLSimpleApplication@65e21a52
----------------- Done invoking toplevel() on ptolemy.moml.MoMLSimpleApplication@65e21a52
reloadAllAccessors: .CatchUpComposite1

===========================================================================================
----------------- testing Fri Dec 27 06:25:43 UTC 2019 /home/travis/build/icyphy/ptII/ptolemy/actor/lib/hoc/test/auto/CatchUpComposite2.xml
----------------- Instantiating /home/travis/build/icyphy/ptII/ptolemy/actor/lib/hoc/test/auto/CatchUpComposite2.xml
14 ms. Memory: 159744K Free: 132536K (83%)
----------------- Invoking toplevel() on ptolemy.moml.MoMLSimpleApplication@52c0db0a
----------------- Done invoking toplevel() on ptolemy.moml.MoMLSimpleApplication@52c0db0a
reloadAllAccessors: .CatchUpComposite2

===========================================================================================
----------------- testing Fri Dec 27 06:25:43 UTC 2019 /home/travis/build/icyphy/ptII/ptolemy/actor/lib/hoc/test/auto/CatchUpComposite3.xml
----------------- Instantiating /home/travis/build/icyphy/ptII/ptolemy/actor/lib/hoc/test/auto/CatchUpComposite3.xml
21 ms. Memory: 159744K Free: 123953K (78%)
----------------- Invoking toplevel() on ptolemy.moml.MoMLSimpleApplication@1909e70c
----------------- Done invoking toplevel() on ptolemy.moml.MoMLSimpleApplication@1909e70c
reloadAllAccessors: .CatchUpComposite3

===========================================================================================
----------------- testing Fri Dec 27 06:25:43 UTC 2019 /home/travis/build/icyphy/ptII/ptolemy/actor/lib/hoc/test/auto/CatchUpComposite4.xml
----------------- Instantiating /home/travis/build/icyphy/ptII/ptolemy/actor/lib/hoc/test/auto/CatchUpComposite4.xml
18 ms. Memory: 159744K Free: 116152K (73%)
----------------- Invoking toplevel() on ptolemy.moml.MoMLSimpleApplication@479c792d
----------------- Done invoking toplevel() on ptolemy.moml.MoMLSimpleApplication@479c792d
reloadAllAccessors: .CatchUpComposite4

===========================================================================================
----------------- testing Fri Dec 27 06:25:43 UTC 2019 /home/travis/build/icyphy/ptII/ptolemy/actor/lib/hoc/test/auto/CatchUpComposite5.xml
----------------- Instantiating /home/travis/build/icyphy/ptII/ptolemy/actor/lib/hoc/test/auto/CatchUpComposite5.xml
15 ms. Memory: 159744K Free: 108593K (68%)
----------------- Invoking toplevel() on ptolemy.moml.MoMLSimpleApplication@670c00ea
----------------- Done invoking toplevel() on ptolemy.moml.MoMLSimpleApplication@670c00ea
reloadAllAccessors: .CatchUpComposite5

===========================================================================================
----------------- testing Fri Dec 27 06:25:43 UTC 2019 /home/travis/build/icyphy/ptII/ptolemy/actor/lib/hoc/test/auto/CatchUpComposite6.xml
----------------- Instantiating /home/travis/build/icyphy/ptII/ptolemy/actor/lib/hoc/test/auto/CatchUpComposite6.xml
WARNING: The execution aspects in this model can influence the timing of actors by delaying the 
execution, potentially changing the behavior. There is no guarantee that actors fire at the 
time they request to be fired. 
Use Ptides for deterministic DE behavior that is not influenced by execution aspects. 

79 ms. Memory: 159744K Free: 93868K (59%)
----------------- Invoking toplevel() on ptolemy.moml.MoMLSimpleApplication@1c9980c4
----------------- Done invoking toplevel() on ptolemy.moml.MoMLSimpleApplication@1c9980c4
reloadAllAccessors: .CatchUpComposite6

===========================================================================================
----------------- testing Fri Dec 27 06:25:43 UTC 2019 /home/travis/build/icyphy/ptII/ptolemy/actor/lib/hoc/test/auto/CatchUpComposite7.xml
----------------- Instantiating /home/travis/build/icyphy/ptII/ptolemy/actor/lib/hoc/test/auto/CatchUpComposite7.xml
WARNING: The execution aspects in this model can influence the timing of actors by delaying the 
execution, potentially changing the behavior. There is no guarantee that actors fire at the 
time they request to be fired. 
Use Ptides for deterministic DE behavior that is not influenced by execution aspects. 

22 ms. Memory: 159744K Free: 138593K (87%)
----------------- Invoking toplevel() on ptolemy.moml.MoMLSimpleApplication@1fea9b6e
----------------- Done invoking toplevel() on ptolemy.moml.MoMLSimpleApplication@1fea9b6e
reloadAllAccessors: .CatchUpComposite7

===========================================================================================
----------------- testing Fri Dec 27 06:25:43 UTC 2019 /home/travis/build/icyphy/ptII/ptolemy/actor/lib/hoc/test/auto/ConcurrentExecutionTimeSDF.xml
----------------- Instantiating /home/travis/build/icyphy/ptII/ptolemy/actor/lib/hoc/test/auto/ConcurrentExecutionTimeSDF.xml
Fired ExecutionTime: 40400000
Fired ExecutionTime: 40400000
Fired ExecutionTime: 40400000
Fired ExecutionTime: 40400000
Fired ExecutionTime: 40400000
Fired ExecutionTime: 40400000
Fired ExecutionTime: 40400000
Fired ExecutionTime: 40400000
Fired ExecutionTime: 40400000
Fired ExecutionTime: 40400000
Fired ExecutionTime: 40400000
Fired ExecutionTime: 40400000
Fired ExecutionTime: 40400000
Fired ExecutionTime: 40400000
Fired ExecutionTime: 40400000
Fired ExecutionTime: 40400000
Fired ExecutionTime: 40400000
Fired ExecutionTime: 40400000
Fired ExecutionTime: 40400000
Fired ExecutionTime: 40400000
718 ms. Memory: 159744K Free: 131896K (83%)
----------------- Invoking toplevel() on ptolemy.moml.MoMLSimpleApplication@142acc4f
----------------- Done invoking toplevel() on ptolemy.moml.MoMLSimpleApplication@142acc4f
reloadAllAccessors: .ConcurrentExecutionTimeSDF

===========================================================================================
----------------- testing Fri Dec 27 06:25:44 UTC 2019 /home/travis/build/icyphy/ptII/ptolemy/actor/lib/hoc/test/auto/ConcurrentSleep.xml
----------------- Instantiating /home/travis/build/icyphy/ptII/ptolemy/actor/lib/hoc/test/auto/ConcurrentSleep.xml
723 ms. Memory: 159744K Free: 121185K (76%)
----------------- Invoking toplevel() on ptolemy.moml.MoMLSimpleApplication@c5af529
----------------- Done invoking toplevel() on ptolemy.moml.MoMLSimpleApplication@c5af529
reloadAllAccessors: .ConcurrentSleep

===========================================================================================
----------------- testing Fri Dec 27 06:25:45 UTC 2019 /home/travis/build/icyphy/ptII/ptolemy/actor/lib/hoc/test/auto/DEInPNInRunCompositeActor.xml
----------------- Instantiating /home/travis/build/icyphy/ptII/ptolemy/actor/lib/hoc/test/auto/DEInPNInRunCompositeActor.xml
11 ms. Memory: 159744K Free: 115011K (72%)
----------------- Invoking toplevel() on ptolemy.moml.MoMLSimpleApplication@3fc36a0e
----------------- Done invoking toplevel() on ptolemy.moml.MoMLSimpleApplication@3fc36a0e
reloadAllAccessors: .DEInPNInRunCompositeActor

===========================================================================================
----------------- testing Fri Dec 27 06:25:45 UTC 2019 /home/travis/build/icyphy/ptII/ptolemy/actor/lib/hoc/test/auto/DFTSubSetTest.xml
----------------- Instantiating /home/travis/build/icyphy/ptII/ptolemy/actor/lib/hoc/test/auto/DFTSubSetTest.xml
142 ms. Memory: 159744K Free: 141821K (89%)
----------------- Invoking toplevel() on ptolemy.moml.MoMLSimpleApplication@5d77854e
----------------- Done invoking toplevel() on ptolemy.moml.MoMLSimpleApplication@5d77854e
reloadAllAccessors: .DFTSubSetTest

===========================================================================================
----------------- testing Fri Dec 27 06:25:45 UTC 2019 /home/travis/build/icyphy/ptII/ptolemy/actor/lib/hoc/test/auto/HocDE.xml
----------------- Instantiating /home/travis/build/icyphy/ptII/ptolemy/actor/lib/hoc/test/auto/HocDE.xml
155 ms. Memory: 159744K Free: 116735K (73%)
----------------- Invoking toplevel() on ptolemy.moml.MoMLSimpleApplication@580124c7
----------------- Done invoking toplevel() on ptolemy.moml.MoMLSimpleApplication@580124c7
reloadAllAccessors: .HocDE

===========================================================================================
----------------- testing Fri Dec 27 06:25:45 UTC 2019 /home/travis/build/icyphy/ptII/ptolemy/actor/lib/hoc/test/auto/IterateOverArray.xml
----------------- Instantiating /home/travis/build/icyphy/ptII/ptolemy/actor/lib/hoc/test/auto/IterateOverArray.xml
6 ms. Memory: 159744K Free: 112639K (71%)
----------------- Invoking toplevel() on ptolemy.moml.MoMLSimpleApplication@42eefed5
----------------- Done invoking toplevel() on ptolemy.moml.MoMLSimpleApplication@42eefed5
reloadAllAccessors: .IterateOverArray

===========================================================================================
----------------- testing Fri Dec 27 06:25:45 UTC 2019 /home/travis/build/icyphy/ptII/ptolemy/actor/lib/hoc/test/auto/IterateOverArray10.xml
----------------- Instantiating /home/travis/build/icyphy/ptII/ptolemy/actor/lib/hoc/test/auto/IterateOverArray10.xml
4 ms. Memory: 159744K Free: 109053K (68%)
----------------- Invoking toplevel() on ptolemy.moml.MoMLSimpleApplication@4149cc17
----------------- Done invoking toplevel() on ptolemy.moml.MoMLSimpleApplication@4149cc17
reloadAllAccessors: .IterateOverArray10

===========================================================================================
----------------- testing Fri Dec 27 06:25:45 UTC 2019 /home/travis/build/icyphy/ptII/ptolemy/actor/lib/hoc/test/auto/IterateOverArray11.xml
----------------- Instantiating /home/travis/build/icyphy/ptII/ptolemy/actor/lib/hoc/test/auto/IterateOverArray11.xml
5 ms. Memory: 159744K Free: 104957K (66%)
----------------- Invoking toplevel() on ptolemy.moml.MoMLSimpleApplication@65c225c5
----------------- Done invoking toplevel() on ptolemy.moml.MoMLSimpleApplication@65c225c5
reloadAllAccessors: .IterateOverArray11

===========================================================================================
----------------- testing Fri Dec 27 06:25:45 UTC 2019 /home/travis/build/icyphy/ptII/ptolemy/actor/lib/hoc/test/auto/IterateOverArray12.xml
----------------- Instantiating /home/travis/build/icyphy/ptII/ptolemy/actor/lib/hoc/test/auto/IterateOverArray12.xml
15 ms. Memory: 159744K Free: 98813K (62%)
----------------- Invoking toplevel() on ptolemy.moml.MoMLSimpleApplication@31311317
----------------- Done invoking toplevel() on ptolemy.moml.MoMLSimpleApplication@31311317
reloadAllAccessors: .IterateOverArray12

===========================================================================================
----------------- testing Fri Dec 27 06:25:45 UTC 2019 /home/travis/build/icyphy/ptII/ptolemy/actor/lib/hoc/test/auto/IterateOverArray13.xml
----------------- Instantiating /home/travis/build/icyphy/ptII/ptolemy/actor/lib/hoc/test/auto/IterateOverArray13.xml
77 ms. Memory: 159744K Free: 72703K (46%)
----------------- Invoking toplevel() on ptolemy.moml.MoMLSimpleApplication@1b244cd9
----------------- Done invoking toplevel() on ptolemy.moml.MoMLSimpleApplication@1b244cd9
reloadAllAccessors: .IterateOverArray13

===========================================================================================
----------------- testing Fri Dec 27 06:25:46 UTC 2019 /home/travis/build/icyphy/ptII/ptolemy/actor/lib/hoc/test/auto/IterateOverArray14.xml
----------------- Instantiating /home/travis/build/icyphy/ptII/ptolemy/actor/lib/hoc/test/auto/IterateOverArray14.xml
73 ms. Memory: 159744K Free: 119695K (75%)
----------------- Invoking toplevel() on ptolemy.moml.MoMLSimpleApplication@190922da
----------------- Done invoking toplevel() on ptolemy.moml.MoMLSimpleApplication@190922da
reloadAllAccessors: .IterateOverArray14

===========================================================================================
----------------- testing Fri Dec 27 06:25:46 UTC 2019 /home/travis/build/icyphy/ptII/ptolemy/actor/lib/hoc/test/auto/IterateOverArray2.xml
----------------- Instantiating /home/travis/build/icyphy/ptII/ptolemy/actor/lib/hoc/test/auto/IterateOverArray2.xml
8 ms. Memory: 159744K Free: 115089K (72%)
----------------- Invoking toplevel() on ptolemy.moml.MoMLSimpleApplication@4645f422
----------------- Done invoking toplevel() on ptolemy.moml.MoMLSimpleApplication@4645f422
reloadAllAccessors: .IterateOverArray2

===========================================================================================
----------------- testing Fri Dec 27 06:25:46 UTC 2019 /home/travis/build/icyphy/ptII/ptolemy/actor/lib/hoc/test/auto/IterateOverArray3.xml
----------------- Instantiating /home/travis/build/icyphy/ptII/ptolemy/actor/lib/hoc/test/auto/IterateOverArray3.xml
18 ms. Memory: 159744K Free: 109455K (69%)
----------------- Invoking toplevel() on ptolemy.moml.MoMLSimpleApplication@5ebf21db
----------------- Done invoking toplevel() on ptolemy.moml.MoMLSimpleApplication@5ebf21db
reloadAllAccessors: .IterateOverArray3

===========================================================================================
----------------- testing Fri Dec 27 06:25:46 UTC 2019 /home/travis/build/icyphy/ptII/ptolemy/actor/lib/hoc/test/auto/IterateOverArray4.xml
----------------- Instantiating /home/travis/build/icyphy/ptII/ptolemy/actor/lib/hoc/test/auto/IterateOverArray4.xml
5 ms. Memory: 159744K Free: 105359K (66%)
----------------- Invoking toplevel() on ptolemy.moml.MoMLSimpleApplication@7bf1d1fa
----------------- Done invoking toplevel() on ptolemy.moml.MoMLSimpleApplication@7bf1d1fa
reloadAllAccessors: .IterateOverArray4

===========================================================================================
----------------- testing Fri Dec 27 06:25:46 UTC 2019 /home/travis/build/icyphy/ptII/ptolemy/actor/lib/hoc/test/auto/IterateOverArray5.xml
----------------- Instantiating /home/travis/build/icyphy/ptII/ptolemy/actor/lib/hoc/test/auto/IterateOverArray5.xml
3 ms. Memory: 159744K Free: 101263K (63%)
----------------- Invoking toplevel() on ptolemy.moml.MoMLSimpleApplication@6cd68ea5
----------------- Done invoking toplevel() on ptolemy.moml.MoMLSimpleApplication@6cd68ea5
reloadAllAccessors: .IterateOverArray5

===========================================================================================
----------------- testing Fri Dec 27 06:25:46 UTC 2019 /home/travis/build/icyphy/ptII/ptolemy/actor/lib/hoc/test/auto/IterateOverArray6.xml
----------------- Instantiating /home/travis/build/icyphy/ptII/ptolemy/actor/lib/hoc/test/auto/IterateOverArray6.xml
3 ms. Memory: 159744K Free: 97681K (61%)
----------------- Invoking toplevel() on ptolemy.moml.MoMLSimpleApplication@6000a0eb
----------------- Done invoking toplevel() on ptolemy.moml.MoMLSimpleApplication@6000a0eb
reloadAllAccessors: .IterateOverArray6

===========================================================================================
----------------- testing Fri Dec 27 06:25:46 UTC 2019 /home/travis/build/icyphy/ptII/ptolemy/actor/lib/hoc/test/auto/IterateOverArray7.xml
----------------- Instantiating /home/travis/build/icyphy/ptII/ptolemy/actor/lib/hoc/test/auto/IterateOverArray7.xml
4 ms. Memory: 159744K Free: 93071K (58%)
----------------- Invoking toplevel() on ptolemy.moml.MoMLSimpleApplication@25ba72f
----------------- Done invoking toplevel() on ptolemy.moml.MoMLSimpleApplication@25ba72f
reloadAllAccessors: .IterateOverArray7

===========================================================================================
----------------- testing Fri Dec 27 06:25:46 UTC 2019 /home/travis/build/icyphy/ptII/ptolemy/actor/lib/hoc/test/auto/IterateOverArray8.xml
----------------- Instantiating /home/travis/build/icyphy/ptII/ptolemy/actor/lib/hoc/test/auto/IterateOverArray8.xml
5 ms. Memory: 159744K Free: 88975K (56%)
----------------- Invoking toplevel() on ptolemy.moml.MoMLSimpleApplication@6360c640
----------------- Done invoking toplevel() on ptolemy.moml.MoMLSimpleApplication@6360c640
reloadAllAccessors: .IterateOverArray8

===========================================================================================
----------------- testing Fri Dec 27 06:25:46 UTC 2019 /home/travis/build/icyphy/ptII/ptolemy/actor/lib/hoc/test/auto/IterateOverArray9.xml
----------------- Instantiating /home/travis/build/icyphy/ptII/ptolemy/actor/lib/hoc/test/auto/IterateOverArray9.xml
6 ms. Memory: 159744K Free: 84879K (53%)
----------------- Invoking toplevel() on ptolemy.moml.MoMLSimpleApplication@1d3521be
----------------- Done invoking toplevel() on ptolemy.moml.MoMLSimpleApplication@1d3521be
reloadAllAccessors: .IterateOverArray9

===========================================================================================
----------------- testing Fri Dec 27 06:25:46 UTC 2019 /home/travis/build/icyphy/ptII/ptolemy/actor/lib/hoc/test/auto/IterateOverArrayCoercedOutputType.xml
----------------- Instantiating /home/travis/build/icyphy/ptII/ptolemy/actor/lib/hoc/test/auto/IterateOverArrayCoercedOutputType.xml
6 ms. Memory: 159744K Free: 79759K (50%)
----------------- Invoking toplevel() on ptolemy.moml.MoMLSimpleApplication@76f2c451
----------------- Done invoking toplevel() on ptolemy.moml.MoMLSimpleApplication@76f2c451
reloadAllAccessors: .IterateOverArrayCoercedOutputType

===========================================================================================
----------------- testing Fri Dec 27 06:25:46 UTC 2019 /home/travis/build/icyphy/ptII/ptolemy/actor/lib/hoc/test/auto/IterateOverArrayInferredOutputType.xml
----------------- Instantiating /home/travis/build/icyphy/ptII/ptolemy/actor/lib/hoc/test/auto/IterateOverArrayInferredOutputType.xml
7 ms. Memory: 159744K Free: 75153K (47%)
----------------- Invoking toplevel() on ptolemy.moml.MoMLSimpleApplication@5ea4f21d
----------------- Done invoking toplevel() on ptolemy.moml.MoMLSimpleApplication@5ea4f21d
reloadAllAccessors: .IterateOverArrayInferredOutputType

===========================================================================================
----------------- testing Fri Dec 27 06:25:46 UTC 2019 /home/travis/build/icyphy/ptII/ptolemy/actor/lib/hoc/test/auto/MobileFunctionTest.xml
----------------- Instantiating /home/travis/build/icyphy/ptII/ptolemy/actor/lib/hoc/test/auto/MobileFunctionTest.xml
5 ms. Memory: 159744K Free: 70537K (44%)
----------------- Invoking toplevel() on ptolemy.moml.MoMLSimpleApplication@58c4f96
----------------- Done invoking toplevel() on ptolemy.moml.MoMLSimpleApplication@58c4f96
reloadAllAccessors: .MobileFunctionTest

===========================================================================================
----------------- testing Fri Dec 27 06:25:46 UTC 2019 /home/travis/build/icyphy/ptII/ptolemy/actor/lib/hoc/test/auto/MobileModelTest.xml
----------------- Instantiating /home/travis/build/icyphy/ptII/ptolemy/actor/lib/hoc/test/auto/MobileModelTest.xml
109 ms. Memory: 192512K Free: 175054K (91%)
----------------- Invoking toplevel() on ptolemy.moml.MoMLSimpleApplication@6d5c49af
----------------- Done invoking toplevel() on ptolemy.moml.MoMLSimpleApplication@6d5c49af
reloadAllAccessors: .MobileModelTest

===========================================================================================
----------------- testing Fri Dec 27 06:25:46 UTC 2019 /home/travis/build/icyphy/ptII/ptolemy/actor/lib/hoc/test/auto/ModelReference.xml
----------------- Instantiating /home/travis/build/icyphy/ptII/ptolemy/actor/lib/hoc/test/auto/ModelReference.xml
3 ms. Memory: 192512K Free: 168277K (87%)
4 ms. Memory: 192512K Free: 167767K (87%)
2 ms. Memory: 192512K Free: 166743K (87%)
2 ms. Memory: 192512K Free: 165719K (86%)
2 ms. Memory: 192512K Free: 165191K (86%)
2 ms. Memory: 192512K Free: 164181K (85%)
2 ms. Memory: 192512K Free: 163671K (85%)
1 ms. Memory: 192512K Free: 162647K (84%)
2 ms. Memory: 192512K Free: 162103K (84%)
1 ms. Memory: 192512K Free: 161095K (84%)
32 ms. Memory: 192512K Free: 161095K (84%)
----------------- Invoking toplevel() on ptolemy.moml.MoMLSimpleApplication@6b2df8b
----------------- Done invoking toplevel() on ptolemy.moml.MoMLSimpleApplication@6b2df8b
reloadAllAccessors: .ModelReference

===========================================================================================
----------------- testing Fri Dec 27 06:25:46 UTC 2019 /home/travis/build/icyphy/ptII/ptolemy/actor/lib/hoc/test/auto/ModelReference3.xml
----------------- Instantiating /home/travis/build/icyphy/ptII/ptolemy/actor/lib/hoc/test/auto/ModelReference3.xml
2 ms. Memory: 192512K Free: 155989K (81%)
4 ms. Memory: 192512K Free: 155479K (81%)
2 ms. Memory: 192512K Free: 154455K (80%)
4 ms. Memory: 192512K Free: 153941K (80%)
3 ms. Memory: 192512K Free: 152903K (79%)
1 ms. Memory: 192512K Free: 151879K (79%)
3 ms. Memory: 192512K Free: 151383K (79%)
2 ms. Memory: 192512K Free: 150359K (78%)
2 ms. Memory: 192512K Free: 149839K (78%)
2 ms. Memory: 192512K Free: 148791K (77%)
35 ms. Memory: 192512K Free: 148791K (77%)
----------------- Invoking toplevel() on ptolemy.moml.MoMLSimpleApplication@5b896731
----------------- Done invoking toplevel() on ptolemy.moml.MoMLSimpleApplication@5b896731
reloadAllAccessors: .ModelReference3

===========================================================================================
----------------- testing Fri Dec 27 06:25:46 UTC 2019 /home/travis/build/icyphy/ptII/ptolemy/actor/lib/hoc/test/auto/ModelReference4.xml
----------------- Instantiating /home/travis/build/icyphy/ptII/ptolemy/actor/lib/hoc/test/auto/ModelReference4.xml
2 ms. Memory: 192512K Free: 144215K (75%)
2 ms. Memory: 192512K Free: 142671K (74%)
2 ms. Memory: 192512K Free: 141639K (74%)
2 ms. Memory: 192512K Free: 140629K (73%)
5 ms. Memory: 192512K Free: 138551K (72%)
6 ms. Memory: 192512K Free: 137557K (71%)
2 ms. Memory: 192512K Free: 136023K (71%)
2 ms. Memory: 192512K Free: 134999K (70%)
2 ms. Memory: 192512K Free: 133975K (70%)
2 ms. Memory: 192512K Free: 132407K (69%)
10014 ms. Memory: 192512K Free: 132407K (69%)
----------------- Invoking toplevel() on ptolemy.moml.MoMLSimpleApplication@18d884fd
----------------- Done invoking toplevel() on ptolemy.moml.MoMLSimpleApplication@18d884fd
reloadAllAccessors: .ModelReference4

===========================================================================================
----------------- testing Fri Dec 27 06:25:56 UTC 2019 /home/travis/build/icyphy/ptII/ptolemy/actor/lib/hoc/test/auto/MultiInstanceComposite.xml
----------------- Instantiating /home/travis/build/icyphy/ptII/ptolemy/actor/lib/hoc/test/auto/MultiInstanceComposite.xml
24 ms. Memory: 192512K Free: 113495K (59%)
----------------- Invoking toplevel() on ptolemy.moml.MoMLSimpleApplication@54089d9e
----------------- Done invoking toplevel() on ptolemy.moml.MoMLSimpleApplication@54089d9e
reloadAllAccessors: .MultiInstanceComposite

===========================================================================================
----------------- testing Fri Dec 27 06:25:56 UTC 2019 /home/travis/build/icyphy/ptII/ptolemy/actor/lib/hoc/test/auto/MultiInstanceComposite2.xml
----------------- Instantiating /home/travis/build/icyphy/ptII/ptolemy/actor/lib/hoc/test/auto/MultiInstanceComposite2.xml
19 ms. Memory: 192512K Free: 102231K (53%)
----------------- Invoking toplevel() on ptolemy.moml.MoMLSimpleApplication@56d9d09
----------------- Done invoking toplevel() on ptolemy.moml.MoMLSimpleApplication@56d9d09
reloadAllAccessors: .MultiInstanceComposite2

===========================================================================================
----------------- testing Fri Dec 27 06:25:56 UTC 2019 /home/travis/build/icyphy/ptII/ptolemy/actor/lib/hoc/test/auto/MulticoreExecution.xml
----------------- Instantiating /home/travis/build/icyphy/ptII/ptolemy/actor/lib/hoc/test/auto/MulticoreExecution.xml
Fired ExecutionTime: 2400000
Fired ExecutionTime: 4400000
Fired ExecutionTime: 50000000
Fired ExecutionTime: 52800000
Fired ExecutionTime: 62800000
Fired ExecutionTime: 36800000
Fired ExecutionTime: 110000000
Fired ExecutionTime: 107600000
Fired ExecutionTime: 109200000
Fired ExecutionTime: 108400000
Fired ExecutionTime: 108800000
Fired ExecutionTime: 109600000
Fired ExecutionTime: 109200000
Fired ExecutionTime: 109600000
Fired ExecutionTime: 108800000
Fired ExecutionTime: 110000000
Fired ExecutionTime: 111600000
Fired ExecutionTime: 110000000
Fired ExecutionTime: 102800000
Fired ExecutionTime: 107200000
1045 ms. Memory: 192512K Free: 93525K (49%)
----------------- Invoking toplevel() on ptolemy.moml.MoMLSimpleApplication@64388436
----------------- Done invoking toplevel() on ptolemy.moml.MoMLSimpleApplication@64388436
reloadAllAccessors: .MulticoreExecution

===========================================================================================
----------------- testing Fri Dec 27 06:25:57 UTC 2019 /home/travis/build/icyphy/ptII/ptolemy/actor/lib/hoc/test/auto/ParallelExecution.xml
----------------- Instantiating /home/travis/build/icyphy/ptII/ptolemy/actor/lib/hoc/test/auto/ParallelExecution.xml
910 ms. Memory: 192512K Free: 85847K (45%)
----------------- Invoking toplevel() on ptolemy.moml.MoMLSimpleApplication@7cd4cb2b
----------------- Done invoking toplevel() on ptolemy.moml.MoMLSimpleApplication@7cd4cb2b
reloadAllAccessors: .ParallelExecution

===========================================================================================
----------------- testing Fri Dec 27 06:25:58 UTC 2019 /home/travis/build/icyphy/ptII/ptolemy/actor/lib/hoc/test/auto/RunCompositeActor.xml
----------------- Instantiating /home/travis/build/icyphy/ptII/ptolemy/actor/lib/hoc/test/auto/RunCompositeActor.xml
7 ms. Memory: 192512K Free: 78679K (41%)
----------------- Invoking toplevel() on ptolemy.moml.MoMLSimpleApplication@7fa50307
----------------- Done invoking toplevel() on ptolemy.moml.MoMLSimpleApplication@7fa50307
reloadAllAccessors: .RunCompositeActor

===========================================================================================
----------------- testing Fri Dec 27 06:25:58 UTC 2019 /home/travis/build/icyphy/ptII/ptolemy/actor/lib/hoc/test/auto/RunCompositeActor2.xml
----------------- Instantiating /home/travis/build/icyphy/ptII/ptolemy/actor/lib/hoc/test/auto/RunCompositeActor2.xml
6 ms. Memory: 192512K Free: 72535K (38%)
----------------- Invoking toplevel() on ptolemy.moml.MoMLSimpleApplication@5ae13559
----------------- Done invoking toplevel() on ptolemy.moml.MoMLSimpleApplication@5ae13559
reloadAllAccessors: .RunCompositeActor2

===========================================================================================
----------------- testing Fri Dec 27 06:25:58 UTC 2019 /home/travis/build/icyphy/ptII/ptolemy/actor/lib/hoc/test/auto/RunCompositeActor3.xml
----------------- Instantiating /home/travis/build/icyphy/ptII/ptolemy/actor/lib/hoc/test/auto/RunCompositeActor3.xml
3 ms. Memory: 192512K Free: 172200K (89%)
----------------- Invoking toplevel() on ptolemy.moml.MoMLSimpleApplication@161c5537
----------------- Done invoking toplevel() on ptolemy.moml.MoMLSimpleApplication@161c5537
reloadAllAccessors: .RunCompositeActor3

===========================================================================================
----------------- testing Fri Dec 27 06:25:58 UTC 2019 /home/travis/build/icyphy/ptII/ptolemy/actor/lib/hoc/test/auto/RunCompositeActor4.xml
----------------- Instantiating /home/travis/build/icyphy/ptII/ptolemy/actor/lib/hoc/test/auto/RunCompositeActor4.xml
8 ms. Memory: 192512K Free: 163994K (85%)
----------------- Invoking toplevel() on ptolemy.moml.MoMLSimpleApplication@7d137dd1
----------------- Done invoking toplevel() on ptolemy.moml.MoMLSimpleApplication@7d137dd1
reloadAllAccessors: .RunCompositeActor4

===========================================================================================
----------------- testing Fri Dec 27 06:25:58 UTC 2019 /home/travis/build/icyphy/ptII/ptolemy/actor/lib/hoc/test/auto/RunCompositeIterateOverArray.xml
----------------- Instantiating /home/travis/build/icyphy/ptII/ptolemy/actor/lib/hoc/test/auto/RunCompositeIterateOverArray.xml
4 ms. Memory: 192512K Free: 157864K (82%)
----------------- Invoking toplevel() on ptolemy.moml.MoMLSimpleApplication@4f840878
----------------- Done invoking toplevel() on ptolemy.moml.MoMLSimpleApplication@4f840878
reloadAllAccessors: .RunCompositeIterateOverArray

===========================================================================================
----------------- testing Fri Dec 27 06:25:59 UTC 2019 /home/travis/build/icyphy/ptII/ptolemy/actor/lib/hoc/test/auto/ThreadedJS.xml
----------------- Instantiating /home/travis/build/icyphy/ptII/ptolemy/actor/lib/hoc/test/auto/ThreadedJS.xml
5030 ms. Memory: 231424K Free: 103934K (45%)
----------------- Invoking toplevel() on ptolemy.moml.MoMLSimpleApplication@5ccb0680
----------------- Done invoking toplevel() on ptolemy.moml.MoMLSimpleApplication@5ccb0680
reloadAllAccessors: .ThreadedJS
AutoTests.java: About to close Vertx.
AutoTests.java: Vertx closed.
]]></system-out>
  <system-err><![CDATA[java.lang.RuntimeException: Execution failed
	at ptolemy.moml.MoMLSimpleApplication$UnloadThread.run(MoMLSimpleApplication.java:402)
Caused by: ptolemy.kernel.util.IllegalActionException: initialize() was called after wrapup() was called but preinitialize() was not called after wrapup().
	at ptolemy.actor.lib.hoc.test.PreinitializeMustBeInvoked.initialize(PreinitializeMustBeInvoked.java:78)
	at ptolemy.actor.Director.initialize(Director.java:938)
	at ptolemy.actor.Director.initialize(Director.java:907)
	at ptolemy.actor.sched.StaticSchedulingDirector.initialize(StaticSchedulingDirector.java:159)
	at ptolemy.domains.sdf.kernel.SDFDirector.initialize(SDFDirector.java:544)
	at ptolemy.actor.CompositeActor.initialize(CompositeActor.java:935)
	at ptolemy.actor.lib.hoc.LifeCycleManager._executeInsideModel(LifeCycleManager.java:339)
	at ptolemy.actor.lib.hoc.RunCompositeActor.fire(RunCompositeActor.java:205)
	at ptolemy.actor.CompositeActor.iterate(CompositeActor.java:1146)
	at ptolemy.actor.sched.StaticSchedulingDirector.fire(StaticSchedulingDirector.java:216)
	at ptolemy.domains.sdf.kernel.SDFDirector.fire(SDFDirector.java:500)
	at ptolemy.actor.CompositeActor.fire(CompositeActor.java:455)
	at ptolemy.actor.Manager.iterate(Manager.java:851)
	at ptolemy.actor.Manager.execute(Manager.java:369)
	at ptolemy.actor.Manager.run(Manager.java:1263)
	at ptolemy.actor.Manager$PtolemyRunThread.run(Manager.java:1933)
java.lang.reflect.InvocationTargetException
	at java.base/jdk.internal.reflect.NativeConstructorAccessorImpl.newInstance0(Native Method)
	at java.base/jdk.internal.reflect.NativeConstructorAccessorImpl.newInstance(NativeConstructorAccessorImpl.java:62)
	at java.base/jdk.internal.reflect.DelegatingConstructorAccessorImpl.newInstance(DelegatingConstructorAccessorImpl.java:45)
	at java.base/java.lang.reflect.Constructor.newInstance(Constructor.java:490)
	at ptolemy.util.test.junit.AutoKnownFailedTests.RunModel(AutoKnownFailedTests.java:105)
	at java.base/jdk.internal.reflect.NativeMethodAccessorImpl.invoke0(Native Method)
	at java.base/jdk.internal.reflect.NativeMethodAccessorImpl.invoke(NativeMethodAccessorImpl.java:62)
	at java.base/jdk.internal.reflect.DelegatingMethodAccessorImpl.invoke(DelegatingMethodAccessorImpl.java:43)
	at java.base/java.lang.reflect.Method.invoke(Method.java:566)
	at org.junit.runners.model.FrameworkMethod$1.runReflectiveCall(FrameworkMethod.java:44)
	at org.junit.internal.runners.model.ReflectiveCallable.run(ReflectiveCallable.java:15)
	at org.junit.runners.model.FrameworkMethod.invokeExplosively(FrameworkMethod.java:41)
	at junitparams.internal.InvokeParameterisedMethod.evaluate(InvokeParameterisedMethod.java:102)
	at org.junit.internal.runners.statements.FailOnTimeout$1.run(FailOnTimeout.java:28)
Caused by: ptolemy.kernel.util.IllegalActionException: initialize() was called after wrapup() was called but preinitialize() was not called after wrapup().
	at ptolemy.actor.lib.hoc.test.PreinitializeMustBeInvoked.initialize(PreinitializeMustBeInvoked.java:78)
	at ptolemy.actor.Director.initialize(Director.java:938)
	at ptolemy.actor.Director.initialize(Director.java:907)
	at ptolemy.actor.sched.StaticSchedulingDirector.initialize(StaticSchedulingDirector.java:159)
	at ptolemy.domains.sdf.kernel.SDFDirector.initialize(SDFDirector.java:544)
	at ptolemy.actor.CompositeActor.initialize(CompositeActor.java:935)
	at ptolemy.actor.lib.hoc.LifeCycleManager._executeInsideModel(LifeCycleManager.java:339)
	at ptolemy.actor.lib.hoc.RunCompositeActor.fire(RunCompositeActor.java:205)
	at ptolemy.actor.CompositeActor.iterate(CompositeActor.java:1146)
	at ptolemy.actor.sched.StaticSchedulingDirector.fire(StaticSchedulingDirector.java:216)
	at ptolemy.domains.sdf.kernel.SDFDirector.fire(SDFDirector.java:500)
	at ptolemy.actor.CompositeActor.fire(CompositeActor.java:455)
	at ptolemy.actor.Manager.iterate(Manager.java:851)
	at ptolemy.actor.Manager.execute(Manager.java:369)
	at ptolemy.actor.Manager.run(Manager.java:1263)
	at ptolemy.actor.Manager$PtolemyRunThread.run(Manager.java:1933)
Warning: Nashorn engine is planned to be removed from a future JDK release
Warning: Nashorn engine is planned to be removed from a future JDK release
Warning: Nashorn engine is planned to be removed from a future JDK release
Warning: Nashorn engine is planned to be removed from a future JDK release
Warning: Nashorn engine is planned to be removed from a future JDK release
Warning: Nashorn engine is planned to be removed from a future JDK release
Warning: Nashorn engine is planned to be removed from a future JDK release
Warning: Nashorn engine is planned to be removed from a future JDK release
]]></system-err>
</testsuite>
