<?xml version="1.0" encoding="UTF-8" ?>
<testsuite errors="0" failures="0" hostname="travis-job-c3725737-9e4f-49e1-aced-ba9ed206b718" name="ptolemy.domains.de.test.junit.JUnitTclTest" skipped="0" tests="101" time="125.527" timestamp="2018-07-07T01:35:14">
  <properties>
[...]
</properties>
  <testcase classname="ptolemy.util.test.junit.TclTests" name="[0] /home/travis/build/icyphy/ptII/ptolemy/domains/de/test/DependencyLoop.tcl (RunTclFile)" time="0.705" />
  <testcase classname="ptolemy.util.test.junit.TclTests" name="[1] /home/travis/build/icyphy/ptII/ptolemy/domains/de/test/RunDETestsAsQSS.tcl (RunTclFile)" time="86.167" />
  <testcase classname="ptolemy.util.test.junit.AutoKnownFailedTests" name="[0] /home/travis/build/icyphy/ptII/ptolemy/domains/de/test/auto/knownFailedTests/DESDFClockTest.xml (RunModel)" time="2.026" />
  <testcase classname="ptolemy.util.test.junit.AutoKnownFailedTests" name="[1] /home/travis/build/icyphy/ptII/ptolemy/domains/de/test/auto/knownFailedTests/DirectFeedback.xml (RunModel)" time="0.018" />
  <testcase classname="ptolemy.util.test.junit.AutoKnownFailedTests" name="[2] /home/travis/build/icyphy/ptII/ptolemy/domains/de/test/auto/knownFailedTests/FSMSource.xml (RunModel)" time="0.031" />
  <testcase classname="ptolemy.util.test.junit.AutoKnownFailedTests" name="[3] /home/travis/build/icyphy/ptII/ptolemy/domains/de/test/auto/knownFailedTests/HierarchicalModel.xml (RunModel)" time="0.032" />
  <testcase classname="ptolemy.util.test.junit.AutoKnownFailedTests" name="[4] /home/travis/build/icyphy/ptII/ptolemy/domains/de/test/auto/knownFailedTests/dependencyLoop.xml (RunModel)" time="0.026" />
  <testcase classname="ptolemy.util.test.junit.AutoKnownFailedTests" name="[5] /home/travis/build/icyphy/ptII/ptolemy/domains/de/test/auto/knownFailedTests/dependencyLoop2.xml (RunModel)" time="0.037" />
  <testcase classname="ptolemy.util.test.junit.AutoNameArchTests" name="[0] ThereAreNoAutoArchTests (RunModel)" time="0.001" />
  <testcase classname="ptolemy.util.test.junit.AutoTests" name="[0] /home/travis/build/icyphy/ptII/ptolemy/domains/de/test/auto/ActorDepthCalculation_actorWithoutPorts.xml (RunModel)" time="0.016" />
  <testcase classname="ptolemy.util.test.junit.AutoTests" name="[1] /home/travis/build/icyphy/ptII/ptolemy/domains/de/test/auto/AssemblyLine.xml (RunModel)" time="0.016" />
  <testcase classname="ptolemy.util.test.junit.AutoTests" name="[2] /home/travis/build/icyphy/ptII/ptolemy/domains/de/test/auto/CQBug1.xml (RunModel)" time="0.005" />
  <testcase classname="ptolemy.util.test.junit.AutoTests" name="[3] /home/travis/build/icyphy/ptII/ptolemy/domains/de/test/auto/CancelFireAt.xml (RunModel)" time="0.006" />
  <testcase classname="ptolemy.util.test.junit.AutoTests" name="[4] /home/travis/build/icyphy/ptII/ptolemy/domains/de/test/auto/CausalityAndComposabilityAnalysis.xml (RunModel)" time="0.008" />
  <testcase classname="ptolemy.util.test.junit.AutoTests" name="[5] /home/travis/build/icyphy/ptII/ptolemy/domains/de/test/auto/CausalityInterface1.xml (RunModel)" time="0.009" />
  <testcase classname="ptolemy.util.test.junit.AutoTests" name="[6] /home/travis/build/icyphy/ptII/ptolemy/domains/de/test/auto/CausalityInterface15.xml (RunModel)" time="0.008" />
  <testcase classname="ptolemy.util.test.junit.AutoTests" name="[7] /home/travis/build/icyphy/ptII/ptolemy/domains/de/test/auto/CausalityInterface2.xml (RunModel)" time="0.006" />
  <testcase classname="ptolemy.util.test.junit.AutoTests" name="[8] /home/travis/build/icyphy/ptII/ptolemy/domains/de/test/auto/CausalityInterface3.xml (RunModel)" time="0.008" />
  <testcase classname="ptolemy.util.test.junit.AutoTests" name="[9] /home/travis/build/icyphy/ptII/ptolemy/domains/de/test/auto/ClockDrift.xml (RunModel)" time="0.023" />
  <testcase classname="ptolemy.util.test.junit.AutoTests" name="[10] /home/travis/build/icyphy/ptII/ptolemy/domains/de/test/auto/ClockDriftAndValueChange.xml (RunModel)" time="0.021" />
  <testcase classname="ptolemy.util.test.junit.AutoTests" name="[11] /home/travis/build/icyphy/ptII/ptolemy/domains/de/test/auto/ClockDriftChange.xml (RunModel)" time="0.019" />
  <testcase classname="ptolemy.util.test.junit.AutoTests" name="[12] /home/travis/build/icyphy/ptII/ptolemy/domains/de/test/auto/ComposableCausalityAnalysis.xml (RunModel)" time="0.014" />
  <testcase classname="ptolemy.util.test.junit.AutoTests" name="[13] /home/travis/build/icyphy/ptII/ptolemy/domains/de/test/auto/DEFixedPointLimitation.xml (RunModel)" time="0.006" />
  <testcase classname="ptolemy.util.test.junit.AutoTests" name="[14] /home/travis/build/icyphy/ptII/ptolemy/domains/de/test/auto/DEScheduleTest.xml (RunModel)" time="0.008" />
  <testcase classname="ptolemy.util.test.junit.AutoTests" name="[15] /home/travis/build/icyphy/ptII/ptolemy/domains/de/test/auto/DEinDEwithStartTimes.xml (RunModel)" time="0.009" />
  <testcase classname="ptolemy.util.test.junit.AutoTests" name="[16] /home/travis/build/icyphy/ptII/ptolemy/domains/de/test/auto/DEinDEwithStartTimes2.xml (RunModel)" time="0.008" />
  <testcase classname="ptolemy.util.test.junit.AutoTests" name="[17] /home/travis/build/icyphy/ptII/ptolemy/domains/de/test/auto/DateDemo.xml (RunModel)" time="0.018" />
  <testcase classname="ptolemy.util.test.junit.AutoTests" name="[18] /home/travis/build/icyphy/ptII/ptolemy/domains/de/test/auto/DateToEvent.xml (RunModel)" time="2.028" />
  <testcase classname="ptolemy.util.test.junit.AutoTests" name="[19] /home/travis/build/icyphy/ptII/ptolemy/domains/de/test/auto/DepthTest1.xml (RunModel)" time="0.005" />
  <testcase classname="ptolemy.util.test.junit.AutoTests" name="[20] /home/travis/build/icyphy/ptII/ptolemy/domains/de/test/auto/DepthTest2.xml (RunModel)" time="0.011" />
  <testcase classname="ptolemy.util.test.junit.AutoTests" name="[21] /home/travis/build/icyphy/ptII/ptolemy/domains/de/test/auto/DepthTest3.xml (RunModel)" time="0.005" />
  <testcase classname="ptolemy.util.test.junit.AutoTests" name="[22] /home/travis/build/icyphy/ptII/ptolemy/domains/de/test/auto/DepthTest4.xml (RunModel)" time="0.007" />
  <testcase classname="ptolemy.util.test.junit.AutoTests" name="[23] /home/travis/build/icyphy/ptII/ptolemy/domains/de/test/auto/DepthTest5.xml (RunModel)" time="0.008" />
  <testcase classname="ptolemy.util.test.junit.AutoTests" name="[24] /home/travis/build/icyphy/ptII/ptolemy/domains/de/test/auto/DepthTest6.xml (RunModel)" time="0.008" />
  <testcase classname="ptolemy.util.test.junit.AutoTests" name="[25] /home/travis/build/icyphy/ptII/ptolemy/domains/de/test/auto/DepthTest7.xml (RunModel)" time="0.007" />
  <testcase classname="ptolemy.util.test.junit.AutoTests" name="[26] /home/travis/build/icyphy/ptII/ptolemy/domains/de/test/auto/EventToDate.xml (RunModel)" time="3.021" />
  <testcase classname="ptolemy.util.test.junit.AutoTests" name="[27] /home/travis/build/icyphy/ptII/ptolemy/domains/de/test/auto/FSM1.xml (RunModel)" time="0.026" />
  <testcase classname="ptolemy.util.test.junit.AutoTests" name="[28] /home/travis/build/icyphy/ptII/ptolemy/domains/de/test/auto/FSM7.xml (RunModel)" time="0.038" />
  <testcase classname="ptolemy.util.test.junit.AutoTests" name="[29] /home/travis/build/icyphy/ptII/ptolemy/domains/de/test/auto/Inspection.xml (RunModel)" time="0.029" />
  <testcase classname="ptolemy.util.test.junit.AutoTests" name="[30] /home/travis/build/icyphy/ptII/ptolemy/domains/de/test/auto/Iteration.xml (RunModel)" time="0.015" />
  <testcase classname="ptolemy.util.test.junit.AutoTests" name="[31] /home/travis/build/icyphy/ptII/ptolemy/domains/de/test/auto/LineFault.xml (RunModel)" time="0.417" />
  <testcase classname="ptolemy.util.test.junit.AutoTests" name="[32] /home/travis/build/icyphy/ptII/ptolemy/domains/de/test/auto/MergeModel1Add.xml (RunModel)" time="0.033" />
  <testcase classname="ptolemy.util.test.junit.AutoTests" name="[33] /home/travis/build/icyphy/ptII/ptolemy/domains/de/test/auto/MergeModel2Add.xml (RunModel)" time="0.026" />
  <testcase classname="ptolemy.util.test.junit.AutoTests" name="[34] /home/travis/build/icyphy/ptII/ptolemy/domains/de/test/auto/MergeModel3Add.xml (RunModel)" time="0.028" />
  <testcase classname="ptolemy.util.test.junit.AutoTests" name="[35] /home/travis/build/icyphy/ptII/ptolemy/domains/de/test/auto/MergeWithoutDiscard.xml (RunModel)" time="0.008" />
  <testcase classname="ptolemy.util.test.junit.AutoTests" name="[36] /home/travis/build/icyphy/ptII/ptolemy/domains/de/test/auto/Modal1.xml (RunModel)" time="0.02" />
  <testcase classname="ptolemy.util.test.junit.AutoTests" name="[37] /home/travis/build/icyphy/ptII/ptolemy/domains/de/test/auto/Modal2.xml (RunModel)" time="0.02" />
  <testcase classname="ptolemy.util.test.junit.AutoTests" name="[38] /home/travis/build/icyphy/ptII/ptolemy/domains/de/test/auto/Modal3.xml (RunModel)" time="0.021" />
  <testcase classname="ptolemy.util.test.junit.AutoTests" name="[39] /home/travis/build/icyphy/ptII/ptolemy/domains/de/test/auto/Modal4.xml (RunModel)" time="0.023" />
  <testcase classname="ptolemy.util.test.junit.AutoTests" name="[40] /home/travis/build/icyphy/ptII/ptolemy/domains/de/test/auto/Modal5.xml (RunModel)" time="0.02" />
  <testcase classname="ptolemy.util.test.junit.AutoTests" name="[41] /home/travis/build/icyphy/ptII/ptolemy/domains/de/test/auto/Modal6.xml (RunModel)" time="0.018" />
  <testcase classname="ptolemy.util.test.junit.AutoTests" name="[42] /home/travis/build/icyphy/ptII/ptolemy/domains/de/test/auto/Modal7.xml (RunModel)" time="0.019" />
  <testcase classname="ptolemy.util.test.junit.AutoTests" name="[43] /home/travis/build/icyphy/ptII/ptolemy/domains/de/test/auto/ModalModel.xml (RunModel)" time="0.107" />
  <testcase classname="ptolemy.util.test.junit.AutoTests" name="[44] /home/travis/build/icyphy/ptII/ptolemy/domains/de/test/auto/ModalSource.xml (RunModel)" time="0.012" />
  <testcase classname="ptolemy.util.test.junit.AutoTests" name="[45] /home/travis/build/icyphy/ptII/ptolemy/domains/de/test/auto/NonInterruptibleTimerZeroDelay.xml (RunModel)" time="0.012" />
  <testcase classname="ptolemy.util.test.junit.AutoTests" name="[46] /home/travis/build/icyphy/ptII/ptolemy/domains/de/test/auto/OpenQueueingNetwork.xml (RunModel)" time="1.806" />
  <testcase classname="ptolemy.util.test.junit.AutoTests" name="[47] /home/travis/build/icyphy/ptII/ptolemy/domains/de/test/auto/OpenQueuingNetwork.xml (RunModel)" time="0.265" />
  <testcase classname="ptolemy.util.test.junit.AutoTests" name="[48] /home/travis/build/icyphy/ptII/ptolemy/domains/de/test/auto/PeriodicSampler.xml (RunModel)" time="0.008" />
  <testcase classname="ptolemy.util.test.junit.AutoTests" name="[49] /home/travis/build/icyphy/ptII/ptolemy/domains/de/test/auto/PersistentIO.xml (RunModel)" time="0.022" />
  <testcase classname="ptolemy.util.test.junit.AutoTests" name="[50] /home/travis/build/icyphy/ptII/ptolemy/domains/de/test/auto/PortParameterResetOnInitialize.xml (RunModel)" time="0.008" />
  <testcase classname="ptolemy.util.test.junit.AutoTests" name="[51] /home/travis/build/icyphy/ptII/ptolemy/domains/de/test/auto/PortParameterUpdates.xml (RunModel)" time="0.015" />
  <testcase classname="ptolemy.util.test.junit.AutoTests" name="[52] /home/travis/build/icyphy/ptII/ptolemy/domains/de/test/auto/QueueAndServer.xml (RunModel)" time="0.019" />
  <testcase classname="ptolemy.util.test.junit.AutoTests" name="[53] /home/travis/build/icyphy/ptII/ptolemy/domains/de/test/auto/Records.xml (RunModel)" time="0.013" />
  <testcase classname="ptolemy.util.test.junit.AutoTests" name="[54] /home/travis/build/icyphy/ptII/ptolemy/domains/de/test/auto/ResetTransitionWithStartTime1.xml (RunModel)" time="0.02" />
  <testcase classname="ptolemy.util.test.junit.AutoTests" name="[55] /home/travis/build/icyphy/ptII/ptolemy/domains/de/test/auto/ResetTransitionWithStartTime2.xml (RunModel)" time="0.016" />
  <testcase classname="ptolemy.util.test.junit.AutoTests" name="[56] /home/travis/build/icyphy/ptII/ptolemy/domains/de/test/auto/ResetTransitionWithStartTime3.xml (RunModel)" time="0.021" />
  <testcase classname="ptolemy.util.test.junit.AutoTests" name="[57] /home/travis/build/icyphy/ptII/ptolemy/domains/de/test/auto/ResetTransitionWithStartTime4.xml (RunModel)" time="0.019" />
  <testcase classname="ptolemy.util.test.junit.AutoTests" name="[58] /home/travis/build/icyphy/ptII/ptolemy/domains/de/test/auto/ResettableTimer1.xml (RunModel)" time="0.01" />
  <testcase classname="ptolemy.util.test.junit.AutoTests" name="[59] /home/travis/build/icyphy/ptII/ptolemy/domains/de/test/auto/ResettableTimer2.xml (RunModel)" time="0.009" />
  <testcase classname="ptolemy.util.test.junit.AutoTests" name="[60] /home/travis/build/icyphy/ptII/ptolemy/domains/de/test/auto/ResettableTimer3.xml (RunModel)" time="0.009" />
  <testcase classname="ptolemy.util.test.junit.AutoTests" name="[61] /home/travis/build/icyphy/ptII/ptolemy/domains/de/test/auto/ResettableTimer4.xml (RunModel)" time="0.008" />
  <testcase classname="ptolemy.util.test.junit.AutoTests" name="[62] /home/travis/build/icyphy/ptII/ptolemy/domains/de/test/auto/ResettableTimer5.xml (RunModel)" time="0.009" />
  <testcase classname="ptolemy.util.test.junit.AutoTests" name="[63] /home/travis/build/icyphy/ptII/ptolemy/domains/de/test/auto/ResettableTimer6.xml (RunModel)" time="0.02" />
  <testcase classname="ptolemy.util.test.junit.AutoTests" name="[64] /home/travis/build/icyphy/ptII/ptolemy/domains/de/test/auto/ServerZeroDelay.xml (RunModel)" time="0.012" />
  <testcase classname="ptolemy.util.test.junit.AutoTests" name="[65] /home/travis/build/icyphy/ptII/ptolemy/domains/de/test/auto/SmartSender.xml (RunModel)" time="3.009" />
  <testcase classname="ptolemy.util.test.junit.AutoTests" name="[66] /home/travis/build/icyphy/ptII/ptolemy/domains/de/test/auto/ThreadedComposite.xml (RunModel)" time="0.117" />
  <testcase classname="ptolemy.util.test.junit.AutoTests" name="[67] /home/travis/build/icyphy/ptII/ptolemy/domains/de/test/auto/Time.xml (RunModel)" time="0.443" />
  <testcase classname="ptolemy.util.test.junit.AutoTests" name="[68] /home/travis/build/icyphy/ptII/ptolemy/domains/de/test/auto/TimeDelayZeroDelay.xml (RunModel)" time="0.016" />
  <testcase classname="ptolemy.util.test.junit.AutoTests" name="[69] /home/travis/build/icyphy/ptII/ptolemy/domains/de/test/auto/TimerZeroDelay.xml (RunModel)" time="0.01" />
  <testcase classname="ptolemy.util.test.junit.AutoTests" name="[70] /home/travis/build/icyphy/ptII/ptolemy/domains/de/test/auto/TimingParadox.xml (RunModel)" time="0.348" />
  <testcase classname="ptolemy.util.test.junit.AutoTests" name="[71] /home/travis/build/icyphy/ptII/ptolemy/domains/de/test/auto/TransferInputs.xml (RunModel)" time="0.011" />
  <testcase classname="ptolemy.util.test.junit.AutoTests" name="[72] /home/travis/build/icyphy/ptII/ptolemy/domains/de/test/auto/TransferOutputs2.xml (RunModel)" time="0.015" />
  <testcase classname="ptolemy.util.test.junit.AutoTests" name="[73] /home/travis/build/icyphy/ptII/ptolemy/domains/de/test/auto/Trilateration.xml (RunModel)" time="11.557" />
  <testcase classname="ptolemy.util.test.junit.AutoTests" name="[74] /home/travis/build/icyphy/ptII/ptolemy/domains/de/test/auto/TwoSigmaDelta.xml (RunModel)" time="2.001" />
  <testcase classname="ptolemy.util.test.junit.AutoTests" name="[75] /home/travis/build/icyphy/ptII/ptolemy/domains/de/test/auto/VariableDelay.xml (RunModel)" time="0.015" />
  <testcase classname="ptolemy.util.test.junit.AutoTests" name="[76] /home/travis/build/icyphy/ptII/ptolemy/domains/de/test/auto/VariableDelay2.xml (RunModel)" time="0.008" />
  <testcase classname="ptolemy.util.test.junit.AutoTests" name="[77] /home/travis/build/icyphy/ptII/ptolemy/domains/de/test/auto/VariableDelayZeroDelay.xml (RunModel)" time="0.012" />
  <testcase classname="ptolemy.util.test.junit.AutoTests" name="[78] /home/travis/build/icyphy/ptII/ptolemy/domains/de/test/auto/VariableDelayZeroDelay2.xml (RunModel)" time="0.009" />
  <testcase classname="ptolemy.util.test.junit.AutoTests" name="[79] /home/travis/build/icyphy/ptII/ptolemy/domains/de/test/auto/deInCt.xml (RunModel)" time="0.013" />
  <testcase classname="ptolemy.util.test.junit.AutoTests" name="[80] /home/travis/build/icyphy/ptII/ptolemy/domains/de/test/auto/deInCt2.xml (RunModel)" time="0.011" />
  <testcase classname="ptolemy.util.test.junit.AutoTests" name="[81] /home/travis/build/icyphy/ptII/ptolemy/domains/de/test/auto/dynamicCausalityInterface1.xml (RunModel)" time="0.018" />
  <testcase classname="ptolemy.util.test.junit.AutoTests" name="[82] /home/travis/build/icyphy/ptII/ptolemy/domains/de/test/auto/fsm_de_test.xml (RunModel)" time="0.019" />
  <testcase classname="ptolemy.util.test.junit.AutoTests" name="[83] /home/travis/build/icyphy/ptII/ptolemy/domains/de/test/auto/functionDependencyReconstruction.xml (RunModel)" time="0.03" />
  <testcase classname="ptolemy.util.test.junit.AutoTests" name="[84] /home/travis/build/icyphy/ptII/ptolemy/domains/de/test/auto/multirate.xml (RunModel)" time="0.014" />
  <testcase classname="ptolemy.util.test.junit.AutoTests" name="[85] /home/travis/build/icyphy/ptII/ptolemy/domains/de/test/auto/multirate2.xml (RunModel)" time="0.013" />
  <testcase classname="ptolemy.util.test.junit.AutoTests" name="[86] /home/travis/build/icyphy/ptII/ptolemy/domains/de/test/auto/realtime.xml (RunModel)" time="10.009" />
  <testcase classname="ptolemy.util.test.junit.AutoTests" name="[87] /home/travis/build/icyphy/ptII/ptolemy/domains/de/test/auto/relationGroup.xml (RunModel)" time="0.009" />
  <testcase classname="ptolemy.util.test.junit.AutoTests" name="[88] /home/travis/build/icyphy/ptII/ptolemy/domains/de/test/auto/relationGroup2.xml (RunModel)" time="0.012" />
  <testcase classname="ptolemy.util.test.junit.AutoTests" name="[89] /home/travis/build/icyphy/ptII/ptolemy/domains/de/test/auto/sortWithOpaquePorts.xml (RunModel)" time="0.011" />
  <testcase classname="ptolemy.util.test.junit.AutoTests" name="[90] /home/travis/build/icyphy/ptII/ptolemy/domains/de/test/auto/transferInputsandOutputs.xml (RunModel)" time="0.017" />
  <testcase classname="ptolemy.util.test.junit.AutoTests" name="[91] /home/travis/build/icyphy/ptII/ptolemy/domains/de/test/auto/triggerType.xml (RunModel)" time="0.008" />
  <system-out><![CDATA[/home/travis/build/icyphy/ptII/ptolemy/domains/de/test/DependencyLoop.tcl
testDefs.tcl: setting time out to 9000 seconds at Sat Jul 07 01:35:14 UTC 2018
13 ms. Memory: 116224K Free: 93475K (80%)
7 ms. Memory: 146944K Free: 136683K (93%)
/home/travis/build/icyphy/ptII/ptolemy/domains/de/test/RunDETestsAsQSS.tcl
Run the DE tests using ptolemy.domains.qss.test.QSSDirectorTest, which extends QSSDirector and prints a message in the constructors.
------------------ testing $PTII/ptolemy/domains/de/test/auto/knownFailedTests/dependencyLoop.xml (Known Failure) 
5 ms. Memory: 146944K Free: 133571K (91%)


==== $PTIIhome/travis/build/icyphy/ptII/ptolemy/domains/de/test/../../../../: Auto Automatic test in file $PTII/ptolemy/domains/de/test/auto/knownFailedTests/dependencyLoop.xml
==== Contents of test case:

	    # FIXME: we should use $relativeFilename here, but it
	    # might have backslashes under Windows, which causes no end
	    # of trouble.
	    createAndExecute $file
	    list {}
	
.... Test generated KNOWN error:
    while executing
ptolemy.kernel.util.IllegalActionException: Found a zero delay loop containing .dependencyLoop.original
  in .dependencyLoop and .dependencyLoop.original
	at ptolemy.actor.util.CausalityInterfaceForComposites._computeOutputPortDepth(CausalityInterfaceForComposites.java:759)
	at ptolemy.actor.util.CausalityInterfaceForComposites._computeInputDepth(CausalityInterfaceForComposites.java:696)
	at ptolemy.actor.util.CausalityInterfaceForComposites._computeOutputPortDepth(CausalityInterfaceForComposites.java:765)
	at ptolemy.actor.util.CausalityInterfaceForComposites._computeInputDepth(CausalityInterfaceForComposites.java:696)
	at ptolemy.actor.util.CausalityInterfaceForComposites._computeOutputPortDepth(CausalityInterfaceForComposites.java:765)
	at ptolemy.actor.util.CausalityInterfaceForComposites._computeInputDepth(CausalityInterfaceForComposites.java:696)
	at ptolemy.actor.util.CausalityInterfaceForComposites._computeActorDepth(CausalityInterfaceForComposites.java:532)
	at ptolemy.actor.util.CausalityInterfaceForComposites.checkForCycles(CausalityInterfaceForComposites.java:96)
	at ptolemy.domains.de.kernel.DEDirector.preinitialize(DEDirector.java:1338)
	at ptolemy.actor.CompositeActor.preinitialize(CompositeActor.java:1828)
	at ptolemy.actor.Manager.preinitializeAndResolveTypes(Manager.java:1040)
	at ptolemy.actor.Manager.initialize(Manager.java:710)
	at ptolemy.actor.Manager.execute(Manager.java:356)
	at ptolemy.actor.Manager.run(Manager.java:1263)
	at ptolemy.actor.Manager$PtolemyRunThread.run(Manager.java:1915)

    while executing
ptolemy.kernel.util.IllegalActionException: Found a zero delay loop containing .dependencyLoop.original
  in .dependencyLoop and .dependencyLoop.original
    while executing
"java::new ptolemy.moml.MoMLSimpleApplication $file
"
    (procedure "createAndExecute" line 2)
    invoked from within
"createAndExecute $file"
    ("uplevel" body line 5)
    invoked from within
"uplevel $contents_of_test"
------------------ testing $PTII/ptolemy/domains/de/test/auto/knownFailedTests/DESDFClockTest.xml (Known Failure) 
2051 ms. Memory: 146944K Free: 117748K (80%)


==== $PTIIhome/travis/build/icyphy/ptII/ptolemy/domains/de/test/../../../../: Auto Automatic test in file $PTII/ptolemy/domains/de/test/auto/knownFailedTests/DESDFClockTest.xml
==== Contents of test case:

	    # FIXME: we should use $relativeFilename here, but it
	    # might have backslashes under Windows, which causes no end
	    # of trouble.
	    createAndExecute $file
	    list {}
	
.... Test generated KNOWN error:
    while executing
ptolemy.kernel.util.IllegalActionException: Actor is not ready to fire.  Perhaps UpSample.prefire() returned false? Try debugging the actor by selecting "Listen to Actor".  Also, for SDF check moml for tokenConsumptionRate on input.
  in .DESDFClockTest.Play Bell.Copy1:SDF Director and .DESDFClockTest.Play Bell.UpSample
	at ptolemy.actor.sched.StaticSchedulingDirector.fire(StaticSchedulingDirector.java:227)
	at ptolemy.domains.sdf.kernel.SDFDirector.fire(SDFDirector.java:500)
	at ptolemy.actor.CompositeActor.fire(CompositeActor.java:455)
	at ptolemy.domains.de.kernel.DEDirector._fire(DEDirector.java:1949)
	at ptolemy.domains.de.kernel.DEDirector.fire(DEDirector.java:502)
	at ptolemy.actor.CompositeActor.fire(CompositeActor.java:455)
	at ptolemy.actor.Manager.iterate(Manager.java:851)
	at ptolemy.actor.Manager.execute(Manager.java:369)
	at ptolemy.actor.Manager.run(Manager.java:1263)
	at ptolemy.actor.Manager$PtolemyRunThread.run(Manager.java:1915)

    while executing
ptolemy.kernel.util.IllegalActionException: Actor is not ready to fire.  Perhaps UpSample.prefire() returned false? Try debugging the actor by selecting "Listen to Actor".  Also, for SDF check moml for tokenConsumptionRate on input.
  in .DESDFClockTest.Play Bell.Copy1:SDF Director and .DESDFClockTest.Play Bell.UpSample
    while executing
"java::new ptolemy.moml.MoMLSimpleApplication $file
"
    (procedure "createAndExecute" line 2)
    invoked from within
"createAndExecute $file"
    ("uplevel" body line 5)
    invoked from within
"uplevel $contents_of_test"
------------------ testing $PTII/ptolemy/domains/de/test/auto/knownFailedTests/FSMSource.xml (Known Failure) 
21 ms. Memory: 146944K Free: 108697K (74%)
!!!! Auto was marked as failing, but now passes
------------------ testing $PTII/ptolemy/domains/de/test/auto/knownFailedTests/dependencyLoop2.xml (Known Failure) 
6 ms. Memory: 146944K Free: 106813K (73%)


==== $PTIIhome/travis/build/icyphy/ptII/ptolemy/domains/de/test/../../../../: Auto Automatic test in file $PTII/ptolemy/domains/de/test/auto/knownFailedTests/dependencyLoop2.xml
==== Contents of test case:

	    # FIXME: we should use $relativeFilename here, but it
	    # might have backslashes under Windows, which causes no end
	    # of trouble.
	    createAndExecute $file
	    list {}
	
.... Test generated KNOWN error:
    while executing
ptolemy.kernel.util.IllegalActionException: Found a zero delay loop containing .dependencyLoop2.original
  in .dependencyLoop2 and .dependencyLoop2.original
	at ptolemy.actor.util.CausalityInterfaceForComposites._computeOutputPortDepth(CausalityInterfaceForComposites.java:759)
	at ptolemy.actor.util.CausalityInterfaceForComposites._computeInputDepth(CausalityInterfaceForComposites.java:696)
	at ptolemy.actor.util.CausalityInterfaceForComposites._computeOutputPortDepth(CausalityInterfaceForComposites.java:765)
	at ptolemy.actor.util.CausalityInterfaceForComposites._computeInputDepth(CausalityInterfaceForComposites.java:696)
	at ptolemy.actor.util.CausalityInterfaceForComposites._computeOutputPortDepth(CausalityInterfaceForComposites.java:765)
	at ptolemy.actor.util.CausalityInterfaceForComposites._computeInputDepth(CausalityInterfaceForComposites.java:696)
	at ptolemy.actor.util.CausalityInterfaceForComposites._computeActorDepth(CausalityInterfaceForComposites.java:532)
	at ptolemy.actor.util.CausalityInterfaceForComposites.checkForCycles(CausalityInterfaceForComposites.java:96)
	at ptolemy.domains.de.kernel.DEDirector.preinitialize(DEDirector.java:1338)
	at ptolemy.actor.CompositeActor.preinitialize(CompositeActor.java:1828)
	at ptolemy.actor.Manager.preinitializeAndResolveTypes(Manager.java:1040)
	at ptolemy.actor.Manager.initialize(Manager.java:710)
	at ptolemy.actor.Manager.execute(Manager.java:356)
	at ptolemy.actor.Manager.run(Manager.java:1263)
	at ptolemy.actor.Manager$PtolemyRunThread.run(Manager.java:1915)

    while executing
ptolemy.kernel.util.IllegalActionException: Found a zero delay loop containing .dependencyLoop2.original
  in .dependencyLoop2 and .dependencyLoop2.original
    while executing
"java::new ptolemy.moml.MoMLSimpleApplication $file
"
    (procedure "createAndExecute" line 2)
    invoked from within
"createAndExecute $file"
    ("uplevel" body line 5)
    invoked from within
"uplevel $contents_of_test"
------------------ testing $PTII/ptolemy/domains/de/test/auto/knownFailedTests/HierarchicalModel.xml (Known Failure) 
10 ms. Memory: 146944K Free: 86188K (59%)


==== $PTIIhome/travis/build/icyphy/ptII/ptolemy/domains/de/test/../../../../: Auto Automatic test in file $PTII/ptolemy/domains/de/test/auto/knownFailedTests/HierarchicalModel.xml
==== Contents of test case:

	    # FIXME: we should use $relativeFilename here, but it
	    # might have backslashes under Windows, which causes no end
	    # of trouble.
	    createAndExecute $file
	    list {}
	
.... Test generated KNOWN error:
    while executing
ptolemy.kernel.util.IllegalActionException: Found a zero delay loop containing .HierarchicalModel.A
  in .HierarchicalModel and .HierarchicalModel.A
	at ptolemy.actor.util.CausalityInterfaceForComposites._computeOutputPortDepth(CausalityInterfaceForComposites.java:759)
	at ptolemy.actor.util.CausalityInterfaceForComposites._computeInputDepth(CausalityInterfaceForComposites.java:696)
	at ptolemy.actor.util.CausalityInterfaceForComposites._computeOutputPortDepth(CausalityInterfaceForComposites.java:765)
	at ptolemy.actor.util.CausalityInterfaceForComposites._computeInputDepth(CausalityInterfaceForComposites.java:696)
	at ptolemy.actor.util.CausalityInterfaceForComposites._computeOutputPortDepth(CausalityInterfaceForComposites.java:765)
	at ptolemy.actor.util.CausalityInterfaceForComposites._computeInputDepth(CausalityInterfaceForComposites.java:696)
	at ptolemy.actor.util.CausalityInterfaceForComposites._computeActorDepth(CausalityInterfaceForComposites.java:532)
	at ptolemy.actor.util.CausalityInterfaceForComposites.checkForCycles(CausalityInterfaceForComposites.java:96)
	at ptolemy.domains.de.kernel.DEDirector.preinitialize(DEDirector.java:1338)
	at ptolemy.actor.CompositeActor.preinitialize(CompositeActor.java:1828)
	at ptolemy.actor.Manager.preinitializeAndResolveTypes(Manager.java:1040)
	at ptolemy.actor.Manager.initialize(Manager.java:710)
	at ptolemy.actor.Manager.execute(Manager.java:356)
	at ptolemy.actor.Manager.run(Manager.java:1263)
	at ptolemy.actor.Manager$PtolemyRunThread.run(Manager.java:1915)

    while executing
ptolemy.kernel.util.IllegalActionException: Found a zero delay loop containing .HierarchicalModel.A
  in .HierarchicalModel and .HierarchicalModel.A
    while executing
"java::new ptolemy.moml.MoMLSimpleApplication $file
"
    (procedure "createAndExecute" line 2)
    invoked from within
"createAndExecute $file"
    ("uplevel" body line 5)
    invoked from within
"uplevel $contents_of_test"
------------------ testing $PTII/ptolemy/domains/de/test/auto/knownFailedTests/DirectFeedback.xml (Known Failure) 
15 ms. Memory: 146944K Free: 142555K (97%)


==== $PTIIhome/travis/build/icyphy/ptII/ptolemy/domains/de/test/../../../../: Auto Automatic test in file $PTII/ptolemy/domains/de/test/auto/knownFailedTests/DirectFeedback.xml
==== Contents of test case:

	    # FIXME: we should use $relativeFilename here, but it
	    # might have backslashes under Windows, which causes no end
	    # of trouble.
	    createAndExecute $file
	    list {}
	
.... Test generated KNOWN error:
    while executing
ptolemy.kernel.util.IllegalActionException: Test fails in iteration 1.
Value was: 1.0. Should have been: 2.0
  in .DirectFeedback.Test
	at ptolemy.actor.lib.Test.fire(Test.java:268)
	at ptolemy.domains.de.kernel.DEDirector._fire(DEDirector.java:1949)
	at ptolemy.domains.de.kernel.DEDirector.fire(DEDirector.java:502)
	at ptolemy.actor.CompositeActor.fire(CompositeActor.java:455)
	at ptolemy.actor.Manager.iterate(Manager.java:851)
	at ptolemy.actor.Manager.execute(Manager.java:369)
	at ptolemy.actor.Manager.run(Manager.java:1263)
	at ptolemy.actor.Manager$PtolemyRunThread.run(Manager.java:1915)

    while executing
ptolemy.kernel.util.IllegalActionException: Test fails in iteration 1.
Value was: 1.0. Should have been: 2.0
  in .DirectFeedback.Test
    while executing
"java::new ptolemy.moml.MoMLSimpleApplication $file
"
    (procedure "createAndExecute" line 2)
    invoked from within
"createAndExecute $file"
    ("uplevel" body line 5)
    invoked from within
"uplevel $contents_of_test"
------------------ testing $PTII/ptolemy/domains/de/test/auto/ActorDepthCalculation_actorWithoutPorts.xml
auto.tcl: Setting watchdog for 200 seconds at Sat Jul 07 01:35:17 UTC 2018
7 ms. Memory: 146944K Free: 133524K (91%)
ptolemy.util.test.WatchDog.cancel(): canceling Sat Jul 07 01:35:17 UTC 2018
auto.tcl: Setting watchdog for 200 seconds at Sat Jul 07 01:35:17 UTC 2018
3 ms. Memory: 146944K Free: 132475K (90%)
ptolemy.util.test.WatchDog.cancel(): canceling Sat Jul 07 01:35:17 UTC 2018
------------------ testing $PTII/ptolemy/domains/de/test/auto/AssemblyLine.xml
auto.tcl: Setting watchdog for 200 seconds at Sat Jul 07 01:35:17 UTC 2018
26 ms. Memory: 208384K Free: 181535K (87%)
ptolemy.util.test.WatchDog.cancel(): canceling Sat Jul 07 01:35:18 UTC 2018
auto.tcl: Setting watchdog for 200 seconds at Sat Jul 07 01:35:18 UTC 2018
7 ms. Memory: 208384K Free: 181535K (87%)
ptolemy.util.test.WatchDog.cancel(): canceling Sat Jul 07 01:35:18 UTC 2018
------------------ testing $PTII/ptolemy/domains/de/test/auto/CQBug1.xml
auto.tcl: Setting watchdog for 200 seconds at Sat Jul 07 01:35:18 UTC 2018
3 ms. Memory: 208384K Free: 196445K (94%)
ptolemy.util.test.WatchDog.cancel(): canceling Sat Jul 07 01:35:18 UTC 2018
auto.tcl: Setting watchdog for 200 seconds at Sat Jul 07 01:35:18 UTC 2018
1 ms. Memory: 208384K Free: 196445K (94%)
ptolemy.util.test.WatchDog.cancel(): canceling Sat Jul 07 01:35:18 UTC 2018
------------------ testing $PTII/ptolemy/domains/de/test/auto/CancelFireAt.xml
auto.tcl: Setting watchdog for 200 seconds at Sat Jul 07 01:35:18 UTC 2018
5 ms. Memory: 208384K Free: 201002K (96%)
ptolemy.util.test.WatchDog.cancel(): canceling Sat Jul 07 01:35:18 UTC 2018
auto.tcl: Setting watchdog for 200 seconds at Sat Jul 07 01:35:18 UTC 2018
11 ms. Memory: 208384K Free: 198547K (95%)
ptolemy.util.test.WatchDog.cancel(): canceling Sat Jul 07 01:35:18 UTC 2018
------------------ testing $PTII/ptolemy/domains/de/test/auto/CausalityAndComposabilityAnalysis.xml
auto.tcl: Setting watchdog for 200 seconds at Sat Jul 07 01:35:18 UTC 2018
7 ms. Memory: 208384K Free: 198555K (95%)
ptolemy.util.test.WatchDog.cancel(): canceling Sat Jul 07 01:35:18 UTC 2018
auto.tcl: Setting watchdog for 200 seconds at Sat Jul 07 01:35:18 UTC 2018
5 ms. Memory: 208384K Free: 196438K (94%)
ptolemy.util.test.WatchDog.cancel(): canceling Sat Jul 07 01:35:18 UTC 2018
------------------ testing $PTII/ptolemy/domains/de/test/auto/CausalityInterface1.xml
auto.tcl: Setting watchdog for 200 seconds at Sat Jul 07 01:35:18 UTC 2018
16 ms. Memory: 208384K Free: 196375K (94%)
ptolemy.util.test.WatchDog.cancel(): canceling Sat Jul 07 01:35:18 UTC 2018
auto.tcl: Setting watchdog for 200 seconds at Sat Jul 07 01:35:18 UTC 2018
3 ms. Memory: 208384K Free: 196375K (94%)
ptolemy.util.test.WatchDog.cancel(): canceling Sat Jul 07 01:35:18 UTC 2018
------------------ testing $PTII/ptolemy/domains/de/test/auto/CausalityInterface15.xml
auto.tcl: Setting watchdog for 200 seconds at Sat Jul 07 01:35:18 UTC 2018
7 ms. Memory: 208384K Free: 196367K (94%)
ptolemy.util.test.WatchDog.cancel(): canceling Sat Jul 07 01:35:18 UTC 2018
auto.tcl: Setting watchdog for 200 seconds at Sat Jul 07 01:35:18 UTC 2018
10 ms. Memory: 208384K Free: 196367K (94%)
ptolemy.util.test.WatchDog.cancel(): canceling Sat Jul 07 01:35:18 UTC 2018
------------------ testing $PTII/ptolemy/domains/de/test/auto/CausalityInterface2.xml
auto.tcl: Setting watchdog for 200 seconds at Sat Jul 07 01:35:18 UTC 2018
4 ms. Memory: 208384K Free: 196350K (94%)
ptolemy.util.test.WatchDog.cancel(): canceling Sat Jul 07 01:35:18 UTC 2018
auto.tcl: Setting watchdog for 200 seconds at Sat Jul 07 01:35:18 UTC 2018
3 ms. Memory: 208384K Free: 196350K (94%)
ptolemy.util.test.WatchDog.cancel(): canceling Sat Jul 07 01:35:18 UTC 2018
------------------ testing $PTII/ptolemy/domains/de/test/auto/CausalityInterface3.xml
auto.tcl: Setting watchdog for 200 seconds at Sat Jul 07 01:35:18 UTC 2018
6 ms. Memory: 208384K Free: 196363K (94%)
ptolemy.util.test.WatchDog.cancel(): canceling Sat Jul 07 01:35:18 UTC 2018
auto.tcl: Setting watchdog for 200 seconds at Sat Jul 07 01:35:18 UTC 2018
6 ms. Memory: 208384K Free: 196363K (94%)
ptolemy.util.test.WatchDog.cancel(): canceling Sat Jul 07 01:35:18 UTC 2018
------------------ testing $PTII/ptolemy/domains/de/test/auto/ClockDrift.xml
auto.tcl: Setting watchdog for 200 seconds at Sat Jul 07 01:35:18 UTC 2018
78 ms. Memory: 208384K Free: 187545K (90%)
ptolemy.util.test.WatchDog.cancel(): canceling Sat Jul 07 01:35:19 UTC 2018
auto.tcl: Setting watchdog for 200 seconds at Sat Jul 07 01:35:19 UTC 2018
59 ms. Memory: 208384K Free: 185428K (89%)
ptolemy.util.test.WatchDog.cancel(): canceling Sat Jul 07 01:35:19 UTC 2018
------------------ testing $PTII/ptolemy/domains/de/test/auto/ClockDriftAndValueChange.xml
auto.tcl: Setting watchdog for 200 seconds at Sat Jul 07 01:35:19 UTC 2018
41 ms. Memory: 208384K Free: 187378K (90%)
ptolemy.util.test.WatchDog.cancel(): canceling Sat Jul 07 01:35:19 UTC 2018
auto.tcl: Setting watchdog for 200 seconds at Sat Jul 07 01:35:19 UTC 2018
31 ms. Memory: 208384K Free: 185261K (89%)
ptolemy.util.test.WatchDog.cancel(): canceling Sat Jul 07 01:35:19 UTC 2018
------------------ testing $PTII/ptolemy/domains/de/test/auto/ClockDriftChange.xml
auto.tcl: Setting watchdog for 200 seconds at Sat Jul 07 01:35:19 UTC 2018
25 ms. Memory: 208384K Free: 190719K (92%)
ptolemy.util.test.WatchDog.cancel(): canceling Sat Jul 07 01:35:19 UTC 2018
auto.tcl: Setting watchdog for 200 seconds at Sat Jul 07 01:35:19 UTC 2018
28 ms. Memory: 208384K Free: 188602K (91%)
ptolemy.util.test.WatchDog.cancel(): canceling Sat Jul 07 01:35:19 UTC 2018
------------------ testing $PTII/ptolemy/domains/de/test/auto/ComposableCausalityAnalysis.xml
auto.tcl: Setting watchdog for 200 seconds at Sat Jul 07 01:35:19 UTC 2018
2 ms. Memory: 208384K Free: 196218K (94%)
ptolemy.util.test.WatchDog.cancel(): canceling Sat Jul 07 01:35:19 UTC 2018
auto.tcl: Setting watchdog for 200 seconds at Sat Jul 07 01:35:19 UTC 2018
2 ms. Memory: 208384K Free: 194101K (93%)
ptolemy.util.test.WatchDog.cancel(): canceling Sat Jul 07 01:35:19 UTC 2018
------------------ testing $PTII/ptolemy/domains/de/test/auto/DEFixedPointLimitation.xml
auto.tcl: Setting watchdog for 200 seconds at Sat Jul 07 01:35:19 UTC 2018
2 ms. Memory: 208384K Free: 198415K (95%)
ptolemy.util.test.WatchDog.cancel(): canceling Sat Jul 07 01:35:19 UTC 2018
auto.tcl: Setting watchdog for 200 seconds at Sat Jul 07 01:35:19 UTC 2018
5 ms. Memory: 208384K Free: 196298K (94%)
ptolemy.util.test.WatchDog.cancel(): canceling Sat Jul 07 01:35:19 UTC 2018
------------------ testing $PTII/ptolemy/domains/de/test/auto/DEScheduleTest.xml
auto.tcl: Setting watchdog for 200 seconds at Sat Jul 07 01:35:19 UTC 2018
3 ms. Memory: 208384K Free: 198451K (95%)
ptolemy.util.test.WatchDog.cancel(): canceling Sat Jul 07 01:35:19 UTC 2018
auto.tcl: Setting watchdog for 200 seconds at Sat Jul 07 01:35:19 UTC 2018
6 ms. Memory: 208384K Free: 196335K (94%)
ptolemy.util.test.WatchDog.cancel(): canceling Sat Jul 07 01:35:19 UTC 2018
------------------ testing $PTII/ptolemy/domains/de/test/auto/DEinDEwithStartTimes.xml
auto.tcl: Setting watchdog for 200 seconds at Sat Jul 07 01:35:19 UTC 2018
3 ms. Memory: 208384K Free: 196304K (94%)
ptolemy.util.test.WatchDog.cancel(): canceling Sat Jul 07 01:35:19 UTC 2018
auto.tcl: Setting watchdog for 200 seconds at Sat Jul 07 01:35:19 UTC 2018
3 ms. Memory: 208384K Free: 194187K (93%)
ptolemy.util.test.WatchDog.cancel(): canceling Sat Jul 07 01:35:19 UTC 2018
------------------ testing $PTII/ptolemy/domains/de/test/auto/DEinDEwithStartTimes2.xml
auto.tcl: Setting watchdog for 200 seconds at Sat Jul 07 01:35:19 UTC 2018
4 ms. Memory: 208384K Free: 196284K (94%)
ptolemy.util.test.WatchDog.cancel(): canceling Sat Jul 07 01:35:19 UTC 2018
auto.tcl: Setting watchdog for 200 seconds at Sat Jul 07 01:35:19 UTC 2018
4 ms. Memory: 208384K Free: 194167K (93%)
ptolemy.util.test.WatchDog.cancel(): canceling Sat Jul 07 01:35:19 UTC 2018
------------------ testing $PTII/ptolemy/domains/de/test/auto/DateDemo.xml
auto.tcl: Setting watchdog for 200 seconds at Sat Jul 07 01:35:19 UTC 2018
7 ms. Memory: 208384K Free: 188662K (91%)
ptolemy.util.test.WatchDog.cancel(): canceling Sat Jul 07 01:35:19 UTC 2018
auto.tcl: Setting watchdog for 200 seconds at Sat Jul 07 01:35:19 UTC 2018
6 ms. Memory: 208384K Free: 186545K (90%)
ptolemy.util.test.WatchDog.cancel(): canceling Sat Jul 07 01:35:19 UTC 2018
------------------ testing $PTII/ptolemy/domains/de/test/auto/DateToEvent.xml
auto.tcl: Setting watchdog for 200 seconds at Sat Jul 07 01:35:19 UTC 2018
2018 ms. Memory: 208384K Free: 183318K (88%)
ptolemy.util.test.WatchDog.cancel(): canceling Sat Jul 07 01:35:22 UTC 2018
auto.tcl: Setting watchdog for 200 seconds at Sat Jul 07 01:35:22 UTC 2018
2006 ms. Memory: 208384K Free: 183318K (88%)
ptolemy.util.test.WatchDog.cancel(): canceling Sat Jul 07 01:35:24 UTC 2018
------------------ testing $PTII/ptolemy/domains/de/test/auto/DepthTest1.xml
auto.tcl: Setting watchdog for 200 seconds at Sat Jul 07 01:35:24 UTC 2018
3 ms. Memory: 208384K Free: 198317K (95%)
ptolemy.util.test.WatchDog.cancel(): canceling Sat Jul 07 01:35:24 UTC 2018
auto.tcl: Setting watchdog for 200 seconds at Sat Jul 07 01:35:24 UTC 2018
2 ms. Memory: 208384K Free: 198317K (95%)
ptolemy.util.test.WatchDog.cancel(): canceling Sat Jul 07 01:35:24 UTC 2018
------------------ testing $PTII/ptolemy/domains/de/test/auto/DepthTest2.xml
auto.tcl: Setting watchdog for 200 seconds at Sat Jul 07 01:35:24 UTC 2018
8 ms. Memory: 208384K Free: 194148K (93%)
ptolemy.util.test.WatchDog.cancel(): canceling Sat Jul 07 01:35:24 UTC 2018
auto.tcl: Setting watchdog for 200 seconds at Sat Jul 07 01:35:24 UTC 2018
7 ms. Memory: 208384K Free: 194148K (93%)
ptolemy.util.test.WatchDog.cancel(): canceling Sat Jul 07 01:35:24 UTC 2018
------------------ testing $PTII/ptolemy/domains/de/test/auto/DepthTest3.xml
auto.tcl: Setting watchdog for 200 seconds at Sat Jul 07 01:35:24 UTC 2018
7 ms. Memory: 208384K Free: 198315K (95%)
ptolemy.util.test.WatchDog.cancel(): canceling Sat Jul 07 01:35:24 UTC 2018
auto.tcl: Setting watchdog for 200 seconds at Sat Jul 07 01:35:24 UTC 2018
1 ms. Memory: 208384K Free: 198315K (95%)
ptolemy.util.test.WatchDog.cancel(): canceling Sat Jul 07 01:35:24 UTC 2018
------------------ testing $PTII/ptolemy/domains/de/test/auto/DepthTest4.xml
auto.tcl: Setting watchdog for 200 seconds at Sat Jul 07 01:35:24 UTC 2018
12 ms. Memory: 208384K Free: 196284K (94%)
ptolemy.util.test.WatchDog.cancel(): canceling Sat Jul 07 01:35:24 UTC 2018
auto.tcl: Setting watchdog for 200 seconds at Sat Jul 07 01:35:24 UTC 2018
2 ms. Memory: 208384K Free: 196284K (94%)
ptolemy.util.test.WatchDog.cancel(): canceling Sat Jul 07 01:35:24 UTC 2018
------------------ testing $PTII/ptolemy/domains/de/test/auto/DepthTest5.xml
auto.tcl: Setting watchdog for 200 seconds at Sat Jul 07 01:35:24 UTC 2018
3 ms. Memory: 208384K Free: 196571K (94%)
ptolemy.util.test.WatchDog.cancel(): canceling Sat Jul 07 01:35:24 UTC 2018
auto.tcl: Setting watchdog for 200 seconds at Sat Jul 07 01:35:24 UTC 2018
2 ms. Memory: 208384K Free: 196571K (94%)
ptolemy.util.test.WatchDog.cancel(): canceling Sat Jul 07 01:35:24 UTC 2018
------------------ testing $PTII/ptolemy/domains/de/test/auto/DepthTest6.xml
auto.tcl: Setting watchdog for 200 seconds at Sat Jul 07 01:35:24 UTC 2018
8 ms. Memory: 208384K Free: 196193K (94%)
ptolemy.util.test.WatchDog.cancel(): canceling Sat Jul 07 01:35:24 UTC 2018
auto.tcl: Setting watchdog for 200 seconds at Sat Jul 07 01:35:24 UTC 2018
3 ms. Memory: 208384K Free: 196193K (94%)
ptolemy.util.test.WatchDog.cancel(): canceling Sat Jul 07 01:35:24 UTC 2018
------------------ testing $PTII/ptolemy/domains/de/test/auto/DepthTest7.xml
auto.tcl: Setting watchdog for 200 seconds at Sat Jul 07 01:35:24 UTC 2018
4 ms. Memory: 208384K Free: 196190K (94%)
ptolemy.util.test.WatchDog.cancel(): canceling Sat Jul 07 01:35:24 UTC 2018
auto.tcl: Setting watchdog for 200 seconds at Sat Jul 07 01:35:24 UTC 2018
1 ms. Memory: 208384K Free: 196190K (94%)
ptolemy.util.test.WatchDog.cancel(): canceling Sat Jul 07 01:35:24 UTC 2018
------------------ testing $PTII/ptolemy/domains/de/test/auto/EventToDate.xml
auto.tcl: Setting watchdog for 200 seconds at Sat Jul 07 01:35:24 UTC 2018
3008 ms. Memory: 208384K Free: 185627K (89%)
ptolemy.util.test.WatchDog.cancel(): canceling Sat Jul 07 01:35:27 UTC 2018
auto.tcl: Setting watchdog for 200 seconds at Sat Jul 07 01:35:27 UTC 2018
3004 ms. Memory: 208384K Free: 185627K (89%)
ptolemy.util.test.WatchDog.cancel(): canceling Sat Jul 07 01:35:30 UTC 2018
------------------ testing $PTII/ptolemy/domains/de/test/auto/FSM1.xml
auto.tcl: Setting watchdog for 200 seconds at Sat Jul 07 01:35:30 UTC 2018
23 ms. Memory: 208384K Free: 189209K (91%)
ptolemy.util.test.WatchDog.cancel(): canceling Sat Jul 07 01:35:30 UTC 2018
auto.tcl: Setting watchdog for 200 seconds at Sat Jul 07 01:35:30 UTC 2018
23 ms. Memory: 208384K Free: 184975K (89%)
ptolemy.util.test.WatchDog.cancel(): canceling Sat Jul 07 01:35:30 UTC 2018
------------------ testing $PTII/ptolemy/domains/de/test/auto/FSM7.xml
auto.tcl: Setting watchdog for 200 seconds at Sat Jul 07 01:35:30 UTC 2018
23 ms. Memory: 208384K Free: 187294K (90%)
ptolemy.util.test.WatchDog.cancel(): canceling Sat Jul 07 01:35:30 UTC 2018
auto.tcl: Setting watchdog for 200 seconds at Sat Jul 07 01:35:30 UTC 2018
18 ms. Memory: 208384K Free: 185177K (89%)
ptolemy.util.test.WatchDog.cancel(): canceling Sat Jul 07 01:35:30 UTC 2018
------------------ testing $PTII/ptolemy/domains/de/test/auto/Inspection.xml
auto.tcl: Setting watchdog for 200 seconds at Sat Jul 07 01:35:31 UTC 2018
45 ms. Memory: 208384K Free: 188845K (91%)
ptolemy.util.test.WatchDog.cancel(): canceling Sat Jul 07 01:35:31 UTC 2018
auto.tcl: Setting watchdog for 200 seconds at Sat Jul 07 01:35:31 UTC 2018
31 ms. Memory: 208384K Free: 186391K (89%)
ptolemy.util.test.WatchDog.cancel(): canceling Sat Jul 07 01:35:31 UTC 2018
------------------ testing $PTII/ptolemy/domains/de/test/auto/Iteration.xml
auto.tcl: Setting watchdog for 200 seconds at Sat Jul 07 01:35:31 UTC 2018
14 ms. Memory: 208384K Free: 196334K (94%)
ptolemy.util.test.WatchDog.cancel(): canceling Sat Jul 07 01:35:31 UTC 2018
auto.tcl: Setting watchdog for 200 seconds at Sat Jul 07 01:35:31 UTC 2018
7 ms. Memory: 208384K Free: 194217K (93%)
ptolemy.util.test.WatchDog.cancel(): canceling Sat Jul 07 01:35:31 UTC 2018
------------------ testing $PTII/ptolemy/domains/de/test/auto/LineFault.xml
auto.tcl: Setting watchdog for 200 seconds at Sat Jul 07 01:35:31 UTC 2018
671 ms. Memory: 208384K Free: 195103K (94%)
ptolemy.util.test.WatchDog.cancel(): canceling Sat Jul 07 01:35:32 UTC 2018
auto.tcl: Setting watchdog for 200 seconds at Sat Jul 07 01:35:32 UTC 2018
580 ms. Memory: 208384K Free: 139170K (67%)
ptolemy.util.test.WatchDog.cancel(): canceling Sat Jul 07 01:35:32 UTC 2018
------------------ testing $PTII/ptolemy/domains/de/test/auto/MergeModel1Add.xml
auto.tcl: Setting watchdog for 200 seconds at Sat Jul 07 01:35:32 UTC 2018
30 ms. Memory: 331264K Free: 298988K (90%)
ptolemy.util.test.WatchDog.cancel(): canceling Sat Jul 07 01:35:32 UTC 2018
auto.tcl: Setting watchdog for 200 seconds at Sat Jul 07 01:35:32 UTC 2018
17 ms. Memory: 331264K Free: 298988K (90%)
ptolemy.util.test.WatchDog.cancel(): canceling Sat Jul 07 01:35:32 UTC 2018
------------------ testing $PTII/ptolemy/domains/de/test/auto/MergeModel2Add.xml
auto.tcl: Setting watchdog for 200 seconds at Sat Jul 07 01:35:33 UTC 2018
12 ms. Memory: 331264K Free: 304252K (92%)
ptolemy.util.test.WatchDog.cancel(): canceling Sat Jul 07 01:35:33 UTC 2018
auto.tcl: Setting watchdog for 200 seconds at Sat Jul 07 01:35:33 UTC 2018
13 ms. Memory: 331264K Free: 300326K (91%)
ptolemy.util.test.WatchDog.cancel(): canceling Sat Jul 07 01:35:33 UTC 2018
------------------ testing $PTII/ptolemy/domains/de/test/auto/MergeModel3Add.xml
auto.tcl: Setting watchdog for 200 seconds at Sat Jul 07 01:35:33 UTC 2018
11 ms. Memory: 331264K Free: 304262K (92%)
ptolemy.util.test.WatchDog.cancel(): canceling Sat Jul 07 01:35:33 UTC 2018
auto.tcl: Setting watchdog for 200 seconds at Sat Jul 07 01:35:33 UTC 2018
8 ms. Memory: 331264K Free: 300336K (91%)
ptolemy.util.test.WatchDog.cancel(): canceling Sat Jul 07 01:35:33 UTC 2018
------------------ testing $PTII/ptolemy/domains/de/test/auto/MergeWithoutDiscard.xml
auto.tcl: Setting watchdog for 200 seconds at Sat Jul 07 01:35:33 UTC 2018
2 ms. Memory: 331264K Free: 320250K (97%)
ptolemy.util.test.WatchDog.cancel(): canceling Sat Jul 07 01:35:33 UTC 2018
auto.tcl: Setting watchdog for 200 seconds at Sat Jul 07 01:35:33 UTC 2018
1 ms. Memory: 331264K Free: 316038K (95%)
ptolemy.util.test.WatchDog.cancel(): canceling Sat Jul 07 01:35:33 UTC 2018
------------------ testing $PTII/ptolemy/domains/de/test/auto/Modal1.xml
auto.tcl: Setting watchdog for 200 seconds at Sat Jul 07 01:35:33 UTC 2018
16 ms. Memory: 331264K Free: 309952K (94%)
ptolemy.util.test.WatchDog.cancel(): canceling Sat Jul 07 01:35:33 UTC 2018
auto.tcl: Setting watchdog for 200 seconds at Sat Jul 07 01:35:33 UTC 2018
18 ms. Memory: 331264K Free: 306026K (92%)
ptolemy.util.test.WatchDog.cancel(): canceling Sat Jul 07 01:35:33 UTC 2018
------------------ testing $PTII/ptolemy/domains/de/test/auto/Modal2.xml
auto.tcl: Setting watchdog for 200 seconds at Sat Jul 07 01:35:33 UTC 2018
10 ms. Memory: 331264K Free: 309833K (94%)
ptolemy.util.test.WatchDog.cancel(): canceling Sat Jul 07 01:35:33 UTC 2018
auto.tcl: Setting watchdog for 200 seconds at Sat Jul 07 01:35:33 UTC 2018
8 ms. Memory: 331264K Free: 305906K (92%)
ptolemy.util.test.WatchDog.cancel(): canceling Sat Jul 07 01:35:33 UTC 2018
------------------ testing $PTII/ptolemy/domains/de/test/auto/Modal3.xml
auto.tcl: Setting watchdog for 200 seconds at Sat Jul 07 01:35:33 UTC 2018
10 ms. Memory: 331264K Free: 309899K (94%)
ptolemy.util.test.WatchDog.cancel(): canceling Sat Jul 07 01:35:33 UTC 2018
auto.tcl: Setting watchdog for 200 seconds at Sat Jul 07 01:35:33 UTC 2018
10 ms. Memory: 331264K Free: 305688K (92%)
ptolemy.util.test.WatchDog.cancel(): canceling Sat Jul 07 01:35:33 UTC 2018
------------------ testing $PTII/ptolemy/domains/de/test/auto/Modal4.xml
auto.tcl: Setting watchdog for 200 seconds at Sat Jul 07 01:35:33 UTC 2018
11 ms. Memory: 331264K Free: 309626K (93%)
ptolemy.util.test.WatchDog.cancel(): canceling Sat Jul 07 01:35:33 UTC 2018
auto.tcl: Setting watchdog for 200 seconds at Sat Jul 07 01:35:33 UTC 2018
20 ms. Memory: 331264K Free: 305700K (92%)
ptolemy.util.test.WatchDog.cancel(): canceling Sat Jul 07 01:35:33 UTC 2018
------------------ testing $PTII/ptolemy/domains/de/test/auto/Modal5.xml
auto.tcl: Setting watchdog for 200 seconds at Sat Jul 07 01:35:33 UTC 2018
16 ms. Memory: 331264K Free: 309900K (94%)
ptolemy.util.test.WatchDog.cancel(): canceling Sat Jul 07 01:35:33 UTC 2018
auto.tcl: Setting watchdog for 200 seconds at Sat Jul 07 01:35:33 UTC 2018
14 ms. Memory: 331264K Free: 305973K (92%)
ptolemy.util.test.WatchDog.cancel(): canceling Sat Jul 07 01:35:33 UTC 2018
------------------ testing $PTII/ptolemy/domains/de/test/auto/Modal6.xml
auto.tcl: Setting watchdog for 200 seconds at Sat Jul 07 01:35:33 UTC 2018
15 ms. Memory: 331264K Free: 309612K (93%)
ptolemy.util.test.WatchDog.cancel(): canceling Sat Jul 07 01:35:33 UTC 2018
auto.tcl: Setting watchdog for 200 seconds at Sat Jul 07 01:35:33 UTC 2018
13 ms. Memory: 331264K Free: 305686K (92%)
ptolemy.util.test.WatchDog.cancel(): canceling Sat Jul 07 01:35:33 UTC 2018
------------------ testing $PTII/ptolemy/domains/de/test/auto/Modal7.xml
auto.tcl: Setting watchdog for 200 seconds at Sat Jul 07 01:35:33 UTC 2018
16 ms. Memory: 331264K Free: 309612K (93%)
ptolemy.util.test.WatchDog.cancel(): canceling Sat Jul 07 01:35:34 UTC 2018
auto.tcl: Setting watchdog for 200 seconds at Sat Jul 07 01:35:34 UTC 2018
11 ms. Memory: 331264K Free: 305685K (92%)
ptolemy.util.test.WatchDog.cancel(): canceling Sat Jul 07 01:35:34 UTC 2018
------------------ testing $PTII/ptolemy/domains/de/test/auto/ModalModel.xml
auto.tcl: Setting watchdog for 200 seconds at Sat Jul 07 01:35:34 UTC 2018
147 ms. Memory: 331264K Free: 246191K (74%)
ptolemy.util.test.WatchDog.cancel(): canceling Sat Jul 07 01:35:34 UTC 2018
auto.tcl: Setting watchdog for 200 seconds at Sat Jul 07 01:35:34 UTC 2018
169 ms. Memory: 331264K Free: 191190K (58%)
ptolemy.util.test.WatchDog.cancel(): canceling Sat Jul 07 01:35:34 UTC 2018
------------------ testing $PTII/ptolemy/domains/de/test/auto/ModalSource.xml
auto.tcl: Setting watchdog for 200 seconds at Sat Jul 07 01:35:34 UTC 2018
5 ms. Memory: 331264K Free: 316350K (95%)
ptolemy.util.test.WatchDog.cancel(): canceling Sat Jul 07 01:35:34 UTC 2018
auto.tcl: Setting watchdog for 200 seconds at Sat Jul 07 01:35:34 UTC 2018
5 ms. Memory: 331264K Free: 312834K (94%)
ptolemy.util.test.WatchDog.cancel(): canceling Sat Jul 07 01:35:34 UTC 2018
------------------ testing $PTII/ptolemy/domains/de/test/auto/NonInterruptibleTimerZeroDelay.xml
auto.tcl: Setting watchdog for 200 seconds at Sat Jul 07 01:35:34 UTC 2018
4 ms. Memory: 331264K Free: 320703K (97%)
ptolemy.util.test.WatchDog.cancel(): canceling Sat Jul 07 01:35:34 UTC 2018
auto.tcl: Setting watchdog for 200 seconds at Sat Jul 07 01:35:34 UTC 2018
2 ms. Memory: 331264K Free: 317204K (96%)
ptolemy.util.test.WatchDog.cancel(): canceling Sat Jul 07 01:35:34 UTC 2018
------------------ testing $PTII/ptolemy/domains/de/test/auto/OpenQueueingNetwork.xml
auto.tcl: Setting watchdog for 200 seconds at Sat Jul 07 01:35:34 UTC 2018
2699 ms. Memory: 573952K Free: 398694K (69%)
ptolemy.util.test.WatchDog.cancel(): canceling Sat Jul 07 01:35:37 UTC 2018
auto.tcl: Setting watchdog for 200 seconds at Sat Jul 07 01:35:37 UTC 2018
2285 ms. Memory: 550912K Free: 299049K (54%)
ptolemy.util.test.WatchDog.cancel(): canceling Sat Jul 07 01:35:39 UTC 2018
------------------ testing $PTII/ptolemy/domains/de/test/auto/OpenQueuingNetwork.xml
auto.tcl: Setting watchdog for 200 seconds at Sat Jul 07 01:35:39 UTC 2018
228 ms. Memory: 549888K Free: 435352K (79%)
ptolemy.util.test.WatchDog.cancel(): canceling Sat Jul 07 01:35:40 UTC 2018
auto.tcl: Setting watchdog for 200 seconds at Sat Jul 07 01:35:40 UTC 2018
214 ms. Memory: 549888K Free: 375307K (68%)
ptolemy.util.test.WatchDog.cancel(): canceling Sat Jul 07 01:35:40 UTC 2018
------------------ testing $PTII/ptolemy/domains/de/test/auto/PeriodicSampler.xml
auto.tcl: Setting watchdog for 200 seconds at Sat Jul 07 01:35:40 UTC 2018
3 ms. Memory: 551936K Free: 535374K (97%)
ptolemy.util.test.WatchDog.cancel(): canceling Sat Jul 07 01:35:40 UTC 2018
auto.tcl: Setting watchdog for 200 seconds at Sat Jul 07 01:35:40 UTC 2018
2 ms. Memory: 551936K Free: 535374K (97%)
ptolemy.util.test.WatchDog.cancel(): canceling Sat Jul 07 01:35:40 UTC 2018
------------------ testing $PTII/ptolemy/domains/de/test/auto/PersistentIO.xml
auto.tcl: Setting watchdog for 200 seconds at Sat Jul 07 01:35:40 UTC 2018
5 ms. Memory: 549376K Free: 522045K (95%)
ptolemy.util.test.WatchDog.cancel(): canceling Sat Jul 07 01:35:40 UTC 2018
auto.tcl: Setting watchdog for 200 seconds at Sat Jul 07 01:35:40 UTC 2018
3 ms. Memory: 549376K Free: 522045K (95%)
ptolemy.util.test.WatchDog.cancel(): canceling Sat Jul 07 01:35:40 UTC 2018
------------------ testing $PTII/ptolemy/domains/de/test/auto/PortParameterResetOnInitialize.xml
auto.tcl: Setting watchdog for 200 seconds at Sat Jul 07 01:35:40 UTC 2018
3 ms. Memory: 551424K Free: 530643K (96%)
ptolemy.util.test.WatchDog.cancel(): canceling Sat Jul 07 01:35:40 UTC 2018
auto.tcl: Setting watchdog for 200 seconds at Sat Jul 07 01:35:40 UTC 2018
1 ms. Memory: 551424K Free: 530643K (96%)
ptolemy.util.test.WatchDog.cancel(): canceling Sat Jul 07 01:35:40 UTC 2018
------------------ testing $PTII/ptolemy/domains/de/test/auto/PortParameterUpdates.xml
auto.tcl: Setting watchdog for 200 seconds at Sat Jul 07 01:35:40 UTC 2018
3 ms. Memory: 549376K Free: 528728K (96%)
ptolemy.util.test.WatchDog.cancel(): canceling Sat Jul 07 01:35:40 UTC 2018
auto.tcl: Setting watchdog for 200 seconds at Sat Jul 07 01:35:40 UTC 2018
3 ms. Memory: 549376K Free: 522057K (95%)
ptolemy.util.test.WatchDog.cancel(): canceling Sat Jul 07 01:35:40 UTC 2018
------------------ testing $PTII/ptolemy/domains/de/test/auto/QueueAndServer.xml
auto.tcl: Setting watchdog for 200 seconds at Sat Jul 07 01:35:40 UTC 2018
10 ms. Memory: 551424K Free: 530510K (96%)
ptolemy.util.test.WatchDog.cancel(): canceling Sat Jul 07 01:35:40 UTC 2018
auto.tcl: Setting watchdog for 200 seconds at Sat Jul 07 01:35:40 UTC 2018
6 ms. Memory: 551424K Free: 523823K (95%)
ptolemy.util.test.WatchDog.cancel(): canceling Sat Jul 07 01:35:40 UTC 2018
------------------ testing $PTII/ptolemy/domains/de/test/auto/Records.xml
auto.tcl: Setting watchdog for 200 seconds at Sat Jul 07 01:35:40 UTC 2018
7 ms. Memory: 549376K Free: 533084K (97%)
ptolemy.util.test.WatchDog.cancel(): canceling Sat Jul 07 01:35:40 UTC 2018
auto.tcl: Setting watchdog for 200 seconds at Sat Jul 07 01:35:40 UTC 2018
2 ms. Memory: 549376K Free: 533084K (97%)
ptolemy.util.test.WatchDog.cancel(): canceling Sat Jul 07 01:35:40 UTC 2018
------------------ testing $PTII/ptolemy/domains/de/test/auto/ResetTransitionWithStartTime1.xml
auto.tcl: Setting watchdog for 200 seconds at Sat Jul 07 01:35:40 UTC 2018
12 ms. Memory: 551424K Free: 528716K (96%)
ptolemy.util.test.WatchDog.cancel(): canceling Sat Jul 07 01:35:40 UTC 2018
auto.tcl: Setting watchdog for 200 seconds at Sat Jul 07 01:35:40 UTC 2018
6 ms. Memory: 551424K Free: 528486K (96%)
ptolemy.util.test.WatchDog.cancel(): canceling Sat Jul 07 01:35:40 UTC 2018
------------------ testing $PTII/ptolemy/domains/de/test/auto/ResetTransitionWithStartTime2.xml
auto.tcl: Setting watchdog for 200 seconds at Sat Jul 07 01:35:40 UTC 2018
7 ms. Memory: 549376K Free: 526642K (96%)
ptolemy.util.test.WatchDog.cancel(): canceling Sat Jul 07 01:35:40 UTC 2018
auto.tcl: Setting watchdog for 200 seconds at Sat Jul 07 01:35:40 UTC 2018
8 ms. Memory: 549376K Free: 526642K (96%)
ptolemy.util.test.WatchDog.cancel(): canceling Sat Jul 07 01:35:40 UTC 2018
------------------ testing $PTII/ptolemy/domains/de/test/auto/ResetTransitionWithStartTime3.xml
auto.tcl: Setting watchdog for 200 seconds at Sat Jul 07 01:35:40 UTC 2018
6 ms. Memory: 550912K Free: 527808K (96%)
ptolemy.util.test.WatchDog.cancel(): canceling Sat Jul 07 01:35:40 UTC 2018
auto.tcl: Setting watchdog for 200 seconds at Sat Jul 07 01:35:40 UTC 2018
3 ms. Memory: 550912K Free: 527808K (96%)
ptolemy.util.test.WatchDog.cancel(): canceling Sat Jul 07 01:35:40 UTC 2018
------------------ testing $PTII/ptolemy/domains/de/test/auto/ResetTransitionWithStartTime4.xml
auto.tcl: Setting watchdog for 200 seconds at Sat Jul 07 01:35:40 UTC 2018
4 ms. Memory: 549376K Free: 526283K (96%)
ptolemy.util.test.WatchDog.cancel(): canceling Sat Jul 07 01:35:41 UTC 2018
auto.tcl: Setting watchdog for 200 seconds at Sat Jul 07 01:35:41 UTC 2018
3 ms. Memory: 549376K Free: 526283K (96%)
ptolemy.util.test.WatchDog.cancel(): canceling Sat Jul 07 01:35:41 UTC 2018
------------------ testing $PTII/ptolemy/domains/de/test/auto/ResettableTimer1.xml
auto.tcl: Setting watchdog for 200 seconds at Sat Jul 07 01:35:41 UTC 2018
3 ms. Memory: 550912K Free: 534486K (97%)
ptolemy.util.test.WatchDog.cancel(): canceling Sat Jul 07 01:35:41 UTC 2018
auto.tcl: Setting watchdog for 200 seconds at Sat Jul 07 01:35:41 UTC 2018
2 ms. Memory: 550912K Free: 534486K (97%)
ptolemy.util.test.WatchDog.cancel(): canceling Sat Jul 07 01:35:41 UTC 2018
------------------ testing $PTII/ptolemy/domains/de/test/auto/ResettableTimer2.xml
auto.tcl: Setting watchdog for 200 seconds at Sat Jul 07 01:35:41 UTC 2018
2 ms. Memory: 549376K Free: 533238K (97%)
ptolemy.util.test.WatchDog.cancel(): canceling Sat Jul 07 01:35:41 UTC 2018
auto.tcl: Setting watchdog for 200 seconds at Sat Jul 07 01:35:41 UTC 2018
3 ms. Memory: 549376K Free: 533238K (97%)
ptolemy.util.test.WatchDog.cancel(): canceling Sat Jul 07 01:35:41 UTC 2018
------------------ testing $PTII/ptolemy/domains/de/test/auto/ResettableTimer3.xml
auto.tcl: Setting watchdog for 200 seconds at Sat Jul 07 01:35:41 UTC 2018
3 ms. Memory: 550912K Free: 534543K (97%)
ptolemy.util.test.WatchDog.cancel(): canceling Sat Jul 07 01:35:41 UTC 2018
auto.tcl: Setting watchdog for 200 seconds at Sat Jul 07 01:35:41 UTC 2018
1 ms. Memory: 550912K Free: 534543K (97%)
ptolemy.util.test.WatchDog.cancel(): canceling Sat Jul 07 01:35:41 UTC 2018
------------------ testing $PTII/ptolemy/domains/de/test/auto/ResettableTimer4.xml
auto.tcl: Setting watchdog for 200 seconds at Sat Jul 07 01:35:41 UTC 2018
1 ms. Memory: 549376K Free: 533250K (97%)
ptolemy.util.test.WatchDog.cancel(): canceling Sat Jul 07 01:35:41 UTC 2018
auto.tcl: Setting watchdog for 200 seconds at Sat Jul 07 01:35:41 UTC 2018
1 ms. Memory: 549376K Free: 533250K (97%)
ptolemy.util.test.WatchDog.cancel(): canceling Sat Jul 07 01:35:41 UTC 2018
------------------ testing $PTII/ptolemy/domains/de/test/auto/ResettableTimer5.xml
auto.tcl: Setting watchdog for 200 seconds at Sat Jul 07 01:35:41 UTC 2018
1 ms. Memory: 550400K Free: 529593K (96%)
ptolemy.util.test.WatchDog.cancel(): canceling Sat Jul 07 01:35:41 UTC 2018
auto.tcl: Setting watchdog for 200 seconds at Sat Jul 07 01:35:41 UTC 2018
1 ms. Memory: 550400K Free: 529593K (96%)
ptolemy.util.test.WatchDog.cancel(): canceling Sat Jul 07 01:35:41 UTC 2018
------------------ testing $PTII/ptolemy/domains/de/test/auto/ResettableTimer6.xml
auto.tcl: Setting watchdog for 200 seconds at Sat Jul 07 01:35:41 UTC 2018
2 ms. Memory: 549376K Free: 528288K (96%)
ptolemy.util.test.WatchDog.cancel(): canceling Sat Jul 07 01:35:41 UTC 2018
auto.tcl: Setting watchdog for 200 seconds at Sat Jul 07 01:35:41 UTC 2018
1 ms. Memory: 549376K Free: 528288K (96%)
ptolemy.util.test.WatchDog.cancel(): canceling Sat Jul 07 01:35:41 UTC 2018
------------------ testing $PTII/ptolemy/domains/de/test/auto/ServerZeroDelay.xml
auto.tcl: Setting watchdog for 200 seconds at Sat Jul 07 01:35:41 UTC 2018
2 ms. Memory: 550400K Free: 533982K (97%)
ptolemy.util.test.WatchDog.cancel(): canceling Sat Jul 07 01:35:41 UTC 2018
auto.tcl: Setting watchdog for 200 seconds at Sat Jul 07 01:35:41 UTC 2018
2 ms. Memory: 550400K Free: 533982K (97%)
ptolemy.util.test.WatchDog.cancel(): canceling Sat Jul 07 01:35:41 UTC 2018
------------------ testing $PTII/ptolemy/domains/de/test/auto/SmartSender.xml
auto.tcl: Setting watchdog for 200 seconds at Sat Jul 07 01:35:41 UTC 2018
3001 ms. Memory: 549376K Free: 533182K (97%)
ptolemy.util.test.WatchDog.cancel(): canceling Sat Jul 07 01:35:44 UTC 2018
auto.tcl: Setting watchdog for 200 seconds at Sat Jul 07 01:35:44 UTC 2018
3002 ms. Memory: 549376K Free: 533182K (97%)
ptolemy.util.test.WatchDog.cancel(): canceling Sat Jul 07 01:35:47 UTC 2018
------------------ testing $PTII/ptolemy/domains/de/test/auto/ThreadedComposite.xml
auto.tcl: Setting watchdog for 200 seconds at Sat Jul 07 01:35:47 UTC 2018
176 ms. Memory: 550400K Free: 513280K (93%)
ptolemy.util.test.WatchDog.cancel(): canceling Sat Jul 07 01:35:47 UTC 2018
auto.tcl: Setting watchdog for 200 seconds at Sat Jul 07 01:35:47 UTC 2018
128 ms. Memory: 550400K Free: 497241K (90%)
ptolemy.util.test.WatchDog.cancel(): canceling Sat Jul 07 01:35:47 UTC 2018
------------------ testing $PTII/ptolemy/domains/de/test/auto/Time.xml
auto.tcl: Setting watchdog for 200 seconds at Sat Jul 07 01:35:47 UTC 2018
513 ms. Memory: 549376K Free: 471842K (86%)
ptolemy.util.test.WatchDog.cancel(): canceling Sat Jul 07 01:35:48 UTC 2018
auto.tcl: Setting watchdog for 200 seconds at Sat Jul 07 01:35:48 UTC 2018
492 ms. Memory: 549376K Free: 418469K (76%)
ptolemy.util.test.WatchDog.cancel(): canceling Sat Jul 07 01:35:49 UTC 2018
------------------ testing $PTII/ptolemy/domains/de/test/auto/TimeDelayZeroDelay.xml
auto.tcl: Setting watchdog for 200 seconds at Sat Jul 07 01:35:49 UTC 2018
2 ms. Memory: 550400K Free: 533899K (97%)
ptolemy.util.test.WatchDog.cancel(): canceling Sat Jul 07 01:35:49 UTC 2018
auto.tcl: Setting watchdog for 200 seconds at Sat Jul 07 01:35:49 UTC 2018
1 ms. Memory: 550400K Free: 533899K (97%)
ptolemy.util.test.WatchDog.cancel(): canceling Sat Jul 07 01:35:49 UTC 2018
------------------ testing $PTII/ptolemy/domains/de/test/auto/TimerZeroDelay.xml
auto.tcl: Setting watchdog for 200 seconds at Sat Jul 07 01:35:49 UTC 2018
4 ms. Memory: 549376K Free: 533149K (97%)
ptolemy.util.test.WatchDog.cancel(): canceling Sat Jul 07 01:35:49 UTC 2018
auto.tcl: Setting watchdog for 200 seconds at Sat Jul 07 01:35:49 UTC 2018
2 ms. Memory: 549376K Free: 533149K (97%)
ptolemy.util.test.WatchDog.cancel(): canceling Sat Jul 07 01:35:49 UTC 2018
------------------ testing $PTII/ptolemy/domains/de/test/auto/TimingParadox.xml
auto.tcl: Setting watchdog for 200 seconds at Sat Jul 07 01:35:49 UTC 2018
339 ms. Memory: 549888K Free: 467283K (85%)
ptolemy.util.test.WatchDog.cancel(): canceling Sat Jul 07 01:35:49 UTC 2018
auto.tcl: Setting watchdog for 200 seconds at Sat Jul 07 01:35:49 UTC 2018
318 ms. Memory: 549888K Free: 433924K (79%)
ptolemy.util.test.WatchDog.cancel(): canceling Sat Jul 07 01:35:49 UTC 2018
------------------ testing $PTII/ptolemy/domains/de/test/auto/TransferInputs.xml
auto.tcl: Setting watchdog for 200 seconds at Sat Jul 07 01:35:50 UTC 2018
2 ms. Memory: 549888K Free: 532565K (97%)
ptolemy.util.test.WatchDog.cancel(): canceling Sat Jul 07 01:35:50 UTC 2018
auto.tcl: Setting watchdog for 200 seconds at Sat Jul 07 01:35:50 UTC 2018
1 ms. Memory: 549888K Free: 532565K (97%)
ptolemy.util.test.WatchDog.cancel(): canceling Sat Jul 07 01:35:50 UTC 2018
------------------ testing $PTII/ptolemy/domains/de/test/auto/TransferOutputs2.xml
auto.tcl: Setting watchdog for 200 seconds at Sat Jul 07 01:35:50 UTC 2018
3 ms. Memory: 549376K Free: 526467K (96%)
ptolemy.util.test.WatchDog.cancel(): canceling Sat Jul 07 01:35:50 UTC 2018
auto.tcl: Setting watchdog for 200 seconds at Sat Jul 07 01:35:50 UTC 2018
2 ms. Memory: 549376K Free: 526467K (96%)
ptolemy.util.test.WatchDog.cancel(): canceling Sat Jul 07 01:35:50 UTC 2018
------------------ testing $PTII/ptolemy/domains/de/test/auto/Trilateration.xml
auto.tcl: Setting watchdog for 200 seconds at Sat Jul 07 01:35:50 UTC 2018
13440 ms. Memory: 766976K Free: 191778K (25%)
ptolemy.util.test.WatchDog.cancel(): canceling Sat Jul 07 01:36:04 UTC 2018
auto.tcl: Setting watchdog for 200 seconds at Sat Jul 07 01:36:04 UTC 2018
10657 ms. Memory: 623104K Free: 575744K (92%)
ptolemy.util.test.WatchDog.cancel(): canceling Sat Jul 07 01:36:15 UTC 2018
------------------ testing $PTII/ptolemy/domains/de/test/auto/TwoSigmaDelta.xml
auto.tcl: Setting watchdog for 200 seconds at Sat Jul 07 01:36:15 UTC 2018
2559 ms. Memory: 619520K Free: 303712K (49%)
ptolemy.util.test.WatchDog.cancel(): canceling Sat Jul 07 01:36:17 UTC 2018
auto.tcl: Setting watchdog for 200 seconds at Sat Jul 07 01:36:17 UTC 2018
1899 ms. Memory: 619520K Free: 75926K (12%)
ptolemy.util.test.WatchDog.cancel(): canceling Sat Jul 07 01:36:19 UTC 2018
------------------ testing $PTII/ptolemy/domains/de/test/auto/VariableDelay.xml
auto.tcl: Setting watchdog for 200 seconds at Sat Jul 07 01:36:19 UTC 2018
7 ms. Memory: 623104K Free: 598684K (96%)
ptolemy.util.test.WatchDog.cancel(): canceling Sat Jul 07 01:36:19 UTC 2018
auto.tcl: Setting watchdog for 200 seconds at Sat Jul 07 01:36:19 UTC 2018
2 ms. Memory: 623104K Free: 598684K (96%)
ptolemy.util.test.WatchDog.cancel(): canceling Sat Jul 07 01:36:19 UTC 2018
------------------ testing $PTII/ptolemy/domains/de/test/auto/VariableDelay2.xml
auto.tcl: Setting watchdog for 200 seconds at Sat Jul 07 01:36:20 UTC 2018
7 ms. Memory: 619520K Free: 600925K (97%)
ptolemy.util.test.WatchDog.cancel(): canceling Sat Jul 07 01:36:20 UTC 2018
auto.tcl: Setting watchdog for 200 seconds at Sat Jul 07 01:36:20 UTC 2018
2 ms. Memory: 619520K Free: 600925K (97%)
ptolemy.util.test.WatchDog.cancel(): canceling Sat Jul 07 01:36:20 UTC 2018
------------------ testing $PTII/ptolemy/domains/de/test/auto/VariableDelayZeroDelay.xml
auto.tcl: Setting watchdog for 200 seconds at Sat Jul 07 01:36:20 UTC 2018
1 ms. Memory: 622592K Free: 603995K (97%)
ptolemy.util.test.WatchDog.cancel(): canceling Sat Jul 07 01:36:20 UTC 2018
auto.tcl: Setting watchdog for 200 seconds at Sat Jul 07 01:36:20 UTC 2018
2 ms. Memory: 622592K Free: 603995K (97%)
ptolemy.util.test.WatchDog.cancel(): canceling Sat Jul 07 01:36:20 UTC 2018
------------------ testing $PTII/ptolemy/domains/de/test/auto/VariableDelayZeroDelay2.xml
auto.tcl: Setting watchdog for 200 seconds at Sat Jul 07 01:36:20 UTC 2018
2 ms. Memory: 619520K Free: 595541K (96%)
ptolemy.util.test.WatchDog.cancel(): canceling Sat Jul 07 01:36:20 UTC 2018
auto.tcl: Setting watchdog for 200 seconds at Sat Jul 07 01:36:20 UTC 2018
1 ms. Memory: 619520K Free: 595541K (96%)
ptolemy.util.test.WatchDog.cancel(): canceling Sat Jul 07 01:36:20 UTC 2018
------------------ testing $PTII/ptolemy/domains/de/test/auto/deInCt.xml
auto.tcl: Setting watchdog for 200 seconds at Sat Jul 07 01:36:20 UTC 2018
0
1
1
1
0
0
0
0
1
1
1
0
0
1
1
1
1
0
0
0
0
0
1
1
1
0
0
0
0
1
1
1
1
14 ms. Memory: 622080K Free: 598067K (96%)
ptolemy.util.test.WatchDog.cancel(): canceling Sat Jul 07 01:36:20 UTC 2018
auto.tcl: Setting watchdog for 200 seconds at Sat Jul 07 01:36:20 UTC 2018
0
1
1
1
0
0
0
1
1
1
1
1
0
0
0
0
0
1
1
1
0
0
0
1
1
1
0
0
0
1
1
0
0
0
1
1
1
0
0
0
0
0
8 ms. Memory: 622080K Free: 598067K (96%)
ptolemy.util.test.WatchDog.cancel(): canceling Sat Jul 07 01:36:20 UTC 2018
------------------ testing $PTII/ptolemy/domains/de/test/auto/deInCt2.xml
auto.tcl: Setting watchdog for 200 seconds at Sat Jul 07 01:36:20 UTC 2018
0
1
1
1
0
0
1
1
1
0
0
1
1
1
0
0
1
1
1
0
0
1
1
1
0
0
1
1
1
0
0
1
1
1
0
0
1
1
1
0
0
0
12 ms. Memory: 619520K Free: 600889K (97%)
ptolemy.util.test.WatchDog.cancel(): canceling Sat Jul 07 01:36:20 UTC 2018
auto.tcl: Setting watchdog for 200 seconds at Sat Jul 07 01:36:20 UTC 2018
0
1
1
1
0
0
1
1
1
0
0
1
1
1
0
0
1
1
1
0
0
1
1
1
0
0
1
1
1
0
0
1
1
1
0
0
1
1
1
0
0
0
5 ms. Memory: 619520K Free: 600889K (97%)
ptolemy.util.test.WatchDog.cancel(): canceling Sat Jul 07 01:36:20 UTC 2018
------------------ testing $PTII/ptolemy/domains/de/test/auto/dynamicCausalityInterface1.xml
auto.tcl: Setting watchdog for 200 seconds at Sat Jul 07 01:36:20 UTC 2018
1 ms. Memory: 621568K Free: 594738K (96%)
ptolemy.util.test.WatchDog.cancel(): canceling Sat Jul 07 01:36:20 UTC 2018
auto.tcl: Setting watchdog for 200 seconds at Sat Jul 07 01:36:20 UTC 2018
1 ms. Memory: 621568K Free: 594738K (96%)
ptolemy.util.test.WatchDog.cancel(): canceling Sat Jul 07 01:36:20 UTC 2018
------------------ testing $PTII/ptolemy/domains/de/test/auto/fsm_de_test.xml
auto.tcl: Setting watchdog for 200 seconds at Sat Jul 07 01:36:20 UTC 2018
4 ms. Memory: 619520K Free: 595428K (96%)
ptolemy.util.test.WatchDog.cancel(): canceling Sat Jul 07 01:36:20 UTC 2018
auto.tcl: Setting watchdog for 200 seconds at Sat Jul 07 01:36:20 UTC 2018
4 ms. Memory: 619520K Free: 587204K (95%)
ptolemy.util.test.WatchDog.cancel(): canceling Sat Jul 07 01:36:20 UTC 2018
------------------ testing $PTII/ptolemy/domains/de/test/auto/functionDependencyReconstruction.xml
auto.tcl: Setting watchdog for 200 seconds at Sat Jul 07 01:36:20 UTC 2018
2 ms. Memory: 621568K Free: 589259K (95%)
ptolemy.util.test.WatchDog.cancel(): canceling Sat Jul 07 01:36:20 UTC 2018
auto.tcl: Setting watchdog for 200 seconds at Sat Jul 07 01:36:20 UTC 2018
2 ms. Memory: 621568K Free: 581035K (93%)
ptolemy.util.test.WatchDog.cancel(): canceling Sat Jul 07 01:36:20 UTC 2018
------------------ testing $PTII/ptolemy/domains/de/test/auto/multirate.xml
auto.tcl: Setting watchdog for 200 seconds at Sat Jul 07 01:36:20 UTC 2018
7 ms. Memory: 619520K Free: 595296K (96%)
ptolemy.util.test.WatchDog.cancel(): canceling Sat Jul 07 01:36:20 UTC 2018
auto.tcl: Setting watchdog for 200 seconds at Sat Jul 07 01:36:20 UTC 2018
3 ms. Memory: 619520K Free: 595296K (96%)
ptolemy.util.test.WatchDog.cancel(): canceling Sat Jul 07 01:36:20 UTC 2018
------------------ testing $PTII/ptolemy/domains/de/test/auto/multirate2.xml
auto.tcl: Setting watchdog for 200 seconds at Sat Jul 07 01:36:20 UTC 2018
3 ms. Memory: 621056K Free: 596988K (96%)
ptolemy.util.test.WatchDog.cancel(): canceling Sat Jul 07 01:36:20 UTC 2018
auto.tcl: Setting watchdog for 200 seconds at Sat Jul 07 01:36:20 UTC 2018
3 ms. Memory: 621056K Free: 596988K (96%)
ptolemy.util.test.WatchDog.cancel(): canceling Sat Jul 07 01:36:20 UTC 2018
------------------ testing $PTII/ptolemy/domains/de/test/auto/realtime.xml
auto.tcl: Setting watchdog for 200 seconds at Sat Jul 07 01:36:20 UTC 2018
10002 ms. Memory: 619520K Free: 595450K (96%)
ptolemy.util.test.WatchDog.cancel(): canceling Sat Jul 07 01:36:30 UTC 2018
auto.tcl: Setting watchdog for 200 seconds at Sat Jul 07 01:36:30 UTC 2018
10002 ms. Memory: 619520K Free: 595450K (96%)
ptolemy.util.test.WatchDog.cancel(): canceling Sat Jul 07 01:36:40 UTC 2018
------------------ testing $PTII/ptolemy/domains/de/test/auto/relationGroup.xml
auto.tcl: Setting watchdog for 200 seconds at Sat Jul 07 01:36:40 UTC 2018
2 ms. Memory: 621056K Free: 602424K (97%)
ptolemy.util.test.WatchDog.cancel(): canceling Sat Jul 07 01:36:40 UTC 2018
auto.tcl: Setting watchdog for 200 seconds at Sat Jul 07 01:36:40 UTC 2018
2 ms. Memory: 621056K Free: 602424K (97%)
ptolemy.util.test.WatchDog.cancel(): canceling Sat Jul 07 01:36:40 UTC 2018
------------------ testing $PTII/ptolemy/domains/de/test/auto/relationGroup2.xml
auto.tcl: Setting watchdog for 200 seconds at Sat Jul 07 01:36:40 UTC 2018
1 ms. Memory: 619520K Free: 595534K (96%)
ptolemy.util.test.WatchDog.cancel(): canceling Sat Jul 07 01:36:40 UTC 2018
auto.tcl: Setting watchdog for 200 seconds at Sat Jul 07 01:36:40 UTC 2018
1 ms. Memory: 619520K Free: 595534K (96%)
ptolemy.util.test.WatchDog.cancel(): canceling Sat Jul 07 01:36:40 UTC 2018
------------------ testing $PTII/ptolemy/domains/de/test/auto/sortWithOpaquePorts.xml
auto.tcl: Setting watchdog for 200 seconds at Sat Jul 07 01:36:40 UTC 2018
1 ms. Memory: 620544K Free: 596558K (96%)
ptolemy.util.test.WatchDog.cancel(): canceling Sat Jul 07 01:36:40 UTC 2018
auto.tcl: Setting watchdog for 200 seconds at Sat Jul 07 01:36:40 UTC 2018
1 ms. Memory: 620544K Free: 596558K (96%)
ptolemy.util.test.WatchDog.cancel(): canceling Sat Jul 07 01:36:40 UTC 2018
------------------ testing $PTII/ptolemy/domains/de/test/auto/transferInputsandOutputs.xml
auto.tcl: Setting watchdog for 200 seconds at Sat Jul 07 01:36:41 UTC 2018
2 ms. Memory: 619520K Free: 595522K (96%)
ptolemy.util.test.WatchDog.cancel(): canceling Sat Jul 07 01:36:41 UTC 2018
auto.tcl: Setting watchdog for 200 seconds at Sat Jul 07 01:36:41 UTC 2018
2 ms. Memory: 619520K Free: 595522K (96%)
ptolemy.util.test.WatchDog.cancel(): canceling Sat Jul 07 01:36:41 UTC 2018
------------------ testing $PTII/ptolemy/domains/de/test/auto/triggerType.xml
auto.tcl: Setting watchdog for 200 seconds at Sat Jul 07 01:36:41 UTC 2018
1 ms. Memory: 620544K Free: 596496K (96%)
ptolemy.util.test.WatchDog.cancel(): canceling Sat Jul 07 01:36:41 UTC 2018
auto.tcl: Setting watchdog for 200 seconds at Sat Jul 07 01:36:41 UTC 2018
2 ms. Memory: 620544K Free: 596496K (96%)
ptolemy.util.test.WatchDog.cancel(): canceling Sat Jul 07 01:36:41 UTC 2018
07/07/18 01:36:41
Failed: 0  Total Tests: 192  ((Passed: 187, Newly Passed: 1)  Known Failed: 5) /home/travis/build/icyphy/ptII/ptolemy/domains/de/test
07/07/18 01:36:41
Failed: 0  Total Tests: 192  ((Passed: 187, Newly Passed: 1)  Known Failed: 5) /home/travis/build/icyphy/ptII/ptolemy/domains/de/test
----------------- testing (KnownFailure) /home/travis/build/icyphy/ptII/ptolemy/domains/de/test/auto/knownFailedTests/DESDFClockTest.xml
2008 ms. Memory: 619520K Free: 584733K (94%)
Known Failure: java.lang.reflect.InvocationTargetException
----------------- testing (KnownFailure) /home/travis/build/icyphy/ptII/ptolemy/domains/de/test/auto/knownFailedTests/DirectFeedback.xml
2 ms. Memory: 619520K Free: 541684K (87%)
Known Failure: java.lang.reflect.InvocationTargetException
----------------- testing (KnownFailure) /home/travis/build/icyphy/ptII/ptolemy/domains/de/test/auto/knownFailedTests/FSMSource.xml
8 ms. Memory: 619520K Free: 498634K (80%)
----------------- testing (KnownFailure) /home/travis/build/icyphy/ptII/ptolemy/domains/de/test/auto/knownFailedTests/HierarchicalModel.xml
2 ms. Memory: 619520K Free: 466340K (75%)
Known Failure: java.lang.reflect.InvocationTargetException
----------------- testing (KnownFailure) /home/travis/build/icyphy/ptII/ptolemy/domains/de/test/auto/knownFailedTests/dependencyLoop.xml
2 ms. Memory: 619520K Free: 412512K (67%)
Known Failure: java.lang.reflect.InvocationTargetException
----------------- testing (KnownFailure) /home/travis/build/icyphy/ptII/ptolemy/domains/de/test/auto/knownFailedTests/dependencyLoop2.xml
5 ms. Memory: 619520K Free: 358693K (58%)
Known Failure: java.lang.reflect.InvocationTargetException
No auto/linux-amd64/*.xml tests in /home/travis/build/icyphy/ptII/ptolemy/domains/de/test
AutoTests.java: About to close Vertx.
AutoTests.java: Vertx closed.

===========================================================================================
----------------- testing Sat Jul 07 01:36:43 UTC 2018 /home/travis/build/icyphy/ptII/ptolemy/domains/de/test/auto/ActorDepthCalculation_actorWithoutPorts.xml
----------------- Instantiating /home/travis/build/icyphy/ptII/ptolemy/domains/de/test/auto/ActorDepthCalculation_actorWithoutPorts.xml
1 ms. Memory: 619520K Free: 304881K (49%)
----------------- Invoking toplevel() on ptolemy.moml.MoMLSimpleApplication@66157474
----------------- Done invoking toplevel() on ptolemy.moml.MoMLSimpleApplication@66157474
reloadAllAccessors: .ActorDepthCalculation_actorWithoutPorts

===========================================================================================
----------------- testing Sat Jul 07 01:36:43 UTC 2018 /home/travis/build/icyphy/ptII/ptolemy/domains/de/test/auto/AssemblyLine.xml
----------------- Instantiating /home/travis/build/icyphy/ptII/ptolemy/domains/de/test/auto/AssemblyLine.xml
2 ms. Memory: 619520K Free: 283357K (46%)
----------------- Invoking toplevel() on ptolemy.moml.MoMLSimpleApplication@179bf713
----------------- Done invoking toplevel() on ptolemy.moml.MoMLSimpleApplication@179bf713
reloadAllAccessors: .AssemblyLine

===========================================================================================
----------------- testing Sat Jul 07 01:36:43 UTC 2018 /home/travis/build/icyphy/ptII/ptolemy/domains/de/test/auto/CQBug1.xml
----------------- Instantiating /home/travis/build/icyphy/ptII/ptolemy/domains/de/test/auto/CQBug1.xml
0 ms. Memory: 619520K Free: 261832K (42%)
----------------- Invoking toplevel() on ptolemy.moml.MoMLSimpleApplication@4c3eedaf
----------------- Done invoking toplevel() on ptolemy.moml.MoMLSimpleApplication@4c3eedaf
reloadAllAccessors: .CQBug1

===========================================================================================
----------------- testing Sat Jul 07 01:36:43 UTC 2018 /home/travis/build/icyphy/ptII/ptolemy/domains/de/test/auto/CancelFireAt.xml
----------------- Instantiating /home/travis/build/icyphy/ptII/ptolemy/domains/de/test/auto/CancelFireAt.xml
1 ms. Memory: 619520K Free: 240308K (39%)
----------------- Invoking toplevel() on ptolemy.moml.MoMLSimpleApplication@7ea9a93
----------------- Done invoking toplevel() on ptolemy.moml.MoMLSimpleApplication@7ea9a93
reloadAllAccessors: .CancelFireAt

===========================================================================================
----------------- testing Sat Jul 07 01:36:43 UTC 2018 /home/travis/build/icyphy/ptII/ptolemy/domains/de/test/auto/CausalityAndComposabilityAnalysis.xml
----------------- Instantiating /home/travis/build/icyphy/ptII/ptolemy/domains/de/test/auto/CausalityAndComposabilityAnalysis.xml
1 ms. Memory: 619520K Free: 218783K (35%)
----------------- Invoking toplevel() on ptolemy.moml.MoMLSimpleApplication@108b699a
----------------- Done invoking toplevel() on ptolemy.moml.MoMLSimpleApplication@108b699a
reloadAllAccessors: .CausalityAndComposabilityAnalysis

===========================================================================================
----------------- testing Sat Jul 07 01:36:43 UTC 2018 /home/travis/build/icyphy/ptII/ptolemy/domains/de/test/auto/CausalityInterface1.xml
----------------- Instantiating /home/travis/build/icyphy/ptII/ptolemy/domains/de/test/auto/CausalityInterface1.xml
3 ms. Memory: 619520K Free: 197259K (32%)
----------------- Invoking toplevel() on ptolemy.moml.MoMLSimpleApplication@66339e6a
----------------- Done invoking toplevel() on ptolemy.moml.MoMLSimpleApplication@66339e6a
reloadAllAccessors: .CausalityInterface1

===========================================================================================
----------------- testing Sat Jul 07 01:36:43 UTC 2018 /home/travis/build/icyphy/ptII/ptolemy/domains/de/test/auto/CausalityInterface15.xml
----------------- Instantiating /home/travis/build/icyphy/ptII/ptolemy/domains/de/test/auto/CausalityInterface15.xml
1 ms. Memory: 619520K Free: 175734K (28%)
----------------- Invoking toplevel() on ptolemy.moml.MoMLSimpleApplication@17f1f9ac
----------------- Done invoking toplevel() on ptolemy.moml.MoMLSimpleApplication@17f1f9ac
reloadAllAccessors: .CausalityInterface15

[...]
java.lang.RuntimeException: Execution failed
	at ptolemy.moml.MoMLSimpleApplication$UnloadThread.run(MoMLSimpleApplication.java:402)
Caused by: ptolemy.kernel.util.IllegalActionException: Test fails in iteration 1.
Value was: 1.0. Should have been: 2.0
  in .DirectFeedback.Test
	at ptolemy.actor.lib.Test.fire(Test.java:268)
	at ptolemy.domains.de.kernel.DEDirector._fire(DEDirector.java:1949)
	at ptolemy.domains.de.kernel.DEDirector.fire(DEDirector.java:502)
	at ptolemy.actor.CompositeActor.fire(CompositeActor.java:455)
	at ptolemy.actor.Manager.iterate(Manager.java:851)
	at ptolemy.actor.Manager.execute(Manager.java:369)
	at ptolemy.actor.Manager.run(Manager.java:1263)
	at ptolemy.actor.Manager$PtolemyRunThread.run(Manager.java:1915)
java.lang.RuntimeException: Execution failed
	at ptolemy.moml.MoMLSimpleApplication$UnloadThread.run(MoMLSimpleApplication.java:402)
Caused by: ptolemy.kernel.util.IllegalActionException: Actor is not ready to fire.  Perhaps UpSample.prefire() returned false? Try debugging the actor by selecting "Listen to Actor".  Also, for SDF check moml for tokenConsumptionRate on input.
  in .DESDFClockTest.Play Bell.Copy1:SDF Director and .DESDFClockTest.Play Bell.UpSample
	at ptolemy.actor.sched.StaticSchedulingDirector.fire(StaticSchedulingDirector.java:227)
	at ptolemy.domains.sdf.kernel.SDFDirector.fire(SDFDirector.java:500)
	at ptolemy.actor.CompositeActor.fire(CompositeActor.java:455)
	at ptolemy.domains.de.kernel.DEDirector._fire(DEDirector.java:1949)
	at ptolemy.domains.de.kernel.DEDirector.fire(DEDirector.java:502)
	at ptolemy.actor.CompositeActor.fire(CompositeActor.java:455)
	at ptolemy.actor.Manager.iterate(Manager.java:851)
	at ptolemy.actor.Manager.execute(Manager.java:369)
	at ptolemy.actor.Manager.run(Manager.java:1263)
	at ptolemy.actor.Manager$PtolemyRunThread.run(Manager.java:1915)
java.lang.reflect.InvocationTargetException
	at sun.reflect.NativeConstructorAccessorImpl.newInstance0(Native Method)
	at sun.reflect.NativeConstructorAccessorImpl.newInstance(NativeConstructorAccessorImpl.java:62)
	at sun.reflect.DelegatingConstructorAccessorImpl.newInstance(DelegatingConstructorAccessorImpl.java:45)
	at java.lang.reflect.Constructor.newInstance(Constructor.java:423)
	at ptolemy.util.test.junit.AutoKnownFailedTests.RunModel(AutoKnownFailedTests.java:107)
	at sun.reflect.NativeMethodAccessorImpl.invoke0(Native Method)
	at sun.reflect.NativeMethodAccessorImpl.invoke(NativeMethodAccessorImpl.java:62)
	at sun.reflect.DelegatingMethodAccessorImpl.invoke(DelegatingMethodAccessorImpl.java:43)
	at java.lang.reflect.Method.invoke(Method.java:498)
	at org.junit.runners.model.FrameworkMethod$1.runReflectiveCall(FrameworkMethod.java:44)
	at org.junit.internal.runners.model.ReflectiveCallable.run(ReflectiveCallable.java:15)
	at org.junit.runners.model.FrameworkMethod.invokeExplosively(FrameworkMethod.java:41)
	at junitparams.internal.InvokeParameterisedMethod.evaluate(InvokeParameterisedMethod.java:102)
	at org.junit.internal.runners.statements.FailOnTimeout$1.run(FailOnTimeout.java:28)
Caused by: ptolemy.kernel.util.IllegalActionException: Actor is not ready to fire.  Perhaps UpSample.prefire() returned false? Try debugging the actor by selecting "Listen to Actor".  Also, for SDF check moml for tokenConsumptionRate on input.
  in .DESDFClockTest.Play Bell.Copy1:SDF Director and .DESDFClockTest.Play Bell.UpSample
	at ptolemy.actor.sched.StaticSchedulingDirector.fire(StaticSchedulingDirector.java:227)
	at ptolemy.domains.sdf.kernel.SDFDirector.fire(SDFDirector.java:500)
	at ptolemy.actor.CompositeActor.fire(CompositeActor.java:455)
	at ptolemy.domains.de.kernel.DEDirector._fire(DEDirector.java:1949)
	at ptolemy.domains.de.kernel.DEDirector.fire(DEDirector.java:502)
	at ptolemy.actor.CompositeActor.fire(CompositeActor.java:455)
	at ptolemy.actor.Manager.iterate(Manager.java:851)
	at ptolemy.actor.Manager.execute(Manager.java:369)
	at ptolemy.actor.Manager.run(Manager.java:1263)
	at ptolemy.actor.Manager$PtolemyRunThread.run(Manager.java:1915)
java.lang.RuntimeException: Execution failed
	at ptolemy.moml.MoMLSimpleApplication$UnloadThread.run(MoMLSimpleApplication.java:402)
Caused by: ptolemy.kernel.util.IllegalActionException: Test fails in iteration 1.
Value was: 1.0. Should have been: 2.0
  in .DirectFeedback.Test
	at ptolemy.actor.lib.Test.fire(Test.java:268)
	at ptolemy.domains.de.kernel.DEDirector._fire(DEDirector.java:1949)
	at ptolemy.domains.de.kernel.DEDirector.fire(DEDirector.java:502)
	at ptolemy.actor.CompositeActor.fire(CompositeActor.java:455)
	at ptolemy.actor.Manager.iterate(Manager.java:851)
	at ptolemy.actor.Manager.execute(Manager.java:369)
	at ptolemy.actor.Manager.run(Manager.java:1263)
	at ptolemy.actor.Manager$PtolemyRunThread.run(Manager.java:1915)
java.lang.reflect.InvocationTargetException
	at sun.reflect.NativeConstructorAccessorImpl.newInstance0(Native Method)
	at sun.reflect.NativeConstructorAccessorImpl.newInstance(NativeConstructorAccessorImpl.java:62)
	at sun.reflect.DelegatingConstructorAccessorImpl.newInstance(DelegatingConstructorAccessorImpl.java:45)
	at java.lang.reflect.Constructor.newInstance(Constructor.java:423)
	at ptolemy.util.test.junit.AutoKnownFailedTests.RunModel(AutoKnownFailedTests.java:107)
	at sun.reflect.NativeMethodAccessorImpl.invoke0(Native Method)
	at sun.reflect.NativeMethodAccessorImpl.invoke(NativeMethodAccessorImpl.java:62)
	at sun.reflect.DelegatingMethodAccessorImpl.invoke(DelegatingMethodAccessorImpl.java:43)
	at java.lang.reflect.Method.invoke(Method.java:498)
	at org.junit.runners.model.FrameworkMethod$1.runReflectiveCall(FrameworkMethod.java:44)
	at org.junit.internal.runners.model.ReflectiveCallable.run(ReflectiveCallable.java:15)
	at org.junit.runners.model.FrameworkMethod.invokeExplosively(FrameworkMethod.java:41)
	at junitparams.internal.InvokeParameterisedMethod.evaluate(InvokeParameterisedMethod.java:102)
	at org.junit.internal.runners.statements.FailOnTimeout$1.run(FailOnTimeout.java:28)
Caused by: ptolemy.kernel.util.IllegalActionException: Test fails in iteration 1.
Value was: 1.0. Should have been: 2.0
  in .DirectFeedback.Test
	at ptolemy.actor.lib.Test.fire(Test.java:268)
	at ptolemy.domains.de.kernel.DEDirector._fire(DEDirector.java:1949)
	at ptolemy.domains.de.kernel.DEDirector.fire(DEDirector.java:502)
	at ptolemy.actor.CompositeActor.fire(CompositeActor.java:455)
	at ptolemy.actor.Manager.iterate(Manager.java:851)
	at ptolemy.actor.Manager.execute(Manager.java:369)
	at ptolemy.actor.Manager.run(Manager.java:1263)
	at ptolemy.actor.Manager$PtolemyRunThread.run(Manager.java:1915)
java.lang.RuntimeException: Execution failed
	at ptolemy.moml.MoMLSimpleApplication$UnloadThread.run(MoMLSimpleApplication.java:402)
Caused by: ptolemy.kernel.util.IllegalActionException: Found a zero delay loop containing .HierarchicalModel.A
  in .HierarchicalModel and .HierarchicalModel.A
	at ptolemy.actor.util.CausalityInterfaceForComposites._computeOutputPortDepth(CausalityInterfaceForComposites.java:759)
	at ptolemy.actor.util.CausalityInterfaceForComposites._computeInputDepth(CausalityInterfaceForComposites.java:696)
	at ptolemy.actor.util.CausalityInterfaceForComposites._computeOutputPortDepth(CausalityInterfaceForComposites.java:765)
	at ptolemy.actor.util.CausalityInterfaceForComposites._computeInputDepth(CausalityInterfaceForComposites.java:696)
	at ptolemy.actor.util.CausalityInterfaceForComposites._computeOutputPortDepth(CausalityInterfaceForComposites.java:765)
	at ptolemy.actor.util.CausalityInterfaceForComposites._computeInputDepth(CausalityInterfaceForComposites.java:696)
	at ptolemy.actor.util.CausalityInterfaceForComposites._computeActorDepth(CausalityInterfaceForComposites.java:532)
	at ptolemy.actor.util.CausalityInterfaceForComposites.checkForCycles(CausalityInterfaceForComposites.java:96)
	at ptolemy.domains.de.kernel.DEDirector.preinitialize(DEDirector.java:1338)
	at ptolemy.actor.CompositeActor.preinitialize(CompositeActor.java:1828)
	at ptolemy.actor.Manager.preinitializeAndResolveTypes(Manager.java:1040)
	at ptolemy.actor.Manager.initialize(Manager.java:710)
	at ptolemy.actor.Manager.execute(Manager.java:356)
	at ptolemy.actor.Manager.run(Manager.java:1263)
	at ptolemy.actor.Manager$PtolemyRunThread.run(Manager.java:1915)
java.lang.reflect.InvocationTargetException
	at sun.reflect.NativeConstructorAccessorImpl.newInstance0(Native Method)
	at sun.reflect.NativeConstructorAccessorImpl.newInstance(NativeConstructorAccessorImpl.java:62)
	at sun.reflect.DelegatingConstructorAccessorImpl.newInstance(DelegatingConstructorAccessorImpl.java:45)
	at java.lang.reflect.Constructor.newInstance(Constructor.java:423)
	at ptolemy.util.test.junit.AutoKnownFailedTests.RunModel(AutoKnownFailedTests.java:107)
	at sun.reflect.NativeMethodAccessorImpl.invoke0(Native Method)
	at sun.reflect.NativeMethodAccessorImpl.invoke(NativeMethodAccessorImpl.java:62)
	at sun.reflect.DelegatingMethodAccessorImpl.invoke(DelegatingMethodAccessorImpl.java:43)
	at java.lang.reflect.Method.invoke(Method.java:498)
	at org.junit.runners.model.FrameworkMethod$1.runReflectiveCall(FrameworkMethod.java:44)
	at org.junit.internal.runners.model.ReflectiveCallable.run(ReflectiveCallable.java:15)
	at org.junit.runners.model.FrameworkMethod.invokeExplosively(FrameworkMethod.java:41)
	at junitparams.internal.InvokeParameterisedMethod.evaluate(InvokeParameterisedMethod.java:102)
	at org.junit.internal.runners.statements.FailOnTimeout$1.run(FailOnTimeout.java:28)
Caused by: ptolemy.kernel.util.IllegalActionException: Found a zero delay loop containing .HierarchicalModel.A
  in .HierarchicalModel and .HierarchicalModel.A
	at ptolemy.actor.util.CausalityInterfaceForComposites._computeOutputPortDepth(CausalityInterfaceForComposites.java:759)
	at ptolemy.actor.util.CausalityInterfaceForComposites._computeInputDepth(CausalityInterfaceForComposites.java:696)
	at ptolemy.actor.util.CausalityInterfaceForComposites._computeOutputPortDepth(CausalityInterfaceForComposites.java:765)
	at ptolemy.actor.util.CausalityInterfaceForComposites._computeInputDepth(CausalityInterfaceForComposites.java:696)
	at ptolemy.actor.util.CausalityInterfaceForComposites._computeOutputPortDepth(CausalityInterfaceForComposites.java:765)
	at ptolemy.actor.util.CausalityInterfaceForComposites._computeInputDepth(CausalityInterfaceForComposites.java:696)
	at ptolemy.actor.util.CausalityInterfaceForComposites._computeActorDepth(CausalityInterfaceForComposites.java:532)
	at ptolemy.actor.util.CausalityInterfaceForComposites.checkForCycles(CausalityInterfaceForComposites.java:96)
	at ptolemy.domains.de.kernel.DEDirector.preinitialize(DEDirector.java:1338)
	at ptolemy.actor.CompositeActor.preinitialize(CompositeActor.java:1828)
	at ptolemy.actor.Manager.preinitializeAndResolveTypes(Manager.java:1040)
	at ptolemy.actor.Manager.initialize(Manager.java:710)
	at ptolemy.actor.Manager.execute(Manager.java:356)
	at ptolemy.actor.Manager.run(Manager.java:1263)
	at ptolemy.actor.Manager$PtolemyRunThread.run(Manager.java:1915)
java.lang.RuntimeException: Execution failed
	at ptolemy.moml.MoMLSimpleApplication$UnloadThread.run(MoMLSimpleApplication.java:402)
Caused by: ptolemy.kernel.util.IllegalActionException: Found a zero delay loop containing .dependencyLoop.original
  in .dependencyLoop and .dependencyLoop.original
	at ptolemy.actor.util.CausalityInterfaceForComposites._computeOutputPortDepth(CausalityInterfaceForComposites.java:759)
	at ptolemy.actor.util.CausalityInterfaceForComposites._computeInputDepth(CausalityInterfaceForComposites.java:696)
	at ptolemy.actor.util.CausalityInterfaceForComposites._computeOutputPortDepth(CausalityInterfaceForComposites.java:765)
	at ptolemy.actor.util.CausalityInterfaceForComposites._computeInputDepth(CausalityInterfaceForComposites.java:696)
	at ptolemy.actor.util.CausalityInterfaceForComposites._computeOutputPortDepth(CausalityInterfaceForComposites.java:765)
	at ptolemy.actor.util.CausalityInterfaceForComposites._computeInputDepth(CausalityInterfaceForComposites.java:696)
	at ptolemy.actor.util.CausalityInterfaceForComposites._computeActorDepth(CausalityInterfaceForComposites.java:532)
	at ptolemy.actor.util.CausalityInterfaceForComposites.checkForCycles(CausalityInterfaceForComposites.java:96)
	at ptolemy.domains.de.kernel.DEDirector.preinitialize(DEDirector.java:1338)
	at ptolemy.actor.CompositeActor.preinitialize(CompositeActor.java:1828)
	at ptolemy.actor.Manager.preinitializeAndResolveTypes(Manager.java:1040)
	at ptolemy.actor.Manager.initialize(Manager.java:710)
	at ptolemy.actor.Manager.execute(Manager.java:356)
	at ptolemy.actor.Manager.run(Manager.java:1263)
	at ptolemy.actor.Manager$PtolemyRunThread.run(Manager.java:1915)
java.lang.reflect.InvocationTargetException
	at sun.reflect.NativeConstructorAccessorImpl.newInstance0(Native Method)
	at sun.reflect.NativeConstructorAccessorImpl.newInstance(NativeConstructorAccessorImpl.java:62)
	at sun.reflect.DelegatingConstructorAccessorImpl.newInstance(DelegatingConstructorAccessorImpl.java:45)
	at java.lang.reflect.Constructor.newInstance(Constructor.java:423)
	at ptolemy.util.test.junit.AutoKnownFailedTests.RunModel(AutoKnownFailedTests.java:107)
	at sun.reflect.NativeMethodAccessorImpl.invoke0(Native Method)
	at sun.reflect.NativeMethodAccessorImpl.invoke(NativeMethodAccessorImpl.java:62)
	at sun.reflect.DelegatingMethodAccessorImpl.invoke(DelegatingMethodAccessorImpl.java:43)
	at java.lang.reflect.Method.invoke(Method.java:498)
	at org.junit.runners.model.FrameworkMethod$1.runReflectiveCall(FrameworkMethod.java:44)
	at org.junit.internal.runners.model.ReflectiveCallable.run(ReflectiveCallable.java:15)
	at org.junit.runners.model.FrameworkMethod.invokeExplosively(FrameworkMethod.java:41)
	at junitparams.internal.InvokeParameterisedMethod.evaluate(InvokeParameterisedMethod.java:102)
	at org.junit.internal.runners.statements.FailOnTimeout$1.run(FailOnTimeout.java:28)
Caused by: ptolemy.kernel.util.IllegalActionException: Found a zero delay loop containing .dependencyLoop.original
  in .dependencyLoop and .dependencyLoop.original
	at ptolemy.actor.util.CausalityInterfaceForComposites._computeOutputPortDepth(CausalityInterfaceForComposites.java:759)
	at ptolemy.actor.util.CausalityInterfaceForComposites._computeInputDepth(CausalityInterfaceForComposites.java:696)
	at ptolemy.actor.util.CausalityInterfaceForComposites._computeOutputPortDepth(CausalityInterfaceForComposites.java:765)
	at ptolemy.actor.util.CausalityInterfaceForComposites._computeInputDepth(CausalityInterfaceForComposites.java:696)
	at ptolemy.actor.util.CausalityInterfaceForComposites._computeOutputPortDepth(CausalityInterfaceForComposites.java:765)
	at ptolemy.actor.util.CausalityInterfaceForComposites._computeInputDepth(CausalityInterfaceForComposites.java:696)
	at ptolemy.actor.util.CausalityInterfaceForComposites._computeActorDepth(CausalityInterfaceForComposites.java:532)
	at ptolemy.actor.util.CausalityInterfaceForComposites.checkForCycles(CausalityInterfaceForComposites.java:96)
	at ptolemy.domains.de.kernel.DEDirector.preinitialize(DEDirector.java:1338)
	at ptolemy.actor.CompositeActor.preinitialize(CompositeActor.java:1828)
	at ptolemy.actor.Manager.preinitializeAndResolveTypes(Manager.java:1040)
	at ptolemy.actor.Manager.initialize(Manager.java:710)
	at ptolemy.actor.Manager.execute(Manager.java:356)
	at ptolemy.actor.Manager.run(Manager.java:1263)
	at ptolemy.actor.Manager$PtolemyRunThread.run(Manager.java:1915)
java.lang.RuntimeException: Execution failed
	at ptolemy.moml.MoMLSimpleApplication$UnloadThread.run(MoMLSimpleApplication.java:402)
Caused by: ptolemy.kernel.util.IllegalActionException: Found a zero delay loop containing .dependencyLoop2.original
  in .dependencyLoop2 and .dependencyLoop2.original
	at ptolemy.actor.util.CausalityInterfaceForComposites._computeOutputPortDepth(CausalityInterfaceForComposites.java:759)
	at ptolemy.actor.util.CausalityInterfaceForComposites._computeInputDepth(CausalityInterfaceForComposites.java:696)
	at ptolemy.actor.util.CausalityInterfaceForComposites._computeOutputPortDepth(CausalityInterfaceForComposites.java:765)
	at ptolemy.actor.util.CausalityInterfaceForComposites._computeInputDepth(CausalityInterfaceForComposites.java:696)
	at ptolemy.actor.util.CausalityInterfaceForComposites._computeOutputPortDepth(CausalityInterfaceForComposites.java:765)
	at ptolemy.actor.util.CausalityInterfaceForComposites._computeInputDepth(CausalityInterfaceForComposites.java:696)
	at ptolemy.actor.util.CausalityInterfaceForComposites._computeActorDepth(CausalityInterfaceForComposites.java:532)
	at ptolemy.actor.util.CausalityInterfaceForComposites.checkForCycles(CausalityInterfaceForComposites.java:96)
	at ptolemy.domains.de.kernel.DEDirector.preinitialize(DEDirector.java:1338)
	at ptolemy.actor.CompositeActor.preinitialize(CompositeActor.java:1828)
	at ptolemy.actor.Manager.preinitializeAndResolveTypes(Manager.java:1040)
	at ptolemy.actor.Manager.initialize(Manager.java:710)
	at ptolemy.actor.Manager.execute(Manager.java:356)
	at ptolemy.actor.Manager.run(Manager.java:1263)
	at ptolemy.actor.Manager$PtolemyRunThread.run(Manager.java:1915)
java.lang.reflect.InvocationTargetException
	at sun.reflect.NativeConstructorAccessorImpl.newInstance0(Native Method)
	at sun.reflect.NativeConstructorAccessorImpl.newInstance(NativeConstructorAccessorImpl.java:62)
	at sun.reflect.DelegatingConstructorAccessorImpl.newInstance(DelegatingConstructorAccessorImpl.java:45)
	at java.lang.reflect.Constructor.newInstance(Constructor.java:423)
	at ptolemy.util.test.junit.AutoKnownFailedTests.RunModel(AutoKnownFailedTests.java:107)
	at sun.reflect.NativeMethodAccessorImpl.invoke0(Native Method)
	at sun.reflect.NativeMethodAccessorImpl.invoke(NativeMethodAccessorImpl.java:62)
	at sun.reflect.DelegatingMethodAccessorImpl.invoke(DelegatingMethodAccessorImpl.java:43)
	at java.lang.reflect.Method.invoke(Method.java:498)
	at org.junit.runners.model.FrameworkMethod$1.runReflectiveCall(FrameworkMethod.java:44)
	at org.junit.internal.runners.model.ReflectiveCallable.run(ReflectiveCallable.java:15)
	at org.junit.runners.model.FrameworkMethod.invokeExplosively(FrameworkMethod.java:41)
	at junitparams.internal.InvokeParameterisedMethod.evaluate(InvokeParameterisedMethod.java:102)
	at org.junit.internal.runners.statements.FailOnTimeout$1.run(FailOnTimeout.java:28)
Caused by: ptolemy.kernel.util.IllegalActionException: Found a zero delay loop containing .dependencyLoop2.original
  in .dependencyLoop2 and .dependencyLoop2.original
	at ptolemy.actor.util.CausalityInterfaceForComposites._computeOutputPortDepth(CausalityInterfaceForComposites.java:759)
	at ptolemy.actor.util.CausalityInterfaceForComposites._computeInputDepth(CausalityInterfaceForComposites.java:696)
	at ptolemy.actor.util.CausalityInterfaceForComposites._computeOutputPortDepth(CausalityInterfaceForComposites.java:765)
	at ptolemy.actor.util.CausalityInterfaceForComposites._computeInputDepth(CausalityInterfaceForComposites.java:696)
	at ptolemy.actor.util.CausalityInterfaceForComposites._computeOutputPortDepth(CausalityInterfaceForComposites.java:765)
	at ptolemy.actor.util.CausalityInterfaceForComposites._computeInputDepth(CausalityInterfaceForComposites.java:696)
	at ptolemy.actor.util.CausalityInterfaceForComposites._computeActorDepth(CausalityInterfaceForComposites.java:532)
	at ptolemy.actor.util.CausalityInterfaceForComposites.checkForCycles(CausalityInterfaceForComposites.java:96)
	at ptolemy.domains.de.kernel.DEDirector.preinitialize(DEDirector.java:1338)
	at ptolemy.actor.CompositeActor.preinitialize(CompositeActor.java:1828)
	at ptolemy.actor.Manager.preinitializeAndResolveTypes(Manager.java:1040)
	at ptolemy.actor.Manager.initialize(Manager.java:710)
	at ptolemy.actor.Manager.execute(Manager.java:356)
	at ptolemy.actor.Manager.run(Manager.java:1263)
	at ptolemy.actor.Manager$PtolemyRunThread.run(Manager.java:1915)
]]></system-err>
</testsuite>
