<?xml version="1.0" encoding="UTF-8" ?>
<testsuite errors="0" failures="0" hostname="travis-job-906b566f-49d9-4e27-a2f3-bb2d6eab6bc0" name="ptolemy.domains.sdf.test.junit.JUnitTclTest" skipped="0" tests="66" time="21.853" timestamp="2018-06-18T21:46:23">
  <properties>
[...]
</properties>
  <testcase classname="ptolemy.util.test.junit.TclTests" name="[0] /home/travis/build/icyphy/ptII/ptolemy/domains/sdf/test/SDFSchedulerErrors.tcl (RunTclFile)" time="0.675" />
  <testcase classname="ptolemy.util.test.junit.TclTests" name="[1] /home/travis/build/icyphy/ptII/ptolemy/domains/sdf/test/composition.tcl (RunTclFile)" time="0.149" />
  <testcase classname="ptolemy.util.test.junit.TclTests" name="[2] /home/travis/build/icyphy/ptII/ptolemy/domains/sdf/test/cycle.tcl (RunTclFile)" time="0.063" />
  <testcase classname="ptolemy.util.test.junit.AutoKnownFailedTests" name="[0] ThereAreNoKnowFailedTests (RunModel)" time="0.002" />
  <testcase classname="ptolemy.util.test.junit.AutoNameArchTests" name="[0] ThereAreNoAutoArchTests (RunModel)" time="0.001" />
  <testcase classname="ptolemy.util.test.junit.AutoTests" name="[0] /home/travis/build/icyphy/ptII/ptolemy/domains/sdf/test/auto/Array.xml (RunModel)" time="0.172" />
  <testcase classname="ptolemy.util.test.junit.AutoTests" name="[1] /home/travis/build/icyphy/ptII/ptolemy/domains/sdf/test/auto/Butterfly.xml (RunModel)" time="0.181" />
  <testcase classname="ptolemy.util.test.junit.AutoTests" name="[2] /home/travis/build/icyphy/ptII/ptolemy/domains/sdf/test/auto/Expression.xml (RunModel)" time="0.077" />
  <testcase classname="ptolemy.util.test.junit.AutoTests" name="[3] /home/travis/build/icyphy/ptII/ptolemy/domains/sdf/test/auto/Eye.xml (RunModel)" time="0.312" />
  <testcase classname="ptolemy.util.test.junit.AutoTests" name="[4] /home/travis/build/icyphy/ptII/ptolemy/domains/sdf/test/auto/FixFIR.xml (RunModel)" time="0.31" />
  <testcase classname="ptolemy.util.test.junit.AutoTests" name="[5] /home/travis/build/icyphy/ptII/ptolemy/domains/sdf/test/auto/FixPoint.xml (RunModel)" time="0.059" />
  <testcase classname="ptolemy.util.test.junit.AutoTests" name="[6] /home/travis/build/icyphy/ptII/ptolemy/domains/sdf/test/auto/Gravitation.xml (RunModel)" time="3.374" />
  <testcase classname="ptolemy.util.test.junit.AutoTests" name="[7] /home/travis/build/icyphy/ptII/ptolemy/domains/sdf/test/auto/GravitationWithCollisionDetection.xml (RunModel)" time="7.629" />
  <testcase classname="ptolemy.util.test.junit.AutoTests" name="[8] /home/travis/build/icyphy/ptII/ptolemy/domains/sdf/test/auto/HDF.xml (RunModel)" time="0.144" />
  <testcase classname="ptolemy.util.test.junit.AutoTests" name="[9] /home/travis/build/icyphy/ptII/ptolemy/domains/sdf/test/auto/HDFwithTransientStates.xml (RunModel)" time="0.124" />
  <testcase classname="ptolemy.util.test.junit.AutoTests" name="[10] /home/travis/build/icyphy/ptII/ptolemy/domains/sdf/test/auto/HTVQ.xml (RunModel)" time="0.927" />
  <testcase classname="ptolemy.util.test.junit.AutoTests" name="[11] /home/travis/build/icyphy/ptII/ptolemy/domains/sdf/test/auto/InferInitProduction.xml (RunModel)" time="0.043" />
  <testcase classname="ptolemy.util.test.junit.AutoTests" name="[12] /home/travis/build/icyphy/ptII/ptolemy/domains/sdf/test/auto/InferInitProductionDeeper.xml (RunModel)" time="0.026" />
  <testcase classname="ptolemy.util.test.junit.AutoTests" name="[13] /home/travis/build/icyphy/ptII/ptolemy/domains/sdf/test/auto/LMSAdaptive.xml (RunModel)" time="0.111" />
  <testcase classname="ptolemy.util.test.junit.AutoTests" name="[14] /home/travis/build/icyphy/ptII/ptolemy/domains/sdf/test/auto/LogisticMap.xml (RunModel)" time="0.474" />
  <testcase classname="ptolemy.util.test.junit.AutoTests" name="[15] /home/travis/build/icyphy/ptII/ptolemy/domains/sdf/test/auto/MaximumEntropySpectrum.xml (RunModel)" time="0.28" />
  <testcase classname="ptolemy.util.test.junit.AutoTests" name="[16] /home/travis/build/icyphy/ptII/ptolemy/domains/sdf/test/auto/MultirateSDF.xml (RunModel)" time="0.062" />
  <testcase classname="ptolemy.util.test.junit.AutoTests" name="[17] /home/travis/build/icyphy/ptII/ptolemy/domains/sdf/test/auto/MultirateSDFwithTransientStates.xml (RunModel)" time="0.072" />
  <testcase classname="ptolemy.util.test.junit.AutoTests" name="[18] /home/travis/build/icyphy/ptII/ptolemy/domains/sdf/test/auto/NoisySinewave.xml (RunModel)" time="0.373" />
  <testcase classname="ptolemy.util.test.junit.AutoTests" name="[19] /home/travis/build/icyphy/ptII/ptolemy/domains/sdf/test/auto/Objects.xml (RunModel)" time="0.067" />
  <testcase classname="ptolemy.util.test.junit.AutoTests" name="[20] /home/travis/build/icyphy/ptII/ptolemy/domains/sdf/test/auto/OrthogonalCom.xml (RunModel)" time="0.047" />
  <testcase classname="ptolemy.util.test.junit.AutoTests" name="[21] /home/travis/build/icyphy/ptII/ptolemy/domains/sdf/test/auto/RijndaelEncryption.xml (RunModel)" time="0.518" />
  <testcase classname="ptolemy.util.test.junit.AutoTests" name="[22] /home/travis/build/icyphy/ptII/ptolemy/domains/sdf/test/auto/SDFEmptyIterations.xml (RunModel)" time="0.015" />
  <testcase classname="ptolemy.util.test.junit.AutoTests" name="[23] /home/travis/build/icyphy/ptII/ptolemy/domains/sdf/test/auto/Spectrum.xml (RunModel)" time="0.085" />
  <testcase classname="ptolemy.util.test.junit.AutoTests" name="[24] /home/travis/build/icyphy/ptII/ptolemy/domains/sdf/test/auto/de_inside_sdf.xml (RunModel)" time="0.027" />
  <testcase classname="ptolemy.util.test.junit.AutoTests" name="[25] /home/travis/build/icyphy/ptII/ptolemy/domains/sdf/test/auto/disconnectedHierarchicalSDF.xml (RunModel)" time="0.022" />
  <testcase classname="ptolemy.util.test.junit.AutoTests" name="[26] /home/travis/build/icyphy/ptII/ptolemy/domains/sdf/test/auto/disconnectedSDF.xml (RunModel)" time="0.026" />
  <testcase classname="ptolemy.util.test.junit.AutoTests" name="[27] /home/travis/build/icyphy/ptII/ptolemy/domains/sdf/test/auto/emptyRefinement.xml (RunModel)" time="0.026" />
  <testcase classname="ptolemy.util.test.junit.AutoTests" name="[28] /home/travis/build/icyphy/ptII/ptolemy/domains/sdf/test/auto/filePortParameter.xml (RunModel)" time="0.059" />
  <testcase classname="ptolemy.util.test.junit.AutoTests" name="[29] /home/travis/build/icyphy/ptII/ptolemy/domains/sdf/test/auto/inferRelationWidth1.xml (RunModel)" time="0.023" />
  <testcase classname="ptolemy.util.test.junit.AutoTests" name="[30] /home/travis/build/icyphy/ptII/ptolemy/domains/sdf/test/auto/initProductionInference.xml (RunModel)" time="0.025" />
  <testcase classname="ptolemy.util.test.junit.AutoTests" name="[31] /home/travis/build/icyphy/ptII/ptolemy/domains/sdf/test/auto/relationGroup.xml (RunModel)" time="0.022" />
  <testcase classname="ptolemy.util.test.junit.AutoTests" name="[32] /home/travis/build/icyphy/ptII/ptolemy/domains/sdf/test/auto/relationGroup10.xml (RunModel)" time="0.018" />
  <testcase classname="ptolemy.util.test.junit.AutoTests" name="[33] /home/travis/build/icyphy/ptII/ptolemy/domains/sdf/test/auto/relationGroup11.xml (RunModel)" time="0.019" />
  <testcase classname="ptolemy.util.test.junit.AutoTests" name="[34] /home/travis/build/icyphy/ptII/ptolemy/domains/sdf/test/auto/relationGroup12.xml (RunModel)" time="0.023" />
  <testcase classname="ptolemy.util.test.junit.AutoTests" name="[35] /home/travis/build/icyphy/ptII/ptolemy/domains/sdf/test/auto/relationGroup13.xml (RunModel)" time="0.026" />
  <testcase classname="ptolemy.util.test.junit.AutoTests" name="[36] /home/travis/build/icyphy/ptII/ptolemy/domains/sdf/test/auto/relationGroup14.xml (RunModel)" time="0.019" />
  <testcase classname="ptolemy.util.test.junit.AutoTests" name="[37] /home/travis/build/icyphy/ptII/ptolemy/domains/sdf/test/auto/relationGroup15.xml (RunModel)" time="0.017" />
  <testcase classname="ptolemy.util.test.junit.AutoTests" name="[38] /home/travis/build/icyphy/ptII/ptolemy/domains/sdf/test/auto/relationGroup2.xml (RunModel)" time="0.019" />
  <testcase classname="ptolemy.util.test.junit.AutoTests" name="[39] /home/travis/build/icyphy/ptII/ptolemy/domains/sdf/test/auto/relationGroup3.xml (RunModel)" time="0.01" />
  <testcase classname="ptolemy.util.test.junit.AutoTests" name="[40] /home/travis/build/icyphy/ptII/ptolemy/domains/sdf/test/auto/relationGroup4.xml (RunModel)" time="0.021" />
  <testcase classname="ptolemy.util.test.junit.AutoTests" name="[41] /home/travis/build/icyphy/ptII/ptolemy/domains/sdf/test/auto/relationGroup5.xml (RunModel)" time="0.021" />
  <testcase classname="ptolemy.util.test.junit.AutoTests" name="[42] /home/travis/build/icyphy/ptII/ptolemy/domains/sdf/test/auto/relationGroup6.xml (RunModel)" time="0.016" />
  <testcase classname="ptolemy.util.test.junit.AutoTests" name="[43] /home/travis/build/icyphy/ptII/ptolemy/domains/sdf/test/auto/relationGroup7.xml (RunModel)" time="0.014" />
  <testcase classname="ptolemy.util.test.junit.AutoTests" name="[44] /home/travis/build/icyphy/ptII/ptolemy/domains/sdf/test/auto/relationGroup8.xml (RunModel)" time="0.013" />
  <testcase classname="ptolemy.util.test.junit.AutoTests" name="[45] /home/travis/build/icyphy/ptII/ptolemy/domains/sdf/test/auto/relationGroup9.xml (RunModel)" time="0.016" />
  <testcase classname="ptolemy.util.test.junit.AutoTests" name="[46] /home/travis/build/icyphy/ptII/ptolemy/domains/sdf/test/auto/sdf_inside_de.xml (RunModel)" time="0.051" />
  <testcase classname="ptolemy.util.test.junit.AutoTests" name="[47] /home/travis/build/icyphy/ptII/ptolemy/domains/sdf/test/auto/sdf_inside_pn.xml (RunModel)" time="0.072" />
  <testcase classname="ptolemy.util.test.junit.AutoTests" name="[48] /home/travis/build/icyphy/ptII/ptolemy/domains/sdf/test/auto/sdf_sdf1.xml (RunModel)" time="0.033" />
  <testcase classname="ptolemy.util.test.junit.AutoTests" name="[49] /home/travis/build/icyphy/ptII/ptolemy/domains/sdf/test/auto/test1.xml (RunModel)" time="0.023" />
  <testcase classname="ptolemy.util.test.junit.AutoTests" name="[50] /home/travis/build/icyphy/ptII/ptolemy/domains/sdf/test/auto/time1.xml (RunModel)" time="0.01" />
  <testcase classname="ptolemy.util.test.junit.AutoTests" name="[51] /home/travis/build/icyphy/ptII/ptolemy/domains/sdf/test/auto/time2.xml (RunModel)" time="0.011" />
  <testcase classname="ptolemy.util.test.junit.AutoTests" name="[52] /home/travis/build/icyphy/ptII/ptolemy/domains/sdf/test/auto/time3.xml (RunModel)" time="0.031" />
  <testcase classname="ptolemy.util.test.junit.AutoTests" name="[53] /home/travis/build/icyphy/ptII/ptolemy/domains/sdf/test/auto/time4.xml (RunModel)" time="0.02" />
  <testcase classname="ptolemy.util.test.junit.AutoTests" name="[54] /home/travis/build/icyphy/ptII/ptolemy/domains/sdf/test/auto/time5.xml (RunModel)" time="4.012" />
  <testcase classname="ptolemy.util.test.junit.AutoTests" name="[55] /home/travis/build/icyphy/ptII/ptolemy/domains/sdf/test/auto/typeSystem_Const_Integer_smallest_Type.xml (RunModel)" time="0.032" />
  <testcase classname="ptolemy.util.test.junit.AutoTests" name="[56] /home/travis/build/icyphy/ptII/ptolemy/domains/sdf/test/auto/typeSystem_declared_Inports_OutportTypeException.xml (RunModel)" time="0.021" />
  <testcase classname="ptolemy.util.test.junit.AutoTests" name="[57] /home/travis/build/icyphy/ptII/ptolemy/domains/sdf/test/auto/typeSystem_oneDeclaredInportType_wrongTypeOutport.xml (RunModel)" time="0.013" />
  <testcase classname="ptolemy.util.test.junit.AutoTests" name="[58] /home/travis/build/icyphy/ptII/ptolemy/domains/sdf/test/auto/width.xml (RunModel)" time="0.012" />
  <testcase classname="ptolemy.util.test.junit.AutoTests" name="[59] /home/travis/build/icyphy/ptII/ptolemy/domains/sdf/test/auto/width2.xml (RunModel)" time="0.041" />
  <testcase classname="ptolemy.util.test.junit.AutoTests" name="[60] /home/travis/build/icyphy/ptII/ptolemy/domains/sdf/test/auto/width3.xml (RunModel)" time="0.041" />
  <system-out><![CDATA[/home/travis/build/icyphy/ptII/ptolemy/domains/sdf/test/SDFSchedulerErrors.tcl
testDefs.tcl: setting time out to 9000 seconds at Mon Jun 18 21:46:23 UTC 2018
20 ms. Memory: 116224K Free: 105526K (91%)
8 ms. Memory: 116224K Free: 98463K (85%)
5 ms. Memory: 116224K Free: 91472K (79%)
7 ms. Memory: 116224K Free: 88369K (76%)
/home/travis/build/icyphy/ptII/ptolemy/domains/sdf/test/composition.tcl
32 ms. Memory: 116224K Free: 84737K (73%)
13 ms. Memory: 116224K Free: 82950K (71%)
/home/travis/build/icyphy/ptII/ptolemy/domains/sdf/test/cycle.tcl
.Toplevel.Director Preinitializing ...
Invoking preinitialize():  .Toplevel.Actor1
Invoking preinitialize():  .Toplevel.Actor2
Invoking preinitialize():  .Toplevel.Delay
.Toplevel.Director Finished preinitialize().
### Schedule:
Execute Schedule{
Fire Actor ptolemy.domains.sdf.kernel.test.SDFTestDelay {.Toplevel.Actor1}
Fire Actor ptolemy.domains.sdf.kernel.test.SDFTestDelay {.Toplevel.Actor2}
Fire Actor ptolemy.domains.sdf.lib.SampleDelay {.Toplevel.Delay}
}
### End schedule
Called initialize().
Invoking initialize():  .Toplevel.Actor1
Initializing actor: .Toplevel.Actor1.
Invoking initialize():  .Toplevel.Actor2
Initializing actor: .Toplevel.Actor2.
Invoking initialize():  .Toplevel.Delay
Initializing actor: .Toplevel.Delay.
Director: Called prefire().
-- Setting current time to 0.0
Director prefire returns true.
The actor .Toplevel.Actor1 will be iterated.
The actor .Toplevel.Actor1 was iterated.
The actor .Toplevel.Actor2 will be iterated.
The actor .Toplevel.Actor2 was iterated.
The actor .Toplevel.Delay will be iterated.
The actor .Toplevel.Delay was iterated.
Director: Called postfire().
Postfire returns: true
Director: Called prefire().
-- Setting current time to 0.0
Director prefire returns true.
The actor .Toplevel.Actor1 will be iterated.
The actor .Toplevel.Actor1 was iterated.
The actor .Toplevel.Actor2 will be iterated.
The actor .Toplevel.Actor2 was iterated.
The actor .Toplevel.Delay will be iterated.
The actor .Toplevel.Delay was iterated.
Director: Called postfire().
Postfire returns: true
Director: Called prefire().
-- Setting current time to 0.0
Director prefire returns true.
The actor .Toplevel.Actor1 will be iterated.
The actor .Toplevel.Actor1 was iterated.
The actor .Toplevel.Actor2 will be iterated.
The actor .Toplevel.Actor2 was iterated.
The actor .Toplevel.Delay will be iterated.
The actor .Toplevel.Delay was iterated.
Director: Called postfire().
Postfire returns: true
Director: Called prefire().
-- Setting current time to 0.0
Director prefire returns true.
The actor .Toplevel.Actor1 will be iterated.
The actor .Toplevel.Actor1 was iterated.
The actor .Toplevel.Actor2 will be iterated.
The actor .Toplevel.Actor2 was iterated.
The actor .Toplevel.Delay will be iterated.
The actor .Toplevel.Delay was iterated.
Director: Called postfire().
Postfire returns: true
Director: Called prefire().
-- Setting current time to 0.0
Director prefire returns true.
The actor .Toplevel.Actor1 will be iterated.
The actor .Toplevel.Actor1 was iterated.
The actor .Toplevel.Actor2 will be iterated.
The actor .Toplevel.Actor2 was iterated.
The actor .Toplevel.Delay will be iterated.
The actor .Toplevel.Delay was iterated.
Director: Called postfire().
Postfire returns: true
Director: Called prefire().
-- Setting current time to 0.0
Director prefire returns true.
The actor .Toplevel.Actor1 will be iterated.
The actor .Toplevel.Actor1 was iterated.
The actor .Toplevel.Actor2 will be iterated.
The actor .Toplevel.Actor2 was iterated.
The actor .Toplevel.Delay will be iterated.
The actor .Toplevel.Delay was iterated.
Reached specified number of iterations: 6
Director: Called wrapup().
19 ms. Memory: 146944K Free: 142321K (97%)
06/18/18 09:46:24
Failed: 0  Total Tests: 8  ((Passed: 8, Newly Passed: 0)  Known Failed: 0) /home/travis/build/icyphy/ptII/ptolemy/domains/sdf/test
No auto/knownFailedTests/*.xml tests in /home/travis/build/icyphy/ptII/ptolemy/domains/sdf/test
No auto/linux-amd64/*.xml tests in /home/travis/build/icyphy/ptII/ptolemy/domains/sdf/test
AutoTests.java: About to close Vertx.
AutoTests.java: Vertx closed.

===========================================================================================
----------------- testing Mon Jun 18 21:46:24 UTC 2018 /home/travis/build/icyphy/ptII/ptolemy/domains/sdf/test/auto/Array.xml
----------------- Instantiating /home/travis/build/icyphy/ptII/ptolemy/domains/sdf/test/auto/Array.xml
30 ms. Memory: 146944K Free: 102482K (70%)
----------------- Invoking toplevel() on ptolemy.moml.MoMLSimpleApplication@7ccc9260
----------------- Done invoking toplevel() on ptolemy.moml.MoMLSimpleApplication@7ccc9260
reloadAllAccessors: .Array

===========================================================================================
----------------- testing Mon Jun 18 21:46:25 UTC 2018 /home/travis/build/icyphy/ptII/ptolemy/domains/sdf/test/auto/Butterfly.xml
----------------- Instantiating /home/travis/build/icyphy/ptII/ptolemy/domains/sdf/test/auto/Butterfly.xml
98 ms. Memory: 146944K Free: 96880K (66%)
----------------- Invoking toplevel() on ptolemy.moml.MoMLSimpleApplication@61bf07d9
----------------- Done invoking toplevel() on ptolemy.moml.MoMLSimpleApplication@61bf07d9
reloadAllAccessors: .Butterfly

===========================================================================================
----------------- testing Mon Jun 18 21:46:25 UTC 2018 /home/travis/build/icyphy/ptII/ptolemy/domains/sdf/test/auto/Expression.xml
----------------- Instantiating /home/travis/build/icyphy/ptII/ptolemy/domains/sdf/test/auto/Expression.xml
49 ms. Memory: 146944K Free: 90214K (61%)
----------------- Invoking toplevel() on ptolemy.moml.MoMLSimpleApplication@207dcf2e
----------------- Done invoking toplevel() on ptolemy.moml.MoMLSimpleApplication@207dcf2e
reloadAllAccessors: .Expression

===========================================================================================
----------------- testing Mon Jun 18 21:46:25 UTC 2018 /home/travis/build/icyphy/ptII/ptolemy/domains/sdf/test/auto/Eye.xml
----------------- Instantiating /home/travis/build/icyphy/ptII/ptolemy/domains/sdf/test/auto/Eye.xml
197 ms. Memory: 146944K Free: 120511K (82%)
----------------- Invoking toplevel() on ptolemy.moml.MoMLSimpleApplication@6a937c24
----------------- Done invoking toplevel() on ptolemy.moml.MoMLSimpleApplication@6a937c24
reloadAllAccessors: .Eye

===========================================================================================
----------------- testing Mon Jun 18 21:46:25 UTC 2018 /home/travis/build/icyphy/ptII/ptolemy/domains/sdf/test/auto/FixFIR.xml
----------------- Instantiating /home/travis/build/icyphy/ptII/ptolemy/domains/sdf/test/auto/FixFIR.xml
161 ms. Memory: 146944K Free: 83798K (57%)
----------------- Invoking toplevel() on ptolemy.moml.MoMLSimpleApplication@36c54ad4
----------------- Done invoking toplevel() on ptolemy.moml.MoMLSimpleApplication@36c54ad4
reloadAllAccessors: .FixFIR

===========================================================================================
----------------- testing Mon Jun 18 21:46:26 UTC 2018 /home/travis/build/icyphy/ptII/ptolemy/domains/sdf/test/auto/FixPoint.xml
----------------- Instantiating /home/travis/build/icyphy/ptII/ptolemy/domains/sdf/test/auto/FixPoint.xml
32 ms. Memory: 146944K Free: 79156K (54%)
----------------- Invoking toplevel() on ptolemy.moml.MoMLSimpleApplication@27d87ecb
----------------- Done invoking toplevel() on ptolemy.moml.MoMLSimpleApplication@27d87ecb
reloadAllAccessors: .FixPoint

===========================================================================================
----------------- testing Mon Jun 18 21:46:26 UTC 2018 /home/travis/build/icyphy/ptII/ptolemy/domains/sdf/test/auto/Gravitation.xml
----------------- Instantiating /home/travis/build/icyphy/ptII/ptolemy/domains/sdf/test/auto/Gravitation.xml
3205 ms. Memory: 208384K Free: 113651K (55%)
----------------- Invoking toplevel() on ptolemy.moml.MoMLSimpleApplication@431b0861
----------------- Done invoking toplevel() on ptolemy.moml.MoMLSimpleApplication@431b0861
reloadAllAccessors: .Gravitation

===========================================================================================
----------------- testing Mon Jun 18 21:46:29 UTC 2018 /home/travis/build/icyphy/ptII/ptolemy/domains/sdf/test/auto/GravitationWithCollisionDetection.xml
----------------- Instantiating /home/travis/build/icyphy/ptII/ptolemy/domains/sdf/test/auto/GravitationWithCollisionDetection.xml
7483 ms. Memory: 873984K Free: 338387K (39%)
----------------- Invoking toplevel() on ptolemy.moml.MoMLSimpleApplication@47dd023d
----------------- Done invoking toplevel() on ptolemy.moml.MoMLSimpleApplication@47dd023d
reloadAllAccessors: .GravitationWithCollisionDetection

===========================================================================================
----------------- testing Mon Jun 18 21:46:37 UTC 2018 /home/travis/build/icyphy/ptII/ptolemy/domains/sdf/test/auto/HDF.xml
----------------- Instantiating /home/travis/build/icyphy/ptII/ptolemy/domains/sdf/test/auto/HDF.xml
51 ms. Memory: 873984K Free: 305177K (35%)
----------------- Invoking toplevel() on ptolemy.moml.MoMLSimpleApplication@7cf75a74
----------------- Done invoking toplevel() on ptolemy.moml.MoMLSimpleApplication@7cf75a74
reloadAllAccessors: .HDF

===========================================================================================
----------------- testing Mon Jun 18 21:46:37 UTC 2018 /home/travis/build/icyphy/ptII/ptolemy/domains/sdf/test/auto/HDFwithTransientStates.xml
----------------- Instantiating /home/travis/build/icyphy/ptII/ptolemy/domains/sdf/test/auto/HDFwithTransientStates.xml
44 ms. Memory: 873984K Free: 281599K (32%)
----------------- Invoking toplevel() on ptolemy.moml.MoMLSimpleApplication@78663904
----------------- Done invoking toplevel() on ptolemy.moml.MoMLSimpleApplication@78663904
reloadAllAccessors: .HDFwithTransientStates

===========================================================================================
----------------- testing Mon Jun 18 21:46:37 UTC 2018 /home/travis/build/icyphy/ptII/ptolemy/domains/sdf/test/auto/HTVQ.xml
----------------- Instantiating /home/travis/build/icyphy/ptII/ptolemy/domains/sdf/test/auto/HTVQ.xml
874 ms. Memory: 873984K Free: 108597K (12%)
----------------- Invoking toplevel() on ptolemy.moml.MoMLSimpleApplication@37ae990d
----------------- Done invoking toplevel() on ptolemy.moml.MoMLSimpleApplication@37ae990d
reloadAllAccessors: .HTVQ

===========================================================================================
----------------- testing Mon Jun 18 21:46:38 UTC 2018 /home/travis/build/icyphy/ptII/ptolemy/domains/sdf/test/auto/InferInitProduction.xml
----------------- Instantiating /home/travis/build/icyphy/ptII/ptolemy/domains/sdf/test/auto/InferInitProduction.xml
12 ms. Memory: 873984K Free: 92878K (11%)
----------------- Invoking toplevel() on ptolemy.moml.MoMLSimpleApplication@52837881
----------------- Done invoking toplevel() on ptolemy.moml.MoMLSimpleApplication@52837881
reloadAllAccessors: .InferInitProduction

===========================================================================================
----------------- testing Mon Jun 18 21:46:38 UTC 2018 /home/travis/build/icyphy/ptII/ptolemy/domains/sdf/test/auto/InferInitProductionDeeper.xml
----------------- Instantiating /home/travis/build/icyphy/ptII/ptolemy/domains/sdf/test/auto/InferInitProductionDeeper.xml
8 ms. Memory: 873984K Free: 77160K (9%)
----------------- Invoking toplevel() on ptolemy.moml.MoMLSimpleApplication@2383a822
----------------- Done invoking toplevel() on ptolemy.moml.MoMLSimpleApplication@2383a822
reloadAllAccessors: .InferInitProductionDeeper

===========================================================================================
----------------- testing Mon Jun 18 21:46:38 UTC 2018 /home/travis/build/icyphy/ptII/ptolemy/domains/sdf/test/auto/LMSAdaptive.xml
----------------- Instantiating /home/travis/build/icyphy/ptII/ptolemy/domains/sdf/test/auto/LMSAdaptive.xml
22 ms. Memory: 874496K Free: 843057K (96%)
----------------- Invoking toplevel() on ptolemy.moml.MoMLSimpleApplication@4d20641
----------------- Done invoking toplevel() on ptolemy.moml.MoMLSimpleApplication@4d20641
reloadAllAccessors: .LMSAdaptive

===========================================================================================
----------------- testing Mon Jun 18 21:46:38 UTC 2018 /home/travis/build/icyphy/ptII/ptolemy/domains/sdf/test/auto/LogisticMap.xml
----------------- Instantiating /home/travis/build/icyphy/ptII/ptolemy/domains/sdf/test/auto/LogisticMap.xml
444 ms. Memory: 874496K Free: 824193K (94%)
----------------- Invoking toplevel() on ptolemy.moml.MoMLSimpleApplication@39f67980
----------------- Done invoking toplevel() on ptolemy.moml.MoMLSimpleApplication@39f67980
reloadAllAccessors: .LogisticMap

===========================================================================================
----------------- testing Mon Jun 18 21:46:38 UTC 2018 /home/travis/build/icyphy/ptII/ptolemy/domains/sdf/test/auto/MaximumEntropySpectrum.xml
----------------- Instantiating /home/travis/build/icyphy/ptII/ptolemy/domains/sdf/test/auto/MaximumEntropySpectrum.xml
65 ms. Memory: 874496K Free: 745569K (85%)
----------------- Invoking toplevel() on ptolemy.moml.MoMLSimpleApplication@14565576
----------------- Done invoking toplevel() on ptolemy.moml.MoMLSimpleApplication@14565576
reloadAllAccessors: .MaximumEntropySpectrum

===========================================================================================
----------------- testing Mon Jun 18 21:46:39 UTC 2018 /home/travis/build/icyphy/ptII/ptolemy/domains/sdf/test/auto/MultirateSDF.xml
----------------- Instantiating /home/travis/build/icyphy/ptII/ptolemy/domains/sdf/test/auto/MultirateSDF.xml
22 ms. Memory: 874496K Free: 721991K (83%)
----------------- Invoking toplevel() on ptolemy.moml.MoMLSimpleApplication@10ff7d
----------------- Done invoking toplevel() on ptolemy.moml.MoMLSimpleApplication@10ff7d
reloadAllAccessors: .MultirateSDF

===========================================================================================
----------------- testing Mon Jun 18 21:46:39 UTC 2018 /home/travis/build/icyphy/ptII/ptolemy/domains/sdf/test/auto/MultirateSDFwithTransientStates.xml
----------------- Instantiating /home/travis/build/icyphy/ptII/ptolemy/domains/sdf/test/auto/MultirateSDFwithTransientStates.xml
17 ms. Memory: 874496K Free: 698414K (80%)
----------------- Invoking toplevel() on ptolemy.moml.MoMLSimpleApplication@1e213e5e
----------------- Done invoking toplevel() on ptolemy.moml.MoMLSimpleApplication@1e213e5e
reloadAllAccessors: .MultirateSDFwithTransientStates

===========================================================================================
----------------- testing Mon Jun 18 21:46:39 UTC 2018 /home/travis/build/icyphy/ptII/ptolemy/domains/sdf/test/auto/NoisySinewave.xml
----------------- Instantiating /home/travis/build/icyphy/ptII/ptolemy/domains/sdf/test/auto/NoisySinewave.xml
19 ms. Memory: 874496K Free: 674836K (77%)
----------------- Invoking toplevel() on ptolemy.moml.MoMLSimpleApplication@258781b1
----------------- Done invoking toplevel() on ptolemy.moml.MoMLSimpleApplication@258781b1
reloadAllAccessors: .NoisySinewave

===========================================================================================
----------------- testing Mon Jun 18 21:46:39 UTC 2018 /home/travis/build/icyphy/ptII/ptolemy/domains/sdf/test/auto/Objects.xml
----------------- Instantiating /home/travis/build/icyphy/ptII/ptolemy/domains/sdf/test/auto/Objects.xml
3 ms. Memory: 874496K Free: 651258K (74%)
----------------- Invoking toplevel() on ptolemy.moml.MoMLSimpleApplication@242623d1
----------------- Done invoking toplevel() on ptolemy.moml.MoMLSimpleApplication@242623d1
reloadAllAccessors: .Objects

===========================================================================================
----------------- testing Mon Jun 18 21:46:39 UTC 2018 /home/travis/build/icyphy/ptII/ptolemy/domains/sdf/test/auto/OrthogonalCom.xml
----------------- Instantiating /home/travis/build/icyphy/ptII/ptolemy/domains/sdf/test/auto/OrthogonalCom.xml
13 ms. Memory: 874496K Free: 635540K (73%)
----------------- Invoking toplevel() on ptolemy.moml.MoMLSimpleApplication@8bb3e98
----------------- Done invoking toplevel() on ptolemy.moml.MoMLSimpleApplication@8bb3e98
reloadAllAccessors: .OrthogonalCom

===========================================================================================
----------------- testing Mon Jun 18 21:46:39 UTC 2018 /home/travis/build/icyphy/ptII/ptolemy/domains/sdf/test/auto/RijndaelEncryption.xml
----------------- Instantiating /home/travis/build/icyphy/ptII/ptolemy/domains/sdf/test/auto/RijndaelEncryption.xml
231 ms. Memory: 874496K Free: 470465K (54%)
----------------- Invoking toplevel() on ptolemy.moml.MoMLSimpleApplication@145221d2
----------------- Done invoking toplevel() on ptolemy.moml.MoMLSimpleApplication@145221d2
reloadAllAccessors: .RijndaelEncryption

===========================================================================================
----------------- testing Mon Jun 18 21:46:40 UTC 2018 /home/travis/build/icyphy/ptII/ptolemy/domains/sdf/test/auto/SDFEmptyIterations.xml
----------------- Instantiating /home/travis/build/icyphy/ptII/ptolemy/domains/sdf/test/auto/SDFEmptyIterations.xml
4 ms. Memory: 874496K Free: 454746K (52%)
----------------- Invoking toplevel() on ptolemy.moml.MoMLSimpleApplication@4ca4c024
----------------- Done invoking toplevel() on ptolemy.moml.MoMLSimpleApplication@4ca4c024
reloadAllAccessors: .SDFEmptyIterations

===========================================================================================
----------------- testing Mon Jun 18 21:46:40 UTC 2018 /home/travis/build/icyphy/ptII/ptolemy/domains/sdf/test/auto/Spectrum.xml
----------------- Instantiating /home/travis/build/icyphy/ptII/ptolemy/domains/sdf/test/auto/Spectrum.xml
37 ms. Memory: 874496K Free: 428022K (49%)
----------------- Invoking toplevel() on ptolemy.moml.MoMLSimpleApplication@14b6a09
----------------- Done invoking toplevel() on ptolemy.moml.MoMLSimpleApplication@14b6a09
reloadAllAccessors: .Spectrum

===========================================================================================
----------------- testing Mon Jun 18 21:46:40 UTC 2018 /home/travis/build/icyphy/ptII/ptolemy/domains/sdf/test/auto/de_inside_sdf.xml
----------------- Instantiating /home/travis/build/icyphy/ptII/ptolemy/domains/sdf/test/auto/de_inside_sdf.xml
7 ms. Memory: 874496K Free: 412304K (47%)
----------------- Invoking toplevel() on ptolemy.moml.MoMLSimpleApplication@128af930
----------------- Done invoking toplevel() on ptolemy.moml.MoMLSimpleApplication@128af930
reloadAllAccessors: .de_inside_sdf

===========================================================================================
----------------- testing Mon Jun 18 21:46:40 UTC 2018 /home/travis/build/icyphy/ptII/ptolemy/domains/sdf/test/auto/disconnectedHierarchicalSDF.xml
----------------- Instantiating /home/travis/build/icyphy/ptII/ptolemy/domains/sdf/test/auto/disconnectedHierarchicalSDF.xml
5 ms. Memory: 874496K Free: 396586K (45%)
----------------- Invoking toplevel() on ptolemy.moml.MoMLSimpleApplication@14775244
----------------- Done invoking toplevel() on ptolemy.moml.MoMLSimpleApplication@14775244
reloadAllAccessors: .disconnectedHierarchicalSDF

===========================================================================================
----------------- testing Mon Jun 18 21:46:40 UTC 2018 /home/travis/build/icyphy/ptII/ptolemy/domains/sdf/test/auto/disconnectedSDF.xml
----------------- Instantiating /home/travis/build/icyphy/ptII/ptolemy/domains/sdf/test/auto/disconnectedSDF.xml
5 ms. Memory: 874496K Free: 380867K (44%)
----------------- Invoking toplevel() on ptolemy.moml.MoMLSimpleApplication@5b715e50
----------------- Done invoking toplevel() on ptolemy.moml.MoMLSimpleApplication@5b715e50
reloadAllAccessors: .disconnectedSDF

===========================================================================================
----------------- testing Mon Jun 18 21:46:40 UTC 2018 /home/travis/build/icyphy/ptII/ptolemy/domains/sdf/test/auto/emptyRefinement.xml
----------------- Instantiating /home/travis/build/icyphy/ptII/ptolemy/domains/sdf/test/auto/emptyRefinement.xml
7 ms. Memory: 874496K Free: 365149K (42%)
----------------- Invoking toplevel() on ptolemy.moml.MoMLSimpleApplication@26c29839
----------------- Done invoking toplevel() on ptolemy.moml.MoMLSimpleApplication@26c29839
reloadAllAccessors: .emptyRefinement

===========================================================================================
----------------- testing Mon Jun 18 21:46:40 UTC 2018 /home/travis/build/icyphy/ptII/ptolemy/domains/sdf/test/auto/filePortParameter.xml
----------------- Instantiating /home/travis/build/icyphy/ptII/ptolemy/domains/sdf/test/auto/filePortParameter.xml
17 ms. Memory: 874496K Free: 349430K (40%)
----------------- Invoking toplevel() on ptolemy.moml.MoMLSimpleApplication@31ed968a
----------------- Done invoking toplevel() on ptolemy.moml.MoMLSimpleApplication@31ed968a
reloadAllAccessors: .filePortParameter

===========================================================================================
----------------- testing Mon Jun 18 21:46:40 UTC 2018 /home/travis/build/icyphy/ptII/ptolemy/domains/sdf/test/auto/inferRelationWidth1.xml
----------------- Instantiating /home/travis/build/icyphy/ptII/ptolemy/domains/sdf/test/auto/inferRelationWidth1.xml
4 ms. Memory: 874496K Free: 333712K (38%)
----------------- Invoking toplevel() on ptolemy.moml.MoMLSimpleApplication@4b07a8c4
----------------- Done invoking toplevel() on ptolemy.moml.MoMLSimpleApplication@4b07a8c4
reloadAllAccessors: .inferRelationWidth1

===========================================================================================
----------------- testing Mon Jun 18 21:46:40 UTC 2018 /home/travis/build/icyphy/ptII/ptolemy/domains/sdf/test/auto/initProductionInference.xml
----------------- Instantiating /home/travis/build/icyphy/ptII/ptolemy/domains/sdf/test/auto/initProductionInference.xml
8 ms. Memory: 874496K Free: 317994K (36%)
----------------- Invoking toplevel() on ptolemy.moml.MoMLSimpleApplication@3017fa9b
----------------- Done invoking toplevel() on ptolemy.moml.MoMLSimpleApplication@3017fa9b
reloadAllAccessors: .initProductionInference

===========================================================================================
----------------- testing Mon Jun 18 21:46:40 UTC 2018 /home/travis/build/icyphy/ptII/ptolemy/domains/sdf/test/auto/relationGroup.xml
----------------- Instantiating /home/travis/build/icyphy/ptII/ptolemy/domains/sdf/test/auto/relationGroup.xml
3 ms. Memory: 874496K Free: 302275K (35%)
----------------- Invoking toplevel() on ptolemy.moml.MoMLSimpleApplication@46152c7e
----------------- Done invoking toplevel() on ptolemy.moml.MoMLSimpleApplication@46152c7e
reloadAllAccessors: .relationGroup

===========================================================================================
----------------- testing Mon Jun 18 21:46:40 UTC 2018 /home/travis/build/icyphy/ptII/ptolemy/domains/sdf/test/auto/relationGroup10.xml
----------------- Instantiating /home/travis/build/icyphy/ptII/ptolemy/domains/sdf/test/auto/relationGroup10.xml
2 ms. Memory: 874496K Free: 286557K (33%)
----------------- Invoking toplevel() on ptolemy.moml.MoMLSimpleApplication@218c743b
----------------- Done invoking toplevel() on ptolemy.moml.MoMLSimpleApplication@218c743b
reloadAllAccessors: .relationGroup10

===========================================================================================
----------------- testing Mon Jun 18 21:46:40 UTC 2018 /home/travis/build/icyphy/ptII/ptolemy/domains/sdf/test/auto/relationGroup11.xml
----------------- Instantiating /home/travis/build/icyphy/ptII/ptolemy/domains/sdf/test/auto/relationGroup11.xml
2 ms. Memory: 874496K Free: 267692K (31%)
----------------- Invoking toplevel() on ptolemy.moml.MoMLSimpleApplication@51fe7d7d
----------------- Done invoking toplevel() on ptolemy.moml.MoMLSimpleApplication@51fe7d7d
reloadAllAccessors: .relationGroup11

===========================================================================================
----------------- testing Mon Jun 18 21:46:40 UTC 2018 /home/travis/build/icyphy/ptII/ptolemy/domains/sdf/test/auto/relationGroup12.xml
----------------- Instantiating /home/travis/build/icyphy/ptII/ptolemy/domains/sdf/test/auto/relationGroup12.xml
5 ms. Memory: 874496K Free: 251974K (29%)
----------------- Invoking toplevel() on ptolemy.moml.MoMLSimpleApplication@5a5142b0
----------------- Done invoking toplevel() on ptolemy.moml.MoMLSimpleApplication@5a5142b0
reloadAllAccessors: .relationGroup12

===========================================================================================
----------------- testing Mon Jun 18 21:46:40 UTC 2018 /home/travis/build/icyphy/ptII/ptolemy/domains/sdf/test/auto/relationGroup13.xml
----------------- Instantiating /home/travis/build/icyphy/ptII/ptolemy/domains/sdf/test/auto/relationGroup13.xml
6 ms. Memory: 874496K Free: 236255K (27%)
----------------- Invoking toplevel() on ptolemy.moml.MoMLSimpleApplication@f2272d9
----------------- Done invoking toplevel() on ptolemy.moml.MoMLSimpleApplication@f2272d9
reloadAllAccessors: .relationGroup13

===========================================================================================
----------------- testing Mon Jun 18 21:46:40 UTC 2018 /home/travis/build/icyphy/ptII/ptolemy/domains/sdf/test/auto/relationGroup14.xml
----------------- Instantiating /home/travis/build/icyphy/ptII/ptolemy/domains/sdf/test/auto/relationGroup14.xml
3 ms. Memory: 874496K Free: 220537K (25%)
----------------- Invoking toplevel() on ptolemy.moml.MoMLSimpleApplication@56e6535c
----------------- Done invoking toplevel() on ptolemy.moml.MoMLSimpleApplication@56e6535c
reloadAllAccessors: .relationGroup14

===========================================================================================
----------------- testing Mon Jun 18 21:46:40 UTC 2018 /home/travis/build/icyphy/ptII/ptolemy/domains/sdf/test/auto/relationGroup15.xml
----------------- Instantiating /home/travis/build/icyphy/ptII/ptolemy/domains/sdf/test/auto/relationGroup15.xml
2 ms. Memory: 874496K Free: 204818K (23%)
----------------- Invoking toplevel() on ptolemy.moml.MoMLSimpleApplication@12b94e42
----------------- Done invoking toplevel() on ptolemy.moml.MoMLSimpleApplication@12b94e42
reloadAllAccessors: .relationGroup15

===========================================================================================
----------------- testing Mon Jun 18 21:46:40 UTC 2018 /home/travis/build/icyphy/ptII/ptolemy/domains/sdf/test/auto/relationGroup2.xml
----------------- Instantiating /home/travis/build/icyphy/ptII/ptolemy/domains/sdf/test/auto/relationGroup2.xml
2 ms. Memory: 874496K Free: 189100K (22%)
----------------- Invoking toplevel() on ptolemy.moml.MoMLSimpleApplication@116529c2
----------------- Done invoking toplevel() on ptolemy.moml.MoMLSimpleApplication@116529c2
reloadAllAccessors: .relationGroup2

===========================================================================================
----------------- testing Mon Jun 18 21:46:40 UTC 2018 /home/travis/build/icyphy/ptII/ptolemy/domains/sdf/test/auto/relationGroup3.xml
----------------- Instantiating /home/travis/build/icyphy/ptII/ptolemy/domains/sdf/test/auto/relationGroup3.xml
2 ms. Memory: 874496K Free: 173382K (20%)
----------------- Invoking toplevel() on ptolemy.moml.MoMLSimpleApplication@9d9b560
----------------- Done invoking toplevel() on ptolemy.moml.MoMLSimpleApplication@9d9b560
reloadAllAccessors: .relationGroup3

===========================================================================================
----------------- testing Mon Jun 18 21:46:40 UTC 2018 /home/travis/build/icyphy/ptII/ptolemy/domains/sdf/test/auto/relationGroup4.xml
----------------- Instantiating /home/travis/build/icyphy/ptII/ptolemy/domains/sdf/test/auto/relationGroup4.xml
7 ms. Memory: 874496K Free: 157663K (18%)
----------------- Invoking toplevel() on ptolemy.moml.MoMLSimpleApplication@253199f
----------------- Done invoking toplevel() on ptolemy.moml.MoMLSimpleApplication@253199f
reloadAllAccessors: .relationGroup4

===========================================================================================
----------------- testing Mon Jun 18 21:46:40 UTC 2018 /home/travis/build/icyphy/ptII/ptolemy/domains/sdf/test/auto/relationGroup5.xml
----------------- Instantiating /home/travis/build/icyphy/ptII/ptolemy/domains/sdf/test/auto/relationGroup5.xml
3 ms. Memory: 874496K Free: 141945K (16%)
----------------- Invoking toplevel() on ptolemy.moml.MoMLSimpleApplication@4c2df070
----------------- Done invoking toplevel() on ptolemy.moml.MoMLSimpleApplication@4c2df070
reloadAllAccessors: .relationGroup5

===========================================================================================
----------------- testing Mon Jun 18 21:46:40 UTC 2018 /home/travis/build/icyphy/ptII/ptolemy/domains/sdf/test/auto/relationGroup6.xml
----------------- Instantiating /home/travis/build/icyphy/ptII/ptolemy/domains/sdf/test/auto/relationGroup6.xml
3 ms. Memory: 874496K Free: 123080K (14%)
----------------- Invoking toplevel() on ptolemy.moml.MoMLSimpleApplication@40bc77e
----------------- Done invoking toplevel() on ptolemy.moml.MoMLSimpleApplication@40bc77e
reloadAllAccessors: .relationGroup6

===========================================================================================
----------------- testing Mon Jun 18 21:46:40 UTC 2018 /home/travis/build/icyphy/ptII/ptolemy/domains/sdf/test/auto/relationGroup7.xml
----------------- Instantiating /home/travis/build/icyphy/ptII/ptolemy/domains/sdf/test/auto/relationGroup7.xml
2 ms. Memory: 874496K Free: 107362K (12%)
----------------- Invoking toplevel() on ptolemy.moml.MoMLSimpleApplication@6ca0100f
----------------- Done invoking toplevel() on ptolemy.moml.MoMLSimpleApplication@6ca0100f
reloadAllAccessors: .relationGroup7

===========================================================================================
----------------- testing Mon Jun 18 21:46:40 UTC 2018 /home/travis/build/icyphy/ptII/ptolemy/domains/sdf/test/auto/relationGroup8.xml
----------------- Instantiating /home/travis/build/icyphy/ptII/ptolemy/domains/sdf/test/auto/relationGroup8.xml
2 ms. Memory: 874496K Free: 91644K (10%)
----------------- Invoking toplevel() on ptolemy.moml.MoMLSimpleApplication@204ed7e6
----------------- Done invoking toplevel() on ptolemy.moml.MoMLSimpleApplication@204ed7e6
reloadAllAccessors: .relationGroup8

===========================================================================================
----------------- testing Mon Jun 18 21:46:41 UTC 2018 /home/travis/build/icyphy/ptII/ptolemy/domains/sdf/test/auto/relationGroup9.xml
----------------- Instantiating /home/travis/build/icyphy/ptII/ptolemy/domains/sdf/test/auto/relationGroup9.xml
3 ms. Memory: 874496K Free: 77180K (9%)
----------------- Invoking toplevel() on ptolemy.moml.MoMLSimpleApplication@a43edd4
----------------- Done invoking toplevel() on ptolemy.moml.MoMLSimpleApplication@a43edd4
reloadAllAccessors: .relationGroup9

===========================================================================================
----------------- testing Mon Jun 18 21:46:41 UTC 2018 /home/travis/build/icyphy/ptII/ptolemy/domains/sdf/test/auto/sdf_inside_de.xml
----------------- Instantiating /home/travis/build/icyphy/ptII/ptolemy/domains/sdf/test/auto/sdf_inside_de.xml
12 ms. Memory: 1346560K Free: 1309199K (97%)
----------------- Invoking toplevel() on ptolemy.moml.MoMLSimpleApplication@6a1503fe
----------------- Done invoking toplevel() on ptolemy.moml.MoMLSimpleApplication@6a1503fe
reloadAllAccessors: .sdf_inside_de

===========================================================================================
----------------- testing Mon Jun 18 21:46:41 UTC 2018 /home/travis/build/icyphy/ptII/ptolemy/domains/sdf/test/auto/sdf_inside_pn.xml
----------------- Instantiating /home/travis/build/icyphy/ptII/ptolemy/domains/sdf/test/auto/sdf_inside_pn.xml
45 ms. Memory: 1346560K Free: 1217777K (90%)
----------------- Invoking toplevel() on ptolemy.moml.MoMLSimpleApplication@5a509357
----------------- Done invoking toplevel() on ptolemy.moml.MoMLSimpleApplication@5a509357
reloadAllAccessors: .sdf_inside_pn

===========================================================================================
----------------- testing Mon Jun 18 21:46:41 UTC 2018 /home/travis/build/icyphy/ptII/ptolemy/domains/sdf/test/auto/sdf_sdf1.xml
----------------- Instantiating /home/travis/build/icyphy/ptII/ptolemy/domains/sdf/test/auto/sdf_sdf1.xml
10 ms. Memory: 1346560K Free: 1192628K (89%)
----------------- Invoking toplevel() on ptolemy.moml.MoMLSimpleApplication@fa31a78
----------------- Done invoking toplevel() on ptolemy.moml.MoMLSimpleApplication@fa31a78
reloadAllAccessors: .sdf_sdf1

===========================================================================================
----------------- testing Mon Jun 18 21:46:41 UTC 2018 /home/travis/build/icyphy/ptII/ptolemy/domains/sdf/test/auto/test1.xml
----------------- Instantiating /home/travis/build/icyphy/ptII/ptolemy/domains/sdf/test/auto/test1.xml
7 ms. Memory: 1346560K Free: 1167478K (87%)
----------------- Invoking toplevel() on ptolemy.moml.MoMLSimpleApplication@28a6b637
----------------- Done invoking toplevel() on ptolemy.moml.MoMLSimpleApplication@28a6b637
reloadAllAccessors: .test1

===========================================================================================
----------------- testing Mon Jun 18 21:46:41 UTC 2018 /home/travis/build/icyphy/ptII/ptolemy/domains/sdf/test/auto/time1.xml
----------------- Instantiating /home/travis/build/icyphy/ptII/ptolemy/domains/sdf/test/auto/time1.xml
2 ms. Memory: 1346560K Free: 1142329K (85%)
----------------- Invoking toplevel() on ptolemy.moml.MoMLSimpleApplication@4dff59ec
----------------- Done invoking toplevel() on ptolemy.moml.MoMLSimpleApplication@4dff59ec
reloadAllAccessors: .time1

===========================================================================================
----------------- testing Mon Jun 18 21:46:41 UTC 2018 /home/travis/build/icyphy/ptII/ptolemy/domains/sdf/test/auto/time2.xml
----------------- Instantiating /home/travis/build/icyphy/ptII/ptolemy/domains/sdf/test/auto/time2.xml
3 ms. Memory: 1346560K Free: 1117179K (83%)
----------------- Invoking toplevel() on ptolemy.moml.MoMLSimpleApplication@2106beed
----------------- Done invoking toplevel() on ptolemy.moml.MoMLSimpleApplication@2106beed
reloadAllAccessors: .time2

===========================================================================================
----------------- testing Mon Jun 18 21:46:41 UTC 2018 /home/travis/build/icyphy/ptII/ptolemy/domains/sdf/test/auto/time3.xml
----------------- Instantiating /home/travis/build/icyphy/ptII/ptolemy/domains/sdf/test/auto/time3.xml
8 ms. Memory: 1346560K Free: 1092030K (81%)
----------------- Invoking toplevel() on ptolemy.moml.MoMLSimpleApplication@78861b6e
----------------- Done invoking toplevel() on ptolemy.moml.MoMLSimpleApplication@78861b6e
reloadAllAccessors: .time3

===========================================================================================
----------------- testing Mon Jun 18 21:46:41 UTC 2018 /home/travis/build/icyphy/ptII/ptolemy/domains/sdf/test/auto/time4.xml
----------------- Instantiating /home/travis/build/icyphy/ptII/ptolemy/domains/sdf/test/auto/time4.xml
6 ms. Memory: 1346560K Free: 1066880K (79%)
----------------- Invoking toplevel() on ptolemy.moml.MoMLSimpleApplication@2305af80
----------------- Done invoking toplevel() on ptolemy.moml.MoMLSimpleApplication@2305af80
reloadAllAccessors: .time4

===========================================================================================
----------------- testing Mon Jun 18 21:46:41 UTC 2018 /home/travis/build/icyphy/ptII/ptolemy/domains/sdf/test/auto/time5.xml
----------------- Instantiating /home/travis/build/icyphy/ptII/ptolemy/domains/sdf/test/auto/time5.xml
4002 ms. Memory: 1346560K Free: 1041731K (77%)
----------------- Invoking toplevel() on ptolemy.moml.MoMLSimpleApplication@a774b24
----------------- Done invoking toplevel() on ptolemy.moml.MoMLSimpleApplication@a774b24
reloadAllAccessors: .time5

===========================================================================================
----------------- testing Mon Jun 18 21:46:45 UTC 2018 /home/travis/build/icyphy/ptII/ptolemy/domains/sdf/test/auto/typeSystem_Const_Integer_smallest_Type.xml
----------------- Instantiating /home/travis/build/icyphy/ptII/ptolemy/domains/sdf/test/auto/typeSystem_Const_Integer_smallest_Type.xml
6 ms. Memory: 1346560K Free: 1016581K (75%)
----------------- Invoking toplevel() on ptolemy.moml.MoMLSimpleApplication@1ccee15
----------------- Done invoking toplevel() on ptolemy.moml.MoMLSimpleApplication@1ccee15
reloadAllAccessors: .typeSystem_Const_Integer_smallest_Type

===========================================================================================
----------------- testing Mon Jun 18 21:46:45 UTC 2018 /home/travis/build/icyphy/ptII/ptolemy/domains/sdf/test/auto/typeSystem_declared_Inports_OutportTypeException.xml
----------------- Instantiating /home/travis/build/icyphy/ptII/ptolemy/domains/sdf/test/auto/typeSystem_declared_Inports_OutportTypeException.xml
.typeSystem_declared_Inports_OutportTypeException.TestExceptionAttribute: initialize() was not invoked, but wrapup() was.  This is unusual, but not always a problem.  For example, exporting JNLP will do this.
3 ms. Memory: 1346560K Free: 988033K (73%)
----------------- Invoking toplevel() on ptolemy.moml.MoMLSimpleApplication@2154a0f4
----------------- Done invoking toplevel() on ptolemy.moml.MoMLSimpleApplication@2154a0f4
reloadAllAccessors: .typeSystem_declared_Inports_OutportTypeException

===========================================================================================
----------------- testing Mon Jun 18 21:46:45 UTC 2018 /home/travis/build/icyphy/ptII/ptolemy/domains/sdf/test/auto/typeSystem_oneDeclaredInportType_wrongTypeOutport.xml
----------------- Instantiating /home/travis/build/icyphy/ptII/ptolemy/domains/sdf/test/auto/typeSystem_oneDeclaredInportType_wrongTypeOutport.xml
3 ms. Memory: 1346560K Free: 962884K (72%)
----------------- Invoking toplevel() on ptolemy.moml.MoMLSimpleApplication@49dc0eff
----------------- Done invoking toplevel() on ptolemy.moml.MoMLSimpleApplication@49dc0eff
reloadAllAccessors: .typeSystem_oneDeclaredInportType_wrongTypeOutport

===========================================================================================
----------------- testing Mon Jun 18 21:46:45 UTC 2018 /home/travis/build/icyphy/ptII/ptolemy/domains/sdf/test/auto/width.xml
----------------- Instantiating /home/travis/build/icyphy/ptII/ptolemy/domains/sdf/test/auto/width.xml
2 ms. Memory: 1346560K Free: 937734K (70%)
----------------- Invoking toplevel() on ptolemy.moml.MoMLSimpleApplication@6d0fe6f7
----------------- Done invoking toplevel() on ptolemy.moml.MoMLSimpleApplication@6d0fe6f7
reloadAllAccessors: .width

===========================================================================================
----------------- testing Mon Jun 18 21:46:45 UTC 2018 /home/travis/build/icyphy/ptII/ptolemy/domains/sdf/test/auto/width2.xml
----------------- Instantiating /home/travis/build/icyphy/ptII/ptolemy/domains/sdf/test/auto/width2.xml
30 ms. Memory: 1346560K Free: 912585K (68%)
----------------- Invoking toplevel() on ptolemy.moml.MoMLSimpleApplication@2f0f5d7d
----------------- Done invoking toplevel() on ptolemy.moml.MoMLSimpleApplication@2f0f5d7d
reloadAllAccessors: .width2

===========================================================================================
----------------- testing Mon Jun 18 21:46:45 UTC 2018 /home/travis/build/icyphy/ptII/ptolemy/domains/sdf/test/auto/width3.xml
----------------- Instantiating /home/travis/build/icyphy/ptII/ptolemy/domains/sdf/test/auto/width3.xml
29 ms. Memory: 1346560K Free: 887436K (66%)
----------------- Invoking toplevel() on ptolemy.moml.MoMLSimpleApplication@1aac56b5
----------------- Done invoking toplevel() on ptolemy.moml.MoMLSimpleApplication@1aac56b5
reloadAllAccessors: .width3
AutoTests.java: About to close Vertx.
AutoTests.java: Vertx closed.
]]></system-out>
  <system-err><![CDATA[java.lang.RuntimeException: Execution failed
	at ptolemy.moml.MoMLSimpleApplication$UnloadThread.run(MoMLSimpleApplication.java:402)
Caused by: ptolemy.actor.sched.NotSchedulableException: No solution exists for the balance equations.
Graph is not consistent under the SDF domain detected on external port .rateConsistency.actor.port2
  in .rateConsistency.SDF Director.Scheduler
	at ptolemy.domains.sdf.kernel.SDFScheduler._propagatePort(SDFScheduler.java:1425)
	at ptolemy.domains.sdf.kernel.SDFScheduler._solveBalanceEquations(SDFScheduler.java:710)
	at ptolemy.domains.sdf.kernel.SDFScheduler._getSchedule(SDFScheduler.java:566)
	at ptolemy.actor.sched.Scheduler.getSchedule(Scheduler.java:189)
	at ptolemy.domains.sdf.kernel.SDFDirector.createSchedule(SDFDirector.java:408)
	at ptolemy.domains.sdf.kernel.SDFDirector.preinitialize(SDFDirector.java:764)
	at ptolemy.actor.CompositeActor.preinitialize(CompositeActor.java:1828)
	at ptolemy.actor.Manager.preinitializeAndResolveTypes(Manager.java:1040)
	at ptolemy.actor.Manager.initialize(Manager.java:710)
	at ptolemy.actor.Manager.execute(Manager.java:356)
	at ptolemy.actor.Manager.run(Manager.java:1263)
	at ptolemy.actor.Manager$PtolemyRunThread.run(Manager.java:1915)
java.lang.RuntimeException: Execution failed
	at ptolemy.moml.MoMLSimpleApplication$UnloadThread.run(MoMLSimpleApplication.java:402)
Caused by: ptolemy.kernel.util.IllegalActionException: Failed to compute schedule:
  in .badRateChanges.typed composite actor.SDF Director
Because:
The SDF rate parameter may change. This is not allowed in SDF models that will be run through the code generator.  If you don't care about code generation, then you might consider setting the allowRateChanges parameter of the SDF director to false.
  in .badRateChanges.typed composite actor.Repeat.output.tokenProductionRate
	at ptolemy.domains.sdf.kernel.SDFDirector.createSchedule(SDFDirector.java:418)
	at ptolemy.domains.sdf.kernel.SDFDirector.preinitialize(SDFDirector.java:764)
	at ptolemy.actor.CompositeActor.preinitialize(CompositeActor.java:1828)
	at ptolemy.actor.Director.preinitialize(Director.java:1302)
	at ptolemy.actor.Director.preinitialize(Director.java:1257)
	at ptolemy.domains.sdf.kernel.SDFDirector.preinitialize(SDFDirector.java:763)
	at ptolemy.actor.CompositeActor.preinitialize(CompositeActor.java:1828)
	at ptolemy.actor.Manager.preinitializeAndResolveTypes(Manager.java:1040)
	at ptolemy.actor.Manager.initialize(Manager.java:710)
	at ptolemy.actor.Manager.execute(Manager.java:356)
	at ptolemy.actor.Manager.run(Manager.java:1263)
	at ptolemy.actor.Manager$PtolemyRunThread.run(Manager.java:1915)
Caused by: ptolemy.kernel.util.IllegalActionException: The SDF rate parameter may change. This is not allowed in SDF models that will be run through the code generator.  If you don't care about code generation, then you might consider setting the allowRateChanges parameter of the SDF director to false.
  in .badRateChanges.typed composite actor.Repeat.output.tokenProductionRate
	at ptolemy.domains.sdf.kernel.SDFScheduler._assertDynamicRateVariable(SDFScheduler.java:931)
	at ptolemy.domains.sdf.kernel.SDFScheduler._checkDynamicRateVariables(SDFScheduler.java:339)
	at ptolemy.domains.sdf.kernel.SDFScheduler._getSchedule(SDFScheduler.java:527)
	at ptolemy.actor.sched.Scheduler.getSchedule(Scheduler.java:189)
	at ptolemy.domains.sdf.kernel.SDFDirector.createSchedule(SDFDirector.java:408)
	... 11 more
java.lang.RuntimeException: Execution failed
	at ptolemy.moml.MoMLSimpleApplication$UnloadThread.run(MoMLSimpleApplication.java:402)
Caused by: ptolemy.kernel.util.IllegalActionException: Failed to compute schedule:
  in .badRateChanges2.typed composite actor.SDF Director
Because:
The SDF rate parameter may change. This is not allowed in SDF models that will be run through the code generator.  If you don't care about code generation, then you might consider setting the allowRateChanges parameter of the SDF director to false.
  in .badRateChanges2.typed composite actor.Repeat.output.tokenProductionRate
	at ptolemy.domains.sdf.kernel.SDFDirector.createSchedule(SDFDirector.java:418)
	at ptolemy.domains.sdf.kernel.SDFDirector.preinitialize(SDFDirector.java:764)
	at ptolemy.actor.CompositeActor.preinitialize(CompositeActor.java:1828)
	at ptolemy.actor.Director.preinitialize(Director.java:1302)
	at ptolemy.actor.Director.preinitialize(Director.java:1257)
	at ptolemy.domains.sdf.kernel.SDFDirector.preinitialize(SDFDirector.java:763)
	at ptolemy.actor.CompositeActor.preinitialize(CompositeActor.java:1828)
	at ptolemy.actor.Manager.preinitializeAndResolveTypes(Manager.java:1040)
	at ptolemy.actor.Manager.initialize(Manager.java:710)
	at ptolemy.actor.Manager.execute(Manager.java:356)
	at ptolemy.actor.Manager.run(Manager.java:1263)
	at ptolemy.actor.Manager$PtolemyRunThread.run(Manager.java:1915)
Caused by: ptolemy.kernel.util.IllegalActionException: The SDF rate parameter may change. This is not allowed in SDF models that will be run through the code generator.  If you don't care about code generation, then you might consider setting the allowRateChanges parameter of the SDF director to false.
  in .badRateChanges2.typed composite actor.Repeat.output.tokenProductionRate
	at ptolemy.domains.sdf.kernel.SDFScheduler._assertDynamicRateVariable(SDFScheduler.java:931)
	at ptolemy.domains.sdf.kernel.SDFScheduler._checkDynamicRateVariables(SDFScheduler.java:339)
	at ptolemy.domains.sdf.kernel.SDFScheduler._getSchedule(SDFScheduler.java:527)
	at ptolemy.actor.sched.Scheduler.getSchedule(Scheduler.java:189)
	at ptolemy.domains.sdf.kernel.SDFDirector.createSchedule(SDFDirector.java:408)
	... 11 more
java.lang.RuntimeException: Execution failed
	at ptolemy.moml.MoMLSimpleApplication$UnloadThread.run(MoMLSimpleApplication.java:402)
Caused by: ptolemy.actor.sched.NotSchedulableException: Actors remain that cannot be scheduled!

There are several possible reasons:
* SDF Graphs with feedback loops should have an actor with a delay in the loop, such as a SampleDelay.
* The SDF director has an "allowDisconnectedGraphs"parameter, which, when true, permits disconnected SDF graphs.
* The token consumption rate and production rates might be mismatched.
Usually, actors produce one token or consume one token on a port.  To produce or consume multiple tokens per firing, add a "tokenConsumptionRate" or "tokenProductionRate" parameter to the appropriate port.
Unscheduled actors:
.partiallyConnected.Const2 
Scheduled actors:
.partiallyConnected.Const 
  in .partiallyConnected.SDF Director.Scheduler
	at ptolemy.domains.sdf.kernel.SDFScheduler._scheduleConnectedActors(SDFScheduler.java:1828)
	at ptolemy.domains.sdf.kernel.SDFScheduler._getSchedule(SDFScheduler.java:587)
	at ptolemy.actor.sched.Scheduler.getSchedule(Scheduler.java:189)
	at ptolemy.domains.sdf.kernel.SDFDirector.createSchedule(SDFDirector.java:408)
	at ptolemy.domains.sdf.kernel.SDFDirector.preinitialize(SDFDirector.java:764)
	at ptolemy.actor.CompositeActor.preinitialize(CompositeActor.java:1828)
	at ptolemy.actor.Manager.preinitializeAndResolveTypes(Manager.java:1040)
	at ptolemy.actor.Manager.initialize(Manager.java:710)
	at ptolemy.actor.Manager.execute(Manager.java:356)
	at ptolemy.actor.Manager.run(Manager.java:1263)
	at ptolemy.actor.Manager$PtolemyRunThread.run(Manager.java:1915)
]]></system-err>
</testsuite>
