<?xml version="1.0" encoding="UTF-8" ?>
<testsuite errors="0" failures="0" hostname="travis-job-fdd6393f-b259-4477-8332-1b2d64b1a7f4" name="ptolemy.domains.continuous.test.junit.JUnitTclTest" skipped="0" tests="156" time="72.934" timestamp="2020-01-12T06:38:54">
  <properties>
[...]
</properties>
  <testcase classname="ptolemy.util.test.junit.TclTests" name="[0] ThereAreNoTclTests (RunTclFile)" time="0.007" />
  <testcase classname="ptolemy.util.test.junit.AutoKnownFailedTests" name="[0] ThereAreNoKnowFailedTests (RunModel)" time="0.009" />
  <testcase classname="ptolemy.util.test.junit.AutoNameArchTests" name="[0] ThereAreNoAutoArchTests (RunModel)" time="0.018" />
  <testcase classname="ptolemy.util.test.junit.AutoTests" name="[0] /home/travis/build/icyphy/ptII/ptolemy/domains/continuous/test/auto/BouncingBall.xml (RunModel)" time="2.802" />
  <testcase classname="ptolemy.util.test.junit.AutoTests" name="[1] /home/travis/build/icyphy/ptII/ptolemy/domains/continuous/test/auto/BouncingBallWithoutGR.xml (RunModel)" time="0.883" />
  <testcase classname="ptolemy.util.test.junit.AutoTests" name="[2] /home/travis/build/icyphy/ptII/ptolemy/domains/continuous/test/auto/Brownian.xml (RunModel)" time="0.104" />
  <testcase classname="ptolemy.util.test.junit.AutoTests" name="[3] /home/travis/build/icyphy/ptII/ptolemy/domains/continuous/test/auto/CarTracking.xml (RunModel)" time="4.035" />
  <testcase classname="ptolemy.util.test.junit.AutoTests" name="[4] /home/travis/build/icyphy/ptII/ptolemy/domains/continuous/test/auto/CartPendulum.xml (RunModel)" time="0.481" />
  <testcase classname="ptolemy.util.test.junit.AutoTests" name="[5] /home/travis/build/icyphy/ptII/ptolemy/domains/continuous/test/auto/CausalityInterface10.xml (RunModel)" time="0.044" />
  <testcase classname="ptolemy.util.test.junit.AutoTests" name="[6] /home/travis/build/icyphy/ptII/ptolemy/domains/continuous/test/auto/CausalityInterface11.xml (RunModel)" time="0.029" />
  <testcase classname="ptolemy.util.test.junit.AutoTests" name="[7] /home/travis/build/icyphy/ptII/ptolemy/domains/continuous/test/auto/CausalityInterface12.xml (RunModel)" time="0.031" />
  <testcase classname="ptolemy.util.test.junit.AutoTests" name="[8] /home/travis/build/icyphy/ptII/ptolemy/domains/continuous/test/auto/CausalityInterface13.xml (RunModel)" time="0.037" />
  <testcase classname="ptolemy.util.test.junit.AutoTests" name="[9] /home/travis/build/icyphy/ptII/ptolemy/domains/continuous/test/auto/CausalityInterface14.xml (RunModel)" time="0.026" />
  <testcase classname="ptolemy.util.test.junit.AutoTests" name="[10] /home/travis/build/icyphy/ptII/ptolemy/domains/continuous/test/auto/CausalityInterface4.xml (RunModel)" time="0.025" />
  <testcase classname="ptolemy.util.test.junit.AutoTests" name="[11] /home/travis/build/icyphy/ptII/ptolemy/domains/continuous/test/auto/CausalityInterface5.xml (RunModel)" time="0.05" />
  <testcase classname="ptolemy.util.test.junit.AutoTests" name="[12] /home/travis/build/icyphy/ptII/ptolemy/domains/continuous/test/auto/CausalityInterface6.xml (RunModel)" time="0.029" />
  <testcase classname="ptolemy.util.test.junit.AutoTests" name="[13] /home/travis/build/icyphy/ptII/ptolemy/domains/continuous/test/auto/CausalityInterface7.xml (RunModel)" time="0.041" />
  <testcase classname="ptolemy.util.test.junit.AutoTests" name="[14] /home/travis/build/icyphy/ptII/ptolemy/domains/continuous/test/auto/CausalityInterface8.xml (RunModel)" time="0.043" />
  <testcase classname="ptolemy.util.test.junit.AutoTests" name="[15] /home/travis/build/icyphy/ptII/ptolemy/domains/continuous/test/auto/CausalityInterface9.xml (RunModel)" time="0.044" />
  <testcase classname="ptolemy.util.test.junit.AutoTests" name="[16] /home/travis/build/icyphy/ptII/ptolemy/domains/continuous/test/auto/CausalityInterfaceFeedback1.xml (RunModel)" time="0.023" />
  <testcase classname="ptolemy.util.test.junit.AutoTests" name="[17] /home/travis/build/icyphy/ptII/ptolemy/domains/continuous/test/auto/CausalityInterfaceFeedback2.xml (RunModel)" time="0.026" />
  <testcase classname="ptolemy.util.test.junit.AutoTests" name="[18] /home/travis/build/icyphy/ptII/ptolemy/domains/continuous/test/auto/CompareWithCurrentTime.xml (RunModel)" time="0.017" />
  <testcase classname="ptolemy.util.test.junit.AutoTests" name="[19] /home/travis/build/icyphy/ptII/ptolemy/domains/continuous/test/auto/ComparedClocks.xml (RunModel)" time="0.066" />
  <testcase classname="ptolemy.util.test.junit.AutoTests" name="[20] /home/travis/build/icyphy/ptII/ptolemy/domains/continuous/test/auto/ContinuousAOCClone.xml (RunModel)" time="2.454" />
  <testcase classname="ptolemy.util.test.junit.AutoTests" name="[21] /home/travis/build/icyphy/ptII/ptolemy/domains/continuous/test/auto/ContinuousClock.xml (RunModel)" time="0.079" />
  <testcase classname="ptolemy.util.test.junit.AutoTests" name="[22] /home/travis/build/icyphy/ptII/ptolemy/domains/continuous/test/auto/ContinuousInContinuous.xml (RunModel)" time="0.079" />
  <testcase classname="ptolemy.util.test.junit.AutoTests" name="[23] /home/travis/build/icyphy/ptII/ptolemy/domains/continuous/test/auto/ContinuousInContinuousInContinuous.xml (RunModel)" time="0.02" />
  <testcase classname="ptolemy.util.test.junit.AutoTests" name="[24] /home/travis/build/icyphy/ptII/ptolemy/domains/continuous/test/auto/ContinuousInDE.xml (RunModel)" time="0.089" />
  <testcase classname="ptolemy.util.test.junit.AutoTests" name="[25] /home/travis/build/icyphy/ptII/ptolemy/domains/continuous/test/auto/ContinuousInDE2.xml (RunModel)" time="0.048" />
  <testcase classname="ptolemy.util.test.junit.AutoTests" name="[26] /home/travis/build/icyphy/ptII/ptolemy/domains/continuous/test/auto/ContinuousInDE3.xml (RunModel)" time="0.051" />
  <testcase classname="ptolemy.util.test.junit.AutoTests" name="[27] /home/travis/build/icyphy/ptII/ptolemy/domains/continuous/test/auto/ContinuousInDE4.xml (RunModel)" time="0.025" />
  <testcase classname="ptolemy.util.test.junit.AutoTests" name="[28] /home/travis/build/icyphy/ptII/ptolemy/domains/continuous/test/auto/ContinuousInDEDifferentRefinements.xml (RunModel)" time="0.074" />
  <testcase classname="ptolemy.util.test.junit.AutoTests" name="[29] /home/travis/build/icyphy/ptII/ptolemy/domains/continuous/test/auto/ContinuousInDEDifferentRefinementsPreemptive.xml (RunModel)" time="0.076" />
  <testcase classname="ptolemy.util.test.junit.AutoTests" name="[30] /home/travis/build/icyphy/ptII/ptolemy/domains/continuous/test/auto/ContinuousInDEInContinuous2.xml (RunModel)" time="0.047" />
  <testcase classname="ptolemy.util.test.junit.AutoTests" name="[31] /home/travis/build/icyphy/ptII/ptolemy/domains/continuous/test/auto/ContinuousInDEInContinuous3.xml (RunModel)" time="0.056" />
  <testcase classname="ptolemy.util.test.junit.AutoTests" name="[32] /home/travis/build/icyphy/ptII/ptolemy/domains/continuous/test/auto/ContinuousInDEInput.xml (RunModel)" time="0.034" />
  <testcase classname="ptolemy.util.test.junit.AutoTests" name="[33] /home/travis/build/icyphy/ptII/ptolemy/domains/continuous/test/auto/ContinuousInDEInput2.xml (RunModel)" time="0.032" />
  <testcase classname="ptolemy.util.test.junit.AutoTests" name="[34] /home/travis/build/icyphy/ptII/ptolemy/domains/continuous/test/auto/ContinuousInDEInput3.xml (RunModel)" time="0.03" />
  <testcase classname="ptolemy.util.test.junit.AutoTests" name="[35] /home/travis/build/icyphy/ptII/ptolemy/domains/continuous/test/auto/ContinuousInDESharingRefinement.xml (RunModel)" time="0.172" />
  <testcase classname="ptolemy.util.test.junit.AutoTests" name="[36] /home/travis/build/icyphy/ptII/ptolemy/domains/continuous/test/auto/ContinuousInDEwithNoPorts.xml (RunModel)" time="0.013" />
  <testcase classname="ptolemy.util.test.junit.AutoTests" name="[37] /home/travis/build/icyphy/ptII/ptolemy/domains/continuous/test/auto/ContinuousInsideDE.xml (RunModel)" time="0.08" />
  <testcase classname="ptolemy.util.test.junit.AutoTests" name="[38] /home/travis/build/icyphy/ptII/ptolemy/domains/continuous/test/auto/ContinuousMerge1.xml (RunModel)" time="0.021" />
  <testcase classname="ptolemy.util.test.junit.AutoTests" name="[39] /home/travis/build/icyphy/ptII/ptolemy/domains/continuous/test/auto/ContinuousMerge2.xml (RunModel)" time="0.044" />
  <testcase classname="ptolemy.util.test.junit.AutoTests" name="[40] /home/travis/build/icyphy/ptII/ptolemy/domains/continuous/test/auto/ContinuousMerge3.xml (RunModel)" time="0.06" />
  <testcase classname="ptolemy.util.test.junit.AutoTests" name="[41] /home/travis/build/icyphy/ptII/ptolemy/domains/continuous/test/auto/ContinuousWithinContinuous.xml (RunModel)" time="0.041" />
  <testcase classname="ptolemy.util.test.junit.AutoTests" name="[42] /home/travis/build/icyphy/ptII/ptolemy/domains/continuous/test/auto/ContinuousWithinContinuous2.xml (RunModel)" time="0.084" />
  <testcase classname="ptolemy.util.test.junit.AutoTests" name="[43] /home/travis/build/icyphy/ptII/ptolemy/domains/continuous/test/auto/ContinuousWithinContinuous3.xml (RunModel)" time="0.026" />
  <testcase classname="ptolemy.util.test.junit.AutoTests" name="[44] /home/travis/build/icyphy/ptII/ptolemy/domains/continuous/test/auto/ContinuousWithinContinuous4.xml (RunModel)" time="0.066" />
  <testcase classname="ptolemy.util.test.junit.AutoTests" name="[45] /home/travis/build/icyphy/ptII/ptolemy/domains/continuous/test/auto/ContinuousWithinContinuous5.xml (RunModel)" time="0.038" />
  <testcase classname="ptolemy.util.test.junit.AutoTests" name="[46] /home/travis/build/icyphy/ptII/ptolemy/domains/continuous/test/auto/ContinuousWithinContinuous6.xml (RunModel)" time="0.027" />
  <testcase classname="ptolemy.util.test.junit.AutoTests" name="[47] /home/travis/build/icyphy/ptII/ptolemy/domains/continuous/test/auto/ContinuousWithinContinuous7.xml (RunModel)" time="0.057" />
  <testcase classname="ptolemy.util.test.junit.AutoTests" name="[48] /home/travis/build/icyphy/ptII/ptolemy/domains/continuous/test/auto/DCMotor.xml (RunModel)" time="13.211" />
  <testcase classname="ptolemy.util.test.junit.AutoTests" name="[49] /home/travis/build/icyphy/ptII/ptolemy/domains/continuous/test/auto/DEInContinuous.xml (RunModel)" time="0.032" />
  <testcase classname="ptolemy.util.test.junit.AutoTests" name="[50] /home/travis/build/icyphy/ptII/ptolemy/domains/continuous/test/auto/DEinContinuous2.xml (RunModel)" time="0.024" />
  <testcase classname="ptolemy.util.test.junit.AutoTests" name="[51] /home/travis/build/icyphy/ptII/ptolemy/domains/continuous/test/auto/Derivative.xml (RunModel)" time="0.219" />
  <testcase classname="ptolemy.util.test.junit.AutoTests" name="[52] /home/travis/build/icyphy/ptII/ptolemy/domains/continuous/test/auto/Derivative1.xml (RunModel)" time="0.052" />
  <testcase classname="ptolemy.util.test.junit.AutoTests" name="[53] /home/travis/build/icyphy/ptII/ptolemy/domains/continuous/test/auto/DiscreteClock.xml (RunModel)" time="0.012" />
  <testcase classname="ptolemy.util.test.junit.AutoTests" name="[54] /home/travis/build/icyphy/ptII/ptolemy/domains/continuous/test/auto/EfficiencyCurve.xml (RunModel)" time="0.107" />
  <testcase classname="ptolemy.util.test.junit.AutoTests" name="[55] /home/travis/build/icyphy/ptII/ptolemy/domains/continuous/test/auto/ExponentialResponse.xml (RunModel)" time="0.122" />
  <testcase classname="ptolemy.util.test.junit.AutoTests" name="[56] /home/travis/build/icyphy/ptII/ptolemy/domains/continuous/test/auto/ExponentialResponseRK45.xml (RunModel)" time="0.037" />
  <testcase classname="ptolemy.util.test.junit.AutoTests" name="[57] /home/travis/build/icyphy/ptII/ptolemy/domains/continuous/test/auto/Friction.xml (RunModel)" time="1.778" />
  <testcase classname="ptolemy.util.test.junit.AutoTests" name="[58] /home/travis/build/icyphy/ptII/ptolemy/domains/continuous/test/auto/FurutaPendulum.xml (RunModel)" time="3.562" />
  <testcase classname="ptolemy.util.test.junit.AutoTests" name="[59] /home/travis/build/icyphy/ptII/ptolemy/domains/continuous/test/auto/HierarchicalExecution.xml (RunModel)" time="2.802" />
  <testcase classname="ptolemy.util.test.junit.AutoTests" name="[60] /home/travis/build/icyphy/ptII/ptolemy/domains/continuous/test/auto/HybridPlant.xml (RunModel)" time="0.635" />
  <testcase classname="ptolemy.util.test.junit.AutoTests" name="[61] /home/travis/build/icyphy/ptII/ptolemy/domains/continuous/test/auto/Hysteresis.xml (RunModel)" time="0.205" />
  <testcase classname="ptolemy.util.test.junit.AutoTests" name="[62] /home/travis/build/icyphy/ptII/ptolemy/domains/continuous/test/auto/HysteresisWithRandomDelay.xml (RunModel)" time="0.256" />
  <testcase classname="ptolemy.util.test.junit.AutoTests" name="[63] /home/travis/build/icyphy/ptII/ptolemy/domains/continuous/test/auto/HysteresisWithRandomLosses.xml (RunModel)" time="2.642" />
  <testcase classname="ptolemy.util.test.junit.AutoTests" name="[64] /home/travis/build/icyphy/ptII/ptolemy/domains/continuous/test/auto/ImmediateTransitions.xml (RunModel)" time="0.033" />
  <testcase classname="ptolemy.util.test.junit.AutoTests" name="[65] /home/travis/build/icyphy/ptII/ptolemy/domains/continuous/test/auto/ImpulseFeedback.xml (RunModel)" time="0.02" />
  <testcase classname="ptolemy.util.test.junit.AutoTests" name="[66] /home/travis/build/icyphy/ptII/ptolemy/domains/continuous/test/auto/ImpulseFeedback2.xml (RunModel)" time="0.014" />
  <testcase classname="ptolemy.util.test.junit.AutoTests" name="[67] /home/travis/build/icyphy/ptII/ptolemy/domains/continuous/test/auto/IncreasingRatePoisson.xml (RunModel)" time="0.709" />
  <testcase classname="ptolemy.util.test.junit.AutoTests" name="[68] /home/travis/build/icyphy/ptII/ptolemy/domains/continuous/test/auto/InitialStateFeedback.xml (RunModel)" time="0.012" />
  <testcase classname="ptolemy.util.test.junit.AutoTests" name="[69] /home/travis/build/icyphy/ptII/ptolemy/domains/continuous/test/auto/Integration.xml (RunModel)" time="0.008" />
  <testcase classname="ptolemy.util.test.junit.AutoTests" name="[70] /home/travis/build/icyphy/ptII/ptolemy/domains/continuous/test/auto/Integration2.xml (RunModel)" time="0.087" />
  <testcase classname="ptolemy.util.test.junit.AutoTests" name="[71] /home/travis/build/icyphy/ptII/ptolemy/domains/continuous/test/auto/Integration3.xml (RunModel)" time="0.01" />
  <testcase classname="ptolemy.util.test.junit.AutoTests" name="[72] /home/travis/build/icyphy/ptII/ptolemy/domains/continuous/test/auto/Integration5.xml (RunModel)" time="0.009" />
  <testcase classname="ptolemy.util.test.junit.AutoTests" name="[73] /home/travis/build/icyphy/ptII/ptolemy/domains/continuous/test/auto/IntegratorImpulse.xml (RunModel)" time="0.007" />
  <testcase classname="ptolemy.util.test.junit.AutoTests" name="[74] /home/travis/build/icyphy/ptII/ptolemy/domains/continuous/test/auto/IntegratorImpulse2.xml (RunModel)" time="0.009" />
  <testcase classname="ptolemy.util.test.junit.AutoTests" name="[75] /home/travis/build/icyphy/ptII/ptolemy/domains/continuous/test/auto/LevelCrossing1.xml (RunModel)" time="0.011" />
  <testcase classname="ptolemy.util.test.junit.AutoTests" name="[76] /home/travis/build/icyphy/ptII/ptolemy/domains/continuous/test/auto/LevelCrossing2.xml (RunModel)" time="0.012" />
  <testcase classname="ptolemy.util.test.junit.AutoTests" name="[77] /home/travis/build/icyphy/ptII/ptolemy/domains/continuous/test/auto/LevelCrossing3.xml (RunModel)" time="0.012" />
  <testcase classname="ptolemy.util.test.junit.AutoTests" name="[78] /home/travis/build/icyphy/ptII/ptolemy/domains/continuous/test/auto/LevelCrossing4.xml (RunModel)" time="0.013" />
  <testcase classname="ptolemy.util.test.junit.AutoTests" name="[79] /home/travis/build/icyphy/ptII/ptolemy/domains/continuous/test/auto/LevelCrossing5.xml (RunModel)" time="0.011" />
  <testcase classname="ptolemy.util.test.junit.AutoTests" name="[80] /home/travis/build/icyphy/ptII/ptolemy/domains/continuous/test/auto/LevelCrossing6.xml (RunModel)" time="0.01" />
  <testcase classname="ptolemy.util.test.junit.AutoTests" name="[81] /home/travis/build/icyphy/ptII/ptolemy/domains/continuous/test/auto/LevelCrossingDetector.xml (RunModel)" time="0.031" />
  <testcase classname="ptolemy.util.test.junit.AutoTests" name="[82] /home/travis/build/icyphy/ptII/ptolemy/domains/continuous/test/auto/LevelCrossingDetectorDetectingDirections.xml (RunModel)" time="0.084" />
  <testcase classname="ptolemy.util.test.junit.AutoTests" name="[83] /home/travis/build/icyphy/ptII/ptolemy/domains/continuous/test/auto/LevelCrossingDetectorDetectsGlitches.xml (RunModel)" time="0.062" />
  <testcase classname="ptolemy.util.test.junit.AutoTests" name="[84] /home/travis/build/icyphy/ptII/ptolemy/domains/continuous/test/auto/LevelCrossingNoInitialOuput.xml (RunModel)" time="0.012" />
  <testcase classname="ptolemy.util.test.junit.AutoTests" name="[85] /home/travis/build/icyphy/ptII/ptolemy/domains/continuous/test/auto/LinearStateSpaceExample.xml (RunModel)" time="0.064" />
  <testcase classname="ptolemy.util.test.junit.AutoTests" name="[86] /home/travis/build/icyphy/ptII/ptolemy/domains/continuous/test/auto/Lorenz.xml (RunModel)" time="3.486" />
  <testcase classname="ptolemy.util.test.junit.AutoTests" name="[87] /home/travis/build/icyphy/ptII/ptolemy/domains/continuous/test/auto/LorenzDifferentialSystem.xml (RunModel)" time="0.941" />
  <testcase classname="ptolemy.util.test.junit.AutoTests" name="[88] /home/travis/build/icyphy/ptII/ptolemy/domains/continuous/test/auto/LorenzDifferentialSystemWithInput.xml (RunModel)" time="1.173" />
  <testcase classname="ptolemy.util.test.junit.AutoTests" name="[89] /home/travis/build/icyphy/ptII/ptolemy/domains/continuous/test/auto/LorenzDifferentialSystemWithTime.xml (RunModel)" time="0.722" />
  <testcase classname="ptolemy.util.test.junit.AutoTests" name="[90] /home/travis/build/icyphy/ptII/ptolemy/domains/continuous/test/auto/Microsteps.xml (RunModel)" time="0.018" />
  <testcase classname="ptolemy.util.test.junit.AutoTests" name="[91] /home/travis/build/icyphy/ptII/ptolemy/domains/continuous/test/auto/Modal1.xml (RunModel)" time="0.047" />
  <testcase classname="ptolemy.util.test.junit.AutoTests" name="[92] /home/travis/build/icyphy/ptII/ptolemy/domains/continuous/test/auto/Modal2.xml (RunModel)" time="0.048" />
  <testcase classname="ptolemy.util.test.junit.AutoTests" name="[93] /home/travis/build/icyphy/ptII/ptolemy/domains/continuous/test/auto/ModalTransitionGuardWithReset.xml (RunModel)" time="0.023" />
  <testcase classname="ptolemy.util.test.junit.AutoTests" name="[94] /home/travis/build/icyphy/ptII/ptolemy/domains/continuous/test/auto/ModalTransitionGuardWithResetUsingPreemptiveTransition.xml (RunModel)" time="0.026" />
  <testcase classname="ptolemy.util.test.junit.AutoTests" name="[95] /home/travis/build/icyphy/ptII/ptolemy/domains/continuous/test/auto/ModalTransitionGuardWithResetUsingPreemptiveTransition2.xml (RunModel)" time="0.037" />
  <testcase classname="ptolemy.util.test.junit.AutoTests" name="[96] /home/travis/build/icyphy/ptII/ptolemy/domains/continuous/test/auto/ModalTransitionGuardWithResetUsingPreemptiveTransition3.xml (RunModel)" time="0.027" />
  <testcase classname="ptolemy.util.test.junit.AutoTests" name="[97] /home/travis/build/icyphy/ptII/ptolemy/domains/continuous/test/auto/NewtonsCradle.xml (RunModel)" time="0.831" />
  <testcase classname="ptolemy.util.test.junit.AutoTests" name="[98] /home/travis/build/icyphy/ptII/ptolemy/domains/continuous/test/auto/NewtonsCradleAnimated.xml (RunModel)" time="1.371" />
  <testcase classname="ptolemy.util.test.junit.AutoTests" name="[99] /home/travis/build/icyphy/ptII/ptolemy/domains/continuous/test/auto/NewtonsCradleComplicated.xml (RunModel)" time="1.015" />
  <testcase classname="ptolemy.util.test.junit.AutoTests" name="[100] /home/travis/build/icyphy/ptII/ptolemy/domains/continuous/test/auto/NewtonsCradleNondeterministic.xml (RunModel)" time="0.725" />
  <testcase classname="ptolemy.util.test.junit.AutoTests" name="[101] /home/travis/build/icyphy/ptII/ptolemy/domains/continuous/test/auto/NewtonsCradlePerfectlyInelastic1.xml (RunModel)" time="1.267" />
  <testcase classname="ptolemy.util.test.junit.AutoTests" name="[102] /home/travis/build/icyphy/ptII/ptolemy/domains/continuous/test/auto/Noise.xml (RunModel)" time="0.18" />
  <testcase classname="ptolemy.util.test.junit.AutoTests" name="[103] /home/travis/build/icyphy/ptII/ptolemy/domains/continuous/test/auto/NoiseSpectrum.xml (RunModel)" time="0.79" />
  <testcase classname="ptolemy.util.test.junit.AutoTests" name="[104] /home/travis/build/icyphy/ptII/ptolemy/domains/continuous/test/auto/ParameterizedNewtonsCradleAnimated.xml (RunModel)" time="0.344" />
  <testcase classname="ptolemy.util.test.junit.AutoTests" name="[105] /home/travis/build/icyphy/ptII/ptolemy/domains/continuous/test/auto/ParameterizedNewtonsCradleAnimatedNondeterministic.xml (RunModel)" time="1.109" />
  <testcase classname="ptolemy.util.test.junit.AutoTests" name="[106] /home/travis/build/icyphy/ptII/ptolemy/domains/continuous/test/auto/Pendulum3D.xml (RunModel)" time="0.202" />
  <testcase classname="ptolemy.util.test.junit.AutoTests" name="[107] /home/travis/build/icyphy/ptII/ptolemy/domains/continuous/test/auto/PeriodicSampler.xml (RunModel)" time="0.015" />
  <testcase classname="ptolemy.util.test.junit.AutoTests" name="[108] /home/travis/build/icyphy/ptII/ptolemy/domains/continuous/test/auto/PeriodicSampler1.xml (RunModel)" time="0.036" />
  <testcase classname="ptolemy.util.test.junit.AutoTests" name="[109] /home/travis/build/icyphy/ptII/ptolemy/domains/continuous/test/auto/PeriodicSampler2.xml (RunModel)" time="0.097" />
  <testcase classname="ptolemy.util.test.junit.AutoTests" name="[110] /home/travis/build/icyphy/ptII/ptolemy/domains/continuous/test/auto/Poisson.xml (RunModel)" time="0.483" />
  <testcase classname="ptolemy.util.test.junit.AutoTests" name="[111] /home/travis/build/icyphy/ptII/ptolemy/domains/continuous/test/auto/PoissonClock.xml (RunModel)" time="0.013" />
  <testcase classname="ptolemy.util.test.junit.AutoTests" name="[112] /home/travis/build/icyphy/ptII/ptolemy/domains/continuous/test/auto/PoissonClock2.xml (RunModel)" time="0.012" />
  <testcase classname="ptolemy.util.test.junit.AutoTests" name="[113] /home/travis/build/icyphy/ptII/ptolemy/domains/continuous/test/auto/PortParameterHierarchy.xml (RunModel)" time="0.021" />
  <testcase classname="ptolemy.util.test.junit.AutoTests" name="[114] /home/travis/build/icyphy/ptII/ptolemy/domains/continuous/test/auto/RandomHybridPlant.xml (RunModel)" time="0.594" />
  <testcase classname="ptolemy.util.test.junit.AutoTests" name="[115] /home/travis/build/icyphy/ptII/ptolemy/domains/continuous/test/auto/ResetTransitionWithStartTime1.xml (RunModel)" time="0.024" />
  <testcase classname="ptolemy.util.test.junit.AutoTests" name="[116] /home/travis/build/icyphy/ptII/ptolemy/domains/continuous/test/auto/ResetTransitionWithStartTime2.xml (RunModel)" time="0.031" />
  <testcase classname="ptolemy.util.test.junit.AutoTests" name="[117] /home/travis/build/icyphy/ptII/ptolemy/domains/continuous/test/auto/ResetTransitionWithStartTime3.xml (RunModel)" time="0.034" />
  <testcase classname="ptolemy.util.test.junit.AutoTests" name="[118] /home/travis/build/icyphy/ptII/ptolemy/domains/continuous/test/auto/ResetTransitionWithStartTime4.xml (RunModel)" time="0.023" />
  <testcase classname="ptolemy.util.test.junit.AutoTests" name="[119] /home/travis/build/icyphy/ptII/ptolemy/domains/continuous/test/auto/ResetTransitionWithStartTime5.xml (RunModel)" time="0.032" />
  <testcase classname="ptolemy.util.test.junit.AutoTests" name="[120] /home/travis/build/icyphy/ptII/ptolemy/domains/continuous/test/auto/ResetTransitionWithStartTime6.xml (RunModel)" time="0.021" />
  <testcase classname="ptolemy.util.test.junit.AutoTests" name="[121] /home/travis/build/icyphy/ptII/ptolemy/domains/continuous/test/auto/SRinContinuous.xml (RunModel)" time="0.02" />
  <testcase classname="ptolemy.util.test.junit.AutoTests" name="[122] /home/travis/build/icyphy/ptII/ptolemy/domains/continuous/test/auto/SampledClocks.xml (RunModel)" time="0.029" />
  <testcase classname="ptolemy.util.test.junit.AutoTests" name="[123] /home/travis/build/icyphy/ptII/ptolemy/domains/continuous/test/auto/Satellite.xml (RunModel)" time="0.848" />
  <testcase classname="ptolemy.util.test.junit.AutoTests" name="[124] /home/travis/build/icyphy/ptII/ptolemy/domains/continuous/test/auto/SigmaDelta.xml (RunModel)" time="2.176" />
  <testcase classname="ptolemy.util.test.junit.AutoTests" name="[125] /home/travis/build/icyphy/ptII/ptolemy/domains/continuous/test/auto/SingleRefinement.xml (RunModel)" time="0.435" />
  <testcase classname="ptolemy.util.test.junit.AutoTests" name="[126] /home/travis/build/icyphy/ptII/ptolemy/domains/continuous/test/auto/SinuBouncingBall.xml (RunModel)" time="0.985" />
  <testcase classname="ptolemy.util.test.junit.AutoTests" name="[127] /home/travis/build/icyphy/ptII/ptolemy/domains/continuous/test/auto/Sinusoid.xml (RunModel)" time="0.012" />
  <testcase classname="ptolemy.util.test.junit.AutoTests" name="[128] /home/travis/build/icyphy/ptII/ptolemy/domains/continuous/test/auto/SinusoidInNoise.xml (RunModel)" time="1.045" />
  <testcase classname="ptolemy.util.test.junit.AutoTests" name="[129] /home/travis/build/icyphy/ptII/ptolemy/domains/continuous/test/auto/SinusoidRK45.xml (RunModel)" time="0.009" />
  <testcase classname="ptolemy.util.test.junit.AutoTests" name="[130] /home/travis/build/icyphy/ptII/ptolemy/domains/continuous/test/auto/SinusoidWithMultipleImpulses.xml (RunModel)" time="0.009" />
  <testcase classname="ptolemy.util.test.junit.AutoTests" name="[131] /home/travis/build/icyphy/ptII/ptolemy/domains/continuous/test/auto/SquareWave.xml (RunModel)" time="0.147" />
  <testcase classname="ptolemy.util.test.junit.AutoTests" name="[132] /home/travis/build/icyphy/ptII/ptolemy/domains/continuous/test/auto/Starmac.xml (RunModel)" time="3.477" />
  <testcase classname="ptolemy.util.test.junit.AutoTests" name="[133] /home/travis/build/icyphy/ptII/ptolemy/domains/continuous/test/auto/StaticUnits.xml (RunModel)" time="2.138" />
  <testcase classname="ptolemy.util.test.junit.AutoTests" name="[134] /home/travis/build/icyphy/ptII/ptolemy/domains/continuous/test/auto/StickyMasses.xml (RunModel)" time="0.183" />
  <testcase classname="ptolemy.util.test.junit.AutoTests" name="[135] /home/travis/build/icyphy/ptII/ptolemy/domains/continuous/test/auto/StopTime.xml (RunModel)" time="0.059" />
  <testcase classname="ptolemy.util.test.junit.AutoTests" name="[136] /home/travis/build/icyphy/ptII/ptolemy/domains/continuous/test/auto/StopTime2.xml (RunModel)" time="0.056" />
  <testcase classname="ptolemy.util.test.junit.AutoTests" name="[137] /home/travis/build/icyphy/ptII/ptolemy/domains/continuous/test/auto/Switch.xml (RunModel)" time="0.072" />
  <testcase classname="ptolemy.util.test.junit.AutoTests" name="[138] /home/travis/build/icyphy/ptII/ptolemy/domains/continuous/test/auto/Thermostat.xml (RunModel)" time="0.197" />
  <testcase classname="ptolemy.util.test.junit.AutoTests" name="[139] /home/travis/build/icyphy/ptII/ptolemy/domains/continuous/test/auto/TimeDelay.xml (RunModel)" time="0.015" />
  <testcase classname="ptolemy.util.test.junit.AutoTests" name="[140] /home/travis/build/icyphy/ptII/ptolemy/domains/continuous/test/auto/TimeDelay2.xml (RunModel)" time="0.023" />
  <testcase classname="ptolemy.util.test.junit.AutoTests" name="[141] /home/travis/build/icyphy/ptII/ptolemy/domains/continuous/test/auto/TimeDelay3.xml (RunModel)" time="0.009" />
  <testcase classname="ptolemy.util.test.junit.AutoTests" name="[142] /home/travis/build/icyphy/ptII/ptolemy/domains/continuous/test/auto/TransferAbsentToInside.xml (RunModel)" time="0.107" />
  <testcase classname="ptolemy.util.test.junit.AutoTests" name="[143] /home/travis/build/icyphy/ptII/ptolemy/domains/continuous/test/auto/Transmission.xml (RunModel)" time="0.803" />
  <testcase classname="ptolemy.util.test.junit.AutoTests" name="[144] /home/travis/build/icyphy/ptII/ptolemy/domains/continuous/test/auto/TriggeredContinuousClock.xml (RunModel)" time="0.059" />
  <testcase classname="ptolemy.util.test.junit.AutoTests" name="[145] /home/travis/build/icyphy/ptII/ptolemy/domains/continuous/test/auto/TwoMachineInfiniteBusControl.xml (RunModel)" time="2.404" />
  <testcase classname="ptolemy.util.test.junit.AutoTests" name="[146] /home/travis/build/icyphy/ptII/ptolemy/domains/continuous/test/auto/V2V.xml (RunModel)" time="0.801" />
  <testcase classname="ptolemy.util.test.junit.AutoTests" name="[147] /home/travis/build/icyphy/ptII/ptolemy/domains/continuous/test/auto/hierarchicalModalModel.xml (RunModel)" time="0.03" />
  <testcase classname="ptolemy.util.test.junit.AutoTests" name="[148] /home/travis/build/icyphy/ptII/ptolemy/domains/continuous/test/auto/hierarchicalModalModel1.xml (RunModel)" time="0.028" />
  <testcase classname="ptolemy.util.test.junit.AutoTests" name="[149] /home/travis/build/icyphy/ptII/ptolemy/domains/continuous/test/auto/hierarchicalModalModel2.xml (RunModel)" time="0.031" />
  <testcase classname="ptolemy.util.test.junit.AutoTests" name="[150] /home/travis/build/icyphy/ptII/ptolemy/domains/continuous/test/auto/hierarchicalModalModel3.xml (RunModel)" time="0.019" />
  <testcase classname="ptolemy.util.test.junit.AutoTests" name="[151] /home/travis/build/icyphy/ptII/ptolemy/domains/continuous/test/auto/hierarchicalModalModel4.xml (RunModel)" time="0.021" />
  <testcase classname="ptolemy.util.test.junit.AutoTests" name="[152] /home/travis/build/icyphy/ptII/ptolemy/domains/continuous/test/auto/junk.xml (RunModel)" time="0.155" />
  <system-out><![CDATA[No tcl tests in /home/travis/build/icyphy/ptII/ptolemy/domains/continuous/test
No auto/knownFailedTests/*.xml tests in /home/travis/build/icyphy/ptII/ptolemy/domains/continuous/test
No auto/linux-amd64/*.xml tests in /home/travis/build/icyphy/ptII/ptolemy/domains/continuous/test
AutoTests.java: About to close Vertx.
AutoTests.java: Vertx closed.

===========================================================================================
----------------- testing Sun Jan 12 06:38:54 UTC 2020 /home/travis/build/icyphy/ptII/ptolemy/domains/continuous/test/auto/BouncingBall.xml
----------------- Instantiating /home/travis/build/icyphy/ptII/ptolemy/domains/continuous/test/auto/BouncingBall.xml
2235 ms. Memory: 155648K Free: 118040K (76%)
----------------- Invoking toplevel() on ptolemy.moml.MoMLSimpleApplication@514d276a
----------------- Done invoking toplevel() on ptolemy.moml.MoMLSimpleApplication@514d276a
reloadAllAccessors: .BouncingBall

===========================================================================================
----------------- testing Sun Jan 12 06:38:57 UTC 2020 /home/travis/build/icyphy/ptII/ptolemy/domains/continuous/test/auto/BouncingBallWithoutGR.xml
----------------- Instantiating /home/travis/build/icyphy/ptII/ptolemy/domains/continuous/test/auto/BouncingBallWithoutGR.xml
782 ms. Memory: 187392K Free: 168957K (90%)
----------------- Invoking toplevel() on ptolemy.moml.MoMLSimpleApplication@39f90d8b
----------------- Done invoking toplevel() on ptolemy.moml.MoMLSimpleApplication@39f90d8b
reloadAllAccessors: .BouncingBallWithoutGR

===========================================================================================
----------------- testing Sun Jan 12 06:38:58 UTC 2020 /home/travis/build/icyphy/ptII/ptolemy/domains/continuous/test/auto/Brownian.xml
----------------- Instantiating /home/travis/build/icyphy/ptII/ptolemy/domains/continuous/test/auto/Brownian.xml
24 ms. Memory: 187392K Free: 159741K (85%)
----------------- Invoking toplevel() on ptolemy.moml.MoMLSimpleApplication@17b5cdf0
----------------- Done invoking toplevel() on ptolemy.moml.MoMLSimpleApplication@17b5cdf0
reloadAllAccessors: .Brownian

===========================================================================================
----------------- testing Sun Jan 12 06:38:58 UTC 2020 /home/travis/build/icyphy/ptII/ptolemy/domains/continuous/test/auto/CarTracking.xml
----------------- Instantiating /home/travis/build/icyphy/ptII/ptolemy/domains/continuous/test/auto/CarTracking.xml
3575 ms. Memory: 225280K Free: 193295K (86%)
----------------- Invoking toplevel() on ptolemy.moml.MoMLSimpleApplication@5e25936
----------------- Done invoking toplevel() on ptolemy.moml.MoMLSimpleApplication@5e25936
reloadAllAccessors: .CarTracking

===========================================================================================
----------------- testing Sun Jan 12 06:39:02 UTC 2020 /home/travis/build/icyphy/ptII/ptolemy/domains/continuous/test/auto/CartPendulum.xml
----------------- Instantiating /home/travis/build/icyphy/ptII/ptolemy/domains/continuous/test/auto/CartPendulum.xml
357 ms. Memory: 225280K Free: 101135K (45%)
----------------- Invoking toplevel() on ptolemy.moml.MoMLSimpleApplication@5d6cf28c
----------------- Done invoking toplevel() on ptolemy.moml.MoMLSimpleApplication@5d6cf28c
reloadAllAccessors: .CartPendulum

===========================================================================================
----------------- testing Sun Jan 12 06:39:03 UTC 2020 /home/travis/build/icyphy/ptII/ptolemy/domains/continuous/test/auto/CausalityInterface10.xml
----------------- Instantiating /home/travis/build/icyphy/ptII/ptolemy/domains/continuous/test/auto/CausalityInterface10.xml
11 ms. Memory: 225280K Free: 90895K (40%)
----------------- Invoking toplevel() on ptolemy.moml.MoMLSimpleApplication@662b386e
----------------- Done invoking toplevel() on ptolemy.moml.MoMLSimpleApplication@662b386e
reloadAllAccessors: .CausalityInterface10

===========================================================================================
----------------- testing Sun Jan 12 06:39:03 UTC 2020 /home/travis/build/icyphy/ptII/ptolemy/domains/continuous/test/auto/CausalityInterface11.xml
----------------- Instantiating /home/travis/build/icyphy/ptII/ptolemy/domains/continuous/test/auto/CausalityInterface11.xml
6 ms. Memory: 225280K Free: 84751K (38%)
----------------- Invoking toplevel() on ptolemy.moml.MoMLSimpleApplication@80204de
----------------- Done invoking toplevel() on ptolemy.moml.MoMLSimpleApplication@80204de
reloadAllAccessors: .CausalityInterface11

===========================================================================================
----------------- testing Sun Jan 12 06:39:03 UTC 2020 /home/travis/build/icyphy/ptII/ptolemy/domains/continuous/test/auto/CausalityInterface12.xml
----------------- Instantiating /home/travis/build/icyphy/ptII/ptolemy/domains/continuous/test/auto/CausalityInterface12.xml
9 ms. Memory: 225280K Free: 78607K (35%)
----------------- Invoking toplevel() on ptolemy.moml.MoMLSimpleApplication@4bec941b
----------------- Done invoking toplevel() on ptolemy.moml.MoMLSimpleApplication@4bec941b
reloadAllAccessors: .CausalityInterface12

===========================================================================================
----------------- testing Sun Jan 12 06:39:03 UTC 2020 /home/travis/build/icyphy/ptII/ptolemy/domains/continuous/test/auto/CausalityInterface13.xml
----------------- Instantiating /home/travis/build/icyphy/ptII/ptolemy/domains/continuous/test/auto/CausalityInterface13.xml
6 ms. Memory: 270336K Free: 250258K (93%)
----------------- Invoking toplevel() on ptolemy.moml.MoMLSimpleApplication@68957851
----------------- Done invoking toplevel() on ptolemy.moml.MoMLSimpleApplication@68957851
reloadAllAccessors: .CausalityInterface13

===========================================================================================
----------------- testing Sun Jan 12 06:39:03 UTC 2020 /home/travis/build/icyphy/ptII/ptolemy/domains/continuous/test/auto/CausalityInterface14.xml
----------------- Instantiating /home/travis/build/icyphy/ptII/ptolemy/domains/continuous/test/auto/CausalityInterface14.xml
3 ms. Memory: 270336K Free: 244610K (90%)
----------------- Invoking toplevel() on ptolemy.moml.MoMLSimpleApplication@48b0bb82
----------------- Done invoking toplevel() on ptolemy.moml.MoMLSimpleApplication@48b0bb82
reloadAllAccessors: .CausalityInterface14

===========================================================================================
----------------- testing Sun Jan 12 06:39:03 UTC 2020 /home/travis/build/icyphy/ptII/ptolemy/domains/continuous/test/auto/CausalityInterface4.xml
----------------- Instantiating /home/travis/build/icyphy/ptII/ptolemy/domains/continuous/test/auto/CausalityInterface4.xml
4 ms. Memory: 270336K Free: 237970K (88%)
----------------- Invoking toplevel() on ptolemy.moml.MoMLSimpleApplication@34521769
----------------- Done invoking toplevel() on ptolemy.moml.MoMLSimpleApplication@34521769
reloadAllAccessors: .CausalityInterface4

===========================================================================================
----------------- testing Sun Jan 12 06:39:03 UTC 2020 /home/travis/build/icyphy/ptII/ptolemy/domains/continuous/test/auto/CausalityInterface5.xml
----------------- Instantiating /home/travis/build/icyphy/ptII/ptolemy/domains/continuous/test/auto/CausalityInterface5.xml
8 ms. Memory: 270336K Free: 229778K (85%)
----------------- Invoking toplevel() on ptolemy.moml.MoMLSimpleApplication@504d69b1
----------------- Done invoking toplevel() on ptolemy.moml.MoMLSimpleApplication@504d69b1
reloadAllAccessors: .CausalityInterface5

===========================================================================================
----------------- testing Sun Jan 12 06:39:03 UTC 2020 /home/travis/build/icyphy/ptII/ptolemy/domains/continuous/test/auto/CausalityInterface6.xml
----------------- Instantiating /home/travis/build/icyphy/ptII/ptolemy/domains/continuous/test/auto/CausalityInterface6.xml
6 ms. Memory: 270336K Free: 224130K (83%)
----------------- Invoking toplevel() on ptolemy.moml.MoMLSimpleApplication@484c7282
----------------- Done invoking toplevel() on ptolemy.moml.MoMLSimpleApplication@484c7282
reloadAllAccessors: .CausalityInterface6

===========================================================================================
----------------- testing Sun Jan 12 06:39:03 UTC 2020 /home/travis/build/icyphy/ptII/ptolemy/domains/continuous/test/auto/CausalityInterface7.xml
----------------- Instantiating /home/travis/build/icyphy/ptII/ptolemy/domains/continuous/test/auto/CausalityInterface7.xml
10 ms. Memory: 270336K Free: 215442K (80%)
----------------- Invoking toplevel() on ptolemy.moml.MoMLSimpleApplication@3d11b398
----------------- Done invoking toplevel() on ptolemy.moml.MoMLSimpleApplication@3d11b398
reloadAllAccessors: .CausalityInterface7

===========================================================================================
----------------- testing Sun Jan 12 06:39:03 UTC 2020 /home/travis/build/icyphy/ptII/ptolemy/domains/continuous/test/auto/CausalityInterface8.xml
----------------- Instantiating /home/travis/build/icyphy/ptII/ptolemy/domains/continuous/test/auto/CausalityInterface8.xml
5 ms. Memory: 270336K Free: 206226K (76%)
----------------- Invoking toplevel() on ptolemy.moml.MoMLSimpleApplication@f62f8f3
----------------- Done invoking toplevel() on ptolemy.moml.MoMLSimpleApplication@f62f8f3
reloadAllAccessors: .CausalityInterface8

===========================================================================================
----------------- testing Sun Jan 12 06:39:03 UTC 2020 /home/travis/build/icyphy/ptII/ptolemy/domains/continuous/test/auto/CausalityInterface9.xml
----------------- Instantiating /home/travis/build/icyphy/ptII/ptolemy/domains/continuous/test/auto/CausalityInterface9.xml
9 ms. Memory: 270336K Free: 195472K (72%)
----------------- Invoking toplevel() on ptolemy.moml.MoMLSimpleApplication@3ec8c1d
----------------- Done invoking toplevel() on ptolemy.moml.MoMLSimpleApplication@3ec8c1d
reloadAllAccessors: .CausalityInterface9

===========================================================================================
----------------- testing Sun Jan 12 06:39:03 UTC 2020 /home/travis/build/icyphy/ptII/ptolemy/domains/continuous/test/auto/CausalityInterfaceFeedback1.xml
----------------- Instantiating /home/travis/build/icyphy/ptII/ptolemy/domains/continuous/test/auto/CausalityInterfaceFeedback1.xml
3 ms. Memory: 270336K Free: 188818K (70%)
----------------- Invoking toplevel() on ptolemy.moml.MoMLSimpleApplication@4649f162
----------------- Done invoking toplevel() on ptolemy.moml.MoMLSimpleApplication@4649f162
reloadAllAccessors: .CausalityInterfaceFeedback1

===========================================================================================
----------------- testing Sun Jan 12 06:39:03 UTC 2020 /home/travis/build/icyphy/ptII/ptolemy/domains/continuous/test/auto/CausalityInterfaceFeedback2.xml
----------------- Instantiating /home/travis/build/icyphy/ptII/ptolemy/domains/continuous/test/auto/CausalityInterfaceFeedback2.xml
6 ms. Memory: 270336K Free: 182674K (68%)
----------------- Invoking toplevel() on ptolemy.moml.MoMLSimpleApplication@119d5a90
----------------- Done invoking toplevel() on ptolemy.moml.MoMLSimpleApplication@119d5a90
reloadAllAccessors: .CausalityInterfaceFeedback2

===========================================================================================
----------------- testing Sun Jan 12 06:39:03 UTC 2020 /home/travis/build/icyphy/ptII/ptolemy/domains/continuous/test/auto/CompareWithCurrentTime.xml
----------------- Instantiating /home/travis/build/icyphy/ptII/ptolemy/domains/continuous/test/auto/CompareWithCurrentTime.xml
2 ms. Memory: 270336K Free: 178578K (66%)
----------------- Invoking toplevel() on ptolemy.moml.MoMLSimpleApplication@74f0bb7d
----------------- Done invoking toplevel() on ptolemy.moml.MoMLSimpleApplication@74f0bb7d
reloadAllAccessors: .CompareWithCurrentTime

===========================================================================================
----------------- testing Sun Jan 12 06:39:03 UTC 2020 /home/travis/build/icyphy/ptII/ptolemy/domains/continuous/test/auto/ComparedClocks.xml
----------------- Instantiating /home/travis/build/icyphy/ptII/ptolemy/domains/continuous/test/auto/ComparedClocks.xml
9 ms. Memory: 270336K Free: 163714K (61%)
----------------- Invoking toplevel() on ptolemy.moml.MoMLSimpleApplication@574c81d1
----------------- Done invoking toplevel() on ptolemy.moml.MoMLSimpleApplication@574c81d1
reloadAllAccessors: .ComparedClocks

===========================================================================================
----------------- testing Sun Jan 12 06:39:03 UTC 2020 /home/travis/build/icyphy/ptII/ptolemy/domains/continuous/test/auto/ContinuousAOCClone.xml
----------------- Instantiating /home/travis/build/icyphy/ptII/ptolemy/domains/continuous/test/auto/ContinuousAOCClone.xml
2225 ms. Memory: 270336K Free: 103164K (38%)
----------------- Invoking toplevel() on ptolemy.moml.MoMLSimpleApplication@2453970d
----------------- Done invoking toplevel() on ptolemy.moml.MoMLSimpleApplication@2453970d
reloadAllAccessors: .ContinuousAOCClone

===========================================================================================
----------------- testing Sun Jan 12 06:39:06 UTC 2020 /home/travis/build/icyphy/ptII/ptolemy/domains/continuous/test/auto/ContinuousClock.xml
----------------- Instantiating /home/travis/build/icyphy/ptII/ptolemy/domains/continuous/test/auto/ContinuousClock.xml
26 ms. Memory: 270336K Free: 242406K (90%)
----------------- Invoking toplevel() on ptolemy.moml.MoMLSimpleApplication@39537e8d
----------------- Done invoking toplevel() on ptolemy.moml.MoMLSimpleApplication@39537e8d
reloadAllAccessors: .ContinuousClock

===========================================================================================
----------------- testing Sun Jan 12 06:39:06 UTC 2020 /home/travis/build/icyphy/ptII/ptolemy/domains/continuous/test/auto/ContinuousInContinuous.xml
----------------- Instantiating /home/travis/build/icyphy/ptII/ptolemy/domains/continuous/test/auto/ContinuousInContinuous.xml
46 ms. Memory: 270336K Free: 218868K (81%)
----------------- Invoking toplevel() on ptolemy.moml.MoMLSimpleApplication@40c7bb47
----------------- Done invoking toplevel() on ptolemy.moml.MoMLSimpleApplication@40c7bb47
reloadAllAccessors: .ContinuousInContinuous

===========================================================================================
----------------- testing Sun Jan 12 06:39:06 UTC 2020 /home/travis/build/icyphy/ptII/ptolemy/domains/continuous/test/auto/ContinuousInContinuousInContinuous.xml
----------------- Instantiating /home/travis/build/icyphy/ptII/ptolemy/domains/continuous/test/auto/ContinuousInContinuousInContinuous.xml
5 ms. Memory: 270336K Free: 210676K (78%)
----------------- Invoking toplevel() on ptolemy.moml.MoMLSimpleApplication@74ae6ba0
----------------- Done invoking toplevel() on ptolemy.moml.MoMLSimpleApplication@74ae6ba0
reloadAllAccessors: .ContinuousInContinuousInContinuous

===========================================================================================
----------------- testing Sun Jan 12 06:39:06 UTC 2020 /home/travis/build/icyphy/ptII/ptolemy/domains/continuous/test/auto/ContinuousInDE.xml
----------------- Instantiating /home/travis/build/icyphy/ptII/ptolemy/domains/continuous/test/auto/ContinuousInDE.xml
67 ms. Memory: 270336K Free: 199926K (74%)
----------------- Invoking toplevel() on ptolemy.moml.MoMLSimpleApplication@41c6f295
----------------- Done invoking toplevel() on ptolemy.moml.MoMLSimpleApplication@41c6f295
reloadAllAccessors: .ContinuousInDE

===========================================================================================
----------------- testing Sun Jan 12 06:39:06 UTC 2020 /home/travis/build/icyphy/ptII/ptolemy/domains/continuous/test/auto/ContinuousInDE2.xml
----------------- Instantiating /home/travis/build/icyphy/ptII/ptolemy/domains/continuous/test/auto/ContinuousInDE2.xml
37 ms. Memory: 270336K Free: 190196K (70%)
----------------- Invoking toplevel() on ptolemy.moml.MoMLSimpleApplication@71562035
----------------- Done invoking toplevel() on ptolemy.moml.MoMLSimpleApplication@71562035
reloadAllAccessors: .ContinuousInDE2

===========================================================================================
----------------- testing Sun Jan 12 06:39:06 UTC 2020 /home/travis/build/icyphy/ptII/ptolemy/domains/continuous/test/auto/ContinuousInDE3.xml
----------------- Instantiating /home/travis/build/icyphy/ptII/ptolemy/domains/continuous/test/auto/ContinuousInDE3.xml
38 ms. Memory: 270336K Free: 180470K (67%)
----------------- Invoking toplevel() on ptolemy.moml.MoMLSimpleApplication@47b05a24
----------------- Done invoking toplevel() on ptolemy.moml.MoMLSimpleApplication@47b05a24
reloadAllAccessors: .ContinuousInDE3

===========================================================================================
----------------- testing Sun Jan 12 06:39:06 UTC 2020 /home/travis/build/icyphy/ptII/ptolemy/domains/continuous/test/auto/ContinuousInDE4.xml
----------------- Instantiating /home/travis/build/icyphy/ptII/ptolemy/domains/continuous/test/auto/ContinuousInDE4.xml
11 ms. Memory: 270336K Free: 173812K (64%)
----------------- Invoking toplevel() on ptolemy.moml.MoMLSimpleApplication@781c8a6
----------------- Done invoking toplevel() on ptolemy.moml.MoMLSimpleApplication@781c8a6
reloadAllAccessors: .ContinuousInDE4

===========================================================================================
----------------- testing Sun Jan 12 06:39:06 UTC 2020 /home/travis/build/icyphy/ptII/ptolemy/domains/continuous/test/auto/ContinuousInDEDifferentRefinements.xml
----------------- Instantiating /home/travis/build/icyphy/ptII/ptolemy/domains/continuous/test/auto/ContinuousInDEDifferentRefinements.xml
41 ms. Memory: 270336K Free: 143078K (53%)
----------------- Invoking toplevel() on ptolemy.moml.MoMLSimpleApplication@18bf880e
----------------- Done invoking toplevel() on ptolemy.moml.MoMLSimpleApplication@18bf880e
reloadAllAccessors: .ContinuousInDEDifferentRefinements

===========================================================================================
----------------- testing Sun Jan 12 06:39:06 UTC 2020 /home/travis/build/icyphy/ptII/ptolemy/domains/continuous/test/auto/ContinuousInDEDifferentRefinementsPreemptive.xml
----------------- Instantiating /home/travis/build/icyphy/ptII/ptolemy/domains/continuous/test/auto/ContinuousInDEDifferentRefinementsPreemptive.xml
36 ms. Memory: 270336K Free: 112886K (42%)
----------------- Invoking toplevel() on ptolemy.moml.MoMLSimpleApplication@5895c5bf
----------------- Done invoking toplevel() on ptolemy.moml.MoMLSimpleApplication@5895c5bf
reloadAllAccessors: .ContinuousInDEDifferentRefinementsPreemptive

===========================================================================================
----------------- testing Sun Jan 12 06:39:06 UTC 2020 /home/travis/build/icyphy/ptII/ptolemy/domains/continuous/test/auto/ContinuousInDEInContinuous2.xml
----------------- Instantiating /home/travis/build/icyphy/ptII/ptolemy/domains/continuous/test/auto/ContinuousInDEInContinuous2.xml
29 ms. Memory: 270336K Free: 101622K (38%)
----------------- Invoking toplevel() on ptolemy.moml.MoMLSimpleApplication@434ff65e
----------------- Done invoking toplevel() on ptolemy.moml.MoMLSimpleApplication@434ff65e
reloadAllAccessors: .ContinuousInDEInContinuous2

===========================================================================================
----------------- testing Sun Jan 12 06:39:06 UTC 2020 /home/travis/build/icyphy/ptII/ptolemy/domains/continuous/test/auto/ContinuousInDEInContinuous3.xml
----------------- Instantiating /home/travis/build/icyphy/ptII/ptolemy/domains/continuous/test/auto/ContinuousInDEInContinuous3.xml
30 ms. Memory: 270336K Free: 250130K (93%)
----------------- Invoking toplevel() on ptolemy.moml.MoMLSimpleApplication@1a9cd1d2
----------------- Done invoking toplevel() on ptolemy.moml.MoMLSimpleApplication@1a9cd1d2
reloadAllAccessors: .ContinuousInDEInContinuous3

===========================================================================================
----------------- testing Sun Jan 12 06:39:06 UTC 2020 /home/travis/build/icyphy/ptII/ptolemy/domains/continuous/test/auto/ContinuousInDEInput.xml
----------------- Instantiating /home/travis/build/icyphy/ptII/ptolemy/domains/continuous/test/auto/ContinuousInDEInput.xml
14 ms. Memory: 270336K Free: 242962K (90%)
----------------- Invoking toplevel() on ptolemy.moml.MoMLSimpleApplication@3b090371
----------------- Done invoking toplevel() on ptolemy.moml.MoMLSimpleApplication@3b090371
reloadAllAccessors: .ContinuousInDEInput

===========================================================================================
----------------- testing Sun Jan 12 06:39:06 UTC 2020 /home/travis/build/icyphy/ptII/ptolemy/domains/continuous/test/auto/ContinuousInDEInput2.xml
----------------- Instantiating /home/travis/build/icyphy/ptII/ptolemy/domains/continuous/test/auto/ContinuousInDEInput2.xml
12 ms. Memory: 270336K Free: 235794K (87%)
----------------- Invoking toplevel() on ptolemy.moml.MoMLSimpleApplication@16eb9881
----------------- Done invoking toplevel() on ptolemy.moml.MoMLSimpleApplication@16eb9881
reloadAllAccessors: .ContinuousInDEInput2

===========================================================================================
----------------- testing Sun Jan 12 06:39:06 UTC 2020 /home/travis/build/icyphy/ptII/ptolemy/domains/continuous/test/auto/ContinuousInDEInput3.xml
----------------- Instantiating /home/travis/build/icyphy/ptII/ptolemy/domains/continuous/test/auto/ContinuousInDEInput3.xml
13 ms. Memory: 270336K Free: 228626K (85%)
----------------- Invoking toplevel() on ptolemy.moml.MoMLSimpleApplication@4f117d98
----------------- Done invoking toplevel() on ptolemy.moml.MoMLSimpleApplication@4f117d98
reloadAllAccessors: .ContinuousInDEInput3

===========================================================================================
----------------- testing Sun Jan 12 06:39:06 UTC 2020 /home/travis/build/icyphy/ptII/ptolemy/domains/continuous/test/auto/ContinuousInDESharingRefinement.xml
----------------- Instantiating /home/travis/build/icyphy/ptII/ptolemy/domains/continuous/test/auto/ContinuousInDESharingRefinement.xml
147 ms. Memory: 270336K Free: 134928K (50%)
----------------- Invoking toplevel() on ptolemy.moml.MoMLSimpleApplication@7977702b
----------------- Done invoking toplevel() on ptolemy.moml.MoMLSimpleApplication@7977702b
reloadAllAccessors: .ContinuousInDESharingRefinement

===========================================================================================
----------------- testing Sun Jan 12 06:39:07 UTC 2020 /home/travis/build/icyphy/ptII/ptolemy/domains/continuous/test/auto/ContinuousInDEwithNoPorts.xml
----------------- Instantiating /home/travis/build/icyphy/ptII/ptolemy/domains/continuous/test/auto/ContinuousInDEwithNoPorts.xml
2 ms. Memory: 270336K Free: 130818K (48%)
----------------- Invoking toplevel() on ptolemy.moml.MoMLSimpleApplication@17208ed6
----------------- Done invoking toplevel() on ptolemy.moml.MoMLSimpleApplication@17208ed6
reloadAllAccessors: .ContinuousInDEwithNoPorts

===========================================================================================
----------------- testing Sun Jan 12 06:39:07 UTC 2020 /home/travis/build/icyphy/ptII/ptolemy/domains/continuous/test/auto/ContinuousInsideDE.xml
----------------- Instantiating /home/travis/build/icyphy/ptII/ptolemy/domains/continuous/test/auto/ContinuousInsideDE.xml
33 ms. Memory: 270336K Free: 119568K (44%)
----------------- Invoking toplevel() on ptolemy.moml.MoMLSimpleApplication@3b31dd4b
----------------- Done invoking toplevel() on ptolemy.moml.MoMLSimpleApplication@3b31dd4b
reloadAllAccessors: .ContinuousInsideDE

===========================================================================================
----------------- testing Sun Jan 12 06:39:07 UTC 2020 /home/travis/build/icyphy/ptII/ptolemy/domains/continuous/test/auto/ContinuousMerge1.xml
----------------- Instantiating /home/travis/build/icyphy/ptII/ptolemy/domains/continuous/test/auto/ContinuousMerge1.xml
3 ms. Memory: 270336K Free: 115472K (43%)
----------------- Invoking toplevel() on ptolemy.moml.MoMLSimpleApplication@5ab5a3b5
----------------- Done invoking toplevel() on ptolemy.moml.MoMLSimpleApplication@5ab5a3b5
reloadAllAccessors: .ContinuousMerge1

===========================================================================================
----------------- testing Sun Jan 12 06:39:07 UTC 2020 /home/travis/build/icyphy/ptII/ptolemy/domains/continuous/test/auto/ContinuousMerge2.xml
----------------- Instantiating /home/travis/build/icyphy/ptII/ptolemy/domains/continuous/test/auto/ContinuousMerge2.xml
15 ms. Memory: 270336K Free: 105232K (39%)
----------------- Invoking toplevel() on ptolemy.moml.MoMLSimpleApplication@195465e1
----------------- Done invoking toplevel() on ptolemy.moml.MoMLSimpleApplication@195465e1
reloadAllAccessors: .ContinuousMerge2

===========================================================================================
----------------- testing Sun Jan 12 06:39:07 UTC 2020 /home/travis/build/icyphy/ptII/ptolemy/domains/continuous/test/auto/ContinuousMerge3.xml
----------------- Instantiating /home/travis/build/icyphy/ptII/ptolemy/domains/continuous/test/auto/ContinuousMerge3.xml
34 ms. Memory: 270336K Free: 94482K (35%)
----------------- Invoking toplevel() on ptolemy.moml.MoMLSimpleApplication@202a8fbd
----------------- Done invoking toplevel() on ptolemy.moml.MoMLSimpleApplication@202a8fbd
reloadAllAccessors: .ContinuousMerge3

===========================================================================================
----------------- testing Sun Jan 12 06:39:07 UTC 2020 /home/travis/build/icyphy/ptII/ptolemy/domains/continuous/test/auto/ContinuousWithinContinuous.xml
----------------- Instantiating /home/travis/build/icyphy/ptII/ptolemy/domains/continuous/test/auto/ContinuousWithinContinuous.xml
27 ms. Memory: 270336K Free: 245885K (91%)
----------------- Invoking toplevel() on ptolemy.moml.MoMLSimpleApplication@74a8ced4
----------------- Done invoking toplevel() on ptolemy.moml.MoMLSimpleApplication@74a8ced4
reloadAllAccessors: .ContinuousWithinContinuous

===========================================================================================
----------------- testing Sun Jan 12 06:39:07 UTC 2020 /home/travis/build/icyphy/ptII/ptolemy/domains/continuous/test/auto/ContinuousWithinContinuous2.xml
----------------- Instantiating /home/travis/build/icyphy/ptII/ptolemy/domains/continuous/test/auto/ContinuousWithinContinuous2.xml
53 ms. Memory: 270336K Free: 235131K (87%)
----------------- Invoking toplevel() on ptolemy.moml.MoMLSimpleApplication@262b7ec9
----------------- Done invoking toplevel() on ptolemy.moml.MoMLSimpleApplication@262b7ec9
reloadAllAccessors: .ContinuousWithinContinuous2

===========================================================================================
----------------- testing Sun Jan 12 06:39:07 UTC 2020 /home/travis/build/icyphy/ptII/ptolemy/domains/continuous/test/auto/ContinuousWithinContinuous3.xml
----------------- Instantiating /home/travis/build/icyphy/ptII/ptolemy/domains/continuous/test/auto/ContinuousWithinContinuous3.xml
10 ms. Memory: 270336K Free: 228477K (85%)
----------------- Invoking toplevel() on ptolemy.moml.MoMLSimpleApplication@4b8ff523
----------------- Done invoking toplevel() on ptolemy.moml.MoMLSimpleApplication@4b8ff523
reloadAllAccessors: .ContinuousWithinContinuous3

===========================================================================================
----------------- testing Sun Jan 12 06:39:07 UTC 2020 /home/travis/build/icyphy/ptII/ptolemy/domains/continuous/test/auto/ContinuousWithinContinuous4.xml
----------------- Instantiating /home/travis/build/icyphy/ptII/ptolemy/domains/continuous/test/auto/ContinuousWithinContinuous4.xml
53 ms. Memory: 270336K Free: 216189K (80%)
----------------- Invoking toplevel() on ptolemy.moml.MoMLSimpleApplication@7ffb8b22
----------------- Done invoking toplevel() on ptolemy.moml.MoMLSimpleApplication@7ffb8b22
reloadAllAccessors: .ContinuousWithinContinuous4

===========================================================================================
----------------- testing Sun Jan 12 06:39:07 UTC 2020 /home/travis/build/icyphy/ptII/ptolemy/domains/continuous/test/auto/ContinuousWithinContinuous5.xml
----------------- Instantiating /home/travis/build/icyphy/ptII/ptolemy/domains/continuous/test/auto/ContinuousWithinContinuous5.xml
12 ms. Memory: 270336K Free: 209021K (77%)
----------------- Invoking toplevel() on ptolemy.moml.MoMLSimpleApplication@6ffd310c
----------------- Done invoking toplevel() on ptolemy.moml.MoMLSimpleApplication@6ffd310c
reloadAllAccessors: .ContinuousWithinContinuous5

===========================================================================================
----------------- testing Sun Jan 12 06:39:07 UTC 2020 /home/travis/build/icyphy/ptII/ptolemy/domains/continuous/test/auto/ContinuousWithinContinuous6.xml
----------------- Instantiating /home/travis/build/icyphy/ptII/ptolemy/domains/continuous/test/auto/ContinuousWithinContinuous6.xml
10 ms. Memory: 270336K Free: 201853K (75%)
----------------- Invoking toplevel() on ptolemy.moml.MoMLSimpleApplication@525c174e
----------------- Done invoking toplevel() on ptolemy.moml.MoMLSimpleApplication@525c174e
reloadAllAccessors: .ContinuousWithinContinuous6

===========================================================================================
----------------- testing Sun Jan 12 06:39:07 UTC 2020 /home/travis/build/icyphy/ptII/ptolemy/domains/continuous/test/auto/ContinuousWithinContinuous7.xml
----------------- Instantiating /home/travis/build/icyphy/ptII/ptolemy/domains/continuous/test/auto/ContinuousWithinContinuous7.xml
45 ms. Memory: 270336K Free: 191099K (71%)
----------------- Invoking toplevel() on ptolemy.moml.MoMLSimpleApplication@4fa04ad9
----------------- Done invoking toplevel() on ptolemy.moml.MoMLSimpleApplication@4fa04ad9
reloadAllAccessors: .ContinuousWithinContinuous7

===========================================================================================
----------------- testing Sun Jan 12 06:39:07 UTC 2020 /home/travis/build/icyphy/ptII/ptolemy/domains/continuous/test/auto/DCMotor.xml
----------------- Instantiating /home/travis/build/icyphy/ptII/ptolemy/domains/continuous/test/auto/DCMotor.xml
13126 ms. Memory: 270336K Free: 151361K (56%)
----------------- Invoking toplevel() on ptolemy.moml.MoMLSimpleApplication@37eb74a4
----------------- Done invoking toplevel() on ptolemy.moml.MoMLSimpleApplication@37eb74a4
reloadAllAccessors: .DCMotor

===========================================================================================
----------------- testing Sun Jan 12 06:39:20 UTC 2020 /home/travis/build/icyphy/ptII/ptolemy/domains/continuous/test/auto/DEInContinuous.xml
----------------- Instantiating /home/travis/build/icyphy/ptII/ptolemy/domains/continuous/test/auto/DEInContinuous.xml
17 ms. Memory: 270336K Free: 145217K (54%)
----------------- Invoking toplevel() on ptolemy.moml.MoMLSimpleApplication@3a4f41aa
----------------- Done invoking toplevel() on ptolemy.moml.MoMLSimpleApplication@3a4f41aa
reloadAllAccessors: .DEInContinuous

===========================================================================================
----------------- testing Sun Jan 12 06:39:20 UTC 2020 /home/travis/build/icyphy/ptII/ptolemy/domains/continuous/test/auto/DEinContinuous2.xml
----------------- Instantiating /home/travis/build/icyphy/ptII/ptolemy/domains/continuous/test/auto/DEinContinuous2.xml
7 ms. Memory: 270336K Free: 137521K (51%)
----------------- Invoking toplevel() on ptolemy.moml.MoMLSimpleApplication@7d687a53
----------------- Done invoking toplevel() on ptolemy.moml.MoMLSimpleApplication@7d687a53
reloadAllAccessors: .DEinContinuous2

===========================================================================================
----------------- testing Sun Jan 12 06:39:20 UTC 2020 /home/travis/build/icyphy/ptII/ptolemy/domains/continuous/test/auto/Derivative.xml
----------------- Instantiating /home/travis/build/icyphy/ptII/ptolemy/domains/continuous/test/auto/Derivative.xml
176 ms. Memory: 270336K Free: 108353K (40%)
----------------- Invoking toplevel() on ptolemy.moml.MoMLSimpleApplication@6e9de5bf
----------------- Done invoking toplevel() on ptolemy.moml.MoMLSimpleApplication@6e9de5bf
reloadAllAccessors: .Derivative2

===========================================================================================
----------------- testing Sun Jan 12 06:39:21 UTC 2020 /home/travis/build/icyphy/ptII/ptolemy/domains/continuous/test/auto/Derivative1.xml
----------------- Instantiating /home/travis/build/icyphy/ptII/ptolemy/domains/continuous/test/auto/Derivative1.xml
26 ms. Memory: 270336K Free: 94017K (35%)
----------------- Invoking toplevel() on ptolemy.moml.MoMLSimpleApplication@16a510cb
----------------- Done invoking toplevel() on ptolemy.moml.MoMLSimpleApplication@16a510cb
reloadAllAccessors: .Derivative1

===========================================================================================
----------------- testing Sun Jan 12 06:39:21 UTC 2020 /home/travis/build/icyphy/ptII/ptolemy/domains/continuous/test/auto/DiscreteClock.xml
----------------- Instantiating /home/travis/build/icyphy/ptII/ptolemy/domains/continuous/test/auto/DiscreteClock.xml
3 ms. Memory: 270336K Free: 249383K (92%)
----------------- Invoking toplevel() on ptolemy.moml.MoMLSimpleApplication@11fa7e1e
----------------- Done invoking toplevel() on ptolemy.moml.MoMLSimpleApplication@11fa7e1e
reloadAllAccessors: .DiscreteClock

===========================================================================================
----------------- testing Sun Jan 12 06:39:21 UTC 2020 /home/travis/build/icyphy/ptII/ptolemy/domains/continuous/test/auto/EfficiencyCurve.xml
----------------- Instantiating /home/travis/build/icyphy/ptII/ptolemy/domains/continuous/test/auto/EfficiencyCurve.xml
65 ms. Memory: 270336K Free: 240167K (89%)
----------------- Invoking toplevel() on ptolemy.moml.MoMLSimpleApplication@2019a67c
----------------- Done invoking toplevel() on ptolemy.moml.MoMLSimpleApplication@2019a67c
reloadAllAccessors: .EfficiencyCurve

===========================================================================================
----------------- testing Sun Jan 12 06:39:21 UTC 2020 /home/travis/build/icyphy/ptII/ptolemy/domains/continuous/test/auto/ExponentialResponse.xml
----------------- Instantiating /home/travis/build/icyphy/ptII/ptolemy/domains/continuous/test/auto/ExponentialResponse.xml
111 ms. Memory: 270336K Free: 224293K (83%)
----------------- Invoking toplevel() on ptolemy.moml.MoMLSimpleApplication@47650133
----------------- Done invoking toplevel() on ptolemy.moml.MoMLSimpleApplication@47650133
reloadAllAccessors: .ExponentialResponse

===========================================================================================
----------------- testing Sun Jan 12 06:39:21 UTC 2020 /home/travis/build/icyphy/ptII/ptolemy/domains/continuous/test/auto/ExponentialResponseRK45.xml
----------------- Instantiating /home/travis/build/icyphy/ptII/ptolemy/domains/continuous/test/auto/ExponentialResponseRK45.xml
27 ms. Memory: 270336K Free: 217639K (81%)
----------------- Invoking toplevel() on ptolemy.moml.MoMLSimpleApplication@50a755ca
----------------- Done invoking toplevel() on ptolemy.moml.MoMLSimpleApplication@50a755ca
reloadAllAccessors: .ExponentialResponseRK45

===========================================================================================
----------------- testing Sun Jan 12 06:39:21 UTC 2020 /home/travis/build/icyphy/ptII/ptolemy/domains/continuous/test/auto/Friction.xml
----------------- Instantiating /home/travis/build/icyphy/ptII/ptolemy/domains/continuous/test/auto/Friction.xml
1657 ms. Memory: 270336K Free: 110607K (41%)
----------------- Invoking toplevel() on ptolemy.moml.MoMLSimpleApplication@2ad601cc
----------------- Done invoking toplevel() on ptolemy.moml.MoMLSimpleApplication@2ad601cc
reloadAllAccessors: .Friction

===========================================================================================
----------------- testing Sun Jan 12 06:39:23 UTC 2020 /home/travis/build/icyphy/ptII/ptolemy/domains/continuous/test/auto/FurutaPendulum.xml
----------------- Instantiating /home/travis/build/icyphy/ptII/ptolemy/domains/continuous/test/auto/FurutaPendulum.xml
3410 ms. Memory: 270336K Free: 227521K (84%)
----------------- Invoking toplevel() on ptolemy.moml.MoMLSimpleApplication@62821a3
----------------- Done invoking toplevel() on ptolemy.moml.MoMLSimpleApplication@62821a3
reloadAllAccessors: .FurutaPendulum

===========================================================================================
----------------- testing Sun Jan 12 06:39:26 UTC 2020 /home/travis/build/icyphy/ptII/ptolemy/domains/continuous/test/auto/HierarchicalExecution.xml
----------------- Instantiating /home/travis/build/icyphy/ptII/ptolemy/domains/continuous/test/auto/HierarchicalExecution.xml
2132 ms. Memory: 270336K Free: 246228K (91%)
----------------- Invoking toplevel() on ptolemy.moml.MoMLSimpleApplication@7ab114a8
----------------- Done invoking toplevel() on ptolemy.moml.MoMLSimpleApplication@7ab114a8
reloadAllAccessors: .HierarchicalExecution

===========================================================================================
----------------- testing Sun Jan 12 06:39:29 UTC 2020 /home/travis/build/icyphy/ptII/ptolemy/domains/continuous/test/auto/HybridPlant.xml
----------------- Instantiating /home/travis/build/icyphy/ptII/ptolemy/domains/continuous/test/auto/HybridPlant.xml
561 ms. Memory: 270336K Free: 142138K (53%)
----------------- Invoking toplevel() on ptolemy.moml.MoMLSimpleApplication@1a141a9c
----------------- Done invoking toplevel() on ptolemy.moml.MoMLSimpleApplication@1a141a9c
reloadAllAccessors: .HybridPlant

===========================================================================================
----------------- testing Sun Jan 12 06:39:30 UTC 2020 /home/travis/build/icyphy/ptII/ptolemy/domains/continuous/test/auto/Hysteresis.xml
----------------- Instantiating /home/travis/build/icyphy/ptII/ptolemy/domains/continuous/test/auto/Hysteresis.xml
165 ms. Memory: 270336K Free: 240681K (89%)
----------------- Invoking toplevel() on ptolemy.moml.MoMLSimpleApplication@4cd67116
----------------- Done invoking toplevel() on ptolemy.moml.MoMLSimpleApplication@4cd67116
reloadAllAccessors: .Hysteresis

===========================================================================================
----------------- testing Sun Jan 12 06:39:30 UTC 2020 /home/travis/build/icyphy/ptII/ptolemy/domains/continuous/test/auto/HysteresisWithRandomDelay.xml
----------------- Instantiating /home/travis/build/icyphy/ptII/ptolemy/domains/continuous/test/auto/HysteresisWithRandomDelay.xml
205 ms. Memory: 270336K Free: 169511K (63%)
----------------- Invoking toplevel() on ptolemy.moml.MoMLSimpleApplication@4d3d8570
----------------- Done invoking toplevel() on ptolemy.moml.MoMLSimpleApplication@4d3d8570
reloadAllAccessors: .HysteresisWithRandomDelay

===========================================================================================
----------------- testing Sun Jan 12 06:39:30 UTC 2020 /home/travis/build/icyphy/ptII/ptolemy/domains/continuous/test/auto/HysteresisWithRandomLosses.xml
----------------- Instantiating /home/travis/build/icyphy/ptII/ptolemy/domains/continuous/test/auto/HysteresisWithRandomLosses.xml
2566 ms. Memory: 270336K Free: 234959K (87%)
----------------- Invoking toplevel() on ptolemy.moml.MoMLSimpleApplication@35176723
----------------- Done invoking toplevel() on ptolemy.moml.MoMLSimpleApplication@35176723
reloadAllAccessors: .HysteresisWithRandomLosses

===========================================================================================
----------------- testing Sun Jan 12 06:39:33 UTC 2020 /home/travis/build/icyphy/ptII/ptolemy/domains/continuous/test/auto/ImmediateTransitions.xml
----------------- Instantiating /home/travis/build/icyphy/ptII/ptolemy/domains/continuous/test/auto/ImmediateTransitions.xml
10 ms. Memory: 270336K Free: 224191K (83%)
----------------- Invoking toplevel() on ptolemy.moml.MoMLSimpleApplication@1ea2c688
----------------- Done invoking toplevel() on ptolemy.moml.MoMLSimpleApplication@1ea2c688
reloadAllAccessors: .ImmediateTransitions

===========================================================================================
----------------- testing Sun Jan 12 06:39:33 UTC 2020 /home/travis/build/icyphy/ptII/ptolemy/domains/continuous/test/auto/ImpulseFeedback.xml
----------------- Instantiating /home/travis/build/icyphy/ptII/ptolemy/domains/continuous/test/auto/ImpulseFeedback.xml
5 ms. Memory: 270336K Free: 218575K (81%)
----------------- Invoking toplevel() on ptolemy.moml.MoMLSimpleApplication@15a29885
----------------- Done invoking toplevel() on ptolemy.moml.MoMLSimpleApplication@15a29885
reloadAllAccessors: .ImpulseFeedback

===========================================================================================
----------------- testing Sun Jan 12 06:39:33 UTC 2020 /home/travis/build/icyphy/ptII/ptolemy/domains/continuous/test/auto/ImpulseFeedback2.xml
----------------- Instantiating /home/travis/build/icyphy/ptII/ptolemy/domains/continuous/test/auto/ImpulseFeedback2.xml
5 ms. Memory: 270336K Free: 212941K (79%)
----------------- Invoking toplevel() on ptolemy.moml.MoMLSimpleApplication@69f6ca84
----------------- Done invoking toplevel() on ptolemy.moml.MoMLSimpleApplication@69f6ca84
reloadAllAccessors: .ImpulseFeedback2

===========================================================================================
----------------- testing Sun Jan 12 06:39:33 UTC 2020 /home/travis/build/icyphy/ptII/ptolemy/domains/continuous/test/auto/IncreasingRatePoisson.xml
----------------- Instantiating /home/travis/build/icyphy/ptII/ptolemy/domains/continuous/test/auto/IncreasingRatePoisson.xml
687 ms. Memory: 270336K Free: 235159K (87%)
----------------- Invoking toplevel() on ptolemy.moml.MoMLSimpleApplication@536c3f5a
----------------- Done invoking toplevel() on ptolemy.moml.MoMLSimpleApplication@536c3f5a
reloadAllAccessors: .IncreasingRatePoisson

===========================================================================================
----------------- testing Sun Jan 12 06:39:34 UTC 2020 /home/travis/build/icyphy/ptII/ptolemy/domains/continuous/test/auto/InitialStateFeedback.xml
----------------- Instantiating /home/travis/build/icyphy/ptII/ptolemy/domains/continuous/test/auto/InitialStateFeedback.xml
4 ms. Memory: 270336K Free: 230567K (85%)
----------------- Invoking toplevel() on ptolemy.moml.MoMLSimpleApplication@114d8df6
----------------- Done invoking toplevel() on ptolemy.moml.MoMLSimpleApplication@114d8df6
reloadAllAccessors: .InitialStateFeedback

===========================================================================================
----------------- testing Sun Jan 12 06:39:34 UTC 2020 /home/travis/build/icyphy/ptII/ptolemy/domains/continuous/test/auto/Integration.xml
----------------- Instantiating /home/travis/build/icyphy/ptII/ptolemy/domains/continuous/test/auto/Integration.xml
1 ms. Memory: 270336K Free: 226471K (84%)
----------------- Invoking toplevel() on ptolemy.moml.MoMLSimpleApplication@102d40af
----------------- Done invoking toplevel() on ptolemy.moml.MoMLSimpleApplication@102d40af
reloadAllAccessors: .Integration

===========================================================================================
----------------- testing Sun Jan 12 06:39:34 UTC 2020 /home/travis/build/icyphy/ptII/ptolemy/domains/continuous/test/auto/Integration2.xml
----------------- Instantiating /home/travis/build/icyphy/ptII/ptolemy/domains/continuous/test/auto/Integration2.xml
67 ms. Memory: 270336K Free: 212135K (78%)
----------------- Invoking toplevel() on ptolemy.moml.MoMLSimpleApplication@2e34ff71
----------------- Done invoking toplevel() on ptolemy.moml.MoMLSimpleApplication@2e34ff71
reloadAllAccessors: .Integration2

===========================================================================================
----------------- testing Sun Jan 12 06:39:34 UTC 2020 /home/travis/build/icyphy/ptII/ptolemy/domains/continuous/test/auto/Integration3.xml
----------------- Instantiating /home/travis/build/icyphy/ptII/ptolemy/domains/continuous/test/auto/Integration3.xml
2 ms. Memory: 270336K Free: 207525K (77%)
----------------- Invoking toplevel() on ptolemy.moml.MoMLSimpleApplication@4f2b50b1
----------------- Done invoking toplevel() on ptolemy.moml.MoMLSimpleApplication@4f2b50b1
reloadAllAccessors: .Integration3

===========================================================================================
----------------- testing Sun Jan 12 06:39:34 UTC 2020 /home/travis/build/icyphy/ptII/ptolemy/domains/continuous/test/auto/Integration5.xml
----------------- Instantiating /home/travis/build/icyphy/ptII/ptolemy/domains/continuous/test/auto/Integration5.xml
3 ms. Memory: 270336K Free: 203429K (75%)
----------------- Invoking toplevel() on ptolemy.moml.MoMLSimpleApplication@57272ca7
----------------- Done invoking toplevel() on ptolemy.moml.MoMLSimpleApplication@57272ca7
reloadAllAccessors: .Integration5

===========================================================================================
----------------- testing Sun Jan 12 06:39:34 UTC 2020 /home/travis/build/icyphy/ptII/ptolemy/domains/continuous/test/auto/IntegratorImpulse.xml
----------------- Instantiating /home/travis/build/icyphy/ptII/ptolemy/domains/continuous/test/auto/IntegratorImpulse.xml
2 ms. Memory: 270336K Free: 199319K (74%)
----------------- Invoking toplevel() on ptolemy.moml.MoMLSimpleApplication@11258ba6
----------------- Done invoking toplevel() on ptolemy.moml.MoMLSimpleApplication@11258ba6
reloadAllAccessors: .IntegratorImpulse

===========================================================================================
----------------- testing Sun Jan 12 06:39:34 UTC 2020 /home/travis/build/icyphy/ptII/ptolemy/domains/continuous/test/auto/IntegratorImpulse2.xml
----------------- Instantiating /home/travis/build/icyphy/ptII/ptolemy/domains/continuous/test/auto/IntegratorImpulse2.xml
4 ms. Memory: 270336K Free: 194727K (72%)
----------------- Invoking toplevel() on ptolemy.moml.MoMLSimpleApplication@2eb9b818
----------------- Done invoking toplevel() on ptolemy.moml.MoMLSimpleApplication@2eb9b818
reloadAllAccessors: .IntegratorImpulse2

===========================================================================================
----------------- testing Sun Jan 12 06:39:34 UTC 2020 /home/travis/build/icyphy/ptII/ptolemy/domains/continuous/test/auto/LevelCrossing1.xml
----------------- Instantiating /home/travis/build/icyphy/ptII/ptolemy/domains/continuous/test/auto/LevelCrossing1.xml
4 ms. Memory: 270336K Free: 189607K (70%)
----------------- Invoking toplevel() on ptolemy.moml.MoMLSimpleApplication@75589e34
----------------- Done invoking toplevel() on ptolemy.moml.MoMLSimpleApplication@75589e34
reloadAllAccessors: .LevelCrossing1

===========================================================================================
----------------- testing Sun Jan 12 06:39:34 UTC 2020 /home/travis/build/icyphy/ptII/ptolemy/domains/continuous/test/auto/LevelCrossing2.xml
----------------- Instantiating /home/travis/build/icyphy/ptII/ptolemy/domains/continuous/test/auto/LevelCrossing2.xml
3 ms. Memory: 270336K Free: 184487K (68%)
----------------- Invoking toplevel() on ptolemy.moml.MoMLSimpleApplication@25fe1532
----------------- Done invoking toplevel() on ptolemy.moml.MoMLSimpleApplication@25fe1532
reloadAllAccessors: .LevelCrossing2

===========================================================================================
----------------- testing Sun Jan 12 06:39:34 UTC 2020 /home/travis/build/icyphy/ptII/ptolemy/domains/continuous/test/auto/LevelCrossing3.xml
----------------- Instantiating /home/travis/build/icyphy/ptII/ptolemy/domains/continuous/test/auto/LevelCrossing3.xml
6 ms. Memory: 270336K Free: 179367K (66%)
----------------- Invoking toplevel() on ptolemy.moml.MoMLSimpleApplication@31e3798a
----------------- Done invoking toplevel() on ptolemy.moml.MoMLSimpleApplication@31e3798a
reloadAllAccessors: .LevelCrossing3

===========================================================================================
----------------- testing Sun Jan 12 06:39:34 UTC 2020 /home/travis/build/icyphy/ptII/ptolemy/domains/continuous/test/auto/LevelCrossing4.xml
----------------- Instantiating /home/travis/build/icyphy/ptII/ptolemy/domains/continuous/test/auto/LevelCrossing4.xml
3 ms. Memory: 270336K Free: 174247K (64%)
----------------- Invoking toplevel() on ptolemy.moml.MoMLSimpleApplication@4a327fef
----------------- Done invoking toplevel() on ptolemy.moml.MoMLSimpleApplication@4a327fef
reloadAllAccessors: .LevelCrossing4

===========================================================================================
----------------- testing Sun Jan 12 06:39:34 UTC 2020 /home/travis/build/icyphy/ptII/ptolemy/domains/continuous/test/auto/LevelCrossing5.xml
----------------- Instantiating /home/travis/build/icyphy/ptII/ptolemy/domains/continuous/test/auto/LevelCrossing5.xml
3 ms. Memory: 270336K Free: 169127K (63%)
----------------- Invoking toplevel() on ptolemy.moml.MoMLSimpleApplication@3abbe51
----------------- Done invoking toplevel() on ptolemy.moml.MoMLSimpleApplication@3abbe51
reloadAllAccessors: .LevelCrossing5

===========================================================================================
[...]
----------------- Instantiating /home/travis/build/icyphy/ptII/ptolemy/domains/continuous/test/auto/SRinContinuous.xml
4 ms. Memory: 270336K Free: 124687K (46%)
----------------- Invoking toplevel() on ptolemy.moml.MoMLSimpleApplication@44ac5875
----------------- Done invoking toplevel() on ptolemy.moml.MoMLSimpleApplication@44ac5875
reloadAllAccessors: .SRinContinuous

===========================================================================================
----------------- testing Sun Jan 12 06:39:50 UTC 2020 /home/travis/build/icyphy/ptII/ptolemy/domains/continuous/test/auto/SampledClocks.xml
----------------- Instantiating /home/travis/build/icyphy/ptII/ptolemy/domains/continuous/test/auto/SampledClocks.xml
6 ms. Memory: 270336K Free: 111889K (41%)
----------------- Invoking toplevel() on ptolemy.moml.MoMLSimpleApplication@7b46b9ac
----------------- Done invoking toplevel() on ptolemy.moml.MoMLSimpleApplication@7b46b9ac
reloadAllAccessors: .SampledClocks

===========================================================================================
----------------- testing Sun Jan 12 06:39:50 UTC 2020 /home/travis/build/icyphy/ptII/ptolemy/domains/continuous/test/auto/Satellite.xml
----------------- Instantiating /home/travis/build/icyphy/ptII/ptolemy/domains/continuous/test/auto/Satellite.xml
830 ms. Memory: 270336K Free: 231917K (86%)
----------------- Invoking toplevel() on ptolemy.moml.MoMLSimpleApplication@1b2d8490
----------------- Done invoking toplevel() on ptolemy.moml.MoMLSimpleApplication@1b2d8490
reloadAllAccessors: .Satellite

===========================================================================================
----------------- testing Sun Jan 12 06:39:51 UTC 2020 /home/travis/build/icyphy/ptII/ptolemy/domains/continuous/test/auto/SigmaDelta.xml
----------------- Instantiating /home/travis/build/icyphy/ptII/ptolemy/domains/continuous/test/auto/SigmaDelta.xml
2053 ms. Memory: 270336K Free: 132171K (49%)
----------------- Invoking toplevel() on ptolemy.moml.MoMLSimpleApplication@3d946eba
----------------- Done invoking toplevel() on ptolemy.moml.MoMLSimpleApplication@3d946eba
reloadAllAccessors: .SigmaDelta

===========================================================================================
----------------- testing Sun Jan 12 06:39:53 UTC 2020 /home/travis/build/icyphy/ptII/ptolemy/domains/continuous/test/auto/SingleRefinement.xml
----------------- Instantiating /home/travis/build/icyphy/ptII/ptolemy/domains/continuous/test/auto/SingleRefinement.xml
312 ms. Memory: 270336K Free: 108155K (40%)
----------------- Invoking toplevel() on ptolemy.moml.MoMLSimpleApplication@13cd9183
----------------- Done invoking toplevel() on ptolemy.moml.MoMLSimpleApplication@13cd9183
reloadAllAccessors: .SingleRefinement

===========================================================================================
----------------- testing Sun Jan 12 06:39:54 UTC 2020 /home/travis/build/icyphy/ptII/ptolemy/domains/continuous/test/auto/SinuBouncingBall.xml
----------------- Instantiating /home/travis/build/icyphy/ptII/ptolemy/domains/continuous/test/auto/SinuBouncingBall.xml
900 ms. Memory: 270336K Free: 210383K (78%)
----------------- Invoking toplevel() on ptolemy.moml.MoMLSimpleApplication@64bccc70
----------------- Done invoking toplevel() on ptolemy.moml.MoMLSimpleApplication@64bccc70
reloadAllAccessors: .SinuBouncingBall

===========================================================================================
----------------- testing Sun Jan 12 06:39:55 UTC 2020 /home/travis/build/icyphy/ptII/ptolemy/domains/continuous/test/auto/Sinusoid.xml
----------------- Instantiating /home/travis/build/icyphy/ptII/ptolemy/domains/continuous/test/auto/Sinusoid.xml
5 ms. Memory: 270336K Free: 205759K (76%)
----------------- Invoking toplevel() on ptolemy.moml.MoMLSimpleApplication@5f96c20a
----------------- Done invoking toplevel() on ptolemy.moml.MoMLSimpleApplication@5f96c20a
reloadAllAccessors: .Sinusoid

===========================================================================================
----------------- testing Sun Jan 12 06:39:55 UTC 2020 /home/travis/build/icyphy/ptII/ptolemy/domains/continuous/test/auto/SinusoidInNoise.xml
----------------- Instantiating /home/travis/build/icyphy/ptII/ptolemy/domains/continuous/test/auto/SinusoidInNoise.xml
1006 ms. Memory: 270336K Free: 233078K (86%)
----------------- Invoking toplevel() on ptolemy.moml.MoMLSimpleApplication@656c2209
----------------- Done invoking toplevel() on ptolemy.moml.MoMLSimpleApplication@656c2209
reloadAllAccessors: .SinusoidInNoise

===========================================================================================
----------------- testing Sun Jan 12 06:39:56 UTC 2020 /home/travis/build/icyphy/ptII/ptolemy/domains/continuous/test/auto/SinusoidRK45.xml
----------------- Instantiating /home/travis/build/icyphy/ptII/ptolemy/domains/continuous/test/auto/SinusoidRK45.xml
2 ms. Memory: 270336K Free: 228472K (85%)
----------------- Invoking toplevel() on ptolemy.moml.MoMLSimpleApplication@1d8c67e7
----------------- Done invoking toplevel() on ptolemy.moml.MoMLSimpleApplication@1d8c67e7
reloadAllAccessors: .SinusoidRK45

===========================================================================================
----------------- testing Sun Jan 12 06:39:56 UTC 2020 /home/travis/build/icyphy/ptII/ptolemy/domains/continuous/test/auto/SinusoidWithMultipleImpulses.xml
----------------- Instantiating /home/travis/build/icyphy/ptII/ptolemy/domains/continuous/test/auto/SinusoidWithMultipleImpulses.xml
3 ms. Memory: 270336K Free: 223862K (83%)
----------------- Invoking toplevel() on ptolemy.moml.MoMLSimpleApplication@4191a0e0
----------------- Done invoking toplevel() on ptolemy.moml.MoMLSimpleApplication@4191a0e0
reloadAllAccessors: .SinusoidWithMultipleImpulses

===========================================================================================
----------------- testing Sun Jan 12 06:39:56 UTC 2020 /home/travis/build/icyphy/ptII/ptolemy/domains/continuous/test/auto/SquareWave.xml
----------------- Instantiating /home/travis/build/icyphy/ptII/ptolemy/domains/continuous/test/auto/SquareWave.xml
116 ms. Memory: 270336K Free: 196214K (73%)
----------------- Invoking toplevel() on ptolemy.moml.MoMLSimpleApplication@1118f4a3
----------------- Done invoking toplevel() on ptolemy.moml.MoMLSimpleApplication@1118f4a3
reloadAllAccessors: .SquareWave

===========================================================================================
----------------- testing Sun Jan 12 06:39:56 UTC 2020 /home/travis/build/icyphy/ptII/ptolemy/domains/continuous/test/auto/Starmac.xml
----------------- Instantiating /home/travis/build/icyphy/ptII/ptolemy/domains/continuous/test/auto/Starmac.xml
3068 ms. Memory: 270336K Free: 196644K (73%)
----------------- Invoking toplevel() on ptolemy.moml.MoMLSimpleApplication@6bc3dd9f
----------------- Done invoking toplevel() on ptolemy.moml.MoMLSimpleApplication@6bc3dd9f
reloadAllAccessors: .Starmac

===========================================================================================
----------------- testing Sun Jan 12 06:39:59 UTC 2020 /home/travis/build/icyphy/ptII/ptolemy/domains/continuous/test/auto/StaticUnits.xml
----------------- Instantiating /home/travis/build/icyphy/ptII/ptolemy/domains/continuous/test/auto/StaticUnits.xml
1706 ms. Memory: 270336K Free: 199187K (74%)
----------------- Invoking toplevel() on ptolemy.moml.MoMLSimpleApplication@57862be3
----------------- Done invoking toplevel() on ptolemy.moml.MoMLSimpleApplication@57862be3
reloadAllAccessors: .StaticUnits

===========================================================================================
----------------- testing Sun Jan 12 06:40:01 UTC 2020 /home/travis/build/icyphy/ptII/ptolemy/domains/continuous/test/auto/StickyMasses.xml
----------------- Instantiating /home/travis/build/icyphy/ptII/ptolemy/domains/continuous/test/auto/StickyMasses.xml
135 ms. Memory: 270336K Free: 149506K (55%)
----------------- Invoking toplevel() on ptolemy.moml.MoMLSimpleApplication@2de41b3f
----------------- Done invoking toplevel() on ptolemy.moml.MoMLSimpleApplication@2de41b3f
reloadAllAccessors: .StickyMasses

===========================================================================================
----------------- testing Sun Jan 12 06:40:02 UTC 2020 /home/travis/build/icyphy/ptII/ptolemy/domains/continuous/test/auto/StopTime.xml
----------------- Instantiating /home/travis/build/icyphy/ptII/ptolemy/domains/continuous/test/auto/StopTime.xml
38 ms. Memory: 270336K Free: 124930K (46%)
----------------- Invoking toplevel() on ptolemy.moml.MoMLSimpleApplication@63287501
----------------- Done invoking toplevel() on ptolemy.moml.MoMLSimpleApplication@63287501
reloadAllAccessors: .StopTime

===========================================================================================
----------------- testing Sun Jan 12 06:40:02 UTC 2020 /home/travis/build/icyphy/ptII/ptolemy/domains/continuous/test/auto/StopTime2.xml
----------------- Instantiating /home/travis/build/icyphy/ptII/ptolemy/domains/continuous/test/auto/StopTime2.xml
37 ms. Memory: 270336K Free: 102931K (38%)
----------------- Invoking toplevel() on ptolemy.moml.MoMLSimpleApplication@42430ccb
----------------- Done invoking toplevel() on ptolemy.moml.MoMLSimpleApplication@42430ccb
reloadAllAccessors: .StopTime2

===========================================================================================
----------------- testing Sun Jan 12 06:40:02 UTC 2020 /home/travis/build/icyphy/ptII/ptolemy/domains/continuous/test/auto/Switch.xml
----------------- Instantiating /home/travis/build/icyphy/ptII/ptolemy/domains/continuous/test/auto/Switch.xml
51 ms. Memory: 270336K Free: 235022K (87%)
----------------- Invoking toplevel() on ptolemy.moml.MoMLSimpleApplication@5fbd7cbb
----------------- Done invoking toplevel() on ptolemy.moml.MoMLSimpleApplication@5fbd7cbb
reloadAllAccessors: .Switch

===========================================================================================
----------------- testing Sun Jan 12 06:40:02 UTC 2020 /home/travis/build/icyphy/ptII/ptolemy/domains/continuous/test/auto/Thermostat.xml
----------------- Instantiating /home/travis/build/icyphy/ptII/ptolemy/domains/continuous/test/auto/Thermostat.xml
175 ms. Memory: 270336K Free: 162318K (60%)
----------------- Invoking toplevel() on ptolemy.moml.MoMLSimpleApplication@281a5cbf
----------------- Done invoking toplevel() on ptolemy.moml.MoMLSimpleApplication@281a5cbf
reloadAllAccessors: .Thermostat

===========================================================================================
----------------- testing Sun Jan 12 06:40:02 UTC 2020 /home/travis/build/icyphy/ptII/ptolemy/domains/continuous/test/auto/TimeDelay.xml
----------------- Instantiating /home/travis/build/icyphy/ptII/ptolemy/domains/continuous/test/auto/TimeDelay.xml
5 ms. Memory: 270336K Free: 157702K (58%)
----------------- Invoking toplevel() on ptolemy.moml.MoMLSimpleApplication@2880b5b
----------------- Done invoking toplevel() on ptolemy.moml.MoMLSimpleApplication@2880b5b
reloadAllAccessors: .TimeDelay

===========================================================================================
----------------- testing Sun Jan 12 06:40:02 UTC 2020 /home/travis/build/icyphy/ptII/ptolemy/domains/continuous/test/auto/TimeDelay2.xml
----------------- Instantiating /home/travis/build/icyphy/ptII/ptolemy/domains/continuous/test/auto/TimeDelay2.xml
9 ms. Memory: 270336K Free: 147982K (55%)
----------------- Invoking toplevel() on ptolemy.moml.MoMLSimpleApplication@e2d914a
----------------- Done invoking toplevel() on ptolemy.moml.MoMLSimpleApplication@e2d914a
reloadAllAccessors: .TimeDelay2

===========================================================================================
----------------- testing Sun Jan 12 06:40:02 UTC 2020 /home/travis/build/icyphy/ptII/ptolemy/domains/continuous/test/auto/TimeDelay3.xml
----------------- Instantiating /home/travis/build/icyphy/ptII/ptolemy/domains/continuous/test/auto/TimeDelay3.xml
3 ms. Memory: 270336K Free: 143339K (53%)
----------------- Invoking toplevel() on ptolemy.moml.MoMLSimpleApplication@503a4a89
----------------- Done invoking toplevel() on ptolemy.moml.MoMLSimpleApplication@503a4a89
reloadAllAccessors: .TimeDelay3

===========================================================================================
----------------- testing Sun Jan 12 06:40:02 UTC 2020 /home/travis/build/icyphy/ptII/ptolemy/domains/continuous/test/auto/TransferAbsentToInside.xml
----------------- Instantiating /home/travis/build/icyphy/ptII/ptolemy/domains/continuous/test/auto/TransferAbsentToInside.xml
39 ms. Memory: 270336K Free: 245052K (91%)
----------------- Invoking toplevel() on ptolemy.moml.MoMLSimpleApplication@2daa4d1
----------------- Done invoking toplevel() on ptolemy.moml.MoMLSimpleApplication@2daa4d1
reloadAllAccessors: .TransferAbsentToInside

===========================================================================================
----------------- testing Sun Jan 12 06:40:02 UTC 2020 /home/travis/build/icyphy/ptII/ptolemy/domains/continuous/test/auto/Transmission.xml
----------------- Instantiating /home/travis/build/icyphy/ptII/ptolemy/domains/continuous/test/auto/Transmission.xml
774 ms. Memory: 270336K Free: 170493K (63%)
----------------- Invoking toplevel() on ptolemy.moml.MoMLSimpleApplication@11ce0ac5
----------------- Done invoking toplevel() on ptolemy.moml.MoMLSimpleApplication@11ce0ac5
reloadAllAccessors: .Transmission

===========================================================================================
----------------- testing Sun Jan 12 06:40:03 UTC 2020 /home/travis/build/icyphy/ptII/ptolemy/domains/continuous/test/auto/TriggeredContinuousClock.xml
----------------- Instantiating /home/travis/build/icyphy/ptII/ptolemy/domains/continuous/test/auto/TriggeredContinuousClock.xml
33 ms. Memory: 270336K Free: 140797K (52%)
----------------- Invoking toplevel() on ptolemy.moml.MoMLSimpleApplication@46267aa0
----------------- Done invoking toplevel() on ptolemy.moml.MoMLSimpleApplication@46267aa0
reloadAllAccessors: .TriggeredContinuousClock

===========================================================================================
----------------- testing Sun Jan 12 06:40:03 UTC 2020 /home/travis/build/icyphy/ptII/ptolemy/domains/continuous/test/auto/TwoMachineInfiniteBusControl.xml
----------------- Instantiating /home/travis/build/icyphy/ptII/ptolemy/domains/continuous/test/auto/TwoMachineInfiniteBusControl.xml
2270 ms. Memory: 270336K Free: 171457K (63%)
----------------- Invoking toplevel() on ptolemy.moml.MoMLSimpleApplication@6d67b7d
----------------- Done invoking toplevel() on ptolemy.moml.MoMLSimpleApplication@6d67b7d
reloadAllAccessors: .TwoMachineInfiniteBusControl

===========================================================================================
----------------- testing Sun Jan 12 06:40:05 UTC 2020 /home/travis/build/icyphy/ptII/ptolemy/domains/continuous/test/auto/V2V.xml
----------------- Instantiating /home/travis/build/icyphy/ptII/ptolemy/domains/continuous/test/auto/V2V.xml
728 ms. Memory: 324608K Free: 193987K (60%)
----------------- Invoking toplevel() on ptolemy.moml.MoMLSimpleApplication@441b0dcd
----------------- Done invoking toplevel() on ptolemy.moml.MoMLSimpleApplication@441b0dcd
reloadAllAccessors: .V2V

===========================================================================================
----------------- testing Sun Jan 12 06:40:06 UTC 2020 /home/travis/build/icyphy/ptII/ptolemy/domains/continuous/test/auto/hierarchicalModalModel.xml
----------------- Instantiating /home/travis/build/icyphy/ptII/ptolemy/domains/continuous/test/auto/hierarchicalModalModel.xml
9 ms. Memory: 324608K Free: 179651K (55%)
----------------- Invoking toplevel() on ptolemy.moml.MoMLSimpleApplication@3a11125a
----------------- Done invoking toplevel() on ptolemy.moml.MoMLSimpleApplication@3a11125a
reloadAllAccessors: .hierarchicalModalModel

===========================================================================================
----------------- testing Sun Jan 12 06:40:06 UTC 2020 /home/travis/build/icyphy/ptII/ptolemy/domains/continuous/test/auto/hierarchicalModalModel1.xml
----------------- Instantiating /home/travis/build/icyphy/ptII/ptolemy/domains/continuous/test/auto/hierarchicalModalModel1.xml
9 ms. Memory: 324608K Free: 165315K (51%)
----------------- Invoking toplevel() on ptolemy.moml.MoMLSimpleApplication@5eec1608
----------------- Done invoking toplevel() on ptolemy.moml.MoMLSimpleApplication@5eec1608
reloadAllAccessors: .hierarchicalModalModel1

===========================================================================================
----------------- testing Sun Jan 12 06:40:06 UTC 2020 /home/travis/build/icyphy/ptII/ptolemy/domains/continuous/test/auto/hierarchicalModalModel2.xml
----------------- Instantiating /home/travis/build/icyphy/ptII/ptolemy/domains/continuous/test/auto/hierarchicalModalModel2.xml
6 ms. Memory: 324608K Free: 153027K (47%)
----------------- Invoking toplevel() on ptolemy.moml.MoMLSimpleApplication@1da1347e
----------------- Done invoking toplevel() on ptolemy.moml.MoMLSimpleApplication@1da1347e
reloadAllAccessors: .hierarchicalModalModel2

===========================================================================================
----------------- testing Sun Jan 12 06:40:06 UTC 2020 /home/travis/build/icyphy/ptII/ptolemy/domains/continuous/test/auto/hierarchicalModalModel3.xml
----------------- Instantiating /home/travis/build/icyphy/ptII/ptolemy/domains/continuous/test/auto/hierarchicalModalModel3.xml
5 ms. Memory: 324608K Free: 142273K (44%)
----------------- Invoking toplevel() on ptolemy.moml.MoMLSimpleApplication@2281d38e
----------------- Done invoking toplevel() on ptolemy.moml.MoMLSimpleApplication@2281d38e
reloadAllAccessors: .hierarchicalModalModel3

===========================================================================================
----------------- testing Sun Jan 12 06:40:06 UTC 2020 /home/travis/build/icyphy/ptII/ptolemy/domains/continuous/test/auto/hierarchicalModalModel4.xml
----------------- Instantiating /home/travis/build/icyphy/ptII/ptolemy/domains/continuous/test/auto/hierarchicalModalModel4.xml
4 ms. Memory: 324608K Free: 130499K (40%)
----------------- Invoking toplevel() on ptolemy.moml.MoMLSimpleApplication@1c0c91b7
----------------- Done invoking toplevel() on ptolemy.moml.MoMLSimpleApplication@1c0c91b7
reloadAllAccessors: .hierarchicalModalModel4

===========================================================================================
----------------- testing Sun Jan 12 06:40:06 UTC 2020 /home/travis/build/icyphy/ptII/ptolemy/domains/continuous/test/auto/junk.xml
----------------- Instantiating /home/travis/build/icyphy/ptII/ptolemy/domains/continuous/test/auto/junk.xml
141 ms. Memory: 324608K Free: 292962K (90%)
----------------- Invoking toplevel() on ptolemy.moml.MoMLSimpleApplication@132718fd
----------------- Done invoking toplevel() on ptolemy.moml.MoMLSimpleApplication@132718fd
reloadAllAccessors: .junk
AutoTests.java: About to close Vertx.
AutoTests.java: Vertx closed.
]]></system-out>
  <system-err><![CDATA[Warning: '.HysteresisWithRandomDelay.NonStrictTest' The test produced only 221 tokens, yet the correctValues parameter was expecting 222 tokens.
Warning: '.HysteresisWithRandomDelay.NonStrictTest2' The test produced only 220 tokens, yet the correctValues parameter was expecting 221 tokens.
Warning: '.IncreasingRatePoisson.NonStrictTest' The test produced only 386 tokens, yet the correctValues parameter was expecting 402 tokens.
Warning: '.Poisson.NonStrictTest' The test produced only 400 tokens, yet the correctValues parameter was expecting 430 tokens.
]]></system-err>
</testsuite>
