<?xml version="1.0" encoding="UTF-8" ?>
<testsuite errors="0" failures="0" hostname="travis-job-b3d40fa0-a821-4d9b-8061-b3233335af64" name="ptolemy.domains.continuous.test.junit.JUnitTclTest" skipped="0" tests="156" time="75.567" timestamp="2019-09-03T20:52:23">
  <properties>
[...]
</properties>
  <testcase classname="ptolemy.util.test.junit.TclTests" name="[0] ThereAreNoTclTests (RunTclFile)" time="0.007" />
  <testcase classname="ptolemy.util.test.junit.AutoKnownFailedTests" name="[0] ThereAreNoKnowFailedTests (RunModel)" time="0.007" />
  <testcase classname="ptolemy.util.test.junit.AutoNameArchTests" name="[0] ThereAreNoAutoArchTests (RunModel)" time="0.017" />
  <testcase classname="ptolemy.util.test.junit.AutoTests" name="[0] /home/travis/build/icyphy/ptII/ptolemy/domains/continuous/test/auto/BouncingBall.xml (RunModel)" time="3.099" />
  <testcase classname="ptolemy.util.test.junit.AutoTests" name="[1] /home/travis/build/icyphy/ptII/ptolemy/domains/continuous/test/auto/BouncingBallWithoutGR.xml (RunModel)" time="0.851" />
  <testcase classname="ptolemy.util.test.junit.AutoTests" name="[2] /home/travis/build/icyphy/ptII/ptolemy/domains/continuous/test/auto/Brownian.xml (RunModel)" time="0.127" />
  <testcase classname="ptolemy.util.test.junit.AutoTests" name="[3] /home/travis/build/icyphy/ptII/ptolemy/domains/continuous/test/auto/CarTracking.xml (RunModel)" time="4.125" />
  <testcase classname="ptolemy.util.test.junit.AutoTests" name="[4] /home/travis/build/icyphy/ptII/ptolemy/domains/continuous/test/auto/CartPendulum.xml (RunModel)" time="0.578" />
  <testcase classname="ptolemy.util.test.junit.AutoTests" name="[5] /home/travis/build/icyphy/ptII/ptolemy/domains/continuous/test/auto/CausalityInterface10.xml (RunModel)" time="0.057" />
  <testcase classname="ptolemy.util.test.junit.AutoTests" name="[6] /home/travis/build/icyphy/ptII/ptolemy/domains/continuous/test/auto/CausalityInterface11.xml (RunModel)" time="0.032" />
  <testcase classname="ptolemy.util.test.junit.AutoTests" name="[7] /home/travis/build/icyphy/ptII/ptolemy/domains/continuous/test/auto/CausalityInterface12.xml (RunModel)" time="0.043" />
  <testcase classname="ptolemy.util.test.junit.AutoTests" name="[8] /home/travis/build/icyphy/ptII/ptolemy/domains/continuous/test/auto/CausalityInterface13.xml (RunModel)" time="0.036" />
  <testcase classname="ptolemy.util.test.junit.AutoTests" name="[9] /home/travis/build/icyphy/ptII/ptolemy/domains/continuous/test/auto/CausalityInterface14.xml (RunModel)" time="0.025" />
  <testcase classname="ptolemy.util.test.junit.AutoTests" name="[10] /home/travis/build/icyphy/ptII/ptolemy/domains/continuous/test/auto/CausalityInterface4.xml (RunModel)" time="0.044" />
  <testcase classname="ptolemy.util.test.junit.AutoTests" name="[11] /home/travis/build/icyphy/ptII/ptolemy/domains/continuous/test/auto/CausalityInterface5.xml (RunModel)" time="0.043" />
  <testcase classname="ptolemy.util.test.junit.AutoTests" name="[12] /home/travis/build/icyphy/ptII/ptolemy/domains/continuous/test/auto/CausalityInterface6.xml (RunModel)" time="0.033" />
  <testcase classname="ptolemy.util.test.junit.AutoTests" name="[13] /home/travis/build/icyphy/ptII/ptolemy/domains/continuous/test/auto/CausalityInterface7.xml (RunModel)" time="0.033" />
  <testcase classname="ptolemy.util.test.junit.AutoTests" name="[14] /home/travis/build/icyphy/ptII/ptolemy/domains/continuous/test/auto/CausalityInterface8.xml (RunModel)" time="0.035" />
  <testcase classname="ptolemy.util.test.junit.AutoTests" name="[15] /home/travis/build/icyphy/ptII/ptolemy/domains/continuous/test/auto/CausalityInterface9.xml (RunModel)" time="0.048" />
  <testcase classname="ptolemy.util.test.junit.AutoTests" name="[16] /home/travis/build/icyphy/ptII/ptolemy/domains/continuous/test/auto/CausalityInterfaceFeedback1.xml (RunModel)" time="0.035" />
  <testcase classname="ptolemy.util.test.junit.AutoTests" name="[17] /home/travis/build/icyphy/ptII/ptolemy/domains/continuous/test/auto/CausalityInterfaceFeedback2.xml (RunModel)" time="0.025" />
  <testcase classname="ptolemy.util.test.junit.AutoTests" name="[18] /home/travis/build/icyphy/ptII/ptolemy/domains/continuous/test/auto/CompareWithCurrentTime.xml (RunModel)" time="0.023" />
  <testcase classname="ptolemy.util.test.junit.AutoTests" name="[19] /home/travis/build/icyphy/ptII/ptolemy/domains/continuous/test/auto/ComparedClocks.xml (RunModel)" time="0.093" />
  <testcase classname="ptolemy.util.test.junit.AutoTests" name="[20] /home/travis/build/icyphy/ptII/ptolemy/domains/continuous/test/auto/ContinuousAOCClone.xml (RunModel)" time="2.768" />
  <testcase classname="ptolemy.util.test.junit.AutoTests" name="[21] /home/travis/build/icyphy/ptII/ptolemy/domains/continuous/test/auto/ContinuousClock.xml (RunModel)" time="0.098" />
  <testcase classname="ptolemy.util.test.junit.AutoTests" name="[22] /home/travis/build/icyphy/ptII/ptolemy/domains/continuous/test/auto/ContinuousInContinuous.xml (RunModel)" time="0.087" />
  <testcase classname="ptolemy.util.test.junit.AutoTests" name="[23] /home/travis/build/icyphy/ptII/ptolemy/domains/continuous/test/auto/ContinuousInContinuousInContinuous.xml (RunModel)" time="0.021" />
  <testcase classname="ptolemy.util.test.junit.AutoTests" name="[24] /home/travis/build/icyphy/ptII/ptolemy/domains/continuous/test/auto/ContinuousInDE.xml (RunModel)" time="0.133" />
  <testcase classname="ptolemy.util.test.junit.AutoTests" name="[25] /home/travis/build/icyphy/ptII/ptolemy/domains/continuous/test/auto/ContinuousInDE2.xml (RunModel)" time="0.06" />
  <testcase classname="ptolemy.util.test.junit.AutoTests" name="[26] /home/travis/build/icyphy/ptII/ptolemy/domains/continuous/test/auto/ContinuousInDE3.xml (RunModel)" time="0.06" />
  <testcase classname="ptolemy.util.test.junit.AutoTests" name="[27] /home/travis/build/icyphy/ptII/ptolemy/domains/continuous/test/auto/ContinuousInDE4.xml (RunModel)" time="0.033" />
  <testcase classname="ptolemy.util.test.junit.AutoTests" name="[28] /home/travis/build/icyphy/ptII/ptolemy/domains/continuous/test/auto/ContinuousInDEDifferentRefinements.xml (RunModel)" time="0.102" />
  <testcase classname="ptolemy.util.test.junit.AutoTests" name="[29] /home/travis/build/icyphy/ptII/ptolemy/domains/continuous/test/auto/ContinuousInDEDifferentRefinementsPreemptive.xml (RunModel)" time="0.085" />
  <testcase classname="ptolemy.util.test.junit.AutoTests" name="[30] /home/travis/build/icyphy/ptII/ptolemy/domains/continuous/test/auto/ContinuousInDEInContinuous2.xml (RunModel)" time="0.054" />
  <testcase classname="ptolemy.util.test.junit.AutoTests" name="[31] /home/travis/build/icyphy/ptII/ptolemy/domains/continuous/test/auto/ContinuousInDEInContinuous3.xml (RunModel)" time="0.055" />
  <testcase classname="ptolemy.util.test.junit.AutoTests" name="[32] /home/travis/build/icyphy/ptII/ptolemy/domains/continuous/test/auto/ContinuousInDEInput.xml (RunModel)" time="0.03" />
  <testcase classname="ptolemy.util.test.junit.AutoTests" name="[33] /home/travis/build/icyphy/ptII/ptolemy/domains/continuous/test/auto/ContinuousInDEInput2.xml (RunModel)" time="0.037" />
  <testcase classname="ptolemy.util.test.junit.AutoTests" name="[34] /home/travis/build/icyphy/ptII/ptolemy/domains/continuous/test/auto/ContinuousInDEInput3.xml (RunModel)" time="0.03" />
  <testcase classname="ptolemy.util.test.junit.AutoTests" name="[35] /home/travis/build/icyphy/ptII/ptolemy/domains/continuous/test/auto/ContinuousInDESharingRefinement.xml (RunModel)" time="0.162" />
  <testcase classname="ptolemy.util.test.junit.AutoTests" name="[36] /home/travis/build/icyphy/ptII/ptolemy/domains/continuous/test/auto/ContinuousInDEwithNoPorts.xml (RunModel)" time="0.021" />
  <testcase classname="ptolemy.util.test.junit.AutoTests" name="[37] /home/travis/build/icyphy/ptII/ptolemy/domains/continuous/test/auto/ContinuousInsideDE.xml (RunModel)" time="0.078" />
  <testcase classname="ptolemy.util.test.junit.AutoTests" name="[38] /home/travis/build/icyphy/ptII/ptolemy/domains/continuous/test/auto/ContinuousMerge1.xml (RunModel)" time="0.021" />
  <testcase classname="ptolemy.util.test.junit.AutoTests" name="[39] /home/travis/build/icyphy/ptII/ptolemy/domains/continuous/test/auto/ContinuousMerge2.xml (RunModel)" time="0.045" />
  <testcase classname="ptolemy.util.test.junit.AutoTests" name="[40] /home/travis/build/icyphy/ptII/ptolemy/domains/continuous/test/auto/ContinuousMerge3.xml (RunModel)" time="0.066" />
  <testcase classname="ptolemy.util.test.junit.AutoTests" name="[41] /home/travis/build/icyphy/ptII/ptolemy/domains/continuous/test/auto/ContinuousWithinContinuous.xml (RunModel)" time="0.062" />
  <testcase classname="ptolemy.util.test.junit.AutoTests" name="[42] /home/travis/build/icyphy/ptII/ptolemy/domains/continuous/test/auto/ContinuousWithinContinuous2.xml (RunModel)" time="0.074" />
  <testcase classname="ptolemy.util.test.junit.AutoTests" name="[43] /home/travis/build/icyphy/ptII/ptolemy/domains/continuous/test/auto/ContinuousWithinContinuous3.xml (RunModel)" time="0.024" />
  <testcase classname="ptolemy.util.test.junit.AutoTests" name="[44] /home/travis/build/icyphy/ptII/ptolemy/domains/continuous/test/auto/ContinuousWithinContinuous4.xml (RunModel)" time="0.076" />
  <testcase classname="ptolemy.util.test.junit.AutoTests" name="[45] /home/travis/build/icyphy/ptII/ptolemy/domains/continuous/test/auto/ContinuousWithinContinuous5.xml (RunModel)" time="0.027" />
  <testcase classname="ptolemy.util.test.junit.AutoTests" name="[46] /home/travis/build/icyphy/ptII/ptolemy/domains/continuous/test/auto/ContinuousWithinContinuous6.xml (RunModel)" time="0.026" />
  <testcase classname="ptolemy.util.test.junit.AutoTests" name="[47] /home/travis/build/icyphy/ptII/ptolemy/domains/continuous/test/auto/ContinuousWithinContinuous7.xml (RunModel)" time="0.078" />
  <testcase classname="ptolemy.util.test.junit.AutoTests" name="[48] /home/travis/build/icyphy/ptII/ptolemy/domains/continuous/test/auto/DCMotor.xml (RunModel)" time="13.314" />
  <testcase classname="ptolemy.util.test.junit.AutoTests" name="[49] /home/travis/build/icyphy/ptII/ptolemy/domains/continuous/test/auto/DEInContinuous.xml (RunModel)" time="0.043" />
  <testcase classname="ptolemy.util.test.junit.AutoTests" name="[50] /home/travis/build/icyphy/ptII/ptolemy/domains/continuous/test/auto/DEinContinuous2.xml (RunModel)" time="0.038" />
  <testcase classname="ptolemy.util.test.junit.AutoTests" name="[51] /home/travis/build/icyphy/ptII/ptolemy/domains/continuous/test/auto/Derivative.xml (RunModel)" time="0.199" />
  <testcase classname="ptolemy.util.test.junit.AutoTests" name="[52] /home/travis/build/icyphy/ptII/ptolemy/domains/continuous/test/auto/Derivative1.xml (RunModel)" time="0.04" />
  <testcase classname="ptolemy.util.test.junit.AutoTests" name="[53] /home/travis/build/icyphy/ptII/ptolemy/domains/continuous/test/auto/DiscreteClock.xml (RunModel)" time="0.012" />
  <testcase classname="ptolemy.util.test.junit.AutoTests" name="[54] /home/travis/build/icyphy/ptII/ptolemy/domains/continuous/test/auto/EfficiencyCurve.xml (RunModel)" time="0.082" />
  <testcase classname="ptolemy.util.test.junit.AutoTests" name="[55] /home/travis/build/icyphy/ptII/ptolemy/domains/continuous/test/auto/ExponentialResponse.xml (RunModel)" time="0.131" />
  <testcase classname="ptolemy.util.test.junit.AutoTests" name="[56] /home/travis/build/icyphy/ptII/ptolemy/domains/continuous/test/auto/ExponentialResponseRK45.xml (RunModel)" time="0.033" />
  <testcase classname="ptolemy.util.test.junit.AutoTests" name="[57] /home/travis/build/icyphy/ptII/ptolemy/domains/continuous/test/auto/Friction.xml (RunModel)" time="1.586" />
  <testcase classname="ptolemy.util.test.junit.AutoTests" name="[58] /home/travis/build/icyphy/ptII/ptolemy/domains/continuous/test/auto/FurutaPendulum.xml (RunModel)" time="3.598" />
  <testcase classname="ptolemy.util.test.junit.AutoTests" name="[59] /home/travis/build/icyphy/ptII/ptolemy/domains/continuous/test/auto/HierarchicalExecution.xml (RunModel)" time="2.376" />
  <testcase classname="ptolemy.util.test.junit.AutoTests" name="[60] /home/travis/build/icyphy/ptII/ptolemy/domains/continuous/test/auto/HybridPlant.xml (RunModel)" time="0.593" />
  <testcase classname="ptolemy.util.test.junit.AutoTests" name="[61] /home/travis/build/icyphy/ptII/ptolemy/domains/continuous/test/auto/Hysteresis.xml (RunModel)" time="0.203" />
  <testcase classname="ptolemy.util.test.junit.AutoTests" name="[62] /home/travis/build/icyphy/ptII/ptolemy/domains/continuous/test/auto/HysteresisWithRandomDelay.xml (RunModel)" time="0.225" />
  <testcase classname="ptolemy.util.test.junit.AutoTests" name="[63] /home/travis/build/icyphy/ptII/ptolemy/domains/continuous/test/auto/HysteresisWithRandomLosses.xml (RunModel)" time="2.446" />
  <testcase classname="ptolemy.util.test.junit.AutoTests" name="[64] /home/travis/build/icyphy/ptII/ptolemy/domains/continuous/test/auto/ImmediateTransitions.xml (RunModel)" time="0.042" />
  <testcase classname="ptolemy.util.test.junit.AutoTests" name="[65] /home/travis/build/icyphy/ptII/ptolemy/domains/continuous/test/auto/ImpulseFeedback.xml (RunModel)" time="0.02" />
  <testcase classname="ptolemy.util.test.junit.AutoTests" name="[66] /home/travis/build/icyphy/ptII/ptolemy/domains/continuous/test/auto/ImpulseFeedback2.xml (RunModel)" time="0.018" />
  <testcase classname="ptolemy.util.test.junit.AutoTests" name="[67] /home/travis/build/icyphy/ptII/ptolemy/domains/continuous/test/auto/IncreasingRatePoisson.xml (RunModel)" time="0.711" />
  <testcase classname="ptolemy.util.test.junit.AutoTests" name="[68] /home/travis/build/icyphy/ptII/ptolemy/domains/continuous/test/auto/InitialStateFeedback.xml (RunModel)" time="0.018" />
  <testcase classname="ptolemy.util.test.junit.AutoTests" name="[69] /home/travis/build/icyphy/ptII/ptolemy/domains/continuous/test/auto/Integration.xml (RunModel)" time="0.011" />
  <testcase classname="ptolemy.util.test.junit.AutoTests" name="[70] /home/travis/build/icyphy/ptII/ptolemy/domains/continuous/test/auto/Integration2.xml (RunModel)" time="0.096" />
  <testcase classname="ptolemy.util.test.junit.AutoTests" name="[71] /home/travis/build/icyphy/ptII/ptolemy/domains/continuous/test/auto/Integration3.xml (RunModel)" time="0.013" />
  <testcase classname="ptolemy.util.test.junit.AutoTests" name="[72] /home/travis/build/icyphy/ptII/ptolemy/domains/continuous/test/auto/Integration5.xml (RunModel)" time="0.01" />
  <testcase classname="ptolemy.util.test.junit.AutoTests" name="[73] /home/travis/build/icyphy/ptII/ptolemy/domains/continuous/test/auto/IntegratorImpulse.xml (RunModel)" time="0.008" />
  <testcase classname="ptolemy.util.test.junit.AutoTests" name="[74] /home/travis/build/icyphy/ptII/ptolemy/domains/continuous/test/auto/IntegratorImpulse2.xml (RunModel)" time="0.025" />
  <testcase classname="ptolemy.util.test.junit.AutoTests" name="[75] /home/travis/build/icyphy/ptII/ptolemy/domains/continuous/test/auto/LevelCrossing1.xml (RunModel)" time="0.019" />
  <testcase classname="ptolemy.util.test.junit.AutoTests" name="[76] /home/travis/build/icyphy/ptII/ptolemy/domains/continuous/test/auto/LevelCrossing2.xml (RunModel)" time="0.024" />
  <testcase classname="ptolemy.util.test.junit.AutoTests" name="[77] /home/travis/build/icyphy/ptII/ptolemy/domains/continuous/test/auto/LevelCrossing3.xml (RunModel)" time="0.016" />
  <testcase classname="ptolemy.util.test.junit.AutoTests" name="[78] /home/travis/build/icyphy/ptII/ptolemy/domains/continuous/test/auto/LevelCrossing4.xml (RunModel)" time="0.013" />
  <testcase classname="ptolemy.util.test.junit.AutoTests" name="[79] /home/travis/build/icyphy/ptII/ptolemy/domains/continuous/test/auto/LevelCrossing5.xml (RunModel)" time="0.014" />
  <testcase classname="ptolemy.util.test.junit.AutoTests" name="[80] /home/travis/build/icyphy/ptII/ptolemy/domains/continuous/test/auto/LevelCrossing6.xml (RunModel)" time="0.011" />
  <testcase classname="ptolemy.util.test.junit.AutoTests" name="[81] /home/travis/build/icyphy/ptII/ptolemy/domains/continuous/test/auto/LevelCrossingDetector.xml (RunModel)" time="0.039" />
  <testcase classname="ptolemy.util.test.junit.AutoTests" name="[82] /home/travis/build/icyphy/ptII/ptolemy/domains/continuous/test/auto/LevelCrossingDetectorDetectingDirections.xml (RunModel)" time="0.089" />
  <testcase classname="ptolemy.util.test.junit.AutoTests" name="[83] /home/travis/build/icyphy/ptII/ptolemy/domains/continuous/test/auto/LevelCrossingDetectorDetectsGlitches.xml (RunModel)" time="0.066" />
  <testcase classname="ptolemy.util.test.junit.AutoTests" name="[84] /home/travis/build/icyphy/ptII/ptolemy/domains/continuous/test/auto/LevelCrossingNoInitialOuput.xml (RunModel)" time="0.013" />
  <testcase classname="ptolemy.util.test.junit.AutoTests" name="[85] /home/travis/build/icyphy/ptII/ptolemy/domains/continuous/test/auto/LinearStateSpaceExample.xml (RunModel)" time="0.057" />
  <testcase classname="ptolemy.util.test.junit.AutoTests" name="[86] /home/travis/build/icyphy/ptII/ptolemy/domains/continuous/test/auto/Lorenz.xml (RunModel)" time="4.098" />
  <testcase classname="ptolemy.util.test.junit.AutoTests" name="[87] /home/travis/build/icyphy/ptII/ptolemy/domains/continuous/test/auto/LorenzDifferentialSystem.xml (RunModel)" time="1.212" />
  <testcase classname="ptolemy.util.test.junit.AutoTests" name="[88] /home/travis/build/icyphy/ptII/ptolemy/domains/continuous/test/auto/LorenzDifferentialSystemWithInput.xml (RunModel)" time="1.387" />
  <testcase classname="ptolemy.util.test.junit.AutoTests" name="[89] /home/travis/build/icyphy/ptII/ptolemy/domains/continuous/test/auto/LorenzDifferentialSystemWithTime.xml (RunModel)" time="0.778" />
  <testcase classname="ptolemy.util.test.junit.AutoTests" name="[90] /home/travis/build/icyphy/ptII/ptolemy/domains/continuous/test/auto/Microsteps.xml (RunModel)" time="0.021" />
  <testcase classname="ptolemy.util.test.junit.AutoTests" name="[91] /home/travis/build/icyphy/ptII/ptolemy/domains/continuous/test/auto/Modal1.xml (RunModel)" time="0.036" />
  <testcase classname="ptolemy.util.test.junit.AutoTests" name="[92] /home/travis/build/icyphy/ptII/ptolemy/domains/continuous/test/auto/Modal2.xml (RunModel)" time="0.049" />
  <testcase classname="ptolemy.util.test.junit.AutoTests" name="[93] /home/travis/build/icyphy/ptII/ptolemy/domains/continuous/test/auto/ModalTransitionGuardWithReset.xml (RunModel)" time="0.031" />
  <testcase classname="ptolemy.util.test.junit.AutoTests" name="[94] /home/travis/build/icyphy/ptII/ptolemy/domains/continuous/test/auto/ModalTransitionGuardWithResetUsingPreemptiveTransition.xml (RunModel)" time="0.027" />
  <testcase classname="ptolemy.util.test.junit.AutoTests" name="[95] /home/travis/build/icyphy/ptII/ptolemy/domains/continuous/test/auto/ModalTransitionGuardWithResetUsingPreemptiveTransition2.xml (RunModel)" time="0.03" />
  <testcase classname="ptolemy.util.test.junit.AutoTests" name="[96] /home/travis/build/icyphy/ptII/ptolemy/domains/continuous/test/auto/ModalTransitionGuardWithResetUsingPreemptiveTransition3.xml (RunModel)" time="0.026" />
  <testcase classname="ptolemy.util.test.junit.AutoTests" name="[97] /home/travis/build/icyphy/ptII/ptolemy/domains/continuous/test/auto/NewtonsCradle.xml (RunModel)" time="0.797" />
  <testcase classname="ptolemy.util.test.junit.AutoTests" name="[98] /home/travis/build/icyphy/ptII/ptolemy/domains/continuous/test/auto/NewtonsCradleAnimated.xml (RunModel)" time="1.257" />
  <testcase classname="ptolemy.util.test.junit.AutoTests" name="[99] /home/travis/build/icyphy/ptII/ptolemy/domains/continuous/test/auto/NewtonsCradleComplicated.xml (RunModel)" time="0.916" />
  <testcase classname="ptolemy.util.test.junit.AutoTests" name="[100] /home/travis/build/icyphy/ptII/ptolemy/domains/continuous/test/auto/NewtonsCradleNondeterministic.xml (RunModel)" time="0.695" />
  <testcase classname="ptolemy.util.test.junit.AutoTests" name="[101] /home/travis/build/icyphy/ptII/ptolemy/domains/continuous/test/auto/NewtonsCradlePerfectlyInelastic1.xml (RunModel)" time="1.199" />
  <testcase classname="ptolemy.util.test.junit.AutoTests" name="[102] /home/travis/build/icyphy/ptII/ptolemy/domains/continuous/test/auto/Noise.xml (RunModel)" time="0.186" />
  <testcase classname="ptolemy.util.test.junit.AutoTests" name="[103] /home/travis/build/icyphy/ptII/ptolemy/domains/continuous/test/auto/NoiseSpectrum.xml (RunModel)" time="0.753" />
  <testcase classname="ptolemy.util.test.junit.AutoTests" name="[104] /home/travis/build/icyphy/ptII/ptolemy/domains/continuous/test/auto/ParameterizedNewtonsCradleAnimated.xml (RunModel)" time="0.352" />
  <testcase classname="ptolemy.util.test.junit.AutoTests" name="[105] /home/travis/build/icyphy/ptII/ptolemy/domains/continuous/test/auto/ParameterizedNewtonsCradleAnimatedNondeterministic.xml (RunModel)" time="1.163" />
  <testcase classname="ptolemy.util.test.junit.AutoTests" name="[106] /home/travis/build/icyphy/ptII/ptolemy/domains/continuous/test/auto/Pendulum3D.xml (RunModel)" time="0.178" />
  <testcase classname="ptolemy.util.test.junit.AutoTests" name="[107] /home/travis/build/icyphy/ptII/ptolemy/domains/continuous/test/auto/PeriodicSampler.xml (RunModel)" time="0.014" />
  <testcase classname="ptolemy.util.test.junit.AutoTests" name="[108] /home/travis/build/icyphy/ptII/ptolemy/domains/continuous/test/auto/PeriodicSampler1.xml (RunModel)" time="0.046" />
  <testcase classname="ptolemy.util.test.junit.AutoTests" name="[109] /home/travis/build/icyphy/ptII/ptolemy/domains/continuous/test/auto/PeriodicSampler2.xml (RunModel)" time="0.086" />
  <testcase classname="ptolemy.util.test.junit.AutoTests" name="[110] /home/travis/build/icyphy/ptII/ptolemy/domains/continuous/test/auto/Poisson.xml (RunModel)" time="0.487" />
  <testcase classname="ptolemy.util.test.junit.AutoTests" name="[111] /home/travis/build/icyphy/ptII/ptolemy/domains/continuous/test/auto/PoissonClock.xml (RunModel)" time="0.014" />
  <testcase classname="ptolemy.util.test.junit.AutoTests" name="[112] /home/travis/build/icyphy/ptII/ptolemy/domains/continuous/test/auto/PoissonClock2.xml (RunModel)" time="0.015" />
  <testcase classname="ptolemy.util.test.junit.AutoTests" name="[113] /home/travis/build/icyphy/ptII/ptolemy/domains/continuous/test/auto/PortParameterHierarchy.xml (RunModel)" time="0.024" />
  <testcase classname="ptolemy.util.test.junit.AutoTests" name="[114] /home/travis/build/icyphy/ptII/ptolemy/domains/continuous/test/auto/RandomHybridPlant.xml (RunModel)" time="0.55" />
  <testcase classname="ptolemy.util.test.junit.AutoTests" name="[115] /home/travis/build/icyphy/ptII/ptolemy/domains/continuous/test/auto/ResetTransitionWithStartTime1.xml (RunModel)" time="0.026" />
  <testcase classname="ptolemy.util.test.junit.AutoTests" name="[116] /home/travis/build/icyphy/ptII/ptolemy/domains/continuous/test/auto/ResetTransitionWithStartTime2.xml (RunModel)" time="0.034" />
  <testcase classname="ptolemy.util.test.junit.AutoTests" name="[117] /home/travis/build/icyphy/ptII/ptolemy/domains/continuous/test/auto/ResetTransitionWithStartTime3.xml (RunModel)" time="0.033" />
  <testcase classname="ptolemy.util.test.junit.AutoTests" name="[118] /home/travis/build/icyphy/ptII/ptolemy/domains/continuous/test/auto/ResetTransitionWithStartTime4.xml (RunModel)" time="0.031" />
  <testcase classname="ptolemy.util.test.junit.AutoTests" name="[119] /home/travis/build/icyphy/ptII/ptolemy/domains/continuous/test/auto/ResetTransitionWithStartTime5.xml (RunModel)" time="0.042" />
  <testcase classname="ptolemy.util.test.junit.AutoTests" name="[120] /home/travis/build/icyphy/ptII/ptolemy/domains/continuous/test/auto/ResetTransitionWithStartTime6.xml (RunModel)" time="0.033" />
  <testcase classname="ptolemy.util.test.junit.AutoTests" name="[121] /home/travis/build/icyphy/ptII/ptolemy/domains/continuous/test/auto/SRinContinuous.xml (RunModel)" time="0.023" />
  <testcase classname="ptolemy.util.test.junit.AutoTests" name="[122] /home/travis/build/icyphy/ptII/ptolemy/domains/continuous/test/auto/SampledClocks.xml (RunModel)" time="0.031" />
  <testcase classname="ptolemy.util.test.junit.AutoTests" name="[123] /home/travis/build/icyphy/ptII/ptolemy/domains/continuous/test/auto/Satellite.xml (RunModel)" time="0.95" />
  <testcase classname="ptolemy.util.test.junit.AutoTests" name="[124] /home/travis/build/icyphy/ptII/ptolemy/domains/continuous/test/auto/SigmaDelta.xml (RunModel)" time="2.445" />
  <testcase classname="ptolemy.util.test.junit.AutoTests" name="[125] /home/travis/build/icyphy/ptII/ptolemy/domains/continuous/test/auto/SingleRefinement.xml (RunModel)" time="0.416" />
  <testcase classname="ptolemy.util.test.junit.AutoTests" name="[126] /home/travis/build/icyphy/ptII/ptolemy/domains/continuous/test/auto/SinuBouncingBall.xml (RunModel)" time="0.901" />
  <testcase classname="ptolemy.util.test.junit.AutoTests" name="[127] /home/travis/build/icyphy/ptII/ptolemy/domains/continuous/test/auto/Sinusoid.xml (RunModel)" time="0.012" />
  <testcase classname="ptolemy.util.test.junit.AutoTests" name="[128] /home/travis/build/icyphy/ptII/ptolemy/domains/continuous/test/auto/SinusoidInNoise.xml (RunModel)" time="0.992" />
  <testcase classname="ptolemy.util.test.junit.AutoTests" name="[129] /home/travis/build/icyphy/ptII/ptolemy/domains/continuous/test/auto/SinusoidRK45.xml (RunModel)" time="0.011" />
  <testcase classname="ptolemy.util.test.junit.AutoTests" name="[130] /home/travis/build/icyphy/ptII/ptolemy/domains/continuous/test/auto/SinusoidWithMultipleImpulses.xml (RunModel)" time="0.014" />
  <testcase classname="ptolemy.util.test.junit.AutoTests" name="[131] /home/travis/build/icyphy/ptII/ptolemy/domains/continuous/test/auto/SquareWave.xml (RunModel)" time="0.215" />
  <testcase classname="ptolemy.util.test.junit.AutoTests" name="[132] /home/travis/build/icyphy/ptII/ptolemy/domains/continuous/test/auto/Starmac.xml (RunModel)" time="3.467" />
  <testcase classname="ptolemy.util.test.junit.AutoTests" name="[133] /home/travis/build/icyphy/ptII/ptolemy/domains/continuous/test/auto/StaticUnits.xml (RunModel)" time="2.667" />
  <testcase classname="ptolemy.util.test.junit.AutoTests" name="[134] /home/travis/build/icyphy/ptII/ptolemy/domains/continuous/test/auto/StickyMasses.xml (RunModel)" time="0.211" />
  <testcase classname="ptolemy.util.test.junit.AutoTests" name="[135] /home/travis/build/icyphy/ptII/ptolemy/domains/continuous/test/auto/StopTime.xml (RunModel)" time="0.064" />
  <testcase classname="ptolemy.util.test.junit.AutoTests" name="[136] /home/travis/build/icyphy/ptII/ptolemy/domains/continuous/test/auto/StopTime2.xml (RunModel)" time="0.056" />
  <testcase classname="ptolemy.util.test.junit.AutoTests" name="[137] /home/travis/build/icyphy/ptII/ptolemy/domains/continuous/test/auto/Switch.xml (RunModel)" time="0.066" />
  <testcase classname="ptolemy.util.test.junit.AutoTests" name="[138] /home/travis/build/icyphy/ptII/ptolemy/domains/continuous/test/auto/Thermostat.xml (RunModel)" time="0.209" />
  <testcase classname="ptolemy.util.test.junit.AutoTests" name="[139] /home/travis/build/icyphy/ptII/ptolemy/domains/continuous/test/auto/TimeDelay.xml (RunModel)" time="0.013" />
  <testcase classname="ptolemy.util.test.junit.AutoTests" name="[140] /home/travis/build/icyphy/ptII/ptolemy/domains/continuous/test/auto/TimeDelay2.xml (RunModel)" time="0.024" />
  <testcase classname="ptolemy.util.test.junit.AutoTests" name="[141] /home/travis/build/icyphy/ptII/ptolemy/domains/continuous/test/auto/TimeDelay3.xml (RunModel)" time="0.009" />
  <testcase classname="ptolemy.util.test.junit.AutoTests" name="[142] /home/travis/build/icyphy/ptII/ptolemy/domains/continuous/test/auto/TransferAbsentToInside.xml (RunModel)" time="0.15" />
  <testcase classname="ptolemy.util.test.junit.AutoTests" name="[143] /home/travis/build/icyphy/ptII/ptolemy/domains/continuous/test/auto/Transmission.xml (RunModel)" time="0.848" />
  <testcase classname="ptolemy.util.test.junit.AutoTests" name="[144] /home/travis/build/icyphy/ptII/ptolemy/domains/continuous/test/auto/TriggeredContinuousClock.xml (RunModel)" time="0.061" />
  <testcase classname="ptolemy.util.test.junit.AutoTests" name="[145] /home/travis/build/icyphy/ptII/ptolemy/domains/continuous/test/auto/TwoMachineInfiniteBusControl.xml (RunModel)" time="2.868" />
  <testcase classname="ptolemy.util.test.junit.AutoTests" name="[146] /home/travis/build/icyphy/ptII/ptolemy/domains/continuous/test/auto/V2V.xml (RunModel)" time="0.828" />
  <testcase classname="ptolemy.util.test.junit.AutoTests" name="[147] /home/travis/build/icyphy/ptII/ptolemy/domains/continuous/test/auto/hierarchicalModalModel.xml (RunModel)" time="0.03" />
  <testcase classname="ptolemy.util.test.junit.AutoTests" name="[148] /home/travis/build/icyphy/ptII/ptolemy/domains/continuous/test/auto/hierarchicalModalModel1.xml (RunModel)" time="0.033" />
  <testcase classname="ptolemy.util.test.junit.AutoTests" name="[149] /home/travis/build/icyphy/ptII/ptolemy/domains/continuous/test/auto/hierarchicalModalModel2.xml (RunModel)" time="0.026" />
  <testcase classname="ptolemy.util.test.junit.AutoTests" name="[150] /home/travis/build/icyphy/ptII/ptolemy/domains/continuous/test/auto/hierarchicalModalModel3.xml (RunModel)" time="0.023" />
  <testcase classname="ptolemy.util.test.junit.AutoTests" name="[151] /home/travis/build/icyphy/ptII/ptolemy/domains/continuous/test/auto/hierarchicalModalModel4.xml (RunModel)" time="0.026" />
  <testcase classname="ptolemy.util.test.junit.AutoTests" name="[152] /home/travis/build/icyphy/ptII/ptolemy/domains/continuous/test/auto/junk.xml (RunModel)" time="0.161" />
  <system-out><![CDATA[No tcl tests in /home/travis/build/icyphy/ptII/ptolemy/domains/continuous/test
No auto/knownFailedTests/*.xml tests in /home/travis/build/icyphy/ptII/ptolemy/domains/continuous/test
No auto/linux-amd64/*.xml tests in /home/travis/build/icyphy/ptII/ptolemy/domains/continuous/test
AutoTests.java: About to close Vertx.
AutoTests.java: Vertx closed.

===========================================================================================
----------------- testing Tue Sep 03 20:52:24 UTC 2019 /home/travis/build/icyphy/ptII/ptolemy/domains/continuous/test/auto/BouncingBall.xml
----------------- Instantiating /home/travis/build/icyphy/ptII/ptolemy/domains/continuous/test/auto/BouncingBall.xml
2435 ms. Memory: 120832K Free: 78275K (65%)
----------------- Invoking toplevel() on ptolemy.moml.MoMLSimpleApplication@5072617f
----------------- Done invoking toplevel() on ptolemy.moml.MoMLSimpleApplication@5072617f
reloadAllAccessors: .BouncingBall

===========================================================================================
----------------- testing Tue Sep 03 20:52:27 UTC 2019 /home/travis/build/icyphy/ptII/ptolemy/domains/continuous/test/auto/BouncingBallWithoutGR.xml
----------------- Instantiating /home/travis/build/icyphy/ptII/ptolemy/domains/continuous/test/auto/BouncingBallWithoutGR.xml
745 ms. Memory: 145408K Free: 76085K (52%)
----------------- Invoking toplevel() on ptolemy.moml.MoMLSimpleApplication@2ab30709
----------------- Done invoking toplevel() on ptolemy.moml.MoMLSimpleApplication@2ab30709
reloadAllAccessors: .BouncingBallWithoutGR

===========================================================================================
----------------- testing Tue Sep 03 20:52:28 UTC 2019 /home/travis/build/icyphy/ptII/ptolemy/domains/continuous/test/auto/Brownian.xml
----------------- Instantiating /home/travis/build/icyphy/ptII/ptolemy/domains/continuous/test/auto/Brownian.xml
33 ms. Memory: 145408K Free: 66875K (46%)
----------------- Invoking toplevel() on ptolemy.moml.MoMLSimpleApplication@60c9d8a0
----------------- Done invoking toplevel() on ptolemy.moml.MoMLSimpleApplication@60c9d8a0
reloadAllAccessors: .Brownian

===========================================================================================
----------------- testing Tue Sep 03 20:52:28 UTC 2019 /home/travis/build/icyphy/ptII/ptolemy/domains/continuous/test/auto/CarTracking.xml
----------------- Instantiating /home/travis/build/icyphy/ptII/ptolemy/domains/continuous/test/auto/CarTracking.xml
3610 ms. Memory: 217088K Free: 85903K (40%)
----------------- Invoking toplevel() on ptolemy.moml.MoMLSimpleApplication@5e25936
----------------- Done invoking toplevel() on ptolemy.moml.MoMLSimpleApplication@5e25936
reloadAllAccessors: .CarTracking

===========================================================================================
----------------- testing Tue Sep 03 20:52:32 UTC 2019 /home/travis/build/icyphy/ptII/ptolemy/domains/continuous/test/auto/CartPendulum.xml
----------------- Instantiating /home/travis/build/icyphy/ptII/ptolemy/domains/continuous/test/auto/CartPendulum.xml
424 ms. Memory: 217088K Free: 118901K (55%)
----------------- Invoking toplevel() on ptolemy.moml.MoMLSimpleApplication@1b6082de
----------------- Done invoking toplevel() on ptolemy.moml.MoMLSimpleApplication@1b6082de
reloadAllAccessors: .CartPendulum

===========================================================================================
----------------- testing Tue Sep 03 20:52:33 UTC 2019 /home/travis/build/icyphy/ptII/ptolemy/domains/continuous/test/auto/CausalityInterface10.xml
----------------- Instantiating /home/travis/build/icyphy/ptII/ptolemy/domains/continuous/test/auto/CausalityInterface10.xml
11 ms. Memory: 217088K Free: 108661K (50%)
----------------- Invoking toplevel() on ptolemy.moml.MoMLSimpleApplication@107ab67c
----------------- Done invoking toplevel() on ptolemy.moml.MoMLSimpleApplication@107ab67c
reloadAllAccessors: .CausalityInterface10

===========================================================================================
----------------- testing Tue Sep 03 20:52:33 UTC 2019 /home/travis/build/icyphy/ptII/ptolemy/domains/continuous/test/auto/CausalityInterface11.xml
----------------- Instantiating /home/travis/build/icyphy/ptII/ptolemy/domains/continuous/test/auto/CausalityInterface11.xml
4 ms. Memory: 217088K Free: 102517K (47%)
----------------- Invoking toplevel() on ptolemy.moml.MoMLSimpleApplication@43347f82
----------------- Done invoking toplevel() on ptolemy.moml.MoMLSimpleApplication@43347f82
reloadAllAccessors: .CausalityInterface11

===========================================================================================
----------------- testing Tue Sep 03 20:52:33 UTC 2019 /home/travis/build/icyphy/ptII/ptolemy/domains/continuous/test/auto/CausalityInterface12.xml
----------------- Instantiating /home/travis/build/icyphy/ptII/ptolemy/domains/continuous/test/auto/CausalityInterface12.xml
11 ms. Memory: 217088K Free: 96373K (44%)
----------------- Invoking toplevel() on ptolemy.moml.MoMLSimpleApplication@4baf26de
----------------- Done invoking toplevel() on ptolemy.moml.MoMLSimpleApplication@4baf26de
reloadAllAccessors: .CausalityInterface12

===========================================================================================
----------------- testing Tue Sep 03 20:52:33 UTC 2019 /home/travis/build/icyphy/ptII/ptolemy/domains/continuous/test/auto/CausalityInterface13.xml
----------------- Instantiating /home/travis/build/icyphy/ptII/ptolemy/domains/continuous/test/auto/CausalityInterface13.xml
9 ms. Memory: 217088K Free: 90229K (42%)
----------------- Invoking toplevel() on ptolemy.moml.MoMLSimpleApplication@1bf1ccd5
----------------- Done invoking toplevel() on ptolemy.moml.MoMLSimpleApplication@1bf1ccd5
reloadAllAccessors: .CausalityInterface13

===========================================================================================
----------------- testing Tue Sep 03 20:52:33 UTC 2019 /home/travis/build/icyphy/ptII/ptolemy/domains/continuous/test/auto/CausalityInterface14.xml
----------------- Instantiating /home/travis/build/icyphy/ptII/ptolemy/domains/continuous/test/auto/CausalityInterface14.xml
4 ms. Memory: 217088K Free: 84581K (39%)
----------------- Invoking toplevel() on ptolemy.moml.MoMLSimpleApplication@41517894
----------------- Done invoking toplevel() on ptolemy.moml.MoMLSimpleApplication@41517894
reloadAllAccessors: .CausalityInterface14

===========================================================================================
----------------- testing Tue Sep 03 20:52:33 UTC 2019 /home/travis/build/icyphy/ptII/ptolemy/domains/continuous/test/auto/CausalityInterface4.xml
----------------- Instantiating /home/travis/build/icyphy/ptII/ptolemy/domains/continuous/test/auto/CausalityInterface4.xml
7 ms. Memory: 217088K Free: 77413K (36%)
----------------- Invoking toplevel() on ptolemy.moml.MoMLSimpleApplication@550e0111
----------------- Done invoking toplevel() on ptolemy.moml.MoMLSimpleApplication@550e0111
reloadAllAccessors: .CausalityInterface4

===========================================================================================
----------------- testing Tue Sep 03 20:52:33 UTC 2019 /home/travis/build/icyphy/ptII/ptolemy/domains/continuous/test/auto/CausalityInterface5.xml
----------------- Instantiating /home/travis/build/icyphy/ptII/ptolemy/domains/continuous/test/auto/CausalityInterface5.xml
9 ms. Memory: 217088K Free: 197786K (91%)
----------------- Invoking toplevel() on ptolemy.moml.MoMLSimpleApplication@2d036795
----------------- Done invoking toplevel() on ptolemy.moml.MoMLSimpleApplication@2d036795
reloadAllAccessors: .CausalityInterface5

===========================================================================================
----------------- testing Tue Sep 03 20:52:33 UTC 2019 /home/travis/build/icyphy/ptII/ptolemy/domains/continuous/test/auto/CausalityInterface6.xml
----------------- Instantiating /home/travis/build/icyphy/ptII/ptolemy/domains/continuous/test/auto/CausalityInterface6.xml
8 ms. Memory: 217088K Free: 192156K (89%)
----------------- Invoking toplevel() on ptolemy.moml.MoMLSimpleApplication@5a5d0cb5
----------------- Done invoking toplevel() on ptolemy.moml.MoMLSimpleApplication@5a5d0cb5
reloadAllAccessors: .CausalityInterface6

===========================================================================================
----------------- testing Tue Sep 03 20:52:33 UTC 2019 /home/travis/build/icyphy/ptII/ptolemy/domains/continuous/test/auto/CausalityInterface7.xml
----------------- Instantiating /home/travis/build/icyphy/ptII/ptolemy/domains/continuous/test/auto/CausalityInterface7.xml
7 ms. Memory: 217088K Free: 183450K (85%)
----------------- Invoking toplevel() on ptolemy.moml.MoMLSimpleApplication@512f4ddd
----------------- Done invoking toplevel() on ptolemy.moml.MoMLSimpleApplication@512f4ddd
reloadAllAccessors: .CausalityInterface7

===========================================================================================
----------------- testing Tue Sep 03 20:52:33 UTC 2019 /home/travis/build/icyphy/ptII/ptolemy/domains/continuous/test/auto/CausalityInterface8.xml
----------------- Instantiating /home/travis/build/icyphy/ptII/ptolemy/domains/continuous/test/auto/CausalityInterface8.xml
6 ms. Memory: 217088K Free: 174234K (80%)
----------------- Invoking toplevel() on ptolemy.moml.MoMLSimpleApplication@6a269c5e
----------------- Done invoking toplevel() on ptolemy.moml.MoMLSimpleApplication@6a269c5e
reloadAllAccessors: .CausalityInterface8

===========================================================================================
----------------- testing Tue Sep 03 20:52:33 UTC 2019 /home/travis/build/icyphy/ptII/ptolemy/domains/continuous/test/auto/CausalityInterface9.xml
----------------- Instantiating /home/travis/build/icyphy/ptII/ptolemy/domains/continuous/test/auto/CausalityInterface9.xml
5 ms. Memory: 217088K Free: 163484K (75%)
----------------- Invoking toplevel() on ptolemy.moml.MoMLSimpleApplication@3f327291
----------------- Done invoking toplevel() on ptolemy.moml.MoMLSimpleApplication@3f327291
reloadAllAccessors: .CausalityInterface9

===========================================================================================
----------------- testing Tue Sep 03 20:52:33 UTC 2019 /home/travis/build/icyphy/ptII/ptolemy/domains/continuous/test/auto/CausalityInterfaceFeedback1.xml
----------------- Instantiating /home/travis/build/icyphy/ptII/ptolemy/domains/continuous/test/auto/CausalityInterfaceFeedback1.xml
6 ms. Memory: 217088K Free: 156812K (72%)
----------------- Invoking toplevel() on ptolemy.moml.MoMLSimpleApplication@68e24803
----------------- Done invoking toplevel() on ptolemy.moml.MoMLSimpleApplication@68e24803
reloadAllAccessors: .CausalityInterfaceFeedback1

===========================================================================================
----------------- testing Tue Sep 03 20:52:33 UTC 2019 /home/travis/build/icyphy/ptII/ptolemy/domains/continuous/test/auto/CausalityInterfaceFeedback2.xml
----------------- Instantiating /home/travis/build/icyphy/ptII/ptolemy/domains/continuous/test/auto/CausalityInterfaceFeedback2.xml
3 ms. Memory: 217088K Free: 150172K (69%)
----------------- Invoking toplevel() on ptolemy.moml.MoMLSimpleApplication@2b13c44e
----------------- Done invoking toplevel() on ptolemy.moml.MoMLSimpleApplication@2b13c44e
reloadAllAccessors: .CausalityInterfaceFeedback2

===========================================================================================
----------------- testing Tue Sep 03 20:52:33 UTC 2019 /home/travis/build/icyphy/ptII/ptolemy/domains/continuous/test/auto/CompareWithCurrentTime.xml
----------------- Instantiating /home/travis/build/icyphy/ptII/ptolemy/domains/continuous/test/auto/CompareWithCurrentTime.xml
5 ms. Memory: 217088K Free: 146076K (67%)
----------------- Invoking toplevel() on ptolemy.moml.MoMLSimpleApplication@20d887c2
----------------- Done invoking toplevel() on ptolemy.moml.MoMLSimpleApplication@20d887c2
reloadAllAccessors: .CompareWithCurrentTime

===========================================================================================
----------------- testing Tue Sep 03 20:52:33 UTC 2019 /home/travis/build/icyphy/ptII/ptolemy/domains/continuous/test/auto/ComparedClocks.xml
----------------- Instantiating /home/travis/build/icyphy/ptII/ptolemy/domains/continuous/test/auto/ComparedClocks.xml
7 ms. Memory: 217088K Free: 130716K (60%)
----------------- Invoking toplevel() on ptolemy.moml.MoMLSimpleApplication@3cf8669a
----------------- Done invoking toplevel() on ptolemy.moml.MoMLSimpleApplication@3cf8669a
reloadAllAccessors: .ComparedClocks

===========================================================================================
----------------- testing Tue Sep 03 20:52:33 UTC 2019 /home/travis/build/icyphy/ptII/ptolemy/domains/continuous/test/auto/ContinuousAOCClone.xml
----------------- Instantiating /home/travis/build/icyphy/ptII/ptolemy/domains/continuous/test/auto/ContinuousAOCClone.xml
2516 ms. Memory: 261120K Free: 170289K (65%)
----------------- Invoking toplevel() on ptolemy.moml.MoMLSimpleApplication@5fc0827d
----------------- Done invoking toplevel() on ptolemy.moml.MoMLSimpleApplication@5fc0827d
reloadAllAccessors: .ContinuousAOCClone

===========================================================================================
----------------- testing Tue Sep 03 20:52:36 UTC 2019 /home/travis/build/icyphy/ptII/ptolemy/domains/continuous/test/auto/ContinuousClock.xml
----------------- Instantiating /home/travis/build/icyphy/ptII/ptolemy/domains/continuous/test/auto/ContinuousClock.xml
29 ms. Memory: 261120K Free: 148275K (57%)
----------------- Invoking toplevel() on ptolemy.moml.MoMLSimpleApplication@53f4affb
----------------- Done invoking toplevel() on ptolemy.moml.MoMLSimpleApplication@53f4affb
reloadAllAccessors: .ContinuousClock

===========================================================================================
----------------- testing Tue Sep 03 20:52:36 UTC 2019 /home/travis/build/icyphy/ptII/ptolemy/domains/continuous/test/auto/ContinuousInContinuous.xml
----------------- Instantiating /home/travis/build/icyphy/ptII/ptolemy/domains/continuous/test/auto/ContinuousInContinuous.xml
38 ms. Memory: 261120K Free: 124723K (48%)
----------------- Invoking toplevel() on ptolemy.moml.MoMLSimpleApplication@9fb6228
----------------- Done invoking toplevel() on ptolemy.moml.MoMLSimpleApplication@9fb6228
reloadAllAccessors: .ContinuousInContinuous

===========================================================================================
----------------- testing Tue Sep 03 20:52:36 UTC 2019 /home/travis/build/icyphy/ptII/ptolemy/domains/continuous/test/auto/ContinuousInContinuousInContinuous.xml
----------------- Instantiating /home/travis/build/icyphy/ptII/ptolemy/domains/continuous/test/auto/ContinuousInContinuousInContinuous.xml
5 ms. Memory: 261120K Free: 117041K (45%)
----------------- Invoking toplevel() on ptolemy.moml.MoMLSimpleApplication@29ea78b3
----------------- Done invoking toplevel() on ptolemy.moml.MoMLSimpleApplication@29ea78b3
reloadAllAccessors: .ContinuousInContinuousInContinuous

===========================================================================================
----------------- testing Tue Sep 03 20:52:36 UTC 2019 /home/travis/build/icyphy/ptII/ptolemy/domains/continuous/test/auto/ContinuousInDE.xml
----------------- Instantiating /home/travis/build/icyphy/ptII/ptolemy/domains/continuous/test/auto/ContinuousInDE.xml
104 ms. Memory: 261120K Free: 106291K (41%)
----------------- Invoking toplevel() on ptolemy.moml.MoMLSimpleApplication@7372e993
----------------- Done invoking toplevel() on ptolemy.moml.MoMLSimpleApplication@7372e993
reloadAllAccessors: .ContinuousInDE

===========================================================================================
----------------- testing Tue Sep 03 20:52:36 UTC 2019 /home/travis/build/icyphy/ptII/ptolemy/domains/continuous/test/auto/ContinuousInDE2.xml
----------------- Instantiating /home/travis/build/icyphy/ptII/ptolemy/domains/continuous/test/auto/ContinuousInDE2.xml
40 ms. Memory: 261120K Free: 96561K (37%)
----------------- Invoking toplevel() on ptolemy.moml.MoMLSimpleApplication@7b15fd39
----------------- Done invoking toplevel() on ptolemy.moml.MoMLSimpleApplication@7b15fd39
reloadAllAccessors: .ContinuousInDE2

===========================================================================================
----------------- testing Tue Sep 03 20:52:36 UTC 2019 /home/travis/build/icyphy/ptII/ptolemy/domains/continuous/test/auto/ContinuousInDE3.xml
----------------- Instantiating /home/travis/build/icyphy/ptII/ptolemy/domains/continuous/test/auto/ContinuousInDE3.xml
41 ms. Memory: 261120K Free: 242086K (93%)
----------------- Invoking toplevel() on ptolemy.moml.MoMLSimpleApplication@20740108
----------------- Done invoking toplevel() on ptolemy.moml.MoMLSimpleApplication@20740108
reloadAllAccessors: .ContinuousInDE3

===========================================================================================
----------------- testing Tue Sep 03 20:52:36 UTC 2019 /home/travis/build/icyphy/ptII/ptolemy/domains/continuous/test/auto/ContinuousInDE4.xml
----------------- Instantiating /home/travis/build/icyphy/ptII/ptolemy/domains/continuous/test/auto/ContinuousInDE4.xml
13 ms. Memory: 261120K Free: 235730K (90%)
----------------- Invoking toplevel() on ptolemy.moml.MoMLSimpleApplication@389aa99b
----------------- Done invoking toplevel() on ptolemy.moml.MoMLSimpleApplication@389aa99b
reloadAllAccessors: .ContinuousInDE4

===========================================================================================
----------------- testing Tue Sep 03 20:52:37 UTC 2019 /home/travis/build/icyphy/ptII/ptolemy/domains/continuous/test/auto/ContinuousInDEDifferentRefinements.xml
----------------- Instantiating /home/travis/build/icyphy/ptII/ptolemy/domains/continuous/test/auto/ContinuousInDEDifferentRefinements.xml
57 ms. Memory: 261120K Free: 204482K (78%)
----------------- Invoking toplevel() on ptolemy.moml.MoMLSimpleApplication@672bb09f
----------------- Done invoking toplevel() on ptolemy.moml.MoMLSimpleApplication@672bb09f
reloadAllAccessors: .ContinuousInDEDifferentRefinements

===========================================================================================
----------------- testing Tue Sep 03 20:52:37 UTC 2019 /home/travis/build/icyphy/ptII/ptolemy/domains/continuous/test/auto/ContinuousInDEDifferentRefinementsPreemptive.xml
----------------- Instantiating /home/travis/build/icyphy/ptII/ptolemy/domains/continuous/test/auto/ContinuousInDEDifferentRefinementsPreemptive.xml
45 ms. Memory: 261120K Free: 173776K (67%)
----------------- Invoking toplevel() on ptolemy.moml.MoMLSimpleApplication@4989bf2a
----------------- Done invoking toplevel() on ptolemy.moml.MoMLSimpleApplication@4989bf2a
reloadAllAccessors: .ContinuousInDEDifferentRefinementsPreemptive

===========================================================================================
----------------- testing Tue Sep 03 20:52:37 UTC 2019 /home/travis/build/icyphy/ptII/ptolemy/domains/continuous/test/auto/ContinuousInDEInContinuous2.xml
----------------- Instantiating /home/travis/build/icyphy/ptII/ptolemy/domains/continuous/test/auto/ContinuousInDEInContinuous2.xml
33 ms. Memory: 261120K Free: 162512K (62%)
----------------- Invoking toplevel() on ptolemy.moml.MoMLSimpleApplication@39dcb1db
----------------- Done invoking toplevel() on ptolemy.moml.MoMLSimpleApplication@39dcb1db
reloadAllAccessors: .ContinuousInDEInContinuous2

===========================================================================================
----------------- testing Tue Sep 03 20:52:37 UTC 2019 /home/travis/build/icyphy/ptII/ptolemy/domains/continuous/test/auto/ContinuousInDEInContinuous3.xml
----------------- Instantiating /home/travis/build/icyphy/ptII/ptolemy/domains/continuous/test/auto/ContinuousInDEInContinuous3.xml
35 ms. Memory: 261120K Free: 150224K (58%)
----------------- Invoking toplevel() on ptolemy.moml.MoMLSimpleApplication@6d2b605b
----------------- Done invoking toplevel() on ptolemy.moml.MoMLSimpleApplication@6d2b605b
reloadAllAccessors: .ContinuousInDEInContinuous3

===========================================================================================
----------------- testing Tue Sep 03 20:52:37 UTC 2019 /home/travis/build/icyphy/ptII/ptolemy/domains/continuous/test/auto/ContinuousInDEInput.xml
----------------- Instantiating /home/travis/build/icyphy/ptII/ptolemy/domains/continuous/test/auto/ContinuousInDEInput.xml
15 ms. Memory: 261120K Free: 143056K (55%)
----------------- Invoking toplevel() on ptolemy.moml.MoMLSimpleApplication@71850f8f
----------------- Done invoking toplevel() on ptolemy.moml.MoMLSimpleApplication@71850f8f
reloadAllAccessors: .ContinuousInDEInput

===========================================================================================
----------------- testing Tue Sep 03 20:52:37 UTC 2019 /home/travis/build/icyphy/ptII/ptolemy/domains/continuous/test/auto/ContinuousInDEInput2.xml
----------------- Instantiating /home/travis/build/icyphy/ptII/ptolemy/domains/continuous/test/auto/ContinuousInDEInput2.xml
14 ms. Memory: 261120K Free: 135888K (52%)
----------------- Invoking toplevel() on ptolemy.moml.MoMLSimpleApplication@3c20cd17
----------------- Done invoking toplevel() on ptolemy.moml.MoMLSimpleApplication@3c20cd17
reloadAllAccessors: .ContinuousInDEInput2

===========================================================================================
----------------- testing Tue Sep 03 20:52:37 UTC 2019 /home/travis/build/icyphy/ptII/ptolemy/domains/continuous/test/auto/ContinuousInDEInput3.xml
----------------- Instantiating /home/travis/build/icyphy/ptII/ptolemy/domains/continuous/test/auto/ContinuousInDEInput3.xml
15 ms. Memory: 261120K Free: 128720K (49%)
----------------- Invoking toplevel() on ptolemy.moml.MoMLSimpleApplication@6c40e7e9
----------------- Done invoking toplevel() on ptolemy.moml.MoMLSimpleApplication@6c40e7e9
reloadAllAccessors: .ContinuousInDEInput3

===========================================================================================
----------------- testing Tue Sep 03 20:52:37 UTC 2019 /home/travis/build/icyphy/ptII/ptolemy/domains/continuous/test/auto/ContinuousInDESharingRefinement.xml
----------------- Instantiating /home/travis/build/icyphy/ptII/ptolemy/domains/continuous/test/auto/ContinuousInDESharingRefinement.xml
141 ms. Memory: 261120K Free: 190321K (73%)
----------------- Invoking toplevel() on ptolemy.moml.MoMLSimpleApplication@7977702b
----------------- Done invoking toplevel() on ptolemy.moml.MoMLSimpleApplication@7977702b
reloadAllAccessors: .ContinuousInDESharingRefinement

===========================================================================================
----------------- testing Tue Sep 03 20:52:37 UTC 2019 /home/travis/build/icyphy/ptII/ptolemy/domains/continuous/test/auto/ContinuousInDEwithNoPorts.xml
----------------- Instantiating /home/travis/build/icyphy/ptII/ptolemy/domains/continuous/test/auto/ContinuousInDEwithNoPorts.xml
3 ms. Memory: 261120K Free: 185729K (71%)
----------------- Invoking toplevel() on ptolemy.moml.MoMLSimpleApplication@17208ed6
----------------- Done invoking toplevel() on ptolemy.moml.MoMLSimpleApplication@17208ed6
reloadAllAccessors: .ContinuousInDEwithNoPorts

===========================================================================================
----------------- testing Tue Sep 03 20:52:37 UTC 2019 /home/travis/build/icyphy/ptII/ptolemy/domains/continuous/test/auto/ContinuousInsideDE.xml
----------------- Instantiating /home/travis/build/icyphy/ptII/ptolemy/domains/continuous/test/auto/ContinuousInsideDE.xml
32 ms. Memory: 261120K Free: 174465K (67%)
----------------- Invoking toplevel() on ptolemy.moml.MoMLSimpleApplication@75c021a6
----------------- Done invoking toplevel() on ptolemy.moml.MoMLSimpleApplication@75c021a6
reloadAllAccessors: .ContinuousInsideDE

===========================================================================================
----------------- testing Tue Sep 03 20:52:37 UTC 2019 /home/travis/build/icyphy/ptII/ptolemy/domains/continuous/test/auto/ContinuousMerge1.xml
----------------- Instantiating /home/travis/build/icyphy/ptII/ptolemy/domains/continuous/test/auto/ContinuousMerge1.xml
3 ms. Memory: 261120K Free: 169825K (65%)
----------------- Invoking toplevel() on ptolemy.moml.MoMLSimpleApplication@8e3bd17
----------------- Done invoking toplevel() on ptolemy.moml.MoMLSimpleApplication@8e3bd17
reloadAllAccessors: .ContinuousMerge1

===========================================================================================
----------------- testing Tue Sep 03 20:52:37 UTC 2019 /home/travis/build/icyphy/ptII/ptolemy/domains/continuous/test/auto/ContinuousMerge2.xml
----------------- Instantiating /home/travis/build/icyphy/ptII/ptolemy/domains/continuous/test/auto/ContinuousMerge2.xml
10 ms. Memory: 261120K Free: 159615K (61%)
----------------- Invoking toplevel() on ptolemy.moml.MoMLSimpleApplication@3a545822
----------------- Done invoking toplevel() on ptolemy.moml.MoMLSimpleApplication@3a545822
reloadAllAccessors: .ContinuousMerge2

===========================================================================================
----------------- testing Tue Sep 03 20:52:37 UTC 2019 /home/travis/build/icyphy/ptII/ptolemy/domains/continuous/test/auto/ContinuousMerge3.xml
----------------- Instantiating /home/travis/build/icyphy/ptII/ptolemy/domains/continuous/test/auto/ContinuousMerge3.xml
42 ms. Memory: 261120K Free: 148865K (57%)
----------------- Invoking toplevel() on ptolemy.moml.MoMLSimpleApplication@7514bd3c
----------------- Done invoking toplevel() on ptolemy.moml.MoMLSimpleApplication@7514bd3c
reloadAllAccessors: .ContinuousMerge3

===========================================================================================
----------------- testing Tue Sep 03 20:52:37 UTC 2019 /home/travis/build/icyphy/ptII/ptolemy/domains/continuous/test/auto/ContinuousWithinContinuous.xml
----------------- Instantiating /home/travis/build/icyphy/ptII/ptolemy/domains/continuous/test/auto/ContinuousWithinContinuous.xml
35 ms. Memory: 261120K Free: 139649K (53%)
----------------- Invoking toplevel() on ptolemy.moml.MoMLSimpleApplication@1daf4e8b
----------------- Done invoking toplevel() on ptolemy.moml.MoMLSimpleApplication@1daf4e8b
reloadAllAccessors: .ContinuousWithinContinuous

===========================================================================================
----------------- testing Tue Sep 03 20:52:37 UTC 2019 /home/travis/build/icyphy/ptII/ptolemy/domains/continuous/test/auto/ContinuousWithinContinuous2.xml
----------------- Instantiating /home/travis/build/icyphy/ptII/ptolemy/domains/continuous/test/auto/ContinuousWithinContinuous2.xml
62 ms. Memory: 261120K Free: 128895K (49%)
----------------- Invoking toplevel() on ptolemy.moml.MoMLSimpleApplication@3d7bf0e7
----------------- Done invoking toplevel() on ptolemy.moml.MoMLSimpleApplication@3d7bf0e7
reloadAllAccessors: .ContinuousWithinContinuous2

===========================================================================================
----------------- testing Tue Sep 03 20:52:37 UTC 2019 /home/travis/build/icyphy/ptII/ptolemy/domains/continuous/test/auto/ContinuousWithinContinuous3.xml
----------------- Instantiating /home/travis/build/icyphy/ptII/ptolemy/domains/continuous/test/auto/ContinuousWithinContinuous3.xml
10 ms. Memory: 261120K Free: 122241K (47%)
----------------- Invoking toplevel() on ptolemy.moml.MoMLSimpleApplication@6539ef40
----------------- Done invoking toplevel() on ptolemy.moml.MoMLSimpleApplication@6539ef40
reloadAllAccessors: .ContinuousWithinContinuous3

===========================================================================================
----------------- testing Tue Sep 03 20:52:37 UTC 2019 /home/travis/build/icyphy/ptII/ptolemy/domains/continuous/test/auto/ContinuousWithinContinuous4.xml
----------------- Instantiating /home/travis/build/icyphy/ptII/ptolemy/domains/continuous/test/auto/ContinuousWithinContinuous4.xml
64 ms. Memory: 261120K Free: 109439K (42%)
----------------- Invoking toplevel() on ptolemy.moml.MoMLSimpleApplication@61ec9515
----------------- Done invoking toplevel() on ptolemy.moml.MoMLSimpleApplication@61ec9515
reloadAllAccessors: .ContinuousWithinContinuous4

===========================================================================================
----------------- testing Tue Sep 03 20:52:38 UTC 2019 /home/travis/build/icyphy/ptII/ptolemy/domains/continuous/test/auto/ContinuousWithinContinuous5.xml
----------------- Instantiating /home/travis/build/icyphy/ptII/ptolemy/domains/continuous/test/auto/ContinuousWithinContinuous5.xml
12 ms. Memory: 261120K Free: 102271K (39%)
----------------- Invoking toplevel() on ptolemy.moml.MoMLSimpleApplication@1e5f0876
----------------- Done invoking toplevel() on ptolemy.moml.MoMLSimpleApplication@1e5f0876
reloadAllAccessors: .ContinuousWithinContinuous5

===========================================================================================
----------------- testing Tue Sep 03 20:52:38 UTC 2019 /home/travis/build/icyphy/ptII/ptolemy/domains/continuous/test/auto/ContinuousWithinContinuous6.xml
----------------- Instantiating /home/travis/build/icyphy/ptII/ptolemy/domains/continuous/test/auto/ContinuousWithinContinuous6.xml
11 ms. Memory: 261120K Free: 95103K (36%)
----------------- Invoking toplevel() on ptolemy.moml.MoMLSimpleApplication@29c4001a
----------------- Done invoking toplevel() on ptolemy.moml.MoMLSimpleApplication@29c4001a
reloadAllAccessors: .ContinuousWithinContinuous6

===========================================================================================
----------------- testing Tue Sep 03 20:52:38 UTC 2019 /home/travis/build/icyphy/ptII/ptolemy/domains/continuous/test/auto/ContinuousWithinContinuous7.xml
----------------- Instantiating /home/travis/build/icyphy/ptII/ptolemy/domains/continuous/test/auto/ContinuousWithinContinuous7.xml
56 ms. Memory: 261120K Free: 240068K (92%)
----------------- Invoking toplevel() on ptolemy.moml.MoMLSimpleApplication@333aa5af
----------------- Done invoking toplevel() on ptolemy.moml.MoMLSimpleApplication@333aa5af
reloadAllAccessors: .ContinuousWithinContinuous7

===========================================================================================
----------------- testing Tue Sep 03 20:52:38 UTC 2019 /home/travis/build/icyphy/ptII/ptolemy/domains/continuous/test/auto/DCMotor.xml
----------------- Instantiating /home/travis/build/icyphy/ptII/ptolemy/domains/continuous/test/auto/DCMotor.xml
13220 ms. Memory: 261120K Free: 91547K (35%)
----------------- Invoking toplevel() on ptolemy.moml.MoMLSimpleApplication@355776e3
----------------- Done invoking toplevel() on ptolemy.moml.MoMLSimpleApplication@355776e3
reloadAllAccessors: .DCMotor

===========================================================================================
----------------- testing Tue Sep 03 20:52:51 UTC 2019 /home/travis/build/icyphy/ptII/ptolemy/domains/continuous/test/auto/DEInContinuous.xml
----------------- Instantiating /home/travis/build/icyphy/ptII/ptolemy/domains/continuous/test/auto/DEInContinuous.xml
16 ms. Memory: 261120K Free: 241058K (92%)
----------------- Invoking toplevel() on ptolemy.moml.MoMLSimpleApplication@38c27e9f
----------------- Done invoking toplevel() on ptolemy.moml.MoMLSimpleApplication@38c27e9f
reloadAllAccessors: .DEInContinuous

===========================================================================================
----------------- testing Tue Sep 03 20:52:51 UTC 2019 /home/travis/build/icyphy/ptII/ptolemy/domains/continuous/test/auto/DEinContinuous2.xml
----------------- Instantiating /home/travis/build/icyphy/ptII/ptolemy/domains/continuous/test/auto/DEinContinuous2.xml
11 ms. Memory: 261120K Free: 233380K (89%)
----------------- Invoking toplevel() on ptolemy.moml.MoMLSimpleApplication@456a8bf2
----------------- Done invoking toplevel() on ptolemy.moml.MoMLSimpleApplication@456a8bf2
reloadAllAccessors: .DEinContinuous2

===========================================================================================
----------------- testing Tue Sep 03 20:52:51 UTC 2019 /home/travis/build/icyphy/ptII/ptolemy/domains/continuous/test/auto/Derivative.xml
----------------- Instantiating /home/travis/build/icyphy/ptII/ptolemy/domains/continuous/test/auto/Derivative.xml
150 ms. Memory: 261120K Free: 203684K (78%)
----------------- Invoking toplevel() on ptolemy.moml.MoMLSimpleApplication@12251561
----------------- Done invoking toplevel() on ptolemy.moml.MoMLSimpleApplication@12251561
reloadAllAccessors: .Derivative2

===========================================================================================
----------------- testing Tue Sep 03 20:52:51 UTC 2019 /home/travis/build/icyphy/ptII/ptolemy/domains/continuous/test/auto/Derivative1.xml
----------------- Instantiating /home/travis/build/icyphy/ptII/ptolemy/domains/continuous/test/auto/Derivative1.xml
15 ms. Memory: 261120K Free: 189348K (73%)
----------------- Invoking toplevel() on ptolemy.moml.MoMLSimpleApplication@3c85166
----------------- Done invoking toplevel() on ptolemy.moml.MoMLSimpleApplication@3c85166
reloadAllAccessors: .Derivative1

===========================================================================================
----------------- testing Tue Sep 03 20:52:51 UTC 2019 /home/travis/build/icyphy/ptII/ptolemy/domains/continuous/test/auto/DiscreteClock.xml
----------------- Instantiating /home/travis/build/icyphy/ptII/ptolemy/domains/continuous/test/auto/DiscreteClock.xml
3 ms. Memory: 261120K Free: 184228K (71%)
----------------- Invoking toplevel() on ptolemy.moml.MoMLSimpleApplication@1e36cd2f
----------------- Done invoking toplevel() on ptolemy.moml.MoMLSimpleApplication@1e36cd2f
reloadAllAccessors: .DiscreteClock

===========================================================================================
----------------- testing Tue Sep 03 20:52:51 UTC 2019 /home/travis/build/icyphy/ptII/ptolemy/domains/continuous/test/auto/EfficiencyCurve.xml
----------------- Instantiating /home/travis/build/icyphy/ptII/ptolemy/domains/continuous/test/auto/EfficiencyCurve.xml
53 ms. Memory: 261120K Free: 175522K (67%)
----------------- Invoking toplevel() on ptolemy.moml.MoMLSimpleApplication@4cb8f728
----------------- Done invoking toplevel() on ptolemy.moml.MoMLSimpleApplication@4cb8f728
reloadAllAccessors: .EfficiencyCurve

===========================================================================================
----------------- testing Tue Sep 03 20:52:51 UTC 2019 /home/travis/build/icyphy/ptII/ptolemy/domains/continuous/test/auto/ExponentialResponse.xml
----------------- Instantiating /home/travis/build/icyphy/ptII/ptolemy/domains/continuous/test/auto/ExponentialResponse.xml
104 ms. Memory: 261120K Free: 160676K (62%)
----------------- Invoking toplevel() on ptolemy.moml.MoMLSimpleApplication@3bd6a3e1
----------------- Done invoking toplevel() on ptolemy.moml.MoMLSimpleApplication@3bd6a3e1
reloadAllAccessors: .ExponentialResponse

===========================================================================================
----------------- testing Tue Sep 03 20:52:52 UTC 2019 /home/travis/build/icyphy/ptII/ptolemy/domains/continuous/test/auto/ExponentialResponseRK45.xml
----------------- Instantiating /home/travis/build/icyphy/ptII/ptolemy/domains/continuous/test/auto/ExponentialResponseRK45.xml
24 ms. Memory: 261120K Free: 154018K (59%)
----------------- Invoking toplevel() on ptolemy.moml.MoMLSimpleApplication@4c7a64a2
----------------- Done invoking toplevel() on ptolemy.moml.MoMLSimpleApplication@4c7a64a2
reloadAllAccessors: .ExponentialResponseRK45

===========================================================================================
----------------- testing Tue Sep 03 20:52:52 UTC 2019 /home/travis/build/icyphy/ptII/ptolemy/domains/continuous/test/auto/Friction.xml
----------------- Instantiating /home/travis/build/icyphy/ptII/ptolemy/domains/continuous/test/auto/Friction.xml
1476 ms. Memory: 261120K Free: 191839K (73%)
----------------- Invoking toplevel() on ptolemy.moml.MoMLSimpleApplication@50e6405a
----------------- Done invoking toplevel() on ptolemy.moml.MoMLSimpleApplication@50e6405a
reloadAllAccessors: .Friction

===========================================================================================
----------------- testing Tue Sep 03 20:52:53 UTC 2019 /home/travis/build/icyphy/ptII/ptolemy/domains/continuous/test/auto/FurutaPendulum.xml
----------------- Instantiating /home/travis/build/icyphy/ptII/ptolemy/domains/continuous/test/auto/FurutaPendulum.xml
3439 ms. Memory: 261120K Free: 141598K (54%)
----------------- Invoking toplevel() on ptolemy.moml.MoMLSimpleApplication@1ccff03d
----------------- Done invoking toplevel() on ptolemy.moml.MoMLSimpleApplication@1ccff03d
reloadAllAccessors: .FurutaPendulum

===========================================================================================
----------------- testing Tue Sep 03 20:52:57 UTC 2019 /home/travis/build/icyphy/ptII/ptolemy/domains/continuous/test/auto/HierarchicalExecution.xml
----------------- Instantiating /home/travis/build/icyphy/ptII/ptolemy/domains/continuous/test/auto/HierarchicalExecution.xml
2056 ms. Memory: 313344K Free: 217913K (70%)
----------------- Invoking toplevel() on ptolemy.moml.MoMLSimpleApplication@5891812
----------------- Done invoking toplevel() on ptolemy.moml.MoMLSimpleApplication@5891812
reloadAllAccessors: .HierarchicalExecution

===========================================================================================
----------------- testing Tue Sep 03 20:52:59 UTC 2019 /home/travis/build/icyphy/ptII/ptolemy/domains/continuous/test/auto/HybridPlant.xml
----------------- Instantiating /home/travis/build/icyphy/ptII/ptolemy/domains/continuous/test/auto/HybridPlant.xml
533 ms. Memory: 313344K Free: 138132K (44%)
----------------- Invoking toplevel() on ptolemy.moml.MoMLSimpleApplication@693f684a
----------------- Done invoking toplevel() on ptolemy.moml.MoMLSimpleApplication@693f684a
reloadAllAccessors: .HybridPlant

===========================================================================================
----------------- testing Tue Sep 03 20:53:00 UTC 2019 /home/travis/build/icyphy/ptII/ptolemy/domains/continuous/test/auto/Hysteresis.xml
----------------- Instantiating /home/travis/build/icyphy/ptII/ptolemy/domains/continuous/test/auto/Hysteresis.xml
157 ms. Memory: 313344K Free: 260665K (83%)
----------------- Invoking toplevel() on ptolemy.moml.MoMLSimpleApplication@4995a009
----------------- Done invoking toplevel() on ptolemy.moml.MoMLSimpleApplication@4995a009
reloadAllAccessors: .Hysteresis

===========================================================================================
----------------- testing Tue Sep 03 20:53:00 UTC 2019 /home/travis/build/icyphy/ptII/ptolemy/domains/continuous/test/auto/HysteresisWithRandomDelay.xml
----------------- Instantiating /home/travis/build/icyphy/ptII/ptolemy/domains/continuous/test/auto/HysteresisWithRandomDelay.xml
184 ms. Memory: 313344K Free: 188308K (60%)
----------------- Invoking toplevel() on ptolemy.moml.MoMLSimpleApplication@4a15417d
----------------- Done invoking toplevel() on ptolemy.moml.MoMLSimpleApplication@4a15417d
reloadAllAccessors: .HysteresisWithRandomDelay

===========================================================================================
----------------- testing Tue Sep 03 20:53:00 UTC 2019 /home/travis/build/icyphy/ptII/ptolemy/domains/continuous/test/auto/HysteresisWithRandomLosses.xml
----------------- Instantiating /home/travis/build/icyphy/ptII/ptolemy/domains/continuous/test/auto/HysteresisWithRandomLosses.xml
2371 ms. Memory: 313344K Free: 172101K (55%)
----------------- Invoking toplevel() on ptolemy.moml.MoMLSimpleApplication@57901bd
----------------- Done invoking toplevel() on ptolemy.moml.MoMLSimpleApplication@57901bd
reloadAllAccessors: .HysteresisWithRandomLosses

===========================================================================================
----------------- testing Tue Sep 03 20:53:03 UTC 2019 /home/travis/build/icyphy/ptII/ptolemy/domains/continuous/test/auto/ImmediateTransitions.xml
----------------- Instantiating /home/travis/build/icyphy/ptII/ptolemy/domains/continuous/test/auto/ImmediateTransitions.xml
10 ms. Memory: 313344K Free: 160845K (51%)
----------------- Invoking toplevel() on ptolemy.moml.MoMLSimpleApplication@6a5b946f
----------------- Done invoking toplevel() on ptolemy.moml.MoMLSimpleApplication@6a5b946f
reloadAllAccessors: .ImmediateTransitions

===========================================================================================
----------------- testing Tue Sep 03 20:53:03 UTC 2019 /home/travis/build/icyphy/ptII/ptolemy/domains/continuous/test/auto/ImpulseFeedback.xml
----------------- Instantiating /home/travis/build/icyphy/ptII/ptolemy/domains/continuous/test/auto/ImpulseFeedback.xml
7 ms. Memory: 313344K Free: 155221K (50%)
----------------- Invoking toplevel() on ptolemy.moml.MoMLSimpleApplication@293a8979
----------------- Done invoking toplevel() on ptolemy.moml.MoMLSimpleApplication@293a8979
reloadAllAccessors: .ImpulseFeedback

===========================================================================================
----------------- testing Tue Sep 03 20:53:03 UTC 2019 /home/travis/build/icyphy/ptII/ptolemy/domains/continuous/test/auto/ImpulseFeedback2.xml
----------------- Instantiating /home/travis/build/icyphy/ptII/ptolemy/domains/continuous/test/auto/ImpulseFeedback2.xml
7 ms. Memory: 313344K Free: 149587K (48%)
----------------- Invoking toplevel() on ptolemy.moml.MoMLSimpleApplication@15380ca2
----------------- Done invoking toplevel() on ptolemy.moml.MoMLSimpleApplication@15380ca2
reloadAllAccessors: .ImpulseFeedback2

===========================================================================================
----------------- testing Tue Sep 03 20:53:03 UTC 2019 /home/travis/build/icyphy/ptII/ptolemy/domains/continuous/test/auto/IncreasingRatePoisson.xml
----------------- Instantiating /home/travis/build/icyphy/ptII/ptolemy/domains/continuous/test/auto/IncreasingRatePoisson.xml
682 ms. Memory: 313344K Free: 219239K (70%)
----------------- Invoking toplevel() on ptolemy.moml.MoMLSimpleApplication@69ed8cb9
----------------- Done invoking toplevel() on ptolemy.moml.MoMLSimpleApplication@69ed8cb9
reloadAllAccessors: .IncreasingRatePoisson

===========================================================================================
----------------- testing Tue Sep 03 20:53:03 UTC 2019 /home/travis/build/icyphy/ptII/ptolemy/domains/continuous/test/auto/InitialStateFeedback.xml
----------------- Instantiating /home/travis/build/icyphy/ptII/ptolemy/domains/continuous/test/auto/InitialStateFeedback.xml
7 ms. Memory: 313344K Free: 214121K (68%)
----------------- Invoking toplevel() on ptolemy.moml.MoMLSimpleApplication@26431017
----------------- Done invoking toplevel() on ptolemy.moml.MoMLSimpleApplication@26431017
reloadAllAccessors: .InitialStateFeedback

===========================================================================================
----------------- testing Tue Sep 03 20:53:03 UTC 2019 /home/travis/build/icyphy/ptII/ptolemy/domains/continuous/test/auto/Integration.xml
----------------- Instantiating /home/travis/build/icyphy/ptII/ptolemy/domains/continuous/test/auto/Integration.xml
1 ms. Memory: 313344K Free: 210025K (67%)
----------------- Invoking toplevel() on ptolemy.moml.MoMLSimpleApplication@6f8f1249
----------------- Done invoking toplevel() on ptolemy.moml.MoMLSimpleApplication@6f8f1249
reloadAllAccessors: .Integration

===========================================================================================
----------------- testing Tue Sep 03 20:53:03 UTC 2019 /home/travis/build/icyphy/ptII/ptolemy/domains/continuous/test/auto/Integration2.xml
----------------- Instantiating /home/travis/build/icyphy/ptII/ptolemy/domains/continuous/test/auto/Integration2.xml
84 ms. Memory: 313344K Free: 196199K (63%)
----------------- Invoking toplevel() on ptolemy.moml.MoMLSimpleApplication@dda1884
----------------- Done invoking toplevel() on ptolemy.moml.MoMLSimpleApplication@dda1884
reloadAllAccessors: .Integration2

===========================================================================================
----------------- testing Tue Sep 03 20:53:04 UTC 2019 /home/travis/build/icyphy/ptII/ptolemy/domains/continuous/test/auto/Integration3.xml
----------------- Instantiating /home/travis/build/icyphy/ptII/ptolemy/domains/continuous/test/auto/Integration3.xml
2 ms. Memory: 313344K Free: 191593K (61%)
----------------- Invoking toplevel() on ptolemy.moml.MoMLSimpleApplication@2f31312c
----------------- Done invoking toplevel() on ptolemy.moml.MoMLSimpleApplication@2f31312c
reloadAllAccessors: .Integration3

===========================================================================================
----------------- testing Tue Sep 03 20:53:04 UTC 2019 /home/travis/build/icyphy/ptII/ptolemy/domains/continuous/test/auto/Integration5.xml
----------------- Instantiating /home/travis/build/icyphy/ptII/ptolemy/domains/continuous/test/auto/Integration5.xml
2 ms. Memory: 313344K Free: 187497K (60%)
----------------- Invoking toplevel() on ptolemy.moml.MoMLSimpleApplication@cadbb0a
----------------- Done invoking toplevel() on ptolemy.moml.MoMLSimpleApplication@cadbb0a
reloadAllAccessors: .Integration5

===========================================================================================
----------------- testing Tue Sep 03 20:53:04 UTC 2019 /home/travis/build/icyphy/ptII/ptolemy/domains/continuous/test/auto/IntegratorImpulse.xml
----------------- Instantiating /home/travis/build/icyphy/ptII/ptolemy/domains/continuous/test/auto/IntegratorImpulse.xml
2 ms. Memory: 313344K Free: 183401K (59%)
----------------- Invoking toplevel() on ptolemy.moml.MoMLSimpleApplication@144f5a85
----------------- Done invoking toplevel() on ptolemy.moml.MoMLSimpleApplication@144f5a85
reloadAllAccessors: .IntegratorImpulse

===========================================================================================
----------------- testing Tue Sep 03 20:53:04 UTC 2019 /home/travis/build/icyphy/ptII/ptolemy/domains/continuous/test/auto/IntegratorImpulse2.xml
----------------- Instantiating /home/travis/build/icyphy/ptII/ptolemy/domains/continuous/test/auto/IntegratorImpulse2.xml
4 ms. Memory: 313344K Free: 178791K (57%)
----------------- Invoking toplevel() on ptolemy.moml.MoMLSimpleApplication@15b1b6ae
----------------- Done invoking toplevel() on ptolemy.moml.MoMLSimpleApplication@15b1b6ae
reloadAllAccessors: .IntegratorImpulse2

===========================================================================================
----------------- testing Tue Sep 03 20:53:04 UTC 2019 /home/travis/build/icyphy/ptII/ptolemy/domains/continuous/test/auto/LevelCrossing1.xml
----------------- Instantiating /home/travis/build/icyphy/ptII/ptolemy/domains/continuous/test/auto/LevelCrossing1.xml
2 ms. Memory: 313344K Free: 173671K (55%)
----------------- Invoking toplevel() on ptolemy.moml.MoMLSimpleApplication@5460ca52
----------------- Done invoking toplevel() on ptolemy.moml.MoMLSimpleApplication@5460ca52
reloadAllAccessors: .LevelCrossing1

===========================================================================================
----------------- testing Tue Sep 03 20:53:04 UTC 2019 /home/travis/build/icyphy/ptII/ptolemy/domains/continuous/test/auto/LevelCrossing2.xml
----------------- Instantiating /home/travis/build/icyphy/ptII/ptolemy/domains/continuous/test/auto/LevelCrossing2.xml
3 ms. Memory: 313344K Free: 168551K (54%)
----------------- Invoking toplevel() on ptolemy.moml.MoMLSimpleApplication@6dfd8a42
----------------- Done invoking toplevel() on ptolemy.moml.MoMLSimpleApplication@6dfd8a42
reloadAllAccessors: .LevelCrossing2

===========================================================================================
----------------- testing Tue Sep 03 20:53:04 UTC 2019 /home/travis/build/icyphy/ptII/ptolemy/domains/continuous/test/auto/LevelCrossing3.xml
----------------- Instantiating /home/travis/build/icyphy/ptII/ptolemy/domains/continuous/test/auto/LevelCrossing3.xml
7 ms. Memory: 313344K Free: 163431K (52%)
----------------- Invoking toplevel() on ptolemy.moml.MoMLSimpleApplication@61008e8c
----------------- Done invoking toplevel() on ptolemy.moml.MoMLSimpleApplication@61008e8c
reloadAllAccessors: .LevelCrossing3

===========================================================================================
----------------- testing Tue Sep 03 20:53:04 UTC 2019 /home/travis/build/icyphy/ptII/ptolemy/domains/continuous/test/auto/LevelCrossing4.xml
----------------- Instantiating /home/travis/build/icyphy/ptII/ptolemy/domains/continuous/test/auto/LevelCrossing4.xml
3 ms. Memory: 313344K Free: 158297K (51%)
----------------- Invoking toplevel() on ptolemy.moml.MoMLSimpleApplication@2b64efea
----------------- Done invoking toplevel() on ptolemy.moml.MoMLSimpleApplication@2b64efea
reloadAllAccessors: .LevelCrossing4

===========================================================================================
----------------- testing Tue Sep 03 20:53:04 UTC 2019 /home/travis/build/icyphy/ptII/ptolemy/domains/continuous/test/auto/LevelCrossing5.xml
----------------- Instantiating /home/travis/build/icyphy/ptII/ptolemy/domains/continuous/test/auto/LevelCrossing5.xml
3 ms. Memory: 313344K Free: 153191K (49%)
----------------- Invoking toplevel() on ptolemy.moml.MoMLSimpleApplication@22a90856
----------------- Done invoking toplevel() on ptolemy.moml.MoMLSimpleApplication@22a90856
reloadAllAccessors: .LevelCrossing5

===========================================================================================
[...]
4 ms. Memory: 313344K Free: 263541K (84%)
----------------- Invoking toplevel() on ptolemy.moml.MoMLSimpleApplication@705a5e46
----------------- Done invoking toplevel() on ptolemy.moml.MoMLSimpleApplication@705a5e46
reloadAllAccessors: .SRinContinuous

===========================================================================================
----------------- testing Tue Sep 03 20:53:21 UTC 2019 /home/travis/build/icyphy/ptII/ptolemy/domains/continuous/test/auto/SampledClocks.xml
----------------- Instantiating /home/travis/build/icyphy/ptII/ptolemy/domains/continuous/test/auto/SampledClocks.xml
7 ms. Memory: 313344K Free: 250743K (80%)
----------------- Invoking toplevel() on ptolemy.moml.MoMLSimpleApplication@7e226a77
----------------- Done invoking toplevel() on ptolemy.moml.MoMLSimpleApplication@7e226a77
reloadAllAccessors: .SampledClocks

===========================================================================================
----------------- testing Tue Sep 03 20:53:21 UTC 2019 /home/travis/build/icyphy/ptII/ptolemy/domains/continuous/test/auto/Satellite.xml
----------------- Instantiating /home/travis/build/icyphy/ptII/ptolemy/domains/continuous/test/auto/Satellite.xml
912 ms. Memory: 313344K Free: 239705K (76%)
----------------- Invoking toplevel() on ptolemy.moml.MoMLSimpleApplication@7ad8e1e1
----------------- Done invoking toplevel() on ptolemy.moml.MoMLSimpleApplication@7ad8e1e1
reloadAllAccessors: .Satellite

===========================================================================================
----------------- testing Tue Sep 03 20:53:22 UTC 2019 /home/travis/build/icyphy/ptII/ptolemy/domains/continuous/test/auto/SigmaDelta.xml
----------------- Instantiating /home/travis/build/icyphy/ptII/ptolemy/domains/continuous/test/auto/SigmaDelta.xml
2329 ms. Memory: 313344K Free: 159943K (51%)
----------------- Invoking toplevel() on ptolemy.moml.MoMLSimpleApplication@4067f701
----------------- Done invoking toplevel() on ptolemy.moml.MoMLSimpleApplication@4067f701
reloadAllAccessors: .SigmaDelta

===========================================================================================
----------------- testing Tue Sep 03 20:53:24 UTC 2019 /home/travis/build/icyphy/ptII/ptolemy/domains/continuous/test/auto/SingleRefinement.xml
----------------- Instantiating /home/travis/build/icyphy/ptII/ptolemy/domains/continuous/test/auto/SingleRefinement.xml
302 ms. Memory: 313344K Free: 161038K (51%)
----------------- Invoking toplevel() on ptolemy.moml.MoMLSimpleApplication@555c29f8
----------------- Done invoking toplevel() on ptolemy.moml.MoMLSimpleApplication@555c29f8
reloadAllAccessors: .SingleRefinement

===========================================================================================
----------------- testing Tue Sep 03 20:53:25 UTC 2019 /home/travis/build/icyphy/ptII/ptolemy/domains/continuous/test/auto/SinuBouncingBall.xml
----------------- Instantiating /home/travis/build/icyphy/ptII/ptolemy/domains/continuous/test/auto/SinuBouncingBall.xml
825 ms. Memory: 313344K Free: 132019K (42%)
----------------- Invoking toplevel() on ptolemy.moml.MoMLSimpleApplication@42976af8
----------------- Done invoking toplevel() on ptolemy.moml.MoMLSimpleApplication@42976af8
reloadAllAccessors: .SinuBouncingBall

===========================================================================================
----------------- testing Tue Sep 03 20:53:26 UTC 2019 /home/travis/build/icyphy/ptII/ptolemy/domains/continuous/test/auto/Sinusoid.xml
----------------- Instantiating /home/travis/build/icyphy/ptII/ptolemy/domains/continuous/test/auto/Sinusoid.xml
5 ms. Memory: 313344K Free: 127351K (41%)
----------------- Invoking toplevel() on ptolemy.moml.MoMLSimpleApplication@ad49038
----------------- Done invoking toplevel() on ptolemy.moml.MoMLSimpleApplication@ad49038
reloadAllAccessors: .Sinusoid

===========================================================================================
----------------- testing Tue Sep 03 20:53:26 UTC 2019 /home/travis/build/icyphy/ptII/ptolemy/domains/continuous/test/auto/SinusoidInNoise.xml
----------------- Instantiating /home/travis/build/icyphy/ptII/ptolemy/domains/continuous/test/auto/SinusoidInNoise.xml
948 ms. Memory: 313344K Free: 172774K (55%)
----------------- Invoking toplevel() on ptolemy.moml.MoMLSimpleApplication@31218c68
----------------- Done invoking toplevel() on ptolemy.moml.MoMLSimpleApplication@31218c68
reloadAllAccessors: .SinusoidInNoise

===========================================================================================
----------------- testing Tue Sep 03 20:53:27 UTC 2019 /home/travis/build/icyphy/ptII/ptolemy/domains/continuous/test/auto/SinusoidRK45.xml
----------------- Instantiating /home/travis/build/icyphy/ptII/ptolemy/domains/continuous/test/auto/SinusoidRK45.xml
2 ms. Memory: 313344K Free: 168179K (54%)
----------------- Invoking toplevel() on ptolemy.moml.MoMLSimpleApplication@4b70cf3e
----------------- Done invoking toplevel() on ptolemy.moml.MoMLSimpleApplication@4b70cf3e
reloadAllAccessors: .SinusoidRK45

===========================================================================================
----------------- testing Tue Sep 03 20:53:27 UTC 2019 /home/travis/build/icyphy/ptII/ptolemy/domains/continuous/test/auto/SinusoidWithMultipleImpulses.xml
----------------- Instantiating /home/travis/build/icyphy/ptII/ptolemy/domains/continuous/test/auto/SinusoidWithMultipleImpulses.xml
3 ms. Memory: 313344K Free: 163569K (52%)
----------------- Invoking toplevel() on ptolemy.moml.MoMLSimpleApplication@41379565
----------------- Done invoking toplevel() on ptolemy.moml.MoMLSimpleApplication@41379565
reloadAllAccessors: .SinusoidWithMultipleImpulses

===========================================================================================
----------------- testing Tue Sep 03 20:53:27 UTC 2019 /home/travis/build/icyphy/ptII/ptolemy/domains/continuous/test/auto/SquareWave.xml
----------------- Instantiating /home/travis/build/icyphy/ptII/ptolemy/domains/continuous/test/auto/SquareWave.xml
179 ms. Memory: 313344K Free: 136435K (44%)
----------------- Invoking toplevel() on ptolemy.moml.MoMLSimpleApplication@4ffe4877
----------------- Done invoking toplevel() on ptolemy.moml.MoMLSimpleApplication@4ffe4877
reloadAllAccessors: .SquareWave

===========================================================================================
----------------- testing Tue Sep 03 20:53:27 UTC 2019 /home/travis/build/icyphy/ptII/ptolemy/domains/continuous/test/auto/Starmac.xml
----------------- Instantiating /home/travis/build/icyphy/ptII/ptolemy/domains/continuous/test/auto/Starmac.xml
3100 ms. Memory: 313344K Free: 198971K (63%)
----------------- Invoking toplevel() on ptolemy.moml.MoMLSimpleApplication@4a1ec879
----------------- Done invoking toplevel() on ptolemy.moml.MoMLSimpleApplication@4a1ec879
reloadAllAccessors: .Starmac

===========================================================================================
----------------- testing Tue Sep 03 20:53:30 UTC 2019 /home/travis/build/icyphy/ptII/ptolemy/domains/continuous/test/auto/StaticUnits.xml
----------------- Instantiating /home/travis/build/icyphy/ptII/ptolemy/domains/continuous/test/auto/StaticUnits.xml
2181 ms. Memory: 313344K Free: 111764K (36%)
----------------- Invoking toplevel() on ptolemy.moml.MoMLSimpleApplication@72c565b5
----------------- Done invoking toplevel() on ptolemy.moml.MoMLSimpleApplication@72c565b5
reloadAllAccessors: .StaticUnits

===========================================================================================
----------------- testing Tue Sep 03 20:53:33 UTC 2019 /home/travis/build/icyphy/ptII/ptolemy/domains/continuous/test/auto/StickyMasses.xml
----------------- Instantiating /home/travis/build/icyphy/ptII/ptolemy/domains/continuous/test/auto/StickyMasses.xml
149 ms. Memory: 313344K Free: 244364K (78%)
----------------- Invoking toplevel() on ptolemy.moml.MoMLSimpleApplication@26422cad
----------------- Done invoking toplevel() on ptolemy.moml.MoMLSimpleApplication@26422cad
reloadAllAccessors: .StickyMasses

===========================================================================================
----------------- testing Tue Sep 03 20:53:33 UTC 2019 /home/travis/build/icyphy/ptII/ptolemy/domains/continuous/test/auto/StopTime.xml
----------------- Instantiating /home/travis/build/icyphy/ptII/ptolemy/domains/continuous/test/auto/StopTime.xml
44 ms. Memory: 313344K Free: 218764K (70%)
----------------- Invoking toplevel() on ptolemy.moml.MoMLSimpleApplication@4af742fe
----------------- Done invoking toplevel() on ptolemy.moml.MoMLSimpleApplication@4af742fe
reloadAllAccessors: .StopTime

===========================================================================================
----------------- testing Tue Sep 03 20:53:33 UTC 2019 /home/travis/build/icyphy/ptII/ptolemy/domains/continuous/test/auto/StopTime2.xml
----------------- Instantiating /home/travis/build/icyphy/ptII/ptolemy/domains/continuous/test/auto/StopTime2.xml
38 ms. Memory: 313344K Free: 196716K (63%)
----------------- Invoking toplevel() on ptolemy.moml.MoMLSimpleApplication@ca362ac
----------------- Done invoking toplevel() on ptolemy.moml.MoMLSimpleApplication@ca362ac
reloadAllAccessors: .StopTime2

===========================================================================================
----------------- testing Tue Sep 03 20:53:33 UTC 2019 /home/travis/build/icyphy/ptII/ptolemy/domains/continuous/test/auto/Switch.xml
----------------- Instantiating /home/travis/build/icyphy/ptII/ptolemy/domains/continuous/test/auto/Switch.xml
44 ms. Memory: 313344K Free: 172156K (55%)
----------------- Invoking toplevel() on ptolemy.moml.MoMLSimpleApplication@6d172fc7
----------------- Done invoking toplevel() on ptolemy.moml.MoMLSimpleApplication@6d172fc7
reloadAllAccessors: .Switch

===========================================================================================
----------------- testing Tue Sep 03 20:53:33 UTC 2019 /home/travis/build/icyphy/ptII/ptolemy/domains/continuous/test/auto/Thermostat.xml
----------------- Instantiating /home/travis/build/icyphy/ptII/ptolemy/domains/continuous/test/auto/Thermostat.xml
186 ms. Memory: 313344K Free: 280204K (89%)
----------------- Invoking toplevel() on ptolemy.moml.MoMLSimpleApplication@6185738d
----------------- Done invoking toplevel() on ptolemy.moml.MoMLSimpleApplication@6185738d
reloadAllAccessors: .Thermostat

===========================================================================================
----------------- testing Tue Sep 03 20:53:34 UTC 2019 /home/travis/build/icyphy/ptII/ptolemy/domains/continuous/test/auto/TimeDelay.xml
----------------- Instantiating /home/travis/build/icyphy/ptII/ptolemy/domains/continuous/test/auto/TimeDelay.xml
4 ms. Memory: 313344K Free: 275084K (88%)
----------------- Invoking toplevel() on ptolemy.moml.MoMLSimpleApplication@4ddff82e
----------------- Done invoking toplevel() on ptolemy.moml.MoMLSimpleApplication@4ddff82e
reloadAllAccessors: .TimeDelay

===========================================================================================
----------------- testing Tue Sep 03 20:53:34 UTC 2019 /home/travis/build/icyphy/ptII/ptolemy/domains/continuous/test/auto/TimeDelay2.xml
----------------- Instantiating /home/travis/build/icyphy/ptII/ptolemy/domains/continuous/test/auto/TimeDelay2.xml
8 ms. Memory: 313344K Free: 265354K (85%)
----------------- Invoking toplevel() on ptolemy.moml.MoMLSimpleApplication@bd86a3c
----------------- Done invoking toplevel() on ptolemy.moml.MoMLSimpleApplication@bd86a3c
reloadAllAccessors: .TimeDelay2

===========================================================================================
----------------- testing Tue Sep 03 20:53:34 UTC 2019 /home/travis/build/icyphy/ptII/ptolemy/domains/continuous/test/auto/TimeDelay3.xml
----------------- Instantiating /home/travis/build/icyphy/ptII/ptolemy/domains/continuous/test/auto/TimeDelay3.xml
3 ms. Memory: 313344K Free: 260748K (83%)
----------------- Invoking toplevel() on ptolemy.moml.MoMLSimpleApplication@26156bc
----------------- Done invoking toplevel() on ptolemy.moml.MoMLSimpleApplication@26156bc
reloadAllAccessors: .TimeDelay3

===========================================================================================
----------------- testing Tue Sep 03 20:53:34 UTC 2019 /home/travis/build/icyphy/ptII/ptolemy/domains/continuous/test/auto/TransferAbsentToInside.xml
----------------- Instantiating /home/travis/build/icyphy/ptII/ptolemy/domains/continuous/test/auto/TransferAbsentToInside.xml
41 ms. Memory: 313344K Free: 207500K (66%)
----------------- Invoking toplevel() on ptolemy.moml.MoMLSimpleApplication@12f44a2a
----------------- Done invoking toplevel() on ptolemy.moml.MoMLSimpleApplication@12f44a2a
reloadAllAccessors: .TransferAbsentToInside

===========================================================================================
----------------- testing Tue Sep 03 20:53:34 UTC 2019 /home/travis/build/icyphy/ptII/ptolemy/domains/continuous/test/auto/Transmission.xml
----------------- Instantiating /home/travis/build/icyphy/ptII/ptolemy/domains/continuous/test/auto/Transmission.xml
791 ms. Memory: 313344K Free: 157310K (50%)
----------------- Invoking toplevel() on ptolemy.moml.MoMLSimpleApplication@7a2ff733
----------------- Done invoking toplevel() on ptolemy.moml.MoMLSimpleApplication@7a2ff733
reloadAllAccessors: .Transmission

===========================================================================================
----------------- testing Tue Sep 03 20:53:35 UTC 2019 /home/travis/build/icyphy/ptII/ptolemy/domains/continuous/test/auto/TriggeredContinuousClock.xml
----------------- Instantiating /home/travis/build/icyphy/ptII/ptolemy/domains/continuous/test/auto/TriggeredContinuousClock.xml
35 ms. Memory: 313344K Free: 127614K (41%)
----------------- Invoking toplevel() on ptolemy.moml.MoMLSimpleApplication@b05b9b2
----------------- Done invoking toplevel() on ptolemy.moml.MoMLSimpleApplication@b05b9b2
reloadAllAccessors: .TriggeredContinuousClock

===========================================================================================
----------------- testing Tue Sep 03 20:53:35 UTC 2019 /home/travis/build/icyphy/ptII/ptolemy/domains/continuous/test/auto/TwoMachineInfiniteBusControl.xml
----------------- Instantiating /home/travis/build/icyphy/ptII/ptolemy/domains/continuous/test/auto/TwoMachineInfiniteBusControl.xml
2734 ms. Memory: 313344K Free: 269897K (86%)
----------------- Invoking toplevel() on ptolemy.moml.MoMLSimpleApplication@55b30c7a
----------------- Done invoking toplevel() on ptolemy.moml.MoMLSimpleApplication@55b30c7a
reloadAllAccessors: .TwoMachineInfiniteBusControl

===========================================================================================
----------------- testing Tue Sep 03 20:53:38 UTC 2019 /home/travis/build/icyphy/ptII/ptolemy/domains/continuous/test/auto/V2V.xml
----------------- Instantiating /home/travis/build/icyphy/ptII/ptolemy/domains/continuous/test/auto/V2V.xml
744 ms. Memory: 313344K Free: 260159K (83%)
----------------- Invoking toplevel() on ptolemy.moml.MoMLSimpleApplication@55ea89a4
----------------- Done invoking toplevel() on ptolemy.moml.MoMLSimpleApplication@55ea89a4
reloadAllAccessors: .V2V

===========================================================================================
----------------- testing Tue Sep 03 20:53:38 UTC 2019 /home/travis/build/icyphy/ptII/ptolemy/domains/continuous/test/auto/hierarchicalModalModel.xml
----------------- Instantiating /home/travis/build/icyphy/ptII/ptolemy/domains/continuous/test/auto/hierarchicalModalModel.xml
9 ms. Memory: 313344K Free: 245313K (78%)
----------------- Invoking toplevel() on ptolemy.moml.MoMLSimpleApplication@552721ff
----------------- Done invoking toplevel() on ptolemy.moml.MoMLSimpleApplication@552721ff
reloadAllAccessors: .hierarchicalModalModel

===========================================================================================
----------------- testing Tue Sep 03 20:53:38 UTC 2019 /home/travis/build/icyphy/ptII/ptolemy/domains/continuous/test/auto/hierarchicalModalModel1.xml
----------------- Instantiating /home/travis/build/icyphy/ptII/ptolemy/domains/continuous/test/auto/hierarchicalModalModel1.xml
8 ms. Memory: 313344K Free: 230977K (74%)
----------------- Invoking toplevel() on ptolemy.moml.MoMLSimpleApplication@66277fd7
----------------- Done invoking toplevel() on ptolemy.moml.MoMLSimpleApplication@66277fd7
reloadAllAccessors: .hierarchicalModalModel1

===========================================================================================
----------------- testing Tue Sep 03 20:53:38 UTC 2019 /home/travis/build/icyphy/ptII/ptolemy/domains/continuous/test/auto/hierarchicalModalModel2.xml
----------------- Instantiating /home/travis/build/icyphy/ptII/ptolemy/domains/continuous/test/auto/hierarchicalModalModel2.xml
7 ms. Memory: 313344K Free: 218689K (70%)
----------------- Invoking toplevel() on ptolemy.moml.MoMLSimpleApplication@28a69f1a
----------------- Done invoking toplevel() on ptolemy.moml.MoMLSimpleApplication@28a69f1a
reloadAllAccessors: .hierarchicalModalModel2

===========================================================================================
----------------- testing Tue Sep 03 20:53:38 UTC 2019 /home/travis/build/icyphy/ptII/ptolemy/domains/continuous/test/auto/hierarchicalModalModel3.xml
----------------- Instantiating /home/travis/build/icyphy/ptII/ptolemy/domains/continuous/test/auto/hierarchicalModalModel3.xml
6 ms. Memory: 313344K Free: 207935K (66%)
----------------- Invoking toplevel() on ptolemy.moml.MoMLSimpleApplication@78d19601
----------------- Done invoking toplevel() on ptolemy.moml.MoMLSimpleApplication@78d19601
reloadAllAccessors: .hierarchicalModalModel3

===========================================================================================
----------------- testing Tue Sep 03 20:53:38 UTC 2019 /home/travis/build/icyphy/ptII/ptolemy/domains/continuous/test/auto/hierarchicalModalModel4.xml
----------------- Instantiating /home/travis/build/icyphy/ptII/ptolemy/domains/continuous/test/auto/hierarchicalModalModel4.xml
5 ms. Memory: 313344K Free: 196161K (63%)
----------------- Invoking toplevel() on ptolemy.moml.MoMLSimpleApplication@535079e0
----------------- Done invoking toplevel() on ptolemy.moml.MoMLSimpleApplication@535079e0
reloadAllAccessors: .hierarchicalModalModel4

===========================================================================================
----------------- testing Tue Sep 03 20:53:38 UTC 2019 /home/travis/build/icyphy/ptII/ptolemy/domains/continuous/test/auto/junk.xml
----------------- Instantiating /home/travis/build/icyphy/ptII/ptolemy/domains/continuous/test/auto/junk.xml
146 ms. Memory: 313344K Free: 170047K (54%)
----------------- Invoking toplevel() on ptolemy.moml.MoMLSimpleApplication@5b03e707
----------------- Done invoking toplevel() on ptolemy.moml.MoMLSimpleApplication@5b03e707
reloadAllAccessors: .junk
AutoTests.java: About to close Vertx.
AutoTests.java: Vertx closed.
]]></system-out>
  <system-err><![CDATA[Warning: '.HysteresisWithRandomDelay.NonStrictTest' The test produced only 221 tokens, yet the correctValues parameter was expecting 222 tokens.
Warning: '.HysteresisWithRandomDelay.NonStrictTest2' The test produced only 220 tokens, yet the correctValues parameter was expecting 221 tokens.
Warning: '.HysteresisWithRandomDelay.NonStrictTest3' The test produced only 25 tokens, yet the correctValues parameter was expecting 30 tokens.
Warning: '.IncreasingRatePoisson.NonStrictTest' The test produced only 383 tokens, yet the correctValues parameter was expecting 402 tokens.
Warning: '.Poisson.NonStrictTest' The test produced only 411 tokens, yet the correctValues parameter was expecting 430 tokens.
]]></system-err>
</testsuite>
