<?xml version="1.0" encoding="UTF-8" ?>
<testsuite errors="0" failures="0" hostname="travis-job-69db0f22-08a6-455c-bda2-1cd6e1fb4002" name="ptolemy.domains.continuous.test.junit.JUnitTclTest" skipped="0" tests="156" time="82.892" timestamp="2019-10-02T05:45:12">
  <properties>
[...]
</properties>
  <testcase classname="ptolemy.util.test.junit.TclTests" name="[0] ThereAreNoTclTests (RunTclFile)" time="0.015" />
  <testcase classname="ptolemy.util.test.junit.AutoKnownFailedTests" name="[0] ThereAreNoKnowFailedTests (RunModel)" time="0.002" />
  <testcase classname="ptolemy.util.test.junit.AutoNameArchTests" name="[0] ThereAreNoAutoArchTests (RunModel)" time="0.015" />
  <testcase classname="ptolemy.util.test.junit.AutoTests" name="[0] /home/travis/build/icyphy/ptII/ptolemy/domains/continuous/test/auto/BouncingBall.xml (RunModel)" time="3.514" />
  <testcase classname="ptolemy.util.test.junit.AutoTests" name="[1] /home/travis/build/icyphy/ptII/ptolemy/domains/continuous/test/auto/BouncingBallWithoutGR.xml (RunModel)" time="0.819" />
  <testcase classname="ptolemy.util.test.junit.AutoTests" name="[2] /home/travis/build/icyphy/ptII/ptolemy/domains/continuous/test/auto/Brownian.xml (RunModel)" time="0.072" />
  <testcase classname="ptolemy.util.test.junit.AutoTests" name="[3] /home/travis/build/icyphy/ptII/ptolemy/domains/continuous/test/auto/CarTracking.xml (RunModel)" time="4.612" />
  <testcase classname="ptolemy.util.test.junit.AutoTests" name="[4] /home/travis/build/icyphy/ptII/ptolemy/domains/continuous/test/auto/CartPendulum.xml (RunModel)" time="0.618" />
  <testcase classname="ptolemy.util.test.junit.AutoTests" name="[5] /home/travis/build/icyphy/ptII/ptolemy/domains/continuous/test/auto/CausalityInterface10.xml (RunModel)" time="0.068" />
  <testcase classname="ptolemy.util.test.junit.AutoTests" name="[6] /home/travis/build/icyphy/ptII/ptolemy/domains/continuous/test/auto/CausalityInterface11.xml (RunModel)" time="0.032" />
  <testcase classname="ptolemy.util.test.junit.AutoTests" name="[7] /home/travis/build/icyphy/ptII/ptolemy/domains/continuous/test/auto/CausalityInterface12.xml (RunModel)" time="0.028" />
  <testcase classname="ptolemy.util.test.junit.AutoTests" name="[8] /home/travis/build/icyphy/ptII/ptolemy/domains/continuous/test/auto/CausalityInterface13.xml (RunModel)" time="0.047" />
  <testcase classname="ptolemy.util.test.junit.AutoTests" name="[9] /home/travis/build/icyphy/ptII/ptolemy/domains/continuous/test/auto/CausalityInterface14.xml (RunModel)" time="0.033" />
  <testcase classname="ptolemy.util.test.junit.AutoTests" name="[10] /home/travis/build/icyphy/ptII/ptolemy/domains/continuous/test/auto/CausalityInterface4.xml (RunModel)" time="0.049" />
  <testcase classname="ptolemy.util.test.junit.AutoTests" name="[11] /home/travis/build/icyphy/ptII/ptolemy/domains/continuous/test/auto/CausalityInterface5.xml (RunModel)" time="0.035" />
  <testcase classname="ptolemy.util.test.junit.AutoTests" name="[12] /home/travis/build/icyphy/ptII/ptolemy/domains/continuous/test/auto/CausalityInterface6.xml (RunModel)" time="0.027" />
  <testcase classname="ptolemy.util.test.junit.AutoTests" name="[13] /home/travis/build/icyphy/ptII/ptolemy/domains/continuous/test/auto/CausalityInterface7.xml (RunModel)" time="0.03" />
  <testcase classname="ptolemy.util.test.junit.AutoTests" name="[14] /home/travis/build/icyphy/ptII/ptolemy/domains/continuous/test/auto/CausalityInterface8.xml (RunModel)" time="0.041" />
  <testcase classname="ptolemy.util.test.junit.AutoTests" name="[15] /home/travis/build/icyphy/ptII/ptolemy/domains/continuous/test/auto/CausalityInterface9.xml (RunModel)" time="0.046" />
  <testcase classname="ptolemy.util.test.junit.AutoTests" name="[16] /home/travis/build/icyphy/ptII/ptolemy/domains/continuous/test/auto/CausalityInterfaceFeedback1.xml (RunModel)" time="0.028" />
  <testcase classname="ptolemy.util.test.junit.AutoTests" name="[17] /home/travis/build/icyphy/ptII/ptolemy/domains/continuous/test/auto/CausalityInterfaceFeedback2.xml (RunModel)" time="0.022" />
  <testcase classname="ptolemy.util.test.junit.AutoTests" name="[18] /home/travis/build/icyphy/ptII/ptolemy/domains/continuous/test/auto/CompareWithCurrentTime.xml (RunModel)" time="0.03" />
  <testcase classname="ptolemy.util.test.junit.AutoTests" name="[19] /home/travis/build/icyphy/ptII/ptolemy/domains/continuous/test/auto/ComparedClocks.xml (RunModel)" time="0.077" />
  <testcase classname="ptolemy.util.test.junit.AutoTests" name="[20] /home/travis/build/icyphy/ptII/ptolemy/domains/continuous/test/auto/ContinuousAOCClone.xml (RunModel)" time="2.948" />
  <testcase classname="ptolemy.util.test.junit.AutoTests" name="[21] /home/travis/build/icyphy/ptII/ptolemy/domains/continuous/test/auto/ContinuousClock.xml (RunModel)" time="0.092" />
  <testcase classname="ptolemy.util.test.junit.AutoTests" name="[22] /home/travis/build/icyphy/ptII/ptolemy/domains/continuous/test/auto/ContinuousInContinuous.xml (RunModel)" time="0.088" />
  <testcase classname="ptolemy.util.test.junit.AutoTests" name="[23] /home/travis/build/icyphy/ptII/ptolemy/domains/continuous/test/auto/ContinuousInContinuousInContinuous.xml (RunModel)" time="0.019" />
  <testcase classname="ptolemy.util.test.junit.AutoTests" name="[24] /home/travis/build/icyphy/ptII/ptolemy/domains/continuous/test/auto/ContinuousInDE.xml (RunModel)" time="0.08" />
  <testcase classname="ptolemy.util.test.junit.AutoTests" name="[25] /home/travis/build/icyphy/ptII/ptolemy/domains/continuous/test/auto/ContinuousInDE2.xml (RunModel)" time="0.073" />
  <testcase classname="ptolemy.util.test.junit.AutoTests" name="[26] /home/travis/build/icyphy/ptII/ptolemy/domains/continuous/test/auto/ContinuousInDE3.xml (RunModel)" time="0.065" />
  <testcase classname="ptolemy.util.test.junit.AutoTests" name="[27] /home/travis/build/icyphy/ptII/ptolemy/domains/continuous/test/auto/ContinuousInDE4.xml (RunModel)" time="0.032" />
  <testcase classname="ptolemy.util.test.junit.AutoTests" name="[28] /home/travis/build/icyphy/ptII/ptolemy/domains/continuous/test/auto/ContinuousInDEDifferentRefinements.xml (RunModel)" time="0.108" />
  <testcase classname="ptolemy.util.test.junit.AutoTests" name="[29] /home/travis/build/icyphy/ptII/ptolemy/domains/continuous/test/auto/ContinuousInDEDifferentRefinementsPreemptive.xml (RunModel)" time="0.101" />
  <testcase classname="ptolemy.util.test.junit.AutoTests" name="[30] /home/travis/build/icyphy/ptII/ptolemy/domains/continuous/test/auto/ContinuousInDEInContinuous2.xml (RunModel)" time="0.062" />
  <testcase classname="ptolemy.util.test.junit.AutoTests" name="[31] /home/travis/build/icyphy/ptII/ptolemy/domains/continuous/test/auto/ContinuousInDEInContinuous3.xml (RunModel)" time="0.06" />
  <testcase classname="ptolemy.util.test.junit.AutoTests" name="[32] /home/travis/build/icyphy/ptII/ptolemy/domains/continuous/test/auto/ContinuousInDEInput.xml (RunModel)" time="0.037" />
  <testcase classname="ptolemy.util.test.junit.AutoTests" name="[33] /home/travis/build/icyphy/ptII/ptolemy/domains/continuous/test/auto/ContinuousInDEInput2.xml (RunModel)" time="0.038" />
  <testcase classname="ptolemy.util.test.junit.AutoTests" name="[34] /home/travis/build/icyphy/ptII/ptolemy/domains/continuous/test/auto/ContinuousInDEInput3.xml (RunModel)" time="0.036" />
  <testcase classname="ptolemy.util.test.junit.AutoTests" name="[35] /home/travis/build/icyphy/ptII/ptolemy/domains/continuous/test/auto/ContinuousInDESharingRefinement.xml (RunModel)" time="0.185" />
  <testcase classname="ptolemy.util.test.junit.AutoTests" name="[36] /home/travis/build/icyphy/ptII/ptolemy/domains/continuous/test/auto/ContinuousInDEwithNoPorts.xml (RunModel)" time="0.027" />
  <testcase classname="ptolemy.util.test.junit.AutoTests" name="[37] /home/travis/build/icyphy/ptII/ptolemy/domains/continuous/test/auto/ContinuousInsideDE.xml (RunModel)" time="0.09" />
  <testcase classname="ptolemy.util.test.junit.AutoTests" name="[38] /home/travis/build/icyphy/ptII/ptolemy/domains/continuous/test/auto/ContinuousMerge1.xml (RunModel)" time="0.023" />
  <testcase classname="ptolemy.util.test.junit.AutoTests" name="[39] /home/travis/build/icyphy/ptII/ptolemy/domains/continuous/test/auto/ContinuousMerge2.xml (RunModel)" time="0.045" />
  <testcase classname="ptolemy.util.test.junit.AutoTests" name="[40] /home/travis/build/icyphy/ptII/ptolemy/domains/continuous/test/auto/ContinuousMerge3.xml (RunModel)" time="0.071" />
  <testcase classname="ptolemy.util.test.junit.AutoTests" name="[41] /home/travis/build/icyphy/ptII/ptolemy/domains/continuous/test/auto/ContinuousWithinContinuous.xml (RunModel)" time="0.063" />
  <testcase classname="ptolemy.util.test.junit.AutoTests" name="[42] /home/travis/build/icyphy/ptII/ptolemy/domains/continuous/test/auto/ContinuousWithinContinuous2.xml (RunModel)" time="0.083" />
  <testcase classname="ptolemy.util.test.junit.AutoTests" name="[43] /home/travis/build/icyphy/ptII/ptolemy/domains/continuous/test/auto/ContinuousWithinContinuous3.xml (RunModel)" time="0.028" />
  <testcase classname="ptolemy.util.test.junit.AutoTests" name="[44] /home/travis/build/icyphy/ptII/ptolemy/domains/continuous/test/auto/ContinuousWithinContinuous4.xml (RunModel)" time="0.097" />
  <testcase classname="ptolemy.util.test.junit.AutoTests" name="[45] /home/travis/build/icyphy/ptII/ptolemy/domains/continuous/test/auto/ContinuousWithinContinuous5.xml (RunModel)" time="0.031" />
  <testcase classname="ptolemy.util.test.junit.AutoTests" name="[46] /home/travis/build/icyphy/ptII/ptolemy/domains/continuous/test/auto/ContinuousWithinContinuous6.xml (RunModel)" time="0.032" />
  <testcase classname="ptolemy.util.test.junit.AutoTests" name="[47] /home/travis/build/icyphy/ptII/ptolemy/domains/continuous/test/auto/ContinuousWithinContinuous7.xml (RunModel)" time="0.082" />
  <testcase classname="ptolemy.util.test.junit.AutoTests" name="[48] /home/travis/build/icyphy/ptII/ptolemy/domains/continuous/test/auto/DCMotor.xml (RunModel)" time="16.239" />
  <testcase classname="ptolemy.util.test.junit.AutoTests" name="[49] /home/travis/build/icyphy/ptII/ptolemy/domains/continuous/test/auto/DEInContinuous.xml (RunModel)" time="0.035" />
  <testcase classname="ptolemy.util.test.junit.AutoTests" name="[50] /home/travis/build/icyphy/ptII/ptolemy/domains/continuous/test/auto/DEinContinuous2.xml (RunModel)" time="0.039" />
  <testcase classname="ptolemy.util.test.junit.AutoTests" name="[51] /home/travis/build/icyphy/ptII/ptolemy/domains/continuous/test/auto/Derivative.xml (RunModel)" time="0.196" />
  <testcase classname="ptolemy.util.test.junit.AutoTests" name="[52] /home/travis/build/icyphy/ptII/ptolemy/domains/continuous/test/auto/Derivative1.xml (RunModel)" time="0.038" />
  <testcase classname="ptolemy.util.test.junit.AutoTests" name="[53] /home/travis/build/icyphy/ptII/ptolemy/domains/continuous/test/auto/DiscreteClock.xml (RunModel)" time="0.015" />
  <testcase classname="ptolemy.util.test.junit.AutoTests" name="[54] /home/travis/build/icyphy/ptII/ptolemy/domains/continuous/test/auto/EfficiencyCurve.xml (RunModel)" time="0.11" />
  <testcase classname="ptolemy.util.test.junit.AutoTests" name="[55] /home/travis/build/icyphy/ptII/ptolemy/domains/continuous/test/auto/ExponentialResponse.xml (RunModel)" time="0.147" />
  <testcase classname="ptolemy.util.test.junit.AutoTests" name="[56] /home/travis/build/icyphy/ptII/ptolemy/domains/continuous/test/auto/ExponentialResponseRK45.xml (RunModel)" time="0.038" />
  <testcase classname="ptolemy.util.test.junit.AutoTests" name="[57] /home/travis/build/icyphy/ptII/ptolemy/domains/continuous/test/auto/Friction.xml (RunModel)" time="1.707" />
  <testcase classname="ptolemy.util.test.junit.AutoTests" name="[58] /home/travis/build/icyphy/ptII/ptolemy/domains/continuous/test/auto/FurutaPendulum.xml (RunModel)" time="3.754" />
  <testcase classname="ptolemy.util.test.junit.AutoTests" name="[59] /home/travis/build/icyphy/ptII/ptolemy/domains/continuous/test/auto/HierarchicalExecution.xml (RunModel)" time="2.974" />
  <testcase classname="ptolemy.util.test.junit.AutoTests" name="[60] /home/travis/build/icyphy/ptII/ptolemy/domains/continuous/test/auto/HybridPlant.xml (RunModel)" time="0.661" />
  <testcase classname="ptolemy.util.test.junit.AutoTests" name="[61] /home/travis/build/icyphy/ptII/ptolemy/domains/continuous/test/auto/Hysteresis.xml (RunModel)" time="0.237" />
  <testcase classname="ptolemy.util.test.junit.AutoTests" name="[62] /home/travis/build/icyphy/ptII/ptolemy/domains/continuous/test/auto/HysteresisWithRandomDelay.xml (RunModel)" time="0.255" />
  <testcase classname="ptolemy.util.test.junit.AutoTests" name="[63] /home/travis/build/icyphy/ptII/ptolemy/domains/continuous/test/auto/HysteresisWithRandomLosses.xml (RunModel)" time="2.535" />
  <testcase classname="ptolemy.util.test.junit.AutoTests" name="[64] /home/travis/build/icyphy/ptII/ptolemy/domains/continuous/test/auto/ImmediateTransitions.xml (RunModel)" time="0.037" />
  <testcase classname="ptolemy.util.test.junit.AutoTests" name="[65] /home/travis/build/icyphy/ptII/ptolemy/domains/continuous/test/auto/ImpulseFeedback.xml (RunModel)" time="0.025" />
  <testcase classname="ptolemy.util.test.junit.AutoTests" name="[66] /home/travis/build/icyphy/ptII/ptolemy/domains/continuous/test/auto/ImpulseFeedback2.xml (RunModel)" time="0.018" />
  <testcase classname="ptolemy.util.test.junit.AutoTests" name="[67] /home/travis/build/icyphy/ptII/ptolemy/domains/continuous/test/auto/IncreasingRatePoisson.xml (RunModel)" time="0.76" />
  <testcase classname="ptolemy.util.test.junit.AutoTests" name="[68] /home/travis/build/icyphy/ptII/ptolemy/domains/continuous/test/auto/InitialStateFeedback.xml (RunModel)" time="0.016" />
  <testcase classname="ptolemy.util.test.junit.AutoTests" name="[69] /home/travis/build/icyphy/ptII/ptolemy/domains/continuous/test/auto/Integration.xml (RunModel)" time="0.013" />
  <testcase classname="ptolemy.util.test.junit.AutoTests" name="[70] /home/travis/build/icyphy/ptII/ptolemy/domains/continuous/test/auto/Integration2.xml (RunModel)" time="0.091" />
  <testcase classname="ptolemy.util.test.junit.AutoTests" name="[71] /home/travis/build/icyphy/ptII/ptolemy/domains/continuous/test/auto/Integration3.xml (RunModel)" time="0.027" />
  <testcase classname="ptolemy.util.test.junit.AutoTests" name="[72] /home/travis/build/icyphy/ptII/ptolemy/domains/continuous/test/auto/Integration5.xml (RunModel)" time="0.01" />
  <testcase classname="ptolemy.util.test.junit.AutoTests" name="[73] /home/travis/build/icyphy/ptII/ptolemy/domains/continuous/test/auto/IntegratorImpulse.xml (RunModel)" time="0.01" />
  <testcase classname="ptolemy.util.test.junit.AutoTests" name="[74] /home/travis/build/icyphy/ptII/ptolemy/domains/continuous/test/auto/IntegratorImpulse2.xml (RunModel)" time="0.016" />
  <testcase classname="ptolemy.util.test.junit.AutoTests" name="[75] /home/travis/build/icyphy/ptII/ptolemy/domains/continuous/test/auto/LevelCrossing1.xml (RunModel)" time="0.012" />
  <testcase classname="ptolemy.util.test.junit.AutoTests" name="[76] /home/travis/build/icyphy/ptII/ptolemy/domains/continuous/test/auto/LevelCrossing2.xml (RunModel)" time="0.018" />
  <testcase classname="ptolemy.util.test.junit.AutoTests" name="[77] /home/travis/build/icyphy/ptII/ptolemy/domains/continuous/test/auto/LevelCrossing3.xml (RunModel)" time="0.016" />
  <testcase classname="ptolemy.util.test.junit.AutoTests" name="[78] /home/travis/build/icyphy/ptII/ptolemy/domains/continuous/test/auto/LevelCrossing4.xml (RunModel)" time="0.016" />
  <testcase classname="ptolemy.util.test.junit.AutoTests" name="[79] /home/travis/build/icyphy/ptII/ptolemy/domains/continuous/test/auto/LevelCrossing5.xml (RunModel)" time="0.015" />
  <testcase classname="ptolemy.util.test.junit.AutoTests" name="[80] /home/travis/build/icyphy/ptII/ptolemy/domains/continuous/test/auto/LevelCrossing6.xml (RunModel)" time="0.014" />
  <testcase classname="ptolemy.util.test.junit.AutoTests" name="[81] /home/travis/build/icyphy/ptII/ptolemy/domains/continuous/test/auto/LevelCrossingDetector.xml (RunModel)" time="0.037" />
  <testcase classname="ptolemy.util.test.junit.AutoTests" name="[82] /home/travis/build/icyphy/ptII/ptolemy/domains/continuous/test/auto/LevelCrossingDetectorDetectingDirections.xml (RunModel)" time="0.094" />
  <testcase classname="ptolemy.util.test.junit.AutoTests" name="[83] /home/travis/build/icyphy/ptII/ptolemy/domains/continuous/test/auto/LevelCrossingDetectorDetectsGlitches.xml (RunModel)" time="0.063" />
  <testcase classname="ptolemy.util.test.junit.AutoTests" name="[84] /home/travis/build/icyphy/ptII/ptolemy/domains/continuous/test/auto/LevelCrossingNoInitialOuput.xml (RunModel)" time="0.015" />
  <testcase classname="ptolemy.util.test.junit.AutoTests" name="[85] /home/travis/build/icyphy/ptII/ptolemy/domains/continuous/test/auto/LinearStateSpaceExample.xml (RunModel)" time="0.056" />
  <testcase classname="ptolemy.util.test.junit.AutoTests" name="[86] /home/travis/build/icyphy/ptII/ptolemy/domains/continuous/test/auto/Lorenz.xml (RunModel)" time="4.261" />
  <testcase classname="ptolemy.util.test.junit.AutoTests" name="[87] /home/travis/build/icyphy/ptII/ptolemy/domains/continuous/test/auto/LorenzDifferentialSystem.xml (RunModel)" time="1.233" />
  <testcase classname="ptolemy.util.test.junit.AutoTests" name="[88] /home/travis/build/icyphy/ptII/ptolemy/domains/continuous/test/auto/LorenzDifferentialSystemWithInput.xml (RunModel)" time="1.568" />
  <testcase classname="ptolemy.util.test.junit.AutoTests" name="[89] /home/travis/build/icyphy/ptII/ptolemy/domains/continuous/test/auto/LorenzDifferentialSystemWithTime.xml (RunModel)" time="0.756" />
  <testcase classname="ptolemy.util.test.junit.AutoTests" name="[90] /home/travis/build/icyphy/ptII/ptolemy/domains/continuous/test/auto/Microsteps.xml (RunModel)" time="0.04" />
  <testcase classname="ptolemy.util.test.junit.AutoTests" name="[91] /home/travis/build/icyphy/ptII/ptolemy/domains/continuous/test/auto/Modal1.xml (RunModel)" time="0.041" />
  <testcase classname="ptolemy.util.test.junit.AutoTests" name="[92] /home/travis/build/icyphy/ptII/ptolemy/domains/continuous/test/auto/Modal2.xml (RunModel)" time="0.057" />
  <testcase classname="ptolemy.util.test.junit.AutoTests" name="[93] /home/travis/build/icyphy/ptII/ptolemy/domains/continuous/test/auto/ModalTransitionGuardWithReset.xml (RunModel)" time="0.041" />
  <testcase classname="ptolemy.util.test.junit.AutoTests" name="[94] /home/travis/build/icyphy/ptII/ptolemy/domains/continuous/test/auto/ModalTransitionGuardWithResetUsingPreemptiveTransition.xml (RunModel)" time="0.028" />
  <testcase classname="ptolemy.util.test.junit.AutoTests" name="[95] /home/travis/build/icyphy/ptII/ptolemy/domains/continuous/test/auto/ModalTransitionGuardWithResetUsingPreemptiveTransition2.xml (RunModel)" time="0.034" />
  <testcase classname="ptolemy.util.test.junit.AutoTests" name="[96] /home/travis/build/icyphy/ptII/ptolemy/domains/continuous/test/auto/ModalTransitionGuardWithResetUsingPreemptiveTransition3.xml (RunModel)" time="0.034" />
  <testcase classname="ptolemy.util.test.junit.AutoTests" name="[97] /home/travis/build/icyphy/ptII/ptolemy/domains/continuous/test/auto/NewtonsCradle.xml (RunModel)" time="0.786" />
  <testcase classname="ptolemy.util.test.junit.AutoTests" name="[98] /home/travis/build/icyphy/ptII/ptolemy/domains/continuous/test/auto/NewtonsCradleAnimated.xml (RunModel)" time="1.291" />
  <testcase classname="ptolemy.util.test.junit.AutoTests" name="[99] /home/travis/build/icyphy/ptII/ptolemy/domains/continuous/test/auto/NewtonsCradleComplicated.xml (RunModel)" time="1.022" />
  <testcase classname="ptolemy.util.test.junit.AutoTests" name="[100] /home/travis/build/icyphy/ptII/ptolemy/domains/continuous/test/auto/NewtonsCradleNondeterministic.xml (RunModel)" time="0.631" />
  <testcase classname="ptolemy.util.test.junit.AutoTests" name="[101] /home/travis/build/icyphy/ptII/ptolemy/domains/continuous/test/auto/NewtonsCradlePerfectlyInelastic1.xml (RunModel)" time="1.326" />
  <testcase classname="ptolemy.util.test.junit.AutoTests" name="[102] /home/travis/build/icyphy/ptII/ptolemy/domains/continuous/test/auto/Noise.xml (RunModel)" time="0.203" />
  <testcase classname="ptolemy.util.test.junit.AutoTests" name="[103] /home/travis/build/icyphy/ptII/ptolemy/domains/continuous/test/auto/NoiseSpectrum.xml (RunModel)" time="0.947" />
  <testcase classname="ptolemy.util.test.junit.AutoTests" name="[104] /home/travis/build/icyphy/ptII/ptolemy/domains/continuous/test/auto/ParameterizedNewtonsCradleAnimated.xml (RunModel)" time="0.402" />
  <testcase classname="ptolemy.util.test.junit.AutoTests" name="[105] /home/travis/build/icyphy/ptII/ptolemy/domains/continuous/test/auto/ParameterizedNewtonsCradleAnimatedNondeterministic.xml (RunModel)" time="1.185" />
  <testcase classname="ptolemy.util.test.junit.AutoTests" name="[106] /home/travis/build/icyphy/ptII/ptolemy/domains/continuous/test/auto/Pendulum3D.xml (RunModel)" time="0.164" />
  <testcase classname="ptolemy.util.test.junit.AutoTests" name="[107] /home/travis/build/icyphy/ptII/ptolemy/domains/continuous/test/auto/PeriodicSampler.xml (RunModel)" time="0.013" />
  <testcase classname="ptolemy.util.test.junit.AutoTests" name="[108] /home/travis/build/icyphy/ptII/ptolemy/domains/continuous/test/auto/PeriodicSampler1.xml (RunModel)" time="0.042" />
  <testcase classname="ptolemy.util.test.junit.AutoTests" name="[109] /home/travis/build/icyphy/ptII/ptolemy/domains/continuous/test/auto/PeriodicSampler2.xml (RunModel)" time="0.08" />
  <testcase classname="ptolemy.util.test.junit.AutoTests" name="[110] /home/travis/build/icyphy/ptII/ptolemy/domains/continuous/test/auto/Poisson.xml (RunModel)" time="0.514" />
  <testcase classname="ptolemy.util.test.junit.AutoTests" name="[111] /home/travis/build/icyphy/ptII/ptolemy/domains/continuous/test/auto/PoissonClock.xml (RunModel)" time="0.017" />
  <testcase classname="ptolemy.util.test.junit.AutoTests" name="[112] /home/travis/build/icyphy/ptII/ptolemy/domains/continuous/test/auto/PoissonClock2.xml (RunModel)" time="0.016" />
  <testcase classname="ptolemy.util.test.junit.AutoTests" name="[113] /home/travis/build/icyphy/ptII/ptolemy/domains/continuous/test/auto/PortParameterHierarchy.xml (RunModel)" time="0.036" />
  <testcase classname="ptolemy.util.test.junit.AutoTests" name="[114] /home/travis/build/icyphy/ptII/ptolemy/domains/continuous/test/auto/RandomHybridPlant.xml (RunModel)" time="0.572" />
  <testcase classname="ptolemy.util.test.junit.AutoTests" name="[115] /home/travis/build/icyphy/ptII/ptolemy/domains/continuous/test/auto/ResetTransitionWithStartTime1.xml (RunModel)" time="0.034" />
  <testcase classname="ptolemy.util.test.junit.AutoTests" name="[116] /home/travis/build/icyphy/ptII/ptolemy/domains/continuous/test/auto/ResetTransitionWithStartTime2.xml (RunModel)" time="0.037" />
  <testcase classname="ptolemy.util.test.junit.AutoTests" name="[117] /home/travis/build/icyphy/ptII/ptolemy/domains/continuous/test/auto/ResetTransitionWithStartTime3.xml (RunModel)" time="0.036" />
  <testcase classname="ptolemy.util.test.junit.AutoTests" name="[118] /home/travis/build/icyphy/ptII/ptolemy/domains/continuous/test/auto/ResetTransitionWithStartTime4.xml (RunModel)" time="0.027" />
  <testcase classname="ptolemy.util.test.junit.AutoTests" name="[119] /home/travis/build/icyphy/ptII/ptolemy/domains/continuous/test/auto/ResetTransitionWithStartTime5.xml (RunModel)" time="0.035" />
  <testcase classname="ptolemy.util.test.junit.AutoTests" name="[120] /home/travis/build/icyphy/ptII/ptolemy/domains/continuous/test/auto/ResetTransitionWithStartTime6.xml (RunModel)" time="0.034" />
  <testcase classname="ptolemy.util.test.junit.AutoTests" name="[121] /home/travis/build/icyphy/ptII/ptolemy/domains/continuous/test/auto/SRinContinuous.xml (RunModel)" time="0.023" />
  <testcase classname="ptolemy.util.test.junit.AutoTests" name="[122] /home/travis/build/icyphy/ptII/ptolemy/domains/continuous/test/auto/SampledClocks.xml (RunModel)" time="0.037" />
  <testcase classname="ptolemy.util.test.junit.AutoTests" name="[123] /home/travis/build/icyphy/ptII/ptolemy/domains/continuous/test/auto/Satellite.xml (RunModel)" time="0.842" />
  <testcase classname="ptolemy.util.test.junit.AutoTests" name="[124] /home/travis/build/icyphy/ptII/ptolemy/domains/continuous/test/auto/SigmaDelta.xml (RunModel)" time="2.563" />
  <testcase classname="ptolemy.util.test.junit.AutoTests" name="[125] /home/travis/build/icyphy/ptII/ptolemy/domains/continuous/test/auto/SingleRefinement.xml (RunModel)" time="0.448" />
  <testcase classname="ptolemy.util.test.junit.AutoTests" name="[126] /home/travis/build/icyphy/ptII/ptolemy/domains/continuous/test/auto/SinuBouncingBall.xml (RunModel)" time="0.929" />
  <testcase classname="ptolemy.util.test.junit.AutoTests" name="[127] /home/travis/build/icyphy/ptII/ptolemy/domains/continuous/test/auto/Sinusoid.xml (RunModel)" time="0.025" />
  <testcase classname="ptolemy.util.test.junit.AutoTests" name="[128] /home/travis/build/icyphy/ptII/ptolemy/domains/continuous/test/auto/SinusoidInNoise.xml (RunModel)" time="1.086" />
  <testcase classname="ptolemy.util.test.junit.AutoTests" name="[129] /home/travis/build/icyphy/ptII/ptolemy/domains/continuous/test/auto/SinusoidRK45.xml (RunModel)" time="0.012" />
  <testcase classname="ptolemy.util.test.junit.AutoTests" name="[130] /home/travis/build/icyphy/ptII/ptolemy/domains/continuous/test/auto/SinusoidWithMultipleImpulses.xml (RunModel)" time="0.014" />
  <testcase classname="ptolemy.util.test.junit.AutoTests" name="[131] /home/travis/build/icyphy/ptII/ptolemy/domains/continuous/test/auto/SquareWave.xml (RunModel)" time="0.181" />
  <testcase classname="ptolemy.util.test.junit.AutoTests" name="[132] /home/travis/build/icyphy/ptII/ptolemy/domains/continuous/test/auto/Starmac.xml (RunModel)" time="3.352" />
  <testcase classname="ptolemy.util.test.junit.AutoTests" name="[133] /home/travis/build/icyphy/ptII/ptolemy/domains/continuous/test/auto/StaticUnits.xml (RunModel)" time="3.043" />
  <testcase classname="ptolemy.util.test.junit.AutoTests" name="[134] /home/travis/build/icyphy/ptII/ptolemy/domains/continuous/test/auto/StickyMasses.xml (RunModel)" time="0.229" />
  <testcase classname="ptolemy.util.test.junit.AutoTests" name="[135] /home/travis/build/icyphy/ptII/ptolemy/domains/continuous/test/auto/StopTime.xml (RunModel)" time="0.147" />
  <testcase classname="ptolemy.util.test.junit.AutoTests" name="[136] /home/travis/build/icyphy/ptII/ptolemy/domains/continuous/test/auto/StopTime2.xml (RunModel)" time="0.073" />
  <testcase classname="ptolemy.util.test.junit.AutoTests" name="[137] /home/travis/build/icyphy/ptII/ptolemy/domains/continuous/test/auto/Switch.xml (RunModel)" time="0.076" />
  <testcase classname="ptolemy.util.test.junit.AutoTests" name="[138] /home/travis/build/icyphy/ptII/ptolemy/domains/continuous/test/auto/Thermostat.xml (RunModel)" time="0.241" />
  <testcase classname="ptolemy.util.test.junit.AutoTests" name="[139] /home/travis/build/icyphy/ptII/ptolemy/domains/continuous/test/auto/TimeDelay.xml (RunModel)" time="0.015" />
  <testcase classname="ptolemy.util.test.junit.AutoTests" name="[140] /home/travis/build/icyphy/ptII/ptolemy/domains/continuous/test/auto/TimeDelay2.xml (RunModel)" time="0.024" />
  <testcase classname="ptolemy.util.test.junit.AutoTests" name="[141] /home/travis/build/icyphy/ptII/ptolemy/domains/continuous/test/auto/TimeDelay3.xml (RunModel)" time="0.01" />
  <testcase classname="ptolemy.util.test.junit.AutoTests" name="[142] /home/travis/build/icyphy/ptII/ptolemy/domains/continuous/test/auto/TransferAbsentToInside.xml (RunModel)" time="0.102" />
  <testcase classname="ptolemy.util.test.junit.AutoTests" name="[143] /home/travis/build/icyphy/ptII/ptolemy/domains/continuous/test/auto/Transmission.xml (RunModel)" time="0.842" />
  <testcase classname="ptolemy.util.test.junit.AutoTests" name="[144] /home/travis/build/icyphy/ptII/ptolemy/domains/continuous/test/auto/TriggeredContinuousClock.xml (RunModel)" time="0.077" />
  <testcase classname="ptolemy.util.test.junit.AutoTests" name="[145] /home/travis/build/icyphy/ptII/ptolemy/domains/continuous/test/auto/TwoMachineInfiniteBusControl.xml (RunModel)" time="3.465" />
  <testcase classname="ptolemy.util.test.junit.AutoTests" name="[146] /home/travis/build/icyphy/ptII/ptolemy/domains/continuous/test/auto/V2V.xml (RunModel)" time="0.917" />
  <testcase classname="ptolemy.util.test.junit.AutoTests" name="[147] /home/travis/build/icyphy/ptII/ptolemy/domains/continuous/test/auto/hierarchicalModalModel.xml (RunModel)" time="0.039" />
  <testcase classname="ptolemy.util.test.junit.AutoTests" name="[148] /home/travis/build/icyphy/ptII/ptolemy/domains/continuous/test/auto/hierarchicalModalModel1.xml (RunModel)" time="0.031" />
  <testcase classname="ptolemy.util.test.junit.AutoTests" name="[149] /home/travis/build/icyphy/ptII/ptolemy/domains/continuous/test/auto/hierarchicalModalModel2.xml (RunModel)" time="0.027" />
  <testcase classname="ptolemy.util.test.junit.AutoTests" name="[150] /home/travis/build/icyphy/ptII/ptolemy/domains/continuous/test/auto/hierarchicalModalModel3.xml (RunModel)" time="0.031" />
  <testcase classname="ptolemy.util.test.junit.AutoTests" name="[151] /home/travis/build/icyphy/ptII/ptolemy/domains/continuous/test/auto/hierarchicalModalModel4.xml (RunModel)" time="0.026" />
  <testcase classname="ptolemy.util.test.junit.AutoTests" name="[152] /home/travis/build/icyphy/ptII/ptolemy/domains/continuous/test/auto/junk.xml (RunModel)" time="0.158" />
  <system-out><![CDATA[No tcl tests in /home/travis/build/icyphy/ptII/ptolemy/domains/continuous/test
No auto/knownFailedTests/*.xml tests in /home/travis/build/icyphy/ptII/ptolemy/domains/continuous/test
No auto/linux-amd64/*.xml tests in /home/travis/build/icyphy/ptII/ptolemy/domains/continuous/test
AutoTests.java: About to close Vertx.
AutoTests.java: Vertx closed.

===========================================================================================
----------------- testing Wed Oct 02 05:45:13 UTC 2019 /home/travis/build/icyphy/ptII/ptolemy/domains/continuous/test/auto/BouncingBall.xml
----------------- Instantiating /home/travis/build/icyphy/ptII/ptolemy/domains/continuous/test/auto/BouncingBall.xml
2845 ms. Memory: 145408K Free: 94484K (65%)
----------------- Invoking toplevel() on ptolemy.moml.MoMLSimpleApplication@3becbc9d
----------------- Done invoking toplevel() on ptolemy.moml.MoMLSimpleApplication@3becbc9d
reloadAllAccessors: .BouncingBall

===========================================================================================
----------------- testing Wed Oct 02 05:45:16 UTC 2019 /home/travis/build/icyphy/ptII/ptolemy/domains/continuous/test/auto/BouncingBallWithoutGR.xml
----------------- Instantiating /home/travis/build/icyphy/ptII/ptolemy/domains/continuous/test/auto/BouncingBallWithoutGR.xml
729 ms. Memory: 145408K Free: 84746K (58%)
----------------- Invoking toplevel() on ptolemy.moml.MoMLSimpleApplication@62100d26
----------------- Done invoking toplevel() on ptolemy.moml.MoMLSimpleApplication@62100d26
reloadAllAccessors: .BouncingBallWithoutGR

===========================================================================================
----------------- testing Wed Oct 02 05:45:17 UTC 2019 /home/travis/build/icyphy/ptII/ptolemy/domains/continuous/test/auto/Brownian.xml
----------------- Instantiating /home/travis/build/icyphy/ptII/ptolemy/domains/continuous/test/auto/Brownian.xml
24 ms. Memory: 145408K Free: 76040K (52%)
----------------- Invoking toplevel() on ptolemy.moml.MoMLSimpleApplication@7ffa8987
----------------- Done invoking toplevel() on ptolemy.moml.MoMLSimpleApplication@7ffa8987
reloadAllAccessors: .Brownian

===========================================================================================
----------------- testing Wed Oct 02 05:45:17 UTC 2019 /home/travis/build/icyphy/ptII/ptolemy/domains/continuous/test/auto/CarTracking.xml
----------------- Instantiating /home/travis/build/icyphy/ptII/ptolemy/domains/continuous/test/auto/CarTracking.xml
4065 ms. Memory: 210944K Free: 154434K (73%)
----------------- Invoking toplevel() on ptolemy.moml.MoMLSimpleApplication@33bb3e93
----------------- Done invoking toplevel() on ptolemy.moml.MoMLSimpleApplication@33bb3e93
reloadAllAccessors: .CarTracking

===========================================================================================
----------------- testing Wed Oct 02 05:45:22 UTC 2019 /home/travis/build/icyphy/ptII/ptolemy/domains/continuous/test/auto/CartPendulum.xml
----------------- Instantiating /home/travis/build/icyphy/ptII/ptolemy/domains/continuous/test/auto/CartPendulum.xml
426 ms. Memory: 210944K Free: 186250K (88%)
----------------- Invoking toplevel() on ptolemy.moml.MoMLSimpleApplication@78e1046f
----------------- Done invoking toplevel() on ptolemy.moml.MoMLSimpleApplication@78e1046f
reloadAllAccessors: .CartPendulum

===========================================================================================
----------------- testing Wed Oct 02 05:45:22 UTC 2019 /home/travis/build/icyphy/ptII/ptolemy/domains/continuous/test/auto/CausalityInterface10.xml
----------------- Instantiating /home/travis/build/icyphy/ptII/ptolemy/domains/continuous/test/auto/CausalityInterface10.xml
13 ms. Memory: 210944K Free: 175500K (83%)
----------------- Invoking toplevel() on ptolemy.moml.MoMLSimpleApplication@25e84833
----------------- Done invoking toplevel() on ptolemy.moml.MoMLSimpleApplication@25e84833
reloadAllAccessors: .CausalityInterface10

===========================================================================================
----------------- testing Wed Oct 02 05:45:22 UTC 2019 /home/travis/build/icyphy/ptII/ptolemy/domains/continuous/test/auto/CausalityInterface11.xml
----------------- Instantiating /home/travis/build/icyphy/ptII/ptolemy/domains/continuous/test/auto/CausalityInterface11.xml
5 ms. Memory: 210944K Free: 169356K (80%)
----------------- Invoking toplevel() on ptolemy.moml.MoMLSimpleApplication@61b7fc49
----------------- Done invoking toplevel() on ptolemy.moml.MoMLSimpleApplication@61b7fc49
reloadAllAccessors: .CausalityInterface11

===========================================================================================
----------------- testing Wed Oct 02 05:45:22 UTC 2019 /home/travis/build/icyphy/ptII/ptolemy/domains/continuous/test/auto/CausalityInterface12.xml
----------------- Instantiating /home/travis/build/icyphy/ptII/ptolemy/domains/continuous/test/auto/CausalityInterface12.xml
5 ms. Memory: 210944K Free: 163212K (77%)
----------------- Invoking toplevel() on ptolemy.moml.MoMLSimpleApplication@2a5b4ca7
----------------- Done invoking toplevel() on ptolemy.moml.MoMLSimpleApplication@2a5b4ca7
reloadAllAccessors: .CausalityInterface12

===========================================================================================
----------------- testing Wed Oct 02 05:45:23 UTC 2019 /home/travis/build/icyphy/ptII/ptolemy/domains/continuous/test/auto/CausalityInterface13.xml
----------------- Instantiating /home/travis/build/icyphy/ptII/ptolemy/domains/continuous/test/auto/CausalityInterface13.xml
7 ms. Memory: 210944K Free: 157068K (74%)
----------------- Invoking toplevel() on ptolemy.moml.MoMLSimpleApplication@79146a4b
----------------- Done invoking toplevel() on ptolemy.moml.MoMLSimpleApplication@79146a4b
reloadAllAccessors: .CausalityInterface13

===========================================================================================
----------------- testing Wed Oct 02 05:45:23 UTC 2019 /home/travis/build/icyphy/ptII/ptolemy/domains/continuous/test/auto/CausalityInterface14.xml
----------------- Instantiating /home/travis/build/icyphy/ptII/ptolemy/domains/continuous/test/auto/CausalityInterface14.xml
5 ms. Memory: 210944K Free: 151434K (72%)
----------------- Invoking toplevel() on ptolemy.moml.MoMLSimpleApplication@3bcf09fb
----------------- Done invoking toplevel() on ptolemy.moml.MoMLSimpleApplication@3bcf09fb
reloadAllAccessors: .CausalityInterface14

===========================================================================================
----------------- testing Wed Oct 02 05:45:23 UTC 2019 /home/travis/build/icyphy/ptII/ptolemy/domains/continuous/test/auto/CausalityInterface4.xml
----------------- Instantiating /home/travis/build/icyphy/ptII/ptolemy/domains/continuous/test/auto/CausalityInterface4.xml
4 ms. Memory: 210944K Free: 144780K (69%)
----------------- Invoking toplevel() on ptolemy.moml.MoMLSimpleApplication@558fdc1a
----------------- Done invoking toplevel() on ptolemy.moml.MoMLSimpleApplication@558fdc1a
reloadAllAccessors: .CausalityInterface4

===========================================================================================
----------------- testing Wed Oct 02 05:45:23 UTC 2019 /home/travis/build/icyphy/ptII/ptolemy/domains/continuous/test/auto/CausalityInterface5.xml
----------------- Instantiating /home/travis/build/icyphy/ptII/ptolemy/domains/continuous/test/auto/CausalityInterface5.xml
4 ms. Memory: 210944K Free: 136588K (65%)
----------------- Invoking toplevel() on ptolemy.moml.MoMLSimpleApplication@588f60ac
----------------- Done invoking toplevel() on ptolemy.moml.MoMLSimpleApplication@588f60ac
reloadAllAccessors: .CausalityInterface5

===========================================================================================
----------------- testing Wed Oct 02 05:45:23 UTC 2019 /home/travis/build/icyphy/ptII/ptolemy/domains/continuous/test/auto/CausalityInterface6.xml
----------------- Instantiating /home/travis/build/icyphy/ptII/ptolemy/domains/continuous/test/auto/CausalityInterface6.xml
5 ms. Memory: 210944K Free: 131468K (62%)
----------------- Invoking toplevel() on ptolemy.moml.MoMLSimpleApplication@2a09d5d1
----------------- Done invoking toplevel() on ptolemy.moml.MoMLSimpleApplication@2a09d5d1
reloadAllAccessors: .CausalityInterface6

===========================================================================================
----------------- testing Wed Oct 02 05:45:23 UTC 2019 /home/travis/build/icyphy/ptII/ptolemy/domains/continuous/test/auto/CausalityInterface7.xml
----------------- Instantiating /home/travis/build/icyphy/ptII/ptolemy/domains/continuous/test/auto/CausalityInterface7.xml
6 ms. Memory: 210944K Free: 122762K (58%)
----------------- Invoking toplevel() on ptolemy.moml.MoMLSimpleApplication@4e68152d
----------------- Done invoking toplevel() on ptolemy.moml.MoMLSimpleApplication@4e68152d
reloadAllAccessors: .CausalityInterface7

===========================================================================================
----------------- testing Wed Oct 02 05:45:23 UTC 2019 /home/travis/build/icyphy/ptII/ptolemy/domains/continuous/test/auto/CausalityInterface8.xml
----------------- Instantiating /home/travis/build/icyphy/ptII/ptolemy/domains/continuous/test/auto/CausalityInterface8.xml
7 ms. Memory: 210944K Free: 113546K (54%)
----------------- Invoking toplevel() on ptolemy.moml.MoMLSimpleApplication@17ccc63c
----------------- Done invoking toplevel() on ptolemy.moml.MoMLSimpleApplication@17ccc63c
reloadAllAccessors: .CausalityInterface8

===========================================================================================
----------------- testing Wed Oct 02 05:45:23 UTC 2019 /home/travis/build/icyphy/ptII/ptolemy/domains/continuous/test/auto/CausalityInterface9.xml
----------------- Instantiating /home/travis/build/icyphy/ptII/ptolemy/domains/continuous/test/auto/CausalityInterface9.xml
5 ms. Memory: 210944K Free: 102796K (49%)
----------------- Invoking toplevel() on ptolemy.moml.MoMLSimpleApplication@27db9233
----------------- Done invoking toplevel() on ptolemy.moml.MoMLSimpleApplication@27db9233
reloadAllAccessors: .CausalityInterface9

===========================================================================================
----------------- testing Wed Oct 02 05:45:23 UTC 2019 /home/travis/build/icyphy/ptII/ptolemy/domains/continuous/test/auto/CausalityInterfaceFeedback1.xml
----------------- Instantiating /home/travis/build/icyphy/ptII/ptolemy/domains/continuous/test/auto/CausalityInterfaceFeedback1.xml
7 ms. Memory: 210944K Free: 96124K (46%)
----------------- Invoking toplevel() on ptolemy.moml.MoMLSimpleApplication@1a5969
----------------- Done invoking toplevel() on ptolemy.moml.MoMLSimpleApplication@1a5969
reloadAllAccessors: .CausalityInterfaceFeedback1

===========================================================================================
----------------- testing Wed Oct 02 05:45:23 UTC 2019 /home/travis/build/icyphy/ptII/ptolemy/domains/continuous/test/auto/CausalityInterfaceFeedback2.xml
----------------- Instantiating /home/travis/build/icyphy/ptII/ptolemy/domains/continuous/test/auto/CausalityInterfaceFeedback2.xml
3 ms. Memory: 210944K Free: 89484K (42%)
----------------- Invoking toplevel() on ptolemy.moml.MoMLSimpleApplication@71cbcdb9
----------------- Done invoking toplevel() on ptolemy.moml.MoMLSimpleApplication@71cbcdb9
reloadAllAccessors: .CausalityInterfaceFeedback2

===========================================================================================
----------------- testing Wed Oct 02 05:45:23 UTC 2019 /home/travis/build/icyphy/ptII/ptolemy/domains/continuous/test/auto/CompareWithCurrentTime.xml
----------------- Instantiating /home/travis/build/icyphy/ptII/ptolemy/domains/continuous/test/auto/CompareWithCurrentTime.xml
6 ms. Memory: 210944K Free: 85388K (40%)
----------------- Invoking toplevel() on ptolemy.moml.MoMLSimpleApplication@12d0047e
----------------- Done invoking toplevel() on ptolemy.moml.MoMLSimpleApplication@12d0047e
reloadAllAccessors: .CompareWithCurrentTime

===========================================================================================
----------------- testing Wed Oct 02 05:45:23 UTC 2019 /home/travis/build/icyphy/ptII/ptolemy/domains/continuous/test/auto/ComparedClocks.xml
----------------- Instantiating /home/travis/build/icyphy/ptII/ptolemy/domains/continuous/test/auto/ComparedClocks.xml
14 ms. Memory: 210944K Free: 195612K (93%)
----------------- Invoking toplevel() on ptolemy.moml.MoMLSimpleApplication@3d2dbdf
----------------- Done invoking toplevel() on ptolemy.moml.MoMLSimpleApplication@3d2dbdf
reloadAllAccessors: .ComparedClocks

===========================================================================================
----------------- testing Wed Oct 02 05:45:23 UTC 2019 /home/travis/build/icyphy/ptII/ptolemy/domains/continuous/test/auto/ContinuousAOCClone.xml
----------------- Instantiating /home/travis/build/icyphy/ptII/ptolemy/domains/continuous/test/auto/ContinuousAOCClone.xml
2726 ms. Memory: 253952K Free: 233141K (92%)
----------------- Invoking toplevel() on ptolemy.moml.MoMLSimpleApplication@367e2e35
----------------- Done invoking toplevel() on ptolemy.moml.MoMLSimpleApplication@367e2e35
reloadAllAccessors: .ContinuousAOCClone

===========================================================================================
----------------- testing Wed Oct 02 05:45:26 UTC 2019 /home/travis/build/icyphy/ptII/ptolemy/domains/continuous/test/auto/ContinuousClock.xml
----------------- Instantiating /home/travis/build/icyphy/ptII/ptolemy/domains/continuous/test/auto/ContinuousClock.xml
30 ms. Memory: 253952K Free: 211651K (83%)
----------------- Invoking toplevel() on ptolemy.moml.MoMLSimpleApplication@76e7de69
----------------- Done invoking toplevel() on ptolemy.moml.MoMLSimpleApplication@76e7de69
reloadAllAccessors: .ContinuousClock

===========================================================================================
----------------- testing Wed Oct 02 05:45:26 UTC 2019 /home/travis/build/icyphy/ptII/ptolemy/domains/continuous/test/auto/ContinuousInContinuous.xml
----------------- Instantiating /home/travis/build/icyphy/ptII/ptolemy/domains/continuous/test/auto/ContinuousInContinuous.xml
42 ms. Memory: 253952K Free: 188099K (74%)
----------------- Invoking toplevel() on ptolemy.moml.MoMLSimpleApplication@27f78844
----------------- Done invoking toplevel() on ptolemy.moml.MoMLSimpleApplication@27f78844
reloadAllAccessors: .ContinuousInContinuous

===========================================================================================
----------------- testing Wed Oct 02 05:45:26 UTC 2019 /home/travis/build/icyphy/ptII/ptolemy/domains/continuous/test/auto/ContinuousInContinuousInContinuous.xml
----------------- Instantiating /home/travis/build/icyphy/ptII/ptolemy/domains/continuous/test/auto/ContinuousInContinuousInContinuous.xml
6 ms. Memory: 253952K Free: 180421K (71%)
----------------- Invoking toplevel() on ptolemy.moml.MoMLSimpleApplication@6758ba2e
----------------- Done invoking toplevel() on ptolemy.moml.MoMLSimpleApplication@6758ba2e
reloadAllAccessors: .ContinuousInContinuousInContinuous

===========================================================================================
----------------- testing Wed Oct 02 05:45:26 UTC 2019 /home/travis/build/icyphy/ptII/ptolemy/domains/continuous/test/auto/ContinuousInDE.xml
----------------- Instantiating /home/travis/build/icyphy/ptII/ptolemy/domains/continuous/test/auto/ContinuousInDE.xml
62 ms. Memory: 253952K Free: 170691K (67%)
----------------- Invoking toplevel() on ptolemy.moml.MoMLSimpleApplication@3a621ade
----------------- Done invoking toplevel() on ptolemy.moml.MoMLSimpleApplication@3a621ade
reloadAllAccessors: .ContinuousInDE

===========================================================================================
----------------- testing Wed Oct 02 05:45:26 UTC 2019 /home/travis/build/icyphy/ptII/ptolemy/domains/continuous/test/auto/ContinuousInDE2.xml
----------------- Instantiating /home/travis/build/icyphy/ptII/ptolemy/domains/continuous/test/auto/ContinuousInDE2.xml
58 ms. Memory: 253952K Free: 160965K (63%)
----------------- Invoking toplevel() on ptolemy.moml.MoMLSimpleApplication@1f477f31
----------------- Done invoking toplevel() on ptolemy.moml.MoMLSimpleApplication@1f477f31
reloadAllAccessors: .ContinuousInDE2

===========================================================================================
----------------- testing Wed Oct 02 05:45:26 UTC 2019 /home/travis/build/icyphy/ptII/ptolemy/domains/continuous/test/auto/ContinuousInDE3.xml
----------------- Instantiating /home/travis/build/icyphy/ptII/ptolemy/domains/continuous/test/auto/ContinuousInDE3.xml
39 ms. Memory: 253952K Free: 151235K (60%)
----------------- Invoking toplevel() on ptolemy.moml.MoMLSimpleApplication@6a656a87
----------------- Done invoking toplevel() on ptolemy.moml.MoMLSimpleApplication@6a656a87
reloadAllAccessors: .ContinuousInDE3

===========================================================================================
----------------- testing Wed Oct 02 05:45:26 UTC 2019 /home/travis/build/icyphy/ptII/ptolemy/domains/continuous/test/auto/ContinuousInDE4.xml
----------------- Instantiating /home/travis/build/icyphy/ptII/ptolemy/domains/continuous/test/auto/ContinuousInDE4.xml
15 ms. Memory: 253952K Free: 145088K (57%)
----------------- Invoking toplevel() on ptolemy.moml.MoMLSimpleApplication@73325c46
----------------- Done invoking toplevel() on ptolemy.moml.MoMLSimpleApplication@73325c46
reloadAllAccessors: .ContinuousInDE4

===========================================================================================
----------------- testing Wed Oct 02 05:45:26 UTC 2019 /home/travis/build/icyphy/ptII/ptolemy/domains/continuous/test/auto/ContinuousInDEDifferentRefinements.xml
----------------- Instantiating /home/travis/build/icyphy/ptII/ptolemy/domains/continuous/test/auto/ContinuousInDEDifferentRefinements.xml
58 ms. Memory: 253952K Free: 114357K (45%)
----------------- Invoking toplevel() on ptolemy.moml.MoMLSimpleApplication@2a3ee856
----------------- Done invoking toplevel() on ptolemy.moml.MoMLSimpleApplication@2a3ee856
reloadAllAccessors: .ContinuousInDEDifferentRefinements

===========================================================================================
----------------- testing Wed Oct 02 05:45:27 UTC 2019 /home/travis/build/icyphy/ptII/ptolemy/domains/continuous/test/auto/ContinuousInDEDifferentRefinementsPreemptive.xml
----------------- Instantiating /home/travis/build/icyphy/ptII/ptolemy/domains/continuous/test/auto/ContinuousInDEDifferentRefinementsPreemptive.xml
53 ms. Memory: 253952K Free: 233778K (92%)
----------------- Invoking toplevel() on ptolemy.moml.MoMLSimpleApplication@6eec35cc
----------------- Done invoking toplevel() on ptolemy.moml.MoMLSimpleApplication@6eec35cc
reloadAllAccessors: .ContinuousInDEDifferentRefinementsPreemptive

===========================================================================================
----------------- testing Wed Oct 02 05:45:27 UTC 2019 /home/travis/build/icyphy/ptII/ptolemy/domains/continuous/test/auto/ContinuousInDEInContinuous2.xml
----------------- Instantiating /home/travis/build/icyphy/ptII/ptolemy/domains/continuous/test/auto/ContinuousInDEInContinuous2.xml
36 ms. Memory: 253952K Free: 221893K (87%)
----------------- Invoking toplevel() on ptolemy.moml.MoMLSimpleApplication@21833d1e
----------------- Done invoking toplevel() on ptolemy.moml.MoMLSimpleApplication@21833d1e
reloadAllAccessors: .ContinuousInDEInContinuous2

===========================================================================================
----------------- testing Wed Oct 02 05:45:27 UTC 2019 /home/travis/build/icyphy/ptII/ptolemy/domains/continuous/test/auto/ContinuousInDEInContinuous3.xml
----------------- Instantiating /home/travis/build/icyphy/ptII/ptolemy/domains/continuous/test/auto/ContinuousInDEInContinuous3.xml
35 ms. Memory: 253952K Free: 210115K (83%)
----------------- Invoking toplevel() on ptolemy.moml.MoMLSimpleApplication@502abce5
----------------- Done invoking toplevel() on ptolemy.moml.MoMLSimpleApplication@502abce5
reloadAllAccessors: .ContinuousInDEInContinuous3

===========================================================================================
----------------- testing Wed Oct 02 05:45:27 UTC 2019 /home/travis/build/icyphy/ptII/ptolemy/domains/continuous/test/auto/ContinuousInDEInput.xml
----------------- Instantiating /home/travis/build/icyphy/ptII/ptolemy/domains/continuous/test/auto/ContinuousInDEInput.xml
16 ms. Memory: 253952K Free: 202437K (80%)
----------------- Invoking toplevel() on ptolemy.moml.MoMLSimpleApplication@30f176a1
----------------- Done invoking toplevel() on ptolemy.moml.MoMLSimpleApplication@30f176a1
reloadAllAccessors: .ContinuousInDEInput

===========================================================================================
----------------- testing Wed Oct 02 05:45:27 UTC 2019 /home/travis/build/icyphy/ptII/ptolemy/domains/continuous/test/auto/ContinuousInDEInput2.xml
----------------- Instantiating /home/travis/build/icyphy/ptII/ptolemy/domains/continuous/test/auto/ContinuousInDEInput2.xml
13 ms. Memory: 253952K Free: 195269K (77%)
----------------- Invoking toplevel() on ptolemy.moml.MoMLSimpleApplication@42a3d857
----------------- Done invoking toplevel() on ptolemy.moml.MoMLSimpleApplication@42a3d857
reloadAllAccessors: .ContinuousInDEInput2

===========================================================================================
----------------- testing Wed Oct 02 05:45:27 UTC 2019 /home/travis/build/icyphy/ptII/ptolemy/domains/continuous/test/auto/ContinuousInDEInput3.xml
----------------- Instantiating /home/travis/build/icyphy/ptII/ptolemy/domains/continuous/test/auto/ContinuousInDEInput3.xml
15 ms. Memory: 253952K Free: 188101K (74%)
----------------- Invoking toplevel() on ptolemy.moml.MoMLSimpleApplication@2ea919b8
----------------- Done invoking toplevel() on ptolemy.moml.MoMLSimpleApplication@2ea919b8
reloadAllAccessors: .ContinuousInDEInput3

===========================================================================================
----------------- testing Wed Oct 02 05:45:27 UTC 2019 /home/travis/build/icyphy/ptII/ptolemy/domains/continuous/test/auto/ContinuousInDESharingRefinement.xml
----------------- Instantiating /home/travis/build/icyphy/ptII/ptolemy/domains/continuous/test/auto/ContinuousInDESharingRefinement.xml
154 ms. Memory: 253952K Free: 93379K (37%)
----------------- Invoking toplevel() on ptolemy.moml.MoMLSimpleApplication@4ce9d56b
----------------- Done invoking toplevel() on ptolemy.moml.MoMLSimpleApplication@4ce9d56b
reloadAllAccessors: .ContinuousInDESharingRefinement

===========================================================================================
----------------- testing Wed Oct 02 05:45:27 UTC 2019 /home/travis/build/icyphy/ptII/ptolemy/domains/continuous/test/auto/ContinuousInDEwithNoPorts.xml
----------------- Instantiating /home/travis/build/icyphy/ptII/ptolemy/domains/continuous/test/auto/ContinuousInDEwithNoPorts.xml
11 ms. Memory: 253952K Free: 239646K (94%)
----------------- Invoking toplevel() on ptolemy.moml.MoMLSimpleApplication@41dfbfc3
----------------- Done invoking toplevel() on ptolemy.moml.MoMLSimpleApplication@41dfbfc3
reloadAllAccessors: .ContinuousInDEwithNoPorts

===========================================================================================
----------------- testing Wed Oct 02 05:45:27 UTC 2019 /home/travis/build/icyphy/ptII/ptolemy/domains/continuous/test/auto/ContinuousInsideDE.xml
----------------- Instantiating /home/travis/build/icyphy/ptII/ptolemy/domains/continuous/test/auto/ContinuousInsideDE.xml
38 ms. Memory: 253952K Free: 227905K (90%)
----------------- Invoking toplevel() on ptolemy.moml.MoMLSimpleApplication@3ecdac4
----------------- Done invoking toplevel() on ptolemy.moml.MoMLSimpleApplication@3ecdac4
reloadAllAccessors: .ContinuousInsideDE

===========================================================================================
----------------- testing Wed Oct 02 05:45:27 UTC 2019 /home/travis/build/icyphy/ptII/ptolemy/domains/continuous/test/auto/ContinuousMerge1.xml
----------------- Instantiating /home/travis/build/icyphy/ptII/ptolemy/domains/continuous/test/auto/ContinuousMerge1.xml
4 ms. Memory: 253952K Free: 223809K (88%)
----------------- Invoking toplevel() on ptolemy.moml.MoMLSimpleApplication@b4bf9b
----------------- Done invoking toplevel() on ptolemy.moml.MoMLSimpleApplication@b4bf9b
reloadAllAccessors: .ContinuousMerge1

===========================================================================================
----------------- testing Wed Oct 02 05:45:27 UTC 2019 /home/travis/build/icyphy/ptII/ptolemy/domains/continuous/test/auto/ContinuousMerge2.xml
----------------- Instantiating /home/travis/build/icyphy/ptII/ptolemy/domains/continuous/test/auto/ContinuousMerge2.xml
18 ms. Memory: 253952K Free: 213569K (84%)
----------------- Invoking toplevel() on ptolemy.moml.MoMLSimpleApplication@266377a8
----------------- Done invoking toplevel() on ptolemy.moml.MoMLSimpleApplication@266377a8
reloadAllAccessors: .ContinuousMerge2

===========================================================================================
----------------- testing Wed Oct 02 05:45:27 UTC 2019 /home/travis/build/icyphy/ptII/ptolemy/domains/continuous/test/auto/ContinuousMerge3.xml
----------------- Instantiating /home/travis/build/icyphy/ptII/ptolemy/domains/continuous/test/auto/ContinuousMerge3.xml
48 ms. Memory: 253952K Free: 202815K (80%)
----------------- Invoking toplevel() on ptolemy.moml.MoMLSimpleApplication@53cf566a
----------------- Done invoking toplevel() on ptolemy.moml.MoMLSimpleApplication@53cf566a
reloadAllAccessors: .ContinuousMerge3

===========================================================================================
----------------- testing Wed Oct 02 05:45:27 UTC 2019 /home/travis/build/icyphy/ptII/ptolemy/domains/continuous/test/auto/ContinuousWithinContinuous.xml
----------------- Instantiating /home/travis/build/icyphy/ptII/ptolemy/domains/continuous/test/auto/ContinuousWithinContinuous.xml
42 ms. Memory: 253952K Free: 193599K (76%)
----------------- Invoking toplevel() on ptolemy.moml.MoMLSimpleApplication@267b5ad2
----------------- Done invoking toplevel() on ptolemy.moml.MoMLSimpleApplication@267b5ad2
reloadAllAccessors: .ContinuousWithinContinuous

===========================================================================================
----------------- testing Wed Oct 02 05:45:27 UTC 2019 /home/travis/build/icyphy/ptII/ptolemy/domains/continuous/test/auto/ContinuousWithinContinuous2.xml
----------------- Instantiating /home/travis/build/icyphy/ptII/ptolemy/domains/continuous/test/auto/ContinuousWithinContinuous2.xml
72 ms. Memory: 253952K Free: 182849K (72%)
----------------- Invoking toplevel() on ptolemy.moml.MoMLSimpleApplication@1614f122
----------------- Done invoking toplevel() on ptolemy.moml.MoMLSimpleApplication@1614f122
reloadAllAccessors: .ContinuousWithinContinuous2

===========================================================================================
----------------- testing Wed Oct 02 05:45:28 UTC 2019 /home/travis/build/icyphy/ptII/ptolemy/domains/continuous/test/auto/ContinuousWithinContinuous3.xml
----------------- Instantiating /home/travis/build/icyphy/ptII/ptolemy/domains/continuous/test/auto/ContinuousWithinContinuous3.xml
15 ms. Memory: 253952K Free: 176191K (69%)
----------------- Invoking toplevel() on ptolemy.moml.MoMLSimpleApplication@36f200e6
----------------- Done invoking toplevel() on ptolemy.moml.MoMLSimpleApplication@36f200e6
reloadAllAccessors: .ContinuousWithinContinuous3

===========================================================================================
----------------- testing Wed Oct 02 05:45:28 UTC 2019 /home/travis/build/icyphy/ptII/ptolemy/domains/continuous/test/auto/ContinuousWithinContinuous4.xml
----------------- Instantiating /home/travis/build/icyphy/ptII/ptolemy/domains/continuous/test/auto/ContinuousWithinContinuous4.xml
81 ms. Memory: 253952K Free: 163393K (64%)
----------------- Invoking toplevel() on ptolemy.moml.MoMLSimpleApplication@3a0bd1d1
----------------- Done invoking toplevel() on ptolemy.moml.MoMLSimpleApplication@3a0bd1d1
reloadAllAccessors: .ContinuousWithinContinuous4

===========================================================================================
----------------- testing Wed Oct 02 05:45:28 UTC 2019 /home/travis/build/icyphy/ptII/ptolemy/domains/continuous/test/auto/ContinuousWithinContinuous5.xml
----------------- Instantiating /home/travis/build/icyphy/ptII/ptolemy/domains/continuous/test/auto/ContinuousWithinContinuous5.xml
14 ms. Memory: 253952K Free: 156225K (62%)
----------------- Invoking toplevel() on ptolemy.moml.MoMLSimpleApplication@41f79b58
----------------- Done invoking toplevel() on ptolemy.moml.MoMLSimpleApplication@41f79b58
reloadAllAccessors: .ContinuousWithinContinuous5

===========================================================================================
----------------- testing Wed Oct 02 05:45:28 UTC 2019 /home/travis/build/icyphy/ptII/ptolemy/domains/continuous/test/auto/ContinuousWithinContinuous6.xml
----------------- Instantiating /home/travis/build/icyphy/ptII/ptolemy/domains/continuous/test/auto/ContinuousWithinContinuous6.xml
13 ms. Memory: 253952K Free: 149567K (59%)
----------------- Invoking toplevel() on ptolemy.moml.MoMLSimpleApplication@227430cb
----------------- Done invoking toplevel() on ptolemy.moml.MoMLSimpleApplication@227430cb
reloadAllAccessors: .ContinuousWithinContinuous6

===========================================================================================
----------------- testing Wed Oct 02 05:45:28 UTC 2019 /home/travis/build/icyphy/ptII/ptolemy/domains/continuous/test/auto/ContinuousWithinContinuous7.xml
----------------- Instantiating /home/travis/build/icyphy/ptII/ptolemy/domains/continuous/test/auto/ContinuousWithinContinuous7.xml
69 ms. Memory: 253952K Free: 138817K (55%)
----------------- Invoking toplevel() on ptolemy.moml.MoMLSimpleApplication@433458da
----------------- Done invoking toplevel() on ptolemy.moml.MoMLSimpleApplication@433458da
reloadAllAccessors: .ContinuousWithinContinuous7

===========================================================================================
----------------- testing Wed Oct 02 05:45:28 UTC 2019 /home/travis/build/icyphy/ptII/ptolemy/domains/continuous/test/auto/DCMotor.xml
----------------- Instantiating /home/travis/build/icyphy/ptII/ptolemy/domains/continuous/test/auto/DCMotor.xml
16144 ms. Memory: 253952K Free: 196019K (77%)
----------------- Invoking toplevel() on ptolemy.moml.MoMLSimpleApplication@662238a6
----------------- Done invoking toplevel() on ptolemy.moml.MoMLSimpleApplication@662238a6
reloadAllAccessors: .DCMotor

===========================================================================================
----------------- testing Wed Oct 02 05:45:44 UTC 2019 /home/travis/build/icyphy/ptII/ptolemy/domains/continuous/test/auto/DEInContinuous.xml
----------------- Instantiating /home/travis/build/icyphy/ptII/ptolemy/domains/continuous/test/auto/DEInContinuous.xml
17 ms. Memory: 253952K Free: 189905K (75%)
----------------- Invoking toplevel() on ptolemy.moml.MoMLSimpleApplication@5c9b15c8
----------------- Done invoking toplevel() on ptolemy.moml.MoMLSimpleApplication@5c9b15c8
reloadAllAccessors: .DEInContinuous

===========================================================================================
----------------- testing Wed Oct 02 05:45:44 UTC 2019 /home/travis/build/icyphy/ptII/ptolemy/domains/continuous/test/auto/DEinContinuous2.xml
----------------- Instantiating /home/travis/build/icyphy/ptII/ptolemy/domains/continuous/test/auto/DEinContinuous2.xml
13 ms. Memory: 253952K Free: 182227K (72%)
----------------- Invoking toplevel() on ptolemy.moml.MoMLSimpleApplication@9bff509
----------------- Done invoking toplevel() on ptolemy.moml.MoMLSimpleApplication@9bff509
reloadAllAccessors: .DEinContinuous2

===========================================================================================
----------------- testing Wed Oct 02 05:45:44 UTC 2019 /home/travis/build/icyphy/ptII/ptolemy/domains/continuous/test/auto/Derivative.xml
----------------- Instantiating /home/travis/build/icyphy/ptII/ptolemy/domains/continuous/test/auto/Derivative.xml
147 ms. Memory: 253952K Free: 153555K (60%)
----------------- Invoking toplevel() on ptolemy.moml.MoMLSimpleApplication@5d5bbae
----------------- Done invoking toplevel() on ptolemy.moml.MoMLSimpleApplication@5d5bbae
reloadAllAccessors: .Derivative2

===========================================================================================
----------------- testing Wed Oct 02 05:45:44 UTC 2019 /home/travis/build/icyphy/ptII/ptolemy/domains/continuous/test/auto/Derivative1.xml
----------------- Instantiating /home/travis/build/icyphy/ptII/ptolemy/domains/continuous/test/auto/Derivative1.xml
14 ms. Memory: 253952K Free: 139219K (55%)
----------------- Invoking toplevel() on ptolemy.moml.MoMLSimpleApplication@4481fc02
----------------- Done invoking toplevel() on ptolemy.moml.MoMLSimpleApplication@4481fc02
reloadAllAccessors: .Derivative1

===========================================================================================
----------------- testing Wed Oct 02 05:45:44 UTC 2019 /home/travis/build/icyphy/ptII/ptolemy/domains/continuous/test/auto/DiscreteClock.xml
----------------- Instantiating /home/travis/build/icyphy/ptII/ptolemy/domains/continuous/test/auto/DiscreteClock.xml
6 ms. Memory: 253952K Free: 134099K (53%)
----------------- Invoking toplevel() on ptolemy.moml.MoMLSimpleApplication@5523f6a9
----------------- Done invoking toplevel() on ptolemy.moml.MoMLSimpleApplication@5523f6a9
reloadAllAccessors: .DiscreteClock

===========================================================================================
----------------- testing Wed Oct 02 05:45:44 UTC 2019 /home/travis/build/icyphy/ptII/ptolemy/domains/continuous/test/auto/EfficiencyCurve.xml
----------------- Instantiating /home/travis/build/icyphy/ptII/ptolemy/domains/continuous/test/auto/EfficiencyCurve.xml
65 ms. Memory: 253952K Free: 125393K (49%)
----------------- Invoking toplevel() on ptolemy.moml.MoMLSimpleApplication@1bab4f7b
----------------- Done invoking toplevel() on ptolemy.moml.MoMLSimpleApplication@1bab4f7b
reloadAllAccessors: .EfficiencyCurve

===========================================================================================
----------------- testing Wed Oct 02 05:45:44 UTC 2019 /home/travis/build/icyphy/ptII/ptolemy/domains/continuous/test/auto/ExponentialResponse.xml
----------------- Instantiating /home/travis/build/icyphy/ptII/ptolemy/domains/continuous/test/auto/ExponentialResponse.xml
122 ms. Memory: 253952K Free: 110547K (44%)
----------------- Invoking toplevel() on ptolemy.moml.MoMLSimpleApplication@64565942
----------------- Done invoking toplevel() on ptolemy.moml.MoMLSimpleApplication@64565942
reloadAllAccessors: .ExponentialResponse

===========================================================================================
----------------- testing Wed Oct 02 05:45:45 UTC 2019 /home/travis/build/icyphy/ptII/ptolemy/domains/continuous/test/auto/ExponentialResponseRK45.xml
----------------- Instantiating /home/travis/build/icyphy/ptII/ptolemy/domains/continuous/test/auto/ExponentialResponseRK45.xml
27 ms. Memory: 253952K Free: 103889K (41%)
----------------- Invoking toplevel() on ptolemy.moml.MoMLSimpleApplication@30cb617f
----------------- Done invoking toplevel() on ptolemy.moml.MoMLSimpleApplication@30cb617f
reloadAllAccessors: .ExponentialResponseRK45

===========================================================================================
----------------- testing Wed Oct 02 05:45:45 UTC 2019 /home/travis/build/icyphy/ptII/ptolemy/domains/continuous/test/auto/Friction.xml
----------------- Instantiating /home/travis/build/icyphy/ptII/ptolemy/domains/continuous/test/auto/Friction.xml
1572 ms. Memory: 253952K Free: 132410K (52%)
----------------- Invoking toplevel() on ptolemy.moml.MoMLSimpleApplication@8b5cc8b
----------------- Done invoking toplevel() on ptolemy.moml.MoMLSimpleApplication@8b5cc8b
reloadAllAccessors: .Friction

===========================================================================================
----------------- testing Wed Oct 02 05:45:46 UTC 2019 /home/travis/build/icyphy/ptII/ptolemy/domains/continuous/test/auto/FurutaPendulum.xml
----------------- Instantiating /home/travis/build/icyphy/ptII/ptolemy/domains/continuous/test/auto/FurutaPendulum.xml
3582 ms. Memory: 253952K Free: 231759K (91%)
----------------- Invoking toplevel() on ptolemy.moml.MoMLSimpleApplication@4a88a531
----------------- Done invoking toplevel() on ptolemy.moml.MoMLSimpleApplication@4a88a531
reloadAllAccessors: .FurutaPendulum

===========================================================================================
----------------- testing Wed Oct 02 05:45:50 UTC 2019 /home/travis/build/icyphy/ptII/ptolemy/domains/continuous/test/auto/HierarchicalExecution.xml
----------------- Instantiating /home/travis/build/icyphy/ptII/ptolemy/domains/continuous/test/auto/HierarchicalExecution.xml
2283 ms. Memory: 253952K Free: 104072K (41%)
----------------- Invoking toplevel() on ptolemy.moml.MoMLSimpleApplication@74525d20
----------------- Done invoking toplevel() on ptolemy.moml.MoMLSimpleApplication@74525d20
reloadAllAccessors: .HierarchicalExecution

===========================================================================================
----------------- testing Wed Oct 02 05:45:53 UTC 2019 /home/travis/build/icyphy/ptII/ptolemy/domains/continuous/test/auto/HybridPlant.xml
----------------- Instantiating /home/travis/build/icyphy/ptII/ptolemy/domains/continuous/test/auto/HybridPlant.xml
586 ms. Memory: 305152K Free: 222474K (73%)
----------------- Invoking toplevel() on ptolemy.moml.MoMLSimpleApplication@623a5a4c
----------------- Done invoking toplevel() on ptolemy.moml.MoMLSimpleApplication@623a5a4c
reloadAllAccessors: .HybridPlant

===========================================================================================
----------------- testing Wed Oct 02 05:45:54 UTC 2019 /home/travis/build/icyphy/ptII/ptolemy/domains/continuous/test/auto/Hysteresis.xml
----------------- Instantiating /home/travis/build/icyphy/ptII/ptolemy/domains/continuous/test/auto/Hysteresis.xml
174 ms. Memory: 305152K Free: 160524K (53%)
----------------- Invoking toplevel() on ptolemy.moml.MoMLSimpleApplication@3a75daa
----------------- Done invoking toplevel() on ptolemy.moml.MoMLSimpleApplication@3a75daa
reloadAllAccessors: .Hysteresis

===========================================================================================
----------------- testing Wed Oct 02 05:45:54 UTC 2019 /home/travis/build/icyphy/ptII/ptolemy/domains/continuous/test/auto/HysteresisWithRandomDelay.xml
----------------- Instantiating /home/travis/build/icyphy/ptII/ptolemy/domains/continuous/test/auto/HysteresisWithRandomDelay.xml
196 ms. Memory: 305152K Free: 269415K (88%)
----------------- Invoking toplevel() on ptolemy.moml.MoMLSimpleApplication@656ef1ca
----------------- Done invoking toplevel() on ptolemy.moml.MoMLSimpleApplication@656ef1ca
reloadAllAccessors: .HysteresisWithRandomDelay

===========================================================================================
----------------- testing Wed Oct 02 05:45:54 UTC 2019 /home/travis/build/icyphy/ptII/ptolemy/domains/continuous/test/auto/HysteresisWithRandomLosses.xml
----------------- Instantiating /home/travis/build/icyphy/ptII/ptolemy/domains/continuous/test/auto/HysteresisWithRandomLosses.xml
2458 ms. Memory: 305152K Free: 251016K (82%)
----------------- Invoking toplevel() on ptolemy.moml.MoMLSimpleApplication@3a9f1c4c
----------------- Done invoking toplevel() on ptolemy.moml.MoMLSimpleApplication@3a9f1c4c
reloadAllAccessors: .HysteresisWithRandomLosses

===========================================================================================
----------------- testing Wed Oct 02 05:45:57 UTC 2019 /home/travis/build/icyphy/ptII/ptolemy/domains/continuous/test/auto/ImmediateTransitions.xml
----------------- Instantiating /home/travis/build/icyphy/ptII/ptolemy/domains/continuous/test/auto/ImmediateTransitions.xml
10 ms. Memory: 305152K Free: 240266K (79%)
----------------- Invoking toplevel() on ptolemy.moml.MoMLSimpleApplication@76bfe8c6
----------------- Done invoking toplevel() on ptolemy.moml.MoMLSimpleApplication@76bfe8c6
reloadAllAccessors: .ImmediateTransitions

===========================================================================================
----------------- testing Wed Oct 02 05:45:57 UTC 2019 /home/travis/build/icyphy/ptII/ptolemy/domains/continuous/test/auto/ImpulseFeedback.xml
----------------- Instantiating /home/travis/build/icyphy/ptII/ptolemy/domains/continuous/test/auto/ImpulseFeedback.xml
8 ms. Memory: 305152K Free: 234632K (77%)
----------------- Invoking toplevel() on ptolemy.moml.MoMLSimpleApplication@79f4de5
----------------- Done invoking toplevel() on ptolemy.moml.MoMLSimpleApplication@79f4de5
reloadAllAccessors: .ImpulseFeedback

===========================================================================================
----------------- testing Wed Oct 02 05:45:57 UTC 2019 /home/travis/build/icyphy/ptII/ptolemy/domains/continuous/test/auto/ImpulseFeedback2.xml
----------------- Instantiating /home/travis/build/icyphy/ptII/ptolemy/domains/continuous/test/auto/ImpulseFeedback2.xml
6 ms. Memory: 305152K Free: 229002K (75%)
----------------- Invoking toplevel() on ptolemy.moml.MoMLSimpleApplication@418395d2
----------------- Done invoking toplevel() on ptolemy.moml.MoMLSimpleApplication@418395d2
reloadAllAccessors: .ImpulseFeedback2

===========================================================================================
----------------- testing Wed Oct 02 05:45:57 UTC 2019 /home/travis/build/icyphy/ptII/ptolemy/domains/continuous/test/auto/IncreasingRatePoisson.xml
----------------- Instantiating /home/travis/build/icyphy/ptII/ptolemy/domains/continuous/test/auto/IncreasingRatePoisson.xml
734 ms. Memory: 305152K Free: 283396K (93%)
----------------- Invoking toplevel() on ptolemy.moml.MoMLSimpleApplication@1eb57997
----------------- Done invoking toplevel() on ptolemy.moml.MoMLSimpleApplication@1eb57997
reloadAllAccessors: .IncreasingRatePoisson

===========================================================================================
----------------- testing Wed Oct 02 05:45:58 UTC 2019 /home/travis/build/icyphy/ptII/ptolemy/domains/continuous/test/auto/InitialStateFeedback.xml
----------------- Instantiating /home/travis/build/icyphy/ptII/ptolemy/domains/continuous/test/auto/InitialStateFeedback.xml
4 ms. Memory: 305152K Free: 278804K (91%)
----------------- Invoking toplevel() on ptolemy.moml.MoMLSimpleApplication@21017c74
----------------- Done invoking toplevel() on ptolemy.moml.MoMLSimpleApplication@21017c74
reloadAllAccessors: .InitialStateFeedback

===========================================================================================
----------------- testing Wed Oct 02 05:45:58 UTC 2019 /home/travis/build/icyphy/ptII/ptolemy/domains/continuous/test/auto/Integration.xml
----------------- Instantiating /home/travis/build/icyphy/ptII/ptolemy/domains/continuous/test/auto/Integration.xml
5 ms. Memory: 305152K Free: 274708K (90%)
----------------- Invoking toplevel() on ptolemy.moml.MoMLSimpleApplication@7e15399f
----------------- Done invoking toplevel() on ptolemy.moml.MoMLSimpleApplication@7e15399f
reloadAllAccessors: .Integration

===========================================================================================
----------------- testing Wed Oct 02 05:45:58 UTC 2019 /home/travis/build/icyphy/ptII/ptolemy/domains/continuous/test/auto/Integration2.xml
----------------- Instantiating /home/travis/build/icyphy/ptII/ptolemy/domains/continuous/test/auto/Integration2.xml
81 ms. Memory: 305152K Free: 260372K (85%)
----------------- Invoking toplevel() on ptolemy.moml.MoMLSimpleApplication@2f509e9f
----------------- Done invoking toplevel() on ptolemy.moml.MoMLSimpleApplication@2f509e9f
reloadAllAccessors: .Integration2

===========================================================================================
----------------- testing Wed Oct 02 05:45:58 UTC 2019 /home/travis/build/icyphy/ptII/ptolemy/domains/continuous/test/auto/Integration3.xml
----------------- Instantiating /home/travis/build/icyphy/ptII/ptolemy/domains/continuous/test/auto/Integration3.xml
2 ms. Memory: 305152K Free: 255762K (84%)
----------------- Invoking toplevel() on ptolemy.moml.MoMLSimpleApplication@4b574110
----------------- Done invoking toplevel() on ptolemy.moml.MoMLSimpleApplication@4b574110
reloadAllAccessors: .Integration3

===========================================================================================
----------------- testing Wed Oct 02 05:45:58 UTC 2019 /home/travis/build/icyphy/ptII/ptolemy/domains/continuous/test/auto/Integration5.xml
----------------- Instantiating /home/travis/build/icyphy/ptII/ptolemy/domains/continuous/test/auto/Integration5.xml
2 ms. Memory: 305152K Free: 251666K (82%)
----------------- Invoking toplevel() on ptolemy.moml.MoMLSimpleApplication@53a06b9b
----------------- Done invoking toplevel() on ptolemy.moml.MoMLSimpleApplication@53a06b9b
reloadAllAccessors: .Integration5

===========================================================================================
----------------- testing Wed Oct 02 05:45:58 UTC 2019 /home/travis/build/icyphy/ptII/ptolemy/domains/continuous/test/auto/IntegratorImpulse.xml
----------------- Instantiating /home/travis/build/icyphy/ptII/ptolemy/domains/continuous/test/auto/IntegratorImpulse.xml
2 ms. Memory: 305152K Free: 247564K (81%)
----------------- Invoking toplevel() on ptolemy.moml.MoMLSimpleApplication@42ddb37e
----------------- Done invoking toplevel() on ptolemy.moml.MoMLSimpleApplication@42ddb37e
reloadAllAccessors: .IntegratorImpulse

===========================================================================================
----------------- testing Wed Oct 02 05:45:58 UTC 2019 /home/travis/build/icyphy/ptII/ptolemy/domains/continuous/test/auto/IntegratorImpulse2.xml
----------------- Instantiating /home/travis/build/icyphy/ptII/ptolemy/domains/continuous/test/auto/IntegratorImpulse2.xml
9 ms. Memory: 305152K Free: 242964K (80%)
----------------- Invoking toplevel() on ptolemy.moml.MoMLSimpleApplication@1c19128a
----------------- Done invoking toplevel() on ptolemy.moml.MoMLSimpleApplication@1c19128a
reloadAllAccessors: .IntegratorImpulse2

===========================================================================================
----------------- testing Wed Oct 02 05:45:58 UTC 2019 /home/travis/build/icyphy/ptII/ptolemy/domains/continuous/test/auto/LevelCrossing1.xml
----------------- Instantiating /home/travis/build/icyphy/ptII/ptolemy/domains/continuous/test/auto/LevelCrossing1.xml
2 ms. Memory: 305152K Free: 237844K (78%)
----------------- Invoking toplevel() on ptolemy.moml.MoMLSimpleApplication@cb2c604
----------------- Done invoking toplevel() on ptolemy.moml.MoMLSimpleApplication@cb2c604
reloadAllAccessors: .LevelCrossing1

===========================================================================================
----------------- testing Wed Oct 02 05:45:58 UTC 2019 /home/travis/build/icyphy/ptII/ptolemy/domains/continuous/test/auto/LevelCrossing2.xml
----------------- Instantiating /home/travis/build/icyphy/ptII/ptolemy/domains/continuous/test/auto/LevelCrossing2.xml
3 ms. Memory: 305152K Free: 232724K (76%)
----------------- Invoking toplevel() on ptolemy.moml.MoMLSimpleApplication@34d07b4e
----------------- Done invoking toplevel() on ptolemy.moml.MoMLSimpleApplication@34d07b4e
reloadAllAccessors: .LevelCrossing2

===========================================================================================
----------------- testing Wed Oct 02 05:45:58 UTC 2019 /home/travis/build/icyphy/ptII/ptolemy/domains/continuous/test/auto/LevelCrossing3.xml
----------------- Instantiating /home/travis/build/icyphy/ptII/ptolemy/domains/continuous/test/auto/LevelCrossing3.xml
3 ms. Memory: 305152K Free: 227604K (75%)
----------------- Invoking toplevel() on ptolemy.moml.MoMLSimpleApplication@72534a8f
----------------- Done invoking toplevel() on ptolemy.moml.MoMLSimpleApplication@72534a8f
reloadAllAccessors: .LevelCrossing3

===========================================================================================
----------------- testing Wed Oct 02 05:45:58 UTC 2019 /home/travis/build/icyphy/ptII/ptolemy/domains/continuous/test/auto/LevelCrossing4.xml
----------------- Instantiating /home/travis/build/icyphy/ptII/ptolemy/domains/continuous/test/auto/LevelCrossing4.xml
3 ms. Memory: 305152K Free: 222484K (73%)
----------------- Invoking toplevel() on ptolemy.moml.MoMLSimpleApplication@2e43ea5a
----------------- Done invoking toplevel() on ptolemy.moml.MoMLSimpleApplication@2e43ea5a
reloadAllAccessors: .LevelCrossing4

===========================================================================================
----------------- testing Wed Oct 02 05:45:58 UTC 2019 /home/travis/build/icyphy/ptII/ptolemy/domains/continuous/test/auto/LevelCrossing5.xml
----------------- Instantiating /home/travis/build/icyphy/ptII/ptolemy/domains/continuous/test/auto/LevelCrossing5.xml
3 ms. Memory: 305152K Free: 217364K (71%)
----------------- Invoking toplevel() on ptolemy.moml.MoMLSimpleApplication@33718bfb
----------------- Done invoking toplevel() on ptolemy.moml.MoMLSimpleApplication@33718bfb
reloadAllAccessors: .LevelCrossing5

===========================================================================================
[...]
----------------- testing Wed Oct 02 05:46:16 UTC 2019 /home/travis/build/icyphy/ptII/ptolemy/domains/continuous/test/auto/SRinContinuous.xml
----------------- Instantiating /home/travis/build/icyphy/ptII/ptolemy/domains/continuous/test/auto/SRinContinuous.xml
4 ms. Memory: 305152K Free: 277828K (91%)
----------------- Invoking toplevel() on ptolemy.moml.MoMLSimpleApplication@4d115bbd
----------------- Done invoking toplevel() on ptolemy.moml.MoMLSimpleApplication@4d115bbd
reloadAllAccessors: .SRinContinuous

===========================================================================================
----------------- testing Wed Oct 02 05:46:16 UTC 2019 /home/travis/build/icyphy/ptII/ptolemy/domains/continuous/test/auto/SampledClocks.xml
----------------- Instantiating /home/travis/build/icyphy/ptII/ptolemy/domains/continuous/test/auto/SampledClocks.xml
6 ms. Memory: 305152K Free: 265540K (87%)
----------------- Invoking toplevel() on ptolemy.moml.MoMLSimpleApplication@351ea219
----------------- Done invoking toplevel() on ptolemy.moml.MoMLSimpleApplication@351ea219
reloadAllAccessors: .SampledClocks

===========================================================================================
----------------- testing Wed Oct 02 05:46:16 UTC 2019 /home/travis/build/icyphy/ptII/ptolemy/domains/continuous/test/auto/Satellite.xml
----------------- Instantiating /home/travis/build/icyphy/ptII/ptolemy/domains/continuous/test/auto/Satellite.xml
823 ms. Memory: 305152K Free: 255126K (84%)
----------------- Invoking toplevel() on ptolemy.moml.MoMLSimpleApplication@64fad098
----------------- Done invoking toplevel() on ptolemy.moml.MoMLSimpleApplication@64fad098
reloadAllAccessors: .Satellite

===========================================================================================
----------------- testing Wed Oct 02 05:46:17 UTC 2019 /home/travis/build/icyphy/ptII/ptolemy/domains/continuous/test/auto/SigmaDelta.xml
----------------- Instantiating /home/travis/build/icyphy/ptII/ptolemy/domains/continuous/test/auto/SigmaDelta.xml
2432 ms. Memory: 305152K Free: 173855K (57%)
----------------- Invoking toplevel() on ptolemy.moml.MoMLSimpleApplication@166ac98a
----------------- Done invoking toplevel() on ptolemy.moml.MoMLSimpleApplication@166ac98a
reloadAllAccessors: .SigmaDelta

===========================================================================================
----------------- testing Wed Oct 02 05:46:19 UTC 2019 /home/travis/build/icyphy/ptII/ptolemy/domains/continuous/test/auto/SingleRefinement.xml
----------------- Instantiating /home/travis/build/icyphy/ptII/ptolemy/domains/continuous/test/auto/SingleRefinement.xml
330 ms. Memory: 305152K Free: 173158K (57%)
----------------- Invoking toplevel() on ptolemy.moml.MoMLSimpleApplication@2786e1a6
----------------- Done invoking toplevel() on ptolemy.moml.MoMLSimpleApplication@2786e1a6
reloadAllAccessors: .SingleRefinement

===========================================================================================
----------------- testing Wed Oct 02 05:46:20 UTC 2019 /home/travis/build/icyphy/ptII/ptolemy/domains/continuous/test/auto/SinuBouncingBall.xml
----------------- Instantiating /home/travis/build/icyphy/ptII/ptolemy/domains/continuous/test/auto/SinuBouncingBall.xml
853 ms. Memory: 305152K Free: 141715K (46%)
----------------- Invoking toplevel() on ptolemy.moml.MoMLSimpleApplication@1807de87
----------------- Done invoking toplevel() on ptolemy.moml.MoMLSimpleApplication@1807de87
reloadAllAccessors: .SinuBouncingBall

===========================================================================================
----------------- testing Wed Oct 02 05:46:21 UTC 2019 /home/travis/build/icyphy/ptII/ptolemy/domains/continuous/test/auto/Sinusoid.xml
----------------- Instantiating /home/travis/build/icyphy/ptII/ptolemy/domains/continuous/test/auto/Sinusoid.xml
4 ms. Memory: 305152K Free: 137091K (45%)
----------------- Invoking toplevel() on ptolemy.moml.MoMLSimpleApplication@1ade46f3
----------------- Done invoking toplevel() on ptolemy.moml.MoMLSimpleApplication@1ade46f3
reloadAllAccessors: .Sinusoid

===========================================================================================
----------------- testing Wed Oct 02 05:46:21 UTC 2019 /home/travis/build/icyphy/ptII/ptolemy/domains/continuous/test/auto/SinusoidInNoise.xml
----------------- Instantiating /home/travis/build/icyphy/ptII/ptolemy/domains/continuous/test/auto/SinusoidInNoise.xml
1035 ms. Memory: 305152K Free: 181524K (59%)
----------------- Invoking toplevel() on ptolemy.moml.MoMLSimpleApplication@2a7f9322
----------------- Done invoking toplevel() on ptolemy.moml.MoMLSimpleApplication@2a7f9322
reloadAllAccessors: .SinusoidInNoise

===========================================================================================
----------------- testing Wed Oct 02 05:46:22 UTC 2019 /home/travis/build/icyphy/ptII/ptolemy/domains/continuous/test/auto/SinusoidRK45.xml
----------------- Instantiating /home/travis/build/icyphy/ptII/ptolemy/domains/continuous/test/auto/SinusoidRK45.xml
2 ms. Memory: 305152K Free: 176899K (58%)
----------------- Invoking toplevel() on ptolemy.moml.MoMLSimpleApplication@36352d96
----------------- Done invoking toplevel() on ptolemy.moml.MoMLSimpleApplication@36352d96
reloadAllAccessors: .SinusoidRK45

===========================================================================================
----------------- testing Wed Oct 02 05:46:22 UTC 2019 /home/travis/build/icyphy/ptII/ptolemy/domains/continuous/test/auto/SinusoidWithMultipleImpulses.xml
----------------- Instantiating /home/travis/build/icyphy/ptII/ptolemy/domains/continuous/test/auto/SinusoidWithMultipleImpulses.xml
4 ms. Memory: 305152K Free: 172308K (56%)
----------------- Invoking toplevel() on ptolemy.moml.MoMLSimpleApplication@41a063f3
----------------- Done invoking toplevel() on ptolemy.moml.MoMLSimpleApplication@41a063f3
reloadAllAccessors: .SinusoidWithMultipleImpulses

===========================================================================================
----------------- testing Wed Oct 02 05:46:22 UTC 2019 /home/travis/build/icyphy/ptII/ptolemy/domains/continuous/test/auto/SquareWave.xml
----------------- Instantiating /home/travis/build/icyphy/ptII/ptolemy/domains/continuous/test/auto/SquareWave.xml
152 ms. Memory: 305152K Free: 145170K (48%)
----------------- Invoking toplevel() on ptolemy.moml.MoMLSimpleApplication@42bf0365
----------------- Done invoking toplevel() on ptolemy.moml.MoMLSimpleApplication@42bf0365
reloadAllAccessors: .SquareWave

===========================================================================================
----------------- testing Wed Oct 02 05:46:22 UTC 2019 /home/travis/build/icyphy/ptII/ptolemy/domains/continuous/test/auto/Starmac.xml
----------------- Instantiating /home/travis/build/icyphy/ptII/ptolemy/domains/continuous/test/auto/Starmac.xml
3046 ms. Memory: 305152K Free: 195847K (64%)
----------------- Invoking toplevel() on ptolemy.moml.MoMLSimpleApplication@24213d09
----------------- Done invoking toplevel() on ptolemy.moml.MoMLSimpleApplication@24213d09
reloadAllAccessors: .Starmac

===========================================================================================
----------------- testing Wed Oct 02 05:46:25 UTC 2019 /home/travis/build/icyphy/ptII/ptolemy/domains/continuous/test/auto/StaticUnits.xml
----------------- Instantiating /home/travis/build/icyphy/ptII/ptolemy/domains/continuous/test/auto/StaticUnits.xml
2305 ms. Memory: 305152K Free: 274094K (90%)
----------------- Invoking toplevel() on ptolemy.moml.MoMLSimpleApplication@319d0c8d
----------------- Done invoking toplevel() on ptolemy.moml.MoMLSimpleApplication@319d0c8d
reloadAllAccessors: .StaticUnits

===========================================================================================
----------------- testing Wed Oct 02 05:46:28 UTC 2019 /home/travis/build/icyphy/ptII/ptolemy/domains/continuous/test/auto/StickyMasses.xml
----------------- Instantiating /home/travis/build/icyphy/ptII/ptolemy/domains/continuous/test/auto/StickyMasses.xml
183 ms. Memory: 305152K Free: 224413K (74%)
----------------- Invoking toplevel() on ptolemy.moml.MoMLSimpleApplication@15593b6f
----------------- Done invoking toplevel() on ptolemy.moml.MoMLSimpleApplication@15593b6f
reloadAllAccessors: .StickyMasses

===========================================================================================
----------------- testing Wed Oct 02 05:46:29 UTC 2019 /home/travis/build/icyphy/ptII/ptolemy/domains/continuous/test/auto/StopTime.xml
----------------- Instantiating /home/travis/build/icyphy/ptII/ptolemy/domains/continuous/test/auto/StopTime.xml
85 ms. Memory: 305152K Free: 199852K (65%)
----------------- Invoking toplevel() on ptolemy.moml.MoMLSimpleApplication@4afc2d33
----------------- Done invoking toplevel() on ptolemy.moml.MoMLSimpleApplication@4afc2d33
reloadAllAccessors: .StopTime

===========================================================================================
----------------- testing Wed Oct 02 05:46:29 UTC 2019 /home/travis/build/icyphy/ptII/ptolemy/domains/continuous/test/auto/StopTime2.xml
----------------- Instantiating /home/travis/build/icyphy/ptII/ptolemy/domains/continuous/test/auto/StopTime2.xml
44 ms. Memory: 305152K Free: 177838K (58%)
----------------- Invoking toplevel() on ptolemy.moml.MoMLSimpleApplication@61f21b34
----------------- Done invoking toplevel() on ptolemy.moml.MoMLSimpleApplication@61f21b34
reloadAllAccessors: .StopTime2

===========================================================================================
----------------- testing Wed Oct 02 05:46:29 UTC 2019 /home/travis/build/icyphy/ptII/ptolemy/domains/continuous/test/auto/Switch.xml
----------------- Instantiating /home/travis/build/icyphy/ptII/ptolemy/domains/continuous/test/auto/Switch.xml
51 ms. Memory: 305152K Free: 153262K (50%)
----------------- Invoking toplevel() on ptolemy.moml.MoMLSimpleApplication@24b92659
----------------- Done invoking toplevel() on ptolemy.moml.MoMLSimpleApplication@24b92659
reloadAllAccessors: .Switch

===========================================================================================
----------------- testing Wed Oct 02 05:46:29 UTC 2019 /home/travis/build/icyphy/ptII/ptolemy/domains/continuous/test/auto/Thermostat.xml
----------------- Instantiating /home/travis/build/icyphy/ptII/ptolemy/domains/continuous/test/auto/Thermostat.xml
211 ms. Memory: 305152K Free: 258220K (85%)
----------------- Invoking toplevel() on ptolemy.moml.MoMLSimpleApplication@56171f8a
----------------- Done invoking toplevel() on ptolemy.moml.MoMLSimpleApplication@56171f8a
reloadAllAccessors: .Thermostat

===========================================================================================
----------------- testing Wed Oct 02 05:46:29 UTC 2019 /home/travis/build/icyphy/ptII/ptolemy/domains/continuous/test/auto/TimeDelay.xml
----------------- Instantiating /home/travis/build/icyphy/ptII/ptolemy/domains/continuous/test/auto/TimeDelay.xml
5 ms. Memory: 305152K Free: 253085K (83%)
----------------- Invoking toplevel() on ptolemy.moml.MoMLSimpleApplication@7522625
----------------- Done invoking toplevel() on ptolemy.moml.MoMLSimpleApplication@7522625
reloadAllAccessors: .TimeDelay

===========================================================================================
----------------- testing Wed Oct 02 05:46:29 UTC 2019 /home/travis/build/icyphy/ptII/ptolemy/domains/continuous/test/auto/TimeDelay2.xml
----------------- Instantiating /home/travis/build/icyphy/ptII/ptolemy/domains/continuous/test/auto/TimeDelay2.xml
8 ms. Memory: 305152K Free: 242860K (80%)
----------------- Invoking toplevel() on ptolemy.moml.MoMLSimpleApplication@49e34954
----------------- Done invoking toplevel() on ptolemy.moml.MoMLSimpleApplication@49e34954
reloadAllAccessors: .TimeDelay2

===========================================================================================
----------------- testing Wed Oct 02 05:46:29 UTC 2019 /home/travis/build/icyphy/ptII/ptolemy/domains/continuous/test/auto/TimeDelay3.xml
----------------- Instantiating /home/travis/build/icyphy/ptII/ptolemy/domains/continuous/test/auto/TimeDelay3.xml
2 ms. Memory: 305152K Free: 238254K (78%)
----------------- Invoking toplevel() on ptolemy.moml.MoMLSimpleApplication@3b504538
----------------- Done invoking toplevel() on ptolemy.moml.MoMLSimpleApplication@3b504538
reloadAllAccessors: .TimeDelay3

===========================================================================================
----------------- testing Wed Oct 02 05:46:29 UTC 2019 /home/travis/build/icyphy/ptII/ptolemy/domains/continuous/test/auto/TransferAbsentToInside.xml
----------------- Instantiating /home/travis/build/icyphy/ptII/ptolemy/domains/continuous/test/auto/TransferAbsentToInside.xml
29 ms. Memory: 305152K Free: 186030K (61%)
----------------- Invoking toplevel() on ptolemy.moml.MoMLSimpleApplication@69b9b4c7
----------------- Done invoking toplevel() on ptolemy.moml.MoMLSimpleApplication@69b9b4c7
reloadAllAccessors: .TransferAbsentToInside

===========================================================================================
----------------- testing Wed Oct 02 05:46:29 UTC 2019 /home/travis/build/icyphy/ptII/ptolemy/domains/continuous/test/auto/Transmission.xml
----------------- Instantiating /home/travis/build/icyphy/ptII/ptolemy/domains/continuous/test/auto/Transmission.xml
812 ms. Memory: 305152K Free: 131229K (43%)
----------------- Invoking toplevel() on ptolemy.moml.MoMLSimpleApplication@5c2f6b73
----------------- Done invoking toplevel() on ptolemy.moml.MoMLSimpleApplication@5c2f6b73
reloadAllAccessors: .Transmission

===========================================================================================
----------------- testing Wed Oct 02 05:46:30 UTC 2019 /home/travis/build/icyphy/ptII/ptolemy/domains/continuous/test/auto/TriggeredContinuousClock.xml
----------------- Instantiating /home/travis/build/icyphy/ptII/ptolemy/domains/continuous/test/auto/TriggeredContinuousClock.xml
50 ms. Memory: 305152K Free: 277637K (91%)
----------------- Invoking toplevel() on ptolemy.moml.MoMLSimpleApplication@770e97a5
----------------- Done invoking toplevel() on ptolemy.moml.MoMLSimpleApplication@770e97a5
reloadAllAccessors: .TriggeredContinuousClock

===========================================================================================
----------------- testing Wed Oct 02 05:46:30 UTC 2019 /home/travis/build/icyphy/ptII/ptolemy/domains/continuous/test/auto/TwoMachineInfiniteBusControl.xml
----------------- Instantiating /home/travis/build/icyphy/ptII/ptolemy/domains/continuous/test/auto/TwoMachineInfiniteBusControl.xml
3338 ms. Memory: 305152K Free: 244327K (80%)
----------------- Invoking toplevel() on ptolemy.moml.MoMLSimpleApplication@616eb953
----------------- Done invoking toplevel() on ptolemy.moml.MoMLSimpleApplication@616eb953
reloadAllAccessors: .TwoMachineInfiniteBusControl

===========================================================================================
----------------- testing Wed Oct 02 05:46:34 UTC 2019 /home/travis/build/icyphy/ptII/ptolemy/domains/continuous/test/auto/V2V.xml
----------------- Instantiating /home/travis/build/icyphy/ptII/ptolemy/domains/continuous/test/auto/V2V.xml
849 ms. Memory: 305152K Free: 232539K (76%)
----------------- Invoking toplevel() on ptolemy.moml.MoMLSimpleApplication@78f73695
----------------- Done invoking toplevel() on ptolemy.moml.MoMLSimpleApplication@78f73695
reloadAllAccessors: .V2V

===========================================================================================
----------------- testing Wed Oct 02 05:46:35 UTC 2019 /home/travis/build/icyphy/ptII/ptolemy/domains/continuous/test/auto/hierarchicalModalModel.xml
----------------- Instantiating /home/travis/build/icyphy/ptII/ptolemy/domains/continuous/test/auto/hierarchicalModalModel.xml
8 ms. Memory: 305152K Free: 218188K (72%)
----------------- Invoking toplevel() on ptolemy.moml.MoMLSimpleApplication@1c69f0ba
----------------- Done invoking toplevel() on ptolemy.moml.MoMLSimpleApplication@1c69f0ba
reloadAllAccessors: .hierarchicalModalModel

===========================================================================================
----------------- testing Wed Oct 02 05:46:35 UTC 2019 /home/travis/build/icyphy/ptII/ptolemy/domains/continuous/test/auto/hierarchicalModalModel1.xml
----------------- Instantiating /home/travis/build/icyphy/ptII/ptolemy/domains/continuous/test/auto/hierarchicalModalModel1.xml
8 ms. Memory: 305152K Free: 203867K (67%)
----------------- Invoking toplevel() on ptolemy.moml.MoMLSimpleApplication@2fe670f3
----------------- Done invoking toplevel() on ptolemy.moml.MoMLSimpleApplication@2fe670f3
reloadAllAccessors: .hierarchicalModalModel1

===========================================================================================
----------------- testing Wed Oct 02 05:46:35 UTC 2019 /home/travis/build/icyphy/ptII/ptolemy/domains/continuous/test/auto/hierarchicalModalModel2.xml
----------------- Instantiating /home/travis/build/icyphy/ptII/ptolemy/domains/continuous/test/auto/hierarchicalModalModel2.xml
7 ms. Memory: 305152K Free: 191564K (63%)
----------------- Invoking toplevel() on ptolemy.moml.MoMLSimpleApplication@6a31b249
----------------- Done invoking toplevel() on ptolemy.moml.MoMLSimpleApplication@6a31b249
reloadAllAccessors: .hierarchicalModalModel2

===========================================================================================
----------------- testing Wed Oct 02 05:46:35 UTC 2019 /home/travis/build/icyphy/ptII/ptolemy/domains/continuous/test/auto/hierarchicalModalModel3.xml
----------------- Instantiating /home/travis/build/icyphy/ptII/ptolemy/domains/continuous/test/auto/hierarchicalModalModel3.xml
8 ms. Memory: 305152K Free: 180829K (59%)
----------------- Invoking toplevel() on ptolemy.moml.MoMLSimpleApplication@9ce98b2
----------------- Done invoking toplevel() on ptolemy.moml.MoMLSimpleApplication@9ce98b2
reloadAllAccessors: .hierarchicalModalModel3

===========================================================================================
----------------- testing Wed Oct 02 05:46:35 UTC 2019 /home/travis/build/icyphy/ptII/ptolemy/domains/continuous/test/auto/hierarchicalModalModel4.xml
----------------- Instantiating /home/travis/build/icyphy/ptII/ptolemy/domains/continuous/test/auto/hierarchicalModalModel4.xml
5 ms. Memory: 305152K Free: 169051K (55%)
----------------- Invoking toplevel() on ptolemy.moml.MoMLSimpleApplication@2051305b
----------------- Done invoking toplevel() on ptolemy.moml.MoMLSimpleApplication@2051305b
reloadAllAccessors: .hierarchicalModalModel4

===========================================================================================
----------------- testing Wed Oct 02 05:46:35 UTC 2019 /home/travis/build/icyphy/ptII/ptolemy/domains/continuous/test/auto/junk.xml
----------------- Instantiating /home/travis/build/icyphy/ptII/ptolemy/domains/continuous/test/auto/junk.xml
143 ms. Memory: 305152K Free: 143965K (47%)
----------------- Invoking toplevel() on ptolemy.moml.MoMLSimpleApplication@65fb4403
----------------- Done invoking toplevel() on ptolemy.moml.MoMLSimpleApplication@65fb4403
reloadAllAccessors: .junk
AutoTests.java: About to close Vertx.
AutoTests.java: Vertx closed.
]]></system-out>
  <system-err><![CDATA[Warning: '.HysteresisWithRandomDelay.NonStrictTest3' The test produced only 28 tokens, yet the correctValues parameter was expecting 30 tokens.
Warning: '.IncreasingRatePoisson.NonStrictTest' The test produced only 398 tokens, yet the correctValues parameter was expecting 402 tokens.
Warning: '.Poisson.NonStrictTest' The test produced only 368 tokens, yet the correctValues parameter was expecting 430 tokens.
]]></system-err>
</testsuite>
