<?xml version="1.0" encoding="UTF-8" ?>
<testsuite errors="0" failures="0" hostname="travis-job-b13c37d5-0439-4578-bf02-c0ef94a3c995" name="ptolemy.actor.lib.hoc.test.junit.JUnitTclTest" skipped="0" tests="58" time="29.847" timestamp="2020-01-03T05:43:45">
  <properties>
[...]
</properties>
  <testcase classname="ptolemy.util.test.junit.TclTests" name="[0] /home/travis/build/icyphy/ptII/ptolemy/actor/lib/hoc/test/IterateOverArray.tcl (RunTclFile)" time="0.312" />
  <testcase classname="ptolemy.util.test.junit.AutoKnownFailedTests" name="[0] /home/travis/build/icyphy/ptII/ptolemy/actor/lib/hoc/test/auto/knownFailedTests/PreinitializeMustBeInvokedRunComposite.xml (RunModel)" time="0.333" />
  <testcase classname="ptolemy.util.test.junit.AutoNameArchTests" name="[0] ThereAreNoAutoArchTests (RunModel)" time="0.004" />
  <testcase classname="ptolemy.util.test.junit.AutoTests" name="[0] /home/travis/build/icyphy/ptII/ptolemy/actor/lib/hoc/test/auto/AllToAllMultiInstanceComposite.xml (RunModel)" time="0.411" />
  <testcase classname="ptolemy.util.test.junit.AutoTests" name="[1] /home/travis/build/icyphy/ptII/ptolemy/actor/lib/hoc/test/auto/ApplyFFTTest.xml (RunModel)" time="0.361" />
  <testcase classname="ptolemy.util.test.junit.AutoTests" name="[2] /home/travis/build/icyphy/ptII/ptolemy/actor/lib/hoc/test/auto/ApplyFunction.xml (RunModel)" time="0.046" />
  <testcase classname="ptolemy.util.test.junit.AutoTests" name="[3] /home/travis/build/icyphy/ptII/ptolemy/actor/lib/hoc/test/auto/BackgroundExecution.xml (RunModel)" time="0.682" />
  <testcase classname="ptolemy.util.test.junit.AutoTests" name="[4] /home/travis/build/icyphy/ptII/ptolemy/actor/lib/hoc/test/auto/Case.xml (RunModel)" time="0.084" />
  <testcase classname="ptolemy.util.test.junit.AutoTests" name="[5] /home/travis/build/icyphy/ptII/ptolemy/actor/lib/hoc/test/auto/Case1.xml (RunModel)" time="0.065" />
  <testcase classname="ptolemy.util.test.junit.AutoTests" name="[6] /home/travis/build/icyphy/ptII/ptolemy/actor/lib/hoc/test/auto/Case2.xml (RunModel)" time="0.094" />
  <testcase classname="ptolemy.util.test.junit.AutoTests" name="[7] /home/travis/build/icyphy/ptII/ptolemy/actor/lib/hoc/test/auto/Case3.xml (RunModel)" time="0.041" />
  <testcase classname="ptolemy.util.test.junit.AutoTests" name="[8] /home/travis/build/icyphy/ptII/ptolemy/actor/lib/hoc/test/auto/Case4.xml (RunModel)" time="0.054" />
  <testcase classname="ptolemy.util.test.junit.AutoTests" name="[9] /home/travis/build/icyphy/ptII/ptolemy/actor/lib/hoc/test/auto/Case5.xml (RunModel)" time="0.066" />
  <testcase classname="ptolemy.util.test.junit.AutoTests" name="[10] /home/travis/build/icyphy/ptII/ptolemy/actor/lib/hoc/test/auto/Case6.xml (RunModel)" time="0.097" />
  <testcase classname="ptolemy.util.test.junit.AutoTests" name="[11] /home/travis/build/icyphy/ptII/ptolemy/actor/lib/hoc/test/auto/CaseString2.xml (RunModel)" time="0.047" />
  <testcase classname="ptolemy.util.test.junit.AutoTests" name="[12] /home/travis/build/icyphy/ptII/ptolemy/actor/lib/hoc/test/auto/CatchUpComposite1.xml (RunModel)" time="0.061" />
  <testcase classname="ptolemy.util.test.junit.AutoTests" name="[13] /home/travis/build/icyphy/ptII/ptolemy/actor/lib/hoc/test/auto/CatchUpComposite2.xml (RunModel)" time="0.064" />
  <testcase classname="ptolemy.util.test.junit.AutoTests" name="[14] /home/travis/build/icyphy/ptII/ptolemy/actor/lib/hoc/test/auto/CatchUpComposite3.xml (RunModel)" time="0.046" />
  <testcase classname="ptolemy.util.test.junit.AutoTests" name="[15] /home/travis/build/icyphy/ptII/ptolemy/actor/lib/hoc/test/auto/CatchUpComposite4.xml (RunModel)" time="0.061" />
  <testcase classname="ptolemy.util.test.junit.AutoTests" name="[16] /home/travis/build/icyphy/ptII/ptolemy/actor/lib/hoc/test/auto/CatchUpComposite5.xml (RunModel)" time="0.039" />
  <testcase classname="ptolemy.util.test.junit.AutoTests" name="[17] /home/travis/build/icyphy/ptII/ptolemy/actor/lib/hoc/test/auto/CatchUpComposite6.xml (RunModel)" time="0.16" />
  <testcase classname="ptolemy.util.test.junit.AutoTests" name="[18] /home/travis/build/icyphy/ptII/ptolemy/actor/lib/hoc/test/auto/CatchUpComposite7.xml (RunModel)" time="0.116" />
  <testcase classname="ptolemy.util.test.junit.AutoTests" name="[19] /home/travis/build/icyphy/ptII/ptolemy/actor/lib/hoc/test/auto/ConcurrentExecutionTimeSDF.xml (RunModel)" time="0.83" />
  <testcase classname="ptolemy.util.test.junit.AutoTests" name="[20] /home/travis/build/icyphy/ptII/ptolemy/actor/lib/hoc/test/auto/ConcurrentSleep.xml (RunModel)" time="0.755" />
  <testcase classname="ptolemy.util.test.junit.AutoTests" name="[21] /home/travis/build/icyphy/ptII/ptolemy/actor/lib/hoc/test/auto/DEInPNInRunCompositeActor.xml (RunModel)" time="0.03" />
  <testcase classname="ptolemy.util.test.junit.AutoTests" name="[22] /home/travis/build/icyphy/ptII/ptolemy/actor/lib/hoc/test/auto/DFTSubSetTest.xml (RunModel)" time="0.261" />
  <testcase classname="ptolemy.util.test.junit.AutoTests" name="[23] /home/travis/build/icyphy/ptII/ptolemy/actor/lib/hoc/test/auto/HocDE.xml (RunModel)" time="0.166" />
  <testcase classname="ptolemy.util.test.junit.AutoTests" name="[24] /home/travis/build/icyphy/ptII/ptolemy/actor/lib/hoc/test/auto/IterateOverArray.xml (RunModel)" time="0.02" />
  <testcase classname="ptolemy.util.test.junit.AutoTests" name="[25] /home/travis/build/icyphy/ptII/ptolemy/actor/lib/hoc/test/auto/IterateOverArray10.xml (RunModel)" time="0.015" />
  <testcase classname="ptolemy.util.test.junit.AutoTests" name="[26] /home/travis/build/icyphy/ptII/ptolemy/actor/lib/hoc/test/auto/IterateOverArray11.xml (RunModel)" time="0.037" />
  <testcase classname="ptolemy.util.test.junit.AutoTests" name="[27] /home/travis/build/icyphy/ptII/ptolemy/actor/lib/hoc/test/auto/IterateOverArray12.xml (RunModel)" time="0.033" />
  <testcase classname="ptolemy.util.test.junit.AutoTests" name="[28] /home/travis/build/icyphy/ptII/ptolemy/actor/lib/hoc/test/auto/IterateOverArray13.xml (RunModel)" time="0.137" />
  <testcase classname="ptolemy.util.test.junit.AutoTests" name="[29] /home/travis/build/icyphy/ptII/ptolemy/actor/lib/hoc/test/auto/IterateOverArray14.xml (RunModel)" time="0.128" />
  <testcase classname="ptolemy.util.test.junit.AutoTests" name="[30] /home/travis/build/icyphy/ptII/ptolemy/actor/lib/hoc/test/auto/IterateOverArray2.xml (RunModel)" time="0.019" />
  <testcase classname="ptolemy.util.test.junit.AutoTests" name="[31] /home/travis/build/icyphy/ptII/ptolemy/actor/lib/hoc/test/auto/IterateOverArray3.xml (RunModel)" time="0.04" />
  <testcase classname="ptolemy.util.test.junit.AutoTests" name="[32] /home/travis/build/icyphy/ptII/ptolemy/actor/lib/hoc/test/auto/IterateOverArray4.xml (RunModel)" time="0.017" />
  <testcase classname="ptolemy.util.test.junit.AutoTests" name="[33] /home/travis/build/icyphy/ptII/ptolemy/actor/lib/hoc/test/auto/IterateOverArray5.xml (RunModel)" time="0.014" />
  <testcase classname="ptolemy.util.test.junit.AutoTests" name="[34] /home/travis/build/icyphy/ptII/ptolemy/actor/lib/hoc/test/auto/IterateOverArray6.xml (RunModel)" time="0.01" />
  <testcase classname="ptolemy.util.test.junit.AutoTests" name="[35] /home/travis/build/icyphy/ptII/ptolemy/actor/lib/hoc/test/auto/IterateOverArray7.xml (RunModel)" time="0.018" />
  <testcase classname="ptolemy.util.test.junit.AutoTests" name="[36] /home/travis/build/icyphy/ptII/ptolemy/actor/lib/hoc/test/auto/IterateOverArray8.xml (RunModel)" time="0.013" />
  <testcase classname="ptolemy.util.test.junit.AutoTests" name="[37] /home/travis/build/icyphy/ptII/ptolemy/actor/lib/hoc/test/auto/IterateOverArray9.xml (RunModel)" time="0.022" />
  <testcase classname="ptolemy.util.test.junit.AutoTests" name="[38] /home/travis/build/icyphy/ptII/ptolemy/actor/lib/hoc/test/auto/IterateOverArrayCoercedOutputType.xml (RunModel)" time="0.034" />
  <testcase classname="ptolemy.util.test.junit.AutoTests" name="[39] /home/travis/build/icyphy/ptII/ptolemy/actor/lib/hoc/test/auto/IterateOverArrayInferredOutputType.xml (RunModel)" time="0.02" />
  <testcase classname="ptolemy.util.test.junit.AutoTests" name="[40] /home/travis/build/icyphy/ptII/ptolemy/actor/lib/hoc/test/auto/MobileFunctionTest.xml (RunModel)" time="0.024" />
  <testcase classname="ptolemy.util.test.junit.AutoTests" name="[41] /home/travis/build/icyphy/ptII/ptolemy/actor/lib/hoc/test/auto/MobileModelTest.xml (RunModel)" time="0.145" />
  <testcase classname="ptolemy.util.test.junit.AutoTests" name="[42] /home/travis/build/icyphy/ptII/ptolemy/actor/lib/hoc/test/auto/ModelReference.xml (RunModel)" time="0.061" />
  <testcase classname="ptolemy.util.test.junit.AutoTests" name="[43] /home/travis/build/icyphy/ptII/ptolemy/actor/lib/hoc/test/auto/ModelReference3.xml (RunModel)" time="0.039" />
  <testcase classname="ptolemy.util.test.junit.AutoTests" name="[44] /home/travis/build/icyphy/ptII/ptolemy/actor/lib/hoc/test/auto/ModelReference4.xml (RunModel)" time="10.04" />
  <testcase classname="ptolemy.util.test.junit.AutoTests" name="[45] /home/travis/build/icyphy/ptII/ptolemy/actor/lib/hoc/test/auto/MultiInstanceComposite.xml (RunModel)" time="0.054" />
  <testcase classname="ptolemy.util.test.junit.AutoTests" name="[46] /home/travis/build/icyphy/ptII/ptolemy/actor/lib/hoc/test/auto/MultiInstanceComposite2.xml (RunModel)" time="0.038" />
  <testcase classname="ptolemy.util.test.junit.AutoTests" name="[47] /home/travis/build/icyphy/ptII/ptolemy/actor/lib/hoc/test/auto/MulticoreExecution.xml (RunModel)" time="1.081" />
  <testcase classname="ptolemy.util.test.junit.AutoTests" name="[48] /home/travis/build/icyphy/ptII/ptolemy/actor/lib/hoc/test/auto/ParallelExecution.xml (RunModel)" time="0.941" />
  <testcase classname="ptolemy.util.test.junit.AutoTests" name="[49] /home/travis/build/icyphy/ptII/ptolemy/actor/lib/hoc/test/auto/RunCompositeActor.xml (RunModel)" time="0.018" />
  <testcase classname="ptolemy.util.test.junit.AutoTests" name="[50] /home/travis/build/icyphy/ptII/ptolemy/actor/lib/hoc/test/auto/RunCompositeActor2.xml (RunModel)" time="0.019" />
  <testcase classname="ptolemy.util.test.junit.AutoTests" name="[51] /home/travis/build/icyphy/ptII/ptolemy/actor/lib/hoc/test/auto/RunCompositeActor3.xml (RunModel)" time="0.014" />
  <testcase classname="ptolemy.util.test.junit.AutoTests" name="[52] /home/travis/build/icyphy/ptII/ptolemy/actor/lib/hoc/test/auto/RunCompositeActor4.xml (RunModel)" time="0.026" />
  <testcase classname="ptolemy.util.test.junit.AutoTests" name="[53] /home/travis/build/icyphy/ptII/ptolemy/actor/lib/hoc/test/auto/RunCompositeIterateOverArray.xml (RunModel)" time="0.038" />
  <testcase classname="ptolemy.util.test.junit.AutoTests" name="[54] /home/travis/build/icyphy/ptII/ptolemy/actor/lib/hoc/test/auto/ThreadedJS.xml (RunModel)" time="10.866" />
  <system-out><![CDATA[/home/travis/build/icyphy/ptII/ptolemy/actor/lib/hoc/test/IterateOverArray.tcl
testDefs.tcl: setting time out to 9000 seconds at Fri Jan 03 05:43:46 UTC 2020
01/03/20 05:43:46
Failed: 0  Total Tests: 2  ((Passed: 2, Newly Passed: 0)  Known Failed: 0) /home/travis/build/icyphy/ptII/ptolemy/actor/lib/hoc/test
----------------- testing (KnownFailure) /home/travis/build/icyphy/ptII/ptolemy/actor/lib/hoc/test/auto/knownFailedTests/PreinitializeMustBeInvokedRunComposite.xml
93 ms. Memory: 129024K Free: 86979K (67%)
Known Failure: java.lang.reflect.InvocationTargetException
No auto/linux-amd64/*.xml tests in /home/travis/build/icyphy/ptII/ptolemy/actor/lib/hoc/test
AutoTests.java: About to close Vertx.
AutoTests.java: Vertx closed.

===========================================================================================
----------------- testing Fri Jan 03 05:43:47 UTC 2020 /home/travis/build/icyphy/ptII/ptolemy/actor/lib/hoc/test/auto/AllToAllMultiInstanceComposite.xml
----------------- Instantiating /home/travis/build/icyphy/ptII/ptolemy/actor/lib/hoc/test/auto/AllToAllMultiInstanceComposite.xml
171 ms. Memory: 129024K Free: 100331K (78%)
----------------- Invoking toplevel() on ptolemy.moml.MoMLSimpleApplication@5dcf1f30
----------------- Done invoking toplevel() on ptolemy.moml.MoMLSimpleApplication@5dcf1f30
reloadAllAccessors: .AllToAllMultiInstanceComposite

===========================================================================================
----------------- testing Fri Jan 03 05:43:47 UTC 2020 /home/travis/build/icyphy/ptII/ptolemy/actor/lib/hoc/test/auto/ApplyFFTTest.xml
----------------- Instantiating /home/travis/build/icyphy/ptII/ptolemy/actor/lib/hoc/test/auto/ApplyFFTTest.xml
156 ms. Memory: 129024K Free: 81589K (63%)
----------------- Invoking toplevel() on ptolemy.moml.MoMLSimpleApplication@5bc9f35
----------------- Done invoking toplevel() on ptolemy.moml.MoMLSimpleApplication@5bc9f35
reloadAllAccessors: .ApplyFFTTest

===========================================================================================
----------------- testing Fri Jan 03 05:43:47 UTC 2020 /home/travis/build/icyphy/ptII/ptolemy/actor/lib/hoc/test/auto/ApplyFunction.xml
----------------- Instantiating /home/travis/build/icyphy/ptII/ptolemy/actor/lib/hoc/test/auto/ApplyFunction.xml
5 ms. Memory: 129024K Free: 78180K (61%)
----------------- Invoking toplevel() on ptolemy.moml.MoMLSimpleApplication@1bc5fede
----------------- Done invoking toplevel() on ptolemy.moml.MoMLSimpleApplication@1bc5fede
reloadAllAccessors: .ApplyFunction

===========================================================================================
----------------- testing Fri Jan 03 05:43:47 UTC 2020 /home/travis/build/icyphy/ptII/ptolemy/actor/lib/hoc/test/auto/BackgroundExecution.xml
----------------- Instantiating /home/travis/build/icyphy/ptII/ptolemy/actor/lib/hoc/test/auto/BackgroundExecution.xml
618 ms. Memory: 129024K Free: 71042K (55%)
----------------- Invoking toplevel() on ptolemy.moml.MoMLSimpleApplication@6d6e9eb4
----------------- Done invoking toplevel() on ptolemy.moml.MoMLSimpleApplication@6d6e9eb4
reloadAllAccessors: .BackgroundExecution

===========================================================================================
----------------- testing Fri Jan 03 05:43:48 UTC 2020 /home/travis/build/icyphy/ptII/ptolemy/actor/lib/hoc/test/auto/Case.xml
----------------- Instantiating /home/travis/build/icyphy/ptII/ptolemy/actor/lib/hoc/test/auto/Case.xml
17 ms. Memory: 129024K Free: 109700K (85%)
----------------- Invoking toplevel() on ptolemy.moml.MoMLSimpleApplication@483269f5
----------------- Done invoking toplevel() on ptolemy.moml.MoMLSimpleApplication@483269f5
reloadAllAccessors: .Case

===========================================================================================
----------------- testing Fri Jan 03 05:43:48 UTC 2020 /home/travis/build/icyphy/ptII/ptolemy/actor/lib/hoc/test/auto/Case1.xml
----------------- Instantiating /home/travis/build/icyphy/ptII/ptolemy/actor/lib/hoc/test/auto/Case1.xml
14 ms. Memory: 129024K Free: 102817K (80%)
----------------- Invoking toplevel() on ptolemy.moml.MoMLSimpleApplication@2530894
----------------- Done invoking toplevel() on ptolemy.moml.MoMLSimpleApplication@2530894
reloadAllAccessors: .Case1

===========================================================================================
----------------- testing Fri Jan 03 05:43:48 UTC 2020 /home/travis/build/icyphy/ptII/ptolemy/actor/lib/hoc/test/auto/Case2.xml
----------------- Instantiating /home/travis/build/icyphy/ptII/ptolemy/actor/lib/hoc/test/auto/Case2.xml
40 ms. Memory: 129024K Free: 92292K (72%)
----------------- Invoking toplevel() on ptolemy.moml.MoMLSimpleApplication@516ad5f4
----------------- Done invoking toplevel() on ptolemy.moml.MoMLSimpleApplication@516ad5f4
reloadAllAccessors: .Case2

===========================================================================================
----------------- testing Fri Jan 03 05:43:48 UTC 2020 /home/travis/build/icyphy/ptII/ptolemy/actor/lib/hoc/test/auto/Case3.xml
----------------- Instantiating /home/travis/build/icyphy/ptII/ptolemy/actor/lib/hoc/test/auto/Case3.xml
13 ms. Memory: 129024K Free: 86481K (67%)
----------------- Invoking toplevel() on ptolemy.moml.MoMLSimpleApplication@5c35516b
----------------- Done invoking toplevel() on ptolemy.moml.MoMLSimpleApplication@5c35516b
reloadAllAccessors: .Case3

===========================================================================================
----------------- testing Fri Jan 03 05:43:48 UTC 2020 /home/travis/build/icyphy/ptII/ptolemy/actor/lib/hoc/test/auto/Case4.xml
----------------- Instantiating /home/travis/build/icyphy/ptII/ptolemy/actor/lib/hoc/test/auto/Case4.xml
16 ms. Memory: 129024K Free: 78668K (61%)
----------------- Invoking toplevel() on ptolemy.moml.MoMLSimpleApplication@69e677ec
----------------- Done invoking toplevel() on ptolemy.moml.MoMLSimpleApplication@69e677ec
reloadAllAccessors: .Case4

===========================================================================================
----------------- testing Fri Jan 03 05:43:48 UTC 2020 /home/travis/build/icyphy/ptII/ptolemy/actor/lib/hoc/test/auto/Case5.xml
----------------- Instantiating /home/travis/build/icyphy/ptII/ptolemy/actor/lib/hoc/test/auto/Case5.xml
37 ms. Memory: 129024K Free: 71825K (56%)
----------------- Invoking toplevel() on ptolemy.moml.MoMLSimpleApplication@42d037a
----------------- Done invoking toplevel() on ptolemy.moml.MoMLSimpleApplication@42d037a
reloadAllAccessors: .junk

===========================================================================================
----------------- testing Fri Jan 03 05:43:48 UTC 2020 /home/travis/build/icyphy/ptII/ptolemy/actor/lib/hoc/test/auto/Case6.xml
----------------- Instantiating /home/travis/build/icyphy/ptII/ptolemy/actor/lib/hoc/test/auto/Case6.xml
43 ms. Memory: 129024K Free: 112381K (87%)
----------------- Invoking toplevel() on ptolemy.moml.MoMLSimpleApplication@3448f3fb
----------------- Done invoking toplevel() on ptolemy.moml.MoMLSimpleApplication@3448f3fb
reloadAllAccessors: .Case6

===========================================================================================
----------------- testing Fri Jan 03 05:43:49 UTC 2020 /home/travis/build/icyphy/ptII/ptolemy/actor/lib/hoc/test/auto/CaseString2.xml
----------------- Instantiating /home/travis/build/icyphy/ptII/ptolemy/actor/lib/hoc/test/auto/CaseString2.xml
9 ms. Memory: 129024K Free: 104189K (81%)
----------------- Invoking toplevel() on ptolemy.moml.MoMLSimpleApplication@1fc2cc50
----------------- Done invoking toplevel() on ptolemy.moml.MoMLSimpleApplication@1fc2cc50
reloadAllAccessors: .CaseString2

===========================================================================================
----------------- testing Fri Jan 03 05:43:49 UTC 2020 /home/travis/build/icyphy/ptII/ptolemy/actor/lib/hoc/test/auto/CatchUpComposite1.xml
----------------- Instantiating /home/travis/build/icyphy/ptII/ptolemy/actor/lib/hoc/test/auto/CatchUpComposite1.xml
25 ms. Memory: 129024K Free: 95248K (74%)
----------------- Invoking toplevel() on ptolemy.moml.MoMLSimpleApplication@48e94cb
----------------- Done invoking toplevel() on ptolemy.moml.MoMLSimpleApplication@48e94cb
reloadAllAccessors: .CatchUpComposite1

===========================================================================================
----------------- testing Fri Jan 03 05:43:49 UTC 2020 /home/travis/build/icyphy/ptII/ptolemy/actor/lib/hoc/test/auto/CatchUpComposite2.xml
----------------- Instantiating /home/travis/build/icyphy/ptII/ptolemy/actor/lib/hoc/test/auto/CatchUpComposite2.xml
14 ms. Memory: 129024K Free: 87040K (67%)
----------------- Invoking toplevel() on ptolemy.moml.MoMLSimpleApplication@62ab304e
----------------- Done invoking toplevel() on ptolemy.moml.MoMLSimpleApplication@62ab304e
reloadAllAccessors: .CatchUpComposite2

===========================================================================================
----------------- testing Fri Jan 03 05:43:49 UTC 2020 /home/travis/build/icyphy/ptII/ptolemy/actor/lib/hoc/test/auto/CatchUpComposite3.xml
----------------- Instantiating /home/travis/build/icyphy/ptII/ptolemy/actor/lib/hoc/test/auto/CatchUpComposite3.xml
18 ms. Memory: 129024K Free: 78589K (61%)
----------------- Invoking toplevel() on ptolemy.moml.MoMLSimpleApplication@308b3da8
----------------- Done invoking toplevel() on ptolemy.moml.MoMLSimpleApplication@308b3da8
reloadAllAccessors: .CatchUpComposite3

===========================================================================================
----------------- testing Fri Jan 03 05:43:49 UTC 2020 /home/travis/build/icyphy/ptII/ptolemy/actor/lib/hoc/test/auto/CatchUpComposite4.xml
----------------- Instantiating /home/travis/build/icyphy/ptII/ptolemy/actor/lib/hoc/test/auto/CatchUpComposite4.xml
16 ms. Memory: 129024K Free: 70625K (55%)
----------------- Invoking toplevel() on ptolemy.moml.MoMLSimpleApplication@7ba6825d
----------------- Done invoking toplevel() on ptolemy.moml.MoMLSimpleApplication@7ba6825d
reloadAllAccessors: .CatchUpComposite4

===========================================================================================
----------------- testing Fri Jan 03 05:43:49 UTC 2020 /home/travis/build/icyphy/ptII/ptolemy/actor/lib/hoc/test/auto/CatchUpComposite5.xml
----------------- Instantiating /home/travis/build/icyphy/ptII/ptolemy/actor/lib/hoc/test/auto/CatchUpComposite5.xml
7 ms. Memory: 129024K Free: 63229K (49%)
----------------- Invoking toplevel() on ptolemy.moml.MoMLSimpleApplication@5f67b0d1
----------------- Done invoking toplevel() on ptolemy.moml.MoMLSimpleApplication@5f67b0d1
reloadAllAccessors: .CatchUpComposite5

===========================================================================================
----------------- testing Fri Jan 03 05:43:49 UTC 2020 /home/travis/build/icyphy/ptII/ptolemy/actor/lib/hoc/test/auto/CatchUpComposite6.xml
----------------- Instantiating /home/travis/build/icyphy/ptII/ptolemy/actor/lib/hoc/test/auto/CatchUpComposite6.xml
WARNING: The execution aspects in this model can influence the timing of actors by delaying the 
execution, potentially changing the behavior. There is no guarantee that actors fire at the 
time they request to be fired. 
Use Ptides for deterministic DE behavior that is not influenced by execution aspects. 

83 ms. Memory: 129024K Free: 48144K (37%)
----------------- Invoking toplevel() on ptolemy.moml.MoMLSimpleApplication@7f4b9943
----------------- Done invoking toplevel() on ptolemy.moml.MoMLSimpleApplication@7f4b9943
reloadAllAccessors: .CatchUpComposite6

===========================================================================================
----------------- testing Fri Jan 03 05:43:49 UTC 2020 /home/travis/build/icyphy/ptII/ptolemy/actor/lib/hoc/test/auto/CatchUpComposite7.xml
----------------- Instantiating /home/travis/build/icyphy/ptII/ptolemy/actor/lib/hoc/test/auto/CatchUpComposite7.xml
WARNING: The execution aspects in this model can influence the timing of actors by delaying the 
execution, potentially changing the behavior. There is no guarantee that actors fire at the 
time they request to be fired. 
Use Ptides for deterministic DE behavior that is not influenced by execution aspects. 

36 ms. Memory: 155648K Free: 135590K (87%)
----------------- Invoking toplevel() on ptolemy.moml.MoMLSimpleApplication@2a549133
----------------- Done invoking toplevel() on ptolemy.moml.MoMLSimpleApplication@2a549133
reloadAllAccessors: .CatchUpComposite7

===========================================================================================
----------------- testing Fri Jan 03 05:43:49 UTC 2020 /home/travis/build/icyphy/ptII/ptolemy/actor/lib/hoc/test/auto/ConcurrentExecutionTimeSDF.xml
----------------- Instantiating /home/travis/build/icyphy/ptII/ptolemy/actor/lib/hoc/test/auto/ConcurrentExecutionTimeSDF.xml
Fired ExecutionTime: 40400000
Fired ExecutionTime: 40400000
Fired ExecutionTime: 40400000
Fired ExecutionTime: 40400000
Fired ExecutionTime: 40400000
Fired ExecutionTime: 40400000
Fired ExecutionTime: 40400000
Fired ExecutionTime: 40400000
Fired ExecutionTime: 40400000
Fired ExecutionTime: 40400000
Fired ExecutionTime: 40400000
Fired ExecutionTime: 40400000
Fired ExecutionTime: 40400000
Fired ExecutionTime: 40400000
Fired ExecutionTime: 40400000
Fired ExecutionTime: 40400000
Fired ExecutionTime: 40400000
Fired ExecutionTime: 40400000
Fired ExecutionTime: 40400000
Fired ExecutionTime: 40400000
801 ms. Memory: 155648K Free: 128422K (83%)
----------------- Invoking toplevel() on ptolemy.moml.MoMLSimpleApplication@5ba4c2ee
----------------- Done invoking toplevel() on ptolemy.moml.MoMLSimpleApplication@5ba4c2ee
reloadAllAccessors: .ConcurrentExecutionTimeSDF

===========================================================================================
----------------- testing Fri Jan 03 05:43:50 UTC 2020 /home/travis/build/icyphy/ptII/ptolemy/actor/lib/hoc/test/auto/ConcurrentSleep.xml
----------------- Instantiating /home/travis/build/icyphy/ptII/ptolemy/actor/lib/hoc/test/auto/ConcurrentSleep.xml
722 ms. Memory: 155648K Free: 117158K (75%)
----------------- Invoking toplevel() on ptolemy.moml.MoMLSimpleApplication@743e0796
----------------- Done invoking toplevel() on ptolemy.moml.MoMLSimpleApplication@743e0796
reloadAllAccessors: .ConcurrentSleep

===========================================================================================
----------------- testing Fri Jan 03 05:43:51 UTC 2020 /home/travis/build/icyphy/ptII/ptolemy/actor/lib/hoc/test/auto/DEInPNInRunCompositeActor.xml
----------------- Instantiating /home/travis/build/icyphy/ptII/ptolemy/actor/lib/hoc/test/auto/DEInPNInRunCompositeActor.xml
11 ms. Memory: 155648K Free: 111524K (72%)
----------------- Invoking toplevel() on ptolemy.moml.MoMLSimpleApplication@3a9ea610
----------------- Done invoking toplevel() on ptolemy.moml.MoMLSimpleApplication@3a9ea610
reloadAllAccessors: .DEInPNInRunCompositeActor

===========================================================================================
----------------- testing Fri Jan 03 05:43:51 UTC 2020 /home/travis/build/icyphy/ptII/ptolemy/actor/lib/hoc/test/auto/DFTSubSetTest.xml
----------------- Instantiating /home/travis/build/icyphy/ptII/ptolemy/actor/lib/hoc/test/auto/DFTSubSetTest.xml
163 ms. Memory: 155648K Free: 68516K (44%)
----------------- Invoking toplevel() on ptolemy.moml.MoMLSimpleApplication@57f70711
----------------- Done invoking toplevel() on ptolemy.moml.MoMLSimpleApplication@57f70711
reloadAllAccessors: .DFTSubSetTest

===========================================================================================
----------------- testing Fri Jan 03 05:43:51 UTC 2020 /home/travis/build/icyphy/ptII/ptolemy/actor/lib/hoc/test/auto/HocDE.xml
----------------- Instantiating /home/travis/build/icyphy/ptII/ptolemy/actor/lib/hoc/test/auto/HocDE.xml
126 ms. Memory: 155648K Free: 134506K (86%)
----------------- Invoking toplevel() on ptolemy.moml.MoMLSimpleApplication@331a967c
----------------- Done invoking toplevel() on ptolemy.moml.MoMLSimpleApplication@331a967c
reloadAllAccessors: .HocDE

===========================================================================================
----------------- testing Fri Jan 03 05:43:51 UTC 2020 /home/travis/build/icyphy/ptII/ptolemy/actor/lib/hoc/test/auto/IterateOverArray.xml
----------------- Instantiating /home/travis/build/icyphy/ptII/ptolemy/actor/lib/hoc/test/auto/IterateOverArray.xml
4 ms. Memory: 155648K Free: 129687K (83%)
----------------- Invoking toplevel() on ptolemy.moml.MoMLSimpleApplication@fed0d55
----------------- Done invoking toplevel() on ptolemy.moml.MoMLSimpleApplication@fed0d55
reloadAllAccessors: .IterateOverArray

===========================================================================================
----------------- testing Fri Jan 03 05:43:51 UTC 2020 /home/travis/build/icyphy/ptII/ptolemy/actor/lib/hoc/test/auto/IterateOverArray10.xml
----------------- Instantiating /home/travis/build/icyphy/ptII/ptolemy/actor/lib/hoc/test/auto/IterateOverArray10.xml
3 ms. Memory: 155648K Free: 126159K (81%)
----------------- Invoking toplevel() on ptolemy.moml.MoMLSimpleApplication@3487c334
----------------- Done invoking toplevel() on ptolemy.moml.MoMLSimpleApplication@3487c334
reloadAllAccessors: .IterateOverArray10

===========================================================================================
----------------- testing Fri Jan 03 05:43:51 UTC 2020 /home/travis/build/icyphy/ptII/ptolemy/actor/lib/hoc/test/auto/IterateOverArray11.xml
----------------- Instantiating /home/travis/build/icyphy/ptII/ptolemy/actor/lib/hoc/test/auto/IterateOverArray11.xml
7 ms. Memory: 155648K Free: 122041K (78%)
----------------- Invoking toplevel() on ptolemy.moml.MoMLSimpleApplication@5e0d64af
----------------- Done invoking toplevel() on ptolemy.moml.MoMLSimpleApplication@5e0d64af
reloadAllAccessors: .IterateOverArray11

===========================================================================================
----------------- testing Fri Jan 03 05:43:51 UTC 2020 /home/travis/build/icyphy/ptII/ptolemy/actor/lib/hoc/test/auto/IterateOverArray12.xml
----------------- Instantiating /home/travis/build/icyphy/ptII/ptolemy/actor/lib/hoc/test/auto/IterateOverArray12.xml
14 ms. Memory: 155648K Free: 116375K (75%)
----------------- Invoking toplevel() on ptolemy.moml.MoMLSimpleApplication@2ec3c34
----------------- Done invoking toplevel() on ptolemy.moml.MoMLSimpleApplication@2ec3c34
reloadAllAccessors: .IterateOverArray12

===========================================================================================
----------------- testing Fri Jan 03 05:43:51 UTC 2020 /home/travis/build/icyphy/ptII/ptolemy/actor/lib/hoc/test/auto/IterateOverArray13.xml
----------------- Instantiating /home/travis/build/icyphy/ptII/ptolemy/actor/lib/hoc/test/auto/IterateOverArray13.xml
65 ms. Memory: 155648K Free: 87247K (56%)
----------------- Invoking toplevel() on ptolemy.moml.MoMLSimpleApplication@246d0b60
----------------- Done invoking toplevel() on ptolemy.moml.MoMLSimpleApplication@246d0b60
reloadAllAccessors: .IterateOverArray13

===========================================================================================
----------------- testing Fri Jan 03 05:43:51 UTC 2020 /home/travis/build/icyphy/ptII/ptolemy/actor/lib/hoc/test/auto/IterateOverArray14.xml
----------------- Instantiating /home/travis/build/icyphy/ptII/ptolemy/actor/lib/hoc/test/auto/IterateOverArray14.xml
59 ms. Memory: 155648K Free: 54935K (35%)
----------------- Invoking toplevel() on ptolemy.moml.MoMLSimpleApplication@3a8d4960
----------------- Done invoking toplevel() on ptolemy.moml.MoMLSimpleApplication@3a8d4960
reloadAllAccessors: .IterateOverArray14

===========================================================================================
----------------- testing Fri Jan 03 05:43:52 UTC 2020 /home/travis/build/icyphy/ptII/ptolemy/actor/lib/hoc/test/auto/IterateOverArray2.xml
----------------- Instantiating /home/travis/build/icyphy/ptII/ptolemy/actor/lib/hoc/test/auto/IterateOverArray2.xml
7 ms. Memory: 155648K Free: 50361K (32%)
----------------- Invoking toplevel() on ptolemy.moml.MoMLSimpleApplication@1d4902b9
----------------- Done invoking toplevel() on ptolemy.moml.MoMLSimpleApplication@1d4902b9
reloadAllAccessors: .IterateOverArray2

===========================================================================================
----------------- testing Fri Jan 03 05:43:52 UTC 2020 /home/travis/build/icyphy/ptII/ptolemy/actor/lib/hoc/test/auto/IterateOverArray3.xml
----------------- Instantiating /home/travis/build/icyphy/ptII/ptolemy/actor/lib/hoc/test/auto/IterateOverArray3.xml
14 ms. Memory: 155648K Free: 135511K (87%)
----------------- Invoking toplevel() on ptolemy.moml.MoMLSimpleApplication@6b5cc075
----------------- Done invoking toplevel() on ptolemy.moml.MoMLSimpleApplication@6b5cc075
reloadAllAccessors: .IterateOverArray3

===========================================================================================
----------------- testing Fri Jan 03 05:43:52 UTC 2020 /home/travis/build/icyphy/ptII/ptolemy/actor/lib/hoc/test/auto/IterateOverArray4.xml
----------------- Instantiating /home/travis/build/icyphy/ptII/ptolemy/actor/lib/hoc/test/auto/IterateOverArray4.xml
4 ms. Memory: 155648K Free: 131415K (84%)
----------------- Invoking toplevel() on ptolemy.moml.MoMLSimpleApplication@1f52d5a5
----------------- Done invoking toplevel() on ptolemy.moml.MoMLSimpleApplication@1f52d5a5
reloadAllAccessors: .IterateOverArray4

===========================================================================================
----------------- testing Fri Jan 03 05:43:52 UTC 2020 /home/travis/build/icyphy/ptII/ptolemy/actor/lib/hoc/test/auto/IterateOverArray5.xml
----------------- Instantiating /home/travis/build/icyphy/ptII/ptolemy/actor/lib/hoc/test/auto/IterateOverArray5.xml
2 ms. Memory: 155648K Free: 127319K (82%)
----------------- Invoking toplevel() on ptolemy.moml.MoMLSimpleApplication@564339e4
----------------- Done invoking toplevel() on ptolemy.moml.MoMLSimpleApplication@564339e4
reloadAllAccessors: .IterateOverArray5

===========================================================================================
----------------- testing Fri Jan 03 05:43:52 UTC 2020 /home/travis/build/icyphy/ptII/ptolemy/actor/lib/hoc/test/auto/IterateOverArray6.xml
----------------- Instantiating /home/travis/build/icyphy/ptII/ptolemy/actor/lib/hoc/test/auto/IterateOverArray6.xml
2 ms. Memory: 155648K Free: 123733K (79%)
----------------- Invoking toplevel() on ptolemy.moml.MoMLSimpleApplication@7cadb321
----------------- Done invoking toplevel() on ptolemy.moml.MoMLSimpleApplication@7cadb321
reloadAllAccessors: .IterateOverArray6

===========================================================================================
----------------- testing Fri Jan 03 05:43:52 UTC 2020 /home/travis/build/icyphy/ptII/ptolemy/actor/lib/hoc/test/auto/IterateOverArray7.xml
----------------- Instantiating /home/travis/build/icyphy/ptII/ptolemy/actor/lib/hoc/test/auto/IterateOverArray7.xml
4 ms. Memory: 155648K Free: 119127K (77%)
----------------- Invoking toplevel() on ptolemy.moml.MoMLSimpleApplication@5287f819
----------------- Done invoking toplevel() on ptolemy.moml.MoMLSimpleApplication@5287f819
reloadAllAccessors: .IterateOverArray7

===========================================================================================
----------------- testing Fri Jan 03 05:43:52 UTC 2020 /home/travis/build/icyphy/ptII/ptolemy/actor/lib/hoc/test/auto/IterateOverArray8.xml
----------------- Instantiating /home/travis/build/icyphy/ptII/ptolemy/actor/lib/hoc/test/auto/IterateOverArray8.xml
2 ms. Memory: 155648K Free: 115031K (74%)
----------------- Invoking toplevel() on ptolemy.moml.MoMLSimpleApplication@5c89a23
----------------- Done invoking toplevel() on ptolemy.moml.MoMLSimpleApplication@5c89a23
reloadAllAccessors: .IterateOverArray8

===========================================================================================
----------------- testing Fri Jan 03 05:43:52 UTC 2020 /home/travis/build/icyphy/ptII/ptolemy/actor/lib/hoc/test/auto/IterateOverArray9.xml
----------------- Instantiating /home/travis/build/icyphy/ptII/ptolemy/actor/lib/hoc/test/auto/IterateOverArray9.xml
7 ms. Memory: 155648K Free: 110935K (71%)
----------------- Invoking toplevel() on ptolemy.moml.MoMLSimpleApplication@580fd598
----------------- Done invoking toplevel() on ptolemy.moml.MoMLSimpleApplication@580fd598
reloadAllAccessors: .IterateOverArray9

===========================================================================================
----------------- testing Fri Jan 03 05:43:52 UTC 2020 /home/travis/build/icyphy/ptII/ptolemy/actor/lib/hoc/test/auto/IterateOverArrayCoercedOutputType.xml
----------------- Instantiating /home/travis/build/icyphy/ptII/ptolemy/actor/lib/hoc/test/auto/IterateOverArrayCoercedOutputType.xml
8 ms. Memory: 155648K Free: 105815K (68%)
----------------- Invoking toplevel() on ptolemy.moml.MoMLSimpleApplication@6e2c4ebe
----------------- Done invoking toplevel() on ptolemy.moml.MoMLSimpleApplication@6e2c4ebe
reloadAllAccessors: .IterateOverArrayCoercedOutputType

===========================================================================================
----------------- testing Fri Jan 03 05:43:52 UTC 2020 /home/travis/build/icyphy/ptII/ptolemy/actor/lib/hoc/test/auto/IterateOverArrayInferredOutputType.xml
----------------- Instantiating /home/travis/build/icyphy/ptII/ptolemy/actor/lib/hoc/test/auto/IterateOverArrayInferredOutputType.xml
6 ms. Memory: 155648K Free: 101205K (65%)
----------------- Invoking toplevel() on ptolemy.moml.MoMLSimpleApplication@2353ddbc
----------------- Done invoking toplevel() on ptolemy.moml.MoMLSimpleApplication@2353ddbc
reloadAllAccessors: .IterateOverArrayInferredOutputType

===========================================================================================
----------------- testing Fri Jan 03 05:43:52 UTC 2020 /home/travis/build/icyphy/ptII/ptolemy/actor/lib/hoc/test/auto/MobileFunctionTest.xml
----------------- Instantiating /home/travis/build/icyphy/ptII/ptolemy/actor/lib/hoc/test/auto/MobileFunctionTest.xml
3 ms. Memory: 155648K Free: 96599K (62%)
----------------- Invoking toplevel() on ptolemy.moml.MoMLSimpleApplication@22950d00
----------------- Done invoking toplevel() on ptolemy.moml.MoMLSimpleApplication@22950d00
reloadAllAccessors: .MobileFunctionTest

===========================================================================================
----------------- testing Fri Jan 03 05:43:52 UTC 2020 /home/travis/build/icyphy/ptII/ptolemy/actor/lib/hoc/test/auto/MobileModelTest.xml
----------------- Instantiating /home/travis/build/icyphy/ptII/ptolemy/actor/lib/hoc/test/auto/MobileModelTest.xml
117 ms. Memory: 155648K Free: 75591K (49%)
----------------- Invoking toplevel() on ptolemy.moml.MoMLSimpleApplication@249ddc3d
----------------- Done invoking toplevel() on ptolemy.moml.MoMLSimpleApplication@249ddc3d
reloadAllAccessors: .MobileModelTest

===========================================================================================
----------------- testing Fri Jan 03 05:43:52 UTC 2020 /home/travis/build/icyphy/ptII/ptolemy/actor/lib/hoc/test/auto/ModelReference.xml
----------------- Instantiating /home/travis/build/icyphy/ptII/ptolemy/actor/lib/hoc/test/auto/ModelReference.xml
4 ms. Memory: 155648K Free: 68951K (44%)
1 ms. Memory: 155648K Free: 68423K (44%)
2 ms. Memory: 155648K Free: 67413K (43%)
2 ms. Memory: 155648K Free: 66389K (43%)
2 ms. Memory: 155648K Free: 65879K (42%)
1 ms. Memory: 155648K Free: 64855K (42%)
2 ms. Memory: 155648K Free: 64327K (41%)
2 ms. Memory: 155648K Free: 63317K (41%)
1 ms. Memory: 155648K Free: 62293K (40%)
5 ms. Memory: 155648K Free: 61783K (40%)
30 ms. Memory: 155648K Free: 61783K (40%)
----------------- Invoking toplevel() on ptolemy.moml.MoMLSimpleApplication@530dee6a
----------------- Done invoking toplevel() on ptolemy.moml.MoMLSimpleApplication@530dee6a
reloadAllAccessors: .ModelReference

===========================================================================================
----------------- testing Fri Jan 03 05:43:52 UTC 2020 /home/travis/build/icyphy/ptII/ptolemy/actor/lib/hoc/test/auto/ModelReference3.xml
----------------- Instantiating /home/travis/build/icyphy/ptII/ptolemy/actor/lib/hoc/test/auto/ModelReference3.xml
1 ms. Memory: 155648K Free: 57159K (37%)
4 ms. Memory: 155648K Free: 56663K (36%)
2 ms. Memory: 155648K Free: 55639K (36%)
3 ms. Memory: 155648K Free: 55119K (35%)
2 ms. Memory: 155648K Free: 54071K (35%)
1 ms. Memory: 155648K Free: 53047K (34%)
2 ms. Memory: 155648K Free: 52567K (34%)
2 ms. Memory: 155648K Free: 51543K (33%)
2 ms. Memory: 155648K Free: 50999K (33%)
2 ms. Memory: 155648K Free: 49991K (32%)
29 ms. Memory: 155648K Free: 49991K (32%)
----------------- Invoking toplevel() on ptolemy.moml.MoMLSimpleApplication@1202e2d9
----------------- Done invoking toplevel() on ptolemy.moml.MoMLSimpleApplication@1202e2d9
reloadAllAccessors: .ModelReference3

===========================================================================================
----------------- testing Fri Jan 03 05:43:52 UTC 2020 /home/travis/build/icyphy/ptII/ptolemy/actor/lib/hoc/test/auto/ModelReference4.xml
----------------- Instantiating /home/travis/build/icyphy/ptII/ptolemy/actor/lib/hoc/test/auto/ModelReference4.xml
1 ms. Memory: 155648K Free: 134418K (86%)
6 ms. Memory: 155648K Free: 132880K (85%)
2 ms. Memory: 155648K Free: 131825K (85%)
2 ms. Memory: 155648K Free: 130832K (84%)
7 ms. Memory: 155648K Free: 128778K (83%)
2 ms. Memory: 155648K Free: 127746K (82%)
3 ms. Memory: 155648K Free: 126226K (81%)
2 ms. Memory: 155648K Free: 125202K (80%)
6 ms. Memory: 155648K Free: 124178K (80%)
5 ms. Memory: 155648K Free: 122634K (79%)
10015 ms. Memory: 155648K Free: 122634K (79%)
----------------- Invoking toplevel() on ptolemy.moml.MoMLSimpleApplication@2e14828b
----------------- Done invoking toplevel() on ptolemy.moml.MoMLSimpleApplication@2e14828b
reloadAllAccessors: .ModelReference4

===========================================================================================
----------------- testing Fri Jan 03 05:44:02 UTC 2020 /home/travis/build/icyphy/ptII/ptolemy/actor/lib/hoc/test/auto/MultiInstanceComposite.xml
----------------- Instantiating /home/travis/build/icyphy/ptII/ptolemy/actor/lib/hoc/test/auto/MultiInstanceComposite.xml
24 ms. Memory: 155648K Free: 103698K (67%)
----------------- Invoking toplevel() on ptolemy.moml.MoMLSimpleApplication@383981c
----------------- Done invoking toplevel() on ptolemy.moml.MoMLSimpleApplication@383981c
reloadAllAccessors: .MultiInstanceComposite

===========================================================================================
----------------- testing Fri Jan 03 05:44:02 UTC 2020 /home/travis/build/icyphy/ptII/ptolemy/actor/lib/hoc/test/auto/MultiInstanceComposite2.xml
----------------- Instantiating /home/travis/build/icyphy/ptII/ptolemy/actor/lib/hoc/test/auto/MultiInstanceComposite2.xml
20 ms. Memory: 155648K Free: 92434K (59%)
----------------- Invoking toplevel() on ptolemy.moml.MoMLSimpleApplication@3dbc4053
----------------- Done invoking toplevel() on ptolemy.moml.MoMLSimpleApplication@3dbc4053
reloadAllAccessors: .MultiInstanceComposite2

===========================================================================================
----------------- testing Fri Jan 03 05:44:02 UTC 2020 /home/travis/build/icyphy/ptII/ptolemy/actor/lib/hoc/test/auto/MulticoreExecution.xml
----------------- Instantiating /home/travis/build/icyphy/ptII/ptolemy/actor/lib/hoc/test/auto/MulticoreExecution.xml
Fired ExecutionTime: 4000000
Fired ExecutionTime: 2400000
Fired ExecutionTime: 2800000
Fired ExecutionTime: 2800000
Fired ExecutionTime: 3600000
Fired ExecutionTime: 2400000
Fired ExecutionTime: 112000000
Fired ExecutionTime: 60800000
Fired ExecutionTime: 102400000
Fired ExecutionTime: 63600000
Fired ExecutionTime: 69600000
Fired ExecutionTime: 58400000
Fired ExecutionTime: 108800000
Fired ExecutionTime: 109200000
Fired ExecutionTime: 108800000
Fired ExecutionTime: 109600000
Fired ExecutionTime: 109600000
Fired ExecutionTime: 109200000
Fired ExecutionTime: 107600000
Fired ExecutionTime: 111200000
1066 ms. Memory: 155648K Free: 83218K (53%)
----------------- Invoking toplevel() on ptolemy.moml.MoMLSimpleApplication@795d0587
----------------- Done invoking toplevel() on ptolemy.moml.MoMLSimpleApplication@795d0587
reloadAllAccessors: .MulticoreExecution

===========================================================================================
----------------- testing Fri Jan 03 05:44:03 UTC 2020 /home/travis/build/icyphy/ptII/ptolemy/actor/lib/hoc/test/auto/ParallelExecution.xml
----------------- Instantiating /home/travis/build/icyphy/ptII/ptolemy/actor/lib/hoc/test/auto/ParallelExecution.xml
909 ms. Memory: 155648K Free: 75536K (49%)
----------------- Invoking toplevel() on ptolemy.moml.MoMLSimpleApplication@16f19849
----------------- Done invoking toplevel() on ptolemy.moml.MoMLSimpleApplication@16f19849
reloadAllAccessors: .ParallelExecution

===========================================================================================
----------------- testing Fri Jan 03 05:44:04 UTC 2020 /home/travis/build/icyphy/ptII/ptolemy/actor/lib/hoc/test/auto/RunCompositeActor.xml
----------------- Instantiating /home/travis/build/icyphy/ptII/ptolemy/actor/lib/hoc/test/auto/RunCompositeActor.xml
6 ms. Memory: 155648K Free: 68354K (44%)
----------------- Invoking toplevel() on ptolemy.moml.MoMLSimpleApplication@3c8f5c25
----------------- Done invoking toplevel() on ptolemy.moml.MoMLSimpleApplication@3c8f5c25
reloadAllAccessors: .RunCompositeActor

===========================================================================================
----------------- testing Fri Jan 03 05:44:04 UTC 2020 /home/travis/build/icyphy/ptII/ptolemy/actor/lib/hoc/test/auto/RunCompositeActor2.xml
----------------- Instantiating /home/travis/build/icyphy/ptII/ptolemy/actor/lib/hoc/test/auto/RunCompositeActor2.xml
5 ms. Memory: 155648K Free: 62210K (40%)
----------------- Invoking toplevel() on ptolemy.moml.MoMLSimpleApplication@2ce0de11
----------------- Done invoking toplevel() on ptolemy.moml.MoMLSimpleApplication@2ce0de11
reloadAllAccessors: .RunCompositeActor2

===========================================================================================
----------------- testing Fri Jan 03 05:44:04 UTC 2020 /home/travis/build/icyphy/ptII/ptolemy/actor/lib/hoc/test/auto/RunCompositeActor3.xml
----------------- Instantiating /home/travis/build/icyphy/ptII/ptolemy/actor/lib/hoc/test/auto/RunCompositeActor3.xml
3 ms. Memory: 155648K Free: 56594K (36%)
----------------- Invoking toplevel() on ptolemy.moml.MoMLSimpleApplication@781d209d
----------------- Done invoking toplevel() on ptolemy.moml.MoMLSimpleApplication@781d209d
reloadAllAccessors: .RunCompositeActor3

===========================================================================================
----------------- testing Fri Jan 03 05:44:04 UTC 2020 /home/travis/build/icyphy/ptII/ptolemy/actor/lib/hoc/test/auto/RunCompositeActor4.xml
----------------- Instantiating /home/travis/build/icyphy/ptII/ptolemy/actor/lib/hoc/test/auto/RunCompositeActor4.xml
14 ms. Memory: 155648K Free: 139461K (90%)
----------------- Invoking toplevel() on ptolemy.moml.MoMLSimpleApplication@108a3bdf
----------------- Done invoking toplevel() on ptolemy.moml.MoMLSimpleApplication@108a3bdf
reloadAllAccessors: .RunCompositeActor4

===========================================================================================
----------------- testing Fri Jan 03 05:44:04 UTC 2020 /home/travis/build/icyphy/ptII/ptolemy/actor/lib/hoc/test/auto/RunCompositeIterateOverArray.xml
----------------- Instantiating /home/travis/build/icyphy/ptII/ptolemy/actor/lib/hoc/test/auto/RunCompositeIterateOverArray.xml
3 ms. Memory: 155648K Free: 133282K (86%)
----------------- Invoking toplevel() on ptolemy.moml.MoMLSimpleApplication@202b8dd0
----------------- Done invoking toplevel() on ptolemy.moml.MoMLSimpleApplication@202b8dd0
reloadAllAccessors: .RunCompositeIterateOverArray

===========================================================================================
----------------- testing Fri Jan 03 05:44:04 UTC 2020 /home/travis/build/icyphy/ptII/ptolemy/actor/lib/hoc/test/auto/ThreadedJS.xml
----------------- Instantiating /home/travis/build/icyphy/ptII/ptolemy/actor/lib/hoc/test/auto/ThreadedJS.xml
4791 ms. Memory: 270336K Free: 110626K (41%)
----------------- Invoking toplevel() on ptolemy.moml.MoMLSimpleApplication@1948bc92
----------------- Done invoking toplevel() on ptolemy.moml.MoMLSimpleApplication@1948bc92
reloadAllAccessors: .ThreadedJS
AutoTests.java: About to close Vertx.
AutoTests.java: Vertx closed.
]]></system-out>
  <system-err><![CDATA[java.lang.RuntimeException: Execution failed
	at ptolemy.moml.MoMLSimpleApplication$UnloadThread.run(MoMLSimpleApplication.java:402)
Caused by: ptolemy.kernel.util.IllegalActionException: initialize() was called after wrapup() was called but preinitialize() was not called after wrapup().
	at ptolemy.actor.lib.hoc.test.PreinitializeMustBeInvoked.initialize(PreinitializeMustBeInvoked.java:78)
	at ptolemy.actor.Director.initialize(Director.java:938)
	at ptolemy.actor.Director.initialize(Director.java:907)
	at ptolemy.actor.sched.StaticSchedulingDirector.initialize(StaticSchedulingDirector.java:159)
	at ptolemy.domains.sdf.kernel.SDFDirector.initialize(SDFDirector.java:544)
	at ptolemy.actor.CompositeActor.initialize(CompositeActor.java:935)
	at ptolemy.actor.lib.hoc.LifeCycleManager._executeInsideModel(LifeCycleManager.java:339)
	at ptolemy.actor.lib.hoc.RunCompositeActor.fire(RunCompositeActor.java:205)
	at ptolemy.actor.CompositeActor.iterate(CompositeActor.java:1146)
	at ptolemy.actor.sched.StaticSchedulingDirector.fire(StaticSchedulingDirector.java:216)
	at ptolemy.domains.sdf.kernel.SDFDirector.fire(SDFDirector.java:500)
	at ptolemy.actor.CompositeActor.fire(CompositeActor.java:455)
	at ptolemy.actor.Manager.iterate(Manager.java:851)
	at ptolemy.actor.Manager.execute(Manager.java:369)
	at ptolemy.actor.Manager.run(Manager.java:1263)
	at ptolemy.actor.Manager$PtolemyRunThread.run(Manager.java:1933)
java.lang.reflect.InvocationTargetException
	at java.base/jdk.internal.reflect.NativeConstructorAccessorImpl.newInstance0(Native Method)
	at java.base/jdk.internal.reflect.NativeConstructorAccessorImpl.newInstance(NativeConstructorAccessorImpl.java:62)
	at java.base/jdk.internal.reflect.DelegatingConstructorAccessorImpl.newInstance(DelegatingConstructorAccessorImpl.java:45)
	at java.base/java.lang.reflect.Constructor.newInstance(Constructor.java:490)
	at ptolemy.util.test.junit.AutoKnownFailedTests.RunModel(AutoKnownFailedTests.java:105)
	at java.base/jdk.internal.reflect.NativeMethodAccessorImpl.invoke0(Native Method)
	at java.base/jdk.internal.reflect.NativeMethodAccessorImpl.invoke(NativeMethodAccessorImpl.java:62)
	at java.base/jdk.internal.reflect.DelegatingMethodAccessorImpl.invoke(DelegatingMethodAccessorImpl.java:43)
	at java.base/java.lang.reflect.Method.invoke(Method.java:566)
	at org.junit.runners.model.FrameworkMethod$1.runReflectiveCall(FrameworkMethod.java:44)
	at org.junit.internal.runners.model.ReflectiveCallable.run(ReflectiveCallable.java:15)
	at org.junit.runners.model.FrameworkMethod.invokeExplosively(FrameworkMethod.java:41)
	at junitparams.internal.InvokeParameterisedMethod.evaluate(InvokeParameterisedMethod.java:102)
	at org.junit.internal.runners.statements.FailOnTimeout$1.run(FailOnTimeout.java:28)
Caused by: ptolemy.kernel.util.IllegalActionException: initialize() was called after wrapup() was called but preinitialize() was not called after wrapup().
	at ptolemy.actor.lib.hoc.test.PreinitializeMustBeInvoked.initialize(PreinitializeMustBeInvoked.java:78)
	at ptolemy.actor.Director.initialize(Director.java:938)
	at ptolemy.actor.Director.initialize(Director.java:907)
	at ptolemy.actor.sched.StaticSchedulingDirector.initialize(StaticSchedulingDirector.java:159)
	at ptolemy.domains.sdf.kernel.SDFDirector.initialize(SDFDirector.java:544)
	at ptolemy.actor.CompositeActor.initialize(CompositeActor.java:935)
	at ptolemy.actor.lib.hoc.LifeCycleManager._executeInsideModel(LifeCycleManager.java:339)
	at ptolemy.actor.lib.hoc.RunCompositeActor.fire(RunCompositeActor.java:205)
	at ptolemy.actor.CompositeActor.iterate(CompositeActor.java:1146)
	at ptolemy.actor.sched.StaticSchedulingDirector.fire(StaticSchedulingDirector.java:216)
	at ptolemy.domains.sdf.kernel.SDFDirector.fire(SDFDirector.java:500)
	at ptolemy.actor.CompositeActor.fire(CompositeActor.java:455)
	at ptolemy.actor.Manager.iterate(Manager.java:851)
	at ptolemy.actor.Manager.execute(Manager.java:369)
	at ptolemy.actor.Manager.run(Manager.java:1263)
	at ptolemy.actor.Manager$PtolemyRunThread.run(Manager.java:1933)
Warning: Nashorn engine is planned to be removed from a future JDK release
Warning: Nashorn engine is planned to be removed from a future JDK release
Warning: Nashorn engine is planned to be removed from a future JDK release
Warning: Nashorn engine is planned to be removed from a future JDK release
Warning: Nashorn engine is planned to be removed from a future JDK release
Warning: Nashorn engine is planned to be removed from a future JDK release
Warning: Nashorn engine is planned to be removed from a future JDK release
Warning: Nashorn engine is planned to be removed from a future JDK release
]]></system-err>
</testsuite>
