<?xml version="1.0" encoding="UTF-8" ?>
<testsuite errors="0" failures="0" hostname="travis-job-bb43be28-a3d1-41b9-a09e-1a1ced78188c" name="ptolemy.domains.sdf.lib.test.junit.JUnitTclTest" skipped="0" tests="82" time="10.441" timestamp="2020-02-05T15:03:43">
  <properties>
[...]
</properties>
  <testcase classname="ptolemy.util.test.junit.TclTests" name="[0] /home/travis/build/icyphy/ptII/ptolemy/domains/sdf/lib/test/ArrayToSequence.tcl (RunTclFile)" time="0.706" />
  <testcase classname="ptolemy.util.test.junit.TclTests" name="[1] /home/travis/build/icyphy/ptII/ptolemy/domains/sdf/lib/test/BitsToInt.tcl (RunTclFile)" time="0.06" />
  <testcase classname="ptolemy.util.test.junit.TclTests" name="[2] /home/travis/build/icyphy/ptII/ptolemy/domains/sdf/lib/test/DelayLine.tcl (RunTclFile)" time="0.037" />
  <testcase classname="ptolemy.util.test.junit.TclTests" name="[3] /home/travis/build/icyphy/ptII/ptolemy/domains/sdf/lib/test/FFT.tcl (RunTclFile)" time="0.024" />
  <testcase classname="ptolemy.util.test.junit.TclTests" name="[4] /home/travis/build/icyphy/ptII/ptolemy/domains/sdf/lib/test/FIR.tcl (RunTclFile)" time="0.244" />
  <testcase classname="ptolemy.util.test.junit.TclTests" name="[5] /home/travis/build/icyphy/ptII/ptolemy/domains/sdf/lib/test/IntToBits.tcl (RunTclFile)" time="0.032" />
  <testcase classname="ptolemy.util.test.junit.TclTests" name="[6] /home/travis/build/icyphy/ptII/ptolemy/domains/sdf/lib/test/MaximumEntropySpectrum.tcl (RunTclFile)" time="0.468" />
  <testcase classname="ptolemy.util.test.junit.TclTests" name="[7] /home/travis/build/icyphy/ptII/ptolemy/domains/sdf/lib/test/Repeat.tcl (RunTclFile)" time="0.06" />
  <testcase classname="ptolemy.util.test.junit.TclTests" name="[8] /home/travis/build/icyphy/ptII/ptolemy/domains/sdf/lib/test/SampleDelay.tcl (RunTclFile)" time="0.1" />
  <testcase classname="ptolemy.util.test.junit.TclTests" name="[9] /home/travis/build/icyphy/ptII/ptolemy/domains/sdf/lib/test/SequenceToArray.tcl (RunTclFile)" time="0.111" />
  <testcase classname="ptolemy.util.test.junit.AutoKnownFailedTests" name="[0] ThereAreNoKnowFailedTests (RunModel)" time="0.004" />
  <testcase classname="ptolemy.util.test.junit.AutoNameArchTests" name="[0] ThereAreNoAutoArchTests (RunModel)" time="0.002" />
  <testcase classname="ptolemy.util.test.junit.AutoTests" name="[0] /home/travis/build/icyphy/ptII/ptolemy/domains/sdf/lib/test/auto/ArrayToSequence.xml (RunModel)" time="0.277" />
  <testcase classname="ptolemy.util.test.junit.AutoTests" name="[1] /home/travis/build/icyphy/ptII/ptolemy/domains/sdf/lib/test/auto/ArrayToSequenceTest.xml (RunModel)" time="0.103" />
  <testcase classname="ptolemy.util.test.junit.AutoTests" name="[2] /home/travis/build/icyphy/ptII/ptolemy/domains/sdf/lib/test/auto/Autocorrelation.xml (RunModel)" time="0.064" />
  <testcase classname="ptolemy.util.test.junit.AutoTests" name="[3] /home/travis/build/icyphy/ptII/ptolemy/domains/sdf/lib/test/auto/Autocorrelation2.xml (RunModel)" time="0.06" />
  <testcase classname="ptolemy.util.test.junit.AutoTests" name="[4] /home/travis/build/icyphy/ptII/ptolemy/domains/sdf/lib/test/auto/Autocorrelation3.xml (RunModel)" time="0.072" />
  <testcase classname="ptolemy.util.test.junit.AutoTests" name="[5] /home/travis/build/icyphy/ptII/ptolemy/domains/sdf/lib/test/auto/Autocorrelation4.xml (RunModel)" time="0.05" />
  <testcase classname="ptolemy.util.test.junit.AutoTests" name="[6] /home/travis/build/icyphy/ptII/ptolemy/domains/sdf/lib/test/auto/Autocorrelation5.xml (RunModel)" time="0.14" />
  <testcase classname="ptolemy.util.test.junit.AutoTests" name="[7] /home/travis/build/icyphy/ptII/ptolemy/domains/sdf/lib/test/auto/BitsToInt.xml (RunModel)" time="0.042" />
  <testcase classname="ptolemy.util.test.junit.AutoTests" name="[8] /home/travis/build/icyphy/ptII/ptolemy/domains/sdf/lib/test/auto/BooleanJoin.xml (RunModel)" time="0.06" />
  <testcase classname="ptolemy.util.test.junit.AutoTests" name="[9] /home/travis/build/icyphy/ptII/ptolemy/domains/sdf/lib/test/auto/BootstrapSampleDelay.xml (RunModel)" time="0.036" />
  <testcase classname="ptolemy.util.test.junit.AutoTests" name="[10] /home/travis/build/icyphy/ptII/ptolemy/domains/sdf/lib/test/auto/Chop.xml (RunModel)" time="0.043" />
  <testcase classname="ptolemy.util.test.junit.AutoTests" name="[11] /home/travis/build/icyphy/ptII/ptolemy/domains/sdf/lib/test/auto/Chop2.xml (RunModel)" time="0.035" />
  <testcase classname="ptolemy.util.test.junit.AutoTests" name="[12] /home/travis/build/icyphy/ptII/ptolemy/domains/sdf/lib/test/auto/ComplexJoin.xml (RunModel)" time="0.035" />
  <testcase classname="ptolemy.util.test.junit.AutoTests" name="[13] /home/travis/build/icyphy/ptII/ptolemy/domains/sdf/lib/test/auto/CountTrues.xml (RunModel)" time="0.019" />
  <testcase classname="ptolemy.util.test.junit.AutoTests" name="[14] /home/travis/build/icyphy/ptII/ptolemy/domains/sdf/lib/test/auto/DelayLine.xml (RunModel)" time="0.048" />
  <testcase classname="ptolemy.util.test.junit.AutoTests" name="[15] /home/travis/build/icyphy/ptII/ptolemy/domains/sdf/lib/test/auto/DotProduct.xml (RunModel)" time="0.041" />
  <testcase classname="ptolemy.util.test.junit.AutoTests" name="[16] /home/travis/build/icyphy/ptII/ptolemy/domains/sdf/lib/test/auto/DotProductMatrix.xml (RunModel)" time="0.028" />
  <testcase classname="ptolemy.util.test.junit.AutoTests" name="[17] /home/travis/build/icyphy/ptII/ptolemy/domains/sdf/lib/test/auto/DownSample1.xml (RunModel)" time="0.039" />
  <testcase classname="ptolemy.util.test.junit.AutoTests" name="[18] /home/travis/build/icyphy/ptII/ptolemy/domains/sdf/lib/test/auto/DynamicRateChange.xml (RunModel)" time="0.05" />
  <testcase classname="ptolemy.util.test.junit.AutoTests" name="[19] /home/travis/build/icyphy/ptII/ptolemy/domains/sdf/lib/test/auto/DynamicRates.xml (RunModel)" time="0.038" />
  <testcase classname="ptolemy.util.test.junit.AutoTests" name="[20] /home/travis/build/icyphy/ptII/ptolemy/domains/sdf/lib/test/auto/FFT1.xml (RunModel)" time="0.045" />
  <testcase classname="ptolemy.util.test.junit.AutoTests" name="[21] /home/travis/build/icyphy/ptII/ptolemy/domains/sdf/lib/test/auto/FIR1.xml (RunModel)" time="0.076" />
  <testcase classname="ptolemy.util.test.junit.AutoTests" name="[22] /home/travis/build/icyphy/ptII/ptolemy/domains/sdf/lib/test/auto/FIR2.xml (RunModel)" time="0.03" />
  <testcase classname="ptolemy.util.test.junit.AutoTests" name="[23] /home/travis/build/icyphy/ptII/ptolemy/domains/sdf/lib/test/auto/FIR4.xml (RunModel)" time="0.067" />
  <testcase classname="ptolemy.util.test.junit.AutoTests" name="[24] /home/travis/build/icyphy/ptII/ptolemy/domains/sdf/lib/test/auto/FixJoin.xml (RunModel)" time="0.071" />
  <testcase classname="ptolemy.util.test.junit.AutoTests" name="[25] /home/travis/build/icyphy/ptII/ptolemy/domains/sdf/lib/test/auto/IntJoin1.xml (RunModel)" time="0.038" />
  <testcase classname="ptolemy.util.test.junit.AutoTests" name="[26] /home/travis/build/icyphy/ptII/ptolemy/domains/sdf/lib/test/auto/IntJoin2.xml (RunModel)" time="0.029" />
  <testcase classname="ptolemy.util.test.junit.AutoTests" name="[27] /home/travis/build/icyphy/ptII/ptolemy/domains/sdf/lib/test/auto/IntJoin3.xml (RunModel)" time="0.033" />
  <testcase classname="ptolemy.util.test.junit.AutoTests" name="[28] /home/travis/build/icyphy/ptII/ptolemy/domains/sdf/lib/test/auto/IntJoin4.xml (RunModel)" time="0.018" />
  <testcase classname="ptolemy.util.test.junit.AutoTests" name="[29] /home/travis/build/icyphy/ptII/ptolemy/domains/sdf/lib/test/auto/IntJoin5.xml (RunModel)" time="0.024" />
  <testcase classname="ptolemy.util.test.junit.AutoTests" name="[30] /home/travis/build/icyphy/ptII/ptolemy/domains/sdf/lib/test/auto/IntToBits.xml (RunModel)" time="0.014" />
  <testcase classname="ptolemy.util.test.junit.AutoTests" name="[31] /home/travis/build/icyphy/ptII/ptolemy/domains/sdf/lib/test/auto/LMSAdaptive.xml (RunModel)" time="0.083" />
  <testcase classname="ptolemy.util.test.junit.AutoTests" name="[32] /home/travis/build/icyphy/ptII/ptolemy/domains/sdf/lib/test/auto/LMSAdaptiveFIR.xml (RunModel)" time="0.388" />
  <testcase classname="ptolemy.util.test.junit.AutoTests" name="[33] /home/travis/build/icyphy/ptII/ptolemy/domains/sdf/lib/test/auto/LMSAdaptiveFIR2.xml (RunModel)" time="0.521" />
  <testcase classname="ptolemy.util.test.junit.AutoTests" name="[34] /home/travis/build/icyphy/ptII/ptolemy/domains/sdf/lib/test/auto/LongJoin.xml (RunModel)" time="0.036" />
  <testcase classname="ptolemy.util.test.junit.AutoTests" name="[35] /home/travis/build/icyphy/ptII/ptolemy/domains/sdf/lib/test/auto/Matrix1.xml (RunModel)" time="0.035" />
  <testcase classname="ptolemy.util.test.junit.AutoTests" name="[36] /home/travis/build/icyphy/ptII/ptolemy/domains/sdf/lib/test/auto/Matrix2.xml (RunModel)" time="0.021" />
  <testcase classname="ptolemy.util.test.junit.AutoTests" name="[37] /home/travis/build/icyphy/ptII/ptolemy/domains/sdf/lib/test/auto/MatrixJoin1.xml (RunModel)" time="0.038" />
  <testcase classname="ptolemy.util.test.junit.AutoTests" name="[38] /home/travis/build/icyphy/ptII/ptolemy/domains/sdf/lib/test/auto/MatrixJoin2.xml (RunModel)" time="0.023" />
  <testcase classname="ptolemy.util.test.junit.AutoTests" name="[39] /home/travis/build/icyphy/ptII/ptolemy/domains/sdf/lib/test/auto/MatrixJoin3.xml (RunModel)" time="0.026" />
  <testcase classname="ptolemy.util.test.junit.AutoTests" name="[40] /home/travis/build/icyphy/ptII/ptolemy/domains/sdf/lib/test/auto/MatrixJoin4.xml (RunModel)" time="0.022" />
  <testcase classname="ptolemy.util.test.junit.AutoTests" name="[41] /home/travis/build/icyphy/ptII/ptolemy/domains/sdf/lib/test/auto/MatrixJoin5.xml (RunModel)" time="0.019" />
  <testcase classname="ptolemy.util.test.junit.AutoTests" name="[42] /home/travis/build/icyphy/ptII/ptolemy/domains/sdf/lib/test/auto/MatrixSplit1.xml (RunModel)" time="0.025" />
  <testcase classname="ptolemy.util.test.junit.AutoTests" name="[43] /home/travis/build/icyphy/ptII/ptolemy/domains/sdf/lib/test/auto/MatrixSplit10.xml (RunModel)" time="0.023" />
  <testcase classname="ptolemy.util.test.junit.AutoTests" name="[44] /home/travis/build/icyphy/ptII/ptolemy/domains/sdf/lib/test/auto/MatrixSplit11.xml (RunModel)" time="0.016" />
  <testcase classname="ptolemy.util.test.junit.AutoTests" name="[45] /home/travis/build/icyphy/ptII/ptolemy/domains/sdf/lib/test/auto/MatrixSplit12.xml (RunModel)" time="0.024" />
  <testcase classname="ptolemy.util.test.junit.AutoTests" name="[46] /home/travis/build/icyphy/ptII/ptolemy/domains/sdf/lib/test/auto/MatrixSplit13.xml (RunModel)" time="0.029" />
  <testcase classname="ptolemy.util.test.junit.AutoTests" name="[47] /home/travis/build/icyphy/ptII/ptolemy/domains/sdf/lib/test/auto/MatrixSplit14.xml (RunModel)" time="0.017" />
  <testcase classname="ptolemy.util.test.junit.AutoTests" name="[48] /home/travis/build/icyphy/ptII/ptolemy/domains/sdf/lib/test/auto/MatrixSplit2.xml (RunModel)" time="0.017" />
  <testcase classname="ptolemy.util.test.junit.AutoTests" name="[49] /home/travis/build/icyphy/ptII/ptolemy/domains/sdf/lib/test/auto/MatrixSplit3.xml (RunModel)" time="0.02" />
  <testcase classname="ptolemy.util.test.junit.AutoTests" name="[50] /home/travis/build/icyphy/ptII/ptolemy/domains/sdf/lib/test/auto/MatrixSplit4.xml (RunModel)" time="0.022" />
  <testcase classname="ptolemy.util.test.junit.AutoTests" name="[51] /home/travis/build/icyphy/ptII/ptolemy/domains/sdf/lib/test/auto/MatrixSplit5.xml (RunModel)" time="0.024" />
  <testcase classname="ptolemy.util.test.junit.AutoTests" name="[52] /home/travis/build/icyphy/ptII/ptolemy/domains/sdf/lib/test/auto/MatrixSplit6.xml (RunModel)" time="0.025" />
  <testcase classname="ptolemy.util.test.junit.AutoTests" name="[53] /home/travis/build/icyphy/ptII/ptolemy/domains/sdf/lib/test/auto/MatrixSplit7.xml (RunModel)" time="0.018" />
  <testcase classname="ptolemy.util.test.junit.AutoTests" name="[54] /home/travis/build/icyphy/ptII/ptolemy/domains/sdf/lib/test/auto/MatrixSplit8.xml (RunModel)" time="0.017" />
  <testcase classname="ptolemy.util.test.junit.AutoTests" name="[55] /home/travis/build/icyphy/ptII/ptolemy/domains/sdf/lib/test/auto/MatrixSplit9.xml (RunModel)" time="0.039" />
  <testcase classname="ptolemy.util.test.junit.AutoTests" name="[56] /home/travis/build/icyphy/ptII/ptolemy/domains/sdf/lib/test/auto/MatrixToSequence.xml (RunModel)" time="0.057" />
  <testcase classname="ptolemy.util.test.junit.AutoTests" name="[57] /home/travis/build/icyphy/ptII/ptolemy/domains/sdf/lib/test/auto/MaximumEntropySpectrum.xml (RunModel)" time="0.103" />
  <testcase classname="ptolemy.util.test.junit.AutoTests" name="[58] /home/travis/build/icyphy/ptII/ptolemy/domains/sdf/lib/test/auto/SampleDelayConversion.xml (RunModel)" time="0.032" />
  <testcase classname="ptolemy.util.test.junit.AutoTests" name="[59] /home/travis/build/icyphy/ptII/ptolemy/domains/sdf/lib/test/auto/SequenceToArray.xml (RunModel)" time="0.043" />
  <testcase classname="ptolemy.util.test.junit.AutoTests" name="[60] /home/travis/build/icyphy/ptII/ptolemy/domains/sdf/lib/test/auto/SequenceToMatrix.xml (RunModel)" time="4.022" />
  <testcase classname="ptolemy.util.test.junit.AutoTests" name="[61] /home/travis/build/icyphy/ptII/ptolemy/domains/sdf/lib/test/auto/SmoothedPeriodogram.xml (RunModel)" time="0.069" />
  <testcase classname="ptolemy.util.test.junit.AutoTests" name="[62] /home/travis/build/icyphy/ptII/ptolemy/domains/sdf/lib/test/auto/UpDownSample1.xml (RunModel)" time="0.037" />
  <testcase classname="ptolemy.util.test.junit.AutoTests" name="[63] /home/travis/build/icyphy/ptII/ptolemy/domains/sdf/lib/test/auto/UpSample1.xml (RunModel)" time="0.02" />
  <testcase classname="ptolemy.util.test.junit.AutoTests" name="[64] /home/travis/build/icyphy/ptII/ptolemy/domains/sdf/lib/test/auto/VariableFIR.xml (RunModel)" time="0.03" />
  <testcase classname="ptolemy.util.test.junit.AutoTests" name="[65] /home/travis/build/icyphy/ptII/ptolemy/domains/sdf/lib/test/auto/VariableFIR2.xml (RunModel)" time="0.028" />
  <testcase classname="ptolemy.util.test.junit.AutoTests" name="[66] /home/travis/build/icyphy/ptII/ptolemy/domains/sdf/lib/test/auto/VariableLattice.xml (RunModel)" time="0.037" />
  <testcase classname="ptolemy.util.test.junit.AutoTests" name="[67] /home/travis/build/icyphy/ptII/ptolemy/domains/sdf/lib/test/auto/VariableLattice2.xml (RunModel)" time="0.028" />
  <testcase classname="ptolemy.util.test.junit.AutoTests" name="[68] /home/travis/build/icyphy/ptII/ptolemy/domains/sdf/lib/test/auto/VariableRecursiveLattice.xml (RunModel)" time="0.024" />
  <testcase classname="ptolemy.util.test.junit.AutoTests" name="[69] /home/travis/build/icyphy/ptII/ptolemy/domains/sdf/lib/test/auto/VariableRecursiveLattice2.xml (RunModel)" time="0.022" />
  <system-out><![CDATA[/home/travis/build/icyphy/ptII/ptolemy/domains/sdf/lib/test/ArrayToSequence.tcl
testDefs.tcl: setting time out to 9000 seconds at Wed Feb 05 15:03:43 UTC 2020
126 ms. Memory: 129024K Free: 94151K (73%)
21 ms. Memory: 129024K Free: 92103K (71%)
14 ms. Memory: 129024K Free: 90055K (70%)
13 ms. Memory: 129024K Free: 88517K (69%)
/home/travis/build/icyphy/ptII/ptolemy/domains/sdf/lib/test/BitsToInt.tcl
14 ms. Memory: 129024K Free: 86983K (67%)
14 ms. Memory: 129024K Free: 84935K (66%)
/home/travis/build/icyphy/ptII/ptolemy/domains/sdf/lib/test/DelayLine.tcl
7 ms. Memory: 129024K Free: 83383K (65%)
/home/travis/build/icyphy/ptII/ptolemy/domains/sdf/lib/test/FFT.tcl
7 ms. Memory: 129024K Free: 81349K (63%)
/home/travis/build/icyphy/ptII/ptolemy/domains/sdf/lib/test/FIR.tcl
18 ms. Memory: 129024K Free: 79815K (62%)
117 ms. Memory: 129024K Free: 75719K (59%)
ptolemy.kernel.util.IllegalActionException: multiplyReverse method not supported between ptolemy.data.FixToken 'fix(-0.0625,6,2)' and ptolemy.data.IntToken '1' because the types are incomparable.
  in .top.FIRclone
Because:
multiplyReverse method not supported between ptolemy.data.FixToken 'fix(-0.0625,6,2)' and ptolemy.data.IntToken '1' because the types are incomparable.
22 ms. Memory: 129024K Free: 73157K (57%)
/home/travis/build/icyphy/ptII/ptolemy/domains/sdf/lib/test/IntToBits.tcl
7 ms. Memory: 129024K Free: 71623K (56%)
5 ms. Memory: 129024K Free: 70085K (54%)
/home/travis/build/icyphy/ptII/ptolemy/domains/sdf/lib/test/MaximumEntropySpectrum.tcl
/home/travis/build/icyphy/ptII/ptolemy/domains/sdf/lib/test/Repeat.tcl
12 ms. Memory: 129024K Free: 48567K (38%)
/home/travis/build/icyphy/ptII/ptolemy/domains/sdf/lib/test/SampleDelay.tcl
5 ms. Memory: 129024K Free: 113086K (88%)
5 ms. Memory: 129024K Free: 112032K (87%)
4 ms. Memory: 129024K Free: 111046K (86%)
5 ms. Memory: 129024K Free: 110549K (86%)
3 ms. Memory: 129024K Free: 110008K (85%)
2 ms. Memory: 129024K Free: 109511K (85%)
/home/travis/build/icyphy/ptII/ptolemy/domains/sdf/lib/test/SequenceToArray.tcl
19 ms. Memory: 129024K Free: 107960K (84%)
14 ms. Memory: 129024K Free: 106950K (83%)
15 ms. Memory: 129024K Free: 105415K (82%)
10 ms. Memory: 129024K Free: 104383K (81%)
02/05/20 03:03:45
Failed: 0  Total Tests: 41  ((Passed: 41, Newly Passed: 0)  Known Failed: 0) /home/travis/build/icyphy/ptII/ptolemy/domains/sdf/lib/test
No auto/knownFailedTests/*.xml tests in /home/travis/build/icyphy/ptII/ptolemy/domains/sdf/lib/test
No auto/linux-amd64/*.xml tests in /home/travis/build/icyphy/ptII/ptolemy/domains/sdf/lib/test
AutoTests.java: About to close Vertx.
AutoTests.java: Vertx closed.

===========================================================================================
----------------- testing Wed Feb 05 15:03:46 UTC 2020 /home/travis/build/icyphy/ptII/ptolemy/domains/sdf/lib/test/auto/ArrayToSequence.xml
----------------- Instantiating /home/travis/build/icyphy/ptII/ptolemy/domains/sdf/lib/test/auto/ArrayToSequence.xml
40 ms. Memory: 129024K Free: 92528K (72%)
----------------- Invoking toplevel() on ptolemy.moml.MoMLSimpleApplication@49709841
----------------- Done invoking toplevel() on ptolemy.moml.MoMLSimpleApplication@49709841
reloadAllAccessors: .ArrayToSequence

===========================================================================================
----------------- testing Wed Feb 05 15:03:46 UTC 2020 /home/travis/build/icyphy/ptII/ptolemy/domains/sdf/lib/test/auto/ArrayToSequenceTest.xml
----------------- Instantiating /home/travis/build/icyphy/ptII/ptolemy/domains/sdf/lib/test/auto/ArrayToSequenceTest.xml
33 ms. Memory: 129024K Free: 86405K (67%)
----------------- Invoking toplevel() on ptolemy.moml.MoMLSimpleApplication@ce3067b
----------------- Done invoking toplevel() on ptolemy.moml.MoMLSimpleApplication@ce3067b
reloadAllAccessors: .ArrayToSequenceTest

===========================================================================================
----------------- testing Wed Feb 05 15:03:46 UTC 2020 /home/travis/build/icyphy/ptII/ptolemy/domains/sdf/lib/test/auto/Autocorrelation.xml
----------------- Instantiating /home/travis/build/icyphy/ptII/ptolemy/domains/sdf/lib/test/auto/Autocorrelation.xml
6 ms. Memory: 129024K Free: 109643K (85%)
----------------- Invoking toplevel() on ptolemy.moml.MoMLSimpleApplication@1b0e13f4
----------------- Done invoking toplevel() on ptolemy.moml.MoMLSimpleApplication@1b0e13f4
reloadAllAccessors: .Autocorrelation

===========================================================================================
----------------- testing Wed Feb 05 15:03:46 UTC 2020 /home/travis/build/icyphy/ptII/ptolemy/domains/sdf/lib/test/auto/Autocorrelation2.xml
----------------- Instantiating /home/travis/build/icyphy/ptII/ptolemy/domains/sdf/lib/test/auto/Autocorrelation2.xml
7 ms. Memory: 129024K Free: 104827K (81%)
----------------- Invoking toplevel() on ptolemy.moml.MoMLSimpleApplication@5aab16cd
----------------- Done invoking toplevel() on ptolemy.moml.MoMLSimpleApplication@5aab16cd
reloadAllAccessors: .Autocorrelation2

===========================================================================================
----------------- testing Wed Feb 05 15:03:46 UTC 2020 /home/travis/build/icyphy/ptII/ptolemy/domains/sdf/lib/test/auto/Autocorrelation3.xml
----------------- Instantiating /home/travis/build/icyphy/ptII/ptolemy/domains/sdf/lib/test/auto/Autocorrelation3.xml
5 ms. Memory: 129024K Free: 101441K (79%)
----------------- Invoking toplevel() on ptolemy.moml.MoMLSimpleApplication@3bb38a7
----------------- Done invoking toplevel() on ptolemy.moml.MoMLSimpleApplication@3bb38a7
reloadAllAccessors: .Autocorrelation3

===========================================================================================
----------------- testing Wed Feb 05 15:03:46 UTC 2020 /home/travis/build/icyphy/ptII/ptolemy/domains/sdf/lib/test/auto/Autocorrelation4.xml
----------------- Instantiating /home/travis/build/icyphy/ptII/ptolemy/domains/sdf/lib/test/auto/Autocorrelation4.xml
11 ms. Memory: 129024K Free: 97070K (75%)
----------------- Invoking toplevel() on ptolemy.moml.MoMLSimpleApplication@70d3a100
----------------- Done invoking toplevel() on ptolemy.moml.MoMLSimpleApplication@70d3a100
reloadAllAccessors: .Autocorrelation4

===========================================================================================
----------------- testing Wed Feb 05 15:03:46 UTC 2020 /home/travis/build/icyphy/ptII/ptolemy/domains/sdf/lib/test/auto/Autocorrelation5.xml
----------------- Instantiating /home/travis/build/icyphy/ptII/ptolemy/domains/sdf/lib/test/auto/Autocorrelation5.xml
57 ms. Memory: 129024K Free: 89736K (70%)
----------------- Invoking toplevel() on ptolemy.moml.MoMLSimpleApplication@325a86c1
----------------- Done invoking toplevel() on ptolemy.moml.MoMLSimpleApplication@325a86c1
reloadAllAccessors: .Autocorrelation5

===========================================================================================
----------------- testing Wed Feb 05 15:03:46 UTC 2020 /home/travis/build/icyphy/ptII/ptolemy/domains/sdf/lib/test/auto/BitsToInt.xml
----------------- Instantiating /home/travis/build/icyphy/ptII/ptolemy/domains/sdf/lib/test/auto/BitsToInt.xml
3 ms. Memory: 129024K Free: 86664K (67%)
----------------- Invoking toplevel() on ptolemy.moml.MoMLSimpleApplication@2963d36
----------------- Done invoking toplevel() on ptolemy.moml.MoMLSimpleApplication@2963d36
reloadAllAccessors: .BitsToInt

===========================================================================================
----------------- testing Wed Feb 05 15:03:46 UTC 2020 /home/travis/build/icyphy/ptII/ptolemy/domains/sdf/lib/test/auto/BooleanJoin.xml
----------------- Instantiating /home/travis/build/icyphy/ptII/ptolemy/domains/sdf/lib/test/auto/BooleanJoin.xml
13 ms. Memory: 129024K Free: 82568K (64%)
----------------- Invoking toplevel() on ptolemy.moml.MoMLSimpleApplication@444dc695
----------------- Done invoking toplevel() on ptolemy.moml.MoMLSimpleApplication@444dc695
reloadAllAccessors: .BooleanJoin

===========================================================================================
----------------- testing Wed Feb 05 15:03:47 UTC 2020 /home/travis/build/icyphy/ptII/ptolemy/domains/sdf/lib/test/auto/BootstrapSampleDelay.xml
----------------- Instantiating /home/travis/build/icyphy/ptII/ptolemy/domains/sdf/lib/test/auto/BootstrapSampleDelay.xml
18 ms. Memory: 129024K Free: 78659K (61%)
----------------- Invoking toplevel() on ptolemy.moml.MoMLSimpleApplication@11f762a1
----------------- Done invoking toplevel() on ptolemy.moml.MoMLSimpleApplication@11f762a1
reloadAllAccessors: .BootstrapSampleDelay

===========================================================================================
----------------- testing Wed Feb 05 15:03:47 UTC 2020 /home/travis/build/icyphy/ptII/ptolemy/domains/sdf/lib/test/auto/Chop.xml
----------------- Instantiating /home/travis/build/icyphy/ptII/ptolemy/domains/sdf/lib/test/auto/Chop.xml
5 ms. Memory: 159744K Free: 141119K (88%)
----------------- Invoking toplevel() on ptolemy.moml.MoMLSimpleApplication@7e560fdf
----------------- Done invoking toplevel() on ptolemy.moml.MoMLSimpleApplication@7e560fdf
reloadAllAccessors: .Chop

===========================================================================================
----------------- testing Wed Feb 05 15:03:47 UTC 2020 /home/travis/build/icyphy/ptII/ptolemy/domains/sdf/lib/test/auto/Chop2.xml
----------------- Instantiating /home/travis/build/icyphy/ptII/ptolemy/domains/sdf/lib/test/auto/Chop2.xml
5 ms. Memory: 159744K Free: 134322K (84%)
----------------- Invoking toplevel() on ptolemy.moml.MoMLSimpleApplication@43e4da5e
----------------- Done invoking toplevel() on ptolemy.moml.MoMLSimpleApplication@43e4da5e
reloadAllAccessors: .Chop2

===========================================================================================
----------------- testing Wed Feb 05 15:03:47 UTC 2020 /home/travis/build/icyphy/ptII/ptolemy/domains/sdf/lib/test/auto/ComplexJoin.xml
----------------- Instantiating /home/travis/build/icyphy/ptII/ptolemy/domains/sdf/lib/test/auto/ComplexJoin.xml
4 ms. Memory: 159744K Free: 130226K (82%)
----------------- Invoking toplevel() on ptolemy.moml.MoMLSimpleApplication@5a95d07b
----------------- Done invoking toplevel() on ptolemy.moml.MoMLSimpleApplication@5a95d07b
reloadAllAccessors: .ComplexJoin

===========================================================================================
----------------- testing Wed Feb 05 15:03:47 UTC 2020 /home/travis/build/icyphy/ptII/ptolemy/domains/sdf/lib/test/auto/CountTrues.xml
----------------- Instantiating /home/travis/build/icyphy/ptII/ptolemy/domains/sdf/lib/test/auto/CountTrues.xml
3 ms. Memory: 159744K Free: 126761K (79%)
----------------- Invoking toplevel() on ptolemy.moml.MoMLSimpleApplication@4e79195f
----------------- Done invoking toplevel() on ptolemy.moml.MoMLSimpleApplication@4e79195f
reloadAllAccessors: .CountTrues

===========================================================================================
----------------- testing Wed Feb 05 15:03:47 UTC 2020 /home/travis/build/icyphy/ptII/ptolemy/domains/sdf/lib/test/auto/DelayLine.xml
----------------- Instantiating /home/travis/build/icyphy/ptII/ptolemy/domains/sdf/lib/test/auto/DelayLine.xml
15 ms. Memory: 159744K Free: 122034K (76%)
----------------- Invoking toplevel() on ptolemy.moml.MoMLSimpleApplication@23c70293
----------------- Done invoking toplevel() on ptolemy.moml.MoMLSimpleApplication@23c70293
reloadAllAccessors: .DelayLine

===========================================================================================
----------------- testing Wed Feb 05 15:03:47 UTC 2020 /home/travis/build/icyphy/ptII/ptolemy/domains/sdf/lib/test/auto/DotProduct.xml
----------------- Instantiating /home/travis/build/icyphy/ptII/ptolemy/domains/sdf/lib/test/auto/DotProduct.xml
8 ms. Memory: 159744K Free: 118223K (74%)
----------------- Invoking toplevel() on ptolemy.moml.MoMLSimpleApplication@777ee810
----------------- Done invoking toplevel() on ptolemy.moml.MoMLSimpleApplication@777ee810
reloadAllAccessors: .DotProduct

===========================================================================================
----------------- testing Wed Feb 05 15:03:47 UTC 2020 /home/travis/build/icyphy/ptII/ptolemy/domains/sdf/lib/test/auto/DotProductMatrix.xml
----------------- Instantiating /home/travis/build/icyphy/ptII/ptolemy/domains/sdf/lib/test/auto/DotProductMatrix.xml
5 ms. Memory: 159744K Free: 115497K (72%)
----------------- Invoking toplevel() on ptolemy.moml.MoMLSimpleApplication@70f83301
----------------- Done invoking toplevel() on ptolemy.moml.MoMLSimpleApplication@70f83301
reloadAllAccessors: .DotProductMatrix

===========================================================================================
----------------- testing Wed Feb 05 15:03:47 UTC 2020 /home/travis/build/icyphy/ptII/ptolemy/domains/sdf/lib/test/auto/DownSample1.xml
----------------- Instantiating /home/travis/build/icyphy/ptII/ptolemy/domains/sdf/lib/test/auto/DownSample1.xml
6 ms. Memory: 159744K Free: 112424K (70%)
----------------- Invoking toplevel() on ptolemy.moml.MoMLSimpleApplication@3e522ce5
----------------- Done invoking toplevel() on ptolemy.moml.MoMLSimpleApplication@3e522ce5
reloadAllAccessors: .DownSample1

===========================================================================================
----------------- testing Wed Feb 05 15:03:47 UTC 2020 /home/travis/build/icyphy/ptII/ptolemy/domains/sdf/lib/test/auto/DynamicRateChange.xml
----------------- Instantiating /home/travis/build/icyphy/ptII/ptolemy/domains/sdf/lib/test/auto/DynamicRateChange.xml
15 ms. Memory: 159744K Free: 106310K (67%)
----------------- Invoking toplevel() on ptolemy.moml.MoMLSimpleApplication@76549c80
----------------- Done invoking toplevel() on ptolemy.moml.MoMLSimpleApplication@76549c80
reloadAllAccessors: .DynamicRateChange

===========================================================================================
----------------- testing Wed Feb 05 15:03:47 UTC 2020 /home/travis/build/icyphy/ptII/ptolemy/domains/sdf/lib/test/auto/DynamicRates.xml
----------------- Instantiating /home/travis/build/icyphy/ptII/ptolemy/domains/sdf/lib/test/auto/DynamicRates.xml
9 ms. Memory: 159744K Free: 101554K (64%)
----------------- Invoking toplevel() on ptolemy.moml.MoMLSimpleApplication@1340f0d5
----------------- Done invoking toplevel() on ptolemy.moml.MoMLSimpleApplication@1340f0d5
reloadAllAccessors: .DynamicRates

===========================================================================================
----------------- testing Wed Feb 05 15:03:47 UTC 2020 /home/travis/build/icyphy/ptII/ptolemy/domains/sdf/lib/test/auto/FFT1.xml
----------------- Instantiating /home/travis/build/icyphy/ptII/ptolemy/domains/sdf/lib/test/auto/FFT1.xml
12 ms. Memory: 159744K Free: 96676K (61%)
----------------- Invoking toplevel() on ptolemy.moml.MoMLSimpleApplication@54f34ec1
----------------- Done invoking toplevel() on ptolemy.moml.MoMLSimpleApplication@54f34ec1
reloadAllAccessors: .FFT1

===========================================================================================
----------------- testing Wed Feb 05 15:03:47 UTC 2020 /home/travis/build/icyphy/ptII/ptolemy/domains/sdf/lib/test/auto/FIR1.xml
----------------- Instantiating /home/travis/build/icyphy/ptII/ptolemy/domains/sdf/lib/test/auto/FIR1.xml
33 ms. Memory: 159744K Free: 89926K (56%)
----------------- Invoking toplevel() on ptolemy.moml.MoMLSimpleApplication@578fc830
----------------- Done invoking toplevel() on ptolemy.moml.MoMLSimpleApplication@578fc830
reloadAllAccessors: .FIR1

===========================================================================================
----------------- testing Wed Feb 05 15:03:47 UTC 2020 /home/travis/build/icyphy/ptII/ptolemy/domains/sdf/lib/test/auto/FIR2.xml
----------------- Instantiating /home/travis/build/icyphy/ptII/ptolemy/domains/sdf/lib/test/auto/FIR2.xml
4 ms. Memory: 159744K Free: 140535K (88%)
----------------- Invoking toplevel() on ptolemy.moml.MoMLSimpleApplication@7e1671f2
----------------- Done invoking toplevel() on ptolemy.moml.MoMLSimpleApplication@7e1671f2
reloadAllAccessors: .FIR2

===========================================================================================
----------------- testing Wed Feb 05 15:03:47 UTC 2020 /home/travis/build/icyphy/ptII/ptolemy/domains/sdf/lib/test/auto/FIR4.xml
----------------- Instantiating /home/travis/build/icyphy/ptII/ptolemy/domains/sdf/lib/test/auto/FIR4.xml
13 ms. Memory: 159744K Free: 132848K (83%)
----------------- Invoking toplevel() on ptolemy.moml.MoMLSimpleApplication@9387d74
----------------- Done invoking toplevel() on ptolemy.moml.MoMLSimpleApplication@9387d74
reloadAllAccessors: .FIR4

===========================================================================================
----------------- testing Wed Feb 05 15:03:47 UTC 2020 /home/travis/build/icyphy/ptII/ptolemy/domains/sdf/lib/test/auto/FixJoin.xml
----------------- Instantiating /home/travis/build/icyphy/ptII/ptolemy/domains/sdf/lib/test/auto/FixJoin.xml
13 ms. Memory: 159744K Free: 128201K (80%)
----------------- Invoking toplevel() on ptolemy.moml.MoMLSimpleApplication@54b5cba8
----------------- Done invoking toplevel() on ptolemy.moml.MoMLSimpleApplication@54b5cba8
reloadAllAccessors: .FixJoin

===========================================================================================
----------------- testing Wed Feb 05 15:03:47 UTC 2020 /home/travis/build/icyphy/ptII/ptolemy/domains/sdf/lib/test/auto/IntJoin1.xml
----------------- Instantiating /home/travis/build/icyphy/ptII/ptolemy/domains/sdf/lib/test/auto/IntJoin1.xml
3 ms. Memory: 159744K Free: 123594K (77%)
----------------- Invoking toplevel() on ptolemy.moml.MoMLSimpleApplication@d56dc06
----------------- Done invoking toplevel() on ptolemy.moml.MoMLSimpleApplication@d56dc06
reloadAllAccessors: .IntJoin1

===========================================================================================
----------------- testing Wed Feb 05 15:03:47 UTC 2020 /home/travis/build/icyphy/ptII/ptolemy/domains/sdf/lib/test/auto/IntJoin2.xml
----------------- Instantiating /home/travis/build/icyphy/ptII/ptolemy/domains/sdf/lib/test/auto/IntJoin2.xml
6 ms. Memory: 159744K Free: 119514K (75%)
----------------- Invoking toplevel() on ptolemy.moml.MoMLSimpleApplication@69c264ab
----------------- Done invoking toplevel() on ptolemy.moml.MoMLSimpleApplication@69c264ab
reloadAllAccessors: .IntJoin2

===========================================================================================
----------------- testing Wed Feb 05 15:03:47 UTC 2020 /home/travis/build/icyphy/ptII/ptolemy/domains/sdf/lib/test/auto/IntJoin3.xml
----------------- Instantiating /home/travis/build/icyphy/ptII/ptolemy/domains/sdf/lib/test/auto/IntJoin3.xml
5 ms. Memory: 159744K Free: 114947K (72%)
----------------- Invoking toplevel() on ptolemy.moml.MoMLSimpleApplication@49ac9a60
----------------- Done invoking toplevel() on ptolemy.moml.MoMLSimpleApplication@49ac9a60
reloadAllAccessors: .IntJoin3

===========================================================================================
----------------- testing Wed Feb 05 15:03:47 UTC 2020 /home/travis/build/icyphy/ptII/ptolemy/domains/sdf/lib/test/auto/IntJoin4.xml
----------------- Instantiating /home/travis/build/icyphy/ptII/ptolemy/domains/sdf/lib/test/auto/IntJoin4.xml
3 ms. Memory: 159744K Free: 110851K (69%)
----------------- Invoking toplevel() on ptolemy.moml.MoMLSimpleApplication@593c19f1
----------------- Done invoking toplevel() on ptolemy.moml.MoMLSimpleApplication@593c19f1
reloadAllAccessors: .IntJoin4

===========================================================================================
----------------- testing Wed Feb 05 15:03:47 UTC 2020 /home/travis/build/icyphy/ptII/ptolemy/domains/sdf/lib/test/auto/IntJoin5.xml
----------------- Instantiating /home/travis/build/icyphy/ptII/ptolemy/domains/sdf/lib/test/auto/IntJoin5.xml
2 ms. Memory: 159744K Free: 106194K (66%)
----------------- Invoking toplevel() on ptolemy.moml.MoMLSimpleApplication@7415edca
----------------- Done invoking toplevel() on ptolemy.moml.MoMLSimpleApplication@7415edca
reloadAllAccessors: .IntJoin5

===========================================================================================
----------------- testing Wed Feb 05 15:03:47 UTC 2020 /home/travis/build/icyphy/ptII/ptolemy/domains/sdf/lib/test/auto/IntToBits.xml
----------------- Instantiating /home/travis/build/icyphy/ptII/ptolemy/domains/sdf/lib/test/auto/IntToBits.xml
3 ms. Memory: 159744K Free: 103659K (65%)
----------------- Invoking toplevel() on ptolemy.moml.MoMLSimpleApplication@6674b199
----------------- Done invoking toplevel() on ptolemy.moml.MoMLSimpleApplication@6674b199
reloadAllAccessors: .IntToBits

===========================================================================================
----------------- testing Wed Feb 05 15:03:47 UTC 2020 /home/travis/build/icyphy/ptII/ptolemy/domains/sdf/lib/test/auto/LMSAdaptive.xml
----------------- Instantiating /home/travis/build/icyphy/ptII/ptolemy/domains/sdf/lib/test/auto/LMSAdaptive.xml
15 ms. Memory: 159744K Free: 94946K (59%)
----------------- Invoking toplevel() on ptolemy.moml.MoMLSimpleApplication@1ed7e02b
----------------- Done invoking toplevel() on ptolemy.moml.MoMLSimpleApplication@1ed7e02b
reloadAllAccessors: .LMSAdaptive

===========================================================================================
----------------- testing Wed Feb 05 15:03:48 UTC 2020 /home/travis/build/icyphy/ptII/ptolemy/domains/sdf/lib/test/auto/LMSAdaptiveFIR.xml
----------------- Instantiating /home/travis/build/icyphy/ptII/ptolemy/domains/sdf/lib/test/auto/LMSAdaptiveFIR.xml
276 ms. Memory: 159744K Free: 130832K (82%)
----------------- Invoking toplevel() on ptolemy.moml.MoMLSimpleApplication@2b2e16e3
----------------- Done invoking toplevel() on ptolemy.moml.MoMLSimpleApplication@2b2e16e3
reloadAllAccessors: .LMSAdaptiveFIR

===========================================================================================
----------------- testing Wed Feb 05 15:03:48 UTC 2020 /home/travis/build/icyphy/ptII/ptolemy/domains/sdf/lib/test/auto/LMSAdaptiveFIR2.xml
----------------- Instantiating /home/travis/build/icyphy/ptII/ptolemy/domains/sdf/lib/test/auto/LMSAdaptiveFIR2.xml
420 ms. Memory: 159744K Free: 72186K (45%)
----------------- Invoking toplevel() on ptolemy.moml.MoMLSimpleApplication@2ec62d69
----------------- Done invoking toplevel() on ptolemy.moml.MoMLSimpleApplication@2ec62d69
reloadAllAccessors: .LMSAdaptiveFIR2

===========================================================================================
----------------- testing Wed Feb 05 15:03:48 UTC 2020 /home/travis/build/icyphy/ptII/ptolemy/domains/sdf/lib/test/auto/LongJoin.xml
----------------- Instantiating /home/travis/build/icyphy/ptII/ptolemy/domains/sdf/lib/test/auto/LongJoin.xml
4 ms. Memory: 159744K Free: 67576K (42%)
----------------- Invoking toplevel() on ptolemy.moml.MoMLSimpleApplication@26b91c79
----------------- Done invoking toplevel() on ptolemy.moml.MoMLSimpleApplication@26b91c79
reloadAllAccessors: .LongJoin

===========================================================================================
----------------- testing Wed Feb 05 15:03:48 UTC 2020 /home/travis/build/icyphy/ptII/ptolemy/domains/sdf/lib/test/auto/Matrix1.xml
----------------- Instantiating /home/travis/build/icyphy/ptII/ptolemy/domains/sdf/lib/test/auto/Matrix1.xml
3 ms. Memory: 159744K Free: 142413K (89%)
----------------- Invoking toplevel() on ptolemy.moml.MoMLSimpleApplication@66cbdcbe
----------------- Done invoking toplevel() on ptolemy.moml.MoMLSimpleApplication@66cbdcbe
reloadAllAccessors: .Matrix1

===========================================================================================
----------------- testing Wed Feb 05 15:03:49 UTC 2020 /home/travis/build/icyphy/ptII/ptolemy/domains/sdf/lib/test/auto/Matrix2.xml
----------------- Instantiating /home/travis/build/icyphy/ptII/ptolemy/domains/sdf/lib/test/auto/Matrix2.xml
4 ms. Memory: 159744K Free: 138317K (87%)
----------------- Invoking toplevel() on ptolemy.moml.MoMLSimpleApplication@3f1774b0
----------------- Done invoking toplevel() on ptolemy.moml.MoMLSimpleApplication@3f1774b0
reloadAllAccessors: .Matrix2

===========================================================================================
----------------- testing Wed Feb 05 15:03:49 UTC 2020 /home/travis/build/icyphy/ptII/ptolemy/domains/sdf/lib/test/auto/MatrixJoin1.xml
----------------- Instantiating /home/travis/build/icyphy/ptII/ptolemy/domains/sdf/lib/test/auto/MatrixJoin1.xml
2 ms. Memory: 159744K Free: 133707K (84%)
----------------- Invoking toplevel() on ptolemy.moml.MoMLSimpleApplication@3df86ebe
----------------- Done invoking toplevel() on ptolemy.moml.MoMLSimpleApplication@3df86ebe
reloadAllAccessors: .MatrixJoin1

===========================================================================================
----------------- testing Wed Feb 05 15:03:49 UTC 2020 /home/travis/build/icyphy/ptII/ptolemy/domains/sdf/lib/test/auto/MatrixJoin2.xml
----------------- Instantiating /home/travis/build/icyphy/ptII/ptolemy/domains/sdf/lib/test/auto/MatrixJoin2.xml
3 ms. Memory: 159744K Free: 129101K (81%)
----------------- Invoking toplevel() on ptolemy.moml.MoMLSimpleApplication@6964f3a0
----------------- Done invoking toplevel() on ptolemy.moml.MoMLSimpleApplication@6964f3a0
reloadAllAccessors: .MatrixJoin2

===========================================================================================
----------------- testing Wed Feb 05 15:03:49 UTC 2020 /home/travis/build/icyphy/ptII/ptolemy/domains/sdf/lib/test/auto/MatrixJoin3.xml
----------------- Instantiating /home/travis/build/icyphy/ptII/ptolemy/domains/sdf/lib/test/auto/MatrixJoin3.xml
5 ms. Memory: 159744K Free: 125005K (78%)
----------------- Invoking toplevel() on ptolemy.moml.MoMLSimpleApplication@662229b4
----------------- Done invoking toplevel() on ptolemy.moml.MoMLSimpleApplication@662229b4
reloadAllAccessors: .MatrixJoin3

===========================================================================================
----------------- testing Wed Feb 05 15:03:49 UTC 2020 /home/travis/build/icyphy/ptII/ptolemy/domains/sdf/lib/test/auto/MatrixJoin4.xml
----------------- Instantiating /home/travis/build/icyphy/ptII/ptolemy/domains/sdf/lib/test/auto/MatrixJoin4.xml
2 ms. Memory: 159744K Free: 120395K (75%)
----------------- Invoking toplevel() on ptolemy.moml.MoMLSimpleApplication@4728552
----------------- Done invoking toplevel() on ptolemy.moml.MoMLSimpleApplication@4728552
reloadAllAccessors: .MatrixJoin4

===========================================================================================
----------------- testing Wed Feb 05 15:03:49 UTC 2020 /home/travis/build/icyphy/ptII/ptolemy/domains/sdf/lib/test/auto/MatrixJoin5.xml
----------------- Instantiating /home/travis/build/icyphy/ptII/ptolemy/domains/sdf/lib/test/auto/MatrixJoin5.xml
2 ms. Memory: 159744K Free: 116299K (73%)
----------------- Invoking toplevel() on ptolemy.moml.MoMLSimpleApplication@12ef884f
----------------- Done invoking toplevel() on ptolemy.moml.MoMLSimpleApplication@12ef884f
reloadAllAccessors: .MatrixJoin5

===========================================================================================
----------------- testing Wed Feb 05 15:03:49 UTC 2020 /home/travis/build/icyphy/ptII/ptolemy/domains/sdf/lib/test/auto/MatrixSplit1.xml
----------------- Instantiating /home/travis/build/icyphy/ptII/ptolemy/domains/sdf/lib/test/auto/MatrixSplit1.xml
2 ms. Memory: 159744K Free: 111179K (70%)
----------------- Invoking toplevel() on ptolemy.moml.MoMLSimpleApplication@4070b336
----------------- Done invoking toplevel() on ptolemy.moml.MoMLSimpleApplication@4070b336
reloadAllAccessors: .MatrixSplit1

===========================================================================================
----------------- testing Wed Feb 05 15:03:49 UTC 2020 /home/travis/build/icyphy/ptII/ptolemy/domains/sdf/lib/test/auto/MatrixSplit10.xml
----------------- Instantiating /home/travis/build/icyphy/ptII/ptolemy/domains/sdf/lib/test/auto/MatrixSplit10.xml
3 ms. Memory: 159744K Free: 107597K (67%)
----------------- Invoking toplevel() on ptolemy.moml.MoMLSimpleApplication@5cb6b575
----------------- Done invoking toplevel() on ptolemy.moml.MoMLSimpleApplication@5cb6b575
reloadAllAccessors: .MatrixSplit10

===========================================================================================
----------------- testing Wed Feb 05 15:03:49 UTC 2020 /home/travis/build/icyphy/ptII/ptolemy/domains/sdf/lib/test/auto/MatrixSplit11.xml
----------------- Instantiating /home/travis/build/icyphy/ptII/ptolemy/domains/sdf/lib/test/auto/MatrixSplit11.xml
2 ms. Memory: 159744K Free: 104011K (65%)
----------------- Invoking toplevel() on ptolemy.moml.MoMLSimpleApplication@2c0d678f
----------------- Done invoking toplevel() on ptolemy.moml.MoMLSimpleApplication@2c0d678f
reloadAllAccessors: .MatrixSplit11

===========================================================================================
----------------- testing Wed Feb 05 15:03:49 UTC 2020 /home/travis/build/icyphy/ptII/ptolemy/domains/sdf/lib/test/auto/MatrixSplit12.xml
----------------- Instantiating /home/travis/build/icyphy/ptII/ptolemy/domains/sdf/lib/test/auto/MatrixSplit12.xml
3 ms. Memory: 159744K Free: 100429K (63%)
----------------- Invoking toplevel() on ptolemy.moml.MoMLSimpleApplication@5d02cbbd
----------------- Done invoking toplevel() on ptolemy.moml.MoMLSimpleApplication@5d02cbbd
reloadAllAccessors: .MatrixSplit12

===========================================================================================
----------------- testing Wed Feb 05 15:03:49 UTC 2020 /home/travis/build/icyphy/ptII/ptolemy/domains/sdf/lib/test/auto/MatrixSplit13.xml
----------------- Instantiating /home/travis/build/icyphy/ptII/ptolemy/domains/sdf/lib/test/auto/MatrixSplit13.xml
2 ms. Memory: 159744K Free: 96843K (61%)
----------------- Invoking toplevel() on ptolemy.moml.MoMLSimpleApplication@5cde204d
----------------- Done invoking toplevel() on ptolemy.moml.MoMLSimpleApplication@5cde204d
reloadAllAccessors: .MatrixSplit13

===========================================================================================
----------------- testing Wed Feb 05 15:03:49 UTC 2020 /home/travis/build/icyphy/ptII/ptolemy/domains/sdf/lib/test/auto/MatrixSplit14.xml
----------------- Instantiating /home/travis/build/icyphy/ptII/ptolemy/domains/sdf/lib/test/auto/MatrixSplit14.xml
2 ms. Memory: 159744K Free: 93261K (58%)
----------------- Invoking toplevel() on ptolemy.moml.MoMLSimpleApplication@232c2890
----------------- Done invoking toplevel() on ptolemy.moml.MoMLSimpleApplication@232c2890
reloadAllAccessors: .MatrixSplit14

===========================================================================================
----------------- testing Wed Feb 05 15:03:49 UTC 2020 /home/travis/build/icyphy/ptII/ptolemy/domains/sdf/lib/test/auto/MatrixSplit2.xml
----------------- Instantiating /home/travis/build/icyphy/ptII/ptolemy/domains/sdf/lib/test/auto/MatrixSplit2.xml
3 ms. Memory: 159744K Free: 89675K (56%)
----------------- Invoking toplevel() on ptolemy.moml.MoMLSimpleApplication@6d65a2c3
----------------- Done invoking toplevel() on ptolemy.moml.MoMLSimpleApplication@6d65a2c3
reloadAllAccessors: .MatrixSplit2

===========================================================================================
----------------- testing Wed Feb 05 15:03:49 UTC 2020 /home/travis/build/icyphy/ptII/ptolemy/domains/sdf/lib/test/auto/MatrixSplit3.xml
----------------- Instantiating /home/travis/build/icyphy/ptII/ptolemy/domains/sdf/lib/test/auto/MatrixSplit3.xml
2 ms. Memory: 159744K Free: 86093K (54%)
----------------- Invoking toplevel() on ptolemy.moml.MoMLSimpleApplication@21da96d9
----------------- Done invoking toplevel() on ptolemy.moml.MoMLSimpleApplication@21da96d9
reloadAllAccessors: .MatrixSplit3

===========================================================================================
----------------- testing Wed Feb 05 15:03:49 UTC 2020 /home/travis/build/icyphy/ptII/ptolemy/domains/sdf/lib/test/auto/MatrixSplit4.xml
----------------- Instantiating /home/travis/build/icyphy/ptII/ptolemy/domains/sdf/lib/test/auto/MatrixSplit4.xml
5 ms. Memory: 159744K Free: 82507K (52%)
----------------- Invoking toplevel() on ptolemy.moml.MoMLSimpleApplication@78cadc7e
----------------- Done invoking toplevel() on ptolemy.moml.MoMLSimpleApplication@78cadc7e
reloadAllAccessors: .MatrixSplit4

===========================================================================================
----------------- testing Wed Feb 05 15:03:49 UTC 2020 /home/travis/build/icyphy/ptII/ptolemy/domains/sdf/lib/test/auto/MatrixSplit5.xml
----------------- Instantiating /home/travis/build/icyphy/ptII/ptolemy/domains/sdf/lib/test/auto/MatrixSplit5.xml
9 ms. Memory: 159744K Free: 78925K (49%)
----------------- Invoking toplevel() on ptolemy.moml.MoMLSimpleApplication@45533ec8
----------------- Done invoking toplevel() on ptolemy.moml.MoMLSimpleApplication@45533ec8
reloadAllAccessors: .MatrixSplit5

===========================================================================================
----------------- testing Wed Feb 05 15:03:49 UTC 2020 /home/travis/build/icyphy/ptII/ptolemy/domains/sdf/lib/test/auto/MatrixSplit6.xml
----------------- Instantiating /home/travis/build/icyphy/ptII/ptolemy/domains/sdf/lib/test/auto/MatrixSplit6.xml
9 ms. Memory: 159744K Free: 75339K (47%)
----------------- Invoking toplevel() on ptolemy.moml.MoMLSimpleApplication@c434459
----------------- Done invoking toplevel() on ptolemy.moml.MoMLSimpleApplication@c434459
reloadAllAccessors: .MatrixSplit6

===========================================================================================
----------------- testing Wed Feb 05 15:03:49 UTC 2020 /home/travis/build/icyphy/ptII/ptolemy/domains/sdf/lib/test/auto/MatrixSplit7.xml
----------------- Instantiating /home/travis/build/icyphy/ptII/ptolemy/domains/sdf/lib/test/auto/MatrixSplit7.xml
1 ms. Memory: 159744K Free: 71757K (45%)
----------------- Invoking toplevel() on ptolemy.moml.MoMLSimpleApplication@1f1d76aa
----------------- Done invoking toplevel() on ptolemy.moml.MoMLSimpleApplication@1f1d76aa
reloadAllAccessors: .MatrixSplit7

===========================================================================================
----------------- testing Wed Feb 05 15:03:49 UTC 2020 /home/travis/build/icyphy/ptII/ptolemy/domains/sdf/lib/test/auto/MatrixSplit8.xml
----------------- Instantiating /home/travis/build/icyphy/ptII/ptolemy/domains/sdf/lib/test/auto/MatrixSplit8.xml
2 ms. Memory: 159744K Free: 68171K (43%)
----------------- Invoking toplevel() on ptolemy.moml.MoMLSimpleApplication@2cf98444
----------------- Done invoking toplevel() on ptolemy.moml.MoMLSimpleApplication@2cf98444
reloadAllAccessors: .MatrixSplit8

===========================================================================================
----------------- testing Wed Feb 05 15:03:49 UTC 2020 /home/travis/build/icyphy/ptII/ptolemy/domains/sdf/lib/test/auto/MatrixSplit9.xml
----------------- Instantiating /home/travis/build/icyphy/ptII/ptolemy/domains/sdf/lib/test/auto/MatrixSplit9.xml
3 ms. Memory: 159744K Free: 64589K (40%)
----------------- Invoking toplevel() on ptolemy.moml.MoMLSimpleApplication@1f0da6bd
----------------- Done invoking toplevel() on ptolemy.moml.MoMLSimpleApplication@1f0da6bd
reloadAllAccessors: .MatrixSplit9

===========================================================================================
----------------- testing Wed Feb 05 15:03:49 UTC 2020 /home/travis/build/icyphy/ptII/ptolemy/domains/sdf/lib/test/auto/MatrixToSequence.xml
----------------- Instantiating /home/travis/build/icyphy/ptII/ptolemy/domains/sdf/lib/test/auto/MatrixToSequence.xml
13 ms. Memory: 159744K Free: 137287K (86%)
----------------- Invoking toplevel() on ptolemy.moml.MoMLSimpleApplication@386925f0
----------------- Done invoking toplevel() on ptolemy.moml.MoMLSimpleApplication@386925f0
reloadAllAccessors: .MatrixToSequence

===========================================================================================
----------------- testing Wed Feb 05 15:03:49 UTC 2020 /home/travis/build/icyphy/ptII/ptolemy/domains/sdf/lib/test/auto/MaximumEntropySpectrum.xml
----------------- Instantiating /home/travis/build/icyphy/ptII/ptolemy/domains/sdf/lib/test/auto/MaximumEntropySpectrum.xml
13 ms. Memory: 159744K Free: 115783K (72%)
----------------- Invoking toplevel() on ptolemy.moml.MoMLSimpleApplication@7d85cf1d
----------------- Done invoking toplevel() on ptolemy.moml.MoMLSimpleApplication@7d85cf1d
reloadAllAccessors: .MaximumEntropySpectrum

===========================================================================================
----------------- testing Wed Feb 05 15:03:49 UTC 2020 /home/travis/build/icyphy/ptII/ptolemy/domains/sdf/lib/test/auto/SampleDelayConversion.xml
----------------- Instantiating /home/travis/build/icyphy/ptII/ptolemy/domains/sdf/lib/test/auto/SampleDelayConversion.xml
2 ms. Memory: 159744K Free: 112197K (70%)
----------------- Invoking toplevel() on ptolemy.moml.MoMLSimpleApplication@3744fcfb
----------------- Done invoking toplevel() on ptolemy.moml.MoMLSimpleApplication@3744fcfb
reloadAllAccessors: .SampleDelayConversion

===========================================================================================
----------------- testing Wed Feb 05 15:03:49 UTC 2020 /home/travis/build/icyphy/ptII/ptolemy/domains/sdf/lib/test/auto/SequenceToArray.xml
----------------- Instantiating /home/travis/build/icyphy/ptII/ptolemy/domains/sdf/lib/test/auto/SequenceToArray.xml
11 ms. Memory: 159744K Free: 100903K (63%)
----------------- Invoking toplevel() on ptolemy.moml.MoMLSimpleApplication@4cf26556
----------------- Done invoking toplevel() on ptolemy.moml.MoMLSimpleApplication@4cf26556
reloadAllAccessors: .SequenceToArray

===========================================================================================
----------------- testing Wed Feb 05 15:03:49 UTC 2020 /home/travis/build/icyphy/ptII/ptolemy/domains/sdf/lib/test/auto/SequenceToMatrix.xml
----------------- Instantiating /home/travis/build/icyphy/ptII/ptolemy/domains/sdf/lib/test/auto/SequenceToMatrix.xml
3997 ms. Memory: 192512K Free: 162364K (84%)
----------------- Invoking toplevel() on ptolemy.moml.MoMLSimpleApplication@5cf3b0e3
----------------- Done invoking toplevel() on ptolemy.moml.MoMLSimpleApplication@5cf3b0e3
reloadAllAccessors: .SequenceToMatrix

===========================================================================================
----------------- testing Wed Feb 05 15:03:53 UTC 2020 /home/travis/build/icyphy/ptII/ptolemy/domains/sdf/lib/test/auto/SmoothedPeriodogram.xml
----------------- Instantiating /home/travis/build/icyphy/ptII/ptolemy/domains/sdf/lib/test/auto/SmoothedPeriodogram.xml
17 ms. Memory: 192512K Free: 147004K (76%)
----------------- Invoking toplevel() on ptolemy.moml.MoMLSimpleApplication@6c898489
----------------- Done invoking toplevel() on ptolemy.moml.MoMLSimpleApplication@6c898489
reloadAllAccessors: .SmoothedPeriodogram

===========================================================================================
----------------- testing Wed Feb 05 15:03:53 UTC 2020 /home/travis/build/icyphy/ptII/ptolemy/domains/sdf/lib/test/auto/UpDownSample1.xml
----------------- Instantiating /home/travis/build/icyphy/ptII/ptolemy/domains/sdf/lib/test/auto/UpDownSample1.xml
7 ms. Memory: 192512K Free: 142908K (74%)
----------------- Invoking toplevel() on ptolemy.moml.MoMLSimpleApplication@7824a824
----------------- Done invoking toplevel() on ptolemy.moml.MoMLSimpleApplication@7824a824
reloadAllAccessors: .UpDownSample1

===========================================================================================
----------------- testing Wed Feb 05 15:03:53 UTC 2020 /home/travis/build/icyphy/ptII/ptolemy/domains/sdf/lib/test/auto/UpSample1.xml
----------------- Instantiating /home/travis/build/icyphy/ptII/ptolemy/domains/sdf/lib/test/auto/UpSample1.xml
2 ms. Memory: 192512K Free: 139326K (72%)
----------------- Invoking toplevel() on ptolemy.moml.MoMLSimpleApplication@78cbd43e
----------------- Done invoking toplevel() on ptolemy.moml.MoMLSimpleApplication@78cbd43e
reloadAllAccessors: .UpSample1

===========================================================================================
----------------- testing Wed Feb 05 15:03:53 UTC 2020 /home/travis/build/icyphy/ptII/ptolemy/domains/sdf/lib/test/auto/VariableFIR.xml
----------------- Instantiating /home/travis/build/icyphy/ptII/ptolemy/domains/sdf/lib/test/auto/VariableFIR.xml
5 ms. Memory: 192512K Free: 134206K (70%)
----------------- Invoking toplevel() on ptolemy.moml.MoMLSimpleApplication@6eb0f293
----------------- Done invoking toplevel() on ptolemy.moml.MoMLSimpleApplication@6eb0f293
reloadAllAccessors: .VariableFIR

===========================================================================================
----------------- testing Wed Feb 05 15:03:53 UTC 2020 /home/travis/build/icyphy/ptII/ptolemy/domains/sdf/lib/test/auto/VariableFIR2.xml
----------------- Instantiating /home/travis/build/icyphy/ptII/ptolemy/domains/sdf/lib/test/auto/VariableFIR2.xml
6 ms. Memory: 192512K Free: 129086K (67%)
----------------- Invoking toplevel() on ptolemy.moml.MoMLSimpleApplication@a7ce01b
----------------- Done invoking toplevel() on ptolemy.moml.MoMLSimpleApplication@a7ce01b
reloadAllAccessors: .VariableFIR2

===========================================================================================
----------------- testing Wed Feb 05 15:03:53 UTC 2020 /home/travis/build/icyphy/ptII/ptolemy/domains/sdf/lib/test/auto/VariableLattice.xml
----------------- Instantiating /home/travis/build/icyphy/ptII/ptolemy/domains/sdf/lib/test/auto/VariableLattice.xml
11 ms. Memory: 192512K Free: 122428K (64%)
----------------- Invoking toplevel() on ptolemy.moml.MoMLSimpleApplication@279665e9
----------------- Done invoking toplevel() on ptolemy.moml.MoMLSimpleApplication@279665e9
reloadAllAccessors: .VariableLattice

===========================================================================================
----------------- testing Wed Feb 05 15:03:54 UTC 2020 /home/travis/build/icyphy/ptII/ptolemy/domains/sdf/lib/test/auto/VariableLattice2.xml
----------------- Instantiating /home/travis/build/icyphy/ptII/ptolemy/domains/sdf/lib/test/auto/VariableLattice2.xml
1.0
-1.999999602036
1.9099998677481
-0.9099996420674
0.205
0.0
0.0
1.0
-0.25
-0.5
0.0
0.0
0.0
0.0
9 ms. Memory: 192512K Free: 117822K (61%)
----------------- Invoking toplevel() on ptolemy.moml.MoMLSimpleApplication@19d5303a
----------------- Done invoking toplevel() on ptolemy.moml.MoMLSimpleApplication@19d5303a
reloadAllAccessors: .VariableLattice2

===========================================================================================
----------------- testing Wed Feb 05 15:03:54 UTC 2020 /home/travis/build/icyphy/ptII/ptolemy/domains/sdf/lib/test/auto/VariableRecursiveLattice.xml
----------------- Instantiating /home/travis/build/icyphy/ptII/ptolemy/domains/sdf/lib/test/auto/VariableRecursiveLattice.xml
3 ms. Memory: 192512K Free: 113212K (59%)
----------------- Invoking toplevel() on ptolemy.moml.MoMLSimpleApplication@56523214
----------------- Done invoking toplevel() on ptolemy.moml.MoMLSimpleApplication@56523214
reloadAllAccessors: .VariableRecursiveLattice

===========================================================================================
----------------- testing Wed Feb 05 15:03:54 UTC 2020 /home/travis/build/icyphy/ptII/ptolemy/domains/sdf/lib/test/auto/VariableRecursiveLattice2.xml
----------------- Instantiating /home/travis/build/icyphy/ptII/ptolemy/domains/sdf/lib/test/auto/VariableRecursiveLattice2.xml
5 ms. Memory: 192512K Free: 109116K (57%)
----------------- Invoking toplevel() on ptolemy.moml.MoMLSimpleApplication@5a461513
----------------- Done invoking toplevel() on ptolemy.moml.MoMLSimpleApplication@5a461513
reloadAllAccessors: .VariableRecursiveLattice2
AutoTests.java: About to close Vertx.
AutoTests.java: Vertx closed.
]]></system-out>
  <system-err><![CDATA[]]></system-err>
</testsuite>
