<?xml version="1.0" encoding="UTF-8" ?>
<testsuite errors="0" failures="0" hostname="travis-job-4bd1c8c5-ed94-4d4e-b673-46ebd3fabda6" name="ptolemy.domains.continuous.test.junit.JUnitTclTest" skipped="0" tests="156" time="72.339" timestamp="2020-07-28T15:11:32">
  <properties>
[...]
</properties>
  <testcase classname="ptolemy.util.test.junit.TclTests" name="[0] ThereAreNoTclTests (RunTclFile)" time="0.017" />
  <testcase classname="ptolemy.util.test.junit.AutoKnownFailedTests" name="[0] ThereAreNoKnowFailedTests (RunModel)" time="0.003" />
  <testcase classname="ptolemy.util.test.junit.AutoNameArchTests" name="[0] ThereAreNoAutoArchTests (RunModel)" time="0.011" />
  <testcase classname="ptolemy.util.test.junit.AutoTests" name="[0] /home/travis/build/icyphy/ptII/ptolemy/domains/continuous/test/auto/BouncingBall.xml (RunModel)" time="3.408" />
  <testcase classname="ptolemy.util.test.junit.AutoTests" name="[1] /home/travis/build/icyphy/ptII/ptolemy/domains/continuous/test/auto/BouncingBallWithoutGR.xml (RunModel)" time="0.847" />
  <testcase classname="ptolemy.util.test.junit.AutoTests" name="[2] /home/travis/build/icyphy/ptII/ptolemy/domains/continuous/test/auto/Brownian.xml (RunModel)" time="0.112" />
  <testcase classname="ptolemy.util.test.junit.AutoTests" name="[3] /home/travis/build/icyphy/ptII/ptolemy/domains/continuous/test/auto/CarTracking.xml (RunModel)" time="4.378" />
  <testcase classname="ptolemy.util.test.junit.AutoTests" name="[4] /home/travis/build/icyphy/ptII/ptolemy/domains/continuous/test/auto/CartPendulum.xml (RunModel)" time="0.573" />
  <testcase classname="ptolemy.util.test.junit.AutoTests" name="[5] /home/travis/build/icyphy/ptII/ptolemy/domains/continuous/test/auto/CausalityInterface10.xml (RunModel)" time="0.058" />
  <testcase classname="ptolemy.util.test.junit.AutoTests" name="[6] /home/travis/build/icyphy/ptII/ptolemy/domains/continuous/test/auto/CausalityInterface11.xml (RunModel)" time="0.036" />
  <testcase classname="ptolemy.util.test.junit.AutoTests" name="[7] /home/travis/build/icyphy/ptII/ptolemy/domains/continuous/test/auto/CausalityInterface12.xml (RunModel)" time="0.037" />
  <testcase classname="ptolemy.util.test.junit.AutoTests" name="[8] /home/travis/build/icyphy/ptII/ptolemy/domains/continuous/test/auto/CausalityInterface13.xml (RunModel)" time="0.034" />
  <testcase classname="ptolemy.util.test.junit.AutoTests" name="[9] /home/travis/build/icyphy/ptII/ptolemy/domains/continuous/test/auto/CausalityInterface14.xml (RunModel)" time="0.079" />
  <testcase classname="ptolemy.util.test.junit.AutoTests" name="[10] /home/travis/build/icyphy/ptII/ptolemy/domains/continuous/test/auto/CausalityInterface4.xml (RunModel)" time="0.038" />
  <testcase classname="ptolemy.util.test.junit.AutoTests" name="[11] /home/travis/build/icyphy/ptII/ptolemy/domains/continuous/test/auto/CausalityInterface5.xml (RunModel)" time="0.041" />
  <testcase classname="ptolemy.util.test.junit.AutoTests" name="[12] /home/travis/build/icyphy/ptII/ptolemy/domains/continuous/test/auto/CausalityInterface6.xml (RunModel)" time="0.03" />
  <testcase classname="ptolemy.util.test.junit.AutoTests" name="[13] /home/travis/build/icyphy/ptII/ptolemy/domains/continuous/test/auto/CausalityInterface7.xml (RunModel)" time="0.042" />
  <testcase classname="ptolemy.util.test.junit.AutoTests" name="[14] /home/travis/build/icyphy/ptII/ptolemy/domains/continuous/test/auto/CausalityInterface8.xml (RunModel)" time="0.037" />
  <testcase classname="ptolemy.util.test.junit.AutoTests" name="[15] /home/travis/build/icyphy/ptII/ptolemy/domains/continuous/test/auto/CausalityInterface9.xml (RunModel)" time="0.046" />
  <testcase classname="ptolemy.util.test.junit.AutoTests" name="[16] /home/travis/build/icyphy/ptII/ptolemy/domains/continuous/test/auto/CausalityInterfaceFeedback1.xml (RunModel)" time="0.025" />
  <testcase classname="ptolemy.util.test.junit.AutoTests" name="[17] /home/travis/build/icyphy/ptII/ptolemy/domains/continuous/test/auto/CausalityInterfaceFeedback2.xml (RunModel)" time="0.027" />
  <testcase classname="ptolemy.util.test.junit.AutoTests" name="[18] /home/travis/build/icyphy/ptII/ptolemy/domains/continuous/test/auto/CompareWithCurrentTime.xml (RunModel)" time="0.018" />
  <testcase classname="ptolemy.util.test.junit.AutoTests" name="[19] /home/travis/build/icyphy/ptII/ptolemy/domains/continuous/test/auto/ComparedClocks.xml (RunModel)" time="0.067" />
  <testcase classname="ptolemy.util.test.junit.AutoTests" name="[20] /home/travis/build/icyphy/ptII/ptolemy/domains/continuous/test/auto/ContinuousAOCClone.xml (RunModel)" time="2.691" />
  <testcase classname="ptolemy.util.test.junit.AutoTests" name="[21] /home/travis/build/icyphy/ptII/ptolemy/domains/continuous/test/auto/ContinuousClock.xml (RunModel)" time="0.093" />
  <testcase classname="ptolemy.util.test.junit.AutoTests" name="[22] /home/travis/build/icyphy/ptII/ptolemy/domains/continuous/test/auto/ContinuousInContinuous.xml (RunModel)" time="0.098" />
  <testcase classname="ptolemy.util.test.junit.AutoTests" name="[23] /home/travis/build/icyphy/ptII/ptolemy/domains/continuous/test/auto/ContinuousInContinuousInContinuous.xml (RunModel)" time="0.028" />
  <testcase classname="ptolemy.util.test.junit.AutoTests" name="[24] /home/travis/build/icyphy/ptII/ptolemy/domains/continuous/test/auto/ContinuousInDE.xml (RunModel)" time="0.075" />
  <testcase classname="ptolemy.util.test.junit.AutoTests" name="[25] /home/travis/build/icyphy/ptII/ptolemy/domains/continuous/test/auto/ContinuousInDE2.xml (RunModel)" time="0.056" />
  <testcase classname="ptolemy.util.test.junit.AutoTests" name="[26] /home/travis/build/icyphy/ptII/ptolemy/domains/continuous/test/auto/ContinuousInDE3.xml (RunModel)" time="0.059" />
  <testcase classname="ptolemy.util.test.junit.AutoTests" name="[27] /home/travis/build/icyphy/ptII/ptolemy/domains/continuous/test/auto/ContinuousInDE4.xml (RunModel)" time="0.034" />
  <testcase classname="ptolemy.util.test.junit.AutoTests" name="[28] /home/travis/build/icyphy/ptII/ptolemy/domains/continuous/test/auto/ContinuousInDEDifferentRefinements.xml (RunModel)" time="0.118" />
  <testcase classname="ptolemy.util.test.junit.AutoTests" name="[29] /home/travis/build/icyphy/ptII/ptolemy/domains/continuous/test/auto/ContinuousInDEDifferentRefinementsPreemptive.xml (RunModel)" time="0.099" />
  <testcase classname="ptolemy.util.test.junit.AutoTests" name="[30] /home/travis/build/icyphy/ptII/ptolemy/domains/continuous/test/auto/ContinuousInDEInContinuous2.xml (RunModel)" time="0.071" />
  <testcase classname="ptolemy.util.test.junit.AutoTests" name="[31] /home/travis/build/icyphy/ptII/ptolemy/domains/continuous/test/auto/ContinuousInDEInContinuous3.xml (RunModel)" time="0.061" />
  <testcase classname="ptolemy.util.test.junit.AutoTests" name="[32] /home/travis/build/icyphy/ptII/ptolemy/domains/continuous/test/auto/ContinuousInDEInput.xml (RunModel)" time="0.038" />
  <testcase classname="ptolemy.util.test.junit.AutoTests" name="[33] /home/travis/build/icyphy/ptII/ptolemy/domains/continuous/test/auto/ContinuousInDEInput2.xml (RunModel)" time="0.037" />
  <testcase classname="ptolemy.util.test.junit.AutoTests" name="[34] /home/travis/build/icyphy/ptII/ptolemy/domains/continuous/test/auto/ContinuousInDEInput3.xml (RunModel)" time="0.03" />
  <testcase classname="ptolemy.util.test.junit.AutoTests" name="[35] /home/travis/build/icyphy/ptII/ptolemy/domains/continuous/test/auto/ContinuousInDESharingRefinement.xml (RunModel)" time="0.223" />
  <testcase classname="ptolemy.util.test.junit.AutoTests" name="[36] /home/travis/build/icyphy/ptII/ptolemy/domains/continuous/test/auto/ContinuousInDEwithNoPorts.xml (RunModel)" time="0.022" />
  <testcase classname="ptolemy.util.test.junit.AutoTests" name="[37] /home/travis/build/icyphy/ptII/ptolemy/domains/continuous/test/auto/ContinuousInsideDE.xml (RunModel)" time="0.083" />
  <testcase classname="ptolemy.util.test.junit.AutoTests" name="[38] /home/travis/build/icyphy/ptII/ptolemy/domains/continuous/test/auto/ContinuousMerge1.xml (RunModel)" time="0.018" />
  <testcase classname="ptolemy.util.test.junit.AutoTests" name="[39] /home/travis/build/icyphy/ptII/ptolemy/domains/continuous/test/auto/ContinuousMerge2.xml (RunModel)" time="0.048" />
  <testcase classname="ptolemy.util.test.junit.AutoTests" name="[40] /home/travis/build/icyphy/ptII/ptolemy/domains/continuous/test/auto/ContinuousMerge3.xml (RunModel)" time="0.067" />
  <testcase classname="ptolemy.util.test.junit.AutoTests" name="[41] /home/travis/build/icyphy/ptII/ptolemy/domains/continuous/test/auto/ContinuousWithinContinuous.xml (RunModel)" time="0.054" />
  <testcase classname="ptolemy.util.test.junit.AutoTests" name="[42] /home/travis/build/icyphy/ptII/ptolemy/domains/continuous/test/auto/ContinuousWithinContinuous2.xml (RunModel)" time="0.079" />
  <testcase classname="ptolemy.util.test.junit.AutoTests" name="[43] /home/travis/build/icyphy/ptII/ptolemy/domains/continuous/test/auto/ContinuousWithinContinuous3.xml (RunModel)" time="0.034" />
  <testcase classname="ptolemy.util.test.junit.AutoTests" name="[44] /home/travis/build/icyphy/ptII/ptolemy/domains/continuous/test/auto/ContinuousWithinContinuous4.xml (RunModel)" time="0.074" />
  <testcase classname="ptolemy.util.test.junit.AutoTests" name="[45] /home/travis/build/icyphy/ptII/ptolemy/domains/continuous/test/auto/ContinuousWithinContinuous5.xml (RunModel)" time="0.028" />
  <testcase classname="ptolemy.util.test.junit.AutoTests" name="[46] /home/travis/build/icyphy/ptII/ptolemy/domains/continuous/test/auto/ContinuousWithinContinuous6.xml (RunModel)" time="0.027" />
  <testcase classname="ptolemy.util.test.junit.AutoTests" name="[47] /home/travis/build/icyphy/ptII/ptolemy/domains/continuous/test/auto/ContinuousWithinContinuous7.xml (RunModel)" time="0.068" />
  <testcase classname="ptolemy.util.test.junit.AutoTests" name="[48] /home/travis/build/icyphy/ptII/ptolemy/domains/continuous/test/auto/DCMotor.xml (RunModel)" time="14.415" />
  <testcase classname="ptolemy.util.test.junit.AutoTests" name="[49] /home/travis/build/icyphy/ptII/ptolemy/domains/continuous/test/auto/DEInContinuous.xml (RunModel)" time="0.029" />
  <testcase classname="ptolemy.util.test.junit.AutoTests" name="[50] /home/travis/build/icyphy/ptII/ptolemy/domains/continuous/test/auto/DEinContinuous2.xml (RunModel)" time="0.037" />
  <testcase classname="ptolemy.util.test.junit.AutoTests" name="[51] /home/travis/build/icyphy/ptII/ptolemy/domains/continuous/test/auto/Derivative.xml (RunModel)" time="0.17" />
  <testcase classname="ptolemy.util.test.junit.AutoTests" name="[52] /home/travis/build/icyphy/ptII/ptolemy/domains/continuous/test/auto/Derivative1.xml (RunModel)" time="0.046" />
  <testcase classname="ptolemy.util.test.junit.AutoTests" name="[53] /home/travis/build/icyphy/ptII/ptolemy/domains/continuous/test/auto/DiscreteClock.xml (RunModel)" time="0.014" />
  <testcase classname="ptolemy.util.test.junit.AutoTests" name="[54] /home/travis/build/icyphy/ptII/ptolemy/domains/continuous/test/auto/EfficiencyCurve.xml (RunModel)" time="0.075" />
  <testcase classname="ptolemy.util.test.junit.AutoTests" name="[55] /home/travis/build/icyphy/ptII/ptolemy/domains/continuous/test/auto/ExponentialResponse.xml (RunModel)" time="0.095" />
  <testcase classname="ptolemy.util.test.junit.AutoTests" name="[56] /home/travis/build/icyphy/ptII/ptolemy/domains/continuous/test/auto/ExponentialResponseRK45.xml (RunModel)" time="0.034" />
  <testcase classname="ptolemy.util.test.junit.AutoTests" name="[57] /home/travis/build/icyphy/ptII/ptolemy/domains/continuous/test/auto/Friction.xml (RunModel)" time="1.494" />
  <testcase classname="ptolemy.util.test.junit.AutoTests" name="[58] /home/travis/build/icyphy/ptII/ptolemy/domains/continuous/test/auto/FurutaPendulum.xml (RunModel)" time="2.996" />
  <testcase classname="ptolemy.util.test.junit.AutoTests" name="[59] /home/travis/build/icyphy/ptII/ptolemy/domains/continuous/test/auto/HierarchicalExecution.xml (RunModel)" time="1.785" />
  <testcase classname="ptolemy.util.test.junit.AutoTests" name="[60] /home/travis/build/icyphy/ptII/ptolemy/domains/continuous/test/auto/HybridPlant.xml (RunModel)" time="0.541" />
  <testcase classname="ptolemy.util.test.junit.AutoTests" name="[61] /home/travis/build/icyphy/ptII/ptolemy/domains/continuous/test/auto/Hysteresis.xml (RunModel)" time="0.19" />
  <testcase classname="ptolemy.util.test.junit.AutoTests" name="[62] /home/travis/build/icyphy/ptII/ptolemy/domains/continuous/test/auto/HysteresisWithRandomDelay.xml (RunModel)" time="0.215" />
  <testcase classname="ptolemy.util.test.junit.AutoTests" name="[63] /home/travis/build/icyphy/ptII/ptolemy/domains/continuous/test/auto/HysteresisWithRandomLosses.xml (RunModel)" time="2.209" />
  <testcase classname="ptolemy.util.test.junit.AutoTests" name="[64] /home/travis/build/icyphy/ptII/ptolemy/domains/continuous/test/auto/ImmediateTransitions.xml (RunModel)" time="0.025" />
  <testcase classname="ptolemy.util.test.junit.AutoTests" name="[65] /home/travis/build/icyphy/ptII/ptolemy/domains/continuous/test/auto/ImpulseFeedback.xml (RunModel)" time="0.019" />
  <testcase classname="ptolemy.util.test.junit.AutoTests" name="[66] /home/travis/build/icyphy/ptII/ptolemy/domains/continuous/test/auto/ImpulseFeedback2.xml (RunModel)" time="0.014" />
  <testcase classname="ptolemy.util.test.junit.AutoTests" name="[67] /home/travis/build/icyphy/ptII/ptolemy/domains/continuous/test/auto/IncreasingRatePoisson.xml (RunModel)" time="0.677" />
  <testcase classname="ptolemy.util.test.junit.AutoTests" name="[68] /home/travis/build/icyphy/ptII/ptolemy/domains/continuous/test/auto/InitialStateFeedback.xml (RunModel)" time="0.018" />
  <testcase classname="ptolemy.util.test.junit.AutoTests" name="[69] /home/travis/build/icyphy/ptII/ptolemy/domains/continuous/test/auto/Integration.xml (RunModel)" time="0.008" />
  <testcase classname="ptolemy.util.test.junit.AutoTests" name="[70] /home/travis/build/icyphy/ptII/ptolemy/domains/continuous/test/auto/Integration2.xml (RunModel)" time="0.075" />
  <testcase classname="ptolemy.util.test.junit.AutoTests" name="[71] /home/travis/build/icyphy/ptII/ptolemy/domains/continuous/test/auto/Integration3.xml (RunModel)" time="0.013" />
  <testcase classname="ptolemy.util.test.junit.AutoTests" name="[72] /home/travis/build/icyphy/ptII/ptolemy/domains/continuous/test/auto/Integration5.xml (RunModel)" time="0.014" />
  <testcase classname="ptolemy.util.test.junit.AutoTests" name="[73] /home/travis/build/icyphy/ptII/ptolemy/domains/continuous/test/auto/IntegratorImpulse.xml (RunModel)" time="0.009" />
  <testcase classname="ptolemy.util.test.junit.AutoTests" name="[74] /home/travis/build/icyphy/ptII/ptolemy/domains/continuous/test/auto/IntegratorImpulse2.xml (RunModel)" time="0.011" />
  <testcase classname="ptolemy.util.test.junit.AutoTests" name="[75] /home/travis/build/icyphy/ptII/ptolemy/domains/continuous/test/auto/LevelCrossing1.xml (RunModel)" time="0.015" />
  <testcase classname="ptolemy.util.test.junit.AutoTests" name="[76] /home/travis/build/icyphy/ptII/ptolemy/domains/continuous/test/auto/LevelCrossing2.xml (RunModel)" time="0.015" />
  <testcase classname="ptolemy.util.test.junit.AutoTests" name="[77] /home/travis/build/icyphy/ptII/ptolemy/domains/continuous/test/auto/LevelCrossing3.xml (RunModel)" time="0.013" />
  <testcase classname="ptolemy.util.test.junit.AutoTests" name="[78] /home/travis/build/icyphy/ptII/ptolemy/domains/continuous/test/auto/LevelCrossing4.xml (RunModel)" time="0.013" />
  <testcase classname="ptolemy.util.test.junit.AutoTests" name="[79] /home/travis/build/icyphy/ptII/ptolemy/domains/continuous/test/auto/LevelCrossing5.xml (RunModel)" time="0.015" />
  <testcase classname="ptolemy.util.test.junit.AutoTests" name="[80] /home/travis/build/icyphy/ptII/ptolemy/domains/continuous/test/auto/LevelCrossing6.xml (RunModel)" time="0.014" />
  <testcase classname="ptolemy.util.test.junit.AutoTests" name="[81] /home/travis/build/icyphy/ptII/ptolemy/domains/continuous/test/auto/LevelCrossingDetector.xml (RunModel)" time="0.04" />
  <testcase classname="ptolemy.util.test.junit.AutoTests" name="[82] /home/travis/build/icyphy/ptII/ptolemy/domains/continuous/test/auto/LevelCrossingDetectorDetectingDirections.xml (RunModel)" time="0.087" />
  <testcase classname="ptolemy.util.test.junit.AutoTests" name="[83] /home/travis/build/icyphy/ptII/ptolemy/domains/continuous/test/auto/LevelCrossingDetectorDetectsGlitches.xml (RunModel)" time="0.066" />
  <testcase classname="ptolemy.util.test.junit.AutoTests" name="[84] /home/travis/build/icyphy/ptII/ptolemy/domains/continuous/test/auto/LevelCrossingNoInitialOuput.xml (RunModel)" time="0.019" />
  <testcase classname="ptolemy.util.test.junit.AutoTests" name="[85] /home/travis/build/icyphy/ptII/ptolemy/domains/continuous/test/auto/LinearStateSpaceExample.xml (RunModel)" time="0.086" />
  <testcase classname="ptolemy.util.test.junit.AutoTests" name="[86] /home/travis/build/icyphy/ptII/ptolemy/domains/continuous/test/auto/Lorenz.xml (RunModel)" time="3.49" />
  <testcase classname="ptolemy.util.test.junit.AutoTests" name="[87] /home/travis/build/icyphy/ptII/ptolemy/domains/continuous/test/auto/LorenzDifferentialSystem.xml (RunModel)" time="0.875" />
  <testcase classname="ptolemy.util.test.junit.AutoTests" name="[88] /home/travis/build/icyphy/ptII/ptolemy/domains/continuous/test/auto/LorenzDifferentialSystemWithInput.xml (RunModel)" time="1.157" />
  <testcase classname="ptolemy.util.test.junit.AutoTests" name="[89] /home/travis/build/icyphy/ptII/ptolemy/domains/continuous/test/auto/LorenzDifferentialSystemWithTime.xml (RunModel)" time="0.752" />
  <testcase classname="ptolemy.util.test.junit.AutoTests" name="[90] /home/travis/build/icyphy/ptII/ptolemy/domains/continuous/test/auto/Microsteps.xml (RunModel)" time="0.033" />
  <testcase classname="ptolemy.util.test.junit.AutoTests" name="[91] /home/travis/build/icyphy/ptII/ptolemy/domains/continuous/test/auto/Modal1.xml (RunModel)" time="0.033" />
  <testcase classname="ptolemy.util.test.junit.AutoTests" name="[92] /home/travis/build/icyphy/ptII/ptolemy/domains/continuous/test/auto/Modal2.xml (RunModel)" time="0.055" />
  <testcase classname="ptolemy.util.test.junit.AutoTests" name="[93] /home/travis/build/icyphy/ptII/ptolemy/domains/continuous/test/auto/ModalTransitionGuardWithReset.xml (RunModel)" time="0.025" />
  <testcase classname="ptolemy.util.test.junit.AutoTests" name="[94] /home/travis/build/icyphy/ptII/ptolemy/domains/continuous/test/auto/ModalTransitionGuardWithResetUsingPreemptiveTransition.xml (RunModel)" time="0.027" />
  <testcase classname="ptolemy.util.test.junit.AutoTests" name="[95] /home/travis/build/icyphy/ptII/ptolemy/domains/continuous/test/auto/ModalTransitionGuardWithResetUsingPreemptiveTransition2.xml (RunModel)" time="0.033" />
  <testcase classname="ptolemy.util.test.junit.AutoTests" name="[96] /home/travis/build/icyphy/ptII/ptolemy/domains/continuous/test/auto/ModalTransitionGuardWithResetUsingPreemptiveTransition3.xml (RunModel)" time="0.028" />
  <testcase classname="ptolemy.util.test.junit.AutoTests" name="[97] /home/travis/build/icyphy/ptII/ptolemy/domains/continuous/test/auto/NewtonsCradle.xml (RunModel)" time="0.715" />
  <testcase classname="ptolemy.util.test.junit.AutoTests" name="[98] /home/travis/build/icyphy/ptII/ptolemy/domains/continuous/test/auto/NewtonsCradleAnimated.xml (RunModel)" time="1.242" />
  <testcase classname="ptolemy.util.test.junit.AutoTests" name="[99] /home/travis/build/icyphy/ptII/ptolemy/domains/continuous/test/auto/NewtonsCradleComplicated.xml (RunModel)" time="0.883" />
  <testcase classname="ptolemy.util.test.junit.AutoTests" name="[100] /home/travis/build/icyphy/ptII/ptolemy/domains/continuous/test/auto/NewtonsCradleNondeterministic.xml (RunModel)" time="0.712" />
  <testcase classname="ptolemy.util.test.junit.AutoTests" name="[101] /home/travis/build/icyphy/ptII/ptolemy/domains/continuous/test/auto/NewtonsCradlePerfectlyInelastic1.xml (RunModel)" time="1.197" />
  <testcase classname="ptolemy.util.test.junit.AutoTests" name="[102] /home/travis/build/icyphy/ptII/ptolemy/domains/continuous/test/auto/Noise.xml (RunModel)" time="0.175" />
  <testcase classname="ptolemy.util.test.junit.AutoTests" name="[103] /home/travis/build/icyphy/ptII/ptolemy/domains/continuous/test/auto/NoiseSpectrum.xml (RunModel)" time="0.613" />
  <testcase classname="ptolemy.util.test.junit.AutoTests" name="[104] /home/travis/build/icyphy/ptII/ptolemy/domains/continuous/test/auto/ParameterizedNewtonsCradleAnimated.xml (RunModel)" time="0.381" />
  <testcase classname="ptolemy.util.test.junit.AutoTests" name="[105] /home/travis/build/icyphy/ptII/ptolemy/domains/continuous/test/auto/ParameterizedNewtonsCradleAnimatedNondeterministic.xml (RunModel)" time="1.109" />
  <testcase classname="ptolemy.util.test.junit.AutoTests" name="[106] /home/travis/build/icyphy/ptII/ptolemy/domains/continuous/test/auto/Pendulum3D.xml (RunModel)" time="0.152" />
  <testcase classname="ptolemy.util.test.junit.AutoTests" name="[107] /home/travis/build/icyphy/ptII/ptolemy/domains/continuous/test/auto/PeriodicSampler.xml (RunModel)" time="0.011" />
  <testcase classname="ptolemy.util.test.junit.AutoTests" name="[108] /home/travis/build/icyphy/ptII/ptolemy/domains/continuous/test/auto/PeriodicSampler1.xml (RunModel)" time="0.048" />
  <testcase classname="ptolemy.util.test.junit.AutoTests" name="[109] /home/travis/build/icyphy/ptII/ptolemy/domains/continuous/test/auto/PeriodicSampler2.xml (RunModel)" time="0.071" />
  <testcase classname="ptolemy.util.test.junit.AutoTests" name="[110] /home/travis/build/icyphy/ptII/ptolemy/domains/continuous/test/auto/Poisson.xml (RunModel)" time="0.473" />
  <testcase classname="ptolemy.util.test.junit.AutoTests" name="[111] /home/travis/build/icyphy/ptII/ptolemy/domains/continuous/test/auto/PoissonClock.xml (RunModel)" time="0.015" />
  <testcase classname="ptolemy.util.test.junit.AutoTests" name="[112] /home/travis/build/icyphy/ptII/ptolemy/domains/continuous/test/auto/PoissonClock2.xml (RunModel)" time="0.012" />
  <testcase classname="ptolemy.util.test.junit.AutoTests" name="[113] /home/travis/build/icyphy/ptII/ptolemy/domains/continuous/test/auto/PortParameterHierarchy.xml (RunModel)" time="0.023" />
  <testcase classname="ptolemy.util.test.junit.AutoTests" name="[114] /home/travis/build/icyphy/ptII/ptolemy/domains/continuous/test/auto/RandomHybridPlant.xml (RunModel)" time="0.514" />
  <testcase classname="ptolemy.util.test.junit.AutoTests" name="[115] /home/travis/build/icyphy/ptII/ptolemy/domains/continuous/test/auto/ResetTransitionWithStartTime1.xml (RunModel)" time="0.041" />
  <testcase classname="ptolemy.util.test.junit.AutoTests" name="[116] /home/travis/build/icyphy/ptII/ptolemy/domains/continuous/test/auto/ResetTransitionWithStartTime2.xml (RunModel)" time="0.038" />
  <testcase classname="ptolemy.util.test.junit.AutoTests" name="[117] /home/travis/build/icyphy/ptII/ptolemy/domains/continuous/test/auto/ResetTransitionWithStartTime3.xml (RunModel)" time="0.045" />
  <testcase classname="ptolemy.util.test.junit.AutoTests" name="[118] /home/travis/build/icyphy/ptII/ptolemy/domains/continuous/test/auto/ResetTransitionWithStartTime4.xml (RunModel)" time="0.026" />
  <testcase classname="ptolemy.util.test.junit.AutoTests" name="[119] /home/travis/build/icyphy/ptII/ptolemy/domains/continuous/test/auto/ResetTransitionWithStartTime5.xml (RunModel)" time="0.033" />
  <testcase classname="ptolemy.util.test.junit.AutoTests" name="[120] /home/travis/build/icyphy/ptII/ptolemy/domains/continuous/test/auto/ResetTransitionWithStartTime6.xml (RunModel)" time="0.031" />
  <testcase classname="ptolemy.util.test.junit.AutoTests" name="[121] /home/travis/build/icyphy/ptII/ptolemy/domains/continuous/test/auto/SRinContinuous.xml (RunModel)" time="0.024" />
  <testcase classname="ptolemy.util.test.junit.AutoTests" name="[122] /home/travis/build/icyphy/ptII/ptolemy/domains/continuous/test/auto/SampledClocks.xml (RunModel)" time="0.03" />
  <testcase classname="ptolemy.util.test.junit.AutoTests" name="[123] /home/travis/build/icyphy/ptII/ptolemy/domains/continuous/test/auto/Satellite.xml (RunModel)" time="0.703" />
  <testcase classname="ptolemy.util.test.junit.AutoTests" name="[124] /home/travis/build/icyphy/ptII/ptolemy/domains/continuous/test/auto/SigmaDelta.xml (RunModel)" time="1.957" />
  <testcase classname="ptolemy.util.test.junit.AutoTests" name="[125] /home/travis/build/icyphy/ptII/ptolemy/domains/continuous/test/auto/SingleRefinement.xml (RunModel)" time="0.53" />
  <testcase classname="ptolemy.util.test.junit.AutoTests" name="[126] /home/travis/build/icyphy/ptII/ptolemy/domains/continuous/test/auto/SinuBouncingBall.xml (RunModel)" time="0.855" />
  <testcase classname="ptolemy.util.test.junit.AutoTests" name="[127] /home/travis/build/icyphy/ptII/ptolemy/domains/continuous/test/auto/Sinusoid.xml (RunModel)" time="0.017" />
  <testcase classname="ptolemy.util.test.junit.AutoTests" name="[128] /home/travis/build/icyphy/ptII/ptolemy/domains/continuous/test/auto/SinusoidInNoise.xml (RunModel)" time="0.849" />
  <testcase classname="ptolemy.util.test.junit.AutoTests" name="[129] /home/travis/build/icyphy/ptII/ptolemy/domains/continuous/test/auto/SinusoidRK45.xml (RunModel)" time="0.015" />
  <testcase classname="ptolemy.util.test.junit.AutoTests" name="[130] /home/travis/build/icyphy/ptII/ptolemy/domains/continuous/test/auto/SinusoidWithMultipleImpulses.xml (RunModel)" time="0.012" />
  <testcase classname="ptolemy.util.test.junit.AutoTests" name="[131] /home/travis/build/icyphy/ptII/ptolemy/domains/continuous/test/auto/SquareWave.xml (RunModel)" time="0.146" />
  <testcase classname="ptolemy.util.test.junit.AutoTests" name="[132] /home/travis/build/icyphy/ptII/ptolemy/domains/continuous/test/auto/Starmac.xml (RunModel)" time="3.359" />
  <testcase classname="ptolemy.util.test.junit.AutoTests" name="[133] /home/travis/build/icyphy/ptII/ptolemy/domains/continuous/test/auto/StaticUnits.xml (RunModel)" time="2.279" />
  <testcase classname="ptolemy.util.test.junit.AutoTests" name="[134] /home/travis/build/icyphy/ptII/ptolemy/domains/continuous/test/auto/StickyMasses.xml (RunModel)" time="0.152" />
  <testcase classname="ptolemy.util.test.junit.AutoTests" name="[135] /home/travis/build/icyphy/ptII/ptolemy/domains/continuous/test/auto/StopTime.xml (RunModel)" time="0.06" />
  <testcase classname="ptolemy.util.test.junit.AutoTests" name="[136] /home/travis/build/icyphy/ptII/ptolemy/domains/continuous/test/auto/StopTime2.xml (RunModel)" time="0.059" />
  <testcase classname="ptolemy.util.test.junit.AutoTests" name="[137] /home/travis/build/icyphy/ptII/ptolemy/domains/continuous/test/auto/Switch.xml (RunModel)" time="0.066" />
  <testcase classname="ptolemy.util.test.junit.AutoTests" name="[138] /home/travis/build/icyphy/ptII/ptolemy/domains/continuous/test/auto/Thermostat.xml (RunModel)" time="0.206" />
  <testcase classname="ptolemy.util.test.junit.AutoTests" name="[139] /home/travis/build/icyphy/ptII/ptolemy/domains/continuous/test/auto/TimeDelay.xml (RunModel)" time="0.015" />
  <testcase classname="ptolemy.util.test.junit.AutoTests" name="[140] /home/travis/build/icyphy/ptII/ptolemy/domains/continuous/test/auto/TimeDelay2.xml (RunModel)" time="0.028" />
  <testcase classname="ptolemy.util.test.junit.AutoTests" name="[141] /home/travis/build/icyphy/ptII/ptolemy/domains/continuous/test/auto/TimeDelay3.xml (RunModel)" time="0.012" />
  <testcase classname="ptolemy.util.test.junit.AutoTests" name="[142] /home/travis/build/icyphy/ptII/ptolemy/domains/continuous/test/auto/TransferAbsentToInside.xml (RunModel)" time="0.101" />
  <testcase classname="ptolemy.util.test.junit.AutoTests" name="[143] /home/travis/build/icyphy/ptII/ptolemy/domains/continuous/test/auto/Transmission.xml (RunModel)" time="0.769" />
  <testcase classname="ptolemy.util.test.junit.AutoTests" name="[144] /home/travis/build/icyphy/ptII/ptolemy/domains/continuous/test/auto/TriggeredContinuousClock.xml (RunModel)" time="0.067" />
  <testcase classname="ptolemy.util.test.junit.AutoTests" name="[145] /home/travis/build/icyphy/ptII/ptolemy/domains/continuous/test/auto/TwoMachineInfiniteBusControl.xml (RunModel)" time="2.845" />
  <testcase classname="ptolemy.util.test.junit.AutoTests" name="[146] /home/travis/build/icyphy/ptII/ptolemy/domains/continuous/test/auto/V2V.xml (RunModel)" time="0.822" />
  <testcase classname="ptolemy.util.test.junit.AutoTests" name="[147] /home/travis/build/icyphy/ptII/ptolemy/domains/continuous/test/auto/hierarchicalModalModel.xml (RunModel)" time="0.028" />
  <testcase classname="ptolemy.util.test.junit.AutoTests" name="[148] /home/travis/build/icyphy/ptII/ptolemy/domains/continuous/test/auto/hierarchicalModalModel1.xml (RunModel)" time="0.044" />
  <testcase classname="ptolemy.util.test.junit.AutoTests" name="[149] /home/travis/build/icyphy/ptII/ptolemy/domains/continuous/test/auto/hierarchicalModalModel2.xml (RunModel)" time="0.024" />
  <testcase classname="ptolemy.util.test.junit.AutoTests" name="[150] /home/travis/build/icyphy/ptII/ptolemy/domains/continuous/test/auto/hierarchicalModalModel3.xml (RunModel)" time="0.023" />
  <testcase classname="ptolemy.util.test.junit.AutoTests" name="[151] /home/travis/build/icyphy/ptII/ptolemy/domains/continuous/test/auto/hierarchicalModalModel4.xml (RunModel)" time="0.023" />
  <testcase classname="ptolemy.util.test.junit.AutoTests" name="[152] /home/travis/build/icyphy/ptII/ptolemy/domains/continuous/test/auto/junk.xml (RunModel)" time="0.133" />
  <system-out><![CDATA[No tcl tests in /home/travis/build/icyphy/ptII/ptolemy/domains/continuous/test
No auto/knownFailedTests/*.xml tests in /home/travis/build/icyphy/ptII/ptolemy/domains/continuous/test
No auto/linux-amd64/*.xml tests in /home/travis/build/icyphy/ptII/ptolemy/domains/continuous/test
AutoTests.java: About to close Vertx.
AutoTests.java: Vertx closed.

===========================================================================================
----------------- testing Tue Jul 28 15:11:33 UTC 2020 /home/travis/build/icyphy/ptII/ptolemy/domains/continuous/test/auto/BouncingBall.xml
----------------- Instantiating /home/travis/build/icyphy/ptII/ptolemy/domains/continuous/test/auto/BouncingBall.xml
2654 ms. Memory: 194560K Free: 148133K (76%)
----------------- Invoking toplevel() on ptolemy.moml.MoMLSimpleApplication@f6f925b
----------------- Done invoking toplevel() on ptolemy.moml.MoMLSimpleApplication@f6f925b
reloadAllAccessors: .BouncingBall

===========================================================================================
----------------- testing Tue Jul 28 15:11:36 UTC 2020 /home/travis/build/icyphy/ptII/ptolemy/domains/continuous/test/auto/BouncingBallWithoutGR.xml
----------------- Instantiating /home/travis/build/icyphy/ptII/ptolemy/domains/continuous/test/auto/BouncingBallWithoutGR.xml
727 ms. Memory: 194560K Free: 83562K (43%)
----------------- Invoking toplevel() on ptolemy.moml.MoMLSimpleApplication@4705300a
----------------- Done invoking toplevel() on ptolemy.moml.MoMLSimpleApplication@4705300a
reloadAllAccessors: .BouncingBallWithoutGR

===========================================================================================
----------------- testing Tue Jul 28 15:11:37 UTC 2020 /home/travis/build/icyphy/ptII/ptolemy/domains/continuous/test/auto/Brownian.xml
----------------- Instantiating /home/travis/build/icyphy/ptII/ptolemy/domains/continuous/test/auto/Brownian.xml
35 ms. Memory: 194560K Free: 74856K (38%)
----------------- Invoking toplevel() on ptolemy.moml.MoMLSimpleApplication@2c7a7f29
----------------- Done invoking toplevel() on ptolemy.moml.MoMLSimpleApplication@2c7a7f29
reloadAllAccessors: .Brownian

===========================================================================================
----------------- testing Tue Jul 28 15:11:37 UTC 2020 /home/travis/build/icyphy/ptII/ptolemy/domains/continuous/test/auto/CarTracking.xml
----------------- Instantiating /home/travis/build/icyphy/ptII/ptolemy/domains/continuous/test/auto/CarTracking.xml
4049 ms. Memory: 233472K Free: 138466K (59%)
----------------- Invoking toplevel() on ptolemy.moml.MoMLSimpleApplication@4a76fb75
----------------- Done invoking toplevel() on ptolemy.moml.MoMLSimpleApplication@4a76fb75
reloadAllAccessors: .CarTracking

===========================================================================================
----------------- testing Tue Jul 28 15:11:42 UTC 2020 /home/travis/build/icyphy/ptII/ptolemy/domains/continuous/test/auto/CartPendulum.xml
----------------- Instantiating /home/travis/build/icyphy/ptII/ptolemy/domains/continuous/test/auto/CartPendulum.xml
427 ms. Memory: 233472K Free: 183372K (79%)
----------------- Invoking toplevel() on ptolemy.moml.MoMLSimpleApplication@106243c5
----------------- Done invoking toplevel() on ptolemy.moml.MoMLSimpleApplication@106243c5
reloadAllAccessors: .CartPendulum

===========================================================================================
----------------- testing Tue Jul 28 15:11:42 UTC 2020 /home/travis/build/icyphy/ptII/ptolemy/domains/continuous/test/auto/CausalityInterface10.xml
----------------- Instantiating /home/travis/build/icyphy/ptII/ptolemy/domains/continuous/test/auto/CausalityInterface10.xml
10 ms. Memory: 233472K Free: 172618K (74%)
----------------- Invoking toplevel() on ptolemy.moml.MoMLSimpleApplication@5b94fb8f
----------------- Done invoking toplevel() on ptolemy.moml.MoMLSimpleApplication@5b94fb8f
reloadAllAccessors: .CausalityInterface10

===========================================================================================
----------------- testing Tue Jul 28 15:11:42 UTC 2020 /home/travis/build/icyphy/ptII/ptolemy/domains/continuous/test/auto/CausalityInterface11.xml
----------------- Instantiating /home/travis/build/icyphy/ptII/ptolemy/domains/continuous/test/auto/CausalityInterface11.xml
8 ms. Memory: 233472K Free: 166460K (71%)
----------------- Invoking toplevel() on ptolemy.moml.MoMLSimpleApplication@3a14dbfc
----------------- Done invoking toplevel() on ptolemy.moml.MoMLSimpleApplication@3a14dbfc
reloadAllAccessors: .CausalityInterface11

===========================================================================================
----------------- testing Tue Jul 28 15:11:42 UTC 2020 /home/travis/build/icyphy/ptII/ptolemy/domains/continuous/test/auto/CausalityInterface12.xml
----------------- Instantiating /home/travis/build/icyphy/ptII/ptolemy/domains/continuous/test/auto/CausalityInterface12.xml
4 ms. Memory: 233472K Free: 160300K (69%)
----------------- Invoking toplevel() on ptolemy.moml.MoMLSimpleApplication@7686f41e
----------------- Done invoking toplevel() on ptolemy.moml.MoMLSimpleApplication@7686f41e
reloadAllAccessors: .CausalityInterface12

===========================================================================================
----------------- testing Tue Jul 28 15:11:42 UTC 2020 /home/travis/build/icyphy/ptII/ptolemy/domains/continuous/test/auto/CausalityInterface13.xml
----------------- Instantiating /home/travis/build/icyphy/ptII/ptolemy/domains/continuous/test/auto/CausalityInterface13.xml
4 ms. Memory: 233472K Free: 154172K (66%)
----------------- Invoking toplevel() on ptolemy.moml.MoMLSimpleApplication@541d41e7
----------------- Done invoking toplevel() on ptolemy.moml.MoMLSimpleApplication@541d41e7
reloadAllAccessors: .CausalityInterface13

===========================================================================================
----------------- testing Tue Jul 28 15:11:42 UTC 2020 /home/travis/build/icyphy/ptII/ptolemy/domains/continuous/test/auto/CausalityInterface14.xml
----------------- Instantiating /home/travis/build/icyphy/ptII/ptolemy/domains/continuous/test/auto/CausalityInterface14.xml
3 ms. Memory: 233472K Free: 148556K (64%)
----------------- Invoking toplevel() on ptolemy.moml.MoMLSimpleApplication@17574ac6
----------------- Done invoking toplevel() on ptolemy.moml.MoMLSimpleApplication@17574ac6
reloadAllAccessors: .CausalityInterface14

===========================================================================================
----------------- testing Tue Jul 28 15:11:42 UTC 2020 /home/travis/build/icyphy/ptII/ptolemy/domains/continuous/test/auto/CausalityInterface4.xml
----------------- Instantiating /home/travis/build/icyphy/ptII/ptolemy/domains/continuous/test/auto/CausalityInterface4.xml
7 ms. Memory: 233472K Free: 141388K (61%)
----------------- Invoking toplevel() on ptolemy.moml.MoMLSimpleApplication@551f46c1
----------------- Done invoking toplevel() on ptolemy.moml.MoMLSimpleApplication@551f46c1
reloadAllAccessors: .CausalityInterface4

===========================================================================================
----------------- testing Tue Jul 28 15:11:42 UTC 2020 /home/travis/build/icyphy/ptII/ptolemy/domains/continuous/test/auto/CausalityInterface5.xml
----------------- Instantiating /home/travis/build/icyphy/ptII/ptolemy/domains/continuous/test/auto/CausalityInterface5.xml
9 ms. Memory: 233472K Free: 133196K (57%)
----------------- Invoking toplevel() on ptolemy.moml.MoMLSimpleApplication@522a139f
----------------- Done invoking toplevel() on ptolemy.moml.MoMLSimpleApplication@522a139f
reloadAllAccessors: .CausalityInterface5

===========================================================================================
----------------- testing Tue Jul 28 15:11:43 UTC 2020 /home/travis/build/icyphy/ptII/ptolemy/domains/continuous/test/auto/CausalityInterface6.xml
----------------- Instantiating /home/travis/build/icyphy/ptII/ptolemy/domains/continuous/test/auto/CausalityInterface6.xml
7 ms. Memory: 233472K Free: 127548K (55%)
----------------- Invoking toplevel() on ptolemy.moml.MoMLSimpleApplication@340bf405
----------------- Done invoking toplevel() on ptolemy.moml.MoMLSimpleApplication@340bf405
reloadAllAccessors: .CausalityInterface6

===========================================================================================
----------------- testing Tue Jul 28 15:11:43 UTC 2020 /home/travis/build/icyphy/ptII/ptolemy/domains/continuous/test/auto/CausalityInterface7.xml
----------------- Instantiating /home/travis/build/icyphy/ptII/ptolemy/domains/continuous/test/auto/CausalityInterface7.xml
11 ms. Memory: 233472K Free: 119370K (51%)
----------------- Invoking toplevel() on ptolemy.moml.MoMLSimpleApplication@4e710a30
----------------- Done invoking toplevel() on ptolemy.moml.MoMLSimpleApplication@4e710a30
reloadAllAccessors: .CausalityInterface7

===========================================================================================
----------------- testing Tue Jul 28 15:11:43 UTC 2020 /home/travis/build/icyphy/ptII/ptolemy/domains/continuous/test/auto/CausalityInterface8.xml
----------------- Instantiating /home/travis/build/icyphy/ptII/ptolemy/domains/continuous/test/auto/CausalityInterface8.xml
5 ms. Memory: 233472K Free: 110154K (47%)
----------------- Invoking toplevel() on ptolemy.moml.MoMLSimpleApplication@7e4c2282
----------------- Done invoking toplevel() on ptolemy.moml.MoMLSimpleApplication@7e4c2282
reloadAllAccessors: .CausalityInterface8

===========================================================================================
----------------- testing Tue Jul 28 15:11:43 UTC 2020 /home/travis/build/icyphy/ptII/ptolemy/domains/continuous/test/auto/CausalityInterface9.xml
----------------- Instantiating /home/travis/build/icyphy/ptII/ptolemy/domains/continuous/test/auto/CausalityInterface9.xml
6 ms. Memory: 233472K Free: 99404K (43%)
----------------- Invoking toplevel() on ptolemy.moml.MoMLSimpleApplication@577b17ae
----------------- Done invoking toplevel() on ptolemy.moml.MoMLSimpleApplication@577b17ae
reloadAllAccessors: .CausalityInterface9

===========================================================================================
----------------- testing Tue Jul 28 15:11:43 UTC 2020 /home/travis/build/icyphy/ptII/ptolemy/domains/continuous/test/auto/CausalityInterfaceFeedback1.xml
----------------- Instantiating /home/travis/build/icyphy/ptII/ptolemy/domains/continuous/test/auto/CausalityInterfaceFeedback1.xml
3 ms. Memory: 233472K Free: 92732K (40%)
----------------- Invoking toplevel() on ptolemy.moml.MoMLSimpleApplication@69a0415f
----------------- Done invoking toplevel() on ptolemy.moml.MoMLSimpleApplication@69a0415f
reloadAllAccessors: .CausalityInterfaceFeedback1

===========================================================================================
----------------- testing Tue Jul 28 15:11:43 UTC 2020 /home/travis/build/icyphy/ptII/ptolemy/domains/continuous/test/auto/CausalityInterfaceFeedback2.xml
----------------- Instantiating /home/travis/build/icyphy/ptII/ptolemy/domains/continuous/test/auto/CausalityInterfaceFeedback2.xml
4 ms. Memory: 233472K Free: 86092K (37%)
----------------- Invoking toplevel() on ptolemy.moml.MoMLSimpleApplication@623d56a2
----------------- Done invoking toplevel() on ptolemy.moml.MoMLSimpleApplication@623d56a2
reloadAllAccessors: .CausalityInterfaceFeedback2

===========================================================================================
----------------- testing Tue Jul 28 15:11:43 UTC 2020 /home/travis/build/icyphy/ptII/ptolemy/domains/continuous/test/auto/CompareWithCurrentTime.xml
----------------- Instantiating /home/travis/build/icyphy/ptII/ptolemy/domains/continuous/test/auto/CompareWithCurrentTime.xml
5 ms. Memory: 233472K Free: 81996K (35%)
----------------- Invoking toplevel() on ptolemy.moml.MoMLSimpleApplication@55d9e9c4
----------------- Done invoking toplevel() on ptolemy.moml.MoMLSimpleApplication@55d9e9c4
reloadAllAccessors: .CompareWithCurrentTime

===========================================================================================
----------------- testing Tue Jul 28 15:11:43 UTC 2020 /home/travis/build/icyphy/ptII/ptolemy/domains/continuous/test/auto/ComparedClocks.xml
----------------- Instantiating /home/travis/build/icyphy/ptII/ptolemy/domains/continuous/test/auto/ComparedClocks.xml
7 ms. Memory: 233472K Free: 203216K (87%)
----------------- Invoking toplevel() on ptolemy.moml.MoMLSimpleApplication@75836c9e
----------------- Done invoking toplevel() on ptolemy.moml.MoMLSimpleApplication@75836c9e
reloadAllAccessors: .ComparedClocks

===========================================================================================
----------------- testing Tue Jul 28 15:11:43 UTC 2020 /home/travis/build/icyphy/ptII/ptolemy/domains/continuous/test/auto/ContinuousAOCClone.xml
----------------- Instantiating /home/travis/build/icyphy/ptII/ptolemy/domains/continuous/test/auto/ContinuousAOCClone.xml
2503 ms. Memory: 280576K Free: 201396K (72%)
----------------- Invoking toplevel() on ptolemy.moml.MoMLSimpleApplication@782156ce
----------------- Done invoking toplevel() on ptolemy.moml.MoMLSimpleApplication@782156ce
reloadAllAccessors: .ContinuousAOCClone

===========================================================================================
----------------- testing Tue Jul 28 15:11:46 UTC 2020 /home/travis/build/icyphy/ptII/ptolemy/domains/continuous/test/auto/ContinuousClock.xml
----------------- Instantiating /home/travis/build/icyphy/ptII/ptolemy/domains/continuous/test/auto/ContinuousClock.xml
34 ms. Memory: 280576K Free: 179378K (64%)
----------------- Invoking toplevel() on ptolemy.moml.MoMLSimpleApplication@3e2b0418
----------------- Done invoking toplevel() on ptolemy.moml.MoMLSimpleApplication@3e2b0418
reloadAllAccessors: .ContinuousClock

===========================================================================================
----------------- testing Tue Jul 28 15:11:46 UTC 2020 /home/travis/build/icyphy/ptII/ptolemy/domains/continuous/test/auto/ContinuousInContinuous.xml
----------------- Instantiating /home/travis/build/icyphy/ptII/ptolemy/domains/continuous/test/auto/ContinuousInContinuous.xml
46 ms. Memory: 280576K Free: 155826K (56%)
----------------- Invoking toplevel() on ptolemy.moml.MoMLSimpleApplication@43a1cda4
----------------- Done invoking toplevel() on ptolemy.moml.MoMLSimpleApplication@43a1cda4
reloadAllAccessors: .ContinuousInContinuous

===========================================================================================
----------------- testing Tue Jul 28 15:11:46 UTC 2020 /home/travis/build/icyphy/ptII/ptolemy/domains/continuous/test/auto/ContinuousInContinuousInContinuous.xml
----------------- Instantiating /home/travis/build/icyphy/ptII/ptolemy/domains/continuous/test/auto/ContinuousInContinuousInContinuous.xml
10 ms. Memory: 280576K Free: 148641K (53%)
----------------- Invoking toplevel() on ptolemy.moml.MoMLSimpleApplication@3c307b16
----------------- Done invoking toplevel() on ptolemy.moml.MoMLSimpleApplication@3c307b16
reloadAllAccessors: .ContinuousInContinuousInContinuous

===========================================================================================
----------------- testing Tue Jul 28 15:11:46 UTC 2020 /home/travis/build/icyphy/ptII/ptolemy/domains/continuous/test/auto/ContinuousInDE.xml
----------------- Instantiating /home/travis/build/icyphy/ptII/ptolemy/domains/continuous/test/auto/ContinuousInDE.xml
55 ms. Memory: 280576K Free: 137394K (49%)
----------------- Invoking toplevel() on ptolemy.moml.MoMLSimpleApplication@34d75b6a
----------------- Done invoking toplevel() on ptolemy.moml.MoMLSimpleApplication@34d75b6a
reloadAllAccessors: .ContinuousInDE

===========================================================================================
----------------- testing Tue Jul 28 15:11:46 UTC 2020 /home/travis/build/icyphy/ptII/ptolemy/domains/continuous/test/auto/ContinuousInDE2.xml
----------------- Instantiating /home/travis/build/icyphy/ptII/ptolemy/domains/continuous/test/auto/ContinuousInDE2.xml
37 ms. Memory: 280576K Free: 128178K (46%)
----------------- Invoking toplevel() on ptolemy.moml.MoMLSimpleApplication@79829a29
----------------- Done invoking toplevel() on ptolemy.moml.MoMLSimpleApplication@79829a29
reloadAllAccessors: .ContinuousInDE2

===========================================================================================
----------------- testing Tue Jul 28 15:11:46 UTC 2020 /home/travis/build/icyphy/ptII/ptolemy/domains/continuous/test/auto/ContinuousInDE3.xml
----------------- Instantiating /home/travis/build/icyphy/ptII/ptolemy/domains/continuous/test/auto/ContinuousInDE3.xml
38 ms. Memory: 280576K Free: 118452K (42%)
----------------- Invoking toplevel() on ptolemy.moml.MoMLSimpleApplication@3dd60c71
----------------- Done invoking toplevel() on ptolemy.moml.MoMLSimpleApplication@3dd60c71
reloadAllAccessors: .ContinuousInDE3

===========================================================================================
----------------- testing Tue Jul 28 15:11:46 UTC 2020 /home/travis/build/icyphy/ptII/ptolemy/domains/continuous/test/auto/ContinuousInDE4.xml
----------------- Instantiating /home/travis/build/icyphy/ptII/ptolemy/domains/continuous/test/auto/ContinuousInDE4.xml
13 ms. Memory: 280576K Free: 112308K (40%)
----------------- Invoking toplevel() on ptolemy.moml.MoMLSimpleApplication@1f1df2b6
----------------- Done invoking toplevel() on ptolemy.moml.MoMLSimpleApplication@1f1df2b6
reloadAllAccessors: .ContinuousInDE4

===========================================================================================
----------------- testing Tue Jul 28 15:11:46 UTC 2020 /home/travis/build/icyphy/ptII/ptolemy/domains/continuous/test/auto/ContinuousInDEDifferentRefinements.xml
----------------- Instantiating /home/travis/build/icyphy/ptII/ptolemy/domains/continuous/test/auto/ContinuousInDEDifferentRefinements.xml
61 ms. Memory: 280576K Free: 247454K (88%)
----------------- Invoking toplevel() on ptolemy.moml.MoMLSimpleApplication@785d4fe
----------------- Done invoking toplevel() on ptolemy.moml.MoMLSimpleApplication@785d4fe
reloadAllAccessors: .ContinuousInDEDifferentRefinements

===========================================================================================
----------------- testing Tue Jul 28 15:11:46 UTC 2020 /home/travis/build/icyphy/ptII/ptolemy/domains/continuous/test/auto/ContinuousInDEDifferentRefinementsPreemptive.xml
----------------- Instantiating /home/travis/build/icyphy/ptII/ptolemy/domains/continuous/test/auto/ContinuousInDEDifferentRefinementsPreemptive.xml
54 ms. Memory: 280576K Free: 216704K (77%)
----------------- Invoking toplevel() on ptolemy.moml.MoMLSimpleApplication@7357b22e
----------------- Done invoking toplevel() on ptolemy.moml.MoMLSimpleApplication@7357b22e
reloadAllAccessors: .ContinuousInDEDifferentRefinementsPreemptive

===========================================================================================
----------------- testing Tue Jul 28 15:11:46 UTC 2020 /home/travis/build/icyphy/ptII/ptolemy/domains/continuous/test/auto/ContinuousInDEInContinuous2.xml
----------------- Instantiating /home/travis/build/icyphy/ptII/ptolemy/domains/continuous/test/auto/ContinuousInDEInContinuous2.xml
39 ms. Memory: 280576K Free: 205470K (73%)
----------------- Invoking toplevel() on ptolemy.moml.MoMLSimpleApplication@2c0ad0f2
----------------- Done invoking toplevel() on ptolemy.moml.MoMLSimpleApplication@2c0ad0f2
reloadAllAccessors: .ContinuousInDEInContinuous2

===========================================================================================
----------------- testing Tue Jul 28 15:11:46 UTC 2020 /home/travis/build/icyphy/ptII/ptolemy/domains/continuous/test/auto/ContinuousInDEInContinuous3.xml
----------------- Instantiating /home/travis/build/icyphy/ptII/ptolemy/domains/continuous/test/auto/ContinuousInDEInContinuous3.xml
34 ms. Memory: 280576K Free: 193696K (69%)
----------------- Invoking toplevel() on ptolemy.moml.MoMLSimpleApplication@7c05811a
----------------- Done invoking toplevel() on ptolemy.moml.MoMLSimpleApplication@7c05811a
reloadAllAccessors: .ContinuousInDEInContinuous3

===========================================================================================
----------------- testing Tue Jul 28 15:11:46 UTC 2020 /home/travis/build/icyphy/ptII/ptolemy/domains/continuous/test/auto/ContinuousInDEInput.xml
----------------- Instantiating /home/travis/build/icyphy/ptII/ptolemy/domains/continuous/test/auto/ContinuousInDEInput.xml
16 ms. Memory: 280576K Free: 186528K (66%)
----------------- Invoking toplevel() on ptolemy.moml.MoMLSimpleApplication@41d6266e
----------------- Done invoking toplevel() on ptolemy.moml.MoMLSimpleApplication@41d6266e
reloadAllAccessors: .ContinuousInDEInput

===========================================================================================
----------------- testing Tue Jul 28 15:11:46 UTC 2020 /home/travis/build/icyphy/ptII/ptolemy/domains/continuous/test/auto/ContinuousInDEInput2.xml
----------------- Instantiating /home/travis/build/icyphy/ptII/ptolemy/domains/continuous/test/auto/ContinuousInDEInput2.xml
15 ms. Memory: 280576K Free: 178846K (64%)
----------------- Invoking toplevel() on ptolemy.moml.MoMLSimpleApplication@2399a0d
----------------- Done invoking toplevel() on ptolemy.moml.MoMLSimpleApplication@2399a0d
reloadAllAccessors: .ContinuousInDEInput2

===========================================================================================
----------------- testing Tue Jul 28 15:11:46 UTC 2020 /home/travis/build/icyphy/ptII/ptolemy/domains/continuous/test/auto/ContinuousInDEInput3.xml
----------------- Instantiating /home/travis/build/icyphy/ptII/ptolemy/domains/continuous/test/auto/ContinuousInDEInput3.xml
11 ms. Memory: 280576K Free: 171678K (61%)
----------------- Invoking toplevel() on ptolemy.moml.MoMLSimpleApplication@615f8a4d
----------------- Done invoking toplevel() on ptolemy.moml.MoMLSimpleApplication@615f8a4d
reloadAllAccessors: .ContinuousInDEInput3

===========================================================================================
----------------- testing Tue Jul 28 15:11:46 UTC 2020 /home/travis/build/icyphy/ptII/ptolemy/domains/continuous/test/auto/ContinuousInDESharingRefinement.xml
----------------- Instantiating /home/travis/build/icyphy/ptII/ptolemy/domains/continuous/test/auto/ContinuousInDESharingRefinement.xml
191 ms. Memory: 280576K Free: 244413K (87%)
----------------- Invoking toplevel() on ptolemy.moml.MoMLSimpleApplication@48fc85bc
----------------- Done invoking toplevel() on ptolemy.moml.MoMLSimpleApplication@48fc85bc
reloadAllAccessors: .ContinuousInDESharingRefinement

===========================================================================================
----------------- testing Tue Jul 28 15:11:47 UTC 2020 /home/travis/build/icyphy/ptII/ptolemy/domains/continuous/test/auto/ContinuousInDEwithNoPorts.xml
----------------- Instantiating /home/travis/build/icyphy/ptII/ptolemy/domains/continuous/test/auto/ContinuousInDEwithNoPorts.xml
5 ms. Memory: 280576K Free: 239807K (85%)
----------------- Invoking toplevel() on ptolemy.moml.MoMLSimpleApplication@4c50bb71
----------------- Done invoking toplevel() on ptolemy.moml.MoMLSimpleApplication@4c50bb71
reloadAllAccessors: .ContinuousInDEwithNoPorts

===========================================================================================
----------------- testing Tue Jul 28 15:11:47 UTC 2020 /home/travis/build/icyphy/ptII/ptolemy/domains/continuous/test/auto/ContinuousInsideDE.xml
----------------- Instantiating /home/travis/build/icyphy/ptII/ptolemy/domains/continuous/test/auto/ContinuousInsideDE.xml
33 ms. Memory: 280576K Free: 228543K (81%)
----------------- Invoking toplevel() on ptolemy.moml.MoMLSimpleApplication@513293c1
----------------- Done invoking toplevel() on ptolemy.moml.MoMLSimpleApplication@513293c1
reloadAllAccessors: .ContinuousInsideDE

===========================================================================================
----------------- testing Tue Jul 28 15:11:47 UTC 2020 /home/travis/build/icyphy/ptII/ptolemy/domains/continuous/test/auto/ContinuousMerge1.xml
----------------- Instantiating /home/travis/build/icyphy/ptII/ptolemy/domains/continuous/test/auto/ContinuousMerge1.xml
2 ms. Memory: 280576K Free: 223902K (80%)
----------------- Invoking toplevel() on ptolemy.moml.MoMLSimpleApplication@76c333f3
----------------- Done invoking toplevel() on ptolemy.moml.MoMLSimpleApplication@76c333f3
reloadAllAccessors: .ContinuousMerge1

===========================================================================================
----------------- testing Tue Jul 28 15:11:47 UTC 2020 /home/travis/build/icyphy/ptII/ptolemy/domains/continuous/test/auto/ContinuousMerge2.xml
----------------- Instantiating /home/travis/build/icyphy/ptII/ptolemy/domains/continuous/test/auto/ContinuousMerge2.xml
14 ms. Memory: 280576K Free: 213693K (76%)
----------------- Invoking toplevel() on ptolemy.moml.MoMLSimpleApplication@1fb2e8b8
----------------- Done invoking toplevel() on ptolemy.moml.MoMLSimpleApplication@1fb2e8b8
reloadAllAccessors: .ContinuousMerge2

===========================================================================================
----------------- testing Tue Jul 28 15:11:47 UTC 2020 /home/travis/build/icyphy/ptII/ptolemy/domains/continuous/test/auto/ContinuousMerge3.xml
----------------- Instantiating /home/travis/build/icyphy/ptII/ptolemy/domains/continuous/test/auto/ContinuousMerge3.xml
41 ms. Memory: 280576K Free: 202943K (72%)
----------------- Invoking toplevel() on ptolemy.moml.MoMLSimpleApplication@4e19274
----------------- Done invoking toplevel() on ptolemy.moml.MoMLSimpleApplication@4e19274
reloadAllAccessors: .ContinuousMerge3

===========================================================================================
----------------- testing Tue Jul 28 15:11:47 UTC 2020 /home/travis/build/icyphy/ptII/ptolemy/domains/continuous/test/auto/ContinuousWithinContinuous.xml
----------------- Instantiating /home/travis/build/icyphy/ptII/ptolemy/domains/continuous/test/auto/ContinuousWithinContinuous.xml
34 ms. Memory: 280576K Free: 193727K (69%)
----------------- Invoking toplevel() on ptolemy.moml.MoMLSimpleApplication@18c40bb1
----------------- Done invoking toplevel() on ptolemy.moml.MoMLSimpleApplication@18c40bb1
reloadAllAccessors: .ContinuousWithinContinuous

===========================================================================================
----------------- testing Tue Jul 28 15:11:47 UTC 2020 /home/travis/build/icyphy/ptII/ptolemy/domains/continuous/test/auto/ContinuousWithinContinuous2.xml
----------------- Instantiating /home/travis/build/icyphy/ptII/ptolemy/domains/continuous/test/auto/ContinuousWithinContinuous2.xml
62 ms. Memory: 280576K Free: 183487K (65%)
----------------- Invoking toplevel() on ptolemy.moml.MoMLSimpleApplication@7d4c7f7
----------------- Done invoking toplevel() on ptolemy.moml.MoMLSimpleApplication@7d4c7f7
reloadAllAccessors: .ContinuousWithinContinuous2

===========================================================================================
----------------- testing Tue Jul 28 15:11:47 UTC 2020 /home/travis/build/icyphy/ptII/ptolemy/domains/continuous/test/auto/ContinuousWithinContinuous3.xml
----------------- Instantiating /home/travis/build/icyphy/ptII/ptolemy/domains/continuous/test/auto/ContinuousWithinContinuous3.xml
13 ms. Memory: 280576K Free: 176829K (63%)
----------------- Invoking toplevel() on ptolemy.moml.MoMLSimpleApplication@7c32691a
----------------- Done invoking toplevel() on ptolemy.moml.MoMLSimpleApplication@7c32691a
reloadAllAccessors: .ContinuousWithinContinuous3

===========================================================================================
----------------- testing Tue Jul 28 15:11:47 UTC 2020 /home/travis/build/icyphy/ptII/ptolemy/domains/continuous/test/auto/ContinuousWithinContinuous4.xml
----------------- Instantiating /home/travis/build/icyphy/ptII/ptolemy/domains/continuous/test/auto/ContinuousWithinContinuous4.xml
62 ms. Memory: 280576K Free: 165055K (59%)
----------------- Invoking toplevel() on ptolemy.moml.MoMLSimpleApplication@769e55a1
----------------- Done invoking toplevel() on ptolemy.moml.MoMLSimpleApplication@769e55a1
reloadAllAccessors: .ContinuousWithinContinuous4

===========================================================================================
----------------- testing Tue Jul 28 15:11:47 UTC 2020 /home/travis/build/icyphy/ptII/ptolemy/domains/continuous/test/auto/ContinuousWithinContinuous5.xml
----------------- Instantiating /home/travis/build/icyphy/ptII/ptolemy/domains/continuous/test/auto/ContinuousWithinContinuous5.xml
11 ms. Memory: 280576K Free: 157373K (56%)
----------------- Invoking toplevel() on ptolemy.moml.MoMLSimpleApplication@1f8762e9
----------------- Done invoking toplevel() on ptolemy.moml.MoMLSimpleApplication@1f8762e9
reloadAllAccessors: .ContinuousWithinContinuous5

===========================================================================================
----------------- testing Tue Jul 28 15:11:47 UTC 2020 /home/travis/build/icyphy/ptII/ptolemy/domains/continuous/test/auto/ContinuousWithinContinuous6.xml
----------------- Instantiating /home/travis/build/icyphy/ptII/ptolemy/domains/continuous/test/auto/ContinuousWithinContinuous6.xml
10 ms. Memory: 280576K Free: 150205K (54%)
----------------- Invoking toplevel() on ptolemy.moml.MoMLSimpleApplication@6571378e
----------------- Done invoking toplevel() on ptolemy.moml.MoMLSimpleApplication@6571378e
reloadAllAccessors: .ContinuousWithinContinuous6

===========================================================================================
----------------- testing Tue Jul 28 15:11:47 UTC 2020 /home/travis/build/icyphy/ptII/ptolemy/domains/continuous/test/auto/ContinuousWithinContinuous7.xml
----------------- Instantiating /home/travis/build/icyphy/ptII/ptolemy/domains/continuous/test/auto/ContinuousWithinContinuous7.xml
54 ms. Memory: 280576K Free: 139455K (50%)
----------------- Invoking toplevel() on ptolemy.moml.MoMLSimpleApplication@6d04d76d
----------------- Done invoking toplevel() on ptolemy.moml.MoMLSimpleApplication@6d04d76d
reloadAllAccessors: .ContinuousWithinContinuous7

===========================================================================================
----------------- testing Tue Jul 28 15:11:47 UTC 2020 /home/travis/build/icyphy/ptII/ptolemy/domains/continuous/test/auto/DCMotor.xml
----------------- Instantiating /home/travis/build/icyphy/ptII/ptolemy/domains/continuous/test/auto/DCMotor.xml
14329 ms. Memory: 280576K Free: 259313K (92%)
----------------- Invoking toplevel() on ptolemy.moml.MoMLSimpleApplication@79c6294e
----------------- Done invoking toplevel() on ptolemy.moml.MoMLSimpleApplication@79c6294e
reloadAllAccessors: .DCMotor

===========================================================================================
----------------- testing Tue Jul 28 15:12:02 UTC 2020 /home/travis/build/icyphy/ptII/ptolemy/domains/continuous/test/auto/DEInContinuous.xml
----------------- Instantiating /home/travis/build/icyphy/ptII/ptolemy/domains/continuous/test/auto/DEInContinuous.xml
15 ms. Memory: 280576K Free: 253169K (90%)
----------------- Invoking toplevel() on ptolemy.moml.MoMLSimpleApplication@60d1dd44
----------------- Done invoking toplevel() on ptolemy.moml.MoMLSimpleApplication@60d1dd44
reloadAllAccessors: .DEInContinuous

===========================================================================================
----------------- testing Tue Jul 28 15:12:02 UTC 2020 /home/travis/build/icyphy/ptII/ptolemy/domains/continuous/test/auto/DEinContinuous2.xml
----------------- Instantiating /home/travis/build/icyphy/ptII/ptolemy/domains/continuous/test/auto/DEinContinuous2.xml
10 ms. Memory: 280576K Free: 245491K (87%)
----------------- Invoking toplevel() on ptolemy.moml.MoMLSimpleApplication@58f83964
----------------- Done invoking toplevel() on ptolemy.moml.MoMLSimpleApplication@58f83964
reloadAllAccessors: .DEinContinuous2

===========================================================================================
----------------- testing Tue Jul 28 15:12:02 UTC 2020 /home/travis/build/icyphy/ptII/ptolemy/domains/continuous/test/auto/Derivative.xml
----------------- Instantiating /home/travis/build/icyphy/ptII/ptolemy/domains/continuous/test/auto/Derivative.xml
119 ms. Memory: 280576K Free: 215795K (77%)
----------------- Invoking toplevel() on ptolemy.moml.MoMLSimpleApplication@49c19ec9
----------------- Done invoking toplevel() on ptolemy.moml.MoMLSimpleApplication@49c19ec9
reloadAllAccessors: .Derivative2

===========================================================================================
----------------- testing Tue Jul 28 15:12:02 UTC 2020 /home/travis/build/icyphy/ptII/ptolemy/domains/continuous/test/auto/Derivative1.xml
----------------- Instantiating /home/travis/build/icyphy/ptII/ptolemy/domains/continuous/test/auto/Derivative1.xml
15 ms. Memory: 280576K Free: 201459K (72%)
----------------- Invoking toplevel() on ptolemy.moml.MoMLSimpleApplication@11b117aa
----------------- Done invoking toplevel() on ptolemy.moml.MoMLSimpleApplication@11b117aa
reloadAllAccessors: .Derivative1

===========================================================================================
----------------- testing Tue Jul 28 15:12:02 UTC 2020 /home/travis/build/icyphy/ptII/ptolemy/domains/continuous/test/auto/DiscreteClock.xml
----------------- Instantiating /home/travis/build/icyphy/ptII/ptolemy/domains/continuous/test/auto/DiscreteClock.xml
4 ms. Memory: 280576K Free: 196339K (70%)
----------------- Invoking toplevel() on ptolemy.moml.MoMLSimpleApplication@5f869da7
----------------- Done invoking toplevel() on ptolemy.moml.MoMLSimpleApplication@5f869da7
reloadAllAccessors: .DiscreteClock

===========================================================================================
----------------- testing Tue Jul 28 15:12:02 UTC 2020 /home/travis/build/icyphy/ptII/ptolemy/domains/continuous/test/auto/EfficiencyCurve.xml
----------------- Instantiating /home/travis/build/icyphy/ptII/ptolemy/domains/continuous/test/auto/EfficiencyCurve.xml
33 ms. Memory: 280576K Free: 187123K (67%)
----------------- Invoking toplevel() on ptolemy.moml.MoMLSimpleApplication@1d77ab64
----------------- Done invoking toplevel() on ptolemy.moml.MoMLSimpleApplication@1d77ab64
reloadAllAccessors: .EfficiencyCurve

===========================================================================================
----------------- testing Tue Jul 28 15:12:02 UTC 2020 /home/travis/build/icyphy/ptII/ptolemy/domains/continuous/test/auto/ExponentialResponse.xml
----------------- Instantiating /home/travis/build/icyphy/ptII/ptolemy/domains/continuous/test/auto/ExponentialResponse.xml
87 ms. Memory: 280576K Free: 171763K (61%)
----------------- Invoking toplevel() on ptolemy.moml.MoMLSimpleApplication@727c20ef
----------------- Done invoking toplevel() on ptolemy.moml.MoMLSimpleApplication@727c20ef
reloadAllAccessors: .ExponentialResponse

===========================================================================================
----------------- testing Tue Jul 28 15:12:02 UTC 2020 /home/travis/build/icyphy/ptII/ptolemy/domains/continuous/test/auto/ExponentialResponseRK45.xml
----------------- Instantiating /home/travis/build/icyphy/ptII/ptolemy/domains/continuous/test/auto/ExponentialResponseRK45.xml
22 ms. Memory: 280576K Free: 165105K (59%)
----------------- Invoking toplevel() on ptolemy.moml.MoMLSimpleApplication@4a7335a3
----------------- Done invoking toplevel() on ptolemy.moml.MoMLSimpleApplication@4a7335a3
reloadAllAccessors: .ExponentialResponseRK45

===========================================================================================
----------------- testing Tue Jul 28 15:12:02 UTC 2020 /home/travis/build/icyphy/ptII/ptolemy/domains/continuous/test/auto/Friction.xml
----------------- Instantiating /home/travis/build/icyphy/ptII/ptolemy/domains/continuous/test/auto/Friction.xml
1374 ms. Memory: 280576K Free: 244252K (87%)
----------------- Invoking toplevel() on ptolemy.moml.MoMLSimpleApplication@5f3ed9a8
----------------- Done invoking toplevel() on ptolemy.moml.MoMLSimpleApplication@5f3ed9a8
reloadAllAccessors: .Friction

===========================================================================================
----------------- testing Tue Jul 28 15:12:04 UTC 2020 /home/travis/build/icyphy/ptII/ptolemy/domains/continuous/test/auto/FurutaPendulum.xml
----------------- Instantiating /home/travis/build/icyphy/ptII/ptolemy/domains/continuous/test/auto/FurutaPendulum.xml
2845 ms. Memory: 280576K Free: 249973K (89%)
----------------- Invoking toplevel() on ptolemy.moml.MoMLSimpleApplication@65dddf96
----------------- Done invoking toplevel() on ptolemy.moml.MoMLSimpleApplication@65dddf96
reloadAllAccessors: .FurutaPendulum

===========================================================================================
----------------- testing Tue Jul 28 15:12:07 UTC 2020 /home/travis/build/icyphy/ptII/ptolemy/domains/continuous/test/auto/HierarchicalExecution.xml
----------------- Instantiating /home/travis/build/icyphy/ptII/ptolemy/domains/continuous/test/auto/HierarchicalExecution.xml
1507 ms. Memory: 280576K Free: 131496K (47%)
----------------- Invoking toplevel() on ptolemy.moml.MoMLSimpleApplication@2c45307b
----------------- Done invoking toplevel() on ptolemy.moml.MoMLSimpleApplication@2c45307b
reloadAllAccessors: .HierarchicalExecution

===========================================================================================
----------------- testing Tue Jul 28 15:12:09 UTC 2020 /home/travis/build/icyphy/ptII/ptolemy/domains/continuous/test/auto/HybridPlant.xml
----------------- Instantiating /home/travis/build/icyphy/ptII/ptolemy/domains/continuous/test/auto/HybridPlant.xml
482 ms. Memory: 280576K Free: 200427K (71%)
----------------- Invoking toplevel() on ptolemy.moml.MoMLSimpleApplication@52727ff9
----------------- Done invoking toplevel() on ptolemy.moml.MoMLSimpleApplication@52727ff9
reloadAllAccessors: .HybridPlant

===========================================================================================
----------------- testing Tue Jul 28 15:12:09 UTC 2020 /home/travis/build/icyphy/ptII/ptolemy/domains/continuous/test/auto/Hysteresis.xml
----------------- Instantiating /home/travis/build/icyphy/ptII/ptolemy/domains/continuous/test/auto/Hysteresis.xml
138 ms. Memory: 280576K Free: 137963K (49%)
----------------- Invoking toplevel() on ptolemy.moml.MoMLSimpleApplication@a1bac4d
----------------- Done invoking toplevel() on ptolemy.moml.MoMLSimpleApplication@a1bac4d
reloadAllAccessors: .Hysteresis

===========================================================================================
----------------- testing Tue Jul 28 15:12:09 UTC 2020 /home/travis/build/icyphy/ptII/ptolemy/domains/continuous/test/auto/HysteresisWithRandomDelay.xml
----------------- Instantiating /home/travis/build/icyphy/ptII/ptolemy/domains/continuous/test/auto/HysteresisWithRandomDelay.xml
166 ms. Memory: 280576K Free: 232782K (83%)
----------------- Invoking toplevel() on ptolemy.moml.MoMLSimpleApplication@25969c1a
----------------- Done invoking toplevel() on ptolemy.moml.MoMLSimpleApplication@25969c1a
reloadAllAccessors: .HysteresisWithRandomDelay

===========================================================================================
----------------- testing Tue Jul 28 15:12:09 UTC 2020 /home/travis/build/icyphy/ptII/ptolemy/domains/continuous/test/auto/HysteresisWithRandomLosses.xml
----------------- Instantiating /home/travis/build/icyphy/ptII/ptolemy/domains/continuous/test/auto/HysteresisWithRandomLosses.xml
2139 ms. Memory: 280576K Free: 160678K (57%)
----------------- Invoking toplevel() on ptolemy.moml.MoMLSimpleApplication@39430bff
----------------- Done invoking toplevel() on ptolemy.moml.MoMLSimpleApplication@39430bff
reloadAllAccessors: .HysteresisWithRandomLosses

===========================================================================================
----------------- testing Tue Jul 28 15:12:12 UTC 2020 /home/travis/build/icyphy/ptII/ptolemy/domains/continuous/test/auto/ImmediateTransitions.xml
----------------- Instantiating /home/travis/build/icyphy/ptII/ptolemy/domains/continuous/test/auto/ImmediateTransitions.xml
10 ms. Memory: 280576K Free: 149928K (53%)
----------------- Invoking toplevel() on ptolemy.moml.MoMLSimpleApplication@392c1306
----------------- Done invoking toplevel() on ptolemy.moml.MoMLSimpleApplication@392c1306
reloadAllAccessors: .ImmediateTransitions

===========================================================================================
----------------- testing Tue Jul 28 15:12:12 UTC 2020 /home/travis/build/icyphy/ptII/ptolemy/domains/continuous/test/auto/ImpulseFeedback.xml
----------------- Instantiating /home/travis/build/icyphy/ptII/ptolemy/domains/continuous/test/auto/ImpulseFeedback.xml
6 ms. Memory: 280576K Free: 144294K (51%)
----------------- Invoking toplevel() on ptolemy.moml.MoMLSimpleApplication@19ca4b52
----------------- Done invoking toplevel() on ptolemy.moml.MoMLSimpleApplication@19ca4b52
reloadAllAccessors: .ImpulseFeedback

===========================================================================================
----------------- testing Tue Jul 28 15:12:12 UTC 2020 /home/travis/build/icyphy/ptII/ptolemy/domains/continuous/test/auto/ImpulseFeedback2.xml
----------------- Instantiating /home/travis/build/icyphy/ptII/ptolemy/domains/continuous/test/auto/ImpulseFeedback2.xml
4 ms. Memory: 280576K Free: 138664K (49%)
----------------- Invoking toplevel() on ptolemy.moml.MoMLSimpleApplication@179dcde0
----------------- Done invoking toplevel() on ptolemy.moml.MoMLSimpleApplication@179dcde0
reloadAllAccessors: .ImpulseFeedback2

===========================================================================================
----------------- testing Tue Jul 28 15:12:12 UTC 2020 /home/travis/build/icyphy/ptII/ptolemy/domains/continuous/test/auto/IncreasingRatePoisson.xml
----------------- Instantiating /home/travis/build/icyphy/ptII/ptolemy/domains/continuous/test/auto/IncreasingRatePoisson.xml
656 ms. Memory: 280576K Free: 163995K (58%)
----------------- Invoking toplevel() on ptolemy.moml.MoMLSimpleApplication@42823498
----------------- Done invoking toplevel() on ptolemy.moml.MoMLSimpleApplication@42823498
reloadAllAccessors: .IncreasingRatePoisson

===========================================================================================
----------------- testing Tue Jul 28 15:12:12 UTC 2020 /home/travis/build/icyphy/ptII/ptolemy/domains/continuous/test/auto/InitialStateFeedback.xml
----------------- Instantiating /home/travis/build/icyphy/ptII/ptolemy/domains/continuous/test/auto/InitialStateFeedback.xml
6 ms. Memory: 280576K Free: 159385K (57%)
----------------- Invoking toplevel() on ptolemy.moml.MoMLSimpleApplication@6c0dcfaf
----------------- Done invoking toplevel() on ptolemy.moml.MoMLSimpleApplication@6c0dcfaf
reloadAllAccessors: .InitialStateFeedback

===========================================================================================
----------------- testing Tue Jul 28 15:12:12 UTC 2020 /home/travis/build/icyphy/ptII/ptolemy/domains/continuous/test/auto/Integration.xml
----------------- Instantiating /home/travis/build/icyphy/ptII/ptolemy/domains/continuous/test/auto/Integration.xml
2 ms. Memory: 280576K Free: 155289K (55%)
----------------- Invoking toplevel() on ptolemy.moml.MoMLSimpleApplication@fdc4afb
----------------- Done invoking toplevel() on ptolemy.moml.MoMLSimpleApplication@fdc4afb
reloadAllAccessors: .Integration

===========================================================================================
----------------- testing Tue Jul 28 15:12:12 UTC 2020 /home/travis/build/icyphy/ptII/ptolemy/domains/continuous/test/auto/Integration2.xml
----------------- Instantiating /home/travis/build/icyphy/ptII/ptolemy/domains/continuous/test/auto/Integration2.xml
67 ms. Memory: 280576K Free: 140953K (50%)
----------------- Invoking toplevel() on ptolemy.moml.MoMLSimpleApplication@36395cf
----------------- Done invoking toplevel() on ptolemy.moml.MoMLSimpleApplication@36395cf
reloadAllAccessors: .Integration2

===========================================================================================
----------------- testing Tue Jul 28 15:12:13 UTC 2020 /home/travis/build/icyphy/ptII/ptolemy/domains/continuous/test/auto/Integration3.xml
----------------- Instantiating /home/travis/build/icyphy/ptII/ptolemy/domains/continuous/test/auto/Integration3.xml
2 ms. Memory: 280576K Free: 136347K (49%)
----------------- Invoking toplevel() on ptolemy.moml.MoMLSimpleApplication@6a628b5d
----------------- Done invoking toplevel() on ptolemy.moml.MoMLSimpleApplication@6a628b5d
reloadAllAccessors: .Integration3

===========================================================================================
----------------- testing Tue Jul 28 15:12:13 UTC 2020 /home/travis/build/icyphy/ptII/ptolemy/domains/continuous/test/auto/Integration5.xml
----------------- Instantiating /home/travis/build/icyphy/ptII/ptolemy/domains/continuous/test/auto/Integration5.xml
2 ms. Memory: 280576K Free: 132251K (47%)
----------------- Invoking toplevel() on ptolemy.moml.MoMLSimpleApplication@4fb905e
----------------- Done invoking toplevel() on ptolemy.moml.MoMLSimpleApplication@4fb905e
reloadAllAccessors: .Integration5

===========================================================================================
----------------- testing Tue Jul 28 15:12:13 UTC 2020 /home/travis/build/icyphy/ptII/ptolemy/domains/continuous/test/auto/IntegratorImpulse.xml
----------------- Instantiating /home/travis/build/icyphy/ptII/ptolemy/domains/continuous/test/auto/IntegratorImpulse.xml
3 ms. Memory: 280576K Free: 128155K (46%)
----------------- Invoking toplevel() on ptolemy.moml.MoMLSimpleApplication@63b8da50
----------------- Done invoking toplevel() on ptolemy.moml.MoMLSimpleApplication@63b8da50
reloadAllAccessors: .IntegratorImpulse

===========================================================================================
----------------- testing Tue Jul 28 15:12:13 UTC 2020 /home/travis/build/icyphy/ptII/ptolemy/domains/continuous/test/auto/IntegratorImpulse2.xml
----------------- Instantiating /home/travis/build/icyphy/ptII/ptolemy/domains/continuous/test/auto/IntegratorImpulse2.xml
3 ms. Memory: 280576K Free: 123515K (44%)
----------------- Invoking toplevel() on ptolemy.moml.MoMLSimpleApplication@120bd1bf
----------------- Done invoking toplevel() on ptolemy.moml.MoMLSimpleApplication@120bd1bf
reloadAllAccessors: .IntegratorImpulse2

===========================================================================================
----------------- testing Tue Jul 28 15:12:13 UTC 2020 /home/travis/build/icyphy/ptII/ptolemy/domains/continuous/test/auto/LevelCrossing1.xml
----------------- Instantiating /home/travis/build/icyphy/ptII/ptolemy/domains/continuous/test/auto/LevelCrossing1.xml
6 ms. Memory: 280576K Free: 118425K (42%)
----------------- Invoking toplevel() on ptolemy.moml.MoMLSimpleApplication@5f50abc0
----------------- Done invoking toplevel() on ptolemy.moml.MoMLSimpleApplication@5f50abc0
reloadAllAccessors: .LevelCrossing1

===========================================================================================
----------------- testing Tue Jul 28 15:12:13 UTC 2020 /home/travis/build/icyphy/ptII/ptolemy/domains/continuous/test/auto/LevelCrossing2.xml
----------------- Instantiating /home/travis/build/icyphy/ptII/ptolemy/domains/continuous/test/auto/LevelCrossing2.xml
2 ms. Memory: 280576K Free: 113305K (40%)
----------------- Invoking toplevel() on ptolemy.moml.MoMLSimpleApplication@73bfd0b5
----------------- Done invoking toplevel() on ptolemy.moml.MoMLSimpleApplication@73bfd0b5
reloadAllAccessors: .LevelCrossing2

===========================================================================================
----------------- testing Tue Jul 28 15:12:13 UTC 2020 /home/travis/build/icyphy/ptII/ptolemy/domains/continuous/test/auto/LevelCrossing3.xml
----------------- Instantiating /home/travis/build/icyphy/ptII/ptolemy/domains/continuous/test/auto/LevelCrossing3.xml
3 ms. Memory: 280576K Free: 108179K (39%)
----------------- Invoking toplevel() on ptolemy.moml.MoMLSimpleApplication@28e2c84a
----------------- Done invoking toplevel() on ptolemy.moml.MoMLSimpleApplication@28e2c84a
reloadAllAccessors: .LevelCrossing3

===========================================================================================
----------------- testing Tue Jul 28 15:12:13 UTC 2020 /home/travis/build/icyphy/ptII/ptolemy/domains/continuous/test/auto/LevelCrossing4.xml
----------------- Instantiating /home/travis/build/icyphy/ptII/ptolemy/domains/continuous/test/auto/LevelCrossing4.xml
3 ms. Memory: 280576K Free: 103065K (37%)
----------------- Invoking toplevel() on ptolemy.moml.MoMLSimpleApplication@cd3520d
----------------- Done invoking toplevel() on ptolemy.moml.MoMLSimpleApplication@cd3520d
reloadAllAccessors: .LevelCrossing4

===========================================================================================
----------------- testing Tue Jul 28 15:12:13 UTC 2020 /home/travis/build/icyphy/ptII/ptolemy/domains/continuous/test/auto/LevelCrossing5.xml
----------------- Instantiating /home/travis/build/icyphy/ptII/ptolemy/domains/continuous/test/auto/LevelCrossing5.xml
3 ms. Memory: 280576K Free: 97939K (35%)
----------------- Invoking toplevel() on ptolemy.moml.MoMLSimpleApplication@394e1bf
----------------- Done invoking toplevel() on ptolemy.moml.MoMLSimpleApplication@394e1bf
reloadAllAccessors: .LevelCrossing5

===========================================================================================
[...]
----------------- Instantiating /home/travis/build/icyphy/ptII/ptolemy/domains/continuous/test/auto/SRinContinuous.xml
7 ms. Memory: 336896K Free: 265890K (79%)
----------------- Invoking toplevel() on ptolemy.moml.MoMLSimpleApplication@150c65a1
----------------- Done invoking toplevel() on ptolemy.moml.MoMLSimpleApplication@150c65a1
reloadAllAccessors: .SRinContinuous

===========================================================================================
----------------- testing Tue Jul 28 15:12:28 UTC 2020 /home/travis/build/icyphy/ptII/ptolemy/domains/continuous/test/auto/SampledClocks.xml
----------------- Instantiating /home/travis/build/icyphy/ptII/ptolemy/domains/continuous/test/auto/SampledClocks.xml
5 ms. Memory: 336896K Free: 253088K (75%)
----------------- Invoking toplevel() on ptolemy.moml.MoMLSimpleApplication@29899dc
----------------- Done invoking toplevel() on ptolemy.moml.MoMLSimpleApplication@29899dc
reloadAllAccessors: .SampledClocks

===========================================================================================
----------------- testing Tue Jul 28 15:12:28 UTC 2020 /home/travis/build/icyphy/ptII/ptolemy/domains/continuous/test/auto/Satellite.xml
----------------- Instantiating /home/travis/build/icyphy/ptII/ptolemy/domains/continuous/test/auto/Satellite.xml
684 ms. Memory: 336896K Free: 262572K (78%)
----------------- Invoking toplevel() on ptolemy.moml.MoMLSimpleApplication@ec7b408
----------------- Done invoking toplevel() on ptolemy.moml.MoMLSimpleApplication@ec7b408
reloadAllAccessors: .Satellite

===========================================================================================
----------------- testing Tue Jul 28 15:12:29 UTC 2020 /home/travis/build/icyphy/ptII/ptolemy/domains/continuous/test/auto/SigmaDelta.xml
----------------- Instantiating /home/travis/build/icyphy/ptII/ptolemy/domains/continuous/test/auto/SigmaDelta.xml
1838 ms. Memory: 336896K Free: 201230K (60%)
----------------- Invoking toplevel() on ptolemy.moml.MoMLSimpleApplication@7f60ed27
----------------- Done invoking toplevel() on ptolemy.moml.MoMLSimpleApplication@7f60ed27
reloadAllAccessors: .SigmaDelta

===========================================================================================
----------------- testing Tue Jul 28 15:12:31 UTC 2020 /home/travis/build/icyphy/ptII/ptolemy/domains/continuous/test/auto/SingleRefinement.xml
----------------- Instantiating /home/travis/build/icyphy/ptII/ptolemy/domains/continuous/test/auto/SingleRefinement.xml
343 ms. Memory: 336896K Free: 219212K (65%)
----------------- Invoking toplevel() on ptolemy.moml.MoMLSimpleApplication@7f34485f
----------------- Done invoking toplevel() on ptolemy.moml.MoMLSimpleApplication@7f34485f
reloadAllAccessors: .SingleRefinement

===========================================================================================
----------------- testing Tue Jul 28 15:12:31 UTC 2020 /home/travis/build/icyphy/ptII/ptolemy/domains/continuous/test/auto/SinuBouncingBall.xml
----------------- Instantiating /home/travis/build/icyphy/ptII/ptolemy/domains/continuous/test/auto/SinuBouncingBall.xml
786 ms. Memory: 336896K Free: 206525K (61%)
----------------- Invoking toplevel() on ptolemy.moml.MoMLSimpleApplication@72af9dda
----------------- Done invoking toplevel() on ptolemy.moml.MoMLSimpleApplication@72af9dda
reloadAllAccessors: .SinuBouncingBall

===========================================================================================
----------------- testing Tue Jul 28 15:12:32 UTC 2020 /home/travis/build/icyphy/ptII/ptolemy/domains/continuous/test/auto/Sinusoid.xml
----------------- Instantiating /home/travis/build/icyphy/ptII/ptolemy/domains/continuous/test/auto/Sinusoid.xml
4 ms. Memory: 336896K Free: 201919K (60%)
----------------- Invoking toplevel() on ptolemy.moml.MoMLSimpleApplication@2e00ee47
----------------- Done invoking toplevel() on ptolemy.moml.MoMLSimpleApplication@2e00ee47
reloadAllAccessors: .Sinusoid

===========================================================================================
----------------- testing Tue Jul 28 15:12:32 UTC 2020 /home/travis/build/icyphy/ptII/ptolemy/domains/continuous/test/auto/SinusoidInNoise.xml
----------------- Instantiating /home/travis/build/icyphy/ptII/ptolemy/domains/continuous/test/auto/SinusoidInNoise.xml
807 ms. Memory: 336896K Free: 267328K (79%)
----------------- Invoking toplevel() on ptolemy.moml.MoMLSimpleApplication@26dbb1bf
----------------- Done invoking toplevel() on ptolemy.moml.MoMLSimpleApplication@26dbb1bf
reloadAllAccessors: .SinusoidInNoise

===========================================================================================
----------------- testing Tue Jul 28 15:12:33 UTC 2020 /home/travis/build/icyphy/ptII/ptolemy/domains/continuous/test/auto/SinusoidRK45.xml
----------------- Instantiating /home/travis/build/icyphy/ptII/ptolemy/domains/continuous/test/auto/SinusoidRK45.xml
2 ms. Memory: 336896K Free: 262704K (78%)
----------------- Invoking toplevel() on ptolemy.moml.MoMLSimpleApplication@7ba11827
----------------- Done invoking toplevel() on ptolemy.moml.MoMLSimpleApplication@7ba11827
reloadAllAccessors: .SinusoidRK45

===========================================================================================
----------------- testing Tue Jul 28 15:12:33 UTC 2020 /home/travis/build/icyphy/ptII/ptolemy/domains/continuous/test/auto/SinusoidWithMultipleImpulses.xml
----------------- Instantiating /home/travis/build/icyphy/ptII/ptolemy/domains/continuous/test/auto/SinusoidWithMultipleImpulses.xml
3 ms. Memory: 336896K Free: 258112K (77%)
----------------- Invoking toplevel() on ptolemy.moml.MoMLSimpleApplication@6a8a5120
----------------- Done invoking toplevel() on ptolemy.moml.MoMLSimpleApplication@6a8a5120
reloadAllAccessors: .SinusoidWithMultipleImpulses

===========================================================================================
----------------- testing Tue Jul 28 15:12:33 UTC 2020 /home/travis/build/icyphy/ptII/ptolemy/domains/continuous/test/auto/SquareWave.xml
----------------- Instantiating /home/travis/build/icyphy/ptII/ptolemy/domains/continuous/test/auto/SquareWave.xml
117 ms. Memory: 336896K Free: 230464K (68%)
----------------- Invoking toplevel() on ptolemy.moml.MoMLSimpleApplication@c02d23a
----------------- Done invoking toplevel() on ptolemy.moml.MoMLSimpleApplication@c02d23a
reloadAllAccessors: .SquareWave

===========================================================================================
----------------- testing Tue Jul 28 15:12:33 UTC 2020 /home/travis/build/icyphy/ptII/ptolemy/domains/continuous/test/auto/Starmac.xml
----------------- Instantiating /home/travis/build/icyphy/ptII/ptolemy/domains/continuous/test/auto/Starmac.xml
3050 ms. Memory: 336896K Free: 312885K (93%)
----------------- Invoking toplevel() on ptolemy.moml.MoMLSimpleApplication@66872389
----------------- Done invoking toplevel() on ptolemy.moml.MoMLSimpleApplication@66872389
reloadAllAccessors: .Starmac

===========================================================================================
----------------- testing Tue Jul 28 15:12:37 UTC 2020 /home/travis/build/icyphy/ptII/ptolemy/domains/continuous/test/auto/StaticUnits.xml
----------------- Instantiating /home/travis/build/icyphy/ptII/ptolemy/domains/continuous/test/auto/StaticUnits.xml
1623 ms. Memory: 336896K Free: 255522K (76%)
----------------- Invoking toplevel() on ptolemy.moml.MoMLSimpleApplication@47024c61
----------------- Done invoking toplevel() on ptolemy.moml.MoMLSimpleApplication@47024c61
reloadAllAccessors: .StaticUnits

===========================================================================================
----------------- testing Tue Jul 28 15:12:39 UTC 2020 /home/travis/build/icyphy/ptII/ptolemy/domains/continuous/test/auto/StickyMasses.xml
----------------- Instantiating /home/travis/build/icyphy/ptII/ptolemy/domains/continuous/test/auto/StickyMasses.xml
108 ms. Memory: 336896K Free: 205842K (61%)
----------------- Invoking toplevel() on ptolemy.moml.MoMLSimpleApplication@598b25aa
----------------- Done invoking toplevel() on ptolemy.moml.MoMLSimpleApplication@598b25aa
reloadAllAccessors: .StickyMasses

===========================================================================================
----------------- testing Tue Jul 28 15:12:39 UTC 2020 /home/travis/build/icyphy/ptII/ptolemy/domains/continuous/test/auto/StopTime.xml
----------------- Instantiating /home/travis/build/icyphy/ptII/ptolemy/domains/continuous/test/auto/StopTime.xml
39 ms. Memory: 336896K Free: 181248K (54%)
----------------- Invoking toplevel() on ptolemy.moml.MoMLSimpleApplication@72c9eaac
----------------- Done invoking toplevel() on ptolemy.moml.MoMLSimpleApplication@72c9eaac
reloadAllAccessors: .StopTime

===========================================================================================
----------------- testing Tue Jul 28 15:12:39 UTC 2020 /home/travis/build/icyphy/ptII/ptolemy/domains/continuous/test/auto/StopTime2.xml
----------------- Instantiating /home/travis/build/icyphy/ptII/ptolemy/domains/continuous/test/auto/StopTime2.xml
38 ms. Memory: 336896K Free: 159266K (47%)
----------------- Invoking toplevel() on ptolemy.moml.MoMLSimpleApplication@44e88250
----------------- Done invoking toplevel() on ptolemy.moml.MoMLSimpleApplication@44e88250
reloadAllAccessors: .StopTime2

===========================================================================================
----------------- testing Tue Jul 28 15:12:39 UTC 2020 /home/travis/build/icyphy/ptII/ptolemy/domains/continuous/test/auto/Switch.xml
----------------- Instantiating /home/travis/build/icyphy/ptII/ptolemy/domains/continuous/test/auto/Switch.xml
46 ms. Memory: 336896K Free: 134162K (40%)
----------------- Invoking toplevel() on ptolemy.moml.MoMLSimpleApplication@3c02bf37
----------------- Done invoking toplevel() on ptolemy.moml.MoMLSimpleApplication@3c02bf37
reloadAllAccessors: .Switch

===========================================================================================
----------------- testing Tue Jul 28 15:12:39 UTC 2020 /home/travis/build/icyphy/ptII/ptolemy/domains/continuous/test/auto/Thermostat.xml
----------------- Instantiating /home/travis/build/icyphy/ptII/ptolemy/domains/continuous/test/auto/Thermostat.xml
180 ms. Memory: 336896K Free: 258891K (77%)
----------------- Invoking toplevel() on ptolemy.moml.MoMLSimpleApplication@4f3885bc
----------------- Done invoking toplevel() on ptolemy.moml.MoMLSimpleApplication@4f3885bc
reloadAllAccessors: .Thermostat

===========================================================================================
----------------- testing Tue Jul 28 15:12:40 UTC 2020 /home/travis/build/icyphy/ptII/ptolemy/domains/continuous/test/auto/TimeDelay.xml
----------------- Instantiating /home/travis/build/icyphy/ptII/ptolemy/domains/continuous/test/auto/TimeDelay.xml
5 ms. Memory: 336896K Free: 253906K (75%)
----------------- Invoking toplevel() on ptolemy.moml.MoMLSimpleApplication@2997f606
----------------- Done invoking toplevel() on ptolemy.moml.MoMLSimpleApplication@2997f606
reloadAllAccessors: .TimeDelay

===========================================================================================
----------------- testing Tue Jul 28 15:12:40 UTC 2020 /home/travis/build/icyphy/ptII/ptolemy/domains/continuous/test/auto/TimeDelay2.xml
----------------- Instantiating /home/travis/build/icyphy/ptII/ptolemy/domains/continuous/test/auto/TimeDelay2.xml
10 ms. Memory: 336896K Free: 243681K (72%)
----------------- Invoking toplevel() on ptolemy.moml.MoMLSimpleApplication@4f1cc370
----------------- Done invoking toplevel() on ptolemy.moml.MoMLSimpleApplication@4f1cc370
reloadAllAccessors: .TimeDelay2

===========================================================================================
----------------- testing Tue Jul 28 15:12:40 UTC 2020 /home/travis/build/icyphy/ptII/ptolemy/domains/continuous/test/auto/TimeDelay3.xml
----------------- Instantiating /home/travis/build/icyphy/ptII/ptolemy/domains/continuous/test/auto/TimeDelay3.xml
5 ms. Memory: 336896K Free: 239073K (71%)
----------------- Invoking toplevel() on ptolemy.moml.MoMLSimpleApplication@38d44f78
----------------- Done invoking toplevel() on ptolemy.moml.MoMLSimpleApplication@38d44f78
reloadAllAccessors: .TimeDelay3

===========================================================================================
----------------- testing Tue Jul 28 15:12:40 UTC 2020 /home/travis/build/icyphy/ptII/ptolemy/domains/continuous/test/auto/TransferAbsentToInside.xml
----------------- Instantiating /home/travis/build/icyphy/ptII/ptolemy/domains/continuous/test/auto/TransferAbsentToInside.xml
27 ms. Memory: 336896K Free: 185827K (55%)
----------------- Invoking toplevel() on ptolemy.moml.MoMLSimpleApplication@4c1e6a10
----------------- Done invoking toplevel() on ptolemy.moml.MoMLSimpleApplication@4c1e6a10
reloadAllAccessors: .TransferAbsentToInside

===========================================================================================
----------------- testing Tue Jul 28 15:12:40 UTC 2020 /home/travis/build/icyphy/ptII/ptolemy/domains/continuous/test/auto/Transmission.xml
----------------- Instantiating /home/travis/build/icyphy/ptII/ptolemy/domains/continuous/test/auto/Transmission.xml
740 ms. Memory: 336896K Free: 150990K (45%)
----------------- Invoking toplevel() on ptolemy.moml.MoMLSimpleApplication@5e62c4a8
----------------- Done invoking toplevel() on ptolemy.moml.MoMLSimpleApplication@5e62c4a8
reloadAllAccessors: .Transmission

===========================================================================================
----------------- testing Tue Jul 28 15:12:40 UTC 2020 /home/travis/build/icyphy/ptII/ptolemy/domains/continuous/test/auto/TriggeredContinuousClock.xml
----------------- Instantiating /home/travis/build/icyphy/ptII/ptolemy/domains/continuous/test/auto/TriggeredContinuousClock.xml
36 ms. Memory: 336896K Free: 121278K (36%)
----------------- Invoking toplevel() on ptolemy.moml.MoMLSimpleApplication@5c7db3b4
----------------- Done invoking toplevel() on ptolemy.moml.MoMLSimpleApplication@5c7db3b4
reloadAllAccessors: .TriggeredContinuousClock

===========================================================================================
----------------- testing Tue Jul 28 15:12:41 UTC 2020 /home/travis/build/icyphy/ptII/ptolemy/domains/continuous/test/auto/TwoMachineInfiniteBusControl.xml
----------------- Instantiating /home/travis/build/icyphy/ptII/ptolemy/domains/continuous/test/auto/TwoMachineInfiniteBusControl.xml
2706 ms. Memory: 336896K Free: 138156K (41%)
----------------- Invoking toplevel() on ptolemy.moml.MoMLSimpleApplication@691aacb8
----------------- Done invoking toplevel() on ptolemy.moml.MoMLSimpleApplication@691aacb8
reloadAllAccessors: .TwoMachineInfiniteBusControl

===========================================================================================
----------------- testing Tue Jul 28 15:12:43 UTC 2020 /home/travis/build/icyphy/ptII/ptolemy/domains/continuous/test/auto/V2V.xml
----------------- Instantiating /home/travis/build/icyphy/ptII/ptolemy/domains/continuous/test/auto/V2V.xml
737 ms. Memory: 336896K Free: 146320K (43%)
----------------- Invoking toplevel() on ptolemy.moml.MoMLSimpleApplication@49eb73aa
----------------- Done invoking toplevel() on ptolemy.moml.MoMLSimpleApplication@49eb73aa
reloadAllAccessors: .V2V

===========================================================================================
----------------- testing Tue Jul 28 15:12:44 UTC 2020 /home/travis/build/icyphy/ptII/ptolemy/domains/continuous/test/auto/hierarchicalModalModel.xml
----------------- Instantiating /home/travis/build/icyphy/ptII/ptolemy/domains/continuous/test/auto/hierarchicalModalModel.xml
8 ms. Memory: 336896K Free: 132000K (39%)
----------------- Invoking toplevel() on ptolemy.moml.MoMLSimpleApplication@3ee0f027
----------------- Done invoking toplevel() on ptolemy.moml.MoMLSimpleApplication@3ee0f027
reloadAllAccessors: .hierarchicalModalModel

===========================================================================================
----------------- testing Tue Jul 28 15:12:44 UTC 2020 /home/travis/build/icyphy/ptII/ptolemy/domains/continuous/test/auto/hierarchicalModalModel1.xml
----------------- Instantiating /home/travis/build/icyphy/ptII/ptolemy/domains/continuous/test/auto/hierarchicalModalModel1.xml
25 ms. Memory: 336896K Free: 313470K (93%)
----------------- Invoking toplevel() on ptolemy.moml.MoMLSimpleApplication@18ceee75
----------------- Done invoking toplevel() on ptolemy.moml.MoMLSimpleApplication@18ceee75
reloadAllAccessors: .hierarchicalModalModel1

===========================================================================================
----------------- testing Tue Jul 28 15:12:44 UTC 2020 /home/travis/build/icyphy/ptII/ptolemy/domains/continuous/test/auto/hierarchicalModalModel2.xml
----------------- Instantiating /home/travis/build/icyphy/ptII/ptolemy/domains/continuous/test/auto/hierarchicalModalModel2.xml
6 ms. Memory: 336896K Free: 300933K (89%)
----------------- Invoking toplevel() on ptolemy.moml.MoMLSimpleApplication@3a1d9134
----------------- Done invoking toplevel() on ptolemy.moml.MoMLSimpleApplication@3a1d9134
reloadAllAccessors: .hierarchicalModalModel2

===========================================================================================
----------------- testing Tue Jul 28 15:12:44 UTC 2020 /home/travis/build/icyphy/ptII/ptolemy/domains/continuous/test/auto/hierarchicalModalModel3.xml
----------------- Instantiating /home/travis/build/icyphy/ptII/ptolemy/domains/continuous/test/auto/hierarchicalModalModel3.xml
6 ms. Memory: 336896K Free: 290198K (86%)
----------------- Invoking toplevel() on ptolemy.moml.MoMLSimpleApplication@72932ced
----------------- Done invoking toplevel() on ptolemy.moml.MoMLSimpleApplication@72932ced
reloadAllAccessors: .hierarchicalModalModel3

===========================================================================================
----------------- testing Tue Jul 28 15:12:44 UTC 2020 /home/travis/build/icyphy/ptII/ptolemy/domains/continuous/test/auto/hierarchicalModalModel4.xml
----------------- Instantiating /home/travis/build/icyphy/ptII/ptolemy/domains/continuous/test/auto/hierarchicalModalModel4.xml
4 ms. Memory: 336896K Free: 278420K (83%)
----------------- Invoking toplevel() on ptolemy.moml.MoMLSimpleApplication@356981e9
----------------- Done invoking toplevel() on ptolemy.moml.MoMLSimpleApplication@356981e9
reloadAllAccessors: .hierarchicalModalModel4

===========================================================================================
----------------- testing Tue Jul 28 15:12:44 UTC 2020 /home/travis/build/icyphy/ptII/ptolemy/domains/continuous/test/auto/junk.xml
----------------- Instantiating /home/travis/build/icyphy/ptII/ptolemy/domains/continuous/test/auto/junk.xml
113 ms. Memory: 336896K Free: 250772K (74%)
----------------- Invoking toplevel() on ptolemy.moml.MoMLSimpleApplication@3045db56
----------------- Done invoking toplevel() on ptolemy.moml.MoMLSimpleApplication@3045db56
reloadAllAccessors: .junk
AutoTests.java: About to close Vertx.
AutoTests.java: Vertx closed.
]]></system-out>
  <system-err><![CDATA[Warning: '.HysteresisWithRandomDelay.NonStrictTest' The test produced only 221 tokens, yet the correctValues parameter was expecting 222 tokens.
Warning: '.HysteresisWithRandomDelay.NonStrictTest2' The test produced only 220 tokens, yet the correctValues parameter was expecting 221 tokens.
Warning: '.IncreasingRatePoisson.NonStrictTest' The test produced only 396 tokens, yet the correctValues parameter was expecting 402 tokens.
Warning: '.Poisson.NonStrictTest' The test produced only 423 tokens, yet the correctValues parameter was expecting 430 tokens.
]]></system-err>
</testsuite>
