<?xml version="1.0" encoding="UTF-8" ?>
<testsuite errors="1" failures="2" hostname="travis-job-f64cfd27-2216-412b-80a0-92ad6d548574" name="ptolemy.configs.test.junit.JUnitTclTest" skipped="0" tests="9" time="935.855" timestamp="2020-02-07T07:26:55">
  <properties>
[...]
</properties>
  <testcase classname="ptolemy.util.test.junit.TclTests" name="[0] /home/travis/build/icyphy/ptII/ptolemy/configs/test/allConfigs.tcl (RunTclFile)" time="605.129">
    <error message="Evaluating the Tcl file &quot;/home/travis/build/icyphy/ptII/ptolemy/configs/test/allConfigs.tcl&quot;resulted in a TclException being thrown.&#xa;The Tcl errorInfo variable could not be obtained.&#xa;java.lang.Exception: Evaluating the Tcl file &quot;/home/travis/build/icyphy/ptII/ptolemy/configs/test/allConfigs.tcl&quot;resulted in a TclException being thrown.&#xa;The Tcl errorInfo global variable has the value:&#xa;ptolemy.kernel.util.InvalidStateException: Failed to populate Library&#xa;  in .configuration.actor library.MoreLibraries.Accessors.robotics&#xa;Because:&#xa;Loading accessor failed: RosNavigationPose.js&#xa;  in .configuration.actor library.MoreLibraries.Accessors.robotics&#xa;Because:&#xa;Error evaluating expression:&#xa;/** Accessor for directing a ROS robot to navigate to navigation goal, expres...&#xa;...&#xa;  in .configuration.actor library.MoreLibraries.Accessors.robotics.RosNavigationPose.script&#xa;Because:&#xa;Failed to evaluate script.&#xa;  in .configuration.actor library.MoreLibraries.Accessors.robotics.RosNavigationPose&#xa;Because:&#xa;Accessor robotics/RosPublisher.js not found on path: /home/travis/build/icyphy/ptII/org/terraswarm/accessor/accessors/web/,/home/travis/build/icyphy/ptII/org/terraswarm/accessor/test/auto/accessors/,/home/travis/build/icyphy/ptII/ptolemy/actor/lib/jjs/,/home/travis/build/icyphy/ptII/ptolemy/actor/lib/jjs/modules/,/home/travis/build/icyphy/ptII/ptolemy/actor/lib/jjs/node/,/home/travis/build/icyphy/ptII/ptolemy/actor/lib/jjs/node_modules/,/home/travis/build/icyphy/ptII/org/terraswarm/accessor/accessors/web/hosts/,/home/travis/build/icyphy/ptII/org/terraswarm/accessor/accessors/web/,/home/travis/build/icyphy/ptII/org/terraswarm/accessor/accessors/web/hosts/common/modules/ or relative path: $CLASSPATH/org/terraswarm/accessor/test/auto/accessors/,$CLASSPATH/ptolemy/actor/lib/jjs/,$CLASSPATH/ptolemy/actor/lib/jjs/modules/,$CLASSPATH/ptolemy/actor/lib/jjs/node/,$CLASSPATH/ptolemy/actor/lib/jjs/node_modules/,$CLASSPATH/org/terraswarm/accessor/accessors/web/hosts/,$CLASSPATH/org/terraswarm/accessor/accessors/web/ in &lt;eval&gt; at line number 384 at column number 8&#xa;  in .configuration.actor library.MoreLibraries.Accessors.robotics.RosNavigationPose.script&#xa;Because:&#xa;Error evaluating expression:&#xa;/** Accessor for directing a ROS robot to navigate to navigation goal, expres...&#xa;...&#xa;  in .configuration.actor library.MoreLibraries.Accessors.robotics.RosNavigationPose.script&#xa;Because:&#xa;Failed to evaluate script.&#xa;  in .configuration.actor library.MoreLibraries.Accessors.robotics.RosNavigationPose&#xa;Because:&#xa;Accessor robotics/RosPublisher.js not found on path: /home/travis/build/icyphy/ptII/org/terraswarm/accessor/accessors/web/,/home/travis/build/icyphy/ptII/org/terraswarm/accessor/test/auto/accessors/,/home/travis/build/icyphy/ptII/ptolemy/actor/lib/jjs/,/home/travis/build/icyphy/ptII/ptolemy/actor/lib/jjs/modules/,/home/travis/build/icyphy/ptII/ptolemy/actor/lib/jjs/node/,/home/travis/build/icyphy/ptII/ptolemy/actor/lib/jjs/node_modules/,/home/travis/build/icyphy/ptII/org/terraswarm/accessor/accessors/web/hosts/,/home/travis/build/icyphy/ptII/org/terraswarm/accessor/accessors/web/,/home/travis/build/icyphy/ptII/org/terraswarm/accessor/accessors/web/hosts/common/modules/ or relative path: $CLASSPATH/org/terraswarm/accessor/test/auto/accessors/,$CLASSPATH/ptolemy/actor/lib/jjs/,$CLASSPATH/ptolemy/actor/lib/jjs/modules/,$CLASSPATH/ptolemy/actor/lib/jjs/node/,$CLASSPATH/ptolemy/actor/lib/jjs/node_modules/,$CLASSPATH/org/terraswarm/accessor/accessors/web/hosts/,$CLASSPATH/org/terraswarm/accessor/accessors/web/ in &lt;eval&gt; at line number 384 at column number 8&#xa;    while executing&#xa;&quot;$configuration allAtomicEntityList&quot;&#xa;    invoked from within&#xa;&quot;set entityList [$configuration allAtomicEntityList]&quot;&#xa;    (&quot;foreach&quot; body line 295)&#xa;    invoked from within&#xa;&quot;foreach i $configs {&#xa;&#xa;    &#xa;    if {[regexp &quot;jxta/&quot; $i] == 1} {&#xa;&#x9;puts &quot;Skipping $i, running vergil -jxta brings up a window&quot;&#xa;&#x9;continue&#xa;    }&#xa;&#xa;    if {[...&quot;&#xa;    (file &quot;/home/travis/build/icyphy/ptII/ptolemy/configs/test/allConfigs.tcl&quot; line 165)" type="java.lang.Exception">java.lang.Exception: Evaluating the Tcl file &quot;/home/travis/build/icyphy/ptII/ptolemy/configs/test/allConfigs.tcl&quot;resulted in a TclException being thrown.
The Tcl errorInfo variable could not be obtained.
java.lang.Exception: Evaluating the Tcl file &quot;/home/travis/build/icyphy/ptII/ptolemy/configs/test/allConfigs.tcl&quot;resulted in a TclException being thrown.
The Tcl errorInfo global variable has the value:
ptolemy.kernel.util.InvalidStateException: Failed to populate Library
  in .configuration.actor library.MoreLibraries.Accessors.robotics
Because:
Loading accessor failed: RosNavigationPose.js
  in .configuration.actor library.MoreLibraries.Accessors.robotics
Because:
Error evaluating expression:
/** Accessor for directing a ROS robot to navigate to navigation goal, expres...
...
  in .configuration.actor library.MoreLibraries.Accessors.robotics.RosNavigationPose.script
Because:
Failed to evaluate script.
  in .configuration.actor library.MoreLibraries.Accessors.robotics.RosNavigationPose
Because:
Accessor robotics/RosPublisher.js not found on path: /home/travis/build/icyphy/ptII/org/terraswarm/accessor/accessors/web/,/home/travis/build/icyphy/ptII/org/terraswarm/accessor/test/auto/accessors/,/home/travis/build/icyphy/ptII/ptolemy/actor/lib/jjs/,/home/travis/build/icyphy/ptII/ptolemy/actor/lib/jjs/modules/,/home/travis/build/icyphy/ptII/ptolemy/actor/lib/jjs/node/,/home/travis/build/icyphy/ptII/ptolemy/actor/lib/jjs/node_modules/,/home/travis/build/icyphy/ptII/org/terraswarm/accessor/accessors/web/hosts/,/home/travis/build/icyphy/ptII/org/terraswarm/accessor/accessors/web/,/home/travis/build/icyphy/ptII/org/terraswarm/accessor/accessors/web/hosts/common/modules/ or relative path: $CLASSPATH/org/terraswarm/accessor/test/auto/accessors/,$CLASSPATH/ptolemy/actor/lib/jjs/,$CLASSPATH/ptolemy/actor/lib/jjs/modules/,$CLASSPATH/ptolemy/actor/lib/jjs/node/,$CLASSPATH/ptolemy/actor/lib/jjs/node_modules/,$CLASSPATH/org/terraswarm/accessor/accessors/web/hosts/,$CLASSPATH/org/terraswarm/accessor/accessors/web/ in &lt;eval&gt; at line number 384 at column number 8
  in .configuration.actor library.MoreLibraries.Accessors.robotics.RosNavigationPose.script
Because:
Error evaluating expression:
/** Accessor for directing a ROS robot to navigate to navigation goal, expres...
...
  in .configuration.actor library.MoreLibraries.Accessors.robotics.RosNavigationPose.script
Because:
Failed to evaluate script.
  in .configuration.actor library.MoreLibraries.Accessors.robotics.RosNavigationPose
Because:
Accessor robotics/RosPublisher.js not found on path: /home/travis/build/icyphy/ptII/org/terraswarm/accessor/accessors/web/,/home/travis/build/icyphy/ptII/org/terraswarm/accessor/test/auto/accessors/,/home/travis/build/icyphy/ptII/ptolemy/actor/lib/jjs/,/home/travis/build/icyphy/ptII/ptolemy/actor/lib/jjs/modules/,/home/travis/build/icyphy/ptII/ptolemy/actor/lib/jjs/node/,/home/travis/build/icyphy/ptII/ptolemy/actor/lib/jjs/node_modules/,/home/travis/build/icyphy/ptII/org/terraswarm/accessor/accessors/web/hosts/,/home/travis/build/icyphy/ptII/org/terraswarm/accessor/accessors/web/,/home/travis/build/icyphy/ptII/org/terraswarm/accessor/accessors/web/hosts/common/modules/ or relative path: $CLASSPATH/org/terraswarm/accessor/test/auto/accessors/,$CLASSPATH/ptolemy/actor/lib/jjs/,$CLASSPATH/ptolemy/actor/lib/jjs/modules/,$CLASSPATH/ptolemy/actor/lib/jjs/node/,$CLASSPATH/ptolemy/actor/lib/jjs/node_modules/,$CLASSPATH/org/terraswarm/accessor/accessors/web/hosts/,$CLASSPATH/org/terraswarm/accessor/accessors/web/ in &lt;eval&gt; at line number 384 at column number 8
    while executing
&quot;$configuration allAtomicEntityList&quot;
    invoked from within
&quot;set entityList [$configuration allAtomicEntityList]&quot;
    (&quot;foreach&quot; body line 295)
    invoked from within
&quot;foreach i $configs {

    
    if {[regexp &quot;jxta/&quot; $i] == 1} {
	puts &quot;Skipping $i, running vergil -jxta brings up a window&quot;
	continue
    }

    if {[...&quot;
    (file &quot;/home/travis/build/icyphy/ptII/ptolemy/configs/test/allConfigs.tcl&quot; line 165)
	at ptolemy.util.test.junit.TclTests.RunTclFile(TclTests.java:260)
	at java.base/jdk.internal.reflect.NativeMethodAccessorImpl.invoke0(Native Method)
	at java.base/jdk.internal.reflect.NativeMethodAccessorImpl.invoke(NativeMethodAccessorImpl.java:62)
	at java.base/jdk.internal.reflect.DelegatingMethodAccessorImpl.invoke(DelegatingMethodAccessorImpl.java:43)
	at junitparams.internal.InvokeParameterisedMethod.evaluate(InvokeParameterisedMethod.java:102)
	at junitparams.internal.ParameterisedTestMethodRunner.runMethodInvoker(ParameterisedTestMethodRunner.java:47)
	at junitparams.internal.ParameterisedTestMethodRunner.runTestMethod(ParameterisedTestMethodRunner.java:41)
	at junitparams.internal.ParameterisedTestClassRunner.runParameterisedTest(ParameterisedTestClassRunner.java:143)
	at junitparams.JUnitParamsRunner.runChild(JUnitParamsRunner.java:237)
	at junitparams.JUnitParamsRunner.runChild(JUnitParamsRunner.java:215)
Caused by: java.lang.reflect.InvocationTargetException
	at java.base/jdk.internal.reflect.NativeMethodAccessorImpl.invoke0(Native Method)
	at java.base/jdk.internal.reflect.NativeMethodAccessorImpl.invoke(NativeMethodAccessorImpl.java:62)
	at java.base/jdk.internal.reflect.DelegatingMethodAccessorImpl.invoke(DelegatingMethodAccessorImpl.java:43)
	at ptolemy.util.test.junit.TclTests.RunTclFile(TclTests.java:233)
Caused by: tcl.lang.ReflectException
	at tcl.lang.JavaInvoke.call(JavaInvoke.java:257)
	at tcl.lang.JavaInvoke.callMethod(JavaInvoke.java:116)
	at tcl.lang.ReflectObject.cmdProc(ReflectObject.java:727)
	at tcl.lang.Parser.evalObjv(Parser.java:740)
	at tcl.lang.Parser.eval2(Parser.java:1138)
	at tcl.lang.Parser.evalTokens(Parser.java:930)
	at tcl.lang.Parser.eval2(Parser.java:1125)
	at tcl.lang.Interp.eval(Interp.java:1782)
	at tcl.lang.Interp.eval(Interp.java:1841)
	at tcl.lang.ForeachCmd.cmdProc(ForeachCmd.java:116)
	at tcl.lang.AutoloadStub.cmdProc(Extension.java:144)
	at tcl.lang.Parser.evalObjv(Parser.java:740)
	at tcl.lang.Parser.eval2(Parser.java:1138)
	at tcl.lang.Interp.eval(Interp.java:1782)
	at tcl.lang.Interp.evalFile(Interp.java:1880)
</error>
  </testcase>
  <testcase classname="ptolemy.util.test.junit.TclTests" name="[1] /home/travis/build/icyphy/ptII/ptolemy/configs/test/allDemos.tcl (RunTclFile)" time="0.002">
    <failure message="Number of failed tests is has increased. expected:&lt;0&gt; but was:&lt;5&gt;" type="junit.framework.AssertionFailedError">junit.framework.AssertionFailedError: Number of failed tests is has increased. expected:&lt;0&gt; but was:&lt;5&gt;
	at ptolemy.util.test.junit.TclTests.RunTclFile(TclTests.java:286)
	at java.base/jdk.internal.reflect.NativeMethodAccessorImpl.invoke0(Native Method)
	at java.base/jdk.internal.reflect.NativeMethodAccessorImpl.invoke(NativeMethodAccessorImpl.java:62)
	at java.base/jdk.internal.reflect.DelegatingMethodAccessorImpl.invoke(DelegatingMethodAccessorImpl.java:43)
	at junitparams.internal.InvokeParameterisedMethod.evaluate(InvokeParameterisedMethod.java:102)
	at junitparams.internal.ParameterisedTestMethodRunner.runMethodInvoker(ParameterisedTestMethodRunner.java:47)
	at junitparams.internal.ParameterisedTestMethodRunner.runTestMethod(ParameterisedTestMethodRunner.java:41)
	at junitparams.internal.ParameterisedTestClassRunner.runParameterisedTest(ParameterisedTestClassRunner.java:143)
	at junitparams.JUnitParamsRunner.runChild(JUnitParamsRunner.java:237)
	at junitparams.JUnitParamsRunner.runChild(JUnitParamsRunner.java:215)
</failure>
  </testcase>
  <testcase classname="ptolemy.util.test.junit.TclTests" name="[2] /home/travis/build/icyphy/ptII/ptolemy/configs/test/cloneTest.tcl (RunTclFile)" time="0.019" />
  <testcase classname="ptolemy.util.test.junit.TclTests" name="[3] /home/travis/build/icyphy/ptII/ptolemy/configs/test/configurationTools.tcl (RunTclFile)" time="0.0" />
  <testcase classname="ptolemy.util.test.junit.TclTests" name="[4] /home/travis/build/icyphy/ptII/ptolemy/configs/test/missingDemos.tcl (RunTclFile)" time="305.828" />
  <testcase classname="ptolemy.util.test.junit.TclTests" name="[5] /home/travis/build/icyphy/ptII/ptolemy/configs/test/validDemos.tcl (RunTclFile)" time="24.558">
    <failure message="Number of failed tests is has increased. expected:&lt;5&gt; but was:&lt;15&gt;" type="junit.framework.AssertionFailedError">junit.framework.AssertionFailedError: Number of failed tests is has increased. expected:&lt;5&gt; but was:&lt;15&gt;
	at ptolemy.util.test.junit.TclTests.RunTclFile(TclTests.java:286)
	at java.base/jdk.internal.reflect.NativeMethodAccessorImpl.invoke0(Native Method)
	at java.base/jdk.internal.reflect.NativeMethodAccessorImpl.invoke(NativeMethodAccessorImpl.java:62)
	at java.base/jdk.internal.reflect.DelegatingMethodAccessorImpl.invoke(DelegatingMethodAccessorImpl.java:43)
	at junitparams.internal.InvokeParameterisedMethod.evaluate(InvokeParameterisedMethod.java:102)
	at junitparams.internal.ParameterisedTestMethodRunner.runMethodInvoker(ParameterisedTestMethodRunner.java:47)
	at junitparams.internal.ParameterisedTestMethodRunner.runTestMethod(ParameterisedTestMethodRunner.java:41)
	at junitparams.internal.ParameterisedTestClassRunner.runParameterisedTest(ParameterisedTestClassRunner.java:143)
	at junitparams.JUnitParamsRunner.runChild(JUnitParamsRunner.java:237)
	at junitparams.JUnitParamsRunner.runChild(JUnitParamsRunner.java:215)
</failure>
  </testcase>
  <testcase classname="ptolemy.util.test.junit.AutoKnownFailedTests" name="[0] ThereAreNoKnowFailedTests (RunModel)" time="0.002" />
  <testcase classname="ptolemy.util.test.junit.AutoNameArchTests" name="[0] ThereAreNoAutoArchTests (RunModel)" time="0.001" />
  <testcase classname="ptolemy.util.test.junit.AutoTests" name="[0] ThereAreNoAutoTests (RunModel)" time="0.003" />
  <system-out><![CDATA[/home/travis/build/icyphy/ptII/ptolemy/configs/test/allConfigs.tcl
testDefs.tcl: setting time out to 9000 seconds at Fri Feb 07 07:26:55 UTC 2020
18 ms. Memory: 129024K Free: 112206K (87%)
Skipping jxta/configuration.xml, running vergil -jxta brings up a window
 Force everything to get expanded ptolemy/configs/full/configuration.xml
    (Skipping certain optional packages, jxta and viptos)
JSAccessor: Could not create symbolic links.
JSAccessor: PT_NO_NET environment variable is set, so git pull and ptdoc are not being run.
Retrieving library from https://accessors.org/index.json
Retrieving library from https://accessors.org/adapters/index.json
Loading accessor failed: Adapter.js


==== $PTII/ptolemy/configs/test/allConfigs.tcl: full/configuration.xml-1.1 Test to see if full/configuration.xml contains any bad XML
==== Contents of test case:

        # force everything to get expanded
        expr [string length [$configuration description]] > 0
    
==== Test generated error:
    while executing
ptolemy.kernel.util.InvalidStateException: Failed to populate Library
  in .configuration.actor library.MoreLibraries.Accessors.adapters
Because:
Loading accessor failed: Adapter.js
  in .configuration.actor library.MoreLibraries.Accessors.adapters
Because:
Connection timed out (Connection timed out)
	at org.terraswarm.accessor.AccessorLibrary.populate(AccessorLibrary.java:307)
	at ptolemy.moml.EntityLibrary.classDefinitionList(EntityLibrary.java:307)
	at ptolemy.kernel.CompositeEntity._description(CompositeEntity.java:2292)
	at ptolemy.kernel.CompositeEntity._description(CompositeEntity.java:2307)
	at ptolemy.kernel.CompositeEntity._description(CompositeEntity.java:2307)
	at ptolemy.kernel.CompositeEntity._description(CompositeEntity.java:2307)
	at ptolemy.kernel.CompositeEntity._description(CompositeEntity.java:2307)
	at ptolemy.kernel.util.NamedObj.description(NamedObj.java:731)
	at ptolemy.kernel.util.NamedObj.description(NamedObj.java:715)
	at java.base/jdk.internal.reflect.NativeMethodAccessorImpl.invoke0(Native Method)
	at java.base/jdk.internal.reflect.NativeMethodAccessorImpl.invoke(NativeMethodAccessorImpl.java:62)
	at java.base/jdk.internal.reflect.DelegatingMethodAccessorImpl.invoke(DelegatingMethodAccessorImpl.java:43)
	at java.base/java.lang.reflect.Method.invoke(Method.java:566)
	at tcl.lang.reflect.PkgInvoker.invokeMethod(PkgInvoker.java:129)
	at tcl.lang.JavaInvoke.call(JavaInvoke.java:253)
	at tcl.lang.JavaInvoke.callMethod(JavaInvoke.java:116)
	at tcl.lang.ReflectObject.cmdProc(ReflectObject.java:727)
	at tcl.lang.Parser.evalObjv(Parser.java:740)
	at tcl.lang.Parser.eval2(Parser.java:1138)
	at tcl.lang.Parser.evalTokens(Parser.java:930)
	at tcl.lang.Parser.eval2(Parser.java:1125)
	at tcl.lang.Parser.evalTokens(Parser.java:930)
	at tcl.lang.Parser.eval2(Parser.java:1125)
	at tcl.lang.Interp.eval(Interp.java:1782)
	at tcl.lang.Interp.eval(Interp.java:1841)
	at tcl.lang.UplevelCmd.cmdProc(UplevelCmd.java:93)
	at tcl.lang.AutoloadStub.cmdProc(Extension.java:144)
	at tcl.lang.Parser.evalObjv(Parser.java:740)
	at tcl.lang.Parser.eval2(Parser.java:1138)
	at tcl.lang.Interp.eval(Interp.java:1782)
	at tcl.lang.Interp.eval(Interp.java:1841)
	at tcl.lang.CatchCmd.cmdProc(CatchCmd.java:42)
	at tcl.lang.Parser.evalObjv(Parser.java:740)
	at tcl.lang.Parser.eval2(Parser.java:1138)
	at tcl.lang.Parser.evalTokens(Parser.java:930)
	at tcl.lang.Parser.eval2(Parser.java:1125)
	at tcl.lang.Procedure.cmdProc(Procedure.java:175)
	at tcl.lang.Parser.evalObjv(Parser.java:740)
	at tcl.lang.Parser.eval2(Parser.java:1138)
	at tcl.lang.Interp.eval(Interp.java:1782)
	at tcl.lang.Interp.eval(Interp.java:1841)
	at tcl.lang.ForeachCmd.cmdProc(ForeachCmd.java:116)
	at tcl.lang.AutoloadStub.cmdProc(Extension.java:144)
	at tcl.lang.Parser.evalObjv(Parser.java:740)
	at tcl.lang.Parser.eval2(Parser.java:1138)
	at tcl.lang.Interp.eval(Interp.java:1782)
	at tcl.lang.Interp.evalFile(Interp.java:1880)
	at java.base/jdk.internal.reflect.NativeMethodAccessorImpl.invoke0(Native Method)
	at java.base/jdk.internal.reflect.NativeMethodAccessorImpl.invoke(NativeMethodAccessorImpl.java:62)
	at java.base/jdk.internal.reflect.DelegatingMethodAccessorImpl.invoke(DelegatingMethodAccessorImpl.java:43)
	at java.base/java.lang.reflect.Method.invoke(Method.java:566)
	at ptolemy.util.test.junit.TclTests.RunTclFile(TclTests.java:233)
	at java.base/jdk.internal.reflect.NativeMethodAccessorImpl.invoke0(Native Method)
	at java.base/jdk.internal.reflect.NativeMethodAccessorImpl.invoke(NativeMethodAccessorImpl.java:62)
	at java.base/jdk.internal.reflect.DelegatingMethodAccessorImpl.invoke(DelegatingMethodAccessorImpl.java:43)
	at java.base/java.lang.reflect.Method.invoke(Method.java:566)
	at org.junit.runners.model.FrameworkMethod$1.runReflectiveCall(FrameworkMethod.java:44)
	at org.junit.internal.runners.model.ReflectiveCallable.run(ReflectiveCallable.java:15)
	at org.junit.runners.model.FrameworkMethod.invokeExplosively(FrameworkMethod.java:41)
	at junitparams.internal.InvokeParameterisedMethod.evaluate(InvokeParameterisedMethod.java:102)
	at junitparams.internal.ParameterisedTestMethodRunner.runMethodInvoker(ParameterisedTestMethodRunner.java:47)
	at junitparams.internal.ParameterisedTestMethodRunner.runTestMethod(ParameterisedTestMethodRunner.java:41)
	at junitparams.internal.ParameterisedTestClassRunner.runParameterisedTest(ParameterisedTestClassRunner.java:143)
	at junitparams.JUnitParamsRunner.runChild(JUnitParamsRunner.java:237)
	at junitparams.JUnitParamsRunner.runChild(JUnitParamsRunner.java:215)
	at org.junit.runners.ParentRunner$3.run(ParentRunner.java:193)
	at org.junit.runners.ParentRunner$1.schedule(ParentRunner.java:52)
	at org.junit.runners.ParentRunner.runChildren(ParentRunner.java:191)
	at org.junit.runners.ParentRunner.access$000(ParentRunner.java:42)
	at org.junit.runners.ParentRunner$2.evaluate(ParentRunner.java:184)
	at org.junit.internal.runners.statements.RunAfters.evaluate(RunAfters.java:31)
	at org.junit.runners.ParentRunner.run(ParentRunner.java:236)
	at org.junit.runners.Suite.runChild(Suite.java:128)
	at org.junit.runners.Suite.runChild(Suite.java:24)
	at org.junit.runners.ParentRunner$3.run(ParentRunner.java:193)
	at org.junit.runners.ParentRunner$1.schedule(ParentRunner.java:52)
	at org.junit.runners.ParentRunner.runChildren(ParentRunner.java:191)
	at org.junit.runners.ParentRunner.access$000(ParentRunner.java:42)
	at org.junit.runners.ParentRunner$2.evaluate(ParentRunner.java:184)
	at org.junit.runners.ParentRunner.run(ParentRunner.java:236)
	at junit.framework.JUnit4TestAdapter.run(JUnit4TestAdapter.java:39)
	at org.apache.tools.ant.taskdefs.optional.junit.JUnitTestRunner.run(JUnitTestRunner.java:535)
	at org.apache.tools.ant.taskdefs.optional.junit.JUnitTestRunner.launch(JUnitTestRunner.java:1182)
	at org.apache.tools.ant.taskdefs.optional.junit.JUnitTestRunner.main(JUnitTestRunner.java:1033)
Caused by: ptolemy.kernel.util.InternalErrorException: Loading accessor failed: Adapter.js
  in .configuration.actor library.MoreLibraries.Accessors.adapters
Because:
Connection timed out (Connection timed out)
	at org.terraswarm.accessor.AccessorLibrary.populate(AccessorLibrary.java:224)
	... 83 more
Caused by: java.net.ConnectException: Connection timed out (Connection timed out)
	at java.base/java.net.PlainSocketImpl.socketConnect(Native Method)
	at java.base/java.net.AbstractPlainSocketImpl.doConnect(AbstractPlainSocketImpl.java:399)
	at java.base/java.net.AbstractPlainSocketImpl.connectToAddress(AbstractPlainSocketImpl.java:242)
	at java.base/java.net.AbstractPlainSocketImpl.connect(AbstractPlainSocketImpl.java:224)
	at java.base/java.net.SocksSocketImpl.connect(SocksSocketImpl.java:403)
	at java.base/java.net.Socket.connect(Socket.java:591)
	at java.base/sun.security.ssl.SSLSocketImpl.connect(SSLSocketImpl.java:285)
	at java.base/sun.security.ssl.BaseSSLSocketImpl.connect(BaseSSLSocketImpl.java:173)
	at java.base/sun.net.NetworkClient.doConnect(NetworkClient.java:182)
	at java.base/sun.net.www.http.HttpClient.openServer(HttpClient.java:474)
	at java.base/sun.net.www.http.HttpClient.openServer(HttpClient.java:569)
	at java.base/sun.net.www.protocol.https.HttpsClient.<init>(HttpsClient.java:265)
	at java.base/sun.net.www.protocol.https.HttpsClient.New(HttpsClient.java:372)
	at java.base/sun.net.www.protocol.https.AbstractDelegateHttpsURLConnection.getNewHttpClient(AbstractDelegateHttpsURLConnection.java:191)
	at java.base/sun.net.www.protocol.http.HttpURLConnection.plainConnect0(HttpURLConnection.java:1181)
	at java.base/sun.net.www.protocol.http.HttpURLConnection.plainConnect(HttpURLConnection.java:1075)
	at java.base/sun.net.www.protocol.https.AbstractDelegateHttpsURLConnection.connect(AbstractDelegateHttpsURLConnection.java:177)
	at java.base/sun.net.www.protocol.http.HttpURLConnection.getInputStream0(HttpURLConnection.java:1581)
	at java.base/sun.net.www.protocol.http.HttpURLConnection.getInputStream(HttpURLConnection.java:1509)
	at java.base/sun.net.www.protocol.https.HttpsURLConnectionImpl.getInputStream(HttpsURLConnectionImpl.java:245)
	at java.base/java.net.URL.openStream(URL.java:1117)
	at ptolemy.util.FileUtilities.openStreamFollowingRedirectsReturningBoth(FileUtilities.java:1012)
	at ptolemy.util.FileUtilities.openStreamFollowingRedirects(FileUtilities.java:952)
	at org.terraswarm.accessor.JSAccessor._accessorToMoML(JSAccessor.java:1100)
	at org.terraswarm.accessor.JSAccessor.accessorToMoML(JSAccessor.java:293)
	at org.terraswarm.accessor.AccessorLibrary.populate(AccessorLibrary.java:191)
	... 83 more
Caused by: ptolemy.kernel.util.InternalErrorException: Loading accessor failed: Adapter.js
  in .configuration.actor library.MoreLibraries.Accessors.adapters
Because:
Connection timed out (Connection timed out)
	at org.terraswarm.accessor.AccessorLibrary.populate(AccessorLibrary.java:224)
	at ptolemy.moml.EntityLibrary.classDefinitionList(EntityLibrary.java:307)
	at ptolemy.kernel.CompositeEntity._description(CompositeEntity.java:2292)
	at ptolemy.kernel.CompositeEntity._description(CompositeEntity.java:2307)
	at ptolemy.kernel.CompositeEntity._description(CompositeEntity.java:2307)
	at ptolemy.kernel.CompositeEntity._description(CompositeEntity.java:2307)
	at ptolemy.kernel.CompositeEntity._description(CompositeEntity.java:2307)
	at ptolemy.kernel.util.NamedObj.description(NamedObj.java:731)
	at ptolemy.kernel.util.NamedObj.description(NamedObj.java:715)
	at java.base/jdk.internal.reflect.NativeMethodAccessorImpl.invoke0(Native Method)
	at java.base/jdk.internal.reflect.NativeMethodAccessorImpl.invoke(NativeMethodAccessorImpl.java:62)
	at java.base/jdk.internal.reflect.DelegatingMethodAccessorImpl.invoke(DelegatingMethodAccessorImpl.java:43)
	at java.base/java.lang.reflect.Method.invoke(Method.java:566)
	at tcl.lang.reflect.PkgInvoker.invokeMethod(PkgInvoker.java:129)
	at tcl.lang.JavaInvoke.call(JavaInvoke.java:253)
	at tcl.lang.JavaInvoke.callMethod(JavaInvoke.java:116)
	at tcl.lang.ReflectObject.cmdProc(ReflectObject.java:727)
	at tcl.lang.Parser.evalObjv(Parser.java:740)
	at tcl.lang.Parser.eval2(Parser.java:1138)
	at tcl.lang.Parser.evalTokens(Parser.java:930)
	at tcl.lang.Parser.eval2(Parser.java:1125)
	at tcl.lang.Parser.evalTokens(Parser.java:930)
	at tcl.lang.Parser.eval2(Parser.java:1125)
	at tcl.lang.Interp.eval(Interp.java:1782)
	at tcl.lang.Interp.eval(Interp.java:1841)
	at tcl.lang.UplevelCmd.cmdProc(UplevelCmd.java:93)
	at tcl.lang.AutoloadStub.cmdProc(Extension.java:144)
	at tcl.lang.Parser.evalObjv(Parser.java:740)
	at tcl.lang.Parser.eval2(Parser.java:1138)
	at tcl.lang.Interp.eval(Interp.java:1782)
	at tcl.lang.Interp.eval(Interp.java:1841)
	at tcl.lang.CatchCmd.cmdProc(CatchCmd.java:42)
	at tcl.lang.Parser.evalObjv(Parser.java:740)
	at tcl.lang.Parser.eval2(Parser.java:1138)
	at tcl.lang.Parser.evalTokens(Parser.java:930)
	at tcl.lang.Parser.eval2(Parser.java:1125)
	at tcl.lang.Procedure.cmdProc(Procedure.java:175)
	at tcl.lang.Parser.evalObjv(Parser.java:740)
	at tcl.lang.Parser.eval2(Parser.java:1138)
	at tcl.lang.Interp.eval(Interp.java:1782)
	at tcl.lang.Interp.eval(Interp.java:1841)
	at tcl.lang.ForeachCmd.cmdProc(ForeachCmd.java:116)
	at tcl.lang.AutoloadStub.cmdProc(Extension.java:144)
	at tcl.lang.Parser.evalObjv(Parser.java:740)
	at tcl.lang.Parser.eval2(Parser.java:1138)
	at tcl.lang.Interp.eval(Interp.java:1782)
	at tcl.lang.Interp.evalFile(Interp.java:1880)
	at java.base/jdk.internal.reflect.NativeMethodAccessorImpl.invoke0(Native Method)
	at java.base/jdk.internal.reflect.NativeMethodAccessorImpl.invoke(NativeMethodAccessorImpl.java:62)
	at java.base/jdk.internal.reflect.DelegatingMethodAccessorImpl.invoke(DelegatingMethodAccessorImpl.java:43)
	at java.base/java.lang.reflect.Method.invoke(Method.java:566)
	at ptolemy.util.test.junit.TclTests.RunTclFile(TclTests.java:233)
	at java.base/jdk.internal.reflect.NativeMethodAccessorImpl.invoke0(Native Method)
	at java.base/jdk.internal.reflect.NativeMethodAccessorImpl.invoke(NativeMethodAccessorImpl.java:62)
	at java.base/jdk.internal.reflect.DelegatingMethodAccessorImpl.invoke(DelegatingMethodAccessorImpl.java:43)
	at java.base/java.lang.reflect.Method.invoke(Method.java:566)
	at org.junit.runners.model.FrameworkMethod$1.runReflectiveCall(FrameworkMethod.java:44)
	at org.junit.internal.runners.model.ReflectiveCallable.run(ReflectiveCallable.java:15)
	at org.junit.runners.model.FrameworkMethod.invokeExplosively(FrameworkMethod.java:41)
	at junitparams.internal.InvokeParameterisedMethod.evaluate(InvokeParameterisedMethod.java:102)
	at junitparams.internal.ParameterisedTestMethodRunner.runMethodInvoker(ParameterisedTestMethodRunner.java:47)
	at junitparams.internal.ParameterisedTestMethodRunner.runTestMethod(ParameterisedTestMethodRunner.java:41)
	at junitparams.internal.ParameterisedTestClassRunner.runParameterisedTest(ParameterisedTestClassRunner.java:143)
	at junitparams.JUnitParamsRunner.runChild(JUnitParamsRunner.java:237)
	at junitparams.JUnitParamsRunner.runChild(JUnitParamsRunner.java:215)
	at org.junit.runners.ParentRunner$3.run(ParentRunner.java:193)
	at org.junit.runners.ParentRunner$1.schedule(ParentRunner.java:52)
	at org.junit.runners.ParentRunner.runChildren(ParentRunner.java:191)
	at org.junit.runners.ParentRunner.access$000(ParentRunner.java:42)
	at org.junit.runners.ParentRunner$2.evaluate(ParentRunner.java:184)
	at org.junit.internal.runners.statements.RunAfters.evaluate(RunAfters.java:31)
	at org.junit.runners.ParentRunner.run(ParentRunner.java:236)
	at org.junit.runners.Suite.runChild(Suite.java:128)
	at org.junit.runners.Suite.runChild(Suite.java:24)
	at org.junit.runners.ParentRunner$3.run(ParentRunner.java:193)
	at org.junit.runners.ParentRunner$1.schedule(ParentRunner.java:52)
	at org.junit.runners.ParentRunner.runChildren(ParentRunner.java:191)
	at org.junit.runners.ParentRunner.access$000(ParentRunner.java:42)
	at org.junit.runners.ParentRunner$2.evaluate(ParentRunner.java:184)
	at org.junit.runners.ParentRunner.run(ParentRunner.java:236)
	at junit.framework.JUnit4TestAdapter.run(JUnit4TestAdapter.java:39)
	at org.apache.tools.ant.taskdefs.optional.junit.JUnitTestRunner.run(JUnitTestRunner.java:535)
	at org.apache.tools.ant.taskdefs.optional.junit.JUnitTestRunner.launch(JUnitTestRunner.java:1182)
	at org.apache.tools.ant.taskdefs.optional.junit.JUnitTestRunner.main(JUnitTestRunner.java:1033)
Caused by: java.net.ConnectException: Connection timed out (Connection timed out)
	at java.base/java.net.PlainSocketImpl.socketConnect(Native Method)
	at java.base/java.net.AbstractPlainSocketImpl.doConnect(AbstractPlainSocketImpl.java:399)
	at java.base/java.net.AbstractPlainSocketImpl.connectToAddress(AbstractPlainSocketImpl.java:242)
	at java.base/java.net.AbstractPlainSocketImpl.connect(AbstractPlainSocketImpl.java:224)
	at java.base/java.net.SocksSocketImpl.connect(SocksSocketImpl.java:403)
	at java.base/java.net.Socket.connect(Socket.java:591)
	at java.base/sun.security.ssl.SSLSocketImpl.connect(SSLSocketImpl.java:285)
	at java.base/sun.security.ssl.BaseSSLSocketImpl.connect(BaseSSLSocketImpl.java:173)
	at java.base/sun.net.NetworkClient.doConnect(NetworkClient.java:182)
	at java.base/sun.net.www.http.HttpClient.openServer(HttpClient.java:474)
	at java.base/sun.net.www.http.HttpClient.openServer(HttpClient.java:569)
	at java.base/sun.net.www.protocol.https.HttpsClient.<init>(HttpsClient.java:265)
	at java.base/sun.net.www.protocol.https.HttpsClient.New(HttpsClient.java:372)
	at java.base/sun.net.www.protocol.https.AbstractDelegateHttpsURLConnection.getNewHttpClient(AbstractDelegateHttpsURLConnection.java:191)
	at java.base/sun.net.www.protocol.http.HttpURLConnection.plainConnect0(HttpURLConnection.java:1181)
	at java.base/sun.net.www.protocol.http.HttpURLConnection.plainConnect(HttpURLConnection.java:1075)
	at java.base/sun.net.www.protocol.https.AbstractDelegateHttpsURLConnection.connect(AbstractDelegateHttpsURLConnection.java:177)
	at java.base/sun.net.www.protocol.http.HttpURLConnection.getInputStream0(HttpURLConnection.java:1581)
	at java.base/sun.net.www.protocol.http.HttpURLConnection.getInputStream(HttpURLConnection.java:1509)
	at java.base/sun.net.www.protocol.https.HttpsURLConnectionImpl.getInputStream(HttpsURLConnectionImpl.java:245)
	at java.base/java.net.URL.openStream(URL.java:1117)
	at ptolemy.util.FileUtilities.openStreamFollowingRedirectsReturningBoth(FileUtilities.java:1012)
	at ptolemy.util.FileUtilities.openStreamFollowingRedirects(FileUtilities.java:952)
	at org.terraswarm.accessor.JSAccessor._accessorToMoML(JSAccessor.java:1100)
	at org.terraswarm.accessor.JSAccessor.accessorToMoML(JSAccessor.java:293)
	at org.terraswarm.accessor.AccessorLibrary.populate(AccessorLibrary.java:191)
	... 83 more
Caused by: java.net.ConnectException: Connection timed out (Connection timed out)
	at java.base/java.net.PlainSocketImpl.socketConnect(Native Method)
	at java.base/java.net.AbstractPlainSocketImpl.doConnect(AbstractPlainSocketImpl.java:399)
	at java.base/java.net.AbstractPlainSocketImpl.connectToAddress(AbstractPlainSocketImpl.java:242)
	at java.base/java.net.AbstractPlainSocketImpl.connect(AbstractPlainSocketImpl.java:224)
	at java.base/java.net.SocksSocketImpl.connect(SocksSocketImpl.java:403)
	at java.base/java.net.Socket.connect(Socket.java:591)
	at java.base/sun.security.ssl.SSLSocketImpl.connect(SSLSocketImpl.java:285)
	at java.base/sun.security.ssl.BaseSSLSocketImpl.connect(BaseSSLSocketImpl.java:173)
	at java.base/sun.net.NetworkClient.doConnect(NetworkClient.java:182)
	at java.base/sun.net.www.http.HttpClient.openServer(HttpClient.java:474)
	at java.base/sun.net.www.http.HttpClient.openServer(HttpClient.java:569)
	at java.base/sun.net.www.protocol.https.HttpsClient.<init>(HttpsClient.java:265)
	at java.base/sun.net.www.protocol.https.HttpsClient.New(HttpsClient.java:372)
	at java.base/sun.net.www.protocol.https.AbstractDelegateHttpsURLConnection.getNewHttpClient(AbstractDelegateHttpsURLConnection.java:191)
	at java.base/sun.net.www.protocol.http.HttpURLConnection.plainConnect0(HttpURLConnection.java:1181)
	at java.base/sun.net.www.protocol.http.HttpURLConnection.plainConnect(HttpURLConnection.java:1075)
	at java.base/sun.net.www.protocol.https.AbstractDelegateHttpsURLConnection.connect(AbstractDelegateHttpsURLConnection.java:177)
	at java.base/sun.net.www.protocol.http.HttpURLConnection.getInputStream0(HttpURLConnection.java:1581)
	at java.base/sun.net.www.protocol.http.HttpURLConnection.getInputStream(HttpURLConnection.java:1509)
	at java.base/sun.net.www.protocol.https.HttpsURLConnectionImpl.getInputStream(HttpsURLConnectionImpl.java:245)
	at java.base/java.net.URL.openStream(URL.java:1117)
	at ptolemy.util.FileUtilities.openStreamFollowingRedirectsReturningBoth(FileUtilities.java:1012)
	at ptolemy.util.FileUtilities.openStreamFollowingRedirects(FileUtilities.java:952)
	at org.terraswarm.accessor.JSAccessor._accessorToMoML(JSAccessor.java:1100)
	at org.terraswarm.accessor.JSAccessor.accessorToMoML(JSAccessor.java:293)
	at org.terraswarm.accessor.AccessorLibrary.populate(AccessorLibrary.java:191)
	at ptolemy.moml.EntityLibrary.classDefinitionList(EntityLibrary.java:307)
	at ptolemy.kernel.CompositeEntity._description(CompositeEntity.java:2292)
	at ptolemy.kernel.CompositeEntity._description(CompositeEntity.java:2307)
	at ptolemy.kernel.CompositeEntity._description(CompositeEntity.java:2307)
	at ptolemy.kernel.CompositeEntity._description(CompositeEntity.java:2307)
	at ptolemy.kernel.CompositeEntity._description(CompositeEntity.java:2307)
	at ptolemy.kernel.util.NamedObj.description(NamedObj.java:731)
	at ptolemy.kernel.util.NamedObj.description(NamedObj.java:715)
	at java.base/jdk.internal.reflect.NativeMethodAccessorImpl.invoke0(Native Method)
	at java.base/jdk.internal.reflect.NativeMethodAccessorImpl.invoke(NativeMethodAccessorImpl.java:62)
	at java.base/jdk.internal.reflect.DelegatingMethodAccessorImpl.invoke(DelegatingMethodAccessorImpl.java:43)
	at java.base/java.lang.reflect.Method.invoke(Method.java:566)
	at tcl.lang.reflect.PkgInvoker.invokeMethod(PkgInvoker.java:129)
	at tcl.lang.JavaInvoke.call(JavaInvoke.java:253)
	at tcl.lang.JavaInvoke.callMethod(JavaInvoke.java:116)
	at tcl.lang.ReflectObject.cmdProc(ReflectObject.java:727)
	at tcl.lang.Parser.evalObjv(Parser.java:740)
	at tcl.lang.Parser.eval2(Parser.java:1138)
	at tcl.lang.Parser.evalTokens(Parser.java:930)
	at tcl.lang.Parser.eval2(Parser.java:1125)
	at tcl.lang.Parser.evalTokens(Parser.java:930)
	at tcl.lang.Parser.eval2(Parser.java:1125)
	at tcl.lang.Interp.eval(Interp.java:1782)
	at tcl.lang.Interp.eval(Interp.java:1841)
	at tcl.lang.UplevelCmd.cmdProc(UplevelCmd.java:93)
	at tcl.lang.AutoloadStub.cmdProc(Extension.java:144)
	at tcl.lang.Parser.evalObjv(Parser.java:740)
	at tcl.lang.Parser.eval2(Parser.java:1138)
	at tcl.lang.Interp.eval(Interp.java:1782)
	at tcl.lang.Interp.eval(Interp.java:1841)
	at tcl.lang.CatchCmd.cmdProc(CatchCmd.java:42)
	at tcl.lang.Parser.evalObjv(Parser.java:740)
	at tcl.lang.Parser.eval2(Parser.java:1138)
	at tcl.lang.Parser.evalTokens(Parser.java:930)
	at tcl.lang.Parser.eval2(Parser.java:1125)
	at tcl.lang.Procedure.cmdProc(Procedure.java:175)
	at tcl.lang.Parser.evalObjv(Parser.java:740)
	at tcl.lang.Parser.eval2(Parser.java:1138)
	at tcl.lang.Interp.eval(Interp.java:1782)
	at tcl.lang.Interp.eval(Interp.java:1841)
	at tcl.lang.ForeachCmd.cmdProc(ForeachCmd.java:116)
	at tcl.lang.AutoloadStub.cmdProc(Extension.java:144)
	at tcl.lang.Parser.evalObjv(Parser.java:740)
	at tcl.lang.Parser.eval2(Parser.java:1138)
	at tcl.lang.Interp.eval(Interp.java:1782)
	at tcl.lang.Interp.evalFile(Interp.java:1880)
	at java.base/jdk.internal.reflect.NativeMethodAccessorImpl.invoke0(Native Method)
	at java.base/jdk.internal.reflect.NativeMethodAccessorImpl.invoke(NativeMethodAccessorImpl.java:62)
	at java.base/jdk.internal.reflect.DelegatingMethodAccessorImpl.invoke(DelegatingMethodAccessorImpl.java:43)
	at java.base/java.lang.reflect.Method.invoke(Method.java:566)
	at ptolemy.util.test.junit.TclTests.RunTclFile(TclTests.java:233)
	at java.base/jdk.internal.reflect.NativeMethodAccessorImpl.invoke0(Native Method)
	at java.base/jdk.internal.reflect.NativeMethodAccessorImpl.invoke(NativeMethodAccessorImpl.java:62)
	at java.base/jdk.internal.reflect.DelegatingMethodAccessorImpl.invoke(DelegatingMethodAccessorImpl.java:43)
	at java.base/java.lang.reflect.Method.invoke(Method.java:566)
	at org.junit.runners.model.FrameworkMethod$1.runReflectiveCall(FrameworkMethod.java:44)
	at org.junit.internal.runners.model.ReflectiveCallable.run(ReflectiveCallable.java:15)
	at org.junit.runners.model.FrameworkMethod.invokeExplosively(FrameworkMethod.java:41)
	at junitparams.internal.InvokeParameterisedMethod.evaluate(InvokeParameterisedMethod.java:102)
	at junitparams.internal.ParameterisedTestMethodRunner.runMethodInvoker(ParameterisedTestMethodRunner.java:47)
	at junitparams.internal.ParameterisedTestMethodRunner.runTestMethod(ParameterisedTestMethodRunner.java:41)
	at junitparams.internal.ParameterisedTestClassRunner.runParameterisedTest(ParameterisedTestClassRunner.java:143)
	at junitparams.JUnitParamsRunner.runChild(JUnitParamsRunner.java:237)
	at junitparams.JUnitParamsRunner.runChild(JUnitParamsRunner.java:215)
	at org.junit.runners.ParentRunner$3.run(ParentRunner.java:193)
	at org.junit.runners.ParentRunner$1.schedule(ParentRunner.java:52)
	at org.junit.runners.ParentRunner.runChildren(ParentRunner.java:191)
	at org.junit.runners.ParentRunner.access$000(ParentRunner.java:42)
	at org.junit.runners.ParentRunner$2.evaluate(ParentRunner.java:184)
	at org.junit.internal.runners.statements.RunAfters.evaluate(RunAfters.java:31)
	at org.junit.runners.ParentRunner.run(ParentRunner.java:236)
	at org.junit.runners.Suite.runChild(Suite.java:128)
	at org.junit.runners.Suite.runChild(Suite.java:24)
	at org.junit.runners.ParentRunner$3.run(ParentRunner.java:193)
	at org.junit.runners.ParentRunner$1.schedule(ParentRunner.java:52)
	at org.junit.runners.ParentRunner.runChildren(ParentRunner.java:191)
	at org.junit.runners.ParentRunner.access$000(ParentRunner.java:42)
	at org.junit.runners.ParentRunner$2.evaluate(ParentRunner.java:184)
	at org.junit.runners.ParentRunner.run(ParentRunner.java:236)
	at junit.framework.JUnit4TestAdapter.run(JUnit4TestAdapter.java:39)
	at org.apache.tools.ant.taskdefs.optional.junit.JUnitTestRunner.run(JUnitTestRunner.java:535)
	at org.apache.tools.ant.taskdefs.optional.junit.JUnitTestRunner.launch(JUnitTestRunner.java:1182)
	at org.apache.tools.ant.taskdefs.optional.junit.JUnitTestRunner.main(JUnitTestRunner.java:1033)

    while executing
ptolemy.kernel.util.InvalidStateException: Failed to populate Library
  in .configuration.actor library.MoreLibraries.Accessors.adapters
Because:
Loading accessor failed: Adapter.js
  in .configuration.actor library.MoreLibraries.Accessors.adapters
Because:
Connection timed out (Connection timed out)
    while executing
"$configuration description"
    invoked from within
"string length [$configuration description]"
    invoked from within
"expr [string length [$configuration description]] > 0"
    ("uplevel" body line 3)
    invoked from within
"uplevel $contents_of_test"
-------> Before clone
-------> after clone
Retrieving library from https://accessors.org/audio/index.json
Retrieving library from https://accessors.org/cameras/index.json
No physical cameras found, using WebcamDummyDriver.
Loading accessor failed: Foscam.js
Loading accessor failed: AudioCapture.js


==== $PTII/ptolemy/configs/test/allConfigs.tcl: full/configuration.xml-2.1 Test to see if full/configuration.xml has fields with names that are wrong
==== Contents of test case:

        # In general, if we call getName on a public field in an actor,
        # then the name that is returned should be the same as the name
        # of the field.
        puts "-------> Before clone"
        set cloneConfiguration [java::cast ptolemy.kernel.CompositeEntity [$configuration clone [java::new ptolemy.kernel.util.Workspace {clonedWorkspace}]]]
        puts "-------> after clone"
        set entityList [$configuration allAtomicEntityList]
        set results {}
        set logfile [open logfile2-1 "w"]
        for {set iterator [$entityList iterator]}  {[$iterator hasNext] == 1} {} {
            set entity [$iterator next]
            if [java::instanceof $entity ptolemy.actor.TypedAtomicActor] {
        	set actor [java::cast ptolemy.actor.TypedAtomicActor $entity]
        	set className [$actor getClassName]
        	if [java::instanceof $entity $className] {
        	    set realActor [java::cast $className $entity]
        	    set fields [java::info fields $realActor]
        	    # This puts seems to be necessary, or else we get
        	    # field being set to 'tcl.lang.FieldSig@2b6fc7'
        	    # instead of 'factor'
        	    puts $logfile "actor: $className fields: $fields"
        	    foreach field $fields {
        		# If the field is actually defined in the parent class
        		# then java::field will not find the field
        		set fieldObj [java::null]
        		catch {
        		    # We use -noconvert here in case there is a public
        		    # int or double. hde.ArrayMem has a public int.
        		    set fieldObj [java::field -noconvert  $realActor $field]
        		}
        		if {![java::isnull $fieldObj]} {
        		    if [catch {set dottedName [$fieldObj getName $entity]} errMsg] {
        			set msg "\n\nIn '$className'\n On the field '$field'\n The getName() method failed:\n $errMsg\n Perhaps the field is a basic type?\n"
        			lappend results $msg
        		    } else {
        			set sanitizedName [java::call ptolemy.util.StringUtilities sanitizeName $dottedName]
        			if {"$sanitizedName" != "$field"} {
        			    if { "${sanitizedName}Port" == "$field"} {
        				# FileReader needs this:
        				puts "\nWarning: In '$className'\n  The getName() method returns\n   '[$fieldObj getName]' but the  field is named\n   '$field'\n   This is technically a violation  of the coding standard,\n   but permissible because the name  ends in 'Port'"

        			    } else {
        				set msg "\n\nIn '$className'\n The getName() method returns\n  '$sanitizedName' != '$field'  '[$fieldObj getName]' but the  field is named\n  '$field'.\n  Perhaps you should use an  underscore followed by the field  name\n, see how SDFTransformer  keeps a reference to objecs that  are not directly contained."
        			lappend results $msg
        			    }
        			}
        		    }
        		}
        	    }
        	}
            }
        }
        close $logfile
        file delete logfile2-1
        $cloneConfiguration setContainer [java::null]
        list $results
    
==== Test generated error:
    while executing
ptolemy.kernel.util.InvalidStateException: Failed to populate Library
  in .configuration.actor library.MoreLibraries.Accessors.audio
Because:
Loading accessor failed: AudioCapture.js
  in .configuration.actor library.MoreLibraries.Accessors.audio
Because:
Error evaluating expression:
// Copyright (c) 2015-2017 The Regents of the University of California.
...
  in .configuration.actor library.MoreLibraries.Accessors.audio.AudioCapture.script
Because:
Failed to evaluate script.
  in .configuration.actor library.MoreLibraries.Accessors.audio.AudioCapture
Because:
Error: Error executing module audio line #undefined : ptolemy.actor.lib.jjs.modules.audio.AudioHelper
In file: /home/travis/build/icyphy/ptII/ptolemy/actor/lib/jjs/modules/audio/audio.js

java.lang.ClassNotFoundException: ptolemy.actor.lib.jjs.modules.audio.AudioHelper
	at java.base/jdk.internal.loader.BuiltinClassLoader.loadClass(BuiltinClassLoader.java:583)
	at java.base/jdk.internal.loader.ClassLoaders$AppClassLoader.loadClass(ClassLoaders.java:178)
	at java.base/java.lang.ClassLoader.loadClass(ClassLoader.java:521)
	at java.base/java.lang.Class.forName0(Native Method)
	at java.base/java.lang.Class.forName(Class.java:398)
	at jdk.scripting.nashorn/jdk.nashorn.internal.runtime.Context.findClass(Context.java:1180)
	at jdk.scripting.nashorn/jdk.nashorn.internal.objects.NativeJava.simpleType(NativeJava.java:546)
	at jdk.scripting.nashorn/jdk.nashorn.internal.objects.NativeJava.type(NativeJava.java:326)
	at jdk.scripting.nashorn/jdk.nashorn.internal.objects.NativeJava.type(NativeJava.java:318)
	at jdk.scripting.nashorn/jdk.nashorn.internal.objects.NativeJava.type(NativeJava.java:314)
	at jdk.scripting.nashorn.scripts/jdk.nashorn.internal.scripts.Script$Recompilation$539$require.L:1(/home/travis/build/icyphy/ptII/ptolemy/actor/lib/jjs/external/require.js#409:30<eval>:48)
	at jdk.scripting.nashorn.scripts/jdk.nashorn.internal.scripts.Script$Recompilation$449$require.L:45#_require(/home/travis/build/icyphy/ptII/ptolemy/actor/lib/jjs/external/require.js:429)
	at jdk.scripting.nashorn.scripts/jdk.nashorn.internal.scripts.Script$Recompilation$453$21065A$require.L:45#_requireClosure#L:466(/home/travis/build/icyphy/ptII/ptolemy/actor/lib/jjs/external/require.js:467)
	at jdk.scripting.nashorn.scripts/jdk.nashorn.internal.scripts.Script$Recompilation$527$1AAAAAAAAAAAAAA$\^function\_.L:1(<function>:97)
	at jdk.scripting.nashorn.scripts/jdk.nashorn.internal.scripts.Script$Recompilation$526$17933AAAAAA$require$cu1$restOf.L:1#Accessor(/home/travis/build/icyphy/ptII/ptolemy/actor/lib/jjs/external/require.js#409:30<eval>:545)
	at jdk.scripting.nashorn.scripts/jdk.nashorn.internal.scripts.Script$Recompilation$512$2801AAA$\^eval\_.evaluateCode(<eval>:96)
	at jdk.scripting.nashorn/jdk.nashorn.internal.runtime.ScriptFunctionData.invoke(ScriptFunctionData.java:661)
	at jdk.scripting.nashorn/jdk.nashorn.internal.runtime.ScriptFunction.invoke(ScriptFunction.java:513)
	at jdk.scripting.nashorn/jdk.nashorn.internal.runtime.ScriptRuntime.apply(ScriptRuntime.java:527)
	at jdk.scripting.nashorn/jdk.nashorn.api.scripting.ScriptObjectMirror.callMember(ScriptObjectMirror.java:202)
	at jdk.scripting.nashorn/jdk.nashorn.api.scripting.NashornScriptEngine.invokeImpl(NashornScriptEngine.java:393)
	at jdk.scripting.nashorn/jdk.nashorn.api.scripting.NashornScriptEngine.invokeFunction(NashornScriptEngine.java:197)
	at ptolemy.actor.lib.jjs.JavaScript._createEngineAndEvaluateSetup(JavaScript.java:2493)
	at ptolemy.actor.lib.jjs.JavaScript.attributeChanged(JavaScript.java:548)
	at org.terraswarm.accessor.JSAccessor.attributeChanged(JSAccessor.java:312)
	at ptolemy.data.expr.Variable._setTokenAndNotify(Variable.java:2271)
	at ptolemy.data.expr.Variable._evaluate(Variable.java:1873)
	at ptolemy.data.expr.Variable._propagate(Variable.java:1984)
	at ptolemy.data.expr.Variable.validate(Variable.java:1596)
	at ptolemy.moml.MoMLParser.endDocument(MoMLParser.java:867)
	at com.microstar.xml.XmlParser.doParse(XmlParser.java:162)
	at com.microstar.xml.XmlParser.parse(XmlParser.java:132)
	at ptolemy.moml.MoMLParser.parse(MoMLParser.java:1676)
	at ptolemy.moml.MoMLParser.parse(MoMLParser.java:1617)
	at ptolemy.moml.MoMLParser.parse(MoMLParser.java:1792)
	at org.terraswarm.accessor.AccessorLibrary.populate(AccessorLibrary.java:194)
	at ptolemy.moml.EntityLibrary.deepEntityList(EntityLibrary.java:349)
	at ptolemy.kernel.CompositeEntity.deepEntityList(CompositeEntity.java:714)
	at ptolemy.moml.EntityLibrary.deepEntityList(EntityLibrary.java:350)
	at ptolemy.kernel.CompositeEntity.deepEntityList(CompositeEntity.java:714)
	at ptolemy.moml.EntityLibrary.deepEntityList(EntityLibrary.java:350)
	at ptolemy.kernel.CompositeEntity.deepEntityList(CompositeEntity.java:714)
	at ptolemy.kernel.CompositeEntity.deepEntityList(CompositeEntity.java:714)
	at ptolemy.kernel.CompositeEntity.allAtomicEntityList(CompositeEntity.java:188)
	at java.base/jdk.internal.reflect.NativeMethodAccessorImpl.invoke0(Native Method)
	at java.base/jdk.internal.reflect.NativeMethodAccessorImpl.invoke(NativeMethodAccessorImpl.java:62)
	at java.base/jdk.internal.reflect.DelegatingMethodAccessorImpl.invoke(DelegatingMethodAccessorImpl.java:43)
	at java.base/java.lang.reflect.Method.invoke(Method.java:566)
	at tcl.lang.reflect.PkgInvoker.invokeMethod(PkgInvoker.java:129)
	at tcl.lang.JavaInvoke.call(JavaInvoke.java:253)
	at tcl.lang.JavaInvoke.callMethod(JavaInvoke.java:116)
	at tcl.lang.ReflectObject.cmdProc(ReflectObject.java:727)
	at tcl.lang.Parser.evalObjv(Parser.java:740)
	at tcl.lang.Parser.eval2(Parser.java:1138)
	at tcl.lang.Parser.evalTokens(Parser.java:930)
	at tcl.lang.Parser.eval2(Parser.java:1125)
	at tcl.lang.Interp.eval(Interp.java:1782)
	at tcl.lang.Interp.eval(Interp.java:1841)
	at tcl.lang.UplevelCmd.cmdProc(UplevelCmd.java:93)
	at tcl.lang.Parser.evalObjv(Parser.java:740)
	at tcl.lang.Parser.eval2(Parser.java:1138)
	at tcl.lang.Interp.eval(Interp.java:1782)
	at tcl.lang.Interp.eval(Interp.java:1841)
	at tcl.lang.CatchCmd.cmdProc(CatchCmd.java:42)
	at tcl.lang.Parser.evalObjv(Parser.java:740)
	at tcl.lang.Parser.eval2(Parser.java:1138)
	at tcl.lang.Parser.evalTokens(Parser.java:930)
	at tcl.lang.Parser.eval2(Parser.java:1125)
	at tcl.lang.Procedure.cmdProc(Procedure.java:175)
	at tcl.lang.Parser.evalObjv(Parser.java:740)
	at tcl.lang.Parser.eval2(Parser.java:1138)
	at tcl.lang.Interp.eval(Interp.java:1782)
	at tcl.lang.Interp.eval(Interp.java:1841)
	at tcl.lang.ForeachCmd.cmdProc(ForeachCmd.java:116)
	at tcl.lang.AutoloadStub.cmdProc(Extension.java:144)
	at tcl.lang.Parser.evalObjv(Parser.java:740)
	at tcl.lang.Parser.eval2(Parser.java:1138)
	at tcl.lang.Interp.eval(Interp.java:1782)
	at tcl.lang.Interp.evalFile(Interp.java:1880)
	at java.base/jdk.internal.reflect.NativeMethodAccessorImpl.invoke0(Native Method)
	at java.base/jdk.internal.reflect.NativeMethodAccessorImpl.invoke(NativeMethodAccessorImpl.java:62)
	at java.base/jdk.internal.reflect.DelegatingMethodAccessorImpl.invoke(DelegatingMethodAccessorImpl.java:43)
	at java.base/java.lang.reflect.Method.invoke(Method.java:566)
	at ptolemy.util.test.junit.TclTests.RunTclFile(TclTests.java:233)
	at java.base/jdk.internal.reflect.NativeMethodAccessorImpl.invoke0(Native Method)
	at java.base/jdk.internal.reflect.NativeMethodAccessorImpl.invoke(NativeMethodAccessorImpl.java:62)
	at java.base/jdk.internal.reflect.DelegatingMethodAccessorImpl.invoke(DelegatingMethodAccessorImpl.java:43)
	at java.base/java.lang.reflect.Method.invoke(Method.java:566)
	at org.junit.runners.model.FrameworkMethod$1.runReflectiveCall(FrameworkMethod.java:44)
	at org.junit.internal.runners.model.ReflectiveCallable.run(ReflectiveCallable.java:15)
	at org.junit.runners.model.FrameworkMethod.invokeExplosively(FrameworkMethod.java:41)
	at junitparams.internal.InvokeParameterisedMethod.evaluate(InvokeParameterisedMethod.java:102)
	at junitparams.internal.ParameterisedTestMethodRunner.runMethodInvoker(ParameterisedTestMethodRunner.java:47)
	at junitparams.internal.ParameterisedTestMethodRunner.runTestMethod(ParameterisedTestMethodRunner.java:41)
	at junitparams.internal.ParameterisedTestClassRunner.runParameterisedTest(ParameterisedTestClassRunner.java:143)
	at junitparams.JUnitParamsRunner.runChild(JUnitParamsRunner.java:237)
	at junitparams.JUnitParamsRunner.runChild(JUnitParamsRunner.java:215)
	at org.junit.runners.ParentRunner$3.run(ParentRunner.java:193)
	at org.junit.runners.ParentRunner$1.schedule(ParentRunner.java:52)
	at org.junit.runners.ParentRunner.runChildren(ParentRunner.java:191)
	at org.junit.runners.ParentRunner.access$000(ParentRunner.java:42)
	at org.junit.runners.ParentRunner$2.evaluate(ParentRunner.java:184)
	at org.junit.internal.runners.statements.RunAfters.evaluate(RunAfters.java:31)
	at org.junit.runners.ParentRunner.run(ParentRunner.java:236)
	at org.junit.runners.Suite.runChild(Suite.java:128)
	at org.junit.runners.Suite.runChild(Suite.java:24)
	at org.junit.runners.ParentRunner$3.run(ParentRunner.java:193)
	at org.junit.runners.ParentRunner$1.schedule(ParentRunner.java:52)
	at org.junit.runners.ParentRunner.runChildren(ParentRunner.java:191)
	at org.junit.runners.ParentRunner.access$000(ParentRunner.java:42)
	at org.junit.runners.ParentRunner$2.evaluate(ParentRunner.java:184)
	at org.junit.runners.ParentRunner.run(ParentRunner.java:236)
	at junit.framework.JUnit4TestAdapter.run(JUnit4TestAdapter.java:39)
	at org.apache.tools.ant.taskdefs.optional.junit.JUnitTestRunner.run(JUnitTestRunner.java:535)
	at org.apache.tools.ant.taskdefs.optional.junit.JUnitTestRunner.launch(JUnitTestRunner.java:1182)
	at org.apache.tools.ant.taskdefs.optional.junit.JUnitTestRunner.main(JUnitTestRunner.java:1033)
 in /home/travis/build/icyphy/ptII/ptolemy/actor/lib/jjs/external/require.js at line number 454 at column number 12
  in .configuration.actor library.MoreLibraries.Accessors.audio.AudioCapture.script
Because:
Error evaluating expression:
// Copyright (c) 2015-2017 The Regents of the University of California.
...
  in .configuration.actor library.MoreLibraries.Accessors.audio.AudioCapture.script
Because:
Failed to evaluate script.
  in .configuration.actor library.MoreLibraries.Accessors.audio.AudioCapture
Because:
Error: Error executing module audio line #undefined : ptolemy.actor.lib.jjs.modules.audio.AudioHelper
In file: /home/travis/build/icyphy/ptII/ptolemy/actor/lib/jjs/modules/audio/audio.js

java.lang.ClassNotFoundException: ptolemy.actor.lib.jjs.modules.audio.AudioHelper
	at java.base/jdk.internal.loader.BuiltinClassLoader.loadClass(BuiltinClassLoader.java:583)
	at java.base/jdk.internal.loader.ClassLoaders$AppClassLoader.loadClass(ClassLoaders.java:178)
	at java.base/java.lang.ClassLoader.loadClass(ClassLoader.java:521)
	at java.base/java.lang.Class.forName0(Native Method)
	at java.base/java.lang.Class.forName(Class.java:398)
	at jdk.scripting.nashorn/jdk.nashorn.internal.runtime.Context.findClass(Context.java:1180)
	at jdk.scripting.nashorn/jdk.nashorn.internal.objects.NativeJava.simpleType(NativeJava.java:546)
	at jdk.scripting.nashorn/jdk.nashorn.internal.objects.NativeJava.type(NativeJava.java:326)
	at jdk.scripting.nashorn/jdk.nashorn.internal.objects.NativeJava.type(NativeJava.java:318)
	at jdk.scripting.nashorn/jdk.nashorn.internal.objects.NativeJava.type(NativeJava.java:314)
	at jdk.scripting.nashorn.scripts/jdk.nashorn.internal.scripts.Script$Recompilation$539$require.L:1(/home/travis/build/icyphy/ptII/ptolemy/actor/lib/jjs/external/require.js#409:30<eval>:48)
	at jdk.scripting.nashorn.scripts/jdk.nashorn.internal.scripts.Script$Recompilation$449$require.L:45#_require(/home/travis/build/icyphy/ptII/ptolemy/actor/lib/jjs/external/require.js:429)
	at jdk.scripting.nashorn.scripts/jdk.nashorn.internal.scripts.Script$Recompilation$453$21065A$require.L:45#_requireClosure#L:466(/home/travis/build/icyphy/ptII/ptolemy/actor/lib/jjs/external/require.js:467)
	at jdk.scripting.nashorn.scripts/jdk.nashorn.internal.scripts.Script$Recompilation$527$1AAAAAAAAAAAAAA$\^function\_.L:1(<function>:97)
	at jdk.scripting.nashorn.scripts/jdk.nashorn.internal.scripts.Script$Recompilation$526$17933AAAAAA$require$cu1$restOf.L:1#Accessor(/home/travis/build/icyphy/ptII/ptolemy/actor/lib/jjs/external/require.js#409:30<eval>:545)
	at jdk.scripting.nashorn.scripts/jdk.nashorn.internal.scripts.Script$Recompilation$512$2801AAA$\^eval\_.evaluateCode(<eval>:96)
	at jdk.scripting.nashorn/jdk.nashorn.internal.runtime.ScriptFunctionData.invoke(ScriptFunctionData.java:661)
	at jdk.scripting.nashorn/jdk.nashorn.internal.runtime.ScriptFunction.invoke(ScriptFunction.java:513)
	at jdk.scripting.nashorn/jdk.nashorn.internal.runtime.ScriptRuntime.apply(ScriptRuntime.java:527)
	at jdk.scripting.nashorn/jdk.nashorn.api.scripting.ScriptObjectMirror.callMember(ScriptObjectMirror.java:202)
	at jdk.scripting.nashorn/jdk.nashorn.api.scripting.NashornScriptEngine.invokeImpl(NashornScriptEngine.java:393)
	at jdk.scripting.nashorn/jdk.nashorn.api.scripting.NashornScriptEngine.invokeFunction(NashornScriptEngine.java:197)
	at ptolemy.actor.lib.jjs.JavaScript._createEngineAndEvaluateSetup(JavaScript.java:2493)
	at ptolemy.actor.lib.jjs.JavaScript.attributeChanged(JavaScript.java:548)
	at org.terraswarm.accessor.JSAccessor.attributeChanged(JSAccessor.java:312)
	at ptolemy.data.expr.Variable._setTokenAndNotify(Variable.java:2271)
	at ptolemy.data.expr.Variable._evaluate(Variable.java:1873)
	at ptolemy.data.expr.Variable._propagate(Variable.java:1984)
	at ptolemy.data.expr.Variable.validate(Variable.java:1596)
	at ptolemy.moml.MoMLParser.endDocument(MoMLParser.java:867)
	at com.microstar.xml.XmlParser.doParse(XmlParser.java:162)
	at com.microstar.xml.XmlParser.parse(XmlParser.java:132)
	at ptolemy.moml.MoMLParser.parse(MoMLParser.java:1676)
	at ptolemy.moml.MoMLParser.parse(MoMLParser.java:1617)
	at ptolemy.moml.MoMLParser.parse(MoMLParser.java:1792)
	at org.terraswarm.accessor.AccessorLibrary.populate(AccessorLibrary.java:194)
	at ptolemy.moml.EntityLibrary.deepEntityList(EntityLibrary.java:349)
	at ptolemy.kernel.CompositeEntity.deepEntityList(CompositeEntity.java:714)
	at ptolemy.moml.EntityLibrary.deepEntityList(EntityLibrary.java:350)
	at ptolemy.kernel.CompositeEntity.deepEntityList(CompositeEntity.java:714)
	at ptolemy.moml.EntityLibrary.deepEntityList(EntityLibrary.java:350)
	at ptolemy.kernel.CompositeEntity.deepEntityList(CompositeEntity.java:714)
	at ptolemy.kernel.CompositeEntity.deepEntityList(CompositeEntity.java:714)
	at ptolemy.kernel.CompositeEntity.allAtomicEntityList(CompositeEntity.java:188)
	at java.base/jdk.internal.reflect.NativeMethodAccessorImpl.invoke0(Native Method)
	at java.base/jdk.internal.reflect.NativeMethodAccessorImpl.invoke(NativeMethodAccessorImpl.java:62)
	at java.base/jdk.internal.reflect.DelegatingMethodAccessorImpl.invoke(DelegatingMethodAccessorImpl.java:43)
	at java.base/java.lang.reflect.Method.invoke(Method.java:566)
	at tcl.lang.reflect.PkgInvoker.invokeMethod(PkgInvoker.java:129)
	at tcl.lang.JavaInvoke.call(JavaInvoke.java:253)
	at tcl.lang.JavaInvoke.callMethod(JavaInvoke.java:116)
	at tcl.lang.ReflectObject.cmdProc(ReflectObject.java:727)
	at tcl.lang.Parser.evalObjv(Parser.java:740)
	at tcl.lang.Parser.eval2(Parser.java:1138)
	at tcl.lang.Parser.evalTokens(Parser.java:930)
	at tcl.lang.Parser.eval2(Parser.java:1125)
	at tcl.lang.Interp.eval(Interp.java:1782)
	at tcl.lang.Interp.eval(Interp.java:1841)
	at tcl.lang.UplevelCmd.cmdProc(UplevelCmd.java:93)
	at tcl.lang.Parser.evalObjv(Parser.java:740)
	at tcl.lang.Parser.eval2(Parser.java:1138)
	at tcl.lang.Interp.eval(Interp.java:1782)
	at tcl.lang.Interp.eval(Interp.java:1841)
	at tcl.lang.CatchCmd.cmdProc(CatchCmd.java:42)
	at tcl.lang.Parser.evalObjv(Parser.java:740)
	at tcl.lang.Parser.eval2(Parser.java:1138)
	at tcl.lang.Parser.evalTokens(Parser.java:930)
	at tcl.lang.Parser.eval2(Parser.java:1125)
	at tcl.lang.Procedure.cmdProc(Procedure.java:175)
	at tcl.lang.Parser.evalObjv(Parser.java:740)
	at tcl.lang.Parser.eval2(Parser.java:1138)
	at tcl.lang.Interp.eval(Interp.java:1782)
	at tcl.lang.Interp.eval(Interp.java:1841)
	at tcl.lang.ForeachCmd.cmdProc(ForeachCmd.java:116)
	at tcl.lang.AutoloadStub.cmdProc(Extension.java:144)
	at tcl.lang.Parser.evalObjv(Parser.java:740)
	at tcl.lang.Parser.eval2(Parser.java:1138)
	at tcl.lang.Interp.eval(Interp.java:1782)
	at tcl.lang.Interp.evalFile(Interp.java:1880)
	at java.base/jdk.internal.reflect.NativeMethodAccessorImpl.invoke0(Native Method)
	at java.base/jdk.internal.reflect.NativeMethodAccessorImpl.invoke(NativeMethodAccessorImpl.java:62)
	at java.base/jdk.internal.reflect.DelegatingMethodAccessorImpl.invoke(DelegatingMethodAccessorImpl.java:43)
	at java.base/java.lang.reflect.Method.invoke(Method.java:566)
	at ptolemy.util.test.junit.TclTests.RunTclFile(TclTests.java:233)
	at java.base/jdk.internal.reflect.NativeMethodAccessorImpl.invoke0(Native Method)
	at java.base/jdk.internal.reflect.NativeMethodAccessorImpl.invoke(NativeMethodAccessorImpl.java:62)
	at java.base/jdk.internal.reflect.DelegatingMethodAccessorImpl.invoke(DelegatingMethodAccessorImpl.java:43)
	at java.base/java.lang.reflect.Method.invoke(Method.java:566)
	at org.junit.runners.model.FrameworkMethod$1.runReflectiveCall(FrameworkMethod.java:44)
	at org.junit.internal.runners.model.ReflectiveCallable.run(ReflectiveCallable.java:15)
	at org.junit.runners.model.FrameworkMethod.invokeExplosively(FrameworkMethod.java:41)
	at junitparams.internal.InvokeParameterisedMethod.evaluate(InvokeParameterisedMethod.java:102)
	at junitparams.internal.ParameterisedTestMethodRunner.runMethodInvoker(ParameterisedTestMethodRunner.java:47)
	at junitparams.internal.ParameterisedTestMethodRunner.runTestMethod(ParameterisedTestMethodRunner.java:41)
	at junitparams.internal.ParameterisedTestClassRunner.runParameterisedTest(ParameterisedTestClassRunner.java:143)
	at junitparams.JUnitParamsRunner.runChild(JUnitParamsRunner.java:237)
	at junitparams.JUnitParamsRunner.runChild(JUnitParamsRunner.java:215)
	at org.junit.runners.ParentRunner$3.run(ParentRunner.java:193)
	at org.junit.runners.ParentRunner$1.schedule(ParentRunner.java:52)
	at org.junit.runners.ParentRunner.runChildren(ParentRunner.java:191)
	at org.junit.runners.ParentRunner.access$000(ParentRunner.java:42)
	at org.junit.runners.ParentRunner$2.evaluate(ParentRunner.java:184)
	at org.junit.internal.runners.statements.RunAfters.evaluate(RunAfters.java:31)
	at org.junit.runners.ParentRunner.run(ParentRunner.java:236)
	at org.junit.runners.Suite.runChild(Suite.java:128)
	at org.junit.runners.Suite.runChild(Suite.java:24)
	at org.junit.runners.ParentRunner$3.run(ParentRunner.java:193)
	at org.junit.runners.ParentRunner$1.schedule(ParentRunner.java:52)
	at org.junit.runners.ParentRunner.runChildren(ParentRunner.java:191)
	at org.junit.runners.ParentRunner.access$000(ParentRunner.java:42)
	at org.junit.runners.ParentRunner$2.evaluate(ParentRunner.java:184)
	at org.junit.runners.ParentRunner.run(ParentRunner.java:236)
	at junit.framework.JUnit4TestAdapter.run(JUnit4TestAdapter.java:39)
	at org.apache.tools.ant.taskdefs.optional.junit.JUnitTestRunner.run(JUnitTestRunner.java:535)
	at org.apache.tools.ant.taskdefs.optional.junit.JUnitTestRunner.launch(JUnitTestRunner.java:1182)
	at org.apache.tools.ant.taskdefs.optional.junit.JUnitTestRunner.main(JUnitTestRunner.java:1033)
 in /home/travis/build/icyphy/ptII/ptolemy/actor/lib/jjs/external/require.js at line number 454 at column number 12
	at org.terraswarm.accessor.AccessorLibrary.populate(AccessorLibrary.java:307)
	at ptolemy.moml.EntityLibrary.deepEntityList(EntityLibrary.java:349)
	at ptolemy.kernel.CompositeEntity.deepEntityList(CompositeEntity.java:714)
	at ptolemy.moml.EntityLibrary.deepEntityList(EntityLibrary.java:350)
	at ptolemy.kernel.CompositeEntity.deepEntityList(CompositeEntity.java:714)
	at ptolemy.moml.EntityLibrary.deepEntityList(EntityLibrary.java:350)
	at ptolemy.kernel.CompositeEntity.deepEntityList(CompositeEntity.java:714)
	at ptolemy.kernel.CompositeEntity.deepEntityList(CompositeEntity.java:714)
	at ptolemy.kernel.CompositeEntity.allAtomicEntityList(CompositeEntity.java:188)
	at java.base/jdk.internal.reflect.NativeMethodAccessorImpl.invoke0(Native Method)
	at java.base/jdk.internal.reflect.NativeMethodAccessorImpl.invoke(NativeMethodAccessorImpl.java:62)
	at java.base/jdk.internal.reflect.DelegatingMethodAccessorImpl.invoke(DelegatingMethodAccessorImpl.java:43)
	at java.base/java.lang.reflect.Method.invoke(Method.java:566)
	at tcl.lang.reflect.PkgInvoker.invokeMethod(PkgInvoker.java:129)
	at tcl.lang.JavaInvoke.call(JavaInvoke.java:253)
	at tcl.lang.JavaInvoke.callMethod(JavaInvoke.java:116)
	at tcl.lang.ReflectObject.cmdProc(ReflectObject.java:727)
	at tcl.lang.Parser.evalObjv(Parser.java:740)
	at tcl.lang.Parser.eval2(Parser.java:1138)
	at tcl.lang.Parser.evalTokens(Parser.java:930)
	at tcl.lang.Parser.eval2(Parser.java:1125)
	at tcl.lang.Interp.eval(Interp.java:1782)
	at tcl.lang.Interp.eval(Interp.java:1841)
	at tcl.lang.UplevelCmd.cmdProc(UplevelCmd.java:93)
	at tcl.lang.Parser.evalObjv(Parser.java:740)
	at tcl.lang.Parser.eval2(Parser.java:1138)
	at tcl.lang.Interp.eval(Interp.java:1782)
	at tcl.lang.Interp.eval(Interp.java:1841)
	at tcl.lang.CatchCmd.cmdProc(CatchCmd.java:42)
	at tcl.lang.Parser.evalObjv(Parser.java:740)
	at tcl.lang.Parser.eval2(Parser.java:1138)
	at tcl.lang.Parser.evalTokens(Parser.java:930)
	at tcl.lang.Parser.eval2(Parser.java:1125)
	at tcl.lang.Procedure.cmdProc(Procedure.java:175)
	at tcl.lang.Parser.evalObjv(Parser.java:740)
	at tcl.lang.Parser.eval2(Parser.java:1138)
	at tcl.lang.Interp.eval(Interp.java:1782)
	at tcl.lang.Interp.eval(Interp.java:1841)
	at tcl.lang.ForeachCmd.cmdProc(ForeachCmd.java:116)
	at tcl.lang.AutoloadStub.cmdProc(Extension.java:144)
	at tcl.lang.Parser.evalObjv(Parser.java:740)
	at tcl.lang.Parser.eval2(Parser.java:1138)
	at tcl.lang.Interp.eval(Interp.java:1782)
	at tcl.lang.Interp.evalFile(Interp.java:1880)
	at java.base/jdk.internal.reflect.NativeMethodAccessorImpl.invoke0(Native Method)
	at java.base/jdk.internal.reflect.NativeMethodAccessorImpl.invoke(NativeMethodAccessorImpl.java:62)
	at java.base/jdk.internal.reflect.DelegatingMethodAccessorImpl.invoke(DelegatingMethodAccessorImpl.java:43)
	at java.base/java.lang.reflect.Method.invoke(Method.java:566)
	at ptolemy.util.test.junit.TclTests.RunTclFile(TclTests.java:233)
	at java.base/jdk.internal.reflect.NativeMethodAccessorImpl.invoke0(Native Method)
	at java.base/jdk.internal.reflect.NativeMethodAccessorImpl.invoke(NativeMethodAccessorImpl.java:62)
	at java.base/jdk.internal.reflect.DelegatingMethodAccessorImpl.invoke(DelegatingMethodAccessorImpl.java:43)
	at java.base/java.lang.reflect.Method.invoke(Method.java:566)
	at org.junit.runners.model.FrameworkMethod$1.runReflectiveCall(FrameworkMethod.java:44)
	at org.junit.internal.runners.model.ReflectiveCallable.run(ReflectiveCallable.java:15)
	at org.junit.runners.model.FrameworkMethod.invokeExplosively(FrameworkMethod.java:41)
	at junitparams.internal.InvokeParameterisedMethod.evaluate(InvokeParameterisedMethod.java:102)
	at junitparams.internal.ParameterisedTestMethodRunner.runMethodInvoker(ParameterisedTestMethodRunner.java:47)
	at junitparams.internal.ParameterisedTestMethodRunner.runTestMethod(ParameterisedTestMethodRunner.java:41)
	at junitparams.internal.ParameterisedTestClassRunner.runParameterisedTest(ParameterisedTestClassRunner.java:143)
	at junitparams.JUnitParamsRunner.runChild(JUnitParamsRunner.java:237)
	at junitparams.JUnitParamsRunner.runChild(JUnitParamsRunner.java:215)
	at org.junit.runners.ParentRunner$3.run(ParentRunner.java:193)
	at org.junit.runners.ParentRunner$1.schedule(ParentRunner.java:52)
	at org.junit.runners.ParentRunner.runChildren(ParentRunner.java:191)
	at org.junit.runners.ParentRunner.access$000(ParentRunner.java:42)
	at org.junit.runners.ParentRunner$2.evaluate(ParentRunner.java:184)
	at org.junit.internal.runners.statements.RunAfters.evaluate(RunAfters.java:31)
	at org.junit.runners.ParentRunner.run(ParentRunner.java:236)
	at org.junit.runners.Suite.runChild(Suite.java:128)
	at org.junit.runners.Suite.runChild(Suite.java:24)
	at org.junit.runners.ParentRunner$3.run(ParentRunner.java:193)
	at org.junit.runners.ParentRunner$1.schedule(ParentRunner.java:52)
	at org.junit.runners.ParentRunner.runChildren(ParentRunner.java:191)
	at org.junit.runners.ParentRunner.access$000(ParentRunner.java:42)
	at org.junit.runners.ParentRunner$2.evaluate(ParentRunner.java:184)
	at org.junit.runners.ParentRunner.run(ParentRunner.java:236)
	at junit.framework.JUnit4TestAdapter.run(JUnit4TestAdapter.java:39)
	at org.apache.tools.ant.taskdefs.optional.junit.JUnitTestRunner.run(JUnitTestRunner.java:535)
	at org.apache.tools.ant.taskdefs.optional.junit.JUnitTestRunner.launch(JUnitTestRunner.java:1182)
	at org.apache.tools.ant.taskdefs.optional.junit.JUnitTestRunner.main(JUnitTestRunner.java:1033)
Caused by: ptolemy.kernel.util.InternalErrorException: Loading accessor failed: AudioCapture.js
  in .configuration.actor library.MoreLibraries.Accessors.audio
Because:
Error evaluating expression:
// Copyright (c) 2015-2017 The Regents of the University of California.
...
  in .configuration.actor library.MoreLibraries.Accessors.audio.AudioCapture.script
Because:
Failed to evaluate script.
  in .configuration.actor library.MoreLibraries.Accessors.audio.AudioCapture
Because:
Error: Error executing module audio line #undefined : ptolemy.actor.lib.jjs.modules.audio.AudioHelper
In file: /home/travis/build/icyphy/ptII/ptolemy/actor/lib/jjs/modules/audio/audio.js

java.lang.ClassNotFoundException: ptolemy.actor.lib.jjs.modules.audio.AudioHelper
	at java.base/jdk.internal.loader.BuiltinClassLoader.loadClass(BuiltinClassLoader.java:583)
	at java.base/jdk.internal.loader.ClassLoaders$AppClassLoader.loadClass(ClassLoaders.java:178)
	at java.base/java.lang.ClassLoader.loadClass(ClassLoader.java:521)
	at java.base/java.lang.Class.forName0(Native Method)
	at java.base/java.lang.Class.forName(Class.java:398)
	at jdk.scripting.nashorn/jdk.nashorn.internal.runtime.Context.findClass(Context.java:1180)
	at jdk.scripting.nashorn/jdk.nashorn.internal.objects.NativeJava.simpleType(NativeJava.java:546)
	at jdk.scripting.nashorn/jdk.nashorn.internal.objects.NativeJava.type(NativeJava.java:326)
	at jdk.scripting.nashorn/jdk.nashorn.internal.objects.NativeJava.type(NativeJava.java:318)
	at jdk.scripting.nashorn/jdk.nashorn.internal.objects.NativeJava.type(NativeJava.java:314)
	at jdk.scripting.nashorn.scripts/jdk.nashorn.internal.scripts.Script$Recompilation$539$require.L:1(/home/travis/build/icyphy/ptII/ptolemy/actor/lib/jjs/external/require.js#409:30<eval>:48)
	at jdk.scripting.nashorn.scripts/jdk.nashorn.internal.scripts.Script$Recompilation$449$require.L:45#_require(/home/travis/build/icyphy/ptII/ptolemy/actor/lib/jjs/external/require.js:429)
	at jdk.scripting.nashorn.scripts/jdk.nashorn.internal.scripts.Script$Recompilation$453$21065A$require.L:45#_requireClosure#L:466(/home/travis/build/icyphy/ptII/ptolemy/actor/lib/jjs/external/require.js:467)
	at jdk.scripting.nashorn.scripts/jdk.nashorn.internal.scripts.Script$Recompilation$527$1AAAAAAAAAAAAAA$\^function\_.L:1(<function>:97)
	at jdk.scripting.nashorn.scripts/jdk.nashorn.internal.scripts.Script$Recompilation$526$17933AAAAAA$require$cu1$restOf.L:1#Accessor(/home/travis/build/icyphy/ptII/ptolemy/actor/lib/jjs/external/require.js#409:30<eval>:545)
	at jdk.scripting.nashorn.scripts/jdk.nashorn.internal.scripts.Script$Recompilation$512$2801AAA$\^eval\_.evaluateCode(<eval>:96)
	at jdk.scripting.nashorn/jdk.nashorn.internal.runtime.ScriptFunctionData.invoke(ScriptFunctionData.java:661)
	at jdk.scripting.nashorn/jdk.nashorn.internal.runtime.ScriptFunction.invoke(ScriptFunction.java:513)
	at jdk.scripting.nashorn/jdk.nashorn.internal.runtime.ScriptRuntime.apply(ScriptRuntime.java:527)
	at jdk.scripting.nashorn/jdk.nashorn.api.scripting.ScriptObjectMirror.callMember(ScriptObjectMirror.java:202)
	at jdk.scripting.nashorn/jdk.nashorn.api.scripting.NashornScriptEngine.invokeImpl(NashornScriptEngine.java:393)
	at jdk.scripting.nashorn/jdk.nashorn.api.scripting.NashornScriptEngine.invokeFunction(NashornScriptEngine.java:197)
	at ptolemy.actor.lib.jjs.JavaScript._createEngineAndEvaluateSetup(JavaScript.java:2493)
	at ptolemy.actor.lib.jjs.JavaScript.attributeChanged(JavaScript.java:548)
	at org.terraswarm.accessor.JSAccessor.attributeChanged(JSAccessor.java:312)
	at ptolemy.data.expr.Variable._setTokenAndNotify(Variable.java:2271)
	at ptolemy.data.expr.Variable._evaluate(Variable.java:1873)
	at ptolemy.data.expr.Variable._propagate(Variable.java:1984)
	at ptolemy.data.expr.Variable.validate(Variable.java:1596)
	at ptolemy.moml.MoMLParser.endDocument(MoMLParser.java:867)
	at com.microstar.xml.XmlParser.doParse(XmlParser.java:162)
	at com.microstar.xml.XmlParser.parse(XmlParser.java:132)
	at ptolemy.moml.MoMLParser.parse(MoMLParser.java:1676)
	at ptolemy.moml.MoMLParser.parse(MoMLParser.java:1617)
	at ptolemy.moml.MoMLParser.parse(MoMLParser.java:1792)
	at org.terraswarm.accessor.AccessorLibrary.populate(AccessorLibrary.java:194)
	at ptolemy.moml.EntityLibrary.deepEntityList(EntityLibrary.java:349)
	at ptolemy.kernel.CompositeEntity.deepEntityList(CompositeEntity.java:714)
	at ptolemy.moml.EntityLibrary.deepEntityList(EntityLibrary.java:350)
	at ptolemy.kernel.CompositeEntity.deepEntityList(CompositeEntity.java:714)
	at ptolemy.moml.EntityLibrary.deepEntityList(EntityLibrary.java:350)
	at ptolemy.kernel.CompositeEntity.deepEntityList(CompositeEntity.java:714)
	at ptolemy.kernel.CompositeEntity.deepEntityList(CompositeEntity.java:714)
	at ptolemy.kernel.CompositeEntity.allAtomicEntityList(CompositeEntity.java:188)
	at java.base/jdk.internal.reflect.NativeMethodAccessorImpl.invoke0(Native Method)
	at java.base/jdk.internal.reflect.NativeMethodAccessorImpl.invoke(NativeMethodAccessorImpl.java:62)
	at java.base/jdk.internal.reflect.DelegatingMethodAccessorImpl.invoke(DelegatingMethodAccessorImpl.java:43)
	at java.base/java.lang.reflect.Method.invoke(Method.java:566)
	at tcl.lang.reflect.PkgInvoker.invokeMethod(PkgInvoker.java:129)
	at tcl.lang.JavaInvoke.call(JavaInvoke.java:253)
	at tcl.lang.JavaInvoke.callMethod(JavaInvoke.java:116)
	at tcl.lang.ReflectObject.cmdProc(ReflectObject.java:727)
	at tcl.lang.Parser.evalObjv(Parser.java:740)
	at tcl.lang.Parser.eval2(Parser.java:1138)
	at tcl.lang.Parser.evalTokens(Parser.java:930)
	at tcl.lang.Parser.eval2(Parser.java:1125)
	at tcl.lang.Interp.eval(Interp.java:1782)
	at tcl.lang.Interp.eval(Interp.java:1841)
	at tcl.lang.UplevelCmd.cmdProc(UplevelCmd.java:93)
	at tcl.lang.Parser.evalObjv(Parser.java:740)
	at tcl.lang.Parser.eval2(Parser.java:1138)
	at tcl.lang.Interp.eval(Interp.java:1782)
	at tcl.lang.Interp.eval(Interp.java:1841)
	at tcl.lang.CatchCmd.cmdProc(CatchCmd.java:42)
	at tcl.lang.Parser.evalObjv(Parser.java:740)
	at tcl.lang.Parser.eval2(Parser.java:1138)
	at tcl.lang.Parser.evalTokens(Parser.java:930)
	at tcl.lang.Parser.eval2(Parser.java:1125)
	at tcl.lang.Procedure.cmdProc(Procedure.java:175)
	at tcl.lang.Parser.evalObjv(Parser.java:740)
	at tcl.lang.Parser.eval2(Parser.java:1138)
	at tcl.lang.Interp.eval(Interp.java:1782)
	at tcl.lang.Interp.eval(Interp.java:1841)
	at tcl.lang.ForeachCmd.cmdProc(ForeachCmd.java:116)
	at tcl.lang.AutoloadStub.cmdProc(Extension.java:144)
	at tcl.lang.Parser.evalObjv(Parser.java:740)
	at tcl.lang.Parser.eval2(Parser.java:1138)
	at tcl.lang.Interp.eval(Interp.java:1782)
	at tcl.lang.Interp.evalFile(Interp.java:1880)
	at java.base/jdk.internal.reflect.NativeMethodAccessorImpl.invoke0(Native Method)
	at java.base/jdk.internal.reflect.NativeMethodAccessorImpl.invoke(NativeMethodAccessorImpl.java:62)
	at java.base/jdk.internal.reflect.DelegatingMethodAccessorImpl.invoke(DelegatingMethodAccessorImpl.java:43)
	at java.base/java.lang.reflect.Method.invoke(Method.java:566)
	at ptolemy.util.test.junit.TclTests.RunTclFile(TclTests.java:233)
	at java.base/jdk.internal.reflect.NativeMethodAccessorImpl.invoke0(Native Method)
	at java.base/jdk.internal.reflect.NativeMethodAccessorImpl.invoke(NativeMethodAccessorImpl.java:62)
	at java.base/jdk.internal.reflect.DelegatingMethodAccessorImpl.invoke(DelegatingMethodAccessorImpl.java:43)
	at java.base/java.lang.reflect.Method.invoke(Method.java:566)
	at org.junit.runners.model.FrameworkMethod$1.runReflectiveCall(FrameworkMethod.java:44)
	at org.junit.internal.runners.model.ReflectiveCallable.run(ReflectiveCallable.java:15)
	at org.junit.runners.model.FrameworkMethod.invokeExplosively(FrameworkMethod.java:41)
	at junitparams.internal.InvokeParameterisedMethod.evaluate(InvokeParameterisedMethod.java:102)
	at junitparams.internal.ParameterisedTestMethodRunner.runMethodInvoker(ParameterisedTestMethodRunner.java:47)
	at junitparams.internal.ParameterisedTestMethodRunner.runTestMethod(ParameterisedTestMethodRunner.java:41)
	at junitparams.internal.ParameterisedTestClassRunner.runParameterisedTest(ParameterisedTestClassRunner.java:143)
	at junitparams.JUnitParamsRunner.runChild(JUnitParamsRunner.java:237)
	at junitparams.JUnitParamsRunner.runChild(JUnitParamsRunner.java:215)
	at org.junit.runners.ParentRunner$3.run(ParentRunner.java:193)
	at org.junit.runners.ParentRunner$1.schedule(ParentRunner.java:52)
	at org.junit.runners.ParentRunner.runChildren(ParentRunner.java:191)
	at org.junit.runners.ParentRunner.access$000(ParentRunner.java:42)
	at org.junit.runners.ParentRunner$2.evaluate(ParentRunner.java:184)
	at org.junit.internal.runners.statements.RunAfters.evaluate(RunAfters.java:31)
	at org.junit.runners.ParentRunner.run(ParentRunner.java:236)
	at org.junit.runners.Suite.runChild(Suite.java:128)
	at org.junit.runners.Suite.runChild(Suite.java:24)
	at org.junit.runners.ParentRunner$3.run(ParentRunner.java:193)
	at org.junit.runners.ParentRunner$1.schedule(ParentRunner.java:52)
	at org.junit.runners.ParentRunner.runChildren(ParentRunner.java:191)
	at org.junit.runners.ParentRunner.access$000(ParentRunner.java:42)
	at org.junit.runners.ParentRunner$2.evaluate(ParentRunner.java:184)
	at org.junit.runners.ParentRunner.run(ParentRunner.java:236)
	at junit.framework.JUnit4TestAdapter.run(JUnit4TestAdapter.java:39)
	at org.apache.tools.ant.taskdefs.optional.junit.JUnitTestRunner.run(JUnitTestRunner.java:535)
	at org.apache.tools.ant.taskdefs.optional.junit.JUnitTestRunner.launch(JUnitTestRunner.java:1182)
	at org.apache.tools.ant.taskdefs.optional.junit.JUnitTestRunner.main(JUnitTestRunner.java:1033)
 in /home/travis/build/icyphy/ptII/ptolemy/actor/lib/jjs/external/require.js at line number 454 at column number 12
  in .configuration.actor library.MoreLibraries.Accessors.audio.AudioCapture.script
Because:
Error evaluating expression:
// Copyright (c) 2015-2017 The Regents of the University of California.
...
  in .configuration.actor library.MoreLibraries.Accessors.audio.AudioCapture.script
Because:
Failed to evaluate script.
  in .configuration.actor library.MoreLibraries.Accessors.audio.AudioCapture
Because:
Error: Error executing module audio line #undefined : ptolemy.actor.lib.jjs.modules.audio.AudioHelper
In file: /home/travis/build/icyphy/ptII/ptolemy/actor/lib/jjs/modules/audio/audio.js

java.lang.ClassNotFoundException: ptolemy.actor.lib.jjs.modules.audio.AudioHelper
	at java.base/jdk.internal.loader.BuiltinClassLoader.loadClass(BuiltinClassLoader.java:583)
	at java.base/jdk.internal.loader.ClassLoaders$AppClassLoader.loadClass(ClassLoaders.java:178)
[...]
	at ptolemy.actor.lib.jjs.JavaScript._createEngineAndEvaluateSetup(JavaScript.java:2493)
	... 78 more
Caused by: <eval>:384:8 Accessor robotics/RosPublisher.js not found on path: /home/travis/build/icyphy/ptII/org/terraswarm/accessor/accessors/web/,/home/travis/build/icyphy/ptII/org/terraswarm/accessor/test/auto/accessors/,/home/travis/build/icyphy/ptII/ptolemy/actor/lib/jjs/,/home/travis/build/icyphy/ptII/ptolemy/actor/lib/jjs/modules/,/home/travis/build/icyphy/ptII/ptolemy/actor/lib/jjs/node/,/home/travis/build/icyphy/ptII/ptolemy/actor/lib/jjs/node_modules/,/home/travis/build/icyphy/ptII/org/terraswarm/accessor/accessors/web/hosts/,/home/travis/build/icyphy/ptII/org/terraswarm/accessor/accessors/web/,/home/travis/build/icyphy/ptII/org/terraswarm/accessor/accessors/web/hosts/common/modules/ or relative path: $CLASSPATH/org/terraswarm/accessor/test/auto/accessors/,$CLASSPATH/ptolemy/actor/lib/jjs/,$CLASSPATH/ptolemy/actor/lib/jjs/modules/,$CLASSPATH/ptolemy/actor/lib/jjs/node/,$CLASSPATH/ptolemy/actor/lib/jjs/node_modules/,$CLASSPATH/org/terraswarm/accessor/accessors/web/hosts/,$CLASSPATH/org/terraswarm/accessor/accessors/web/
	at jdk.scripting.nashorn/jdk.nashorn.internal.runtime.ECMAException.create(ECMAException.java:113)
	at jdk.scripting.nashorn.scripts/jdk.nashorn.internal.scripts.Script$Recompilation$1344$13413A$\^eval\_$cu1$restOf.getAccessorCode(<eval>:384)
	at jdk.scripting.nashorn.scripts/jdk.nashorn.internal.scripts.Script$Recompilation$1340$121037AAAAAA$require.L:1#instantiateAccessor(/home/travis/build/icyphy/ptII/ptolemy/actor/lib/jjs/external/require.js#409:30<eval>:2808)
	at jdk.scripting.nashorn.scripts/jdk.nashorn.internal.scripts.Script$Recompilation$1339$66539AAA$require$cu1$restOf.L:1#instantiate(/home/travis/build/icyphy/ptII/ptolemy/actor/lib/jjs/external/require.js#409:30<eval>:1494)
	at jdk.scripting.nashorn.scripts/jdk.nashorn.internal.scripts.Script$Recompilation$1314$1596$\^function\_.L:1#setup(<function>:43)
	at jdk.scripting.nashorn.scripts/jdk.nashorn.internal.scripts.Script$Recompilation$1312$17933AAAAAA$require$cu1$restOf.L:1#Accessor(/home/travis/build/icyphy/ptII/ptolemy/actor/lib/jjs/external/require.js#409:30<eval>:592)
	at jdk.scripting.nashorn.scripts/jdk.nashorn.internal.scripts.Script$Recompilation$1298$2801AAA$\^eval\_.evaluateCode(<eval>:96)
	at jdk.scripting.nashorn/jdk.nashorn.internal.runtime.ScriptFunctionData.invoke(ScriptFunctionData.java:661)
	at jdk.scripting.nashorn/jdk.nashorn.internal.runtime.ScriptFunction.invoke(ScriptFunction.java:513)
	at jdk.scripting.nashorn/jdk.nashorn.internal.runtime.ScriptRuntime.apply(ScriptRuntime.java:527)
	at jdk.scripting.nashorn/jdk.nashorn.api.scripting.ScriptObjectMirror.callMember(ScriptObjectMirror.java:202)
	at jdk.scripting.nashorn/jdk.nashorn.api.scripting.NashornScriptEngine.invokeImpl(NashornScriptEngine.java:393)
	... 80 more
Caused by: javax.script.ScriptException: Accessor robotics/RosPublisher.js not found on path: /home/travis/build/icyphy/ptII/org/terraswarm/accessor/accessors/web/,/home/travis/build/icyphy/ptII/org/terraswarm/accessor/test/auto/accessors/,/home/travis/build/icyphy/ptII/ptolemy/actor/lib/jjs/,/home/travis/build/icyphy/ptII/ptolemy/actor/lib/jjs/modules/,/home/travis/build/icyphy/ptII/ptolemy/actor/lib/jjs/node/,/home/travis/build/icyphy/ptII/ptolemy/actor/lib/jjs/node_modules/,/home/travis/build/icyphy/ptII/org/terraswarm/accessor/accessors/web/hosts/,/home/travis/build/icyphy/ptII/org/terraswarm/accessor/accessors/web/,/home/travis/build/icyphy/ptII/org/terraswarm/accessor/accessors/web/hosts/common/modules/ or relative path: $CLASSPATH/org/terraswarm/accessor/test/auto/accessors/,$CLASSPATH/ptolemy/actor/lib/jjs/,$CLASSPATH/ptolemy/actor/lib/jjs/modules/,$CLASSPATH/ptolemy/actor/lib/jjs/node/,$CLASSPATH/ptolemy/actor/lib/jjs/node_modules/,$CLASSPATH/org/terraswarm/accessor/accessors/web/hosts/,$CLASSPATH/org/terraswarm/accessor/accessors/web/ in <eval> at line number 384 at column number 8
	at jdk.scripting.nashorn/jdk.nashorn.api.scripting.NashornScriptEngine.throwAsScriptException(NashornScriptEngine.java:477)
	at jdk.scripting.nashorn/jdk.nashorn.api.scripting.NashornScriptEngine.invokeImpl(NashornScriptEngine.java:399)
	at jdk.scripting.nashorn/jdk.nashorn.api.scripting.NashornScriptEngine.invokeFunction(NashornScriptEngine.java:197)
	at ptolemy.actor.lib.jjs.JavaScript._createEngineAndEvaluateSetup(JavaScript.java:2493)
	at ptolemy.actor.lib.jjs.JavaScript.attributeChanged(JavaScript.java:548)
	at org.terraswarm.accessor.JSAccessor.attributeChanged(JSAccessor.java:312)
	at ptolemy.data.expr.Variable._setTokenAndNotify(Variable.java:2271)
	at ptolemy.data.expr.Variable._evaluate(Variable.java:1873)
	at ptolemy.data.expr.Variable._propagate(Variable.java:1984)
	at ptolemy.data.expr.Variable.validate(Variable.java:1596)
	at ptolemy.moml.MoMLParser.endDocument(MoMLParser.java:867)
	at com.microstar.xml.XmlParser.doParse(XmlParser.java:162)
	at com.microstar.xml.XmlParser.parse(XmlParser.java:132)
	at ptolemy.moml.MoMLParser.parse(MoMLParser.java:1676)
	at ptolemy.moml.MoMLParser.parse(MoMLParser.java:1617)
	at ptolemy.moml.MoMLParser.parse(MoMLParser.java:1792)
	at org.terraswarm.accessor.AccessorLibrary.populate(AccessorLibrary.java:194)
	at ptolemy.moml.EntityLibrary.deepEntityList(EntityLibrary.java:349)
	at ptolemy.kernel.CompositeEntity.deepEntityList(CompositeEntity.java:714)
	at ptolemy.moml.EntityLibrary.deepEntityList(EntityLibrary.java:350)
	at ptolemy.kernel.CompositeEntity.deepEntityList(CompositeEntity.java:714)
	at ptolemy.moml.EntityLibrary.deepEntityList(EntityLibrary.java:350)
	at ptolemy.kernel.CompositeEntity.deepEntityList(CompositeEntity.java:714)
	at ptolemy.kernel.CompositeEntity.deepEntityList(CompositeEntity.java:714)
	at ptolemy.kernel.CompositeEntity.allAtomicEntityList(CompositeEntity.java:188)
	at java.base/jdk.internal.reflect.NativeMethodAccessorImpl.invoke0(Native Method)
	at java.base/jdk.internal.reflect.NativeMethodAccessorImpl.invoke(NativeMethodAccessorImpl.java:62)
	at java.base/jdk.internal.reflect.DelegatingMethodAccessorImpl.invoke(DelegatingMethodAccessorImpl.java:43)
	at java.base/java.lang.reflect.Method.invoke(Method.java:566)
	at tcl.lang.reflect.PkgInvoker.invokeMethod(PkgInvoker.java:129)
	at tcl.lang.JavaInvoke.call(JavaInvoke.java:253)
	at tcl.lang.JavaInvoke.callMethod(JavaInvoke.java:116)
	at tcl.lang.ReflectObject.cmdProc(ReflectObject.java:727)
	at tcl.lang.Parser.evalObjv(Parser.java:740)
	at tcl.lang.Parser.eval2(Parser.java:1138)
	at tcl.lang.Parser.evalTokens(Parser.java:930)
	at tcl.lang.Parser.eval2(Parser.java:1125)
	at tcl.lang.Interp.eval(Interp.java:1782)
	at tcl.lang.Interp.eval(Interp.java:1841)
	at tcl.lang.ForeachCmd.cmdProc(ForeachCmd.java:116)
	at tcl.lang.AutoloadStub.cmdProc(Extension.java:144)
	at tcl.lang.Parser.evalObjv(Parser.java:740)
	at tcl.lang.Parser.eval2(Parser.java:1138)
	at tcl.lang.Interp.eval(Interp.java:1782)
	at tcl.lang.Interp.evalFile(Interp.java:1880)
	at java.base/jdk.internal.reflect.NativeMethodAccessorImpl.invoke0(Native Method)
	at java.base/jdk.internal.reflect.NativeMethodAccessorImpl.invoke(NativeMethodAccessorImpl.java:62)
	at java.base/jdk.internal.reflect.DelegatingMethodAccessorImpl.invoke(DelegatingMethodAccessorImpl.java:43)
	at java.base/java.lang.reflect.Method.invoke(Method.java:566)
	at ptolemy.util.test.junit.TclTests.RunTclFile(TclTests.java:233)
	at java.base/jdk.internal.reflect.NativeMethodAccessorImpl.invoke0(Native Method)
	at java.base/jdk.internal.reflect.NativeMethodAccessorImpl.invoke(NativeMethodAccessorImpl.java:62)
	at java.base/jdk.internal.reflect.DelegatingMethodAccessorImpl.invoke(DelegatingMethodAccessorImpl.java:43)
	at java.base/java.lang.reflect.Method.invoke(Method.java:566)
	at org.junit.runners.model.FrameworkMethod$1.runReflectiveCall(FrameworkMethod.java:44)
	at org.junit.internal.runners.model.ReflectiveCallable.run(ReflectiveCallable.java:15)
	at org.junit.runners.model.FrameworkMethod.invokeExplosively(FrameworkMethod.java:41)
	at junitparams.internal.InvokeParameterisedMethod.evaluate(InvokeParameterisedMethod.java:102)
	at junitparams.internal.ParameterisedTestMethodRunner.runMethodInvoker(ParameterisedTestMethodRunner.java:47)
	at junitparams.internal.ParameterisedTestMethodRunner.runTestMethod(ParameterisedTestMethodRunner.java:41)
	at junitparams.internal.ParameterisedTestClassRunner.runParameterisedTest(ParameterisedTestClassRunner.java:143)
	at junitparams.JUnitParamsRunner.runChild(JUnitParamsRunner.java:237)
	at junitparams.JUnitParamsRunner.runChild(JUnitParamsRunner.java:215)
	at org.junit.runners.ParentRunner$3.run(ParentRunner.java:193)
	at org.junit.runners.ParentRunner$1.schedule(ParentRunner.java:52)
	at org.junit.runners.ParentRunner.runChildren(ParentRunner.java:191)
	at org.junit.runners.ParentRunner.access$000(ParentRunner.java:42)
	at org.junit.runners.ParentRunner$2.evaluate(ParentRunner.java:184)
	at org.junit.internal.runners.statements.RunAfters.evaluate(RunAfters.java:31)
	at org.junit.runners.ParentRunner.run(ParentRunner.java:236)
	at org.junit.runners.Suite.runChild(Suite.java:128)
	at org.junit.runners.Suite.runChild(Suite.java:24)
	at org.junit.runners.ParentRunner$3.run(ParentRunner.java:193)
	at org.junit.runners.ParentRunner$1.schedule(ParentRunner.java:52)
	at org.junit.runners.ParentRunner.runChildren(ParentRunner.java:191)
	at org.junit.runners.ParentRunner.access$000(ParentRunner.java:42)
	at org.junit.runners.ParentRunner$2.evaluate(ParentRunner.java:184)
	at org.junit.runners.ParentRunner.run(ParentRunner.java:236)
	at junit.framework.JUnit4TestAdapter.run(JUnit4TestAdapter.java:39)
	at org.apache.tools.ant.taskdefs.optional.junit.JUnitTestRunner.run(JUnitTestRunner.java:535)
	at org.apache.tools.ant.taskdefs.optional.junit.JUnitTestRunner.launch(JUnitTestRunner.java:1182)
	at org.apache.tools.ant.taskdefs.optional.junit.JUnitTestRunner.main(JUnitTestRunner.java:1033)
Caused by: <eval>:384:8 Accessor robotics/RosPublisher.js not found on path: /home/travis/build/icyphy/ptII/org/terraswarm/accessor/accessors/web/,/home/travis/build/icyphy/ptII/org/terraswarm/accessor/test/auto/accessors/,/home/travis/build/icyphy/ptII/ptolemy/actor/lib/jjs/,/home/travis/build/icyphy/ptII/ptolemy/actor/lib/jjs/modules/,/home/travis/build/icyphy/ptII/ptolemy/actor/lib/jjs/node/,/home/travis/build/icyphy/ptII/ptolemy/actor/lib/jjs/node_modules/,/home/travis/build/icyphy/ptII/org/terraswarm/accessor/accessors/web/hosts/,/home/travis/build/icyphy/ptII/org/terraswarm/accessor/accessors/web/,/home/travis/build/icyphy/ptII/org/terraswarm/accessor/accessors/web/hosts/common/modules/ or relative path: $CLASSPATH/org/terraswarm/accessor/test/auto/accessors/,$CLASSPATH/ptolemy/actor/lib/jjs/,$CLASSPATH/ptolemy/actor/lib/jjs/modules/,$CLASSPATH/ptolemy/actor/lib/jjs/node/,$CLASSPATH/ptolemy/actor/lib/jjs/node_modules/,$CLASSPATH/org/terraswarm/accessor/accessors/web/hosts/,$CLASSPATH/org/terraswarm/accessor/accessors/web/
	at jdk.scripting.nashorn/jdk.nashorn.internal.runtime.ECMAException.create(ECMAException.java:113)
	at jdk.scripting.nashorn.scripts/jdk.nashorn.internal.scripts.Script$Recompilation$1344$13413A$\^eval\_$cu1$restOf.getAccessorCode(<eval>:384)
	at jdk.scripting.nashorn.scripts/jdk.nashorn.internal.scripts.Script$Recompilation$1340$121037AAAAAA$require.L:1#instantiateAccessor(/home/travis/build/icyphy/ptII/ptolemy/actor/lib/jjs/external/require.js#409:30<eval>:2808)
	at jdk.scripting.nashorn.scripts/jdk.nashorn.internal.scripts.Script$Recompilation$1339$66539AAA$require$cu1$restOf.L:1#instantiate(/home/travis/build/icyphy/ptII/ptolemy/actor/lib/jjs/external/require.js#409:30<eval>:1494)
	at jdk.scripting.nashorn.scripts/jdk.nashorn.internal.scripts.Script$Recompilation$1314$1596$\^function\_.L:1#setup(<function>:43)
	at jdk.scripting.nashorn.scripts/jdk.nashorn.internal.scripts.Script$Recompilation$1312$17933AAAAAA$require$cu1$restOf.L:1#Accessor(/home/travis/build/icyphy/ptII/ptolemy/actor/lib/jjs/external/require.js#409:30<eval>:592)
	at jdk.scripting.nashorn.scripts/jdk.nashorn.internal.scripts.Script$Recompilation$1298$2801AAA$\^eval\_.evaluateCode(<eval>:96)
	at jdk.scripting.nashorn/jdk.nashorn.internal.runtime.ScriptFunctionData.invoke(ScriptFunctionData.java:661)
	at jdk.scripting.nashorn/jdk.nashorn.internal.runtime.ScriptFunction.invoke(ScriptFunction.java:513)
	at jdk.scripting.nashorn/jdk.nashorn.internal.runtime.ScriptRuntime.apply(ScriptRuntime.java:527)
	at jdk.scripting.nashorn/jdk.nashorn.api.scripting.ScriptObjectMirror.callMember(ScriptObjectMirror.java:202)
	at jdk.scripting.nashorn/jdk.nashorn.api.scripting.NashornScriptEngine.invokeImpl(NashornScriptEngine.java:393)
	... 80 more
java.lang.Exception: Evaluating the Tcl file "/home/travis/build/icyphy/ptII/ptolemy/configs/test/allConfigs.tcl"resulted in a TclException being thrown.
The Tcl errorInfo global variable has the value:
ptolemy.kernel.util.InvalidStateException: Failed to populate Library
  in .configuration.actor library.MoreLibraries.Accessors.robotics
Because:
Loading accessor failed: RosNavigationPose.js
  in .configuration.actor library.MoreLibraries.Accessors.robotics
Because:
Error evaluating expression:
/** Accessor for directing a ROS robot to navigate to navigation goal, expres...
...
  in .configuration.actor library.MoreLibraries.Accessors.robotics.RosNavigationPose.script
Because:
Failed to evaluate script.
  in .configuration.actor library.MoreLibraries.Accessors.robotics.RosNavigationPose
Because:
Accessor robotics/RosPublisher.js not found on path: /home/travis/build/icyphy/ptII/org/terraswarm/accessor/accessors/web/,/home/travis/build/icyphy/ptII/org/terraswarm/accessor/test/auto/accessors/,/home/travis/build/icyphy/ptII/ptolemy/actor/lib/jjs/,/home/travis/build/icyphy/ptII/ptolemy/actor/lib/jjs/modules/,/home/travis/build/icyphy/ptII/ptolemy/actor/lib/jjs/node/,/home/travis/build/icyphy/ptII/ptolemy/actor/lib/jjs/node_modules/,/home/travis/build/icyphy/ptII/org/terraswarm/accessor/accessors/web/hosts/,/home/travis/build/icyphy/ptII/org/terraswarm/accessor/accessors/web/,/home/travis/build/icyphy/ptII/org/terraswarm/accessor/accessors/web/hosts/common/modules/ or relative path: $CLASSPATH/org/terraswarm/accessor/test/auto/accessors/,$CLASSPATH/ptolemy/actor/lib/jjs/,$CLASSPATH/ptolemy/actor/lib/jjs/modules/,$CLASSPATH/ptolemy/actor/lib/jjs/node/,$CLASSPATH/ptolemy/actor/lib/jjs/node_modules/,$CLASSPATH/org/terraswarm/accessor/accessors/web/hosts/,$CLASSPATH/org/terraswarm/accessor/accessors/web/ in <eval> at line number 384 at column number 8
  in .configuration.actor library.MoreLibraries.Accessors.robotics.RosNavigationPose.script
Because:
Error evaluating expression:
/** Accessor for directing a ROS robot to navigate to navigation goal, expres...
...
  in .configuration.actor library.MoreLibraries.Accessors.robotics.RosNavigationPose.script
Because:
Failed to evaluate script.
  in .configuration.actor library.MoreLibraries.Accessors.robotics.RosNavigationPose
Because:
Accessor robotics/RosPublisher.js not found on path: /home/travis/build/icyphy/ptII/org/terraswarm/accessor/accessors/web/,/home/travis/build/icyphy/ptII/org/terraswarm/accessor/test/auto/accessors/,/home/travis/build/icyphy/ptII/ptolemy/actor/lib/jjs/,/home/travis/build/icyphy/ptII/ptolemy/actor/lib/jjs/modules/,/home/travis/build/icyphy/ptII/ptolemy/actor/lib/jjs/node/,/home/travis/build/icyphy/ptII/ptolemy/actor/lib/jjs/node_modules/,/home/travis/build/icyphy/ptII/org/terraswarm/accessor/accessors/web/hosts/,/home/travis/build/icyphy/ptII/org/terraswarm/accessor/accessors/web/,/home/travis/build/icyphy/ptII/org/terraswarm/accessor/accessors/web/hosts/common/modules/ or relative path: $CLASSPATH/org/terraswarm/accessor/test/auto/accessors/,$CLASSPATH/ptolemy/actor/lib/jjs/,$CLASSPATH/ptolemy/actor/lib/jjs/modules/,$CLASSPATH/ptolemy/actor/lib/jjs/node/,$CLASSPATH/ptolemy/actor/lib/jjs/node_modules/,$CLASSPATH/org/terraswarm/accessor/accessors/web/hosts/,$CLASSPATH/org/terraswarm/accessor/accessors/web/ in <eval> at line number 384 at column number 8
    while executing
"$configuration allAtomicEntityList"
    invoked from within
"set entityList [$configuration allAtomicEntityList]"
    ("foreach" body line 295)
    invoked from within
"foreach i $configs {

    
    if {[regexp "jxta/" $i] == 1} {
	puts "Skipping $i, running vergil -jxta brings up a window"
	continue
    }

    if {[..."
    (file "/home/travis/build/icyphy/ptII/ptolemy/configs/test/allConfigs.tcl" line 165)
	at ptolemy.util.test.junit.TclTests.RunTclFile(TclTests.java:253)
	at java.base/jdk.internal.reflect.NativeMethodAccessorImpl.invoke0(Native Method)
	at java.base/jdk.internal.reflect.NativeMethodAccessorImpl.invoke(NativeMethodAccessorImpl.java:62)
	at java.base/jdk.internal.reflect.DelegatingMethodAccessorImpl.invoke(DelegatingMethodAccessorImpl.java:43)
	at java.base/java.lang.reflect.Method.invoke(Method.java:566)
	at org.junit.runners.model.FrameworkMethod$1.runReflectiveCall(FrameworkMethod.java:44)
	at org.junit.internal.runners.model.ReflectiveCallable.run(ReflectiveCallable.java:15)
	at org.junit.runners.model.FrameworkMethod.invokeExplosively(FrameworkMethod.java:41)
	at junitparams.internal.InvokeParameterisedMethod.evaluate(InvokeParameterisedMethod.java:102)
	at junitparams.internal.ParameterisedTestMethodRunner.runMethodInvoker(ParameterisedTestMethodRunner.java:47)
	at junitparams.internal.ParameterisedTestMethodRunner.runTestMethod(ParameterisedTestMethodRunner.java:41)
	at junitparams.internal.ParameterisedTestClassRunner.runParameterisedTest(ParameterisedTestClassRunner.java:143)
	at junitparams.JUnitParamsRunner.runChild(JUnitParamsRunner.java:237)
	at junitparams.JUnitParamsRunner.runChild(JUnitParamsRunner.java:215)
	at org.junit.runners.ParentRunner$3.run(ParentRunner.java:193)
	at org.junit.runners.ParentRunner$1.schedule(ParentRunner.java:52)
	at org.junit.runners.ParentRunner.runChildren(ParentRunner.java:191)
	at org.junit.runners.ParentRunner.access$000(ParentRunner.java:42)
	at org.junit.runners.ParentRunner$2.evaluate(ParentRunner.java:184)
	at org.junit.internal.runners.statements.RunAfters.evaluate(RunAfters.java:31)
	at org.junit.runners.ParentRunner.run(ParentRunner.java:236)
	at org.junit.runners.Suite.runChild(Suite.java:128)
	at org.junit.runners.Suite.runChild(Suite.java:24)
	at org.junit.runners.ParentRunner$3.run(ParentRunner.java:193)
	at org.junit.runners.ParentRunner$1.schedule(ParentRunner.java:52)
	at org.junit.runners.ParentRunner.runChildren(ParentRunner.java:191)
	at org.junit.runners.ParentRunner.access$000(ParentRunner.java:42)
	at org.junit.runners.ParentRunner$2.evaluate(ParentRunner.java:184)
	at org.junit.runners.ParentRunner.run(ParentRunner.java:236)
	at junit.framework.JUnit4TestAdapter.run(JUnit4TestAdapter.java:39)
	at org.apache.tools.ant.taskdefs.optional.junit.JUnitTestRunner.run(JUnitTestRunner.java:535)
	at org.apache.tools.ant.taskdefs.optional.junit.JUnitTestRunner.launch(JUnitTestRunner.java:1182)
	at org.apache.tools.ant.taskdefs.optional.junit.JUnitTestRunner.main(JUnitTestRunner.java:1033)
error: org.xml.sax.SAXParseException; systemId: file:///tmp/validDemos11018728543212824880.xml; lineNumber: 2; columnNumber: 14; Document root element "objectModel", must match DOCTYPE root "null".
error: org.xml.sax.SAXParseException; systemId: file:///tmp/validDemos11018728543212824880.xml; lineNumber: 2; columnNumber: 14; Document root element "objectModel", must match DOCTYPE root "null".
error: org.xml.sax.SAXParseException; systemId: file:///tmp/validDemos11018728543212824880.xml; lineNumber: 2; columnNumber: 14; Document root element "objectModel", must match DOCTYPE root "null".
error: org.xml.sax.SAXParseException; systemId: file:///tmp/validDemos11018728543212824880.xml; lineNumber: 2; columnNumber: 14; Document root element "objectModel", must match DOCTYPE root "null".
]]></system-err>
</testsuite>
