<?xml version="1.0" encoding="UTF-8" ?>
<testsuite errors="0" failures="0" hostname="travis-job-b3ca3acd-e8cd-43b0-a0ab-49e791de09b0" name="ptolemy.domains.sdf.test.junit.JUnitTclTest" skipped="0" tests="66" time="20.263" timestamp="2020-01-14T07:02:47">
  <properties>
[...]
</properties>
  <testcase classname="ptolemy.util.test.junit.TclTests" name="[0] /home/travis/build/icyphy/ptII/ptolemy/domains/sdf/test/SDFSchedulerErrors.tcl (RunTclFile)" time="0.889" />
  <testcase classname="ptolemy.util.test.junit.TclTests" name="[1] /home/travis/build/icyphy/ptII/ptolemy/domains/sdf/test/composition.tcl (RunTclFile)" time="0.179" />
  <testcase classname="ptolemy.util.test.junit.TclTests" name="[2] /home/travis/build/icyphy/ptII/ptolemy/domains/sdf/test/cycle.tcl (RunTclFile)" time="0.039" />
  <testcase classname="ptolemy.util.test.junit.AutoKnownFailedTests" name="[0] ThereAreNoKnowFailedTests (RunModel)" time="0.001" />
  <testcase classname="ptolemy.util.test.junit.AutoNameArchTests" name="[0] ThereAreNoAutoArchTests (RunModel)" time="0.001" />
  <testcase classname="ptolemy.util.test.junit.AutoTests" name="[0] /home/travis/build/icyphy/ptII/ptolemy/domains/sdf/test/auto/Array.xml (RunModel)" time="0.286" />
  <testcase classname="ptolemy.util.test.junit.AutoTests" name="[1] /home/travis/build/icyphy/ptII/ptolemy/domains/sdf/test/auto/Butterfly.xml (RunModel)" time="0.143" />
  <testcase classname="ptolemy.util.test.junit.AutoTests" name="[2] /home/travis/build/icyphy/ptII/ptolemy/domains/sdf/test/auto/Expression.xml (RunModel)" time="0.109" />
  <testcase classname="ptolemy.util.test.junit.AutoTests" name="[3] /home/travis/build/icyphy/ptII/ptolemy/domains/sdf/test/auto/Eye.xml (RunModel)" time="0.265" />
  <testcase classname="ptolemy.util.test.junit.AutoTests" name="[4] /home/travis/build/icyphy/ptII/ptolemy/domains/sdf/test/auto/FixFIR.xml (RunModel)" time="0.304" />
  <testcase classname="ptolemy.util.test.junit.AutoTests" name="[5] /home/travis/build/icyphy/ptII/ptolemy/domains/sdf/test/auto/FixPoint.xml (RunModel)" time="0.026" />
  <testcase classname="ptolemy.util.test.junit.AutoTests" name="[6] /home/travis/build/icyphy/ptII/ptolemy/domains/sdf/test/auto/Gravitation.xml (RunModel)" time="3.288" />
  <testcase classname="ptolemy.util.test.junit.AutoTests" name="[7] /home/travis/build/icyphy/ptII/ptolemy/domains/sdf/test/auto/GravitationWithCollisionDetection.xml (RunModel)" time="6.647" />
  <testcase classname="ptolemy.util.test.junit.AutoTests" name="[8] /home/travis/build/icyphy/ptII/ptolemy/domains/sdf/test/auto/HDF.xml (RunModel)" time="0.131" />
  <testcase classname="ptolemy.util.test.junit.AutoTests" name="[9] /home/travis/build/icyphy/ptII/ptolemy/domains/sdf/test/auto/HDFwithTransientStates.xml (RunModel)" time="0.098" />
  <testcase classname="ptolemy.util.test.junit.AutoTests" name="[10] /home/travis/build/icyphy/ptII/ptolemy/domains/sdf/test/auto/HTVQ.xml (RunModel)" time="0.819" />
  <testcase classname="ptolemy.util.test.junit.AutoTests" name="[11] /home/travis/build/icyphy/ptII/ptolemy/domains/sdf/test/auto/InferInitProduction.xml (RunModel)" time="0.022" />
  <testcase classname="ptolemy.util.test.junit.AutoTests" name="[12] /home/travis/build/icyphy/ptII/ptolemy/domains/sdf/test/auto/InferInitProductionDeeper.xml (RunModel)" time="0.022" />
  <testcase classname="ptolemy.util.test.junit.AutoTests" name="[13] /home/travis/build/icyphy/ptII/ptolemy/domains/sdf/test/auto/LMSAdaptive.xml (RunModel)" time="0.083" />
  <testcase classname="ptolemy.util.test.junit.AutoTests" name="[14] /home/travis/build/icyphy/ptII/ptolemy/domains/sdf/test/auto/LogisticMap.xml (RunModel)" time="0.47" />
  <testcase classname="ptolemy.util.test.junit.AutoTests" name="[15] /home/travis/build/icyphy/ptII/ptolemy/domains/sdf/test/auto/MaximumEntropySpectrum.xml (RunModel)" time="0.24" />
  <testcase classname="ptolemy.util.test.junit.AutoTests" name="[16] /home/travis/build/icyphy/ptII/ptolemy/domains/sdf/test/auto/MultirateSDF.xml (RunModel)" time="0.057" />
  <testcase classname="ptolemy.util.test.junit.AutoTests" name="[17] /home/travis/build/icyphy/ptII/ptolemy/domains/sdf/test/auto/MultirateSDFwithTransientStates.xml (RunModel)" time="0.106" />
  <testcase classname="ptolemy.util.test.junit.AutoTests" name="[18] /home/travis/build/icyphy/ptII/ptolemy/domains/sdf/test/auto/NoisySinewave.xml (RunModel)" time="0.056" />
  <testcase classname="ptolemy.util.test.junit.AutoTests" name="[19] /home/travis/build/icyphy/ptII/ptolemy/domains/sdf/test/auto/Objects.xml (RunModel)" time="0.033" />
  <testcase classname="ptolemy.util.test.junit.AutoTests" name="[20] /home/travis/build/icyphy/ptII/ptolemy/domains/sdf/test/auto/OrthogonalCom.xml (RunModel)" time="0.035" />
  <testcase classname="ptolemy.util.test.junit.AutoTests" name="[21] /home/travis/build/icyphy/ptII/ptolemy/domains/sdf/test/auto/RijndaelEncryption.xml (RunModel)" time="0.471" />
  <testcase classname="ptolemy.util.test.junit.AutoTests" name="[22] /home/travis/build/icyphy/ptII/ptolemy/domains/sdf/test/auto/SDFEmptyIterations.xml (RunModel)" time="0.019" />
  <testcase classname="ptolemy.util.test.junit.AutoTests" name="[23] /home/travis/build/icyphy/ptII/ptolemy/domains/sdf/test/auto/Spectrum.xml (RunModel)" time="0.115" />
  <testcase classname="ptolemy.util.test.junit.AutoTests" name="[24] /home/travis/build/icyphy/ptII/ptolemy/domains/sdf/test/auto/de_inside_sdf.xml (RunModel)" time="0.023" />
  <testcase classname="ptolemy.util.test.junit.AutoTests" name="[25] /home/travis/build/icyphy/ptII/ptolemy/domains/sdf/test/auto/disconnectedHierarchicalSDF.xml (RunModel)" time="0.029" />
  <testcase classname="ptolemy.util.test.junit.AutoTests" name="[26] /home/travis/build/icyphy/ptII/ptolemy/domains/sdf/test/auto/disconnectedSDF.xml (RunModel)" time="0.022" />
  <testcase classname="ptolemy.util.test.junit.AutoTests" name="[27] /home/travis/build/icyphy/ptII/ptolemy/domains/sdf/test/auto/emptyRefinement.xml (RunModel)" time="0.024" />
  <testcase classname="ptolemy.util.test.junit.AutoTests" name="[28] /home/travis/build/icyphy/ptII/ptolemy/domains/sdf/test/auto/filePortParameter.xml (RunModel)" time="0.051" />
  <testcase classname="ptolemy.util.test.junit.AutoTests" name="[29] /home/travis/build/icyphy/ptII/ptolemy/domains/sdf/test/auto/inferRelationWidth1.xml (RunModel)" time="0.023" />
  <testcase classname="ptolemy.util.test.junit.AutoTests" name="[30] /home/travis/build/icyphy/ptII/ptolemy/domains/sdf/test/auto/initProductionInference.xml (RunModel)" time="0.03" />
  <testcase classname="ptolemy.util.test.junit.AutoTests" name="[31] /home/travis/build/icyphy/ptII/ptolemy/domains/sdf/test/auto/relationGroup.xml (RunModel)" time="0.022" />
  <testcase classname="ptolemy.util.test.junit.AutoTests" name="[32] /home/travis/build/icyphy/ptII/ptolemy/domains/sdf/test/auto/relationGroup10.xml (RunModel)" time="0.014" />
  <testcase classname="ptolemy.util.test.junit.AutoTests" name="[33] /home/travis/build/icyphy/ptII/ptolemy/domains/sdf/test/auto/relationGroup11.xml (RunModel)" time="0.018" />
  <testcase classname="ptolemy.util.test.junit.AutoTests" name="[34] /home/travis/build/icyphy/ptII/ptolemy/domains/sdf/test/auto/relationGroup12.xml (RunModel)" time="0.019" />
  <testcase classname="ptolemy.util.test.junit.AutoTests" name="[35] /home/travis/build/icyphy/ptII/ptolemy/domains/sdf/test/auto/relationGroup13.xml (RunModel)" time="0.021" />
  <testcase classname="ptolemy.util.test.junit.AutoTests" name="[36] /home/travis/build/icyphy/ptII/ptolemy/domains/sdf/test/auto/relationGroup14.xml (RunModel)" time="0.017" />
  <testcase classname="ptolemy.util.test.junit.AutoTests" name="[37] /home/travis/build/icyphy/ptII/ptolemy/domains/sdf/test/auto/relationGroup15.xml (RunModel)" time="0.014" />
  <testcase classname="ptolemy.util.test.junit.AutoTests" name="[38] /home/travis/build/icyphy/ptII/ptolemy/domains/sdf/test/auto/relationGroup2.xml (RunModel)" time="0.013" />
  <testcase classname="ptolemy.util.test.junit.AutoTests" name="[39] /home/travis/build/icyphy/ptII/ptolemy/domains/sdf/test/auto/relationGroup3.xml (RunModel)" time="0.007" />
  <testcase classname="ptolemy.util.test.junit.AutoTests" name="[40] /home/travis/build/icyphy/ptII/ptolemy/domains/sdf/test/auto/relationGroup4.xml (RunModel)" time="0.018" />
  <testcase classname="ptolemy.util.test.junit.AutoTests" name="[41] /home/travis/build/icyphy/ptII/ptolemy/domains/sdf/test/auto/relationGroup5.xml (RunModel)" time="0.014" />
  <testcase classname="ptolemy.util.test.junit.AutoTests" name="[42] /home/travis/build/icyphy/ptII/ptolemy/domains/sdf/test/auto/relationGroup6.xml (RunModel)" time="0.011" />
  <testcase classname="ptolemy.util.test.junit.AutoTests" name="[43] /home/travis/build/icyphy/ptII/ptolemy/domains/sdf/test/auto/relationGroup7.xml (RunModel)" time="0.008" />
  <testcase classname="ptolemy.util.test.junit.AutoTests" name="[44] /home/travis/build/icyphy/ptII/ptolemy/domains/sdf/test/auto/relationGroup8.xml (RunModel)" time="0.014" />
  <testcase classname="ptolemy.util.test.junit.AutoTests" name="[45] /home/travis/build/icyphy/ptII/ptolemy/domains/sdf/test/auto/relationGroup9.xml (RunModel)" time="0.014" />
  <testcase classname="ptolemy.util.test.junit.AutoTests" name="[46] /home/travis/build/icyphy/ptII/ptolemy/domains/sdf/test/auto/sdf_inside_de.xml (RunModel)" time="0.033" />
  <testcase classname="ptolemy.util.test.junit.AutoTests" name="[47] /home/travis/build/icyphy/ptII/ptolemy/domains/sdf/test/auto/sdf_inside_pn.xml (RunModel)" time="0.054" />
  <testcase classname="ptolemy.util.test.junit.AutoTests" name="[48] /home/travis/build/icyphy/ptII/ptolemy/domains/sdf/test/auto/sdf_sdf1.xml (RunModel)" time="0.018" />
  <testcase classname="ptolemy.util.test.junit.AutoTests" name="[49] /home/travis/build/icyphy/ptII/ptolemy/domains/sdf/test/auto/test1.xml (RunModel)" time="0.014" />
  <testcase classname="ptolemy.util.test.junit.AutoTests" name="[50] /home/travis/build/icyphy/ptII/ptolemy/domains/sdf/test/auto/time1.xml (RunModel)" time="0.012" />
  <testcase classname="ptolemy.util.test.junit.AutoTests" name="[51] /home/travis/build/icyphy/ptII/ptolemy/domains/sdf/test/auto/time2.xml (RunModel)" time="0.008" />
  <testcase classname="ptolemy.util.test.junit.AutoTests" name="[52] /home/travis/build/icyphy/ptII/ptolemy/domains/sdf/test/auto/time3.xml (RunModel)" time="0.02" />
  <testcase classname="ptolemy.util.test.junit.AutoTests" name="[53] /home/travis/build/icyphy/ptII/ptolemy/domains/sdf/test/auto/time4.xml (RunModel)" time="0.016" />
  <testcase classname="ptolemy.util.test.junit.AutoTests" name="[54] /home/travis/build/icyphy/ptII/ptolemy/domains/sdf/test/auto/time5.xml (RunModel)" time="4.009" />
  <testcase classname="ptolemy.util.test.junit.AutoTests" name="[55] /home/travis/build/icyphy/ptII/ptolemy/domains/sdf/test/auto/typeSystem_Const_Integer_smallest_Type.xml (RunModel)" time="0.025" />
  <testcase classname="ptolemy.util.test.junit.AutoTests" name="[56] /home/travis/build/icyphy/ptII/ptolemy/domains/sdf/test/auto/typeSystem_declared_Inports_OutportTypeException.xml (RunModel)" time="0.02" />
  <testcase classname="ptolemy.util.test.junit.AutoTests" name="[57] /home/travis/build/icyphy/ptII/ptolemy/domains/sdf/test/auto/typeSystem_oneDeclaredInportType_wrongTypeOutport.xml (RunModel)" time="0.015" />
  <testcase classname="ptolemy.util.test.junit.AutoTests" name="[58] /home/travis/build/icyphy/ptII/ptolemy/domains/sdf/test/auto/width.xml (RunModel)" time="0.011" />
  <testcase classname="ptolemy.util.test.junit.AutoTests" name="[59] /home/travis/build/icyphy/ptII/ptolemy/domains/sdf/test/auto/width2.xml (RunModel)" time="0.041" />
  <testcase classname="ptolemy.util.test.junit.AutoTests" name="[60] /home/travis/build/icyphy/ptII/ptolemy/domains/sdf/test/auto/width3.xml (RunModel)" time="0.035" />
  <system-out><![CDATA[/home/travis/build/icyphy/ptII/ptolemy/domains/sdf/test/SDFSchedulerErrors.tcl
testDefs.tcl: setting time out to 9000 seconds at Tue Jan 14 07:02:47 UTC 2020
91 ms. Memory: 129024K Free: 89542K (69%)
13 ms. Memory: 129024K Free: 81864K (63%)
6 ms. Memory: 129024K Free: 75720K (59%)
12 ms. Memory: 129024K Free: 72648K (56%)
/home/travis/build/icyphy/ptII/ptolemy/domains/sdf/test/composition.tcl
43 ms. Memory: 129024K Free: 68552K (53%)
7 ms. Memory: 129024K Free: 66504K (52%)
/home/travis/build/icyphy/ptII/ptolemy/domains/sdf/test/cycle.tcl
.Toplevel.Director Preinitializing ...
Invoking preinitialize():  .Toplevel.Actor1
Invoking preinitialize():  .Toplevel.Actor2
Invoking preinitialize():  .Toplevel.Delay
.Toplevel.Director Finished preinitialize().
### Schedule:
Execute Schedule{
Fire Actor ptolemy.domains.sdf.kernel.test.SDFTestDelay {.Toplevel.Actor1}
Fire Actor ptolemy.domains.sdf.kernel.test.SDFTestDelay {.Toplevel.Actor2}
Fire Actor ptolemy.domains.sdf.lib.SampleDelay {.Toplevel.Delay}
}
### End schedule
Called initialize().
Invoking initialize():  .Toplevel.Actor1
Initializing actor: .Toplevel.Actor1.
Invoking initialize():  .Toplevel.Actor2
Initializing actor: .Toplevel.Actor2.
Invoking initialize():  .Toplevel.Delay
Initializing actor: .Toplevel.Delay.
Director: Called prefire().
-- Setting current time to 0.0
Director prefire returns true.
The actor .Toplevel.Actor1 will be iterated.
The actor .Toplevel.Actor1 was iterated.
The actor .Toplevel.Actor2 will be iterated.
The actor .Toplevel.Actor2 was iterated.
The actor .Toplevel.Delay will be iterated.
The actor .Toplevel.Delay was iterated.
Director: Called postfire().
Postfire returns: true
Director: Called prefire().
-- Setting current time to 0.0
Director prefire returns true.
The actor .Toplevel.Actor1 will be iterated.
The actor .Toplevel.Actor1 was iterated.
The actor .Toplevel.Actor2 will be iterated.
The actor .Toplevel.Actor2 was iterated.
The actor .Toplevel.Delay will be iterated.
The actor .Toplevel.Delay was iterated.
Director: Called postfire().
Postfire returns: true
Director: Called prefire().
-- Setting current time to 0.0
Director prefire returns true.
The actor .Toplevel.Actor1 will be iterated.
The actor .Toplevel.Actor1 was iterated.
The actor .Toplevel.Actor2 will be iterated.
The actor .Toplevel.Actor2 was iterated.
The actor .Toplevel.Delay will be iterated.
The actor .Toplevel.Delay was iterated.
Director: Called postfire().
Postfire returns: true
Director: Called prefire().
-- Setting current time to 0.0
Director prefire returns true.
The actor .Toplevel.Actor1 will be iterated.
The actor .Toplevel.Actor1 was iterated.
The actor .Toplevel.Actor2 will be iterated.
The actor .Toplevel.Actor2 was iterated.
The actor .Toplevel.Delay will be iterated.
The actor .Toplevel.Delay was iterated.
Director: Called postfire().
Postfire returns: true
Director: Called prefire().
-- Setting current time to 0.0
Director prefire returns true.
The actor .Toplevel.Actor1 will be iterated.
The actor .Toplevel.Actor1 was iterated.
The actor .Toplevel.Actor2 will be iterated.
The actor .Toplevel.Actor2 was iterated.
The actor .Toplevel.Delay will be iterated.
The actor .Toplevel.Delay was iterated.
Director: Called postfire().
Postfire returns: true
Director: Called prefire().
-- Setting current time to 0.0
Director prefire returns true.
The actor .Toplevel.Actor1 will be iterated.
The actor .Toplevel.Actor1 was iterated.
The actor .Toplevel.Actor2 will be iterated.
The actor .Toplevel.Actor2 was iterated.
The actor .Toplevel.Delay will be iterated.
The actor .Toplevel.Delay was iterated.
Reached specified number of iterations: 6
Director: Called wrapup().
19 ms. Memory: 129024K Free: 63942K (50%)
01/14/20 07:02:48
Failed: 0  Total Tests: 8  ((Passed: 8, Newly Passed: 0)  Known Failed: 0) /home/travis/build/icyphy/ptII/ptolemy/domains/sdf/test
No auto/knownFailedTests/*.xml tests in /home/travis/build/icyphy/ptII/ptolemy/domains/sdf/test
No auto/linux-amd64/*.xml tests in /home/travis/build/icyphy/ptII/ptolemy/domains/sdf/test
AutoTests.java: About to close Vertx.
AutoTests.java: Vertx closed.

===========================================================================================
----------------- testing Tue Jan 14 07:02:48 UTC 2020 /home/travis/build/icyphy/ptII/ptolemy/domains/sdf/test/auto/Array.xml
----------------- Instantiating /home/travis/build/icyphy/ptII/ptolemy/domains/sdf/test/auto/Array.xml
50 ms. Memory: 129024K Free: 110034K (85%)
----------------- Invoking toplevel() on ptolemy.moml.MoMLSimpleApplication@286bf2c3
----------------- Done invoking toplevel() on ptolemy.moml.MoMLSimpleApplication@286bf2c3
reloadAllAccessors: .Array

===========================================================================================
----------------- testing Tue Jan 14 07:02:49 UTC 2020 /home/travis/build/icyphy/ptII/ptolemy/domains/sdf/test/auto/Butterfly.xml
----------------- Instantiating /home/travis/build/icyphy/ptII/ptolemy/domains/sdf/test/auto/Butterfly.xml
86 ms. Memory: 129024K Free: 103908K (81%)
----------------- Invoking toplevel() on ptolemy.moml.MoMLSimpleApplication@734c46d6
----------------- Done invoking toplevel() on ptolemy.moml.MoMLSimpleApplication@734c46d6
reloadAllAccessors: .Butterfly

===========================================================================================
----------------- testing Tue Jan 14 07:02:49 UTC 2020 /home/travis/build/icyphy/ptII/ptolemy/domains/sdf/test/auto/Expression.xml
----------------- Instantiating /home/travis/build/icyphy/ptII/ptolemy/domains/sdf/test/auto/Expression.xml
49 ms. Memory: 129024K Free: 98788K (77%)
----------------- Invoking toplevel() on ptolemy.moml.MoMLSimpleApplication@1f3ae2bf
----------------- Done invoking toplevel() on ptolemy.moml.MoMLSimpleApplication@1f3ae2bf
reloadAllAccessors: .Expression

===========================================================================================
----------------- testing Tue Jan 14 07:02:49 UTC 2020 /home/travis/build/icyphy/ptII/ptolemy/domains/sdf/test/auto/Eye.xml
----------------- Instantiating /home/travis/build/icyphy/ptII/ptolemy/domains/sdf/test/auto/Eye.xml
115 ms. Memory: 129024K Free: 74274K (58%)
----------------- Invoking toplevel() on ptolemy.moml.MoMLSimpleApplication@6211b6eb
----------------- Done invoking toplevel() on ptolemy.moml.MoMLSimpleApplication@6211b6eb
reloadAllAccessors: .Eye

===========================================================================================
----------------- testing Tue Jan 14 07:02:49 UTC 2020 /home/travis/build/icyphy/ptII/ptolemy/domains/sdf/test/auto/FixFIR.xml
----------------- Instantiating /home/travis/build/icyphy/ptII/ptolemy/domains/sdf/test/auto/FixFIR.xml
134 ms. Memory: 129024K Free: 88353K (68%)
----------------- Invoking toplevel() on ptolemy.moml.MoMLSimpleApplication@611453f3
----------------- Done invoking toplevel() on ptolemy.moml.MoMLSimpleApplication@611453f3
reloadAllAccessors: .FixFIR

===========================================================================================
----------------- testing Tue Jan 14 07:02:50 UTC 2020 /home/travis/build/icyphy/ptII/ptolemy/domains/sdf/test/auto/FixPoint.xml
----------------- Instantiating /home/travis/build/icyphy/ptII/ptolemy/domains/sdf/test/auto/FixPoint.xml
7 ms. Memory: 129024K Free: 83737K (65%)
----------------- Invoking toplevel() on ptolemy.moml.MoMLSimpleApplication@4e8a3609
----------------- Done invoking toplevel() on ptolemy.moml.MoMLSimpleApplication@4e8a3609
reloadAllAccessors: .FixPoint

===========================================================================================
----------------- testing Tue Jan 14 07:02:50 UTC 2020 /home/travis/build/icyphy/ptII/ptolemy/domains/sdf/test/auto/Gravitation.xml
----------------- Instantiating /home/travis/build/icyphy/ptII/ptolemy/domains/sdf/test/auto/Gravitation.xml
3183 ms. Memory: 171008K Free: 92575K (54%)
----------------- Invoking toplevel() on ptolemy.moml.MoMLSimpleApplication@551b6676
----------------- Done invoking toplevel() on ptolemy.moml.MoMLSimpleApplication@551b6676
reloadAllAccessors: .Gravitation

===========================================================================================
----------------- testing Tue Jan 14 07:02:53 UTC 2020 /home/travis/build/icyphy/ptII/ptolemy/domains/sdf/test/auto/GravitationWithCollisionDetection.xml
----------------- Instantiating /home/travis/build/icyphy/ptII/ptolemy/domains/sdf/test/auto/GravitationWithCollisionDetection.xml
6415 ms. Memory: 323584K Free: 245472K (76%)
----------------- Invoking toplevel() on ptolemy.moml.MoMLSimpleApplication@225e7a03
----------------- Done invoking toplevel() on ptolemy.moml.MoMLSimpleApplication@225e7a03
reloadAllAccessors: .GravitationWithCollisionDetection

===========================================================================================
----------------- testing Tue Jan 14 07:03:00 UTC 2020 /home/travis/build/icyphy/ptII/ptolemy/domains/sdf/test/auto/HDF.xml
----------------- Instantiating /home/travis/build/icyphy/ptII/ptolemy/domains/sdf/test/auto/HDF.xml
51 ms. Memory: 323584K Free: 229616K (71%)
----------------- Invoking toplevel() on ptolemy.moml.MoMLSimpleApplication@b15d9e1
----------------- Done invoking toplevel() on ptolemy.moml.MoMLSimpleApplication@b15d9e1
reloadAllAccessors: .HDF

===========================================================================================
----------------- testing Tue Jan 14 07:03:00 UTC 2020 /home/travis/build/icyphy/ptII/ptolemy/domains/sdf/test/auto/HDFwithTransientStates.xml
----------------- Instantiating /home/travis/build/icyphy/ptII/ptolemy/domains/sdf/test/auto/HDFwithTransientStates.xml
29 ms. Memory: 323584K Free: 210670K (65%)
----------------- Invoking toplevel() on ptolemy.moml.MoMLSimpleApplication@3c2fec11
----------------- Done invoking toplevel() on ptolemy.moml.MoMLSimpleApplication@3c2fec11
reloadAllAccessors: .HDFwithTransientStates

===========================================================================================
----------------- testing Tue Jan 14 07:03:00 UTC 2020 /home/travis/build/icyphy/ptII/ptolemy/domains/sdf/test/auto/HTVQ.xml
----------------- Instantiating /home/travis/build/icyphy/ptII/ptolemy/domains/sdf/test/auto/HTVQ.xml
782 ms. Memory: 323584K Free: 233338K (72%)
----------------- Invoking toplevel() on ptolemy.moml.MoMLSimpleApplication@4ef71d97
----------------- Done invoking toplevel() on ptolemy.moml.MoMLSimpleApplication@4ef71d97
reloadAllAccessors: .HTVQ

===========================================================================================
----------------- testing Tue Jan 14 07:03:01 UTC 2020 /home/travis/build/icyphy/ptII/ptolemy/domains/sdf/test/auto/InferInitProduction.xml
----------------- Instantiating /home/travis/build/icyphy/ptII/ptolemy/domains/sdf/test/auto/InferInitProduction.xml
4 ms. Memory: 323584K Free: 227279K (70%)
----------------- Invoking toplevel() on ptolemy.moml.MoMLSimpleApplication@7fe4fc2f
----------------- Done invoking toplevel() on ptolemy.moml.MoMLSimpleApplication@7fe4fc2f
reloadAllAccessors: .InferInitProduction

===========================================================================================
----------------- testing Tue Jan 14 07:03:01 UTC 2020 /home/travis/build/icyphy/ptII/ptolemy/domains/sdf/test/auto/InferInitProductionDeeper.xml
----------------- Instantiating /home/travis/build/icyphy/ptII/ptolemy/domains/sdf/test/auto/InferInitProductionDeeper.xml
4 ms. Memory: 323584K Free: 221663K (69%)
----------------- Invoking toplevel() on ptolemy.moml.MoMLSimpleApplication@76de08bd
----------------- Done invoking toplevel() on ptolemy.moml.MoMLSimpleApplication@76de08bd
reloadAllAccessors: .InferInitProductionDeeper

===========================================================================================
----------------- testing Tue Jan 14 07:03:01 UTC 2020 /home/travis/build/icyphy/ptII/ptolemy/domains/sdf/test/auto/LMSAdaptive.xml
----------------- Instantiating /home/travis/build/icyphy/ptII/ptolemy/domains/sdf/test/auto/LMSAdaptive.xml
17 ms. Memory: 323584K Free: 211933K (65%)
----------------- Invoking toplevel() on ptolemy.moml.MoMLSimpleApplication@28970074
----------------- Done invoking toplevel() on ptolemy.moml.MoMLSimpleApplication@28970074
reloadAllAccessors: .LMSAdaptive

===========================================================================================
----------------- testing Tue Jan 14 07:03:01 UTC 2020 /home/travis/build/icyphy/ptII/ptolemy/domains/sdf/test/auto/LogisticMap.xml
----------------- Instantiating /home/travis/build/icyphy/ptII/ptolemy/domains/sdf/test/auto/LogisticMap.xml
438 ms. Memory: 323584K Free: 205789K (64%)
----------------- Invoking toplevel() on ptolemy.moml.MoMLSimpleApplication@55999fc2
----------------- Done invoking toplevel() on ptolemy.moml.MoMLSimpleApplication@55999fc2
reloadAllAccessors: .LogisticMap

===========================================================================================
----------------- testing Tue Jan 14 07:03:01 UTC 2020 /home/travis/build/icyphy/ptII/ptolemy/domains/sdf/test/auto/MaximumEntropySpectrum.xml
----------------- Instantiating /home/travis/build/icyphy/ptII/ptolemy/domains/sdf/test/auto/MaximumEntropySpectrum.xml
42 ms. Memory: 323584K Free: 144863K (45%)
----------------- Invoking toplevel() on ptolemy.moml.MoMLSimpleApplication@13e7f01e
----------------- Done invoking toplevel() on ptolemy.moml.MoMLSimpleApplication@13e7f01e
reloadAllAccessors: .MaximumEntropySpectrum

===========================================================================================
----------------- testing Tue Jan 14 07:03:01 UTC 2020 /home/travis/build/icyphy/ptII/ptolemy/domains/sdf/test/auto/MultirateSDF.xml
----------------- Instantiating /home/travis/build/icyphy/ptII/ptolemy/domains/sdf/test/auto/MultirateSDF.xml
18 ms. Memory: 323584K Free: 129983K (40%)
----------------- Invoking toplevel() on ptolemy.moml.MoMLSimpleApplication@14514c02
----------------- Done invoking toplevel() on ptolemy.moml.MoMLSimpleApplication@14514c02
reloadAllAccessors: .MultirateSDF

===========================================================================================
----------------- testing Tue Jan 14 07:03:01 UTC 2020 /home/travis/build/icyphy/ptII/ptolemy/domains/sdf/test/auto/MultirateSDFwithTransientStates.xml
----------------- Instantiating /home/travis/build/icyphy/ptII/ptolemy/domains/sdf/test/auto/MultirateSDFwithTransientStates.xml
28 ms. Memory: 323584K Free: 300991K (93%)
----------------- Invoking toplevel() on ptolemy.moml.MoMLSimpleApplication@7d01be
----------------- Done invoking toplevel() on ptolemy.moml.MoMLSimpleApplication@7d01be
reloadAllAccessors: .MultirateSDFwithTransientStates

===========================================================================================
----------------- testing Tue Jan 14 07:03:02 UTC 2020 /home/travis/build/icyphy/ptII/ptolemy/domains/sdf/test/auto/NoisySinewave.xml
----------------- Instantiating /home/travis/build/icyphy/ptII/ptolemy/domains/sdf/test/auto/NoisySinewave.xml
9 ms. Memory: 323584K Free: 281392K (87%)
----------------- Invoking toplevel() on ptolemy.moml.MoMLSimpleApplication@1fcd0a40
----------------- Done invoking toplevel() on ptolemy.moml.MoMLSimpleApplication@1fcd0a40
reloadAllAccessors: .NoisySinewave

===========================================================================================
----------------- testing Tue Jan 14 07:03:02 UTC 2020 /home/travis/build/icyphy/ptII/ptolemy/domains/sdf/test/auto/Objects.xml
----------------- Instantiating /home/travis/build/icyphy/ptII/ptolemy/domains/sdf/test/auto/Objects.xml
3 ms. Memory: 323584K Free: 273200K (84%)
----------------- Invoking toplevel() on ptolemy.moml.MoMLSimpleApplication@389648ce
----------------- Done invoking toplevel() on ptolemy.moml.MoMLSimpleApplication@389648ce
reloadAllAccessors: .Objects

===========================================================================================
----------------- testing Tue Jan 14 07:03:02 UTC 2020 /home/travis/build/icyphy/ptII/ptolemy/domains/sdf/test/auto/OrthogonalCom.xml
----------------- Instantiating /home/travis/build/icyphy/ptII/ptolemy/domains/sdf/test/auto/OrthogonalCom.xml
5 ms. Memory: 323584K Free: 265518K (82%)
----------------- Invoking toplevel() on ptolemy.moml.MoMLSimpleApplication@71b06b03
----------------- Done invoking toplevel() on ptolemy.moml.MoMLSimpleApplication@71b06b03
reloadAllAccessors: .OrthogonalCom

===========================================================================================
----------------- testing Tue Jan 14 07:03:02 UTC 2020 /home/travis/build/icyphy/ptII/ptolemy/domains/sdf/test/auto/RijndaelEncryption.xml
----------------- Instantiating /home/travis/build/icyphy/ptII/ptolemy/domains/sdf/test/auto/RijndaelEncryption.xml
239 ms. Memory: 323584K Free: 120110K (37%)
----------------- Invoking toplevel() on ptolemy.moml.MoMLSimpleApplication@1fa2d6f7
----------------- Done invoking toplevel() on ptolemy.moml.MoMLSimpleApplication@1fa2d6f7
reloadAllAccessors: .RijndaelEncryption

===========================================================================================
----------------- testing Tue Jan 14 07:03:02 UTC 2020 /home/travis/build/icyphy/ptII/ptolemy/domains/sdf/test/auto/SDFEmptyIterations.xml
----------------- Instantiating /home/travis/build/icyphy/ptII/ptolemy/domains/sdf/test/auto/SDFEmptyIterations.xml
4 ms. Memory: 323584K Free: 116000K (36%)
----------------- Invoking toplevel() on ptolemy.moml.MoMLSimpleApplication@7cd258fc
----------------- Done invoking toplevel() on ptolemy.moml.MoMLSimpleApplication@7cd258fc
reloadAllAccessors: .SDFEmptyIterations

===========================================================================================
----------------- testing Tue Jan 14 07:03:02 UTC 2020 /home/travis/build/icyphy/ptII/ptolemy/domains/sdf/test/auto/Spectrum.xml
----------------- Instantiating /home/travis/build/icyphy/ptII/ptolemy/domains/sdf/test/auto/Spectrum.xml
29 ms. Memory: 389120K Free: 350576K (90%)
----------------- Invoking toplevel() on ptolemy.moml.MoMLSimpleApplication@7a25486c
----------------- Done invoking toplevel() on ptolemy.moml.MoMLSimpleApplication@7a25486c
reloadAllAccessors: .Spectrum

===========================================================================================
----------------- testing Tue Jan 14 07:03:02 UTC 2020 /home/travis/build/icyphy/ptII/ptolemy/domains/sdf/test/auto/de_inside_sdf.xml
----------------- Instantiating /home/travis/build/icyphy/ptII/ptolemy/domains/sdf/test/auto/de_inside_sdf.xml
7 ms. Memory: 389120K Free: 345426K (89%)
----------------- Invoking toplevel() on ptolemy.moml.MoMLSimpleApplication@7984c2d4
----------------- Done invoking toplevel() on ptolemy.moml.MoMLSimpleApplication@7984c2d4
reloadAllAccessors: .de_inside_sdf

===========================================================================================
----------------- testing Tue Jan 14 07:03:02 UTC 2020 /home/travis/build/icyphy/ptII/ptolemy/domains/sdf/test/auto/disconnectedHierarchicalSDF.xml
----------------- Instantiating /home/travis/build/icyphy/ptII/ptolemy/domains/sdf/test/auto/disconnectedHierarchicalSDF.xml
5 ms. Memory: 389120K Free: 339298K (87%)
----------------- Invoking toplevel() on ptolemy.moml.MoMLSimpleApplication@694f7331
----------------- Done invoking toplevel() on ptolemy.moml.MoMLSimpleApplication@694f7331
reloadAllAccessors: .disconnectedHierarchicalSDF

===========================================================================================
----------------- testing Tue Jan 14 07:03:02 UTC 2020 /home/travis/build/icyphy/ptII/ptolemy/domains/sdf/test/auto/disconnectedSDF.xml
----------------- Instantiating /home/travis/build/icyphy/ptII/ptolemy/domains/sdf/test/auto/disconnectedSDF.xml
3 ms. Memory: 389120K Free: 335216K (86%)
----------------- Invoking toplevel() on ptolemy.moml.MoMLSimpleApplication@3b249e0a
----------------- Done invoking toplevel() on ptolemy.moml.MoMLSimpleApplication@3b249e0a
reloadAllAccessors: .disconnectedSDF

===========================================================================================
----------------- testing Tue Jan 14 07:03:02 UTC 2020 /home/travis/build/icyphy/ptII/ptolemy/domains/sdf/test/auto/emptyRefinement.xml
----------------- Instantiating /home/travis/build/icyphy/ptII/ptolemy/domains/sdf/test/auto/emptyRefinement.xml
5 ms. Memory: 389120K Free: 331120K (85%)
----------------- Invoking toplevel() on ptolemy.moml.MoMLSimpleApplication@daf2b2b
----------------- Done invoking toplevel() on ptolemy.moml.MoMLSimpleApplication@daf2b2b
reloadAllAccessors: .emptyRefinement

===========================================================================================
----------------- testing Tue Jan 14 07:03:02 UTC 2020 /home/travis/build/icyphy/ptII/ptolemy/domains/sdf/test/auto/filePortParameter.xml
----------------- Instantiating /home/travis/build/icyphy/ptII/ptolemy/domains/sdf/test/auto/filePortParameter.xml
18 ms. Memory: 389120K Free: 323442K (83%)
----------------- Invoking toplevel() on ptolemy.moml.MoMLSimpleApplication@6897039b
----------------- Done invoking toplevel() on ptolemy.moml.MoMLSimpleApplication@6897039b
reloadAllAccessors: .filePortParameter

===========================================================================================
----------------- testing Tue Jan 14 07:03:02 UTC 2020 /home/travis/build/icyphy/ptII/ptolemy/domains/sdf/test/auto/inferRelationWidth1.xml
----------------- Instantiating /home/travis/build/icyphy/ptII/ptolemy/domains/sdf/test/auto/inferRelationWidth1.xml
3 ms. Memory: 389120K Free: 320370K (82%)
----------------- Invoking toplevel() on ptolemy.moml.MoMLSimpleApplication@631d33ad
----------------- Done invoking toplevel() on ptolemy.moml.MoMLSimpleApplication@631d33ad
reloadAllAccessors: .inferRelationWidth1

===========================================================================================
----------------- testing Tue Jan 14 07:03:03 UTC 2020 /home/travis/build/icyphy/ptII/ptolemy/domains/sdf/test/auto/initProductionInference.xml
----------------- Instantiating /home/travis/build/icyphy/ptII/ptolemy/domains/sdf/test/auto/initProductionInference.xml
10 ms. Memory: 389120K Free: 316274K (81%)
----------------- Invoking toplevel() on ptolemy.moml.MoMLSimpleApplication@3b3ee867
----------------- Done invoking toplevel() on ptolemy.moml.MoMLSimpleApplication@3b3ee867
reloadAllAccessors: .initProductionInference

===========================================================================================
----------------- testing Tue Jan 14 07:03:03 UTC 2020 /home/travis/build/icyphy/ptII/ptolemy/domains/sdf/test/auto/relationGroup.xml
----------------- Instantiating /home/travis/build/icyphy/ptII/ptolemy/domains/sdf/test/auto/relationGroup.xml
2 ms. Memory: 389120K Free: 312688K (80%)
----------------- Invoking toplevel() on ptolemy.moml.MoMLSimpleApplication@5ac7011
----------------- Done invoking toplevel() on ptolemy.moml.MoMLSimpleApplication@5ac7011
reloadAllAccessors: .relationGroup

===========================================================================================
----------------- testing Tue Jan 14 07:03:03 UTC 2020 /home/travis/build/icyphy/ptII/ptolemy/domains/sdf/test/auto/relationGroup10.xml
----------------- Instantiating /home/travis/build/icyphy/ptII/ptolemy/domains/sdf/test/auto/relationGroup10.xml
2 ms. Memory: 389120K Free: 309616K (80%)
----------------- Invoking toplevel() on ptolemy.moml.MoMLSimpleApplication@1e5ab0f
----------------- Done invoking toplevel() on ptolemy.moml.MoMLSimpleApplication@1e5ab0f
reloadAllAccessors: .relationGroup10

===========================================================================================
----------------- testing Tue Jan 14 07:03:03 UTC 2020 /home/travis/build/icyphy/ptII/ptolemy/domains/sdf/test/auto/relationGroup11.xml
----------------- Instantiating /home/travis/build/icyphy/ptII/ptolemy/domains/sdf/test/auto/relationGroup11.xml
2 ms. Memory: 389120K Free: 306034K (79%)
----------------- Invoking toplevel() on ptolemy.moml.MoMLSimpleApplication@5b8d46e6
----------------- Done invoking toplevel() on ptolemy.moml.MoMLSimpleApplication@5b8d46e6
reloadAllAccessors: .relationGroup11

===========================================================================================
----------------- testing Tue Jan 14 07:03:03 UTC 2020 /home/travis/build/icyphy/ptII/ptolemy/domains/sdf/test/auto/relationGroup12.xml
----------------- Instantiating /home/travis/build/icyphy/ptII/ptolemy/domains/sdf/test/auto/relationGroup12.xml
3 ms. Memory: 389120K Free: 302448K (78%)
----------------- Invoking toplevel() on ptolemy.moml.MoMLSimpleApplication@605b814e
----------------- Done invoking toplevel() on ptolemy.moml.MoMLSimpleApplication@605b814e
reloadAllAccessors: .relationGroup12

===========================================================================================
----------------- testing Tue Jan 14 07:03:03 UTC 2020 /home/travis/build/icyphy/ptII/ptolemy/domains/sdf/test/auto/relationGroup13.xml
----------------- Instantiating /home/travis/build/icyphy/ptII/ptolemy/domains/sdf/test/auto/relationGroup13.xml
6 ms. Memory: 389120K Free: 297328K (76%)
----------------- Invoking toplevel() on ptolemy.moml.MoMLSimpleApplication@25de064d
----------------- Done invoking toplevel() on ptolemy.moml.MoMLSimpleApplication@25de064d
reloadAllAccessors: .relationGroup13

===========================================================================================
----------------- testing Tue Jan 14 07:03:03 UTC 2020 /home/travis/build/icyphy/ptII/ptolemy/domains/sdf/test/auto/relationGroup14.xml
----------------- Instantiating /home/travis/build/icyphy/ptII/ptolemy/domains/sdf/test/auto/relationGroup14.xml
3 ms. Memory: 389120K Free: 292722K (75%)
----------------- Invoking toplevel() on ptolemy.moml.MoMLSimpleApplication@3351cf24
----------------- Done invoking toplevel() on ptolemy.moml.MoMLSimpleApplication@3351cf24
reloadAllAccessors: .relationGroup14

===========================================================================================
----------------- testing Tue Jan 14 07:03:03 UTC 2020 /home/travis/build/icyphy/ptII/ptolemy/domains/sdf/test/auto/relationGroup15.xml
----------------- Instantiating /home/travis/build/icyphy/ptII/ptolemy/domains/sdf/test/auto/relationGroup15.xml
1 ms. Memory: 389120K Free: 289136K (74%)
----------------- Invoking toplevel() on ptolemy.moml.MoMLSimpleApplication@5f4ecd6d
----------------- Done invoking toplevel() on ptolemy.moml.MoMLSimpleApplication@5f4ecd6d
reloadAllAccessors: .relationGroup15

===========================================================================================
----------------- testing Tue Jan 14 07:03:03 UTC 2020 /home/travis/build/icyphy/ptII/ptolemy/domains/sdf/test/auto/relationGroup2.xml
----------------- Instantiating /home/travis/build/icyphy/ptII/ptolemy/domains/sdf/test/auto/relationGroup2.xml
1 ms. Memory: 389120K Free: 286064K (74%)
----------------- Invoking toplevel() on ptolemy.moml.MoMLSimpleApplication@3d8d859e
----------------- Done invoking toplevel() on ptolemy.moml.MoMLSimpleApplication@3d8d859e
reloadAllAccessors: .relationGroup2

===========================================================================================
----------------- testing Tue Jan 14 07:03:03 UTC 2020 /home/travis/build/icyphy/ptII/ptolemy/domains/sdf/test/auto/relationGroup3.xml
----------------- Instantiating /home/travis/build/icyphy/ptII/ptolemy/domains/sdf/test/auto/relationGroup3.xml
2 ms. Memory: 389120K Free: 282986K (73%)
----------------- Invoking toplevel() on ptolemy.moml.MoMLSimpleApplication@48f9da5f
----------------- Done invoking toplevel() on ptolemy.moml.MoMLSimpleApplication@48f9da5f
reloadAllAccessors: .relationGroup3

===========================================================================================
----------------- testing Tue Jan 14 07:03:03 UTC 2020 /home/travis/build/icyphy/ptII/ptolemy/domains/sdf/test/auto/relationGroup4.xml
----------------- Instantiating /home/travis/build/icyphy/ptII/ptolemy/domains/sdf/test/auto/relationGroup4.xml
7 ms. Memory: 389120K Free: 278386K (72%)
----------------- Invoking toplevel() on ptolemy.moml.MoMLSimpleApplication@5e265728
----------------- Done invoking toplevel() on ptolemy.moml.MoMLSimpleApplication@5e265728
reloadAllAccessors: .relationGroup4

===========================================================================================
----------------- testing Tue Jan 14 07:03:03 UTC 2020 /home/travis/build/icyphy/ptII/ptolemy/domains/sdf/test/auto/relationGroup5.xml
----------------- Instantiating /home/travis/build/icyphy/ptII/ptolemy/domains/sdf/test/auto/relationGroup5.xml
2 ms. Memory: 389120K Free: 273776K (70%)
----------------- Invoking toplevel() on ptolemy.moml.MoMLSimpleApplication@54afa633
----------------- Done invoking toplevel() on ptolemy.moml.MoMLSimpleApplication@54afa633
reloadAllAccessors: .relationGroup5

===========================================================================================
----------------- testing Tue Jan 14 07:03:03 UTC 2020 /home/travis/build/icyphy/ptII/ptolemy/domains/sdf/test/auto/relationGroup6.xml
----------------- Instantiating /home/travis/build/icyphy/ptII/ptolemy/domains/sdf/test/auto/relationGroup6.xml
3 ms. Memory: 389120K Free: 269680K (69%)
----------------- Invoking toplevel() on ptolemy.moml.MoMLSimpleApplication@52d5c8d6
----------------- Done invoking toplevel() on ptolemy.moml.MoMLSimpleApplication@52d5c8d6
reloadAllAccessors: .relationGroup6

===========================================================================================
----------------- testing Tue Jan 14 07:03:03 UTC 2020 /home/travis/build/icyphy/ptII/ptolemy/domains/sdf/test/auto/relationGroup7.xml
----------------- Instantiating /home/travis/build/icyphy/ptII/ptolemy/domains/sdf/test/auto/relationGroup7.xml
1 ms. Memory: 389120K Free: 266608K (69%)
----------------- Invoking toplevel() on ptolemy.moml.MoMLSimpleApplication@377ae972
----------------- Done invoking toplevel() on ptolemy.moml.MoMLSimpleApplication@377ae972
reloadAllAccessors: .relationGroup7

===========================================================================================
----------------- testing Tue Jan 14 07:03:03 UTC 2020 /home/travis/build/icyphy/ptII/ptolemy/domains/sdf/test/auto/relationGroup8.xml
----------------- Instantiating /home/travis/build/icyphy/ptII/ptolemy/domains/sdf/test/auto/relationGroup8.xml
3 ms. Memory: 389120K Free: 263536K (68%)
----------------- Invoking toplevel() on ptolemy.moml.MoMLSimpleApplication@2eeffc42
----------------- Done invoking toplevel() on ptolemy.moml.MoMLSimpleApplication@2eeffc42
reloadAllAccessors: .relationGroup8

===========================================================================================
----------------- testing Tue Jan 14 07:03:03 UTC 2020 /home/travis/build/icyphy/ptII/ptolemy/domains/sdf/test/auto/relationGroup9.xml
----------------- Instantiating /home/travis/build/icyphy/ptII/ptolemy/domains/sdf/test/auto/relationGroup9.xml
4 ms. Memory: 389120K Free: 258930K (67%)
----------------- Invoking toplevel() on ptolemy.moml.MoMLSimpleApplication@36206c8a
----------------- Done invoking toplevel() on ptolemy.moml.MoMLSimpleApplication@36206c8a
reloadAllAccessors: .relationGroup9

===========================================================================================
----------------- testing Tue Jan 14 07:03:03 UTC 2020 /home/travis/build/icyphy/ptII/ptolemy/domains/sdf/test/auto/sdf_inside_de.xml
----------------- Instantiating /home/travis/build/icyphy/ptII/ptolemy/domains/sdf/test/auto/sdf_inside_de.xml
8 ms. Memory: 389120K Free: 250224K (64%)
----------------- Invoking toplevel() on ptolemy.moml.MoMLSimpleApplication@17ccfee1
----------------- Done invoking toplevel() on ptolemy.moml.MoMLSimpleApplication@17ccfee1
reloadAllAccessors: .sdf_inside_de

===========================================================================================
----------------- testing Tue Jan 14 07:03:03 UTC 2020 /home/travis/build/icyphy/ptII/ptolemy/domains/sdf/test/auto/sdf_inside_pn.xml
----------------- Instantiating /home/travis/build/icyphy/ptII/ptolemy/domains/sdf/test/auto/sdf_inside_pn.xml
29 ms. Memory: 389120K Free: 241522K (62%)
----------------- Invoking toplevel() on ptolemy.moml.MoMLSimpleApplication@54c31e03
----------------- Done invoking toplevel() on ptolemy.moml.MoMLSimpleApplication@54c31e03
reloadAllAccessors: .sdf_inside_pn

===========================================================================================
----------------- testing Tue Jan 14 07:03:03 UTC 2020 /home/travis/build/icyphy/ptII/ptolemy/domains/sdf/test/auto/sdf_sdf1.xml
----------------- Instantiating /home/travis/build/icyphy/ptII/ptolemy/domains/sdf/test/auto/sdf_sdf1.xml
3 ms. Memory: 389120K Free: 236402K (61%)
----------------- Invoking toplevel() on ptolemy.moml.MoMLSimpleApplication@17704709
----------------- Done invoking toplevel() on ptolemy.moml.MoMLSimpleApplication@17704709
reloadAllAccessors: .sdf_sdf1

===========================================================================================
----------------- testing Tue Jan 14 07:03:03 UTC 2020 /home/travis/build/icyphy/ptII/ptolemy/domains/sdf/test/auto/test1.xml
----------------- Instantiating /home/travis/build/icyphy/ptII/ptolemy/domains/sdf/test/auto/test1.xml
3 ms. Memory: 389120K Free: 231282K (59%)
----------------- Invoking toplevel() on ptolemy.moml.MoMLSimpleApplication@18357193
----------------- Done invoking toplevel() on ptolemy.moml.MoMLSimpleApplication@18357193
reloadAllAccessors: .test1

===========================================================================================
----------------- testing Tue Jan 14 07:03:03 UTC 2020 /home/travis/build/icyphy/ptII/ptolemy/domains/sdf/test/auto/time1.xml
----------------- Instantiating /home/travis/build/icyphy/ptII/ptolemy/domains/sdf/test/auto/time1.xml
2 ms. Memory: 389120K Free: 227696K (59%)
----------------- Invoking toplevel() on ptolemy.moml.MoMLSimpleApplication@751bd22f
----------------- Done invoking toplevel() on ptolemy.moml.MoMLSimpleApplication@751bd22f
reloadAllAccessors: .time1

===========================================================================================
----------------- testing Tue Jan 14 07:03:03 UTC 2020 /home/travis/build/icyphy/ptII/ptolemy/domains/sdf/test/auto/time2.xml
----------------- Instantiating /home/travis/build/icyphy/ptII/ptolemy/domains/sdf/test/auto/time2.xml
2 ms. Memory: 389120K Free: 224114K (58%)
----------------- Invoking toplevel() on ptolemy.moml.MoMLSimpleApplication@7d20b96a
----------------- Done invoking toplevel() on ptolemy.moml.MoMLSimpleApplication@7d20b96a
reloadAllAccessors: .time2

===========================================================================================
----------------- testing Tue Jan 14 07:03:03 UTC 2020 /home/travis/build/icyphy/ptII/ptolemy/domains/sdf/test/auto/time3.xml
----------------- Instantiating /home/travis/build/icyphy/ptII/ptolemy/domains/sdf/test/auto/time3.xml
5 ms. Memory: 389120K Free: 218994K (56%)
----------------- Invoking toplevel() on ptolemy.moml.MoMLSimpleApplication@41e8a625
----------------- Done invoking toplevel() on ptolemy.moml.MoMLSimpleApplication@41e8a625
reloadAllAccessors: .time3

===========================================================================================
----------------- testing Tue Jan 14 07:03:03 UTC 2020 /home/travis/build/icyphy/ptII/ptolemy/domains/sdf/test/auto/time4.xml
----------------- Instantiating /home/travis/build/icyphy/ptII/ptolemy/domains/sdf/test/auto/time4.xml
5 ms. Memory: 389120K Free: 213346K (55%)
----------------- Invoking toplevel() on ptolemy.moml.MoMLSimpleApplication@2e91cb27
----------------- Done invoking toplevel() on ptolemy.moml.MoMLSimpleApplication@2e91cb27
reloadAllAccessors: .time4

===========================================================================================
----------------- testing Tue Jan 14 07:03:03 UTC 2020 /home/travis/build/icyphy/ptII/ptolemy/domains/sdf/test/auto/time5.xml
----------------- Instantiating /home/travis/build/icyphy/ptII/ptolemy/domains/sdf/test/auto/time5.xml
4002 ms. Memory: 389120K Free: 209778K (54%)
----------------- Invoking toplevel() on ptolemy.moml.MoMLSimpleApplication@1ce42034
----------------- Done invoking toplevel() on ptolemy.moml.MoMLSimpleApplication@1ce42034
reloadAllAccessors: .time5

===========================================================================================
----------------- testing Tue Jan 14 07:03:07 UTC 2020 /home/travis/build/icyphy/ptII/ptolemy/domains/sdf/test/auto/typeSystem_Const_Integer_smallest_Type.xml
----------------- Instantiating /home/travis/build/icyphy/ptII/ptolemy/domains/sdf/test/auto/typeSystem_Const_Integer_smallest_Type.xml
5 ms. Memory: 389120K Free: 205168K (53%)
----------------- Invoking toplevel() on ptolemy.moml.MoMLSimpleApplication@33ba036d
----------------- Done invoking toplevel() on ptolemy.moml.MoMLSimpleApplication@33ba036d
reloadAllAccessors: .typeSystem_Const_Integer_smallest_Type

===========================================================================================
----------------- testing Tue Jan 14 07:03:07 UTC 2020 /home/travis/build/icyphy/ptII/ptolemy/domains/sdf/test/auto/typeSystem_declared_Inports_OutportTypeException.xml
----------------- Instantiating /home/travis/build/icyphy/ptII/ptolemy/domains/sdf/test/auto/typeSystem_declared_Inports_OutportTypeException.xml
.typeSystem_declared_Inports_OutportTypeException.TestExceptionAttribute: initialize() was not invoked, but wrapup() was.  This is unusual, but not always a problem.  For example, exporting JNLP will do this.
6 ms. Memory: 389120K Free: 201072K (52%)
----------------- Invoking toplevel() on ptolemy.moml.MoMLSimpleApplication@4168454b
----------------- Done invoking toplevel() on ptolemy.moml.MoMLSimpleApplication@4168454b
reloadAllAccessors: .typeSystem_declared_Inports_OutportTypeException

===========================================================================================
----------------- testing Tue Jan 14 07:03:07 UTC 2020 /home/travis/build/icyphy/ptII/ptolemy/domains/sdf/test/auto/typeSystem_oneDeclaredInportType_wrongTypeOutport.xml
----------------- Instantiating /home/travis/build/icyphy/ptII/ptolemy/domains/sdf/test/auto/typeSystem_oneDeclaredInportType_wrongTypeOutport.xml
4 ms. Memory: 389120K Free: 196976K (51%)
----------------- Invoking toplevel() on ptolemy.moml.MoMLSimpleApplication@5e921e62
----------------- Done invoking toplevel() on ptolemy.moml.MoMLSimpleApplication@5e921e62
reloadAllAccessors: .typeSystem_oneDeclaredInportType_wrongTypeOutport

===========================================================================================
----------------- testing Tue Jan 14 07:03:07 UTC 2020 /home/travis/build/icyphy/ptII/ptolemy/domains/sdf/test/auto/width.xml
----------------- Instantiating /home/travis/build/icyphy/ptII/ptolemy/domains/sdf/test/auto/width.xml
2 ms. Memory: 389120K Free: 193394K (50%)
----------------- Invoking toplevel() on ptolemy.moml.MoMLSimpleApplication@2330b82d
----------------- Done invoking toplevel() on ptolemy.moml.MoMLSimpleApplication@2330b82d
reloadAllAccessors: .width

===========================================================================================
----------------- testing Tue Jan 14 07:03:07 UTC 2020 /home/travis/build/icyphy/ptII/ptolemy/domains/sdf/test/auto/width2.xml
----------------- Instantiating /home/travis/build/icyphy/ptII/ptolemy/domains/sdf/test/auto/width2.xml
33 ms. Memory: 389120K Free: 188274K (48%)
----------------- Invoking toplevel() on ptolemy.moml.MoMLSimpleApplication@54396c0c
----------------- Done invoking toplevel() on ptolemy.moml.MoMLSimpleApplication@54396c0c
reloadAllAccessors: .width2

===========================================================================================
----------------- testing Tue Jan 14 07:03:07 UTC 2020 /home/travis/build/icyphy/ptII/ptolemy/domains/sdf/test/auto/width3.xml
----------------- Instantiating /home/travis/build/icyphy/ptII/ptolemy/domains/sdf/test/auto/width3.xml
24 ms. Memory: 389120K Free: 183154K (47%)
----------------- Invoking toplevel() on ptolemy.moml.MoMLSimpleApplication@4c70451c
----------------- Done invoking toplevel() on ptolemy.moml.MoMLSimpleApplication@4c70451c
reloadAllAccessors: .width3
AutoTests.java: About to close Vertx.
AutoTests.java: Vertx closed.
]]></system-out>
  <system-err><![CDATA[java.lang.RuntimeException: Execution failed
	at ptolemy.moml.MoMLSimpleApplication$UnloadThread.run(MoMLSimpleApplication.java:402)
Caused by: ptolemy.actor.sched.NotSchedulableException: No solution exists for the balance equations.
Graph is not consistent under the SDF domain detected on external port .rateConsistency.actor.port2
  in .rateConsistency.SDF Director.Scheduler
	at ptolemy.domains.sdf.kernel.SDFScheduler._propagatePort(SDFScheduler.java:1425)
	at ptolemy.domains.sdf.kernel.SDFScheduler._solveBalanceEquations(SDFScheduler.java:710)
	at ptolemy.domains.sdf.kernel.SDFScheduler._getSchedule(SDFScheduler.java:566)
	at ptolemy.actor.sched.Scheduler.getSchedule(Scheduler.java:189)
	at ptolemy.domains.sdf.kernel.SDFDirector.createSchedule(SDFDirector.java:408)
	at ptolemy.domains.sdf.kernel.SDFDirector.preinitialize(SDFDirector.java:764)
	at ptolemy.actor.CompositeActor.preinitialize(CompositeActor.java:1828)
	at ptolemy.actor.Manager.preinitializeAndResolveTypes(Manager.java:1040)
	at ptolemy.actor.Manager.initialize(Manager.java:710)
	at ptolemy.actor.Manager.execute(Manager.java:356)
	at ptolemy.actor.Manager.run(Manager.java:1263)
	at ptolemy.actor.Manager$PtolemyRunThread.run(Manager.java:1933)
java.lang.RuntimeException: Execution failed
	at ptolemy.moml.MoMLSimpleApplication$UnloadThread.run(MoMLSimpleApplication.java:402)
Caused by: ptolemy.kernel.util.IllegalActionException: Failed to compute schedule:
  in .badRateChanges.typed composite actor.SDF Director
Because:
The SDF rate parameter may change. This is not allowed in SDF models that will be run through the code generator.  If you don't care about code generation, then you might consider setting the allowRateChanges parameter of the SDF director to false.
  in .badRateChanges.typed composite actor.Repeat.output.tokenProductionRate
	at ptolemy.domains.sdf.kernel.SDFDirector.createSchedule(SDFDirector.java:418)
	at ptolemy.domains.sdf.kernel.SDFDirector.preinitialize(SDFDirector.java:764)
	at ptolemy.actor.CompositeActor.preinitialize(CompositeActor.java:1828)
	at ptolemy.actor.Director.preinitialize(Director.java:1302)
	at ptolemy.actor.Director.preinitialize(Director.java:1257)
	at ptolemy.domains.sdf.kernel.SDFDirector.preinitialize(SDFDirector.java:763)
	at ptolemy.actor.CompositeActor.preinitialize(CompositeActor.java:1828)
	at ptolemy.actor.Manager.preinitializeAndResolveTypes(Manager.java:1040)
	at ptolemy.actor.Manager.initialize(Manager.java:710)
	at ptolemy.actor.Manager.execute(Manager.java:356)
	at ptolemy.actor.Manager.run(Manager.java:1263)
	at ptolemy.actor.Manager$PtolemyRunThread.run(Manager.java:1933)
Caused by: ptolemy.kernel.util.IllegalActionException: The SDF rate parameter may change. This is not allowed in SDF models that will be run through the code generator.  If you don't care about code generation, then you might consider setting the allowRateChanges parameter of the SDF director to false.
  in .badRateChanges.typed composite actor.Repeat.output.tokenProductionRate
	at ptolemy.domains.sdf.kernel.SDFScheduler._assertDynamicRateVariable(SDFScheduler.java:931)
	at ptolemy.domains.sdf.kernel.SDFScheduler._checkDynamicRateVariables(SDFScheduler.java:339)
	at ptolemy.domains.sdf.kernel.SDFScheduler._getSchedule(SDFScheduler.java:527)
	at ptolemy.actor.sched.Scheduler.getSchedule(Scheduler.java:189)
	at ptolemy.domains.sdf.kernel.SDFDirector.createSchedule(SDFDirector.java:408)
	... 11 more
java.lang.RuntimeException: Execution failed
	at ptolemy.moml.MoMLSimpleApplication$UnloadThread.run(MoMLSimpleApplication.java:402)
Caused by: ptolemy.kernel.util.IllegalActionException: Failed to compute schedule:
  in .badRateChanges2.typed composite actor.SDF Director
Because:
The SDF rate parameter may change. This is not allowed in SDF models that will be run through the code generator.  If you don't care about code generation, then you might consider setting the allowRateChanges parameter of the SDF director to false.
  in .badRateChanges2.typed composite actor.Repeat.output.tokenProductionRate
	at ptolemy.domains.sdf.kernel.SDFDirector.createSchedule(SDFDirector.java:418)
	at ptolemy.domains.sdf.kernel.SDFDirector.preinitialize(SDFDirector.java:764)
	at ptolemy.actor.CompositeActor.preinitialize(CompositeActor.java:1828)
	at ptolemy.actor.Director.preinitialize(Director.java:1302)
	at ptolemy.actor.Director.preinitialize(Director.java:1257)
	at ptolemy.domains.sdf.kernel.SDFDirector.preinitialize(SDFDirector.java:763)
	at ptolemy.actor.CompositeActor.preinitialize(CompositeActor.java:1828)
	at ptolemy.actor.Manager.preinitializeAndResolveTypes(Manager.java:1040)
	at ptolemy.actor.Manager.initialize(Manager.java:710)
	at ptolemy.actor.Manager.execute(Manager.java:356)
	at ptolemy.actor.Manager.run(Manager.java:1263)
	at ptolemy.actor.Manager$PtolemyRunThread.run(Manager.java:1933)
Caused by: ptolemy.kernel.util.IllegalActionException: The SDF rate parameter may change. This is not allowed in SDF models that will be run through the code generator.  If you don't care about code generation, then you might consider setting the allowRateChanges parameter of the SDF director to false.
  in .badRateChanges2.typed composite actor.Repeat.output.tokenProductionRate
	at ptolemy.domains.sdf.kernel.SDFScheduler._assertDynamicRateVariable(SDFScheduler.java:931)
	at ptolemy.domains.sdf.kernel.SDFScheduler._checkDynamicRateVariables(SDFScheduler.java:339)
	at ptolemy.domains.sdf.kernel.SDFScheduler._getSchedule(SDFScheduler.java:527)
	at ptolemy.actor.sched.Scheduler.getSchedule(Scheduler.java:189)
	at ptolemy.domains.sdf.kernel.SDFDirector.createSchedule(SDFDirector.java:408)
	... 11 more
java.lang.RuntimeException: Execution failed
	at ptolemy.moml.MoMLSimpleApplication$UnloadThread.run(MoMLSimpleApplication.java:402)
Caused by: ptolemy.actor.sched.NotSchedulableException: Actors remain that cannot be scheduled!

There are several possible reasons:
* SDF Graphs with feedback loops should have an actor with a delay in the loop, such as a SampleDelay.
* The SDF director has an "allowDisconnectedGraphs"parameter, which, when true, permits disconnected SDF graphs.
* The token consumption rate and production rates might be mismatched.
Usually, actors produce one token or consume one token on a port.  To produce or consume multiple tokens per firing, add a "tokenConsumptionRate" or "tokenProductionRate" parameter to the appropriate port.
Unscheduled actors:
.partiallyConnected.Const2 
Scheduled actors:
.partiallyConnected.Const 
  in .partiallyConnected.SDF Director.Scheduler
	at ptolemy.domains.sdf.kernel.SDFScheduler._scheduleConnectedActors(SDFScheduler.java:1828)
	at ptolemy.domains.sdf.kernel.SDFScheduler._getSchedule(SDFScheduler.java:587)
	at ptolemy.actor.sched.Scheduler.getSchedule(Scheduler.java:189)
	at ptolemy.domains.sdf.kernel.SDFDirector.createSchedule(SDFDirector.java:408)
	at ptolemy.domains.sdf.kernel.SDFDirector.preinitialize(SDFDirector.java:764)
	at ptolemy.actor.CompositeActor.preinitialize(CompositeActor.java:1828)
	at ptolemy.actor.Manager.preinitializeAndResolveTypes(Manager.java:1040)
	at ptolemy.actor.Manager.initialize(Manager.java:710)
	at ptolemy.actor.Manager.execute(Manager.java:356)
	at ptolemy.actor.Manager.run(Manager.java:1263)
	at ptolemy.actor.Manager$PtolemyRunThread.run(Manager.java:1933)
]]></system-err>
</testsuite>
