<?xml version="1.0" encoding="UTF-8" ?>
<testsuite errors="0" failures="0" hostname="travis-job-3b3e01cd-4719-42cb-980e-604d0d4c5328" name="ptolemy.domains.continuous.test.junit.JUnitTclTest" skipped="0" tests="155" time="71.567" timestamp="2018-07-12T02:00:00">
  <properties>
[...]
</properties>
  <testcase classname="ptolemy.util.test.junit.TclTests" name="[0] ThereAreNoTclTests (RunTclFile)" time="0.001" />
  <testcase classname="ptolemy.util.test.junit.AutoKnownFailedTests" name="[0] ThereAreNoKnowFailedTests (RunModel)" time="0.002" />
  <testcase classname="ptolemy.util.test.junit.AutoNameArchTests" name="[0] ThereAreNoAutoArchTests (RunModel)" time="0.001" />
  <testcase classname="ptolemy.util.test.junit.AutoTests" name="[0] /home/travis/build/icyphy/ptII/ptolemy/domains/continuous/test/auto/BouncingBall.xml (RunModel)" time="2.962" />
  <testcase classname="ptolemy.util.test.junit.AutoTests" name="[1] /home/travis/build/icyphy/ptII/ptolemy/domains/continuous/test/auto/BouncingBallWithoutGR.xml (RunModel)" time="0.781" />
  <testcase classname="ptolemy.util.test.junit.AutoTests" name="[2] /home/travis/build/icyphy/ptII/ptolemy/domains/continuous/test/auto/Brownian.xml (RunModel)" time="0.102" />
  <testcase classname="ptolemy.util.test.junit.AutoTests" name="[3] /home/travis/build/icyphy/ptII/ptolemy/domains/continuous/test/auto/CarTracking.xml (RunModel)" time="3.292" />
  <testcase classname="ptolemy.util.test.junit.AutoTests" name="[4] /home/travis/build/icyphy/ptII/ptolemy/domains/continuous/test/auto/CartPendulum.xml (RunModel)" time="0.505" />
  <testcase classname="ptolemy.util.test.junit.AutoTests" name="[5] /home/travis/build/icyphy/ptII/ptolemy/domains/continuous/test/auto/CausalityInterface10.xml (RunModel)" time="0.033" />
  <testcase classname="ptolemy.util.test.junit.AutoTests" name="[6] /home/travis/build/icyphy/ptII/ptolemy/domains/continuous/test/auto/CausalityInterface11.xml (RunModel)" time="0.02" />
  <testcase classname="ptolemy.util.test.junit.AutoTests" name="[7] /home/travis/build/icyphy/ptII/ptolemy/domains/continuous/test/auto/CausalityInterface12.xml (RunModel)" time="0.022" />
  <testcase classname="ptolemy.util.test.junit.AutoTests" name="[8] /home/travis/build/icyphy/ptII/ptolemy/domains/continuous/test/auto/CausalityInterface13.xml (RunModel)" time="0.032" />
  <testcase classname="ptolemy.util.test.junit.AutoTests" name="[9] /home/travis/build/icyphy/ptII/ptolemy/domains/continuous/test/auto/CausalityInterface14.xml (RunModel)" time="0.029" />
  <testcase classname="ptolemy.util.test.junit.AutoTests" name="[10] /home/travis/build/icyphy/ptII/ptolemy/domains/continuous/test/auto/CausalityInterface4.xml (RunModel)" time="0.023" />
  <testcase classname="ptolemy.util.test.junit.AutoTests" name="[11] /home/travis/build/icyphy/ptII/ptolemy/domains/continuous/test/auto/CausalityInterface5.xml (RunModel)" time="0.035" />
  <testcase classname="ptolemy.util.test.junit.AutoTests" name="[12] /home/travis/build/icyphy/ptII/ptolemy/domains/continuous/test/auto/CausalityInterface6.xml (RunModel)" time="0.035" />
  <testcase classname="ptolemy.util.test.junit.AutoTests" name="[13] /home/travis/build/icyphy/ptII/ptolemy/domains/continuous/test/auto/CausalityInterface7.xml (RunModel)" time="0.046" />
  <testcase classname="ptolemy.util.test.junit.AutoTests" name="[14] /home/travis/build/icyphy/ptII/ptolemy/domains/continuous/test/auto/CausalityInterface8.xml (RunModel)" time="0.032" />
  <testcase classname="ptolemy.util.test.junit.AutoTests" name="[15] /home/travis/build/icyphy/ptII/ptolemy/domains/continuous/test/auto/CausalityInterface9.xml (RunModel)" time="0.042" />
  <testcase classname="ptolemy.util.test.junit.AutoTests" name="[16] /home/travis/build/icyphy/ptII/ptolemy/domains/continuous/test/auto/CausalityInterfaceFeedback1.xml (RunModel)" time="0.03" />
  <testcase classname="ptolemy.util.test.junit.AutoTests" name="[17] /home/travis/build/icyphy/ptII/ptolemy/domains/continuous/test/auto/CausalityInterfaceFeedback2.xml (RunModel)" time="0.022" />
  <testcase classname="ptolemy.util.test.junit.AutoTests" name="[18] /home/travis/build/icyphy/ptII/ptolemy/domains/continuous/test/auto/CompareWithCurrentTime.xml (RunModel)" time="0.027" />
  <testcase classname="ptolemy.util.test.junit.AutoTests" name="[19] /home/travis/build/icyphy/ptII/ptolemy/domains/continuous/test/auto/ComparedClocks.xml (RunModel)" time="0.053" />
  <testcase classname="ptolemy.util.test.junit.AutoTests" name="[20] /home/travis/build/icyphy/ptII/ptolemy/domains/continuous/test/auto/ContinuousAOCClone.xml (RunModel)" time="2.945" />
  <testcase classname="ptolemy.util.test.junit.AutoTests" name="[21] /home/travis/build/icyphy/ptII/ptolemy/domains/continuous/test/auto/ContinuousClock.xml (RunModel)" time="0.104" />
  <testcase classname="ptolemy.util.test.junit.AutoTests" name="[22] /home/travis/build/icyphy/ptII/ptolemy/domains/continuous/test/auto/ContinuousInContinuous.xml (RunModel)" time="0.089" />
  <testcase classname="ptolemy.util.test.junit.AutoTests" name="[23] /home/travis/build/icyphy/ptII/ptolemy/domains/continuous/test/auto/ContinuousInContinuousInContinuous.xml (RunModel)" time="0.026" />
  <testcase classname="ptolemy.util.test.junit.AutoTests" name="[24] /home/travis/build/icyphy/ptII/ptolemy/domains/continuous/test/auto/ContinuousInDE.xml (RunModel)" time="0.132" />
  <testcase classname="ptolemy.util.test.junit.AutoTests" name="[25] /home/travis/build/icyphy/ptII/ptolemy/domains/continuous/test/auto/ContinuousInDE2.xml (RunModel)" time="0.063" />
  <testcase classname="ptolemy.util.test.junit.AutoTests" name="[26] /home/travis/build/icyphy/ptII/ptolemy/domains/continuous/test/auto/ContinuousInDE3.xml (RunModel)" time="0.059" />
  <testcase classname="ptolemy.util.test.junit.AutoTests" name="[27] /home/travis/build/icyphy/ptII/ptolemy/domains/continuous/test/auto/ContinuousInDE4.xml (RunModel)" time="0.039" />
  <testcase classname="ptolemy.util.test.junit.AutoTests" name="[28] /home/travis/build/icyphy/ptII/ptolemy/domains/continuous/test/auto/ContinuousInDEDifferentRefinements.xml (RunModel)" time="0.12" />
  <testcase classname="ptolemy.util.test.junit.AutoTests" name="[29] /home/travis/build/icyphy/ptII/ptolemy/domains/continuous/test/auto/ContinuousInDEDifferentRefinementsPreemptive.xml (RunModel)" time="0.094" />
  <testcase classname="ptolemy.util.test.junit.AutoTests" name="[30] /home/travis/build/icyphy/ptII/ptolemy/domains/continuous/test/auto/ContinuousInDEInContinuous2.xml (RunModel)" time="0.074" />
  <testcase classname="ptolemy.util.test.junit.AutoTests" name="[31] /home/travis/build/icyphy/ptII/ptolemy/domains/continuous/test/auto/ContinuousInDEInContinuous3.xml (RunModel)" time="0.06" />
  <testcase classname="ptolemy.util.test.junit.AutoTests" name="[32] /home/travis/build/icyphy/ptII/ptolemy/domains/continuous/test/auto/ContinuousInDEInput.xml (RunModel)" time="0.03" />
  <testcase classname="ptolemy.util.test.junit.AutoTests" name="[33] /home/travis/build/icyphy/ptII/ptolemy/domains/continuous/test/auto/ContinuousInDEInput2.xml (RunModel)" time="0.029" />
  <testcase classname="ptolemy.util.test.junit.AutoTests" name="[34] /home/travis/build/icyphy/ptII/ptolemy/domains/continuous/test/auto/ContinuousInDEInput3.xml (RunModel)" time="0.032" />
  <testcase classname="ptolemy.util.test.junit.AutoTests" name="[35] /home/travis/build/icyphy/ptII/ptolemy/domains/continuous/test/auto/ContinuousInDESharingRefinement.xml (RunModel)" time="0.185" />
  <testcase classname="ptolemy.util.test.junit.AutoTests" name="[36] /home/travis/build/icyphy/ptII/ptolemy/domains/continuous/test/auto/ContinuousInDEwithNoPorts.xml (RunModel)" time="0.015" />
  <testcase classname="ptolemy.util.test.junit.AutoTests" name="[37] /home/travis/build/icyphy/ptII/ptolemy/domains/continuous/test/auto/ContinuousInsideDE.xml (RunModel)" time="0.094" />
  <testcase classname="ptolemy.util.test.junit.AutoTests" name="[38] /home/travis/build/icyphy/ptII/ptolemy/domains/continuous/test/auto/ContinuousMerge1.xml (RunModel)" time="0.017" />
  <testcase classname="ptolemy.util.test.junit.AutoTests" name="[39] /home/travis/build/icyphy/ptII/ptolemy/domains/continuous/test/auto/ContinuousMerge2.xml (RunModel)" time="0.047" />
  <testcase classname="ptolemy.util.test.junit.AutoTests" name="[40] /home/travis/build/icyphy/ptII/ptolemy/domains/continuous/test/auto/ContinuousMerge3.xml (RunModel)" time="0.076" />
  <testcase classname="ptolemy.util.test.junit.AutoTests" name="[41] /home/travis/build/icyphy/ptII/ptolemy/domains/continuous/test/auto/ContinuousWithinContinuous.xml (RunModel)" time="0.062" />
  <testcase classname="ptolemy.util.test.junit.AutoTests" name="[42] /home/travis/build/icyphy/ptII/ptolemy/domains/continuous/test/auto/ContinuousWithinContinuous2.xml (RunModel)" time="0.08" />
  <testcase classname="ptolemy.util.test.junit.AutoTests" name="[43] /home/travis/build/icyphy/ptII/ptolemy/domains/continuous/test/auto/ContinuousWithinContinuous3.xml (RunModel)" time="0.031" />
  <testcase classname="ptolemy.util.test.junit.AutoTests" name="[44] /home/travis/build/icyphy/ptII/ptolemy/domains/continuous/test/auto/ContinuousWithinContinuous4.xml (RunModel)" time="0.088" />
  <testcase classname="ptolemy.util.test.junit.AutoTests" name="[45] /home/travis/build/icyphy/ptII/ptolemy/domains/continuous/test/auto/ContinuousWithinContinuous5.xml (RunModel)" time="0.031" />
  <testcase classname="ptolemy.util.test.junit.AutoTests" name="[46] /home/travis/build/icyphy/ptII/ptolemy/domains/continuous/test/auto/ContinuousWithinContinuous6.xml (RunModel)" time="0.044" />
  <testcase classname="ptolemy.util.test.junit.AutoTests" name="[47] /home/travis/build/icyphy/ptII/ptolemy/domains/continuous/test/auto/ContinuousWithinContinuous7.xml (RunModel)" time="0.068" />
  <testcase classname="ptolemy.util.test.junit.AutoTests" name="[48] /home/travis/build/icyphy/ptII/ptolemy/domains/continuous/test/auto/DCMotor.xml (RunModel)" time="14.503" />
  <testcase classname="ptolemy.util.test.junit.AutoTests" name="[49] /home/travis/build/icyphy/ptII/ptolemy/domains/continuous/test/auto/DEInContinuous.xml (RunModel)" time="0.038" />
  <testcase classname="ptolemy.util.test.junit.AutoTests" name="[50] /home/travis/build/icyphy/ptII/ptolemy/domains/continuous/test/auto/DEinContinuous2.xml (RunModel)" time="0.043" />
  <testcase classname="ptolemy.util.test.junit.AutoTests" name="[51] /home/travis/build/icyphy/ptII/ptolemy/domains/continuous/test/auto/Derivative.xml (RunModel)" time="0.199" />
  <testcase classname="ptolemy.util.test.junit.AutoTests" name="[52] /home/travis/build/icyphy/ptII/ptolemy/domains/continuous/test/auto/Derivative1.xml (RunModel)" time="0.047" />
  <testcase classname="ptolemy.util.test.junit.AutoTests" name="[53] /home/travis/build/icyphy/ptII/ptolemy/domains/continuous/test/auto/DiscreteClock.xml (RunModel)" time="0.015" />
  <testcase classname="ptolemy.util.test.junit.AutoTests" name="[54] /home/travis/build/icyphy/ptII/ptolemy/domains/continuous/test/auto/EfficiencyCurve.xml (RunModel)" time="0.079" />
  <testcase classname="ptolemy.util.test.junit.AutoTests" name="[55] /home/travis/build/icyphy/ptII/ptolemy/domains/continuous/test/auto/ExponentialResponse.xml (RunModel)" time="0.126" />
  <testcase classname="ptolemy.util.test.junit.AutoTests" name="[56] /home/travis/build/icyphy/ptII/ptolemy/domains/continuous/test/auto/ExponentialResponseRK45.xml (RunModel)" time="0.034" />
  <testcase classname="ptolemy.util.test.junit.AutoTests" name="[57] /home/travis/build/icyphy/ptII/ptolemy/domains/continuous/test/auto/Friction.xml (RunModel)" time="1.541" />
  <testcase classname="ptolemy.util.test.junit.AutoTests" name="[58] /home/travis/build/icyphy/ptII/ptolemy/domains/continuous/test/auto/FurutaPendulum.xml (RunModel)" time="3.192" />
  <testcase classname="ptolemy.util.test.junit.AutoTests" name="[59] /home/travis/build/icyphy/ptII/ptolemy/domains/continuous/test/auto/HierarchicalExecution.xml (RunModel)" time="1.923" />
  <testcase classname="ptolemy.util.test.junit.AutoTests" name="[60] /home/travis/build/icyphy/ptII/ptolemy/domains/continuous/test/auto/HybridPlant.xml (RunModel)" time="0.544" />
  <testcase classname="ptolemy.util.test.junit.AutoTests" name="[61] /home/travis/build/icyphy/ptII/ptolemy/domains/continuous/test/auto/Hysteresis.xml (RunModel)" time="0.183" />
  <testcase classname="ptolemy.util.test.junit.AutoTests" name="[62] /home/travis/build/icyphy/ptII/ptolemy/domains/continuous/test/auto/HysteresisWithRandomDelay.xml (RunModel)" time="0.237" />
  <testcase classname="ptolemy.util.test.junit.AutoTests" name="[63] /home/travis/build/icyphy/ptII/ptolemy/domains/continuous/test/auto/HysteresisWithRandomLosses.xml (RunModel)" time="2.087" />
  <testcase classname="ptolemy.util.test.junit.AutoTests" name="[64] /home/travis/build/icyphy/ptII/ptolemy/domains/continuous/test/auto/ImmediateTransitions.xml (RunModel)" time="0.037" />
  <testcase classname="ptolemy.util.test.junit.AutoTests" name="[65] /home/travis/build/icyphy/ptII/ptolemy/domains/continuous/test/auto/ImpulseFeedback.xml (RunModel)" time="0.024" />
  <testcase classname="ptolemy.util.test.junit.AutoTests" name="[66] /home/travis/build/icyphy/ptII/ptolemy/domains/continuous/test/auto/ImpulseFeedback2.xml (RunModel)" time="0.015" />
  <testcase classname="ptolemy.util.test.junit.AutoTests" name="[67] /home/travis/build/icyphy/ptII/ptolemy/domains/continuous/test/auto/IncreasingRatePoisson.xml (RunModel)" time="0.573" />
  <testcase classname="ptolemy.util.test.junit.AutoTests" name="[68] /home/travis/build/icyphy/ptII/ptolemy/domains/continuous/test/auto/InitialStateFeedback.xml (RunModel)" time="0.021" />
  <testcase classname="ptolemy.util.test.junit.AutoTests" name="[69] /home/travis/build/icyphy/ptII/ptolemy/domains/continuous/test/auto/Integration.xml (RunModel)" time="0.01" />
  <testcase classname="ptolemy.util.test.junit.AutoTests" name="[70] /home/travis/build/icyphy/ptII/ptolemy/domains/continuous/test/auto/Integration2.xml (RunModel)" time="0.087" />
  <testcase classname="ptolemy.util.test.junit.AutoTests" name="[71] /home/travis/build/icyphy/ptII/ptolemy/domains/continuous/test/auto/Integration3.xml (RunModel)" time="0.011" />
  <testcase classname="ptolemy.util.test.junit.AutoTests" name="[72] /home/travis/build/icyphy/ptII/ptolemy/domains/continuous/test/auto/Integration5.xml (RunModel)" time="0.018" />
  <testcase classname="ptolemy.util.test.junit.AutoTests" name="[73] /home/travis/build/icyphy/ptII/ptolemy/domains/continuous/test/auto/IntegratorImpulse.xml (RunModel)" time="0.012" />
  <testcase classname="ptolemy.util.test.junit.AutoTests" name="[74] /home/travis/build/icyphy/ptII/ptolemy/domains/continuous/test/auto/IntegratorImpulse2.xml (RunModel)" time="0.013" />
  <testcase classname="ptolemy.util.test.junit.AutoTests" name="[75] /home/travis/build/icyphy/ptII/ptolemy/domains/continuous/test/auto/LevelCrossing1.xml (RunModel)" time="0.012" />
  <testcase classname="ptolemy.util.test.junit.AutoTests" name="[76] /home/travis/build/icyphy/ptII/ptolemy/domains/continuous/test/auto/LevelCrossing2.xml (RunModel)" time="0.014" />
  <testcase classname="ptolemy.util.test.junit.AutoTests" name="[77] /home/travis/build/icyphy/ptII/ptolemy/domains/continuous/test/auto/LevelCrossing3.xml (RunModel)" time="0.012" />
  <testcase classname="ptolemy.util.test.junit.AutoTests" name="[78] /home/travis/build/icyphy/ptII/ptolemy/domains/continuous/test/auto/LevelCrossing4.xml (RunModel)" time="0.012" />
  <testcase classname="ptolemy.util.test.junit.AutoTests" name="[79] /home/travis/build/icyphy/ptII/ptolemy/domains/continuous/test/auto/LevelCrossing5.xml (RunModel)" time="0.012" />
  <testcase classname="ptolemy.util.test.junit.AutoTests" name="[80] /home/travis/build/icyphy/ptII/ptolemy/domains/continuous/test/auto/LevelCrossing6.xml (RunModel)" time="0.013" />
  <testcase classname="ptolemy.util.test.junit.AutoTests" name="[81] /home/travis/build/icyphy/ptII/ptolemy/domains/continuous/test/auto/LevelCrossingDetector.xml (RunModel)" time="0.039" />
  <testcase classname="ptolemy.util.test.junit.AutoTests" name="[82] /home/travis/build/icyphy/ptII/ptolemy/domains/continuous/test/auto/LevelCrossingDetectorDetectingDirections.xml (RunModel)" time="0.086" />
  <testcase classname="ptolemy.util.test.junit.AutoTests" name="[83] /home/travis/build/icyphy/ptII/ptolemy/domains/continuous/test/auto/LevelCrossingDetectorDetectsGlitches.xml (RunModel)" time="0.064" />
  <testcase classname="ptolemy.util.test.junit.AutoTests" name="[84] /home/travis/build/icyphy/ptII/ptolemy/domains/continuous/test/auto/LevelCrossingNoInitialOuput.xml (RunModel)" time="0.012" />
  <testcase classname="ptolemy.util.test.junit.AutoTests" name="[85] /home/travis/build/icyphy/ptII/ptolemy/domains/continuous/test/auto/LinearStateSpaceExample.xml (RunModel)" time="0.046" />
  <testcase classname="ptolemy.util.test.junit.AutoTests" name="[86] /home/travis/build/icyphy/ptII/ptolemy/domains/continuous/test/auto/Lorenz.xml (RunModel)" time="4.28" />
  <testcase classname="ptolemy.util.test.junit.AutoTests" name="[87] /home/travis/build/icyphy/ptII/ptolemy/domains/continuous/test/auto/LorenzDifferentialSystem.xml (RunModel)" time="1.052" />
  <testcase classname="ptolemy.util.test.junit.AutoTests" name="[88] /home/travis/build/icyphy/ptII/ptolemy/domains/continuous/test/auto/LorenzDifferentialSystemWithInput.xml (RunModel)" time="1.354" />
  <testcase classname="ptolemy.util.test.junit.AutoTests" name="[89] /home/travis/build/icyphy/ptII/ptolemy/domains/continuous/test/auto/LorenzDifferentialSystemWithTime.xml (RunModel)" time="0.693" />
  <testcase classname="ptolemy.util.test.junit.AutoTests" name="[90] /home/travis/build/icyphy/ptII/ptolemy/domains/continuous/test/auto/Microsteps.xml (RunModel)" time="0.018" />
  <testcase classname="ptolemy.util.test.junit.AutoTests" name="[91] /home/travis/build/icyphy/ptII/ptolemy/domains/continuous/test/auto/Modal1.xml (RunModel)" time="0.034" />
  <testcase classname="ptolemy.util.test.junit.AutoTests" name="[92] /home/travis/build/icyphy/ptII/ptolemy/domains/continuous/test/auto/Modal2.xml (RunModel)" time="0.051" />
  <testcase classname="ptolemy.util.test.junit.AutoTests" name="[93] /home/travis/build/icyphy/ptII/ptolemy/domains/continuous/test/auto/ModalTransitionGuardWithReset.xml (RunModel)" time="0.025" />
  <testcase classname="ptolemy.util.test.junit.AutoTests" name="[94] /home/travis/build/icyphy/ptII/ptolemy/domains/continuous/test/auto/ModalTransitionGuardWithResetUsingPreemptiveTransition.xml (RunModel)" time="0.036" />
  <testcase classname="ptolemy.util.test.junit.AutoTests" name="[95] /home/travis/build/icyphy/ptII/ptolemy/domains/continuous/test/auto/ModalTransitionGuardWithResetUsingPreemptiveTransition2.xml (RunModel)" time="0.033" />
  <testcase classname="ptolemy.util.test.junit.AutoTests" name="[96] /home/travis/build/icyphy/ptII/ptolemy/domains/continuous/test/auto/ModalTransitionGuardWithResetUsingPreemptiveTransition3.xml (RunModel)" time="0.034" />
  <testcase classname="ptolemy.util.test.junit.AutoTests" name="[97] /home/travis/build/icyphy/ptII/ptolemy/domains/continuous/test/auto/NewtonsCradle.xml (RunModel)" time="0.757" />
  <testcase classname="ptolemy.util.test.junit.AutoTests" name="[98] /home/travis/build/icyphy/ptII/ptolemy/domains/continuous/test/auto/NewtonsCradleAnimated.xml (RunModel)" time="1.052" />
  <testcase classname="ptolemy.util.test.junit.AutoTests" name="[99] /home/travis/build/icyphy/ptII/ptolemy/domains/continuous/test/auto/NewtonsCradleComplicated.xml (RunModel)" time="0.793" />
  <testcase classname="ptolemy.util.test.junit.AutoTests" name="[100] /home/travis/build/icyphy/ptII/ptolemy/domains/continuous/test/auto/NewtonsCradleNondeterministic.xml (RunModel)" time="0.625" />
  <testcase classname="ptolemy.util.test.junit.AutoTests" name="[101] /home/travis/build/icyphy/ptII/ptolemy/domains/continuous/test/auto/NewtonsCradlePerfectlyInelastic1.xml (RunModel)" time="1.147" />
  <testcase classname="ptolemy.util.test.junit.AutoTests" name="[102] /home/travis/build/icyphy/ptII/ptolemy/domains/continuous/test/auto/Noise.xml (RunModel)" time="0.185" />
  <testcase classname="ptolemy.util.test.junit.AutoTests" name="[103] /home/travis/build/icyphy/ptII/ptolemy/domains/continuous/test/auto/NoiseSpectrum.xml (RunModel)" time="0.728" />
  <testcase classname="ptolemy.util.test.junit.AutoTests" name="[104] /home/travis/build/icyphy/ptII/ptolemy/domains/continuous/test/auto/ParameterizedNewtonsCradleAnimated.xml (RunModel)" time="0.336" />
  <testcase classname="ptolemy.util.test.junit.AutoTests" name="[105] /home/travis/build/icyphy/ptII/ptolemy/domains/continuous/test/auto/ParameterizedNewtonsCradleAnimatedNondeterministic.xml (RunModel)" time="1.095" />
  <testcase classname="ptolemy.util.test.junit.AutoTests" name="[106] /home/travis/build/icyphy/ptII/ptolemy/domains/continuous/test/auto/Pendulum3D.xml (RunModel)" time="0.169" />
  <testcase classname="ptolemy.util.test.junit.AutoTests" name="[107] /home/travis/build/icyphy/ptII/ptolemy/domains/continuous/test/auto/PeriodicSampler.xml (RunModel)" time="0.013" />
  <testcase classname="ptolemy.util.test.junit.AutoTests" name="[108] /home/travis/build/icyphy/ptII/ptolemy/domains/continuous/test/auto/PeriodicSampler1.xml (RunModel)" time="0.038" />
  <testcase classname="ptolemy.util.test.junit.AutoTests" name="[109] /home/travis/build/icyphy/ptII/ptolemy/domains/continuous/test/auto/PeriodicSampler2.xml (RunModel)" time="0.062" />
  <testcase classname="ptolemy.util.test.junit.AutoTests" name="[110] /home/travis/build/icyphy/ptII/ptolemy/domains/continuous/test/auto/Poisson.xml (RunModel)" time="0.408" />
  <testcase classname="ptolemy.util.test.junit.AutoTests" name="[111] /home/travis/build/icyphy/ptII/ptolemy/domains/continuous/test/auto/PoissonClock.xml (RunModel)" time="0.014" />
  <testcase classname="ptolemy.util.test.junit.AutoTests" name="[112] /home/travis/build/icyphy/ptII/ptolemy/domains/continuous/test/auto/PoissonClock2.xml (RunModel)" time="0.016" />
  <testcase classname="ptolemy.util.test.junit.AutoTests" name="[113] /home/travis/build/icyphy/ptII/ptolemy/domains/continuous/test/auto/PortParameterHierarchy.xml (RunModel)" time="0.015" />
  <testcase classname="ptolemy.util.test.junit.AutoTests" name="[114] /home/travis/build/icyphy/ptII/ptolemy/domains/continuous/test/auto/RandomHybridPlant.xml (RunModel)" time="0.485" />
  <testcase classname="ptolemy.util.test.junit.AutoTests" name="[115] /home/travis/build/icyphy/ptII/ptolemy/domains/continuous/test/auto/ResetTransitionWithStartTime1.xml (RunModel)" time="0.04" />
  <testcase classname="ptolemy.util.test.junit.AutoTests" name="[116] /home/travis/build/icyphy/ptII/ptolemy/domains/continuous/test/auto/ResetTransitionWithStartTime2.xml (RunModel)" time="0.051" />
  <testcase classname="ptolemy.util.test.junit.AutoTests" name="[117] /home/travis/build/icyphy/ptII/ptolemy/domains/continuous/test/auto/ResetTransitionWithStartTime3.xml (RunModel)" time="0.035" />
  <testcase classname="ptolemy.util.test.junit.AutoTests" name="[118] /home/travis/build/icyphy/ptII/ptolemy/domains/continuous/test/auto/ResetTransitionWithStartTime4.xml (RunModel)" time="0.026" />
  <testcase classname="ptolemy.util.test.junit.AutoTests" name="[119] /home/travis/build/icyphy/ptII/ptolemy/domains/continuous/test/auto/ResetTransitionWithStartTime5.xml (RunModel)" time="0.034" />
  <testcase classname="ptolemy.util.test.junit.AutoTests" name="[120] /home/travis/build/icyphy/ptII/ptolemy/domains/continuous/test/auto/ResetTransitionWithStartTime6.xml (RunModel)" time="0.029" />
  <testcase classname="ptolemy.util.test.junit.AutoTests" name="[121] /home/travis/build/icyphy/ptII/ptolemy/domains/continuous/test/auto/SRinContinuous.xml (RunModel)" time="0.02" />
  <testcase classname="ptolemy.util.test.junit.AutoTests" name="[122] /home/travis/build/icyphy/ptII/ptolemy/domains/continuous/test/auto/SampledClocks.xml (RunModel)" time="0.042" />
  <testcase classname="ptolemy.util.test.junit.AutoTests" name="[123] /home/travis/build/icyphy/ptII/ptolemy/domains/continuous/test/auto/Satellite.xml (RunModel)" time="0.785" />
  <testcase classname="ptolemy.util.test.junit.AutoTests" name="[124] /home/travis/build/icyphy/ptII/ptolemy/domains/continuous/test/auto/SigmaDelta.xml (RunModel)" time="2.393" />
  <testcase classname="ptolemy.util.test.junit.AutoTests" name="[125] /home/travis/build/icyphy/ptII/ptolemy/domains/continuous/test/auto/SinuBouncingBall.xml (RunModel)" time="0.741" />
  <testcase classname="ptolemy.util.test.junit.AutoTests" name="[126] /home/travis/build/icyphy/ptII/ptolemy/domains/continuous/test/auto/Sinusoid.xml (RunModel)" time="0.014" />
  <testcase classname="ptolemy.util.test.junit.AutoTests" name="[127] /home/travis/build/icyphy/ptII/ptolemy/domains/continuous/test/auto/SinusoidInNoise.xml (RunModel)" time="0.868" />
  <testcase classname="ptolemy.util.test.junit.AutoTests" name="[128] /home/travis/build/icyphy/ptII/ptolemy/domains/continuous/test/auto/SinusoidRK45.xml (RunModel)" time="0.01" />
  <testcase classname="ptolemy.util.test.junit.AutoTests" name="[129] /home/travis/build/icyphy/ptII/ptolemy/domains/continuous/test/auto/SinusoidWithMultipleImpulses.xml (RunModel)" time="0.012" />
  <testcase classname="ptolemy.util.test.junit.AutoTests" name="[130] /home/travis/build/icyphy/ptII/ptolemy/domains/continuous/test/auto/SquareWave.xml (RunModel)" time="0.154" />
  <testcase classname="ptolemy.util.test.junit.AutoTests" name="[131] /home/travis/build/icyphy/ptII/ptolemy/domains/continuous/test/auto/Starmac.xml (RunModel)" time="3.363" />
  <testcase classname="ptolemy.util.test.junit.AutoTests" name="[132] /home/travis/build/icyphy/ptII/ptolemy/domains/continuous/test/auto/StaticUnits.xml (RunModel)" time="2.366" />
  <testcase classname="ptolemy.util.test.junit.AutoTests" name="[133] /home/travis/build/icyphy/ptII/ptolemy/domains/continuous/test/auto/StickyMasses.xml (RunModel)" time="0.158" />
  <testcase classname="ptolemy.util.test.junit.AutoTests" name="[134] /home/travis/build/icyphy/ptII/ptolemy/domains/continuous/test/auto/StopTime.xml (RunModel)" time="0.063" />
  <testcase classname="ptolemy.util.test.junit.AutoTests" name="[135] /home/travis/build/icyphy/ptII/ptolemy/domains/continuous/test/auto/StopTime2.xml (RunModel)" time="0.061" />
  <testcase classname="ptolemy.util.test.junit.AutoTests" name="[136] /home/travis/build/icyphy/ptII/ptolemy/domains/continuous/test/auto/Switch.xml (RunModel)" time="0.078" />
  <testcase classname="ptolemy.util.test.junit.AutoTests" name="[137] /home/travis/build/icyphy/ptII/ptolemy/domains/continuous/test/auto/Thermostat.xml (RunModel)" time="0.208" />
  <testcase classname="ptolemy.util.test.junit.AutoTests" name="[138] /home/travis/build/icyphy/ptII/ptolemy/domains/continuous/test/auto/TimeDelay.xml (RunModel)" time="0.013" />
  <testcase classname="ptolemy.util.test.junit.AutoTests" name="[139] /home/travis/build/icyphy/ptII/ptolemy/domains/continuous/test/auto/TimeDelay2.xml (RunModel)" time="0.017" />
  <testcase classname="ptolemy.util.test.junit.AutoTests" name="[140] /home/travis/build/icyphy/ptII/ptolemy/domains/continuous/test/auto/TimeDelay3.xml (RunModel)" time="0.014" />
  <testcase classname="ptolemy.util.test.junit.AutoTests" name="[141] /home/travis/build/icyphy/ptII/ptolemy/domains/continuous/test/auto/TransferAbsentToInside.xml (RunModel)" time="0.164" />
  <testcase classname="ptolemy.util.test.junit.AutoTests" name="[142] /home/travis/build/icyphy/ptII/ptolemy/domains/continuous/test/auto/Transmission.xml (RunModel)" time="0.759" />
  <testcase classname="ptolemy.util.test.junit.AutoTests" name="[143] /home/travis/build/icyphy/ptII/ptolemy/domains/continuous/test/auto/TriggeredContinuousClock.xml (RunModel)" time="0.068" />
  <testcase classname="ptolemy.util.test.junit.AutoTests" name="[144] /home/travis/build/icyphy/ptII/ptolemy/domains/continuous/test/auto/TwoMachineInfiniteBusControl.xml (RunModel)" time="2.779" />
  <testcase classname="ptolemy.util.test.junit.AutoTests" name="[145] /home/travis/build/icyphy/ptII/ptolemy/domains/continuous/test/auto/V2V.xml (RunModel)" time="0.708" />
  <testcase classname="ptolemy.util.test.junit.AutoTests" name="[146] /home/travis/build/icyphy/ptII/ptolemy/domains/continuous/test/auto/hierarchicalModalModel.xml (RunModel)" time="0.046" />
  <testcase classname="ptolemy.util.test.junit.AutoTests" name="[147] /home/travis/build/icyphy/ptII/ptolemy/domains/continuous/test/auto/hierarchicalModalModel1.xml (RunModel)" time="0.031" />
  <testcase classname="ptolemy.util.test.junit.AutoTests" name="[148] /home/travis/build/icyphy/ptII/ptolemy/domains/continuous/test/auto/hierarchicalModalModel2.xml (RunModel)" time="0.028" />
  <testcase classname="ptolemy.util.test.junit.AutoTests" name="[149] /home/travis/build/icyphy/ptII/ptolemy/domains/continuous/test/auto/hierarchicalModalModel3.xml (RunModel)" time="0.022" />
  <testcase classname="ptolemy.util.test.junit.AutoTests" name="[150] /home/travis/build/icyphy/ptII/ptolemy/domains/continuous/test/auto/hierarchicalModalModel4.xml (RunModel)" time="0.027" />
  <testcase classname="ptolemy.util.test.junit.AutoTests" name="[151] /home/travis/build/icyphy/ptII/ptolemy/domains/continuous/test/auto/junk.xml (RunModel)" time="0.148" />
  <system-out><![CDATA[No tcl tests in /home/travis/build/icyphy/ptII/ptolemy/domains/continuous/test
No auto/knownFailedTests/*.xml tests in /home/travis/build/icyphy/ptII/ptolemy/domains/continuous/test
No auto/linux-amd64/*.xml tests in /home/travis/build/icyphy/ptII/ptolemy/domains/continuous/test
AutoTests.java: About to close Vertx.
AutoTests.java: Vertx closed.

===========================================================================================
----------------- testing Thu Jul 12 02:00:01 UTC 2018 /home/travis/build/icyphy/ptII/ptolemy/domains/continuous/test/auto/BouncingBall.xml
----------------- Instantiating /home/travis/build/icyphy/ptII/ptolemy/domains/continuous/test/auto/BouncingBall.xml
2442 ms. Memory: 331776K Free: 263920K (80%)
----------------- Invoking toplevel() on ptolemy.moml.MoMLSimpleApplication@7d7e52e5
----------------- Done invoking toplevel() on ptolemy.moml.MoMLSimpleApplication@7d7e52e5
reloadAllAccessors: .BouncingBall

===========================================================================================
----------------- testing Thu Jul 12 02:00:04 UTC 2018 /home/travis/build/icyphy/ptII/ptolemy/domains/continuous/test/auto/BouncingBallWithoutGR.xml
----------------- Instantiating /home/travis/build/icyphy/ptII/ptolemy/domains/continuous/test/auto/BouncingBallWithoutGR.xml
658 ms. Memory: 331776K Free: 323809K (98%)
----------------- Invoking toplevel() on ptolemy.moml.MoMLSimpleApplication@78709049
----------------- Done invoking toplevel() on ptolemy.moml.MoMLSimpleApplication@78709049
reloadAllAccessors: .BouncingBallWithoutGR

===========================================================================================
----------------- testing Thu Jul 12 02:00:04 UTC 2018 /home/travis/build/icyphy/ptII/ptolemy/domains/continuous/test/auto/Brownian.xml
----------------- Instantiating /home/travis/build/icyphy/ptII/ptolemy/domains/continuous/test/auto/Brownian.xml
35 ms. Memory: 331776K Free: 309895K (93%)
----------------- Invoking toplevel() on ptolemy.moml.MoMLSimpleApplication@2d429f5a
----------------- Done invoking toplevel() on ptolemy.moml.MoMLSimpleApplication@2d429f5a
reloadAllAccessors: .Brownian

===========================================================================================
----------------- testing Thu Jul 12 02:00:05 UTC 2018 /home/travis/build/icyphy/ptII/ptolemy/domains/continuous/test/auto/CarTracking.xml
----------------- Instantiating /home/travis/build/icyphy/ptII/ptolemy/domains/continuous/test/auto/CarTracking.xml
2991 ms. Memory: 578048K Free: 465262K (80%)
----------------- Invoking toplevel() on ptolemy.moml.MoMLSimpleApplication@6255d086
----------------- Done invoking toplevel() on ptolemy.moml.MoMLSimpleApplication@6255d086
reloadAllAccessors: .CarTracking

===========================================================================================
----------------- testing Thu Jul 12 02:00:08 UTC 2018 /home/travis/build/icyphy/ptII/ptolemy/domains/continuous/test/auto/CartPendulum.xml
----------------- Instantiating /home/travis/build/icyphy/ptII/ptolemy/domains/continuous/test/auto/CartPendulum.xml
389 ms. Memory: 578048K Free: 357314K (62%)
----------------- Invoking toplevel() on ptolemy.moml.MoMLSimpleApplication@655a58d
----------------- Done invoking toplevel() on ptolemy.moml.MoMLSimpleApplication@655a58d
reloadAllAccessors: .CartPendulum

===========================================================================================
----------------- testing Thu Jul 12 02:00:08 UTC 2018 /home/travis/build/icyphy/ptII/ptolemy/domains/continuous/test/auto/CausalityInterface10.xml
----------------- Instantiating /home/travis/build/icyphy/ptII/ptolemy/domains/continuous/test/auto/CausalityInterface10.xml
6 ms. Memory: 578048K Free: 344199K (60%)
----------------- Invoking toplevel() on ptolemy.moml.MoMLSimpleApplication@70940ee4
----------------- Done invoking toplevel() on ptolemy.moml.MoMLSimpleApplication@70940ee4
reloadAllAccessors: .CausalityInterface10

===========================================================================================
----------------- testing Thu Jul 12 02:00:08 UTC 2018 /home/travis/build/icyphy/ptII/ptolemy/domains/continuous/test/auto/CausalityInterface11.xml
----------------- Instantiating /home/travis/build/icyphy/ptII/ptolemy/domains/continuous/test/auto/CausalityInterface11.xml
4 ms. Memory: 578048K Free: 334361K (58%)
----------------- Invoking toplevel() on ptolemy.moml.MoMLSimpleApplication@3057f4df
----------------- Done invoking toplevel() on ptolemy.moml.MoMLSimpleApplication@3057f4df
reloadAllAccessors: .CausalityInterface11

===========================================================================================
----------------- testing Thu Jul 12 02:00:08 UTC 2018 /home/travis/build/icyphy/ptII/ptolemy/domains/continuous/test/auto/CausalityInterface12.xml
----------------- Instantiating /home/travis/build/icyphy/ptII/ptolemy/domains/continuous/test/auto/CausalityInterface12.xml
7 ms. Memory: 578048K Free: 324514K (56%)
----------------- Invoking toplevel() on ptolemy.moml.MoMLSimpleApplication@dfa6ce0
----------------- Done invoking toplevel() on ptolemy.moml.MoMLSimpleApplication@dfa6ce0
reloadAllAccessors: .CausalityInterface12

===========================================================================================
----------------- testing Thu Jul 12 02:00:08 UTC 2018 /home/travis/build/icyphy/ptII/ptolemy/domains/continuous/test/auto/CausalityInterface13.xml
----------------- Instantiating /home/travis/build/icyphy/ptII/ptolemy/domains/continuous/test/auto/CausalityInterface13.xml
11 ms. Memory: 578048K Free: 311513K (54%)
----------------- Invoking toplevel() on ptolemy.moml.MoMLSimpleApplication@71919ccd
----------------- Done invoking toplevel() on ptolemy.moml.MoMLSimpleApplication@71919ccd
reloadAllAccessors: .CausalityInterface13

===========================================================================================
----------------- testing Thu Jul 12 02:00:08 UTC 2018 /home/travis/build/icyphy/ptII/ptolemy/domains/continuous/test/auto/CausalityInterface14.xml
----------------- Instantiating /home/travis/build/icyphy/ptII/ptolemy/domains/continuous/test/auto/CausalityInterface14.xml
7 ms. Memory: 578048K Free: 301666K (52%)
----------------- Invoking toplevel() on ptolemy.moml.MoMLSimpleApplication@54426a0b
----------------- Done invoking toplevel() on ptolemy.moml.MoMLSimpleApplication@54426a0b
reloadAllAccessors: .CausalityInterface14

===========================================================================================
----------------- testing Thu Jul 12 02:00:09 UTC 2018 /home/travis/build/icyphy/ptII/ptolemy/domains/continuous/test/auto/CausalityInterface4.xml
----------------- Instantiating /home/travis/build/icyphy/ptII/ptolemy/domains/continuous/test/auto/CausalityInterface4.xml
3 ms. Memory: 578048K Free: 291820K (50%)
----------------- Invoking toplevel() on ptolemy.moml.MoMLSimpleApplication@1f890717
----------------- Done invoking toplevel() on ptolemy.moml.MoMLSimpleApplication@1f890717
reloadAllAccessors: .CausalityInterface4

===========================================================================================
----------------- testing Thu Jul 12 02:00:09 UTC 2018 /home/travis/build/icyphy/ptII/ptolemy/domains/continuous/test/auto/CausalityInterface5.xml
----------------- Instantiating /home/travis/build/icyphy/ptII/ptolemy/domains/continuous/test/auto/CausalityInterface5.xml
8 ms. Memory: 578048K Free: 278704K (48%)
----------------- Invoking toplevel() on ptolemy.moml.MoMLSimpleApplication@2e0894f6
----------------- Done invoking toplevel() on ptolemy.moml.MoMLSimpleApplication@2e0894f6
reloadAllAccessors: .CausalityInterface5

===========================================================================================
----------------- testing Thu Jul 12 02:00:09 UTC 2018 /home/travis/build/icyphy/ptII/ptolemy/domains/continuous/test/auto/CausalityInterface6.xml
----------------- Instantiating /home/travis/build/icyphy/ptII/ptolemy/domains/continuous/test/auto/CausalityInterface6.xml
4 ms. Memory: 578048K Free: 265711K (46%)
----------------- Invoking toplevel() on ptolemy.moml.MoMLSimpleApplication@45521e10
----------------- Done invoking toplevel() on ptolemy.moml.MoMLSimpleApplication@45521e10
reloadAllAccessors: .CausalityInterface6

===========================================================================================
----------------- testing Thu Jul 12 02:00:09 UTC 2018 /home/travis/build/icyphy/ptII/ptolemy/domains/continuous/test/auto/CausalityInterface7.xml
----------------- Instantiating /home/travis/build/icyphy/ptII/ptolemy/domains/continuous/test/auto/CausalityInterface7.xml
12 ms. Memory: 578048K Free: 252603K (44%)
----------------- Invoking toplevel() on ptolemy.moml.MoMLSimpleApplication@4ae9375c
----------------- Done invoking toplevel() on ptolemy.moml.MoMLSimpleApplication@4ae9375c
reloadAllAccessors: .CausalityInterface7

===========================================================================================
----------------- testing Thu Jul 12 02:00:09 UTC 2018 /home/travis/build/icyphy/ptII/ptolemy/domains/continuous/test/auto/CausalityInterface8.xml
----------------- Instantiating /home/travis/build/icyphy/ptII/ptolemy/domains/continuous/test/auto/CausalityInterface8.xml
8 ms. Memory: 578048K Free: 239480K (41%)
----------------- Invoking toplevel() on ptolemy.moml.MoMLSimpleApplication@43b9ca67
----------------- Done invoking toplevel() on ptolemy.moml.MoMLSimpleApplication@43b9ca67
reloadAllAccessors: .CausalityInterface8

===========================================================================================
----------------- testing Thu Jul 12 02:00:09 UTC 2018 /home/travis/build/icyphy/ptII/ptolemy/domains/continuous/test/auto/CausalityInterface9.xml
----------------- Instantiating /home/travis/build/icyphy/ptII/ptolemy/domains/continuous/test/auto/CausalityInterface9.xml
4 ms. Memory: 578048K Free: 223064K (39%)
----------------- Invoking toplevel() on ptolemy.moml.MoMLSimpleApplication@5e081ace
----------------- Done invoking toplevel() on ptolemy.moml.MoMLSimpleApplication@5e081ace
reloadAllAccessors: .CausalityInterface9

===========================================================================================
----------------- testing Thu Jul 12 02:00:09 UTC 2018 /home/travis/build/icyphy/ptII/ptolemy/domains/continuous/test/auto/CausalityInterfaceFeedback1.xml
----------------- Instantiating /home/travis/build/icyphy/ptII/ptolemy/domains/continuous/test/auto/CausalityInterfaceFeedback1.xml
8 ms. Memory: 578048K Free: 210054K (36%)
----------------- Invoking toplevel() on ptolemy.moml.MoMLSimpleApplication@21e93b19
----------------- Done invoking toplevel() on ptolemy.moml.MoMLSimpleApplication@21e93b19
reloadAllAccessors: .CausalityInterfaceFeedback1

===========================================================================================
----------------- testing Thu Jul 12 02:00:09 UTC 2018 /home/travis/build/icyphy/ptII/ptolemy/domains/continuous/test/auto/CausalityInterfaceFeedback2.xml
----------------- Instantiating /home/travis/build/icyphy/ptII/ptolemy/domains/continuous/test/auto/CausalityInterfaceFeedback2.xml
3 ms. Memory: 578048K Free: 200223K (35%)
----------------- Invoking toplevel() on ptolemy.moml.MoMLSimpleApplication@4b7fdf78
----------------- Done invoking toplevel() on ptolemy.moml.MoMLSimpleApplication@4b7fdf78
reloadAllAccessors: .CausalityInterfaceFeedback2

===========================================================================================
----------------- testing Thu Jul 12 02:00:09 UTC 2018 /home/travis/build/icyphy/ptII/ptolemy/domains/continuous/test/auto/CompareWithCurrentTime.xml
----------------- Instantiating /home/travis/build/icyphy/ptII/ptolemy/domains/continuous/test/auto/CompareWithCurrentTime.xml
3 ms. Memory: 578048K Free: 193669K (34%)
----------------- Invoking toplevel() on ptolemy.moml.MoMLSimpleApplication@2b41cff2
----------------- Done invoking toplevel() on ptolemy.moml.MoMLSimpleApplication@2b41cff2
reloadAllAccessors: .CompareWithCurrentTime

===========================================================================================
----------------- testing Thu Jul 12 02:00:09 UTC 2018 /home/travis/build/icyphy/ptII/ptolemy/domains/continuous/test/auto/ComparedClocks.xml
----------------- Instantiating /home/travis/build/icyphy/ptII/ptolemy/domains/continuous/test/auto/ComparedClocks.xml
8 ms. Memory: 578048K Free: 173977K (30%)
----------------- Invoking toplevel() on ptolemy.moml.MoMLSimpleApplication@50d90adb
----------------- Done invoking toplevel() on ptolemy.moml.MoMLSimpleApplication@50d90adb
reloadAllAccessors: .ComparedClocks

===========================================================================================
----------------- testing Thu Jul 12 02:00:09 UTC 2018 /home/travis/build/icyphy/ptII/ptolemy/domains/continuous/test/auto/ContinuousAOCClone.xml
----------------- Instantiating /home/travis/build/icyphy/ptII/ptolemy/domains/continuous/test/auto/ContinuousAOCClone.xml
2767 ms. Memory: 872960K Free: 406793K (47%)
----------------- Invoking toplevel() on ptolemy.moml.MoMLSimpleApplication@773726a
----------------- Done invoking toplevel() on ptolemy.moml.MoMLSimpleApplication@773726a
reloadAllAccessors: .ContinuousAOCClone

===========================================================================================
----------------- testing Thu Jul 12 02:00:12 UTC 2018 /home/travis/build/icyphy/ptII/ptolemy/domains/continuous/test/auto/ContinuousClock.xml
----------------- Instantiating /home/travis/build/icyphy/ptII/ptolemy/domains/continuous/test/auto/ContinuousClock.xml
30 ms. Memory: 872960K Free: 373570K (43%)
----------------- Invoking toplevel() on ptolemy.moml.MoMLSimpleApplication@6f1d26f3
----------------- Done invoking toplevel() on ptolemy.moml.MoMLSimpleApplication@6f1d26f3
reloadAllAccessors: .ContinuousClock

===========================================================================================
----------------- testing Thu Jul 12 02:00:12 UTC 2018 /home/travis/build/icyphy/ptII/ptolemy/domains/continuous/test/auto/ContinuousInContinuous.xml
----------------- Instantiating /home/travis/build/icyphy/ptII/ptolemy/domains/continuous/test/auto/ContinuousInContinuous.xml
44 ms. Memory: 872960K Free: 342125K (39%)
----------------- Invoking toplevel() on ptolemy.moml.MoMLSimpleApplication@22cab728
----------------- Done invoking toplevel() on ptolemy.moml.MoMLSimpleApplication@22cab728
reloadAllAccessors: .ContinuousInContinuous

===========================================================================================
----------------- testing Thu Jul 12 02:00:12 UTC 2018 /home/travis/build/icyphy/ptII/ptolemy/domains/continuous/test/auto/ContinuousInContinuousInContinuous.xml
----------------- Instantiating /home/travis/build/icyphy/ptII/ptolemy/domains/continuous/test/auto/ContinuousInContinuousInContinuous.xml
8 ms. Memory: 872960K Free: 326399K (37%)
----------------- Invoking toplevel() on ptolemy.moml.MoMLSimpleApplication@21a40380
----------------- Done invoking toplevel() on ptolemy.moml.MoMLSimpleApplication@21a40380
reloadAllAccessors: .ContinuousInContinuousInContinuous

===========================================================================================
----------------- testing Thu Jul 12 02:00:12 UTC 2018 /home/travis/build/icyphy/ptII/ptolemy/domains/continuous/test/auto/ContinuousInDE.xml
----------------- Instantiating /home/travis/build/icyphy/ptII/ptolemy/domains/continuous/test/auto/ContinuousInDE.xml
109 ms. Memory: 872960K Free: 310681K (36%)
----------------- Invoking toplevel() on ptolemy.moml.MoMLSimpleApplication@5f6dd254
----------------- Done invoking toplevel() on ptolemy.moml.MoMLSimpleApplication@5f6dd254
reloadAllAccessors: .ContinuousInDE

===========================================================================================
----------------- testing Thu Jul 12 02:00:12 UTC 2018 /home/travis/build/icyphy/ptII/ptolemy/domains/continuous/test/auto/ContinuousInDE2.xml
----------------- Instantiating /home/travis/build/icyphy/ptII/ptolemy/domains/continuous/test/auto/ContinuousInDE2.xml
45 ms. Memory: 872960K Free: 291533K (33%)
----------------- Invoking toplevel() on ptolemy.moml.MoMLSimpleApplication@15063921
----------------- Done invoking toplevel() on ptolemy.moml.MoMLSimpleApplication@15063921
reloadAllAccessors: .ContinuousInDE2

===========================================================================================
----------------- testing Thu Jul 12 02:00:12 UTC 2018 /home/travis/build/icyphy/ptII/ptolemy/domains/continuous/test/auto/ContinuousInDE3.xml
----------------- Instantiating /home/travis/build/icyphy/ptII/ptolemy/domains/continuous/test/auto/ContinuousInDE3.xml
41 ms. Memory: 872960K Free: 275814K (32%)
----------------- Invoking toplevel() on ptolemy.moml.MoMLSimpleApplication@3dfe5dbc
----------------- Done invoking toplevel() on ptolemy.moml.MoMLSimpleApplication@3dfe5dbc
reloadAllAccessors: .ContinuousInDE3

===========================================================================================
----------------- testing Thu Jul 12 02:00:12 UTC 2018 /home/travis/build/icyphy/ptII/ptolemy/domains/continuous/test/auto/ContinuousInDE4.xml
----------------- Instantiating /home/travis/build/icyphy/ptII/ptolemy/domains/continuous/test/auto/ContinuousInDE4.xml
20 ms. Memory: 872960K Free: 265335K (30%)
----------------- Invoking toplevel() on ptolemy.moml.MoMLSimpleApplication@7d099e3f
----------------- Done invoking toplevel() on ptolemy.moml.MoMLSimpleApplication@7d099e3f
reloadAllAccessors: .ContinuousInDE4

===========================================================================================
----------------- testing Thu Jul 12 02:00:12 UTC 2018 /home/travis/build/icyphy/ptII/ptolemy/domains/continuous/test/auto/ContinuousInDEDifferentRefinements.xml
----------------- Instantiating /home/travis/build/icyphy/ptII/ptolemy/domains/continuous/test/auto/ContinuousInDEDifferentRefinements.xml
56 ms. Memory: 872960K Free: 228603K (26%)
----------------- Invoking toplevel() on ptolemy.moml.MoMLSimpleApplication@28c6c250
----------------- Done invoking toplevel() on ptolemy.moml.MoMLSimpleApplication@28c6c250
reloadAllAccessors: .ContinuousInDEDifferentRefinements

===========================================================================================
----------------- testing Thu Jul 12 02:00:12 UTC 2018 /home/travis/build/icyphy/ptII/ptolemy/domains/continuous/test/auto/ContinuousInDEDifferentRefinementsPreemptive.xml
----------------- Instantiating /home/travis/build/icyphy/ptII/ptolemy/domains/continuous/test/auto/ContinuousInDEDifferentRefinementsPreemptive.xml
50 ms. Memory: 872960K Free: 188449K (22%)
----------------- Invoking toplevel() on ptolemy.moml.MoMLSimpleApplication@6c25f5e
----------------- Done invoking toplevel() on ptolemy.moml.MoMLSimpleApplication@6c25f5e
reloadAllAccessors: .ContinuousInDEDifferentRefinementsPreemptive

===========================================================================================
----------------- testing Thu Jul 12 02:00:13 UTC 2018 /home/travis/build/icyphy/ptII/ptolemy/domains/continuous/test/auto/ContinuousInDEInContinuous2.xml
----------------- Instantiating /home/travis/build/icyphy/ptII/ptolemy/domains/continuous/test/auto/ContinuousInDEInContinuous2.xml
35 ms. Memory: 872960K Free: 172730K (20%)
----------------- Invoking toplevel() on ptolemy.moml.MoMLSimpleApplication@318a230b
----------------- Done invoking toplevel() on ptolemy.moml.MoMLSimpleApplication@318a230b
reloadAllAccessors: .ContinuousInDEInContinuous2

===========================================================================================
----------------- testing Thu Jul 12 02:00:13 UTC 2018 /home/travis/build/icyphy/ptII/ptolemy/domains/continuous/test/auto/ContinuousInDEInContinuous3.xml
----------------- Instantiating /home/travis/build/icyphy/ptII/ptolemy/domains/continuous/test/auto/ContinuousInDEInContinuous3.xml
36 ms. Memory: 872960K Free: 151756K (17%)
----------------- Invoking toplevel() on ptolemy.moml.MoMLSimpleApplication@40f5fcba
----------------- Done invoking toplevel() on ptolemy.moml.MoMLSimpleApplication@40f5fcba
reloadAllAccessors: .ContinuousInDEInContinuous3

===========================================================================================
----------------- testing Thu Jul 12 02:00:13 UTC 2018 /home/travis/build/icyphy/ptII/ptolemy/domains/continuous/test/auto/ContinuousInDEInput.xml
----------------- Instantiating /home/travis/build/icyphy/ptII/ptolemy/domains/continuous/test/auto/ContinuousInDEInput.xml
13 ms. Memory: 872960K Free: 141277K (16%)
----------------- Invoking toplevel() on ptolemy.moml.MoMLSimpleApplication@41a1ce85
----------------- Done invoking toplevel() on ptolemy.moml.MoMLSimpleApplication@41a1ce85
reloadAllAccessors: .ContinuousInDEInput

===========================================================================================
----------------- testing Thu Jul 12 02:00:13 UTC 2018 /home/travis/build/icyphy/ptII/ptolemy/domains/continuous/test/auto/ContinuousInDEInput2.xml
----------------- Instantiating /home/travis/build/icyphy/ptII/ptolemy/domains/continuous/test/auto/ContinuousInDEInput2.xml
13 ms. Memory: 872960K Free: 127361K (15%)
----------------- Invoking toplevel() on ptolemy.moml.MoMLSimpleApplication@4d862219
----------------- Done invoking toplevel() on ptolemy.moml.MoMLSimpleApplication@4d862219
reloadAllAccessors: .ContinuousInDEInput2

===========================================================================================
----------------- testing Thu Jul 12 02:00:13 UTC 2018 /home/travis/build/icyphy/ptII/ptolemy/domains/continuous/test/auto/ContinuousInDEInput3.xml
----------------- Instantiating /home/travis/build/icyphy/ptII/ptolemy/domains/continuous/test/auto/ContinuousInDEInput3.xml
12 ms. Memory: 872960K Free: 116882K (13%)
----------------- Invoking toplevel() on ptolemy.moml.MoMLSimpleApplication@74647f76
----------------- Done invoking toplevel() on ptolemy.moml.MoMLSimpleApplication@74647f76
reloadAllAccessors: .ContinuousInDEInput3

===========================================================================================
----------------- testing Thu Jul 12 02:00:13 UTC 2018 /home/travis/build/icyphy/ptII/ptolemy/domains/continuous/test/auto/ContinuousInDESharingRefinement.xml
----------------- Instantiating /home/travis/build/icyphy/ptII/ptolemy/domains/continuous/test/auto/ContinuousInDESharingRefinement.xml
153 ms. Memory: 873472K Free: 804764K (92%)
----------------- Invoking toplevel() on ptolemy.moml.MoMLSimpleApplication@6342171a
----------------- Done invoking toplevel() on ptolemy.moml.MoMLSimpleApplication@6342171a
reloadAllAccessors: .ContinuousInDESharingRefinement

===========================================================================================
----------------- testing Thu Jul 12 02:00:13 UTC 2018 /home/travis/build/icyphy/ptII/ptolemy/domains/continuous/test/auto/ContinuousInDEwithNoPorts.xml
----------------- Instantiating /home/travis/build/icyphy/ptII/ptolemy/domains/continuous/test/auto/ContinuousInDEwithNoPorts.xml
6 ms. Memory: 873472K Free: 791929K (91%)
----------------- Invoking toplevel() on ptolemy.moml.MoMLSimpleApplication@323e8e46
----------------- Done invoking toplevel() on ptolemy.moml.MoMLSimpleApplication@323e8e46
reloadAllAccessors: .ContinuousInDEwithNoPorts

===========================================================================================
----------------- testing Thu Jul 12 02:00:13 UTC 2018 /home/travis/build/icyphy/ptII/ptolemy/domains/continuous/test/auto/ContinuousInsideDE.xml
----------------- Instantiating /home/travis/build/icyphy/ptII/ptolemy/domains/continuous/test/auto/ContinuousInsideDE.xml
52 ms. Memory: 873472K Free: 772280K (88%)
----------------- Invoking toplevel() on ptolemy.moml.MoMLSimpleApplication@39947c0
----------------- Done invoking toplevel() on ptolemy.moml.MoMLSimpleApplication@39947c0
reloadAllAccessors: .ContinuousInsideDE

===========================================================================================
----------------- testing Thu Jul 12 02:00:13 UTC 2018 /home/travis/build/icyphy/ptII/ptolemy/domains/continuous/test/auto/ContinuousMerge1.xml
----------------- Instantiating /home/travis/build/icyphy/ptII/ptolemy/domains/continuous/test/auto/ContinuousMerge1.xml
2 ms. Memory: 873472K Free: 762117K (87%)
----------------- Invoking toplevel() on ptolemy.moml.MoMLSimpleApplication@7d259c5a
----------------- Done invoking toplevel() on ptolemy.moml.MoMLSimpleApplication@7d259c5a
reloadAllAccessors: .ContinuousMerge1

===========================================================================================
----------------- testing Thu Jul 12 02:00:13 UTC 2018 /home/travis/build/icyphy/ptII/ptolemy/domains/continuous/test/auto/ContinuousMerge2.xml
----------------- Instantiating /home/travis/build/icyphy/ptII/ptolemy/domains/continuous/test/auto/ContinuousMerge2.xml
11 ms. Memory: 873472K Free: 746203K (85%)
----------------- Invoking toplevel() on ptolemy.moml.MoMLSimpleApplication@52e41c6a
----------------- Done invoking toplevel() on ptolemy.moml.MoMLSimpleApplication@52e41c6a
reloadAllAccessors: .ContinuousMerge2

===========================================================================================
----------------- testing Thu Jul 12 02:00:13 UTC 2018 /home/travis/build/icyphy/ptII/ptolemy/domains/continuous/test/auto/ContinuousMerge3.xml
----------------- Instantiating /home/travis/build/icyphy/ptII/ptolemy/domains/continuous/test/auto/ContinuousMerge3.xml
41 ms. Memory: 873472K Free: 730469K (84%)
----------------- Invoking toplevel() on ptolemy.moml.MoMLSimpleApplication@1ad57935
----------------- Done invoking toplevel() on ptolemy.moml.MoMLSimpleApplication@1ad57935
reloadAllAccessors: .ContinuousMerge3

===========================================================================================
----------------- testing Thu Jul 12 02:00:13 UTC 2018 /home/travis/build/icyphy/ptII/ptolemy/domains/continuous/test/auto/ContinuousWithinContinuous.xml
----------------- Instantiating /home/travis/build/icyphy/ptII/ptolemy/domains/continuous/test/auto/ContinuousWithinContinuous.xml
39 ms. Memory: 873472K Free: 712446K (82%)
----------------- Invoking toplevel() on ptolemy.moml.MoMLSimpleApplication@2924855
----------------- Done invoking toplevel() on ptolemy.moml.MoMLSimpleApplication@2924855
reloadAllAccessors: .ContinuousWithinContinuous

===========================================================================================
----------------- testing Thu Jul 12 02:00:13 UTC 2018 /home/travis/build/icyphy/ptII/ptolemy/domains/continuous/test/auto/ContinuousWithinContinuous2.xml
----------------- Instantiating /home/travis/build/icyphy/ptII/ptolemy/domains/continuous/test/auto/ContinuousWithinContinuous2.xml
67 ms. Memory: 873472K Free: 700657K (80%)
----------------- Invoking toplevel() on ptolemy.moml.MoMLSimpleApplication@f3fb4eb
----------------- Done invoking toplevel() on ptolemy.moml.MoMLSimpleApplication@f3fb4eb
reloadAllAccessors: .ContinuousWithinContinuous2

===========================================================================================
----------------- testing Thu Jul 12 02:00:13 UTC 2018 /home/travis/build/icyphy/ptII/ptolemy/domains/continuous/test/auto/ContinuousWithinContinuous3.xml
----------------- Instantiating /home/travis/build/icyphy/ptII/ptolemy/domains/continuous/test/auto/ContinuousWithinContinuous3.xml
13 ms. Memory: 873472K Free: 688852K (79%)
----------------- Invoking toplevel() on ptolemy.moml.MoMLSimpleApplication@5c86f2
----------------- Done invoking toplevel() on ptolemy.moml.MoMLSimpleApplication@5c86f2
reloadAllAccessors: .ContinuousWithinContinuous3

===========================================================================================
----------------- testing Thu Jul 12 02:00:13 UTC 2018 /home/travis/build/icyphy/ptII/ptolemy/domains/continuous/test/auto/ContinuousWithinContinuous4.xml
----------------- Instantiating /home/travis/build/icyphy/ptII/ptolemy/domains/continuous/test/auto/ContinuousWithinContinuous4.xml
68 ms. Memory: 873472K Free: 666884K (76%)
----------------- Invoking toplevel() on ptolemy.moml.MoMLSimpleApplication@5fe3c981
----------------- Done invoking toplevel() on ptolemy.moml.MoMLSimpleApplication@5fe3c981
reloadAllAccessors: .ContinuousWithinContinuous4

===========================================================================================
----------------- testing Thu Jul 12 02:00:14 UTC 2018 /home/travis/build/icyphy/ptII/ptolemy/domains/continuous/test/auto/ContinuousWithinContinuous5.xml
----------------- Instantiating /home/travis/build/icyphy/ptII/ptolemy/domains/continuous/test/auto/ContinuousWithinContinuous5.xml
13 ms. Memory: 873472K Free: 655079K (75%)
----------------- Invoking toplevel() on ptolemy.moml.MoMLSimpleApplication@52362ceb
----------------- Done invoking toplevel() on ptolemy.moml.MoMLSimpleApplication@52362ceb
reloadAllAccessors: .ContinuousWithinContinuous5

===========================================================================================
----------------- testing Thu Jul 12 02:00:14 UTC 2018 /home/travis/build/icyphy/ptII/ptolemy/domains/continuous/test/auto/ContinuousWithinContinuous6.xml
----------------- Instantiating /home/travis/build/icyphy/ptII/ptolemy/domains/continuous/test/auto/ContinuousWithinContinuous6.xml
13 ms. Memory: 873472K Free: 643274K (74%)
----------------- Invoking toplevel() on ptolemy.moml.MoMLSimpleApplication@33adb9a2
----------------- Done invoking toplevel() on ptolemy.moml.MoMLSimpleApplication@33adb9a2
reloadAllAccessors: .ContinuousWithinContinuous6

===========================================================================================
----------------- testing Thu Jul 12 02:00:14 UTC 2018 /home/travis/build/icyphy/ptII/ptolemy/domains/continuous/test/auto/ContinuousWithinContinuous7.xml
----------------- Instantiating /home/travis/build/icyphy/ptII/ptolemy/domains/continuous/test/auto/ContinuousWithinContinuous7.xml
54 ms. Memory: 873472K Free: 629181K (72%)
----------------- Invoking toplevel() on ptolemy.moml.MoMLSimpleApplication@46807d58
----------------- Done invoking toplevel() on ptolemy.moml.MoMLSimpleApplication@46807d58
reloadAllAccessors: .ContinuousWithinContinuous7

===========================================================================================
----------------- testing Thu Jul 12 02:00:14 UTC 2018 /home/travis/build/icyphy/ptII/ptolemy/domains/continuous/test/auto/DCMotor.xml
----------------- Instantiating /home/travis/build/icyphy/ptII/ptolemy/domains/continuous/test/auto/DCMotor.xml
14416 ms. Memory: 697344K Free: 661645K (95%)
----------------- Invoking toplevel() on ptolemy.moml.MoMLSimpleApplication@50f41a6d
----------------- Done invoking toplevel() on ptolemy.moml.MoMLSimpleApplication@50f41a6d
reloadAllAccessors: .DCMotor

===========================================================================================
----------------- testing Thu Jul 12 02:00:28 UTC 2018 /home/travis/build/icyphy/ptII/ptolemy/domains/continuous/test/auto/DEInContinuous.xml
----------------- Instantiating /home/travis/build/icyphy/ptII/ptolemy/domains/continuous/test/auto/DEInContinuous.xml
18 ms. Memory: 697344K Free: 646307K (93%)
----------------- Invoking toplevel() on ptolemy.moml.MoMLSimpleApplication@26c7c1c6
----------------- Done invoking toplevel() on ptolemy.moml.MoMLSimpleApplication@26c7c1c6
reloadAllAccessors: .DEInContinuous

===========================================================================================
----------------- testing Thu Jul 12 02:00:28 UTC 2018 /home/travis/build/icyphy/ptII/ptolemy/domains/continuous/test/auto/DEinContinuous2.xml
----------------- Instantiating /home/travis/build/icyphy/ptII/ptolemy/domains/continuous/test/auto/DEinContinuous2.xml
7 ms. Memory: 697344K Free: 626579K (90%)
----------------- Invoking toplevel() on ptolemy.moml.MoMLSimpleApplication@74de47c2
----------------- Done invoking toplevel() on ptolemy.moml.MoMLSimpleApplication@74de47c2
reloadAllAccessors: .DEinContinuous2

===========================================================================================
----------------- testing Thu Jul 12 02:00:28 UTC 2018 /home/travis/build/icyphy/ptII/ptolemy/domains/continuous/test/auto/Derivative.xml
----------------- Instantiating /home/travis/build/icyphy/ptII/ptolemy/domains/continuous/test/auto/Derivative.xml
149 ms. Memory: 697344K Free: 588316K (84%)
----------------- Invoking toplevel() on ptolemy.moml.MoMLSimpleApplication@2aaffd36
----------------- Done invoking toplevel() on ptolemy.moml.MoMLSimpleApplication@2aaffd36
reloadAllAccessors: .Derivative2

===========================================================================================
----------------- testing Thu Jul 12 02:00:28 UTC 2018 /home/travis/build/icyphy/ptII/ptolemy/domains/continuous/test/auto/Derivative1.xml
----------------- Instantiating /home/travis/build/icyphy/ptII/ptolemy/domains/continuous/test/auto/Derivative1.xml
18 ms. Memory: 697344K Free: 569829K (82%)
----------------- Invoking toplevel() on ptolemy.moml.MoMLSimpleApplication@366c1286
----------------- Done invoking toplevel() on ptolemy.moml.MoMLSimpleApplication@366c1286
reloadAllAccessors: .Derivative1

===========================================================================================
----------------- testing Thu Jul 12 02:00:29 UTC 2018 /home/travis/build/icyphy/ptII/ptolemy/domains/continuous/test/auto/DiscreteClock.xml
----------------- Instantiating /home/travis/build/icyphy/ptII/ptolemy/domains/continuous/test/auto/DiscreteClock.xml
4 ms. Memory: 697344K Free: 556277K (80%)
----------------- Invoking toplevel() on ptolemy.moml.MoMLSimpleApplication@3f0a35dd
----------------- Done invoking toplevel() on ptolemy.moml.MoMLSimpleApplication@3f0a35dd
reloadAllAccessors: .DiscreteClock

===========================================================================================
----------------- testing Thu Jul 12 02:00:29 UTC 2018 /home/travis/build/icyphy/ptII/ptolemy/domains/continuous/test/auto/EfficiencyCurve.xml
----------------- Instantiating /home/travis/build/icyphy/ptII/ptolemy/domains/continuous/test/auto/EfficiencyCurve.xml
56 ms. Memory: 697344K Free: 542725K (78%)
----------------- Invoking toplevel() on ptolemy.moml.MoMLSimpleApplication@37502d03
----------------- Done invoking toplevel() on ptolemy.moml.MoMLSimpleApplication@37502d03
reloadAllAccessors: .EfficiencyCurve

===========================================================================================
----------------- testing Thu Jul 12 02:00:29 UTC 2018 /home/travis/build/icyphy/ptII/ptolemy/domains/continuous/test/auto/ExponentialResponse.xml
----------------- Instantiating /home/travis/build/icyphy/ptII/ptolemy/domains/continuous/test/auto/ExponentialResponse.xml
101 ms. Memory: 697344K Free: 518088K (74%)
----------------- Invoking toplevel() on ptolemy.moml.MoMLSimpleApplication@1a9030d6
----------------- Done invoking toplevel() on ptolemy.moml.MoMLSimpleApplication@1a9030d6
reloadAllAccessors: .ExponentialResponse

===========================================================================================
----------------- testing Thu Jul 12 02:00:29 UTC 2018 /home/travis/build/icyphy/ptII/ptolemy/domains/continuous/test/auto/ExponentialResponseRK45.xml
----------------- Instantiating /home/travis/build/icyphy/ptII/ptolemy/domains/continuous/test/auto/ExponentialResponseRK45.xml
23 ms. Memory: 697344K Free: 504535K (72%)
----------------- Invoking toplevel() on ptolemy.moml.MoMLSimpleApplication@31fcc34
----------------- Done invoking toplevel() on ptolemy.moml.MoMLSimpleApplication@31fcc34
reloadAllAccessors: .ExponentialResponseRK45

===========================================================================================
----------------- testing Thu Jul 12 02:00:29 UTC 2018 /home/travis/build/icyphy/ptII/ptolemy/domains/continuous/test/auto/Friction.xml
----------------- Instantiating /home/travis/build/icyphy/ptII/ptolemy/domains/continuous/test/auto/Friction.xml
1445 ms. Memory: 674816K Free: 640298K (95%)
----------------- Invoking toplevel() on ptolemy.moml.MoMLSimpleApplication@10bc053
----------------- Done invoking toplevel() on ptolemy.moml.MoMLSimpleApplication@10bc053
reloadAllAccessors: .Friction

===========================================================================================
----------------- testing Thu Jul 12 02:00:30 UTC 2018 /home/travis/build/icyphy/ptII/ptolemy/domains/continuous/test/auto/FurutaPendulum.xml
----------------- Instantiating /home/travis/build/icyphy/ptII/ptolemy/domains/continuous/test/auto/FurutaPendulum.xml
3041 ms. Memory: 674816K Free: 136560K (20%)
----------------- Invoking toplevel() on ptolemy.moml.MoMLSimpleApplication@7011fc84
----------------- Done invoking toplevel() on ptolemy.moml.MoMLSimpleApplication@7011fc84
reloadAllAccessors: .FurutaPendulum

===========================================================================================
----------------- testing Thu Jul 12 02:00:34 UTC 2018 /home/travis/build/icyphy/ptII/ptolemy/domains/continuous/test/auto/HierarchicalExecution.xml
----------------- Instantiating /home/travis/build/icyphy/ptII/ptolemy/domains/continuous/test/auto/HierarchicalExecution.xml
1623 ms. Memory: 646656K Free: 380966K (59%)
----------------- Invoking toplevel() on ptolemy.moml.MoMLSimpleApplication@5092c340
----------------- Done invoking toplevel() on ptolemy.moml.MoMLSimpleApplication@5092c340
reloadAllAccessors: .HierarchicalExecution

===========================================================================================
----------------- testing Thu Jul 12 02:00:35 UTC 2018 /home/travis/build/icyphy/ptII/ptolemy/domains/continuous/test/auto/HybridPlant.xml
----------------- Instantiating /home/travis/build/icyphy/ptII/ptolemy/domains/continuous/test/auto/HybridPlant.xml
471 ms. Memory: 646656K Free: 103441K (16%)
----------------- Invoking toplevel() on ptolemy.moml.MoMLSimpleApplication@1cac4595
----------------- Done invoking toplevel() on ptolemy.moml.MoMLSimpleApplication@1cac4595
reloadAllAccessors: .HybridPlant

===========================================================================================
----------------- testing Thu Jul 12 02:00:36 UTC 2018 /home/travis/build/icyphy/ptII/ptolemy/domains/continuous/test/auto/Hysteresis.xml
----------------- Instantiating /home/travis/build/icyphy/ptII/ptolemy/domains/continuous/test/auto/Hysteresis.xml
145 ms. Memory: 616448K Free: 567592K (92%)
----------------- Invoking toplevel() on ptolemy.moml.MoMLSimpleApplication@3d04168f
----------------- Done invoking toplevel() on ptolemy.moml.MoMLSimpleApplication@3d04168f
reloadAllAccessors: .Hysteresis

===========================================================================================
----------------- testing Thu Jul 12 02:00:36 UTC 2018 /home/travis/build/icyphy/ptII/ptolemy/domains/continuous/test/auto/HysteresisWithRandomDelay.xml
----------------- Instantiating /home/travis/build/icyphy/ptII/ptolemy/domains/continuous/test/auto/HysteresisWithRandomDelay.xml
176 ms. Memory: 616448K Free: 487198K (79%)
----------------- Invoking toplevel() on ptolemy.moml.MoMLSimpleApplication@3ad878a
----------------- Done invoking toplevel() on ptolemy.moml.MoMLSimpleApplication@3ad878a
reloadAllAccessors: .HysteresisWithRandomDelay

===========================================================================================
----------------- testing Thu Jul 12 02:00:36 UTC 2018 /home/travis/build/icyphy/ptII/ptolemy/domains/continuous/test/auto/HysteresisWithRandomLosses.xml
----------------- Instantiating /home/travis/build/icyphy/ptII/ptolemy/domains/continuous/test/auto/HysteresisWithRandomLosses.xml
2012 ms. Memory: 591872K Free: 226412K (38%)
----------------- Invoking toplevel() on ptolemy.moml.MoMLSimpleApplication@53bcc20a
----------------- Done invoking toplevel() on ptolemy.moml.MoMLSimpleApplication@53bcc20a
reloadAllAccessors: .HysteresisWithRandomLosses

===========================================================================================
----------------- testing Thu Jul 12 02:00:39 UTC 2018 /home/travis/build/icyphy/ptII/ptolemy/domains/continuous/test/auto/ImmediateTransitions.xml
----------------- Instantiating /home/travis/build/icyphy/ptII/ptolemy/domains/continuous/test/auto/ImmediateTransitions.xml
10 ms. Memory: 591872K Free: 211343K (36%)
----------------- Invoking toplevel() on ptolemy.moml.MoMLSimpleApplication@2756189c
----------------- Done invoking toplevel() on ptolemy.moml.MoMLSimpleApplication@2756189c
reloadAllAccessors: .ImmediateTransitions

===========================================================================================
----------------- testing Thu Jul 12 02:00:39 UTC 2018 /home/travis/build/icyphy/ptII/ptolemy/domains/continuous/test/auto/ImpulseFeedback.xml
----------------- Instantiating /home/travis/build/icyphy/ptII/ptolemy/domains/continuous/test/auto/ImpulseFeedback.xml
7 ms. Memory: 591872K Free: 202844K (34%)
----------------- Invoking toplevel() on ptolemy.moml.MoMLSimpleApplication@4f71bdc
----------------- Done invoking toplevel() on ptolemy.moml.MoMLSimpleApplication@4f71bdc
reloadAllAccessors: .ImpulseFeedback

===========================================================================================
----------------- testing Thu Jul 12 02:00:39 UTC 2018 /home/travis/build/icyphy/ptII/ptolemy/domains/continuous/test/auto/ImpulseFeedback2.xml
----------------- Instantiating /home/travis/build/icyphy/ptII/ptolemy/domains/continuous/test/auto/ImpulseFeedback2.xml
5 ms. Memory: 591872K Free: 194344K (33%)
----------------- Invoking toplevel() on ptolemy.moml.MoMLSimpleApplication@5c3be369
----------------- Done invoking toplevel() on ptolemy.moml.MoMLSimpleApplication@5c3be369
reloadAllAccessors: .ImpulseFeedback2

===========================================================================================
----------------- testing Thu Jul 12 02:00:39 UTC 2018 /home/travis/build/icyphy/ptII/ptolemy/domains/continuous/test/auto/IncreasingRatePoisson.xml
----------------- Instantiating /home/travis/build/icyphy/ptII/ptolemy/domains/continuous/test/auto/IncreasingRatePoisson.xml
545 ms. Memory: 565760K Free: 349650K (62%)
----------------- Invoking toplevel() on ptolemy.moml.MoMLSimpleApplication@36cdfb6a
----------------- Done invoking toplevel() on ptolemy.moml.MoMLSimpleApplication@36cdfb6a
reloadAllAccessors: .IncreasingRatePoisson

===========================================================================================
----------------- testing Thu Jul 12 02:00:39 UTC 2018 /home/travis/build/icyphy/ptII/ptolemy/domains/continuous/test/auto/InitialStateFeedback.xml
----------------- Instantiating /home/travis/build/icyphy/ptII/ptolemy/domains/continuous/test/auto/InitialStateFeedback.xml
10 ms. Memory: 565760K Free: 340158K (60%)
----------------- Invoking toplevel() on ptolemy.moml.MoMLSimpleApplication@7fa3f11a
----------------- Done invoking toplevel() on ptolemy.moml.MoMLSimpleApplication@7fa3f11a
reloadAllAccessors: .InitialStateFeedback

===========================================================================================
----------------- testing Thu Jul 12 02:00:39 UTC 2018 /home/travis/build/icyphy/ptII/ptolemy/domains/continuous/test/auto/Integration.xml
----------------- Instantiating /home/travis/build/icyphy/ptII/ptolemy/domains/continuous/test/auto/Integration.xml
2 ms. Memory: 565760K Free: 332098K (59%)
----------------- Invoking toplevel() on ptolemy.moml.MoMLSimpleApplication@5962f6d7
----------------- Done invoking toplevel() on ptolemy.moml.MoMLSimpleApplication@5962f6d7
reloadAllAccessors: .Integration

===========================================================================================
----------------- testing Thu Jul 12 02:00:39 UTC 2018 /home/travis/build/icyphy/ptII/ptolemy/domains/continuous/test/auto/Integration2.xml
----------------- Instantiating /home/travis/build/icyphy/ptII/ptolemy/domains/continuous/test/auto/Integration2.xml
76 ms. Memory: 565760K Free: 314194K (56%)
----------------- Invoking toplevel() on ptolemy.moml.MoMLSimpleApplication@12938610
----------------- Done invoking toplevel() on ptolemy.moml.MoMLSimpleApplication@12938610
reloadAllAccessors: .Integration2

===========================================================================================
----------------- testing Thu Jul 12 02:00:39 UTC 2018 /home/travis/build/icyphy/ptII/ptolemy/domains/continuous/test/auto/Integration3.xml
----------------- Instantiating /home/travis/build/icyphy/ptII/ptolemy/domains/continuous/test/auto/Integration3.xml
2 ms. Memory: 565760K Free: 306149K (54%)
----------------- Invoking toplevel() on ptolemy.moml.MoMLSimpleApplication@74a04ace
----------------- Done invoking toplevel() on ptolemy.moml.MoMLSimpleApplication@74a04ace
reloadAllAccessors: .Integration3

===========================================================================================
----------------- testing Thu Jul 12 02:00:39 UTC 2018 /home/travis/build/icyphy/ptII/ptolemy/domains/continuous/test/auto/Integration5.xml
----------------- Instantiating /home/travis/build/icyphy/ptII/ptolemy/domains/continuous/test/auto/Integration5.xml
2 ms. Memory: 565760K Free: 297940K (53%)
----------------- Invoking toplevel() on ptolemy.moml.MoMLSimpleApplication@3e2fd085
----------------- Done invoking toplevel() on ptolemy.moml.MoMLSimpleApplication@3e2fd085
reloadAllAccessors: .Integration5

===========================================================================================
----------------- testing Thu Jul 12 02:00:39 UTC 2018 /home/travis/build/icyphy/ptII/ptolemy/domains/continuous/test/auto/IntegratorImpulse.xml
----------------- Instantiating /home/travis/build/icyphy/ptII/ptolemy/domains/continuous/test/auto/IntegratorImpulse.xml
2 ms. Memory: 565760K Free: 289888K (51%)
----------------- Invoking toplevel() on ptolemy.moml.MoMLSimpleApplication@22a5ee03
----------------- Done invoking toplevel() on ptolemy.moml.MoMLSimpleApplication@22a5ee03
reloadAllAccessors: .IntegratorImpulse

===========================================================================================
----------------- testing Thu Jul 12 02:00:39 UTC 2018 /home/travis/build/icyphy/ptII/ptolemy/domains/continuous/test/auto/IntegratorImpulse2.xml
----------------- Instantiating /home/travis/build/icyphy/ptII/ptolemy/domains/continuous/test/auto/IntegratorImpulse2.xml
3 ms. Memory: 565760K Free: 281688K (50%)
----------------- Invoking toplevel() on ptolemy.moml.MoMLSimpleApplication@5ea553b9
----------------- Done invoking toplevel() on ptolemy.moml.MoMLSimpleApplication@5ea553b9
reloadAllAccessors: .IntegratorImpulse2

===========================================================================================
----------------- testing Thu Jul 12 02:00:39 UTC 2018 /home/travis/build/icyphy/ptII/ptolemy/domains/continuous/test/auto/LevelCrossing1.xml
----------------- Instantiating /home/travis/build/icyphy/ptII/ptolemy/domains/continuous/test/auto/LevelCrossing1.xml
2 ms. Memory: 565760K Free: 273627K (48%)
----------------- Invoking toplevel() on ptolemy.moml.MoMLSimpleApplication@59c03cfd
----------------- Done invoking toplevel() on ptolemy.moml.MoMLSimpleApplication@59c03cfd
reloadAllAccessors: .LevelCrossing1

===========================================================================================
----------------- testing Thu Jul 12 02:00:39 UTC 2018 /home/travis/build/icyphy/ptII/ptolemy/domains/continuous/test/auto/LevelCrossing2.xml
----------------- Instantiating /home/travis/build/icyphy/ptII/ptolemy/domains/continuous/test/auto/LevelCrossing2.xml
3 ms. Memory: 565760K Free: 265411K (47%)
----------------- Invoking toplevel() on ptolemy.moml.MoMLSimpleApplication@2a377775
----------------- Done invoking toplevel() on ptolemy.moml.MoMLSimpleApplication@2a377775
reloadAllAccessors: .LevelCrossing2

===========================================================================================
----------------- testing Thu Jul 12 02:00:39 UTC 2018 /home/travis/build/icyphy/ptII/ptolemy/domains/continuous/test/auto/LevelCrossing3.xml
----------------- Instantiating /home/travis/build/icyphy/ptII/ptolemy/domains/continuous/test/auto/LevelCrossing3.xml
2 ms. Memory: 565760K Free: 257350K (45%)
----------------- Invoking toplevel() on ptolemy.moml.MoMLSimpleApplication@41ccec5
----------------- Done invoking toplevel() on ptolemy.moml.MoMLSimpleApplication@41ccec5
reloadAllAccessors: .LevelCrossing3

===========================================================================================
----------------- testing Thu Jul 12 02:00:39 UTC 2018 /home/travis/build/icyphy/ptII/ptolemy/domains/continuous/test/auto/LevelCrossing4.xml
----------------- Instantiating /home/travis/build/icyphy/ptII/ptolemy/domains/continuous/test/auto/LevelCrossing4.xml
3 ms. Memory: 565760K Free: 249133K (44%)
----------------- Invoking toplevel() on ptolemy.moml.MoMLSimpleApplication@1b394400
----------------- Done invoking toplevel() on ptolemy.moml.MoMLSimpleApplication@1b394400
reloadAllAccessors: .LevelCrossing4

===========================================================================================
----------------- testing Thu Jul 12 02:00:39 UTC 2018 /home/travis/build/icyphy/ptII/ptolemy/domains/continuous/test/auto/LevelCrossing5.xml
----------------- Instantiating /home/travis/build/icyphy/ptII/ptolemy/domains/continuous/test/auto/LevelCrossing5.xml
3 ms. Memory: 565760K Free: 241072K (43%)
----------------- Invoking toplevel() on ptolemy.moml.MoMLSimpleApplication@5d04a7da
----------------- Done invoking toplevel() on ptolemy.moml.MoMLSimpleApplication@5d04a7da
reloadAllAccessors: .LevelCrossing5

===========================================================================================
----------------- testing Thu Jul 12 02:00:39 UTC 2018 /home/travis/build/icyphy/ptII/ptolemy/domains/continuous/test/auto/LevelCrossing6.xml
----------------- Instantiating /home/travis/build/icyphy/ptII/ptolemy/domains/continuous/test/auto/LevelCrossing6.xml
[...]
reloadAllAccessors: .ResetTransitionWithStartTime5

===========================================================================================
----------------- testing Thu Jul 12 02:00:56 UTC 2018 /home/travis/build/icyphy/ptII/ptolemy/domains/continuous/test/auto/ResetTransitionWithStartTime6.xml
----------------- Instantiating /home/travis/build/icyphy/ptII/ptolemy/domains/continuous/test/auto/ResetTransitionWithStartTime6.xml
12 ms. Memory: 371712K Free: 183453K (49%)
----------------- Invoking toplevel() on ptolemy.moml.MoMLSimpleApplication@43b97d26
----------------- Done invoking toplevel() on ptolemy.moml.MoMLSimpleApplication@43b97d26
reloadAllAccessors: .ResetTransitionWithStartTime6

===========================================================================================
----------------- testing Thu Jul 12 02:00:56 UTC 2018 /home/travis/build/icyphy/ptII/ptolemy/domains/continuous/test/auto/SRinContinuous.xml
----------------- Instantiating /home/travis/build/icyphy/ptII/ptolemy/domains/continuous/test/auto/SRinContinuous.xml
5 ms. Memory: 371712K Free: 173806K (47%)
----------------- Invoking toplevel() on ptolemy.moml.MoMLSimpleApplication@6948c97
----------------- Done invoking toplevel() on ptolemy.moml.MoMLSimpleApplication@6948c97
reloadAllAccessors: .SRinContinuous

===========================================================================================
----------------- testing Thu Jul 12 02:00:56 UTC 2018 /home/travis/build/icyphy/ptII/ptolemy/domains/continuous/test/auto/SampledClocks.xml
----------------- Instantiating /home/travis/build/icyphy/ptII/ptolemy/domains/continuous/test/auto/SampledClocks.xml
9 ms. Memory: 371712K Free: 162696K (44%)
----------------- Invoking toplevel() on ptolemy.moml.MoMLSimpleApplication@e27597c
----------------- Done invoking toplevel() on ptolemy.moml.MoMLSimpleApplication@e27597c
reloadAllAccessors: .SampledClocks

===========================================================================================
----------------- testing Thu Jul 12 02:00:56 UTC 2018 /home/travis/build/icyphy/ptII/ptolemy/domains/continuous/test/auto/Satellite.xml
----------------- Instantiating /home/travis/build/icyphy/ptII/ptolemy/domains/continuous/test/auto/Satellite.xml
766 ms. Memory: 358912K Free: 257844K (72%)
----------------- Invoking toplevel() on ptolemy.moml.MoMLSimpleApplication@1fdf9955
----------------- Done invoking toplevel() on ptolemy.moml.MoMLSimpleApplication@1fdf9955
reloadAllAccessors: .Satellite

===========================================================================================
----------------- testing Thu Jul 12 02:00:56 UTC 2018 /home/travis/build/icyphy/ptII/ptolemy/domains/continuous/test/auto/SigmaDelta.xml
----------------- Instantiating /home/travis/build/icyphy/ptII/ptolemy/domains/continuous/test/auto/SigmaDelta.xml
2285 ms. Memory: 433152K Free: 226489K (52%)
----------------- Invoking toplevel() on ptolemy.moml.MoMLSimpleApplication@5c446d9d
----------------- Done invoking toplevel() on ptolemy.moml.MoMLSimpleApplication@5c446d9d
reloadAllAccessors: .SigmaDelta

===========================================================================================
----------------- testing Thu Jul 12 02:00:59 UTC 2018 /home/travis/build/icyphy/ptII/ptolemy/domains/continuous/test/auto/SinuBouncingBall.xml
----------------- Instantiating /home/travis/build/icyphy/ptII/ptolemy/domains/continuous/test/auto/SinuBouncingBall.xml
660 ms. Memory: 516608K Free: 429502K (83%)
----------------- Invoking toplevel() on ptolemy.moml.MoMLSimpleApplication@35be13ce
----------------- Done invoking toplevel() on ptolemy.moml.MoMLSimpleApplication@35be13ce
reloadAllAccessors: .SinuBouncingBall

===========================================================================================
----------------- testing Thu Jul 12 02:01:00 UTC 2018 /home/travis/build/icyphy/ptII/ptolemy/domains/continuous/test/auto/Sinusoid.xml
----------------- Instantiating /home/travis/build/icyphy/ptII/ptolemy/domains/continuous/test/auto/Sinusoid.xml
4 ms. Memory: 516608K Free: 420469K (81%)
----------------- Invoking toplevel() on ptolemy.moml.MoMLSimpleApplication@514e177f
----------------- Done invoking toplevel() on ptolemy.moml.MoMLSimpleApplication@514e177f
reloadAllAccessors: .Sinusoid

===========================================================================================
----------------- testing Thu Jul 12 02:01:00 UTC 2018 /home/travis/build/icyphy/ptII/ptolemy/domains/continuous/test/auto/SinusoidInNoise.xml
----------------- Instantiating /home/travis/build/icyphy/ptII/ptolemy/domains/continuous/test/auto/SinusoidInNoise.xml
830 ms. Memory: 516608K Free: 217877K (42%)
----------------- Invoking toplevel() on ptolemy.moml.MoMLSimpleApplication@66aa51f1
----------------- Done invoking toplevel() on ptolemy.moml.MoMLSimpleApplication@66aa51f1
reloadAllAccessors: .SinusoidInNoise

===========================================================================================
----------------- testing Thu Jul 12 02:01:00 UTC 2018 /home/travis/build/icyphy/ptII/ptolemy/domains/continuous/test/auto/SinusoidRK45.xml
----------------- Instantiating /home/travis/build/icyphy/ptII/ptolemy/domains/continuous/test/auto/SinusoidRK45.xml
4 ms. Memory: 516608K Free: 210399K (41%)
----------------- Invoking toplevel() on ptolemy.moml.MoMLSimpleApplication@2bb3a732
----------------- Done invoking toplevel() on ptolemy.moml.MoMLSimpleApplication@2bb3a732
reloadAllAccessors: .SinusoidRK45

===========================================================================================
----------------- testing Thu Jul 12 02:01:00 UTC 2018 /home/travis/build/icyphy/ptII/ptolemy/domains/continuous/test/auto/SinusoidWithMultipleImpulses.xml
----------------- Instantiating /home/travis/build/icyphy/ptII/ptolemy/domains/continuous/test/auto/SinusoidWithMultipleImpulses.xml
3 ms. Memory: 516608K Free: 202997K (39%)
----------------- Invoking toplevel() on ptolemy.moml.MoMLSimpleApplication@53769cd1
----------------- Done invoking toplevel() on ptolemy.moml.MoMLSimpleApplication@53769cd1
reloadAllAccessors: .SinusoidWithMultipleImpulses

===========================================================================================
----------------- testing Thu Jul 12 02:01:00 UTC 2018 /home/travis/build/icyphy/ptII/ptolemy/domains/continuous/test/auto/SquareWave.xml
----------------- Instantiating /home/travis/build/icyphy/ptII/ptolemy/domains/continuous/test/auto/SquareWave.xml
134 ms. Memory: 516608K Free: 173836K (34%)
----------------- Invoking toplevel() on ptolemy.moml.MoMLSimpleApplication@486f1b28
----------------- Done invoking toplevel() on ptolemy.moml.MoMLSimpleApplication@486f1b28
reloadAllAccessors: .SquareWave

===========================================================================================
----------------- testing Thu Jul 12 02:01:01 UTC 2018 /home/travis/build/icyphy/ptII/ptolemy/domains/continuous/test/auto/Starmac.xml
----------------- Instantiating /home/travis/build/icyphy/ptII/ptolemy/domains/continuous/test/auto/Starmac.xml
3058 ms. Memory: 627200K Free: 346717K (55%)
----------------- Invoking toplevel() on ptolemy.moml.MoMLSimpleApplication@5cc1b8da
----------------- Done invoking toplevel() on ptolemy.moml.MoMLSimpleApplication@5cc1b8da
reloadAllAccessors: .Starmac

===========================================================================================
----------------- testing Thu Jul 12 02:01:04 UTC 2018 /home/travis/build/icyphy/ptII/ptolemy/domains/continuous/test/auto/StaticUnits.xml
----------------- Instantiating /home/travis/build/icyphy/ptII/ptolemy/domains/continuous/test/auto/StaticUnits.xml
1998 ms. Memory: 604160K Free: 401196K (66%)
----------------- Invoking toplevel() on ptolemy.moml.MoMLSimpleApplication@52005daa
----------------- Done invoking toplevel() on ptolemy.moml.MoMLSimpleApplication@52005daa
reloadAllAccessors: .StaticUnits

===========================================================================================
----------------- testing Thu Jul 12 02:01:06 UTC 2018 /home/travis/build/icyphy/ptII/ptolemy/domains/continuous/test/auto/StickyMasses.xml
----------------- Instantiating /home/travis/build/icyphy/ptII/ptolemy/domains/continuous/test/auto/StickyMasses.xml
105 ms. Memory: 604160K Free: 340818K (56%)
----------------- Invoking toplevel() on ptolemy.moml.MoMLSimpleApplication@3e91199a
----------------- Done invoking toplevel() on ptolemy.moml.MoMLSimpleApplication@3e91199a
reloadAllAccessors: .StickyMasses

===========================================================================================
----------------- testing Thu Jul 12 02:01:07 UTC 2018 /home/travis/build/icyphy/ptII/ptolemy/domains/continuous/test/auto/StopTime.xml
----------------- Instantiating /home/travis/build/icyphy/ptII/ptolemy/domains/continuous/test/auto/StopTime.xml
37 ms. Memory: 604160K Free: 313987K (52%)
----------------- Invoking toplevel() on ptolemy.moml.MoMLSimpleApplication@504effa6
----------------- Done invoking toplevel() on ptolemy.moml.MoMLSimpleApplication@504effa6
reloadAllAccessors: .StopTime

===========================================================================================
----------------- testing Thu Jul 12 02:01:07 UTC 2018 /home/travis/build/icyphy/ptII/ptolemy/domains/continuous/test/auto/StopTime2.xml
----------------- Instantiating /home/travis/build/icyphy/ptII/ptolemy/domains/continuous/test/auto/StopTime2.xml
33 ms. Memory: 604160K Free: 289797K (48%)
----------------- Invoking toplevel() on ptolemy.moml.MoMLSimpleApplication@31905ebc
----------------- Done invoking toplevel() on ptolemy.moml.MoMLSimpleApplication@31905ebc
reloadAllAccessors: .StopTime2

===========================================================================================
----------------- testing Thu Jul 12 02:01:07 UTC 2018 /home/travis/build/icyphy/ptII/ptolemy/domains/continuous/test/auto/Switch.xml
----------------- Instantiating /home/travis/build/icyphy/ptII/ptolemy/domains/continuous/test/auto/Switch.xml
53 ms. Memory: 604160K Free: 260375K (43%)
----------------- Invoking toplevel() on ptolemy.moml.MoMLSimpleApplication@5cbcd7c0
----------------- Done invoking toplevel() on ptolemy.moml.MoMLSimpleApplication@5cbcd7c0
reloadAllAccessors: .Switch

===========================================================================================
----------------- testing Thu Jul 12 02:01:07 UTC 2018 /home/travis/build/icyphy/ptII/ptolemy/domains/continuous/test/auto/Thermostat.xml
----------------- Instantiating /home/travis/build/icyphy/ptII/ptolemy/domains/continuous/test/auto/Thermostat.xml
169 ms. Memory: 604160K Free: 184386K (31%)
----------------- Invoking toplevel() on ptolemy.moml.MoMLSimpleApplication@7e80ea3a
----------------- Done invoking toplevel() on ptolemy.moml.MoMLSimpleApplication@7e80ea3a
reloadAllAccessors: .Thermostat

===========================================================================================
----------------- testing Thu Jul 12 02:01:07 UTC 2018 /home/travis/build/icyphy/ptII/ptolemy/domains/continuous/test/auto/TimeDelay.xml
----------------- Instantiating /home/travis/build/icyphy/ptII/ptolemy/domains/continuous/test/auto/TimeDelay.xml
5 ms. Memory: 604160K Free: 175734K (29%)
----------------- Invoking toplevel() on ptolemy.moml.MoMLSimpleApplication@40bd38ee
----------------- Done invoking toplevel() on ptolemy.moml.MoMLSimpleApplication@40bd38ee
reloadAllAccessors: .TimeDelay

===========================================================================================
----------------- testing Thu Jul 12 02:01:07 UTC 2018 /home/travis/build/icyphy/ptII/ptolemy/domains/continuous/test/auto/TimeDelay2.xml
----------------- Instantiating /home/travis/build/icyphy/ptII/ptolemy/domains/continuous/test/auto/TimeDelay2.xml
8 ms. Memory: 604160K Free: 167008K (28%)
----------------- Invoking toplevel() on ptolemy.moml.MoMLSimpleApplication@1cb4c813
----------------- Done invoking toplevel() on ptolemy.moml.MoMLSimpleApplication@1cb4c813
reloadAllAccessors: .TimeDelay2

===========================================================================================
----------------- testing Thu Jul 12 02:01:07 UTC 2018 /home/travis/build/icyphy/ptII/ptolemy/domains/continuous/test/auto/TimeDelay3.xml
----------------- Instantiating /home/travis/build/icyphy/ptII/ptolemy/domains/continuous/test/auto/TimeDelay3.xml
7 ms. Memory: 604160K Free: 158289K (26%)
----------------- Invoking toplevel() on ptolemy.moml.MoMLSimpleApplication@73a12f0
----------------- Done invoking toplevel() on ptolemy.moml.MoMLSimpleApplication@73a12f0
reloadAllAccessors: .TimeDelay3

===========================================================================================
----------------- testing Thu Jul 12 02:01:07 UTC 2018 /home/travis/build/icyphy/ptII/ptolemy/domains/continuous/test/auto/TransferAbsentToInside.xml
----------------- Instantiating /home/travis/build/icyphy/ptII/ptolemy/domains/continuous/test/auto/TransferAbsentToInside.xml
48 ms. Memory: 604160K Free: 97687K (16%)
----------------- Invoking toplevel() on ptolemy.moml.MoMLSimpleApplication@7cc6db3
----------------- Done invoking toplevel() on ptolemy.moml.MoMLSimpleApplication@7cc6db3
reloadAllAccessors: .TransferAbsentToInside

===========================================================================================
----------------- testing Thu Jul 12 02:01:07 UTC 2018 /home/travis/build/icyphy/ptII/ptolemy/domains/continuous/test/auto/Transmission.xml
----------------- Instantiating /home/travis/build/icyphy/ptII/ptolemy/domains/continuous/test/auto/Transmission.xml
681 ms. Memory: 574464K Free: 343865K (60%)
----------------- Invoking toplevel() on ptolemy.moml.MoMLSimpleApplication@37bf4402
----------------- Done invoking toplevel() on ptolemy.moml.MoMLSimpleApplication@37bf4402
reloadAllAccessors: .Transmission

===========================================================================================
----------------- testing Thu Jul 12 02:01:08 UTC 2018 /home/travis/build/icyphy/ptII/ptolemy/domains/continuous/test/auto/TriggeredContinuousClock.xml
----------------- Instantiating /home/travis/build/icyphy/ptII/ptolemy/domains/continuous/test/auto/TriggeredContinuousClock.xml
32 ms. Memory: 574464K Free: 309425K (54%)
----------------- Invoking toplevel() on ptolemy.moml.MoMLSimpleApplication@3ee99563
----------------- Done invoking toplevel() on ptolemy.moml.MoMLSimpleApplication@3ee99563
reloadAllAccessors: .TriggeredContinuousClock

===========================================================================================
----------------- testing Thu Jul 12 02:01:08 UTC 2018 /home/travis/build/icyphy/ptII/ptolemy/domains/continuous/test/auto/TwoMachineInfiniteBusControl.xml
----------------- Instantiating /home/travis/build/icyphy/ptII/ptolemy/domains/continuous/test/auto/TwoMachineInfiniteBusControl.xml
2640 ms. Memory: 558592K Free: 231107K (41%)
----------------- Invoking toplevel() on ptolemy.moml.MoMLSimpleApplication@ea0f076
----------------- Done invoking toplevel() on ptolemy.moml.MoMLSimpleApplication@ea0f076
reloadAllAccessors: .TwoMachineInfiniteBusControl

===========================================================================================
----------------- testing Thu Jul 12 02:01:11 UTC 2018 /home/travis/build/icyphy/ptII/ptolemy/domains/continuous/test/auto/V2V.xml
----------------- Instantiating /home/travis/build/icyphy/ptII/ptolemy/domains/continuous/test/auto/V2V.xml
638 ms. Memory: 558592K Free: 35375K (6%)
----------------- Invoking toplevel() on ptolemy.moml.MoMLSimpleApplication@5a4179a7
----------------- Done invoking toplevel() on ptolemy.moml.MoMLSimpleApplication@5a4179a7
reloadAllAccessors: .V2V

===========================================================================================
----------------- testing Thu Jul 12 02:01:11 UTC 2018 /home/travis/build/icyphy/ptII/ptolemy/domains/continuous/test/auto/hierarchicalModalModel.xml
----------------- Instantiating /home/travis/build/icyphy/ptII/ptolemy/domains/continuous/test/auto/hierarchicalModalModel.xml
13 ms. Memory: 529408K Free: 455853K (86%)
----------------- Invoking toplevel() on ptolemy.moml.MoMLSimpleApplication@4fdc3e0
----------------- Done invoking toplevel() on ptolemy.moml.MoMLSimpleApplication@4fdc3e0
reloadAllAccessors: .hierarchicalModalModel

===========================================================================================
----------------- testing Thu Jul 12 02:01:12 UTC 2018 /home/travis/build/icyphy/ptII/ptolemy/domains/continuous/test/auto/hierarchicalModalModel1.xml
----------------- Instantiating /home/travis/build/icyphy/ptII/ptolemy/domains/continuous/test/auto/hierarchicalModalModel1.xml
8 ms. Memory: 529408K Free: 436965K (83%)
----------------- Invoking toplevel() on ptolemy.moml.MoMLSimpleApplication@785e74ac
----------------- Done invoking toplevel() on ptolemy.moml.MoMLSimpleApplication@785e74ac
reloadAllAccessors: .hierarchicalModalModel1

===========================================================================================
----------------- testing Thu Jul 12 02:01:12 UTC 2018 /home/travis/build/icyphy/ptII/ptolemy/domains/continuous/test/auto/hierarchicalModalModel2.xml
----------------- Instantiating /home/travis/build/icyphy/ptII/ptolemy/domains/continuous/test/auto/hierarchicalModalModel2.xml
5 ms. Memory: 529408K Free: 420338K (79%)
----------------- Invoking toplevel() on ptolemy.moml.MoMLSimpleApplication@49f424e5
----------------- Done invoking toplevel() on ptolemy.moml.MoMLSimpleApplication@49f424e5
reloadAllAccessors: .hierarchicalModalModel2

===========================================================================================
----------------- testing Thu Jul 12 02:01:12 UTC 2018 /home/travis/build/icyphy/ptII/ptolemy/domains/continuous/test/auto/hierarchicalModalModel3.xml
----------------- Instantiating /home/travis/build/icyphy/ptII/ptolemy/domains/continuous/test/auto/hierarchicalModalModel3.xml
5 ms. Memory: 529408K Free: 406020K (77%)
----------------- Invoking toplevel() on ptolemy.moml.MoMLSimpleApplication@3c37d264
----------------- Done invoking toplevel() on ptolemy.moml.MoMLSimpleApplication@3c37d264
reloadAllAccessors: .hierarchicalModalModel3

===========================================================================================
----------------- testing Thu Jul 12 02:01:12 UTC 2018 /home/travis/build/icyphy/ptII/ptolemy/domains/continuous/test/auto/hierarchicalModalModel4.xml
----------------- Instantiating /home/travis/build/icyphy/ptII/ptolemy/domains/continuous/test/auto/hierarchicalModalModel4.xml
4 ms. Memory: 529408K Free: 391631K (74%)
----------------- Invoking toplevel() on ptolemy.moml.MoMLSimpleApplication@1a0eb6a1
----------------- Done invoking toplevel() on ptolemy.moml.MoMLSimpleApplication@1a0eb6a1
reloadAllAccessors: .hierarchicalModalModel4

===========================================================================================
----------------- testing Thu Jul 12 02:01:12 UTC 2018 /home/travis/build/icyphy/ptII/ptolemy/domains/continuous/test/auto/junk.xml
----------------- Instantiating /home/travis/build/icyphy/ptII/ptolemy/domains/continuous/test/auto/junk.xml
131 ms. Memory: 529408K Free: 359357K (68%)
----------------- Invoking toplevel() on ptolemy.moml.MoMLSimpleApplication@76ebe87c
----------------- Done invoking toplevel() on ptolemy.moml.MoMLSimpleApplication@76ebe87c
reloadAllAccessors: .junk
AutoTests.java: About to close Vertx.
AutoTests.java: Vertx closed.
]]></system-out>
  <system-err><![CDATA[Warning: '.HysteresisWithRandomDelay.NonStrictTest3' The test produced only 20 tokens, yet the correctValues parameter was expecting 30 tokens.
Warning: '.Poisson.NonStrictTest' The test produced only 399 tokens, yet the correctValues parameter was expecting 430 tokens.
]]></system-err>
</testsuite>
