<?xml version="1.0" encoding="UTF-8" ?>
<testsuite errors="0" failures="0" hostname="travis-job-b561fc8e-6e65-441e-8f2d-98f18ab5299f" name="ptolemy.domains.hdf.kernel.test.junit.JUnitTclTest" skipped="0" tests="39" time="6.454" timestamp="2019-08-15T05:24:16">
  <properties>
[...]
</properties>
  <testcase classname="ptolemy.util.test.junit.TclTests" name="[0] /home/travis/build/icyphy/ptII/ptolemy/domains/hdf/kernel/test/RateErrorChecking.tcl (RunTclFile)" time="0.188" />
  <testcase classname="ptolemy.util.test.junit.AutoKnownFailedTests" name="[0] /home/travis/build/icyphy/ptII/ptolemy/domains/hdf/kernel/test/auto/knownFailedTests/badFSMRateChanges.xml (RunModel)" time="0.827" />
  <testcase classname="ptolemy.util.test.junit.AutoNameArchTests" name="[0] ThereAreNoAutoArchTests (RunModel)" time="0.004" />
  <testcase classname="ptolemy.util.test.junit.AutoTests" name="[0] /home/travis/build/icyphy/ptII/ptolemy/domains/hdf/kernel/test/auto/ConstVariableRateTest.xml (RunModel)" time="0.271" />
  <testcase classname="ptolemy.util.test.junit.AutoTests" name="[1] /home/travis/build/icyphy/ptII/ptolemy/domains/hdf/kernel/test/auto/DifferentRefinedRates.xml (RunModel)" time="0.241" />
  <testcase classname="ptolemy.util.test.junit.AutoTests" name="[2] /home/travis/build/icyphy/ptII/ptolemy/domains/hdf/kernel/test/auto/DifferentRefinedRates2.xml (RunModel)" time="0.12" />
  <testcase classname="ptolemy.util.test.junit.AutoTests" name="[3] /home/travis/build/icyphy/ptII/ptolemy/domains/hdf/kernel/test/auto/DifferentRefinedRates3.xml (RunModel)" time="0.128" />
  <testcase classname="ptolemy.util.test.junit.AutoTests" name="[4] /home/travis/build/icyphy/ptII/ptolemy/domains/hdf/kernel/test/auto/DifferentRefinedRates4.xml (RunModel)" time="0.22" />
  <testcase classname="ptolemy.util.test.junit.AutoTests" name="[5] /home/travis/build/icyphy/ptII/ptolemy/domains/hdf/kernel/test/auto/DifferentRefinedRates5.xml (RunModel)" time="0.149" />
  <testcase classname="ptolemy.util.test.junit.AutoTests" name="[6] /home/travis/build/icyphy/ptII/ptolemy/domains/hdf/kernel/test/auto/DifferentRefinedRates6.xml (RunModel)" time="0.109" />
  <testcase classname="ptolemy.util.test.junit.AutoTests" name="[7] /home/travis/build/icyphy/ptII/ptolemy/domains/hdf/kernel/test/auto/DownSample_PowerOfTwo.xml (RunModel)" time="0.244" />
  <testcase classname="ptolemy.util.test.junit.AutoTests" name="[8] /home/travis/build/icyphy/ptII/ptolemy/domains/hdf/kernel/test/auto/FibonacciWithNullInitial.xml (RunModel)" time="0.204" />
  <testcase classname="ptolemy.util.test.junit.AutoTests" name="[9] /home/travis/build/icyphy/ptII/ptolemy/domains/hdf/kernel/test/auto/FibonacciWithNullInitial1.xml (RunModel)" time="0.181" />
  <testcase classname="ptolemy.util.test.junit.AutoTests" name="[10] /home/travis/build/icyphy/ptII/ptolemy/domains/hdf/kernel/test/auto/FibonacciWithTransientStates.xml (RunModel)" time="0.193" />
  <testcase classname="ptolemy.util.test.junit.AutoTests" name="[11] /home/travis/build/icyphy/ptII/ptolemy/domains/hdf/kernel/test/auto/FibonacciWithTransientStates2.xml (RunModel)" time="0.087" />
  <testcase classname="ptolemy.util.test.junit.AutoTests" name="[12] /home/travis/build/icyphy/ptII/ptolemy/domains/hdf/kernel/test/auto/FibonacciWithoutHistoryInitial.xml (RunModel)" time="0.135" />
  <testcase classname="ptolemy.util.test.junit.AutoTests" name="[13] /home/travis/build/icyphy/ptII/ptolemy/domains/hdf/kernel/test/auto/GuardUsingPastTokens.xml (RunModel)" time="0.062" />
  <testcase classname="ptolemy.util.test.junit.AutoTests" name="[14] /home/travis/build/icyphy/ptII/ptolemy/domains/hdf/kernel/test/auto/GuardWithResets.xml (RunModel)" time="0.109" />
  <testcase classname="ptolemy.util.test.junit.AutoTests" name="[15] /home/travis/build/icyphy/ptII/ptolemy/domains/hdf/kernel/test/auto/Hierarchy_2Level_Test1.xml (RunModel)" time="0.082" />
  <testcase classname="ptolemy.util.test.junit.AutoTests" name="[16] /home/travis/build/icyphy/ptII/ptolemy/domains/hdf/kernel/test/auto/Hierarchy_2Level_Test2.xml (RunModel)" time="0.095" />
  <testcase classname="ptolemy.util.test.junit.AutoTests" name="[17] /home/travis/build/icyphy/ptII/ptolemy/domains/hdf/kernel/test/auto/Hysteresis.xml (RunModel)" time="0.056" />
  <testcase classname="ptolemy.util.test.junit.AutoTests" name="[18] /home/travis/build/icyphy/ptII/ptolemy/domains/hdf/kernel/test/auto/InitTransient.xml (RunModel)" time="0.106" />
  <testcase classname="ptolemy.util.test.junit.AutoTests" name="[19] /home/travis/build/icyphy/ptII/ptolemy/domains/hdf/kernel/test/auto/Merge.xml (RunModel)" time="0.086" />
  <testcase classname="ptolemy.util.test.junit.AutoTests" name="[20] /home/travis/build/icyphy/ptII/ptolemy/domains/hdf/kernel/test/auto/ModalModelBooleanSwitch.xml (RunModel)" time="0.076" />
  <testcase classname="ptolemy.util.test.junit.AutoTests" name="[21] /home/travis/build/icyphy/ptII/ptolemy/domains/hdf/kernel/test/auto/SameRates.xml (RunModel)" time="0.053" />
  <testcase classname="ptolemy.util.test.junit.AutoTests" name="[22] /home/travis/build/icyphy/ptII/ptolemy/domains/hdf/kernel/test/auto/SameRefinedRates.xml (RunModel)" time="0.05" />
  <testcase classname="ptolemy.util.test.junit.AutoTests" name="[23] /home/travis/build/icyphy/ptII/ptolemy/domains/hdf/kernel/test/auto/SameRefinedRates2.xml (RunModel)" time="0.049" />
  <testcase classname="ptolemy.util.test.junit.AutoTests" name="[24] /home/travis/build/icyphy/ptII/ptolemy/domains/hdf/kernel/test/auto/TransientStates.xml (RunModel)" time="0.087" />
  <testcase classname="ptolemy.util.test.junit.AutoTests" name="[25] /home/travis/build/icyphy/ptII/ptolemy/domains/hdf/kernel/test/auto/TwoHammingCodec.xml (RunModel)" time="0.12" />
  <testcase classname="ptolemy.util.test.junit.AutoTests" name="[26] /home/travis/build/icyphy/ptII/ptolemy/domains/hdf/kernel/test/auto/TwoHammingCodec1.xml (RunModel)" time="0.1" />
  <testcase classname="ptolemy.util.test.junit.AutoTests" name="[27] /home/travis/build/icyphy/ptII/ptolemy/domains/hdf/kernel/test/auto/TwoLevelHierarchy.xml (RunModel)" time="0.185" />
  <testcase classname="ptolemy.util.test.junit.AutoTests" name="[28] /home/travis/build/icyphy/ptII/ptolemy/domains/hdf/kernel/test/auto/TwoLevelHierarchy1.xml (RunModel)" time="0.17" />
  <testcase classname="ptolemy.util.test.junit.AutoTests" name="[29] /home/travis/build/icyphy/ptII/ptolemy/domains/hdf/kernel/test/auto/TwoLevelHierarchy2.xml (RunModel)" time="0.175" />
  <testcase classname="ptolemy.util.test.junit.AutoTests" name="[30] /home/travis/build/icyphy/ptII/ptolemy/domains/hdf/kernel/test/auto/TwoLevelHierarchyNullStates.xml (RunModel)" time="0.186" />
  <testcase classname="ptolemy.util.test.junit.AutoTests" name="[31] /home/travis/build/icyphy/ptII/ptolemy/domains/hdf/kernel/test/auto/TwoLevelHierarchyWithResets.xml (RunModel)" time="0.175" />
  <testcase classname="ptolemy.util.test.junit.AutoTests" name="[32] /home/travis/build/icyphy/ptII/ptolemy/domains/hdf/kernel/test/auto/TwoLevelHierarchyWithResetsNullStates.xml (RunModel)" time="0.172" />
  <testcase classname="ptolemy.util.test.junit.AutoTests" name="[33] /home/travis/build/icyphy/ptII/ptolemy/domains/hdf/kernel/test/auto/WaterTank_HDF.xml (RunModel)" time="0.101" />
  <testcase classname="ptolemy.util.test.junit.AutoTests" name="[34] /home/travis/build/icyphy/ptII/ptolemy/domains/hdf/kernel/test/auto/WaterTank_HDF2.xml (RunModel)" time="0.103" />
  <testcase classname="ptolemy.util.test.junit.AutoTests" name="[35] /home/travis/build/icyphy/ptII/ptolemy/domains/hdf/kernel/test/auto/badFSMRateChanges.xml (RunModel)" time="0.049" />
  <system-out><![CDATA[/home/travis/build/icyphy/ptII/ptolemy/domains/hdf/kernel/test/RateErrorChecking.tcl
testDefs.tcl: setting time out to 9000 seconds at Thu Aug 15 05:24:16 UTC 2019


==== $PTII/ptolemy/domains/hdf/kernel/test/RateErrorChecking.tcl: RateErrorChecking-1.0 
==== Contents of test case:

    catch {createAndExecute "badFSMRateChanges.xml"} foo
    list $foo

==== Result was:
{java.io.FileNotFoundException: /home/travis/build/icyphy/ptII/ptolemy/domains/hdf/kernel/test/badFSMRateChanges.xml (No such file or directory)}
---- KNOWN Failure, Result should have been:
{ptolemy.kernel.util.IllegalActionException: Failed to compute schedule:
  in .badFSMRateChanges.SDF Director
Because:
The SDF rate parameter may change. This is not allowed in SDF models that will be run through the code generator.  If you don't care about code generation, then you might consider setting the allowRateChanges parameter of the SDF director to false.
    in .badFSMRateChanges.typed composite actor.output.tokenProductionRate}
---- RateErrorChecking-1.0 Failed, but this is a KNOWN failure
08/15/19 05:24:17
Failed: 0  Total Tests: 1  ((Passed: 0, Newly Passed: 0)  Known Failed: 1) /home/travis/build/icyphy/ptII/ptolemy/domains/hdf/kernel/test
----------------- testing (KnownFailure) /home/travis/build/icyphy/ptII/ptolemy/domains/hdf/kernel/test/auto/knownFailedTests/badFSMRateChanges.xml
261 ms. Memory: 120832K Free: 69575K (58%)
No auto/linux-amd64/*.xml tests in /home/travis/build/icyphy/ptII/ptolemy/domains/hdf/kernel/test
AutoTests.java: About to close Vertx.
AutoTests.java: Vertx closed.

===========================================================================================
----------------- testing Thu Aug 15 05:24:18 UTC 2019 /home/travis/build/icyphy/ptII/ptolemy/domains/hdf/kernel/test/auto/ConstVariableRateTest.xml
----------------- Instantiating /home/travis/build/icyphy/ptII/ptolemy/domains/hdf/kernel/test/auto/ConstVariableRateTest.xml
76 ms. Memory: 120832K Free: 85993K (71%)
----------------- Invoking toplevel() on ptolemy.moml.MoMLSimpleApplication@6f89a4ce
----------------- Done invoking toplevel() on ptolemy.moml.MoMLSimpleApplication@6f89a4ce
reloadAllAccessors: .ConstVariableRateTest

===========================================================================================
----------------- testing Thu Aug 15 05:24:18 UTC 2019 /home/travis/build/icyphy/ptII/ptolemy/domains/hdf/kernel/test/auto/DifferentRefinedRates.xml
----------------- Instantiating /home/travis/build/icyphy/ptII/ptolemy/domains/hdf/kernel/test/auto/DifferentRefinedRates.xml
54 ms. Memory: 120832K Free: 95764K (79%)
----------------- Invoking toplevel() on ptolemy.moml.MoMLSimpleApplication@20a1edb6
----------------- Done invoking toplevel() on ptolemy.moml.MoMLSimpleApplication@20a1edb6
reloadAllAccessors: .DifferentRefinedRates

===========================================================================================
----------------- testing Thu Aug 15 05:24:18 UTC 2019 /home/travis/build/icyphy/ptII/ptolemy/domains/hdf/kernel/test/auto/DifferentRefinedRates2.xml
----------------- Instantiating /home/travis/build/icyphy/ptII/ptolemy/domains/hdf/kernel/test/auto/DifferentRefinedRates2.xml
35 ms. Memory: 120832K Free: 81267K (67%)
----------------- Invoking toplevel() on ptolemy.moml.MoMLSimpleApplication@13953ea2
----------------- Done invoking toplevel() on ptolemy.moml.MoMLSimpleApplication@13953ea2
reloadAllAccessors: .DifferentRefinedRates2

===========================================================================================
----------------- testing Thu Aug 15 05:24:18 UTC 2019 /home/travis/build/icyphy/ptII/ptolemy/domains/hdf/kernel/test/auto/DifferentRefinedRates3.xml
----------------- Instantiating /home/travis/build/icyphy/ptII/ptolemy/domains/hdf/kernel/test/auto/DifferentRefinedRates3.xml
35 ms. Memory: 120832K Free: 70738K (59%)
----------------- Invoking toplevel() on ptolemy.moml.MoMLSimpleApplication@1efc4606
----------------- Done invoking toplevel() on ptolemy.moml.MoMLSimpleApplication@1efc4606
reloadAllAccessors: .DifferentRefinedRates3

===========================================================================================
----------------- testing Thu Aug 15 05:24:19 UTC 2019 /home/travis/build/icyphy/ptII/ptolemy/domains/hdf/kernel/test/auto/DifferentRefinedRates4.xml
----------------- Instantiating /home/travis/build/icyphy/ptII/ptolemy/domains/hdf/kernel/test/auto/DifferentRefinedRates4.xml
79 ms. Memory: 120832K Free: 97945K (81%)
----------------- Invoking toplevel() on ptolemy.moml.MoMLSimpleApplication@4ca7b7e5
----------------- Done invoking toplevel() on ptolemy.moml.MoMLSimpleApplication@4ca7b7e5
reloadAllAccessors: .NewHDFtest1

===========================================================================================
----------------- testing Thu Aug 15 05:24:19 UTC 2019 /home/travis/build/icyphy/ptII/ptolemy/domains/hdf/kernel/test/auto/DifferentRefinedRates5.xml
----------------- Instantiating /home/travis/build/icyphy/ptII/ptolemy/domains/hdf/kernel/test/auto/DifferentRefinedRates5.xml
50 ms. Memory: 120832K Free: 82563K (68%)
----------------- Invoking toplevel() on ptolemy.moml.MoMLSimpleApplication@22a13606
----------------- Done invoking toplevel() on ptolemy.moml.MoMLSimpleApplication@22a13606
reloadAllAccessors: .NewHDFtest2

===========================================================================================
----------------- testing Thu Aug 15 05:24:19 UTC 2019 /home/travis/build/icyphy/ptII/ptolemy/domains/hdf/kernel/test/auto/DifferentRefinedRates6.xml
----------------- Instantiating /home/travis/build/icyphy/ptII/ptolemy/domains/hdf/kernel/test/auto/DifferentRefinedRates6.xml
47 ms. Memory: 120832K Free: 69661K (58%)
----------------- Invoking toplevel() on ptolemy.moml.MoMLSimpleApplication@7965c122
----------------- Done invoking toplevel() on ptolemy.moml.MoMLSimpleApplication@7965c122
reloadAllAccessors: .DifferentRefinedRates6

===========================================================================================
----------------- testing Thu Aug 15 05:24:19 UTC 2019 /home/travis/build/icyphy/ptII/ptolemy/domains/hdf/kernel/test/auto/DownSample_PowerOfTwo.xml
----------------- Instantiating /home/travis/build/icyphy/ptII/ptolemy/domains/hdf/kernel/test/auto/DownSample_PowerOfTwo.xml
203 ms. Memory: 120832K Free: 95790K (79%)
----------------- Invoking toplevel() on ptolemy.moml.MoMLSimpleApplication@71a35228
----------------- Done invoking toplevel() on ptolemy.moml.MoMLSimpleApplication@71a35228
reloadAllAccessors: .SDFDownSample

===========================================================================================
----------------- testing Thu Aug 15 05:24:19 UTC 2019 /home/travis/build/icyphy/ptII/ptolemy/domains/hdf/kernel/test/auto/FibonacciWithNullInitial.xml
----------------- Instantiating /home/travis/build/icyphy/ptII/ptolemy/domains/hdf/kernel/test/auto/FibonacciWithNullInitial.xml
148 ms. Memory: 120832K Free: 71613K (59%)
----------------- Invoking toplevel() on ptolemy.moml.MoMLSimpleApplication@36af1f54
----------------- Done invoking toplevel() on ptolemy.moml.MoMLSimpleApplication@36af1f54
reloadAllAccessors: .FibonacciWithNullInitial

===========================================================================================
----------------- testing Thu Aug 15 05:24:20 UTC 2019 /home/travis/build/icyphy/ptII/ptolemy/domains/hdf/kernel/test/auto/FibonacciWithNullInitial1.xml
----------------- Instantiating /home/travis/build/icyphy/ptII/ptolemy/domains/hdf/kernel/test/auto/FibonacciWithNullInitial1.xml
134 ms. Memory: 120832K Free: 48083K (40%)
----------------- Invoking toplevel() on ptolemy.moml.MoMLSimpleApplication@57d10fbd
----------------- Done invoking toplevel() on ptolemy.moml.MoMLSimpleApplication@57d10fbd
reloadAllAccessors: .FibonacciWithNullInitial1

===========================================================================================
----------------- testing Thu Aug 15 05:24:20 UTC 2019 /home/travis/build/icyphy/ptII/ptolemy/domains/hdf/kernel/test/auto/FibonacciWithTransientStates.xml
----------------- Instantiating /home/travis/build/icyphy/ptII/ptolemy/domains/hdf/kernel/test/auto/FibonacciWithTransientStates.xml
133 ms. Memory: 120832K Free: 79905K (66%)
----------------- Invoking toplevel() on ptolemy.moml.MoMLSimpleApplication@2062b0e0
----------------- Done invoking toplevel() on ptolemy.moml.MoMLSimpleApplication@2062b0e0
reloadAllAccessors: .FibonacciWithTransientStates

===========================================================================================
----------------- testing Thu Aug 15 05:24:20 UTC 2019 /home/travis/build/icyphy/ptII/ptolemy/domains/hdf/kernel/test/auto/FibonacciWithTransientStates2.xml
----------------- Instantiating /home/travis/build/icyphy/ptII/ptolemy/domains/hdf/kernel/test/auto/FibonacciWithTransientStates2.xml
43 ms. Memory: 120832K Free: 58403K (48%)
----------------- Invoking toplevel() on ptolemy.moml.MoMLSimpleApplication@5c3ae779
----------------- Done invoking toplevel() on ptolemy.moml.MoMLSimpleApplication@5c3ae779
reloadAllAccessors: .FibonacciWithTransientStates2

===========================================================================================
----------------- testing Thu Aug 15 05:24:20 UTC 2019 /home/travis/build/icyphy/ptII/ptolemy/domains/hdf/kernel/test/auto/FibonacciWithoutHistoryInitial.xml
----------------- Instantiating /home/travis/build/icyphy/ptII/ptolemy/domains/hdf/kernel/test/auto/FibonacciWithoutHistoryInitial.xml
99 ms. Memory: 120832K Free: 106444K (88%)
----------------- Invoking toplevel() on ptolemy.moml.MoMLSimpleApplication@167fd7c7
----------------- Done invoking toplevel() on ptolemy.moml.MoMLSimpleApplication@167fd7c7
reloadAllAccessors: .FibonacciWithoutHistoryInitial

===========================================================================================
----------------- testing Thu Aug 15 05:24:20 UTC 2019 /home/travis/build/icyphy/ptII/ptolemy/domains/hdf/kernel/test/auto/GuardUsingPastTokens.xml
----------------- Instantiating /home/travis/build/icyphy/ptII/ptolemy/domains/hdf/kernel/test/auto/GuardUsingPastTokens.xml
20 ms. Memory: 120832K Free: 91380K (76%)
----------------- Invoking toplevel() on ptolemy.moml.MoMLSimpleApplication@3e435acc
----------------- Done invoking toplevel() on ptolemy.moml.MoMLSimpleApplication@3e435acc
reloadAllAccessors: .GuardUsingPastTokens

===========================================================================================
----------------- testing Thu Aug 15 05:24:20 UTC 2019 /home/travis/build/icyphy/ptII/ptolemy/domains/hdf/kernel/test/auto/GuardWithResets.xml
----------------- Instantiating /home/travis/build/icyphy/ptII/ptolemy/domains/hdf/kernel/test/auto/GuardWithResets.xml
47 ms. Memory: 120832K Free: 74350K (62%)
----------------- Invoking toplevel() on ptolemy.moml.MoMLSimpleApplication@50b81fd4
----------------- Done invoking toplevel() on ptolemy.moml.MoMLSimpleApplication@50b81fd4
reloadAllAccessors: .GuardWithResets

===========================================================================================
----------------- testing Thu Aug 15 05:24:20 UTC 2019 /home/travis/build/icyphy/ptII/ptolemy/domains/hdf/kernel/test/auto/Hierarchy_2Level_Test1.xml
----------------- Instantiating /home/travis/build/icyphy/ptII/ptolemy/domains/hdf/kernel/test/auto/Hierarchy_2Level_Test1.xml
24 ms. Memory: 120832K Free: 56912K (47%)
----------------- Invoking toplevel() on ptolemy.moml.MoMLSimpleApplication@595956b2
----------------- Done invoking toplevel() on ptolemy.moml.MoMLSimpleApplication@595956b2
reloadAllAccessors: .Hierarchy_2Level_Test1

===========================================================================================
----------------- testing Thu Aug 15 05:24:20 UTC 2019 /home/travis/build/icyphy/ptII/ptolemy/domains/hdf/kernel/test/auto/Hierarchy_2Level_Test2.xml
----------------- Instantiating /home/travis/build/icyphy/ptII/ptolemy/domains/hdf/kernel/test/auto/Hierarchy_2Level_Test2.xml
36 ms. Memory: 120832K Free: 38860K (32%)
----------------- Invoking toplevel() on ptolemy.moml.MoMLSimpleApplication@3bde044d
----------------- Done invoking toplevel() on ptolemy.moml.MoMLSimpleApplication@3bde044d
reloadAllAccessors: .Hierarchy_4Level_Test2

===========================================================================================
----------------- testing Thu Aug 15 05:24:20 UTC 2019 /home/travis/build/icyphy/ptII/ptolemy/domains/hdf/kernel/test/auto/Hysteresis.xml
----------------- Instantiating /home/travis/build/icyphy/ptII/ptolemy/domains/hdf/kernel/test/auto/Hysteresis.xml
20 ms. Memory: 120832K Free: 98077K (81%)
----------------- Invoking toplevel() on ptolemy.moml.MoMLSimpleApplication@7db44052
----------------- Done invoking toplevel() on ptolemy.moml.MoMLSimpleApplication@7db44052
reloadAllAccessors: .Hysteresis

===========================================================================================
----------------- testing Thu Aug 15 05:24:21 UTC 2019 /home/travis/build/icyphy/ptII/ptolemy/domains/hdf/kernel/test/auto/InitTransient.xml
----------------- Instantiating /home/travis/build/icyphy/ptII/ptolemy/domains/hdf/kernel/test/auto/InitTransient.xml
34 ms. Memory: 120832K Free: 78607K (65%)
----------------- Invoking toplevel() on ptolemy.moml.MoMLSimpleApplication@67ad8567
----------------- Done invoking toplevel() on ptolemy.moml.MoMLSimpleApplication@67ad8567
reloadAllAccessors: .InitTransient

===========================================================================================
----------------- testing Thu Aug 15 05:24:21 UTC 2019 /home/travis/build/icyphy/ptII/ptolemy/domains/hdf/kernel/test/auto/Merge.xml
----------------- Instantiating /home/travis/build/icyphy/ptII/ptolemy/domains/hdf/kernel/test/auto/Merge.xml
28 ms. Memory: 120832K Free: 61221K (51%)
----------------- Invoking toplevel() on ptolemy.moml.MoMLSimpleApplication@656aaaed
----------------- Done invoking toplevel() on ptolemy.moml.MoMLSimpleApplication@656aaaed
reloadAllAccessors: .Merge

===========================================================================================
----------------- testing Thu Aug 15 05:24:21 UTC 2019 /home/travis/build/icyphy/ptII/ptolemy/domains/hdf/kernel/test/auto/ModalModelBooleanSwitch.xml
----------------- Instantiating /home/travis/build/icyphy/ptII/ptolemy/domains/hdf/kernel/test/auto/ModalModelBooleanSwitch.xml
27 ms. Memory: 120832K Free: 42309K (35%)
----------------- Invoking toplevel() on ptolemy.moml.MoMLSimpleApplication@74f7d5bd
----------------- Done invoking toplevel() on ptolemy.moml.MoMLSimpleApplication@74f7d5bd
reloadAllAccessors: .BooleanSwitchWithModel

===========================================================================================
----------------- testing Thu Aug 15 05:24:21 UTC 2019 /home/travis/build/icyphy/ptII/ptolemy/domains/hdf/kernel/test/auto/SameRates.xml
----------------- Instantiating /home/travis/build/icyphy/ptII/ptolemy/domains/hdf/kernel/test/auto/SameRates.xml
16 ms. Memory: 120832K Free: 98869K (82%)
----------------- Invoking toplevel() on ptolemy.moml.MoMLSimpleApplication@4bc91435
----------------- Done invoking toplevel() on ptolemy.moml.MoMLSimpleApplication@4bc91435
reloadAllAccessors: .SameRates

===========================================================================================
----------------- testing Thu Aug 15 05:24:21 UTC 2019 /home/travis/build/icyphy/ptII/ptolemy/domains/hdf/kernel/test/auto/SameRefinedRates.xml
----------------- Instantiating /home/travis/build/icyphy/ptII/ptolemy/domains/hdf/kernel/test/auto/SameRefinedRates.xml
14 ms. Memory: 120832K Free: 85587K (71%)
----------------- Invoking toplevel() on ptolemy.moml.MoMLSimpleApplication@20fbfb02
----------------- Done invoking toplevel() on ptolemy.moml.MoMLSimpleApplication@20fbfb02
reloadAllAccessors: .SameRefinedRates

===========================================================================================
----------------- testing Thu Aug 15 05:24:21 UTC 2019 /home/travis/build/icyphy/ptII/ptolemy/domains/hdf/kernel/test/auto/SameRefinedRates2.xml
----------------- Instantiating /home/travis/build/icyphy/ptII/ptolemy/domains/hdf/kernel/test/auto/SameRefinedRates2.xml
16 ms. Memory: 120832K Free: 71231K (59%)
----------------- Invoking toplevel() on ptolemy.moml.MoMLSimpleApplication@593cbe33
----------------- Done invoking toplevel() on ptolemy.moml.MoMLSimpleApplication@593cbe33
reloadAllAccessors: .SameRefinedRates2

===========================================================================================
----------------- testing Thu Aug 15 05:24:21 UTC 2019 /home/travis/build/icyphy/ptII/ptolemy/domains/hdf/kernel/test/auto/TransientStates.xml
----------------- Instantiating /home/travis/build/icyphy/ptII/ptolemy/domains/hdf/kernel/test/auto/TransientStates.xml
38 ms. Memory: 120832K Free: 52326K (43%)
----------------- Invoking toplevel() on ptolemy.moml.MoMLSimpleApplication@171513f5
----------------- Done invoking toplevel() on ptolemy.moml.MoMLSimpleApplication@171513f5
reloadAllAccessors: .TransientStates

===========================================================================================
----------------- testing Thu Aug 15 05:24:21 UTC 2019 /home/travis/build/icyphy/ptII/ptolemy/domains/hdf/kernel/test/auto/TwoHammingCodec.xml
----------------- Instantiating /home/travis/build/icyphy/ptII/ptolemy/domains/hdf/kernel/test/auto/TwoHammingCodec.xml
51 ms. Memory: 120832K Free: 101805K (84%)
----------------- Invoking toplevel() on ptolemy.moml.MoMLSimpleApplication@594e6e24
----------------- Done invoking toplevel() on ptolemy.moml.MoMLSimpleApplication@594e6e24
reloadAllAccessors: .TwoHammingCodec

===========================================================================================
----------------- testing Thu Aug 15 05:24:21 UTC 2019 /home/travis/build/icyphy/ptII/ptolemy/domains/hdf/kernel/test/auto/TwoHammingCodec1.xml
----------------- Instantiating /home/travis/build/icyphy/ptII/ptolemy/domains/hdf/kernel/test/auto/TwoHammingCodec1.xml
49 ms. Memory: 120832K Free: 78047K (65%)
----------------- Invoking toplevel() on ptolemy.moml.MoMLSimpleApplication@7b23a7d3
----------------- Done invoking toplevel() on ptolemy.moml.MoMLSimpleApplication@7b23a7d3
reloadAllAccessors: .twoHammingCodec1

===========================================================================================
----------------- testing Thu Aug 15 05:24:21 UTC 2019 /home/travis/build/icyphy/ptII/ptolemy/domains/hdf/kernel/test/auto/TwoLevelHierarchy.xml
----------------- Instantiating /home/travis/build/icyphy/ptII/ptolemy/domains/hdf/kernel/test/auto/TwoLevelHierarchy.xml
74 ms. Memory: 120832K Free: 104837K (87%)
----------------- Invoking toplevel() on ptolemy.moml.MoMLSimpleApplication@56dfc0fd
----------------- Done invoking toplevel() on ptolemy.moml.MoMLSimpleApplication@56dfc0fd
reloadAllAccessors: .TwoLevelHierarchy

===========================================================================================
----------------- testing Thu Aug 15 05:24:21 UTC 2019 /home/travis/build/icyphy/ptII/ptolemy/domains/hdf/kernel/test/auto/TwoLevelHierarchy1.xml
----------------- Instantiating /home/travis/build/icyphy/ptII/ptolemy/domains/hdf/kernel/test/auto/TwoLevelHierarchy1.xml
61 ms. Memory: 120832K Free: 62127K (51%)
----------------- Invoking toplevel() on ptolemy.moml.MoMLSimpleApplication@622648fe
----------------- Done invoking toplevel() on ptolemy.moml.MoMLSimpleApplication@622648fe
reloadAllAccessors: .TwoLevelHierarchy1

===========================================================================================
----------------- testing Thu Aug 15 05:24:22 UTC 2019 /home/travis/build/icyphy/ptII/ptolemy/domains/hdf/kernel/test/auto/TwoLevelHierarchy2.xml
----------------- Instantiating /home/travis/build/icyphy/ptII/ptolemy/domains/hdf/kernel/test/auto/TwoLevelHierarchy2.xml
77 ms. Memory: 145408K Free: 122586K (84%)
----------------- Invoking toplevel() on ptolemy.moml.MoMLSimpleApplication@2bcf29ea
----------------- Done invoking toplevel() on ptolemy.moml.MoMLSimpleApplication@2bcf29ea
reloadAllAccessors: .TwoLevelHierarchy2

===========================================================================================
----------------- testing Thu Aug 15 05:24:22 UTC 2019 /home/travis/build/icyphy/ptII/ptolemy/domains/hdf/kernel/test/auto/TwoLevelHierarchyNullStates.xml
----------------- Instantiating /home/travis/build/icyphy/ptII/ptolemy/domains/hdf/kernel/test/auto/TwoLevelHierarchyNullStates.xml
45 ms. Memory: 145408K Free: 72977K (50%)
----------------- Invoking toplevel() on ptolemy.moml.MoMLSimpleApplication@2c4a1396
----------------- Done invoking toplevel() on ptolemy.moml.MoMLSimpleApplication@2c4a1396
reloadAllAccessors: .TwoLevelHierarchyNullStates

===========================================================================================
----------------- testing Thu Aug 15 05:24:22 UTC 2019 /home/travis/build/icyphy/ptII/ptolemy/domains/hdf/kernel/test/auto/TwoLevelHierarchyWithResets.xml
----------------- Instantiating /home/travis/build/icyphy/ptII/ptolemy/domains/hdf/kernel/test/auto/TwoLevelHierarchyWithResets.xml
75 ms. Memory: 145408K Free: 113231K (78%)
----------------- Invoking toplevel() on ptolemy.moml.MoMLSimpleApplication@7a7cb131
----------------- Done invoking toplevel() on ptolemy.moml.MoMLSimpleApplication@7a7cb131
reloadAllAccessors: .TwoLevelHierarchy1

===========================================================================================
----------------- testing Thu Aug 15 05:24:22 UTC 2019 /home/travis/build/icyphy/ptII/ptolemy/domains/hdf/kernel/test/auto/TwoLevelHierarchyWithResetsNullStates.xml
----------------- Instantiating /home/travis/build/icyphy/ptII/ptolemy/domains/hdf/kernel/test/auto/TwoLevelHierarchyWithResetsNullStates.xml
68 ms. Memory: 145408K Free: 53973K (37%)
----------------- Invoking toplevel() on ptolemy.moml.MoMLSimpleApplication@76ff5b1d
----------------- Done invoking toplevel() on ptolemy.moml.MoMLSimpleApplication@76ff5b1d
reloadAllAccessors: .TwoLevelHierarchyWithResetsNullStates

===========================================================================================
----------------- testing Thu Aug 15 05:24:22 UTC 2019 /home/travis/build/icyphy/ptII/ptolemy/domains/hdf/kernel/test/auto/WaterTank_HDF.xml
----------------- Instantiating /home/travis/build/icyphy/ptII/ptolemy/domains/hdf/kernel/test/auto/WaterTank_HDF.xml
38 ms. Memory: 145408K Free: 110303K (76%)
----------------- Invoking toplevel() on ptolemy.moml.MoMLSimpleApplication@20ee0e01
----------------- Done invoking toplevel() on ptolemy.moml.MoMLSimpleApplication@20ee0e01
reloadAllAccessors: .WaterTank_HDF

===========================================================================================
----------------- testing Thu Aug 15 05:24:22 UTC 2019 /home/travis/build/icyphy/ptII/ptolemy/domains/hdf/kernel/test/auto/WaterTank_HDF2.xml
----------------- Instantiating /home/travis/build/icyphy/ptII/ptolemy/domains/hdf/kernel/test/auto/WaterTank_HDF2.xml
42 ms. Memory: 145408K Free: 78559K (54%)
----------------- Invoking toplevel() on ptolemy.moml.MoMLSimpleApplication@22ad1f7e
----------------- Done invoking toplevel() on ptolemy.moml.MoMLSimpleApplication@22ad1f7e
reloadAllAccessors: .WaterTank_HDF2

===========================================================================================
----------------- testing Thu Aug 15 05:24:23 UTC 2019 /home/travis/build/icyphy/ptII/ptolemy/domains/hdf/kernel/test/auto/badFSMRateChanges.xml
----------------- Instantiating /home/travis/build/icyphy/ptII/ptolemy/domains/hdf/kernel/test/auto/badFSMRateChanges.xml
12 ms. Memory: 145408K Free: 64223K (44%)
----------------- Invoking toplevel() on ptolemy.moml.MoMLSimpleApplication@8869f71
----------------- Done invoking toplevel() on ptolemy.moml.MoMLSimpleApplication@8869f71
reloadAllAccessors: .badFSMRateChanges
AutoTests.java: About to close Vertx.
AutoTests.java: Vertx closed.
]]></system-out>
  <system-err><![CDATA[]]></system-err>
</testsuite>
