<?xml version="1.0" encoding="UTF-8" ?>
<testsuite errors="0" failures="0" hostname="travis-job-1ab238d3-37d9-44dd-b013-5084e003e5cc" name="ptolemy.domains.de.test.junit.JUnitTclTest" skipped="0" tests="101" time="131.8" timestamp="2019-07-06T06:33:57">
  <properties>
[...]
</properties>
  <testcase classname="ptolemy.util.test.junit.TclTests" name="[0] /home/travis/build/icyphy/ptII/ptolemy/domains/de/test/DependencyLoop.tcl (RunTclFile)" time="1.041" />
  <testcase classname="ptolemy.util.test.junit.TclTests" name="[1] /home/travis/build/icyphy/ptII/ptolemy/domains/de/test/RunDETestsAsQSS.tcl (RunTclFile)" time="89.623" />
  <testcase classname="ptolemy.util.test.junit.AutoKnownFailedTests" name="[0] /home/travis/build/icyphy/ptII/ptolemy/domains/de/test/auto/knownFailedTests/DESDFClockTest.xml (RunModel)" time="2.039" />
  <testcase classname="ptolemy.util.test.junit.AutoKnownFailedTests" name="[1] /home/travis/build/icyphy/ptII/ptolemy/domains/de/test/auto/knownFailedTests/DirectFeedback.xml (RunModel)" time="0.015" />
  <testcase classname="ptolemy.util.test.junit.AutoKnownFailedTests" name="[2] /home/travis/build/icyphy/ptII/ptolemy/domains/de/test/auto/knownFailedTests/FSMSource.xml (RunModel)" time="0.039" />
  <testcase classname="ptolemy.util.test.junit.AutoKnownFailedTests" name="[3] /home/travis/build/icyphy/ptII/ptolemy/domains/de/test/auto/knownFailedTests/HierarchicalModel.xml (RunModel)" time="0.056" />
  <testcase classname="ptolemy.util.test.junit.AutoKnownFailedTests" name="[4] /home/travis/build/icyphy/ptII/ptolemy/domains/de/test/auto/knownFailedTests/dependencyLoop.xml (RunModel)" time="0.044" />
  <testcase classname="ptolemy.util.test.junit.AutoKnownFailedTests" name="[5] /home/travis/build/icyphy/ptII/ptolemy/domains/de/test/auto/knownFailedTests/dependencyLoop2.xml (RunModel)" time="0.044" />
  <testcase classname="ptolemy.util.test.junit.AutoNameArchTests" name="[0] ThereAreNoAutoArchTests (RunModel)" time="0.001" />
  <testcase classname="ptolemy.util.test.junit.AutoTests" name="[0] /home/travis/build/icyphy/ptII/ptolemy/domains/de/test/auto/ActorDepthCalculation_actorWithoutPorts.xml (RunModel)" time="0.024" />
  <testcase classname="ptolemy.util.test.junit.AutoTests" name="[1] /home/travis/build/icyphy/ptII/ptolemy/domains/de/test/auto/AssemblyLine.xml (RunModel)" time="0.022" />
  <testcase classname="ptolemy.util.test.junit.AutoTests" name="[2] /home/travis/build/icyphy/ptII/ptolemy/domains/de/test/auto/CQBug1.xml (RunModel)" time="0.011" />
  <testcase classname="ptolemy.util.test.junit.AutoTests" name="[3] /home/travis/build/icyphy/ptII/ptolemy/domains/de/test/auto/CancelFireAt.xml (RunModel)" time="0.017" />
  <testcase classname="ptolemy.util.test.junit.AutoTests" name="[4] /home/travis/build/icyphy/ptII/ptolemy/domains/de/test/auto/CausalityAndComposabilityAnalysis.xml (RunModel)" time="0.02" />
  <testcase classname="ptolemy.util.test.junit.AutoTests" name="[5] /home/travis/build/icyphy/ptII/ptolemy/domains/de/test/auto/CausalityInterface1.xml (RunModel)" time="0.02" />
  <testcase classname="ptolemy.util.test.junit.AutoTests" name="[6] /home/travis/build/icyphy/ptII/ptolemy/domains/de/test/auto/CausalityInterface15.xml (RunModel)" time="0.021" />
  <testcase classname="ptolemy.util.test.junit.AutoTests" name="[7] /home/travis/build/icyphy/ptII/ptolemy/domains/de/test/auto/CausalityInterface2.xml (RunModel)" time="0.013" />
  <testcase classname="ptolemy.util.test.junit.AutoTests" name="[8] /home/travis/build/icyphy/ptII/ptolemy/domains/de/test/auto/CausalityInterface3.xml (RunModel)" time="0.012" />
  <testcase classname="ptolemy.util.test.junit.AutoTests" name="[9] /home/travis/build/icyphy/ptII/ptolemy/domains/de/test/auto/ClockDrift.xml (RunModel)" time="0.037" />
  <testcase classname="ptolemy.util.test.junit.AutoTests" name="[10] /home/travis/build/icyphy/ptII/ptolemy/domains/de/test/auto/ClockDriftAndValueChange.xml (RunModel)" time="0.033" />
  <testcase classname="ptolemy.util.test.junit.AutoTests" name="[11] /home/travis/build/icyphy/ptII/ptolemy/domains/de/test/auto/ClockDriftChange.xml (RunModel)" time="0.021" />
  <testcase classname="ptolemy.util.test.junit.AutoTests" name="[12] /home/travis/build/icyphy/ptII/ptolemy/domains/de/test/auto/ComposableCausalityAnalysis.xml (RunModel)" time="0.022" />
  <testcase classname="ptolemy.util.test.junit.AutoTests" name="[13] /home/travis/build/icyphy/ptII/ptolemy/domains/de/test/auto/DEFixedPointLimitation.xml (RunModel)" time="0.009" />
  <testcase classname="ptolemy.util.test.junit.AutoTests" name="[14] /home/travis/build/icyphy/ptII/ptolemy/domains/de/test/auto/DEScheduleTest.xml (RunModel)" time="0.013" />
  <testcase classname="ptolemy.util.test.junit.AutoTests" name="[15] /home/travis/build/icyphy/ptII/ptolemy/domains/de/test/auto/DEinDEwithStartTimes.xml (RunModel)" time="0.018" />
  <testcase classname="ptolemy.util.test.junit.AutoTests" name="[16] /home/travis/build/icyphy/ptII/ptolemy/domains/de/test/auto/DEinDEwithStartTimes2.xml (RunModel)" time="0.015" />
  <testcase classname="ptolemy.util.test.junit.AutoTests" name="[17] /home/travis/build/icyphy/ptII/ptolemy/domains/de/test/auto/DateDemo.xml (RunModel)" time="0.04" />
  <testcase classname="ptolemy.util.test.junit.AutoTests" name="[18] /home/travis/build/icyphy/ptII/ptolemy/domains/de/test/auto/DateToEvent.xml (RunModel)" time="2.044" />
  <testcase classname="ptolemy.util.test.junit.AutoTests" name="[19] /home/travis/build/icyphy/ptII/ptolemy/domains/de/test/auto/DepthTest1.xml (RunModel)" time="0.012" />
  <testcase classname="ptolemy.util.test.junit.AutoTests" name="[20] /home/travis/build/icyphy/ptII/ptolemy/domains/de/test/auto/DepthTest2.xml (RunModel)" time="0.017" />
  <testcase classname="ptolemy.util.test.junit.AutoTests" name="[21] /home/travis/build/icyphy/ptII/ptolemy/domains/de/test/auto/DepthTest3.xml (RunModel)" time="0.012" />
  <testcase classname="ptolemy.util.test.junit.AutoTests" name="[22] /home/travis/build/icyphy/ptII/ptolemy/domains/de/test/auto/DepthTest4.xml (RunModel)" time="0.012" />
  <testcase classname="ptolemy.util.test.junit.AutoTests" name="[23] /home/travis/build/icyphy/ptII/ptolemy/domains/de/test/auto/DepthTest5.xml (RunModel)" time="0.023" />
  <testcase classname="ptolemy.util.test.junit.AutoTests" name="[24] /home/travis/build/icyphy/ptII/ptolemy/domains/de/test/auto/DepthTest6.xml (RunModel)" time="0.018" />
  <testcase classname="ptolemy.util.test.junit.AutoTests" name="[25] /home/travis/build/icyphy/ptII/ptolemy/domains/de/test/auto/DepthTest7.xml (RunModel)" time="0.012" />
  <testcase classname="ptolemy.util.test.junit.AutoTests" name="[26] /home/travis/build/icyphy/ptII/ptolemy/domains/de/test/auto/EventToDate.xml (RunModel)" time="3.04" />
  <testcase classname="ptolemy.util.test.junit.AutoTests" name="[27] /home/travis/build/icyphy/ptII/ptolemy/domains/de/test/auto/FSM1.xml (RunModel)" time="0.054" />
  <testcase classname="ptolemy.util.test.junit.AutoTests" name="[28] /home/travis/build/icyphy/ptII/ptolemy/domains/de/test/auto/FSM7.xml (RunModel)" time="0.045" />
  <testcase classname="ptolemy.util.test.junit.AutoTests" name="[29] /home/travis/build/icyphy/ptII/ptolemy/domains/de/test/auto/Inspection.xml (RunModel)" time="0.071" />
  <testcase classname="ptolemy.util.test.junit.AutoTests" name="[30] /home/travis/build/icyphy/ptII/ptolemy/domains/de/test/auto/Iteration.xml (RunModel)" time="0.034" />
  <testcase classname="ptolemy.util.test.junit.AutoTests" name="[31] /home/travis/build/icyphy/ptII/ptolemy/domains/de/test/auto/LineFault.xml (RunModel)" time="0.616" />
  <testcase classname="ptolemy.util.test.junit.AutoTests" name="[32] /home/travis/build/icyphy/ptII/ptolemy/domains/de/test/auto/MergeModel1Add.xml (RunModel)" time="0.055" />
  <testcase classname="ptolemy.util.test.junit.AutoTests" name="[33] /home/travis/build/icyphy/ptII/ptolemy/domains/de/test/auto/MergeModel2Add.xml (RunModel)" time="0.034" />
  <testcase classname="ptolemy.util.test.junit.AutoTests" name="[34] /home/travis/build/icyphy/ptII/ptolemy/domains/de/test/auto/MergeModel3Add.xml (RunModel)" time="0.048" />
  <testcase classname="ptolemy.util.test.junit.AutoTests" name="[35] /home/travis/build/icyphy/ptII/ptolemy/domains/de/test/auto/MergeWithoutDiscard.xml (RunModel)" time="0.01" />
  <testcase classname="ptolemy.util.test.junit.AutoTests" name="[36] /home/travis/build/icyphy/ptII/ptolemy/domains/de/test/auto/Modal1.xml (RunModel)" time="0.034" />
  <testcase classname="ptolemy.util.test.junit.AutoTests" name="[37] /home/travis/build/icyphy/ptII/ptolemy/domains/de/test/auto/Modal2.xml (RunModel)" time="0.027" />
  <testcase classname="ptolemy.util.test.junit.AutoTests" name="[38] /home/travis/build/icyphy/ptII/ptolemy/domains/de/test/auto/Modal3.xml (RunModel)" time="0.034" />
  <testcase classname="ptolemy.util.test.junit.AutoTests" name="[39] /home/travis/build/icyphy/ptII/ptolemy/domains/de/test/auto/Modal4.xml (RunModel)" time="0.031" />
  <testcase classname="ptolemy.util.test.junit.AutoTests" name="[40] /home/travis/build/icyphy/ptII/ptolemy/domains/de/test/auto/Modal5.xml (RunModel)" time="0.028" />
  <testcase classname="ptolemy.util.test.junit.AutoTests" name="[41] /home/travis/build/icyphy/ptII/ptolemy/domains/de/test/auto/Modal6.xml (RunModel)" time="0.033" />
  <testcase classname="ptolemy.util.test.junit.AutoTests" name="[42] /home/travis/build/icyphy/ptII/ptolemy/domains/de/test/auto/Modal7.xml (RunModel)" time="0.027" />
  <testcase classname="ptolemy.util.test.junit.AutoTests" name="[43] /home/travis/build/icyphy/ptII/ptolemy/domains/de/test/auto/ModalModel.xml (RunModel)" time="0.177" />
  <testcase classname="ptolemy.util.test.junit.AutoTests" name="[44] /home/travis/build/icyphy/ptII/ptolemy/domains/de/test/auto/ModalSource.xml (RunModel)" time="0.018" />
  <testcase classname="ptolemy.util.test.junit.AutoTests" name="[45] /home/travis/build/icyphy/ptII/ptolemy/domains/de/test/auto/NonInterruptibleTimerZeroDelay.xml (RunModel)" time="0.019" />
  <testcase classname="ptolemy.util.test.junit.AutoTests" name="[46] /home/travis/build/icyphy/ptII/ptolemy/domains/de/test/auto/OpenQueueingNetwork.xml (RunModel)" time="2.342" />
  <testcase classname="ptolemy.util.test.junit.AutoTests" name="[47] /home/travis/build/icyphy/ptII/ptolemy/domains/de/test/auto/OpenQueuingNetwork.xml (RunModel)" time="0.251" />
  <testcase classname="ptolemy.util.test.junit.AutoTests" name="[48] /home/travis/build/icyphy/ptII/ptolemy/domains/de/test/auto/PeriodicSampler.xml (RunModel)" time="0.013" />
  <testcase classname="ptolemy.util.test.junit.AutoTests" name="[49] /home/travis/build/icyphy/ptII/ptolemy/domains/de/test/auto/PersistentIO.xml (RunModel)" time="0.019" />
  <testcase classname="ptolemy.util.test.junit.AutoTests" name="[50] /home/travis/build/icyphy/ptII/ptolemy/domains/de/test/auto/PortParameterResetOnInitialize.xml (RunModel)" time="0.009" />
  <testcase classname="ptolemy.util.test.junit.AutoTests" name="[51] /home/travis/build/icyphy/ptII/ptolemy/domains/de/test/auto/PortParameterUpdates.xml (RunModel)" time="0.013" />
  <testcase classname="ptolemy.util.test.junit.AutoTests" name="[52] /home/travis/build/icyphy/ptII/ptolemy/domains/de/test/auto/QueueAndServer.xml (RunModel)" time="0.02" />
  <testcase classname="ptolemy.util.test.junit.AutoTests" name="[53] /home/travis/build/icyphy/ptII/ptolemy/domains/de/test/auto/Records.xml (RunModel)" time="0.016" />
  <testcase classname="ptolemy.util.test.junit.AutoTests" name="[54] /home/travis/build/icyphy/ptII/ptolemy/domains/de/test/auto/ResetTransitionWithStartTime1.xml (RunModel)" time="0.018" />
  <testcase classname="ptolemy.util.test.junit.AutoTests" name="[55] /home/travis/build/icyphy/ptII/ptolemy/domains/de/test/auto/ResetTransitionWithStartTime2.xml (RunModel)" time="0.018" />
  <testcase classname="ptolemy.util.test.junit.AutoTests" name="[56] /home/travis/build/icyphy/ptII/ptolemy/domains/de/test/auto/ResetTransitionWithStartTime3.xml (RunModel)" time="0.02" />
  <testcase classname="ptolemy.util.test.junit.AutoTests" name="[57] /home/travis/build/icyphy/ptII/ptolemy/domains/de/test/auto/ResetTransitionWithStartTime4.xml (RunModel)" time="0.02" />
  <testcase classname="ptolemy.util.test.junit.AutoTests" name="[58] /home/travis/build/icyphy/ptII/ptolemy/domains/de/test/auto/ResettableTimer1.xml (RunModel)" time="0.009" />
  <testcase classname="ptolemy.util.test.junit.AutoTests" name="[59] /home/travis/build/icyphy/ptII/ptolemy/domains/de/test/auto/ResettableTimer2.xml (RunModel)" time="0.008" />
  <testcase classname="ptolemy.util.test.junit.AutoTests" name="[60] /home/travis/build/icyphy/ptII/ptolemy/domains/de/test/auto/ResettableTimer3.xml (RunModel)" time="0.01" />
  <testcase classname="ptolemy.util.test.junit.AutoTests" name="[61] /home/travis/build/icyphy/ptII/ptolemy/domains/de/test/auto/ResettableTimer4.xml (RunModel)" time="0.01" />
  <testcase classname="ptolemy.util.test.junit.AutoTests" name="[62] /home/travis/build/icyphy/ptII/ptolemy/domains/de/test/auto/ResettableTimer5.xml (RunModel)" time="0.01" />
  <testcase classname="ptolemy.util.test.junit.AutoTests" name="[63] /home/travis/build/icyphy/ptII/ptolemy/domains/de/test/auto/ResettableTimer6.xml (RunModel)" time="0.015" />
  <testcase classname="ptolemy.util.test.junit.AutoTests" name="[64] /home/travis/build/icyphy/ptII/ptolemy/domains/de/test/auto/ServerZeroDelay.xml (RunModel)" time="0.011" />
  <testcase classname="ptolemy.util.test.junit.AutoTests" name="[65] /home/travis/build/icyphy/ptII/ptolemy/domains/de/test/auto/SmartSender.xml (RunModel)" time="3.01" />
  <testcase classname="ptolemy.util.test.junit.AutoTests" name="[66] /home/travis/build/icyphy/ptII/ptolemy/domains/de/test/auto/ThreadedComposite.xml (RunModel)" time="0.163" />
  <testcase classname="ptolemy.util.test.junit.AutoTests" name="[67] /home/travis/build/icyphy/ptII/ptolemy/domains/de/test/auto/Time.xml (RunModel)" time="0.415" />
  <testcase classname="ptolemy.util.test.junit.AutoTests" name="[68] /home/travis/build/icyphy/ptII/ptolemy/domains/de/test/auto/TimeDelayZeroDelay.xml (RunModel)" time="0.017" />
  <testcase classname="ptolemy.util.test.junit.AutoTests" name="[69] /home/travis/build/icyphy/ptII/ptolemy/domains/de/test/auto/TimerZeroDelay.xml (RunModel)" time="0.01" />
  <testcase classname="ptolemy.util.test.junit.AutoTests" name="[70] /home/travis/build/icyphy/ptII/ptolemy/domains/de/test/auto/TimingParadox.xml (RunModel)" time="0.377" />
  <testcase classname="ptolemy.util.test.junit.AutoTests" name="[71] /home/travis/build/icyphy/ptII/ptolemy/domains/de/test/auto/TransferInputs.xml (RunModel)" time="0.01" />
  <testcase classname="ptolemy.util.test.junit.AutoTests" name="[72] /home/travis/build/icyphy/ptII/ptolemy/domains/de/test/auto/TransferOutputs2.xml (RunModel)" time="0.014" />
  <testcase classname="ptolemy.util.test.junit.AutoTests" name="[73] /home/travis/build/icyphy/ptII/ptolemy/domains/de/test/auto/Trilateration.xml (RunModel)" time="12.221" />
  <testcase classname="ptolemy.util.test.junit.AutoTests" name="[74] /home/travis/build/icyphy/ptII/ptolemy/domains/de/test/auto/TwoSigmaDelta.xml (RunModel)" time="2.061" />
  <testcase classname="ptolemy.util.test.junit.AutoTests" name="[75] /home/travis/build/icyphy/ptII/ptolemy/domains/de/test/auto/VariableDelay.xml (RunModel)" time="0.015" />
  <testcase classname="ptolemy.util.test.junit.AutoTests" name="[76] /home/travis/build/icyphy/ptII/ptolemy/domains/de/test/auto/VariableDelay2.xml (RunModel)" time="0.017" />
  <testcase classname="ptolemy.util.test.junit.AutoTests" name="[77] /home/travis/build/icyphy/ptII/ptolemy/domains/de/test/auto/VariableDelayZeroDelay.xml (RunModel)" time="0.026" />
  <testcase classname="ptolemy.util.test.junit.AutoTests" name="[78] /home/travis/build/icyphy/ptII/ptolemy/domains/de/test/auto/VariableDelayZeroDelay2.xml (RunModel)" time="0.013" />
  <testcase classname="ptolemy.util.test.junit.AutoTests" name="[79] /home/travis/build/icyphy/ptII/ptolemy/domains/de/test/auto/deInCt.xml (RunModel)" time="0.019" />
  <testcase classname="ptolemy.util.test.junit.AutoTests" name="[80] /home/travis/build/icyphy/ptII/ptolemy/domains/de/test/auto/deInCt2.xml (RunModel)" time="0.02" />
  <testcase classname="ptolemy.util.test.junit.AutoTests" name="[81] /home/travis/build/icyphy/ptII/ptolemy/domains/de/test/auto/dynamicCausalityInterface1.xml (RunModel)" time="0.029" />
  <testcase classname="ptolemy.util.test.junit.AutoTests" name="[82] /home/travis/build/icyphy/ptII/ptolemy/domains/de/test/auto/fsm_de_test.xml (RunModel)" time="0.038" />
  <testcase classname="ptolemy.util.test.junit.AutoTests" name="[83] /home/travis/build/icyphy/ptII/ptolemy/domains/de/test/auto/functionDependencyReconstruction.xml (RunModel)" time="0.079" />
  <testcase classname="ptolemy.util.test.junit.AutoTests" name="[84] /home/travis/build/icyphy/ptII/ptolemy/domains/de/test/auto/multirate.xml (RunModel)" time="0.042" />
  <testcase classname="ptolemy.util.test.junit.AutoTests" name="[85] /home/travis/build/icyphy/ptII/ptolemy/domains/de/test/auto/multirate2.xml (RunModel)" time="0.027" />
  <testcase classname="ptolemy.util.test.junit.AutoTests" name="[86] /home/travis/build/icyphy/ptII/ptolemy/domains/de/test/auto/realtime.xml (RunModel)" time="10.026" />
  <testcase classname="ptolemy.util.test.junit.AutoTests" name="[87] /home/travis/build/icyphy/ptII/ptolemy/domains/de/test/auto/relationGroup.xml (RunModel)" time="0.013" />
  <testcase classname="ptolemy.util.test.junit.AutoTests" name="[88] /home/travis/build/icyphy/ptII/ptolemy/domains/de/test/auto/relationGroup2.xml (RunModel)" time="0.008" />
  <testcase classname="ptolemy.util.test.junit.AutoTests" name="[89] /home/travis/build/icyphy/ptII/ptolemy/domains/de/test/auto/sortWithOpaquePorts.xml (RunModel)" time="0.01" />
  <testcase classname="ptolemy.util.test.junit.AutoTests" name="[90] /home/travis/build/icyphy/ptII/ptolemy/domains/de/test/auto/transferInputsandOutputs.xml (RunModel)" time="0.015" />
  <testcase classname="ptolemy.util.test.junit.AutoTests" name="[91] /home/travis/build/icyphy/ptII/ptolemy/domains/de/test/auto/triggerType.xml (RunModel)" time="0.012" />
  <system-out><![CDATA[/home/travis/build/icyphy/ptII/ptolemy/domains/de/test/DependencyLoop.tcl
testDefs.tcl: setting time out to 9000 seconds at Sat Jul 06 06:33:57 UTC 2019
90 ms. Memory: 120832K Free: 99135K (82%)
25 ms. Memory: 167936K Free: 150181K (89%)
/home/travis/build/icyphy/ptII/ptolemy/domains/de/test/RunDETestsAsQSS.tcl
Run the DE tests using ptolemy.domains.qss.test.QSSDirectorTest, which extends QSSDirector and prints a message in the constructors.
------------------ testing $PTII/ptolemy/domains/de/test/auto/knownFailedTests/DirectFeedback.xml (Known Failure) 
54 ms. Memory: 167936K Free: 144565K (86%)


==== $PTIIhome/travis/build/icyphy/ptII/ptolemy/domains/de/test/../../../../: Auto Automatic test in file $PTII/ptolemy/domains/de/test/auto/knownFailedTests/DirectFeedback.xml
==== Contents of test case:

	    # FIXME: we should use $relativeFilename here, but it
	    # might have backslashes under Windows, which causes no end
	    # of trouble.
	    createAndExecute $file
	    list {}
	
.... Test generated KNOWN error:
    while executing
ptolemy.kernel.util.IllegalActionException: Test fails in iteration 1.
Value was: 1.0. Should have been: 2.0
  in .DirectFeedback.Test
	at ptolemy.actor.lib.Test.fire(Test.java:268)
	at ptolemy.domains.de.kernel.DEDirector._fire(DEDirector.java:1949)
	at ptolemy.domains.de.kernel.DEDirector.fire(DEDirector.java:502)
	at ptolemy.actor.CompositeActor.fire(CompositeActor.java:455)
	at ptolemy.actor.Manager.iterate(Manager.java:851)
	at ptolemy.actor.Manager.execute(Manager.java:369)
	at ptolemy.actor.Manager.run(Manager.java:1263)
	at ptolemy.actor.Manager$PtolemyRunThread.run(Manager.java:1915)

    while executing
ptolemy.kernel.util.IllegalActionException: Test fails in iteration 1.
Value was: 1.0. Should have been: 2.0
  in .DirectFeedback.Test
    while executing
"java::new ptolemy.moml.MoMLSimpleApplication $file
"
    (procedure "createAndExecute" line 2)
    invoked from within
"createAndExecute $file"
    ("uplevel" body line 5)
    invoked from within
"uplevel $contents_of_test"
------------------ testing $PTII/ptolemy/domains/de/test/auto/knownFailedTests/dependencyLoop.xml (Known Failure) 
23 ms. Memory: 167936K Free: 141493K (84%)


==== $PTIIhome/travis/build/icyphy/ptII/ptolemy/domains/de/test/../../../../: Auto Automatic test in file $PTII/ptolemy/domains/de/test/auto/knownFailedTests/dependencyLoop.xml
==== Contents of test case:

	    # FIXME: we should use $relativeFilename here, but it
	    # might have backslashes under Windows, which causes no end
	    # of trouble.
	    createAndExecute $file
	    list {}
	
.... Test generated KNOWN error:
    while executing
ptolemy.kernel.util.IllegalActionException: Found a zero delay loop containing .dependencyLoop.original
  in .dependencyLoop and .dependencyLoop.original
	at ptolemy.actor.util.CausalityInterfaceForComposites._computeOutputPortDepth(CausalityInterfaceForComposites.java:759)
	at ptolemy.actor.util.CausalityInterfaceForComposites._computeInputDepth(CausalityInterfaceForComposites.java:696)
	at ptolemy.actor.util.CausalityInterfaceForComposites._computeOutputPortDepth(CausalityInterfaceForComposites.java:765)
	at ptolemy.actor.util.CausalityInterfaceForComposites._computeInputDepth(CausalityInterfaceForComposites.java:696)
	at ptolemy.actor.util.CausalityInterfaceForComposites._computeOutputPortDepth(CausalityInterfaceForComposites.java:765)
	at ptolemy.actor.util.CausalityInterfaceForComposites._computeInputDepth(CausalityInterfaceForComposites.java:696)
	at ptolemy.actor.util.CausalityInterfaceForComposites._computeActorDepth(CausalityInterfaceForComposites.java:532)
	at ptolemy.actor.util.CausalityInterfaceForComposites.checkForCycles(CausalityInterfaceForComposites.java:96)
	at ptolemy.domains.de.kernel.DEDirector.preinitialize(DEDirector.java:1338)
	at ptolemy.actor.CompositeActor.preinitialize(CompositeActor.java:1828)
	at ptolemy.actor.Manager.preinitializeAndResolveTypes(Manager.java:1040)
	at ptolemy.actor.Manager.initialize(Manager.java:710)
	at ptolemy.actor.Manager.execute(Manager.java:356)
	at ptolemy.actor.Manager.run(Manager.java:1263)
	at ptolemy.actor.Manager$PtolemyRunThread.run(Manager.java:1915)

    while executing
ptolemy.kernel.util.IllegalActionException: Found a zero delay loop containing .dependencyLoop.original
  in .dependencyLoop and .dependencyLoop.original
    while executing
"java::new ptolemy.moml.MoMLSimpleApplication $file
"
    (procedure "createAndExecute" line 2)
    invoked from within
"createAndExecute $file"
    ("uplevel" body line 5)
    invoked from within
"uplevel $contents_of_test"
------------------ testing $PTII/ptolemy/domains/de/test/auto/knownFailedTests/FSMSource.xml (Known Failure) 
89 ms. Memory: 167936K Free: 132773K (79%)
!!!! Auto was marked as failing, but now passes
------------------ testing $PTII/ptolemy/domains/de/test/auto/knownFailedTests/HierarchicalModel.xml (Known Failure) 
13 ms. Memory: 167936K Free: 115365K (69%)


==== $PTIIhome/travis/build/icyphy/ptII/ptolemy/domains/de/test/../../../../: Auto Automatic test in file $PTII/ptolemy/domains/de/test/auto/knownFailedTests/HierarchicalModel.xml
==== Contents of test case:

	    # FIXME: we should use $relativeFilename here, but it
	    # might have backslashes under Windows, which causes no end
	    # of trouble.
	    createAndExecute $file
	    list {}
	
.... Test generated KNOWN error:
    while executing
ptolemy.kernel.util.IllegalActionException: Found a zero delay loop containing .HierarchicalModel.A
  in .HierarchicalModel and .HierarchicalModel.A
	at ptolemy.actor.util.CausalityInterfaceForComposites._computeOutputPortDepth(CausalityInterfaceForComposites.java:759)
	at ptolemy.actor.util.CausalityInterfaceForComposites._computeInputDepth(CausalityInterfaceForComposites.java:696)
	at ptolemy.actor.util.CausalityInterfaceForComposites._computeOutputPortDepth(CausalityInterfaceForComposites.java:765)
	at ptolemy.actor.util.CausalityInterfaceForComposites._computeInputDepth(CausalityInterfaceForComposites.java:696)
	at ptolemy.actor.util.CausalityInterfaceForComposites._computeOutputPortDepth(CausalityInterfaceForComposites.java:765)
	at ptolemy.actor.util.CausalityInterfaceForComposites._computeInputDepth(CausalityInterfaceForComposites.java:696)
	at ptolemy.actor.util.CausalityInterfaceForComposites._computeActorDepth(CausalityInterfaceForComposites.java:532)
	at ptolemy.actor.util.CausalityInterfaceForComposites.checkForCycles(CausalityInterfaceForComposites.java:96)
	at ptolemy.domains.de.kernel.DEDirector.preinitialize(DEDirector.java:1338)
	at ptolemy.actor.CompositeActor.preinitialize(CompositeActor.java:1828)
	at ptolemy.actor.Manager.preinitializeAndResolveTypes(Manager.java:1040)
	at ptolemy.actor.Manager.initialize(Manager.java:710)
	at ptolemy.actor.Manager.execute(Manager.java:356)
	at ptolemy.actor.Manager.run(Manager.java:1263)
	at ptolemy.actor.Manager$PtolemyRunThread.run(Manager.java:1915)

    while executing
ptolemy.kernel.util.IllegalActionException: Found a zero delay loop containing .HierarchicalModel.A
  in .HierarchicalModel and .HierarchicalModel.A
    while executing
"java::new ptolemy.moml.MoMLSimpleApplication $file
"
    (procedure "createAndExecute" line 2)
    invoked from within
"createAndExecute $file"
    ("uplevel" body line 5)
    invoked from within
"uplevel $contents_of_test"
------------------ testing $PTII/ptolemy/domains/de/test/auto/knownFailedTests/dependencyLoop2.xml (Known Failure) 
14 ms. Memory: 167936K Free: 111797K (67%)


==== $PTIIhome/travis/build/icyphy/ptII/ptolemy/domains/de/test/../../../../: Auto Automatic test in file $PTII/ptolemy/domains/de/test/auto/knownFailedTests/dependencyLoop2.xml
==== Contents of test case:

	    # FIXME: we should use $relativeFilename here, but it
	    # might have backslashes under Windows, which causes no end
	    # of trouble.
	    createAndExecute $file
	    list {}
	
.... Test generated KNOWN error:
    while executing
ptolemy.kernel.util.IllegalActionException: Found a zero delay loop containing .dependencyLoop2.original
  in .dependencyLoop2 and .dependencyLoop2.original
	at ptolemy.actor.util.CausalityInterfaceForComposites._computeOutputPortDepth(CausalityInterfaceForComposites.java:759)
	at ptolemy.actor.util.CausalityInterfaceForComposites._computeInputDepth(CausalityInterfaceForComposites.java:696)
	at ptolemy.actor.util.CausalityInterfaceForComposites._computeOutputPortDepth(CausalityInterfaceForComposites.java:765)
	at ptolemy.actor.util.CausalityInterfaceForComposites._computeInputDepth(CausalityInterfaceForComposites.java:696)
	at ptolemy.actor.util.CausalityInterfaceForComposites._computeOutputPortDepth(CausalityInterfaceForComposites.java:765)
	at ptolemy.actor.util.CausalityInterfaceForComposites._computeInputDepth(CausalityInterfaceForComposites.java:696)
	at ptolemy.actor.util.CausalityInterfaceForComposites._computeActorDepth(CausalityInterfaceForComposites.java:532)
	at ptolemy.actor.util.CausalityInterfaceForComposites.checkForCycles(CausalityInterfaceForComposites.java:96)
	at ptolemy.domains.de.kernel.DEDirector.preinitialize(DEDirector.java:1338)
	at ptolemy.actor.CompositeActor.preinitialize(CompositeActor.java:1828)
	at ptolemy.actor.Manager.preinitializeAndResolveTypes(Manager.java:1040)
	at ptolemy.actor.Manager.initialize(Manager.java:710)
	at ptolemy.actor.Manager.execute(Manager.java:356)
	at ptolemy.actor.Manager.run(Manager.java:1263)
	at ptolemy.actor.Manager$PtolemyRunThread.run(Manager.java:1915)

    while executing
ptolemy.kernel.util.IllegalActionException: Found a zero delay loop containing .dependencyLoop2.original
  in .dependencyLoop2 and .dependencyLoop2.original
    while executing
"java::new ptolemy.moml.MoMLSimpleApplication $file
"
    (procedure "createAndExecute" line 2)
    invoked from within
"createAndExecute $file"
    ("uplevel" body line 5)
    invoked from within
"uplevel $contents_of_test"
------------------ testing $PTII/ptolemy/domains/de/test/auto/knownFailedTests/DESDFClockTest.xml (Known Failure) 
2069 ms. Memory: 167936K Free: 99509K (59%)


==== $PTIIhome/travis/build/icyphy/ptII/ptolemy/domains/de/test/../../../../: Auto Automatic test in file $PTII/ptolemy/domains/de/test/auto/knownFailedTests/DESDFClockTest.xml
==== Contents of test case:

	    # FIXME: we should use $relativeFilename here, but it
	    # might have backslashes under Windows, which causes no end
	    # of trouble.
	    createAndExecute $file
	    list {}
	
.... Test generated KNOWN error:
    while executing
ptolemy.kernel.util.IllegalActionException: Actor is not ready to fire.  Perhaps UpSample.prefire() returned false? Try debugging the actor by selecting "Listen to Actor".  Also, for SDF check moml for tokenConsumptionRate on input.
  in .DESDFClockTest.Play Bell.Copy1:SDF Director and .DESDFClockTest.Play Bell.UpSample
	at ptolemy.actor.sched.StaticSchedulingDirector.fire(StaticSchedulingDirector.java:227)
	at ptolemy.domains.sdf.kernel.SDFDirector.fire(SDFDirector.java:500)
	at ptolemy.actor.CompositeActor.fire(CompositeActor.java:455)
	at ptolemy.domains.de.kernel.DEDirector._fire(DEDirector.java:1949)
	at ptolemy.domains.de.kernel.DEDirector.fire(DEDirector.java:502)
	at ptolemy.actor.CompositeActor.fire(CompositeActor.java:455)
	at ptolemy.actor.Manager.iterate(Manager.java:851)
	at ptolemy.actor.Manager.execute(Manager.java:369)
	at ptolemy.actor.Manager.run(Manager.java:1263)
	at ptolemy.actor.Manager$PtolemyRunThread.run(Manager.java:1915)

    while executing
ptolemy.kernel.util.IllegalActionException: Actor is not ready to fire.  Perhaps UpSample.prefire() returned false? Try debugging the actor by selecting "Listen to Actor".  Also, for SDF check moml for tokenConsumptionRate on input.
  in .DESDFClockTest.Play Bell.Copy1:SDF Director and .DESDFClockTest.Play Bell.UpSample
    while executing
"java::new ptolemy.moml.MoMLSimpleApplication $file
"
    (procedure "createAndExecute" line 2)
    invoked from within
"createAndExecute $file"
    ("uplevel" body line 5)
    invoked from within
"uplevel $contents_of_test"
------------------ testing $PTII/ptolemy/domains/de/test/auto/ActorDepthCalculation_actorWithoutPorts.xml
auto.tcl: Setting watchdog for 200 seconds at Sat Jul 06 06:34:01 UTC 2019
11 ms. Memory: 167936K Free: 91813K (55%)
ptolemy.util.test.WatchDog.cancel(): canceling Sat Jul 06 06:34:01 UTC 2019
auto.tcl: Setting watchdog for 200 seconds at Sat Jul 06 06:34:01 UTC 2019
5 ms. Memory: 167936K Free: 90773K (54%)
ptolemy.util.test.WatchDog.cancel(): canceling Sat Jul 06 06:34:01 UTC 2019
------------------ testing $PTII/ptolemy/domains/de/test/auto/AssemblyLine.xml
auto.tcl: Setting watchdog for 200 seconds at Sat Jul 06 06:34:02 UTC 2019
25 ms. Memory: 45056K Free: 23795K (53%)
ptolemy.util.test.WatchDog.cancel(): canceling Sat Jul 06 06:34:02 UTC 2019
auto.tcl: Setting watchdog for 200 seconds at Sat Jul 06 06:34:02 UTC 2019
8 ms. Memory: 45056K Free: 23186K (51%)
ptolemy.util.test.WatchDog.cancel(): canceling Sat Jul 06 06:34:02 UTC 2019
------------------ testing $PTII/ptolemy/domains/de/test/auto/CQBug1.xml
auto.tcl: Setting watchdog for 200 seconds at Sat Jul 06 06:34:02 UTC 2019
3 ms. Memory: 45056K Free: 29318K (65%)
ptolemy.util.test.WatchDog.cancel(): canceling Sat Jul 06 06:34:02 UTC 2019
auto.tcl: Setting watchdog for 200 seconds at Sat Jul 06 06:34:02 UTC 2019
3 ms. Memory: 45056K Free: 28995K (64%)
ptolemy.util.test.WatchDog.cancel(): canceling Sat Jul 06 06:34:02 UTC 2019
------------------ testing $PTII/ptolemy/domains/de/test/auto/CancelFireAt.xml
auto.tcl: Setting watchdog for 200 seconds at Sat Jul 06 06:34:02 UTC 2019
13 ms. Memory: 45056K Free: 30260K (67%)
ptolemy.util.test.WatchDog.cancel(): canceling Sat Jul 06 06:34:02 UTC 2019
auto.tcl: Setting watchdog for 200 seconds at Sat Jul 06 06:34:02 UTC 2019
2 ms. Memory: 45056K Free: 29717K (66%)
ptolemy.util.test.WatchDog.cancel(): canceling Sat Jul 06 06:34:02 UTC 2019
------------------ testing $PTII/ptolemy/domains/de/test/auto/CausalityAndComposabilityAnalysis.xml
auto.tcl: Setting watchdog for 200 seconds at Sat Jul 06 06:34:02 UTC 2019
6 ms. Memory: 45056K Free: 28217K (63%)
ptolemy.util.test.WatchDog.cancel(): canceling Sat Jul 06 06:34:02 UTC 2019
auto.tcl: Setting watchdog for 200 seconds at Sat Jul 06 06:34:02 UTC 2019
13 ms. Memory: 45056K Free: 27654K (61%)
ptolemy.util.test.WatchDog.cancel(): canceling Sat Jul 06 06:34:02 UTC 2019
------------------ testing $PTII/ptolemy/domains/de/test/auto/CausalityInterface1.xml
auto.tcl: Setting watchdog for 200 seconds at Sat Jul 06 06:34:02 UTC 2019
31 ms. Memory: 45056K Free: 26835K (60%)
ptolemy.util.test.WatchDog.cancel(): canceling Sat Jul 06 06:34:02 UTC 2019
auto.tcl: Setting watchdog for 200 seconds at Sat Jul 06 06:34:02 UTC 2019
4 ms. Memory: 45056K Free: 25778K (57%)
ptolemy.util.test.WatchDog.cancel(): canceling Sat Jul 06 06:34:02 UTC 2019
------------------ testing $PTII/ptolemy/domains/de/test/auto/CausalityInterface15.xml
auto.tcl: Setting watchdog for 200 seconds at Sat Jul 06 06:34:02 UTC 2019
5 ms. Memory: 45056K Free: 26715K (59%)
ptolemy.util.test.WatchDog.cancel(): canceling Sat Jul 06 06:34:03 UTC 2019
auto.tcl: Setting watchdog for 200 seconds at Sat Jul 06 06:34:03 UTC 2019
4 ms. Memory: 45056K Free: 25966K (58%)
ptolemy.util.test.WatchDog.cancel(): canceling Sat Jul 06 06:34:03 UTC 2019
------------------ testing $PTII/ptolemy/domains/de/test/auto/CausalityInterface2.xml
auto.tcl: Setting watchdog for 200 seconds at Sat Jul 06 06:34:03 UTC 2019
4 ms. Memory: 45056K Free: 27764K (62%)
ptolemy.util.test.WatchDog.cancel(): canceling Sat Jul 06 06:34:03 UTC 2019
auto.tcl: Setting watchdog for 200 seconds at Sat Jul 06 06:34:03 UTC 2019
3 ms. Memory: 45056K Free: 27007K (60%)
ptolemy.util.test.WatchDog.cancel(): canceling Sat Jul 06 06:34:03 UTC 2019
------------------ testing $PTII/ptolemy/domains/de/test/auto/CausalityInterface3.xml
auto.tcl: Setting watchdog for 200 seconds at Sat Jul 06 06:34:03 UTC 2019
3 ms. Memory: 45056K Free: 27282K (61%)
ptolemy.util.test.WatchDog.cancel(): canceling Sat Jul 06 06:34:03 UTC 2019
auto.tcl: Setting watchdog for 200 seconds at Sat Jul 06 06:34:03 UTC 2019
3 ms. Memory: 45056K Free: 26741K (59%)
ptolemy.util.test.WatchDog.cancel(): canceling Sat Jul 06 06:34:03 UTC 2019
------------------ testing $PTII/ptolemy/domains/de/test/auto/ClockDrift.xml
auto.tcl: Setting watchdog for 200 seconds at Sat Jul 06 06:34:03 UTC 2019
101 ms. Memory: 45056K Free: 19746K (44%)
ptolemy.util.test.WatchDog.cancel(): canceling Sat Jul 06 06:34:03 UTC 2019
auto.tcl: Setting watchdog for 200 seconds at Sat Jul 06 06:34:03 UTC 2019
66 ms. Memory: 45056K Free: 16751K (37%)
ptolemy.util.test.WatchDog.cancel(): canceling Sat Jul 06 06:34:03 UTC 2019
------------------ testing $PTII/ptolemy/domains/de/test/auto/ClockDriftAndValueChange.xml
auto.tcl: Setting watchdog for 200 seconds at Sat Jul 06 06:34:03 UTC 2019
43 ms. Memory: 45056K Free: 20265K (45%)
ptolemy.util.test.WatchDog.cancel(): canceling Sat Jul 06 06:34:03 UTC 2019
auto.tcl: Setting watchdog for 200 seconds at Sat Jul 06 06:34:03 UTC 2019
30 ms. Memory: 45056K Free: 17083K (38%)
ptolemy.util.test.WatchDog.cancel(): canceling Sat Jul 06 06:34:03 UTC 2019
------------------ testing $PTII/ptolemy/domains/de/test/auto/ClockDriftChange.xml
auto.tcl: Setting watchdog for 200 seconds at Sat Jul 06 06:34:03 UTC 2019
22 ms. Memory: 45056K Free: 21989K (49%)
ptolemy.util.test.WatchDog.cancel(): canceling Sat Jul 06 06:34:03 UTC 2019
auto.tcl: Setting watchdog for 200 seconds at Sat Jul 06 06:34:03 UTC 2019
24 ms. Memory: 45056K Free: 19395K (43%)
ptolemy.util.test.WatchDog.cancel(): canceling Sat Jul 06 06:34:03 UTC 2019
------------------ testing $PTII/ptolemy/domains/de/test/auto/ComposableCausalityAnalysis.xml
auto.tcl: Setting watchdog for 200 seconds at Sat Jul 06 06:34:03 UTC 2019
3 ms. Memory: 45056K Free: 26265K (58%)
ptolemy.util.test.WatchDog.cancel(): canceling Sat Jul 06 06:34:03 UTC 2019
auto.tcl: Setting watchdog for 200 seconds at Sat Jul 06 06:34:03 UTC 2019
2 ms. Memory: 45056K Free: 25269K (56%)
ptolemy.util.test.WatchDog.cancel(): canceling Sat Jul 06 06:34:03 UTC 2019
------------------ testing $PTII/ptolemy/domains/de/test/auto/DEFixedPointLimitation.xml
auto.tcl: Setting watchdog for 200 seconds at Sat Jul 06 06:34:03 UTC 2019
2 ms. Memory: 45056K Free: 27662K (61%)
ptolemy.util.test.WatchDog.cancel(): canceling Sat Jul 06 06:34:03 UTC 2019
auto.tcl: Setting watchdog for 200 seconds at Sat Jul 06 06:34:03 UTC 2019
4 ms. Memory: 45056K Free: 26930K (60%)
ptolemy.util.test.WatchDog.cancel(): canceling Sat Jul 06 06:34:03 UTC 2019
------------------ testing $PTII/ptolemy/domains/de/test/auto/DEScheduleTest.xml
auto.tcl: Setting watchdog for 200 seconds at Sat Jul 06 06:34:03 UTC 2019
9 ms. Memory: 45056K Free: 28088K (62%)
ptolemy.util.test.WatchDog.cancel(): canceling Sat Jul 06 06:34:03 UTC 2019
auto.tcl: Setting watchdog for 200 seconds at Sat Jul 06 06:34:03 UTC 2019
3 ms. Memory: 45056K Free: 27267K (61%)
ptolemy.util.test.WatchDog.cancel(): canceling Sat Jul 06 06:34:04 UTC 2019
------------------ testing $PTII/ptolemy/domains/de/test/auto/DEinDEwithStartTimes.xml
auto.tcl: Setting watchdog for 200 seconds at Sat Jul 06 06:34:04 UTC 2019
4 ms. Memory: 45056K Free: 26491K (59%)
ptolemy.util.test.WatchDog.cancel(): canceling Sat Jul 06 06:34:04 UTC 2019
auto.tcl: Setting watchdog for 200 seconds at Sat Jul 06 06:34:04 UTC 2019
6 ms. Memory: 45056K Free: 25163K (56%)
ptolemy.util.test.WatchDog.cancel(): canceling Sat Jul 06 06:34:04 UTC 2019
------------------ testing $PTII/ptolemy/domains/de/test/auto/DEinDEwithStartTimes2.xml
auto.tcl: Setting watchdog for 200 seconds at Sat Jul 06 06:34:04 UTC 2019
7 ms. Memory: 45056K Free: 25571K (57%)
ptolemy.util.test.WatchDog.cancel(): canceling Sat Jul 06 06:34:04 UTC 2019
auto.tcl: Setting watchdog for 200 seconds at Sat Jul 06 06:34:04 UTC 2019
4 ms. Memory: 45056K Free: 24321K (54%)
ptolemy.util.test.WatchDog.cancel(): canceling Sat Jul 06 06:34:04 UTC 2019
------------------ testing $PTII/ptolemy/domains/de/test/auto/DateDemo.xml
auto.tcl: Setting watchdog for 200 seconds at Sat Jul 06 06:34:04 UTC 2019
16 ms. Memory: 45056K Free: 20088K (45%)
ptolemy.util.test.WatchDog.cancel(): canceling Sat Jul 06 06:34:04 UTC 2019
auto.tcl: Setting watchdog for 200 seconds at Sat Jul 06 06:34:04 UTC 2019
10 ms. Memory: 45056K Free: 18432K (41%)
ptolemy.util.test.WatchDog.cancel(): canceling Sat Jul 06 06:34:04 UTC 2019
------------------ testing $PTII/ptolemy/domains/de/test/auto/DateToEvent.xml
auto.tcl: Setting watchdog for 200 seconds at Sat Jul 06 06:34:04 UTC 2019
2011 ms. Memory: 45056K Free: 15683K (35%)
ptolemy.util.test.WatchDog.cancel(): canceling Sat Jul 06 06:34:06 UTC 2019
auto.tcl: Setting watchdog for 200 seconds at Sat Jul 06 06:34:06 UTC 2019
2005 ms. Memory: 45056K Free: 30542K (68%)
ptolemy.util.test.WatchDog.cancel(): canceling Sat Jul 06 06:34:08 UTC 2019
------------------ testing $PTII/ptolemy/domains/de/test/auto/DepthTest1.xml
auto.tcl: Setting watchdog for 200 seconds at Sat Jul 06 06:34:08 UTC 2019
3 ms. Memory: 45056K Free: 28906K (64%)
ptolemy.util.test.WatchDog.cancel(): canceling Sat Jul 06 06:34:08 UTC 2019
auto.tcl: Setting watchdog for 200 seconds at Sat Jul 06 06:34:08 UTC 2019
2 ms. Memory: 45056K Free: 28493K (63%)
ptolemy.util.test.WatchDog.cancel(): canceling Sat Jul 06 06:34:08 UTC 2019
------------------ testing $PTII/ptolemy/domains/de/test/auto/DepthTest2.xml
auto.tcl: Setting watchdog for 200 seconds at Sat Jul 06 06:34:08 UTC 2019
8 ms. Memory: 45056K Free: 25780K (57%)
ptolemy.util.test.WatchDog.cancel(): canceling Sat Jul 06 06:34:08 UTC 2019
auto.tcl: Setting watchdog for 200 seconds at Sat Jul 06 06:34:08 UTC 2019
2 ms. Memory: 45056K Free: 25157K (56%)
ptolemy.util.test.WatchDog.cancel(): canceling Sat Jul 06 06:34:08 UTC 2019
------------------ testing $PTII/ptolemy/domains/de/test/auto/DepthTest3.xml
auto.tcl: Setting watchdog for 200 seconds at Sat Jul 06 06:34:08 UTC 2019
5 ms. Memory: 45056K Free: 29238K (65%)
ptolemy.util.test.WatchDog.cancel(): canceling Sat Jul 06 06:34:08 UTC 2019
auto.tcl: Setting watchdog for 200 seconds at Sat Jul 06 06:34:08 UTC 2019
1 ms. Memory: 45056K Free: 28482K (63%)
ptolemy.util.test.WatchDog.cancel(): canceling Sat Jul 06 06:34:08 UTC 2019
------------------ testing $PTII/ptolemy/domains/de/test/auto/DepthTest4.xml
auto.tcl: Setting watchdog for 200 seconds at Sat Jul 06 06:34:08 UTC 2019
4 ms. Memory: 45056K Free: 27414K (61%)
ptolemy.util.test.WatchDog.cancel(): canceling Sat Jul 06 06:34:08 UTC 2019
auto.tcl: Setting watchdog for 200 seconds at Sat Jul 06 06:34:08 UTC 2019
2 ms. Memory: 45056K Free: 26479K (59%)
ptolemy.util.test.WatchDog.cancel(): canceling Sat Jul 06 06:34:08 UTC 2019
------------------ testing $PTII/ptolemy/domains/de/test/auto/DepthTest5.xml
auto.tcl: Setting watchdog for 200 seconds at Sat Jul 06 06:34:08 UTC 2019
4 ms. Memory: 45056K Free: 26720K (59%)
ptolemy.util.test.WatchDog.cancel(): canceling Sat Jul 06 06:34:08 UTC 2019
auto.tcl: Setting watchdog for 200 seconds at Sat Jul 06 06:34:08 UTC 2019
2 ms. Memory: 45056K Free: 26120K (58%)
ptolemy.util.test.WatchDog.cancel(): canceling Sat Jul 06 06:34:08 UTC 2019
------------------ testing $PTII/ptolemy/domains/de/test/auto/DepthTest6.xml
auto.tcl: Setting watchdog for 200 seconds at Sat Jul 06 06:34:08 UTC 2019
4 ms. Memory: 45056K Free: 26682K (59%)
ptolemy.util.test.WatchDog.cancel(): canceling Sat Jul 06 06:34:08 UTC 2019
auto.tcl: Setting watchdog for 200 seconds at Sat Jul 06 06:34:08 UTC 2019
3 ms. Memory: 45056K Free: 26098K (58%)
ptolemy.util.test.WatchDog.cancel(): canceling Sat Jul 06 06:34:08 UTC 2019
------------------ testing $PTII/ptolemy/domains/de/test/auto/DepthTest7.xml
auto.tcl: Setting watchdog for 200 seconds at Sat Jul 06 06:34:08 UTC 2019
3 ms. Memory: 45056K Free: 27518K (61%)
ptolemy.util.test.WatchDog.cancel(): canceling Sat Jul 06 06:34:08 UTC 2019
auto.tcl: Setting watchdog for 200 seconds at Sat Jul 06 06:34:08 UTC 2019
2 ms. Memory: 45056K Free: 26791K (59%)
ptolemy.util.test.WatchDog.cancel(): canceling Sat Jul 06 06:34:08 UTC 2019
------------------ testing $PTII/ptolemy/domains/de/test/auto/EventToDate.xml
auto.tcl: Setting watchdog for 200 seconds at Sat Jul 06 06:34:08 UTC 2019
3005 ms. Memory: 45056K Free: 18556K (41%)
ptolemy.util.test.WatchDog.cancel(): canceling Sat Jul 06 06:34:12 UTC 2019
auto.tcl: Setting watchdog for 200 seconds at Sat Jul 06 06:34:12 UTC 2019
3006 ms. Memory: 45056K Free: 17591K (39%)
ptolemy.util.test.WatchDog.cancel(): canceling Sat Jul 06 06:34:15 UTC 2019
------------------ testing $PTII/ptolemy/domains/de/test/auto/FSM1.xml
auto.tcl: Setting watchdog for 200 seconds at Sat Jul 06 06:34:15 UTC 2019
23 ms. Memory: 45056K Free: 19476K (43%)
ptolemy.util.test.WatchDog.cancel(): canceling Sat Jul 06 06:34:15 UTC 2019
auto.tcl: Setting watchdog for 200 seconds at Sat Jul 06 06:34:15 UTC 2019
15 ms. Memory: 45056K Free: 16249K (36%)
ptolemy.util.test.WatchDog.cancel(): canceling Sat Jul 06 06:34:15 UTC 2019
------------------ testing $PTII/ptolemy/domains/de/test/auto/FSM7.xml
auto.tcl: Setting watchdog for 200 seconds at Sat Jul 06 06:34:15 UTC 2019
28 ms. Memory: 45056K Free: 19293K (43%)
ptolemy.util.test.WatchDog.cancel(): canceling Sat Jul 06 06:34:15 UTC 2019
auto.tcl: Setting watchdog for 200 seconds at Sat Jul 06 06:34:15 UTC 2019
19 ms. Memory: 45056K Free: 16149K (36%)
ptolemy.util.test.WatchDog.cancel(): canceling Sat Jul 06 06:34:15 UTC 2019
------------------ testing $PTII/ptolemy/domains/de/test/auto/Inspection.xml
auto.tcl: Setting watchdog for 200 seconds at Sat Jul 06 06:34:15 UTC 2019
29 ms. Memory: 45056K Free: 19292K (43%)
ptolemy.util.test.WatchDog.cancel(): canceling Sat Jul 06 06:34:15 UTC 2019
auto.tcl: Setting watchdog for 200 seconds at Sat Jul 06 06:34:15 UTC 2019
18 ms. Memory: 45056K Free: 17502K (39%)
ptolemy.util.test.WatchDog.cancel(): canceling Sat Jul 06 06:34:15 UTC 2019
------------------ testing $PTII/ptolemy/domains/de/test/auto/Iteration.xml
auto.tcl: Setting watchdog for 200 seconds at Sat Jul 06 06:34:15 UTC 2019
8 ms. Memory: 45056K Free: 24941K (55%)
ptolemy.util.test.WatchDog.cancel(): canceling Sat Jul 06 06:34:15 UTC 2019
auto.tcl: Setting watchdog for 200 seconds at Sat Jul 06 06:34:15 UTC 2019
6 ms. Memory: 45056K Free: 23857K (53%)
ptolemy.util.test.WatchDog.cancel(): canceling Sat Jul 06 06:34:15 UTC 2019
------------------ testing $PTII/ptolemy/domains/de/test/auto/LineFault.xml
auto.tcl: Setting watchdog for 200 seconds at Sat Jul 06 06:34:15 UTC 2019
637 ms. Memory: 54272K Free: 37924K (70%)
ptolemy.util.test.WatchDog.cancel(): canceling Sat Jul 06 06:34:16 UTC 2019
auto.tcl: Setting watchdog for 200 seconds at Sat Jul 06 06:34:16 UTC 2019
583 ms. Memory: 54272K Free: 27689K (51%)
ptolemy.util.test.WatchDog.cancel(): canceling Sat Jul 06 06:34:16 UTC 2019
------------------ testing $PTII/ptolemy/domains/de/test/auto/MergeModel1Add.xml
auto.tcl: Setting watchdog for 200 seconds at Sat Jul 06 06:34:17 UTC 2019
40 ms. Memory: 51200K Free: 17023K (33%)
ptolemy.util.test.WatchDog.cancel(): canceling Sat Jul 06 06:34:17 UTC 2019
auto.tcl: Setting watchdog for 200 seconds at Sat Jul 06 06:34:17 UTC 2019
11 ms. Memory: 51200K Free: 15369K (30%)
ptolemy.util.test.WatchDog.cancel(): canceling Sat Jul 06 06:34:17 UTC 2019
------------------ testing $PTII/ptolemy/domains/de/test/auto/MergeModel2Add.xml
auto.tcl: Setting watchdog for 200 seconds at Sat Jul 06 06:34:17 UTC 2019
10 ms. Memory: 48128K Free: 16525K (34%)
ptolemy.util.test.WatchDog.cancel(): canceling Sat Jul 06 06:34:17 UTC 2019
auto.tcl: Setting watchdog for 200 seconds at Sat Jul 06 06:34:17 UTC 2019
8 ms. Memory: 48128K Free: 15078K (31%)
ptolemy.util.test.WatchDog.cancel(): canceling Sat Jul 06 06:34:17 UTC 2019
------------------ testing $PTII/ptolemy/domains/de/test/auto/MergeModel3Add.xml
auto.tcl: Setting watchdog for 200 seconds at Sat Jul 06 06:34:17 UTC 2019
8 ms. Memory: 48128K Free: 16290K (34%)
ptolemy.util.test.WatchDog.cancel(): canceling Sat Jul 06 06:34:17 UTC 2019
auto.tcl: Setting watchdog for 200 seconds at Sat Jul 06 06:34:17 UTC 2019
8 ms. Memory: 48128K Free: 14633K (30%)
ptolemy.util.test.WatchDog.cancel(): canceling Sat Jul 06 06:34:17 UTC 2019
------------------ testing $PTII/ptolemy/domains/de/test/auto/MergeWithoutDiscard.xml
auto.tcl: Setting watchdog for 200 seconds at Sat Jul 06 06:34:17 UTC 2019
2 ms. Memory: 45056K Free: 27523K (61%)
ptolemy.util.test.WatchDog.cancel(): canceling Sat Jul 06 06:34:17 UTC 2019
auto.tcl: Setting watchdog for 200 seconds at Sat Jul 06 06:34:17 UTC 2019
1 ms. Memory: 45056K Free: 27125K (60%)
ptolemy.util.test.WatchDog.cancel(): canceling Sat Jul 06 06:34:17 UTC 2019
------------------ testing $PTII/ptolemy/domains/de/test/auto/Modal1.xml
auto.tcl: Setting watchdog for 200 seconds at Sat Jul 06 06:34:17 UTC 2019
12 ms. Memory: 45056K Free: 19679K (44%)
ptolemy.util.test.WatchDog.cancel(): canceling Sat Jul 06 06:34:17 UTC 2019
auto.tcl: Setting watchdog for 200 seconds at Sat Jul 06 06:34:17 UTC 2019
13 ms. Memory: 45056K Free: 16420K (36%)
ptolemy.util.test.WatchDog.cancel(): canceling Sat Jul 06 06:34:17 UTC 2019
------------------ testing $PTII/ptolemy/domains/de/test/auto/Modal2.xml
auto.tcl: Setting watchdog for 200 seconds at Sat Jul 06 06:34:17 UTC 2019
16 ms. Memory: 45056K Free: 19565K (43%)
ptolemy.util.test.WatchDog.cancel(): canceling Sat Jul 06 06:34:17 UTC 2019
auto.tcl: Setting watchdog for 200 seconds at Sat Jul 06 06:34:17 UTC 2019
13 ms. Memory: 45056K Free: 16307K (36%)
ptolemy.util.test.WatchDog.cancel(): canceling Sat Jul 06 06:34:17 UTC 2019
------------------ testing $PTII/ptolemy/domains/de/test/auto/Modal3.xml
auto.tcl: Setting watchdog for 200 seconds at Sat Jul 06 06:34:17 UTC 2019
14 ms. Memory: 45056K Free: 19564K (43%)
ptolemy.util.test.WatchDog.cancel(): canceling Sat Jul 06 06:34:17 UTC 2019
auto.tcl: Setting watchdog for 200 seconds at Sat Jul 06 06:34:17 UTC 2019
14 ms. Memory: 45056K Free: 16360K (36%)
ptolemy.util.test.WatchDog.cancel(): canceling Sat Jul 06 06:34:17 UTC 2019
------------------ testing $PTII/ptolemy/domains/de/test/auto/Modal4.xml
auto.tcl: Setting watchdog for 200 seconds at Sat Jul 06 06:34:17 UTC 2019
28 ms. Memory: 45056K Free: 18538K (41%)
ptolemy.util.test.WatchDog.cancel(): canceling Sat Jul 06 06:34:17 UTC 2019
auto.tcl: Setting watchdog for 200 seconds at Sat Jul 06 06:34:17 UTC 2019
18 ms. Memory: 45056K Free: 14659K (33%)
ptolemy.util.test.WatchDog.cancel(): canceling Sat Jul 06 06:34:17 UTC 2019
------------------ testing $PTII/ptolemy/domains/de/test/auto/Modal5.xml
auto.tcl: Setting watchdog for 200 seconds at Sat Jul 06 06:34:17 UTC 2019
13 ms. Memory: 45056K Free: 18742K (42%)
ptolemy.util.test.WatchDog.cancel(): canceling Sat Jul 06 06:34:17 UTC 2019
auto.tcl: Setting watchdog for 200 seconds at Sat Jul 06 06:34:17 UTC 2019
15 ms. Memory: 45056K Free: 14965K (33%)
ptolemy.util.test.WatchDog.cancel(): canceling Sat Jul 06 06:34:17 UTC 2019
------------------ testing $PTII/ptolemy/domains/de/test/auto/Modal6.xml
auto.tcl: Setting watchdog for 200 seconds at Sat Jul 06 06:34:18 UTC 2019
13 ms. Memory: 45056K Free: 19310K (43%)
ptolemy.util.test.WatchDog.cancel(): canceling Sat Jul 06 06:34:18 UTC 2019
auto.tcl: Setting watchdog for 200 seconds at Sat Jul 06 06:34:18 UTC 2019
14 ms. Memory: 45056K Free: 15671K (35%)
ptolemy.util.test.WatchDog.cancel(): canceling Sat Jul 06 06:34:18 UTC 2019
------------------ testing $PTII/ptolemy/domains/de/test/auto/Modal7.xml
auto.tcl: Setting watchdog for 200 seconds at Sat Jul 06 06:34:18 UTC 2019
10 ms. Memory: 45056K Free: 18278K (41%)
ptolemy.util.test.WatchDog.cancel(): canceling Sat Jul 06 06:34:18 UTC 2019
auto.tcl: Setting watchdog for 200 seconds at Sat Jul 06 06:34:18 UTC 2019
13 ms. Memory: 45056K Free: 15014K (33%)
ptolemy.util.test.WatchDog.cancel(): canceling Sat Jul 06 06:34:18 UTC 2019
------------------ testing $PTII/ptolemy/domains/de/test/auto/ModalModel.xml
auto.tcl: Setting watchdog for 200 seconds at Sat Jul 06 06:34:18 UTC 2019
231 ms. Memory: 54272K Free: 14866K (27%)
ptolemy.util.test.WatchDog.cancel(): canceling Sat Jul 06 06:34:18 UTC 2019
auto.tcl: Setting watchdog for 200 seconds at Sat Jul 06 06:34:18 UTC 2019
215 ms. Memory: 54272K Free: 35366K (65%)
ptolemy.util.test.WatchDog.cancel(): canceling Sat Jul 06 06:34:18 UTC 2019
------------------ testing $PTII/ptolemy/domains/de/test/auto/ModalSource.xml
auto.tcl: Setting watchdog for 200 seconds at Sat Jul 06 06:34:18 UTC 2019
11 ms. Memory: 48128K Free: 26389K (55%)
ptolemy.util.test.WatchDog.cancel(): canceling Sat Jul 06 06:34:18 UTC 2019
auto.tcl: Setting watchdog for 200 seconds at Sat Jul 06 06:34:18 UTC 2019
7 ms. Memory: 48128K Free: 24341K (51%)
ptolemy.util.test.WatchDog.cancel(): canceling Sat Jul 06 06:34:18 UTC 2019
------------------ testing $PTII/ptolemy/domains/de/test/auto/NonInterruptibleTimerZeroDelay.xml
auto.tcl: Setting watchdog for 200 seconds at Sat Jul 06 06:34:18 UTC 2019
3 ms. Memory: 48128K Free: 31570K (66%)
ptolemy.util.test.WatchDog.cancel(): canceling Sat Jul 06 06:34:18 UTC 2019
auto.tcl: Setting watchdog for 200 seconds at Sat Jul 06 06:34:18 UTC 2019
2 ms. Memory: 48128K Free: 30684K (64%)
ptolemy.util.test.WatchDog.cancel(): canceling Sat Jul 06 06:34:18 UTC 2019
------------------ testing $PTII/ptolemy/domains/de/test/auto/OpenQueueingNetwork.xml
auto.tcl: Setting watchdog for 200 seconds at Sat Jul 06 06:34:18 UTC 2019
2697 ms. Memory: 136192K Free: 77495K (57%)
ptolemy.util.test.WatchDog.cancel(): canceling Sat Jul 06 06:34:21 UTC 2019
auto.tcl: Setting watchdog for 200 seconds at Sat Jul 06 06:34:21 UTC 2019
2567 ms. Memory: 176128K Free: 87657K (50%)
ptolemy.util.test.WatchDog.cancel(): canceling Sat Jul 06 06:34:24 UTC 2019
------------------ testing $PTII/ptolemy/domains/de/test/auto/OpenQueuingNetwork.xml
auto.tcl: Setting watchdog for 200 seconds at Sat Jul 06 06:34:24 UTC 2019
246 ms. Memory: 51200K Free: 16202K (32%)
ptolemy.util.test.WatchDog.cancel(): canceling Sat Jul 06 06:34:24 UTC 2019
auto.tcl: Setting watchdog for 200 seconds at Sat Jul 06 06:34:24 UTC 2019
291 ms. Memory: 51200K Free: 20817K (41%)
ptolemy.util.test.WatchDog.cancel(): canceling Sat Jul 06 06:34:25 UTC 2019
------------------ testing $PTII/ptolemy/domains/de/test/auto/PeriodicSampler.xml
auto.tcl: Setting watchdog for 200 seconds at Sat Jul 06 06:34:25 UTC 2019
3 ms. Memory: 48128K Free: 30526K (63%)
ptolemy.util.test.WatchDog.cancel(): canceling Sat Jul 06 06:34:25 UTC 2019
auto.tcl: Setting watchdog for 200 seconds at Sat Jul 06 06:34:25 UTC 2019
2 ms. Memory: 48128K Free: 30030K (62%)
ptolemy.util.test.WatchDog.cancel(): canceling Sat Jul 06 06:34:25 UTC 2019
------------------ testing $PTII/ptolemy/domains/de/test/auto/PersistentIO.xml
auto.tcl: Setting watchdog for 200 seconds at Sat Jul 06 06:34:25 UTC 2019
6 ms. Memory: 48128K Free: 25458K (53%)
ptolemy.util.test.WatchDog.cancel(): canceling Sat Jul 06 06:34:25 UTC 2019
auto.tcl: Setting watchdog for 200 seconds at Sat Jul 06 06:34:25 UTC 2019
3 ms. Memory: 48128K Free: 23993K (50%)
ptolemy.util.test.WatchDog.cancel(): canceling Sat Jul 06 06:34:25 UTC 2019
------------------ testing $PTII/ptolemy/domains/de/test/auto/PortParameterResetOnInitialize.xml
auto.tcl: Setting watchdog for 200 seconds at Sat Jul 06 06:34:25 UTC 2019
2 ms. Memory: 48128K Free: 30434K (63%)
ptolemy.util.test.WatchDog.cancel(): canceling Sat Jul 06 06:34:25 UTC 2019
auto.tcl: Setting watchdog for 200 seconds at Sat Jul 06 06:34:25 UTC 2019
1 ms. Memory: 48128K Free: 29951K (62%)
ptolemy.util.test.WatchDog.cancel(): canceling Sat Jul 06 06:34:25 UTC 2019
------------------ testing $PTII/ptolemy/domains/de/test/auto/PortParameterUpdates.xml
auto.tcl: Setting watchdog for 200 seconds at Sat Jul 06 06:34:25 UTC 2019
3 ms. Memory: 45056K Free: 25460K (57%)
ptolemy.util.test.WatchDog.cancel(): canceling Sat Jul 06 06:34:25 UTC 2019
auto.tcl: Setting watchdog for 200 seconds at Sat Jul 06 06:34:25 UTC 2019
4 ms. Memory: 45056K Free: 24033K (53%)
ptolemy.util.test.WatchDog.cancel(): canceling Sat Jul 06 06:34:25 UTC 2019
------------------ testing $PTII/ptolemy/domains/de/test/auto/QueueAndServer.xml
auto.tcl: Setting watchdog for 200 seconds at Sat Jul 06 06:34:25 UTC 2019
14 ms. Memory: 45056K Free: 24421K (54%)
ptolemy.util.test.WatchDog.cancel(): canceling Sat Jul 06 06:34:25 UTC 2019
auto.tcl: Setting watchdog for 200 seconds at Sat Jul 06 06:34:25 UTC 2019
7 ms. Memory: 45056K Free: 23015K (51%)
ptolemy.util.test.WatchDog.cancel(): canceling Sat Jul 06 06:34:25 UTC 2019
------------------ testing $PTII/ptolemy/domains/de/test/auto/Records.xml
auto.tcl: Setting watchdog for 200 seconds at Sat Jul 06 06:34:25 UTC 2019
5 ms. Memory: 45056K Free: 26905K (60%)
ptolemy.util.test.WatchDog.cancel(): canceling Sat Jul 06 06:34:25 UTC 2019
auto.tcl: Setting watchdog for 200 seconds at Sat Jul 06 06:34:25 UTC 2019
3 ms. Memory: 45056K Free: 26452K (59%)
ptolemy.util.test.WatchDog.cancel(): canceling Sat Jul 06 06:34:25 UTC 2019
------------------ testing $PTII/ptolemy/domains/de/test/auto/ResetTransitionWithStartTime1.xml
auto.tcl: Setting watchdog for 200 seconds at Sat Jul 06 06:34:25 UTC 2019
13 ms. Memory: 45056K Free: 23862K (53%)
ptolemy.util.test.WatchDog.cancel(): canceling Sat Jul 06 06:34:25 UTC 2019
auto.tcl: Setting watchdog for 200 seconds at Sat Jul 06 06:34:25 UTC 2019
6 ms. Memory: 45056K Free: 21383K (47%)
ptolemy.util.test.WatchDog.cancel(): canceling Sat Jul 06 06:34:25 UTC 2019
------------------ testing $PTII/ptolemy/domains/de/test/auto/ResetTransitionWithStartTime2.xml
auto.tcl: Setting watchdog for 200 seconds at Sat Jul 06 06:34:25 UTC 2019
8 ms. Memory: 45056K Free: 23818K (53%)
ptolemy.util.test.WatchDog.cancel(): canceling Sat Jul 06 06:34:25 UTC 2019
auto.tcl: Setting watchdog for 200 seconds at Sat Jul 06 06:34:25 UTC 2019
6 ms. Memory: 45056K Free: 21307K (47%)
ptolemy.util.test.WatchDog.cancel(): canceling Sat Jul 06 06:34:25 UTC 2019
------------------ testing $PTII/ptolemy/domains/de/test/auto/ResetTransitionWithStartTime3.xml
auto.tcl: Setting watchdog for 200 seconds at Sat Jul 06 06:34:25 UTC 2019
6 ms. Memory: 45056K Free: 23968K (53%)
ptolemy.util.test.WatchDog.cancel(): canceling Sat Jul 06 06:34:25 UTC 2019
auto.tcl: Setting watchdog for 200 seconds at Sat Jul 06 06:34:25 UTC 2019
6 ms. Memory: 45056K Free: 21769K (48%)
ptolemy.util.test.WatchDog.cancel(): canceling Sat Jul 06 06:34:25 UTC 2019
------------------ testing $PTII/ptolemy/domains/de/test/auto/ResetTransitionWithStartTime4.xml
auto.tcl: Setting watchdog for 200 seconds at Sat Jul 06 06:34:25 UTC 2019
16 ms. Memory: 45056K Free: 24338K (54%)
ptolemy.util.test.WatchDog.cancel(): canceling Sat Jul 06 06:34:25 UTC 2019
auto.tcl: Setting watchdog for 200 seconds at Sat Jul 06 06:34:25 UTC 2019
5 ms. Memory: 45056K Free: 22942K (51%)
ptolemy.util.test.WatchDog.cancel(): canceling Sat Jul 06 06:34:25 UTC 2019
------------------ testing $PTII/ptolemy/domains/de/test/auto/ResettableTimer1.xml
auto.tcl: Setting watchdog for 200 seconds at Sat Jul 06 06:34:25 UTC 2019
3 ms. Memory: 45056K Free: 28138K (62%)
ptolemy.util.test.WatchDog.cancel(): canceling Sat Jul 06 06:34:25 UTC 2019
auto.tcl: Setting watchdog for 200 seconds at Sat Jul 06 06:34:25 UTC 2019
2 ms. Memory: 45056K Free: 27447K (61%)
ptolemy.util.test.WatchDog.cancel(): canceling Sat Jul 06 06:34:25 UTC 2019
------------------ testing $PTII/ptolemy/domains/de/test/auto/ResettableTimer2.xml
auto.tcl: Setting watchdog for 200 seconds at Sat Jul 06 06:34:25 UTC 2019
2 ms. Memory: 45056K Free: 28181K (63%)
ptolemy.util.test.WatchDog.cancel(): canceling Sat Jul 06 06:34:25 UTC 2019
auto.tcl: Setting watchdog for 200 seconds at Sat Jul 06 06:34:25 UTC 2019
2 ms. Memory: 45056K Free: 27069K (60%)
ptolemy.util.test.WatchDog.cancel(): canceling Sat Jul 06 06:34:25 UTC 2019
------------------ testing $PTII/ptolemy/domains/de/test/auto/ResettableTimer3.xml
auto.tcl: Setting watchdog for 200 seconds at Sat Jul 06 06:34:26 UTC 2019
1 ms. Memory: 45056K Free: 28445K (63%)
ptolemy.util.test.WatchDog.cancel(): canceling Sat Jul 06 06:34:26 UTC 2019
auto.tcl: Setting watchdog for 200 seconds at Sat Jul 06 06:34:26 UTC 2019
1 ms. Memory: 45056K Free: 27949K (62%)
ptolemy.util.test.WatchDog.cancel(): canceling Sat Jul 06 06:34:26 UTC 2019
------------------ testing $PTII/ptolemy/domains/de/test/auto/ResettableTimer4.xml
auto.tcl: Setting watchdog for 200 seconds at Sat Jul 06 06:34:26 UTC 2019
2 ms. Memory: 45056K Free: 28445K (63%)
ptolemy.util.test.WatchDog.cancel(): canceling Sat Jul 06 06:34:26 UTC 2019
auto.tcl: Setting watchdog for 200 seconds at Sat Jul 06 06:34:26 UTC 2019
1 ms. Memory: 45056K Free: 27963K (62%)
ptolemy.util.test.WatchDog.cancel(): canceling Sat Jul 06 06:34:26 UTC 2019
------------------ testing $PTII/ptolemy/domains/de/test/auto/ResettableTimer5.xml
auto.tcl: Setting watchdog for 200 seconds at Sat Jul 06 06:34:26 UTC 2019
1 ms. Memory: 45056K Free: 27994K (62%)
ptolemy.util.test.WatchDog.cancel(): canceling Sat Jul 06 06:34:26 UTC 2019
auto.tcl: Setting watchdog for 200 seconds at Sat Jul 06 06:34:26 UTC 2019
1 ms. Memory: 45056K Free: 27066K (60%)
ptolemy.util.test.WatchDog.cancel(): canceling Sat Jul 06 06:34:26 UTC 2019
------------------ testing $PTII/ptolemy/domains/de/test/auto/ResettableTimer6.xml
auto.tcl: Setting watchdog for 200 seconds at Sat Jul 06 06:34:26 UTC 2019
1 ms. Memory: 45056K Free: 27420K (61%)
ptolemy.util.test.WatchDog.cancel(): canceling Sat Jul 06 06:34:26 UTC 2019
auto.tcl: Setting watchdog for 200 seconds at Sat Jul 06 06:34:26 UTC 2019
1 ms. Memory: 45056K Free: 26927K (60%)
ptolemy.util.test.WatchDog.cancel(): canceling Sat Jul 06 06:34:26 UTC 2019
------------------ testing $PTII/ptolemy/domains/de/test/auto/ServerZeroDelay.xml
auto.tcl: Setting watchdog for 200 seconds at Sat Jul 06 06:34:26 UTC 2019
2 ms. Memory: 45056K Free: 28117K (62%)
ptolemy.util.test.WatchDog.cancel(): canceling Sat Jul 06 06:34:26 UTC 2019
auto.tcl: Setting watchdog for 200 seconds at Sat Jul 06 06:34:26 UTC 2019
2 ms. Memory: 45056K Free: 27051K (60%)
ptolemy.util.test.WatchDog.cancel(): canceling Sat Jul 06 06:34:26 UTC 2019
------------------ testing $PTII/ptolemy/domains/de/test/auto/SmartSender.xml
auto.tcl: Setting watchdog for 200 seconds at Sat Jul 06 06:34:26 UTC 2019
3001 ms. Memory: 45056K Free: 27937K (62%)
ptolemy.util.test.WatchDog.cancel(): canceling Sat Jul 06 06:34:29 UTC 2019
auto.tcl: Setting watchdog for 200 seconds at Sat Jul 06 06:34:29 UTC 2019
3001 ms. Memory: 45056K Free: 27467K (61%)
ptolemy.util.test.WatchDog.cancel(): canceling Sat Jul 06 06:34:32 UTC 2019
------------------ testing $PTII/ptolemy/domains/de/test/auto/ThreadedComposite.xml
auto.tcl: Setting watchdog for 200 seconds at Sat Jul 06 06:34:32 UTC 2019
239 ms. Memory: 45056K Free: 7756K (17%)
ptolemy.util.test.WatchDog.cancel(): canceling Sat Jul 06 06:34:32 UTC 2019
auto.tcl: Setting watchdog for 200 seconds at Sat Jul 06 06:34:32 UTC 2019
249 ms. Memory: 45056K Free: 12175K (27%)
ptolemy.util.test.WatchDog.cancel(): canceling Sat Jul 06 06:34:32 UTC 2019
------------------ testing $PTII/ptolemy/domains/de/test/auto/Time.xml
auto.tcl: Setting watchdog for 200 seconds at Sat Jul 06 06:34:32 UTC 2019
558 ms. Memory: 45056K Free: 21365K (47%)
ptolemy.util.test.WatchDog.cancel(): canceling Sat Jul 06 06:34:33 UTC 2019
auto.tcl: Setting watchdog for 200 seconds at Sat Jul 06 06:34:33 UTC 2019
507 ms. Memory: 63488K Free: 43995K (69%)
ptolemy.util.test.WatchDog.cancel(): canceling Sat Jul 06 06:34:34 UTC 2019
------------------ testing $PTII/ptolemy/domains/de/test/auto/TimeDelayZeroDelay.xml
auto.tcl: Setting watchdog for 200 seconds at Sat Jul 06 06:34:34 UTC 2019
2 ms. Memory: 45056K Free: 28345K (63%)
ptolemy.util.test.WatchDog.cancel(): canceling Sat Jul 06 06:34:34 UTC 2019
auto.tcl: Setting watchdog for 200 seconds at Sat Jul 06 06:34:34 UTC 2019
2 ms. Memory: 45056K Free: 27484K (61%)
ptolemy.util.test.WatchDog.cancel(): canceling Sat Jul 06 06:34:34 UTC 2019
------------------ testing $PTII/ptolemy/domains/de/test/auto/TimerZeroDelay.xml
auto.tcl: Setting watchdog for 200 seconds at Sat Jul 06 06:34:34 UTC 2019
3 ms. Memory: 45056K Free: 28400K (63%)
ptolemy.util.test.WatchDog.cancel(): canceling Sat Jul 06 06:34:34 UTC 2019
auto.tcl: Setting watchdog for 200 seconds at Sat Jul 06 06:34:34 UTC 2019
3 ms. Memory: 45056K Free: 27540K (61%)
ptolemy.util.test.WatchDog.cancel(): canceling Sat Jul 06 06:34:34 UTC 2019
------------------ testing $PTII/ptolemy/domains/de/test/auto/TimingParadox.xml
auto.tcl: Setting watchdog for 200 seconds at Sat Jul 06 06:34:34 UTC 2019
345 ms. Memory: 45056K Free: 25760K (57%)
ptolemy.util.test.WatchDog.cancel(): canceling Sat Jul 06 06:34:34 UTC 2019
auto.tcl: Setting watchdog for 200 seconds at Sat Jul 06 06:34:34 UTC 2019
338 ms. Memory: 45056K Free: 9978K (22%)
ptolemy.util.test.WatchDog.cancel(): canceling Sat Jul 06 06:34:35 UTC 2019
------------------ testing $PTII/ptolemy/domains/de/test/auto/TransferInputs.xml
auto.tcl: Setting watchdog for 200 seconds at Sat Jul 06 06:34:35 UTC 2019
1 ms. Memory: 45056K Free: 26429K (59%)
ptolemy.util.test.WatchDog.cancel(): canceling Sat Jul 06 06:34:35 UTC 2019
auto.tcl: Setting watchdog for 200 seconds at Sat Jul 06 06:34:35 UTC 2019
2 ms. Memory: 45056K Free: 25517K (57%)
ptolemy.util.test.WatchDog.cancel(): canceling Sat Jul 06 06:34:35 UTC 2019
------------------ testing $PTII/ptolemy/domains/de/test/auto/TransferOutputs2.xml
auto.tcl: Setting watchdog for 200 seconds at Sat Jul 06 06:34:35 UTC 2019
2 ms. Memory: 45056K Free: 23898K (53%)
ptolemy.util.test.WatchDog.cancel(): canceling Sat Jul 06 06:34:35 UTC 2019
auto.tcl: Setting watchdog for 200 seconds at Sat Jul 06 06:34:35 UTC 2019
4 ms. Memory: 45056K Free: 22385K (50%)
ptolemy.util.test.WatchDog.cancel(): canceling Sat Jul 06 06:34:35 UTC 2019
------------------ testing $PTII/ptolemy/domains/de/test/auto/Trilateration.xml
auto.tcl: Setting watchdog for 200 seconds at Sat Jul 06 06:34:35 UTC 2019
14561 ms. Memory: 527360K Free: 287921K (55%)
ptolemy.util.test.WatchDog.cancel(): canceling Sat Jul 06 06:34:50 UTC 2019
auto.tcl: Setting watchdog for 200 seconds at Sat Jul 06 06:34:50 UTC 2019
11161 ms. Memory: 527360K Free: 479717K (91%)
ptolemy.util.test.WatchDog.cancel(): canceling Sat Jul 06 06:35:02 UTC 2019
------------------ testing $PTII/ptolemy/domains/de/test/auto/TwoSigmaDelta.xml
auto.tcl: Setting watchdog for 200 seconds at Sat Jul 06 06:35:02 UTC 2019
2906 ms. Memory: 86016K Free: 57292K (67%)
ptolemy.util.test.WatchDog.cancel(): canceling Sat Jul 06 06:35:05 UTC 2019
auto.tcl: Setting watchdog for 200 seconds at Sat Jul 06 06:35:05 UTC 2019
2050 ms. Memory: 86016K Free: 49090K (57%)
ptolemy.util.test.WatchDog.cancel(): canceling Sat Jul 06 06:35:07 UTC 2019
------------------ testing $PTII/ptolemy/domains/de/test/auto/VariableDelay.xml
auto.tcl: Setting watchdog for 200 seconds at Sat Jul 06 06:35:07 UTC 2019
2 ms. Memory: 48128K Free: 29942K (62%)
ptolemy.util.test.WatchDog.cancel(): canceling Sat Jul 06 06:35:07 UTC 2019
auto.tcl: Setting watchdog for 200 seconds at Sat Jul 06 06:35:07 UTC 2019
2 ms. Memory: 48128K Free: 28924K (60%)
ptolemy.util.test.WatchDog.cancel(): canceling Sat Jul 06 06:35:07 UTC 2019
------------------ testing $PTII/ptolemy/domains/de/test/auto/VariableDelay2.xml
auto.tcl: Setting watchdog for 200 seconds at Sat Jul 06 06:35:07 UTC 2019
3 ms. Memory: 45056K Free: 27275K (61%)
ptolemy.util.test.WatchDog.cancel(): canceling Sat Jul 06 06:35:07 UTC 2019
auto.tcl: Setting watchdog for 200 seconds at Sat Jul 06 06:35:07 UTC 2019
1 ms. Memory: 45056K Free: 26765K (59%)
ptolemy.util.test.WatchDog.cancel(): canceling Sat Jul 06 06:35:07 UTC 2019
------------------ testing $PTII/ptolemy/domains/de/test/auto/VariableDelayZeroDelay.xml
auto.tcl: Setting watchdog for 200 seconds at Sat Jul 06 06:35:07 UTC 2019
2 ms. Memory: 45056K Free: 27797K (62%)
ptolemy.util.test.WatchDog.cancel(): canceling Sat Jul 06 06:35:07 UTC 2019
auto.tcl: Setting watchdog for 200 seconds at Sat Jul 06 06:35:07 UTC 2019
2 ms. Memory: 45056K Free: 27293K (61%)
ptolemy.util.test.WatchDog.cancel(): canceling Sat Jul 06 06:35:07 UTC 2019
------------------ testing $PTII/ptolemy/domains/de/test/auto/VariableDelayZeroDelay2.xml
auto.tcl: Setting watchdog for 200 seconds at Sat Jul 06 06:35:07 UTC 2019
4 ms. Memory: 45056K Free: 27788K (62%)
ptolemy.util.test.WatchDog.cancel(): canceling Sat Jul 06 06:35:07 UTC 2019
auto.tcl: Setting watchdog for 200 seconds at Sat Jul 06 06:35:07 UTC 2019
2 ms. Memory: 45056K Free: 26867K (60%)
ptolemy.util.test.WatchDog.cancel(): canceling Sat Jul 06 06:35:07 UTC 2019
------------------ testing $PTII/ptolemy/domains/de/test/auto/deInCt.xml
auto.tcl: Setting watchdog for 200 seconds at Sat Jul 06 06:35:07 UTC 2019
0
1
1
1
1
0
0
0
1
1
1
0
0
0
1
1
1
0
0
0
1
1
1
1
0
0
0
0
1
1
0
0
0
0
0
1
1
1
0
0
1
1
0
0
1
1
1
1
11 ms. Memory: 45056K Free: 26799K (59%)
ptolemy.util.test.WatchDog.cancel(): canceling Sat Jul 06 06:35:07 UTC 2019
auto.tcl: Setting watchdog for 200 seconds at Sat Jul 06 06:35:07 UTC 2019
0
1
1
1
0
0
0
0
1
1
0
0
0
1
1
1
0
0
0
1
1
1
1
1
0
0
0
1
1
1
1
0
0
0
1
1
1
1
1
6 ms. Memory: 45056K Free: 25279K (56%)
ptolemy.util.test.WatchDog.cancel(): canceling Sat Jul 06 06:35:07 UTC 2019
------------------ testing $PTII/ptolemy/domains/de/test/auto/deInCt2.xml
auto.tcl: Setting watchdog for 200 seconds at Sat Jul 06 06:35:07 UTC 2019
0
1
1
1
0
0
1
1
1
0
0
1
1
1
0
0
1
1
1
0
0
1
1
1
0
0
1
1
1
0
0
1
1
1
0
0
1
1
1
0
0
0
11 ms. Memory: 45056K Free: 26772K (59%)
ptolemy.util.test.WatchDog.cancel(): canceling Sat Jul 06 06:35:07 UTC 2019
auto.tcl: Setting watchdog for 200 seconds at Sat Jul 06 06:35:07 UTC 2019
0
1
1
1
0
0
1
1
1
0
0
1
1
1
0
0
1
1
1
0
0
1
1
1
0
0
1
1
1
0
0
1
1
1
0
0
1
1
1
0
0
0
8 ms. Memory: 45056K Free: 25282K (56%)
ptolemy.util.test.WatchDog.cancel(): canceling Sat Jul 06 06:35:07 UTC 2019
------------------ testing $PTII/ptolemy/domains/de/test/auto/dynamicCausalityInterface1.xml
auto.tcl: Setting watchdog for 200 seconds at Sat Jul 06 06:35:07 UTC 2019
2 ms. Memory: 45056K Free: 22661K (50%)
ptolemy.util.test.WatchDog.cancel(): canceling Sat Jul 06 06:35:07 UTC 2019
auto.tcl: Setting watchdog for 200 seconds at Sat Jul 06 06:35:07 UTC 2019
1 ms. Memory: 45056K Free: 22184K (49%)
ptolemy.util.test.WatchDog.cancel(): canceling Sat Jul 06 06:35:07 UTC 2019
------------------ testing $PTII/ptolemy/domains/de/test/auto/fsm_de_test.xml
auto.tcl: Setting watchdog for 200 seconds at Sat Jul 06 06:35:07 UTC 2019
7 ms. Memory: 45056K Free: 22560K (50%)
ptolemy.util.test.WatchDog.cancel(): canceling Sat Jul 06 06:35:07 UTC 2019
auto.tcl: Setting watchdog for 200 seconds at Sat Jul 06 06:35:07 UTC 2019
5 ms. Memory: 45056K Free: 20553K (46%)
ptolemy.util.test.WatchDog.cancel(): canceling Sat Jul 06 06:35:07 UTC 2019
------------------ testing $PTII/ptolemy/domains/de/test/auto/functionDependencyReconstruction.xml
auto.tcl: Setting watchdog for 200 seconds at Sat Jul 06 06:35:07 UTC 2019
3 ms. Memory: 45056K Free: 16423K (36%)
ptolemy.util.test.WatchDog.cancel(): canceling Sat Jul 06 06:35:07 UTC 2019
auto.tcl: Setting watchdog for 200 seconds at Sat Jul 06 06:35:07 UTC 2019
4 ms. Memory: 45056K Free: 14447K (32%)
ptolemy.util.test.WatchDog.cancel(): canceling Sat Jul 06 06:35:07 UTC 2019
------------------ testing $PTII/ptolemy/domains/de/test/auto/multirate.xml
auto.tcl: Setting watchdog for 200 seconds at Sat Jul 06 06:35:08 UTC 2019
4 ms. Memory: 45056K Free: 24972K (55%)
ptolemy.util.test.WatchDog.cancel(): canceling Sat Jul 06 06:35:08 UTC 2019
auto.tcl: Setting watchdog for 200 seconds at Sat Jul 06 06:35:08 UTC 2019
3 ms. Memory: 45056K Free: 23558K (52%)
ptolemy.util.test.WatchDog.cancel(): canceling Sat Jul 06 06:35:08 UTC 2019
------------------ testing $PTII/ptolemy/domains/de/test/auto/multirate2.xml
auto.tcl: Setting watchdog for 200 seconds at Sat Jul 06 06:35:08 UTC 2019
3 ms. Memory: 45056K Free: 25157K (56%)
ptolemy.util.test.WatchDog.cancel(): canceling Sat Jul 06 06:35:08 UTC 2019
auto.tcl: Setting watchdog for 200 seconds at Sat Jul 06 06:35:08 UTC 2019
3 ms. Memory: 45056K Free: 23718K (53%)
ptolemy.util.test.WatchDog.cancel(): canceling Sat Jul 06 06:35:08 UTC 2019
------------------ testing $PTII/ptolemy/domains/de/test/auto/realtime.xml
auto.tcl: Setting watchdog for 200 seconds at Sat Jul 06 06:35:08 UTC 2019
10002 ms. Memory: 45056K Free: 27238K (60%)
ptolemy.util.test.WatchDog.cancel(): canceling Sat Jul 06 06:35:18 UTC 2019
auto.tcl: Setting watchdog for 200 seconds at Sat Jul 06 06:35:18 UTC 2019
10002 ms. Memory: 45056K Free: 26264K (58%)
ptolemy.util.test.WatchDog.cancel(): canceling Sat Jul 06 06:35:28 UTC 2019
------------------ testing $PTII/ptolemy/domains/de/test/auto/relationGroup.xml
auto.tcl: Setting watchdog for 200 seconds at Sat Jul 06 06:35:28 UTC 2019
2 ms. Memory: 45056K Free: 28512K (63%)
ptolemy.util.test.WatchDog.cancel(): canceling Sat Jul 06 06:35:28 UTC 2019
auto.tcl: Setting watchdog for 200 seconds at Sat Jul 06 06:35:28 UTC 2019
2 ms. Memory: 45056K Free: 27757K (62%)
ptolemy.util.test.WatchDog.cancel(): canceling Sat Jul 06 06:35:28 UTC 2019
------------------ testing $PTII/ptolemy/domains/de/test/auto/relationGroup2.xml
auto.tcl: Setting watchdog for 200 seconds at Sat Jul 06 06:35:28 UTC 2019
1 ms. Memory: 45056K Free: 28294K (63%)
ptolemy.util.test.WatchDog.cancel(): canceling Sat Jul 06 06:35:28 UTC 2019
auto.tcl: Setting watchdog for 200 seconds at Sat Jul 06 06:35:28 UTC 2019
1 ms. Memory: 45056K Free: 27323K (61%)
ptolemy.util.test.WatchDog.cancel(): canceling Sat Jul 06 06:35:28 UTC 2019
------------------ testing $PTII/ptolemy/domains/de/test/auto/sortWithOpaquePorts.xml
auto.tcl: Setting watchdog for 200 seconds at Sat Jul 06 06:35:28 UTC 2019
1 ms. Memory: 45056K Free: 27299K (61%)
ptolemy.util.test.WatchDog.cancel(): canceling Sat Jul 06 06:35:28 UTC 2019
auto.tcl: Setting watchdog for 200 seconds at Sat Jul 06 06:35:28 UTC 2019
2 ms. Memory: 45056K Free: 26275K (58%)
ptolemy.util.test.WatchDog.cancel(): canceling Sat Jul 06 06:35:28 UTC 2019
------------------ testing $PTII/ptolemy/domains/de/test/auto/transferInputsandOutputs.xml
auto.tcl: Setting watchdog for 200 seconds at Sat Jul 06 06:35:28 UTC 2019
3 ms. Memory: 45056K Free: 24747K (55%)
ptolemy.util.test.WatchDog.cancel(): canceling Sat Jul 06 06:35:28 UTC 2019
auto.tcl: Setting watchdog for 200 seconds at Sat Jul 06 06:35:28 UTC 2019
2 ms. Memory: 45056K Free: 23830K (53%)
ptolemy.util.test.WatchDog.cancel(): canceling Sat Jul 06 06:35:28 UTC 2019
------------------ testing $PTII/ptolemy/domains/de/test/auto/triggerType.xml
auto.tcl: Setting watchdog for 200 seconds at Sat Jul 06 06:35:28 UTC 2019
1 ms. Memory: 45056K Free: 27772K (62%)
ptolemy.util.test.WatchDog.cancel(): canceling Sat Jul 06 06:35:28 UTC 2019
auto.tcl: Setting watchdog for 200 seconds at Sat Jul 06 06:35:28 UTC 2019
2 ms. Memory: 45056K Free: 26825K (60%)
ptolemy.util.test.WatchDog.cancel(): canceling Sat Jul 06 06:35:28 UTC 2019
07/06/19 06:35:28
Failed: 0  Total Tests: 192  ((Passed: 187, Newly Passed: 1)  Known Failed: 5) /home/travis/build/icyphy/ptII/ptolemy/domains/de/test
07/06/19 06:35:28
Failed: 0  Total Tests: 192  ((Passed: 187, Newly Passed: 1)  Known Failed: 5) /home/travis/build/icyphy/ptII/ptolemy/domains/de/test
----------------- testing (KnownFailure) /home/travis/build/icyphy/ptII/ptolemy/domains/de/test/auto/knownFailedTests/DESDFClockTest.xml
2017 ms. Memory: 45056K Free: 21150K (47%)
Known Failure: java.lang.reflect.InvocationTargetException
----------------- testing (KnownFailure) /home/travis/build/icyphy/ptII/ptolemy/domains/de/test/auto/knownFailedTests/DirectFeedback.xml
1 ms. Memory: 45056K Free: 17054K (38%)
Known Failure: java.lang.reflect.InvocationTargetException
----------------- testing (KnownFailure) /home/travis/build/icyphy/ptII/ptolemy/domains/de/test/auto/knownFailedTests/FSMSource.xml
16 ms. Memory: 45056K Free: 9376K (21%)
----------------- testing (KnownFailure) /home/travis/build/icyphy/ptII/ptolemy/domains/de/test/auto/knownFailedTests/HierarchicalModel.xml
4 ms. Memory: 45056K Free: 18563K (41%)
Known Failure: java.lang.reflect.InvocationTargetException
----------------- testing (KnownFailure) /home/travis/build/icyphy/ptII/ptolemy/domains/de/test/auto/knownFailedTests/dependencyLoop.xml
3 ms. Memory: 45056K Free: 28063K (62%)
Known Failure: java.lang.reflect.InvocationTargetException
----------------- testing (KnownFailure) /home/travis/build/icyphy/ptII/ptolemy/domains/de/test/auto/knownFailedTests/dependencyLoop2.xml
2 ms. Memory: 45056K Free: 13219K (29%)
Known Failure: java.lang.reflect.InvocationTargetException
No auto/linux-amd64/*.xml tests in /home/travis/build/icyphy/ptII/ptolemy/domains/de/test
AutoTests.java: About to close Vertx.
AutoTests.java: Vertx closed.

===========================================================================================
----------------- testing Sat Jul 06 06:35:30 UTC 2019 /home/travis/build/icyphy/ptII/ptolemy/domains/de/test/auto/ActorDepthCalculation_actorWithoutPorts.xml
----------------- Instantiating /home/travis/build/icyphy/ptII/ptolemy/domains/de/test/auto/ActorDepthCalculation_actorWithoutPorts.xml
6 ms. Memory: 45056K Free: 31332K (70%)
----------------- Invoking toplevel() on ptolemy.moml.MoMLSimpleApplication@4beec522
----------------- Done invoking toplevel() on ptolemy.moml.MoMLSimpleApplication@4beec522
reloadAllAccessors: .ActorDepthCalculation_actorWithoutPorts

===========================================================================================
----------------- testing Sat Jul 06 06:35:30 UTC 2019 /home/travis/build/icyphy/ptII/ptolemy/domains/de/test/auto/AssemblyLine.xml
----------------- Instantiating /home/travis/build/icyphy/ptII/ptolemy/domains/de/test/auto/AssemblyLine.xml
3 ms. Memory: 45056K Free: 24118K (54%)
----------------- Invoking toplevel() on ptolemy.moml.MoMLSimpleApplication@e8e8f5b
----------------- Done invoking toplevel() on ptolemy.moml.MoMLSimpleApplication@e8e8f5b
reloadAllAccessors: .AssemblyLine

===========================================================================================
----------------- testing Sat Jul 06 06:35:30 UTC 2019 /home/travis/build/icyphy/ptII/ptolemy/domains/de/test/auto/CQBug1.xml
----------------- Instantiating /home/travis/build/icyphy/ptII/ptolemy/domains/de/test/auto/CQBug1.xml
0 ms. Memory: 45056K Free: 21000K (47%)
----------------- Invoking toplevel() on ptolemy.moml.MoMLSimpleApplication@4a5ad71f
----------------- Done invoking toplevel() on ptolemy.moml.MoMLSimpleApplication@4a5ad71f
reloadAllAccessors: .CQBug1

===========================================================================================
----------------- testing Sat Jul 06 06:35:30 UTC 2019 /home/travis/build/icyphy/ptII/ptolemy/domains/de/test/auto/CancelFireAt.xml
----------------- Instantiating /home/travis/build/icyphy/ptII/ptolemy/domains/de/test/auto/CancelFireAt.xml
8 ms. Memory: 45056K Free: 18762K (42%)
----------------- Invoking toplevel() on ptolemy.moml.MoMLSimpleApplication@71d231e7
----------------- Done invoking toplevel() on ptolemy.moml.MoMLSimpleApplication@71d231e7
reloadAllAccessors: .CancelFireAt

===========================================================================================
----------------- testing Sat Jul 06 06:35:30 UTC 2019 /home/travis/build/icyphy/ptII/ptolemy/domains/de/test/auto/CausalityAndComposabilityAnalysis.xml
----------------- Instantiating /home/travis/build/icyphy/ptII/ptolemy/domains/de/test/auto/CausalityAndComposabilityAnalysis.xml
2 ms. Memory: 45056K Free: 14658K (33%)
----------------- Invoking toplevel() on ptolemy.moml.MoMLSimpleApplication@5f26ff4d
----------------- Done invoking toplevel() on ptolemy.moml.MoMLSimpleApplication@5f26ff4d
reloadAllAccessors: .CausalityAndComposabilityAnalysis

===========================================================================================
----------------- testing Sat Jul 06 06:35:30 UTC 2019 /home/travis/build/icyphy/ptII/ptolemy/domains/de/test/auto/CausalityInterface1.xml
----------------- Instantiating /home/travis/build/icyphy/ptII/ptolemy/domains/de/test/auto/CausalityInterface1.xml
7 ms. Memory: 45056K Free: 9782K (22%)
----------------- Invoking toplevel() on ptolemy.moml.MoMLSimpleApplication@101ed7d7
----------------- Done invoking toplevel() on ptolemy.moml.MoMLSimpleApplication@101ed7d7
reloadAllAccessors: .CausalityInterface1

===========================================================================================
----------------- testing Sat Jul 06 06:35:31 UTC 2019 /home/travis/build/icyphy/ptII/ptolemy/domains/de/test/auto/CausalityInterface15.xml
----------------- Instantiating /home/travis/build/icyphy/ptII/ptolemy/domains/de/test/auto/CausalityInterface15.xml
2 ms. Memory: 45056K Free: 28955K (64%)
----------------- Invoking toplevel() on ptolemy.moml.MoMLSimpleApplication@13667f28
----------------- Done invoking toplevel() on ptolemy.moml.MoMLSimpleApplication@13667f28
reloadAllAccessors: .CausalityInterface15

===========================================================================================
----------------- testing Sat Jul 06 06:35:31 UTC 2019 /home/travis/build/icyphy/ptII/ptolemy/domains/de/test/auto/CausalityInterface2.xml
----------------- Instantiating /home/travis/build/icyphy/ptII/ptolemy/domains/de/test/auto/CausalityInterface2.xml
1 ms. Memory: 45056K Free: 24443K (54%)
[...]
	at ptolemy.actor.Manager.run(Manager.java:1263)
	at ptolemy.actor.Manager$PtolemyRunThread.run(Manager.java:1915)
java.lang.RuntimeException: Execution failed
	at ptolemy.moml.MoMLSimpleApplication$UnloadThread.run(MoMLSimpleApplication.java:402)
Caused by: ptolemy.kernel.util.IllegalActionException: Actor is not ready to fire.  Perhaps UpSample.prefire() returned false? Try debugging the actor by selecting "Listen to Actor".  Also, for SDF check moml for tokenConsumptionRate on input.
  in .DESDFClockTest.Play Bell.Copy1:SDF Director and .DESDFClockTest.Play Bell.UpSample
	at ptolemy.actor.sched.StaticSchedulingDirector.fire(StaticSchedulingDirector.java:227)
	at ptolemy.domains.sdf.kernel.SDFDirector.fire(SDFDirector.java:500)
	at ptolemy.actor.CompositeActor.fire(CompositeActor.java:455)
	at ptolemy.domains.de.kernel.DEDirector._fire(DEDirector.java:1949)
	at ptolemy.domains.de.kernel.DEDirector.fire(DEDirector.java:502)
	at ptolemy.actor.CompositeActor.fire(CompositeActor.java:455)
	at ptolemy.actor.Manager.iterate(Manager.java:851)
	at ptolemy.actor.Manager.execute(Manager.java:369)
	at ptolemy.actor.Manager.run(Manager.java:1263)
	at ptolemy.actor.Manager$PtolemyRunThread.run(Manager.java:1915)
java.lang.reflect.InvocationTargetException
	at java.base/jdk.internal.reflect.NativeConstructorAccessorImpl.newInstance0(Native Method)
	at java.base/jdk.internal.reflect.NativeConstructorAccessorImpl.newInstance(NativeConstructorAccessorImpl.java:62)
	at java.base/jdk.internal.reflect.DelegatingConstructorAccessorImpl.newInstance(DelegatingConstructorAccessorImpl.java:45)
	at java.base/java.lang.reflect.Constructor.newInstance(Constructor.java:490)
	at ptolemy.util.test.junit.AutoKnownFailedTests.RunModel(AutoKnownFailedTests.java:105)
	at java.base/jdk.internal.reflect.NativeMethodAccessorImpl.invoke0(Native Method)
	at java.base/jdk.internal.reflect.NativeMethodAccessorImpl.invoke(NativeMethodAccessorImpl.java:62)
	at java.base/jdk.internal.reflect.DelegatingMethodAccessorImpl.invoke(DelegatingMethodAccessorImpl.java:43)
	at java.base/java.lang.reflect.Method.invoke(Method.java:566)
	at org.junit.runners.model.FrameworkMethod$1.runReflectiveCall(FrameworkMethod.java:44)
	at org.junit.internal.runners.model.ReflectiveCallable.run(ReflectiveCallable.java:15)
	at org.junit.runners.model.FrameworkMethod.invokeExplosively(FrameworkMethod.java:41)
	at junitparams.internal.InvokeParameterisedMethod.evaluate(InvokeParameterisedMethod.java:102)
	at org.junit.internal.runners.statements.FailOnTimeout$1.run(FailOnTimeout.java:28)
Caused by: ptolemy.kernel.util.IllegalActionException: Actor is not ready to fire.  Perhaps UpSample.prefire() returned false? Try debugging the actor by selecting "Listen to Actor".  Also, for SDF check moml for tokenConsumptionRate on input.
  in .DESDFClockTest.Play Bell.Copy1:SDF Director and .DESDFClockTest.Play Bell.UpSample
	at ptolemy.actor.sched.StaticSchedulingDirector.fire(StaticSchedulingDirector.java:227)
	at ptolemy.domains.sdf.kernel.SDFDirector.fire(SDFDirector.java:500)
	at ptolemy.actor.CompositeActor.fire(CompositeActor.java:455)
	at ptolemy.domains.de.kernel.DEDirector._fire(DEDirector.java:1949)
	at ptolemy.domains.de.kernel.DEDirector.fire(DEDirector.java:502)
	at ptolemy.actor.CompositeActor.fire(CompositeActor.java:455)
	at ptolemy.actor.Manager.iterate(Manager.java:851)
	at ptolemy.actor.Manager.execute(Manager.java:369)
	at ptolemy.actor.Manager.run(Manager.java:1263)
	at ptolemy.actor.Manager$PtolemyRunThread.run(Manager.java:1915)
java.lang.RuntimeException: Execution failed
	at ptolemy.moml.MoMLSimpleApplication$UnloadThread.run(MoMLSimpleApplication.java:402)
Caused by: ptolemy.kernel.util.IllegalActionException: Test fails in iteration 1.
Value was: 1.0. Should have been: 2.0
  in .DirectFeedback.Test
	at ptolemy.actor.lib.Test.fire(Test.java:268)
	at ptolemy.domains.de.kernel.DEDirector._fire(DEDirector.java:1949)
	at ptolemy.domains.de.kernel.DEDirector.fire(DEDirector.java:502)
	at ptolemy.actor.CompositeActor.fire(CompositeActor.java:455)
	at ptolemy.actor.Manager.iterate(Manager.java:851)
	at ptolemy.actor.Manager.execute(Manager.java:369)
	at ptolemy.actor.Manager.run(Manager.java:1263)
	at ptolemy.actor.Manager$PtolemyRunThread.run(Manager.java:1915)
java.lang.reflect.InvocationTargetException
	at java.base/jdk.internal.reflect.NativeConstructorAccessorImpl.newInstance0(Native Method)
	at java.base/jdk.internal.reflect.NativeConstructorAccessorImpl.newInstance(NativeConstructorAccessorImpl.java:62)
	at java.base/jdk.internal.reflect.DelegatingConstructorAccessorImpl.newInstance(DelegatingConstructorAccessorImpl.java:45)
	at java.base/java.lang.reflect.Constructor.newInstance(Constructor.java:490)
	at ptolemy.util.test.junit.AutoKnownFailedTests.RunModel(AutoKnownFailedTests.java:105)
	at java.base/jdk.internal.reflect.NativeMethodAccessorImpl.invoke0(Native Method)
	at java.base/jdk.internal.reflect.NativeMethodAccessorImpl.invoke(NativeMethodAccessorImpl.java:62)
	at java.base/jdk.internal.reflect.DelegatingMethodAccessorImpl.invoke(DelegatingMethodAccessorImpl.java:43)
	at java.base/java.lang.reflect.Method.invoke(Method.java:566)
	at org.junit.runners.model.FrameworkMethod$1.runReflectiveCall(FrameworkMethod.java:44)
	at org.junit.internal.runners.model.ReflectiveCallable.run(ReflectiveCallable.java:15)
	at org.junit.runners.model.FrameworkMethod.invokeExplosively(FrameworkMethod.java:41)
	at junitparams.internal.InvokeParameterisedMethod.evaluate(InvokeParameterisedMethod.java:102)
	at org.junit.internal.runners.statements.FailOnTimeout$1.run(FailOnTimeout.java:28)
Caused by: ptolemy.kernel.util.IllegalActionException: Test fails in iteration 1.
Value was: 1.0. Should have been: 2.0
  in .DirectFeedback.Test
	at ptolemy.actor.lib.Test.fire(Test.java:268)
	at ptolemy.domains.de.kernel.DEDirector._fire(DEDirector.java:1949)
	at ptolemy.domains.de.kernel.DEDirector.fire(DEDirector.java:502)
	at ptolemy.actor.CompositeActor.fire(CompositeActor.java:455)
	at ptolemy.actor.Manager.iterate(Manager.java:851)
	at ptolemy.actor.Manager.execute(Manager.java:369)
	at ptolemy.actor.Manager.run(Manager.java:1263)
	at ptolemy.actor.Manager$PtolemyRunThread.run(Manager.java:1915)
java.lang.RuntimeException: Execution failed
	at ptolemy.moml.MoMLSimpleApplication$UnloadThread.run(MoMLSimpleApplication.java:402)
Caused by: ptolemy.kernel.util.IllegalActionException: Found a zero delay loop containing .HierarchicalModel.A
  in .HierarchicalModel and .HierarchicalModel.A
	at ptolemy.actor.util.CausalityInterfaceForComposites._computeOutputPortDepth(CausalityInterfaceForComposites.java:759)
	at ptolemy.actor.util.CausalityInterfaceForComposites._computeInputDepth(CausalityInterfaceForComposites.java:696)
	at ptolemy.actor.util.CausalityInterfaceForComposites._computeOutputPortDepth(CausalityInterfaceForComposites.java:765)
	at ptolemy.actor.util.CausalityInterfaceForComposites._computeInputDepth(CausalityInterfaceForComposites.java:696)
	at ptolemy.actor.util.CausalityInterfaceForComposites._computeOutputPortDepth(CausalityInterfaceForComposites.java:765)
	at ptolemy.actor.util.CausalityInterfaceForComposites._computeInputDepth(CausalityInterfaceForComposites.java:696)
	at ptolemy.actor.util.CausalityInterfaceForComposites._computeActorDepth(CausalityInterfaceForComposites.java:532)
	at ptolemy.actor.util.CausalityInterfaceForComposites.checkForCycles(CausalityInterfaceForComposites.java:96)
	at ptolemy.domains.de.kernel.DEDirector.preinitialize(DEDirector.java:1338)
	at ptolemy.actor.CompositeActor.preinitialize(CompositeActor.java:1828)
	at ptolemy.actor.Manager.preinitializeAndResolveTypes(Manager.java:1040)
	at ptolemy.actor.Manager.initialize(Manager.java:710)
	at ptolemy.actor.Manager.execute(Manager.java:356)
	at ptolemy.actor.Manager.run(Manager.java:1263)
	at ptolemy.actor.Manager$PtolemyRunThread.run(Manager.java:1915)
java.lang.reflect.InvocationTargetException
	at java.base/jdk.internal.reflect.NativeConstructorAccessorImpl.newInstance0(Native Method)
	at java.base/jdk.internal.reflect.NativeConstructorAccessorImpl.newInstance(NativeConstructorAccessorImpl.java:62)
	at java.base/jdk.internal.reflect.DelegatingConstructorAccessorImpl.newInstance(DelegatingConstructorAccessorImpl.java:45)
	at java.base/java.lang.reflect.Constructor.newInstance(Constructor.java:490)
	at ptolemy.util.test.junit.AutoKnownFailedTests.RunModel(AutoKnownFailedTests.java:105)
	at java.base/jdk.internal.reflect.NativeMethodAccessorImpl.invoke0(Native Method)
	at java.base/jdk.internal.reflect.NativeMethodAccessorImpl.invoke(NativeMethodAccessorImpl.java:62)
	at java.base/jdk.internal.reflect.DelegatingMethodAccessorImpl.invoke(DelegatingMethodAccessorImpl.java:43)
	at java.base/java.lang.reflect.Method.invoke(Method.java:566)
	at org.junit.runners.model.FrameworkMethod$1.runReflectiveCall(FrameworkMethod.java:44)
	at org.junit.internal.runners.model.ReflectiveCallable.run(ReflectiveCallable.java:15)
	at org.junit.runners.model.FrameworkMethod.invokeExplosively(FrameworkMethod.java:41)
	at junitparams.internal.InvokeParameterisedMethod.evaluate(InvokeParameterisedMethod.java:102)
	at org.junit.internal.runners.statements.FailOnTimeout$1.run(FailOnTimeout.java:28)
Caused by: ptolemy.kernel.util.IllegalActionException: Found a zero delay loop containing .HierarchicalModel.A
  in .HierarchicalModel and .HierarchicalModel.A
	at ptolemy.actor.util.CausalityInterfaceForComposites._computeOutputPortDepth(CausalityInterfaceForComposites.java:759)
	at ptolemy.actor.util.CausalityInterfaceForComposites._computeInputDepth(CausalityInterfaceForComposites.java:696)
	at ptolemy.actor.util.CausalityInterfaceForComposites._computeOutputPortDepth(CausalityInterfaceForComposites.java:765)
	at ptolemy.actor.util.CausalityInterfaceForComposites._computeInputDepth(CausalityInterfaceForComposites.java:696)
	at ptolemy.actor.util.CausalityInterfaceForComposites._computeOutputPortDepth(CausalityInterfaceForComposites.java:765)
	at ptolemy.actor.util.CausalityInterfaceForComposites._computeInputDepth(CausalityInterfaceForComposites.java:696)
	at ptolemy.actor.util.CausalityInterfaceForComposites._computeActorDepth(CausalityInterfaceForComposites.java:532)
	at ptolemy.actor.util.CausalityInterfaceForComposites.checkForCycles(CausalityInterfaceForComposites.java:96)
	at ptolemy.domains.de.kernel.DEDirector.preinitialize(DEDirector.java:1338)
	at ptolemy.actor.CompositeActor.preinitialize(CompositeActor.java:1828)
	at ptolemy.actor.Manager.preinitializeAndResolveTypes(Manager.java:1040)
	at ptolemy.actor.Manager.initialize(Manager.java:710)
	at ptolemy.actor.Manager.execute(Manager.java:356)
	at ptolemy.actor.Manager.run(Manager.java:1263)
	at ptolemy.actor.Manager$PtolemyRunThread.run(Manager.java:1915)
java.lang.RuntimeException: Execution failed
	at ptolemy.moml.MoMLSimpleApplication$UnloadThread.run(MoMLSimpleApplication.java:402)
Caused by: ptolemy.kernel.util.IllegalActionException: Found a zero delay loop containing .dependencyLoop.original
  in .dependencyLoop and .dependencyLoop.original
	at ptolemy.actor.util.CausalityInterfaceForComposites._computeOutputPortDepth(CausalityInterfaceForComposites.java:759)
	at ptolemy.actor.util.CausalityInterfaceForComposites._computeInputDepth(CausalityInterfaceForComposites.java:696)
	at ptolemy.actor.util.CausalityInterfaceForComposites._computeOutputPortDepth(CausalityInterfaceForComposites.java:765)
	at ptolemy.actor.util.CausalityInterfaceForComposites._computeInputDepth(CausalityInterfaceForComposites.java:696)
	at ptolemy.actor.util.CausalityInterfaceForComposites._computeOutputPortDepth(CausalityInterfaceForComposites.java:765)
	at ptolemy.actor.util.CausalityInterfaceForComposites._computeInputDepth(CausalityInterfaceForComposites.java:696)
	at ptolemy.actor.util.CausalityInterfaceForComposites._computeActorDepth(CausalityInterfaceForComposites.java:532)
	at ptolemy.actor.util.CausalityInterfaceForComposites.checkForCycles(CausalityInterfaceForComposites.java:96)
	at ptolemy.domains.de.kernel.DEDirector.preinitialize(DEDirector.java:1338)
	at ptolemy.actor.CompositeActor.preinitialize(CompositeActor.java:1828)
	at ptolemy.actor.Manager.preinitializeAndResolveTypes(Manager.java:1040)
	at ptolemy.actor.Manager.initialize(Manager.java:710)
	at ptolemy.actor.Manager.execute(Manager.java:356)
	at ptolemy.actor.Manager.run(Manager.java:1263)
	at ptolemy.actor.Manager$PtolemyRunThread.run(Manager.java:1915)
java.lang.reflect.InvocationTargetException
	at java.base/jdk.internal.reflect.NativeConstructorAccessorImpl.newInstance0(Native Method)
	at java.base/jdk.internal.reflect.NativeConstructorAccessorImpl.newInstance(NativeConstructorAccessorImpl.java:62)
	at java.base/jdk.internal.reflect.DelegatingConstructorAccessorImpl.newInstance(DelegatingConstructorAccessorImpl.java:45)
	at java.base/java.lang.reflect.Constructor.newInstance(Constructor.java:490)
	at ptolemy.util.test.junit.AutoKnownFailedTests.RunModel(AutoKnownFailedTests.java:105)
	at java.base/jdk.internal.reflect.NativeMethodAccessorImpl.invoke0(Native Method)
	at java.base/jdk.internal.reflect.NativeMethodAccessorImpl.invoke(NativeMethodAccessorImpl.java:62)
	at java.base/jdk.internal.reflect.DelegatingMethodAccessorImpl.invoke(DelegatingMethodAccessorImpl.java:43)
	at java.base/java.lang.reflect.Method.invoke(Method.java:566)
	at org.junit.runners.model.FrameworkMethod$1.runReflectiveCall(FrameworkMethod.java:44)
	at org.junit.internal.runners.model.ReflectiveCallable.run(ReflectiveCallable.java:15)
	at org.junit.runners.model.FrameworkMethod.invokeExplosively(FrameworkMethod.java:41)
	at junitparams.internal.InvokeParameterisedMethod.evaluate(InvokeParameterisedMethod.java:102)
	at org.junit.internal.runners.statements.FailOnTimeout$1.run(FailOnTimeout.java:28)
Caused by: ptolemy.kernel.util.IllegalActionException: Found a zero delay loop containing .dependencyLoop.original
  in .dependencyLoop and .dependencyLoop.original
	at ptolemy.actor.util.CausalityInterfaceForComposites._computeOutputPortDepth(CausalityInterfaceForComposites.java:759)
	at ptolemy.actor.util.CausalityInterfaceForComposites._computeInputDepth(CausalityInterfaceForComposites.java:696)
	at ptolemy.actor.util.CausalityInterfaceForComposites._computeOutputPortDepth(CausalityInterfaceForComposites.java:765)
	at ptolemy.actor.util.CausalityInterfaceForComposites._computeInputDepth(CausalityInterfaceForComposites.java:696)
	at ptolemy.actor.util.CausalityInterfaceForComposites._computeOutputPortDepth(CausalityInterfaceForComposites.java:765)
	at ptolemy.actor.util.CausalityInterfaceForComposites._computeInputDepth(CausalityInterfaceForComposites.java:696)
	at ptolemy.actor.util.CausalityInterfaceForComposites._computeActorDepth(CausalityInterfaceForComposites.java:532)
	at ptolemy.actor.util.CausalityInterfaceForComposites.checkForCycles(CausalityInterfaceForComposites.java:96)
	at ptolemy.domains.de.kernel.DEDirector.preinitialize(DEDirector.java:1338)
	at ptolemy.actor.CompositeActor.preinitialize(CompositeActor.java:1828)
	at ptolemy.actor.Manager.preinitializeAndResolveTypes(Manager.java:1040)
	at ptolemy.actor.Manager.initialize(Manager.java:710)
	at ptolemy.actor.Manager.execute(Manager.java:356)
	at ptolemy.actor.Manager.run(Manager.java:1263)
	at ptolemy.actor.Manager$PtolemyRunThread.run(Manager.java:1915)
java.lang.RuntimeException: Execution failed
	at ptolemy.moml.MoMLSimpleApplication$UnloadThread.run(MoMLSimpleApplication.java:402)
Caused by: ptolemy.kernel.util.IllegalActionException: Found a zero delay loop containing .dependencyLoop2.original
  in .dependencyLoop2 and .dependencyLoop2.original
	at ptolemy.actor.util.CausalityInterfaceForComposites._computeOutputPortDepth(CausalityInterfaceForComposites.java:759)
	at ptolemy.actor.util.CausalityInterfaceForComposites._computeInputDepth(CausalityInterfaceForComposites.java:696)
	at ptolemy.actor.util.CausalityInterfaceForComposites._computeOutputPortDepth(CausalityInterfaceForComposites.java:765)
	at ptolemy.actor.util.CausalityInterfaceForComposites._computeInputDepth(CausalityInterfaceForComposites.java:696)
	at ptolemy.actor.util.CausalityInterfaceForComposites._computeOutputPortDepth(CausalityInterfaceForComposites.java:765)
	at ptolemy.actor.util.CausalityInterfaceForComposites._computeInputDepth(CausalityInterfaceForComposites.java:696)
	at ptolemy.actor.util.CausalityInterfaceForComposites._computeActorDepth(CausalityInterfaceForComposites.java:532)
	at ptolemy.actor.util.CausalityInterfaceForComposites.checkForCycles(CausalityInterfaceForComposites.java:96)
	at ptolemy.domains.de.kernel.DEDirector.preinitialize(DEDirector.java:1338)
	at ptolemy.actor.CompositeActor.preinitialize(CompositeActor.java:1828)
	at ptolemy.actor.Manager.preinitializeAndResolveTypes(Manager.java:1040)
	at ptolemy.actor.Manager.initialize(Manager.java:710)
	at ptolemy.actor.Manager.execute(Manager.java:356)
	at ptolemy.actor.Manager.run(Manager.java:1263)
	at ptolemy.actor.Manager$PtolemyRunThread.run(Manager.java:1915)
java.lang.reflect.InvocationTargetException
	at java.base/jdk.internal.reflect.NativeConstructorAccessorImpl.newInstance0(Native Method)
	at java.base/jdk.internal.reflect.NativeConstructorAccessorImpl.newInstance(NativeConstructorAccessorImpl.java:62)
	at java.base/jdk.internal.reflect.DelegatingConstructorAccessorImpl.newInstance(DelegatingConstructorAccessorImpl.java:45)
	at java.base/java.lang.reflect.Constructor.newInstance(Constructor.java:490)
	at ptolemy.util.test.junit.AutoKnownFailedTests.RunModel(AutoKnownFailedTests.java:105)
	at java.base/jdk.internal.reflect.NativeMethodAccessorImpl.invoke0(Native Method)
	at java.base/jdk.internal.reflect.NativeMethodAccessorImpl.invoke(NativeMethodAccessorImpl.java:62)
	at java.base/jdk.internal.reflect.DelegatingMethodAccessorImpl.invoke(DelegatingMethodAccessorImpl.java:43)
	at java.base/java.lang.reflect.Method.invoke(Method.java:566)
	at org.junit.runners.model.FrameworkMethod$1.runReflectiveCall(FrameworkMethod.java:44)
	at org.junit.internal.runners.model.ReflectiveCallable.run(ReflectiveCallable.java:15)
	at org.junit.runners.model.FrameworkMethod.invokeExplosively(FrameworkMethod.java:41)
	at junitparams.internal.InvokeParameterisedMethod.evaluate(InvokeParameterisedMethod.java:102)
	at org.junit.internal.runners.statements.FailOnTimeout$1.run(FailOnTimeout.java:28)
Caused by: ptolemy.kernel.util.IllegalActionException: Found a zero delay loop containing .dependencyLoop2.original
  in .dependencyLoop2 and .dependencyLoop2.original
	at ptolemy.actor.util.CausalityInterfaceForComposites._computeOutputPortDepth(CausalityInterfaceForComposites.java:759)
	at ptolemy.actor.util.CausalityInterfaceForComposites._computeInputDepth(CausalityInterfaceForComposites.java:696)
	at ptolemy.actor.util.CausalityInterfaceForComposites._computeOutputPortDepth(CausalityInterfaceForComposites.java:765)
	at ptolemy.actor.util.CausalityInterfaceForComposites._computeInputDepth(CausalityInterfaceForComposites.java:696)
	at ptolemy.actor.util.CausalityInterfaceForComposites._computeOutputPortDepth(CausalityInterfaceForComposites.java:765)
	at ptolemy.actor.util.CausalityInterfaceForComposites._computeInputDepth(CausalityInterfaceForComposites.java:696)
	at ptolemy.actor.util.CausalityInterfaceForComposites._computeActorDepth(CausalityInterfaceForComposites.java:532)
	at ptolemy.actor.util.CausalityInterfaceForComposites.checkForCycles(CausalityInterfaceForComposites.java:96)
	at ptolemy.domains.de.kernel.DEDirector.preinitialize(DEDirector.java:1338)
	at ptolemy.actor.CompositeActor.preinitialize(CompositeActor.java:1828)
	at ptolemy.actor.Manager.preinitializeAndResolveTypes(Manager.java:1040)
	at ptolemy.actor.Manager.initialize(Manager.java:710)
	at ptolemy.actor.Manager.execute(Manager.java:356)
	at ptolemy.actor.Manager.run(Manager.java:1263)
	at ptolemy.actor.Manager$PtolemyRunThread.run(Manager.java:1915)
]]></system-err>
</testsuite>
