<?xml version="1.0" encoding="UTF-8" ?>
<testsuite errors="0" failures="0" hostname="travis-job-72a2a0e8-cc0d-4512-911c-f9c0f68efaa9" name="ptolemy.actor.lib.hoc.test.junit.JUnitTclTest" skipped="0" tests="58" time="24.647" timestamp="2018-07-20T01:50:56">
  <properties>
[...]
</properties>
  <testcase classname="ptolemy.util.test.junit.TclTests" name="[0] /home/travis/build/icyphy/ptII/ptolemy/actor/lib/hoc/test/IterateOverArray.tcl (RunTclFile)" time="0.267" />
  <testcase classname="ptolemy.util.test.junit.AutoKnownFailedTests" name="[0] /home/travis/build/icyphy/ptII/ptolemy/actor/lib/hoc/test/auto/knownFailedTests/PreinitializeMustBeInvokedRunComposite.xml (RunModel)" time="0.244" />
  <testcase classname="ptolemy.util.test.junit.AutoNameArchTests" name="[0] ThereAreNoAutoArchTests (RunModel)" time="0.002" />
  <testcase classname="ptolemy.util.test.junit.AutoTests" name="[0] /home/travis/build/icyphy/ptII/ptolemy/actor/lib/hoc/test/auto/AllToAllMultiInstanceComposite.xml (RunModel)" time="0.232" />
  <testcase classname="ptolemy.util.test.junit.AutoTests" name="[1] /home/travis/build/icyphy/ptII/ptolemy/actor/lib/hoc/test/auto/ApplyFFTTest.xml (RunModel)" time="0.389" />
  <testcase classname="ptolemy.util.test.junit.AutoTests" name="[2] /home/travis/build/icyphy/ptII/ptolemy/actor/lib/hoc/test/auto/ApplyFunction.xml (RunModel)" time="0.024" />
  <testcase classname="ptolemy.util.test.junit.AutoTests" name="[3] /home/travis/build/icyphy/ptII/ptolemy/actor/lib/hoc/test/auto/BackgroundExecution.xml (RunModel)" time="0.693" />
  <testcase classname="ptolemy.util.test.junit.AutoTests" name="[4] /home/travis/build/icyphy/ptII/ptolemy/actor/lib/hoc/test/auto/Case.xml (RunModel)" time="0.063" />
  <testcase classname="ptolemy.util.test.junit.AutoTests" name="[5] /home/travis/build/icyphy/ptII/ptolemy/actor/lib/hoc/test/auto/Case1.xml (RunModel)" time="0.061" />
  <testcase classname="ptolemy.util.test.junit.AutoTests" name="[6] /home/travis/build/icyphy/ptII/ptolemy/actor/lib/hoc/test/auto/Case2.xml (RunModel)" time="0.113" />
  <testcase classname="ptolemy.util.test.junit.AutoTests" name="[7] /home/travis/build/icyphy/ptII/ptolemy/actor/lib/hoc/test/auto/Case3.xml (RunModel)" time="0.029" />
  <testcase classname="ptolemy.util.test.junit.AutoTests" name="[8] /home/travis/build/icyphy/ptII/ptolemy/actor/lib/hoc/test/auto/Case4.xml (RunModel)" time="0.034" />
  <testcase classname="ptolemy.util.test.junit.AutoTests" name="[9] /home/travis/build/icyphy/ptII/ptolemy/actor/lib/hoc/test/auto/Case5.xml (RunModel)" time="0.092" />
  <testcase classname="ptolemy.util.test.junit.AutoTests" name="[10] /home/travis/build/icyphy/ptII/ptolemy/actor/lib/hoc/test/auto/Case6.xml (RunModel)" time="0.15" />
  <testcase classname="ptolemy.util.test.junit.AutoTests" name="[11] /home/travis/build/icyphy/ptII/ptolemy/actor/lib/hoc/test/auto/CaseString2.xml (RunModel)" time="0.058" />
  <testcase classname="ptolemy.util.test.junit.AutoTests" name="[12] /home/travis/build/icyphy/ptII/ptolemy/actor/lib/hoc/test/auto/CatchUpComposite1.xml (RunModel)" time="0.096" />
  <testcase classname="ptolemy.util.test.junit.AutoTests" name="[13] /home/travis/build/icyphy/ptII/ptolemy/actor/lib/hoc/test/auto/CatchUpComposite2.xml (RunModel)" time="0.067" />
  <testcase classname="ptolemy.util.test.junit.AutoTests" name="[14] /home/travis/build/icyphy/ptII/ptolemy/actor/lib/hoc/test/auto/CatchUpComposite3.xml (RunModel)" time="0.045" />
  <testcase classname="ptolemy.util.test.junit.AutoTests" name="[15] /home/travis/build/icyphy/ptII/ptolemy/actor/lib/hoc/test/auto/CatchUpComposite4.xml (RunModel)" time="0.071" />
  <testcase classname="ptolemy.util.test.junit.AutoTests" name="[16] /home/travis/build/icyphy/ptII/ptolemy/actor/lib/hoc/test/auto/CatchUpComposite5.xml (RunModel)" time="0.049" />
  <testcase classname="ptolemy.util.test.junit.AutoTests" name="[17] /home/travis/build/icyphy/ptII/ptolemy/actor/lib/hoc/test/auto/CatchUpComposite6.xml (RunModel)" time="0.175" />
  <testcase classname="ptolemy.util.test.junit.AutoTests" name="[18] /home/travis/build/icyphy/ptII/ptolemy/actor/lib/hoc/test/auto/CatchUpComposite7.xml (RunModel)" time="0.108" />
  <testcase classname="ptolemy.util.test.junit.AutoTests" name="[19] /home/travis/build/icyphy/ptII/ptolemy/actor/lib/hoc/test/auto/ConcurrentExecutionTimeSDF.xml (RunModel)" time="1.07" />
  <testcase classname="ptolemy.util.test.junit.AutoTests" name="[20] /home/travis/build/icyphy/ptII/ptolemy/actor/lib/hoc/test/auto/ConcurrentSleep.xml (RunModel)" time="0.785" />
  <testcase classname="ptolemy.util.test.junit.AutoTests" name="[21] /home/travis/build/icyphy/ptII/ptolemy/actor/lib/hoc/test/auto/DEInPNInRunCompositeActor.xml (RunModel)" time="0.033" />
  <testcase classname="ptolemy.util.test.junit.AutoTests" name="[22] /home/travis/build/icyphy/ptII/ptolemy/actor/lib/hoc/test/auto/DFTSubSetTest.xml (RunModel)" time="0.228" />
  <testcase classname="ptolemy.util.test.junit.AutoTests" name="[23] /home/travis/build/icyphy/ptII/ptolemy/actor/lib/hoc/test/auto/HocDE.xml (RunModel)" time="0.202" />
  <testcase classname="ptolemy.util.test.junit.AutoTests" name="[24] /home/travis/build/icyphy/ptII/ptolemy/actor/lib/hoc/test/auto/IterateOverArray.xml (RunModel)" time="0.026" />
  <testcase classname="ptolemy.util.test.junit.AutoTests" name="[25] /home/travis/build/icyphy/ptII/ptolemy/actor/lib/hoc/test/auto/IterateOverArray10.xml (RunModel)" time="0.033" />
  <testcase classname="ptolemy.util.test.junit.AutoTests" name="[26] /home/travis/build/icyphy/ptII/ptolemy/actor/lib/hoc/test/auto/IterateOverArray11.xml (RunModel)" time="0.024" />
  <testcase classname="ptolemy.util.test.junit.AutoTests" name="[27] /home/travis/build/icyphy/ptII/ptolemy/actor/lib/hoc/test/auto/IterateOverArray12.xml (RunModel)" time="0.048" />
  <testcase classname="ptolemy.util.test.junit.AutoTests" name="[28] /home/travis/build/icyphy/ptII/ptolemy/actor/lib/hoc/test/auto/IterateOverArray13.xml (RunModel)" time="0.167" />
  <testcase classname="ptolemy.util.test.junit.AutoTests" name="[29] /home/travis/build/icyphy/ptII/ptolemy/actor/lib/hoc/test/auto/IterateOverArray14.xml (RunModel)" time="0.148" />
  <testcase classname="ptolemy.util.test.junit.AutoTests" name="[30] /home/travis/build/icyphy/ptII/ptolemy/actor/lib/hoc/test/auto/IterateOverArray2.xml (RunModel)" time="0.025" />
  <testcase classname="ptolemy.util.test.junit.AutoTests" name="[31] /home/travis/build/icyphy/ptII/ptolemy/actor/lib/hoc/test/auto/IterateOverArray3.xml (RunModel)" time="0.029" />
  <testcase classname="ptolemy.util.test.junit.AutoTests" name="[32] /home/travis/build/icyphy/ptII/ptolemy/actor/lib/hoc/test/auto/IterateOverArray4.xml (RunModel)" time="0.02" />
  <testcase classname="ptolemy.util.test.junit.AutoTests" name="[33] /home/travis/build/icyphy/ptII/ptolemy/actor/lib/hoc/test/auto/IterateOverArray5.xml (RunModel)" time="0.021" />
  <testcase classname="ptolemy.util.test.junit.AutoTests" name="[34] /home/travis/build/icyphy/ptII/ptolemy/actor/lib/hoc/test/auto/IterateOverArray6.xml (RunModel)" time="0.016" />
  <testcase classname="ptolemy.util.test.junit.AutoTests" name="[35] /home/travis/build/icyphy/ptII/ptolemy/actor/lib/hoc/test/auto/IterateOverArray7.xml (RunModel)" time="0.026" />
  <testcase classname="ptolemy.util.test.junit.AutoTests" name="[36] /home/travis/build/icyphy/ptII/ptolemy/actor/lib/hoc/test/auto/IterateOverArray8.xml (RunModel)" time="0.024" />
  <testcase classname="ptolemy.util.test.junit.AutoTests" name="[37] /home/travis/build/icyphy/ptII/ptolemy/actor/lib/hoc/test/auto/IterateOverArray9.xml (RunModel)" time="0.022" />
  <testcase classname="ptolemy.util.test.junit.AutoTests" name="[38] /home/travis/build/icyphy/ptII/ptolemy/actor/lib/hoc/test/auto/IterateOverArrayCoercedOutputType.xml (RunModel)" time="0.039" />
  <testcase classname="ptolemy.util.test.junit.AutoTests" name="[39] /home/travis/build/icyphy/ptII/ptolemy/actor/lib/hoc/test/auto/IterateOverArrayInferredOutputType.xml (RunModel)" time="0.033" />
  <testcase classname="ptolemy.util.test.junit.AutoTests" name="[40] /home/travis/build/icyphy/ptII/ptolemy/actor/lib/hoc/test/auto/MobileFunctionTest.xml (RunModel)" time="0.027" />
  <testcase classname="ptolemy.util.test.junit.AutoTests" name="[41] /home/travis/build/icyphy/ptII/ptolemy/actor/lib/hoc/test/auto/MobileModelTest.xml (RunModel)" time="0.106" />
  <testcase classname="ptolemy.util.test.junit.AutoTests" name="[42] /home/travis/build/icyphy/ptII/ptolemy/actor/lib/hoc/test/auto/ModelReference.xml (RunModel)" time="0.085" />
  <testcase classname="ptolemy.util.test.junit.AutoTests" name="[43] /home/travis/build/icyphy/ptII/ptolemy/actor/lib/hoc/test/auto/ModelReference3.xml (RunModel)" time="0.05" />
  <testcase classname="ptolemy.util.test.junit.AutoTests" name="[44] /home/travis/build/icyphy/ptII/ptolemy/actor/lib/hoc/test/auto/ModelReference4.xml (RunModel)" time="10.03" />
  <testcase classname="ptolemy.util.test.junit.AutoTests" name="[45] /home/travis/build/icyphy/ptII/ptolemy/actor/lib/hoc/test/auto/MultiInstanceComposite.xml (RunModel)" time="0.046" />
  <testcase classname="ptolemy.util.test.junit.AutoTests" name="[46] /home/travis/build/icyphy/ptII/ptolemy/actor/lib/hoc/test/auto/MultiInstanceComposite2.xml (RunModel)" time="0.047" />
  <testcase classname="ptolemy.util.test.junit.AutoTests" name="[47] /home/travis/build/icyphy/ptII/ptolemy/actor/lib/hoc/test/auto/MulticoreExecution.xml (RunModel)" time="1.152" />
  <testcase classname="ptolemy.util.test.junit.AutoTests" name="[48] /home/travis/build/icyphy/ptII/ptolemy/actor/lib/hoc/test/auto/ParallelExecution.xml (RunModel)" time="0.936" />
  <testcase classname="ptolemy.util.test.junit.AutoTests" name="[49] /home/travis/build/icyphy/ptII/ptolemy/actor/lib/hoc/test/auto/RunCompositeActor.xml (RunModel)" time="0.059" />
  <testcase classname="ptolemy.util.test.junit.AutoTests" name="[50] /home/travis/build/icyphy/ptII/ptolemy/actor/lib/hoc/test/auto/RunCompositeActor2.xml (RunModel)" time="0.033" />
  <testcase classname="ptolemy.util.test.junit.AutoTests" name="[51] /home/travis/build/icyphy/ptII/ptolemy/actor/lib/hoc/test/auto/RunCompositeActor3.xml (RunModel)" time="0.054" />
  <testcase classname="ptolemy.util.test.junit.AutoTests" name="[52] /home/travis/build/icyphy/ptII/ptolemy/actor/lib/hoc/test/auto/RunCompositeActor4.xml (RunModel)" time="0.141" />
  <testcase classname="ptolemy.util.test.junit.AutoTests" name="[53] /home/travis/build/icyphy/ptII/ptolemy/actor/lib/hoc/test/auto/RunCompositeIterateOverArray.xml (RunModel)" time="0.026" />
  <testcase classname="ptolemy.util.test.junit.AutoTests" name="[54] /home/travis/build/icyphy/ptII/ptolemy/actor/lib/hoc/test/auto/ThreadedJS.xml (RunModel)" time="5.283" />
  <system-out><![CDATA[/home/travis/build/icyphy/ptII/ptolemy/actor/lib/hoc/test/IterateOverArray.tcl
testDefs.tcl: setting time out to 9000 seconds at Fri Jul 20 01:50:56 UTC 2018
07/20/18 01:50:56
Failed: 0  Total Tests: 2  ((Passed: 2, Newly Passed: 0)  Known Failed: 0) /home/travis/build/icyphy/ptII/ptolemy/actor/lib/hoc/test
----------------- testing (KnownFailure) /home/travis/build/icyphy/ptII/ptolemy/actor/lib/hoc/test/auto/knownFailedTests/PreinitializeMustBeInvokedRunComposite.xml
41 ms. Memory: 116224K Free: 103552K (89%)
Known Failure: java.lang.reflect.InvocationTargetException
No auto/linux-amd64/*.xml tests in /home/travis/build/icyphy/ptII/ptolemy/actor/lib/hoc/test
AutoTests.java: About to close Vertx.
AutoTests.java: Vertx closed.

===========================================================================================
----------------- testing Fri Jul 20 01:50:57 UTC 2018 /home/travis/build/icyphy/ptII/ptolemy/actor/lib/hoc/test/auto/AllToAllMultiInstanceComposite.xml
----------------- Instantiating /home/travis/build/icyphy/ptII/ptolemy/actor/lib/hoc/test/auto/AllToAllMultiInstanceComposite.xml
111 ms. Memory: 146944K Free: 108226K (74%)
----------------- Invoking toplevel() on ptolemy.moml.MoMLSimpleApplication@6c12e44c
----------------- Done invoking toplevel() on ptolemy.moml.MoMLSimpleApplication@6c12e44c
reloadAllAccessors: .AllToAllMultiInstanceComposite

===========================================================================================
----------------- testing Fri Jul 20 01:50:57 UTC 2018 /home/travis/build/icyphy/ptII/ptolemy/actor/lib/hoc/test/auto/ApplyFFTTest.xml
----------------- Instantiating /home/travis/build/icyphy/ptII/ptolemy/actor/lib/hoc/test/auto/ApplyFFTTest.xml
144 ms. Memory: 146944K Free: 88266K (60%)
----------------- Invoking toplevel() on ptolemy.moml.MoMLSimpleApplication@2aa00912
----------------- Done invoking toplevel() on ptolemy.moml.MoMLSimpleApplication@2aa00912
reloadAllAccessors: .ApplyFFTTest

===========================================================================================
----------------- testing Fri Jul 20 01:50:57 UTC 2018 /home/travis/build/icyphy/ptII/ptolemy/actor/lib/hoc/test/auto/ApplyFunction.xml
----------------- Instantiating /home/travis/build/icyphy/ptII/ptolemy/actor/lib/hoc/test/auto/ApplyFunction.xml
5 ms. Memory: 146944K Free: 84548K (58%)
----------------- Invoking toplevel() on ptolemy.moml.MoMLSimpleApplication@754a7a2f
----------------- Done invoking toplevel() on ptolemy.moml.MoMLSimpleApplication@754a7a2f
reloadAllAccessors: .ApplyFunction

===========================================================================================
----------------- testing Fri Jul 20 01:50:57 UTC 2018 /home/travis/build/icyphy/ptII/ptolemy/actor/lib/hoc/test/auto/BackgroundExecution.xml
----------------- Instantiating /home/travis/build/icyphy/ptII/ptolemy/actor/lib/hoc/test/auto/BackgroundExecution.xml
629 ms. Memory: 146944K Free: 137264K (93%)
----------------- Invoking toplevel() on ptolemy.moml.MoMLSimpleApplication@3382cdbd
----------------- Done invoking toplevel() on ptolemy.moml.MoMLSimpleApplication@3382cdbd
reloadAllAccessors: .BackgroundExecution

===========================================================================================
----------------- testing Fri Jul 20 01:50:58 UTC 2018 /home/travis/build/icyphy/ptII/ptolemy/actor/lib/hoc/test/auto/Case.xml
----------------- Instantiating /home/travis/build/icyphy/ptII/ptolemy/actor/lib/hoc/test/auto/Case.xml
16 ms. Memory: 146944K Free: 128617K (88%)
----------------- Invoking toplevel() on ptolemy.moml.MoMLSimpleApplication@752740ee
----------------- Done invoking toplevel() on ptolemy.moml.MoMLSimpleApplication@752740ee
reloadAllAccessors: .Case

===========================================================================================
----------------- testing Fri Jul 20 01:50:58 UTC 2018 /home/travis/build/icyphy/ptII/ptolemy/actor/lib/hoc/test/auto/Case1.xml
----------------- Instantiating /home/travis/build/icyphy/ptII/ptolemy/actor/lib/hoc/test/auto/Case1.xml
13 ms. Memory: 146944K Free: 121493K (83%)
----------------- Invoking toplevel() on ptolemy.moml.MoMLSimpleApplication@4ef7adc3
----------------- Done invoking toplevel() on ptolemy.moml.MoMLSimpleApplication@4ef7adc3
reloadAllAccessors: .Case1

===========================================================================================
----------------- testing Fri Jul 20 01:50:58 UTC 2018 /home/travis/build/icyphy/ptII/ptolemy/actor/lib/hoc/test/auto/Case2.xml
----------------- Instantiating /home/travis/build/icyphy/ptII/ptolemy/actor/lib/hoc/test/auto/Case2.xml
46 ms. Memory: 146944K Free: 109938K (75%)
----------------- Invoking toplevel() on ptolemy.moml.MoMLSimpleApplication@5d6221c0
----------------- Done invoking toplevel() on ptolemy.moml.MoMLSimpleApplication@5d6221c0
reloadAllAccessors: .Case2

===========================================================================================
----------------- testing Fri Jul 20 01:50:58 UTC 2018 /home/travis/build/icyphy/ptII/ptolemy/actor/lib/hoc/test/auto/Case3.xml
----------------- Instantiating /home/travis/build/icyphy/ptII/ptolemy/actor/lib/hoc/test/auto/Case3.xml
7 ms. Memory: 146944K Free: 103625K (71%)
----------------- Invoking toplevel() on ptolemy.moml.MoMLSimpleApplication@566e9193
----------------- Done invoking toplevel() on ptolemy.moml.MoMLSimpleApplication@566e9193
reloadAllAccessors: .Case3

===========================================================================================
----------------- testing Fri Jul 20 01:50:58 UTC 2018 /home/travis/build/icyphy/ptII/ptolemy/actor/lib/hoc/test/auto/Case4.xml
----------------- Instantiating /home/travis/build/icyphy/ptII/ptolemy/actor/lib/hoc/test/auto/Case4.xml
10 ms. Memory: 146944K Free: 94191K (64%)
----------------- Invoking toplevel() on ptolemy.moml.MoMLSimpleApplication@5c8c0335
----------------- Done invoking toplevel() on ptolemy.moml.MoMLSimpleApplication@5c8c0335
reloadAllAccessors: .Case4

===========================================================================================
----------------- testing Fri Jul 20 01:50:58 UTC 2018 /home/travis/build/icyphy/ptII/ptolemy/actor/lib/hoc/test/auto/Case5.xml
----------------- Instantiating /home/travis/build/icyphy/ptII/ptolemy/actor/lib/hoc/test/auto/Case5.xml
57 ms. Memory: 146944K Free: 87051K (59%)
----------------- Invoking toplevel() on ptolemy.moml.MoMLSimpleApplication@4efa1ef7
----------------- Done invoking toplevel() on ptolemy.moml.MoMLSimpleApplication@4efa1ef7
reloadAllAccessors: .junk

===========================================================================================
----------------- testing Fri Jul 20 01:50:58 UTC 2018 /home/travis/build/icyphy/ptII/ptolemy/actor/lib/hoc/test/auto/Case6.xml
----------------- Instantiating /home/travis/build/icyphy/ptII/ptolemy/actor/lib/hoc/test/auto/Case6.xml
50 ms. Memory: 208384K Free: 196498K (94%)
----------------- Invoking toplevel() on ptolemy.moml.MoMLSimpleApplication@55d1881a
----------------- Done invoking toplevel() on ptolemy.moml.MoMLSimpleApplication@55d1881a
reloadAllAccessors: .Case6

===========================================================================================
----------------- testing Fri Jul 20 01:50:59 UTC 2018 /home/travis/build/icyphy/ptII/ptolemy/actor/lib/hoc/test/auto/CaseString2.xml
----------------- Instantiating /home/travis/build/icyphy/ptII/ptolemy/actor/lib/hoc/test/auto/CaseString2.xml
17 ms. Memory: 208384K Free: 186903K (90%)
----------------- Invoking toplevel() on ptolemy.moml.MoMLSimpleApplication@5955761c
----------------- Done invoking toplevel() on ptolemy.moml.MoMLSimpleApplication@5955761c
reloadAllAccessors: .CaseString2

===========================================================================================
----------------- testing Fri Jul 20 01:50:59 UTC 2018 /home/travis/build/icyphy/ptII/ptolemy/actor/lib/hoc/test/auto/CatchUpComposite1.xml
----------------- Instantiating /home/travis/build/icyphy/ptII/ptolemy/actor/lib/hoc/test/auto/CatchUpComposite1.xml
28 ms. Memory: 208384K Free: 177024K (85%)
----------------- Invoking toplevel() on ptolemy.moml.MoMLSimpleApplication@2f691b1b
----------------- Done invoking toplevel() on ptolemy.moml.MoMLSimpleApplication@2f691b1b
reloadAllAccessors: .CatchUpComposite1

===========================================================================================
----------------- testing Fri Jul 20 01:50:59 UTC 2018 /home/travis/build/icyphy/ptII/ptolemy/actor/lib/hoc/test/auto/CatchUpComposite2.xml
----------------- Instantiating /home/travis/build/icyphy/ptII/ptolemy/actor/lib/hoc/test/auto/CatchUpComposite2.xml
23 ms. Memory: 208384K Free: 167145K (80%)
----------------- Invoking toplevel() on ptolemy.moml.MoMLSimpleApplication@13c0975d
----------------- Done invoking toplevel() on ptolemy.moml.MoMLSimpleApplication@13c0975d
reloadAllAccessors: .CatchUpComposite2

===========================================================================================
----------------- testing Fri Jul 20 01:50:59 UTC 2018 /home/travis/build/icyphy/ptII/ptolemy/actor/lib/hoc/test/auto/CatchUpComposite3.xml
----------------- Instantiating /home/travis/build/icyphy/ptII/ptolemy/actor/lib/hoc/test/auto/CatchUpComposite3.xml
12 ms. Memory: 208384K Free: 156338K (75%)
----------------- Invoking toplevel() on ptolemy.moml.MoMLSimpleApplication@403375b1
----------------- Done invoking toplevel() on ptolemy.moml.MoMLSimpleApplication@403375b1
reloadAllAccessors: .CatchUpComposite3

===========================================================================================
----------------- testing Fri Jul 20 01:50:59 UTC 2018 /home/travis/build/icyphy/ptII/ptolemy/actor/lib/hoc/test/auto/CatchUpComposite4.xml
----------------- Instantiating /home/travis/build/icyphy/ptII/ptolemy/actor/lib/hoc/test/auto/CatchUpComposite4.xml
18 ms. Memory: 208384K Free: 147121K (71%)
----------------- Invoking toplevel() on ptolemy.moml.MoMLSimpleApplication@43ddefbc
----------------- Done invoking toplevel() on ptolemy.moml.MoMLSimpleApplication@43ddefbc
reloadAllAccessors: .CatchUpComposite4

===========================================================================================
----------------- testing Fri Jul 20 01:50:59 UTC 2018 /home/travis/build/icyphy/ptII/ptolemy/actor/lib/hoc/test/auto/CatchUpComposite5.xml
----------------- Instantiating /home/travis/build/icyphy/ptII/ptolemy/actor/lib/hoc/test/auto/CatchUpComposite5.xml
14 ms. Memory: 208384K Free: 138471K (66%)
----------------- Invoking toplevel() on ptolemy.moml.MoMLSimpleApplication@41cad3c
----------------- Done invoking toplevel() on ptolemy.moml.MoMLSimpleApplication@41cad3c
reloadAllAccessors: .CatchUpComposite5

===========================================================================================
----------------- testing Fri Jul 20 01:50:59 UTC 2018 /home/travis/build/icyphy/ptII/ptolemy/actor/lib/hoc/test/auto/CatchUpComposite6.xml
----------------- Instantiating /home/travis/build/icyphy/ptII/ptolemy/actor/lib/hoc/test/auto/CatchUpComposite6.xml
WARNING: The execution aspects in this model can influence the timing of actors by delaying the 
execution, potentially changing the behavior. There is no guarantee that actors fire at the 
time they request to be fired. 
Use Ptides for deterministic DE behavior that is not influenced by execution aspects. 

99 ms. Memory: 208384K Free: 119611K (57%)
----------------- Invoking toplevel() on ptolemy.moml.MoMLSimpleApplication@6cb31289
----------------- Done invoking toplevel() on ptolemy.moml.MoMLSimpleApplication@6cb31289
reloadAllAccessors: .CatchUpComposite6

===========================================================================================
----------------- testing Fri Jul 20 01:50:59 UTC 2018 /home/travis/build/icyphy/ptII/ptolemy/actor/lib/hoc/test/auto/CatchUpComposite7.xml
----------------- Instantiating /home/travis/build/icyphy/ptII/ptolemy/actor/lib/hoc/test/auto/CatchUpComposite7.xml
WARNING: The execution aspects in this model can influence the timing of actors by delaying the 
execution, potentially changing the behavior. There is no guarantee that actors fire at the 
time they request to be fired. 
Use Ptides for deterministic DE behavior that is not influenced by execution aspects. 

46 ms. Memory: 208384K Free: 102860K (49%)
----------------- Invoking toplevel() on ptolemy.moml.MoMLSimpleApplication@7d7763f5
----------------- Done invoking toplevel() on ptolemy.moml.MoMLSimpleApplication@7d7763f5
reloadAllAccessors: .CatchUpComposite7

===========================================================================================
----------------- testing Fri Jul 20 01:50:59 UTC 2018 /home/travis/build/icyphy/ptII/ptolemy/actor/lib/hoc/test/auto/ConcurrentExecutionTimeSDF.xml
----------------- Instantiating /home/travis/build/icyphy/ptII/ptolemy/actor/lib/hoc/test/auto/ConcurrentExecutionTimeSDF.xml
Fired ExecutionTime: 40400000
Fired ExecutionTime: 40400000
Fired ExecutionTime: 40400000
Fired ExecutionTime: 40400000
Fired ExecutionTime: 40400000
Fired ExecutionTime: 40400000
Fired ExecutionTime: 40400000
Fired ExecutionTime: 40400000
Fired ExecutionTime: 40400000
Fired ExecutionTime: 40400000
Fired ExecutionTime: 40400000
Fired ExecutionTime: 40400000
Fired ExecutionTime: 40400000
Fired ExecutionTime: 40400000
Fired ExecutionTime: 40400000
Fired ExecutionTime: 40400000
Fired ExecutionTime: 40400000
Fired ExecutionTime: 40400000
Fired ExecutionTime: 40400000
Fired ExecutionTime: 40400000
1045 ms. Memory: 208384K Free: 94226K (45%)
----------------- Invoking toplevel() on ptolemy.moml.MoMLSimpleApplication@6a732aef
----------------- Done invoking toplevel() on ptolemy.moml.MoMLSimpleApplication@6a732aef
reloadAllAccessors: .ConcurrentExecutionTimeSDF

===========================================================================================
----------------- testing Fri Jul 20 01:51:00 UTC 2018 /home/travis/build/icyphy/ptII/ptolemy/actor/lib/hoc/test/auto/ConcurrentSleep.xml
----------------- Instantiating /home/travis/build/icyphy/ptII/ptolemy/actor/lib/hoc/test/auto/ConcurrentSleep.xml
750 ms. Memory: 208384K Free: 200924K (96%)
----------------- Invoking toplevel() on ptolemy.moml.MoMLSimpleApplication@4e529d93
----------------- Done invoking toplevel() on ptolemy.moml.MoMLSimpleApplication@4e529d93
reloadAllAccessors: .ConcurrentSleep

===========================================================================================
----------------- testing Fri Jul 20 01:51:01 UTC 2018 /home/travis/build/icyphy/ptII/ptolemy/actor/lib/hoc/test/auto/DEInPNInRunCompositeActor.xml
----------------- Instantiating /home/travis/build/icyphy/ptII/ptolemy/actor/lib/hoc/test/auto/DEInPNInRunCompositeActor.xml
12 ms. Memory: 208384K Free: 192988K (93%)
----------------- Invoking toplevel() on ptolemy.moml.MoMLSimpleApplication@401a4d08
----------------- Done invoking toplevel() on ptolemy.moml.MoMLSimpleApplication@401a4d08
reloadAllAccessors: .DEInPNInRunCompositeActor

===========================================================================================
----------------- testing Fri Jul 20 01:51:01 UTC 2018 /home/travis/build/icyphy/ptII/ptolemy/actor/lib/hoc/test/auto/DFTSubSetTest.xml
----------------- Instantiating /home/travis/build/icyphy/ptII/ptolemy/actor/lib/hoc/test/auto/DFTSubSetTest.xml
135 ms. Memory: 208384K Free: 146126K (70%)
----------------- Invoking toplevel() on ptolemy.moml.MoMLSimpleApplication@de5fa94
----------------- Done invoking toplevel() on ptolemy.moml.MoMLSimpleApplication@de5fa94
reloadAllAccessors: .DFTSubSetTest

===========================================================================================
----------------- testing Fri Jul 20 01:51:01 UTC 2018 /home/travis/build/icyphy/ptII/ptolemy/actor/lib/hoc/test/auto/HocDE.xml
----------------- Instantiating /home/travis/build/icyphy/ptII/ptolemy/actor/lib/hoc/test/auto/HocDE.xml
161 ms. Memory: 208384K Free: 118604K (57%)
----------------- Invoking toplevel() on ptolemy.moml.MoMLSimpleApplication@4cff1338
----------------- Done invoking toplevel() on ptolemy.moml.MoMLSimpleApplication@4cff1338
reloadAllAccessors: .HocDE

===========================================================================================
----------------- testing Fri Jul 20 01:51:02 UTC 2018 /home/travis/build/icyphy/ptII/ptolemy/actor/lib/hoc/test/auto/IterateOverArray.xml
----------------- Instantiating /home/travis/build/icyphy/ptII/ptolemy/actor/lib/hoc/test/auto/IterateOverArray.xml
7 ms. Memory: 208384K Free: 114132K (55%)
----------------- Invoking toplevel() on ptolemy.moml.MoMLSimpleApplication@725a135d
----------------- Done invoking toplevel() on ptolemy.moml.MoMLSimpleApplication@725a135d
reloadAllAccessors: .IterateOverArray

===========================================================================================
----------------- testing Fri Jul 20 01:51:02 UTC 2018 /home/travis/build/icyphy/ptII/ptolemy/actor/lib/hoc/test/auto/IterateOverArray10.xml
----------------- Instantiating /home/travis/build/icyphy/ptII/ptolemy/actor/lib/hoc/test/auto/IterateOverArray10.xml
2 ms. Memory: 208384K Free: 110032K (53%)
----------------- Invoking toplevel() on ptolemy.moml.MoMLSimpleApplication@61a43b7b
----------------- Done invoking toplevel() on ptolemy.moml.MoMLSimpleApplication@61a43b7b
reloadAllAccessors: .IterateOverArray10

===========================================================================================
----------------- testing Fri Jul 20 01:51:02 UTC 2018 /home/travis/build/icyphy/ptII/ptolemy/actor/lib/hoc/test/auto/IterateOverArray11.xml
----------------- Instantiating /home/travis/build/icyphy/ptII/ptolemy/actor/lib/hoc/test/auto/IterateOverArray11.xml
5 ms. Memory: 208384K Free: 105536K (51%)
----------------- Invoking toplevel() on ptolemy.moml.MoMLSimpleApplication@3d0ffd82
----------------- Done invoking toplevel() on ptolemy.moml.MoMLSimpleApplication@3d0ffd82
reloadAllAccessors: .IterateOverArray11

===========================================================================================
----------------- testing Fri Jul 20 01:51:02 UTC 2018 /home/travis/build/icyphy/ptII/ptolemy/actor/lib/hoc/test/auto/IterateOverArray12.xml
----------------- Instantiating /home/travis/build/icyphy/ptII/ptolemy/actor/lib/hoc/test/auto/IterateOverArray12.xml
19 ms. Memory: 208384K Free: 98518K (47%)
----------------- Invoking toplevel() on ptolemy.moml.MoMLSimpleApplication@109ff158
----------------- Done invoking toplevel() on ptolemy.moml.MoMLSimpleApplication@109ff158
reloadAllAccessors: .IterateOverArray12

===========================================================================================
----------------- testing Fri Jul 20 01:51:02 UTC 2018 /home/travis/build/icyphy/ptII/ptolemy/actor/lib/hoc/test/auto/IterateOverArray13.xml
----------------- Instantiating /home/travis/build/icyphy/ptII/ptolemy/actor/lib/hoc/test/auto/IterateOverArray13.xml
100 ms. Memory: 331776K Free: 315427K (95%)
----------------- Invoking toplevel() on ptolemy.moml.MoMLSimpleApplication@652d12f6
----------------- Done invoking toplevel() on ptolemy.moml.MoMLSimpleApplication@652d12f6
reloadAllAccessors: .IterateOverArray13

===========================================================================================
----------------- testing Fri Jul 20 01:51:02 UTC 2018 /home/travis/build/icyphy/ptII/ptolemy/actor/lib/hoc/test/auto/IterateOverArray14.xml
----------------- Instantiating /home/travis/build/icyphy/ptII/ptolemy/actor/lib/hoc/test/auto/IterateOverArray14.xml
62 ms. Memory: 331776K Free: 279197K (84%)
----------------- Invoking toplevel() on ptolemy.moml.MoMLSimpleApplication@500043bb
----------------- Done invoking toplevel() on ptolemy.moml.MoMLSimpleApplication@500043bb
reloadAllAccessors: .IterateOverArray14

===========================================================================================
----------------- testing Fri Jul 20 01:51:02 UTC 2018 /home/travis/build/icyphy/ptII/ptolemy/actor/lib/hoc/test/auto/IterateOverArray2.xml
----------------- Instantiating /home/travis/build/icyphy/ptII/ptolemy/actor/lib/hoc/test/auto/IterateOverArray2.xml
8 ms. Memory: 331776K Free: 274244K (83%)
----------------- Invoking toplevel() on ptolemy.moml.MoMLSimpleApplication@4338f51a
----------------- Done invoking toplevel() on ptolemy.moml.MoMLSimpleApplication@4338f51a
reloadAllAccessors: .IterateOverArray2

===========================================================================================
----------------- testing Fri Jul 20 01:51:02 UTC 2018 /home/travis/build/icyphy/ptII/ptolemy/actor/lib/hoc/test/auto/IterateOverArray3.xml
----------------- Instantiating /home/travis/build/icyphy/ptII/ptolemy/actor/lib/hoc/test/auto/IterateOverArray3.xml
7 ms. Memory: 331776K Free: 266502K (80%)
----------------- Invoking toplevel() on ptolemy.moml.MoMLSimpleApplication@4b93fdd1
----------------- Done invoking toplevel() on ptolemy.moml.MoMLSimpleApplication@4b93fdd1
reloadAllAccessors: .IterateOverArray3

===========================================================================================
----------------- testing Fri Jul 20 01:51:02 UTC 2018 /home/travis/build/icyphy/ptII/ptolemy/actor/lib/hoc/test/auto/IterateOverArray4.xml
----------------- Instantiating /home/travis/build/icyphy/ptII/ptolemy/actor/lib/hoc/test/auto/IterateOverArray4.xml
3 ms. Memory: 331776K Free: 261565K (79%)
----------------- Invoking toplevel() on ptolemy.moml.MoMLSimpleApplication@39f62eb0
----------------- Done invoking toplevel() on ptolemy.moml.MoMLSimpleApplication@39f62eb0
reloadAllAccessors: .IterateOverArray4

===========================================================================================
----------------- testing Fri Jul 20 01:51:02 UTC 2018 /home/travis/build/icyphy/ptII/ptolemy/actor/lib/hoc/test/auto/IterateOverArray5.xml
----------------- Instantiating /home/travis/build/icyphy/ptII/ptolemy/actor/lib/hoc/test/auto/IterateOverArray5.xml
4 ms. Memory: 331776K Free: 256628K (77%)
----------------- Invoking toplevel() on ptolemy.moml.MoMLSimpleApplication@459836ef
----------------- Done invoking toplevel() on ptolemy.moml.MoMLSimpleApplication@459836ef
reloadAllAccessors: .IterateOverArray5

===========================================================================================
----------------- testing Fri Jul 20 01:51:02 UTC 2018 /home/travis/build/icyphy/ptII/ptolemy/actor/lib/hoc/test/auto/IterateOverArray6.xml
----------------- Instantiating /home/travis/build/icyphy/ptII/ptolemy/actor/lib/hoc/test/auto/IterateOverArray6.xml
2 ms. Memory: 331776K Free: 251845K (76%)
----------------- Invoking toplevel() on ptolemy.moml.MoMLSimpleApplication@1064bb0d
----------------- Done invoking toplevel() on ptolemy.moml.MoMLSimpleApplication@1064bb0d
reloadAllAccessors: .IterateOverArray6

===========================================================================================
----------------- testing Fri Jul 20 01:51:02 UTC 2018 /home/travis/build/icyphy/ptII/ptolemy/actor/lib/hoc/test/auto/IterateOverArray7.xml
----------------- Instantiating /home/travis/build/icyphy/ptII/ptolemy/actor/lib/hoc/test/auto/IterateOverArray7.xml
4 ms. Memory: 331776K Free: 245927K (74%)
----------------- Invoking toplevel() on ptolemy.moml.MoMLSimpleApplication@4e7e70b1
----------------- Done invoking toplevel() on ptolemy.moml.MoMLSimpleApplication@4e7e70b1
reloadAllAccessors: .IterateOverArray7

===========================================================================================
----------------- testing Fri Jul 20 01:51:02 UTC 2018 /home/travis/build/icyphy/ptII/ptolemy/actor/lib/hoc/test/auto/IterateOverArray8.xml
----------------- Instantiating /home/travis/build/icyphy/ptII/ptolemy/actor/lib/hoc/test/auto/IterateOverArray8.xml
6 ms. Memory: 331776K Free: 240171K (72%)
----------------- Invoking toplevel() on ptolemy.moml.MoMLSimpleApplication@1e034b58
----------------- Done invoking toplevel() on ptolemy.moml.MoMLSimpleApplication@1e034b58
reloadAllAccessors: .IterateOverArray8

===========================================================================================
----------------- testing Fri Jul 20 01:51:02 UTC 2018 /home/travis/build/icyphy/ptII/ptolemy/actor/lib/hoc/test/auto/IterateOverArray9.xml
----------------- Instantiating /home/travis/build/icyphy/ptII/ptolemy/actor/lib/hoc/test/auto/IterateOverArray9.xml
8 ms. Memory: 331776K Free: 235234K (71%)
----------------- Invoking toplevel() on ptolemy.moml.MoMLSimpleApplication@3369e034
----------------- Done invoking toplevel() on ptolemy.moml.MoMLSimpleApplication@3369e034
reloadAllAccessors: .IterateOverArray9

===========================================================================================
----------------- testing Fri Jul 20 01:51:02 UTC 2018 /home/travis/build/icyphy/ptII/ptolemy/actor/lib/hoc/test/auto/IterateOverArrayCoercedOutputType.xml
----------------- Instantiating /home/travis/build/icyphy/ptII/ptolemy/actor/lib/hoc/test/auto/IterateOverArrayCoercedOutputType.xml
4 ms. Memory: 331776K Free: 229316K (69%)
----------------- Invoking toplevel() on ptolemy.moml.MoMLSimpleApplication@6895abbf
----------------- Done invoking toplevel() on ptolemy.moml.MoMLSimpleApplication@6895abbf
reloadAllAccessors: .IterateOverArrayCoercedOutputType

===========================================================================================
----------------- testing Fri Jul 20 01:51:02 UTC 2018 /home/travis/build/icyphy/ptII/ptolemy/actor/lib/hoc/test/auto/IterateOverArrayInferredOutputType.xml
----------------- Instantiating /home/travis/build/icyphy/ptII/ptolemy/actor/lib/hoc/test/auto/IterateOverArrayInferredOutputType.xml
12 ms. Memory: 331776K Free: 222571K (67%)
----------------- Invoking toplevel() on ptolemy.moml.MoMLSimpleApplication@30f652ee
----------------- Done invoking toplevel() on ptolemy.moml.MoMLSimpleApplication@30f652ee
reloadAllAccessors: .IterateOverArrayInferredOutputType

===========================================================================================
----------------- testing Fri Jul 20 01:51:02 UTC 2018 /home/travis/build/icyphy/ptII/ptolemy/actor/lib/hoc/test/auto/MobileFunctionTest.xml
----------------- Instantiating /home/travis/build/icyphy/ptII/ptolemy/actor/lib/hoc/test/auto/MobileFunctionTest.xml
6 ms. Memory: 331776K Free: 217626K (66%)
----------------- Invoking toplevel() on ptolemy.moml.MoMLSimpleApplication@61750861
----------------- Done invoking toplevel() on ptolemy.moml.MoMLSimpleApplication@61750861
reloadAllAccessors: .MobileFunctionTest

===========================================================================================
----------------- testing Fri Jul 20 01:51:02 UTC 2018 /home/travis/build/icyphy/ptII/ptolemy/actor/lib/hoc/test/auto/MobileModelTest.xml
----------------- Instantiating /home/travis/build/icyphy/ptII/ptolemy/actor/lib/hoc/test/auto/MobileModelTest.xml
74 ms. Memory: 331776K Free: 196038K (59%)
----------------- Invoking toplevel() on ptolemy.moml.MoMLSimpleApplication@6e51df16
----------------- Done invoking toplevel() on ptolemy.moml.MoMLSimpleApplication@6e51df16
reloadAllAccessors: .MobileModelTest

===========================================================================================
----------------- testing Fri Jul 20 01:51:02 UTC 2018 /home/travis/build/icyphy/ptII/ptolemy/actor/lib/hoc/test/auto/ModelReference.xml
----------------- Instantiating /home/travis/build/icyphy/ptII/ptolemy/actor/lib/hoc/test/auto/ModelReference.xml
2 ms. Memory: 331776K Free: 188134K (57%)
2 ms. Memory: 331776K Free: 187137K (56%)
2 ms. Memory: 331776K Free: 186140K (56%)
2 ms. Memory: 331776K Free: 185159K (56%)
2 ms. Memory: 331776K Free: 184178K (56%)
11 ms. Memory: 331776K Free: 184178K (56%)
2 ms. Memory: 331776K Free: 183197K (55%)
2 ms. Memory: 331776K Free: 182200K (55%)
5 ms. Memory: 331776K Free: 181211K (55%)
1 ms. Memory: 331776K Free: 180230K (54%)
38 ms. Memory: 331776K Free: 180230K (54%)
----------------- Invoking toplevel() on ptolemy.moml.MoMLSimpleApplication@ce0d5bd
----------------- Done invoking toplevel() on ptolemy.moml.MoMLSimpleApplication@ce0d5bd
reloadAllAccessors: .ModelReference

===========================================================================================
----------------- testing Fri Jul 20 01:51:03 UTC 2018 /home/travis/build/icyphy/ptII/ptolemy/actor/lib/hoc/test/auto/ModelReference3.xml
----------------- Instantiating /home/travis/build/icyphy/ptII/ptolemy/actor/lib/hoc/test/auto/ModelReference3.xml
2 ms. Memory: 331776K Free: 175301K (53%)
5 ms. Memory: 331776K Free: 174304K (53%)
1 ms. Memory: 331776K Free: 173307K (52%)
4 ms. Memory: 331776K Free: 172310K (52%)
2 ms. Memory: 331776K Free: 172310K (52%)
1 ms. Memory: 331776K Free: 171313K (52%)
1 ms. Memory: 331776K Free: 170316K (51%)
4 ms. Memory: 331776K Free: 169327K (51%)
2 ms. Memory: 331776K Free: 168330K (51%)
4 ms. Memory: 331776K Free: 167349K (50%)
36 ms. Memory: 331776K Free: 167349K (50%)
----------------- Invoking toplevel() on ptolemy.moml.MoMLSimpleApplication@657687ee
----------------- Done invoking toplevel() on ptolemy.moml.MoMLSimpleApplication@657687ee
reloadAllAccessors: .ModelReference3

===========================================================================================
----------------- testing Fri Jul 20 01:51:03 UTC 2018 /home/travis/build/icyphy/ptII/ptolemy/actor/lib/hoc/test/auto/ModelReference4.xml
----------------- Instantiating /home/travis/build/icyphy/ptII/ptolemy/actor/lib/hoc/test/auto/ModelReference4.xml
3 ms. Memory: 331776K Free: 161593K (49%)
2 ms. Memory: 331776K Free: 159623K (48%)
4 ms. Memory: 331776K Free: 158642K (48%)
1 ms. Memory: 331776K Free: 157661K (48%)
2 ms. Memory: 331776K Free: 156680K (47%)
6 ms. Memory: 331776K Free: 154702K (47%)
3 ms. Memory: 331776K Free: 153721K (46%)
2 ms. Memory: 331776K Free: 152740K (46%)
2 ms. Memory: 331776K Free: 151759K (46%)
3 ms. Memory: 331776K Free: 150778K (45%)
10013 ms. Memory: 331776K Free: 150778K (45%)
----------------- Invoking toplevel() on ptolemy.moml.MoMLSimpleApplication@7cc84459
----------------- Done invoking toplevel() on ptolemy.moml.MoMLSimpleApplication@7cc84459
reloadAllAccessors: .ModelReference4

===========================================================================================
----------------- testing Fri Jul 20 01:51:13 UTC 2018 /home/travis/build/icyphy/ptII/ptolemy/actor/lib/hoc/test/auto/MultiInstanceComposite.xml
----------------- Instantiating /home/travis/build/icyphy/ptII/ptolemy/actor/lib/hoc/test/auto/MultiInstanceComposite.xml
26 ms. Memory: 331776K Free: 133949K (40%)
----------------- Invoking toplevel() on ptolemy.moml.MoMLSimpleApplication@29feb933
----------------- Done invoking toplevel() on ptolemy.moml.MoMLSimpleApplication@29feb933
reloadAllAccessors: .MultiInstanceComposite

===========================================================================================
----------------- testing Fri Jul 20 01:51:13 UTC 2018 /home/travis/build/icyphy/ptII/ptolemy/actor/lib/hoc/test/auto/MultiInstanceComposite2.xml
----------------- Instantiating /home/travis/build/icyphy/ptII/ptolemy/actor/lib/hoc/test/auto/MultiInstanceComposite2.xml
22 ms. Memory: 331776K Free: 120249K (36%)
----------------- Invoking toplevel() on ptolemy.moml.MoMLSimpleApplication@12f9c4ae
----------------- Done invoking toplevel() on ptolemy.moml.MoMLSimpleApplication@12f9c4ae
reloadAllAccessors: .MultiInstanceComposite2

===========================================================================================
----------------- testing Fri Jul 20 01:51:13 UTC 2018 /home/travis/build/icyphy/ptII/ptolemy/actor/lib/hoc/test/auto/MulticoreExecution.xml
----------------- Instantiating /home/travis/build/icyphy/ptII/ptolemy/actor/lib/hoc/test/auto/MulticoreExecution.xml
Fired ExecutionTime: 2800000
Fired ExecutionTime: 2800000
Fired ExecutionTime: 2400000
Fired ExecutionTime: 2800000
Fired ExecutionTime: 3200000
Fired ExecutionTime: 2400000
Fired ExecutionTime: 2400000
Fired ExecutionTime: 2800000
Fired ExecutionTime: 2400000
Fired ExecutionTime: 4000000
Fired ExecutionTime: 2400000
Fired ExecutionTime: 4400000
Fired ExecutionTime: 2400000
Fired ExecutionTime: 2800000
Fired ExecutionTime: 2800000
Fired ExecutionTime: 3200000
Fired ExecutionTime: 146800000
Fired ExecutionTime: 150000000
Fired ExecutionTime: 155600000
Fired ExecutionTime: 165200000
1122 ms. Memory: 331776K Free: 108397K (33%)
----------------- Invoking toplevel() on ptolemy.moml.MoMLSimpleApplication@22ca1916
----------------- Done invoking toplevel() on ptolemy.moml.MoMLSimpleApplication@22ca1916
reloadAllAccessors: .MulticoreExecution

===========================================================================================
----------------- testing Fri Jul 20 01:51:14 UTC 2018 /home/travis/build/icyphy/ptII/ptolemy/actor/lib/hoc/test/auto/ParallelExecution.xml
----------------- Instantiating /home/travis/build/icyphy/ptII/ptolemy/actor/lib/hoc/test/auto/ParallelExecution.xml
916 ms. Memory: 331776K Free: 98547K (30%)
----------------- Invoking toplevel() on ptolemy.moml.MoMLSimpleApplication@791c1cad
----------------- Done invoking toplevel() on ptolemy.moml.MoMLSimpleApplication@791c1cad
reloadAllAccessors: .ParallelExecution

===========================================================================================
----------------- testing Fri Jul 20 01:51:15 UTC 2018 /home/travis/build/icyphy/ptII/ptolemy/actor/lib/hoc/test/auto/RunCompositeActor.xml
----------------- Instantiating /home/travis/build/icyphy/ptII/ptolemy/actor/lib/hoc/test/auto/RunCompositeActor.xml
8 ms. Memory: 331776K Free: 89792K (27%)
----------------- Invoking toplevel() on ptolemy.moml.MoMLSimpleApplication@17de2bd7
----------------- Done invoking toplevel() on ptolemy.moml.MoMLSimpleApplication@17de2bd7
reloadAllAccessors: .RunCompositeActor

===========================================================================================
----------------- testing Fri Jul 20 01:51:15 UTC 2018 /home/travis/build/icyphy/ptII/ptolemy/actor/lib/hoc/test/auto/RunCompositeActor2.xml
----------------- Instantiating /home/travis/build/icyphy/ptII/ptolemy/actor/lib/hoc/test/auto/RunCompositeActor2.xml
16 ms. Memory: 331776K Free: 82885K (25%)
----------------- Invoking toplevel() on ptolemy.moml.MoMLSimpleApplication@c6e9c4b
----------------- Done invoking toplevel() on ptolemy.moml.MoMLSimpleApplication@c6e9c4b
reloadAllAccessors: .RunCompositeActor2

===========================================================================================
----------------- testing Fri Jul 20 01:51:15 UTC 2018 /home/travis/build/icyphy/ptII/ptolemy/actor/lib/hoc/test/auto/RunCompositeActor3.xml
----------------- Instantiating /home/travis/build/icyphy/ptII/ptolemy/actor/lib/hoc/test/auto/RunCompositeActor3.xml
11 ms. Memory: 316928K Free: 306454K (97%)
----------------- Invoking toplevel() on ptolemy.moml.MoMLSimpleApplication@1919c8f5
----------------- Done invoking toplevel() on ptolemy.moml.MoMLSimpleApplication@1919c8f5
reloadAllAccessors: .RunCompositeActor3

===========================================================================================
----------------- testing Fri Jul 20 01:51:15 UTC 2018 /home/travis/build/icyphy/ptII/ptolemy/actor/lib/hoc/test/auto/RunCompositeActor4.xml
----------------- Instantiating /home/travis/build/icyphy/ptII/ptolemy/actor/lib/hoc/test/auto/RunCompositeActor4.xml
14 ms. Memory: 316928K Free: 296262K (93%)
----------------- Invoking toplevel() on ptolemy.moml.MoMLSimpleApplication@7e241b19
----------------- Done invoking toplevel() on ptolemy.moml.MoMLSimpleApplication@7e241b19
reloadAllAccessors: .RunCompositeActor4

===========================================================================================
----------------- testing Fri Jul 20 01:51:15 UTC 2018 /home/travis/build/icyphy/ptII/ptolemy/actor/lib/hoc/test/auto/RunCompositeIterateOverArray.xml
----------------- Instantiating /home/travis/build/icyphy/ptII/ptolemy/actor/lib/hoc/test/auto/RunCompositeIterateOverArray.xml
9 ms. Memory: 316928K Free: 288617K (91%)
----------------- Invoking toplevel() on ptolemy.moml.MoMLSimpleApplication@3d9446fd
----------------- Done invoking toplevel() on ptolemy.moml.MoMLSimpleApplication@3d9446fd
reloadAllAccessors: .RunCompositeIterateOverArray

===========================================================================================
----------------- testing Fri Jul 20 01:51:15 UTC 2018 /home/travis/build/icyphy/ptII/ptolemy/actor/lib/hoc/test/auto/ThreadedJS.xml
----------------- Instantiating /home/travis/build/icyphy/ptII/ptolemy/actor/lib/hoc/test/auto/ThreadedJS.xml
1878 ms. Memory: 287744K Free: 122671K (43%)
----------------- Invoking toplevel() on ptolemy.moml.MoMLSimpleApplication@eb4dfed
----------------- Done invoking toplevel() on ptolemy.moml.MoMLSimpleApplication@eb4dfed
reloadAllAccessors: .ThreadedJS
AutoTests.java: About to close Vertx.
AutoTests.java: Vertx closed.
]]></system-out>
  <system-err><![CDATA[java.lang.RuntimeException: Execution failed
	at ptolemy.moml.MoMLSimpleApplication$UnloadThread.run(MoMLSimpleApplication.java:402)
Caused by: ptolemy.kernel.util.IllegalActionException: initialize() was called after wrapup() was called but preinitialize() was not called after wrapup().
	at ptolemy.actor.lib.hoc.test.PreinitializeMustBeInvoked.initialize(PreinitializeMustBeInvoked.java:78)
	at ptolemy.actor.Director.initialize(Director.java:938)
	at ptolemy.actor.Director.initialize(Director.java:907)
	at ptolemy.actor.sched.StaticSchedulingDirector.initialize(StaticSchedulingDirector.java:159)
	at ptolemy.domains.sdf.kernel.SDFDirector.initialize(SDFDirector.java:544)
	at ptolemy.actor.CompositeActor.initialize(CompositeActor.java:935)
	at ptolemy.actor.lib.hoc.LifeCycleManager._executeInsideModel(LifeCycleManager.java:339)
	at ptolemy.actor.lib.hoc.RunCompositeActor.fire(RunCompositeActor.java:205)
	at ptolemy.actor.CompositeActor.iterate(CompositeActor.java:1146)
	at ptolemy.actor.sched.StaticSchedulingDirector.fire(StaticSchedulingDirector.java:216)
	at ptolemy.domains.sdf.kernel.SDFDirector.fire(SDFDirector.java:500)
	at ptolemy.actor.CompositeActor.fire(CompositeActor.java:455)
	at ptolemy.actor.Manager.iterate(Manager.java:851)
	at ptolemy.actor.Manager.execute(Manager.java:369)
	at ptolemy.actor.Manager.run(Manager.java:1263)
	at ptolemy.actor.Manager$PtolemyRunThread.run(Manager.java:1915)
java.lang.reflect.InvocationTargetException
	at sun.reflect.NativeConstructorAccessorImpl.newInstance0(Native Method)
	at sun.reflect.NativeConstructorAccessorImpl.newInstance(NativeConstructorAccessorImpl.java:62)
	at sun.reflect.DelegatingConstructorAccessorImpl.newInstance(DelegatingConstructorAccessorImpl.java:45)
	at java.lang.reflect.Constructor.newInstance(Constructor.java:423)
	at ptolemy.util.test.junit.AutoKnownFailedTests.RunModel(AutoKnownFailedTests.java:107)
	at sun.reflect.NativeMethodAccessorImpl.invoke0(Native Method)
	at sun.reflect.NativeMethodAccessorImpl.invoke(NativeMethodAccessorImpl.java:62)
	at sun.reflect.DelegatingMethodAccessorImpl.invoke(DelegatingMethodAccessorImpl.java:43)
	at java.lang.reflect.Method.invoke(Method.java:498)
	at org.junit.runners.model.FrameworkMethod$1.runReflectiveCall(FrameworkMethod.java:44)
	at org.junit.internal.runners.model.ReflectiveCallable.run(ReflectiveCallable.java:15)
	at org.junit.runners.model.FrameworkMethod.invokeExplosively(FrameworkMethod.java:41)
	at junitparams.internal.InvokeParameterisedMethod.evaluate(InvokeParameterisedMethod.java:102)
	at org.junit.internal.runners.statements.FailOnTimeout$1.run(FailOnTimeout.java:28)
Caused by: ptolemy.kernel.util.IllegalActionException: initialize() was called after wrapup() was called but preinitialize() was not called after wrapup().
	at ptolemy.actor.lib.hoc.test.PreinitializeMustBeInvoked.initialize(PreinitializeMustBeInvoked.java:78)
	at ptolemy.actor.Director.initialize(Director.java:938)
	at ptolemy.actor.Director.initialize(Director.java:907)
	at ptolemy.actor.sched.StaticSchedulingDirector.initialize(StaticSchedulingDirector.java:159)
	at ptolemy.domains.sdf.kernel.SDFDirector.initialize(SDFDirector.java:544)
	at ptolemy.actor.CompositeActor.initialize(CompositeActor.java:935)
	at ptolemy.actor.lib.hoc.LifeCycleManager._executeInsideModel(LifeCycleManager.java:339)
	at ptolemy.actor.lib.hoc.RunCompositeActor.fire(RunCompositeActor.java:205)
	at ptolemy.actor.CompositeActor.iterate(CompositeActor.java:1146)
	at ptolemy.actor.sched.StaticSchedulingDirector.fire(StaticSchedulingDirector.java:216)
	at ptolemy.domains.sdf.kernel.SDFDirector.fire(SDFDirector.java:500)
	at ptolemy.actor.CompositeActor.fire(CompositeActor.java:455)
	at ptolemy.actor.Manager.iterate(Manager.java:851)
	at ptolemy.actor.Manager.execute(Manager.java:369)
	at ptolemy.actor.Manager.run(Manager.java:1263)
	at ptolemy.actor.Manager$PtolemyRunThread.run(Manager.java:1915)
]]></system-err>
</testsuite>
