<?xml version="1.0" encoding="UTF-8" ?>
<testsuite errors="0" failures="0" hostname="travis-job-1945b917-516a-4500-8b9e-e0515b0227d2" name="ptolemy.domains.de.test.junit.JUnitTclTest" skipped="0" tests="101" time="142.59" timestamp="2019-12-09T11:06:50">
  <properties>
[...]
</properties>
  <testcase classname="ptolemy.util.test.junit.TclTests" name="[0] /home/travis/build/icyphy/ptII/ptolemy/domains/de/test/DependencyLoop.tcl (RunTclFile)" time="1.241" />
  <testcase classname="ptolemy.util.test.junit.TclTests" name="[1] /home/travis/build/icyphy/ptII/ptolemy/domains/de/test/RunDETestsAsQSS.tcl (RunTclFile)" time="97.035" />
  <testcase classname="ptolemy.util.test.junit.AutoKnownFailedTests" name="[0] /home/travis/build/icyphy/ptII/ptolemy/domains/de/test/auto/knownFailedTests/DESDFClockTest.xml (RunModel)" time="2.043" />
  <testcase classname="ptolemy.util.test.junit.AutoKnownFailedTests" name="[1] /home/travis/build/icyphy/ptII/ptolemy/domains/de/test/auto/knownFailedTests/DirectFeedback.xml (RunModel)" time="0.011" />
  <testcase classname="ptolemy.util.test.junit.AutoKnownFailedTests" name="[2] /home/travis/build/icyphy/ptII/ptolemy/domains/de/test/auto/knownFailedTests/FSMSource.xml (RunModel)" time="0.024" />
  <testcase classname="ptolemy.util.test.junit.AutoKnownFailedTests" name="[3] /home/travis/build/icyphy/ptII/ptolemy/domains/de/test/auto/knownFailedTests/HierarchicalModel.xml (RunModel)" time="0.06" />
  <testcase classname="ptolemy.util.test.junit.AutoKnownFailedTests" name="[4] /home/travis/build/icyphy/ptII/ptolemy/domains/de/test/auto/knownFailedTests/dependencyLoop.xml (RunModel)" time="0.061" />
  <testcase classname="ptolemy.util.test.junit.AutoKnownFailedTests" name="[5] /home/travis/build/icyphy/ptII/ptolemy/domains/de/test/auto/knownFailedTests/dependencyLoop2.xml (RunModel)" time="0.057" />
  <testcase classname="ptolemy.util.test.junit.AutoNameArchTests" name="[0] ThereAreNoAutoArchTests (RunModel)" time="0.002" />
  <testcase classname="ptolemy.util.test.junit.AutoTests" name="[0] /home/travis/build/icyphy/ptII/ptolemy/domains/de/test/auto/ActorDepthCalculation_actorWithoutPorts.xml (RunModel)" time="0.028" />
  <testcase classname="ptolemy.util.test.junit.AutoTests" name="[1] /home/travis/build/icyphy/ptII/ptolemy/domains/de/test/auto/AssemblyLine.xml (RunModel)" time="0.032" />
  <testcase classname="ptolemy.util.test.junit.AutoTests" name="[2] /home/travis/build/icyphy/ptII/ptolemy/domains/de/test/auto/CQBug1.xml (RunModel)" time="0.014" />
  <testcase classname="ptolemy.util.test.junit.AutoTests" name="[3] /home/travis/build/icyphy/ptII/ptolemy/domains/de/test/auto/CancelFireAt.xml (RunModel)" time="0.021" />
  <testcase classname="ptolemy.util.test.junit.AutoTests" name="[4] /home/travis/build/icyphy/ptII/ptolemy/domains/de/test/auto/CausalityAndComposabilityAnalysis.xml (RunModel)" time="0.033" />
  <testcase classname="ptolemy.util.test.junit.AutoTests" name="[5] /home/travis/build/icyphy/ptII/ptolemy/domains/de/test/auto/CausalityInterface1.xml (RunModel)" time="0.019" />
  <testcase classname="ptolemy.util.test.junit.AutoTests" name="[6] /home/travis/build/icyphy/ptII/ptolemy/domains/de/test/auto/CausalityInterface15.xml (RunModel)" time="0.016" />
  <testcase classname="ptolemy.util.test.junit.AutoTests" name="[7] /home/travis/build/icyphy/ptII/ptolemy/domains/de/test/auto/CausalityInterface2.xml (RunModel)" time="0.019" />
  <testcase classname="ptolemy.util.test.junit.AutoTests" name="[8] /home/travis/build/icyphy/ptII/ptolemy/domains/de/test/auto/CausalityInterface3.xml (RunModel)" time="0.02" />
  <testcase classname="ptolemy.util.test.junit.AutoTests" name="[9] /home/travis/build/icyphy/ptII/ptolemy/domains/de/test/auto/ClockDrift.xml (RunModel)" time="0.048" />
  <testcase classname="ptolemy.util.test.junit.AutoTests" name="[10] /home/travis/build/icyphy/ptII/ptolemy/domains/de/test/auto/ClockDriftAndValueChange.xml (RunModel)" time="0.043" />
  <testcase classname="ptolemy.util.test.junit.AutoTests" name="[11] /home/travis/build/icyphy/ptII/ptolemy/domains/de/test/auto/ClockDriftChange.xml (RunModel)" time="0.036" />
  <testcase classname="ptolemy.util.test.junit.AutoTests" name="[12] /home/travis/build/icyphy/ptII/ptolemy/domains/de/test/auto/ComposableCausalityAnalysis.xml (RunModel)" time="0.024" />
  <testcase classname="ptolemy.util.test.junit.AutoTests" name="[13] /home/travis/build/icyphy/ptII/ptolemy/domains/de/test/auto/DEFixedPointLimitation.xml (RunModel)" time="0.012" />
  <testcase classname="ptolemy.util.test.junit.AutoTests" name="[14] /home/travis/build/icyphy/ptII/ptolemy/domains/de/test/auto/DEScheduleTest.xml (RunModel)" time="0.029" />
  <testcase classname="ptolemy.util.test.junit.AutoTests" name="[15] /home/travis/build/icyphy/ptII/ptolemy/domains/de/test/auto/DEinDEwithStartTimes.xml (RunModel)" time="0.023" />
  <testcase classname="ptolemy.util.test.junit.AutoTests" name="[16] /home/travis/build/icyphy/ptII/ptolemy/domains/de/test/auto/DEinDEwithStartTimes2.xml (RunModel)" time="0.024" />
  <testcase classname="ptolemy.util.test.junit.AutoTests" name="[17] /home/travis/build/icyphy/ptII/ptolemy/domains/de/test/auto/DateDemo.xml (RunModel)" time="0.044" />
  <testcase classname="ptolemy.util.test.junit.AutoTests" name="[18] /home/travis/build/icyphy/ptII/ptolemy/domains/de/test/auto/DateToEvent.xml (RunModel)" time="2.052" />
  <testcase classname="ptolemy.util.test.junit.AutoTests" name="[19] /home/travis/build/icyphy/ptII/ptolemy/domains/de/test/auto/DepthTest1.xml (RunModel)" time="0.009" />
  <testcase classname="ptolemy.util.test.junit.AutoTests" name="[20] /home/travis/build/icyphy/ptII/ptolemy/domains/de/test/auto/DepthTest2.xml (RunModel)" time="0.028" />
  <testcase classname="ptolemy.util.test.junit.AutoTests" name="[21] /home/travis/build/icyphy/ptII/ptolemy/domains/de/test/auto/DepthTest3.xml (RunModel)" time="0.013" />
  <testcase classname="ptolemy.util.test.junit.AutoTests" name="[22] /home/travis/build/icyphy/ptII/ptolemy/domains/de/test/auto/DepthTest4.xml (RunModel)" time="0.032" />
  <testcase classname="ptolemy.util.test.junit.AutoTests" name="[23] /home/travis/build/icyphy/ptII/ptolemy/domains/de/test/auto/DepthTest5.xml (RunModel)" time="0.032" />
  <testcase classname="ptolemy.util.test.junit.AutoTests" name="[24] /home/travis/build/icyphy/ptII/ptolemy/domains/de/test/auto/DepthTest6.xml (RunModel)" time="0.021" />
  <testcase classname="ptolemy.util.test.junit.AutoTests" name="[25] /home/travis/build/icyphy/ptII/ptolemy/domains/de/test/auto/DepthTest7.xml (RunModel)" time="0.014" />
  <testcase classname="ptolemy.util.test.junit.AutoTests" name="[26] /home/travis/build/icyphy/ptII/ptolemy/domains/de/test/auto/EventToDate.xml (RunModel)" time="3.057" />
  <testcase classname="ptolemy.util.test.junit.AutoTests" name="[27] /home/travis/build/icyphy/ptII/ptolemy/domains/de/test/auto/FSM1.xml (RunModel)" time="0.058" />
  <testcase classname="ptolemy.util.test.junit.AutoTests" name="[28] /home/travis/build/icyphy/ptII/ptolemy/domains/de/test/auto/FSM7.xml (RunModel)" time="0.054" />
  <testcase classname="ptolemy.util.test.junit.AutoTests" name="[29] /home/travis/build/icyphy/ptII/ptolemy/domains/de/test/auto/Inspection.xml (RunModel)" time="0.054" />
  <testcase classname="ptolemy.util.test.junit.AutoTests" name="[30] /home/travis/build/icyphy/ptII/ptolemy/domains/de/test/auto/Iteration.xml (RunModel)" time="0.052" />
  <testcase classname="ptolemy.util.test.junit.AutoTests" name="[31] /home/travis/build/icyphy/ptII/ptolemy/domains/de/test/auto/LineFault.xml (RunModel)" time="0.82" />
  <testcase classname="ptolemy.util.test.junit.AutoTests" name="[32] /home/travis/build/icyphy/ptII/ptolemy/domains/de/test/auto/MergeModel1Add.xml (RunModel)" time="0.062" />
  <testcase classname="ptolemy.util.test.junit.AutoTests" name="[33] /home/travis/build/icyphy/ptII/ptolemy/domains/de/test/auto/MergeModel2Add.xml (RunModel)" time="0.053" />
  <testcase classname="ptolemy.util.test.junit.AutoTests" name="[34] /home/travis/build/icyphy/ptII/ptolemy/domains/de/test/auto/MergeModel3Add.xml (RunModel)" time="0.061" />
  <testcase classname="ptolemy.util.test.junit.AutoTests" name="[35] /home/travis/build/icyphy/ptII/ptolemy/domains/de/test/auto/MergeWithoutDiscard.xml (RunModel)" time="0.015" />
  <testcase classname="ptolemy.util.test.junit.AutoTests" name="[36] /home/travis/build/icyphy/ptII/ptolemy/domains/de/test/auto/Modal1.xml (RunModel)" time="0.038" />
  <testcase classname="ptolemy.util.test.junit.AutoTests" name="[37] /home/travis/build/icyphy/ptII/ptolemy/domains/de/test/auto/Modal2.xml (RunModel)" time="0.045" />
  <testcase classname="ptolemy.util.test.junit.AutoTests" name="[38] /home/travis/build/icyphy/ptII/ptolemy/domains/de/test/auto/Modal3.xml (RunModel)" time="0.033" />
  <testcase classname="ptolemy.util.test.junit.AutoTests" name="[39] /home/travis/build/icyphy/ptII/ptolemy/domains/de/test/auto/Modal4.xml (RunModel)" time="0.04" />
  <testcase classname="ptolemy.util.test.junit.AutoTests" name="[40] /home/travis/build/icyphy/ptII/ptolemy/domains/de/test/auto/Modal5.xml (RunModel)" time="0.036" />
  <testcase classname="ptolemy.util.test.junit.AutoTests" name="[41] /home/travis/build/icyphy/ptII/ptolemy/domains/de/test/auto/Modal6.xml (RunModel)" time="0.035" />
  <testcase classname="ptolemy.util.test.junit.AutoTests" name="[42] /home/travis/build/icyphy/ptII/ptolemy/domains/de/test/auto/Modal7.xml (RunModel)" time="0.04" />
  <testcase classname="ptolemy.util.test.junit.AutoTests" name="[43] /home/travis/build/icyphy/ptII/ptolemy/domains/de/test/auto/ModalModel.xml (RunModel)" time="0.22" />
  <testcase classname="ptolemy.util.test.junit.AutoTests" name="[44] /home/travis/build/icyphy/ptII/ptolemy/domains/de/test/auto/ModalSource.xml (RunModel)" time="0.022" />
  <testcase classname="ptolemy.util.test.junit.AutoTests" name="[45] /home/travis/build/icyphy/ptII/ptolemy/domains/de/test/auto/NonInterruptibleTimerZeroDelay.xml (RunModel)" time="0.02" />
  <testcase classname="ptolemy.util.test.junit.AutoTests" name="[46] /home/travis/build/icyphy/ptII/ptolemy/domains/de/test/auto/OpenQueueingNetwork.xml (RunModel)" time="2.9" />
  <testcase classname="ptolemy.util.test.junit.AutoTests" name="[47] /home/travis/build/icyphy/ptII/ptolemy/domains/de/test/auto/OpenQueuingNetwork.xml (RunModel)" time="0.311" />
  <testcase classname="ptolemy.util.test.junit.AutoTests" name="[48] /home/travis/build/icyphy/ptII/ptolemy/domains/de/test/auto/PeriodicSampler.xml (RunModel)" time="0.015" />
  <testcase classname="ptolemy.util.test.junit.AutoTests" name="[49] /home/travis/build/icyphy/ptII/ptolemy/domains/de/test/auto/PersistentIO.xml (RunModel)" time="0.022" />
  <testcase classname="ptolemy.util.test.junit.AutoTests" name="[50] /home/travis/build/icyphy/ptII/ptolemy/domains/de/test/auto/PortParameterResetOnInitialize.xml (RunModel)" time="0.013" />
  <testcase classname="ptolemy.util.test.junit.AutoTests" name="[51] /home/travis/build/icyphy/ptII/ptolemy/domains/de/test/auto/PortParameterUpdates.xml (RunModel)" time="0.019" />
  <testcase classname="ptolemy.util.test.junit.AutoTests" name="[52] /home/travis/build/icyphy/ptII/ptolemy/domains/de/test/auto/QueueAndServer.xml (RunModel)" time="0.027" />
  <testcase classname="ptolemy.util.test.junit.AutoTests" name="[53] /home/travis/build/icyphy/ptII/ptolemy/domains/de/test/auto/Records.xml (RunModel)" time="0.019" />
  <testcase classname="ptolemy.util.test.junit.AutoTests" name="[54] /home/travis/build/icyphy/ptII/ptolemy/domains/de/test/auto/ResetTransitionWithStartTime1.xml (RunModel)" time="0.022" />
  <testcase classname="ptolemy.util.test.junit.AutoTests" name="[55] /home/travis/build/icyphy/ptII/ptolemy/domains/de/test/auto/ResetTransitionWithStartTime2.xml (RunModel)" time="0.025" />
  <testcase classname="ptolemy.util.test.junit.AutoTests" name="[56] /home/travis/build/icyphy/ptII/ptolemy/domains/de/test/auto/ResetTransitionWithStartTime3.xml (RunModel)" time="0.025" />
  <testcase classname="ptolemy.util.test.junit.AutoTests" name="[57] /home/travis/build/icyphy/ptII/ptolemy/domains/de/test/auto/ResetTransitionWithStartTime4.xml (RunModel)" time="0.021" />
  <testcase classname="ptolemy.util.test.junit.AutoTests" name="[58] /home/travis/build/icyphy/ptII/ptolemy/domains/de/test/auto/ResettableTimer1.xml (RunModel)" time="0.011" />
  <testcase classname="ptolemy.util.test.junit.AutoTests" name="[59] /home/travis/build/icyphy/ptII/ptolemy/domains/de/test/auto/ResettableTimer2.xml (RunModel)" time="0.011" />
  <testcase classname="ptolemy.util.test.junit.AutoTests" name="[60] /home/travis/build/icyphy/ptII/ptolemy/domains/de/test/auto/ResettableTimer3.xml (RunModel)" time="0.01" />
  <testcase classname="ptolemy.util.test.junit.AutoTests" name="[61] /home/travis/build/icyphy/ptII/ptolemy/domains/de/test/auto/ResettableTimer4.xml (RunModel)" time="0.014" />
  <testcase classname="ptolemy.util.test.junit.AutoTests" name="[62] /home/travis/build/icyphy/ptII/ptolemy/domains/de/test/auto/ResettableTimer5.xml (RunModel)" time="0.011" />
  <testcase classname="ptolemy.util.test.junit.AutoTests" name="[63] /home/travis/build/icyphy/ptII/ptolemy/domains/de/test/auto/ResettableTimer6.xml (RunModel)" time="0.018" />
  <testcase classname="ptolemy.util.test.junit.AutoTests" name="[64] /home/travis/build/icyphy/ptII/ptolemy/domains/de/test/auto/ServerZeroDelay.xml (RunModel)" time="0.012" />
  <testcase classname="ptolemy.util.test.junit.AutoTests" name="[65] /home/travis/build/icyphy/ptII/ptolemy/domains/de/test/auto/SmartSender.xml (RunModel)" time="3.01" />
  <testcase classname="ptolemy.util.test.junit.AutoTests" name="[66] /home/travis/build/icyphy/ptII/ptolemy/domains/de/test/auto/ThreadedComposite.xml (RunModel)" time="0.128" />
  <testcase classname="ptolemy.util.test.junit.AutoTests" name="[67] /home/travis/build/icyphy/ptII/ptolemy/domains/de/test/auto/Time.xml (RunModel)" time="0.49" />
  <testcase classname="ptolemy.util.test.junit.AutoTests" name="[68] /home/travis/build/icyphy/ptII/ptolemy/domains/de/test/auto/TimeDelayZeroDelay.xml (RunModel)" time="0.014" />
  <testcase classname="ptolemy.util.test.junit.AutoTests" name="[69] /home/travis/build/icyphy/ptII/ptolemy/domains/de/test/auto/TimerZeroDelay.xml (RunModel)" time="0.01" />
  <testcase classname="ptolemy.util.test.junit.AutoTests" name="[70] /home/travis/build/icyphy/ptII/ptolemy/domains/de/test/auto/TimingParadox.xml (RunModel)" time="0.365" />
  <testcase classname="ptolemy.util.test.junit.AutoTests" name="[71] /home/travis/build/icyphy/ptII/ptolemy/domains/de/test/auto/TransferInputs.xml (RunModel)" time="0.022" />
  <testcase classname="ptolemy.util.test.junit.AutoTests" name="[72] /home/travis/build/icyphy/ptII/ptolemy/domains/de/test/auto/TransferOutputs2.xml (RunModel)" time="0.019" />
  <testcase classname="ptolemy.util.test.junit.AutoTests" name="[73] /home/travis/build/icyphy/ptII/ptolemy/domains/de/test/auto/Trilateration.xml (RunModel)" time="13.818" />
  <testcase classname="ptolemy.util.test.junit.AutoTests" name="[74] /home/travis/build/icyphy/ptII/ptolemy/domains/de/test/auto/TwoSigmaDelta.xml (RunModel)" time="2.427" />
  <testcase classname="ptolemy.util.test.junit.AutoTests" name="[75] /home/travis/build/icyphy/ptII/ptolemy/domains/de/test/auto/VariableDelay.xml (RunModel)" time="0.014" />
  <testcase classname="ptolemy.util.test.junit.AutoTests" name="[76] /home/travis/build/icyphy/ptII/ptolemy/domains/de/test/auto/VariableDelay2.xml (RunModel)" time="0.011" />
  <testcase classname="ptolemy.util.test.junit.AutoTests" name="[77] /home/travis/build/icyphy/ptII/ptolemy/domains/de/test/auto/VariableDelayZeroDelay.xml (RunModel)" time="0.014" />
  <testcase classname="ptolemy.util.test.junit.AutoTests" name="[78] /home/travis/build/icyphy/ptII/ptolemy/domains/de/test/auto/VariableDelayZeroDelay2.xml (RunModel)" time="0.01" />
  <testcase classname="ptolemy.util.test.junit.AutoTests" name="[79] /home/travis/build/icyphy/ptII/ptolemy/domains/de/test/auto/deInCt.xml (RunModel)" time="0.018" />
  <testcase classname="ptolemy.util.test.junit.AutoTests" name="[80] /home/travis/build/icyphy/ptII/ptolemy/domains/de/test/auto/deInCt2.xml (RunModel)" time="0.022" />
  <testcase classname="ptolemy.util.test.junit.AutoTests" name="[81] /home/travis/build/icyphy/ptII/ptolemy/domains/de/test/auto/dynamicCausalityInterface1.xml (RunModel)" time="0.021" />
  <testcase classname="ptolemy.util.test.junit.AutoTests" name="[82] /home/travis/build/icyphy/ptII/ptolemy/domains/de/test/auto/fsm_de_test.xml (RunModel)" time="0.028" />
  <testcase classname="ptolemy.util.test.junit.AutoTests" name="[83] /home/travis/build/icyphy/ptII/ptolemy/domains/de/test/auto/functionDependencyReconstruction.xml (RunModel)" time="0.037" />
  <testcase classname="ptolemy.util.test.junit.AutoTests" name="[84] /home/travis/build/icyphy/ptII/ptolemy/domains/de/test/auto/multirate.xml (RunModel)" time="0.016" />
  <testcase classname="ptolemy.util.test.junit.AutoTests" name="[85] /home/travis/build/icyphy/ptII/ptolemy/domains/de/test/auto/multirate2.xml (RunModel)" time="0.017" />
  <testcase classname="ptolemy.util.test.junit.AutoTests" name="[86] /home/travis/build/icyphy/ptII/ptolemy/domains/de/test/auto/realtime.xml (RunModel)" time="10.012" />
  <testcase classname="ptolemy.util.test.junit.AutoTests" name="[87] /home/travis/build/icyphy/ptII/ptolemy/domains/de/test/auto/relationGroup.xml (RunModel)" time="0.02" />
  <testcase classname="ptolemy.util.test.junit.AutoTests" name="[88] /home/travis/build/icyphy/ptII/ptolemy/domains/de/test/auto/relationGroup2.xml (RunModel)" time="0.01" />
  <testcase classname="ptolemy.util.test.junit.AutoTests" name="[89] /home/travis/build/icyphy/ptII/ptolemy/domains/de/test/auto/sortWithOpaquePorts.xml (RunModel)" time="0.025" />
  <testcase classname="ptolemy.util.test.junit.AutoTests" name="[90] /home/travis/build/icyphy/ptII/ptolemy/domains/de/test/auto/transferInputsandOutputs.xml (RunModel)" time="0.021" />
  <testcase classname="ptolemy.util.test.junit.AutoTests" name="[91] /home/travis/build/icyphy/ptII/ptolemy/domains/de/test/auto/triggerType.xml (RunModel)" time="0.01" />
  <system-out><![CDATA[/home/travis/build/icyphy/ptII/ptolemy/domains/de/test/DependencyLoop.tcl
testDefs.tcl: setting time out to 9000 seconds at Mon Dec 09 11:06:50 UTC 2019
100 ms. Memory: 120832K Free: 72133K (60%)
37 ms. Memory: 120832K Free: 54711K (45%)
/home/travis/build/icyphy/ptII/ptolemy/domains/de/test/RunDETestsAsQSS.tcl
Run the DE tests using ptolemy.domains.qss.test.QSSDirectorTest, which extends QSSDirector and prints a message in the constructors.
------------------ testing $PTII/ptolemy/domains/de/test/auto/knownFailedTests/DirectFeedback.xml (Known Failure) 
39 ms. Memory: 120832K Free: 48581K (40%)


==== $PTIIhome/travis/build/icyphy/ptII/ptolemy/domains/de/test/../../../../: Auto Automatic test in file $PTII/ptolemy/domains/de/test/auto/knownFailedTests/DirectFeedback.xml
==== Contents of test case:

	    # FIXME: we should use $relativeFilename here, but it
	    # might have backslashes under Windows, which causes no end
	    # of trouble.
	    createAndExecute $file
	    list {}
	
.... Test generated KNOWN error:
    while executing
ptolemy.kernel.util.IllegalActionException: Test fails in iteration 1.
Value was: 1.0. Should have been: 2.0
  in .DirectFeedback.Test
	at ptolemy.actor.lib.Test.fire(Test.java:268)
	at ptolemy.domains.de.kernel.DEDirector._fire(DEDirector.java:1949)
	at ptolemy.domains.de.kernel.DEDirector.fire(DEDirector.java:502)
	at ptolemy.actor.CompositeActor.fire(CompositeActor.java:455)
	at ptolemy.actor.Manager.iterate(Manager.java:851)
	at ptolemy.actor.Manager.execute(Manager.java:369)
	at ptolemy.actor.Manager.run(Manager.java:1263)
	at ptolemy.actor.Manager$PtolemyRunThread.run(Manager.java:1933)

    while executing
ptolemy.kernel.util.IllegalActionException: Test fails in iteration 1.
Value was: 1.0. Should have been: 2.0
  in .DirectFeedback.Test
    while executing
"java::new ptolemy.moml.MoMLSimpleApplication $file
"
    (procedure "createAndExecute" line 2)
    invoked from within
"createAndExecute $file"
    ("uplevel" body line 5)
    invoked from within
"uplevel $contents_of_test"
------------------ testing $PTII/ptolemy/domains/de/test/auto/knownFailedTests/dependencyLoop.xml (Known Failure) 
56 ms. Memory: 120832K Free: 108332K (90%)


==== $PTIIhome/travis/build/icyphy/ptII/ptolemy/domains/de/test/../../../../: Auto Automatic test in file $PTII/ptolemy/domains/de/test/auto/knownFailedTests/dependencyLoop.xml
==== Contents of test case:

	    # FIXME: we should use $relativeFilename here, but it
	    # might have backslashes under Windows, which causes no end
	    # of trouble.
	    createAndExecute $file
	    list {}
	
.... Test generated KNOWN error:
    while executing
ptolemy.kernel.util.IllegalActionException: Found a zero delay loop containing .dependencyLoop.original
  in .dependencyLoop and .dependencyLoop.original
	at ptolemy.actor.util.CausalityInterfaceForComposites._computeOutputPortDepth(CausalityInterfaceForComposites.java:759)
	at ptolemy.actor.util.CausalityInterfaceForComposites._computeInputDepth(CausalityInterfaceForComposites.java:696)
	at ptolemy.actor.util.CausalityInterfaceForComposites._computeOutputPortDepth(CausalityInterfaceForComposites.java:765)
	at ptolemy.actor.util.CausalityInterfaceForComposites._computeInputDepth(CausalityInterfaceForComposites.java:696)
	at ptolemy.actor.util.CausalityInterfaceForComposites._computeOutputPortDepth(CausalityInterfaceForComposites.java:765)
	at ptolemy.actor.util.CausalityInterfaceForComposites._computeInputDepth(CausalityInterfaceForComposites.java:696)
	at ptolemy.actor.util.CausalityInterfaceForComposites._computeActorDepth(CausalityInterfaceForComposites.java:532)
	at ptolemy.actor.util.CausalityInterfaceForComposites.checkForCycles(CausalityInterfaceForComposites.java:96)
	at ptolemy.domains.de.kernel.DEDirector.preinitialize(DEDirector.java:1338)
	at ptolemy.actor.CompositeActor.preinitialize(CompositeActor.java:1828)
	at ptolemy.actor.Manager.preinitializeAndResolveTypes(Manager.java:1040)
	at ptolemy.actor.Manager.initialize(Manager.java:710)
	at ptolemy.actor.Manager.execute(Manager.java:356)
	at ptolemy.actor.Manager.run(Manager.java:1263)
	at ptolemy.actor.Manager$PtolemyRunThread.run(Manager.java:1933)

    while executing
ptolemy.kernel.util.IllegalActionException: Found a zero delay loop containing .dependencyLoop.original
  in .dependencyLoop and .dependencyLoop.original
    while executing
"java::new ptolemy.moml.MoMLSimpleApplication $file
"
    (procedure "createAndExecute" line 2)
    invoked from within
"createAndExecute $file"
    ("uplevel" body line 5)
    invoked from within
"uplevel $contents_of_test"
------------------ testing $PTII/ptolemy/domains/de/test/auto/knownFailedTests/FSMSource.xml (Known Failure) 
83 ms. Memory: 120832K Free: 99190K (82%)
!!!! Auto was marked as failing, but now passes
------------------ testing $PTII/ptolemy/domains/de/test/auto/knownFailedTests/HierarchicalModel.xml (Known Failure) 
6 ms. Memory: 120832K Free: 81753K (68%)


==== $PTIIhome/travis/build/icyphy/ptII/ptolemy/domains/de/test/../../../../: Auto Automatic test in file $PTII/ptolemy/domains/de/test/auto/knownFailedTests/HierarchicalModel.xml
==== Contents of test case:

	    # FIXME: we should use $relativeFilename here, but it
	    # might have backslashes under Windows, which causes no end
	    # of trouble.
	    createAndExecute $file
	    list {}
	
.... Test generated KNOWN error:
    while executing
ptolemy.kernel.util.IllegalActionException: Found a zero delay loop containing .HierarchicalModel.A
  in .HierarchicalModel and .HierarchicalModel.A
	at ptolemy.actor.util.CausalityInterfaceForComposites._computeOutputPortDepth(CausalityInterfaceForComposites.java:759)
	at ptolemy.actor.util.CausalityInterfaceForComposites._computeInputDepth(CausalityInterfaceForComposites.java:696)
	at ptolemy.actor.util.CausalityInterfaceForComposites._computeOutputPortDepth(CausalityInterfaceForComposites.java:765)
	at ptolemy.actor.util.CausalityInterfaceForComposites._computeInputDepth(CausalityInterfaceForComposites.java:696)
	at ptolemy.actor.util.CausalityInterfaceForComposites._computeOutputPortDepth(CausalityInterfaceForComposites.java:765)
	at ptolemy.actor.util.CausalityInterfaceForComposites._computeInputDepth(CausalityInterfaceForComposites.java:696)
	at ptolemy.actor.util.CausalityInterfaceForComposites._computeActorDepth(CausalityInterfaceForComposites.java:532)
	at ptolemy.actor.util.CausalityInterfaceForComposites.checkForCycles(CausalityInterfaceForComposites.java:96)
	at ptolemy.domains.de.kernel.DEDirector.preinitialize(DEDirector.java:1338)
	at ptolemy.actor.CompositeActor.preinitialize(CompositeActor.java:1828)
	at ptolemy.actor.Manager.preinitializeAndResolveTypes(Manager.java:1040)
	at ptolemy.actor.Manager.initialize(Manager.java:710)
	at ptolemy.actor.Manager.execute(Manager.java:356)
	at ptolemy.actor.Manager.run(Manager.java:1263)
	at ptolemy.actor.Manager$PtolemyRunThread.run(Manager.java:1933)

    while executing
ptolemy.kernel.util.IllegalActionException: Found a zero delay loop containing .HierarchicalModel.A
  in .HierarchicalModel and .HierarchicalModel.A
    while executing
"java::new ptolemy.moml.MoMLSimpleApplication $file
"
    (procedure "createAndExecute" line 2)
    invoked from within
"createAndExecute $file"
    ("uplevel" body line 5)
    invoked from within
"uplevel $contents_of_test"
------------------ testing $PTII/ptolemy/domains/de/test/auto/knownFailedTests/dependencyLoop2.xml (Known Failure) 
31 ms. Memory: 120832K Free: 106930K (88%)


==== $PTIIhome/travis/build/icyphy/ptII/ptolemy/domains/de/test/../../../../: Auto Automatic test in file $PTII/ptolemy/domains/de/test/auto/knownFailedTests/dependencyLoop2.xml
==== Contents of test case:

	    # FIXME: we should use $relativeFilename here, but it
	    # might have backslashes under Windows, which causes no end
	    # of trouble.
	    createAndExecute $file
	    list {}
	
.... Test generated KNOWN error:
    while executing
ptolemy.kernel.util.IllegalActionException: Found a zero delay loop containing .dependencyLoop2.original
  in .dependencyLoop2 and .dependencyLoop2.original
	at ptolemy.actor.util.CausalityInterfaceForComposites._computeOutputPortDepth(CausalityInterfaceForComposites.java:759)
	at ptolemy.actor.util.CausalityInterfaceForComposites._computeInputDepth(CausalityInterfaceForComposites.java:696)
	at ptolemy.actor.util.CausalityInterfaceForComposites._computeOutputPortDepth(CausalityInterfaceForComposites.java:765)
	at ptolemy.actor.util.CausalityInterfaceForComposites._computeInputDepth(CausalityInterfaceForComposites.java:696)
	at ptolemy.actor.util.CausalityInterfaceForComposites._computeOutputPortDepth(CausalityInterfaceForComposites.java:765)
	at ptolemy.actor.util.CausalityInterfaceForComposites._computeInputDepth(CausalityInterfaceForComposites.java:696)
	at ptolemy.actor.util.CausalityInterfaceForComposites._computeActorDepth(CausalityInterfaceForComposites.java:532)
	at ptolemy.actor.util.CausalityInterfaceForComposites.checkForCycles(CausalityInterfaceForComposites.java:96)
	at ptolemy.domains.de.kernel.DEDirector.preinitialize(DEDirector.java:1338)
	at ptolemy.actor.CompositeActor.preinitialize(CompositeActor.java:1828)
	at ptolemy.actor.Manager.preinitializeAndResolveTypes(Manager.java:1040)
	at ptolemy.actor.Manager.initialize(Manager.java:710)
	at ptolemy.actor.Manager.execute(Manager.java:356)
	at ptolemy.actor.Manager.run(Manager.java:1263)
	at ptolemy.actor.Manager$PtolemyRunThread.run(Manager.java:1933)

    while executing
ptolemy.kernel.util.IllegalActionException: Found a zero delay loop containing .dependencyLoop2.original
  in .dependencyLoop2 and .dependencyLoop2.original
    while executing
"java::new ptolemy.moml.MoMLSimpleApplication $file
"
    (procedure "createAndExecute" line 2)
    invoked from within
"createAndExecute $file"
    ("uplevel" body line 5)
    invoked from within
"uplevel $contents_of_test"
------------------ testing $PTII/ptolemy/domains/de/test/auto/knownFailedTests/DESDFClockTest.xml (Known Failure) 
2073 ms. Memory: 120832K Free: 93768K (78%)


==== $PTIIhome/travis/build/icyphy/ptII/ptolemy/domains/de/test/../../../../: Auto Automatic test in file $PTII/ptolemy/domains/de/test/auto/knownFailedTests/DESDFClockTest.xml
==== Contents of test case:

	    # FIXME: we should use $relativeFilename here, but it
	    # might have backslashes under Windows, which causes no end
	    # of trouble.
	    createAndExecute $file
	    list {}
	
.... Test generated KNOWN error:
    while executing
ptolemy.kernel.util.IllegalActionException: Actor is not ready to fire.  Perhaps UpSample.prefire() returned false? Try debugging the actor by selecting "Listen to Actor".  Also, for SDF check moml for tokenConsumptionRate on input.
  in .DESDFClockTest.Play Bell.Copy1:SDF Director and .DESDFClockTest.Play Bell.UpSample
	at ptolemy.actor.sched.StaticSchedulingDirector.fire(StaticSchedulingDirector.java:227)
	at ptolemy.domains.sdf.kernel.SDFDirector.fire(SDFDirector.java:500)
	at ptolemy.actor.CompositeActor.fire(CompositeActor.java:455)
	at ptolemy.domains.de.kernel.DEDirector._fire(DEDirector.java:1949)
	at ptolemy.domains.de.kernel.DEDirector.fire(DEDirector.java:502)
	at ptolemy.actor.CompositeActor.fire(CompositeActor.java:455)
	at ptolemy.actor.Manager.iterate(Manager.java:851)
	at ptolemy.actor.Manager.execute(Manager.java:369)
	at ptolemy.actor.Manager.run(Manager.java:1263)
	at ptolemy.actor.Manager$PtolemyRunThread.run(Manager.java:1933)

    while executing
ptolemy.kernel.util.IllegalActionException: Actor is not ready to fire.  Perhaps UpSample.prefire() returned false? Try debugging the actor by selecting "Listen to Actor".  Also, for SDF check moml for tokenConsumptionRate on input.
  in .DESDFClockTest.Play Bell.Copy1:SDF Director and .DESDFClockTest.Play Bell.UpSample
    while executing
"java::new ptolemy.moml.MoMLSimpleApplication $file
"
    (procedure "createAndExecute" line 2)
    invoked from within
"createAndExecute $file"
    ("uplevel" body line 5)
    invoked from within
"uplevel $contents_of_test"
------------------ testing $PTII/ptolemy/domains/de/test/auto/ActorDepthCalculation_actorWithoutPorts.xml
auto.tcl: Setting watchdog for 200 seconds at Mon Dec 09 11:06:54 UTC 2019
5 ms. Memory: 120832K Free: 86570K (72%)
ptolemy.util.test.WatchDog.cancel(): canceling Mon Dec 09 11:06:54 UTC 2019
auto.tcl: Setting watchdog for 200 seconds at Mon Dec 09 11:06:54 UTC 2019
6 ms. Memory: 120832K Free: 85292K (71%)
ptolemy.util.test.WatchDog.cancel(): canceling Mon Dec 09 11:06:54 UTC 2019
------------------ testing $PTII/ptolemy/domains/de/test/auto/AssemblyLine.xml
auto.tcl: Setting watchdog for 200 seconds at Mon Dec 09 11:06:55 UTC 2019
33 ms. Memory: 48128K Free: 25018K (52%)
ptolemy.util.test.WatchDog.cancel(): canceling Mon Dec 09 11:06:55 UTC 2019
auto.tcl: Setting watchdog for 200 seconds at Mon Dec 09 11:06:55 UTC 2019
11 ms. Memory: 48128K Free: 24313K (51%)
ptolemy.util.test.WatchDog.cancel(): canceling Mon Dec 09 11:06:55 UTC 2019
------------------ testing $PTII/ptolemy/domains/de/test/auto/CQBug1.xml
auto.tcl: Setting watchdog for 200 seconds at Mon Dec 09 11:06:55 UTC 2019
6 ms. Memory: 48128K Free: 31478K (65%)
ptolemy.util.test.WatchDog.cancel(): canceling Mon Dec 09 11:06:55 UTC 2019
auto.tcl: Setting watchdog for 200 seconds at Mon Dec 09 11:06:55 UTC 2019
2 ms. Memory: 48128K Free: 31048K (65%)
ptolemy.util.test.WatchDog.cancel(): canceling Mon Dec 09 11:06:55 UTC 2019
------------------ testing $PTII/ptolemy/domains/de/test/auto/CancelFireAt.xml
auto.tcl: Setting watchdog for 200 seconds at Mon Dec 09 11:06:55 UTC 2019
9 ms. Memory: 48128K Free: 32803K (68%)
ptolemy.util.test.WatchDog.cancel(): canceling Mon Dec 09 11:06:55 UTC 2019
auto.tcl: Setting watchdog for 200 seconds at Mon Dec 09 11:06:55 UTC 2019
2 ms. Memory: 48128K Free: 32371K (67%)
ptolemy.util.test.WatchDog.cancel(): canceling Mon Dec 09 11:06:55 UTC 2019
------------------ testing $PTII/ptolemy/domains/de/test/auto/CausalityAndComposabilityAnalysis.xml
auto.tcl: Setting watchdog for 200 seconds at Mon Dec 09 11:06:55 UTC 2019
17 ms. Memory: 45056K Free: 27416K (61%)
ptolemy.util.test.WatchDog.cancel(): canceling Mon Dec 09 11:06:55 UTC 2019
auto.tcl: Setting watchdog for 200 seconds at Mon Dec 09 11:06:55 UTC 2019
5 ms. Memory: 45056K Free: 26986K (60%)
ptolemy.util.test.WatchDog.cancel(): canceling Mon Dec 09 11:06:55 UTC 2019
------------------ testing $PTII/ptolemy/domains/de/test/auto/CausalityInterface1.xml
auto.tcl: Setting watchdog for 200 seconds at Mon Dec 09 11:06:55 UTC 2019
35 ms. Memory: 45056K Free: 26389K (59%)
ptolemy.util.test.WatchDog.cancel(): canceling Mon Dec 09 11:06:55 UTC 2019
auto.tcl: Setting watchdog for 200 seconds at Mon Dec 09 11:06:55 UTC 2019
6 ms. Memory: 45056K Free: 25411K (56%)
ptolemy.util.test.WatchDog.cancel(): canceling Mon Dec 09 11:06:55 UTC 2019
------------------ testing $PTII/ptolemy/domains/de/test/auto/CausalityInterface15.xml
auto.tcl: Setting watchdog for 200 seconds at Mon Dec 09 11:06:56 UTC 2019
14 ms. Memory: 45056K Free: 26054K (58%)
ptolemy.util.test.WatchDog.cancel(): canceling Mon Dec 09 11:06:56 UTC 2019
auto.tcl: Setting watchdog for 200 seconds at Mon Dec 09 11:06:56 UTC 2019
6 ms. Memory: 45056K Free: 25347K (56%)
ptolemy.util.test.WatchDog.cancel(): canceling Mon Dec 09 11:06:56 UTC 2019
------------------ testing $PTII/ptolemy/domains/de/test/auto/CausalityInterface2.xml
auto.tcl: Setting watchdog for 200 seconds at Mon Dec 09 11:06:56 UTC 2019
5 ms. Memory: 45056K Free: 27099K (60%)
ptolemy.util.test.WatchDog.cancel(): canceling Mon Dec 09 11:06:56 UTC 2019
auto.tcl: Setting watchdog for 200 seconds at Mon Dec 09 11:06:56 UTC 2019
7 ms. Memory: 45056K Free: 25953K (58%)
ptolemy.util.test.WatchDog.cancel(): canceling Mon Dec 09 11:06:56 UTC 2019
------------------ testing $PTII/ptolemy/domains/de/test/auto/CausalityInterface3.xml
auto.tcl: Setting watchdog for 200 seconds at Mon Dec 09 11:06:56 UTC 2019
6 ms. Memory: 45056K Free: 26561K (59%)
ptolemy.util.test.WatchDog.cancel(): canceling Mon Dec 09 11:06:56 UTC 2019
auto.tcl: Setting watchdog for 200 seconds at Mon Dec 09 11:06:56 UTC 2019
4 ms. Memory: 45056K Free: 25765K (57%)
ptolemy.util.test.WatchDog.cancel(): canceling Mon Dec 09 11:06:56 UTC 2019
------------------ testing $PTII/ptolemy/domains/de/test/auto/ClockDrift.xml
auto.tcl: Setting watchdog for 200 seconds at Mon Dec 09 11:06:56 UTC 2019
61 ms. Memory: 45056K Free: 19156K (43%)
ptolemy.util.test.WatchDog.cancel(): canceling Mon Dec 09 11:06:56 UTC 2019
auto.tcl: Setting watchdog for 200 seconds at Mon Dec 09 11:06:56 UTC 2019
56 ms. Memory: 45056K Free: 16138K (36%)
ptolemy.util.test.WatchDog.cancel(): canceling Mon Dec 09 11:06:56 UTC 2019
------------------ testing $PTII/ptolemy/domains/de/test/auto/ClockDriftAndValueChange.xml
auto.tcl: Setting watchdog for 200 seconds at Mon Dec 09 11:06:56 UTC 2019
49 ms. Memory: 45056K Free: 19022K (42%)
ptolemy.util.test.WatchDog.cancel(): canceling Mon Dec 09 11:06:56 UTC 2019
auto.tcl: Setting watchdog for 200 seconds at Mon Dec 09 11:06:56 UTC 2019
24 ms. Memory: 45056K Free: 16017K (36%)
ptolemy.util.test.WatchDog.cancel(): canceling Mon Dec 09 11:06:56 UTC 2019
------------------ testing $PTII/ptolemy/domains/de/test/auto/ClockDriftChange.xml
auto.tcl: Setting watchdog for 200 seconds at Mon Dec 09 11:06:56 UTC 2019
34 ms. Memory: 45056K Free: 21277K (47%)
ptolemy.util.test.WatchDog.cancel(): canceling Mon Dec 09 11:06:56 UTC 2019
auto.tcl: Setting watchdog for 200 seconds at Mon Dec 09 11:06:56 UTC 2019
32 ms. Memory: 45056K Free: 18423K (41%)
ptolemy.util.test.WatchDog.cancel(): canceling Mon Dec 09 11:06:56 UTC 2019
------------------ testing $PTII/ptolemy/domains/de/test/auto/ComposableCausalityAnalysis.xml
auto.tcl: Setting watchdog for 200 seconds at Mon Dec 09 11:06:57 UTC 2019
3 ms. Memory: 45056K Free: 25967K (58%)
ptolemy.util.test.WatchDog.cancel(): canceling Mon Dec 09 11:06:57 UTC 2019
auto.tcl: Setting watchdog for 200 seconds at Mon Dec 09 11:06:57 UTC 2019
6 ms. Memory: 45056K Free: 24886K (55%)
ptolemy.util.test.WatchDog.cancel(): canceling Mon Dec 09 11:06:57 UTC 2019
------------------ testing $PTII/ptolemy/domains/de/test/auto/DEFixedPointLimitation.xml
auto.tcl: Setting watchdog for 200 seconds at Mon Dec 09 11:06:57 UTC 2019
2 ms. Memory: 45056K Free: 27224K (60%)
ptolemy.util.test.WatchDog.cancel(): canceling Mon Dec 09 11:06:57 UTC 2019
auto.tcl: Setting watchdog for 200 seconds at Mon Dec 09 11:06:57 UTC 2019
1 ms. Memory: 45056K Free: 26358K (59%)
ptolemy.util.test.WatchDog.cancel(): canceling Mon Dec 09 11:06:57 UTC 2019
------------------ testing $PTII/ptolemy/domains/de/test/auto/DEScheduleTest.xml
auto.tcl: Setting watchdog for 200 seconds at Mon Dec 09 11:06:57 UTC 2019
12 ms. Memory: 45056K Free: 27518K (61%)
ptolemy.util.test.WatchDog.cancel(): canceling Mon Dec 09 11:06:57 UTC 2019
auto.tcl: Setting watchdog for 200 seconds at Mon Dec 09 11:06:57 UTC 2019
4 ms. Memory: 45056K Free: 26792K (59%)
ptolemy.util.test.WatchDog.cancel(): canceling Mon Dec 09 11:06:57 UTC 2019
------------------ testing $PTII/ptolemy/domains/de/test/auto/DEinDEwithStartTimes.xml
auto.tcl: Setting watchdog for 200 seconds at Mon Dec 09 11:06:57 UTC 2019
4 ms. Memory: 45056K Free: 25710K (57%)
ptolemy.util.test.WatchDog.cancel(): canceling Mon Dec 09 11:06:57 UTC 2019
auto.tcl: Setting watchdog for 200 seconds at Mon Dec 09 11:06:57 UTC 2019
3 ms. Memory: 45056K Free: 24303K (54%)
ptolemy.util.test.WatchDog.cancel(): canceling Mon Dec 09 11:06:57 UTC 2019
------------------ testing $PTII/ptolemy/domains/de/test/auto/DEinDEwithStartTimes2.xml
auto.tcl: Setting watchdog for 200 seconds at Mon Dec 09 11:06:57 UTC 2019
7 ms. Memory: 45056K Free: 24974K (55%)
ptolemy.util.test.WatchDog.cancel(): canceling Mon Dec 09 11:06:57 UTC 2019
auto.tcl: Setting watchdog for 200 seconds at Mon Dec 09 11:06:57 UTC 2019
4 ms. Memory: 45056K Free: 23623K (52%)
ptolemy.util.test.WatchDog.cancel(): canceling Mon Dec 09 11:06:57 UTC 2019
------------------ testing $PTII/ptolemy/domains/de/test/auto/DateDemo.xml
auto.tcl: Setting watchdog for 200 seconds at Mon Dec 09 11:06:57 UTC 2019
15 ms. Memory: 45056K Free: 19286K (43%)
ptolemy.util.test.WatchDog.cancel(): canceling Mon Dec 09 11:06:57 UTC 2019
auto.tcl: Setting watchdog for 200 seconds at Mon Dec 09 11:06:57 UTC 2019
14 ms. Memory: 45056K Free: 17743K (39%)
ptolemy.util.test.WatchDog.cancel(): canceling Mon Dec 09 11:06:57 UTC 2019
------------------ testing $PTII/ptolemy/domains/de/test/auto/DateToEvent.xml
auto.tcl: Setting watchdog for 200 seconds at Mon Dec 09 11:06:57 UTC 2019
2018 ms. Memory: 45056K Free: 15185K (34%)
ptolemy.util.test.WatchDog.cancel(): canceling Mon Dec 09 11:06:59 UTC 2019
auto.tcl: Setting watchdog for 200 seconds at Mon Dec 09 11:06:59 UTC 2019
2006 ms. Memory: 45056K Free: 14477K (32%)
ptolemy.util.test.WatchDog.cancel(): canceling Mon Dec 09 11:07:01 UTC 2019
------------------ testing $PTII/ptolemy/domains/de/test/auto/DepthTest1.xml
auto.tcl: Setting watchdog for 200 seconds at Mon Dec 09 11:07:01 UTC 2019
3 ms. Memory: 45056K Free: 28477K (63%)
ptolemy.util.test.WatchDog.cancel(): canceling Mon Dec 09 11:07:01 UTC 2019
auto.tcl: Setting watchdog for 200 seconds at Mon Dec 09 11:07:01 UTC 2019
5 ms. Memory: 45056K Free: 27969K (62%)
ptolemy.util.test.WatchDog.cancel(): canceling Mon Dec 09 11:07:01 UTC 2019
------------------ testing $PTII/ptolemy/domains/de/test/auto/DepthTest2.xml
auto.tcl: Setting watchdog for 200 seconds at Mon Dec 09 11:07:01 UTC 2019
5 ms. Memory: 45056K Free: 25204K (56%)
ptolemy.util.test.WatchDog.cancel(): canceling Mon Dec 09 11:07:01 UTC 2019
auto.tcl: Setting watchdog for 200 seconds at Mon Dec 09 11:07:01 UTC 2019
4 ms. Memory: 45056K Free: 24823K (55%)
ptolemy.util.test.WatchDog.cancel(): canceling Mon Dec 09 11:07:01 UTC 2019
------------------ testing $PTII/ptolemy/domains/de/test/auto/DepthTest3.xml
auto.tcl: Setting watchdog for 200 seconds at Mon Dec 09 11:07:01 UTC 2019
4 ms. Memory: 45056K Free: 28665K (64%)
ptolemy.util.test.WatchDog.cancel(): canceling Mon Dec 09 11:07:01 UTC 2019
auto.tcl: Setting watchdog for 200 seconds at Mon Dec 09 11:07:01 UTC 2019
2 ms. Memory: 45056K Free: 28281K (63%)
ptolemy.util.test.WatchDog.cancel(): canceling Mon Dec 09 11:07:01 UTC 2019
------------------ testing $PTII/ptolemy/domains/de/test/auto/DepthTest4.xml
auto.tcl: Setting watchdog for 200 seconds at Mon Dec 09 11:07:02 UTC 2019
3 ms. Memory: 45056K Free: 27028K (60%)
ptolemy.util.test.WatchDog.cancel(): canceling Mon Dec 09 11:07:02 UTC 2019
auto.tcl: Setting watchdog for 200 seconds at Mon Dec 09 11:07:02 UTC 2019
3 ms. Memory: 45056K Free: 26303K (58%)
ptolemy.util.test.WatchDog.cancel(): canceling Mon Dec 09 11:07:02 UTC 2019
------------------ testing $PTII/ptolemy/domains/de/test/auto/DepthTest5.xml
auto.tcl: Setting watchdog for 200 seconds at Mon Dec 09 11:07:02 UTC 2019
10 ms. Memory: 45056K Free: 26179K (58%)
ptolemy.util.test.WatchDog.cancel(): canceling Mon Dec 09 11:07:02 UTC 2019
auto.tcl: Setting watchdog for 200 seconds at Mon Dec 09 11:07:02 UTC 2019
2 ms. Memory: 45056K Free: 25815K (57%)
ptolemy.util.test.WatchDog.cancel(): canceling Mon Dec 09 11:07:02 UTC 2019
------------------ testing $PTII/ptolemy/domains/de/test/auto/DepthTest6.xml
auto.tcl: Setting watchdog for 200 seconds at Mon Dec 09 11:07:02 UTC 2019
7 ms. Memory: 45056K Free: 26117K (58%)
ptolemy.util.test.WatchDog.cancel(): canceling Mon Dec 09 11:07:02 UTC 2019
auto.tcl: Setting watchdog for 200 seconds at Mon Dec 09 11:07:02 UTC 2019
2 ms. Memory: 45056K Free: 25603K (57%)
ptolemy.util.test.WatchDog.cancel(): canceling Mon Dec 09 11:07:02 UTC 2019
------------------ testing $PTII/ptolemy/domains/de/test/auto/DepthTest7.xml
auto.tcl: Setting watchdog for 200 seconds at Mon Dec 09 11:07:02 UTC 2019
3 ms. Memory: 45056K Free: 26953K (60%)
ptolemy.util.test.WatchDog.cancel(): canceling Mon Dec 09 11:07:02 UTC 2019
auto.tcl: Setting watchdog for 200 seconds at Mon Dec 09 11:07:02 UTC 2019
2 ms. Memory: 45056K Free: 26228K (58%)
ptolemy.util.test.WatchDog.cancel(): canceling Mon Dec 09 11:07:02 UTC 2019
------------------ testing $PTII/ptolemy/domains/de/test/auto/EventToDate.xml
auto.tcl: Setting watchdog for 200 seconds at Mon Dec 09 11:07:02 UTC 2019
3007 ms. Memory: 45056K Free: 17743K (39%)
ptolemy.util.test.WatchDog.cancel(): canceling Mon Dec 09 11:07:05 UTC 2019
auto.tcl: Setting watchdog for 200 seconds at Mon Dec 09 11:07:05 UTC 2019
3006 ms. Memory: 45056K Free: 17063K (38%)
ptolemy.util.test.WatchDog.cancel(): canceling Mon Dec 09 11:07:08 UTC 2019
------------------ testing $PTII/ptolemy/domains/de/test/auto/FSM1.xml
auto.tcl: Setting watchdog for 200 seconds at Mon Dec 09 11:07:08 UTC 2019
22 ms. Memory: 45056K Free: 18437K (41%)
ptolemy.util.test.WatchDog.cancel(): canceling Mon Dec 09 11:07:08 UTC 2019
auto.tcl: Setting watchdog for 200 seconds at Mon Dec 09 11:07:08 UTC 2019
19 ms. Memory: 45056K Free: 15293K (34%)
ptolemy.util.test.WatchDog.cancel(): canceling Mon Dec 09 11:07:08 UTC 2019
------------------ testing $PTII/ptolemy/domains/de/test/auto/FSM7.xml
auto.tcl: Setting watchdog for 200 seconds at Mon Dec 09 11:07:08 UTC 2019
26 ms. Memory: 45056K Free: 18691K (41%)
ptolemy.util.test.WatchDog.cancel(): canceling Mon Dec 09 11:07:08 UTC 2019
auto.tcl: Setting watchdog for 200 seconds at Mon Dec 09 11:07:08 UTC 2019
24 ms. Memory: 45056K Free: 15574K (35%)
ptolemy.util.test.WatchDog.cancel(): canceling Mon Dec 09 11:07:08 UTC 2019
------------------ testing $PTII/ptolemy/domains/de/test/auto/Inspection.xml
auto.tcl: Setting watchdog for 200 seconds at Mon Dec 09 11:07:08 UTC 2019
21 ms. Memory: 45056K Free: 18710K (42%)
ptolemy.util.test.WatchDog.cancel(): canceling Mon Dec 09 11:07:08 UTC 2019
auto.tcl: Setting watchdog for 200 seconds at Mon Dec 09 11:07:08 UTC 2019
20 ms. Memory: 45056K Free: 16958K (38%)
ptolemy.util.test.WatchDog.cancel(): canceling Mon Dec 09 11:07:08 UTC 2019
------------------ testing $PTII/ptolemy/domains/de/test/auto/Iteration.xml
auto.tcl: Setting watchdog for 200 seconds at Mon Dec 09 11:07:08 UTC 2019
12 ms. Memory: 45056K Free: 24404K (54%)
ptolemy.util.test.WatchDog.cancel(): canceling Mon Dec 09 11:07:08 UTC 2019
auto.tcl: Setting watchdog for 200 seconds at Mon Dec 09 11:07:08 UTC 2019
8 ms. Memory: 45056K Free: 23015K (51%)
ptolemy.util.test.WatchDog.cancel(): canceling Mon Dec 09 11:07:08 UTC 2019
------------------ testing $PTII/ptolemy/domains/de/test/auto/LineFault.xml
auto.tcl: Setting watchdog for 200 seconds at Mon Dec 09 11:07:09 UTC 2019
790 ms. Memory: 45056K Free: 14447K (32%)
ptolemy.util.test.WatchDog.cancel(): canceling Mon Dec 09 11:07:10 UTC 2019
auto.tcl: Setting watchdog for 200 seconds at Mon Dec 09 11:07:10 UTC 2019
670 ms. Memory: 55296K Free: 30011K (54%)
ptolemy.util.test.WatchDog.cancel(): canceling Mon Dec 09 11:07:10 UTC 2019
------------------ testing $PTII/ptolemy/domains/de/test/auto/MergeModel1Add.xml
auto.tcl: Setting watchdog for 200 seconds at Mon Dec 09 11:07:10 UTC 2019
20 ms. Memory: 51200K Free: 16541K (32%)
ptolemy.util.test.WatchDog.cancel(): canceling Mon Dec 09 11:07:10 UTC 2019
auto.tcl: Setting watchdog for 200 seconds at Mon Dec 09 11:07:10 UTC 2019
17 ms. Memory: 51200K Free: 14949K (29%)
ptolemy.util.test.WatchDog.cancel(): canceling Mon Dec 09 11:07:10 UTC 2019
------------------ testing $PTII/ptolemy/domains/de/test/auto/MergeModel2Add.xml
auto.tcl: Setting watchdog for 200 seconds at Mon Dec 09 11:07:11 UTC 2019
17 ms. Memory: 51200K Free: 18349K (36%)
ptolemy.util.test.WatchDog.cancel(): canceling Mon Dec 09 11:07:11 UTC 2019
auto.tcl: Setting watchdog for 200 seconds at Mon Dec 09 11:07:11 UTC 2019
13 ms. Memory: 51200K Free: 16637K (32%)
ptolemy.util.test.WatchDog.cancel(): canceling Mon Dec 09 11:07:11 UTC 2019
------------------ testing $PTII/ptolemy/domains/de/test/auto/MergeModel3Add.xml
auto.tcl: Setting watchdog for 200 seconds at Mon Dec 09 11:07:11 UTC 2019
12 ms. Memory: 51200K Free: 18625K (36%)
ptolemy.util.test.WatchDog.cancel(): canceling Mon Dec 09 11:07:11 UTC 2019
auto.tcl: Setting watchdog for 200 seconds at Mon Dec 09 11:07:11 UTC 2019
12 ms. Memory: 51200K Free: 17058K (33%)
ptolemy.util.test.WatchDog.cancel(): canceling Mon Dec 09 11:07:11 UTC 2019
------------------ testing $PTII/ptolemy/domains/de/test/auto/MergeWithoutDiscard.xml
auto.tcl: Setting watchdog for 200 seconds at Mon Dec 09 11:07:11 UTC 2019
2 ms. Memory: 51200K Free: 32929K (64%)
ptolemy.util.test.WatchDog.cancel(): canceling Mon Dec 09 11:07:11 UTC 2019
auto.tcl: Setting watchdog for 200 seconds at Mon Dec 09 11:07:11 UTC 2019
2 ms. Memory: 51200K Free: 32485K (63%)
ptolemy.util.test.WatchDog.cancel(): canceling Mon Dec 09 11:07:11 UTC 2019
------------------ testing $PTII/ptolemy/domains/de/test/auto/Modal1.xml
auto.tcl: Setting watchdog for 200 seconds at Mon Dec 09 11:07:11 UTC 2019
13 ms. Memory: 48128K Free: 22019K (46%)
ptolemy.util.test.WatchDog.cancel(): canceling Mon Dec 09 11:07:11 UTC 2019
auto.tcl: Setting watchdog for 200 seconds at Mon Dec 09 11:07:11 UTC 2019
15 ms. Memory: 48128K Free: 18609K (39%)
ptolemy.util.test.WatchDog.cancel(): canceling Mon Dec 09 11:07:11 UTC 2019
------------------ testing $PTII/ptolemy/domains/de/test/auto/Modal2.xml
auto.tcl: Setting watchdog for 200 seconds at Mon Dec 09 11:07:11 UTC 2019
25 ms. Memory: 48128K Free: 22136K (46%)
ptolemy.util.test.WatchDog.cancel(): canceling Mon Dec 09 11:07:11 UTC 2019
auto.tcl: Setting watchdog for 200 seconds at Mon Dec 09 11:07:11 UTC 2019
23 ms. Memory: 48128K Free: 18884K (39%)
ptolemy.util.test.WatchDog.cancel(): canceling Mon Dec 09 11:07:11 UTC 2019
------------------ testing $PTII/ptolemy/domains/de/test/auto/Modal3.xml
auto.tcl: Setting watchdog for 200 seconds at Mon Dec 09 11:07:11 UTC 2019
18 ms. Memory: 48128K Free: 21855K (45%)
ptolemy.util.test.WatchDog.cancel(): canceling Mon Dec 09 11:07:11 UTC 2019
auto.tcl: Setting watchdog for 200 seconds at Mon Dec 09 11:07:11 UTC 2019
14 ms. Memory: 48128K Free: 18911K (39%)
ptolemy.util.test.WatchDog.cancel(): canceling Mon Dec 09 11:07:11 UTC 2019
------------------ testing $PTII/ptolemy/domains/de/test/auto/Modal4.xml
auto.tcl: Setting watchdog for 200 seconds at Mon Dec 09 11:07:11 UTC 2019
14 ms. Memory: 48128K Free: 21107K (44%)
ptolemy.util.test.WatchDog.cancel(): canceling Mon Dec 09 11:07:11 UTC 2019
auto.tcl: Setting watchdog for 200 seconds at Mon Dec 09 11:07:11 UTC 2019
22 ms. Memory: 48128K Free: 17239K (36%)
ptolemy.util.test.WatchDog.cancel(): canceling Mon Dec 09 11:07:11 UTC 2019
------------------ testing $PTII/ptolemy/domains/de/test/auto/Modal5.xml
auto.tcl: Setting watchdog for 200 seconds at Mon Dec 09 11:07:11 UTC 2019
16 ms. Memory: 48128K Free: 21064K (44%)
ptolemy.util.test.WatchDog.cancel(): canceling Mon Dec 09 11:07:11 UTC 2019
auto.tcl: Setting watchdog for 200 seconds at Mon Dec 09 11:07:11 UTC 2019
17 ms. Memory: 48128K Free: 17225K (36%)
ptolemy.util.test.WatchDog.cancel(): canceling Mon Dec 09 11:07:12 UTC 2019
------------------ testing $PTII/ptolemy/domains/de/test/auto/Modal6.xml
auto.tcl: Setting watchdog for 200 seconds at Mon Dec 09 11:07:12 UTC 2019
19 ms. Memory: 48128K Free: 21875K (45%)
ptolemy.util.test.WatchDog.cancel(): canceling Mon Dec 09 11:07:12 UTC 2019
auto.tcl: Setting watchdog for 200 seconds at Mon Dec 09 11:07:12 UTC 2019
19 ms. Memory: 48128K Free: 17903K (37%)
ptolemy.util.test.WatchDog.cancel(): canceling Mon Dec 09 11:07:12 UTC 2019
------------------ testing $PTII/ptolemy/domains/de/test/auto/Modal7.xml
auto.tcl: Setting watchdog for 200 seconds at Mon Dec 09 11:07:12 UTC 2019
17 ms. Memory: 48128K Free: 20846K (43%)
ptolemy.util.test.WatchDog.cancel(): canceling Mon Dec 09 11:07:12 UTC 2019
auto.tcl: Setting watchdog for 200 seconds at Mon Dec 09 11:07:12 UTC 2019
14 ms. Memory: 48128K Free: 17227K (36%)
ptolemy.util.test.WatchDog.cancel(): canceling Mon Dec 09 11:07:12 UTC 2019
------------------ testing $PTII/ptolemy/domains/de/test/auto/ModalModel.xml
auto.tcl: Setting watchdog for 200 seconds at Mon Dec 09 11:07:12 UTC 2019
245 ms. Memory: 60416K Free: 43553K (72%)
ptolemy.util.test.WatchDog.cancel(): canceling Mon Dec 09 11:07:12 UTC 2019
auto.tcl: Setting watchdog for 200 seconds at Mon Dec 09 11:07:12 UTC 2019
222 ms. Memory: 60416K Free: 41378K (68%)
ptolemy.util.test.WatchDog.cancel(): canceling Mon Dec 09 11:07:12 UTC 2019
------------------ testing $PTII/ptolemy/domains/de/test/auto/ModalSource.xml
auto.tcl: Setting watchdog for 200 seconds at Mon Dec 09 11:07:12 UTC 2019
7 ms. Memory: 48128K Free: 25916K (54%)
ptolemy.util.test.WatchDog.cancel(): canceling Mon Dec 09 11:07:12 UTC 2019
auto.tcl: Setting watchdog for 200 seconds at Mon Dec 09 11:07:12 UTC 2019
6 ms. Memory: 48128K Free: 23851K (50%)
ptolemy.util.test.WatchDog.cancel(): canceling Mon Dec 09 11:07:12 UTC 2019
------------------ testing $PTII/ptolemy/domains/de/test/auto/NonInterruptibleTimerZeroDelay.xml
auto.tcl: Setting watchdog for 200 seconds at Mon Dec 09 11:07:13 UTC 2019
4 ms. Memory: 48128K Free: 30886K (64%)
ptolemy.util.test.WatchDog.cancel(): canceling Mon Dec 09 11:07:13 UTC 2019
auto.tcl: Setting watchdog for 200 seconds at Mon Dec 09 11:07:13 UTC 2019
3 ms. Memory: 48128K Free: 30182K (63%)
ptolemy.util.test.WatchDog.cancel(): canceling Mon Dec 09 11:07:13 UTC 2019
------------------ testing $PTII/ptolemy/domains/de/test/auto/OpenQueueingNetwork.xml
auto.tcl: Setting watchdog for 200 seconds at Mon Dec 09 11:07:13 UTC 2019
3506 ms. Memory: 113664K Free: 67720K (60%)
ptolemy.util.test.WatchDog.cancel(): canceling Mon Dec 09 11:07:16 UTC 2019
auto.tcl: Setting watchdog for 200 seconds at Mon Dec 09 11:07:16 UTC 2019
2859 ms. Memory: 164864K Free: 85245K (52%)
ptolemy.util.test.WatchDog.cancel(): canceling Mon Dec 09 11:07:19 UTC 2019
------------------ testing $PTII/ptolemy/domains/de/test/auto/OpenQueuingNetwork.xml
auto.tcl: Setting watchdog for 200 seconds at Mon Dec 09 11:07:19 UTC 2019
327 ms. Memory: 51200K Free: 16409K (32%)
ptolemy.util.test.WatchDog.cancel(): canceling Mon Dec 09 11:07:20 UTC 2019
auto.tcl: Setting watchdog for 200 seconds at Mon Dec 09 11:07:20 UTC 2019
312 ms. Memory: 51200K Free: 20211K (39%)
ptolemy.util.test.WatchDog.cancel(): canceling Mon Dec 09 11:07:20 UTC 2019
------------------ testing $PTII/ptolemy/domains/de/test/auto/PeriodicSampler.xml
auto.tcl: Setting watchdog for 200 seconds at Mon Dec 09 11:07:20 UTC 2019
3 ms. Memory: 51200K Free: 33110K (65%)
ptolemy.util.test.WatchDog.cancel(): canceling Mon Dec 09 11:07:20 UTC 2019
auto.tcl: Setting watchdog for 200 seconds at Mon Dec 09 11:07:20 UTC 2019
2 ms. Memory: 51200K Free: 32605K (64%)
ptolemy.util.test.WatchDog.cancel(): canceling Mon Dec 09 11:07:20 UTC 2019
------------------ testing $PTII/ptolemy/domains/de/test/auto/PersistentIO.xml
auto.tcl: Setting watchdog for 200 seconds at Mon Dec 09 11:07:20 UTC 2019
6 ms. Memory: 48128K Free: 24976K (52%)
ptolemy.util.test.WatchDog.cancel(): canceling Mon Dec 09 11:07:20 UTC 2019
auto.tcl: Setting watchdog for 200 seconds at Mon Dec 09 11:07:20 UTC 2019
5 ms. Memory: 48128K Free: 23554K (49%)
ptolemy.util.test.WatchDog.cancel(): canceling Mon Dec 09 11:07:20 UTC 2019
------------------ testing $PTII/ptolemy/domains/de/test/auto/PortParameterResetOnInitialize.xml
auto.tcl: Setting watchdog for 200 seconds at Mon Dec 09 11:07:20 UTC 2019
3 ms. Memory: 48128K Free: 29946K (62%)
ptolemy.util.test.WatchDog.cancel(): canceling Mon Dec 09 11:07:20 UTC 2019
auto.tcl: Setting watchdog for 200 seconds at Mon Dec 09 11:07:20 UTC 2019
2 ms. Memory: 48128K Free: 29475K (61%)
ptolemy.util.test.WatchDog.cancel(): canceling Mon Dec 09 11:07:20 UTC 2019
------------------ testing $PTII/ptolemy/domains/de/test/auto/PortParameterUpdates.xml
auto.tcl: Setting watchdog for 200 seconds at Mon Dec 09 11:07:20 UTC 2019
6 ms. Memory: 48128K Free: 28045K (58%)
ptolemy.util.test.WatchDog.cancel(): canceling Mon Dec 09 11:07:20 UTC 2019
auto.tcl: Setting watchdog for 200 seconds at Mon Dec 09 11:07:20 UTC 2019
6 ms. Memory: 48128K Free: 26592K (55%)
ptolemy.util.test.WatchDog.cancel(): canceling Mon Dec 09 11:07:20 UTC 2019
------------------ testing $PTII/ptolemy/domains/de/test/auto/QueueAndServer.xml
auto.tcl: Setting watchdog for 200 seconds at Mon Dec 09 11:07:20 UTC 2019
19 ms. Memory: 48128K Free: 26983K (56%)
ptolemy.util.test.WatchDog.cancel(): canceling Mon Dec 09 11:07:20 UTC 2019
auto.tcl: Setting watchdog for 200 seconds at Mon Dec 09 11:07:20 UTC 2019
12 ms. Memory: 48128K Free: 25545K (53%)
ptolemy.util.test.WatchDog.cancel(): canceling Mon Dec 09 11:07:20 UTC 2019
------------------ testing $PTII/ptolemy/domains/de/test/auto/Records.xml
auto.tcl: Setting watchdog for 200 seconds at Mon Dec 09 11:07:20 UTC 2019
7 ms. Memory: 48128K Free: 29488K (61%)
ptolemy.util.test.WatchDog.cancel(): canceling Mon Dec 09 11:07:21 UTC 2019
auto.tcl: Setting watchdog for 200 seconds at Mon Dec 09 11:07:21 UTC 2019
4 ms. Memory: 48128K Free: 29033K (60%)
ptolemy.util.test.WatchDog.cancel(): canceling Mon Dec 09 11:07:21 UTC 2019
------------------ testing $PTII/ptolemy/domains/de/test/auto/ResetTransitionWithStartTime1.xml
auto.tcl: Setting watchdog for 200 seconds at Mon Dec 09 11:07:21 UTC 2019
17 ms. Memory: 48128K Free: 26446K (55%)
ptolemy.util.test.WatchDog.cancel(): canceling Mon Dec 09 11:07:21 UTC 2019
auto.tcl: Setting watchdog for 200 seconds at Mon Dec 09 11:07:21 UTC 2019
7 ms. Memory: 48128K Free: 23941K (50%)
ptolemy.util.test.WatchDog.cancel(): canceling Mon Dec 09 11:07:21 UTC 2019
------------------ testing $PTII/ptolemy/domains/de/test/auto/ResetTransitionWithStartTime2.xml
auto.tcl: Setting watchdog for 200 seconds at Mon Dec 09 11:07:21 UTC 2019
6 ms. Memory: 48128K Free: 26401K (55%)
ptolemy.util.test.WatchDog.cancel(): canceling Mon Dec 09 11:07:21 UTC 2019
auto.tcl: Setting watchdog for 200 seconds at Mon Dec 09 11:07:21 UTC 2019
8 ms. Memory: 48128K Free: 23866K (50%)
ptolemy.util.test.WatchDog.cancel(): canceling Mon Dec 09 11:07:21 UTC 2019
------------------ testing $PTII/ptolemy/domains/de/test/auto/ResetTransitionWithStartTime3.xml
auto.tcl: Setting watchdog for 200 seconds at Mon Dec 09 11:07:21 UTC 2019
14 ms. Memory: 48128K Free: 26399K (55%)
ptolemy.util.test.WatchDog.cancel(): canceling Mon Dec 09 11:07:21 UTC 2019
auto.tcl: Setting watchdog for 200 seconds at Mon Dec 09 11:07:21 UTC 2019
8 ms. Memory: 48128K Free: 23872K (50%)
ptolemy.util.test.WatchDog.cancel(): canceling Mon Dec 09 11:07:21 UTC 2019
------------------ testing $PTII/ptolemy/domains/de/test/auto/ResetTransitionWithStartTime4.xml
auto.tcl: Setting watchdog for 200 seconds at Mon Dec 09 11:07:21 UTC 2019
11 ms. Memory: 48128K Free: 26873K (56%)
ptolemy.util.test.WatchDog.cancel(): canceling Mon Dec 09 11:07:21 UTC 2019
auto.tcl: Setting watchdog for 200 seconds at Mon Dec 09 11:07:21 UTC 2019
5 ms. Memory: 48128K Free: 25454K (53%)
ptolemy.util.test.WatchDog.cancel(): canceling Mon Dec 09 11:07:21 UTC 2019
------------------ testing $PTII/ptolemy/domains/de/test/auto/ResettableTimer1.xml
auto.tcl: Setting watchdog for 200 seconds at Mon Dec 09 11:07:21 UTC 2019
4 ms. Memory: 48128K Free: 30476K (63%)
ptolemy.util.test.WatchDog.cancel(): canceling Mon Dec 09 11:07:21 UTC 2019
auto.tcl: Setting watchdog for 200 seconds at Mon Dec 09 11:07:21 UTC 2019
3 ms. Memory: 48128K Free: 29534K (61%)
ptolemy.util.test.WatchDog.cancel(): canceling Mon Dec 09 11:07:21 UTC 2019
------------------ testing $PTII/ptolemy/domains/de/test/auto/ResettableTimer2.xml
auto.tcl: Setting watchdog for 200 seconds at Mon Dec 09 11:07:21 UTC 2019
3 ms. Memory: 48128K Free: 30533K (63%)
ptolemy.util.test.WatchDog.cancel(): canceling Mon Dec 09 11:07:21 UTC 2019
auto.tcl: Setting watchdog for 200 seconds at Mon Dec 09 11:07:21 UTC 2019
3 ms. Memory: 48128K Free: 29591K (61%)
ptolemy.util.test.WatchDog.cancel(): canceling Mon Dec 09 11:07:21 UTC 2019
------------------ testing $PTII/ptolemy/domains/de/test/auto/ResettableTimer3.xml
auto.tcl: Setting watchdog for 200 seconds at Mon Dec 09 11:07:21 UTC 2019
2 ms. Memory: 48128K Free: 31012K (64%)
ptolemy.util.test.WatchDog.cancel(): canceling Mon Dec 09 11:07:21 UTC 2019
auto.tcl: Setting watchdog for 200 seconds at Mon Dec 09 11:07:21 UTC 2019
1 ms. Memory: 48128K Free: 30532K (63%)
ptolemy.util.test.WatchDog.cancel(): canceling Mon Dec 09 11:07:21 UTC 2019
------------------ testing $PTII/ptolemy/domains/de/test/auto/ResettableTimer4.xml
auto.tcl: Setting watchdog for 200 seconds at Mon Dec 09 11:07:21 UTC 2019
2 ms. Memory: 48128K Free: 30585K (64%)
ptolemy.util.test.WatchDog.cancel(): canceling Mon Dec 09 11:07:21 UTC 2019
auto.tcl: Setting watchdog for 200 seconds at Mon Dec 09 11:07:21 UTC 2019
1 ms. Memory: 48128K Free: 30088K (63%)
ptolemy.util.test.WatchDog.cancel(): canceling Mon Dec 09 11:07:21 UTC 2019
------------------ testing $PTII/ptolemy/domains/de/test/auto/ResettableTimer5.xml
auto.tcl: Setting watchdog for 200 seconds at Mon Dec 09 11:07:21 UTC 2019
3 ms. Memory: 48128K Free: 30029K (62%)
ptolemy.util.test.WatchDog.cancel(): canceling Mon Dec 09 11:07:21 UTC 2019
auto.tcl: Setting watchdog for 200 seconds at Mon Dec 09 11:07:21 UTC 2019
1 ms. Memory: 48128K Free: 29574K (61%)
ptolemy.util.test.WatchDog.cancel(): canceling Mon Dec 09 11:07:21 UTC 2019
------------------ testing $PTII/ptolemy/domains/de/test/auto/ResettableTimer6.xml
auto.tcl: Setting watchdog for 200 seconds at Mon Dec 09 11:07:21 UTC 2019
2 ms. Memory: 48128K Free: 30006K (62%)
ptolemy.util.test.WatchDog.cancel(): canceling Mon Dec 09 11:07:21 UTC 2019
auto.tcl: Setting watchdog for 200 seconds at Mon Dec 09 11:07:21 UTC 2019
1 ms. Memory: 48128K Free: 29510K (61%)
ptolemy.util.test.WatchDog.cancel(): canceling Mon Dec 09 11:07:21 UTC 2019
------------------ testing $PTII/ptolemy/domains/de/test/auto/ServerZeroDelay.xml
auto.tcl: Setting watchdog for 200 seconds at Mon Dec 09 11:07:21 UTC 2019
3 ms. Memory: 48128K Free: 30525K (63%)
ptolemy.util.test.WatchDog.cancel(): canceling Mon Dec 09 11:07:21 UTC 2019
auto.tcl: Setting watchdog for 200 seconds at Mon Dec 09 11:07:21 UTC 2019
3 ms. Memory: 48128K Free: 29567K (61%)
ptolemy.util.test.WatchDog.cancel(): canceling Mon Dec 09 11:07:21 UTC 2019
------------------ testing $PTII/ptolemy/domains/de/test/auto/SmartSender.xml
auto.tcl: Setting watchdog for 200 seconds at Mon Dec 09 11:07:22 UTC 2019
3001 ms. Memory: 48128K Free: 30552K (63%)
ptolemy.util.test.WatchDog.cancel(): canceling Mon Dec 09 11:07:25 UTC 2019
auto.tcl: Setting watchdog for 200 seconds at Mon Dec 09 11:07:25 UTC 2019
3002 ms. Memory: 48128K Free: 30048K (62%)
ptolemy.util.test.WatchDog.cancel(): canceling Mon Dec 09 11:07:28 UTC 2019
------------------ testing $PTII/ptolemy/domains/de/test/auto/ThreadedComposite.xml
auto.tcl: Setting watchdog for 200 seconds at Mon Dec 09 11:07:28 UTC 2019
258 ms. Memory: 48128K Free: 11076K (23%)
ptolemy.util.test.WatchDog.cancel(): canceling Mon Dec 09 11:07:28 UTC 2019
auto.tcl: Setting watchdog for 200 seconds at Mon Dec 09 11:07:28 UTC 2019
156 ms. Memory: 58368K Free: 34220K (59%)
ptolemy.util.test.WatchDog.cancel(): canceling Mon Dec 09 11:07:28 UTC 2019
------------------ testing $PTII/ptolemy/domains/de/test/auto/Time.xml
auto.tcl: Setting watchdog for 200 seconds at Mon Dec 09 11:07:28 UTC 2019
617 ms. Memory: 48128K Free: 29662K (62%)
ptolemy.util.test.WatchDog.cancel(): canceling Mon Dec 09 11:07:29 UTC 2019
auto.tcl: Setting watchdog for 200 seconds at Mon Dec 09 11:07:29 UTC 2019
596 ms. Memory: 48128K Free: 29081K (60%)
ptolemy.util.test.WatchDog.cancel(): canceling Mon Dec 09 11:07:29 UTC 2019
------------------ testing $PTII/ptolemy/domains/de/test/auto/TimeDelayZeroDelay.xml
auto.tcl: Setting watchdog for 200 seconds at Mon Dec 09 11:07:29 UTC 2019
4 ms. Memory: 48128K Free: 30950K (64%)
ptolemy.util.test.WatchDog.cancel(): canceling Mon Dec 09 11:07:29 UTC 2019
auto.tcl: Setting watchdog for 200 seconds at Mon Dec 09 11:07:29 UTC 2019
2 ms. Memory: 48128K Free: 30040K (62%)
ptolemy.util.test.WatchDog.cancel(): canceling Mon Dec 09 11:07:29 UTC 2019
------------------ testing $PTII/ptolemy/domains/de/test/auto/TimerZeroDelay.xml
auto.tcl: Setting watchdog for 200 seconds at Mon Dec 09 11:07:30 UTC 2019
5 ms. Memory: 48128K Free: 30932K (64%)
ptolemy.util.test.WatchDog.cancel(): canceling Mon Dec 09 11:07:30 UTC 2019
auto.tcl: Setting watchdog for 200 seconds at Mon Dec 09 11:07:30 UTC 2019
3 ms. Memory: 48128K Free: 30083K (63%)
ptolemy.util.test.WatchDog.cancel(): canceling Mon Dec 09 11:07:30 UTC 2019
------------------ testing $PTII/ptolemy/domains/de/test/auto/TimingParadox.xml
auto.tcl: Setting watchdog for 200 seconds at Mon Dec 09 11:07:30 UTC 2019
395 ms. Memory: 48128K Free: 13564K (28%)
ptolemy.util.test.WatchDog.cancel(): canceling Mon Dec 09 11:07:30 UTC 2019
auto.tcl: Setting watchdog for 200 seconds at Mon Dec 09 11:07:30 UTC 2019
360 ms. Memory: 48128K Free: 24946K (52%)
ptolemy.util.test.WatchDog.cancel(): canceling Mon Dec 09 11:07:31 UTC 2019
------------------ testing $PTII/ptolemy/domains/de/test/auto/TransferInputs.xml
auto.tcl: Setting watchdog for 200 seconds at Mon Dec 09 11:07:31 UTC 2019
2 ms. Memory: 48128K Free: 28989K (60%)
ptolemy.util.test.WatchDog.cancel(): canceling Mon Dec 09 11:07:31 UTC 2019
auto.tcl: Setting watchdog for 200 seconds at Mon Dec 09 11:07:31 UTC 2019
2 ms. Memory: 48128K Free: 28131K (58%)
ptolemy.util.test.WatchDog.cancel(): canceling Mon Dec 09 11:07:31 UTC 2019
------------------ testing $PTII/ptolemy/domains/de/test/auto/TransferOutputs2.xml
auto.tcl: Setting watchdog for 200 seconds at Mon Dec 09 11:07:31 UTC 2019
12 ms. Memory: 48128K Free: 26396K (55%)
ptolemy.util.test.WatchDog.cancel(): canceling Mon Dec 09 11:07:31 UTC 2019
auto.tcl: Setting watchdog for 200 seconds at Mon Dec 09 11:07:31 UTC 2019
4 ms. Memory: 48128K Free: 25031K (52%)
ptolemy.util.test.WatchDog.cancel(): canceling Mon Dec 09 11:07:31 UTC 2019
------------------ testing $PTII/ptolemy/domains/de/test/auto/Trilateration.xml
auto.tcl: Setting watchdog for 200 seconds at Mon Dec 09 11:07:31 UTC 2019
16397 ms. Memory: 522240K Free: 370876K (71%)
ptolemy.util.test.WatchDog.cancel(): canceling Mon Dec 09 11:07:48 UTC 2019
auto.tcl: Setting watchdog for 200 seconds at Mon Dec 09 11:07:48 UTC 2019
12337 ms. Memory: 522240K Free: 204238K (39%)
ptolemy.util.test.WatchDog.cancel(): canceling Mon Dec 09 11:08:01 UTC 2019
------------------ testing $PTII/ptolemy/domains/de/test/auto/TwoSigmaDelta.xml
auto.tcl: Setting watchdog for 200 seconds at Mon Dec 09 11:08:01 UTC 2019
3041 ms. Memory: 86016K Free: 53731K (62%)
ptolemy.util.test.WatchDog.cancel(): canceling Mon Dec 09 11:08:04 UTC 2019
auto.tcl: Setting watchdog for 200 seconds at Mon Dec 09 11:08:04 UTC 2019
2293 ms. Memory: 86016K Free: 43533K (51%)
ptolemy.util.test.WatchDog.cancel(): canceling Mon Dec 09 11:08:06 UTC 2019
------------------ testing $PTII/ptolemy/domains/de/test/auto/VariableDelay.xml
auto.tcl: Setting watchdog for 200 seconds at Mon Dec 09 11:08:07 UTC 2019
3 ms. Memory: 51200K Free: 32502K (63%)
ptolemy.util.test.WatchDog.cancel(): canceling Mon Dec 09 11:08:07 UTC 2019
auto.tcl: Setting watchdog for 200 seconds at Mon Dec 09 11:08:07 UTC 2019
2 ms. Memory: 51200K Free: 31508K (62%)
ptolemy.util.test.WatchDog.cancel(): canceling Mon Dec 09 11:08:07 UTC 2019
------------------ testing $PTII/ptolemy/domains/de/test/auto/VariableDelay2.xml
auto.tcl: Setting watchdog for 200 seconds at Mon Dec 09 11:08:07 UTC 2019
3 ms. Memory: 51200K Free: 32901K (64%)
ptolemy.util.test.WatchDog.cancel(): canceling Mon Dec 09 11:08:07 UTC 2019
auto.tcl: Setting watchdog for 200 seconds at Mon Dec 09 11:08:07 UTC 2019
2 ms. Memory: 51200K Free: 32421K (63%)
ptolemy.util.test.WatchDog.cancel(): canceling Mon Dec 09 11:08:07 UTC 2019
------------------ testing $PTII/ptolemy/domains/de/test/auto/VariableDelayZeroDelay.xml
auto.tcl: Setting watchdog for 200 seconds at Mon Dec 09 11:08:07 UTC 2019
3 ms. Memory: 48128K Free: 30372K (63%)
ptolemy.util.test.WatchDog.cancel(): canceling Mon Dec 09 11:08:07 UTC 2019
auto.tcl: Setting watchdog for 200 seconds at Mon Dec 09 11:08:07 UTC 2019
2 ms. Memory: 48128K Free: 29833K (62%)
ptolemy.util.test.WatchDog.cancel(): canceling Mon Dec 09 11:08:07 UTC 2019
------------------ testing $PTII/ptolemy/domains/de/test/auto/VariableDelayZeroDelay2.xml
auto.tcl: Setting watchdog for 200 seconds at Mon Dec 09 11:08:07 UTC 2019
3 ms. Memory: 48128K Free: 30371K (63%)
ptolemy.util.test.WatchDog.cancel(): canceling Mon Dec 09 11:08:07 UTC 2019
auto.tcl: Setting watchdog for 200 seconds at Mon Dec 09 11:08:07 UTC 2019
2 ms. Memory: 48128K Free: 29385K (61%)
ptolemy.util.test.WatchDog.cancel(): canceling Mon Dec 09 11:08:07 UTC 2019
------------------ testing $PTII/ptolemy/domains/de/test/auto/deInCt.xml
auto.tcl: Setting watchdog for 200 seconds at Mon Dec 09 11:08:07 UTC 2019
0
1
1
1
0
0
0
1
1
1
0
0
0
0
1
1
0
0
0
1
1
1
0
0
1
1
1
0
0
0
1
1
1
0
0
0
1
1
1
1
0
0
0
1
1
1
0
0
0
1
1
1
21 ms. Memory: 48128K Free: 29344K (61%)
ptolemy.util.test.WatchDog.cancel(): canceling Mon Dec 09 11:08:07 UTC 2019
auto.tcl: Setting watchdog for 200 seconds at Mon Dec 09 11:08:07 UTC 2019
0
1
1
1
1
0
0
0
1
1
1
0
0
0
1
1
1
1
0
0
0
1
1
1
0
0
0
1
1
1
0
0
0
0
1
1
1
1
1
1
7 ms. Memory: 48128K Free: 27808K (58%)
ptolemy.util.test.WatchDog.cancel(): canceling Mon Dec 09 11:08:07 UTC 2019
------------------ testing $PTII/ptolemy/domains/de/test/auto/deInCt2.xml
auto.tcl: Setting watchdog for 200 seconds at Mon Dec 09 11:08:07 UTC 2019
0
1
1
1
0
0
1
1
1
0
0
1
1
1
0
0
1
1
1
0
0
1
1
1
0
0
1
1
1
0
0
1
1
1
0
0
1
1
1
0
0
0
8 ms. Memory: 48128K Free: 29347K (61%)
ptolemy.util.test.WatchDog.cancel(): canceling Mon Dec 09 11:08:07 UTC 2019
auto.tcl: Setting watchdog for 200 seconds at Mon Dec 09 11:08:07 UTC 2019
0
1
1
1
0
0
1
1
1
0
0
1
1
1
0
0
1
1
1
0
0
1
1
1
0
0
1
1
1
0
0
1
1
1
0
0
1
1
1
0
0
0
9 ms. Memory: 48128K Free: 27800K (58%)
ptolemy.util.test.WatchDog.cancel(): canceling Mon Dec 09 11:08:07 UTC 2019
------------------ testing $PTII/ptolemy/domains/de/test/auto/dynamicCausalityInterface1.xml
auto.tcl: Setting watchdog for 200 seconds at Mon Dec 09 11:08:07 UTC 2019
3 ms. Memory: 48128K Free: 24751K (51%)
ptolemy.util.test.WatchDog.cancel(): canceling Mon Dec 09 11:08:07 UTC 2019
auto.tcl: Setting watchdog for 200 seconds at Mon Dec 09 11:08:07 UTC 2019
1 ms. Memory: 48128K Free: 24264K (50%)
ptolemy.util.test.WatchDog.cancel(): canceling Mon Dec 09 11:08:07 UTC 2019
------------------ testing $PTII/ptolemy/domains/de/test/auto/fsm_de_test.xml
auto.tcl: Setting watchdog for 200 seconds at Mon Dec 09 11:08:07 UTC 2019
14 ms. Memory: 48128K Free: 25178K (52%)
ptolemy.util.test.WatchDog.cancel(): canceling Mon Dec 09 11:08:07 UTC 2019
auto.tcl: Setting watchdog for 200 seconds at Mon Dec 09 11:08:07 UTC 2019
8 ms. Memory: 48128K Free: 23146K (48%)
ptolemy.util.test.WatchDog.cancel(): canceling Mon Dec 09 11:08:07 UTC 2019
------------------ testing $PTII/ptolemy/domains/de/test/auto/functionDependencyReconstruction.xml
auto.tcl: Setting watchdog for 200 seconds at Mon Dec 09 11:08:07 UTC 2019
3 ms. Memory: 48128K Free: 19023K (40%)
ptolemy.util.test.WatchDog.cancel(): canceling Mon Dec 09 11:08:08 UTC 2019
auto.tcl: Setting watchdog for 200 seconds at Mon Dec 09 11:08:08 UTC 2019
3 ms. Memory: 48128K Free: 16975K (35%)
ptolemy.util.test.WatchDog.cancel(): canceling Mon Dec 09 11:08:08 UTC 2019
------------------ testing $PTII/ptolemy/domains/de/test/auto/multirate.xml
auto.tcl: Setting watchdog for 200 seconds at Mon Dec 09 11:08:08 UTC 2019
5 ms. Memory: 48128K Free: 27235K (57%)
ptolemy.util.test.WatchDog.cancel(): canceling Mon Dec 09 11:08:08 UTC 2019
auto.tcl: Setting watchdog for 200 seconds at Mon Dec 09 11:08:08 UTC 2019
4 ms. Memory: 48128K Free: 26073K (54%)
ptolemy.util.test.WatchDog.cancel(): canceling Mon Dec 09 11:08:08 UTC 2019
------------------ testing $PTII/ptolemy/domains/de/test/auto/multirate2.xml
auto.tcl: Setting watchdog for 200 seconds at Mon Dec 09 11:08:08 UTC 2019
6 ms. Memory: 48128K Free: 27986K (58%)
ptolemy.util.test.WatchDog.cancel(): canceling Mon Dec 09 11:08:08 UTC 2019
auto.tcl: Setting watchdog for 200 seconds at Mon Dec 09 11:08:08 UTC 2019
4 ms. Memory: 48128K Free: 26255K (55%)
ptolemy.util.test.WatchDog.cancel(): canceling Mon Dec 09 11:08:08 UTC 2019
------------------ testing $PTII/ptolemy/domains/de/test/auto/realtime.xml
auto.tcl: Setting watchdog for 200 seconds at Mon Dec 09 11:08:08 UTC 2019
10002 ms. Memory: 48128K Free: 30049K (62%)
ptolemy.util.test.WatchDog.cancel(): canceling Mon Dec 09 11:08:18 UTC 2019
auto.tcl: Setting watchdog for 200 seconds at Mon Dec 09 11:08:18 UTC 2019
10002 ms. Memory: 48128K Free: 29323K (61%)
ptolemy.util.test.WatchDog.cancel(): canceling Mon Dec 09 11:08:28 UTC 2019
------------------ testing $PTII/ptolemy/domains/de/test/auto/relationGroup.xml
auto.tcl: Setting watchdog for 200 seconds at Mon Dec 09 11:08:28 UTC 2019
1 ms. Memory: 48128K Free: 31099K (65%)
ptolemy.util.test.WatchDog.cancel(): canceling Mon Dec 09 11:08:28 UTC 2019
auto.tcl: Setting watchdog for 200 seconds at Mon Dec 09 11:08:28 UTC 2019
2 ms. Memory: 48128K Free: 30374K (63%)
ptolemy.util.test.WatchDog.cancel(): canceling Mon Dec 09 11:08:28 UTC 2019
------------------ testing $PTII/ptolemy/domains/de/test/auto/relationGroup2.xml
auto.tcl: Setting watchdog for 200 seconds at Mon Dec 09 11:08:28 UTC 2019
2 ms. Memory: 48128K Free: 31156K (65%)
ptolemy.util.test.WatchDog.cancel(): canceling Mon Dec 09 11:08:28 UTC 2019
auto.tcl: Setting watchdog for 200 seconds at Mon Dec 09 11:08:28 UTC 2019
2 ms. Memory: 48128K Free: 30655K (64%)
ptolemy.util.test.WatchDog.cancel(): canceling Mon Dec 09 11:08:28 UTC 2019
------------------ testing $PTII/ptolemy/domains/de/test/auto/sortWithOpaquePorts.xml
auto.tcl: Setting watchdog for 200 seconds at Mon Dec 09 11:08:28 UTC 2019
2 ms. Memory: 48128K Free: 29884K (62%)
ptolemy.util.test.WatchDog.cancel(): canceling Mon Dec 09 11:08:28 UTC 2019
auto.tcl: Setting watchdog for 200 seconds at Mon Dec 09 11:08:28 UTC 2019
3 ms. Memory: 48128K Free: 28880K (60%)
ptolemy.util.test.WatchDog.cancel(): canceling Mon Dec 09 11:08:28 UTC 2019
------------------ testing $PTII/ptolemy/domains/de/test/auto/transferInputsandOutputs.xml
auto.tcl: Setting watchdog for 200 seconds at Mon Dec 09 11:08:28 UTC 2019
5 ms. Memory: 48128K Free: 27316K (57%)
ptolemy.util.test.WatchDog.cancel(): canceling Mon Dec 09 11:08:28 UTC 2019
auto.tcl: Setting watchdog for 200 seconds at Mon Dec 09 11:08:28 UTC 2019
3 ms. Memory: 48128K Free: 26292K (55%)
ptolemy.util.test.WatchDog.cancel(): canceling Mon Dec 09 11:08:28 UTC 2019
------------------ testing $PTII/ptolemy/domains/de/test/auto/triggerType.xml
auto.tcl: Setting watchdog for 200 seconds at Mon Dec 09 11:08:28 UTC 2019
3 ms. Memory: 48128K Free: 30341K (63%)
ptolemy.util.test.WatchDog.cancel(): canceling Mon Dec 09 11:08:28 UTC 2019
auto.tcl: Setting watchdog for 200 seconds at Mon Dec 09 11:08:28 UTC 2019
2 ms. Memory: 48128K Free: 29372K (61%)
ptolemy.util.test.WatchDog.cancel(): canceling Mon Dec 09 11:08:28 UTC 2019
12/09/19 11:08:28
Failed: 0  Total Tests: 192  ((Passed: 187, Newly Passed: 1)  Known Failed: 5) /home/travis/build/icyphy/ptII/ptolemy/domains/de/test
12/09/19 11:08:28
Failed: 0  Total Tests: 192  ((Passed: 187, Newly Passed: 1)  Known Failed: 5) /home/travis/build/icyphy/ptII/ptolemy/domains/de/test
----------------- testing (KnownFailure) /home/travis/build/icyphy/ptII/ptolemy/domains/de/test/auto/knownFailedTests/DESDFClockTest.xml
2012 ms. Memory: 48128K Free: 23226K (48%)
Known Failure: java.lang.reflect.InvocationTargetException
----------------- testing (KnownFailure) /home/travis/build/icyphy/ptII/ptolemy/domains/de/test/auto/knownFailedTests/DirectFeedback.xml
2 ms. Memory: 48128K Free: 19640K (41%)
Known Failure: java.lang.reflect.InvocationTargetException
----------------- testing (KnownFailure) /home/travis/build/icyphy/ptII/ptolemy/domains/de/test/auto/knownFailedTests/FSMSource.xml
9 ms. Memory: 48128K Free: 11962K (25%)
----------------- testing (KnownFailure) /home/travis/build/icyphy/ptII/ptolemy/domains/de/test/auto/knownFailedTests/HierarchicalModel.xml
3 ms. Memory: 48128K Free: 22753K (47%)
Known Failure: java.lang.reflect.InvocationTargetException
----------------- testing (KnownFailure) /home/travis/build/icyphy/ptII/ptolemy/domains/de/test/auto/knownFailedTests/dependencyLoop.xml
11 ms. Memory: 48128K Free: 33493K (70%)
Known Failure: java.lang.reflect.InvocationTargetException
----------------- testing (KnownFailure) /home/travis/build/icyphy/ptII/ptolemy/domains/de/test/auto/knownFailedTests/dependencyLoop2.xml
11 ms. Memory: 48128K Free: 17790K (37%)
Known Failure: java.lang.reflect.InvocationTargetException
No auto/linux-amd64/*.xml tests in /home/travis/build/icyphy/ptII/ptolemy/domains/de/test
AutoTests.java: About to close Vertx.
AutoTests.java: Vertx closed.

===========================================================================================
----------------- testing Mon Dec 09 11:08:31 UTC 2019 /home/travis/build/icyphy/ptII/ptolemy/domains/de/test/auto/ActorDepthCalculation_actorWithoutPorts.xml
----------------- Instantiating /home/travis/build/icyphy/ptII/ptolemy/domains/de/test/auto/ActorDepthCalculation_actorWithoutPorts.xml
3 ms. Memory: 48128K Free: 11241K (23%)
----------------- Invoking toplevel() on ptolemy.moml.MoMLSimpleApplication@55e03665
----------------- Done invoking toplevel() on ptolemy.moml.MoMLSimpleApplication@55e03665
reloadAllAccessors: .ActorDepthCalculation_actorWithoutPorts

===========================================================================================
----------------- testing Mon Dec 09 11:08:31 UTC 2019 /home/travis/build/icyphy/ptII/ptolemy/domains/de/test/auto/AssemblyLine.xml
----------------- Instantiating /home/travis/build/icyphy/ptII/ptolemy/domains/de/test/auto/AssemblyLine.xml
4 ms. Memory: 48128K Free: 31047K (65%)
----------------- Invoking toplevel() on ptolemy.moml.MoMLSimpleApplication@4b998135
----------------- Done invoking toplevel() on ptolemy.moml.MoMLSimpleApplication@4b998135
reloadAllAccessors: .AssemblyLine

===========================================================================================
----------------- testing Mon Dec 09 11:08:31 UTC 2019 /home/travis/build/icyphy/ptII/ptolemy/domains/de/test/auto/CQBug1.xml
----------------- Instantiating /home/travis/build/icyphy/ptII/ptolemy/domains/de/test/auto/CQBug1.xml
2 ms. Memory: 48128K Free: 27999K (58%)
----------------- Invoking toplevel() on ptolemy.moml.MoMLSimpleApplication@417327a2
----------------- Done invoking toplevel() on ptolemy.moml.MoMLSimpleApplication@417327a2
reloadAllAccessors: .CQBug1

===========================================================================================
----------------- testing Mon Dec 09 11:08:31 UTC 2019 /home/travis/build/icyphy/ptII/ptolemy/domains/de/test/auto/CancelFireAt.xml
----------------- Instantiating /home/travis/build/icyphy/ptII/ptolemy/domains/de/test/auto/CancelFireAt.xml
6 ms. Memory: 48128K Free: 25685K (53%)
----------------- Invoking toplevel() on ptolemy.moml.MoMLSimpleApplication@21e25411
----------------- Done invoking toplevel() on ptolemy.moml.MoMLSimpleApplication@21e25411
reloadAllAccessors: .CancelFireAt

===========================================================================================
----------------- testing Mon Dec 09 11:08:31 UTC 2019 /home/travis/build/icyphy/ptII/ptolemy/domains/de/test/auto/CausalityAndComposabilityAnalysis.xml
----------------- Instantiating /home/travis/build/icyphy/ptII/ptolemy/domains/de/test/auto/CausalityAndComposabilityAnalysis.xml
6 ms. Memory: 48128K Free: 21427K (45%)
----------------- Invoking toplevel() on ptolemy.moml.MoMLSimpleApplication@4ed18d65
----------------- Done invoking toplevel() on ptolemy.moml.MoMLSimpleApplication@4ed18d65
reloadAllAccessors: .CausalityAndComposabilityAnalysis

===========================================================================================
----------------- testing Mon Dec 09 11:08:31 UTC 2019 /home/travis/build/icyphy/ptII/ptolemy/domains/de/test/auto/CausalityInterface1.xml
----------------- Instantiating /home/travis/build/icyphy/ptII/ptolemy/domains/de/test/auto/CausalityInterface1.xml
5 ms. Memory: 48128K Free: 16531K (34%)
----------------- Invoking toplevel() on ptolemy.moml.MoMLSimpleApplication@33eca0fa
----------------- Done invoking toplevel() on ptolemy.moml.MoMLSimpleApplication@33eca0fa
reloadAllAccessors: .CausalityInterface1

===========================================================================================
----------------- testing Mon Dec 09 11:08:31 UTC 2019 /home/travis/build/icyphy/ptII/ptolemy/domains/de/test/auto/CausalityInterface15.xml
----------------- Instantiating /home/travis/build/icyphy/ptII/ptolemy/domains/de/test/auto/CausalityInterface15.xml
2 ms. Memory: 48128K Free: 11179K (23%)
----------------- Invoking toplevel() on ptolemy.moml.MoMLSimpleApplication@13e927b
----------------- Done invoking toplevel() on ptolemy.moml.MoMLSimpleApplication@13e927b
reloadAllAccessors: .CausalityInterface15

===========================================================================================
----------------- testing Mon Dec 09 11:08:31 UTC 2019 /home/travis/build/icyphy/ptII/ptolemy/domains/de/test/auto/CausalityInterface2.xml
----------------- Instantiating /home/travis/build/icyphy/ptII/ptolemy/domains/de/test/auto/CausalityInterface2.xml
2 ms. Memory: 48128K Free: 33223K (69%)
[...]
	at ptolemy.actor.Manager.run(Manager.java:1263)
	at ptolemy.actor.Manager$PtolemyRunThread.run(Manager.java:1933)
java.lang.RuntimeException: Execution failed
	at ptolemy.moml.MoMLSimpleApplication$UnloadThread.run(MoMLSimpleApplication.java:402)
Caused by: ptolemy.kernel.util.IllegalActionException: Actor is not ready to fire.  Perhaps UpSample.prefire() returned false? Try debugging the actor by selecting "Listen to Actor".  Also, for SDF check moml for tokenConsumptionRate on input.
  in .DESDFClockTest.Play Bell.Copy1:SDF Director and .DESDFClockTest.Play Bell.UpSample
	at ptolemy.actor.sched.StaticSchedulingDirector.fire(StaticSchedulingDirector.java:227)
	at ptolemy.domains.sdf.kernel.SDFDirector.fire(SDFDirector.java:500)
	at ptolemy.actor.CompositeActor.fire(CompositeActor.java:455)
	at ptolemy.domains.de.kernel.DEDirector._fire(DEDirector.java:1949)
	at ptolemy.domains.de.kernel.DEDirector.fire(DEDirector.java:502)
	at ptolemy.actor.CompositeActor.fire(CompositeActor.java:455)
	at ptolemy.actor.Manager.iterate(Manager.java:851)
	at ptolemy.actor.Manager.execute(Manager.java:369)
	at ptolemy.actor.Manager.run(Manager.java:1263)
	at ptolemy.actor.Manager$PtolemyRunThread.run(Manager.java:1933)
java.lang.reflect.InvocationTargetException
	at java.base/jdk.internal.reflect.NativeConstructorAccessorImpl.newInstance0(Native Method)
	at java.base/jdk.internal.reflect.NativeConstructorAccessorImpl.newInstance(NativeConstructorAccessorImpl.java:62)
	at java.base/jdk.internal.reflect.DelegatingConstructorAccessorImpl.newInstance(DelegatingConstructorAccessorImpl.java:45)
	at java.base/java.lang.reflect.Constructor.newInstance(Constructor.java:490)
	at ptolemy.util.test.junit.AutoKnownFailedTests.RunModel(AutoKnownFailedTests.java:105)
	at java.base/jdk.internal.reflect.NativeMethodAccessorImpl.invoke0(Native Method)
	at java.base/jdk.internal.reflect.NativeMethodAccessorImpl.invoke(NativeMethodAccessorImpl.java:62)
	at java.base/jdk.internal.reflect.DelegatingMethodAccessorImpl.invoke(DelegatingMethodAccessorImpl.java:43)
	at java.base/java.lang.reflect.Method.invoke(Method.java:566)
	at org.junit.runners.model.FrameworkMethod$1.runReflectiveCall(FrameworkMethod.java:44)
	at org.junit.internal.runners.model.ReflectiveCallable.run(ReflectiveCallable.java:15)
	at org.junit.runners.model.FrameworkMethod.invokeExplosively(FrameworkMethod.java:41)
	at junitparams.internal.InvokeParameterisedMethod.evaluate(InvokeParameterisedMethod.java:102)
	at org.junit.internal.runners.statements.FailOnTimeout$1.run(FailOnTimeout.java:28)
Caused by: ptolemy.kernel.util.IllegalActionException: Actor is not ready to fire.  Perhaps UpSample.prefire() returned false? Try debugging the actor by selecting "Listen to Actor".  Also, for SDF check moml for tokenConsumptionRate on input.
  in .DESDFClockTest.Play Bell.Copy1:SDF Director and .DESDFClockTest.Play Bell.UpSample
	at ptolemy.actor.sched.StaticSchedulingDirector.fire(StaticSchedulingDirector.java:227)
	at ptolemy.domains.sdf.kernel.SDFDirector.fire(SDFDirector.java:500)
	at ptolemy.actor.CompositeActor.fire(CompositeActor.java:455)
	at ptolemy.domains.de.kernel.DEDirector._fire(DEDirector.java:1949)
	at ptolemy.domains.de.kernel.DEDirector.fire(DEDirector.java:502)
	at ptolemy.actor.CompositeActor.fire(CompositeActor.java:455)
	at ptolemy.actor.Manager.iterate(Manager.java:851)
	at ptolemy.actor.Manager.execute(Manager.java:369)
	at ptolemy.actor.Manager.run(Manager.java:1263)
	at ptolemy.actor.Manager$PtolemyRunThread.run(Manager.java:1933)
java.lang.RuntimeException: Execution failed
	at ptolemy.moml.MoMLSimpleApplication$UnloadThread.run(MoMLSimpleApplication.java:402)
Caused by: ptolemy.kernel.util.IllegalActionException: Test fails in iteration 1.
Value was: 1.0. Should have been: 2.0
  in .DirectFeedback.Test
	at ptolemy.actor.lib.Test.fire(Test.java:268)
	at ptolemy.domains.de.kernel.DEDirector._fire(DEDirector.java:1949)
	at ptolemy.domains.de.kernel.DEDirector.fire(DEDirector.java:502)
	at ptolemy.actor.CompositeActor.fire(CompositeActor.java:455)
	at ptolemy.actor.Manager.iterate(Manager.java:851)
	at ptolemy.actor.Manager.execute(Manager.java:369)
	at ptolemy.actor.Manager.run(Manager.java:1263)
	at ptolemy.actor.Manager$PtolemyRunThread.run(Manager.java:1933)
java.lang.reflect.InvocationTargetException
	at java.base/jdk.internal.reflect.NativeConstructorAccessorImpl.newInstance0(Native Method)
	at java.base/jdk.internal.reflect.NativeConstructorAccessorImpl.newInstance(NativeConstructorAccessorImpl.java:62)
	at java.base/jdk.internal.reflect.DelegatingConstructorAccessorImpl.newInstance(DelegatingConstructorAccessorImpl.java:45)
	at java.base/java.lang.reflect.Constructor.newInstance(Constructor.java:490)
	at ptolemy.util.test.junit.AutoKnownFailedTests.RunModel(AutoKnownFailedTests.java:105)
	at java.base/jdk.internal.reflect.NativeMethodAccessorImpl.invoke0(Native Method)
	at java.base/jdk.internal.reflect.NativeMethodAccessorImpl.invoke(NativeMethodAccessorImpl.java:62)
	at java.base/jdk.internal.reflect.DelegatingMethodAccessorImpl.invoke(DelegatingMethodAccessorImpl.java:43)
	at java.base/java.lang.reflect.Method.invoke(Method.java:566)
	at org.junit.runners.model.FrameworkMethod$1.runReflectiveCall(FrameworkMethod.java:44)
	at org.junit.internal.runners.model.ReflectiveCallable.run(ReflectiveCallable.java:15)
	at org.junit.runners.model.FrameworkMethod.invokeExplosively(FrameworkMethod.java:41)
	at junitparams.internal.InvokeParameterisedMethod.evaluate(InvokeParameterisedMethod.java:102)
	at org.junit.internal.runners.statements.FailOnTimeout$1.run(FailOnTimeout.java:28)
Caused by: ptolemy.kernel.util.IllegalActionException: Test fails in iteration 1.
Value was: 1.0. Should have been: 2.0
  in .DirectFeedback.Test
	at ptolemy.actor.lib.Test.fire(Test.java:268)
	at ptolemy.domains.de.kernel.DEDirector._fire(DEDirector.java:1949)
	at ptolemy.domains.de.kernel.DEDirector.fire(DEDirector.java:502)
	at ptolemy.actor.CompositeActor.fire(CompositeActor.java:455)
	at ptolemy.actor.Manager.iterate(Manager.java:851)
	at ptolemy.actor.Manager.execute(Manager.java:369)
	at ptolemy.actor.Manager.run(Manager.java:1263)
	at ptolemy.actor.Manager$PtolemyRunThread.run(Manager.java:1933)
java.lang.RuntimeException: Execution failed
	at ptolemy.moml.MoMLSimpleApplication$UnloadThread.run(MoMLSimpleApplication.java:402)
Caused by: ptolemy.kernel.util.IllegalActionException: Found a zero delay loop containing .HierarchicalModel.A
  in .HierarchicalModel and .HierarchicalModel.A
	at ptolemy.actor.util.CausalityInterfaceForComposites._computeOutputPortDepth(CausalityInterfaceForComposites.java:759)
	at ptolemy.actor.util.CausalityInterfaceForComposites._computeInputDepth(CausalityInterfaceForComposites.java:696)
	at ptolemy.actor.util.CausalityInterfaceForComposites._computeOutputPortDepth(CausalityInterfaceForComposites.java:765)
	at ptolemy.actor.util.CausalityInterfaceForComposites._computeInputDepth(CausalityInterfaceForComposites.java:696)
	at ptolemy.actor.util.CausalityInterfaceForComposites._computeOutputPortDepth(CausalityInterfaceForComposites.java:765)
	at ptolemy.actor.util.CausalityInterfaceForComposites._computeInputDepth(CausalityInterfaceForComposites.java:696)
	at ptolemy.actor.util.CausalityInterfaceForComposites._computeActorDepth(CausalityInterfaceForComposites.java:532)
	at ptolemy.actor.util.CausalityInterfaceForComposites.checkForCycles(CausalityInterfaceForComposites.java:96)
	at ptolemy.domains.de.kernel.DEDirector.preinitialize(DEDirector.java:1338)
	at ptolemy.actor.CompositeActor.preinitialize(CompositeActor.java:1828)
	at ptolemy.actor.Manager.preinitializeAndResolveTypes(Manager.java:1040)
	at ptolemy.actor.Manager.initialize(Manager.java:710)
	at ptolemy.actor.Manager.execute(Manager.java:356)
	at ptolemy.actor.Manager.run(Manager.java:1263)
	at ptolemy.actor.Manager$PtolemyRunThread.run(Manager.java:1933)
java.lang.reflect.InvocationTargetException
	at java.base/jdk.internal.reflect.NativeConstructorAccessorImpl.newInstance0(Native Method)
	at java.base/jdk.internal.reflect.NativeConstructorAccessorImpl.newInstance(NativeConstructorAccessorImpl.java:62)
	at java.base/jdk.internal.reflect.DelegatingConstructorAccessorImpl.newInstance(DelegatingConstructorAccessorImpl.java:45)
	at java.base/java.lang.reflect.Constructor.newInstance(Constructor.java:490)
	at ptolemy.util.test.junit.AutoKnownFailedTests.RunModel(AutoKnownFailedTests.java:105)
	at java.base/jdk.internal.reflect.NativeMethodAccessorImpl.invoke0(Native Method)
	at java.base/jdk.internal.reflect.NativeMethodAccessorImpl.invoke(NativeMethodAccessorImpl.java:62)
	at java.base/jdk.internal.reflect.DelegatingMethodAccessorImpl.invoke(DelegatingMethodAccessorImpl.java:43)
	at java.base/java.lang.reflect.Method.invoke(Method.java:566)
	at org.junit.runners.model.FrameworkMethod$1.runReflectiveCall(FrameworkMethod.java:44)
	at org.junit.internal.runners.model.ReflectiveCallable.run(ReflectiveCallable.java:15)
	at org.junit.runners.model.FrameworkMethod.invokeExplosively(FrameworkMethod.java:41)
	at junitparams.internal.InvokeParameterisedMethod.evaluate(InvokeParameterisedMethod.java:102)
	at org.junit.internal.runners.statements.FailOnTimeout$1.run(FailOnTimeout.java:28)
Caused by: ptolemy.kernel.util.IllegalActionException: Found a zero delay loop containing .HierarchicalModel.A
  in .HierarchicalModel and .HierarchicalModel.A
	at ptolemy.actor.util.CausalityInterfaceForComposites._computeOutputPortDepth(CausalityInterfaceForComposites.java:759)
	at ptolemy.actor.util.CausalityInterfaceForComposites._computeInputDepth(CausalityInterfaceForComposites.java:696)
	at ptolemy.actor.util.CausalityInterfaceForComposites._computeOutputPortDepth(CausalityInterfaceForComposites.java:765)
	at ptolemy.actor.util.CausalityInterfaceForComposites._computeInputDepth(CausalityInterfaceForComposites.java:696)
	at ptolemy.actor.util.CausalityInterfaceForComposites._computeOutputPortDepth(CausalityInterfaceForComposites.java:765)
	at ptolemy.actor.util.CausalityInterfaceForComposites._computeInputDepth(CausalityInterfaceForComposites.java:696)
	at ptolemy.actor.util.CausalityInterfaceForComposites._computeActorDepth(CausalityInterfaceForComposites.java:532)
	at ptolemy.actor.util.CausalityInterfaceForComposites.checkForCycles(CausalityInterfaceForComposites.java:96)
	at ptolemy.domains.de.kernel.DEDirector.preinitialize(DEDirector.java:1338)
	at ptolemy.actor.CompositeActor.preinitialize(CompositeActor.java:1828)
	at ptolemy.actor.Manager.preinitializeAndResolveTypes(Manager.java:1040)
	at ptolemy.actor.Manager.initialize(Manager.java:710)
	at ptolemy.actor.Manager.execute(Manager.java:356)
	at ptolemy.actor.Manager.run(Manager.java:1263)
	at ptolemy.actor.Manager$PtolemyRunThread.run(Manager.java:1933)
java.lang.RuntimeException: Execution failed
	at ptolemy.moml.MoMLSimpleApplication$UnloadThread.run(MoMLSimpleApplication.java:402)
Caused by: ptolemy.kernel.util.IllegalActionException: Found a zero delay loop containing .dependencyLoop.original
  in .dependencyLoop and .dependencyLoop.original
	at ptolemy.actor.util.CausalityInterfaceForComposites._computeOutputPortDepth(CausalityInterfaceForComposites.java:759)
	at ptolemy.actor.util.CausalityInterfaceForComposites._computeInputDepth(CausalityInterfaceForComposites.java:696)
	at ptolemy.actor.util.CausalityInterfaceForComposites._computeOutputPortDepth(CausalityInterfaceForComposites.java:765)
	at ptolemy.actor.util.CausalityInterfaceForComposites._computeInputDepth(CausalityInterfaceForComposites.java:696)
	at ptolemy.actor.util.CausalityInterfaceForComposites._computeOutputPortDepth(CausalityInterfaceForComposites.java:765)
	at ptolemy.actor.util.CausalityInterfaceForComposites._computeInputDepth(CausalityInterfaceForComposites.java:696)
	at ptolemy.actor.util.CausalityInterfaceForComposites._computeActorDepth(CausalityInterfaceForComposites.java:532)
	at ptolemy.actor.util.CausalityInterfaceForComposites.checkForCycles(CausalityInterfaceForComposites.java:96)
	at ptolemy.domains.de.kernel.DEDirector.preinitialize(DEDirector.java:1338)
	at ptolemy.actor.CompositeActor.preinitialize(CompositeActor.java:1828)
	at ptolemy.actor.Manager.preinitializeAndResolveTypes(Manager.java:1040)
	at ptolemy.actor.Manager.initialize(Manager.java:710)
	at ptolemy.actor.Manager.execute(Manager.java:356)
	at ptolemy.actor.Manager.run(Manager.java:1263)
	at ptolemy.actor.Manager$PtolemyRunThread.run(Manager.java:1933)
java.lang.reflect.InvocationTargetException
	at java.base/jdk.internal.reflect.NativeConstructorAccessorImpl.newInstance0(Native Method)
	at java.base/jdk.internal.reflect.NativeConstructorAccessorImpl.newInstance(NativeConstructorAccessorImpl.java:62)
	at java.base/jdk.internal.reflect.DelegatingConstructorAccessorImpl.newInstance(DelegatingConstructorAccessorImpl.java:45)
	at java.base/java.lang.reflect.Constructor.newInstance(Constructor.java:490)
	at ptolemy.util.test.junit.AutoKnownFailedTests.RunModel(AutoKnownFailedTests.java:105)
	at java.base/jdk.internal.reflect.NativeMethodAccessorImpl.invoke0(Native Method)
	at java.base/jdk.internal.reflect.NativeMethodAccessorImpl.invoke(NativeMethodAccessorImpl.java:62)
	at java.base/jdk.internal.reflect.DelegatingMethodAccessorImpl.invoke(DelegatingMethodAccessorImpl.java:43)
	at java.base/java.lang.reflect.Method.invoke(Method.java:566)
	at org.junit.runners.model.FrameworkMethod$1.runReflectiveCall(FrameworkMethod.java:44)
	at org.junit.internal.runners.model.ReflectiveCallable.run(ReflectiveCallable.java:15)
	at org.junit.runners.model.FrameworkMethod.invokeExplosively(FrameworkMethod.java:41)
	at junitparams.internal.InvokeParameterisedMethod.evaluate(InvokeParameterisedMethod.java:102)
	at org.junit.internal.runners.statements.FailOnTimeout$1.run(FailOnTimeout.java:28)
Caused by: ptolemy.kernel.util.IllegalActionException: Found a zero delay loop containing .dependencyLoop.original
  in .dependencyLoop and .dependencyLoop.original
	at ptolemy.actor.util.CausalityInterfaceForComposites._computeOutputPortDepth(CausalityInterfaceForComposites.java:759)
	at ptolemy.actor.util.CausalityInterfaceForComposites._computeInputDepth(CausalityInterfaceForComposites.java:696)
	at ptolemy.actor.util.CausalityInterfaceForComposites._computeOutputPortDepth(CausalityInterfaceForComposites.java:765)
	at ptolemy.actor.util.CausalityInterfaceForComposites._computeInputDepth(CausalityInterfaceForComposites.java:696)
	at ptolemy.actor.util.CausalityInterfaceForComposites._computeOutputPortDepth(CausalityInterfaceForComposites.java:765)
	at ptolemy.actor.util.CausalityInterfaceForComposites._computeInputDepth(CausalityInterfaceForComposites.java:696)
	at ptolemy.actor.util.CausalityInterfaceForComposites._computeActorDepth(CausalityInterfaceForComposites.java:532)
	at ptolemy.actor.util.CausalityInterfaceForComposites.checkForCycles(CausalityInterfaceForComposites.java:96)
	at ptolemy.domains.de.kernel.DEDirector.preinitialize(DEDirector.java:1338)
	at ptolemy.actor.CompositeActor.preinitialize(CompositeActor.java:1828)
	at ptolemy.actor.Manager.preinitializeAndResolveTypes(Manager.java:1040)
	at ptolemy.actor.Manager.initialize(Manager.java:710)
	at ptolemy.actor.Manager.execute(Manager.java:356)
	at ptolemy.actor.Manager.run(Manager.java:1263)
	at ptolemy.actor.Manager$PtolemyRunThread.run(Manager.java:1933)
java.lang.RuntimeException: Execution failed
	at ptolemy.moml.MoMLSimpleApplication$UnloadThread.run(MoMLSimpleApplication.java:402)
Caused by: ptolemy.kernel.util.IllegalActionException: Found a zero delay loop containing .dependencyLoop2.original
  in .dependencyLoop2 and .dependencyLoop2.original
	at ptolemy.actor.util.CausalityInterfaceForComposites._computeOutputPortDepth(CausalityInterfaceForComposites.java:759)
	at ptolemy.actor.util.CausalityInterfaceForComposites._computeInputDepth(CausalityInterfaceForComposites.java:696)
	at ptolemy.actor.util.CausalityInterfaceForComposites._computeOutputPortDepth(CausalityInterfaceForComposites.java:765)
	at ptolemy.actor.util.CausalityInterfaceForComposites._computeInputDepth(CausalityInterfaceForComposites.java:696)
	at ptolemy.actor.util.CausalityInterfaceForComposites._computeOutputPortDepth(CausalityInterfaceForComposites.java:765)
	at ptolemy.actor.util.CausalityInterfaceForComposites._computeInputDepth(CausalityInterfaceForComposites.java:696)
	at ptolemy.actor.util.CausalityInterfaceForComposites._computeActorDepth(CausalityInterfaceForComposites.java:532)
	at ptolemy.actor.util.CausalityInterfaceForComposites.checkForCycles(CausalityInterfaceForComposites.java:96)
	at ptolemy.domains.de.kernel.DEDirector.preinitialize(DEDirector.java:1338)
	at ptolemy.actor.CompositeActor.preinitialize(CompositeActor.java:1828)
	at ptolemy.actor.Manager.preinitializeAndResolveTypes(Manager.java:1040)
	at ptolemy.actor.Manager.initialize(Manager.java:710)
	at ptolemy.actor.Manager.execute(Manager.java:356)
	at ptolemy.actor.Manager.run(Manager.java:1263)
	at ptolemy.actor.Manager$PtolemyRunThread.run(Manager.java:1933)
java.lang.reflect.InvocationTargetException
	at java.base/jdk.internal.reflect.NativeConstructorAccessorImpl.newInstance0(Native Method)
	at java.base/jdk.internal.reflect.NativeConstructorAccessorImpl.newInstance(NativeConstructorAccessorImpl.java:62)
	at java.base/jdk.internal.reflect.DelegatingConstructorAccessorImpl.newInstance(DelegatingConstructorAccessorImpl.java:45)
	at java.base/java.lang.reflect.Constructor.newInstance(Constructor.java:490)
	at ptolemy.util.test.junit.AutoKnownFailedTests.RunModel(AutoKnownFailedTests.java:105)
	at java.base/jdk.internal.reflect.NativeMethodAccessorImpl.invoke0(Native Method)
	at java.base/jdk.internal.reflect.NativeMethodAccessorImpl.invoke(NativeMethodAccessorImpl.java:62)
	at java.base/jdk.internal.reflect.DelegatingMethodAccessorImpl.invoke(DelegatingMethodAccessorImpl.java:43)
	at java.base/java.lang.reflect.Method.invoke(Method.java:566)
	at org.junit.runners.model.FrameworkMethod$1.runReflectiveCall(FrameworkMethod.java:44)
	at org.junit.internal.runners.model.ReflectiveCallable.run(ReflectiveCallable.java:15)
	at org.junit.runners.model.FrameworkMethod.invokeExplosively(FrameworkMethod.java:41)
	at junitparams.internal.InvokeParameterisedMethod.evaluate(InvokeParameterisedMethod.java:102)
	at org.junit.internal.runners.statements.FailOnTimeout$1.run(FailOnTimeout.java:28)
Caused by: ptolemy.kernel.util.IllegalActionException: Found a zero delay loop containing .dependencyLoop2.original
  in .dependencyLoop2 and .dependencyLoop2.original
	at ptolemy.actor.util.CausalityInterfaceForComposites._computeOutputPortDepth(CausalityInterfaceForComposites.java:759)
	at ptolemy.actor.util.CausalityInterfaceForComposites._computeInputDepth(CausalityInterfaceForComposites.java:696)
	at ptolemy.actor.util.CausalityInterfaceForComposites._computeOutputPortDepth(CausalityInterfaceForComposites.java:765)
	at ptolemy.actor.util.CausalityInterfaceForComposites._computeInputDepth(CausalityInterfaceForComposites.java:696)
	at ptolemy.actor.util.CausalityInterfaceForComposites._computeOutputPortDepth(CausalityInterfaceForComposites.java:765)
	at ptolemy.actor.util.CausalityInterfaceForComposites._computeInputDepth(CausalityInterfaceForComposites.java:696)
	at ptolemy.actor.util.CausalityInterfaceForComposites._computeActorDepth(CausalityInterfaceForComposites.java:532)
	at ptolemy.actor.util.CausalityInterfaceForComposites.checkForCycles(CausalityInterfaceForComposites.java:96)
	at ptolemy.domains.de.kernel.DEDirector.preinitialize(DEDirector.java:1338)
	at ptolemy.actor.CompositeActor.preinitialize(CompositeActor.java:1828)
	at ptolemy.actor.Manager.preinitializeAndResolveTypes(Manager.java:1040)
	at ptolemy.actor.Manager.initialize(Manager.java:710)
	at ptolemy.actor.Manager.execute(Manager.java:356)
	at ptolemy.actor.Manager.run(Manager.java:1263)
	at ptolemy.actor.Manager$PtolemyRunThread.run(Manager.java:1933)
]]></system-err>
</testsuite>
