<?xml version="1.0" encoding="UTF-8" ?>
<testsuite errors="0" failures="0" hostname="travis-job-2402f926-4035-4d1c-8527-f6609b343dca" name="ptolemy.domains.continuous.test.junit.JUnitTclTest" skipped="0" tests="156" time="73.108" timestamp="2020-05-13T14:15:39">
  <properties>
[...]
</properties>
  <testcase classname="ptolemy.util.test.junit.TclTests" name="[0] ThereAreNoTclTests (RunTclFile)" time="0.008" />
  <testcase classname="ptolemy.util.test.junit.AutoKnownFailedTests" name="[0] ThereAreNoKnowFailedTests (RunModel)" time="0.008" />
  <testcase classname="ptolemy.util.test.junit.AutoNameArchTests" name="[0] ThereAreNoAutoArchTests (RunModel)" time="0.015" />
  <testcase classname="ptolemy.util.test.junit.AutoTests" name="[0] /home/travis/build/icyphy/ptII/ptolemy/domains/continuous/test/auto/BouncingBall.xml (RunModel)" time="3.079" />
  <testcase classname="ptolemy.util.test.junit.AutoTests" name="[1] /home/travis/build/icyphy/ptII/ptolemy/domains/continuous/test/auto/BouncingBallWithoutGR.xml (RunModel)" time="0.914" />
  <testcase classname="ptolemy.util.test.junit.AutoTests" name="[2] /home/travis/build/icyphy/ptII/ptolemy/domains/continuous/test/auto/Brownian.xml (RunModel)" time="0.104" />
  <testcase classname="ptolemy.util.test.junit.AutoTests" name="[3] /home/travis/build/icyphy/ptII/ptolemy/domains/continuous/test/auto/CarTracking.xml (RunModel)" time="4.198" />
  <testcase classname="ptolemy.util.test.junit.AutoTests" name="[4] /home/travis/build/icyphy/ptII/ptolemy/domains/continuous/test/auto/CartPendulum.xml (RunModel)" time="0.468" />
  <testcase classname="ptolemy.util.test.junit.AutoTests" name="[5] /home/travis/build/icyphy/ptII/ptolemy/domains/continuous/test/auto/CausalityInterface10.xml (RunModel)" time="0.036" />
  <testcase classname="ptolemy.util.test.junit.AutoTests" name="[6] /home/travis/build/icyphy/ptII/ptolemy/domains/continuous/test/auto/CausalityInterface11.xml (RunModel)" time="0.023" />
  <testcase classname="ptolemy.util.test.junit.AutoTests" name="[7] /home/travis/build/icyphy/ptII/ptolemy/domains/continuous/test/auto/CausalityInterface12.xml (RunModel)" time="0.022" />
  <testcase classname="ptolemy.util.test.junit.AutoTests" name="[8] /home/travis/build/icyphy/ptII/ptolemy/domains/continuous/test/auto/CausalityInterface13.xml (RunModel)" time="0.022" />
  <testcase classname="ptolemy.util.test.junit.AutoTests" name="[9] /home/travis/build/icyphy/ptII/ptolemy/domains/continuous/test/auto/CausalityInterface14.xml (RunModel)" time="0.024" />
  <testcase classname="ptolemy.util.test.junit.AutoTests" name="[10] /home/travis/build/icyphy/ptII/ptolemy/domains/continuous/test/auto/CausalityInterface4.xml (RunModel)" time="0.034" />
  <testcase classname="ptolemy.util.test.junit.AutoTests" name="[11] /home/travis/build/icyphy/ptII/ptolemy/domains/continuous/test/auto/CausalityInterface5.xml (RunModel)" time="0.035" />
  <testcase classname="ptolemy.util.test.junit.AutoTests" name="[12] /home/travis/build/icyphy/ptII/ptolemy/domains/continuous/test/auto/CausalityInterface6.xml (RunModel)" time="0.029" />
  <testcase classname="ptolemy.util.test.junit.AutoTests" name="[13] /home/travis/build/icyphy/ptII/ptolemy/domains/continuous/test/auto/CausalityInterface7.xml (RunModel)" time="0.043" />
  <testcase classname="ptolemy.util.test.junit.AutoTests" name="[14] /home/travis/build/icyphy/ptII/ptolemy/domains/continuous/test/auto/CausalityInterface8.xml (RunModel)" time="0.044" />
  <testcase classname="ptolemy.util.test.junit.AutoTests" name="[15] /home/travis/build/icyphy/ptII/ptolemy/domains/continuous/test/auto/CausalityInterface9.xml (RunModel)" time="0.052" />
  <testcase classname="ptolemy.util.test.junit.AutoTests" name="[16] /home/travis/build/icyphy/ptII/ptolemy/domains/continuous/test/auto/CausalityInterfaceFeedback1.xml (RunModel)" time="0.031" />
  <testcase classname="ptolemy.util.test.junit.AutoTests" name="[17] /home/travis/build/icyphy/ptII/ptolemy/domains/continuous/test/auto/CausalityInterfaceFeedback2.xml (RunModel)" time="0.039" />
  <testcase classname="ptolemy.util.test.junit.AutoTests" name="[18] /home/travis/build/icyphy/ptII/ptolemy/domains/continuous/test/auto/CompareWithCurrentTime.xml (RunModel)" time="0.019" />
  <testcase classname="ptolemy.util.test.junit.AutoTests" name="[19] /home/travis/build/icyphy/ptII/ptolemy/domains/continuous/test/auto/ComparedClocks.xml (RunModel)" time="0.067" />
  <testcase classname="ptolemy.util.test.junit.AutoTests" name="[20] /home/travis/build/icyphy/ptII/ptolemy/domains/continuous/test/auto/ContinuousAOCClone.xml (RunModel)" time="2.792" />
  <testcase classname="ptolemy.util.test.junit.AutoTests" name="[21] /home/travis/build/icyphy/ptII/ptolemy/domains/continuous/test/auto/ContinuousClock.xml (RunModel)" time="0.111" />
  <testcase classname="ptolemy.util.test.junit.AutoTests" name="[22] /home/travis/build/icyphy/ptII/ptolemy/domains/continuous/test/auto/ContinuousInContinuous.xml (RunModel)" time="0.102" />
  <testcase classname="ptolemy.util.test.junit.AutoTests" name="[23] /home/travis/build/icyphy/ptII/ptolemy/domains/continuous/test/auto/ContinuousInContinuousInContinuous.xml (RunModel)" time="0.031" />
  <testcase classname="ptolemy.util.test.junit.AutoTests" name="[24] /home/travis/build/icyphy/ptII/ptolemy/domains/continuous/test/auto/ContinuousInDE.xml (RunModel)" time="0.111" />
  <testcase classname="ptolemy.util.test.junit.AutoTests" name="[25] /home/travis/build/icyphy/ptII/ptolemy/domains/continuous/test/auto/ContinuousInDE2.xml (RunModel)" time="0.053" />
  <testcase classname="ptolemy.util.test.junit.AutoTests" name="[26] /home/travis/build/icyphy/ptII/ptolemy/domains/continuous/test/auto/ContinuousInDE3.xml (RunModel)" time="0.052" />
  <testcase classname="ptolemy.util.test.junit.AutoTests" name="[27] /home/travis/build/icyphy/ptII/ptolemy/domains/continuous/test/auto/ContinuousInDE4.xml (RunModel)" time="0.034" />
  <testcase classname="ptolemy.util.test.junit.AutoTests" name="[28] /home/travis/build/icyphy/ptII/ptolemy/domains/continuous/test/auto/ContinuousInDEDifferentRefinements.xml (RunModel)" time="0.122" />
  <testcase classname="ptolemy.util.test.junit.AutoTests" name="[29] /home/travis/build/icyphy/ptII/ptolemy/domains/continuous/test/auto/ContinuousInDEDifferentRefinementsPreemptive.xml (RunModel)" time="0.096" />
  <testcase classname="ptolemy.util.test.junit.AutoTests" name="[30] /home/travis/build/icyphy/ptII/ptolemy/domains/continuous/test/auto/ContinuousInDEInContinuous2.xml (RunModel)" time="0.059" />
  <testcase classname="ptolemy.util.test.junit.AutoTests" name="[31] /home/travis/build/icyphy/ptII/ptolemy/domains/continuous/test/auto/ContinuousInDEInContinuous3.xml (RunModel)" time="0.055" />
  <testcase classname="ptolemy.util.test.junit.AutoTests" name="[32] /home/travis/build/icyphy/ptII/ptolemy/domains/continuous/test/auto/ContinuousInDEInput.xml (RunModel)" time="0.032" />
  <testcase classname="ptolemy.util.test.junit.AutoTests" name="[33] /home/travis/build/icyphy/ptII/ptolemy/domains/continuous/test/auto/ContinuousInDEInput2.xml (RunModel)" time="0.033" />
  <testcase classname="ptolemy.util.test.junit.AutoTests" name="[34] /home/travis/build/icyphy/ptII/ptolemy/domains/continuous/test/auto/ContinuousInDEInput3.xml (RunModel)" time="0.029" />
  <testcase classname="ptolemy.util.test.junit.AutoTests" name="[35] /home/travis/build/icyphy/ptII/ptolemy/domains/continuous/test/auto/ContinuousInDESharingRefinement.xml (RunModel)" time="0.178" />
  <testcase classname="ptolemy.util.test.junit.AutoTests" name="[36] /home/travis/build/icyphy/ptII/ptolemy/domains/continuous/test/auto/ContinuousInDEwithNoPorts.xml (RunModel)" time="0.019" />
  <testcase classname="ptolemy.util.test.junit.AutoTests" name="[37] /home/travis/build/icyphy/ptII/ptolemy/domains/continuous/test/auto/ContinuousInsideDE.xml (RunModel)" time="0.078" />
  <testcase classname="ptolemy.util.test.junit.AutoTests" name="[38] /home/travis/build/icyphy/ptII/ptolemy/domains/continuous/test/auto/ContinuousMerge1.xml (RunModel)" time="0.018" />
  <testcase classname="ptolemy.util.test.junit.AutoTests" name="[39] /home/travis/build/icyphy/ptII/ptolemy/domains/continuous/test/auto/ContinuousMerge2.xml (RunModel)" time="0.045" />
  <testcase classname="ptolemy.util.test.junit.AutoTests" name="[40] /home/travis/build/icyphy/ptII/ptolemy/domains/continuous/test/auto/ContinuousMerge3.xml (RunModel)" time="0.072" />
  <testcase classname="ptolemy.util.test.junit.AutoTests" name="[41] /home/travis/build/icyphy/ptII/ptolemy/domains/continuous/test/auto/ContinuousWithinContinuous.xml (RunModel)" time="0.058" />
  <testcase classname="ptolemy.util.test.junit.AutoTests" name="[42] /home/travis/build/icyphy/ptII/ptolemy/domains/continuous/test/auto/ContinuousWithinContinuous2.xml (RunModel)" time="0.08" />
  <testcase classname="ptolemy.util.test.junit.AutoTests" name="[43] /home/travis/build/icyphy/ptII/ptolemy/domains/continuous/test/auto/ContinuousWithinContinuous3.xml (RunModel)" time="0.036" />
  <testcase classname="ptolemy.util.test.junit.AutoTests" name="[44] /home/travis/build/icyphy/ptII/ptolemy/domains/continuous/test/auto/ContinuousWithinContinuous4.xml (RunModel)" time="0.077" />
  <testcase classname="ptolemy.util.test.junit.AutoTests" name="[45] /home/travis/build/icyphy/ptII/ptolemy/domains/continuous/test/auto/ContinuousWithinContinuous5.xml (RunModel)" time="0.028" />
  <testcase classname="ptolemy.util.test.junit.AutoTests" name="[46] /home/travis/build/icyphy/ptII/ptolemy/domains/continuous/test/auto/ContinuousWithinContinuous6.xml (RunModel)" time="0.027" />
  <testcase classname="ptolemy.util.test.junit.AutoTests" name="[47] /home/travis/build/icyphy/ptII/ptolemy/domains/continuous/test/auto/ContinuousWithinContinuous7.xml (RunModel)" time="0.068" />
  <testcase classname="ptolemy.util.test.junit.AutoTests" name="[48] /home/travis/build/icyphy/ptII/ptolemy/domains/continuous/test/auto/DCMotor.xml (RunModel)" time="15.672" />
  <testcase classname="ptolemy.util.test.junit.AutoTests" name="[49] /home/travis/build/icyphy/ptII/ptolemy/domains/continuous/test/auto/DEInContinuous.xml (RunModel)" time="0.022" />
  <testcase classname="ptolemy.util.test.junit.AutoTests" name="[50] /home/travis/build/icyphy/ptII/ptolemy/domains/continuous/test/auto/DEinContinuous2.xml (RunModel)" time="0.021" />
  <testcase classname="ptolemy.util.test.junit.AutoTests" name="[51] /home/travis/build/icyphy/ptII/ptolemy/domains/continuous/test/auto/Derivative.xml (RunModel)" time="0.151" />
  <testcase classname="ptolemy.util.test.junit.AutoTests" name="[52] /home/travis/build/icyphy/ptII/ptolemy/domains/continuous/test/auto/Derivative1.xml (RunModel)" time="0.038" />
  <testcase classname="ptolemy.util.test.junit.AutoTests" name="[53] /home/travis/build/icyphy/ptII/ptolemy/domains/continuous/test/auto/DiscreteClock.xml (RunModel)" time="0.011" />
  <testcase classname="ptolemy.util.test.junit.AutoTests" name="[54] /home/travis/build/icyphy/ptII/ptolemy/domains/continuous/test/auto/EfficiencyCurve.xml (RunModel)" time="0.066" />
  <testcase classname="ptolemy.util.test.junit.AutoTests" name="[55] /home/travis/build/icyphy/ptII/ptolemy/domains/continuous/test/auto/ExponentialResponse.xml (RunModel)" time="0.091" />
  <testcase classname="ptolemy.util.test.junit.AutoTests" name="[56] /home/travis/build/icyphy/ptII/ptolemy/domains/continuous/test/auto/ExponentialResponseRK45.xml (RunModel)" time="0.027" />
  <testcase classname="ptolemy.util.test.junit.AutoTests" name="[57] /home/travis/build/icyphy/ptII/ptolemy/domains/continuous/test/auto/Friction.xml (RunModel)" time="1.463" />
  <testcase classname="ptolemy.util.test.junit.AutoTests" name="[58] /home/travis/build/icyphy/ptII/ptolemy/domains/continuous/test/auto/FurutaPendulum.xml (RunModel)" time="3.14" />
  <testcase classname="ptolemy.util.test.junit.AutoTests" name="[59] /home/travis/build/icyphy/ptII/ptolemy/domains/continuous/test/auto/HierarchicalExecution.xml (RunModel)" time="2.005" />
  <testcase classname="ptolemy.util.test.junit.AutoTests" name="[60] /home/travis/build/icyphy/ptII/ptolemy/domains/continuous/test/auto/HybridPlant.xml (RunModel)" time="0.555" />
  <testcase classname="ptolemy.util.test.junit.AutoTests" name="[61] /home/travis/build/icyphy/ptII/ptolemy/domains/continuous/test/auto/Hysteresis.xml (RunModel)" time="0.21" />
  <testcase classname="ptolemy.util.test.junit.AutoTests" name="[62] /home/travis/build/icyphy/ptII/ptolemy/domains/continuous/test/auto/HysteresisWithRandomDelay.xml (RunModel)" time="0.223" />
  <testcase classname="ptolemy.util.test.junit.AutoTests" name="[63] /home/travis/build/icyphy/ptII/ptolemy/domains/continuous/test/auto/HysteresisWithRandomLosses.xml (RunModel)" time="2.529" />
  <testcase classname="ptolemy.util.test.junit.AutoTests" name="[64] /home/travis/build/icyphy/ptII/ptolemy/domains/continuous/test/auto/ImmediateTransitions.xml (RunModel)" time="0.038" />
  <testcase classname="ptolemy.util.test.junit.AutoTests" name="[65] /home/travis/build/icyphy/ptII/ptolemy/domains/continuous/test/auto/ImpulseFeedback.xml (RunModel)" time="0.021" />
  <testcase classname="ptolemy.util.test.junit.AutoTests" name="[66] /home/travis/build/icyphy/ptII/ptolemy/domains/continuous/test/auto/ImpulseFeedback2.xml (RunModel)" time="0.018" />
  <testcase classname="ptolemy.util.test.junit.AutoTests" name="[67] /home/travis/build/icyphy/ptII/ptolemy/domains/continuous/test/auto/IncreasingRatePoisson.xml (RunModel)" time="0.714" />
  <testcase classname="ptolemy.util.test.junit.AutoTests" name="[68] /home/travis/build/icyphy/ptII/ptolemy/domains/continuous/test/auto/InitialStateFeedback.xml (RunModel)" time="0.016" />
  <testcase classname="ptolemy.util.test.junit.AutoTests" name="[69] /home/travis/build/icyphy/ptII/ptolemy/domains/continuous/test/auto/Integration.xml (RunModel)" time="0.009" />
  <testcase classname="ptolemy.util.test.junit.AutoTests" name="[70] /home/travis/build/icyphy/ptII/ptolemy/domains/continuous/test/auto/Integration2.xml (RunModel)" time="0.076" />
  <testcase classname="ptolemy.util.test.junit.AutoTests" name="[71] /home/travis/build/icyphy/ptII/ptolemy/domains/continuous/test/auto/Integration3.xml (RunModel)" time="0.021" />
  <testcase classname="ptolemy.util.test.junit.AutoTests" name="[72] /home/travis/build/icyphy/ptII/ptolemy/domains/continuous/test/auto/Integration5.xml (RunModel)" time="0.011" />
  <testcase classname="ptolemy.util.test.junit.AutoTests" name="[73] /home/travis/build/icyphy/ptII/ptolemy/domains/continuous/test/auto/IntegratorImpulse.xml (RunModel)" time="0.01" />
  <testcase classname="ptolemy.util.test.junit.AutoTests" name="[74] /home/travis/build/icyphy/ptII/ptolemy/domains/continuous/test/auto/IntegratorImpulse2.xml (RunModel)" time="0.011" />
  <testcase classname="ptolemy.util.test.junit.AutoTests" name="[75] /home/travis/build/icyphy/ptII/ptolemy/domains/continuous/test/auto/LevelCrossing1.xml (RunModel)" time="0.011" />
  <testcase classname="ptolemy.util.test.junit.AutoTests" name="[76] /home/travis/build/icyphy/ptII/ptolemy/domains/continuous/test/auto/LevelCrossing2.xml (RunModel)" time="0.012" />
  <testcase classname="ptolemy.util.test.junit.AutoTests" name="[77] /home/travis/build/icyphy/ptII/ptolemy/domains/continuous/test/auto/LevelCrossing3.xml (RunModel)" time="0.022" />
  <testcase classname="ptolemy.util.test.junit.AutoTests" name="[78] /home/travis/build/icyphy/ptII/ptolemy/domains/continuous/test/auto/LevelCrossing4.xml (RunModel)" time="0.012" />
  <testcase classname="ptolemy.util.test.junit.AutoTests" name="[79] /home/travis/build/icyphy/ptII/ptolemy/domains/continuous/test/auto/LevelCrossing5.xml (RunModel)" time="0.016" />
  <testcase classname="ptolemy.util.test.junit.AutoTests" name="[80] /home/travis/build/icyphy/ptII/ptolemy/domains/continuous/test/auto/LevelCrossing6.xml (RunModel)" time="0.012" />
  <testcase classname="ptolemy.util.test.junit.AutoTests" name="[81] /home/travis/build/icyphy/ptII/ptolemy/domains/continuous/test/auto/LevelCrossingDetector.xml (RunModel)" time="0.036" />
  <testcase classname="ptolemy.util.test.junit.AutoTests" name="[82] /home/travis/build/icyphy/ptII/ptolemy/domains/continuous/test/auto/LevelCrossingDetectorDetectingDirections.xml (RunModel)" time="0.087" />
  <testcase classname="ptolemy.util.test.junit.AutoTests" name="[83] /home/travis/build/icyphy/ptII/ptolemy/domains/continuous/test/auto/LevelCrossingDetectorDetectsGlitches.xml (RunModel)" time="0.058" />
  <testcase classname="ptolemy.util.test.junit.AutoTests" name="[84] /home/travis/build/icyphy/ptII/ptolemy/domains/continuous/test/auto/LevelCrossingNoInitialOuput.xml (RunModel)" time="0.011" />
  <testcase classname="ptolemy.util.test.junit.AutoTests" name="[85] /home/travis/build/icyphy/ptII/ptolemy/domains/continuous/test/auto/LinearStateSpaceExample.xml (RunModel)" time="0.062" />
  <testcase classname="ptolemy.util.test.junit.AutoTests" name="[86] /home/travis/build/icyphy/ptII/ptolemy/domains/continuous/test/auto/Lorenz.xml (RunModel)" time="3.469" />
  <testcase classname="ptolemy.util.test.junit.AutoTests" name="[87] /home/travis/build/icyphy/ptII/ptolemy/domains/continuous/test/auto/LorenzDifferentialSystem.xml (RunModel)" time="0.984" />
  <testcase classname="ptolemy.util.test.junit.AutoTests" name="[88] /home/travis/build/icyphy/ptII/ptolemy/domains/continuous/test/auto/LorenzDifferentialSystemWithInput.xml (RunModel)" time="1.198" />
  <testcase classname="ptolemy.util.test.junit.AutoTests" name="[89] /home/travis/build/icyphy/ptII/ptolemy/domains/continuous/test/auto/LorenzDifferentialSystemWithTime.xml (RunModel)" time="0.723" />
  <testcase classname="ptolemy.util.test.junit.AutoTests" name="[90] /home/travis/build/icyphy/ptII/ptolemy/domains/continuous/test/auto/Microsteps.xml (RunModel)" time="0.021" />
  <testcase classname="ptolemy.util.test.junit.AutoTests" name="[91] /home/travis/build/icyphy/ptII/ptolemy/domains/continuous/test/auto/Modal1.xml (RunModel)" time="0.044" />
  <testcase classname="ptolemy.util.test.junit.AutoTests" name="[92] /home/travis/build/icyphy/ptII/ptolemy/domains/continuous/test/auto/Modal2.xml (RunModel)" time="0.05" />
  <testcase classname="ptolemy.util.test.junit.AutoTests" name="[93] /home/travis/build/icyphy/ptII/ptolemy/domains/continuous/test/auto/ModalTransitionGuardWithReset.xml (RunModel)" time="0.028" />
  <testcase classname="ptolemy.util.test.junit.AutoTests" name="[94] /home/travis/build/icyphy/ptII/ptolemy/domains/continuous/test/auto/ModalTransitionGuardWithResetUsingPreemptiveTransition.xml (RunModel)" time="0.026" />
  <testcase classname="ptolemy.util.test.junit.AutoTests" name="[95] /home/travis/build/icyphy/ptII/ptolemy/domains/continuous/test/auto/ModalTransitionGuardWithResetUsingPreemptiveTransition2.xml (RunModel)" time="0.021" />
  <testcase classname="ptolemy.util.test.junit.AutoTests" name="[96] /home/travis/build/icyphy/ptII/ptolemy/domains/continuous/test/auto/ModalTransitionGuardWithResetUsingPreemptiveTransition3.xml (RunModel)" time="0.025" />
  <testcase classname="ptolemy.util.test.junit.AutoTests" name="[97] /home/travis/build/icyphy/ptII/ptolemy/domains/continuous/test/auto/NewtonsCradle.xml (RunModel)" time="0.755" />
  <testcase classname="ptolemy.util.test.junit.AutoTests" name="[98] /home/travis/build/icyphy/ptII/ptolemy/domains/continuous/test/auto/NewtonsCradleAnimated.xml (RunModel)" time="1.209" />
  <testcase classname="ptolemy.util.test.junit.AutoTests" name="[99] /home/travis/build/icyphy/ptII/ptolemy/domains/continuous/test/auto/NewtonsCradleComplicated.xml (RunModel)" time="0.821" />
  <testcase classname="ptolemy.util.test.junit.AutoTests" name="[100] /home/travis/build/icyphy/ptII/ptolemy/domains/continuous/test/auto/NewtonsCradleNondeterministic.xml (RunModel)" time="0.682" />
  <testcase classname="ptolemy.util.test.junit.AutoTests" name="[101] /home/travis/build/icyphy/ptII/ptolemy/domains/continuous/test/auto/NewtonsCradlePerfectlyInelastic1.xml (RunModel)" time="1.126" />
  <testcase classname="ptolemy.util.test.junit.AutoTests" name="[102] /home/travis/build/icyphy/ptII/ptolemy/domains/continuous/test/auto/Noise.xml (RunModel)" time="0.171" />
  <testcase classname="ptolemy.util.test.junit.AutoTests" name="[103] /home/travis/build/icyphy/ptII/ptolemy/domains/continuous/test/auto/NoiseSpectrum.xml (RunModel)" time="0.669" />
  <testcase classname="ptolemy.util.test.junit.AutoTests" name="[104] /home/travis/build/icyphy/ptII/ptolemy/domains/continuous/test/auto/ParameterizedNewtonsCradleAnimated.xml (RunModel)" time="0.321" />
  <testcase classname="ptolemy.util.test.junit.AutoTests" name="[105] /home/travis/build/icyphy/ptII/ptolemy/domains/continuous/test/auto/ParameterizedNewtonsCradleAnimatedNondeterministic.xml (RunModel)" time="1.116" />
  <testcase classname="ptolemy.util.test.junit.AutoTests" name="[106] /home/travis/build/icyphy/ptII/ptolemy/domains/continuous/test/auto/Pendulum3D.xml (RunModel)" time="0.159" />
  <testcase classname="ptolemy.util.test.junit.AutoTests" name="[107] /home/travis/build/icyphy/ptII/ptolemy/domains/continuous/test/auto/PeriodicSampler.xml (RunModel)" time="0.013" />
  <testcase classname="ptolemy.util.test.junit.AutoTests" name="[108] /home/travis/build/icyphy/ptII/ptolemy/domains/continuous/test/auto/PeriodicSampler1.xml (RunModel)" time="0.045" />
  <testcase classname="ptolemy.util.test.junit.AutoTests" name="[109] /home/travis/build/icyphy/ptII/ptolemy/domains/continuous/test/auto/PeriodicSampler2.xml (RunModel)" time="0.075" />
  <testcase classname="ptolemy.util.test.junit.AutoTests" name="[110] /home/travis/build/icyphy/ptII/ptolemy/domains/continuous/test/auto/Poisson.xml (RunModel)" time="0.468" />
  <testcase classname="ptolemy.util.test.junit.AutoTests" name="[111] /home/travis/build/icyphy/ptII/ptolemy/domains/continuous/test/auto/PoissonClock.xml (RunModel)" time="0.011" />
  <testcase classname="ptolemy.util.test.junit.AutoTests" name="[112] /home/travis/build/icyphy/ptII/ptolemy/domains/continuous/test/auto/PoissonClock2.xml (RunModel)" time="0.011" />
  <testcase classname="ptolemy.util.test.junit.AutoTests" name="[113] /home/travis/build/icyphy/ptII/ptolemy/domains/continuous/test/auto/PortParameterHierarchy.xml (RunModel)" time="0.023" />
  <testcase classname="ptolemy.util.test.junit.AutoTests" name="[114] /home/travis/build/icyphy/ptII/ptolemy/domains/continuous/test/auto/RandomHybridPlant.xml (RunModel)" time="0.527" />
  <testcase classname="ptolemy.util.test.junit.AutoTests" name="[115] /home/travis/build/icyphy/ptII/ptolemy/domains/continuous/test/auto/ResetTransitionWithStartTime1.xml (RunModel)" time="0.031" />
  <testcase classname="ptolemy.util.test.junit.AutoTests" name="[116] /home/travis/build/icyphy/ptII/ptolemy/domains/continuous/test/auto/ResetTransitionWithStartTime2.xml (RunModel)" time="0.032" />
  <testcase classname="ptolemy.util.test.junit.AutoTests" name="[117] /home/travis/build/icyphy/ptII/ptolemy/domains/continuous/test/auto/ResetTransitionWithStartTime3.xml (RunModel)" time="0.033" />
  <testcase classname="ptolemy.util.test.junit.AutoTests" name="[118] /home/travis/build/icyphy/ptII/ptolemy/domains/continuous/test/auto/ResetTransitionWithStartTime4.xml (RunModel)" time="0.023" />
  <testcase classname="ptolemy.util.test.junit.AutoTests" name="[119] /home/travis/build/icyphy/ptII/ptolemy/domains/continuous/test/auto/ResetTransitionWithStartTime5.xml (RunModel)" time="0.031" />
  <testcase classname="ptolemy.util.test.junit.AutoTests" name="[120] /home/travis/build/icyphy/ptII/ptolemy/domains/continuous/test/auto/ResetTransitionWithStartTime6.xml (RunModel)" time="0.023" />
  <testcase classname="ptolemy.util.test.junit.AutoTests" name="[121] /home/travis/build/icyphy/ptII/ptolemy/domains/continuous/test/auto/SRinContinuous.xml (RunModel)" time="0.022" />
  <testcase classname="ptolemy.util.test.junit.AutoTests" name="[122] /home/travis/build/icyphy/ptII/ptolemy/domains/continuous/test/auto/SampledClocks.xml (RunModel)" time="0.032" />
  <testcase classname="ptolemy.util.test.junit.AutoTests" name="[123] /home/travis/build/icyphy/ptII/ptolemy/domains/continuous/test/auto/Satellite.xml (RunModel)" time="0.676" />
  <testcase classname="ptolemy.util.test.junit.AutoTests" name="[124] /home/travis/build/icyphy/ptII/ptolemy/domains/continuous/test/auto/SigmaDelta.xml (RunModel)" time="2.149" />
  <testcase classname="ptolemy.util.test.junit.AutoTests" name="[125] /home/travis/build/icyphy/ptII/ptolemy/domains/continuous/test/auto/SingleRefinement.xml (RunModel)" time="0.402" />
  <testcase classname="ptolemy.util.test.junit.AutoTests" name="[126] /home/travis/build/icyphy/ptII/ptolemy/domains/continuous/test/auto/SinuBouncingBall.xml (RunModel)" time="0.8" />
  <testcase classname="ptolemy.util.test.junit.AutoTests" name="[127] /home/travis/build/icyphy/ptII/ptolemy/domains/continuous/test/auto/Sinusoid.xml (RunModel)" time="0.016" />
  <testcase classname="ptolemy.util.test.junit.AutoTests" name="[128] /home/travis/build/icyphy/ptII/ptolemy/domains/continuous/test/auto/SinusoidInNoise.xml (RunModel)" time="0.852" />
  <testcase classname="ptolemy.util.test.junit.AutoTests" name="[129] /home/travis/build/icyphy/ptII/ptolemy/domains/continuous/test/auto/SinusoidRK45.xml (RunModel)" time="0.011" />
  <testcase classname="ptolemy.util.test.junit.AutoTests" name="[130] /home/travis/build/icyphy/ptII/ptolemy/domains/continuous/test/auto/SinusoidWithMultipleImpulses.xml (RunModel)" time="0.011" />
  <testcase classname="ptolemy.util.test.junit.AutoTests" name="[131] /home/travis/build/icyphy/ptII/ptolemy/domains/continuous/test/auto/SquareWave.xml (RunModel)" time="0.184" />
  <testcase classname="ptolemy.util.test.junit.AutoTests" name="[132] /home/travis/build/icyphy/ptII/ptolemy/domains/continuous/test/auto/Starmac.xml (RunModel)" time="3.326" />
  <testcase classname="ptolemy.util.test.junit.AutoTests" name="[133] /home/travis/build/icyphy/ptII/ptolemy/domains/continuous/test/auto/StaticUnits.xml (RunModel)" time="2.376" />
  <testcase classname="ptolemy.util.test.junit.AutoTests" name="[134] /home/travis/build/icyphy/ptII/ptolemy/domains/continuous/test/auto/StickyMasses.xml (RunModel)" time="0.169" />
  <testcase classname="ptolemy.util.test.junit.AutoTests" name="[135] /home/travis/build/icyphy/ptII/ptolemy/domains/continuous/test/auto/StopTime.xml (RunModel)" time="0.053" />
  <testcase classname="ptolemy.util.test.junit.AutoTests" name="[136] /home/travis/build/icyphy/ptII/ptolemy/domains/continuous/test/auto/StopTime2.xml (RunModel)" time="0.063" />
  <testcase classname="ptolemy.util.test.junit.AutoTests" name="[137] /home/travis/build/icyphy/ptII/ptolemy/domains/continuous/test/auto/Switch.xml (RunModel)" time="0.056" />
  <testcase classname="ptolemy.util.test.junit.AutoTests" name="[138] /home/travis/build/icyphy/ptII/ptolemy/domains/continuous/test/auto/Thermostat.xml (RunModel)" time="0.198" />
  <testcase classname="ptolemy.util.test.junit.AutoTests" name="[139] /home/travis/build/icyphy/ptII/ptolemy/domains/continuous/test/auto/TimeDelay.xml (RunModel)" time="0.013" />
  <testcase classname="ptolemy.util.test.junit.AutoTests" name="[140] /home/travis/build/icyphy/ptII/ptolemy/domains/continuous/test/auto/TimeDelay2.xml (RunModel)" time="0.024" />
  <testcase classname="ptolemy.util.test.junit.AutoTests" name="[141] /home/travis/build/icyphy/ptII/ptolemy/domains/continuous/test/auto/TimeDelay3.xml (RunModel)" time="0.011" />
  <testcase classname="ptolemy.util.test.junit.AutoTests" name="[142] /home/travis/build/icyphy/ptII/ptolemy/domains/continuous/test/auto/TransferAbsentToInside.xml (RunModel)" time="0.098" />
  <testcase classname="ptolemy.util.test.junit.AutoTests" name="[143] /home/travis/build/icyphy/ptII/ptolemy/domains/continuous/test/auto/Transmission.xml (RunModel)" time="0.817" />
  <testcase classname="ptolemy.util.test.junit.AutoTests" name="[144] /home/travis/build/icyphy/ptII/ptolemy/domains/continuous/test/auto/TriggeredContinuousClock.xml (RunModel)" time="0.067" />
  <testcase classname="ptolemy.util.test.junit.AutoTests" name="[145] /home/travis/build/icyphy/ptII/ptolemy/domains/continuous/test/auto/TwoMachineInfiniteBusControl.xml (RunModel)" time="2.455" />
  <testcase classname="ptolemy.util.test.junit.AutoTests" name="[146] /home/travis/build/icyphy/ptII/ptolemy/domains/continuous/test/auto/V2V.xml (RunModel)" time="0.739" />
  <testcase classname="ptolemy.util.test.junit.AutoTests" name="[147] /home/travis/build/icyphy/ptII/ptolemy/domains/continuous/test/auto/hierarchicalModalModel.xml (RunModel)" time="0.035" />
  <testcase classname="ptolemy.util.test.junit.AutoTests" name="[148] /home/travis/build/icyphy/ptII/ptolemy/domains/continuous/test/auto/hierarchicalModalModel1.xml (RunModel)" time="0.029" />
  <testcase classname="ptolemy.util.test.junit.AutoTests" name="[149] /home/travis/build/icyphy/ptII/ptolemy/domains/continuous/test/auto/hierarchicalModalModel2.xml (RunModel)" time="0.026" />
  <testcase classname="ptolemy.util.test.junit.AutoTests" name="[150] /home/travis/build/icyphy/ptII/ptolemy/domains/continuous/test/auto/hierarchicalModalModel3.xml (RunModel)" time="0.027" />
  <testcase classname="ptolemy.util.test.junit.AutoTests" name="[151] /home/travis/build/icyphy/ptII/ptolemy/domains/continuous/test/auto/hierarchicalModalModel4.xml (RunModel)" time="0.024" />
  <testcase classname="ptolemy.util.test.junit.AutoTests" name="[152] /home/travis/build/icyphy/ptII/ptolemy/domains/continuous/test/auto/junk.xml (RunModel)" time="0.135" />
  <system-out><![CDATA[No tcl tests in /home/travis/build/icyphy/ptII/ptolemy/domains/continuous/test
No auto/knownFailedTests/*.xml tests in /home/travis/build/icyphy/ptII/ptolemy/domains/continuous/test
No auto/linux-amd64/*.xml tests in /home/travis/build/icyphy/ptII/ptolemy/domains/continuous/test
AutoTests.java: About to close Vertx.
AutoTests.java: Vertx closed.

===========================================================================================
----------------- testing Wed May 13 14:15:39 UTC 2020 /home/travis/build/icyphy/ptII/ptolemy/domains/continuous/test/auto/BouncingBall.xml
----------------- Instantiating /home/travis/build/icyphy/ptII/ptolemy/domains/continuous/test/auto/BouncingBall.xml
2410 ms. Memory: 129024K Free: 75054K (58%)
----------------- Invoking toplevel() on ptolemy.moml.MoMLSimpleApplication@624221d1
----------------- Done invoking toplevel() on ptolemy.moml.MoMLSimpleApplication@624221d1
reloadAllAccessors: .BouncingBall

===========================================================================================
----------------- testing Wed May 13 14:15:42 UTC 2020 /home/travis/build/icyphy/ptII/ptolemy/domains/continuous/test/auto/BouncingBallWithoutGR.xml
----------------- Instantiating /home/travis/build/icyphy/ptII/ptolemy/domains/continuous/test/auto/BouncingBallWithoutGR.xml
765 ms. Memory: 129024K Free: 40066K (31%)
----------------- Invoking toplevel() on ptolemy.moml.MoMLSimpleApplication@6eb459e6
----------------- Done invoking toplevel() on ptolemy.moml.MoMLSimpleApplication@6eb459e6
reloadAllAccessors: .BouncingBallWithoutGR

===========================================================================================
----------------- testing Wed May 13 14:15:43 UTC 2020 /home/travis/build/icyphy/ptII/ptolemy/domains/continuous/test/auto/Brownian.xml
----------------- Instantiating /home/travis/build/icyphy/ptII/ptolemy/domains/continuous/test/auto/Brownian.xml
25 ms. Memory: 155648K Free: 132654K (85%)
----------------- Invoking toplevel() on ptolemy.moml.MoMLSimpleApplication@bfdce18
----------------- Done invoking toplevel() on ptolemy.moml.MoMLSimpleApplication@bfdce18
reloadAllAccessors: .Brownian

===========================================================================================
----------------- testing Wed May 13 14:15:43 UTC 2020 /home/travis/build/icyphy/ptII/ptolemy/domains/continuous/test/auto/CarTracking.xml
----------------- Instantiating /home/travis/build/icyphy/ptII/ptolemy/domains/continuous/test/auto/CarTracking.xml
3834 ms. Memory: 187392K Free: 117639K (63%)
----------------- Invoking toplevel() on ptolemy.moml.MoMLSimpleApplication@299f3a39
----------------- Done invoking toplevel() on ptolemy.moml.MoMLSimpleApplication@299f3a39
reloadAllAccessors: .CarTracking

===========================================================================================
----------------- testing Wed May 13 14:15:48 UTC 2020 /home/travis/build/icyphy/ptII/ptolemy/domains/continuous/test/auto/CartPendulum.xml
----------------- Instantiating /home/travis/build/icyphy/ptII/ptolemy/domains/continuous/test/auto/CartPendulum.xml
376 ms. Memory: 225280K Free: 169829K (75%)
----------------- Invoking toplevel() on ptolemy.moml.MoMLSimpleApplication@16756e86
----------------- Done invoking toplevel() on ptolemy.moml.MoMLSimpleApplication@16756e86
reloadAllAccessors: .CartPendulum

===========================================================================================
----------------- testing Wed May 13 14:15:48 UTC 2020 /home/travis/build/icyphy/ptII/ptolemy/domains/continuous/test/auto/CausalityInterface10.xml
----------------- Instantiating /home/travis/build/icyphy/ptII/ptolemy/domains/continuous/test/auto/CausalityInterface10.xml
6 ms. Memory: 225280K Free: 158565K (70%)
----------------- Invoking toplevel() on ptolemy.moml.MoMLSimpleApplication@1b84e73
----------------- Done invoking toplevel() on ptolemy.moml.MoMLSimpleApplication@1b84e73
reloadAllAccessors: .CausalityInterface10

===========================================================================================
----------------- testing Wed May 13 14:15:48 UTC 2020 /home/travis/build/icyphy/ptII/ptolemy/domains/continuous/test/auto/CausalityInterface11.xml
----------------- Instantiating /home/travis/build/icyphy/ptII/ptolemy/domains/continuous/test/auto/CausalityInterface11.xml
4 ms. Memory: 225280K Free: 152406K (68%)
----------------- Invoking toplevel() on ptolemy.moml.MoMLSimpleApplication@5349b5c0
----------------- Done invoking toplevel() on ptolemy.moml.MoMLSimpleApplication@5349b5c0
reloadAllAccessors: .CausalityInterface11

===========================================================================================
----------------- testing Wed May 13 14:15:48 UTC 2020 /home/travis/build/icyphy/ptII/ptolemy/domains/continuous/test/auto/CausalityInterface12.xml
----------------- Instantiating /home/travis/build/icyphy/ptII/ptolemy/domains/continuous/test/auto/CausalityInterface12.xml
4 ms. Memory: 225280K Free: 146262K (65%)
----------------- Invoking toplevel() on ptolemy.moml.MoMLSimpleApplication@5539191b
----------------- Done invoking toplevel() on ptolemy.moml.MoMLSimpleApplication@5539191b
reloadAllAccessors: .CausalityInterface12

===========================================================================================
----------------- testing Wed May 13 14:15:48 UTC 2020 /home/travis/build/icyphy/ptII/ptolemy/domains/continuous/test/auto/CausalityInterface13.xml
----------------- Instantiating /home/travis/build/icyphy/ptII/ptolemy/domains/continuous/test/auto/CausalityInterface13.xml
4 ms. Memory: 225280K Free: 140118K (62%)
----------------- Invoking toplevel() on ptolemy.moml.MoMLSimpleApplication@313bcb2c
----------------- Done invoking toplevel() on ptolemy.moml.MoMLSimpleApplication@313bcb2c
reloadAllAccessors: .CausalityInterface13

===========================================================================================
----------------- testing Wed May 13 14:15:48 UTC 2020 /home/travis/build/icyphy/ptII/ptolemy/domains/continuous/test/auto/CausalityInterface14.xml
----------------- Instantiating /home/travis/build/icyphy/ptII/ptolemy/domains/continuous/test/auto/CausalityInterface14.xml
6 ms. Memory: 225280K Free: 134503K (60%)
----------------- Invoking toplevel() on ptolemy.moml.MoMLSimpleApplication@4eb4f804
----------------- Done invoking toplevel() on ptolemy.moml.MoMLSimpleApplication@4eb4f804
reloadAllAccessors: .CausalityInterface14

===========================================================================================
----------------- testing Wed May 13 14:15:48 UTC 2020 /home/travis/build/icyphy/ptII/ptolemy/domains/continuous/test/auto/CausalityInterface4.xml
----------------- Instantiating /home/travis/build/icyphy/ptII/ptolemy/domains/continuous/test/auto/CausalityInterface4.xml
5 ms. Memory: 225280K Free: 127830K (57%)
----------------- Invoking toplevel() on ptolemy.moml.MoMLSimpleApplication@633acf86
----------------- Done invoking toplevel() on ptolemy.moml.MoMLSimpleApplication@633acf86
reloadAllAccessors: .CausalityInterface4

===========================================================================================
----------------- testing Wed May 13 14:15:48 UTC 2020 /home/travis/build/icyphy/ptII/ptolemy/domains/continuous/test/auto/CausalityInterface5.xml
----------------- Instantiating /home/travis/build/icyphy/ptII/ptolemy/domains/continuous/test/auto/CausalityInterface5.xml
4 ms. Memory: 225280K Free: 119653K (53%)
----------------- Invoking toplevel() on ptolemy.moml.MoMLSimpleApplication@d185a07
----------------- Done invoking toplevel() on ptolemy.moml.MoMLSimpleApplication@d185a07
reloadAllAccessors: .CausalityInterface5

===========================================================================================
----------------- testing Wed May 13 14:15:48 UTC 2020 /home/travis/build/icyphy/ptII/ptolemy/domains/continuous/test/auto/CausalityInterface6.xml
----------------- Instantiating /home/travis/build/icyphy/ptII/ptolemy/domains/continuous/test/auto/CausalityInterface6.xml
12 ms. Memory: 225280K Free: 114023K (51%)
----------------- Invoking toplevel() on ptolemy.moml.MoMLSimpleApplication@48b0bb82
----------------- Done invoking toplevel() on ptolemy.moml.MoMLSimpleApplication@48b0bb82
reloadAllAccessors: .CausalityInterface6

===========================================================================================
----------------- testing Wed May 13 14:15:48 UTC 2020 /home/travis/build/icyphy/ptII/ptolemy/domains/continuous/test/auto/CausalityInterface7.xml
----------------- Instantiating /home/travis/build/icyphy/ptII/ptolemy/domains/continuous/test/auto/CausalityInterface7.xml
11 ms. Memory: 225280K Free: 105317K (47%)
----------------- Invoking toplevel() on ptolemy.moml.MoMLSimpleApplication@47877764
----------------- Done invoking toplevel() on ptolemy.moml.MoMLSimpleApplication@47877764
reloadAllAccessors: .CausalityInterface7

===========================================================================================
----------------- testing Wed May 13 14:15:48 UTC 2020 /home/travis/build/icyphy/ptII/ptolemy/domains/continuous/test/auto/CausalityInterface8.xml
----------------- Instantiating /home/travis/build/icyphy/ptII/ptolemy/domains/continuous/test/auto/CausalityInterface8.xml
10 ms. Memory: 225280K Free: 96101K (43%)
----------------- Invoking toplevel() on ptolemy.moml.MoMLSimpleApplication@65a7bacb
----------------- Done invoking toplevel() on ptolemy.moml.MoMLSimpleApplication@65a7bacb
reloadAllAccessors: .CausalityInterface8

===========================================================================================
----------------- testing Wed May 13 14:15:48 UTC 2020 /home/travis/build/icyphy/ptII/ptolemy/domains/continuous/test/auto/CausalityInterface9.xml
----------------- Instantiating /home/travis/build/icyphy/ptII/ptolemy/domains/continuous/test/auto/CausalityInterface9.xml
11 ms. Memory: 225280K Free: 85351K (38%)
----------------- Invoking toplevel() on ptolemy.moml.MoMLSimpleApplication@702a282d
----------------- Done invoking toplevel() on ptolemy.moml.MoMLSimpleApplication@702a282d
reloadAllAccessors: .CausalityInterface9

===========================================================================================
----------------- testing Wed May 13 14:15:48 UTC 2020 /home/travis/build/icyphy/ptII/ptolemy/domains/continuous/test/auto/CausalityInterfaceFeedback1.xml
----------------- Instantiating /home/travis/build/icyphy/ptII/ptolemy/domains/continuous/test/auto/CausalityInterfaceFeedback1.xml
5 ms. Memory: 225280K Free: 78183K (35%)
----------------- Invoking toplevel() on ptolemy.moml.MoMLSimpleApplication@67c038fc
----------------- Done invoking toplevel() on ptolemy.moml.MoMLSimpleApplication@67c038fc
reloadAllAccessors: .CausalityInterfaceFeedback1

===========================================================================================
----------------- testing Wed May 13 14:15:49 UTC 2020 /home/travis/build/icyphy/ptII/ptolemy/domains/continuous/test/auto/CausalityInterfaceFeedback2.xml
----------------- Instantiating /home/travis/build/icyphy/ptII/ptolemy/domains/continuous/test/auto/CausalityInterfaceFeedback2.xml
5 ms. Memory: 225280K Free: 204866K (91%)
----------------- Invoking toplevel() on ptolemy.moml.MoMLSimpleApplication@33a87711
----------------- Done invoking toplevel() on ptolemy.moml.MoMLSimpleApplication@33a87711
reloadAllAccessors: .CausalityInterfaceFeedback2

===========================================================================================
----------------- testing Wed May 13 14:15:49 UTC 2020 /home/travis/build/icyphy/ptII/ptolemy/domains/continuous/test/auto/CompareWithCurrentTime.xml
----------------- Instantiating /home/travis/build/icyphy/ptII/ptolemy/domains/continuous/test/auto/CompareWithCurrentTime.xml
3 ms. Memory: 225280K Free: 200770K (89%)
----------------- Invoking toplevel() on ptolemy.moml.MoMLSimpleApplication@7986c001
----------------- Done invoking toplevel() on ptolemy.moml.MoMLSimpleApplication@7986c001
reloadAllAccessors: .CompareWithCurrentTime

===========================================================================================
----------------- testing Wed May 13 14:15:49 UTC 2020 /home/travis/build/icyphy/ptII/ptolemy/domains/continuous/test/auto/ComparedClocks.xml
----------------- Instantiating /home/travis/build/icyphy/ptII/ptolemy/domains/continuous/test/auto/ComparedClocks.xml
6 ms. Memory: 225280K Free: 185396K (82%)
----------------- Invoking toplevel() on ptolemy.moml.MoMLSimpleApplication@16f0bbfb
----------------- Done invoking toplevel() on ptolemy.moml.MoMLSimpleApplication@16f0bbfb
reloadAllAccessors: .ComparedClocks

===========================================================================================
----------------- testing Wed May 13 14:15:49 UTC 2020 /home/travis/build/icyphy/ptII/ptolemy/domains/continuous/test/auto/ContinuousAOCClone.xml
----------------- Instantiating /home/travis/build/icyphy/ptII/ptolemy/domains/continuous/test/auto/ContinuousAOCClone.xml
2590 ms. Memory: 270336K Free: 212705K (79%)
----------------- Invoking toplevel() on ptolemy.moml.MoMLSimpleApplication@24d4b849
----------------- Done invoking toplevel() on ptolemy.moml.MoMLSimpleApplication@24d4b849
reloadAllAccessors: .ContinuousAOCClone

===========================================================================================
----------------- testing Wed May 13 14:15:51 UTC 2020 /home/travis/build/icyphy/ptII/ptolemy/domains/continuous/test/auto/ContinuousClock.xml
----------------- Instantiating /home/travis/build/icyphy/ptII/ptolemy/domains/continuous/test/auto/ContinuousClock.xml
48 ms. Memory: 270336K Free: 190691K (71%)
----------------- Invoking toplevel() on ptolemy.moml.MoMLSimpleApplication@8006dc2
----------------- Done invoking toplevel() on ptolemy.moml.MoMLSimpleApplication@8006dc2
reloadAllAccessors: .ContinuousClock

===========================================================================================
----------------- testing Wed May 13 14:15:52 UTC 2020 /home/travis/build/icyphy/ptII/ptolemy/domains/continuous/test/auto/ContinuousInContinuous.xml
----------------- Instantiating /home/travis/build/icyphy/ptII/ptolemy/domains/continuous/test/auto/ContinuousInContinuous.xml
53 ms. Memory: 270336K Free: 167139K (62%)
----------------- Invoking toplevel() on ptolemy.moml.MoMLSimpleApplication@39e93fbb
----------------- Done invoking toplevel() on ptolemy.moml.MoMLSimpleApplication@39e93fbb
reloadAllAccessors: .ContinuousInContinuous

===========================================================================================
----------------- testing Wed May 13 14:15:52 UTC 2020 /home/travis/build/icyphy/ptII/ptolemy/domains/continuous/test/auto/ContinuousInContinuousInContinuous.xml
----------------- Instantiating /home/travis/build/icyphy/ptII/ptolemy/domains/continuous/test/auto/ContinuousInContinuousInContinuous.xml
7 ms. Memory: 270336K Free: 159457K (59%)
----------------- Invoking toplevel() on ptolemy.moml.MoMLSimpleApplication@4d054d89
----------------- Done invoking toplevel() on ptolemy.moml.MoMLSimpleApplication@4d054d89
reloadAllAccessors: .ContinuousInContinuousInContinuous

===========================================================================================
----------------- testing Wed May 13 14:15:52 UTC 2020 /home/travis/build/icyphy/ptII/ptolemy/domains/continuous/test/auto/ContinuousInDE.xml
----------------- Instantiating /home/travis/build/icyphy/ptII/ptolemy/domains/continuous/test/auto/ContinuousInDE.xml
89 ms. Memory: 270336K Free: 148707K (55%)
----------------- Invoking toplevel() on ptolemy.moml.MoMLSimpleApplication@5443f614
----------------- Done invoking toplevel() on ptolemy.moml.MoMLSimpleApplication@5443f614
reloadAllAccessors: .ContinuousInDE

===========================================================================================
----------------- testing Wed May 13 14:15:52 UTC 2020 /home/travis/build/icyphy/ptII/ptolemy/domains/continuous/test/auto/ContinuousInDE2.xml
----------------- Instantiating /home/travis/build/icyphy/ptII/ptolemy/domains/continuous/test/auto/ContinuousInDE2.xml
35 ms. Memory: 270336K Free: 139491K (52%)
----------------- Invoking toplevel() on ptolemy.moml.MoMLSimpleApplication@41dc9b83
----------------- Done invoking toplevel() on ptolemy.moml.MoMLSimpleApplication@41dc9b83
reloadAllAccessors: .ContinuousInDE2

===========================================================================================
----------------- testing Wed May 13 14:15:52 UTC 2020 /home/travis/build/icyphy/ptII/ptolemy/domains/continuous/test/auto/ContinuousInDE3.xml
----------------- Instantiating /home/travis/build/icyphy/ptII/ptolemy/domains/continuous/test/auto/ContinuousInDE3.xml
33 ms. Memory: 270336K Free: 129761K (48%)
----------------- Invoking toplevel() on ptolemy.moml.MoMLSimpleApplication@613970ba
----------------- Done invoking toplevel() on ptolemy.moml.MoMLSimpleApplication@613970ba
reloadAllAccessors: .ContinuousInDE3

===========================================================================================
----------------- testing Wed May 13 14:15:52 UTC 2020 /home/travis/build/icyphy/ptII/ptolemy/domains/continuous/test/auto/ContinuousInDE4.xml
----------------- Instantiating /home/travis/build/icyphy/ptII/ptolemy/domains/continuous/test/auto/ContinuousInDE4.xml
15 ms. Memory: 270336K Free: 123617K (46%)
----------------- Invoking toplevel() on ptolemy.moml.MoMLSimpleApplication@51e61b7b
----------------- Done invoking toplevel() on ptolemy.moml.MoMLSimpleApplication@51e61b7b
reloadAllAccessors: .ContinuousInDE4

===========================================================================================
----------------- testing Wed May 13 14:15:52 UTC 2020 /home/travis/build/icyphy/ptII/ptolemy/domains/continuous/test/auto/ContinuousInDEDifferentRefinements.xml
----------------- Instantiating /home/travis/build/icyphy/ptII/ptolemy/domains/continuous/test/auto/ContinuousInDEDifferentRefinements.xml
73 ms. Memory: 270336K Free: 252800K (94%)
----------------- Invoking toplevel() on ptolemy.moml.MoMLSimpleApplication@7eff657b
----------------- Done invoking toplevel() on ptolemy.moml.MoMLSimpleApplication@7eff657b
reloadAllAccessors: .ContinuousInDEDifferentRefinements

===========================================================================================
----------------- testing Wed May 13 14:15:52 UTC 2020 /home/travis/build/icyphy/ptII/ptolemy/domains/continuous/test/auto/ContinuousInDEDifferentRefinementsPreemptive.xml
----------------- Instantiating /home/travis/build/icyphy/ptII/ptolemy/domains/continuous/test/auto/ContinuousInDEDifferentRefinementsPreemptive.xml
54 ms. Memory: 270336K Free: 221916K (82%)
----------------- Invoking toplevel() on ptolemy.moml.MoMLSimpleApplication@561e86a6
----------------- Done invoking toplevel() on ptolemy.moml.MoMLSimpleApplication@561e86a6
reloadAllAccessors: .ContinuousInDEDifferentRefinementsPreemptive

===========================================================================================
----------------- testing Wed May 13 14:15:52 UTC 2020 /home/travis/build/icyphy/ptII/ptolemy/domains/continuous/test/auto/ContinuousInDEInContinuous2.xml
----------------- Instantiating /home/travis/build/icyphy/ptII/ptolemy/domains/continuous/test/auto/ContinuousInDEInContinuous2.xml
37 ms. Memory: 270336K Free: 210652K (78%)
----------------- Invoking toplevel() on ptolemy.moml.MoMLSimpleApplication@51d323d3
----------------- Done invoking toplevel() on ptolemy.moml.MoMLSimpleApplication@51d323d3
reloadAllAccessors: .ContinuousInDEInContinuous2

===========================================================================================
----------------- testing Wed May 13 14:15:52 UTC 2020 /home/travis/build/icyphy/ptII/ptolemy/domains/continuous/test/auto/ContinuousInDEInContinuous3.xml
----------------- Instantiating /home/travis/build/icyphy/ptII/ptolemy/domains/continuous/test/auto/ContinuousInDEInContinuous3.xml
33 ms. Memory: 270336K Free: 198364K (73%)
----------------- Invoking toplevel() on ptolemy.moml.MoMLSimpleApplication@1fb26ce7
----------------- Done invoking toplevel() on ptolemy.moml.MoMLSimpleApplication@1fb26ce7
reloadAllAccessors: .ContinuousInDEInContinuous3

===========================================================================================
----------------- testing Wed May 13 14:15:52 UTC 2020 /home/travis/build/icyphy/ptII/ptolemy/domains/continuous/test/auto/ContinuousInDEInput.xml
----------------- Instantiating /home/travis/build/icyphy/ptII/ptolemy/domains/continuous/test/auto/ContinuousInDEInput.xml
14 ms. Memory: 270336K Free: 191196K (71%)
----------------- Invoking toplevel() on ptolemy.moml.MoMLSimpleApplication@12faf7a2
----------------- Done invoking toplevel() on ptolemy.moml.MoMLSimpleApplication@12faf7a2
reloadAllAccessors: .ContinuousInDEInput

===========================================================================================
----------------- testing Wed May 13 14:15:52 UTC 2020 /home/travis/build/icyphy/ptII/ptolemy/domains/continuous/test/auto/ContinuousInDEInput2.xml
----------------- Instantiating /home/travis/build/icyphy/ptII/ptolemy/domains/continuous/test/auto/ContinuousInDEInput2.xml
13 ms. Memory: 270336K Free: 184028K (68%)
----------------- Invoking toplevel() on ptolemy.moml.MoMLSimpleApplication@2399a0d
----------------- Done invoking toplevel() on ptolemy.moml.MoMLSimpleApplication@2399a0d
reloadAllAccessors: .ContinuousInDEInput2

===========================================================================================
----------------- testing Wed May 13 14:15:52 UTC 2020 /home/travis/build/icyphy/ptII/ptolemy/domains/continuous/test/auto/ContinuousInDEInput3.xml
----------------- Instantiating /home/travis/build/icyphy/ptII/ptolemy/domains/continuous/test/auto/ContinuousInDEInput3.xml
13 ms. Memory: 270336K Free: 176860K (65%)
----------------- Invoking toplevel() on ptolemy.moml.MoMLSimpleApplication@38f897d8
----------------- Done invoking toplevel() on ptolemy.moml.MoMLSimpleApplication@38f897d8
reloadAllAccessors: .ContinuousInDEInput3

===========================================================================================
----------------- testing Wed May 13 14:15:52 UTC 2020 /home/travis/build/icyphy/ptII/ptolemy/domains/continuous/test/auto/ContinuousInDESharingRefinement.xml
----------------- Instantiating /home/travis/build/icyphy/ptII/ptolemy/domains/continuous/test/auto/ContinuousInDESharingRefinement.xml
153 ms. Memory: 270336K Free: 242677K (90%)
----------------- Invoking toplevel() on ptolemy.moml.MoMLSimpleApplication@5eb83fc5
----------------- Done invoking toplevel() on ptolemy.moml.MoMLSimpleApplication@5eb83fc5
reloadAllAccessors: .ContinuousInDESharingRefinement

===========================================================================================
----------------- testing Wed May 13 14:15:53 UTC 2020 /home/travis/build/icyphy/ptII/ptolemy/domains/continuous/test/auto/ContinuousInDEwithNoPorts.xml
----------------- Instantiating /home/travis/build/icyphy/ptII/ptolemy/domains/continuous/test/auto/ContinuousInDEwithNoPorts.xml
4 ms. Memory: 270336K Free: 238071K (88%)
----------------- Invoking toplevel() on ptolemy.moml.MoMLSimpleApplication@3c23719d
----------------- Done invoking toplevel() on ptolemy.moml.MoMLSimpleApplication@3c23719d
reloadAllAccessors: .ContinuousInDEwithNoPorts

===========================================================================================
----------------- testing Wed May 13 14:15:53 UTC 2020 /home/travis/build/icyphy/ptII/ptolemy/domains/continuous/test/auto/ContinuousInsideDE.xml
----------------- Instantiating /home/travis/build/icyphy/ptII/ptolemy/domains/continuous/test/auto/ContinuousInsideDE.xml
35 ms. Memory: 270336K Free: 226293K (84%)
----------------- Invoking toplevel() on ptolemy.moml.MoMLSimpleApplication@8784976
----------------- Done invoking toplevel() on ptolemy.moml.MoMLSimpleApplication@8784976
reloadAllAccessors: .ContinuousInsideDE

===========================================================================================
----------------- testing Wed May 13 14:15:53 UTC 2020 /home/travis/build/icyphy/ptII/ptolemy/domains/continuous/test/auto/ContinuousMerge1.xml
----------------- Instantiating /home/travis/build/icyphy/ptII/ptolemy/domains/continuous/test/auto/ContinuousMerge1.xml
2 ms. Memory: 270336K Free: 222183K (82%)
----------------- Invoking toplevel() on ptolemy.moml.MoMLSimpleApplication@6306602a
----------------- Done invoking toplevel() on ptolemy.moml.MoMLSimpleApplication@6306602a
reloadAllAccessors: .ContinuousMerge1

===========================================================================================
----------------- testing Wed May 13 14:15:53 UTC 2020 /home/travis/build/icyphy/ptII/ptolemy/domains/continuous/test/auto/ContinuousMerge2.xml
----------------- Instantiating /home/travis/build/icyphy/ptII/ptolemy/domains/continuous/test/auto/ContinuousMerge2.xml
14 ms. Memory: 270336K Free: 211957K (78%)
----------------- Invoking toplevel() on ptolemy.moml.MoMLSimpleApplication@67db3c33
----------------- Done invoking toplevel() on ptolemy.moml.MoMLSimpleApplication@67db3c33
reloadAllAccessors: .ContinuousMerge2

===========================================================================================
----------------- testing Wed May 13 14:15:53 UTC 2020 /home/travis/build/icyphy/ptII/ptolemy/domains/continuous/test/auto/ContinuousMerge3.xml
----------------- Instantiating /home/travis/build/icyphy/ptII/ptolemy/domains/continuous/test/auto/ContinuousMerge3.xml
42 ms. Memory: 270336K Free: 200693K (74%)
----------------- Invoking toplevel() on ptolemy.moml.MoMLSimpleApplication@4e0c4668
----------------- Done invoking toplevel() on ptolemy.moml.MoMLSimpleApplication@4e0c4668
reloadAllAccessors: .ContinuousMerge3

===========================================================================================
----------------- testing Wed May 13 14:15:53 UTC 2020 /home/travis/build/icyphy/ptII/ptolemy/domains/continuous/test/auto/ContinuousWithinContinuous.xml
----------------- Instantiating /home/travis/build/icyphy/ptII/ptolemy/domains/continuous/test/auto/ContinuousWithinContinuous.xml
35 ms. Memory: 270336K Free: 191477K (71%)
----------------- Invoking toplevel() on ptolemy.moml.MoMLSimpleApplication@5020cd87
----------------- Done invoking toplevel() on ptolemy.moml.MoMLSimpleApplication@5020cd87
reloadAllAccessors: .ContinuousWithinContinuous

===========================================================================================
----------------- testing Wed May 13 14:15:53 UTC 2020 /home/travis/build/icyphy/ptII/ptolemy/domains/continuous/test/auto/ContinuousWithinContinuous2.xml
----------------- Instantiating /home/travis/build/icyphy/ptII/ptolemy/domains/continuous/test/auto/ContinuousWithinContinuous2.xml
68 ms. Memory: 270336K Free: 180213K (67%)
----------------- Invoking toplevel() on ptolemy.moml.MoMLSimpleApplication@73140877
----------------- Done invoking toplevel() on ptolemy.moml.MoMLSimpleApplication@73140877
reloadAllAccessors: .ContinuousWithinContinuous2

===========================================================================================
----------------- testing Wed May 13 14:15:53 UTC 2020 /home/travis/build/icyphy/ptII/ptolemy/domains/continuous/test/auto/ContinuousWithinContinuous3.xml
----------------- Instantiating /home/travis/build/icyphy/ptII/ptolemy/domains/continuous/test/auto/ContinuousWithinContinuous3.xml
13 ms. Memory: 270336K Free: 173045K (64%)
----------------- Invoking toplevel() on ptolemy.moml.MoMLSimpleApplication@3830f590
----------------- Done invoking toplevel() on ptolemy.moml.MoMLSimpleApplication@3830f590
reloadAllAccessors: .ContinuousWithinContinuous3

===========================================================================================
----------------- testing Wed May 13 14:15:53 UTC 2020 /home/travis/build/icyphy/ptII/ptolemy/domains/continuous/test/auto/ContinuousWithinContinuous4.xml
----------------- Instantiating /home/travis/build/icyphy/ptII/ptolemy/domains/continuous/test/auto/ContinuousWithinContinuous4.xml
64 ms. Memory: 270336K Free: 160757K (59%)
----------------- Invoking toplevel() on ptolemy.moml.MoMLSimpleApplication@1eebc8ee
----------------- Done invoking toplevel() on ptolemy.moml.MoMLSimpleApplication@1eebc8ee
reloadAllAccessors: .ContinuousWithinContinuous4

===========================================================================================
----------------- testing Wed May 13 14:15:53 UTC 2020 /home/travis/build/icyphy/ptII/ptolemy/domains/continuous/test/auto/ContinuousWithinContinuous5.xml
----------------- Instantiating /home/travis/build/icyphy/ptII/ptolemy/domains/continuous/test/auto/ContinuousWithinContinuous5.xml
11 ms. Memory: 270336K Free: 153079K (57%)
----------------- Invoking toplevel() on ptolemy.moml.MoMLSimpleApplication@20e9c5ee
----------------- Done invoking toplevel() on ptolemy.moml.MoMLSimpleApplication@20e9c5ee
reloadAllAccessors: .ContinuousWithinContinuous5

===========================================================================================
----------------- testing Wed May 13 14:15:53 UTC 2020 /home/travis/build/icyphy/ptII/ptolemy/domains/continuous/test/auto/ContinuousWithinContinuous6.xml
----------------- Instantiating /home/travis/build/icyphy/ptII/ptolemy/domains/continuous/test/auto/ContinuousWithinContinuous6.xml
11 ms. Memory: 270336K Free: 145911K (54%)
----------------- Invoking toplevel() on ptolemy.moml.MoMLSimpleApplication@1055d9da
----------------- Done invoking toplevel() on ptolemy.moml.MoMLSimpleApplication@1055d9da
reloadAllAccessors: .ContinuousWithinContinuous6

===========================================================================================
----------------- testing Wed May 13 14:15:53 UTC 2020 /home/travis/build/icyphy/ptII/ptolemy/domains/continuous/test/auto/ContinuousWithinContinuous7.xml
----------------- Instantiating /home/travis/build/icyphy/ptII/ptolemy/domains/continuous/test/auto/ContinuousWithinContinuous7.xml
55 ms. Memory: 270336K Free: 134647K (50%)
----------------- Invoking toplevel() on ptolemy.moml.MoMLSimpleApplication@765e72cf
----------------- Done invoking toplevel() on ptolemy.moml.MoMLSimpleApplication@765e72cf
reloadAllAccessors: .ContinuousWithinContinuous7

===========================================================================================
----------------- testing Wed May 13 14:15:53 UTC 2020 /home/travis/build/icyphy/ptII/ptolemy/domains/continuous/test/auto/DCMotor.xml
----------------- Instantiating /home/travis/build/icyphy/ptII/ptolemy/domains/continuous/test/auto/DCMotor.xml
15578 ms. Memory: 270336K Free: 226781K (84%)
----------------- Invoking toplevel() on ptolemy.moml.MoMLSimpleApplication@62732b25
----------------- Done invoking toplevel() on ptolemy.moml.MoMLSimpleApplication@62732b25
reloadAllAccessors: .DCMotor

===========================================================================================
----------------- testing Wed May 13 14:16:09 UTC 2020 /home/travis/build/icyphy/ptII/ptolemy/domains/continuous/test/auto/DEInContinuous.xml
----------------- Instantiating /home/travis/build/icyphy/ptII/ptolemy/domains/continuous/test/auto/DEInContinuous.xml
6 ms. Memory: 270336K Free: 220637K (82%)
----------------- Invoking toplevel() on ptolemy.moml.MoMLSimpleApplication@13a86509
----------------- Done invoking toplevel() on ptolemy.moml.MoMLSimpleApplication@13a86509
reloadAllAccessors: .DEInContinuous

===========================================================================================
----------------- testing Wed May 13 14:16:09 UTC 2020 /home/travis/build/icyphy/ptII/ptolemy/domains/continuous/test/auto/DEinContinuous2.xml
----------------- Instantiating /home/travis/build/icyphy/ptII/ptolemy/domains/continuous/test/auto/DEinContinuous2.xml
5 ms. Memory: 270336K Free: 212959K (79%)
----------------- Invoking toplevel() on ptolemy.moml.MoMLSimpleApplication@72551bbd
----------------- Done invoking toplevel() on ptolemy.moml.MoMLSimpleApplication@72551bbd
reloadAllAccessors: .DEinContinuous2

===========================================================================================
----------------- testing Wed May 13 14:16:09 UTC 2020 /home/travis/build/icyphy/ptII/ptolemy/domains/continuous/test/auto/Derivative.xml
----------------- Instantiating /home/travis/build/icyphy/ptII/ptolemy/domains/continuous/test/auto/Derivative.xml
108 ms. Memory: 270336K Free: 182749K (68%)
----------------- Invoking toplevel() on ptolemy.moml.MoMLSimpleApplication@79936e74
----------------- Done invoking toplevel() on ptolemy.moml.MoMLSimpleApplication@79936e74
reloadAllAccessors: .Derivative2

===========================================================================================
----------------- testing Wed May 13 14:16:09 UTC 2020 /home/travis/build/icyphy/ptII/ptolemy/domains/continuous/test/auto/Derivative1.xml
----------------- Instantiating /home/travis/build/icyphy/ptII/ptolemy/domains/continuous/test/auto/Derivative1.xml
16 ms. Memory: 270336K Free: 168413K (62%)
----------------- Invoking toplevel() on ptolemy.moml.MoMLSimpleApplication@3ca2d69d
----------------- Done invoking toplevel() on ptolemy.moml.MoMLSimpleApplication@3ca2d69d
reloadAllAccessors: .Derivative1

===========================================================================================
----------------- testing Wed May 13 14:16:09 UTC 2020 /home/travis/build/icyphy/ptII/ptolemy/domains/continuous/test/auto/DiscreteClock.xml
----------------- Instantiating /home/travis/build/icyphy/ptII/ptolemy/domains/continuous/test/auto/DiscreteClock.xml
4 ms. Memory: 270336K Free: 163293K (60%)
----------------- Invoking toplevel() on ptolemy.moml.MoMLSimpleApplication@ba77c92
----------------- Done invoking toplevel() on ptolemy.moml.MoMLSimpleApplication@ba77c92
reloadAllAccessors: .DiscreteClock

===========================================================================================
----------------- testing Wed May 13 14:16:09 UTC 2020 /home/travis/build/icyphy/ptII/ptolemy/domains/continuous/test/auto/EfficiencyCurve.xml
----------------- Instantiating /home/travis/build/icyphy/ptII/ptolemy/domains/continuous/test/auto/EfficiencyCurve.xml
45 ms. Memory: 270336K Free: 154077K (57%)
----------------- Invoking toplevel() on ptolemy.moml.MoMLSimpleApplication@3b118586
----------------- Done invoking toplevel() on ptolemy.moml.MoMLSimpleApplication@3b118586
reloadAllAccessors: .EfficiencyCurve

===========================================================================================
----------------- testing Wed May 13 14:16:09 UTC 2020 /home/travis/build/icyphy/ptII/ptolemy/domains/continuous/test/auto/ExponentialResponse.xml
----------------- Instantiating /home/travis/build/icyphy/ptII/ptolemy/domains/continuous/test/auto/ExponentialResponse.xml
81 ms. Memory: 270336K Free: 138717K (51%)
----------------- Invoking toplevel() on ptolemy.moml.MoMLSimpleApplication@52b7788d
----------------- Done invoking toplevel() on ptolemy.moml.MoMLSimpleApplication@52b7788d
reloadAllAccessors: .ExponentialResponse

===========================================================================================
----------------- testing Wed May 13 14:16:09 UTC 2020 /home/travis/build/icyphy/ptII/ptolemy/domains/continuous/test/auto/ExponentialResponseRK45.xml
----------------- Instantiating /home/travis/build/icyphy/ptII/ptolemy/domains/continuous/test/auto/ExponentialResponseRK45.xml
19 ms. Memory: 270336K Free: 132063K (49%)
----------------- Invoking toplevel() on ptolemy.moml.MoMLSimpleApplication@727c20ef
----------------- Done invoking toplevel() on ptolemy.moml.MoMLSimpleApplication@727c20ef
reloadAllAccessors: .ExponentialResponseRK45

===========================================================================================
----------------- testing Wed May 13 14:16:09 UTC 2020 /home/travis/build/icyphy/ptII/ptolemy/domains/continuous/test/auto/Friction.xml
----------------- Instantiating /home/travis/build/icyphy/ptII/ptolemy/domains/continuous/test/auto/Friction.xml
1357 ms. Memory: 270336K Free: 189321K (70%)
----------------- Invoking toplevel() on ptolemy.moml.MoMLSimpleApplication@2fb05d52
----------------- Done invoking toplevel() on ptolemy.moml.MoMLSimpleApplication@2fb05d52
reloadAllAccessors: .Friction

===========================================================================================
----------------- testing Wed May 13 14:16:11 UTC 2020 /home/travis/build/icyphy/ptII/ptolemy/domains/continuous/test/auto/FurutaPendulum.xml
----------------- Instantiating /home/travis/build/icyphy/ptII/ptolemy/domains/continuous/test/auto/FurutaPendulum.xml
2971 ms. Memory: 270336K Free: 170337K (63%)
----------------- Invoking toplevel() on ptolemy.moml.MoMLSimpleApplication@2947f060
----------------- Done invoking toplevel() on ptolemy.moml.MoMLSimpleApplication@2947f060
reloadAllAccessors: .FurutaPendulum

===========================================================================================
----------------- testing Wed May 13 14:16:14 UTC 2020 /home/travis/build/icyphy/ptII/ptolemy/domains/continuous/test/auto/HierarchicalExecution.xml
----------------- Instantiating /home/travis/build/icyphy/ptII/ptolemy/domains/continuous/test/auto/HierarchicalExecution.xml
1718 ms. Memory: 270336K Free: 187866K (69%)
----------------- Invoking toplevel() on ptolemy.moml.MoMLSimpleApplication@11b2cc22
----------------- Done invoking toplevel() on ptolemy.moml.MoMLSimpleApplication@11b2cc22
reloadAllAccessors: .HierarchicalExecution

===========================================================================================
----------------- testing Wed May 13 14:16:16 UTC 2020 /home/travis/build/icyphy/ptII/ptolemy/domains/continuous/test/auto/HybridPlant.xml
----------------- Instantiating /home/travis/build/icyphy/ptII/ptolemy/domains/continuous/test/auto/HybridPlant.xml
490 ms. Memory: 270336K Free: 243671K (90%)
----------------- Invoking toplevel() on ptolemy.moml.MoMLSimpleApplication@16b0478c
----------------- Done invoking toplevel() on ptolemy.moml.MoMLSimpleApplication@16b0478c
reloadAllAccessors: .HybridPlant

===========================================================================================
----------------- testing Wed May 13 14:16:17 UTC 2020 /home/travis/build/icyphy/ptII/ptolemy/domains/continuous/test/auto/Hysteresis.xml
----------------- Instantiating /home/travis/build/icyphy/ptII/ptolemy/domains/continuous/test/auto/Hysteresis.xml
171 ms. Memory: 270336K Free: 180686K (67%)
----------------- Invoking toplevel() on ptolemy.moml.MoMLSimpleApplication@428fb966
----------------- Done invoking toplevel() on ptolemy.moml.MoMLSimpleApplication@428fb966
reloadAllAccessors: .Hysteresis

===========================================================================================
----------------- testing Wed May 13 14:16:17 UTC 2020 /home/travis/build/icyphy/ptII/ptolemy/domains/continuous/test/auto/HysteresisWithRandomDelay.xml
----------------- Instantiating /home/travis/build/icyphy/ptII/ptolemy/domains/continuous/test/auto/HysteresisWithRandomDelay.xml
173 ms. Memory: 270336K Free: 108503K (40%)
----------------- Invoking toplevel() on ptolemy.moml.MoMLSimpleApplication@69092be6
----------------- Done invoking toplevel() on ptolemy.moml.MoMLSimpleApplication@69092be6
reloadAllAccessors: .HysteresisWithRandomDelay

===========================================================================================
----------------- testing Wed May 13 14:16:17 UTC 2020 /home/travis/build/icyphy/ptII/ptolemy/domains/continuous/test/auto/HysteresisWithRandomLosses.xml
----------------- Instantiating /home/travis/build/icyphy/ptII/ptolemy/domains/continuous/test/auto/HysteresisWithRandomLosses.xml
2454 ms. Memory: 270336K Free: 157333K (58%)
----------------- Invoking toplevel() on ptolemy.moml.MoMLSimpleApplication@3cee7bc2
----------------- Done invoking toplevel() on ptolemy.moml.MoMLSimpleApplication@3cee7bc2
reloadAllAccessors: .HysteresisWithRandomLosses

===========================================================================================
----------------- testing Wed May 13 14:16:19 UTC 2020 /home/travis/build/icyphy/ptII/ptolemy/domains/continuous/test/auto/ImmediateTransitions.xml
----------------- Instantiating /home/travis/build/icyphy/ptII/ptolemy/domains/continuous/test/auto/ImmediateTransitions.xml
12 ms. Memory: 270336K Free: 146564K (54%)
----------------- Invoking toplevel() on ptolemy.moml.MoMLSimpleApplication@73cf073
----------------- Done invoking toplevel() on ptolemy.moml.MoMLSimpleApplication@73cf073
reloadAllAccessors: .ImmediateTransitions

===========================================================================================
----------------- testing Wed May 13 14:16:20 UTC 2020 /home/travis/build/icyphy/ptII/ptolemy/domains/continuous/test/auto/ImpulseFeedback.xml
----------------- Instantiating /home/travis/build/icyphy/ptII/ptolemy/domains/continuous/test/auto/ImpulseFeedback.xml
7 ms. Memory: 270336K Free: 140949K (52%)
----------------- Invoking toplevel() on ptolemy.moml.MoMLSimpleApplication@21cb738c
----------------- Done invoking toplevel() on ptolemy.moml.MoMLSimpleApplication@21cb738c
reloadAllAccessors: .ImpulseFeedback

===========================================================================================
----------------- testing Wed May 13 14:16:20 UTC 2020 /home/travis/build/icyphy/ptII/ptolemy/domains/continuous/test/auto/ImpulseFeedback2.xml
----------------- Instantiating /home/travis/build/icyphy/ptII/ptolemy/domains/continuous/test/auto/ImpulseFeedback2.xml
5 ms. Memory: 270336K Free: 135315K (50%)
----------------- Invoking toplevel() on ptolemy.moml.MoMLSimpleApplication@7b198e8c
----------------- Done invoking toplevel() on ptolemy.moml.MoMLSimpleApplication@7b198e8c
reloadAllAccessors: .ImpulseFeedback2

===========================================================================================
----------------- testing Wed May 13 14:16:20 UTC 2020 /home/travis/build/icyphy/ptII/ptolemy/domains/continuous/test/auto/IncreasingRatePoisson.xml
----------------- Instantiating /home/travis/build/icyphy/ptII/ptolemy/domains/continuous/test/auto/IncreasingRatePoisson.xml
692 ms. Memory: 270336K Free: 144073K (53%)
----------------- Invoking toplevel() on ptolemy.moml.MoMLSimpleApplication@77c4c72e
----------------- Done invoking toplevel() on ptolemy.moml.MoMLSimpleApplication@77c4c72e
reloadAllAccessors: .IncreasingRatePoisson

===========================================================================================
----------------- testing Wed May 13 14:16:20 UTC 2020 /home/travis/build/icyphy/ptII/ptolemy/domains/continuous/test/auto/InitialStateFeedback.xml
----------------- Instantiating /home/travis/build/icyphy/ptII/ptolemy/domains/continuous/test/auto/InitialStateFeedback.xml
4 ms. Memory: 270336K Free: 139481K (52%)
----------------- Invoking toplevel() on ptolemy.moml.MoMLSimpleApplication@34765256
----------------- Done invoking toplevel() on ptolemy.moml.MoMLSimpleApplication@34765256
reloadAllAccessors: .InitialStateFeedback

===========================================================================================
----------------- testing Wed May 13 14:16:20 UTC 2020 /home/travis/build/icyphy/ptII/ptolemy/domains/continuous/test/auto/Integration.xml
----------------- Instantiating /home/travis/build/icyphy/ptII/ptolemy/domains/continuous/test/auto/Integration.xml
1 ms. Memory: 270336K Free: 135385K (50%)
----------------- Invoking toplevel() on ptolemy.moml.MoMLSimpleApplication@2efc67a5
----------------- Done invoking toplevel() on ptolemy.moml.MoMLSimpleApplication@2efc67a5
reloadAllAccessors: .Integration

===========================================================================================
----------------- testing Wed May 13 14:16:20 UTC 2020 /home/travis/build/icyphy/ptII/ptolemy/domains/continuous/test/auto/Integration2.xml
----------------- Instantiating /home/travis/build/icyphy/ptII/ptolemy/domains/continuous/test/auto/Integration2.xml
68 ms. Memory: 270336K Free: 121559K (45%)
----------------- Invoking toplevel() on ptolemy.moml.MoMLSimpleApplication@20f899cd
----------------- Done invoking toplevel() on ptolemy.moml.MoMLSimpleApplication@20f899cd
reloadAllAccessors: .Integration2

===========================================================================================
----------------- testing Wed May 13 14:16:20 UTC 2020 /home/travis/build/icyphy/ptII/ptolemy/domains/continuous/test/auto/Integration3.xml
----------------- Instantiating /home/travis/build/icyphy/ptII/ptolemy/domains/continuous/test/auto/Integration3.xml
2 ms. Memory: 270336K Free: 116953K (43%)
----------------- Invoking toplevel() on ptolemy.moml.MoMLSimpleApplication@4b3685a
----------------- Done invoking toplevel() on ptolemy.moml.MoMLSimpleApplication@4b3685a
reloadAllAccessors: .Integration3

===========================================================================================
----------------- testing Wed May 13 14:16:20 UTC 2020 /home/travis/build/icyphy/ptII/ptolemy/domains/continuous/test/auto/Integration5.xml
----------------- Instantiating /home/travis/build/icyphy/ptII/ptolemy/domains/continuous/test/auto/Integration5.xml
3 ms. Memory: 270336K Free: 112857K (42%)
----------------- Invoking toplevel() on ptolemy.moml.MoMLSimpleApplication@35472ffb
----------------- Done invoking toplevel() on ptolemy.moml.MoMLSimpleApplication@35472ffb
reloadAllAccessors: .Integration5

===========================================================================================
----------------- testing Wed May 13 14:16:20 UTC 2020 /home/travis/build/icyphy/ptII/ptolemy/domains/continuous/test/auto/IntegratorImpulse.xml
----------------- Instantiating /home/travis/build/icyphy/ptII/ptolemy/domains/continuous/test/auto/IntegratorImpulse.xml
2 ms. Memory: 270336K Free: 108761K (40%)
----------------- Invoking toplevel() on ptolemy.moml.MoMLSimpleApplication@61c8a42b
----------------- Done invoking toplevel() on ptolemy.moml.MoMLSimpleApplication@61c8a42b
reloadAllAccessors: .IntegratorImpulse

===========================================================================================
----------------- testing Wed May 13 14:16:20 UTC 2020 /home/travis/build/icyphy/ptII/ptolemy/domains/continuous/test/auto/IntegratorImpulse2.xml
----------------- Instantiating /home/travis/build/icyphy/ptII/ptolemy/domains/continuous/test/auto/IntegratorImpulse2.xml
3 ms. Memory: 270336K Free: 104121K (39%)
----------------- Invoking toplevel() on ptolemy.moml.MoMLSimpleApplication@62151832
----------------- Done invoking toplevel() on ptolemy.moml.MoMLSimpleApplication@62151832
reloadAllAccessors: .IntegratorImpulse2

===========================================================================================
----------------- testing Wed May 13 14:16:20 UTC 2020 /home/travis/build/icyphy/ptII/ptolemy/domains/continuous/test/auto/LevelCrossing1.xml
----------------- Instantiating /home/travis/build/icyphy/ptII/ptolemy/domains/continuous/test/auto/LevelCrossing1.xml
2 ms. Memory: 270336K Free: 99025K (37%)
----------------- Invoking toplevel() on ptolemy.moml.MoMLSimpleApplication@3cd92d60
----------------- Done invoking toplevel() on ptolemy.moml.MoMLSimpleApplication@3cd92d60
reloadAllAccessors: .LevelCrossing1

===========================================================================================
----------------- testing Wed May 13 14:16:20 UTC 2020 /home/travis/build/icyphy/ptII/ptolemy/domains/continuous/test/auto/LevelCrossing2.xml
----------------- Instantiating /home/travis/build/icyphy/ptII/ptolemy/domains/continuous/test/auto/LevelCrossing2.xml
3 ms. Memory: 270336K Free: 93911K (35%)
----------------- Invoking toplevel() on ptolemy.moml.MoMLSimpleApplication@6c6e15f2
----------------- Done invoking toplevel() on ptolemy.moml.MoMLSimpleApplication@6c6e15f2
reloadAllAccessors: .LevelCrossing2

===========================================================================================
----------------- testing Wed May 13 14:16:20 UTC 2020 /home/travis/build/icyphy/ptII/ptolemy/domains/continuous/test/auto/LevelCrossing3.xml
----------------- Instantiating /home/travis/build/icyphy/ptII/ptolemy/domains/continuous/test/auto/LevelCrossing3.xml
3 ms. Memory: 270336K Free: 249773K (92%)
----------------- Invoking toplevel() on ptolemy.moml.MoMLSimpleApplication@1ba34306
----------------- Done invoking toplevel() on ptolemy.moml.MoMLSimpleApplication@1ba34306
reloadAllAccessors: .LevelCrossing3

===========================================================================================
----------------- testing Wed May 13 14:16:21 UTC 2020 /home/travis/build/icyphy/ptII/ptolemy/domains/continuous/test/auto/LevelCrossing4.xml
----------------- Instantiating /home/travis/build/icyphy/ptII/ptolemy/domains/continuous/test/auto/LevelCrossing4.xml
3 ms. Memory: 270336K Free: 244639K (90%)
----------------- Invoking toplevel() on ptolemy.moml.MoMLSimpleApplication@60d59fd9
----------------- Done invoking toplevel() on ptolemy.moml.MoMLSimpleApplication@60d59fd9
reloadAllAccessors: .LevelCrossing4

===========================================================================================
----------------- testing Wed May 13 14:16:21 UTC 2020 /home/travis/build/icyphy/ptII/ptolemy/domains/continuous/test/auto/LevelCrossing5.xml
----------------- Instantiating /home/travis/build/icyphy/ptII/ptolemy/domains/continuous/test/auto/LevelCrossing5.xml
3 ms. Memory: 270336K Free: 239533K (89%)
----------------- Invoking toplevel() on ptolemy.moml.MoMLSimpleApplication@db740e
----------------- Done invoking toplevel() on ptolemy.moml.MoMLSimpleApplication@db740e
reloadAllAccessors: .LevelCrossing5

===========================================================================================
[...]
----------------- testing Wed May 13 14:16:36 UTC 2020 /home/travis/build/icyphy/ptII/ptolemy/domains/continuous/test/auto/SRinContinuous.xml
----------------- Instantiating /home/travis/build/icyphy/ptII/ptolemy/domains/continuous/test/auto/SRinContinuous.xml
6 ms. Memory: 270336K Free: 162857K (60%)
----------------- Invoking toplevel() on ptolemy.moml.MoMLSimpleApplication@5044de29
----------------- Done invoking toplevel() on ptolemy.moml.MoMLSimpleApplication@5044de29
reloadAllAccessors: .SRinContinuous

===========================================================================================
----------------- testing Wed May 13 14:16:36 UTC 2020 /home/travis/build/icyphy/ptII/ptolemy/domains/continuous/test/auto/SampledClocks.xml
----------------- Instantiating /home/travis/build/icyphy/ptII/ptolemy/domains/continuous/test/auto/SampledClocks.xml
6 ms. Memory: 270336K Free: 150059K (56%)
----------------- Invoking toplevel() on ptolemy.moml.MoMLSimpleApplication@f6fe0b4
----------------- Done invoking toplevel() on ptolemy.moml.MoMLSimpleApplication@f6fe0b4
reloadAllAccessors: .SampledClocks

===========================================================================================
----------------- testing Wed May 13 14:16:36 UTC 2020 /home/travis/build/icyphy/ptII/ptolemy/domains/continuous/test/auto/Satellite.xml
----------------- Instantiating /home/travis/build/icyphy/ptII/ptolemy/domains/continuous/test/auto/Satellite.xml
658 ms. Memory: 270336K Free: 121976K (45%)
----------------- Invoking toplevel() on ptolemy.moml.MoMLSimpleApplication@42e3889d
----------------- Done invoking toplevel() on ptolemy.moml.MoMLSimpleApplication@42e3889d
reloadAllAccessors: .Satellite

===========================================================================================
----------------- testing Wed May 13 14:16:37 UTC 2020 /home/travis/build/icyphy/ptII/ptolemy/domains/continuous/test/auto/SigmaDelta.xml
----------------- Instantiating /home/travis/build/icyphy/ptII/ptolemy/domains/continuous/test/auto/SigmaDelta.xml
2031 ms. Memory: 270336K Free: 176026K (65%)
----------------- Invoking toplevel() on ptolemy.moml.MoMLSimpleApplication@5500dde8
----------------- Done invoking toplevel() on ptolemy.moml.MoMLSimpleApplication@5500dde8
reloadAllAccessors: .SigmaDelta

===========================================================================================
----------------- testing Wed May 13 14:16:39 UTC 2020 /home/travis/build/icyphy/ptII/ptolemy/domains/continuous/test/auto/SingleRefinement.xml
----------------- Instantiating /home/travis/build/icyphy/ptII/ptolemy/domains/continuous/test/auto/SingleRefinement.xml
310 ms. Memory: 324608K Free: 208636K (64%)
----------------- Invoking toplevel() on ptolemy.moml.MoMLSimpleApplication@41b1d10f
----------------- Done invoking toplevel() on ptolemy.moml.MoMLSimpleApplication@41b1d10f
reloadAllAccessors: .SingleRefinement

===========================================================================================
----------------- testing Wed May 13 14:16:39 UTC 2020 /home/travis/build/icyphy/ptII/ptolemy/domains/continuous/test/auto/SinuBouncingBall.xml
----------------- Instantiating /home/travis/build/icyphy/ptII/ptolemy/domains/continuous/test/auto/SinuBouncingBall.xml
732 ms. Memory: 324608K Free: 189456K (58%)
----------------- Invoking toplevel() on ptolemy.moml.MoMLSimpleApplication@1bb798c9
----------------- Done invoking toplevel() on ptolemy.moml.MoMLSimpleApplication@1bb798c9
reloadAllAccessors: .SinuBouncingBall

===========================================================================================
----------------- testing Wed May 13 14:16:40 UTC 2020 /home/travis/build/icyphy/ptII/ptolemy/domains/continuous/test/auto/Sinusoid.xml
----------------- Instantiating /home/travis/build/icyphy/ptII/ptolemy/domains/continuous/test/auto/Sinusoid.xml
5 ms. Memory: 324608K Free: 184856K (57%)
----------------- Invoking toplevel() on ptolemy.moml.MoMLSimpleApplication@2791a5b8
----------------- Done invoking toplevel() on ptolemy.moml.MoMLSimpleApplication@2791a5b8
reloadAllAccessors: .Sinusoid

===========================================================================================
----------------- testing Wed May 13 14:16:40 UTC 2020 /home/travis/build/icyphy/ptII/ptolemy/domains/continuous/test/auto/SinusoidInNoise.xml
----------------- Instantiating /home/travis/build/icyphy/ptII/ptolemy/domains/continuous/test/auto/SinusoidInNoise.xml
812 ms. Memory: 324608K Free: 243456K (75%)
----------------- Invoking toplevel() on ptolemy.moml.MoMLSimpleApplication@6d89ffc2
----------------- Done invoking toplevel() on ptolemy.moml.MoMLSimpleApplication@6d89ffc2
reloadAllAccessors: .SinusoidInNoise

===========================================================================================
----------------- testing Wed May 13 14:16:41 UTC 2020 /home/travis/build/icyphy/ptII/ptolemy/domains/continuous/test/auto/SinusoidRK45.xml
----------------- Instantiating /home/travis/build/icyphy/ptII/ptolemy/domains/continuous/test/auto/SinusoidRK45.xml
2 ms. Memory: 324608K Free: 238850K (74%)
----------------- Invoking toplevel() on ptolemy.moml.MoMLSimpleApplication@50c54cf4
----------------- Done invoking toplevel() on ptolemy.moml.MoMLSimpleApplication@50c54cf4
reloadAllAccessors: .SinusoidRK45

===========================================================================================
----------------- testing Wed May 13 14:16:41 UTC 2020 /home/travis/build/icyphy/ptII/ptolemy/domains/continuous/test/auto/SinusoidWithMultipleImpulses.xml
----------------- Instantiating /home/travis/build/icyphy/ptII/ptolemy/domains/continuous/test/auto/SinusoidWithMultipleImpulses.xml
3 ms. Memory: 324608K Free: 234240K (72%)
----------------- Invoking toplevel() on ptolemy.moml.MoMLSimpleApplication@5ba408d8
----------------- Done invoking toplevel() on ptolemy.moml.MoMLSimpleApplication@5ba408d8
reloadAllAccessors: .SinusoidWithMultipleImpulses

===========================================================================================
----------------- testing Wed May 13 14:16:41 UTC 2020 /home/travis/build/icyphy/ptII/ptolemy/domains/continuous/test/auto/SquareWave.xml
----------------- Instantiating /home/travis/build/icyphy/ptII/ptolemy/domains/continuous/test/auto/SquareWave.xml
153 ms. Memory: 324608K Free: 207106K (64%)
----------------- Invoking toplevel() on ptolemy.moml.MoMLSimpleApplication@7476bd52
----------------- Done invoking toplevel() on ptolemy.moml.MoMLSimpleApplication@7476bd52
reloadAllAccessors: .SquareWave

===========================================================================================
----------------- testing Wed May 13 14:16:41 UTC 2020 /home/travis/build/icyphy/ptII/ptolemy/domains/continuous/test/auto/Starmac.xml
----------------- Instantiating /home/travis/build/icyphy/ptII/ptolemy/domains/continuous/test/auto/Starmac.xml
3053 ms. Memory: 324608K Free: 279269K (86%)
----------------- Invoking toplevel() on ptolemy.moml.MoMLSimpleApplication@4befc211
----------------- Done invoking toplevel() on ptolemy.moml.MoMLSimpleApplication@4befc211
reloadAllAccessors: .Starmac

===========================================================================================
----------------- testing Wed May 13 14:16:44 UTC 2020 /home/travis/build/icyphy/ptII/ptolemy/domains/continuous/test/auto/StaticUnits.xml
----------------- Instantiating /home/travis/build/icyphy/ptII/ptolemy/domains/continuous/test/auto/StaticUnits.xml
1746 ms. Memory: 324608K Free: 208548K (64%)
----------------- Invoking toplevel() on ptolemy.moml.MoMLSimpleApplication@4c1adf70
----------------- Done invoking toplevel() on ptolemy.moml.MoMLSimpleApplication@4c1adf70
reloadAllAccessors: .StaticUnits

===========================================================================================
----------------- testing Wed May 13 14:16:47 UTC 2020 /home/travis/build/icyphy/ptII/ptolemy/domains/continuous/test/auto/StickyMasses.xml
----------------- Instantiating /home/travis/build/icyphy/ptII/ptolemy/domains/continuous/test/auto/StickyMasses.xml
124 ms. Memory: 324608K Free: 159396K (49%)
----------------- Invoking toplevel() on ptolemy.moml.MoMLSimpleApplication@5243e303
----------------- Done invoking toplevel() on ptolemy.moml.MoMLSimpleApplication@5243e303
reloadAllAccessors: .StickyMasses

===========================================================================================
----------------- testing Wed May 13 14:16:47 UTC 2020 /home/travis/build/icyphy/ptII/ptolemy/domains/continuous/test/auto/StopTime.xml
----------------- Instantiating /home/travis/build/icyphy/ptII/ptolemy/domains/continuous/test/auto/StopTime.xml
35 ms. Memory: 324608K Free: 134310K (41%)
----------------- Invoking toplevel() on ptolemy.moml.MoMLSimpleApplication@75c1dcca
----------------- Done invoking toplevel() on ptolemy.moml.MoMLSimpleApplication@75c1dcca
reloadAllAccessors: .StopTime

===========================================================================================
----------------- testing Wed May 13 14:16:47 UTC 2020 /home/travis/build/icyphy/ptII/ptolemy/domains/continuous/test/auto/StopTime2.xml
----------------- Instantiating /home/travis/build/icyphy/ptII/ptolemy/domains/continuous/test/auto/StopTime2.xml
44 ms. Memory: 324608K Free: 302351K (93%)
----------------- Invoking toplevel() on ptolemy.moml.MoMLSimpleApplication@4cf095a8
----------------- Done invoking toplevel() on ptolemy.moml.MoMLSimpleApplication@4cf095a8
reloadAllAccessors: .StopTime2

===========================================================================================
----------------- testing Wed May 13 14:16:47 UTC 2020 /home/travis/build/icyphy/ptII/ptolemy/domains/continuous/test/auto/Switch.xml
----------------- Instantiating /home/travis/build/icyphy/ptII/ptolemy/domains/continuous/test/auto/Switch.xml
36 ms. Memory: 324608K Free: 277158K (85%)
----------------- Invoking toplevel() on ptolemy.moml.MoMLSimpleApplication@515bc361
----------------- Done invoking toplevel() on ptolemy.moml.MoMLSimpleApplication@515bc361
reloadAllAccessors: .Switch

===========================================================================================
----------------- testing Wed May 13 14:16:47 UTC 2020 /home/travis/build/icyphy/ptII/ptolemy/domains/continuous/test/auto/Thermostat.xml
----------------- Instantiating /home/travis/build/icyphy/ptII/ptolemy/domains/continuous/test/auto/Thermostat.xml
174 ms. Memory: 324608K Free: 204949K (63%)
----------------- Invoking toplevel() on ptolemy.moml.MoMLSimpleApplication@416d03e3
----------------- Done invoking toplevel() on ptolemy.moml.MoMLSimpleApplication@416d03e3
reloadAllAccessors: .Thermostat

===========================================================================================
----------------- testing Wed May 13 14:16:47 UTC 2020 /home/travis/build/icyphy/ptII/ptolemy/domains/continuous/test/auto/TimeDelay.xml
----------------- Instantiating /home/travis/build/icyphy/ptII/ptolemy/domains/continuous/test/auto/TimeDelay.xml
5 ms. Memory: 324608K Free: 200358K (62%)
----------------- Invoking toplevel() on ptolemy.moml.MoMLSimpleApplication@7e31062a
----------------- Done invoking toplevel() on ptolemy.moml.MoMLSimpleApplication@7e31062a
reloadAllAccessors: .TimeDelay

===========================================================================================
----------------- testing Wed May 13 14:16:47 UTC 2020 /home/travis/build/icyphy/ptII/ptolemy/domains/continuous/test/auto/TimeDelay2.xml
----------------- Instantiating /home/travis/build/icyphy/ptII/ptolemy/domains/continuous/test/auto/TimeDelay2.xml
7 ms. Memory: 324608K Free: 190628K (59%)
----------------- Invoking toplevel() on ptolemy.moml.MoMLSimpleApplication@b0c1215
----------------- Done invoking toplevel() on ptolemy.moml.MoMLSimpleApplication@b0c1215
reloadAllAccessors: .TimeDelay2

===========================================================================================
----------------- testing Wed May 13 14:16:47 UTC 2020 /home/travis/build/icyphy/ptII/ptolemy/domains/continuous/test/auto/TimeDelay3.xml
----------------- Instantiating /home/travis/build/icyphy/ptII/ptolemy/domains/continuous/test/auto/TimeDelay3.xml
4 ms. Memory: 324608K Free: 186020K (57%)
----------------- Invoking toplevel() on ptolemy.moml.MoMLSimpleApplication@24e07f09
----------------- Done invoking toplevel() on ptolemy.moml.MoMLSimpleApplication@24e07f09
reloadAllAccessors: .TimeDelay3

===========================================================================================
----------------- testing Wed May 13 14:16:47 UTC 2020 /home/travis/build/icyphy/ptII/ptolemy/domains/continuous/test/auto/TransferAbsentToInside.xml
----------------- Instantiating /home/travis/build/icyphy/ptII/ptolemy/domains/continuous/test/auto/TransferAbsentToInside.xml
27 ms. Memory: 324608K Free: 133269K (41%)
----------------- Invoking toplevel() on ptolemy.moml.MoMLSimpleApplication@773a7bfb
----------------- Done invoking toplevel() on ptolemy.moml.MoMLSimpleApplication@773a7bfb
reloadAllAccessors: .TransferAbsentToInside

===========================================================================================
----------------- testing Wed May 13 14:16:47 UTC 2020 /home/travis/build/icyphy/ptII/ptolemy/domains/continuous/test/auto/Transmission.xml
----------------- Instantiating /home/travis/build/icyphy/ptII/ptolemy/domains/continuous/test/auto/Transmission.xml
789 ms. Memory: 324608K Free: 279682K (86%)
----------------- Invoking toplevel() on ptolemy.moml.MoMLSimpleApplication@6f8f4d50
----------------- Done invoking toplevel() on ptolemy.moml.MoMLSimpleApplication@6f8f4d50
reloadAllAccessors: .Transmission

===========================================================================================
----------------- testing Wed May 13 14:16:48 UTC 2020 /home/travis/build/icyphy/ptII/ptolemy/domains/continuous/test/auto/TriggeredContinuousClock.xml
----------------- Instantiating /home/travis/build/icyphy/ptII/ptolemy/domains/continuous/test/auto/TriggeredContinuousClock.xml
33 ms. Memory: 324608K Free: 250003K (77%)
----------------- Invoking toplevel() on ptolemy.moml.MoMLSimpleApplication@12905567
----------------- Done invoking toplevel() on ptolemy.moml.MoMLSimpleApplication@12905567
reloadAllAccessors: .TriggeredContinuousClock

===========================================================================================
----------------- testing Wed May 13 14:16:48 UTC 2020 /home/travis/build/icyphy/ptII/ptolemy/domains/continuous/test/auto/TwoMachineInfiniteBusControl.xml
----------------- Instantiating /home/travis/build/icyphy/ptII/ptolemy/domains/continuous/test/auto/TwoMachineInfiniteBusControl.xml
2347 ms. Memory: 324608K Free: 237139K (73%)
----------------- Invoking toplevel() on ptolemy.moml.MoMLSimpleApplication@147844f3
----------------- Done invoking toplevel() on ptolemy.moml.MoMLSimpleApplication@147844f3
reloadAllAccessors: .TwoMachineInfiniteBusControl

===========================================================================================
----------------- testing Wed May 13 14:16:51 UTC 2020 /home/travis/build/icyphy/ptII/ptolemy/domains/continuous/test/auto/V2V.xml
----------------- Instantiating /home/travis/build/icyphy/ptII/ptolemy/domains/continuous/test/auto/V2V.xml
671 ms. Memory: 324608K Free: 237661K (73%)
----------------- Invoking toplevel() on ptolemy.moml.MoMLSimpleApplication@3f6771a0
----------------- Done invoking toplevel() on ptolemy.moml.MoMLSimpleApplication@3f6771a0
reloadAllAccessors: .V2V

===========================================================================================
----------------- testing Wed May 13 14:16:52 UTC 2020 /home/travis/build/icyphy/ptII/ptolemy/domains/continuous/test/auto/hierarchicalModalModel.xml
----------------- Instantiating /home/travis/build/icyphy/ptII/ptolemy/domains/continuous/test/auto/hierarchicalModalModel.xml
8 ms. Memory: 324608K Free: 222815K (69%)
----------------- Invoking toplevel() on ptolemy.moml.MoMLSimpleApplication@2faf70b0
----------------- Done invoking toplevel() on ptolemy.moml.MoMLSimpleApplication@2faf70b0
reloadAllAccessors: .hierarchicalModalModel

===========================================================================================
----------------- testing Wed May 13 14:16:52 UTC 2020 /home/travis/build/icyphy/ptII/ptolemy/domains/continuous/test/auto/hierarchicalModalModel1.xml
----------------- Instantiating /home/travis/build/icyphy/ptII/ptolemy/domains/continuous/test/auto/hierarchicalModalModel1.xml
8 ms. Memory: 324608K Free: 208479K (64%)
----------------- Invoking toplevel() on ptolemy.moml.MoMLSimpleApplication@480a231a
----------------- Done invoking toplevel() on ptolemy.moml.MoMLSimpleApplication@480a231a
reloadAllAccessors: .hierarchicalModalModel1

===========================================================================================
----------------- testing Wed May 13 14:16:52 UTC 2020 /home/travis/build/icyphy/ptII/ptolemy/domains/continuous/test/auto/hierarchicalModalModel2.xml
----------------- Instantiating /home/travis/build/icyphy/ptII/ptolemy/domains/continuous/test/auto/hierarchicalModalModel2.xml
6 ms. Memory: 324608K Free: 196191K (60%)
----------------- Invoking toplevel() on ptolemy.moml.MoMLSimpleApplication@23488af4
----------------- Done invoking toplevel() on ptolemy.moml.MoMLSimpleApplication@23488af4
reloadAllAccessors: .hierarchicalModalModel2

===========================================================================================
----------------- testing Wed May 13 14:16:52 UTC 2020 /home/travis/build/icyphy/ptII/ptolemy/domains/continuous/test/auto/hierarchicalModalModel3.xml
----------------- Instantiating /home/travis/build/icyphy/ptII/ptolemy/domains/continuous/test/auto/hierarchicalModalModel3.xml
5 ms. Memory: 324608K Free: 185437K (57%)
----------------- Invoking toplevel() on ptolemy.moml.MoMLSimpleApplication@1e0644cc
----------------- Done invoking toplevel() on ptolemy.moml.MoMLSimpleApplication@1e0644cc
reloadAllAccessors: .hierarchicalModalModel3

===========================================================================================
----------------- testing Wed May 13 14:16:52 UTC 2020 /home/travis/build/icyphy/ptII/ptolemy/domains/continuous/test/auto/hierarchicalModalModel4.xml
----------------- Instantiating /home/travis/build/icyphy/ptII/ptolemy/domains/continuous/test/auto/hierarchicalModalModel4.xml
5 ms. Memory: 324608K Free: 173663K (53%)
----------------- Invoking toplevel() on ptolemy.moml.MoMLSimpleApplication@5c248d07
----------------- Done invoking toplevel() on ptolemy.moml.MoMLSimpleApplication@5c248d07
reloadAllAccessors: .hierarchicalModalModel4

===========================================================================================
----------------- testing Wed May 13 14:16:52 UTC 2020 /home/travis/build/icyphy/ptII/ptolemy/domains/continuous/test/auto/junk.xml
----------------- Instantiating /home/travis/build/icyphy/ptII/ptolemy/domains/continuous/test/auto/junk.xml
115 ms. Memory: 324608K Free: 149087K (46%)
----------------- Invoking toplevel() on ptolemy.moml.MoMLSimpleApplication@41828f44
----------------- Done invoking toplevel() on ptolemy.moml.MoMLSimpleApplication@41828f44
reloadAllAccessors: .junk
AutoTests.java: About to close Vertx.
AutoTests.java: Vertx closed.
]]></system-out>
  <system-err><![CDATA[Warning: '.HysteresisWithRandomDelay.NonStrictTest3' The test produced only 28 tokens, yet the correctValues parameter was expecting 30 tokens.
Warning: '.IncreasingRatePoisson.NonStrictTest' The test produced only 401 tokens, yet the correctValues parameter was expecting 402 tokens.
Warning: '.Poisson.NonStrictTest' The test produced only 418 tokens, yet the correctValues parameter was expecting 430 tokens.
]]></system-err>
</testsuite>
