<?xml version="1.0" encoding="UTF-8" ?>
<testsuite errors="0" failures="0" hostname="travis-job-904ddb1a-b9fd-4d16-a576-76cd2c90c15d" name="ptolemy.domains.de.test.junit.JUnitTclTest" skipped="0" tests="101" time="133.973" timestamp="2019-10-10T05:52:28">
  <properties>
[...]
</properties>
  <testcase classname="ptolemy.util.test.junit.TclTests" name="[0] /home/travis/build/icyphy/ptII/ptolemy/domains/de/test/DependencyLoop.tcl (RunTclFile)" time="0.994" />
  <testcase classname="ptolemy.util.test.junit.TclTests" name="[1] /home/travis/build/icyphy/ptII/ptolemy/domains/de/test/RunDETestsAsQSS.tcl (RunTclFile)" time="90.832" />
  <testcase classname="ptolemy.util.test.junit.AutoKnownFailedTests" name="[0] /home/travis/build/icyphy/ptII/ptolemy/domains/de/test/auto/knownFailedTests/DESDFClockTest.xml (RunModel)" time="2.069" />
  <testcase classname="ptolemy.util.test.junit.AutoKnownFailedTests" name="[1] /home/travis/build/icyphy/ptII/ptolemy/domains/de/test/auto/knownFailedTests/DirectFeedback.xml (RunModel)" time="0.02" />
  <testcase classname="ptolemy.util.test.junit.AutoKnownFailedTests" name="[2] /home/travis/build/icyphy/ptII/ptolemy/domains/de/test/auto/knownFailedTests/FSMSource.xml (RunModel)" time="0.022" />
  <testcase classname="ptolemy.util.test.junit.AutoKnownFailedTests" name="[3] /home/travis/build/icyphy/ptII/ptolemy/domains/de/test/auto/knownFailedTests/HierarchicalModel.xml (RunModel)" time="0.05" />
  <testcase classname="ptolemy.util.test.junit.AutoKnownFailedTests" name="[4] /home/travis/build/icyphy/ptII/ptolemy/domains/de/test/auto/knownFailedTests/dependencyLoop.xml (RunModel)" time="0.052" />
  <testcase classname="ptolemy.util.test.junit.AutoKnownFailedTests" name="[5] /home/travis/build/icyphy/ptII/ptolemy/domains/de/test/auto/knownFailedTests/dependencyLoop2.xml (RunModel)" time="0.047" />
  <testcase classname="ptolemy.util.test.junit.AutoNameArchTests" name="[0] ThereAreNoAutoArchTests (RunModel)" time="0.002" />
  <testcase classname="ptolemy.util.test.junit.AutoTests" name="[0] /home/travis/build/icyphy/ptII/ptolemy/domains/de/test/auto/ActorDepthCalculation_actorWithoutPorts.xml (RunModel)" time="0.026" />
  <testcase classname="ptolemy.util.test.junit.AutoTests" name="[1] /home/travis/build/icyphy/ptII/ptolemy/domains/de/test/auto/AssemblyLine.xml (RunModel)" time="0.028" />
  <testcase classname="ptolemy.util.test.junit.AutoTests" name="[2] /home/travis/build/icyphy/ptII/ptolemy/domains/de/test/auto/CQBug1.xml (RunModel)" time="0.021" />
  <testcase classname="ptolemy.util.test.junit.AutoTests" name="[3] /home/travis/build/icyphy/ptII/ptolemy/domains/de/test/auto/CancelFireAt.xml (RunModel)" time="0.015" />
  <testcase classname="ptolemy.util.test.junit.AutoTests" name="[4] /home/travis/build/icyphy/ptII/ptolemy/domains/de/test/auto/CausalityAndComposabilityAnalysis.xml (RunModel)" time="0.014" />
  <testcase classname="ptolemy.util.test.junit.AutoTests" name="[5] /home/travis/build/icyphy/ptII/ptolemy/domains/de/test/auto/CausalityInterface1.xml (RunModel)" time="0.022" />
  <testcase classname="ptolemy.util.test.junit.AutoTests" name="[6] /home/travis/build/icyphy/ptII/ptolemy/domains/de/test/auto/CausalityInterface15.xml (RunModel)" time="0.014" />
  <testcase classname="ptolemy.util.test.junit.AutoTests" name="[7] /home/travis/build/icyphy/ptII/ptolemy/domains/de/test/auto/CausalityInterface2.xml (RunModel)" time="0.018" />
  <testcase classname="ptolemy.util.test.junit.AutoTests" name="[8] /home/travis/build/icyphy/ptII/ptolemy/domains/de/test/auto/CausalityInterface3.xml (RunModel)" time="0.015" />
  <testcase classname="ptolemy.util.test.junit.AutoTests" name="[9] /home/travis/build/icyphy/ptII/ptolemy/domains/de/test/auto/ClockDrift.xml (RunModel)" time="0.043" />
  <testcase classname="ptolemy.util.test.junit.AutoTests" name="[10] /home/travis/build/icyphy/ptII/ptolemy/domains/de/test/auto/ClockDriftAndValueChange.xml (RunModel)" time="0.036" />
  <testcase classname="ptolemy.util.test.junit.AutoTests" name="[11] /home/travis/build/icyphy/ptII/ptolemy/domains/de/test/auto/ClockDriftChange.xml (RunModel)" time="0.035" />
  <testcase classname="ptolemy.util.test.junit.AutoTests" name="[12] /home/travis/build/icyphy/ptII/ptolemy/domains/de/test/auto/ComposableCausalityAnalysis.xml (RunModel)" time="0.016" />
  <testcase classname="ptolemy.util.test.junit.AutoTests" name="[13] /home/travis/build/icyphy/ptII/ptolemy/domains/de/test/auto/DEFixedPointLimitation.xml (RunModel)" time="0.01" />
  <testcase classname="ptolemy.util.test.junit.AutoTests" name="[14] /home/travis/build/icyphy/ptII/ptolemy/domains/de/test/auto/DEScheduleTest.xml (RunModel)" time="0.016" />
  <testcase classname="ptolemy.util.test.junit.AutoTests" name="[15] /home/travis/build/icyphy/ptII/ptolemy/domains/de/test/auto/DEinDEwithStartTimes.xml (RunModel)" time="0.016" />
  <testcase classname="ptolemy.util.test.junit.AutoTests" name="[16] /home/travis/build/icyphy/ptII/ptolemy/domains/de/test/auto/DEinDEwithStartTimes2.xml (RunModel)" time="0.019" />
  <testcase classname="ptolemy.util.test.junit.AutoTests" name="[17] /home/travis/build/icyphy/ptII/ptolemy/domains/de/test/auto/DateDemo.xml (RunModel)" time="0.04" />
  <testcase classname="ptolemy.util.test.junit.AutoTests" name="[18] /home/travis/build/icyphy/ptII/ptolemy/domains/de/test/auto/DateToEvent.xml (RunModel)" time="2.048" />
  <testcase classname="ptolemy.util.test.junit.AutoTests" name="[19] /home/travis/build/icyphy/ptII/ptolemy/domains/de/test/auto/DepthTest1.xml (RunModel)" time="0.007" />
  <testcase classname="ptolemy.util.test.junit.AutoTests" name="[20] /home/travis/build/icyphy/ptII/ptolemy/domains/de/test/auto/DepthTest2.xml (RunModel)" time="0.024" />
  <testcase classname="ptolemy.util.test.junit.AutoTests" name="[21] /home/travis/build/icyphy/ptII/ptolemy/domains/de/test/auto/DepthTest3.xml (RunModel)" time="0.013" />
  <testcase classname="ptolemy.util.test.junit.AutoTests" name="[22] /home/travis/build/icyphy/ptII/ptolemy/domains/de/test/auto/DepthTest4.xml (RunModel)" time="0.021" />
  <testcase classname="ptolemy.util.test.junit.AutoTests" name="[23] /home/travis/build/icyphy/ptII/ptolemy/domains/de/test/auto/DepthTest5.xml (RunModel)" time="0.013" />
  <testcase classname="ptolemy.util.test.junit.AutoTests" name="[24] /home/travis/build/icyphy/ptII/ptolemy/domains/de/test/auto/DepthTest6.xml (RunModel)" time="0.014" />
  <testcase classname="ptolemy.util.test.junit.AutoTests" name="[25] /home/travis/build/icyphy/ptII/ptolemy/domains/de/test/auto/DepthTest7.xml (RunModel)" time="0.02" />
  <testcase classname="ptolemy.util.test.junit.AutoTests" name="[26] /home/travis/build/icyphy/ptII/ptolemy/domains/de/test/auto/EventToDate.xml (RunModel)" time="3.044" />
  <testcase classname="ptolemy.util.test.junit.AutoTests" name="[27] /home/travis/build/icyphy/ptII/ptolemy/domains/de/test/auto/FSM1.xml (RunModel)" time="0.04" />
  <testcase classname="ptolemy.util.test.junit.AutoTests" name="[28] /home/travis/build/icyphy/ptII/ptolemy/domains/de/test/auto/FSM7.xml (RunModel)" time="0.042" />
  <testcase classname="ptolemy.util.test.junit.AutoTests" name="[29] /home/travis/build/icyphy/ptII/ptolemy/domains/de/test/auto/Inspection.xml (RunModel)" time="0.045" />
  <testcase classname="ptolemy.util.test.junit.AutoTests" name="[30] /home/travis/build/icyphy/ptII/ptolemy/domains/de/test/auto/Iteration.xml (RunModel)" time="0.023" />
  <testcase classname="ptolemy.util.test.junit.AutoTests" name="[31] /home/travis/build/icyphy/ptII/ptolemy/domains/de/test/auto/LineFault.xml (RunModel)" time="0.646" />
  <testcase classname="ptolemy.util.test.junit.AutoTests" name="[32] /home/travis/build/icyphy/ptII/ptolemy/domains/de/test/auto/MergeModel1Add.xml (RunModel)" time="0.056" />
  <testcase classname="ptolemy.util.test.junit.AutoTests" name="[33] /home/travis/build/icyphy/ptII/ptolemy/domains/de/test/auto/MergeModel2Add.xml (RunModel)" time="0.047" />
  <testcase classname="ptolemy.util.test.junit.AutoTests" name="[34] /home/travis/build/icyphy/ptII/ptolemy/domains/de/test/auto/MergeModel3Add.xml (RunModel)" time="0.042" />
  <testcase classname="ptolemy.util.test.junit.AutoTests" name="[35] /home/travis/build/icyphy/ptII/ptolemy/domains/de/test/auto/MergeWithoutDiscard.xml (RunModel)" time="0.021" />
  <testcase classname="ptolemy.util.test.junit.AutoTests" name="[36] /home/travis/build/icyphy/ptII/ptolemy/domains/de/test/auto/Modal1.xml (RunModel)" time="0.032" />
  <testcase classname="ptolemy.util.test.junit.AutoTests" name="[37] /home/travis/build/icyphy/ptII/ptolemy/domains/de/test/auto/Modal2.xml (RunModel)" time="0.035" />
  <testcase classname="ptolemy.util.test.junit.AutoTests" name="[38] /home/travis/build/icyphy/ptII/ptolemy/domains/de/test/auto/Modal3.xml (RunModel)" time="0.032" />
  <testcase classname="ptolemy.util.test.junit.AutoTests" name="[39] /home/travis/build/icyphy/ptII/ptolemy/domains/de/test/auto/Modal4.xml (RunModel)" time="0.04" />
  <testcase classname="ptolemy.util.test.junit.AutoTests" name="[40] /home/travis/build/icyphy/ptII/ptolemy/domains/de/test/auto/Modal5.xml (RunModel)" time="0.03" />
  <testcase classname="ptolemy.util.test.junit.AutoTests" name="[41] /home/travis/build/icyphy/ptII/ptolemy/domains/de/test/auto/Modal6.xml (RunModel)" time="0.029" />
  <testcase classname="ptolemy.util.test.junit.AutoTests" name="[42] /home/travis/build/icyphy/ptII/ptolemy/domains/de/test/auto/Modal7.xml (RunModel)" time="0.034" />
  <testcase classname="ptolemy.util.test.junit.AutoTests" name="[43] /home/travis/build/icyphy/ptII/ptolemy/domains/de/test/auto/ModalModel.xml (RunModel)" time="0.193" />
  <testcase classname="ptolemy.util.test.junit.AutoTests" name="[44] /home/travis/build/icyphy/ptII/ptolemy/domains/de/test/auto/ModalSource.xml (RunModel)" time="0.021" />
  <testcase classname="ptolemy.util.test.junit.AutoTests" name="[45] /home/travis/build/icyphy/ptII/ptolemy/domains/de/test/auto/NonInterruptibleTimerZeroDelay.xml (RunModel)" time="0.01" />
  <testcase classname="ptolemy.util.test.junit.AutoTests" name="[46] /home/travis/build/icyphy/ptII/ptolemy/domains/de/test/auto/OpenQueueingNetwork.xml (RunModel)" time="2.687" />
  <testcase classname="ptolemy.util.test.junit.AutoTests" name="[47] /home/travis/build/icyphy/ptII/ptolemy/domains/de/test/auto/OpenQueuingNetwork.xml (RunModel)" time="0.307" />
  <testcase classname="ptolemy.util.test.junit.AutoTests" name="[48] /home/travis/build/icyphy/ptII/ptolemy/domains/de/test/auto/PeriodicSampler.xml (RunModel)" time="0.012" />
  <testcase classname="ptolemy.util.test.junit.AutoTests" name="[49] /home/travis/build/icyphy/ptII/ptolemy/domains/de/test/auto/PersistentIO.xml (RunModel)" time="0.021" />
  <testcase classname="ptolemy.util.test.junit.AutoTests" name="[50] /home/travis/build/icyphy/ptII/ptolemy/domains/de/test/auto/PortParameterResetOnInitialize.xml (RunModel)" time="0.009" />
  <testcase classname="ptolemy.util.test.junit.AutoTests" name="[51] /home/travis/build/icyphy/ptII/ptolemy/domains/de/test/auto/PortParameterUpdates.xml (RunModel)" time="0.017" />
  <testcase classname="ptolemy.util.test.junit.AutoTests" name="[52] /home/travis/build/icyphy/ptII/ptolemy/domains/de/test/auto/QueueAndServer.xml (RunModel)" time="0.023" />
  <testcase classname="ptolemy.util.test.junit.AutoTests" name="[53] /home/travis/build/icyphy/ptII/ptolemy/domains/de/test/auto/Records.xml (RunModel)" time="0.017" />
  <testcase classname="ptolemy.util.test.junit.AutoTests" name="[54] /home/travis/build/icyphy/ptII/ptolemy/domains/de/test/auto/ResetTransitionWithStartTime1.xml (RunModel)" time="0.021" />
  <testcase classname="ptolemy.util.test.junit.AutoTests" name="[55] /home/travis/build/icyphy/ptII/ptolemy/domains/de/test/auto/ResetTransitionWithStartTime2.xml (RunModel)" time="0.022" />
  <testcase classname="ptolemy.util.test.junit.AutoTests" name="[56] /home/travis/build/icyphy/ptII/ptolemy/domains/de/test/auto/ResetTransitionWithStartTime3.xml (RunModel)" time="0.02" />
  <testcase classname="ptolemy.util.test.junit.AutoTests" name="[57] /home/travis/build/icyphy/ptII/ptolemy/domains/de/test/auto/ResetTransitionWithStartTime4.xml (RunModel)" time="0.018" />
  <testcase classname="ptolemy.util.test.junit.AutoTests" name="[58] /home/travis/build/icyphy/ptII/ptolemy/domains/de/test/auto/ResettableTimer1.xml (RunModel)" time="0.012" />
  <testcase classname="ptolemy.util.test.junit.AutoTests" name="[59] /home/travis/build/icyphy/ptII/ptolemy/domains/de/test/auto/ResettableTimer2.xml (RunModel)" time="0.01" />
  <testcase classname="ptolemy.util.test.junit.AutoTests" name="[60] /home/travis/build/icyphy/ptII/ptolemy/domains/de/test/auto/ResettableTimer3.xml (RunModel)" time="0.011" />
  <testcase classname="ptolemy.util.test.junit.AutoTests" name="[61] /home/travis/build/icyphy/ptII/ptolemy/domains/de/test/auto/ResettableTimer4.xml (RunModel)" time="0.018" />
  <testcase classname="ptolemy.util.test.junit.AutoTests" name="[62] /home/travis/build/icyphy/ptII/ptolemy/domains/de/test/auto/ResettableTimer5.xml (RunModel)" time="0.024" />
  <testcase classname="ptolemy.util.test.junit.AutoTests" name="[63] /home/travis/build/icyphy/ptII/ptolemy/domains/de/test/auto/ResettableTimer6.xml (RunModel)" time="0.041" />
  <testcase classname="ptolemy.util.test.junit.AutoTests" name="[64] /home/travis/build/icyphy/ptII/ptolemy/domains/de/test/auto/ServerZeroDelay.xml (RunModel)" time="0.01" />
  <testcase classname="ptolemy.util.test.junit.AutoTests" name="[65] /home/travis/build/icyphy/ptII/ptolemy/domains/de/test/auto/SmartSender.xml (RunModel)" time="3.008" />
  <testcase classname="ptolemy.util.test.junit.AutoTests" name="[66] /home/travis/build/icyphy/ptII/ptolemy/domains/de/test/auto/ThreadedComposite.xml (RunModel)" time="0.124" />
  <testcase classname="ptolemy.util.test.junit.AutoTests" name="[67] /home/travis/build/icyphy/ptII/ptolemy/domains/de/test/auto/Time.xml (RunModel)" time="0.471" />
  <testcase classname="ptolemy.util.test.junit.AutoTests" name="[68] /home/travis/build/icyphy/ptII/ptolemy/domains/de/test/auto/TimeDelayZeroDelay.xml (RunModel)" time="0.01" />
  <testcase classname="ptolemy.util.test.junit.AutoTests" name="[69] /home/travis/build/icyphy/ptII/ptolemy/domains/de/test/auto/TimerZeroDelay.xml (RunModel)" time="0.013" />
  <testcase classname="ptolemy.util.test.junit.AutoTests" name="[70] /home/travis/build/icyphy/ptII/ptolemy/domains/de/test/auto/TimingParadox.xml (RunModel)" time="0.412" />
  <testcase classname="ptolemy.util.test.junit.AutoTests" name="[71] /home/travis/build/icyphy/ptII/ptolemy/domains/de/test/auto/TransferInputs.xml (RunModel)" time="0.015" />
  <testcase classname="ptolemy.util.test.junit.AutoTests" name="[72] /home/travis/build/icyphy/ptII/ptolemy/domains/de/test/auto/TransferOutputs2.xml (RunModel)" time="0.014" />
  <testcase classname="ptolemy.util.test.junit.AutoTests" name="[73] /home/travis/build/icyphy/ptII/ptolemy/domains/de/test/auto/Trilateration.xml (RunModel)" time="12.555" />
  <testcase classname="ptolemy.util.test.junit.AutoTests" name="[74] /home/travis/build/icyphy/ptII/ptolemy/domains/de/test/auto/TwoSigmaDelta.xml (RunModel)" time="2.296" />
  <testcase classname="ptolemy.util.test.junit.AutoTests" name="[75] /home/travis/build/icyphy/ptII/ptolemy/domains/de/test/auto/VariableDelay.xml (RunModel)" time="0.018" />
  <testcase classname="ptolemy.util.test.junit.AutoTests" name="[76] /home/travis/build/icyphy/ptII/ptolemy/domains/de/test/auto/VariableDelay2.xml (RunModel)" time="0.009" />
  <testcase classname="ptolemy.util.test.junit.AutoTests" name="[77] /home/travis/build/icyphy/ptII/ptolemy/domains/de/test/auto/VariableDelayZeroDelay.xml (RunModel)" time="0.015" />
  <testcase classname="ptolemy.util.test.junit.AutoTests" name="[78] /home/travis/build/icyphy/ptII/ptolemy/domains/de/test/auto/VariableDelayZeroDelay2.xml (RunModel)" time="0.014" />
  <testcase classname="ptolemy.util.test.junit.AutoTests" name="[79] /home/travis/build/icyphy/ptII/ptolemy/domains/de/test/auto/deInCt.xml (RunModel)" time="0.016" />
  <testcase classname="ptolemy.util.test.junit.AutoTests" name="[80] /home/travis/build/icyphy/ptII/ptolemy/domains/de/test/auto/deInCt2.xml (RunModel)" time="0.024" />
  <testcase classname="ptolemy.util.test.junit.AutoTests" name="[81] /home/travis/build/icyphy/ptII/ptolemy/domains/de/test/auto/dynamicCausalityInterface1.xml (RunModel)" time="0.027" />
  <testcase classname="ptolemy.util.test.junit.AutoTests" name="[82] /home/travis/build/icyphy/ptII/ptolemy/domains/de/test/auto/fsm_de_test.xml (RunModel)" time="0.023" />
  <testcase classname="ptolemy.util.test.junit.AutoTests" name="[83] /home/travis/build/icyphy/ptII/ptolemy/domains/de/test/auto/functionDependencyReconstruction.xml (RunModel)" time="0.033" />
  <testcase classname="ptolemy.util.test.junit.AutoTests" name="[84] /home/travis/build/icyphy/ptII/ptolemy/domains/de/test/auto/multirate.xml (RunModel)" time="0.016" />
  <testcase classname="ptolemy.util.test.junit.AutoTests" name="[85] /home/travis/build/icyphy/ptII/ptolemy/domains/de/test/auto/multirate2.xml (RunModel)" time="0.017" />
  <testcase classname="ptolemy.util.test.junit.AutoTests" name="[86] /home/travis/build/icyphy/ptII/ptolemy/domains/de/test/auto/realtime.xml (RunModel)" time="10.022" />
  <testcase classname="ptolemy.util.test.junit.AutoTests" name="[87] /home/travis/build/icyphy/ptII/ptolemy/domains/de/test/auto/relationGroup.xml (RunModel)" time="0.01" />
  <testcase classname="ptolemy.util.test.junit.AutoTests" name="[88] /home/travis/build/icyphy/ptII/ptolemy/domains/de/test/auto/relationGroup2.xml (RunModel)" time="0.007" />
  <testcase classname="ptolemy.util.test.junit.AutoTests" name="[89] /home/travis/build/icyphy/ptII/ptolemy/domains/de/test/auto/sortWithOpaquePorts.xml (RunModel)" time="0.015" />
  <testcase classname="ptolemy.util.test.junit.AutoTests" name="[90] /home/travis/build/icyphy/ptII/ptolemy/domains/de/test/auto/transferInputsandOutputs.xml (RunModel)" time="0.016" />
  <testcase classname="ptolemy.util.test.junit.AutoTests" name="[91] /home/travis/build/icyphy/ptII/ptolemy/domains/de/test/auto/triggerType.xml (RunModel)" time="0.011" />
  <system-out><![CDATA[/home/travis/build/icyphy/ptII/ptolemy/domains/de/test/DependencyLoop.tcl
testDefs.tcl: setting time out to 9000 seconds at Thu Oct 10 05:52:28 UTC 2019
113 ms. Memory: 120832K Free: 72134K (60%)
12 ms. Memory: 120832K Free: 54719K (45%)
/home/travis/build/icyphy/ptII/ptolemy/domains/de/test/RunDETestsAsQSS.tcl
Run the DE tests using ptolemy.domains.qss.test.QSSDirectorTest, which extends QSSDirector and prints a message in the constructors.
------------------ testing $PTII/ptolemy/domains/de/test/auto/knownFailedTests/DirectFeedback.xml (Known Failure) 
41 ms. Memory: 120832K Free: 49096K (41%)


==== $PTIIhome/travis/build/icyphy/ptII/ptolemy/domains/de/test/../../../../: Auto Automatic test in file $PTII/ptolemy/domains/de/test/auto/knownFailedTests/DirectFeedback.xml
==== Contents of test case:

	    # FIXME: we should use $relativeFilename here, but it
	    # might have backslashes under Windows, which causes no end
	    # of trouble.
	    createAndExecute $file
	    list {}
	
.... Test generated KNOWN error:
    while executing
ptolemy.kernel.util.IllegalActionException: Test fails in iteration 1.
Value was: 1.0. Should have been: 2.0
  in .DirectFeedback.Test
	at ptolemy.actor.lib.Test.fire(Test.java:268)
	at ptolemy.domains.de.kernel.DEDirector._fire(DEDirector.java:1949)
	at ptolemy.domains.de.kernel.DEDirector.fire(DEDirector.java:502)
	at ptolemy.actor.CompositeActor.fire(CompositeActor.java:455)
	at ptolemy.actor.Manager.iterate(Manager.java:851)
	at ptolemy.actor.Manager.execute(Manager.java:369)
	at ptolemy.actor.Manager.run(Manager.java:1263)
	at ptolemy.actor.Manager$PtolemyRunThread.run(Manager.java:1933)

    while executing
ptolemy.kernel.util.IllegalActionException: Test fails in iteration 1.
Value was: 1.0. Should have been: 2.0
  in .DirectFeedback.Test
    while executing
"java::new ptolemy.moml.MoMLSimpleApplication $file
"
    (procedure "createAndExecute" line 2)
    invoked from within
"createAndExecute $file"
    ("uplevel" body line 5)
    invoked from within
"uplevel $contents_of_test"
------------------ testing $PTII/ptolemy/domains/de/test/auto/knownFailedTests/dependencyLoop.xml (Known Failure) 
15 ms. Memory: 120832K Free: 46024K (38%)


==== $PTIIhome/travis/build/icyphy/ptII/ptolemy/domains/de/test/../../../../: Auto Automatic test in file $PTII/ptolemy/domains/de/test/auto/knownFailedTests/dependencyLoop.xml
==== Contents of test case:

	    # FIXME: we should use $relativeFilename here, but it
	    # might have backslashes under Windows, which causes no end
	    # of trouble.
	    createAndExecute $file
	    list {}
	
.... Test generated KNOWN error:
    while executing
ptolemy.kernel.util.IllegalActionException: Found a zero delay loop containing .dependencyLoop.original
  in .dependencyLoop and .dependencyLoop.original
	at ptolemy.actor.util.CausalityInterfaceForComposites._computeOutputPortDepth(CausalityInterfaceForComposites.java:759)
	at ptolemy.actor.util.CausalityInterfaceForComposites._computeInputDepth(CausalityInterfaceForComposites.java:696)
	at ptolemy.actor.util.CausalityInterfaceForComposites._computeOutputPortDepth(CausalityInterfaceForComposites.java:765)
	at ptolemy.actor.util.CausalityInterfaceForComposites._computeInputDepth(CausalityInterfaceForComposites.java:696)
	at ptolemy.actor.util.CausalityInterfaceForComposites._computeOutputPortDepth(CausalityInterfaceForComposites.java:765)
	at ptolemy.actor.util.CausalityInterfaceForComposites._computeInputDepth(CausalityInterfaceForComposites.java:696)
	at ptolemy.actor.util.CausalityInterfaceForComposites._computeActorDepth(CausalityInterfaceForComposites.java:532)
	at ptolemy.actor.util.CausalityInterfaceForComposites.checkForCycles(CausalityInterfaceForComposites.java:96)
	at ptolemy.domains.de.kernel.DEDirector.preinitialize(DEDirector.java:1338)
	at ptolemy.actor.CompositeActor.preinitialize(CompositeActor.java:1828)
	at ptolemy.actor.Manager.preinitializeAndResolveTypes(Manager.java:1040)
	at ptolemy.actor.Manager.initialize(Manager.java:710)
	at ptolemy.actor.Manager.execute(Manager.java:356)
	at ptolemy.actor.Manager.run(Manager.java:1263)
	at ptolemy.actor.Manager$PtolemyRunThread.run(Manager.java:1933)

    while executing
ptolemy.kernel.util.IllegalActionException: Found a zero delay loop containing .dependencyLoop.original
  in .dependencyLoop and .dependencyLoop.original
    while executing
"java::new ptolemy.moml.MoMLSimpleApplication $file
"
    (procedure "createAndExecute" line 2)
    invoked from within
"createAndExecute $file"
    ("uplevel" body line 5)
    invoked from within
"uplevel $contents_of_test"
------------------ testing $PTII/ptolemy/domains/de/test/auto/knownFailedTests/FSMSource.xml (Known Failure) 
37 ms. Memory: 120832K Free: 100123K (83%)
!!!! Auto was marked as failing, but now passes
------------------ testing $PTII/ptolemy/domains/de/test/auto/knownFailedTests/HierarchicalModel.xml (Known Failure) 
9 ms. Memory: 120832K Free: 82281K (68%)


==== $PTIIhome/travis/build/icyphy/ptII/ptolemy/domains/de/test/../../../../: Auto Automatic test in file $PTII/ptolemy/domains/de/test/auto/knownFailedTests/HierarchicalModel.xml
==== Contents of test case:

	    # FIXME: we should use $relativeFilename here, but it
	    # might have backslashes under Windows, which causes no end
	    # of trouble.
	    createAndExecute $file
	    list {}
	
.... Test generated KNOWN error:
    while executing
ptolemy.kernel.util.IllegalActionException: Found a zero delay loop containing .HierarchicalModel.A
  in .HierarchicalModel and .HierarchicalModel.A
	at ptolemy.actor.util.CausalityInterfaceForComposites._computeOutputPortDepth(CausalityInterfaceForComposites.java:759)
	at ptolemy.actor.util.CausalityInterfaceForComposites._computeInputDepth(CausalityInterfaceForComposites.java:696)
	at ptolemy.actor.util.CausalityInterfaceForComposites._computeOutputPortDepth(CausalityInterfaceForComposites.java:765)
	at ptolemy.actor.util.CausalityInterfaceForComposites._computeInputDepth(CausalityInterfaceForComposites.java:696)
	at ptolemy.actor.util.CausalityInterfaceForComposites._computeOutputPortDepth(CausalityInterfaceForComposites.java:765)
	at ptolemy.actor.util.CausalityInterfaceForComposites._computeInputDepth(CausalityInterfaceForComposites.java:696)
	at ptolemy.actor.util.CausalityInterfaceForComposites._computeActorDepth(CausalityInterfaceForComposites.java:532)
	at ptolemy.actor.util.CausalityInterfaceForComposites.checkForCycles(CausalityInterfaceForComposites.java:96)
	at ptolemy.domains.de.kernel.DEDirector.preinitialize(DEDirector.java:1338)
	at ptolemy.actor.CompositeActor.preinitialize(CompositeActor.java:1828)
	at ptolemy.actor.Manager.preinitializeAndResolveTypes(Manager.java:1040)
	at ptolemy.actor.Manager.initialize(Manager.java:710)
	at ptolemy.actor.Manager.execute(Manager.java:356)
	at ptolemy.actor.Manager.run(Manager.java:1263)
	at ptolemy.actor.Manager$PtolemyRunThread.run(Manager.java:1933)

    while executing
ptolemy.kernel.util.IllegalActionException: Found a zero delay loop containing .HierarchicalModel.A
  in .HierarchicalModel and .HierarchicalModel.A
    while executing
"java::new ptolemy.moml.MoMLSimpleApplication $file
"
    (procedure "createAndExecute" line 2)
    invoked from within
"createAndExecute $file"
    ("uplevel" body line 5)
    invoked from within
"uplevel $contents_of_test"
------------------ testing $PTII/ptolemy/domains/de/test/auto/knownFailedTests/dependencyLoop2.xml (Known Failure) 
11 ms. Memory: 120832K Free: 65881K (55%)


==== $PTIIhome/travis/build/icyphy/ptII/ptolemy/domains/de/test/../../../../: Auto Automatic test in file $PTII/ptolemy/domains/de/test/auto/knownFailedTests/dependencyLoop2.xml
==== Contents of test case:

	    # FIXME: we should use $relativeFilename here, but it
	    # might have backslashes under Windows, which causes no end
	    # of trouble.
	    createAndExecute $file
	    list {}
	
.... Test generated KNOWN error:
    while executing
ptolemy.kernel.util.IllegalActionException: Found a zero delay loop containing .dependencyLoop2.original
  in .dependencyLoop2 and .dependencyLoop2.original
	at ptolemy.actor.util.CausalityInterfaceForComposites._computeOutputPortDepth(CausalityInterfaceForComposites.java:759)
	at ptolemy.actor.util.CausalityInterfaceForComposites._computeInputDepth(CausalityInterfaceForComposites.java:696)
	at ptolemy.actor.util.CausalityInterfaceForComposites._computeOutputPortDepth(CausalityInterfaceForComposites.java:765)
	at ptolemy.actor.util.CausalityInterfaceForComposites._computeInputDepth(CausalityInterfaceForComposites.java:696)
	at ptolemy.actor.util.CausalityInterfaceForComposites._computeOutputPortDepth(CausalityInterfaceForComposites.java:765)
	at ptolemy.actor.util.CausalityInterfaceForComposites._computeInputDepth(CausalityInterfaceForComposites.java:696)
	at ptolemy.actor.util.CausalityInterfaceForComposites._computeActorDepth(CausalityInterfaceForComposites.java:532)
	at ptolemy.actor.util.CausalityInterfaceForComposites.checkForCycles(CausalityInterfaceForComposites.java:96)
	at ptolemy.domains.de.kernel.DEDirector.preinitialize(DEDirector.java:1338)
	at ptolemy.actor.CompositeActor.preinitialize(CompositeActor.java:1828)
	at ptolemy.actor.Manager.preinitializeAndResolveTypes(Manager.java:1040)
	at ptolemy.actor.Manager.initialize(Manager.java:710)
	at ptolemy.actor.Manager.execute(Manager.java:356)
	at ptolemy.actor.Manager.run(Manager.java:1263)
	at ptolemy.actor.Manager$PtolemyRunThread.run(Manager.java:1933)

    while executing
ptolemy.kernel.util.IllegalActionException: Found a zero delay loop containing .dependencyLoop2.original
  in .dependencyLoop2 and .dependencyLoop2.original
    while executing
"java::new ptolemy.moml.MoMLSimpleApplication $file
"
    (procedure "createAndExecute" line 2)
    invoked from within
"createAndExecute $file"
    ("uplevel" body line 5)
    invoked from within
"uplevel $contents_of_test"
------------------ testing $PTII/ptolemy/domains/de/test/auto/knownFailedTests/DESDFClockTest.xml (Known Failure) 
2037 ms. Memory: 120832K Free: 95070K (79%)


==== $PTIIhome/travis/build/icyphy/ptII/ptolemy/domains/de/test/../../../../: Auto Automatic test in file $PTII/ptolemy/domains/de/test/auto/knownFailedTests/DESDFClockTest.xml
==== Contents of test case:

	    # FIXME: we should use $relativeFilename here, but it
	    # might have backslashes under Windows, which causes no end
	    # of trouble.
	    createAndExecute $file
	    list {}
	
.... Test generated KNOWN error:
    while executing
ptolemy.kernel.util.IllegalActionException: Actor is not ready to fire.  Perhaps UpSample.prefire() returned false? Try debugging the actor by selecting "Listen to Actor".  Also, for SDF check moml for tokenConsumptionRate on input.
  in .DESDFClockTest.Play Bell.Copy1:SDF Director and .DESDFClockTest.Play Bell.UpSample
	at ptolemy.actor.sched.StaticSchedulingDirector.fire(StaticSchedulingDirector.java:227)
	at ptolemy.domains.sdf.kernel.SDFDirector.fire(SDFDirector.java:500)
	at ptolemy.actor.CompositeActor.fire(CompositeActor.java:455)
	at ptolemy.domains.de.kernel.DEDirector._fire(DEDirector.java:1949)
	at ptolemy.domains.de.kernel.DEDirector.fire(DEDirector.java:502)
	at ptolemy.actor.CompositeActor.fire(CompositeActor.java:455)
	at ptolemy.actor.Manager.iterate(Manager.java:851)
	at ptolemy.actor.Manager.execute(Manager.java:369)
	at ptolemy.actor.Manager.run(Manager.java:1263)
	at ptolemy.actor.Manager$PtolemyRunThread.run(Manager.java:1933)

    while executing
ptolemy.kernel.util.IllegalActionException: Actor is not ready to fire.  Perhaps UpSample.prefire() returned false? Try debugging the actor by selecting "Listen to Actor".  Also, for SDF check moml for tokenConsumptionRate on input.
  in .DESDFClockTest.Play Bell.Copy1:SDF Director and .DESDFClockTest.Play Bell.UpSample
    while executing
"java::new ptolemy.moml.MoMLSimpleApplication $file
"
    (procedure "createAndExecute" line 2)
    invoked from within
"createAndExecute $file"
    ("uplevel" body line 5)
    invoked from within
"uplevel $contents_of_test"
------------------ testing $PTII/ptolemy/domains/de/test/auto/ActorDepthCalculation_actorWithoutPorts.xml
auto.tcl: Setting watchdog for 200 seconds at Thu Oct 10 05:52:32 UTC 2019
8 ms. Memory: 120832K Free: 87374K (72%)
ptolemy.util.test.WatchDog.cancel(): canceling Thu Oct 10 05:52:32 UTC 2019
auto.tcl: Setting watchdog for 200 seconds at Thu Oct 10 05:52:32 UTC 2019
5 ms. Memory: 120832K Free: 86350K (71%)
ptolemy.util.test.WatchDog.cancel(): canceling Thu Oct 10 05:52:32 UTC 2019
------------------ testing $PTII/ptolemy/domains/de/test/auto/AssemblyLine.xml
auto.tcl: Setting watchdog for 200 seconds at Thu Oct 10 05:52:33 UTC 2019
27 ms. Memory: 48128K Free: 25252K (52%)
ptolemy.util.test.WatchDog.cancel(): canceling Thu Oct 10 05:52:33 UTC 2019
auto.tcl: Setting watchdog for 200 seconds at Thu Oct 10 05:52:33 UTC 2019
6 ms. Memory: 48128K Free: 24822K (52%)
ptolemy.util.test.WatchDog.cancel(): canceling Thu Oct 10 05:52:33 UTC 2019
------------------ testing $PTII/ptolemy/domains/de/test/auto/CQBug1.xml
auto.tcl: Setting watchdog for 200 seconds at Thu Oct 10 05:52:33 UTC 2019
2 ms. Memory: 48128K Free: 31594K (66%)
ptolemy.util.test.WatchDog.cancel(): canceling Thu Oct 10 05:52:33 UTC 2019
auto.tcl: Setting watchdog for 200 seconds at Thu Oct 10 05:52:33 UTC 2019
3 ms. Memory: 48128K Free: 31164K (65%)
ptolemy.util.test.WatchDog.cancel(): canceling Thu Oct 10 05:52:33 UTC 2019
------------------ testing $PTII/ptolemy/domains/de/test/auto/CancelFireAt.xml
auto.tcl: Setting watchdog for 200 seconds at Thu Oct 10 05:52:33 UTC 2019
3 ms. Memory: 45056K Free: 29500K (65%)
ptolemy.util.test.WatchDog.cancel(): canceling Thu Oct 10 05:52:33 UTC 2019
auto.tcl: Setting watchdog for 200 seconds at Thu Oct 10 05:52:33 UTC 2019
1 ms. Memory: 45056K Free: 29047K (64%)
ptolemy.util.test.WatchDog.cancel(): canceling Thu Oct 10 05:52:33 UTC 2019
------------------ testing $PTII/ptolemy/domains/de/test/auto/CausalityAndComposabilityAnalysis.xml
auto.tcl: Setting watchdog for 200 seconds at Thu Oct 10 05:52:33 UTC 2019
17 ms. Memory: 45056K Free: 27456K (61%)
ptolemy.util.test.WatchDog.cancel(): canceling Thu Oct 10 05:52:33 UTC 2019
auto.tcl: Setting watchdog for 200 seconds at Thu Oct 10 05:52:33 UTC 2019
5 ms. Memory: 45056K Free: 27045K (60%)
ptolemy.util.test.WatchDog.cancel(): canceling Thu Oct 10 05:52:33 UTC 2019
------------------ testing $PTII/ptolemy/domains/de/test/auto/CausalityInterface1.xml
auto.tcl: Setting watchdog for 200 seconds at Thu Oct 10 05:52:33 UTC 2019
32 ms. Memory: 45056K Free: 26399K (59%)
ptolemy.util.test.WatchDog.cancel(): canceling Thu Oct 10 05:52:33 UTC 2019
auto.tcl: Setting watchdog for 200 seconds at Thu Oct 10 05:52:33 UTC 2019
4 ms. Memory: 45056K Free: 25406K (56%)
ptolemy.util.test.WatchDog.cancel(): canceling Thu Oct 10 05:52:33 UTC 2019
------------------ testing $PTII/ptolemy/domains/de/test/auto/CausalityInterface15.xml
auto.tcl: Setting watchdog for 200 seconds at Thu Oct 10 05:52:33 UTC 2019
9 ms. Memory: 45056K Free: 26064K (58%)
ptolemy.util.test.WatchDog.cancel(): canceling Thu Oct 10 05:52:33 UTC 2019
auto.tcl: Setting watchdog for 200 seconds at Thu Oct 10 05:52:33 UTC 2019
4 ms. Memory: 45056K Free: 25375K (56%)
ptolemy.util.test.WatchDog.cancel(): canceling Thu Oct 10 05:52:33 UTC 2019
------------------ testing $PTII/ptolemy/domains/de/test/auto/CausalityInterface2.xml
auto.tcl: Setting watchdog for 200 seconds at Thu Oct 10 05:52:33 UTC 2019
3 ms. Memory: 45056K Free: 27104K (60%)
ptolemy.util.test.WatchDog.cancel(): canceling Thu Oct 10 05:52:33 UTC 2019
auto.tcl: Setting watchdog for 200 seconds at Thu Oct 10 05:52:33 UTC 2019
3 ms. Memory: 45056K Free: 26347K (58%)
ptolemy.util.test.WatchDog.cancel(): canceling Thu Oct 10 05:52:33 UTC 2019
------------------ testing $PTII/ptolemy/domains/de/test/auto/CausalityInterface3.xml
auto.tcl: Setting watchdog for 200 seconds at Thu Oct 10 05:52:33 UTC 2019
3 ms. Memory: 45056K Free: 26566K (59%)
ptolemy.util.test.WatchDog.cancel(): canceling Thu Oct 10 05:52:33 UTC 2019
auto.tcl: Setting watchdog for 200 seconds at Thu Oct 10 05:52:33 UTC 2019
3 ms. Memory: 45056K Free: 25769K (57%)
ptolemy.util.test.WatchDog.cancel(): canceling Thu Oct 10 05:52:33 UTC 2019
------------------ testing $PTII/ptolemy/domains/de/test/auto/ClockDrift.xml
auto.tcl: Setting watchdog for 200 seconds at Thu Oct 10 05:52:33 UTC 2019
94 ms. Memory: 45056K Free: 18710K (42%)
ptolemy.util.test.WatchDog.cancel(): canceling Thu Oct 10 05:52:34 UTC 2019
auto.tcl: Setting watchdog for 200 seconds at Thu Oct 10 05:52:34 UTC 2019
53 ms. Memory: 45056K Free: 15749K (35%)
ptolemy.util.test.WatchDog.cancel(): canceling Thu Oct 10 05:52:34 UTC 2019
------------------ testing $PTII/ptolemy/domains/de/test/auto/ClockDriftAndValueChange.xml
auto.tcl: Setting watchdog for 200 seconds at Thu Oct 10 05:52:34 UTC 2019
38 ms. Memory: 45056K Free: 19023K (42%)
ptolemy.util.test.WatchDog.cancel(): canceling Thu Oct 10 05:52:34 UTC 2019
auto.tcl: Setting watchdog for 200 seconds at Thu Oct 10 05:52:34 UTC 2019
22 ms. Memory: 45056K Free: 16018K (36%)
ptolemy.util.test.WatchDog.cancel(): canceling Thu Oct 10 05:52:34 UTC 2019
------------------ testing $PTII/ptolemy/domains/de/test/auto/ClockDriftChange.xml
auto.tcl: Setting watchdog for 200 seconds at Thu Oct 10 05:52:34 UTC 2019
20 ms. Memory: 45056K Free: 21287K (47%)
ptolemy.util.test.WatchDog.cancel(): canceling Thu Oct 10 05:52:34 UTC 2019
auto.tcl: Setting watchdog for 200 seconds at Thu Oct 10 05:52:34 UTC 2019
17 ms. Memory: 45056K Free: 18432K (41%)
ptolemy.util.test.WatchDog.cancel(): canceling Thu Oct 10 05:52:34 UTC 2019
------------------ testing $PTII/ptolemy/domains/de/test/auto/ComposableCausalityAnalysis.xml
auto.tcl: Setting watchdog for 200 seconds at Thu Oct 10 05:52:34 UTC 2019
2 ms. Memory: 45056K Free: 25922K (58%)
ptolemy.util.test.WatchDog.cancel(): canceling Thu Oct 10 05:52:34 UTC 2019
auto.tcl: Setting watchdog for 200 seconds at Thu Oct 10 05:52:34 UTC 2019
5 ms. Memory: 45056K Free: 24891K (55%)
ptolemy.util.test.WatchDog.cancel(): canceling Thu Oct 10 05:52:34 UTC 2019
------------------ testing $PTII/ptolemy/domains/de/test/auto/DEFixedPointLimitation.xml
auto.tcl: Setting watchdog for 200 seconds at Thu Oct 10 05:52:34 UTC 2019
3 ms. Memory: 45056K Free: 27252K (60%)
ptolemy.util.test.WatchDog.cancel(): canceling Thu Oct 10 05:52:34 UTC 2019
auto.tcl: Setting watchdog for 200 seconds at Thu Oct 10 05:52:34 UTC 2019
1 ms. Memory: 45056K Free: 26370K (59%)
ptolemy.util.test.WatchDog.cancel(): canceling Thu Oct 10 05:52:34 UTC 2019
------------------ testing $PTII/ptolemy/domains/de/test/auto/DEScheduleTest.xml
auto.tcl: Setting watchdog for 200 seconds at Thu Oct 10 05:52:34 UTC 2019
5 ms. Memory: 45056K Free: 27504K (61%)
ptolemy.util.test.WatchDog.cancel(): canceling Thu Oct 10 05:52:34 UTC 2019
auto.tcl: Setting watchdog for 200 seconds at Thu Oct 10 05:52:34 UTC 2019
2 ms. Memory: 45056K Free: 26777K (59%)
ptolemy.util.test.WatchDog.cancel(): canceling Thu Oct 10 05:52:34 UTC 2019
------------------ testing $PTII/ptolemy/domains/de/test/auto/DEinDEwithStartTimes.xml
auto.tcl: Setting watchdog for 200 seconds at Thu Oct 10 05:52:34 UTC 2019
3 ms. Memory: 45056K Free: 25723K (57%)
ptolemy.util.test.WatchDog.cancel(): canceling Thu Oct 10 05:52:34 UTC 2019
auto.tcl: Setting watchdog for 200 seconds at Thu Oct 10 05:52:34 UTC 2019
3 ms. Memory: 45056K Free: 24316K (54%)
ptolemy.util.test.WatchDog.cancel(): canceling Thu Oct 10 05:52:34 UTC 2019
------------------ testing $PTII/ptolemy/domains/de/test/auto/DEinDEwithStartTimes2.xml
auto.tcl: Setting watchdog for 200 seconds at Thu Oct 10 05:52:34 UTC 2019
5 ms. Memory: 45056K Free: 24990K (55%)
ptolemy.util.test.WatchDog.cancel(): canceling Thu Oct 10 05:52:34 UTC 2019
auto.tcl: Setting watchdog for 200 seconds at Thu Oct 10 05:52:34 UTC 2019
4 ms. Memory: 45056K Free: 23635K (52%)
ptolemy.util.test.WatchDog.cancel(): canceling Thu Oct 10 05:52:34 UTC 2019
------------------ testing $PTII/ptolemy/domains/de/test/auto/DateDemo.xml
auto.tcl: Setting watchdog for 200 seconds at Thu Oct 10 05:52:34 UTC 2019
22 ms. Memory: 45056K Free: 19296K (43%)
ptolemy.util.test.WatchDog.cancel(): canceling Thu Oct 10 05:52:34 UTC 2019
auto.tcl: Setting watchdog for 200 seconds at Thu Oct 10 05:52:34 UTC 2019
10 ms. Memory: 45056K Free: 17780K (39%)
ptolemy.util.test.WatchDog.cancel(): canceling Thu Oct 10 05:52:34 UTC 2019
------------------ testing $PTII/ptolemy/domains/de/test/auto/DateToEvent.xml
auto.tcl: Setting watchdog for 200 seconds at Thu Oct 10 05:52:35 UTC 2019
2021 ms. Memory: 45056K Free: 15196K (34%)
ptolemy.util.test.WatchDog.cancel(): canceling Thu Oct 10 05:52:37 UTC 2019
auto.tcl: Setting watchdog for 200 seconds at Thu Oct 10 05:52:37 UTC 2019
2005 ms. Memory: 45056K Free: 14453K (32%)
ptolemy.util.test.WatchDog.cancel(): canceling Thu Oct 10 05:52:39 UTC 2019
------------------ testing $PTII/ptolemy/domains/de/test/auto/DepthTest1.xml
auto.tcl: Setting watchdog for 200 seconds at Thu Oct 10 05:52:39 UTC 2019
3 ms. Memory: 45056K Free: 28484K (63%)
ptolemy.util.test.WatchDog.cancel(): canceling Thu Oct 10 05:52:39 UTC 2019
auto.tcl: Setting watchdog for 200 seconds at Thu Oct 10 05:52:39 UTC 2019
4 ms. Memory: 45056K Free: 27976K (62%)
ptolemy.util.test.WatchDog.cancel(): canceling Thu Oct 10 05:52:39 UTC 2019
------------------ testing $PTII/ptolemy/domains/de/test/auto/DepthTest2.xml
auto.tcl: Setting watchdog for 200 seconds at Thu Oct 10 05:52:39 UTC 2019
5 ms. Memory: 45056K Free: 25203K (56%)
ptolemy.util.test.WatchDog.cancel(): canceling Thu Oct 10 05:52:39 UTC 2019
auto.tcl: Setting watchdog for 200 seconds at Thu Oct 10 05:52:39 UTC 2019
3 ms. Memory: 45056K Free: 24670K (55%)
ptolemy.util.test.WatchDog.cancel(): canceling Thu Oct 10 05:52:39 UTC 2019
------------------ testing $PTII/ptolemy/domains/de/test/auto/DepthTest3.xml
auto.tcl: Setting watchdog for 200 seconds at Thu Oct 10 05:52:39 UTC 2019
5 ms. Memory: 45056K Free: 28814K (64%)
ptolemy.util.test.WatchDog.cancel(): canceling Thu Oct 10 05:52:39 UTC 2019
auto.tcl: Setting watchdog for 200 seconds at Thu Oct 10 05:52:39 UTC 2019
2 ms. Memory: 45056K Free: 28276K (63%)
ptolemy.util.test.WatchDog.cancel(): canceling Thu Oct 10 05:52:39 UTC 2019
------------------ testing $PTII/ptolemy/domains/de/test/auto/DepthTest4.xml
auto.tcl: Setting watchdog for 200 seconds at Thu Oct 10 05:52:39 UTC 2019
6 ms. Memory: 45056K Free: 27033K (60%)
ptolemy.util.test.WatchDog.cancel(): canceling Thu Oct 10 05:52:39 UTC 2019
auto.tcl: Setting watchdog for 200 seconds at Thu Oct 10 05:52:39 UTC 2019
2 ms. Memory: 45056K Free: 26324K (58%)
ptolemy.util.test.WatchDog.cancel(): canceling Thu Oct 10 05:52:39 UTC 2019
------------------ testing $PTII/ptolemy/domains/de/test/auto/DepthTest5.xml
auto.tcl: Setting watchdog for 200 seconds at Thu Oct 10 05:52:39 UTC 2019
4 ms. Memory: 45056K Free: 26146K (58%)
ptolemy.util.test.WatchDog.cancel(): canceling Thu Oct 10 05:52:39 UTC 2019
auto.tcl: Setting watchdog for 200 seconds at Thu Oct 10 05:52:39 UTC 2019
3 ms. Memory: 45056K Free: 25766K (57%)
ptolemy.util.test.WatchDog.cancel(): canceling Thu Oct 10 05:52:39 UTC 2019
------------------ testing $PTII/ptolemy/domains/de/test/auto/DepthTest6.xml
auto.tcl: Setting watchdog for 200 seconds at Thu Oct 10 05:52:39 UTC 2019
4 ms. Memory: 45056K Free: 26124K (58%)
ptolemy.util.test.WatchDog.cancel(): canceling Thu Oct 10 05:52:39 UTC 2019
auto.tcl: Setting watchdog for 200 seconds at Thu Oct 10 05:52:39 UTC 2019
3 ms. Memory: 45056K Free: 25610K (57%)
ptolemy.util.test.WatchDog.cancel(): canceling Thu Oct 10 05:52:39 UTC 2019
------------------ testing $PTII/ptolemy/domains/de/test/auto/DepthTest7.xml
auto.tcl: Setting watchdog for 200 seconds at Thu Oct 10 05:52:39 UTC 2019
3 ms. Memory: 45056K Free: 26959K (60%)
ptolemy.util.test.WatchDog.cancel(): canceling Thu Oct 10 05:52:39 UTC 2019
auto.tcl: Setting watchdog for 200 seconds at Thu Oct 10 05:52:39 UTC 2019
2 ms. Memory: 45056K Free: 26234K (58%)
ptolemy.util.test.WatchDog.cancel(): canceling Thu Oct 10 05:52:39 UTC 2019
------------------ testing $PTII/ptolemy/domains/de/test/auto/EventToDate.xml
auto.tcl: Setting watchdog for 200 seconds at Thu Oct 10 05:52:39 UTC 2019
3011 ms. Memory: 45056K Free: 17773K (39%)
ptolemy.util.test.WatchDog.cancel(): canceling Thu Oct 10 05:52:42 UTC 2019
auto.tcl: Setting watchdog for 200 seconds at Thu Oct 10 05:52:42 UTC 2019
3004 ms. Memory: 45056K Free: 17069K (38%)
ptolemy.util.test.WatchDog.cancel(): canceling Thu Oct 10 05:52:45 UTC 2019
------------------ testing $PTII/ptolemy/domains/de/test/auto/FSM1.xml
auto.tcl: Setting watchdog for 200 seconds at Thu Oct 10 05:52:45 UTC 2019
22 ms. Memory: 45056K Free: 18448K (41%)
ptolemy.util.test.WatchDog.cancel(): canceling Thu Oct 10 05:52:45 UTC 2019
auto.tcl: Setting watchdog for 200 seconds at Thu Oct 10 05:52:45 UTC 2019
16 ms. Memory: 45056K Free: 15078K (33%)
ptolemy.util.test.WatchDog.cancel(): canceling Thu Oct 10 05:52:45 UTC 2019
------------------ testing $PTII/ptolemy/domains/de/test/auto/FSM7.xml
auto.tcl: Setting watchdog for 200 seconds at Thu Oct 10 05:52:45 UTC 2019
23 ms. Memory: 45056K Free: 18665K (41%)
ptolemy.util.test.WatchDog.cancel(): canceling Thu Oct 10 05:52:45 UTC 2019
auto.tcl: Setting watchdog for 200 seconds at Thu Oct 10 05:52:45 UTC 2019
14 ms. Memory: 45056K Free: 15280K (34%)
ptolemy.util.test.WatchDog.cancel(): canceling Thu Oct 10 05:52:45 UTC 2019
------------------ testing $PTII/ptolemy/domains/de/test/auto/Inspection.xml
auto.tcl: Setting watchdog for 200 seconds at Thu Oct 10 05:52:45 UTC 2019
37 ms. Memory: 45056K Free: 18716K (42%)
ptolemy.util.test.WatchDog.cancel(): canceling Thu Oct 10 05:52:46 UTC 2019
auto.tcl: Setting watchdog for 200 seconds at Thu Oct 10 05:52:46 UTC 2019
31 ms. Memory: 45056K Free: 16964K (38%)
ptolemy.util.test.WatchDog.cancel(): canceling Thu Oct 10 05:52:46 UTC 2019
------------------ testing $PTII/ptolemy/domains/de/test/auto/Iteration.xml
auto.tcl: Setting watchdog for 200 seconds at Thu Oct 10 05:52:46 UTC 2019
8 ms. Memory: 45056K Free: 24450K (54%)
ptolemy.util.test.WatchDog.cancel(): canceling Thu Oct 10 05:52:46 UTC 2019
auto.tcl: Setting watchdog for 200 seconds at Thu Oct 10 05:52:46 UTC 2019
7 ms. Memory: 45056K Free: 23020K (51%)
ptolemy.util.test.WatchDog.cancel(): canceling Thu Oct 10 05:52:46 UTC 2019
------------------ testing $PTII/ptolemy/domains/de/test/auto/LineFault.xml
auto.tcl: Setting watchdog for 200 seconds at Thu Oct 10 05:52:46 UTC 2019
729 ms. Memory: 54272K Free: 23696K (44%)
ptolemy.util.test.WatchDog.cancel(): canceling Thu Oct 10 05:52:47 UTC 2019
auto.tcl: Setting watchdog for 200 seconds at Thu Oct 10 05:52:47 UTC 2019
635 ms. Memory: 54272K Free: 15054K (28%)
ptolemy.util.test.WatchDog.cancel(): canceling Thu Oct 10 05:52:47 UTC 2019
------------------ testing $PTII/ptolemy/domains/de/test/auto/MergeModel1Add.xml
auto.tcl: Setting watchdog for 200 seconds at Thu Oct 10 05:52:47 UTC 2019
19 ms. Memory: 51200K Free: 16531K (32%)
ptolemy.util.test.WatchDog.cancel(): canceling Thu Oct 10 05:52:48 UTC 2019
auto.tcl: Setting watchdog for 200 seconds at Thu Oct 10 05:52:48 UTC 2019
13 ms. Memory: 51200K Free: 14895K (29%)
ptolemy.util.test.WatchDog.cancel(): canceling Thu Oct 10 05:52:48 UTC 2019
------------------ testing $PTII/ptolemy/domains/de/test/auto/MergeModel2Add.xml
auto.tcl: Setting watchdog for 200 seconds at Thu Oct 10 05:52:48 UTC 2019
20 ms. Memory: 51200K Free: 18358K (36%)
ptolemy.util.test.WatchDog.cancel(): canceling Thu Oct 10 05:52:48 UTC 2019
auto.tcl: Setting watchdog for 200 seconds at Thu Oct 10 05:52:48 UTC 2019
11 ms. Memory: 51200K Free: 16613K (32%)
ptolemy.util.test.WatchDog.cancel(): canceling Thu Oct 10 05:52:48 UTC 2019
------------------ testing $PTII/ptolemy/domains/de/test/auto/MergeModel3Add.xml
auto.tcl: Setting watchdog for 200 seconds at Thu Oct 10 05:52:48 UTC 2019
8 ms. Memory: 51200K Free: 18542K (36%)
ptolemy.util.test.WatchDog.cancel(): canceling Thu Oct 10 05:52:48 UTC 2019
auto.tcl: Setting watchdog for 200 seconds at Thu Oct 10 05:52:48 UTC 2019
7 ms. Memory: 51200K Free: 17058K (33%)
ptolemy.util.test.WatchDog.cancel(): canceling Thu Oct 10 05:52:48 UTC 2019
------------------ testing $PTII/ptolemy/domains/de/test/auto/MergeWithoutDiscard.xml
auto.tcl: Setting watchdog for 200 seconds at Thu Oct 10 05:52:48 UTC 2019
2 ms. Memory: 51200K Free: 32932K (64%)
ptolemy.util.test.WatchDog.cancel(): canceling Thu Oct 10 05:52:48 UTC 2019
auto.tcl: Setting watchdog for 200 seconds at Thu Oct 10 05:52:48 UTC 2019
1 ms. Memory: 51200K Free: 32500K (63%)
ptolemy.util.test.WatchDog.cancel(): canceling Thu Oct 10 05:52:48 UTC 2019
------------------ testing $PTII/ptolemy/domains/de/test/auto/Modal1.xml
auto.tcl: Setting watchdog for 200 seconds at Thu Oct 10 05:52:48 UTC 2019
11 ms. Memory: 48128K Free: 22248K (46%)
ptolemy.util.test.WatchDog.cancel(): canceling Thu Oct 10 05:52:48 UTC 2019
auto.tcl: Setting watchdog for 200 seconds at Thu Oct 10 05:52:48 UTC 2019
12 ms. Memory: 48128K Free: 18967K (39%)
ptolemy.util.test.WatchDog.cancel(): canceling Thu Oct 10 05:52:48 UTC 2019
------------------ testing $PTII/ptolemy/domains/de/test/auto/Modal2.xml
auto.tcl: Setting watchdog for 200 seconds at Thu Oct 10 05:52:48 UTC 2019
15 ms. Memory: 48128K Free: 22125K (46%)
ptolemy.util.test.WatchDog.cancel(): canceling Thu Oct 10 05:52:48 UTC 2019
auto.tcl: Setting watchdog for 200 seconds at Thu Oct 10 05:52:48 UTC 2019
22 ms. Memory: 48128K Free: 18892K (39%)
ptolemy.util.test.WatchDog.cancel(): canceling Thu Oct 10 05:52:48 UTC 2019
------------------ testing $PTII/ptolemy/domains/de/test/auto/Modal3.xml
auto.tcl: Setting watchdog for 200 seconds at Thu Oct 10 05:52:48 UTC 2019
13 ms. Memory: 48128K Free: 22086K (46%)
ptolemy.util.test.WatchDog.cancel(): canceling Thu Oct 10 05:52:48 UTC 2019
auto.tcl: Setting watchdog for 200 seconds at Thu Oct 10 05:52:48 UTC 2019
14 ms. Memory: 48128K Free: 18508K (38%)
ptolemy.util.test.WatchDog.cancel(): canceling Thu Oct 10 05:52:48 UTC 2019
------------------ testing $PTII/ptolemy/domains/de/test/auto/Modal4.xml
auto.tcl: Setting watchdog for 200 seconds at Thu Oct 10 05:52:48 UTC 2019
13 ms. Memory: 48128K Free: 21066K (44%)
ptolemy.util.test.WatchDog.cancel(): canceling Thu Oct 10 05:52:48 UTC 2019
auto.tcl: Setting watchdog for 200 seconds at Thu Oct 10 05:52:48 UTC 2019
21 ms. Memory: 48128K Free: 17238K (36%)
ptolemy.util.test.WatchDog.cancel(): canceling Thu Oct 10 05:52:48 UTC 2019
------------------ testing $PTII/ptolemy/domains/de/test/auto/Modal5.xml
auto.tcl: Setting watchdog for 200 seconds at Thu Oct 10 05:52:48 UTC 2019
12 ms. Memory: 48128K Free: 21053K (44%)
ptolemy.util.test.WatchDog.cancel(): canceling Thu Oct 10 05:52:48 UTC 2019
auto.tcl: Setting watchdog for 200 seconds at Thu Oct 10 05:52:48 UTC 2019
14 ms. Memory: 48128K Free: 17225K (36%)
ptolemy.util.test.WatchDog.cancel(): canceling Thu Oct 10 05:52:48 UTC 2019
------------------ testing $PTII/ptolemy/domains/de/test/auto/Modal6.xml
auto.tcl: Setting watchdog for 200 seconds at Thu Oct 10 05:52:48 UTC 2019
11 ms. Memory: 48128K Free: 21869K (45%)
ptolemy.util.test.WatchDog.cancel(): canceling Thu Oct 10 05:52:48 UTC 2019
auto.tcl: Setting watchdog for 200 seconds at Thu Oct 10 05:52:48 UTC 2019
13 ms. Memory: 48128K Free: 17855K (37%)
ptolemy.util.test.WatchDog.cancel(): canceling Thu Oct 10 05:52:48 UTC 2019
------------------ testing $PTII/ptolemy/domains/de/test/auto/Modal7.xml
auto.tcl: Setting watchdog for 200 seconds at Thu Oct 10 05:52:48 UTC 2019
14 ms. Memory: 48128K Free: 20819K (43%)
ptolemy.util.test.WatchDog.cancel(): canceling Thu Oct 10 05:52:49 UTC 2019
auto.tcl: Setting watchdog for 200 seconds at Thu Oct 10 05:52:49 UTC 2019
11 ms. Memory: 48128K Free: 17311K (36%)
ptolemy.util.test.WatchDog.cancel(): canceling Thu Oct 10 05:52:49 UTC 2019
------------------ testing $PTII/ptolemy/domains/de/test/auto/ModalModel.xml
auto.tcl: Setting watchdog for 200 seconds at Thu Oct 10 05:52:49 UTC 2019
207 ms. Memory: 68608K Free: 53091K (77%)
ptolemy.util.test.WatchDog.cancel(): canceling Thu Oct 10 05:52:49 UTC 2019
auto.tcl: Setting watchdog for 200 seconds at Thu Oct 10 05:52:49 UTC 2019
212 ms. Memory: 68608K Free: 25317K (37%)
ptolemy.util.test.WatchDog.cancel(): canceling Thu Oct 10 05:52:49 UTC 2019
------------------ testing $PTII/ptolemy/domains/de/test/auto/ModalSource.xml
auto.tcl: Setting watchdog for 200 seconds at Thu Oct 10 05:52:49 UTC 2019
6 ms. Memory: 51200K Free: 28747K (56%)
ptolemy.util.test.WatchDog.cancel(): canceling Thu Oct 10 05:52:49 UTC 2019
auto.tcl: Setting watchdog for 200 seconds at Thu Oct 10 05:52:49 UTC 2019
5 ms. Memory: 51200K Free: 26699K (52%)
ptolemy.util.test.WatchDog.cancel(): canceling Thu Oct 10 05:52:49 UTC 2019
------------------ testing $PTII/ptolemy/domains/de/test/auto/NonInterruptibleTimerZeroDelay.xml
auto.tcl: Setting watchdog for 200 seconds at Thu Oct 10 05:52:49 UTC 2019
3 ms. Memory: 48128K Free: 30662K (64%)
ptolemy.util.test.WatchDog.cancel(): canceling Thu Oct 10 05:52:49 UTC 2019
auto.tcl: Setting watchdog for 200 seconds at Thu Oct 10 05:52:49 UTC 2019
3 ms. Memory: 48128K Free: 29958K (62%)
ptolemy.util.test.WatchDog.cancel(): canceling Thu Oct 10 05:52:49 UTC 2019
------------------ testing $PTII/ptolemy/domains/de/test/auto/OpenQueueingNetwork.xml
auto.tcl: Setting watchdog for 200 seconds at Thu Oct 10 05:52:49 UTC 2019
2874 ms. Memory: 100352K Free: 44613K (44%)
ptolemy.util.test.WatchDog.cancel(): canceling Thu Oct 10 05:52:52 UTC 2019
auto.tcl: Setting watchdog for 200 seconds at Thu Oct 10 05:52:52 UTC 2019
2144 ms. Memory: 120832K Free: 61953K (51%)
ptolemy.util.test.WatchDog.cancel(): canceling Thu Oct 10 05:52:54 UTC 2019
------------------ testing $PTII/ptolemy/domains/de/test/auto/OpenQueuingNetwork.xml
auto.tcl: Setting watchdog for 200 seconds at Thu Oct 10 05:52:54 UTC 2019
273 ms. Memory: 58368K Free: 33935K (58%)
ptolemy.util.test.WatchDog.cancel(): canceling Thu Oct 10 05:52:55 UTC 2019
auto.tcl: Setting watchdog for 200 seconds at Thu Oct 10 05:52:55 UTC 2019
257 ms. Memory: 58368K Free: 15871K (27%)
ptolemy.util.test.WatchDog.cancel(): canceling Thu Oct 10 05:52:55 UTC 2019
------------------ testing $PTII/ptolemy/domains/de/test/auto/PeriodicSampler.xml
auto.tcl: Setting watchdog for 200 seconds at Thu Oct 10 05:52:55 UTC 2019
4 ms. Memory: 51200K Free: 32884K (64%)
ptolemy.util.test.WatchDog.cancel(): canceling Thu Oct 10 05:52:55 UTC 2019
auto.tcl: Setting watchdog for 200 seconds at Thu Oct 10 05:52:55 UTC 2019
2 ms. Memory: 51200K Free: 32364K (63%)
ptolemy.util.test.WatchDog.cancel(): canceling Thu Oct 10 05:52:55 UTC 2019
------------------ testing $PTII/ptolemy/domains/de/test/auto/PersistentIO.xml
auto.tcl: Setting watchdog for 200 seconds at Thu Oct 10 05:52:55 UTC 2019
15 ms. Memory: 51200K Free: 27809K (54%)
ptolemy.util.test.WatchDog.cancel(): canceling Thu Oct 10 05:52:55 UTC 2019
auto.tcl: Setting watchdog for 200 seconds at Thu Oct 10 05:52:55 UTC 2019
5 ms. Memory: 51200K Free: 26289K (51%)
ptolemy.util.test.WatchDog.cancel(): canceling Thu Oct 10 05:52:55 UTC 2019
------------------ testing $PTII/ptolemy/domains/de/test/auto/PortParameterResetOnInitialize.xml
auto.tcl: Setting watchdog for 200 seconds at Thu Oct 10 05:52:55 UTC 2019
8 ms. Memory: 51200K Free: 32807K (64%)
ptolemy.util.test.WatchDog.cancel(): canceling Thu Oct 10 05:52:55 UTC 2019
auto.tcl: Setting watchdog for 200 seconds at Thu Oct 10 05:52:55 UTC 2019
2 ms. Memory: 51200K Free: 32297K (63%)
ptolemy.util.test.WatchDog.cancel(): canceling Thu Oct 10 05:52:55 UTC 2019
------------------ testing $PTII/ptolemy/domains/de/test/auto/PortParameterUpdates.xml
auto.tcl: Setting watchdog for 200 seconds at Thu Oct 10 05:52:55 UTC 2019
7 ms. Memory: 51200K Free: 31092K (61%)
ptolemy.util.test.WatchDog.cancel(): canceling Thu Oct 10 05:52:55 UTC 2019
auto.tcl: Setting watchdog for 200 seconds at Thu Oct 10 05:52:55 UTC 2019
4 ms. Memory: 51200K Free: 29861K (58%)
ptolemy.util.test.WatchDog.cancel(): canceling Thu Oct 10 05:52:55 UTC 2019
------------------ testing $PTII/ptolemy/domains/de/test/auto/QueueAndServer.xml
auto.tcl: Setting watchdog for 200 seconds at Thu Oct 10 05:52:55 UTC 2019
18 ms. Memory: 51200K Free: 29831K (58%)
ptolemy.util.test.WatchDog.cancel(): canceling Thu Oct 10 05:52:56 UTC 2019
auto.tcl: Setting watchdog for 200 seconds at Thu Oct 10 05:52:56 UTC 2019
10 ms. Memory: 51200K Free: 28297K (55%)
ptolemy.util.test.WatchDog.cancel(): canceling Thu Oct 10 05:52:56 UTC 2019
------------------ testing $PTII/ptolemy/domains/de/test/auto/Records.xml
auto.tcl: Setting watchdog for 200 seconds at Thu Oct 10 05:52:56 UTC 2019
4 ms. Memory: 48128K Free: 28987K (60%)
ptolemy.util.test.WatchDog.cancel(): canceling Thu Oct 10 05:52:56 UTC 2019
auto.tcl: Setting watchdog for 200 seconds at Thu Oct 10 05:52:56 UTC 2019
2 ms. Memory: 48128K Free: 28484K (59%)
ptolemy.util.test.WatchDog.cancel(): canceling Thu Oct 10 05:52:56 UTC 2019
------------------ testing $PTII/ptolemy/domains/de/test/auto/ResetTransitionWithStartTime1.xml
auto.tcl: Setting watchdog for 200 seconds at Thu Oct 10 05:52:56 UTC 2019
12 ms. Memory: 48128K Free: 26222K (54%)
ptolemy.util.test.WatchDog.cancel(): canceling Thu Oct 10 05:52:56 UTC 2019
auto.tcl: Setting watchdog for 200 seconds at Thu Oct 10 05:52:56 UTC 2019
8 ms. Memory: 48128K Free: 24174K (50%)
ptolemy.util.test.WatchDog.cancel(): canceling Thu Oct 10 05:52:56 UTC 2019
------------------ testing $PTII/ptolemy/domains/de/test/auto/ResetTransitionWithStartTime2.xml
auto.tcl: Setting watchdog for 200 seconds at Thu Oct 10 05:52:56 UTC 2019
10 ms. Memory: 48128K Free: 26177K (54%)
ptolemy.util.test.WatchDog.cancel(): canceling Thu Oct 10 05:52:56 UTC 2019
auto.tcl: Setting watchdog for 200 seconds at Thu Oct 10 05:52:56 UTC 2019
7 ms. Memory: 48128K Free: 24129K (50%)
ptolemy.util.test.WatchDog.cancel(): canceling Thu Oct 10 05:52:56 UTC 2019
------------------ testing $PTII/ptolemy/domains/de/test/auto/ResetTransitionWithStartTime3.xml
auto.tcl: Setting watchdog for 200 seconds at Thu Oct 10 05:52:56 UTC 2019
10 ms. Memory: 48128K Free: 26176K (54%)
ptolemy.util.test.WatchDog.cancel(): canceling Thu Oct 10 05:52:56 UTC 2019
auto.tcl: Setting watchdog for 200 seconds at Thu Oct 10 05:52:56 UTC 2019
6 ms. Memory: 48128K Free: 23657K (49%)
ptolemy.util.test.WatchDog.cancel(): canceling Thu Oct 10 05:52:56 UTC 2019
------------------ testing $PTII/ptolemy/domains/de/test/auto/ResetTransitionWithStartTime4.xml
auto.tcl: Setting watchdog for 200 seconds at Thu Oct 10 05:52:56 UTC 2019
7 ms. Memory: 48128K Free: 26639K (55%)
ptolemy.util.test.WatchDog.cancel(): canceling Thu Oct 10 05:52:56 UTC 2019
auto.tcl: Setting watchdog for 200 seconds at Thu Oct 10 05:52:56 UTC 2019
4 ms. Memory: 48128K Free: 25213K (52%)
ptolemy.util.test.WatchDog.cancel(): canceling Thu Oct 10 05:52:56 UTC 2019
------------------ testing $PTII/ptolemy/domains/de/test/auto/ResettableTimer1.xml
auto.tcl: Setting watchdog for 200 seconds at Thu Oct 10 05:52:56 UTC 2019
3 ms. Memory: 48128K Free: 30640K (64%)
ptolemy.util.test.WatchDog.cancel(): canceling Thu Oct 10 05:52:56 UTC 2019
auto.tcl: Setting watchdog for 200 seconds at Thu Oct 10 05:52:56 UTC 2019
4 ms. Memory: 48128K Free: 29760K (62%)
ptolemy.util.test.WatchDog.cancel(): canceling Thu Oct 10 05:52:56 UTC 2019
------------------ testing $PTII/ptolemy/domains/de/test/auto/ResettableTimer2.xml
auto.tcl: Setting watchdog for 200 seconds at Thu Oct 10 05:52:56 UTC 2019
7 ms. Memory: 48128K Free: 30399K (63%)
ptolemy.util.test.WatchDog.cancel(): canceling Thu Oct 10 05:52:56 UTC 2019
auto.tcl: Setting watchdog for 200 seconds at Thu Oct 10 05:52:56 UTC 2019
3 ms. Memory: 48128K Free: 29311K (61%)
ptolemy.util.test.WatchDog.cancel(): canceling Thu Oct 10 05:52:56 UTC 2019
------------------ testing $PTII/ptolemy/domains/de/test/auto/ResettableTimer3.xml
auto.tcl: Setting watchdog for 200 seconds at Thu Oct 10 05:52:56 UTC 2019
2 ms. Memory: 48128K Free: 30335K (63%)
ptolemy.util.test.WatchDog.cancel(): canceling Thu Oct 10 05:52:56 UTC 2019
auto.tcl: Setting watchdog for 200 seconds at Thu Oct 10 05:52:56 UTC 2019
1 ms. Memory: 48128K Free: 30308K (63%)
ptolemy.util.test.WatchDog.cancel(): canceling Thu Oct 10 05:52:56 UTC 2019
------------------ testing $PTII/ptolemy/domains/de/test/auto/ResettableTimer4.xml
auto.tcl: Setting watchdog for 200 seconds at Thu Oct 10 05:52:56 UTC 2019
2 ms. Memory: 48128K Free: 30349K (63%)
ptolemy.util.test.WatchDog.cancel(): canceling Thu Oct 10 05:52:56 UTC 2019
auto.tcl: Setting watchdog for 200 seconds at Thu Oct 10 05:52:56 UTC 2019
2 ms. Memory: 48128K Free: 29851K (62%)
ptolemy.util.test.WatchDog.cancel(): canceling Thu Oct 10 05:52:56 UTC 2019
------------------ testing $PTII/ptolemy/domains/de/test/auto/ResettableTimer5.xml
auto.tcl: Setting watchdog for 200 seconds at Thu Oct 10 05:52:56 UTC 2019
1 ms. Memory: 48128K Free: 29792K (62%)
ptolemy.util.test.WatchDog.cancel(): canceling Thu Oct 10 05:52:56 UTC 2019
auto.tcl: Setting watchdog for 200 seconds at Thu Oct 10 05:52:56 UTC 2019
1 ms. Memory: 48128K Free: 29323K (61%)
ptolemy.util.test.WatchDog.cancel(): canceling Thu Oct 10 05:52:56 UTC 2019
------------------ testing $PTII/ptolemy/domains/de/test/auto/ResettableTimer6.xml
auto.tcl: Setting watchdog for 200 seconds at Thu Oct 10 05:52:56 UTC 2019
1 ms. Memory: 48128K Free: 29783K (62%)
ptolemy.util.test.WatchDog.cancel(): canceling Thu Oct 10 05:52:56 UTC 2019
auto.tcl: Setting watchdog for 200 seconds at Thu Oct 10 05:52:56 UTC 2019
2 ms. Memory: 48128K Free: 29298K (61%)
ptolemy.util.test.WatchDog.cancel(): canceling Thu Oct 10 05:52:56 UTC 2019
------------------ testing $PTII/ptolemy/domains/de/test/auto/ServerZeroDelay.xml
auto.tcl: Setting watchdog for 200 seconds at Thu Oct 10 05:52:56 UTC 2019
3 ms. Memory: 48128K Free: 30302K (63%)
ptolemy.util.test.WatchDog.cancel(): canceling Thu Oct 10 05:52:56 UTC 2019
auto.tcl: Setting watchdog for 200 seconds at Thu Oct 10 05:52:56 UTC 2019
3 ms. Memory: 48128K Free: 29324K (61%)
ptolemy.util.test.WatchDog.cancel(): canceling Thu Oct 10 05:52:56 UTC 2019
------------------ testing $PTII/ptolemy/domains/de/test/auto/SmartSender.xml
auto.tcl: Setting watchdog for 200 seconds at Thu Oct 10 05:52:56 UTC 2019
3002 ms. Memory: 48128K Free: 30307K (63%)
ptolemy.util.test.WatchDog.cancel(): canceling Thu Oct 10 05:52:59 UTC 2019
auto.tcl: Setting watchdog for 200 seconds at Thu Oct 10 05:52:59 UTC 2019
3002 ms. Memory: 48128K Free: 29795K (62%)
ptolemy.util.test.WatchDog.cancel(): canceling Thu Oct 10 05:53:02 UTC 2019
------------------ testing $PTII/ptolemy/domains/de/test/auto/ThreadedComposite.xml
auto.tcl: Setting watchdog for 200 seconds at Thu Oct 10 05:53:02 UTC 2019
213 ms. Memory: 48128K Free: 11364K (24%)
ptolemy.util.test.WatchDog.cancel(): canceling Thu Oct 10 05:53:03 UTC 2019
auto.tcl: Setting watchdog for 200 seconds at Thu Oct 10 05:53:03 UTC 2019
156 ms. Memory: 48128K Free: 24524K (51%)
ptolemy.util.test.WatchDog.cancel(): canceling Thu Oct 10 05:53:03 UTC 2019
------------------ testing $PTII/ptolemy/domains/de/test/auto/Time.xml
auto.tcl: Setting watchdog for 200 seconds at Thu Oct 10 05:53:03 UTC 2019
652 ms. Memory: 48128K Free: 27434K (57%)
ptolemy.util.test.WatchDog.cancel(): canceling Thu Oct 10 05:53:04 UTC 2019
auto.tcl: Setting watchdog for 200 seconds at Thu Oct 10 05:53:04 UTC 2019
623 ms. Memory: 48128K Free: 24002K (50%)
ptolemy.util.test.WatchDog.cancel(): canceling Thu Oct 10 05:53:04 UTC 2019
------------------ testing $PTII/ptolemy/domains/de/test/auto/TimeDelayZeroDelay.xml
auto.tcl: Setting watchdog for 200 seconds at Thu Oct 10 05:53:04 UTC 2019
4 ms. Memory: 48128K Free: 30723K (64%)
ptolemy.util.test.WatchDog.cancel(): canceling Thu Oct 10 05:53:04 UTC 2019
auto.tcl: Setting watchdog for 200 seconds at Thu Oct 10 05:53:04 UTC 2019
2 ms. Memory: 48128K Free: 29829K (62%)
ptolemy.util.test.WatchDog.cancel(): canceling Thu Oct 10 05:53:04 UTC 2019
------------------ testing $PTII/ptolemy/domains/de/test/auto/TimerZeroDelay.xml
auto.tcl: Setting watchdog for 200 seconds at Thu Oct 10 05:53:04 UTC 2019
3 ms. Memory: 48128K Free: 30766K (64%)
ptolemy.util.test.WatchDog.cancel(): canceling Thu Oct 10 05:53:04 UTC 2019
auto.tcl: Setting watchdog for 200 seconds at Thu Oct 10 05:53:04 UTC 2019
2 ms. Memory: 48128K Free: 30270K (63%)
ptolemy.util.test.WatchDog.cancel(): canceling Thu Oct 10 05:53:04 UTC 2019
------------------ testing $PTII/ptolemy/domains/de/test/auto/TimingParadox.xml
auto.tcl: Setting watchdog for 200 seconds at Thu Oct 10 05:53:04 UTC 2019
506 ms. Memory: 58368K Free: 29608K (51%)
ptolemy.util.test.WatchDog.cancel(): canceling Thu Oct 10 05:53:05 UTC 2019
auto.tcl: Setting watchdog for 200 seconds at Thu Oct 10 05:53:05 UTC 2019
531 ms. Memory: 58368K Free: 24652K (42%)
ptolemy.util.test.WatchDog.cancel(): canceling Thu Oct 10 05:53:06 UTC 2019
------------------ testing $PTII/ptolemy/domains/de/test/auto/TransferInputs.xml
auto.tcl: Setting watchdog for 200 seconds at Thu Oct 10 05:53:06 UTC 2019
2 ms. Memory: 55296K Free: 35906K (65%)
ptolemy.util.test.WatchDog.cancel(): canceling Thu Oct 10 05:53:06 UTC 2019
auto.tcl: Setting watchdog for 200 seconds at Thu Oct 10 05:53:06 UTC 2019
2 ms. Memory: 55296K Free: 34928K (63%)
ptolemy.util.test.WatchDog.cancel(): canceling Thu Oct 10 05:53:06 UTC 2019
------------------ testing $PTII/ptolemy/domains/de/test/auto/TransferOutputs2.xml
auto.tcl: Setting watchdog for 200 seconds at Thu Oct 10 05:53:06 UTC 2019
3 ms. Memory: 51200K Free: 29252K (57%)
ptolemy.util.test.WatchDog.cancel(): canceling Thu Oct 10 05:53:06 UTC 2019
auto.tcl: Setting watchdog for 200 seconds at Thu Oct 10 05:53:06 UTC 2019
4 ms. Memory: 51200K Free: 27806K (54%)
ptolemy.util.test.WatchDog.cancel(): canceling Thu Oct 10 05:53:06 UTC 2019
------------------ testing $PTII/ptolemy/domains/de/test/auto/Trilateration.xml
auto.tcl: Setting watchdog for 200 seconds at Thu Oct 10 05:53:06 UTC 2019
15357 ms. Memory: 458752K Free: 201138K (44%)
ptolemy.util.test.WatchDog.cancel(): canceling Thu Oct 10 05:53:22 UTC 2019
auto.tcl: Setting watchdog for 200 seconds at Thu Oct 10 05:53:22 UTC 2019
11393 ms. Memory: 458752K Free: 277935K (61%)
ptolemy.util.test.WatchDog.cancel(): canceling Thu Oct 10 05:53:34 UTC 2019
------------------ testing $PTII/ptolemy/domains/de/test/auto/TwoSigmaDelta.xml
auto.tcl: Setting watchdog for 200 seconds at Thu Oct 10 05:53:34 UTC 2019
2619 ms. Memory: 89088K Free: 31461K (35%)
ptolemy.util.test.WatchDog.cancel(): canceling Thu Oct 10 05:53:37 UTC 2019
auto.tcl: Setting watchdog for 200 seconds at Thu Oct 10 05:53:37 UTC 2019
2108 ms. Memory: 89088K Free: 28930K (32%)
ptolemy.util.test.WatchDog.cancel(): canceling Thu Oct 10 05:53:39 UTC 2019
------------------ testing $PTII/ptolemy/domains/de/test/auto/VariableDelay.xml
auto.tcl: Setting watchdog for 200 seconds at Thu Oct 10 05:53:39 UTC 2019
2 ms. Memory: 51200K Free: 32283K (63%)
ptolemy.util.test.WatchDog.cancel(): canceling Thu Oct 10 05:53:39 UTC 2019
auto.tcl: Setting watchdog for 200 seconds at Thu Oct 10 05:53:39 UTC 2019
3 ms. Memory: 51200K Free: 31289K (61%)
ptolemy.util.test.WatchDog.cancel(): canceling Thu Oct 10 05:53:39 UTC 2019
------------------ testing $PTII/ptolemy/domains/de/test/auto/VariableDelay2.xml
auto.tcl: Setting watchdog for 200 seconds at Thu Oct 10 05:53:39 UTC 2019
2 ms. Memory: 51200K Free: 32897K (64%)
ptolemy.util.test.WatchDog.cancel(): canceling Thu Oct 10 05:53:39 UTC 2019
auto.tcl: Setting watchdog for 200 seconds at Thu Oct 10 05:53:39 UTC 2019
2 ms. Memory: 51200K Free: 32385K (63%)
ptolemy.util.test.WatchDog.cancel(): canceling Thu Oct 10 05:53:39 UTC 2019
------------------ testing $PTII/ptolemy/domains/de/test/auto/VariableDelayZeroDelay.xml
auto.tcl: Setting watchdog for 200 seconds at Thu Oct 10 05:53:39 UTC 2019
2 ms. Memory: 48128K Free: 30153K (63%)
ptolemy.util.test.WatchDog.cancel(): canceling Thu Oct 10 05:53:39 UTC 2019
auto.tcl: Setting watchdog for 200 seconds at Thu Oct 10 05:53:39 UTC 2019
2 ms. Memory: 48128K Free: 29628K (62%)
ptolemy.util.test.WatchDog.cancel(): canceling Thu Oct 10 05:53:39 UTC 2019
------------------ testing $PTII/ptolemy/domains/de/test/auto/VariableDelayZeroDelay2.xml
auto.tcl: Setting watchdog for 200 seconds at Thu Oct 10 05:53:39 UTC 2019
2 ms. Memory: 48128K Free: 30152K (63%)
ptolemy.util.test.WatchDog.cancel(): canceling Thu Oct 10 05:53:39 UTC 2019
auto.tcl: Setting watchdog for 200 seconds at Thu Oct 10 05:53:39 UTC 2019
2 ms. Memory: 48128K Free: 29184K (61%)
ptolemy.util.test.WatchDog.cancel(): canceling Thu Oct 10 05:53:39 UTC 2019
------------------ testing $PTII/ptolemy/domains/de/test/auto/deInCt.xml
auto.tcl: Setting watchdog for 200 seconds at Thu Oct 10 05:53:39 UTC 2019
0
1
1
1
0
0
0
1
1
1
0
0
0
1
1
1
0
0
0
0
1
1
1
0
0
0
0
1
1
1
0
0
0
1
1
1
0
0
0
1
1
1
0
0
0
1
1
1
1
21 ms. Memory: 48128K Free: 29126K (61%)
ptolemy.util.test.WatchDog.cancel(): canceling Thu Oct 10 05:53:39 UTC 2019
auto.tcl: Setting watchdog for 200 seconds at Thu Oct 10 05:53:39 UTC 2019
0
1
1
1
0
0
0
1
1
1
1
0
0
0
1
1
0
0
0
1
1
1
0
0
0
1
1
1
0
0
0
1
1
1
0
0
0
1
1
1
0
0
1
1
1
0
0
0
0
1
1
1
1
9 ms. Memory: 48128K Free: 27595K (57%)
ptolemy.util.test.WatchDog.cancel(): canceling Thu Oct 10 05:53:39 UTC 2019
------------------ testing $PTII/ptolemy/domains/de/test/auto/deInCt2.xml
auto.tcl: Setting watchdog for 200 seconds at Thu Oct 10 05:53:39 UTC 2019
0
1
1
1
0
0
1
1
1
0
0
1
1
1
0
0
1
1
1
0
0
1
1
1
0
0
1
1
1
0
0
1
1
1
0
0
1
1
1
0
0
0
12 ms. Memory: 48128K Free: 28572K (59%)
ptolemy.util.test.WatchDog.cancel(): canceling Thu Oct 10 05:53:39 UTC 2019
auto.tcl: Setting watchdog for 200 seconds at Thu Oct 10 05:53:39 UTC 2019
0
1
1
1
0
0
1
1
1
0
0
1
1
1
0
0
1
1
1
0
0
1
1
1
0
0
1
1
1
0
0
1
1
1
0
0
1
1
1
0
0
0
6 ms. Memory: 48128K Free: 27079K (56%)
ptolemy.util.test.WatchDog.cancel(): canceling Thu Oct 10 05:53:39 UTC 2019
------------------ testing $PTII/ptolemy/domains/de/test/auto/dynamicCausalityInterface1.xml
auto.tcl: Setting watchdog for 200 seconds at Thu Oct 10 05:53:39 UTC 2019
2 ms. Memory: 48128K Free: 24333K (51%)
ptolemy.util.test.WatchDog.cancel(): canceling Thu Oct 10 05:53:39 UTC 2019
auto.tcl: Setting watchdog for 200 seconds at Thu Oct 10 05:53:39 UTC 2019
0 ms. Memory: 48128K Free: 23930K (50%)
ptolemy.util.test.WatchDog.cancel(): canceling Thu Oct 10 05:53:39 UTC 2019
------------------ testing $PTII/ptolemy/domains/de/test/auto/fsm_de_test.xml
auto.tcl: Setting watchdog for 200 seconds at Thu Oct 10 05:53:39 UTC 2019
11 ms. Memory: 48128K Free: 25027K (52%)
ptolemy.util.test.WatchDog.cancel(): canceling Thu Oct 10 05:53:39 UTC 2019
auto.tcl: Setting watchdog for 200 seconds at Thu Oct 10 05:53:39 UTC 2019
10 ms. Memory: 48128K Free: 22846K (47%)
ptolemy.util.test.WatchDog.cancel(): canceling Thu Oct 10 05:53:39 UTC 2019
------------------ testing $PTII/ptolemy/domains/de/test/auto/functionDependencyReconstruction.xml
auto.tcl: Setting watchdog for 200 seconds at Thu Oct 10 05:53:39 UTC 2019
2 ms. Memory: 48128K Free: 18697K (39%)
ptolemy.util.test.WatchDog.cancel(): canceling Thu Oct 10 05:53:40 UTC 2019
auto.tcl: Setting watchdog for 200 seconds at Thu Oct 10 05:53:40 UTC 2019
3 ms. Memory: 48128K Free: 16683K (35%)
ptolemy.util.test.WatchDog.cancel(): canceling Thu Oct 10 05:53:40 UTC 2019
------------------ testing $PTII/ptolemy/domains/de/test/auto/multirate.xml
auto.tcl: Setting watchdog for 200 seconds at Thu Oct 10 05:53:40 UTC 2019
5 ms. Memory: 48128K Free: 27497K (57%)
ptolemy.util.test.WatchDog.cancel(): canceling Thu Oct 10 05:53:40 UTC 2019
auto.tcl: Setting watchdog for 200 seconds at Thu Oct 10 05:53:40 UTC 2019
3 ms. Memory: 48128K Free: 25805K (54%)
ptolemy.util.test.WatchDog.cancel(): canceling Thu Oct 10 05:53:40 UTC 2019
------------------ testing $PTII/ptolemy/domains/de/test/auto/multirate2.xml
auto.tcl: Setting watchdog for 200 seconds at Thu Oct 10 05:53:40 UTC 2019
3 ms. Memory: 48128K Free: 27677K (58%)
ptolemy.util.test.WatchDog.cancel(): canceling Thu Oct 10 05:53:40 UTC 2019
auto.tcl: Setting watchdog for 200 seconds at Thu Oct 10 05:53:40 UTC 2019
3 ms. Memory: 48128K Free: 25991K (54%)
ptolemy.util.test.WatchDog.cancel(): canceling Thu Oct 10 05:53:40 UTC 2019
------------------ testing $PTII/ptolemy/domains/de/test/auto/realtime.xml
auto.tcl: Setting watchdog for 200 seconds at Thu Oct 10 05:53:40 UTC 2019
10002 ms. Memory: 48128K Free: 29724K (62%)
ptolemy.util.test.WatchDog.cancel(): canceling Thu Oct 10 05:53:50 UTC 2019
auto.tcl: Setting watchdog for 200 seconds at Thu Oct 10 05:53:50 UTC 2019
10001 ms. Memory: 48128K Free: 28998K (60%)
ptolemy.util.test.WatchDog.cancel(): canceling Thu Oct 10 05:54:00 UTC 2019
------------------ testing $PTII/ptolemy/domains/de/test/auto/relationGroup.xml
auto.tcl: Setting watchdog for 200 seconds at Thu Oct 10 05:54:00 UTC 2019
2 ms. Memory: 48128K Free: 30796K (64%)
ptolemy.util.test.WatchDog.cancel(): canceling Thu Oct 10 05:54:00 UTC 2019
auto.tcl: Setting watchdog for 200 seconds at Thu Oct 10 05:54:00 UTC 2019
2 ms. Memory: 48128K Free: 30079K (62%)
ptolemy.util.test.WatchDog.cancel(): canceling Thu Oct 10 05:54:00 UTC 2019
------------------ testing $PTII/ptolemy/domains/de/test/auto/relationGroup2.xml
auto.tcl: Setting watchdog for 200 seconds at Thu Oct 10 05:54:00 UTC 2019
2 ms. Memory: 48128K Free: 30860K (64%)
ptolemy.util.test.WatchDog.cancel(): canceling Thu Oct 10 05:54:00 UTC 2019
auto.tcl: Setting watchdog for 200 seconds at Thu Oct 10 05:54:00 UTC 2019
2 ms. Memory: 48128K Free: 30360K (63%)
ptolemy.util.test.WatchDog.cancel(): canceling Thu Oct 10 05:54:00 UTC 2019
------------------ testing $PTII/ptolemy/domains/de/test/auto/sortWithOpaquePorts.xml
auto.tcl: Setting watchdog for 200 seconds at Thu Oct 10 05:54:00 UTC 2019
1 ms. Memory: 48128K Free: 29560K (61%)
ptolemy.util.test.WatchDog.cancel(): canceling Thu Oct 10 05:54:00 UTC 2019
auto.tcl: Setting watchdog for 200 seconds at Thu Oct 10 05:54:00 UTC 2019
2 ms. Memory: 48128K Free: 28581K (59%)
ptolemy.util.test.WatchDog.cancel(): canceling Thu Oct 10 05:54:00 UTC 2019
------------------ testing $PTII/ptolemy/domains/de/test/auto/transferInputsandOutputs.xml
auto.tcl: Setting watchdog for 200 seconds at Thu Oct 10 05:54:00 UTC 2019
4 ms. Memory: 48128K Free: 27020K (56%)
ptolemy.util.test.WatchDog.cancel(): canceling Thu Oct 10 05:54:00 UTC 2019
auto.tcl: Setting watchdog for 200 seconds at Thu Oct 10 05:54:00 UTC 2019
4 ms. Memory: 48128K Free: 26051K (54%)
ptolemy.util.test.WatchDog.cancel(): canceling Thu Oct 10 05:54:00 UTC 2019
------------------ testing $PTII/ptolemy/domains/de/test/auto/triggerType.xml
auto.tcl: Setting watchdog for 200 seconds at Thu Oct 10 05:54:00 UTC 2019
2 ms. Memory: 48128K Free: 30045K (62%)
ptolemy.util.test.WatchDog.cancel(): canceling Thu Oct 10 05:54:00 UTC 2019
auto.tcl: Setting watchdog for 200 seconds at Thu Oct 10 05:54:00 UTC 2019
2 ms. Memory: 48128K Free: 29054K (60%)
ptolemy.util.test.WatchDog.cancel(): canceling Thu Oct 10 05:54:00 UTC 2019
10/10/19 05:54:00
Failed: 0  Total Tests: 192  ((Passed: 187, Newly Passed: 1)  Known Failed: 5) /home/travis/build/icyphy/ptII/ptolemy/domains/de/test
10/10/19 05:54:00
Failed: 0  Total Tests: 192  ((Passed: 187, Newly Passed: 1)  Known Failed: 5) /home/travis/build/icyphy/ptII/ptolemy/domains/de/test
----------------- testing (KnownFailure) /home/travis/build/icyphy/ptII/ptolemy/domains/de/test/auto/knownFailedTests/DESDFClockTest.xml
2015 ms. Memory: 48128K Free: 23440K (49%)
Known Failure: java.lang.reflect.InvocationTargetException
----------------- testing (KnownFailure) /home/travis/build/icyphy/ptII/ptolemy/domains/de/test/auto/knownFailedTests/DirectFeedback.xml
2 ms. Memory: 48128K Free: 19858K (41%)
Known Failure: java.lang.reflect.InvocationTargetException
----------------- testing (KnownFailure) /home/travis/build/icyphy/ptII/ptolemy/domains/de/test/auto/knownFailedTests/FSMSource.xml
8 ms. Memory: 48128K Free: 12690K (26%)
----------------- testing (KnownFailure) /home/travis/build/icyphy/ptII/ptolemy/domains/de/test/auto/knownFailedTests/HierarchicalModel.xml
2 ms. Memory: 48128K Free: 22841K (47%)
Known Failure: java.lang.reflect.InvocationTargetException
----------------- testing (KnownFailure) /home/travis/build/icyphy/ptII/ptolemy/domains/de/test/auto/knownFailedTests/dependencyLoop.xml
8 ms. Memory: 48128K Free: 33400K (69%)
Known Failure: java.lang.reflect.InvocationTargetException
----------------- testing (KnownFailure) /home/travis/build/icyphy/ptII/ptolemy/domains/de/test/auto/knownFailedTests/dependencyLoop2.xml
8 ms. Memory: 48128K Free: 18409K (38%)
Known Failure: java.lang.reflect.InvocationTargetException
No auto/linux-amd64/*.xml tests in /home/travis/build/icyphy/ptII/ptolemy/domains/de/test
AutoTests.java: About to close Vertx.
AutoTests.java: Vertx closed.

===========================================================================================
----------------- testing Thu Oct 10 05:54:02 UTC 2019 /home/travis/build/icyphy/ptII/ptolemy/domains/de/test/auto/ActorDepthCalculation_actorWithoutPorts.xml
----------------- Instantiating /home/travis/build/icyphy/ptII/ptolemy/domains/de/test/auto/ActorDepthCalculation_actorWithoutPorts.xml
3 ms. Memory: 48128K Free: 12414K (26%)
----------------- Invoking toplevel() on ptolemy.moml.MoMLSimpleApplication@791f1b4c
----------------- Done invoking toplevel() on ptolemy.moml.MoMLSimpleApplication@791f1b4c
reloadAllAccessors: .ActorDepthCalculation_actorWithoutPorts

===========================================================================================
----------------- testing Thu Oct 10 05:54:02 UTC 2019 /home/travis/build/icyphy/ptII/ptolemy/domains/de/test/auto/AssemblyLine.xml
----------------- Instantiating /home/travis/build/icyphy/ptII/ptolemy/domains/de/test/auto/AssemblyLine.xml
4 ms. Memory: 48128K Free: 30924K (64%)
----------------- Invoking toplevel() on ptolemy.moml.MoMLSimpleApplication@2c2a1a83
----------------- Done invoking toplevel() on ptolemy.moml.MoMLSimpleApplication@2c2a1a83
reloadAllAccessors: .AssemblyLine

===========================================================================================
----------------- testing Thu Oct 10 05:54:02 UTC 2019 /home/travis/build/icyphy/ptII/ptolemy/domains/de/test/auto/CQBug1.xml
----------------- Instantiating /home/travis/build/icyphy/ptII/ptolemy/domains/de/test/auto/CQBug1.xml
2 ms. Memory: 48128K Free: 28009K (58%)
----------------- Invoking toplevel() on ptolemy.moml.MoMLSimpleApplication@4681d999
----------------- Done invoking toplevel() on ptolemy.moml.MoMLSimpleApplication@4681d999
reloadAllAccessors: .CQBug1

===========================================================================================
----------------- testing Thu Oct 10 05:54:02 UTC 2019 /home/travis/build/icyphy/ptII/ptolemy/domains/de/test/auto/CancelFireAt.xml
----------------- Instantiating /home/travis/build/icyphy/ptII/ptolemy/domains/de/test/auto/CancelFireAt.xml
1 ms. Memory: 48128K Free: 25710K (53%)
----------------- Invoking toplevel() on ptolemy.moml.MoMLSimpleApplication@6bd1eb67
----------------- Done invoking toplevel() on ptolemy.moml.MoMLSimpleApplication@6bd1eb67
reloadAllAccessors: .CancelFireAt

===========================================================================================
----------------- testing Thu Oct 10 05:54:02 UTC 2019 /home/travis/build/icyphy/ptII/ptolemy/domains/de/test/auto/CausalityAndComposabilityAnalysis.xml
----------------- Instantiating /home/travis/build/icyphy/ptII/ptolemy/domains/de/test/auto/CausalityAndComposabilityAnalysis.xml
2 ms. Memory: 48128K Free: 21605K (45%)
----------------- Invoking toplevel() on ptolemy.moml.MoMLSimpleApplication@622e337a
----------------- Done invoking toplevel() on ptolemy.moml.MoMLSimpleApplication@622e337a
reloadAllAccessors: .CausalityAndComposabilityAnalysis

===========================================================================================
----------------- testing Thu Oct 10 05:54:03 UTC 2019 /home/travis/build/icyphy/ptII/ptolemy/domains/de/test/auto/CausalityInterface1.xml
----------------- Instantiating /home/travis/build/icyphy/ptII/ptolemy/domains/de/test/auto/CausalityInterface1.xml
9 ms. Memory: 48128K Free: 16713K (35%)
----------------- Invoking toplevel() on ptolemy.moml.MoMLSimpleApplication@1e0efd10
----------------- Done invoking toplevel() on ptolemy.moml.MoMLSimpleApplication@1e0efd10
reloadAllAccessors: .CausalityInterface1

===========================================================================================
----------------- testing Thu Oct 10 05:54:03 UTC 2019 /home/travis/build/icyphy/ptII/ptolemy/domains/de/test/auto/CausalityInterface15.xml
----------------- Instantiating /home/travis/build/icyphy/ptII/ptolemy/domains/de/test/auto/CausalityInterface15.xml
2 ms. Memory: 48128K Free: 11357K (24%)
----------------- Invoking toplevel() on ptolemy.moml.MoMLSimpleApplication@17321a14
----------------- Done invoking toplevel() on ptolemy.moml.MoMLSimpleApplication@17321a14
reloadAllAccessors: .CausalityInterface15

===========================================================================================
----------------- testing Thu Oct 10 05:54:03 UTC 2019 /home/travis/build/icyphy/ptII/ptolemy/domains/de/test/auto/CausalityInterface2.xml
----------------- Instantiating /home/travis/build/icyphy/ptII/ptolemy/domains/de/test/auto/CausalityInterface2.xml
[...]
	at ptolemy.actor.Manager.run(Manager.java:1263)
	at ptolemy.actor.Manager$PtolemyRunThread.run(Manager.java:1933)
java.lang.RuntimeException: Execution failed
	at ptolemy.moml.MoMLSimpleApplication$UnloadThread.run(MoMLSimpleApplication.java:402)
Caused by: ptolemy.kernel.util.IllegalActionException: Actor is not ready to fire.  Perhaps UpSample.prefire() returned false? Try debugging the actor by selecting "Listen to Actor".  Also, for SDF check moml for tokenConsumptionRate on input.
  in .DESDFClockTest.Play Bell.Copy1:SDF Director and .DESDFClockTest.Play Bell.UpSample
	at ptolemy.actor.sched.StaticSchedulingDirector.fire(StaticSchedulingDirector.java:227)
	at ptolemy.domains.sdf.kernel.SDFDirector.fire(SDFDirector.java:500)
	at ptolemy.actor.CompositeActor.fire(CompositeActor.java:455)
	at ptolemy.domains.de.kernel.DEDirector._fire(DEDirector.java:1949)
	at ptolemy.domains.de.kernel.DEDirector.fire(DEDirector.java:502)
	at ptolemy.actor.CompositeActor.fire(CompositeActor.java:455)
	at ptolemy.actor.Manager.iterate(Manager.java:851)
	at ptolemy.actor.Manager.execute(Manager.java:369)
	at ptolemy.actor.Manager.run(Manager.java:1263)
	at ptolemy.actor.Manager$PtolemyRunThread.run(Manager.java:1933)
java.lang.reflect.InvocationTargetException
	at java.base/jdk.internal.reflect.NativeConstructorAccessorImpl.newInstance0(Native Method)
	at java.base/jdk.internal.reflect.NativeConstructorAccessorImpl.newInstance(NativeConstructorAccessorImpl.java:62)
	at java.base/jdk.internal.reflect.DelegatingConstructorAccessorImpl.newInstance(DelegatingConstructorAccessorImpl.java:45)
	at java.base/java.lang.reflect.Constructor.newInstance(Constructor.java:490)
	at ptolemy.util.test.junit.AutoKnownFailedTests.RunModel(AutoKnownFailedTests.java:105)
	at java.base/jdk.internal.reflect.NativeMethodAccessorImpl.invoke0(Native Method)
	at java.base/jdk.internal.reflect.NativeMethodAccessorImpl.invoke(NativeMethodAccessorImpl.java:62)
	at java.base/jdk.internal.reflect.DelegatingMethodAccessorImpl.invoke(DelegatingMethodAccessorImpl.java:43)
	at java.base/java.lang.reflect.Method.invoke(Method.java:566)
	at org.junit.runners.model.FrameworkMethod$1.runReflectiveCall(FrameworkMethod.java:44)
	at org.junit.internal.runners.model.ReflectiveCallable.run(ReflectiveCallable.java:15)
	at org.junit.runners.model.FrameworkMethod.invokeExplosively(FrameworkMethod.java:41)
	at junitparams.internal.InvokeParameterisedMethod.evaluate(InvokeParameterisedMethod.java:102)
	at org.junit.internal.runners.statements.FailOnTimeout$1.run(FailOnTimeout.java:28)
Caused by: ptolemy.kernel.util.IllegalActionException: Actor is not ready to fire.  Perhaps UpSample.prefire() returned false? Try debugging the actor by selecting "Listen to Actor".  Also, for SDF check moml for tokenConsumptionRate on input.
  in .DESDFClockTest.Play Bell.Copy1:SDF Director and .DESDFClockTest.Play Bell.UpSample
	at ptolemy.actor.sched.StaticSchedulingDirector.fire(StaticSchedulingDirector.java:227)
	at ptolemy.domains.sdf.kernel.SDFDirector.fire(SDFDirector.java:500)
	at ptolemy.actor.CompositeActor.fire(CompositeActor.java:455)
	at ptolemy.domains.de.kernel.DEDirector._fire(DEDirector.java:1949)
	at ptolemy.domains.de.kernel.DEDirector.fire(DEDirector.java:502)
	at ptolemy.actor.CompositeActor.fire(CompositeActor.java:455)
	at ptolemy.actor.Manager.iterate(Manager.java:851)
	at ptolemy.actor.Manager.execute(Manager.java:369)
	at ptolemy.actor.Manager.run(Manager.java:1263)
	at ptolemy.actor.Manager$PtolemyRunThread.run(Manager.java:1933)
java.lang.RuntimeException: Execution failed
	at ptolemy.moml.MoMLSimpleApplication$UnloadThread.run(MoMLSimpleApplication.java:402)
Caused by: ptolemy.kernel.util.IllegalActionException: Test fails in iteration 1.
Value was: 1.0. Should have been: 2.0
  in .DirectFeedback.Test
	at ptolemy.actor.lib.Test.fire(Test.java:268)
	at ptolemy.domains.de.kernel.DEDirector._fire(DEDirector.java:1949)
	at ptolemy.domains.de.kernel.DEDirector.fire(DEDirector.java:502)
	at ptolemy.actor.CompositeActor.fire(CompositeActor.java:455)
	at ptolemy.actor.Manager.iterate(Manager.java:851)
	at ptolemy.actor.Manager.execute(Manager.java:369)
	at ptolemy.actor.Manager.run(Manager.java:1263)
	at ptolemy.actor.Manager$PtolemyRunThread.run(Manager.java:1933)
java.lang.reflect.InvocationTargetException
	at java.base/jdk.internal.reflect.NativeConstructorAccessorImpl.newInstance0(Native Method)
	at java.base/jdk.internal.reflect.NativeConstructorAccessorImpl.newInstance(NativeConstructorAccessorImpl.java:62)
	at java.base/jdk.internal.reflect.DelegatingConstructorAccessorImpl.newInstance(DelegatingConstructorAccessorImpl.java:45)
	at java.base/java.lang.reflect.Constructor.newInstance(Constructor.java:490)
	at ptolemy.util.test.junit.AutoKnownFailedTests.RunModel(AutoKnownFailedTests.java:105)
	at java.base/jdk.internal.reflect.NativeMethodAccessorImpl.invoke0(Native Method)
	at java.base/jdk.internal.reflect.NativeMethodAccessorImpl.invoke(NativeMethodAccessorImpl.java:62)
	at java.base/jdk.internal.reflect.DelegatingMethodAccessorImpl.invoke(DelegatingMethodAccessorImpl.java:43)
	at java.base/java.lang.reflect.Method.invoke(Method.java:566)
	at org.junit.runners.model.FrameworkMethod$1.runReflectiveCall(FrameworkMethod.java:44)
	at org.junit.internal.runners.model.ReflectiveCallable.run(ReflectiveCallable.java:15)
	at org.junit.runners.model.FrameworkMethod.invokeExplosively(FrameworkMethod.java:41)
	at junitparams.internal.InvokeParameterisedMethod.evaluate(InvokeParameterisedMethod.java:102)
	at org.junit.internal.runners.statements.FailOnTimeout$1.run(FailOnTimeout.java:28)
Caused by: ptolemy.kernel.util.IllegalActionException: Test fails in iteration 1.
Value was: 1.0. Should have been: 2.0
  in .DirectFeedback.Test
	at ptolemy.actor.lib.Test.fire(Test.java:268)
	at ptolemy.domains.de.kernel.DEDirector._fire(DEDirector.java:1949)
	at ptolemy.domains.de.kernel.DEDirector.fire(DEDirector.java:502)
	at ptolemy.actor.CompositeActor.fire(CompositeActor.java:455)
	at ptolemy.actor.Manager.iterate(Manager.java:851)
	at ptolemy.actor.Manager.execute(Manager.java:369)
	at ptolemy.actor.Manager.run(Manager.java:1263)
	at ptolemy.actor.Manager$PtolemyRunThread.run(Manager.java:1933)
java.lang.RuntimeException: Execution failed
	at ptolemy.moml.MoMLSimpleApplication$UnloadThread.run(MoMLSimpleApplication.java:402)
Caused by: ptolemy.kernel.util.IllegalActionException: Found a zero delay loop containing .HierarchicalModel.A
  in .HierarchicalModel and .HierarchicalModel.A
	at ptolemy.actor.util.CausalityInterfaceForComposites._computeOutputPortDepth(CausalityInterfaceForComposites.java:759)
	at ptolemy.actor.util.CausalityInterfaceForComposites._computeInputDepth(CausalityInterfaceForComposites.java:696)
	at ptolemy.actor.util.CausalityInterfaceForComposites._computeOutputPortDepth(CausalityInterfaceForComposites.java:765)
	at ptolemy.actor.util.CausalityInterfaceForComposites._computeInputDepth(CausalityInterfaceForComposites.java:696)
	at ptolemy.actor.util.CausalityInterfaceForComposites._computeOutputPortDepth(CausalityInterfaceForComposites.java:765)
	at ptolemy.actor.util.CausalityInterfaceForComposites._computeInputDepth(CausalityInterfaceForComposites.java:696)
	at ptolemy.actor.util.CausalityInterfaceForComposites._computeActorDepth(CausalityInterfaceForComposites.java:532)
	at ptolemy.actor.util.CausalityInterfaceForComposites.checkForCycles(CausalityInterfaceForComposites.java:96)
	at ptolemy.domains.de.kernel.DEDirector.preinitialize(DEDirector.java:1338)
	at ptolemy.actor.CompositeActor.preinitialize(CompositeActor.java:1828)
	at ptolemy.actor.Manager.preinitializeAndResolveTypes(Manager.java:1040)
	at ptolemy.actor.Manager.initialize(Manager.java:710)
	at ptolemy.actor.Manager.execute(Manager.java:356)
	at ptolemy.actor.Manager.run(Manager.java:1263)
	at ptolemy.actor.Manager$PtolemyRunThread.run(Manager.java:1933)
java.lang.reflect.InvocationTargetException
	at java.base/jdk.internal.reflect.NativeConstructorAccessorImpl.newInstance0(Native Method)
	at java.base/jdk.internal.reflect.NativeConstructorAccessorImpl.newInstance(NativeConstructorAccessorImpl.java:62)
	at java.base/jdk.internal.reflect.DelegatingConstructorAccessorImpl.newInstance(DelegatingConstructorAccessorImpl.java:45)
	at java.base/java.lang.reflect.Constructor.newInstance(Constructor.java:490)
	at ptolemy.util.test.junit.AutoKnownFailedTests.RunModel(AutoKnownFailedTests.java:105)
	at java.base/jdk.internal.reflect.NativeMethodAccessorImpl.invoke0(Native Method)
	at java.base/jdk.internal.reflect.NativeMethodAccessorImpl.invoke(NativeMethodAccessorImpl.java:62)
	at java.base/jdk.internal.reflect.DelegatingMethodAccessorImpl.invoke(DelegatingMethodAccessorImpl.java:43)
	at java.base/java.lang.reflect.Method.invoke(Method.java:566)
	at org.junit.runners.model.FrameworkMethod$1.runReflectiveCall(FrameworkMethod.java:44)
	at org.junit.internal.runners.model.ReflectiveCallable.run(ReflectiveCallable.java:15)
	at org.junit.runners.model.FrameworkMethod.invokeExplosively(FrameworkMethod.java:41)
	at junitparams.internal.InvokeParameterisedMethod.evaluate(InvokeParameterisedMethod.java:102)
	at org.junit.internal.runners.statements.FailOnTimeout$1.run(FailOnTimeout.java:28)
Caused by: ptolemy.kernel.util.IllegalActionException: Found a zero delay loop containing .HierarchicalModel.A
  in .HierarchicalModel and .HierarchicalModel.A
	at ptolemy.actor.util.CausalityInterfaceForComposites._computeOutputPortDepth(CausalityInterfaceForComposites.java:759)
	at ptolemy.actor.util.CausalityInterfaceForComposites._computeInputDepth(CausalityInterfaceForComposites.java:696)
	at ptolemy.actor.util.CausalityInterfaceForComposites._computeOutputPortDepth(CausalityInterfaceForComposites.java:765)
	at ptolemy.actor.util.CausalityInterfaceForComposites._computeInputDepth(CausalityInterfaceForComposites.java:696)
	at ptolemy.actor.util.CausalityInterfaceForComposites._computeOutputPortDepth(CausalityInterfaceForComposites.java:765)
	at ptolemy.actor.util.CausalityInterfaceForComposites._computeInputDepth(CausalityInterfaceForComposites.java:696)
	at ptolemy.actor.util.CausalityInterfaceForComposites._computeActorDepth(CausalityInterfaceForComposites.java:532)
	at ptolemy.actor.util.CausalityInterfaceForComposites.checkForCycles(CausalityInterfaceForComposites.java:96)
	at ptolemy.domains.de.kernel.DEDirector.preinitialize(DEDirector.java:1338)
	at ptolemy.actor.CompositeActor.preinitialize(CompositeActor.java:1828)
	at ptolemy.actor.Manager.preinitializeAndResolveTypes(Manager.java:1040)
	at ptolemy.actor.Manager.initialize(Manager.java:710)
	at ptolemy.actor.Manager.execute(Manager.java:356)
	at ptolemy.actor.Manager.run(Manager.java:1263)
	at ptolemy.actor.Manager$PtolemyRunThread.run(Manager.java:1933)
java.lang.RuntimeException: Execution failed
	at ptolemy.moml.MoMLSimpleApplication$UnloadThread.run(MoMLSimpleApplication.java:402)
Caused by: ptolemy.kernel.util.IllegalActionException: Found a zero delay loop containing .dependencyLoop.original
  in .dependencyLoop and .dependencyLoop.original
	at ptolemy.actor.util.CausalityInterfaceForComposites._computeOutputPortDepth(CausalityInterfaceForComposites.java:759)
	at ptolemy.actor.util.CausalityInterfaceForComposites._computeInputDepth(CausalityInterfaceForComposites.java:696)
	at ptolemy.actor.util.CausalityInterfaceForComposites._computeOutputPortDepth(CausalityInterfaceForComposites.java:765)
	at ptolemy.actor.util.CausalityInterfaceForComposites._computeInputDepth(CausalityInterfaceForComposites.java:696)
	at ptolemy.actor.util.CausalityInterfaceForComposites._computeOutputPortDepth(CausalityInterfaceForComposites.java:765)
	at ptolemy.actor.util.CausalityInterfaceForComposites._computeInputDepth(CausalityInterfaceForComposites.java:696)
	at ptolemy.actor.util.CausalityInterfaceForComposites._computeActorDepth(CausalityInterfaceForComposites.java:532)
	at ptolemy.actor.util.CausalityInterfaceForComposites.checkForCycles(CausalityInterfaceForComposites.java:96)
	at ptolemy.domains.de.kernel.DEDirector.preinitialize(DEDirector.java:1338)
	at ptolemy.actor.CompositeActor.preinitialize(CompositeActor.java:1828)
	at ptolemy.actor.Manager.preinitializeAndResolveTypes(Manager.java:1040)
	at ptolemy.actor.Manager.initialize(Manager.java:710)
	at ptolemy.actor.Manager.execute(Manager.java:356)
	at ptolemy.actor.Manager.run(Manager.java:1263)
	at ptolemy.actor.Manager$PtolemyRunThread.run(Manager.java:1933)
java.lang.reflect.InvocationTargetException
	at java.base/jdk.internal.reflect.NativeConstructorAccessorImpl.newInstance0(Native Method)
	at java.base/jdk.internal.reflect.NativeConstructorAccessorImpl.newInstance(NativeConstructorAccessorImpl.java:62)
	at java.base/jdk.internal.reflect.DelegatingConstructorAccessorImpl.newInstance(DelegatingConstructorAccessorImpl.java:45)
	at java.base/java.lang.reflect.Constructor.newInstance(Constructor.java:490)
	at ptolemy.util.test.junit.AutoKnownFailedTests.RunModel(AutoKnownFailedTests.java:105)
	at java.base/jdk.internal.reflect.NativeMethodAccessorImpl.invoke0(Native Method)
	at java.base/jdk.internal.reflect.NativeMethodAccessorImpl.invoke(NativeMethodAccessorImpl.java:62)
	at java.base/jdk.internal.reflect.DelegatingMethodAccessorImpl.invoke(DelegatingMethodAccessorImpl.java:43)
	at java.base/java.lang.reflect.Method.invoke(Method.java:566)
	at org.junit.runners.model.FrameworkMethod$1.runReflectiveCall(FrameworkMethod.java:44)
	at org.junit.internal.runners.model.ReflectiveCallable.run(ReflectiveCallable.java:15)
	at org.junit.runners.model.FrameworkMethod.invokeExplosively(FrameworkMethod.java:41)
	at junitparams.internal.InvokeParameterisedMethod.evaluate(InvokeParameterisedMethod.java:102)
	at org.junit.internal.runners.statements.FailOnTimeout$1.run(FailOnTimeout.java:28)
Caused by: ptolemy.kernel.util.IllegalActionException: Found a zero delay loop containing .dependencyLoop.original
  in .dependencyLoop and .dependencyLoop.original
	at ptolemy.actor.util.CausalityInterfaceForComposites._computeOutputPortDepth(CausalityInterfaceForComposites.java:759)
	at ptolemy.actor.util.CausalityInterfaceForComposites._computeInputDepth(CausalityInterfaceForComposites.java:696)
	at ptolemy.actor.util.CausalityInterfaceForComposites._computeOutputPortDepth(CausalityInterfaceForComposites.java:765)
	at ptolemy.actor.util.CausalityInterfaceForComposites._computeInputDepth(CausalityInterfaceForComposites.java:696)
	at ptolemy.actor.util.CausalityInterfaceForComposites._computeOutputPortDepth(CausalityInterfaceForComposites.java:765)
	at ptolemy.actor.util.CausalityInterfaceForComposites._computeInputDepth(CausalityInterfaceForComposites.java:696)
	at ptolemy.actor.util.CausalityInterfaceForComposites._computeActorDepth(CausalityInterfaceForComposites.java:532)
	at ptolemy.actor.util.CausalityInterfaceForComposites.checkForCycles(CausalityInterfaceForComposites.java:96)
	at ptolemy.domains.de.kernel.DEDirector.preinitialize(DEDirector.java:1338)
	at ptolemy.actor.CompositeActor.preinitialize(CompositeActor.java:1828)
	at ptolemy.actor.Manager.preinitializeAndResolveTypes(Manager.java:1040)
	at ptolemy.actor.Manager.initialize(Manager.java:710)
	at ptolemy.actor.Manager.execute(Manager.java:356)
	at ptolemy.actor.Manager.run(Manager.java:1263)
	at ptolemy.actor.Manager$PtolemyRunThread.run(Manager.java:1933)
java.lang.RuntimeException: Execution failed
	at ptolemy.moml.MoMLSimpleApplication$UnloadThread.run(MoMLSimpleApplication.java:402)
Caused by: ptolemy.kernel.util.IllegalActionException: Found a zero delay loop containing .dependencyLoop2.original
  in .dependencyLoop2 and .dependencyLoop2.original
	at ptolemy.actor.util.CausalityInterfaceForComposites._computeOutputPortDepth(CausalityInterfaceForComposites.java:759)
	at ptolemy.actor.util.CausalityInterfaceForComposites._computeInputDepth(CausalityInterfaceForComposites.java:696)
	at ptolemy.actor.util.CausalityInterfaceForComposites._computeOutputPortDepth(CausalityInterfaceForComposites.java:765)
	at ptolemy.actor.util.CausalityInterfaceForComposites._computeInputDepth(CausalityInterfaceForComposites.java:696)
	at ptolemy.actor.util.CausalityInterfaceForComposites._computeOutputPortDepth(CausalityInterfaceForComposites.java:765)
	at ptolemy.actor.util.CausalityInterfaceForComposites._computeInputDepth(CausalityInterfaceForComposites.java:696)
	at ptolemy.actor.util.CausalityInterfaceForComposites._computeActorDepth(CausalityInterfaceForComposites.java:532)
	at ptolemy.actor.util.CausalityInterfaceForComposites.checkForCycles(CausalityInterfaceForComposites.java:96)
	at ptolemy.domains.de.kernel.DEDirector.preinitialize(DEDirector.java:1338)
	at ptolemy.actor.CompositeActor.preinitialize(CompositeActor.java:1828)
	at ptolemy.actor.Manager.preinitializeAndResolveTypes(Manager.java:1040)
	at ptolemy.actor.Manager.initialize(Manager.java:710)
	at ptolemy.actor.Manager.execute(Manager.java:356)
	at ptolemy.actor.Manager.run(Manager.java:1263)
	at ptolemy.actor.Manager$PtolemyRunThread.run(Manager.java:1933)
java.lang.reflect.InvocationTargetException
	at java.base/jdk.internal.reflect.NativeConstructorAccessorImpl.newInstance0(Native Method)
	at java.base/jdk.internal.reflect.NativeConstructorAccessorImpl.newInstance(NativeConstructorAccessorImpl.java:62)
	at java.base/jdk.internal.reflect.DelegatingConstructorAccessorImpl.newInstance(DelegatingConstructorAccessorImpl.java:45)
	at java.base/java.lang.reflect.Constructor.newInstance(Constructor.java:490)
	at ptolemy.util.test.junit.AutoKnownFailedTests.RunModel(AutoKnownFailedTests.java:105)
	at java.base/jdk.internal.reflect.NativeMethodAccessorImpl.invoke0(Native Method)
	at java.base/jdk.internal.reflect.NativeMethodAccessorImpl.invoke(NativeMethodAccessorImpl.java:62)
	at java.base/jdk.internal.reflect.DelegatingMethodAccessorImpl.invoke(DelegatingMethodAccessorImpl.java:43)
	at java.base/java.lang.reflect.Method.invoke(Method.java:566)
	at org.junit.runners.model.FrameworkMethod$1.runReflectiveCall(FrameworkMethod.java:44)
	at org.junit.internal.runners.model.ReflectiveCallable.run(ReflectiveCallable.java:15)
	at org.junit.runners.model.FrameworkMethod.invokeExplosively(FrameworkMethod.java:41)
	at junitparams.internal.InvokeParameterisedMethod.evaluate(InvokeParameterisedMethod.java:102)
	at org.junit.internal.runners.statements.FailOnTimeout$1.run(FailOnTimeout.java:28)
Caused by: ptolemy.kernel.util.IllegalActionException: Found a zero delay loop containing .dependencyLoop2.original
  in .dependencyLoop2 and .dependencyLoop2.original
	at ptolemy.actor.util.CausalityInterfaceForComposites._computeOutputPortDepth(CausalityInterfaceForComposites.java:759)
	at ptolemy.actor.util.CausalityInterfaceForComposites._computeInputDepth(CausalityInterfaceForComposites.java:696)
	at ptolemy.actor.util.CausalityInterfaceForComposites._computeOutputPortDepth(CausalityInterfaceForComposites.java:765)
	at ptolemy.actor.util.CausalityInterfaceForComposites._computeInputDepth(CausalityInterfaceForComposites.java:696)
	at ptolemy.actor.util.CausalityInterfaceForComposites._computeOutputPortDepth(CausalityInterfaceForComposites.java:765)
	at ptolemy.actor.util.CausalityInterfaceForComposites._computeInputDepth(CausalityInterfaceForComposites.java:696)
	at ptolemy.actor.util.CausalityInterfaceForComposites._computeActorDepth(CausalityInterfaceForComposites.java:532)
	at ptolemy.actor.util.CausalityInterfaceForComposites.checkForCycles(CausalityInterfaceForComposites.java:96)
	at ptolemy.domains.de.kernel.DEDirector.preinitialize(DEDirector.java:1338)
	at ptolemy.actor.CompositeActor.preinitialize(CompositeActor.java:1828)
	at ptolemy.actor.Manager.preinitializeAndResolveTypes(Manager.java:1040)
	at ptolemy.actor.Manager.initialize(Manager.java:710)
	at ptolemy.actor.Manager.execute(Manager.java:356)
	at ptolemy.actor.Manager.run(Manager.java:1263)
	at ptolemy.actor.Manager$PtolemyRunThread.run(Manager.java:1933)
]]></system-err>
</testsuite>
