<?xml version="1.0" encoding="UTF-8" ?>
<testsuite errors="0" failures="0" hostname="travis-job-a7f28780-b486-4ee5-b55f-b320f6c04b23" name="ptolemy.domains.de.test.junit.JUnitTclTest" skipped="0" tests="101" time="123.009" timestamp="2020-04-14T13:54:39">
  <properties>
[...]
</properties>
  <testcase classname="ptolemy.util.test.junit.TclTests" name="[0] /home/travis/build/icyphy/ptII/ptolemy/domains/de/test/DependencyLoop.tcl (RunTclFile)" time="1.091" />
  <testcase classname="ptolemy.util.test.junit.TclTests" name="[1] /home/travis/build/icyphy/ptII/ptolemy/domains/de/test/RunDETestsAsQSS.tcl (RunTclFile)" time="83.313" />
  <testcase classname="ptolemy.util.test.junit.AutoKnownFailedTests" name="[0] /home/travis/build/icyphy/ptII/ptolemy/domains/de/test/auto/knownFailedTests/DESDFClockTest.xml (RunModel)" time="2.054" />
  <testcase classname="ptolemy.util.test.junit.AutoKnownFailedTests" name="[1] /home/travis/build/icyphy/ptII/ptolemy/domains/de/test/auto/knownFailedTests/DirectFeedback.xml (RunModel)" time="0.01" />
  <testcase classname="ptolemy.util.test.junit.AutoKnownFailedTests" name="[2] /home/travis/build/icyphy/ptII/ptolemy/domains/de/test/auto/knownFailedTests/FSMSource.xml (RunModel)" time="0.027" />
  <testcase classname="ptolemy.util.test.junit.AutoKnownFailedTests" name="[3] /home/travis/build/icyphy/ptII/ptolemy/domains/de/test/auto/knownFailedTests/HierarchicalModel.xml (RunModel)" time="0.051" />
  <testcase classname="ptolemy.util.test.junit.AutoKnownFailedTests" name="[4] /home/travis/build/icyphy/ptII/ptolemy/domains/de/test/auto/knownFailedTests/dependencyLoop.xml (RunModel)" time="0.047" />
  <testcase classname="ptolemy.util.test.junit.AutoKnownFailedTests" name="[5] /home/travis/build/icyphy/ptII/ptolemy/domains/de/test/auto/knownFailedTests/dependencyLoop2.xml (RunModel)" time="0.044" />
  <testcase classname="ptolemy.util.test.junit.AutoNameArchTests" name="[0] ThereAreNoAutoArchTests (RunModel)" time="0.003" />
  <testcase classname="ptolemy.util.test.junit.AutoTests" name="[0] /home/travis/build/icyphy/ptII/ptolemy/domains/de/test/auto/ActorDepthCalculation_actorWithoutPorts.xml (RunModel)" time="0.021" />
  <testcase classname="ptolemy.util.test.junit.AutoTests" name="[1] /home/travis/build/icyphy/ptII/ptolemy/domains/de/test/auto/AssemblyLine.xml (RunModel)" time="0.03" />
  <testcase classname="ptolemy.util.test.junit.AutoTests" name="[2] /home/travis/build/icyphy/ptII/ptolemy/domains/de/test/auto/CQBug1.xml (RunModel)" time="0.014" />
  <testcase classname="ptolemy.util.test.junit.AutoTests" name="[3] /home/travis/build/icyphy/ptII/ptolemy/domains/de/test/auto/CancelFireAt.xml (RunModel)" time="0.013" />
  <testcase classname="ptolemy.util.test.junit.AutoTests" name="[4] /home/travis/build/icyphy/ptII/ptolemy/domains/de/test/auto/CausalityAndComposabilityAnalysis.xml (RunModel)" time="0.015" />
  <testcase classname="ptolemy.util.test.junit.AutoTests" name="[5] /home/travis/build/icyphy/ptII/ptolemy/domains/de/test/auto/CausalityInterface1.xml (RunModel)" time="0.019" />
  <testcase classname="ptolemy.util.test.junit.AutoTests" name="[6] /home/travis/build/icyphy/ptII/ptolemy/domains/de/test/auto/CausalityInterface15.xml (RunModel)" time="0.017" />
  <testcase classname="ptolemy.util.test.junit.AutoTests" name="[7] /home/travis/build/icyphy/ptII/ptolemy/domains/de/test/auto/CausalityInterface2.xml (RunModel)" time="0.017" />
  <testcase classname="ptolemy.util.test.junit.AutoTests" name="[8] /home/travis/build/icyphy/ptII/ptolemy/domains/de/test/auto/CausalityInterface3.xml (RunModel)" time="0.015" />
  <testcase classname="ptolemy.util.test.junit.AutoTests" name="[9] /home/travis/build/icyphy/ptII/ptolemy/domains/de/test/auto/ClockDrift.xml (RunModel)" time="0.039" />
  <testcase classname="ptolemy.util.test.junit.AutoTests" name="[10] /home/travis/build/icyphy/ptII/ptolemy/domains/de/test/auto/ClockDriftAndValueChange.xml (RunModel)" time="0.03" />
  <testcase classname="ptolemy.util.test.junit.AutoTests" name="[11] /home/travis/build/icyphy/ptII/ptolemy/domains/de/test/auto/ClockDriftChange.xml (RunModel)" time="0.034" />
  <testcase classname="ptolemy.util.test.junit.AutoTests" name="[12] /home/travis/build/icyphy/ptII/ptolemy/domains/de/test/auto/ComposableCausalityAnalysis.xml (RunModel)" time="0.014" />
  <testcase classname="ptolemy.util.test.junit.AutoTests" name="[13] /home/travis/build/icyphy/ptII/ptolemy/domains/de/test/auto/DEFixedPointLimitation.xml (RunModel)" time="0.01" />
  <testcase classname="ptolemy.util.test.junit.AutoTests" name="[14] /home/travis/build/icyphy/ptII/ptolemy/domains/de/test/auto/DEScheduleTest.xml (RunModel)" time="0.017" />
  <testcase classname="ptolemy.util.test.junit.AutoTests" name="[15] /home/travis/build/icyphy/ptII/ptolemy/domains/de/test/auto/DEinDEwithStartTimes.xml (RunModel)" time="0.017" />
  <testcase classname="ptolemy.util.test.junit.AutoTests" name="[16] /home/travis/build/icyphy/ptII/ptolemy/domains/de/test/auto/DEinDEwithStartTimes2.xml (RunModel)" time="0.02" />
  <testcase classname="ptolemy.util.test.junit.AutoTests" name="[17] /home/travis/build/icyphy/ptII/ptolemy/domains/de/test/auto/DateDemo.xml (RunModel)" time="0.031" />
  <testcase classname="ptolemy.util.test.junit.AutoTests" name="[18] /home/travis/build/icyphy/ptII/ptolemy/domains/de/test/auto/DateToEvent.xml (RunModel)" time="2.043" />
  <testcase classname="ptolemy.util.test.junit.AutoTests" name="[19] /home/travis/build/icyphy/ptII/ptolemy/domains/de/test/auto/DepthTest1.xml (RunModel)" time="0.009" />
  <testcase classname="ptolemy.util.test.junit.AutoTests" name="[20] /home/travis/build/icyphy/ptII/ptolemy/domains/de/test/auto/DepthTest2.xml (RunModel)" time="0.021" />
  <testcase classname="ptolemy.util.test.junit.AutoTests" name="[21] /home/travis/build/icyphy/ptII/ptolemy/domains/de/test/auto/DepthTest3.xml (RunModel)" time="0.009" />
  <testcase classname="ptolemy.util.test.junit.AutoTests" name="[22] /home/travis/build/icyphy/ptII/ptolemy/domains/de/test/auto/DepthTest4.xml (RunModel)" time="0.021" />
  <testcase classname="ptolemy.util.test.junit.AutoTests" name="[23] /home/travis/build/icyphy/ptII/ptolemy/domains/de/test/auto/DepthTest5.xml (RunModel)" time="0.018" />
  <testcase classname="ptolemy.util.test.junit.AutoTests" name="[24] /home/travis/build/icyphy/ptII/ptolemy/domains/de/test/auto/DepthTest6.xml (RunModel)" time="0.014" />
  <testcase classname="ptolemy.util.test.junit.AutoTests" name="[25] /home/travis/build/icyphy/ptII/ptolemy/domains/de/test/auto/DepthTest7.xml (RunModel)" time="0.012" />
  <testcase classname="ptolemy.util.test.junit.AutoTests" name="[26] /home/travis/build/icyphy/ptII/ptolemy/domains/de/test/auto/EventToDate.xml (RunModel)" time="3.051" />
  <testcase classname="ptolemy.util.test.junit.AutoTests" name="[27] /home/travis/build/icyphy/ptII/ptolemy/domains/de/test/auto/FSM1.xml (RunModel)" time="0.036" />
  <testcase classname="ptolemy.util.test.junit.AutoTests" name="[28] /home/travis/build/icyphy/ptII/ptolemy/domains/de/test/auto/FSM7.xml (RunModel)" time="0.047" />
  <testcase classname="ptolemy.util.test.junit.AutoTests" name="[29] /home/travis/build/icyphy/ptII/ptolemy/domains/de/test/auto/Inspection.xml (RunModel)" time="0.041" />
  <testcase classname="ptolemy.util.test.junit.AutoTests" name="[30] /home/travis/build/icyphy/ptII/ptolemy/domains/de/test/auto/Iteration.xml (RunModel)" time="0.027" />
  <testcase classname="ptolemy.util.test.junit.AutoTests" name="[31] /home/travis/build/icyphy/ptII/ptolemy/domains/de/test/auto/LineFault.xml (RunModel)" time="0.518" />
  <testcase classname="ptolemy.util.test.junit.AutoTests" name="[32] /home/travis/build/icyphy/ptII/ptolemy/domains/de/test/auto/MergeModel1Add.xml (RunModel)" time="0.043" />
  <testcase classname="ptolemy.util.test.junit.AutoTests" name="[33] /home/travis/build/icyphy/ptII/ptolemy/domains/de/test/auto/MergeModel2Add.xml (RunModel)" time="0.046" />
  <testcase classname="ptolemy.util.test.junit.AutoTests" name="[34] /home/travis/build/icyphy/ptII/ptolemy/domains/de/test/auto/MergeModel3Add.xml (RunModel)" time="0.047" />
  <testcase classname="ptolemy.util.test.junit.AutoTests" name="[35] /home/travis/build/icyphy/ptII/ptolemy/domains/de/test/auto/MergeWithoutDiscard.xml (RunModel)" time="0.011" />
  <testcase classname="ptolemy.util.test.junit.AutoTests" name="[36] /home/travis/build/icyphy/ptII/ptolemy/domains/de/test/auto/Modal1.xml (RunModel)" time="0.033" />
  <testcase classname="ptolemy.util.test.junit.AutoTests" name="[37] /home/travis/build/icyphy/ptII/ptolemy/domains/de/test/auto/Modal2.xml (RunModel)" time="0.028" />
  <testcase classname="ptolemy.util.test.junit.AutoTests" name="[38] /home/travis/build/icyphy/ptII/ptolemy/domains/de/test/auto/Modal3.xml (RunModel)" time="0.033" />
  <testcase classname="ptolemy.util.test.junit.AutoTests" name="[39] /home/travis/build/icyphy/ptII/ptolemy/domains/de/test/auto/Modal4.xml (RunModel)" time="0.03" />
  <testcase classname="ptolemy.util.test.junit.AutoTests" name="[40] /home/travis/build/icyphy/ptII/ptolemy/domains/de/test/auto/Modal5.xml (RunModel)" time="0.03" />
  <testcase classname="ptolemy.util.test.junit.AutoTests" name="[41] /home/travis/build/icyphy/ptII/ptolemy/domains/de/test/auto/Modal6.xml (RunModel)" time="0.025" />
  <testcase classname="ptolemy.util.test.junit.AutoTests" name="[42] /home/travis/build/icyphy/ptII/ptolemy/domains/de/test/auto/Modal7.xml (RunModel)" time="0.033" />
  <testcase classname="ptolemy.util.test.junit.AutoTests" name="[43] /home/travis/build/icyphy/ptII/ptolemy/domains/de/test/auto/ModalModel.xml (RunModel)" time="0.168" />
  <testcase classname="ptolemy.util.test.junit.AutoTests" name="[44] /home/travis/build/icyphy/ptII/ptolemy/domains/de/test/auto/ModalSource.xml (RunModel)" time="0.017" />
  <testcase classname="ptolemy.util.test.junit.AutoTests" name="[45] /home/travis/build/icyphy/ptII/ptolemy/domains/de/test/auto/NonInterruptibleTimerZeroDelay.xml (RunModel)" time="0.009" />
  <testcase classname="ptolemy.util.test.junit.AutoTests" name="[46] /home/travis/build/icyphy/ptII/ptolemy/domains/de/test/auto/OpenQueueingNetwork.xml (RunModel)" time="2.246" />
  <testcase classname="ptolemy.util.test.junit.AutoTests" name="[47] /home/travis/build/icyphy/ptII/ptolemy/domains/de/test/auto/OpenQueuingNetwork.xml (RunModel)" time="0.248" />
  <testcase classname="ptolemy.util.test.junit.AutoTests" name="[48] /home/travis/build/icyphy/ptII/ptolemy/domains/de/test/auto/PeriodicSampler.xml (RunModel)" time="0.011" />
  <testcase classname="ptolemy.util.test.junit.AutoTests" name="[49] /home/travis/build/icyphy/ptII/ptolemy/domains/de/test/auto/PersistentIO.xml (RunModel)" time="0.045" />
  <testcase classname="ptolemy.util.test.junit.AutoTests" name="[50] /home/travis/build/icyphy/ptII/ptolemy/domains/de/test/auto/PortParameterResetOnInitialize.xml (RunModel)" time="0.01" />
  <testcase classname="ptolemy.util.test.junit.AutoTests" name="[51] /home/travis/build/icyphy/ptII/ptolemy/domains/de/test/auto/PortParameterUpdates.xml (RunModel)" time="0.014" />
  <testcase classname="ptolemy.util.test.junit.AutoTests" name="[52] /home/travis/build/icyphy/ptII/ptolemy/domains/de/test/auto/QueueAndServer.xml (RunModel)" time="0.021" />
  <testcase classname="ptolemy.util.test.junit.AutoTests" name="[53] /home/travis/build/icyphy/ptII/ptolemy/domains/de/test/auto/Records.xml (RunModel)" time="0.016" />
  <testcase classname="ptolemy.util.test.junit.AutoTests" name="[54] /home/travis/build/icyphy/ptII/ptolemy/domains/de/test/auto/ResetTransitionWithStartTime1.xml (RunModel)" time="0.02" />
  <testcase classname="ptolemy.util.test.junit.AutoTests" name="[55] /home/travis/build/icyphy/ptII/ptolemy/domains/de/test/auto/ResetTransitionWithStartTime2.xml (RunModel)" time="0.017" />
  <testcase classname="ptolemy.util.test.junit.AutoTests" name="[56] /home/travis/build/icyphy/ptII/ptolemy/domains/de/test/auto/ResetTransitionWithStartTime3.xml (RunModel)" time="0.019" />
  <testcase classname="ptolemy.util.test.junit.AutoTests" name="[57] /home/travis/build/icyphy/ptII/ptolemy/domains/de/test/auto/ResetTransitionWithStartTime4.xml (RunModel)" time="0.018" />
  <testcase classname="ptolemy.util.test.junit.AutoTests" name="[58] /home/travis/build/icyphy/ptII/ptolemy/domains/de/test/auto/ResettableTimer1.xml (RunModel)" time="0.011" />
  <testcase classname="ptolemy.util.test.junit.AutoTests" name="[59] /home/travis/build/icyphy/ptII/ptolemy/domains/de/test/auto/ResettableTimer2.xml (RunModel)" time="0.01" />
  <testcase classname="ptolemy.util.test.junit.AutoTests" name="[60] /home/travis/build/icyphy/ptII/ptolemy/domains/de/test/auto/ResettableTimer3.xml (RunModel)" time="0.009" />
  <testcase classname="ptolemy.util.test.junit.AutoTests" name="[61] /home/travis/build/icyphy/ptII/ptolemy/domains/de/test/auto/ResettableTimer4.xml (RunModel)" time="0.009" />
  <testcase classname="ptolemy.util.test.junit.AutoTests" name="[62] /home/travis/build/icyphy/ptII/ptolemy/domains/de/test/auto/ResettableTimer5.xml (RunModel)" time="0.009" />
  <testcase classname="ptolemy.util.test.junit.AutoTests" name="[63] /home/travis/build/icyphy/ptII/ptolemy/domains/de/test/auto/ResettableTimer6.xml (RunModel)" time="0.015" />
  <testcase classname="ptolemy.util.test.junit.AutoTests" name="[64] /home/travis/build/icyphy/ptII/ptolemy/domains/de/test/auto/ServerZeroDelay.xml (RunModel)" time="0.01" />
  <testcase classname="ptolemy.util.test.junit.AutoTests" name="[65] /home/travis/build/icyphy/ptII/ptolemy/domains/de/test/auto/SmartSender.xml (RunModel)" time="3.009" />
  <testcase classname="ptolemy.util.test.junit.AutoTests" name="[66] /home/travis/build/icyphy/ptII/ptolemy/domains/de/test/auto/ThreadedComposite.xml (RunModel)" time="0.129" />
  <testcase classname="ptolemy.util.test.junit.AutoTests" name="[67] /home/travis/build/icyphy/ptII/ptolemy/domains/de/test/auto/Time.xml (RunModel)" time="0.372" />
  <testcase classname="ptolemy.util.test.junit.AutoTests" name="[68] /home/travis/build/icyphy/ptII/ptolemy/domains/de/test/auto/TimeDelayZeroDelay.xml (RunModel)" time="0.037" />
  <testcase classname="ptolemy.util.test.junit.AutoTests" name="[69] /home/travis/build/icyphy/ptII/ptolemy/domains/de/test/auto/TimerZeroDelay.xml (RunModel)" time="0.016" />
  <testcase classname="ptolemy.util.test.junit.AutoTests" name="[70] /home/travis/build/icyphy/ptII/ptolemy/domains/de/test/auto/TimingParadox.xml (RunModel)" time="0.288" />
  <testcase classname="ptolemy.util.test.junit.AutoTests" name="[71] /home/travis/build/icyphy/ptII/ptolemy/domains/de/test/auto/TransferInputs.xml (RunModel)" time="0.015" />
  <testcase classname="ptolemy.util.test.junit.AutoTests" name="[72] /home/travis/build/icyphy/ptII/ptolemy/domains/de/test/auto/TransferOutputs2.xml (RunModel)" time="0.018" />
  <testcase classname="ptolemy.util.test.junit.AutoTests" name="[73] /home/travis/build/icyphy/ptII/ptolemy/domains/de/test/auto/Trilateration.xml (RunModel)" time="10.482" />
  <testcase classname="ptolemy.util.test.junit.AutoTests" name="[74] /home/travis/build/icyphy/ptII/ptolemy/domains/de/test/auto/TwoSigmaDelta.xml (RunModel)" time="1.861" />
  <testcase classname="ptolemy.util.test.junit.AutoTests" name="[75] /home/travis/build/icyphy/ptII/ptolemy/domains/de/test/auto/VariableDelay.xml (RunModel)" time="0.013" />
  <testcase classname="ptolemy.util.test.junit.AutoTests" name="[76] /home/travis/build/icyphy/ptII/ptolemy/domains/de/test/auto/VariableDelay2.xml (RunModel)" time="0.015" />
  <testcase classname="ptolemy.util.test.junit.AutoTests" name="[77] /home/travis/build/icyphy/ptII/ptolemy/domains/de/test/auto/VariableDelayZeroDelay.xml (RunModel)" time="0.017" />
  <testcase classname="ptolemy.util.test.junit.AutoTests" name="[78] /home/travis/build/icyphy/ptII/ptolemy/domains/de/test/auto/VariableDelayZeroDelay2.xml (RunModel)" time="0.015" />
  <testcase classname="ptolemy.util.test.junit.AutoTests" name="[79] /home/travis/build/icyphy/ptII/ptolemy/domains/de/test/auto/deInCt.xml (RunModel)" time="0.014" />
  <testcase classname="ptolemy.util.test.junit.AutoTests" name="[80] /home/travis/build/icyphy/ptII/ptolemy/domains/de/test/auto/deInCt2.xml (RunModel)" time="0.015" />
  <testcase classname="ptolemy.util.test.junit.AutoTests" name="[81] /home/travis/build/icyphy/ptII/ptolemy/domains/de/test/auto/dynamicCausalityInterface1.xml (RunModel)" time="0.016" />
  <testcase classname="ptolemy.util.test.junit.AutoTests" name="[82] /home/travis/build/icyphy/ptII/ptolemy/domains/de/test/auto/fsm_de_test.xml (RunModel)" time="0.022" />
  <testcase classname="ptolemy.util.test.junit.AutoTests" name="[83] /home/travis/build/icyphy/ptII/ptolemy/domains/de/test/auto/functionDependencyReconstruction.xml (RunModel)" time="0.027" />
  <testcase classname="ptolemy.util.test.junit.AutoTests" name="[84] /home/travis/build/icyphy/ptII/ptolemy/domains/de/test/auto/multirate.xml (RunModel)" time="0.014" />
  <testcase classname="ptolemy.util.test.junit.AutoTests" name="[85] /home/travis/build/icyphy/ptII/ptolemy/domains/de/test/auto/multirate2.xml (RunModel)" time="0.014" />
  <testcase classname="ptolemy.util.test.junit.AutoTests" name="[86] /home/travis/build/icyphy/ptII/ptolemy/domains/de/test/auto/realtime.xml (RunModel)" time="10.009" />
  <testcase classname="ptolemy.util.test.junit.AutoTests" name="[87] /home/travis/build/icyphy/ptII/ptolemy/domains/de/test/auto/relationGroup.xml (RunModel)" time="0.006" />
  <testcase classname="ptolemy.util.test.junit.AutoTests" name="[88] /home/travis/build/icyphy/ptII/ptolemy/domains/de/test/auto/relationGroup2.xml (RunModel)" time="0.014" />
  <testcase classname="ptolemy.util.test.junit.AutoTests" name="[89] /home/travis/build/icyphy/ptII/ptolemy/domains/de/test/auto/sortWithOpaquePorts.xml (RunModel)" time="0.013" />
  <testcase classname="ptolemy.util.test.junit.AutoTests" name="[90] /home/travis/build/icyphy/ptII/ptolemy/domains/de/test/auto/transferInputsandOutputs.xml (RunModel)" time="0.017" />
  <testcase classname="ptolemy.util.test.junit.AutoTests" name="[91] /home/travis/build/icyphy/ptII/ptolemy/domains/de/test/auto/triggerType.xml (RunModel)" time="0.009" />
  <system-out><![CDATA[/home/travis/build/icyphy/ptII/ptolemy/domains/de/test/DependencyLoop.tcl
testDefs.tcl: setting time out to 9000 seconds at Tue Apr 14 13:54:39 UTC 2020
59 ms. Memory: 129024K Free: 78792K (61%)
24 ms. Memory: 129024K Free: 61384K (48%)
/home/travis/build/icyphy/ptII/ptolemy/domains/de/test/RunDETestsAsQSS.tcl
Run the DE tests using ptolemy.domains.qss.test.QSSDirectorTest, which extends QSSDirector and prints a message in the constructors.
------------------ testing $PTII/ptolemy/domains/de/test/auto/knownFailedTests/DirectFeedback.xml (Known Failure) 
45 ms. Memory: 129024K Free: 56264K (44%)


==== $PTIIhome/travis/build/icyphy/ptII/ptolemy/domains/de/test/../../../../: Auto Automatic test in file $PTII/ptolemy/domains/de/test/auto/knownFailedTests/DirectFeedback.xml
==== Contents of test case:

	    # FIXME: we should use $relativeFilename here, but it
	    # might have backslashes under Windows, which causes no end
	    # of trouble.
	    createAndExecute $file
	    list {}
	
.... Test generated KNOWN error:
    while executing
ptolemy.kernel.util.IllegalActionException: Test fails in iteration 1.
Value was: 1.0. Should have been: 2.0
  in .DirectFeedback.Test
	at ptolemy.actor.lib.Test.fire(Test.java:268)
	at ptolemy.domains.de.kernel.DEDirector._fire(DEDirector.java:1949)
	at ptolemy.domains.de.kernel.DEDirector.fire(DEDirector.java:502)
	at ptolemy.actor.CompositeActor.fire(CompositeActor.java:455)
	at ptolemy.actor.Manager.iterate(Manager.java:851)
	at ptolemy.actor.Manager.execute(Manager.java:369)
	at ptolemy.actor.Manager.run(Manager.java:1263)
	at ptolemy.actor.Manager$PtolemyRunThread.run(Manager.java:1933)

    while executing
ptolemy.kernel.util.IllegalActionException: Test fails in iteration 1.
Value was: 1.0. Should have been: 2.0
  in .DirectFeedback.Test
    while executing
"java::new ptolemy.moml.MoMLSimpleApplication $file
"
    (procedure "createAndExecute" line 2)
    invoked from within
"createAndExecute $file"
    ("uplevel" body line 5)
    invoked from within
"uplevel $contents_of_test"
------------------ testing $PTII/ptolemy/domains/de/test/auto/knownFailedTests/dependencyLoop.xml (Known Failure) 
18 ms. Memory: 129024K Free: 53192K (41%)


==== $PTIIhome/travis/build/icyphy/ptII/ptolemy/domains/de/test/../../../../: Auto Automatic test in file $PTII/ptolemy/domains/de/test/auto/knownFailedTests/dependencyLoop.xml
==== Contents of test case:

	    # FIXME: we should use $relativeFilename here, but it
	    # might have backslashes under Windows, which causes no end
	    # of trouble.
	    createAndExecute $file
	    list {}
	
.... Test generated KNOWN error:
    while executing
ptolemy.kernel.util.IllegalActionException: Found a zero delay loop containing .dependencyLoop.original
  in .dependencyLoop and .dependencyLoop.original
	at ptolemy.actor.util.CausalityInterfaceForComposites._computeOutputPortDepth(CausalityInterfaceForComposites.java:759)
	at ptolemy.actor.util.CausalityInterfaceForComposites._computeInputDepth(CausalityInterfaceForComposites.java:696)
	at ptolemy.actor.util.CausalityInterfaceForComposites._computeOutputPortDepth(CausalityInterfaceForComposites.java:765)
	at ptolemy.actor.util.CausalityInterfaceForComposites._computeInputDepth(CausalityInterfaceForComposites.java:696)
	at ptolemy.actor.util.CausalityInterfaceForComposites._computeOutputPortDepth(CausalityInterfaceForComposites.java:765)
	at ptolemy.actor.util.CausalityInterfaceForComposites._computeInputDepth(CausalityInterfaceForComposites.java:696)
	at ptolemy.actor.util.CausalityInterfaceForComposites._computeActorDepth(CausalityInterfaceForComposites.java:532)
	at ptolemy.actor.util.CausalityInterfaceForComposites.checkForCycles(CausalityInterfaceForComposites.java:96)
	at ptolemy.domains.de.kernel.DEDirector.preinitialize(DEDirector.java:1338)
	at ptolemy.actor.CompositeActor.preinitialize(CompositeActor.java:1828)
	at ptolemy.actor.Manager.preinitializeAndResolveTypes(Manager.java:1040)
	at ptolemy.actor.Manager.initialize(Manager.java:710)
	at ptolemy.actor.Manager.execute(Manager.java:356)
	at ptolemy.actor.Manager.run(Manager.java:1263)
	at ptolemy.actor.Manager$PtolemyRunThread.run(Manager.java:1933)

    while executing
ptolemy.kernel.util.IllegalActionException: Found a zero delay loop containing .dependencyLoop.original
  in .dependencyLoop and .dependencyLoop.original
    while executing
"java::new ptolemy.moml.MoMLSimpleApplication $file
"
    (procedure "createAndExecute" line 2)
    invoked from within
"createAndExecute $file"
    ("uplevel" body line 5)
    invoked from within
"uplevel $contents_of_test"
------------------ testing $PTII/ptolemy/domains/de/test/auto/knownFailedTests/FSMSource.xml (Known Failure) 
69 ms. Memory: 129024K Free: 112032K (87%)
!!!! Auto was marked as failing, but now passes
------------------ testing $PTII/ptolemy/domains/de/test/auto/knownFailedTests/HierarchicalModel.xml (Known Failure) 
9 ms. Memory: 129024K Free: 94616K (73%)


==== $PTIIhome/travis/build/icyphy/ptII/ptolemy/domains/de/test/../../../../: Auto Automatic test in file $PTII/ptolemy/domains/de/test/auto/knownFailedTests/HierarchicalModel.xml
==== Contents of test case:

	    # FIXME: we should use $relativeFilename here, but it
	    # might have backslashes under Windows, which causes no end
	    # of trouble.
	    createAndExecute $file
	    list {}
	
.... Test generated KNOWN error:
    while executing
ptolemy.kernel.util.IllegalActionException: Found a zero delay loop containing .HierarchicalModel.A
  in .HierarchicalModel and .HierarchicalModel.A
	at ptolemy.actor.util.CausalityInterfaceForComposites._computeOutputPortDepth(CausalityInterfaceForComposites.java:759)
	at ptolemy.actor.util.CausalityInterfaceForComposites._computeInputDepth(CausalityInterfaceForComposites.java:696)
	at ptolemy.actor.util.CausalityInterfaceForComposites._computeOutputPortDepth(CausalityInterfaceForComposites.java:765)
	at ptolemy.actor.util.CausalityInterfaceForComposites._computeInputDepth(CausalityInterfaceForComposites.java:696)
	at ptolemy.actor.util.CausalityInterfaceForComposites._computeOutputPortDepth(CausalityInterfaceForComposites.java:765)
	at ptolemy.actor.util.CausalityInterfaceForComposites._computeInputDepth(CausalityInterfaceForComposites.java:696)
	at ptolemy.actor.util.CausalityInterfaceForComposites._computeActorDepth(CausalityInterfaceForComposites.java:532)
	at ptolemy.actor.util.CausalityInterfaceForComposites.checkForCycles(CausalityInterfaceForComposites.java:96)
	at ptolemy.domains.de.kernel.DEDirector.preinitialize(DEDirector.java:1338)
	at ptolemy.actor.CompositeActor.preinitialize(CompositeActor.java:1828)
	at ptolemy.actor.Manager.preinitializeAndResolveTypes(Manager.java:1040)
	at ptolemy.actor.Manager.initialize(Manager.java:710)
	at ptolemy.actor.Manager.execute(Manager.java:356)
	at ptolemy.actor.Manager.run(Manager.java:1263)
	at ptolemy.actor.Manager$PtolemyRunThread.run(Manager.java:1933)

    while executing
ptolemy.kernel.util.IllegalActionException: Found a zero delay loop containing .HierarchicalModel.A
  in .HierarchicalModel and .HierarchicalModel.A
    while executing
"java::new ptolemy.moml.MoMLSimpleApplication $file
"
    (procedure "createAndExecute" line 2)
    invoked from within
"createAndExecute $file"
    ("uplevel" body line 5)
    invoked from within
"uplevel $contents_of_test"
------------------ testing $PTII/ptolemy/domains/de/test/auto/knownFailedTests/dependencyLoop2.xml (Known Failure) 
5 ms. Memory: 129024K Free: 78256K (61%)


==== $PTIIhome/travis/build/icyphy/ptII/ptolemy/domains/de/test/../../../../: Auto Automatic test in file $PTII/ptolemy/domains/de/test/auto/knownFailedTests/dependencyLoop2.xml
==== Contents of test case:

	    # FIXME: we should use $relativeFilename here, but it
	    # might have backslashes under Windows, which causes no end
	    # of trouble.
	    createAndExecute $file
	    list {}
	
.... Test generated KNOWN error:
    while executing
ptolemy.kernel.util.IllegalActionException: Found a zero delay loop containing .dependencyLoop2.original
  in .dependencyLoop2 and .dependencyLoop2.original
	at ptolemy.actor.util.CausalityInterfaceForComposites._computeOutputPortDepth(CausalityInterfaceForComposites.java:759)
	at ptolemy.actor.util.CausalityInterfaceForComposites._computeInputDepth(CausalityInterfaceForComposites.java:696)
	at ptolemy.actor.util.CausalityInterfaceForComposites._computeOutputPortDepth(CausalityInterfaceForComposites.java:765)
	at ptolemy.actor.util.CausalityInterfaceForComposites._computeInputDepth(CausalityInterfaceForComposites.java:696)
	at ptolemy.actor.util.CausalityInterfaceForComposites._computeOutputPortDepth(CausalityInterfaceForComposites.java:765)
	at ptolemy.actor.util.CausalityInterfaceForComposites._computeInputDepth(CausalityInterfaceForComposites.java:696)
	at ptolemy.actor.util.CausalityInterfaceForComposites._computeActorDepth(CausalityInterfaceForComposites.java:532)
	at ptolemy.actor.util.CausalityInterfaceForComposites.checkForCycles(CausalityInterfaceForComposites.java:96)
	at ptolemy.domains.de.kernel.DEDirector.preinitialize(DEDirector.java:1338)
	at ptolemy.actor.CompositeActor.preinitialize(CompositeActor.java:1828)
	at ptolemy.actor.Manager.preinitializeAndResolveTypes(Manager.java:1040)
	at ptolemy.actor.Manager.initialize(Manager.java:710)
	at ptolemy.actor.Manager.execute(Manager.java:356)
	at ptolemy.actor.Manager.run(Manager.java:1263)
	at ptolemy.actor.Manager$PtolemyRunThread.run(Manager.java:1933)

    while executing
ptolemy.kernel.util.IllegalActionException: Found a zero delay loop containing .dependencyLoop2.original
  in .dependencyLoop2 and .dependencyLoop2.original
    while executing
"java::new ptolemy.moml.MoMLSimpleApplication $file
"
    (procedure "createAndExecute" line 2)
    invoked from within
"createAndExecute $file"
    ("uplevel" body line 5)
    invoked from within
"uplevel $contents_of_test"
------------------ testing $PTII/ptolemy/domains/de/test/auto/knownFailedTests/DESDFClockTest.xml (Known Failure) 
2068 ms. Memory: 129024K Free: 107526K (83%)


==== $PTIIhome/travis/build/icyphy/ptII/ptolemy/domains/de/test/../../../../: Auto Automatic test in file $PTII/ptolemy/domains/de/test/auto/knownFailedTests/DESDFClockTest.xml
==== Contents of test case:

	    # FIXME: we should use $relativeFilename here, but it
	    # might have backslashes under Windows, which causes no end
	    # of trouble.
	    createAndExecute $file
	    list {}
	
.... Test generated KNOWN error:
    while executing
ptolemy.kernel.util.IllegalActionException: Actor is not ready to fire.  Perhaps UpSample.prefire() returned false? Try debugging the actor by selecting "Listen to Actor".  Also, for SDF check moml for tokenConsumptionRate on input.
  in .DESDFClockTest.Play Bell.Copy1:SDF Director and .DESDFClockTest.Play Bell.UpSample
	at ptolemy.actor.sched.StaticSchedulingDirector.fire(StaticSchedulingDirector.java:227)
	at ptolemy.domains.sdf.kernel.SDFDirector.fire(SDFDirector.java:500)
	at ptolemy.actor.CompositeActor.fire(CompositeActor.java:455)
	at ptolemy.domains.de.kernel.DEDirector._fire(DEDirector.java:1949)
	at ptolemy.domains.de.kernel.DEDirector.fire(DEDirector.java:502)
	at ptolemy.actor.CompositeActor.fire(CompositeActor.java:455)
	at ptolemy.actor.Manager.iterate(Manager.java:851)
	at ptolemy.actor.Manager.execute(Manager.java:369)
	at ptolemy.actor.Manager.run(Manager.java:1263)
	at ptolemy.actor.Manager$PtolemyRunThread.run(Manager.java:1933)

    while executing
ptolemy.kernel.util.IllegalActionException: Actor is not ready to fire.  Perhaps UpSample.prefire() returned false? Try debugging the actor by selecting "Listen to Actor".  Also, for SDF check moml for tokenConsumptionRate on input.
  in .DESDFClockTest.Play Bell.Copy1:SDF Director and .DESDFClockTest.Play Bell.UpSample
    while executing
"java::new ptolemy.moml.MoMLSimpleApplication $file
"
    (procedure "createAndExecute" line 2)
    invoked from within
"createAndExecute $file"
    ("uplevel" body line 5)
    invoked from within
"uplevel $contents_of_test"
------------------ testing $PTII/ptolemy/domains/de/test/auto/ActorDepthCalculation_actorWithoutPorts.xml
auto.tcl: Setting watchdog for 200 seconds at Tue Apr 14 13:54:43 UTC 2020
5 ms. Memory: 129024K Free: 99848K (77%)
ptolemy.util.test.WatchDog.cancel(): canceling Tue Apr 14 13:54:43 UTC 2020
auto.tcl: Setting watchdog for 200 seconds at Tue Apr 14 13:54:43 UTC 2020
5 ms. Memory: 129024K Free: 98824K (77%)
ptolemy.util.test.WatchDog.cancel(): canceling Tue Apr 14 13:54:43 UTC 2020
------------------ testing $PTII/ptolemy/domains/de/test/auto/AssemblyLine.xml
auto.tcl: Setting watchdog for 200 seconds at Tue Apr 14 13:54:44 UTC 2020
11 ms. Memory: 51200K Free: 27486K (54%)
ptolemy.util.test.WatchDog.cancel(): canceling Tue Apr 14 13:54:44 UTC 2020
auto.tcl: Setting watchdog for 200 seconds at Tue Apr 14 13:54:44 UTC 2020
8 ms. Memory: 51200K Free: 26731K (52%)
ptolemy.util.test.WatchDog.cancel(): canceling Tue Apr 14 13:54:44 UTC 2020
------------------ testing $PTII/ptolemy/domains/de/test/auto/CQBug1.xml
auto.tcl: Setting watchdog for 200 seconds at Tue Apr 14 13:54:44 UTC 2020
5 ms. Memory: 51200K Free: 33267K (65%)
ptolemy.util.test.WatchDog.cancel(): canceling Tue Apr 14 13:54:44 UTC 2020
auto.tcl: Setting watchdog for 200 seconds at Tue Apr 14 13:54:44 UTC 2020
2 ms. Memory: 51200K Free: 33267K (65%)
ptolemy.util.test.WatchDog.cancel(): canceling Tue Apr 14 13:54:44 UTC 2020
------------------ testing $PTII/ptolemy/domains/de/test/auto/CancelFireAt.xml
auto.tcl: Setting watchdog for 200 seconds at Tue Apr 14 13:54:44 UTC 2020
9 ms. Memory: 51200K Free: 34734K (68%)
ptolemy.util.test.WatchDog.cancel(): canceling Tue Apr 14 13:54:44 UTC 2020
auto.tcl: Setting watchdog for 200 seconds at Tue Apr 14 13:54:44 UTC 2020
3 ms. Memory: 51200K Free: 34250K (67%)
ptolemy.util.test.WatchDog.cancel(): canceling Tue Apr 14 13:54:44 UTC 2020
------------------ testing $PTII/ptolemy/domains/de/test/auto/CausalityAndComposabilityAnalysis.xml
auto.tcl: Setting watchdog for 200 seconds at Tue Apr 14 13:54:44 UTC 2020
12 ms. Memory: 51200K Free: 32387K (63%)
ptolemy.util.test.WatchDog.cancel(): canceling Tue Apr 14 13:54:44 UTC 2020
auto.tcl: Setting watchdog for 200 seconds at Tue Apr 14 13:54:44 UTC 2020
4 ms. Memory: 51200K Free: 31959K (62%)
ptolemy.util.test.WatchDog.cancel(): canceling Tue Apr 14 13:54:44 UTC 2020
------------------ testing $PTII/ptolemy/domains/de/test/auto/CausalityInterface1.xml
auto.tcl: Setting watchdog for 200 seconds at Tue Apr 14 13:54:44 UTC 2020
23 ms. Memory: 51200K Free: 31361K (61%)
ptolemy.util.test.WatchDog.cancel(): canceling Tue Apr 14 13:54:44 UTC 2020
auto.tcl: Setting watchdog for 200 seconds at Tue Apr 14 13:54:44 UTC 2020
4 ms. Memory: 51200K Free: 30379K (59%)
ptolemy.util.test.WatchDog.cancel(): canceling Tue Apr 14 13:54:44 UTC 2020
------------------ testing $PTII/ptolemy/domains/de/test/auto/CausalityInterface15.xml
auto.tcl: Setting watchdog for 200 seconds at Tue Apr 14 13:54:44 UTC 2020
5 ms. Memory: 51200K Free: 31443K (61%)
ptolemy.util.test.WatchDog.cancel(): canceling Tue Apr 14 13:54:44 UTC 2020
auto.tcl: Setting watchdog for 200 seconds at Tue Apr 14 13:54:44 UTC 2020
3 ms. Memory: 51200K Free: 30256K (59%)
ptolemy.util.test.WatchDog.cancel(): canceling Tue Apr 14 13:54:44 UTC 2020
------------------ testing $PTII/ptolemy/domains/de/test/auto/CausalityInterface2.xml
auto.tcl: Setting watchdog for 200 seconds at Tue Apr 14 13:54:44 UTC 2020
5 ms. Memory: 51200K Free: 31909K (62%)
ptolemy.util.test.WatchDog.cancel(): canceling Tue Apr 14 13:54:44 UTC 2020
auto.tcl: Setting watchdog for 200 seconds at Tue Apr 14 13:54:44 UTC 2020
3 ms. Memory: 51200K Free: 31239K (61%)
ptolemy.util.test.WatchDog.cancel(): canceling Tue Apr 14 13:54:44 UTC 2020
------------------ testing $PTII/ptolemy/domains/de/test/auto/CausalityInterface3.xml
auto.tcl: Setting watchdog for 200 seconds at Tue Apr 14 13:54:44 UTC 2020
5 ms. Memory: 51200K Free: 31474K (61%)
ptolemy.util.test.WatchDog.cancel(): canceling Tue Apr 14 13:54:44 UTC 2020
auto.tcl: Setting watchdog for 200 seconds at Tue Apr 14 13:54:44 UTC 2020
6 ms. Memory: 51200K Free: 30990K (61%)
ptolemy.util.test.WatchDog.cancel(): canceling Tue Apr 14 13:54:44 UTC 2020
------------------ testing $PTII/ptolemy/domains/de/test/auto/ClockDrift.xml
auto.tcl: Setting watchdog for 200 seconds at Tue Apr 14 13:54:45 UTC 2020
76 ms. Memory: 51200K Free: 24028K (47%)
ptolemy.util.test.WatchDog.cancel(): canceling Tue Apr 14 13:54:45 UTC 2020
auto.tcl: Setting watchdog for 200 seconds at Tue Apr 14 13:54:45 UTC 2020
68 ms. Memory: 51200K Free: 20552K (40%)
ptolemy.util.test.WatchDog.cancel(): canceling Tue Apr 14 13:54:45 UTC 2020
------------------ testing $PTII/ptolemy/domains/de/test/auto/ClockDriftAndValueChange.xml
auto.tcl: Setting watchdog for 200 seconds at Tue Apr 14 13:54:45 UTC 2020
42 ms. Memory: 51200K Free: 23886K (47%)
ptolemy.util.test.WatchDog.cancel(): canceling Tue Apr 14 13:54:45 UTC 2020
auto.tcl: Setting watchdog for 200 seconds at Tue Apr 14 13:54:45 UTC 2020
19 ms. Memory: 51200K Free: 20898K (41%)
ptolemy.util.test.WatchDog.cancel(): canceling Tue Apr 14 13:54:45 UTC 2020
------------------ testing $PTII/ptolemy/domains/de/test/auto/ClockDriftChange.xml
auto.tcl: Setting watchdog for 200 seconds at Tue Apr 14 13:54:45 UTC 2020
18 ms. Memory: 51200K Free: 25914K (51%)
ptolemy.util.test.WatchDog.cancel(): canceling Tue Apr 14 13:54:45 UTC 2020
auto.tcl: Setting watchdog for 200 seconds at Tue Apr 14 13:54:45 UTC 2020
22 ms. Memory: 51200K Free: 23539K (46%)
ptolemy.util.test.WatchDog.cancel(): canceling Tue Apr 14 13:54:45 UTC 2020
------------------ testing $PTII/ptolemy/domains/de/test/auto/ComposableCausalityAnalysis.xml
auto.tcl: Setting watchdog for 200 seconds at Tue Apr 14 13:54:45 UTC 2020
2 ms. Memory: 51200K Free: 30767K (60%)
ptolemy.util.test.WatchDog.cancel(): canceling Tue Apr 14 13:54:45 UTC 2020
auto.tcl: Setting watchdog for 200 seconds at Tue Apr 14 13:54:45 UTC 2020
4 ms. Memory: 51200K Free: 29739K (58%)
ptolemy.util.test.WatchDog.cancel(): canceling Tue Apr 14 13:54:45 UTC 2020
------------------ testing $PTII/ptolemy/domains/de/test/auto/DEFixedPointLimitation.xml
auto.tcl: Setting watchdog for 200 seconds at Tue Apr 14 13:54:45 UTC 2020
2 ms. Memory: 51200K Free: 32150K (63%)
ptolemy.util.test.WatchDog.cancel(): canceling Tue Apr 14 13:54:45 UTC 2020
auto.tcl: Setting watchdog for 200 seconds at Tue Apr 14 13:54:45 UTC 2020
1 ms. Memory: 51200K Free: 31249K (61%)
ptolemy.util.test.WatchDog.cancel(): canceling Tue Apr 14 13:54:45 UTC 2020
------------------ testing $PTII/ptolemy/domains/de/test/auto/DEScheduleTest.xml
auto.tcl: Setting watchdog for 200 seconds at Tue Apr 14 13:54:45 UTC 2020
7 ms. Memory: 51200K Free: 32488K (63%)
ptolemy.util.test.WatchDog.cancel(): canceling Tue Apr 14 13:54:45 UTC 2020
auto.tcl: Setting watchdog for 200 seconds at Tue Apr 14 13:54:45 UTC 2020
3 ms. Memory: 51200K Free: 31722K (62%)
ptolemy.util.test.WatchDog.cancel(): canceling Tue Apr 14 13:54:45 UTC 2020
------------------ testing $PTII/ptolemy/domains/de/test/auto/DEinDEwithStartTimes.xml
auto.tcl: Setting watchdog for 200 seconds at Tue Apr 14 13:54:45 UTC 2020
8 ms. Memory: 51200K Free: 30647K (60%)
ptolemy.util.test.WatchDog.cancel(): canceling Tue Apr 14 13:54:45 UTC 2020
auto.tcl: Setting watchdog for 200 seconds at Tue Apr 14 13:54:45 UTC 2020
3 ms. Memory: 51200K Free: 29771K (58%)
ptolemy.util.test.WatchDog.cancel(): canceling Tue Apr 14 13:54:45 UTC 2020
------------------ testing $PTII/ptolemy/domains/de/test/auto/DEinDEwithStartTimes2.xml
auto.tcl: Setting watchdog for 200 seconds at Tue Apr 14 13:54:45 UTC 2020
5 ms. Memory: 51200K Free: 29772K (58%)
ptolemy.util.test.WatchDog.cancel(): canceling Tue Apr 14 13:54:45 UTC 2020
auto.tcl: Setting watchdog for 200 seconds at Tue Apr 14 13:54:45 UTC 2020
4 ms. Memory: 51200K Free: 28733K (56%)
ptolemy.util.test.WatchDog.cancel(): canceling Tue Apr 14 13:54:45 UTC 2020
------------------ testing $PTII/ptolemy/domains/de/test/auto/DateDemo.xml
auto.tcl: Setting watchdog for 200 seconds at Tue Apr 14 13:54:45 UTC 2020
19 ms. Memory: 51200K Free: 24458K (48%)
ptolemy.util.test.WatchDog.cancel(): canceling Tue Apr 14 13:54:46 UTC 2020
auto.tcl: Setting watchdog for 200 seconds at Tue Apr 14 13:54:46 UTC 2020
8 ms. Memory: 51200K Free: 22572K (44%)
ptolemy.util.test.WatchDog.cancel(): canceling Tue Apr 14 13:54:46 UTC 2020
------------------ testing $PTII/ptolemy/domains/de/test/auto/DateToEvent.xml
auto.tcl: Setting watchdog for 200 seconds at Tue Apr 14 13:54:46 UTC 2020
2019 ms. Memory: 51200K Free: 20140K (39%)
ptolemy.util.test.WatchDog.cancel(): canceling Tue Apr 14 13:54:48 UTC 2020
auto.tcl: Setting watchdog for 200 seconds at Tue Apr 14 13:54:48 UTC 2020
2006 ms. Memory: 51200K Free: 18677K (36%)
ptolemy.util.test.WatchDog.cancel(): canceling Tue Apr 14 13:54:50 UTC 2020
------------------ testing $PTII/ptolemy/domains/de/test/auto/DepthTest1.xml
auto.tcl: Setting watchdog for 200 seconds at Tue Apr 14 13:54:50 UTC 2020
3 ms. Memory: 51200K Free: 33299K (65%)
ptolemy.util.test.WatchDog.cancel(): canceling Tue Apr 14 13:54:50 UTC 2020
auto.tcl: Setting watchdog for 200 seconds at Tue Apr 14 13:54:50 UTC 2020
2 ms. Memory: 51200K Free: 32808K (64%)
ptolemy.util.test.WatchDog.cancel(): canceling Tue Apr 14 13:54:50 UTC 2020
------------------ testing $PTII/ptolemy/domains/de/test/auto/DepthTest2.xml
auto.tcl: Setting watchdog for 200 seconds at Tue Apr 14 13:54:50 UTC 2020
10 ms. Memory: 51200K Free: 30074K (59%)
ptolemy.util.test.WatchDog.cancel(): canceling Tue Apr 14 13:54:50 UTC 2020
auto.tcl: Setting watchdog for 200 seconds at Tue Apr 14 13:54:50 UTC 2020
3 ms. Memory: 51200K Free: 29615K (58%)
ptolemy.util.test.WatchDog.cancel(): canceling Tue Apr 14 13:54:50 UTC 2020
------------------ testing $PTII/ptolemy/domains/de/test/auto/DepthTest3.xml
auto.tcl: Setting watchdog for 200 seconds at Tue Apr 14 13:54:50 UTC 2020
2 ms. Memory: 51200K Free: 33620K (66%)
ptolemy.util.test.WatchDog.cancel(): canceling Tue Apr 14 13:54:50 UTC 2020
auto.tcl: Setting watchdog for 200 seconds at Tue Apr 14 13:54:50 UTC 2020
2 ms. Memory: 51200K Free: 33167K (65%)
ptolemy.util.test.WatchDog.cancel(): canceling Tue Apr 14 13:54:50 UTC 2020
------------------ testing $PTII/ptolemy/domains/de/test/auto/DepthTest4.xml
auto.tcl: Setting watchdog for 200 seconds at Tue Apr 14 13:54:50 UTC 2020
4 ms. Memory: 51200K Free: 31859K (62%)
ptolemy.util.test.WatchDog.cancel(): canceling Tue Apr 14 13:54:50 UTC 2020
auto.tcl: Setting watchdog for 200 seconds at Tue Apr 14 13:54:50 UTC 2020
3 ms. Memory: 51200K Free: 31188K (61%)
ptolemy.util.test.WatchDog.cancel(): canceling Tue Apr 14 13:54:50 UTC 2020
------------------ testing $PTII/ptolemy/domains/de/test/auto/DepthTest5.xml
auto.tcl: Setting watchdog for 200 seconds at Tue Apr 14 13:54:50 UTC 2020
7 ms. Memory: 51200K Free: 31304K (61%)
ptolemy.util.test.WatchDog.cancel(): canceling Tue Apr 14 13:54:50 UTC 2020
auto.tcl: Setting watchdog for 200 seconds at Tue Apr 14 13:54:50 UTC 2020
3 ms. Memory: 51200K Free: 30578K (60%)
ptolemy.util.test.WatchDog.cancel(): canceling Tue Apr 14 13:54:50 UTC 2020
------------------ testing $PTII/ptolemy/domains/de/test/auto/DepthTest6.xml
auto.tcl: Setting watchdog for 200 seconds at Tue Apr 14 13:54:50 UTC 2020
4 ms. Memory: 51200K Free: 31031K (61%)
ptolemy.util.test.WatchDog.cancel(): canceling Tue Apr 14 13:54:50 UTC 2020
auto.tcl: Setting watchdog for 200 seconds at Tue Apr 14 13:54:50 UTC 2020
3 ms. Memory: 51200K Free: 30583K (60%)
ptolemy.util.test.WatchDog.cancel(): canceling Tue Apr 14 13:54:50 UTC 2020
------------------ testing $PTII/ptolemy/domains/de/test/auto/DepthTest7.xml
auto.tcl: Setting watchdog for 200 seconds at Tue Apr 14 13:54:50 UTC 2020
2 ms. Memory: 51200K Free: 32020K (63%)
ptolemy.util.test.WatchDog.cancel(): canceling Tue Apr 14 13:54:50 UTC 2020
auto.tcl: Setting watchdog for 200 seconds at Tue Apr 14 13:54:50 UTC 2020
3 ms. Memory: 51200K Free: 31113K (61%)
ptolemy.util.test.WatchDog.cancel(): canceling Tue Apr 14 13:54:50 UTC 2020
------------------ testing $PTII/ptolemy/domains/de/test/auto/EventToDate.xml
auto.tcl: Setting watchdog for 200 seconds at Tue Apr 14 13:54:50 UTC 2020
3009 ms. Memory: 51200K Free: 22572K (44%)
ptolemy.util.test.WatchDog.cancel(): canceling Tue Apr 14 13:54:53 UTC 2020
auto.tcl: Setting watchdog for 200 seconds at Tue Apr 14 13:54:53 UTC 2020
3004 ms. Memory: 51200K Free: 21470K (42%)
ptolemy.util.test.WatchDog.cancel(): canceling Tue Apr 14 13:54:56 UTC 2020
------------------ testing $PTII/ptolemy/domains/de/test/auto/FSM1.xml
auto.tcl: Setting watchdog for 200 seconds at Tue Apr 14 13:54:56 UTC 2020
21 ms. Memory: 51200K Free: 23838K (47%)
ptolemy.util.test.WatchDog.cancel(): canceling Tue Apr 14 13:54:56 UTC 2020
auto.tcl: Setting watchdog for 200 seconds at Tue Apr 14 13:54:56 UTC 2020
18 ms. Memory: 51200K Free: 20559K (40%)
ptolemy.util.test.WatchDog.cancel(): canceling Tue Apr 14 13:54:56 UTC 2020
------------------ testing $PTII/ptolemy/domains/de/test/auto/FSM7.xml
auto.tcl: Setting watchdog for 200 seconds at Tue Apr 14 13:54:56 UTC 2020
28 ms. Memory: 51200K Free: 23756K (46%)
ptolemy.util.test.WatchDog.cancel(): canceling Tue Apr 14 13:54:57 UTC 2020
auto.tcl: Setting watchdog for 200 seconds at Tue Apr 14 13:54:57 UTC 2020
24 ms. Memory: 51200K Free: 20358K (40%)
ptolemy.util.test.WatchDog.cancel(): canceling Tue Apr 14 13:54:57 UTC 2020
------------------ testing $PTII/ptolemy/domains/de/test/auto/Inspection.xml
auto.tcl: Setting watchdog for 200 seconds at Tue Apr 14 13:54:57 UTC 2020
20 ms. Memory: 51200K Free: 23500K (46%)
ptolemy.util.test.WatchDog.cancel(): canceling Tue Apr 14 13:54:57 UTC 2020
auto.tcl: Setting watchdog for 200 seconds at Tue Apr 14 13:54:57 UTC 2020
16 ms. Memory: 51200K Free: 21827K (43%)
ptolemy.util.test.WatchDog.cancel(): canceling Tue Apr 14 13:54:57 UTC 2020
------------------ testing $PTII/ptolemy/domains/de/test/auto/Iteration.xml
auto.tcl: Setting watchdog for 200 seconds at Tue Apr 14 13:54:57 UTC 2020
6 ms. Memory: 51200K Free: 29076K (57%)
ptolemy.util.test.WatchDog.cancel(): canceling Tue Apr 14 13:54:57 UTC 2020
auto.tcl: Setting watchdog for 200 seconds at Tue Apr 14 13:54:57 UTC 2020
5 ms. Memory: 51200K Free: 27887K (54%)
ptolemy.util.test.WatchDog.cancel(): canceling Tue Apr 14 13:54:57 UTC 2020
------------------ testing $PTII/ptolemy/domains/de/test/auto/LineFault.xml
auto.tcl: Setting watchdog for 200 seconds at Tue Apr 14 13:54:57 UTC 2020
617 ms. Memory: 51200K Free: 13639K (27%)
ptolemy.util.test.WatchDog.cancel(): canceling Tue Apr 14 13:54:58 UTC 2020
auto.tcl: Setting watchdog for 200 seconds at Tue Apr 14 13:54:58 UTC 2020
610 ms. Memory: 61440K Free: 41330K (67%)
ptolemy.util.test.WatchDog.cancel(): canceling Tue Apr 14 13:54:58 UTC 2020
------------------ testing $PTII/ptolemy/domains/de/test/auto/MergeModel1Add.xml
auto.tcl: Setting watchdog for 200 seconds at Tue Apr 14 13:54:58 UTC 2020
24 ms. Memory: 55296K Free: 19417K (35%)
ptolemy.util.test.WatchDog.cancel(): canceling Tue Apr 14 13:54:58 UTC 2020
auto.tcl: Setting watchdog for 200 seconds at Tue Apr 14 13:54:58 UTC 2020
10 ms. Memory: 55296K Free: 17812K (32%)
ptolemy.util.test.WatchDog.cancel(): canceling Tue Apr 14 13:54:58 UTC 2020
------------------ testing $PTII/ptolemy/domains/de/test/auto/MergeModel2Add.xml
auto.tcl: Setting watchdog for 200 seconds at Tue Apr 14 13:54:59 UTC 2020
10 ms. Memory: 55296K Free: 21469K (39%)
ptolemy.util.test.WatchDog.cancel(): canceling Tue Apr 14 13:54:59 UTC 2020
auto.tcl: Setting watchdog for 200 seconds at Tue Apr 14 13:54:59 UTC 2020
10 ms. Memory: 55296K Free: 19955K (36%)
ptolemy.util.test.WatchDog.cancel(): canceling Tue Apr 14 13:54:59 UTC 2020
------------------ testing $PTII/ptolemy/domains/de/test/auto/MergeModel3Add.xml
auto.tcl: Setting watchdog for 200 seconds at Tue Apr 14 13:54:59 UTC 2020
9 ms. Memory: 51200K Free: 17402K (34%)
ptolemy.util.test.WatchDog.cancel(): canceling Tue Apr 14 13:54:59 UTC 2020
auto.tcl: Setting watchdog for 200 seconds at Tue Apr 14 13:54:59 UTC 2020
10 ms. Memory: 51200K Free: 15990K (31%)
ptolemy.util.test.WatchDog.cancel(): canceling Tue Apr 14 13:54:59 UTC 2020
------------------ testing $PTII/ptolemy/domains/de/test/auto/MergeWithoutDiscard.xml
auto.tcl: Setting watchdog for 200 seconds at Tue Apr 14 13:54:59 UTC 2020
1 ms. Memory: 51200K Free: 31972K (62%)
ptolemy.util.test.WatchDog.cancel(): canceling Tue Apr 14 13:54:59 UTC 2020
auto.tcl: Setting watchdog for 200 seconds at Tue Apr 14 13:54:59 UTC 2020
1 ms. Memory: 51200K Free: 31550K (62%)
ptolemy.util.test.WatchDog.cancel(): canceling Tue Apr 14 13:54:59 UTC 2020
------------------ testing $PTII/ptolemy/domains/de/test/auto/Modal1.xml
auto.tcl: Setting watchdog for 200 seconds at Tue Apr 14 13:54:59 UTC 2020
15 ms. Memory: 51200K Free: 24368K (48%)
ptolemy.util.test.WatchDog.cancel(): canceling Tue Apr 14 13:54:59 UTC 2020
auto.tcl: Setting watchdog for 200 seconds at Tue Apr 14 13:54:59 UTC 2020
18 ms. Memory: 51200K Free: 20824K (41%)
ptolemy.util.test.WatchDog.cancel(): canceling Tue Apr 14 13:54:59 UTC 2020
------------------ testing $PTII/ptolemy/domains/de/test/auto/Modal2.xml
auto.tcl: Setting watchdog for 200 seconds at Tue Apr 14 13:54:59 UTC 2020
11 ms. Memory: 51200K Free: 23959K (47%)
ptolemy.util.test.WatchDog.cancel(): canceling Tue Apr 14 13:54:59 UTC 2020
auto.tcl: Setting watchdog for 200 seconds at Tue Apr 14 13:54:59 UTC 2020
12 ms. Memory: 51200K Free: 20753K (41%)
ptolemy.util.test.WatchDog.cancel(): canceling Tue Apr 14 13:54:59 UTC 2020
------------------ testing $PTII/ptolemy/domains/de/test/auto/Modal3.xml
auto.tcl: Setting watchdog for 200 seconds at Tue Apr 14 13:54:59 UTC 2020
15 ms. Memory: 51200K Free: 23996K (47%)
ptolemy.util.test.WatchDog.cancel(): canceling Tue Apr 14 13:54:59 UTC 2020
auto.tcl: Setting watchdog for 200 seconds at Tue Apr 14 13:54:59 UTC 2020
17 ms. Memory: 51200K Free: 20779K (41%)
ptolemy.util.test.WatchDog.cancel(): canceling Tue Apr 14 13:54:59 UTC 2020
------------------ testing $PTII/ptolemy/domains/de/test/auto/Modal4.xml
auto.tcl: Setting watchdog for 200 seconds at Tue Apr 14 13:54:59 UTC 2020
13 ms. Memory: 51200K Free: 22693K (44%)
ptolemy.util.test.WatchDog.cancel(): canceling Tue Apr 14 13:54:59 UTC 2020
auto.tcl: Setting watchdog for 200 seconds at Tue Apr 14 13:54:59 UTC 2020
13 ms. Memory: 51200K Free: 18700K (37%)
ptolemy.util.test.WatchDog.cancel(): canceling Tue Apr 14 13:54:59 UTC 2020
------------------ testing $PTII/ptolemy/domains/de/test/auto/Modal5.xml
auto.tcl: Setting watchdog for 200 seconds at Tue Apr 14 13:54:59 UTC 2020
17 ms. Memory: 51200K Free: 22947K (45%)
ptolemy.util.test.WatchDog.cancel(): canceling Tue Apr 14 13:54:59 UTC 2020
auto.tcl: Setting watchdog for 200 seconds at Tue Apr 14 13:54:59 UTC 2020
14 ms. Memory: 51200K Free: 19346K (38%)
ptolemy.util.test.WatchDog.cancel(): canceling Tue Apr 14 13:54:59 UTC 2020
------------------ testing $PTII/ptolemy/domains/de/test/auto/Modal6.xml
auto.tcl: Setting watchdog for 200 seconds at Tue Apr 14 13:54:59 UTC 2020
18 ms. Memory: 51200K Free: 23701K (46%)
ptolemy.util.test.WatchDog.cancel(): canceling Tue Apr 14 13:54:59 UTC 2020
auto.tcl: Setting watchdog for 200 seconds at Tue Apr 14 13:54:59 UTC 2020
18 ms. Memory: 51200K Free: 20129K (39%)
ptolemy.util.test.WatchDog.cancel(): canceling Tue Apr 14 13:54:59 UTC 2020
------------------ testing $PTII/ptolemy/domains/de/test/auto/Modal7.xml
auto.tcl: Setting watchdog for 200 seconds at Tue Apr 14 13:54:59 UTC 2020
16 ms. Memory: 51200K Free: 22924K (45%)
ptolemy.util.test.WatchDog.cancel(): canceling Tue Apr 14 13:55:00 UTC 2020
auto.tcl: Setting watchdog for 200 seconds at Tue Apr 14 13:55:00 UTC 2020
14 ms. Memory: 51200K Free: 19374K (38%)
ptolemy.util.test.WatchDog.cancel(): canceling Tue Apr 14 13:55:00 UTC 2020
------------------ testing $PTII/ptolemy/domains/de/test/auto/ModalModel.xml
auto.tcl: Setting watchdog for 200 seconds at Tue Apr 14 13:55:00 UTC 2020
197 ms. Memory: 51200K Free: 16538K (32%)
ptolemy.util.test.WatchDog.cancel(): canceling Tue Apr 14 13:55:00 UTC 2020
auto.tcl: Setting watchdog for 200 seconds at Tue Apr 14 13:55:00 UTC 2020
199 ms. Memory: 66560K Free: 30078K (45%)
ptolemy.util.test.WatchDog.cancel(): canceling Tue Apr 14 13:55:00 UTC 2020
------------------ testing $PTII/ptolemy/domains/de/test/auto/ModalSource.xml
auto.tcl: Setting watchdog for 200 seconds at Tue Apr 14 13:55:00 UTC 2020
7 ms. Memory: 51200K Free: 27780K (54%)
ptolemy.util.test.WatchDog.cancel(): canceling Tue Apr 14 13:55:00 UTC 2020
auto.tcl: Setting watchdog for 200 seconds at Tue Apr 14 13:55:00 UTC 2020
6 ms. Memory: 51200K Free: 25732K (50%)
ptolemy.util.test.WatchDog.cancel(): canceling Tue Apr 14 13:55:00 UTC 2020
------------------ testing $PTII/ptolemy/domains/de/test/auto/NonInterruptibleTimerZeroDelay.xml
auto.tcl: Setting watchdog for 200 seconds at Tue Apr 14 13:55:00 UTC 2020
3 ms. Memory: 51200K Free: 32932K (64%)
ptolemy.util.test.WatchDog.cancel(): canceling Tue Apr 14 13:55:00 UTC 2020
auto.tcl: Setting watchdog for 200 seconds at Tue Apr 14 13:55:00 UTC 2020
2 ms. Memory: 51200K Free: 32072K (63%)
ptolemy.util.test.WatchDog.cancel(): canceling Tue Apr 14 13:55:00 UTC 2020
------------------ testing $PTII/ptolemy/domains/de/test/auto/OpenQueueingNetwork.xml
auto.tcl: Setting watchdog for 200 seconds at Tue Apr 14 13:55:00 UTC 2020
2642 ms. Memory: 91136K Free: 52133K (57%)
ptolemy.util.test.WatchDog.cancel(): canceling Tue Apr 14 13:55:03 UTC 2020
auto.tcl: Setting watchdog for 200 seconds at Tue Apr 14 13:55:03 UTC 2020
2068 ms. Memory: 109568K Free: 33882K (31%)
ptolemy.util.test.WatchDog.cancel(): canceling Tue Apr 14 13:55:05 UTC 2020
------------------ testing $PTII/ptolemy/domains/de/test/auto/OpenQueuingNetwork.xml
auto.tcl: Setting watchdog for 200 seconds at Tue Apr 14 13:55:05 UTC 2020
207 ms. Memory: 70656K Free: 45680K (65%)
ptolemy.util.test.WatchDog.cancel(): canceling Tue Apr 14 13:55:05 UTC 2020
auto.tcl: Setting watchdog for 200 seconds at Tue Apr 14 13:55:05 UTC 2020
203 ms. Memory: 70656K Free: 35373K (50%)
ptolemy.util.test.WatchDog.cancel(): canceling Tue Apr 14 13:55:06 UTC 2020
------------------ testing $PTII/ptolemy/domains/de/test/auto/PeriodicSampler.xml
auto.tcl: Setting watchdog for 200 seconds at Tue Apr 14 13:55:06 UTC 2020
3 ms. Memory: 51200K Free: 31912K (62%)
ptolemy.util.test.WatchDog.cancel(): canceling Tue Apr 14 13:55:06 UTC 2020
auto.tcl: Setting watchdog for 200 seconds at Tue Apr 14 13:55:06 UTC 2020
2 ms. Memory: 51200K Free: 31384K (61%)
ptolemy.util.test.WatchDog.cancel(): canceling Tue Apr 14 13:55:06 UTC 2020
------------------ testing $PTII/ptolemy/domains/de/test/auto/PersistentIO.xml
auto.tcl: Setting watchdog for 200 seconds at Tue Apr 14 13:55:06 UTC 2020
12 ms. Memory: 51200K Free: 26821K (52%)
ptolemy.util.test.WatchDog.cancel(): canceling Tue Apr 14 13:55:06 UTC 2020
auto.tcl: Setting watchdog for 200 seconds at Tue Apr 14 13:55:06 UTC 2020
4 ms. Memory: 51200K Free: 25317K (49%)
ptolemy.util.test.WatchDog.cancel(): canceling Tue Apr 14 13:55:06 UTC 2020
------------------ testing $PTII/ptolemy/domains/de/test/auto/PortParameterResetOnInitialize.xml
auto.tcl: Setting watchdog for 200 seconds at Tue Apr 14 13:55:06 UTC 2020
8 ms. Memory: 51200K Free: 31805K (62%)
ptolemy.util.test.WatchDog.cancel(): canceling Tue Apr 14 13:55:06 UTC 2020
auto.tcl: Setting watchdog for 200 seconds at Tue Apr 14 13:55:06 UTC 2020
2 ms. Memory: 51200K Free: 31325K (61%)
ptolemy.util.test.WatchDog.cancel(): canceling Tue Apr 14 13:55:06 UTC 2020
------------------ testing $PTII/ptolemy/domains/de/test/auto/PortParameterUpdates.xml
auto.tcl: Setting watchdog for 200 seconds at Tue Apr 14 13:55:06 UTC 2020
4 ms. Memory: 51200K Free: 30120K (59%)
ptolemy.util.test.WatchDog.cancel(): canceling Tue Apr 14 13:55:06 UTC 2020
auto.tcl: Setting watchdog for 200 seconds at Tue Apr 14 13:55:06 UTC 2020
5 ms. Memory: 51200K Free: 28865K (56%)
ptolemy.util.test.WatchDog.cancel(): canceling Tue Apr 14 13:55:06 UTC 2020
------------------ testing $PTII/ptolemy/domains/de/test/auto/QueueAndServer.xml
auto.tcl: Setting watchdog for 200 seconds at Tue Apr 14 13:55:06 UTC 2020
14 ms. Memory: 51200K Free: 28859K (56%)
ptolemy.util.test.WatchDog.cancel(): canceling Tue Apr 14 13:55:06 UTC 2020
auto.tcl: Setting watchdog for 200 seconds at Tue Apr 14 13:55:06 UTC 2020
8 ms. Memory: 51200K Free: 27330K (53%)
ptolemy.util.test.WatchDog.cancel(): canceling Tue Apr 14 13:55:06 UTC 2020
------------------ testing $PTII/ptolemy/domains/de/test/auto/Records.xml
auto.tcl: Setting watchdog for 200 seconds at Tue Apr 14 13:55:06 UTC 2020
5 ms. Memory: 51200K Free: 31073K (61%)
ptolemy.util.test.WatchDog.cancel(): canceling Tue Apr 14 13:55:06 UTC 2020
auto.tcl: Setting watchdog for 200 seconds at Tue Apr 14 13:55:06 UTC 2020
2 ms. Memory: 51200K Free: 30579K (60%)
ptolemy.util.test.WatchDog.cancel(): canceling Tue Apr 14 13:55:06 UTC 2020
------------------ testing $PTII/ptolemy/domains/de/test/auto/ResetTransitionWithStartTime1.xml
auto.tcl: Setting watchdog for 200 seconds at Tue Apr 14 13:55:06 UTC 2020
11 ms. Memory: 51200K Free: 28373K (55%)
ptolemy.util.test.WatchDog.cancel(): canceling Tue Apr 14 13:55:06 UTC 2020
auto.tcl: Setting watchdog for 200 seconds at Tue Apr 14 13:55:06 UTC 2020
7 ms. Memory: 51200K Free: 26273K (51%)
ptolemy.util.test.WatchDog.cancel(): canceling Tue Apr 14 13:55:06 UTC 2020
------------------ testing $PTII/ptolemy/domains/de/test/auto/ResetTransitionWithStartTime2.xml
auto.tcl: Setting watchdog for 200 seconds at Tue Apr 14 13:55:06 UTC 2020
6 ms. Memory: 51200K Free: 28276K (55%)
ptolemy.util.test.WatchDog.cancel(): canceling Tue Apr 14 13:55:06 UTC 2020
auto.tcl: Setting watchdog for 200 seconds at Tue Apr 14 13:55:06 UTC 2020
6 ms. Memory: 51200K Free: 26255K (51%)
ptolemy.util.test.WatchDog.cancel(): canceling Tue Apr 14 13:55:06 UTC 2020
------------------ testing $PTII/ptolemy/domains/de/test/auto/ResetTransitionWithStartTime3.xml
auto.tcl: Setting watchdog for 200 seconds at Tue Apr 14 13:55:06 UTC 2020
6 ms. Memory: 51200K Free: 28275K (55%)
ptolemy.util.test.WatchDog.cancel(): canceling Tue Apr 14 13:55:06 UTC 2020
auto.tcl: Setting watchdog for 200 seconds at Tue Apr 14 13:55:06 UTC 2020
6 ms. Memory: 51200K Free: 26262K (51%)
ptolemy.util.test.WatchDog.cancel(): canceling Tue Apr 14 13:55:06 UTC 2020
------------------ testing $PTII/ptolemy/domains/de/test/auto/ResetTransitionWithStartTime4.xml
auto.tcl: Setting watchdog for 200 seconds at Tue Apr 14 13:55:06 UTC 2020
7 ms. Memory: 51200K Free: 28702K (56%)
ptolemy.util.test.WatchDog.cancel(): canceling Tue Apr 14 13:55:06 UTC 2020
auto.tcl: Setting watchdog for 200 seconds at Tue Apr 14 13:55:06 UTC 2020
3 ms. Memory: 51200K Free: 27250K (53%)
ptolemy.util.test.WatchDog.cancel(): canceling Tue Apr 14 13:55:06 UTC 2020
------------------ testing $PTII/ptolemy/domains/de/test/auto/ResettableTimer1.xml
auto.tcl: Setting watchdog for 200 seconds at Tue Apr 14 13:55:06 UTC 2020
3 ms. Memory: 51200K Free: 32352K (63%)
ptolemy.util.test.WatchDog.cancel(): canceling Tue Apr 14 13:55:07 UTC 2020
auto.tcl: Setting watchdog for 200 seconds at Tue Apr 14 13:55:07 UTC 2020
2 ms. Memory: 51200K Free: 31347K (61%)
ptolemy.util.test.WatchDog.cancel(): canceling Tue Apr 14 13:55:07 UTC 2020
------------------ testing $PTII/ptolemy/domains/de/test/auto/ResettableTimer2.xml
auto.tcl: Setting watchdog for 200 seconds at Tue Apr 14 13:55:07 UTC 2020
2 ms. Memory: 51200K Free: 32408K (63%)
ptolemy.util.test.WatchDog.cancel(): canceling Tue Apr 14 13:55:07 UTC 2020
auto.tcl: Setting watchdog for 200 seconds at Tue Apr 14 13:55:07 UTC 2020
2 ms. Memory: 51200K Free: 31384K (61%)
ptolemy.util.test.WatchDog.cancel(): canceling Tue Apr 14 13:55:07 UTC 2020
------------------ testing $PTII/ptolemy/domains/de/test/auto/ResettableTimer3.xml
auto.tcl: Setting watchdog for 200 seconds at Tue Apr 14 13:55:07 UTC 2020
1 ms. Memory: 51200K Free: 32918K (64%)
ptolemy.util.test.WatchDog.cancel(): canceling Tue Apr 14 13:55:07 UTC 2020
auto.tcl: Setting watchdog for 200 seconds at Tue Apr 14 13:55:07 UTC 2020
1 ms. Memory: 51200K Free: 32425K (63%)
ptolemy.util.test.WatchDog.cancel(): canceling Tue Apr 14 13:55:07 UTC 2020
------------------ testing $PTII/ptolemy/domains/de/test/auto/ResettableTimer4.xml
auto.tcl: Setting watchdog for 200 seconds at Tue Apr 14 13:55:07 UTC 2020
1 ms. Memory: 51200K Free: 32421K (63%)
ptolemy.util.test.WatchDog.cancel(): canceling Tue Apr 14 13:55:07 UTC 2020
auto.tcl: Setting watchdog for 200 seconds at Tue Apr 14 13:55:07 UTC 2020
1 ms. Memory: 51200K Free: 31908K (62%)
ptolemy.util.test.WatchDog.cancel(): canceling Tue Apr 14 13:55:07 UTC 2020
------------------ testing $PTII/ptolemy/domains/de/test/auto/ResettableTimer5.xml
auto.tcl: Setting watchdog for 200 seconds at Tue Apr 14 13:55:07 UTC 2020
2 ms. Memory: 51200K Free: 31905K (62%)
ptolemy.util.test.WatchDog.cancel(): canceling Tue Apr 14 13:55:07 UTC 2020
auto.tcl: Setting watchdog for 200 seconds at Tue Apr 14 13:55:07 UTC 2020
2 ms. Memory: 51200K Free: 31905K (62%)
ptolemy.util.test.WatchDog.cancel(): canceling Tue Apr 14 13:55:07 UTC 2020
------------------ testing $PTII/ptolemy/domains/de/test/auto/ResettableTimer6.xml
auto.tcl: Setting watchdog for 200 seconds at Tue Apr 14 13:55:07 UTC 2020
2 ms. Memory: 51200K Free: 31896K (62%)
ptolemy.util.test.WatchDog.cancel(): canceling Tue Apr 14 13:55:07 UTC 2020
auto.tcl: Setting watchdog for 200 seconds at Tue Apr 14 13:55:07 UTC 2020
2 ms. Memory: 51200K Free: 31386K (61%)
ptolemy.util.test.WatchDog.cancel(): canceling Tue Apr 14 13:55:07 UTC 2020
------------------ testing $PTII/ptolemy/domains/de/test/auto/ServerZeroDelay.xml
auto.tcl: Setting watchdog for 200 seconds at Tue Apr 14 13:55:07 UTC 2020
5 ms. Memory: 51200K Free: 32401K (63%)
ptolemy.util.test.WatchDog.cancel(): canceling Tue Apr 14 13:55:07 UTC 2020
auto.tcl: Setting watchdog for 200 seconds at Tue Apr 14 13:55:07 UTC 2020
2 ms. Memory: 51200K Free: 31377K (61%)
ptolemy.util.test.WatchDog.cancel(): canceling Tue Apr 14 13:55:07 UTC 2020
------------------ testing $PTII/ptolemy/domains/de/test/auto/SmartSender.xml
auto.tcl: Setting watchdog for 200 seconds at Tue Apr 14 13:55:07 UTC 2020
3001 ms. Memory: 51200K Free: 32394K (63%)
ptolemy.util.test.WatchDog.cancel(): canceling Tue Apr 14 13:55:10 UTC 2020
auto.tcl: Setting watchdog for 200 seconds at Tue Apr 14 13:55:10 UTC 2020
3001 ms. Memory: 51200K Free: 31868K (62%)
ptolemy.util.test.WatchDog.cancel(): canceling Tue Apr 14 13:55:13 UTC 2020
------------------ testing $PTII/ptolemy/domains/de/test/auto/ThreadedComposite.xml
auto.tcl: Setting watchdog for 200 seconds at Tue Apr 14 13:55:13 UTC 2020
183 ms. Memory: 51200K Free: 14406K (28%)
ptolemy.util.test.WatchDog.cancel(): canceling Tue Apr 14 13:55:13 UTC 2020
auto.tcl: Setting watchdog for 200 seconds at Tue Apr 14 13:55:13 UTC 2020
144 ms. Memory: 51200K Free: 30805K (60%)
ptolemy.util.test.WatchDog.cancel(): canceling Tue Apr 14 13:55:13 UTC 2020
------------------ testing $PTII/ptolemy/domains/de/test/auto/Time.xml
auto.tcl: Setting watchdog for 200 seconds at Tue Apr 14 13:55:13 UTC 2020
421 ms. Memory: 51200K Free: 9679K (19%)
ptolemy.util.test.WatchDog.cancel(): canceling Tue Apr 14 13:55:14 UTC 2020
auto.tcl: Setting watchdog for 200 seconds at Tue Apr 14 13:55:14 UTC 2020
369 ms. Memory: 51200K Free: 15265K (30%)
ptolemy.util.test.WatchDog.cancel(): canceling Tue Apr 14 13:55:14 UTC 2020
------------------ testing $PTII/ptolemy/domains/de/test/auto/TimeDelayZeroDelay.xml
auto.tcl: Setting watchdog for 200 seconds at Tue Apr 14 13:55:14 UTC 2020
2 ms. Memory: 51200K Free: 32326K (63%)
ptolemy.util.test.WatchDog.cancel(): canceling Tue Apr 14 13:55:14 UTC 2020
auto.tcl: Setting watchdog for 200 seconds at Tue Apr 14 13:55:14 UTC 2020
2 ms. Memory: 51200K Free: 31858K (62%)
ptolemy.util.test.WatchDog.cancel(): canceling Tue Apr 14 13:55:14 UTC 2020
------------------ testing $PTII/ptolemy/domains/de/test/auto/TimerZeroDelay.xml
auto.tcl: Setting watchdog for 200 seconds at Tue Apr 14 13:55:14 UTC 2020
3 ms. Memory: 51200K Free: 32780K (64%)
ptolemy.util.test.WatchDog.cancel(): canceling Tue Apr 14 13:55:14 UTC 2020
auto.tcl: Setting watchdog for 200 seconds at Tue Apr 14 13:55:14 UTC 2020
2 ms. Memory: 51200K Free: 31954K (62%)
ptolemy.util.test.WatchDog.cancel(): canceling Tue Apr 14 13:55:14 UTC 2020
------------------ testing $PTII/ptolemy/domains/de/test/auto/TimingParadox.xml
auto.tcl: Setting watchdog for 200 seconds at Tue Apr 14 13:55:14 UTC 2020
279 ms. Memory: 51200K Free: 19015K (37%)
ptolemy.util.test.WatchDog.cancel(): canceling Tue Apr 14 13:55:15 UTC 2020
auto.tcl: Setting watchdog for 200 seconds at Tue Apr 14 13:55:15 UTC 2020
278 ms. Memory: 61440K Free: 44548K (73%)
ptolemy.util.test.WatchDog.cancel(): canceling Tue Apr 14 13:55:15 UTC 2020
------------------ testing $PTII/ptolemy/domains/de/test/auto/TransferInputs.xml
auto.tcl: Setting watchdog for 200 seconds at Tue Apr 14 13:55:15 UTC 2020
2 ms. Memory: 55296K Free: 34917K (63%)
ptolemy.util.test.WatchDog.cancel(): canceling Tue Apr 14 13:55:15 UTC 2020
auto.tcl: Setting watchdog for 200 seconds at Tue Apr 14 13:55:15 UTC 2020
2 ms. Memory: 55296K Free: 33999K (61%)
ptolemy.util.test.WatchDog.cancel(): canceling Tue Apr 14 13:55:15 UTC 2020
------------------ testing $PTII/ptolemy/domains/de/test/auto/TransferOutputs2.xml
auto.tcl: Setting watchdog for 200 seconds at Tue Apr 14 13:55:15 UTC 2020
2 ms. Memory: 55296K Free: 32375K (59%)
ptolemy.util.test.WatchDog.cancel(): canceling Tue Apr 14 13:55:15 UTC 2020
auto.tcl: Setting watchdog for 200 seconds at Tue Apr 14 13:55:15 UTC 2020
4 ms. Memory: 55296K Free: 30913K (56%)
ptolemy.util.test.WatchDog.cancel(): canceling Tue Apr 14 13:55:15 UTC 2020
------------------ testing $PTII/ptolemy/domains/de/test/auto/Trilateration.xml
auto.tcl: Setting watchdog for 200 seconds at Tue Apr 14 13:55:15 UTC 2020
12712 ms. Memory: 462848K Free: 407758K (88%)
ptolemy.util.test.WatchDog.cancel(): canceling Tue Apr 14 13:55:29 UTC 2020
auto.tcl: Setting watchdog for 200 seconds at Tue Apr 14 13:55:29 UTC 2020
9144 ms. Memory: 462848K Free: 259056K (56%)
ptolemy.util.test.WatchDog.cancel(): canceling Tue Apr 14 13:55:38 UTC 2020
------------------ testing $PTII/ptolemy/domains/de/test/auto/TwoSigmaDelta.xml
auto.tcl: Setting watchdog for 200 seconds at Tue Apr 14 13:55:38 UTC 2020
2248 ms. Memory: 89088K Free: 15693K (18%)
ptolemy.util.test.WatchDog.cancel(): canceling Tue Apr 14 13:55:41 UTC 2020
auto.tcl: Setting watchdog for 200 seconds at Tue Apr 14 13:55:41 UTC 2020
1850 ms. Memory: 89088K Free: 61242K (69%)
ptolemy.util.test.WatchDog.cancel(): canceling Tue Apr 14 13:55:43 UTC 2020
------------------ testing $PTII/ptolemy/domains/de/test/auto/VariableDelay.xml
auto.tcl: Setting watchdog for 200 seconds at Tue Apr 14 13:55:43 UTC 2020
6 ms. Memory: 55296K Free: 35409K (64%)
ptolemy.util.test.WatchDog.cancel(): canceling Tue Apr 14 13:55:43 UTC 2020
auto.tcl: Setting watchdog for 200 seconds at Tue Apr 14 13:55:43 UTC 2020
2 ms. Memory: 55296K Free: 34385K (62%)
ptolemy.util.test.WatchDog.cancel(): canceling Tue Apr 14 13:55:43 UTC 2020
------------------ testing $PTII/ptolemy/domains/de/test/auto/VariableDelay2.xml
auto.tcl: Setting watchdog for 200 seconds at Tue Apr 14 13:55:43 UTC 2020
4 ms. Memory: 55296K Free: 35808K (65%)
ptolemy.util.test.WatchDog.cancel(): canceling Tue Apr 14 13:55:43 UTC 2020
auto.tcl: Setting watchdog for 200 seconds at Tue Apr 14 13:55:43 UTC 2020
2 ms. Memory: 55296K Free: 35328K (64%)
ptolemy.util.test.WatchDog.cancel(): canceling Tue Apr 14 13:55:43 UTC 2020
------------------ testing $PTII/ptolemy/domains/de/test/auto/VariableDelayZeroDelay.xml
auto.tcl: Setting watchdog for 200 seconds at Tue Apr 14 13:55:43 UTC 2020
2 ms. Memory: 51200K Free: 32254K (63%)
ptolemy.util.test.WatchDog.cancel(): canceling Tue Apr 14 13:55:43 UTC 2020
auto.tcl: Setting watchdog for 200 seconds at Tue Apr 14 13:55:43 UTC 2020
2 ms. Memory: 51200K Free: 31726K (62%)
ptolemy.util.test.WatchDog.cancel(): canceling Tue Apr 14 13:55:43 UTC 2020
------------------ testing $PTII/ptolemy/domains/de/test/auto/VariableDelayZeroDelay2.xml
auto.tcl: Setting watchdog for 200 seconds at Tue Apr 14 13:55:43 UTC 2020
2 ms. Memory: 51200K Free: 32253K (63%)
ptolemy.util.test.WatchDog.cancel(): canceling Tue Apr 14 13:55:43 UTC 2020
auto.tcl: Setting watchdog for 200 seconds at Tue Apr 14 13:55:43 UTC 2020
2 ms. Memory: 51200K Free: 31229K (61%)
ptolemy.util.test.WatchDog.cancel(): canceling Tue Apr 14 13:55:43 UTC 2020
------------------ testing $PTII/ptolemy/domains/de/test/auto/deInCt.xml
auto.tcl: Setting watchdog for 200 seconds at Tue Apr 14 13:55:43 UTC 2020
0
1
1
1
0
0
0
0
1
1
1
0
0
0
1
1
1
1
0
0
0
1
1
0
0
0
1
1
1
0
0
1
1
1
0
0
0
1
1
1
0
0
0
0
0
1
1
1
0
0
0
0
11 ms. Memory: 51200K Free: 31227K (61%)
ptolemy.util.test.WatchDog.cancel(): canceling Tue Apr 14 13:55:43 UTC 2020
auto.tcl: Setting watchdog for 200 seconds at Tue Apr 14 13:55:43 UTC 2020
0
1
1
1
0
0
0
0
1
1
1
1
0
0
0
1
1
1
0
0
0
1
1
1
0
0
0
1
1
1
0
0
0
1
1
1
1
0
0
0
0
0
1
1
1
1
9 ms. Memory: 51200K Free: 29702K (58%)
ptolemy.util.test.WatchDog.cancel(): canceling Tue Apr 14 13:55:43 UTC 2020
------------------ testing $PTII/ptolemy/domains/de/test/auto/deInCt2.xml
auto.tcl: Setting watchdog for 200 seconds at Tue Apr 14 13:55:43 UTC 2020
0
1
1
1
0
0
1
1
1
0
0
1
1
1
0
0
1
1
1
0
0
1
1
1
0
0
1
1
1
0
0
1
1
1
0
0
1
1
1
0
0
0
12 ms. Memory: 51200K Free: 31227K (61%)
ptolemy.util.test.WatchDog.cancel(): canceling Tue Apr 14 13:55:43 UTC 2020
auto.tcl: Setting watchdog for 200 seconds at Tue Apr 14 13:55:43 UTC 2020
0
1
1
1
0
0
1
1
1
0
0
1
1
1
0
0
1
1
1
0
0
1
1
1
0
0
1
1
1
0
0
1
1
1
0
0
1
1
1
0
0
0
11 ms. Memory: 51200K Free: 29689K (58%)
ptolemy.util.test.WatchDog.cancel(): canceling Tue Apr 14 13:55:43 UTC 2020
------------------ testing $PTII/ptolemy/domains/de/test/auto/dynamicCausalityInterface1.xml
auto.tcl: Setting watchdog for 200 seconds at Tue Apr 14 13:55:43 UTC 2020
1 ms. Memory: 51200K Free: 27126K (53%)
ptolemy.util.test.WatchDog.cancel(): canceling Tue Apr 14 13:55:43 UTC 2020
auto.tcl: Setting watchdog for 200 seconds at Tue Apr 14 13:55:43 UTC 2020
1 ms. Memory: 51200K Free: 26595K (52%)
ptolemy.util.test.WatchDog.cancel(): canceling Tue Apr 14 13:55:43 UTC 2020
------------------ testing $PTII/ptolemy/domains/de/test/auto/fsm_de_test.xml
auto.tcl: Setting watchdog for 200 seconds at Tue Apr 14 13:55:43 UTC 2020
7 ms. Memory: 51200K Free: 27024K (53%)
ptolemy.util.test.WatchDog.cancel(): canceling Tue Apr 14 13:55:43 UTC 2020
auto.tcl: Setting watchdog for 200 seconds at Tue Apr 14 13:55:43 UTC 2020
6 ms. Memory: 51200K Free: 24976K (49%)
ptolemy.util.test.WatchDog.cancel(): canceling Tue Apr 14 13:55:43 UTC 2020
------------------ testing $PTII/ptolemy/domains/de/test/auto/functionDependencyReconstruction.xml
auto.tcl: Setting watchdog for 200 seconds at Tue Apr 14 13:55:43 UTC 2020
3 ms. Memory: 51200K Free: 20870K (41%)
ptolemy.util.test.WatchDog.cancel(): canceling Tue Apr 14 13:55:43 UTC 2020
auto.tcl: Setting watchdog for 200 seconds at Tue Apr 14 13:55:43 UTC 2020
3 ms. Memory: 51200K Free: 18822K (37%)
ptolemy.util.test.WatchDog.cancel(): canceling Tue Apr 14 13:55:43 UTC 2020
------------------ testing $PTII/ptolemy/domains/de/test/auto/multirate.xml
auto.tcl: Setting watchdog for 200 seconds at Tue Apr 14 13:55:43 UTC 2020
5 ms. Memory: 51200K Free: 29440K (57%)
ptolemy.util.test.WatchDog.cancel(): canceling Tue Apr 14 13:55:43 UTC 2020
auto.tcl: Setting watchdog for 200 seconds at Tue Apr 14 13:55:43 UTC 2020
3 ms. Memory: 51200K Free: 27920K (55%)
ptolemy.util.test.WatchDog.cancel(): canceling Tue Apr 14 13:55:43 UTC 2020
------------------ testing $PTII/ptolemy/domains/de/test/auto/multirate2.xml
auto.tcl: Setting watchdog for 200 seconds at Tue Apr 14 13:55:43 UTC 2020
3 ms. Memory: 51200K Free: 29621K (58%)
ptolemy.util.test.WatchDog.cancel(): canceling Tue Apr 14 13:55:43 UTC 2020
auto.tcl: Setting watchdog for 200 seconds at Tue Apr 14 13:55:43 UTC 2020
3 ms. Memory: 51200K Free: 28101K (55%)
ptolemy.util.test.WatchDog.cancel(): canceling Tue Apr 14 13:55:43 UTC 2020
------------------ testing $PTII/ptolemy/domains/de/test/auto/realtime.xml
auto.tcl: Setting watchdog for 200 seconds at Tue Apr 14 13:55:43 UTC 2020
10003 ms. Memory: 51200K Free: 31897K (62%)
ptolemy.util.test.WatchDog.cancel(): canceling Tue Apr 14 13:55:53 UTC 2020
auto.tcl: Setting watchdog for 200 seconds at Tue Apr 14 13:55:53 UTC 2020
10001 ms. Memory: 51200K Free: 31385K (61%)
ptolemy.util.test.WatchDog.cancel(): canceling Tue Apr 14 13:56:03 UTC 2020
------------------ testing $PTII/ptolemy/domains/de/test/auto/relationGroup.xml
auto.tcl: Setting watchdog for 200 seconds at Tue Apr 14 13:56:04 UTC 2020
1 ms. Memory: 51200K Free: 32986K (64%)
ptolemy.util.test.WatchDog.cancel(): canceling Tue Apr 14 13:56:04 UTC 2020
auto.tcl: Setting watchdog for 200 seconds at Tue Apr 14 13:56:04 UTC 2020
1 ms. Memory: 51200K Free: 32474K (63%)
ptolemy.util.test.WatchDog.cancel(): canceling Tue Apr 14 13:56:04 UTC 2020
------------------ testing $PTII/ptolemy/domains/de/test/auto/relationGroup2.xml
auto.tcl: Setting watchdog for 200 seconds at Tue Apr 14 13:56:04 UTC 2020
2 ms. Memory: 51200K Free: 32787K (64%)
ptolemy.util.test.WatchDog.cancel(): canceling Tue Apr 14 13:56:04 UTC 2020
auto.tcl: Setting watchdog for 200 seconds at Tue Apr 14 13:56:04 UTC 2020
1 ms. Memory: 51200K Free: 32279K (63%)
ptolemy.util.test.WatchDog.cancel(): canceling Tue Apr 14 13:56:04 UTC 2020
------------------ testing $PTII/ptolemy/domains/de/test/auto/sortWithOpaquePorts.xml
auto.tcl: Setting watchdog for 200 seconds at Tue Apr 14 13:56:04 UTC 2020
2 ms. Memory: 51200K Free: 32278K (63%)
ptolemy.util.test.WatchDog.cancel(): canceling Tue Apr 14 13:56:04 UTC 2020
auto.tcl: Setting watchdog for 200 seconds at Tue Apr 14 13:56:04 UTC 2020
3 ms. Memory: 51200K Free: 30752K (60%)
ptolemy.util.test.WatchDog.cancel(): canceling Tue Apr 14 13:56:04 UTC 2020
------------------ testing $PTII/ptolemy/domains/de/test/auto/transferInputsandOutputs.xml
auto.tcl: Setting watchdog for 200 seconds at Tue Apr 14 13:56:04 UTC 2020
5 ms. Memory: 51200K Free: 29193K (57%)
ptolemy.util.test.WatchDog.cancel(): canceling Tue Apr 14 13:56:04 UTC 2020
auto.tcl: Setting watchdog for 200 seconds at Tue Apr 14 13:56:04 UTC 2020
4 ms. Memory: 51200K Free: 28169K (55%)
ptolemy.util.test.WatchDog.cancel(): canceling Tue Apr 14 13:56:04 UTC 2020
------------------ testing $PTII/ptolemy/domains/de/test/auto/triggerType.xml
auto.tcl: Setting watchdog for 200 seconds at Tue Apr 14 13:56:04 UTC 2020
2 ms. Memory: 51200K Free: 32219K (63%)
ptolemy.util.test.WatchDog.cancel(): canceling Tue Apr 14 13:56:04 UTC 2020
auto.tcl: Setting watchdog for 200 seconds at Tue Apr 14 13:56:04 UTC 2020
2 ms. Memory: 51200K Free: 31195K (61%)
ptolemy.util.test.WatchDog.cancel(): canceling Tue Apr 14 13:56:04 UTC 2020
04/14/20 01:56:04
Failed: 0  Total Tests: 192  ((Passed: 187, Newly Passed: 1)  Known Failed: 5) /home/travis/build/icyphy/ptII/ptolemy/domains/de/test
04/14/20 01:56:04
Failed: 0  Total Tests: 192  ((Passed: 187, Newly Passed: 1)  Known Failed: 5) /home/travis/build/icyphy/ptII/ptolemy/domains/de/test
----------------- testing (KnownFailure) /home/travis/build/icyphy/ptII/ptolemy/domains/de/test/auto/knownFailedTests/DESDFClockTest.xml
2020 ms. Memory: 51200K Free: 25613K (50%)
Known Failure: java.lang.reflect.InvocationTargetException
----------------- testing (KnownFailure) /home/travis/build/icyphy/ptII/ptolemy/domains/de/test/auto/knownFailedTests/DirectFeedback.xml
2 ms. Memory: 51200K Free: 22031K (43%)
Known Failure: java.lang.reflect.InvocationTargetException
----------------- testing (KnownFailure) /home/travis/build/icyphy/ptII/ptolemy/domains/de/test/auto/knownFailedTests/FSMSource.xml
15 ms. Memory: 51200K Free: 14863K (29%)
----------------- testing (KnownFailure) /home/travis/build/icyphy/ptII/ptolemy/domains/de/test/auto/knownFailedTests/HierarchicalModel.xml
3 ms. Memory: 51200K Free: 26670K (52%)
Known Failure: java.lang.reflect.InvocationTargetException
----------------- testing (KnownFailure) /home/travis/build/icyphy/ptII/ptolemy/domains/de/test/auto/knownFailedTests/dependencyLoop.xml
3 ms. Memory: 51200K Free: 11310K (22%)
Known Failure: java.lang.reflect.InvocationTargetException
----------------- testing (KnownFailure) /home/travis/build/icyphy/ptII/ptolemy/domains/de/test/auto/knownFailedTests/dependencyLoop2.xml
3 ms. Memory: 51200K Free: 23874K (47%)
Known Failure: java.lang.reflect.InvocationTargetException
No auto/linux-amd64/*.xml tests in /home/travis/build/icyphy/ptII/ptolemy/domains/de/test
AutoTests.java: About to close Vertx.
AutoTests.java: Vertx closed.

===========================================================================================
----------------- testing Tue Apr 14 13:56:06 UTC 2020 /home/travis/build/icyphy/ptII/ptolemy/domains/de/test/auto/ActorDepthCalculation_actorWithoutPorts.xml
----------------- Instantiating /home/travis/build/icyphy/ptII/ptolemy/domains/de/test/auto/ActorDepthCalculation_actorWithoutPorts.xml
2 ms. Memory: 51200K Free: 16990K (33%)
----------------- Invoking toplevel() on ptolemy.moml.MoMLSimpleApplication@20e4cbd3
----------------- Done invoking toplevel() on ptolemy.moml.MoMLSimpleApplication@20e4cbd3
reloadAllAccessors: .ActorDepthCalculation_actorWithoutPorts

===========================================================================================
----------------- testing Tue Apr 14 13:56:06 UTC 2020 /home/travis/build/icyphy/ptII/ptolemy/domains/de/test/auto/AssemblyLine.xml
----------------- Instantiating /home/travis/build/icyphy/ptII/ptolemy/domains/de/test/auto/AssemblyLine.xml
6 ms. Memory: 51200K Free: 10131K (20%)
----------------- Invoking toplevel() on ptolemy.moml.MoMLSimpleApplication@77f6fb22
----------------- Done invoking toplevel() on ptolemy.moml.MoMLSimpleApplication@77f6fb22
reloadAllAccessors: .AssemblyLine

===========================================================================================
----------------- testing Tue Apr 14 13:56:06 UTC 2020 /home/travis/build/icyphy/ptII/ptolemy/domains/de/test/auto/CQBug1.xml
----------------- Instantiating /home/travis/build/icyphy/ptII/ptolemy/domains/de/test/auto/CQBug1.xml
1 ms. Memory: 51200K Free: 35109K (69%)
----------------- Invoking toplevel() on ptolemy.moml.MoMLSimpleApplication@33b7abc5
----------------- Done invoking toplevel() on ptolemy.moml.MoMLSimpleApplication@33b7abc5
reloadAllAccessors: .CQBug1

===========================================================================================
----------------- testing Tue Apr 14 13:56:06 UTC 2020 /home/travis/build/icyphy/ptII/ptolemy/domains/de/test/auto/CancelFireAt.xml
----------------- Instantiating /home/travis/build/icyphy/ptII/ptolemy/domains/de/test/auto/CancelFireAt.xml
4 ms. Memory: 51200K Free: 32711K (64%)
----------------- Invoking toplevel() on ptolemy.moml.MoMLSimpleApplication@54b5d320
----------------- Done invoking toplevel() on ptolemy.moml.MoMLSimpleApplication@54b5d320
reloadAllAccessors: .CancelFireAt

===========================================================================================
----------------- testing Tue Apr 14 13:56:06 UTC 2020 /home/travis/build/icyphy/ptII/ptolemy/domains/de/test/auto/CausalityAndComposabilityAnalysis.xml
----------------- Instantiating /home/travis/build/icyphy/ptII/ptolemy/domains/de/test/auto/CausalityAndComposabilityAnalysis.xml
3 ms. Memory: 51200K Free: 28284K (55%)
----------------- Invoking toplevel() on ptolemy.moml.MoMLSimpleApplication@14a20122
----------------- Done invoking toplevel() on ptolemy.moml.MoMLSimpleApplication@14a20122
reloadAllAccessors: .CausalityAndComposabilityAnalysis

===========================================================================================
----------------- testing Tue Apr 14 13:56:06 UTC 2020 /home/travis/build/icyphy/ptII/ptolemy/domains/de/test/auto/CausalityInterface1.xml
----------------- Instantiating /home/travis/build/icyphy/ptII/ptolemy/domains/de/test/auto/CausalityInterface1.xml
5 ms. Memory: 51200K Free: 23189K (45%)
----------------- Invoking toplevel() on ptolemy.moml.MoMLSimpleApplication@e95532a
----------------- Done invoking toplevel() on ptolemy.moml.MoMLSimpleApplication@e95532a
reloadAllAccessors: .CausalityInterface1

===========================================================================================
----------------- testing Tue Apr 14 13:56:06 UTC 2020 /home/travis/build/icyphy/ptII/ptolemy/domains/de/test/auto/CausalityInterface15.xml
----------------- Instantiating /home/travis/build/icyphy/ptII/ptolemy/domains/de/test/auto/CausalityInterface15.xml
2 ms. Memory: 51200K Free: 17760K (35%)
----------------- Invoking toplevel() on ptolemy.moml.MoMLSimpleApplication@10df9648
----------------- Done invoking toplevel() on ptolemy.moml.MoMLSimpleApplication@10df9648
reloadAllAccessors: .CausalityInterface15

===========================================================================================
----------------- testing Tue Apr 14 13:56:06 UTC 2020 /home/travis/build/icyphy/ptII/ptolemy/domains/de/test/auto/CausalityInterface2.xml
----------------- Instantiating /home/travis/build/icyphy/ptII/ptolemy/domains/de/test/auto/CausalityInterface2.xml
1 ms. Memory: 51200K Free: 13225K (26%)
[...]
	at ptolemy.actor.Manager.run(Manager.java:1263)
	at ptolemy.actor.Manager$PtolemyRunThread.run(Manager.java:1933)
java.lang.RuntimeException: Execution failed
	at ptolemy.moml.MoMLSimpleApplication$UnloadThread.run(MoMLSimpleApplication.java:402)
Caused by: ptolemy.kernel.util.IllegalActionException: Actor is not ready to fire.  Perhaps UpSample.prefire() returned false? Try debugging the actor by selecting "Listen to Actor".  Also, for SDF check moml for tokenConsumptionRate on input.
  in .DESDFClockTest.Play Bell.Copy1:SDF Director and .DESDFClockTest.Play Bell.UpSample
	at ptolemy.actor.sched.StaticSchedulingDirector.fire(StaticSchedulingDirector.java:227)
	at ptolemy.domains.sdf.kernel.SDFDirector.fire(SDFDirector.java:500)
	at ptolemy.actor.CompositeActor.fire(CompositeActor.java:455)
	at ptolemy.domains.de.kernel.DEDirector._fire(DEDirector.java:1949)
	at ptolemy.domains.de.kernel.DEDirector.fire(DEDirector.java:502)
	at ptolemy.actor.CompositeActor.fire(CompositeActor.java:455)
	at ptolemy.actor.Manager.iterate(Manager.java:851)
	at ptolemy.actor.Manager.execute(Manager.java:369)
	at ptolemy.actor.Manager.run(Manager.java:1263)
	at ptolemy.actor.Manager$PtolemyRunThread.run(Manager.java:1933)
java.lang.reflect.InvocationTargetException
	at java.base/jdk.internal.reflect.NativeConstructorAccessorImpl.newInstance0(Native Method)
	at java.base/jdk.internal.reflect.NativeConstructorAccessorImpl.newInstance(NativeConstructorAccessorImpl.java:62)
	at java.base/jdk.internal.reflect.DelegatingConstructorAccessorImpl.newInstance(DelegatingConstructorAccessorImpl.java:45)
	at java.base/java.lang.reflect.Constructor.newInstance(Constructor.java:490)
	at ptolemy.util.test.junit.AutoKnownFailedTests.RunModel(AutoKnownFailedTests.java:105)
	at java.base/jdk.internal.reflect.NativeMethodAccessorImpl.invoke0(Native Method)
	at java.base/jdk.internal.reflect.NativeMethodAccessorImpl.invoke(NativeMethodAccessorImpl.java:62)
	at java.base/jdk.internal.reflect.DelegatingMethodAccessorImpl.invoke(DelegatingMethodAccessorImpl.java:43)
	at java.base/java.lang.reflect.Method.invoke(Method.java:566)
	at org.junit.runners.model.FrameworkMethod$1.runReflectiveCall(FrameworkMethod.java:44)
	at org.junit.internal.runners.model.ReflectiveCallable.run(ReflectiveCallable.java:15)
	at org.junit.runners.model.FrameworkMethod.invokeExplosively(FrameworkMethod.java:41)
	at junitparams.internal.InvokeParameterisedMethod.evaluate(InvokeParameterisedMethod.java:102)
	at org.junit.internal.runners.statements.FailOnTimeout$1.run(FailOnTimeout.java:28)
Caused by: ptolemy.kernel.util.IllegalActionException: Actor is not ready to fire.  Perhaps UpSample.prefire() returned false? Try debugging the actor by selecting "Listen to Actor".  Also, for SDF check moml for tokenConsumptionRate on input.
  in .DESDFClockTest.Play Bell.Copy1:SDF Director and .DESDFClockTest.Play Bell.UpSample
	at ptolemy.actor.sched.StaticSchedulingDirector.fire(StaticSchedulingDirector.java:227)
	at ptolemy.domains.sdf.kernel.SDFDirector.fire(SDFDirector.java:500)
	at ptolemy.actor.CompositeActor.fire(CompositeActor.java:455)
	at ptolemy.domains.de.kernel.DEDirector._fire(DEDirector.java:1949)
	at ptolemy.domains.de.kernel.DEDirector.fire(DEDirector.java:502)
	at ptolemy.actor.CompositeActor.fire(CompositeActor.java:455)
	at ptolemy.actor.Manager.iterate(Manager.java:851)
	at ptolemy.actor.Manager.execute(Manager.java:369)
	at ptolemy.actor.Manager.run(Manager.java:1263)
	at ptolemy.actor.Manager$PtolemyRunThread.run(Manager.java:1933)
java.lang.RuntimeException: Execution failed
	at ptolemy.moml.MoMLSimpleApplication$UnloadThread.run(MoMLSimpleApplication.java:402)
Caused by: ptolemy.kernel.util.IllegalActionException: Test fails in iteration 1.
Value was: 1.0. Should have been: 2.0
  in .DirectFeedback.Test
	at ptolemy.actor.lib.Test.fire(Test.java:268)
	at ptolemy.domains.de.kernel.DEDirector._fire(DEDirector.java:1949)
	at ptolemy.domains.de.kernel.DEDirector.fire(DEDirector.java:502)
	at ptolemy.actor.CompositeActor.fire(CompositeActor.java:455)
	at ptolemy.actor.Manager.iterate(Manager.java:851)
	at ptolemy.actor.Manager.execute(Manager.java:369)
	at ptolemy.actor.Manager.run(Manager.java:1263)
	at ptolemy.actor.Manager$PtolemyRunThread.run(Manager.java:1933)
java.lang.reflect.InvocationTargetException
	at java.base/jdk.internal.reflect.NativeConstructorAccessorImpl.newInstance0(Native Method)
	at java.base/jdk.internal.reflect.NativeConstructorAccessorImpl.newInstance(NativeConstructorAccessorImpl.java:62)
	at java.base/jdk.internal.reflect.DelegatingConstructorAccessorImpl.newInstance(DelegatingConstructorAccessorImpl.java:45)
	at java.base/java.lang.reflect.Constructor.newInstance(Constructor.java:490)
	at ptolemy.util.test.junit.AutoKnownFailedTests.RunModel(AutoKnownFailedTests.java:105)
	at java.base/jdk.internal.reflect.NativeMethodAccessorImpl.invoke0(Native Method)
	at java.base/jdk.internal.reflect.NativeMethodAccessorImpl.invoke(NativeMethodAccessorImpl.java:62)
	at java.base/jdk.internal.reflect.DelegatingMethodAccessorImpl.invoke(DelegatingMethodAccessorImpl.java:43)
	at java.base/java.lang.reflect.Method.invoke(Method.java:566)
	at org.junit.runners.model.FrameworkMethod$1.runReflectiveCall(FrameworkMethod.java:44)
	at org.junit.internal.runners.model.ReflectiveCallable.run(ReflectiveCallable.java:15)
	at org.junit.runners.model.FrameworkMethod.invokeExplosively(FrameworkMethod.java:41)
	at junitparams.internal.InvokeParameterisedMethod.evaluate(InvokeParameterisedMethod.java:102)
	at org.junit.internal.runners.statements.FailOnTimeout$1.run(FailOnTimeout.java:28)
Caused by: ptolemy.kernel.util.IllegalActionException: Test fails in iteration 1.
Value was: 1.0. Should have been: 2.0
  in .DirectFeedback.Test
	at ptolemy.actor.lib.Test.fire(Test.java:268)
	at ptolemy.domains.de.kernel.DEDirector._fire(DEDirector.java:1949)
	at ptolemy.domains.de.kernel.DEDirector.fire(DEDirector.java:502)
	at ptolemy.actor.CompositeActor.fire(CompositeActor.java:455)
	at ptolemy.actor.Manager.iterate(Manager.java:851)
	at ptolemy.actor.Manager.execute(Manager.java:369)
	at ptolemy.actor.Manager.run(Manager.java:1263)
	at ptolemy.actor.Manager$PtolemyRunThread.run(Manager.java:1933)
java.lang.RuntimeException: Execution failed
	at ptolemy.moml.MoMLSimpleApplication$UnloadThread.run(MoMLSimpleApplication.java:402)
Caused by: ptolemy.kernel.util.IllegalActionException: Found a zero delay loop containing .HierarchicalModel.A
  in .HierarchicalModel and .HierarchicalModel.A
	at ptolemy.actor.util.CausalityInterfaceForComposites._computeOutputPortDepth(CausalityInterfaceForComposites.java:759)
	at ptolemy.actor.util.CausalityInterfaceForComposites._computeInputDepth(CausalityInterfaceForComposites.java:696)
	at ptolemy.actor.util.CausalityInterfaceForComposites._computeOutputPortDepth(CausalityInterfaceForComposites.java:765)
	at ptolemy.actor.util.CausalityInterfaceForComposites._computeInputDepth(CausalityInterfaceForComposites.java:696)
	at ptolemy.actor.util.CausalityInterfaceForComposites._computeOutputPortDepth(CausalityInterfaceForComposites.java:765)
	at ptolemy.actor.util.CausalityInterfaceForComposites._computeInputDepth(CausalityInterfaceForComposites.java:696)
	at ptolemy.actor.util.CausalityInterfaceForComposites._computeActorDepth(CausalityInterfaceForComposites.java:532)
	at ptolemy.actor.util.CausalityInterfaceForComposites.checkForCycles(CausalityInterfaceForComposites.java:96)
	at ptolemy.domains.de.kernel.DEDirector.preinitialize(DEDirector.java:1338)
	at ptolemy.actor.CompositeActor.preinitialize(CompositeActor.java:1828)
	at ptolemy.actor.Manager.preinitializeAndResolveTypes(Manager.java:1040)
	at ptolemy.actor.Manager.initialize(Manager.java:710)
	at ptolemy.actor.Manager.execute(Manager.java:356)
	at ptolemy.actor.Manager.run(Manager.java:1263)
	at ptolemy.actor.Manager$PtolemyRunThread.run(Manager.java:1933)
java.lang.reflect.InvocationTargetException
	at java.base/jdk.internal.reflect.NativeConstructorAccessorImpl.newInstance0(Native Method)
	at java.base/jdk.internal.reflect.NativeConstructorAccessorImpl.newInstance(NativeConstructorAccessorImpl.java:62)
	at java.base/jdk.internal.reflect.DelegatingConstructorAccessorImpl.newInstance(DelegatingConstructorAccessorImpl.java:45)
	at java.base/java.lang.reflect.Constructor.newInstance(Constructor.java:490)
	at ptolemy.util.test.junit.AutoKnownFailedTests.RunModel(AutoKnownFailedTests.java:105)
	at java.base/jdk.internal.reflect.NativeMethodAccessorImpl.invoke0(Native Method)
	at java.base/jdk.internal.reflect.NativeMethodAccessorImpl.invoke(NativeMethodAccessorImpl.java:62)
	at java.base/jdk.internal.reflect.DelegatingMethodAccessorImpl.invoke(DelegatingMethodAccessorImpl.java:43)
	at java.base/java.lang.reflect.Method.invoke(Method.java:566)
	at org.junit.runners.model.FrameworkMethod$1.runReflectiveCall(FrameworkMethod.java:44)
	at org.junit.internal.runners.model.ReflectiveCallable.run(ReflectiveCallable.java:15)
	at org.junit.runners.model.FrameworkMethod.invokeExplosively(FrameworkMethod.java:41)
	at junitparams.internal.InvokeParameterisedMethod.evaluate(InvokeParameterisedMethod.java:102)
	at org.junit.internal.runners.statements.FailOnTimeout$1.run(FailOnTimeout.java:28)
Caused by: ptolemy.kernel.util.IllegalActionException: Found a zero delay loop containing .HierarchicalModel.A
  in .HierarchicalModel and .HierarchicalModel.A
	at ptolemy.actor.util.CausalityInterfaceForComposites._computeOutputPortDepth(CausalityInterfaceForComposites.java:759)
	at ptolemy.actor.util.CausalityInterfaceForComposites._computeInputDepth(CausalityInterfaceForComposites.java:696)
	at ptolemy.actor.util.CausalityInterfaceForComposites._computeOutputPortDepth(CausalityInterfaceForComposites.java:765)
	at ptolemy.actor.util.CausalityInterfaceForComposites._computeInputDepth(CausalityInterfaceForComposites.java:696)
	at ptolemy.actor.util.CausalityInterfaceForComposites._computeOutputPortDepth(CausalityInterfaceForComposites.java:765)
	at ptolemy.actor.util.CausalityInterfaceForComposites._computeInputDepth(CausalityInterfaceForComposites.java:696)
	at ptolemy.actor.util.CausalityInterfaceForComposites._computeActorDepth(CausalityInterfaceForComposites.java:532)
	at ptolemy.actor.util.CausalityInterfaceForComposites.checkForCycles(CausalityInterfaceForComposites.java:96)
	at ptolemy.domains.de.kernel.DEDirector.preinitialize(DEDirector.java:1338)
	at ptolemy.actor.CompositeActor.preinitialize(CompositeActor.java:1828)
	at ptolemy.actor.Manager.preinitializeAndResolveTypes(Manager.java:1040)
	at ptolemy.actor.Manager.initialize(Manager.java:710)
	at ptolemy.actor.Manager.execute(Manager.java:356)
	at ptolemy.actor.Manager.run(Manager.java:1263)
	at ptolemy.actor.Manager$PtolemyRunThread.run(Manager.java:1933)
java.lang.RuntimeException: Execution failed
	at ptolemy.moml.MoMLSimpleApplication$UnloadThread.run(MoMLSimpleApplication.java:402)
Caused by: ptolemy.kernel.util.IllegalActionException: Found a zero delay loop containing .dependencyLoop.original
  in .dependencyLoop and .dependencyLoop.original
	at ptolemy.actor.util.CausalityInterfaceForComposites._computeOutputPortDepth(CausalityInterfaceForComposites.java:759)
	at ptolemy.actor.util.CausalityInterfaceForComposites._computeInputDepth(CausalityInterfaceForComposites.java:696)
	at ptolemy.actor.util.CausalityInterfaceForComposites._computeOutputPortDepth(CausalityInterfaceForComposites.java:765)
	at ptolemy.actor.util.CausalityInterfaceForComposites._computeInputDepth(CausalityInterfaceForComposites.java:696)
	at ptolemy.actor.util.CausalityInterfaceForComposites._computeOutputPortDepth(CausalityInterfaceForComposites.java:765)
	at ptolemy.actor.util.CausalityInterfaceForComposites._computeInputDepth(CausalityInterfaceForComposites.java:696)
	at ptolemy.actor.util.CausalityInterfaceForComposites._computeActorDepth(CausalityInterfaceForComposites.java:532)
	at ptolemy.actor.util.CausalityInterfaceForComposites.checkForCycles(CausalityInterfaceForComposites.java:96)
	at ptolemy.domains.de.kernel.DEDirector.preinitialize(DEDirector.java:1338)
	at ptolemy.actor.CompositeActor.preinitialize(CompositeActor.java:1828)
	at ptolemy.actor.Manager.preinitializeAndResolveTypes(Manager.java:1040)
	at ptolemy.actor.Manager.initialize(Manager.java:710)
	at ptolemy.actor.Manager.execute(Manager.java:356)
	at ptolemy.actor.Manager.run(Manager.java:1263)
	at ptolemy.actor.Manager$PtolemyRunThread.run(Manager.java:1933)
java.lang.reflect.InvocationTargetException
	at java.base/jdk.internal.reflect.NativeConstructorAccessorImpl.newInstance0(Native Method)
	at java.base/jdk.internal.reflect.NativeConstructorAccessorImpl.newInstance(NativeConstructorAccessorImpl.java:62)
	at java.base/jdk.internal.reflect.DelegatingConstructorAccessorImpl.newInstance(DelegatingConstructorAccessorImpl.java:45)
	at java.base/java.lang.reflect.Constructor.newInstance(Constructor.java:490)
	at ptolemy.util.test.junit.AutoKnownFailedTests.RunModel(AutoKnownFailedTests.java:105)
	at java.base/jdk.internal.reflect.NativeMethodAccessorImpl.invoke0(Native Method)
	at java.base/jdk.internal.reflect.NativeMethodAccessorImpl.invoke(NativeMethodAccessorImpl.java:62)
	at java.base/jdk.internal.reflect.DelegatingMethodAccessorImpl.invoke(DelegatingMethodAccessorImpl.java:43)
	at java.base/java.lang.reflect.Method.invoke(Method.java:566)
	at org.junit.runners.model.FrameworkMethod$1.runReflectiveCall(FrameworkMethod.java:44)
	at org.junit.internal.runners.model.ReflectiveCallable.run(ReflectiveCallable.java:15)
	at org.junit.runners.model.FrameworkMethod.invokeExplosively(FrameworkMethod.java:41)
	at junitparams.internal.InvokeParameterisedMethod.evaluate(InvokeParameterisedMethod.java:102)
	at org.junit.internal.runners.statements.FailOnTimeout$1.run(FailOnTimeout.java:28)
Caused by: ptolemy.kernel.util.IllegalActionException: Found a zero delay loop containing .dependencyLoop.original
  in .dependencyLoop and .dependencyLoop.original
	at ptolemy.actor.util.CausalityInterfaceForComposites._computeOutputPortDepth(CausalityInterfaceForComposites.java:759)
	at ptolemy.actor.util.CausalityInterfaceForComposites._computeInputDepth(CausalityInterfaceForComposites.java:696)
	at ptolemy.actor.util.CausalityInterfaceForComposites._computeOutputPortDepth(CausalityInterfaceForComposites.java:765)
	at ptolemy.actor.util.CausalityInterfaceForComposites._computeInputDepth(CausalityInterfaceForComposites.java:696)
	at ptolemy.actor.util.CausalityInterfaceForComposites._computeOutputPortDepth(CausalityInterfaceForComposites.java:765)
	at ptolemy.actor.util.CausalityInterfaceForComposites._computeInputDepth(CausalityInterfaceForComposites.java:696)
	at ptolemy.actor.util.CausalityInterfaceForComposites._computeActorDepth(CausalityInterfaceForComposites.java:532)
	at ptolemy.actor.util.CausalityInterfaceForComposites.checkForCycles(CausalityInterfaceForComposites.java:96)
	at ptolemy.domains.de.kernel.DEDirector.preinitialize(DEDirector.java:1338)
	at ptolemy.actor.CompositeActor.preinitialize(CompositeActor.java:1828)
	at ptolemy.actor.Manager.preinitializeAndResolveTypes(Manager.java:1040)
	at ptolemy.actor.Manager.initialize(Manager.java:710)
	at ptolemy.actor.Manager.execute(Manager.java:356)
	at ptolemy.actor.Manager.run(Manager.java:1263)
	at ptolemy.actor.Manager$PtolemyRunThread.run(Manager.java:1933)
java.lang.RuntimeException: Execution failed
	at ptolemy.moml.MoMLSimpleApplication$UnloadThread.run(MoMLSimpleApplication.java:402)
Caused by: ptolemy.kernel.util.IllegalActionException: Found a zero delay loop containing .dependencyLoop2.original
  in .dependencyLoop2 and .dependencyLoop2.original
	at ptolemy.actor.util.CausalityInterfaceForComposites._computeOutputPortDepth(CausalityInterfaceForComposites.java:759)
	at ptolemy.actor.util.CausalityInterfaceForComposites._computeInputDepth(CausalityInterfaceForComposites.java:696)
	at ptolemy.actor.util.CausalityInterfaceForComposites._computeOutputPortDepth(CausalityInterfaceForComposites.java:765)
	at ptolemy.actor.util.CausalityInterfaceForComposites._computeInputDepth(CausalityInterfaceForComposites.java:696)
	at ptolemy.actor.util.CausalityInterfaceForComposites._computeOutputPortDepth(CausalityInterfaceForComposites.java:765)
	at ptolemy.actor.util.CausalityInterfaceForComposites._computeInputDepth(CausalityInterfaceForComposites.java:696)
	at ptolemy.actor.util.CausalityInterfaceForComposites._computeActorDepth(CausalityInterfaceForComposites.java:532)
	at ptolemy.actor.util.CausalityInterfaceForComposites.checkForCycles(CausalityInterfaceForComposites.java:96)
	at ptolemy.domains.de.kernel.DEDirector.preinitialize(DEDirector.java:1338)
	at ptolemy.actor.CompositeActor.preinitialize(CompositeActor.java:1828)
	at ptolemy.actor.Manager.preinitializeAndResolveTypes(Manager.java:1040)
	at ptolemy.actor.Manager.initialize(Manager.java:710)
	at ptolemy.actor.Manager.execute(Manager.java:356)
	at ptolemy.actor.Manager.run(Manager.java:1263)
	at ptolemy.actor.Manager$PtolemyRunThread.run(Manager.java:1933)
java.lang.reflect.InvocationTargetException
	at java.base/jdk.internal.reflect.NativeConstructorAccessorImpl.newInstance0(Native Method)
	at java.base/jdk.internal.reflect.NativeConstructorAccessorImpl.newInstance(NativeConstructorAccessorImpl.java:62)
	at java.base/jdk.internal.reflect.DelegatingConstructorAccessorImpl.newInstance(DelegatingConstructorAccessorImpl.java:45)
	at java.base/java.lang.reflect.Constructor.newInstance(Constructor.java:490)
	at ptolemy.util.test.junit.AutoKnownFailedTests.RunModel(AutoKnownFailedTests.java:105)
	at java.base/jdk.internal.reflect.NativeMethodAccessorImpl.invoke0(Native Method)
	at java.base/jdk.internal.reflect.NativeMethodAccessorImpl.invoke(NativeMethodAccessorImpl.java:62)
	at java.base/jdk.internal.reflect.DelegatingMethodAccessorImpl.invoke(DelegatingMethodAccessorImpl.java:43)
	at java.base/java.lang.reflect.Method.invoke(Method.java:566)
	at org.junit.runners.model.FrameworkMethod$1.runReflectiveCall(FrameworkMethod.java:44)
	at org.junit.internal.runners.model.ReflectiveCallable.run(ReflectiveCallable.java:15)
	at org.junit.runners.model.FrameworkMethod.invokeExplosively(FrameworkMethod.java:41)
	at junitparams.internal.InvokeParameterisedMethod.evaluate(InvokeParameterisedMethod.java:102)
	at org.junit.internal.runners.statements.FailOnTimeout$1.run(FailOnTimeout.java:28)
Caused by: ptolemy.kernel.util.IllegalActionException: Found a zero delay loop containing .dependencyLoop2.original
  in .dependencyLoop2 and .dependencyLoop2.original
	at ptolemy.actor.util.CausalityInterfaceForComposites._computeOutputPortDepth(CausalityInterfaceForComposites.java:759)
	at ptolemy.actor.util.CausalityInterfaceForComposites._computeInputDepth(CausalityInterfaceForComposites.java:696)
	at ptolemy.actor.util.CausalityInterfaceForComposites._computeOutputPortDepth(CausalityInterfaceForComposites.java:765)
	at ptolemy.actor.util.CausalityInterfaceForComposites._computeInputDepth(CausalityInterfaceForComposites.java:696)
	at ptolemy.actor.util.CausalityInterfaceForComposites._computeOutputPortDepth(CausalityInterfaceForComposites.java:765)
	at ptolemy.actor.util.CausalityInterfaceForComposites._computeInputDepth(CausalityInterfaceForComposites.java:696)
	at ptolemy.actor.util.CausalityInterfaceForComposites._computeActorDepth(CausalityInterfaceForComposites.java:532)
	at ptolemy.actor.util.CausalityInterfaceForComposites.checkForCycles(CausalityInterfaceForComposites.java:96)
	at ptolemy.domains.de.kernel.DEDirector.preinitialize(DEDirector.java:1338)
	at ptolemy.actor.CompositeActor.preinitialize(CompositeActor.java:1828)
	at ptolemy.actor.Manager.preinitializeAndResolveTypes(Manager.java:1040)
	at ptolemy.actor.Manager.initialize(Manager.java:710)
	at ptolemy.actor.Manager.execute(Manager.java:356)
	at ptolemy.actor.Manager.run(Manager.java:1263)
	at ptolemy.actor.Manager$PtolemyRunThread.run(Manager.java:1933)
]]></system-err>
</testsuite>
