<?xml version="1.0" encoding="UTF-8" ?>
<testsuite errors="0" failures="0" hostname="travis-job-44335e90-2f6d-42cc-bafe-21fbde67de8d" name="ptolemy.cg.kernel.generic.accessor.test.junit.JUnitTclTest" skipped="0" tests="9" time="113.423" timestamp="2018-11-22T03:01:57">
  <properties>
[...]
</properties>
  <testcase classname="ptolemy.util.test.junit.TclTests" name="[0] /home/travis/build/icyphy/ptII/ptolemy/cg/kernel/generic/accessor/test/AccessorSSHCodeGenerator.tcl (RunTclFile)" time="41.815" />
  <testcase classname="ptolemy.util.test.junit.AutoKnownFailedTests" name="[0] ThereAreNoKnowFailedTests (RunModel)" time="0.001" />
  <testcase classname="ptolemy.util.test.junit.AutoNameArchTests" name="[0] ThereAreNoAutoArchTests (RunModel)" time="0.001" />
  <testcase classname="ptolemy.util.test.junit.AutoTests" name="[0] /home/travis/build/icyphy/ptII/ptolemy/cg/kernel/generic/accessor/test/auto/AccessorStatusTest.xml (RunModel)" time="24.533" />
  <testcase classname="ptolemy.util.test.junit.AutoTests" name="[1] /home/travis/build/icyphy/ptII/ptolemy/cg/kernel/generic/accessor/test/auto/RampJSDisplay.xml (RunModel)" time="9.977" />
  <testcase classname="ptolemy.util.test.junit.AutoTests" name="[2] /home/travis/build/icyphy/ptII/ptolemy/cg/kernel/generic/accessor/test/auto/RampJSInspect.xml (RunModel)" time="11.451" />
  <testcase classname="ptolemy.util.test.junit.AutoTests" name="[3] /home/travis/build/icyphy/ptII/ptolemy/cg/kernel/generic/accessor/test/auto/RampJSTest.xml (RunModel)" time="9.979" />
  <testcase classname="ptolemy.util.test.junit.AutoTests" name="[4] /home/travis/build/icyphy/ptII/ptolemy/cg/kernel/generic/accessor/test/auto/RampJSTextDisplay.xml (RunModel)" time="12.121" />
  <testcase classname="ptolemy.util.test.junit.AutoTests" name="[5] /home/travis/build/icyphy/ptII/ptolemy/cg/kernel/generic/accessor/test/auto/TestComposite.xml (RunModel)" time="3.195" />
  <system-out><![CDATA[/home/travis/build/icyphy/ptII/ptolemy/cg/kernel/generic/accessor/test/AccessorSSHCodeGenerator.tcl
testDefs.tcl: setting time out to 9000 seconds at Thu Nov 22 03:01:57 UTC 2018
JSAccessor: found node
RunnableCodeGenerator: run command: (cd /home/travis/build/icyphy/ptII/org/terraswarm/accessor/accessors/web/cg; /home/travis/build/icyphy/ptII/ptolemy/cg/kernel/generic/accessor/accessorInvokeSSH localhost /home/travis/build/icyphy/ptII/org/terraswarm/accessor/accessors/web/cg/top.js   npmInstall  )
In "/home/travis/build/icyphy/ptII/org/terraswarm/accessor/accessors/web/cg", about to execute:
    /home/travis/build/icyphy/ptII/ptolemy/cg/kernel/generic/accessor/accessorInvok
eSSH localhost
/home/travis/build/icyphy/ptII/org/terraswarm/accessor/accessors/web/cg/top.js
npmInstall
/home/travis/build/icyphy/ptII/ptolemy/cg/kernel/generic/accessor/accessorInvokeSSH: Note that the timeout defaults to 15000
### accessorInvokeSSH: Creating cg/node_modules and cg/top on localhost
### accessorInvokeSSH: Running npm install @terraswarm/accessors pm2 
### accessorInvokeSSH:   Ignore messages like: 'npm WARN enoent ENOENT: no such file or directory, open cg/top/package.json'
/home/travis/pthla/certi-tools/share/scripts:/home/travis/.rvm/gems/ruby-2.4.1/bin:/home/travis/.rvm/gems/ruby-2.4.1@global/bin:/home/travis/.rvm/rubies/ruby-2.4.1/bin:/home/travis/.rvm/bin:/home/travis/.nvm/versions/node/v7.10.1/bin:./node_modules/.bin:/home/travis/build/icyphy/ptII/bin:/home/travis/pthla/certi-tools/bin:/home/travis/bin:/home/travis/.local/bin:/opt/pyenv/shims:/home/travis/.phpenv/shims:/home/travis/perl5/perlbrew/bin:/home/travis/.kiex/elixirs/elixir-1.4.5/bin:/home/travis/.kiex/bin:/home/travis/gopath/bin:/home/travis/.gimme/versions/go1.7.4.linux.amd64/bin:/usr/local/phantomjs/bin:/usr/local/phantomjs:/usr/local/neo4j-3.2.7/bin:/usr/local/maven-3.5.2/bin:/usr/local/cmake-3.9.2/bin:/usr/local/clang-5.0.0/bin:/usr/local/sbin:/usr/local/bin:/usr/sbin:/usr/bin:/sbin:/bin:/home/travis/.phpenv/bin:/opt/pyenv/bin:/home/travis/.yarn/bin
/usr/local/bin/npm
/home/travis/cg
├─┬ @terraswarm/accessors@0.0.25 
│ ├── @accessors-hosts/common@0.1.0 
│ ├── @accessors-modules/local-storage@0.1.1 
│ ├─┬ express@4.16.4 
│ │ ├─┬ accepts@1.3.5 
│ │ │ ├─┬ mime-types@2.1.21 
│ │ │ │ └── mime-db@1.37.0 
│ │ │ └── negotiator@0.6.1 
│ │ ├── array-flatten@1.1.1 
│ │ ├─┬ body-parser@1.18.3 
│ │ │ ├── bytes@3.0.0 
│ │ │ ├── http-errors@1.6.3 
│ │ │ └── raw-body@2.3.3 
│ │ ├── content-disposition@0.5.2 
│ │ ├── content-type@1.0.4 
│ │ ├── cookie@0.3.1 
│ │ ├── cookie-signature@1.0.6 
│ │ ├── depd@1.1.2 
│ │ ├── encodeurl@1.0.2 
│ │ ├── escape-html@1.0.3 
│ │ ├── etag@1.8.1 
│ │ ├─┬ finalhandler@1.1.1 
│ │ │ └── unpipe@1.0.0 
│ │ ├── fresh@0.5.2 
│ │ ├── merge-descriptors@1.0.1 
│ │ ├── methods@1.1.2 
│ │ ├─┬ on-finished@2.3.0 
│ │ │ └── ee-first@1.1.1 
│ │ ├── parseurl@1.3.2 
│ │ ├── path-to-regexp@0.1.7 
│ │ ├─┬ proxy-addr@2.0.4 
│ │ │ ├── forwarded@0.1.2 
│ │ │ └── ipaddr.js@1.8.0 
│ │ ├── qs@6.5.2 
│ │ ├── range-parser@1.2.0 
│ │ ├─┬ send@0.16.2 
│ │ │ ├── destroy@1.0.4 
│ │ │ └── mime@1.4.1 
│ │ ├── serve-static@1.13.2 
│ │ ├── setprototypeof@1.1.0 
│ │ ├── statuses@1.4.0 
│ │ ├─┬ type-is@1.6.16 
│ │ │ └── media-typer@0.3.0 
│ │ ├── utils-merge@1.0.1 
│ │ └── vary@1.1.2 
│ ├─┬ helmet@3.15.0 
│ │ ├── dns-prefetch-control@0.1.0 
│ │ ├── dont-sniff-mimetype@1.0.0 
│ │ ├── expect-ct@0.1.1 
│ │ ├── feature-policy@0.2.0 
│ │ ├── frameguard@3.0.0 
│ │ ├── helmet-crossdomain@0.3.0 
│ │ ├─┬ helmet-csp@2.7.1 
│ │ │ ├── camelize@1.0.0 
│ │ │ ├── content-security-policy-builder@2.0.0 
│ │ │ ├── dasherize@2.0.0 
│ │ │ └── platform@1.3.5 
│ │ ├── hide-powered-by@1.0.0 
│ │ ├── hpkp@2.0.0 
│ │ ├── hsts@2.1.0 
│ │ ├── ienoopen@1.0.0 
│ │ ├── nocache@2.0.0 
│ │ ├── referrer-policy@1.1.0 
│ │ └── x-xss-protection@1.1.0 
│ ├─┬ node-localstorage@1.3.1 
│ │ └─┬ write-file-atomic@1.3.4 
│ │   ├── imurmurhash@0.1.4 
│ │   └── slide@1.1.6 
│ └─┬ portscanner@2.2.0 
│   └─┬ is-number-like@1.0.8 
│     └── lodash.isfinite@3.3.2 
└─┬ pm2@3.2.2 
  ├─┬ @pm2/agent@0.5.19 
  │ └─┬ ws@5.2.2 
  │   └── async-limiter@1.0.0 
  ├─┬ @pm2/io@2.4.7 
  │ ├─┬ @pm2/agent-node@1.0.9 
  │ │ ├─┬ debug@3.2.6 
  │ │ │ └── ms@2.1.1 
  │ │ ├─┬ proxy-agent@3.0.3 
  │ │ │ ├─┬ agent-base@4.2.1 
  │ │ │ │ └─┬ es6-promisify@5.0.0 
  │ │ │ │   └── es6-promise@4.2.5 
  │ │ │ ├─┬ debug@3.2.6 
  │ │ │ │ └── ms@2.1.1 
  │ │ │ ├─┬ http-proxy-agent@2.1.0 
  │ │ │ │ └── debug@3.1.0 
  │ │ │ ├─┬ https-proxy-agent@2.2.1 
  │ │ │ │ └─┬ debug@3.2.6 
  │ │ │ │   └── ms@2.1.1 
  │ │ │ ├─┬ lru-cache@4.1.4 
  │ │ │ │ ├── pseudomap@1.0.2 
  │ │ │ │ └── yallist@3.0.3 
  │ │ │ ├─┬ pac-proxy-agent@3.0.0 
  │ │ │ │ ├─┬ debug@3.2.6 
  │ │ │ │ │ └── ms@2.1.1 
  │ │ │ │ ├─┬ get-uri@2.0.2 
  │ │ │ │ │ ├── data-uri-to-buffer@1.2.0 
  │ │ │ │ │ ├── file-uri-to-path@1.0.0 
  │ │ │ │ │ └─┬ ftp@0.3.10 
  │ │ │ │ │   ├─┬ readable-stream@1.1.14 
  │ │ │ │ │   │ ├── isarray@0.0.1 
  │ │ │ │ │   │ └── string_decoder@0.10.31 
  │ │ │ │ │   └── xregexp@2.0.0 
  │ │ │ │ └─┬ pac-resolver@3.0.0 
  │ │ │ │   ├── co@4.6.0 
  │ │ │ │   ├─┬ degenerator@1.0.4 
  │ │ │ │   │ ├── ast-types@0.11.6 
  │ │ │ │   │ ├─┬ escodegen@1.11.0 
  │ │ │ │   │ │ ├── estraverse@4.2.0 
  │ │ │ │   │ │ ├── esutils@2.0.2 
  │ │ │ │   │ │ └─┬ optionator@0.8.2 
  │ │ │ │   │ │   ├── deep-is@0.1.3 
  │ │ │ │   │ │   ├── fast-levenshtein@2.0.6 
  │ │ │ │   │ │   ├── levn@0.3.0 
  │ │ │ │   │ │   ├── prelude-ls@1.1.2 
  │ │ │ │   │ │   ├── type-check@0.3.2 
  │ │ │ │   │ │   └── wordwrap@1.0.0 
  │ │ │ │   │ └── esprima@3.1.3 
  │ │ │ │   ├── ip@1.1.5 
  │ │ │ │   ├── netmask@1.0.6 
  │ │ │ │   └── thunkify@2.1.2 
  │ │ │ ├── proxy-from-env@1.0.0 
  │ │ │ └─┬ socks-proxy-agent@4.0.1 
  │ │ │   └─┬ socks@2.2.2 
  │ │ │     └── smart-buffer@4.0.1 
  │ │ └── ws@6.1.2 
  │ ├─┬ debug@3.1.0 
  │ │ └── ms@2.0.0 
  │ ├── deep-metrics@0.0.2 
  │ ├── deepmerge@2.1.1 
  │ ├── event-loop-inspector@1.2.2 
  │ ├── json-stringify-safe@5.0.1 
  │ ├── semver@5.5.0 
  │ ├── signal-exit@3.0.2 
  │ ├── tslib@1.9.3 
  │ └─┬ vxx@1.2.2 
  │   ├─┬ continuation-local-storage@3.2.1 
  │   │ ├── async-listener@0.6.10 
  │   │ └── emitter-listener@1.1.2 
  │   ├── extend@3.0.2 
  │   ├── is@3.2.1 
  │   ├── lodash.isequal@4.5.0 
  │   ├── lodash.merge@4.6.1 
  │   ├── shimmer@1.2.0 
  │   └── uuid@3.3.2 
  ├─┬ @pm2/js-api@0.5.33 
  │ ├─┬ axios@0.16.2 
  │ │ ├─┬ follow-redirects@1.5.10 
  │ │ │ └── debug@3.1.0 
  │ │ └── is-buffer@1.1.6 
  │ ├── debug@2.6.9 
  │ ├── eventemitter2@4.1.2 
  │ └─┬ ws@3.3.3 
  │   └── ultron@1.1.1 
  ├─┬ async@2.6.1 
  │ └── lodash@4.17.11 
  ├── blessed@0.1.81 
  ├─┬ chalk@2.4.1 
  │ ├─┬ ansi-styles@3.2.1 
  │ │ └─┬ color-convert@1.9.3 
  │ │   └── color-name@1.1.3 
  │ ├── escape-string-regexp@1.0.5 
  │ └─┬ supports-color@5.5.0 
  │   └── has-flag@3.0.0 
  ├─┬ chokidar@2.0.4 
  │ ├─┬ anymatch@2.0.0 
  │ │ └─┬ micromatch@3.1.10 
  │ │   ├── arr-diff@4.0.0 
  │ │   ├─┬ define-property@2.0.2 
  │ │   │ └─┬ is-descriptor@1.0.2 
  │ │   │   ├── is-accessor-descriptor@1.0.0 
  │ │   │   └── is-data-descriptor@1.0.0 
  │ │   ├─┬ extend-shallow@3.0.2 
  │ │   │ ├── assign-symbols@1.0.0 
  │ │   │ └─┬ is-extendable@1.0.1 
  │ │   │   └── is-plain-object@2.0.4 
  │ │   ├─┬ extglob@2.0.4 
  │ │   │ ├─┬ define-property@1.0.0 
  │ │   │ │ └─┬ is-descriptor@1.0.2 
  │ │   │ │   ├── is-accessor-descriptor@1.0.0 
  │ │   │ │   └── is-data-descriptor@1.0.0 
  │ │   │ ├─┬ expand-brackets@2.1.4 
  │ │   │ │ ├── define-property@0.2.5 
  │ │   │ │ ├── extend-shallow@2.0.1 
  │ │   │ │ └── posix-character-classes@0.1.1 
  │ │   │ └── extend-shallow@2.0.1 
  │ │   ├── fragment-cache@0.2.1 
  │ │   ├── kind-of@6.0.2 
  │ │   ├─┬ nanomatch@1.2.13 
  │ │   │ └── is-windows@1.0.2 
  │ │   ├── object.pick@1.3.0 
  │ │   └── regex-not@1.0.2 
  │ ├── async-each@1.0.1 
  │ ├─┬ braces@2.3.2 
  │ │ ├── arr-flatten@1.1.0 
  │ │ ├── array-unique@0.3.2 
  │ │ ├─┬ extend-shallow@2.0.1 
  │ │ │ └── is-extendable@0.1.1 
  │ │ ├─┬ fill-range@4.0.0 
  │ │ │ ├── extend-shallow@2.0.1 
  │ │ │ ├─┬ is-number@3.0.0 
  │ │ │ │ └── kind-of@3.2.2 
  │ │ │ ├── repeat-string@1.6.1 
  │ │ │ └── to-regex-range@2.1.1 
  │ │ ├── isobject@3.0.1 
  │ │ ├── repeat-element@1.1.3 
  │ │ ├─┬ snapdragon@0.8.2 
  │ │ │ ├─┬ base@0.11.2 
  │ │ │ │ ├─┬ cache-base@1.0.1 
  │ │ │ │ │ ├─┬ collection-visit@1.0.0 
  │ │ │ │ │ │ ├── map-visit@1.0.0 
  │ │ │ │ │ │ └── object-visit@1.0.1 
  │ │ │ │ │ ├── get-value@2.0.6 
  │ │ │ │ │ ├─┬ has-value@1.0.0 
  │ │ │ │ │ │ └─┬ has-values@1.0.0 
  │ │ │ │ │ │   └── kind-of@4.0.0 
  │ │ │ │ │ ├─┬ set-value@2.0.0 
  │ │ │ │ │ │ └── extend-shallow@2.0.1 
  │ │ │ │ │ ├─┬ to-object-path@0.3.0 
  │ │ │ │ │ │ └── kind-of@3.2.2 
  │ │ │ │ │ ├─┬ union-value@1.0.0 
  │ │ │ │ │ │ └─┬ set-value@0.4.3 
  │ │ │ │ │ │   └── extend-shallow@2.0.1 
  │ │ │ │ │ └─┬ unset-value@1.0.0 
  │ │ │ │ │   └─┬ has-value@0.3.1 
  │ │ │ │ │     ├── has-values@0.1.4 
  │ │ │ │ │     └─┬ isobject@2.1.0 
  │ │ │ │ │       └── isarray@1.0.0 
  │ │ │ │ ├─┬ class-utils@0.3.6 
  │ │ │ │ │ ├── arr-union@3.1.0 
  │ │ │ │ │ ├── define-property@0.2.5 
  │ │ │ │ │ └─┬ static-extend@0.1.2 
  │ │ │ │ │   ├── define-property@0.2.5 
  │ │ │ │ │   └─┬ object-copy@0.1.0 
  │ │ │ │ │     ├── copy-descriptor@0.1.1 
  │ │ │ │ │     ├── define-property@0.2.5 
  │ │ │ │ │     └── kind-of@3.2.2 
  │ │ │ │ ├── component-emitter@1.2.1 
  │ │ │ │ ├─┬ define-property@1.0.0 
  │ │ │ │ │ └─┬ is-descriptor@1.0.2 
  │ │ │ │ │   ├── is-accessor-descriptor@1.0.0 
  │ │ │ │ │   └── is-data-descriptor@1.0.0 
  │ │ │ │ ├─┬ mixin-deep@1.3.1 
  │ │ │ │ │ ├── for-in@1.0.2 
  │ │ │ │ │ └── is-extendable@1.0.1 
  │ │ │ │ └── pascalcase@0.1.1 
  │ │ │ ├─┬ define-property@0.2.5 
  │ │ │ │ └─┬ is-descriptor@0.1.6 
  │ │ │ │   ├─┬ is-accessor-descriptor@0.1.6 
  │ │ │ │   │ └── kind-of@3.2.2 
  │ │ │ │   ├─┬ is-data-descriptor@0.1.4 
  │ │ │ │   │ └── kind-of@3.2.2 
  │ │ │ │   └── kind-of@5.1.0 
  │ │ │ ├── extend-shallow@2.0.1 
  │ │ │ ├── map-cache@0.2.2 
  │ │ │ ├── source-map@0.5.7 
  │ │ │ ├─┬ source-map-resolve@0.5.2 
  │ │ │ │ ├── atob@2.1.2 
  │ │ │ │ ├── decode-uri-component@0.2.0 
  │ │ │ │ ├── resolve-url@0.2.1 
  │ │ │ │ ├── source-map-url@0.4.0 
  │ │ │ │ └── urix@0.1.0 
  │ │ │ └── use@3.1.1 
  │ │ ├─┬ snapdragon-node@2.1.1 
  │ │ │ ├─┬ define-property@1.0.0 
  │ │ │ │ └─┬ is-descriptor@1.0.2 
  │ │ │ │   ├── is-accessor-descriptor@1.0.0 
  │ │ │ │   └── is-data-descriptor@1.0.0 
npm WARN optional SKIPPING OPTIONAL DEPENDENCY: fsevents@^1.2.2 (node_modules/chokidar/node_modules/fsevents):
npm WARN notsup SKIPPING OPTIONAL DEPENDENCY: Unsupported platform for fsevents@1.2.4: wanted {"os":"darwin","arch":"any"} (current: {"os":"linux","arch":"x64"})
npm WARN enoent ENOENT: no such file or directory, open '/home/travis/cg/package.json'
npm WARN cg No description
npm WARN cg No repository field.
npm WARN cg No README data
npm WARN cg No license field.
  │ │ │ └─┬ snapdragon-util@3.0.1 
  │ │ │   └── kind-of@3.2.2 
  │ │ ├── split-string@3.1.0 
  │ │ └─┬ to-regex@3.0.2 
  │ │   └─┬ safe-regex@1.1.0 
  │ │     └── ret@0.1.15 
  │ ├─┬ glob-parent@3.1.0 
  │ │ ├── is-glob@3.1.0 
  │ │ └── path-dirname@1.0.2 
  │ ├── inherits@2.0.3 
  │ ├─┬ is-binary-path@1.0.1 
  │ │ └── binary-extensions@1.12.0 
  │ ├─┬ is-glob@4.0.0 
  │ │ └── is-extglob@2.1.1 
  │ ├── lodash.debounce@4.0.8 
  │ ├─┬ normalize-path@2.1.1 
  │ │ └── remove-trailing-separator@1.1.0 
  │ ├── path-is-absolute@1.0.1 
  │ ├─┬ readdirp@2.2.1 
  │ │ ├── graceful-fs@4.1.15 
  │ │ └─┬ readable-stream@2.3.6 
  │ │   ├── core-util-is@1.0.2 
  │ │   ├── isarray@1.0.0 
  │ │   ├── process-nextick-args@2.0.0 
  │ │   ├── string_decoder@1.1.1 
  │ │   └── util-deprecate@1.0.2 
  │ └── upath@1.1.0 
  ├─┬ cli-table-redemption@1.0.1 
  │ └─┬ chalk@1.1.3 
  │   ├── ansi-styles@2.2.1 
  │   ├─┬ has-ansi@2.0.0 
  │   │ └── ansi-regex@2.1.1 
  │   ├── strip-ansi@3.0.1 
  │   └── supports-color@2.0.0 
  ├── commander@2.15.1 
  ├─┬ cron@1.5.0 
  │ └── moment-timezone@0.5.23 
  ├── date-fns@1.29.0 
  ├─┬ debug@3.2.6 
  │ └── ms@2.1.1 
  ├── eventemitter2@5.0.1 
  ├── fclone@1.0.11 
  ├── gkt@1.0.0 
  ├─┬ mkdirp@0.5.1 
  │ └── minimist@0.0.8 
  ├── moment@2.22.2 
  ├─┬ needle@2.2.4 
  │ ├─┬ iconv-lite@0.4.23 
  │ │ └── safer-buffer@2.1.2 
  │ └── sax@1.2.4 
  ├─┬ nssocket@0.6.0 
  │ ├── eventemitter2@0.4.14 
  │ └── lazy@1.0.11 
  ├─┬ pidusage@2.0.17 
  │ └── safe-buffer@5.1.2 
  ├─┬ pm2-axon@3.3.0 
  │ ├── amp@0.3.1 
  │ ├── amp-message@0.1.2 
  │ ├─┬ debug@3.2.6 
  │ │ └── ms@2.1.1 
  │ └── escape-regexp@0.0.1 
  ├─┬ pm2-axon-rpc@0.5.1 
  │ └─┬ debug@3.2.6 
  │   └── ms@2.1.1 
  ├─┬ pm2-deploy@0.3.10 
  │ └── tv4@1.3.0 
  ├─┬ pm2-multimeter@0.1.2 
  │ └── charm@0.1.2 
  ├─┬ promptly@2.2.0 
  │ └─┬ read@1.0.7 
  │   └── mute-stream@0.0.7 
  ├── semver@5.6.0 
  ├─┬ shelljs@0.8.3 
  │ ├─┬ glob@7.1.3 
  │ │ ├── fs.realpath@1.0.0 
  │ │ ├─┬ inflight@1.0.6 
  │ │ │ └── wrappy@1.0.2 
  │ │ ├─┬ minimatch@3.0.4 
  │ │ │ └─┬ brace-expansion@1.1.11 
  │ │ │   ├── balanced-match@1.0.0 
  │ │ │   └── concat-map@0.0.1 
  │ │ └── once@1.4.0 
  │ ├── interpret@1.1.0 
  │ └─┬ rechoir@0.6.2 
  │   └─┬ resolve@1.8.1 
  │     └── path-parse@1.0.6 
  ├─┬ source-map-support@0.5.9 
  │ ├── buffer-from@1.1.1 
  │ └── source-map@0.6.1 
  ├── sprintf-js@1.1.1 
  ├── v8-compile-cache@2.0.2 
  ├─┬ vizion@2.0.2 
  │ ├── git-node-fs@1.0.0 
  │ ├── ini@1.3.5 
  │ ├─┬ js-git@0.7.8 
  │ │ ├── bodec@0.1.0 
  │ │ ├── culvert@0.1.2 
  │ │ ├── git-sha1@0.1.2 
  │ │ └── pako@0.2.9 
  │ ├── lodash.findindex@4.6.0 
  │ ├── lodash.foreach@4.5.0 
  │ ├── lodash.get@4.4.2 
  │ └── lodash.last@3.0.0 
  └─┬ yamljs@0.3.0 
    └─┬ argparse@1.0.10 
      └── sprintf-js@1.0.3 

### accessorInvokeSSH: Running npm update @terraswarm/accessors pm2 
### accessorInvokeSSH: Creating cg/top/invoke.js
### accessorInvokeSSH: Copying the accessor to cg/top
### accessorInvokeSSH: Creating the runit.sh command in cg/top
### accessorInvokeSSH: Invoking cg/top/runit.sh   on localhost
Running top.js *once* for 15000 ms.
commonHost.js: processCommandLineArguments(): Setting timeout to stop after 15000 ms.
commonHost.js: processCommandLineArguments(): Maximum time reached. Calling stopAllAccessors().
commonHost.js: invoking wrapup() for accessor: top
All initialized accessors have wrapped up. Terminating.
### accessorInvokeSSH: ssh cg/top/runit.sh returned.
All Done
11/22/18 03:02:39
Failed: 0  Total Tests: 2  ((Passed: 2, Newly Passed: 0)  Known Failed: 0) /home/travis/build/icyphy/ptII/ptolemy/cg/kernel/generic/accessor/test
No auto/knownFailedTests/*.xml tests in /home/travis/build/icyphy/ptII/ptolemy/cg/kernel/generic/accessor/test
No auto/linux-amd64/*.xml tests in /home/travis/build/icyphy/ptII/ptolemy/cg/kernel/generic/accessor/test
AutoTests.java: About to close Vertx.
AutoTests.java: Vertx closed.

===========================================================================================
----------------- testing Thu Nov 22 03:02:39 UTC 2018 /home/travis/build/icyphy/ptII/ptolemy/cg/kernel/generic/accessor/test/auto/AccessorStatusTest.xml
----------------- Instantiating /home/travis/build/icyphy/ptII/ptolemy/cg/kernel/generic/accessor/test/auto/AccessorStatusTest.xml
JSAccessor: PT_NO_NET environment variable is set, so git pull and ptdoc are not being run.
TextDisplayHelper: [ { utilization: 0,
    startMonitoringTime: 1542855776433,
    initialize: { count: 0, utilization: 0, latestStart: 0, latestEnd: 0 },
    react: { count: 0, utilization: 0, latestStart: 0, latestEnd: 0 },
    wrapup: { count: 0, utilization: 0, latestStart: 0, latestEnd: 0 },
    accessorName: 'monitor',
    currentMonitoringTime: 1542855777445,
    containedAccessors: [] },
  { utilization: 0.000998003992015968,
    startMonitoringTime: 1542855776449,
    initialize: { count: 0, utilization: 0, latestStart: 0, latestEnd: 0 },
    react: 
     { count: 1,
       utilization: 0.000998003992015968,
       latestStart: 1542855777420,
       latestEnd: 1542855777421 },
    wrapup: { count: 0, utilization: 0, latestStart: 0, latestEnd: 0 },
    accessorName: 'TestSpontaneous2',
    currentMonitoringTime: 1542855777451,
    containedAccessors: [] },
  { utilization: 0,
    startMonitoringTime: 1542855776463,
    initialize: { count: 0, utilization: 0, latestStart: 0, latestEnd: 0 },
    react: { count: 0, utilization: 0, latestStart: 0, latestEnd: 0 },
    wrapup: { count: 0, utilization: 0, latestStart: 0, latestEnd: 0 },
    accessorName: 'TextDisplay',
    currentMonitoringTime: 1542855777455,
    containedAccessors: [] },
  { utilization: 0.0010121457489878543,
    startMonitoringTime: 1542855776472,
    initialize: { count: 0, utilization: 0, latestStart: 0, latestEnd: 0 },
    react: 
     { count: 1,
       utilization: 0.0010121457489878543,
       latestStart: 1542855777437,
       latestEnd: 1542855777438 },
    wrapup: { count: 0, utilization: 0, latestStart: 0, latestEnd: 0 },
    accessorName: 'TestSpontaneous',
    currentMonitoringTime: 1542855777460,
    containedAccessors: [] },
  { utilization: 0,
    startMonitoringTime: 1542855776564,
    initialize: { count: 0, utilization: 0, latestStart: 0, latestEnd: 0 },
    react: { count: 0, utilization: 0, latestStart: 0, latestEnd: 0 },
    wrapup: { count: 0, utilization: 0, latestStart: 0, latestEnd: 0 },
    accessorName: 'JavaScriptRamp',
    currentMonitoringTime: 1542855777466,
    containedAccessors: [] },
  { utilization: 0.003374578177727784,
    startMonitoringTime: 1542855776581,
    initialize: { count: 0, utilization: 0, latestStart: 0, latestEnd: 0 },
    react: 
     { count: 1,
       utilization: 0.003374578177727784,
       latestStart: 1542855776606,
       latestEnd: 1542855776609 },
    wrapup: { count: 0, utilization: 0, latestStart: 0, latestEnd: 0 },
    accessorName: 'AccessorStatus',
    currentMonitoringTime: 1542855777470,
    containedAccessors: [] },
  { utilization: 0,
    startMonitoringTime: 1542855776592,
    initialize: { count: 0, utilization: 0, latestStart: 0, latestEnd: 0 },
    react: { count: 0, utilization: 0, latestStart: 0, latestEnd: 0 },
    wrapup: { count: 0, utilization: 0, latestStart: 0, latestEnd: 0 },
    accessorName: 'status',
    currentMonitoringTime: 1542855777475,
    containedAccessors: [] } ]
TextDisplayHelper: [ { accessorClass: 'https://accessors.org/utilities/TextDisplay.js',
    accessorName: 'monitor',
    initialized: true },
  { accessorClass: 'https://accessors.org/test/TestSpontaneous.js',
    accessorName: 'TestSpontaneous2',
    initialized: true },
  { accessorClass: 'https://accessors.org/utilities/TextDisplay.js',
    accessorName: 'TextDisplay',
    initialized: true },
  { accessorClass: 'https://accessors.org/test/TestSpontaneous.js',
    accessorName: 'TestSpontaneous',
    initialized: true },
  { accessorClass: 'JavaScript',
    accessorName: 'JavaScriptRamp',
    initialized: true },
  { accessorClass: 'https://accessors.org/trusted/AccessorStatus.js',
    accessorName: 'AccessorStatus',
    initialized: true },
  { accessorClass: 'https://accessors.org/utilities/TextDisplay.js',
    accessorName: 'status',
    initialized: true } ]
TextDisplayHelper: 1
TextDisplayHelper: [ { utilization: 0.11184544992374174,
    startMonitoringTime: 1542855776433,
    initialize: { count: 0, utilization: 0, latestStart: 0, latestEnd: 0 },
    react: 
     { count: 1,
       utilization: 0.11184544992374174,
       latestStart: 1542855777587,
       latestEnd: 1542855777807 },
    wrapup: { count: 0, utilization: 0, latestStart: 0, latestEnd: 0 },
    accessorName: 'monitor',
    currentMonitoringTime: 1542855778400,
    containedAccessors: [] },
  { utilization: 0.00049951590125619,
    startMonitoringTime: 1542855776449,
    initialize: { count: 0, utilization: 0, latestStart: 0, latestEnd: 0 },
    react: 
     { count: 2,
       utilization: 0.00049951590125619,
       latestStart: 1542855778391,
       latestEnd: 1542855778391 },
    wrapup: { count: 0, utilization: 0, latestStart: 0, latestEnd: 0 },
    accessorName: 'TestSpontaneous2',
    currentMonitoringTime: 1542855778401,
    containedAccessors: [] },
  { utilization: 0.016503352243424446,
    startMonitoringTime: 1542855776463,
    initialize: { count: 0, utilization: 0, latestStart: 0, latestEnd: 0 },
    react: 
     { count: 1,
       utilization: 0.016503352243424446,
       latestStart: 1542855777933,
       latestEnd: 1542855777965 },
    wrapup: { count: 0, utilization: 0, latestStart: 0, latestEnd: 0 },
    accessorName: 'TextDisplay',
    currentMonitoringTime: 1542855778402,
    containedAccessors: [] },
  { utilization: 0.0005073859852217266,
    startMonitoringTime: 1542855776472,
    initialize: { count: 0, utilization: 0, latestStart: 0, latestEnd: 0 },
    react: 
     { count: 2,
       utilization: 0.0005073859852217266,
       latestStart: 1542855778399,
       latestEnd: 1542855778399 },
    wrapup: { count: 0, utilization: 0, latestStart: 0, latestEnd: 0 },
    accessorName: 'TestSpontaneous',
    currentMonitoringTime: 1542855778403,
    containedAccessors: [] },
  { utilization: 0.007065217391304348,
    startMonitoringTime: 1542855776564,
    initialize: { count: 0, utilization: 0, latestStart: 0, latestEnd: 0 },
    react: 
     { count: 1,
       utilization: 0.007065217391304348,
       latestStart: 1542855777563,
       latestEnd: 1542855777576 },
    wrapup: { count: 0, utilization: 0, latestStart: 0, latestEnd: 0 },
    accessorName: 'JavaScriptRamp',
    currentMonitoringTime: 1542855778404,
    containedAccessors: [] },
  { utilization: 0.022517527774781578,
    startMonitoringTime: 1542855776581,
    initialize: { count: 0, utilization: 0, latestStart: 0, latestEnd: 0 },
    react: 
     { count: 2,
       utilization: 0.022517527774781578,
       latestStart: 1542855777513,
       latestEnd: 1542855777554 },
    wrapup: { count: 0, utilization: 0, latestStart: 0, latestEnd: 0 },
    accessorName: 'AccessorStatus',
    currentMonitoringTime: 1542855778406,
    containedAccessors: [] },
  { utilization: 0.044101433296582136,
    startMonitoringTime: 1542855776592,
    initialize: { count: 0, utilization: 0, latestStart: 0, latestEnd: 0 },
    react: 
     { count: 1,
       utilization: 0.044101433296582136,
       latestStart: 1542855777841,
       latestEnd: 1542855777921 },
    wrapup: { count: 0, utilization: 0, latestStart: 0, latestEnd: 0 },
    accessorName: 'status',
    currentMonitoringTime: 1542855778406,
    containedAccessors: [] } ]
TextDisplayHelper: [ { accessorClass: 'https://accessors.org/utilities/TextDisplay.js',
    accessorName: 'monitor',
    initialized: true },
  { accessorClass: 'https://accessors.org/test/TestSpontaneous.js',
    accessorName: 'TestSpontaneous2',
    initialized: true },
  { accessorClass: 'https://accessors.org/utilities/TextDisplay.js',
    accessorName: 'TextDisplay',
    initialized: true },
  { accessorClass: 'https://accessors.org/test/TestSpontaneous.js',
    accessorName: 'TestSpontaneous',
    initialized: true },
  { accessorClass: 'JavaScript',
    accessorName: 'JavaScriptRamp',
    initialized: true },
  { accessorClass: 'https://accessors.org/trusted/AccessorStatus.js',
    accessorName: 'AccessorStatus',
    initialized: true },
  { accessorClass: 'https://accessors.org/utilities/TextDisplay.js',
    accessorName: 'status',
    initialized: true } ]
TextDisplayHelper: 2
TextDisplayHelper: [ { utilization: 0.0661289787749987,
    startMonitoringTime: 1542855776433,
    initialize: { count: 0, utilization: 0, latestStart: 0, latestEnd: 0 },
    react: 
     { count: 2,
       utilization: 0.0661289787749987,
       latestStart: 1542855778433,
       latestEnd: 1542855778475 },
    wrapup: { count: 0, utilization: 0, latestStart: 0, latestEnd: 0 },
    accessorName: 'monitor',
    currentMonitoringTime: 1542855779392,
    containedAccessors: [] },
  { utilization: 0.00032984014969041856,
    startMonitoringTime: 1542855776449,
    initialize: { count: 0, utilization: 0, latestStart: 0, latestEnd: 0 },
    react: 
     { count: 3,
       utilization: 0.00032984014969041856,
       latestStart: 1542855779390,
       latestEnd: 1542855779390 },
    wrapup: { count: 0, utilization: 0, latestStart: 0, latestEnd: 0 },
    accessorName: 'TestSpontaneous2',
    currentMonitoringTime: 1542855779392,
    containedAccessors: [] },
  { utilization: 0.008804382065422847,
    startMonitoringTime: 1542855776463,
    initialize: { count: 0, utilization: 0, latestStart: 0, latestEnd: 0 },
    react: 
     { count: 2,
       utilization: 0.008804382065422847,
       latestStart: 1542855778492,
       latestEnd: 1542855778493 },
    wrapup: { count: 0, utilization: 0, latestStart: 0, latestEnd: 0 },
    accessorName: 'TextDisplay',
    currentMonitoringTime: 1542855779392,
    containedAccessors: [] },
  { utilization: 0.000677305751206256,
    startMonitoringTime: 1542855776472,
    initialize: { count: 0, utilization: 0, latestStart: 0, latestEnd: 0 },
    react: 
     { count: 3,
       utilization: 0.000677305751206256,
       latestStart: 1542855779391,
       latestEnd: 1542855779392 },
    wrapup: { count: 0, utilization: 0, latestStart: 0, latestEnd: 0 },
    accessorName: 'TestSpontaneous',
    currentMonitoringTime: 1542855779392,
    containedAccessors: [] },
  { utilization: 0.002880876634853305,
    startMonitoringTime: 1542855776564,
    initialize: { count: 0, utilization: 0, latestStart: 0, latestEnd: 0 },
    react: 
     { count: 2,
       utilization: 0.002880876634853305,
       latestStart: 1542855778432,
       latestEnd: 1542855778433 },
    wrapup: { count: 0, utilization: 0, latestStart: 0, latestEnd: 0 },
    accessorName: 'JavaScriptRamp',
    currentMonitoringTime: 1542855779393,
    containedAccessors: [] },
  { utilization: 0.010636399190918378,
    startMonitoringTime: 1542855776581,
    initialize: { count: 0, utilization: 0, latestStart: 0, latestEnd: 0 },
    react: 
     { count: 3,
       utilization: 0.010636399190918378,
       latestStart: 1542855778423,
       latestEnd: 1542855778431 },
    wrapup: { count: 0, utilization: 0, latestStart: 0, latestEnd: 0 },
    accessorName: 'AccessorStatus',
    currentMonitoringTime: 1542855779393,
    containedAccessors: [] },
  { utilization: 0.026280187379920623,
    startMonitoringTime: 1542855776592,
    initialize: { count: 0, utilization: 0, latestStart: 0, latestEnd: 0 },
    react: 
     { count: 2,
       utilization: 0.026280187379920623,
       latestStart: 1542855778476,
       latestEnd: 1542855778491 },
    wrapup: { count: 0, utilization: 0, latestStart: 0, latestEnd: 0 },
    accessorName: 'status',
    currentMonitoringTime: 1542855779393,
    containedAccessors: [] } ]
TextDisplayHelper: [ { accessorClass: 'https://accessors.org/utilities/TextDisplay.js',
    accessorName: 'monitor',
    initialized: true },
  { accessorClass: 'https://accessors.org/test/TestSpontaneous.js',
    accessorName: 'TestSpontaneous2',
    initialized: true },
  { accessorClass: 'https://accessors.org/utilities/TextDisplay.js',
    accessorName: 'TextDisplay',
    initialized: true },
  { accessorClass: 'https://accessors.org/test/TestSpontaneous.js',
    accessorName: 'TestSpontaneous',
    initialized: true },
  { accessorClass: 'JavaScript',
    accessorName: 'JavaScriptRamp',
    initialized: true },
  { accessorClass: 'https://accessors.org/trusted/AccessorStatus.js',
    accessorName: 'AccessorStatus',
    initialized: true },
  { accessorClass: 'https://accessors.org/utilities/TextDisplay.js',
    accessorName: 'status',
    initialized: true } ]
TextDisplayHelper: 3
TextDisplayHelper: [ { utilization: 0.045991757114337374,
    startMonitoringTime: 1542855776433,
    initialize: { count: 0, utilization: 0, latestStart: 0, latestEnd: 0 },
    react: 
     { count: 3,
       utilization: 0.045991757114337374,
       latestStart: 1542855779425,
       latestEnd: 1542855779472 },
    wrapup: { count: 0, utilization: 0, latestStart: 0, latestEnd: 0 },
    accessorName: 'monitor',
    currentMonitoringTime: 1542855780391,
    containedAccessors: [] },
  { utilization: 0.0002461456179242631,
    startMonitoringTime: 1542855776449,
    initialize: { count: 0, utilization: 0, latestStart: 0, latestEnd: 0 },
    react: 
     { count: 4,
       utilization: 0.0002461456179242631,
       latestStart: 1542855780390,
       latestEnd: 1542855780390 },
    wrapup: { count: 0, utilization: 0, latestStart: 0, latestEnd: 0 },
    accessorName: 'TestSpontaneous2',
    currentMonitoringTime: 1542855780391,
    containedAccessors: [] },
  { utilization: 0.0048034857706307915,
    startMonitoringTime: 1542855776463,
    initialize: { count: 0, utilization: 0, latestStart: 0, latestEnd: 0 },
    react: 
     { count: 3,
       utilization: 0.0048034857706307915,
       latestStart: 1542855779498,
       latestEnd: 1542855779499 },
    wrapup: { count: 0, utilization: 0, latestStart: 0, latestEnd: 0 },
    accessorName: 'TextDisplay',
    currentMonitoringTime: 1542855780392,
    containedAccessors: [] },
  { utilization: 0.0005046524096765163,
    startMonitoringTime: 1542855776472,
    initialize: { count: 0, utilization: 0, latestStart: 0, latestEnd: 0 },
    react: 
     { count: 4,
       utilization: 0.0005046524096765163,
       latestStart: 1542855780391,
       latestEnd: 1542855780391 },
    wrapup: { count: 0, utilization: 0, latestStart: 0, latestEnd: 0 },
    accessorName: 'TestSpontaneous',
    currentMonitoringTime: 1542855780392,
    containedAccessors: [] },
  { utilization: 0.0032352033517609267,
    startMonitoringTime: 1542855776564,
    initialize: { count: 0, utilization: 0, latestStart: 0, latestEnd: 0 },
    react: 
     { count: 3,
       utilization: 0.0032352033517609267,
       latestStart: 1542855779418,
       latestEnd: 1542855779425 },
    wrapup: { count: 0, utilization: 0, latestStart: 0, latestEnd: 0 },
    accessorName: 'JavaScriptRamp',
    currentMonitoringTime: 1542855780392,
    containedAccessors: [] },
  { utilization: 0.005950495540067961,
    startMonitoringTime: 1542855776581,
    initialize: { count: 0, utilization: 0, latestStart: 0, latestEnd: 0 },
    react: 
     { count: 4,
       utilization: 0.005950495540067961,
       latestStart: 1542855779415,
       latestEnd: 1542855779418 },
    wrapup: { count: 0, utilization: 0, latestStart: 0, latestEnd: 0 },
    accessorName: 'AccessorStatus',
    currentMonitoringTime: 1542855780392,
    containedAccessors: [] },
  { utilization: 0.01918580943012349,
    startMonitoringTime: 1542855776592,
    initialize: { count: 0, utilization: 0, latestStart: 0, latestEnd: 0 },
    react: 
     { count: 3,
       utilization: 0.01918580943012349,
       latestStart: 1542855779474,
       latestEnd: 1542855779497 },
    wrapup: { count: 0, utilization: 0, latestStart: 0, latestEnd: 0 },
    accessorName: 'status',
    currentMonitoringTime: 1542855780392,
    containedAccessors: [] } ]
TextDisplayHelper: [ { accessorClass: 'https://accessors.org/utilities/TextDisplay.js',
    accessorName: 'monitor',
    initialized: true },
  { accessorClass: 'https://accessors.org/test/TestSpontaneous.js',
    accessorName: 'TestSpontaneous2',
    initialized: true },
  { accessorClass: 'https://accessors.org/utilities/TextDisplay.js',
    accessorName: 'TextDisplay',
    initialized: true },
  { accessorClass: 'https://accessors.org/test/TestSpontaneous.js',
    accessorName: 'TestSpontaneous',
    initialized: true },
  { accessorClass: 'JavaScript',
    accessorName: 'JavaScriptRamp',
    initialized: true },
  { accessorClass: 'https://accessors.org/trusted/AccessorStatus.js',
    accessorName: 'AccessorStatus',
    initialized: true },
  { accessorClass: 'https://accessors.org/utilities/TextDisplay.js',
    accessorName: 'status',
    initialized: true } ]
TextDisplayHelper: 4
TextDisplayHelper: [ { utilization: 0.03543728828033695,
    startMonitoringTime: 1542855776433,
    initialize: { count: 0, utilization: 0, latestStart: 0, latestEnd: 0 },
    react: 
     { count: 4,
       utilization: 0.03543728828033695,
       latestStart: 1542855780402,
       latestEnd: 1542855780438 },
    wrapup: { count: 0, utilization: 0, latestStart: 0, latestEnd: 0 },
    accessorName: 'monitor',
    currentMonitoringTime: 1542855781393,
    containedAccessors: [] },
  { utilization: 0.00019628892760815883,
    startMonitoringTime: 1542855776449,
    initialize: { count: 0, utilization: 0, latestStart: 0, latestEnd: 0 },
    react: 
     { count: 5,
       utilization: 0.00019628892760815883,
       latestStart: 1542855781391,
       latestEnd: 1542855781391 },
    wrapup: { count: 0, utilization: 0, latestStart: 0, latestEnd: 0 },
    accessorName: 'TestSpontaneous2',
    currentMonitoringTime: 1542855781393,
    containedAccessors: [] },
  { utilization: 0.003363769330554783,
    startMonitoringTime: 1542855776463,
    initialize: { count: 0, utilization: 0, latestStart: 0, latestEnd: 0 },
    react: 
     { count: 4,
       utilization: 0.003363769330554783,
       latestStart: 1542855780461,
       latestEnd: 1542855780463 },
    wrapup: { count: 0, utilization: 0, latestStart: 0, latestEnd: 0 },
    accessorName: 'TextDisplay',
    currentMonitoringTime: 1542855781393,
    containedAccessors: [] },
  { utilization: 0.0004019782100655015,
    startMonitoringTime: 1542855776472,
    initialize: { count: 0, utilization: 0, latestStart: 0, latestEnd: 0 },
    react: 
     { count: 5,
       utilization: 0.0004019782100655015,
       latestStart: 1542855781392,
       latestEnd: 1542855781392 },
    wrapup: { count: 0, utilization: 0, latestStart: 0, latestEnd: 0 },
    accessorName: 'TestSpontaneous',
    currentMonitoringTime: 1542855781394,
    containedAccessors: [] },
  { utilization: 0.0021233782172645987,
    startMonitoringTime: 1542855776564,
    initialize: { count: 0, utilization: 0, latestStart: 0, latestEnd: 0 },
    react: 
     { count: 4,
       utilization: 0.0021233782172645987,
       latestStart: 1542855780401,
       latestEnd: 1542855780402 },
    wrapup: { count: 0, utilization: 0, latestStart: 0, latestEnd: 0 },
    accessorName: 'JavaScriptRamp',
    currentMonitoringTime: 1542855781394,
    containedAccessors: [] },
  { utilization: 0.004338573830702848,
    startMonitoringTime: 1542855776581,
    initialize: { count: 0, utilization: 0, latestStart: 0, latestEnd: 0 },
    react: 
     { count: 5,
       utilization: 0.004338573830702848,
       latestStart: 1542855780397,
       latestEnd: 1542855780401 },
    wrapup: { count: 0, utilization: 0, latestStart: 0, latestEnd: 0 },
    accessorName: 'AccessorStatus',
    currentMonitoringTime: 1542855781394,
    containedAccessors: [] },
  { utilization: 0.01452202757070153,
    startMonitoringTime: 1542855776592,
    initialize: { count: 0, utilization: 0, latestStart: 0, latestEnd: 0 },
    react: 
     { count: 4,
       utilization: 0.01452202757070153,
       latestStart: 1542855780447,
       latestEnd: 1542855780461 },
    wrapup: { count: 0, utilization: 0, latestStart: 0, latestEnd: 0 },
    accessorName: 'status',
    currentMonitoringTime: 1542855781394,
    containedAccessors: [] } ]
TextDisplayHelper: [ { accessorClass: 'https://accessors.org/utilities/TextDisplay.js',
    accessorName: 'monitor',
    initialized: true },
  { accessorClass: 'https://accessors.org/test/TestSpontaneous.js',
    accessorName: 'TestSpontaneous2',
    initialized: true },
  { accessorClass: 'https://accessors.org/utilities/TextDisplay.js',
    accessorName: 'TextDisplay',
    initialized: true },
  { accessorClass: 'https://accessors.org/test/TestSpontaneous.js',
    accessorName: 'TestSpontaneous',
    initialized: true },
  { accessorClass: 'JavaScript',
    accessorName: 'JavaScriptRamp',
    initialized: true },
  { accessorClass: 'https://accessors.org/trusted/AccessorStatus.js',
    accessorName: 'AccessorStatus',
    initialized: true },
  { accessorClass: 'https://accessors.org/utilities/TextDisplay.js',
    accessorName: 'status',
    initialized: true } ]
TextDisplayHelper: 5
AccessorStatus: *** Final monitoring information: (Thread[AccessorStatusTest,1,main])
AccessorStatus: { utilization: 0.033364501183437346,
  startMonitoringTime: 1542855776433,
  initialize: { count: 0, utilization: 0, latestStart: 0, latestEnd: 0 },
  react: 
   { count: 5,
     utilization: 0.03277890680514338,
     latestStart: 1542855781410,
     latestEnd: 1542855781436 },
  wrapup: 
   { count: 2,
     utilization: 0.0005855943782939685,
     latestStart: 1542855781460,
     latestEnd: 1542855781463 },
  accessorName: 'monitor',
  currentMonitoringTime: 1542855781556,
  containedAccessors: [] } (Thread[AccessorStatusTest,1,main])
AccessorStatus: { utilization: 0.0009560230206755852,
  startMonitoringTime: 1542855776449,
  initialize: { count: 0, utilization: 0, latestStart: 0, latestEnd: 0 },
  react: 
   { count: 5,
     utilization: 0.00019628892760815883,
     latestStart: 1542855781391,
     latestEnd: 1542855781391 },
  wrapup: 
   { count: 2,
     utilization: 0.0007597340930674264,
     latestStart: 1542855781478,
     latestEnd: 1542855781482 },
  accessorName: 'TestSpontaneous2',
  currentMonitoringTime: 1542855781714,
  containedAccessors: [] } (Thread[AccessorStatusTest,1,main])
AccessorStatus: { utilization: 0.0050000146139140295,
  startMonitoringTime: 1542855776463,
  initialize: { count: 0, utilization: 0, latestStart: 0, latestEnd: 0 },
  react: 
   { count: 5,
     utilization: 0.004433014046913463,
     latestStart: 1542855781446,
     latestEnd: 1542855781456 },
  wrapup: 
   { count: 2,
     utilization: 0.000567000567000567,
     latestStart: 1542855781487,
     latestEnd: 1542855781490 },
  accessorName: 'TextDisplay',
  currentMonitoringTime: 1542855781754,
  containedAccessors: [] } (Thread[AccessorStatusTest,1,main])
AccessorStatus: { utilization: 0.00096599400250769,
  startMonitoringTime: 1542855776472,
  initialize: { count: 0, utilization: 0, latestStart: 0, latestEnd: 0 },
  react: 
   { count: 5,
     utilization: 0.0004019782100655015,
     latestStart: 1542855781392,
     latestEnd: 1542855781392 },
  wrapup: 
   { count: 2,
     utilization: 0.0005640157924421884,
     latestStart: 1542855781495,
     latestEnd: 1542855781498 },
  accessorName: 'TestSpontaneous',
  currentMonitoringTime: 1542855781791,
  containedAccessors: [] } (Thread[AccessorStatusTest,1,main])
AccessorStatus: { utilization: 0.005161506767654284,
  startMonitoringTime: 1542855776564,
  initialize: { count: 0, utilization: 0, latestStart: 0, latestEnd: 0 },
  react: 
   { count: 5,
     utilization: 0.0019295676041561844,
     latestStart: 1542855781408,
     latestEnd: 1542855781410 },
  wrapup: 
   { count: 2,
     utilization: 0.003231939163498099,
     latestStart: 1542855781503,
     latestEnd: 1542855781520 },
  accessorName: 'JavaScriptRamp',
  currentMonitoringTime: 1542855781824,
  containedAccessors: [] } (Thread[AccessorStatusTest,1,main])
AccessorStatus: { utilization: 0.06591567457486912,
  startMonitoringTime: 1542855776581,
  initialize: { count: 0, utilization: 0, latestStart: 0, latestEnd: 0 },
  react: 
   { count: 6,
     utilization: 0.0037119954548236063,
     latestStart: 1542855781402,
     latestEnd: 1542855781405 },
  wrapup: 
   { count: 1,
     utilization: 0.06220367912004551,
     latestStart: 1542855781526,
     latestEnd: 0 },
  accessorName: 'AccessorStatus',
  currentMonitoringTime: 1542855781854,
  containedAccessors: [] } (Thread[AccessorStatusTest,1,main])
AccessorStatus: { utilization: 0.0121334073102163,
  startMonitoringTime: 1542855776592,
  initialize: { count: 0, utilization: 0, latestStart: 0, latestEnd: 0 },
  react: 
   { count: 5,
     utilization: 0.0121334073102163,
     latestStart: 1542855781437,
     latestEnd: 1542855781445 },
  wrapup: { count: 0, utilization: 0, latestStart: 0, latestEnd: 0 },
  accessorName: 'status',
  currentMonitoringTime: 1542855781882,
  containedAccessors: [] } (Thread[AccessorStatusTest,1,main])
13395 ms. Memory: 806400K Free: 583467K (72%)
----------------- Invoking toplevel() on ptolemy.moml.MoMLSimpleApplication@3682a729
----------------- Done invoking toplevel() on ptolemy.moml.MoMLSimpleApplication@3682a729
reloadAllAccessors: .AccessorStatusTest
This is the first time that the reloadAllAccessors method has been invoked in this JVM, so the the accessors repo will be checked out or updated and JSDoc invoked. Note that running the tests may end up invoking a new JVM for each directory, so the repo may be checked out or updated and JSDoc invoked more than once when the tests are run.
-------------- Reloaded accessors, but skipping rerun for now. Thu Nov 22 03:03:04 UTC 2018 /home/travis/build/icyphy/ptII/ptolemy/cg/kernel/generic/accessor/test/auto/AccessorStatusTest.xml

===========================================================================================
----------------- testing Thu Nov 22 03:03:04 UTC 2018 /home/travis/build/icyphy/ptII/ptolemy/cg/kernel/generic/accessor/test/auto/RampJSDisplay.xml
----------------- Instantiating /home/travis/build/icyphy/ptII/ptolemy/cg/kernel/generic/accessor/test/auto/RampJSDisplay.xml
TextDisplayHelper: 1
TextDisplayHelper: 2
TextDisplayHelper: 3
TextDisplayHelper: 4
TextDisplayHelper: 5
7704 ms. Memory: 1069056K Free: 643346K (60%)
----------------- Invoking toplevel() on ptolemy.moml.MoMLSimpleApplication@845daac
----------------- Done invoking toplevel() on ptolemy.moml.MoMLSimpleApplication@845daac
reloadAllAccessors: .RampJSDisplay
-------------- Reloaded accessors, but skipping rerun for now. Thu Nov 22 03:03:14 UTC 2018 /home/travis/build/icyphy/ptII/ptolemy/cg/kernel/generic/accessor/test/auto/RampJSDisplay.xml

===========================================================================================
----------------- testing Thu Nov 22 03:03:14 UTC 2018 /home/travis/build/icyphy/ptII/ptolemy/cg/kernel/generic/accessor/test/auto/RampJSInspect.xml
----------------- Instantiating /home/travis/build/icyphy/ptII/ptolemy/cg/kernel/generic/accessor/test/auto/RampJSInspect.xml
8093 ms. Memory: 1324544K Free: 851459K (64%)
----------------- Invoking toplevel() on ptolemy.moml.MoMLSimpleApplication@6e45442e
----------------- Done invoking toplevel() on ptolemy.moml.MoMLSimpleApplication@6e45442e
reloadAllAccessors: .RampJSInspect
-------------- Reloaded accessors, but skipping rerun for now. Thu Nov 22 03:03:25 UTC 2018 /home/travis/build/icyphy/ptII/ptolemy/cg/kernel/generic/accessor/test/auto/RampJSInspect.xml

===========================================================================================
----------------- testing Thu Nov 22 03:03:25 UTC 2018 /home/travis/build/icyphy/ptII/ptolemy/cg/kernel/generic/accessor/test/auto/RampJSTest.xml
----------------- Instantiating /home/travis/build/icyphy/ptII/ptolemy/cg/kernel/generic/accessor/test/auto/RampJSTest.xml
6750 ms. Memory: 1334784K Free: 330131K (25%)
----------------- Invoking toplevel() on ptolemy.moml.MoMLSimpleApplication@62bd6bcd
----------------- Done invoking toplevel() on ptolemy.moml.MoMLSimpleApplication@62bd6bcd
reloadAllAccessors: .RampJSTest
-------------- Reloaded accessors, but skipping rerun for now. Thu Nov 22 03:03:35 UTC 2018 /home/travis/build/icyphy/ptII/ptolemy/cg/kernel/generic/accessor/test/auto/RampJSTest.xml

===========================================================================================
----------------- testing Thu Nov 22 03:03:35 UTC 2018 /home/travis/build/icyphy/ptII/ptolemy/cg/kernel/generic/accessor/test/auto/RampJSTextDisplay.xml
----------------- Instantiating /home/travis/build/icyphy/ptII/ptolemy/cg/kernel/generic/accessor/test/auto/RampJSTextDisplay.xml
TextDisplayHelper: 1
TextDisplayHelper: 2
TextDisplayHelper: 3
TextDisplayHelper: 4
TextDisplayHelper: 5
8973 ms. Memory: 1660928K Free: 1165028K (70%)
----------------- Invoking toplevel() on ptolemy.moml.MoMLSimpleApplication@66b5d581
----------------- Done invoking toplevel() on ptolemy.moml.MoMLSimpleApplication@66b5d581
reloadAllAccessors: .RampJSTextDisplay
-------------- Reloaded accessors, but skipping rerun for now. Thu Nov 22 03:03:48 UTC 2018 /home/travis/build/icyphy/ptII/ptolemy/cg/kernel/generic/accessor/test/auto/RampJSTextDisplay.xml

===========================================================================================
----------------- testing Thu Nov 22 03:03:48 UTC 2018 /home/travis/build/icyphy/ptII/ptolemy/cg/kernel/generic/accessor/test/auto/TestComposite.xml
----------------- Instantiating /home/travis/build/icyphy/ptII/ptolemy/cg/kernel/generic/accessor/test/auto/TestComposite.xml
1384 ms. Memory: 1660928K Free: 167875K (10%)
----------------- Invoking toplevel() on ptolemy.moml.MoMLSimpleApplication@712da729
----------------- Done invoking toplevel() on ptolemy.moml.MoMLSimpleApplication@712da729
reloadAllAccessors: .TestComposite
-------------- Reloaded accessors, but skipping rerun for now. Thu Nov 22 03:03:51 UTC 2018 /home/travis/build/icyphy/ptII/ptolemy/cg/kernel/generic/accessor/test/auto/TestComposite.xml
AutoTests.java: About to close Vertx.
AutoTests.java: Vertx closed.
]]></system-out>
  <system-err><![CDATA[WARNING: TestSpontaneous2: Model stopped before executing actions (e.g. producing outputs) scheduled for execution at times [6.0]
WARNING: TestSpontaneous: Model stopped before executing actions (e.g. producing outputs) scheduled for execution at times [6.0]
WARNING: AccessorStatus: Model stopped before executing actions (e.g. producing outputs) scheduled for execution at times [6.0]
WARNING: TestSpontaneous: Model stopped before executing actions (e.g. producing outputs) scheduled for execution at times [6.0]
WARNING: TestSpontaneous: Model stopped before executing actions (e.g. producing outputs) scheduled for execution at times [5.0]
WARNING: TestSpontaneous: Model stopped before executing actions (e.g. producing outputs) scheduled for execution at times [5.0]
WARNING: TestSpontaneous: Model stopped before executing actions (e.g. producing outputs) scheduled for execution at times [6.0]
]]></system-err>
</testsuite>
