<?xml version="1.0" encoding="UTF-8" ?>
<testsuite errors="0" failures="0" hostname="travis-job-6fb5f9a7-35ea-4c5c-8f3b-0cf60340934a" name="ptolemy.domains.continuous.test.junit.JUnitTclTest" skipped="0" tests="156" time="70.565" timestamp="2020-09-13T15:38:31">
  <properties>
[...]
</properties>
  <testcase classname="ptolemy.util.test.junit.TclTests" name="[0] ThereAreNoTclTests (RunTclFile)" time="0.009" />
  <testcase classname="ptolemy.util.test.junit.AutoKnownFailedTests" name="[0] ThereAreNoKnowFailedTests (RunModel)" time="0.001" />
  <testcase classname="ptolemy.util.test.junit.AutoNameArchTests" name="[0] ThereAreNoAutoArchTests (RunModel)" time="0.021" />
  <testcase classname="ptolemy.util.test.junit.AutoTests" name="[0] /home/travis/build/icyphy/ptII/ptolemy/domains/continuous/test/auto/BouncingBall.xml (RunModel)" time="2.967" />
  <testcase classname="ptolemy.util.test.junit.AutoTests" name="[1] /home/travis/build/icyphy/ptII/ptolemy/domains/continuous/test/auto/BouncingBallWithoutGR.xml (RunModel)" time="0.8" />
  <testcase classname="ptolemy.util.test.junit.AutoTests" name="[2] /home/travis/build/icyphy/ptII/ptolemy/domains/continuous/test/auto/Brownian.xml (RunModel)" time="0.124" />
  <testcase classname="ptolemy.util.test.junit.AutoTests" name="[3] /home/travis/build/icyphy/ptII/ptolemy/domains/continuous/test/auto/CarTracking.xml (RunModel)" time="4.154" />
  <testcase classname="ptolemy.util.test.junit.AutoTests" name="[4] /home/travis/build/icyphy/ptII/ptolemy/domains/continuous/test/auto/CartPendulum.xml (RunModel)" time="0.462" />
  <testcase classname="ptolemy.util.test.junit.AutoTests" name="[5] /home/travis/build/icyphy/ptII/ptolemy/domains/continuous/test/auto/CausalityInterface10.xml (RunModel)" time="0.065" />
  <testcase classname="ptolemy.util.test.junit.AutoTests" name="[6] /home/travis/build/icyphy/ptII/ptolemy/domains/continuous/test/auto/CausalityInterface11.xml (RunModel)" time="0.054" />
  <testcase classname="ptolemy.util.test.junit.AutoTests" name="[7] /home/travis/build/icyphy/ptII/ptolemy/domains/continuous/test/auto/CausalityInterface12.xml (RunModel)" time="0.037" />
  <testcase classname="ptolemy.util.test.junit.AutoTests" name="[8] /home/travis/build/icyphy/ptII/ptolemy/domains/continuous/test/auto/CausalityInterface13.xml (RunModel)" time="0.033" />
  <testcase classname="ptolemy.util.test.junit.AutoTests" name="[9] /home/travis/build/icyphy/ptII/ptolemy/domains/continuous/test/auto/CausalityInterface14.xml (RunModel)" time="0.027" />
  <testcase classname="ptolemy.util.test.junit.AutoTests" name="[10] /home/travis/build/icyphy/ptII/ptolemy/domains/continuous/test/auto/CausalityInterface4.xml (RunModel)" time="0.037" />
  <testcase classname="ptolemy.util.test.junit.AutoTests" name="[11] /home/travis/build/icyphy/ptII/ptolemy/domains/continuous/test/auto/CausalityInterface5.xml (RunModel)" time="0.04" />
  <testcase classname="ptolemy.util.test.junit.AutoTests" name="[12] /home/travis/build/icyphy/ptII/ptolemy/domains/continuous/test/auto/CausalityInterface6.xml (RunModel)" time="0.025" />
  <testcase classname="ptolemy.util.test.junit.AutoTests" name="[13] /home/travis/build/icyphy/ptII/ptolemy/domains/continuous/test/auto/CausalityInterface7.xml (RunModel)" time="0.041" />
  <testcase classname="ptolemy.util.test.junit.AutoTests" name="[14] /home/travis/build/icyphy/ptII/ptolemy/domains/continuous/test/auto/CausalityInterface8.xml (RunModel)" time="0.048" />
  <testcase classname="ptolemy.util.test.junit.AutoTests" name="[15] /home/travis/build/icyphy/ptII/ptolemy/domains/continuous/test/auto/CausalityInterface9.xml (RunModel)" time="0.044" />
  <testcase classname="ptolemy.util.test.junit.AutoTests" name="[16] /home/travis/build/icyphy/ptII/ptolemy/domains/continuous/test/auto/CausalityInterfaceFeedback1.xml (RunModel)" time="0.03" />
  <testcase classname="ptolemy.util.test.junit.AutoTests" name="[17] /home/travis/build/icyphy/ptII/ptolemy/domains/continuous/test/auto/CausalityInterfaceFeedback2.xml (RunModel)" time="0.037" />
  <testcase classname="ptolemy.util.test.junit.AutoTests" name="[18] /home/travis/build/icyphy/ptII/ptolemy/domains/continuous/test/auto/CompareWithCurrentTime.xml (RunModel)" time="0.028" />
  <testcase classname="ptolemy.util.test.junit.AutoTests" name="[19] /home/travis/build/icyphy/ptII/ptolemy/domains/continuous/test/auto/ComparedClocks.xml (RunModel)" time="0.098" />
  <testcase classname="ptolemy.util.test.junit.AutoTests" name="[20] /home/travis/build/icyphy/ptII/ptolemy/domains/continuous/test/auto/ContinuousAOCClone.xml (RunModel)" time="2.401" />
  <testcase classname="ptolemy.util.test.junit.AutoTests" name="[21] /home/travis/build/icyphy/ptII/ptolemy/domains/continuous/test/auto/ContinuousClock.xml (RunModel)" time="0.113" />
  <testcase classname="ptolemy.util.test.junit.AutoTests" name="[22] /home/travis/build/icyphy/ptII/ptolemy/domains/continuous/test/auto/ContinuousInContinuous.xml (RunModel)" time="0.082" />
  <testcase classname="ptolemy.util.test.junit.AutoTests" name="[23] /home/travis/build/icyphy/ptII/ptolemy/domains/continuous/test/auto/ContinuousInContinuousInContinuous.xml (RunModel)" time="0.028" />
  <testcase classname="ptolemy.util.test.junit.AutoTests" name="[24] /home/travis/build/icyphy/ptII/ptolemy/domains/continuous/test/auto/ContinuousInDE.xml (RunModel)" time="0.113" />
  <testcase classname="ptolemy.util.test.junit.AutoTests" name="[25] /home/travis/build/icyphy/ptII/ptolemy/domains/continuous/test/auto/ContinuousInDE2.xml (RunModel)" time="0.05" />
  <testcase classname="ptolemy.util.test.junit.AutoTests" name="[26] /home/travis/build/icyphy/ptII/ptolemy/domains/continuous/test/auto/ContinuousInDE3.xml (RunModel)" time="0.053" />
  <testcase classname="ptolemy.util.test.junit.AutoTests" name="[27] /home/travis/build/icyphy/ptII/ptolemy/domains/continuous/test/auto/ContinuousInDE4.xml (RunModel)" time="0.031" />
  <testcase classname="ptolemy.util.test.junit.AutoTests" name="[28] /home/travis/build/icyphy/ptII/ptolemy/domains/continuous/test/auto/ContinuousInDEDifferentRefinements.xml (RunModel)" time="0.115" />
  <testcase classname="ptolemy.util.test.junit.AutoTests" name="[29] /home/travis/build/icyphy/ptII/ptolemy/domains/continuous/test/auto/ContinuousInDEDifferentRefinementsPreemptive.xml (RunModel)" time="0.108" />
  <testcase classname="ptolemy.util.test.junit.AutoTests" name="[30] /home/travis/build/icyphy/ptII/ptolemy/domains/continuous/test/auto/ContinuousInDEInContinuous2.xml (RunModel)" time="0.061" />
  <testcase classname="ptolemy.util.test.junit.AutoTests" name="[31] /home/travis/build/icyphy/ptII/ptolemy/domains/continuous/test/auto/ContinuousInDEInContinuous3.xml (RunModel)" time="0.063" />
  <testcase classname="ptolemy.util.test.junit.AutoTests" name="[32] /home/travis/build/icyphy/ptII/ptolemy/domains/continuous/test/auto/ContinuousInDEInput.xml (RunModel)" time="0.035" />
  <testcase classname="ptolemy.util.test.junit.AutoTests" name="[33] /home/travis/build/icyphy/ptII/ptolemy/domains/continuous/test/auto/ContinuousInDEInput2.xml (RunModel)" time="0.041" />
  <testcase classname="ptolemy.util.test.junit.AutoTests" name="[34] /home/travis/build/icyphy/ptII/ptolemy/domains/continuous/test/auto/ContinuousInDEInput3.xml (RunModel)" time="0.036" />
  <testcase classname="ptolemy.util.test.junit.AutoTests" name="[35] /home/travis/build/icyphy/ptII/ptolemy/domains/continuous/test/auto/ContinuousInDESharingRefinement.xml (RunModel)" time="0.179" />
  <testcase classname="ptolemy.util.test.junit.AutoTests" name="[36] /home/travis/build/icyphy/ptII/ptolemy/domains/continuous/test/auto/ContinuousInDEwithNoPorts.xml (RunModel)" time="0.023" />
  <testcase classname="ptolemy.util.test.junit.AutoTests" name="[37] /home/travis/build/icyphy/ptII/ptolemy/domains/continuous/test/auto/ContinuousInsideDE.xml (RunModel)" time="0.095" />
  <testcase classname="ptolemy.util.test.junit.AutoTests" name="[38] /home/travis/build/icyphy/ptII/ptolemy/domains/continuous/test/auto/ContinuousMerge1.xml (RunModel)" time="0.024" />
  <testcase classname="ptolemy.util.test.junit.AutoTests" name="[39] /home/travis/build/icyphy/ptII/ptolemy/domains/continuous/test/auto/ContinuousMerge2.xml (RunModel)" time="0.057" />
  <testcase classname="ptolemy.util.test.junit.AutoTests" name="[40] /home/travis/build/icyphy/ptII/ptolemy/domains/continuous/test/auto/ContinuousMerge3.xml (RunModel)" time="0.064" />
  <testcase classname="ptolemy.util.test.junit.AutoTests" name="[41] /home/travis/build/icyphy/ptII/ptolemy/domains/continuous/test/auto/ContinuousWithinContinuous.xml (RunModel)" time="0.049" />
  <testcase classname="ptolemy.util.test.junit.AutoTests" name="[42] /home/travis/build/icyphy/ptII/ptolemy/domains/continuous/test/auto/ContinuousWithinContinuous2.xml (RunModel)" time="0.079" />
  <testcase classname="ptolemy.util.test.junit.AutoTests" name="[43] /home/travis/build/icyphy/ptII/ptolemy/domains/continuous/test/auto/ContinuousWithinContinuous3.xml (RunModel)" time="0.03" />
  <testcase classname="ptolemy.util.test.junit.AutoTests" name="[44] /home/travis/build/icyphy/ptII/ptolemy/domains/continuous/test/auto/ContinuousWithinContinuous4.xml (RunModel)" time="0.076" />
  <testcase classname="ptolemy.util.test.junit.AutoTests" name="[45] /home/travis/build/icyphy/ptII/ptolemy/domains/continuous/test/auto/ContinuousWithinContinuous5.xml (RunModel)" time="0.029" />
  <testcase classname="ptolemy.util.test.junit.AutoTests" name="[46] /home/travis/build/icyphy/ptII/ptolemy/domains/continuous/test/auto/ContinuousWithinContinuous6.xml (RunModel)" time="0.037" />
  <testcase classname="ptolemy.util.test.junit.AutoTests" name="[47] /home/travis/build/icyphy/ptII/ptolemy/domains/continuous/test/auto/ContinuousWithinContinuous7.xml (RunModel)" time="0.061" />
  <testcase classname="ptolemy.util.test.junit.AutoTests" name="[48] /home/travis/build/icyphy/ptII/ptolemy/domains/continuous/test/auto/DCMotor.xml (RunModel)" time="13.087" />
  <testcase classname="ptolemy.util.test.junit.AutoTests" name="[49] /home/travis/build/icyphy/ptII/ptolemy/domains/continuous/test/auto/DEInContinuous.xml (RunModel)" time="0.033" />
  <testcase classname="ptolemy.util.test.junit.AutoTests" name="[50] /home/travis/build/icyphy/ptII/ptolemy/domains/continuous/test/auto/DEinContinuous2.xml (RunModel)" time="0.027" />
  <testcase classname="ptolemy.util.test.junit.AutoTests" name="[51] /home/travis/build/icyphy/ptII/ptolemy/domains/continuous/test/auto/Derivative.xml (RunModel)" time="0.159" />
  <testcase classname="ptolemy.util.test.junit.AutoTests" name="[52] /home/travis/build/icyphy/ptII/ptolemy/domains/continuous/test/auto/Derivative1.xml (RunModel)" time="0.043" />
  <testcase classname="ptolemy.util.test.junit.AutoTests" name="[53] /home/travis/build/icyphy/ptII/ptolemy/domains/continuous/test/auto/DiscreteClock.xml (RunModel)" time="0.014" />
  <testcase classname="ptolemy.util.test.junit.AutoTests" name="[54] /home/travis/build/icyphy/ptII/ptolemy/domains/continuous/test/auto/EfficiencyCurve.xml (RunModel)" time="0.108" />
  <testcase classname="ptolemy.util.test.junit.AutoTests" name="[55] /home/travis/build/icyphy/ptII/ptolemy/domains/continuous/test/auto/ExponentialResponse.xml (RunModel)" time="0.103" />
  <testcase classname="ptolemy.util.test.junit.AutoTests" name="[56] /home/travis/build/icyphy/ptII/ptolemy/domains/continuous/test/auto/ExponentialResponseRK45.xml (RunModel)" time="0.031" />
  <testcase classname="ptolemy.util.test.junit.AutoTests" name="[57] /home/travis/build/icyphy/ptII/ptolemy/domains/continuous/test/auto/Friction.xml (RunModel)" time="1.617" />
  <testcase classname="ptolemy.util.test.junit.AutoTests" name="[58] /home/travis/build/icyphy/ptII/ptolemy/domains/continuous/test/auto/FurutaPendulum.xml (RunModel)" time="3.299" />
  <testcase classname="ptolemy.util.test.junit.AutoTests" name="[59] /home/travis/build/icyphy/ptII/ptolemy/domains/continuous/test/auto/HierarchicalExecution.xml (RunModel)" time="2.07" />
  <testcase classname="ptolemy.util.test.junit.AutoTests" name="[60] /home/travis/build/icyphy/ptII/ptolemy/domains/continuous/test/auto/HybridPlant.xml (RunModel)" time="0.536" />
  <testcase classname="ptolemy.util.test.junit.AutoTests" name="[61] /home/travis/build/icyphy/ptII/ptolemy/domains/continuous/test/auto/Hysteresis.xml (RunModel)" time="0.171" />
  <testcase classname="ptolemy.util.test.junit.AutoTests" name="[62] /home/travis/build/icyphy/ptII/ptolemy/domains/continuous/test/auto/HysteresisWithRandomDelay.xml (RunModel)" time="0.218" />
  <testcase classname="ptolemy.util.test.junit.AutoTests" name="[63] /home/travis/build/icyphy/ptII/ptolemy/domains/continuous/test/auto/HysteresisWithRandomLosses.xml (RunModel)" time="2.48" />
  <testcase classname="ptolemy.util.test.junit.AutoTests" name="[64] /home/travis/build/icyphy/ptII/ptolemy/domains/continuous/test/auto/ImmediateTransitions.xml (RunModel)" time="0.033" />
  <testcase classname="ptolemy.util.test.junit.AutoTests" name="[65] /home/travis/build/icyphy/ptII/ptolemy/domains/continuous/test/auto/ImpulseFeedback.xml (RunModel)" time="0.022" />
  <testcase classname="ptolemy.util.test.junit.AutoTests" name="[66] /home/travis/build/icyphy/ptII/ptolemy/domains/continuous/test/auto/ImpulseFeedback2.xml (RunModel)" time="0.02" />
  <testcase classname="ptolemy.util.test.junit.AutoTests" name="[67] /home/travis/build/icyphy/ptII/ptolemy/domains/continuous/test/auto/IncreasingRatePoisson.xml (RunModel)" time="0.69" />
  <testcase classname="ptolemy.util.test.junit.AutoTests" name="[68] /home/travis/build/icyphy/ptII/ptolemy/domains/continuous/test/auto/InitialStateFeedback.xml (RunModel)" time="0.012" />
  <testcase classname="ptolemy.util.test.junit.AutoTests" name="[69] /home/travis/build/icyphy/ptII/ptolemy/domains/continuous/test/auto/Integration.xml (RunModel)" time="0.013" />
  <testcase classname="ptolemy.util.test.junit.AutoTests" name="[70] /home/travis/build/icyphy/ptII/ptolemy/domains/continuous/test/auto/Integration2.xml (RunModel)" time="0.083" />
  <testcase classname="ptolemy.util.test.junit.AutoTests" name="[71] /home/travis/build/icyphy/ptII/ptolemy/domains/continuous/test/auto/Integration3.xml (RunModel)" time="0.013" />
  <testcase classname="ptolemy.util.test.junit.AutoTests" name="[72] /home/travis/build/icyphy/ptII/ptolemy/domains/continuous/test/auto/Integration5.xml (RunModel)" time="0.02" />
  <testcase classname="ptolemy.util.test.junit.AutoTests" name="[73] /home/travis/build/icyphy/ptII/ptolemy/domains/continuous/test/auto/IntegratorImpulse.xml (RunModel)" time="0.01" />
  <testcase classname="ptolemy.util.test.junit.AutoTests" name="[74] /home/travis/build/icyphy/ptII/ptolemy/domains/continuous/test/auto/IntegratorImpulse2.xml (RunModel)" time="0.011" />
  <testcase classname="ptolemy.util.test.junit.AutoTests" name="[75] /home/travis/build/icyphy/ptII/ptolemy/domains/continuous/test/auto/LevelCrossing1.xml (RunModel)" time="0.012" />
  <testcase classname="ptolemy.util.test.junit.AutoTests" name="[76] /home/travis/build/icyphy/ptII/ptolemy/domains/continuous/test/auto/LevelCrossing2.xml (RunModel)" time="0.013" />
  <testcase classname="ptolemy.util.test.junit.AutoTests" name="[77] /home/travis/build/icyphy/ptII/ptolemy/domains/continuous/test/auto/LevelCrossing3.xml (RunModel)" time="0.016" />
  <testcase classname="ptolemy.util.test.junit.AutoTests" name="[78] /home/travis/build/icyphy/ptII/ptolemy/domains/continuous/test/auto/LevelCrossing4.xml (RunModel)" time="0.015" />
  <testcase classname="ptolemy.util.test.junit.AutoTests" name="[79] /home/travis/build/icyphy/ptII/ptolemy/domains/continuous/test/auto/LevelCrossing5.xml (RunModel)" time="0.015" />
  <testcase classname="ptolemy.util.test.junit.AutoTests" name="[80] /home/travis/build/icyphy/ptII/ptolemy/domains/continuous/test/auto/LevelCrossing6.xml (RunModel)" time="0.012" />
  <testcase classname="ptolemy.util.test.junit.AutoTests" name="[81] /home/travis/build/icyphy/ptII/ptolemy/domains/continuous/test/auto/LevelCrossingDetector.xml (RunModel)" time="0.041" />
  <testcase classname="ptolemy.util.test.junit.AutoTests" name="[82] /home/travis/build/icyphy/ptII/ptolemy/domains/continuous/test/auto/LevelCrossingDetectorDetectingDirections.xml (RunModel)" time="0.084" />
  <testcase classname="ptolemy.util.test.junit.AutoTests" name="[83] /home/travis/build/icyphy/ptII/ptolemy/domains/continuous/test/auto/LevelCrossingDetectorDetectsGlitches.xml (RunModel)" time="0.067" />
  <testcase classname="ptolemy.util.test.junit.AutoTests" name="[84] /home/travis/build/icyphy/ptII/ptolemy/domains/continuous/test/auto/LevelCrossingNoInitialOuput.xml (RunModel)" time="0.015" />
  <testcase classname="ptolemy.util.test.junit.AutoTests" name="[85] /home/travis/build/icyphy/ptII/ptolemy/domains/continuous/test/auto/LinearStateSpaceExample.xml (RunModel)" time="0.068" />
  <testcase classname="ptolemy.util.test.junit.AutoTests" name="[86] /home/travis/build/icyphy/ptII/ptolemy/domains/continuous/test/auto/Lorenz.xml (RunModel)" time="3.387" />
  <testcase classname="ptolemy.util.test.junit.AutoTests" name="[87] /home/travis/build/icyphy/ptII/ptolemy/domains/continuous/test/auto/LorenzDifferentialSystem.xml (RunModel)" time="0.837" />
  <testcase classname="ptolemy.util.test.junit.AutoTests" name="[88] /home/travis/build/icyphy/ptII/ptolemy/domains/continuous/test/auto/LorenzDifferentialSystemWithInput.xml (RunModel)" time="1.315" />
  <testcase classname="ptolemy.util.test.junit.AutoTests" name="[89] /home/travis/build/icyphy/ptII/ptolemy/domains/continuous/test/auto/LorenzDifferentialSystemWithTime.xml (RunModel)" time="0.661" />
  <testcase classname="ptolemy.util.test.junit.AutoTests" name="[90] /home/travis/build/icyphy/ptII/ptolemy/domains/continuous/test/auto/Microsteps.xml (RunModel)" time="0.035" />
  <testcase classname="ptolemy.util.test.junit.AutoTests" name="[91] /home/travis/build/icyphy/ptII/ptolemy/domains/continuous/test/auto/Modal1.xml (RunModel)" time="0.074" />
  <testcase classname="ptolemy.util.test.junit.AutoTests" name="[92] /home/travis/build/icyphy/ptII/ptolemy/domains/continuous/test/auto/Modal2.xml (RunModel)" time="0.092" />
  <testcase classname="ptolemy.util.test.junit.AutoTests" name="[93] /home/travis/build/icyphy/ptII/ptolemy/domains/continuous/test/auto/ModalTransitionGuardWithReset.xml (RunModel)" time="0.06" />
  <testcase classname="ptolemy.util.test.junit.AutoTests" name="[94] /home/travis/build/icyphy/ptII/ptolemy/domains/continuous/test/auto/ModalTransitionGuardWithResetUsingPreemptiveTransition.xml (RunModel)" time="0.047" />
  <testcase classname="ptolemy.util.test.junit.AutoTests" name="[95] /home/travis/build/icyphy/ptII/ptolemy/domains/continuous/test/auto/ModalTransitionGuardWithResetUsingPreemptiveTransition2.xml (RunModel)" time="0.031" />
  <testcase classname="ptolemy.util.test.junit.AutoTests" name="[96] /home/travis/build/icyphy/ptII/ptolemy/domains/continuous/test/auto/ModalTransitionGuardWithResetUsingPreemptiveTransition3.xml (RunModel)" time="0.024" />
  <testcase classname="ptolemy.util.test.junit.AutoTests" name="[97] /home/travis/build/icyphy/ptII/ptolemy/domains/continuous/test/auto/NewtonsCradle.xml (RunModel)" time="0.769" />
  <testcase classname="ptolemy.util.test.junit.AutoTests" name="[98] /home/travis/build/icyphy/ptII/ptolemy/domains/continuous/test/auto/NewtonsCradleAnimated.xml (RunModel)" time="1.25" />
  <testcase classname="ptolemy.util.test.junit.AutoTests" name="[99] /home/travis/build/icyphy/ptII/ptolemy/domains/continuous/test/auto/NewtonsCradleComplicated.xml (RunModel)" time="0.945" />
  <testcase classname="ptolemy.util.test.junit.AutoTests" name="[100] /home/travis/build/icyphy/ptII/ptolemy/domains/continuous/test/auto/NewtonsCradleNondeterministic.xml (RunModel)" time="0.723" />
  <testcase classname="ptolemy.util.test.junit.AutoTests" name="[101] /home/travis/build/icyphy/ptII/ptolemy/domains/continuous/test/auto/NewtonsCradlePerfectlyInelastic1.xml (RunModel)" time="1.206" />
  <testcase classname="ptolemy.util.test.junit.AutoTests" name="[102] /home/travis/build/icyphy/ptII/ptolemy/domains/continuous/test/auto/Noise.xml (RunModel)" time="0.181" />
  <testcase classname="ptolemy.util.test.junit.AutoTests" name="[103] /home/travis/build/icyphy/ptII/ptolemy/domains/continuous/test/auto/NoiseSpectrum.xml (RunModel)" time="0.665" />
  <testcase classname="ptolemy.util.test.junit.AutoTests" name="[104] /home/travis/build/icyphy/ptII/ptolemy/domains/continuous/test/auto/ParameterizedNewtonsCradleAnimated.xml (RunModel)" time="0.364" />
  <testcase classname="ptolemy.util.test.junit.AutoTests" name="[105] /home/travis/build/icyphy/ptII/ptolemy/domains/continuous/test/auto/ParameterizedNewtonsCradleAnimatedNondeterministic.xml (RunModel)" time="1.133" />
  <testcase classname="ptolemy.util.test.junit.AutoTests" name="[106] /home/travis/build/icyphy/ptII/ptolemy/domains/continuous/test/auto/Pendulum3D.xml (RunModel)" time="0.174" />
  <testcase classname="ptolemy.util.test.junit.AutoTests" name="[107] /home/travis/build/icyphy/ptII/ptolemy/domains/continuous/test/auto/PeriodicSampler.xml (RunModel)" time="0.009" />
  <testcase classname="ptolemy.util.test.junit.AutoTests" name="[108] /home/travis/build/icyphy/ptII/ptolemy/domains/continuous/test/auto/PeriodicSampler1.xml (RunModel)" time="0.038" />
  <testcase classname="ptolemy.util.test.junit.AutoTests" name="[109] /home/travis/build/icyphy/ptII/ptolemy/domains/continuous/test/auto/PeriodicSampler2.xml (RunModel)" time="0.074" />
  <testcase classname="ptolemy.util.test.junit.AutoTests" name="[110] /home/travis/build/icyphy/ptII/ptolemy/domains/continuous/test/auto/Poisson.xml (RunModel)" time="0.422" />
  <testcase classname="ptolemy.util.test.junit.AutoTests" name="[111] /home/travis/build/icyphy/ptII/ptolemy/domains/continuous/test/auto/PoissonClock.xml (RunModel)" time="0.015" />
  <testcase classname="ptolemy.util.test.junit.AutoTests" name="[112] /home/travis/build/icyphy/ptII/ptolemy/domains/continuous/test/auto/PoissonClock2.xml (RunModel)" time="0.01" />
  <testcase classname="ptolemy.util.test.junit.AutoTests" name="[113] /home/travis/build/icyphy/ptII/ptolemy/domains/continuous/test/auto/PortParameterHierarchy.xml (RunModel)" time="0.022" />
  <testcase classname="ptolemy.util.test.junit.AutoTests" name="[114] /home/travis/build/icyphy/ptII/ptolemy/domains/continuous/test/auto/RandomHybridPlant.xml (RunModel)" time="0.53" />
  <testcase classname="ptolemy.util.test.junit.AutoTests" name="[115] /home/travis/build/icyphy/ptII/ptolemy/domains/continuous/test/auto/ResetTransitionWithStartTime1.xml (RunModel)" time="0.035" />
  <testcase classname="ptolemy.util.test.junit.AutoTests" name="[116] /home/travis/build/icyphy/ptII/ptolemy/domains/continuous/test/auto/ResetTransitionWithStartTime2.xml (RunModel)" time="0.037" />
  <testcase classname="ptolemy.util.test.junit.AutoTests" name="[117] /home/travis/build/icyphy/ptII/ptolemy/domains/continuous/test/auto/ResetTransitionWithStartTime3.xml (RunModel)" time="0.039" />
  <testcase classname="ptolemy.util.test.junit.AutoTests" name="[118] /home/travis/build/icyphy/ptII/ptolemy/domains/continuous/test/auto/ResetTransitionWithStartTime4.xml (RunModel)" time="0.027" />
  <testcase classname="ptolemy.util.test.junit.AutoTests" name="[119] /home/travis/build/icyphy/ptII/ptolemy/domains/continuous/test/auto/ResetTransitionWithStartTime5.xml (RunModel)" time="0.03" />
  <testcase classname="ptolemy.util.test.junit.AutoTests" name="[120] /home/travis/build/icyphy/ptII/ptolemy/domains/continuous/test/auto/ResetTransitionWithStartTime6.xml (RunModel)" time="0.025" />
  <testcase classname="ptolemy.util.test.junit.AutoTests" name="[121] /home/travis/build/icyphy/ptII/ptolemy/domains/continuous/test/auto/SRinContinuous.xml (RunModel)" time="0.025" />
  <testcase classname="ptolemy.util.test.junit.AutoTests" name="[122] /home/travis/build/icyphy/ptII/ptolemy/domains/continuous/test/auto/SampledClocks.xml (RunModel)" time="0.034" />
  <testcase classname="ptolemy.util.test.junit.AutoTests" name="[123] /home/travis/build/icyphy/ptII/ptolemy/domains/continuous/test/auto/Satellite.xml (RunModel)" time="0.704" />
  <testcase classname="ptolemy.util.test.junit.AutoTests" name="[124] /home/travis/build/icyphy/ptII/ptolemy/domains/continuous/test/auto/SigmaDelta.xml (RunModel)" time="2.082" />
  <testcase classname="ptolemy.util.test.junit.AutoTests" name="[125] /home/travis/build/icyphy/ptII/ptolemy/domains/continuous/test/auto/SingleRefinement.xml (RunModel)" time="0.415" />
  <testcase classname="ptolemy.util.test.junit.AutoTests" name="[126] /home/travis/build/icyphy/ptII/ptolemy/domains/continuous/test/auto/SinuBouncingBall.xml (RunModel)" time="0.825" />
  <testcase classname="ptolemy.util.test.junit.AutoTests" name="[127] /home/travis/build/icyphy/ptII/ptolemy/domains/continuous/test/auto/Sinusoid.xml (RunModel)" time="0.016" />
  <testcase classname="ptolemy.util.test.junit.AutoTests" name="[128] /home/travis/build/icyphy/ptII/ptolemy/domains/continuous/test/auto/SinusoidInNoise.xml (RunModel)" time="0.939" />
  <testcase classname="ptolemy.util.test.junit.AutoTests" name="[129] /home/travis/build/icyphy/ptII/ptolemy/domains/continuous/test/auto/SinusoidRK45.xml (RunModel)" time="0.015" />
  <testcase classname="ptolemy.util.test.junit.AutoTests" name="[130] /home/travis/build/icyphy/ptII/ptolemy/domains/continuous/test/auto/SinusoidWithMultipleImpulses.xml (RunModel)" time="0.012" />
  <testcase classname="ptolemy.util.test.junit.AutoTests" name="[131] /home/travis/build/icyphy/ptII/ptolemy/domains/continuous/test/auto/SquareWave.xml (RunModel)" time="0.187" />
  <testcase classname="ptolemy.util.test.junit.AutoTests" name="[132] /home/travis/build/icyphy/ptII/ptolemy/domains/continuous/test/auto/Starmac.xml (RunModel)" time="3.355" />
  <testcase classname="ptolemy.util.test.junit.AutoTests" name="[133] /home/travis/build/icyphy/ptII/ptolemy/domains/continuous/test/auto/StaticUnits.xml (RunModel)" time="2.167" />
  <testcase classname="ptolemy.util.test.junit.AutoTests" name="[134] /home/travis/build/icyphy/ptII/ptolemy/domains/continuous/test/auto/StickyMasses.xml (RunModel)" time="0.202" />
  <testcase classname="ptolemy.util.test.junit.AutoTests" name="[135] /home/travis/build/icyphy/ptII/ptolemy/domains/continuous/test/auto/StopTime.xml (RunModel)" time="0.063" />
  <testcase classname="ptolemy.util.test.junit.AutoTests" name="[136] /home/travis/build/icyphy/ptII/ptolemy/domains/continuous/test/auto/StopTime2.xml (RunModel)" time="0.053" />
  <testcase classname="ptolemy.util.test.junit.AutoTests" name="[137] /home/travis/build/icyphy/ptII/ptolemy/domains/continuous/test/auto/Switch.xml (RunModel)" time="0.064" />
  <testcase classname="ptolemy.util.test.junit.AutoTests" name="[138] /home/travis/build/icyphy/ptII/ptolemy/domains/continuous/test/auto/Thermostat.xml (RunModel)" time="0.198" />
  <testcase classname="ptolemy.util.test.junit.AutoTests" name="[139] /home/travis/build/icyphy/ptII/ptolemy/domains/continuous/test/auto/TimeDelay.xml (RunModel)" time="0.013" />
  <testcase classname="ptolemy.util.test.junit.AutoTests" name="[140] /home/travis/build/icyphy/ptII/ptolemy/domains/continuous/test/auto/TimeDelay2.xml (RunModel)" time="0.026" />
  <testcase classname="ptolemy.util.test.junit.AutoTests" name="[141] /home/travis/build/icyphy/ptII/ptolemy/domains/continuous/test/auto/TimeDelay3.xml (RunModel)" time="0.026" />
  <testcase classname="ptolemy.util.test.junit.AutoTests" name="[142] /home/travis/build/icyphy/ptII/ptolemy/domains/continuous/test/auto/TransferAbsentToInside.xml (RunModel)" time="0.109" />
  <testcase classname="ptolemy.util.test.junit.AutoTests" name="[143] /home/travis/build/icyphy/ptII/ptolemy/domains/continuous/test/auto/Transmission.xml (RunModel)" time="0.791" />
  <testcase classname="ptolemy.util.test.junit.AutoTests" name="[144] /home/travis/build/icyphy/ptII/ptolemy/domains/continuous/test/auto/TriggeredContinuousClock.xml (RunModel)" time="0.063" />
  <testcase classname="ptolemy.util.test.junit.AutoTests" name="[145] /home/travis/build/icyphy/ptII/ptolemy/domains/continuous/test/auto/TwoMachineInfiniteBusControl.xml (RunModel)" time="2.252" />
  <testcase classname="ptolemy.util.test.junit.AutoTests" name="[146] /home/travis/build/icyphy/ptII/ptolemy/domains/continuous/test/auto/V2V.xml (RunModel)" time="0.815" />
  <testcase classname="ptolemy.util.test.junit.AutoTests" name="[147] /home/travis/build/icyphy/ptII/ptolemy/domains/continuous/test/auto/hierarchicalModalModel.xml (RunModel)" time="0.034" />
  <testcase classname="ptolemy.util.test.junit.AutoTests" name="[148] /home/travis/build/icyphy/ptII/ptolemy/domains/continuous/test/auto/hierarchicalModalModel1.xml (RunModel)" time="0.029" />
  <testcase classname="ptolemy.util.test.junit.AutoTests" name="[149] /home/travis/build/icyphy/ptII/ptolemy/domains/continuous/test/auto/hierarchicalModalModel2.xml (RunModel)" time="0.026" />
  <testcase classname="ptolemy.util.test.junit.AutoTests" name="[150] /home/travis/build/icyphy/ptII/ptolemy/domains/continuous/test/auto/hierarchicalModalModel3.xml (RunModel)" time="0.03" />
  <testcase classname="ptolemy.util.test.junit.AutoTests" name="[151] /home/travis/build/icyphy/ptII/ptolemy/domains/continuous/test/auto/hierarchicalModalModel4.xml (RunModel)" time="0.025" />
  <testcase classname="ptolemy.util.test.junit.AutoTests" name="[152] /home/travis/build/icyphy/ptII/ptolemy/domains/continuous/test/auto/junk.xml (RunModel)" time="0.131" />
  <system-out><![CDATA[No tcl tests in /home/travis/build/icyphy/ptII/ptolemy/domains/continuous/test
No auto/knownFailedTests/*.xml tests in /home/travis/build/icyphy/ptII/ptolemy/domains/continuous/test
No auto/linux-amd64/*.xml tests in /home/travis/build/icyphy/ptII/ptolemy/domains/continuous/test
AutoTests.java: About to close Vertx.
AutoTests.java: Vertx closed.

===========================================================================================
----------------- testing Sun Sep 13 15:38:32 UTC 2020 /home/travis/build/icyphy/ptII/ptolemy/domains/continuous/test/auto/BouncingBall.xml
----------------- Instantiating /home/travis/build/icyphy/ptII/ptolemy/domains/continuous/test/auto/BouncingBall.xml
2338 ms. Memory: 129024K Free: 94189K (73%)
----------------- Invoking toplevel() on ptolemy.moml.MoMLSimpleApplication@34cb5e90
----------------- Done invoking toplevel() on ptolemy.moml.MoMLSimpleApplication@34cb5e90
reloadAllAccessors: .BouncingBall

===========================================================================================
----------------- testing Sun Sep 13 15:38:35 UTC 2020 /home/travis/build/icyphy/ptII/ptolemy/domains/continuous/test/auto/BouncingBallWithoutGR.xml
----------------- Instantiating /home/travis/build/icyphy/ptII/ptolemy/domains/continuous/test/auto/BouncingBallWithoutGR.xml
710 ms. Memory: 155648K Free: 90563K (58%)
----------------- Invoking toplevel() on ptolemy.moml.MoMLSimpleApplication@5b5d9cf8
----------------- Done invoking toplevel() on ptolemy.moml.MoMLSimpleApplication@5b5d9cf8
reloadAllAccessors: .BouncingBallWithoutGR

===========================================================================================
----------------- testing Sun Sep 13 15:38:36 UTC 2020 /home/travis/build/icyphy/ptII/ptolemy/domains/continuous/test/auto/Brownian.xml
----------------- Instantiating /home/travis/build/icyphy/ptII/ptolemy/domains/continuous/test/auto/Brownian.xml
18 ms. Memory: 155648K Free: 81857K (53%)
----------------- Invoking toplevel() on ptolemy.moml.MoMLSimpleApplication@73275a89
----------------- Done invoking toplevel() on ptolemy.moml.MoMLSimpleApplication@73275a89
reloadAllAccessors: .Brownian

===========================================================================================
----------------- testing Sun Sep 13 15:38:36 UTC 2020 /home/travis/build/icyphy/ptII/ptolemy/domains/continuous/test/auto/CarTracking.xml
----------------- Instantiating /home/travis/build/icyphy/ptII/ptolemy/domains/continuous/test/auto/CarTracking.xml
3611 ms. Memory: 189440K Free: 83993K (44%)
----------------- Invoking toplevel() on ptolemy.moml.MoMLSimpleApplication@1900200d
----------------- Done invoking toplevel() on ptolemy.moml.MoMLSimpleApplication@1900200d
reloadAllAccessors: .CarTracking

===========================================================================================
----------------- testing Sun Sep 13 15:38:40 UTC 2020 /home/travis/build/icyphy/ptII/ptolemy/domains/continuous/test/auto/CartPendulum.xml
----------------- Instantiating /home/travis/build/icyphy/ptII/ptolemy/domains/continuous/test/auto/CartPendulum.xml
365 ms. Memory: 227328K Free: 144182K (63%)
----------------- Invoking toplevel() on ptolemy.moml.MoMLSimpleApplication@367e2300
----------------- Done invoking toplevel() on ptolemy.moml.MoMLSimpleApplication@367e2300
reloadAllAccessors: .CartPendulum

===========================================================================================
----------------- testing Sun Sep 13 15:38:41 UTC 2020 /home/travis/build/icyphy/ptII/ptolemy/domains/continuous/test/auto/CausalityInterface10.xml
----------------- Instantiating /home/travis/build/icyphy/ptII/ptolemy/domains/continuous/test/auto/CausalityInterface10.xml
7 ms. Memory: 227328K Free: 133942K (59%)
----------------- Invoking toplevel() on ptolemy.moml.MoMLSimpleApplication@65139b39
----------------- Done invoking toplevel() on ptolemy.moml.MoMLSimpleApplication@65139b39
reloadAllAccessors: .CausalityInterface10

===========================================================================================
----------------- testing Sun Sep 13 15:38:41 UTC 2020 /home/travis/build/icyphy/ptII/ptolemy/domains/continuous/test/auto/CausalityInterface11.xml
----------------- Instantiating /home/travis/build/icyphy/ptII/ptolemy/domains/continuous/test/auto/CausalityInterface11.xml
11 ms. Memory: 227328K Free: 127798K (56%)
----------------- Invoking toplevel() on ptolemy.moml.MoMLSimpleApplication@205251cb
----------------- Done invoking toplevel() on ptolemy.moml.MoMLSimpleApplication@205251cb
reloadAllAccessors: .CausalityInterface11

===========================================================================================
----------------- testing Sun Sep 13 15:38:41 UTC 2020 /home/travis/build/icyphy/ptII/ptolemy/domains/continuous/test/auto/CausalityInterface12.xml
----------------- Instantiating /home/travis/build/icyphy/ptII/ptolemy/domains/continuous/test/auto/CausalityInterface12.xml
11 ms. Memory: 227328K Free: 121654K (54%)
----------------- Invoking toplevel() on ptolemy.moml.MoMLSimpleApplication@7ea6509d
----------------- Done invoking toplevel() on ptolemy.moml.MoMLSimpleApplication@7ea6509d
reloadAllAccessors: .CausalityInterface12

===========================================================================================
----------------- testing Sun Sep 13 15:38:41 UTC 2020 /home/travis/build/icyphy/ptII/ptolemy/domains/continuous/test/auto/CausalityInterface13.xml
----------------- Instantiating /home/travis/build/icyphy/ptII/ptolemy/domains/continuous/test/auto/CausalityInterface13.xml
7 ms. Memory: 227328K Free: 115510K (51%)
----------------- Invoking toplevel() on ptolemy.moml.MoMLSimpleApplication@3737885d
----------------- Done invoking toplevel() on ptolemy.moml.MoMLSimpleApplication@3737885d
reloadAllAccessors: .CausalityInterface13

===========================================================================================
----------------- testing Sun Sep 13 15:38:41 UTC 2020 /home/travis/build/icyphy/ptII/ptolemy/domains/continuous/test/auto/CausalityInterface14.xml
----------------- Instantiating /home/travis/build/icyphy/ptII/ptolemy/domains/continuous/test/auto/CausalityInterface14.xml
4 ms. Memory: 227328K Free: 109862K (48%)
----------------- Invoking toplevel() on ptolemy.moml.MoMLSimpleApplication@7ba1c0de
----------------- Done invoking toplevel() on ptolemy.moml.MoMLSimpleApplication@7ba1c0de
reloadAllAccessors: .CausalityInterface14

===========================================================================================
----------------- testing Sun Sep 13 15:38:41 UTC 2020 /home/travis/build/icyphy/ptII/ptolemy/domains/continuous/test/auto/CausalityInterface4.xml
----------------- Instantiating /home/travis/build/icyphy/ptII/ptolemy/domains/continuous/test/auto/CausalityInterface4.xml
5 ms. Memory: 227328K Free: 103222K (45%)
----------------- Invoking toplevel() on ptolemy.moml.MoMLSimpleApplication@3700bb0c
----------------- Done invoking toplevel() on ptolemy.moml.MoMLSimpleApplication@3700bb0c
reloadAllAccessors: .CausalityInterface4

===========================================================================================
----------------- testing Sun Sep 13 15:38:41 UTC 2020 /home/travis/build/icyphy/ptII/ptolemy/domains/continuous/test/auto/CausalityInterface5.xml
----------------- Instantiating /home/travis/build/icyphy/ptII/ptolemy/domains/continuous/test/auto/CausalityInterface5.xml
10 ms. Memory: 227328K Free: 95030K (42%)
----------------- Invoking toplevel() on ptolemy.moml.MoMLSimpleApplication@4b829731
----------------- Done invoking toplevel() on ptolemy.moml.MoMLSimpleApplication@4b829731
reloadAllAccessors: .CausalityInterface5

===========================================================================================
----------------- testing Sun Sep 13 15:38:41 UTC 2020 /home/travis/build/icyphy/ptII/ptolemy/domains/continuous/test/auto/CausalityInterface6.xml
----------------- Instantiating /home/travis/build/icyphy/ptII/ptolemy/domains/continuous/test/auto/CausalityInterface6.xml
4 ms. Memory: 227328K Free: 89910K (40%)
----------------- Invoking toplevel() on ptolemy.moml.MoMLSimpleApplication@24973bd4
----------------- Done invoking toplevel() on ptolemy.moml.MoMLSimpleApplication@24973bd4
reloadAllAccessors: .CausalityInterface6

===========================================================================================
----------------- testing Sun Sep 13 15:38:41 UTC 2020 /home/travis/build/icyphy/ptII/ptolemy/domains/continuous/test/auto/CausalityInterface7.xml
----------------- Instantiating /home/travis/build/icyphy/ptII/ptolemy/domains/continuous/test/auto/CausalityInterface7.xml
11 ms. Memory: 227328K Free: 81204K (36%)
----------------- Invoking toplevel() on ptolemy.moml.MoMLSimpleApplication@ca454a1
----------------- Done invoking toplevel() on ptolemy.moml.MoMLSimpleApplication@ca454a1
reloadAllAccessors: .CausalityInterface7

===========================================================================================
----------------- testing Sun Sep 13 15:38:41 UTC 2020 /home/travis/build/icyphy/ptII/ptolemy/domains/continuous/test/auto/CausalityInterface8.xml
----------------- Instantiating /home/travis/build/icyphy/ptII/ptolemy/domains/continuous/test/auto/CausalityInterface8.xml
8 ms. Memory: 227328K Free: 207104K (91%)
----------------- Invoking toplevel() on ptolemy.moml.MoMLSimpleApplication@53f3ccda
----------------- Done invoking toplevel() on ptolemy.moml.MoMLSimpleApplication@53f3ccda
reloadAllAccessors: .CausalityInterface8

===========================================================================================
----------------- testing Sun Sep 13 15:38:41 UTC 2020 /home/travis/build/icyphy/ptII/ptolemy/domains/continuous/test/auto/CausalityInterface9.xml
----------------- Instantiating /home/travis/build/icyphy/ptII/ptolemy/domains/continuous/test/auto/CausalityInterface9.xml
8 ms. Memory: 227328K Free: 196350K (86%)
----------------- Invoking toplevel() on ptolemy.moml.MoMLSimpleApplication@7dd173c9
----------------- Done invoking toplevel() on ptolemy.moml.MoMLSimpleApplication@7dd173c9
reloadAllAccessors: .CausalityInterface9

===========================================================================================
----------------- testing Sun Sep 13 15:38:41 UTC 2020 /home/travis/build/icyphy/ptII/ptolemy/domains/continuous/test/auto/CausalityInterfaceFeedback1.xml
----------------- Instantiating /home/travis/build/icyphy/ptII/ptolemy/domains/continuous/test/auto/CausalityInterfaceFeedback1.xml
5 ms. Memory: 227328K Free: 189696K (83%)
----------------- Invoking toplevel() on ptolemy.moml.MoMLSimpleApplication@1ebf838b
----------------- Done invoking toplevel() on ptolemy.moml.MoMLSimpleApplication@1ebf838b
reloadAllAccessors: .CausalityInterfaceFeedback1

===========================================================================================
----------------- testing Sun Sep 13 15:38:41 UTC 2020 /home/travis/build/icyphy/ptII/ptolemy/domains/continuous/test/auto/CausalityInterfaceFeedback2.xml
----------------- Instantiating /home/travis/build/icyphy/ptII/ptolemy/domains/continuous/test/auto/CausalityInterfaceFeedback2.xml
6 ms. Memory: 227328K Free: 183023K (81%)
----------------- Invoking toplevel() on ptolemy.moml.MoMLSimpleApplication@7735083d
----------------- Done invoking toplevel() on ptolemy.moml.MoMLSimpleApplication@7735083d
reloadAllAccessors: .CausalityInterfaceFeedback2

===========================================================================================
----------------- testing Sun Sep 13 15:38:41 UTC 2020 /home/travis/build/icyphy/ptII/ptolemy/domains/continuous/test/auto/CompareWithCurrentTime.xml
----------------- Instantiating /home/travis/build/icyphy/ptII/ptolemy/domains/continuous/test/auto/CompareWithCurrentTime.xml
10 ms. Memory: 227328K Free: 178942K (79%)
----------------- Invoking toplevel() on ptolemy.moml.MoMLSimpleApplication@353c7b23
----------------- Done invoking toplevel() on ptolemy.moml.MoMLSimpleApplication@353c7b23
reloadAllAccessors: .CompareWithCurrentTime

===========================================================================================
----------------- testing Sun Sep 13 15:38:41 UTC 2020 /home/travis/build/icyphy/ptII/ptolemy/domains/continuous/test/auto/ComparedClocks.xml
----------------- Instantiating /home/travis/build/icyphy/ptII/ptolemy/domains/continuous/test/auto/ComparedClocks.xml
8 ms. Memory: 227328K Free: 163567K (72%)
----------------- Invoking toplevel() on ptolemy.moml.MoMLSimpleApplication@5ab5c133
----------------- Done invoking toplevel() on ptolemy.moml.MoMLSimpleApplication@5ab5c133
reloadAllAccessors: .ComparedClocks

===========================================================================================
----------------- testing Sun Sep 13 15:38:41 UTC 2020 /home/travis/build/icyphy/ptII/ptolemy/domains/continuous/test/auto/ContinuousAOCClone.xml
----------------- Instantiating /home/travis/build/icyphy/ptII/ptolemy/domains/continuous/test/auto/ContinuousAOCClone.xml
2120 ms. Memory: 227328K Free: 185331K (82%)
----------------- Invoking toplevel() on ptolemy.moml.MoMLSimpleApplication@6b73fce8
----------------- Done invoking toplevel() on ptolemy.moml.MoMLSimpleApplication@6b73fce8
reloadAllAccessors: .ContinuousAOCClone

===========================================================================================
----------------- testing Sun Sep 13 15:38:44 UTC 2020 /home/travis/build/icyphy/ptII/ptolemy/domains/continuous/test/auto/ContinuousClock.xml
----------------- Instantiating /home/travis/build/icyphy/ptII/ptolemy/domains/continuous/test/auto/ContinuousClock.xml
28 ms. Memory: 227328K Free: 163331K (72%)
----------------- Invoking toplevel() on ptolemy.moml.MoMLSimpleApplication@47e07dc6
----------------- Done invoking toplevel() on ptolemy.moml.MoMLSimpleApplication@47e07dc6
reloadAllAccessors: .ContinuousClock

===========================================================================================
----------------- testing Sun Sep 13 15:38:44 UTC 2020 /home/travis/build/icyphy/ptII/ptolemy/domains/continuous/test/auto/ContinuousInContinuous.xml
----------------- Instantiating /home/travis/build/icyphy/ptII/ptolemy/domains/continuous/test/auto/ContinuousInContinuous.xml
37 ms. Memory: 227328K Free: 140289K (62%)
----------------- Invoking toplevel() on ptolemy.moml.MoMLSimpleApplication@7df96cd6
----------------- Done invoking toplevel() on ptolemy.moml.MoMLSimpleApplication@7df96cd6
reloadAllAccessors: .ContinuousInContinuous

===========================================================================================
----------------- testing Sun Sep 13 15:38:44 UTC 2020 /home/travis/build/icyphy/ptII/ptolemy/domains/continuous/test/auto/ContinuousInContinuousInContinuous.xml
----------------- Instantiating /home/travis/build/icyphy/ptII/ptolemy/domains/continuous/test/auto/ContinuousInContinuousInContinuous.xml
10 ms. Memory: 227328K Free: 132097K (58%)
----------------- Invoking toplevel() on ptolemy.moml.MoMLSimpleApplication@26a5683a
----------------- Done invoking toplevel() on ptolemy.moml.MoMLSimpleApplication@26a5683a
reloadAllAccessors: .ContinuousInContinuousInContinuous

===========================================================================================
----------------- testing Sun Sep 13 15:38:44 UTC 2020 /home/travis/build/icyphy/ptII/ptolemy/domains/continuous/test/auto/ContinuousInDE.xml
----------------- Instantiating /home/travis/build/icyphy/ptII/ptolemy/domains/continuous/test/auto/ContinuousInDE.xml
89 ms. Memory: 227328K Free: 121857K (54%)
----------------- Invoking toplevel() on ptolemy.moml.MoMLSimpleApplication@70de2af1
----------------- Done invoking toplevel() on ptolemy.moml.MoMLSimpleApplication@70de2af1
reloadAllAccessors: .ContinuousInDE

===========================================================================================
----------------- testing Sun Sep 13 15:38:44 UTC 2020 /home/travis/build/icyphy/ptII/ptolemy/domains/continuous/test/auto/ContinuousInDE2.xml
----------------- Instantiating /home/travis/build/icyphy/ptII/ptolemy/domains/continuous/test/auto/ContinuousInDE2.xml
34 ms. Memory: 227328K Free: 111617K (49%)
----------------- Invoking toplevel() on ptolemy.moml.MoMLSimpleApplication@6fdebf6f
----------------- Done invoking toplevel() on ptolemy.moml.MoMLSimpleApplication@6fdebf6f
reloadAllAccessors: .ContinuousInDE2

===========================================================================================
----------------- testing Sun Sep 13 15:38:44 UTC 2020 /home/travis/build/icyphy/ptII/ptolemy/domains/continuous/test/auto/ContinuousInDE3.xml
----------------- Instantiating /home/travis/build/icyphy/ptII/ptolemy/domains/continuous/test/auto/ContinuousInDE3.xml
32 ms. Memory: 227328K Free: 101891K (45%)
----------------- Invoking toplevel() on ptolemy.moml.MoMLSimpleApplication@4e10f992
----------------- Done invoking toplevel() on ptolemy.moml.MoMLSimpleApplication@4e10f992
reloadAllAccessors: .ContinuousInDE3

===========================================================================================
----------------- testing Sun Sep 13 15:38:44 UTC 2020 /home/travis/build/icyphy/ptII/ptolemy/domains/continuous/test/auto/ContinuousInDE4.xml
----------------- Instantiating /home/travis/build/icyphy/ptII/ptolemy/domains/continuous/test/auto/ContinuousInDE4.xml
13 ms. Memory: 227328K Free: 95747K (42%)
----------------- Invoking toplevel() on ptolemy.moml.MoMLSimpleApplication@16e511cc
----------------- Done invoking toplevel() on ptolemy.moml.MoMLSimpleApplication@16e511cc
reloadAllAccessors: .ContinuousInDE4

===========================================================================================
----------------- testing Sun Sep 13 15:38:44 UTC 2020 /home/travis/build/icyphy/ptII/ptolemy/domains/continuous/test/auto/ContinuousInDEDifferentRefinements.xml
----------------- Instantiating /home/travis/build/icyphy/ptII/ptolemy/domains/continuous/test/auto/ContinuousInDEDifferentRefinements.xml
73 ms. Memory: 273408K Free: 245851K (90%)
----------------- Invoking toplevel() on ptolemy.moml.MoMLSimpleApplication@1dad5177
----------------- Done invoking toplevel() on ptolemy.moml.MoMLSimpleApplication@1dad5177
reloadAllAccessors: .ContinuousInDEDifferentRefinements

===========================================================================================
----------------- testing Sun Sep 13 15:38:44 UTC 2020 /home/travis/build/icyphy/ptII/ptolemy/domains/continuous/test/auto/ContinuousInDEDifferentRefinementsPreemptive.xml
----------------- Instantiating /home/travis/build/icyphy/ptII/ptolemy/domains/continuous/test/auto/ContinuousInDEDifferentRefinementsPreemptive.xml
57 ms. Memory: 273408K Free: 214941K (79%)
----------------- Invoking toplevel() on ptolemy.moml.MoMLSimpleApplication@52826b35
----------------- Done invoking toplevel() on ptolemy.moml.MoMLSimpleApplication@52826b35
reloadAllAccessors: .ContinuousInDEDifferentRefinementsPreemptive

===========================================================================================
----------------- testing Sun Sep 13 15:38:44 UTC 2020 /home/travis/build/icyphy/ptII/ptolemy/domains/continuous/test/auto/ContinuousInDEInContinuous2.xml
----------------- Instantiating /home/travis/build/icyphy/ptII/ptolemy/domains/continuous/test/auto/ContinuousInDEInContinuous2.xml
40 ms. Memory: 273408K Free: 203677K (74%)
----------------- Invoking toplevel() on ptolemy.moml.MoMLSimpleApplication@703070ea
----------------- Done invoking toplevel() on ptolemy.moml.MoMLSimpleApplication@703070ea
reloadAllAccessors: .ContinuousInDEInContinuous2

===========================================================================================
----------------- testing Sun Sep 13 15:38:44 UTC 2020 /home/travis/build/icyphy/ptII/ptolemy/domains/continuous/test/auto/ContinuousInDEInContinuous3.xml
----------------- Instantiating /home/travis/build/icyphy/ptII/ptolemy/domains/continuous/test/auto/ContinuousInDEInContinuous3.xml
35 ms. Memory: 273408K Free: 191899K (70%)
----------------- Invoking toplevel() on ptolemy.moml.MoMLSimpleApplication@1c403898
----------------- Done invoking toplevel() on ptolemy.moml.MoMLSimpleApplication@1c403898
reloadAllAccessors: .ContinuousInDEInContinuous3

===========================================================================================
----------------- testing Sun Sep 13 15:38:44 UTC 2020 /home/travis/build/icyphy/ptII/ptolemy/domains/continuous/test/auto/ContinuousInDEInput.xml
----------------- Instantiating /home/travis/build/icyphy/ptII/ptolemy/domains/continuous/test/auto/ContinuousInDEInput.xml
17 ms. Memory: 273408K Free: 184731K (68%)
----------------- Invoking toplevel() on ptolemy.moml.MoMLSimpleApplication@37c31aec
----------------- Done invoking toplevel() on ptolemy.moml.MoMLSimpleApplication@37c31aec
reloadAllAccessors: .ContinuousInDEInput

===========================================================================================
----------------- testing Sun Sep 13 15:38:44 UTC 2020 /home/travis/build/icyphy/ptII/ptolemy/domains/continuous/test/auto/ContinuousInDEInput2.xml
----------------- Instantiating /home/travis/build/icyphy/ptII/ptolemy/domains/continuous/test/auto/ContinuousInDEInput2.xml
16 ms. Memory: 273408K Free: 177563K (65%)
----------------- Invoking toplevel() on ptolemy.moml.MoMLSimpleApplication@1e554a0d
----------------- Done invoking toplevel() on ptolemy.moml.MoMLSimpleApplication@1e554a0d
reloadAllAccessors: .ContinuousInDEInput2

===========================================================================================
----------------- testing Sun Sep 13 15:38:45 UTC 2020 /home/travis/build/icyphy/ptII/ptolemy/domains/continuous/test/auto/ContinuousInDEInput3.xml
----------------- Instantiating /home/travis/build/icyphy/ptII/ptolemy/domains/continuous/test/auto/ContinuousInDEInput3.xml
15 ms. Memory: 273408K Free: 170395K (62%)
----------------- Invoking toplevel() on ptolemy.moml.MoMLSimpleApplication@35fcad7c
----------------- Done invoking toplevel() on ptolemy.moml.MoMLSimpleApplication@35fcad7c
reloadAllAccessors: .ContinuousInDEInput3

===========================================================================================
----------------- testing Sun Sep 13 15:38:45 UTC 2020 /home/travis/build/icyphy/ptII/ptolemy/domains/continuous/test/auto/ContinuousInDESharingRefinement.xml
----------------- Instantiating /home/travis/build/icyphy/ptII/ptolemy/domains/continuous/test/auto/ContinuousInDESharingRefinement.xml
154 ms. Memory: 273408K Free: 239247K (88%)
----------------- Invoking toplevel() on ptolemy.moml.MoMLSimpleApplication@4d059774
----------------- Done invoking toplevel() on ptolemy.moml.MoMLSimpleApplication@4d059774
reloadAllAccessors: .ContinuousInDESharingRefinement

===========================================================================================
----------------- testing Sun Sep 13 15:38:45 UTC 2020 /home/travis/build/icyphy/ptII/ptolemy/domains/continuous/test/auto/ContinuousInDEwithNoPorts.xml
----------------- Instantiating /home/travis/build/icyphy/ptII/ptolemy/domains/continuous/test/auto/ContinuousInDEwithNoPorts.xml
5 ms. Memory: 273408K Free: 234655K (86%)
----------------- Invoking toplevel() on ptolemy.moml.MoMLSimpleApplication@320bdc53
----------------- Done invoking toplevel() on ptolemy.moml.MoMLSimpleApplication@320bdc53
reloadAllAccessors: .ContinuousInDEwithNoPorts

===========================================================================================
----------------- testing Sun Sep 13 15:38:45 UTC 2020 /home/travis/build/icyphy/ptII/ptolemy/domains/continuous/test/auto/ContinuousInsideDE.xml
----------------- Instantiating /home/travis/build/icyphy/ptII/ptolemy/domains/continuous/test/auto/ContinuousInsideDE.xml
50 ms. Memory: 273408K Free: 223391K (82%)
----------------- Invoking toplevel() on ptolemy.moml.MoMLSimpleApplication@42718860
----------------- Done invoking toplevel() on ptolemy.moml.MoMLSimpleApplication@42718860
reloadAllAccessors: .ContinuousInsideDE

===========================================================================================
----------------- testing Sun Sep 13 15:38:45 UTC 2020 /home/travis/build/icyphy/ptII/ptolemy/domains/continuous/test/auto/ContinuousMerge1.xml
----------------- Instantiating /home/travis/build/icyphy/ptII/ptolemy/domains/continuous/test/auto/ContinuousMerge1.xml
3 ms. Memory: 273408K Free: 218751K (80%)
----------------- Invoking toplevel() on ptolemy.moml.MoMLSimpleApplication@5580a455
----------------- Done invoking toplevel() on ptolemy.moml.MoMLSimpleApplication@5580a455
reloadAllAccessors: .ContinuousMerge1

===========================================================================================
----------------- testing Sun Sep 13 15:38:45 UTC 2020 /home/travis/build/icyphy/ptII/ptolemy/domains/continuous/test/auto/ContinuousMerge2.xml
----------------- Instantiating /home/travis/build/icyphy/ptII/ptolemy/domains/continuous/test/auto/ContinuousMerge2.xml
24 ms. Memory: 273408K Free: 208541K (76%)
----------------- Invoking toplevel() on ptolemy.moml.MoMLSimpleApplication@2674ca31
----------------- Done invoking toplevel() on ptolemy.moml.MoMLSimpleApplication@2674ca31
reloadAllAccessors: .ContinuousMerge2

===========================================================================================
----------------- testing Sun Sep 13 15:38:45 UTC 2020 /home/travis/build/icyphy/ptII/ptolemy/domains/continuous/test/auto/ContinuousMerge3.xml
----------------- Instantiating /home/travis/build/icyphy/ptII/ptolemy/domains/continuous/test/auto/ContinuousMerge3.xml
40 ms. Memory: 273408K Free: 197791K (72%)
----------------- Invoking toplevel() on ptolemy.moml.MoMLSimpleApplication@28f93d7e
----------------- Done invoking toplevel() on ptolemy.moml.MoMLSimpleApplication@28f93d7e
reloadAllAccessors: .ContinuousMerge3

===========================================================================================
----------------- testing Sun Sep 13 15:38:45 UTC 2020 /home/travis/build/icyphy/ptII/ptolemy/domains/continuous/test/auto/ContinuousWithinContinuous.xml
----------------- Instantiating /home/travis/build/icyphy/ptII/ptolemy/domains/continuous/test/auto/ContinuousWithinContinuous.xml
32 ms. Memory: 273408K Free: 188061K (69%)
----------------- Invoking toplevel() on ptolemy.moml.MoMLSimpleApplication@1d73ca11
----------------- Done invoking toplevel() on ptolemy.moml.MoMLSimpleApplication@1d73ca11
reloadAllAccessors: .ContinuousWithinContinuous

===========================================================================================
----------------- testing Sun Sep 13 15:38:45 UTC 2020 /home/travis/build/icyphy/ptII/ptolemy/domains/continuous/test/auto/ContinuousWithinContinuous2.xml
----------------- Instantiating /home/travis/build/icyphy/ptII/ptolemy/domains/continuous/test/auto/ContinuousWithinContinuous2.xml
61 ms. Memory: 273408K Free: 177311K (65%)
----------------- Invoking toplevel() on ptolemy.moml.MoMLSimpleApplication@4eda62b4
----------------- Done invoking toplevel() on ptolemy.moml.MoMLSimpleApplication@4eda62b4
reloadAllAccessors: .ContinuousWithinContinuous2

===========================================================================================
----------------- testing Sun Sep 13 15:38:45 UTC 2020 /home/travis/build/icyphy/ptII/ptolemy/domains/continuous/test/auto/ContinuousWithinContinuous3.xml
----------------- Instantiating /home/travis/build/icyphy/ptII/ptolemy/domains/continuous/test/auto/ContinuousWithinContinuous3.xml
11 ms. Memory: 273408K Free: 170143K (62%)
----------------- Invoking toplevel() on ptolemy.moml.MoMLSimpleApplication@3454e7cd
----------------- Done invoking toplevel() on ptolemy.moml.MoMLSimpleApplication@3454e7cd
reloadAllAccessors: .ContinuousWithinContinuous3

===========================================================================================
----------------- testing Sun Sep 13 15:38:45 UTC 2020 /home/travis/build/icyphy/ptII/ptolemy/domains/continuous/test/auto/ContinuousWithinContinuous4.xml
----------------- Instantiating /home/travis/build/icyphy/ptII/ptolemy/domains/continuous/test/auto/ContinuousWithinContinuous4.xml
61 ms. Memory: 273408K Free: 157341K (58%)
----------------- Invoking toplevel() on ptolemy.moml.MoMLSimpleApplication@6ebc335b
----------------- Done invoking toplevel() on ptolemy.moml.MoMLSimpleApplication@6ebc335b
reloadAllAccessors: .ContinuousWithinContinuous4

===========================================================================================
----------------- testing Sun Sep 13 15:38:45 UTC 2020 /home/travis/build/icyphy/ptII/ptolemy/domains/continuous/test/auto/ContinuousWithinContinuous5.xml
----------------- Instantiating /home/travis/build/icyphy/ptII/ptolemy/domains/continuous/test/auto/ContinuousWithinContinuous5.xml
10 ms. Memory: 273408K Free: 150173K (55%)
----------------- Invoking toplevel() on ptolemy.moml.MoMLSimpleApplication@4eee6b6b
----------------- Done invoking toplevel() on ptolemy.moml.MoMLSimpleApplication@4eee6b6b
reloadAllAccessors: .ContinuousWithinContinuous5

===========================================================================================
----------------- testing Sun Sep 13 15:38:45 UTC 2020 /home/travis/build/icyphy/ptII/ptolemy/domains/continuous/test/auto/ContinuousWithinContinuous6.xml
----------------- Instantiating /home/travis/build/icyphy/ptII/ptolemy/domains/continuous/test/auto/ContinuousWithinContinuous6.xml
10 ms. Memory: 273408K Free: 143005K (52%)
----------------- Invoking toplevel() on ptolemy.moml.MoMLSimpleApplication@6fdb643
----------------- Done invoking toplevel() on ptolemy.moml.MoMLSimpleApplication@6fdb643
reloadAllAccessors: .ContinuousWithinContinuous6

===========================================================================================
----------------- testing Sun Sep 13 15:38:45 UTC 2020 /home/travis/build/icyphy/ptII/ptolemy/domains/continuous/test/auto/ContinuousWithinContinuous7.xml
----------------- Instantiating /home/travis/build/icyphy/ptII/ptolemy/domains/continuous/test/auto/ContinuousWithinContinuous7.xml
51 ms. Memory: 273408K Free: 131741K (48%)
----------------- Invoking toplevel() on ptolemy.moml.MoMLSimpleApplication@2c76a5e8
----------------- Done invoking toplevel() on ptolemy.moml.MoMLSimpleApplication@2c76a5e8
reloadAllAccessors: .ContinuousWithinContinuous7

===========================================================================================
----------------- testing Sun Sep 13 15:38:45 UTC 2020 /home/travis/build/icyphy/ptII/ptolemy/domains/continuous/test/auto/DCMotor.xml
----------------- Instantiating /home/travis/build/icyphy/ptII/ptolemy/domains/continuous/test/auto/DCMotor.xml
13017 ms. Memory: 273408K Free: 141866K (52%)
----------------- Invoking toplevel() on ptolemy.moml.MoMLSimpleApplication@4c829f17
----------------- Done invoking toplevel() on ptolemy.moml.MoMLSimpleApplication@4c829f17
reloadAllAccessors: .DCMotor

===========================================================================================
----------------- testing Sun Sep 13 15:38:59 UTC 2020 /home/travis/build/icyphy/ptII/ptolemy/domains/continuous/test/auto/DEInContinuous.xml
----------------- Instantiating /home/travis/build/icyphy/ptII/ptolemy/domains/continuous/test/auto/DEInContinuous.xml
10 ms. Memory: 273408K Free: 135722K (50%)
----------------- Invoking toplevel() on ptolemy.moml.MoMLSimpleApplication@7f12ced4
----------------- Done invoking toplevel() on ptolemy.moml.MoMLSimpleApplication@7f12ced4
reloadAllAccessors: .DEInContinuous

===========================================================================================
----------------- testing Sun Sep 13 15:38:59 UTC 2020 /home/travis/build/icyphy/ptII/ptolemy/domains/continuous/test/auto/DEinContinuous2.xml
----------------- Instantiating /home/travis/build/icyphy/ptII/ptolemy/domains/continuous/test/auto/DEinContinuous2.xml
6 ms. Memory: 273408K Free: 127530K (47%)
----------------- Invoking toplevel() on ptolemy.moml.MoMLSimpleApplication@33cc6bda
----------------- Done invoking toplevel() on ptolemy.moml.MoMLSimpleApplication@33cc6bda
reloadAllAccessors: .DEinContinuous2

===========================================================================================
----------------- testing Sun Sep 13 15:38:59 UTC 2020 /home/travis/build/icyphy/ptII/ptolemy/domains/continuous/test/auto/Derivative.xml
----------------- Instantiating /home/travis/build/icyphy/ptII/ptolemy/domains/continuous/test/auto/Derivative.xml
112 ms. Memory: 273408K Free: 98344K (36%)
----------------- Invoking toplevel() on ptolemy.moml.MoMLSimpleApplication@1dca4fdf
----------------- Done invoking toplevel() on ptolemy.moml.MoMLSimpleApplication@1dca4fdf
reloadAllAccessors: .Derivative2

===========================================================================================
----------------- testing Sun Sep 13 15:38:59 UTC 2020 /home/travis/build/icyphy/ptII/ptolemy/domains/continuous/test/auto/Derivative1.xml
----------------- Instantiating /home/travis/build/icyphy/ptII/ptolemy/domains/continuous/test/auto/Derivative1.xml
16 ms. Memory: 273408K Free: 246943K (90%)
----------------- Invoking toplevel() on ptolemy.moml.MoMLSimpleApplication@366843e0
----------------- Done invoking toplevel() on ptolemy.moml.MoMLSimpleApplication@366843e0
reloadAllAccessors: .Derivative1

===========================================================================================
----------------- testing Sun Sep 13 15:38:59 UTC 2020 /home/travis/build/icyphy/ptII/ptolemy/domains/continuous/test/auto/DiscreteClock.xml
----------------- Instantiating /home/travis/build/icyphy/ptII/ptolemy/domains/continuous/test/auto/DiscreteClock.xml
3 ms. Memory: 273408K Free: 241823K (88%)
----------------- Invoking toplevel() on ptolemy.moml.MoMLSimpleApplication@7bd9b74
----------------- Done invoking toplevel() on ptolemy.moml.MoMLSimpleApplication@7bd9b74
reloadAllAccessors: .DiscreteClock

===========================================================================================
----------------- testing Sun Sep 13 15:38:59 UTC 2020 /home/travis/build/icyphy/ptII/ptolemy/domains/continuous/test/auto/EfficiencyCurve.xml
----------------- Instantiating /home/travis/build/icyphy/ptII/ptolemy/domains/continuous/test/auto/EfficiencyCurve.xml
72 ms. Memory: 273408K Free: 232607K (85%)
----------------- Invoking toplevel() on ptolemy.moml.MoMLSimpleApplication@290853bf
----------------- Done invoking toplevel() on ptolemy.moml.MoMLSimpleApplication@290853bf
reloadAllAccessors: .EfficiencyCurve

===========================================================================================
----------------- testing Sun Sep 13 15:38:59 UTC 2020 /home/travis/build/icyphy/ptII/ptolemy/domains/continuous/test/auto/ExponentialResponse.xml
----------------- Instantiating /home/travis/build/icyphy/ptII/ptolemy/domains/continuous/test/auto/ExponentialResponse.xml
84 ms. Memory: 273408K Free: 217247K (79%)
----------------- Invoking toplevel() on ptolemy.moml.MoMLSimpleApplication@225f21ee
----------------- Done invoking toplevel() on ptolemy.moml.MoMLSimpleApplication@225f21ee
reloadAllAccessors: .ExponentialResponse

===========================================================================================
----------------- testing Sun Sep 13 15:38:59 UTC 2020 /home/travis/build/icyphy/ptII/ptolemy/domains/continuous/test/auto/ExponentialResponseRK45.xml
----------------- Instantiating /home/travis/build/icyphy/ptII/ptolemy/domains/continuous/test/auto/ExponentialResponseRK45.xml
21 ms. Memory: 273408K Free: 210589K (77%)
----------------- Invoking toplevel() on ptolemy.moml.MoMLSimpleApplication@425fecf2
----------------- Done invoking toplevel() on ptolemy.moml.MoMLSimpleApplication@425fecf2
reloadAllAccessors: .ExponentialResponseRK45

===========================================================================================
----------------- testing Sun Sep 13 15:38:59 UTC 2020 /home/travis/build/icyphy/ptII/ptolemy/domains/continuous/test/auto/Friction.xml
----------------- Instantiating /home/travis/build/icyphy/ptII/ptolemy/domains/continuous/test/auto/Friction.xml
1483 ms. Memory: 273408K Free: 109894K (40%)
----------------- Invoking toplevel() on ptolemy.moml.MoMLSimpleApplication@2eb78937
----------------- Done invoking toplevel() on ptolemy.moml.MoMLSimpleApplication@2eb78937
reloadAllAccessors: .Friction

===========================================================================================
----------------- testing Sun Sep 13 15:39:01 UTC 2020 /home/travis/build/icyphy/ptII/ptolemy/domains/continuous/test/auto/FurutaPendulum.xml
----------------- Instantiating /home/travis/build/icyphy/ptII/ptolemy/domains/continuous/test/auto/FurutaPendulum.xml
3152 ms. Memory: 273408K Free: 95276K (35%)
----------------- Invoking toplevel() on ptolemy.moml.MoMLSimpleApplication@5d9c4a15
----------------- Done invoking toplevel() on ptolemy.moml.MoMLSimpleApplication@5d9c4a15
reloadAllAccessors: .FurutaPendulum

===========================================================================================
----------------- testing Sun Sep 13 15:39:04 UTC 2020 /home/travis/build/icyphy/ptII/ptolemy/domains/continuous/test/auto/HierarchicalExecution.xml
----------------- Instantiating /home/travis/build/icyphy/ptII/ptolemy/domains/continuous/test/auto/HierarchicalExecution.xml
1654 ms. Memory: 273408K Free: 138774K (51%)
----------------- Invoking toplevel() on ptolemy.moml.MoMLSimpleApplication@776b9b04
----------------- Done invoking toplevel() on ptolemy.moml.MoMLSimpleApplication@776b9b04
reloadAllAccessors: .HierarchicalExecution

===========================================================================================
----------------- testing Sun Sep 13 15:39:06 UTC 2020 /home/travis/build/icyphy/ptII/ptolemy/domains/continuous/test/auto/HybridPlant.xml
----------------- Instantiating /home/travis/build/icyphy/ptII/ptolemy/domains/continuous/test/auto/HybridPlant.xml
464 ms. Memory: 273408K Free: 200281K (73%)
----------------- Invoking toplevel() on ptolemy.moml.MoMLSimpleApplication@728ce9b3
----------------- Done invoking toplevel() on ptolemy.moml.MoMLSimpleApplication@728ce9b3
reloadAllAccessors: .HybridPlant

===========================================================================================
----------------- testing Sun Sep 13 15:39:07 UTC 2020 /home/travis/build/icyphy/ptII/ptolemy/domains/continuous/test/auto/Hysteresis.xml
----------------- Instantiating /home/travis/build/icyphy/ptII/ptolemy/domains/continuous/test/auto/Hysteresis.xml
127 ms. Memory: 273408K Free: 137817K (50%)
----------------- Invoking toplevel() on ptolemy.moml.MoMLSimpleApplication@607518d2
----------------- Done invoking toplevel() on ptolemy.moml.MoMLSimpleApplication@607518d2
reloadAllAccessors: .Hysteresis

===========================================================================================
----------------- testing Sun Sep 13 15:39:07 UTC 2020 /home/travis/build/icyphy/ptII/ptolemy/domains/continuous/test/auto/HysteresisWithRandomDelay.xml
----------------- Instantiating /home/travis/build/icyphy/ptII/ptolemy/domains/continuous/test/auto/HysteresisWithRandomDelay.xml
168 ms. Memory: 273408K Free: 229115K (84%)
----------------- Invoking toplevel() on ptolemy.moml.MoMLSimpleApplication@4d9680b
----------------- Done invoking toplevel() on ptolemy.moml.MoMLSimpleApplication@4d9680b
reloadAllAccessors: .HysteresisWithRandomDelay

===========================================================================================
----------------- testing Sun Sep 13 15:39:07 UTC 2020 /home/travis/build/icyphy/ptII/ptolemy/domains/continuous/test/auto/HysteresisWithRandomLosses.xml
----------------- Instantiating /home/travis/build/icyphy/ptII/ptolemy/domains/continuous/test/auto/HysteresisWithRandomLosses.xml
2404 ms. Memory: 328704K Free: 223503K (68%)
----------------- Invoking toplevel() on ptolemy.moml.MoMLSimpleApplication@7153d5d
----------------- Done invoking toplevel() on ptolemy.moml.MoMLSimpleApplication@7153d5d
reloadAllAccessors: .HysteresisWithRandomLosses

===========================================================================================
----------------- testing Sun Sep 13 15:39:09 UTC 2020 /home/travis/build/icyphy/ptII/ptolemy/domains/continuous/test/auto/ImmediateTransitions.xml
----------------- Instantiating /home/travis/build/icyphy/ptII/ptolemy/domains/continuous/test/auto/ImmediateTransitions.xml
9 ms. Memory: 328704K Free: 212719K (65%)
----------------- Invoking toplevel() on ptolemy.moml.MoMLSimpleApplication@6353a081
----------------- Done invoking toplevel() on ptolemy.moml.MoMLSimpleApplication@6353a081
reloadAllAccessors: .ImmediateTransitions

===========================================================================================
----------------- testing Sun Sep 13 15:39:09 UTC 2020 /home/travis/build/icyphy/ptII/ptolemy/domains/continuous/test/auto/ImpulseFeedback.xml
----------------- Instantiating /home/travis/build/icyphy/ptII/ptolemy/domains/continuous/test/auto/ImpulseFeedback.xml
7 ms. Memory: 328704K Free: 207119K (63%)
----------------- Invoking toplevel() on ptolemy.moml.MoMLSimpleApplication@3eecdcb2
----------------- Done invoking toplevel() on ptolemy.moml.MoMLSimpleApplication@3eecdcb2
reloadAllAccessors: .ImpulseFeedback

===========================================================================================
----------------- testing Sun Sep 13 15:39:10 UTC 2020 /home/travis/build/icyphy/ptII/ptolemy/domains/continuous/test/auto/ImpulseFeedback2.xml
----------------- Instantiating /home/travis/build/icyphy/ptII/ptolemy/domains/continuous/test/auto/ImpulseFeedback2.xml
5 ms. Memory: 328704K Free: 201485K (61%)
----------------- Invoking toplevel() on ptolemy.moml.MoMLSimpleApplication@109b87b
----------------- Done invoking toplevel() on ptolemy.moml.MoMLSimpleApplication@109b87b
reloadAllAccessors: .ImpulseFeedback2

===========================================================================================
----------------- testing Sun Sep 13 15:39:10 UTC 2020 /home/travis/build/icyphy/ptII/ptolemy/domains/continuous/test/auto/IncreasingRatePoisson.xml
----------------- Instantiating /home/travis/build/icyphy/ptII/ptolemy/domains/continuous/test/auto/IncreasingRatePoisson.xml
663 ms. Memory: 328704K Free: 298889K (91%)
----------------- Invoking toplevel() on ptolemy.moml.MoMLSimpleApplication@3e3738dc
----------------- Done invoking toplevel() on ptolemy.moml.MoMLSimpleApplication@3e3738dc
reloadAllAccessors: .IncreasingRatePoisson

===========================================================================================
----------------- testing Sun Sep 13 15:39:10 UTC 2020 /home/travis/build/icyphy/ptII/ptolemy/domains/continuous/test/auto/InitialStateFeedback.xml
----------------- Instantiating /home/travis/build/icyphy/ptII/ptolemy/domains/continuous/test/auto/InitialStateFeedback.xml
3 ms. Memory: 328704K Free: 294279K (90%)
----------------- Invoking toplevel() on ptolemy.moml.MoMLSimpleApplication@69104936
----------------- Done invoking toplevel() on ptolemy.moml.MoMLSimpleApplication@69104936
reloadAllAccessors: .InitialStateFeedback

===========================================================================================
----------------- testing Sun Sep 13 15:39:10 UTC 2020 /home/travis/build/icyphy/ptII/ptolemy/domains/continuous/test/auto/Integration.xml
----------------- Instantiating /home/travis/build/icyphy/ptII/ptolemy/domains/continuous/test/auto/Integration.xml
2 ms. Memory: 328704K Free: 290183K (88%)
----------------- Invoking toplevel() on ptolemy.moml.MoMLSimpleApplication@3ba15d9e
----------------- Done invoking toplevel() on ptolemy.moml.MoMLSimpleApplication@3ba15d9e
reloadAllAccessors: .Integration

===========================================================================================
----------------- testing Sun Sep 13 15:39:10 UTC 2020 /home/travis/build/icyphy/ptII/ptolemy/domains/continuous/test/auto/Integration2.xml
----------------- Instantiating /home/travis/build/icyphy/ptII/ptolemy/domains/continuous/test/auto/Integration2.xml
73 ms. Memory: 328704K Free: 275847K (84%)
----------------- Invoking toplevel() on ptolemy.moml.MoMLSimpleApplication@b19a648
----------------- Done invoking toplevel() on ptolemy.moml.MoMLSimpleApplication@b19a648
reloadAllAccessors: .Integration2

===========================================================================================
----------------- testing Sun Sep 13 15:39:10 UTC 2020 /home/travis/build/icyphy/ptII/ptolemy/domains/continuous/test/auto/Integration3.xml
----------------- Instantiating /home/travis/build/icyphy/ptII/ptolemy/domains/continuous/test/auto/Integration3.xml
2 ms. Memory: 328704K Free: 271241K (83%)
----------------- Invoking toplevel() on ptolemy.moml.MoMLSimpleApplication@5d69ed63
----------------- Done invoking toplevel() on ptolemy.moml.MoMLSimpleApplication@5d69ed63
reloadAllAccessors: .Integration3

===========================================================================================
----------------- testing Sun Sep 13 15:39:10 UTC 2020 /home/travis/build/icyphy/ptII/ptolemy/domains/continuous/test/auto/Integration5.xml
----------------- Instantiating /home/travis/build/icyphy/ptII/ptolemy/domains/continuous/test/auto/Integration5.xml
2 ms. Memory: 328704K Free: 267145K (81%)
----------------- Invoking toplevel() on ptolemy.moml.MoMLSimpleApplication@41151625
----------------- Done invoking toplevel() on ptolemy.moml.MoMLSimpleApplication@41151625
reloadAllAccessors: .Integration5

===========================================================================================
----------------- testing Sun Sep 13 15:39:10 UTC 2020 /home/travis/build/icyphy/ptII/ptolemy/domains/continuous/test/auto/IntegratorImpulse.xml
----------------- Instantiating /home/travis/build/icyphy/ptII/ptolemy/domains/continuous/test/auto/IntegratorImpulse.xml
2 ms. Memory: 328704K Free: 263049K (80%)
----------------- Invoking toplevel() on ptolemy.moml.MoMLSimpleApplication@44b8222f
----------------- Done invoking toplevel() on ptolemy.moml.MoMLSimpleApplication@44b8222f
reloadAllAccessors: .IntegratorImpulse

===========================================================================================
----------------- testing Sun Sep 13 15:39:10 UTC 2020 /home/travis/build/icyphy/ptII/ptolemy/domains/continuous/test/auto/IntegratorImpulse2.xml
----------------- Instantiating /home/travis/build/icyphy/ptII/ptolemy/domains/continuous/test/auto/IntegratorImpulse2.xml
3 ms. Memory: 328704K Free: 258408K (79%)
----------------- Invoking toplevel() on ptolemy.moml.MoMLSimpleApplication@158edae0
----------------- Done invoking toplevel() on ptolemy.moml.MoMLSimpleApplication@158edae0
reloadAllAccessors: .IntegratorImpulse2

===========================================================================================
----------------- testing Sun Sep 13 15:39:10 UTC 2020 /home/travis/build/icyphy/ptII/ptolemy/domains/continuous/test/auto/LevelCrossing1.xml
----------------- Instantiating /home/travis/build/icyphy/ptII/ptolemy/domains/continuous/test/auto/LevelCrossing1.xml
2 ms. Memory: 328704K Free: 253319K (77%)
----------------- Invoking toplevel() on ptolemy.moml.MoMLSimpleApplication@7532dfc7
----------------- Done invoking toplevel() on ptolemy.moml.MoMLSimpleApplication@7532dfc7
reloadAllAccessors: .LevelCrossing1

===========================================================================================
----------------- testing Sun Sep 13 15:39:10 UTC 2020 /home/travis/build/icyphy/ptII/ptolemy/domains/continuous/test/auto/LevelCrossing2.xml
----------------- Instantiating /home/travis/build/icyphy/ptII/ptolemy/domains/continuous/test/auto/LevelCrossing2.xml
3 ms. Memory: 328704K Free: 248199K (76%)
----------------- Invoking toplevel() on ptolemy.moml.MoMLSimpleApplication@2b60951e
----------------- Done invoking toplevel() on ptolemy.moml.MoMLSimpleApplication@2b60951e
reloadAllAccessors: .LevelCrossing2

===========================================================================================
----------------- testing Sun Sep 13 15:39:10 UTC 2020 /home/travis/build/icyphy/ptII/ptolemy/domains/continuous/test/auto/LevelCrossing3.xml
----------------- Instantiating /home/travis/build/icyphy/ptII/ptolemy/domains/continuous/test/auto/LevelCrossing3.xml
6 ms. Memory: 328704K Free: 243073K (74%)
----------------- Invoking toplevel() on ptolemy.moml.MoMLSimpleApplication@3402d9c6
----------------- Done invoking toplevel() on ptolemy.moml.MoMLSimpleApplication@3402d9c6
reloadAllAccessors: .LevelCrossing3

===========================================================================================
----------------- testing Sun Sep 13 15:39:10 UTC 2020 /home/travis/build/icyphy/ptII/ptolemy/domains/continuous/test/auto/LevelCrossing4.xml
----------------- Instantiating /home/travis/build/icyphy/ptII/ptolemy/domains/continuous/test/auto/LevelCrossing4.xml
3 ms. Memory: 328704K Free: 237959K (72%)
----------------- Invoking toplevel() on ptolemy.moml.MoMLSimpleApplication@27fd72b9
----------------- Done invoking toplevel() on ptolemy.moml.MoMLSimpleApplication@27fd72b9
reloadAllAccessors: .LevelCrossing4

===========================================================================================
----------------- testing Sun Sep 13 15:39:10 UTC 2020 /home/travis/build/icyphy/ptII/ptolemy/domains/continuous/test/auto/LevelCrossing5.xml
----------------- Instantiating /home/travis/build/icyphy/ptII/ptolemy/domains/continuous/test/auto/LevelCrossing5.xml
3 ms. Memory: 328704K Free: 232839K (71%)
----------------- Invoking toplevel() on ptolemy.moml.MoMLSimpleApplication@61008e8c
----------------- Done invoking toplevel() on ptolemy.moml.MoMLSimpleApplication@61008e8c
reloadAllAccessors: .LevelCrossing5

===========================================================================================
[...]
----------------- Instantiating /home/travis/build/icyphy/ptII/ptolemy/domains/continuous/test/auto/SRinContinuous.xml
4 ms. Memory: 328704K Free: 211141K (64%)
----------------- Invoking toplevel() on ptolemy.moml.MoMLSimpleApplication@5f926408
----------------- Done invoking toplevel() on ptolemy.moml.MoMLSimpleApplication@5f926408
reloadAllAccessors: .SRinContinuous

===========================================================================================
----------------- testing Sun Sep 13 15:39:26 UTC 2020 /home/travis/build/icyphy/ptII/ptolemy/domains/continuous/test/auto/SampledClocks.xml
----------------- Instantiating /home/travis/build/icyphy/ptII/ptolemy/domains/continuous/test/auto/SampledClocks.xml
6 ms. Memory: 328704K Free: 198853K (60%)
----------------- Invoking toplevel() on ptolemy.moml.MoMLSimpleApplication@6fcb5c
----------------- Done invoking toplevel() on ptolemy.moml.MoMLSimpleApplication@6fcb5c
reloadAllAccessors: .SampledClocks

===========================================================================================
----------------- testing Sun Sep 13 15:39:26 UTC 2020 /home/travis/build/icyphy/ptII/ptolemy/domains/continuous/test/auto/Satellite.xml
----------------- Instantiating /home/travis/build/icyphy/ptII/ptolemy/domains/continuous/test/auto/Satellite.xml
687 ms. Memory: 328704K Free: 199388K (61%)
----------------- Invoking toplevel() on ptolemy.moml.MoMLSimpleApplication@12e3025e
----------------- Done invoking toplevel() on ptolemy.moml.MoMLSimpleApplication@12e3025e
reloadAllAccessors: .Satellite

===========================================================================================
----------------- testing Sun Sep 13 15:39:27 UTC 2020 /home/travis/build/icyphy/ptII/ptolemy/domains/continuous/test/auto/SigmaDelta.xml
----------------- Instantiating /home/travis/build/icyphy/ptII/ptolemy/domains/continuous/test/auto/SigmaDelta.xml
1952 ms. Memory: 328704K Free: 131510K (40%)
----------------- Invoking toplevel() on ptolemy.moml.MoMLSimpleApplication@67fa7c25
----------------- Done invoking toplevel() on ptolemy.moml.MoMLSimpleApplication@67fa7c25
reloadAllAccessors: .SigmaDelta

===========================================================================================
----------------- testing Sun Sep 13 15:39:29 UTC 2020 /home/travis/build/icyphy/ptII/ptolemy/domains/continuous/test/auto/SingleRefinement.xml
----------------- Instantiating /home/travis/build/icyphy/ptII/ptolemy/domains/continuous/test/auto/SingleRefinement.xml
303 ms. Memory: 328704K Free: 145313K (44%)
----------------- Invoking toplevel() on ptolemy.moml.MoMLSimpleApplication@608187cb
----------------- Done invoking toplevel() on ptolemy.moml.MoMLSimpleApplication@608187cb
reloadAllAccessors: .SingleRefinement

===========================================================================================
----------------- testing Sun Sep 13 15:39:29 UTC 2020 /home/travis/build/icyphy/ptII/ptolemy/domains/continuous/test/auto/SinuBouncingBall.xml
----------------- Instantiating /home/travis/build/icyphy/ptII/ptolemy/domains/continuous/test/auto/SinuBouncingBall.xml
741 ms. Memory: 328704K Free: 127079K (39%)
----------------- Invoking toplevel() on ptolemy.moml.MoMLSimpleApplication@1e0313
----------------- Done invoking toplevel() on ptolemy.moml.MoMLSimpleApplication@1e0313
reloadAllAccessors: .SinuBouncingBall

===========================================================================================
----------------- testing Sun Sep 13 15:39:30 UTC 2020 /home/travis/build/icyphy/ptII/ptolemy/domains/continuous/test/auto/Sinusoid.xml
----------------- Instantiating /home/travis/build/icyphy/ptII/ptolemy/domains/continuous/test/auto/Sinusoid.xml
4 ms. Memory: 328704K Free: 122455K (37%)
----------------- Invoking toplevel() on ptolemy.moml.MoMLSimpleApplication@49d5e0d5
----------------- Done invoking toplevel() on ptolemy.moml.MoMLSimpleApplication@49d5e0d5
reloadAllAccessors: .Sinusoid

===========================================================================================
----------------- testing Sun Sep 13 15:39:30 UTC 2020 /home/travis/build/icyphy/ptII/ptolemy/domains/continuous/test/auto/SinusoidInNoise.xml
----------------- Instantiating /home/travis/build/icyphy/ptII/ptolemy/domains/continuous/test/auto/SinusoidInNoise.xml
886 ms. Memory: 328704K Free: 180490K (55%)
----------------- Invoking toplevel() on ptolemy.moml.MoMLSimpleApplication@3552a7a6
----------------- Done invoking toplevel() on ptolemy.moml.MoMLSimpleApplication@3552a7a6
reloadAllAccessors: .SinusoidInNoise

===========================================================================================
----------------- testing Sun Sep 13 15:39:31 UTC 2020 /home/travis/build/icyphy/ptII/ptolemy/domains/continuous/test/auto/SinusoidRK45.xml
----------------- Instantiating /home/travis/build/icyphy/ptII/ptolemy/domains/continuous/test/auto/SinusoidRK45.xml
3 ms. Memory: 328704K Free: 176380K (54%)
----------------- Invoking toplevel() on ptolemy.moml.MoMLSimpleApplication@5d85b4b4
----------------- Done invoking toplevel() on ptolemy.moml.MoMLSimpleApplication@5d85b4b4
reloadAllAccessors: .SinusoidRK45

===========================================================================================
----------------- testing Sun Sep 13 15:39:31 UTC 2020 /home/travis/build/icyphy/ptII/ptolemy/domains/continuous/test/auto/SinusoidWithMultipleImpulses.xml
----------------- Instantiating /home/travis/build/icyphy/ptII/ptolemy/domains/continuous/test/auto/SinusoidWithMultipleImpulses.xml
3 ms. Memory: 328704K Free: 171788K (52%)
----------------- Invoking toplevel() on ptolemy.moml.MoMLSimpleApplication@82bb0a5
----------------- Done invoking toplevel() on ptolemy.moml.MoMLSimpleApplication@82bb0a5
reloadAllAccessors: .SinusoidWithMultipleImpulses

===========================================================================================
----------------- testing Sun Sep 13 15:39:31 UTC 2020 /home/travis/build/icyphy/ptII/ptolemy/domains/continuous/test/auto/SquareWave.xml
----------------- Instantiating /home/travis/build/icyphy/ptII/ptolemy/domains/continuous/test/auto/SquareWave.xml
152 ms. Memory: 328704K Free: 144140K (44%)
----------------- Invoking toplevel() on ptolemy.moml.MoMLSimpleApplication@32be45c9
----------------- Done invoking toplevel() on ptolemy.moml.MoMLSimpleApplication@32be45c9
reloadAllAccessors: .SquareWave

===========================================================================================
----------------- testing Sun Sep 13 15:39:31 UTC 2020 /home/travis/build/icyphy/ptII/ptolemy/domains/continuous/test/auto/Starmac.xml
----------------- Instantiating /home/travis/build/icyphy/ptII/ptolemy/domains/continuous/test/auto/Starmac.xml
3059 ms. Memory: 328704K Free: 215599K (66%)
----------------- Invoking toplevel() on ptolemy.moml.MoMLSimpleApplication@7a946e21
----------------- Done invoking toplevel() on ptolemy.moml.MoMLSimpleApplication@7a946e21
reloadAllAccessors: .Starmac

===========================================================================================
----------------- testing Sun Sep 13 15:39:35 UTC 2020 /home/travis/build/icyphy/ptII/ptolemy/domains/continuous/test/auto/StaticUnits.xml
----------------- Instantiating /home/travis/build/icyphy/ptII/ptolemy/domains/continuous/test/auto/StaticUnits.xml
1690 ms. Memory: 328704K Free: 133523K (41%)
----------------- Invoking toplevel() on ptolemy.moml.MoMLSimpleApplication@53332d7b
----------------- Done invoking toplevel() on ptolemy.moml.MoMLSimpleApplication@53332d7b
reloadAllAccessors: .StaticUnits

===========================================================================================
----------------- testing Sun Sep 13 15:39:37 UTC 2020 /home/travis/build/icyphy/ptII/ptolemy/domains/continuous/test/auto/StickyMasses.xml
----------------- Instantiating /home/travis/build/icyphy/ptII/ptolemy/domains/continuous/test/auto/StickyMasses.xml
136 ms. Memory: 328704K Free: 274757K (84%)
----------------- Invoking toplevel() on ptolemy.moml.MoMLSimpleApplication@7536bafb
----------------- Done invoking toplevel() on ptolemy.moml.MoMLSimpleApplication@7536bafb
reloadAllAccessors: .StickyMasses

===========================================================================================
----------------- testing Sun Sep 13 15:39:37 UTC 2020 /home/travis/build/icyphy/ptII/ptolemy/domains/continuous/test/auto/StopTime.xml
----------------- Instantiating /home/travis/build/icyphy/ptII/ptolemy/domains/continuous/test/auto/StopTime.xml
40 ms. Memory: 328704K Free: 250181K (76%)
----------------- Invoking toplevel() on ptolemy.moml.MoMLSimpleApplication@2868bb
----------------- Done invoking toplevel() on ptolemy.moml.MoMLSimpleApplication@2868bb
reloadAllAccessors: .StopTime

===========================================================================================
----------------- testing Sun Sep 13 15:39:37 UTC 2020 /home/travis/build/icyphy/ptII/ptolemy/domains/continuous/test/auto/StopTime2.xml
----------------- Instantiating /home/travis/build/icyphy/ptII/ptolemy/domains/continuous/test/auto/StopTime2.xml
35 ms. Memory: 328704K Free: 228167K (69%)
----------------- Invoking toplevel() on ptolemy.moml.MoMLSimpleApplication@3d7b4116
----------------- Done invoking toplevel() on ptolemy.moml.MoMLSimpleApplication@3d7b4116
reloadAllAccessors: .StopTime2

===========================================================================================
----------------- testing Sun Sep 13 15:39:37 UTC 2020 /home/travis/build/icyphy/ptII/ptolemy/domains/continuous/test/auto/Switch.xml
----------------- Instantiating /home/travis/build/icyphy/ptII/ptolemy/domains/continuous/test/auto/Switch.xml
43 ms. Memory: 328704K Free: 203063K (62%)
----------------- Invoking toplevel() on ptolemy.moml.MoMLSimpleApplication@2f074c37
----------------- Done invoking toplevel() on ptolemy.moml.MoMLSimpleApplication@2f074c37
reloadAllAccessors: .Switch

===========================================================================================
----------------- testing Sun Sep 13 15:39:37 UTC 2020 /home/travis/build/icyphy/ptII/ptolemy/domains/continuous/test/auto/Thermostat.xml
----------------- Instantiating /home/travis/build/icyphy/ptII/ptolemy/domains/continuous/test/auto/Thermostat.xml
174 ms. Memory: 328704K Free: 130887K (40%)
----------------- Invoking toplevel() on ptolemy.moml.MoMLSimpleApplication@4cb22a77
----------------- Done invoking toplevel() on ptolemy.moml.MoMLSimpleApplication@4cb22a77
reloadAllAccessors: .Thermostat

===========================================================================================
----------------- testing Sun Sep 13 15:39:38 UTC 2020 /home/travis/build/icyphy/ptII/ptolemy/domains/continuous/test/auto/TimeDelay.xml
----------------- Instantiating /home/travis/build/icyphy/ptII/ptolemy/domains/continuous/test/auto/TimeDelay.xml
4 ms. Memory: 328704K Free: 126271K (38%)
----------------- Invoking toplevel() on ptolemy.moml.MoMLSimpleApplication@6ba143e1
----------------- Done invoking toplevel() on ptolemy.moml.MoMLSimpleApplication@6ba143e1
reloadAllAccessors: .TimeDelay

===========================================================================================
----------------- testing Sun Sep 13 15:39:38 UTC 2020 /home/travis/build/icyphy/ptII/ptolemy/domains/continuous/test/auto/TimeDelay2.xml
----------------- Instantiating /home/travis/build/icyphy/ptII/ptolemy/domains/continuous/test/auto/TimeDelay2.xml
9 ms. Memory: 328704K Free: 116551K (35%)
----------------- Invoking toplevel() on ptolemy.moml.MoMLSimpleApplication@5121de7b
----------------- Done invoking toplevel() on ptolemy.moml.MoMLSimpleApplication@5121de7b
reloadAllAccessors: .TimeDelay2

===========================================================================================
----------------- testing Sun Sep 13 15:39:38 UTC 2020 /home/travis/build/icyphy/ptII/ptolemy/domains/continuous/test/auto/TimeDelay3.xml
----------------- Instantiating /home/travis/build/icyphy/ptII/ptolemy/domains/continuous/test/auto/TimeDelay3.xml
5 ms. Memory: 328704K Free: 302907K (92%)
----------------- Invoking toplevel() on ptolemy.moml.MoMLSimpleApplication@6200213d
----------------- Done invoking toplevel() on ptolemy.moml.MoMLSimpleApplication@6200213d
reloadAllAccessors: .TimeDelay3

===========================================================================================
----------------- testing Sun Sep 13 15:39:38 UTC 2020 /home/travis/build/icyphy/ptII/ptolemy/domains/continuous/test/auto/TransferAbsentToInside.xml
----------------- Instantiating /home/travis/build/icyphy/ptII/ptolemy/domains/continuous/test/auto/TransferAbsentToInside.xml
29 ms. Memory: 328704K Free: 249662K (76%)
----------------- Invoking toplevel() on ptolemy.moml.MoMLSimpleApplication@5044c4a0
----------------- Done invoking toplevel() on ptolemy.moml.MoMLSimpleApplication@5044c4a0
reloadAllAccessors: .TransferAbsentToInside

===========================================================================================
----------------- testing Sun Sep 13 15:39:38 UTC 2020 /home/travis/build/icyphy/ptII/ptolemy/domains/continuous/test/auto/Transmission.xml
----------------- Instantiating /home/travis/build/icyphy/ptII/ptolemy/domains/continuous/test/auto/Transmission.xml
761 ms. Memory: 328704K Free: 207673K (63%)
----------------- Invoking toplevel() on ptolemy.moml.MoMLSimpleApplication@557d1396
----------------- Done invoking toplevel() on ptolemy.moml.MoMLSimpleApplication@557d1396
reloadAllAccessors: .Transmission

===========================================================================================
----------------- testing Sun Sep 13 15:39:38 UTC 2020 /home/travis/build/icyphy/ptII/ptolemy/domains/continuous/test/auto/TriggeredContinuousClock.xml
----------------- Instantiating /home/travis/build/icyphy/ptII/ptolemy/domains/continuous/test/auto/TriggeredContinuousClock.xml
36 ms. Memory: 328704K Free: 177947K (54%)
----------------- Invoking toplevel() on ptolemy.moml.MoMLSimpleApplication@37e7a5a
----------------- Done invoking toplevel() on ptolemy.moml.MoMLSimpleApplication@37e7a5a
reloadAllAccessors: .TriggeredContinuousClock

===========================================================================================
----------------- testing Sun Sep 13 15:39:39 UTC 2020 /home/travis/build/icyphy/ptII/ptolemy/domains/continuous/test/auto/TwoMachineInfiniteBusControl.xml
----------------- Instantiating /home/travis/build/icyphy/ptII/ptolemy/domains/continuous/test/auto/TwoMachineInfiniteBusControl.xml
2133 ms. Memory: 328704K Free: 160538K (49%)
----------------- Invoking toplevel() on ptolemy.moml.MoMLSimpleApplication@2174aba0
----------------- Done invoking toplevel() on ptolemy.moml.MoMLSimpleApplication@2174aba0
reloadAllAccessors: .TwoMachineInfiniteBusControl

===========================================================================================
----------------- testing Sun Sep 13 15:39:41 UTC 2020 /home/travis/build/icyphy/ptII/ptolemy/domains/continuous/test/auto/V2V.xml
----------------- Instantiating /home/travis/build/icyphy/ptII/ptolemy/domains/continuous/test/auto/V2V.xml
722 ms. Memory: 328704K Free: 162672K (49%)
----------------- Invoking toplevel() on ptolemy.moml.MoMLSimpleApplication@72eaa7de
----------------- Done invoking toplevel() on ptolemy.moml.MoMLSimpleApplication@72eaa7de
reloadAllAccessors: .V2V

===========================================================================================
----------------- testing Sun Sep 13 15:39:42 UTC 2020 /home/travis/build/icyphy/ptII/ptolemy/domains/continuous/test/auto/hierarchicalModalModel.xml
----------------- Instantiating /home/travis/build/icyphy/ptII/ptolemy/domains/continuous/test/auto/hierarchicalModalModel.xml
8 ms. Memory: 328704K Free: 148199K (45%)
----------------- Invoking toplevel() on ptolemy.moml.MoMLSimpleApplication@9cd0ef5
----------------- Done invoking toplevel() on ptolemy.moml.MoMLSimpleApplication@9cd0ef5
reloadAllAccessors: .hierarchicalModalModel

===========================================================================================
----------------- testing Sun Sep 13 15:39:42 UTC 2020 /home/travis/build/icyphy/ptII/ptolemy/domains/continuous/test/auto/hierarchicalModalModel1.xml
----------------- Instantiating /home/travis/build/icyphy/ptII/ptolemy/domains/continuous/test/auto/hierarchicalModalModel1.xml
8 ms. Memory: 328704K Free: 133877K (41%)
----------------- Invoking toplevel() on ptolemy.moml.MoMLSimpleApplication@6356a98
----------------- Done invoking toplevel() on ptolemy.moml.MoMLSimpleApplication@6356a98
reloadAllAccessors: .hierarchicalModalModel1

===========================================================================================
----------------- testing Sun Sep 13 15:39:42 UTC 2020 /home/travis/build/icyphy/ptII/ptolemy/domains/continuous/test/auto/hierarchicalModalModel2.xml
----------------- Instantiating /home/travis/build/icyphy/ptII/ptolemy/domains/continuous/test/auto/hierarchicalModalModel2.xml
6 ms. Memory: 328704K Free: 121575K (37%)
----------------- Invoking toplevel() on ptolemy.moml.MoMLSimpleApplication@4779e67
----------------- Done invoking toplevel() on ptolemy.moml.MoMLSimpleApplication@4779e67
reloadAllAccessors: .hierarchicalModalModel2

===========================================================================================
----------------- testing Sun Sep 13 15:39:42 UTC 2020 /home/travis/build/icyphy/ptII/ptolemy/domains/continuous/test/auto/hierarchicalModalModel3.xml
----------------- Instantiating /home/travis/build/icyphy/ptII/ptolemy/domains/continuous/test/auto/hierarchicalModalModel3.xml
5 ms. Memory: 328704K Free: 301294K (92%)
----------------- Invoking toplevel() on ptolemy.moml.MoMLSimpleApplication@7628a384
----------------- Done invoking toplevel() on ptolemy.moml.MoMLSimpleApplication@7628a384
reloadAllAccessors: .hierarchicalModalModel3

===========================================================================================
----------------- testing Sun Sep 13 15:39:42 UTC 2020 /home/travis/build/icyphy/ptII/ptolemy/domains/continuous/test/auto/hierarchicalModalModel4.xml
----------------- Instantiating /home/travis/build/icyphy/ptII/ptolemy/domains/continuous/test/auto/hierarchicalModalModel4.xml
4 ms. Memory: 328704K Free: 289520K (88%)
----------------- Invoking toplevel() on ptolemy.moml.MoMLSimpleApplication@589f968c
----------------- Done invoking toplevel() on ptolemy.moml.MoMLSimpleApplication@589f968c
reloadAllAccessors: .hierarchicalModalModel4

===========================================================================================
----------------- testing Sun Sep 13 15:39:42 UTC 2020 /home/travis/build/icyphy/ptII/ptolemy/domains/continuous/test/auto/junk.xml
----------------- Instantiating /home/travis/build/icyphy/ptII/ptolemy/domains/continuous/test/auto/junk.xml
111 ms. Memory: 328704K Free: 261358K (80%)
----------------- Invoking toplevel() on ptolemy.moml.MoMLSimpleApplication@576e606f
----------------- Done invoking toplevel() on ptolemy.moml.MoMLSimpleApplication@576e606f
reloadAllAccessors: .junk
AutoTests.java: About to close Vertx.
AutoTests.java: Vertx closed.
]]></system-out>
  <system-err><![CDATA[Warning: '.HysteresisWithRandomDelay.NonStrictTest' The test produced only 221 tokens, yet the correctValues parameter was expecting 222 tokens.
Warning: '.HysteresisWithRandomDelay.NonStrictTest2' The test produced only 220 tokens, yet the correctValues parameter was expecting 221 tokens.
Warning: '.IncreasingRatePoisson.NonStrictTest' The test produced only 381 tokens, yet the correctValues parameter was expecting 402 tokens.
Warning: '.Poisson.NonStrictTest' The test produced only 388 tokens, yet the correctValues parameter was expecting 430 tokens.
]]></system-err>
</testsuite>
