/home/travis/build/icyphy/ptII/bin/ant: Running /home/travis/build/icyphy/ptII/ant/bin/ant build test.core5.xml
Buildfile: /home/travis/build/icyphy/ptII/build.xml

build-message:
     [echo] Use ant -p to see other targets. JAVA_HOME=/usr/lib/jvm/java-8-oracle
     [echo] tools.jar is necessary for compilation of doc/doclets/.
     [echo] If compilation fails, try setting JAVA_HOME to the location of the JDK.
     [echo] For example:
     [echo]   [bldmastr@sisyphus ptII]$ which java
     [echo]   /usr/bin/java
     [echo]   [bldmastr@sisyphus ptII]$ ls -l /usr/bin/java
     [echo]   lrwxrwxrwx 1 root root 26 Jul 31 10:12 /usr/bin/java -> /usr/java/default/bin/java
     [echo]   [bldmastr@sisyphus ptII]$ export JAVA_HOME=/usr/java/default
     [echo]     

-build-subprojects-empty:

build-subprojects:

-check-node:

-check-node-works:
     [exec] v7.10.1

-check-npm:

-check-npm-works:
     [exec] 4.2.0

-check-if-npmjs-org-is-up:
     [echo] Check to see if https://www.npmjs.org is up.

-jsdoc-no-network-message:

-check-jsdoc:

jsdoc-install:
    [mkdir] Created dir: /home/travis/build/icyphy/ptII/node_modules
     [exec] /home/travis/build/icyphy/ptII
     [exec] └─┬ @terraswarm/jsdoc@3.5.1-dev 
     [exec]   ├── bluebird@3.4.7 
     [exec]   ├─┬ catharsis@0.8.10 
     [exec]   │ └── lodash@4.17.11 
     [exec]   ├── escape-string-regexp@1.0.5 
     [exec]   ├─┬ espree@3.1.7 
     [exec]   │ ├── acorn@3.3.0 
     [exec]   │ └── acorn-jsx@3.0.1 
     [exec]   ├── js2xmlparser@1.0.0 
     [exec]   ├─┬ klaw@1.3.1 
     [exec]   │ └── graceful-fs@4.1.15 
     [exec]   ├── marked@0.3.19 
     [exec]   ├─┬ mkdirp@0.5.1 
     [exec]   │ └── minimist@0.0.8 
     [exec]   ├── requizzle@0.2.2 
     [exec]   ├── strip-json-comments@2.0.1 
     [exec]   ├── taffydb@2.6.2 
     [exec]   └── underscore@1.8.3 
     [exec] 
     [exec] npm WARN enoent ENOENT: no such file or directory, open '/home/travis/build/icyphy/ptII/package.json'
     [exec] npm WARN ptII No description
     [exec] npm WARN ptII No repository field.
     [exec] npm WARN ptII No README data
     [exec] npm WARN ptII No license field.

jsdoc-update:

-ptdoc-no-node:

-ptdoc-no-npm:

ptdoc:
     [echo] 
     [echo]       If the ptdoc target fails, then try running:
     [echo]           ant build-project build-bin
     [echo]     

-check-node:

-check-node-works:
     [exec] v7.10.1

-check-npm:

-check-npm-works:
     [exec] 4.2.0

-check-if-npmjs-org-is-up:
     [echo] Check to see if https://www.npmjs.org is up or $TRAVIS is set.

-jsdoc-no-network-message:

-check-jsdoc:
     [echo] To stop CapeCode from invoking jsdoc and svn, set the PT_NO_NET environment variable.  
     [echo]     Under BASH:
     [echo]         export PT_NO_NET=true
     [echo]     If ptdoc fails, and you are building from $PTII, try:
     [echo]         ant build-project build-bin
     [echo]     

jsdoc-install:
     [echo] npm.executable: npm
    [mkdir] Created dir: /home/travis/build/icyphy/ptII/org/terraswarm/accessor/accessors/node_modules
     [exec] /home/travis/build/icyphy/ptII/org/terraswarm/accessor/accessors
     [exec] └─┬ @terraswarm/jsdoc@3.5.1-dev 
     [exec]   ├── bluebird@3.4.7 
     [exec]   ├─┬ catharsis@0.8.10 
     [exec]   │ └── lodash@4.17.11 
     [exec]   ├── escape-string-regexp@1.0.5 
     [exec]   ├─┬ espree@3.1.7 
     [exec]   │ ├── acorn@3.3.0 
     [exec]   │ └── acorn-jsx@3.0.1 
     [exec]   ├── js2xmlparser@1.0.0 
     [exec]   ├─┬ klaw@1.3.1 
     [exec]   │ └── graceful-fs@4.1.15 
     [exec]   ├── marked@0.3.19 
     [exec]   ├─┬ mkdirp@0.5.1 
     [exec]   │ └── minimist@0.0.8 
     [exec]   ├── requizzle@0.2.2 
     [exec]   ├── strip-json-comments@2.0.1 
     [exec]   ├── taffydb@2.6.2 
     [exec]   └── underscore@1.8.3 
     [exec] 
     [exec] npm WARN enoent ENOENT: no such file or directory, open '/home/travis/build/icyphy/ptII/org/terraswarm/accessor/accessors/package.json'
     [exec] npm WARN accessors No description
     [exec] npm WARN accessors No repository field.
     [exec] npm WARN accessors No README data
     [exec] npm WARN accessors No license field.

jsdoc-update:

-ptdoc-no-node-message:

-ptdoc-no-npm-message:

-check-jsdoc-again:

-jsdoc-command-message:

ptdoc:
     [echo] Invoke /home/travis/build/icyphy/ptII/org/terraswarm/accessor/accessors/web/../node_modules/@terraswarm/jsdoc/jsdoc.js to read *.js files and generate *PtDoc.xml files suitable for Ptolemy.
     [echo]     See https://chess.eecs.berkeley.edu/ptexternal/wiki/Main/JSDocSystems
     [echo]     See jsdoc/jsdoc.json
     [echo]     See jsdoc/plugins/accessorJSDocTags.js
     [echo]     See jsdoc/templates/ptdoc/publish.js
     [echo] 
     [echo]     If the ptdoc target fails, the there is likely a problem with node or npm.  It is possible
     [echo]     to use CapeCode even if the ptdoc target fails.
     [echo]     
     [echo]     If you are building from $PTII, try:
     [echo]         ant build-project build-bin
     [echo] 
     [echo]     
     [exec] Generating output files...
     [exec] Finished running in 17.96 seconds.

build-project:
     [echo] ptII: /home/travis/build/icyphy/ptII/build.xml
    [javac] Compiling 4354 source files to /home/travis/build/icyphy/ptII
    [javac] /home/travis/build/icyphy/ptII/ptolemy/copernicus/applet/JarSigner.java:61: warning: ManifestDigester is internal proprietary API and may be removed in a future release
    [javac] import sun.security.util.ManifestDigester;
    [javac]                         ^
    [javac] /home/travis/build/icyphy/ptII/ptolemy/media/viewer/AudioViewer.java:51: warning: AudioPlayer is internal proprietary API and may be removed in a future release
    [javac] import sun.audio.AudioPlayer;
    [javac]                 ^
    [javac] /home/travis/build/icyphy/ptII/ptolemy/util/StringUtilities.java:48: warning: Unsafe is internal proprietary API and may be removed in a future release
    [javac] import sun.misc.Unsafe;
    [javac]                ^
    [javac] /home/travis/build/icyphy/ptII/ptolemy/copernicus/applet/JarSigner.java:320: warning: ManifestDigester is internal proprietary API and may be removed in a future release
    [javac]         ManifestDigester manifestDigester = new ManifestDigester(
    [javac]         ^
    [javac] /home/travis/build/icyphy/ptII/ptolemy/copernicus/applet/JarSigner.java:320: warning: ManifestDigester is internal proprietary API and may be removed in a future release
    [javac]         ManifestDigester manifestDigester = new ManifestDigester(
    [javac]                                                 ^
    [javac] /home/travis/build/icyphy/ptII/ptolemy/copernicus/applet/JarSigner.java:634: warning: ManifestDigester is internal proprietary API and may be removed in a future release
    [javac]                 ManifestDigester md, String baseName, boolean signManifest)
    [javac]                 ^
    [javac] /home/travis/build/icyphy/ptII/ptolemy/copernicus/applet/JarSigner.java:648: warning: ManifestDigester is internal proprietary API and may be removed in a future release
    [javac]                     ManifestDigester.class, String.class, Boolean.TYPE);
    [javac]                     ^
    [javac] /home/travis/build/icyphy/ptII/ptolemy/media/viewer/AudioViewer.java:242: warning: AudioPlayer is internal proprietary API and may be removed in a future release
    [javac]         AudioPlayer.player.start(_instream);
    [javac]         ^
    [javac] /home/travis/build/icyphy/ptII/ptolemy/util/StringUtilities.java:118: warning: Unsafe is internal proprietary API and may be removed in a future release
    [javac]             Field theUnsafe = Unsafe.class.getDeclaredField("theUnsafe");
    [javac]                               ^
    [javac] /home/travis/build/icyphy/ptII/ptolemy/util/StringUtilities.java:120: warning: Unsafe is internal proprietary API and may be removed in a future release
    [javac]             Unsafe unsafe = (Unsafe) theUnsafe.get(null);
    [javac]             ^
    [javac] /home/travis/build/icyphy/ptII/ptolemy/util/StringUtilities.java:120: warning: Unsafe is internal proprietary API and may be removed in a future release
    [javac]             Unsafe unsafe = (Unsafe) theUnsafe.get(null);
    [javac]                              ^
    [javac] Note: Some input files use or override a deprecated API.
    [javac] Note: Recompile with -Xlint:deprecation for details.
    [javac] Note: Some input files use unchecked or unsafe operations.
    [javac] Note: Recompile with -Xlint:unchecked for details.
    [javac] 11 warnings

-check-ptII-mk-file:

-check-bin-vergil:

-check-make-bin-vergil:

build-bin-not:

build-not-bin-vergil:
     [echo] 
     [echo] 	$PTII/bin/vergil does not exist, perhaps (cd $PTII/bin; make) has not been run?
     [echo] 	This can happen if the make binary cannot be found in the path or if $PTII/mk/ptII.mk
     [echo] 	is not present.
     [echo] 	Skipping running make in $PTII/bin, which creates scripts like $PTII/bin/vergil.
     [echo] 	This is only an issue if you want to invoke "$PTII/bin/vergil" instead of "ant vergil".
     [echo] 	However, $PTII/bin does include other scripts that may be of use.
     [echo]       

build-bin:
     [exec] for file in .momllib-util .nc2moml-util .ncapp2moml-util capecode convertToLazy copernicus decompile emachine giottoc histogram homer jode mescal moml obfuscate ptcg ptcodegen ptexecute ptjacl ptjaclapp ptplot ptstartjini ptolemy ptweb pxgraph soot tinicomm tinic tiniconverter startjini.gui vergil; do \
     [exec] 		echo "$file"; \
     [exec] 		rm -f "$file"; \
     [exec] 		ln -s ptinvoke "$file"; \
     [exec] 		chmod a+x "$file"; \
     [exec] 	done
     [exec] .momllib-util
     [exec] .nc2moml-util
     [exec] .ncapp2moml-util
     [exec] capecode
     [exec] convertToLazy
     [exec] copernicus
     [exec] decompile
     [exec] emachine
     [exec] giottoc
     [exec] histogram
     [exec] homer
     [exec] jode
     [exec] mescal
     [exec] moml
     [exec] obfuscate
     [exec] ptcg
     [exec] ptcodegen
     [exec] ptexecute
     [exec] ptjacl
     [exec] ptjaclapp
     [exec] ptplot
     [exec] ptstartjini
     [exec] ptolemy
     [exec] ptweb
     [exec] pxgraph
     [exec] soot
     [exec] tinicomm
     [exec] tinic
     [exec] tiniconverter
     [exec] startjini.gui
     [exec] vergil
     [exec] rm -f makebat
     [exec] ln -s ptinvoke makebat
     [exec] rm -f ".momllib-util.bat"
     [exec] ./makebat -q "`basename .momllib-util.bat .bat`"
     [exec] rm -f ".nc2moml-util.bat"
     [exec] ./makebat -q "`basename .nc2moml-util.bat .bat`"
     [exec] rm -f ".ncapp2moml-util.bat"
     [exec] ./makebat -q "`basename .ncapp2moml-util.bat .bat`"
     [exec] rm -f "capecode.bat"
     [exec] ./makebat -q "`basename capecode.bat .bat`"
     [exec] rm -f "convertToLazy.bat"
     [exec] ./makebat -q "`basename convertToLazy.bat .bat`"
     [exec] rm -f "copernicus.bat"
     [exec] ./makebat -q "`basename copernicus.bat .bat`"
     [exec] rm -f "decompile.bat"
     [exec] ./makebat -q "`basename decompile.bat .bat`"
     [exec] rm -f "emachine.bat"
     [exec] ./makebat -q "`basename emachine.bat .bat`"
     [exec] rm -f "giottoc.bat"
     [exec] ./makebat -q "`basename giottoc.bat .bat`"
     [exec] rm -f "histogram.bat"
     [exec] ./makebat -q "`basename histogram.bat .bat`"
     [exec] rm -f "homer.bat"
     [exec] ./makebat -q "`basename homer.bat .bat`"
     [exec] rm -f "jode.bat"
     [exec] ./makebat -q "`basename jode.bat .bat`"
     [exec] rm -f "mescal.bat"
     [exec] ./makebat -q "`basename mescal.bat .bat`"
     [exec] LD_LIBRARY_PATH = /home/travis/build/icyphy/ptII/mescal/lib:/home/travis/build/icyphy/ptII/mescal/bin:/usr/local/lib:/home/travis/build/icyphy/ptII/lib:/usr/lib/jni:/usr/local/share/OpenCV/java/:/usr/share/OpenCV/java:
     [exec] rm -f "moml.bat"
     [exec] ./makebat -q "`basename moml.bat .bat`"
     [exec] rm -f "obfuscate.bat"
     [exec] ./makebat -q "`basename obfuscate.bat .bat`"
     [exec] rm -f "ptcg.bat"
     [exec] ./makebat -q "`basename ptcg.bat .bat`"
     [exec] rm -f "ptcodegen.bat"
     [exec] ./makebat -q "`basename ptcodegen.bat .bat`"
     [exec] rm -f "ptexecute.bat"
     [exec] ./makebat -q "`basename ptexecute.bat .bat`"
     [exec] rm -f "ptjacl.bat"
     [exec] ./makebat -q "`basename ptjacl.bat .bat`"
     [exec] rm -f "ptjaclapp.bat"
     [exec] ./makebat -q "`basename ptjaclapp.bat .bat`"
     [exec] rm -f "ptplot.bat"
     [exec] ./makebat -q "`basename ptplot.bat .bat`"
     [exec] rm -f "ptstartjini.bat"
     [exec] ./makebat -q "`basename ptstartjini.bat .bat`"
     [exec] rm -f "ptolemy.bat"
     [exec] ./makebat -q "`basename ptolemy.bat .bat`"
     [exec] rm -f "ptweb.bat"
     [exec] ./makebat -q "`basename ptweb.bat .bat`"
     [exec] rm -f "pxgraph.bat"
     [exec] ./makebat -q "`basename pxgraph.bat .bat`"
     [exec] rm -f "soot.bat"
     [exec] ./makebat -q "`basename soot.bat .bat`"
     [exec] rm -f "tinicomm.bat"
     [exec] ./makebat -q "`basename tinicomm.bat .bat`"
     [exec] rm -f "tinic.bat"
     [exec] ./makebat -q "`basename tinic.bat .bat`"
     [exec] rm -f "tiniconverter.bat"
     [exec] ./makebat -q "`basename tiniconverter.bat .bat`"
     [exec] Cloning into 'universalJavaApplicationStub'...
     [exec] rm -f "startjini.gui.bat"
     [exec] ./makebat -q "`basename startjini.gui.bat .bat`"
     [exec] rm -f "vergil.bat"
     [exec] ./makebat -q "`basename vergil.bat .bat`"
     [exec] rm -f makeapp
     [exec] ln -s ptinvoke makeapp
     [exec] chmod a+x ptinvoke makeapp
     [exec] ./makeapp CapeCode.app CAPECODE -capecode
     [exec] ./makeapp: /home/travis/build/icyphy/ptII/vendors/universalJavaApplicationStub/src/universalJavaApplicationStub does not exist, creating it from GitHub.
     [exec] Updating universalJavaApplicationStub from /home/travis/build/icyphy/ptII/vendors/universalJavaApplicationStub/src/universalJavaApplicationStub
     [exec] ./makeapp: Could not find MacJVMTar in /home/travis/build/icyphy/ptII/vendors/installer/MacJVM.tar.gz, downloading it now: Wed May 15 05:12:03 UTC 2019
     [exec] Untaring /home/travis/build/icyphy/ptII/vendors/installer/MacJVM.tar.gz in /home/travis/build/icyphy/ptII/ now: Wed May 15 05:12:13 UTC 2019
     [exec] ./makeapp: Installation of /home/travis/build/icyphy/ptII/jdk succeeded.
     [exec] ./makeapp: copying /home/travis/build/icyphy/ptII/vendors/jogl to /home/travis/build/icyphy/ptII/bin
     [exec] touch CapeCode.app
     [exec] ./makeapp Vergil.app FULL -full
     [exec] Updating universalJavaApplicationStub from /home/travis/build/icyphy/ptII/vendors/universalJavaApplicationStub/src/universalJavaApplicationStub
     [exec] Untaring /home/travis/build/icyphy/ptII/vendors/installer/MacJVM.tar.gz in /home/travis/build/icyphy/ptII/ now: Wed May 15 05:12:16 UTC 2019
     [exec] ./makeapp: Installation of /home/travis/build/icyphy/ptII/jdk succeeded.
     [exec] touch Vergil.app
     [exec] chmod a+x ant cyphysim hyvisual startjini mkjnlp mkl4j mkosgi mkptdemo mkptlivelinkdemo mkpttest node npm ptjunit ptIITravisBuild.sh reloadAllAccessors updateFmu viptos 

build:

initReports:
    [mkdir] Created dir: /home/travis/build/icyphy/ptII/reports/doccheck
    [mkdir] Created dir: /home/travis/build/icyphy/ptII/reports/ojdcheck

test.core5.xml:
     [echo] 
     [echo]       ==test.core5.xml ==
     [echo]       This target runs the fifth batch of core tests
     [echo]       and generates JUnit xml output.
     [echo]       timeout = 4000000 milliseconds
     [echo]     
    [junit] javachdir: directory = ptolemy/configs/test
    [junit] javachdir: pwd: /home/travis/build/icyphy/ptII/ptolemy/configs/test  Invoking with -Djava.net.preferIPv4Stack=true
    [junit] Running ptolemy.configs.test.junit.JUnitTclTest
    [junit] /home/travis/build/icyphy/ptII/ptolemy/configs/test/allConfigs.tcl
    [junit] testDefs.tcl: setting time out to 9000 seconds at Wed May 15 05:12:20 UTC 2019
    [junit] 1557897140858 ms. Memory: 116224K Free: 95316K (82%)
    [junit]  Force everything to get expanded ptolemy/configs/bcvtb/configuration.xml
    [junit]     (Skipping certain optional packages, jxta and viptos)
    [junit] -------> Before clone
    [junit] -------> after clone
    [junit] 
    [junit] Warning: In 'ptolemy.actor.lib.io.FileReader'
    [junit]   The getName() method returns
    [junit]    'fileOrURL' but the  field is named
    [junit]    'fileOrURLPort'
    [junit]    This is technically a violation  of the coding standard,
    [junit]    but permissible because the name  ends in 'Port'
    [junit] -------> Before clone
    [junit] -------> after clone
    [junit] 1557897154185 ms. Memory: 989184K Free: 789008K (80%)
    [junit] Setting containers of atomic entities to null
    [junit] 1557897154557 ms. Memory: 1028608K Free: 954519K (93%)
    [junit]  Force everything to get expanded ptolemy/configs/ptiny/configuration.xml
    [junit]     (Skipping certain optional packages, jxta and viptos)
    [junit] -------> Before clone
    [junit] -------> after clone
    [junit] 
    [junit] Warning: In 'ptolemy.actor.lib.io.FileReader'
    [junit]   The getName() method returns
    [junit]    'fileOrURL' but the  field is named
    [junit]    'fileOrURLPort'
    [junit]    This is technically a violation  of the coding standard,
    [junit]    but permissible because the name  ends in 'Port'
    [junit] -------> Before clone
    [junit] -------> after clone
    [junit] 1557897167388 ms. Memory: 1350656K Free: 945112K (70%)
    [junit] Setting containers of atomic entities to null
    [junit] 1557897168138 ms. Memory: 1620480K Free: 1488614K (92%)
    [junit]  Force everything to get expanded ptolemy/configs/space/configuration.xml
    [junit]     (Skipping certain optional packages, jxta and viptos)
    [junit] -------> Before clone
    [junit] -------> after clone
    [junit] Warning: space/configuration.xml has no 'actor library.Directors'? (this is ok for dsp, viptos)
    [junit] -------> Before clone
    [junit] -------> after clone
    [junit] 1557897168385 ms. Memory: 1620480K Free: 1430436K (88%)
    [junit] Setting containers of atomic entities to null
    [junit] 1557897168723 ms. Memory: 1628160K Free: 1497233K (92%)
    [junit]  Force everything to get expanded ptolemy/configs/dsp/configuration.xml
    [junit]     (Skipping certain optional packages, jxta and viptos)
    [junit] -------> Before clone
    [junit] -------> after clone
    [junit] 
    [junit] Warning: In 'ptolemy.actor.lib.io.FileReader'
    [junit]   The getName() method returns
    [junit]    'fileOrURL' but the  field is named
    [junit]    'fileOrURLPort'
    [junit]    This is technically a violation  of the coding standard,
    [junit]    but permissible because the name  ends in 'Port'
    [junit] Warning: dsp/configuration.xml has no 'actor library.Directors'? (this is ok for dsp, viptos)
    [junit] -------> Before clone
    [junit] -------> after clone
    [junit] 1557897172220 ms. Memory: 1639424K Free: 946666K (58%)
    [junit] Setting containers of atomic entities to null
    [junit] 1557897172826 ms. Memory: 1635840K Free: 1484102K (91%)
    [junit] Skipping viptos/configuration.xml, PtinyOS is not typically installed.
    [junit]  Force everything to get expanded ptolemy/configs/pn/configuration.xml
    [junit]     (Skipping certain optional packages, jxta and viptos)
    [junit] -------> Before clone
    [junit] -------> after clone
    [junit] 
    [junit] Warning: In 'ptolemy.actor.lib.io.FileReader'
    [junit]   The getName() method returns
    [junit]    'fileOrURL' but the  field is named
    [junit]    'fileOrURLPort'
    [junit]    This is technically a violation  of the coding standard,
    [junit]    but permissible because the name  ends in 'Port'
    [junit] Warning: pn/configuration.xml has no 'actor library.Directors'? (this is ok for dsp, viptos)
    [junit] -------> Before clone
    [junit] -------> after clone
    [junit] 1557897178621 ms. Memory: 1801728K Free: 594312K (33%)
    [junit] Setting containers of atomic entities to null
    [junit] 1557897179295 ms. Memory: 1807872K Free: 1627840K (90%)
    [junit]  Force everything to get expanded ptolemy/configs/cyphysim/configuration.xml
    [junit]     (Skipping certain optional packages, jxta and viptos)
    [junit] -------> Before clone
    [junit] -------> after clone
    [junit] 
    [junit] Warning: In 'ptolemy.actor.lib.io.FileReader'
    [junit]   The getName() method returns
    [junit]    'fileOrURL' but the  field is named
    [junit]    'fileOrURLPort'
    [junit]    This is technically a violation  of the coding standard,
    [junit]    but permissible because the name  ends in 'Port'
    [junit] Skipping StateSpaceModel as this test iterates through the attributes and calls attributeChanged, which triggers a ConcurrentModificationException.  See org/ptolemy/ssm/test/SSMTest.java
    [junit] Skipping StateSpaceModel as this test iterates through the attributes and calls attributeChanged, which triggers a ConcurrentModificationException.  See org/ptolemy/ssm/test/SSMTest.java
    [junit] Skipping StateSpaceModel as this test iterates through the attributes and calls attributeChanged, which triggers a ConcurrentModificationException.  See org/ptolemy/ssm/test/SSMTest.java
    [junit] Warning: cyphysim/configuration.xml has no 'actor library.Directors'? (this is ok for dsp, viptos)
    [junit] -------> Before clone
    [junit] -------> after clone
    [junit] 1557897190710 ms. Memory: 1827328K Free: 924552K (51%)
    [junit] Setting containers of atomic entities to null
    [junit] 1557897191985 ms. Memory: 1835008K Free: 1581406K (86%)
    [junit]  Force everything to get expanded ptolemy/configs/capecode/configuration.xml
    [junit]     (Skipping certain optional packages, jxta and viptos)
    [junit] JSAccessor: PT_NO_NET environment variable is set, so git pull and ptdoc are not being run.
    [junit] Retrieving library from file:/home/travis/build/icyphy/ptII/org/terraswarm/accessor/accessors/web/index.json
    [junit] Retrieving library from file:/home/travis/build/icyphy/ptII/org/terraswarm/accessor/accessors/web/adapters/index.json
    [junit] Retrieving library from file:/home/travis/build/icyphy/ptII/org/terraswarm/accessor/accessors/web/audio/index.json
    [junit] Xlib:  extension "RANDR" missing on display ":99.0".
    [junit] Retrieving library from file:/home/travis/build/icyphy/ptII/org/terraswarm/accessor/accessors/web/cameras/index.json
    [junit] [main] INFO com.github.sarxos.webcam.Webcam - WebcamDefaultDriver capture driver will be used
    [junit] No physical cameras found, using WebcamDummyDriver.
    [junit] Retrieving library from file:/home/travis/build/icyphy/ptII/org/terraswarm/accessor/accessors/web/dashboard/index.json
    [junit] Retrieving library from file:/home/travis/build/icyphy/ptII/org/terraswarm/accessor/accessors/web/devices/index.json
    [junit] Retrieving library from file:/home/travis/build/icyphy/ptII/org/terraswarm/accessor/accessors/web/image/index.json
    [junit] CharacterRecognition: The tesseract module was not present.  The CharacterRecognition accessor is not supported on this accessor host. (Thread[main,5,main])
    [junit] CharacterRecognition: The tesseract module was not present.  The CharacterRecognition accessor is not supported on this accessor host. (Thread[main,5,main])
    [junit] libdc1394 error: Failed to initialize libdc1394
    [junit] Retrieving library from file:/home/travis/build/icyphy/ptII/org/terraswarm/accessor/accessors/web/net/index.json
    [junit] Retrieving library from file:/home/travis/build/icyphy/ptII/org/terraswarm/accessor/accessors/web/robotics/index.json
    [junit] Retrieving library from file:/home/travis/build/icyphy/ptII/org/terraswarm/accessor/accessors/web/geodesy/index.json
    [junit] Retrieving library from file:/home/travis/build/icyphy/ptII/org/terraswarm/accessor/accessors/web/services/index.json
    [junit] Retrieving library from file:/home/travis/build/icyphy/ptII/org/terraswarm/accessor/accessors/web/signals/index.json
    [junit] Retrieving library from file:/home/travis/build/icyphy/ptII/org/terraswarm/accessor/accessors/web/test/index.json
    [junit] Retrieving library from file:/home/travis/build/icyphy/ptII/org/terraswarm/accessor/accessors/web/utilities/index.json
    [junit] The Mutable accessor original file has no documentation, so we are not running jsdoc on https://accessors.org/utilities/Mutable.js
    [junit] -------> Before clone
    [junit] -------> after clone
    [junit] 
    [junit] Warning: In 'ptolemy.actor.lib.io.FileReader'
    [junit]   The getName() method returns
    [junit]    'fileOrURL' but the  field is named
    [junit]    'fileOrURLPort'
    [junit]    This is technically a violation  of the coding standard,
    [junit]    but permissible because the name  ends in 'Port'
    [junit] Skipping StateSpaceModel as this test iterates through the attributes and calls attributeChanged, which triggers a ConcurrentModificationException.  See org/ptolemy/ssm/test/SSMTest.java
    [junit] Skipping StateSpaceModel as this test iterates through the attributes and calls attributeChanged, which triggers a ConcurrentModificationException.  See org/ptolemy/ssm/test/SSMTest.java
    [junit] Skipping StateSpaceModel as this test iterates through the attributes and calls attributeChanged, which triggers a ConcurrentModificationException.  See org/ptolemy/ssm/test/SSMTest.java
    [junit] Warning: capecode/configuration.xml has no 'actor library.Directors'? (this is ok for dsp, viptos)
    [junit] -------> Before clone
    [junit] -------> after clone
    [junit] 1557897310224 ms. Memory: 1821184K Free: 384377K (21%)
    [junit] Setting containers of atomic entities to null
    [junit] 1557897313413 ms. Memory: 2149888K Free: 1419236K (66%)
    [junit]  Force everything to get expanded ptolemy/configs/full/configuration.xml
    [junit]     (Skipping certain optional packages, jxta and viptos)
    [junit] Retrieving library from file:/home/travis/build/icyphy/ptII/org/terraswarm/accessor/accessors/web/index.json
    [junit] Retrieving library from file:/home/travis/build/icyphy/ptII/org/terraswarm/accessor/accessors/web/adapters/index.json
    [junit] Retrieving library from file:/home/travis/build/icyphy/ptII/org/terraswarm/accessor/accessors/web/audio/index.json
    [junit] Retrieving library from file:/home/travis/build/icyphy/ptII/org/terraswarm/accessor/accessors/web/cameras/index.json
    [junit] Retrieving library from file:/home/travis/build/icyphy/ptII/org/terraswarm/accessor/accessors/web/dashboard/index.json
    [junit] Retrieving library from file:/home/travis/build/icyphy/ptII/org/terraswarm/accessor/accessors/web/devices/index.json
    [junit] Retrieving library from file:/home/travis/build/icyphy/ptII/org/terraswarm/accessor/accessors/web/image/index.json
    [junit] CharacterRecognition: The tesseract module was not present.  The CharacterRecognition accessor is not supported on this accessor host. (Thread[main,5,main])
    [junit] CharacterRecognition: The tesseract module was not present.  The CharacterRecognition accessor is not supported on this accessor host. (Thread[main,5,main])
    [junit] Retrieving library from file:/home/travis/build/icyphy/ptII/org/terraswarm/accessor/accessors/web/net/index.json
    [junit] Retrieving library from file:/home/travis/build/icyphy/ptII/org/terraswarm/accessor/accessors/web/robotics/index.json
    [junit] Retrieving library from file:/home/travis/build/icyphy/ptII/org/terraswarm/accessor/accessors/web/geodesy/index.json
    [junit] Retrieving library from file:/home/travis/build/icyphy/ptII/org/terraswarm/accessor/accessors/web/services/index.json
    [junit] Retrieving library from file:/home/travis/build/icyphy/ptII/org/terraswarm/accessor/accessors/web/signals/index.json
    [junit] Retrieving library from file:/home/travis/build/icyphy/ptII/org/terraswarm/accessor/accessors/web/test/index.json
    [junit] Retrieving library from file:/home/travis/build/icyphy/ptII/org/terraswarm/accessor/accessors/web/utilities/index.json
    [junit] The Mutable accessor original file has no documentation, so we are not running jsdoc on https://accessors.org/utilities/Mutable.js
    [junit] -------> Before clone
    [junit] -------> after clone
    [junit] 
    [junit] Warning: In 'ptolemy.actor.lib.io.FileReader'
    [junit]   The getName() method returns
    [junit]    'fileOrURL' but the  field is named
    [junit]    'fileOrURLPort'
    [junit]    This is technically a violation  of the coding standard,
    [junit]    but permissible because the name  ends in 'Port'
    [junit] Skipping StateSpaceModel as this test iterates through the attributes and calls attributeChanged, which triggers a ConcurrentModificationException.  See org/ptolemy/ssm/test/SSMTest.java
    [junit] Skipping StateSpaceModel as this test iterates through the attributes and calls attributeChanged, which triggers a ConcurrentModificationException.  See org/ptolemy/ssm/test/SSMTest.java
    [junit] Skipping StateSpaceModel as this test iterates through the attributes and calls attributeChanged, which triggers a ConcurrentModificationException.  See org/ptolemy/ssm/test/SSMTest.java
    [junit] Skipping drop test of tm.kernel.SchedulePlotter because it must be dropped into a container that has a TMDirector
    [junit] -------> Before clone
    [junit] -------> after clone
    [junit] 1557897430190 ms. Memory: 2930688K Free: 859388K (29%)
    [junit] Setting containers of atomic entities to null
    [junit] 1557897435097 ms. Memory: 2939904K Free: 1691008K (58%)
    [junit]  Force everything to get expanded ptolemy/configs/ptinyViewer/configuration.xml
    [junit]     (Skipping certain optional packages, jxta and viptos)
    [junit] -------> Before clone
    [junit] -------> after clone
    [junit] Warning: ptinyViewer/configuration.xml has no 'actor library'?  (this is ok for ptinyViewer)
    [junit] -------> Before clone
    [junit] -------> after clone
    [junit] 1557897435141 ms. Memory: 2939904K Free: 1691008K (58%)
    [junit] Setting containers of atomic entities to null
    [junit] 1557897437487 ms. Memory: 2930688K Free: 1697458K (58%)
    [junit]  Force everything to get expanded ptolemy/configs/ptserver/configuration.xml
    [junit]     (Skipping certain optional packages, jxta and viptos)
    [junit] -------> Before clone
    [junit] -------> after clone
    [junit] 
    [junit] Warning: In 'ptolemy.actor.lib.io.FileReader'
    [junit]   The getName() method returns
    [junit]    'fileOrURL' but the  field is named
    [junit]    'fileOrURLPort'
    [junit]    This is technically a violation  of the coding standard,
    [junit]    but permissible because the name  ends in 'Port'
    [junit] -------> Before clone
    [junit] -------> after clone
    [junit] 1557897443394 ms. Memory: 2938368K Free: 1261737K (43%)
    [junit] Setting containers of atomic entities to null
    [junit] 1557897446624 ms. Memory: 2919424K Free: 1646502K (56%)
    [junit]  Force everything to get expanded ptolemy/configs/visualsense/configuration.xml
    [junit]     (Skipping certain optional packages, jxta and viptos)
    [junit] -------> Before clone
    [junit] -------> after clone
    [junit] 
    [junit] Warning: In 'ptolemy.actor.lib.io.FileReader'
    [junit]   The getName() method returns
    [junit]    'fileOrURL' but the  field is named
    [junit]    'fileOrURLPort'
    [junit]    This is technically a violation  of the coding standard,
    [junit]    but permissible because the name  ends in 'Port'
    [junit] -------> Before clone
    [junit] -------> after clone
    [junit] 1557897452285 ms. Memory: 2919424K Free: 1584058K (54%)
    [junit] Setting containers of atomic entities to null
    [junit] 1557897455415 ms. Memory: 2596864K Free: 1273994K (49%)
    [junit] Skipping jxta/configuration.xml, running vergil -jxta brings up a window
    [junit]  Force everything to get expanded ptolemy/configs/fullViewer/configuration.xml
    [junit]     (Skipping certain optional packages, jxta and viptos)
    [junit] -------> Before clone
    [junit] -------> after clone
    [junit] Warning: fullViewer/configuration.xml has no 'actor library'?  (this is ok for ptinyViewer)
    [junit] -------> Before clone
    [junit] -------> after clone
    [junit] 1557897455481 ms. Memory: 2596864K Free: 1239750K (48%)
    [junit] Setting containers of atomic entities to null
    [junit] 1557897458466 ms. Memory: 2897408K Free: 1573886K (54%)
    [junit]  Force everything to get expanded ptolemy/configs/hyvisual/configuration.xml
    [junit]     (Skipping certain optional packages, jxta and viptos)
    [junit] -------> Before clone
    [junit] -------> after clone
    [junit] -------> Before clone
    [junit] -------> after clone
    [junit] 1557897461239 ms. Memory: 2910720K Free: 834528K (29%)
    [junit] Setting containers of atomic entities to null
    [junit] 1557897464447 ms. Memory: 2908160K Free: 1558576K (54%)
    [junit]  Force everything to get expanded ptolemy/configs/ptinyKepler/configuration.xml
    [junit]     (Skipping certain optional packages, jxta and viptos)
    [junit] -------> Before clone
    [junit] -------> after clone
    [junit] 
    [junit] Warning: In 'ptolemy.actor.lib.io.FileReader'
    [junit]   The getName() method returns
    [junit]    'fileOrURL' but the  field is named
    [junit]    'fileOrURLPort'
    [junit]    This is technically a violation  of the coding standard,
    [junit]    but permissible because the name  ends in 'Port'
    [junit] -------> Before clone
    [junit] -------> after clone
    [junit] 1557897470095 ms. Memory: 2937344K Free: 754340K (26%)
    [junit] Setting containers of atomic entities to null
    [junit] 1557897473542 ms. Memory: 2933760K Free: 1547924K (53%)
    [junit] allConfigs.tcl done!
    [junit] /home/travis/build/icyphy/ptII/ptolemy/configs/test/allDemos.tcl
    [junit] Skipping allDemos-1.0, use cd /home/travis/build/icyphy/ptII/ptolemy/configs/test/../../..; ant test.single -Dtest.name=ptolemy.vergil.basic.export.test.junit.ExportModelJUnitTest
    [junit] /home/travis/build/icyphy/ptII/ptolemy/configs/test/checkFullConstraints.tcl
    [junit] FIXME FIXME FIXME FIXME FIXME FIXME
    [junit] ptolemy/configs/test/checkFullConstraints.tcl: FIXME: Invoking Configuration.check() 
    [junit] results in a memory leak that consumes
    [junit] more than 4gig of memory and causes problems under Travis.
    [junit] so, we check the constraints only of the full configuration.
    [junit] FIXME FIXME FIXME FIXME FIXME FIXME
    [junit]  Force everything to get expanded ptolemy/configs/configurationFile
    [junit]     (Skipping certain optional packages, jxta and viptos)
    [junit] Retrieving library from file:/home/travis/build/icyphy/ptII/org/terraswarm/accessor/accessors/web/index.json
    [junit] Retrieving library from file:/home/travis/build/icyphy/ptII/org/terraswarm/accessor/accessors/web/adapters/index.json
    [junit] Retrieving library from file:/home/travis/build/icyphy/ptII/org/terraswarm/accessor/accessors/web/audio/index.json
    [junit] Retrieving library from file:/home/travis/build/icyphy/ptII/org/terraswarm/accessor/accessors/web/cameras/index.json
    [junit] Retrieving library from file:/home/travis/build/icyphy/ptII/org/terraswarm/accessor/accessors/web/dashboard/index.json
    [junit] Retrieving library from file:/home/travis/build/icyphy/ptII/org/terraswarm/accessor/accessors/web/devices/index.json
    [junit] Retrieving library from file:/home/travis/build/icyphy/ptII/org/terraswarm/accessor/accessors/web/image/index.json
    [junit] CharacterRecognition: The tesseract module was not present.  The CharacterRecognition accessor is not supported on this accessor host. (Thread[main,5,main])
    [junit] CharacterRecognition: The tesseract module was not present.  The CharacterRecognition accessor is not supported on this accessor host. (Thread[main,5,main])
    [junit] Retrieving library from file:/home/travis/build/icyphy/ptII/org/terraswarm/accessor/accessors/web/net/index.json
    [junit] Retrieving library from file:/home/travis/build/icyphy/ptII/org/terraswarm/accessor/accessors/web/robotics/index.json
    [junit] Retrieving library from file:/home/travis/build/icyphy/ptII/org/terraswarm/accessor/accessors/web/geodesy/index.json
    [junit] Retrieving library from file:/home/travis/build/icyphy/ptII/org/terraswarm/accessor/accessors/web/services/index.json
    [junit] Retrieving library from file:/home/travis/build/icyphy/ptII/org/terraswarm/accessor/accessors/web/signals/index.json
    [junit] Retrieving library from file:/home/travis/build/icyphy/ptII/org/terraswarm/accessor/accessors/web/test/index.json
    [junit] Retrieving library from file:/home/travis/build/icyphy/ptII/org/terraswarm/accessor/accessors/web/utilities/index.json
    [junit] The Mutable accessor original file has no documentation, so we are not running jsdoc on https://accessors.org/utilities/Mutable.js
    [junit] Retrieving library from file:/home/travis/build/icyphy/ptII/org/terraswarm/accessor/accessors/web/index.json
    [junit] Retrieving library from file:/home/travis/build/icyphy/ptII/org/terraswarm/accessor/accessors/web/adapters/index.json
    [junit] Retrieving library from file:/home/travis/build/icyphy/ptII/org/terraswarm/accessor/accessors/web/audio/index.json
    [junit] Retrieving library from file:/home/travis/build/icyphy/ptII/org/terraswarm/accessor/accessors/web/cameras/index.json
    [junit] Retrieving library from file:/home/travis/build/icyphy/ptII/org/terraswarm/accessor/accessors/web/dashboard/index.json
    [junit] Retrieving library from file:/home/travis/build/icyphy/ptII/org/terraswarm/accessor/accessors/web/devices/index.json
    [junit] Retrieving library from file:/home/travis/build/icyphy/ptII/org/terraswarm/accessor/accessors/web/image/index.json
    [junit] CharacterRecognition: The tesseract module was not present.  The CharacterRecognition accessor is not supported on this accessor host. (Thread[main,5,main])
    [junit] CharacterRecognition: The tesseract module was not present.  The CharacterRecognition accessor is not supported on this accessor host. (Thread[main,5,main])
    [junit] Retrieving library from file:/home/travis/build/icyphy/ptII/org/terraswarm/accessor/accessors/web/net/index.json
    [junit] Retrieving library from file:/home/travis/build/icyphy/ptII/org/terraswarm/accessor/accessors/web/robotics/index.json
    [junit] Retrieving library from file:/home/travis/build/icyphy/ptII/org/terraswarm/accessor/accessors/web/geodesy/index.json
    [junit] Retrieving library from file:/home/travis/build/icyphy/ptII/org/terraswarm/accessor/accessors/web/services/index.json
    [junit] Retrieving library from file:/home/travis/build/icyphy/ptII/org/terraswarm/accessor/accessors/web/signals/index.json
    [junit] Retrieving library from file:/home/travis/build/icyphy/ptII/org/terraswarm/accessor/accessors/web/test/index.json
    [junit] Retrieving library from file:/home/travis/build/icyphy/ptII/org/terraswarm/accessor/accessors/web/utilities/index.json
    [junit] The Mutable accessor original file has no documentation, so we are not running jsdoc on https://accessors.org/utilities/Mutable.js
    [junit] Retrieving library from file:/home/travis/build/icyphy/ptII/org/terraswarm/accessor/accessors/web/index.json
    [junit] Retrieving library from file:/home/travis/build/icyphy/ptII/org/terraswarm/accessor/accessors/web/adapters/index.json
    [junit] Retrieving library from file:/home/travis/build/icyphy/ptII/org/terraswarm/accessor/accessors/web/audio/index.json
    [junit] Retrieving library from file:/home/travis/build/icyphy/ptII/org/terraswarm/accessor/accessors/web/cameras/index.json
    [junit] Retrieving library from file:/home/travis/build/icyphy/ptII/org/terraswarm/accessor/accessors/web/dashboard/index.json
    [junit] Retrieving library from file:/home/travis/build/icyphy/ptII/org/terraswarm/accessor/accessors/web/devices/index.json
    [junit] Retrieving library from file:/home/travis/build/icyphy/ptII/org/terraswarm/accessor/accessors/web/image/index.json
    [junit] CharacterRecognition: The tesseract module was not present.  The CharacterRecognition accessor is not supported on this accessor host. (Thread[main,5,main])
    [junit] CharacterRecognition: The tesseract module was not present.  The CharacterRecognition accessor is not supported on this accessor host. (Thread[main,5,main])
    [junit] Retrieving library from file:/home/travis/build/icyphy/ptII/org/terraswarm/accessor/accessors/web/net/index.json
    [junit] Retrieving library from file:/home/travis/build/icyphy/ptII/org/terraswarm/accessor/accessors/web/robotics/index.json
    [junit] Retrieving library from file:/home/travis/build/icyphy/ptII/org/terraswarm/accessor/accessors/web/geodesy/index.json
    [junit] Retrieving library from file:/home/travis/build/icyphy/ptII/org/terraswarm/accessor/accessors/web/services/index.json
    [junit] Retrieving library from file:/home/travis/build/icyphy/ptII/org/terraswarm/accessor/accessors/web/signals/index.json
    [junit] Retrieving library from file:/home/travis/build/icyphy/ptII/org/terraswarm/accessor/accessors/web/test/index.json
    [junit] Retrieving library from file:/home/travis/build/icyphy/ptII/org/terraswarm/accessor/accessors/web/utilities/index.json
    [junit] The Mutable accessor original file has no documentation, so we are not running jsdoc on https://accessors.org/utilities/Mutable.js
    [junit] ####################################################################################################################################################################################################################################################################################################################################################Retrieving library from file:/home/travis/build/icyphy/ptII/org/terraswarm/accessor/accessors/web/index.json
    [junit] Retrieving library from file:/home/travis/build/icyphy/ptII/org/terraswarm/accessor/accessors/web/adapters/index.json
    [junit] ####Retrieving library from file:/home/travis/build/icyphy/ptII/org/terraswarm/accessor/accessors/web/audio/index.json
    [junit] ###Retrieving library from file:/home/travis/build/icyphy/ptII/org/terraswarm/accessor/accessors/web/cameras/index.json
    [junit] ##Retrieving library from file:/home/travis/build/icyphy/ptII/org/terraswarm/accessor/accessors/web/dashboard/index.json
    [junit] ########Retrieving library from file:/home/travis/build/icyphy/ptII/org/terraswarm/accessor/accessors/web/devices/index.json
    [junit] #######Retrieving library from file:/home/travis/build/icyphy/ptII/org/terraswarm/accessor/accessors/web/image/index.json
    [junit] CharacterRecognition: The tesseract module was not present.  The CharacterRecognition accessor is not supported on this accessor host. (Thread[main,5,main])
    [junit] CharacterRecognition: The tesseract module was not present.  The CharacterRecognition accessor is not supported on this accessor host. (Thread[main,5,main])
    [junit] ########Retrieving library from file:/home/travis/build/icyphy/ptII/org/terraswarm/accessor/accessors/web/net/index.json
    [junit] #####################Retrieving library from file:/home/travis/build/icyphy/ptII/org/terraswarm/accessor/accessors/web/robotics/index.json
    [junit] #######Retrieving library from file:/home/travis/build/icyphy/ptII/org/terraswarm/accessor/accessors/web/geodesy/index.json
    [junit] ###Retrieving library from file:/home/travis/build/icyphy/ptII/org/terraswarm/accessor/accessors/web/services/index.json
    [junit] ################Retrieving library from file:/home/travis/build/icyphy/ptII/org/terraswarm/accessor/accessors/web/signals/index.json
    [junit] #Retrieving library from file:/home/travis/build/icyphy/ptII/org/terraswarm/accessor/accessors/web/test/index.json
    [junit] ################Retrieving library from file:/home/travis/build/icyphy/ptII/org/terraswarm/accessor/accessors/web/utilities/index.json
    [junit] The Mutable accessor original file has no documentation, so we are not running jsdoc on https://accessors.org/utilities/Mutable.js
    [junit] #####################################################################################################################################################################################################################################################################################---- Second call to Configuration.check
    [junit] #############################################################################################################################################################################################################################################################################################################################################################################CharacterRecognition: The tesseract module was not present.  The CharacterRecognition accessor is not supported on this accessor host. (Thread[main,5,main])
    [junit] ############################################################################################################################################################################################################################################################################################################################################################1557897867930 ms. Memory: 4678144K Free: 874263K (19%)
    [junit] Setting containers of atomic entities to null
    [junit] checkFullConstraints.tcl done!
    [junit] /home/travis/build/icyphy/ptII/ptolemy/configs/test/cloneTest.tcl
    [junit] Simple standalone clone test
    [junit] The constraints of the master:
    [junit]   1. (TypeConstant, arrayType(double,2)) <= (variable .Top.Map.origin: arrayType(double))
    [junit]   2. (TypeConstant, double) <= (variable .Top.Map.resolution: double)
    [junit]   3. (TypeConstant, {grid = arrayType(int,2), height = int, width = int}) <= (variable .Top.Map.map: {grid = arrayType(int), height = int, width = int})
    [junit]   4. (port .Top.Map.map: unknown) <= (variable .Top.Map.map: {grid = arrayType(int), height = int, width = int})
    [junit]   5. (variable .Top.Map.map: {grid = arrayType(int), height = int, width = int}) <= (port .Top.Map.map: unknown)
    [junit] The constraints of the clone:
    [junit]   1. (TypeConstant, arrayType(double,2)) <= (variable .Top.Map.origin: arrayType(double))
    [junit]   2. (TypeConstant, double) <= (variable .Top.Map.resolution: double)
    [junit]   3. (TypeConstant, {grid = arrayType(int,2), height = int, width = int}) <= (variable .Top.Map.map: {grid = arrayType(int), height = int, width = int})
    [junit]   4. (port .Top.Map.map: unknown) <= (variable .Top.Map.map: {grid = arrayType(int), height = int, width = int})
    [junit]   5. (variable .Top.Map.map: {grid = arrayType(int), height = int, width = int}) <= (port .Top.Map.map: unknown)
    [junit] Congrats, the constraints are the same.
    [junit] /home/travis/build/icyphy/ptII/ptolemy/configs/test/configurationTools.tcl
    [junit] /home/travis/build/icyphy/ptII/ptolemy/configs/test/missingDemos.tcl
    [junit] Updating /home/travis/build/icyphy/ptII/ptolemy/configs/test/../../../ptolemy/configs/doc/models.txt.  This could take a minute.
    [junit] 
    [junit] 
    [junit] ==== $PTII/ptolemy/configs/test/missingDemos.tcl: missingDemos-0.5 Update ptolemy/configs/doc/models.txt
    [junit] ==== Contents of test case:
    [junit] 
    [junit]     puts "Updating $PTII/ptolemy/configs/doc/models.txt.  This could take a minute."
    [junit]     # Use the all target instead of update because travis might not have
    [junit]     # write access to the repo.
    [junit]     exec -stderrok make -C ../doc all
    [junit]     puts "Done updating $PTII/ptolemy/configs/doc/models.txt"
    [junit]     file exists ../doc/models.txt
    [junit] 
    [junit] ==== Test generated error:
    [junit] make: Entering directory `/home/travis/build/icyphy/ptII/ptolemy/configs/doc'
    [junit] (cd ../../../ptolemy/configs/capecode; make capecodeModels.txt)
    [junit] make[1]: Entering directory `/home/travis/build/icyphy/ptII/ptolemy/configs/capecode'
    [junit] DISPLAY="" "/usr/lib/jvm/java-8-oracle/bin/java" "-Dptolemy.ptII.dir=/home/travis/build/icyphy/ptII" \
    [junit] 		-classpath "../../..::/home/travis/build/icyphy/ptII/ptolemy/actor/ptalon/antlr/antlr.jar::::/home/travis/build/icyphy/ptII/lib/bsh-2.0b4.jar:/home/travis/build/icyphy/ptII/lib/ptcolt.jar:::/home/travis/build/icyphy/ptII/lib/nrjavaserial-3.11.0.devel.jar:/home/travis/build/icyphy/ptII/lib/diva.jar:/home/travis/build/icyphy/ptII/lib/ptCal.jar:/home/travis/build/icyphy/ptII/lib/saxon8.jar:/home/travis/build/icyphy/ptII/lib/saxon8-dom.jar:/home/travis/build/icyphy/ptII/lib/java_cup.jar:/home/travis/build/icyphy/ptII/vendors/jai-1_1_2_01/lib/jai_core.jar:/home/travis/build/icyphy/ptII/vendors/jai-1_1_2_01/lib/jai_codec.jar:/home/travis/build/icyphy/ptII/vendors/j3d/lib/j3dcore.jar:/home/travis/build/icyphy/ptII/vendors/j3d/lib/j3dutils.jar:/home/travis/build/icyphy/ptII/vendors/j3d/lib/vecmath.jar::/home/travis/build/icyphy/ptII/lib/javax.mail.jar::/home/travis/build/icyphy/ptII/lib/jcerti.jar:/home/travis/build/icyphy/ptII/ptolemy/distributed/jini/jar/jini-core.jar:/home/travis/build/icyphy/ptII/ptolemy/distributed/jini/jar/jini-ext.jar:/home/travis/build/icyphy/ptII/vendors/JMF-2.1.1e/lib/jmf.jar:/home/travis/build/icyphy/ptII/lib/jna-4.0.0-variadic.jar::/home/travis/build/icyphy/ptII/vendors/misc/joystick/Joystick.jar:/home/travis/build/icyphy/ptII/lib/jsoup-1.8.2.jar:/home/travis/build/icyphy/ptII/ptolemy/actor/lib/excel/jxl.jar:/home/travis/build/icyphy/ptII/lib/junit-4.8.2.jar:/home/travis/build/icyphy/ptII/lib/JUnitParams-0.4.0.jar:/home/travis/build/icyphy/ptII/lib/jython.jar:/home/travis/build/icyphy/ptII/lib/kieler.jar:/home/travis/build/icyphy/ptII/vendors/opencv/share/OpenCV/java/opencv-341.jar:::/home/travis/build/icyphy/ptII/lib/oscP5.jar:/usr/lib/jvm/java-8-oracle/jre/../lib/tools.jar:/home/travis/build/icyphy/ptII/lib/mapss.jar:/home/travis/build/icyphy/ptII/ptolemy/domains/ptinyos/lib/jdom.jar:/home/travis/build/icyphy/ptII/ptolemy/domains/ptinyos/lib/nesc.jar:/home/travis/build/icyphy/ptII/lib/g4ltl.jar:::/home/travis/build/icyphy/ptII/vendors/misc/itext/iText.jar:/home/travis/build/icyphy/ptII/lib/ptjacl.jar:::/home/travis/build/icyphy/ptII/lib/org.eclipse.paho.client.mqttv3.jar::/home/travis/build/icyphy/ptII/lib/JRI.jar:/home/travis/build/icyphy/ptII/lib/commons-lang-2.6.jar:/home/travis/build/icyphy/ptII/lib/commons-logging-1.1.1.jar:/home/travis/build/icyphy/ptII/lib/PDFRenderer.jar:/home/travis/build/icyphy/ptII/lib/protobuf-java-2.4.1.jar:/home/travis/build/icyphy/ptII/lib/slf4j-api-1.7.13.jar:/home/travis/build/icyphy/ptII/lib/slf4j-simple-1.7.13.jar::::/home/travis/build/icyphy/ptII/vendors/misc/sphinx4/sphinx4-data-5prealpha.jar:/home/travis/build/icyphy/ptII/vendors/misc/sphinx4/sphinx4-core-5prealpha.jar:space/space.jar:/home/travis/build/icyphy/ptII/lib/StructuralCoder.jar:/home/travis/build/icyphy/ptII/lib/svgSalamander.jar:/home/travis/build/icyphy/ptII/lib/rsyntaxtextarea-2.6.0-SNAPSHOT.jar:/home/travis/build/icyphy/ptII/ptolemy/domains/ptinyos/lib/jdom.jar:/home/travis/build/icyphy/ptII/ptolemy/domains/ptinyos/lib/nesc.jar::/home/travis/build/icyphy/ptII/lib/hazelcast-3.8.2.jar:/home/travis/build/icyphy/ptII/lib/jackson-annotations-2.9.0.jar:/home/travis/build/icyphy/ptII/lib/jackson-core-2.9.3.jar:/home/travis/build/icyphy/ptII/lib/jackson-databind-2.9.3.jar:/home/travis/build/icyphy/ptII/lib/netty-buffer-4.1.19.Final.jar:/home/travis/build/icyphy/ptII/lib/netty-codec-4.1.19.Final.jar:/home/travis/build/icyphy/ptII/lib/netty-codec-dns-4.1.19.Final.jar:/home/travis/build/icyphy/ptII/lib/netty-codec-http-4.1.19.Final.jar:/home/travis/build/icyphy/ptII/lib/netty-codec-http2-4.1.19.Final.jar:/home/travis/build/icyphy/ptII/lib/netty-common-4.1.19.Final.jar:/home/travis/build/icyphy/ptII/lib/netty-handler-4.1.19.Final.jar:/home/travis/build/icyphy/ptII/lib/netty-resolver-4.1.19.Final.jar:/home/travis/build/icyphy/ptII/lib/netty-resolver-dns-4.1.19.Final.jar:/home/travis/build/icyphy/ptII/lib/netty-transport-4.1.19.Final.jar:/home/travis/build/icyphy/ptII/lib/vertx-codegen-3.5.1.jar:/home/travis/build/icyphy/ptII/lib/vertx-core-3.5.2-SNAPSHOT.jar:/home/travis/build/icyphy/ptII/lib/vertx-hazelcast-3.5.1.jar:/home/travis/build/icyphy/ptII/lib/vertx-lang-js-3.5.1.jar:/home/travis/build/icyphy/ptII/lib/vertx-service-proxy-3.5.1.jar:/home/travis/build/icyphy/ptII/lib/vertx-web-3.5.1.jar:/home/travis/build/icyphy/ptII/lib/webcam-capture-0.3.12.jar:/home/travis/build/icyphy/ptII/lib/bridj-0.7.0.jar:/home/travis/build/icyphy/ptII/lib/xbjlib-1.1.0.nrjavaserial.jar:/home/travis/build/icyphy/ptII/lib/sootclasses.jar::/usr/lib/jvm/java-8-oracle/jre/lib/rt.jar:/usr/lib/jvm/java-8-oracle/jre/lib/jce.jar" \
    [junit] 		ptolemy.actor.gui.HTMLAbout demonstrations.htm capecodeModels.txt
    [junit] Printing '.' for regular models, 'P' for models with LiveLinks.
    [junit] ..PJSAccessor: PT_NO_NET environment variable is set, so git pull and ptdoc are not being run.
    [junit] No physical cameras found, using WebcamDummyDriver.
    [junit] .P.P.P.P.P..P..PClipPlayerHelper: failed to instantiate a JFXPanel, which can happen if a graphical display is not present: java.lang.UnsupportedOperationException: Unable to open DISPLAY
    [junit] .P..P.P...P.....P..P..P.P.P..P..P...P...P.P#
    [junit] # There is insufficient memory for the Java Runtime Environment to continue.
    [junit] # Native memory allocation (mmap) failed to map 92274688 bytes for committing reserved memory.
    [junit] # An error report file with more information is saved as:
    [junit] # /home/travis/build/icyphy/ptII/ptolemy/configs/capecode/hs_err_pid1891.log
    [junit] make[1]: Leaving directory `/home/travis/build/icyphy/ptII/ptolemy/configs/capecode'
    [junit] make: Leaving directory `/home/travis/build/icyphy/ptII/ptolemy/configs/doc'
    [junit] [main] INFO com.github.sarxos.webcam.Webcam - WebcamDefaultDriver capture driver will be used
    [junit] libdc1394 error: Failed to initialize libdc1394
    [junit] Java HotSpot(TM) 64-Bit Server VM warning: INFO: os::commit_memory(0x0000000097780000, 92274688, 0) failed; error='Cannot allocate memory' (errno=12)
    [junit] make[1]: *** [capecodeModels.txt] Error 1
    [junit] make: *** [../../../ptolemy/configs/capecode/capecodeModels.txt] Error 2
    [junit]     while executing
    [junit] "exec -stderrok make -C ../doc all"
    [junit]     ("uplevel" body line 5)
    [junit]     invoked from within
    [junit] "uplevel $contents_of_test"
    [junit] 
    [junit] 
    [junit] ==== $PTII/ptolemy/configs/test/missingDemos.tcl: missingDemos-1.0 Look for demos listed in configs/doc/demos.html that are not in models.txt
    [junit] ==== Contents of test case:
    [junit] 
    [junit]     # Run it once to build any missing files.  It is ok if we have output on stderr.
    [junit]     exec -stderrok make -C ../doc missingDemos
    [junit]     jdkCaptureOutAndErr {
    [junit] 	exec make -C ../doc --no-print-directory missingDemos
    [junit]     } out err
    [junit]     puts "Stderr for 'make -C ../doc missingDemos' was\n--start--\n$err\n--end--"
    [junit]     regsub -all {make: [^']*'} $err {} err2
    [junit]     list $out $err2
    [junit] 
    [junit] ==== Test generated error:
    [junit] make: Entering directory `/home/travis/build/icyphy/ptII/ptolemy/configs/doc'
    [junit] #
    [junit] # Starting to build models.txt: Wed May 15 05:25:13 UTC 2019
    [junit] #
    [junit] # See https://chess.eecs.berkeley.edu/ptexternal/wiki/Main/Finalizers for why we set DISPLAY
    [junit] DISPLAY="" "/usr/lib/jvm/java-8-oracle/bin/java"  -Xmx1500m "-Dptolemy.ptII.dir=/home/travis/build/icyphy/ptII" \
    [junit] 		-classpath "../../..::/home/travis/build/icyphy/ptII/ptolemy/actor/ptalon/antlr/antlr.jar::::/home/travis/build/icyphy/ptII/lib/bsh-2.0b4.jar:/home/travis/build/icyphy/ptII/lib/ptcolt.jar:::/home/travis/build/icyphy/ptII/lib/nrjavaserial-3.11.0.devel.jar:/home/travis/build/icyphy/ptII/lib/diva.jar:/home/travis/build/icyphy/ptII/lib/ptCal.jar:/home/travis/build/icyphy/ptII/lib/saxon8.jar:/home/travis/build/icyphy/ptII/lib/saxon8-dom.jar:/home/travis/build/icyphy/ptII/lib/java_cup.jar:/home/travis/build/icyphy/ptII/vendors/jai-1_1_2_01/lib/jai_core.jar:/home/travis/build/icyphy/ptII/vendors/jai-1_1_2_01/lib/jai_codec.jar:/home/travis/build/icyphy/ptII/vendors/j3d/lib/j3dcore.jar:/home/travis/build/icyphy/ptII/vendors/j3d/lib/j3dutils.jar:/home/travis/build/icyphy/ptII/vendors/j3d/lib/vecmath.jar::/home/travis/build/icyphy/ptII/lib/javax.mail.jar::/home/travis/build/icyphy/ptII/lib/jcerti.jar:/home/travis/build/icyphy/ptII/ptolemy/distributed/jini/jar/jini-core.jar:/home/travis/build/icyphy/ptII/ptolemy/distributed/jini/jar/jini-ext.jar:/home/travis/build/icyphy/ptII/vendors/JMF-2.1.1e/lib/jmf.jar:/home/travis/build/icyphy/ptII/lib/jna-4.0.0-variadic.jar::/home/travis/build/icyphy/ptII/vendors/misc/joystick/Joystick.jar:/home/travis/build/icyphy/ptII/lib/jsoup-1.8.2.jar:/home/travis/build/icyphy/ptII/ptolemy/actor/lib/excel/jxl.jar:/home/travis/build/icyphy/ptII/lib/junit-4.8.2.jar:/home/travis/build/icyphy/ptII/lib/JUnitParams-0.4.0.jar:/home/travis/build/icyphy/ptII/lib/jython.jar:/home/travis/build/icyphy/ptII/lib/kieler.jar:/home/travis/build/icyphy/ptII/vendors/opencv/share/OpenCV/java/opencv-341.jar:::/home/travis/build/icyphy/ptII/lib/oscP5.jar:/usr/lib/jvm/java-8-oracle/jre/../lib/tools.jar:/home/travis/build/icyphy/ptII/lib/mapss.jar:/home/travis/build/icyphy/ptII/ptolemy/domains/ptinyos/lib/jdom.jar:/home/travis/build/icyphy/ptII/ptolemy/domains/ptinyos/lib/nesc.jar:/home/travis/build/icyphy/ptII/lib/g4ltl.jar:::/home/travis/build/icyphy/ptII/vendors/misc/itext/iText.jar:/home/travis/build/icyphy/ptII/lib/ptjacl.jar:::/home/travis/build/icyphy/ptII/lib/org.eclipse.paho.client.mqttv3.jar::/home/travis/build/icyphy/ptII/lib/JRI.jar:/home/travis/build/icyphy/ptII/lib/commons-lang-2.6.jar:/home/travis/build/icyphy/ptII/lib/commons-logging-1.1.1.jar:/home/travis/build/icyphy/ptII/lib/PDFRenderer.jar:/home/travis/build/icyphy/ptII/lib/protobuf-java-2.4.1.jar:/home/travis/build/icyphy/ptII/lib/slf4j-api-1.7.13.jar:/home/travis/build/icyphy/ptII/lib/slf4j-simple-1.7.13.jar::::/home/travis/build/icyphy/ptII/vendors/misc/sphinx4/sphinx4-data-5prealpha.jar:/home/travis/build/icyphy/ptII/vendors/misc/sphinx4/sphinx4-core-5prealpha.jar:space/space.jar:/home/travis/build/icyphy/ptII/lib/StructuralCoder.jar:/home/travis/build/icyphy/ptII/lib/svgSalamander.jar:/home/travis/build/icyphy/ptII/lib/rsyntaxtextarea-2.6.0-SNAPSHOT.jar:/home/travis/build/icyphy/ptII/ptolemy/domains/ptinyos/lib/jdom.jar:/home/travis/build/icyphy/ptII/ptolemy/domains/ptinyos/lib/nesc.jar::/home/travis/build/icyphy/ptII/lib/hazelcast-3.8.2.jar:/home/travis/build/icyphy/ptII/lib/jackson-annotations-2.9.0.jar:/home/travis/build/icyphy/ptII/lib/jackson-core-2.9.3.jar:/home/travis/build/icyphy/ptII/lib/jackson-databind-2.9.3.jar:/home/travis/build/icyphy/ptII/lib/netty-buffer-4.1.19.Final.jar:/home/travis/build/icyphy/ptII/lib/netty-codec-4.1.19.Final.jar:/home/travis/build/icyphy/ptII/lib/netty-codec-dns-4.1.19.Final.jar:/home/travis/build/icyphy/ptII/lib/netty-codec-http-4.1.19.Final.jar:/home/travis/build/icyphy/ptII/lib/netty-codec-http2-4.1.19.Final.jar:/home/travis/build/icyphy/ptII/lib/netty-common-4.1.19.Final.jar:/home/travis/build/icyphy/ptII/lib/netty-handler-4.1.19.Final.jar:/home/travis/build/icyphy/ptII/lib/netty-resolver-4.1.19.Final.jar:/home/travis/build/icyphy/ptII/lib/netty-resolver-dns-4.1.19.Final.jar:/home/travis/build/icyphy/ptII/lib/netty-transport-4.1.19.Final.jar:/home/travis/build/icyphy/ptII/lib/vertx-codegen-3.5.1.jar:/home/travis/build/icyphy/ptII/lib/vertx-core-3.5.2-SNAPSHOT.jar:/home/travis/build/icyphy/ptII/lib/vertx-hazelcast-3.5.1.jar:/home/travis/build/icyphy/ptII/lib/vertx-lang-js-3.5.1.jar:/home/travis/build/icyphy/ptII/lib/vertx-service-proxy-3.5.1.jar:/home/travis/build/icyphy/ptII/lib/vertx-web-3.5.1.jar:/home/travis/build/icyphy/ptII/lib/webcam-capture-0.3.12.jar:/home/travis/build/icyphy/ptII/lib/bridj-0.7.0.jar:/home/travis/build/icyphy/ptII/lib/xbjlib-1.1.0.nrjavaserial.jar:/home/travis/build/icyphy/ptII/lib/sootclasses.jar::/usr/lib/jvm/java-8-oracle/jre/lib/rt.jar:/usr/lib/jvm/java-8-oracle/jre/lib/jce.jar" \
    [junit] 		ptolemy.actor.gui.HTMLAbout 
    [junit] Printing '.' for regular models, 'P' for models with LiveLinks.
    [junit] .....P.......P.......P................PJSAccessor: PT_NO_NET environment variable is set, so git pull and ptdoc are not being run.
    [junit] ...P...P....PNo physical cameras found, using WebcamDummyDriver.
    [junit] .P.........P.P....P....................P..P..PClipPlayerHelper: failed to instantiate a JFXPanel, which can happen if a graphical display is not present: java.lang.UnsupportedOperationException: Unable to open DISPLAY
    [junit] ...P.....P......P......P.........P.....P...P..................P.................P.....P....P.P........P.....P..P.....P..P......P........P......P.P......P.......P...P.........P....P.....P....P.......P.............................P..P...P..P..P....P.....P.P.................P........P.P..........P.P............P....P..........P.....P.P.P.P......P.......P..............P...P............P.....P........................P.....P..P.....P.....P.P..........P.........P.....P.P...P..P....P..P#
    [junit] # There is insufficient memory for the Java Runtime Environment to continue.
    [junit] # Native memory allocation (mmap) failed to map 51904512 bytes for committing reserved memory.
    [junit] # An error report file with more information is saved as:
    [junit] # /home/travis/build/icyphy/ptII/ptolemy/configs/doc/hs_err_pid1952.log
    [junit] make: Leaving directory `/home/travis/build/icyphy/ptII/ptolemy/configs/doc'
    [junit] [main] INFO com.github.sarxos.webcam.Webcam - WebcamDefaultDriver capture driver will be used
    [junit] libdc1394 error: Failed to initialize libdc1394
    [junit] Java HotSpot(TM) 64-Bit Server VM warning: INFO: os::commit_memory(0x00000000b4e80000, 51904512, 0) failed; error='Cannot allocate memory' (errno=12)
    [junit] make: *** [models.txt] Error 1
    [junit]     while executing
    [junit] "exec -stderrok make -C ../doc missingDemos"
    [junit]     ("uplevel" body line 3)
    [junit]     invoked from within
    [junit] "uplevel $contents_of_test"
    [junit] Stderr for '/home/travis/build/icyphy/ptII/ptolemy/configs/test/../../../ptolemy/configs/test/missingDemos' was
    [junit] --start--
    [junit] The ptolemy/actor/lib/r/demo directory is not found in completeDemo.htm
    [junit]     <!-- ../../../ptolemy/actor/lib/r/demo -->
    [junit] The ptolemy/actor/ptalon/gt/demo directory is not found in completeDemo.htm
    [junit]     <!-- ../../../ptolemy/actor/ptalon/gt/demo -->
    [junit] The ptolemy/domains/sdf/optimize/demo directory is not found in completeDemo.htm
    [junit]     <!-- ../../../ptolemy/domains/sdf/optimize/demo -->
    [junit] Error: lbnl/demo/CRoom/CRoom.xml is not present in /home/travis/build/icyphy/ptII/ptolemy/configs/doc/models.txt, but is present in completeDemos.htm.  Maybe you need to run: (cd /home/travis/build/icyphy/ptII/ptolemy/configs/doc; make update)?
    [junit] --end--
    [junit] 
    [junit] 
    [junit] ==== $PTII/ptolemy/configs/test/missingDemos.tcl: missingDemos-2.0 Run the missingDemos script.
    [junit] ==== Contents of test case:
    [junit] 
    [junit]     jdkCaptureOutAndErr {
    [junit] 	# In the installer, missingDemos might not be executable.
    [junit] 	exec chmod a+x $PTII/ptolemy/configs/test/missingDemos
    [junit]         exec $PTII/ptolemy/configs/test/missingDemos
    [junit]     } out err
    [junit]     puts "Stderr for '$PTII/ptolemy/configs/test/missingDemos' was\n--start--\n$err\n--end--"
    [junit]     regsub -all {make: [^']*'} $err {} err2
    [junit]     list $out $err2
    [junit] 
    [junit] ==== Result was:
    [junit] {} {The ptolemy/actor/lib/r/demo directory is not found in completeDemo.htm
    [junit]     <!-- ../../../ptolemy/actor/lib/r/demo -->
    [junit] The ptolemy/actor/ptalon/gt/demo directory is not found in completeDemo.htm
    [junit]     <!-- ../../../ptolemy/actor/ptalon/gt/demo -->
    [junit] The ptolemy/domains/sdf/optimize/demo directory is not found in completeDemo.htm
    [junit]     <!-- ../../../ptolemy/domains/sdf/optimize/demo -->
    [junit] Error: lbnl/demo/CRoom/CRoom.xml is not present in /home/travis/build/icyphy/ptII/ptolemy/configs/doc/models.txt, but is present in completeDemos.htm.  Maybe you need to run: (cd /home/travis/build/icyphy/ptII/ptolemy/configs/doc; make update)?}
    [junit] ---- Result should have been:
    [junit] {} {}
    [junit] ---- missingDemos-2.0 FAILED
    [junit] /home/travis/build/icyphy/ptII/ptolemy/configs/test/validDemos.tcl
    [junit] Validating the xml in /auto/ xml files after removing the configure blocks
    [junit] ...................................................................................................................................................................................................................................................................................................................................................................................................................................................................................................................................................................................................................................................................................................................................................................................................................................................................................................................................................................................................................................................................................................................................................................................................................................................................................................................................................................................................................................................................................................................................................................................................................................................................................................................................................................................................................................................................................................................................................................................................................................................................................................................................................................................................................................................................................................................................................................................................................................................................................................................................................................................................................................................................................................................................................................................................................................................................................................................................................................................................................................Checked 2915 demos from configs/doc/models.txt
    [junit] Validating the xml in demo xml files after removing the configure blocks
    [junit] java.lang.Exception: Evaluating the Tcl file "/home/travis/build/icyphy/ptII/ptolemy/configs/test/validDemos.tcl"resulted in a TclException being thrown.
    [junit] The Tcl errorInfo global variable has the value:
    [junit] couldn't open "NoisySinewave.xm": no such file or directory
    [junit]     while executing
    [junit] "open $modelPath"
    [junit]     invoked from within
    [junit] "set fp [open $modelPath]"
    [junit]     ("foreach" body line 10)
    [junit]     invoked from within
    [junit] "foreach model $models {
    [junit] 	if {[string length $model] < 1} {
    [junit] 	    continue
    [junit] 	}
    [junit] 	incr count
    [junit] 	regsub {\$CLASSPATH} $model "$PTII" modelPath
    [junit] 	puts -nonewlin..."
    [junit]     (procedure "validateModels" line 7)
    [junit]     invoked from within
    [junit] "validateModels $models"
    [junit]     (file "/home/travis/build/icyphy/ptII/ptolemy/configs/test/validDemos.tcl" line 120)
    [junit] 	at ptolemy.util.test.junit.TclTests.RunTclFile(TclTests.java:253)
    [junit] 	at sun.reflect.NativeMethodAccessorImpl.invoke0(Native Method)
    [junit] 	at sun.reflect.NativeMethodAccessorImpl.invoke(NativeMethodAccessorImpl.java:62)
    [junit] 	at sun.reflect.DelegatingMethodAccessorImpl.invoke(DelegatingMethodAccessorImpl.java:43)
    [junit] 	at java.lang.reflect.Method.invoke(Method.java:498)
    [junit] 	at org.junit.runners.model.FrameworkMethod$1.runReflectiveCall(FrameworkMethod.java:44)
    [junit] 	at org.junit.internal.runners.model.ReflectiveCallable.run(ReflectiveCallable.java:15)
    [junit] 	at org.junit.runners.model.FrameworkMethod.invokeExplosively(FrameworkMethod.java:41)
    [junit] 	at junitparams.internal.InvokeParameterisedMethod.evaluate(InvokeParameterisedMethod.java:102)
    [junit] 	at junitparams.internal.ParameterisedTestMethodRunner.runMethodInvoker(ParameterisedTestMethodRunner.java:47)
    [junit] 	at junitparams.internal.ParameterisedTestMethodRunner.runTestMethod(ParameterisedTestMethodRunner.java:41)
    [junit] 	at junitparams.internal.ParameterisedTestClassRunner.runParameterisedTest(ParameterisedTestClassRunner.java:143)
    [junit] 	at junitparams.JUnitParamsRunner.runChild(JUnitParamsRunner.java:237)
    [junit] 	at junitparams.JUnitParamsRunner.runChild(JUnitParamsRunner.java:215)
    [junit] 	at org.junit.runners.ParentRunner$3.run(ParentRunner.java:193)
    [junit] 	at org.junit.runners.ParentRunner$1.schedule(ParentRunner.java:52)
    [junit] 	at org.junit.runners.ParentRunner.runChildren(ParentRunner.java:191)
    [junit] 	at org.junit.runners.ParentRunner.access$000(ParentRunner.java:42)
    [junit] 	at org.junit.runners.ParentRunner$2.evaluate(ParentRunner.java:184)
    [junit] 	at org.junit.internal.runners.statements.RunAfters.evaluate(RunAfters.java:31)
    [junit] 	at org.junit.runners.ParentRunner.run(ParentRunner.java:236)
    [junit] 	at org.junit.runners.Suite.runChild(Suite.java:128)
    [junit] 	at org.junit.runners.Suite.runChild(Suite.java:24)
    [junit] 	at org.junit.runners.ParentRunner$3.run(ParentRunner.java:193)
    [junit] 	at org.junit.runners.ParentRunner$1.schedule(ParentRunner.java:52)
    [junit] 	at org.junit.runners.ParentRunner.runChildren(ParentRunner.java:191)
    [junit] 	at org.junit.runners.ParentRunner.access$000(ParentRunner.java:42)
    [junit] 	at org.junit.runners.ParentRunner$2.evaluate(ParentRunner.java:184)
    [junit] 	at org.junit.runners.ParentRunner.run(ParentRunner.java:236)
    [junit] 	at junit.framework.JUnit4TestAdapter.run(JUnit4TestAdapter.java:39)
    [junit] 	at org.apache.tools.ant.taskdefs.optional.junit.JUnitTestRunner.run(JUnitTestRunner.java:535)
    [junit] 	at org.apache.tools.ant.taskdefs.optional.junit.JUnitTestRunner.launch(JUnitTestRunner.java:1182)
    [junit] 	at org.apache.tools.ant.taskdefs.optional.junit.JUnitTestRunner.main(JUnitTestRunner.java:1033)
    [junit] .......................................................................................................................................................................................................................................................................................................................................................................................................................................................................................................................................................................................................................................................................................05/15/19 05:29:00
    [junit] Failed: 3  Total Tests: 3666  ((Passed: 3663, Newly Passed: 0)  Known Failed: 0) /home/travis/build/icyphy/ptII/ptolemy/configs/test
    [junit] No auto/knownFailedTests/*.xml tests in /home/travis/build/icyphy/ptII/ptolemy/configs/test
    [junit] No auto/linux-amd64/*.xml tests in /home/travis/build/icyphy/ptII/ptolemy/configs/test
    [junit] AutoTests.java: About to close Vertx.
    [junit] AutoTests.java: Vertx closed.
    [junit] No auto/*.xml tests in /home/travis/build/icyphy/ptII/ptolemy/configs/test
    [junit] AutoTests.java: About to close Vertx.
    [junit] AutoTests.java: Vertx closed.
    [junit] Tests run: 10, Failures: 1, Errors: 1, Skipped: 0, Time elapsed: 1,000.008 sec
    [junit] Output:
    [junit] /home/travis/build/icyphy/ptII/ptolemy/configs/test/allConfigs.tcl
    [junit] testDefs.tcl: setting time out to 9000 seconds at Wed May 15 05:12:20 UTC 2019
    [junit] 1557897140858 ms. Memory: 116224K Free: 95316K (82%)
    [junit]  Force everything to get expanded ptolemy/configs/bcvtb/configuration.xml
    [junit]     (Skipping certain optional packages, jxta and viptos)
    [junit] -------> Before clone
    [junit] -------> after clone
    [junit] 
    [junit] Warning: In 'ptolemy.actor.lib.io.FileReader'
    [junit]   The getName() method returns
    [junit]    'fileOrURL' but the  field is named
    [junit]    'fileOrURLPort'
    [junit]    This is technically a violation  of the coding standard,
    [junit]    but permissible because the name  ends in 'Port'
    [junit] -------> Before clone
    [junit] -------> after clone
    [junit] 1557897154185 ms. Memory: 989184K Free: 789008K (80%)
    [junit] Setting containers of atomic entities to null
    [junit] 1557897154557 ms. Memory: 1028608K Free: 954519K (93%)
    [junit]  Force everything to get expanded ptolemy/configs/ptiny/configuration.xml
    [junit]     (Skipping certain optional packages, jxta and viptos)
    [junit] -------> Before clone
    [junit] -------> after clone
    [junit] 
    [junit] Warning: In 'ptolemy.actor.lib.io.FileReader'
    [junit]   The getName() method returns
    [junit]    'fileOrURL' but the  field is named
    [junit]    'fileOrURLPort'
    [junit]    This is technically a violation  of the coding standard,
    [junit]    but permissible because the name  ends in 'Port'
    [junit] -------> Before clone
    [junit] -------> after clone
    [junit] 1557897167388 ms. Memory: 1350656K Free: 945112K (70%)
    [junit] Setting containers of atomic entities to null
    [junit] 1557897168138 ms. Memory: 1620480K Free: 1488614K (92%)
    [junit]  Force everything to get expanded ptolemy/configs/space/configuration.xml
    [junit]     (Skipping certain optional packages, jxta and viptos)
    [junit] -------> Before clone
    [junit] -------> after clone
    [junit] Warning: space/configuration.xml has no 'actor library.Directors'? (this is ok for dsp, viptos)
    [junit] -------> Before clone
    [junit] -------> after clone
    [junit] 1557897168385 ms. Memory: 1620480K Free: 1430436K (88%)
    [junit] Setting containers of atomic entities to null
    [junit] 1557897168723 ms. Memory: 1628160K Free: 1497233K (92%)
    [junit]  Force everything to get expanded ptolemy/configs/dsp/configuration.xml
    [junit]     (Skipping certain optional packages, jxta and viptos)
    [junit] -------> Before clone
    [junit] -------> after clone
    [junit] 
    [junit] Warning: In 'ptolemy.actor.lib.io.FileReader'
    [junit]   The getName() method returns
    [junit]    'fileOrURL' but the  field is named
    [junit]    'fileOrURLPort'
    [junit]    This is technically a violation  of the coding standard,
    [junit]    but permissible because the name  ends in 'Port'
    [junit] Warning: dsp/configuration.xml has no 'actor library.Directors'? (this is ok for dsp, viptos)
    [junit] -------> Before clone
    [junit] -------> after clone
    [junit] 1557897172220 ms. Memory: 1639424K Free: 946666K (58%)
    [junit] Setting containers of atomic entities to null
    [junit] 1557897172826 ms. Memory: 1635840K Free: 1484102K (91%)
    [junit] Skipping viptos/configuration.xml, PtinyOS is not typically installed.
    [junit]  Force everything to get expanded ptolemy/configs/pn/configuration.xml
    [junit]     (Skipping certain optional packages, jxta and viptos)
    [junit] -------> Before clone
    [junit] -------> after clone
    [junit] 
    [junit] Warning: In 'ptolemy.actor.lib.io.FileReader'
    [junit]   The getName() method returns
    [junit]    'fileOrURL' but the  field is named
    [junit]    'fileOrURLPort'
    [junit]    This is technically a violation  of the coding standard,
    [junit]    but permissible because the name  ends in 'Port'
    [junit] Warning: pn/configuration.xml has no 'actor library.Directors'? (this is ok for dsp, viptos)
    [junit] -------> Before clone
    [junit] -------> after clone
    [junit] 1557897178621 ms. Memory: 1801728K Free: 594312K (33%)
    [junit] Setting containers of atomic entities to null
    [junit] 1557897179295 ms. Memory: 1807872K Free: 1627840K (90%)
    [junit]  Force everything to get expanded ptolemy/configs/cyphysim/configuration.xml
    [junit]     (Skipping certain optional packages, jxta and viptos)
    [junit] -------> Before clone
    [junit] -------> after clone
    [junit] 
    [junit] Warning: In 'ptolemy.actor.lib.io.FileReader'
    [junit]   The getName() method returns
    [junit]    'fileOrURL' but the  field is named
    [junit]    'fileOrURLPort'
    [junit]    This is technically a violation  of the coding standard,
    [junit]    but permissible because the name  ends in 'Port'
    [junit] Skipping StateSpaceModel as this test iterates through the attributes and calls attributeChanged, which triggers a ConcurrentModificationException.  See org/ptolemy/ssm/test/SSMTest.java
    [junit] Skipping StateSpaceModel as this test iterates through the attributes and calls attributeChanged, which triggers a ConcurrentModificationException.  See org/ptolemy/ssm/test/SSMTest.java
    [junit] Skipping StateSpaceModel as this test iterates through the attributes and calls attributeChanged, which triggers a ConcurrentModificationException.  See org/ptolemy/ssm/test/SSMTest.java
    [junit] Warning: cyphysim/configuration.xml has no 'actor library.Directors'? (this is ok for dsp, viptos)
    [junit] -------> Before clone
    [junit] -------> after clone
    [junit] 1557897190710 ms. Memory: 1827328K Free: 924552K (51%)
    [junit] Setting containers of atomic entities to null
    [junit] 1557897191985 ms. Memory: 1835008K Free: 1581406K (86%)
    [junit]  Force everything to get expanded ptolemy/configs/capecode/configuration.xml
    [junit]     (Skipping certain optional packages, jxta and viptos)
    [junit] JSAccessor: PT_NO_NET environment variable is set, so git pull and ptdoc are not being run.
    [junit] Retrieving library from file:/home/travis/build/icyphy/ptII/org/terraswarm/accessor/accessors/web/index.json
    [junit] Retrieving library from file:/home/travis/build/icyphy/ptII/org/terraswarm/accessor/accessors/web/adapters/index.json
    [junit] Retrieving library from file:/home/travis/build/icyphy/ptII/org/terraswarm/accessor/accessors/web/audio/index.json
    [junit] Retrieving library from file:/home/travis/build/icyphy/ptII/org/terraswarm/accessor/accessors/web/cameras/index.json
    [junit] No physical cameras found, using WebcamDummyDriver.
    [junit] Retrieving library from file:/home/travis/build/icyphy/ptII/org/terraswarm/accessor/accessors/web/dashboard/index.json
    [junit] Retrieving library from file:/home/travis/build/icyphy/ptII/org/terraswarm/accessor/accessors/web/devices/index.json
    [junit] Retrieving library from file:/home/travis/build/icyphy/ptII/org/terraswarm/accessor/accessors/web/image/index.json
    [junit] CharacterRecognition: The tesseract module was not present.  The CharacterRecognition accessor is not supported on this accessor host. (Thread[main,5,main])
    [junit] CharacterRecognition: The tesseract module was not present.  The CharacterRecognition accessor is not supported on this accessor host. (Thread[main,5,main])
    [junit] Retrieving library from file:/home/travis/build/icyphy/ptII/org/terraswarm/accessor/accessors/web/net/index.json
    [junit] Retrieving library from file:/home/travis/build/icyphy/ptII/org/terraswarm/accessor/accessors/web/robotics/index.json
    [junit] Retrieving library from file:/home/travis/build/icyphy/ptII/org/terraswarm/accessor/accessors/web/geodesy/index.json
    [junit] Retrieving library from file:/home/travis/build/icyphy/ptII/org/terraswarm/accessor/accessors/web/services/index.json
    [junit] Retrieving library from file:/home/travis/build/icyphy/ptII/org/terraswarm/accessor/accessors/web/signals/index.json
    [junit] Retrieving library from file:/home/travis/build/icyphy/ptII/org/terraswarm/accessor/accessors/web/test/index.json
    [junit] Retrieving library from file:/home/travis/build/icyphy/ptII/org/terraswarm/accessor/accessors/web/utilities/index.json
    [junit] The Mutable accessor original file has no documentation, so we are not running jsdoc on https://accessors.org/utilities/Mutable.js
    [junit] -------> Before clone
    [junit] -------> after clone
    [junit] 
    [junit] Warning: In 'ptolemy.actor.lib.io.FileReader'
    [junit]   The getName() method returns
    [junit]    'fileOrURL' but the  field is named
    [junit]    'fileOrURLPort'
    [junit]    This is technically a violation  of the coding standard,
    [junit]    but permissible because the name  ends in 'Port'
    [junit] Skipping StateSpaceModel as this test iterates through the attributes and calls attributeChanged, which triggers a ConcurrentModificationException.  See org/ptolemy/ssm/test/SSMTest.java
    [junit] Skipping StateSpaceModel as this test iterates through the attributes and calls attributeChanged, which triggers a ConcurrentModificationException.  See org/ptolemy/ssm/test/SSMTest.java
    [junit] Skipping StateSpaceModel as this test iterates through the attributes and calls attributeChanged, which triggers a ConcurrentModificationException.  See org/ptolemy/ssm/test/SSMTest.java
    [junit] Warning: capecode/configuration.xml has no 'actor library.Directors'? (this is ok for dsp, viptos)
    [junit] -------> Before clone
    [junit] -------> after clone
    [junit] 1557897310224 ms. Memory: 1821184K Free: 384377K (21%)
    [junit] Setting containers of atomic entities to null
    [junit] 1557897313413 ms. Memory: 2149888K Free: 1419236K (66%)
    [junit]  Force everything to get expanded ptolemy/configs/full/configuration.xml
    [junit]     (Skipping certain optional packages, jxta and viptos)
    [junit] Retrieving library from file:/home/travis/build/icyphy/ptII/org/terraswarm/accessor/accessors/web/index.json
    [junit] Retrieving library from file:/home/travis/build/icyphy/ptII/org/terraswarm/accessor/accessors/web/adapters/index.json
    [junit] Retrieving library from file:/home/travis/build/icyphy/ptII/org/terraswarm/accessor/accessors/web/audio/index.json
    [junit] Retrieving library from file:/home/travis/build/icyphy/ptII/org/terraswarm/accessor/accessors/web/cameras/index.json
    [junit] Retrieving library from file:/home/travis/build/icyphy/ptII/org/terraswarm/accessor/accessors/web/dashboard/index.json
    [junit] Retrieving library from file:/home/travis/build/icyphy/ptII/org/terraswarm/accessor/accessors/web/devices/index.json
    [junit] Retrieving library from file:/home/travis/build/icyphy/ptII/org/terraswarm/accessor/accessors/web/image/index.json
    [junit] CharacterRecognition: The tesseract module was not present.  The CharacterRecognition accessor is not supported on this accessor host. (Thread[main,5,main])
    [junit] CharacterRecognition: The tesseract module was not present.  The CharacterRecognition accessor is not supported on this accessor host. (Thread[main,5,main])
    [junit] Retrieving library from file:/home/travis/build/icyphy/ptII/org/terraswarm/accessor/accessors/web/net/index.json
    [junit] Retrieving library from file:/home/travis/build/icyphy/ptII/org/terraswarm/accessor/accessors/web/robotics/index.json
    [junit] Retrieving library from file:/home/travis/build/icyphy/ptII/org/terraswarm/accessor/accessors/web/geodesy/index.json
    [junit] Retrieving library from file:/home/travis/build/icyphy/ptII/org/terraswarm/accessor/accessors/web/services/index.json
    [junit] Retrieving library from file:/home/travis/build/icyphy/ptII/org/terraswarm/accessor/accessors/web/signals/index.json
    [junit] Retrieving library from file:/home/travis/build/icyphy/ptII/org/terraswarm/accessor/accessors/web/test/index.json
    [junit] Retrieving library from file:/home/travis/build/icyphy/ptII/org/terraswarm/accessor/accessors/web/utilities/index.json
    [junit] The Mutable accessor original file has no documentation, so we are not running jsdoc on https://accessors.org/utilities/Mutable.js
    [junit] -------> Before clone
    [junit] -------> after clone
    [junit] 
    [junit] Warning: In 'ptolemy.actor.lib.io.FileReader'
    [junit]   The getName() method returns
    [junit]    'fileOrURL' but the  field is named
    [junit]    'fileOrURLPort'
    [junit]    This is technically a violation  of the coding standard,
    [junit]    but permissible because the name  ends in 'Port'
    [junit] Skipping StateSpaceModel as this test iterates through the attributes and calls attributeChanged, which triggers a ConcurrentModificationException.  See org/ptolemy/ssm/test/SSMTest.java
    [junit] Skipping StateSpaceModel as this test iterates through the attributes and calls attributeChanged, which triggers a ConcurrentModificationException.  See org/ptolemy/ssm/test/SSMTest.java
    [junit] Skipping StateSpaceModel as this test iterates through the attributes and calls attributeChanged, which triggers a ConcurrentModificationException.  See org/ptolemy/ssm/test/SSMTest.java
    [junit] Skipping drop test of tm.kernel.SchedulePlotter because it must be dropped into a container that has a TMDirector
    [junit] -------> Before clone
    [junit] -------> after clone
    [junit] 1557897430190 ms. Memory: 2930688K Free: 859388K (29%)
    [junit] Setting containers of atomic entities to null
    [junit] 1557897435097 ms. Memory: 2939904K Free: 1691008K (58%)
    [junit]  Force everything to get expanded ptolemy/configs/ptinyViewer/configuration.xml
    [junit]     (Skipping certain optional packages, jxta and viptos)
    [junit] -------> Before clone
    [junit] -------> after clone
    [junit] Warning: ptinyViewer/configuration.xml has no 'actor library'?  (this is ok for ptinyViewer)
    [junit] -------> Before clone
    [junit] -------> after clone
    [junit] 1557897435141 ms. Memory: 2939904K Free: 1691008K (58%)
    [junit] Setting containers of atomic entities to null
    [junit] 1557897437487 ms. Memory: 2930688K Free: 1697458K (58%)
    [junit]  Force everything to get expanded ptolemy/configs/ptserver/configuration.xml
    [junit]     (Skipping certain optional packages, jxta and viptos)
    [junit] -------> Before clone
    [junit] -------> after clone
    [junit] 
    [junit] Warning: In 'ptolemy.actor.lib.io.FileReader'
    [junit]   The getName() method returns
    [junit]    'fileOrURL' but the  field is named
    [junit]    'fileOrURLPort'
    [junit]    This is technically a violation  of the coding standard,
    [junit]    but permissible because the name  ends in 'Port'
    [junit] -------> Before clone
    [junit] -------> after clone
    [junit] 1557897443394 ms. Memory: 2938368K Free: 1261737K (43%)
    [junit] Setting containers of atomic entities to null
    [junit] 1557897446624 ms. Memory: 2919424K Free: 1646502K (56%)
    [junit]  Force everything to get expanded ptolemy/configs/visualsense/configuration.xml
    [junit]     (Skipping certain optional packages, jxta and viptos)
    [junit] -------> Before clone
    [junit] -------> after clone
    [junit] 
    [junit] Warning: In 'ptolemy.actor.lib.io.FileReader'
    [junit]   The getName() method returns
    [junit]    'fileOrURL' but the  field is named
    [junit]    'fileOrURLPort'
    [junit]    This is technically a violation  of the coding standard,
    [junit]    but permissible because the name  ends in 'Port'
    [junit] -------> Before clone
    [junit] -------> after clone
    [junit] 1557897452285 ms. Memory: 2919424K Free: 1584058K (54%)
    [junit] Setting containers of atomic entities to null
    [junit] 1557897455415 ms. Memory: 2596864K Free: 1273994K (49%)
    [junit] Skipping jxta/configuration.xml, running vergil -jxta brings up a window
    [junit]  Force everything to get expanded ptolemy/configs/fullViewer/configuration.xml
    [junit]     (Skipping certain optional packages, jxta and viptos)
    [junit] -------> Before clone
    [junit] -------> after clone
    [junit] Warning: fullViewer/configuration.xml has no 'actor library'?  (this is ok for ptinyViewer)
    [junit] -------> Before clone
    [junit] -------> after clone
    [junit] 1557897455481 ms. Memory: 2596864K Free: 1239750K (48%)
    [junit] Setting containers of atomic entities to null
    [junit] 1557897458466 ms. Memory: 2897408K Free: 1573886K (54%)
    [junit]  Force everything to get expanded ptolemy/configs/hyvisual/configuration.xml
    [junit]     (Skipping certain optional packages, jxta and viptos)
    [junit] -------> Before clone
    [junit] -------> after clone
    [junit] -------> Before clone
    [junit] -------> after clone
    [junit] 1557897461239 ms. Memory: 2910720K Free: 834528K (29%)
    [junit] Setting containers of atomic entities to null
    [junit] 1557897464447 ms. Memory: 2908160K Free: 1558576K (54%)
    [junit]  Force everything to get expanded ptolemy/configs/ptinyKepler/configuration.xml
    [junit]     (Skipping certain optional packages, jxta and viptos)
    [junit] -------> Before clone
    [junit] -------> after clone
    [junit] 
    [junit] Warning: In 'ptolemy.actor.lib.io.FileReader'
    [junit]   The getName() method returns
    [junit]    'fileOrURL' but the  field is named
    [junit]    'fileOrURLPort'
    [junit]    This is technically a violation  of the coding standard,
    [junit]    but permissible because the name  ends in 'Port'
    [junit] -------> Before clone
    [junit] -------> after clone
    [junit] 1557897470095 ms. Memory: 2937344K Free: 754340K (26%)
    [junit] Setting containers of atomic entities to null
    [junit] 1557897473542 ms. Memory: 2933760K Free: 1547924K (53%)
    [junit] allConfigs.tcl done!
    [junit] /home/travis/build/icyphy/ptII/ptolemy/configs/test/allDemos.tcl
    [junit] Skipping allDemos-1.0, use cd /home/travis/build/icyphy/ptII/ptolemy/configs/test/../../..; ant test.single -Dtest.name=ptolemy.vergil.basic.export.test.junit.ExportModelJUnitTest
    [junit] /home/travis/build/icyphy/ptII/ptolemy/configs/test/checkFullConstraints.tcl
    [junit] FIXME FIXME FIXME FIXME FIXME FIXME
    [junit] ptolemy/configs/test/checkFullConstraints.tcl: FIXME: Invoking Configuration.check() 
    [junit] results in a memory leak that consumes
    [junit] more than 4gig of memory and causes problems under Travis.
    [junit] so, we check the constraints only of the full configuration.
    [junit] FIXME FIXME FIXME FIXME FIXME FIXME
    [junit]  Force everything to get expanded ptolemy/configs/configurationFile
    [junit]     (Skipping certain optional packages, jxta and viptos)
    [junit] Retrieving library from file:/home/travis/build/icyphy/ptII/org/terraswarm/accessor/accessors/web/index.json
    [junit] Retrieving library from file:/home/travis/build/icyphy/ptII/org/terraswarm/accessor/accessors/web/adapters/index.json
    [junit] Retrieving library from file:/home/travis/build/icyphy/ptII/org/terraswarm/accessor/accessors/web/audio/index.json
    [junit] Retrieving library from file:/home/travis/build/icyphy/ptII/org/terraswarm/accessor/accessors/web/cameras/index.json
    [junit] Retrieving library from file:/home/travis/build/icyphy/ptII/org/terraswarm/accessor/accessors/web/dashboard/index.json
    [junit] Retrieving library from file:/home/travis/build/icyphy/ptII/org/terraswarm/accessor/accessors/web/devices/index.json
    [junit] Retrieving library from file:/home/travis/build/icyphy/ptII/org/terraswarm/accessor/accessors/web/image/index.json
    [junit] CharacterRecognition: The tesseract module was not present.  The CharacterRecognition accessor is not supported on this accessor host. (Thread[main,5,main])
    [junit] CharacterRecognition: The tesseract module was not present.  The CharacterRecognition accessor is not supported on this accessor host. (Thread[main,5,main])
    [junit] Retrieving library from file:/home/travis/build/icyphy/ptII/org/terraswarm/accessor/accessors/web/net/index.json
    [junit] Retrieving library from file:/home/travis/build/icyphy/ptII/org/terraswarm/accessor/accessors/web/robotics/index.json
    [junit] Retrieving library from file:/home/travis/build/icyphy/ptII/org/terraswarm/accessor/accessors/web/geodesy/index.json
    [junit] Retrieving library from file:/home/travis/build/icyphy/ptII/org/terraswarm/accessor/accessors/web/services/index.json
    [junit] Retrieving library from file:/home/travis/build/icyphy/ptII/org/terraswarm/accessor/accessors/web/signals/index.json
    [junit] Retrieving library from file:/home/travis/build/icyphy/ptII/org/terraswarm/accessor/accessors/web/test/index.json
    [junit] Retrieving library from file:/home/travis/build/icyphy/ptII/org/terraswarm/accessor/accessors/web/utilities/index.json
    [junit] The Mutable accessor original file has no documentation, so we are not running jsdoc on https://accessors.org/utilities/Mutable.js
    [junit] Retrieving library from file:/home/travis/build/icyphy/ptII/org/terraswarm/accessor/accessors/web/index.json
    [junit] Retrieving library from file:/home/travis/build/icyphy/ptII/org/terraswarm/accessor/accessors/web/adapters/index.json
    [junit] Retrieving library from file:/home/travis/build/icyphy/ptII/org/terraswarm/accessor/accessors/web/audio/index.json
    [junit] Retrieving library from file:/home/travis/build/icyphy/ptII/org/terraswarm/accessor/accessors/web/cameras/index.json
    [junit] Retrieving library from file:/home/travis/build/icyphy/ptII/org/terraswarm/accessor/accessors/web/dashboard/index.json
    [junit] Retrieving library from file:/home/travis/build/icyphy/ptII/org/terraswarm/accessor/accessors/web/devices/index.json
    [junit] Retrieving library from file:/home/travis/build/icyphy/ptII/org/terraswarm/accessor/accessors/web/image/index.json
    [junit] CharacterRecognition: The tesseract module was not present.  The CharacterRecognition accessor is not supported on this accessor host. (Thread[main,5,main])
    [junit] CharacterRecognition: The tesseract module was not present.  The CharacterRecognition accessor is not supported on this accessor host. (Thread[main,5,main])
    [junit] Retrieving library from file:/home/travis/build/icyphy/ptII/org/terraswarm/accessor/accessors/web/net/index.json
    [junit] Retrieving library from file:/home/travis/build/icyphy/ptII/org/terraswarm/accessor/accessors/web/robotics/index.json
    [junit] Retrieving library from file:/home/travis/build/icyphy/ptII/org/terraswarm/accessor/accessors/web/geodesy/index.json
    [junit] Retrieving library from file:/home/travis/build/icyphy/ptII/org/terraswarm/accessor/accessors/web/services/index.json
    [junit] Retrieving library from file:/home/travis/build/icyphy/ptII/org/terraswarm/accessor/accessors/web/signals/index.json
    [junit] Retrieving library from file:/home/travis/build/icyphy/ptII/org/terraswarm/accessor/accessors/web/test/index.json
    [junit] Retrieving library from file:/home/travis/build/icyphy/ptII/org/terraswarm/accessor/accessors/web/utilities/index.json
    [junit] The Mutable accessor original file has no documentation, so we are not running jsdoc on https://accessors.org/utilities/Mutable.js
    [junit] Retrieving library from file:/home/travis/build/icyphy/ptII/org/terraswarm/accessor/accessors/web/index.json
    [junit] Retrieving library from file:/home/travis/build/icyphy/ptII/org/terraswarm/accessor/accessors/web/adapters/index.json
    [junit] Retrieving library from file:/home/travis/build/icyphy/ptII/org/terraswarm/accessor/accessors/web/audio/index.json
    [junit] Retrieving library from file:/home/travis/build/icyphy/ptII/org/terraswarm/accessor/accessors/web/cameras/index.json
    [junit] Retrieving library from file:/home/travis/build/icyphy/ptII/org/terraswarm/accessor/accessors/web/dashboard/index.json
    [junit] Retrieving library from file:/home/travis/build/icyphy/ptII/org/terraswarm/accessor/accessors/web/devices/index.json
    [junit] Retrieving library from file:/home/travis/build/icyphy/ptII/org/terraswarm/accessor/accessors/web/image/index.json
    [junit] CharacterRecognition: The tesseract module was not present.  The CharacterRecognition accessor is not supported on this accessor host. (Thread[main,5,main])
    [junit] CharacterRecognition: The tesseract module was not present.  The CharacterRecognition accessor is not supported on this accessor host. (Thread[main,5,main])
    [junit] Retrieving library from file:/home/travis/build/icyphy/ptII/org/terraswarm/accessor/accessors/web/net/index.json
    [junit] Retrieving library from file:/home/travis/build/icyphy/ptII/org/terraswarm/accessor/accessors/web/robotics/index.json
    [junit] Retrieving library from file:/home/travis/build/icyphy/ptII/org/terraswarm/accessor/accessors/web/geodesy/index.json
    [junit] Retrieving library from file:/home/travis/build/icyphy/ptII/org/terraswarm/accessor/accessors/web/services/index.json
    [junit] Retrieving library from file:/home/travis/build/icyphy/ptII/org/terraswarm/accessor/accessors/web/signals/index.json
    [junit] Retrieving library from file:/home/travis/build/icyphy/ptII/org/terraswarm/accessor/accessors/web/test/index.json
    [junit] Retrieving library from file:/home/travis/build/icyphy/ptII/org/terraswarm/accessor/accessors/web/utilities/index.json
    [junit] The Mutable accessor original file has no documentation, so we are not running jsdoc on https://accessors.org/utilities/Mutable.js
    [junit] ####################################################################################################################################################################################################################################################################################################################################################Retrieving library from file:/home/travis/build/icyphy/ptII/org/terraswarm/accessor/accessors/web/index.json
    [junit] Retrieving library from file:/home/travis/build/icyphy/ptII/org/terraswarm/accessor/accessors/web/adapters/index.json
    [junit] ####Retrieving library from file:/home/travis/build/icyphy/ptII/org/terraswarm/accessor/accessors/web/audio/index.json
    [junit] ###Retrieving library from file:/home/travis/build/icyphy/ptII/org/terraswarm/accessor/accessors/web/cameras/index.json
    [junit] ##Retrieving library from file:/home/travis/build/icyphy/ptII/org/terraswarm/accessor/accessors/web/dashboard/index.json
    [junit] ########Retrieving library from file:/home/travis/build/icyphy/ptII/org/terraswarm/accessor/accessors/web/devices/index.json
    [junit] #######Retrieving library from file:/home/travis/build/icyphy/ptII/org/terraswarm/accessor/accessors/web/image/index.json
    [junit] CharacterRecognition: The tesseract module was not present.  The CharacterRecognition accessor is not supported on this accessor host. (Thread[main,5,main])
    [junit] CharacterRecognition: The tesseract module was not present.  The CharacterRecognition accessor is not supported on this accessor host. (Thread[main,5,main])
    [junit] ########Retrieving library from file:/home/travis/build/icyphy/ptII/org/terraswarm/accessor/accessors/web/net/index.json
    [junit] #####################Retrieving library from file:/home/travis/build/icyphy/ptII/org/terraswarm/accessor/accessors/web/robotics/index.json
    [junit] #######Retrieving library from file:/home/travis/build/icyphy/ptII/org/terraswarm/accessor/accessors/web/geodesy/index.json
    [junit] ###Retrieving library from file:/home/travis/build/icyphy/ptII/org/terraswarm/accessor/accessors/web/services/index.json
    [junit] ################Retrieving library from file:/home/travis/build/icyphy/ptII/org/terraswarm/accessor/accessors/web/signals/index.json
    [junit] #Retrieving library from file:/home/travis/build/icyphy/ptII/org/terraswarm/accessor/accessors/web/test/index.json
    [junit] ################Retrieving library from file:/home/travis/build/icyphy/ptII/org/terraswarm/accessor/accessors/web/utilities/index.json
    [junit] The Mutable accessor original file has no documentation, so we are not running jsdoc on https://accessors.org/utilities/Mutable.js
    [junit] #####################################################################################################################################################################################################################################################################################---- Second call to Configuration.check
    [junit] #############################################################################################################################################################################################################################################################################################################################################################################CharacterRecognition: The tesseract module was not present.  The CharacterRecognition accessor is not supported on this accessor host. (Thread[main,5,main])
    [junit] ############################################################################################################################################################################################################################################################################################################################################################1557897867930 ms. Memory: 4678144K Free: 874263K (19%)
    [junit] Setting containers of atomic entities to null
    [junit] checkFullConstraints.tcl done!
    [junit] /home/travis/build/icyphy/ptII/ptolemy/configs/test/cloneTest.tcl
    [junit] Simple standalone clone test
    [junit] The constraints of the master:
    [junit]   1. (TypeConstant, arrayType(double,2)) <= (variable .Top.Map.origin: arrayType(double))
    [junit]   2. (TypeConstant, double) <= (variable .Top.Map.resolution: double)
    [junit]   3. (TypeConstant, {grid = arrayType(int,2), height = int, width = int}) <= (variable .Top.Map.map: {grid = arrayType(int), height = int, width = int})
    [junit]   4. (port .Top.Map.map: unknown) <= (variable .Top.Map.map: {grid = arrayType(int), height = int, width = int})
    [junit]   5. (variable .Top.Map.map: {grid = arrayType(int), height = int, width = int}) <= (port .Top.Map.map: unknown)
    [junit] The constraints of the clone:
    [junit]   1. (TypeConstant, arrayType(double,2)) <= (variable .Top.Map.origin: arrayType(double))
    [junit]   2. (TypeConstant, double) <= (variable .Top.Map.resolution: double)
    [junit]   3. (TypeConstant, {grid = arrayType(int,2), height = int, width = int}) <= (variable .Top.Map.map: {grid = arrayType(int), height = int, width = int})
    [junit]   4. (port .Top.Map.map: unknown) <= (variable .Top.Map.map: {grid = arrayType(int), height = int, width = int})
    [junit]   5. (variable .Top.Map.map: {grid = arrayType(int), height = int, width = int}) <= (port .Top.Map.map: unknown)
    [junit] Congrats, the constraints are the same.
    [junit] /home/travis/build/icyphy/ptII/ptolemy/configs/test/configurationTools.tcl
    [junit] /home/travis/build/icyphy/ptII/ptolemy/configs/test/missingDemos.tcl
    [junit] Updating /home/travis/build/icyphy/ptII/ptolemy/configs/test/../../../ptolemy/configs/doc/models.txt.  This could take a minute.
    [junit] 
    [junit] 
    [junit] ==== $PTII/ptolemy/configs/test/missingDemos.tcl: missingDemos-0.5 Update ptolemy/configs/doc/models.txt
    [junit] ==== Contents of test case:
    [junit] 
    [junit]     puts "Updating $PTII/ptolemy/configs/doc/models.txt.  This could take a minute."
    [junit]     # Use the all target instead of update because travis might not have
    [junit]     # write access to the repo.
    [junit]     exec -stderrok make -C ../doc all
    [junit]     puts "Done updating $PTII/ptolemy/configs/doc/models.txt"
    [junit]     file exists ../doc/models.txt
    [junit] 
    [junit] ==== Test generated error:
    [junit] make: Entering directory `/home/travis/build/icyphy/ptII/ptolemy/configs/doc'
    [junit] (cd ../../../ptolemy/configs/capecode; make capecodeModels.txt)
    [junit] make[1]: Entering directory `/home/travis/build/icyphy/ptII/ptolemy/configs/capecode'
    [junit] DISPLAY="" "/usr/lib/jvm/java-8-oracle/bin/java" "-Dptolemy.ptII.dir=/home/travis/build/icyphy/ptII" \
    [junit] 		-classpath "../../..::/home/travis/build/icyphy/ptII/ptolemy/actor/ptalon/antlr/antlr.jar::::/home/travis/build/icyphy/ptII/lib/bsh-2.0b4.jar:/home/travis/build/icyphy/ptII/lib/ptcolt.jar:::/home/travis/build/icyphy/ptII/lib/nrjavaserial-3.11.0.devel.jar:/home/travis/build/icyphy/ptII/lib/diva.jar:/home/travis/build/icyphy/ptII/lib/ptCal.jar:/home/travis/build/icyphy/ptII/lib/saxon8.jar:/home/travis/build/icyphy/ptII/lib/saxon8-dom.jar:/home/travis/build/icyphy/ptII/lib/java_cup.jar:/home/travis/build/icyphy/ptII/vendors/jai-1_1_2_01/lib/jai_core.jar:/home/travis/build/icyphy/ptII/vendors/jai-1_1_2_01/lib/jai_codec.jar:/home/travis/build/icyphy/ptII/vendors/j3d/lib/j3dcore.jar:/home/travis/build/icyphy/ptII/vendors/j3d/lib/j3dutils.jar:/home/travis/build/icyphy/ptII/vendors/j3d/lib/vecmath.jar::/home/travis/build/icyphy/ptII/lib/javax.mail.jar::/home/travis/build/icyphy/ptII/lib/jcerti.jar:/home/travis/build/icyphy/ptII/ptolemy/distributed/jini/jar/jini-core.jar:/home/travis/build/icyphy/ptII/ptolemy/distributed/jini/jar/jini-ext.jar:/home/travis/build/icyphy/ptII/vendors/JMF-2.1.1e/lib/jmf.jar:/home/travis/build/icyphy/ptII/lib/jna-4.0.0-variadic.jar::/home/travis/build/icyphy/ptII/vendors/misc/joystick/Joystick.jar:/home/travis/build/icyphy/ptII/lib/jsoup-1.8.2.jar:/home/travis/build/icyphy/ptII/ptolemy/actor/lib/excel/jxl.jar:/home/travis/build/icyphy/ptII/lib/junit-4.8.2.jar:/home/travis/build/icyphy/ptII/lib/JUnitParams-0.4.0.jar:/home/travis/build/icyphy/ptII/lib/jython.jar:/home/travis/build/icyphy/ptII/lib/kieler.jar:/home/travis/build/icyphy/ptII/vendors/opencv/share/OpenCV/java/opencv-341.jar:::/home/travis/build/icyphy/ptII/lib/oscP5.jar:/usr/lib/jvm/java-8-oracle/jre/../lib/tools.jar:/home/travis/build/icyphy/ptII/lib/mapss.jar:/home/travis/build/icyphy/ptII/ptolemy/domains/ptinyos/lib/jdom.jar:/home/travis/build/icyphy/ptII/ptolemy/domains/ptinyos/lib/nesc.jar:/home/travis/build/icyphy/ptII/lib/g4ltl.jar:::/home/travis/build/icyphy/ptII/vendors/misc/itext/iText.jar:/home/travis/build/icyphy/ptII/lib/ptjacl.jar:::/home/travis/build/icyphy/ptII/lib/org.eclipse.paho.client.mqttv3.jar::/home/travis/build/icyphy/ptII/lib/JRI.jar:/home/travis/build/icyphy/ptII/lib/commons-lang-2.6.jar:/home/travis/build/icyphy/ptII/lib/commons-logging-1.1.1.jar:/home/travis/build/icyphy/ptII/lib/PDFRenderer.jar:/home/travis/build/icyphy/ptII/lib/protobuf-java-2.4.1.jar:/home/travis/build/icyphy/ptII/lib/slf4j-api-1.7.13.jar:/home/travis/build/icyphy/ptII/lib/slf4j-simple-1.7.13.jar::::/home/travis/build/icyphy/ptII/vendors/misc/sphinx4/sphinx4-data-5prealpha.jar:/home/travis/build/icyphy/ptII/vendors/misc/sphinx4/sphinx4-core-5prealpha.jar:space/space.jar:/home/travis/build/icyphy/ptII/lib/StructuralCoder.jar:/home/travis/build/icyphy/ptII/lib/svgSalamander.jar:/home/travis/build/icyphy/ptII/lib/rsyntaxtextarea-2.6.0-SNAPSHOT.jar:/home/travis/build/icyphy/ptII/ptolemy/domains/ptinyos/lib/jdom.jar:/home/travis/build/icyphy/ptII/ptolemy/domains/ptinyos/lib/nesc.jar::/home/travis/build/icyphy/ptII/lib/hazelcast-3.8.2.jar:/home/travis/build/icyphy/ptII/lib/jackson-annotations-2.9.0.jar:/home/travis/build/icyphy/ptII/lib/jackson-core-2.9.3.jar:/home/travis/build/icyphy/ptII/lib/jackson-databind-2.9.3.jar:/home/travis/build/icyphy/ptII/lib/netty-buffer-4.1.19.Final.jar:/home/travis/build/icyphy/ptII/lib/netty-codec-4.1.19.Final.jar:/home/travis/build/icyphy/ptII/lib/netty-codec-dns-4.1.19.Final.jar:/home/travis/build/icyphy/ptII/lib/netty-codec-http-4.1.19.Final.jar:/home/travis/build/icyphy/ptII/lib/netty-codec-http2-4.1.19.Final.jar:/home/travis/build/icyphy/ptII/lib/netty-common-4.1.19.Final.jar:/home/travis/build/icyphy/ptII/lib/netty-handler-4.1.19.Final.jar:/home/travis/build/icyphy/ptII/lib/netty-resolver-4.1.19.Final.jar:/home/travis/build/icyphy/ptII/lib/netty-resolver-dns-4.1.19.Final.jar:/home/travis/build/icyphy/ptII/lib/netty-transport-4.1.19.Final.jar:/home/travis/build/icyphy/ptII/lib/vertx-codegen-3.5.1.jar:/home/travis/build/icyphy/ptII/lib/vertx-core-3.5.2-SNAPSHOT.jar:/home/travis/build/icyphy/ptII/lib/vertx-hazelcast-3.5.1.jar:/home/travis/build/icyphy/ptII/lib/vertx-lang-js-3.5.1.jar:/home/travis/build/icyphy/ptII/lib/vertx-service-proxy-3.5.1.jar:/home/travis/build/icyphy/ptII/lib/vertx-web-3.5.1.jar:/home/travis/build/icyphy/ptII/lib/webcam-capture-0.3.12.jar:/home/travis/build/icyphy/ptII/lib/bridj-0.7.0.jar:/home/travis/build/icyphy/ptII/lib/xbjlib-1.1.0.nrjavaserial.jar:/home/travis/build/icyphy/ptII/lib/sootclasses.jar::/usr/lib/jvm/java-8-oracle/jre/lib/rt.jar:/usr/lib/jvm/java-8-oracle/jre/lib/jce.jar" \
    [junit] 		ptolemy.actor.gui.HTMLAbout demonstrations.htm capecodeModels.txt
    [junit] Printing '.' for regular models, 'P' for models with LiveLinks.
    [junit] ..PJSAccessor: PT_NO_NET environment variable is set, so git pull and ptdoc are not being run.
    [junit] No physical cameras found, using WebcamDummyDriver.
    [junit] .P.P.P.P.P..P..PClipPlayerHelper: failed to instantiate a JFXPanel, which can happen if a graphical display is not present: java.lang.UnsupportedOperationException: Unable to open DISPLAY
    [junit] .P..P.P...P.....P..P..P.P.P..P..P...P...P.P#
    [junit] # There is insufficient memory for the Java Runtime Environment to continue.
    [junit] # Native memory allocation (mmap) failed to map 92274688 bytes for committing reserved memory.
    [junit] # An error report file with more information is saved as:
    [junit] # /home/travis/build/icyphy/ptII/ptolemy/configs/capecode/hs_err_pid1891.log
    [junit] make[1]: Leaving directory `/home/travis/build/icyphy/ptII/ptolemy/configs/capecode'
    [junit] make: Leaving directory `/home/travis/build/icyphy/ptII/ptolemy/configs/doc'
    [junit] [main] INFO com.github.sarxos.webcam.Webcam - WebcamDefaultDriver capture driver will be used
    [junit] libdc1394 error: Failed to initialize libdc1394
    [junit] Java HotSpot(TM) 64-Bit Server VM warning: INFO: os::commit_memory(0x0000000097780000, 92274688, 0) failed; error='Cannot allocate memory' (errno=12)
    [junit] make[1]: *** [capecodeModels.txt] Error 1
    [junit] make: *** [../../../ptolemy/configs/capecode/capecodeModels.txt] Error 2
    [junit]     while executing
    [junit] "exec -stderrok make -C ../doc all"
    [junit]     ("uplevel" body line 5)
    [junit]     invoked from within
    [junit] "uplevel $contents_of_test"
    [junit] 
    [junit] 
    [junit] ==== $PTII/ptolemy/configs/test/missingDemos.tcl: missingDemos-1.0 Look for demos listed in configs/doc/demos.html that are not in models.txt
    [junit] ==== Contents of test case:
    [junit] 
    [junit]     # Run it once to build any missing files.  It is ok if we have output on stderr.
    [junit]     exec -stderrok make -C ../doc missingDemos
    [junit]     jdkCaptureOutAndErr {
    [junit] 	exec make -C ../doc --no-print-directory missingDemos
    [junit]     } out err
    [junit]     puts "Stderr for 'make -C ../doc missingDemos' was\n--start--\n$err\n--end--"
    [junit]     regsub -all {make: [^']*'} $err {} err2
    [junit]     list $out $err2
    [junit] 
    [junit] ==== Test generated error:
    [junit] make: Entering directory `/home/travis/build/icyphy/ptII/ptolemy/configs/doc'
    [junit] #
    [junit] # Starting to build models.txt: Wed May 15 05:25:13 UTC 2019
    [junit] #
    [junit] # See https://chess.eecs.berkeley.edu/ptexternal/wiki/Main/Finalizers for why we set DISPLAY
    [junit] DISPLAY="" "/usr/lib/jvm/java-8-oracle/bin/java"  -Xmx1500m "-Dptolemy.ptII.dir=/home/travis/build/icyphy/ptII" \
    [junit] 		-classpath "../../..::/home/travis/build/icyphy/ptII/ptolemy/actor/ptalon/antlr/antlr.jar::::/home/travis/build/icyphy/ptII/lib/bsh-2.0b4.jar:/home/travis/build/icyphy/ptII/lib/ptcolt.jar:::/home/travis/build/icyphy/ptII/lib/nrjavaserial-3.11.0.devel.jar:/home/travis/build/icyphy/ptII/lib/diva.jar:/home/travis/build/icyphy/ptII/lib/ptCal.jar:/home/travis/build/icyphy/ptII/lib/saxon8.jar:/home/travis/build/icyphy/ptII/lib/saxon8-dom.jar:/home/travis/build/icyphy/ptII/lib/java_cup.jar:/home/travis/build/icyphy/ptII/vendors/jai-1_1_2_01/lib/jai_core.jar:/home/travis/build/icyphy/ptII/vendors/jai-1_1_2_01/lib/jai_codec.jar:/home/travis/build/icyphy/ptII/vendors/j3d/lib/j3dcore.jar:/home/travis/build/icyphy/ptII/vendors/j3d/lib/j3dutils.jar:/home/travis/build/icyphy/ptII/vendors/j3d/lib/vecmath.jar::/home/travis/build/icyphy/ptII/lib/javax.mail.jar::/home/travis/build/icyphy/ptII/lib/jcerti.jar:/home/travis/build/icyphy/ptII/ptolemy/distributed/jini/jar/jini-core.jar:/home/travis/build/icyphy/ptII/ptolemy/distributed/jini/jar/jini-ext.jar:/home/travis/build/icyphy/ptII/vendors/JMF-2.1.1e/lib/jmf.jar:/home/travis/build/icyphy/ptII/lib/jna-4.0.0-variadic.jar::/home/travis/build/icyphy/ptII/vendors/misc/joystick/Joystick.jar:/home/travis/build/icyphy/ptII/lib/jsoup-1.8.2.jar:/home/travis/build/icyphy/ptII/ptolemy/actor/lib/excel/jxl.jar:/home/travis/build/icyphy/ptII/lib/junit-4.8.2.jar:/home/travis/build/icyphy/ptII/lib/JUnitParams-0.4.0.jar:/home/travis/build/icyphy/ptII/lib/jython.jar:/home/travis/build/icyphy/ptII/lib/kieler.jar:/home/travis/build/icyphy/ptII/vendors/opencv/share/OpenCV/java/opencv-341.jar:::/home/travis/build/icyphy/ptII/lib/oscP5.jar:/usr/lib/jvm/java-8-oracle/jre/../lib/tools.jar:/home/travis/build/icyphy/ptII/lib/mapss.jar:/home/travis/build/icyphy/ptII/ptolemy/domains/ptinyos/lib/jdom.jar:/home/travis/build/icyphy/ptII/ptolemy/domains/ptinyos/lib/nesc.jar:/home/travis/build/icyphy/ptII/lib/g4ltl.jar:::/home/travis/build/icyphy/ptII/vendors/misc/itext/iText.jar:/home/travis/build/icyphy/ptII/lib/ptjacl.jar:::/home/travis/build/icyphy/ptII/lib/org.eclipse.paho.client.mqttv3.jar::/home/travis/build/icyphy/ptII/lib/JRI.jar:/home/travis/build/icyphy/ptII/lib/commons-lang-2.6.jar:/home/travis/build/icyphy/ptII/lib/commons-logging-1.1.1.jar:/home/travis/build/icyphy/ptII/lib/PDFRenderer.jar:/home/travis/build/icyphy/ptII/lib/protobuf-java-2.4.1.jar:/home/travis/build/icyphy/ptII/lib/slf4j-api-1.7.13.jar:/home/travis/build/icyphy/ptII/lib/slf4j-simple-1.7.13.jar::::/home/travis/build/icyphy/ptII/vendors/misc/sphinx4/sphinx4-data-5prealpha.jar:/home/travis/build/icyphy/ptII/vendors/misc/sphinx4/sphinx4-core-5prealpha.jar:space/space.jar:/home/travis/build/icyphy/ptII/lib/StructuralCoder.jar:/home/travis/build/icyphy/ptII/lib/svgSalamander.jar:/home/travis/build/icyphy/ptII/lib/rsyntaxtextarea-2.6.0-SNAPSHOT.jar:/home/travis/build/icyphy/ptII/ptolemy/domains/ptinyos/lib/jdom.jar:/home/travis/build/icyphy/ptII/ptolemy/domains/ptinyos/lib/nesc.jar::/home/travis/build/icyphy/ptII/lib/hazelcast-3.8.2.jar:/home/travis/build/icyphy/ptII/lib/jackson-annotations-2.9.0.jar:/home/travis/build/icyphy/ptII/lib/jackson-core-2.9.3.jar:/home/travis/build/icyphy/ptII/lib/jackson-databind-2.9.3.jar:/home/travis/build/icyphy/ptII/lib/netty-buffer-4.1.19.Final.jar:/home/travis/build/icyphy/ptII/lib/netty-codec-4.1.19.Final.jar:/home/travis/build/icyphy/ptII/lib/netty-codec-dns-4.1.19.Final.jar:/home/travis/build/icyphy/ptII/lib/netty-codec-http-4.1.19.Final.jar:/home/travis/build/icyphy/ptII/lib/netty-codec-http2-4.1.19.Final.jar:/home/travis/build/icyphy/ptII/lib/netty-common-4.1.19.Final.jar:/home/travis/build/icyphy/ptII/lib/netty-handler-4.1.19.Final.jar:/home/travis/build/icyphy/ptII/lib/netty-resolver-4.1.19.Final.jar:/home/travis/build/icyphy/ptII/lib/netty-resolver-dns-4.1.19.Final.jar:/home/travis/build/icyphy/ptII/lib/netty-transport-4.1.19.Final.jar:/home/travis/build/icyphy/ptII/lib/vertx-codegen-3.5.1.jar:/home/travis/build/icyphy/ptII/lib/vertx-core-3.5.2-SNAPSHOT.jar:/home/travis/build/icyphy/ptII/lib/vertx-hazelcast-3.5.1.jar:/home/travis/build/icyphy/ptII/lib/vertx-lang-js-3.5.1.jar:/home/travis/build/icyphy/ptII/lib/vertx-service-proxy-3.5.1.jar:/home/travis/build/icyphy/ptII/lib/vertx-web-3.5.1.jar:/home/travis/build/icyphy/ptII/lib/webcam-capture-0.3.12.jar:/home/travis/build/icyphy/ptII/lib/bridj-0.7.0.jar:/home/travis/build/icyphy/ptII/lib/xbjlib-1.1.0.nrjavaserial.jar:/home/travis/build/icyphy/ptII/lib/sootclasses.jar::/usr/lib/jvm/java-8-oracle/jre/lib/rt.jar:/usr/lib/jvm/java-8-oracle/jre/lib/jce.jar" \
    [junit] 		ptolemy.actor.gui.HTMLAbout 
    [junit] Printing '.' for regular models, 'P' for models with LiveLinks.
    [junit] .....P.......P.......P................PJSAccessor: PT_NO_NET environment variable is set, so git pull and ptdoc are not being run.
    [junit] ...P...P....PNo physical cameras found, using WebcamDummyDriver.
    [junit] .P.........P.P....P....................P..P..PClipPlayerHelper: failed to instantiate a JFXPanel, which can happen if a graphical display is not present: java.lang.UnsupportedOperationException: Unable to open DISPLAY
    [junit] ...P.....P......P......P.........P.....P...P..................P.................P.....P....P.P........P.....P..P.....P..P......P........P......P.P......P.......P...P.........P....P.....P....P.......P.............................P..P...P..P..P....P.....P.P.................P........P.P..........P.P............P....P..........P.....P.P.P.P......P.......P..............P...P............P.....P........................P.....P..P.....P.....P.P..........P.........P.....P.P...P..P....P..P#
    [junit] # There is insufficient memory for the Java Runtime Environment to continue.
    [junit] # Native memory allocation (mmap) failed to map 51904512 bytes for committing reserved memory.
    [junit] # An error report file with more information is saved as:
    [junit] # /home/travis/build/icyphy/ptII/ptolemy/configs/doc/hs_err_pid1952.log
    [junit] make: Leaving directory `/home/travis/build/icyphy/ptII/ptolemy/configs/doc'
    [junit] [main] INFO com.github.sarxos.webcam.Webcam - WebcamDefaultDriver capture driver will be used
    [junit] libdc1394 error: Failed to initialize libdc1394
    [junit] Java HotSpot(TM) 64-Bit Server VM warning: INFO: os::commit_memory(0x00000000b4e80000, 51904512, 0) failed; error='Cannot allocate memory' (errno=12)
    [junit] make: *** [models.txt] Error 1
    [junit]     while executing
    [junit] "exec -stderrok make -C ../doc missingDemos"
    [junit]     ("uplevel" body line 3)
    [junit]     invoked from within
    [junit] "uplevel $contents_of_test"
    [junit] Stderr for '/home/travis/build/icyphy/ptII/ptolemy/configs/test/../../../ptolemy/configs/test/missingDemos' was
    [junit] --start--
    [junit] The ptolemy/actor/lib/r/demo directory is not found in completeDemo.htm
    [junit]     <!-- ../../../ptolemy/actor/lib/r/demo -->
    [junit] The ptolemy/actor/ptalon/gt/demo directory is not found in completeDemo.htm
    [junit]     <!-- ../../../ptolemy/actor/ptalon/gt/demo -->
    [junit] The ptolemy/domains/sdf/optimize/demo directory is not found in completeDemo.htm
    [junit]     <!-- ../../../ptolemy/domains/sdf/optimize/demo -->
    [junit] Error: lbnl/demo/CRoom/CRoom.xml is not present in /home/travis/build/icyphy/ptII/ptolemy/configs/doc/models.txt, but is present in completeDemos.htm.  Maybe you need to run: (cd /home/travis/build/icyphy/ptII/ptolemy/configs/doc; make update)?
    [junit] --end--
    [junit] 
    [junit] 
    [junit] ==== $PTII/ptolemy/configs/test/missingDemos.tcl: missingDemos-2.0 Run the missingDemos script.
    [junit] ==== Contents of test case:
    [junit] 
    [junit]     jdkCaptureOutAndErr {
    [junit] 	# In the installer, missingDemos might not be executable.
    [junit] 	exec chmod a+x $PTII/ptolemy/configs/test/missingDemos
    [junit]         exec $PTII/ptolemy/configs/test/missingDemos
    [junit]     } out err
    [junit]     puts "Stderr for '$PTII/ptolemy/configs/test/missingDemos' was\n--start--\n$err\n--end--"
    [junit]     regsub -all {make: [^']*'} $err {} err2
    [junit]     list $out $err2
    [junit] 
    [junit] ==== Result was:
    [junit] {} {The ptolemy/actor/lib/r/demo directory is not found in completeDemo.htm
    [junit]     <!-- ../../../ptolemy/actor/lib/r/demo -->
    [junit] The ptolemy/actor/ptalon/gt/demo directory is not found in completeDemo.htm
    [junit]     <!-- ../../../ptolemy/actor/ptalon/gt/demo -->
    [junit] The ptolemy/domains/sdf/optimize/demo directory is not found in completeDemo.htm
    [junit]     <!-- ../../../ptolemy/domains/sdf/optimize/demo -->
    [junit] Error: lbnl/demo/CRoom/CRoom.xml is not present in /home/travis/build/icyphy/ptII/ptolemy/configs/doc/models.txt, but is present in completeDemos.htm.  Maybe you need to run: (cd /home/travis/build/icyphy/ptII/ptolemy/configs/doc; make update)?}
    [junit] ---- Result should have been:
    [junit] {} {}
    [junit] ---- missingDemos-2.0 FAILED
    [junit] /home/travis/build/icyphy/ptII/ptolemy/configs/test/validDemos.tcl
    [junit] Validating the xml in /auto/ xml files after removing the configure blocks
    [junit] ...................................................................................................................................................................................................................................................................................................................................................................................................................................................................................................................................................................................................................................................................................................................................................................................................................................................................................................................................................................................................................................................................................................................................................................................................................................................................................................................................................................................................................................................................................................................................................................................................................................................................................................................................................................................................................................................................................................................................................................................................................................................................................................................................................................................................................................................................................................................................................................................................................................................................................................................................................................................................................................................................................................................................................................................................................................................................................................................................................................................................................................Checked 2915 demos from configs/doc/models.txt
    [junit] Validating the xml in demo xml files after removing the configure blocks
    [junit] .......................................................................................................................................................................................................................................................................................................................................................................................................................................................................................................................................................................................................................................................................................05/15/19 05:29:00
    [junit] Failed: 3  Total Tests: 3666  ((Passed: 3663, Newly Passed: 0)  Known Failed: 0) /home/travis/build/icyphy/ptII/ptolemy/configs/test
    [junit] No auto/knownFailedTests/*.xml tests in /home/travis/build/icyphy/ptII/ptolemy/configs/test
    [junit] No auto/linux-amd64/*.xml tests in /home/travis/build/icyphy/ptII/ptolemy/configs/test
    [junit] AutoTests.java: About to close Vertx.
    [junit] AutoTests.java: Vertx closed.
    [junit] No auto/*.xml tests in /home/travis/build/icyphy/ptII/ptolemy/configs/test
    [junit] AutoTests.java: About to close Vertx.
    [junit] AutoTests.java: Vertx closed.
    [junit] 
    [junit] Error: 
    [junit] [main] INFO com.github.sarxos.webcam.Webcam - WebcamDefaultDriver capture driver will be used
    [junit] java.lang.Exception: Evaluating the Tcl file "/home/travis/build/icyphy/ptII/ptolemy/configs/test/validDemos.tcl"resulted in a TclException being thrown.
    [junit] The Tcl errorInfo global variable has the value:
    [junit] couldn't open "NoisySinewave.xm": no such file or directory
    [junit]     while executing
    [junit] "open $modelPath"
    [junit]     invoked from within
    [junit] "set fp [open $modelPath]"
    [junit]     ("foreach" body line 10)
    [junit]     invoked from within
    [junit] "foreach model $models {
    [junit] 	if {[string length $model] < 1} {
    [junit] 	    continue
    [junit] 	}
    [junit] 	incr count
    [junit] 	regsub {\$CLASSPATH} $model "$PTII" modelPath
    [junit] 	puts -nonewlin..."
    [junit]     (procedure "validateModels" line 7)
    [junit]     invoked from within
    [junit] "validateModels $models"
    [junit]     (file "/home/travis/build/icyphy/ptII/ptolemy/configs/test/validDemos.tcl" line 120)
    [junit] 	at ptolemy.util.test.junit.TclTests.RunTclFile(TclTests.java:253)
    [junit] 	at sun.reflect.NativeMethodAccessorImpl.invoke0(Native Method)
    [junit] 	at sun.reflect.NativeMethodAccessorImpl.invoke(NativeMethodAccessorImpl.java:62)
    [junit] 	at sun.reflect.DelegatingMethodAccessorImpl.invoke(DelegatingMethodAccessorImpl.java:43)
    [junit] 	at java.lang.reflect.Method.invoke(Method.java:498)
    [junit] 	at org.junit.runners.model.FrameworkMethod$1.runReflectiveCall(FrameworkMethod.java:44)
    [junit] 	at org.junit.internal.runners.model.ReflectiveCallable.run(ReflectiveCallable.java:15)
    [junit] 	at org.junit.runners.model.FrameworkMethod.invokeExplosively(FrameworkMethod.java:41)
    [junit] 	at junitparams.internal.InvokeParameterisedMethod.evaluate(InvokeParameterisedMethod.java:102)
    [junit] 	at junitparams.internal.ParameterisedTestMethodRunner.runMethodInvoker(ParameterisedTestMethodRunner.java:47)
    [junit] 	at junitparams.internal.ParameterisedTestMethodRunner.runTestMethod(ParameterisedTestMethodRunner.java:41)
    [junit] 	at junitparams.internal.ParameterisedTestClassRunner.runParameterisedTest(ParameterisedTestClassRunner.java:143)
    [junit] 	at junitparams.JUnitParamsRunner.runChild(JUnitParamsRunner.java:237)
    [junit] 	at junitparams.JUnitParamsRunner.runChild(JUnitParamsRunner.java:215)
    [junit] 	at org.junit.runners.ParentRunner$3.run(ParentRunner.java:193)
    [junit] 	at org.junit.runners.ParentRunner$1.schedule(ParentRunner.java:52)
    [junit] 	at org.junit.runners.ParentRunner.runChildren(ParentRunner.java:191)
    [junit] 	at org.junit.runners.ParentRunner.access$000(ParentRunner.java:42)
    [junit] 	at org.junit.runners.ParentRunner$2.evaluate(ParentRunner.java:184)
    [junit] 	at org.junit.internal.runners.statements.RunAfters.evaluate(RunAfters.java:31)
    [junit] 	at org.junit.runners.ParentRunner.run(ParentRunner.java:236)
    [junit] 	at org.junit.runners.Suite.runChild(Suite.java:128)
    [junit] 	at org.junit.runners.Suite.runChild(Suite.java:24)
    [junit] 	at org.junit.runners.ParentRunner$3.run(ParentRunner.java:193)
    [junit] 	at org.junit.runners.ParentRunner$1.schedule(ParentRunner.java:52)
    [junit] 	at org.junit.runners.ParentRunner.runChildren(ParentRunner.java:191)
    [junit] 	at org.junit.runners.ParentRunner.access$000(ParentRunner.java:42)
    [junit] 	at org.junit.runners.ParentRunner$2.evaluate(ParentRunner.java:184)
    [junit] 	at org.junit.runners.ParentRunner.run(ParentRunner.java:236)
    [junit] 	at junit.framework.JUnit4TestAdapter.run(JUnit4TestAdapter.java:39)
    [junit] 	at org.apache.tools.ant.taskdefs.optional.junit.JUnitTestRunner.run(JUnitTestRunner.java:535)
    [junit] 	at org.apache.tools.ant.taskdefs.optional.junit.JUnitTestRunner.launch(JUnitTestRunner.java:1182)
    [junit] 	at org.apache.tools.ant.taskdefs.optional.junit.JUnitTestRunner.main(JUnitTestRunner.java:1033)
    [junit] 
    [junit] Test ptolemy.configs.test.junit.JUnitTclTest FAILED

BUILD SUCCESSFUL
Total time: 18 minutes 18 seconds
