<?xml version="1.0" encoding="UTF-8" ?>
<testsuite errors="0" failures="0" hostname="travis-job-c8456778-40a2-4074-bf8b-48d2f27beaf3" name="ptolemy.domains.de.test.junit.JUnitTclTest" skipped="0" tests="101" time="135.789" timestamp="2019-07-14T04:49:41">
  <properties>
[...]
</properties>
  <testcase classname="ptolemy.util.test.junit.TclTests" name="[0] /home/travis/build/icyphy/ptII/ptolemy/domains/de/test/DependencyLoop.tcl (RunTclFile)" time="1.175" />
  <testcase classname="ptolemy.util.test.junit.TclTests" name="[1] /home/travis/build/icyphy/ptII/ptolemy/domains/de/test/RunDETestsAsQSS.tcl (RunTclFile)" time="91.81" />
  <testcase classname="ptolemy.util.test.junit.AutoKnownFailedTests" name="[0] /home/travis/build/icyphy/ptII/ptolemy/domains/de/test/auto/knownFailedTests/DESDFClockTest.xml (RunModel)" time="2.049" />
  <testcase classname="ptolemy.util.test.junit.AutoKnownFailedTests" name="[1] /home/travis/build/icyphy/ptII/ptolemy/domains/de/test/auto/knownFailedTests/DirectFeedback.xml (RunModel)" time="0.018" />
  <testcase classname="ptolemy.util.test.junit.AutoKnownFailedTests" name="[2] /home/travis/build/icyphy/ptII/ptolemy/domains/de/test/auto/knownFailedTests/FSMSource.xml (RunModel)" time="0.027" />
  <testcase classname="ptolemy.util.test.junit.AutoKnownFailedTests" name="[3] /home/travis/build/icyphy/ptII/ptolemy/domains/de/test/auto/knownFailedTests/HierarchicalModel.xml (RunModel)" time="0.072" />
  <testcase classname="ptolemy.util.test.junit.AutoKnownFailedTests" name="[4] /home/travis/build/icyphy/ptII/ptolemy/domains/de/test/auto/knownFailedTests/dependencyLoop.xml (RunModel)" time="0.057" />
  <testcase classname="ptolemy.util.test.junit.AutoKnownFailedTests" name="[5] /home/travis/build/icyphy/ptII/ptolemy/domains/de/test/auto/knownFailedTests/dependencyLoop2.xml (RunModel)" time="0.051" />
  <testcase classname="ptolemy.util.test.junit.AutoNameArchTests" name="[0] ThereAreNoAutoArchTests (RunModel)" time="0.002" />
  <testcase classname="ptolemy.util.test.junit.AutoTests" name="[0] /home/travis/build/icyphy/ptII/ptolemy/domains/de/test/auto/ActorDepthCalculation_actorWithoutPorts.xml (RunModel)" time="0.021" />
  <testcase classname="ptolemy.util.test.junit.AutoTests" name="[1] /home/travis/build/icyphy/ptII/ptolemy/domains/de/test/auto/AssemblyLine.xml (RunModel)" time="0.03" />
  <testcase classname="ptolemy.util.test.junit.AutoTests" name="[2] /home/travis/build/icyphy/ptII/ptolemy/domains/de/test/auto/CQBug1.xml (RunModel)" time="0.013" />
  <testcase classname="ptolemy.util.test.junit.AutoTests" name="[3] /home/travis/build/icyphy/ptII/ptolemy/domains/de/test/auto/CancelFireAt.xml (RunModel)" time="0.027" />
  <testcase classname="ptolemy.util.test.junit.AutoTests" name="[4] /home/travis/build/icyphy/ptII/ptolemy/domains/de/test/auto/CausalityAndComposabilityAnalysis.xml (RunModel)" time="0.017" />
  <testcase classname="ptolemy.util.test.junit.AutoTests" name="[5] /home/travis/build/icyphy/ptII/ptolemy/domains/de/test/auto/CausalityInterface1.xml (RunModel)" time="0.017" />
  <testcase classname="ptolemy.util.test.junit.AutoTests" name="[6] /home/travis/build/icyphy/ptII/ptolemy/domains/de/test/auto/CausalityInterface15.xml (RunModel)" time="0.017" />
  <testcase classname="ptolemy.util.test.junit.AutoTests" name="[7] /home/travis/build/icyphy/ptII/ptolemy/domains/de/test/auto/CausalityInterface2.xml (RunModel)" time="0.016" />
  <testcase classname="ptolemy.util.test.junit.AutoTests" name="[8] /home/travis/build/icyphy/ptII/ptolemy/domains/de/test/auto/CausalityInterface3.xml (RunModel)" time="0.013" />
  <testcase classname="ptolemy.util.test.junit.AutoTests" name="[9] /home/travis/build/icyphy/ptII/ptolemy/domains/de/test/auto/ClockDrift.xml (RunModel)" time="0.041" />
  <testcase classname="ptolemy.util.test.junit.AutoTests" name="[10] /home/travis/build/icyphy/ptII/ptolemy/domains/de/test/auto/ClockDriftAndValueChange.xml (RunModel)" time="0.038" />
  <testcase classname="ptolemy.util.test.junit.AutoTests" name="[11] /home/travis/build/icyphy/ptII/ptolemy/domains/de/test/auto/ClockDriftChange.xml (RunModel)" time="0.036" />
  <testcase classname="ptolemy.util.test.junit.AutoTests" name="[12] /home/travis/build/icyphy/ptII/ptolemy/domains/de/test/auto/ComposableCausalityAnalysis.xml (RunModel)" time="0.016" />
  <testcase classname="ptolemy.util.test.junit.AutoTests" name="[13] /home/travis/build/icyphy/ptII/ptolemy/domains/de/test/auto/DEFixedPointLimitation.xml (RunModel)" time="0.014" />
  <testcase classname="ptolemy.util.test.junit.AutoTests" name="[14] /home/travis/build/icyphy/ptII/ptolemy/domains/de/test/auto/DEScheduleTest.xml (RunModel)" time="0.018" />
  <testcase classname="ptolemy.util.test.junit.AutoTests" name="[15] /home/travis/build/icyphy/ptII/ptolemy/domains/de/test/auto/DEinDEwithStartTimes.xml (RunModel)" time="0.017" />
  <testcase classname="ptolemy.util.test.junit.AutoTests" name="[16] /home/travis/build/icyphy/ptII/ptolemy/domains/de/test/auto/DEinDEwithStartTimes2.xml (RunModel)" time="0.018" />
  <testcase classname="ptolemy.util.test.junit.AutoTests" name="[17] /home/travis/build/icyphy/ptII/ptolemy/domains/de/test/auto/DateDemo.xml (RunModel)" time="0.036" />
  <testcase classname="ptolemy.util.test.junit.AutoTests" name="[18] /home/travis/build/icyphy/ptII/ptolemy/domains/de/test/auto/DateToEvent.xml (RunModel)" time="2.046" />
  <testcase classname="ptolemy.util.test.junit.AutoTests" name="[19] /home/travis/build/icyphy/ptII/ptolemy/domains/de/test/auto/DepthTest1.xml (RunModel)" time="0.009" />
  <testcase classname="ptolemy.util.test.junit.AutoTests" name="[20] /home/travis/build/icyphy/ptII/ptolemy/domains/de/test/auto/DepthTest2.xml (RunModel)" time="0.025" />
  <testcase classname="ptolemy.util.test.junit.AutoTests" name="[21] /home/travis/build/icyphy/ptII/ptolemy/domains/de/test/auto/DepthTest3.xml (RunModel)" time="0.01" />
  <testcase classname="ptolemy.util.test.junit.AutoTests" name="[22] /home/travis/build/icyphy/ptII/ptolemy/domains/de/test/auto/DepthTest4.xml (RunModel)" time="0.026" />
  <testcase classname="ptolemy.util.test.junit.AutoTests" name="[23] /home/travis/build/icyphy/ptII/ptolemy/domains/de/test/auto/DepthTest5.xml (RunModel)" time="0.014" />
  <testcase classname="ptolemy.util.test.junit.AutoTests" name="[24] /home/travis/build/icyphy/ptII/ptolemy/domains/de/test/auto/DepthTest6.xml (RunModel)" time="0.016" />
  <testcase classname="ptolemy.util.test.junit.AutoTests" name="[25] /home/travis/build/icyphy/ptII/ptolemy/domains/de/test/auto/DepthTest7.xml (RunModel)" time="0.019" />
  <testcase classname="ptolemy.util.test.junit.AutoTests" name="[26] /home/travis/build/icyphy/ptII/ptolemy/domains/de/test/auto/EventToDate.xml (RunModel)" time="3.054" />
  <testcase classname="ptolemy.util.test.junit.AutoTests" name="[27] /home/travis/build/icyphy/ptII/ptolemy/domains/de/test/auto/FSM1.xml (RunModel)" time="0.049" />
  <testcase classname="ptolemy.util.test.junit.AutoTests" name="[28] /home/travis/build/icyphy/ptII/ptolemy/domains/de/test/auto/FSM7.xml (RunModel)" time="0.04" />
  <testcase classname="ptolemy.util.test.junit.AutoTests" name="[29] /home/travis/build/icyphy/ptII/ptolemy/domains/de/test/auto/Inspection.xml (RunModel)" time="0.045" />
  <testcase classname="ptolemy.util.test.junit.AutoTests" name="[30] /home/travis/build/icyphy/ptII/ptolemy/domains/de/test/auto/Iteration.xml (RunModel)" time="0.027" />
  <testcase classname="ptolemy.util.test.junit.AutoTests" name="[31] /home/travis/build/icyphy/ptII/ptolemy/domains/de/test/auto/LineFault.xml (RunModel)" time="0.624" />
  <testcase classname="ptolemy.util.test.junit.AutoTests" name="[32] /home/travis/build/icyphy/ptII/ptolemy/domains/de/test/auto/MergeModel1Add.xml (RunModel)" time="0.062" />
  <testcase classname="ptolemy.util.test.junit.AutoTests" name="[33] /home/travis/build/icyphy/ptII/ptolemy/domains/de/test/auto/MergeModel2Add.xml (RunModel)" time="0.039" />
  <testcase classname="ptolemy.util.test.junit.AutoTests" name="[34] /home/travis/build/icyphy/ptII/ptolemy/domains/de/test/auto/MergeModel3Add.xml (RunModel)" time="0.049" />
  <testcase classname="ptolemy.util.test.junit.AutoTests" name="[35] /home/travis/build/icyphy/ptII/ptolemy/domains/de/test/auto/MergeWithoutDiscard.xml (RunModel)" time="0.02" />
  <testcase classname="ptolemy.util.test.junit.AutoTests" name="[36] /home/travis/build/icyphy/ptII/ptolemy/domains/de/test/auto/Modal1.xml (RunModel)" time="0.035" />
  <testcase classname="ptolemy.util.test.junit.AutoTests" name="[37] /home/travis/build/icyphy/ptII/ptolemy/domains/de/test/auto/Modal2.xml (RunModel)" time="0.029" />
  <testcase classname="ptolemy.util.test.junit.AutoTests" name="[38] /home/travis/build/icyphy/ptII/ptolemy/domains/de/test/auto/Modal3.xml (RunModel)" time="0.041" />
  <testcase classname="ptolemy.util.test.junit.AutoTests" name="[39] /home/travis/build/icyphy/ptII/ptolemy/domains/de/test/auto/Modal4.xml (RunModel)" time="0.036" />
  <testcase classname="ptolemy.util.test.junit.AutoTests" name="[40] /home/travis/build/icyphy/ptII/ptolemy/domains/de/test/auto/Modal5.xml (RunModel)" time="0.042" />
  <testcase classname="ptolemy.util.test.junit.AutoTests" name="[41] /home/travis/build/icyphy/ptII/ptolemy/domains/de/test/auto/Modal6.xml (RunModel)" time="0.037" />
  <testcase classname="ptolemy.util.test.junit.AutoTests" name="[42] /home/travis/build/icyphy/ptII/ptolemy/domains/de/test/auto/Modal7.xml (RunModel)" time="0.031" />
  <testcase classname="ptolemy.util.test.junit.AutoTests" name="[43] /home/travis/build/icyphy/ptII/ptolemy/domains/de/test/auto/ModalModel.xml (RunModel)" time="0.18" />
  <testcase classname="ptolemy.util.test.junit.AutoTests" name="[44] /home/travis/build/icyphy/ptII/ptolemy/domains/de/test/auto/ModalSource.xml (RunModel)" time="0.031" />
  <testcase classname="ptolemy.util.test.junit.AutoTests" name="[45] /home/travis/build/icyphy/ptII/ptolemy/domains/de/test/auto/NonInterruptibleTimerZeroDelay.xml (RunModel)" time="0.01" />
  <testcase classname="ptolemy.util.test.junit.AutoTests" name="[46] /home/travis/build/icyphy/ptII/ptolemy/domains/de/test/auto/OpenQueueingNetwork.xml (RunModel)" time="2.298" />
  <testcase classname="ptolemy.util.test.junit.AutoTests" name="[47] /home/travis/build/icyphy/ptII/ptolemy/domains/de/test/auto/OpenQueuingNetwork.xml (RunModel)" time="0.297" />
  <testcase classname="ptolemy.util.test.junit.AutoTests" name="[48] /home/travis/build/icyphy/ptII/ptolemy/domains/de/test/auto/PeriodicSampler.xml (RunModel)" time="0.009" />
  <testcase classname="ptolemy.util.test.junit.AutoTests" name="[49] /home/travis/build/icyphy/ptII/ptolemy/domains/de/test/auto/PersistentIO.xml (RunModel)" time="0.018" />
  <testcase classname="ptolemy.util.test.junit.AutoTests" name="[50] /home/travis/build/icyphy/ptII/ptolemy/domains/de/test/auto/PortParameterResetOnInitialize.xml (RunModel)" time="0.009" />
  <testcase classname="ptolemy.util.test.junit.AutoTests" name="[51] /home/travis/build/icyphy/ptII/ptolemy/domains/de/test/auto/PortParameterUpdates.xml (RunModel)" time="0.016" />
  <testcase classname="ptolemy.util.test.junit.AutoTests" name="[52] /home/travis/build/icyphy/ptII/ptolemy/domains/de/test/auto/QueueAndServer.xml (RunModel)" time="0.02" />
  <testcase classname="ptolemy.util.test.junit.AutoTests" name="[53] /home/travis/build/icyphy/ptII/ptolemy/domains/de/test/auto/Records.xml (RunModel)" time="0.014" />
  <testcase classname="ptolemy.util.test.junit.AutoTests" name="[54] /home/travis/build/icyphy/ptII/ptolemy/domains/de/test/auto/ResetTransitionWithStartTime1.xml (RunModel)" time="0.018" />
  <testcase classname="ptolemy.util.test.junit.AutoTests" name="[55] /home/travis/build/icyphy/ptII/ptolemy/domains/de/test/auto/ResetTransitionWithStartTime2.xml (RunModel)" time="0.022" />
  <testcase classname="ptolemy.util.test.junit.AutoTests" name="[56] /home/travis/build/icyphy/ptII/ptolemy/domains/de/test/auto/ResetTransitionWithStartTime3.xml (RunModel)" time="0.018" />
  <testcase classname="ptolemy.util.test.junit.AutoTests" name="[57] /home/travis/build/icyphy/ptII/ptolemy/domains/de/test/auto/ResetTransitionWithStartTime4.xml (RunModel)" time="0.024" />
  <testcase classname="ptolemy.util.test.junit.AutoTests" name="[58] /home/travis/build/icyphy/ptII/ptolemy/domains/de/test/auto/ResettableTimer1.xml (RunModel)" time="0.014" />
  <testcase classname="ptolemy.util.test.junit.AutoTests" name="[59] /home/travis/build/icyphy/ptII/ptolemy/domains/de/test/auto/ResettableTimer2.xml (RunModel)" time="0.013" />
  <testcase classname="ptolemy.util.test.junit.AutoTests" name="[60] /home/travis/build/icyphy/ptII/ptolemy/domains/de/test/auto/ResettableTimer3.xml (RunModel)" time="0.01" />
  <testcase classname="ptolemy.util.test.junit.AutoTests" name="[61] /home/travis/build/icyphy/ptII/ptolemy/domains/de/test/auto/ResettableTimer4.xml (RunModel)" time="0.01" />
  <testcase classname="ptolemy.util.test.junit.AutoTests" name="[62] /home/travis/build/icyphy/ptII/ptolemy/domains/de/test/auto/ResettableTimer5.xml (RunModel)" time="0.009" />
  <testcase classname="ptolemy.util.test.junit.AutoTests" name="[63] /home/travis/build/icyphy/ptII/ptolemy/domains/de/test/auto/ResettableTimer6.xml (RunModel)" time="0.019" />
  <testcase classname="ptolemy.util.test.junit.AutoTests" name="[64] /home/travis/build/icyphy/ptII/ptolemy/domains/de/test/auto/ServerZeroDelay.xml (RunModel)" time="0.01" />
  <testcase classname="ptolemy.util.test.junit.AutoTests" name="[65] /home/travis/build/icyphy/ptII/ptolemy/domains/de/test/auto/SmartSender.xml (RunModel)" time="3.009" />
  <testcase classname="ptolemy.util.test.junit.AutoTests" name="[66] /home/travis/build/icyphy/ptII/ptolemy/domains/de/test/auto/ThreadedComposite.xml (RunModel)" time="0.152" />
  <testcase classname="ptolemy.util.test.junit.AutoTests" name="[67] /home/travis/build/icyphy/ptII/ptolemy/domains/de/test/auto/Time.xml (RunModel)" time="0.477" />
  <testcase classname="ptolemy.util.test.junit.AutoTests" name="[68] /home/travis/build/icyphy/ptII/ptolemy/domains/de/test/auto/TimeDelayZeroDelay.xml (RunModel)" time="0.011" />
  <testcase classname="ptolemy.util.test.junit.AutoTests" name="[69] /home/travis/build/icyphy/ptII/ptolemy/domains/de/test/auto/TimerZeroDelay.xml (RunModel)" time="0.011" />
  <testcase classname="ptolemy.util.test.junit.AutoTests" name="[70] /home/travis/build/icyphy/ptII/ptolemy/domains/de/test/auto/TimingParadox.xml (RunModel)" time="0.396" />
  <testcase classname="ptolemy.util.test.junit.AutoTests" name="[71] /home/travis/build/icyphy/ptII/ptolemy/domains/de/test/auto/TransferInputs.xml (RunModel)" time="0.018" />
  <testcase classname="ptolemy.util.test.junit.AutoTests" name="[72] /home/travis/build/icyphy/ptII/ptolemy/domains/de/test/auto/TransferOutputs2.xml (RunModel)" time="0.022" />
  <testcase classname="ptolemy.util.test.junit.AutoTests" name="[73] /home/travis/build/icyphy/ptII/ptolemy/domains/de/test/auto/Trilateration.xml (RunModel)" time="13.565" />
  <testcase classname="ptolemy.util.test.junit.AutoTests" name="[74] /home/travis/build/icyphy/ptII/ptolemy/domains/de/test/auto/TwoSigmaDelta.xml (RunModel)" time="2.279" />
  <testcase classname="ptolemy.util.test.junit.AutoTests" name="[75] /home/travis/build/icyphy/ptII/ptolemy/domains/de/test/auto/VariableDelay.xml (RunModel)" time="0.016" />
  <testcase classname="ptolemy.util.test.junit.AutoTests" name="[76] /home/travis/build/icyphy/ptII/ptolemy/domains/de/test/auto/VariableDelay2.xml (RunModel)" time="0.011" />
  <testcase classname="ptolemy.util.test.junit.AutoTests" name="[77] /home/travis/build/icyphy/ptII/ptolemy/domains/de/test/auto/VariableDelayZeroDelay.xml (RunModel)" time="0.015" />
  <testcase classname="ptolemy.util.test.junit.AutoTests" name="[78] /home/travis/build/icyphy/ptII/ptolemy/domains/de/test/auto/VariableDelayZeroDelay2.xml (RunModel)" time="0.014" />
  <testcase classname="ptolemy.util.test.junit.AutoTests" name="[79] /home/travis/build/icyphy/ptII/ptolemy/domains/de/test/auto/deInCt.xml (RunModel)" time="0.039" />
  <testcase classname="ptolemy.util.test.junit.AutoTests" name="[80] /home/travis/build/icyphy/ptII/ptolemy/domains/de/test/auto/deInCt2.xml (RunModel)" time="0.018" />
  <testcase classname="ptolemy.util.test.junit.AutoTests" name="[81] /home/travis/build/icyphy/ptII/ptolemy/domains/de/test/auto/dynamicCausalityInterface1.xml (RunModel)" time="0.018" />
  <testcase classname="ptolemy.util.test.junit.AutoTests" name="[82] /home/travis/build/icyphy/ptII/ptolemy/domains/de/test/auto/fsm_de_test.xml (RunModel)" time="0.024" />
  <testcase classname="ptolemy.util.test.junit.AutoTests" name="[83] /home/travis/build/icyphy/ptII/ptolemy/domains/de/test/auto/functionDependencyReconstruction.xml (RunModel)" time="0.028" />
  <testcase classname="ptolemy.util.test.junit.AutoTests" name="[84] /home/travis/build/icyphy/ptII/ptolemy/domains/de/test/auto/multirate.xml (RunModel)" time="0.016" />
  <testcase classname="ptolemy.util.test.junit.AutoTests" name="[85] /home/travis/build/icyphy/ptII/ptolemy/domains/de/test/auto/multirate2.xml (RunModel)" time="0.017" />
  <testcase classname="ptolemy.util.test.junit.AutoTests" name="[86] /home/travis/build/icyphy/ptII/ptolemy/domains/de/test/auto/realtime.xml (RunModel)" time="10.01" />
  <testcase classname="ptolemy.util.test.junit.AutoTests" name="[87] /home/travis/build/icyphy/ptII/ptolemy/domains/de/test/auto/relationGroup.xml (RunModel)" time="0.01" />
  <testcase classname="ptolemy.util.test.junit.AutoTests" name="[88] /home/travis/build/icyphy/ptII/ptolemy/domains/de/test/auto/relationGroup2.xml (RunModel)" time="0.026" />
  <testcase classname="ptolemy.util.test.junit.AutoTests" name="[89] /home/travis/build/icyphy/ptII/ptolemy/domains/de/test/auto/sortWithOpaquePorts.xml (RunModel)" time="0.014" />
  <testcase classname="ptolemy.util.test.junit.AutoTests" name="[90] /home/travis/build/icyphy/ptII/ptolemy/domains/de/test/auto/transferInputsandOutputs.xml (RunModel)" time="0.032" />
  <testcase classname="ptolemy.util.test.junit.AutoTests" name="[91] /home/travis/build/icyphy/ptII/ptolemy/domains/de/test/auto/triggerType.xml (RunModel)" time="0.016" />
  <system-out><![CDATA[/home/travis/build/icyphy/ptII/ptolemy/domains/de/test/DependencyLoop.tcl
testDefs.tcl: setting time out to 9000 seconds at Sun Jul 14 04:49:41 UTC 2019
87 ms. Memory: 120832K Free: 70600K (58%)
30 ms. Memory: 120832K Free: 53192K (44%)
/home/travis/build/icyphy/ptII/ptolemy/domains/de/test/RunDETestsAsQSS.tcl
Run the DE tests using ptolemy.domains.qss.test.QSSDirectorTest, which extends QSSDirector and prints a message in the constructors.
------------------ testing $PTII/ptolemy/domains/de/test/auto/knownFailedTests/DirectFeedback.xml (Known Failure) 
37 ms. Memory: 120832K Free: 48072K (40%)


==== $PTIIhome/travis/build/icyphy/ptII/ptolemy/domains/de/test/../../../../: Auto Automatic test in file $PTII/ptolemy/domains/de/test/auto/knownFailedTests/DirectFeedback.xml
==== Contents of test case:

	    # FIXME: we should use $relativeFilename here, but it
	    # might have backslashes under Windows, which causes no end
	    # of trouble.
	    createAndExecute $file
	    list {}
	
.... Test generated KNOWN error:
    while executing
ptolemy.kernel.util.IllegalActionException: Test fails in iteration 1.
Value was: 1.0. Should have been: 2.0
  in .DirectFeedback.Test
	at ptolemy.actor.lib.Test.fire(Test.java:268)
	at ptolemy.domains.de.kernel.DEDirector._fire(DEDirector.java:1949)
	at ptolemy.domains.de.kernel.DEDirector.fire(DEDirector.java:502)
	at ptolemy.actor.CompositeActor.fire(CompositeActor.java:455)
	at ptolemy.actor.Manager.iterate(Manager.java:851)
	at ptolemy.actor.Manager.execute(Manager.java:369)
	at ptolemy.actor.Manager.run(Manager.java:1263)
	at ptolemy.actor.Manager$PtolemyRunThread.run(Manager.java:1915)

    while executing
ptolemy.kernel.util.IllegalActionException: Test fails in iteration 1.
Value was: 1.0. Should have been: 2.0
  in .DirectFeedback.Test
    while executing
"java::new ptolemy.moml.MoMLSimpleApplication $file
"
    (procedure "createAndExecute" line 2)
    invoked from within
"createAndExecute $file"
    ("uplevel" body line 5)
    invoked from within
"uplevel $contents_of_test"
------------------ testing $PTII/ptolemy/domains/de/test/auto/knownFailedTests/dependencyLoop.xml (Known Failure) 
48 ms. Memory: 120832K Free: 107637K (89%)


==== $PTIIhome/travis/build/icyphy/ptII/ptolemy/domains/de/test/../../../../: Auto Automatic test in file $PTII/ptolemy/domains/de/test/auto/knownFailedTests/dependencyLoop.xml
==== Contents of test case:

	    # FIXME: we should use $relativeFilename here, but it
	    # might have backslashes under Windows, which causes no end
	    # of trouble.
	    createAndExecute $file
	    list {}
	
.... Test generated KNOWN error:
    while executing
ptolemy.kernel.util.IllegalActionException: Found a zero delay loop containing .dependencyLoop.original
  in .dependencyLoop and .dependencyLoop.original
	at ptolemy.actor.util.CausalityInterfaceForComposites._computeOutputPortDepth(CausalityInterfaceForComposites.java:759)
	at ptolemy.actor.util.CausalityInterfaceForComposites._computeInputDepth(CausalityInterfaceForComposites.java:696)
	at ptolemy.actor.util.CausalityInterfaceForComposites._computeOutputPortDepth(CausalityInterfaceForComposites.java:765)
	at ptolemy.actor.util.CausalityInterfaceForComposites._computeInputDepth(CausalityInterfaceForComposites.java:696)
	at ptolemy.actor.util.CausalityInterfaceForComposites._computeOutputPortDepth(CausalityInterfaceForComposites.java:765)
	at ptolemy.actor.util.CausalityInterfaceForComposites._computeInputDepth(CausalityInterfaceForComposites.java:696)
	at ptolemy.actor.util.CausalityInterfaceForComposites._computeActorDepth(CausalityInterfaceForComposites.java:532)
	at ptolemy.actor.util.CausalityInterfaceForComposites.checkForCycles(CausalityInterfaceForComposites.java:96)
	at ptolemy.domains.de.kernel.DEDirector.preinitialize(DEDirector.java:1338)
	at ptolemy.actor.CompositeActor.preinitialize(CompositeActor.java:1828)
	at ptolemy.actor.Manager.preinitializeAndResolveTypes(Manager.java:1040)
	at ptolemy.actor.Manager.initialize(Manager.java:710)
	at ptolemy.actor.Manager.execute(Manager.java:356)
	at ptolemy.actor.Manager.run(Manager.java:1263)
	at ptolemy.actor.Manager$PtolemyRunThread.run(Manager.java:1915)

    while executing
ptolemy.kernel.util.IllegalActionException: Found a zero delay loop containing .dependencyLoop.original
  in .dependencyLoop and .dependencyLoop.original
    while executing
"java::new ptolemy.moml.MoMLSimpleApplication $file
"
    (procedure "createAndExecute" line 2)
    invoked from within
"createAndExecute $file"
    ("uplevel" body line 5)
    invoked from within
"uplevel $contents_of_test"
------------------ testing $PTII/ptolemy/domains/de/test/auto/knownFailedTests/FSMSource.xml (Known Failure) 
45 ms. Memory: 120832K Free: 98707K (82%)
!!!! Auto was marked as failing, but now passes
------------------ testing $PTII/ptolemy/domains/de/test/auto/knownFailedTests/HierarchicalModel.xml (Known Failure) 
6 ms. Memory: 120832K Free: 81565K (68%)


==== $PTIIhome/travis/build/icyphy/ptII/ptolemy/domains/de/test/../../../../: Auto Automatic test in file $PTII/ptolemy/domains/de/test/auto/knownFailedTests/HierarchicalModel.xml
==== Contents of test case:

	    # FIXME: we should use $relativeFilename here, but it
	    # might have backslashes under Windows, which causes no end
	    # of trouble.
	    createAndExecute $file
	    list {}
	
.... Test generated KNOWN error:
    while executing
ptolemy.kernel.util.IllegalActionException: Found a zero delay loop containing .HierarchicalModel.A
  in .HierarchicalModel and .HierarchicalModel.A
	at ptolemy.actor.util.CausalityInterfaceForComposites._computeOutputPortDepth(CausalityInterfaceForComposites.java:759)
	at ptolemy.actor.util.CausalityInterfaceForComposites._computeInputDepth(CausalityInterfaceForComposites.java:696)
	at ptolemy.actor.util.CausalityInterfaceForComposites._computeOutputPortDepth(CausalityInterfaceForComposites.java:765)
	at ptolemy.actor.util.CausalityInterfaceForComposites._computeInputDepth(CausalityInterfaceForComposites.java:696)
	at ptolemy.actor.util.CausalityInterfaceForComposites._computeOutputPortDepth(CausalityInterfaceForComposites.java:765)
	at ptolemy.actor.util.CausalityInterfaceForComposites._computeInputDepth(CausalityInterfaceForComposites.java:696)
	at ptolemy.actor.util.CausalityInterfaceForComposites._computeActorDepth(CausalityInterfaceForComposites.java:532)
	at ptolemy.actor.util.CausalityInterfaceForComposites.checkForCycles(CausalityInterfaceForComposites.java:96)
	at ptolemy.domains.de.kernel.DEDirector.preinitialize(DEDirector.java:1338)
	at ptolemy.actor.CompositeActor.preinitialize(CompositeActor.java:1828)
	at ptolemy.actor.Manager.preinitializeAndResolveTypes(Manager.java:1040)
	at ptolemy.actor.Manager.initialize(Manager.java:710)
	at ptolemy.actor.Manager.execute(Manager.java:356)
	at ptolemy.actor.Manager.run(Manager.java:1263)
	at ptolemy.actor.Manager$PtolemyRunThread.run(Manager.java:1915)

    while executing
ptolemy.kernel.util.IllegalActionException: Found a zero delay loop containing .HierarchicalModel.A
  in .HierarchicalModel and .HierarchicalModel.A
    while executing
"java::new ptolemy.moml.MoMLSimpleApplication $file
"
    (procedure "createAndExecute" line 2)
    invoked from within
"createAndExecute $file"
    ("uplevel" body line 5)
    invoked from within
"uplevel $contents_of_test"
------------------ testing $PTII/ptolemy/domains/de/test/auto/knownFailedTests/dependencyLoop2.xml (Known Failure) 
6 ms. Memory: 120832K Free: 103274K (85%)


==== $PTIIhome/travis/build/icyphy/ptII/ptolemy/domains/de/test/../../../../: Auto Automatic test in file $PTII/ptolemy/domains/de/test/auto/knownFailedTests/dependencyLoop2.xml
==== Contents of test case:

	    # FIXME: we should use $relativeFilename here, but it
	    # might have backslashes under Windows, which causes no end
	    # of trouble.
	    createAndExecute $file
	    list {}
	
.... Test generated KNOWN error:
    while executing
ptolemy.kernel.util.IllegalActionException: Found a zero delay loop containing .dependencyLoop2.original
  in .dependencyLoop2 and .dependencyLoop2.original
	at ptolemy.actor.util.CausalityInterfaceForComposites._computeOutputPortDepth(CausalityInterfaceForComposites.java:759)
	at ptolemy.actor.util.CausalityInterfaceForComposites._computeInputDepth(CausalityInterfaceForComposites.java:696)
	at ptolemy.actor.util.CausalityInterfaceForComposites._computeOutputPortDepth(CausalityInterfaceForComposites.java:765)
	at ptolemy.actor.util.CausalityInterfaceForComposites._computeInputDepth(CausalityInterfaceForComposites.java:696)
	at ptolemy.actor.util.CausalityInterfaceForComposites._computeOutputPortDepth(CausalityInterfaceForComposites.java:765)
	at ptolemy.actor.util.CausalityInterfaceForComposites._computeInputDepth(CausalityInterfaceForComposites.java:696)
	at ptolemy.actor.util.CausalityInterfaceForComposites._computeActorDepth(CausalityInterfaceForComposites.java:532)
	at ptolemy.actor.util.CausalityInterfaceForComposites.checkForCycles(CausalityInterfaceForComposites.java:96)
	at ptolemy.domains.de.kernel.DEDirector.preinitialize(DEDirector.java:1338)
	at ptolemy.actor.CompositeActor.preinitialize(CompositeActor.java:1828)
	at ptolemy.actor.Manager.preinitializeAndResolveTypes(Manager.java:1040)
	at ptolemy.actor.Manager.initialize(Manager.java:710)
	at ptolemy.actor.Manager.execute(Manager.java:356)
	at ptolemy.actor.Manager.run(Manager.java:1263)
	at ptolemy.actor.Manager$PtolemyRunThread.run(Manager.java:1915)

    while executing
ptolemy.kernel.util.IllegalActionException: Found a zero delay loop containing .dependencyLoop2.original
  in .dependencyLoop2 and .dependencyLoop2.original
    while executing
"java::new ptolemy.moml.MoMLSimpleApplication $file
"
    (procedure "createAndExecute" line 2)
    invoked from within
"createAndExecute $file"
    ("uplevel" body line 5)
    invoked from within
"uplevel $contents_of_test"
------------------ testing $PTII/ptolemy/domains/de/test/auto/knownFailedTests/DESDFClockTest.xml (Known Failure) 
2069 ms. Memory: 120832K Free: 90008K (74%)


==== $PTIIhome/travis/build/icyphy/ptII/ptolemy/domains/de/test/../../../../: Auto Automatic test in file $PTII/ptolemy/domains/de/test/auto/knownFailedTests/DESDFClockTest.xml
==== Contents of test case:

	    # FIXME: we should use $relativeFilename here, but it
	    # might have backslashes under Windows, which causes no end
	    # of trouble.
	    createAndExecute $file
	    list {}
	
.... Test generated KNOWN error:
    while executing
ptolemy.kernel.util.IllegalActionException: Actor is not ready to fire.  Perhaps UpSample.prefire() returned false? Try debugging the actor by selecting "Listen to Actor".  Also, for SDF check moml for tokenConsumptionRate on input.
  in .DESDFClockTest.Play Bell.Copy1:SDF Director and .DESDFClockTest.Play Bell.UpSample
	at ptolemy.actor.sched.StaticSchedulingDirector.fire(StaticSchedulingDirector.java:227)
	at ptolemy.domains.sdf.kernel.SDFDirector.fire(SDFDirector.java:500)
	at ptolemy.actor.CompositeActor.fire(CompositeActor.java:455)
	at ptolemy.domains.de.kernel.DEDirector._fire(DEDirector.java:1949)
	at ptolemy.domains.de.kernel.DEDirector.fire(DEDirector.java:502)
	at ptolemy.actor.CompositeActor.fire(CompositeActor.java:455)
	at ptolemy.actor.Manager.iterate(Manager.java:851)
	at ptolemy.actor.Manager.execute(Manager.java:369)
	at ptolemy.actor.Manager.run(Manager.java:1263)
	at ptolemy.actor.Manager$PtolemyRunThread.run(Manager.java:1915)

    while executing
ptolemy.kernel.util.IllegalActionException: Actor is not ready to fire.  Perhaps UpSample.prefire() returned false? Try debugging the actor by selecting "Listen to Actor".  Also, for SDF check moml for tokenConsumptionRate on input.
  in .DESDFClockTest.Play Bell.Copy1:SDF Director and .DESDFClockTest.Play Bell.UpSample
    while executing
"java::new ptolemy.moml.MoMLSimpleApplication $file
"
    (procedure "createAndExecute" line 2)
    invoked from within
"createAndExecute $file"
    ("uplevel" body line 5)
    invoked from within
"uplevel $contents_of_test"
------------------ testing $PTII/ptolemy/domains/de/test/auto/ActorDepthCalculation_actorWithoutPorts.xml
auto.tcl: Setting watchdog for 200 seconds at Sun Jul 14 04:49:45 UTC 2019
20 ms. Memory: 120832K Free: 83151K (69%)
ptolemy.util.test.WatchDog.cancel(): canceling Sun Jul 14 04:49:45 UTC 2019
auto.tcl: Setting watchdog for 200 seconds at Sun Jul 14 04:49:45 UTC 2019
9 ms. Memory: 120832K Free: 81477K (67%)
ptolemy.util.test.WatchDog.cancel(): canceling Sun Jul 14 04:49:45 UTC 2019
------------------ testing $PTII/ptolemy/domains/de/test/auto/AssemblyLine.xml
auto.tcl: Setting watchdog for 200 seconds at Sun Jul 14 04:49:45 UTC 2019
27 ms. Memory: 48128K Free: 25656K (53%)
ptolemy.util.test.WatchDog.cancel(): canceling Sun Jul 14 04:49:46 UTC 2019
auto.tcl: Setting watchdog for 200 seconds at Sun Jul 14 04:49:46 UTC 2019
7 ms. Memory: 48128K Free: 24834K (52%)
ptolemy.util.test.WatchDog.cancel(): canceling Sun Jul 14 04:49:46 UTC 2019
------------------ testing $PTII/ptolemy/domains/de/test/auto/CQBug1.xml
auto.tcl: Setting watchdog for 200 seconds at Sun Jul 14 04:49:46 UTC 2019
10 ms. Memory: 48128K Free: 31497K (65%)
ptolemy.util.test.WatchDog.cancel(): canceling Sun Jul 14 04:49:46 UTC 2019
auto.tcl: Setting watchdog for 200 seconds at Sun Jul 14 04:49:46 UTC 2019
2 ms. Memory: 48128K Free: 31084K (65%)
ptolemy.util.test.WatchDog.cancel(): canceling Sun Jul 14 04:49:46 UTC 2019
------------------ testing $PTII/ptolemy/domains/de/test/auto/CancelFireAt.xml
auto.tcl: Setting watchdog for 200 seconds at Sun Jul 14 04:49:46 UTC 2019
9 ms. Memory: 48128K Free: 32658K (68%)
ptolemy.util.test.WatchDog.cancel(): canceling Sun Jul 14 04:49:46 UTC 2019
auto.tcl: Setting watchdog for 200 seconds at Sun Jul 14 04:49:46 UTC 2019
2 ms. Memory: 48128K Free: 32251K (67%)
ptolemy.util.test.WatchDog.cancel(): canceling Sun Jul 14 04:49:46 UTC 2019
------------------ testing $PTII/ptolemy/domains/de/test/auto/CausalityAndComposabilityAnalysis.xml
auto.tcl: Setting watchdog for 200 seconds at Sun Jul 14 04:49:46 UTC 2019
6 ms. Memory: 48128K Free: 30379K (63%)
ptolemy.util.test.WatchDog.cancel(): canceling Sun Jul 14 04:49:46 UTC 2019
auto.tcl: Setting watchdog for 200 seconds at Sun Jul 14 04:49:46 UTC 2019
6 ms. Memory: 48128K Free: 29940K (62%)
ptolemy.util.test.WatchDog.cancel(): canceling Sun Jul 14 04:49:46 UTC 2019
------------------ testing $PTII/ptolemy/domains/de/test/auto/CausalityInterface1.xml
auto.tcl: Setting watchdog for 200 seconds at Sun Jul 14 04:49:46 UTC 2019
30 ms. Memory: 48128K Free: 29309K (61%)
ptolemy.util.test.WatchDog.cancel(): canceling Sun Jul 14 04:49:46 UTC 2019
auto.tcl: Setting watchdog for 200 seconds at Sun Jul 14 04:49:46 UTC 2019
7 ms. Memory: 48128K Free: 28348K (59%)
ptolemy.util.test.WatchDog.cancel(): canceling Sun Jul 14 04:49:46 UTC 2019
------------------ testing $PTII/ptolemy/domains/de/test/auto/CausalityInterface15.xml
auto.tcl: Setting watchdog for 200 seconds at Sun Jul 14 04:49:46 UTC 2019
9 ms. Memory: 48128K Free: 28934K (60%)
ptolemy.util.test.WatchDog.cancel(): canceling Sun Jul 14 04:49:46 UTC 2019
auto.tcl: Setting watchdog for 200 seconds at Sun Jul 14 04:49:46 UTC 2019
5 ms. Memory: 48128K Free: 28289K (59%)
ptolemy.util.test.WatchDog.cancel(): canceling Sun Jul 14 04:49:46 UTC 2019
------------------ testing $PTII/ptolemy/domains/de/test/auto/CausalityInterface2.xml
auto.tcl: Setting watchdog for 200 seconds at Sun Jul 14 04:49:46 UTC 2019
7 ms. Memory: 48128K Free: 30052K (62%)
ptolemy.util.test.WatchDog.cancel(): canceling Sun Jul 14 04:49:46 UTC 2019
auto.tcl: Setting watchdog for 200 seconds at Sun Jul 14 04:49:46 UTC 2019
4 ms. Memory: 48128K Free: 28927K (60%)
ptolemy.util.test.WatchDog.cancel(): canceling Sun Jul 14 04:49:46 UTC 2019
------------------ testing $PTII/ptolemy/domains/de/test/auto/CausalityInterface3.xml
auto.tcl: Setting watchdog for 200 seconds at Sun Jul 14 04:49:46 UTC 2019
9 ms. Memory: 48128K Free: 29500K (61%)
ptolemy.util.test.WatchDog.cancel(): canceling Sun Jul 14 04:49:46 UTC 2019
auto.tcl: Setting watchdog for 200 seconds at Sun Jul 14 04:49:46 UTC 2019
3 ms. Memory: 48128K Free: 29078K (60%)
ptolemy.util.test.WatchDog.cancel(): canceling Sun Jul 14 04:49:46 UTC 2019
------------------ testing $PTII/ptolemy/domains/de/test/auto/ClockDrift.xml
auto.tcl: Setting watchdog for 200 seconds at Sun Jul 14 04:49:46 UTC 2019
96 ms. Memory: 48128K Free: 22073K (46%)
ptolemy.util.test.WatchDog.cancel(): canceling Sun Jul 14 04:49:47 UTC 2019
auto.tcl: Setting watchdog for 200 seconds at Sun Jul 14 04:49:47 UTC 2019
69 ms. Memory: 48128K Free: 18681K (39%)
ptolemy.util.test.WatchDog.cancel(): canceling Sun Jul 14 04:49:47 UTC 2019
------------------ testing $PTII/ptolemy/domains/de/test/auto/ClockDriftAndValueChange.xml
auto.tcl: Setting watchdog for 200 seconds at Sun Jul 14 04:49:47 UTC 2019
42 ms. Memory: 48128K Free: 22176K (46%)
ptolemy.util.test.WatchDog.cancel(): canceling Sun Jul 14 04:49:47 UTC 2019
auto.tcl: Setting watchdog for 200 seconds at Sun Jul 14 04:49:47 UTC 2019
25 ms. Memory: 48128K Free: 19342K (40%)
ptolemy.util.test.WatchDog.cancel(): canceling Sun Jul 14 04:49:47 UTC 2019
------------------ testing $PTII/ptolemy/domains/de/test/auto/ClockDriftChange.xml
auto.tcl: Setting watchdog for 200 seconds at Sun Jul 14 04:49:47 UTC 2019
27 ms. Memory: 48128K Free: 24215K (50%)
ptolemy.util.test.WatchDog.cancel(): canceling Sun Jul 14 04:49:47 UTC 2019
auto.tcl: Setting watchdog for 200 seconds at Sun Jul 14 04:49:47 UTC 2019
30 ms. Memory: 48128K Free: 21631K (45%)
ptolemy.util.test.WatchDog.cancel(): canceling Sun Jul 14 04:49:47 UTC 2019
------------------ testing $PTII/ptolemy/domains/de/test/auto/ComposableCausalityAnalysis.xml
auto.tcl: Setting watchdog for 200 seconds at Sun Jul 14 04:49:47 UTC 2019
3 ms. Memory: 48128K Free: 28644K (60%)
ptolemy.util.test.WatchDog.cancel(): canceling Sun Jul 14 04:49:47 UTC 2019
auto.tcl: Setting watchdog for 200 seconds at Sun Jul 14 04:49:47 UTC 2019
7 ms. Memory: 48128K Free: 27567K (57%)
ptolemy.util.test.WatchDog.cancel(): canceling Sun Jul 14 04:49:47 UTC 2019
------------------ testing $PTII/ptolemy/domains/de/test/auto/DEFixedPointLimitation.xml
auto.tcl: Setting watchdog for 200 seconds at Sun Jul 14 04:49:47 UTC 2019
4 ms. Memory: 48128K Free: 29874K (62%)
ptolemy.util.test.WatchDog.cancel(): canceling Sun Jul 14 04:49:47 UTC 2019
auto.tcl: Setting watchdog for 200 seconds at Sun Jul 14 04:49:47 UTC 2019
2 ms. Memory: 48128K Free: 29038K (60%)
ptolemy.util.test.WatchDog.cancel(): canceling Sun Jul 14 04:49:47 UTC 2019
------------------ testing $PTII/ptolemy/domains/de/test/auto/DEScheduleTest.xml
auto.tcl: Setting watchdog for 200 seconds at Sun Jul 14 04:49:47 UTC 2019
5 ms. Memory: 48128K Free: 30273K (63%)
ptolemy.util.test.WatchDog.cancel(): canceling Sun Jul 14 04:49:47 UTC 2019
auto.tcl: Setting watchdog for 200 seconds at Sun Jul 14 04:49:47 UTC 2019
4 ms. Memory: 48128K Free: 29497K (61%)
ptolemy.util.test.WatchDog.cancel(): canceling Sun Jul 14 04:49:47 UTC 2019
------------------ testing $PTII/ptolemy/domains/de/test/auto/DEinDEwithStartTimes.xml
auto.tcl: Setting watchdog for 200 seconds at Sun Jul 14 04:49:47 UTC 2019
4 ms. Memory: 48128K Free: 28417K (59%)
ptolemy.util.test.WatchDog.cancel(): canceling Sun Jul 14 04:49:47 UTC 2019
auto.tcl: Setting watchdog for 200 seconds at Sun Jul 14 04:49:47 UTC 2019
4 ms. Memory: 48128K Free: 27393K (57%)
ptolemy.util.test.WatchDog.cancel(): canceling Sun Jul 14 04:49:47 UTC 2019
------------------ testing $PTII/ptolemy/domains/de/test/auto/DEinDEwithStartTimes2.xml
auto.tcl: Setting watchdog for 200 seconds at Sun Jul 14 04:49:47 UTC 2019
8 ms. Memory: 48128K Free: 27648K (57%)
ptolemy.util.test.WatchDog.cancel(): canceling Sun Jul 14 04:49:47 UTC 2019
auto.tcl: Setting watchdog for 200 seconds at Sun Jul 14 04:49:47 UTC 2019
5 ms. Memory: 48128K Free: 26580K (55%)
ptolemy.util.test.WatchDog.cancel(): canceling Sun Jul 14 04:49:48 UTC 2019
------------------ testing $PTII/ptolemy/domains/de/test/auto/DateDemo.xml
auto.tcl: Setting watchdog for 200 seconds at Sun Jul 14 04:49:48 UTC 2019
21 ms. Memory: 48128K Free: 22503K (47%)
ptolemy.util.test.WatchDog.cancel(): canceling Sun Jul 14 04:49:48 UTC 2019
auto.tcl: Setting watchdog for 200 seconds at Sun Jul 14 04:49:48 UTC 2019
11 ms. Memory: 48128K Free: 20817K (43%)
ptolemy.util.test.WatchDog.cancel(): canceling Sun Jul 14 04:49:48 UTC 2019
------------------ testing $PTII/ptolemy/domains/de/test/auto/DateToEvent.xml
auto.tcl: Setting watchdog for 200 seconds at Sun Jul 14 04:49:48 UTC 2019
2018 ms. Memory: 48128K Free: 17675K (37%)
ptolemy.util.test.WatchDog.cancel(): canceling Sun Jul 14 04:49:50 UTC 2019
auto.tcl: Setting watchdog for 200 seconds at Sun Jul 14 04:49:50 UTC 2019
2011 ms. Memory: 48128K Free: 16894K (35%)
ptolemy.util.test.WatchDog.cancel(): canceling Sun Jul 14 04:49:52 UTC 2019
------------------ testing $PTII/ptolemy/domains/de/test/auto/DepthTest1.xml
auto.tcl: Setting watchdog for 200 seconds at Sun Jul 14 04:49:52 UTC 2019
3 ms. Memory: 48128K Free: 31059K (65%)
ptolemy.util.test.WatchDog.cancel(): canceling Sun Jul 14 04:49:52 UTC 2019
auto.tcl: Setting watchdog for 200 seconds at Sun Jul 14 04:49:52 UTC 2019
2 ms. Memory: 48128K Free: 30668K (64%)
ptolemy.util.test.WatchDog.cancel(): canceling Sun Jul 14 04:49:52 UTC 2019
------------------ testing $PTII/ptolemy/domains/de/test/auto/DepthTest2.xml
auto.tcl: Setting watchdog for 200 seconds at Sun Jul 14 04:49:52 UTC 2019
12 ms. Memory: 48128K Free: 27880K (58%)
ptolemy.util.test.WatchDog.cancel(): canceling Sun Jul 14 04:49:52 UTC 2019
auto.tcl: Setting watchdog for 200 seconds at Sun Jul 14 04:49:52 UTC 2019
2 ms. Memory: 48128K Free: 27387K (57%)
ptolemy.util.test.WatchDog.cancel(): canceling Sun Jul 14 04:49:52 UTC 2019
------------------ testing $PTII/ptolemy/domains/de/test/auto/DepthTest3.xml
auto.tcl: Setting watchdog for 200 seconds at Sun Jul 14 04:49:52 UTC 2019
3 ms. Memory: 48128K Free: 31458K (65%)
ptolemy.util.test.WatchDog.cancel(): canceling Sun Jul 14 04:49:52 UTC 2019
auto.tcl: Setting watchdog for 200 seconds at Sun Jul 14 04:49:52 UTC 2019
2 ms. Memory: 48128K Free: 30966K (64%)
ptolemy.util.test.WatchDog.cancel(): canceling Sun Jul 14 04:49:52 UTC 2019
------------------ testing $PTII/ptolemy/domains/de/test/auto/DepthTest4.xml
auto.tcl: Setting watchdog for 200 seconds at Sun Jul 14 04:49:52 UTC 2019
12 ms. Memory: 48128K Free: 29660K (62%)
ptolemy.util.test.WatchDog.cancel(): canceling Sun Jul 14 04:49:52 UTC 2019
auto.tcl: Setting watchdog for 200 seconds at Sun Jul 14 04:49:52 UTC 2019
3 ms. Memory: 48128K Free: 28977K (60%)
ptolemy.util.test.WatchDog.cancel(): canceling Sun Jul 14 04:49:52 UTC 2019
------------------ testing $PTII/ptolemy/domains/de/test/auto/DepthTest5.xml
auto.tcl: Setting watchdog for 200 seconds at Sun Jul 14 04:49:52 UTC 2019
4 ms. Memory: 48128K Free: 29096K (60%)
ptolemy.util.test.WatchDog.cancel(): canceling Sun Jul 14 04:49:52 UTC 2019
auto.tcl: Setting watchdog for 200 seconds at Sun Jul 14 04:49:52 UTC 2019
3 ms. Memory: 48128K Free: 28350K (59%)
ptolemy.util.test.WatchDog.cancel(): canceling Sun Jul 14 04:49:52 UTC 2019
------------------ testing $PTII/ptolemy/domains/de/test/auto/DepthTest6.xml
auto.tcl: Setting watchdog for 200 seconds at Sun Jul 14 04:49:52 UTC 2019
8 ms. Memory: 48128K Free: 28836K (60%)
ptolemy.util.test.WatchDog.cancel(): canceling Sun Jul 14 04:49:52 UTC 2019
auto.tcl: Setting watchdog for 200 seconds at Sun Jul 14 04:49:52 UTC 2019
3 ms. Memory: 48128K Free: 28327K (59%)
ptolemy.util.test.WatchDog.cancel(): canceling Sun Jul 14 04:49:52 UTC 2019
------------------ testing $PTII/ptolemy/domains/de/test/auto/DepthTest7.xml
auto.tcl: Setting watchdog for 200 seconds at Sun Jul 14 04:49:52 UTC 2019
3 ms. Memory: 48128K Free: 29101K (60%)
ptolemy.util.test.WatchDog.cancel(): canceling Sun Jul 14 04:49:52 UTC 2019
auto.tcl: Setting watchdog for 200 seconds at Sun Jul 14 04:49:52 UTC 2019
3 ms. Memory: 48128K Free: 28663K (60%)
ptolemy.util.test.WatchDog.cancel(): canceling Sun Jul 14 04:49:52 UTC 2019
------------------ testing $PTII/ptolemy/domains/de/test/auto/EventToDate.xml
auto.tcl: Setting watchdog for 200 seconds at Sun Jul 14 04:49:52 UTC 2019
3006 ms. Memory: 48128K Free: 20684K (43%)
ptolemy.util.test.WatchDog.cancel(): canceling Sun Jul 14 04:49:56 UTC 2019
auto.tcl: Setting watchdog for 200 seconds at Sun Jul 14 04:49:56 UTC 2019
3005 ms. Memory: 48128K Free: 19745K (41%)
ptolemy.util.test.WatchDog.cancel(): canceling Sun Jul 14 04:49:59 UTC 2019
------------------ testing $PTII/ptolemy/domains/de/test/auto/FSM1.xml
auto.tcl: Setting watchdog for 200 seconds at Sun Jul 14 04:49:59 UTC 2019
35 ms. Memory: 48128K Free: 21168K (44%)
ptolemy.util.test.WatchDog.cancel(): canceling Sun Jul 14 04:49:59 UTC 2019
auto.tcl: Setting watchdog for 200 seconds at Sun Jul 14 04:49:59 UTC 2019
24 ms. Memory: 48128K Free: 17992K (37%)
ptolemy.util.test.WatchDog.cancel(): canceling Sun Jul 14 04:49:59 UTC 2019
------------------ testing $PTII/ptolemy/domains/de/test/auto/FSM7.xml
auto.tcl: Setting watchdog for 200 seconds at Sun Jul 14 04:49:59 UTC 2019
14 ms. Memory: 48128K Free: 21325K (44%)
ptolemy.util.test.WatchDog.cancel(): canceling Sun Jul 14 04:49:59 UTC 2019
auto.tcl: Setting watchdog for 200 seconds at Sun Jul 14 04:49:59 UTC 2019
17 ms. Memory: 48128K Free: 18191K (38%)
ptolemy.util.test.WatchDog.cancel(): canceling Sun Jul 14 04:49:59 UTC 2019
------------------ testing $PTII/ptolemy/domains/de/test/auto/Inspection.xml
auto.tcl: Setting watchdog for 200 seconds at Sun Jul 14 04:49:59 UTC 2019
36 ms. Memory: 48128K Free: 21137K (44%)
ptolemy.util.test.WatchDog.cancel(): canceling Sun Jul 14 04:49:59 UTC 2019
auto.tcl: Setting watchdog for 200 seconds at Sun Jul 14 04:49:59 UTC 2019
36 ms. Memory: 48128K Free: 19270K (40%)
ptolemy.util.test.WatchDog.cancel(): canceling Sun Jul 14 04:49:59 UTC 2019
------------------ testing $PTII/ptolemy/domains/de/test/auto/Iteration.xml
auto.tcl: Setting watchdog for 200 seconds at Sun Jul 14 04:49:59 UTC 2019
10 ms. Memory: 48128K Free: 27116K (56%)
ptolemy.util.test.WatchDog.cancel(): canceling Sun Jul 14 04:49:59 UTC 2019
auto.tcl: Setting watchdog for 200 seconds at Sun Jul 14 04:49:59 UTC 2019
9 ms. Memory: 48128K Free: 26092K (54%)
ptolemy.util.test.WatchDog.cancel(): canceling Sun Jul 14 04:49:59 UTC 2019
------------------ testing $PTII/ptolemy/domains/de/test/auto/LineFault.xml
auto.tcl: Setting watchdog for 200 seconds at Sun Jul 14 04:49:59 UTC 2019
817 ms. Memory: 58368K Free: 21601K (37%)
ptolemy.util.test.WatchDog.cancel(): canceling Sun Jul 14 04:50:00 UTC 2019
auto.tcl: Setting watchdog for 200 seconds at Sun Jul 14 04:50:00 UTC 2019
599 ms. Memory: 58368K Free: 20821K (36%)
ptolemy.util.test.WatchDog.cancel(): canceling Sun Jul 14 04:50:01 UTC 2019
------------------ testing $PTII/ptolemy/domains/de/test/auto/MergeModel1Add.xml
auto.tcl: Setting watchdog for 200 seconds at Sun Jul 14 04:50:01 UTC 2019
18 ms. Memory: 55296K Free: 19696K (36%)
ptolemy.util.test.WatchDog.cancel(): canceling Sun Jul 14 04:50:01 UTC 2019
auto.tcl: Setting watchdog for 200 seconds at Sun Jul 14 04:50:01 UTC 2019
11 ms. Memory: 55296K Free: 17997K (33%)
ptolemy.util.test.WatchDog.cancel(): canceling Sun Jul 14 04:50:01 UTC 2019
------------------ testing $PTII/ptolemy/domains/de/test/auto/MergeModel2Add.xml
auto.tcl: Setting watchdog for 200 seconds at Sun Jul 14 04:50:01 UTC 2019
9 ms. Memory: 51200K Free: 19239K (38%)
ptolemy.util.test.WatchDog.cancel(): canceling Sun Jul 14 04:50:01 UTC 2019
auto.tcl: Setting watchdog for 200 seconds at Sun Jul 14 04:50:01 UTC 2019
8 ms. Memory: 51200K Free: 17726K (35%)
ptolemy.util.test.WatchDog.cancel(): canceling Sun Jul 14 04:50:01 UTC 2019
------------------ testing $PTII/ptolemy/domains/de/test/auto/MergeModel3Add.xml
auto.tcl: Setting watchdog for 200 seconds at Sun Jul 14 04:50:01 UTC 2019
8 ms. Memory: 51200K Free: 18186K (36%)
ptolemy.util.test.WatchDog.cancel(): canceling Sun Jul 14 04:50:01 UTC 2019
auto.tcl: Setting watchdog for 200 seconds at Sun Jul 14 04:50:01 UTC 2019
8 ms. Memory: 51200K Free: 16820K (33%)
ptolemy.util.test.WatchDog.cancel(): canceling Sun Jul 14 04:50:01 UTC 2019
------------------ testing $PTII/ptolemy/domains/de/test/auto/MergeWithoutDiscard.xml
auto.tcl: Setting watchdog for 200 seconds at Sun Jul 14 04:50:01 UTC 2019
2 ms. Memory: 48128K Free: 29493K (61%)
ptolemy.util.test.WatchDog.cancel(): canceling Sun Jul 14 04:50:01 UTC 2019
auto.tcl: Setting watchdog for 200 seconds at Sun Jul 14 04:50:01 UTC 2019
1 ms. Memory: 48128K Free: 29026K (60%)
ptolemy.util.test.WatchDog.cancel(): canceling Sun Jul 14 04:50:01 UTC 2019
------------------ testing $PTII/ptolemy/domains/de/test/auto/Modal1.xml
auto.tcl: Setting watchdog for 200 seconds at Sun Jul 14 04:50:01 UTC 2019
16 ms. Memory: 48128K Free: 21115K (44%)
ptolemy.util.test.WatchDog.cancel(): canceling Sun Jul 14 04:50:01 UTC 2019
auto.tcl: Setting watchdog for 200 seconds at Sun Jul 14 04:50:01 UTC 2019
27 ms. Memory: 48128K Free: 18163K (38%)
ptolemy.util.test.WatchDog.cancel(): canceling Sun Jul 14 04:50:01 UTC 2019
------------------ testing $PTII/ptolemy/domains/de/test/auto/Modal2.xml
auto.tcl: Setting watchdog for 200 seconds at Sun Jul 14 04:50:02 UTC 2019
27 ms. Memory: 48128K Free: 21758K (45%)
ptolemy.util.test.WatchDog.cancel(): canceling Sun Jul 14 04:50:02 UTC 2019
auto.tcl: Setting watchdog for 200 seconds at Sun Jul 14 04:50:02 UTC 2019
17 ms. Memory: 48128K Free: 18484K (38%)
ptolemy.util.test.WatchDog.cancel(): canceling Sun Jul 14 04:50:02 UTC 2019
------------------ testing $PTII/ptolemy/domains/de/test/auto/Modal3.xml
auto.tcl: Setting watchdog for 200 seconds at Sun Jul 14 04:50:02 UTC 2019
11 ms. Memory: 48128K Free: 21521K (45%)
ptolemy.util.test.WatchDog.cancel(): canceling Sun Jul 14 04:50:02 UTC 2019
auto.tcl: Setting watchdog for 200 seconds at Sun Jul 14 04:50:02 UTC 2019
12 ms. Memory: 48128K Free: 18137K (38%)
ptolemy.util.test.WatchDog.cancel(): canceling Sun Jul 14 04:50:02 UTC 2019
------------------ testing $PTII/ptolemy/domains/de/test/auto/Modal4.xml
auto.tcl: Setting watchdog for 200 seconds at Sun Jul 14 04:50:02 UTC 2019
13 ms. Memory: 48128K Free: 20707K (43%)
ptolemy.util.test.WatchDog.cancel(): canceling Sun Jul 14 04:50:02 UTC 2019
auto.tcl: Setting watchdog for 200 seconds at Sun Jul 14 04:50:02 UTC 2019
14 ms. Memory: 48128K Free: 16891K (35%)
ptolemy.util.test.WatchDog.cancel(): canceling Sun Jul 14 04:50:02 UTC 2019
------------------ testing $PTII/ptolemy/domains/de/test/auto/Modal5.xml
auto.tcl: Setting watchdog for 200 seconds at Sun Jul 14 04:50:02 UTC 2019
13 ms. Memory: 48128K Free: 20712K (43%)
ptolemy.util.test.WatchDog.cancel(): canceling Sun Jul 14 04:50:02 UTC 2019
auto.tcl: Setting watchdog for 200 seconds at Sun Jul 14 04:50:02 UTC 2019
15 ms. Memory: 48128K Free: 16878K (35%)
ptolemy.util.test.WatchDog.cancel(): canceling Sun Jul 14 04:50:02 UTC 2019
------------------ testing $PTII/ptolemy/domains/de/test/auto/Modal6.xml
auto.tcl: Setting watchdog for 200 seconds at Sun Jul 14 04:50:02 UTC 2019
12 ms. Memory: 48128K Free: 21502K (45%)
ptolemy.util.test.WatchDog.cancel(): canceling Sun Jul 14 04:50:02 UTC 2019
auto.tcl: Setting watchdog for 200 seconds at Sun Jul 14 04:50:02 UTC 2019
13 ms. Memory: 48128K Free: 17510K (36%)
ptolemy.util.test.WatchDog.cancel(): canceling Sun Jul 14 04:50:02 UTC 2019
------------------ testing $PTII/ptolemy/domains/de/test/auto/Modal7.xml
auto.tcl: Setting watchdog for 200 seconds at Sun Jul 14 04:50:02 UTC 2019
10 ms. Memory: 48128K Free: 20437K (42%)
ptolemy.util.test.WatchDog.cancel(): canceling Sun Jul 14 04:50:02 UTC 2019
auto.tcl: Setting watchdog for 200 seconds at Sun Jul 14 04:50:02 UTC 2019
11 ms. Memory: 48128K Free: 16877K (35%)
ptolemy.util.test.WatchDog.cancel(): canceling Sun Jul 14 04:50:02 UTC 2019
------------------ testing $PTII/ptolemy/domains/de/test/auto/ModalModel.xml
auto.tcl: Setting watchdog for 200 seconds at Sun Jul 14 04:50:02 UTC 2019
235 ms. Memory: 48128K Free: 10980K (23%)
ptolemy.util.test.WatchDog.cancel(): canceling Sun Jul 14 04:50:02 UTC 2019
auto.tcl: Setting watchdog for 200 seconds at Sun Jul 14 04:50:02 UTC 2019
213 ms. Memory: 63488K Free: 21661K (34%)
ptolemy.util.test.WatchDog.cancel(): canceling Sun Jul 14 04:50:03 UTC 2019
------------------ testing $PTII/ptolemy/domains/de/test/auto/ModalSource.xml
auto.tcl: Setting watchdog for 200 seconds at Sun Jul 14 04:50:03 UTC 2019
12 ms. Memory: 55296K Free: 32719K (59%)
ptolemy.util.test.WatchDog.cancel(): canceling Sun Jul 14 04:50:03 UTC 2019
auto.tcl: Setting watchdog for 200 seconds at Sun Jul 14 04:50:03 UTC 2019
7 ms. Memory: 55296K Free: 30671K (55%)
ptolemy.util.test.WatchDog.cancel(): canceling Sun Jul 14 04:50:03 UTC 2019
------------------ testing $PTII/ptolemy/domains/de/test/auto/NonInterruptibleTimerZeroDelay.xml
auto.tcl: Setting watchdog for 200 seconds at Sun Jul 14 04:50:03 UTC 2019
4 ms. Memory: 51200K Free: 33589K (66%)
ptolemy.util.test.WatchDog.cancel(): canceling Sun Jul 14 04:50:03 UTC 2019
auto.tcl: Setting watchdog for 200 seconds at Sun Jul 14 04:50:03 UTC 2019
3 ms. Memory: 51200K Free: 32939K (64%)
ptolemy.util.test.WatchDog.cancel(): canceling Sun Jul 14 04:50:03 UTC 2019
------------------ testing $PTII/ptolemy/domains/de/test/auto/OpenQueueingNetwork.xml
auto.tcl: Setting watchdog for 200 seconds at Sun Jul 14 04:50:03 UTC 2019
3006 ms. Memory: 109568K Free: 91959K (84%)
ptolemy.util.test.WatchDog.cancel(): canceling Sun Jul 14 04:50:06 UTC 2019
auto.tcl: Setting watchdog for 200 seconds at Sun Jul 14 04:50:06 UTC 2019
2759 ms. Memory: 132096K Free: 52590K (40%)
ptolemy.util.test.WatchDog.cancel(): canceling Sun Jul 14 04:50:09 UTC 2019
------------------ testing $PTII/ptolemy/domains/de/test/auto/OpenQueuingNetwork.xml
auto.tcl: Setting watchdog for 200 seconds at Sun Jul 14 04:50:09 UTC 2019
248 ms. Memory: 55296K Free: 22577K (41%)
ptolemy.util.test.WatchDog.cancel(): canceling Sun Jul 14 04:50:09 UTC 2019
auto.tcl: Setting watchdog for 200 seconds at Sun Jul 14 04:50:09 UTC 2019
240 ms. Memory: 55296K Free: 30124K (54%)
ptolemy.util.test.WatchDog.cancel(): canceling Sun Jul 14 04:50:09 UTC 2019
------------------ testing $PTII/ptolemy/domains/de/test/auto/PeriodicSampler.xml
auto.tcl: Setting watchdog for 200 seconds at Sun Jul 14 04:50:10 UTC 2019
2 ms. Memory: 51200K Free: 32760K (64%)
ptolemy.util.test.WatchDog.cancel(): canceling Sun Jul 14 04:50:10 UTC 2019
auto.tcl: Setting watchdog for 200 seconds at Sun Jul 14 04:50:10 UTC 2019
2 ms. Memory: 51200K Free: 32253K (63%)
ptolemy.util.test.WatchDog.cancel(): canceling Sun Jul 14 04:50:10 UTC 2019
------------------ testing $PTII/ptolemy/domains/de/test/auto/PersistentIO.xml
auto.tcl: Setting watchdog for 200 seconds at Sun Jul 14 04:50:10 UTC 2019
5 ms. Memory: 48128K Free: 24626K (51%)
ptolemy.util.test.WatchDog.cancel(): canceling Sun Jul 14 04:50:10 UTC 2019
auto.tcl: Setting watchdog for 200 seconds at Sun Jul 14 04:50:10 UTC 2019
5 ms. Memory: 48128K Free: 23183K (48%)
ptolemy.util.test.WatchDog.cancel(): canceling Sun Jul 14 04:50:10 UTC 2019
------------------ testing $PTII/ptolemy/domains/de/test/auto/PortParameterResetOnInitialize.xml
auto.tcl: Setting watchdog for 200 seconds at Sun Jul 14 04:50:10 UTC 2019
7 ms. Memory: 48128K Free: 29581K (61%)
ptolemy.util.test.WatchDog.cancel(): canceling Sun Jul 14 04:50:10 UTC 2019
auto.tcl: Setting watchdog for 200 seconds at Sun Jul 14 04:50:10 UTC 2019
3 ms. Memory: 48128K Free: 29101K (60%)
ptolemy.util.test.WatchDog.cancel(): canceling Sun Jul 14 04:50:10 UTC 2019
------------------ testing $PTII/ptolemy/domains/de/test/auto/PortParameterUpdates.xml
auto.tcl: Setting watchdog for 200 seconds at Sun Jul 14 04:50:10 UTC 2019
5 ms. Memory: 48128K Free: 27681K (58%)
ptolemy.util.test.WatchDog.cancel(): canceling Sun Jul 14 04:50:10 UTC 2019
auto.tcl: Setting watchdog for 200 seconds at Sun Jul 14 04:50:10 UTC 2019
5 ms. Memory: 48128K Free: 26249K (55%)
ptolemy.util.test.WatchDog.cancel(): canceling Sun Jul 14 04:50:10 UTC 2019
------------------ testing $PTII/ptolemy/domains/de/test/auto/QueueAndServer.xml
auto.tcl: Setting watchdog for 200 seconds at Sun Jul 14 04:50:10 UTC 2019
17 ms. Memory: 48128K Free: 26870K (56%)
ptolemy.util.test.WatchDog.cancel(): canceling Sun Jul 14 04:50:10 UTC 2019
auto.tcl: Setting watchdog for 200 seconds at Sun Jul 14 04:50:10 UTC 2019
11 ms. Memory: 48128K Free: 25169K (52%)
ptolemy.util.test.WatchDog.cancel(): canceling Sun Jul 14 04:50:10 UTC 2019
------------------ testing $PTII/ptolemy/domains/de/test/auto/Records.xml
auto.tcl: Setting watchdog for 200 seconds at Sun Jul 14 04:50:10 UTC 2019
7 ms. Memory: 48128K Free: 29138K (61%)
ptolemy.util.test.WatchDog.cancel(): canceling Sun Jul 14 04:50:10 UTC 2019
auto.tcl: Setting watchdog for 200 seconds at Sun Jul 14 04:50:10 UTC 2019
3 ms. Memory: 48128K Free: 28657K (60%)
ptolemy.util.test.WatchDog.cancel(): canceling Sun Jul 14 04:50:10 UTC 2019
------------------ testing $PTII/ptolemy/domains/de/test/auto/ResetTransitionWithStartTime1.xml
auto.tcl: Setting watchdog for 200 seconds at Sun Jul 14 04:50:10 UTC 2019
8 ms. Memory: 48128K Free: 26097K (54%)
ptolemy.util.test.WatchDog.cancel(): canceling Sun Jul 14 04:50:10 UTC 2019
auto.tcl: Setting watchdog for 200 seconds at Sun Jul 14 04:50:10 UTC 2019
8 ms. Memory: 48128K Free: 23581K (49%)
ptolemy.util.test.WatchDog.cancel(): canceling Sun Jul 14 04:50:10 UTC 2019
------------------ testing $PTII/ptolemy/domains/de/test/auto/ResetTransitionWithStartTime2.xml
auto.tcl: Setting watchdog for 200 seconds at Sun Jul 14 04:50:10 UTC 2019
8 ms. Memory: 48128K Free: 26052K (54%)
ptolemy.util.test.WatchDog.cancel(): canceling Sun Jul 14 04:50:10 UTC 2019
auto.tcl: Setting watchdog for 200 seconds at Sun Jul 14 04:50:10 UTC 2019
7 ms. Memory: 48128K Free: 23524K (49%)
ptolemy.util.test.WatchDog.cancel(): canceling Sun Jul 14 04:50:10 UTC 2019
------------------ testing $PTII/ptolemy/domains/de/test/auto/ResetTransitionWithStartTime3.xml
auto.tcl: Setting watchdog for 200 seconds at Sun Jul 14 04:50:10 UTC 2019
10 ms. Memory: 48128K Free: 26196K (54%)
ptolemy.util.test.WatchDog.cancel(): canceling Sun Jul 14 04:50:10 UTC 2019
auto.tcl: Setting watchdog for 200 seconds at Sun Jul 14 04:50:10 UTC 2019
7 ms. Memory: 48128K Free: 24003K (50%)
ptolemy.util.test.WatchDog.cancel(): canceling Sun Jul 14 04:50:10 UTC 2019
------------------ testing $PTII/ptolemy/domains/de/test/auto/ResetTransitionWithStartTime4.xml
auto.tcl: Setting watchdog for 200 seconds at Sun Jul 14 04:50:10 UTC 2019
15 ms. Memory: 48128K Free: 26791K (56%)
ptolemy.util.test.WatchDog.cancel(): canceling Sun Jul 14 04:50:10 UTC 2019
auto.tcl: Setting watchdog for 200 seconds at Sun Jul 14 04:50:10 UTC 2019
4 ms. Memory: 48128K Free: 25151K (52%)
ptolemy.util.test.WatchDog.cancel(): canceling Sun Jul 14 04:50:10 UTC 2019
------------------ testing $PTII/ptolemy/domains/de/test/auto/ResettableTimer1.xml
auto.tcl: Setting watchdog for 200 seconds at Sun Jul 14 04:50:10 UTC 2019
3 ms. Memory: 48128K Free: 30563K (64%)
ptolemy.util.test.WatchDog.cancel(): canceling Sun Jul 14 04:50:10 UTC 2019
auto.tcl: Setting watchdog for 200 seconds at Sun Jul 14 04:50:10 UTC 2019
4 ms. Memory: 48128K Free: 29664K (62%)
ptolemy.util.test.WatchDog.cancel(): canceling Sun Jul 14 04:50:10 UTC 2019
------------------ testing $PTII/ptolemy/domains/de/test/auto/ResettableTimer2.xml
auto.tcl: Setting watchdog for 200 seconds at Sun Jul 14 04:50:11 UTC 2019
2 ms. Memory: 48128K Free: 30321K (63%)
ptolemy.util.test.WatchDog.cancel(): canceling Sun Jul 14 04:50:11 UTC 2019
auto.tcl: Setting watchdog for 200 seconds at Sun Jul 14 04:50:11 UTC 2019
2 ms. Memory: 48128K Free: 29229K (61%)
ptolemy.util.test.WatchDog.cancel(): canceling Sun Jul 14 04:50:11 UTC 2019
------------------ testing $PTII/ptolemy/domains/de/test/auto/ResettableTimer3.xml
auto.tcl: Setting watchdog for 200 seconds at Sun Jul 14 04:50:11 UTC 2019
2 ms. Memory: 48128K Free: 30694K (64%)
ptolemy.util.test.WatchDog.cancel(): canceling Sun Jul 14 04:50:11 UTC 2019
auto.tcl: Setting watchdog for 200 seconds at Sun Jul 14 04:50:11 UTC 2019
1 ms. Memory: 48128K Free: 30229K (63%)
ptolemy.util.test.WatchDog.cancel(): canceling Sun Jul 14 04:50:11 UTC 2019
------------------ testing $PTII/ptolemy/domains/de/test/auto/ResettableTimer4.xml
auto.tcl: Setting watchdog for 200 seconds at Sun Jul 14 04:50:11 UTC 2019
1 ms. Memory: 48128K Free: 30211K (63%)
ptolemy.util.test.WatchDog.cancel(): canceling Sun Jul 14 04:50:11 UTC 2019
auto.tcl: Setting watchdog for 200 seconds at Sun Jul 14 04:50:11 UTC 2019
2 ms. Memory: 48128K Free: 29699K (62%)
ptolemy.util.test.WatchDog.cancel(): canceling Sun Jul 14 04:50:11 UTC 2019
------------------ testing $PTII/ptolemy/domains/de/test/auto/ResettableTimer5.xml
auto.tcl: Setting watchdog for 200 seconds at Sun Jul 14 04:50:11 UTC 2019
2 ms. Memory: 48128K Free: 29675K (62%)
ptolemy.util.test.WatchDog.cancel(): canceling Sun Jul 14 04:50:11 UTC 2019
auto.tcl: Setting watchdog for 200 seconds at Sun Jul 14 04:50:11 UTC 2019
2 ms. Memory: 48128K Free: 29211K (61%)
ptolemy.util.test.WatchDog.cancel(): canceling Sun Jul 14 04:50:11 UTC 2019
------------------ testing $PTII/ptolemy/domains/de/test/auto/ResettableTimer6.xml
auto.tcl: Setting watchdog for 200 seconds at Sun Jul 14 04:50:11 UTC 2019
2 ms. Memory: 48128K Free: 29670K (62%)
ptolemy.util.test.WatchDog.cancel(): canceling Sun Jul 14 04:50:11 UTC 2019
auto.tcl: Setting watchdog for 200 seconds at Sun Jul 14 04:50:11 UTC 2019
2 ms. Memory: 48128K Free: 29222K (61%)
ptolemy.util.test.WatchDog.cancel(): canceling Sun Jul 14 04:50:11 UTC 2019
------------------ testing $PTII/ptolemy/domains/de/test/auto/ServerZeroDelay.xml
auto.tcl: Setting watchdog for 200 seconds at Sun Jul 14 04:50:11 UTC 2019
3 ms. Memory: 48128K Free: 30175K (63%)
ptolemy.util.test.WatchDog.cancel(): canceling Sun Jul 14 04:50:11 UTC 2019
auto.tcl: Setting watchdog for 200 seconds at Sun Jul 14 04:50:11 UTC 2019
3 ms. Memory: 48128K Free: 29238K (61%)
ptolemy.util.test.WatchDog.cancel(): canceling Sun Jul 14 04:50:11 UTC 2019
------------------ testing $PTII/ptolemy/domains/de/test/auto/SmartSender.xml
auto.tcl: Setting watchdog for 200 seconds at Sun Jul 14 04:50:11 UTC 2019
3002 ms. Memory: 48128K Free: 30209K (63%)
ptolemy.util.test.WatchDog.cancel(): canceling Sun Jul 14 04:50:14 UTC 2019
auto.tcl: Setting watchdog for 200 seconds at Sun Jul 14 04:50:14 UTC 2019
3001 ms. Memory: 48128K Free: 29704K (62%)
ptolemy.util.test.WatchDog.cancel(): canceling Sun Jul 14 04:50:17 UTC 2019
------------------ testing $PTII/ptolemy/domains/de/test/auto/ThreadedComposite.xml
auto.tcl: Setting watchdog for 200 seconds at Sun Jul 14 04:50:17 UTC 2019
254 ms. Memory: 48128K Free: 11237K (23%)
ptolemy.util.test.WatchDog.cancel(): canceling Sun Jul 14 04:50:17 UTC 2019
auto.tcl: Setting watchdog for 200 seconds at Sun Jul 14 04:50:17 UTC 2019
218 ms. Memory: 58368K Free: 32009K (55%)
ptolemy.util.test.WatchDog.cancel(): canceling Sun Jul 14 04:50:18 UTC 2019
------------------ testing $PTII/ptolemy/domains/de/test/auto/Time.xml
auto.tcl: Setting watchdog for 200 seconds at Sun Jul 14 04:50:18 UTC 2019
609 ms. Memory: 51200K Free: 36448K (71%)
ptolemy.util.test.WatchDog.cancel(): canceling Sun Jul 14 04:50:18 UTC 2019
auto.tcl: Setting watchdog for 200 seconds at Sun Jul 14 04:50:18 UTC 2019
551 ms. Memory: 51200K Free: 11313K (22%)
ptolemy.util.test.WatchDog.cancel(): canceling Sun Jul 14 04:50:19 UTC 2019
------------------ testing $PTII/ptolemy/domains/de/test/auto/TimeDelayZeroDelay.xml
auto.tcl: Setting watchdog for 200 seconds at Sun Jul 14 04:50:19 UTC 2019
2 ms. Memory: 48128K Free: 30096K (63%)
ptolemy.util.test.WatchDog.cancel(): canceling Sun Jul 14 04:50:19 UTC 2019
auto.tcl: Setting watchdog for 200 seconds at Sun Jul 14 04:50:19 UTC 2019
2 ms. Memory: 48128K Free: 29221K (61%)
ptolemy.util.test.WatchDog.cancel(): canceling Sun Jul 14 04:50:19 UTC 2019
------------------ testing $PTII/ptolemy/domains/de/test/auto/TimerZeroDelay.xml
auto.tcl: Setting watchdog for 200 seconds at Sun Jul 14 04:50:19 UTC 2019
2 ms. Memory: 48128K Free: 30578K (64%)
ptolemy.util.test.WatchDog.cancel(): canceling Sun Jul 14 04:50:19 UTC 2019
auto.tcl: Setting watchdog for 200 seconds at Sun Jul 14 04:50:19 UTC 2019
2 ms. Memory: 48128K Free: 30139K (63%)
ptolemy.util.test.WatchDog.cancel(): canceling Sun Jul 14 04:50:19 UTC 2019
------------------ testing $PTII/ptolemy/domains/de/test/auto/TimingParadox.xml
auto.tcl: Setting watchdog for 200 seconds at Sun Jul 14 04:50:19 UTC 2019
358 ms. Memory: 48128K Free: 11175K (23%)
ptolemy.util.test.WatchDog.cancel(): canceling Sun Jul 14 04:50:19 UTC 2019
auto.tcl: Setting watchdog for 200 seconds at Sun Jul 14 04:50:19 UTC 2019
349 ms. Memory: 48128K Free: 21117K (44%)
ptolemy.util.test.WatchDog.cancel(): canceling Sun Jul 14 04:50:20 UTC 2019
------------------ testing $PTII/ptolemy/domains/de/test/auto/TransferInputs.xml
auto.tcl: Setting watchdog for 200 seconds at Sun Jul 14 04:50:20 UTC 2019
2 ms. Memory: 48128K Free: 28607K (59%)
ptolemy.util.test.WatchDog.cancel(): canceling Sun Jul 14 04:50:20 UTC 2019
auto.tcl: Setting watchdog for 200 seconds at Sun Jul 14 04:50:20 UTC 2019
2 ms. Memory: 48128K Free: 27690K (58%)
ptolemy.util.test.WatchDog.cancel(): canceling Sun Jul 14 04:50:20 UTC 2019
------------------ testing $PTII/ptolemy/domains/de/test/auto/TransferOutputs2.xml
auto.tcl: Setting watchdog for 200 seconds at Sun Jul 14 04:50:20 UTC 2019
9 ms. Memory: 48128K Free: 26050K (54%)
ptolemy.util.test.WatchDog.cancel(): canceling Sun Jul 14 04:50:20 UTC 2019
auto.tcl: Setting watchdog for 200 seconds at Sun Jul 14 04:50:20 UTC 2019
3 ms. Memory: 48128K Free: 24605K (51%)
ptolemy.util.test.WatchDog.cancel(): canceling Sun Jul 14 04:50:20 UTC 2019
------------------ testing $PTII/ptolemy/domains/de/test/auto/Trilateration.xml
auto.tcl: Setting watchdog for 200 seconds at Sun Jul 14 04:50:20 UTC 2019
14739 ms. Memory: 544768K Free: 329964K (61%)
ptolemy.util.test.WatchDog.cancel(): canceling Sun Jul 14 04:50:36 UTC 2019
auto.tcl: Setting watchdog for 200 seconds at Sun Jul 14 04:50:36 UTC 2019
11320 ms. Memory: 544768K Free: 286087K (53%)
ptolemy.util.test.WatchDog.cancel(): canceling Sun Jul 14 04:50:47 UTC 2019
------------------ testing $PTII/ptolemy/domains/de/test/auto/TwoSigmaDelta.xml
auto.tcl: Setting watchdog for 200 seconds at Sun Jul 14 04:50:47 UTC 2019
2813 ms. Memory: 89088K Free: 23139K (26%)
ptolemy.util.test.WatchDog.cancel(): canceling Sun Jul 14 04:50:50 UTC 2019
auto.tcl: Setting watchdog for 200 seconds at Sun Jul 14 04:50:50 UTC 2019
1962 ms. Memory: 89088K Free: 22145K (25%)
ptolemy.util.test.WatchDog.cancel(): canceling Sun Jul 14 04:50:52 UTC 2019
------------------ testing $PTII/ptolemy/domains/de/test/auto/VariableDelay.xml
auto.tcl: Setting watchdog for 200 seconds at Sun Jul 14 04:50:52 UTC 2019
3 ms. Memory: 55296K Free: 36249K (66%)
ptolemy.util.test.WatchDog.cancel(): canceling Sun Jul 14 04:50:52 UTC 2019
auto.tcl: Setting watchdog for 200 seconds at Sun Jul 14 04:50:52 UTC 2019
2 ms. Memory: 55296K Free: 35241K (64%)
ptolemy.util.test.WatchDog.cancel(): canceling Sun Jul 14 04:50:52 UTC 2019
------------------ testing $PTII/ptolemy/domains/de/test/auto/VariableDelay2.xml
auto.tcl: Setting watchdog for 200 seconds at Sun Jul 14 04:50:52 UTC 2019
7 ms. Memory: 51200K Free: 32767K (64%)
ptolemy.util.test.WatchDog.cancel(): canceling Sun Jul 14 04:50:52 UTC 2019
auto.tcl: Setting watchdog for 200 seconds at Sun Jul 14 04:50:52 UTC 2019
2 ms. Memory: 51200K Free: 32072K (63%)
ptolemy.util.test.WatchDog.cancel(): canceling Sun Jul 14 04:50:52 UTC 2019
------------------ testing $PTII/ptolemy/domains/de/test/auto/VariableDelayZeroDelay.xml
auto.tcl: Setting watchdog for 200 seconds at Sun Jul 14 04:50:52 UTC 2019
3 ms. Memory: 48128K Free: 30183K (63%)
ptolemy.util.test.WatchDog.cancel(): canceling Sun Jul 14 04:50:52 UTC 2019
auto.tcl: Setting watchdog for 200 seconds at Sun Jul 14 04:50:52 UTC 2019
2 ms. Memory: 48128K Free: 29508K (61%)
ptolemy.util.test.WatchDog.cancel(): canceling Sun Jul 14 04:50:52 UTC 2019
------------------ testing $PTII/ptolemy/domains/de/test/auto/VariableDelayZeroDelay2.xml
auto.tcl: Setting watchdog for 200 seconds at Sun Jul 14 04:50:52 UTC 2019
2 ms. Memory: 48128K Free: 30022K (62%)
ptolemy.util.test.WatchDog.cancel(): canceling Sun Jul 14 04:50:53 UTC 2019
auto.tcl: Setting watchdog for 200 seconds at Sun Jul 14 04:50:53 UTC 2019
2 ms. Memory: 48128K Free: 29089K (60%)
ptolemy.util.test.WatchDog.cancel(): canceling Sun Jul 14 04:50:53 UTC 2019
------------------ testing $PTII/ptolemy/domains/de/test/auto/deInCt.xml
auto.tcl: Setting watchdog for 200 seconds at Sun Jul 14 04:50:53 UTC 2019
0
1
1
1
0
0
0
0
0
0
0
1
1
1
0
0
0
1
1
1
0
0
0
1
1
1
1
1
1
11 ms. Memory: 48128K Free: 29001K (60%)
ptolemy.util.test.WatchDog.cancel(): canceling Sun Jul 14 04:50:53 UTC 2019
auto.tcl: Setting watchdog for 200 seconds at Sun Jul 14 04:50:53 UTC 2019
0
1
1
1
0
0
0
1
1
0
0
0
1
1
1
1
0
0
0
1
1
0
0
0
1
1
1
0
0
0
0
1
1
1
0
0
0
1
1
1
1
14 ms. Memory: 48128K Free: 27490K (57%)
ptolemy.util.test.WatchDog.cancel(): canceling Sun Jul 14 04:50:53 UTC 2019
------------------ testing $PTII/ptolemy/domains/de/test/auto/deInCt2.xml
auto.tcl: Setting watchdog for 200 seconds at Sun Jul 14 04:50:53 UTC 2019
0
1
1
1
0
0
1
1
1
0
0
1
1
1
0
0
1
1
1
0
0
1
1
1
0
0
1
1
1
0
0
1
1
1
0
0
1
1
1
0
0
0
13 ms. Memory: 48128K Free: 29087K (60%)
ptolemy.util.test.WatchDog.cancel(): canceling Sun Jul 14 04:50:53 UTC 2019
auto.tcl: Setting watchdog for 200 seconds at Sun Jul 14 04:50:53 UTC 2019
0
1
1
1
0
0
1
1
1
0
0
1
1
1
0
0
1
1
1
0
0
1
1
1
0
0
1
1
1
0
0
1
1
1
0
0
1
1
1
0
0
0
10 ms. Memory: 48128K Free: 27477K (57%)
ptolemy.util.test.WatchDog.cancel(): canceling Sun Jul 14 04:50:53 UTC 2019
------------------ testing $PTII/ptolemy/domains/de/test/auto/dynamicCausalityInterface1.xml
auto.tcl: Setting watchdog for 200 seconds at Sun Jul 14 04:50:53 UTC 2019
2 ms. Memory: 48128K Free: 24376K (51%)
ptolemy.util.test.WatchDog.cancel(): canceling Sun Jul 14 04:50:53 UTC 2019
auto.tcl: Setting watchdog for 200 seconds at Sun Jul 14 04:50:53 UTC 2019
1 ms. Memory: 48128K Free: 23893K (50%)
ptolemy.util.test.WatchDog.cancel(): canceling Sun Jul 14 04:50:53 UTC 2019
------------------ testing $PTII/ptolemy/domains/de/test/auto/fsm_de_test.xml
auto.tcl: Setting watchdog for 200 seconds at Sun Jul 14 04:50:53 UTC 2019
18 ms. Memory: 48128K Free: 24512K (51%)
ptolemy.util.test.WatchDog.cancel(): canceling Sun Jul 14 04:50:53 UTC 2019
auto.tcl: Setting watchdog for 200 seconds at Sun Jul 14 04:50:53 UTC 2019
7 ms. Memory: 48128K Free: 22821K (47%)
ptolemy.util.test.WatchDog.cancel(): canceling Sun Jul 14 04:50:53 UTC 2019
------------------ testing $PTII/ptolemy/domains/de/test/auto/functionDependencyReconstruction.xml
auto.tcl: Setting watchdog for 200 seconds at Sun Jul 14 04:50:53 UTC 2019
2 ms. Memory: 48128K Free: 18674K (39%)
ptolemy.util.test.WatchDog.cancel(): canceling Sun Jul 14 04:50:53 UTC 2019
auto.tcl: Setting watchdog for 200 seconds at Sun Jul 14 04:50:53 UTC 2019
3 ms. Memory: 48128K Free: 16648K (35%)
ptolemy.util.test.WatchDog.cancel(): canceling Sun Jul 14 04:50:53 UTC 2019
------------------ testing $PTII/ptolemy/domains/de/test/auto/multirate.xml
auto.tcl: Setting watchdog for 200 seconds at Sun Jul 14 04:50:53 UTC 2019
5 ms. Memory: 48128K Free: 27473K (57%)
ptolemy.util.test.WatchDog.cancel(): canceling Sun Jul 14 04:50:53 UTC 2019
auto.tcl: Setting watchdog for 200 seconds at Sun Jul 14 04:50:53 UTC 2019
7 ms. Memory: 48128K Free: 25802K (54%)
ptolemy.util.test.WatchDog.cancel(): canceling Sun Jul 14 04:50:53 UTC 2019
------------------ testing $PTII/ptolemy/domains/de/test/auto/multirate2.xml
auto.tcl: Setting watchdog for 200 seconds at Sun Jul 14 04:50:53 UTC 2019
3 ms. Memory: 48128K Free: 27409K (57%)
ptolemy.util.test.WatchDog.cancel(): canceling Sun Jul 14 04:50:53 UTC 2019
auto.tcl: Setting watchdog for 200 seconds at Sun Jul 14 04:50:53 UTC 2019
4 ms. Memory: 48128K Free: 25938K (54%)
ptolemy.util.test.WatchDog.cancel(): canceling Sun Jul 14 04:50:53 UTC 2019
------------------ testing $PTII/ptolemy/domains/de/test/auto/realtime.xml
auto.tcl: Setting watchdog for 200 seconds at Sun Jul 14 04:50:53 UTC 2019
10001 ms. Memory: 48128K Free: 29716K (62%)
ptolemy.util.test.WatchDog.cancel(): canceling Sun Jul 14 04:51:03 UTC 2019
auto.tcl: Setting watchdog for 200 seconds at Sun Jul 14 04:51:03 UTC 2019
10002 ms. Memory: 48128K Free: 28975K (60%)
ptolemy.util.test.WatchDog.cancel(): canceling Sun Jul 14 04:51:13 UTC 2019
------------------ testing $PTII/ptolemy/domains/de/test/auto/relationGroup.xml
auto.tcl: Setting watchdog for 200 seconds at Sun Jul 14 04:51:13 UTC 2019
4 ms. Memory: 48128K Free: 30769K (64%)
ptolemy.util.test.WatchDog.cancel(): canceling Sun Jul 14 04:51:13 UTC 2019
auto.tcl: Setting watchdog for 200 seconds at Sun Jul 14 04:51:13 UTC 2019
3 ms. Memory: 48128K Free: 30247K (63%)
ptolemy.util.test.WatchDog.cancel(): canceling Sun Jul 14 04:51:13 UTC 2019
------------------ testing $PTII/ptolemy/domains/de/test/auto/relationGroup2.xml
auto.tcl: Setting watchdog for 200 seconds at Sun Jul 14 04:51:13 UTC 2019
2 ms. Memory: 48128K Free: 30554K (63%)
ptolemy.util.test.WatchDog.cancel(): canceling Sun Jul 14 04:51:13 UTC 2019
auto.tcl: Setting watchdog for 200 seconds at Sun Jul 14 04:51:13 UTC 2019
2 ms. Memory: 48128K Free: 29569K (61%)
ptolemy.util.test.WatchDog.cancel(): canceling Sun Jul 14 04:51:13 UTC 2019
------------------ testing $PTII/ptolemy/domains/de/test/auto/sortWithOpaquePorts.xml
auto.tcl: Setting watchdog for 200 seconds at Sun Jul 14 04:51:13 UTC 2019
2 ms. Memory: 48128K Free: 29523K (61%)
ptolemy.util.test.WatchDog.cancel(): canceling Sun Jul 14 04:51:13 UTC 2019
auto.tcl: Setting watchdog for 200 seconds at Sun Jul 14 04:51:13 UTC 2019
2 ms. Memory: 48128K Free: 28521K (59%)
ptolemy.util.test.WatchDog.cancel(): canceling Sun Jul 14 04:51:13 UTC 2019
------------------ testing $PTII/ptolemy/domains/de/test/auto/transferInputsandOutputs.xml
auto.tcl: Setting watchdog for 200 seconds at Sun Jul 14 04:51:14 UTC 2019
3 ms. Memory: 48128K Free: 26966K (56%)
ptolemy.util.test.WatchDog.cancel(): canceling Sun Jul 14 04:51:14 UTC 2019
auto.tcl: Setting watchdog for 200 seconds at Sun Jul 14 04:51:14 UTC 2019
2 ms. Memory: 48128K Free: 25989K (54%)
ptolemy.util.test.WatchDog.cancel(): canceling Sun Jul 14 04:51:14 UTC 2019
------------------ testing $PTII/ptolemy/domains/de/test/auto/triggerType.xml
auto.tcl: Setting watchdog for 200 seconds at Sun Jul 14 04:51:14 UTC 2019
2 ms. Memory: 48128K Free: 29992K (62%)
ptolemy.util.test.WatchDog.cancel(): canceling Sun Jul 14 04:51:14 UTC 2019
auto.tcl: Setting watchdog for 200 seconds at Sun Jul 14 04:51:14 UTC 2019
5 ms. Memory: 48128K Free: 29023K (60%)
ptolemy.util.test.WatchDog.cancel(): canceling Sun Jul 14 04:51:14 UTC 2019
07/14/19 04:51:14
Failed: 0  Total Tests: 192  ((Passed: 187, Newly Passed: 1)  Known Failed: 5) /home/travis/build/icyphy/ptII/ptolemy/domains/de/test
07/14/19 04:51:14
Failed: 0  Total Tests: 192  ((Passed: 187, Newly Passed: 1)  Known Failed: 5) /home/travis/build/icyphy/ptII/ptolemy/domains/de/test
----------------- testing (KnownFailure) /home/travis/build/icyphy/ptII/ptolemy/domains/de/test/auto/knownFailedTests/DESDFClockTest.xml
2016 ms. Memory: 48128K Free: 23386K (49%)
Known Failure: java.lang.reflect.InvocationTargetException
----------------- testing (KnownFailure) /home/travis/build/icyphy/ptII/ptolemy/domains/de/test/auto/knownFailedTests/DirectFeedback.xml
2 ms. Memory: 48128K Free: 19290K (40%)
Known Failure: java.lang.reflect.InvocationTargetException
----------------- testing (KnownFailure) /home/travis/build/icyphy/ptII/ptolemy/domains/de/test/auto/knownFailedTests/FSMSource.xml
8 ms. Memory: 48128K Free: 11612K (24%)
----------------- testing (KnownFailure) /home/travis/build/icyphy/ptII/ptolemy/domains/de/test/auto/knownFailedTests/HierarchicalModel.xml
11 ms. Memory: 48128K Free: 21680K (45%)
Known Failure: java.lang.reflect.InvocationTargetException
----------------- testing (KnownFailure) /home/travis/build/icyphy/ptII/ptolemy/domains/de/test/auto/knownFailedTests/dependencyLoop.xml
8 ms. Memory: 48128K Free: 32410K (67%)
Known Failure: java.lang.reflect.InvocationTargetException
----------------- testing (KnownFailure) /home/travis/build/icyphy/ptII/ptolemy/domains/de/test/auto/knownFailedTests/dependencyLoop2.xml
6 ms. Memory: 48128K Free: 17159K (36%)
Known Failure: java.lang.reflect.InvocationTargetException
No auto/linux-amd64/*.xml tests in /home/travis/build/icyphy/ptII/ptolemy/domains/de/test
AutoTests.java: About to close Vertx.
AutoTests.java: Vertx closed.

===========================================================================================
----------------- testing Sun Jul 14 04:51:16 UTC 2019 /home/travis/build/icyphy/ptII/ptolemy/domains/de/test/auto/ActorDepthCalculation_actorWithoutPorts.xml
----------------- Instantiating /home/travis/build/icyphy/ptII/ptolemy/domains/de/test/auto/ActorDepthCalculation_actorWithoutPorts.xml
2 ms. Memory: 48128K Free: 11039K (23%)
----------------- Invoking toplevel() on ptolemy.moml.MoMLSimpleApplication@35e26ccb
----------------- Done invoking toplevel() on ptolemy.moml.MoMLSimpleApplication@35e26ccb
reloadAllAccessors: .ActorDepthCalculation_actorWithoutPorts

===========================================================================================
----------------- testing Sun Jul 14 04:51:16 UTC 2019 /home/travis/build/icyphy/ptII/ptolemy/domains/de/test/auto/AssemblyLine.xml
----------------- Instantiating /home/travis/build/icyphy/ptII/ptolemy/domains/de/test/auto/AssemblyLine.xml
4 ms. Memory: 48128K Free: 29431K (61%)
----------------- Invoking toplevel() on ptolemy.moml.MoMLSimpleApplication@50580193
----------------- Done invoking toplevel() on ptolemy.moml.MoMLSimpleApplication@50580193
reloadAllAccessors: .AssemblyLine

===========================================================================================
----------------- testing Sun Jul 14 04:51:16 UTC 2019 /home/travis/build/icyphy/ptII/ptolemy/domains/de/test/auto/CQBug1.xml
----------------- Instantiating /home/travis/build/icyphy/ptII/ptolemy/domains/de/test/auto/CQBug1.xml
2 ms. Memory: 48128K Free: 26531K (55%)
----------------- Invoking toplevel() on ptolemy.moml.MoMLSimpleApplication@7e91ad8e
----------------- Done invoking toplevel() on ptolemy.moml.MoMLSimpleApplication@7e91ad8e
reloadAllAccessors: .CQBug1

===========================================================================================
----------------- testing Sun Jul 14 04:51:16 UTC 2019 /home/travis/build/icyphy/ptII/ptolemy/domains/de/test/auto/CancelFireAt.xml
----------------- Instantiating /home/travis/build/icyphy/ptII/ptolemy/domains/de/test/auto/CancelFireAt.xml
14 ms. Memory: 48128K Free: 24122K (50%)
----------------- Invoking toplevel() on ptolemy.moml.MoMLSimpleApplication@ea5d12d
----------------- Done invoking toplevel() on ptolemy.moml.MoMLSimpleApplication@ea5d12d
reloadAllAccessors: .CancelFireAt

===========================================================================================
----------------- testing Sun Jul 14 04:51:16 UTC 2019 /home/travis/build/icyphy/ptII/ptolemy/domains/de/test/auto/CausalityAndComposabilityAnalysis.xml
----------------- Instantiating /home/travis/build/icyphy/ptII/ptolemy/domains/de/test/auto/CausalityAndComposabilityAnalysis.xml
1 ms. Memory: 48128K Free: 19998K (42%)
----------------- Invoking toplevel() on ptolemy.moml.MoMLSimpleApplication@655b6e85
----------------- Done invoking toplevel() on ptolemy.moml.MoMLSimpleApplication@655b6e85
reloadAllAccessors: .CausalityAndComposabilityAnalysis

===========================================================================================
----------------- testing Sun Jul 14 04:51:16 UTC 2019 /home/travis/build/icyphy/ptII/ptolemy/domains/de/test/auto/CausalityInterface1.xml
----------------- Instantiating /home/travis/build/icyphy/ptII/ptolemy/domains/de/test/auto/CausalityInterface1.xml
6 ms. Memory: 48128K Free: 15095K (31%)
----------------- Invoking toplevel() on ptolemy.moml.MoMLSimpleApplication@27241f1e
----------------- Done invoking toplevel() on ptolemy.moml.MoMLSimpleApplication@27241f1e
reloadAllAccessors: .CausalityInterface1

===========================================================================================
----------------- testing Sun Jul 14 04:51:16 UTC 2019 /home/travis/build/icyphy/ptII/ptolemy/domains/de/test/auto/CausalityInterface15.xml
----------------- Instantiating /home/travis/build/icyphy/ptII/ptolemy/domains/de/test/auto/CausalityInterface15.xml
1 ms. Memory: 48128K Free: 9742K (20%)
----------------- Invoking toplevel() on ptolemy.moml.MoMLSimpleApplication@6be97db
----------------- Done invoking toplevel() on ptolemy.moml.MoMLSimpleApplication@6be97db
reloadAllAccessors: .CausalityInterface15

===========================================================================================
----------------- testing Sun Jul 14 04:51:16 UTC 2019 /home/travis/build/icyphy/ptII/ptolemy/domains/de/test/auto/CausalityInterface2.xml
----------------- Instantiating /home/travis/build/icyphy/ptII/ptolemy/domains/de/test/auto/CausalityInterface2.xml
2 ms. Memory: 48128K Free: 30820K (64%)
[...]
	at ptolemy.actor.Manager.run(Manager.java:1263)
	at ptolemy.actor.Manager$PtolemyRunThread.run(Manager.java:1915)
java.lang.RuntimeException: Execution failed
	at ptolemy.moml.MoMLSimpleApplication$UnloadThread.run(MoMLSimpleApplication.java:402)
Caused by: ptolemy.kernel.util.IllegalActionException: Actor is not ready to fire.  Perhaps UpSample.prefire() returned false? Try debugging the actor by selecting "Listen to Actor".  Also, for SDF check moml for tokenConsumptionRate on input.
  in .DESDFClockTest.Play Bell.Copy1:SDF Director and .DESDFClockTest.Play Bell.UpSample
	at ptolemy.actor.sched.StaticSchedulingDirector.fire(StaticSchedulingDirector.java:227)
	at ptolemy.domains.sdf.kernel.SDFDirector.fire(SDFDirector.java:500)
	at ptolemy.actor.CompositeActor.fire(CompositeActor.java:455)
	at ptolemy.domains.de.kernel.DEDirector._fire(DEDirector.java:1949)
	at ptolemy.domains.de.kernel.DEDirector.fire(DEDirector.java:502)
	at ptolemy.actor.CompositeActor.fire(CompositeActor.java:455)
	at ptolemy.actor.Manager.iterate(Manager.java:851)
	at ptolemy.actor.Manager.execute(Manager.java:369)
	at ptolemy.actor.Manager.run(Manager.java:1263)
	at ptolemy.actor.Manager$PtolemyRunThread.run(Manager.java:1915)
java.lang.reflect.InvocationTargetException
	at java.base/jdk.internal.reflect.NativeConstructorAccessorImpl.newInstance0(Native Method)
	at java.base/jdk.internal.reflect.NativeConstructorAccessorImpl.newInstance(NativeConstructorAccessorImpl.java:62)
	at java.base/jdk.internal.reflect.DelegatingConstructorAccessorImpl.newInstance(DelegatingConstructorAccessorImpl.java:45)
	at java.base/java.lang.reflect.Constructor.newInstance(Constructor.java:490)
	at ptolemy.util.test.junit.AutoKnownFailedTests.RunModel(AutoKnownFailedTests.java:105)
	at java.base/jdk.internal.reflect.NativeMethodAccessorImpl.invoke0(Native Method)
	at java.base/jdk.internal.reflect.NativeMethodAccessorImpl.invoke(NativeMethodAccessorImpl.java:62)
	at java.base/jdk.internal.reflect.DelegatingMethodAccessorImpl.invoke(DelegatingMethodAccessorImpl.java:43)
	at java.base/java.lang.reflect.Method.invoke(Method.java:566)
	at org.junit.runners.model.FrameworkMethod$1.runReflectiveCall(FrameworkMethod.java:44)
	at org.junit.internal.runners.model.ReflectiveCallable.run(ReflectiveCallable.java:15)
	at org.junit.runners.model.FrameworkMethod.invokeExplosively(FrameworkMethod.java:41)
	at junitparams.internal.InvokeParameterisedMethod.evaluate(InvokeParameterisedMethod.java:102)
	at org.junit.internal.runners.statements.FailOnTimeout$1.run(FailOnTimeout.java:28)
Caused by: ptolemy.kernel.util.IllegalActionException: Actor is not ready to fire.  Perhaps UpSample.prefire() returned false? Try debugging the actor by selecting "Listen to Actor".  Also, for SDF check moml for tokenConsumptionRate on input.
  in .DESDFClockTest.Play Bell.Copy1:SDF Director and .DESDFClockTest.Play Bell.UpSample
	at ptolemy.actor.sched.StaticSchedulingDirector.fire(StaticSchedulingDirector.java:227)
	at ptolemy.domains.sdf.kernel.SDFDirector.fire(SDFDirector.java:500)
	at ptolemy.actor.CompositeActor.fire(CompositeActor.java:455)
	at ptolemy.domains.de.kernel.DEDirector._fire(DEDirector.java:1949)
	at ptolemy.domains.de.kernel.DEDirector.fire(DEDirector.java:502)
	at ptolemy.actor.CompositeActor.fire(CompositeActor.java:455)
	at ptolemy.actor.Manager.iterate(Manager.java:851)
	at ptolemy.actor.Manager.execute(Manager.java:369)
	at ptolemy.actor.Manager.run(Manager.java:1263)
	at ptolemy.actor.Manager$PtolemyRunThread.run(Manager.java:1915)
java.lang.RuntimeException: Execution failed
	at ptolemy.moml.MoMLSimpleApplication$UnloadThread.run(MoMLSimpleApplication.java:402)
Caused by: ptolemy.kernel.util.IllegalActionException: Test fails in iteration 1.
Value was: 1.0. Should have been: 2.0
  in .DirectFeedback.Test
	at ptolemy.actor.lib.Test.fire(Test.java:268)
	at ptolemy.domains.de.kernel.DEDirector._fire(DEDirector.java:1949)
	at ptolemy.domains.de.kernel.DEDirector.fire(DEDirector.java:502)
	at ptolemy.actor.CompositeActor.fire(CompositeActor.java:455)
	at ptolemy.actor.Manager.iterate(Manager.java:851)
	at ptolemy.actor.Manager.execute(Manager.java:369)
	at ptolemy.actor.Manager.run(Manager.java:1263)
	at ptolemy.actor.Manager$PtolemyRunThread.run(Manager.java:1915)
java.lang.reflect.InvocationTargetException
	at java.base/jdk.internal.reflect.NativeConstructorAccessorImpl.newInstance0(Native Method)
	at java.base/jdk.internal.reflect.NativeConstructorAccessorImpl.newInstance(NativeConstructorAccessorImpl.java:62)
	at java.base/jdk.internal.reflect.DelegatingConstructorAccessorImpl.newInstance(DelegatingConstructorAccessorImpl.java:45)
	at java.base/java.lang.reflect.Constructor.newInstance(Constructor.java:490)
	at ptolemy.util.test.junit.AutoKnownFailedTests.RunModel(AutoKnownFailedTests.java:105)
	at java.base/jdk.internal.reflect.NativeMethodAccessorImpl.invoke0(Native Method)
	at java.base/jdk.internal.reflect.NativeMethodAccessorImpl.invoke(NativeMethodAccessorImpl.java:62)
	at java.base/jdk.internal.reflect.DelegatingMethodAccessorImpl.invoke(DelegatingMethodAccessorImpl.java:43)
	at java.base/java.lang.reflect.Method.invoke(Method.java:566)
	at org.junit.runners.model.FrameworkMethod$1.runReflectiveCall(FrameworkMethod.java:44)
	at org.junit.internal.runners.model.ReflectiveCallable.run(ReflectiveCallable.java:15)
	at org.junit.runners.model.FrameworkMethod.invokeExplosively(FrameworkMethod.java:41)
	at junitparams.internal.InvokeParameterisedMethod.evaluate(InvokeParameterisedMethod.java:102)
	at org.junit.internal.runners.statements.FailOnTimeout$1.run(FailOnTimeout.java:28)
Caused by: ptolemy.kernel.util.IllegalActionException: Test fails in iteration 1.
Value was: 1.0. Should have been: 2.0
  in .DirectFeedback.Test
	at ptolemy.actor.lib.Test.fire(Test.java:268)
	at ptolemy.domains.de.kernel.DEDirector._fire(DEDirector.java:1949)
	at ptolemy.domains.de.kernel.DEDirector.fire(DEDirector.java:502)
	at ptolemy.actor.CompositeActor.fire(CompositeActor.java:455)
	at ptolemy.actor.Manager.iterate(Manager.java:851)
	at ptolemy.actor.Manager.execute(Manager.java:369)
	at ptolemy.actor.Manager.run(Manager.java:1263)
	at ptolemy.actor.Manager$PtolemyRunThread.run(Manager.java:1915)
java.lang.RuntimeException: Execution failed
	at ptolemy.moml.MoMLSimpleApplication$UnloadThread.run(MoMLSimpleApplication.java:402)
Caused by: ptolemy.kernel.util.IllegalActionException: Found a zero delay loop containing .HierarchicalModel.A
  in .HierarchicalModel and .HierarchicalModel.A
	at ptolemy.actor.util.CausalityInterfaceForComposites._computeOutputPortDepth(CausalityInterfaceForComposites.java:759)
	at ptolemy.actor.util.CausalityInterfaceForComposites._computeInputDepth(CausalityInterfaceForComposites.java:696)
	at ptolemy.actor.util.CausalityInterfaceForComposites._computeOutputPortDepth(CausalityInterfaceForComposites.java:765)
	at ptolemy.actor.util.CausalityInterfaceForComposites._computeInputDepth(CausalityInterfaceForComposites.java:696)
	at ptolemy.actor.util.CausalityInterfaceForComposites._computeOutputPortDepth(CausalityInterfaceForComposites.java:765)
	at ptolemy.actor.util.CausalityInterfaceForComposites._computeInputDepth(CausalityInterfaceForComposites.java:696)
	at ptolemy.actor.util.CausalityInterfaceForComposites._computeActorDepth(CausalityInterfaceForComposites.java:532)
	at ptolemy.actor.util.CausalityInterfaceForComposites.checkForCycles(CausalityInterfaceForComposites.java:96)
	at ptolemy.domains.de.kernel.DEDirector.preinitialize(DEDirector.java:1338)
	at ptolemy.actor.CompositeActor.preinitialize(CompositeActor.java:1828)
	at ptolemy.actor.Manager.preinitializeAndResolveTypes(Manager.java:1040)
	at ptolemy.actor.Manager.initialize(Manager.java:710)
	at ptolemy.actor.Manager.execute(Manager.java:356)
	at ptolemy.actor.Manager.run(Manager.java:1263)
	at ptolemy.actor.Manager$PtolemyRunThread.run(Manager.java:1915)
java.lang.reflect.InvocationTargetException
	at java.base/jdk.internal.reflect.NativeConstructorAccessorImpl.newInstance0(Native Method)
	at java.base/jdk.internal.reflect.NativeConstructorAccessorImpl.newInstance(NativeConstructorAccessorImpl.java:62)
	at java.base/jdk.internal.reflect.DelegatingConstructorAccessorImpl.newInstance(DelegatingConstructorAccessorImpl.java:45)
	at java.base/java.lang.reflect.Constructor.newInstance(Constructor.java:490)
	at ptolemy.util.test.junit.AutoKnownFailedTests.RunModel(AutoKnownFailedTests.java:105)
	at java.base/jdk.internal.reflect.NativeMethodAccessorImpl.invoke0(Native Method)
	at java.base/jdk.internal.reflect.NativeMethodAccessorImpl.invoke(NativeMethodAccessorImpl.java:62)
	at java.base/jdk.internal.reflect.DelegatingMethodAccessorImpl.invoke(DelegatingMethodAccessorImpl.java:43)
	at java.base/java.lang.reflect.Method.invoke(Method.java:566)
	at org.junit.runners.model.FrameworkMethod$1.runReflectiveCall(FrameworkMethod.java:44)
	at org.junit.internal.runners.model.ReflectiveCallable.run(ReflectiveCallable.java:15)
	at org.junit.runners.model.FrameworkMethod.invokeExplosively(FrameworkMethod.java:41)
	at junitparams.internal.InvokeParameterisedMethod.evaluate(InvokeParameterisedMethod.java:102)
	at org.junit.internal.runners.statements.FailOnTimeout$1.run(FailOnTimeout.java:28)
Caused by: ptolemy.kernel.util.IllegalActionException: Found a zero delay loop containing .HierarchicalModel.A
  in .HierarchicalModel and .HierarchicalModel.A
	at ptolemy.actor.util.CausalityInterfaceForComposites._computeOutputPortDepth(CausalityInterfaceForComposites.java:759)
	at ptolemy.actor.util.CausalityInterfaceForComposites._computeInputDepth(CausalityInterfaceForComposites.java:696)
	at ptolemy.actor.util.CausalityInterfaceForComposites._computeOutputPortDepth(CausalityInterfaceForComposites.java:765)
	at ptolemy.actor.util.CausalityInterfaceForComposites._computeInputDepth(CausalityInterfaceForComposites.java:696)
	at ptolemy.actor.util.CausalityInterfaceForComposites._computeOutputPortDepth(CausalityInterfaceForComposites.java:765)
	at ptolemy.actor.util.CausalityInterfaceForComposites._computeInputDepth(CausalityInterfaceForComposites.java:696)
	at ptolemy.actor.util.CausalityInterfaceForComposites._computeActorDepth(CausalityInterfaceForComposites.java:532)
	at ptolemy.actor.util.CausalityInterfaceForComposites.checkForCycles(CausalityInterfaceForComposites.java:96)
	at ptolemy.domains.de.kernel.DEDirector.preinitialize(DEDirector.java:1338)
	at ptolemy.actor.CompositeActor.preinitialize(CompositeActor.java:1828)
	at ptolemy.actor.Manager.preinitializeAndResolveTypes(Manager.java:1040)
	at ptolemy.actor.Manager.initialize(Manager.java:710)
	at ptolemy.actor.Manager.execute(Manager.java:356)
	at ptolemy.actor.Manager.run(Manager.java:1263)
	at ptolemy.actor.Manager$PtolemyRunThread.run(Manager.java:1915)
java.lang.RuntimeException: Execution failed
	at ptolemy.moml.MoMLSimpleApplication$UnloadThread.run(MoMLSimpleApplication.java:402)
Caused by: ptolemy.kernel.util.IllegalActionException: Found a zero delay loop containing .dependencyLoop.original
  in .dependencyLoop and .dependencyLoop.original
	at ptolemy.actor.util.CausalityInterfaceForComposites._computeOutputPortDepth(CausalityInterfaceForComposites.java:759)
	at ptolemy.actor.util.CausalityInterfaceForComposites._computeInputDepth(CausalityInterfaceForComposites.java:696)
	at ptolemy.actor.util.CausalityInterfaceForComposites._computeOutputPortDepth(CausalityInterfaceForComposites.java:765)
	at ptolemy.actor.util.CausalityInterfaceForComposites._computeInputDepth(CausalityInterfaceForComposites.java:696)
	at ptolemy.actor.util.CausalityInterfaceForComposites._computeOutputPortDepth(CausalityInterfaceForComposites.java:765)
	at ptolemy.actor.util.CausalityInterfaceForComposites._computeInputDepth(CausalityInterfaceForComposites.java:696)
	at ptolemy.actor.util.CausalityInterfaceForComposites._computeActorDepth(CausalityInterfaceForComposites.java:532)
	at ptolemy.actor.util.CausalityInterfaceForComposites.checkForCycles(CausalityInterfaceForComposites.java:96)
	at ptolemy.domains.de.kernel.DEDirector.preinitialize(DEDirector.java:1338)
	at ptolemy.actor.CompositeActor.preinitialize(CompositeActor.java:1828)
	at ptolemy.actor.Manager.preinitializeAndResolveTypes(Manager.java:1040)
	at ptolemy.actor.Manager.initialize(Manager.java:710)
	at ptolemy.actor.Manager.execute(Manager.java:356)
	at ptolemy.actor.Manager.run(Manager.java:1263)
	at ptolemy.actor.Manager$PtolemyRunThread.run(Manager.java:1915)
java.lang.reflect.InvocationTargetException
	at java.base/jdk.internal.reflect.NativeConstructorAccessorImpl.newInstance0(Native Method)
	at java.base/jdk.internal.reflect.NativeConstructorAccessorImpl.newInstance(NativeConstructorAccessorImpl.java:62)
	at java.base/jdk.internal.reflect.DelegatingConstructorAccessorImpl.newInstance(DelegatingConstructorAccessorImpl.java:45)
	at java.base/java.lang.reflect.Constructor.newInstance(Constructor.java:490)
	at ptolemy.util.test.junit.AutoKnownFailedTests.RunModel(AutoKnownFailedTests.java:105)
	at java.base/jdk.internal.reflect.NativeMethodAccessorImpl.invoke0(Native Method)
	at java.base/jdk.internal.reflect.NativeMethodAccessorImpl.invoke(NativeMethodAccessorImpl.java:62)
	at java.base/jdk.internal.reflect.DelegatingMethodAccessorImpl.invoke(DelegatingMethodAccessorImpl.java:43)
	at java.base/java.lang.reflect.Method.invoke(Method.java:566)
	at org.junit.runners.model.FrameworkMethod$1.runReflectiveCall(FrameworkMethod.java:44)
	at org.junit.internal.runners.model.ReflectiveCallable.run(ReflectiveCallable.java:15)
	at org.junit.runners.model.FrameworkMethod.invokeExplosively(FrameworkMethod.java:41)
	at junitparams.internal.InvokeParameterisedMethod.evaluate(InvokeParameterisedMethod.java:102)
	at org.junit.internal.runners.statements.FailOnTimeout$1.run(FailOnTimeout.java:28)
Caused by: ptolemy.kernel.util.IllegalActionException: Found a zero delay loop containing .dependencyLoop.original
  in .dependencyLoop and .dependencyLoop.original
	at ptolemy.actor.util.CausalityInterfaceForComposites._computeOutputPortDepth(CausalityInterfaceForComposites.java:759)
	at ptolemy.actor.util.CausalityInterfaceForComposites._computeInputDepth(CausalityInterfaceForComposites.java:696)
	at ptolemy.actor.util.CausalityInterfaceForComposites._computeOutputPortDepth(CausalityInterfaceForComposites.java:765)
	at ptolemy.actor.util.CausalityInterfaceForComposites._computeInputDepth(CausalityInterfaceForComposites.java:696)
	at ptolemy.actor.util.CausalityInterfaceForComposites._computeOutputPortDepth(CausalityInterfaceForComposites.java:765)
	at ptolemy.actor.util.CausalityInterfaceForComposites._computeInputDepth(CausalityInterfaceForComposites.java:696)
	at ptolemy.actor.util.CausalityInterfaceForComposites._computeActorDepth(CausalityInterfaceForComposites.java:532)
	at ptolemy.actor.util.CausalityInterfaceForComposites.checkForCycles(CausalityInterfaceForComposites.java:96)
	at ptolemy.domains.de.kernel.DEDirector.preinitialize(DEDirector.java:1338)
	at ptolemy.actor.CompositeActor.preinitialize(CompositeActor.java:1828)
	at ptolemy.actor.Manager.preinitializeAndResolveTypes(Manager.java:1040)
	at ptolemy.actor.Manager.initialize(Manager.java:710)
	at ptolemy.actor.Manager.execute(Manager.java:356)
	at ptolemy.actor.Manager.run(Manager.java:1263)
	at ptolemy.actor.Manager$PtolemyRunThread.run(Manager.java:1915)
java.lang.RuntimeException: Execution failed
	at ptolemy.moml.MoMLSimpleApplication$UnloadThread.run(MoMLSimpleApplication.java:402)
Caused by: ptolemy.kernel.util.IllegalActionException: Found a zero delay loop containing .dependencyLoop2.original
  in .dependencyLoop2 and .dependencyLoop2.original
	at ptolemy.actor.util.CausalityInterfaceForComposites._computeOutputPortDepth(CausalityInterfaceForComposites.java:759)
	at ptolemy.actor.util.CausalityInterfaceForComposites._computeInputDepth(CausalityInterfaceForComposites.java:696)
	at ptolemy.actor.util.CausalityInterfaceForComposites._computeOutputPortDepth(CausalityInterfaceForComposites.java:765)
	at ptolemy.actor.util.CausalityInterfaceForComposites._computeInputDepth(CausalityInterfaceForComposites.java:696)
	at ptolemy.actor.util.CausalityInterfaceForComposites._computeOutputPortDepth(CausalityInterfaceForComposites.java:765)
	at ptolemy.actor.util.CausalityInterfaceForComposites._computeInputDepth(CausalityInterfaceForComposites.java:696)
	at ptolemy.actor.util.CausalityInterfaceForComposites._computeActorDepth(CausalityInterfaceForComposites.java:532)
	at ptolemy.actor.util.CausalityInterfaceForComposites.checkForCycles(CausalityInterfaceForComposites.java:96)
	at ptolemy.domains.de.kernel.DEDirector.preinitialize(DEDirector.java:1338)
	at ptolemy.actor.CompositeActor.preinitialize(CompositeActor.java:1828)
	at ptolemy.actor.Manager.preinitializeAndResolveTypes(Manager.java:1040)
	at ptolemy.actor.Manager.initialize(Manager.java:710)
	at ptolemy.actor.Manager.execute(Manager.java:356)
	at ptolemy.actor.Manager.run(Manager.java:1263)
	at ptolemy.actor.Manager$PtolemyRunThread.run(Manager.java:1915)
java.lang.reflect.InvocationTargetException
	at java.base/jdk.internal.reflect.NativeConstructorAccessorImpl.newInstance0(Native Method)
	at java.base/jdk.internal.reflect.NativeConstructorAccessorImpl.newInstance(NativeConstructorAccessorImpl.java:62)
	at java.base/jdk.internal.reflect.DelegatingConstructorAccessorImpl.newInstance(DelegatingConstructorAccessorImpl.java:45)
	at java.base/java.lang.reflect.Constructor.newInstance(Constructor.java:490)
	at ptolemy.util.test.junit.AutoKnownFailedTests.RunModel(AutoKnownFailedTests.java:105)
	at java.base/jdk.internal.reflect.NativeMethodAccessorImpl.invoke0(Native Method)
	at java.base/jdk.internal.reflect.NativeMethodAccessorImpl.invoke(NativeMethodAccessorImpl.java:62)
	at java.base/jdk.internal.reflect.DelegatingMethodAccessorImpl.invoke(DelegatingMethodAccessorImpl.java:43)
	at java.base/java.lang.reflect.Method.invoke(Method.java:566)
	at org.junit.runners.model.FrameworkMethod$1.runReflectiveCall(FrameworkMethod.java:44)
	at org.junit.internal.runners.model.ReflectiveCallable.run(ReflectiveCallable.java:15)
	at org.junit.runners.model.FrameworkMethod.invokeExplosively(FrameworkMethod.java:41)
	at junitparams.internal.InvokeParameterisedMethod.evaluate(InvokeParameterisedMethod.java:102)
	at org.junit.internal.runners.statements.FailOnTimeout$1.run(FailOnTimeout.java:28)
Caused by: ptolemy.kernel.util.IllegalActionException: Found a zero delay loop containing .dependencyLoop2.original
  in .dependencyLoop2 and .dependencyLoop2.original
	at ptolemy.actor.util.CausalityInterfaceForComposites._computeOutputPortDepth(CausalityInterfaceForComposites.java:759)
	at ptolemy.actor.util.CausalityInterfaceForComposites._computeInputDepth(CausalityInterfaceForComposites.java:696)
	at ptolemy.actor.util.CausalityInterfaceForComposites._computeOutputPortDepth(CausalityInterfaceForComposites.java:765)
	at ptolemy.actor.util.CausalityInterfaceForComposites._computeInputDepth(CausalityInterfaceForComposites.java:696)
	at ptolemy.actor.util.CausalityInterfaceForComposites._computeOutputPortDepth(CausalityInterfaceForComposites.java:765)
	at ptolemy.actor.util.CausalityInterfaceForComposites._computeInputDepth(CausalityInterfaceForComposites.java:696)
	at ptolemy.actor.util.CausalityInterfaceForComposites._computeActorDepth(CausalityInterfaceForComposites.java:532)
	at ptolemy.actor.util.CausalityInterfaceForComposites.checkForCycles(CausalityInterfaceForComposites.java:96)
	at ptolemy.domains.de.kernel.DEDirector.preinitialize(DEDirector.java:1338)
	at ptolemy.actor.CompositeActor.preinitialize(CompositeActor.java:1828)
	at ptolemy.actor.Manager.preinitializeAndResolveTypes(Manager.java:1040)
	at ptolemy.actor.Manager.initialize(Manager.java:710)
	at ptolemy.actor.Manager.execute(Manager.java:356)
	at ptolemy.actor.Manager.run(Manager.java:1263)
	at ptolemy.actor.Manager$PtolemyRunThread.run(Manager.java:1915)
]]></system-err>
</testsuite>
