<?xml version="1.0" encoding="UTF-8" ?>
<testsuite errors="0" failures="0" hostname="travis-job-5b26ffbc-6212-4350-8b19-c34a9e39e56d" name="ptolemy.domains.continuous.test.junit.JUnitTclTest" skipped="0" tests="156" time="69.217" timestamp="2020-01-03T05:39:49">
  <properties>
[...]
</properties>
  <testcase classname="ptolemy.util.test.junit.TclTests" name="[0] ThereAreNoTclTests (RunTclFile)" time="0.007" />
  <testcase classname="ptolemy.util.test.junit.AutoKnownFailedTests" name="[0] ThereAreNoKnowFailedTests (RunModel)" time="0.003" />
  <testcase classname="ptolemy.util.test.junit.AutoNameArchTests" name="[0] ThereAreNoAutoArchTests (RunModel)" time="0.015" />
  <testcase classname="ptolemy.util.test.junit.AutoTests" name="[0] /home/travis/build/icyphy/ptII/ptolemy/domains/continuous/test/auto/BouncingBall.xml (RunModel)" time="2.983" />
  <testcase classname="ptolemy.util.test.junit.AutoTests" name="[1] /home/travis/build/icyphy/ptII/ptolemy/domains/continuous/test/auto/BouncingBallWithoutGR.xml (RunModel)" time="0.83" />
  <testcase classname="ptolemy.util.test.junit.AutoTests" name="[2] /home/travis/build/icyphy/ptII/ptolemy/domains/continuous/test/auto/Brownian.xml (RunModel)" time="0.071" />
  <testcase classname="ptolemy.util.test.junit.AutoTests" name="[3] /home/travis/build/icyphy/ptII/ptolemy/domains/continuous/test/auto/CarTracking.xml (RunModel)" time="4.309" />
  <testcase classname="ptolemy.util.test.junit.AutoTests" name="[4] /home/travis/build/icyphy/ptII/ptolemy/domains/continuous/test/auto/CartPendulum.xml (RunModel)" time="0.505" />
  <testcase classname="ptolemy.util.test.junit.AutoTests" name="[5] /home/travis/build/icyphy/ptII/ptolemy/domains/continuous/test/auto/CausalityInterface10.xml (RunModel)" time="0.052" />
  <testcase classname="ptolemy.util.test.junit.AutoTests" name="[6] /home/travis/build/icyphy/ptII/ptolemy/domains/continuous/test/auto/CausalityInterface11.xml (RunModel)" time="0.031" />
  <testcase classname="ptolemy.util.test.junit.AutoTests" name="[7] /home/travis/build/icyphy/ptII/ptolemy/domains/continuous/test/auto/CausalityInterface12.xml (RunModel)" time="0.04" />
  <testcase classname="ptolemy.util.test.junit.AutoTests" name="[8] /home/travis/build/icyphy/ptII/ptolemy/domains/continuous/test/auto/CausalityInterface13.xml (RunModel)" time="0.022" />
  <testcase classname="ptolemy.util.test.junit.AutoTests" name="[9] /home/travis/build/icyphy/ptII/ptolemy/domains/continuous/test/auto/CausalityInterface14.xml (RunModel)" time="0.019" />
  <testcase classname="ptolemy.util.test.junit.AutoTests" name="[10] /home/travis/build/icyphy/ptII/ptolemy/domains/continuous/test/auto/CausalityInterface4.xml (RunModel)" time="0.024" />
  <testcase classname="ptolemy.util.test.junit.AutoTests" name="[11] /home/travis/build/icyphy/ptII/ptolemy/domains/continuous/test/auto/CausalityInterface5.xml (RunModel)" time="0.044" />
  <testcase classname="ptolemy.util.test.junit.AutoTests" name="[12] /home/travis/build/icyphy/ptII/ptolemy/domains/continuous/test/auto/CausalityInterface6.xml (RunModel)" time="0.032" />
  <testcase classname="ptolemy.util.test.junit.AutoTests" name="[13] /home/travis/build/icyphy/ptII/ptolemy/domains/continuous/test/auto/CausalityInterface7.xml (RunModel)" time="0.051" />
  <testcase classname="ptolemy.util.test.junit.AutoTests" name="[14] /home/travis/build/icyphy/ptII/ptolemy/domains/continuous/test/auto/CausalityInterface8.xml (RunModel)" time="0.038" />
  <testcase classname="ptolemy.util.test.junit.AutoTests" name="[15] /home/travis/build/icyphy/ptII/ptolemy/domains/continuous/test/auto/CausalityInterface9.xml (RunModel)" time="0.047" />
  <testcase classname="ptolemy.util.test.junit.AutoTests" name="[16] /home/travis/build/icyphy/ptII/ptolemy/domains/continuous/test/auto/CausalityInterfaceFeedback1.xml (RunModel)" time="0.024" />
  <testcase classname="ptolemy.util.test.junit.AutoTests" name="[17] /home/travis/build/icyphy/ptII/ptolemy/domains/continuous/test/auto/CausalityInterfaceFeedback2.xml (RunModel)" time="0.022" />
  <testcase classname="ptolemy.util.test.junit.AutoTests" name="[18] /home/travis/build/icyphy/ptII/ptolemy/domains/continuous/test/auto/CompareWithCurrentTime.xml (RunModel)" time="0.019" />
  <testcase classname="ptolemy.util.test.junit.AutoTests" name="[19] /home/travis/build/icyphy/ptII/ptolemy/domains/continuous/test/auto/ComparedClocks.xml (RunModel)" time="0.054" />
  <testcase classname="ptolemy.util.test.junit.AutoTests" name="[20] /home/travis/build/icyphy/ptII/ptolemy/domains/continuous/test/auto/ContinuousAOCClone.xml (RunModel)" time="2.619" />
  <testcase classname="ptolemy.util.test.junit.AutoTests" name="[21] /home/travis/build/icyphy/ptII/ptolemy/domains/continuous/test/auto/ContinuousClock.xml (RunModel)" time="0.075" />
  <testcase classname="ptolemy.util.test.junit.AutoTests" name="[22] /home/travis/build/icyphy/ptII/ptolemy/domains/continuous/test/auto/ContinuousInContinuous.xml (RunModel)" time="0.08" />
  <testcase classname="ptolemy.util.test.junit.AutoTests" name="[23] /home/travis/build/icyphy/ptII/ptolemy/domains/continuous/test/auto/ContinuousInContinuousInContinuous.xml (RunModel)" time="0.021" />
  <testcase classname="ptolemy.util.test.junit.AutoTests" name="[24] /home/travis/build/icyphy/ptII/ptolemy/domains/continuous/test/auto/ContinuousInDE.xml (RunModel)" time="0.076" />
  <testcase classname="ptolemy.util.test.junit.AutoTests" name="[25] /home/travis/build/icyphy/ptII/ptolemy/domains/continuous/test/auto/ContinuousInDE2.xml (RunModel)" time="0.049" />
  <testcase classname="ptolemy.util.test.junit.AutoTests" name="[26] /home/travis/build/icyphy/ptII/ptolemy/domains/continuous/test/auto/ContinuousInDE3.xml (RunModel)" time="0.037" />
  <testcase classname="ptolemy.util.test.junit.AutoTests" name="[27] /home/travis/build/icyphy/ptII/ptolemy/domains/continuous/test/auto/ContinuousInDE4.xml (RunModel)" time="0.023" />
  <testcase classname="ptolemy.util.test.junit.AutoTests" name="[28] /home/travis/build/icyphy/ptII/ptolemy/domains/continuous/test/auto/ContinuousInDEDifferentRefinements.xml (RunModel)" time="0.073" />
  <testcase classname="ptolemy.util.test.junit.AutoTests" name="[29] /home/travis/build/icyphy/ptII/ptolemy/domains/continuous/test/auto/ContinuousInDEDifferentRefinementsPreemptive.xml (RunModel)" time="0.074" />
  <testcase classname="ptolemy.util.test.junit.AutoTests" name="[30] /home/travis/build/icyphy/ptII/ptolemy/domains/continuous/test/auto/ContinuousInDEInContinuous2.xml (RunModel)" time="0.051" />
  <testcase classname="ptolemy.util.test.junit.AutoTests" name="[31] /home/travis/build/icyphy/ptII/ptolemy/domains/continuous/test/auto/ContinuousInDEInContinuous3.xml (RunModel)" time="0.053" />
  <testcase classname="ptolemy.util.test.junit.AutoTests" name="[32] /home/travis/build/icyphy/ptII/ptolemy/domains/continuous/test/auto/ContinuousInDEInput.xml (RunModel)" time="0.033" />
  <testcase classname="ptolemy.util.test.junit.AutoTests" name="[33] /home/travis/build/icyphy/ptII/ptolemy/domains/continuous/test/auto/ContinuousInDEInput2.xml (RunModel)" time="0.034" />
  <testcase classname="ptolemy.util.test.junit.AutoTests" name="[34] /home/travis/build/icyphy/ptII/ptolemy/domains/continuous/test/auto/ContinuousInDEInput3.xml (RunModel)" time="0.025" />
  <testcase classname="ptolemy.util.test.junit.AutoTests" name="[35] /home/travis/build/icyphy/ptII/ptolemy/domains/continuous/test/auto/ContinuousInDESharingRefinement.xml (RunModel)" time="0.162" />
  <testcase classname="ptolemy.util.test.junit.AutoTests" name="[36] /home/travis/build/icyphy/ptII/ptolemy/domains/continuous/test/auto/ContinuousInDEwithNoPorts.xml (RunModel)" time="0.012" />
  <testcase classname="ptolemy.util.test.junit.AutoTests" name="[37] /home/travis/build/icyphy/ptII/ptolemy/domains/continuous/test/auto/ContinuousInsideDE.xml (RunModel)" time="0.068" />
  <testcase classname="ptolemy.util.test.junit.AutoTests" name="[38] /home/travis/build/icyphy/ptII/ptolemy/domains/continuous/test/auto/ContinuousMerge1.xml (RunModel)" time="0.011" />
  <testcase classname="ptolemy.util.test.junit.AutoTests" name="[39] /home/travis/build/icyphy/ptII/ptolemy/domains/continuous/test/auto/ContinuousMerge2.xml (RunModel)" time="0.044" />
  <testcase classname="ptolemy.util.test.junit.AutoTests" name="[40] /home/travis/build/icyphy/ptII/ptolemy/domains/continuous/test/auto/ContinuousMerge3.xml (RunModel)" time="0.08" />
  <testcase classname="ptolemy.util.test.junit.AutoTests" name="[41] /home/travis/build/icyphy/ptII/ptolemy/domains/continuous/test/auto/ContinuousWithinContinuous.xml (RunModel)" time="0.064" />
  <testcase classname="ptolemy.util.test.junit.AutoTests" name="[42] /home/travis/build/icyphy/ptII/ptolemy/domains/continuous/test/auto/ContinuousWithinContinuous2.xml (RunModel)" time="0.089" />
  <testcase classname="ptolemy.util.test.junit.AutoTests" name="[43] /home/travis/build/icyphy/ptII/ptolemy/domains/continuous/test/auto/ContinuousWithinContinuous3.xml (RunModel)" time="0.028" />
  <testcase classname="ptolemy.util.test.junit.AutoTests" name="[44] /home/travis/build/icyphy/ptII/ptolemy/domains/continuous/test/auto/ContinuousWithinContinuous4.xml (RunModel)" time="0.081" />
  <testcase classname="ptolemy.util.test.junit.AutoTests" name="[45] /home/travis/build/icyphy/ptII/ptolemy/domains/continuous/test/auto/ContinuousWithinContinuous5.xml (RunModel)" time="0.034" />
  <testcase classname="ptolemy.util.test.junit.AutoTests" name="[46] /home/travis/build/icyphy/ptII/ptolemy/domains/continuous/test/auto/ContinuousWithinContinuous6.xml (RunModel)" time="0.031" />
  <testcase classname="ptolemy.util.test.junit.AutoTests" name="[47] /home/travis/build/icyphy/ptII/ptolemy/domains/continuous/test/auto/ContinuousWithinContinuous7.xml (RunModel)" time="0.088" />
  <testcase classname="ptolemy.util.test.junit.AutoTests" name="[48] /home/travis/build/icyphy/ptII/ptolemy/domains/continuous/test/auto/DCMotor.xml (RunModel)" time="12.997" />
  <testcase classname="ptolemy.util.test.junit.AutoTests" name="[49] /home/travis/build/icyphy/ptII/ptolemy/domains/continuous/test/auto/DEInContinuous.xml (RunModel)" time="0.025" />
  <testcase classname="ptolemy.util.test.junit.AutoTests" name="[50] /home/travis/build/icyphy/ptII/ptolemy/domains/continuous/test/auto/DEinContinuous2.xml (RunModel)" time="0.022" />
  <testcase classname="ptolemy.util.test.junit.AutoTests" name="[51] /home/travis/build/icyphy/ptII/ptolemy/domains/continuous/test/auto/Derivative.xml (RunModel)" time="0.166" />
  <testcase classname="ptolemy.util.test.junit.AutoTests" name="[52] /home/travis/build/icyphy/ptII/ptolemy/domains/continuous/test/auto/Derivative1.xml (RunModel)" time="0.042" />
  <testcase classname="ptolemy.util.test.junit.AutoTests" name="[53] /home/travis/build/icyphy/ptII/ptolemy/domains/continuous/test/auto/DiscreteClock.xml (RunModel)" time="0.011" />
  <testcase classname="ptolemy.util.test.junit.AutoTests" name="[54] /home/travis/build/icyphy/ptII/ptolemy/domains/continuous/test/auto/EfficiencyCurve.xml (RunModel)" time="0.072" />
  <testcase classname="ptolemy.util.test.junit.AutoTests" name="[55] /home/travis/build/icyphy/ptII/ptolemy/domains/continuous/test/auto/ExponentialResponse.xml (RunModel)" time="0.093" />
  <testcase classname="ptolemy.util.test.junit.AutoTests" name="[56] /home/travis/build/icyphy/ptII/ptolemy/domains/continuous/test/auto/ExponentialResponseRK45.xml (RunModel)" time="0.028" />
  <testcase classname="ptolemy.util.test.junit.AutoTests" name="[57] /home/travis/build/icyphy/ptII/ptolemy/domains/continuous/test/auto/Friction.xml (RunModel)" time="1.505" />
  <testcase classname="ptolemy.util.test.junit.AutoTests" name="[58] /home/travis/build/icyphy/ptII/ptolemy/domains/continuous/test/auto/FurutaPendulum.xml (RunModel)" time="2.817" />
  <testcase classname="ptolemy.util.test.junit.AutoTests" name="[59] /home/travis/build/icyphy/ptII/ptolemy/domains/continuous/test/auto/HierarchicalExecution.xml (RunModel)" time="1.616" />
  <testcase classname="ptolemy.util.test.junit.AutoTests" name="[60] /home/travis/build/icyphy/ptII/ptolemy/domains/continuous/test/auto/HybridPlant.xml (RunModel)" time="0.583" />
  <testcase classname="ptolemy.util.test.junit.AutoTests" name="[61] /home/travis/build/icyphy/ptII/ptolemy/domains/continuous/test/auto/Hysteresis.xml (RunModel)" time="0.191" />
  <testcase classname="ptolemy.util.test.junit.AutoTests" name="[62] /home/travis/build/icyphy/ptII/ptolemy/domains/continuous/test/auto/HysteresisWithRandomDelay.xml (RunModel)" time="0.222" />
  <testcase classname="ptolemy.util.test.junit.AutoTests" name="[63] /home/travis/build/icyphy/ptII/ptolemy/domains/continuous/test/auto/HysteresisWithRandomLosses.xml (RunModel)" time="2.375" />
  <testcase classname="ptolemy.util.test.junit.AutoTests" name="[64] /home/travis/build/icyphy/ptII/ptolemy/domains/continuous/test/auto/ImmediateTransitions.xml (RunModel)" time="0.03" />
  <testcase classname="ptolemy.util.test.junit.AutoTests" name="[65] /home/travis/build/icyphy/ptII/ptolemy/domains/continuous/test/auto/ImpulseFeedback.xml (RunModel)" time="0.014" />
  <testcase classname="ptolemy.util.test.junit.AutoTests" name="[66] /home/travis/build/icyphy/ptII/ptolemy/domains/continuous/test/auto/ImpulseFeedback2.xml (RunModel)" time="0.019" />
  <testcase classname="ptolemy.util.test.junit.AutoTests" name="[67] /home/travis/build/icyphy/ptII/ptolemy/domains/continuous/test/auto/IncreasingRatePoisson.xml (RunModel)" time="0.741" />
  <testcase classname="ptolemy.util.test.junit.AutoTests" name="[68] /home/travis/build/icyphy/ptII/ptolemy/domains/continuous/test/auto/InitialStateFeedback.xml (RunModel)" time="0.019" />
  <testcase classname="ptolemy.util.test.junit.AutoTests" name="[69] /home/travis/build/icyphy/ptII/ptolemy/domains/continuous/test/auto/Integration.xml (RunModel)" time="0.008" />
  <testcase classname="ptolemy.util.test.junit.AutoTests" name="[70] /home/travis/build/icyphy/ptII/ptolemy/domains/continuous/test/auto/Integration2.xml (RunModel)" time="0.094" />
  <testcase classname="ptolemy.util.test.junit.AutoTests" name="[71] /home/travis/build/icyphy/ptII/ptolemy/domains/continuous/test/auto/Integration3.xml (RunModel)" time="0.013" />
  <testcase classname="ptolemy.util.test.junit.AutoTests" name="[72] /home/travis/build/icyphy/ptII/ptolemy/domains/continuous/test/auto/Integration5.xml (RunModel)" time="0.009" />
  <testcase classname="ptolemy.util.test.junit.AutoTests" name="[73] /home/travis/build/icyphy/ptII/ptolemy/domains/continuous/test/auto/IntegratorImpulse.xml (RunModel)" time="0.01" />
  <testcase classname="ptolemy.util.test.junit.AutoTests" name="[74] /home/travis/build/icyphy/ptII/ptolemy/domains/continuous/test/auto/IntegratorImpulse2.xml (RunModel)" time="0.024" />
  <testcase classname="ptolemy.util.test.junit.AutoTests" name="[75] /home/travis/build/icyphy/ptII/ptolemy/domains/continuous/test/auto/LevelCrossing1.xml (RunModel)" time="0.013" />
  <testcase classname="ptolemy.util.test.junit.AutoTests" name="[76] /home/travis/build/icyphy/ptII/ptolemy/domains/continuous/test/auto/LevelCrossing2.xml (RunModel)" time="0.013" />
  <testcase classname="ptolemy.util.test.junit.AutoTests" name="[77] /home/travis/build/icyphy/ptII/ptolemy/domains/continuous/test/auto/LevelCrossing3.xml (RunModel)" time="0.016" />
  <testcase classname="ptolemy.util.test.junit.AutoTests" name="[78] /home/travis/build/icyphy/ptII/ptolemy/domains/continuous/test/auto/LevelCrossing4.xml (RunModel)" time="0.012" />
  <testcase classname="ptolemy.util.test.junit.AutoTests" name="[79] /home/travis/build/icyphy/ptII/ptolemy/domains/continuous/test/auto/LevelCrossing5.xml (RunModel)" time="0.015" />
  <testcase classname="ptolemy.util.test.junit.AutoTests" name="[80] /home/travis/build/icyphy/ptII/ptolemy/domains/continuous/test/auto/LevelCrossing6.xml (RunModel)" time="0.013" />
  <testcase classname="ptolemy.util.test.junit.AutoTests" name="[81] /home/travis/build/icyphy/ptII/ptolemy/domains/continuous/test/auto/LevelCrossingDetector.xml (RunModel)" time="0.036" />
  <testcase classname="ptolemy.util.test.junit.AutoTests" name="[82] /home/travis/build/icyphy/ptII/ptolemy/domains/continuous/test/auto/LevelCrossingDetectorDetectingDirections.xml (RunModel)" time="0.085" />
  <testcase classname="ptolemy.util.test.junit.AutoTests" name="[83] /home/travis/build/icyphy/ptII/ptolemy/domains/continuous/test/auto/LevelCrossingDetectorDetectsGlitches.xml (RunModel)" time="0.059" />
  <testcase classname="ptolemy.util.test.junit.AutoTests" name="[84] /home/travis/build/icyphy/ptII/ptolemy/domains/continuous/test/auto/LevelCrossingNoInitialOuput.xml (RunModel)" time="0.013" />
  <testcase classname="ptolemy.util.test.junit.AutoTests" name="[85] /home/travis/build/icyphy/ptII/ptolemy/domains/continuous/test/auto/LinearStateSpaceExample.xml (RunModel)" time="0.066" />
  <testcase classname="ptolemy.util.test.junit.AutoTests" name="[86] /home/travis/build/icyphy/ptII/ptolemy/domains/continuous/test/auto/Lorenz.xml (RunModel)" time="3.394" />
  <testcase classname="ptolemy.util.test.junit.AutoTests" name="[87] /home/travis/build/icyphy/ptII/ptolemy/domains/continuous/test/auto/LorenzDifferentialSystem.xml (RunModel)" time="0.846" />
  <testcase classname="ptolemy.util.test.junit.AutoTests" name="[88] /home/travis/build/icyphy/ptII/ptolemy/domains/continuous/test/auto/LorenzDifferentialSystemWithInput.xml (RunModel)" time="1.184" />
  <testcase classname="ptolemy.util.test.junit.AutoTests" name="[89] /home/travis/build/icyphy/ptII/ptolemy/domains/continuous/test/auto/LorenzDifferentialSystemWithTime.xml (RunModel)" time="0.669" />
  <testcase classname="ptolemy.util.test.junit.AutoTests" name="[90] /home/travis/build/icyphy/ptII/ptolemy/domains/continuous/test/auto/Microsteps.xml (RunModel)" time="0.034" />
  <testcase classname="ptolemy.util.test.junit.AutoTests" name="[91] /home/travis/build/icyphy/ptII/ptolemy/domains/continuous/test/auto/Modal1.xml (RunModel)" time="0.035" />
  <testcase classname="ptolemy.util.test.junit.AutoTests" name="[92] /home/travis/build/icyphy/ptII/ptolemy/domains/continuous/test/auto/Modal2.xml (RunModel)" time="0.053" />
  <testcase classname="ptolemy.util.test.junit.AutoTests" name="[93] /home/travis/build/icyphy/ptII/ptolemy/domains/continuous/test/auto/ModalTransitionGuardWithReset.xml (RunModel)" time="0.021" />
  <testcase classname="ptolemy.util.test.junit.AutoTests" name="[94] /home/travis/build/icyphy/ptII/ptolemy/domains/continuous/test/auto/ModalTransitionGuardWithResetUsingPreemptiveTransition.xml (RunModel)" time="0.028" />
  <testcase classname="ptolemy.util.test.junit.AutoTests" name="[95] /home/travis/build/icyphy/ptII/ptolemy/domains/continuous/test/auto/ModalTransitionGuardWithResetUsingPreemptiveTransition2.xml (RunModel)" time="0.027" />
  <testcase classname="ptolemy.util.test.junit.AutoTests" name="[96] /home/travis/build/icyphy/ptII/ptolemy/domains/continuous/test/auto/ModalTransitionGuardWithResetUsingPreemptiveTransition3.xml (RunModel)" time="0.025" />
  <testcase classname="ptolemy.util.test.junit.AutoTests" name="[97] /home/travis/build/icyphy/ptII/ptolemy/domains/continuous/test/auto/NewtonsCradle.xml (RunModel)" time="0.763" />
  <testcase classname="ptolemy.util.test.junit.AutoTests" name="[98] /home/travis/build/icyphy/ptII/ptolemy/domains/continuous/test/auto/NewtonsCradleAnimated.xml (RunModel)" time="1.341" />
  <testcase classname="ptolemy.util.test.junit.AutoTests" name="[99] /home/travis/build/icyphy/ptII/ptolemy/domains/continuous/test/auto/NewtonsCradleComplicated.xml (RunModel)" time="0.856" />
  <testcase classname="ptolemy.util.test.junit.AutoTests" name="[100] /home/travis/build/icyphy/ptII/ptolemy/domains/continuous/test/auto/NewtonsCradleNondeterministic.xml (RunModel)" time="0.615" />
  <testcase classname="ptolemy.util.test.junit.AutoTests" name="[101] /home/travis/build/icyphy/ptII/ptolemy/domains/continuous/test/auto/NewtonsCradlePerfectlyInelastic1.xml (RunModel)" time="1.184" />
  <testcase classname="ptolemy.util.test.junit.AutoTests" name="[102] /home/travis/build/icyphy/ptII/ptolemy/domains/continuous/test/auto/Noise.xml (RunModel)" time="0.192" />
  <testcase classname="ptolemy.util.test.junit.AutoTests" name="[103] /home/travis/build/icyphy/ptII/ptolemy/domains/continuous/test/auto/NoiseSpectrum.xml (RunModel)" time="0.676" />
  <testcase classname="ptolemy.util.test.junit.AutoTests" name="[104] /home/travis/build/icyphy/ptII/ptolemy/domains/continuous/test/auto/ParameterizedNewtonsCradleAnimated.xml (RunModel)" time="0.342" />
  <testcase classname="ptolemy.util.test.junit.AutoTests" name="[105] /home/travis/build/icyphy/ptII/ptolemy/domains/continuous/test/auto/ParameterizedNewtonsCradleAnimatedNondeterministic.xml (RunModel)" time="1.085" />
  <testcase classname="ptolemy.util.test.junit.AutoTests" name="[106] /home/travis/build/icyphy/ptII/ptolemy/domains/continuous/test/auto/Pendulum3D.xml (RunModel)" time="0.17" />
  <testcase classname="ptolemy.util.test.junit.AutoTests" name="[107] /home/travis/build/icyphy/ptII/ptolemy/domains/continuous/test/auto/PeriodicSampler.xml (RunModel)" time="0.01" />
  <testcase classname="ptolemy.util.test.junit.AutoTests" name="[108] /home/travis/build/icyphy/ptII/ptolemy/domains/continuous/test/auto/PeriodicSampler1.xml (RunModel)" time="0.042" />
  <testcase classname="ptolemy.util.test.junit.AutoTests" name="[109] /home/travis/build/icyphy/ptII/ptolemy/domains/continuous/test/auto/PeriodicSampler2.xml (RunModel)" time="0.078" />
  <testcase classname="ptolemy.util.test.junit.AutoTests" name="[110] /home/travis/build/icyphy/ptII/ptolemy/domains/continuous/test/auto/Poisson.xml (RunModel)" time="0.471" />
  <testcase classname="ptolemy.util.test.junit.AutoTests" name="[111] /home/travis/build/icyphy/ptII/ptolemy/domains/continuous/test/auto/PoissonClock.xml (RunModel)" time="0.014" />
  <testcase classname="ptolemy.util.test.junit.AutoTests" name="[112] /home/travis/build/icyphy/ptII/ptolemy/domains/continuous/test/auto/PoissonClock2.xml (RunModel)" time="0.014" />
  <testcase classname="ptolemy.util.test.junit.AutoTests" name="[113] /home/travis/build/icyphy/ptII/ptolemy/domains/continuous/test/auto/PortParameterHierarchy.xml (RunModel)" time="0.025" />
  <testcase classname="ptolemy.util.test.junit.AutoTests" name="[114] /home/travis/build/icyphy/ptII/ptolemy/domains/continuous/test/auto/RandomHybridPlant.xml (RunModel)" time="0.545" />
  <testcase classname="ptolemy.util.test.junit.AutoTests" name="[115] /home/travis/build/icyphy/ptII/ptolemy/domains/continuous/test/auto/ResetTransitionWithStartTime1.xml (RunModel)" time="0.027" />
  <testcase classname="ptolemy.util.test.junit.AutoTests" name="[116] /home/travis/build/icyphy/ptII/ptolemy/domains/continuous/test/auto/ResetTransitionWithStartTime2.xml (RunModel)" time="0.033" />
  <testcase classname="ptolemy.util.test.junit.AutoTests" name="[117] /home/travis/build/icyphy/ptII/ptolemy/domains/continuous/test/auto/ResetTransitionWithStartTime3.xml (RunModel)" time="0.03" />
  <testcase classname="ptolemy.util.test.junit.AutoTests" name="[118] /home/travis/build/icyphy/ptII/ptolemy/domains/continuous/test/auto/ResetTransitionWithStartTime4.xml (RunModel)" time="0.023" />
  <testcase classname="ptolemy.util.test.junit.AutoTests" name="[119] /home/travis/build/icyphy/ptII/ptolemy/domains/continuous/test/auto/ResetTransitionWithStartTime5.xml (RunModel)" time="0.03" />
  <testcase classname="ptolemy.util.test.junit.AutoTests" name="[120] /home/travis/build/icyphy/ptII/ptolemy/domains/continuous/test/auto/ResetTransitionWithStartTime6.xml (RunModel)" time="0.022" />
  <testcase classname="ptolemy.util.test.junit.AutoTests" name="[121] /home/travis/build/icyphy/ptII/ptolemy/domains/continuous/test/auto/SRinContinuous.xml (RunModel)" time="0.019" />
  <testcase classname="ptolemy.util.test.junit.AutoTests" name="[122] /home/travis/build/icyphy/ptII/ptolemy/domains/continuous/test/auto/SampledClocks.xml (RunModel)" time="0.027" />
  <testcase classname="ptolemy.util.test.junit.AutoTests" name="[123] /home/travis/build/icyphy/ptII/ptolemy/domains/continuous/test/auto/Satellite.xml (RunModel)" time="0.672" />
  <testcase classname="ptolemy.util.test.junit.AutoTests" name="[124] /home/travis/build/icyphy/ptII/ptolemy/domains/continuous/test/auto/SigmaDelta.xml (RunModel)" time="2.05" />
  <testcase classname="ptolemy.util.test.junit.AutoTests" name="[125] /home/travis/build/icyphy/ptII/ptolemy/domains/continuous/test/auto/SingleRefinement.xml (RunModel)" time="0.407" />
  <testcase classname="ptolemy.util.test.junit.AutoTests" name="[126] /home/travis/build/icyphy/ptII/ptolemy/domains/continuous/test/auto/SinuBouncingBall.xml (RunModel)" time="0.84" />
  <testcase classname="ptolemy.util.test.junit.AutoTests" name="[127] /home/travis/build/icyphy/ptII/ptolemy/domains/continuous/test/auto/Sinusoid.xml (RunModel)" time="0.017" />
  <testcase classname="ptolemy.util.test.junit.AutoTests" name="[128] /home/travis/build/icyphy/ptII/ptolemy/domains/continuous/test/auto/SinusoidInNoise.xml (RunModel)" time="0.84" />
  <testcase classname="ptolemy.util.test.junit.AutoTests" name="[129] /home/travis/build/icyphy/ptII/ptolemy/domains/continuous/test/auto/SinusoidRK45.xml (RunModel)" time="0.01" />
  <testcase classname="ptolemy.util.test.junit.AutoTests" name="[130] /home/travis/build/icyphy/ptII/ptolemy/domains/continuous/test/auto/SinusoidWithMultipleImpulses.xml (RunModel)" time="0.017" />
  <testcase classname="ptolemy.util.test.junit.AutoTests" name="[131] /home/travis/build/icyphy/ptII/ptolemy/domains/continuous/test/auto/SquareWave.xml (RunModel)" time="0.161" />
  <testcase classname="ptolemy.util.test.junit.AutoTests" name="[132] /home/travis/build/icyphy/ptII/ptolemy/domains/continuous/test/auto/Starmac.xml (RunModel)" time="3.375" />
  <testcase classname="ptolemy.util.test.junit.AutoTests" name="[133] /home/travis/build/icyphy/ptII/ptolemy/domains/continuous/test/auto/StaticUnits.xml (RunModel)" time="2.165" />
  <testcase classname="ptolemy.util.test.junit.AutoTests" name="[134] /home/travis/build/icyphy/ptII/ptolemy/domains/continuous/test/auto/StickyMasses.xml (RunModel)" time="0.177" />
  <testcase classname="ptolemy.util.test.junit.AutoTests" name="[135] /home/travis/build/icyphy/ptII/ptolemy/domains/continuous/test/auto/StopTime.xml (RunModel)" time="0.077" />
  <testcase classname="ptolemy.util.test.junit.AutoTests" name="[136] /home/travis/build/icyphy/ptII/ptolemy/domains/continuous/test/auto/StopTime2.xml (RunModel)" time="0.118" />
  <testcase classname="ptolemy.util.test.junit.AutoTests" name="[137] /home/travis/build/icyphy/ptII/ptolemy/domains/continuous/test/auto/Switch.xml (RunModel)" time="0.135" />
  <testcase classname="ptolemy.util.test.junit.AutoTests" name="[138] /home/travis/build/icyphy/ptII/ptolemy/domains/continuous/test/auto/Thermostat.xml (RunModel)" time="0.252" />
  <testcase classname="ptolemy.util.test.junit.AutoTests" name="[139] /home/travis/build/icyphy/ptII/ptolemy/domains/continuous/test/auto/TimeDelay.xml (RunModel)" time="0.02" />
  <testcase classname="ptolemy.util.test.junit.AutoTests" name="[140] /home/travis/build/icyphy/ptII/ptolemy/domains/continuous/test/auto/TimeDelay2.xml (RunModel)" time="0.026" />
  <testcase classname="ptolemy.util.test.junit.AutoTests" name="[141] /home/travis/build/icyphy/ptII/ptolemy/domains/continuous/test/auto/TimeDelay3.xml (RunModel)" time="0.013" />
  <testcase classname="ptolemy.util.test.junit.AutoTests" name="[142] /home/travis/build/icyphy/ptII/ptolemy/domains/continuous/test/auto/TransferAbsentToInside.xml (RunModel)" time="0.1" />
  <testcase classname="ptolemy.util.test.junit.AutoTests" name="[143] /home/travis/build/icyphy/ptII/ptolemy/domains/continuous/test/auto/Transmission.xml (RunModel)" time="0.797" />
  <testcase classname="ptolemy.util.test.junit.AutoTests" name="[144] /home/travis/build/icyphy/ptII/ptolemy/domains/continuous/test/auto/TriggeredContinuousClock.xml (RunModel)" time="0.059" />
  <testcase classname="ptolemy.util.test.junit.AutoTests" name="[145] /home/travis/build/icyphy/ptII/ptolemy/domains/continuous/test/auto/TwoMachineInfiniteBusControl.xml (RunModel)" time="2.393" />
  <testcase classname="ptolemy.util.test.junit.AutoTests" name="[146] /home/travis/build/icyphy/ptII/ptolemy/domains/continuous/test/auto/V2V.xml (RunModel)" time="0.901" />
  <testcase classname="ptolemy.util.test.junit.AutoTests" name="[147] /home/travis/build/icyphy/ptII/ptolemy/domains/continuous/test/auto/hierarchicalModalModel.xml (RunModel)" time="0.03" />
  <testcase classname="ptolemy.util.test.junit.AutoTests" name="[148] /home/travis/build/icyphy/ptII/ptolemy/domains/continuous/test/auto/hierarchicalModalModel1.xml (RunModel)" time="0.025" />
  <testcase classname="ptolemy.util.test.junit.AutoTests" name="[149] /home/travis/build/icyphy/ptII/ptolemy/domains/continuous/test/auto/hierarchicalModalModel2.xml (RunModel)" time="0.023" />
  <testcase classname="ptolemy.util.test.junit.AutoTests" name="[150] /home/travis/build/icyphy/ptII/ptolemy/domains/continuous/test/auto/hierarchicalModalModel3.xml (RunModel)" time="0.021" />
  <testcase classname="ptolemy.util.test.junit.AutoTests" name="[151] /home/travis/build/icyphy/ptII/ptolemy/domains/continuous/test/auto/hierarchicalModalModel4.xml (RunModel)" time="0.021" />
  <testcase classname="ptolemy.util.test.junit.AutoTests" name="[152] /home/travis/build/icyphy/ptII/ptolemy/domains/continuous/test/auto/junk.xml (RunModel)" time="0.124" />
  <system-out><![CDATA[No tcl tests in /home/travis/build/icyphy/ptII/ptolemy/domains/continuous/test
No auto/knownFailedTests/*.xml tests in /home/travis/build/icyphy/ptII/ptolemy/domains/continuous/test
No auto/linux-amd64/*.xml tests in /home/travis/build/icyphy/ptII/ptolemy/domains/continuous/test
AutoTests.java: About to close Vertx.
AutoTests.java: Vertx closed.

===========================================================================================
----------------- testing Fri Jan 03 05:39:49 UTC 2020 /home/travis/build/icyphy/ptII/ptolemy/domains/continuous/test/auto/BouncingBall.xml
----------------- Instantiating /home/travis/build/icyphy/ptII/ptolemy/domains/continuous/test/auto/BouncingBall.xml
2384 ms. Memory: 155648K Free: 50395K (32%)
----------------- Invoking toplevel() on ptolemy.moml.MoMLSimpleApplication@25e296d
----------------- Done invoking toplevel() on ptolemy.moml.MoMLSimpleApplication@25e296d
reloadAllAccessors: .BouncingBall

===========================================================================================
----------------- testing Fri Jan 03 05:39:52 UTC 2020 /home/travis/build/icyphy/ptII/ptolemy/domains/continuous/test/auto/BouncingBallWithoutGR.xml
----------------- Instantiating /home/travis/build/icyphy/ptII/ptolemy/domains/continuous/test/auto/BouncingBallWithoutGR.xml
663 ms. Memory: 155648K Free: 53539K (34%)
----------------- Invoking toplevel() on ptolemy.moml.MoMLSimpleApplication@ef71b04
----------------- Done invoking toplevel() on ptolemy.moml.MoMLSimpleApplication@ef71b04
reloadAllAccessors: .BouncingBallWithoutGR

===========================================================================================
----------------- testing Fri Jan 03 05:39:53 UTC 2020 /home/travis/build/icyphy/ptII/ptolemy/domains/continuous/test/auto/Brownian.xml
----------------- Instantiating /home/travis/build/icyphy/ptII/ptolemy/domains/continuous/test/auto/Brownian.xml
19 ms. Memory: 155648K Free: 136047K (87%)
----------------- Invoking toplevel() on ptolemy.moml.MoMLSimpleApplication@52b61e1c
----------------- Done invoking toplevel() on ptolemy.moml.MoMLSimpleApplication@52b61e1c
reloadAllAccessors: .Brownian

===========================================================================================
----------------- testing Fri Jan 03 05:39:53 UTC 2020 /home/travis/build/icyphy/ptII/ptolemy/domains/continuous/test/auto/CarTracking.xml
----------------- Instantiating /home/travis/build/icyphy/ptII/ptolemy/domains/continuous/test/auto/CarTracking.xml
3882 ms. Memory: 225280K Free: 95548K (42%)
----------------- Invoking toplevel() on ptolemy.moml.MoMLSimpleApplication@417a2a39
----------------- Done invoking toplevel() on ptolemy.moml.MoMLSimpleApplication@417a2a39
reloadAllAccessors: .CarTracking

===========================================================================================
----------------- testing Fri Jan 03 05:39:57 UTC 2020 /home/travis/build/icyphy/ptII/ptolemy/domains/continuous/test/auto/CartPendulum.xml
----------------- Instantiating /home/travis/build/icyphy/ptII/ptolemy/domains/continuous/test/auto/CartPendulum.xml
393 ms. Memory: 225280K Free: 136478K (61%)
----------------- Invoking toplevel() on ptolemy.moml.MoMLSimpleApplication@2a32cf17
----------------- Done invoking toplevel() on ptolemy.moml.MoMLSimpleApplication@2a32cf17
reloadAllAccessors: .CartPendulum

===========================================================================================
----------------- testing Fri Jan 03 05:39:58 UTC 2020 /home/travis/build/icyphy/ptII/ptolemy/domains/continuous/test/auto/CausalityInterface10.xml
----------------- Instantiating /home/travis/build/icyphy/ptII/ptolemy/domains/continuous/test/auto/CausalityInterface10.xml
12 ms. Memory: 225280K Free: 126252K (56%)
----------------- Invoking toplevel() on ptolemy.moml.MoMLSimpleApplication@570e2a09
----------------- Done invoking toplevel() on ptolemy.moml.MoMLSimpleApplication@570e2a09
reloadAllAccessors: .CausalityInterface10

===========================================================================================
----------------- testing Fri Jan 03 05:39:58 UTC 2020 /home/travis/build/icyphy/ptII/ptolemy/domains/continuous/test/auto/CausalityInterface11.xml
----------------- Instantiating /home/travis/build/icyphy/ptII/ptolemy/domains/continuous/test/auto/CausalityInterface11.xml
9 ms. Memory: 225280K Free: 120078K (53%)
----------------- Invoking toplevel() on ptolemy.moml.MoMLSimpleApplication@50c6fe08
----------------- Done invoking toplevel() on ptolemy.moml.MoMLSimpleApplication@50c6fe08
reloadAllAccessors: .CausalityInterface11

===========================================================================================
----------------- testing Fri Jan 03 05:39:58 UTC 2020 /home/travis/build/icyphy/ptII/ptolemy/domains/continuous/test/auto/CausalityInterface12.xml
----------------- Instantiating /home/travis/build/icyphy/ptII/ptolemy/domains/continuous/test/auto/CausalityInterface12.xml
10 ms. Memory: 225280K Free: 113950K (51%)
----------------- Invoking toplevel() on ptolemy.moml.MoMLSimpleApplication@11ea1e38
----------------- Done invoking toplevel() on ptolemy.moml.MoMLSimpleApplication@11ea1e38
reloadAllAccessors: .CausalityInterface12

===========================================================================================
----------------- testing Fri Jan 03 05:39:58 UTC 2020 /home/travis/build/icyphy/ptII/ptolemy/domains/continuous/test/auto/CausalityInterface13.xml
----------------- Instantiating /home/travis/build/icyphy/ptII/ptolemy/domains/continuous/test/auto/CausalityInterface13.xml
4 ms. Memory: 225280K Free: 107790K (48%)
----------------- Invoking toplevel() on ptolemy.moml.MoMLSimpleApplication@528a1f80
----------------- Done invoking toplevel() on ptolemy.moml.MoMLSimpleApplication@528a1f80
reloadAllAccessors: .CausalityInterface13

===========================================================================================
----------------- testing Fri Jan 03 05:39:58 UTC 2020 /home/travis/build/icyphy/ptII/ptolemy/domains/continuous/test/auto/CausalityInterface14.xml
----------------- Instantiating /home/travis/build/icyphy/ptII/ptolemy/domains/continuous/test/auto/CausalityInterface14.xml
3 ms. Memory: 225280K Free: 102190K (45%)
----------------- Invoking toplevel() on ptolemy.moml.MoMLSimpleApplication@34041625
----------------- Done invoking toplevel() on ptolemy.moml.MoMLSimpleApplication@34041625
reloadAllAccessors: .CausalityInterface14

===========================================================================================
----------------- testing Fri Jan 03 05:39:58 UTC 2020 /home/travis/build/icyphy/ptII/ptolemy/domains/continuous/test/auto/CausalityInterface4.xml
----------------- Instantiating /home/travis/build/icyphy/ptII/ptolemy/domains/continuous/test/auto/CausalityInterface4.xml
4 ms. Memory: 225280K Free: 95022K (42%)
----------------- Invoking toplevel() on ptolemy.moml.MoMLSimpleApplication@2c6a2b8
----------------- Done invoking toplevel() on ptolemy.moml.MoMLSimpleApplication@2c6a2b8
reloadAllAccessors: .CausalityInterface4

===========================================================================================
----------------- testing Fri Jan 03 05:39:58 UTC 2020 /home/travis/build/icyphy/ptII/ptolemy/domains/continuous/test/auto/CausalityInterface5.xml
----------------- Instantiating /home/travis/build/icyphy/ptII/ptolemy/domains/continuous/test/auto/CausalityInterface5.xml
14 ms. Memory: 225280K Free: 86830K (39%)
----------------- Invoking toplevel() on ptolemy.moml.MoMLSimpleApplication@6f47c08c
----------------- Done invoking toplevel() on ptolemy.moml.MoMLSimpleApplication@6f47c08c
reloadAllAccessors: .CausalityInterface5

===========================================================================================
----------------- testing Fri Jan 03 05:39:58 UTC 2020 /home/travis/build/icyphy/ptII/ptolemy/domains/continuous/test/auto/CausalityInterface6.xml
----------------- Instantiating /home/travis/build/icyphy/ptII/ptolemy/domains/continuous/test/auto/CausalityInterface6.xml
5 ms. Memory: 225280K Free: 81166K (36%)
----------------- Invoking toplevel() on ptolemy.moml.MoMLSimpleApplication@6a9c9c56
----------------- Done invoking toplevel() on ptolemy.moml.MoMLSimpleApplication@6a9c9c56
reloadAllAccessors: .CausalityInterface6

===========================================================================================
----------------- testing Fri Jan 03 05:39:58 UTC 2020 /home/travis/build/icyphy/ptII/ptolemy/domains/continuous/test/auto/CausalityInterface7.xml
----------------- Instantiating /home/travis/build/icyphy/ptII/ptolemy/domains/continuous/test/auto/CausalityInterface7.xml
10 ms. Memory: 225280K Free: 206426K (92%)
----------------- Invoking toplevel() on ptolemy.moml.MoMLSimpleApplication@5a6c7c8d
----------------- Done invoking toplevel() on ptolemy.moml.MoMLSimpleApplication@5a6c7c8d
reloadAllAccessors: .CausalityInterface7

===========================================================================================
----------------- testing Fri Jan 03 05:39:58 UTC 2020 /home/travis/build/icyphy/ptII/ptolemy/domains/continuous/test/auto/CausalityInterface8.xml
----------------- Instantiating /home/travis/build/icyphy/ptII/ptolemy/domains/continuous/test/auto/CausalityInterface8.xml
7 ms. Memory: 225280K Free: 197210K (88%)
----------------- Invoking toplevel() on ptolemy.moml.MoMLSimpleApplication@4e707ef4
----------------- Done invoking toplevel() on ptolemy.moml.MoMLSimpleApplication@4e707ef4
reloadAllAccessors: .CausalityInterface8

===========================================================================================
----------------- testing Fri Jan 03 05:39:58 UTC 2020 /home/travis/build/icyphy/ptII/ptolemy/domains/continuous/test/auto/CausalityInterface9.xml
----------------- Instantiating /home/travis/build/icyphy/ptII/ptolemy/domains/continuous/test/auto/CausalityInterface9.xml
8 ms. Memory: 225280K Free: 186456K (83%)
----------------- Invoking toplevel() on ptolemy.moml.MoMLSimpleApplication@14524d71
----------------- Done invoking toplevel() on ptolemy.moml.MoMLSimpleApplication@14524d71
reloadAllAccessors: .CausalityInterface9

===========================================================================================
----------------- testing Fri Jan 03 05:39:58 UTC 2020 /home/travis/build/icyphy/ptII/ptolemy/domains/continuous/test/auto/CausalityInterfaceFeedback1.xml
----------------- Instantiating /home/travis/build/icyphy/ptII/ptolemy/domains/continuous/test/auto/CausalityInterfaceFeedback1.xml
3 ms. Memory: 225280K Free: 179802K (80%)
----------------- Invoking toplevel() on ptolemy.moml.MoMLSimpleApplication@759188af
----------------- Done invoking toplevel() on ptolemy.moml.MoMLSimpleApplication@759188af
reloadAllAccessors: .CausalityInterfaceFeedback1

===========================================================================================
----------------- testing Fri Jan 03 05:39:58 UTC 2020 /home/travis/build/icyphy/ptII/ptolemy/domains/continuous/test/auto/CausalityInterfaceFeedback2.xml
----------------- Instantiating /home/travis/build/icyphy/ptII/ptolemy/domains/continuous/test/auto/CausalityInterfaceFeedback2.xml
2 ms. Memory: 225280K Free: 173130K (77%)
----------------- Invoking toplevel() on ptolemy.moml.MoMLSimpleApplication@a061961
----------------- Done invoking toplevel() on ptolemy.moml.MoMLSimpleApplication@a061961
reloadAllAccessors: .CausalityInterfaceFeedback2

===========================================================================================
----------------- testing Fri Jan 03 05:39:58 UTC 2020 /home/travis/build/icyphy/ptII/ptolemy/domains/continuous/test/auto/CompareWithCurrentTime.xml
----------------- Instantiating /home/travis/build/icyphy/ptII/ptolemy/domains/continuous/test/auto/CompareWithCurrentTime.xml
6 ms. Memory: 225280K Free: 169048K (75%)
----------------- Invoking toplevel() on ptolemy.moml.MoMLSimpleApplication@56c9e25c
----------------- Done invoking toplevel() on ptolemy.moml.MoMLSimpleApplication@56c9e25c
reloadAllAccessors: .CompareWithCurrentTime

===========================================================================================
----------------- testing Fri Jan 03 05:39:58 UTC 2020 /home/travis/build/icyphy/ptII/ptolemy/domains/continuous/test/auto/ComparedClocks.xml
----------------- Instantiating /home/travis/build/icyphy/ptII/ptolemy/domains/continuous/test/auto/ComparedClocks.xml
7 ms. Memory: 225280K Free: 153674K (68%)
----------------- Invoking toplevel() on ptolemy.moml.MoMLSimpleApplication@5a774304
----------------- Done invoking toplevel() on ptolemy.moml.MoMLSimpleApplication@5a774304
reloadAllAccessors: .ComparedClocks

===========================================================================================
----------------- testing Fri Jan 03 05:39:58 UTC 2020 /home/travis/build/icyphy/ptII/ptolemy/domains/continuous/test/auto/ContinuousAOCClone.xml
----------------- Instantiating /home/travis/build/icyphy/ptII/ptolemy/domains/continuous/test/auto/ContinuousAOCClone.xml
2414 ms. Memory: 270336K Free: 231721K (86%)
----------------- Invoking toplevel() on ptolemy.moml.MoMLSimpleApplication@45d64a98
----------------- Done invoking toplevel() on ptolemy.moml.MoMLSimpleApplication@45d64a98
reloadAllAccessors: .ContinuousAOCClone

===========================================================================================
----------------- testing Fri Jan 03 05:40:01 UTC 2020 /home/travis/build/icyphy/ptII/ptolemy/domains/continuous/test/auto/ContinuousClock.xml
----------------- Instantiating /home/travis/build/icyphy/ptII/ptolemy/domains/continuous/test/auto/ContinuousClock.xml
30 ms. Memory: 270336K Free: 209703K (78%)
----------------- Invoking toplevel() on ptolemy.moml.MoMLSimpleApplication@17c6a8ea
----------------- Done invoking toplevel() on ptolemy.moml.MoMLSimpleApplication@17c6a8ea
reloadAllAccessors: .ContinuousClock

===========================================================================================
----------------- testing Fri Jan 03 05:40:01 UTC 2020 /home/travis/build/icyphy/ptII/ptolemy/domains/continuous/test/auto/ContinuousInContinuous.xml
----------------- Instantiating /home/travis/build/icyphy/ptII/ptolemy/domains/continuous/test/auto/ContinuousInContinuous.xml
37 ms. Memory: 270336K Free: 186151K (69%)
----------------- Invoking toplevel() on ptolemy.moml.MoMLSimpleApplication@30eec38d
----------------- Done invoking toplevel() on ptolemy.moml.MoMLSimpleApplication@30eec38d
reloadAllAccessors: .ContinuousInContinuous

===========================================================================================
----------------- testing Fri Jan 03 05:40:01 UTC 2020 /home/travis/build/icyphy/ptII/ptolemy/domains/continuous/test/auto/ContinuousInContinuousInContinuous.xml
----------------- Instantiating /home/travis/build/icyphy/ptII/ptolemy/domains/continuous/test/auto/ContinuousInContinuousInContinuous.xml
7 ms. Memory: 270336K Free: 178473K (66%)
----------------- Invoking toplevel() on ptolemy.moml.MoMLSimpleApplication@5e7ade98
----------------- Done invoking toplevel() on ptolemy.moml.MoMLSimpleApplication@5e7ade98
reloadAllAccessors: .ContinuousInContinuousInContinuous

===========================================================================================
----------------- testing Fri Jan 03 05:40:01 UTC 2020 /home/travis/build/icyphy/ptII/ptolemy/domains/continuous/test/auto/ContinuousInDE.xml
----------------- Instantiating /home/travis/build/icyphy/ptII/ptolemy/domains/continuous/test/auto/ContinuousInDE.xml
53 ms. Memory: 270336K Free: 167719K (62%)
----------------- Invoking toplevel() on ptolemy.moml.MoMLSimpleApplication@356941bd
----------------- Done invoking toplevel() on ptolemy.moml.MoMLSimpleApplication@356941bd
reloadAllAccessors: .ContinuousInDE

===========================================================================================
----------------- testing Fri Jan 03 05:40:01 UTC 2020 /home/travis/build/icyphy/ptII/ptolemy/domains/continuous/test/auto/ContinuousInDE2.xml
----------------- Instantiating /home/travis/build/icyphy/ptII/ptolemy/domains/continuous/test/auto/ContinuousInDE2.xml
35 ms. Memory: 270336K Free: 158503K (59%)
----------------- Invoking toplevel() on ptolemy.moml.MoMLSimpleApplication@6d57819e
----------------- Done invoking toplevel() on ptolemy.moml.MoMLSimpleApplication@6d57819e
reloadAllAccessors: .ContinuousInDE2

===========================================================================================
----------------- testing Fri Jan 03 05:40:01 UTC 2020 /home/travis/build/icyphy/ptII/ptolemy/domains/continuous/test/auto/ContinuousInDE3.xml
----------------- Instantiating /home/travis/build/icyphy/ptII/ptolemy/domains/continuous/test/auto/ContinuousInDE3.xml
28 ms. Memory: 270336K Free: 148777K (55%)
----------------- Invoking toplevel() on ptolemy.moml.MoMLSimpleApplication@b335bad
----------------- Done invoking toplevel() on ptolemy.moml.MoMLSimpleApplication@b335bad
reloadAllAccessors: .ContinuousInDE3

===========================================================================================
----------------- testing Fri Jan 03 05:40:01 UTC 2020 /home/travis/build/icyphy/ptII/ptolemy/domains/continuous/test/auto/ContinuousInDE4.xml
----------------- Instantiating /home/travis/build/icyphy/ptII/ptolemy/domains/continuous/test/auto/ContinuousInDE4.xml
13 ms. Memory: 270336K Free: 142633K (53%)
----------------- Invoking toplevel() on ptolemy.moml.MoMLSimpleApplication@53e29557
----------------- Done invoking toplevel() on ptolemy.moml.MoMLSimpleApplication@53e29557
reloadAllAccessors: .ContinuousInDE4

===========================================================================================
----------------- testing Fri Jan 03 05:40:01 UTC 2020 /home/travis/build/icyphy/ptII/ptolemy/domains/continuous/test/auto/ContinuousInDEDifferentRefinements.xml
----------------- Instantiating /home/travis/build/icyphy/ptII/ptolemy/domains/continuous/test/auto/ContinuousInDEDifferentRefinements.xml
42 ms. Memory: 270336K Free: 111385K (41%)
----------------- Invoking toplevel() on ptolemy.moml.MoMLSimpleApplication@5cc3ef3f
----------------- Done invoking toplevel() on ptolemy.moml.MoMLSimpleApplication@5cc3ef3f
reloadAllAccessors: .ContinuousInDEDifferentRefinements

===========================================================================================
----------------- testing Fri Jan 03 05:40:02 UTC 2020 /home/travis/build/icyphy/ptII/ptolemy/domains/continuous/test/auto/ContinuousInDEDifferentRefinementsPreemptive.xml
----------------- Instantiating /home/travis/build/icyphy/ptII/ptolemy/domains/continuous/test/auto/ContinuousInDEDifferentRefinementsPreemptive.xml
43 ms. Memory: 270336K Free: 241123K (89%)
----------------- Invoking toplevel() on ptolemy.moml.MoMLSimpleApplication@244ec54b
----------------- Done invoking toplevel() on ptolemy.moml.MoMLSimpleApplication@244ec54b
reloadAllAccessors: .ContinuousInDEDifferentRefinementsPreemptive

===========================================================================================
----------------- testing Fri Jan 03 05:40:02 UTC 2020 /home/travis/build/icyphy/ptII/ptolemy/domains/continuous/test/auto/ContinuousInDEInContinuous2.xml
----------------- Instantiating /home/travis/build/icyphy/ptII/ptolemy/domains/continuous/test/auto/ContinuousInDEInContinuous2.xml
32 ms. Memory: 270336K Free: 229151K (85%)
----------------- Invoking toplevel() on ptolemy.moml.MoMLSimpleApplication@66304f1
----------------- Done invoking toplevel() on ptolemy.moml.MoMLSimpleApplication@66304f1
reloadAllAccessors: .ContinuousInDEInContinuous2

===========================================================================================
----------------- testing Fri Jan 03 05:40:02 UTC 2020 /home/travis/build/icyphy/ptII/ptolemy/domains/continuous/test/auto/ContinuousInDEInContinuous3.xml
----------------- Instantiating /home/travis/build/icyphy/ptII/ptolemy/domains/continuous/test/auto/ContinuousInDEInContinuous3.xml
32 ms. Memory: 270336K Free: 216863K (80%)
----------------- Invoking toplevel() on ptolemy.moml.MoMLSimpleApplication@23486927
----------------- Done invoking toplevel() on ptolemy.moml.MoMLSimpleApplication@23486927
reloadAllAccessors: .ContinuousInDEInContinuous3

===========================================================================================
----------------- testing Fri Jan 03 05:40:02 UTC 2020 /home/travis/build/icyphy/ptII/ptolemy/domains/continuous/test/auto/ContinuousInDEInput.xml
----------------- Instantiating /home/travis/build/icyphy/ptII/ptolemy/domains/continuous/test/auto/ContinuousInDEInput.xml
13 ms. Memory: 270336K Free: 209695K (78%)
----------------- Invoking toplevel() on ptolemy.moml.MoMLSimpleApplication@1d9acb7f
----------------- Done invoking toplevel() on ptolemy.moml.MoMLSimpleApplication@1d9acb7f
reloadAllAccessors: .ContinuousInDEInput

===========================================================================================
----------------- testing Fri Jan 03 05:40:02 UTC 2020 /home/travis/build/icyphy/ptII/ptolemy/domains/continuous/test/auto/ContinuousInDEInput2.xml
----------------- Instantiating /home/travis/build/icyphy/ptII/ptolemy/domains/continuous/test/auto/ContinuousInDEInput2.xml
18 ms. Memory: 270336K Free: 202527K (75%)
----------------- Invoking toplevel() on ptolemy.moml.MoMLSimpleApplication@7790b7ec
----------------- Done invoking toplevel() on ptolemy.moml.MoMLSimpleApplication@7790b7ec
reloadAllAccessors: .ContinuousInDEInput2

===========================================================================================
----------------- testing Fri Jan 03 05:40:02 UTC 2020 /home/travis/build/icyphy/ptII/ptolemy/domains/continuous/test/auto/ContinuousInDEInput3.xml
----------------- Instantiating /home/travis/build/icyphy/ptII/ptolemy/domains/continuous/test/auto/ContinuousInDEInput3.xml
11 ms. Memory: 270336K Free: 194845K (72%)
----------------- Invoking toplevel() on ptolemy.moml.MoMLSimpleApplication@4d3ef276
----------------- Done invoking toplevel() on ptolemy.moml.MoMLSimpleApplication@4d3ef276
reloadAllAccessors: .ContinuousInDEInput3

===========================================================================================
----------------- testing Fri Jan 03 05:40:02 UTC 2020 /home/travis/build/icyphy/ptII/ptolemy/domains/continuous/test/auto/ContinuousInDESharingRefinement.xml
----------------- Instantiating /home/travis/build/icyphy/ptII/ptolemy/domains/continuous/test/auto/ContinuousInDESharingRefinement.xml
139 ms. Memory: 270336K Free: 100127K (37%)
----------------- Invoking toplevel() on ptolemy.moml.MoMLSimpleApplication@538c1fad
----------------- Done invoking toplevel() on ptolemy.moml.MoMLSimpleApplication@538c1fad
reloadAllAccessors: .ContinuousInDESharingRefinement

===========================================================================================
----------------- testing Fri Jan 03 05:40:02 UTC 2020 /home/travis/build/icyphy/ptII/ptolemy/domains/continuous/test/auto/ContinuousInDEwithNoPorts.xml
----------------- Instantiating /home/travis/build/icyphy/ptII/ptolemy/domains/continuous/test/auto/ContinuousInDEwithNoPorts.xml
2 ms. Memory: 270336K Free: 96031K (36%)
----------------- Invoking toplevel() on ptolemy.moml.MoMLSimpleApplication@12652381
----------------- Done invoking toplevel() on ptolemy.moml.MoMLSimpleApplication@12652381
reloadAllAccessors: .ContinuousInDEwithNoPorts

===========================================================================================
----------------- testing Fri Jan 03 05:40:02 UTC 2020 /home/travis/build/icyphy/ptII/ptolemy/domains/continuous/test/auto/ContinuousInsideDE.xml
----------------- Instantiating /home/travis/build/icyphy/ptII/ptolemy/domains/continuous/test/auto/ContinuousInsideDE.xml
31 ms. Memory: 270336K Free: 245127K (91%)
----------------- Invoking toplevel() on ptolemy.moml.MoMLSimpleApplication@760a1402
----------------- Done invoking toplevel() on ptolemy.moml.MoMLSimpleApplication@760a1402
reloadAllAccessors: .ContinuousInsideDE

===========================================================================================
----------------- testing Fri Jan 03 05:40:02 UTC 2020 /home/travis/build/icyphy/ptII/ptolemy/domains/continuous/test/auto/ContinuousMerge1.xml
----------------- Instantiating /home/travis/build/icyphy/ptII/ptolemy/domains/continuous/test/auto/ContinuousMerge1.xml
2 ms. Memory: 270336K Free: 241031K (89%)
----------------- Invoking toplevel() on ptolemy.moml.MoMLSimpleApplication@184c84ad
----------------- Done invoking toplevel() on ptolemy.moml.MoMLSimpleApplication@184c84ad
reloadAllAccessors: .ContinuousMerge1

===========================================================================================
----------------- testing Fri Jan 03 05:40:02 UTC 2020 /home/travis/build/icyphy/ptII/ptolemy/domains/continuous/test/auto/ContinuousMerge2.xml
----------------- Instantiating /home/travis/build/icyphy/ptII/ptolemy/domains/continuous/test/auto/ContinuousMerge2.xml
13 ms. Memory: 270336K Free: 230277K (85%)
----------------- Invoking toplevel() on ptolemy.moml.MoMLSimpleApplication@22f78fbb
----------------- Done invoking toplevel() on ptolemy.moml.MoMLSimpleApplication@22f78fbb
reloadAllAccessors: .ContinuousMerge2

===========================================================================================
----------------- testing Fri Jan 03 05:40:02 UTC 2020 /home/travis/build/icyphy/ptII/ptolemy/domains/continuous/test/auto/ContinuousMerge3.xml
----------------- Instantiating /home/travis/build/icyphy/ptII/ptolemy/domains/continuous/test/auto/ContinuousMerge3.xml
55 ms. Memory: 270336K Free: 219527K (81%)
----------------- Invoking toplevel() on ptolemy.moml.MoMLSimpleApplication@1114789e
----------------- Done invoking toplevel() on ptolemy.moml.MoMLSimpleApplication@1114789e
reloadAllAccessors: .ContinuousMerge3

===========================================================================================
----------------- testing Fri Jan 03 05:40:02 UTC 2020 /home/travis/build/icyphy/ptII/ptolemy/domains/continuous/test/auto/ContinuousWithinContinuous.xml
----------------- Instantiating /home/travis/build/icyphy/ptII/ptolemy/domains/continuous/test/auto/ContinuousWithinContinuous.xml
48 ms. Memory: 270336K Free: 210311K (78%)
----------------- Invoking toplevel() on ptolemy.moml.MoMLSimpleApplication@7ba50ba4
----------------- Done invoking toplevel() on ptolemy.moml.MoMLSimpleApplication@7ba50ba4
reloadAllAccessors: .ContinuousWithinContinuous

===========================================================================================
----------------- testing Fri Jan 03 05:40:02 UTC 2020 /home/travis/build/icyphy/ptII/ptolemy/domains/continuous/test/auto/ContinuousWithinContinuous2.xml
----------------- Instantiating /home/travis/build/icyphy/ptII/ptolemy/domains/continuous/test/auto/ContinuousWithinContinuous2.xml
76 ms. Memory: 270336K Free: 199047K (74%)
----------------- Invoking toplevel() on ptolemy.moml.MoMLSimpleApplication@2ec8417f
----------------- Done invoking toplevel() on ptolemy.moml.MoMLSimpleApplication@2ec8417f
reloadAllAccessors: .ContinuousWithinContinuous2

===========================================================================================
----------------- testing Fri Jan 03 05:40:02 UTC 2020 /home/travis/build/icyphy/ptII/ptolemy/domains/continuous/test/auto/ContinuousWithinContinuous3.xml
----------------- Instantiating /home/travis/build/icyphy/ptII/ptolemy/domains/continuous/test/auto/ContinuousWithinContinuous3.xml
14 ms. Memory: 270336K Free: 192389K (71%)
----------------- Invoking toplevel() on ptolemy.moml.MoMLSimpleApplication@74615233
----------------- Done invoking toplevel() on ptolemy.moml.MoMLSimpleApplication@74615233
reloadAllAccessors: .ContinuousWithinContinuous3

===========================================================================================
----------------- testing Fri Jan 03 05:40:02 UTC 2020 /home/travis/build/icyphy/ptII/ptolemy/domains/continuous/test/auto/ContinuousWithinContinuous4.xml
----------------- Instantiating /home/travis/build/icyphy/ptII/ptolemy/domains/continuous/test/auto/ContinuousWithinContinuous4.xml
69 ms. Memory: 270336K Free: 180101K (67%)
----------------- Invoking toplevel() on ptolemy.moml.MoMLSimpleApplication@54274282
----------------- Done invoking toplevel() on ptolemy.moml.MoMLSimpleApplication@54274282
reloadAllAccessors: .ContinuousWithinContinuous4

===========================================================================================
----------------- testing Fri Jan 03 05:40:03 UTC 2020 /home/travis/build/icyphy/ptII/ptolemy/domains/continuous/test/auto/ContinuousWithinContinuous5.xml
----------------- Instantiating /home/travis/build/icyphy/ptII/ptolemy/domains/continuous/test/auto/ContinuousWithinContinuous5.xml
15 ms. Memory: 270336K Free: 172423K (64%)
----------------- Invoking toplevel() on ptolemy.moml.MoMLSimpleApplication@524cecd1
----------------- Done invoking toplevel() on ptolemy.moml.MoMLSimpleApplication@524cecd1
reloadAllAccessors: .ContinuousWithinContinuous5

===========================================================================================
----------------- testing Fri Jan 03 05:40:03 UTC 2020 /home/travis/build/icyphy/ptII/ptolemy/domains/continuous/test/auto/ContinuousWithinContinuous6.xml
----------------- Instantiating /home/travis/build/icyphy/ptII/ptolemy/domains/continuous/test/auto/ContinuousWithinContinuous6.xml
16 ms. Memory: 270336K Free: 165255K (61%)
----------------- Invoking toplevel() on ptolemy.moml.MoMLSimpleApplication@7685b69b
----------------- Done invoking toplevel() on ptolemy.moml.MoMLSimpleApplication@7685b69b
reloadAllAccessors: .ContinuousWithinContinuous6

===========================================================================================
----------------- testing Fri Jan 03 05:40:03 UTC 2020 /home/travis/build/icyphy/ptII/ptolemy/domains/continuous/test/auto/ContinuousWithinContinuous7.xml
----------------- Instantiating /home/travis/build/icyphy/ptII/ptolemy/domains/continuous/test/auto/ContinuousWithinContinuous7.xml
74 ms. Memory: 270336K Free: 153991K (57%)
----------------- Invoking toplevel() on ptolemy.moml.MoMLSimpleApplication@4460c706
----------------- Done invoking toplevel() on ptolemy.moml.MoMLSimpleApplication@4460c706
reloadAllAccessors: .ContinuousWithinContinuous7

===========================================================================================
----------------- testing Fri Jan 03 05:40:03 UTC 2020 /home/travis/build/icyphy/ptII/ptolemy/domains/continuous/test/auto/DCMotor.xml
----------------- Instantiating /home/travis/build/icyphy/ptII/ptolemy/domains/continuous/test/auto/DCMotor.xml
12916 ms. Memory: 270336K Free: 125910K (47%)
----------------- Invoking toplevel() on ptolemy.moml.MoMLSimpleApplication@700467b3
----------------- Done invoking toplevel() on ptolemy.moml.MoMLSimpleApplication@700467b3
reloadAllAccessors: .DCMotor

===========================================================================================
----------------- testing Fri Jan 03 05:40:16 UTC 2020 /home/travis/build/icyphy/ptII/ptolemy/domains/continuous/test/auto/DEInContinuous.xml
----------------- Instantiating /home/travis/build/icyphy/ptII/ptolemy/domains/continuous/test/auto/DEInContinuous.xml
11 ms. Memory: 270336K Free: 119766K (44%)
----------------- Invoking toplevel() on ptolemy.moml.MoMLSimpleApplication@7cfc9b95
----------------- Done invoking toplevel() on ptolemy.moml.MoMLSimpleApplication@7cfc9b95
reloadAllAccessors: .DEInContinuous

===========================================================================================
----------------- testing Fri Jan 03 05:40:16 UTC 2020 /home/travis/build/icyphy/ptII/ptolemy/domains/continuous/test/auto/DEinContinuous2.xml
----------------- Instantiating /home/travis/build/icyphy/ptII/ptolemy/domains/continuous/test/auto/DEinContinuous2.xml
6 ms. Memory: 270336K Free: 111574K (41%)
----------------- Invoking toplevel() on ptolemy.moml.MoMLSimpleApplication@478e2d7e
----------------- Done invoking toplevel() on ptolemy.moml.MoMLSimpleApplication@478e2d7e
reloadAllAccessors: .DEinContinuous2

===========================================================================================
----------------- testing Fri Jan 03 05:40:16 UTC 2020 /home/travis/build/icyphy/ptII/ptolemy/domains/continuous/test/auto/Derivative.xml
----------------- Instantiating /home/travis/build/icyphy/ptII/ptolemy/domains/continuous/test/auto/Derivative.xml
123 ms. Memory: 270336K Free: 242621K (90%)
----------------- Invoking toplevel() on ptolemy.moml.MoMLSimpleApplication@1214ba3
----------------- Done invoking toplevel() on ptolemy.moml.MoMLSimpleApplication@1214ba3
reloadAllAccessors: .Derivative2

===========================================================================================
----------------- testing Fri Jan 03 05:40:16 UTC 2020 /home/travis/build/icyphy/ptII/ptolemy/domains/continuous/test/auto/Derivative1.xml
----------------- Instantiating /home/travis/build/icyphy/ptII/ptolemy/domains/continuous/test/auto/Derivative1.xml
17 ms. Memory: 270336K Free: 227816K (84%)
----------------- Invoking toplevel() on ptolemy.moml.MoMLSimpleApplication@32f8b0ba
----------------- Done invoking toplevel() on ptolemy.moml.MoMLSimpleApplication@32f8b0ba
reloadAllAccessors: .Derivative1

===========================================================================================
----------------- testing Fri Jan 03 05:40:16 UTC 2020 /home/travis/build/icyphy/ptII/ptolemy/domains/continuous/test/auto/DiscreteClock.xml
----------------- Instantiating /home/travis/build/icyphy/ptII/ptolemy/domains/continuous/test/auto/DiscreteClock.xml
3 ms. Memory: 270336K Free: 222696K (82%)
----------------- Invoking toplevel() on ptolemy.moml.MoMLSimpleApplication@3cd20fee
----------------- Done invoking toplevel() on ptolemy.moml.MoMLSimpleApplication@3cd20fee
reloadAllAccessors: .DiscreteClock

===========================================================================================
----------------- testing Fri Jan 03 05:40:16 UTC 2020 /home/travis/build/icyphy/ptII/ptolemy/domains/continuous/test/auto/EfficiencyCurve.xml
----------------- Instantiating /home/travis/build/icyphy/ptII/ptolemy/domains/continuous/test/auto/EfficiencyCurve.xml
46 ms. Memory: 270336K Free: 213480K (79%)
----------------- Invoking toplevel() on ptolemy.moml.MoMLSimpleApplication@39a4e693
----------------- Done invoking toplevel() on ptolemy.moml.MoMLSimpleApplication@39a4e693
reloadAllAccessors: .EfficiencyCurve

===========================================================================================
----------------- testing Fri Jan 03 05:40:16 UTC 2020 /home/travis/build/icyphy/ptII/ptolemy/domains/continuous/test/auto/ExponentialResponse.xml
----------------- Instantiating /home/travis/build/icyphy/ptII/ptolemy/domains/continuous/test/auto/ExponentialResponse.xml
86 ms. Memory: 270336K Free: 197606K (73%)
----------------- Invoking toplevel() on ptolemy.moml.MoMLSimpleApplication@64aa9032
----------------- Done invoking toplevel() on ptolemy.moml.MoMLSimpleApplication@64aa9032
reloadAllAccessors: .ExponentialResponse

===========================================================================================
----------------- testing Fri Jan 03 05:40:16 UTC 2020 /home/travis/build/icyphy/ptII/ptolemy/domains/continuous/test/auto/ExponentialResponseRK45.xml
----------------- Instantiating /home/travis/build/icyphy/ptII/ptolemy/domains/continuous/test/auto/ExponentialResponseRK45.xml
21 ms. Memory: 270336K Free: 190952K (71%)
----------------- Invoking toplevel() on ptolemy.moml.MoMLSimpleApplication@6154075b
----------------- Done invoking toplevel() on ptolemy.moml.MoMLSimpleApplication@6154075b
reloadAllAccessors: .ExponentialResponseRK45

===========================================================================================
----------------- testing Fri Jan 03 05:40:16 UTC 2020 /home/travis/build/icyphy/ptII/ptolemy/domains/continuous/test/auto/Friction.xml
----------------- Instantiating /home/travis/build/icyphy/ptII/ptolemy/domains/continuous/test/auto/Friction.xml
1409 ms. Memory: 270336K Free: 247186K (91%)
----------------- Invoking toplevel() on ptolemy.moml.MoMLSimpleApplication@7bde7009
----------------- Done invoking toplevel() on ptolemy.moml.MoMLSimpleApplication@7bde7009
reloadAllAccessors: .Friction

===========================================================================================
----------------- testing Fri Jan 03 05:40:18 UTC 2020 /home/travis/build/icyphy/ptII/ptolemy/domains/continuous/test/auto/FurutaPendulum.xml
----------------- Instantiating /home/travis/build/icyphy/ptII/ptolemy/domains/continuous/test/auto/FurutaPendulum.xml
2674 ms. Memory: 270336K Free: 227665K (84%)
----------------- Invoking toplevel() on ptolemy.moml.MoMLSimpleApplication@15432b4c
----------------- Done invoking toplevel() on ptolemy.moml.MoMLSimpleApplication@15432b4c
reloadAllAccessors: .FurutaPendulum

===========================================================================================
----------------- testing Fri Jan 03 05:40:20 UTC 2020 /home/travis/build/icyphy/ptII/ptolemy/domains/continuous/test/auto/HierarchicalExecution.xml
----------------- Instantiating /home/travis/build/icyphy/ptII/ptolemy/domains/continuous/test/auto/HierarchicalExecution.xml
1374 ms. Memory: 270336K Free: 105971K (39%)
----------------- Invoking toplevel() on ptolemy.moml.MoMLSimpleApplication@7a717bc1
----------------- Done invoking toplevel() on ptolemy.moml.MoMLSimpleApplication@7a717bc1
reloadAllAccessors: .HierarchicalExecution

===========================================================================================
----------------- testing Fri Jan 03 05:40:22 UTC 2020 /home/travis/build/icyphy/ptII/ptolemy/domains/continuous/test/auto/HybridPlant.xml
----------------- Instantiating /home/travis/build/icyphy/ptII/ptolemy/domains/continuous/test/auto/HybridPlant.xml
519 ms. Memory: 324608K Free: 249090K (77%)
----------------- Invoking toplevel() on ptolemy.moml.MoMLSimpleApplication@3f671324
----------------- Done invoking toplevel() on ptolemy.moml.MoMLSimpleApplication@3f671324
reloadAllAccessors: .HybridPlant

===========================================================================================
----------------- testing Fri Jan 03 05:40:23 UTC 2020 /home/travis/build/icyphy/ptII/ptolemy/domains/continuous/test/auto/Hysteresis.xml
----------------- Instantiating /home/travis/build/icyphy/ptII/ptolemy/domains/continuous/test/auto/Hysteresis.xml
147 ms. Memory: 324608K Free: 186640K (57%)
----------------- Invoking toplevel() on ptolemy.moml.MoMLSimpleApplication@2df2eff9
----------------- Done invoking toplevel() on ptolemy.moml.MoMLSimpleApplication@2df2eff9
reloadAllAccessors: .Hysteresis

===========================================================================================
----------------- testing Fri Jan 03 05:40:23 UTC 2020 /home/travis/build/icyphy/ptII/ptolemy/domains/continuous/test/auto/HysteresisWithRandomDelay.xml
----------------- Instantiating /home/travis/build/icyphy/ptII/ptolemy/domains/continuous/test/auto/HysteresisWithRandomDelay.xml
173 ms. Memory: 324608K Free: 115474K (36%)
----------------- Invoking toplevel() on ptolemy.moml.MoMLSimpleApplication@20dbfb5f
----------------- Done invoking toplevel() on ptolemy.moml.MoMLSimpleApplication@20dbfb5f
reloadAllAccessors: .HysteresisWithRandomDelay

===========================================================================================
----------------- testing Fri Jan 03 05:40:23 UTC 2020 /home/travis/build/icyphy/ptII/ptolemy/domains/continuous/test/auto/HysteresisWithRandomLosses.xml
----------------- Instantiating /home/travis/build/icyphy/ptII/ptolemy/domains/continuous/test/auto/HysteresisWithRandomLosses.xml
2300 ms. Memory: 324608K Free: 150360K (46%)
----------------- Invoking toplevel() on ptolemy.moml.MoMLSimpleApplication@64689f79
----------------- Done invoking toplevel() on ptolemy.moml.MoMLSimpleApplication@64689f79
reloadAllAccessors: .HysteresisWithRandomLosses

===========================================================================================
----------------- testing Fri Jan 03 05:40:25 UTC 2020 /home/travis/build/icyphy/ptII/ptolemy/domains/continuous/test/auto/ImmediateTransitions.xml
----------------- Instantiating /home/travis/build/icyphy/ptII/ptolemy/domains/continuous/test/auto/ImmediateTransitions.xml
8 ms. Memory: 324608K Free: 139080K (43%)
----------------- Invoking toplevel() on ptolemy.moml.MoMLSimpleApplication@1ee2973b
----------------- Done invoking toplevel() on ptolemy.moml.MoMLSimpleApplication@1ee2973b
reloadAllAccessors: .ImmediateTransitions

===========================================================================================
----------------- testing Fri Jan 03 05:40:26 UTC 2020 /home/travis/build/icyphy/ptII/ptolemy/domains/continuous/test/auto/ImpulseFeedback.xml
----------------- Instantiating /home/travis/build/icyphy/ptII/ptolemy/domains/continuous/test/auto/ImpulseFeedback.xml
6 ms. Memory: 324608K Free: 133480K (41%)
----------------- Invoking toplevel() on ptolemy.moml.MoMLSimpleApplication@4f34e57f
----------------- Done invoking toplevel() on ptolemy.moml.MoMLSimpleApplication@4f34e57f
reloadAllAccessors: .ImpulseFeedback

===========================================================================================
----------------- testing Fri Jan 03 05:40:26 UTC 2020 /home/travis/build/icyphy/ptII/ptolemy/domains/continuous/test/auto/ImpulseFeedback2.xml
----------------- Instantiating /home/travis/build/icyphy/ptII/ptolemy/domains/continuous/test/auto/ImpulseFeedback2.xml
4 ms. Memory: 324608K Free: 127846K (39%)
----------------- Invoking toplevel() on ptolemy.moml.MoMLSimpleApplication@3108e2df
----------------- Done invoking toplevel() on ptolemy.moml.MoMLSimpleApplication@3108e2df
reloadAllAccessors: .ImpulseFeedback2

===========================================================================================
----------------- testing Fri Jan 03 05:40:26 UTC 2020 /home/travis/build/icyphy/ptII/ptolemy/domains/continuous/test/auto/IncreasingRatePoisson.xml
----------------- Instantiating /home/travis/build/icyphy/ptII/ptolemy/domains/continuous/test/auto/IncreasingRatePoisson.xml
722 ms. Memory: 324608K Free: 210260K (65%)
----------------- Invoking toplevel() on ptolemy.moml.MoMLSimpleApplication@6a3703cd
----------------- Done invoking toplevel() on ptolemy.moml.MoMLSimpleApplication@6a3703cd
reloadAllAccessors: .IncreasingRatePoisson

===========================================================================================
----------------- testing Fri Jan 03 05:40:26 UTC 2020 /home/travis/build/icyphy/ptII/ptolemy/domains/continuous/test/auto/InitialStateFeedback.xml
----------------- Instantiating /home/travis/build/icyphy/ptII/ptolemy/domains/continuous/test/auto/InitialStateFeedback.xml
6 ms. Memory: 324608K Free: 205650K (63%)
----------------- Invoking toplevel() on ptolemy.moml.MoMLSimpleApplication@c573931
----------------- Done invoking toplevel() on ptolemy.moml.MoMLSimpleApplication@c573931
reloadAllAccessors: .InitialStateFeedback

===========================================================================================
----------------- testing Fri Jan 03 05:40:26 UTC 2020 /home/travis/build/icyphy/ptII/ptolemy/domains/continuous/test/auto/Integration.xml
----------------- Instantiating /home/travis/build/icyphy/ptII/ptolemy/domains/continuous/test/auto/Integration.xml
2 ms. Memory: 324608K Free: 201554K (62%)
----------------- Invoking toplevel() on ptolemy.moml.MoMLSimpleApplication@3bd4ed5e
----------------- Done invoking toplevel() on ptolemy.moml.MoMLSimpleApplication@3bd4ed5e
reloadAllAccessors: .Integration

===========================================================================================
----------------- testing Fri Jan 03 05:40:26 UTC 2020 /home/travis/build/icyphy/ptII/ptolemy/domains/continuous/test/auto/Integration2.xml
----------------- Instantiating /home/travis/build/icyphy/ptII/ptolemy/domains/continuous/test/auto/Integration2.xml
85 ms. Memory: 324608K Free: 187218K (58%)
----------------- Invoking toplevel() on ptolemy.moml.MoMLSimpleApplication@405468ac
----------------- Done invoking toplevel() on ptolemy.moml.MoMLSimpleApplication@405468ac
reloadAllAccessors: .Integration2

===========================================================================================
----------------- testing Fri Jan 03 05:40:26 UTC 2020 /home/travis/build/icyphy/ptII/ptolemy/domains/continuous/test/auto/Integration3.xml
----------------- Instantiating /home/travis/build/icyphy/ptII/ptolemy/domains/continuous/test/auto/Integration3.xml
2 ms. Memory: 324608K Free: 182612K (56%)
----------------- Invoking toplevel() on ptolemy.moml.MoMLSimpleApplication@5e025eb4
----------------- Done invoking toplevel() on ptolemy.moml.MoMLSimpleApplication@5e025eb4
reloadAllAccessors: .Integration3

===========================================================================================
----------------- testing Fri Jan 03 05:40:26 UTC 2020 /home/travis/build/icyphy/ptII/ptolemy/domains/continuous/test/auto/Integration5.xml
----------------- Instantiating /home/travis/build/icyphy/ptII/ptolemy/domains/continuous/test/auto/Integration5.xml
2 ms. Memory: 324608K Free: 178516K (55%)
----------------- Invoking toplevel() on ptolemy.moml.MoMLSimpleApplication@615ed4ab
----------------- Done invoking toplevel() on ptolemy.moml.MoMLSimpleApplication@615ed4ab
reloadAllAccessors: .Integration5

===========================================================================================
----------------- testing Fri Jan 03 05:40:26 UTC 2020 /home/travis/build/icyphy/ptII/ptolemy/domains/continuous/test/auto/IntegratorImpulse.xml
----------------- Instantiating /home/travis/build/icyphy/ptII/ptolemy/domains/continuous/test/auto/IntegratorImpulse.xml
2 ms. Memory: 324608K Free: 174420K (54%)
----------------- Invoking toplevel() on ptolemy.moml.MoMLSimpleApplication@27442140
----------------- Done invoking toplevel() on ptolemy.moml.MoMLSimpleApplication@27442140
reloadAllAccessors: .IntegratorImpulse

===========================================================================================
----------------- testing Fri Jan 03 05:40:26 UTC 2020 /home/travis/build/icyphy/ptII/ptolemy/domains/continuous/test/auto/IntegratorImpulse2.xml
----------------- Instantiating /home/travis/build/icyphy/ptII/ptolemy/domains/continuous/test/auto/IntegratorImpulse2.xml
3 ms. Memory: 324608K Free: 169810K (52%)
----------------- Invoking toplevel() on ptolemy.moml.MoMLSimpleApplication@354003a2
----------------- Done invoking toplevel() on ptolemy.moml.MoMLSimpleApplication@354003a2
reloadAllAccessors: .IntegratorImpulse2

===========================================================================================
----------------- testing Fri Jan 03 05:40:27 UTC 2020 /home/travis/build/icyphy/ptII/ptolemy/domains/continuous/test/auto/LevelCrossing1.xml
----------------- Instantiating /home/travis/build/icyphy/ptII/ptolemy/domains/continuous/test/auto/LevelCrossing1.xml
2 ms. Memory: 324608K Free: 164690K (51%)
----------------- Invoking toplevel() on ptolemy.moml.MoMLSimpleApplication@7e7f62c
----------------- Done invoking toplevel() on ptolemy.moml.MoMLSimpleApplication@7e7f62c
reloadAllAccessors: .LevelCrossing1

===========================================================================================
----------------- testing Fri Jan 03 05:40:27 UTC 2020 /home/travis/build/icyphy/ptII/ptolemy/domains/continuous/test/auto/LevelCrossing2.xml
----------------- Instantiating /home/travis/build/icyphy/ptII/ptolemy/domains/continuous/test/auto/LevelCrossing2.xml
3 ms. Memory: 324608K Free: 159570K (49%)
----------------- Invoking toplevel() on ptolemy.moml.MoMLSimpleApplication@393d8585
----------------- Done invoking toplevel() on ptolemy.moml.MoMLSimpleApplication@393d8585
reloadAllAccessors: .LevelCrossing2

===========================================================================================
----------------- testing Fri Jan 03 05:40:27 UTC 2020 /home/travis/build/icyphy/ptII/ptolemy/domains/continuous/test/auto/LevelCrossing3.xml
----------------- Instantiating /home/travis/build/icyphy/ptII/ptolemy/domains/continuous/test/auto/LevelCrossing3.xml
5 ms. Memory: 324608K Free: 154436K (48%)
----------------- Invoking toplevel() on ptolemy.moml.MoMLSimpleApplication@db740e
----------------- Done invoking toplevel() on ptolemy.moml.MoMLSimpleApplication@db740e
reloadAllAccessors: .LevelCrossing3

===========================================================================================
----------------- testing Fri Jan 03 05:40:27 UTC 2020 /home/travis/build/icyphy/ptII/ptolemy/domains/continuous/test/auto/LevelCrossing4.xml
----------------- Instantiating /home/travis/build/icyphy/ptII/ptolemy/domains/continuous/test/auto/LevelCrossing4.xml
3 ms. Memory: 324608K Free: 149324K (46%)
----------------- Invoking toplevel() on ptolemy.moml.MoMLSimpleApplication@57f4b598
----------------- Done invoking toplevel() on ptolemy.moml.MoMLSimpleApplication@57f4b598
reloadAllAccessors: .LevelCrossing4

===========================================================================================
----------------- testing Fri Jan 03 05:40:27 UTC 2020 /home/travis/build/icyphy/ptII/ptolemy/domains/continuous/test/auto/LevelCrossing5.xml
----------------- Instantiating /home/travis/build/icyphy/ptII/ptolemy/domains/continuous/test/auto/LevelCrossing5.xml
3 ms. Memory: 324608K Free: 144210K (44%)
----------------- Invoking toplevel() on ptolemy.moml.MoMLSimpleApplication@21539cbd
----------------- Done invoking toplevel() on ptolemy.moml.MoMLSimpleApplication@21539cbd
reloadAllAccessors: .LevelCrossing5

===========================================================================================
[...]
reloadAllAccessors: .ResetTransitionWithStartTime6

===========================================================================================
----------------- testing Fri Jan 03 05:40:42 UTC 2020 /home/travis/build/icyphy/ptII/ptolemy/domains/continuous/test/auto/SRinContinuous.xml
----------------- Instantiating /home/travis/build/icyphy/ptII/ptolemy/domains/continuous/test/auto/SRinContinuous.xml
4 ms. Memory: 455680K Free: 251426K (55%)
----------------- Invoking toplevel() on ptolemy.moml.MoMLSimpleApplication@4d472e63
----------------- Done invoking toplevel() on ptolemy.moml.MoMLSimpleApplication@4d472e63
reloadAllAccessors: .SRinContinuous

===========================================================================================
----------------- testing Fri Jan 03 05:40:42 UTC 2020 /home/travis/build/icyphy/ptII/ptolemy/domains/continuous/test/auto/SampledClocks.xml
----------------- Instantiating /home/travis/build/icyphy/ptII/ptolemy/domains/continuous/test/auto/SampledClocks.xml
6 ms. Memory: 455680K Free: 238624K (52%)
----------------- Invoking toplevel() on ptolemy.moml.MoMLSimpleApplication@5fad8ea2
----------------- Done invoking toplevel() on ptolemy.moml.MoMLSimpleApplication@5fad8ea2
reloadAllAccessors: .SampledClocks

===========================================================================================
----------------- testing Fri Jan 03 05:40:42 UTC 2020 /home/travis/build/icyphy/ptII/ptolemy/domains/continuous/test/auto/Satellite.xml
----------------- Instantiating /home/travis/build/icyphy/ptII/ptolemy/domains/continuous/test/auto/Satellite.xml
656 ms. Memory: 455680K Free: 314932K (69%)
----------------- Invoking toplevel() on ptolemy.moml.MoMLSimpleApplication@236c4d31
----------------- Done invoking toplevel() on ptolemy.moml.MoMLSimpleApplication@236c4d31
reloadAllAccessors: .Satellite

===========================================================================================
----------------- testing Fri Jan 03 05:40:43 UTC 2020 /home/travis/build/icyphy/ptII/ptolemy/domains/continuous/test/auto/SigmaDelta.xml
----------------- Instantiating /home/travis/build/icyphy/ptII/ptolemy/domains/continuous/test/auto/SigmaDelta.xml
1901 ms. Memory: 455680K Free: 324843K (71%)
----------------- Invoking toplevel() on ptolemy.moml.MoMLSimpleApplication@231015d4
----------------- Done invoking toplevel() on ptolemy.moml.MoMLSimpleApplication@231015d4
reloadAllAccessors: .SigmaDelta

===========================================================================================
----------------- testing Fri Jan 03 05:40:45 UTC 2020 /home/travis/build/icyphy/ptII/ptolemy/domains/continuous/test/auto/SingleRefinement.xml
----------------- Instantiating /home/travis/build/icyphy/ptII/ptolemy/domains/continuous/test/auto/SingleRefinement.xml
316 ms. Memory: 455680K Free: 411950K (90%)
----------------- Invoking toplevel() on ptolemy.moml.MoMLSimpleApplication@2f8c3947
----------------- Done invoking toplevel() on ptolemy.moml.MoMLSimpleApplication@2f8c3947
reloadAllAccessors: .SingleRefinement

===========================================================================================
----------------- testing Fri Jan 03 05:40:45 UTC 2020 /home/travis/build/icyphy/ptII/ptolemy/domains/continuous/test/auto/SinuBouncingBall.xml
----------------- Instantiating /home/travis/build/icyphy/ptII/ptolemy/domains/continuous/test/auto/SinuBouncingBall.xml
762 ms. Memory: 455680K Free: 193324K (42%)
----------------- Invoking toplevel() on ptolemy.moml.MoMLSimpleApplication@332c149b
----------------- Done invoking toplevel() on ptolemy.moml.MoMLSimpleApplication@332c149b
reloadAllAccessors: .SinuBouncingBall

===========================================================================================
----------------- testing Fri Jan 03 05:40:46 UTC 2020 /home/travis/build/icyphy/ptII/ptolemy/domains/continuous/test/auto/Sinusoid.xml
----------------- Instantiating /home/travis/build/icyphy/ptII/ptolemy/domains/continuous/test/auto/Sinusoid.xml
4 ms. Memory: 455680K Free: 189214K (42%)
----------------- Invoking toplevel() on ptolemy.moml.MoMLSimpleApplication@5413f454
----------------- Done invoking toplevel() on ptolemy.moml.MoMLSimpleApplication@5413f454
reloadAllAccessors: .Sinusoid

===========================================================================================
----------------- testing Fri Jan 03 05:40:46 UTC 2020 /home/travis/build/icyphy/ptII/ptolemy/domains/continuous/test/auto/SinusoidInNoise.xml
----------------- Instantiating /home/travis/build/icyphy/ptII/ptolemy/domains/continuous/test/auto/SinusoidInNoise.xml
807 ms. Memory: 455680K Free: 326620K (72%)
----------------- Invoking toplevel() on ptolemy.moml.MoMLSimpleApplication@66da8921
----------------- Done invoking toplevel() on ptolemy.moml.MoMLSimpleApplication@66da8921
reloadAllAccessors: .SinusoidInNoise

===========================================================================================
----------------- testing Fri Jan 03 05:40:47 UTC 2020 /home/travis/build/icyphy/ptII/ptolemy/domains/continuous/test/auto/SinusoidRK45.xml
----------------- Instantiating /home/travis/build/icyphy/ptII/ptolemy/domains/continuous/test/auto/SinusoidRK45.xml
2 ms. Memory: 455680K Free: 322330K (71%)
----------------- Invoking toplevel() on ptolemy.moml.MoMLSimpleApplication@7848862d
----------------- Done invoking toplevel() on ptolemy.moml.MoMLSimpleApplication@7848862d
reloadAllAccessors: .SinusoidRK45

===========================================================================================
----------------- testing Fri Jan 03 05:40:47 UTC 2020 /home/travis/build/icyphy/ptII/ptolemy/domains/continuous/test/auto/SinusoidWithMultipleImpulses.xml
----------------- Instantiating /home/travis/build/icyphy/ptII/ptolemy/domains/continuous/test/auto/SinusoidWithMultipleImpulses.xml
2 ms. Memory: 455680K Free: 317738K (70%)
----------------- Invoking toplevel() on ptolemy.moml.MoMLSimpleApplication@62f08431
----------------- Done invoking toplevel() on ptolemy.moml.MoMLSimpleApplication@62f08431
reloadAllAccessors: .SinusoidWithMultipleImpulses

===========================================================================================
----------------- testing Fri Jan 03 05:40:47 UTC 2020 /home/travis/build/icyphy/ptII/ptolemy/domains/continuous/test/auto/SquareWave.xml
----------------- Instantiating /home/travis/build/icyphy/ptII/ptolemy/domains/continuous/test/auto/SquareWave.xml
135 ms. Memory: 455680K Free: 290090K (64%)
----------------- Invoking toplevel() on ptolemy.moml.MoMLSimpleApplication@20faa002
----------------- Done invoking toplevel() on ptolemy.moml.MoMLSimpleApplication@20faa002
reloadAllAccessors: .SquareWave

===========================================================================================
----------------- testing Fri Jan 03 05:40:47 UTC 2020 /home/travis/build/icyphy/ptII/ptolemy/domains/continuous/test/auto/Starmac.xml
----------------- Instantiating /home/travis/build/icyphy/ptII/ptolemy/domains/continuous/test/auto/Starmac.xml
3063 ms. Memory: 455680K Free: 245034K (54%)
----------------- Invoking toplevel() on ptolemy.moml.MoMLSimpleApplication@36988d80
----------------- Done invoking toplevel() on ptolemy.moml.MoMLSimpleApplication@36988d80
reloadAllAccessors: .Starmac

===========================================================================================
----------------- testing Fri Jan 03 05:40:50 UTC 2020 /home/travis/build/icyphy/ptII/ptolemy/domains/continuous/test/auto/StaticUnits.xml
----------------- Instantiating /home/travis/build/icyphy/ptII/ptolemy/domains/continuous/test/auto/StaticUnits.xml
1702 ms. Memory: 455680K Free: 325411K (71%)
----------------- Invoking toplevel() on ptolemy.moml.MoMLSimpleApplication@6a9f8672
----------------- Done invoking toplevel() on ptolemy.moml.MoMLSimpleApplication@6a9f8672
reloadAllAccessors: .StaticUnits

===========================================================================================
----------------- testing Fri Jan 03 05:40:52 UTC 2020 /home/travis/build/icyphy/ptII/ptolemy/domains/continuous/test/auto/StickyMasses.xml
----------------- Instantiating /home/travis/build/icyphy/ptII/ptolemy/domains/continuous/test/auto/StickyMasses.xml
143 ms. Memory: 455680K Free: 276259K (61%)
----------------- Invoking toplevel() on ptolemy.moml.MoMLSimpleApplication@4dba20e6
----------------- Done invoking toplevel() on ptolemy.moml.MoMLSimpleApplication@4dba20e6
reloadAllAccessors: .StickyMasses

===========================================================================================
----------------- testing Fri Jan 03 05:40:53 UTC 2020 /home/travis/build/icyphy/ptII/ptolemy/domains/continuous/test/auto/StopTime.xml
----------------- Instantiating /home/travis/build/icyphy/ptII/ptolemy/domains/continuous/test/auto/StopTime.xml
47 ms. Memory: 455680K Free: 251681K (55%)
----------------- Invoking toplevel() on ptolemy.moml.MoMLSimpleApplication@6f94b709
----------------- Done invoking toplevel() on ptolemy.moml.MoMLSimpleApplication@6f94b709
reloadAllAccessors: .StopTime

===========================================================================================
----------------- testing Fri Jan 03 05:40:53 UTC 2020 /home/travis/build/icyphy/ptII/ptolemy/domains/continuous/test/auto/StopTime2.xml
----------------- Instantiating /home/travis/build/icyphy/ptII/ptolemy/domains/continuous/test/auto/StopTime2.xml
69 ms. Memory: 455680K Free: 229155K (50%)
----------------- Invoking toplevel() on ptolemy.moml.MoMLSimpleApplication@70cbfc5a
----------------- Done invoking toplevel() on ptolemy.moml.MoMLSimpleApplication@70cbfc5a
reloadAllAccessors: .StopTime2

===========================================================================================
----------------- testing Fri Jan 03 05:40:53 UTC 2020 /home/travis/build/icyphy/ptII/ptolemy/domains/continuous/test/auto/Switch.xml
----------------- Instantiating /home/travis/build/icyphy/ptII/ptolemy/domains/continuous/test/auto/Switch.xml
82 ms. Memory: 455680K Free: 204035K (45%)
----------------- Invoking toplevel() on ptolemy.moml.MoMLSimpleApplication@2d24a7e4
----------------- Done invoking toplevel() on ptolemy.moml.MoMLSimpleApplication@2d24a7e4
reloadAllAccessors: .Switch

===========================================================================================
----------------- testing Fri Jan 03 05:40:53 UTC 2020 /home/travis/build/icyphy/ptII/ptolemy/domains/continuous/test/auto/Thermostat.xml
----------------- Instantiating /home/travis/build/icyphy/ptII/ptolemy/domains/continuous/test/auto/Thermostat.xml
230 ms. Memory: 455680K Free: 400163K (88%)
----------------- Invoking toplevel() on ptolemy.moml.MoMLSimpleApplication@53150a61
----------------- Done invoking toplevel() on ptolemy.moml.MoMLSimpleApplication@53150a61
reloadAllAccessors: .Thermostat

===========================================================================================
----------------- testing Fri Jan 03 05:40:53 UTC 2020 /home/travis/build/icyphy/ptII/ptolemy/domains/continuous/test/auto/TimeDelay.xml
----------------- Instantiating /home/travis/build/icyphy/ptII/ptolemy/domains/continuous/test/auto/TimeDelay.xml
5 ms. Memory: 455680K Free: 395043K (87%)
----------------- Invoking toplevel() on ptolemy.moml.MoMLSimpleApplication@127155fa
----------------- Done invoking toplevel() on ptolemy.moml.MoMLSimpleApplication@127155fa
reloadAllAccessors: .TimeDelay

===========================================================================================
----------------- testing Fri Jan 03 05:40:53 UTC 2020 /home/travis/build/icyphy/ptII/ptolemy/domains/continuous/test/auto/TimeDelay2.xml
----------------- Instantiating /home/travis/build/icyphy/ptII/ptolemy/domains/continuous/test/auto/TimeDelay2.xml
7 ms. Memory: 455680K Free: 385313K (85%)
----------------- Invoking toplevel() on ptolemy.moml.MoMLSimpleApplication@6c740634
----------------- Done invoking toplevel() on ptolemy.moml.MoMLSimpleApplication@6c740634
reloadAllAccessors: .TimeDelay2

===========================================================================================
----------------- testing Fri Jan 03 05:40:53 UTC 2020 /home/travis/build/icyphy/ptII/ptolemy/domains/continuous/test/auto/TimeDelay3.xml
----------------- Instantiating /home/travis/build/icyphy/ptII/ptolemy/domains/continuous/test/auto/TimeDelay3.xml
4 ms. Memory: 455680K Free: 381200K (84%)
----------------- Invoking toplevel() on ptolemy.moml.MoMLSimpleApplication@781682cf
----------------- Done invoking toplevel() on ptolemy.moml.MoMLSimpleApplication@781682cf
reloadAllAccessors: .TimeDelay3

===========================================================================================
----------------- testing Fri Jan 03 05:40:53 UTC 2020 /home/travis/build/icyphy/ptII/ptolemy/domains/continuous/test/auto/TransferAbsentToInside.xml
----------------- Instantiating /home/travis/build/icyphy/ptII/ptolemy/domains/continuous/test/auto/TransferAbsentToInside.xml
28 ms. Memory: 455680K Free: 328483K (72%)
----------------- Invoking toplevel() on ptolemy.moml.MoMLSimpleApplication@25cba074
----------------- Done invoking toplevel() on ptolemy.moml.MoMLSimpleApplication@25cba074
reloadAllAccessors: .TransferAbsentToInside

===========================================================================================
----------------- testing Fri Jan 03 05:40:53 UTC 2020 /home/travis/build/icyphy/ptII/ptolemy/domains/continuous/test/auto/Transmission.xml
----------------- Instantiating /home/travis/build/icyphy/ptII/ptolemy/domains/continuous/test/auto/Transmission.xml
771 ms. Memory: 455680K Free: 364300K (80%)
----------------- Invoking toplevel() on ptolemy.moml.MoMLSimpleApplication@6dbc7b0f
----------------- Done invoking toplevel() on ptolemy.moml.MoMLSimpleApplication@6dbc7b0f
reloadAllAccessors: .Transmission

===========================================================================================
----------------- testing Fri Jan 03 05:40:54 UTC 2020 /home/travis/build/icyphy/ptII/ptolemy/domains/continuous/test/auto/TriggeredContinuousClock.xml
----------------- Instantiating /home/travis/build/icyphy/ptII/ptolemy/domains/continuous/test/auto/TriggeredContinuousClock.xml
34 ms. Memory: 455680K Free: 334604K (73%)
----------------- Invoking toplevel() on ptolemy.moml.MoMLSimpleApplication@6dc58fbe
----------------- Done invoking toplevel() on ptolemy.moml.MoMLSimpleApplication@6dc58fbe
reloadAllAccessors: .TriggeredContinuousClock

===========================================================================================
----------------- testing Fri Jan 03 05:40:54 UTC 2020 /home/travis/build/icyphy/ptII/ptolemy/domains/continuous/test/auto/TwoMachineInfiniteBusControl.xml
----------------- Instantiating /home/travis/build/icyphy/ptII/ptolemy/domains/continuous/test/auto/TwoMachineInfiniteBusControl.xml
2284 ms. Memory: 455680K Free: 282892K (62%)
----------------- Invoking toplevel() on ptolemy.moml.MoMLSimpleApplication@5cd25ce2
----------------- Done invoking toplevel() on ptolemy.moml.MoMLSimpleApplication@5cd25ce2
reloadAllAccessors: .TwoMachineInfiniteBusControl

===========================================================================================
----------------- testing Fri Jan 03 05:40:57 UTC 2020 /home/travis/build/icyphy/ptII/ptolemy/domains/continuous/test/auto/V2V.xml
----------------- Instantiating /home/travis/build/icyphy/ptII/ptolemy/domains/continuous/test/auto/V2V.xml
822 ms. Memory: 455680K Free: 361662K (79%)
----------------- Invoking toplevel() on ptolemy.moml.MoMLSimpleApplication@4e4f0f0
----------------- Done invoking toplevel() on ptolemy.moml.MoMLSimpleApplication@4e4f0f0
reloadAllAccessors: .V2V

===========================================================================================
----------------- testing Fri Jan 03 05:40:58 UTC 2020 /home/travis/build/icyphy/ptII/ptolemy/domains/continuous/test/auto/hierarchicalModalModel.xml
----------------- Instantiating /home/travis/build/icyphy/ptII/ptolemy/domains/continuous/test/auto/hierarchicalModalModel.xml
7 ms. Memory: 455680K Free: 347311K (76%)
----------------- Invoking toplevel() on ptolemy.moml.MoMLSimpleApplication@1ee8a580
----------------- Done invoking toplevel() on ptolemy.moml.MoMLSimpleApplication@1ee8a580
reloadAllAccessors: .hierarchicalModalModel

===========================================================================================
----------------- testing Fri Jan 03 05:40:58 UTC 2020 /home/travis/build/icyphy/ptII/ptolemy/domains/continuous/test/auto/hierarchicalModalModel1.xml
----------------- Instantiating /home/travis/build/icyphy/ptII/ptolemy/domains/continuous/test/auto/hierarchicalModalModel1.xml
7 ms. Memory: 455680K Free: 332990K (73%)
----------------- Invoking toplevel() on ptolemy.moml.MoMLSimpleApplication@480a231a
----------------- Done invoking toplevel() on ptolemy.moml.MoMLSimpleApplication@480a231a
reloadAllAccessors: .hierarchicalModalModel1

===========================================================================================
----------------- testing Fri Jan 03 05:40:58 UTC 2020 /home/travis/build/icyphy/ptII/ptolemy/domains/continuous/test/auto/hierarchicalModalModel2.xml
----------------- Instantiating /home/travis/build/icyphy/ptII/ptolemy/domains/continuous/test/auto/hierarchicalModalModel2.xml
5 ms. Memory: 455680K Free: 320687K (70%)
----------------- Invoking toplevel() on ptolemy.moml.MoMLSimpleApplication@23488af4
----------------- Done invoking toplevel() on ptolemy.moml.MoMLSimpleApplication@23488af4
reloadAllAccessors: .hierarchicalModalModel2

===========================================================================================
----------------- testing Fri Jan 03 05:40:58 UTC 2020 /home/travis/build/icyphy/ptII/ptolemy/domains/continuous/test/auto/hierarchicalModalModel3.xml
----------------- Instantiating /home/travis/build/icyphy/ptII/ptolemy/domains/continuous/test/auto/hierarchicalModalModel3.xml
6 ms. Memory: 455680K Free: 309952K (68%)
----------------- Invoking toplevel() on ptolemy.moml.MoMLSimpleApplication@580e68b
----------------- Done invoking toplevel() on ptolemy.moml.MoMLSimpleApplication@580e68b
reloadAllAccessors: .hierarchicalModalModel3

===========================================================================================
----------------- testing Fri Jan 03 05:40:58 UTC 2020 /home/travis/build/icyphy/ptII/ptolemy/domains/continuous/test/auto/hierarchicalModalModel4.xml
----------------- Instantiating /home/travis/build/icyphy/ptII/ptolemy/domains/continuous/test/auto/hierarchicalModalModel4.xml
5 ms. Memory: 455680K Free: 298174K (65%)
----------------- Invoking toplevel() on ptolemy.moml.MoMLSimpleApplication@5c248d07
----------------- Done invoking toplevel() on ptolemy.moml.MoMLSimpleApplication@5c248d07
reloadAllAccessors: .hierarchicalModalModel4

===========================================================================================
----------------- testing Fri Jan 03 05:40:58 UTC 2020 /home/travis/build/icyphy/ptII/ptolemy/domains/continuous/test/auto/junk.xml
----------------- Instantiating /home/travis/build/icyphy/ptII/ptolemy/domains/continuous/test/auto/junk.xml
112 ms. Memory: 455680K Free: 273598K (60%)
----------------- Invoking toplevel() on ptolemy.moml.MoMLSimpleApplication@41828f44
----------------- Done invoking toplevel() on ptolemy.moml.MoMLSimpleApplication@41828f44
reloadAllAccessors: .junk
AutoTests.java: About to close Vertx.
AutoTests.java: Vertx closed.
]]></system-out>
  <system-err><![CDATA[Warning: '.IncreasingRatePoisson.NonStrictTest' The test produced only 389 tokens, yet the correctValues parameter was expecting 402 tokens.
Warning: '.Poisson.NonStrictTest' The test produced only 363 tokens, yet the correctValues parameter was expecting 430 tokens.
]]></system-err>
</testsuite>
