<?xml version="1.0" encoding="UTF-8" ?>
<testsuite errors="0" failures="0" hostname="travis-job-547c3634-dccc-4dd1-b49b-d60cd57e64b4" name="ptolemy.domains.de.test.junit.JUnitTclTest" skipped="0" tests="101" time="131.797" timestamp="2020-02-17T21:50:05">
  <properties>
[...]
</properties>
  <testcase classname="ptolemy.util.test.junit.TclTests" name="[0] /home/travis/build/icyphy/ptII/ptolemy/domains/de/test/DependencyLoop.tcl (RunTclFile)" time="0.871" />
  <testcase classname="ptolemy.util.test.junit.TclTests" name="[1] /home/travis/build/icyphy/ptII/ptolemy/domains/de/test/RunDETestsAsQSS.tcl (RunTclFile)" time="91.387" />
  <testcase classname="ptolemy.util.test.junit.AutoKnownFailedTests" name="[0] /home/travis/build/icyphy/ptII/ptolemy/domains/de/test/auto/knownFailedTests/DESDFClockTest.xml (RunModel)" time="2.073" />
  <testcase classname="ptolemy.util.test.junit.AutoKnownFailedTests" name="[1] /home/travis/build/icyphy/ptII/ptolemy/domains/de/test/auto/knownFailedTests/DirectFeedback.xml (RunModel)" time="0.02" />
  <testcase classname="ptolemy.util.test.junit.AutoKnownFailedTests" name="[2] /home/travis/build/icyphy/ptII/ptolemy/domains/de/test/auto/knownFailedTests/FSMSource.xml (RunModel)" time="0.033" />
  <testcase classname="ptolemy.util.test.junit.AutoKnownFailedTests" name="[3] /home/travis/build/icyphy/ptII/ptolemy/domains/de/test/auto/knownFailedTests/HierarchicalModel.xml (RunModel)" time="0.051" />
  <testcase classname="ptolemy.util.test.junit.AutoKnownFailedTests" name="[4] /home/travis/build/icyphy/ptII/ptolemy/domains/de/test/auto/knownFailedTests/dependencyLoop.xml (RunModel)" time="0.046" />
  <testcase classname="ptolemy.util.test.junit.AutoKnownFailedTests" name="[5] /home/travis/build/icyphy/ptII/ptolemy/domains/de/test/auto/knownFailedTests/dependencyLoop2.xml (RunModel)" time="0.05" />
  <testcase classname="ptolemy.util.test.junit.AutoNameArchTests" name="[0] ThereAreNoAutoArchTests (RunModel)" time="0.001" />
  <testcase classname="ptolemy.util.test.junit.AutoTests" name="[0] /home/travis/build/icyphy/ptII/ptolemy/domains/de/test/auto/ActorDepthCalculation_actorWithoutPorts.xml (RunModel)" time="0.023" />
  <testcase classname="ptolemy.util.test.junit.AutoTests" name="[1] /home/travis/build/icyphy/ptII/ptolemy/domains/de/test/auto/AssemblyLine.xml (RunModel)" time="0.022" />
  <testcase classname="ptolemy.util.test.junit.AutoTests" name="[2] /home/travis/build/icyphy/ptII/ptolemy/domains/de/test/auto/CQBug1.xml (RunModel)" time="0.017" />
  <testcase classname="ptolemy.util.test.junit.AutoTests" name="[3] /home/travis/build/icyphy/ptII/ptolemy/domains/de/test/auto/CancelFireAt.xml (RunModel)" time="0.019" />
  <testcase classname="ptolemy.util.test.junit.AutoTests" name="[4] /home/travis/build/icyphy/ptII/ptolemy/domains/de/test/auto/CausalityAndComposabilityAnalysis.xml (RunModel)" time="0.017" />
  <testcase classname="ptolemy.util.test.junit.AutoTests" name="[5] /home/travis/build/icyphy/ptII/ptolemy/domains/de/test/auto/CausalityInterface1.xml (RunModel)" time="0.017" />
  <testcase classname="ptolemy.util.test.junit.AutoTests" name="[6] /home/travis/build/icyphy/ptII/ptolemy/domains/de/test/auto/CausalityInterface15.xml (RunModel)" time="0.019" />
  <testcase classname="ptolemy.util.test.junit.AutoTests" name="[7] /home/travis/build/icyphy/ptII/ptolemy/domains/de/test/auto/CausalityInterface2.xml (RunModel)" time="0.015" />
  <testcase classname="ptolemy.util.test.junit.AutoTests" name="[8] /home/travis/build/icyphy/ptII/ptolemy/domains/de/test/auto/CausalityInterface3.xml (RunModel)" time="0.014" />
  <testcase classname="ptolemy.util.test.junit.AutoTests" name="[9] /home/travis/build/icyphy/ptII/ptolemy/domains/de/test/auto/ClockDrift.xml (RunModel)" time="0.046" />
  <testcase classname="ptolemy.util.test.junit.AutoTests" name="[10] /home/travis/build/icyphy/ptII/ptolemy/domains/de/test/auto/ClockDriftAndValueChange.xml (RunModel)" time="0.037" />
  <testcase classname="ptolemy.util.test.junit.AutoTests" name="[11] /home/travis/build/icyphy/ptII/ptolemy/domains/de/test/auto/ClockDriftChange.xml (RunModel)" time="0.033" />
  <testcase classname="ptolemy.util.test.junit.AutoTests" name="[12] /home/travis/build/icyphy/ptII/ptolemy/domains/de/test/auto/ComposableCausalityAnalysis.xml (RunModel)" time="0.016" />
  <testcase classname="ptolemy.util.test.junit.AutoTests" name="[13] /home/travis/build/icyphy/ptII/ptolemy/domains/de/test/auto/DEFixedPointLimitation.xml (RunModel)" time="0.012" />
  <testcase classname="ptolemy.util.test.junit.AutoTests" name="[14] /home/travis/build/icyphy/ptII/ptolemy/domains/de/test/auto/DEScheduleTest.xml (RunModel)" time="0.014" />
  <testcase classname="ptolemy.util.test.junit.AutoTests" name="[15] /home/travis/build/icyphy/ptII/ptolemy/domains/de/test/auto/DEinDEwithStartTimes.xml (RunModel)" time="0.016" />
  <testcase classname="ptolemy.util.test.junit.AutoTests" name="[16] /home/travis/build/icyphy/ptII/ptolemy/domains/de/test/auto/DEinDEwithStartTimes2.xml (RunModel)" time="0.017" />
  <testcase classname="ptolemy.util.test.junit.AutoTests" name="[17] /home/travis/build/icyphy/ptII/ptolemy/domains/de/test/auto/DateDemo.xml (RunModel)" time="0.031" />
  <testcase classname="ptolemy.util.test.junit.AutoTests" name="[18] /home/travis/build/icyphy/ptII/ptolemy/domains/de/test/auto/DateToEvent.xml (RunModel)" time="2.046" />
  <testcase classname="ptolemy.util.test.junit.AutoTests" name="[19] /home/travis/build/icyphy/ptII/ptolemy/domains/de/test/auto/DepthTest1.xml (RunModel)" time="0.01" />
  <testcase classname="ptolemy.util.test.junit.AutoTests" name="[20] /home/travis/build/icyphy/ptII/ptolemy/domains/de/test/auto/DepthTest2.xml (RunModel)" time="0.023" />
  <testcase classname="ptolemy.util.test.junit.AutoTests" name="[21] /home/travis/build/icyphy/ptII/ptolemy/domains/de/test/auto/DepthTest3.xml (RunModel)" time="0.009" />
  <testcase classname="ptolemy.util.test.junit.AutoTests" name="[22] /home/travis/build/icyphy/ptII/ptolemy/domains/de/test/auto/DepthTest4.xml (RunModel)" time="0.028" />
  <testcase classname="ptolemy.util.test.junit.AutoTests" name="[23] /home/travis/build/icyphy/ptII/ptolemy/domains/de/test/auto/DepthTest5.xml (RunModel)" time="0.015" />
  <testcase classname="ptolemy.util.test.junit.AutoTests" name="[24] /home/travis/build/icyphy/ptII/ptolemy/domains/de/test/auto/DepthTest6.xml (RunModel)" time="0.017" />
  <testcase classname="ptolemy.util.test.junit.AutoTests" name="[25] /home/travis/build/icyphy/ptII/ptolemy/domains/de/test/auto/DepthTest7.xml (RunModel)" time="0.011" />
  <testcase classname="ptolemy.util.test.junit.AutoTests" name="[26] /home/travis/build/icyphy/ptII/ptolemy/domains/de/test/auto/EventToDate.xml (RunModel)" time="3.04" />
  <testcase classname="ptolemy.util.test.junit.AutoTests" name="[27] /home/travis/build/icyphy/ptII/ptolemy/domains/de/test/auto/FSM1.xml (RunModel)" time="0.04" />
  <testcase classname="ptolemy.util.test.junit.AutoTests" name="[28] /home/travis/build/icyphy/ptII/ptolemy/domains/de/test/auto/FSM7.xml (RunModel)" time="0.044" />
  <testcase classname="ptolemy.util.test.junit.AutoTests" name="[29] /home/travis/build/icyphy/ptII/ptolemy/domains/de/test/auto/Inspection.xml (RunModel)" time="0.043" />
  <testcase classname="ptolemy.util.test.junit.AutoTests" name="[30] /home/travis/build/icyphy/ptII/ptolemy/domains/de/test/auto/Iteration.xml (RunModel)" time="0.028" />
  <testcase classname="ptolemy.util.test.junit.AutoTests" name="[31] /home/travis/build/icyphy/ptII/ptolemy/domains/de/test/auto/LineFault.xml (RunModel)" time="0.567" />
  <testcase classname="ptolemy.util.test.junit.AutoTests" name="[32] /home/travis/build/icyphy/ptII/ptolemy/domains/de/test/auto/MergeModel1Add.xml (RunModel)" time="0.053" />
  <testcase classname="ptolemy.util.test.junit.AutoTests" name="[33] /home/travis/build/icyphy/ptII/ptolemy/domains/de/test/auto/MergeModel2Add.xml (RunModel)" time="0.043" />
  <testcase classname="ptolemy.util.test.junit.AutoTests" name="[34] /home/travis/build/icyphy/ptII/ptolemy/domains/de/test/auto/MergeModel3Add.xml (RunModel)" time="0.05" />
  <testcase classname="ptolemy.util.test.junit.AutoTests" name="[35] /home/travis/build/icyphy/ptII/ptolemy/domains/de/test/auto/MergeWithoutDiscard.xml (RunModel)" time="0.011" />
  <testcase classname="ptolemy.util.test.junit.AutoTests" name="[36] /home/travis/build/icyphy/ptII/ptolemy/domains/de/test/auto/Modal1.xml (RunModel)" time="0.033" />
  <testcase classname="ptolemy.util.test.junit.AutoTests" name="[37] /home/travis/build/icyphy/ptII/ptolemy/domains/de/test/auto/Modal2.xml (RunModel)" time="0.028" />
  <testcase classname="ptolemy.util.test.junit.AutoTests" name="[38] /home/travis/build/icyphy/ptII/ptolemy/domains/de/test/auto/Modal3.xml (RunModel)" time="0.032" />
  <testcase classname="ptolemy.util.test.junit.AutoTests" name="[39] /home/travis/build/icyphy/ptII/ptolemy/domains/de/test/auto/Modal4.xml (RunModel)" time="0.03" />
  <testcase classname="ptolemy.util.test.junit.AutoTests" name="[40] /home/travis/build/icyphy/ptII/ptolemy/domains/de/test/auto/Modal5.xml (RunModel)" time="0.03" />
  <testcase classname="ptolemy.util.test.junit.AutoTests" name="[41] /home/travis/build/icyphy/ptII/ptolemy/domains/de/test/auto/Modal6.xml (RunModel)" time="0.03" />
  <testcase classname="ptolemy.util.test.junit.AutoTests" name="[42] /home/travis/build/icyphy/ptII/ptolemy/domains/de/test/auto/Modal7.xml (RunModel)" time="0.033" />
  <testcase classname="ptolemy.util.test.junit.AutoTests" name="[43] /home/travis/build/icyphy/ptII/ptolemy/domains/de/test/auto/ModalModel.xml (RunModel)" time="0.169" />
  <testcase classname="ptolemy.util.test.junit.AutoTests" name="[44] /home/travis/build/icyphy/ptII/ptolemy/domains/de/test/auto/ModalSource.xml (RunModel)" time="0.017" />
  <testcase classname="ptolemy.util.test.junit.AutoTests" name="[45] /home/travis/build/icyphy/ptII/ptolemy/domains/de/test/auto/NonInterruptibleTimerZeroDelay.xml (RunModel)" time="0.008" />
  <testcase classname="ptolemy.util.test.junit.AutoTests" name="[46] /home/travis/build/icyphy/ptII/ptolemy/domains/de/test/auto/OpenQueueingNetwork.xml (RunModel)" time="2.627" />
  <testcase classname="ptolemy.util.test.junit.AutoTests" name="[47] /home/travis/build/icyphy/ptII/ptolemy/domains/de/test/auto/OpenQueuingNetwork.xml (RunModel)" time="0.268" />
  <testcase classname="ptolemy.util.test.junit.AutoTests" name="[48] /home/travis/build/icyphy/ptII/ptolemy/domains/de/test/auto/PeriodicSampler.xml (RunModel)" time="0.01" />
  <testcase classname="ptolemy.util.test.junit.AutoTests" name="[49] /home/travis/build/icyphy/ptII/ptolemy/domains/de/test/auto/PersistentIO.xml (RunModel)" time="0.023" />
  <testcase classname="ptolemy.util.test.junit.AutoTests" name="[50] /home/travis/build/icyphy/ptII/ptolemy/domains/de/test/auto/PortParameterResetOnInitialize.xml (RunModel)" time="0.011" />
  <testcase classname="ptolemy.util.test.junit.AutoTests" name="[51] /home/travis/build/icyphy/ptII/ptolemy/domains/de/test/auto/PortParameterUpdates.xml (RunModel)" time="0.017" />
  <testcase classname="ptolemy.util.test.junit.AutoTests" name="[52] /home/travis/build/icyphy/ptII/ptolemy/domains/de/test/auto/QueueAndServer.xml (RunModel)" time="0.02" />
  <testcase classname="ptolemy.util.test.junit.AutoTests" name="[53] /home/travis/build/icyphy/ptII/ptolemy/domains/de/test/auto/Records.xml (RunModel)" time="0.014" />
  <testcase classname="ptolemy.util.test.junit.AutoTests" name="[54] /home/travis/build/icyphy/ptII/ptolemy/domains/de/test/auto/ResetTransitionWithStartTime1.xml (RunModel)" time="0.015" />
  <testcase classname="ptolemy.util.test.junit.AutoTests" name="[55] /home/travis/build/icyphy/ptII/ptolemy/domains/de/test/auto/ResetTransitionWithStartTime2.xml (RunModel)" time="0.016" />
  <testcase classname="ptolemy.util.test.junit.AutoTests" name="[56] /home/travis/build/icyphy/ptII/ptolemy/domains/de/test/auto/ResetTransitionWithStartTime3.xml (RunModel)" time="0.018" />
  <testcase classname="ptolemy.util.test.junit.AutoTests" name="[57] /home/travis/build/icyphy/ptII/ptolemy/domains/de/test/auto/ResetTransitionWithStartTime4.xml (RunModel)" time="0.016" />
  <testcase classname="ptolemy.util.test.junit.AutoTests" name="[58] /home/travis/build/icyphy/ptII/ptolemy/domains/de/test/auto/ResettableTimer1.xml (RunModel)" time="0.011" />
  <testcase classname="ptolemy.util.test.junit.AutoTests" name="[59] /home/travis/build/icyphy/ptII/ptolemy/domains/de/test/auto/ResettableTimer2.xml (RunModel)" time="0.009" />
  <testcase classname="ptolemy.util.test.junit.AutoTests" name="[60] /home/travis/build/icyphy/ptII/ptolemy/domains/de/test/auto/ResettableTimer3.xml (RunModel)" time="0.007" />
  <testcase classname="ptolemy.util.test.junit.AutoTests" name="[61] /home/travis/build/icyphy/ptII/ptolemy/domains/de/test/auto/ResettableTimer4.xml (RunModel)" time="0.007" />
  <testcase classname="ptolemy.util.test.junit.AutoTests" name="[62] /home/travis/build/icyphy/ptII/ptolemy/domains/de/test/auto/ResettableTimer5.xml (RunModel)" time="0.008" />
  <testcase classname="ptolemy.util.test.junit.AutoTests" name="[63] /home/travis/build/icyphy/ptII/ptolemy/domains/de/test/auto/ResettableTimer6.xml (RunModel)" time="0.008" />
  <testcase classname="ptolemy.util.test.junit.AutoTests" name="[64] /home/travis/build/icyphy/ptII/ptolemy/domains/de/test/auto/ServerZeroDelay.xml (RunModel)" time="0.011" />
  <testcase classname="ptolemy.util.test.junit.AutoTests" name="[65] /home/travis/build/icyphy/ptII/ptolemy/domains/de/test/auto/SmartSender.xml (RunModel)" time="3.009" />
  <testcase classname="ptolemy.util.test.junit.AutoTests" name="[66] /home/travis/build/icyphy/ptII/ptolemy/domains/de/test/auto/ThreadedComposite.xml (RunModel)" time="0.111" />
  <testcase classname="ptolemy.util.test.junit.AutoTests" name="[67] /home/travis/build/icyphy/ptII/ptolemy/domains/de/test/auto/Time.xml (RunModel)" time="0.42" />
  <testcase classname="ptolemy.util.test.junit.AutoTests" name="[68] /home/travis/build/icyphy/ptII/ptolemy/domains/de/test/auto/TimeDelayZeroDelay.xml (RunModel)" time="0.012" />
  <testcase classname="ptolemy.util.test.junit.AutoTests" name="[69] /home/travis/build/icyphy/ptII/ptolemy/domains/de/test/auto/TimerZeroDelay.xml (RunModel)" time="0.01" />
  <testcase classname="ptolemy.util.test.junit.AutoTests" name="[70] /home/travis/build/icyphy/ptII/ptolemy/domains/de/test/auto/TimingParadox.xml (RunModel)" time="0.342" />
  <testcase classname="ptolemy.util.test.junit.AutoTests" name="[71] /home/travis/build/icyphy/ptII/ptolemy/domains/de/test/auto/TransferInputs.xml (RunModel)" time="0.018" />
  <testcase classname="ptolemy.util.test.junit.AutoTests" name="[72] /home/travis/build/icyphy/ptII/ptolemy/domains/de/test/auto/TransferOutputs2.xml (RunModel)" time="0.016" />
  <testcase classname="ptolemy.util.test.junit.AutoTests" name="[73] /home/travis/build/icyphy/ptII/ptolemy/domains/de/test/auto/Trilateration.xml (RunModel)" time="10.997" />
  <testcase classname="ptolemy.util.test.junit.AutoTests" name="[74] /home/travis/build/icyphy/ptII/ptolemy/domains/de/test/auto/TwoSigmaDelta.xml (RunModel)" time="1.764" />
  <testcase classname="ptolemy.util.test.junit.AutoTests" name="[75] /home/travis/build/icyphy/ptII/ptolemy/domains/de/test/auto/VariableDelay.xml (RunModel)" time="0.013" />
  <testcase classname="ptolemy.util.test.junit.AutoTests" name="[76] /home/travis/build/icyphy/ptII/ptolemy/domains/de/test/auto/VariableDelay2.xml (RunModel)" time="0.009" />
  <testcase classname="ptolemy.util.test.junit.AutoTests" name="[77] /home/travis/build/icyphy/ptII/ptolemy/domains/de/test/auto/VariableDelayZeroDelay.xml (RunModel)" time="0.016" />
  <testcase classname="ptolemy.util.test.junit.AutoTests" name="[78] /home/travis/build/icyphy/ptII/ptolemy/domains/de/test/auto/VariableDelayZeroDelay2.xml (RunModel)" time="0.018" />
  <testcase classname="ptolemy.util.test.junit.AutoTests" name="[79] /home/travis/build/icyphy/ptII/ptolemy/domains/de/test/auto/deInCt.xml (RunModel)" time="0.015" />
  <testcase classname="ptolemy.util.test.junit.AutoTests" name="[80] /home/travis/build/icyphy/ptII/ptolemy/domains/de/test/auto/deInCt2.xml (RunModel)" time="0.01" />
  <testcase classname="ptolemy.util.test.junit.AutoTests" name="[81] /home/travis/build/icyphy/ptII/ptolemy/domains/de/test/auto/dynamicCausalityInterface1.xml (RunModel)" time="0.016" />
  <testcase classname="ptolemy.util.test.junit.AutoTests" name="[82] /home/travis/build/icyphy/ptII/ptolemy/domains/de/test/auto/fsm_de_test.xml (RunModel)" time="0.027" />
  <testcase classname="ptolemy.util.test.junit.AutoTests" name="[83] /home/travis/build/icyphy/ptII/ptolemy/domains/de/test/auto/functionDependencyReconstruction.xml (RunModel)" time="0.034" />
  <testcase classname="ptolemy.util.test.junit.AutoTests" name="[84] /home/travis/build/icyphy/ptII/ptolemy/domains/de/test/auto/multirate.xml (RunModel)" time="0.014" />
  <testcase classname="ptolemy.util.test.junit.AutoTests" name="[85] /home/travis/build/icyphy/ptII/ptolemy/domains/de/test/auto/multirate2.xml (RunModel)" time="0.019" />
  <testcase classname="ptolemy.util.test.junit.AutoTests" name="[86] /home/travis/build/icyphy/ptII/ptolemy/domains/de/test/auto/realtime.xml (RunModel)" time="10.01" />
  <testcase classname="ptolemy.util.test.junit.AutoTests" name="[87] /home/travis/build/icyphy/ptII/ptolemy/domains/de/test/auto/relationGroup.xml (RunModel)" time="0.012" />
  <testcase classname="ptolemy.util.test.junit.AutoTests" name="[88] /home/travis/build/icyphy/ptII/ptolemy/domains/de/test/auto/relationGroup2.xml (RunModel)" time="0.007" />
  <testcase classname="ptolemy.util.test.junit.AutoTests" name="[89] /home/travis/build/icyphy/ptII/ptolemy/domains/de/test/auto/sortWithOpaquePorts.xml (RunModel)" time="0.008" />
  <testcase classname="ptolemy.util.test.junit.AutoTests" name="[90] /home/travis/build/icyphy/ptII/ptolemy/domains/de/test/auto/transferInputsandOutputs.xml (RunModel)" time="0.015" />
  <testcase classname="ptolemy.util.test.junit.AutoTests" name="[91] /home/travis/build/icyphy/ptII/ptolemy/domains/de/test/auto/triggerType.xml (RunModel)" time="0.009" />
  <system-out><![CDATA[/home/travis/build/icyphy/ptII/ptolemy/domains/de/test/DependencyLoop.tcl
testDefs.tcl: setting time out to 9000 seconds at Mon Feb 17 21:50:06 UTC 2020
69 ms. Memory: 129024K Free: 78278K (61%)
13 ms. Memory: 129024K Free: 60855K (47%)
/home/travis/build/icyphy/ptII/ptolemy/domains/de/test/RunDETestsAsQSS.tcl
Run the DE tests using ptolemy.domains.qss.test.QSSDirectorTest, which extends QSSDirector and prints a message in the constructors.
------------------ testing $PTII/ptolemy/domains/de/test/auto/knownFailedTests/DirectFeedback.xml (Known Failure) 
52 ms. Memory: 129024K Free: 55240K (43%)


==== $PTIIhome/travis/build/icyphy/ptII/ptolemy/domains/de/test/../../../../: Auto Automatic test in file $PTII/ptolemy/domains/de/test/auto/knownFailedTests/DirectFeedback.xml
==== Contents of test case:

	    # FIXME: we should use $relativeFilename here, but it
	    # might have backslashes under Windows, which causes no end
	    # of trouble.
	    createAndExecute $file
	    list {}
	
.... Test generated KNOWN error:
    while executing
ptolemy.kernel.util.IllegalActionException: Test fails in iteration 1.
Value was: 1.0. Should have been: 2.0
  in .DirectFeedback.Test
	at ptolemy.actor.lib.Test.fire(Test.java:268)
	at ptolemy.domains.de.kernel.DEDirector._fire(DEDirector.java:1949)
	at ptolemy.domains.de.kernel.DEDirector.fire(DEDirector.java:502)
	at ptolemy.actor.CompositeActor.fire(CompositeActor.java:455)
	at ptolemy.actor.Manager.iterate(Manager.java:851)
	at ptolemy.actor.Manager.execute(Manager.java:369)
	at ptolemy.actor.Manager.run(Manager.java:1263)
	at ptolemy.actor.Manager$PtolemyRunThread.run(Manager.java:1933)

    while executing
ptolemy.kernel.util.IllegalActionException: Test fails in iteration 1.
Value was: 1.0. Should have been: 2.0
  in .DirectFeedback.Test
    while executing
"java::new ptolemy.moml.MoMLSimpleApplication $file
"
    (procedure "createAndExecute" line 2)
    invoked from within
"createAndExecute $file"
    ("uplevel" body line 5)
    invoked from within
"uplevel $contents_of_test"
------------------ testing $PTII/ptolemy/domains/de/test/auto/knownFailedTests/dependencyLoop.xml (Known Failure) 
21 ms. Memory: 129024K Free: 52168K (40%)


==== $PTIIhome/travis/build/icyphy/ptII/ptolemy/domains/de/test/../../../../: Auto Automatic test in file $PTII/ptolemy/domains/de/test/auto/knownFailedTests/dependencyLoop.xml
==== Contents of test case:

	    # FIXME: we should use $relativeFilename here, but it
	    # might have backslashes under Windows, which causes no end
	    # of trouble.
	    createAndExecute $file
	    list {}
	
.... Test generated KNOWN error:
    while executing
ptolemy.kernel.util.IllegalActionException: Found a zero delay loop containing .dependencyLoop.original
  in .dependencyLoop and .dependencyLoop.original
	at ptolemy.actor.util.CausalityInterfaceForComposites._computeOutputPortDepth(CausalityInterfaceForComposites.java:759)
	at ptolemy.actor.util.CausalityInterfaceForComposites._computeInputDepth(CausalityInterfaceForComposites.java:696)
	at ptolemy.actor.util.CausalityInterfaceForComposites._computeOutputPortDepth(CausalityInterfaceForComposites.java:765)
	at ptolemy.actor.util.CausalityInterfaceForComposites._computeInputDepth(CausalityInterfaceForComposites.java:696)
	at ptolemy.actor.util.CausalityInterfaceForComposites._computeOutputPortDepth(CausalityInterfaceForComposites.java:765)
	at ptolemy.actor.util.CausalityInterfaceForComposites._computeInputDepth(CausalityInterfaceForComposites.java:696)
	at ptolemy.actor.util.CausalityInterfaceForComposites._computeActorDepth(CausalityInterfaceForComposites.java:532)
	at ptolemy.actor.util.CausalityInterfaceForComposites.checkForCycles(CausalityInterfaceForComposites.java:96)
	at ptolemy.domains.de.kernel.DEDirector.preinitialize(DEDirector.java:1338)
	at ptolemy.actor.CompositeActor.preinitialize(CompositeActor.java:1828)
	at ptolemy.actor.Manager.preinitializeAndResolveTypes(Manager.java:1040)
	at ptolemy.actor.Manager.initialize(Manager.java:710)
	at ptolemy.actor.Manager.execute(Manager.java:356)
	at ptolemy.actor.Manager.run(Manager.java:1263)
	at ptolemy.actor.Manager$PtolemyRunThread.run(Manager.java:1933)

    while executing
ptolemy.kernel.util.IllegalActionException: Found a zero delay loop containing .dependencyLoop.original
  in .dependencyLoop and .dependencyLoop.original
    while executing
"java::new ptolemy.moml.MoMLSimpleApplication $file
"
    (procedure "createAndExecute" line 2)
    invoked from within
"createAndExecute $file"
    ("uplevel" body line 5)
    invoked from within
"uplevel $contents_of_test"
------------------ testing $PTII/ptolemy/domains/de/test/auto/knownFailedTests/FSMSource.xml (Known Failure) 
71 ms. Memory: 129024K Free: 110457K (86%)
!!!! Auto was marked as failing, but now passes
------------------ testing $PTII/ptolemy/domains/de/test/auto/knownFailedTests/HierarchicalModel.xml (Known Failure) 
8 ms. Memory: 129024K Free: 93043K (72%)


==== $PTIIhome/travis/build/icyphy/ptII/ptolemy/domains/de/test/../../../../: Auto Automatic test in file $PTII/ptolemy/domains/de/test/auto/knownFailedTests/HierarchicalModel.xml
==== Contents of test case:

	    # FIXME: we should use $relativeFilename here, but it
	    # might have backslashes under Windows, which causes no end
	    # of trouble.
	    createAndExecute $file
	    list {}
	
.... Test generated KNOWN error:
    while executing
ptolemy.kernel.util.IllegalActionException: Found a zero delay loop containing .HierarchicalModel.A
  in .HierarchicalModel and .HierarchicalModel.A
	at ptolemy.actor.util.CausalityInterfaceForComposites._computeOutputPortDepth(CausalityInterfaceForComposites.java:759)
	at ptolemy.actor.util.CausalityInterfaceForComposites._computeInputDepth(CausalityInterfaceForComposites.java:696)
	at ptolemy.actor.util.CausalityInterfaceForComposites._computeOutputPortDepth(CausalityInterfaceForComposites.java:765)
	at ptolemy.actor.util.CausalityInterfaceForComposites._computeInputDepth(CausalityInterfaceForComposites.java:696)
	at ptolemy.actor.util.CausalityInterfaceForComposites._computeOutputPortDepth(CausalityInterfaceForComposites.java:765)
	at ptolemy.actor.util.CausalityInterfaceForComposites._computeInputDepth(CausalityInterfaceForComposites.java:696)
	at ptolemy.actor.util.CausalityInterfaceForComposites._computeActorDepth(CausalityInterfaceForComposites.java:532)
	at ptolemy.actor.util.CausalityInterfaceForComposites.checkForCycles(CausalityInterfaceForComposites.java:96)
	at ptolemy.domains.de.kernel.DEDirector.preinitialize(DEDirector.java:1338)
	at ptolemy.actor.CompositeActor.preinitialize(CompositeActor.java:1828)
	at ptolemy.actor.Manager.preinitializeAndResolveTypes(Manager.java:1040)
	at ptolemy.actor.Manager.initialize(Manager.java:710)
	at ptolemy.actor.Manager.execute(Manager.java:356)
	at ptolemy.actor.Manager.run(Manager.java:1263)
	at ptolemy.actor.Manager$PtolemyRunThread.run(Manager.java:1933)

    while executing
ptolemy.kernel.util.IllegalActionException: Found a zero delay loop containing .HierarchicalModel.A
  in .HierarchicalModel and .HierarchicalModel.A
    while executing
"java::new ptolemy.moml.MoMLSimpleApplication $file
"
    (procedure "createAndExecute" line 2)
    invoked from within
"createAndExecute $file"
    ("uplevel" body line 5)
    invoked from within
"uplevel $contents_of_test"
------------------ testing $PTII/ptolemy/domains/de/test/auto/knownFailedTests/dependencyLoop2.xml (Known Failure) 
8 ms. Memory: 129024K Free: 76936K (60%)


==== $PTIIhome/travis/build/icyphy/ptII/ptolemy/domains/de/test/../../../../: Auto Automatic test in file $PTII/ptolemy/domains/de/test/auto/knownFailedTests/dependencyLoop2.xml
==== Contents of test case:

	    # FIXME: we should use $relativeFilename here, but it
	    # might have backslashes under Windows, which causes no end
	    # of trouble.
	    createAndExecute $file
	    list {}
	
.... Test generated KNOWN error:
    while executing
ptolemy.kernel.util.IllegalActionException: Found a zero delay loop containing .dependencyLoop2.original
  in .dependencyLoop2 and .dependencyLoop2.original
	at ptolemy.actor.util.CausalityInterfaceForComposites._computeOutputPortDepth(CausalityInterfaceForComposites.java:759)
	at ptolemy.actor.util.CausalityInterfaceForComposites._computeInputDepth(CausalityInterfaceForComposites.java:696)
	at ptolemy.actor.util.CausalityInterfaceForComposites._computeOutputPortDepth(CausalityInterfaceForComposites.java:765)
	at ptolemy.actor.util.CausalityInterfaceForComposites._computeInputDepth(CausalityInterfaceForComposites.java:696)
	at ptolemy.actor.util.CausalityInterfaceForComposites._computeOutputPortDepth(CausalityInterfaceForComposites.java:765)
	at ptolemy.actor.util.CausalityInterfaceForComposites._computeInputDepth(CausalityInterfaceForComposites.java:696)
	at ptolemy.actor.util.CausalityInterfaceForComposites._computeActorDepth(CausalityInterfaceForComposites.java:532)
	at ptolemy.actor.util.CausalityInterfaceForComposites.checkForCycles(CausalityInterfaceForComposites.java:96)
	at ptolemy.domains.de.kernel.DEDirector.preinitialize(DEDirector.java:1338)
	at ptolemy.actor.CompositeActor.preinitialize(CompositeActor.java:1828)
	at ptolemy.actor.Manager.preinitializeAndResolveTypes(Manager.java:1040)
	at ptolemy.actor.Manager.initialize(Manager.java:710)
	at ptolemy.actor.Manager.execute(Manager.java:356)
	at ptolemy.actor.Manager.run(Manager.java:1263)
	at ptolemy.actor.Manager$PtolemyRunThread.run(Manager.java:1933)

    while executing
ptolemy.kernel.util.IllegalActionException: Found a zero delay loop containing .dependencyLoop2.original
  in .dependencyLoop2 and .dependencyLoop2.original
    while executing
"java::new ptolemy.moml.MoMLSimpleApplication $file
"
    (procedure "createAndExecute" line 2)
    invoked from within
"createAndExecute $file"
    ("uplevel" body line 5)
    invoked from within
"uplevel $contents_of_test"
------------------ testing $PTII/ptolemy/domains/de/test/auto/knownFailedTests/DESDFClockTest.xml (Known Failure) 
2076 ms. Memory: 129024K Free: 107195K (83%)


==== $PTIIhome/travis/build/icyphy/ptII/ptolemy/domains/de/test/../../../../: Auto Automatic test in file $PTII/ptolemy/domains/de/test/auto/knownFailedTests/DESDFClockTest.xml
==== Contents of test case:

	    # FIXME: we should use $relativeFilename here, but it
	    # might have backslashes under Windows, which causes no end
	    # of trouble.
	    createAndExecute $file
	    list {}
	
.... Test generated KNOWN error:
    while executing
ptolemy.kernel.util.IllegalActionException: Actor is not ready to fire.  Perhaps UpSample.prefire() returned false? Try debugging the actor by selecting "Listen to Actor".  Also, for SDF check moml for tokenConsumptionRate on input.
  in .DESDFClockTest.Play Bell.Copy1:SDF Director and .DESDFClockTest.Play Bell.UpSample
	at ptolemy.actor.sched.StaticSchedulingDirector.fire(StaticSchedulingDirector.java:227)
	at ptolemy.domains.sdf.kernel.SDFDirector.fire(SDFDirector.java:500)
	at ptolemy.actor.CompositeActor.fire(CompositeActor.java:455)
	at ptolemy.domains.de.kernel.DEDirector._fire(DEDirector.java:1949)
	at ptolemy.domains.de.kernel.DEDirector.fire(DEDirector.java:502)
	at ptolemy.actor.CompositeActor.fire(CompositeActor.java:455)
	at ptolemy.actor.Manager.iterate(Manager.java:851)
	at ptolemy.actor.Manager.execute(Manager.java:369)
	at ptolemy.actor.Manager.run(Manager.java:1263)
	at ptolemy.actor.Manager$PtolemyRunThread.run(Manager.java:1933)

    while executing
ptolemy.kernel.util.IllegalActionException: Actor is not ready to fire.  Perhaps UpSample.prefire() returned false? Try debugging the actor by selecting "Listen to Actor".  Also, for SDF check moml for tokenConsumptionRate on input.
  in .DESDFClockTest.Play Bell.Copy1:SDF Director and .DESDFClockTest.Play Bell.UpSample
    while executing
"java::new ptolemy.moml.MoMLSimpleApplication $file
"
    (procedure "createAndExecute" line 2)
    invoked from within
"createAndExecute $file"
    ("uplevel" body line 5)
    invoked from within
"uplevel $contents_of_test"
------------------ testing $PTII/ptolemy/domains/de/test/auto/ActorDepthCalculation_actorWithoutPorts.xml
auto.tcl: Setting watchdog for 200 seconds at Mon Feb 17 21:50:09 UTC 2020
8 ms. Memory: 129024K Free: 99499K (77%)
ptolemy.util.test.WatchDog.cancel(): canceling Mon Feb 17 21:50:09 UTC 2020
auto.tcl: Setting watchdog for 200 seconds at Mon Feb 17 21:50:09 UTC 2020
5 ms. Memory: 129024K Free: 97979K (76%)
ptolemy.util.test.WatchDog.cancel(): canceling Mon Feb 17 21:50:09 UTC 2020
------------------ testing $PTII/ptolemy/domains/de/test/auto/AssemblyLine.xml
auto.tcl: Setting watchdog for 200 seconds at Mon Feb 17 21:50:10 UTC 2020
8 ms. Memory: 55296K Free: 31961K (58%)
ptolemy.util.test.WatchDog.cancel(): canceling Mon Feb 17 21:50:10 UTC 2020
auto.tcl: Setting watchdog for 200 seconds at Mon Feb 17 21:50:10 UTC 2020
7 ms. Memory: 55296K Free: 31366K (57%)
ptolemy.util.test.WatchDog.cancel(): canceling Mon Feb 17 21:50:10 UTC 2020
------------------ testing $PTII/ptolemy/domains/de/test/auto/CQBug1.xml
auto.tcl: Setting watchdog for 200 seconds at Mon Feb 17 21:50:10 UTC 2020
3 ms. Memory: 51200K Free: 33290K (65%)
ptolemy.util.test.WatchDog.cancel(): canceling Mon Feb 17 21:50:10 UTC 2020
auto.tcl: Setting watchdog for 200 seconds at Mon Feb 17 21:50:10 UTC 2020
2 ms. Memory: 51200K Free: 32840K (64%)
ptolemy.util.test.WatchDog.cancel(): canceling Mon Feb 17 21:50:10 UTC 2020
------------------ testing $PTII/ptolemy/domains/de/test/auto/CancelFireAt.xml
auto.tcl: Setting watchdog for 200 seconds at Mon Feb 17 21:50:10 UTC 2020
3 ms. Memory: 51200K Free: 34725K (68%)
ptolemy.util.test.WatchDog.cancel(): canceling Mon Feb 17 21:50:10 UTC 2020
auto.tcl: Setting watchdog for 200 seconds at Mon Feb 17 21:50:10 UTC 2020
2 ms. Memory: 51200K Free: 34258K (67%)
ptolemy.util.test.WatchDog.cancel(): canceling Mon Feb 17 21:50:10 UTC 2020
------------------ testing $PTII/ptolemy/domains/de/test/auto/CausalityAndComposabilityAnalysis.xml
auto.tcl: Setting watchdog for 200 seconds at Mon Feb 17 21:50:10 UTC 2020
14 ms. Memory: 51200K Free: 32729K (64%)
ptolemy.util.test.WatchDog.cancel(): canceling Mon Feb 17 21:50:10 UTC 2020
auto.tcl: Setting watchdog for 200 seconds at Mon Feb 17 21:50:10 UTC 2020
5 ms. Memory: 51200K Free: 31963K (62%)
ptolemy.util.test.WatchDog.cancel(): canceling Mon Feb 17 21:50:10 UTC 2020
------------------ testing $PTII/ptolemy/domains/de/test/auto/CausalityInterface1.xml
auto.tcl: Setting watchdog for 200 seconds at Mon Feb 17 21:50:10 UTC 2020
15 ms. Memory: 51200K Free: 31389K (61%)
ptolemy.util.test.WatchDog.cancel(): canceling Mon Feb 17 21:50:10 UTC 2020
auto.tcl: Setting watchdog for 200 seconds at Mon Feb 17 21:50:10 UTC 2020
4 ms. Memory: 51200K Free: 30396K (59%)
ptolemy.util.test.WatchDog.cancel(): canceling Mon Feb 17 21:50:10 UTC 2020
------------------ testing $PTII/ptolemy/domains/de/test/auto/CausalityInterface15.xml
auto.tcl: Setting watchdog for 200 seconds at Mon Feb 17 21:50:10 UTC 2020
10 ms. Memory: 51200K Free: 31534K (62%)
ptolemy.util.test.WatchDog.cancel(): canceling Mon Feb 17 21:50:10 UTC 2020
auto.tcl: Setting watchdog for 200 seconds at Mon Feb 17 21:50:10 UTC 2020
3 ms. Memory: 51200K Free: 30380K (59%)
ptolemy.util.test.WatchDog.cancel(): canceling Mon Feb 17 21:50:10 UTC 2020
------------------ testing $PTII/ptolemy/domains/de/test/auto/CausalityInterface2.xml
auto.tcl: Setting watchdog for 200 seconds at Mon Feb 17 21:50:10 UTC 2020
9 ms. Memory: 51200K Free: 32075K (63%)
ptolemy.util.test.WatchDog.cancel(): canceling Mon Feb 17 21:50:10 UTC 2020
auto.tcl: Setting watchdog for 200 seconds at Mon Feb 17 21:50:10 UTC 2020
3 ms. Memory: 51200K Free: 30934K (60%)
ptolemy.util.test.WatchDog.cancel(): canceling Mon Feb 17 21:50:10 UTC 2020
------------------ testing $PTII/ptolemy/domains/de/test/auto/CausalityInterface3.xml
auto.tcl: Setting watchdog for 200 seconds at Mon Feb 17 21:50:11 UTC 2020
10 ms. Memory: 51200K Free: 31593K (62%)
ptolemy.util.test.WatchDog.cancel(): canceling Mon Feb 17 21:50:11 UTC 2020
auto.tcl: Setting watchdog for 200 seconds at Mon Feb 17 21:50:11 UTC 2020
3 ms. Memory: 51200K Free: 31057K (61%)
ptolemy.util.test.WatchDog.cancel(): canceling Mon Feb 17 21:50:11 UTC 2020
------------------ testing $PTII/ptolemy/domains/de/test/auto/ClockDrift.xml
auto.tcl: Setting watchdog for 200 seconds at Mon Feb 17 21:50:11 UTC 2020
82 ms. Memory: 51200K Free: 24146K (47%)
ptolemy.util.test.WatchDog.cancel(): canceling Mon Feb 17 21:50:11 UTC 2020
auto.tcl: Setting watchdog for 200 seconds at Mon Feb 17 21:50:11 UTC 2020
59 ms. Memory: 51200K Free: 21136K (41%)
ptolemy.util.test.WatchDog.cancel(): canceling Mon Feb 17 21:50:11 UTC 2020
------------------ testing $PTII/ptolemy/domains/de/test/auto/ClockDriftAndValueChange.xml
auto.tcl: Setting watchdog for 200 seconds at Mon Feb 17 21:50:11 UTC 2020
24 ms. Memory: 51200K Free: 24246K (47%)
ptolemy.util.test.WatchDog.cancel(): canceling Mon Feb 17 21:50:11 UTC 2020
auto.tcl: Setting watchdog for 200 seconds at Mon Feb 17 21:50:11 UTC 2020
30 ms. Memory: 51200K Free: 21432K (42%)
ptolemy.util.test.WatchDog.cancel(): canceling Mon Feb 17 21:50:11 UTC 2020
------------------ testing $PTII/ptolemy/domains/de/test/auto/ClockDriftChange.xml
auto.tcl: Setting watchdog for 200 seconds at Mon Feb 17 21:50:11 UTC 2020
32 ms. Memory: 51200K Free: 26040K (51%)
ptolemy.util.test.WatchDog.cancel(): canceling Mon Feb 17 21:50:11 UTC 2020
auto.tcl: Setting watchdog for 200 seconds at Mon Feb 17 21:50:11 UTC 2020
23 ms. Memory: 51200K Free: 23482K (46%)
ptolemy.util.test.WatchDog.cancel(): canceling Mon Feb 17 21:50:11 UTC 2020
------------------ testing $PTII/ptolemy/domains/de/test/auto/ComposableCausalityAnalysis.xml
auto.tcl: Setting watchdog for 200 seconds at Mon Feb 17 21:50:11 UTC 2020
2 ms. Memory: 51200K Free: 30845K (60%)
ptolemy.util.test.WatchDog.cancel(): canceling Mon Feb 17 21:50:11 UTC 2020
auto.tcl: Setting watchdog for 200 seconds at Mon Feb 17 21:50:11 UTC 2020
4 ms. Memory: 51200K Free: 29831K (58%)
ptolemy.util.test.WatchDog.cancel(): canceling Mon Feb 17 21:50:11 UTC 2020
------------------ testing $PTII/ptolemy/domains/de/test/auto/DEFixedPointLimitation.xml
auto.tcl: Setting watchdog for 200 seconds at Mon Feb 17 21:50:11 UTC 2020
3 ms. Memory: 51200K Free: 32055K (63%)
ptolemy.util.test.WatchDog.cancel(): canceling Mon Feb 17 21:50:11 UTC 2020
auto.tcl: Setting watchdog for 200 seconds at Mon Feb 17 21:50:11 UTC 2020
2 ms. Memory: 51200K Free: 31186K (61%)
ptolemy.util.test.WatchDog.cancel(): canceling Mon Feb 17 21:50:11 UTC 2020
------------------ testing $PTII/ptolemy/domains/de/test/auto/DEScheduleTest.xml
auto.tcl: Setting watchdog for 200 seconds at Mon Feb 17 21:50:11 UTC 2020
4 ms. Memory: 51200K Free: 32371K (63%)
ptolemy.util.test.WatchDog.cancel(): canceling Mon Feb 17 21:50:11 UTC 2020
auto.tcl: Setting watchdog for 200 seconds at Mon Feb 17 21:50:11 UTC 2020
3 ms. Memory: 51200K Free: 31625K (62%)
ptolemy.util.test.WatchDog.cancel(): canceling Mon Feb 17 21:50:11 UTC 2020
------------------ testing $PTII/ptolemy/domains/de/test/auto/DEinDEwithStartTimes.xml
auto.tcl: Setting watchdog for 200 seconds at Mon Feb 17 21:50:11 UTC 2020
4 ms. Memory: 51200K Free: 30551K (60%)
ptolemy.util.test.WatchDog.cancel(): canceling Mon Feb 17 21:50:11 UTC 2020
auto.tcl: Setting watchdog for 200 seconds at Mon Feb 17 21:50:11 UTC 2020
3 ms. Memory: 51200K Free: 29527K (58%)
ptolemy.util.test.WatchDog.cancel(): canceling Mon Feb 17 21:50:11 UTC 2020
------------------ testing $PTII/ptolemy/domains/de/test/auto/DEinDEwithStartTimes2.xml
auto.tcl: Setting watchdog for 200 seconds at Mon Feb 17 21:50:11 UTC 2020
4 ms. Memory: 51200K Free: 29659K (58%)
ptolemy.util.test.WatchDog.cancel(): canceling Mon Feb 17 21:50:11 UTC 2020
auto.tcl: Setting watchdog for 200 seconds at Mon Feb 17 21:50:11 UTC 2020
4 ms. Memory: 51200K Free: 28481K (56%)
ptolemy.util.test.WatchDog.cancel(): canceling Mon Feb 17 21:50:11 UTC 2020
------------------ testing $PTII/ptolemy/domains/de/test/auto/DateDemo.xml
auto.tcl: Setting watchdog for 200 seconds at Mon Feb 17 21:50:11 UTC 2020
13 ms. Memory: 51200K Free: 24112K (47%)
ptolemy.util.test.WatchDog.cancel(): canceling Mon Feb 17 21:50:12 UTC 2020
auto.tcl: Setting watchdog for 200 seconds at Mon Feb 17 21:50:12 UTC 2020
8 ms. Memory: 51200K Free: 22538K (44%)
ptolemy.util.test.WatchDog.cancel(): canceling Mon Feb 17 21:50:12 UTC 2020
------------------ testing $PTII/ptolemy/domains/de/test/auto/DateToEvent.xml
auto.tcl: Setting watchdog for 200 seconds at Mon Feb 17 21:50:12 UTC 2020
2011 ms. Memory: 51200K Free: 19305K (38%)
ptolemy.util.test.WatchDog.cancel(): canceling Mon Feb 17 21:50:14 UTC 2020
auto.tcl: Setting watchdog for 200 seconds at Mon Feb 17 21:50:14 UTC 2020
2004 ms. Memory: 51200K Free: 19021K (37%)
ptolemy.util.test.WatchDog.cancel(): canceling Mon Feb 17 21:50:16 UTC 2020
------------------ testing $PTII/ptolemy/domains/de/test/auto/DepthTest1.xml
auto.tcl: Setting watchdog for 200 seconds at Mon Feb 17 21:50:16 UTC 2020
2 ms. Memory: 51200K Free: 33260K (65%)
ptolemy.util.test.WatchDog.cancel(): canceling Mon Feb 17 21:50:16 UTC 2020
auto.tcl: Setting watchdog for 200 seconds at Mon Feb 17 21:50:16 UTC 2020
2 ms. Memory: 51200K Free: 32768K (64%)
ptolemy.util.test.WatchDog.cancel(): canceling Mon Feb 17 21:50:16 UTC 2020
------------------ testing $PTII/ptolemy/domains/de/test/auto/DepthTest2.xml
auto.tcl: Setting watchdog for 200 seconds at Mon Feb 17 21:50:16 UTC 2020
5 ms. Memory: 51200K Free: 29978K (59%)
ptolemy.util.test.WatchDog.cancel(): canceling Mon Feb 17 21:50:16 UTC 2020
auto.tcl: Setting watchdog for 200 seconds at Mon Feb 17 21:50:16 UTC 2020
3 ms. Memory: 51200K Free: 29570K (58%)
ptolemy.util.test.WatchDog.cancel(): canceling Mon Feb 17 21:50:16 UTC 2020
------------------ testing $PTII/ptolemy/domains/de/test/auto/DepthTest3.xml
auto.tcl: Setting watchdog for 200 seconds at Mon Feb 17 21:50:16 UTC 2020
4 ms. Memory: 51200K Free: 33590K (66%)
ptolemy.util.test.WatchDog.cancel(): canceling Mon Feb 17 21:50:16 UTC 2020
auto.tcl: Setting watchdog for 200 seconds at Mon Feb 17 21:50:16 UTC 2020
1 ms. Memory: 51200K Free: 33090K (65%)
ptolemy.util.test.WatchDog.cancel(): canceling Mon Feb 17 21:50:16 UTC 2020
------------------ testing $PTII/ptolemy/domains/de/test/auto/DepthTest4.xml
auto.tcl: Setting watchdog for 200 seconds at Mon Feb 17 21:50:16 UTC 2020
6 ms. Memory: 51200K Free: 31795K (62%)
ptolemy.util.test.WatchDog.cancel(): canceling Mon Feb 17 21:50:16 UTC 2020
auto.tcl: Setting watchdog for 200 seconds at Mon Feb 17 21:50:16 UTC 2020
2 ms. Memory: 51200K Free: 31118K (61%)
ptolemy.util.test.WatchDog.cancel(): canceling Mon Feb 17 21:50:16 UTC 2020
------------------ testing $PTII/ptolemy/domains/de/test/auto/DepthTest5.xml
auto.tcl: Setting watchdog for 200 seconds at Mon Feb 17 21:50:16 UTC 2020
4 ms. Memory: 51200K Free: 31230K (61%)
ptolemy.util.test.WatchDog.cancel(): canceling Mon Feb 17 21:50:16 UTC 2020
auto.tcl: Setting watchdog for 200 seconds at Mon Feb 17 21:50:16 UTC 2020
2 ms. Memory: 51200K Free: 30484K (60%)
ptolemy.util.test.WatchDog.cancel(): canceling Mon Feb 17 21:50:16 UTC 2020
------------------ testing $PTII/ptolemy/domains/de/test/auto/DepthTest6.xml
auto.tcl: Setting watchdog for 200 seconds at Mon Feb 17 21:50:16 UTC 2020
5 ms. Memory: 51200K Free: 30702K (60%)
ptolemy.util.test.WatchDog.cancel(): canceling Mon Feb 17 21:50:16 UTC 2020
auto.tcl: Setting watchdog for 200 seconds at Mon Feb 17 21:50:16 UTC 2020
3 ms. Memory: 51200K Free: 30005K (59%)
ptolemy.util.test.WatchDog.cancel(): canceling Mon Feb 17 21:50:16 UTC 2020
------------------ testing $PTII/ptolemy/domains/de/test/auto/DepthTest7.xml
auto.tcl: Setting watchdog for 200 seconds at Mon Feb 17 21:50:16 UTC 2020
4 ms. Memory: 51200K Free: 31522K (62%)
ptolemy.util.test.WatchDog.cancel(): canceling Mon Feb 17 21:50:16 UTC 2020
auto.tcl: Setting watchdog for 200 seconds at Mon Feb 17 21:50:16 UTC 2020
2 ms. Memory: 51200K Free: 30634K (60%)
ptolemy.util.test.WatchDog.cancel(): canceling Mon Feb 17 21:50:16 UTC 2020
------------------ testing $PTII/ptolemy/domains/de/test/auto/EventToDate.xml
auto.tcl: Setting watchdog for 200 seconds at Mon Feb 17 21:50:16 UTC 2020
3008 ms. Memory: 51200K Free: 22526K (44%)
ptolemy.util.test.WatchDog.cancel(): canceling Mon Feb 17 21:50:19 UTC 2020
auto.tcl: Setting watchdog for 200 seconds at Mon Feb 17 21:50:19 UTC 2020
3003 ms. Memory: 51200K Free: 21859K (43%)
ptolemy.util.test.WatchDog.cancel(): canceling Mon Feb 17 21:50:22 UTC 2020
------------------ testing $PTII/ptolemy/domains/de/test/auto/FSM1.xml
auto.tcl: Setting watchdog for 200 seconds at Mon Feb 17 21:50:22 UTC 2020
24 ms. Memory: 51200K Free: 23780K (46%)
ptolemy.util.test.WatchDog.cancel(): canceling Mon Feb 17 21:50:22 UTC 2020
auto.tcl: Setting watchdog for 200 seconds at Mon Feb 17 21:50:22 UTC 2020
31 ms. Memory: 51200K Free: 20500K (40%)
ptolemy.util.test.WatchDog.cancel(): canceling Mon Feb 17 21:50:22 UTC 2020
------------------ testing $PTII/ptolemy/domains/de/test/auto/FSM7.xml
auto.tcl: Setting watchdog for 200 seconds at Mon Feb 17 21:50:22 UTC 2020
31 ms. Memory: 51200K Free: 23461K (46%)
ptolemy.util.test.WatchDog.cancel(): canceling Mon Feb 17 21:50:23 UTC 2020
auto.tcl: Setting watchdog for 200 seconds at Mon Feb 17 21:50:23 UTC 2020
27 ms. Memory: 51200K Free: 20304K (40%)
ptolemy.util.test.WatchDog.cancel(): canceling Mon Feb 17 21:50:23 UTC 2020
------------------ testing $PTII/ptolemy/domains/de/test/auto/Inspection.xml
auto.tcl: Setting watchdog for 200 seconds at Mon Feb 17 21:50:23 UTC 2020
37 ms. Memory: 51200K Free: 23477K (46%)
ptolemy.util.test.WatchDog.cancel(): canceling Mon Feb 17 21:50:23 UTC 2020
auto.tcl: Setting watchdog for 200 seconds at Mon Feb 17 21:50:23 UTC 2020
35 ms. Memory: 51200K Free: 21768K (43%)
ptolemy.util.test.WatchDog.cancel(): canceling Mon Feb 17 21:50:23 UTC 2020
------------------ testing $PTII/ptolemy/domains/de/test/auto/Iteration.xml
auto.tcl: Setting watchdog for 200 seconds at Mon Feb 17 21:50:23 UTC 2020
7 ms. Memory: 51200K Free: 29003K (57%)
ptolemy.util.test.WatchDog.cancel(): canceling Mon Feb 17 21:50:23 UTC 2020
auto.tcl: Setting watchdog for 200 seconds at Mon Feb 17 21:50:23 UTC 2020
9 ms. Memory: 51200K Free: 27823K (54%)
ptolemy.util.test.WatchDog.cancel(): canceling Mon Feb 17 21:50:23 UTC 2020
------------------ testing $PTII/ptolemy/domains/de/test/auto/LineFault.xml
auto.tcl: Setting watchdog for 200 seconds at Mon Feb 17 21:50:23 UTC 2020
645 ms. Memory: 61440K Free: 23048K (38%)
ptolemy.util.test.WatchDog.cancel(): canceling Mon Feb 17 21:50:24 UTC 2020
auto.tcl: Setting watchdog for 200 seconds at Mon Feb 17 21:50:24 UTC 2020
495 ms. Memory: 61440K Free: 22951K (37%)
ptolemy.util.test.WatchDog.cancel(): canceling Mon Feb 17 21:50:24 UTC 2020
------------------ testing $PTII/ptolemy/domains/de/test/auto/MergeModel1Add.xml
auto.tcl: Setting watchdog for 200 seconds at Mon Feb 17 21:50:24 UTC 2020
23 ms. Memory: 55296K Free: 19324K (35%)
ptolemy.util.test.WatchDog.cancel(): canceling Mon Feb 17 21:50:24 UTC 2020
auto.tcl: Setting watchdog for 200 seconds at Mon Feb 17 21:50:24 UTC 2020
11 ms. Memory: 55296K Free: 17693K (32%)
ptolemy.util.test.WatchDog.cancel(): canceling Mon Feb 17 21:50:24 UTC 2020
------------------ testing $PTII/ptolemy/domains/de/test/auto/MergeModel2Add.xml
auto.tcl: Setting watchdog for 200 seconds at Mon Feb 17 21:50:25 UTC 2020
10 ms. Memory: 55296K Free: 21109K (38%)
ptolemy.util.test.WatchDog.cancel(): canceling Mon Feb 17 21:50:25 UTC 2020
auto.tcl: Setting watchdog for 200 seconds at Mon Feb 17 21:50:25 UTC 2020
10 ms. Memory: 55296K Free: 19407K (35%)
ptolemy.util.test.WatchDog.cancel(): canceling Mon Feb 17 21:50:25 UTC 2020
------------------ testing $PTII/ptolemy/domains/de/test/auto/MergeModel3Add.xml
auto.tcl: Setting watchdog for 200 seconds at Mon Feb 17 21:50:25 UTC 2020
9 ms. Memory: 55296K Free: 20965K (38%)
ptolemy.util.test.WatchDog.cancel(): canceling Mon Feb 17 21:50:25 UTC 2020
auto.tcl: Setting watchdog for 200 seconds at Mon Feb 17 21:50:25 UTC 2020
7 ms. Memory: 55296K Free: 19546K (35%)
ptolemy.util.test.WatchDog.cancel(): canceling Mon Feb 17 21:50:25 UTC 2020
------------------ testing $PTII/ptolemy/domains/de/test/auto/MergeWithoutDiscard.xml
auto.tcl: Setting watchdog for 200 seconds at Mon Feb 17 21:50:25 UTC 2020
2 ms. Memory: 55296K Free: 35846K (65%)
ptolemy.util.test.WatchDog.cancel(): canceling Mon Feb 17 21:50:25 UTC 2020
auto.tcl: Setting watchdog for 200 seconds at Mon Feb 17 21:50:25 UTC 2020
2 ms. Memory: 55296K Free: 35382K (64%)
ptolemy.util.test.WatchDog.cancel(): canceling Mon Feb 17 21:50:25 UTC 2020
------------------ testing $PTII/ptolemy/domains/de/test/auto/Modal1.xml
auto.tcl: Setting watchdog for 200 seconds at Mon Feb 17 21:50:25 UTC 2020
17 ms. Memory: 51200K Free: 23869K (47%)
ptolemy.util.test.WatchDog.cancel(): canceling Mon Feb 17 21:50:25 UTC 2020
auto.tcl: Setting watchdog for 200 seconds at Mon Feb 17 21:50:25 UTC 2020
18 ms. Memory: 51200K Free: 20351K (40%)
ptolemy.util.test.WatchDog.cancel(): canceling Mon Feb 17 21:50:25 UTC 2020
------------------ testing $PTII/ptolemy/domains/de/test/auto/Modal2.xml
auto.tcl: Setting watchdog for 200 seconds at Mon Feb 17 21:50:25 UTC 2020
14 ms. Memory: 51200K Free: 23487K (46%)
ptolemy.util.test.WatchDog.cancel(): canceling Mon Feb 17 21:50:25 UTC 2020
auto.tcl: Setting watchdog for 200 seconds at Mon Feb 17 21:50:25 UTC 2020
21 ms. Memory: 51200K Free: 20248K (40%)
ptolemy.util.test.WatchDog.cancel(): canceling Mon Feb 17 21:50:25 UTC 2020
------------------ testing $PTII/ptolemy/domains/de/test/auto/Modal3.xml
auto.tcl: Setting watchdog for 200 seconds at Mon Feb 17 21:50:25 UTC 2020
16 ms. Memory: 51200K Free: 23457K (46%)
ptolemy.util.test.WatchDog.cancel(): canceling Mon Feb 17 21:50:25 UTC 2020
auto.tcl: Setting watchdog for 200 seconds at Mon Feb 17 21:50:25 UTC 2020
17 ms. Memory: 51200K Free: 20229K (40%)
ptolemy.util.test.WatchDog.cancel(): canceling Mon Feb 17 21:50:25 UTC 2020
------------------ testing $PTII/ptolemy/domains/de/test/auto/Modal4.xml
auto.tcl: Setting watchdog for 200 seconds at Mon Feb 17 21:50:25 UTC 2020
19 ms. Memory: 51200K Free: 22429K (44%)
ptolemy.util.test.WatchDog.cancel(): canceling Mon Feb 17 21:50:25 UTC 2020
auto.tcl: Setting watchdog for 200 seconds at Mon Feb 17 21:50:25 UTC 2020
20 ms. Memory: 51200K Free: 18621K (36%)
ptolemy.util.test.WatchDog.cancel(): canceling Mon Feb 17 21:50:25 UTC 2020
------------------ testing $PTII/ptolemy/domains/de/test/auto/Modal5.xml
auto.tcl: Setting watchdog for 200 seconds at Mon Feb 17 21:50:25 UTC 2020
15 ms. Memory: 51200K Free: 22431K (44%)
ptolemy.util.test.WatchDog.cancel(): canceling Mon Feb 17 21:50:25 UTC 2020
auto.tcl: Setting watchdog for 200 seconds at Mon Feb 17 21:50:25 UTC 2020
15 ms. Memory: 51200K Free: 18608K (36%)
ptolemy.util.test.WatchDog.cancel(): canceling Mon Feb 17 21:50:25 UTC 2020
------------------ testing $PTII/ptolemy/domains/de/test/auto/Modal6.xml
auto.tcl: Setting watchdog for 200 seconds at Mon Feb 17 21:50:25 UTC 2020
15 ms. Memory: 51200K Free: 23158K (45%)
ptolemy.util.test.WatchDog.cancel(): canceling Mon Feb 17 21:50:25 UTC 2020
auto.tcl: Setting watchdog for 200 seconds at Mon Feb 17 21:50:25 UTC 2020
19 ms. Memory: 51200K Free: 19220K (38%)
ptolemy.util.test.WatchDog.cancel(): canceling Mon Feb 17 21:50:25 UTC 2020
------------------ testing $PTII/ptolemy/domains/de/test/auto/Modal7.xml
auto.tcl: Setting watchdog for 200 seconds at Mon Feb 17 21:50:25 UTC 2020
11 ms. Memory: 51200K Free: 22159K (43%)
ptolemy.util.test.WatchDog.cancel(): canceling Mon Feb 17 21:50:26 UTC 2020
auto.tcl: Setting watchdog for 200 seconds at Mon Feb 17 21:50:26 UTC 2020
11 ms. Memory: 51200K Free: 18607K (36%)
ptolemy.util.test.WatchDog.cancel(): canceling Mon Feb 17 21:50:26 UTC 2020
------------------ testing $PTII/ptolemy/domains/de/test/auto/ModalModel.xml
auto.tcl: Setting watchdog for 200 seconds at Mon Feb 17 21:50:26 UTC 2020
259 ms. Memory: 51200K Free: 15647K (31%)
ptolemy.util.test.WatchDog.cancel(): canceling Mon Feb 17 21:50:26 UTC 2020
auto.tcl: Setting watchdog for 200 seconds at Mon Feb 17 21:50:26 UTC 2020
219 ms. Memory: 61440K Free: 17738K (29%)
ptolemy.util.test.WatchDog.cancel(): canceling Mon Feb 17 21:50:26 UTC 2020
------------------ testing $PTII/ptolemy/domains/de/test/auto/ModalSource.xml
auto.tcl: Setting watchdog for 200 seconds at Mon Feb 17 21:50:26 UTC 2020
6 ms. Memory: 55296K Free: 31377K (57%)
ptolemy.util.test.WatchDog.cancel(): canceling Mon Feb 17 21:50:26 UTC 2020
auto.tcl: Setting watchdog for 200 seconds at Mon Feb 17 21:50:26 UTC 2020
5 ms. Memory: 55296K Free: 29329K (53%)
ptolemy.util.test.WatchDog.cancel(): canceling Mon Feb 17 21:50:26 UTC 2020
------------------ testing $PTII/ptolemy/domains/de/test/auto/NonInterruptibleTimerZeroDelay.xml
auto.tcl: Setting watchdog for 200 seconds at Mon Feb 17 21:50:26 UTC 2020
4 ms. Memory: 51200K Free: 32248K (63%)
ptolemy.util.test.WatchDog.cancel(): canceling Mon Feb 17 21:50:26 UTC 2020
auto.tcl: Setting watchdog for 200 seconds at Mon Feb 17 21:50:26 UTC 2020
2 ms. Memory: 51200K Free: 31556K (62%)
ptolemy.util.test.WatchDog.cancel(): canceling Mon Feb 17 21:50:26 UTC 2020
------------------ testing $PTII/ptolemy/domains/de/test/auto/OpenQueueingNetwork.xml
auto.tcl: Setting watchdog for 200 seconds at Mon Feb 17 21:50:26 UTC 2020
3062 ms. Memory: 91136K Free: 66543K (73%)
ptolemy.util.test.WatchDog.cancel(): canceling Mon Feb 17 21:50:30 UTC 2020
auto.tcl: Setting watchdog for 200 seconds at Mon Feb 17 21:50:30 UTC 2020
2627 ms. Memory: 109568K Free: 36942K (34%)
ptolemy.util.test.WatchDog.cancel(): canceling Mon Feb 17 21:50:32 UTC 2020
------------------ testing $PTII/ptolemy/domains/de/test/auto/OpenQueuingNetwork.xml
auto.tcl: Setting watchdog for 200 seconds at Mon Feb 17 21:50:32 UTC 2020
241 ms. Memory: 61440K Free: 38589K (63%)
ptolemy.util.test.WatchDog.cancel(): canceling Mon Feb 17 21:50:33 UTC 2020
auto.tcl: Setting watchdog for 200 seconds at Mon Feb 17 21:50:33 UTC 2020
232 ms. Memory: 61440K Free: 22080K (36%)
ptolemy.util.test.WatchDog.cancel(): canceling Mon Feb 17 21:50:33 UTC 2020
------------------ testing $PTII/ptolemy/domains/de/test/auto/PeriodicSampler.xml
auto.tcl: Setting watchdog for 200 seconds at Mon Feb 17 21:50:33 UTC 2020
12 ms. Memory: 58368K Free: 38590K (66%)
ptolemy.util.test.WatchDog.cancel(): canceling Mon Feb 17 21:50:33 UTC 2020
auto.tcl: Setting watchdog for 200 seconds at Mon Feb 17 21:50:33 UTC 2020
3 ms. Memory: 58368K Free: 38070K (65%)
ptolemy.util.test.WatchDog.cancel(): canceling Mon Feb 17 21:50:33 UTC 2020
------------------ testing $PTII/ptolemy/domains/de/test/auto/PersistentIO.xml
auto.tcl: Setting watchdog for 200 seconds at Mon Feb 17 21:50:33 UTC 2020
5 ms. Memory: 51200K Free: 26347K (51%)
ptolemy.util.test.WatchDog.cancel(): canceling Mon Feb 17 21:50:33 UTC 2020
auto.tcl: Setting watchdog for 200 seconds at Mon Feb 17 21:50:33 UTC 2020
3 ms. Memory: 51200K Free: 24827K (48%)
ptolemy.util.test.WatchDog.cancel(): canceling Mon Feb 17 21:50:33 UTC 2020
------------------ testing $PTII/ptolemy/domains/de/test/auto/PortParameterResetOnInitialize.xml
auto.tcl: Setting watchdog for 200 seconds at Mon Feb 17 21:50:33 UTC 2020
8 ms. Memory: 51200K Free: 31342K (61%)
ptolemy.util.test.WatchDog.cancel(): canceling Mon Feb 17 21:50:33 UTC 2020
auto.tcl: Setting watchdog for 200 seconds at Mon Feb 17 21:50:33 UTC 2020
2 ms. Memory: 51200K Free: 30835K (60%)
ptolemy.util.test.WatchDog.cancel(): canceling Mon Feb 17 21:50:33 UTC 2020
------------------ testing $PTII/ptolemy/domains/de/test/auto/PortParameterUpdates.xml
auto.tcl: Setting watchdog for 200 seconds at Mon Feb 17 21:50:33 UTC 2020
5 ms. Memory: 51200K Free: 29641K (58%)
ptolemy.util.test.WatchDog.cancel(): canceling Mon Feb 17 21:50:33 UTC 2020
auto.tcl: Setting watchdog for 200 seconds at Mon Feb 17 21:50:33 UTC 2020
5 ms. Memory: 51200K Free: 28397K (55%)
ptolemy.util.test.WatchDog.cancel(): canceling Mon Feb 17 21:50:33 UTC 2020
------------------ testing $PTII/ptolemy/domains/de/test/auto/QueueAndServer.xml
auto.tcl: Setting watchdog for 200 seconds at Mon Feb 17 21:50:33 UTC 2020
13 ms. Memory: 51200K Free: 28286K (55%)
ptolemy.util.test.WatchDog.cancel(): canceling Mon Feb 17 21:50:33 UTC 2020
auto.tcl: Setting watchdog for 200 seconds at Mon Feb 17 21:50:33 UTC 2020
7 ms. Memory: 51200K Free: 26834K (52%)
ptolemy.util.test.WatchDog.cancel(): canceling Mon Feb 17 21:50:33 UTC 2020
------------------ testing $PTII/ptolemy/domains/de/test/auto/Records.xml
auto.tcl: Setting watchdog for 200 seconds at Mon Feb 17 21:50:33 UTC 2020
4 ms. Memory: 51200K Free: 30586K (60%)
ptolemy.util.test.WatchDog.cancel(): canceling Mon Feb 17 21:50:33 UTC 2020
auto.tcl: Setting watchdog for 200 seconds at Mon Feb 17 21:50:33 UTC 2020
2 ms. Memory: 51200K Free: 30071K (59%)
ptolemy.util.test.WatchDog.cancel(): canceling Mon Feb 17 21:50:33 UTC 2020
------------------ testing $PTII/ptolemy/domains/de/test/auto/ResetTransitionWithStartTime1.xml
auto.tcl: Setting watchdog for 200 seconds at Mon Feb 17 21:50:33 UTC 2020
10 ms. Memory: 51200K Free: 27831K (54%)
ptolemy.util.test.WatchDog.cancel(): canceling Mon Feb 17 21:50:33 UTC 2020
auto.tcl: Setting watchdog for 200 seconds at Mon Feb 17 21:50:33 UTC 2020
7 ms. Memory: 51200K Free: 25783K (50%)
ptolemy.util.test.WatchDog.cancel(): canceling Mon Feb 17 21:50:33 UTC 2020
------------------ testing $PTII/ptolemy/domains/de/test/auto/ResetTransitionWithStartTime2.xml
auto.tcl: Setting watchdog for 200 seconds at Mon Feb 17 21:50:33 UTC 2020
6 ms. Memory: 51200K Free: 27786K (54%)
ptolemy.util.test.WatchDog.cancel(): canceling Mon Feb 17 21:50:34 UTC 2020
auto.tcl: Setting watchdog for 200 seconds at Mon Feb 17 21:50:34 UTC 2020
6 ms. Memory: 51200K Free: 25738K (50%)
ptolemy.util.test.WatchDog.cancel(): canceling Mon Feb 17 21:50:34 UTC 2020
------------------ testing $PTII/ptolemy/domains/de/test/auto/ResetTransitionWithStartTime3.xml
auto.tcl: Setting watchdog for 200 seconds at Mon Feb 17 21:50:34 UTC 2020
6 ms. Memory: 51200K Free: 27785K (54%)
ptolemy.util.test.WatchDog.cancel(): canceling Mon Feb 17 21:50:34 UTC 2020
auto.tcl: Setting watchdog for 200 seconds at Mon Feb 17 21:50:34 UTC 2020
6 ms. Memory: 51200K Free: 25737K (50%)
ptolemy.util.test.WatchDog.cancel(): canceling Mon Feb 17 21:50:34 UTC 2020
------------------ testing $PTII/ptolemy/domains/de/test/auto/ResetTransitionWithStartTime4.xml
auto.tcl: Setting watchdog for 200 seconds at Mon Feb 17 21:50:34 UTC 2020
8 ms. Memory: 51200K Free: 28211K (55%)
ptolemy.util.test.WatchDog.cancel(): canceling Mon Feb 17 21:50:34 UTC 2020
auto.tcl: Setting watchdog for 200 seconds at Mon Feb 17 21:50:34 UTC 2020
4 ms. Memory: 51200K Free: 26760K (52%)
ptolemy.util.test.WatchDog.cancel(): canceling Mon Feb 17 21:50:34 UTC 2020
------------------ testing $PTII/ptolemy/domains/de/test/auto/ResettableTimer1.xml
auto.tcl: Setting watchdog for 200 seconds at Mon Feb 17 21:50:34 UTC 2020
2 ms. Memory: 51200K Free: 31937K (62%)
ptolemy.util.test.WatchDog.cancel(): canceling Mon Feb 17 21:50:34 UTC 2020
auto.tcl: Setting watchdog for 200 seconds at Mon Feb 17 21:50:34 UTC 2020
2 ms. Memory: 51200K Free: 31334K (61%)
ptolemy.util.test.WatchDog.cancel(): canceling Mon Feb 17 21:50:34 UTC 2020
------------------ testing $PTII/ptolemy/domains/de/test/auto/ResettableTimer2.xml
auto.tcl: Setting watchdog for 200 seconds at Mon Feb 17 21:50:34 UTC 2020
2 ms. Memory: 51200K Free: 32056K (63%)
ptolemy.util.test.WatchDog.cancel(): canceling Mon Feb 17 21:50:34 UTC 2020
auto.tcl: Setting watchdog for 200 seconds at Mon Feb 17 21:50:34 UTC 2020
2 ms. Memory: 51200K Free: 31391K (61%)
ptolemy.util.test.WatchDog.cancel(): canceling Mon Feb 17 21:50:34 UTC 2020
------------------ testing $PTII/ptolemy/domains/de/test/auto/ResettableTimer3.xml
auto.tcl: Setting watchdog for 200 seconds at Mon Feb 17 21:50:34 UTC 2020
1 ms. Memory: 51200K Free: 31918K (62%)
ptolemy.util.test.WatchDog.cancel(): canceling Mon Feb 17 21:50:34 UTC 2020
auto.tcl: Setting watchdog for 200 seconds at Mon Feb 17 21:50:34 UTC 2020
1 ms. Memory: 51200K Free: 31918K (62%)
ptolemy.util.test.WatchDog.cancel(): canceling Mon Feb 17 21:50:34 UTC 2020
------------------ testing $PTII/ptolemy/domains/de/test/auto/ResettableTimer4.xml
auto.tcl: Setting watchdog for 200 seconds at Mon Feb 17 21:50:34 UTC 2020
1 ms. Memory: 51200K Free: 31931K (62%)
ptolemy.util.test.WatchDog.cancel(): canceling Mon Feb 17 21:50:34 UTC 2020
auto.tcl: Setting watchdog for 200 seconds at Mon Feb 17 21:50:34 UTC 2020
1 ms. Memory: 51200K Free: 31417K (61%)
ptolemy.util.test.WatchDog.cancel(): canceling Mon Feb 17 21:50:34 UTC 2020
------------------ testing $PTII/ptolemy/domains/de/test/auto/ResettableTimer5.xml
auto.tcl: Setting watchdog for 200 seconds at Mon Feb 17 21:50:34 UTC 2020
1 ms. Memory: 51200K Free: 31416K (61%)
ptolemy.util.test.WatchDog.cancel(): canceling Mon Feb 17 21:50:34 UTC 2020
auto.tcl: Setting watchdog for 200 seconds at Mon Feb 17 21:50:34 UTC 2020
2 ms. Memory: 51200K Free: 30906K (60%)
ptolemy.util.test.WatchDog.cancel(): canceling Mon Feb 17 21:50:34 UTC 2020
------------------ testing $PTII/ptolemy/domains/de/test/auto/ResettableTimer6.xml
auto.tcl: Setting watchdog for 200 seconds at Mon Feb 17 21:50:34 UTC 2020
1 ms. Memory: 51200K Free: 31406K (61%)
ptolemy.util.test.WatchDog.cancel(): canceling Mon Feb 17 21:50:34 UTC 2020
auto.tcl: Setting watchdog for 200 seconds at Mon Feb 17 21:50:34 UTC 2020
2 ms. Memory: 51200K Free: 30896K (60%)
ptolemy.util.test.WatchDog.cancel(): canceling Mon Feb 17 21:50:34 UTC 2020
------------------ testing $PTII/ptolemy/domains/de/test/auto/ServerZeroDelay.xml
auto.tcl: Setting watchdog for 200 seconds at Mon Feb 17 21:50:34 UTC 2020
3 ms. Memory: 51200K Free: 31911K (62%)
ptolemy.util.test.WatchDog.cancel(): canceling Mon Feb 17 21:50:34 UTC 2020
auto.tcl: Setting watchdog for 200 seconds at Mon Feb 17 21:50:34 UTC 2020
3 ms. Memory: 51200K Free: 30887K (60%)
ptolemy.util.test.WatchDog.cancel(): canceling Mon Feb 17 21:50:34 UTC 2020
------------------ testing $PTII/ptolemy/domains/de/test/auto/SmartSender.xml
auto.tcl: Setting watchdog for 200 seconds at Mon Feb 17 21:50:34 UTC 2020
3002 ms. Memory: 51200K Free: 31616K (62%)
ptolemy.util.test.WatchDog.cancel(): canceling Mon Feb 17 21:50:37 UTC 2020
auto.tcl: Setting watchdog for 200 seconds at Mon Feb 17 21:50:37 UTC 2020
3003 ms. Memory: 51200K Free: 31104K (61%)
ptolemy.util.test.WatchDog.cancel(): canceling Mon Feb 17 21:50:40 UTC 2020
------------------ testing $PTII/ptolemy/domains/de/test/auto/ThreadedComposite.xml
auto.tcl: Setting watchdog for 200 seconds at Mon Feb 17 21:50:40 UTC 2020
208 ms. Memory: 51200K Free: 13997K (27%)
ptolemy.util.test.WatchDog.cancel(): canceling Mon Feb 17 21:50:40 UTC 2020
auto.tcl: Setting watchdog for 200 seconds at Mon Feb 17 21:50:40 UTC 2020
210 ms. Memory: 51200K Free: 25022K (49%)
ptolemy.util.test.WatchDog.cancel(): canceling Mon Feb 17 21:50:41 UTC 2020
------------------ testing $PTII/ptolemy/domains/de/test/auto/Time.xml
auto.tcl: Setting watchdog for 200 seconds at Mon Feb 17 21:50:41 UTC 2020
571 ms. Memory: 77824K Free: 33526K (43%)
ptolemy.util.test.WatchDog.cancel(): canceling Mon Feb 17 21:50:41 UTC 2020
auto.tcl: Setting watchdog for 200 seconds at Mon Feb 17 21:50:41 UTC 2020
511 ms. Memory: 77824K Free: 24471K (31%)
ptolemy.util.test.WatchDog.cancel(): canceling Mon Feb 17 21:50:42 UTC 2020
------------------ testing $PTII/ptolemy/domains/de/test/auto/TimeDelayZeroDelay.xml
auto.tcl: Setting watchdog for 200 seconds at Mon Feb 17 21:50:42 UTC 2020
3 ms. Memory: 55296K Free: 36263K (66%)
ptolemy.util.test.WatchDog.cancel(): canceling Mon Feb 17 21:50:42 UTC 2020
auto.tcl: Setting watchdog for 200 seconds at Mon Feb 17 21:50:42 UTC 2020
2 ms. Memory: 55296K Free: 35513K (64%)
ptolemy.util.test.WatchDog.cancel(): canceling Mon Feb 17 21:50:42 UTC 2020
------------------ testing $PTII/ptolemy/domains/de/test/auto/TimerZeroDelay.xml
auto.tcl: Setting watchdog for 200 seconds at Mon Feb 17 21:50:42 UTC 2020
3 ms. Memory: 55296K Free: 36306K (66%)
ptolemy.util.test.WatchDog.cancel(): canceling Mon Feb 17 21:50:42 UTC 2020
auto.tcl: Setting watchdog for 200 seconds at Mon Feb 17 21:50:42 UTC 2020
2 ms. Memory: 55296K Free: 35518K (64%)
ptolemy.util.test.WatchDog.cancel(): canceling Mon Feb 17 21:50:42 UTC 2020
------------------ testing $PTII/ptolemy/domains/de/test/auto/TimingParadox.xml
auto.tcl: Setting watchdog for 200 seconds at Mon Feb 17 21:50:42 UTC 2020
320 ms. Memory: 51200K Free: 21794K (43%)
ptolemy.util.test.WatchDog.cancel(): canceling Mon Feb 17 21:50:42 UTC 2020
auto.tcl: Setting watchdog for 200 seconds at Mon Feb 17 21:50:42 UTC 2020
302 ms. Memory: 51200K Free: 13399K (26%)
ptolemy.util.test.WatchDog.cancel(): canceling Mon Feb 17 21:50:43 UTC 2020
------------------ testing $PTII/ptolemy/domains/de/test/auto/TransferInputs.xml
auto.tcl: Setting watchdog for 200 seconds at Mon Feb 17 21:50:43 UTC 2020
2 ms. Memory: 51200K Free: 30355K (59%)
ptolemy.util.test.WatchDog.cancel(): canceling Mon Feb 17 21:50:43 UTC 2020
auto.tcl: Setting watchdog for 200 seconds at Mon Feb 17 21:50:43 UTC 2020
1 ms. Memory: 51200K Free: 29434K (57%)
ptolemy.util.test.WatchDog.cancel(): canceling Mon Feb 17 21:50:43 UTC 2020
------------------ testing $PTII/ptolemy/domains/de/test/auto/TransferOutputs2.xml
auto.tcl: Setting watchdog for 200 seconds at Mon Feb 17 21:50:43 UTC 2020
2 ms. Memory: 51200K Free: 27784K (54%)
ptolemy.util.test.WatchDog.cancel(): canceling Mon Feb 17 21:50:43 UTC 2020
auto.tcl: Setting watchdog for 200 seconds at Mon Feb 17 21:50:43 UTC 2020
3 ms. Memory: 51200K Free: 26378K (52%)
ptolemy.util.test.WatchDog.cancel(): canceling Mon Feb 17 21:50:43 UTC 2020
------------------ testing $PTII/ptolemy/domains/de/test/auto/Trilateration.xml
auto.tcl: Setting watchdog for 200 seconds at Mon Feb 17 21:50:43 UTC 2020
15040 ms. Memory: 422912K Free: 242284K (57%)
ptolemy.util.test.WatchDog.cancel(): canceling Mon Feb 17 21:50:59 UTC 2020
auto.tcl: Setting watchdog for 200 seconds at Mon Feb 17 21:50:59 UTC 2020
13175 ms. Memory: 422912K Free: 300664K (71%)
ptolemy.util.test.WatchDog.cancel(): canceling Mon Feb 17 21:51:12 UTC 2020
------------------ testing $PTII/ptolemy/domains/de/test/auto/TwoSigmaDelta.xml
auto.tcl: Setting watchdog for 200 seconds at Mon Feb 17 21:51:12 UTC 2020
2208 ms. Memory: 92160K Free: 33070K (36%)
ptolemy.util.test.WatchDog.cancel(): canceling Mon Feb 17 21:51:15 UTC 2020
auto.tcl: Setting watchdog for 200 seconds at Mon Feb 17 21:51:15 UTC 2020
1971 ms. Memory: 92160K Free: 35187K (38%)
ptolemy.util.test.WatchDog.cancel(): canceling Mon Feb 17 21:51:17 UTC 2020
------------------ testing $PTII/ptolemy/domains/de/test/auto/VariableDelay.xml
auto.tcl: Setting watchdog for 200 seconds at Mon Feb 17 21:51:17 UTC 2020
3 ms. Memory: 55296K Free: 34914K (63%)
ptolemy.util.test.WatchDog.cancel(): canceling Mon Feb 17 21:51:17 UTC 2020
auto.tcl: Setting watchdog for 200 seconds at Mon Feb 17 21:51:17 UTC 2020
2 ms. Memory: 55296K Free: 33920K (61%)
ptolemy.util.test.WatchDog.cancel(): canceling Mon Feb 17 21:51:17 UTC 2020
------------------ testing $PTII/ptolemy/domains/de/test/auto/VariableDelay2.xml
auto.tcl: Setting watchdog for 200 seconds at Mon Feb 17 21:51:17 UTC 2020
1 ms. Memory: 55296K Free: 35311K (64%)
ptolemy.util.test.WatchDog.cancel(): canceling Mon Feb 17 21:51:17 UTC 2020
auto.tcl: Setting watchdog for 200 seconds at Mon Feb 17 21:51:17 UTC 2020
2 ms. Memory: 55296K Free: 34829K (63%)
ptolemy.util.test.WatchDog.cancel(): canceling Mon Feb 17 21:51:17 UTC 2020
------------------ testing $PTII/ptolemy/domains/de/test/auto/VariableDelayZeroDelay.xml
auto.tcl: Setting watchdog for 200 seconds at Mon Feb 17 21:51:17 UTC 2020
4 ms. Memory: 55296K Free: 35854K (65%)
ptolemy.util.test.WatchDog.cancel(): canceling Mon Feb 17 21:51:17 UTC 2020
auto.tcl: Setting watchdog for 200 seconds at Mon Feb 17 21:51:17 UTC 2020
2 ms. Memory: 55296K Free: 35310K (64%)
ptolemy.util.test.WatchDog.cancel(): canceling Mon Feb 17 21:51:17 UTC 2020
------------------ testing $PTII/ptolemy/domains/de/test/auto/VariableDelayZeroDelay2.xml
auto.tcl: Setting watchdog for 200 seconds at Mon Feb 17 21:51:17 UTC 2020
5 ms. Memory: 55296K Free: 35852K (65%)
ptolemy.util.test.WatchDog.cancel(): canceling Mon Feb 17 21:51:17 UTC 2020
auto.tcl: Setting watchdog for 200 seconds at Mon Feb 17 21:51:17 UTC 2020
4 ms. Memory: 55296K Free: 34828K (63%)
ptolemy.util.test.WatchDog.cancel(): canceling Mon Feb 17 21:51:17 UTC 2020
------------------ testing $PTII/ptolemy/domains/de/test/auto/deInCt.xml
auto.tcl: Setting watchdog for 200 seconds at Mon Feb 17 21:51:17 UTC 2020
0
1
1
1
0
0
0
1
1
1
1
1
1
1
0
0
0
1
1
1
1
0
0
0
0
1
1
1
1
14 ms. Memory: 55296K Free: 34826K (63%)
ptolemy.util.test.WatchDog.cancel(): canceling Mon Feb 17 21:51:17 UTC 2020
auto.tcl: Setting watchdog for 200 seconds at Mon Feb 17 21:51:17 UTC 2020
0
1
1
1
0
0
0
0
1
1
1
0
0
0
1
1
1
1
1
1
0
0
1
1
1
1
0
0
0
1
1
1
1
7 ms. Memory: 55296K Free: 33288K (60%)
ptolemy.util.test.WatchDog.cancel(): canceling Mon Feb 17 21:51:17 UTC 2020
------------------ testing $PTII/ptolemy/domains/de/test/auto/deInCt2.xml
auto.tcl: Setting watchdog for 200 seconds at Mon Feb 17 21:51:17 UTC 2020
0
1
1
1
0
0
1
1
1
0
0
1
1
1
0
0
1
1
1
0
0
1
1
1
0
0
1
1
1
0
0
1
1
1
0
0
1
1
1
0
0
0
9 ms. Memory: 55296K Free: 34828K (63%)
ptolemy.util.test.WatchDog.cancel(): canceling Mon Feb 17 21:51:17 UTC 2020
auto.tcl: Setting watchdog for 200 seconds at Mon Feb 17 21:51:17 UTC 2020
0
1
1
1
0
0
1
1
1
0
0
1
1
1
0
0
1
1
1
0
0
1
1
1
0
0
1
1
1
0
0
1
1
1
0
0
1
1
1
0
0
0
6 ms. Memory: 55296K Free: 33276K (60%)
ptolemy.util.test.WatchDog.cancel(): canceling Mon Feb 17 21:51:17 UTC 2020
------------------ testing $PTII/ptolemy/domains/de/test/auto/dynamicCausalityInterface1.xml
auto.tcl: Setting watchdog for 200 seconds at Mon Feb 17 21:51:17 UTC 2020
5 ms. Memory: 55296K Free: 30726K (56%)
ptolemy.util.test.WatchDog.cancel(): canceling Mon Feb 17 21:51:17 UTC 2020
auto.tcl: Setting watchdog for 200 seconds at Mon Feb 17 21:51:17 UTC 2020
1 ms. Memory: 55296K Free: 30212K (55%)
ptolemy.util.test.WatchDog.cancel(): canceling Mon Feb 17 21:51:17 UTC 2020
------------------ testing $PTII/ptolemy/domains/de/test/auto/fsm_de_test.xml
auto.tcl: Setting watchdog for 200 seconds at Mon Feb 17 21:51:17 UTC 2020
7 ms. Memory: 55296K Free: 30625K (55%)
ptolemy.util.test.WatchDog.cancel(): canceling Mon Feb 17 21:51:17 UTC 2020
auto.tcl: Setting watchdog for 200 seconds at Mon Feb 17 21:51:17 UTC 2020
5 ms. Memory: 55296K Free: 28577K (52%)
ptolemy.util.test.WatchDog.cancel(): canceling Mon Feb 17 21:51:17 UTC 2020
------------------ testing $PTII/ptolemy/domains/de/test/auto/functionDependencyReconstruction.xml
auto.tcl: Setting watchdog for 200 seconds at Mon Feb 17 21:51:17 UTC 2020
3 ms. Memory: 55296K Free: 24470K (44%)
ptolemy.util.test.WatchDog.cancel(): canceling Mon Feb 17 21:51:17 UTC 2020
auto.tcl: Setting watchdog for 200 seconds at Mon Feb 17 21:51:17 UTC 2020
3 ms. Memory: 55296K Free: 22422K (41%)
ptolemy.util.test.WatchDog.cancel(): canceling Mon Feb 17 21:51:17 UTC 2020
------------------ testing $PTII/ptolemy/domains/de/test/auto/multirate.xml
auto.tcl: Setting watchdog for 200 seconds at Mon Feb 17 21:51:17 UTC 2020
3 ms. Memory: 55296K Free: 33246K (60%)
ptolemy.util.test.WatchDog.cancel(): canceling Mon Feb 17 21:51:17 UTC 2020
auto.tcl: Setting watchdog for 200 seconds at Mon Feb 17 21:51:17 UTC 2020
8 ms. Memory: 55296K Free: 31521K (57%)
ptolemy.util.test.WatchDog.cancel(): canceling Mon Feb 17 21:51:17 UTC 2020
------------------ testing $PTII/ptolemy/domains/de/test/auto/multirate2.xml
auto.tcl: Setting watchdog for 200 seconds at Mon Feb 17 21:51:17 UTC 2020
2 ms. Memory: 55296K Free: 33222K (60%)
ptolemy.util.test.WatchDog.cancel(): canceling Mon Feb 17 21:51:17 UTC 2020
auto.tcl: Setting watchdog for 200 seconds at Mon Feb 17 21:51:17 UTC 2020
3 ms. Memory: 55296K Free: 31702K (57%)
ptolemy.util.test.WatchDog.cancel(): canceling Mon Feb 17 21:51:17 UTC 2020
------------------ testing $PTII/ptolemy/domains/de/test/auto/realtime.xml
auto.tcl: Setting watchdog for 200 seconds at Mon Feb 17 21:51:17 UTC 2020
10002 ms. Memory: 55296K Free: 35469K (64%)
ptolemy.util.test.WatchDog.cancel(): canceling Mon Feb 17 21:51:27 UTC 2020
auto.tcl: Setting watchdog for 200 seconds at Mon Feb 17 21:51:27 UTC 2020
10001 ms. Memory: 55296K Free: 34925K (63%)
ptolemy.util.test.WatchDog.cancel(): canceling Mon Feb 17 21:51:37 UTC 2020
------------------ testing $PTII/ptolemy/domains/de/test/auto/relationGroup.xml
auto.tcl: Setting watchdog for 200 seconds at Mon Feb 17 21:51:38 UTC 2020
2 ms. Memory: 55296K Free: 36558K (66%)
ptolemy.util.test.WatchDog.cancel(): canceling Mon Feb 17 21:51:38 UTC 2020
auto.tcl: Setting watchdog for 200 seconds at Mon Feb 17 21:51:38 UTC 2020
2 ms. Memory: 55296K Free: 36030K (65%)
ptolemy.util.test.WatchDog.cancel(): canceling Mon Feb 17 21:51:38 UTC 2020
------------------ testing $PTII/ptolemy/domains/de/test/auto/relationGroup2.xml
auto.tcl: Setting watchdog for 200 seconds at Mon Feb 17 21:51:38 UTC 2020
2 ms. Memory: 55296K Free: 36389K (66%)
ptolemy.util.test.WatchDog.cancel(): canceling Mon Feb 17 21:51:38 UTC 2020
auto.tcl: Setting watchdog for 200 seconds at Mon Feb 17 21:51:38 UTC 2020
2 ms. Memory: 55296K Free: 35879K (65%)
ptolemy.util.test.WatchDog.cancel(): canceling Mon Feb 17 21:51:38 UTC 2020
------------------ testing $PTII/ptolemy/domains/de/test/auto/sortWithOpaquePorts.xml
auto.tcl: Setting watchdog for 200 seconds at Mon Feb 17 21:51:38 UTC 2020
1 ms. Memory: 55296K Free: 35352K (64%)
ptolemy.util.test.WatchDog.cancel(): canceling Mon Feb 17 21:51:38 UTC 2020
auto.tcl: Setting watchdog for 200 seconds at Mon Feb 17 21:51:38 UTC 2020
2 ms. Memory: 55296K Free: 34328K (62%)
ptolemy.util.test.WatchDog.cancel(): canceling Mon Feb 17 21:51:38 UTC 2020
------------------ testing $PTII/ptolemy/domains/de/test/auto/transferInputsandOutputs.xml
auto.tcl: Setting watchdog for 200 seconds at Mon Feb 17 21:51:38 UTC 2020
4 ms. Memory: 55296K Free: 32796K (59%)
ptolemy.util.test.WatchDog.cancel(): canceling Mon Feb 17 21:51:38 UTC 2020
auto.tcl: Setting watchdog for 200 seconds at Mon Feb 17 21:51:38 UTC 2020
2 ms. Memory: 55296K Free: 31772K (57%)
ptolemy.util.test.WatchDog.cancel(): canceling Mon Feb 17 21:51:38 UTC 2020
------------------ testing $PTII/ptolemy/domains/de/test/auto/triggerType.xml
auto.tcl: Setting watchdog for 200 seconds at Mon Feb 17 21:51:38 UTC 2020
2 ms. Memory: 55296K Free: 35821K (65%)
ptolemy.util.test.WatchDog.cancel(): canceling Mon Feb 17 21:51:38 UTC 2020
auto.tcl: Setting watchdog for 200 seconds at Mon Feb 17 21:51:38 UTC 2020
2 ms. Memory: 55296K Free: 34797K (63%)
ptolemy.util.test.WatchDog.cancel(): canceling Mon Feb 17 21:51:38 UTC 2020
02/17/20 09:51:38
Failed: 0  Total Tests: 192  ((Passed: 187, Newly Passed: 1)  Known Failed: 5) /home/travis/build/icyphy/ptII/ptolemy/domains/de/test
02/17/20 09:51:38
Failed: 0  Total Tests: 192  ((Passed: 187, Newly Passed: 1)  Known Failed: 5) /home/travis/build/icyphy/ptII/ptolemy/domains/de/test
----------------- testing (KnownFailure) /home/travis/build/icyphy/ptII/ptolemy/domains/de/test/auto/knownFailedTests/DESDFClockTest.xml
2012 ms. Memory: 55296K Free: 28706K (52%)
Known Failure: java.lang.reflect.InvocationTargetException
----------------- testing (KnownFailure) /home/travis/build/icyphy/ptII/ptolemy/domains/de/test/auto/knownFailedTests/DirectFeedback.xml
2 ms. Memory: 55296K Free: 25120K (45%)
Known Failure: java.lang.reflect.InvocationTargetException
----------------- testing (KnownFailure) /home/travis/build/icyphy/ptII/ptolemy/domains/de/test/auto/knownFailedTests/FSMSource.xml
16 ms. Memory: 55296K Free: 17442K (32%)
----------------- testing (KnownFailure) /home/travis/build/icyphy/ptII/ptolemy/domains/de/test/auto/knownFailedTests/HierarchicalModel.xml
4 ms. Memory: 55296K Free: 32652K (59%)
Known Failure: java.lang.reflect.InvocationTargetException
----------------- testing (KnownFailure) /home/travis/build/icyphy/ptII/ptolemy/domains/de/test/auto/knownFailedTests/dependencyLoop.xml
2 ms. Memory: 55296K Free: 16967K (31%)
Known Failure: java.lang.reflect.InvocationTargetException
----------------- testing (KnownFailure) /home/travis/build/icyphy/ptII/ptolemy/domains/de/test/auto/knownFailedTests/dependencyLoop2.xml
7 ms. Memory: 55296K Free: 32961K (60%)
Known Failure: java.lang.reflect.InvocationTargetException
No auto/linux-amd64/*.xml tests in /home/travis/build/icyphy/ptII/ptolemy/domains/de/test
AutoTests.java: About to close Vertx.
AutoTests.java: Vertx closed.

===========================================================================================
----------------- testing Mon Feb 17 21:51:40 UTC 2020 /home/travis/build/icyphy/ptII/ptolemy/domains/de/test/auto/ActorDepthCalculation_actorWithoutPorts.xml
----------------- Instantiating /home/travis/build/icyphy/ptII/ptolemy/domains/de/test/auto/ActorDepthCalculation_actorWithoutPorts.xml
2 ms. Memory: 55296K Free: 26172K (47%)
----------------- Invoking toplevel() on ptolemy.moml.MoMLSimpleApplication@4821d465
----------------- Done invoking toplevel() on ptolemy.moml.MoMLSimpleApplication@4821d465
reloadAllAccessors: .ActorDepthCalculation_actorWithoutPorts

===========================================================================================
----------------- testing Mon Feb 17 21:51:40 UTC 2020 /home/travis/build/icyphy/ptII/ptolemy/domains/de/test/auto/AssemblyLine.xml
----------------- Instantiating /home/travis/build/icyphy/ptII/ptolemy/domains/de/test/auto/AssemblyLine.xml
4 ms. Memory: 55296K Free: 19065K (34%)
----------------- Invoking toplevel() on ptolemy.moml.MoMLSimpleApplication@5a517e5
----------------- Done invoking toplevel() on ptolemy.moml.MoMLSimpleApplication@5a517e5
reloadAllAccessors: .AssemblyLine

===========================================================================================
----------------- testing Mon Feb 17 21:51:40 UTC 2020 /home/travis/build/icyphy/ptII/ptolemy/domains/de/test/auto/CQBug1.xml
----------------- Instantiating /home/travis/build/icyphy/ptII/ptolemy/domains/de/test/auto/CQBug1.xml
1 ms. Memory: 55296K Free: 15987K (29%)
----------------- Invoking toplevel() on ptolemy.moml.MoMLSimpleApplication@7ac096c4
----------------- Done invoking toplevel() on ptolemy.moml.MoMLSimpleApplication@7ac096c4
reloadAllAccessors: .CQBug1

===========================================================================================
----------------- testing Mon Feb 17 21:51:40 UTC 2020 /home/travis/build/icyphy/ptII/ptolemy/domains/de/test/auto/CancelFireAt.xml
----------------- Instantiating /home/travis/build/icyphy/ptII/ptolemy/domains/de/test/auto/CancelFireAt.xml
9 ms. Memory: 55296K Free: 13553K (25%)
----------------- Invoking toplevel() on ptolemy.moml.MoMLSimpleApplication@49da2dc6
----------------- Done invoking toplevel() on ptolemy.moml.MoMLSimpleApplication@49da2dc6
reloadAllAccessors: .CancelFireAt

===========================================================================================
----------------- testing Mon Feb 17 21:51:40 UTC 2020 /home/travis/build/icyphy/ptII/ptolemy/domains/de/test/auto/CausalityAndComposabilityAnalysis.xml
----------------- Instantiating /home/travis/build/icyphy/ptII/ptolemy/domains/de/test/auto/CausalityAndComposabilityAnalysis.xml
2 ms. Memory: 55296K Free: 9110K (16%)
----------------- Invoking toplevel() on ptolemy.moml.MoMLSimpleApplication@6f44638f
----------------- Done invoking toplevel() on ptolemy.moml.MoMLSimpleApplication@6f44638f
reloadAllAccessors: .CausalityAndComposabilityAnalysis

===========================================================================================
----------------- testing Mon Feb 17 21:51:40 UTC 2020 /home/travis/build/icyphy/ptII/ptolemy/domains/de/test/auto/CausalityInterface1.xml
----------------- Instantiating /home/travis/build/icyphy/ptII/ptolemy/domains/de/test/auto/CausalityInterface1.xml
5 ms. Memory: 55296K Free: 35332K (64%)
----------------- Invoking toplevel() on ptolemy.moml.MoMLSimpleApplication@13348a0c
----------------- Done invoking toplevel() on ptolemy.moml.MoMLSimpleApplication@13348a0c
reloadAllAccessors: .CausalityInterface1

===========================================================================================
----------------- testing Mon Feb 17 21:51:40 UTC 2020 /home/travis/build/icyphy/ptII/ptolemy/domains/de/test/auto/CausalityInterface15.xml
----------------- Instantiating /home/travis/build/icyphy/ptII/ptolemy/domains/de/test/auto/CausalityInterface15.xml
2 ms. Memory: 55296K Free: 29558K (53%)
----------------- Invoking toplevel() on ptolemy.moml.MoMLSimpleApplication@76746aa1
----------------- Done invoking toplevel() on ptolemy.moml.MoMLSimpleApplication@76746aa1
reloadAllAccessors: .CausalityInterface15

===========================================================================================
----------------- testing Mon Feb 17 21:51:40 UTC 2020 /home/travis/build/icyphy/ptII/ptolemy/domains/de/test/auto/CausalityInterface2.xml
----------------- Instantiating /home/travis/build/icyphy/ptII/ptolemy/domains/de/test/auto/CausalityInterface2.xml
2 ms. Memory: 55296K Free: 24763K (45%)
----------------- Invoking toplevel() on ptolemy.moml.MoMLSimpleApplication@b38eaae
[...]
	at ptolemy.actor.Manager.run(Manager.java:1263)
	at ptolemy.actor.Manager$PtolemyRunThread.run(Manager.java:1933)
java.lang.RuntimeException: Execution failed
	at ptolemy.moml.MoMLSimpleApplication$UnloadThread.run(MoMLSimpleApplication.java:402)
Caused by: ptolemy.kernel.util.IllegalActionException: Actor is not ready to fire.  Perhaps UpSample.prefire() returned false? Try debugging the actor by selecting "Listen to Actor".  Also, for SDF check moml for tokenConsumptionRate on input.
  in .DESDFClockTest.Play Bell.Copy1:SDF Director and .DESDFClockTest.Play Bell.UpSample
	at ptolemy.actor.sched.StaticSchedulingDirector.fire(StaticSchedulingDirector.java:227)
	at ptolemy.domains.sdf.kernel.SDFDirector.fire(SDFDirector.java:500)
	at ptolemy.actor.CompositeActor.fire(CompositeActor.java:455)
	at ptolemy.domains.de.kernel.DEDirector._fire(DEDirector.java:1949)
	at ptolemy.domains.de.kernel.DEDirector.fire(DEDirector.java:502)
	at ptolemy.actor.CompositeActor.fire(CompositeActor.java:455)
	at ptolemy.actor.Manager.iterate(Manager.java:851)
	at ptolemy.actor.Manager.execute(Manager.java:369)
	at ptolemy.actor.Manager.run(Manager.java:1263)
	at ptolemy.actor.Manager$PtolemyRunThread.run(Manager.java:1933)
java.lang.reflect.InvocationTargetException
	at java.base/jdk.internal.reflect.NativeConstructorAccessorImpl.newInstance0(Native Method)
	at java.base/jdk.internal.reflect.NativeConstructorAccessorImpl.newInstance(NativeConstructorAccessorImpl.java:62)
	at java.base/jdk.internal.reflect.DelegatingConstructorAccessorImpl.newInstance(DelegatingConstructorAccessorImpl.java:45)
	at java.base/java.lang.reflect.Constructor.newInstance(Constructor.java:490)
	at ptolemy.util.test.junit.AutoKnownFailedTests.RunModel(AutoKnownFailedTests.java:105)
	at java.base/jdk.internal.reflect.NativeMethodAccessorImpl.invoke0(Native Method)
	at java.base/jdk.internal.reflect.NativeMethodAccessorImpl.invoke(NativeMethodAccessorImpl.java:62)
	at java.base/jdk.internal.reflect.DelegatingMethodAccessorImpl.invoke(DelegatingMethodAccessorImpl.java:43)
	at java.base/java.lang.reflect.Method.invoke(Method.java:566)
	at org.junit.runners.model.FrameworkMethod$1.runReflectiveCall(FrameworkMethod.java:44)
	at org.junit.internal.runners.model.ReflectiveCallable.run(ReflectiveCallable.java:15)
	at org.junit.runners.model.FrameworkMethod.invokeExplosively(FrameworkMethod.java:41)
	at junitparams.internal.InvokeParameterisedMethod.evaluate(InvokeParameterisedMethod.java:102)
	at org.junit.internal.runners.statements.FailOnTimeout$1.run(FailOnTimeout.java:28)
Caused by: ptolemy.kernel.util.IllegalActionException: Actor is not ready to fire.  Perhaps UpSample.prefire() returned false? Try debugging the actor by selecting "Listen to Actor".  Also, for SDF check moml for tokenConsumptionRate on input.
  in .DESDFClockTest.Play Bell.Copy1:SDF Director and .DESDFClockTest.Play Bell.UpSample
	at ptolemy.actor.sched.StaticSchedulingDirector.fire(StaticSchedulingDirector.java:227)
	at ptolemy.domains.sdf.kernel.SDFDirector.fire(SDFDirector.java:500)
	at ptolemy.actor.CompositeActor.fire(CompositeActor.java:455)
	at ptolemy.domains.de.kernel.DEDirector._fire(DEDirector.java:1949)
	at ptolemy.domains.de.kernel.DEDirector.fire(DEDirector.java:502)
	at ptolemy.actor.CompositeActor.fire(CompositeActor.java:455)
	at ptolemy.actor.Manager.iterate(Manager.java:851)
	at ptolemy.actor.Manager.execute(Manager.java:369)
	at ptolemy.actor.Manager.run(Manager.java:1263)
	at ptolemy.actor.Manager$PtolemyRunThread.run(Manager.java:1933)
java.lang.RuntimeException: Execution failed
	at ptolemy.moml.MoMLSimpleApplication$UnloadThread.run(MoMLSimpleApplication.java:402)
Caused by: ptolemy.kernel.util.IllegalActionException: Test fails in iteration 1.
Value was: 1.0. Should have been: 2.0
  in .DirectFeedback.Test
	at ptolemy.actor.lib.Test.fire(Test.java:268)
	at ptolemy.domains.de.kernel.DEDirector._fire(DEDirector.java:1949)
	at ptolemy.domains.de.kernel.DEDirector.fire(DEDirector.java:502)
	at ptolemy.actor.CompositeActor.fire(CompositeActor.java:455)
	at ptolemy.actor.Manager.iterate(Manager.java:851)
	at ptolemy.actor.Manager.execute(Manager.java:369)
	at ptolemy.actor.Manager.run(Manager.java:1263)
	at ptolemy.actor.Manager$PtolemyRunThread.run(Manager.java:1933)
java.lang.reflect.InvocationTargetException
	at java.base/jdk.internal.reflect.NativeConstructorAccessorImpl.newInstance0(Native Method)
	at java.base/jdk.internal.reflect.NativeConstructorAccessorImpl.newInstance(NativeConstructorAccessorImpl.java:62)
	at java.base/jdk.internal.reflect.DelegatingConstructorAccessorImpl.newInstance(DelegatingConstructorAccessorImpl.java:45)
	at java.base/java.lang.reflect.Constructor.newInstance(Constructor.java:490)
	at ptolemy.util.test.junit.AutoKnownFailedTests.RunModel(AutoKnownFailedTests.java:105)
	at java.base/jdk.internal.reflect.NativeMethodAccessorImpl.invoke0(Native Method)
	at java.base/jdk.internal.reflect.NativeMethodAccessorImpl.invoke(NativeMethodAccessorImpl.java:62)
	at java.base/jdk.internal.reflect.DelegatingMethodAccessorImpl.invoke(DelegatingMethodAccessorImpl.java:43)
	at java.base/java.lang.reflect.Method.invoke(Method.java:566)
	at org.junit.runners.model.FrameworkMethod$1.runReflectiveCall(FrameworkMethod.java:44)
	at org.junit.internal.runners.model.ReflectiveCallable.run(ReflectiveCallable.java:15)
	at org.junit.runners.model.FrameworkMethod.invokeExplosively(FrameworkMethod.java:41)
	at junitparams.internal.InvokeParameterisedMethod.evaluate(InvokeParameterisedMethod.java:102)
	at org.junit.internal.runners.statements.FailOnTimeout$1.run(FailOnTimeout.java:28)
Caused by: ptolemy.kernel.util.IllegalActionException: Test fails in iteration 1.
Value was: 1.0. Should have been: 2.0
  in .DirectFeedback.Test
	at ptolemy.actor.lib.Test.fire(Test.java:268)
	at ptolemy.domains.de.kernel.DEDirector._fire(DEDirector.java:1949)
	at ptolemy.domains.de.kernel.DEDirector.fire(DEDirector.java:502)
	at ptolemy.actor.CompositeActor.fire(CompositeActor.java:455)
	at ptolemy.actor.Manager.iterate(Manager.java:851)
	at ptolemy.actor.Manager.execute(Manager.java:369)
	at ptolemy.actor.Manager.run(Manager.java:1263)
	at ptolemy.actor.Manager$PtolemyRunThread.run(Manager.java:1933)
java.lang.RuntimeException: Execution failed
	at ptolemy.moml.MoMLSimpleApplication$UnloadThread.run(MoMLSimpleApplication.java:402)
Caused by: ptolemy.kernel.util.IllegalActionException: Found a zero delay loop containing .HierarchicalModel.A
  in .HierarchicalModel and .HierarchicalModel.A
	at ptolemy.actor.util.CausalityInterfaceForComposites._computeOutputPortDepth(CausalityInterfaceForComposites.java:759)
	at ptolemy.actor.util.CausalityInterfaceForComposites._computeInputDepth(CausalityInterfaceForComposites.java:696)
	at ptolemy.actor.util.CausalityInterfaceForComposites._computeOutputPortDepth(CausalityInterfaceForComposites.java:765)
	at ptolemy.actor.util.CausalityInterfaceForComposites._computeInputDepth(CausalityInterfaceForComposites.java:696)
	at ptolemy.actor.util.CausalityInterfaceForComposites._computeOutputPortDepth(CausalityInterfaceForComposites.java:765)
	at ptolemy.actor.util.CausalityInterfaceForComposites._computeInputDepth(CausalityInterfaceForComposites.java:696)
	at ptolemy.actor.util.CausalityInterfaceForComposites._computeActorDepth(CausalityInterfaceForComposites.java:532)
	at ptolemy.actor.util.CausalityInterfaceForComposites.checkForCycles(CausalityInterfaceForComposites.java:96)
	at ptolemy.domains.de.kernel.DEDirector.preinitialize(DEDirector.java:1338)
	at ptolemy.actor.CompositeActor.preinitialize(CompositeActor.java:1828)
	at ptolemy.actor.Manager.preinitializeAndResolveTypes(Manager.java:1040)
	at ptolemy.actor.Manager.initialize(Manager.java:710)
	at ptolemy.actor.Manager.execute(Manager.java:356)
	at ptolemy.actor.Manager.run(Manager.java:1263)
	at ptolemy.actor.Manager$PtolemyRunThread.run(Manager.java:1933)
java.lang.reflect.InvocationTargetException
	at java.base/jdk.internal.reflect.NativeConstructorAccessorImpl.newInstance0(Native Method)
	at java.base/jdk.internal.reflect.NativeConstructorAccessorImpl.newInstance(NativeConstructorAccessorImpl.java:62)
	at java.base/jdk.internal.reflect.DelegatingConstructorAccessorImpl.newInstance(DelegatingConstructorAccessorImpl.java:45)
	at java.base/java.lang.reflect.Constructor.newInstance(Constructor.java:490)
	at ptolemy.util.test.junit.AutoKnownFailedTests.RunModel(AutoKnownFailedTests.java:105)
	at java.base/jdk.internal.reflect.NativeMethodAccessorImpl.invoke0(Native Method)
	at java.base/jdk.internal.reflect.NativeMethodAccessorImpl.invoke(NativeMethodAccessorImpl.java:62)
	at java.base/jdk.internal.reflect.DelegatingMethodAccessorImpl.invoke(DelegatingMethodAccessorImpl.java:43)
	at java.base/java.lang.reflect.Method.invoke(Method.java:566)
	at org.junit.runners.model.FrameworkMethod$1.runReflectiveCall(FrameworkMethod.java:44)
	at org.junit.internal.runners.model.ReflectiveCallable.run(ReflectiveCallable.java:15)
	at org.junit.runners.model.FrameworkMethod.invokeExplosively(FrameworkMethod.java:41)
	at junitparams.internal.InvokeParameterisedMethod.evaluate(InvokeParameterisedMethod.java:102)
	at org.junit.internal.runners.statements.FailOnTimeout$1.run(FailOnTimeout.java:28)
Caused by: ptolemy.kernel.util.IllegalActionException: Found a zero delay loop containing .HierarchicalModel.A
  in .HierarchicalModel and .HierarchicalModel.A
	at ptolemy.actor.util.CausalityInterfaceForComposites._computeOutputPortDepth(CausalityInterfaceForComposites.java:759)
	at ptolemy.actor.util.CausalityInterfaceForComposites._computeInputDepth(CausalityInterfaceForComposites.java:696)
	at ptolemy.actor.util.CausalityInterfaceForComposites._computeOutputPortDepth(CausalityInterfaceForComposites.java:765)
	at ptolemy.actor.util.CausalityInterfaceForComposites._computeInputDepth(CausalityInterfaceForComposites.java:696)
	at ptolemy.actor.util.CausalityInterfaceForComposites._computeOutputPortDepth(CausalityInterfaceForComposites.java:765)
	at ptolemy.actor.util.CausalityInterfaceForComposites._computeInputDepth(CausalityInterfaceForComposites.java:696)
	at ptolemy.actor.util.CausalityInterfaceForComposites._computeActorDepth(CausalityInterfaceForComposites.java:532)
	at ptolemy.actor.util.CausalityInterfaceForComposites.checkForCycles(CausalityInterfaceForComposites.java:96)
	at ptolemy.domains.de.kernel.DEDirector.preinitialize(DEDirector.java:1338)
	at ptolemy.actor.CompositeActor.preinitialize(CompositeActor.java:1828)
	at ptolemy.actor.Manager.preinitializeAndResolveTypes(Manager.java:1040)
	at ptolemy.actor.Manager.initialize(Manager.java:710)
	at ptolemy.actor.Manager.execute(Manager.java:356)
	at ptolemy.actor.Manager.run(Manager.java:1263)
	at ptolemy.actor.Manager$PtolemyRunThread.run(Manager.java:1933)
java.lang.RuntimeException: Execution failed
	at ptolemy.moml.MoMLSimpleApplication$UnloadThread.run(MoMLSimpleApplication.java:402)
Caused by: ptolemy.kernel.util.IllegalActionException: Found a zero delay loop containing .dependencyLoop.original
  in .dependencyLoop and .dependencyLoop.original
	at ptolemy.actor.util.CausalityInterfaceForComposites._computeOutputPortDepth(CausalityInterfaceForComposites.java:759)
	at ptolemy.actor.util.CausalityInterfaceForComposites._computeInputDepth(CausalityInterfaceForComposites.java:696)
	at ptolemy.actor.util.CausalityInterfaceForComposites._computeOutputPortDepth(CausalityInterfaceForComposites.java:765)
	at ptolemy.actor.util.CausalityInterfaceForComposites._computeInputDepth(CausalityInterfaceForComposites.java:696)
	at ptolemy.actor.util.CausalityInterfaceForComposites._computeOutputPortDepth(CausalityInterfaceForComposites.java:765)
	at ptolemy.actor.util.CausalityInterfaceForComposites._computeInputDepth(CausalityInterfaceForComposites.java:696)
	at ptolemy.actor.util.CausalityInterfaceForComposites._computeActorDepth(CausalityInterfaceForComposites.java:532)
	at ptolemy.actor.util.CausalityInterfaceForComposites.checkForCycles(CausalityInterfaceForComposites.java:96)
	at ptolemy.domains.de.kernel.DEDirector.preinitialize(DEDirector.java:1338)
	at ptolemy.actor.CompositeActor.preinitialize(CompositeActor.java:1828)
	at ptolemy.actor.Manager.preinitializeAndResolveTypes(Manager.java:1040)
	at ptolemy.actor.Manager.initialize(Manager.java:710)
	at ptolemy.actor.Manager.execute(Manager.java:356)
	at ptolemy.actor.Manager.run(Manager.java:1263)
	at ptolemy.actor.Manager$PtolemyRunThread.run(Manager.java:1933)
java.lang.reflect.InvocationTargetException
	at java.base/jdk.internal.reflect.NativeConstructorAccessorImpl.newInstance0(Native Method)
	at java.base/jdk.internal.reflect.NativeConstructorAccessorImpl.newInstance(NativeConstructorAccessorImpl.java:62)
	at java.base/jdk.internal.reflect.DelegatingConstructorAccessorImpl.newInstance(DelegatingConstructorAccessorImpl.java:45)
	at java.base/java.lang.reflect.Constructor.newInstance(Constructor.java:490)
	at ptolemy.util.test.junit.AutoKnownFailedTests.RunModel(AutoKnownFailedTests.java:105)
	at java.base/jdk.internal.reflect.NativeMethodAccessorImpl.invoke0(Native Method)
	at java.base/jdk.internal.reflect.NativeMethodAccessorImpl.invoke(NativeMethodAccessorImpl.java:62)
	at java.base/jdk.internal.reflect.DelegatingMethodAccessorImpl.invoke(DelegatingMethodAccessorImpl.java:43)
	at java.base/java.lang.reflect.Method.invoke(Method.java:566)
	at org.junit.runners.model.FrameworkMethod$1.runReflectiveCall(FrameworkMethod.java:44)
	at org.junit.internal.runners.model.ReflectiveCallable.run(ReflectiveCallable.java:15)
	at org.junit.runners.model.FrameworkMethod.invokeExplosively(FrameworkMethod.java:41)
	at junitparams.internal.InvokeParameterisedMethod.evaluate(InvokeParameterisedMethod.java:102)
	at org.junit.internal.runners.statements.FailOnTimeout$1.run(FailOnTimeout.java:28)
Caused by: ptolemy.kernel.util.IllegalActionException: Found a zero delay loop containing .dependencyLoop.original
  in .dependencyLoop and .dependencyLoop.original
	at ptolemy.actor.util.CausalityInterfaceForComposites._computeOutputPortDepth(CausalityInterfaceForComposites.java:759)
	at ptolemy.actor.util.CausalityInterfaceForComposites._computeInputDepth(CausalityInterfaceForComposites.java:696)
	at ptolemy.actor.util.CausalityInterfaceForComposites._computeOutputPortDepth(CausalityInterfaceForComposites.java:765)
	at ptolemy.actor.util.CausalityInterfaceForComposites._computeInputDepth(CausalityInterfaceForComposites.java:696)
	at ptolemy.actor.util.CausalityInterfaceForComposites._computeOutputPortDepth(CausalityInterfaceForComposites.java:765)
	at ptolemy.actor.util.CausalityInterfaceForComposites._computeInputDepth(CausalityInterfaceForComposites.java:696)
	at ptolemy.actor.util.CausalityInterfaceForComposites._computeActorDepth(CausalityInterfaceForComposites.java:532)
	at ptolemy.actor.util.CausalityInterfaceForComposites.checkForCycles(CausalityInterfaceForComposites.java:96)
	at ptolemy.domains.de.kernel.DEDirector.preinitialize(DEDirector.java:1338)
	at ptolemy.actor.CompositeActor.preinitialize(CompositeActor.java:1828)
	at ptolemy.actor.Manager.preinitializeAndResolveTypes(Manager.java:1040)
	at ptolemy.actor.Manager.initialize(Manager.java:710)
	at ptolemy.actor.Manager.execute(Manager.java:356)
	at ptolemy.actor.Manager.run(Manager.java:1263)
	at ptolemy.actor.Manager$PtolemyRunThread.run(Manager.java:1933)
java.lang.RuntimeException: Execution failed
	at ptolemy.moml.MoMLSimpleApplication$UnloadThread.run(MoMLSimpleApplication.java:402)
Caused by: ptolemy.kernel.util.IllegalActionException: Found a zero delay loop containing .dependencyLoop2.original
  in .dependencyLoop2 and .dependencyLoop2.original
	at ptolemy.actor.util.CausalityInterfaceForComposites._computeOutputPortDepth(CausalityInterfaceForComposites.java:759)
	at ptolemy.actor.util.CausalityInterfaceForComposites._computeInputDepth(CausalityInterfaceForComposites.java:696)
	at ptolemy.actor.util.CausalityInterfaceForComposites._computeOutputPortDepth(CausalityInterfaceForComposites.java:765)
	at ptolemy.actor.util.CausalityInterfaceForComposites._computeInputDepth(CausalityInterfaceForComposites.java:696)
	at ptolemy.actor.util.CausalityInterfaceForComposites._computeOutputPortDepth(CausalityInterfaceForComposites.java:765)
	at ptolemy.actor.util.CausalityInterfaceForComposites._computeInputDepth(CausalityInterfaceForComposites.java:696)
	at ptolemy.actor.util.CausalityInterfaceForComposites._computeActorDepth(CausalityInterfaceForComposites.java:532)
	at ptolemy.actor.util.CausalityInterfaceForComposites.checkForCycles(CausalityInterfaceForComposites.java:96)
	at ptolemy.domains.de.kernel.DEDirector.preinitialize(DEDirector.java:1338)
	at ptolemy.actor.CompositeActor.preinitialize(CompositeActor.java:1828)
	at ptolemy.actor.Manager.preinitializeAndResolveTypes(Manager.java:1040)
	at ptolemy.actor.Manager.initialize(Manager.java:710)
	at ptolemy.actor.Manager.execute(Manager.java:356)
	at ptolemy.actor.Manager.run(Manager.java:1263)
	at ptolemy.actor.Manager$PtolemyRunThread.run(Manager.java:1933)
java.lang.reflect.InvocationTargetException
	at java.base/jdk.internal.reflect.NativeConstructorAccessorImpl.newInstance0(Native Method)
	at java.base/jdk.internal.reflect.NativeConstructorAccessorImpl.newInstance(NativeConstructorAccessorImpl.java:62)
	at java.base/jdk.internal.reflect.DelegatingConstructorAccessorImpl.newInstance(DelegatingConstructorAccessorImpl.java:45)
	at java.base/java.lang.reflect.Constructor.newInstance(Constructor.java:490)
	at ptolemy.util.test.junit.AutoKnownFailedTests.RunModel(AutoKnownFailedTests.java:105)
	at java.base/jdk.internal.reflect.NativeMethodAccessorImpl.invoke0(Native Method)
	at java.base/jdk.internal.reflect.NativeMethodAccessorImpl.invoke(NativeMethodAccessorImpl.java:62)
	at java.base/jdk.internal.reflect.DelegatingMethodAccessorImpl.invoke(DelegatingMethodAccessorImpl.java:43)
	at java.base/java.lang.reflect.Method.invoke(Method.java:566)
	at org.junit.runners.model.FrameworkMethod$1.runReflectiveCall(FrameworkMethod.java:44)
	at org.junit.internal.runners.model.ReflectiveCallable.run(ReflectiveCallable.java:15)
	at org.junit.runners.model.FrameworkMethod.invokeExplosively(FrameworkMethod.java:41)
	at junitparams.internal.InvokeParameterisedMethod.evaluate(InvokeParameterisedMethod.java:102)
	at org.junit.internal.runners.statements.FailOnTimeout$1.run(FailOnTimeout.java:28)
Caused by: ptolemy.kernel.util.IllegalActionException: Found a zero delay loop containing .dependencyLoop2.original
  in .dependencyLoop2 and .dependencyLoop2.original
	at ptolemy.actor.util.CausalityInterfaceForComposites._computeOutputPortDepth(CausalityInterfaceForComposites.java:759)
	at ptolemy.actor.util.CausalityInterfaceForComposites._computeInputDepth(CausalityInterfaceForComposites.java:696)
	at ptolemy.actor.util.CausalityInterfaceForComposites._computeOutputPortDepth(CausalityInterfaceForComposites.java:765)
	at ptolemy.actor.util.CausalityInterfaceForComposites._computeInputDepth(CausalityInterfaceForComposites.java:696)
	at ptolemy.actor.util.CausalityInterfaceForComposites._computeOutputPortDepth(CausalityInterfaceForComposites.java:765)
	at ptolemy.actor.util.CausalityInterfaceForComposites._computeInputDepth(CausalityInterfaceForComposites.java:696)
	at ptolemy.actor.util.CausalityInterfaceForComposites._computeActorDepth(CausalityInterfaceForComposites.java:532)
	at ptolemy.actor.util.CausalityInterfaceForComposites.checkForCycles(CausalityInterfaceForComposites.java:96)
	at ptolemy.domains.de.kernel.DEDirector.preinitialize(DEDirector.java:1338)
	at ptolemy.actor.CompositeActor.preinitialize(CompositeActor.java:1828)
	at ptolemy.actor.Manager.preinitializeAndResolveTypes(Manager.java:1040)
	at ptolemy.actor.Manager.initialize(Manager.java:710)
	at ptolemy.actor.Manager.execute(Manager.java:356)
	at ptolemy.actor.Manager.run(Manager.java:1263)
	at ptolemy.actor.Manager$PtolemyRunThread.run(Manager.java:1933)
]]></system-err>
</testsuite>
