<?xml version="1.0" encoding="UTF-8" ?>
<testsuite errors="0" failures="0" hostname="travis-job-d8f4db07-9d6e-4012-9aba-1ac3466765df" name="ptolemy.domains.de.test.junit.JUnitTclTest" skipped="0" tests="101" time="127.828" timestamp="2019-04-03T03:56:11">
  <properties>
[...]
</properties>
  <testcase classname="ptolemy.util.test.junit.TclTests" name="[0] /home/travis/build/icyphy/ptII/ptolemy/domains/de/test/DependencyLoop.tcl (RunTclFile)" time="0.699" />
  <testcase classname="ptolemy.util.test.junit.TclTests" name="[1] /home/travis/build/icyphy/ptII/ptolemy/domains/de/test/RunDETestsAsQSS.tcl (RunTclFile)" time="88.39" />
  <testcase classname="ptolemy.util.test.junit.AutoKnownFailedTests" name="[0] /home/travis/build/icyphy/ptII/ptolemy/domains/de/test/auto/knownFailedTests/DESDFClockTest.xml (RunModel)" time="2.044" />
  <testcase classname="ptolemy.util.test.junit.AutoKnownFailedTests" name="[1] /home/travis/build/icyphy/ptII/ptolemy/domains/de/test/auto/knownFailedTests/DirectFeedback.xml (RunModel)" time="0.018" />
  <testcase classname="ptolemy.util.test.junit.AutoKnownFailedTests" name="[2] /home/travis/build/icyphy/ptII/ptolemy/domains/de/test/auto/knownFailedTests/FSMSource.xml (RunModel)" time="0.023" />
  <testcase classname="ptolemy.util.test.junit.AutoKnownFailedTests" name="[3] /home/travis/build/icyphy/ptII/ptolemy/domains/de/test/auto/knownFailedTests/HierarchicalModel.xml (RunModel)" time="0.04" />
  <testcase classname="ptolemy.util.test.junit.AutoKnownFailedTests" name="[4] /home/travis/build/icyphy/ptII/ptolemy/domains/de/test/auto/knownFailedTests/dependencyLoop.xml (RunModel)" time="0.038" />
  <testcase classname="ptolemy.util.test.junit.AutoKnownFailedTests" name="[5] /home/travis/build/icyphy/ptII/ptolemy/domains/de/test/auto/knownFailedTests/dependencyLoop2.xml (RunModel)" time="0.032" />
  <testcase classname="ptolemy.util.test.junit.AutoNameArchTests" name="[0] ThereAreNoAutoArchTests (RunModel)" time="0.001" />
  <testcase classname="ptolemy.util.test.junit.AutoTests" name="[0] /home/travis/build/icyphy/ptII/ptolemy/domains/de/test/auto/ActorDepthCalculation_actorWithoutPorts.xml (RunModel)" time="0.01" />
  <testcase classname="ptolemy.util.test.junit.AutoTests" name="[1] /home/travis/build/icyphy/ptII/ptolemy/domains/de/test/auto/AssemblyLine.xml (RunModel)" time="0.018" />
  <testcase classname="ptolemy.util.test.junit.AutoTests" name="[2] /home/travis/build/icyphy/ptII/ptolemy/domains/de/test/auto/CQBug1.xml (RunModel)" time="0.008" />
  <testcase classname="ptolemy.util.test.junit.AutoTests" name="[3] /home/travis/build/icyphy/ptII/ptolemy/domains/de/test/auto/CancelFireAt.xml (RunModel)" time="0.008" />
  <testcase classname="ptolemy.util.test.junit.AutoTests" name="[4] /home/travis/build/icyphy/ptII/ptolemy/domains/de/test/auto/CausalityAndComposabilityAnalysis.xml (RunModel)" time="0.008" />
  <testcase classname="ptolemy.util.test.junit.AutoTests" name="[5] /home/travis/build/icyphy/ptII/ptolemy/domains/de/test/auto/CausalityInterface1.xml (RunModel)" time="0.012" />
  <testcase classname="ptolemy.util.test.junit.AutoTests" name="[6] /home/travis/build/icyphy/ptII/ptolemy/domains/de/test/auto/CausalityInterface15.xml (RunModel)" time="0.022" />
  <testcase classname="ptolemy.util.test.junit.AutoTests" name="[7] /home/travis/build/icyphy/ptII/ptolemy/domains/de/test/auto/CausalityInterface2.xml (RunModel)" time="0.013" />
  <testcase classname="ptolemy.util.test.junit.AutoTests" name="[8] /home/travis/build/icyphy/ptII/ptolemy/domains/de/test/auto/CausalityInterface3.xml (RunModel)" time="0.007" />
  <testcase classname="ptolemy.util.test.junit.AutoTests" name="[9] /home/travis/build/icyphy/ptII/ptolemy/domains/de/test/auto/ClockDrift.xml (RunModel)" time="0.029" />
  <testcase classname="ptolemy.util.test.junit.AutoTests" name="[10] /home/travis/build/icyphy/ptII/ptolemy/domains/de/test/auto/ClockDriftAndValueChange.xml (RunModel)" time="0.023" />
  <testcase classname="ptolemy.util.test.junit.AutoTests" name="[11] /home/travis/build/icyphy/ptII/ptolemy/domains/de/test/auto/ClockDriftChange.xml (RunModel)" time="0.02" />
  <testcase classname="ptolemy.util.test.junit.AutoTests" name="[12] /home/travis/build/icyphy/ptII/ptolemy/domains/de/test/auto/ComposableCausalityAnalysis.xml (RunModel)" time="0.014" />
  <testcase classname="ptolemy.util.test.junit.AutoTests" name="[13] /home/travis/build/icyphy/ptII/ptolemy/domains/de/test/auto/DEFixedPointLimitation.xml (RunModel)" time="0.007" />
  <testcase classname="ptolemy.util.test.junit.AutoTests" name="[14] /home/travis/build/icyphy/ptII/ptolemy/domains/de/test/auto/DEScheduleTest.xml (RunModel)" time="0.008" />
  <testcase classname="ptolemy.util.test.junit.AutoTests" name="[15] /home/travis/build/icyphy/ptII/ptolemy/domains/de/test/auto/DEinDEwithStartTimes.xml (RunModel)" time="0.01" />
  <testcase classname="ptolemy.util.test.junit.AutoTests" name="[16] /home/travis/build/icyphy/ptII/ptolemy/domains/de/test/auto/DEinDEwithStartTimes2.xml (RunModel)" time="0.011" />
  <testcase classname="ptolemy.util.test.junit.AutoTests" name="[17] /home/travis/build/icyphy/ptII/ptolemy/domains/de/test/auto/DateDemo.xml (RunModel)" time="0.022" />
  <testcase classname="ptolemy.util.test.junit.AutoTests" name="[18] /home/travis/build/icyphy/ptII/ptolemy/domains/de/test/auto/DateToEvent.xml (RunModel)" time="2.038" />
  <testcase classname="ptolemy.util.test.junit.AutoTests" name="[19] /home/travis/build/icyphy/ptII/ptolemy/domains/de/test/auto/DepthTest1.xml (RunModel)" time="0.006" />
  <testcase classname="ptolemy.util.test.junit.AutoTests" name="[20] /home/travis/build/icyphy/ptII/ptolemy/domains/de/test/auto/DepthTest2.xml (RunModel)" time="0.012" />
  <testcase classname="ptolemy.util.test.junit.AutoTests" name="[21] /home/travis/build/icyphy/ptII/ptolemy/domains/de/test/auto/DepthTest3.xml (RunModel)" time="0.005" />
  <testcase classname="ptolemy.util.test.junit.AutoTests" name="[22] /home/travis/build/icyphy/ptII/ptolemy/domains/de/test/auto/DepthTest4.xml (RunModel)" time="0.009" />
  <testcase classname="ptolemy.util.test.junit.AutoTests" name="[23] /home/travis/build/icyphy/ptII/ptolemy/domains/de/test/auto/DepthTest5.xml (RunModel)" time="0.014" />
  <testcase classname="ptolemy.util.test.junit.AutoTests" name="[24] /home/travis/build/icyphy/ptII/ptolemy/domains/de/test/auto/DepthTest6.xml (RunModel)" time="0.012" />
  <testcase classname="ptolemy.util.test.junit.AutoTests" name="[25] /home/travis/build/icyphy/ptII/ptolemy/domains/de/test/auto/DepthTest7.xml (RunModel)" time="0.019" />
  <testcase classname="ptolemy.util.test.junit.AutoTests" name="[26] /home/travis/build/icyphy/ptII/ptolemy/domains/de/test/auto/EventToDate.xml (RunModel)" time="3.033" />
  <testcase classname="ptolemy.util.test.junit.AutoTests" name="[27] /home/travis/build/icyphy/ptII/ptolemy/domains/de/test/auto/FSM1.xml (RunModel)" time="0.023" />
  <testcase classname="ptolemy.util.test.junit.AutoTests" name="[28] /home/travis/build/icyphy/ptII/ptolemy/domains/de/test/auto/FSM7.xml (RunModel)" time="0.025" />
  <testcase classname="ptolemy.util.test.junit.AutoTests" name="[29] /home/travis/build/icyphy/ptII/ptolemy/domains/de/test/auto/Inspection.xml (RunModel)" time="0.045" />
  <testcase classname="ptolemy.util.test.junit.AutoTests" name="[30] /home/travis/build/icyphy/ptII/ptolemy/domains/de/test/auto/Iteration.xml (RunModel)" time="0.012" />
  <testcase classname="ptolemy.util.test.junit.AutoTests" name="[31] /home/travis/build/icyphy/ptII/ptolemy/domains/de/test/auto/LineFault.xml (RunModel)" time="0.39" />
  <testcase classname="ptolemy.util.test.junit.AutoTests" name="[32] /home/travis/build/icyphy/ptII/ptolemy/domains/de/test/auto/MergeModel1Add.xml (RunModel)" time="0.037" />
  <testcase classname="ptolemy.util.test.junit.AutoTests" name="[33] /home/travis/build/icyphy/ptII/ptolemy/domains/de/test/auto/MergeModel2Add.xml (RunModel)" time="0.028" />
  <testcase classname="ptolemy.util.test.junit.AutoTests" name="[34] /home/travis/build/icyphy/ptII/ptolemy/domains/de/test/auto/MergeModel3Add.xml (RunModel)" time="0.033" />
  <testcase classname="ptolemy.util.test.junit.AutoTests" name="[35] /home/travis/build/icyphy/ptII/ptolemy/domains/de/test/auto/MergeWithoutDiscard.xml (RunModel)" time="0.01" />
  <testcase classname="ptolemy.util.test.junit.AutoTests" name="[36] /home/travis/build/icyphy/ptII/ptolemy/domains/de/test/auto/Modal1.xml (RunModel)" time="0.024" />
  <testcase classname="ptolemy.util.test.junit.AutoTests" name="[37] /home/travis/build/icyphy/ptII/ptolemy/domains/de/test/auto/Modal2.xml (RunModel)" time="0.024" />
  <testcase classname="ptolemy.util.test.junit.AutoTests" name="[38] /home/travis/build/icyphy/ptII/ptolemy/domains/de/test/auto/Modal3.xml (RunModel)" time="0.02" />
  <testcase classname="ptolemy.util.test.junit.AutoTests" name="[39] /home/travis/build/icyphy/ptII/ptolemy/domains/de/test/auto/Modal4.xml (RunModel)" time="0.018" />
  <testcase classname="ptolemy.util.test.junit.AutoTests" name="[40] /home/travis/build/icyphy/ptII/ptolemy/domains/de/test/auto/Modal5.xml (RunModel)" time="0.02" />
  <testcase classname="ptolemy.util.test.junit.AutoTests" name="[41] /home/travis/build/icyphy/ptII/ptolemy/domains/de/test/auto/Modal6.xml (RunModel)" time="0.018" />
  <testcase classname="ptolemy.util.test.junit.AutoTests" name="[42] /home/travis/build/icyphy/ptII/ptolemy/domains/de/test/auto/Modal7.xml (RunModel)" time="0.019" />
  <testcase classname="ptolemy.util.test.junit.AutoTests" name="[43] /home/travis/build/icyphy/ptII/ptolemy/domains/de/test/auto/ModalModel.xml (RunModel)" time="0.11" />
  <testcase classname="ptolemy.util.test.junit.AutoTests" name="[44] /home/travis/build/icyphy/ptII/ptolemy/domains/de/test/auto/ModalSource.xml (RunModel)" time="0.012" />
  <testcase classname="ptolemy.util.test.junit.AutoTests" name="[45] /home/travis/build/icyphy/ptII/ptolemy/domains/de/test/auto/NonInterruptibleTimerZeroDelay.xml (RunModel)" time="0.006" />
  <testcase classname="ptolemy.util.test.junit.AutoTests" name="[46] /home/travis/build/icyphy/ptII/ptolemy/domains/de/test/auto/OpenQueueingNetwork.xml (RunModel)" time="1.969" />
  <testcase classname="ptolemy.util.test.junit.AutoTests" name="[47] /home/travis/build/icyphy/ptII/ptolemy/domains/de/test/auto/OpenQueuingNetwork.xml (RunModel)" time="0.259" />
  <testcase classname="ptolemy.util.test.junit.AutoTests" name="[48] /home/travis/build/icyphy/ptII/ptolemy/domains/de/test/auto/PeriodicSampler.xml (RunModel)" time="0.007" />
  <testcase classname="ptolemy.util.test.junit.AutoTests" name="[49] /home/travis/build/icyphy/ptII/ptolemy/domains/de/test/auto/PersistentIO.xml (RunModel)" time="0.017" />
  <testcase classname="ptolemy.util.test.junit.AutoTests" name="[50] /home/travis/build/icyphy/ptII/ptolemy/domains/de/test/auto/PortParameterResetOnInitialize.xml (RunModel)" time="0.009" />
  <testcase classname="ptolemy.util.test.junit.AutoTests" name="[51] /home/travis/build/icyphy/ptII/ptolemy/domains/de/test/auto/PortParameterUpdates.xml (RunModel)" time="0.012" />
  <testcase classname="ptolemy.util.test.junit.AutoTests" name="[52] /home/travis/build/icyphy/ptII/ptolemy/domains/de/test/auto/QueueAndServer.xml (RunModel)" time="0.021" />
  <testcase classname="ptolemy.util.test.junit.AutoTests" name="[53] /home/travis/build/icyphy/ptII/ptolemy/domains/de/test/auto/Records.xml (RunModel)" time="0.013" />
  <testcase classname="ptolemy.util.test.junit.AutoTests" name="[54] /home/travis/build/icyphy/ptII/ptolemy/domains/de/test/auto/ResetTransitionWithStartTime1.xml (RunModel)" time="0.023" />
  <testcase classname="ptolemy.util.test.junit.AutoTests" name="[55] /home/travis/build/icyphy/ptII/ptolemy/domains/de/test/auto/ResetTransitionWithStartTime2.xml (RunModel)" time="0.016" />
  <testcase classname="ptolemy.util.test.junit.AutoTests" name="[56] /home/travis/build/icyphy/ptII/ptolemy/domains/de/test/auto/ResetTransitionWithStartTime3.xml (RunModel)" time="0.018" />
  <testcase classname="ptolemy.util.test.junit.AutoTests" name="[57] /home/travis/build/icyphy/ptII/ptolemy/domains/de/test/auto/ResetTransitionWithStartTime4.xml (RunModel)" time="0.019" />
  <testcase classname="ptolemy.util.test.junit.AutoTests" name="[58] /home/travis/build/icyphy/ptII/ptolemy/domains/de/test/auto/ResettableTimer1.xml (RunModel)" time="0.009" />
  <testcase classname="ptolemy.util.test.junit.AutoTests" name="[59] /home/travis/build/icyphy/ptII/ptolemy/domains/de/test/auto/ResettableTimer2.xml (RunModel)" time="0.01" />
  <testcase classname="ptolemy.util.test.junit.AutoTests" name="[60] /home/travis/build/icyphy/ptII/ptolemy/domains/de/test/auto/ResettableTimer3.xml (RunModel)" time="0.007" />
  <testcase classname="ptolemy.util.test.junit.AutoTests" name="[61] /home/travis/build/icyphy/ptII/ptolemy/domains/de/test/auto/ResettableTimer4.xml (RunModel)" time="0.011" />
  <testcase classname="ptolemy.util.test.junit.AutoTests" name="[62] /home/travis/build/icyphy/ptII/ptolemy/domains/de/test/auto/ResettableTimer5.xml (RunModel)" time="0.008" />
  <testcase classname="ptolemy.util.test.junit.AutoTests" name="[63] /home/travis/build/icyphy/ptII/ptolemy/domains/de/test/auto/ResettableTimer6.xml (RunModel)" time="0.015" />
  <testcase classname="ptolemy.util.test.junit.AutoTests" name="[64] /home/travis/build/icyphy/ptII/ptolemy/domains/de/test/auto/ServerZeroDelay.xml (RunModel)" time="0.01" />
  <testcase classname="ptolemy.util.test.junit.AutoTests" name="[65] /home/travis/build/icyphy/ptII/ptolemy/domains/de/test/auto/SmartSender.xml (RunModel)" time="3.008" />
  <testcase classname="ptolemy.util.test.junit.AutoTests" name="[66] /home/travis/build/icyphy/ptII/ptolemy/domains/de/test/auto/ThreadedComposite.xml (RunModel)" time="0.116" />
  <testcase classname="ptolemy.util.test.junit.AutoTests" name="[67] /home/travis/build/icyphy/ptII/ptolemy/domains/de/test/auto/Time.xml (RunModel)" time="0.414" />
  <testcase classname="ptolemy.util.test.junit.AutoTests" name="[68] /home/travis/build/icyphy/ptII/ptolemy/domains/de/test/auto/TimeDelayZeroDelay.xml (RunModel)" time="0.009" />
  <testcase classname="ptolemy.util.test.junit.AutoTests" name="[69] /home/travis/build/icyphy/ptII/ptolemy/domains/de/test/auto/TimerZeroDelay.xml (RunModel)" time="0.008" />
  <testcase classname="ptolemy.util.test.junit.AutoTests" name="[70] /home/travis/build/icyphy/ptII/ptolemy/domains/de/test/auto/TimingParadox.xml (RunModel)" time="0.353" />
  <testcase classname="ptolemy.util.test.junit.AutoTests" name="[71] /home/travis/build/icyphy/ptII/ptolemy/domains/de/test/auto/TransferInputs.xml (RunModel)" time="0.008" />
  <testcase classname="ptolemy.util.test.junit.AutoTests" name="[72] /home/travis/build/icyphy/ptII/ptolemy/domains/de/test/auto/TransferOutputs2.xml (RunModel)" time="0.018" />
  <testcase classname="ptolemy.util.test.junit.AutoTests" name="[73] /home/travis/build/icyphy/ptII/ptolemy/domains/de/test/auto/Trilateration.xml (RunModel)" time="11.324" />
  <testcase classname="ptolemy.util.test.junit.AutoTests" name="[74] /home/travis/build/icyphy/ptII/ptolemy/domains/de/test/auto/TwoSigmaDelta.xml (RunModel)" time="2.103" />
  <testcase classname="ptolemy.util.test.junit.AutoTests" name="[75] /home/travis/build/icyphy/ptII/ptolemy/domains/de/test/auto/VariableDelay.xml (RunModel)" time="0.01" />
  <testcase classname="ptolemy.util.test.junit.AutoTests" name="[76] /home/travis/build/icyphy/ptII/ptolemy/domains/de/test/auto/VariableDelay2.xml (RunModel)" time="0.008" />
  <testcase classname="ptolemy.util.test.junit.AutoTests" name="[77] /home/travis/build/icyphy/ptII/ptolemy/domains/de/test/auto/VariableDelayZeroDelay.xml (RunModel)" time="0.009" />
  <testcase classname="ptolemy.util.test.junit.AutoTests" name="[78] /home/travis/build/icyphy/ptII/ptolemy/domains/de/test/auto/VariableDelayZeroDelay2.xml (RunModel)" time="0.008" />
  <testcase classname="ptolemy.util.test.junit.AutoTests" name="[79] /home/travis/build/icyphy/ptII/ptolemy/domains/de/test/auto/deInCt.xml (RunModel)" time="0.013" />
  <testcase classname="ptolemy.util.test.junit.AutoTests" name="[80] /home/travis/build/icyphy/ptII/ptolemy/domains/de/test/auto/deInCt2.xml (RunModel)" time="0.012" />
  <testcase classname="ptolemy.util.test.junit.AutoTests" name="[81] /home/travis/build/icyphy/ptII/ptolemy/domains/de/test/auto/dynamicCausalityInterface1.xml (RunModel)" time="0.02" />
  <testcase classname="ptolemy.util.test.junit.AutoTests" name="[82] /home/travis/build/icyphy/ptII/ptolemy/domains/de/test/auto/fsm_de_test.xml (RunModel)" time="0.023" />
  <testcase classname="ptolemy.util.test.junit.AutoTests" name="[83] /home/travis/build/icyphy/ptII/ptolemy/domains/de/test/auto/functionDependencyReconstruction.xml (RunModel)" time="0.033" />
  <testcase classname="ptolemy.util.test.junit.AutoTests" name="[84] /home/travis/build/icyphy/ptII/ptolemy/domains/de/test/auto/multirate.xml (RunModel)" time="0.015" />
  <testcase classname="ptolemy.util.test.junit.AutoTests" name="[85] /home/travis/build/icyphy/ptII/ptolemy/domains/de/test/auto/multirate2.xml (RunModel)" time="0.013" />
  <testcase classname="ptolemy.util.test.junit.AutoTests" name="[86] /home/travis/build/icyphy/ptII/ptolemy/domains/de/test/auto/realtime.xml (RunModel)" time="10.009" />
  <testcase classname="ptolemy.util.test.junit.AutoTests" name="[87] /home/travis/build/icyphy/ptII/ptolemy/domains/de/test/auto/relationGroup.xml (RunModel)" time="0.007" />
  <testcase classname="ptolemy.util.test.junit.AutoTests" name="[88] /home/travis/build/icyphy/ptII/ptolemy/domains/de/test/auto/relationGroup2.xml (RunModel)" time="0.007" />
  <testcase classname="ptolemy.util.test.junit.AutoTests" name="[89] /home/travis/build/icyphy/ptII/ptolemy/domains/de/test/auto/sortWithOpaquePorts.xml (RunModel)" time="0.008" />
  <testcase classname="ptolemy.util.test.junit.AutoTests" name="[90] /home/travis/build/icyphy/ptII/ptolemy/domains/de/test/auto/transferInputsandOutputs.xml (RunModel)" time="0.012" />
  <testcase classname="ptolemy.util.test.junit.AutoTests" name="[91] /home/travis/build/icyphy/ptII/ptolemy/domains/de/test/auto/triggerType.xml (RunModel)" time="0.008" />
  <system-out><![CDATA[/home/travis/build/icyphy/ptII/ptolemy/domains/de/test/DependencyLoop.tcl
testDefs.tcl: setting time out to 9000 seconds at Wed Apr 03 03:56:11 UTC 2019
14 ms. Memory: 116224K Free: 97439K (84%)
16 ms. Memory: 146944K Free: 141198K (96%)
/home/travis/build/icyphy/ptII/ptolemy/domains/de/test/RunDETestsAsQSS.tcl
Run the DE tests using ptolemy.domains.qss.test.QSSDirectorTest, which extends QSSDirector and prints a message in the constructors.
------------------ testing $PTII/ptolemy/domains/de/test/auto/knownFailedTests/dependencyLoop.xml (Known Failure) 
5 ms. Memory: 146944K Free: 136948K (93%)


==== $PTIIhome/travis/build/icyphy/ptII/ptolemy/domains/de/test/../../../../: Auto Automatic test in file $PTII/ptolemy/domains/de/test/auto/knownFailedTests/dependencyLoop.xml
==== Contents of test case:

	    # FIXME: we should use $relativeFilename here, but it
	    # might have backslashes under Windows, which causes no end
	    # of trouble.
	    createAndExecute $file
	    list {}
	
.... Test generated KNOWN error:
    while executing
ptolemy.kernel.util.IllegalActionException: Found a zero delay loop containing .dependencyLoop.original
  in .dependencyLoop and .dependencyLoop.original
	at ptolemy.actor.util.CausalityInterfaceForComposites._computeOutputPortDepth(CausalityInterfaceForComposites.java:759)
	at ptolemy.actor.util.CausalityInterfaceForComposites._computeInputDepth(CausalityInterfaceForComposites.java:696)
	at ptolemy.actor.util.CausalityInterfaceForComposites._computeOutputPortDepth(CausalityInterfaceForComposites.java:765)
	at ptolemy.actor.util.CausalityInterfaceForComposites._computeInputDepth(CausalityInterfaceForComposites.java:696)
	at ptolemy.actor.util.CausalityInterfaceForComposites._computeOutputPortDepth(CausalityInterfaceForComposites.java:765)
	at ptolemy.actor.util.CausalityInterfaceForComposites._computeInputDepth(CausalityInterfaceForComposites.java:696)
	at ptolemy.actor.util.CausalityInterfaceForComposites._computeActorDepth(CausalityInterfaceForComposites.java:532)
	at ptolemy.actor.util.CausalityInterfaceForComposites.checkForCycles(CausalityInterfaceForComposites.java:96)
	at ptolemy.domains.de.kernel.DEDirector.preinitialize(DEDirector.java:1338)
	at ptolemy.actor.CompositeActor.preinitialize(CompositeActor.java:1828)
	at ptolemy.actor.Manager.preinitializeAndResolveTypes(Manager.java:1040)
	at ptolemy.actor.Manager.initialize(Manager.java:710)
	at ptolemy.actor.Manager.execute(Manager.java:356)
	at ptolemy.actor.Manager.run(Manager.java:1263)
	at ptolemy.actor.Manager$PtolemyRunThread.run(Manager.java:1915)

    while executing
ptolemy.kernel.util.IllegalActionException: Found a zero delay loop containing .dependencyLoop.original
  in .dependencyLoop and .dependencyLoop.original
    while executing
"java::new ptolemy.moml.MoMLSimpleApplication $file
"
    (procedure "createAndExecute" line 2)
    invoked from within
"createAndExecute $file"
    ("uplevel" body line 5)
    invoked from within
"uplevel $contents_of_test"
------------------ testing $PTII/ptolemy/domains/de/test/auto/knownFailedTests/DESDFClockTest.xml (Known Failure) 
2051 ms. Memory: 146944K Free: 121349K (83%)


==== $PTIIhome/travis/build/icyphy/ptII/ptolemy/domains/de/test/../../../../: Auto Automatic test in file $PTII/ptolemy/domains/de/test/auto/knownFailedTests/DESDFClockTest.xml
==== Contents of test case:

	    # FIXME: we should use $relativeFilename here, but it
	    # might have backslashes under Windows, which causes no end
	    # of trouble.
	    createAndExecute $file
	    list {}
	
.... Test generated KNOWN error:
    while executing
ptolemy.kernel.util.IllegalActionException: Actor is not ready to fire.  Perhaps UpSample.prefire() returned false? Try debugging the actor by selecting "Listen to Actor".  Also, for SDF check moml for tokenConsumptionRate on input.
  in .DESDFClockTest.Play Bell.Copy1:SDF Director and .DESDFClockTest.Play Bell.UpSample
	at ptolemy.actor.sched.StaticSchedulingDirector.fire(StaticSchedulingDirector.java:227)
	at ptolemy.domains.sdf.kernel.SDFDirector.fire(SDFDirector.java:500)
	at ptolemy.actor.CompositeActor.fire(CompositeActor.java:455)
	at ptolemy.domains.de.kernel.DEDirector._fire(DEDirector.java:1949)
	at ptolemy.domains.de.kernel.DEDirector.fire(DEDirector.java:502)
	at ptolemy.actor.CompositeActor.fire(CompositeActor.java:455)
	at ptolemy.actor.Manager.iterate(Manager.java:851)
	at ptolemy.actor.Manager.execute(Manager.java:369)
	at ptolemy.actor.Manager.run(Manager.java:1263)
	at ptolemy.actor.Manager$PtolemyRunThread.run(Manager.java:1915)

    while executing
ptolemy.kernel.util.IllegalActionException: Actor is not ready to fire.  Perhaps UpSample.prefire() returned false? Try debugging the actor by selecting "Listen to Actor".  Also, for SDF check moml for tokenConsumptionRate on input.
  in .DESDFClockTest.Play Bell.Copy1:SDF Director and .DESDFClockTest.Play Bell.UpSample
    while executing
"java::new ptolemy.moml.MoMLSimpleApplication $file
"
    (procedure "createAndExecute" line 2)
    invoked from within
"createAndExecute $file"
    ("uplevel" body line 5)
    invoked from within
"uplevel $contents_of_test"
------------------ testing $PTII/ptolemy/domains/de/test/auto/knownFailedTests/FSMSource.xml (Known Failure) 
25 ms. Memory: 146944K Free: 111819K (76%)
!!!! Auto was marked as failing, but now passes
------------------ testing $PTII/ptolemy/domains/de/test/auto/knownFailedTests/dependencyLoop2.xml (Known Failure) 
6 ms. Memory: 146944K Free: 109936K (75%)


==== $PTIIhome/travis/build/icyphy/ptII/ptolemy/domains/de/test/../../../../: Auto Automatic test in file $PTII/ptolemy/domains/de/test/auto/knownFailedTests/dependencyLoop2.xml
==== Contents of test case:

	    # FIXME: we should use $relativeFilename here, but it
	    # might have backslashes under Windows, which causes no end
	    # of trouble.
	    createAndExecute $file
	    list {}
	
.... Test generated KNOWN error:
    while executing
ptolemy.kernel.util.IllegalActionException: Found a zero delay loop containing .dependencyLoop2.original
  in .dependencyLoop2 and .dependencyLoop2.original
	at ptolemy.actor.util.CausalityInterfaceForComposites._computeOutputPortDepth(CausalityInterfaceForComposites.java:759)
	at ptolemy.actor.util.CausalityInterfaceForComposites._computeInputDepth(CausalityInterfaceForComposites.java:696)
	at ptolemy.actor.util.CausalityInterfaceForComposites._computeOutputPortDepth(CausalityInterfaceForComposites.java:765)
	at ptolemy.actor.util.CausalityInterfaceForComposites._computeInputDepth(CausalityInterfaceForComposites.java:696)
	at ptolemy.actor.util.CausalityInterfaceForComposites._computeOutputPortDepth(CausalityInterfaceForComposites.java:765)
	at ptolemy.actor.util.CausalityInterfaceForComposites._computeInputDepth(CausalityInterfaceForComposites.java:696)
	at ptolemy.actor.util.CausalityInterfaceForComposites._computeActorDepth(CausalityInterfaceForComposites.java:532)
	at ptolemy.actor.util.CausalityInterfaceForComposites.checkForCycles(CausalityInterfaceForComposites.java:96)
	at ptolemy.domains.de.kernel.DEDirector.preinitialize(DEDirector.java:1338)
	at ptolemy.actor.CompositeActor.preinitialize(CompositeActor.java:1828)
	at ptolemy.actor.Manager.preinitializeAndResolveTypes(Manager.java:1040)
	at ptolemy.actor.Manager.initialize(Manager.java:710)
	at ptolemy.actor.Manager.execute(Manager.java:356)
	at ptolemy.actor.Manager.run(Manager.java:1263)
	at ptolemy.actor.Manager$PtolemyRunThread.run(Manager.java:1915)

    while executing
ptolemy.kernel.util.IllegalActionException: Found a zero delay loop containing .dependencyLoop2.original
  in .dependencyLoop2 and .dependencyLoop2.original
    while executing
"java::new ptolemy.moml.MoMLSimpleApplication $file
"
    (procedure "createAndExecute" line 2)
    invoked from within
"createAndExecute $file"
    ("uplevel" body line 5)
    invoked from within
"uplevel $contents_of_test"
------------------ testing $PTII/ptolemy/domains/de/test/auto/knownFailedTests/HierarchicalModel.xml (Known Failure) 
9 ms. Memory: 146944K Free: 89758K (61%)


==== $PTIIhome/travis/build/icyphy/ptII/ptolemy/domains/de/test/../../../../: Auto Automatic test in file $PTII/ptolemy/domains/de/test/auto/knownFailedTests/HierarchicalModel.xml
==== Contents of test case:

	    # FIXME: we should use $relativeFilename here, but it
	    # might have backslashes under Windows, which causes no end
	    # of trouble.
	    createAndExecute $file
	    list {}
	
.... Test generated KNOWN error:
    while executing
ptolemy.kernel.util.IllegalActionException: Found a zero delay loop containing .HierarchicalModel.A
  in .HierarchicalModel and .HierarchicalModel.A
	at ptolemy.actor.util.CausalityInterfaceForComposites._computeOutputPortDepth(CausalityInterfaceForComposites.java:759)
	at ptolemy.actor.util.CausalityInterfaceForComposites._computeInputDepth(CausalityInterfaceForComposites.java:696)
	at ptolemy.actor.util.CausalityInterfaceForComposites._computeOutputPortDepth(CausalityInterfaceForComposites.java:765)
	at ptolemy.actor.util.CausalityInterfaceForComposites._computeInputDepth(CausalityInterfaceForComposites.java:696)
	at ptolemy.actor.util.CausalityInterfaceForComposites._computeOutputPortDepth(CausalityInterfaceForComposites.java:765)
	at ptolemy.actor.util.CausalityInterfaceForComposites._computeInputDepth(CausalityInterfaceForComposites.java:696)
	at ptolemy.actor.util.CausalityInterfaceForComposites._computeActorDepth(CausalityInterfaceForComposites.java:532)
	at ptolemy.actor.util.CausalityInterfaceForComposites.checkForCycles(CausalityInterfaceForComposites.java:96)
	at ptolemy.domains.de.kernel.DEDirector.preinitialize(DEDirector.java:1338)
	at ptolemy.actor.CompositeActor.preinitialize(CompositeActor.java:1828)
	at ptolemy.actor.Manager.preinitializeAndResolveTypes(Manager.java:1040)
	at ptolemy.actor.Manager.initialize(Manager.java:710)
	at ptolemy.actor.Manager.execute(Manager.java:356)
	at ptolemy.actor.Manager.run(Manager.java:1263)
	at ptolemy.actor.Manager$PtolemyRunThread.run(Manager.java:1915)

    while executing
ptolemy.kernel.util.IllegalActionException: Found a zero delay loop containing .HierarchicalModel.A
  in .HierarchicalModel and .HierarchicalModel.A
    while executing
"java::new ptolemy.moml.MoMLSimpleApplication $file
"
    (procedure "createAndExecute" line 2)
    invoked from within
"createAndExecute $file"
    ("uplevel" body line 5)
    invoked from within
"uplevel $contents_of_test"
------------------ testing $PTII/ptolemy/domains/de/test/auto/knownFailedTests/DirectFeedback.xml (Known Failure) 
4 ms. Memory: 146944K Free: 85622K (58%)


==== $PTIIhome/travis/build/icyphy/ptII/ptolemy/domains/de/test/../../../../: Auto Automatic test in file $PTII/ptolemy/domains/de/test/auto/knownFailedTests/DirectFeedback.xml
==== Contents of test case:

	    # FIXME: we should use $relativeFilename here, but it
	    # might have backslashes under Windows, which causes no end
	    # of trouble.
	    createAndExecute $file
	    list {}
	
.... Test generated KNOWN error:
    while executing
ptolemy.kernel.util.IllegalActionException: Test fails in iteration 1.
Value was: 1.0. Should have been: 2.0
  in .DirectFeedback.Test
	at ptolemy.actor.lib.Test.fire(Test.java:268)
	at ptolemy.domains.de.kernel.DEDirector._fire(DEDirector.java:1949)
	at ptolemy.domains.de.kernel.DEDirector.fire(DEDirector.java:502)
	at ptolemy.actor.CompositeActor.fire(CompositeActor.java:455)
	at ptolemy.actor.Manager.iterate(Manager.java:851)
	at ptolemy.actor.Manager.execute(Manager.java:369)
	at ptolemy.actor.Manager.run(Manager.java:1263)
	at ptolemy.actor.Manager$PtolemyRunThread.run(Manager.java:1915)

    while executing
ptolemy.kernel.util.IllegalActionException: Test fails in iteration 1.
Value was: 1.0. Should have been: 2.0
  in .DirectFeedback.Test
    while executing
"java::new ptolemy.moml.MoMLSimpleApplication $file
"
    (procedure "createAndExecute" line 2)
    invoked from within
"createAndExecute $file"
    ("uplevel" body line 5)
    invoked from within
"uplevel $contents_of_test"
------------------ testing $PTII/ptolemy/domains/de/test/auto/ActorDepthCalculation_actorWithoutPorts.xml
auto.tcl: Setting watchdog for 200 seconds at Wed Apr 03 03:56:14 UTC 2019
8 ms. Memory: 146944K Free: 138732K (94%)
ptolemy.util.test.WatchDog.cancel(): canceling Wed Apr 03 03:56:14 UTC 2019
auto.tcl: Setting watchdog for 200 seconds at Wed Apr 03 03:56:14 UTC 2019
4 ms. Memory: 146944K Free: 137716K (94%)
ptolemy.util.test.WatchDog.cancel(): canceling Wed Apr 03 03:56:14 UTC 2019
------------------ testing $PTII/ptolemy/domains/de/test/auto/AssemblyLine.xml
auto.tcl: Setting watchdog for 200 seconds at Wed Apr 03 03:56:14 UTC 2019
25 ms. Memory: 208384K Free: 183432K (88%)
ptolemy.util.test.WatchDog.cancel(): canceling Wed Apr 03 03:56:14 UTC 2019
auto.tcl: Setting watchdog for 200 seconds at Wed Apr 03 03:56:14 UTC 2019
10 ms. Memory: 208384K Free: 183432K (88%)
ptolemy.util.test.WatchDog.cancel(): canceling Wed Apr 03 03:56:15 UTC 2019
------------------ testing $PTII/ptolemy/domains/de/test/auto/CQBug1.xml
auto.tcl: Setting watchdog for 200 seconds at Wed Apr 03 03:56:15 UTC 2019
4 ms. Memory: 208384K Free: 197920K (95%)
ptolemy.util.test.WatchDog.cancel(): canceling Wed Apr 03 03:56:15 UTC 2019
auto.tcl: Setting watchdog for 200 seconds at Wed Apr 03 03:56:15 UTC 2019
1 ms. Memory: 208384K Free: 197920K (95%)
ptolemy.util.test.WatchDog.cancel(): canceling Wed Apr 03 03:56:15 UTC 2019
------------------ testing $PTII/ptolemy/domains/de/test/auto/CancelFireAt.xml
auto.tcl: Setting watchdog for 200 seconds at Wed Apr 03 03:56:15 UTC 2019
3 ms. Memory: 208384K Free: 201573K (97%)
ptolemy.util.test.WatchDog.cancel(): canceling Wed Apr 03 03:56:15 UTC 2019
auto.tcl: Setting watchdog for 200 seconds at Wed Apr 03 03:56:15 UTC 2019
1 ms. Memory: 208384K Free: 199541K (96%)
ptolemy.util.test.WatchDog.cancel(): canceling Wed Apr 03 03:56:15 UTC 2019
------------------ testing $PTII/ptolemy/domains/de/test/auto/CausalityAndComposabilityAnalysis.xml
auto.tcl: Setting watchdog for 200 seconds at Wed Apr 03 03:56:15 UTC 2019
12 ms. Memory: 208384K Free: 198619K (95%)
ptolemy.util.test.WatchDog.cancel(): canceling Wed Apr 03 03:56:15 UTC 2019
auto.tcl: Setting watchdog for 200 seconds at Wed Apr 03 03:56:15 UTC 2019
4 ms. Memory: 208384K Free: 196587K (94%)
ptolemy.util.test.WatchDog.cancel(): canceling Wed Apr 03 03:56:15 UTC 2019
------------------ testing $PTII/ptolemy/domains/de/test/auto/CausalityInterface1.xml
auto.tcl: Setting watchdog for 200 seconds at Wed Apr 03 03:56:15 UTC 2019
12 ms. Memory: 208384K Free: 196525K (94%)
ptolemy.util.test.WatchDog.cancel(): canceling Wed Apr 03 03:56:15 UTC 2019
auto.tcl: Setting watchdog for 200 seconds at Wed Apr 03 03:56:15 UTC 2019
4 ms. Memory: 208384K Free: 196525K (94%)
ptolemy.util.test.WatchDog.cancel(): canceling Wed Apr 03 03:56:15 UTC 2019
------------------ testing $PTII/ptolemy/domains/de/test/auto/CausalityInterface15.xml
auto.tcl: Setting watchdog for 200 seconds at Wed Apr 03 03:56:15 UTC 2019
8 ms. Memory: 208384K Free: 196483K (94%)
ptolemy.util.test.WatchDog.cancel(): canceling Wed Apr 03 03:56:15 UTC 2019
auto.tcl: Setting watchdog for 200 seconds at Wed Apr 03 03:56:15 UTC 2019
6 ms. Memory: 208384K Free: 196483K (94%)
ptolemy.util.test.WatchDog.cancel(): canceling Wed Apr 03 03:56:15 UTC 2019
------------------ testing $PTII/ptolemy/domains/de/test/auto/CausalityInterface2.xml
auto.tcl: Setting watchdog for 200 seconds at Wed Apr 03 03:56:15 UTC 2019
6 ms. Memory: 208384K Free: 197019K (95%)
ptolemy.util.test.WatchDog.cancel(): canceling Wed Apr 03 03:56:15 UTC 2019
auto.tcl: Setting watchdog for 200 seconds at Wed Apr 03 03:56:15 UTC 2019
2 ms. Memory: 208384K Free: 196500K (94%)
ptolemy.util.test.WatchDog.cancel(): canceling Wed Apr 03 03:56:15 UTC 2019
------------------ testing $PTII/ptolemy/domains/de/test/auto/CausalityInterface3.xml
auto.tcl: Setting watchdog for 200 seconds at Wed Apr 03 03:56:15 UTC 2019
6 ms. Memory: 208384K Free: 196513K (94%)
ptolemy.util.test.WatchDog.cancel(): canceling Wed Apr 03 03:56:15 UTC 2019
auto.tcl: Setting watchdog for 200 seconds at Wed Apr 03 03:56:15 UTC 2019
6 ms. Memory: 208384K Free: 196513K (94%)
ptolemy.util.test.WatchDog.cancel(): canceling Wed Apr 03 03:56:15 UTC 2019
------------------ testing $PTII/ptolemy/domains/de/test/auto/ClockDrift.xml
auto.tcl: Setting watchdog for 200 seconds at Wed Apr 03 03:56:15 UTC 2019
103 ms. Memory: 208384K Free: 187947K (90%)
ptolemy.util.test.WatchDog.cancel(): canceling Wed Apr 03 03:56:16 UTC 2019
auto.tcl: Setting watchdog for 200 seconds at Wed Apr 03 03:56:16 UTC 2019
57 ms. Memory: 208384K Free: 185915K (89%)
ptolemy.util.test.WatchDog.cancel(): canceling Wed Apr 03 03:56:16 UTC 2019
------------------ testing $PTII/ptolemy/domains/de/test/auto/ClockDriftAndValueChange.xml
auto.tcl: Setting watchdog for 200 seconds at Wed Apr 03 03:56:16 UTC 2019
40 ms. Memory: 208384K Free: 187777K (90%)
ptolemy.util.test.WatchDog.cancel(): canceling Wed Apr 03 03:56:16 UTC 2019
auto.tcl: Setting watchdog for 200 seconds at Wed Apr 03 03:56:16 UTC 2019
38 ms. Memory: 208384K Free: 185745K (89%)
ptolemy.util.test.WatchDog.cancel(): canceling Wed Apr 03 03:56:16 UTC 2019
------------------ testing $PTII/ptolemy/domains/de/test/auto/ClockDriftChange.xml
auto.tcl: Setting watchdog for 200 seconds at Wed Apr 03 03:56:16 UTC 2019
34 ms. Memory: 208384K Free: 191037K (92%)
ptolemy.util.test.WatchDog.cancel(): canceling Wed Apr 03 03:56:16 UTC 2019
auto.tcl: Setting watchdog for 200 seconds at Wed Apr 03 03:56:16 UTC 2019
24 ms. Memory: 208384K Free: 189005K (91%)
ptolemy.util.test.WatchDog.cancel(): canceling Wed Apr 03 03:56:16 UTC 2019
------------------ testing $PTII/ptolemy/domains/de/test/auto/ComposableCausalityAnalysis.xml
auto.tcl: Setting watchdog for 200 seconds at Wed Apr 03 03:56:16 UTC 2019
2 ms. Memory: 208384K Free: 196368K (94%)
ptolemy.util.test.WatchDog.cancel(): canceling Wed Apr 03 03:56:16 UTC 2019
auto.tcl: Setting watchdog for 200 seconds at Wed Apr 03 03:56:16 UTC 2019
1 ms. Memory: 208384K Free: 194336K (93%)
ptolemy.util.test.WatchDog.cancel(): canceling Wed Apr 03 03:56:16 UTC 2019
------------------ testing $PTII/ptolemy/domains/de/test/auto/DEFixedPointLimitation.xml
auto.tcl: Setting watchdog for 200 seconds at Wed Apr 03 03:56:16 UTC 2019
2 ms. Memory: 208384K Free: 196448K (94%)
ptolemy.util.test.WatchDog.cancel(): canceling Wed Apr 03 03:56:16 UTC 2019
auto.tcl: Setting watchdog for 200 seconds at Wed Apr 03 03:56:16 UTC 2019
1 ms. Memory: 208384K Free: 196448K (94%)
ptolemy.util.test.WatchDog.cancel(): canceling Wed Apr 03 03:56:16 UTC 2019
------------------ testing $PTII/ptolemy/domains/de/test/auto/DEScheduleTest.xml
auto.tcl: Setting watchdog for 200 seconds at Wed Apr 03 03:56:16 UTC 2019
6 ms. Memory: 208384K Free: 199036K (96%)
ptolemy.util.test.WatchDog.cancel(): canceling Wed Apr 03 03:56:16 UTC 2019
auto.tcl: Setting watchdog for 200 seconds at Wed Apr 03 03:56:16 UTC 2019
5 ms. Memory: 208384K Free: 196485K (94%)
ptolemy.util.test.WatchDog.cancel(): canceling Wed Apr 03 03:56:16 UTC 2019
------------------ testing $PTII/ptolemy/domains/de/test/auto/DEinDEwithStartTimes.xml
auto.tcl: Setting watchdog for 200 seconds at Wed Apr 03 03:56:16 UTC 2019
6 ms. Memory: 208384K Free: 196455K (94%)
ptolemy.util.test.WatchDog.cancel(): canceling Wed Apr 03 03:56:16 UTC 2019
auto.tcl: Setting watchdog for 200 seconds at Wed Apr 03 03:56:16 UTC 2019
3 ms. Memory: 208384K Free: 194422K (93%)
ptolemy.util.test.WatchDog.cancel(): canceling Wed Apr 03 03:56:16 UTC 2019
------------------ testing $PTII/ptolemy/domains/de/test/auto/DEinDEwithStartTimes2.xml
auto.tcl: Setting watchdog for 200 seconds at Wed Apr 03 03:56:16 UTC 2019
10 ms. Memory: 208384K Free: 196433K (94%)
ptolemy.util.test.WatchDog.cancel(): canceling Wed Apr 03 03:56:16 UTC 2019
auto.tcl: Setting watchdog for 200 seconds at Wed Apr 03 03:56:16 UTC 2019
7 ms. Memory: 208384K Free: 194401K (93%)
ptolemy.util.test.WatchDog.cancel(): canceling Wed Apr 03 03:56:16 UTC 2019
------------------ testing $PTII/ptolemy/domains/de/test/auto/DateDemo.xml
auto.tcl: Setting watchdog for 200 seconds at Wed Apr 03 03:56:16 UTC 2019
9 ms. Memory: 208384K Free: 189066K (91%)
ptolemy.util.test.WatchDog.cancel(): canceling Wed Apr 03 03:56:16 UTC 2019
auto.tcl: Setting watchdog for 200 seconds at Wed Apr 03 03:56:16 UTC 2019
12 ms. Memory: 208384K Free: 187034K (90%)
ptolemy.util.test.WatchDog.cancel(): canceling Wed Apr 03 03:56:16 UTC 2019
------------------ testing $PTII/ptolemy/domains/de/test/auto/DateToEvent.xml
auto.tcl: Setting watchdog for 200 seconds at Wed Apr 03 03:56:16 UTC 2019
2017 ms. Memory: 208384K Free: 183976K (88%)
ptolemy.util.test.WatchDog.cancel(): canceling Wed Apr 03 03:56:19 UTC 2019
auto.tcl: Setting watchdog for 200 seconds at Wed Apr 03 03:56:19 UTC 2019
2007 ms. Memory: 208384K Free: 183976K (88%)
ptolemy.util.test.WatchDog.cancel(): canceling Wed Apr 03 03:56:21 UTC 2019
------------------ testing $PTII/ptolemy/domains/de/test/auto/DepthTest1.xml
auto.tcl: Setting watchdog for 200 seconds at Wed Apr 03 03:56:21 UTC 2019
3 ms. Memory: 208384K Free: 198044K (95%)
ptolemy.util.test.WatchDog.cancel(): canceling Wed Apr 03 03:56:21 UTC 2019
auto.tcl: Setting watchdog for 200 seconds at Wed Apr 03 03:56:21 UTC 2019
2 ms. Memory: 208384K Free: 198044K (95%)
ptolemy.util.test.WatchDog.cancel(): canceling Wed Apr 03 03:56:21 UTC 2019
------------------ testing $PTII/ptolemy/domains/de/test/auto/DepthTest2.xml
auto.tcl: Setting watchdog for 200 seconds at Wed Apr 03 03:56:21 UTC 2019
3 ms. Memory: 208384K Free: 194413K (93%)
ptolemy.util.test.WatchDog.cancel(): canceling Wed Apr 03 03:56:21 UTC 2019
auto.tcl: Setting watchdog for 200 seconds at Wed Apr 03 03:56:21 UTC 2019
5 ms. Memory: 208384K Free: 194413K (93%)
ptolemy.util.test.WatchDog.cancel(): canceling Wed Apr 03 03:56:21 UTC 2019
------------------ testing $PTII/ptolemy/domains/de/test/auto/DepthTest3.xml
auto.tcl: Setting watchdog for 200 seconds at Wed Apr 03 03:56:21 UTC 2019
6 ms. Memory: 208384K Free: 198898K (95%)
ptolemy.util.test.WatchDog.cancel(): canceling Wed Apr 03 03:56:21 UTC 2019
auto.tcl: Setting watchdog for 200 seconds at Wed Apr 03 03:56:21 UTC 2019
2 ms. Memory: 208384K Free: 198898K (95%)
ptolemy.util.test.WatchDog.cancel(): canceling Wed Apr 03 03:56:21 UTC 2019
------------------ testing $PTII/ptolemy/domains/de/test/auto/DepthTest4.xml
auto.tcl: Setting watchdog for 200 seconds at Wed Apr 03 03:56:21 UTC 2019
5 ms. Memory: 208384K Free: 196434K (94%)
ptolemy.util.test.WatchDog.cancel(): canceling Wed Apr 03 03:56:21 UTC 2019
auto.tcl: Setting watchdog for 200 seconds at Wed Apr 03 03:56:21 UTC 2019
4 ms. Memory: 208384K Free: 196434K (94%)
ptolemy.util.test.WatchDog.cancel(): canceling Wed Apr 03 03:56:21 UTC 2019
------------------ testing $PTII/ptolemy/domains/de/test/auto/DepthTest5.xml
auto.tcl: Setting watchdog for 200 seconds at Wed Apr 03 03:56:21 UTC 2019
3 ms. Memory: 208384K Free: 196381K (94%)
ptolemy.util.test.WatchDog.cancel(): canceling Wed Apr 03 03:56:21 UTC 2019
auto.tcl: Setting watchdog for 200 seconds at Wed Apr 03 03:56:21 UTC 2019
2 ms. Memory: 208384K Free: 196381K (94%)
ptolemy.util.test.WatchDog.cancel(): canceling Wed Apr 03 03:56:21 UTC 2019
------------------ testing $PTII/ptolemy/domains/de/test/auto/DepthTest6.xml
auto.tcl: Setting watchdog for 200 seconds at Wed Apr 03 03:56:21 UTC 2019
5 ms. Memory: 208384K Free: 196357K (94%)
ptolemy.util.test.WatchDog.cancel(): canceling Wed Apr 03 03:56:21 UTC 2019
auto.tcl: Setting watchdog for 200 seconds at Wed Apr 03 03:56:21 UTC 2019
3 ms. Memory: 208384K Free: 196357K (94%)
ptolemy.util.test.WatchDog.cancel(): canceling Wed Apr 03 03:56:21 UTC 2019
------------------ testing $PTII/ptolemy/domains/de/test/auto/DepthTest7.xml
auto.tcl: Setting watchdog for 200 seconds at Wed Apr 03 03:56:21 UTC 2019
2 ms. Memory: 208384K Free: 196337K (94%)
ptolemy.util.test.WatchDog.cancel(): canceling Wed Apr 03 03:56:21 UTC 2019
auto.tcl: Setting watchdog for 200 seconds at Wed Apr 03 03:56:21 UTC 2019
1 ms. Memory: 208384K Free: 196337K (94%)
ptolemy.util.test.WatchDog.cancel(): canceling Wed Apr 03 03:56:21 UTC 2019
------------------ testing $PTII/ptolemy/domains/de/test/auto/EventToDate.xml
auto.tcl: Setting watchdog for 200 seconds at Wed Apr 03 03:56:21 UTC 2019
3009 ms. Memory: 208384K Free: 186198K (89%)
ptolemy.util.test.WatchDog.cancel(): canceling Wed Apr 03 03:56:24 UTC 2019
auto.tcl: Setting watchdog for 200 seconds at Wed Apr 03 03:56:24 UTC 2019
3007 ms. Memory: 208384K Free: 186198K (89%)
ptolemy.util.test.WatchDog.cancel(): canceling Wed Apr 03 03:56:27 UTC 2019
------------------ testing $PTII/ptolemy/domains/de/test/auto/FSM1.xml
auto.tcl: Setting watchdog for 200 seconds at Wed Apr 03 03:56:27 UTC 2019
17 ms. Memory: 208384K Free: 189526K (91%)
ptolemy.util.test.WatchDog.cancel(): canceling Wed Apr 03 03:56:27 UTC 2019
auto.tcl: Setting watchdog for 200 seconds at Wed Apr 03 03:56:27 UTC 2019
14 ms. Memory: 208384K Free: 185462K (89%)
ptolemy.util.test.WatchDog.cancel(): canceling Wed Apr 03 03:56:27 UTC 2019
------------------ testing $PTII/ptolemy/domains/de/test/auto/FSM7.xml
auto.tcl: Setting watchdog for 200 seconds at Wed Apr 03 03:56:27 UTC 2019
25 ms. Memory: 208384K Free: 187697K (90%)
ptolemy.util.test.WatchDog.cancel(): canceling Wed Apr 03 03:56:27 UTC 2019
auto.tcl: Setting watchdog for 200 seconds at Wed Apr 03 03:56:27 UTC 2019
19 ms. Memory: 208384K Free: 185665K (89%)
ptolemy.util.test.WatchDog.cancel(): canceling Wed Apr 03 03:56:27 UTC 2019
------------------ testing $PTII/ptolemy/domains/de/test/auto/Inspection.xml
auto.tcl: Setting watchdog for 200 seconds at Wed Apr 03 03:56:27 UTC 2019
40 ms. Memory: 208384K Free: 189430K (91%)
ptolemy.util.test.WatchDog.cancel(): canceling Wed Apr 03 03:56:28 UTC 2019
auto.tcl: Setting watchdog for 200 seconds at Wed Apr 03 03:56:28 UTC 2019
23 ms. Memory: 208384K Free: 186879K (90%)
ptolemy.util.test.WatchDog.cancel(): canceling Wed Apr 03 03:56:28 UTC 2019
------------------ testing $PTII/ptolemy/domains/de/test/auto/Iteration.xml
auto.tcl: Setting watchdog for 200 seconds at Wed Apr 03 03:56:28 UTC 2019
7 ms. Memory: 208384K Free: 196145K (94%)
ptolemy.util.test.WatchDog.cancel(): canceling Wed Apr 03 03:56:28 UTC 2019
auto.tcl: Setting watchdog for 200 seconds at Wed Apr 03 03:56:28 UTC 2019
6 ms. Memory: 208384K Free: 194113K (93%)
ptolemy.util.test.WatchDog.cancel(): canceling Wed Apr 03 03:56:28 UTC 2019
------------------ testing $PTII/ptolemy/domains/de/test/auto/LineFault.xml
auto.tcl: Setting watchdog for 200 seconds at Wed Apr 03 03:56:28 UTC 2019
754 ms. Memory: 208384K Free: 201030K (96%)
ptolemy.util.test.WatchDog.cancel(): canceling Wed Apr 03 03:56:29 UTC 2019
auto.tcl: Setting watchdog for 200 seconds at Wed Apr 03 03:56:29 UTC 2019
584 ms. Memory: 208384K Free: 143872K (69%)
ptolemy.util.test.WatchDog.cancel(): canceling Wed Apr 03 03:56:29 UTC 2019
------------------ testing $PTII/ptolemy/domains/de/test/auto/MergeModel1Add.xml
auto.tcl: Setting watchdog for 200 seconds at Wed Apr 03 03:56:29 UTC 2019
29 ms. Memory: 331264K Free: 300915K (91%)
ptolemy.util.test.WatchDog.cancel(): canceling Wed Apr 03 03:56:29 UTC 2019
auto.tcl: Setting watchdog for 200 seconds at Wed Apr 03 03:56:29 UTC 2019
10 ms. Memory: 331264K Free: 300915K (91%)
ptolemy.util.test.WatchDog.cancel(): canceling Wed Apr 03 03:56:29 UTC 2019
------------------ testing $PTII/ptolemy/domains/de/test/auto/MergeModel2Add.xml
auto.tcl: Setting watchdog for 200 seconds at Wed Apr 03 03:56:30 UTC 2019
9 ms. Memory: 331264K Free: 305813K (92%)
ptolemy.util.test.WatchDog.cancel(): canceling Wed Apr 03 03:56:30 UTC 2019
auto.tcl: Setting watchdog for 200 seconds at Wed Apr 03 03:56:30 UTC 2019
10 ms. Memory: 331264K Free: 302262K (91%)
ptolemy.util.test.WatchDog.cancel(): canceling Wed Apr 03 03:56:30 UTC 2019
------------------ testing $PTII/ptolemy/domains/de/test/auto/MergeModel3Add.xml
auto.tcl: Setting watchdog for 200 seconds at Wed Apr 03 03:56:30 UTC 2019
14 ms. Memory: 331264K Free: 305791K (92%)
ptolemy.util.test.WatchDog.cancel(): canceling Wed Apr 03 03:56:30 UTC 2019
auto.tcl: Setting watchdog for 200 seconds at Wed Apr 03 03:56:30 UTC 2019
9 ms. Memory: 331264K Free: 302240K (91%)
ptolemy.util.test.WatchDog.cancel(): canceling Wed Apr 03 03:56:30 UTC 2019
------------------ testing $PTII/ptolemy/domains/de/test/auto/MergeWithoutDiscard.xml
auto.tcl: Setting watchdog for 200 seconds at Wed Apr 03 03:56:30 UTC 2019
4 ms. Memory: 331264K Free: 316073K (95%)
ptolemy.util.test.WatchDog.cancel(): canceling Wed Apr 03 03:56:30 UTC 2019
auto.tcl: Setting watchdog for 200 seconds at Wed Apr 03 03:56:30 UTC 2019
1 ms. Memory: 331264K Free: 316073K (95%)
ptolemy.util.test.WatchDog.cancel(): canceling Wed Apr 03 03:56:30 UTC 2019
------------------ testing $PTII/ptolemy/domains/de/test/auto/Modal1.xml
auto.tcl: Setting watchdog for 200 seconds at Wed Apr 03 03:56:30 UTC 2019
17 ms. Memory: 331264K Free: 310370K (94%)
ptolemy.util.test.WatchDog.cancel(): canceling Wed Apr 03 03:56:30 UTC 2019
auto.tcl: Setting watchdog for 200 seconds at Wed Apr 03 03:56:30 UTC 2019
20 ms. Memory: 331264K Free: 306818K (93%)
ptolemy.util.test.WatchDog.cancel(): canceling Wed Apr 03 03:56:30 UTC 2019
------------------ testing $PTII/ptolemy/domains/de/test/auto/Modal2.xml
auto.tcl: Setting watchdog for 200 seconds at Wed Apr 03 03:56:30 UTC 2019
18 ms. Memory: 331264K Free: 310235K (94%)
ptolemy.util.test.WatchDog.cancel(): canceling Wed Apr 03 03:56:30 UTC 2019
auto.tcl: Setting watchdog for 200 seconds at Wed Apr 03 03:56:30 UTC 2019
19 ms. Memory: 331264K Free: 306684K (93%)
ptolemy.util.test.WatchDog.cancel(): canceling Wed Apr 03 03:56:30 UTC 2019
------------------ testing $PTII/ptolemy/domains/de/test/auto/Modal3.xml
auto.tcl: Setting watchdog for 200 seconds at Wed Apr 03 03:56:30 UTC 2019
14 ms. Memory: 331264K Free: 310242K (94%)
ptolemy.util.test.WatchDog.cancel(): canceling Wed Apr 03 03:56:30 UTC 2019
auto.tcl: Setting watchdog for 200 seconds at Wed Apr 03 03:56:30 UTC 2019
11 ms. Memory: 331264K Free: 306690K (93%)
ptolemy.util.test.WatchDog.cancel(): canceling Wed Apr 03 03:56:30 UTC 2019
------------------ testing $PTII/ptolemy/domains/de/test/auto/Modal4.xml
auto.tcl: Setting watchdog for 200 seconds at Wed Apr 03 03:56:30 UTC 2019
12 ms. Memory: 331264K Free: 310247K (94%)
ptolemy.util.test.WatchDog.cancel(): canceling Wed Apr 03 03:56:30 UTC 2019
auto.tcl: Setting watchdog for 200 seconds at Wed Apr 03 03:56:30 UTC 2019
13 ms. Memory: 331264K Free: 306696K (93%)
ptolemy.util.test.WatchDog.cancel(): canceling Wed Apr 03 03:56:30 UTC 2019
------------------ testing $PTII/ptolemy/domains/de/test/auto/Modal5.xml
auto.tcl: Setting watchdog for 200 seconds at Wed Apr 03 03:56:30 UTC 2019
17 ms. Memory: 331264K Free: 305319K (92%)
ptolemy.util.test.WatchDog.cancel(): canceling Wed Apr 03 03:56:30 UTC 2019
auto.tcl: Setting watchdog for 200 seconds at Wed Apr 03 03:56:30 UTC 2019
13 ms. Memory: 331264K Free: 301767K (91%)
ptolemy.util.test.WatchDog.cancel(): canceling Wed Apr 03 03:56:30 UTC 2019
------------------ testing $PTII/ptolemy/domains/de/test/auto/Modal6.xml
auto.tcl: Setting watchdog for 200 seconds at Wed Apr 03 03:56:30 UTC 2019
11 ms. Memory: 331264K Free: 310231K (94%)
ptolemy.util.test.WatchDog.cancel(): canceling Wed Apr 03 03:56:30 UTC 2019
auto.tcl: Setting watchdog for 200 seconds at Wed Apr 03 03:56:30 UTC 2019
12 ms. Memory: 331264K Free: 306680K (93%)
ptolemy.util.test.WatchDog.cancel(): canceling Wed Apr 03 03:56:30 UTC 2019
------------------ testing $PTII/ptolemy/domains/de/test/auto/Modal7.xml
auto.tcl: Setting watchdog for 200 seconds at Wed Apr 03 03:56:30 UTC 2019
9 ms. Memory: 331264K Free: 306680K (93%)
ptolemy.util.test.WatchDog.cancel(): canceling Wed Apr 03 03:56:31 UTC 2019
auto.tcl: Setting watchdog for 200 seconds at Wed Apr 03 03:56:31 UTC 2019
10 ms. Memory: 331264K Free: 303129K (92%)
ptolemy.util.test.WatchDog.cancel(): canceling Wed Apr 03 03:56:31 UTC 2019
------------------ testing $PTII/ptolemy/domains/de/test/auto/ModalModel.xml
auto.tcl: Setting watchdog for 200 seconds at Wed Apr 03 03:56:31 UTC 2019
216 ms. Memory: 331264K Free: 247752K (75%)
ptolemy.util.test.WatchDog.cancel(): canceling Wed Apr 03 03:56:31 UTC 2019
auto.tcl: Setting watchdog for 200 seconds at Wed Apr 03 03:56:31 UTC 2019
176 ms. Memory: 331264K Free: 190763K (58%)
ptolemy.util.test.WatchDog.cancel(): canceling Wed Apr 03 03:56:31 UTC 2019
------------------ testing $PTII/ptolemy/domains/de/test/auto/ModalSource.xml
auto.tcl: Setting watchdog for 200 seconds at Wed Apr 03 03:56:31 UTC 2019
10 ms. Memory: 331264K Free: 316486K (96%)
ptolemy.util.test.WatchDog.cancel(): canceling Wed Apr 03 03:56:31 UTC 2019
auto.tcl: Setting watchdog for 200 seconds at Wed Apr 03 03:56:31 UTC 2019
6 ms. Memory: 331264K Free: 313215K (95%)
ptolemy.util.test.WatchDog.cancel(): canceling Wed Apr 03 03:56:31 UTC 2019
------------------ testing $PTII/ptolemy/domains/de/test/auto/NonInterruptibleTimerZeroDelay.xml
auto.tcl: Setting watchdog for 200 seconds at Wed Apr 03 03:56:31 UTC 2019
4 ms. Memory: 331264K Free: 320831K (97%)
ptolemy.util.test.WatchDog.cancel(): canceling Wed Apr 03 03:56:31 UTC 2019
auto.tcl: Setting watchdog for 200 seconds at Wed Apr 03 03:56:31 UTC 2019
2 ms. Memory: 331264K Free: 317568K (96%)
ptolemy.util.test.WatchDog.cancel(): canceling Wed Apr 03 03:56:31 UTC 2019
------------------ testing $PTII/ptolemy/domains/de/test/auto/OpenQueueingNetwork.xml
auto.tcl: Setting watchdog for 200 seconds at Wed Apr 03 03:56:31 UTC 2019
2717 ms. Memory: 573952K Free: 405685K (71%)
ptolemy.util.test.WatchDog.cancel(): canceling Wed Apr 03 03:56:34 UTC 2019
auto.tcl: Setting watchdog for 200 seconds at Wed Apr 03 03:56:34 UTC 2019
2447 ms. Memory: 550912K Free: 300603K (55%)
ptolemy.util.test.WatchDog.cancel(): canceling Wed Apr 03 03:56:37 UTC 2019
------------------ testing $PTII/ptolemy/domains/de/test/auto/OpenQueuingNetwork.xml
auto.tcl: Setting watchdog for 200 seconds at Wed Apr 03 03:56:37 UTC 2019
239 ms. Memory: 549888K Free: 444531K (81%)
ptolemy.util.test.WatchDog.cancel(): canceling Wed Apr 03 03:56:37 UTC 2019
auto.tcl: Setting watchdog for 200 seconds at Wed Apr 03 03:56:37 UTC 2019
227 ms. Memory: 549888K Free: 385340K (70%)
ptolemy.util.test.WatchDog.cancel(): canceling Wed Apr 03 03:56:37 UTC 2019
------------------ testing $PTII/ptolemy/domains/de/test/auto/PeriodicSampler.xml
auto.tcl: Setting watchdog for 200 seconds at Wed Apr 03 03:56:37 UTC 2019
3 ms. Memory: 551936K Free: 535345K (97%)
ptolemy.util.test.WatchDog.cancel(): canceling Wed Apr 03 03:56:37 UTC 2019
auto.tcl: Setting watchdog for 200 seconds at Wed Apr 03 03:56:37 UTC 2019
2 ms. Memory: 551936K Free: 535345K (97%)
ptolemy.util.test.WatchDog.cancel(): canceling Wed Apr 03 03:56:37 UTC 2019
------------------ testing $PTII/ptolemy/domains/de/test/auto/PersistentIO.xml
auto.tcl: Setting watchdog for 200 seconds at Wed Apr 03 03:56:37 UTC 2019
4 ms. Memory: 549376K Free: 522113K (95%)
ptolemy.util.test.WatchDog.cancel(): canceling Wed Apr 03 03:56:37 UTC 2019
auto.tcl: Setting watchdog for 200 seconds at Wed Apr 03 03:56:37 UTC 2019
3 ms. Memory: 549376K Free: 522113K (95%)
ptolemy.util.test.WatchDog.cancel(): canceling Wed Apr 03 03:56:37 UTC 2019
------------------ testing $PTII/ptolemy/domains/de/test/auto/PortParameterResetOnInitialize.xml
auto.tcl: Setting watchdog for 200 seconds at Wed Apr 03 03:56:37 UTC 2019
3 ms. Memory: 551424K Free: 530616K (96%)
ptolemy.util.test.WatchDog.cancel(): canceling Wed Apr 03 03:56:37 UTC 2019
auto.tcl: Setting watchdog for 200 seconds at Wed Apr 03 03:56:37 UTC 2019
2 ms. Memory: 551424K Free: 530616K (96%)
ptolemy.util.test.WatchDog.cancel(): canceling Wed Apr 03 03:56:37 UTC 2019
------------------ testing $PTII/ptolemy/domains/de/test/auto/PortParameterUpdates.xml
auto.tcl: Setting watchdog for 200 seconds at Wed Apr 03 03:56:37 UTC 2019
3 ms. Memory: 549376K Free: 528158K (96%)
ptolemy.util.test.WatchDog.cancel(): canceling Wed Apr 03 03:56:37 UTC 2019
auto.tcl: Setting watchdog for 200 seconds at Wed Apr 03 03:56:37 UTC 2019
3 ms. Memory: 549376K Free: 528158K (96%)
ptolemy.util.test.WatchDog.cancel(): canceling Wed Apr 03 03:56:37 UTC 2019
------------------ testing $PTII/ptolemy/domains/de/test/auto/QueueAndServer.xml
auto.tcl: Setting watchdog for 200 seconds at Wed Apr 03 03:56:37 UTC 2019
12 ms. Memory: 551424K Free: 530169K (96%)
ptolemy.util.test.WatchDog.cancel(): canceling Wed Apr 03 03:56:38 UTC 2019
auto.tcl: Setting watchdog for 200 seconds at Wed Apr 03 03:56:38 UTC 2019
5 ms. Memory: 551424K Free: 523592K (95%)
ptolemy.util.test.WatchDog.cancel(): canceling Wed Apr 03 03:56:38 UTC 2019
------------------ testing $PTII/ptolemy/domains/de/test/auto/Records.xml
auto.tcl: Setting watchdog for 200 seconds at Wed Apr 03 03:56:38 UTC 2019
11 ms. Memory: 549376K Free: 532742K (97%)
ptolemy.util.test.WatchDog.cancel(): canceling Wed Apr 03 03:56:38 UTC 2019
auto.tcl: Setting watchdog for 200 seconds at Wed Apr 03 03:56:38 UTC 2019
1 ms. Memory: 549376K Free: 532742K (97%)
ptolemy.util.test.WatchDog.cancel(): canceling Wed Apr 03 03:56:38 UTC 2019
------------------ testing $PTII/ptolemy/domains/de/test/auto/ResetTransitionWithStartTime1.xml
auto.tcl: Setting watchdog for 200 seconds at Wed Apr 03 03:56:38 UTC 2019
8 ms. Memory: 551424K Free: 534814K (97%)
ptolemy.util.test.WatchDog.cancel(): canceling Wed Apr 03 03:56:38 UTC 2019
auto.tcl: Setting watchdog for 200 seconds at Wed Apr 03 03:56:38 UTC 2019
7 ms. Memory: 551424K Free: 528222K (96%)
ptolemy.util.test.WatchDog.cancel(): canceling Wed Apr 03 03:56:38 UTC 2019
------------------ testing $PTII/ptolemy/domains/de/test/auto/ResetTransitionWithStartTime2.xml
auto.tcl: Setting watchdog for 200 seconds at Wed Apr 03 03:56:38 UTC 2019
6 ms. Memory: 549376K Free: 533301K (97%)
ptolemy.util.test.WatchDog.cancel(): canceling Wed Apr 03 03:56:38 UTC 2019
auto.tcl: Setting watchdog for 200 seconds at Wed Apr 03 03:56:38 UTC 2019
5 ms. Memory: 549376K Free: 526708K (96%)
ptolemy.util.test.WatchDog.cancel(): canceling Wed Apr 03 03:56:38 UTC 2019
------------------ testing $PTII/ptolemy/domains/de/test/auto/ResetTransitionWithStartTime3.xml
auto.tcl: Setting watchdog for 200 seconds at Wed Apr 03 03:56:38 UTC 2019
9 ms. Memory: 550912K Free: 534293K (97%)
ptolemy.util.test.WatchDog.cancel(): canceling Wed Apr 03 03:56:38 UTC 2019
auto.tcl: Setting watchdog for 200 seconds at Wed Apr 03 03:56:38 UTC 2019
5 ms. Memory: 550912K Free: 527700K (96%)
ptolemy.util.test.WatchDog.cancel(): canceling Wed Apr 03 03:56:38 UTC 2019
------------------ testing $PTII/ptolemy/domains/de/test/auto/ResetTransitionWithStartTime4.xml
auto.tcl: Setting watchdog for 200 seconds at Wed Apr 03 03:56:38 UTC 2019
4 ms. Memory: 549376K Free: 532756K (97%)
ptolemy.util.test.WatchDog.cancel(): canceling Wed Apr 03 03:56:38 UTC 2019
auto.tcl: Setting watchdog for 200 seconds at Wed Apr 03 03:56:38 UTC 2019
3 ms. Memory: 549376K Free: 526179K (96%)
ptolemy.util.test.WatchDog.cancel(): canceling Wed Apr 03 03:56:38 UTC 2019
------------------ testing $PTII/ptolemy/domains/de/test/auto/ResettableTimer1.xml
auto.tcl: Setting watchdog for 200 seconds at Wed Apr 03 03:56:38 UTC 2019
3 ms. Memory: 550912K Free: 534287K (97%)
ptolemy.util.test.WatchDog.cancel(): canceling Wed Apr 03 03:56:38 UTC 2019
auto.tcl: Setting watchdog for 200 seconds at Wed Apr 03 03:56:38 UTC 2019
2 ms. Memory: 550912K Free: 534287K (97%)
ptolemy.util.test.WatchDog.cancel(): canceling Wed Apr 03 03:56:38 UTC 2019
------------------ testing $PTII/ptolemy/domains/de/test/auto/ResettableTimer2.xml
auto.tcl: Setting watchdog for 200 seconds at Wed Apr 03 03:56:38 UTC 2019
2 ms. Memory: 549376K Free: 533352K (97%)
ptolemy.util.test.WatchDog.cancel(): canceling Wed Apr 03 03:56:38 UTC 2019
auto.tcl: Setting watchdog for 200 seconds at Wed Apr 03 03:56:38 UTC 2019
2 ms. Memory: 549376K Free: 533352K (97%)
ptolemy.util.test.WatchDog.cancel(): canceling Wed Apr 03 03:56:38 UTC 2019
------------------ testing $PTII/ptolemy/domains/de/test/auto/ResettableTimer3.xml
auto.tcl: Setting watchdog for 200 seconds at Wed Apr 03 03:56:38 UTC 2019
3 ms. Memory: 550912K Free: 534345K (97%)
ptolemy.util.test.WatchDog.cancel(): canceling Wed Apr 03 03:56:38 UTC 2019
auto.tcl: Setting watchdog for 200 seconds at Wed Apr 03 03:56:38 UTC 2019
1 ms. Memory: 550912K Free: 534345K (97%)
ptolemy.util.test.WatchDog.cancel(): canceling Wed Apr 03 03:56:38 UTC 2019
------------------ testing $PTII/ptolemy/domains/de/test/auto/ResettableTimer4.xml
auto.tcl: Setting watchdog for 200 seconds at Wed Apr 03 03:56:38 UTC 2019
1 ms. Memory: 549376K Free: 533365K (97%)
ptolemy.util.test.WatchDog.cancel(): canceling Wed Apr 03 03:56:38 UTC 2019
auto.tcl: Setting watchdog for 200 seconds at Wed Apr 03 03:56:38 UTC 2019
1 ms. Memory: 549376K Free: 533365K (97%)
ptolemy.util.test.WatchDog.cancel(): canceling Wed Apr 03 03:56:38 UTC 2019
------------------ testing $PTII/ptolemy/domains/de/test/auto/ResettableTimer5.xml
auto.tcl: Setting watchdog for 200 seconds at Wed Apr 03 03:56:38 UTC 2019
2 ms. Memory: 550400K Free: 529164K (96%)
ptolemy.util.test.WatchDog.cancel(): canceling Wed Apr 03 03:56:38 UTC 2019
auto.tcl: Setting watchdog for 200 seconds at Wed Apr 03 03:56:38 UTC 2019
1 ms. Memory: 550400K Free: 529164K (96%)
ptolemy.util.test.WatchDog.cancel(): canceling Wed Apr 03 03:56:38 UTC 2019
------------------ testing $PTII/ptolemy/domains/de/test/auto/ResettableTimer6.xml
auto.tcl: Setting watchdog for 200 seconds at Wed Apr 03 03:56:38 UTC 2019
2 ms. Memory: 549376K Free: 532769K (97%)
ptolemy.util.test.WatchDog.cancel(): canceling Wed Apr 03 03:56:38 UTC 2019
auto.tcl: Setting watchdog for 200 seconds at Wed Apr 03 03:56:38 UTC 2019
1 ms. Memory: 549376K Free: 532769K (97%)
ptolemy.util.test.WatchDog.cancel(): canceling Wed Apr 03 03:56:38 UTC 2019
------------------ testing $PTII/ptolemy/domains/de/test/auto/ServerZeroDelay.xml
auto.tcl: Setting watchdog for 200 seconds at Wed Apr 03 03:56:38 UTC 2019
3 ms. Memory: 550400K Free: 534327K (97%)
ptolemy.util.test.WatchDog.cancel(): canceling Wed Apr 03 03:56:38 UTC 2019
auto.tcl: Setting watchdog for 200 seconds at Wed Apr 03 03:56:38 UTC 2019
1 ms. Memory: 550400K Free: 534327K (97%)
ptolemy.util.test.WatchDog.cancel(): canceling Wed Apr 03 03:56:38 UTC 2019
------------------ testing $PTII/ptolemy/domains/de/test/auto/SmartSender.xml
auto.tcl: Setting watchdog for 200 seconds at Wed Apr 03 03:56:38 UTC 2019
3002 ms. Memory: 549376K Free: 533298K (97%)
ptolemy.util.test.WatchDog.cancel(): canceling Wed Apr 03 03:56:41 UTC 2019
auto.tcl: Setting watchdog for 200 seconds at Wed Apr 03 03:56:41 UTC 2019
3001 ms. Memory: 549376K Free: 533298K (97%)
ptolemy.util.test.WatchDog.cancel(): canceling Wed Apr 03 03:56:44 UTC 2019
------------------ testing $PTII/ptolemy/domains/de/test/auto/ThreadedComposite.xml
auto.tcl: Setting watchdog for 200 seconds at Wed Apr 03 03:56:44 UTC 2019
276 ms. Memory: 550400K Free: 503817K (92%)
ptolemy.util.test.WatchDog.cancel(): canceling Wed Apr 03 03:56:45 UTC 2019
auto.tcl: Setting watchdog for 200 seconds at Wed Apr 03 03:56:45 UTC 2019
204 ms. Memory: 550400K Free: 478514K (87%)
ptolemy.util.test.WatchDog.cancel(): canceling Wed Apr 03 03:56:45 UTC 2019
------------------ testing $PTII/ptolemy/domains/de/test/auto/Time.xml
auto.tcl: Setting watchdog for 200 seconds at Wed Apr 03 03:56:45 UTC 2019
584 ms. Memory: 549376K Free: 481004K (88%)
ptolemy.util.test.WatchDog.cancel(): canceling Wed Apr 03 03:56:46 UTC 2019
auto.tcl: Setting watchdog for 200 seconds at Wed Apr 03 03:56:46 UTC 2019
532 ms. Memory: 549376K Free: 428389K (78%)
ptolemy.util.test.WatchDog.cancel(): canceling Wed Apr 03 03:56:46 UTC 2019
------------------ testing $PTII/ptolemy/domains/de/test/auto/TimeDelayZeroDelay.xml
auto.tcl: Setting watchdog for 200 seconds at Wed Apr 03 03:56:46 UTC 2019
2 ms. Memory: 550400K Free: 533702K (97%)
ptolemy.util.test.WatchDog.cancel(): canceling Wed Apr 03 03:56:46 UTC 2019
auto.tcl: Setting watchdog for 200 seconds at Wed Apr 03 03:56:46 UTC 2019
2 ms. Memory: 550400K Free: 533702K (97%)
ptolemy.util.test.WatchDog.cancel(): canceling Wed Apr 03 03:56:46 UTC 2019
------------------ testing $PTII/ptolemy/domains/de/test/auto/TimerZeroDelay.xml
auto.tcl: Setting watchdog for 200 seconds at Wed Apr 03 03:56:46 UTC 2019
2 ms. Memory: 549376K Free: 533265K (97%)
ptolemy.util.test.WatchDog.cancel(): canceling Wed Apr 03 03:56:46 UTC 2019
auto.tcl: Setting watchdog for 200 seconds at Wed Apr 03 03:56:46 UTC 2019
2 ms. Memory: 549376K Free: 533265K (97%)
ptolemy.util.test.WatchDog.cancel(): canceling Wed Apr 03 03:56:46 UTC 2019
------------------ testing $PTII/ptolemy/domains/de/test/auto/TimingParadox.xml
auto.tcl: Setting watchdog for 200 seconds at Wed Apr 03 03:56:46 UTC 2019
369 ms. Memory: 549888K Free: 467551K (85%)
ptolemy.util.test.WatchDog.cancel(): canceling Wed Apr 03 03:56:47 UTC 2019
auto.tcl: Setting watchdog for 200 seconds at Wed Apr 03 03:56:47 UTC 2019
347 ms. Memory: 549888K Free: 434667K (79%)
ptolemy.util.test.WatchDog.cancel(): canceling Wed Apr 03 03:56:47 UTC 2019
------------------ testing $PTII/ptolemy/domains/de/test/auto/TransferInputs.xml
auto.tcl: Setting watchdog for 200 seconds at Wed Apr 03 03:56:47 UTC 2019
9 ms. Memory: 549888K Free: 532738K (97%)
ptolemy.util.test.WatchDog.cancel(): canceling Wed Apr 03 03:56:47 UTC 2019
auto.tcl: Setting watchdog for 200 seconds at Wed Apr 03 03:56:47 UTC 2019
1 ms. Memory: 549888K Free: 532738K (97%)
ptolemy.util.test.WatchDog.cancel(): canceling Wed Apr 03 03:56:47 UTC 2019
------------------ testing $PTII/ptolemy/domains/de/test/auto/TransferOutputs2.xml
auto.tcl: Setting watchdog for 200 seconds at Wed Apr 03 03:56:47 UTC 2019
2 ms. Memory: 549376K Free: 522071K (95%)
ptolemy.util.test.WatchDog.cancel(): canceling Wed Apr 03 03:56:47 UTC 2019
auto.tcl: Setting watchdog for 200 seconds at Wed Apr 03 03:56:47 UTC 2019
3 ms. Memory: 549376K Free: 522071K (95%)
ptolemy.util.test.WatchDog.cancel(): canceling Wed Apr 03 03:56:47 UTC 2019
------------------ testing $PTII/ptolemy/domains/de/test/auto/Trilateration.xml
auto.tcl: Setting watchdog for 200 seconds at Wed Apr 03 03:56:47 UTC 2019
14544 ms. Memory: 766976K Free: 249284K (33%)
ptolemy.util.test.WatchDog.cancel(): canceling Wed Apr 03 03:57:03 UTC 2019
auto.tcl: Setting watchdog for 200 seconds at Wed Apr 03 03:57:03 UTC 2019
10899 ms. Memory: 646144K Free: 90668K (14%)
ptolemy.util.test.WatchDog.cancel(): canceling Wed Apr 03 03:57:14 UTC 2019
------------------ testing $PTII/ptolemy/domains/de/test/auto/TwoSigmaDelta.xml
auto.tcl: Setting watchdog for 200 seconds at Wed Apr 03 03:57:14 UTC 2019
2779 ms. Memory: 649728K Free: 352395K (54%)
ptolemy.util.test.WatchDog.cancel(): canceling Wed Apr 03 03:57:17 UTC 2019
auto.tcl: Setting watchdog for 200 seconds at Wed Apr 03 03:57:17 UTC 2019
1980 ms. Memory: 649728K Free: 116107K (18%)
ptolemy.util.test.WatchDog.cancel(): canceling Wed Apr 03 03:57:19 UTC 2019
------------------ testing $PTII/ptolemy/domains/de/test/auto/VariableDelay.xml
auto.tcl: Setting watchdog for 200 seconds at Wed Apr 03 03:57:19 UTC 2019
2 ms. Memory: 646656K Free: 627035K (97%)
ptolemy.util.test.WatchDog.cancel(): canceling Wed Apr 03 03:57:19 UTC 2019
auto.tcl: Setting watchdog for 200 seconds at Wed Apr 03 03:57:19 UTC 2019
1 ms. Memory: 646656K Free: 627035K (97%)
ptolemy.util.test.WatchDog.cancel(): canceling Wed Apr 03 03:57:19 UTC 2019
------------------ testing $PTII/ptolemy/domains/de/test/auto/VariableDelay2.xml
auto.tcl: Setting watchdog for 200 seconds at Wed Apr 03 03:57:19 UTC 2019
4 ms. Memory: 646144K Free: 627013K (97%)
ptolemy.util.test.WatchDog.cancel(): canceling Wed Apr 03 03:57:19 UTC 2019
auto.tcl: Setting watchdog for 200 seconds at Wed Apr 03 03:57:19 UTC 2019
2 ms. Memory: 646144K Free: 627013K (97%)
ptolemy.util.test.WatchDog.cancel(): canceling Wed Apr 03 03:57:19 UTC 2019
------------------ testing $PTII/ptolemy/domains/de/test/auto/VariableDelayZeroDelay.xml
auto.tcl: Setting watchdog for 200 seconds at Wed Apr 03 03:57:19 UTC 2019
2 ms. Memory: 646144K Free: 627011K (97%)
ptolemy.util.test.WatchDog.cancel(): canceling Wed Apr 03 03:57:19 UTC 2019
auto.tcl: Setting watchdog for 200 seconds at Wed Apr 03 03:57:19 UTC 2019
2 ms. Memory: 646144K Free: 627011K (97%)
ptolemy.util.test.WatchDog.cancel(): canceling Wed Apr 03 03:57:19 UTC 2019
------------------ testing $PTII/ptolemy/domains/de/test/auto/VariableDelayZeroDelay2.xml
auto.tcl: Setting watchdog for 200 seconds at Wed Apr 03 03:57:19 UTC 2019
1 ms. Memory: 649216K Free: 624434K (96%)
ptolemy.util.test.WatchDog.cancel(): canceling Wed Apr 03 03:57:19 UTC 2019
auto.tcl: Setting watchdog for 200 seconds at Wed Apr 03 03:57:19 UTC 2019
2 ms. Memory: 649216K Free: 624434K (96%)
ptolemy.util.test.WatchDog.cancel(): canceling Wed Apr 03 03:57:19 UTC 2019
------------------ testing $PTII/ptolemy/domains/de/test/auto/deInCt.xml
auto.tcl: Setting watchdog for 200 seconds at Wed Apr 03 03:57:19 UTC 2019
0
1
1
1
0
0
0
1
1
1
0
0
0
1
1
1
0
0
0
1
1
1
1
0
0
0
1
1
0
0
0
0
1
1
1
1
0
0
0
1
1
0
0
0
0
0
11 ms. Memory: 646144K Free: 621282K (96%)
ptolemy.util.test.WatchDog.cancel(): canceling Wed Apr 03 03:57:19 UTC 2019
auto.tcl: Setting watchdog for 200 seconds at Wed Apr 03 03:57:19 UTC 2019
0
1
1
1
1
0
0
0
0
0
1
1
1
0
0
0
1
1
1
0
0
0
0
0
0
1
1
1
1
1
5 ms. Memory: 646144K Free: 621282K (96%)
ptolemy.util.test.WatchDog.cancel(): canceling Wed Apr 03 03:57:19 UTC 2019
------------------ testing $PTII/ptolemy/domains/de/test/auto/deInCt2.xml
auto.tcl: Setting watchdog for 200 seconds at Wed Apr 03 03:57:19 UTC 2019
0
1
1
1
0
0
1
1
1
0
0
1
1
1
0
0
1
1
1
0
0
1
1
1
0
0
1
1
1
0
0
1
1
1
0
0
1
1
1
0
0
0
12 ms. Memory: 648704K Free: 629490K (97%)
ptolemy.util.test.WatchDog.cancel(): canceling Wed Apr 03 03:57:19 UTC 2019
auto.tcl: Setting watchdog for 200 seconds at Wed Apr 03 03:57:19 UTC 2019
0
1
1
1
0
0
1
1
1
0
0
1
1
1
0
0
1
1
1
0
0
1
1
1
0
0
1
1
1
0
0
1
1
1
0
0
1
1
1
0
0
0
10 ms. Memory: 648704K Free: 629490K (97%)
ptolemy.util.test.WatchDog.cancel(): canceling Wed Apr 03 03:57:19 UTC 2019
------------------ testing $PTII/ptolemy/domains/de/test/auto/dynamicCausalityInterface1.xml
auto.tcl: Setting watchdog for 200 seconds at Wed Apr 03 03:57:19 UTC 2019
2 ms. Memory: 646144K Free: 618430K (96%)
ptolemy.util.test.WatchDog.cancel(): canceling Wed Apr 03 03:57:19 UTC 2019
auto.tcl: Setting watchdog for 200 seconds at Wed Apr 03 03:57:19 UTC 2019
1 ms. Memory: 646144K Free: 618430K (96%)
ptolemy.util.test.WatchDog.cancel(): canceling Wed Apr 03 03:57:19 UTC 2019
------------------ testing $PTII/ptolemy/domains/de/test/auto/fsm_de_test.xml
auto.tcl: Setting watchdog for 200 seconds at Wed Apr 03 03:57:19 UTC 2019
8 ms. Memory: 648192K Free: 623296K (96%)
ptolemy.util.test.WatchDog.cancel(): canceling Wed Apr 03 03:57:19 UTC 2019
auto.tcl: Setting watchdog for 200 seconds at Wed Apr 03 03:57:19 UTC 2019
5 ms. Memory: 648192K Free: 614717K (95%)
ptolemy.util.test.WatchDog.cancel(): canceling Wed Apr 03 03:57:19 UTC 2019
------------------ testing $PTII/ptolemy/domains/de/test/auto/functionDependencyReconstruction.xml
auto.tcl: Setting watchdog for 200 seconds at Wed Apr 03 03:57:19 UTC 2019
3 ms. Memory: 646144K Free: 612659K (95%)
ptolemy.util.test.WatchDog.cancel(): canceling Wed Apr 03 03:57:19 UTC 2019
auto.tcl: Setting watchdog for 200 seconds at Wed Apr 03 03:57:19 UTC 2019
2 ms. Memory: 646144K Free: 612659K (95%)
ptolemy.util.test.WatchDog.cancel(): canceling Wed Apr 03 03:57:19 UTC 2019
------------------ testing $PTII/ptolemy/domains/de/test/auto/multirate.xml
auto.tcl: Setting watchdog for 200 seconds at Wed Apr 03 03:57:19 UTC 2019
7 ms. Memory: 648192K Free: 623163K (96%)
ptolemy.util.test.WatchDog.cancel(): canceling Wed Apr 03 03:57:19 UTC 2019
auto.tcl: Setting watchdog for 200 seconds at Wed Apr 03 03:57:19 UTC 2019
3 ms. Memory: 648192K Free: 623087K (96%)
ptolemy.util.test.WatchDog.cancel(): canceling Wed Apr 03 03:57:19 UTC 2019
------------------ testing $PTII/ptolemy/domains/de/test/auto/multirate2.xml
auto.tcl: Setting watchdog for 200 seconds at Wed Apr 03 03:57:19 UTC 2019
2 ms. Memory: 646144K Free: 621303K (96%)
ptolemy.util.test.WatchDog.cancel(): canceling Wed Apr 03 03:57:19 UTC 2019
auto.tcl: Setting watchdog for 200 seconds at Wed Apr 03 03:57:19 UTC 2019
2 ms. Memory: 646144K Free: 621303K (96%)
ptolemy.util.test.WatchDog.cancel(): canceling Wed Apr 03 03:57:19 UTC 2019
------------------ testing $PTII/ptolemy/domains/de/test/auto/realtime.xml
auto.tcl: Setting watchdog for 200 seconds at Wed Apr 03 03:57:19 UTC 2019
10002 ms. Memory: 647680K Free: 622761K (96%)
ptolemy.util.test.WatchDog.cancel(): canceling Wed Apr 03 03:57:29 UTC 2019
auto.tcl: Setting watchdog for 200 seconds at Wed Apr 03 03:57:29 UTC 2019
10002 ms. Memory: 647680K Free: 622761K (96%)
ptolemy.util.test.WatchDog.cancel(): canceling Wed Apr 03 03:57:39 UTC 2019
------------------ testing $PTII/ptolemy/domains/de/test/auto/relationGroup.xml
auto.tcl: Setting watchdog for 200 seconds at Wed Apr 03 03:57:40 UTC 2019
1 ms. Memory: 646144K Free: 626974K (97%)
ptolemy.util.test.WatchDog.cancel(): canceling Wed Apr 03 03:57:40 UTC 2019
auto.tcl: Setting watchdog for 200 seconds at Wed Apr 03 03:57:40 UTC 2019
2 ms. Memory: 646144K Free: 626974K (97%)
ptolemy.util.test.WatchDog.cancel(): canceling Wed Apr 03 03:57:40 UTC 2019
------------------ testing $PTII/ptolemy/domains/de/test/auto/relationGroup2.xml
auto.tcl: Setting watchdog for 200 seconds at Wed Apr 03 03:57:40 UTC 2019
1 ms. Memory: 647680K Free: 622889K (96%)
ptolemy.util.test.WatchDog.cancel(): canceling Wed Apr 03 03:57:40 UTC 2019
auto.tcl: Setting watchdog for 200 seconds at Wed Apr 03 03:57:40 UTC 2019
1 ms. Memory: 647680K Free: 622889K (96%)
ptolemy.util.test.WatchDog.cancel(): canceling Wed Apr 03 03:57:40 UTC 2019
------------------ testing $PTII/ptolemy/domains/de/test/auto/sortWithOpaquePorts.xml
auto.tcl: Setting watchdog for 200 seconds at Wed Apr 03 03:57:40 UTC 2019
2 ms. Memory: 646144K Free: 621354K (96%)
ptolemy.util.test.WatchDog.cancel(): canceling Wed Apr 03 03:57:40 UTC 2019
auto.tcl: Setting watchdog for 200 seconds at Wed Apr 03 03:57:40 UTC 2019
1 ms. Memory: 646144K Free: 621354K (96%)
ptolemy.util.test.WatchDog.cancel(): canceling Wed Apr 03 03:57:40 UTC 2019
------------------ testing $PTII/ptolemy/domains/de/test/auto/transferInputsandOutputs.xml
auto.tcl: Setting watchdog for 200 seconds at Wed Apr 03 03:57:40 UTC 2019
2 ms. Memory: 647168K Free: 622365K (96%)
ptolemy.util.test.WatchDog.cancel(): canceling Wed Apr 03 03:57:40 UTC 2019
auto.tcl: Setting watchdog for 200 seconds at Wed Apr 03 03:57:40 UTC 2019
2 ms. Memory: 647168K Free: 622365K (96%)
ptolemy.util.test.WatchDog.cancel(): canceling Wed Apr 03 03:57:40 UTC 2019
------------------ testing $PTII/ptolemy/domains/de/test/auto/triggerType.xml
auto.tcl: Setting watchdog for 200 seconds at Wed Apr 03 03:57:40 UTC 2019
4 ms. Memory: 646144K Free: 621291K (96%)
ptolemy.util.test.WatchDog.cancel(): canceling Wed Apr 03 03:57:40 UTC 2019
auto.tcl: Setting watchdog for 200 seconds at Wed Apr 03 03:57:40 UTC 2019
1 ms. Memory: 646144K Free: 621291K (96%)
ptolemy.util.test.WatchDog.cancel(): canceling Wed Apr 03 03:57:40 UTC 2019
04/03/19 03:57:40
Failed: 0  Total Tests: 192  ((Passed: 187, Newly Passed: 1)  Known Failed: 5) /home/travis/build/icyphy/ptII/ptolemy/domains/de/test
04/03/19 03:57:40
Failed: 0  Total Tests: 192  ((Passed: 187, Newly Passed: 1)  Known Failed: 5) /home/travis/build/icyphy/ptII/ptolemy/domains/de/test
----------------- testing (KnownFailure) /home/travis/build/icyphy/ptII/ptolemy/domains/de/test/auto/knownFailedTests/DESDFClockTest.xml
2012 ms. Memory: 647168K Free: 610997K (94%)
Known Failure: java.lang.reflect.InvocationTargetException
----------------- testing (KnownFailure) /home/travis/build/icyphy/ptII/ptolemy/domains/de/test/auto/knownFailedTests/DirectFeedback.xml
1 ms. Memory: 647168K Free: 565818K (87%)
Known Failure: java.lang.reflect.InvocationTargetException
----------------- testing (KnownFailure) /home/travis/build/icyphy/ptII/ptolemy/domains/de/test/auto/knownFailedTests/FSMSource.xml
10 ms. Memory: 647168K Free: 520639K (80%)
----------------- testing (KnownFailure) /home/travis/build/icyphy/ptII/ptolemy/domains/de/test/auto/knownFailedTests/HierarchicalModel.xml
3 ms. Memory: 647168K Free: 486739K (75%)
Known Failure: java.lang.reflect.InvocationTargetException
----------------- testing (KnownFailure) /home/travis/build/icyphy/ptII/ptolemy/domains/de/test/auto/knownFailedTests/dependencyLoop.xml
6 ms. Memory: 647168K Free: 430249K (66%)
Known Failure: java.lang.reflect.InvocationTargetException
----------------- testing (KnownFailure) /home/travis/build/icyphy/ptII/ptolemy/domains/de/test/auto/knownFailedTests/dependencyLoop2.xml
2 ms. Memory: 647168K Free: 373775K (58%)
Known Failure: java.lang.reflect.InvocationTargetException
No auto/linux-amd64/*.xml tests in /home/travis/build/icyphy/ptII/ptolemy/domains/de/test
AutoTests.java: About to close Vertx.
AutoTests.java: Vertx closed.

===========================================================================================
----------------- testing Wed Apr 03 03:57:42 UTC 2019 /home/travis/build/icyphy/ptII/ptolemy/domains/de/test/auto/ActorDepthCalculation_actorWithoutPorts.xml
----------------- Instantiating /home/travis/build/icyphy/ptII/ptolemy/domains/de/test/auto/ActorDepthCalculation_actorWithoutPorts.xml
1 ms. Memory: 647168K Free: 317301K (49%)
----------------- Invoking toplevel() on ptolemy.moml.MoMLSimpleApplication@5ca884bb
----------------- Done invoking toplevel() on ptolemy.moml.MoMLSimpleApplication@5ca884bb
reloadAllAccessors: .ActorDepthCalculation_actorWithoutPorts

===========================================================================================
----------------- testing Wed Apr 03 03:57:42 UTC 2019 /home/travis/build/icyphy/ptII/ptolemy/domains/de/test/auto/AssemblyLine.xml
----------------- Instantiating /home/travis/build/icyphy/ptII/ptolemy/domains/de/test/auto/AssemblyLine.xml
2 ms. Memory: 647168K Free: 294712K (46%)
----------------- Invoking toplevel() on ptolemy.moml.MoMLSimpleApplication@521d24cf
----------------- Done invoking toplevel() on ptolemy.moml.MoMLSimpleApplication@521d24cf
reloadAllAccessors: .AssemblyLine

===========================================================================================
----------------- testing Wed Apr 03 03:57:42 UTC 2019 /home/travis/build/icyphy/ptII/ptolemy/domains/de/test/auto/CQBug1.xml
----------------- Instantiating /home/travis/build/icyphy/ptII/ptolemy/domains/de/test/auto/CQBug1.xml
1 ms. Memory: 647168K Free: 272122K (42%)
----------------- Invoking toplevel() on ptolemy.moml.MoMLSimpleApplication@4d61c063
----------------- Done invoking toplevel() on ptolemy.moml.MoMLSimpleApplication@4d61c063
reloadAllAccessors: .CQBug1

===========================================================================================
----------------- testing Wed Apr 03 03:57:42 UTC 2019 /home/travis/build/icyphy/ptII/ptolemy/domains/de/test/auto/CancelFireAt.xml
----------------- Instantiating /home/travis/build/icyphy/ptII/ptolemy/domains/de/test/auto/CancelFireAt.xml
1 ms. Memory: 647168K Free: 249533K (39%)
----------------- Invoking toplevel() on ptolemy.moml.MoMLSimpleApplication@3f3ea42b
----------------- Done invoking toplevel() on ptolemy.moml.MoMLSimpleApplication@3f3ea42b
reloadAllAccessors: .CancelFireAt

===========================================================================================
----------------- testing Wed Apr 03 03:57:42 UTC 2019 /home/travis/build/icyphy/ptII/ptolemy/domains/de/test/auto/CausalityAndComposabilityAnalysis.xml
----------------- Instantiating /home/travis/build/icyphy/ptII/ptolemy/domains/de/test/auto/CausalityAndComposabilityAnalysis.xml
1 ms. Memory: 647168K Free: 226944K (35%)
----------------- Invoking toplevel() on ptolemy.moml.MoMLSimpleApplication@6f0db993
----------------- Done invoking toplevel() on ptolemy.moml.MoMLSimpleApplication@6f0db993
reloadAllAccessors: .CausalityAndComposabilityAnalysis

===========================================================================================
----------------- testing Wed Apr 03 03:57:42 UTC 2019 /home/travis/build/icyphy/ptII/ptolemy/domains/de/test/auto/CausalityInterface1.xml
----------------- Instantiating /home/travis/build/icyphy/ptII/ptolemy/domains/de/test/auto/CausalityInterface1.xml
3 ms. Memory: 647168K Free: 204354K (32%)
----------------- Invoking toplevel() on ptolemy.moml.MoMLSimpleApplication@274ebfe
----------------- Done invoking toplevel() on ptolemy.moml.MoMLSimpleApplication@274ebfe
reloadAllAccessors: .CausalityInterface1

===========================================================================================
----------------- testing Wed Apr 03 03:57:42 UTC 2019 /home/travis/build/icyphy/ptII/ptolemy/domains/de/test/auto/CausalityInterface15.xml
----------------- Instantiating /home/travis/build/icyphy/ptII/ptolemy/domains/de/test/auto/CausalityInterface15.xml
9 ms. Memory: 647168K Free: 181765K (28%)
----------------- Invoking toplevel() on ptolemy.moml.MoMLSimpleApplication@3f3089b9
----------------- Done invoking toplevel() on ptolemy.moml.MoMLSimpleApplication@3f3089b9
reloadAllAccessors: .CausalityInterface15

[...]
java.lang.RuntimeException: Execution failed
	at ptolemy.moml.MoMLSimpleApplication$UnloadThread.run(MoMLSimpleApplication.java:402)
Caused by: ptolemy.kernel.util.IllegalActionException: Test fails in iteration 1.
Value was: 1.0. Should have been: 2.0
  in .DirectFeedback.Test
	at ptolemy.actor.lib.Test.fire(Test.java:268)
	at ptolemy.domains.de.kernel.DEDirector._fire(DEDirector.java:1949)
	at ptolemy.domains.de.kernel.DEDirector.fire(DEDirector.java:502)
	at ptolemy.actor.CompositeActor.fire(CompositeActor.java:455)
	at ptolemy.actor.Manager.iterate(Manager.java:851)
	at ptolemy.actor.Manager.execute(Manager.java:369)
	at ptolemy.actor.Manager.run(Manager.java:1263)
	at ptolemy.actor.Manager$PtolemyRunThread.run(Manager.java:1915)
java.lang.RuntimeException: Execution failed
	at ptolemy.moml.MoMLSimpleApplication$UnloadThread.run(MoMLSimpleApplication.java:402)
Caused by: ptolemy.kernel.util.IllegalActionException: Actor is not ready to fire.  Perhaps UpSample.prefire() returned false? Try debugging the actor by selecting "Listen to Actor".  Also, for SDF check moml for tokenConsumptionRate on input.
  in .DESDFClockTest.Play Bell.Copy1:SDF Director and .DESDFClockTest.Play Bell.UpSample
	at ptolemy.actor.sched.StaticSchedulingDirector.fire(StaticSchedulingDirector.java:227)
	at ptolemy.domains.sdf.kernel.SDFDirector.fire(SDFDirector.java:500)
	at ptolemy.actor.CompositeActor.fire(CompositeActor.java:455)
	at ptolemy.domains.de.kernel.DEDirector._fire(DEDirector.java:1949)
	at ptolemy.domains.de.kernel.DEDirector.fire(DEDirector.java:502)
	at ptolemy.actor.CompositeActor.fire(CompositeActor.java:455)
	at ptolemy.actor.Manager.iterate(Manager.java:851)
	at ptolemy.actor.Manager.execute(Manager.java:369)
	at ptolemy.actor.Manager.run(Manager.java:1263)
	at ptolemy.actor.Manager$PtolemyRunThread.run(Manager.java:1915)
java.lang.reflect.InvocationTargetException
	at sun.reflect.NativeConstructorAccessorImpl.newInstance0(Native Method)
	at sun.reflect.NativeConstructorAccessorImpl.newInstance(NativeConstructorAccessorImpl.java:62)
	at sun.reflect.DelegatingConstructorAccessorImpl.newInstance(DelegatingConstructorAccessorImpl.java:45)
	at java.lang.reflect.Constructor.newInstance(Constructor.java:423)
	at ptolemy.util.test.junit.AutoKnownFailedTests.RunModel(AutoKnownFailedTests.java:105)
	at sun.reflect.NativeMethodAccessorImpl.invoke0(Native Method)
	at sun.reflect.NativeMethodAccessorImpl.invoke(NativeMethodAccessorImpl.java:62)
	at sun.reflect.DelegatingMethodAccessorImpl.invoke(DelegatingMethodAccessorImpl.java:43)
	at java.lang.reflect.Method.invoke(Method.java:498)
	at org.junit.runners.model.FrameworkMethod$1.runReflectiveCall(FrameworkMethod.java:44)
	at org.junit.internal.runners.model.ReflectiveCallable.run(ReflectiveCallable.java:15)
	at org.junit.runners.model.FrameworkMethod.invokeExplosively(FrameworkMethod.java:41)
	at junitparams.internal.InvokeParameterisedMethod.evaluate(InvokeParameterisedMethod.java:102)
	at org.junit.internal.runners.statements.FailOnTimeout$1.run(FailOnTimeout.java:28)
Caused by: ptolemy.kernel.util.IllegalActionException: Actor is not ready to fire.  Perhaps UpSample.prefire() returned false? Try debugging the actor by selecting "Listen to Actor".  Also, for SDF check moml for tokenConsumptionRate on input.
  in .DESDFClockTest.Play Bell.Copy1:SDF Director and .DESDFClockTest.Play Bell.UpSample
	at ptolemy.actor.sched.StaticSchedulingDirector.fire(StaticSchedulingDirector.java:227)
	at ptolemy.domains.sdf.kernel.SDFDirector.fire(SDFDirector.java:500)
	at ptolemy.actor.CompositeActor.fire(CompositeActor.java:455)
	at ptolemy.domains.de.kernel.DEDirector._fire(DEDirector.java:1949)
	at ptolemy.domains.de.kernel.DEDirector.fire(DEDirector.java:502)
	at ptolemy.actor.CompositeActor.fire(CompositeActor.java:455)
	at ptolemy.actor.Manager.iterate(Manager.java:851)
	at ptolemy.actor.Manager.execute(Manager.java:369)
	at ptolemy.actor.Manager.run(Manager.java:1263)
	at ptolemy.actor.Manager$PtolemyRunThread.run(Manager.java:1915)
java.lang.RuntimeException: Execution failed
	at ptolemy.moml.MoMLSimpleApplication$UnloadThread.run(MoMLSimpleApplication.java:402)
Caused by: ptolemy.kernel.util.IllegalActionException: Test fails in iteration 1.
Value was: 1.0. Should have been: 2.0
  in .DirectFeedback.Test
	at ptolemy.actor.lib.Test.fire(Test.java:268)
	at ptolemy.domains.de.kernel.DEDirector._fire(DEDirector.java:1949)
	at ptolemy.domains.de.kernel.DEDirector.fire(DEDirector.java:502)
	at ptolemy.actor.CompositeActor.fire(CompositeActor.java:455)
	at ptolemy.actor.Manager.iterate(Manager.java:851)
	at ptolemy.actor.Manager.execute(Manager.java:369)
	at ptolemy.actor.Manager.run(Manager.java:1263)
	at ptolemy.actor.Manager$PtolemyRunThread.run(Manager.java:1915)
java.lang.reflect.InvocationTargetException
	at sun.reflect.NativeConstructorAccessorImpl.newInstance0(Native Method)
	at sun.reflect.NativeConstructorAccessorImpl.newInstance(NativeConstructorAccessorImpl.java:62)
	at sun.reflect.DelegatingConstructorAccessorImpl.newInstance(DelegatingConstructorAccessorImpl.java:45)
	at java.lang.reflect.Constructor.newInstance(Constructor.java:423)
	at ptolemy.util.test.junit.AutoKnownFailedTests.RunModel(AutoKnownFailedTests.java:105)
	at sun.reflect.NativeMethodAccessorImpl.invoke0(Native Method)
	at sun.reflect.NativeMethodAccessorImpl.invoke(NativeMethodAccessorImpl.java:62)
	at sun.reflect.DelegatingMethodAccessorImpl.invoke(DelegatingMethodAccessorImpl.java:43)
	at java.lang.reflect.Method.invoke(Method.java:498)
	at org.junit.runners.model.FrameworkMethod$1.runReflectiveCall(FrameworkMethod.java:44)
	at org.junit.internal.runners.model.ReflectiveCallable.run(ReflectiveCallable.java:15)
	at org.junit.runners.model.FrameworkMethod.invokeExplosively(FrameworkMethod.java:41)
	at junitparams.internal.InvokeParameterisedMethod.evaluate(InvokeParameterisedMethod.java:102)
	at org.junit.internal.runners.statements.FailOnTimeout$1.run(FailOnTimeout.java:28)
Caused by: ptolemy.kernel.util.IllegalActionException: Test fails in iteration 1.
Value was: 1.0. Should have been: 2.0
  in .DirectFeedback.Test
	at ptolemy.actor.lib.Test.fire(Test.java:268)
	at ptolemy.domains.de.kernel.DEDirector._fire(DEDirector.java:1949)
	at ptolemy.domains.de.kernel.DEDirector.fire(DEDirector.java:502)
	at ptolemy.actor.CompositeActor.fire(CompositeActor.java:455)
	at ptolemy.actor.Manager.iterate(Manager.java:851)
	at ptolemy.actor.Manager.execute(Manager.java:369)
	at ptolemy.actor.Manager.run(Manager.java:1263)
	at ptolemy.actor.Manager$PtolemyRunThread.run(Manager.java:1915)
java.lang.RuntimeException: Execution failed
	at ptolemy.moml.MoMLSimpleApplication$UnloadThread.run(MoMLSimpleApplication.java:402)
Caused by: ptolemy.kernel.util.IllegalActionException: Found a zero delay loop containing .HierarchicalModel.A
  in .HierarchicalModel and .HierarchicalModel.A
	at ptolemy.actor.util.CausalityInterfaceForComposites._computeOutputPortDepth(CausalityInterfaceForComposites.java:759)
	at ptolemy.actor.util.CausalityInterfaceForComposites._computeInputDepth(CausalityInterfaceForComposites.java:696)
	at ptolemy.actor.util.CausalityInterfaceForComposites._computeOutputPortDepth(CausalityInterfaceForComposites.java:765)
	at ptolemy.actor.util.CausalityInterfaceForComposites._computeInputDepth(CausalityInterfaceForComposites.java:696)
	at ptolemy.actor.util.CausalityInterfaceForComposites._computeOutputPortDepth(CausalityInterfaceForComposites.java:765)
	at ptolemy.actor.util.CausalityInterfaceForComposites._computeInputDepth(CausalityInterfaceForComposites.java:696)
	at ptolemy.actor.util.CausalityInterfaceForComposites._computeActorDepth(CausalityInterfaceForComposites.java:532)
	at ptolemy.actor.util.CausalityInterfaceForComposites.checkForCycles(CausalityInterfaceForComposites.java:96)
	at ptolemy.domains.de.kernel.DEDirector.preinitialize(DEDirector.java:1338)
	at ptolemy.actor.CompositeActor.preinitialize(CompositeActor.java:1828)
	at ptolemy.actor.Manager.preinitializeAndResolveTypes(Manager.java:1040)
	at ptolemy.actor.Manager.initialize(Manager.java:710)
	at ptolemy.actor.Manager.execute(Manager.java:356)
	at ptolemy.actor.Manager.run(Manager.java:1263)
	at ptolemy.actor.Manager$PtolemyRunThread.run(Manager.java:1915)
java.lang.reflect.InvocationTargetException
	at sun.reflect.NativeConstructorAccessorImpl.newInstance0(Native Method)
	at sun.reflect.NativeConstructorAccessorImpl.newInstance(NativeConstructorAccessorImpl.java:62)
	at sun.reflect.DelegatingConstructorAccessorImpl.newInstance(DelegatingConstructorAccessorImpl.java:45)
	at java.lang.reflect.Constructor.newInstance(Constructor.java:423)
	at ptolemy.util.test.junit.AutoKnownFailedTests.RunModel(AutoKnownFailedTests.java:105)
	at sun.reflect.NativeMethodAccessorImpl.invoke0(Native Method)
	at sun.reflect.NativeMethodAccessorImpl.invoke(NativeMethodAccessorImpl.java:62)
	at sun.reflect.DelegatingMethodAccessorImpl.invoke(DelegatingMethodAccessorImpl.java:43)
	at java.lang.reflect.Method.invoke(Method.java:498)
	at org.junit.runners.model.FrameworkMethod$1.runReflectiveCall(FrameworkMethod.java:44)
	at org.junit.internal.runners.model.ReflectiveCallable.run(ReflectiveCallable.java:15)
	at org.junit.runners.model.FrameworkMethod.invokeExplosively(FrameworkMethod.java:41)
	at junitparams.internal.InvokeParameterisedMethod.evaluate(InvokeParameterisedMethod.java:102)
	at org.junit.internal.runners.statements.FailOnTimeout$1.run(FailOnTimeout.java:28)
Caused by: ptolemy.kernel.util.IllegalActionException: Found a zero delay loop containing .HierarchicalModel.A
  in .HierarchicalModel and .HierarchicalModel.A
	at ptolemy.actor.util.CausalityInterfaceForComposites._computeOutputPortDepth(CausalityInterfaceForComposites.java:759)
	at ptolemy.actor.util.CausalityInterfaceForComposites._computeInputDepth(CausalityInterfaceForComposites.java:696)
	at ptolemy.actor.util.CausalityInterfaceForComposites._computeOutputPortDepth(CausalityInterfaceForComposites.java:765)
	at ptolemy.actor.util.CausalityInterfaceForComposites._computeInputDepth(CausalityInterfaceForComposites.java:696)
	at ptolemy.actor.util.CausalityInterfaceForComposites._computeOutputPortDepth(CausalityInterfaceForComposites.java:765)
	at ptolemy.actor.util.CausalityInterfaceForComposites._computeInputDepth(CausalityInterfaceForComposites.java:696)
	at ptolemy.actor.util.CausalityInterfaceForComposites._computeActorDepth(CausalityInterfaceForComposites.java:532)
	at ptolemy.actor.util.CausalityInterfaceForComposites.checkForCycles(CausalityInterfaceForComposites.java:96)
	at ptolemy.domains.de.kernel.DEDirector.preinitialize(DEDirector.java:1338)
	at ptolemy.actor.CompositeActor.preinitialize(CompositeActor.java:1828)
	at ptolemy.actor.Manager.preinitializeAndResolveTypes(Manager.java:1040)
	at ptolemy.actor.Manager.initialize(Manager.java:710)
	at ptolemy.actor.Manager.execute(Manager.java:356)
	at ptolemy.actor.Manager.run(Manager.java:1263)
	at ptolemy.actor.Manager$PtolemyRunThread.run(Manager.java:1915)
java.lang.RuntimeException: Execution failed
	at ptolemy.moml.MoMLSimpleApplication$UnloadThread.run(MoMLSimpleApplication.java:402)
Caused by: ptolemy.kernel.util.IllegalActionException: Found a zero delay loop containing .dependencyLoop.original
  in .dependencyLoop and .dependencyLoop.original
	at ptolemy.actor.util.CausalityInterfaceForComposites._computeOutputPortDepth(CausalityInterfaceForComposites.java:759)
	at ptolemy.actor.util.CausalityInterfaceForComposites._computeInputDepth(CausalityInterfaceForComposites.java:696)
	at ptolemy.actor.util.CausalityInterfaceForComposites._computeOutputPortDepth(CausalityInterfaceForComposites.java:765)
	at ptolemy.actor.util.CausalityInterfaceForComposites._computeInputDepth(CausalityInterfaceForComposites.java:696)
	at ptolemy.actor.util.CausalityInterfaceForComposites._computeOutputPortDepth(CausalityInterfaceForComposites.java:765)
	at ptolemy.actor.util.CausalityInterfaceForComposites._computeInputDepth(CausalityInterfaceForComposites.java:696)
	at ptolemy.actor.util.CausalityInterfaceForComposites._computeActorDepth(CausalityInterfaceForComposites.java:532)
	at ptolemy.actor.util.CausalityInterfaceForComposites.checkForCycles(CausalityInterfaceForComposites.java:96)
	at ptolemy.domains.de.kernel.DEDirector.preinitialize(DEDirector.java:1338)
	at ptolemy.actor.CompositeActor.preinitialize(CompositeActor.java:1828)
	at ptolemy.actor.Manager.preinitializeAndResolveTypes(Manager.java:1040)
	at ptolemy.actor.Manager.initialize(Manager.java:710)
	at ptolemy.actor.Manager.execute(Manager.java:356)
	at ptolemy.actor.Manager.run(Manager.java:1263)
	at ptolemy.actor.Manager$PtolemyRunThread.run(Manager.java:1915)
java.lang.reflect.InvocationTargetException
	at sun.reflect.NativeConstructorAccessorImpl.newInstance0(Native Method)
	at sun.reflect.NativeConstructorAccessorImpl.newInstance(NativeConstructorAccessorImpl.java:62)
	at sun.reflect.DelegatingConstructorAccessorImpl.newInstance(DelegatingConstructorAccessorImpl.java:45)
	at java.lang.reflect.Constructor.newInstance(Constructor.java:423)
	at ptolemy.util.test.junit.AutoKnownFailedTests.RunModel(AutoKnownFailedTests.java:105)
	at sun.reflect.NativeMethodAccessorImpl.invoke0(Native Method)
	at sun.reflect.NativeMethodAccessorImpl.invoke(NativeMethodAccessorImpl.java:62)
	at sun.reflect.DelegatingMethodAccessorImpl.invoke(DelegatingMethodAccessorImpl.java:43)
	at java.lang.reflect.Method.invoke(Method.java:498)
	at org.junit.runners.model.FrameworkMethod$1.runReflectiveCall(FrameworkMethod.java:44)
	at org.junit.internal.runners.model.ReflectiveCallable.run(ReflectiveCallable.java:15)
	at org.junit.runners.model.FrameworkMethod.invokeExplosively(FrameworkMethod.java:41)
	at junitparams.internal.InvokeParameterisedMethod.evaluate(InvokeParameterisedMethod.java:102)
	at org.junit.internal.runners.statements.FailOnTimeout$1.run(FailOnTimeout.java:28)
Caused by: ptolemy.kernel.util.IllegalActionException: Found a zero delay loop containing .dependencyLoop.original
  in .dependencyLoop and .dependencyLoop.original
	at ptolemy.actor.util.CausalityInterfaceForComposites._computeOutputPortDepth(CausalityInterfaceForComposites.java:759)
	at ptolemy.actor.util.CausalityInterfaceForComposites._computeInputDepth(CausalityInterfaceForComposites.java:696)
	at ptolemy.actor.util.CausalityInterfaceForComposites._computeOutputPortDepth(CausalityInterfaceForComposites.java:765)
	at ptolemy.actor.util.CausalityInterfaceForComposites._computeInputDepth(CausalityInterfaceForComposites.java:696)
	at ptolemy.actor.util.CausalityInterfaceForComposites._computeOutputPortDepth(CausalityInterfaceForComposites.java:765)
	at ptolemy.actor.util.CausalityInterfaceForComposites._computeInputDepth(CausalityInterfaceForComposites.java:696)
	at ptolemy.actor.util.CausalityInterfaceForComposites._computeActorDepth(CausalityInterfaceForComposites.java:532)
	at ptolemy.actor.util.CausalityInterfaceForComposites.checkForCycles(CausalityInterfaceForComposites.java:96)
	at ptolemy.domains.de.kernel.DEDirector.preinitialize(DEDirector.java:1338)
	at ptolemy.actor.CompositeActor.preinitialize(CompositeActor.java:1828)
	at ptolemy.actor.Manager.preinitializeAndResolveTypes(Manager.java:1040)
	at ptolemy.actor.Manager.initialize(Manager.java:710)
	at ptolemy.actor.Manager.execute(Manager.java:356)
	at ptolemy.actor.Manager.run(Manager.java:1263)
	at ptolemy.actor.Manager$PtolemyRunThread.run(Manager.java:1915)
java.lang.RuntimeException: Execution failed
	at ptolemy.moml.MoMLSimpleApplication$UnloadThread.run(MoMLSimpleApplication.java:402)
Caused by: ptolemy.kernel.util.IllegalActionException: Found a zero delay loop containing .dependencyLoop2.original
  in .dependencyLoop2 and .dependencyLoop2.original
	at ptolemy.actor.util.CausalityInterfaceForComposites._computeOutputPortDepth(CausalityInterfaceForComposites.java:759)
	at ptolemy.actor.util.CausalityInterfaceForComposites._computeInputDepth(CausalityInterfaceForComposites.java:696)
	at ptolemy.actor.util.CausalityInterfaceForComposites._computeOutputPortDepth(CausalityInterfaceForComposites.java:765)
	at ptolemy.actor.util.CausalityInterfaceForComposites._computeInputDepth(CausalityInterfaceForComposites.java:696)
	at ptolemy.actor.util.CausalityInterfaceForComposites._computeOutputPortDepth(CausalityInterfaceForComposites.java:765)
	at ptolemy.actor.util.CausalityInterfaceForComposites._computeInputDepth(CausalityInterfaceForComposites.java:696)
	at ptolemy.actor.util.CausalityInterfaceForComposites._computeActorDepth(CausalityInterfaceForComposites.java:532)
	at ptolemy.actor.util.CausalityInterfaceForComposites.checkForCycles(CausalityInterfaceForComposites.java:96)
	at ptolemy.domains.de.kernel.DEDirector.preinitialize(DEDirector.java:1338)
	at ptolemy.actor.CompositeActor.preinitialize(CompositeActor.java:1828)
	at ptolemy.actor.Manager.preinitializeAndResolveTypes(Manager.java:1040)
	at ptolemy.actor.Manager.initialize(Manager.java:710)
	at ptolemy.actor.Manager.execute(Manager.java:356)
	at ptolemy.actor.Manager.run(Manager.java:1263)
	at ptolemy.actor.Manager$PtolemyRunThread.run(Manager.java:1915)
java.lang.reflect.InvocationTargetException
	at sun.reflect.NativeConstructorAccessorImpl.newInstance0(Native Method)
	at sun.reflect.NativeConstructorAccessorImpl.newInstance(NativeConstructorAccessorImpl.java:62)
	at sun.reflect.DelegatingConstructorAccessorImpl.newInstance(DelegatingConstructorAccessorImpl.java:45)
	at java.lang.reflect.Constructor.newInstance(Constructor.java:423)
	at ptolemy.util.test.junit.AutoKnownFailedTests.RunModel(AutoKnownFailedTests.java:105)
	at sun.reflect.NativeMethodAccessorImpl.invoke0(Native Method)
	at sun.reflect.NativeMethodAccessorImpl.invoke(NativeMethodAccessorImpl.java:62)
	at sun.reflect.DelegatingMethodAccessorImpl.invoke(DelegatingMethodAccessorImpl.java:43)
	at java.lang.reflect.Method.invoke(Method.java:498)
	at org.junit.runners.model.FrameworkMethod$1.runReflectiveCall(FrameworkMethod.java:44)
	at org.junit.internal.runners.model.ReflectiveCallable.run(ReflectiveCallable.java:15)
	at org.junit.runners.model.FrameworkMethod.invokeExplosively(FrameworkMethod.java:41)
	at junitparams.internal.InvokeParameterisedMethod.evaluate(InvokeParameterisedMethod.java:102)
	at org.junit.internal.runners.statements.FailOnTimeout$1.run(FailOnTimeout.java:28)
Caused by: ptolemy.kernel.util.IllegalActionException: Found a zero delay loop containing .dependencyLoop2.original
  in .dependencyLoop2 and .dependencyLoop2.original
	at ptolemy.actor.util.CausalityInterfaceForComposites._computeOutputPortDepth(CausalityInterfaceForComposites.java:759)
	at ptolemy.actor.util.CausalityInterfaceForComposites._computeInputDepth(CausalityInterfaceForComposites.java:696)
	at ptolemy.actor.util.CausalityInterfaceForComposites._computeOutputPortDepth(CausalityInterfaceForComposites.java:765)
	at ptolemy.actor.util.CausalityInterfaceForComposites._computeInputDepth(CausalityInterfaceForComposites.java:696)
	at ptolemy.actor.util.CausalityInterfaceForComposites._computeOutputPortDepth(CausalityInterfaceForComposites.java:765)
	at ptolemy.actor.util.CausalityInterfaceForComposites._computeInputDepth(CausalityInterfaceForComposites.java:696)
	at ptolemy.actor.util.CausalityInterfaceForComposites._computeActorDepth(CausalityInterfaceForComposites.java:532)
	at ptolemy.actor.util.CausalityInterfaceForComposites.checkForCycles(CausalityInterfaceForComposites.java:96)
	at ptolemy.domains.de.kernel.DEDirector.preinitialize(DEDirector.java:1338)
	at ptolemy.actor.CompositeActor.preinitialize(CompositeActor.java:1828)
	at ptolemy.actor.Manager.preinitializeAndResolveTypes(Manager.java:1040)
	at ptolemy.actor.Manager.initialize(Manager.java:710)
	at ptolemy.actor.Manager.execute(Manager.java:356)
	at ptolemy.actor.Manager.run(Manager.java:1263)
	at ptolemy.actor.Manager$PtolemyRunThread.run(Manager.java:1915)
]]></system-err>
</testsuite>
