<?xml version="1.0" encoding="UTF-8" ?>
<testsuite errors="0" failures="0" hostname="travis-job-c36e8a02-76a0-4e01-99d1-4f65214f13a0" name="ptolemy.domains.continuous.test.junit.JUnitTclTest" skipped="0" tests="156" time="79.367" timestamp="2020-10-15T15:46:36">
  <properties>
[...]
</properties>
  <testcase classname="ptolemy.util.test.junit.TclTests" name="[0] ThereAreNoTclTests (RunTclFile)" time="0.011" />
  <testcase classname="ptolemy.util.test.junit.AutoKnownFailedTests" name="[0] ThereAreNoKnowFailedTests (RunModel)" time="0.006" />
  <testcase classname="ptolemy.util.test.junit.AutoNameArchTests" name="[0] ThereAreNoAutoArchTests (RunModel)" time="0.027" />
  <testcase classname="ptolemy.util.test.junit.AutoTests" name="[0] /home/travis/build/icyphy/ptII/ptolemy/domains/continuous/test/auto/BouncingBall.xml (RunModel)" time="3.005" />
  <testcase classname="ptolemy.util.test.junit.AutoTests" name="[1] /home/travis/build/icyphy/ptII/ptolemy/domains/continuous/test/auto/BouncingBallWithoutGR.xml (RunModel)" time="0.997" />
  <testcase classname="ptolemy.util.test.junit.AutoTests" name="[2] /home/travis/build/icyphy/ptII/ptolemy/domains/continuous/test/auto/Brownian.xml (RunModel)" time="0.121" />
  <testcase classname="ptolemy.util.test.junit.AutoTests" name="[3] /home/travis/build/icyphy/ptII/ptolemy/domains/continuous/test/auto/CarTracking.xml (RunModel)" time="4.362" />
  <testcase classname="ptolemy.util.test.junit.AutoTests" name="[4] /home/travis/build/icyphy/ptII/ptolemy/domains/continuous/test/auto/CartPendulum.xml (RunModel)" time="0.51" />
  <testcase classname="ptolemy.util.test.junit.AutoTests" name="[5] /home/travis/build/icyphy/ptII/ptolemy/domains/continuous/test/auto/CausalityInterface10.xml (RunModel)" time="0.05" />
  <testcase classname="ptolemy.util.test.junit.AutoTests" name="[6] /home/travis/build/icyphy/ptII/ptolemy/domains/continuous/test/auto/CausalityInterface11.xml (RunModel)" time="0.035" />
  <testcase classname="ptolemy.util.test.junit.AutoTests" name="[7] /home/travis/build/icyphy/ptII/ptolemy/domains/continuous/test/auto/CausalityInterface12.xml (RunModel)" time="0.037" />
  <testcase classname="ptolemy.util.test.junit.AutoTests" name="[8] /home/travis/build/icyphy/ptII/ptolemy/domains/continuous/test/auto/CausalityInterface13.xml (RunModel)" time="0.031" />
  <testcase classname="ptolemy.util.test.junit.AutoTests" name="[9] /home/travis/build/icyphy/ptII/ptolemy/domains/continuous/test/auto/CausalityInterface14.xml (RunModel)" time="0.033" />
  <testcase classname="ptolemy.util.test.junit.AutoTests" name="[10] /home/travis/build/icyphy/ptII/ptolemy/domains/continuous/test/auto/CausalityInterface4.xml (RunModel)" time="0.028" />
  <testcase classname="ptolemy.util.test.junit.AutoTests" name="[11] /home/travis/build/icyphy/ptII/ptolemy/domains/continuous/test/auto/CausalityInterface5.xml (RunModel)" time="0.038" />
  <testcase classname="ptolemy.util.test.junit.AutoTests" name="[12] /home/travis/build/icyphy/ptII/ptolemy/domains/continuous/test/auto/CausalityInterface6.xml (RunModel)" time="0.025" />
  <testcase classname="ptolemy.util.test.junit.AutoTests" name="[13] /home/travis/build/icyphy/ptII/ptolemy/domains/continuous/test/auto/CausalityInterface7.xml (RunModel)" time="0.04" />
  <testcase classname="ptolemy.util.test.junit.AutoTests" name="[14] /home/travis/build/icyphy/ptII/ptolemy/domains/continuous/test/auto/CausalityInterface8.xml (RunModel)" time="0.039" />
  <testcase classname="ptolemy.util.test.junit.AutoTests" name="[15] /home/travis/build/icyphy/ptII/ptolemy/domains/continuous/test/auto/CausalityInterface9.xml (RunModel)" time="0.054" />
  <testcase classname="ptolemy.util.test.junit.AutoTests" name="[16] /home/travis/build/icyphy/ptII/ptolemy/domains/continuous/test/auto/CausalityInterfaceFeedback1.xml (RunModel)" time="0.031" />
  <testcase classname="ptolemy.util.test.junit.AutoTests" name="[17] /home/travis/build/icyphy/ptII/ptolemy/domains/continuous/test/auto/CausalityInterfaceFeedback2.xml (RunModel)" time="0.037" />
  <testcase classname="ptolemy.util.test.junit.AutoTests" name="[18] /home/travis/build/icyphy/ptII/ptolemy/domains/continuous/test/auto/CompareWithCurrentTime.xml (RunModel)" time="0.019" />
  <testcase classname="ptolemy.util.test.junit.AutoTests" name="[19] /home/travis/build/icyphy/ptII/ptolemy/domains/continuous/test/auto/ComparedClocks.xml (RunModel)" time="0.081" />
  <testcase classname="ptolemy.util.test.junit.AutoTests" name="[20] /home/travis/build/icyphy/ptII/ptolemy/domains/continuous/test/auto/ContinuousAOCClone.xml (RunModel)" time="2.876" />
  <testcase classname="ptolemy.util.test.junit.AutoTests" name="[21] /home/travis/build/icyphy/ptII/ptolemy/domains/continuous/test/auto/ContinuousClock.xml (RunModel)" time="0.082" />
  <testcase classname="ptolemy.util.test.junit.AutoTests" name="[22] /home/travis/build/icyphy/ptII/ptolemy/domains/continuous/test/auto/ContinuousInContinuous.xml (RunModel)" time="0.088" />
  <testcase classname="ptolemy.util.test.junit.AutoTests" name="[23] /home/travis/build/icyphy/ptII/ptolemy/domains/continuous/test/auto/ContinuousInContinuousInContinuous.xml (RunModel)" time="0.026" />
  <testcase classname="ptolemy.util.test.junit.AutoTests" name="[24] /home/travis/build/icyphy/ptII/ptolemy/domains/continuous/test/auto/ContinuousInDE.xml (RunModel)" time="0.11" />
  <testcase classname="ptolemy.util.test.junit.AutoTests" name="[25] /home/travis/build/icyphy/ptII/ptolemy/domains/continuous/test/auto/ContinuousInDE2.xml (RunModel)" time="0.049" />
  <testcase classname="ptolemy.util.test.junit.AutoTests" name="[26] /home/travis/build/icyphy/ptII/ptolemy/domains/continuous/test/auto/ContinuousInDE3.xml (RunModel)" time="0.063" />
  <testcase classname="ptolemy.util.test.junit.AutoTests" name="[27] /home/travis/build/icyphy/ptII/ptolemy/domains/continuous/test/auto/ContinuousInDE4.xml (RunModel)" time="0.036" />
  <testcase classname="ptolemy.util.test.junit.AutoTests" name="[28] /home/travis/build/icyphy/ptII/ptolemy/domains/continuous/test/auto/ContinuousInDEDifferentRefinements.xml (RunModel)" time="0.093" />
  <testcase classname="ptolemy.util.test.junit.AutoTests" name="[29] /home/travis/build/icyphy/ptII/ptolemy/domains/continuous/test/auto/ContinuousInDEDifferentRefinementsPreemptive.xml (RunModel)" time="0.097" />
  <testcase classname="ptolemy.util.test.junit.AutoTests" name="[30] /home/travis/build/icyphy/ptII/ptolemy/domains/continuous/test/auto/ContinuousInDEInContinuous2.xml (RunModel)" time="0.062" />
  <testcase classname="ptolemy.util.test.junit.AutoTests" name="[31] /home/travis/build/icyphy/ptII/ptolemy/domains/continuous/test/auto/ContinuousInDEInContinuous3.xml (RunModel)" time="0.069" />
  <testcase classname="ptolemy.util.test.junit.AutoTests" name="[32] /home/travis/build/icyphy/ptII/ptolemy/domains/continuous/test/auto/ContinuousInDEInput.xml (RunModel)" time="0.04" />
  <testcase classname="ptolemy.util.test.junit.AutoTests" name="[33] /home/travis/build/icyphy/ptII/ptolemy/domains/continuous/test/auto/ContinuousInDEInput2.xml (RunModel)" time="0.037" />
  <testcase classname="ptolemy.util.test.junit.AutoTests" name="[34] /home/travis/build/icyphy/ptII/ptolemy/domains/continuous/test/auto/ContinuousInDEInput3.xml (RunModel)" time="0.036" />
  <testcase classname="ptolemy.util.test.junit.AutoTests" name="[35] /home/travis/build/icyphy/ptII/ptolemy/domains/continuous/test/auto/ContinuousInDESharingRefinement.xml (RunModel)" time="0.205" />
  <testcase classname="ptolemy.util.test.junit.AutoTests" name="[36] /home/travis/build/icyphy/ptII/ptolemy/domains/continuous/test/auto/ContinuousInDEwithNoPorts.xml (RunModel)" time="0.018" />
  <testcase classname="ptolemy.util.test.junit.AutoTests" name="[37] /home/travis/build/icyphy/ptII/ptolemy/domains/continuous/test/auto/ContinuousInsideDE.xml (RunModel)" time="0.074" />
  <testcase classname="ptolemy.util.test.junit.AutoTests" name="[38] /home/travis/build/icyphy/ptII/ptolemy/domains/continuous/test/auto/ContinuousMerge1.xml (RunModel)" time="0.02" />
  <testcase classname="ptolemy.util.test.junit.AutoTests" name="[39] /home/travis/build/icyphy/ptII/ptolemy/domains/continuous/test/auto/ContinuousMerge2.xml (RunModel)" time="0.039" />
  <testcase classname="ptolemy.util.test.junit.AutoTests" name="[40] /home/travis/build/icyphy/ptII/ptolemy/domains/continuous/test/auto/ContinuousMerge3.xml (RunModel)" time="0.065" />
  <testcase classname="ptolemy.util.test.junit.AutoTests" name="[41] /home/travis/build/icyphy/ptII/ptolemy/domains/continuous/test/auto/ContinuousWithinContinuous.xml (RunModel)" time="0.057" />
  <testcase classname="ptolemy.util.test.junit.AutoTests" name="[42] /home/travis/build/icyphy/ptII/ptolemy/domains/continuous/test/auto/ContinuousWithinContinuous2.xml (RunModel)" time="0.077" />
  <testcase classname="ptolemy.util.test.junit.AutoTests" name="[43] /home/travis/build/icyphy/ptII/ptolemy/domains/continuous/test/auto/ContinuousWithinContinuous3.xml (RunModel)" time="0.032" />
  <testcase classname="ptolemy.util.test.junit.AutoTests" name="[44] /home/travis/build/icyphy/ptII/ptolemy/domains/continuous/test/auto/ContinuousWithinContinuous4.xml (RunModel)" time="0.078" />
  <testcase classname="ptolemy.util.test.junit.AutoTests" name="[45] /home/travis/build/icyphy/ptII/ptolemy/domains/continuous/test/auto/ContinuousWithinContinuous5.xml (RunModel)" time="0.032" />
  <testcase classname="ptolemy.util.test.junit.AutoTests" name="[46] /home/travis/build/icyphy/ptII/ptolemy/domains/continuous/test/auto/ContinuousWithinContinuous6.xml (RunModel)" time="0.029" />
  <testcase classname="ptolemy.util.test.junit.AutoTests" name="[47] /home/travis/build/icyphy/ptII/ptolemy/domains/continuous/test/auto/ContinuousWithinContinuous7.xml (RunModel)" time="0.064" />
  <testcase classname="ptolemy.util.test.junit.AutoTests" name="[48] /home/travis/build/icyphy/ptII/ptolemy/domains/continuous/test/auto/DCMotor.xml (RunModel)" time="16.121" />
  <testcase classname="ptolemy.util.test.junit.AutoTests" name="[49] /home/travis/build/icyphy/ptII/ptolemy/domains/continuous/test/auto/DEInContinuous.xml (RunModel)" time="0.019" />
  <testcase classname="ptolemy.util.test.junit.AutoTests" name="[50] /home/travis/build/icyphy/ptII/ptolemy/domains/continuous/test/auto/DEinContinuous2.xml (RunModel)" time="0.024" />
  <testcase classname="ptolemy.util.test.junit.AutoTests" name="[51] /home/travis/build/icyphy/ptII/ptolemy/domains/continuous/test/auto/Derivative.xml (RunModel)" time="0.169" />
  <testcase classname="ptolemy.util.test.junit.AutoTests" name="[52] /home/travis/build/icyphy/ptII/ptolemy/domains/continuous/test/auto/Derivative1.xml (RunModel)" time="0.037" />
  <testcase classname="ptolemy.util.test.junit.AutoTests" name="[53] /home/travis/build/icyphy/ptII/ptolemy/domains/continuous/test/auto/DiscreteClock.xml (RunModel)" time="0.013" />
  <testcase classname="ptolemy.util.test.junit.AutoTests" name="[54] /home/travis/build/icyphy/ptII/ptolemy/domains/continuous/test/auto/EfficiencyCurve.xml (RunModel)" time="0.078" />
  <testcase classname="ptolemy.util.test.junit.AutoTests" name="[55] /home/travis/build/icyphy/ptII/ptolemy/domains/continuous/test/auto/ExponentialResponse.xml (RunModel)" time="0.103" />
  <testcase classname="ptolemy.util.test.junit.AutoTests" name="[56] /home/travis/build/icyphy/ptII/ptolemy/domains/continuous/test/auto/ExponentialResponseRK45.xml (RunModel)" time="0.037" />
  <testcase classname="ptolemy.util.test.junit.AutoTests" name="[57] /home/travis/build/icyphy/ptII/ptolemy/domains/continuous/test/auto/Friction.xml (RunModel)" time="1.778" />
  <testcase classname="ptolemy.util.test.junit.AutoTests" name="[58] /home/travis/build/icyphy/ptII/ptolemy/domains/continuous/test/auto/FurutaPendulum.xml (RunModel)" time="3.434" />
  <testcase classname="ptolemy.util.test.junit.AutoTests" name="[59] /home/travis/build/icyphy/ptII/ptolemy/domains/continuous/test/auto/HierarchicalExecution.xml (RunModel)" time="2.489" />
  <testcase classname="ptolemy.util.test.junit.AutoTests" name="[60] /home/travis/build/icyphy/ptII/ptolemy/domains/continuous/test/auto/HybridPlant.xml (RunModel)" time="0.649" />
  <testcase classname="ptolemy.util.test.junit.AutoTests" name="[61] /home/travis/build/icyphy/ptII/ptolemy/domains/continuous/test/auto/Hysteresis.xml (RunModel)" time="0.2" />
  <testcase classname="ptolemy.util.test.junit.AutoTests" name="[62] /home/travis/build/icyphy/ptII/ptolemy/domains/continuous/test/auto/HysteresisWithRandomDelay.xml (RunModel)" time="0.236" />
  <testcase classname="ptolemy.util.test.junit.AutoTests" name="[63] /home/travis/build/icyphy/ptII/ptolemy/domains/continuous/test/auto/HysteresisWithRandomLosses.xml (RunModel)" time="2.642" />
  <testcase classname="ptolemy.util.test.junit.AutoTests" name="[64] /home/travis/build/icyphy/ptII/ptolemy/domains/continuous/test/auto/ImmediateTransitions.xml (RunModel)" time="0.043" />
  <testcase classname="ptolemy.util.test.junit.AutoTests" name="[65] /home/travis/build/icyphy/ptII/ptolemy/domains/continuous/test/auto/ImpulseFeedback.xml (RunModel)" time="0.021" />
  <testcase classname="ptolemy.util.test.junit.AutoTests" name="[66] /home/travis/build/icyphy/ptII/ptolemy/domains/continuous/test/auto/ImpulseFeedback2.xml (RunModel)" time="0.016" />
  <testcase classname="ptolemy.util.test.junit.AutoTests" name="[67] /home/travis/build/icyphy/ptII/ptolemy/domains/continuous/test/auto/IncreasingRatePoisson.xml (RunModel)" time="0.719" />
  <testcase classname="ptolemy.util.test.junit.AutoTests" name="[68] /home/travis/build/icyphy/ptII/ptolemy/domains/continuous/test/auto/InitialStateFeedback.xml (RunModel)" time="0.014" />
  <testcase classname="ptolemy.util.test.junit.AutoTests" name="[69] /home/travis/build/icyphy/ptII/ptolemy/domains/continuous/test/auto/Integration.xml (RunModel)" time="0.012" />
  <testcase classname="ptolemy.util.test.junit.AutoTests" name="[70] /home/travis/build/icyphy/ptII/ptolemy/domains/continuous/test/auto/Integration2.xml (RunModel)" time="0.079" />
  <testcase classname="ptolemy.util.test.junit.AutoTests" name="[71] /home/travis/build/icyphy/ptII/ptolemy/domains/continuous/test/auto/Integration3.xml (RunModel)" time="0.024" />
  <testcase classname="ptolemy.util.test.junit.AutoTests" name="[72] /home/travis/build/icyphy/ptII/ptolemy/domains/continuous/test/auto/Integration5.xml (RunModel)" time="0.01" />
  <testcase classname="ptolemy.util.test.junit.AutoTests" name="[73] /home/travis/build/icyphy/ptII/ptolemy/domains/continuous/test/auto/IntegratorImpulse.xml (RunModel)" time="0.015" />
  <testcase classname="ptolemy.util.test.junit.AutoTests" name="[74] /home/travis/build/icyphy/ptII/ptolemy/domains/continuous/test/auto/IntegratorImpulse2.xml (RunModel)" time="0.011" />
  <testcase classname="ptolemy.util.test.junit.AutoTests" name="[75] /home/travis/build/icyphy/ptII/ptolemy/domains/continuous/test/auto/LevelCrossing1.xml (RunModel)" time="0.013" />
  <testcase classname="ptolemy.util.test.junit.AutoTests" name="[76] /home/travis/build/icyphy/ptII/ptolemy/domains/continuous/test/auto/LevelCrossing2.xml (RunModel)" time="0.014" />
  <testcase classname="ptolemy.util.test.junit.AutoTests" name="[77] /home/travis/build/icyphy/ptII/ptolemy/domains/continuous/test/auto/LevelCrossing3.xml (RunModel)" time="0.015" />
  <testcase classname="ptolemy.util.test.junit.AutoTests" name="[78] /home/travis/build/icyphy/ptII/ptolemy/domains/continuous/test/auto/LevelCrossing4.xml (RunModel)" time="0.013" />
  <testcase classname="ptolemy.util.test.junit.AutoTests" name="[79] /home/travis/build/icyphy/ptII/ptolemy/domains/continuous/test/auto/LevelCrossing5.xml (RunModel)" time="0.015" />
  <testcase classname="ptolemy.util.test.junit.AutoTests" name="[80] /home/travis/build/icyphy/ptII/ptolemy/domains/continuous/test/auto/LevelCrossing6.xml (RunModel)" time="0.013" />
  <testcase classname="ptolemy.util.test.junit.AutoTests" name="[81] /home/travis/build/icyphy/ptII/ptolemy/domains/continuous/test/auto/LevelCrossingDetector.xml (RunModel)" time="0.037" />
  <testcase classname="ptolemy.util.test.junit.AutoTests" name="[82] /home/travis/build/icyphy/ptII/ptolemy/domains/continuous/test/auto/LevelCrossingDetectorDetectingDirections.xml (RunModel)" time="0.093" />
  <testcase classname="ptolemy.util.test.junit.AutoTests" name="[83] /home/travis/build/icyphy/ptII/ptolemy/domains/continuous/test/auto/LevelCrossingDetectorDetectsGlitches.xml (RunModel)" time="0.068" />
  <testcase classname="ptolemy.util.test.junit.AutoTests" name="[84] /home/travis/build/icyphy/ptII/ptolemy/domains/continuous/test/auto/LevelCrossingNoInitialOuput.xml (RunModel)" time="0.014" />
  <testcase classname="ptolemy.util.test.junit.AutoTests" name="[85] /home/travis/build/icyphy/ptII/ptolemy/domains/continuous/test/auto/LinearStateSpaceExample.xml (RunModel)" time="0.058" />
  <testcase classname="ptolemy.util.test.junit.AutoTests" name="[86] /home/travis/build/icyphy/ptII/ptolemy/domains/continuous/test/auto/Lorenz.xml (RunModel)" time="4.295" />
  <testcase classname="ptolemy.util.test.junit.AutoTests" name="[87] /home/travis/build/icyphy/ptII/ptolemy/domains/continuous/test/auto/LorenzDifferentialSystem.xml (RunModel)" time="1.355" />
  <testcase classname="ptolemy.util.test.junit.AutoTests" name="[88] /home/travis/build/icyphy/ptII/ptolemy/domains/continuous/test/auto/LorenzDifferentialSystemWithInput.xml (RunModel)" time="1.599" />
  <testcase classname="ptolemy.util.test.junit.AutoTests" name="[89] /home/travis/build/icyphy/ptII/ptolemy/domains/continuous/test/auto/LorenzDifferentialSystemWithTime.xml (RunModel)" time="0.81" />
  <testcase classname="ptolemy.util.test.junit.AutoTests" name="[90] /home/travis/build/icyphy/ptII/ptolemy/domains/continuous/test/auto/Microsteps.xml (RunModel)" time="0.017" />
  <testcase classname="ptolemy.util.test.junit.AutoTests" name="[91] /home/travis/build/icyphy/ptII/ptolemy/domains/continuous/test/auto/Modal1.xml (RunModel)" time="0.04" />
  <testcase classname="ptolemy.util.test.junit.AutoTests" name="[92] /home/travis/build/icyphy/ptII/ptolemy/domains/continuous/test/auto/Modal2.xml (RunModel)" time="0.057" />
  <testcase classname="ptolemy.util.test.junit.AutoTests" name="[93] /home/travis/build/icyphy/ptII/ptolemy/domains/continuous/test/auto/ModalTransitionGuardWithReset.xml (RunModel)" time="0.024" />
  <testcase classname="ptolemy.util.test.junit.AutoTests" name="[94] /home/travis/build/icyphy/ptII/ptolemy/domains/continuous/test/auto/ModalTransitionGuardWithResetUsingPreemptiveTransition.xml (RunModel)" time="0.026" />
  <testcase classname="ptolemy.util.test.junit.AutoTests" name="[95] /home/travis/build/icyphy/ptII/ptolemy/domains/continuous/test/auto/ModalTransitionGuardWithResetUsingPreemptiveTransition2.xml (RunModel)" time="0.023" />
  <testcase classname="ptolemy.util.test.junit.AutoTests" name="[96] /home/travis/build/icyphy/ptII/ptolemy/domains/continuous/test/auto/ModalTransitionGuardWithResetUsingPreemptiveTransition3.xml (RunModel)" time="0.031" />
  <testcase classname="ptolemy.util.test.junit.AutoTests" name="[97] /home/travis/build/icyphy/ptII/ptolemy/domains/continuous/test/auto/NewtonsCradle.xml (RunModel)" time="0.871" />
  <testcase classname="ptolemy.util.test.junit.AutoTests" name="[98] /home/travis/build/icyphy/ptII/ptolemy/domains/continuous/test/auto/NewtonsCradleAnimated.xml (RunModel)" time="1.389" />
  <testcase classname="ptolemy.util.test.junit.AutoTests" name="[99] /home/travis/build/icyphy/ptII/ptolemy/domains/continuous/test/auto/NewtonsCradleComplicated.xml (RunModel)" time="0.989" />
  <testcase classname="ptolemy.util.test.junit.AutoTests" name="[100] /home/travis/build/icyphy/ptII/ptolemy/domains/continuous/test/auto/NewtonsCradleNondeterministic.xml (RunModel)" time="0.765" />
  <testcase classname="ptolemy.util.test.junit.AutoTests" name="[101] /home/travis/build/icyphy/ptII/ptolemy/domains/continuous/test/auto/NewtonsCradlePerfectlyInelastic1.xml (RunModel)" time="1.321" />
  <testcase classname="ptolemy.util.test.junit.AutoTests" name="[102] /home/travis/build/icyphy/ptII/ptolemy/domains/continuous/test/auto/Noise.xml (RunModel)" time="0.192" />
  <testcase classname="ptolemy.util.test.junit.AutoTests" name="[103] /home/travis/build/icyphy/ptII/ptolemy/domains/continuous/test/auto/NoiseSpectrum.xml (RunModel)" time="0.75" />
  <testcase classname="ptolemy.util.test.junit.AutoTests" name="[104] /home/travis/build/icyphy/ptII/ptolemy/domains/continuous/test/auto/ParameterizedNewtonsCradleAnimated.xml (RunModel)" time="0.384" />
  <testcase classname="ptolemy.util.test.junit.AutoTests" name="[105] /home/travis/build/icyphy/ptII/ptolemy/domains/continuous/test/auto/ParameterizedNewtonsCradleAnimatedNondeterministic.xml (RunModel)" time="1.203" />
  <testcase classname="ptolemy.util.test.junit.AutoTests" name="[106] /home/travis/build/icyphy/ptII/ptolemy/domains/continuous/test/auto/Pendulum3D.xml (RunModel)" time="0.165" />
  <testcase classname="ptolemy.util.test.junit.AutoTests" name="[107] /home/travis/build/icyphy/ptII/ptolemy/domains/continuous/test/auto/PeriodicSampler.xml (RunModel)" time="0.013" />
  <testcase classname="ptolemy.util.test.junit.AutoTests" name="[108] /home/travis/build/icyphy/ptII/ptolemy/domains/continuous/test/auto/PeriodicSampler1.xml (RunModel)" time="0.044" />
  <testcase classname="ptolemy.util.test.junit.AutoTests" name="[109] /home/travis/build/icyphy/ptII/ptolemy/domains/continuous/test/auto/PeriodicSampler2.xml (RunModel)" time="0.082" />
  <testcase classname="ptolemy.util.test.junit.AutoTests" name="[110] /home/travis/build/icyphy/ptII/ptolemy/domains/continuous/test/auto/Poisson.xml (RunModel)" time="0.47" />
  <testcase classname="ptolemy.util.test.junit.AutoTests" name="[111] /home/travis/build/icyphy/ptII/ptolemy/domains/continuous/test/auto/PoissonClock.xml (RunModel)" time="0.024" />
  <testcase classname="ptolemy.util.test.junit.AutoTests" name="[112] /home/travis/build/icyphy/ptII/ptolemy/domains/continuous/test/auto/PoissonClock2.xml (RunModel)" time="0.013" />
  <testcase classname="ptolemy.util.test.junit.AutoTests" name="[113] /home/travis/build/icyphy/ptII/ptolemy/domains/continuous/test/auto/PortParameterHierarchy.xml (RunModel)" time="0.024" />
  <testcase classname="ptolemy.util.test.junit.AutoTests" name="[114] /home/travis/build/icyphy/ptII/ptolemy/domains/continuous/test/auto/RandomHybridPlant.xml (RunModel)" time="0.563" />
  <testcase classname="ptolemy.util.test.junit.AutoTests" name="[115] /home/travis/build/icyphy/ptII/ptolemy/domains/continuous/test/auto/ResetTransitionWithStartTime1.xml (RunModel)" time="0.036" />
  <testcase classname="ptolemy.util.test.junit.AutoTests" name="[116] /home/travis/build/icyphy/ptII/ptolemy/domains/continuous/test/auto/ResetTransitionWithStartTime2.xml (RunModel)" time="0.037" />
  <testcase classname="ptolemy.util.test.junit.AutoTests" name="[117] /home/travis/build/icyphy/ptII/ptolemy/domains/continuous/test/auto/ResetTransitionWithStartTime3.xml (RunModel)" time="0.039" />
  <testcase classname="ptolemy.util.test.junit.AutoTests" name="[118] /home/travis/build/icyphy/ptII/ptolemy/domains/continuous/test/auto/ResetTransitionWithStartTime4.xml (RunModel)" time="0.026" />
  <testcase classname="ptolemy.util.test.junit.AutoTests" name="[119] /home/travis/build/icyphy/ptII/ptolemy/domains/continuous/test/auto/ResetTransitionWithStartTime5.xml (RunModel)" time="0.035" />
  <testcase classname="ptolemy.util.test.junit.AutoTests" name="[120] /home/travis/build/icyphy/ptII/ptolemy/domains/continuous/test/auto/ResetTransitionWithStartTime6.xml (RunModel)" time="0.028" />
  <testcase classname="ptolemy.util.test.junit.AutoTests" name="[121] /home/travis/build/icyphy/ptII/ptolemy/domains/continuous/test/auto/SRinContinuous.xml (RunModel)" time="0.021" />
  <testcase classname="ptolemy.util.test.junit.AutoTests" name="[122] /home/travis/build/icyphy/ptII/ptolemy/domains/continuous/test/auto/SampledClocks.xml (RunModel)" time="0.03" />
  <testcase classname="ptolemy.util.test.junit.AutoTests" name="[123] /home/travis/build/icyphy/ptII/ptolemy/domains/continuous/test/auto/Satellite.xml (RunModel)" time="0.944" />
  <testcase classname="ptolemy.util.test.junit.AutoTests" name="[124] /home/travis/build/icyphy/ptII/ptolemy/domains/continuous/test/auto/SigmaDelta.xml (RunModel)" time="2.271" />
  <testcase classname="ptolemy.util.test.junit.AutoTests" name="[125] /home/travis/build/icyphy/ptII/ptolemy/domains/continuous/test/auto/SingleRefinement.xml (RunModel)" time="0.423" />
  <testcase classname="ptolemy.util.test.junit.AutoTests" name="[126] /home/travis/build/icyphy/ptII/ptolemy/domains/continuous/test/auto/SinuBouncingBall.xml (RunModel)" time="0.866" />
  <testcase classname="ptolemy.util.test.junit.AutoTests" name="[127] /home/travis/build/icyphy/ptII/ptolemy/domains/continuous/test/auto/Sinusoid.xml (RunModel)" time="0.02" />
  <testcase classname="ptolemy.util.test.junit.AutoTests" name="[128] /home/travis/build/icyphy/ptII/ptolemy/domains/continuous/test/auto/SinusoidInNoise.xml (RunModel)" time="0.9" />
  <testcase classname="ptolemy.util.test.junit.AutoTests" name="[129] /home/travis/build/icyphy/ptII/ptolemy/domains/continuous/test/auto/SinusoidRK45.xml (RunModel)" time="0.024" />
  <testcase classname="ptolemy.util.test.junit.AutoTests" name="[130] /home/travis/build/icyphy/ptII/ptolemy/domains/continuous/test/auto/SinusoidWithMultipleImpulses.xml (RunModel)" time="0.014" />
  <testcase classname="ptolemy.util.test.junit.AutoTests" name="[131] /home/travis/build/icyphy/ptII/ptolemy/domains/continuous/test/auto/SquareWave.xml (RunModel)" time="0.183" />
  <testcase classname="ptolemy.util.test.junit.AutoTests" name="[132] /home/travis/build/icyphy/ptII/ptolemy/domains/continuous/test/auto/Starmac.xml (RunModel)" time="3.423" />
  <testcase classname="ptolemy.util.test.junit.AutoTests" name="[133] /home/travis/build/icyphy/ptII/ptolemy/domains/continuous/test/auto/StaticUnits.xml (RunModel)" time="2.346" />
  <testcase classname="ptolemy.util.test.junit.AutoTests" name="[134] /home/travis/build/icyphy/ptII/ptolemy/domains/continuous/test/auto/StickyMasses.xml (RunModel)" time="0.221" />
  <testcase classname="ptolemy.util.test.junit.AutoTests" name="[135] /home/travis/build/icyphy/ptII/ptolemy/domains/continuous/test/auto/StopTime.xml (RunModel)" time="0.061" />
  <testcase classname="ptolemy.util.test.junit.AutoTests" name="[136] /home/travis/build/icyphy/ptII/ptolemy/domains/continuous/test/auto/StopTime2.xml (RunModel)" time="0.052" />
  <testcase classname="ptolemy.util.test.junit.AutoTests" name="[137] /home/travis/build/icyphy/ptII/ptolemy/domains/continuous/test/auto/Switch.xml (RunModel)" time="0.06" />
  <testcase classname="ptolemy.util.test.junit.AutoTests" name="[138] /home/travis/build/icyphy/ptII/ptolemy/domains/continuous/test/auto/Thermostat.xml (RunModel)" time="0.215" />
  <testcase classname="ptolemy.util.test.junit.AutoTests" name="[139] /home/travis/build/icyphy/ptII/ptolemy/domains/continuous/test/auto/TimeDelay.xml (RunModel)" time="0.015" />
  <testcase classname="ptolemy.util.test.junit.AutoTests" name="[140] /home/travis/build/icyphy/ptII/ptolemy/domains/continuous/test/auto/TimeDelay2.xml (RunModel)" time="0.027" />
  <testcase classname="ptolemy.util.test.junit.AutoTests" name="[141] /home/travis/build/icyphy/ptII/ptolemy/domains/continuous/test/auto/TimeDelay3.xml (RunModel)" time="0.01" />
  <testcase classname="ptolemy.util.test.junit.AutoTests" name="[142] /home/travis/build/icyphy/ptII/ptolemy/domains/continuous/test/auto/TransferAbsentToInside.xml (RunModel)" time="0.106" />
  <testcase classname="ptolemy.util.test.junit.AutoTests" name="[143] /home/travis/build/icyphy/ptII/ptolemy/domains/continuous/test/auto/Transmission.xml (RunModel)" time="0.794" />
  <testcase classname="ptolemy.util.test.junit.AutoTests" name="[144] /home/travis/build/icyphy/ptII/ptolemy/domains/continuous/test/auto/TriggeredContinuousClock.xml (RunModel)" time="0.077" />
  <testcase classname="ptolemy.util.test.junit.AutoTests" name="[145] /home/travis/build/icyphy/ptII/ptolemy/domains/continuous/test/auto/TwoMachineInfiniteBusControl.xml (RunModel)" time="2.918" />
  <testcase classname="ptolemy.util.test.junit.AutoTests" name="[146] /home/travis/build/icyphy/ptII/ptolemy/domains/continuous/test/auto/V2V.xml (RunModel)" time="0.862" />
  <testcase classname="ptolemy.util.test.junit.AutoTests" name="[147] /home/travis/build/icyphy/ptII/ptolemy/domains/continuous/test/auto/hierarchicalModalModel.xml (RunModel)" time="0.032" />
  <testcase classname="ptolemy.util.test.junit.AutoTests" name="[148] /home/travis/build/icyphy/ptII/ptolemy/domains/continuous/test/auto/hierarchicalModalModel1.xml (RunModel)" time="0.031" />
  <testcase classname="ptolemy.util.test.junit.AutoTests" name="[149] /home/travis/build/icyphy/ptII/ptolemy/domains/continuous/test/auto/hierarchicalModalModel2.xml (RunModel)" time="0.026" />
  <testcase classname="ptolemy.util.test.junit.AutoTests" name="[150] /home/travis/build/icyphy/ptII/ptolemy/domains/continuous/test/auto/hierarchicalModalModel3.xml (RunModel)" time="0.026" />
  <testcase classname="ptolemy.util.test.junit.AutoTests" name="[151] /home/travis/build/icyphy/ptII/ptolemy/domains/continuous/test/auto/hierarchicalModalModel4.xml (RunModel)" time="0.025" />
  <testcase classname="ptolemy.util.test.junit.AutoTests" name="[152] /home/travis/build/icyphy/ptII/ptolemy/domains/continuous/test/auto/junk.xml (RunModel)" time="0.134" />
  <system-out><![CDATA[No tcl tests in /home/travis/build/icyphy/ptII/ptolemy/domains/continuous/test
No auto/knownFailedTests/*.xml tests in /home/travis/build/icyphy/ptII/ptolemy/domains/continuous/test
No auto/linux-amd64/*.xml tests in /home/travis/build/icyphy/ptII/ptolemy/domains/continuous/test
AutoTests.java: About to close Vertx.
AutoTests.java: Vertx closed.

===========================================================================================
----------------- testing Thu Oct 15 15:46:36 UTC 2020 /home/travis/build/icyphy/ptII/ptolemy/domains/continuous/test/auto/BouncingBall.xml
----------------- Instantiating /home/travis/build/icyphy/ptII/ptolemy/domains/continuous/test/auto/BouncingBall.xml
2369 ms. Memory: 155648K Free: 81312K (52%)
----------------- Invoking toplevel() on ptolemy.moml.MoMLSimpleApplication@bc3baa2
----------------- Done invoking toplevel() on ptolemy.moml.MoMLSimpleApplication@bc3baa2
reloadAllAccessors: .BouncingBall

===========================================================================================
----------------- testing Thu Oct 15 15:46:39 UTC 2020 /home/travis/build/icyphy/ptII/ptolemy/domains/continuous/test/auto/BouncingBallWithoutGR.xml
----------------- Instantiating /home/travis/build/icyphy/ptII/ptolemy/domains/continuous/test/auto/BouncingBallWithoutGR.xml
857 ms. Memory: 155648K Free: 80156K (51%)
----------------- Invoking toplevel() on ptolemy.moml.MoMLSimpleApplication@1536a9d4
----------------- Done invoking toplevel() on ptolemy.moml.MoMLSimpleApplication@1536a9d4
reloadAllAccessors: .BouncingBallWithoutGR

===========================================================================================
----------------- testing Thu Oct 15 15:46:40 UTC 2020 /home/travis/build/icyphy/ptII/ptolemy/domains/continuous/test/auto/Brownian.xml
----------------- Instantiating /home/travis/build/icyphy/ptII/ptolemy/domains/continuous/test/auto/Brownian.xml
31 ms. Memory: 155648K Free: 70940K (46%)
----------------- Invoking toplevel() on ptolemy.moml.MoMLSimpleApplication@2211ef8f
----------------- Done invoking toplevel() on ptolemy.moml.MoMLSimpleApplication@2211ef8f
reloadAllAccessors: .Brownian

===========================================================================================
----------------- testing Thu Oct 15 15:46:40 UTC 2020 /home/travis/build/icyphy/ptII/ptolemy/domains/continuous/test/auto/CarTracking.xml
----------------- Instantiating /home/travis/build/icyphy/ptII/ptolemy/domains/continuous/test/auto/CarTracking.xml
3923 ms. Memory: 225280K Free: 151473K (67%)
----------------- Invoking toplevel() on ptolemy.moml.MoMLSimpleApplication@74502c2a
----------------- Done invoking toplevel() on ptolemy.moml.MoMLSimpleApplication@74502c2a
reloadAllAccessors: .CarTracking

===========================================================================================
----------------- testing Thu Oct 15 15:46:45 UTC 2020 /home/travis/build/icyphy/ptII/ptolemy/domains/continuous/test/auto/CartPendulum.xml
----------------- Instantiating /home/travis/build/icyphy/ptII/ptolemy/domains/continuous/test/auto/CartPendulum.xml
384 ms. Memory: 225280K Free: 188839K (84%)
----------------- Invoking toplevel() on ptolemy.moml.MoMLSimpleApplication@1dfdf77b
----------------- Done invoking toplevel() on ptolemy.moml.MoMLSimpleApplication@1dfdf77b
reloadAllAccessors: .CartPendulum

===========================================================================================
----------------- testing Thu Oct 15 15:46:45 UTC 2020 /home/travis/build/icyphy/ptII/ptolemy/domains/continuous/test/auto/CausalityInterface10.xml
----------------- Instantiating /home/travis/build/icyphy/ptII/ptolemy/domains/continuous/test/auto/CausalityInterface10.xml
11 ms. Memory: 225280K Free: 178082K (79%)
----------------- Invoking toplevel() on ptolemy.moml.MoMLSimpleApplication@5965c3b4
----------------- Done invoking toplevel() on ptolemy.moml.MoMLSimpleApplication@5965c3b4
reloadAllAccessors: .CausalityInterface10

===========================================================================================
----------------- testing Thu Oct 15 15:46:45 UTC 2020 /home/travis/build/icyphy/ptII/ptolemy/domains/continuous/test/auto/CausalityInterface11.xml
----------------- Instantiating /home/travis/build/icyphy/ptII/ptolemy/domains/continuous/test/auto/CausalityInterface11.xml
7 ms. Memory: 225280K Free: 171927K (76%)
----------------- Invoking toplevel() on ptolemy.moml.MoMLSimpleApplication@491bb1b4
----------------- Done invoking toplevel() on ptolemy.moml.MoMLSimpleApplication@491bb1b4
reloadAllAccessors: .CausalityInterface11

===========================================================================================
----------------- testing Thu Oct 15 15:46:45 UTC 2020 /home/travis/build/icyphy/ptII/ptolemy/domains/continuous/test/auto/CausalityInterface12.xml
----------------- Instantiating /home/travis/build/icyphy/ptII/ptolemy/domains/continuous/test/auto/CausalityInterface12.xml
10 ms. Memory: 225280K Free: 165783K (74%)
----------------- Invoking toplevel() on ptolemy.moml.MoMLSimpleApplication@21def57e
----------------- Done invoking toplevel() on ptolemy.moml.MoMLSimpleApplication@21def57e
reloadAllAccessors: .CausalityInterface12

===========================================================================================
----------------- testing Thu Oct 15 15:46:45 UTC 2020 /home/travis/build/icyphy/ptII/ptolemy/domains/continuous/test/auto/CausalityInterface13.xml
----------------- Instantiating /home/travis/build/icyphy/ptII/ptolemy/domains/continuous/test/auto/CausalityInterface13.xml
6 ms. Memory: 225280K Free: 159639K (71%)
----------------- Invoking toplevel() on ptolemy.moml.MoMLSimpleApplication@90bc670
----------------- Done invoking toplevel() on ptolemy.moml.MoMLSimpleApplication@90bc670
reloadAllAccessors: .CausalityInterface13

===========================================================================================
----------------- testing Thu Oct 15 15:46:46 UTC 2020 /home/travis/build/icyphy/ptII/ptolemy/domains/continuous/test/auto/CausalityInterface14.xml
----------------- Instantiating /home/travis/build/icyphy/ptII/ptolemy/domains/continuous/test/auto/CausalityInterface14.xml
9 ms. Memory: 225280K Free: 154023K (68%)
----------------- Invoking toplevel() on ptolemy.moml.MoMLSimpleApplication@775097b9
----------------- Done invoking toplevel() on ptolemy.moml.MoMLSimpleApplication@775097b9
reloadAllAccessors: .CausalityInterface14

===========================================================================================
----------------- testing Thu Oct 15 15:46:46 UTC 2020 /home/travis/build/icyphy/ptII/ptolemy/domains/continuous/test/auto/CausalityInterface4.xml
----------------- Instantiating /home/travis/build/icyphy/ptII/ptolemy/domains/continuous/test/auto/CausalityInterface4.xml
5 ms. Memory: 225280K Free: 146855K (65%)
----------------- Invoking toplevel() on ptolemy.moml.MoMLSimpleApplication@57e3119c
----------------- Done invoking toplevel() on ptolemy.moml.MoMLSimpleApplication@57e3119c
reloadAllAccessors: .CausalityInterface4

===========================================================================================
----------------- testing Thu Oct 15 15:46:46 UTC 2020 /home/travis/build/icyphy/ptII/ptolemy/domains/continuous/test/auto/CausalityInterface5.xml
----------------- Instantiating /home/travis/build/icyphy/ptII/ptolemy/domains/continuous/test/auto/CausalityInterface5.xml
9 ms. Memory: 225280K Free: 138663K (62%)
----------------- Invoking toplevel() on ptolemy.moml.MoMLSimpleApplication@33fe972f
----------------- Done invoking toplevel() on ptolemy.moml.MoMLSimpleApplication@33fe972f
reloadAllAccessors: .CausalityInterface5

===========================================================================================
----------------- testing Thu Oct 15 15:46:46 UTC 2020 /home/travis/build/icyphy/ptII/ptolemy/domains/continuous/test/auto/CausalityInterface6.xml
----------------- Instantiating /home/travis/build/icyphy/ptII/ptolemy/domains/continuous/test/auto/CausalityInterface6.xml
5 ms. Memory: 225280K Free: 133015K (59%)
----------------- Invoking toplevel() on ptolemy.moml.MoMLSimpleApplication@423e1025
----------------- Done invoking toplevel() on ptolemy.moml.MoMLSimpleApplication@423e1025
reloadAllAccessors: .CausalityInterface6

===========================================================================================
----------------- testing Thu Oct 15 15:46:46 UTC 2020 /home/travis/build/icyphy/ptII/ptolemy/domains/continuous/test/auto/CausalityInterface7.xml
----------------- Instantiating /home/travis/build/icyphy/ptII/ptolemy/domains/continuous/test/auto/CausalityInterface7.xml
10 ms. Memory: 225280K Free: 124837K (55%)
----------------- Invoking toplevel() on ptolemy.moml.MoMLSimpleApplication@6d3624d
----------------- Done invoking toplevel() on ptolemy.moml.MoMLSimpleApplication@6d3624d
reloadAllAccessors: .CausalityInterface7

===========================================================================================
----------------- testing Thu Oct 15 15:46:46 UTC 2020 /home/travis/build/icyphy/ptII/ptolemy/domains/continuous/test/auto/CausalityInterface8.xml
----------------- Instantiating /home/travis/build/icyphy/ptII/ptolemy/domains/continuous/test/auto/CausalityInterface8.xml
6 ms. Memory: 225280K Free: 115621K (51%)
----------------- Invoking toplevel() on ptolemy.moml.MoMLSimpleApplication@46a05cd0
----------------- Done invoking toplevel() on ptolemy.moml.MoMLSimpleApplication@46a05cd0
reloadAllAccessors: .CausalityInterface8

===========================================================================================
----------------- testing Thu Oct 15 15:46:46 UTC 2020 /home/travis/build/icyphy/ptII/ptolemy/domains/continuous/test/auto/CausalityInterface9.xml
----------------- Instantiating /home/travis/build/icyphy/ptII/ptolemy/domains/continuous/test/auto/CausalityInterface9.xml
12 ms. Memory: 225280K Free: 104357K (46%)
----------------- Invoking toplevel() on ptolemy.moml.MoMLSimpleApplication@5802151a
----------------- Done invoking toplevel() on ptolemy.moml.MoMLSimpleApplication@5802151a
reloadAllAccessors: .CausalityInterface9

===========================================================================================
----------------- testing Thu Oct 15 15:46:46 UTC 2020 /home/travis/build/icyphy/ptII/ptolemy/domains/continuous/test/auto/CausalityInterfaceFeedback1.xml
----------------- Instantiating /home/travis/build/icyphy/ptII/ptolemy/domains/continuous/test/auto/CausalityInterfaceFeedback1.xml
5 ms. Memory: 225280K Free: 97703K (43%)
----------------- Invoking toplevel() on ptolemy.moml.MoMLSimpleApplication@22406d49
----------------- Done invoking toplevel() on ptolemy.moml.MoMLSimpleApplication@22406d49
reloadAllAccessors: .CausalityInterfaceFeedback1

===========================================================================================
----------------- testing Thu Oct 15 15:46:46 UTC 2020 /home/travis/build/icyphy/ptII/ptolemy/domains/continuous/test/auto/CausalityInterfaceFeedback2.xml
----------------- Instantiating /home/travis/build/icyphy/ptII/ptolemy/domains/continuous/test/auto/CausalityInterfaceFeedback2.xml
4 ms. Memory: 225280K Free: 91015K (40%)
----------------- Invoking toplevel() on ptolemy.moml.MoMLSimpleApplication@2c2526ac
----------------- Done invoking toplevel() on ptolemy.moml.MoMLSimpleApplication@2c2526ac
reloadAllAccessors: .CausalityInterfaceFeedback2

===========================================================================================
----------------- testing Thu Oct 15 15:46:46 UTC 2020 /home/travis/build/icyphy/ptII/ptolemy/domains/continuous/test/auto/CompareWithCurrentTime.xml
----------------- Instantiating /home/travis/build/icyphy/ptII/ptolemy/domains/continuous/test/auto/CompareWithCurrentTime.xml
3 ms. Memory: 225280K Free: 86949K (39%)
----------------- Invoking toplevel() on ptolemy.moml.MoMLSimpleApplication@4eb5ade9
----------------- Done invoking toplevel() on ptolemy.moml.MoMLSimpleApplication@4eb5ade9
reloadAllAccessors: .CompareWithCurrentTime

===========================================================================================
----------------- testing Thu Oct 15 15:46:46 UTC 2020 /home/travis/build/icyphy/ptII/ptolemy/domains/continuous/test/auto/ComparedClocks.xml
----------------- Instantiating /home/travis/build/icyphy/ptII/ptolemy/domains/continuous/test/auto/ComparedClocks.xml
5 ms. Memory: 225280K Free: 205679K (91%)
----------------- Invoking toplevel() on ptolemy.moml.MoMLSimpleApplication@7c58c4c0
----------------- Done invoking toplevel() on ptolemy.moml.MoMLSimpleApplication@7c58c4c0
reloadAllAccessors: .ComparedClocks

===========================================================================================
----------------- testing Thu Oct 15 15:46:46 UTC 2020 /home/travis/build/icyphy/ptII/ptolemy/domains/continuous/test/auto/ContinuousAOCClone.xml
----------------- Instantiating /home/travis/build/icyphy/ptII/ptolemy/domains/continuous/test/auto/ContinuousAOCClone.xml
2603 ms. Memory: 270336K Free: 97078K (36%)
----------------- Invoking toplevel() on ptolemy.moml.MoMLSimpleApplication@5d56cb6f
----------------- Done invoking toplevel() on ptolemy.moml.MoMLSimpleApplication@5d56cb6f
reloadAllAccessors: .ContinuousAOCClone

===========================================================================================
----------------- testing Thu Oct 15 15:46:49 UTC 2020 /home/travis/build/icyphy/ptII/ptolemy/domains/continuous/test/auto/ContinuousClock.xml
----------------- Instantiating /home/travis/build/icyphy/ptII/ptolemy/domains/continuous/test/auto/ContinuousClock.xml
30 ms. Memory: 270336K Free: 235820K (87%)
----------------- Invoking toplevel() on ptolemy.moml.MoMLSimpleApplication@5297fa93
----------------- Done invoking toplevel() on ptolemy.moml.MoMLSimpleApplication@5297fa93
reloadAllAccessors: .ContinuousClock

===========================================================================================
----------------- testing Thu Oct 15 15:46:49 UTC 2020 /home/travis/build/icyphy/ptII/ptolemy/domains/continuous/test/auto/ContinuousInContinuous.xml
----------------- Instantiating /home/travis/build/icyphy/ptII/ptolemy/domains/continuous/test/auto/ContinuousInContinuous.xml
43 ms. Memory: 270336K Free: 212268K (79%)
----------------- Invoking toplevel() on ptolemy.moml.MoMLSimpleApplication@65e3513f
----------------- Done invoking toplevel() on ptolemy.moml.MoMLSimpleApplication@65e3513f
reloadAllAccessors: .ContinuousInContinuous

===========================================================================================
----------------- testing Thu Oct 15 15:46:49 UTC 2020 /home/travis/build/icyphy/ptII/ptolemy/domains/continuous/test/auto/ContinuousInContinuousInContinuous.xml
----------------- Instantiating /home/travis/build/icyphy/ptII/ptolemy/domains/continuous/test/auto/ContinuousInContinuousInContinuous.xml
8 ms. Memory: 270336K Free: 204076K (75%)
----------------- Invoking toplevel() on ptolemy.moml.MoMLSimpleApplication@1574b150
----------------- Done invoking toplevel() on ptolemy.moml.MoMLSimpleApplication@1574b150
reloadAllAccessors: .ContinuousInContinuousInContinuous

===========================================================================================
----------------- testing Thu Oct 15 15:46:49 UTC 2020 /home/travis/build/icyphy/ptII/ptolemy/domains/continuous/test/auto/ContinuousInDE.xml
----------------- Instantiating /home/travis/build/icyphy/ptII/ptolemy/domains/continuous/test/auto/ContinuousInDE.xml
87 ms. Memory: 270336K Free: 193322K (72%)
----------------- Invoking toplevel() on ptolemy.moml.MoMLSimpleApplication@d620521
----------------- Done invoking toplevel() on ptolemy.moml.MoMLSimpleApplication@d620521
reloadAllAccessors: .ContinuousInDE

===========================================================================================
----------------- testing Thu Oct 15 15:46:49 UTC 2020 /home/travis/build/icyphy/ptII/ptolemy/domains/continuous/test/auto/ContinuousInDE2.xml
----------------- Instantiating /home/travis/build/icyphy/ptII/ptolemy/domains/continuous/test/auto/ContinuousInDE2.xml
33 ms. Memory: 270336K Free: 183596K (68%)
----------------- Invoking toplevel() on ptolemy.moml.MoMLSimpleApplication@7cb4e11a
----------------- Done invoking toplevel() on ptolemy.moml.MoMLSimpleApplication@7cb4e11a
reloadAllAccessors: .ContinuousInDE2

===========================================================================================
----------------- testing Thu Oct 15 15:46:49 UTC 2020 /home/travis/build/icyphy/ptII/ptolemy/domains/continuous/test/auto/ContinuousInDE3.xml
----------------- Instantiating /home/travis/build/icyphy/ptII/ptolemy/domains/continuous/test/auto/ContinuousInDE3.xml
43 ms. Memory: 270336K Free: 173866K (64%)
----------------- Invoking toplevel() on ptolemy.moml.MoMLSimpleApplication@70c2f188
----------------- Done invoking toplevel() on ptolemy.moml.MoMLSimpleApplication@70c2f188
reloadAllAccessors: .ContinuousInDE3

===========================================================================================
----------------- testing Thu Oct 15 15:46:49 UTC 2020 /home/travis/build/icyphy/ptII/ptolemy/domains/continuous/test/auto/ContinuousInDE4.xml
----------------- Instantiating /home/travis/build/icyphy/ptII/ptolemy/domains/continuous/test/auto/ContinuousInDE4.xml
13 ms. Memory: 270336K Free: 167722K (62%)
----------------- Invoking toplevel() on ptolemy.moml.MoMLSimpleApplication@199e38c
----------------- Done invoking toplevel() on ptolemy.moml.MoMLSimpleApplication@199e38c
reloadAllAccessors: .ContinuousInDE4

===========================================================================================
----------------- testing Thu Oct 15 15:46:49 UTC 2020 /home/travis/build/icyphy/ptII/ptolemy/domains/continuous/test/auto/ContinuousInDEDifferentRefinements.xml
----------------- Instantiating /home/travis/build/icyphy/ptII/ptolemy/domains/continuous/test/auto/ContinuousInDEDifferentRefinements.xml
51 ms. Memory: 270336K Free: 136492K (50%)
----------------- Invoking toplevel() on ptolemy.moml.MoMLSimpleApplication@7b7447e2
----------------- Done invoking toplevel() on ptolemy.moml.MoMLSimpleApplication@7b7447e2
reloadAllAccessors: .ContinuousInDEDifferentRefinements

===========================================================================================
----------------- testing Thu Oct 15 15:46:49 UTC 2020 /home/travis/build/icyphy/ptII/ptolemy/domains/continuous/test/auto/ContinuousInDEDifferentRefinementsPreemptive.xml
----------------- Instantiating /home/travis/build/icyphy/ptII/ptolemy/domains/continuous/test/auto/ContinuousInDEDifferentRefinementsPreemptive.xml
57 ms. Memory: 270336K Free: 105772K (39%)
----------------- Invoking toplevel() on ptolemy.moml.MoMLSimpleApplication@5895c5bf
----------------- Done invoking toplevel() on ptolemy.moml.MoMLSimpleApplication@5895c5bf
reloadAllAccessors: .ContinuousInDEDifferentRefinementsPreemptive

===========================================================================================
----------------- testing Thu Oct 15 15:46:50 UTC 2020 /home/travis/build/icyphy/ptII/ptolemy/domains/continuous/test/auto/ContinuousInDEInContinuous2.xml
----------------- Instantiating /home/travis/build/icyphy/ptII/ptolemy/domains/continuous/test/auto/ContinuousInDEInContinuous2.xml
38 ms. Memory: 270336K Free: 94508K (35%)
----------------- Invoking toplevel() on ptolemy.moml.MoMLSimpleApplication@13d23ebc
----------------- Done invoking toplevel() on ptolemy.moml.MoMLSimpleApplication@13d23ebc
reloadAllAccessors: .ContinuousInDEInContinuous2

===========================================================================================
----------------- testing Thu Oct 15 15:46:50 UTC 2020 /home/travis/build/icyphy/ptII/ptolemy/domains/continuous/test/auto/ContinuousInDEInContinuous3.xml
----------------- Instantiating /home/travis/build/icyphy/ptII/ptolemy/domains/continuous/test/auto/ContinuousInDEInContinuous3.xml
40 ms. Memory: 270336K Free: 243185K (90%)
----------------- Invoking toplevel() on ptolemy.moml.MoMLSimpleApplication@24bf0eca
----------------- Done invoking toplevel() on ptolemy.moml.MoMLSimpleApplication@24bf0eca
reloadAllAccessors: .ContinuousInDEInContinuous3

===========================================================================================
----------------- testing Thu Oct 15 15:46:50 UTC 2020 /home/travis/build/icyphy/ptII/ptolemy/domains/continuous/test/auto/ContinuousInDEInput.xml
----------------- Instantiating /home/travis/build/icyphy/ptII/ptolemy/domains/continuous/test/auto/ContinuousInDEInput.xml
20 ms. Memory: 270336K Free: 236017K (87%)
----------------- Invoking toplevel() on ptolemy.moml.MoMLSimpleApplication@665f2356
----------------- Done invoking toplevel() on ptolemy.moml.MoMLSimpleApplication@665f2356
reloadAllAccessors: .ContinuousInDEInput

===========================================================================================
----------------- testing Thu Oct 15 15:46:50 UTC 2020 /home/travis/build/icyphy/ptII/ptolemy/domains/continuous/test/auto/ContinuousInDEInput2.xml
----------------- Instantiating /home/travis/build/icyphy/ptII/ptolemy/domains/continuous/test/auto/ContinuousInDEInput2.xml
14 ms. Memory: 270336K Free: 228849K (85%)
----------------- Invoking toplevel() on ptolemy.moml.MoMLSimpleApplication@1fc3616c
----------------- Done invoking toplevel() on ptolemy.moml.MoMLSimpleApplication@1fc3616c
reloadAllAccessors: .ContinuousInDEInput2

===========================================================================================
----------------- testing Thu Oct 15 15:46:50 UTC 2020 /home/travis/build/icyphy/ptII/ptolemy/domains/continuous/test/auto/ContinuousInDEInput3.xml
----------------- Instantiating /home/travis/build/icyphy/ptII/ptolemy/domains/continuous/test/auto/ContinuousInDEInput3.xml
16 ms. Memory: 270336K Free: 221167K (82%)
----------------- Invoking toplevel() on ptolemy.moml.MoMLSimpleApplication@12658922
----------------- Done invoking toplevel() on ptolemy.moml.MoMLSimpleApplication@12658922
reloadAllAccessors: .ContinuousInDEInput3

===========================================================================================
----------------- testing Thu Oct 15 15:46:50 UTC 2020 /home/travis/build/icyphy/ptII/ptolemy/domains/continuous/test/auto/ContinuousInDESharingRefinement.xml
----------------- Instantiating /home/travis/build/icyphy/ptII/ptolemy/domains/continuous/test/auto/ContinuousInDESharingRefinement.xml
172 ms. Memory: 270336K Free: 126449K (47%)
----------------- Invoking toplevel() on ptolemy.moml.MoMLSimpleApplication@16458a1d
----------------- Done invoking toplevel() on ptolemy.moml.MoMLSimpleApplication@16458a1d
reloadAllAccessors: .ContinuousInDESharingRefinement

===========================================================================================
----------------- testing Thu Oct 15 15:46:50 UTC 2020 /home/travis/build/icyphy/ptII/ptolemy/domains/continuous/test/auto/ContinuousInDEwithNoPorts.xml
----------------- Instantiating /home/travis/build/icyphy/ptII/ptolemy/domains/continuous/test/auto/ContinuousInDEwithNoPorts.xml
5 ms. Memory: 270336K Free: 122353K (45%)
----------------- Invoking toplevel() on ptolemy.moml.MoMLSimpleApplication@2ceb6bf9
----------------- Done invoking toplevel() on ptolemy.moml.MoMLSimpleApplication@2ceb6bf9
reloadAllAccessors: .ContinuousInDEwithNoPorts

===========================================================================================
----------------- testing Thu Oct 15 15:46:50 UTC 2020 /home/travis/build/icyphy/ptII/ptolemy/domains/continuous/test/auto/ContinuousInsideDE.xml
----------------- Instantiating /home/travis/build/icyphy/ptII/ptolemy/domains/continuous/test/auto/ContinuousInsideDE.xml
33 ms. Memory: 270336K Free: 111089K (41%)
----------------- Invoking toplevel() on ptolemy.moml.MoMLSimpleApplication@39fcc102
----------------- Done invoking toplevel() on ptolemy.moml.MoMLSimpleApplication@39fcc102
reloadAllAccessors: .ContinuousInsideDE

===========================================================================================
----------------- testing Thu Oct 15 15:46:50 UTC 2020 /home/travis/build/icyphy/ptII/ptolemy/domains/continuous/test/auto/ContinuousMerge1.xml
----------------- Instantiating /home/travis/build/icyphy/ptII/ptolemy/domains/continuous/test/auto/ContinuousMerge1.xml
7 ms. Memory: 270336K Free: 106479K (39%)
----------------- Invoking toplevel() on ptolemy.moml.MoMLSimpleApplication@76cad4
----------------- Done invoking toplevel() on ptolemy.moml.MoMLSimpleApplication@76cad4
reloadAllAccessors: .ContinuousMerge1

===========================================================================================
----------------- testing Thu Oct 15 15:46:50 UTC 2020 /home/travis/build/icyphy/ptII/ptolemy/domains/continuous/test/auto/ContinuousMerge2.xml
----------------- Instantiating /home/travis/build/icyphy/ptII/ptolemy/domains/continuous/test/auto/ContinuousMerge2.xml
11 ms. Memory: 270336K Free: 96239K (36%)
----------------- Invoking toplevel() on ptolemy.moml.MoMLSimpleApplication@58f696d8
----------------- Done invoking toplevel() on ptolemy.moml.MoMLSimpleApplication@58f696d8
reloadAllAccessors: .ContinuousMerge2

===========================================================================================
----------------- testing Thu Oct 15 15:46:50 UTC 2020 /home/travis/build/icyphy/ptII/ptolemy/domains/continuous/test/auto/ContinuousMerge3.xml
----------------- Instantiating /home/travis/build/icyphy/ptII/ptolemy/domains/continuous/test/auto/ContinuousMerge3.xml
37 ms. Memory: 270336K Free: 245960K (91%)
----------------- Invoking toplevel() on ptolemy.moml.MoMLSimpleApplication@417ed2bc
----------------- Done invoking toplevel() on ptolemy.moml.MoMLSimpleApplication@417ed2bc
reloadAllAccessors: .ContinuousMerge3

===========================================================================================
----------------- testing Thu Oct 15 15:46:50 UTC 2020 /home/travis/build/icyphy/ptII/ptolemy/domains/continuous/test/auto/ContinuousWithinContinuous.xml
----------------- Instantiating /home/travis/build/icyphy/ptII/ptolemy/domains/continuous/test/auto/ContinuousWithinContinuous.xml
33 ms. Memory: 270336K Free: 236230K (87%)
----------------- Invoking toplevel() on ptolemy.moml.MoMLSimpleApplication@498b42a
----------------- Done invoking toplevel() on ptolemy.moml.MoMLSimpleApplication@498b42a
reloadAllAccessors: .ContinuousWithinContinuous

===========================================================================================
----------------- testing Thu Oct 15 15:46:50 UTC 2020 /home/travis/build/icyphy/ptII/ptolemy/domains/continuous/test/auto/ContinuousWithinContinuous2.xml
----------------- Instantiating /home/travis/build/icyphy/ptII/ptolemy/domains/continuous/test/auto/ContinuousWithinContinuous2.xml
61 ms. Memory: 270336K Free: 224966K (83%)
----------------- Invoking toplevel() on ptolemy.moml.MoMLSimpleApplication@22b33237
----------------- Done invoking toplevel() on ptolemy.moml.MoMLSimpleApplication@22b33237
reloadAllAccessors: .ContinuousWithinContinuous2

===========================================================================================
----------------- testing Thu Oct 15 15:46:50 UTC 2020 /home/travis/build/icyphy/ptII/ptolemy/domains/continuous/test/auto/ContinuousWithinContinuous3.xml
----------------- Instantiating /home/travis/build/icyphy/ptII/ptolemy/domains/continuous/test/auto/ContinuousWithinContinuous3.xml
14 ms. Memory: 270336K Free: 218312K (81%)
----------------- Invoking toplevel() on ptolemy.moml.MoMLSimpleApplication@1551ae0a
----------------- Done invoking toplevel() on ptolemy.moml.MoMLSimpleApplication@1551ae0a
reloadAllAccessors: .ContinuousWithinContinuous3

===========================================================================================
----------------- testing Thu Oct 15 15:46:50 UTC 2020 /home/travis/build/icyphy/ptII/ptolemy/domains/continuous/test/auto/ContinuousWithinContinuous4.xml
----------------- Instantiating /home/travis/build/icyphy/ptII/ptolemy/domains/continuous/test/auto/ContinuousWithinContinuous4.xml
61 ms. Memory: 270336K Free: 206024K (76%)
----------------- Invoking toplevel() on ptolemy.moml.MoMLSimpleApplication@637bbc8b
----------------- Done invoking toplevel() on ptolemy.moml.MoMLSimpleApplication@637bbc8b
reloadAllAccessors: .ContinuousWithinContinuous4

===========================================================================================
----------------- testing Thu Oct 15 15:46:50 UTC 2020 /home/travis/build/icyphy/ptII/ptolemy/domains/continuous/test/auto/ContinuousWithinContinuous5.xml
----------------- Instantiating /home/travis/build/icyphy/ptII/ptolemy/domains/continuous/test/auto/ContinuousWithinContinuous5.xml
14 ms. Memory: 270336K Free: 198856K (74%)
----------------- Invoking toplevel() on ptolemy.moml.MoMLSimpleApplication@36509dc3
----------------- Done invoking toplevel() on ptolemy.moml.MoMLSimpleApplication@36509dc3
reloadAllAccessors: .ContinuousWithinContinuous5

===========================================================================================
----------------- testing Thu Oct 15 15:46:51 UTC 2020 /home/travis/build/icyphy/ptII/ptolemy/domains/continuous/test/auto/ContinuousWithinContinuous6.xml
----------------- Instantiating /home/travis/build/icyphy/ptII/ptolemy/domains/continuous/test/auto/ContinuousWithinContinuous6.xml
10 ms. Memory: 270336K Free: 191688K (71%)
----------------- Invoking toplevel() on ptolemy.moml.MoMLSimpleApplication@4deed42a
----------------- Done invoking toplevel() on ptolemy.moml.MoMLSimpleApplication@4deed42a
reloadAllAccessors: .ContinuousWithinContinuous6

===========================================================================================
----------------- testing Thu Oct 15 15:46:51 UTC 2020 /home/travis/build/icyphy/ptII/ptolemy/domains/continuous/test/auto/ContinuousWithinContinuous7.xml
----------------- Instantiating /home/travis/build/icyphy/ptII/ptolemy/domains/continuous/test/auto/ContinuousWithinContinuous7.xml
50 ms. Memory: 270336K Free: 180424K (67%)
----------------- Invoking toplevel() on ptolemy.moml.MoMLSimpleApplication@780618b
----------------- Done invoking toplevel() on ptolemy.moml.MoMLSimpleApplication@780618b
reloadAllAccessors: .ContinuousWithinContinuous7

===========================================================================================
----------------- testing Thu Oct 15 15:46:51 UTC 2020 /home/travis/build/icyphy/ptII/ptolemy/domains/continuous/test/auto/DCMotor.xml
----------------- Instantiating /home/travis/build/icyphy/ptII/ptolemy/domains/continuous/test/auto/DCMotor.xml
16021 ms. Memory: 270336K Free: 202708K (75%)
----------------- Invoking toplevel() on ptolemy.moml.MoMLSimpleApplication@6f9d971e
----------------- Done invoking toplevel() on ptolemy.moml.MoMLSimpleApplication@6f9d971e
reloadAllAccessors: .DCMotor

===========================================================================================
----------------- testing Thu Oct 15 15:47:07 UTC 2020 /home/travis/build/icyphy/ptII/ptolemy/domains/continuous/test/auto/DEInContinuous.xml
----------------- Instantiating /home/travis/build/icyphy/ptII/ptolemy/domains/continuous/test/auto/DEInContinuous.xml
6 ms. Memory: 270336K Free: 196564K (73%)
----------------- Invoking toplevel() on ptolemy.moml.MoMLSimpleApplication@31ff213f
----------------- Done invoking toplevel() on ptolemy.moml.MoMLSimpleApplication@31ff213f
reloadAllAccessors: .DEInContinuous

===========================================================================================
----------------- testing Thu Oct 15 15:47:07 UTC 2020 /home/travis/build/icyphy/ptII/ptolemy/domains/continuous/test/auto/DEinContinuous2.xml
----------------- Instantiating /home/travis/build/icyphy/ptII/ptolemy/domains/continuous/test/auto/DEinContinuous2.xml
5 ms. Memory: 270336K Free: 188372K (70%)
----------------- Invoking toplevel() on ptolemy.moml.MoMLSimpleApplication@3cb868f
----------------- Done invoking toplevel() on ptolemy.moml.MoMLSimpleApplication@3cb868f
reloadAllAccessors: .DEinContinuous2

===========================================================================================
----------------- testing Thu Oct 15 15:47:07 UTC 2020 /home/travis/build/icyphy/ptII/ptolemy/domains/continuous/test/auto/Derivative.xml
----------------- Instantiating /home/travis/build/icyphy/ptII/ptolemy/domains/continuous/test/auto/Derivative.xml
122 ms. Memory: 270336K Free: 157652K (58%)
----------------- Invoking toplevel() on ptolemy.moml.MoMLSimpleApplication@693ef78
----------------- Done invoking toplevel() on ptolemy.moml.MoMLSimpleApplication@693ef78
reloadAllAccessors: .Derivative2

===========================================================================================
----------------- testing Thu Oct 15 15:47:07 UTC 2020 /home/travis/build/icyphy/ptII/ptolemy/domains/continuous/test/auto/Derivative1.xml
----------------- Instantiating /home/travis/build/icyphy/ptII/ptolemy/domains/continuous/test/auto/Derivative1.xml
13 ms. Memory: 270336K Free: 143316K (53%)
----------------- Invoking toplevel() on ptolemy.moml.MoMLSimpleApplication@2b55f428
----------------- Done invoking toplevel() on ptolemy.moml.MoMLSimpleApplication@2b55f428
reloadAllAccessors: .Derivative1

===========================================================================================
----------------- testing Thu Oct 15 15:47:07 UTC 2020 /home/travis/build/icyphy/ptII/ptolemy/domains/continuous/test/auto/DiscreteClock.xml
----------------- Instantiating /home/travis/build/icyphy/ptII/ptolemy/domains/continuous/test/auto/DiscreteClock.xml
3 ms. Memory: 270336K Free: 138196K (51%)
----------------- Invoking toplevel() on ptolemy.moml.MoMLSimpleApplication@11fa7e1e
----------------- Done invoking toplevel() on ptolemy.moml.MoMLSimpleApplication@11fa7e1e
reloadAllAccessors: .DiscreteClock

===========================================================================================
----------------- testing Thu Oct 15 15:47:07 UTC 2020 /home/travis/build/icyphy/ptII/ptolemy/domains/continuous/test/auto/EfficiencyCurve.xml
----------------- Instantiating /home/travis/build/icyphy/ptII/ptolemy/domains/continuous/test/auto/EfficiencyCurve.xml
45 ms. Memory: 270336K Free: 128980K (48%)
----------------- Invoking toplevel() on ptolemy.moml.MoMLSimpleApplication@2a35cd0f
----------------- Done invoking toplevel() on ptolemy.moml.MoMLSimpleApplication@2a35cd0f
reloadAllAccessors: .EfficiencyCurve

===========================================================================================
----------------- testing Thu Oct 15 15:47:07 UTC 2020 /home/travis/build/icyphy/ptII/ptolemy/domains/continuous/test/auto/ExponentialResponse.xml
----------------- Instantiating /home/travis/build/icyphy/ptII/ptolemy/domains/continuous/test/auto/ExponentialResponse.xml
89 ms. Memory: 270336K Free: 112596K (42%)
----------------- Invoking toplevel() on ptolemy.moml.MoMLSimpleApplication@72502a6c
----------------- Done invoking toplevel() on ptolemy.moml.MoMLSimpleApplication@72502a6c
reloadAllAccessors: .ExponentialResponse

===========================================================================================
----------------- testing Thu Oct 15 15:47:07 UTC 2020 /home/travis/build/icyphy/ptII/ptolemy/domains/continuous/test/auto/ExponentialResponseRK45.xml
----------------- Instantiating /home/travis/build/icyphy/ptII/ptolemy/domains/continuous/test/auto/ExponentialResponseRK45.xml
28 ms. Memory: 270336K Free: 105938K (39%)
----------------- Invoking toplevel() on ptolemy.moml.MoMLSimpleApplication@286229a5
----------------- Done invoking toplevel() on ptolemy.moml.MoMLSimpleApplication@286229a5
reloadAllAccessors: .ExponentialResponseRK45

===========================================================================================
----------------- testing Thu Oct 15 15:47:07 UTC 2020 /home/travis/build/icyphy/ptII/ptolemy/domains/continuous/test/auto/Friction.xml
----------------- Instantiating /home/travis/build/icyphy/ptII/ptolemy/domains/continuous/test/auto/Friction.xml
1640 ms. Memory: 270336K Free: 154562K (57%)
----------------- Invoking toplevel() on ptolemy.moml.MoMLSimpleApplication@50e6405a
----------------- Done invoking toplevel() on ptolemy.moml.MoMLSimpleApplication@50e6405a
reloadAllAccessors: .Friction

===========================================================================================
----------------- testing Thu Oct 15 15:47:09 UTC 2020 /home/travis/build/icyphy/ptII/ptolemy/domains/continuous/test/auto/FurutaPendulum.xml
----------------- Instantiating /home/travis/build/icyphy/ptII/ptolemy/domains/continuous/test/auto/FurutaPendulum.xml
3269 ms. Memory: 270336K Free: 113000K (42%)
----------------- Invoking toplevel() on ptolemy.moml.MoMLSimpleApplication@325d7c99
----------------- Done invoking toplevel() on ptolemy.moml.MoMLSimpleApplication@325d7c99
reloadAllAccessors: .FurutaPendulum

===========================================================================================
----------------- testing Thu Oct 15 15:47:12 UTC 2020 /home/travis/build/icyphy/ptII/ptolemy/domains/continuous/test/auto/HierarchicalExecution.xml
----------------- Instantiating /home/travis/build/icyphy/ptII/ptolemy/domains/continuous/test/auto/HierarchicalExecution.xml
1861 ms. Memory: 270336K Free: 117915K (44%)
----------------- Invoking toplevel() on ptolemy.moml.MoMLSimpleApplication@7b969f42
----------------- Done invoking toplevel() on ptolemy.moml.MoMLSimpleApplication@7b969f42
reloadAllAccessors: .HierarchicalExecution

===========================================================================================
----------------- testing Thu Oct 15 15:47:15 UTC 2020 /home/travis/build/icyphy/ptII/ptolemy/domains/continuous/test/auto/HybridPlant.xml
----------------- Instantiating /home/travis/build/icyphy/ptII/ptolemy/domains/continuous/test/auto/HybridPlant.xml
573 ms. Memory: 270336K Free: 172456K (64%)
----------------- Invoking toplevel() on ptolemy.moml.MoMLSimpleApplication@6f620556
----------------- Done invoking toplevel() on ptolemy.moml.MoMLSimpleApplication@6f620556
reloadAllAccessors: .HybridPlant

===========================================================================================
----------------- testing Thu Oct 15 15:47:16 UTC 2020 /home/travis/build/icyphy/ptII/ptolemy/domains/continuous/test/auto/Hysteresis.xml
----------------- Instantiating /home/travis/build/icyphy/ptII/ptolemy/domains/continuous/test/auto/Hysteresis.xml
147 ms. Memory: 270336K Free: 107960K (40%)
----------------- Invoking toplevel() on ptolemy.moml.MoMLSimpleApplication@5d4c3e52
----------------- Done invoking toplevel() on ptolemy.moml.MoMLSimpleApplication@5d4c3e52
reloadAllAccessors: .Hysteresis

===========================================================================================
----------------- testing Thu Oct 15 15:47:16 UTC 2020 /home/travis/build/icyphy/ptII/ptolemy/domains/continuous/test/auto/HysteresisWithRandomDelay.xml
----------------- Instantiating /home/travis/build/icyphy/ptII/ptolemy/domains/continuous/test/auto/HysteresisWithRandomDelay.xml
182 ms. Memory: 270336K Free: 195065K (72%)
----------------- Invoking toplevel() on ptolemy.moml.MoMLSimpleApplication@1ade0882
----------------- Done invoking toplevel() on ptolemy.moml.MoMLSimpleApplication@1ade0882
reloadAllAccessors: .HysteresisWithRandomDelay

===========================================================================================
----------------- testing Thu Oct 15 15:47:16 UTC 2020 /home/travis/build/icyphy/ptII/ptolemy/domains/continuous/test/auto/HysteresisWithRandomLosses.xml
----------------- Instantiating /home/travis/build/icyphy/ptII/ptolemy/domains/continuous/test/auto/HysteresisWithRandomLosses.xml
2566 ms. Memory: 270336K Free: 215334K (80%)
----------------- Invoking toplevel() on ptolemy.moml.MoMLSimpleApplication@3c719af0
----------------- Done invoking toplevel() on ptolemy.moml.MoMLSimpleApplication@3c719af0
reloadAllAccessors: .HysteresisWithRandomLosses

===========================================================================================
----------------- testing Thu Oct 15 15:47:19 UTC 2020 /home/travis/build/icyphy/ptII/ptolemy/domains/continuous/test/auto/ImmediateTransitions.xml
----------------- Instantiating /home/travis/build/icyphy/ptII/ptolemy/domains/continuous/test/auto/ImmediateTransitions.xml
10 ms. Memory: 270336K Free: 204070K (75%)
----------------- Invoking toplevel() on ptolemy.moml.MoMLSimpleApplication@57d876eb
----------------- Done invoking toplevel() on ptolemy.moml.MoMLSimpleApplication@57d876eb
reloadAllAccessors: .ImmediateTransitions

===========================================================================================
----------------- testing Thu Oct 15 15:47:19 UTC 2020 /home/travis/build/icyphy/ptII/ptolemy/domains/continuous/test/auto/ImpulseFeedback.xml
----------------- Instantiating /home/travis/build/icyphy/ptII/ptolemy/domains/continuous/test/auto/ImpulseFeedback.xml
7 ms. Memory: 270336K Free: 198454K (73%)
----------------- Invoking toplevel() on ptolemy.moml.MoMLSimpleApplication@293a8979
----------------- Done invoking toplevel() on ptolemy.moml.MoMLSimpleApplication@293a8979
reloadAllAccessors: .ImpulseFeedback

===========================================================================================
----------------- testing Thu Oct 15 15:47:19 UTC 2020 /home/travis/build/icyphy/ptII/ptolemy/domains/continuous/test/auto/ImpulseFeedback2.xml
----------------- Instantiating /home/travis/build/icyphy/ptII/ptolemy/domains/continuous/test/auto/ImpulseFeedback2.xml
5 ms. Memory: 270336K Free: 192820K (71%)
----------------- Invoking toplevel() on ptolemy.moml.MoMLSimpleApplication@654f3787
----------------- Done invoking toplevel() on ptolemy.moml.MoMLSimpleApplication@654f3787
reloadAllAccessors: .ImpulseFeedback2

===========================================================================================
----------------- testing Thu Oct 15 15:47:19 UTC 2020 /home/travis/build/icyphy/ptII/ptolemy/domains/continuous/test/auto/IncreasingRatePoisson.xml
----------------- Instantiating /home/travis/build/icyphy/ptII/ptolemy/domains/continuous/test/auto/IncreasingRatePoisson.xml
693 ms. Memory: 270336K Free: 213231K (79%)
----------------- Invoking toplevel() on ptolemy.moml.MoMLSimpleApplication@69ed8cb9
----------------- Done invoking toplevel() on ptolemy.moml.MoMLSimpleApplication@69ed8cb9
reloadAllAccessors: .IncreasingRatePoisson

===========================================================================================
----------------- testing Thu Oct 15 15:47:19 UTC 2020 /home/travis/build/icyphy/ptII/ptolemy/domains/continuous/test/auto/InitialStateFeedback.xml
----------------- Instantiating /home/travis/build/icyphy/ptII/ptolemy/domains/continuous/test/auto/InitialStateFeedback.xml
3 ms. Memory: 270336K Free: 208621K (77%)
----------------- Invoking toplevel() on ptolemy.moml.MoMLSimpleApplication@26431017
----------------- Done invoking toplevel() on ptolemy.moml.MoMLSimpleApplication@26431017
reloadAllAccessors: .InitialStateFeedback

===========================================================================================
----------------- testing Thu Oct 15 15:47:19 UTC 2020 /home/travis/build/icyphy/ptII/ptolemy/domains/continuous/test/auto/Integration.xml
----------------- Instantiating /home/travis/build/icyphy/ptII/ptolemy/domains/continuous/test/auto/Integration.xml
2 ms. Memory: 270336K Free: 204525K (76%)
----------------- Invoking toplevel() on ptolemy.moml.MoMLSimpleApplication@6a12f52d
----------------- Done invoking toplevel() on ptolemy.moml.MoMLSimpleApplication@6a12f52d
reloadAllAccessors: .Integration

===========================================================================================
----------------- testing Thu Oct 15 15:47:20 UTC 2020 /home/travis/build/icyphy/ptII/ptolemy/domains/continuous/test/auto/Integration2.xml
----------------- Instantiating /home/travis/build/icyphy/ptII/ptolemy/domains/continuous/test/auto/Integration2.xml
69 ms. Memory: 270336K Free: 189679K (70%)
----------------- Invoking toplevel() on ptolemy.moml.MoMLSimpleApplication@780c02e3
----------------- Done invoking toplevel() on ptolemy.moml.MoMLSimpleApplication@780c02e3
reloadAllAccessors: .Integration2

===========================================================================================
----------------- testing Thu Oct 15 15:47:20 UTC 2020 /home/travis/build/icyphy/ptII/ptolemy/domains/continuous/test/auto/Integration3.xml
----------------- Instantiating /home/travis/build/icyphy/ptII/ptolemy/domains/continuous/test/auto/Integration3.xml
2 ms. Memory: 270336K Free: 185069K (68%)
----------------- Invoking toplevel() on ptolemy.moml.MoMLSimpleApplication@7b43fa04
----------------- Done invoking toplevel() on ptolemy.moml.MoMLSimpleApplication@7b43fa04
reloadAllAccessors: .Integration3

===========================================================================================
----------------- testing Thu Oct 15 15:47:20 UTC 2020 /home/travis/build/icyphy/ptII/ptolemy/domains/continuous/test/auto/Integration5.xml
----------------- Instantiating /home/travis/build/icyphy/ptII/ptolemy/domains/continuous/test/auto/Integration5.xml
2 ms. Memory: 270336K Free: 180973K (67%)
----------------- Invoking toplevel() on ptolemy.moml.MoMLSimpleApplication@694faf51
----------------- Done invoking toplevel() on ptolemy.moml.MoMLSimpleApplication@694faf51
reloadAllAccessors: .Integration5

===========================================================================================
----------------- testing Thu Oct 15 15:47:20 UTC 2020 /home/travis/build/icyphy/ptII/ptolemy/domains/continuous/test/auto/IntegratorImpulse.xml
----------------- Instantiating /home/travis/build/icyphy/ptII/ptolemy/domains/continuous/test/auto/IntegratorImpulse.xml
5 ms. Memory: 270336K Free: 176877K (65%)
----------------- Invoking toplevel() on ptolemy.moml.MoMLSimpleApplication@d07f7c5
----------------- Done invoking toplevel() on ptolemy.moml.MoMLSimpleApplication@d07f7c5
reloadAllAccessors: .IntegratorImpulse

===========================================================================================
----------------- testing Thu Oct 15 15:47:20 UTC 2020 /home/travis/build/icyphy/ptII/ptolemy/domains/continuous/test/auto/IntegratorImpulse2.xml
----------------- Instantiating /home/travis/build/icyphy/ptII/ptolemy/domains/continuous/test/auto/IntegratorImpulse2.xml
3 ms. Memory: 270336K Free: 172271K (64%)
----------------- Invoking toplevel() on ptolemy.moml.MoMLSimpleApplication@582f5fb5
----------------- Done invoking toplevel() on ptolemy.moml.MoMLSimpleApplication@582f5fb5
reloadAllAccessors: .IntegratorImpulse2

===========================================================================================
----------------- testing Thu Oct 15 15:47:20 UTC 2020 /home/travis/build/icyphy/ptII/ptolemy/domains/continuous/test/auto/LevelCrossing1.xml
----------------- Instantiating /home/travis/build/icyphy/ptII/ptolemy/domains/continuous/test/auto/LevelCrossing1.xml
2 ms. Memory: 270336K Free: 167151K (62%)
----------------- Invoking toplevel() on ptolemy.moml.MoMLSimpleApplication@3402d9c6
----------------- Done invoking toplevel() on ptolemy.moml.MoMLSimpleApplication@3402d9c6
reloadAllAccessors: .LevelCrossing1

===========================================================================================
----------------- testing Thu Oct 15 15:47:20 UTC 2020 /home/travis/build/icyphy/ptII/ptolemy/domains/continuous/test/auto/LevelCrossing2.xml
----------------- Instantiating /home/travis/build/icyphy/ptII/ptolemy/domains/continuous/test/auto/LevelCrossing2.xml
3 ms. Memory: 270336K Free: 162031K (60%)
----------------- Invoking toplevel() on ptolemy.moml.MoMLSimpleApplication@6dfd8a42
----------------- Done invoking toplevel() on ptolemy.moml.MoMLSimpleApplication@6dfd8a42
reloadAllAccessors: .LevelCrossing2

===========================================================================================
----------------- testing Thu Oct 15 15:47:20 UTC 2020 /home/travis/build/icyphy/ptII/ptolemy/domains/continuous/test/auto/LevelCrossing3.xml
----------------- Instantiating /home/travis/build/icyphy/ptII/ptolemy/domains/continuous/test/auto/LevelCrossing3.xml
3 ms. Memory: 270336K Free: 156911K (58%)
----------------- Invoking toplevel() on ptolemy.moml.MoMLSimpleApplication@75589e34
----------------- Done invoking toplevel() on ptolemy.moml.MoMLSimpleApplication@75589e34
reloadAllAccessors: .LevelCrossing3

===========================================================================================
----------------- testing Thu Oct 15 15:47:20 UTC 2020 /home/travis/build/icyphy/ptII/ptolemy/domains/continuous/test/auto/LevelCrossing4.xml
----------------- Instantiating /home/travis/build/icyphy/ptII/ptolemy/domains/continuous/test/auto/LevelCrossing4.xml
4 ms. Memory: 270336K Free: 151791K (56%)
----------------- Invoking toplevel() on ptolemy.moml.MoMLSimpleApplication@33532d2e
----------------- Done invoking toplevel() on ptolemy.moml.MoMLSimpleApplication@33532d2e
reloadAllAccessors: .LevelCrossing4

===========================================================================================
----------------- testing Thu Oct 15 15:47:20 UTC 2020 /home/travis/build/icyphy/ptII/ptolemy/domains/continuous/test/auto/LevelCrossing5.xml
----------------- Instantiating /home/travis/build/icyphy/ptII/ptolemy/domains/continuous/test/auto/LevelCrossing5.xml
4 ms. Memory: 270336K Free: 146671K (54%)
----------------- Invoking toplevel() on ptolemy.moml.MoMLSimpleApplication@3c57598d
----------------- Done invoking toplevel() on ptolemy.moml.MoMLSimpleApplication@3c57598d
reloadAllAccessors: .LevelCrossing5

===========================================================================================
[...]
reloadAllAccessors: .ResetTransitionWithStartTime6

===========================================================================================
----------------- testing Thu Oct 15 15:47:38 UTC 2020 /home/travis/build/icyphy/ptII/ptolemy/domains/continuous/test/auto/SRinContinuous.xml
----------------- Instantiating /home/travis/build/icyphy/ptII/ptolemy/domains/continuous/test/auto/SRinContinuous.xml
4 ms. Memory: 324608K Free: 221649K (68%)
----------------- Invoking toplevel() on ptolemy.moml.MoMLSimpleApplication@176f61c4
----------------- Done invoking toplevel() on ptolemy.moml.MoMLSimpleApplication@176f61c4
reloadAllAccessors: .SRinContinuous

===========================================================================================
----------------- testing Thu Oct 15 15:47:38 UTC 2020 /home/travis/build/icyphy/ptII/ptolemy/domains/continuous/test/auto/SampledClocks.xml
----------------- Instantiating /home/travis/build/icyphy/ptII/ptolemy/domains/continuous/test/auto/SampledClocks.xml
6 ms. Memory: 324608K Free: 208847K (64%)
----------------- Invoking toplevel() on ptolemy.moml.MoMLSimpleApplication@23006227
----------------- Done invoking toplevel() on ptolemy.moml.MoMLSimpleApplication@23006227
reloadAllAccessors: .SampledClocks

===========================================================================================
----------------- testing Thu Oct 15 15:47:38 UTC 2020 /home/travis/build/icyphy/ptII/ptolemy/domains/continuous/test/auto/Satellite.xml
----------------- Instantiating /home/travis/build/icyphy/ptII/ptolemy/domains/continuous/test/auto/Satellite.xml
926 ms. Memory: 324608K Free: 201277K (62%)
----------------- Invoking toplevel() on ptolemy.moml.MoMLSimpleApplication@5469d7a5
----------------- Done invoking toplevel() on ptolemy.moml.MoMLSimpleApplication@5469d7a5
reloadAllAccessors: .Satellite

===========================================================================================
----------------- testing Thu Oct 15 15:47:39 UTC 2020 /home/travis/build/icyphy/ptII/ptolemy/domains/continuous/test/auto/SigmaDelta.xml
----------------- Instantiating /home/travis/build/icyphy/ptII/ptolemy/domains/continuous/test/auto/SigmaDelta.xml
2152 ms. Memory: 324608K Free: 128295K (40%)
----------------- Invoking toplevel() on ptolemy.moml.MoMLSimpleApplication@1950f4bb
----------------- Done invoking toplevel() on ptolemy.moml.MoMLSimpleApplication@1950f4bb
reloadAllAccessors: .SigmaDelta

===========================================================================================
----------------- testing Thu Oct 15 15:47:41 UTC 2020 /home/travis/build/icyphy/ptII/ptolemy/domains/continuous/test/auto/SingleRefinement.xml
----------------- Instantiating /home/travis/build/icyphy/ptII/ptolemy/domains/continuous/test/auto/SingleRefinement.xml
308 ms. Memory: 324608K Free: 136994K (42%)
----------------- Invoking toplevel() on ptolemy.moml.MoMLSimpleApplication@1c195a03
----------------- Done invoking toplevel() on ptolemy.moml.MoMLSimpleApplication@1c195a03
reloadAllAccessors: .SingleRefinement

===========================================================================================
----------------- testing Thu Oct 15 15:47:42 UTC 2020 /home/travis/build/icyphy/ptII/ptolemy/domains/continuous/test/auto/SinuBouncingBall.xml
----------------- Instantiating /home/travis/build/icyphy/ptII/ptolemy/domains/continuous/test/auto/SinuBouncingBall.xml
795 ms. Memory: 324608K Free: 302068K (93%)
----------------- Invoking toplevel() on ptolemy.moml.MoMLSimpleApplication@656b7113
----------------- Done invoking toplevel() on ptolemy.moml.MoMLSimpleApplication@656b7113
reloadAllAccessors: .SinuBouncingBall

===========================================================================================
----------------- testing Thu Oct 15 15:47:42 UTC 2020 /home/travis/build/icyphy/ptII/ptolemy/domains/continuous/test/auto/Sinusoid.xml
----------------- Instantiating /home/travis/build/icyphy/ptII/ptolemy/domains/continuous/test/auto/Sinusoid.xml
7 ms. Memory: 324608K Free: 297468K (92%)
----------------- Invoking toplevel() on ptolemy.moml.MoMLSimpleApplication@5f96c20a
----------------- Done invoking toplevel() on ptolemy.moml.MoMLSimpleApplication@5f96c20a
reloadAllAccessors: .Sinusoid

===========================================================================================
----------------- testing Thu Oct 15 15:47:42 UTC 2020 /home/travis/build/icyphy/ptII/ptolemy/domains/continuous/test/auto/SinusoidInNoise.xml
----------------- Instantiating /home/travis/build/icyphy/ptII/ptolemy/domains/continuous/test/auto/SinusoidInNoise.xml
856 ms. Memory: 324608K Free: 156666K (48%)
----------------- Invoking toplevel() on ptolemy.moml.MoMLSimpleApplication@481dfd08
----------------- Done invoking toplevel() on ptolemy.moml.MoMLSimpleApplication@481dfd08
reloadAllAccessors: .SinusoidInNoise

===========================================================================================
----------------- testing Thu Oct 15 15:47:43 UTC 2020 /home/travis/build/icyphy/ptII/ptolemy/domains/continuous/test/auto/SinusoidRK45.xml
----------------- Instantiating /home/travis/build/icyphy/ptII/ptolemy/domains/continuous/test/auto/SinusoidRK45.xml
3 ms. Memory: 324608K Free: 152556K (47%)
----------------- Invoking toplevel() on ptolemy.moml.MoMLSimpleApplication@3956c499
----------------- Done invoking toplevel() on ptolemy.moml.MoMLSimpleApplication@3956c499
reloadAllAccessors: .SinusoidRK45

===========================================================================================
----------------- testing Thu Oct 15 15:47:43 UTC 2020 /home/travis/build/icyphy/ptII/ptolemy/domains/continuous/test/auto/SinusoidWithMultipleImpulses.xml
----------------- Instantiating /home/travis/build/icyphy/ptII/ptolemy/domains/continuous/test/auto/SinusoidWithMultipleImpulses.xml
7 ms. Memory: 324608K Free: 147964K (46%)
----------------- Invoking toplevel() on ptolemy.moml.MoMLSimpleApplication@79d39e29
----------------- Done invoking toplevel() on ptolemy.moml.MoMLSimpleApplication@79d39e29
reloadAllAccessors: .SinusoidWithMultipleImpulses

===========================================================================================
----------------- testing Thu Oct 15 15:47:43 UTC 2020 /home/travis/build/icyphy/ptII/ptolemy/domains/continuous/test/auto/SquareWave.xml
----------------- Instantiating /home/travis/build/icyphy/ptII/ptolemy/domains/continuous/test/auto/SquareWave.xml
151 ms. Memory: 324608K Free: 120316K (37%)
----------------- Invoking toplevel() on ptolemy.moml.MoMLSimpleApplication@227c9fba
----------------- Done invoking toplevel() on ptolemy.moml.MoMLSimpleApplication@227c9fba
reloadAllAccessors: .SquareWave

===========================================================================================
----------------- testing Thu Oct 15 15:47:44 UTC 2020 /home/travis/build/icyphy/ptII/ptolemy/domains/continuous/test/auto/Starmac.xml
----------------- Instantiating /home/travis/build/icyphy/ptII/ptolemy/domains/continuous/test/auto/Starmac.xml
3083 ms. Memory: 324608K Free: 177475K (55%)
----------------- Invoking toplevel() on ptolemy.moml.MoMLSimpleApplication@28db1217
----------------- Done invoking toplevel() on ptolemy.moml.MoMLSimpleApplication@28db1217
reloadAllAccessors: .Starmac

===========================================================================================
----------------- testing Thu Oct 15 15:47:47 UTC 2020 /home/travis/build/icyphy/ptII/ptolemy/domains/continuous/test/auto/StaticUnits.xml
----------------- Instantiating /home/travis/build/icyphy/ptII/ptolemy/domains/continuous/test/auto/StaticUnits.xml
1849 ms. Memory: 324608K Free: 266208K (82%)
----------------- Invoking toplevel() on ptolemy.moml.MoMLSimpleApplication@6eb4c576
----------------- Done invoking toplevel() on ptolemy.moml.MoMLSimpleApplication@6eb4c576
reloadAllAccessors: .StaticUnits

===========================================================================================
----------------- testing Thu Oct 15 15:47:49 UTC 2020 /home/travis/build/icyphy/ptII/ptolemy/domains/continuous/test/auto/StickyMasses.xml
----------------- Instantiating /home/travis/build/icyphy/ptII/ptolemy/domains/continuous/test/auto/StickyMasses.xml
160 ms. Memory: 324608K Free: 216032K (67%)
----------------- Invoking toplevel() on ptolemy.moml.MoMLSimpleApplication@124f7eac
----------------- Done invoking toplevel() on ptolemy.moml.MoMLSimpleApplication@124f7eac
reloadAllAccessors: .StickyMasses

===========================================================================================
----------------- testing Thu Oct 15 15:47:50 UTC 2020 /home/travis/build/icyphy/ptII/ptolemy/domains/continuous/test/auto/StopTime.xml
----------------- Instantiating /home/travis/build/icyphy/ptII/ptolemy/domains/continuous/test/auto/StopTime.xml
41 ms. Memory: 324608K Free: 190909K (59%)
----------------- Invoking toplevel() on ptolemy.moml.MoMLSimpleApplication@4a6e4fd8
----------------- Done invoking toplevel() on ptolemy.moml.MoMLSimpleApplication@4a6e4fd8
reloadAllAccessors: .StopTime

===========================================================================================
----------------- testing Thu Oct 15 15:47:50 UTC 2020 /home/travis/build/icyphy/ptII/ptolemy/domains/continuous/test/auto/StopTime2.xml
----------------- Instantiating /home/travis/build/icyphy/ptII/ptolemy/domains/continuous/test/auto/StopTime2.xml
32 ms. Memory: 324608K Free: 168414K (52%)
----------------- Invoking toplevel() on ptolemy.moml.MoMLSimpleApplication@1e0c95f4
----------------- Done invoking toplevel() on ptolemy.moml.MoMLSimpleApplication@1e0c95f4
reloadAllAccessors: .StopTime2

===========================================================================================
----------------- testing Thu Oct 15 15:47:50 UTC 2020 /home/travis/build/icyphy/ptII/ptolemy/domains/continuous/test/auto/Switch.xml
----------------- Instantiating /home/travis/build/icyphy/ptII/ptolemy/domains/continuous/test/auto/Switch.xml
38 ms. Memory: 324608K Free: 143328K (44%)
----------------- Invoking toplevel() on ptolemy.moml.MoMLSimpleApplication@3cc5ffea
----------------- Done invoking toplevel() on ptolemy.moml.MoMLSimpleApplication@3cc5ffea
reloadAllAccessors: .Switch

===========================================================================================
----------------- testing Thu Oct 15 15:47:50 UTC 2020 /home/travis/build/icyphy/ptII/ptolemy/domains/continuous/test/auto/Thermostat.xml
----------------- Instantiating /home/travis/build/icyphy/ptII/ptolemy/domains/continuous/test/auto/Thermostat.xml
191 ms. Memory: 324608K Free: 261105K (80%)
----------------- Invoking toplevel() on ptolemy.moml.MoMLSimpleApplication@457c8963
----------------- Done invoking toplevel() on ptolemy.moml.MoMLSimpleApplication@457c8963
reloadAllAccessors: .Thermostat

===========================================================================================
----------------- testing Thu Oct 15 15:47:50 UTC 2020 /home/travis/build/icyphy/ptII/ptolemy/domains/continuous/test/auto/TimeDelay.xml
----------------- Instantiating /home/travis/build/icyphy/ptII/ptolemy/domains/continuous/test/auto/TimeDelay.xml
5 ms. Memory: 324608K Free: 255935K (79%)
----------------- Invoking toplevel() on ptolemy.moml.MoMLSimpleApplication@6ee344c5
----------------- Done invoking toplevel() on ptolemy.moml.MoMLSimpleApplication@6ee344c5
reloadAllAccessors: .TimeDelay

===========================================================================================
----------------- testing Thu Oct 15 15:47:50 UTC 2020 /home/travis/build/icyphy/ptII/ptolemy/domains/continuous/test/auto/TimeDelay2.xml
----------------- Instantiating /home/travis/build/icyphy/ptII/ptolemy/domains/continuous/test/auto/TimeDelay2.xml
9 ms. Memory: 324608K Free: 245726K (76%)
----------------- Invoking toplevel() on ptolemy.moml.MoMLSimpleApplication@46b7f061
----------------- Done invoking toplevel() on ptolemy.moml.MoMLSimpleApplication@46b7f061
reloadAllAccessors: .TimeDelay2

===========================================================================================
----------------- testing Thu Oct 15 15:47:50 UTC 2020 /home/travis/build/icyphy/ptII/ptolemy/domains/continuous/test/auto/TimeDelay3.xml
----------------- Instantiating /home/travis/build/icyphy/ptII/ptolemy/domains/continuous/test/auto/TimeDelay3.xml
4 ms. Memory: 324608K Free: 241118K (74%)
----------------- Invoking toplevel() on ptolemy.moml.MoMLSimpleApplication@6b06b03a
----------------- Done invoking toplevel() on ptolemy.moml.MoMLSimpleApplication@6b06b03a
reloadAllAccessors: .TimeDelay3

===========================================================================================
----------------- testing Thu Oct 15 15:47:50 UTC 2020 /home/travis/build/icyphy/ptII/ptolemy/domains/continuous/test/auto/TransferAbsentToInside.xml
----------------- Instantiating /home/travis/build/icyphy/ptII/ptolemy/domains/continuous/test/auto/TransferAbsentToInside.xml
30 ms. Memory: 324608K Free: 187870K (58%)
----------------- Invoking toplevel() on ptolemy.moml.MoMLSimpleApplication@78b08e89
----------------- Done invoking toplevel() on ptolemy.moml.MoMLSimpleApplication@78b08e89
reloadAllAccessors: .TransferAbsentToInside

===========================================================================================
----------------- testing Thu Oct 15 15:47:50 UTC 2020 /home/travis/build/icyphy/ptII/ptolemy/domains/continuous/test/auto/Transmission.xml
----------------- Instantiating /home/travis/build/icyphy/ptII/ptolemy/domains/continuous/test/auto/Transmission.xml
763 ms. Memory: 324608K Free: 143840K (44%)
----------------- Invoking toplevel() on ptolemy.moml.MoMLSimpleApplication@1c4d9b72
----------------- Done invoking toplevel() on ptolemy.moml.MoMLSimpleApplication@1c4d9b72
reloadAllAccessors: .Transmission

===========================================================================================
----------------- testing Thu Oct 15 15:47:51 UTC 2020 /home/travis/build/icyphy/ptII/ptolemy/domains/continuous/test/auto/TriggeredContinuousClock.xml
----------------- Instantiating /home/travis/build/icyphy/ptII/ptolemy/domains/continuous/test/auto/TriggeredContinuousClock.xml
49 ms. Memory: 324608K Free: 114144K (35%)
----------------- Invoking toplevel() on ptolemy.moml.MoMLSimpleApplication@4298bec1
----------------- Done invoking toplevel() on ptolemy.moml.MoMLSimpleApplication@4298bec1
reloadAllAccessors: .TriggeredContinuousClock

===========================================================================================
----------------- testing Thu Oct 15 15:47:51 UTC 2020 /home/travis/build/icyphy/ptII/ptolemy/domains/continuous/test/auto/TwoMachineInfiniteBusControl.xml
----------------- Instantiating /home/travis/build/icyphy/ptII/ptolemy/domains/continuous/test/auto/TwoMachineInfiniteBusControl.xml
2766 ms. Memory: 324608K Free: 261591K (81%)
----------------- Invoking toplevel() on ptolemy.moml.MoMLSimpleApplication@3c852c94
----------------- Done invoking toplevel() on ptolemy.moml.MoMLSimpleApplication@3c852c94
reloadAllAccessors: .TwoMachineInfiniteBusControl

===========================================================================================
----------------- testing Thu Oct 15 15:47:54 UTC 2020 /home/travis/build/icyphy/ptII/ptolemy/domains/continuous/test/auto/V2V.xml
----------------- Instantiating /home/travis/build/icyphy/ptII/ptolemy/domains/continuous/test/auto/V2V.xml
788 ms. Memory: 324608K Free: 260574K (80%)
----------------- Invoking toplevel() on ptolemy.moml.MoMLSimpleApplication@20c94de
----------------- Done invoking toplevel() on ptolemy.moml.MoMLSimpleApplication@20c94de
reloadAllAccessors: .V2V

===========================================================================================
----------------- testing Thu Oct 15 15:47:55 UTC 2020 /home/travis/build/icyphy/ptII/ptolemy/domains/continuous/test/auto/hierarchicalModalModel.xml
----------------- Instantiating /home/travis/build/icyphy/ptII/ptolemy/domains/continuous/test/auto/hierarchicalModalModel.xml
9 ms. Memory: 324608K Free: 245728K (76%)
----------------- Invoking toplevel() on ptolemy.moml.MoMLSimpleApplication@3e72f7
----------------- Done invoking toplevel() on ptolemy.moml.MoMLSimpleApplication@3e72f7
reloadAllAccessors: .hierarchicalModalModel

===========================================================================================
----------------- testing Thu Oct 15 15:47:55 UTC 2020 /home/travis/build/icyphy/ptII/ptolemy/domains/continuous/test/auto/hierarchicalModalModel1.xml
----------------- Instantiating /home/travis/build/icyphy/ptII/ptolemy/domains/continuous/test/auto/hierarchicalModalModel1.xml
8 ms. Memory: 324608K Free: 231392K (71%)
----------------- Invoking toplevel() on ptolemy.moml.MoMLSimpleApplication@2c263458
----------------- Done invoking toplevel() on ptolemy.moml.MoMLSimpleApplication@2c263458
reloadAllAccessors: .hierarchicalModalModel1

===========================================================================================
----------------- testing Thu Oct 15 15:47:55 UTC 2020 /home/travis/build/icyphy/ptII/ptolemy/domains/continuous/test/auto/hierarchicalModalModel2.xml
----------------- Instantiating /home/travis/build/icyphy/ptII/ptolemy/domains/continuous/test/auto/hierarchicalModalModel2.xml
7 ms. Memory: 324608K Free: 219104K (67%)
----------------- Invoking toplevel() on ptolemy.moml.MoMLSimpleApplication@53c4d9a9
----------------- Done invoking toplevel() on ptolemy.moml.MoMLSimpleApplication@53c4d9a9
reloadAllAccessors: .hierarchicalModalModel2

===========================================================================================
----------------- testing Thu Oct 15 15:47:55 UTC 2020 /home/travis/build/icyphy/ptII/ptolemy/domains/continuous/test/auto/hierarchicalModalModel3.xml
----------------- Instantiating /home/travis/build/icyphy/ptII/ptolemy/domains/continuous/test/auto/hierarchicalModalModel3.xml
5 ms. Memory: 324608K Free: 208350K (64%)
----------------- Invoking toplevel() on ptolemy.moml.MoMLSimpleApplication@4c43dd3
----------------- Done invoking toplevel() on ptolemy.moml.MoMLSimpleApplication@4c43dd3
reloadAllAccessors: .hierarchicalModalModel3

===========================================================================================
----------------- testing Thu Oct 15 15:47:55 UTC 2020 /home/travis/build/icyphy/ptII/ptolemy/domains/continuous/test/auto/hierarchicalModalModel4.xml
----------------- Instantiating /home/travis/build/icyphy/ptII/ptolemy/domains/continuous/test/auto/hierarchicalModalModel4.xml
5 ms. Memory: 324608K Free: 196576K (61%)
----------------- Invoking toplevel() on ptolemy.moml.MoMLSimpleApplication@1da1347e
----------------- Done invoking toplevel() on ptolemy.moml.MoMLSimpleApplication@1da1347e
reloadAllAccessors: .hierarchicalModalModel4

===========================================================================================
----------------- testing Thu Oct 15 15:47:55 UTC 2020 /home/travis/build/icyphy/ptII/ptolemy/domains/continuous/test/auto/junk.xml
----------------- Instantiating /home/travis/build/icyphy/ptII/ptolemy/domains/continuous/test/auto/junk.xml
119 ms. Memory: 324608K Free: 170462K (53%)
----------------- Invoking toplevel() on ptolemy.moml.MoMLSimpleApplication@766d9913
----------------- Done invoking toplevel() on ptolemy.moml.MoMLSimpleApplication@766d9913
reloadAllAccessors: .junk
AutoTests.java: About to close Vertx.
AutoTests.java: Vertx closed.
]]></system-out>
  <system-err><![CDATA[Warning: '.IncreasingRatePoisson.NonStrictTest' The test produced only 377 tokens, yet the correctValues parameter was expecting 402 tokens.
Warning: '.Poisson.NonStrictTest' The test produced only 386 tokens, yet the correctValues parameter was expecting 430 tokens.
]]></system-err>
</testsuite>
