<?xml version="1.0" encoding="UTF-8" ?>
<testsuite errors="0" failures="0" hostname="travis-job-3c6cff5c-35af-4e92-b934-55e3d9dcf4da" name="ptolemy.domains.continuous.test.junit.JUnitTclTest" skipped="0" tests="155" time="72.457" timestamp="2018-06-01T21:47:11">
  <properties>
[...]
</properties>
  <testcase classname="ptolemy.util.test.junit.TclTests" name="[0] ThereAreNoTclTests (RunTclFile)" time="0.002" />
  <testcase classname="ptolemy.util.test.junit.AutoKnownFailedTests" name="[0] ThereAreNoKnowFailedTests (RunModel)" time="0.001" />
  <testcase classname="ptolemy.util.test.junit.AutoNameArchTests" name="[0] ThereAreNoAutoArchTests (RunModel)" time="0.001" />
  <testcase classname="ptolemy.util.test.junit.AutoTests" name="[0] /home/travis/build/icyphy/ptII/ptolemy/domains/continuous/test/auto/BouncingBall.xml (RunModel)" time="2.717" />
  <testcase classname="ptolemy.util.test.junit.AutoTests" name="[1] /home/travis/build/icyphy/ptII/ptolemy/domains/continuous/test/auto/BouncingBallWithoutGR.xml (RunModel)" time="0.83" />
  <testcase classname="ptolemy.util.test.junit.AutoTests" name="[2] /home/travis/build/icyphy/ptII/ptolemy/domains/continuous/test/auto/Brownian.xml (RunModel)" time="0.1" />
  <testcase classname="ptolemy.util.test.junit.AutoTests" name="[3] /home/travis/build/icyphy/ptII/ptolemy/domains/continuous/test/auto/CarTracking.xml (RunModel)" time="3.193" />
  <testcase classname="ptolemy.util.test.junit.AutoTests" name="[4] /home/travis/build/icyphy/ptII/ptolemy/domains/continuous/test/auto/CartPendulum.xml (RunModel)" time="0.429" />
  <testcase classname="ptolemy.util.test.junit.AutoTests" name="[5] /home/travis/build/icyphy/ptII/ptolemy/domains/continuous/test/auto/CausalityInterface10.xml (RunModel)" time="0.05" />
  <testcase classname="ptolemy.util.test.junit.AutoTests" name="[6] /home/travis/build/icyphy/ptII/ptolemy/domains/continuous/test/auto/CausalityInterface11.xml (RunModel)" time="0.024" />
  <testcase classname="ptolemy.util.test.junit.AutoTests" name="[7] /home/travis/build/icyphy/ptII/ptolemy/domains/continuous/test/auto/CausalityInterface12.xml (RunModel)" time="0.025" />
  <testcase classname="ptolemy.util.test.junit.AutoTests" name="[8] /home/travis/build/icyphy/ptII/ptolemy/domains/continuous/test/auto/CausalityInterface13.xml (RunModel)" time="0.029" />
  <testcase classname="ptolemy.util.test.junit.AutoTests" name="[9] /home/travis/build/icyphy/ptII/ptolemy/domains/continuous/test/auto/CausalityInterface14.xml (RunModel)" time="0.024" />
  <testcase classname="ptolemy.util.test.junit.AutoTests" name="[10] /home/travis/build/icyphy/ptII/ptolemy/domains/continuous/test/auto/CausalityInterface4.xml (RunModel)" time="0.027" />
  <testcase classname="ptolemy.util.test.junit.AutoTests" name="[11] /home/travis/build/icyphy/ptII/ptolemy/domains/continuous/test/auto/CausalityInterface5.xml (RunModel)" time="0.039" />
  <testcase classname="ptolemy.util.test.junit.AutoTests" name="[12] /home/travis/build/icyphy/ptII/ptolemy/domains/continuous/test/auto/CausalityInterface6.xml (RunModel)" time="0.036" />
  <testcase classname="ptolemy.util.test.junit.AutoTests" name="[13] /home/travis/build/icyphy/ptII/ptolemy/domains/continuous/test/auto/CausalityInterface7.xml (RunModel)" time="0.043" />
  <testcase classname="ptolemy.util.test.junit.AutoTests" name="[14] /home/travis/build/icyphy/ptII/ptolemy/domains/continuous/test/auto/CausalityInterface8.xml (RunModel)" time="0.045" />
  <testcase classname="ptolemy.util.test.junit.AutoTests" name="[15] /home/travis/build/icyphy/ptII/ptolemy/domains/continuous/test/auto/CausalityInterface9.xml (RunModel)" time="0.049" />
  <testcase classname="ptolemy.util.test.junit.AutoTests" name="[16] /home/travis/build/icyphy/ptII/ptolemy/domains/continuous/test/auto/CausalityInterfaceFeedback1.xml (RunModel)" time="0.036" />
  <testcase classname="ptolemy.util.test.junit.AutoTests" name="[17] /home/travis/build/icyphy/ptII/ptolemy/domains/continuous/test/auto/CausalityInterfaceFeedback2.xml (RunModel)" time="0.027" />
  <testcase classname="ptolemy.util.test.junit.AutoTests" name="[18] /home/travis/build/icyphy/ptII/ptolemy/domains/continuous/test/auto/CompareWithCurrentTime.xml (RunModel)" time="0.027" />
  <testcase classname="ptolemy.util.test.junit.AutoTests" name="[19] /home/travis/build/icyphy/ptII/ptolemy/domains/continuous/test/auto/ComparedClocks.xml (RunModel)" time="0.07" />
  <testcase classname="ptolemy.util.test.junit.AutoTests" name="[20] /home/travis/build/icyphy/ptII/ptolemy/domains/continuous/test/auto/ContinuousAOCClone.xml (RunModel)" time="2.699" />
  <testcase classname="ptolemy.util.test.junit.AutoTests" name="[21] /home/travis/build/icyphy/ptII/ptolemy/domains/continuous/test/auto/ContinuousClock.xml (RunModel)" time="0.091" />
  <testcase classname="ptolemy.util.test.junit.AutoTests" name="[22] /home/travis/build/icyphy/ptII/ptolemy/domains/continuous/test/auto/ContinuousInContinuous.xml (RunModel)" time="0.092" />
  <testcase classname="ptolemy.util.test.junit.AutoTests" name="[23] /home/travis/build/icyphy/ptII/ptolemy/domains/continuous/test/auto/ContinuousInContinuousInContinuous.xml (RunModel)" time="0.029" />
  <testcase classname="ptolemy.util.test.junit.AutoTests" name="[24] /home/travis/build/icyphy/ptII/ptolemy/domains/continuous/test/auto/ContinuousInDE.xml (RunModel)" time="0.121" />
  <testcase classname="ptolemy.util.test.junit.AutoTests" name="[25] /home/travis/build/icyphy/ptII/ptolemy/domains/continuous/test/auto/ContinuousInDE2.xml (RunModel)" time="0.064" />
  <testcase classname="ptolemy.util.test.junit.AutoTests" name="[26] /home/travis/build/icyphy/ptII/ptolemy/domains/continuous/test/auto/ContinuousInDE3.xml (RunModel)" time="0.057" />
  <testcase classname="ptolemy.util.test.junit.AutoTests" name="[27] /home/travis/build/icyphy/ptII/ptolemy/domains/continuous/test/auto/ContinuousInDE4.xml (RunModel)" time="0.034" />
  <testcase classname="ptolemy.util.test.junit.AutoTests" name="[28] /home/travis/build/icyphy/ptII/ptolemy/domains/continuous/test/auto/ContinuousInDEDifferentRefinements.xml (RunModel)" time="0.084" />
  <testcase classname="ptolemy.util.test.junit.AutoTests" name="[29] /home/travis/build/icyphy/ptII/ptolemy/domains/continuous/test/auto/ContinuousInDEDifferentRefinementsPreemptive.xml (RunModel)" time="0.09" />
  <testcase classname="ptolemy.util.test.junit.AutoTests" name="[30] /home/travis/build/icyphy/ptII/ptolemy/domains/continuous/test/auto/ContinuousInDEInContinuous2.xml (RunModel)" time="0.052" />
  <testcase classname="ptolemy.util.test.junit.AutoTests" name="[31] /home/travis/build/icyphy/ptII/ptolemy/domains/continuous/test/auto/ContinuousInDEInContinuous3.xml (RunModel)" time="0.064" />
  <testcase classname="ptolemy.util.test.junit.AutoTests" name="[32] /home/travis/build/icyphy/ptII/ptolemy/domains/continuous/test/auto/ContinuousInDEInput.xml (RunModel)" time="0.036" />
  <testcase classname="ptolemy.util.test.junit.AutoTests" name="[33] /home/travis/build/icyphy/ptII/ptolemy/domains/continuous/test/auto/ContinuousInDEInput2.xml (RunModel)" time="0.036" />
  <testcase classname="ptolemy.util.test.junit.AutoTests" name="[34] /home/travis/build/icyphy/ptII/ptolemy/domains/continuous/test/auto/ContinuousInDEInput3.xml (RunModel)" time="0.043" />
  <testcase classname="ptolemy.util.test.junit.AutoTests" name="[35] /home/travis/build/icyphy/ptII/ptolemy/domains/continuous/test/auto/ContinuousInDESharingRefinement.xml (RunModel)" time="0.196" />
  <testcase classname="ptolemy.util.test.junit.AutoTests" name="[36] /home/travis/build/icyphy/ptII/ptolemy/domains/continuous/test/auto/ContinuousInDEwithNoPorts.xml (RunModel)" time="0.015" />
  <testcase classname="ptolemy.util.test.junit.AutoTests" name="[37] /home/travis/build/icyphy/ptII/ptolemy/domains/continuous/test/auto/ContinuousInsideDE.xml (RunModel)" time="0.078" />
  <testcase classname="ptolemy.util.test.junit.AutoTests" name="[38] /home/travis/build/icyphy/ptII/ptolemy/domains/continuous/test/auto/ContinuousMerge1.xml (RunModel)" time="0.017" />
  <testcase classname="ptolemy.util.test.junit.AutoTests" name="[39] /home/travis/build/icyphy/ptII/ptolemy/domains/continuous/test/auto/ContinuousMerge2.xml (RunModel)" time="0.033" />
  <testcase classname="ptolemy.util.test.junit.AutoTests" name="[40] /home/travis/build/icyphy/ptII/ptolemy/domains/continuous/test/auto/ContinuousMerge3.xml (RunModel)" time="0.058" />
  <testcase classname="ptolemy.util.test.junit.AutoTests" name="[41] /home/travis/build/icyphy/ptII/ptolemy/domains/continuous/test/auto/ContinuousWithinContinuous.xml (RunModel)" time="0.075" />
  <testcase classname="ptolemy.util.test.junit.AutoTests" name="[42] /home/travis/build/icyphy/ptII/ptolemy/domains/continuous/test/auto/ContinuousWithinContinuous2.xml (RunModel)" time="0.083" />
  <testcase classname="ptolemy.util.test.junit.AutoTests" name="[43] /home/travis/build/icyphy/ptII/ptolemy/domains/continuous/test/auto/ContinuousWithinContinuous3.xml (RunModel)" time="0.031" />
  <testcase classname="ptolemy.util.test.junit.AutoTests" name="[44] /home/travis/build/icyphy/ptII/ptolemy/domains/continuous/test/auto/ContinuousWithinContinuous4.xml (RunModel)" time="0.077" />
  <testcase classname="ptolemy.util.test.junit.AutoTests" name="[45] /home/travis/build/icyphy/ptII/ptolemy/domains/continuous/test/auto/ContinuousWithinContinuous5.xml (RunModel)" time="0.026" />
  <testcase classname="ptolemy.util.test.junit.AutoTests" name="[46] /home/travis/build/icyphy/ptII/ptolemy/domains/continuous/test/auto/ContinuousWithinContinuous6.xml (RunModel)" time="0.026" />
  <testcase classname="ptolemy.util.test.junit.AutoTests" name="[47] /home/travis/build/icyphy/ptII/ptolemy/domains/continuous/test/auto/ContinuousWithinContinuous7.xml (RunModel)" time="0.07" />
  <testcase classname="ptolemy.util.test.junit.AutoTests" name="[48] /home/travis/build/icyphy/ptII/ptolemy/domains/continuous/test/auto/DCMotor.xml (RunModel)" time="14.303" />
  <testcase classname="ptolemy.util.test.junit.AutoTests" name="[49] /home/travis/build/icyphy/ptII/ptolemy/domains/continuous/test/auto/DEInContinuous.xml (RunModel)" time="0.016" />
  <testcase classname="ptolemy.util.test.junit.AutoTests" name="[50] /home/travis/build/icyphy/ptII/ptolemy/domains/continuous/test/auto/DEinContinuous2.xml (RunModel)" time="0.022" />
  <testcase classname="ptolemy.util.test.junit.AutoTests" name="[51] /home/travis/build/icyphy/ptII/ptolemy/domains/continuous/test/auto/Derivative.xml (RunModel)" time="0.18" />
  <testcase classname="ptolemy.util.test.junit.AutoTests" name="[52] /home/travis/build/icyphy/ptII/ptolemy/domains/continuous/test/auto/Derivative1.xml (RunModel)" time="0.041" />
  <testcase classname="ptolemy.util.test.junit.AutoTests" name="[53] /home/travis/build/icyphy/ptII/ptolemy/domains/continuous/test/auto/DiscreteClock.xml (RunModel)" time="0.017" />
  <testcase classname="ptolemy.util.test.junit.AutoTests" name="[54] /home/travis/build/icyphy/ptII/ptolemy/domains/continuous/test/auto/EfficiencyCurve.xml (RunModel)" time="0.071" />
  <testcase classname="ptolemy.util.test.junit.AutoTests" name="[55] /home/travis/build/icyphy/ptII/ptolemy/domains/continuous/test/auto/ExponentialResponse.xml (RunModel)" time="0.12" />
  <testcase classname="ptolemy.util.test.junit.AutoTests" name="[56] /home/travis/build/icyphy/ptII/ptolemy/domains/continuous/test/auto/ExponentialResponseRK45.xml (RunModel)" time="0.035" />
  <testcase classname="ptolemy.util.test.junit.AutoTests" name="[57] /home/travis/build/icyphy/ptII/ptolemy/domains/continuous/test/auto/Friction.xml (RunModel)" time="1.446" />
  <testcase classname="ptolemy.util.test.junit.AutoTests" name="[58] /home/travis/build/icyphy/ptII/ptolemy/domains/continuous/test/auto/FurutaPendulum.xml (RunModel)" time="3.412" />
  <testcase classname="ptolemy.util.test.junit.AutoTests" name="[59] /home/travis/build/icyphy/ptII/ptolemy/domains/continuous/test/auto/HierarchicalExecution.xml (RunModel)" time="1.996" />
  <testcase classname="ptolemy.util.test.junit.AutoTests" name="[60] /home/travis/build/icyphy/ptII/ptolemy/domains/continuous/test/auto/HybridPlant.xml (RunModel)" time="0.569" />
  <testcase classname="ptolemy.util.test.junit.AutoTests" name="[61] /home/travis/build/icyphy/ptII/ptolemy/domains/continuous/test/auto/Hysteresis.xml (RunModel)" time="0.193" />
  <testcase classname="ptolemy.util.test.junit.AutoTests" name="[62] /home/travis/build/icyphy/ptII/ptolemy/domains/continuous/test/auto/HysteresisWithRandomDelay.xml (RunModel)" time="0.215" />
  <testcase classname="ptolemy.util.test.junit.AutoTests" name="[63] /home/travis/build/icyphy/ptII/ptolemy/domains/continuous/test/auto/HysteresisWithRandomLosses.xml (RunModel)" time="2.255" />
  <testcase classname="ptolemy.util.test.junit.AutoTests" name="[64] /home/travis/build/icyphy/ptII/ptolemy/domains/continuous/test/auto/ImmediateTransitions.xml (RunModel)" time="0.052" />
  <testcase classname="ptolemy.util.test.junit.AutoTests" name="[65] /home/travis/build/icyphy/ptII/ptolemy/domains/continuous/test/auto/ImpulseFeedback.xml (RunModel)" time="0.038" />
  <testcase classname="ptolemy.util.test.junit.AutoTests" name="[66] /home/travis/build/icyphy/ptII/ptolemy/domains/continuous/test/auto/ImpulseFeedback2.xml (RunModel)" time="0.02" />
  <testcase classname="ptolemy.util.test.junit.AutoTests" name="[67] /home/travis/build/icyphy/ptII/ptolemy/domains/continuous/test/auto/IncreasingRatePoisson.xml (RunModel)" time="0.663" />
  <testcase classname="ptolemy.util.test.junit.AutoTests" name="[68] /home/travis/build/icyphy/ptII/ptolemy/domains/continuous/test/auto/InitialStateFeedback.xml (RunModel)" time="0.024" />
  <testcase classname="ptolemy.util.test.junit.AutoTests" name="[69] /home/travis/build/icyphy/ptII/ptolemy/domains/continuous/test/auto/Integration.xml (RunModel)" time="0.013" />
  <testcase classname="ptolemy.util.test.junit.AutoTests" name="[70] /home/travis/build/icyphy/ptII/ptolemy/domains/continuous/test/auto/Integration2.xml (RunModel)" time="0.088" />
  <testcase classname="ptolemy.util.test.junit.AutoTests" name="[71] /home/travis/build/icyphy/ptII/ptolemy/domains/continuous/test/auto/Integration3.xml (RunModel)" time="0.017" />
  <testcase classname="ptolemy.util.test.junit.AutoTests" name="[72] /home/travis/build/icyphy/ptII/ptolemy/domains/continuous/test/auto/Integration5.xml (RunModel)" time="0.027" />
  <testcase classname="ptolemy.util.test.junit.AutoTests" name="[73] /home/travis/build/icyphy/ptII/ptolemy/domains/continuous/test/auto/IntegratorImpulse.xml (RunModel)" time="0.012" />
  <testcase classname="ptolemy.util.test.junit.AutoTests" name="[74] /home/travis/build/icyphy/ptII/ptolemy/domains/continuous/test/auto/IntegratorImpulse2.xml (RunModel)" time="0.026" />
  <testcase classname="ptolemy.util.test.junit.AutoTests" name="[75] /home/travis/build/icyphy/ptII/ptolemy/domains/continuous/test/auto/LevelCrossing1.xml (RunModel)" time="0.032" />
  <testcase classname="ptolemy.util.test.junit.AutoTests" name="[76] /home/travis/build/icyphy/ptII/ptolemy/domains/continuous/test/auto/LevelCrossing2.xml (RunModel)" time="0.042" />
  <testcase classname="ptolemy.util.test.junit.AutoTests" name="[77] /home/travis/build/icyphy/ptII/ptolemy/domains/continuous/test/auto/LevelCrossing3.xml (RunModel)" time="0.042" />
  <testcase classname="ptolemy.util.test.junit.AutoTests" name="[78] /home/travis/build/icyphy/ptII/ptolemy/domains/continuous/test/auto/LevelCrossing4.xml (RunModel)" time="0.038" />
  <testcase classname="ptolemy.util.test.junit.AutoTests" name="[79] /home/travis/build/icyphy/ptII/ptolemy/domains/continuous/test/auto/LevelCrossing5.xml (RunModel)" time="0.039" />
  <testcase classname="ptolemy.util.test.junit.AutoTests" name="[80] /home/travis/build/icyphy/ptII/ptolemy/domains/continuous/test/auto/LevelCrossing6.xml (RunModel)" time="0.045" />
  <testcase classname="ptolemy.util.test.junit.AutoTests" name="[81] /home/travis/build/icyphy/ptII/ptolemy/domains/continuous/test/auto/LevelCrossingDetector.xml (RunModel)" time="0.09" />
  <testcase classname="ptolemy.util.test.junit.AutoTests" name="[82] /home/travis/build/icyphy/ptII/ptolemy/domains/continuous/test/auto/LevelCrossingDetectorDetectingDirections.xml (RunModel)" time="0.121" />
  <testcase classname="ptolemy.util.test.junit.AutoTests" name="[83] /home/travis/build/icyphy/ptII/ptolemy/domains/continuous/test/auto/LevelCrossingDetectorDetectsGlitches.xml (RunModel)" time="0.066" />
  <testcase classname="ptolemy.util.test.junit.AutoTests" name="[84] /home/travis/build/icyphy/ptII/ptolemy/domains/continuous/test/auto/LevelCrossingNoInitialOuput.xml (RunModel)" time="0.012" />
  <testcase classname="ptolemy.util.test.junit.AutoTests" name="[85] /home/travis/build/icyphy/ptII/ptolemy/domains/continuous/test/auto/LinearStateSpaceExample.xml (RunModel)" time="0.049" />
  <testcase classname="ptolemy.util.test.junit.AutoTests" name="[86] /home/travis/build/icyphy/ptII/ptolemy/domains/continuous/test/auto/Lorenz.xml (RunModel)" time="5.132" />
  <testcase classname="ptolemy.util.test.junit.AutoTests" name="[87] /home/travis/build/icyphy/ptII/ptolemy/domains/continuous/test/auto/LorenzDifferentialSystem.xml (RunModel)" time="0.921" />
  <testcase classname="ptolemy.util.test.junit.AutoTests" name="[88] /home/travis/build/icyphy/ptII/ptolemy/domains/continuous/test/auto/LorenzDifferentialSystemWithInput.xml (RunModel)" time="1.368" />
  <testcase classname="ptolemy.util.test.junit.AutoTests" name="[89] /home/travis/build/icyphy/ptII/ptolemy/domains/continuous/test/auto/LorenzDifferentialSystemWithTime.xml (RunModel)" time="0.764" />
  <testcase classname="ptolemy.util.test.junit.AutoTests" name="[90] /home/travis/build/icyphy/ptII/ptolemy/domains/continuous/test/auto/Microsteps.xml (RunModel)" time="0.041" />
  <testcase classname="ptolemy.util.test.junit.AutoTests" name="[91] /home/travis/build/icyphy/ptII/ptolemy/domains/continuous/test/auto/Modal1.xml (RunModel)" time="0.036" />
  <testcase classname="ptolemy.util.test.junit.AutoTests" name="[92] /home/travis/build/icyphy/ptII/ptolemy/domains/continuous/test/auto/Modal2.xml (RunModel)" time="0.044" />
  <testcase classname="ptolemy.util.test.junit.AutoTests" name="[93] /home/travis/build/icyphy/ptII/ptolemy/domains/continuous/test/auto/ModalTransitionGuardWithReset.xml (RunModel)" time="0.023" />
  <testcase classname="ptolemy.util.test.junit.AutoTests" name="[94] /home/travis/build/icyphy/ptII/ptolemy/domains/continuous/test/auto/ModalTransitionGuardWithResetUsingPreemptiveTransition.xml (RunModel)" time="0.027" />
  <testcase classname="ptolemy.util.test.junit.AutoTests" name="[95] /home/travis/build/icyphy/ptII/ptolemy/domains/continuous/test/auto/ModalTransitionGuardWithResetUsingPreemptiveTransition2.xml (RunModel)" time="0.022" />
  <testcase classname="ptolemy.util.test.junit.AutoTests" name="[96] /home/travis/build/icyphy/ptII/ptolemy/domains/continuous/test/auto/ModalTransitionGuardWithResetUsingPreemptiveTransition3.xml (RunModel)" time="0.022" />
  <testcase classname="ptolemy.util.test.junit.AutoTests" name="[97] /home/travis/build/icyphy/ptII/ptolemy/domains/continuous/test/auto/NewtonsCradle.xml (RunModel)" time="0.757" />
  <testcase classname="ptolemy.util.test.junit.AutoTests" name="[98] /home/travis/build/icyphy/ptII/ptolemy/domains/continuous/test/auto/NewtonsCradleAnimated.xml (RunModel)" time="1.186" />
  <testcase classname="ptolemy.util.test.junit.AutoTests" name="[99] /home/travis/build/icyphy/ptII/ptolemy/domains/continuous/test/auto/NewtonsCradleComplicated.xml (RunModel)" time="0.785" />
  <testcase classname="ptolemy.util.test.junit.AutoTests" name="[100] /home/travis/build/icyphy/ptII/ptolemy/domains/continuous/test/auto/NewtonsCradleNondeterministic.xml (RunModel)" time="0.598" />
  <testcase classname="ptolemy.util.test.junit.AutoTests" name="[101] /home/travis/build/icyphy/ptII/ptolemy/domains/continuous/test/auto/NewtonsCradlePerfectlyInelastic1.xml (RunModel)" time="1.132" />
  <testcase classname="ptolemy.util.test.junit.AutoTests" name="[102] /home/travis/build/icyphy/ptII/ptolemy/domains/continuous/test/auto/Noise.xml (RunModel)" time="0.179" />
  <testcase classname="ptolemy.util.test.junit.AutoTests" name="[103] /home/travis/build/icyphy/ptII/ptolemy/domains/continuous/test/auto/NoiseSpectrum.xml (RunModel)" time="0.752" />
  <testcase classname="ptolemy.util.test.junit.AutoTests" name="[104] /home/travis/build/icyphy/ptII/ptolemy/domains/continuous/test/auto/ParameterizedNewtonsCradleAnimated.xml (RunModel)" time="0.367" />
  <testcase classname="ptolemy.util.test.junit.AutoTests" name="[105] /home/travis/build/icyphy/ptII/ptolemy/domains/continuous/test/auto/ParameterizedNewtonsCradleAnimatedNondeterministic.xml (RunModel)" time="1.08" />
  <testcase classname="ptolemy.util.test.junit.AutoTests" name="[106] /home/travis/build/icyphy/ptII/ptolemy/domains/continuous/test/auto/Pendulum3D.xml (RunModel)" time="0.156" />
  <testcase classname="ptolemy.util.test.junit.AutoTests" name="[107] /home/travis/build/icyphy/ptII/ptolemy/domains/continuous/test/auto/PeriodicSampler.xml (RunModel)" time="0.01" />
  <testcase classname="ptolemy.util.test.junit.AutoTests" name="[108] /home/travis/build/icyphy/ptII/ptolemy/domains/continuous/test/auto/PeriodicSampler1.xml (RunModel)" time="0.045" />
  <testcase classname="ptolemy.util.test.junit.AutoTests" name="[109] /home/travis/build/icyphy/ptII/ptolemy/domains/continuous/test/auto/PeriodicSampler2.xml (RunModel)" time="0.064" />
  <testcase classname="ptolemy.util.test.junit.AutoTests" name="[110] /home/travis/build/icyphy/ptII/ptolemy/domains/continuous/test/auto/Poisson.xml (RunModel)" time="0.46" />
  <testcase classname="ptolemy.util.test.junit.AutoTests" name="[111] /home/travis/build/icyphy/ptII/ptolemy/domains/continuous/test/auto/PoissonClock.xml (RunModel)" time="0.012" />
  <testcase classname="ptolemy.util.test.junit.AutoTests" name="[112] /home/travis/build/icyphy/ptII/ptolemy/domains/continuous/test/auto/PoissonClock2.xml (RunModel)" time="0.014" />
  <testcase classname="ptolemy.util.test.junit.AutoTests" name="[113] /home/travis/build/icyphy/ptII/ptolemy/domains/continuous/test/auto/PortParameterHierarchy.xml (RunModel)" time="0.023" />
  <testcase classname="ptolemy.util.test.junit.AutoTests" name="[114] /home/travis/build/icyphy/ptII/ptolemy/domains/continuous/test/auto/RandomHybridPlant.xml (RunModel)" time="0.605" />
  <testcase classname="ptolemy.util.test.junit.AutoTests" name="[115] /home/travis/build/icyphy/ptII/ptolemy/domains/continuous/test/auto/ResetTransitionWithStartTime1.xml (RunModel)" time="0.026" />
  <testcase classname="ptolemy.util.test.junit.AutoTests" name="[116] /home/travis/build/icyphy/ptII/ptolemy/domains/continuous/test/auto/ResetTransitionWithStartTime2.xml (RunModel)" time="0.038" />
  <testcase classname="ptolemy.util.test.junit.AutoTests" name="[117] /home/travis/build/icyphy/ptII/ptolemy/domains/continuous/test/auto/ResetTransitionWithStartTime3.xml (RunModel)" time="0.031" />
  <testcase classname="ptolemy.util.test.junit.AutoTests" name="[118] /home/travis/build/icyphy/ptII/ptolemy/domains/continuous/test/auto/ResetTransitionWithStartTime4.xml (RunModel)" time="0.022" />
  <testcase classname="ptolemy.util.test.junit.AutoTests" name="[119] /home/travis/build/icyphy/ptII/ptolemy/domains/continuous/test/auto/ResetTransitionWithStartTime5.xml (RunModel)" time="0.029" />
  <testcase classname="ptolemy.util.test.junit.AutoTests" name="[120] /home/travis/build/icyphy/ptII/ptolemy/domains/continuous/test/auto/ResetTransitionWithStartTime6.xml (RunModel)" time="0.024" />
  <testcase classname="ptolemy.util.test.junit.AutoTests" name="[121] /home/travis/build/icyphy/ptII/ptolemy/domains/continuous/test/auto/SRinContinuous.xml (RunModel)" time="0.02" />
  <testcase classname="ptolemy.util.test.junit.AutoTests" name="[122] /home/travis/build/icyphy/ptII/ptolemy/domains/continuous/test/auto/SampledClocks.xml (RunModel)" time="0.024" />
  <testcase classname="ptolemy.util.test.junit.AutoTests" name="[123] /home/travis/build/icyphy/ptII/ptolemy/domains/continuous/test/auto/Satellite.xml (RunModel)" time="0.826" />
  <testcase classname="ptolemy.util.test.junit.AutoTests" name="[124] /home/travis/build/icyphy/ptII/ptolemy/domains/continuous/test/auto/SigmaDelta.xml (RunModel)" time="2.306" />
  <testcase classname="ptolemy.util.test.junit.AutoTests" name="[125] /home/travis/build/icyphy/ptII/ptolemy/domains/continuous/test/auto/SinuBouncingBall.xml (RunModel)" time="0.752" />
  <testcase classname="ptolemy.util.test.junit.AutoTests" name="[126] /home/travis/build/icyphy/ptII/ptolemy/domains/continuous/test/auto/Sinusoid.xml (RunModel)" time="0.013" />
  <testcase classname="ptolemy.util.test.junit.AutoTests" name="[127] /home/travis/build/icyphy/ptII/ptolemy/domains/continuous/test/auto/SinusoidInNoise.xml (RunModel)" time="0.857" />
  <testcase classname="ptolemy.util.test.junit.AutoTests" name="[128] /home/travis/build/icyphy/ptII/ptolemy/domains/continuous/test/auto/SinusoidRK45.xml (RunModel)" time="0.015" />
  <testcase classname="ptolemy.util.test.junit.AutoTests" name="[129] /home/travis/build/icyphy/ptII/ptolemy/domains/continuous/test/auto/SinusoidWithMultipleImpulses.xml (RunModel)" time="0.01" />
  <testcase classname="ptolemy.util.test.junit.AutoTests" name="[130] /home/travis/build/icyphy/ptII/ptolemy/domains/continuous/test/auto/SquareWave.xml (RunModel)" time="0.181" />
  <testcase classname="ptolemy.util.test.junit.AutoTests" name="[131] /home/travis/build/icyphy/ptII/ptolemy/domains/continuous/test/auto/Starmac.xml (RunModel)" time="3.522" />
  <testcase classname="ptolemy.util.test.junit.AutoTests" name="[132] /home/travis/build/icyphy/ptII/ptolemy/domains/continuous/test/auto/StaticUnits.xml (RunModel)" time="2.393" />
  <testcase classname="ptolemy.util.test.junit.AutoTests" name="[133] /home/travis/build/icyphy/ptII/ptolemy/domains/continuous/test/auto/StickyMasses.xml (RunModel)" time="0.171" />
  <testcase classname="ptolemy.util.test.junit.AutoTests" name="[134] /home/travis/build/icyphy/ptII/ptolemy/domains/continuous/test/auto/StopTime.xml (RunModel)" time="0.06" />
  <testcase classname="ptolemy.util.test.junit.AutoTests" name="[135] /home/travis/build/icyphy/ptII/ptolemy/domains/continuous/test/auto/StopTime2.xml (RunModel)" time="0.057" />
  <testcase classname="ptolemy.util.test.junit.AutoTests" name="[136] /home/travis/build/icyphy/ptII/ptolemy/domains/continuous/test/auto/Switch.xml (RunModel)" time="0.07" />
  <testcase classname="ptolemy.util.test.junit.AutoTests" name="[137] /home/travis/build/icyphy/ptII/ptolemy/domains/continuous/test/auto/Thermostat.xml (RunModel)" time="0.198" />
  <testcase classname="ptolemy.util.test.junit.AutoTests" name="[138] /home/travis/build/icyphy/ptII/ptolemy/domains/continuous/test/auto/TimeDelay.xml (RunModel)" time="0.017" />
  <testcase classname="ptolemy.util.test.junit.AutoTests" name="[139] /home/travis/build/icyphy/ptII/ptolemy/domains/continuous/test/auto/TimeDelay2.xml (RunModel)" time="0.02" />
  <testcase classname="ptolemy.util.test.junit.AutoTests" name="[140] /home/travis/build/icyphy/ptII/ptolemy/domains/continuous/test/auto/TimeDelay3.xml (RunModel)" time="0.014" />
  <testcase classname="ptolemy.util.test.junit.AutoTests" name="[141] /home/travis/build/icyphy/ptII/ptolemy/domains/continuous/test/auto/TransferAbsentToInside.xml (RunModel)" time="0.126" />
  <testcase classname="ptolemy.util.test.junit.AutoTests" name="[142] /home/travis/build/icyphy/ptII/ptolemy/domains/continuous/test/auto/Transmission.xml (RunModel)" time="0.748" />
  <testcase classname="ptolemy.util.test.junit.AutoTests" name="[143] /home/travis/build/icyphy/ptII/ptolemy/domains/continuous/test/auto/TriggeredContinuousClock.xml (RunModel)" time="0.073" />
  <testcase classname="ptolemy.util.test.junit.AutoTests" name="[144] /home/travis/build/icyphy/ptII/ptolemy/domains/continuous/test/auto/TwoMachineInfiniteBusControl.xml (RunModel)" time="2.688" />
  <testcase classname="ptolemy.util.test.junit.AutoTests" name="[145] /home/travis/build/icyphy/ptII/ptolemy/domains/continuous/test/auto/V2V.xml (RunModel)" time="0.732" />
  <testcase classname="ptolemy.util.test.junit.AutoTests" name="[146] /home/travis/build/icyphy/ptII/ptolemy/domains/continuous/test/auto/hierarchicalModalModel.xml (RunModel)" time="0.031" />
  <testcase classname="ptolemy.util.test.junit.AutoTests" name="[147] /home/travis/build/icyphy/ptII/ptolemy/domains/continuous/test/auto/hierarchicalModalModel1.xml (RunModel)" time="0.033" />
  <testcase classname="ptolemy.util.test.junit.AutoTests" name="[148] /home/travis/build/icyphy/ptII/ptolemy/domains/continuous/test/auto/hierarchicalModalModel2.xml (RunModel)" time="0.033" />
  <testcase classname="ptolemy.util.test.junit.AutoTests" name="[149] /home/travis/build/icyphy/ptII/ptolemy/domains/continuous/test/auto/hierarchicalModalModel3.xml (RunModel)" time="0.021" />
  <testcase classname="ptolemy.util.test.junit.AutoTests" name="[150] /home/travis/build/icyphy/ptII/ptolemy/domains/continuous/test/auto/hierarchicalModalModel4.xml (RunModel)" time="0.029" />
  <testcase classname="ptolemy.util.test.junit.AutoTests" name="[151] /home/travis/build/icyphy/ptII/ptolemy/domains/continuous/test/auto/junk.xml (RunModel)" time="0.145" />
  <system-out><![CDATA[No tcl tests in /home/travis/build/icyphy/ptII/ptolemy/domains/continuous/test
No auto/knownFailedTests/*.xml tests in /home/travis/build/icyphy/ptII/ptolemy/domains/continuous/test
No auto/linux-amd64/*.xml tests in /home/travis/build/icyphy/ptII/ptolemy/domains/continuous/test
AutoTests.java: About to close Vertx.
AutoTests.java: Vertx closed.

===========================================================================================
----------------- testing Fri Jun 01 21:47:12 UTC 2018 /home/travis/build/icyphy/ptII/ptolemy/domains/continuous/test/auto/BouncingBall.xml
----------------- Instantiating /home/travis/build/icyphy/ptII/ptolemy/domains/continuous/test/auto/BouncingBall.xml
2260 ms. Memory: 331776K Free: 260041K (78%)
----------------- Invoking toplevel() on ptolemy.moml.MoMLSimpleApplication@4454dd3d
----------------- Done invoking toplevel() on ptolemy.moml.MoMLSimpleApplication@4454dd3d
reloadAllAccessors: .BouncingBall

===========================================================================================
----------------- testing Fri Jun 01 21:47:14 UTC 2018 /home/travis/build/icyphy/ptII/ptolemy/domains/continuous/test/auto/BouncingBallWithoutGR.xml
----------------- Instantiating /home/travis/build/icyphy/ptII/ptolemy/domains/continuous/test/auto/BouncingBallWithoutGR.xml
709 ms. Memory: 331776K Free: 321189K (97%)
----------------- Invoking toplevel() on ptolemy.moml.MoMLSimpleApplication@5a9f044
----------------- Done invoking toplevel() on ptolemy.moml.MoMLSimpleApplication@5a9f044
reloadAllAccessors: .BouncingBallWithoutGR

===========================================================================================
----------------- testing Fri Jun 01 21:47:15 UTC 2018 /home/travis/build/icyphy/ptII/ptolemy/domains/continuous/test/auto/Brownian.xml
----------------- Instantiating /home/travis/build/icyphy/ptII/ptolemy/domains/continuous/test/auto/Brownian.xml
27 ms. Memory: 331776K Free: 307306K (93%)
----------------- Invoking toplevel() on ptolemy.moml.MoMLSimpleApplication@630f3f52
----------------- Done invoking toplevel() on ptolemy.moml.MoMLSimpleApplication@630f3f52
reloadAllAccessors: .Brownian

===========================================================================================
----------------- testing Fri Jun 01 21:47:15 UTC 2018 /home/travis/build/icyphy/ptII/ptolemy/domains/continuous/test/auto/CarTracking.xml
----------------- Instantiating /home/travis/build/icyphy/ptII/ptolemy/domains/continuous/test/auto/CarTracking.xml
2827 ms. Memory: 578048K Free: 471461K (82%)
----------------- Invoking toplevel() on ptolemy.moml.MoMLSimpleApplication@1c55d068
----------------- Done invoking toplevel() on ptolemy.moml.MoMLSimpleApplication@1c55d068
reloadAllAccessors: .CarTracking

===========================================================================================
----------------- testing Fri Jun 01 21:47:18 UTC 2018 /home/travis/build/icyphy/ptII/ptolemy/domains/continuous/test/auto/CartPendulum.xml
----------------- Instantiating /home/travis/build/icyphy/ptII/ptolemy/domains/continuous/test/auto/CartPendulum.xml
341 ms. Memory: 578048K Free: 366838K (63%)
----------------- Invoking toplevel() on ptolemy.moml.MoMLSimpleApplication@20d4b955
----------------- Done invoking toplevel() on ptolemy.moml.MoMLSimpleApplication@20d4b955
reloadAllAccessors: .CartPendulum

===========================================================================================
----------------- testing Fri Jun 01 21:47:19 UTC 2018 /home/travis/build/icyphy/ptII/ptolemy/domains/continuous/test/auto/CausalityInterface10.xml
----------------- Instantiating /home/travis/build/icyphy/ptII/ptolemy/domains/continuous/test/auto/CausalityInterface10.xml
7 ms. Memory: 578048K Free: 353729K (61%)
----------------- Invoking toplevel() on ptolemy.moml.MoMLSimpleApplication@415a746e
----------------- Done invoking toplevel() on ptolemy.moml.MoMLSimpleApplication@415a746e
reloadAllAccessors: .CausalityInterface10

===========================================================================================
----------------- testing Fri Jun 01 21:47:19 UTC 2018 /home/travis/build/icyphy/ptII/ptolemy/domains/continuous/test/auto/CausalityInterface11.xml
----------------- Instantiating /home/travis/build/icyphy/ptII/ptolemy/domains/continuous/test/auto/CausalityInterface11.xml
4 ms. Memory: 578048K Free: 343899K (59%)
----------------- Invoking toplevel() on ptolemy.moml.MoMLSimpleApplication@1f44ca1a
----------------- Done invoking toplevel() on ptolemy.moml.MoMLSimpleApplication@1f44ca1a
reloadAllAccessors: .CausalityInterface11

===========================================================================================
----------------- testing Fri Jun 01 21:47:19 UTC 2018 /home/travis/build/icyphy/ptII/ptolemy/domains/continuous/test/auto/CausalityInterface12.xml
----------------- Instantiating /home/travis/build/icyphy/ptII/ptolemy/domains/continuous/test/auto/CausalityInterface12.xml
3 ms. Memory: 578048K Free: 334052K (58%)
----------------- Invoking toplevel() on ptolemy.moml.MoMLSimpleApplication@648542ef
----------------- Done invoking toplevel() on ptolemy.moml.MoMLSimpleApplication@648542ef
reloadAllAccessors: .CausalityInterface12

===========================================================================================
----------------- testing Fri Jun 01 21:47:19 UTC 2018 /home/travis/build/icyphy/ptII/ptolemy/domains/continuous/test/auto/CausalityInterface13.xml
----------------- Instantiating /home/travis/build/icyphy/ptII/ptolemy/domains/continuous/test/auto/CausalityInterface13.xml
4 ms. Memory: 578048K Free: 321097K (56%)
----------------- Invoking toplevel() on ptolemy.moml.MoMLSimpleApplication@145c102f
----------------- Done invoking toplevel() on ptolemy.moml.MoMLSimpleApplication@145c102f
reloadAllAccessors: .CausalityInterface13

===========================================================================================
----------------- testing Fri Jun 01 21:47:19 UTC 2018 /home/travis/build/icyphy/ptII/ptolemy/domains/continuous/test/auto/CausalityInterface14.xml
----------------- Instantiating /home/travis/build/icyphy/ptII/ptolemy/domains/continuous/test/auto/CausalityInterface14.xml
2 ms. Memory: 578048K Free: 311251K (54%)
----------------- Invoking toplevel() on ptolemy.moml.MoMLSimpleApplication@39889065
----------------- Done invoking toplevel() on ptolemy.moml.MoMLSimpleApplication@39889065
reloadAllAccessors: .CausalityInterface14

===========================================================================================
----------------- testing Fri Jun 01 21:47:19 UTC 2018 /home/travis/build/icyphy/ptII/ptolemy/domains/continuous/test/auto/CausalityInterface4.xml
----------------- Instantiating /home/travis/build/icyphy/ptII/ptolemy/domains/continuous/test/auto/CausalityInterface4.xml
3 ms. Memory: 578048K Free: 301412K (52%)
----------------- Invoking toplevel() on ptolemy.moml.MoMLSimpleApplication@722ecb2e
----------------- Done invoking toplevel() on ptolemy.moml.MoMLSimpleApplication@722ecb2e
reloadAllAccessors: .CausalityInterface4

===========================================================================================
----------------- testing Fri Jun 01 21:47:19 UTC 2018 /home/travis/build/icyphy/ptII/ptolemy/domains/continuous/test/auto/CausalityInterface5.xml
----------------- Instantiating /home/travis/build/icyphy/ptII/ptolemy/domains/continuous/test/auto/CausalityInterface5.xml
3 ms. Memory: 578048K Free: 288289K (50%)
----------------- Invoking toplevel() on ptolemy.moml.MoMLSimpleApplication@4089f32e
----------------- Done invoking toplevel() on ptolemy.moml.MoMLSimpleApplication@4089f32e
reloadAllAccessors: .CausalityInterface5

===========================================================================================
----------------- testing Fri Jun 01 21:47:19 UTC 2018 /home/travis/build/icyphy/ptII/ptolemy/domains/continuous/test/auto/CausalityInterface6.xml
----------------- Instantiating /home/travis/build/icyphy/ptII/ptolemy/domains/continuous/test/auto/CausalityInterface6.xml
8 ms. Memory: 578048K Free: 275334K (48%)
----------------- Invoking toplevel() on ptolemy.moml.MoMLSimpleApplication@2a2782bc
----------------- Done invoking toplevel() on ptolemy.moml.MoMLSimpleApplication@2a2782bc
reloadAllAccessors: .CausalityInterface6

===========================================================================================
----------------- testing Fri Jun 01 21:47:19 UTC 2018 /home/travis/build/icyphy/ptII/ptolemy/domains/continuous/test/auto/CausalityInterface7.xml
----------------- Instantiating /home/travis/build/icyphy/ptII/ptolemy/domains/continuous/test/auto/CausalityInterface7.xml
7 ms. Memory: 578048K Free: 262211K (45%)
----------------- Invoking toplevel() on ptolemy.moml.MoMLSimpleApplication@4c0cf65a
----------------- Done invoking toplevel() on ptolemy.moml.MoMLSimpleApplication@4c0cf65a
reloadAllAccessors: .CausalityInterface7

===========================================================================================
----------------- testing Fri Jun 01 21:47:19 UTC 2018 /home/travis/build/icyphy/ptII/ptolemy/domains/continuous/test/auto/CausalityInterface8.xml
----------------- Instantiating /home/travis/build/icyphy/ptII/ptolemy/domains/continuous/test/auto/CausalityInterface8.xml
6 ms. Memory: 578048K Free: 249104K (43%)
----------------- Invoking toplevel() on ptolemy.moml.MoMLSimpleApplication@7aef23f9
----------------- Done invoking toplevel() on ptolemy.moml.MoMLSimpleApplication@7aef23f9
reloadAllAccessors: .CausalityInterface8

===========================================================================================
----------------- testing Fri Jun 01 21:47:19 UTC 2018 /home/travis/build/icyphy/ptII/ptolemy/domains/continuous/test/auto/CausalityInterface9.xml
----------------- Instantiating /home/travis/build/icyphy/ptII/ptolemy/domains/continuous/test/auto/CausalityInterface9.xml
9 ms. Memory: 578048K Free: 232687K (40%)
----------------- Invoking toplevel() on ptolemy.moml.MoMLSimpleApplication@5f231ab4
----------------- Done invoking toplevel() on ptolemy.moml.MoMLSimpleApplication@5f231ab4
reloadAllAccessors: .CausalityInterface9

===========================================================================================
----------------- testing Fri Jun 01 21:47:19 UTC 2018 /home/travis/build/icyphy/ptII/ptolemy/domains/continuous/test/auto/CausalityInterfaceFeedback1.xml
----------------- Instantiating /home/travis/build/icyphy/ptII/ptolemy/domains/continuous/test/auto/CausalityInterfaceFeedback1.xml
3 ms. Memory: 578048K Free: 219732K (38%)
----------------- Invoking toplevel() on ptolemy.moml.MoMLSimpleApplication@18f9e3ac
----------------- Done invoking toplevel() on ptolemy.moml.MoMLSimpleApplication@18f9e3ac
reloadAllAccessors: .CausalityInterfaceFeedback1

===========================================================================================
----------------- testing Fri Jun 01 21:47:19 UTC 2018 /home/travis/build/icyphy/ptII/ptolemy/domains/continuous/test/auto/CausalityInterfaceFeedback2.xml
----------------- Instantiating /home/travis/build/icyphy/ptII/ptolemy/domains/continuous/test/auto/CausalityInterfaceFeedback2.xml
3 ms. Memory: 578048K Free: 209902K (36%)
----------------- Invoking toplevel() on ptolemy.moml.MoMLSimpleApplication@400024cf
----------------- Done invoking toplevel() on ptolemy.moml.MoMLSimpleApplication@400024cf
reloadAllAccessors: .CausalityInterfaceFeedback2

===========================================================================================
----------------- testing Fri Jun 01 21:47:19 UTC 2018 /home/travis/build/icyphy/ptII/ptolemy/domains/continuous/test/auto/CompareWithCurrentTime.xml
----------------- Instantiating /home/travis/build/icyphy/ptII/ptolemy/domains/continuous/test/auto/CompareWithCurrentTime.xml
3 ms. Memory: 578048K Free: 203348K (35%)
----------------- Invoking toplevel() on ptolemy.moml.MoMLSimpleApplication@1055618d
----------------- Done invoking toplevel() on ptolemy.moml.MoMLSimpleApplication@1055618d
reloadAllAccessors: .CompareWithCurrentTime

===========================================================================================
----------------- testing Fri Jun 01 21:47:19 UTC 2018 /home/travis/build/icyphy/ptII/ptolemy/domains/continuous/test/auto/ComparedClocks.xml
----------------- Instantiating /home/travis/build/icyphy/ptII/ptolemy/domains/continuous/test/auto/ComparedClocks.xml
8 ms. Memory: 578048K Free: 183655K (32%)
----------------- Invoking toplevel() on ptolemy.moml.MoMLSimpleApplication@2b43145a
----------------- Done invoking toplevel() on ptolemy.moml.MoMLSimpleApplication@2b43145a
reloadAllAccessors: .ComparedClocks

===========================================================================================
----------------- testing Fri Jun 01 21:47:19 UTC 2018 /home/travis/build/icyphy/ptII/ptolemy/domains/continuous/test/auto/ContinuousAOCClone.xml
----------------- Instantiating /home/travis/build/icyphy/ptII/ptolemy/domains/continuous/test/auto/ContinuousAOCClone.xml
2469 ms. Memory: 872448K Free: 424783K (49%)
----------------- Invoking toplevel() on ptolemy.moml.MoMLSimpleApplication@78740140
----------------- Done invoking toplevel() on ptolemy.moml.MoMLSimpleApplication@78740140
reloadAllAccessors: .ContinuousAOCClone

===========================================================================================
----------------- testing Fri Jun 01 21:47:22 UTC 2018 /home/travis/build/icyphy/ptII/ptolemy/domains/continuous/test/auto/ContinuousClock.xml
----------------- Instantiating /home/travis/build/icyphy/ptII/ptolemy/domains/continuous/test/auto/ContinuousClock.xml
30 ms. Memory: 872448K Free: 391621K (45%)
----------------- Invoking toplevel() on ptolemy.moml.MoMLSimpleApplication@6f1d26f3
----------------- Done invoking toplevel() on ptolemy.moml.MoMLSimpleApplication@6f1d26f3
reloadAllAccessors: .ContinuousClock

===========================================================================================
----------------- testing Fri Jun 01 21:47:22 UTC 2018 /home/travis/build/icyphy/ptII/ptolemy/domains/continuous/test/auto/ContinuousInContinuous.xml
----------------- Instantiating /home/travis/build/icyphy/ptII/ptolemy/domains/continuous/test/auto/ContinuousInContinuous.xml
44 ms. Memory: 872448K Free: 360175K (41%)
----------------- Invoking toplevel() on ptolemy.moml.MoMLSimpleApplication@22cab728
----------------- Done invoking toplevel() on ptolemy.moml.MoMLSimpleApplication@22cab728
reloadAllAccessors: .ContinuousInContinuous

===========================================================================================
----------------- testing Fri Jun 01 21:47:22 UTC 2018 /home/travis/build/icyphy/ptII/ptolemy/domains/continuous/test/auto/ContinuousInContinuousInContinuous.xml
----------------- Instantiating /home/travis/build/icyphy/ptII/ptolemy/domains/continuous/test/auto/ContinuousInContinuousInContinuous.xml
8 ms. Memory: 872448K Free: 344441K (39%)
----------------- Invoking toplevel() on ptolemy.moml.MoMLSimpleApplication@7d3500a8
----------------- Done invoking toplevel() on ptolemy.moml.MoMLSimpleApplication@7d3500a8
reloadAllAccessors: .ContinuousInContinuousInContinuous

===========================================================================================
----------------- testing Fri Jun 01 21:47:22 UTC 2018 /home/travis/build/icyphy/ptII/ptolemy/domains/continuous/test/auto/ContinuousInDE.xml
----------------- Instantiating /home/travis/build/icyphy/ptII/ptolemy/domains/continuous/test/auto/ContinuousInDE.xml
92 ms. Memory: 872448K Free: 328723K (38%)
----------------- Invoking toplevel() on ptolemy.moml.MoMLSimpleApplication@2bc0aff4
----------------- Done invoking toplevel() on ptolemy.moml.MoMLSimpleApplication@2bc0aff4
reloadAllAccessors: .ContinuousInDE

===========================================================================================
----------------- testing Fri Jun 01 21:47:22 UTC 2018 /home/travis/build/icyphy/ptII/ptolemy/domains/continuous/test/auto/ContinuousInDE2.xml
----------------- Instantiating /home/travis/build/icyphy/ptII/ptolemy/domains/continuous/test/auto/ContinuousInDE2.xml
36 ms. Memory: 872448K Free: 309634K (35%)
----------------- Invoking toplevel() on ptolemy.moml.MoMLSimpleApplication@24434d49
----------------- Done invoking toplevel() on ptolemy.moml.MoMLSimpleApplication@24434d49
reloadAllAccessors: .ContinuousInDE2

===========================================================================================
----------------- testing Fri Jun 01 21:47:23 UTC 2018 /home/travis/build/icyphy/ptII/ptolemy/domains/continuous/test/auto/ContinuousInDE3.xml
----------------- Instantiating /home/travis/build/icyphy/ptII/ptolemy/domains/continuous/test/auto/ContinuousInDE3.xml
34 ms. Memory: 872448K Free: 293916K (34%)
----------------- Invoking toplevel() on ptolemy.moml.MoMLSimpleApplication@71c03a90
----------------- Done invoking toplevel() on ptolemy.moml.MoMLSimpleApplication@71c03a90
reloadAllAccessors: .ContinuousInDE3

===========================================================================================
----------------- testing Fri Jun 01 21:47:23 UTC 2018 /home/travis/build/icyphy/ptII/ptolemy/domains/continuous/test/auto/ContinuousInDE4.xml
----------------- Instantiating /home/travis/build/icyphy/ptII/ptolemy/domains/continuous/test/auto/ContinuousInDE4.xml
15 ms. Memory: 872448K Free: 283437K (32%)
----------------- Invoking toplevel() on ptolemy.moml.MoMLSimpleApplication@a974b3b
----------------- Done invoking toplevel() on ptolemy.moml.MoMLSimpleApplication@a974b3b
reloadAllAccessors: .ContinuousInDE4

===========================================================================================
----------------- testing Fri Jun 01 21:47:23 UTC 2018 /home/travis/build/icyphy/ptII/ptolemy/domains/continuous/test/auto/ContinuousInDEDifferentRefinements.xml
----------------- Instantiating /home/travis/build/icyphy/ptII/ptolemy/domains/continuous/test/auto/ContinuousInDEDifferentRefinements.xml
39 ms. Memory: 872448K Free: 246720K (28%)
----------------- Invoking toplevel() on ptolemy.moml.MoMLSimpleApplication@28c6c250
----------------- Done invoking toplevel() on ptolemy.moml.MoMLSimpleApplication@28c6c250
reloadAllAccessors: .ContinuousInDEDifferentRefinements

===========================================================================================
----------------- testing Fri Jun 01 21:47:23 UTC 2018 /home/travis/build/icyphy/ptII/ptolemy/domains/continuous/test/auto/ContinuousInDEDifferentRefinementsPreemptive.xml
----------------- Instantiating /home/travis/build/icyphy/ptII/ptolemy/domains/continuous/test/auto/ContinuousInDEDifferentRefinementsPreemptive.xml
48 ms. Memory: 872448K Free: 206642K (24%)
----------------- Invoking toplevel() on ptolemy.moml.MoMLSimpleApplication@1af7c67a
----------------- Done invoking toplevel() on ptolemy.moml.MoMLSimpleApplication@1af7c67a
reloadAllAccessors: .ContinuousInDEDifferentRefinementsPreemptive

===========================================================================================
----------------- testing Fri Jun 01 21:47:23 UTC 2018 /home/travis/build/icyphy/ptII/ptolemy/domains/continuous/test/auto/ContinuousInDEInContinuous2.xml
----------------- Instantiating /home/travis/build/icyphy/ptII/ptolemy/domains/continuous/test/auto/ContinuousInDEInContinuous2.xml
28 ms. Memory: 872448K Free: 190923K (22%)
----------------- Invoking toplevel() on ptolemy.moml.MoMLSimpleApplication@462cf783
----------------- Done invoking toplevel() on ptolemy.moml.MoMLSimpleApplication@462cf783
reloadAllAccessors: .ContinuousInDEInContinuous2

===========================================================================================
----------------- testing Fri Jun 01 21:47:23 UTC 2018 /home/travis/build/icyphy/ptII/ptolemy/domains/continuous/test/auto/ContinuousInDEInContinuous3.xml
----------------- Instantiating /home/travis/build/icyphy/ptII/ptolemy/domains/continuous/test/auto/ContinuousInDEInContinuous3.xml
40 ms. Memory: 872448K Free: 169965K (19%)
----------------- Invoking toplevel() on ptolemy.moml.MoMLSimpleApplication@1a87c52a
----------------- Done invoking toplevel() on ptolemy.moml.MoMLSimpleApplication@1a87c52a
reloadAllAccessors: .ContinuousInDEInContinuous3

===========================================================================================
----------------- testing Fri Jun 01 21:47:23 UTC 2018 /home/travis/build/icyphy/ptII/ptolemy/domains/continuous/test/auto/ContinuousInDEInput.xml
----------------- Instantiating /home/travis/build/icyphy/ptII/ptolemy/domains/continuous/test/auto/ContinuousInDEInput.xml
15 ms. Memory: 872448K Free: 159486K (18%)
----------------- Invoking toplevel() on ptolemy.moml.MoMLSimpleApplication@4bb89805
----------------- Done invoking toplevel() on ptolemy.moml.MoMLSimpleApplication@4bb89805
reloadAllAccessors: .ContinuousInDEInput

===========================================================================================
----------------- testing Fri Jun 01 21:47:23 UTC 2018 /home/travis/build/icyphy/ptII/ptolemy/domains/continuous/test/auto/ContinuousInDEInput2.xml
----------------- Instantiating /home/travis/build/icyphy/ptII/ptolemy/domains/continuous/test/auto/ContinuousInDEInput2.xml
17 ms. Memory: 872448K Free: 140398K (16%)
----------------- Invoking toplevel() on ptolemy.moml.MoMLSimpleApplication@2503da37
----------------- Done invoking toplevel() on ptolemy.moml.MoMLSimpleApplication@2503da37
reloadAllAccessors: .ContinuousInDEInput2

===========================================================================================
----------------- testing Fri Jun 01 21:47:23 UTC 2018 /home/travis/build/icyphy/ptII/ptolemy/domains/continuous/test/auto/ContinuousInDEInput3.xml
----------------- Instantiating /home/travis/build/icyphy/ptII/ptolemy/domains/continuous/test/auto/ContinuousInDEInput3.xml
11 ms. Memory: 872448K Free: 129919K (15%)
----------------- Invoking toplevel() on ptolemy.moml.MoMLSimpleApplication@77592d60
----------------- Done invoking toplevel() on ptolemy.moml.MoMLSimpleApplication@77592d60
reloadAllAccessors: .ContinuousInDEInput3

===========================================================================================
----------------- testing Fri Jun 01 21:47:23 UTC 2018 /home/travis/build/icyphy/ptII/ptolemy/domains/continuous/test/auto/ContinuousInDESharingRefinement.xml
----------------- Instantiating /home/travis/build/icyphy/ptII/ptolemy/domains/continuous/test/auto/ContinuousInDESharingRefinement.xml
157 ms. Memory: 872960K Free: 817194K (94%)
----------------- Invoking toplevel() on ptolemy.moml.MoMLSimpleApplication@5669ca2b
----------------- Done invoking toplevel() on ptolemy.moml.MoMLSimpleApplication@5669ca2b
reloadAllAccessors: .ContinuousInDESharingRefinement

===========================================================================================
----------------- testing Fri Jun 01 21:47:23 UTC 2018 /home/travis/build/icyphy/ptII/ptolemy/domains/continuous/test/auto/ContinuousInDEwithNoPorts.xml
----------------- Instantiating /home/travis/build/icyphy/ptII/ptolemy/domains/continuous/test/auto/ContinuousInDEwithNoPorts.xml
5 ms. Memory: 872960K Free: 804397K (92%)
----------------- Invoking toplevel() on ptolemy.moml.MoMLSimpleApplication@290317eb
----------------- Done invoking toplevel() on ptolemy.moml.MoMLSimpleApplication@290317eb
reloadAllAccessors: .ContinuousInDEwithNoPorts

===========================================================================================
----------------- testing Fri Jun 01 21:47:23 UTC 2018 /home/travis/build/icyphy/ptII/ptolemy/domains/continuous/test/auto/ContinuousInsideDE.xml
----------------- Instantiating /home/travis/build/icyphy/ptII/ptolemy/domains/continuous/test/auto/ContinuousInsideDE.xml
40 ms. Memory: 872960K Free: 784741K (90%)
----------------- Invoking toplevel() on ptolemy.moml.MoMLSimpleApplication@147e5cd
----------------- Done invoking toplevel() on ptolemy.moml.MoMLSimpleApplication@147e5cd
reloadAllAccessors: .ContinuousInsideDE

===========================================================================================
----------------- testing Fri Jun 01 21:47:23 UTC 2018 /home/travis/build/icyphy/ptII/ptolemy/domains/continuous/test/auto/ContinuousMerge1.xml
----------------- Instantiating /home/travis/build/icyphy/ptII/ptolemy/domains/continuous/test/auto/ContinuousMerge1.xml
3 ms. Memory: 872960K Free: 774616K (89%)
----------------- Invoking toplevel() on ptolemy.moml.MoMLSimpleApplication@7330a753
----------------- Done invoking toplevel() on ptolemy.moml.MoMLSimpleApplication@7330a753
reloadAllAccessors: .ContinuousMerge1

===========================================================================================
----------------- testing Fri Jun 01 21:47:23 UTC 2018 /home/travis/build/icyphy/ptII/ptolemy/domains/continuous/test/auto/ContinuousMerge2.xml
----------------- Instantiating /home/travis/build/icyphy/ptII/ptolemy/domains/continuous/test/auto/ContinuousMerge2.xml
11 ms. Memory: 872960K Free: 758710K (87%)
----------------- Invoking toplevel() on ptolemy.moml.MoMLSimpleApplication@5b899774
----------------- Done invoking toplevel() on ptolemy.moml.MoMLSimpleApplication@5b899774
reloadAllAccessors: .ContinuousMerge2

===========================================================================================
----------------- testing Fri Jun 01 21:47:23 UTC 2018 /home/travis/build/icyphy/ptII/ptolemy/domains/continuous/test/auto/ContinuousMerge3.xml
----------------- Instantiating /home/travis/build/icyphy/ptII/ptolemy/domains/continuous/test/auto/ContinuousMerge3.xml
41 ms. Memory: 872960K Free: 742992K (85%)
----------------- Invoking toplevel() on ptolemy.moml.MoMLSimpleApplication@25bd674d
----------------- Done invoking toplevel() on ptolemy.moml.MoMLSimpleApplication@25bd674d
reloadAllAccessors: .ContinuousMerge3

===========================================================================================
----------------- testing Fri Jun 01 21:47:23 UTC 2018 /home/travis/build/icyphy/ptII/ptolemy/domains/continuous/test/auto/ContinuousWithinContinuous.xml
----------------- Instantiating /home/travis/build/icyphy/ptII/ptolemy/domains/continuous/test/auto/ContinuousWithinContinuous.xml
45 ms. Memory: 872960K Free: 724991K (83%)
----------------- Invoking toplevel() on ptolemy.moml.MoMLSimpleApplication@24d42cc3
----------------- Done invoking toplevel() on ptolemy.moml.MoMLSimpleApplication@24d42cc3
reloadAllAccessors: .ContinuousWithinContinuous

===========================================================================================
----------------- testing Fri Jun 01 21:47:24 UTC 2018 /home/travis/build/icyphy/ptII/ptolemy/domains/continuous/test/auto/ContinuousWithinContinuous2.xml
----------------- Instantiating /home/travis/build/icyphy/ptII/ptolemy/domains/continuous/test/auto/ContinuousWithinContinuous2.xml
62 ms. Memory: 872960K Free: 713203K (82%)
----------------- Invoking toplevel() on ptolemy.moml.MoMLSimpleApplication@46807d58
----------------- Done invoking toplevel() on ptolemy.moml.MoMLSimpleApplication@46807d58
reloadAllAccessors: .ContinuousWithinContinuous2

===========================================================================================
----------------- testing Fri Jun 01 21:47:24 UTC 2018 /home/travis/build/icyphy/ptII/ptolemy/domains/continuous/test/auto/ContinuousWithinContinuous3.xml
----------------- Instantiating /home/travis/build/icyphy/ptII/ptolemy/domains/continuous/test/auto/ContinuousWithinContinuous3.xml
11 ms. Memory: 872960K Free: 701414K (80%)
----------------- Invoking toplevel() on ptolemy.moml.MoMLSimpleApplication@7ec322e3
----------------- Done invoking toplevel() on ptolemy.moml.MoMLSimpleApplication@7ec322e3
reloadAllAccessors: .ContinuousWithinContinuous3

===========================================================================================
----------------- testing Fri Jun 01 21:47:24 UTC 2018 /home/travis/build/icyphy/ptII/ptolemy/domains/continuous/test/auto/ContinuousWithinContinuous4.xml
----------------- Instantiating /home/travis/build/icyphy/ptII/ptolemy/domains/continuous/test/auto/ContinuousWithinContinuous4.xml
66 ms. Memory: 872960K Free: 679500K (78%)
----------------- Invoking toplevel() on ptolemy.moml.MoMLSimpleApplication@4b0f82ba
----------------- Done invoking toplevel() on ptolemy.moml.MoMLSimpleApplication@4b0f82ba
reloadAllAccessors: .ContinuousWithinContinuous4

===========================================================================================
----------------- testing Fri Jun 01 21:47:24 UTC 2018 /home/travis/build/icyphy/ptII/ptolemy/domains/continuous/test/auto/ContinuousWithinContinuous5.xml
----------------- Instantiating /home/travis/build/icyphy/ptII/ptolemy/domains/continuous/test/auto/ContinuousWithinContinuous5.xml
12 ms. Memory: 872960K Free: 667710K (76%)
----------------- Invoking toplevel() on ptolemy.moml.MoMLSimpleApplication@162e6905
----------------- Done invoking toplevel() on ptolemy.moml.MoMLSimpleApplication@162e6905
reloadAllAccessors: .ContinuousWithinContinuous5

===========================================================================================
----------------- testing Fri Jun 01 21:47:24 UTC 2018 /home/travis/build/icyphy/ptII/ptolemy/domains/continuous/test/auto/ContinuousWithinContinuous6.xml
----------------- Instantiating /home/travis/build/icyphy/ptII/ptolemy/domains/continuous/test/auto/ContinuousWithinContinuous6.xml
12 ms. Memory: 872960K Free: 655913K (75%)
----------------- Invoking toplevel() on ptolemy.moml.MoMLSimpleApplication@49c516c9
----------------- Done invoking toplevel() on ptolemy.moml.MoMLSimpleApplication@49c516c9
reloadAllAccessors: .ContinuousWithinContinuous6

===========================================================================================
----------------- testing Fri Jun 01 21:47:24 UTC 2018 /home/travis/build/icyphy/ptII/ptolemy/domains/continuous/test/auto/ContinuousWithinContinuous7.xml
----------------- Instantiating /home/travis/build/icyphy/ptII/ptolemy/domains/continuous/test/auto/ContinuousWithinContinuous7.xml
58 ms. Memory: 872960K Free: 641859K (74%)
----------------- Invoking toplevel() on ptolemy.moml.MoMLSimpleApplication@595b9a0b
----------------- Done invoking toplevel() on ptolemy.moml.MoMLSimpleApplication@595b9a0b
reloadAllAccessors: .ContinuousWithinContinuous7

===========================================================================================
----------------- testing Fri Jun 01 21:47:24 UTC 2018 /home/travis/build/icyphy/ptII/ptolemy/domains/continuous/test/auto/DCMotor.xml
----------------- Instantiating /home/travis/build/icyphy/ptII/ptolemy/domains/continuous/test/auto/DCMotor.xml
14233 ms. Memory: 697344K Free: 661763K (95%)
----------------- Invoking toplevel() on ptolemy.moml.MoMLSimpleApplication@3036cae7
----------------- Done invoking toplevel() on ptolemy.moml.MoMLSimpleApplication@3036cae7
reloadAllAccessors: .DCMotor

===========================================================================================
----------------- testing Fri Jun 01 21:47:38 UTC 2018 /home/travis/build/icyphy/ptII/ptolemy/domains/continuous/test/auto/DEInContinuous.xml
----------------- Instantiating /home/travis/build/icyphy/ptII/ptolemy/domains/continuous/test/auto/DEInContinuous.xml
6 ms. Memory: 697344K Free: 646444K (93%)
----------------- Invoking toplevel() on ptolemy.moml.MoMLSimpleApplication@4605d50d
----------------- Done invoking toplevel() on ptolemy.moml.MoMLSimpleApplication@4605d50d
reloadAllAccessors: .DEInContinuous

===========================================================================================
----------------- testing Fri Jun 01 21:47:38 UTC 2018 /home/travis/build/icyphy/ptII/ptolemy/domains/continuous/test/auto/DEinContinuous2.xml
----------------- Instantiating /home/travis/build/icyphy/ptII/ptolemy/domains/continuous/test/auto/DEinContinuous2.xml
5 ms. Memory: 697344K Free: 626736K (90%)
----------------- Invoking toplevel() on ptolemy.moml.MoMLSimpleApplication@15570b10
----------------- Done invoking toplevel() on ptolemy.moml.MoMLSimpleApplication@15570b10
reloadAllAccessors: .DEinContinuous2

===========================================================================================
----------------- testing Fri Jun 01 21:47:38 UTC 2018 /home/travis/build/icyphy/ptII/ptolemy/domains/continuous/test/auto/Derivative.xml
----------------- Instantiating /home/travis/build/icyphy/ptII/ptolemy/domains/continuous/test/auto/Derivative.xml
136 ms. Memory: 697344K Free: 582313K (84%)
----------------- Invoking toplevel() on ptolemy.moml.MoMLSimpleApplication@386ef7b8
----------------- Done invoking toplevel() on ptolemy.moml.MoMLSimpleApplication@386ef7b8
reloadAllAccessors: .Derivative2

===========================================================================================
----------------- testing Fri Jun 01 21:47:38 UTC 2018 /home/travis/build/icyphy/ptII/ptolemy/domains/continuous/test/auto/Derivative1.xml
----------------- Instantiating /home/travis/build/icyphy/ptII/ptolemy/domains/continuous/test/auto/Derivative1.xml
17 ms. Memory: 697344K Free: 563819K (81%)
----------------- Invoking toplevel() on ptolemy.moml.MoMLSimpleApplication@3b694a76
----------------- Done invoking toplevel() on ptolemy.moml.MoMLSimpleApplication@3b694a76
reloadAllAccessors: .Derivative1

===========================================================================================
----------------- testing Fri Jun 01 21:47:38 UTC 2018 /home/travis/build/icyphy/ptII/ptolemy/domains/continuous/test/auto/DiscreteClock.xml
----------------- Instantiating /home/travis/build/icyphy/ptII/ptolemy/domains/continuous/test/auto/DiscreteClock.xml
8 ms. Memory: 697344K Free: 550286K (79%)
----------------- Invoking toplevel() on ptolemy.moml.MoMLSimpleApplication@501817b1
----------------- Done invoking toplevel() on ptolemy.moml.MoMLSimpleApplication@501817b1
reloadAllAccessors: .DiscreteClock

===========================================================================================
----------------- testing Fri Jun 01 21:47:38 UTC 2018 /home/travis/build/icyphy/ptII/ptolemy/domains/continuous/test/auto/EfficiencyCurve.xml
----------------- Instantiating /home/travis/build/icyphy/ptII/ptolemy/domains/continuous/test/auto/EfficiencyCurve.xml
49 ms. Memory: 697344K Free: 536754K (77%)
----------------- Invoking toplevel() on ptolemy.moml.MoMLSimpleApplication@10918783
----------------- Done invoking toplevel() on ptolemy.moml.MoMLSimpleApplication@10918783
reloadAllAccessors: .EfficiencyCurve

===========================================================================================
----------------- testing Fri Jun 01 21:47:39 UTC 2018 /home/travis/build/icyphy/ptII/ptolemy/domains/continuous/test/auto/ExponentialResponse.xml
----------------- Instantiating /home/travis/build/icyphy/ptII/ptolemy/domains/continuous/test/auto/ExponentialResponse.xml
101 ms. Memory: 697344K Free: 512116K (73%)
----------------- Invoking toplevel() on ptolemy.moml.MoMLSimpleApplication@484ed66f
----------------- Done invoking toplevel() on ptolemy.moml.MoMLSimpleApplication@484ed66f
reloadAllAccessors: .ExponentialResponse

===========================================================================================
----------------- testing Fri Jun 01 21:47:39 UTC 2018 /home/travis/build/icyphy/ptII/ptolemy/domains/continuous/test/auto/ExponentialResponseRK45.xml
----------------- Instantiating /home/travis/build/icyphy/ptII/ptolemy/domains/continuous/test/auto/ExponentialResponseRK45.xml
25 ms. Memory: 697344K Free: 498584K (71%)
----------------- Invoking toplevel() on ptolemy.moml.MoMLSimpleApplication@35b27146
----------------- Done invoking toplevel() on ptolemy.moml.MoMLSimpleApplication@35b27146
reloadAllAccessors: .ExponentialResponseRK45

===========================================================================================
----------------- testing Fri Jun 01 21:47:39 UTC 2018 /home/travis/build/icyphy/ptII/ptolemy/domains/continuous/test/auto/Friction.xml
----------------- Instantiating /home/travis/build/icyphy/ptII/ptolemy/domains/continuous/test/auto/Friction.xml
1355 ms. Memory: 674816K Free: 620861K (92%)
----------------- Invoking toplevel() on ptolemy.moml.MoMLSimpleApplication@1a868cc7
----------------- Done invoking toplevel() on ptolemy.moml.MoMLSimpleApplication@1a868cc7
reloadAllAccessors: .Friction

===========================================================================================
----------------- testing Fri Jun 01 21:47:40 UTC 2018 /home/travis/build/icyphy/ptII/ptolemy/domains/continuous/test/auto/FurutaPendulum.xml
----------------- Instantiating /home/travis/build/icyphy/ptII/ptolemy/domains/continuous/test/auto/FurutaPendulum.xml
3265 ms. Memory: 674816K Free: 111163K (16%)
----------------- Invoking toplevel() on ptolemy.moml.MoMLSimpleApplication@7fd03244
----------------- Done invoking toplevel() on ptolemy.moml.MoMLSimpleApplication@7fd03244
reloadAllAccessors: .FurutaPendulum

===========================================================================================
----------------- testing Fri Jun 01 21:47:44 UTC 2018 /home/travis/build/icyphy/ptII/ptolemy/domains/continuous/test/auto/HierarchicalExecution.xml
----------------- Instantiating /home/travis/build/icyphy/ptII/ptolemy/domains/continuous/test/auto/HierarchicalExecution.xml
1670 ms. Memory: 646144K Free: 363625K (56%)
----------------- Invoking toplevel() on ptolemy.moml.MoMLSimpleApplication@1eda5647
----------------- Done invoking toplevel() on ptolemy.moml.MoMLSimpleApplication@1eda5647
reloadAllAccessors: .HierarchicalExecution

===========================================================================================
----------------- testing Fri Jun 01 21:47:46 UTC 2018 /home/travis/build/icyphy/ptII/ptolemy/domains/continuous/test/auto/HybridPlant.xml
----------------- Instantiating /home/travis/build/icyphy/ptII/ptolemy/domains/continuous/test/auto/HybridPlant.xml
503 ms. Memory: 646144K Free: 86201K (13%)
----------------- Invoking toplevel() on ptolemy.moml.MoMLSimpleApplication@741a262f
----------------- Done invoking toplevel() on ptolemy.moml.MoMLSimpleApplication@741a262f
reloadAllAccessors: .HybridPlant

===========================================================================================
----------------- testing Fri Jun 01 21:47:46 UTC 2018 /home/travis/build/icyphy/ptII/ptolemy/domains/continuous/test/auto/Hysteresis.xml
----------------- Instantiating /home/travis/build/icyphy/ptII/ptolemy/domains/continuous/test/auto/Hysteresis.xml
158 ms. Memory: 617984K Free: 551573K (89%)
----------------- Invoking toplevel() on ptolemy.moml.MoMLSimpleApplication@74605d4a
----------------- Done invoking toplevel() on ptolemy.moml.MoMLSimpleApplication@74605d4a
reloadAllAccessors: .Hysteresis

===========================================================================================
----------------- testing Fri Jun 01 21:47:46 UTC 2018 /home/travis/build/icyphy/ptII/ptolemy/domains/continuous/test/auto/HysteresisWithRandomDelay.xml
----------------- Instantiating /home/travis/build/icyphy/ptII/ptolemy/domains/continuous/test/auto/HysteresisWithRandomDelay.xml
166 ms. Memory: 617984K Free: 470353K (76%)
----------------- Invoking toplevel() on ptolemy.moml.MoMLSimpleApplication@46763fe1
----------------- Done invoking toplevel() on ptolemy.moml.MoMLSimpleApplication@46763fe1
reloadAllAccessors: .HysteresisWithRandomDelay

===========================================================================================
----------------- testing Fri Jun 01 21:47:47 UTC 2018 /home/travis/build/icyphy/ptII/ptolemy/domains/continuous/test/auto/HysteresisWithRandomLosses.xml
----------------- Instantiating /home/travis/build/icyphy/ptII/ptolemy/domains/continuous/test/auto/HysteresisWithRandomLosses.xml
2176 ms. Memory: 591872K Free: 205823K (35%)
----------------- Invoking toplevel() on ptolemy.moml.MoMLSimpleApplication@3a1a852a
----------------- Done invoking toplevel() on ptolemy.moml.MoMLSimpleApplication@3a1a852a
reloadAllAccessors: .HysteresisWithRandomLosses

===========================================================================================
----------------- testing Fri Jun 01 21:47:49 UTC 2018 /home/travis/build/icyphy/ptII/ptolemy/domains/continuous/test/auto/ImmediateTransitions.xml
----------------- Instantiating /home/travis/build/icyphy/ptII/ptolemy/domains/continuous/test/auto/ImmediateTransitions.xml
20 ms. Memory: 591872K Free: 190326K (32%)
----------------- Invoking toplevel() on ptolemy.moml.MoMLSimpleApplication@6ef44ac9
----------------- Done invoking toplevel() on ptolemy.moml.MoMLSimpleApplication@6ef44ac9
reloadAllAccessors: .ImmediateTransitions

===========================================================================================
----------------- testing Fri Jun 01 21:47:49 UTC 2018 /home/travis/build/icyphy/ptII/ptolemy/domains/continuous/test/auto/ImpulseFeedback.xml
----------------- Instantiating /home/travis/build/icyphy/ptII/ptolemy/domains/continuous/test/auto/ImpulseFeedback.xml
13 ms. Memory: 591872K Free: 181838K (31%)
----------------- Invoking toplevel() on ptolemy.moml.MoMLSimpleApplication@43f94388
----------------- Done invoking toplevel() on ptolemy.moml.MoMLSimpleApplication@43f94388
reloadAllAccessors: .ImpulseFeedback

===========================================================================================
----------------- testing Fri Jun 01 21:47:49 UTC 2018 /home/travis/build/icyphy/ptII/ptolemy/domains/continuous/test/auto/ImpulseFeedback2.xml
----------------- Instantiating /home/travis/build/icyphy/ptII/ptolemy/domains/continuous/test/auto/ImpulseFeedback2.xml
6 ms. Memory: 591872K Free: 173358K (29%)
----------------- Invoking toplevel() on ptolemy.moml.MoMLSimpleApplication@6de1d120
----------------- Done invoking toplevel() on ptolemy.moml.MoMLSimpleApplication@6de1d120
reloadAllAccessors: .ImpulseFeedback2

===========================================================================================
----------------- testing Fri Jun 01 21:47:49 UTC 2018 /home/travis/build/icyphy/ptII/ptolemy/domains/continuous/test/auto/IncreasingRatePoisson.xml
----------------- Instantiating /home/travis/build/icyphy/ptII/ptolemy/domains/continuous/test/auto/IncreasingRatePoisson.xml
636 ms. Memory: 565760K Free: 346225K (61%)
----------------- Invoking toplevel() on ptolemy.moml.MoMLSimpleApplication@6a85ec43
----------------- Done invoking toplevel() on ptolemy.moml.MoMLSimpleApplication@6a85ec43
reloadAllAccessors: .IncreasingRatePoisson

===========================================================================================
----------------- testing Fri Jun 01 21:47:50 UTC 2018 /home/travis/build/icyphy/ptII/ptolemy/domains/continuous/test/auto/InitialStateFeedback.xml
----------------- Instantiating /home/travis/build/icyphy/ptII/ptolemy/domains/continuous/test/auto/InitialStateFeedback.xml
3 ms. Memory: 565760K Free: 336737K (60%)
----------------- Invoking toplevel() on ptolemy.moml.MoMLSimpleApplication@5a532b41
----------------- Done invoking toplevel() on ptolemy.moml.MoMLSimpleApplication@5a532b41
reloadAllAccessors: .InitialStateFeedback

===========================================================================================
----------------- testing Fri Jun 01 21:47:50 UTC 2018 /home/travis/build/icyphy/ptII/ptolemy/domains/continuous/test/auto/Integration.xml
----------------- Instantiating /home/travis/build/icyphy/ptII/ptolemy/domains/continuous/test/auto/Integration.xml
2 ms. Memory: 565760K Free: 328672K (58%)
----------------- Invoking toplevel() on ptolemy.moml.MoMLSimpleApplication@53e8508b
----------------- Done invoking toplevel() on ptolemy.moml.MoMLSimpleApplication@53e8508b
reloadAllAccessors: .Integration

===========================================================================================
----------------- testing Fri Jun 01 21:47:50 UTC 2018 /home/travis/build/icyphy/ptII/ptolemy/domains/continuous/test/auto/Integration2.xml
----------------- Instantiating /home/travis/build/icyphy/ptII/ptolemy/domains/continuous/test/auto/Integration2.xml
77 ms. Memory: 565760K Free: 310780K (55%)
----------------- Invoking toplevel() on ptolemy.moml.MoMLSimpleApplication@73aaa1a
----------------- Done invoking toplevel() on ptolemy.moml.MoMLSimpleApplication@73aaa1a
reloadAllAccessors: .Integration2

===========================================================================================
----------------- testing Fri Jun 01 21:47:50 UTC 2018 /home/travis/build/icyphy/ptII/ptolemy/domains/continuous/test/auto/Integration3.xml
----------------- Instantiating /home/travis/build/icyphy/ptII/ptolemy/domains/continuous/test/auto/Integration3.xml
3 ms. Memory: 565760K Free: 302736K (54%)
----------------- Invoking toplevel() on ptolemy.moml.MoMLSimpleApplication@35dc3562
----------------- Done invoking toplevel() on ptolemy.moml.MoMLSimpleApplication@35dc3562
reloadAllAccessors: .Integration3

===========================================================================================
----------------- testing Fri Jun 01 21:47:50 UTC 2018 /home/travis/build/icyphy/ptII/ptolemy/domains/continuous/test/auto/Integration5.xml
----------------- Instantiating /home/travis/build/icyphy/ptII/ptolemy/domains/continuous/test/auto/Integration5.xml
5 ms. Memory: 565760K Free: 294547K (52%)
----------------- Invoking toplevel() on ptolemy.moml.MoMLSimpleApplication@15f74f8d
----------------- Done invoking toplevel() on ptolemy.moml.MoMLSimpleApplication@15f74f8d
reloadAllAccessors: .Integration5

===========================================================================================
----------------- testing Fri Jun 01 21:47:50 UTC 2018 /home/travis/build/icyphy/ptII/ptolemy/domains/continuous/test/auto/IntegratorImpulse.xml
----------------- Instantiating /home/travis/build/icyphy/ptII/ptolemy/domains/continuous/test/auto/IntegratorImpulse.xml
2 ms. Memory: 565760K Free: 286358K (51%)
----------------- Invoking toplevel() on ptolemy.moml.MoMLSimpleApplication@188c35f7
----------------- Done invoking toplevel() on ptolemy.moml.MoMLSimpleApplication@188c35f7
reloadAllAccessors: .IntegratorImpulse

===========================================================================================
----------------- testing Fri Jun 01 21:47:50 UTC 2018 /home/travis/build/icyphy/ptII/ptolemy/domains/continuous/test/auto/IntegratorImpulse2.xml
----------------- Instantiating /home/travis/build/icyphy/ptII/ptolemy/domains/continuous/test/auto/IntegratorImpulse2.xml
7 ms. Memory: 565760K Free: 278307K (49%)
----------------- Invoking toplevel() on ptolemy.moml.MoMLSimpleApplication@5afc0b35
----------------- Done invoking toplevel() on ptolemy.moml.MoMLSimpleApplication@5afc0b35
reloadAllAccessors: .IntegratorImpulse2

===========================================================================================
----------------- testing Fri Jun 01 21:47:50 UTC 2018 /home/travis/build/icyphy/ptII/ptolemy/domains/continuous/test/auto/LevelCrossing1.xml
----------------- Instantiating /home/travis/build/icyphy/ptII/ptolemy/domains/continuous/test/auto/LevelCrossing1.xml
6 ms. Memory: 565760K Free: 270101K (48%)
----------------- Invoking toplevel() on ptolemy.moml.MoMLSimpleApplication@3eb6afab
----------------- Done invoking toplevel() on ptolemy.moml.MoMLSimpleApplication@3eb6afab
reloadAllAccessors: .LevelCrossing1

===========================================================================================
----------------- testing Fri Jun 01 21:47:50 UTC 2018 /home/travis/build/icyphy/ptII/ptolemy/domains/continuous/test/auto/LevelCrossing2.xml
----------------- Instantiating /home/travis/build/icyphy/ptII/ptolemy/domains/continuous/test/auto/LevelCrossing2.xml
10 ms. Memory: 565760K Free: 262049K (46%)
----------------- Invoking toplevel() on ptolemy.moml.MoMLSimpleApplication@7070167f
----------------- Done invoking toplevel() on ptolemy.moml.MoMLSimpleApplication@7070167f
reloadAllAccessors: .LevelCrossing2

===========================================================================================
----------------- testing Fri Jun 01 21:47:50 UTC 2018 /home/travis/build/icyphy/ptII/ptolemy/domains/continuous/test/auto/LevelCrossing3.xml
----------------- Instantiating /home/travis/build/icyphy/ptII/ptolemy/domains/continuous/test/auto/LevelCrossing3.xml
10 ms. Memory: 565760K Free: 253844K (45%)
----------------- Invoking toplevel() on ptolemy.moml.MoMLSimpleApplication@44ca8ac
----------------- Done invoking toplevel() on ptolemy.moml.MoMLSimpleApplication@44ca8ac
reloadAllAccessors: .LevelCrossing3

===========================================================================================
----------------- testing Fri Jun 01 21:47:50 UTC 2018 /home/travis/build/icyphy/ptII/ptolemy/domains/continuous/test/auto/LevelCrossing4.xml
----------------- Instantiating /home/travis/build/icyphy/ptII/ptolemy/domains/continuous/test/auto/LevelCrossing4.xml
10 ms. Memory: 565760K Free: 245801K (43%)
----------------- Invoking toplevel() on ptolemy.moml.MoMLSimpleApplication@1d957a81
----------------- Done invoking toplevel() on ptolemy.moml.MoMLSimpleApplication@1d957a81
reloadAllAccessors: .LevelCrossing4

===========================================================================================
----------------- testing Fri Jun 01 21:47:50 UTC 2018 /home/travis/build/icyphy/ptII/ptolemy/domains/continuous/test/auto/LevelCrossing5.xml
----------------- Instantiating /home/travis/build/icyphy/ptII/ptolemy/domains/continuous/test/auto/LevelCrossing5.xml
10 ms. Memory: 565760K Free: 237596K (42%)
----------------- Invoking toplevel() on ptolemy.moml.MoMLSimpleApplication@65c0b169
----------------- Done invoking toplevel() on ptolemy.moml.MoMLSimpleApplication@65c0b169
reloadAllAccessors: .LevelCrossing5

===========================================================================================
----------------- testing Fri Jun 01 21:47:50 UTC 2018 /home/travis/build/icyphy/ptII/ptolemy/domains/continuous/test/auto/LevelCrossing6.xml
----------------- Instantiating /home/travis/build/icyphy/ptII/ptolemy/domains/continuous/test/auto/LevelCrossing6.xml
[...]
reloadAllAccessors: .ResetTransitionWithStartTime5

===========================================================================================
----------------- testing Fri Jun 01 21:48:07 UTC 2018 /home/travis/build/icyphy/ptII/ptolemy/domains/continuous/test/auto/ResetTransitionWithStartTime6.xml
----------------- Instantiating /home/travis/build/icyphy/ptII/ptolemy/domains/continuous/test/auto/ResetTransitionWithStartTime6.xml
9 ms. Memory: 371712K Free: 109878K (30%)
----------------- Invoking toplevel() on ptolemy.moml.MoMLSimpleApplication@247e1a98
----------------- Done invoking toplevel() on ptolemy.moml.MoMLSimpleApplication@247e1a98
reloadAllAccessors: .ResetTransitionWithStartTime6

===========================================================================================
----------------- testing Fri Jun 01 21:48:07 UTC 2018 /home/travis/build/icyphy/ptII/ptolemy/domains/continuous/test/auto/SRinContinuous.xml
----------------- Instantiating /home/travis/build/icyphy/ptII/ptolemy/domains/continuous/test/auto/SRinContinuous.xml
5 ms. Memory: 371712K Free: 100239K (27%)
----------------- Invoking toplevel() on ptolemy.moml.MoMLSimpleApplication@4c7d378d
----------------- Done invoking toplevel() on ptolemy.moml.MoMLSimpleApplication@4c7d378d
reloadAllAccessors: .SRinContinuous

===========================================================================================
----------------- testing Fri Jun 01 21:48:07 UTC 2018 /home/travis/build/icyphy/ptII/ptolemy/domains/continuous/test/auto/SampledClocks.xml
----------------- Instantiating /home/travis/build/icyphy/ptII/ptolemy/domains/continuous/test/auto/SampledClocks.xml
4 ms. Memory: 371712K Free: 89160K (24%)
----------------- Invoking toplevel() on ptolemy.moml.MoMLSimpleApplication@5e80958a
----------------- Done invoking toplevel() on ptolemy.moml.MoMLSimpleApplication@5e80958a
reloadAllAccessors: .SampledClocks

===========================================================================================
----------------- testing Fri Jun 01 21:48:07 UTC 2018 /home/travis/build/icyphy/ptII/ptolemy/domains/continuous/test/auto/Satellite.xml
----------------- Instantiating /home/travis/build/icyphy/ptII/ptolemy/domains/continuous/test/auto/Satellite.xml
805 ms. Memory: 358912K Free: 184563K (51%)
----------------- Invoking toplevel() on ptolemy.moml.MoMLSimpleApplication@5ac78b7a
----------------- Done invoking toplevel() on ptolemy.moml.MoMLSimpleApplication@5ac78b7a
reloadAllAccessors: .Satellite

===========================================================================================
----------------- testing Fri Jun 01 21:48:08 UTC 2018 /home/travis/build/icyphy/ptII/ptolemy/domains/continuous/test/auto/SigmaDelta.xml
----------------- Instantiating /home/travis/build/icyphy/ptII/ptolemy/domains/continuous/test/auto/SigmaDelta.xml
2164 ms. Memory: 351232K Free: 73963K (21%)
----------------- Invoking toplevel() on ptolemy.moml.MoMLSimpleApplication@12fe5ee4
----------------- Done invoking toplevel() on ptolemy.moml.MoMLSimpleApplication@12fe5ee4
reloadAllAccessors: .SigmaDelta

===========================================================================================
----------------- testing Fri Jun 01 21:48:10 UTC 2018 /home/travis/build/icyphy/ptII/ptolemy/domains/continuous/test/auto/SinuBouncingBall.xml
----------------- Instantiating /home/travis/build/icyphy/ptII/ptolemy/domains/continuous/test/auto/SinuBouncingBall.xml
663 ms. Memory: 335872K Free: 99692K (30%)
----------------- Invoking toplevel() on ptolemy.moml.MoMLSimpleApplication@254e42aa
----------------- Done invoking toplevel() on ptolemy.moml.MoMLSimpleApplication@254e42aa
reloadAllAccessors: .SinuBouncingBall

===========================================================================================
----------------- testing Fri Jun 01 21:48:11 UTC 2018 /home/travis/build/icyphy/ptII/ptolemy/domains/continuous/test/auto/Sinusoid.xml
----------------- Instantiating /home/travis/build/icyphy/ptII/ptolemy/domains/continuous/test/auto/Sinusoid.xml
4 ms. Memory: 335872K Free: 93698K (28%)
----------------- Invoking toplevel() on ptolemy.moml.MoMLSimpleApplication@5175a04e
----------------- Done invoking toplevel() on ptolemy.moml.MoMLSimpleApplication@5175a04e
reloadAllAccessors: .Sinusoid

===========================================================================================
----------------- testing Fri Jun 01 21:48:11 UTC 2018 /home/travis/build/icyphy/ptII/ptolemy/domains/continuous/test/auto/SinusoidInNoise.xml
----------------- Instantiating /home/travis/build/icyphy/ptII/ptolemy/domains/continuous/test/auto/SinusoidInNoise.xml
820 ms. Memory: 324608K Free: 134079K (41%)
----------------- Invoking toplevel() on ptolemy.moml.MoMLSimpleApplication@2b7ec6f3
----------------- Done invoking toplevel() on ptolemy.moml.MoMLSimpleApplication@2b7ec6f3
reloadAllAccessors: .SinusoidInNoise

===========================================================================================
----------------- testing Fri Jun 01 21:48:12 UTC 2018 /home/travis/build/icyphy/ptII/ptolemy/domains/continuous/test/auto/SinusoidRK45.xml
----------------- Instantiating /home/travis/build/icyphy/ptII/ptolemy/domains/continuous/test/auto/SinusoidRK45.xml
2 ms. Memory: 324608K Free: 127384K (39%)
----------------- Invoking toplevel() on ptolemy.moml.MoMLSimpleApplication@68347c8e
----------------- Done invoking toplevel() on ptolemy.moml.MoMLSimpleApplication@68347c8e
reloadAllAccessors: .SinusoidRK45

===========================================================================================
----------------- testing Fri Jun 01 21:48:12 UTC 2018 /home/travis/build/icyphy/ptII/ptolemy/domains/continuous/test/auto/SinusoidWithMultipleImpulses.xml
----------------- Instantiating /home/travis/build/icyphy/ptII/ptolemy/domains/continuous/test/auto/SinusoidWithMultipleImpulses.xml
2 ms. Memory: 324608K Free: 121607K (37%)
----------------- Invoking toplevel() on ptolemy.moml.MoMLSimpleApplication@584bec6b
----------------- Done invoking toplevel() on ptolemy.moml.MoMLSimpleApplication@584bec6b
reloadAllAccessors: .SinusoidWithMultipleImpulses

===========================================================================================
----------------- testing Fri Jun 01 21:48:12 UTC 2018 /home/travis/build/icyphy/ptII/ptolemy/domains/continuous/test/auto/SquareWave.xml
----------------- Instantiating /home/travis/build/icyphy/ptII/ptolemy/domains/continuous/test/auto/SquareWave.xml
160 ms. Memory: 324608K Free: 93251K (29%)
----------------- Invoking toplevel() on ptolemy.moml.MoMLSimpleApplication@718a6731
----------------- Done invoking toplevel() on ptolemy.moml.MoMLSimpleApplication@718a6731
reloadAllAccessors: .SquareWave

===========================================================================================
----------------- testing Fri Jun 01 21:48:12 UTC 2018 /home/travis/build/icyphy/ptII/ptolemy/domains/continuous/test/auto/Starmac.xml
----------------- Instantiating /home/travis/build/icyphy/ptII/ptolemy/domains/continuous/test/auto/Starmac.xml
3065 ms. Memory: 305152K Free: 173136K (57%)
----------------- Invoking toplevel() on ptolemy.moml.MoMLSimpleApplication@2a01611a
----------------- Done invoking toplevel() on ptolemy.moml.MoMLSimpleApplication@2a01611a
reloadAllAccessors: .Starmac

===========================================================================================
----------------- testing Fri Jun 01 21:48:16 UTC 2018 /home/travis/build/icyphy/ptII/ptolemy/domains/continuous/test/auto/StaticUnits.xml
----------------- Instantiating /home/travis/build/icyphy/ptII/ptolemy/domains/continuous/test/auto/StaticUnits.xml
1988 ms. Memory: 284160K Free: 114160K (40%)
----------------- Invoking toplevel() on ptolemy.moml.MoMLSimpleApplication@148ed2ed
----------------- Done invoking toplevel() on ptolemy.moml.MoMLSimpleApplication@148ed2ed
reloadAllAccessors: .StaticUnits

===========================================================================================
----------------- testing Fri Jun 01 21:48:18 UTC 2018 /home/travis/build/icyphy/ptII/ptolemy/domains/continuous/test/auto/StickyMasses.xml
----------------- Instantiating /home/travis/build/icyphy/ptII/ptolemy/domains/continuous/test/auto/StickyMasses.xml
121 ms. Memory: 284160K Free: 54818K (19%)
----------------- Invoking toplevel() on ptolemy.moml.MoMLSimpleApplication@76adb93
----------------- Done invoking toplevel() on ptolemy.moml.MoMLSimpleApplication@76adb93
reloadAllAccessors: .StickyMasses

===========================================================================================
----------------- testing Fri Jun 01 21:48:18 UTC 2018 /home/travis/build/icyphy/ptII/ptolemy/domains/continuous/test/auto/StopTime.xml
----------------- Instantiating /home/travis/build/icyphy/ptII/ptolemy/domains/continuous/test/auto/StopTime.xml
35 ms. Memory: 284160K Free: 25398K (9%)
----------------- Invoking toplevel() on ptolemy.moml.MoMLSimpleApplication@32f041e
----------------- Done invoking toplevel() on ptolemy.moml.MoMLSimpleApplication@32f041e
reloadAllAccessors: .StopTime

===========================================================================================
----------------- testing Fri Jun 01 21:48:18 UTC 2018 /home/travis/build/icyphy/ptII/ptolemy/domains/continuous/test/auto/StopTime2.xml
----------------- Instantiating /home/travis/build/icyphy/ptII/ptolemy/domains/continuous/test/auto/StopTime2.xml
31 ms. Memory: 281600K Free: 199746K (71%)
----------------- Invoking toplevel() on ptolemy.moml.MoMLSimpleApplication@50a78e54
----------------- Done invoking toplevel() on ptolemy.moml.MoMLSimpleApplication@50a78e54
reloadAllAccessors: .StopTime2

===========================================================================================
----------------- testing Fri Jun 01 21:48:18 UTC 2018 /home/travis/build/icyphy/ptII/ptolemy/domains/continuous/test/auto/Switch.xml
----------------- Instantiating /home/travis/build/icyphy/ptII/ptolemy/domains/continuous/test/auto/Switch.xml
45 ms. Memory: 281600K Free: 171501K (61%)
----------------- Invoking toplevel() on ptolemy.moml.MoMLSimpleApplication@7f6355ae
----------------- Done invoking toplevel() on ptolemy.moml.MoMLSimpleApplication@7f6355ae
reloadAllAccessors: .Switch

===========================================================================================
----------------- testing Fri Jun 01 21:48:19 UTC 2018 /home/travis/build/icyphy/ptII/ptolemy/domains/continuous/test/auto/Thermostat.xml
----------------- Instantiating /home/travis/build/icyphy/ptII/ptolemy/domains/continuous/test/auto/Thermostat.xml
172 ms. Memory: 281600K Free: 94575K (34%)
----------------- Invoking toplevel() on ptolemy.moml.MoMLSimpleApplication@4571e9a3
----------------- Done invoking toplevel() on ptolemy.moml.MoMLSimpleApplication@4571e9a3
reloadAllAccessors: .Thermostat

===========================================================================================
----------------- testing Fri Jun 01 21:48:19 UTC 2018 /home/travis/build/icyphy/ptII/ptolemy/domains/continuous/test/auto/TimeDelay.xml
----------------- Instantiating /home/travis/build/icyphy/ptII/ptolemy/domains/continuous/test/auto/TimeDelay.xml
8 ms. Memory: 281600K Free: 87780K (31%)
----------------- Invoking toplevel() on ptolemy.moml.MoMLSimpleApplication@567d263e
----------------- Done invoking toplevel() on ptolemy.moml.MoMLSimpleApplication@567d263e
reloadAllAccessors: .TimeDelay

===========================================================================================
----------------- testing Fri Jun 01 21:48:19 UTC 2018 /home/travis/build/icyphy/ptII/ptolemy/domains/continuous/test/auto/TimeDelay2.xml
----------------- Instantiating /home/travis/build/icyphy/ptII/ptolemy/domains/continuous/test/auto/TimeDelay2.xml
7 ms. Memory: 281600K Free: 79069K (28%)
----------------- Invoking toplevel() on ptolemy.moml.MoMLSimpleApplication@3dada342
----------------- Done invoking toplevel() on ptolemy.moml.MoMLSimpleApplication@3dada342
reloadAllAccessors: .TimeDelay2

===========================================================================================
----------------- testing Fri Jun 01 21:48:19 UTC 2018 /home/travis/build/icyphy/ptII/ptolemy/domains/continuous/test/auto/TimeDelay3.xml
----------------- Instantiating /home/travis/build/icyphy/ptII/ptolemy/domains/continuous/test/auto/TimeDelay3.xml
7 ms. Memory: 281600K Free: 72289K (26%)
----------------- Invoking toplevel() on ptolemy.moml.MoMLSimpleApplication@437348ff
----------------- Done invoking toplevel() on ptolemy.moml.MoMLSimpleApplication@437348ff
reloadAllAccessors: .TimeDelay3

===========================================================================================
----------------- testing Fri Jun 01 21:48:19 UTC 2018 /home/travis/build/icyphy/ptII/ptolemy/domains/continuous/test/auto/TransferAbsentToInside.xml
----------------- Instantiating /home/travis/build/icyphy/ptII/ptolemy/domains/continuous/test/auto/TransferAbsentToInside.xml
34 ms. Memory: 267776K Free: 192754K (72%)
----------------- Invoking toplevel() on ptolemy.moml.MoMLSimpleApplication@f1aa18b
----------------- Done invoking toplevel() on ptolemy.moml.MoMLSimpleApplication@f1aa18b
reloadAllAccessors: .TransferAbsentToInside

===========================================================================================
----------------- testing Fri Jun 01 21:48:19 UTC 2018 /home/travis/build/icyphy/ptII/ptolemy/domains/continuous/test/auto/Transmission.xml
----------------- Instantiating /home/travis/build/icyphy/ptII/ptolemy/domains/continuous/test/auto/Transmission.xml
714 ms. Memory: 314368K Free: 183196K (58%)
----------------- Invoking toplevel() on ptolemy.moml.MoMLSimpleApplication@791ce48a
----------------- Done invoking toplevel() on ptolemy.moml.MoMLSimpleApplication@791ce48a
reloadAllAccessors: .Transmission

===========================================================================================
----------------- testing Fri Jun 01 21:48:20 UTC 2018 /home/travis/build/icyphy/ptII/ptolemy/domains/continuous/test/auto/TriggeredContinuousClock.xml
----------------- Instantiating /home/travis/build/icyphy/ptII/ptolemy/domains/continuous/test/auto/TriggeredContinuousClock.xml
40 ms. Memory: 314368K Free: 149401K (48%)
----------------- Invoking toplevel() on ptolemy.moml.MoMLSimpleApplication@57959b10
----------------- Done invoking toplevel() on ptolemy.moml.MoMLSimpleApplication@57959b10
reloadAllAccessors: .TriggeredContinuousClock

===========================================================================================
----------------- testing Fri Jun 01 21:48:20 UTC 2018 /home/travis/build/icyphy/ptII/ptolemy/domains/continuous/test/auto/TwoMachineInfiniteBusControl.xml
----------------- Instantiating /home/travis/build/icyphy/ptII/ptolemy/domains/continuous/test/auto/TwoMachineInfiniteBusControl.xml
2555 ms. Memory: 346112K Free: 106504K (31%)
----------------- Invoking toplevel() on ptolemy.moml.MoMLSimpleApplication@6d4423b0
----------------- Done invoking toplevel() on ptolemy.moml.MoMLSimpleApplication@6d4423b0
reloadAllAccessors: .TwoMachineInfiniteBusControl

===========================================================================================
----------------- testing Fri Jun 01 21:48:22 UTC 2018 /home/travis/build/icyphy/ptII/ptolemy/domains/continuous/test/auto/V2V.xml
----------------- Instantiating /home/travis/build/icyphy/ptII/ptolemy/domains/continuous/test/auto/V2V.xml
653 ms. Memory: 334848K Free: 163106K (49%)
----------------- Invoking toplevel() on ptolemy.moml.MoMLSimpleApplication@640ebb48
----------------- Done invoking toplevel() on ptolemy.moml.MoMLSimpleApplication@640ebb48
reloadAllAccessors: .V2V

===========================================================================================
----------------- testing Fri Jun 01 21:48:23 UTC 2018 /home/travis/build/icyphy/ptII/ptolemy/domains/continuous/test/auto/hierarchicalModalModel.xml
----------------- Instantiating /home/travis/build/icyphy/ptII/ptolemy/domains/continuous/test/auto/hierarchicalModalModel.xml
7 ms. Memory: 334848K Free: 144425K (43%)
----------------- Invoking toplevel() on ptolemy.moml.MoMLSimpleApplication@52d0d286
----------------- Done invoking toplevel() on ptolemy.moml.MoMLSimpleApplication@52d0d286
reloadAllAccessors: .hierarchicalModalModel

===========================================================================================
----------------- testing Fri Jun 01 21:48:23 UTC 2018 /home/travis/build/icyphy/ptII/ptolemy/domains/continuous/test/auto/hierarchicalModalModel1.xml
----------------- Instantiating /home/travis/build/icyphy/ptII/ptolemy/domains/continuous/test/auto/hierarchicalModalModel1.xml
9 ms. Memory: 334848K Free: 128235K (38%)
----------------- Invoking toplevel() on ptolemy.moml.MoMLSimpleApplication@173dd003
----------------- Done invoking toplevel() on ptolemy.moml.MoMLSimpleApplication@173dd003
reloadAllAccessors: .hierarchicalModalModel1

===========================================================================================
----------------- testing Fri Jun 01 21:48:23 UTC 2018 /home/travis/build/icyphy/ptII/ptolemy/domains/continuous/test/auto/hierarchicalModalModel2.xml
----------------- Instantiating /home/travis/build/icyphy/ptII/ptolemy/domains/continuous/test/auto/hierarchicalModalModel2.xml
9 ms. Memory: 334848K Free: 113271K (34%)
----------------- Invoking toplevel() on ptolemy.moml.MoMLSimpleApplication@21f052a0
----------------- Done invoking toplevel() on ptolemy.moml.MoMLSimpleApplication@21f052a0
reloadAllAccessors: .hierarchicalModalModel2

===========================================================================================
----------------- testing Fri Jun 01 21:48:23 UTC 2018 /home/travis/build/icyphy/ptII/ptolemy/domains/continuous/test/auto/hierarchicalModalModel3.xml
----------------- Instantiating /home/travis/build/icyphy/ptII/ptolemy/domains/continuous/test/auto/hierarchicalModalModel3.xml
5 ms. Memory: 334848K Free: 100871K (30%)
----------------- Invoking toplevel() on ptolemy.moml.MoMLSimpleApplication@75c91bcd
----------------- Done invoking toplevel() on ptolemy.moml.MoMLSimpleApplication@75c91bcd
reloadAllAccessors: .hierarchicalModalModel3

===========================================================================================
----------------- testing Fri Jun 01 21:48:23 UTC 2018 /home/travis/build/icyphy/ptII/ptolemy/domains/continuous/test/auto/hierarchicalModalModel4.xml
----------------- Instantiating /home/travis/build/icyphy/ptII/ptolemy/domains/continuous/test/auto/hierarchicalModalModel4.xml
5 ms. Memory: 334848K Free: 85957K (26%)
----------------- Invoking toplevel() on ptolemy.moml.MoMLSimpleApplication@490bafee
----------------- Done invoking toplevel() on ptolemy.moml.MoMLSimpleApplication@490bafee
reloadAllAccessors: .hierarchicalModalModel4

===========================================================================================
----------------- testing Fri Jun 01 21:48:23 UTC 2018 /home/travis/build/icyphy/ptII/ptolemy/domains/continuous/test/auto/junk.xml
----------------- Instantiating /home/travis/build/icyphy/ptII/ptolemy/domains/continuous/test/auto/junk.xml
130 ms. Memory: 334848K Free: 54570K (16%)
----------------- Invoking toplevel() on ptolemy.moml.MoMLSimpleApplication@6242289e
----------------- Done invoking toplevel() on ptolemy.moml.MoMLSimpleApplication@6242289e
reloadAllAccessors: .junk
AutoTests.java: About to close Vertx.
AutoTests.java: Vertx closed.
]]></system-out>
  <system-err><![CDATA[Warning: '.IncreasingRatePoisson.NonStrictTest' The test produced only 378 tokens, yet the correctValues parameter was expecting 402 tokens.
Warning: '.Poisson.NonStrictTest' The test produced only 418 tokens, yet the correctValues parameter was expecting 430 tokens.
]]></system-err>
</testsuite>
