<?xml version="1.0" encoding="UTF-8" ?>
<testsuite errors="0" failures="0" hostname="travis-job-5d86e6d9-3198-4990-9151-11c94eff692b" name="ptolemy.domains.de.test.junit.JUnitTclTest" skipped="0" tests="101" time="129.6" timestamp="2018-12-27T03:09:51">
  <properties>
[...]
</properties>
  <testcase classname="ptolemy.util.test.junit.TclTests" name="[0] /home/travis/build/icyphy/ptII/ptolemy/domains/de/test/DependencyLoop.tcl (RunTclFile)" time="0.717" />
  <testcase classname="ptolemy.util.test.junit.TclTests" name="[1] /home/travis/build/icyphy/ptII/ptolemy/domains/de/test/RunDETestsAsQSS.tcl (RunTclFile)" time="88.055" />
  <testcase classname="ptolemy.util.test.junit.AutoKnownFailedTests" name="[0] /home/travis/build/icyphy/ptII/ptolemy/domains/de/test/auto/knownFailedTests/DESDFClockTest.xml (RunModel)" time="2.042" />
  <testcase classname="ptolemy.util.test.junit.AutoKnownFailedTests" name="[1] /home/travis/build/icyphy/ptII/ptolemy/domains/de/test/auto/knownFailedTests/DirectFeedback.xml (RunModel)" time="0.014" />
  <testcase classname="ptolemy.util.test.junit.AutoKnownFailedTests" name="[2] /home/travis/build/icyphy/ptII/ptolemy/domains/de/test/auto/knownFailedTests/FSMSource.xml (RunModel)" time="0.02" />
  <testcase classname="ptolemy.util.test.junit.AutoKnownFailedTests" name="[3] /home/travis/build/icyphy/ptII/ptolemy/domains/de/test/auto/knownFailedTests/HierarchicalModel.xml (RunModel)" time="0.057" />
  <testcase classname="ptolemy.util.test.junit.AutoKnownFailedTests" name="[4] /home/travis/build/icyphy/ptII/ptolemy/domains/de/test/auto/knownFailedTests/dependencyLoop.xml (RunModel)" time="0.045" />
  <testcase classname="ptolemy.util.test.junit.AutoKnownFailedTests" name="[5] /home/travis/build/icyphy/ptII/ptolemy/domains/de/test/auto/knownFailedTests/dependencyLoop2.xml (RunModel)" time="0.042" />
  <testcase classname="ptolemy.util.test.junit.AutoNameArchTests" name="[0] ThereAreNoAutoArchTests (RunModel)" time="0.001" />
  <testcase classname="ptolemy.util.test.junit.AutoTests" name="[0] /home/travis/build/icyphy/ptII/ptolemy/domains/de/test/auto/ActorDepthCalculation_actorWithoutPorts.xml (RunModel)" time="0.015" />
  <testcase classname="ptolemy.util.test.junit.AutoTests" name="[1] /home/travis/build/icyphy/ptII/ptolemy/domains/de/test/auto/AssemblyLine.xml (RunModel)" time="0.026" />
  <testcase classname="ptolemy.util.test.junit.AutoTests" name="[2] /home/travis/build/icyphy/ptII/ptolemy/domains/de/test/auto/CQBug1.xml (RunModel)" time="0.017" />
  <testcase classname="ptolemy.util.test.junit.AutoTests" name="[3] /home/travis/build/icyphy/ptII/ptolemy/domains/de/test/auto/CancelFireAt.xml (RunModel)" time="0.016" />
  <testcase classname="ptolemy.util.test.junit.AutoTests" name="[4] /home/travis/build/icyphy/ptII/ptolemy/domains/de/test/auto/CausalityAndComposabilityAnalysis.xml (RunModel)" time="0.024" />
  <testcase classname="ptolemy.util.test.junit.AutoTests" name="[5] /home/travis/build/icyphy/ptII/ptolemy/domains/de/test/auto/CausalityInterface1.xml (RunModel)" time="0.015" />
  <testcase classname="ptolemy.util.test.junit.AutoTests" name="[6] /home/travis/build/icyphy/ptII/ptolemy/domains/de/test/auto/CausalityInterface15.xml (RunModel)" time="0.013" />
  <testcase classname="ptolemy.util.test.junit.AutoTests" name="[7] /home/travis/build/icyphy/ptII/ptolemy/domains/de/test/auto/CausalityInterface2.xml (RunModel)" time="0.011" />
  <testcase classname="ptolemy.util.test.junit.AutoTests" name="[8] /home/travis/build/icyphy/ptII/ptolemy/domains/de/test/auto/CausalityInterface3.xml (RunModel)" time="0.012" />
  <testcase classname="ptolemy.util.test.junit.AutoTests" name="[9] /home/travis/build/icyphy/ptII/ptolemy/domains/de/test/auto/ClockDrift.xml (RunModel)" time="0.035" />
  <testcase classname="ptolemy.util.test.junit.AutoTests" name="[10] /home/travis/build/icyphy/ptII/ptolemy/domains/de/test/auto/ClockDriftAndValueChange.xml (RunModel)" time="0.032" />
  <testcase classname="ptolemy.util.test.junit.AutoTests" name="[11] /home/travis/build/icyphy/ptII/ptolemy/domains/de/test/auto/ClockDriftChange.xml (RunModel)" time="0.03" />
  <testcase classname="ptolemy.util.test.junit.AutoTests" name="[12] /home/travis/build/icyphy/ptII/ptolemy/domains/de/test/auto/ComposableCausalityAnalysis.xml (RunModel)" time="0.02" />
  <testcase classname="ptolemy.util.test.junit.AutoTests" name="[13] /home/travis/build/icyphy/ptII/ptolemy/domains/de/test/auto/DEFixedPointLimitation.xml (RunModel)" time="0.01" />
  <testcase classname="ptolemy.util.test.junit.AutoTests" name="[14] /home/travis/build/icyphy/ptII/ptolemy/domains/de/test/auto/DEScheduleTest.xml (RunModel)" time="0.034" />
  <testcase classname="ptolemy.util.test.junit.AutoTests" name="[15] /home/travis/build/icyphy/ptII/ptolemy/domains/de/test/auto/DEinDEwithStartTimes.xml (RunModel)" time="0.017" />
  <testcase classname="ptolemy.util.test.junit.AutoTests" name="[16] /home/travis/build/icyphy/ptII/ptolemy/domains/de/test/auto/DEinDEwithStartTimes2.xml (RunModel)" time="0.016" />
  <testcase classname="ptolemy.util.test.junit.AutoTests" name="[17] /home/travis/build/icyphy/ptII/ptolemy/domains/de/test/auto/DateDemo.xml (RunModel)" time="0.034" />
  <testcase classname="ptolemy.util.test.junit.AutoTests" name="[18] /home/travis/build/icyphy/ptII/ptolemy/domains/de/test/auto/DateToEvent.xml (RunModel)" time="2.045" />
  <testcase classname="ptolemy.util.test.junit.AutoTests" name="[19] /home/travis/build/icyphy/ptII/ptolemy/domains/de/test/auto/DepthTest1.xml (RunModel)" time="0.008" />
  <testcase classname="ptolemy.util.test.junit.AutoTests" name="[20] /home/travis/build/icyphy/ptII/ptolemy/domains/de/test/auto/DepthTest2.xml (RunModel)" time="0.018" />
  <testcase classname="ptolemy.util.test.junit.AutoTests" name="[21] /home/travis/build/icyphy/ptII/ptolemy/domains/de/test/auto/DepthTest3.xml (RunModel)" time="0.008" />
  <testcase classname="ptolemy.util.test.junit.AutoTests" name="[22] /home/travis/build/icyphy/ptII/ptolemy/domains/de/test/auto/DepthTest4.xml (RunModel)" time="0.012" />
  <testcase classname="ptolemy.util.test.junit.AutoTests" name="[23] /home/travis/build/icyphy/ptII/ptolemy/domains/de/test/auto/DepthTest5.xml (RunModel)" time="0.014" />
  <testcase classname="ptolemy.util.test.junit.AutoTests" name="[24] /home/travis/build/icyphy/ptII/ptolemy/domains/de/test/auto/DepthTest6.xml (RunModel)" time="0.013" />
  <testcase classname="ptolemy.util.test.junit.AutoTests" name="[25] /home/travis/build/icyphy/ptII/ptolemy/domains/de/test/auto/DepthTest7.xml (RunModel)" time="0.011" />
  <testcase classname="ptolemy.util.test.junit.AutoTests" name="[26] /home/travis/build/icyphy/ptII/ptolemy/domains/de/test/auto/EventToDate.xml (RunModel)" time="3.034" />
  <testcase classname="ptolemy.util.test.junit.AutoTests" name="[27] /home/travis/build/icyphy/ptII/ptolemy/domains/de/test/auto/FSM1.xml (RunModel)" time="0.04" />
  <testcase classname="ptolemy.util.test.junit.AutoTests" name="[28] /home/travis/build/icyphy/ptII/ptolemy/domains/de/test/auto/FSM7.xml (RunModel)" time="0.044" />
  <testcase classname="ptolemy.util.test.junit.AutoTests" name="[29] /home/travis/build/icyphy/ptII/ptolemy/domains/de/test/auto/Inspection.xml (RunModel)" time="0.052" />
  <testcase classname="ptolemy.util.test.junit.AutoTests" name="[30] /home/travis/build/icyphy/ptII/ptolemy/domains/de/test/auto/Iteration.xml (RunModel)" time="0.024" />
  <testcase classname="ptolemy.util.test.junit.AutoTests" name="[31] /home/travis/build/icyphy/ptII/ptolemy/domains/de/test/auto/LineFault.xml (RunModel)" time="0.615" />
  <testcase classname="ptolemy.util.test.junit.AutoTests" name="[32] /home/travis/build/icyphy/ptII/ptolemy/domains/de/test/auto/MergeModel1Add.xml (RunModel)" time="0.048" />
  <testcase classname="ptolemy.util.test.junit.AutoTests" name="[33] /home/travis/build/icyphy/ptII/ptolemy/domains/de/test/auto/MergeModel2Add.xml (RunModel)" time="0.035" />
  <testcase classname="ptolemy.util.test.junit.AutoTests" name="[34] /home/travis/build/icyphy/ptII/ptolemy/domains/de/test/auto/MergeModel3Add.xml (RunModel)" time="0.039" />
  <testcase classname="ptolemy.util.test.junit.AutoTests" name="[35] /home/travis/build/icyphy/ptII/ptolemy/domains/de/test/auto/MergeWithoutDiscard.xml (RunModel)" time="0.009" />
  <testcase classname="ptolemy.util.test.junit.AutoTests" name="[36] /home/travis/build/icyphy/ptII/ptolemy/domains/de/test/auto/Modal1.xml (RunModel)" time="0.031" />
  <testcase classname="ptolemy.util.test.junit.AutoTests" name="[37] /home/travis/build/icyphy/ptII/ptolemy/domains/de/test/auto/Modal2.xml (RunModel)" time="0.031" />
  <testcase classname="ptolemy.util.test.junit.AutoTests" name="[38] /home/travis/build/icyphy/ptII/ptolemy/domains/de/test/auto/Modal3.xml (RunModel)" time="0.035" />
  <testcase classname="ptolemy.util.test.junit.AutoTests" name="[39] /home/travis/build/icyphy/ptII/ptolemy/domains/de/test/auto/Modal4.xml (RunModel)" time="0.028" />
  <testcase classname="ptolemy.util.test.junit.AutoTests" name="[40] /home/travis/build/icyphy/ptII/ptolemy/domains/de/test/auto/Modal5.xml (RunModel)" time="0.027" />
  <testcase classname="ptolemy.util.test.junit.AutoTests" name="[41] /home/travis/build/icyphy/ptII/ptolemy/domains/de/test/auto/Modal6.xml (RunModel)" time="0.031" />
  <testcase classname="ptolemy.util.test.junit.AutoTests" name="[42] /home/travis/build/icyphy/ptII/ptolemy/domains/de/test/auto/Modal7.xml (RunModel)" time="0.026" />
  <testcase classname="ptolemy.util.test.junit.AutoTests" name="[43] /home/travis/build/icyphy/ptII/ptolemy/domains/de/test/auto/ModalModel.xml (RunModel)" time="0.151" />
  <testcase classname="ptolemy.util.test.junit.AutoTests" name="[44] /home/travis/build/icyphy/ptII/ptolemy/domains/de/test/auto/ModalSource.xml (RunModel)" time="0.016" />
  <testcase classname="ptolemy.util.test.junit.AutoTests" name="[45] /home/travis/build/icyphy/ptII/ptolemy/domains/de/test/auto/NonInterruptibleTimerZeroDelay.xml (RunModel)" time="0.009" />
  <testcase classname="ptolemy.util.test.junit.AutoTests" name="[46] /home/travis/build/icyphy/ptII/ptolemy/domains/de/test/auto/OpenQueueingNetwork.xml (RunModel)" time="2.369" />
  <testcase classname="ptolemy.util.test.junit.AutoTests" name="[47] /home/travis/build/icyphy/ptII/ptolemy/domains/de/test/auto/OpenQueuingNetwork.xml (RunModel)" time="0.26" />
  <testcase classname="ptolemy.util.test.junit.AutoTests" name="[48] /home/travis/build/icyphy/ptII/ptolemy/domains/de/test/auto/PeriodicSampler.xml (RunModel)" time="0.007" />
  <testcase classname="ptolemy.util.test.junit.AutoTests" name="[49] /home/travis/build/icyphy/ptII/ptolemy/domains/de/test/auto/PersistentIO.xml (RunModel)" time="0.018" />
  <testcase classname="ptolemy.util.test.junit.AutoTests" name="[50] /home/travis/build/icyphy/ptII/ptolemy/domains/de/test/auto/PortParameterResetOnInitialize.xml (RunModel)" time="0.012" />
  <testcase classname="ptolemy.util.test.junit.AutoTests" name="[51] /home/travis/build/icyphy/ptII/ptolemy/domains/de/test/auto/PortParameterUpdates.xml (RunModel)" time="0.015" />
  <testcase classname="ptolemy.util.test.junit.AutoTests" name="[52] /home/travis/build/icyphy/ptII/ptolemy/domains/de/test/auto/QueueAndServer.xml (RunModel)" time="0.021" />
  <testcase classname="ptolemy.util.test.junit.AutoTests" name="[53] /home/travis/build/icyphy/ptII/ptolemy/domains/de/test/auto/Records.xml (RunModel)" time="0.014" />
  <testcase classname="ptolemy.util.test.junit.AutoTests" name="[54] /home/travis/build/icyphy/ptII/ptolemy/domains/de/test/auto/ResetTransitionWithStartTime1.xml (RunModel)" time="0.017" />
  <testcase classname="ptolemy.util.test.junit.AutoTests" name="[55] /home/travis/build/icyphy/ptII/ptolemy/domains/de/test/auto/ResetTransitionWithStartTime2.xml (RunModel)" time="0.016" />
  <testcase classname="ptolemy.util.test.junit.AutoTests" name="[56] /home/travis/build/icyphy/ptII/ptolemy/domains/de/test/auto/ResetTransitionWithStartTime3.xml (RunModel)" time="0.017" />
  <testcase classname="ptolemy.util.test.junit.AutoTests" name="[57] /home/travis/build/icyphy/ptII/ptolemy/domains/de/test/auto/ResetTransitionWithStartTime4.xml (RunModel)" time="0.019" />
  <testcase classname="ptolemy.util.test.junit.AutoTests" name="[58] /home/travis/build/icyphy/ptII/ptolemy/domains/de/test/auto/ResettableTimer1.xml (RunModel)" time="0.01" />
  <testcase classname="ptolemy.util.test.junit.AutoTests" name="[59] /home/travis/build/icyphy/ptII/ptolemy/domains/de/test/auto/ResettableTimer2.xml (RunModel)" time="0.01" />
  <testcase classname="ptolemy.util.test.junit.AutoTests" name="[60] /home/travis/build/icyphy/ptII/ptolemy/domains/de/test/auto/ResettableTimer3.xml (RunModel)" time="0.008" />
  <testcase classname="ptolemy.util.test.junit.AutoTests" name="[61] /home/travis/build/icyphy/ptII/ptolemy/domains/de/test/auto/ResettableTimer4.xml (RunModel)" time="0.01" />
  <testcase classname="ptolemy.util.test.junit.AutoTests" name="[62] /home/travis/build/icyphy/ptII/ptolemy/domains/de/test/auto/ResettableTimer5.xml (RunModel)" time="0.013" />
  <testcase classname="ptolemy.util.test.junit.AutoTests" name="[63] /home/travis/build/icyphy/ptII/ptolemy/domains/de/test/auto/ResettableTimer6.xml (RunModel)" time="0.017" />
  <testcase classname="ptolemy.util.test.junit.AutoTests" name="[64] /home/travis/build/icyphy/ptII/ptolemy/domains/de/test/auto/ServerZeroDelay.xml (RunModel)" time="0.01" />
  <testcase classname="ptolemy.util.test.junit.AutoTests" name="[65] /home/travis/build/icyphy/ptII/ptolemy/domains/de/test/auto/SmartSender.xml (RunModel)" time="3.011" />
  <testcase classname="ptolemy.util.test.junit.AutoTests" name="[66] /home/travis/build/icyphy/ptII/ptolemy/domains/de/test/auto/ThreadedComposite.xml (RunModel)" time="0.118" />
  <testcase classname="ptolemy.util.test.junit.AutoTests" name="[67] /home/travis/build/icyphy/ptII/ptolemy/domains/de/test/auto/Time.xml (RunModel)" time="0.439" />
  <testcase classname="ptolemy.util.test.junit.AutoTests" name="[68] /home/travis/build/icyphy/ptII/ptolemy/domains/de/test/auto/TimeDelayZeroDelay.xml (RunModel)" time="0.011" />
  <testcase classname="ptolemy.util.test.junit.AutoTests" name="[69] /home/travis/build/icyphy/ptII/ptolemy/domains/de/test/auto/TimerZeroDelay.xml (RunModel)" time="0.009" />
  <testcase classname="ptolemy.util.test.junit.AutoTests" name="[70] /home/travis/build/icyphy/ptII/ptolemy/domains/de/test/auto/TimingParadox.xml (RunModel)" time="0.343" />
  <testcase classname="ptolemy.util.test.junit.AutoTests" name="[71] /home/travis/build/icyphy/ptII/ptolemy/domains/de/test/auto/TransferInputs.xml (RunModel)" time="0.012" />
  <testcase classname="ptolemy.util.test.junit.AutoTests" name="[72] /home/travis/build/icyphy/ptII/ptolemy/domains/de/test/auto/TransferOutputs2.xml (RunModel)" time="0.015" />
  <testcase classname="ptolemy.util.test.junit.AutoTests" name="[73] /home/travis/build/icyphy/ptII/ptolemy/domains/de/test/auto/Trilateration.xml (RunModel)" time="12.335" />
  <testcase classname="ptolemy.util.test.junit.AutoTests" name="[74] /home/travis/build/icyphy/ptII/ptolemy/domains/de/test/auto/TwoSigmaDelta.xml (RunModel)" time="2.121" />
  <testcase classname="ptolemy.util.test.junit.AutoTests" name="[75] /home/travis/build/icyphy/ptII/ptolemy/domains/de/test/auto/VariableDelay.xml (RunModel)" time="0.01" />
  <testcase classname="ptolemy.util.test.junit.AutoTests" name="[76] /home/travis/build/icyphy/ptII/ptolemy/domains/de/test/auto/VariableDelay2.xml (RunModel)" time="0.009" />
  <testcase classname="ptolemy.util.test.junit.AutoTests" name="[77] /home/travis/build/icyphy/ptII/ptolemy/domains/de/test/auto/VariableDelayZeroDelay.xml (RunModel)" time="0.01" />
  <testcase classname="ptolemy.util.test.junit.AutoTests" name="[78] /home/travis/build/icyphy/ptII/ptolemy/domains/de/test/auto/VariableDelayZeroDelay2.xml (RunModel)" time="0.009" />
  <testcase classname="ptolemy.util.test.junit.AutoTests" name="[79] /home/travis/build/icyphy/ptII/ptolemy/domains/de/test/auto/deInCt.xml (RunModel)" time="0.014" />
  <testcase classname="ptolemy.util.test.junit.AutoTests" name="[80] /home/travis/build/icyphy/ptII/ptolemy/domains/de/test/auto/deInCt2.xml (RunModel)" time="0.014" />
  <testcase classname="ptolemy.util.test.junit.AutoTests" name="[81] /home/travis/build/icyphy/ptII/ptolemy/domains/de/test/auto/dynamicCausalityInterface1.xml (RunModel)" time="0.02" />
  <testcase classname="ptolemy.util.test.junit.AutoTests" name="[82] /home/travis/build/icyphy/ptII/ptolemy/domains/de/test/auto/fsm_de_test.xml (RunModel)" time="0.025" />
  <testcase classname="ptolemy.util.test.junit.AutoTests" name="[83] /home/travis/build/icyphy/ptII/ptolemy/domains/de/test/auto/functionDependencyReconstruction.xml (RunModel)" time="0.033" />
  <testcase classname="ptolemy.util.test.junit.AutoTests" name="[84] /home/travis/build/icyphy/ptII/ptolemy/domains/de/test/auto/multirate.xml (RunModel)" time="0.016" />
  <testcase classname="ptolemy.util.test.junit.AutoTests" name="[85] /home/travis/build/icyphy/ptII/ptolemy/domains/de/test/auto/multirate2.xml (RunModel)" time="0.015" />
  <testcase classname="ptolemy.util.test.junit.AutoTests" name="[86] /home/travis/build/icyphy/ptII/ptolemy/domains/de/test/auto/realtime.xml (RunModel)" time="10.01" />
  <testcase classname="ptolemy.util.test.junit.AutoTests" name="[87] /home/travis/build/icyphy/ptII/ptolemy/domains/de/test/auto/relationGroup.xml (RunModel)" time="0.009" />
  <testcase classname="ptolemy.util.test.junit.AutoTests" name="[88] /home/travis/build/icyphy/ptII/ptolemy/domains/de/test/auto/relationGroup2.xml (RunModel)" time="0.007" />
  <testcase classname="ptolemy.util.test.junit.AutoTests" name="[89] /home/travis/build/icyphy/ptII/ptolemy/domains/de/test/auto/sortWithOpaquePorts.xml (RunModel)" time="0.008" />
  <testcase classname="ptolemy.util.test.junit.AutoTests" name="[90] /home/travis/build/icyphy/ptII/ptolemy/domains/de/test/auto/transferInputsandOutputs.xml (RunModel)" time="0.015" />
  <testcase classname="ptolemy.util.test.junit.AutoTests" name="[91] /home/travis/build/icyphy/ptII/ptolemy/domains/de/test/auto/triggerType.xml (RunModel)" time="0.009" />
  <system-out><![CDATA[/home/travis/build/icyphy/ptII/ptolemy/domains/de/test/DependencyLoop.tcl
testDefs.tcl: setting time out to 9000 seconds at Thu Dec 27 03:09:51 UTC 2018
14 ms. Memory: 116224K Free: 93461K (80%)
10 ms. Memory: 146944K Free: 135513K (92%)
/home/travis/build/icyphy/ptII/ptolemy/domains/de/test/RunDETestsAsQSS.tcl
Run the DE tests using ptolemy.domains.qss.test.QSSDirectorTest, which extends QSSDirector and prints a message in the constructors.
------------------ testing $PTII/ptolemy/domains/de/test/auto/knownFailedTests/dependencyLoop.xml (Known Failure) 
10 ms. Memory: 146944K Free: 132401K (90%)


==== $PTIIhome/travis/build/icyphy/ptII/ptolemy/domains/de/test/../../../../: Auto Automatic test in file $PTII/ptolemy/domains/de/test/auto/knownFailedTests/dependencyLoop.xml
==== Contents of test case:

	    # FIXME: we should use $relativeFilename here, but it
	    # might have backslashes under Windows, which causes no end
	    # of trouble.
	    createAndExecute $file
	    list {}
	
.... Test generated KNOWN error:
    while executing
ptolemy.kernel.util.IllegalActionException: Found a zero delay loop containing .dependencyLoop.original
  in .dependencyLoop and .dependencyLoop.original
	at ptolemy.actor.util.CausalityInterfaceForComposites._computeOutputPortDepth(CausalityInterfaceForComposites.java:759)
	at ptolemy.actor.util.CausalityInterfaceForComposites._computeInputDepth(CausalityInterfaceForComposites.java:696)
	at ptolemy.actor.util.CausalityInterfaceForComposites._computeOutputPortDepth(CausalityInterfaceForComposites.java:765)
	at ptolemy.actor.util.CausalityInterfaceForComposites._computeInputDepth(CausalityInterfaceForComposites.java:696)
	at ptolemy.actor.util.CausalityInterfaceForComposites._computeOutputPortDepth(CausalityInterfaceForComposites.java:765)
	at ptolemy.actor.util.CausalityInterfaceForComposites._computeInputDepth(CausalityInterfaceForComposites.java:696)
	at ptolemy.actor.util.CausalityInterfaceForComposites._computeActorDepth(CausalityInterfaceForComposites.java:532)
	at ptolemy.actor.util.CausalityInterfaceForComposites.checkForCycles(CausalityInterfaceForComposites.java:96)
	at ptolemy.domains.de.kernel.DEDirector.preinitialize(DEDirector.java:1338)
	at ptolemy.actor.CompositeActor.preinitialize(CompositeActor.java:1828)
	at ptolemy.actor.Manager.preinitializeAndResolveTypes(Manager.java:1040)
	at ptolemy.actor.Manager.initialize(Manager.java:710)
	at ptolemy.actor.Manager.execute(Manager.java:356)
	at ptolemy.actor.Manager.run(Manager.java:1263)
	at ptolemy.actor.Manager$PtolemyRunThread.run(Manager.java:1915)

    while executing
ptolemy.kernel.util.IllegalActionException: Found a zero delay loop containing .dependencyLoop.original
  in .dependencyLoop and .dependencyLoop.original
    while executing
"java::new ptolemy.moml.MoMLSimpleApplication $file
"
    (procedure "createAndExecute" line 2)
    invoked from within
"createAndExecute $file"
    ("uplevel" body line 5)
    invoked from within
"uplevel $contents_of_test"
------------------ testing $PTII/ptolemy/domains/de/test/auto/knownFailedTests/DESDFClockTest.xml (Known Failure) 
2075 ms. Memory: 146944K Free: 116606K (79%)


==== $PTIIhome/travis/build/icyphy/ptII/ptolemy/domains/de/test/../../../../: Auto Automatic test in file $PTII/ptolemy/domains/de/test/auto/knownFailedTests/DESDFClockTest.xml
==== Contents of test case:

	    # FIXME: we should use $relativeFilename here, but it
	    # might have backslashes under Windows, which causes no end
	    # of trouble.
	    createAndExecute $file
	    list {}
	
.... Test generated KNOWN error:
    while executing
ptolemy.kernel.util.IllegalActionException: Actor is not ready to fire.  Perhaps UpSample.prefire() returned false? Try debugging the actor by selecting "Listen to Actor".  Also, for SDF check moml for tokenConsumptionRate on input.
  in .DESDFClockTest.Play Bell.Copy1:SDF Director and .DESDFClockTest.Play Bell.UpSample
	at ptolemy.actor.sched.StaticSchedulingDirector.fire(StaticSchedulingDirector.java:227)
	at ptolemy.domains.sdf.kernel.SDFDirector.fire(SDFDirector.java:500)
	at ptolemy.actor.CompositeActor.fire(CompositeActor.java:455)
	at ptolemy.domains.de.kernel.DEDirector._fire(DEDirector.java:1949)
	at ptolemy.domains.de.kernel.DEDirector.fire(DEDirector.java:502)
	at ptolemy.actor.CompositeActor.fire(CompositeActor.java:455)
	at ptolemy.actor.Manager.iterate(Manager.java:851)
	at ptolemy.actor.Manager.execute(Manager.java:369)
	at ptolemy.actor.Manager.run(Manager.java:1263)
	at ptolemy.actor.Manager$PtolemyRunThread.run(Manager.java:1915)

    while executing
ptolemy.kernel.util.IllegalActionException: Actor is not ready to fire.  Perhaps UpSample.prefire() returned false? Try debugging the actor by selecting "Listen to Actor".  Also, for SDF check moml for tokenConsumptionRate on input.
  in .DESDFClockTest.Play Bell.Copy1:SDF Director and .DESDFClockTest.Play Bell.UpSample
    while executing
"java::new ptolemy.moml.MoMLSimpleApplication $file
"
    (procedure "createAndExecute" line 2)
    invoked from within
"createAndExecute $file"
    ("uplevel" body line 5)
    invoked from within
"uplevel $contents_of_test"
------------------ testing $PTII/ptolemy/domains/de/test/auto/knownFailedTests/FSMSource.xml (Known Failure) 
22 ms. Memory: 146944K Free: 107133K (73%)
!!!! Auto was marked as failing, but now passes
------------------ testing $PTII/ptolemy/domains/de/test/auto/knownFailedTests/dependencyLoop2.xml (Known Failure) 
6 ms. Memory: 146944K Free: 105274K (72%)


==== $PTIIhome/travis/build/icyphy/ptII/ptolemy/domains/de/test/../../../../: Auto Automatic test in file $PTII/ptolemy/domains/de/test/auto/knownFailedTests/dependencyLoop2.xml
==== Contents of test case:

	    # FIXME: we should use $relativeFilename here, but it
	    # might have backslashes under Windows, which causes no end
	    # of trouble.
	    createAndExecute $file
	    list {}
	
.... Test generated KNOWN error:
    while executing
ptolemy.kernel.util.IllegalActionException: Found a zero delay loop containing .dependencyLoop2.original
  in .dependencyLoop2 and .dependencyLoop2.original
	at ptolemy.actor.util.CausalityInterfaceForComposites._computeOutputPortDepth(CausalityInterfaceForComposites.java:759)
	at ptolemy.actor.util.CausalityInterfaceForComposites._computeInputDepth(CausalityInterfaceForComposites.java:696)
	at ptolemy.actor.util.CausalityInterfaceForComposites._computeOutputPortDepth(CausalityInterfaceForComposites.java:765)
	at ptolemy.actor.util.CausalityInterfaceForComposites._computeInputDepth(CausalityInterfaceForComposites.java:696)
	at ptolemy.actor.util.CausalityInterfaceForComposites._computeOutputPortDepth(CausalityInterfaceForComposites.java:765)
	at ptolemy.actor.util.CausalityInterfaceForComposites._computeInputDepth(CausalityInterfaceForComposites.java:696)
	at ptolemy.actor.util.CausalityInterfaceForComposites._computeActorDepth(CausalityInterfaceForComposites.java:532)
	at ptolemy.actor.util.CausalityInterfaceForComposites.checkForCycles(CausalityInterfaceForComposites.java:96)
	at ptolemy.domains.de.kernel.DEDirector.preinitialize(DEDirector.java:1338)
	at ptolemy.actor.CompositeActor.preinitialize(CompositeActor.java:1828)
	at ptolemy.actor.Manager.preinitializeAndResolveTypes(Manager.java:1040)
	at ptolemy.actor.Manager.initialize(Manager.java:710)
	at ptolemy.actor.Manager.execute(Manager.java:356)
	at ptolemy.actor.Manager.run(Manager.java:1263)
	at ptolemy.actor.Manager$PtolemyRunThread.run(Manager.java:1915)

    while executing
ptolemy.kernel.util.IllegalActionException: Found a zero delay loop containing .dependencyLoop2.original
  in .dependencyLoop2 and .dependencyLoop2.original
    while executing
"java::new ptolemy.moml.MoMLSimpleApplication $file
"
    (procedure "createAndExecute" line 2)
    invoked from within
"createAndExecute $file"
    ("uplevel" body line 5)
    invoked from within
"uplevel $contents_of_test"
------------------ testing $PTII/ptolemy/domains/de/test/auto/knownFailedTests/HierarchicalModel.xml (Known Failure) 
5 ms. Memory: 146944K Free: 83721K (57%)


==== $PTIIhome/travis/build/icyphy/ptII/ptolemy/domains/de/test/../../../../: Auto Automatic test in file $PTII/ptolemy/domains/de/test/auto/knownFailedTests/HierarchicalModel.xml
==== Contents of test case:

	    # FIXME: we should use $relativeFilename here, but it
	    # might have backslashes under Windows, which causes no end
	    # of trouble.
	    createAndExecute $file
	    list {}
	
.... Test generated KNOWN error:
    while executing
ptolemy.kernel.util.IllegalActionException: Found a zero delay loop containing .HierarchicalModel.A
  in .HierarchicalModel and .HierarchicalModel.A
	at ptolemy.actor.util.CausalityInterfaceForComposites._computeOutputPortDepth(CausalityInterfaceForComposites.java:759)
	at ptolemy.actor.util.CausalityInterfaceForComposites._computeInputDepth(CausalityInterfaceForComposites.java:696)
	at ptolemy.actor.util.CausalityInterfaceForComposites._computeOutputPortDepth(CausalityInterfaceForComposites.java:765)
	at ptolemy.actor.util.CausalityInterfaceForComposites._computeInputDepth(CausalityInterfaceForComposites.java:696)
	at ptolemy.actor.util.CausalityInterfaceForComposites._computeOutputPortDepth(CausalityInterfaceForComposites.java:765)
	at ptolemy.actor.util.CausalityInterfaceForComposites._computeInputDepth(CausalityInterfaceForComposites.java:696)
	at ptolemy.actor.util.CausalityInterfaceForComposites._computeActorDepth(CausalityInterfaceForComposites.java:532)
	at ptolemy.actor.util.CausalityInterfaceForComposites.checkForCycles(CausalityInterfaceForComposites.java:96)
	at ptolemy.domains.de.kernel.DEDirector.preinitialize(DEDirector.java:1338)
	at ptolemy.actor.CompositeActor.preinitialize(CompositeActor.java:1828)
	at ptolemy.actor.Manager.preinitializeAndResolveTypes(Manager.java:1040)
	at ptolemy.actor.Manager.initialize(Manager.java:710)
	at ptolemy.actor.Manager.execute(Manager.java:356)
	at ptolemy.actor.Manager.run(Manager.java:1263)
	at ptolemy.actor.Manager$PtolemyRunThread.run(Manager.java:1915)

    while executing
ptolemy.kernel.util.IllegalActionException: Found a zero delay loop containing .HierarchicalModel.A
  in .HierarchicalModel and .HierarchicalModel.A
    while executing
"java::new ptolemy.moml.MoMLSimpleApplication $file
"
    (procedure "createAndExecute" line 2)
    invoked from within
"createAndExecute $file"
    ("uplevel" body line 5)
    invoked from within
"uplevel $contents_of_test"
------------------ testing $PTII/ptolemy/domains/de/test/auto/knownFailedTests/DirectFeedback.xml (Known Failure) 
7 ms. Memory: 146944K Free: 140047K (95%)


==== $PTIIhome/travis/build/icyphy/ptII/ptolemy/domains/de/test/../../../../: Auto Automatic test in file $PTII/ptolemy/domains/de/test/auto/knownFailedTests/DirectFeedback.xml
==== Contents of test case:

	    # FIXME: we should use $relativeFilename here, but it
	    # might have backslashes under Windows, which causes no end
	    # of trouble.
	    createAndExecute $file
	    list {}
	
.... Test generated KNOWN error:
    while executing
ptolemy.kernel.util.IllegalActionException: Test fails in iteration 1.
Value was: 1.0. Should have been: 2.0
  in .DirectFeedback.Test
	at ptolemy.actor.lib.Test.fire(Test.java:268)
	at ptolemy.domains.de.kernel.DEDirector._fire(DEDirector.java:1949)
	at ptolemy.domains.de.kernel.DEDirector.fire(DEDirector.java:502)
	at ptolemy.actor.CompositeActor.fire(CompositeActor.java:455)
	at ptolemy.actor.Manager.iterate(Manager.java:851)
	at ptolemy.actor.Manager.execute(Manager.java:369)
	at ptolemy.actor.Manager.run(Manager.java:1263)
	at ptolemy.actor.Manager$PtolemyRunThread.run(Manager.java:1915)

    while executing
ptolemy.kernel.util.IllegalActionException: Test fails in iteration 1.
Value was: 1.0. Should have been: 2.0
  in .DirectFeedback.Test
    while executing
"java::new ptolemy.moml.MoMLSimpleApplication $file
"
    (procedure "createAndExecute" line 2)
    invoked from within
"createAndExecute $file"
    ("uplevel" body line 5)
    invoked from within
"uplevel $contents_of_test"
------------------ testing $PTII/ptolemy/domains/de/test/auto/ActorDepthCalculation_actorWithoutPorts.xml
auto.tcl: Setting watchdog for 200 seconds at Thu Dec 27 03:09:54 UTC 2018
7 ms. Memory: 146944K Free: 132413K (90%)
ptolemy.util.test.WatchDog.cancel(): canceling Thu Dec 27 03:09:54 UTC 2018
auto.tcl: Setting watchdog for 200 seconds at Thu Dec 27 03:09:54 UTC 2018
3 ms. Memory: 146944K Free: 131379K (89%)
ptolemy.util.test.WatchDog.cancel(): canceling Thu Dec 27 03:09:54 UTC 2018
------------------ testing $PTII/ptolemy/domains/de/test/auto/AssemblyLine.xml
auto.tcl: Setting watchdog for 200 seconds at Thu Dec 27 03:09:55 UTC 2018
11 ms. Memory: 208384K Free: 182851K (88%)
ptolemy.util.test.WatchDog.cancel(): canceling Thu Dec 27 03:09:55 UTC 2018
auto.tcl: Setting watchdog for 200 seconds at Thu Dec 27 03:09:55 UTC 2018
6 ms. Memory: 208384K Free: 182851K (88%)
ptolemy.util.test.WatchDog.cancel(): canceling Thu Dec 27 03:09:55 UTC 2018
------------------ testing $PTII/ptolemy/domains/de/test/auto/CQBug1.xml
auto.tcl: Setting watchdog for 200 seconds at Thu Dec 27 03:09:55 UTC 2018
4 ms. Memory: 208384K Free: 197712K (95%)
ptolemy.util.test.WatchDog.cancel(): canceling Thu Dec 27 03:09:55 UTC 2018
auto.tcl: Setting watchdog for 200 seconds at Thu Dec 27 03:09:55 UTC 2018
2 ms. Memory: 208384K Free: 197712K (95%)
ptolemy.util.test.WatchDog.cancel(): canceling Thu Dec 27 03:09:55 UTC 2018
------------------ testing $PTII/ptolemy/domains/de/test/auto/CancelFireAt.xml
auto.tcl: Setting watchdog for 200 seconds at Thu Dec 27 03:09:55 UTC 2018
4 ms. Memory: 208384K Free: 201426K (97%)
ptolemy.util.test.WatchDog.cancel(): canceling Thu Dec 27 03:09:55 UTC 2018
auto.tcl: Setting watchdog for 200 seconds at Thu Dec 27 03:09:55 UTC 2018
5 ms. Memory: 208384K Free: 198993K (95%)
ptolemy.util.test.WatchDog.cancel(): canceling Thu Dec 27 03:09:55 UTC 2018
------------------ testing $PTII/ptolemy/domains/de/test/auto/CausalityAndComposabilityAnalysis.xml
auto.tcl: Setting watchdog for 200 seconds at Thu Dec 27 03:09:55 UTC 2018
6 ms. Memory: 208384K Free: 196836K (94%)
ptolemy.util.test.WatchDog.cancel(): canceling Thu Dec 27 03:09:55 UTC 2018
auto.tcl: Setting watchdog for 200 seconds at Thu Dec 27 03:09:55 UTC 2018
8 ms. Memory: 208384K Free: 196836K (94%)
ptolemy.util.test.WatchDog.cancel(): canceling Thu Dec 27 03:09:55 UTC 2018
------------------ testing $PTII/ptolemy/domains/de/test/auto/CausalityInterface1.xml
auto.tcl: Setting watchdog for 200 seconds at Thu Dec 27 03:09:55 UTC 2018
19 ms. Memory: 208384K Free: 196437K (94%)
ptolemy.util.test.WatchDog.cancel(): canceling Thu Dec 27 03:09:55 UTC 2018
auto.tcl: Setting watchdog for 200 seconds at Thu Dec 27 03:09:55 UTC 2018
4 ms. Memory: 208384K Free: 196437K (94%)
ptolemy.util.test.WatchDog.cancel(): canceling Thu Dec 27 03:09:55 UTC 2018
------------------ testing $PTII/ptolemy/domains/de/test/auto/CausalityInterface15.xml
auto.tcl: Setting watchdog for 200 seconds at Thu Dec 27 03:09:56 UTC 2018
7 ms. Memory: 208384K Free: 196428K (94%)
ptolemy.util.test.WatchDog.cancel(): canceling Thu Dec 27 03:09:56 UTC 2018
auto.tcl: Setting watchdog for 200 seconds at Thu Dec 27 03:09:56 UTC 2018
3 ms. Memory: 208384K Free: 196428K (94%)
ptolemy.util.test.WatchDog.cancel(): canceling Thu Dec 27 03:09:56 UTC 2018
------------------ testing $PTII/ptolemy/domains/de/test/auto/CausalityInterface2.xml
auto.tcl: Setting watchdog for 200 seconds at Thu Dec 27 03:09:56 UTC 2018
7 ms. Memory: 208384K Free: 196411K (94%)
ptolemy.util.test.WatchDog.cancel(): canceling Thu Dec 27 03:09:56 UTC 2018
auto.tcl: Setting watchdog for 200 seconds at Thu Dec 27 03:09:56 UTC 2018
2 ms. Memory: 208384K Free: 196411K (94%)
ptolemy.util.test.WatchDog.cancel(): canceling Thu Dec 27 03:09:56 UTC 2018
------------------ testing $PTII/ptolemy/domains/de/test/auto/CausalityInterface3.xml
auto.tcl: Setting watchdog for 200 seconds at Thu Dec 27 03:09:56 UTC 2018
7 ms. Memory: 208384K Free: 196424K (94%)
ptolemy.util.test.WatchDog.cancel(): canceling Thu Dec 27 03:09:56 UTC 2018
auto.tcl: Setting watchdog for 200 seconds at Thu Dec 27 03:09:56 UTC 2018
3 ms. Memory: 208384K Free: 196424K (94%)
ptolemy.util.test.WatchDog.cancel(): canceling Thu Dec 27 03:09:56 UTC 2018
------------------ testing $PTII/ptolemy/domains/de/test/auto/ClockDrift.xml
auto.tcl: Setting watchdog for 200 seconds at Thu Dec 27 03:09:56 UTC 2018
68 ms. Memory: 208384K Free: 187675K (90%)
ptolemy.util.test.WatchDog.cancel(): canceling Thu Dec 27 03:09:56 UTC 2018
auto.tcl: Setting watchdog for 200 seconds at Thu Dec 27 03:09:56 UTC 2018
45 ms. Memory: 208384K Free: 185581K (89%)
ptolemy.util.test.WatchDog.cancel(): canceling Thu Dec 27 03:09:56 UTC 2018
------------------ testing $PTII/ptolemy/domains/de/test/auto/ClockDriftAndValueChange.xml
auto.tcl: Setting watchdog for 200 seconds at Thu Dec 27 03:09:56 UTC 2018
60 ms. Memory: 208384K Free: 187512K (90%)
ptolemy.util.test.WatchDog.cancel(): canceling Thu Dec 27 03:09:56 UTC 2018
auto.tcl: Setting watchdog for 200 seconds at Thu Dec 27 03:09:56 UTC 2018
34 ms. Memory: 208384K Free: 185418K (89%)
ptolemy.util.test.WatchDog.cancel(): canceling Thu Dec 27 03:09:56 UTC 2018
------------------ testing $PTII/ptolemy/domains/de/test/auto/ClockDriftChange.xml
auto.tcl: Setting watchdog for 200 seconds at Thu Dec 27 03:09:56 UTC 2018
37 ms. Memory: 208384K Free: 190826K (92%)
ptolemy.util.test.WatchDog.cancel(): canceling Thu Dec 27 03:09:56 UTC 2018
auto.tcl: Setting watchdog for 200 seconds at Thu Dec 27 03:09:56 UTC 2018
29 ms. Memory: 208384K Free: 188732K (91%)
ptolemy.util.test.WatchDog.cancel(): canceling Thu Dec 27 03:09:56 UTC 2018
------------------ testing $PTII/ptolemy/domains/de/test/auto/ComposableCausalityAnalysis.xml
auto.tcl: Setting watchdog for 200 seconds at Thu Dec 27 03:09:56 UTC 2018
2 ms. Memory: 208384K Free: 196619K (94%)
ptolemy.util.test.WatchDog.cancel(): canceling Thu Dec 27 03:09:56 UTC 2018
auto.tcl: Setting watchdog for 200 seconds at Thu Dec 27 03:09:56 UTC 2018
2 ms. Memory: 208384K Free: 194525K (93%)
ptolemy.util.test.WatchDog.cancel(): canceling Thu Dec 27 03:09:56 UTC 2018
------------------ testing $PTII/ptolemy/domains/de/test/auto/DEFixedPointLimitation.xml
auto.tcl: Setting watchdog for 200 seconds at Thu Dec 27 03:09:57 UTC 2018
1 ms. Memory: 208384K Free: 196363K (94%)
ptolemy.util.test.WatchDog.cancel(): canceling Thu Dec 27 03:09:57 UTC 2018
auto.tcl: Setting watchdog for 200 seconds at Thu Dec 27 03:09:57 UTC 2018
1 ms. Memory: 208384K Free: 196363K (94%)
ptolemy.util.test.WatchDog.cancel(): canceling Thu Dec 27 03:09:57 UTC 2018
------------------ testing $PTII/ptolemy/domains/de/test/auto/DEScheduleTest.xml
auto.tcl: Setting watchdog for 200 seconds at Thu Dec 27 03:09:57 UTC 2018
6 ms. Memory: 208384K Free: 198491K (95%)
ptolemy.util.test.WatchDog.cancel(): canceling Thu Dec 27 03:09:57 UTC 2018
auto.tcl: Setting watchdog for 200 seconds at Thu Dec 27 03:09:57 UTC 2018
4 ms. Memory: 208384K Free: 196397K (94%)
ptolemy.util.test.WatchDog.cancel(): canceling Thu Dec 27 03:09:57 UTC 2018
------------------ testing $PTII/ptolemy/domains/de/test/auto/DEinDEwithStartTimes.xml
auto.tcl: Setting watchdog for 200 seconds at Thu Dec 27 03:09:57 UTC 2018
5 ms. Memory: 208384K Free: 196367K (94%)
ptolemy.util.test.WatchDog.cancel(): canceling Thu Dec 27 03:09:57 UTC 2018
auto.tcl: Setting watchdog for 200 seconds at Thu Dec 27 03:09:57 UTC 2018
3 ms. Memory: 208384K Free: 194273K (93%)
ptolemy.util.test.WatchDog.cancel(): canceling Thu Dec 27 03:09:57 UTC 2018
------------------ testing $PTII/ptolemy/domains/de/test/auto/DEinDEwithStartTimes2.xml
auto.tcl: Setting watchdog for 200 seconds at Thu Dec 27 03:09:57 UTC 2018
8 ms. Memory: 208384K Free: 196346K (94%)
ptolemy.util.test.WatchDog.cancel(): canceling Thu Dec 27 03:09:57 UTC 2018
auto.tcl: Setting watchdog for 200 seconds at Thu Dec 27 03:09:57 UTC 2018
4 ms. Memory: 208384K Free: 194252K (93%)
ptolemy.util.test.WatchDog.cancel(): canceling Thu Dec 27 03:09:57 UTC 2018
------------------ testing $PTII/ptolemy/domains/de/test/auto/DateDemo.xml
auto.tcl: Setting watchdog for 200 seconds at Thu Dec 27 03:09:57 UTC 2018
15 ms. Memory: 208384K Free: 188809K (91%)
ptolemy.util.test.WatchDog.cancel(): canceling Thu Dec 27 03:09:57 UTC 2018
auto.tcl: Setting watchdog for 200 seconds at Thu Dec 27 03:09:57 UTC 2018
8 ms. Memory: 208384K Free: 186715K (90%)
ptolemy.util.test.WatchDog.cancel(): canceling Thu Dec 27 03:09:57 UTC 2018
------------------ testing $PTII/ptolemy/domains/de/test/auto/DateToEvent.xml
auto.tcl: Setting watchdog for 200 seconds at Thu Dec 27 03:09:57 UTC 2018
2013 ms. Memory: 208384K Free: 183534K (88%)
ptolemy.util.test.WatchDog.cancel(): canceling Thu Dec 27 03:09:59 UTC 2018
auto.tcl: Setting watchdog for 200 seconds at Thu Dec 27 03:09:59 UTC 2018
2004 ms. Memory: 208384K Free: 183534K (88%)
ptolemy.util.test.WatchDog.cancel(): canceling Thu Dec 27 03:10:01 UTC 2018
------------------ testing $PTII/ptolemy/domains/de/test/auto/DepthTest1.xml
auto.tcl: Setting watchdog for 200 seconds at Thu Dec 27 03:10:01 UTC 2018
4 ms. Memory: 208384K Free: 197694K (95%)
ptolemy.util.test.WatchDog.cancel(): canceling Thu Dec 27 03:10:01 UTC 2018
auto.tcl: Setting watchdog for 200 seconds at Thu Dec 27 03:10:01 UTC 2018
2 ms. Memory: 208384K Free: 197694K (95%)
ptolemy.util.test.WatchDog.cancel(): canceling Thu Dec 27 03:10:01 UTC 2018
------------------ testing $PTII/ptolemy/domains/de/test/auto/DepthTest2.xml
auto.tcl: Setting watchdog for 200 seconds at Thu Dec 27 03:10:01 UTC 2018
3 ms. Memory: 208384K Free: 191448K (92%)
ptolemy.util.test.WatchDog.cancel(): canceling Thu Dec 27 03:10:01 UTC 2018
auto.tcl: Setting watchdog for 200 seconds at Thu Dec 27 03:10:01 UTC 2018
5 ms. Memory: 208384K Free: 191448K (92%)
ptolemy.util.test.WatchDog.cancel(): canceling Thu Dec 27 03:10:01 UTC 2018
------------------ testing $PTII/ptolemy/domains/de/test/auto/DepthTest3.xml
auto.tcl: Setting watchdog for 200 seconds at Thu Dec 27 03:10:01 UTC 2018
5 ms. Memory: 208384K Free: 198026K (95%)
ptolemy.util.test.WatchDog.cancel(): canceling Thu Dec 27 03:10:01 UTC 2018
auto.tcl: Setting watchdog for 200 seconds at Thu Dec 27 03:10:01 UTC 2018
2 ms. Memory: 208384K Free: 198026K (95%)
ptolemy.util.test.WatchDog.cancel(): canceling Thu Dec 27 03:10:01 UTC 2018
------------------ testing $PTII/ptolemy/domains/de/test/auto/DepthTest4.xml
auto.tcl: Setting watchdog for 200 seconds at Thu Dec 27 03:10:01 UTC 2018
5 ms. Memory: 208384K Free: 196020K (94%)
ptolemy.util.test.WatchDog.cancel(): canceling Thu Dec 27 03:10:01 UTC 2018
auto.tcl: Setting watchdog for 200 seconds at Thu Dec 27 03:10:01 UTC 2018
2 ms. Memory: 208384K Free: 196020K (94%)
ptolemy.util.test.WatchDog.cancel(): canceling Thu Dec 27 03:10:01 UTC 2018
------------------ testing $PTII/ptolemy/domains/de/test/auto/DepthTest5.xml
auto.tcl: Setting watchdog for 200 seconds at Thu Dec 27 03:10:01 UTC 2018
3 ms. Memory: 208384K Free: 196305K (94%)
ptolemy.util.test.WatchDog.cancel(): canceling Thu Dec 27 03:10:01 UTC 2018
auto.tcl: Setting watchdog for 200 seconds at Thu Dec 27 03:10:01 UTC 2018
2 ms. Memory: 208384K Free: 196305K (94%)
ptolemy.util.test.WatchDog.cancel(): canceling Thu Dec 27 03:10:02 UTC 2018
------------------ testing $PTII/ptolemy/domains/de/test/auto/DepthTest6.xml
auto.tcl: Setting watchdog for 200 seconds at Thu Dec 27 03:10:02 UTC 2018
10 ms. Memory: 208384K Free: 196273K (94%)
ptolemy.util.test.WatchDog.cancel(): canceling Thu Dec 27 03:10:02 UTC 2018
auto.tcl: Setting watchdog for 200 seconds at Thu Dec 27 03:10:02 UTC 2018
2 ms. Memory: 208384K Free: 196273K (94%)
ptolemy.util.test.WatchDog.cancel(): canceling Thu Dec 27 03:10:02 UTC 2018
------------------ testing $PTII/ptolemy/domains/de/test/auto/DepthTest7.xml
auto.tcl: Setting watchdog for 200 seconds at Thu Dec 27 03:10:02 UTC 2018
3 ms. Memory: 208384K Free: 194696K (93%)
ptolemy.util.test.WatchDog.cancel(): canceling Thu Dec 27 03:10:02 UTC 2018
auto.tcl: Setting watchdog for 200 seconds at Thu Dec 27 03:10:02 UTC 2018
2 ms. Memory: 208384K Free: 194696K (93%)
ptolemy.util.test.WatchDog.cancel(): canceling Thu Dec 27 03:10:02 UTC 2018
------------------ testing $PTII/ptolemy/domains/de/test/auto/EventToDate.xml
auto.tcl: Setting watchdog for 200 seconds at Thu Dec 27 03:10:02 UTC 2018
3005 ms. Memory: 208384K Free: 185476K (89%)
ptolemy.util.test.WatchDog.cancel(): canceling Thu Dec 27 03:10:05 UTC 2018
auto.tcl: Setting watchdog for 200 seconds at Thu Dec 27 03:10:05 UTC 2018
3009 ms. Memory: 208384K Free: 185476K (89%)
ptolemy.util.test.WatchDog.cancel(): canceling Thu Dec 27 03:10:08 UTC 2018
------------------ testing $PTII/ptolemy/domains/de/test/auto/FSM1.xml
auto.tcl: Setting watchdog for 200 seconds at Thu Dec 27 03:10:08 UTC 2018
33 ms. Memory: 208384K Free: 188989K (91%)
ptolemy.util.test.WatchDog.cancel(): canceling Thu Dec 27 03:10:08 UTC 2018
auto.tcl: Setting watchdog for 200 seconds at Thu Dec 27 03:10:08 UTC 2018
19 ms. Memory: 208384K Free: 184801K (89%)
ptolemy.util.test.WatchDog.cancel(): canceling Thu Dec 27 03:10:08 UTC 2018
------------------ testing $PTII/ptolemy/domains/de/test/auto/FSM7.xml
auto.tcl: Setting watchdog for 200 seconds at Thu Dec 27 03:10:08 UTC 2018
22 ms. Memory: 208384K Free: 187098K (90%)
ptolemy.util.test.WatchDog.cancel(): canceling Thu Dec 27 03:10:08 UTC 2018
auto.tcl: Setting watchdog for 200 seconds at Thu Dec 27 03:10:08 UTC 2018
24 ms. Memory: 208384K Free: 185004K (89%)
ptolemy.util.test.WatchDog.cancel(): canceling Thu Dec 27 03:10:08 UTC 2018
------------------ testing $PTII/ptolemy/domains/de/test/auto/Inspection.xml
auto.tcl: Setting watchdog for 200 seconds at Thu Dec 27 03:10:08 UTC 2018
35 ms. Memory: 208384K Free: 188648K (91%)
ptolemy.util.test.WatchDog.cancel(): canceling Thu Dec 27 03:10:08 UTC 2018
auto.tcl: Setting watchdog for 200 seconds at Thu Dec 27 03:10:08 UTC 2018
19 ms. Memory: 208384K Free: 186554K (90%)
ptolemy.util.test.WatchDog.cancel(): canceling Thu Dec 27 03:10:08 UTC 2018
------------------ testing $PTII/ptolemy/domains/de/test/auto/Iteration.xml
auto.tcl: Setting watchdog for 200 seconds at Thu Dec 27 03:10:08 UTC 2018
6 ms. Memory: 208384K Free: 195730K (94%)
ptolemy.util.test.WatchDog.cancel(): canceling Thu Dec 27 03:10:08 UTC 2018
auto.tcl: Setting watchdog for 200 seconds at Thu Dec 27 03:10:08 UTC 2018
7 ms. Memory: 208384K Free: 193636K (93%)
ptolemy.util.test.WatchDog.cancel(): canceling Thu Dec 27 03:10:08 UTC 2018
------------------ testing $PTII/ptolemy/domains/de/test/auto/LineFault.xml
auto.tcl: Setting watchdog for 200 seconds at Thu Dec 27 03:10:08 UTC 2018
727 ms. Memory: 208384K Free: 195914K (94%)
ptolemy.util.test.WatchDog.cancel(): canceling Thu Dec 27 03:10:09 UTC 2018
auto.tcl: Setting watchdog for 200 seconds at Thu Dec 27 03:10:09 UTC 2018
646 ms. Memory: 208384K Free: 138750K (67%)
ptolemy.util.test.WatchDog.cancel(): canceling Thu Dec 27 03:10:10 UTC 2018
------------------ testing $PTII/ptolemy/domains/de/test/auto/MergeModel1Add.xml
auto.tcl: Setting watchdog for 200 seconds at Thu Dec 27 03:10:10 UTC 2018
27 ms. Memory: 331264K Free: 298538K (90%)
ptolemy.util.test.WatchDog.cancel(): canceling Thu Dec 27 03:10:10 UTC 2018
auto.tcl: Setting watchdog for 200 seconds at Thu Dec 27 03:10:10 UTC 2018
10 ms. Memory: 331264K Free: 298538K (90%)
ptolemy.util.test.WatchDog.cancel(): canceling Thu Dec 27 03:10:10 UTC 2018
------------------ testing $PTII/ptolemy/domains/de/test/auto/MergeModel2Add.xml
auto.tcl: Setting watchdog for 200 seconds at Thu Dec 27 03:10:10 UTC 2018
11 ms. Memory: 331264K Free: 303822K (92%)
ptolemy.util.test.WatchDog.cancel(): canceling Thu Dec 27 03:10:10 UTC 2018
auto.tcl: Setting watchdog for 200 seconds at Thu Dec 27 03:10:10 UTC 2018
8 ms. Memory: 331264K Free: 299877K (91%)
ptolemy.util.test.WatchDog.cancel(): canceling Thu Dec 27 03:10:10 UTC 2018
------------------ testing $PTII/ptolemy/domains/de/test/auto/MergeModel3Add.xml
auto.tcl: Setting watchdog for 200 seconds at Thu Dec 27 03:10:10 UTC 2018
9 ms. Memory: 331264K Free: 303833K (92%)
ptolemy.util.test.WatchDog.cancel(): canceling Thu Dec 27 03:10:10 UTC 2018
auto.tcl: Setting watchdog for 200 seconds at Thu Dec 27 03:10:10 UTC 2018
10 ms. Memory: 331264K Free: 299888K (91%)
ptolemy.util.test.WatchDog.cancel(): canceling Thu Dec 27 03:10:10 UTC 2018
------------------ testing $PTII/ptolemy/domains/de/test/auto/MergeWithoutDiscard.xml
auto.tcl: Setting watchdog for 200 seconds at Thu Dec 27 03:10:10 UTC 2018
8 ms. Memory: 331264K Free: 319613K (96%)
ptolemy.util.test.WatchDog.cancel(): canceling Thu Dec 27 03:10:10 UTC 2018
auto.tcl: Setting watchdog for 200 seconds at Thu Dec 27 03:10:10 UTC 2018
2 ms. Memory: 331264K Free: 315667K (95%)
ptolemy.util.test.WatchDog.cancel(): canceling Thu Dec 27 03:10:10 UTC 2018
------------------ testing $PTII/ptolemy/domains/de/test/auto/Modal1.xml
auto.tcl: Setting watchdog for 200 seconds at Thu Dec 27 03:10:11 UTC 2018
18 ms. Memory: 331264K Free: 309577K (93%)
ptolemy.util.test.WatchDog.cancel(): canceling Thu Dec 27 03:10:11 UTC 2018
auto.tcl: Setting watchdog for 200 seconds at Thu Dec 27 03:10:11 UTC 2018
22 ms. Memory: 331264K Free: 305632K (92%)
ptolemy.util.test.WatchDog.cancel(): canceling Thu Dec 27 03:10:11 UTC 2018
------------------ testing $PTII/ptolemy/domains/de/test/auto/Modal2.xml
auto.tcl: Setting watchdog for 200 seconds at Thu Dec 27 03:10:11 UTC 2018
16 ms. Memory: 331264K Free: 309449K (93%)
ptolemy.util.test.WatchDog.cancel(): canceling Thu Dec 27 03:10:11 UTC 2018
auto.tcl: Setting watchdog for 200 seconds at Thu Dec 27 03:10:11 UTC 2018
11 ms. Memory: 331264K Free: 305503K (92%)
ptolemy.util.test.WatchDog.cancel(): canceling Thu Dec 27 03:10:11 UTC 2018
------------------ testing $PTII/ptolemy/domains/de/test/auto/Modal3.xml
auto.tcl: Setting watchdog for 200 seconds at Thu Dec 27 03:10:11 UTC 2018
10 ms. Memory: 331264K Free: 309433K (93%)
ptolemy.util.test.WatchDog.cancel(): canceling Thu Dec 27 03:10:11 UTC 2018
auto.tcl: Setting watchdog for 200 seconds at Thu Dec 27 03:10:11 UTC 2018
13 ms. Memory: 331264K Free: 305487K (92%)
ptolemy.util.test.WatchDog.cancel(): canceling Thu Dec 27 03:10:11 UTC 2018
------------------ testing $PTII/ptolemy/domains/de/test/auto/Modal4.xml
auto.tcl: Setting watchdog for 200 seconds at Thu Dec 27 03:10:11 UTC 2018
24 ms. Memory: 331264K Free: 309446K (93%)
ptolemy.util.test.WatchDog.cancel(): canceling Thu Dec 27 03:10:11 UTC 2018
auto.tcl: Setting watchdog for 200 seconds at Thu Dec 27 03:10:11 UTC 2018
13 ms. Memory: 331264K Free: 305500K (92%)
ptolemy.util.test.WatchDog.cancel(): canceling Thu Dec 27 03:10:11 UTC 2018
------------------ testing $PTII/ptolemy/domains/de/test/auto/Modal5.xml
auto.tcl: Setting watchdog for 200 seconds at Thu Dec 27 03:10:11 UTC 2018
18 ms. Memory: 331264K Free: 309434K (93%)
ptolemy.util.test.WatchDog.cancel(): canceling Thu Dec 27 03:10:11 UTC 2018
auto.tcl: Setting watchdog for 200 seconds at Thu Dec 27 03:10:11 UTC 2018
12 ms. Memory: 331264K Free: 305488K (92%)
ptolemy.util.test.WatchDog.cancel(): canceling Thu Dec 27 03:10:11 UTC 2018
------------------ testing $PTII/ptolemy/domains/de/test/auto/Modal6.xml
auto.tcl: Setting watchdog for 200 seconds at Thu Dec 27 03:10:11 UTC 2018
14 ms. Memory: 331264K Free: 309431K (93%)
ptolemy.util.test.WatchDog.cancel(): canceling Thu Dec 27 03:10:11 UTC 2018
auto.tcl: Setting watchdog for 200 seconds at Thu Dec 27 03:10:11 UTC 2018
16 ms. Memory: 331264K Free: 305485K (92%)
ptolemy.util.test.WatchDog.cancel(): canceling Thu Dec 27 03:10:11 UTC 2018
------------------ testing $PTII/ptolemy/domains/de/test/auto/Modal7.xml
auto.tcl: Setting watchdog for 200 seconds at Thu Dec 27 03:10:11 UTC 2018
18 ms. Memory: 331264K Free: 309431K (93%)
ptolemy.util.test.WatchDog.cancel(): canceling Thu Dec 27 03:10:11 UTC 2018
auto.tcl: Setting watchdog for 200 seconds at Thu Dec 27 03:10:11 UTC 2018
11 ms. Memory: 331264K Free: 305485K (92%)
ptolemy.util.test.WatchDog.cancel(): canceling Thu Dec 27 03:10:11 UTC 2018
------------------ testing $PTII/ptolemy/domains/de/test/auto/ModalModel.xml
auto.tcl: Setting watchdog for 200 seconds at Thu Dec 27 03:10:11 UTC 2018
197 ms. Memory: 331264K Free: 245952K (74%)
ptolemy.util.test.WatchDog.cancel(): canceling Thu Dec 27 03:10:12 UTC 2018
auto.tcl: Setting watchdog for 200 seconds at Thu Dec 27 03:10:12 UTC 2018
174 ms. Memory: 331264K Free: 190712K (58%)
ptolemy.util.test.WatchDog.cancel(): canceling Thu Dec 27 03:10:12 UTC 2018
------------------ testing $PTII/ptolemy/domains/de/test/auto/ModalSource.xml
auto.tcl: Setting watchdog for 200 seconds at Thu Dec 27 03:10:12 UTC 2018
9 ms. Memory: 331264K Free: 316214K (95%)
ptolemy.util.test.WatchDog.cancel(): canceling Thu Dec 27 03:10:12 UTC 2018
auto.tcl: Setting watchdog for 200 seconds at Thu Dec 27 03:10:12 UTC 2018
5 ms. Memory: 331264K Free: 312701K (94%)
ptolemy.util.test.WatchDog.cancel(): canceling Thu Dec 27 03:10:12 UTC 2018
------------------ testing $PTII/ptolemy/domains/de/test/auto/NonInterruptibleTimerZeroDelay.xml
auto.tcl: Setting watchdog for 200 seconds at Thu Dec 27 03:10:12 UTC 2018
4 ms. Memory: 331264K Free: 320566K (97%)
ptolemy.util.test.WatchDog.cancel(): canceling Thu Dec 27 03:10:12 UTC 2018
auto.tcl: Setting watchdog for 200 seconds at Thu Dec 27 03:10:12 UTC 2018
2 ms. Memory: 331264K Free: 317052K (96%)
ptolemy.util.test.WatchDog.cancel(): canceling Thu Dec 27 03:10:12 UTC 2018
------------------ testing $PTII/ptolemy/domains/de/test/auto/OpenQueueingNetwork.xml
auto.tcl: Setting watchdog for 200 seconds at Thu Dec 27 03:10:12 UTC 2018
2814 ms. Memory: 573952K Free: 413922K (72%)
ptolemy.util.test.WatchDog.cancel(): canceling Thu Dec 27 03:10:15 UTC 2018
auto.tcl: Setting watchdog for 200 seconds at Thu Dec 27 03:10:15 UTC 2018
2455 ms. Memory: 550912K Free: 322310K (59%)
ptolemy.util.test.WatchDog.cancel(): canceling Thu Dec 27 03:10:17 UTC 2018
------------------ testing $PTII/ptolemy/domains/de/test/auto/OpenQueuingNetwork.xml
auto.tcl: Setting watchdog for 200 seconds at Thu Dec 27 03:10:17 UTC 2018
212 ms. Memory: 549888K Free: 445451K (81%)
ptolemy.util.test.WatchDog.cancel(): canceling Thu Dec 27 03:10:18 UTC 2018
auto.tcl: Setting watchdog for 200 seconds at Thu Dec 27 03:10:18 UTC 2018
214 ms. Memory: 549888K Free: 385886K (70%)
ptolemy.util.test.WatchDog.cancel(): canceling Thu Dec 27 03:10:18 UTC 2018
------------------ testing $PTII/ptolemy/domains/de/test/auto/PeriodicSampler.xml
auto.tcl: Setting watchdog for 200 seconds at Thu Dec 27 03:10:18 UTC 2018
3 ms. Memory: 551936K Free: 531821K (96%)
ptolemy.util.test.WatchDog.cancel(): canceling Thu Dec 27 03:10:18 UTC 2018
auto.tcl: Setting watchdog for 200 seconds at Thu Dec 27 03:10:18 UTC 2018
1 ms. Memory: 551936K Free: 531821K (96%)
ptolemy.util.test.WatchDog.cancel(): canceling Thu Dec 27 03:10:18 UTC 2018
------------------ testing $PTII/ptolemy/domains/de/test/auto/PersistentIO.xml
auto.tcl: Setting watchdog for 200 seconds at Thu Dec 27 03:10:18 UTC 2018
9 ms. Memory: 549376K Free: 524429K (95%)
ptolemy.util.test.WatchDog.cancel(): canceling Thu Dec 27 03:10:18 UTC 2018
auto.tcl: Setting watchdog for 200 seconds at Thu Dec 27 03:10:18 UTC 2018
4 ms. Memory: 549376K Free: 524429K (95%)
ptolemy.util.test.WatchDog.cancel(): canceling Thu Dec 27 03:10:18 UTC 2018
------------------ testing $PTII/ptolemy/domains/de/test/auto/PortParameterResetOnInitialize.xml
auto.tcl: Setting watchdog for 200 seconds at Thu Dec 27 03:10:18 UTC 2018
6 ms. Memory: 551424K Free: 531541K (96%)
ptolemy.util.test.WatchDog.cancel(): canceling Thu Dec 27 03:10:18 UTC 2018
auto.tcl: Setting watchdog for 200 seconds at Thu Dec 27 03:10:18 UTC 2018
2 ms. Memory: 551424K Free: 531541K (96%)
ptolemy.util.test.WatchDog.cancel(): canceling Thu Dec 27 03:10:18 UTC 2018
------------------ testing $PTII/ptolemy/domains/de/test/auto/PortParameterUpdates.xml
auto.tcl: Setting watchdog for 200 seconds at Thu Dec 27 03:10:18 UTC 2018
3 ms. Memory: 549376K Free: 524210K (95%)
ptolemy.util.test.WatchDog.cancel(): canceling Thu Dec 27 03:10:18 UTC 2018
auto.tcl: Setting watchdog for 200 seconds at Thu Dec 27 03:10:18 UTC 2018
5 ms. Memory: 549376K Free: 524210K (95%)
ptolemy.util.test.WatchDog.cancel(): canceling Thu Dec 27 03:10:18 UTC 2018
------------------ testing $PTII/ptolemy/domains/de/test/auto/QueueAndServer.xml
auto.tcl: Setting watchdog for 200 seconds at Thu Dec 27 03:10:18 UTC 2018
18 ms. Memory: 551424K Free: 530902K (96%)
ptolemy.util.test.WatchDog.cancel(): canceling Thu Dec 27 03:10:18 UTC 2018
auto.tcl: Setting watchdog for 200 seconds at Thu Dec 27 03:10:18 UTC 2018
6 ms. Memory: 551424K Free: 530902K (96%)
ptolemy.util.test.WatchDog.cancel(): canceling Thu Dec 27 03:10:18 UTC 2018
------------------ testing $PTII/ptolemy/domains/de/test/auto/Records.xml
auto.tcl: Setting watchdog for 200 seconds at Thu Dec 27 03:10:18 UTC 2018
5 ms. Memory: 549376K Free: 534210K (97%)
ptolemy.util.test.WatchDog.cancel(): canceling Thu Dec 27 03:10:18 UTC 2018
auto.tcl: Setting watchdog for 200 seconds at Thu Dec 27 03:10:18 UTC 2018
2 ms. Memory: 549376K Free: 528795K (96%)
ptolemy.util.test.WatchDog.cancel(): canceling Thu Dec 27 03:10:18 UTC 2018
------------------ testing $PTII/ptolemy/domains/de/test/auto/ResetTransitionWithStartTime1.xml
auto.tcl: Setting watchdog for 200 seconds at Thu Dec 27 03:10:18 UTC 2018
6 ms. Memory: 551424K Free: 530853K (96%)
ptolemy.util.test.WatchDog.cancel(): canceling Thu Dec 27 03:10:18 UTC 2018
auto.tcl: Setting watchdog for 200 seconds at Thu Dec 27 03:10:18 UTC 2018
5 ms. Memory: 551424K Free: 530853K (96%)
ptolemy.util.test.WatchDog.cancel(): canceling Thu Dec 27 03:10:18 UTC 2018
------------------ testing $PTII/ptolemy/domains/de/test/auto/ResetTransitionWithStartTime2.xml
auto.tcl: Setting watchdog for 200 seconds at Thu Dec 27 03:10:18 UTC 2018
6 ms. Memory: 549376K Free: 529026K (96%)
ptolemy.util.test.WatchDog.cancel(): canceling Thu Dec 27 03:10:19 UTC 2018
auto.tcl: Setting watchdog for 200 seconds at Thu Dec 27 03:10:19 UTC 2018
9 ms. Memory: 549376K Free: 529026K (96%)
ptolemy.util.test.WatchDog.cancel(): canceling Thu Dec 27 03:10:19 UTC 2018
------------------ testing $PTII/ptolemy/domains/de/test/auto/ResetTransitionWithStartTime3.xml
auto.tcl: Setting watchdog for 200 seconds at Thu Dec 27 03:10:19 UTC 2018
7 ms. Memory: 550912K Free: 530331K (96%)
ptolemy.util.test.WatchDog.cancel(): canceling Thu Dec 27 03:10:19 UTC 2018
auto.tcl: Setting watchdog for 200 seconds at Thu Dec 27 03:10:19 UTC 2018
6 ms. Memory: 550912K Free: 530331K (96%)
ptolemy.util.test.WatchDog.cancel(): canceling Thu Dec 27 03:10:19 UTC 2018
------------------ testing $PTII/ptolemy/domains/de/test/auto/ResetTransitionWithStartTime4.xml
auto.tcl: Setting watchdog for 200 seconds at Thu Dec 27 03:10:19 UTC 2018
5 ms. Memory: 549376K Free: 528810K (96%)
ptolemy.util.test.WatchDog.cancel(): canceling Thu Dec 27 03:10:19 UTC 2018
auto.tcl: Setting watchdog for 200 seconds at Thu Dec 27 03:10:19 UTC 2018
3 ms. Memory: 549376K Free: 528810K (96%)
ptolemy.util.test.WatchDog.cancel(): canceling Thu Dec 27 03:10:19 UTC 2018
------------------ testing $PTII/ptolemy/domains/de/test/auto/ResettableTimer1.xml
auto.tcl: Setting watchdog for 200 seconds at Thu Dec 27 03:10:19 UTC 2018
3 ms. Memory: 550912K Free: 535755K (97%)
ptolemy.util.test.WatchDog.cancel(): canceling Thu Dec 27 03:10:19 UTC 2018
auto.tcl: Setting watchdog for 200 seconds at Thu Dec 27 03:10:19 UTC 2018
2 ms. Memory: 550912K Free: 535755K (97%)
ptolemy.util.test.WatchDog.cancel(): canceling Thu Dec 27 03:10:19 UTC 2018
------------------ testing $PTII/ptolemy/domains/de/test/auto/ResettableTimer2.xml
auto.tcl: Setting watchdog for 200 seconds at Thu Dec 27 03:10:19 UTC 2018
3 ms. Memory: 549376K Free: 534506K (97%)
ptolemy.util.test.WatchDog.cancel(): canceling Thu Dec 27 03:10:19 UTC 2018
auto.tcl: Setting watchdog for 200 seconds at Thu Dec 27 03:10:19 UTC 2018
3 ms. Memory: 549376K Free: 534506K (97%)
ptolemy.util.test.WatchDog.cancel(): canceling Thu Dec 27 03:10:19 UTC 2018
------------------ testing $PTII/ptolemy/domains/de/test/auto/ResettableTimer3.xml
auto.tcl: Setting watchdog for 200 seconds at Thu Dec 27 03:10:19 UTC 2018
2 ms. Memory: 550912K Free: 526453K (96%)
ptolemy.util.test.WatchDog.cancel(): canceling Thu Dec 27 03:10:19 UTC 2018
auto.tcl: Setting watchdog for 200 seconds at Thu Dec 27 03:10:19 UTC 2018
1 ms. Memory: 550912K Free: 526453K (96%)
ptolemy.util.test.WatchDog.cancel(): canceling Thu Dec 27 03:10:19 UTC 2018
------------------ testing $PTII/ptolemy/domains/de/test/auto/ResettableTimer4.xml
auto.tcl: Setting watchdog for 200 seconds at Thu Dec 27 03:10:19 UTC 2018
2 ms. Memory: 549376K Free: 534519K (97%)
ptolemy.util.test.WatchDog.cancel(): canceling Thu Dec 27 03:10:19 UTC 2018
auto.tcl: Setting watchdog for 200 seconds at Thu Dec 27 03:10:19 UTC 2018
1 ms. Memory: 549376K Free: 534519K (97%)
ptolemy.util.test.WatchDog.cancel(): canceling Thu Dec 27 03:10:19 UTC 2018
------------------ testing $PTII/ptolemy/domains/de/test/auto/ResettableTimer5.xml
auto.tcl: Setting watchdog for 200 seconds at Thu Dec 27 03:10:19 UTC 2018
6 ms. Memory: 550400K Free: 535541K (97%)
ptolemy.util.test.WatchDog.cancel(): canceling Thu Dec 27 03:10:19 UTC 2018
auto.tcl: Setting watchdog for 200 seconds at Thu Dec 27 03:10:19 UTC 2018
1 ms. Memory: 550400K Free: 535541K (97%)
ptolemy.util.test.WatchDog.cancel(): canceling Thu Dec 27 03:10:19 UTC 2018
------------------ testing $PTII/ptolemy/domains/de/test/auto/ResettableTimer6.xml
auto.tcl: Setting watchdog for 200 seconds at Thu Dec 27 03:10:19 UTC 2018
1 ms. Memory: 549376K Free: 529558K (96%)
ptolemy.util.test.WatchDog.cancel(): canceling Thu Dec 27 03:10:19 UTC 2018
auto.tcl: Setting watchdog for 200 seconds at Thu Dec 27 03:10:19 UTC 2018
2 ms. Memory: 549376K Free: 529558K (96%)
ptolemy.util.test.WatchDog.cancel(): canceling Thu Dec 27 03:10:19 UTC 2018
------------------ testing $PTII/ptolemy/domains/de/test/auto/ServerZeroDelay.xml
auto.tcl: Setting watchdog for 200 seconds at Thu Dec 27 03:10:19 UTC 2018
2 ms. Memory: 550400K Free: 535481K (97%)
ptolemy.util.test.WatchDog.cancel(): canceling Thu Dec 27 03:10:19 UTC 2018
auto.tcl: Setting watchdog for 200 seconds at Thu Dec 27 03:10:19 UTC 2018
3 ms. Memory: 550400K Free: 535481K (97%)
ptolemy.util.test.WatchDog.cancel(): canceling Thu Dec 27 03:10:19 UTC 2018
------------------ testing $PTII/ptolemy/domains/de/test/auto/SmartSender.xml
auto.tcl: Setting watchdog for 200 seconds at Thu Dec 27 03:10:19 UTC 2018
3001 ms. Memory: 549376K Free: 529773K (96%)
ptolemy.util.test.WatchDog.cancel(): canceling Thu Dec 27 03:10:22 UTC 2018
auto.tcl: Setting watchdog for 200 seconds at Thu Dec 27 03:10:22 UTC 2018
3003 ms. Memory: 549376K Free: 529773K (96%)
ptolemy.util.test.WatchDog.cancel(): canceling Thu Dec 27 03:10:25 UTC 2018
------------------ testing $PTII/ptolemy/domains/de/test/auto/ThreadedComposite.xml
auto.tcl: Setting watchdog for 200 seconds at Thu Dec 27 03:10:25 UTC 2018
181 ms. Memory: 550400K Free: 510376K (93%)
ptolemy.util.test.WatchDog.cancel(): canceling Thu Dec 27 03:10:25 UTC 2018
auto.tcl: Setting watchdog for 200 seconds at Thu Dec 27 03:10:25 UTC 2018
313 ms. Memory: 550400K Free: 476882K (87%)
ptolemy.util.test.WatchDog.cancel(): canceling Thu Dec 27 03:10:26 UTC 2018
------------------ testing $PTII/ptolemy/domains/de/test/auto/Time.xml
auto.tcl: Setting watchdog for 200 seconds at Thu Dec 27 03:10:26 UTC 2018
493 ms. Memory: 549376K Free: 482470K (88%)
ptolemy.util.test.WatchDog.cancel(): canceling Thu Dec 27 03:10:26 UTC 2018
auto.tcl: Setting watchdog for 200 seconds at Thu Dec 27 03:10:26 UTC 2018
457 ms. Memory: 549376K Free: 428321K (78%)
ptolemy.util.test.WatchDog.cancel(): canceling Thu Dec 27 03:10:27 UTC 2018
------------------ testing $PTII/ptolemy/domains/de/test/auto/TimeDelayZeroDelay.xml
auto.tcl: Setting watchdog for 200 seconds at Thu Dec 27 03:10:27 UTC 2018
2 ms. Memory: 550400K Free: 535169K (97%)
ptolemy.util.test.WatchDog.cancel(): canceling Thu Dec 27 03:10:27 UTC 2018
auto.tcl: Setting watchdog for 200 seconds at Thu Dec 27 03:10:27 UTC 2018
2 ms. Memory: 550400K Free: 535169K (97%)
ptolemy.util.test.WatchDog.cancel(): canceling Thu Dec 27 03:10:27 UTC 2018
------------------ testing $PTII/ptolemy/domains/de/test/auto/TimerZeroDelay.xml
auto.tcl: Setting watchdog for 200 seconds at Thu Dec 27 03:10:27 UTC 2018
2 ms. Memory: 549376K Free: 534418K (97%)
ptolemy.util.test.WatchDog.cancel(): canceling Thu Dec 27 03:10:27 UTC 2018
auto.tcl: Setting watchdog for 200 seconds at Thu Dec 27 03:10:27 UTC 2018
1 ms. Memory: 549376K Free: 534418K (97%)
ptolemy.util.test.WatchDog.cancel(): canceling Thu Dec 27 03:10:27 UTC 2018
------------------ testing $PTII/ptolemy/domains/de/test/auto/TimingParadox.xml
auto.tcl: Setting watchdog for 200 seconds at Thu Dec 27 03:10:27 UTC 2018
329 ms. Memory: 549888K Free: 469429K (85%)
ptolemy.util.test.WatchDog.cancel(): canceling Thu Dec 27 03:10:27 UTC 2018
auto.tcl: Setting watchdog for 200 seconds at Thu Dec 27 03:10:27 UTC 2018
316 ms. Memory: 549888K Free: 431524K (78%)
ptolemy.util.test.WatchDog.cancel(): canceling Thu Dec 27 03:10:28 UTC 2018
------------------ testing $PTII/ptolemy/domains/de/test/auto/TransferInputs.xml
auto.tcl: Setting watchdog for 200 seconds at Thu Dec 27 03:10:28 UTC 2018
2 ms. Memory: 549888K Free: 533834K (97%)
ptolemy.util.test.WatchDog.cancel(): canceling Thu Dec 27 03:10:28 UTC 2018
auto.tcl: Setting watchdog for 200 seconds at Thu Dec 27 03:10:28 UTC 2018
2 ms. Memory: 549888K Free: 533834K (97%)
ptolemy.util.test.WatchDog.cancel(): canceling Thu Dec 27 03:10:28 UTC 2018
------------------ testing $PTII/ptolemy/domains/de/test/auto/TransferOutputs2.xml
auto.tcl: Setting watchdog for 200 seconds at Thu Dec 27 03:10:28 UTC 2018
2 ms. Memory: 549376K Free: 524330K (95%)
ptolemy.util.test.WatchDog.cancel(): canceling Thu Dec 27 03:10:28 UTC 2018
auto.tcl: Setting watchdog for 200 seconds at Thu Dec 27 03:10:28 UTC 2018
3 ms. Memory: 549376K Free: 524330K (95%)
ptolemy.util.test.WatchDog.cancel(): canceling Thu Dec 27 03:10:28 UTC 2018
------------------ testing $PTII/ptolemy/domains/de/test/auto/Trilateration.xml
auto.tcl: Setting watchdog for 200 seconds at Thu Dec 27 03:10:28 UTC 2018
13893 ms. Memory: 766976K Free: 204095K (27%)
ptolemy.util.test.WatchDog.cancel(): canceling Thu Dec 27 03:10:43 UTC 2018
auto.tcl: Setting watchdog for 200 seconds at Thu Dec 27 03:10:43 UTC 2018
10867 ms. Memory: 646144K Free: 63880K (10%)
ptolemy.util.test.WatchDog.cancel(): canceling Thu Dec 27 03:10:54 UTC 2018
------------------ testing $PTII/ptolemy/domains/de/test/auto/TwoSigmaDelta.xml
auto.tcl: Setting watchdog for 200 seconds at Thu Dec 27 03:10:54 UTC 2018
2665 ms. Memory: 619520K Free: 314809K (51%)
ptolemy.util.test.WatchDog.cancel(): canceling Thu Dec 27 03:10:57 UTC 2018
auto.tcl: Setting watchdog for 200 seconds at Thu Dec 27 03:10:57 UTC 2018
2031 ms. Memory: 619520K Free: 89198K (14%)
ptolemy.util.test.WatchDog.cancel(): canceling Thu Dec 27 03:10:59 UTC 2018
------------------ testing $PTII/ptolemy/domains/de/test/auto/VariableDelay.xml
auto.tcl: Setting watchdog for 200 seconds at Thu Dec 27 03:10:59 UTC 2018
4 ms. Memory: 623104K Free: 598726K (96%)
ptolemy.util.test.WatchDog.cancel(): canceling Thu Dec 27 03:10:59 UTC 2018
auto.tcl: Setting watchdog for 200 seconds at Thu Dec 27 03:10:59 UTC 2018
1 ms. Memory: 623104K Free: 598726K (96%)
ptolemy.util.test.WatchDog.cancel(): canceling Thu Dec 27 03:10:59 UTC 2018
------------------ testing $PTII/ptolemy/domains/de/test/auto/VariableDelay2.xml
auto.tcl: Setting watchdog for 200 seconds at Thu Dec 27 03:10:59 UTC 2018
7 ms. Memory: 619520K Free: 600966K (97%)
ptolemy.util.test.WatchDog.cancel(): canceling Thu Dec 27 03:10:59 UTC 2018
auto.tcl: Setting watchdog for 200 seconds at Thu Dec 27 03:10:59 UTC 2018
2 ms. Memory: 619520K Free: 600966K (97%)
ptolemy.util.test.WatchDog.cancel(): canceling Thu Dec 27 03:10:59 UTC 2018
------------------ testing $PTII/ptolemy/domains/de/test/auto/VariableDelayZeroDelay.xml
auto.tcl: Setting watchdog for 200 seconds at Thu Dec 27 03:10:59 UTC 2018
2 ms. Memory: 622592K Free: 598656K (96%)
ptolemy.util.test.WatchDog.cancel(): canceling Thu Dec 27 03:10:59 UTC 2018
auto.tcl: Setting watchdog for 200 seconds at Thu Dec 27 03:10:59 UTC 2018
2 ms. Memory: 622592K Free: 598656K (96%)
ptolemy.util.test.WatchDog.cancel(): canceling Thu Dec 27 03:10:59 UTC 2018
------------------ testing $PTII/ptolemy/domains/de/test/auto/VariableDelayZeroDelay2.xml
auto.tcl: Setting watchdog for 200 seconds at Thu Dec 27 03:10:59 UTC 2018
2 ms. Memory: 619520K Free: 595582K (96%)
ptolemy.util.test.WatchDog.cancel(): canceling Thu Dec 27 03:10:59 UTC 2018
auto.tcl: Setting watchdog for 200 seconds at Thu Dec 27 03:10:59 UTC 2018
2 ms. Memory: 619520K Free: 595582K (96%)
ptolemy.util.test.WatchDog.cancel(): canceling Thu Dec 27 03:10:59 UTC 2018
------------------ testing $PTII/ptolemy/domains/de/test/auto/deInCt.xml
auto.tcl: Setting watchdog for 200 seconds at Thu Dec 27 03:10:59 UTC 2018
0
1
1
1
1
0
0
0
1
1
1
0
0
0
1
1
1
1
1
1
0
0
0
1
1
1
0
0
0
1
1
0
0
0
0
6 ms. Memory: 622080K Free: 598109K (96%)
ptolemy.util.test.WatchDog.cancel(): canceling Thu Dec 27 03:10:59 UTC 2018
auto.tcl: Setting watchdog for 200 seconds at Thu Dec 27 03:10:59 UTC 2018
0
1
1
1
0
0
0
1
1
1
1
1
0
0
0
0
1
1
1
1
0
0
0
0
1
1
1
0
0
0
0
5 ms. Memory: 622080K Free: 598109K (96%)
ptolemy.util.test.WatchDog.cancel(): canceling Thu Dec 27 03:10:59 UTC 2018
------------------ testing $PTII/ptolemy/domains/de/test/auto/deInCt2.xml
auto.tcl: Setting watchdog for 200 seconds at Thu Dec 27 03:10:59 UTC 2018
0
1
1
1
0
0
1
1
1
0
0
1
1
1
0
0
1
1
1
0
0
1
1
1
0
0
1
1
1
0
0
1
1
1
0
0
1
1
1
0
0
0
14 ms. Memory: 619520K Free: 595549K (96%)
ptolemy.util.test.WatchDog.cancel(): canceling Thu Dec 27 03:10:59 UTC 2018
auto.tcl: Setting watchdog for 200 seconds at Thu Dec 27 03:10:59 UTC 2018
0
1
1
1
0
0
1
1
1
0
0
1
1
1
0
0
1
1
1
0
0
1
1
1
0
0
1
1
1
0
0
1
1
1
0
0
1
1
1
0
0
0
5 ms. Memory: 619520K Free: 595549K (96%)
ptolemy.util.test.WatchDog.cancel(): canceling Thu Dec 27 03:10:59 UTC 2018
------------------ testing $PTII/ptolemy/domains/de/test/auto/dynamicCausalityInterface1.xml
auto.tcl: Setting watchdog for 200 seconds at Thu Dec 27 03:10:59 UTC 2018
3 ms. Memory: 621568K Free: 594813K (96%)
ptolemy.util.test.WatchDog.cancel(): canceling Thu Dec 27 03:10:59 UTC 2018
auto.tcl: Setting watchdog for 200 seconds at Thu Dec 27 03:10:59 UTC 2018
1 ms. Memory: 621568K Free: 594813K (96%)
ptolemy.util.test.WatchDog.cancel(): canceling Thu Dec 27 03:10:59 UTC 2018
------------------ testing $PTII/ptolemy/domains/de/test/auto/fsm_de_test.xml
auto.tcl: Setting watchdog for 200 seconds at Thu Dec 27 03:10:59 UTC 2018
6 ms. Memory: 619520K Free: 595471K (96%)
ptolemy.util.test.WatchDog.cancel(): canceling Thu Dec 27 03:10:59 UTC 2018
auto.tcl: Setting watchdog for 200 seconds at Thu Dec 27 03:10:59 UTC 2018
9 ms. Memory: 619520K Free: 587287K (95%)
ptolemy.util.test.WatchDog.cancel(): canceling Thu Dec 27 03:10:59 UTC 2018
------------------ testing $PTII/ptolemy/domains/de/test/auto/functionDependencyReconstruction.xml
auto.tcl: Setting watchdog for 200 seconds at Thu Dec 27 03:10:59 UTC 2018
2 ms. Memory: 621568K Free: 589326K (95%)
ptolemy.util.test.WatchDog.cancel(): canceling Thu Dec 27 03:10:59 UTC 2018
auto.tcl: Setting watchdog for 200 seconds at Thu Dec 27 03:10:59 UTC 2018
3 ms. Memory: 621568K Free: 581135K (93%)
ptolemy.util.test.WatchDog.cancel(): canceling Thu Dec 27 03:10:59 UTC 2018
------------------ testing $PTII/ptolemy/domains/de/test/auto/multirate.xml
auto.tcl: Setting watchdog for 200 seconds at Thu Dec 27 03:10:59 UTC 2018
2 ms. Memory: 619520K Free: 600688K (97%)
ptolemy.util.test.WatchDog.cancel(): canceling Thu Dec 27 03:10:59 UTC 2018
auto.tcl: Setting watchdog for 200 seconds at Thu Dec 27 03:10:59 UTC 2018
3 ms. Memory: 619520K Free: 600688K (97%)
ptolemy.util.test.WatchDog.cancel(): canceling Thu Dec 27 03:10:59 UTC 2018
------------------ testing $PTII/ptolemy/domains/de/test/auto/multirate2.xml
auto.tcl: Setting watchdog for 200 seconds at Thu Dec 27 03:10:59 UTC 2018
2 ms. Memory: 621056K Free: 602442K (97%)
ptolemy.util.test.WatchDog.cancel(): canceling Thu Dec 27 03:10:59 UTC 2018
auto.tcl: Setting watchdog for 200 seconds at Thu Dec 27 03:10:59 UTC 2018
3 ms. Memory: 621056K Free: 602442K (97%)
ptolemy.util.test.WatchDog.cancel(): canceling Thu Dec 27 03:10:59 UTC 2018
------------------ testing $PTII/ptolemy/domains/de/test/auto/realtime.xml
auto.tcl: Setting watchdog for 200 seconds at Thu Dec 27 03:10:59 UTC 2018
10001 ms. Memory: 619520K Free: 595492K (96%)
ptolemy.util.test.WatchDog.cancel(): canceling Thu Dec 27 03:11:10 UTC 2018
auto.tcl: Setting watchdog for 200 seconds at Thu Dec 27 03:11:10 UTC 2018
10002 ms. Memory: 619520K Free: 595492K (96%)
ptolemy.util.test.WatchDog.cancel(): canceling Thu Dec 27 03:11:20 UTC 2018
------------------ testing $PTII/ptolemy/domains/de/test/auto/relationGroup.xml
auto.tcl: Setting watchdog for 200 seconds at Thu Dec 27 03:11:20 UTC 2018
1 ms. Memory: 621056K Free: 602466K (97%)
ptolemy.util.test.WatchDog.cancel(): canceling Thu Dec 27 03:11:20 UTC 2018
auto.tcl: Setting watchdog for 200 seconds at Thu Dec 27 03:11:20 UTC 2018
2 ms. Memory: 621056K Free: 602466K (97%)
ptolemy.util.test.WatchDog.cancel(): canceling Thu Dec 27 03:11:20 UTC 2018
------------------ testing $PTII/ptolemy/domains/de/test/auto/relationGroup2.xml
auto.tcl: Setting watchdog for 200 seconds at Thu Dec 27 03:11:20 UTC 2018
2 ms. Memory: 619520K Free: 595576K (96%)
ptolemy.util.test.WatchDog.cancel(): canceling Thu Dec 27 03:11:20 UTC 2018
auto.tcl: Setting watchdog for 200 seconds at Thu Dec 27 03:11:20 UTC 2018
2 ms. Memory: 619520K Free: 595576K (96%)
ptolemy.util.test.WatchDog.cancel(): canceling Thu Dec 27 03:11:20 UTC 2018
------------------ testing $PTII/ptolemy/domains/de/test/auto/sortWithOpaquePorts.xml
auto.tcl: Setting watchdog for 200 seconds at Thu Dec 27 03:11:20 UTC 2018
1 ms. Memory: 620544K Free: 596600K (96%)
ptolemy.util.test.WatchDog.cancel(): canceling Thu Dec 27 03:11:20 UTC 2018
auto.tcl: Setting watchdog for 200 seconds at Thu Dec 27 03:11:20 UTC 2018
3 ms. Memory: 620544K Free: 596600K (96%)
ptolemy.util.test.WatchDog.cancel(): canceling Thu Dec 27 03:11:20 UTC 2018
------------------ testing $PTII/ptolemy/domains/de/test/auto/transferInputsandOutputs.xml
auto.tcl: Setting watchdog for 200 seconds at Thu Dec 27 03:11:20 UTC 2018
2 ms. Memory: 619520K Free: 595564K (96%)
ptolemy.util.test.WatchDog.cancel(): canceling Thu Dec 27 03:11:20 UTC 2018
auto.tcl: Setting watchdog for 200 seconds at Thu Dec 27 03:11:20 UTC 2018
5 ms. Memory: 619520K Free: 595564K (96%)
ptolemy.util.test.WatchDog.cancel(): canceling Thu Dec 27 03:11:20 UTC 2018
------------------ testing $PTII/ptolemy/domains/de/test/auto/triggerType.xml
auto.tcl: Setting watchdog for 200 seconds at Thu Dec 27 03:11:20 UTC 2018
2 ms. Memory: 620544K Free: 596538K (96%)
ptolemy.util.test.WatchDog.cancel(): canceling Thu Dec 27 03:11:20 UTC 2018
auto.tcl: Setting watchdog for 200 seconds at Thu Dec 27 03:11:20 UTC 2018
2 ms. Memory: 620544K Free: 596538K (96%)
ptolemy.util.test.WatchDog.cancel(): canceling Thu Dec 27 03:11:20 UTC 2018
12/27/18 03:11:20
Failed: 0  Total Tests: 192  ((Passed: 187, Newly Passed: 1)  Known Failed: 5) /home/travis/build/icyphy/ptII/ptolemy/domains/de/test
12/27/18 03:11:20
Failed: 0  Total Tests: 192  ((Passed: 187, Newly Passed: 1)  Known Failed: 5) /home/travis/build/icyphy/ptII/ptolemy/domains/de/test
----------------- testing (KnownFailure) /home/travis/build/icyphy/ptII/ptolemy/domains/de/test/auto/knownFailedTests/DESDFClockTest.xml
2010 ms. Memory: 619520K Free: 584775K (94%)
Known Failure: java.lang.reflect.InvocationTargetException
----------------- testing (KnownFailure) /home/travis/build/icyphy/ptII/ptolemy/domains/de/test/auto/knownFailedTests/DirectFeedback.xml
2 ms. Memory: 619520K Free: 541726K (87%)
Known Failure: java.lang.reflect.InvocationTargetException
----------------- testing (KnownFailure) /home/travis/build/icyphy/ptII/ptolemy/domains/de/test/auto/knownFailedTests/FSMSource.xml
6 ms. Memory: 619520K Free: 498677K (80%)
----------------- testing (KnownFailure) /home/travis/build/icyphy/ptII/ptolemy/domains/de/test/auto/knownFailedTests/HierarchicalModel.xml
5 ms. Memory: 619520K Free: 466374K (75%)
Known Failure: java.lang.reflect.InvocationTargetException
----------------- testing (KnownFailure) /home/travis/build/icyphy/ptII/ptolemy/domains/de/test/auto/knownFailedTests/dependencyLoop.xml
2 ms. Memory: 619520K Free: 412554K (67%)
Known Failure: java.lang.reflect.InvocationTargetException
----------------- testing (KnownFailure) /home/travis/build/icyphy/ptII/ptolemy/domains/de/test/auto/knownFailedTests/dependencyLoop2.xml
3 ms. Memory: 619520K Free: 358735K (58%)
Known Failure: java.lang.reflect.InvocationTargetException
No auto/linux-amd64/*.xml tests in /home/travis/build/icyphy/ptII/ptolemy/domains/de/test
AutoTests.java: About to close Vertx.
AutoTests.java: Vertx closed.

===========================================================================================
----------------- testing Thu Dec 27 03:11:22 UTC 2018 /home/travis/build/icyphy/ptII/ptolemy/domains/de/test/auto/ActorDepthCalculation_actorWithoutPorts.xml
----------------- Instantiating /home/travis/build/icyphy/ptII/ptolemy/domains/de/test/auto/ActorDepthCalculation_actorWithoutPorts.xml
2 ms. Memory: 619520K Free: 304923K (49%)
----------------- Invoking toplevel() on ptolemy.moml.MoMLSimpleApplication@36efc204
----------------- Done invoking toplevel() on ptolemy.moml.MoMLSimpleApplication@36efc204
reloadAllAccessors: .ActorDepthCalculation_actorWithoutPorts

===========================================================================================
----------------- testing Thu Dec 27 03:11:22 UTC 2018 /home/travis/build/icyphy/ptII/ptolemy/domains/de/test/auto/AssemblyLine.xml
----------------- Instantiating /home/travis/build/icyphy/ptII/ptolemy/domains/de/test/auto/AssemblyLine.xml
1 ms. Memory: 619520K Free: 283399K (46%)
----------------- Invoking toplevel() on ptolemy.moml.MoMLSimpleApplication@1f777340
----------------- Done invoking toplevel() on ptolemy.moml.MoMLSimpleApplication@1f777340
reloadAllAccessors: .AssemblyLine

===========================================================================================
----------------- testing Thu Dec 27 03:11:22 UTC 2018 /home/travis/build/icyphy/ptII/ptolemy/domains/de/test/auto/CQBug1.xml
----------------- Instantiating /home/travis/build/icyphy/ptII/ptolemy/domains/de/test/auto/CQBug1.xml
1 ms. Memory: 619520K Free: 261874K (42%)
----------------- Invoking toplevel() on ptolemy.moml.MoMLSimpleApplication@36a72be
----------------- Done invoking toplevel() on ptolemy.moml.MoMLSimpleApplication@36a72be
reloadAllAccessors: .CQBug1

===========================================================================================
----------------- testing Thu Dec 27 03:11:22 UTC 2018 /home/travis/build/icyphy/ptII/ptolemy/domains/de/test/auto/CancelFireAt.xml
----------------- Instantiating /home/travis/build/icyphy/ptII/ptolemy/domains/de/test/auto/CancelFireAt.xml
6 ms. Memory: 619520K Free: 240350K (39%)
----------------- Invoking toplevel() on ptolemy.moml.MoMLSimpleApplication@1ce00e49
----------------- Done invoking toplevel() on ptolemy.moml.MoMLSimpleApplication@1ce00e49
reloadAllAccessors: .CancelFireAt

===========================================================================================
----------------- testing Thu Dec 27 03:11:22 UTC 2018 /home/travis/build/icyphy/ptII/ptolemy/domains/de/test/auto/CausalityAndComposabilityAnalysis.xml
----------------- Instantiating /home/travis/build/icyphy/ptII/ptolemy/domains/de/test/auto/CausalityAndComposabilityAnalysis.xml
1 ms. Memory: 619520K Free: 218825K (35%)
----------------- Invoking toplevel() on ptolemy.moml.MoMLSimpleApplication@1ca00837
----------------- Done invoking toplevel() on ptolemy.moml.MoMLSimpleApplication@1ca00837
reloadAllAccessors: .CausalityAndComposabilityAnalysis

===========================================================================================
----------------- testing Thu Dec 27 03:11:22 UTC 2018 /home/travis/build/icyphy/ptII/ptolemy/domains/de/test/auto/CausalityInterface1.xml
----------------- Instantiating /home/travis/build/icyphy/ptII/ptolemy/domains/de/test/auto/CausalityInterface1.xml
5 ms. Memory: 619520K Free: 197301K (32%)
----------------- Invoking toplevel() on ptolemy.moml.MoMLSimpleApplication@668c885
----------------- Done invoking toplevel() on ptolemy.moml.MoMLSimpleApplication@668c885
reloadAllAccessors: .CausalityInterface1

===========================================================================================
----------------- testing Thu Dec 27 03:11:22 UTC 2018 /home/travis/build/icyphy/ptII/ptolemy/domains/de/test/auto/CausalityInterface15.xml
----------------- Instantiating /home/travis/build/icyphy/ptII/ptolemy/domains/de/test/auto/CausalityInterface15.xml
1 ms. Memory: 619520K Free: 175776K (28%)
----------------- Invoking toplevel() on ptolemy.moml.MoMLSimpleApplication@4a04409b
----------------- Done invoking toplevel() on ptolemy.moml.MoMLSimpleApplication@4a04409b
reloadAllAccessors: .CausalityInterface15

[...]
java.lang.RuntimeException: Execution failed
	at ptolemy.moml.MoMLSimpleApplication$UnloadThread.run(MoMLSimpleApplication.java:402)
Caused by: ptolemy.kernel.util.IllegalActionException: Test fails in iteration 1.
Value was: 1.0. Should have been: 2.0
  in .DirectFeedback.Test
	at ptolemy.actor.lib.Test.fire(Test.java:268)
	at ptolemy.domains.de.kernel.DEDirector._fire(DEDirector.java:1949)
	at ptolemy.domains.de.kernel.DEDirector.fire(DEDirector.java:502)
	at ptolemy.actor.CompositeActor.fire(CompositeActor.java:455)
	at ptolemy.actor.Manager.iterate(Manager.java:851)
	at ptolemy.actor.Manager.execute(Manager.java:369)
	at ptolemy.actor.Manager.run(Manager.java:1263)
	at ptolemy.actor.Manager$PtolemyRunThread.run(Manager.java:1915)
java.lang.RuntimeException: Execution failed
	at ptolemy.moml.MoMLSimpleApplication$UnloadThread.run(MoMLSimpleApplication.java:402)
Caused by: ptolemy.kernel.util.IllegalActionException: Actor is not ready to fire.  Perhaps UpSample.prefire() returned false? Try debugging the actor by selecting "Listen to Actor".  Also, for SDF check moml for tokenConsumptionRate on input.
  in .DESDFClockTest.Play Bell.Copy1:SDF Director and .DESDFClockTest.Play Bell.UpSample
	at ptolemy.actor.sched.StaticSchedulingDirector.fire(StaticSchedulingDirector.java:227)
	at ptolemy.domains.sdf.kernel.SDFDirector.fire(SDFDirector.java:500)
	at ptolemy.actor.CompositeActor.fire(CompositeActor.java:455)
	at ptolemy.domains.de.kernel.DEDirector._fire(DEDirector.java:1949)
	at ptolemy.domains.de.kernel.DEDirector.fire(DEDirector.java:502)
	at ptolemy.actor.CompositeActor.fire(CompositeActor.java:455)
	at ptolemy.actor.Manager.iterate(Manager.java:851)
	at ptolemy.actor.Manager.execute(Manager.java:369)
	at ptolemy.actor.Manager.run(Manager.java:1263)
	at ptolemy.actor.Manager$PtolemyRunThread.run(Manager.java:1915)
java.lang.reflect.InvocationTargetException
	at sun.reflect.NativeConstructorAccessorImpl.newInstance0(Native Method)
	at sun.reflect.NativeConstructorAccessorImpl.newInstance(NativeConstructorAccessorImpl.java:62)
	at sun.reflect.DelegatingConstructorAccessorImpl.newInstance(DelegatingConstructorAccessorImpl.java:45)
	at java.lang.reflect.Constructor.newInstance(Constructor.java:423)
	at ptolemy.util.test.junit.AutoKnownFailedTests.RunModel(AutoKnownFailedTests.java:105)
	at sun.reflect.NativeMethodAccessorImpl.invoke0(Native Method)
	at sun.reflect.NativeMethodAccessorImpl.invoke(NativeMethodAccessorImpl.java:62)
	at sun.reflect.DelegatingMethodAccessorImpl.invoke(DelegatingMethodAccessorImpl.java:43)
	at java.lang.reflect.Method.invoke(Method.java:498)
	at org.junit.runners.model.FrameworkMethod$1.runReflectiveCall(FrameworkMethod.java:44)
	at org.junit.internal.runners.model.ReflectiveCallable.run(ReflectiveCallable.java:15)
	at org.junit.runners.model.FrameworkMethod.invokeExplosively(FrameworkMethod.java:41)
	at junitparams.internal.InvokeParameterisedMethod.evaluate(InvokeParameterisedMethod.java:102)
	at org.junit.internal.runners.statements.FailOnTimeout$1.run(FailOnTimeout.java:28)
Caused by: ptolemy.kernel.util.IllegalActionException: Actor is not ready to fire.  Perhaps UpSample.prefire() returned false? Try debugging the actor by selecting "Listen to Actor".  Also, for SDF check moml for tokenConsumptionRate on input.
  in .DESDFClockTest.Play Bell.Copy1:SDF Director and .DESDFClockTest.Play Bell.UpSample
	at ptolemy.actor.sched.StaticSchedulingDirector.fire(StaticSchedulingDirector.java:227)
	at ptolemy.domains.sdf.kernel.SDFDirector.fire(SDFDirector.java:500)
	at ptolemy.actor.CompositeActor.fire(CompositeActor.java:455)
	at ptolemy.domains.de.kernel.DEDirector._fire(DEDirector.java:1949)
	at ptolemy.domains.de.kernel.DEDirector.fire(DEDirector.java:502)
	at ptolemy.actor.CompositeActor.fire(CompositeActor.java:455)
	at ptolemy.actor.Manager.iterate(Manager.java:851)
	at ptolemy.actor.Manager.execute(Manager.java:369)
	at ptolemy.actor.Manager.run(Manager.java:1263)
	at ptolemy.actor.Manager$PtolemyRunThread.run(Manager.java:1915)
java.lang.RuntimeException: Execution failed
	at ptolemy.moml.MoMLSimpleApplication$UnloadThread.run(MoMLSimpleApplication.java:402)
Caused by: ptolemy.kernel.util.IllegalActionException: Test fails in iteration 1.
Value was: 1.0. Should have been: 2.0
  in .DirectFeedback.Test
	at ptolemy.actor.lib.Test.fire(Test.java:268)
	at ptolemy.domains.de.kernel.DEDirector._fire(DEDirector.java:1949)
	at ptolemy.domains.de.kernel.DEDirector.fire(DEDirector.java:502)
	at ptolemy.actor.CompositeActor.fire(CompositeActor.java:455)
	at ptolemy.actor.Manager.iterate(Manager.java:851)
	at ptolemy.actor.Manager.execute(Manager.java:369)
	at ptolemy.actor.Manager.run(Manager.java:1263)
	at ptolemy.actor.Manager$PtolemyRunThread.run(Manager.java:1915)
java.lang.reflect.InvocationTargetException
	at sun.reflect.NativeConstructorAccessorImpl.newInstance0(Native Method)
	at sun.reflect.NativeConstructorAccessorImpl.newInstance(NativeConstructorAccessorImpl.java:62)
	at sun.reflect.DelegatingConstructorAccessorImpl.newInstance(DelegatingConstructorAccessorImpl.java:45)
	at java.lang.reflect.Constructor.newInstance(Constructor.java:423)
	at ptolemy.util.test.junit.AutoKnownFailedTests.RunModel(AutoKnownFailedTests.java:105)
	at sun.reflect.NativeMethodAccessorImpl.invoke0(Native Method)
	at sun.reflect.NativeMethodAccessorImpl.invoke(NativeMethodAccessorImpl.java:62)
	at sun.reflect.DelegatingMethodAccessorImpl.invoke(DelegatingMethodAccessorImpl.java:43)
	at java.lang.reflect.Method.invoke(Method.java:498)
	at org.junit.runners.model.FrameworkMethod$1.runReflectiveCall(FrameworkMethod.java:44)
	at org.junit.internal.runners.model.ReflectiveCallable.run(ReflectiveCallable.java:15)
	at org.junit.runners.model.FrameworkMethod.invokeExplosively(FrameworkMethod.java:41)
	at junitparams.internal.InvokeParameterisedMethod.evaluate(InvokeParameterisedMethod.java:102)
	at org.junit.internal.runners.statements.FailOnTimeout$1.run(FailOnTimeout.java:28)
Caused by: ptolemy.kernel.util.IllegalActionException: Test fails in iteration 1.
Value was: 1.0. Should have been: 2.0
  in .DirectFeedback.Test
	at ptolemy.actor.lib.Test.fire(Test.java:268)
	at ptolemy.domains.de.kernel.DEDirector._fire(DEDirector.java:1949)
	at ptolemy.domains.de.kernel.DEDirector.fire(DEDirector.java:502)
	at ptolemy.actor.CompositeActor.fire(CompositeActor.java:455)
	at ptolemy.actor.Manager.iterate(Manager.java:851)
	at ptolemy.actor.Manager.execute(Manager.java:369)
	at ptolemy.actor.Manager.run(Manager.java:1263)
	at ptolemy.actor.Manager$PtolemyRunThread.run(Manager.java:1915)
java.lang.RuntimeException: Execution failed
	at ptolemy.moml.MoMLSimpleApplication$UnloadThread.run(MoMLSimpleApplication.java:402)
Caused by: ptolemy.kernel.util.IllegalActionException: Found a zero delay loop containing .HierarchicalModel.A
  in .HierarchicalModel and .HierarchicalModel.A
	at ptolemy.actor.util.CausalityInterfaceForComposites._computeOutputPortDepth(CausalityInterfaceForComposites.java:759)
	at ptolemy.actor.util.CausalityInterfaceForComposites._computeInputDepth(CausalityInterfaceForComposites.java:696)
	at ptolemy.actor.util.CausalityInterfaceForComposites._computeOutputPortDepth(CausalityInterfaceForComposites.java:765)
	at ptolemy.actor.util.CausalityInterfaceForComposites._computeInputDepth(CausalityInterfaceForComposites.java:696)
	at ptolemy.actor.util.CausalityInterfaceForComposites._computeOutputPortDepth(CausalityInterfaceForComposites.java:765)
	at ptolemy.actor.util.CausalityInterfaceForComposites._computeInputDepth(CausalityInterfaceForComposites.java:696)
	at ptolemy.actor.util.CausalityInterfaceForComposites._computeActorDepth(CausalityInterfaceForComposites.java:532)
	at ptolemy.actor.util.CausalityInterfaceForComposites.checkForCycles(CausalityInterfaceForComposites.java:96)
	at ptolemy.domains.de.kernel.DEDirector.preinitialize(DEDirector.java:1338)
	at ptolemy.actor.CompositeActor.preinitialize(CompositeActor.java:1828)
	at ptolemy.actor.Manager.preinitializeAndResolveTypes(Manager.java:1040)
	at ptolemy.actor.Manager.initialize(Manager.java:710)
	at ptolemy.actor.Manager.execute(Manager.java:356)
	at ptolemy.actor.Manager.run(Manager.java:1263)
	at ptolemy.actor.Manager$PtolemyRunThread.run(Manager.java:1915)
java.lang.reflect.InvocationTargetException
	at sun.reflect.NativeConstructorAccessorImpl.newInstance0(Native Method)
	at sun.reflect.NativeConstructorAccessorImpl.newInstance(NativeConstructorAccessorImpl.java:62)
	at sun.reflect.DelegatingConstructorAccessorImpl.newInstance(DelegatingConstructorAccessorImpl.java:45)
	at java.lang.reflect.Constructor.newInstance(Constructor.java:423)
	at ptolemy.util.test.junit.AutoKnownFailedTests.RunModel(AutoKnownFailedTests.java:105)
	at sun.reflect.NativeMethodAccessorImpl.invoke0(Native Method)
	at sun.reflect.NativeMethodAccessorImpl.invoke(NativeMethodAccessorImpl.java:62)
	at sun.reflect.DelegatingMethodAccessorImpl.invoke(DelegatingMethodAccessorImpl.java:43)
	at java.lang.reflect.Method.invoke(Method.java:498)
	at org.junit.runners.model.FrameworkMethod$1.runReflectiveCall(FrameworkMethod.java:44)
	at org.junit.internal.runners.model.ReflectiveCallable.run(ReflectiveCallable.java:15)
	at org.junit.runners.model.FrameworkMethod.invokeExplosively(FrameworkMethod.java:41)
	at junitparams.internal.InvokeParameterisedMethod.evaluate(InvokeParameterisedMethod.java:102)
	at org.junit.internal.runners.statements.FailOnTimeout$1.run(FailOnTimeout.java:28)
Caused by: ptolemy.kernel.util.IllegalActionException: Found a zero delay loop containing .HierarchicalModel.A
  in .HierarchicalModel and .HierarchicalModel.A
	at ptolemy.actor.util.CausalityInterfaceForComposites._computeOutputPortDepth(CausalityInterfaceForComposites.java:759)
	at ptolemy.actor.util.CausalityInterfaceForComposites._computeInputDepth(CausalityInterfaceForComposites.java:696)
	at ptolemy.actor.util.CausalityInterfaceForComposites._computeOutputPortDepth(CausalityInterfaceForComposites.java:765)
	at ptolemy.actor.util.CausalityInterfaceForComposites._computeInputDepth(CausalityInterfaceForComposites.java:696)
	at ptolemy.actor.util.CausalityInterfaceForComposites._computeOutputPortDepth(CausalityInterfaceForComposites.java:765)
	at ptolemy.actor.util.CausalityInterfaceForComposites._computeInputDepth(CausalityInterfaceForComposites.java:696)
	at ptolemy.actor.util.CausalityInterfaceForComposites._computeActorDepth(CausalityInterfaceForComposites.java:532)
	at ptolemy.actor.util.CausalityInterfaceForComposites.checkForCycles(CausalityInterfaceForComposites.java:96)
	at ptolemy.domains.de.kernel.DEDirector.preinitialize(DEDirector.java:1338)
	at ptolemy.actor.CompositeActor.preinitialize(CompositeActor.java:1828)
	at ptolemy.actor.Manager.preinitializeAndResolveTypes(Manager.java:1040)
	at ptolemy.actor.Manager.initialize(Manager.java:710)
	at ptolemy.actor.Manager.execute(Manager.java:356)
	at ptolemy.actor.Manager.run(Manager.java:1263)
	at ptolemy.actor.Manager$PtolemyRunThread.run(Manager.java:1915)
java.lang.RuntimeException: Execution failed
	at ptolemy.moml.MoMLSimpleApplication$UnloadThread.run(MoMLSimpleApplication.java:402)
Caused by: ptolemy.kernel.util.IllegalActionException: Found a zero delay loop containing .dependencyLoop.original
  in .dependencyLoop and .dependencyLoop.original
	at ptolemy.actor.util.CausalityInterfaceForComposites._computeOutputPortDepth(CausalityInterfaceForComposites.java:759)
	at ptolemy.actor.util.CausalityInterfaceForComposites._computeInputDepth(CausalityInterfaceForComposites.java:696)
	at ptolemy.actor.util.CausalityInterfaceForComposites._computeOutputPortDepth(CausalityInterfaceForComposites.java:765)
	at ptolemy.actor.util.CausalityInterfaceForComposites._computeInputDepth(CausalityInterfaceForComposites.java:696)
	at ptolemy.actor.util.CausalityInterfaceForComposites._computeOutputPortDepth(CausalityInterfaceForComposites.java:765)
	at ptolemy.actor.util.CausalityInterfaceForComposites._computeInputDepth(CausalityInterfaceForComposites.java:696)
	at ptolemy.actor.util.CausalityInterfaceForComposites._computeActorDepth(CausalityInterfaceForComposites.java:532)
	at ptolemy.actor.util.CausalityInterfaceForComposites.checkForCycles(CausalityInterfaceForComposites.java:96)
	at ptolemy.domains.de.kernel.DEDirector.preinitialize(DEDirector.java:1338)
	at ptolemy.actor.CompositeActor.preinitialize(CompositeActor.java:1828)
	at ptolemy.actor.Manager.preinitializeAndResolveTypes(Manager.java:1040)
	at ptolemy.actor.Manager.initialize(Manager.java:710)
	at ptolemy.actor.Manager.execute(Manager.java:356)
	at ptolemy.actor.Manager.run(Manager.java:1263)
	at ptolemy.actor.Manager$PtolemyRunThread.run(Manager.java:1915)
java.lang.reflect.InvocationTargetException
	at sun.reflect.NativeConstructorAccessorImpl.newInstance0(Native Method)
	at sun.reflect.NativeConstructorAccessorImpl.newInstance(NativeConstructorAccessorImpl.java:62)
	at sun.reflect.DelegatingConstructorAccessorImpl.newInstance(DelegatingConstructorAccessorImpl.java:45)
	at java.lang.reflect.Constructor.newInstance(Constructor.java:423)
	at ptolemy.util.test.junit.AutoKnownFailedTests.RunModel(AutoKnownFailedTests.java:105)
	at sun.reflect.NativeMethodAccessorImpl.invoke0(Native Method)
	at sun.reflect.NativeMethodAccessorImpl.invoke(NativeMethodAccessorImpl.java:62)
	at sun.reflect.DelegatingMethodAccessorImpl.invoke(DelegatingMethodAccessorImpl.java:43)
	at java.lang.reflect.Method.invoke(Method.java:498)
	at org.junit.runners.model.FrameworkMethod$1.runReflectiveCall(FrameworkMethod.java:44)
	at org.junit.internal.runners.model.ReflectiveCallable.run(ReflectiveCallable.java:15)
	at org.junit.runners.model.FrameworkMethod.invokeExplosively(FrameworkMethod.java:41)
	at junitparams.internal.InvokeParameterisedMethod.evaluate(InvokeParameterisedMethod.java:102)
	at org.junit.internal.runners.statements.FailOnTimeout$1.run(FailOnTimeout.java:28)
Caused by: ptolemy.kernel.util.IllegalActionException: Found a zero delay loop containing .dependencyLoop.original
  in .dependencyLoop and .dependencyLoop.original
	at ptolemy.actor.util.CausalityInterfaceForComposites._computeOutputPortDepth(CausalityInterfaceForComposites.java:759)
	at ptolemy.actor.util.CausalityInterfaceForComposites._computeInputDepth(CausalityInterfaceForComposites.java:696)
	at ptolemy.actor.util.CausalityInterfaceForComposites._computeOutputPortDepth(CausalityInterfaceForComposites.java:765)
	at ptolemy.actor.util.CausalityInterfaceForComposites._computeInputDepth(CausalityInterfaceForComposites.java:696)
	at ptolemy.actor.util.CausalityInterfaceForComposites._computeOutputPortDepth(CausalityInterfaceForComposites.java:765)
	at ptolemy.actor.util.CausalityInterfaceForComposites._computeInputDepth(CausalityInterfaceForComposites.java:696)
	at ptolemy.actor.util.CausalityInterfaceForComposites._computeActorDepth(CausalityInterfaceForComposites.java:532)
	at ptolemy.actor.util.CausalityInterfaceForComposites.checkForCycles(CausalityInterfaceForComposites.java:96)
	at ptolemy.domains.de.kernel.DEDirector.preinitialize(DEDirector.java:1338)
	at ptolemy.actor.CompositeActor.preinitialize(CompositeActor.java:1828)
	at ptolemy.actor.Manager.preinitializeAndResolveTypes(Manager.java:1040)
	at ptolemy.actor.Manager.initialize(Manager.java:710)
	at ptolemy.actor.Manager.execute(Manager.java:356)
	at ptolemy.actor.Manager.run(Manager.java:1263)
	at ptolemy.actor.Manager$PtolemyRunThread.run(Manager.java:1915)
java.lang.RuntimeException: Execution failed
	at ptolemy.moml.MoMLSimpleApplication$UnloadThread.run(MoMLSimpleApplication.java:402)
Caused by: ptolemy.kernel.util.IllegalActionException: Found a zero delay loop containing .dependencyLoop2.original
  in .dependencyLoop2 and .dependencyLoop2.original
	at ptolemy.actor.util.CausalityInterfaceForComposites._computeOutputPortDepth(CausalityInterfaceForComposites.java:759)
	at ptolemy.actor.util.CausalityInterfaceForComposites._computeInputDepth(CausalityInterfaceForComposites.java:696)
	at ptolemy.actor.util.CausalityInterfaceForComposites._computeOutputPortDepth(CausalityInterfaceForComposites.java:765)
	at ptolemy.actor.util.CausalityInterfaceForComposites._computeInputDepth(CausalityInterfaceForComposites.java:696)
	at ptolemy.actor.util.CausalityInterfaceForComposites._computeOutputPortDepth(CausalityInterfaceForComposites.java:765)
	at ptolemy.actor.util.CausalityInterfaceForComposites._computeInputDepth(CausalityInterfaceForComposites.java:696)
	at ptolemy.actor.util.CausalityInterfaceForComposites._computeActorDepth(CausalityInterfaceForComposites.java:532)
	at ptolemy.actor.util.CausalityInterfaceForComposites.checkForCycles(CausalityInterfaceForComposites.java:96)
	at ptolemy.domains.de.kernel.DEDirector.preinitialize(DEDirector.java:1338)
	at ptolemy.actor.CompositeActor.preinitialize(CompositeActor.java:1828)
	at ptolemy.actor.Manager.preinitializeAndResolveTypes(Manager.java:1040)
	at ptolemy.actor.Manager.initialize(Manager.java:710)
	at ptolemy.actor.Manager.execute(Manager.java:356)
	at ptolemy.actor.Manager.run(Manager.java:1263)
	at ptolemy.actor.Manager$PtolemyRunThread.run(Manager.java:1915)
java.lang.reflect.InvocationTargetException
	at sun.reflect.NativeConstructorAccessorImpl.newInstance0(Native Method)
	at sun.reflect.NativeConstructorAccessorImpl.newInstance(NativeConstructorAccessorImpl.java:62)
	at sun.reflect.DelegatingConstructorAccessorImpl.newInstance(DelegatingConstructorAccessorImpl.java:45)
	at java.lang.reflect.Constructor.newInstance(Constructor.java:423)
	at ptolemy.util.test.junit.AutoKnownFailedTests.RunModel(AutoKnownFailedTests.java:105)
	at sun.reflect.NativeMethodAccessorImpl.invoke0(Native Method)
	at sun.reflect.NativeMethodAccessorImpl.invoke(NativeMethodAccessorImpl.java:62)
	at sun.reflect.DelegatingMethodAccessorImpl.invoke(DelegatingMethodAccessorImpl.java:43)
	at java.lang.reflect.Method.invoke(Method.java:498)
	at org.junit.runners.model.FrameworkMethod$1.runReflectiveCall(FrameworkMethod.java:44)
	at org.junit.internal.runners.model.ReflectiveCallable.run(ReflectiveCallable.java:15)
	at org.junit.runners.model.FrameworkMethod.invokeExplosively(FrameworkMethod.java:41)
	at junitparams.internal.InvokeParameterisedMethod.evaluate(InvokeParameterisedMethod.java:102)
	at org.junit.internal.runners.statements.FailOnTimeout$1.run(FailOnTimeout.java:28)
Caused by: ptolemy.kernel.util.IllegalActionException: Found a zero delay loop containing .dependencyLoop2.original
  in .dependencyLoop2 and .dependencyLoop2.original
	at ptolemy.actor.util.CausalityInterfaceForComposites._computeOutputPortDepth(CausalityInterfaceForComposites.java:759)
	at ptolemy.actor.util.CausalityInterfaceForComposites._computeInputDepth(CausalityInterfaceForComposites.java:696)
	at ptolemy.actor.util.CausalityInterfaceForComposites._computeOutputPortDepth(CausalityInterfaceForComposites.java:765)
	at ptolemy.actor.util.CausalityInterfaceForComposites._computeInputDepth(CausalityInterfaceForComposites.java:696)
	at ptolemy.actor.util.CausalityInterfaceForComposites._computeOutputPortDepth(CausalityInterfaceForComposites.java:765)
	at ptolemy.actor.util.CausalityInterfaceForComposites._computeInputDepth(CausalityInterfaceForComposites.java:696)
	at ptolemy.actor.util.CausalityInterfaceForComposites._computeActorDepth(CausalityInterfaceForComposites.java:532)
	at ptolemy.actor.util.CausalityInterfaceForComposites.checkForCycles(CausalityInterfaceForComposites.java:96)
	at ptolemy.domains.de.kernel.DEDirector.preinitialize(DEDirector.java:1338)
	at ptolemy.actor.CompositeActor.preinitialize(CompositeActor.java:1828)
	at ptolemy.actor.Manager.preinitializeAndResolveTypes(Manager.java:1040)
	at ptolemy.actor.Manager.initialize(Manager.java:710)
	at ptolemy.actor.Manager.execute(Manager.java:356)
	at ptolemy.actor.Manager.run(Manager.java:1263)
	at ptolemy.actor.Manager$PtolemyRunThread.run(Manager.java:1915)
]]></system-err>
</testsuite>
