<?xml version="1.0" encoding="UTF-8" ?>
<testsuite errors="0" failures="0" hostname="travis-job-9c344dd6-2fa3-40e3-858a-f94bce0e4e10" name="ptolemy.domains.de.test.junit.JUnitTclTest" skipped="0" tests="101" time="132.649" timestamp="2019-07-19T08:42:00">
  <properties>
[...]
</properties>
  <testcase classname="ptolemy.util.test.junit.TclTests" name="[0] /home/travis/build/icyphy/ptII/ptolemy/domains/de/test/DependencyLoop.tcl (RunTclFile)" time="1.12" />
  <testcase classname="ptolemy.util.test.junit.TclTests" name="[1] /home/travis/build/icyphy/ptII/ptolemy/domains/de/test/RunDETestsAsQSS.tcl (RunTclFile)" time="90.199" />
  <testcase classname="ptolemy.util.test.junit.AutoKnownFailedTests" name="[0] /home/travis/build/icyphy/ptII/ptolemy/domains/de/test/auto/knownFailedTests/DESDFClockTest.xml (RunModel)" time="2.042" />
  <testcase classname="ptolemy.util.test.junit.AutoKnownFailedTests" name="[1] /home/travis/build/icyphy/ptII/ptolemy/domains/de/test/auto/knownFailedTests/DirectFeedback.xml (RunModel)" time="0.015" />
  <testcase classname="ptolemy.util.test.junit.AutoKnownFailedTests" name="[2] /home/travis/build/icyphy/ptII/ptolemy/domains/de/test/auto/knownFailedTests/FSMSource.xml (RunModel)" time="0.03" />
  <testcase classname="ptolemy.util.test.junit.AutoKnownFailedTests" name="[3] /home/travis/build/icyphy/ptII/ptolemy/domains/de/test/auto/knownFailedTests/HierarchicalModel.xml (RunModel)" time="0.056" />
  <testcase classname="ptolemy.util.test.junit.AutoKnownFailedTests" name="[4] /home/travis/build/icyphy/ptII/ptolemy/domains/de/test/auto/knownFailedTests/dependencyLoop.xml (RunModel)" time="0.043" />
  <testcase classname="ptolemy.util.test.junit.AutoKnownFailedTests" name="[5] /home/travis/build/icyphy/ptII/ptolemy/domains/de/test/auto/knownFailedTests/dependencyLoop2.xml (RunModel)" time="0.048" />
  <testcase classname="ptolemy.util.test.junit.AutoNameArchTests" name="[0] ThereAreNoAutoArchTests (RunModel)" time="0.002" />
  <testcase classname="ptolemy.util.test.junit.AutoTests" name="[0] /home/travis/build/icyphy/ptII/ptolemy/domains/de/test/auto/ActorDepthCalculation_actorWithoutPorts.xml (RunModel)" time="0.017" />
  <testcase classname="ptolemy.util.test.junit.AutoTests" name="[1] /home/travis/build/icyphy/ptII/ptolemy/domains/de/test/auto/AssemblyLine.xml (RunModel)" time="0.023" />
  <testcase classname="ptolemy.util.test.junit.AutoTests" name="[2] /home/travis/build/icyphy/ptII/ptolemy/domains/de/test/auto/CQBug1.xml (RunModel)" time="0.011" />
  <testcase classname="ptolemy.util.test.junit.AutoTests" name="[3] /home/travis/build/icyphy/ptII/ptolemy/domains/de/test/auto/CancelFireAt.xml (RunModel)" time="0.016" />
  <testcase classname="ptolemy.util.test.junit.AutoTests" name="[4] /home/travis/build/icyphy/ptII/ptolemy/domains/de/test/auto/CausalityAndComposabilityAnalysis.xml (RunModel)" time="0.019" />
  <testcase classname="ptolemy.util.test.junit.AutoTests" name="[5] /home/travis/build/icyphy/ptII/ptolemy/domains/de/test/auto/CausalityInterface1.xml (RunModel)" time="0.023" />
  <testcase classname="ptolemy.util.test.junit.AutoTests" name="[6] /home/travis/build/icyphy/ptII/ptolemy/domains/de/test/auto/CausalityInterface15.xml (RunModel)" time="0.017" />
  <testcase classname="ptolemy.util.test.junit.AutoTests" name="[7] /home/travis/build/icyphy/ptII/ptolemy/domains/de/test/auto/CausalityInterface2.xml (RunModel)" time="0.019" />
  <testcase classname="ptolemy.util.test.junit.AutoTests" name="[8] /home/travis/build/icyphy/ptII/ptolemy/domains/de/test/auto/CausalityInterface3.xml (RunModel)" time="0.013" />
  <testcase classname="ptolemy.util.test.junit.AutoTests" name="[9] /home/travis/build/icyphy/ptII/ptolemy/domains/de/test/auto/ClockDrift.xml (RunModel)" time="0.038" />
  <testcase classname="ptolemy.util.test.junit.AutoTests" name="[10] /home/travis/build/icyphy/ptII/ptolemy/domains/de/test/auto/ClockDriftAndValueChange.xml (RunModel)" time="0.035" />
  <testcase classname="ptolemy.util.test.junit.AutoTests" name="[11] /home/travis/build/icyphy/ptII/ptolemy/domains/de/test/auto/ClockDriftChange.xml (RunModel)" time="0.032" />
  <testcase classname="ptolemy.util.test.junit.AutoTests" name="[12] /home/travis/build/icyphy/ptII/ptolemy/domains/de/test/auto/ComposableCausalityAnalysis.xml (RunModel)" time="0.015" />
  <testcase classname="ptolemy.util.test.junit.AutoTests" name="[13] /home/travis/build/icyphy/ptII/ptolemy/domains/de/test/auto/DEFixedPointLimitation.xml (RunModel)" time="0.015" />
  <testcase classname="ptolemy.util.test.junit.AutoTests" name="[14] /home/travis/build/icyphy/ptII/ptolemy/domains/de/test/auto/DEScheduleTest.xml (RunModel)" time="0.018" />
  <testcase classname="ptolemy.util.test.junit.AutoTests" name="[15] /home/travis/build/icyphy/ptII/ptolemy/domains/de/test/auto/DEinDEwithStartTimes.xml (RunModel)" time="0.018" />
  <testcase classname="ptolemy.util.test.junit.AutoTests" name="[16] /home/travis/build/icyphy/ptII/ptolemy/domains/de/test/auto/DEinDEwithStartTimes2.xml (RunModel)" time="0.022" />
  <testcase classname="ptolemy.util.test.junit.AutoTests" name="[17] /home/travis/build/icyphy/ptII/ptolemy/domains/de/test/auto/DateDemo.xml (RunModel)" time="0.033" />
  <testcase classname="ptolemy.util.test.junit.AutoTests" name="[18] /home/travis/build/icyphy/ptII/ptolemy/domains/de/test/auto/DateToEvent.xml (RunModel)" time="2.041" />
  <testcase classname="ptolemy.util.test.junit.AutoTests" name="[19] /home/travis/build/icyphy/ptII/ptolemy/domains/de/test/auto/DepthTest1.xml (RunModel)" time="0.023" />
  <testcase classname="ptolemy.util.test.junit.AutoTests" name="[20] /home/travis/build/icyphy/ptII/ptolemy/domains/de/test/auto/DepthTest2.xml (RunModel)" time="0.03" />
  <testcase classname="ptolemy.util.test.junit.AutoTests" name="[21] /home/travis/build/icyphy/ptII/ptolemy/domains/de/test/auto/DepthTest3.xml (RunModel)" time="0.009" />
  <testcase classname="ptolemy.util.test.junit.AutoTests" name="[22] /home/travis/build/icyphy/ptII/ptolemy/domains/de/test/auto/DepthTest4.xml (RunModel)" time="0.023" />
  <testcase classname="ptolemy.util.test.junit.AutoTests" name="[23] /home/travis/build/icyphy/ptII/ptolemy/domains/de/test/auto/DepthTest5.xml (RunModel)" time="0.019" />
  <testcase classname="ptolemy.util.test.junit.AutoTests" name="[24] /home/travis/build/icyphy/ptII/ptolemy/domains/de/test/auto/DepthTest6.xml (RunModel)" time="0.016" />
  <testcase classname="ptolemy.util.test.junit.AutoTests" name="[25] /home/travis/build/icyphy/ptII/ptolemy/domains/de/test/auto/DepthTest7.xml (RunModel)" time="0.016" />
  <testcase classname="ptolemy.util.test.junit.AutoTests" name="[26] /home/travis/build/icyphy/ptII/ptolemy/domains/de/test/auto/EventToDate.xml (RunModel)" time="3.048" />
  <testcase classname="ptolemy.util.test.junit.AutoTests" name="[27] /home/travis/build/icyphy/ptII/ptolemy/domains/de/test/auto/FSM1.xml (RunModel)" time="0.05" />
  <testcase classname="ptolemy.util.test.junit.AutoTests" name="[28] /home/travis/build/icyphy/ptII/ptolemy/domains/de/test/auto/FSM7.xml (RunModel)" time="0.04" />
  <testcase classname="ptolemy.util.test.junit.AutoTests" name="[29] /home/travis/build/icyphy/ptII/ptolemy/domains/de/test/auto/Inspection.xml (RunModel)" time="0.073" />
  <testcase classname="ptolemy.util.test.junit.AutoTests" name="[30] /home/travis/build/icyphy/ptII/ptolemy/domains/de/test/auto/Iteration.xml (RunModel)" time="0.032" />
  <testcase classname="ptolemy.util.test.junit.AutoTests" name="[31] /home/travis/build/icyphy/ptII/ptolemy/domains/de/test/auto/LineFault.xml (RunModel)" time="0.603" />
  <testcase classname="ptolemy.util.test.junit.AutoTests" name="[32] /home/travis/build/icyphy/ptII/ptolemy/domains/de/test/auto/MergeModel1Add.xml (RunModel)" time="0.052" />
  <testcase classname="ptolemy.util.test.junit.AutoTests" name="[33] /home/travis/build/icyphy/ptII/ptolemy/domains/de/test/auto/MergeModel2Add.xml (RunModel)" time="0.045" />
  <testcase classname="ptolemy.util.test.junit.AutoTests" name="[34] /home/travis/build/icyphy/ptII/ptolemy/domains/de/test/auto/MergeModel3Add.xml (RunModel)" time="0.045" />
  <testcase classname="ptolemy.util.test.junit.AutoTests" name="[35] /home/travis/build/icyphy/ptII/ptolemy/domains/de/test/auto/MergeWithoutDiscard.xml (RunModel)" time="0.018" />
  <testcase classname="ptolemy.util.test.junit.AutoTests" name="[36] /home/travis/build/icyphy/ptII/ptolemy/domains/de/test/auto/Modal1.xml (RunModel)" time="0.029" />
  <testcase classname="ptolemy.util.test.junit.AutoTests" name="[37] /home/travis/build/icyphy/ptII/ptolemy/domains/de/test/auto/Modal2.xml (RunModel)" time="0.029" />
  <testcase classname="ptolemy.util.test.junit.AutoTests" name="[38] /home/travis/build/icyphy/ptII/ptolemy/domains/de/test/auto/Modal3.xml (RunModel)" time="0.026" />
  <testcase classname="ptolemy.util.test.junit.AutoTests" name="[39] /home/travis/build/icyphy/ptII/ptolemy/domains/de/test/auto/Modal4.xml (RunModel)" time="0.037" />
  <testcase classname="ptolemy.util.test.junit.AutoTests" name="[40] /home/travis/build/icyphy/ptII/ptolemy/domains/de/test/auto/Modal5.xml (RunModel)" time="0.035" />
  <testcase classname="ptolemy.util.test.junit.AutoTests" name="[41] /home/travis/build/icyphy/ptII/ptolemy/domains/de/test/auto/Modal6.xml (RunModel)" time="0.03" />
  <testcase classname="ptolemy.util.test.junit.AutoTests" name="[42] /home/travis/build/icyphy/ptII/ptolemy/domains/de/test/auto/Modal7.xml (RunModel)" time="0.035" />
  <testcase classname="ptolemy.util.test.junit.AutoTests" name="[43] /home/travis/build/icyphy/ptII/ptolemy/domains/de/test/auto/ModalModel.xml (RunModel)" time="0.177" />
  <testcase classname="ptolemy.util.test.junit.AutoTests" name="[44] /home/travis/build/icyphy/ptII/ptolemy/domains/de/test/auto/ModalSource.xml (RunModel)" time="0.028" />
  <testcase classname="ptolemy.util.test.junit.AutoTests" name="[45] /home/travis/build/icyphy/ptII/ptolemy/domains/de/test/auto/NonInterruptibleTimerZeroDelay.xml (RunModel)" time="0.012" />
  <testcase classname="ptolemy.util.test.junit.AutoTests" name="[46] /home/travis/build/icyphy/ptII/ptolemy/domains/de/test/auto/OpenQueueingNetwork.xml (RunModel)" time="2.353" />
  <testcase classname="ptolemy.util.test.junit.AutoTests" name="[47] /home/travis/build/icyphy/ptII/ptolemy/domains/de/test/auto/OpenQueuingNetwork.xml (RunModel)" time="0.294" />
  <testcase classname="ptolemy.util.test.junit.AutoTests" name="[48] /home/travis/build/icyphy/ptII/ptolemy/domains/de/test/auto/PeriodicSampler.xml (RunModel)" time="0.011" />
  <testcase classname="ptolemy.util.test.junit.AutoTests" name="[49] /home/travis/build/icyphy/ptII/ptolemy/domains/de/test/auto/PersistentIO.xml (RunModel)" time="0.023" />
  <testcase classname="ptolemy.util.test.junit.AutoTests" name="[50] /home/travis/build/icyphy/ptII/ptolemy/domains/de/test/auto/PortParameterResetOnInitialize.xml (RunModel)" time="0.009" />
  <testcase classname="ptolemy.util.test.junit.AutoTests" name="[51] /home/travis/build/icyphy/ptII/ptolemy/domains/de/test/auto/PortParameterUpdates.xml (RunModel)" time="0.017" />
  <testcase classname="ptolemy.util.test.junit.AutoTests" name="[52] /home/travis/build/icyphy/ptII/ptolemy/domains/de/test/auto/QueueAndServer.xml (RunModel)" time="0.021" />
  <testcase classname="ptolemy.util.test.junit.AutoTests" name="[53] /home/travis/build/icyphy/ptII/ptolemy/domains/de/test/auto/Records.xml (RunModel)" time="0.015" />
  <testcase classname="ptolemy.util.test.junit.AutoTests" name="[54] /home/travis/build/icyphy/ptII/ptolemy/domains/de/test/auto/ResetTransitionWithStartTime1.xml (RunModel)" time="0.017" />
  <testcase classname="ptolemy.util.test.junit.AutoTests" name="[55] /home/travis/build/icyphy/ptII/ptolemy/domains/de/test/auto/ResetTransitionWithStartTime2.xml (RunModel)" time="0.021" />
  <testcase classname="ptolemy.util.test.junit.AutoTests" name="[56] /home/travis/build/icyphy/ptII/ptolemy/domains/de/test/auto/ResetTransitionWithStartTime3.xml (RunModel)" time="0.025" />
  <testcase classname="ptolemy.util.test.junit.AutoTests" name="[57] /home/travis/build/icyphy/ptII/ptolemy/domains/de/test/auto/ResetTransitionWithStartTime4.xml (RunModel)" time="0.02" />
  <testcase classname="ptolemy.util.test.junit.AutoTests" name="[58] /home/travis/build/icyphy/ptII/ptolemy/domains/de/test/auto/ResettableTimer1.xml (RunModel)" time="0.011" />
  <testcase classname="ptolemy.util.test.junit.AutoTests" name="[59] /home/travis/build/icyphy/ptII/ptolemy/domains/de/test/auto/ResettableTimer2.xml (RunModel)" time="0.01" />
  <testcase classname="ptolemy.util.test.junit.AutoTests" name="[60] /home/travis/build/icyphy/ptII/ptolemy/domains/de/test/auto/ResettableTimer3.xml (RunModel)" time="0.01" />
  <testcase classname="ptolemy.util.test.junit.AutoTests" name="[61] /home/travis/build/icyphy/ptII/ptolemy/domains/de/test/auto/ResettableTimer4.xml (RunModel)" time="0.01" />
  <testcase classname="ptolemy.util.test.junit.AutoTests" name="[62] /home/travis/build/icyphy/ptII/ptolemy/domains/de/test/auto/ResettableTimer5.xml (RunModel)" time="0.012" />
  <testcase classname="ptolemy.util.test.junit.AutoTests" name="[63] /home/travis/build/icyphy/ptII/ptolemy/domains/de/test/auto/ResettableTimer6.xml (RunModel)" time="0.016" />
  <testcase classname="ptolemy.util.test.junit.AutoTests" name="[64] /home/travis/build/icyphy/ptII/ptolemy/domains/de/test/auto/ServerZeroDelay.xml (RunModel)" time="0.01" />
  <testcase classname="ptolemy.util.test.junit.AutoTests" name="[65] /home/travis/build/icyphy/ptII/ptolemy/domains/de/test/auto/SmartSender.xml (RunModel)" time="3.008" />
  <testcase classname="ptolemy.util.test.junit.AutoTests" name="[66] /home/travis/build/icyphy/ptII/ptolemy/domains/de/test/auto/ThreadedComposite.xml (RunModel)" time="0.267" />
  <testcase classname="ptolemy.util.test.junit.AutoTests" name="[67] /home/travis/build/icyphy/ptII/ptolemy/domains/de/test/auto/Time.xml (RunModel)" time="0.424" />
  <testcase classname="ptolemy.util.test.junit.AutoTests" name="[68] /home/travis/build/icyphy/ptII/ptolemy/domains/de/test/auto/TimeDelayZeroDelay.xml (RunModel)" time="0.013" />
  <testcase classname="ptolemy.util.test.junit.AutoTests" name="[69] /home/travis/build/icyphy/ptII/ptolemy/domains/de/test/auto/TimerZeroDelay.xml (RunModel)" time="0.012" />
  <testcase classname="ptolemy.util.test.junit.AutoTests" name="[70] /home/travis/build/icyphy/ptII/ptolemy/domains/de/test/auto/TimingParadox.xml (RunModel)" time="0.368" />
  <testcase classname="ptolemy.util.test.junit.AutoTests" name="[71] /home/travis/build/icyphy/ptII/ptolemy/domains/de/test/auto/TransferInputs.xml (RunModel)" time="0.016" />
  <testcase classname="ptolemy.util.test.junit.AutoTests" name="[72] /home/travis/build/icyphy/ptII/ptolemy/domains/de/test/auto/TransferOutputs2.xml (RunModel)" time="0.016" />
  <testcase classname="ptolemy.util.test.junit.AutoTests" name="[73] /home/travis/build/icyphy/ptII/ptolemy/domains/de/test/auto/Trilateration.xml (RunModel)" time="12.27" />
  <testcase classname="ptolemy.util.test.junit.AutoTests" name="[74] /home/travis/build/icyphy/ptII/ptolemy/domains/de/test/auto/TwoSigmaDelta.xml (RunModel)" time="2.191" />
  <testcase classname="ptolemy.util.test.junit.AutoTests" name="[75] /home/travis/build/icyphy/ptII/ptolemy/domains/de/test/auto/VariableDelay.xml (RunModel)" time="0.01" />
  <testcase classname="ptolemy.util.test.junit.AutoTests" name="[76] /home/travis/build/icyphy/ptII/ptolemy/domains/de/test/auto/VariableDelay2.xml (RunModel)" time="0.008" />
  <testcase classname="ptolemy.util.test.junit.AutoTests" name="[77] /home/travis/build/icyphy/ptII/ptolemy/domains/de/test/auto/VariableDelayZeroDelay.xml (RunModel)" time="0.027" />
  <testcase classname="ptolemy.util.test.junit.AutoTests" name="[78] /home/travis/build/icyphy/ptII/ptolemy/domains/de/test/auto/VariableDelayZeroDelay2.xml (RunModel)" time="0.013" />
  <testcase classname="ptolemy.util.test.junit.AutoTests" name="[79] /home/travis/build/icyphy/ptII/ptolemy/domains/de/test/auto/deInCt.xml (RunModel)" time="0.016" />
  <testcase classname="ptolemy.util.test.junit.AutoTests" name="[80] /home/travis/build/icyphy/ptII/ptolemy/domains/de/test/auto/deInCt2.xml (RunModel)" time="0.013" />
  <testcase classname="ptolemy.util.test.junit.AutoTests" name="[81] /home/travis/build/icyphy/ptII/ptolemy/domains/de/test/auto/dynamicCausalityInterface1.xml (RunModel)" time="0.017" />
  <testcase classname="ptolemy.util.test.junit.AutoTests" name="[82] /home/travis/build/icyphy/ptII/ptolemy/domains/de/test/auto/fsm_de_test.xml (RunModel)" time="0.027" />
  <testcase classname="ptolemy.util.test.junit.AutoTests" name="[83] /home/travis/build/icyphy/ptII/ptolemy/domains/de/test/auto/functionDependencyReconstruction.xml (RunModel)" time="0.033" />
  <testcase classname="ptolemy.util.test.junit.AutoTests" name="[84] /home/travis/build/icyphy/ptII/ptolemy/domains/de/test/auto/multirate.xml (RunModel)" time="0.014" />
  <testcase classname="ptolemy.util.test.junit.AutoTests" name="[85] /home/travis/build/icyphy/ptII/ptolemy/domains/de/test/auto/multirate2.xml (RunModel)" time="0.014" />
  <testcase classname="ptolemy.util.test.junit.AutoTests" name="[86] /home/travis/build/icyphy/ptII/ptolemy/domains/de/test/auto/realtime.xml (RunModel)" time="10.011" />
  <testcase classname="ptolemy.util.test.junit.AutoTests" name="[87] /home/travis/build/icyphy/ptII/ptolemy/domains/de/test/auto/relationGroup.xml (RunModel)" time="0.019" />
  <testcase classname="ptolemy.util.test.junit.AutoTests" name="[88] /home/travis/build/icyphy/ptII/ptolemy/domains/de/test/auto/relationGroup2.xml (RunModel)" time="0.006" />
  <testcase classname="ptolemy.util.test.junit.AutoTests" name="[89] /home/travis/build/icyphy/ptII/ptolemy/domains/de/test/auto/sortWithOpaquePorts.xml (RunModel)" time="0.007" />
  <testcase classname="ptolemy.util.test.junit.AutoTests" name="[90] /home/travis/build/icyphy/ptII/ptolemy/domains/de/test/auto/transferInputsandOutputs.xml (RunModel)" time="0.019" />
  <testcase classname="ptolemy.util.test.junit.AutoTests" name="[91] /home/travis/build/icyphy/ptII/ptolemy/domains/de/test/auto/triggerType.xml (RunModel)" time="0.009" />
  <system-out><![CDATA[/home/travis/build/icyphy/ptII/ptolemy/domains/de/test/DependencyLoop.tcl
testDefs.tcl: setting time out to 9000 seconds at Fri Jul 19 08:42:00 UTC 2019
71 ms. Memory: 120832K Free: 72134K (60%)
31 ms. Memory: 120832K Free: 54711K (45%)
/home/travis/build/icyphy/ptII/ptolemy/domains/de/test/RunDETestsAsQSS.tcl
Run the DE tests using ptolemy.domains.qss.test.QSSDirectorTest, which extends QSSDirector and prints a message in the constructors.
------------------ testing $PTII/ptolemy/domains/de/test/auto/knownFailedTests/DirectFeedback.xml (Known Failure) 
57 ms. Memory: 120832K Free: 48582K (40%)


==== $PTIIhome/travis/build/icyphy/ptII/ptolemy/domains/de/test/../../../../: Auto Automatic test in file $PTII/ptolemy/domains/de/test/auto/knownFailedTests/DirectFeedback.xml
==== Contents of test case:

	    # FIXME: we should use $relativeFilename here, but it
	    # might have backslashes under Windows, which causes no end
	    # of trouble.
	    createAndExecute $file
	    list {}
	
.... Test generated KNOWN error:
    while executing
ptolemy.kernel.util.IllegalActionException: Test fails in iteration 1.
Value was: 1.0. Should have been: 2.0
  in .DirectFeedback.Test
	at ptolemy.actor.lib.Test.fire(Test.java:268)
	at ptolemy.domains.de.kernel.DEDirector._fire(DEDirector.java:1949)
	at ptolemy.domains.de.kernel.DEDirector.fire(DEDirector.java:502)
	at ptolemy.actor.CompositeActor.fire(CompositeActor.java:455)
	at ptolemy.actor.Manager.iterate(Manager.java:851)
	at ptolemy.actor.Manager.execute(Manager.java:369)
	at ptolemy.actor.Manager.run(Manager.java:1263)
	at ptolemy.actor.Manager$PtolemyRunThread.run(Manager.java:1933)

    while executing
ptolemy.kernel.util.IllegalActionException: Test fails in iteration 1.
Value was: 1.0. Should have been: 2.0
  in .DirectFeedback.Test
    while executing
"java::new ptolemy.moml.MoMLSimpleApplication $file
"
    (procedure "createAndExecute" line 2)
    invoked from within
"createAndExecute $file"
    ("uplevel" body line 5)
    invoked from within
"uplevel $contents_of_test"
------------------ testing $PTII/ptolemy/domains/de/test/auto/knownFailedTests/dependencyLoop.xml (Known Failure) 
31 ms. Memory: 120832K Free: 108123K (89%)


==== $PTIIhome/travis/build/icyphy/ptII/ptolemy/domains/de/test/../../../../: Auto Automatic test in file $PTII/ptolemy/domains/de/test/auto/knownFailedTests/dependencyLoop.xml
==== Contents of test case:

	    # FIXME: we should use $relativeFilename here, but it
	    # might have backslashes under Windows, which causes no end
	    # of trouble.
	    createAndExecute $file
	    list {}
	
.... Test generated KNOWN error:
    while executing
ptolemy.kernel.util.IllegalActionException: Found a zero delay loop containing .dependencyLoop.original
  in .dependencyLoop and .dependencyLoop.original
	at ptolemy.actor.util.CausalityInterfaceForComposites._computeOutputPortDepth(CausalityInterfaceForComposites.java:759)
	at ptolemy.actor.util.CausalityInterfaceForComposites._computeInputDepth(CausalityInterfaceForComposites.java:696)
	at ptolemy.actor.util.CausalityInterfaceForComposites._computeOutputPortDepth(CausalityInterfaceForComposites.java:765)
	at ptolemy.actor.util.CausalityInterfaceForComposites._computeInputDepth(CausalityInterfaceForComposites.java:696)
	at ptolemy.actor.util.CausalityInterfaceForComposites._computeOutputPortDepth(CausalityInterfaceForComposites.java:765)
	at ptolemy.actor.util.CausalityInterfaceForComposites._computeInputDepth(CausalityInterfaceForComposites.java:696)
	at ptolemy.actor.util.CausalityInterfaceForComposites._computeActorDepth(CausalityInterfaceForComposites.java:532)
	at ptolemy.actor.util.CausalityInterfaceForComposites.checkForCycles(CausalityInterfaceForComposites.java:96)
	at ptolemy.domains.de.kernel.DEDirector.preinitialize(DEDirector.java:1338)
	at ptolemy.actor.CompositeActor.preinitialize(CompositeActor.java:1828)
	at ptolemy.actor.Manager.preinitializeAndResolveTypes(Manager.java:1040)
	at ptolemy.actor.Manager.initialize(Manager.java:710)
	at ptolemy.actor.Manager.execute(Manager.java:356)
	at ptolemy.actor.Manager.run(Manager.java:1263)
	at ptolemy.actor.Manager$PtolemyRunThread.run(Manager.java:1933)

    while executing
ptolemy.kernel.util.IllegalActionException: Found a zero delay loop containing .dependencyLoop.original
  in .dependencyLoop and .dependencyLoop.original
    while executing
"java::new ptolemy.moml.MoMLSimpleApplication $file
"
    (procedure "createAndExecute" line 2)
    invoked from within
"createAndExecute $file"
    ("uplevel" body line 5)
    invoked from within
"uplevel $contents_of_test"
------------------ testing $PTII/ptolemy/domains/de/test/auto/knownFailedTests/FSMSource.xml (Known Failure) 
92 ms. Memory: 120832K Free: 98969K (82%)
!!!! Auto was marked as failing, but now passes
------------------ testing $PTII/ptolemy/domains/de/test/auto/knownFailedTests/HierarchicalModel.xml (Known Failure) 
6 ms. Memory: 120832K Free: 81568K (68%)


==== $PTIIhome/travis/build/icyphy/ptII/ptolemy/domains/de/test/../../../../: Auto Automatic test in file $PTII/ptolemy/domains/de/test/auto/knownFailedTests/HierarchicalModel.xml
==== Contents of test case:

	    # FIXME: we should use $relativeFilename here, but it
	    # might have backslashes under Windows, which causes no end
	    # of trouble.
	    createAndExecute $file
	    list {}
	
.... Test generated KNOWN error:
    while executing
ptolemy.kernel.util.IllegalActionException: Found a zero delay loop containing .HierarchicalModel.A
  in .HierarchicalModel and .HierarchicalModel.A
	at ptolemy.actor.util.CausalityInterfaceForComposites._computeOutputPortDepth(CausalityInterfaceForComposites.java:759)
	at ptolemy.actor.util.CausalityInterfaceForComposites._computeInputDepth(CausalityInterfaceForComposites.java:696)
	at ptolemy.actor.util.CausalityInterfaceForComposites._computeOutputPortDepth(CausalityInterfaceForComposites.java:765)
	at ptolemy.actor.util.CausalityInterfaceForComposites._computeInputDepth(CausalityInterfaceForComposites.java:696)
	at ptolemy.actor.util.CausalityInterfaceForComposites._computeOutputPortDepth(CausalityInterfaceForComposites.java:765)
	at ptolemy.actor.util.CausalityInterfaceForComposites._computeInputDepth(CausalityInterfaceForComposites.java:696)
	at ptolemy.actor.util.CausalityInterfaceForComposites._computeActorDepth(CausalityInterfaceForComposites.java:532)
	at ptolemy.actor.util.CausalityInterfaceForComposites.checkForCycles(CausalityInterfaceForComposites.java:96)
	at ptolemy.domains.de.kernel.DEDirector.preinitialize(DEDirector.java:1338)
	at ptolemy.actor.CompositeActor.preinitialize(CompositeActor.java:1828)
	at ptolemy.actor.Manager.preinitializeAndResolveTypes(Manager.java:1040)
	at ptolemy.actor.Manager.initialize(Manager.java:710)
	at ptolemy.actor.Manager.execute(Manager.java:356)
	at ptolemy.actor.Manager.run(Manager.java:1263)
	at ptolemy.actor.Manager$PtolemyRunThread.run(Manager.java:1933)

    while executing
ptolemy.kernel.util.IllegalActionException: Found a zero delay loop containing .HierarchicalModel.A
  in .HierarchicalModel and .HierarchicalModel.A
    while executing
"java::new ptolemy.moml.MoMLSimpleApplication $file
"
    (procedure "createAndExecute" line 2)
    invoked from within
"createAndExecute $file"
    ("uplevel" body line 5)
    invoked from within
"uplevel $contents_of_test"
------------------ testing $PTII/ptolemy/domains/de/test/auto/knownFailedTests/dependencyLoop2.xml (Known Failure) 
28 ms. Memory: 120832K Free: 105837K (88%)


==== $PTIIhome/travis/build/icyphy/ptII/ptolemy/domains/de/test/../../../../: Auto Automatic test in file $PTII/ptolemy/domains/de/test/auto/knownFailedTests/dependencyLoop2.xml
==== Contents of test case:

	    # FIXME: we should use $relativeFilename here, but it
	    # might have backslashes under Windows, which causes no end
	    # of trouble.
	    createAndExecute $file
	    list {}
	
.... Test generated KNOWN error:
    while executing
ptolemy.kernel.util.IllegalActionException: Found a zero delay loop containing .dependencyLoop2.original
  in .dependencyLoop2 and .dependencyLoop2.original
	at ptolemy.actor.util.CausalityInterfaceForComposites._computeOutputPortDepth(CausalityInterfaceForComposites.java:759)
	at ptolemy.actor.util.CausalityInterfaceForComposites._computeInputDepth(CausalityInterfaceForComposites.java:696)
	at ptolemy.actor.util.CausalityInterfaceForComposites._computeOutputPortDepth(CausalityInterfaceForComposites.java:765)
	at ptolemy.actor.util.CausalityInterfaceForComposites._computeInputDepth(CausalityInterfaceForComposites.java:696)
	at ptolemy.actor.util.CausalityInterfaceForComposites._computeOutputPortDepth(CausalityInterfaceForComposites.java:765)
	at ptolemy.actor.util.CausalityInterfaceForComposites._computeInputDepth(CausalityInterfaceForComposites.java:696)
	at ptolemy.actor.util.CausalityInterfaceForComposites._computeActorDepth(CausalityInterfaceForComposites.java:532)
	at ptolemy.actor.util.CausalityInterfaceForComposites.checkForCycles(CausalityInterfaceForComposites.java:96)
	at ptolemy.domains.de.kernel.DEDirector.preinitialize(DEDirector.java:1338)
	at ptolemy.actor.CompositeActor.preinitialize(CompositeActor.java:1828)
	at ptolemy.actor.Manager.preinitializeAndResolveTypes(Manager.java:1040)
	at ptolemy.actor.Manager.initialize(Manager.java:710)
	at ptolemy.actor.Manager.execute(Manager.java:356)
	at ptolemy.actor.Manager.run(Manager.java:1263)
	at ptolemy.actor.Manager$PtolemyRunThread.run(Manager.java:1933)

    while executing
ptolemy.kernel.util.IllegalActionException: Found a zero delay loop containing .dependencyLoop2.original
  in .dependencyLoop2 and .dependencyLoop2.original
    while executing
"java::new ptolemy.moml.MoMLSimpleApplication $file
"
    (procedure "createAndExecute" line 2)
    invoked from within
"createAndExecute $file"
    ("uplevel" body line 5)
    invoked from within
"uplevel $contents_of_test"
------------------ testing $PTII/ptolemy/domains/de/test/auto/knownFailedTests/DESDFClockTest.xml (Known Failure) 
2074 ms. Memory: 120832K Free: 92587K (77%)


==== $PTIIhome/travis/build/icyphy/ptII/ptolemy/domains/de/test/../../../../: Auto Automatic test in file $PTII/ptolemy/domains/de/test/auto/knownFailedTests/DESDFClockTest.xml
==== Contents of test case:

	    # FIXME: we should use $relativeFilename here, but it
	    # might have backslashes under Windows, which causes no end
	    # of trouble.
	    createAndExecute $file
	    list {}
	
.... Test generated KNOWN error:
    while executing
ptolemy.kernel.util.IllegalActionException: Actor is not ready to fire.  Perhaps UpSample.prefire() returned false? Try debugging the actor by selecting "Listen to Actor".  Also, for SDF check moml for tokenConsumptionRate on input.
  in .DESDFClockTest.Play Bell.Copy1:SDF Director and .DESDFClockTest.Play Bell.UpSample
	at ptolemy.actor.sched.StaticSchedulingDirector.fire(StaticSchedulingDirector.java:227)
	at ptolemy.domains.sdf.kernel.SDFDirector.fire(SDFDirector.java:500)
	at ptolemy.actor.CompositeActor.fire(CompositeActor.java:455)
	at ptolemy.domains.de.kernel.DEDirector._fire(DEDirector.java:1949)
	at ptolemy.domains.de.kernel.DEDirector.fire(DEDirector.java:502)
	at ptolemy.actor.CompositeActor.fire(CompositeActor.java:455)
	at ptolemy.actor.Manager.iterate(Manager.java:851)
	at ptolemy.actor.Manager.execute(Manager.java:369)
	at ptolemy.actor.Manager.run(Manager.java:1263)
	at ptolemy.actor.Manager$PtolemyRunThread.run(Manager.java:1933)

    while executing
ptolemy.kernel.util.IllegalActionException: Actor is not ready to fire.  Perhaps UpSample.prefire() returned false? Try debugging the actor by selecting "Listen to Actor".  Also, for SDF check moml for tokenConsumptionRate on input.
  in .DESDFClockTest.Play Bell.Copy1:SDF Director and .DESDFClockTest.Play Bell.UpSample
    while executing
"java::new ptolemy.moml.MoMLSimpleApplication $file
"
    (procedure "createAndExecute" line 2)
    invoked from within
"createAndExecute $file"
    ("uplevel" body line 5)
    invoked from within
"uplevel $contents_of_test"
------------------ testing $PTII/ptolemy/domains/de/test/auto/ActorDepthCalculation_actorWithoutPorts.xml
auto.tcl: Setting watchdog for 200 seconds at Fri Jul 19 08:42:04 UTC 2019
5 ms. Memory: 120832K Free: 85405K (71%)
ptolemy.util.test.WatchDog.cancel(): canceling Fri Jul 19 08:42:04 UTC 2019
auto.tcl: Setting watchdog for 200 seconds at Fri Jul 19 08:42:04 UTC 2019
4 ms. Memory: 120832K Free: 83729K (69%)
ptolemy.util.test.WatchDog.cancel(): canceling Fri Jul 19 08:42:04 UTC 2019
------------------ testing $PTII/ptolemy/domains/de/test/auto/AssemblyLine.xml
auto.tcl: Setting watchdog for 200 seconds at Fri Jul 19 08:42:04 UTC 2019
10 ms. Memory: 48128K Free: 26035K (54%)
ptolemy.util.test.WatchDog.cancel(): canceling Fri Jul 19 08:42:04 UTC 2019
auto.tcl: Setting watchdog for 200 seconds at Fri Jul 19 08:42:04 UTC 2019
11 ms. Memory: 48128K Free: 25109K (52%)
ptolemy.util.test.WatchDog.cancel(): canceling Fri Jul 19 08:42:04 UTC 2019
------------------ testing $PTII/ptolemy/domains/de/test/auto/CQBug1.xml
auto.tcl: Setting watchdog for 200 seconds at Fri Jul 19 08:42:05 UTC 2019
10 ms. Memory: 48128K Free: 31607K (66%)
ptolemy.util.test.WatchDog.cancel(): canceling Fri Jul 19 08:42:05 UTC 2019
auto.tcl: Setting watchdog for 200 seconds at Fri Jul 19 08:42:05 UTC 2019
2 ms. Memory: 48128K Free: 31167K (65%)
ptolemy.util.test.WatchDog.cancel(): canceling Fri Jul 19 08:42:05 UTC 2019
------------------ testing $PTII/ptolemy/domains/de/test/auto/CancelFireAt.xml
auto.tcl: Setting watchdog for 200 seconds at Fri Jul 19 08:42:05 UTC 2019
3 ms. Memory: 45056K Free: 29704K (66%)
ptolemy.util.test.WatchDog.cancel(): canceling Fri Jul 19 08:42:05 UTC 2019
auto.tcl: Setting watchdog for 200 seconds at Fri Jul 19 08:42:05 UTC 2019
2 ms. Memory: 45056K Free: 29321K (65%)
ptolemy.util.test.WatchDog.cancel(): canceling Fri Jul 19 08:42:05 UTC 2019
------------------ testing $PTII/ptolemy/domains/de/test/auto/CausalityAndComposabilityAnalysis.xml
auto.tcl: Setting watchdog for 200 seconds at Fri Jul 19 08:42:05 UTC 2019
8 ms. Memory: 45056K Free: 27424K (61%)
ptolemy.util.test.WatchDog.cancel(): canceling Fri Jul 19 08:42:05 UTC 2019
auto.tcl: Setting watchdog for 200 seconds at Fri Jul 19 08:42:05 UTC 2019
5 ms. Memory: 45056K Free: 27033K (60%)
ptolemy.util.test.WatchDog.cancel(): canceling Fri Jul 19 08:42:05 UTC 2019
------------------ testing $PTII/ptolemy/domains/de/test/auto/CausalityInterface1.xml
auto.tcl: Setting watchdog for 200 seconds at Fri Jul 19 08:42:05 UTC 2019
30 ms. Memory: 45056K Free: 26365K (59%)
ptolemy.util.test.WatchDog.cancel(): canceling Fri Jul 19 08:42:05 UTC 2019
auto.tcl: Setting watchdog for 200 seconds at Fri Jul 19 08:42:05 UTC 2019
4 ms. Memory: 45056K Free: 25399K (56%)
ptolemy.util.test.WatchDog.cancel(): canceling Fri Jul 19 08:42:05 UTC 2019
------------------ testing $PTII/ptolemy/domains/de/test/auto/CausalityInterface15.xml
auto.tcl: Setting watchdog for 200 seconds at Fri Jul 19 08:42:05 UTC 2019
8 ms. Memory: 45056K Free: 26047K (58%)
ptolemy.util.test.WatchDog.cancel(): canceling Fri Jul 19 08:42:05 UTC 2019
auto.tcl: Setting watchdog for 200 seconds at Fri Jul 19 08:42:05 UTC 2019
4 ms. Memory: 45056K Free: 25387K (56%)
ptolemy.util.test.WatchDog.cancel(): canceling Fri Jul 19 08:42:05 UTC 2019
------------------ testing $PTII/ptolemy/domains/de/test/auto/CausalityInterface2.xml
auto.tcl: Setting watchdog for 200 seconds at Fri Jul 19 08:42:05 UTC 2019
4 ms. Memory: 45056K Free: 27095K (60%)
ptolemy.util.test.WatchDog.cancel(): canceling Fri Jul 19 08:42:05 UTC 2019
auto.tcl: Setting watchdog for 200 seconds at Fri Jul 19 08:42:05 UTC 2019
3 ms. Memory: 45056K Free: 26383K (59%)
ptolemy.util.test.WatchDog.cancel(): canceling Fri Jul 19 08:42:05 UTC 2019
------------------ testing $PTII/ptolemy/domains/de/test/auto/CausalityInterface3.xml
auto.tcl: Setting watchdog for 200 seconds at Fri Jul 19 08:42:05 UTC 2019
5 ms. Memory: 45056K Free: 26557K (59%)
ptolemy.util.test.WatchDog.cancel(): canceling Fri Jul 19 08:42:05 UTC 2019
auto.tcl: Setting watchdog for 200 seconds at Fri Jul 19 08:42:05 UTC 2019
3 ms. Memory: 45056K Free: 25792K (57%)
ptolemy.util.test.WatchDog.cancel(): canceling Fri Jul 19 08:42:05 UTC 2019
------------------ testing $PTII/ptolemy/domains/de/test/auto/ClockDrift.xml
auto.tcl: Setting watchdog for 200 seconds at Fri Jul 19 08:42:05 UTC 2019
107 ms. Memory: 45056K Free: 19131K (42%)
ptolemy.util.test.WatchDog.cancel(): canceling Fri Jul 19 08:42:05 UTC 2019
auto.tcl: Setting watchdog for 200 seconds at Fri Jul 19 08:42:05 UTC 2019
64 ms. Memory: 45056K Free: 16147K (36%)
ptolemy.util.test.WatchDog.cancel(): canceling Fri Jul 19 08:42:05 UTC 2019
------------------ testing $PTII/ptolemy/domains/de/test/auto/ClockDriftAndValueChange.xml
auto.tcl: Setting watchdog for 200 seconds at Fri Jul 19 08:42:05 UTC 2019
21 ms. Memory: 45056K Free: 19217K (43%)
ptolemy.util.test.WatchDog.cancel(): canceling Fri Jul 19 08:42:06 UTC 2019
auto.tcl: Setting watchdog for 200 seconds at Fri Jul 19 08:42:06 UTC 2019
18 ms. Memory: 45056K Free: 16372K (36%)
ptolemy.util.test.WatchDog.cancel(): canceling Fri Jul 19 08:42:06 UTC 2019
------------------ testing $PTII/ptolemy/domains/de/test/auto/ClockDriftChange.xml
auto.tcl: Setting watchdog for 200 seconds at Fri Jul 19 08:42:06 UTC 2019
26 ms. Memory: 45056K Free: 21264K (47%)
ptolemy.util.test.WatchDog.cancel(): canceling Fri Jul 19 08:42:06 UTC 2019
auto.tcl: Setting watchdog for 200 seconds at Fri Jul 19 08:42:06 UTC 2019
32 ms. Memory: 45056K Free: 18419K (41%)
ptolemy.util.test.WatchDog.cancel(): canceling Fri Jul 19 08:42:06 UTC 2019
------------------ testing $PTII/ptolemy/domains/de/test/auto/ComposableCausalityAnalysis.xml
auto.tcl: Setting watchdog for 200 seconds at Fri Jul 19 08:42:06 UTC 2019
2 ms. Memory: 45056K Free: 25908K (58%)
ptolemy.util.test.WatchDog.cancel(): canceling Fri Jul 19 08:42:06 UTC 2019
auto.tcl: Setting watchdog for 200 seconds at Fri Jul 19 08:42:06 UTC 2019
5 ms. Memory: 45056K Free: 24894K (55%)
ptolemy.util.test.WatchDog.cancel(): canceling Fri Jul 19 08:42:06 UTC 2019
------------------ testing $PTII/ptolemy/domains/de/test/auto/DEFixedPointLimitation.xml
auto.tcl: Setting watchdog for 200 seconds at Fri Jul 19 08:42:06 UTC 2019
3 ms. Memory: 45056K Free: 27246K (60%)
ptolemy.util.test.WatchDog.cancel(): canceling Fri Jul 19 08:42:06 UTC 2019
auto.tcl: Setting watchdog for 200 seconds at Fri Jul 19 08:42:06 UTC 2019
2 ms. Memory: 45056K Free: 26335K (58%)
ptolemy.util.test.WatchDog.cancel(): canceling Fri Jul 19 08:42:06 UTC 2019
------------------ testing $PTII/ptolemy/domains/de/test/auto/DEScheduleTest.xml
auto.tcl: Setting watchdog for 200 seconds at Fri Jul 19 08:42:06 UTC 2019
6 ms. Memory: 45056K Free: 27520K (61%)
ptolemy.util.test.WatchDog.cancel(): canceling Fri Jul 19 08:42:06 UTC 2019
auto.tcl: Setting watchdog for 200 seconds at Fri Jul 19 08:42:06 UTC 2019
3 ms. Memory: 45056K Free: 26764K (59%)
ptolemy.util.test.WatchDog.cancel(): canceling Fri Jul 19 08:42:06 UTC 2019
------------------ testing $PTII/ptolemy/domains/de/test/auto/DEinDEwithStartTimes.xml
auto.tcl: Setting watchdog for 200 seconds at Fri Jul 19 08:42:06 UTC 2019
4 ms. Memory: 45056K Free: 25726K (57%)
ptolemy.util.test.WatchDog.cancel(): canceling Fri Jul 19 08:42:06 UTC 2019
auto.tcl: Setting watchdog for 200 seconds at Fri Jul 19 08:42:06 UTC 2019
3 ms. Memory: 45056K Free: 24667K (55%)
ptolemy.util.test.WatchDog.cancel(): canceling Fri Jul 19 08:42:06 UTC 2019
------------------ testing $PTII/ptolemy/domains/de/test/auto/DEinDEwithStartTimes2.xml
auto.tcl: Setting watchdog for 200 seconds at Fri Jul 19 08:42:06 UTC 2019
4 ms. Memory: 45056K Free: 24922K (55%)
ptolemy.util.test.WatchDog.cancel(): canceling Fri Jul 19 08:42:06 UTC 2019
auto.tcl: Setting watchdog for 200 seconds at Fri Jul 19 08:42:06 UTC 2019
4 ms. Memory: 45056K Free: 23622K (52%)
ptolemy.util.test.WatchDog.cancel(): canceling Fri Jul 19 08:42:06 UTC 2019
------------------ testing $PTII/ptolemy/domains/de/test/auto/DateDemo.xml
auto.tcl: Setting watchdog for 200 seconds at Fri Jul 19 08:42:06 UTC 2019
13 ms. Memory: 45056K Free: 19274K (43%)
ptolemy.util.test.WatchDog.cancel(): canceling Fri Jul 19 08:42:06 UTC 2019
auto.tcl: Setting watchdog for 200 seconds at Fri Jul 19 08:42:06 UTC 2019
7 ms. Memory: 45056K Free: 17721K (39%)
ptolemy.util.test.WatchDog.cancel(): canceling Fri Jul 19 08:42:06 UTC 2019
------------------ testing $PTII/ptolemy/domains/de/test/auto/DateToEvent.xml
auto.tcl: Setting watchdog for 200 seconds at Fri Jul 19 08:42:06 UTC 2019
2011 ms. Memory: 45056K Free: 15186K (34%)
ptolemy.util.test.WatchDog.cancel(): canceling Fri Jul 19 08:42:08 UTC 2019
auto.tcl: Setting watchdog for 200 seconds at Fri Jul 19 08:42:08 UTC 2019
2004 ms. Memory: 45056K Free: 14162K (31%)
ptolemy.util.test.WatchDog.cancel(): canceling Fri Jul 19 08:42:10 UTC 2019
------------------ testing $PTII/ptolemy/domains/de/test/auto/DepthTest1.xml
auto.tcl: Setting watchdog for 200 seconds at Fri Jul 19 08:42:11 UTC 2019
3 ms. Memory: 45056K Free: 28479K (63%)
ptolemy.util.test.WatchDog.cancel(): canceling Fri Jul 19 08:42:11 UTC 2019
auto.tcl: Setting watchdog for 200 seconds at Fri Jul 19 08:42:11 UTC 2019
2 ms. Memory: 45056K Free: 27972K (62%)
ptolemy.util.test.WatchDog.cancel(): canceling Fri Jul 19 08:42:11 UTC 2019
------------------ testing $PTII/ptolemy/domains/de/test/auto/DepthTest2.xml
auto.tcl: Setting watchdog for 200 seconds at Fri Jul 19 08:42:11 UTC 2019
5 ms. Memory: 45056K Free: 25209K (56%)
ptolemy.util.test.WatchDog.cancel(): canceling Fri Jul 19 08:42:11 UTC 2019
auto.tcl: Setting watchdog for 200 seconds at Fri Jul 19 08:42:11 UTC 2019
3 ms. Memory: 45056K Free: 24802K (55%)
ptolemy.util.test.WatchDog.cancel(): canceling Fri Jul 19 08:42:11 UTC 2019
------------------ testing $PTII/ptolemy/domains/de/test/auto/DepthTest3.xml
auto.tcl: Setting watchdog for 200 seconds at Fri Jul 19 08:42:11 UTC 2019
3 ms. Memory: 45056K Free: 28816K (64%)
ptolemy.util.test.WatchDog.cancel(): canceling Fri Jul 19 08:42:11 UTC 2019
auto.tcl: Setting watchdog for 200 seconds at Fri Jul 19 08:42:11 UTC 2019
1 ms. Memory: 45056K Free: 28271K (63%)
ptolemy.util.test.WatchDog.cancel(): canceling Fri Jul 19 08:42:11 UTC 2019
------------------ testing $PTII/ptolemy/domains/de/test/auto/DepthTest4.xml
auto.tcl: Setting watchdog for 200 seconds at Fri Jul 19 08:42:11 UTC 2019
4 ms. Memory: 45056K Free: 27025K (60%)
ptolemy.util.test.WatchDog.cancel(): canceling Fri Jul 19 08:42:11 UTC 2019
auto.tcl: Setting watchdog for 200 seconds at Fri Jul 19 08:42:11 UTC 2019
3 ms. Memory: 45056K Free: 26298K (58%)
ptolemy.util.test.WatchDog.cancel(): canceling Fri Jul 19 08:42:11 UTC 2019
------------------ testing $PTII/ptolemy/domains/de/test/auto/DepthTest5.xml
auto.tcl: Setting watchdog for 200 seconds at Fri Jul 19 08:42:11 UTC 2019
9 ms. Memory: 45056K Free: 26430K (59%)
ptolemy.util.test.WatchDog.cancel(): canceling Fri Jul 19 08:42:11 UTC 2019
auto.tcl: Setting watchdog for 200 seconds at Fri Jul 19 08:42:11 UTC 2019
3 ms. Memory: 45056K Free: 25690K (57%)
ptolemy.util.test.WatchDog.cancel(): canceling Fri Jul 19 08:42:11 UTC 2019
------------------ testing $PTII/ptolemy/domains/de/test/auto/DepthTest6.xml
auto.tcl: Setting watchdog for 200 seconds at Fri Jul 19 08:42:11 UTC 2019
3 ms. Memory: 45056K Free: 26094K (58%)
ptolemy.util.test.WatchDog.cancel(): canceling Fri Jul 19 08:42:11 UTC 2019
auto.tcl: Setting watchdog for 200 seconds at Fri Jul 19 08:42:11 UTC 2019
3 ms. Memory: 45056K Free: 25601K (57%)
ptolemy.util.test.WatchDog.cancel(): canceling Fri Jul 19 08:42:11 UTC 2019
------------------ testing $PTII/ptolemy/domains/de/test/auto/DepthTest7.xml
auto.tcl: Setting watchdog for 200 seconds at Fri Jul 19 08:42:11 UTC 2019
3 ms. Memory: 45056K Free: 26944K (60%)
ptolemy.util.test.WatchDog.cancel(): canceling Fri Jul 19 08:42:11 UTC 2019
auto.tcl: Setting watchdog for 200 seconds at Fri Jul 19 08:42:11 UTC 2019
2 ms. Memory: 45056K Free: 26206K (58%)
ptolemy.util.test.WatchDog.cancel(): canceling Fri Jul 19 08:42:11 UTC 2019
------------------ testing $PTII/ptolemy/domains/de/test/auto/EventToDate.xml
auto.tcl: Setting watchdog for 200 seconds at Fri Jul 19 08:42:11 UTC 2019
3010 ms. Memory: 45056K Free: 17750K (39%)
ptolemy.util.test.WatchDog.cancel(): canceling Fri Jul 19 08:42:14 UTC 2019
auto.tcl: Setting watchdog for 200 seconds at Fri Jul 19 08:42:14 UTC 2019
3004 ms. Memory: 45056K Free: 17049K (38%)
ptolemy.util.test.WatchDog.cancel(): canceling Fri Jul 19 08:42:17 UTC 2019
------------------ testing $PTII/ptolemy/domains/de/test/auto/FSM1.xml
auto.tcl: Setting watchdog for 200 seconds at Fri Jul 19 08:42:17 UTC 2019
24 ms. Memory: 45056K Free: 18949K (42%)
ptolemy.util.test.WatchDog.cancel(): canceling Fri Jul 19 08:42:17 UTC 2019
auto.tcl: Setting watchdog for 200 seconds at Fri Jul 19 08:42:17 UTC 2019
19 ms. Memory: 45056K Free: 15702K (35%)
ptolemy.util.test.WatchDog.cancel(): canceling Fri Jul 19 08:42:17 UTC 2019
------------------ testing $PTII/ptolemy/domains/de/test/auto/FSM7.xml
auto.tcl: Setting watchdog for 200 seconds at Fri Jul 19 08:42:17 UTC 2019
25 ms. Memory: 45056K Free: 18278K (41%)
ptolemy.util.test.WatchDog.cancel(): canceling Fri Jul 19 08:42:17 UTC 2019
auto.tcl: Setting watchdog for 200 seconds at Fri Jul 19 08:42:17 UTC 2019
20 ms. Memory: 45056K Free: 15160K (34%)
ptolemy.util.test.WatchDog.cancel(): canceling Fri Jul 19 08:42:17 UTC 2019
------------------ testing $PTII/ptolemy/domains/de/test/auto/Inspection.xml
auto.tcl: Setting watchdog for 200 seconds at Fri Jul 19 08:42:17 UTC 2019
34 ms. Memory: 45056K Free: 18265K (41%)
ptolemy.util.test.WatchDog.cancel(): canceling Fri Jul 19 08:42:18 UTC 2019
auto.tcl: Setting watchdog for 200 seconds at Fri Jul 19 08:42:18 UTC 2019
30 ms. Memory: 45056K Free: 16529K (37%)
ptolemy.util.test.WatchDog.cancel(): canceling Fri Jul 19 08:42:18 UTC 2019
------------------ testing $PTII/ptolemy/domains/de/test/auto/Iteration.xml
auto.tcl: Setting watchdog for 200 seconds at Fri Jul 19 08:42:18 UTC 2019
9 ms. Memory: 45056K Free: 24053K (53%)
ptolemy.util.test.WatchDog.cancel(): canceling Fri Jul 19 08:42:18 UTC 2019
auto.tcl: Setting watchdog for 200 seconds at Fri Jul 19 08:42:18 UTC 2019
8 ms. Memory: 45056K Free: 22601K (50%)
ptolemy.util.test.WatchDog.cancel(): canceling Fri Jul 19 08:42:18 UTC 2019
------------------ testing $PTII/ptolemy/domains/de/test/auto/LineFault.xml
auto.tcl: Setting watchdog for 200 seconds at Fri Jul 19 08:42:18 UTC 2019
717 ms. Memory: 45056K Free: 14231K (32%)
ptolemy.util.test.WatchDog.cancel(): canceling Fri Jul 19 08:42:19 UTC 2019
auto.tcl: Setting watchdog for 200 seconds at Fri Jul 19 08:42:19 UTC 2019
704 ms. Memory: 62464K Free: 40237K (64%)
ptolemy.util.test.WatchDog.cancel(): canceling Fri Jul 19 08:42:19 UTC 2019
------------------ testing $PTII/ptolemy/domains/de/test/auto/MergeModel1Add.xml
auto.tcl: Setting watchdog for 200 seconds at Fri Jul 19 08:42:19 UTC 2019
23 ms. Memory: 55296K Free: 20213K (37%)
ptolemy.util.test.WatchDog.cancel(): canceling Fri Jul 19 08:42:20 UTC 2019
auto.tcl: Setting watchdog for 200 seconds at Fri Jul 19 08:42:20 UTC 2019
18 ms. Memory: 55296K Free: 18593K (34%)
ptolemy.util.test.WatchDog.cancel(): canceling Fri Jul 19 08:42:20 UTC 2019
------------------ testing $PTII/ptolemy/domains/de/test/auto/MergeModel2Add.xml
auto.tcl: Setting watchdog for 200 seconds at Fri Jul 19 08:42:20 UTC 2019
11 ms. Memory: 51200K Free: 17934K (35%)
ptolemy.util.test.WatchDog.cancel(): canceling Fri Jul 19 08:42:20 UTC 2019
auto.tcl: Setting watchdog for 200 seconds at Fri Jul 19 08:42:20 UTC 2019
10 ms. Memory: 51200K Free: 16222K (32%)
ptolemy.util.test.WatchDog.cancel(): canceling Fri Jul 19 08:42:20 UTC 2019
------------------ testing $PTII/ptolemy/domains/de/test/auto/MergeModel3Add.xml
auto.tcl: Setting watchdog for 200 seconds at Fri Jul 19 08:42:20 UTC 2019
10 ms. Memory: 51200K Free: 18219K (36%)
ptolemy.util.test.WatchDog.cancel(): canceling Fri Jul 19 08:42:20 UTC 2019
auto.tcl: Setting watchdog for 200 seconds at Fri Jul 19 08:42:20 UTC 2019
6 ms. Memory: 51200K Free: 16644K (33%)
ptolemy.util.test.WatchDog.cancel(): canceling Fri Jul 19 08:42:20 UTC 2019
------------------ testing $PTII/ptolemy/domains/de/test/auto/MergeWithoutDiscard.xml
auto.tcl: Setting watchdog for 200 seconds at Fri Jul 19 08:42:20 UTC 2019
1 ms. Memory: 48128K Free: 29713K (62%)
ptolemy.util.test.WatchDog.cancel(): canceling Fri Jul 19 08:42:20 UTC 2019
auto.tcl: Setting watchdog for 200 seconds at Fri Jul 19 08:42:20 UTC 2019
1 ms. Memory: 48128K Free: 29301K (61%)
ptolemy.util.test.WatchDog.cancel(): canceling Fri Jul 19 08:42:20 UTC 2019
------------------ testing $PTII/ptolemy/domains/de/test/auto/Modal1.xml
auto.tcl: Setting watchdog for 200 seconds at Fri Jul 19 08:42:20 UTC 2019
12 ms. Memory: 48128K Free: 21604K (45%)
ptolemy.util.test.WatchDog.cancel(): canceling Fri Jul 19 08:42:20 UTC 2019
auto.tcl: Setting watchdog for 200 seconds at Fri Jul 19 08:42:20 UTC 2019
13 ms. Memory: 48128K Free: 18192K (38%)
ptolemy.util.test.WatchDog.cancel(): canceling Fri Jul 19 08:42:20 UTC 2019
------------------ testing $PTII/ptolemy/domains/de/test/auto/Modal2.xml
auto.tcl: Setting watchdog for 200 seconds at Fri Jul 19 08:42:20 UTC 2019
11 ms. Memory: 48128K Free: 21236K (44%)
ptolemy.util.test.WatchDog.cancel(): canceling Fri Jul 19 08:42:20 UTC 2019
auto.tcl: Setting watchdog for 200 seconds at Fri Jul 19 08:42:20 UTC 2019
11 ms. Memory: 48128K Free: 18102K (38%)
ptolemy.util.test.WatchDog.cancel(): canceling Fri Jul 19 08:42:20 UTC 2019
------------------ testing $PTII/ptolemy/domains/de/test/auto/Modal3.xml
auto.tcl: Setting watchdog for 200 seconds at Fri Jul 19 08:42:20 UTC 2019
13 ms. Memory: 48128K Free: 21695K (45%)
ptolemy.util.test.WatchDog.cancel(): canceling Fri Jul 19 08:42:20 UTC 2019
auto.tcl: Setting watchdog for 200 seconds at Fri Jul 19 08:42:20 UTC 2019
15 ms. Memory: 48128K Free: 18110K (38%)
ptolemy.util.test.WatchDog.cancel(): canceling Fri Jul 19 08:42:20 UTC 2019
------------------ testing $PTII/ptolemy/domains/de/test/auto/Modal4.xml
auto.tcl: Setting watchdog for 200 seconds at Fri Jul 19 08:42:20 UTC 2019
23 ms. Memory: 48128K Free: 20668K (43%)
ptolemy.util.test.WatchDog.cancel(): canceling Fri Jul 19 08:42:20 UTC 2019
auto.tcl: Setting watchdog for 200 seconds at Fri Jul 19 08:42:20 UTC 2019
14 ms. Memory: 48128K Free: 16821K (35%)
ptolemy.util.test.WatchDog.cancel(): canceling Fri Jul 19 08:42:20 UTC 2019
------------------ testing $PTII/ptolemy/domains/de/test/auto/Modal5.xml
auto.tcl: Setting watchdog for 200 seconds at Fri Jul 19 08:42:20 UTC 2019
15 ms. Memory: 48128K Free: 20646K (43%)
ptolemy.util.test.WatchDog.cancel(): canceling Fri Jul 19 08:42:20 UTC 2019
auto.tcl: Setting watchdog for 200 seconds at Fri Jul 19 08:42:20 UTC 2019
15 ms. Memory: 48128K Free: 16807K (35%)
ptolemy.util.test.WatchDog.cancel(): canceling Fri Jul 19 08:42:20 UTC 2019
------------------ testing $PTII/ptolemy/domains/de/test/auto/Modal6.xml
auto.tcl: Setting watchdog for 200 seconds at Fri Jul 19 08:42:21 UTC 2019
12 ms. Memory: 48128K Free: 21418K (45%)
ptolemy.util.test.WatchDog.cancel(): canceling Fri Jul 19 08:42:21 UTC 2019
auto.tcl: Setting watchdog for 200 seconds at Fri Jul 19 08:42:21 UTC 2019
14 ms. Memory: 48128K Free: 17468K (36%)
ptolemy.util.test.WatchDog.cancel(): canceling Fri Jul 19 08:42:21 UTC 2019
------------------ testing $PTII/ptolemy/domains/de/test/auto/Modal7.xml
auto.tcl: Setting watchdog for 200 seconds at Fri Jul 19 08:42:21 UTC 2019
15 ms. Memory: 48128K Free: 20396K (42%)
ptolemy.util.test.WatchDog.cancel(): canceling Fri Jul 19 08:42:21 UTC 2019
auto.tcl: Setting watchdog for 200 seconds at Fri Jul 19 08:42:21 UTC 2019
12 ms. Memory: 48128K Free: 16806K (35%)
ptolemy.util.test.WatchDog.cancel(): canceling Fri Jul 19 08:42:21 UTC 2019
------------------ testing $PTII/ptolemy/domains/de/test/auto/ModalModel.xml
auto.tcl: Setting watchdog for 200 seconds at Fri Jul 19 08:42:21 UTC 2019
230 ms. Memory: 60416K Free: 43566K (72%)
ptolemy.util.test.WatchDog.cancel(): canceling Fri Jul 19 08:42:21 UTC 2019
auto.tcl: Setting watchdog for 200 seconds at Fri Jul 19 08:42:21 UTC 2019
185 ms. Memory: 60416K Free: 40499K (67%)
ptolemy.util.test.WatchDog.cancel(): canceling Fri Jul 19 08:42:21 UTC 2019
------------------ testing $PTII/ptolemy/domains/de/test/auto/ModalSource.xml
auto.tcl: Setting watchdog for 200 seconds at Fri Jul 19 08:42:21 UTC 2019
6 ms. Memory: 51200K Free: 28536K (56%)
ptolemy.util.test.WatchDog.cancel(): canceling Fri Jul 19 08:42:21 UTC 2019
auto.tcl: Setting watchdog for 200 seconds at Fri Jul 19 08:42:21 UTC 2019
7 ms. Memory: 51200K Free: 26029K (51%)
ptolemy.util.test.WatchDog.cancel(): canceling Fri Jul 19 08:42:21 UTC 2019
------------------ testing $PTII/ptolemy/domains/de/test/auto/NonInterruptibleTimerZeroDelay.xml
auto.tcl: Setting watchdog for 200 seconds at Fri Jul 19 08:42:21 UTC 2019
3 ms. Memory: 51200K Free: 33439K (65%)
ptolemy.util.test.WatchDog.cancel(): canceling Fri Jul 19 08:42:21 UTC 2019
auto.tcl: Setting watchdog for 200 seconds at Fri Jul 19 08:42:21 UTC 2019
2 ms. Memory: 51200K Free: 32811K (64%)
ptolemy.util.test.WatchDog.cancel(): canceling Fri Jul 19 08:42:21 UTC 2019
------------------ testing $PTII/ptolemy/domains/de/test/auto/OpenQueueingNetwork.xml
auto.tcl: Setting watchdog for 200 seconds at Fri Jul 19 08:42:21 UTC 2019
3015 ms. Memory: 108544K Free: 65815K (61%)
ptolemy.util.test.WatchDog.cancel(): canceling Fri Jul 19 08:42:25 UTC 2019
auto.tcl: Setting watchdog for 200 seconds at Fri Jul 19 08:42:25 UTC 2019
2667 ms. Memory: 108544K Free: 83296K (77%)
ptolemy.util.test.WatchDog.cancel(): canceling Fri Jul 19 08:42:27 UTC 2019
------------------ testing $PTII/ptolemy/domains/de/test/auto/OpenQueuingNetwork.xml
auto.tcl: Setting watchdog for 200 seconds at Fri Jul 19 08:42:27 UTC 2019
294 ms. Memory: 55296K Free: 24556K (44%)
ptolemy.util.test.WatchDog.cancel(): canceling Fri Jul 19 08:42:28 UTC 2019
auto.tcl: Setting watchdog for 200 seconds at Fri Jul 19 08:42:28 UTC 2019
248 ms. Memory: 66560K Free: 48971K (74%)
ptolemy.util.test.WatchDog.cancel(): canceling Fri Jul 19 08:42:28 UTC 2019
------------------ testing $PTII/ptolemy/domains/de/test/auto/PeriodicSampler.xml
auto.tcl: Setting watchdog for 200 seconds at Fri Jul 19 08:42:28 UTC 2019
3 ms. Memory: 51200K Free: 32689K (64%)
ptolemy.util.test.WatchDog.cancel(): canceling Fri Jul 19 08:42:28 UTC 2019
auto.tcl: Setting watchdog for 200 seconds at Fri Jul 19 08:42:28 UTC 2019
2 ms. Memory: 51200K Free: 32169K (63%)
ptolemy.util.test.WatchDog.cancel(): canceling Fri Jul 19 08:42:28 UTC 2019
------------------ testing $PTII/ptolemy/domains/de/test/auto/PersistentIO.xml
auto.tcl: Setting watchdog for 200 seconds at Fri Jul 19 08:42:28 UTC 2019
15 ms. Memory: 51200K Free: 27613K (54%)
ptolemy.util.test.WatchDog.cancel(): canceling Fri Jul 19 08:42:28 UTC 2019
auto.tcl: Setting watchdog for 200 seconds at Fri Jul 19 08:42:28 UTC 2019
4 ms. Memory: 51200K Free: 26093K (51%)
ptolemy.util.test.WatchDog.cancel(): canceling Fri Jul 19 08:42:28 UTC 2019
------------------ testing $PTII/ptolemy/domains/de/test/auto/PortParameterResetOnInitialize.xml
auto.tcl: Setting watchdog for 200 seconds at Fri Jul 19 08:42:28 UTC 2019
2 ms. Memory: 51200K Free: 32595K (64%)
ptolemy.util.test.WatchDog.cancel(): canceling Fri Jul 19 08:42:28 UTC 2019
auto.tcl: Setting watchdog for 200 seconds at Fri Jul 19 08:42:28 UTC 2019
2 ms. Memory: 51200K Free: 32102K (63%)
ptolemy.util.test.WatchDog.cancel(): canceling Fri Jul 19 08:42:28 UTC 2019
------------------ testing $PTII/ptolemy/domains/de/test/auto/PortParameterUpdates.xml
auto.tcl: Setting watchdog for 200 seconds at Fri Jul 19 08:42:28 UTC 2019
4 ms. Memory: 51200K Free: 30881K (60%)
ptolemy.util.test.WatchDog.cancel(): canceling Fri Jul 19 08:42:28 UTC 2019
auto.tcl: Setting watchdog for 200 seconds at Fri Jul 19 08:42:28 UTC 2019
4 ms. Memory: 51200K Free: 29664K (58%)
ptolemy.util.test.WatchDog.cancel(): canceling Fri Jul 19 08:42:28 UTC 2019
------------------ testing $PTII/ptolemy/domains/de/test/auto/QueueAndServer.xml
auto.tcl: Setting watchdog for 200 seconds at Fri Jul 19 08:42:28 UTC 2019
6 ms. Memory: 51200K Free: 29554K (58%)
ptolemy.util.test.WatchDog.cancel(): canceling Fri Jul 19 08:42:28 UTC 2019
auto.tcl: Setting watchdog for 200 seconds at Fri Jul 19 08:42:28 UTC 2019
6 ms. Memory: 51200K Free: 28102K (55%)
ptolemy.util.test.WatchDog.cancel(): canceling Fri Jul 19 08:42:28 UTC 2019
------------------ testing $PTII/ptolemy/domains/de/test/auto/Records.xml
auto.tcl: Setting watchdog for 200 seconds at Fri Jul 19 08:42:28 UTC 2019
6 ms. Memory: 51200K Free: 31840K (62%)
ptolemy.util.test.WatchDog.cancel(): canceling Fri Jul 19 08:42:28 UTC 2019
auto.tcl: Setting watchdog for 200 seconds at Fri Jul 19 08:42:28 UTC 2019
2 ms. Memory: 51200K Free: 31318K (61%)
ptolemy.util.test.WatchDog.cancel(): canceling Fri Jul 19 08:42:28 UTC 2019
------------------ testing $PTII/ptolemy/domains/de/test/auto/ResetTransitionWithStartTime1.xml
auto.tcl: Setting watchdog for 200 seconds at Fri Jul 19 08:42:28 UTC 2019
11 ms. Memory: 51200K Free: 29098K (57%)
ptolemy.util.test.WatchDog.cancel(): canceling Fri Jul 19 08:42:28 UTC 2019
auto.tcl: Setting watchdog for 200 seconds at Fri Jul 19 08:42:28 UTC 2019
7 ms. Memory: 51200K Free: 26528K (52%)
ptolemy.util.test.WatchDog.cancel(): canceling Fri Jul 19 08:42:28 UTC 2019
------------------ testing $PTII/ptolemy/domains/de/test/auto/ResetTransitionWithStartTime2.xml
auto.tcl: Setting watchdog for 200 seconds at Fri Jul 19 08:42:29 UTC 2019
7 ms. Memory: 51200K Free: 29053K (57%)
ptolemy.util.test.WatchDog.cancel(): canceling Fri Jul 19 08:42:29 UTC 2019
auto.tcl: Setting watchdog for 200 seconds at Fri Jul 19 08:42:29 UTC 2019
8 ms. Memory: 51200K Free: 26483K (52%)
ptolemy.util.test.WatchDog.cancel(): canceling Fri Jul 19 08:42:29 UTC 2019
------------------ testing $PTII/ptolemy/domains/de/test/auto/ResetTransitionWithStartTime3.xml
auto.tcl: Setting watchdog for 200 seconds at Fri Jul 19 08:42:29 UTC 2019
11 ms. Memory: 51200K Free: 29052K (57%)
ptolemy.util.test.WatchDog.cancel(): canceling Fri Jul 19 08:42:29 UTC 2019
auto.tcl: Setting watchdog for 200 seconds at Fri Jul 19 08:42:29 UTC 2019
8 ms. Memory: 51200K Free: 27008K (53%)
ptolemy.util.test.WatchDog.cancel(): canceling Fri Jul 19 08:42:29 UTC 2019
------------------ testing $PTII/ptolemy/domains/de/test/auto/ResetTransitionWithStartTime4.xml
auto.tcl: Setting watchdog for 200 seconds at Fri Jul 19 08:42:29 UTC 2019
11 ms. Memory: 48128K Free: 26447K (55%)
ptolemy.util.test.WatchDog.cancel(): canceling Fri Jul 19 08:42:29 UTC 2019
auto.tcl: Setting watchdog for 200 seconds at Fri Jul 19 08:42:29 UTC 2019
4 ms. Memory: 48128K Free: 24988K (52%)
ptolemy.util.test.WatchDog.cancel(): canceling Fri Jul 19 08:42:29 UTC 2019
------------------ testing $PTII/ptolemy/domains/de/test/auto/ResettableTimer1.xml
auto.tcl: Setting watchdog for 200 seconds at Fri Jul 19 08:42:29 UTC 2019
4 ms. Memory: 48128K Free: 30248K (63%)
ptolemy.util.test.WatchDog.cancel(): canceling Fri Jul 19 08:42:29 UTC 2019
auto.tcl: Setting watchdog for 200 seconds at Fri Jul 19 08:42:29 UTC 2019
3 ms. Memory: 48128K Free: 29145K (61%)
ptolemy.util.test.WatchDog.cancel(): canceling Fri Jul 19 08:42:29 UTC 2019
------------------ testing $PTII/ptolemy/domains/de/test/auto/ResettableTimer2.xml
auto.tcl: Setting watchdog for 200 seconds at Fri Jul 19 08:42:29 UTC 2019
3 ms. Memory: 48128K Free: 30274K (63%)
ptolemy.util.test.WatchDog.cancel(): canceling Fri Jul 19 08:42:29 UTC 2019
auto.tcl: Setting watchdog for 200 seconds at Fri Jul 19 08:42:29 UTC 2019
2 ms. Memory: 48128K Free: 29174K (61%)
ptolemy.util.test.WatchDog.cancel(): canceling Fri Jul 19 08:42:29 UTC 2019
------------------ testing $PTII/ptolemy/domains/de/test/auto/ResettableTimer3.xml
auto.tcl: Setting watchdog for 200 seconds at Fri Jul 19 08:42:29 UTC 2019
1 ms. Memory: 48128K Free: 30592K (64%)
ptolemy.util.test.WatchDog.cancel(): canceling Fri Jul 19 08:42:29 UTC 2019
auto.tcl: Setting watchdog for 200 seconds at Fri Jul 19 08:42:29 UTC 2019
1 ms. Memory: 48128K Free: 30112K (63%)
ptolemy.util.test.WatchDog.cancel(): canceling Fri Jul 19 08:42:29 UTC 2019
------------------ testing $PTII/ptolemy/domains/de/test/auto/ResettableTimer4.xml
auto.tcl: Setting watchdog for 200 seconds at Fri Jul 19 08:42:29 UTC 2019
2 ms. Memory: 48128K Free: 30135K (63%)
ptolemy.util.test.WatchDog.cancel(): canceling Fri Jul 19 08:42:29 UTC 2019
auto.tcl: Setting watchdog for 200 seconds at Fri Jul 19 08:42:29 UTC 2019
1 ms. Memory: 48128K Free: 29639K (62%)
ptolemy.util.test.WatchDog.cancel(): canceling Fri Jul 19 08:42:29 UTC 2019
------------------ testing $PTII/ptolemy/domains/de/test/auto/ResettableTimer5.xml
auto.tcl: Setting watchdog for 200 seconds at Fri Jul 19 08:42:29 UTC 2019
2 ms. Memory: 48128K Free: 29610K (62%)
ptolemy.util.test.WatchDog.cancel(): canceling Fri Jul 19 08:42:29 UTC 2019
auto.tcl: Setting watchdog for 200 seconds at Fri Jul 19 08:42:29 UTC 2019
2 ms. Memory: 48128K Free: 29140K (61%)
ptolemy.util.test.WatchDog.cancel(): canceling Fri Jul 19 08:42:29 UTC 2019
------------------ testing $PTII/ptolemy/domains/de/test/auto/ResettableTimer6.xml
auto.tcl: Setting watchdog for 200 seconds at Fri Jul 19 08:42:29 UTC 2019
3 ms. Memory: 48128K Free: 29586K (61%)
ptolemy.util.test.WatchDog.cancel(): canceling Fri Jul 19 08:42:29 UTC 2019
auto.tcl: Setting watchdog for 200 seconds at Fri Jul 19 08:42:29 UTC 2019
2 ms. Memory: 48128K Free: 29090K (60%)
ptolemy.util.test.WatchDog.cancel(): canceling Fri Jul 19 08:42:29 UTC 2019
------------------ testing $PTII/ptolemy/domains/de/test/auto/ServerZeroDelay.xml
auto.tcl: Setting watchdog for 200 seconds at Fri Jul 19 08:42:29 UTC 2019
2 ms. Memory: 48128K Free: 30106K (63%)
ptolemy.util.test.WatchDog.cancel(): canceling Fri Jul 19 08:42:29 UTC 2019
auto.tcl: Setting watchdog for 200 seconds at Fri Jul 19 08:42:29 UTC 2019
2 ms. Memory: 48128K Free: 29092K (60%)
ptolemy.util.test.WatchDog.cancel(): canceling Fri Jul 19 08:42:29 UTC 2019
------------------ testing $PTII/ptolemy/domains/de/test/auto/SmartSender.xml
auto.tcl: Setting watchdog for 200 seconds at Fri Jul 19 08:42:29 UTC 2019
3001 ms. Memory: 48128K Free: 30135K (63%)
ptolemy.util.test.WatchDog.cancel(): canceling Fri Jul 19 08:42:32 UTC 2019
auto.tcl: Setting watchdog for 200 seconds at Fri Jul 19 08:42:32 UTC 2019
3002 ms. Memory: 48128K Free: 29630K (62%)
ptolemy.util.test.WatchDog.cancel(): canceling Fri Jul 19 08:42:35 UTC 2019
------------------ testing $PTII/ptolemy/domains/de/test/auto/ThreadedComposite.xml
auto.tcl: Setting watchdog for 200 seconds at Fri Jul 19 08:42:35 UTC 2019
262 ms. Memory: 48128K Free: 8096K (17%)
ptolemy.util.test.WatchDog.cancel(): canceling Fri Jul 19 08:42:36 UTC 2019
auto.tcl: Setting watchdog for 200 seconds at Fri Jul 19 08:42:36 UTC 2019
203 ms. Memory: 48128K Free: 19471K (40%)
ptolemy.util.test.WatchDog.cancel(): canceling Fri Jul 19 08:42:36 UTC 2019
------------------ testing $PTII/ptolemy/domains/de/test/auto/Time.xml
auto.tcl: Setting watchdog for 200 seconds at Fri Jul 19 08:42:36 UTC 2019
599 ms. Memory: 48128K Free: 28247K (59%)
ptolemy.util.test.WatchDog.cancel(): canceling Fri Jul 19 08:42:36 UTC 2019
auto.tcl: Setting watchdog for 200 seconds at Fri Jul 19 08:42:36 UTC 2019
529 ms. Memory: 48128K Free: 25857K (54%)
ptolemy.util.test.WatchDog.cancel(): canceling Fri Jul 19 08:42:37 UTC 2019
------------------ testing $PTII/ptolemy/domains/de/test/auto/TimeDelayZeroDelay.xml
auto.tcl: Setting watchdog for 200 seconds at Fri Jul 19 08:42:37 UTC 2019
3 ms. Memory: 48128K Free: 30525K (63%)
ptolemy.util.test.WatchDog.cancel(): canceling Fri Jul 19 08:42:37 UTC 2019
auto.tcl: Setting watchdog for 200 seconds at Fri Jul 19 08:42:37 UTC 2019
2 ms. Memory: 48128K Free: 29619K (62%)
ptolemy.util.test.WatchDog.cancel(): canceling Fri Jul 19 08:42:37 UTC 2019
------------------ testing $PTII/ptolemy/domains/de/test/auto/TimerZeroDelay.xml
auto.tcl: Setting watchdog for 200 seconds at Fri Jul 19 08:42:37 UTC 2019
4 ms. Memory: 48128K Free: 30576K (64%)
ptolemy.util.test.WatchDog.cancel(): canceling Fri Jul 19 08:42:37 UTC 2019
auto.tcl: Setting watchdog for 200 seconds at Fri Jul 19 08:42:37 UTC 2019
2 ms. Memory: 48128K Free: 30072K (62%)
ptolemy.util.test.WatchDog.cancel(): canceling Fri Jul 19 08:42:37 UTC 2019
------------------ testing $PTII/ptolemy/domains/de/test/auto/TimingParadox.xml
auto.tcl: Setting watchdog for 200 seconds at Fri Jul 19 08:42:37 UTC 2019
361 ms. Memory: 48128K Free: 13538K (28%)
ptolemy.util.test.WatchDog.cancel(): canceling Fri Jul 19 08:42:38 UTC 2019
auto.tcl: Setting watchdog for 200 seconds at Fri Jul 19 08:42:38 UTC 2019
336 ms. Memory: 58368K Free: 11227K (19%)
ptolemy.util.test.WatchDog.cancel(): canceling Fri Jul 19 08:42:38 UTC 2019
------------------ testing $PTII/ptolemy/domains/de/test/auto/TransferInputs.xml
auto.tcl: Setting watchdog for 200 seconds at Fri Jul 19 08:42:38 UTC 2019
2 ms. Memory: 51200K Free: 31626K (62%)
ptolemy.util.test.WatchDog.cancel(): canceling Fri Jul 19 08:42:38 UTC 2019
auto.tcl: Setting watchdog for 200 seconds at Fri Jul 19 08:42:38 UTC 2019
2 ms. Memory: 51200K Free: 30710K (60%)
ptolemy.util.test.WatchDog.cancel(): canceling Fri Jul 19 08:42:38 UTC 2019
------------------ testing $PTII/ptolemy/domains/de/test/auto/TransferOutputs2.xml
auto.tcl: Setting watchdog for 200 seconds at Fri Jul 19 08:42:38 UTC 2019
10 ms. Memory: 48128K Free: 26087K (54%)
ptolemy.util.test.WatchDog.cancel(): canceling Fri Jul 19 08:42:38 UTC 2019
auto.tcl: Setting watchdog for 200 seconds at Fri Jul 19 08:42:38 UTC 2019
3 ms. Memory: 48128K Free: 24579K (51%)
ptolemy.util.test.WatchDog.cancel(): canceling Fri Jul 19 08:42:38 UTC 2019
------------------ testing $PTII/ptolemy/domains/de/test/auto/Trilateration.xml
auto.tcl: Setting watchdog for 200 seconds at Fri Jul 19 08:42:38 UTC 2019
14018 ms. Memory: 393216K Free: 148464K (38%)
ptolemy.util.test.WatchDog.cancel(): canceling Fri Jul 19 08:42:54 UTC 2019
auto.tcl: Setting watchdog for 200 seconds at Fri Jul 19 08:42:54 UTC 2019
11353 ms. Memory: 393216K Free: 296669K (75%)
ptolemy.util.test.WatchDog.cancel(): canceling Fri Jul 19 08:43:05 UTC 2019
------------------ testing $PTII/ptolemy/domains/de/test/auto/TwoSigmaDelta.xml
auto.tcl: Setting watchdog for 200 seconds at Fri Jul 19 08:43:05 UTC 2019
2658 ms. Memory: 89088K Free: 29272K (33%)
ptolemy.util.test.WatchDog.cancel(): canceling Fri Jul 19 08:43:08 UTC 2019
auto.tcl: Setting watchdog for 200 seconds at Fri Jul 19 08:43:08 UTC 2019
2005 ms. Memory: 89088K Free: 24637K (28%)
ptolemy.util.test.WatchDog.cancel(): canceling Fri Jul 19 08:43:10 UTC 2019
------------------ testing $PTII/ptolemy/domains/de/test/auto/VariableDelay.xml
auto.tcl: Setting watchdog for 200 seconds at Fri Jul 19 08:43:10 UTC 2019
5 ms. Memory: 51200K Free: 32087K (63%)
ptolemy.util.test.WatchDog.cancel(): canceling Fri Jul 19 08:43:10 UTC 2019
auto.tcl: Setting watchdog for 200 seconds at Fri Jul 19 08:43:10 UTC 2019
2 ms. Memory: 51200K Free: 31079K (61%)
ptolemy.util.test.WatchDog.cancel(): canceling Fri Jul 19 08:43:10 UTC 2019
------------------ testing $PTII/ptolemy/domains/de/test/auto/VariableDelay2.xml
auto.tcl: Setting watchdog for 200 seconds at Fri Jul 19 08:43:10 UTC 2019
2 ms. Memory: 51200K Free: 33129K (65%)
ptolemy.util.test.WatchDog.cancel(): canceling Fri Jul 19 08:43:10 UTC 2019
auto.tcl: Setting watchdog for 200 seconds at Fri Jul 19 08:43:10 UTC 2019
2 ms. Memory: 51200K Free: 32006K (63%)
ptolemy.util.test.WatchDog.cancel(): canceling Fri Jul 19 08:43:10 UTC 2019
------------------ testing $PTII/ptolemy/domains/de/test/auto/VariableDelayZeroDelay.xml
auto.tcl: Setting watchdog for 200 seconds at Fri Jul 19 08:43:10 UTC 2019
2 ms. Memory: 51200K Free: 33028K (65%)
ptolemy.util.test.WatchDog.cancel(): canceling Fri Jul 19 08:43:10 UTC 2019
auto.tcl: Setting watchdog for 200 seconds at Fri Jul 19 08:43:10 UTC 2019
2 ms. Memory: 51200K Free: 32500K (63%)
ptolemy.util.test.WatchDog.cancel(): canceling Fri Jul 19 08:43:10 UTC 2019
------------------ testing $PTII/ptolemy/domains/de/test/auto/VariableDelayZeroDelay2.xml
auto.tcl: Setting watchdog for 200 seconds at Fri Jul 19 08:43:10 UTC 2019
2 ms. Memory: 51200K Free: 33028K (65%)
ptolemy.util.test.WatchDog.cancel(): canceling Fri Jul 19 08:43:10 UTC 2019
auto.tcl: Setting watchdog for 200 seconds at Fri Jul 19 08:43:10 UTC 2019
3 ms. Memory: 51200K Free: 32004K (63%)
ptolemy.util.test.WatchDog.cancel(): canceling Fri Jul 19 08:43:10 UTC 2019
------------------ testing $PTII/ptolemy/domains/de/test/auto/deInCt.xml
auto.tcl: Setting watchdog for 200 seconds at Fri Jul 19 08:43:10 UTC 2019
0
1
1
0
0
0
0
1
1
1
0
0
0
0
1
1
1
1
0
0
0
1
1
1
0
0
0
0
0
1
1
1
0
0
0
1
1
1
1
14 ms. Memory: 51200K Free: 32001K (63%)
ptolemy.util.test.WatchDog.cancel(): canceling Fri Jul 19 08:43:10 UTC 2019
auto.tcl: Setting watchdog for 200 seconds at Fri Jul 19 08:43:10 UTC 2019
0
1
1
1
0
0
0
1
1
1
0
0
0
1
1
1
1
1
0
0
0
1
1
1
0
0
0
1
1
1
0
0
0
0
0
1
1
1
0
0
0
1
1
0
0
0
7 ms. Memory: 51200K Free: 30463K (59%)
ptolemy.util.test.WatchDog.cancel(): canceling Fri Jul 19 08:43:10 UTC 2019
------------------ testing $PTII/ptolemy/domains/de/test/auto/deInCt2.xml
auto.tcl: Setting watchdog for 200 seconds at Fri Jul 19 08:43:10 UTC 2019
0
1
1
1
0
0
1
1
1
0
0
1
1
1
0
0
1
1
1
0
0
1
1
1
0
0
1
1
1
0
0
1
1
1
0
0
1
1
1
0
0
0
17 ms. Memory: 51200K Free: 32003K (63%)
ptolemy.util.test.WatchDog.cancel(): canceling Fri Jul 19 08:43:10 UTC 2019
auto.tcl: Setting watchdog for 200 seconds at Fri Jul 19 08:43:10 UTC 2019
0
1
1
1
0
0
1
1
1
0
0
1
1
1
0
0
1
1
1
0
0
1
1
1
0
0
1
1
1
0
0
1
1
1
0
0
1
1
1
0
0
0
7 ms. Memory: 51200K Free: 30451K (59%)
ptolemy.util.test.WatchDog.cancel(): canceling Fri Jul 19 08:43:10 UTC 2019
------------------ testing $PTII/ptolemy/domains/de/test/auto/dynamicCausalityInterface1.xml
auto.tcl: Setting watchdog for 200 seconds at Fri Jul 19 08:43:10 UTC 2019
1 ms. Memory: 48128K Free: 24213K (50%)
ptolemy.util.test.WatchDog.cancel(): canceling Fri Jul 19 08:43:10 UTC 2019
auto.tcl: Setting watchdog for 200 seconds at Fri Jul 19 08:43:10 UTC 2019
1 ms. Memory: 48128K Free: 23806K (49%)
ptolemy.util.test.WatchDog.cancel(): canceling Fri Jul 19 08:43:10 UTC 2019
------------------ testing $PTII/ptolemy/domains/de/test/auto/fsm_de_test.xml
auto.tcl: Setting watchdog for 200 seconds at Fri Jul 19 08:43:10 UTC 2019
7 ms. Memory: 48128K Free: 24728K (51%)
ptolemy.util.test.WatchDog.cancel(): canceling Fri Jul 19 08:43:10 UTC 2019
auto.tcl: Setting watchdog for 200 seconds at Fri Jul 19 08:43:10 UTC 2019
7 ms. Memory: 48128K Free: 22741K (47%)
ptolemy.util.test.WatchDog.cancel(): canceling Fri Jul 19 08:43:10 UTC 2019
------------------ testing $PTII/ptolemy/domains/de/test/auto/functionDependencyReconstruction.xml
auto.tcl: Setting watchdog for 200 seconds at Fri Jul 19 08:43:10 UTC 2019
9 ms. Memory: 48128K Free: 18719K (39%)
ptolemy.util.test.WatchDog.cancel(): canceling Fri Jul 19 08:43:10 UTC 2019
auto.tcl: Setting watchdog for 200 seconds at Fri Jul 19 08:43:10 UTC 2019
3 ms. Memory: 48128K Free: 16577K (34%)
ptolemy.util.test.WatchDog.cancel(): canceling Fri Jul 19 08:43:10 UTC 2019
------------------ testing $PTII/ptolemy/domains/de/test/auto/multirate.xml
auto.tcl: Setting watchdog for 200 seconds at Fri Jul 19 08:43:11 UTC 2019
3 ms. Memory: 48128K Free: 26792K (56%)
ptolemy.util.test.WatchDog.cancel(): canceling Fri Jul 19 08:43:11 UTC 2019
auto.tcl: Setting watchdog for 200 seconds at Fri Jul 19 08:43:11 UTC 2019
3 ms. Memory: 48128K Free: 25680K (53%)
ptolemy.util.test.WatchDog.cancel(): canceling Fri Jul 19 08:43:11 UTC 2019
------------------ testing $PTII/ptolemy/domains/de/test/auto/multirate2.xml
auto.tcl: Setting watchdog for 200 seconds at Fri Jul 19 08:43:11 UTC 2019
2 ms. Memory: 48128K Free: 27570K (57%)
ptolemy.util.test.WatchDog.cancel(): canceling Fri Jul 19 08:43:11 UTC 2019
auto.tcl: Setting watchdog for 200 seconds at Fri Jul 19 08:43:11 UTC 2019
3 ms. Memory: 48128K Free: 25876K (54%)
ptolemy.util.test.WatchDog.cancel(): canceling Fri Jul 19 08:43:11 UTC 2019
------------------ testing $PTII/ptolemy/domains/de/test/auto/realtime.xml
auto.tcl: Setting watchdog for 200 seconds at Fri Jul 19 08:43:11 UTC 2019
10001 ms. Memory: 48128K Free: 29601K (62%)
ptolemy.util.test.WatchDog.cancel(): canceling Fri Jul 19 08:43:21 UTC 2019
auto.tcl: Setting watchdog for 200 seconds at Fri Jul 19 08:43:21 UTC 2019
10002 ms. Memory: 48128K Free: 28875K (60%)
ptolemy.util.test.WatchDog.cancel(): canceling Fri Jul 19 08:43:31 UTC 2019
------------------ testing $PTII/ptolemy/domains/de/test/auto/relationGroup.xml
auto.tcl: Setting watchdog for 200 seconds at Fri Jul 19 08:43:31 UTC 2019
1 ms. Memory: 48128K Free: 30680K (64%)
ptolemy.util.test.WatchDog.cancel(): canceling Fri Jul 19 08:43:31 UTC 2019
auto.tcl: Setting watchdog for 200 seconds at Fri Jul 19 08:43:31 UTC 2019
1 ms. Memory: 48128K Free: 29963K (62%)
ptolemy.util.test.WatchDog.cancel(): canceling Fri Jul 19 08:43:31 UTC 2019
------------------ testing $PTII/ptolemy/domains/de/test/auto/relationGroup2.xml
auto.tcl: Setting watchdog for 200 seconds at Fri Jul 19 08:43:31 UTC 2019
2 ms. Memory: 48128K Free: 30737K (64%)
ptolemy.util.test.WatchDog.cancel(): canceling Fri Jul 19 08:43:31 UTC 2019
auto.tcl: Setting watchdog for 200 seconds at Fri Jul 19 08:43:31 UTC 2019
2 ms. Memory: 48128K Free: 29982K (62%)
ptolemy.util.test.WatchDog.cancel(): canceling Fri Jul 19 08:43:31 UTC 2019
------------------ testing $PTII/ptolemy/domains/de/test/auto/sortWithOpaquePorts.xml
auto.tcl: Setting watchdog for 200 seconds at Fri Jul 19 08:43:31 UTC 2019
2 ms. Memory: 48128K Free: 29455K (61%)
ptolemy.util.test.WatchDog.cancel(): canceling Fri Jul 19 08:43:31 UTC 2019
auto.tcl: Setting watchdog for 200 seconds at Fri Jul 19 08:43:31 UTC 2019
3 ms. Memory: 48128K Free: 28459K (59%)
ptolemy.util.test.WatchDog.cancel(): canceling Fri Jul 19 08:43:31 UTC 2019
------------------ testing $PTII/ptolemy/domains/de/test/auto/transferInputsandOutputs.xml
auto.tcl: Setting watchdog for 200 seconds at Fri Jul 19 08:43:31 UTC 2019
3 ms. Memory: 48128K Free: 26899K (56%)
ptolemy.util.test.WatchDog.cancel(): canceling Fri Jul 19 08:43:31 UTC 2019
auto.tcl: Setting watchdog for 200 seconds at Fri Jul 19 08:43:31 UTC 2019
3 ms. Memory: 48128K Free: 25932K (54%)
ptolemy.util.test.WatchDog.cancel(): canceling Fri Jul 19 08:43:31 UTC 2019
------------------ testing $PTII/ptolemy/domains/de/test/auto/triggerType.xml
auto.tcl: Setting watchdog for 200 seconds at Fri Jul 19 08:43:31 UTC 2019
1 ms. Memory: 48128K Free: 29923K (62%)
ptolemy.util.test.WatchDog.cancel(): canceling Fri Jul 19 08:43:31 UTC 2019
auto.tcl: Setting watchdog for 200 seconds at Fri Jul 19 08:43:31 UTC 2019
2 ms. Memory: 48128K Free: 28920K (60%)
ptolemy.util.test.WatchDog.cancel(): canceling Fri Jul 19 08:43:31 UTC 2019
07/19/19 08:43:31
Failed: 0  Total Tests: 192  ((Passed: 187, Newly Passed: 1)  Known Failed: 5) /home/travis/build/icyphy/ptII/ptolemy/domains/de/test
07/19/19 08:43:31
Failed: 0  Total Tests: 192  ((Passed: 187, Newly Passed: 1)  Known Failed: 5) /home/travis/build/icyphy/ptII/ptolemy/domains/de/test
----------------- testing (KnownFailure) /home/travis/build/icyphy/ptII/ptolemy/domains/de/test/auto/knownFailedTests/DESDFClockTest.xml
2010 ms. Memory: 48128K Free: 22808K (47%)
Known Failure: java.lang.reflect.InvocationTargetException
----------------- testing (KnownFailure) /home/travis/build/icyphy/ptII/ptolemy/domains/de/test/auto/knownFailedTests/DirectFeedback.xml
2 ms. Memory: 48128K Free: 19222K (40%)
Known Failure: java.lang.reflect.InvocationTargetException
----------------- testing (KnownFailure) /home/travis/build/icyphy/ptII/ptolemy/domains/de/test/auto/knownFailedTests/FSMSource.xml
7 ms. Memory: 48128K Free: 11544K (24%)
----------------- testing (KnownFailure) /home/travis/build/icyphy/ptII/ptolemy/domains/de/test/auto/knownFailedTests/HierarchicalModel.xml
4 ms. Memory: 48128K Free: 21694K (45%)
Known Failure: java.lang.reflect.InvocationTargetException
----------------- testing (KnownFailure) /home/travis/build/icyphy/ptII/ptolemy/domains/de/test/auto/knownFailedTests/dependencyLoop.xml
7 ms. Memory: 48128K Free: 31888K (66%)
Known Failure: java.lang.reflect.InvocationTargetException
----------------- testing (KnownFailure) /home/travis/build/icyphy/ptII/ptolemy/domains/de/test/auto/knownFailedTests/dependencyLoop2.xml
3 ms. Memory: 48128K Free: 16819K (35%)
Known Failure: java.lang.reflect.InvocationTargetException
No auto/linux-amd64/*.xml tests in /home/travis/build/icyphy/ptII/ptolemy/domains/de/test
AutoTests.java: About to close Vertx.
AutoTests.java: Vertx closed.

===========================================================================================
----------------- testing Fri Jul 19 08:43:33 UTC 2019 /home/travis/build/icyphy/ptII/ptolemy/domains/de/test/auto/ActorDepthCalculation_actorWithoutPorts.xml
----------------- Instantiating /home/travis/build/icyphy/ptII/ptolemy/domains/de/test/auto/ActorDepthCalculation_actorWithoutPorts.xml
2 ms. Memory: 48128K Free: 10431K (22%)
----------------- Invoking toplevel() on ptolemy.moml.MoMLSimpleApplication@8714e15
----------------- Done invoking toplevel() on ptolemy.moml.MoMLSimpleApplication@8714e15
reloadAllAccessors: .ActorDepthCalculation_actorWithoutPorts

===========================================================================================
----------------- testing Fri Jul 19 08:43:33 UTC 2019 /home/travis/build/icyphy/ptII/ptolemy/domains/de/test/auto/AssemblyLine.xml
----------------- Instantiating /home/travis/build/icyphy/ptII/ptolemy/domains/de/test/auto/AssemblyLine.xml
4 ms. Memory: 48128K Free: 29167K (61%)
----------------- Invoking toplevel() on ptolemy.moml.MoMLSimpleApplication@dc617d9
----------------- Done invoking toplevel() on ptolemy.moml.MoMLSimpleApplication@dc617d9
reloadAllAccessors: .AssemblyLine

===========================================================================================
----------------- testing Fri Jul 19 08:43:33 UTC 2019 /home/travis/build/icyphy/ptII/ptolemy/domains/de/test/auto/CQBug1.xml
----------------- Instantiating /home/travis/build/icyphy/ptII/ptolemy/domains/de/test/auto/CQBug1.xml
1 ms. Memory: 48128K Free: 26296K (55%)
----------------- Invoking toplevel() on ptolemy.moml.MoMLSimpleApplication@3a5e0af8
----------------- Done invoking toplevel() on ptolemy.moml.MoMLSimpleApplication@3a5e0af8
reloadAllAccessors: .CQBug1

===========================================================================================
----------------- testing Fri Jul 19 08:43:33 UTC 2019 /home/travis/build/icyphy/ptII/ptolemy/domains/de/test/auto/CancelFireAt.xml
----------------- Instantiating /home/travis/build/icyphy/ptII/ptolemy/domains/de/test/auto/CancelFireAt.xml
2 ms. Memory: 48128K Free: 23673K (49%)
----------------- Invoking toplevel() on ptolemy.moml.MoMLSimpleApplication@5b44378e
----------------- Done invoking toplevel() on ptolemy.moml.MoMLSimpleApplication@5b44378e
reloadAllAccessors: .CancelFireAt

===========================================================================================
----------------- testing Fri Jul 19 08:43:33 UTC 2019 /home/travis/build/icyphy/ptII/ptolemy/domains/de/test/auto/CausalityAndComposabilityAnalysis.xml
----------------- Instantiating /home/travis/build/icyphy/ptII/ptolemy/domains/de/test/auto/CausalityAndComposabilityAnalysis.xml
9 ms. Memory: 48128K Free: 19575K (41%)
----------------- Invoking toplevel() on ptolemy.moml.MoMLSimpleApplication@5401cef1
----------------- Done invoking toplevel() on ptolemy.moml.MoMLSimpleApplication@5401cef1
reloadAllAccessors: .CausalityAndComposabilityAnalysis

===========================================================================================
----------------- testing Fri Jul 19 08:43:33 UTC 2019 /home/travis/build/icyphy/ptII/ptolemy/domains/de/test/auto/CausalityInterface1.xml
----------------- Instantiating /home/travis/build/icyphy/ptII/ptolemy/domains/de/test/auto/CausalityInterface1.xml
5 ms. Memory: 48128K Free: 14660K (30%)
----------------- Invoking toplevel() on ptolemy.moml.MoMLSimpleApplication@59ffd12e
----------------- Done invoking toplevel() on ptolemy.moml.MoMLSimpleApplication@59ffd12e
reloadAllAccessors: .CausalityInterface1

===========================================================================================
----------------- testing Fri Jul 19 08:43:33 UTC 2019 /home/travis/build/icyphy/ptII/ptolemy/domains/de/test/auto/CausalityInterface15.xml
----------------- Instantiating /home/travis/build/icyphy/ptII/ptolemy/domains/de/test/auto/CausalityInterface15.xml
2 ms. Memory: 48128K Free: 9428K (20%)
----------------- Invoking toplevel() on ptolemy.moml.MoMLSimpleApplication@585c859c
----------------- Done invoking toplevel() on ptolemy.moml.MoMLSimpleApplication@585c859c
reloadAllAccessors: .CausalityInterface15

===========================================================================================
----------------- testing Fri Jul 19 08:43:34 UTC 2019 /home/travis/build/icyphy/ptII/ptolemy/domains/de/test/auto/CausalityInterface2.xml
----------------- Instantiating /home/travis/build/icyphy/ptII/ptolemy/domains/de/test/auto/CausalityInterface2.xml
1 ms. Memory: 48128K Free: 30667K (64%)
[...]
	at ptolemy.actor.Manager.run(Manager.java:1263)
	at ptolemy.actor.Manager$PtolemyRunThread.run(Manager.java:1933)
java.lang.RuntimeException: Execution failed
	at ptolemy.moml.MoMLSimpleApplication$UnloadThread.run(MoMLSimpleApplication.java:402)
Caused by: ptolemy.kernel.util.IllegalActionException: Actor is not ready to fire.  Perhaps UpSample.prefire() returned false? Try debugging the actor by selecting "Listen to Actor".  Also, for SDF check moml for tokenConsumptionRate on input.
  in .DESDFClockTest.Play Bell.Copy1:SDF Director and .DESDFClockTest.Play Bell.UpSample
	at ptolemy.actor.sched.StaticSchedulingDirector.fire(StaticSchedulingDirector.java:227)
	at ptolemy.domains.sdf.kernel.SDFDirector.fire(SDFDirector.java:500)
	at ptolemy.actor.CompositeActor.fire(CompositeActor.java:455)
	at ptolemy.domains.de.kernel.DEDirector._fire(DEDirector.java:1949)
	at ptolemy.domains.de.kernel.DEDirector.fire(DEDirector.java:502)
	at ptolemy.actor.CompositeActor.fire(CompositeActor.java:455)
	at ptolemy.actor.Manager.iterate(Manager.java:851)
	at ptolemy.actor.Manager.execute(Manager.java:369)
	at ptolemy.actor.Manager.run(Manager.java:1263)
	at ptolemy.actor.Manager$PtolemyRunThread.run(Manager.java:1933)
java.lang.reflect.InvocationTargetException
	at java.base/jdk.internal.reflect.NativeConstructorAccessorImpl.newInstance0(Native Method)
	at java.base/jdk.internal.reflect.NativeConstructorAccessorImpl.newInstance(NativeConstructorAccessorImpl.java:62)
	at java.base/jdk.internal.reflect.DelegatingConstructorAccessorImpl.newInstance(DelegatingConstructorAccessorImpl.java:45)
	at java.base/java.lang.reflect.Constructor.newInstance(Constructor.java:490)
	at ptolemy.util.test.junit.AutoKnownFailedTests.RunModel(AutoKnownFailedTests.java:105)
	at java.base/jdk.internal.reflect.NativeMethodAccessorImpl.invoke0(Native Method)
	at java.base/jdk.internal.reflect.NativeMethodAccessorImpl.invoke(NativeMethodAccessorImpl.java:62)
	at java.base/jdk.internal.reflect.DelegatingMethodAccessorImpl.invoke(DelegatingMethodAccessorImpl.java:43)
	at java.base/java.lang.reflect.Method.invoke(Method.java:566)
	at org.junit.runners.model.FrameworkMethod$1.runReflectiveCall(FrameworkMethod.java:44)
	at org.junit.internal.runners.model.ReflectiveCallable.run(ReflectiveCallable.java:15)
	at org.junit.runners.model.FrameworkMethod.invokeExplosively(FrameworkMethod.java:41)
	at junitparams.internal.InvokeParameterisedMethod.evaluate(InvokeParameterisedMethod.java:102)
	at org.junit.internal.runners.statements.FailOnTimeout$1.run(FailOnTimeout.java:28)
Caused by: ptolemy.kernel.util.IllegalActionException: Actor is not ready to fire.  Perhaps UpSample.prefire() returned false? Try debugging the actor by selecting "Listen to Actor".  Also, for SDF check moml for tokenConsumptionRate on input.
  in .DESDFClockTest.Play Bell.Copy1:SDF Director and .DESDFClockTest.Play Bell.UpSample
	at ptolemy.actor.sched.StaticSchedulingDirector.fire(StaticSchedulingDirector.java:227)
	at ptolemy.domains.sdf.kernel.SDFDirector.fire(SDFDirector.java:500)
	at ptolemy.actor.CompositeActor.fire(CompositeActor.java:455)
	at ptolemy.domains.de.kernel.DEDirector._fire(DEDirector.java:1949)
	at ptolemy.domains.de.kernel.DEDirector.fire(DEDirector.java:502)
	at ptolemy.actor.CompositeActor.fire(CompositeActor.java:455)
	at ptolemy.actor.Manager.iterate(Manager.java:851)
	at ptolemy.actor.Manager.execute(Manager.java:369)
	at ptolemy.actor.Manager.run(Manager.java:1263)
	at ptolemy.actor.Manager$PtolemyRunThread.run(Manager.java:1933)
java.lang.RuntimeException: Execution failed
	at ptolemy.moml.MoMLSimpleApplication$UnloadThread.run(MoMLSimpleApplication.java:402)
Caused by: ptolemy.kernel.util.IllegalActionException: Test fails in iteration 1.
Value was: 1.0. Should have been: 2.0
  in .DirectFeedback.Test
	at ptolemy.actor.lib.Test.fire(Test.java:268)
	at ptolemy.domains.de.kernel.DEDirector._fire(DEDirector.java:1949)
	at ptolemy.domains.de.kernel.DEDirector.fire(DEDirector.java:502)
	at ptolemy.actor.CompositeActor.fire(CompositeActor.java:455)
	at ptolemy.actor.Manager.iterate(Manager.java:851)
	at ptolemy.actor.Manager.execute(Manager.java:369)
	at ptolemy.actor.Manager.run(Manager.java:1263)
	at ptolemy.actor.Manager$PtolemyRunThread.run(Manager.java:1933)
java.lang.reflect.InvocationTargetException
	at java.base/jdk.internal.reflect.NativeConstructorAccessorImpl.newInstance0(Native Method)
	at java.base/jdk.internal.reflect.NativeConstructorAccessorImpl.newInstance(NativeConstructorAccessorImpl.java:62)
	at java.base/jdk.internal.reflect.DelegatingConstructorAccessorImpl.newInstance(DelegatingConstructorAccessorImpl.java:45)
	at java.base/java.lang.reflect.Constructor.newInstance(Constructor.java:490)
	at ptolemy.util.test.junit.AutoKnownFailedTests.RunModel(AutoKnownFailedTests.java:105)
	at java.base/jdk.internal.reflect.NativeMethodAccessorImpl.invoke0(Native Method)
	at java.base/jdk.internal.reflect.NativeMethodAccessorImpl.invoke(NativeMethodAccessorImpl.java:62)
	at java.base/jdk.internal.reflect.DelegatingMethodAccessorImpl.invoke(DelegatingMethodAccessorImpl.java:43)
	at java.base/java.lang.reflect.Method.invoke(Method.java:566)
	at org.junit.runners.model.FrameworkMethod$1.runReflectiveCall(FrameworkMethod.java:44)
	at org.junit.internal.runners.model.ReflectiveCallable.run(ReflectiveCallable.java:15)
	at org.junit.runners.model.FrameworkMethod.invokeExplosively(FrameworkMethod.java:41)
	at junitparams.internal.InvokeParameterisedMethod.evaluate(InvokeParameterisedMethod.java:102)
	at org.junit.internal.runners.statements.FailOnTimeout$1.run(FailOnTimeout.java:28)
Caused by: ptolemy.kernel.util.IllegalActionException: Test fails in iteration 1.
Value was: 1.0. Should have been: 2.0
  in .DirectFeedback.Test
	at ptolemy.actor.lib.Test.fire(Test.java:268)
	at ptolemy.domains.de.kernel.DEDirector._fire(DEDirector.java:1949)
	at ptolemy.domains.de.kernel.DEDirector.fire(DEDirector.java:502)
	at ptolemy.actor.CompositeActor.fire(CompositeActor.java:455)
	at ptolemy.actor.Manager.iterate(Manager.java:851)
	at ptolemy.actor.Manager.execute(Manager.java:369)
	at ptolemy.actor.Manager.run(Manager.java:1263)
	at ptolemy.actor.Manager$PtolemyRunThread.run(Manager.java:1933)
java.lang.RuntimeException: Execution failed
	at ptolemy.moml.MoMLSimpleApplication$UnloadThread.run(MoMLSimpleApplication.java:402)
Caused by: ptolemy.kernel.util.IllegalActionException: Found a zero delay loop containing .HierarchicalModel.A
  in .HierarchicalModel and .HierarchicalModel.A
	at ptolemy.actor.util.CausalityInterfaceForComposites._computeOutputPortDepth(CausalityInterfaceForComposites.java:759)
	at ptolemy.actor.util.CausalityInterfaceForComposites._computeInputDepth(CausalityInterfaceForComposites.java:696)
	at ptolemy.actor.util.CausalityInterfaceForComposites._computeOutputPortDepth(CausalityInterfaceForComposites.java:765)
	at ptolemy.actor.util.CausalityInterfaceForComposites._computeInputDepth(CausalityInterfaceForComposites.java:696)
	at ptolemy.actor.util.CausalityInterfaceForComposites._computeOutputPortDepth(CausalityInterfaceForComposites.java:765)
	at ptolemy.actor.util.CausalityInterfaceForComposites._computeInputDepth(CausalityInterfaceForComposites.java:696)
	at ptolemy.actor.util.CausalityInterfaceForComposites._computeActorDepth(CausalityInterfaceForComposites.java:532)
	at ptolemy.actor.util.CausalityInterfaceForComposites.checkForCycles(CausalityInterfaceForComposites.java:96)
	at ptolemy.domains.de.kernel.DEDirector.preinitialize(DEDirector.java:1338)
	at ptolemy.actor.CompositeActor.preinitialize(CompositeActor.java:1828)
	at ptolemy.actor.Manager.preinitializeAndResolveTypes(Manager.java:1040)
	at ptolemy.actor.Manager.initialize(Manager.java:710)
	at ptolemy.actor.Manager.execute(Manager.java:356)
	at ptolemy.actor.Manager.run(Manager.java:1263)
	at ptolemy.actor.Manager$PtolemyRunThread.run(Manager.java:1933)
java.lang.reflect.InvocationTargetException
	at java.base/jdk.internal.reflect.NativeConstructorAccessorImpl.newInstance0(Native Method)
	at java.base/jdk.internal.reflect.NativeConstructorAccessorImpl.newInstance(NativeConstructorAccessorImpl.java:62)
	at java.base/jdk.internal.reflect.DelegatingConstructorAccessorImpl.newInstance(DelegatingConstructorAccessorImpl.java:45)
	at java.base/java.lang.reflect.Constructor.newInstance(Constructor.java:490)
	at ptolemy.util.test.junit.AutoKnownFailedTests.RunModel(AutoKnownFailedTests.java:105)
	at java.base/jdk.internal.reflect.NativeMethodAccessorImpl.invoke0(Native Method)
	at java.base/jdk.internal.reflect.NativeMethodAccessorImpl.invoke(NativeMethodAccessorImpl.java:62)
	at java.base/jdk.internal.reflect.DelegatingMethodAccessorImpl.invoke(DelegatingMethodAccessorImpl.java:43)
	at java.base/java.lang.reflect.Method.invoke(Method.java:566)
	at org.junit.runners.model.FrameworkMethod$1.runReflectiveCall(FrameworkMethod.java:44)
	at org.junit.internal.runners.model.ReflectiveCallable.run(ReflectiveCallable.java:15)
	at org.junit.runners.model.FrameworkMethod.invokeExplosively(FrameworkMethod.java:41)
	at junitparams.internal.InvokeParameterisedMethod.evaluate(InvokeParameterisedMethod.java:102)
	at org.junit.internal.runners.statements.FailOnTimeout$1.run(FailOnTimeout.java:28)
Caused by: ptolemy.kernel.util.IllegalActionException: Found a zero delay loop containing .HierarchicalModel.A
  in .HierarchicalModel and .HierarchicalModel.A
	at ptolemy.actor.util.CausalityInterfaceForComposites._computeOutputPortDepth(CausalityInterfaceForComposites.java:759)
	at ptolemy.actor.util.CausalityInterfaceForComposites._computeInputDepth(CausalityInterfaceForComposites.java:696)
	at ptolemy.actor.util.CausalityInterfaceForComposites._computeOutputPortDepth(CausalityInterfaceForComposites.java:765)
	at ptolemy.actor.util.CausalityInterfaceForComposites._computeInputDepth(CausalityInterfaceForComposites.java:696)
	at ptolemy.actor.util.CausalityInterfaceForComposites._computeOutputPortDepth(CausalityInterfaceForComposites.java:765)
	at ptolemy.actor.util.CausalityInterfaceForComposites._computeInputDepth(CausalityInterfaceForComposites.java:696)
	at ptolemy.actor.util.CausalityInterfaceForComposites._computeActorDepth(CausalityInterfaceForComposites.java:532)
	at ptolemy.actor.util.CausalityInterfaceForComposites.checkForCycles(CausalityInterfaceForComposites.java:96)
	at ptolemy.domains.de.kernel.DEDirector.preinitialize(DEDirector.java:1338)
	at ptolemy.actor.CompositeActor.preinitialize(CompositeActor.java:1828)
	at ptolemy.actor.Manager.preinitializeAndResolveTypes(Manager.java:1040)
	at ptolemy.actor.Manager.initialize(Manager.java:710)
	at ptolemy.actor.Manager.execute(Manager.java:356)
	at ptolemy.actor.Manager.run(Manager.java:1263)
	at ptolemy.actor.Manager$PtolemyRunThread.run(Manager.java:1933)
java.lang.RuntimeException: Execution failed
	at ptolemy.moml.MoMLSimpleApplication$UnloadThread.run(MoMLSimpleApplication.java:402)
Caused by: ptolemy.kernel.util.IllegalActionException: Found a zero delay loop containing .dependencyLoop.original
  in .dependencyLoop and .dependencyLoop.original
	at ptolemy.actor.util.CausalityInterfaceForComposites._computeOutputPortDepth(CausalityInterfaceForComposites.java:759)
	at ptolemy.actor.util.CausalityInterfaceForComposites._computeInputDepth(CausalityInterfaceForComposites.java:696)
	at ptolemy.actor.util.CausalityInterfaceForComposites._computeOutputPortDepth(CausalityInterfaceForComposites.java:765)
	at ptolemy.actor.util.CausalityInterfaceForComposites._computeInputDepth(CausalityInterfaceForComposites.java:696)
	at ptolemy.actor.util.CausalityInterfaceForComposites._computeOutputPortDepth(CausalityInterfaceForComposites.java:765)
	at ptolemy.actor.util.CausalityInterfaceForComposites._computeInputDepth(CausalityInterfaceForComposites.java:696)
	at ptolemy.actor.util.CausalityInterfaceForComposites._computeActorDepth(CausalityInterfaceForComposites.java:532)
	at ptolemy.actor.util.CausalityInterfaceForComposites.checkForCycles(CausalityInterfaceForComposites.java:96)
	at ptolemy.domains.de.kernel.DEDirector.preinitialize(DEDirector.java:1338)
	at ptolemy.actor.CompositeActor.preinitialize(CompositeActor.java:1828)
	at ptolemy.actor.Manager.preinitializeAndResolveTypes(Manager.java:1040)
	at ptolemy.actor.Manager.initialize(Manager.java:710)
	at ptolemy.actor.Manager.execute(Manager.java:356)
	at ptolemy.actor.Manager.run(Manager.java:1263)
	at ptolemy.actor.Manager$PtolemyRunThread.run(Manager.java:1933)
java.lang.reflect.InvocationTargetException
	at java.base/jdk.internal.reflect.NativeConstructorAccessorImpl.newInstance0(Native Method)
	at java.base/jdk.internal.reflect.NativeConstructorAccessorImpl.newInstance(NativeConstructorAccessorImpl.java:62)
	at java.base/jdk.internal.reflect.DelegatingConstructorAccessorImpl.newInstance(DelegatingConstructorAccessorImpl.java:45)
	at java.base/java.lang.reflect.Constructor.newInstance(Constructor.java:490)
	at ptolemy.util.test.junit.AutoKnownFailedTests.RunModel(AutoKnownFailedTests.java:105)
	at java.base/jdk.internal.reflect.NativeMethodAccessorImpl.invoke0(Native Method)
	at java.base/jdk.internal.reflect.NativeMethodAccessorImpl.invoke(NativeMethodAccessorImpl.java:62)
	at java.base/jdk.internal.reflect.DelegatingMethodAccessorImpl.invoke(DelegatingMethodAccessorImpl.java:43)
	at java.base/java.lang.reflect.Method.invoke(Method.java:566)
	at org.junit.runners.model.FrameworkMethod$1.runReflectiveCall(FrameworkMethod.java:44)
	at org.junit.internal.runners.model.ReflectiveCallable.run(ReflectiveCallable.java:15)
	at org.junit.runners.model.FrameworkMethod.invokeExplosively(FrameworkMethod.java:41)
	at junitparams.internal.InvokeParameterisedMethod.evaluate(InvokeParameterisedMethod.java:102)
	at org.junit.internal.runners.statements.FailOnTimeout$1.run(FailOnTimeout.java:28)
Caused by: ptolemy.kernel.util.IllegalActionException: Found a zero delay loop containing .dependencyLoop.original
  in .dependencyLoop and .dependencyLoop.original
	at ptolemy.actor.util.CausalityInterfaceForComposites._computeOutputPortDepth(CausalityInterfaceForComposites.java:759)
	at ptolemy.actor.util.CausalityInterfaceForComposites._computeInputDepth(CausalityInterfaceForComposites.java:696)
	at ptolemy.actor.util.CausalityInterfaceForComposites._computeOutputPortDepth(CausalityInterfaceForComposites.java:765)
	at ptolemy.actor.util.CausalityInterfaceForComposites._computeInputDepth(CausalityInterfaceForComposites.java:696)
	at ptolemy.actor.util.CausalityInterfaceForComposites._computeOutputPortDepth(CausalityInterfaceForComposites.java:765)
	at ptolemy.actor.util.CausalityInterfaceForComposites._computeInputDepth(CausalityInterfaceForComposites.java:696)
	at ptolemy.actor.util.CausalityInterfaceForComposites._computeActorDepth(CausalityInterfaceForComposites.java:532)
	at ptolemy.actor.util.CausalityInterfaceForComposites.checkForCycles(CausalityInterfaceForComposites.java:96)
	at ptolemy.domains.de.kernel.DEDirector.preinitialize(DEDirector.java:1338)
	at ptolemy.actor.CompositeActor.preinitialize(CompositeActor.java:1828)
	at ptolemy.actor.Manager.preinitializeAndResolveTypes(Manager.java:1040)
	at ptolemy.actor.Manager.initialize(Manager.java:710)
	at ptolemy.actor.Manager.execute(Manager.java:356)
	at ptolemy.actor.Manager.run(Manager.java:1263)
	at ptolemy.actor.Manager$PtolemyRunThread.run(Manager.java:1933)
java.lang.RuntimeException: Execution failed
	at ptolemy.moml.MoMLSimpleApplication$UnloadThread.run(MoMLSimpleApplication.java:402)
Caused by: ptolemy.kernel.util.IllegalActionException: Found a zero delay loop containing .dependencyLoop2.original
  in .dependencyLoop2 and .dependencyLoop2.original
	at ptolemy.actor.util.CausalityInterfaceForComposites._computeOutputPortDepth(CausalityInterfaceForComposites.java:759)
	at ptolemy.actor.util.CausalityInterfaceForComposites._computeInputDepth(CausalityInterfaceForComposites.java:696)
	at ptolemy.actor.util.CausalityInterfaceForComposites._computeOutputPortDepth(CausalityInterfaceForComposites.java:765)
	at ptolemy.actor.util.CausalityInterfaceForComposites._computeInputDepth(CausalityInterfaceForComposites.java:696)
	at ptolemy.actor.util.CausalityInterfaceForComposites._computeOutputPortDepth(CausalityInterfaceForComposites.java:765)
	at ptolemy.actor.util.CausalityInterfaceForComposites._computeInputDepth(CausalityInterfaceForComposites.java:696)
	at ptolemy.actor.util.CausalityInterfaceForComposites._computeActorDepth(CausalityInterfaceForComposites.java:532)
	at ptolemy.actor.util.CausalityInterfaceForComposites.checkForCycles(CausalityInterfaceForComposites.java:96)
	at ptolemy.domains.de.kernel.DEDirector.preinitialize(DEDirector.java:1338)
	at ptolemy.actor.CompositeActor.preinitialize(CompositeActor.java:1828)
	at ptolemy.actor.Manager.preinitializeAndResolveTypes(Manager.java:1040)
	at ptolemy.actor.Manager.initialize(Manager.java:710)
	at ptolemy.actor.Manager.execute(Manager.java:356)
	at ptolemy.actor.Manager.run(Manager.java:1263)
	at ptolemy.actor.Manager$PtolemyRunThread.run(Manager.java:1933)
java.lang.reflect.InvocationTargetException
	at java.base/jdk.internal.reflect.NativeConstructorAccessorImpl.newInstance0(Native Method)
	at java.base/jdk.internal.reflect.NativeConstructorAccessorImpl.newInstance(NativeConstructorAccessorImpl.java:62)
	at java.base/jdk.internal.reflect.DelegatingConstructorAccessorImpl.newInstance(DelegatingConstructorAccessorImpl.java:45)
	at java.base/java.lang.reflect.Constructor.newInstance(Constructor.java:490)
	at ptolemy.util.test.junit.AutoKnownFailedTests.RunModel(AutoKnownFailedTests.java:105)
	at java.base/jdk.internal.reflect.NativeMethodAccessorImpl.invoke0(Native Method)
	at java.base/jdk.internal.reflect.NativeMethodAccessorImpl.invoke(NativeMethodAccessorImpl.java:62)
	at java.base/jdk.internal.reflect.DelegatingMethodAccessorImpl.invoke(DelegatingMethodAccessorImpl.java:43)
	at java.base/java.lang.reflect.Method.invoke(Method.java:566)
	at org.junit.runners.model.FrameworkMethod$1.runReflectiveCall(FrameworkMethod.java:44)
	at org.junit.internal.runners.model.ReflectiveCallable.run(ReflectiveCallable.java:15)
	at org.junit.runners.model.FrameworkMethod.invokeExplosively(FrameworkMethod.java:41)
	at junitparams.internal.InvokeParameterisedMethod.evaluate(InvokeParameterisedMethod.java:102)
	at org.junit.internal.runners.statements.FailOnTimeout$1.run(FailOnTimeout.java:28)
Caused by: ptolemy.kernel.util.IllegalActionException: Found a zero delay loop containing .dependencyLoop2.original
  in .dependencyLoop2 and .dependencyLoop2.original
	at ptolemy.actor.util.CausalityInterfaceForComposites._computeOutputPortDepth(CausalityInterfaceForComposites.java:759)
	at ptolemy.actor.util.CausalityInterfaceForComposites._computeInputDepth(CausalityInterfaceForComposites.java:696)
	at ptolemy.actor.util.CausalityInterfaceForComposites._computeOutputPortDepth(CausalityInterfaceForComposites.java:765)
	at ptolemy.actor.util.CausalityInterfaceForComposites._computeInputDepth(CausalityInterfaceForComposites.java:696)
	at ptolemy.actor.util.CausalityInterfaceForComposites._computeOutputPortDepth(CausalityInterfaceForComposites.java:765)
	at ptolemy.actor.util.CausalityInterfaceForComposites._computeInputDepth(CausalityInterfaceForComposites.java:696)
	at ptolemy.actor.util.CausalityInterfaceForComposites._computeActorDepth(CausalityInterfaceForComposites.java:532)
	at ptolemy.actor.util.CausalityInterfaceForComposites.checkForCycles(CausalityInterfaceForComposites.java:96)
	at ptolemy.domains.de.kernel.DEDirector.preinitialize(DEDirector.java:1338)
	at ptolemy.actor.CompositeActor.preinitialize(CompositeActor.java:1828)
	at ptolemy.actor.Manager.preinitializeAndResolveTypes(Manager.java:1040)
	at ptolemy.actor.Manager.initialize(Manager.java:710)
	at ptolemy.actor.Manager.execute(Manager.java:356)
	at ptolemy.actor.Manager.run(Manager.java:1263)
	at ptolemy.actor.Manager$PtolemyRunThread.run(Manager.java:1933)
]]></system-err>
</testsuite>
