<?xml version="1.0" encoding="UTF-8" ?>
<testsuite errors="0" failures="0" hostname="travis-job-65476979-4506-4668-9ece-54df9f96cb99" name="ptolemy.domains.de.test.junit.JUnitTclTest" skipped="0" tests="101" time="128.915" timestamp="2019-06-01T04:28:16">
  <properties>
[...]
</properties>
  <testcase classname="ptolemy.util.test.junit.TclTests" name="[0] /home/travis/build/icyphy/ptII/ptolemy/domains/de/test/DependencyLoop.tcl (RunTclFile)" time="0.765" />
  <testcase classname="ptolemy.util.test.junit.TclTests" name="[1] /home/travis/build/icyphy/ptII/ptolemy/domains/de/test/RunDETestsAsQSS.tcl (RunTclFile)" time="89.305" />
  <testcase classname="ptolemy.util.test.junit.AutoKnownFailedTests" name="[0] /home/travis/build/icyphy/ptII/ptolemy/domains/de/test/auto/knownFailedTests/DESDFClockTest.xml (RunModel)" time="2.032" />
  <testcase classname="ptolemy.util.test.junit.AutoKnownFailedTests" name="[1] /home/travis/build/icyphy/ptII/ptolemy/domains/de/test/auto/knownFailedTests/DirectFeedback.xml (RunModel)" time="0.008" />
  <testcase classname="ptolemy.util.test.junit.AutoKnownFailedTests" name="[2] /home/travis/build/icyphy/ptII/ptolemy/domains/de/test/auto/knownFailedTests/FSMSource.xml (RunModel)" time="0.02" />
  <testcase classname="ptolemy.util.test.junit.AutoKnownFailedTests" name="[3] /home/travis/build/icyphy/ptII/ptolemy/domains/de/test/auto/knownFailedTests/HierarchicalModel.xml (RunModel)" time="0.034" />
  <testcase classname="ptolemy.util.test.junit.AutoKnownFailedTests" name="[4] /home/travis/build/icyphy/ptII/ptolemy/domains/de/test/auto/knownFailedTests/dependencyLoop.xml (RunModel)" time="0.035" />
  <testcase classname="ptolemy.util.test.junit.AutoKnownFailedTests" name="[5] /home/travis/build/icyphy/ptII/ptolemy/domains/de/test/auto/knownFailedTests/dependencyLoop2.xml (RunModel)" time="0.031" />
  <testcase classname="ptolemy.util.test.junit.AutoNameArchTests" name="[0] ThereAreNoAutoArchTests (RunModel)" time="0.0" />
  <testcase classname="ptolemy.util.test.junit.AutoTests" name="[0] /home/travis/build/icyphy/ptII/ptolemy/domains/de/test/auto/ActorDepthCalculation_actorWithoutPorts.xml (RunModel)" time="0.008" />
  <testcase classname="ptolemy.util.test.junit.AutoTests" name="[1] /home/travis/build/icyphy/ptII/ptolemy/domains/de/test/auto/AssemblyLine.xml (RunModel)" time="0.012" />
  <testcase classname="ptolemy.util.test.junit.AutoTests" name="[2] /home/travis/build/icyphy/ptII/ptolemy/domains/de/test/auto/CQBug1.xml (RunModel)" time="0.005" />
  <testcase classname="ptolemy.util.test.junit.AutoTests" name="[3] /home/travis/build/icyphy/ptII/ptolemy/domains/de/test/auto/CancelFireAt.xml (RunModel)" time="0.004" />
  <testcase classname="ptolemy.util.test.junit.AutoTests" name="[4] /home/travis/build/icyphy/ptII/ptolemy/domains/de/test/auto/CausalityAndComposabilityAnalysis.xml (RunModel)" time="0.007" />
  <testcase classname="ptolemy.util.test.junit.AutoTests" name="[5] /home/travis/build/icyphy/ptII/ptolemy/domains/de/test/auto/CausalityInterface1.xml (RunModel)" time="0.012" />
  <testcase classname="ptolemy.util.test.junit.AutoTests" name="[6] /home/travis/build/icyphy/ptII/ptolemy/domains/de/test/auto/CausalityInterface15.xml (RunModel)" time="0.012" />
  <testcase classname="ptolemy.util.test.junit.AutoTests" name="[7] /home/travis/build/icyphy/ptII/ptolemy/domains/de/test/auto/CausalityInterface2.xml (RunModel)" time="0.014" />
  <testcase classname="ptolemy.util.test.junit.AutoTests" name="[8] /home/travis/build/icyphy/ptII/ptolemy/domains/de/test/auto/CausalityInterface3.xml (RunModel)" time="0.011" />
  <testcase classname="ptolemy.util.test.junit.AutoTests" name="[9] /home/travis/build/icyphy/ptII/ptolemy/domains/de/test/auto/ClockDrift.xml (RunModel)" time="0.032" />
  <testcase classname="ptolemy.util.test.junit.AutoTests" name="[10] /home/travis/build/icyphy/ptII/ptolemy/domains/de/test/auto/ClockDriftAndValueChange.xml (RunModel)" time="0.03" />
  <testcase classname="ptolemy.util.test.junit.AutoTests" name="[11] /home/travis/build/icyphy/ptII/ptolemy/domains/de/test/auto/ClockDriftChange.xml (RunModel)" time="0.026" />
  <testcase classname="ptolemy.util.test.junit.AutoTests" name="[12] /home/travis/build/icyphy/ptII/ptolemy/domains/de/test/auto/ComposableCausalityAnalysis.xml (RunModel)" time="0.016" />
  <testcase classname="ptolemy.util.test.junit.AutoTests" name="[13] /home/travis/build/icyphy/ptII/ptolemy/domains/de/test/auto/DEFixedPointLimitation.xml (RunModel)" time="0.008" />
  <testcase classname="ptolemy.util.test.junit.AutoTests" name="[14] /home/travis/build/icyphy/ptII/ptolemy/domains/de/test/auto/DEScheduleTest.xml (RunModel)" time="0.01" />
  <testcase classname="ptolemy.util.test.junit.AutoTests" name="[15] /home/travis/build/icyphy/ptII/ptolemy/domains/de/test/auto/DEinDEwithStartTimes.xml (RunModel)" time="0.012" />
  <testcase classname="ptolemy.util.test.junit.AutoTests" name="[16] /home/travis/build/icyphy/ptII/ptolemy/domains/de/test/auto/DEinDEwithStartTimes2.xml (RunModel)" time="0.013" />
  <testcase classname="ptolemy.util.test.junit.AutoTests" name="[17] /home/travis/build/icyphy/ptII/ptolemy/domains/de/test/auto/DateDemo.xml (RunModel)" time="0.026" />
  <testcase classname="ptolemy.util.test.junit.AutoTests" name="[18] /home/travis/build/icyphy/ptII/ptolemy/domains/de/test/auto/DateToEvent.xml (RunModel)" time="2.037" />
  <testcase classname="ptolemy.util.test.junit.AutoTests" name="[19] /home/travis/build/icyphy/ptII/ptolemy/domains/de/test/auto/DepthTest1.xml (RunModel)" time="0.013" />
  <testcase classname="ptolemy.util.test.junit.AutoTests" name="[20] /home/travis/build/icyphy/ptII/ptolemy/domains/de/test/auto/DepthTest2.xml (RunModel)" time="0.017" />
  <testcase classname="ptolemy.util.test.junit.AutoTests" name="[21] /home/travis/build/icyphy/ptII/ptolemy/domains/de/test/auto/DepthTest3.xml (RunModel)" time="0.011" />
  <testcase classname="ptolemy.util.test.junit.AutoTests" name="[22] /home/travis/build/icyphy/ptII/ptolemy/domains/de/test/auto/DepthTest4.xml (RunModel)" time="0.011" />
  <testcase classname="ptolemy.util.test.junit.AutoTests" name="[23] /home/travis/build/icyphy/ptII/ptolemy/domains/de/test/auto/DepthTest5.xml (RunModel)" time="0.019" />
  <testcase classname="ptolemy.util.test.junit.AutoTests" name="[24] /home/travis/build/icyphy/ptII/ptolemy/domains/de/test/auto/DepthTest6.xml (RunModel)" time="0.02" />
  <testcase classname="ptolemy.util.test.junit.AutoTests" name="[25] /home/travis/build/icyphy/ptII/ptolemy/domains/de/test/auto/DepthTest7.xml (RunModel)" time="0.023" />
  <testcase classname="ptolemy.util.test.junit.AutoTests" name="[26] /home/travis/build/icyphy/ptII/ptolemy/domains/de/test/auto/EventToDate.xml (RunModel)" time="3.04" />
  <testcase classname="ptolemy.util.test.junit.AutoTests" name="[27] /home/travis/build/icyphy/ptII/ptolemy/domains/de/test/auto/FSM1.xml (RunModel)" time="0.028" />
  <testcase classname="ptolemy.util.test.junit.AutoTests" name="[28] /home/travis/build/icyphy/ptII/ptolemy/domains/de/test/auto/FSM7.xml (RunModel)" time="0.03" />
  <testcase classname="ptolemy.util.test.junit.AutoTests" name="[29] /home/travis/build/icyphy/ptII/ptolemy/domains/de/test/auto/Inspection.xml (RunModel)" time="0.035" />
  <testcase classname="ptolemy.util.test.junit.AutoTests" name="[30] /home/travis/build/icyphy/ptII/ptolemy/domains/de/test/auto/Iteration.xml (RunModel)" time="0.016" />
  <testcase classname="ptolemy.util.test.junit.AutoTests" name="[31] /home/travis/build/icyphy/ptII/ptolemy/domains/de/test/auto/LineFault.xml (RunModel)" time="0.576" />
  <testcase classname="ptolemy.util.test.junit.AutoTests" name="[32] /home/travis/build/icyphy/ptII/ptolemy/domains/de/test/auto/MergeModel1Add.xml (RunModel)" time="0.045" />
  <testcase classname="ptolemy.util.test.junit.AutoTests" name="[33] /home/travis/build/icyphy/ptII/ptolemy/domains/de/test/auto/MergeModel2Add.xml (RunModel)" time="0.035" />
  <testcase classname="ptolemy.util.test.junit.AutoTests" name="[34] /home/travis/build/icyphy/ptII/ptolemy/domains/de/test/auto/MergeModel3Add.xml (RunModel)" time="0.046" />
  <testcase classname="ptolemy.util.test.junit.AutoTests" name="[35] /home/travis/build/icyphy/ptII/ptolemy/domains/de/test/auto/MergeWithoutDiscard.xml (RunModel)" time="0.01" />
  <testcase classname="ptolemy.util.test.junit.AutoTests" name="[36] /home/travis/build/icyphy/ptII/ptolemy/domains/de/test/auto/Modal1.xml (RunModel)" time="0.032" />
  <testcase classname="ptolemy.util.test.junit.AutoTests" name="[37] /home/travis/build/icyphy/ptII/ptolemy/domains/de/test/auto/Modal2.xml (RunModel)" time="0.034" />
  <testcase classname="ptolemy.util.test.junit.AutoTests" name="[38] /home/travis/build/icyphy/ptII/ptolemy/domains/de/test/auto/Modal3.xml (RunModel)" time="0.032" />
  <testcase classname="ptolemy.util.test.junit.AutoTests" name="[39] /home/travis/build/icyphy/ptII/ptolemy/domains/de/test/auto/Modal4.xml (RunModel)" time="0.027" />
  <testcase classname="ptolemy.util.test.junit.AutoTests" name="[40] /home/travis/build/icyphy/ptII/ptolemy/domains/de/test/auto/Modal5.xml (RunModel)" time="0.028" />
  <testcase classname="ptolemy.util.test.junit.AutoTests" name="[41] /home/travis/build/icyphy/ptII/ptolemy/domains/de/test/auto/Modal6.xml (RunModel)" time="0.026" />
  <testcase classname="ptolemy.util.test.junit.AutoTests" name="[42] /home/travis/build/icyphy/ptII/ptolemy/domains/de/test/auto/Modal7.xml (RunModel)" time="0.027" />
  <testcase classname="ptolemy.util.test.junit.AutoTests" name="[43] /home/travis/build/icyphy/ptII/ptolemy/domains/de/test/auto/ModalModel.xml (RunModel)" time="0.149" />
  <testcase classname="ptolemy.util.test.junit.AutoTests" name="[44] /home/travis/build/icyphy/ptII/ptolemy/domains/de/test/auto/ModalSource.xml (RunModel)" time="0.016" />
  <testcase classname="ptolemy.util.test.junit.AutoTests" name="[45] /home/travis/build/icyphy/ptII/ptolemy/domains/de/test/auto/NonInterruptibleTimerZeroDelay.xml (RunModel)" time="0.008" />
  <testcase classname="ptolemy.util.test.junit.AutoTests" name="[46] /home/travis/build/icyphy/ptII/ptolemy/domains/de/test/auto/OpenQueueingNetwork.xml (RunModel)" time="2.24" />
  <testcase classname="ptolemy.util.test.junit.AutoTests" name="[47] /home/travis/build/icyphy/ptII/ptolemy/domains/de/test/auto/OpenQueuingNetwork.xml (RunModel)" time="0.34" />
  <testcase classname="ptolemy.util.test.junit.AutoTests" name="[48] /home/travis/build/icyphy/ptII/ptolemy/domains/de/test/auto/PeriodicSampler.xml (RunModel)" time="0.009" />
  <testcase classname="ptolemy.util.test.junit.AutoTests" name="[49] /home/travis/build/icyphy/ptII/ptolemy/domains/de/test/auto/PersistentIO.xml (RunModel)" time="0.021" />
  <testcase classname="ptolemy.util.test.junit.AutoTests" name="[50] /home/travis/build/icyphy/ptII/ptolemy/domains/de/test/auto/PortParameterResetOnInitialize.xml (RunModel)" time="0.008" />
  <testcase classname="ptolemy.util.test.junit.AutoTests" name="[51] /home/travis/build/icyphy/ptII/ptolemy/domains/de/test/auto/PortParameterUpdates.xml (RunModel)" time="0.016" />
  <testcase classname="ptolemy.util.test.junit.AutoTests" name="[52] /home/travis/build/icyphy/ptII/ptolemy/domains/de/test/auto/QueueAndServer.xml (RunModel)" time="0.019" />
  <testcase classname="ptolemy.util.test.junit.AutoTests" name="[53] /home/travis/build/icyphy/ptII/ptolemy/domains/de/test/auto/Records.xml (RunModel)" time="0.02" />
  <testcase classname="ptolemy.util.test.junit.AutoTests" name="[54] /home/travis/build/icyphy/ptII/ptolemy/domains/de/test/auto/ResetTransitionWithStartTime1.xml (RunModel)" time="0.027" />
  <testcase classname="ptolemy.util.test.junit.AutoTests" name="[55] /home/travis/build/icyphy/ptII/ptolemy/domains/de/test/auto/ResetTransitionWithStartTime2.xml (RunModel)" time="0.017" />
  <testcase classname="ptolemy.util.test.junit.AutoTests" name="[56] /home/travis/build/icyphy/ptII/ptolemy/domains/de/test/auto/ResetTransitionWithStartTime3.xml (RunModel)" time="0.014" />
  <testcase classname="ptolemy.util.test.junit.AutoTests" name="[57] /home/travis/build/icyphy/ptII/ptolemy/domains/de/test/auto/ResetTransitionWithStartTime4.xml (RunModel)" time="0.015" />
  <testcase classname="ptolemy.util.test.junit.AutoTests" name="[58] /home/travis/build/icyphy/ptII/ptolemy/domains/de/test/auto/ResettableTimer1.xml (RunModel)" time="0.008" />
  <testcase classname="ptolemy.util.test.junit.AutoTests" name="[59] /home/travis/build/icyphy/ptII/ptolemy/domains/de/test/auto/ResettableTimer2.xml (RunModel)" time="0.008" />
  <testcase classname="ptolemy.util.test.junit.AutoTests" name="[60] /home/travis/build/icyphy/ptII/ptolemy/domains/de/test/auto/ResettableTimer3.xml (RunModel)" time="0.008" />
  <testcase classname="ptolemy.util.test.junit.AutoTests" name="[61] /home/travis/build/icyphy/ptII/ptolemy/domains/de/test/auto/ResettableTimer4.xml (RunModel)" time="0.008" />
  <testcase classname="ptolemy.util.test.junit.AutoTests" name="[62] /home/travis/build/icyphy/ptII/ptolemy/domains/de/test/auto/ResettableTimer5.xml (RunModel)" time="0.007" />
  <testcase classname="ptolemy.util.test.junit.AutoTests" name="[63] /home/travis/build/icyphy/ptII/ptolemy/domains/de/test/auto/ResettableTimer6.xml (RunModel)" time="0.016" />
  <testcase classname="ptolemy.util.test.junit.AutoTests" name="[64] /home/travis/build/icyphy/ptII/ptolemy/domains/de/test/auto/ServerZeroDelay.xml (RunModel)" time="0.01" />
  <testcase classname="ptolemy.util.test.junit.AutoTests" name="[65] /home/travis/build/icyphy/ptII/ptolemy/domains/de/test/auto/SmartSender.xml (RunModel)" time="3.007" />
  <testcase classname="ptolemy.util.test.junit.AutoTests" name="[66] /home/travis/build/icyphy/ptII/ptolemy/domains/de/test/auto/ThreadedComposite.xml (RunModel)" time="0.208" />
  <testcase classname="ptolemy.util.test.junit.AutoTests" name="[67] /home/travis/build/icyphy/ptII/ptolemy/domains/de/test/auto/Time.xml (RunModel)" time="0.434" />
  <testcase classname="ptolemy.util.test.junit.AutoTests" name="[68] /home/travis/build/icyphy/ptII/ptolemy/domains/de/test/auto/TimeDelayZeroDelay.xml (RunModel)" time="0.011" />
  <testcase classname="ptolemy.util.test.junit.AutoTests" name="[69] /home/travis/build/icyphy/ptII/ptolemy/domains/de/test/auto/TimerZeroDelay.xml (RunModel)" time="0.008" />
  <testcase classname="ptolemy.util.test.junit.AutoTests" name="[70] /home/travis/build/icyphy/ptII/ptolemy/domains/de/test/auto/TimingParadox.xml (RunModel)" time="0.343" />
  <testcase classname="ptolemy.util.test.junit.AutoTests" name="[71] /home/travis/build/icyphy/ptII/ptolemy/domains/de/test/auto/TransferInputs.xml (RunModel)" time="0.014" />
  <testcase classname="ptolemy.util.test.junit.AutoTests" name="[72] /home/travis/build/icyphy/ptII/ptolemy/domains/de/test/auto/TransferOutputs2.xml (RunModel)" time="0.016" />
  <testcase classname="ptolemy.util.test.junit.AutoTests" name="[73] /home/travis/build/icyphy/ptII/ptolemy/domains/de/test/auto/Trilateration.xml (RunModel)" time="10.702" />
  <testcase classname="ptolemy.util.test.junit.AutoTests" name="[74] /home/travis/build/icyphy/ptII/ptolemy/domains/de/test/auto/TwoSigmaDelta.xml (RunModel)" time="1.988" />
  <testcase classname="ptolemy.util.test.junit.AutoTests" name="[75] /home/travis/build/icyphy/ptII/ptolemy/domains/de/test/auto/VariableDelay.xml (RunModel)" time="0.011" />
  <testcase classname="ptolemy.util.test.junit.AutoTests" name="[76] /home/travis/build/icyphy/ptII/ptolemy/domains/de/test/auto/VariableDelay2.xml (RunModel)" time="0.007" />
  <testcase classname="ptolemy.util.test.junit.AutoTests" name="[77] /home/travis/build/icyphy/ptII/ptolemy/domains/de/test/auto/VariableDelayZeroDelay.xml (RunModel)" time="0.011" />
  <testcase classname="ptolemy.util.test.junit.AutoTests" name="[78] /home/travis/build/icyphy/ptII/ptolemy/domains/de/test/auto/VariableDelayZeroDelay2.xml (RunModel)" time="0.008" />
  <testcase classname="ptolemy.util.test.junit.AutoTests" name="[79] /home/travis/build/icyphy/ptII/ptolemy/domains/de/test/auto/deInCt.xml (RunModel)" time="0.013" />
  <testcase classname="ptolemy.util.test.junit.AutoTests" name="[80] /home/travis/build/icyphy/ptII/ptolemy/domains/de/test/auto/deInCt2.xml (RunModel)" time="0.014" />
  <testcase classname="ptolemy.util.test.junit.AutoTests" name="[81] /home/travis/build/icyphy/ptII/ptolemy/domains/de/test/auto/dynamicCausalityInterface1.xml (RunModel)" time="0.015" />
  <testcase classname="ptolemy.util.test.junit.AutoTests" name="[82] /home/travis/build/icyphy/ptII/ptolemy/domains/de/test/auto/fsm_de_test.xml (RunModel)" time="0.024" />
  <testcase classname="ptolemy.util.test.junit.AutoTests" name="[83] /home/travis/build/icyphy/ptII/ptolemy/domains/de/test/auto/functionDependencyReconstruction.xml (RunModel)" time="0.028" />
  <testcase classname="ptolemy.util.test.junit.AutoTests" name="[84] /home/travis/build/icyphy/ptII/ptolemy/domains/de/test/auto/multirate.xml (RunModel)" time="0.012" />
  <testcase classname="ptolemy.util.test.junit.AutoTests" name="[85] /home/travis/build/icyphy/ptII/ptolemy/domains/de/test/auto/multirate2.xml (RunModel)" time="0.012" />
  <testcase classname="ptolemy.util.test.junit.AutoTests" name="[86] /home/travis/build/icyphy/ptII/ptolemy/domains/de/test/auto/realtime.xml (RunModel)" time="10.009" />
  <testcase classname="ptolemy.util.test.junit.AutoTests" name="[87] /home/travis/build/icyphy/ptII/ptolemy/domains/de/test/auto/relationGroup.xml (RunModel)" time="0.011" />
  <testcase classname="ptolemy.util.test.junit.AutoTests" name="[88] /home/travis/build/icyphy/ptII/ptolemy/domains/de/test/auto/relationGroup2.xml (RunModel)" time="0.006" />
  <testcase classname="ptolemy.util.test.junit.AutoTests" name="[89] /home/travis/build/icyphy/ptII/ptolemy/domains/de/test/auto/sortWithOpaquePorts.xml (RunModel)" time="0.007" />
  <testcase classname="ptolemy.util.test.junit.AutoTests" name="[90] /home/travis/build/icyphy/ptII/ptolemy/domains/de/test/auto/transferInputsandOutputs.xml (RunModel)" time="0.012" />
  <testcase classname="ptolemy.util.test.junit.AutoTests" name="[91] /home/travis/build/icyphy/ptII/ptolemy/domains/de/test/auto/triggerType.xml (RunModel)" time="0.007" />
  <system-out><![CDATA[/home/travis/build/icyphy/ptII/ptolemy/domains/de/test/DependencyLoop.tcl
testDefs.tcl: setting time out to 9000 seconds at Sat Jun 01 04:28:16 UTC 2019
16 ms. Memory: 116224K Free: 97588K (84%)
20 ms. Memory: 146944K Free: 142355K (97%)
/home/travis/build/icyphy/ptII/ptolemy/domains/de/test/RunDETestsAsQSS.tcl
Run the DE tests using ptolemy.domains.qss.test.QSSDirectorTest, which extends QSSDirector and prints a message in the constructors.
------------------ testing $PTII/ptolemy/domains/de/test/auto/knownFailedTests/dependencyLoop.xml (Known Failure) 
7 ms. Memory: 146944K Free: 136879K (93%)


==== $PTIIhome/travis/build/icyphy/ptII/ptolemy/domains/de/test/../../../../: Auto Automatic test in file $PTII/ptolemy/domains/de/test/auto/knownFailedTests/dependencyLoop.xml
==== Contents of test case:

	    # FIXME: we should use $relativeFilename here, but it
	    # might have backslashes under Windows, which causes no end
	    # of trouble.
	    createAndExecute $file
	    list {}
	
.... Test generated KNOWN error:
    while executing
ptolemy.kernel.util.IllegalActionException: Found a zero delay loop containing .dependencyLoop.original
  in .dependencyLoop and .dependencyLoop.original
	at ptolemy.actor.util.CausalityInterfaceForComposites._computeOutputPortDepth(CausalityInterfaceForComposites.java:759)
	at ptolemy.actor.util.CausalityInterfaceForComposites._computeInputDepth(CausalityInterfaceForComposites.java:696)
	at ptolemy.actor.util.CausalityInterfaceForComposites._computeOutputPortDepth(CausalityInterfaceForComposites.java:765)
	at ptolemy.actor.util.CausalityInterfaceForComposites._computeInputDepth(CausalityInterfaceForComposites.java:696)
	at ptolemy.actor.util.CausalityInterfaceForComposites._computeOutputPortDepth(CausalityInterfaceForComposites.java:765)
	at ptolemy.actor.util.CausalityInterfaceForComposites._computeInputDepth(CausalityInterfaceForComposites.java:696)
	at ptolemy.actor.util.CausalityInterfaceForComposites._computeActorDepth(CausalityInterfaceForComposites.java:532)
	at ptolemy.actor.util.CausalityInterfaceForComposites.checkForCycles(CausalityInterfaceForComposites.java:96)
	at ptolemy.domains.de.kernel.DEDirector.preinitialize(DEDirector.java:1338)
	at ptolemy.actor.CompositeActor.preinitialize(CompositeActor.java:1828)
	at ptolemy.actor.Manager.preinitializeAndResolveTypes(Manager.java:1040)
	at ptolemy.actor.Manager.initialize(Manager.java:710)
	at ptolemy.actor.Manager.execute(Manager.java:356)
	at ptolemy.actor.Manager.run(Manager.java:1263)
	at ptolemy.actor.Manager$PtolemyRunThread.run(Manager.java:1915)

    while executing
ptolemy.kernel.util.IllegalActionException: Found a zero delay loop containing .dependencyLoop.original
  in .dependencyLoop and .dependencyLoop.original
    while executing
"java::new ptolemy.moml.MoMLSimpleApplication $file
"
    (procedure "createAndExecute" line 2)
    invoked from within
"createAndExecute $file"
    ("uplevel" body line 5)
    invoked from within
"uplevel $contents_of_test"
------------------ testing $PTII/ptolemy/domains/de/test/auto/knownFailedTests/DESDFClockTest.xml (Known Failure) 
2087 ms. Memory: 146944K Free: 121289K (83%)


==== $PTIIhome/travis/build/icyphy/ptII/ptolemy/domains/de/test/../../../../: Auto Automatic test in file $PTII/ptolemy/domains/de/test/auto/knownFailedTests/DESDFClockTest.xml
==== Contents of test case:

	    # FIXME: we should use $relativeFilename here, but it
	    # might have backslashes under Windows, which causes no end
	    # of trouble.
	    createAndExecute $file
	    list {}
	
.... Test generated KNOWN error:
    while executing
ptolemy.kernel.util.IllegalActionException: Actor is not ready to fire.  Perhaps UpSample.prefire() returned false? Try debugging the actor by selecting "Listen to Actor".  Also, for SDF check moml for tokenConsumptionRate on input.
  in .DESDFClockTest.Play Bell.Copy1:SDF Director and .DESDFClockTest.Play Bell.UpSample
	at ptolemy.actor.sched.StaticSchedulingDirector.fire(StaticSchedulingDirector.java:227)
	at ptolemy.domains.sdf.kernel.SDFDirector.fire(SDFDirector.java:500)
	at ptolemy.actor.CompositeActor.fire(CompositeActor.java:455)
	at ptolemy.domains.de.kernel.DEDirector._fire(DEDirector.java:1949)
	at ptolemy.domains.de.kernel.DEDirector.fire(DEDirector.java:502)
	at ptolemy.actor.CompositeActor.fire(CompositeActor.java:455)
	at ptolemy.actor.Manager.iterate(Manager.java:851)
	at ptolemy.actor.Manager.execute(Manager.java:369)
	at ptolemy.actor.Manager.run(Manager.java:1263)
	at ptolemy.actor.Manager$PtolemyRunThread.run(Manager.java:1915)

    while executing
ptolemy.kernel.util.IllegalActionException: Actor is not ready to fire.  Perhaps UpSample.prefire() returned false? Try debugging the actor by selecting "Listen to Actor".  Also, for SDF check moml for tokenConsumptionRate on input.
  in .DESDFClockTest.Play Bell.Copy1:SDF Director and .DESDFClockTest.Play Bell.UpSample
    while executing
"java::new ptolemy.moml.MoMLSimpleApplication $file
"
    (procedure "createAndExecute" line 2)
    invoked from within
"createAndExecute $file"
    ("uplevel" body line 5)
    invoked from within
"uplevel $contents_of_test"
------------------ testing $PTII/ptolemy/domains/de/test/auto/knownFailedTests/FSMSource.xml (Known Failure) 
21 ms. Memory: 146944K Free: 112400K (76%)
!!!! Auto was marked as failing, but now passes
------------------ testing $PTII/ptolemy/domains/de/test/auto/knownFailedTests/dependencyLoop2.xml (Known Failure) 
6 ms. Memory: 146944K Free: 110516K (75%)


==== $PTIIhome/travis/build/icyphy/ptII/ptolemy/domains/de/test/../../../../: Auto Automatic test in file $PTII/ptolemy/domains/de/test/auto/knownFailedTests/dependencyLoop2.xml
==== Contents of test case:

	    # FIXME: we should use $relativeFilename here, but it
	    # might have backslashes under Windows, which causes no end
	    # of trouble.
	    createAndExecute $file
	    list {}
	
.... Test generated KNOWN error:
    while executing
ptolemy.kernel.util.IllegalActionException: Found a zero delay loop containing .dependencyLoop2.original
  in .dependencyLoop2 and .dependencyLoop2.original
	at ptolemy.actor.util.CausalityInterfaceForComposites._computeOutputPortDepth(CausalityInterfaceForComposites.java:759)
	at ptolemy.actor.util.CausalityInterfaceForComposites._computeInputDepth(CausalityInterfaceForComposites.java:696)
	at ptolemy.actor.util.CausalityInterfaceForComposites._computeOutputPortDepth(CausalityInterfaceForComposites.java:765)
	at ptolemy.actor.util.CausalityInterfaceForComposites._computeInputDepth(CausalityInterfaceForComposites.java:696)
	at ptolemy.actor.util.CausalityInterfaceForComposites._computeOutputPortDepth(CausalityInterfaceForComposites.java:765)
	at ptolemy.actor.util.CausalityInterfaceForComposites._computeInputDepth(CausalityInterfaceForComposites.java:696)
	at ptolemy.actor.util.CausalityInterfaceForComposites._computeActorDepth(CausalityInterfaceForComposites.java:532)
	at ptolemy.actor.util.CausalityInterfaceForComposites.checkForCycles(CausalityInterfaceForComposites.java:96)
	at ptolemy.domains.de.kernel.DEDirector.preinitialize(DEDirector.java:1338)
	at ptolemy.actor.CompositeActor.preinitialize(CompositeActor.java:1828)
	at ptolemy.actor.Manager.preinitializeAndResolveTypes(Manager.java:1040)
	at ptolemy.actor.Manager.initialize(Manager.java:710)
	at ptolemy.actor.Manager.execute(Manager.java:356)
	at ptolemy.actor.Manager.run(Manager.java:1263)
	at ptolemy.actor.Manager$PtolemyRunThread.run(Manager.java:1915)

    while executing
ptolemy.kernel.util.IllegalActionException: Found a zero delay loop containing .dependencyLoop2.original
  in .dependencyLoop2 and .dependencyLoop2.original
    while executing
"java::new ptolemy.moml.MoMLSimpleApplication $file
"
    (procedure "createAndExecute" line 2)
    invoked from within
"createAndExecute $file"
    ("uplevel" body line 5)
    invoked from within
"uplevel $contents_of_test"
------------------ testing $PTII/ptolemy/domains/de/test/auto/knownFailedTests/HierarchicalModel.xml (Known Failure) 
5 ms. Memory: 146944K Free: 90270K (61%)


==== $PTIIhome/travis/build/icyphy/ptII/ptolemy/domains/de/test/../../../../: Auto Automatic test in file $PTII/ptolemy/domains/de/test/auto/knownFailedTests/HierarchicalModel.xml
==== Contents of test case:

	    # FIXME: we should use $relativeFilename here, but it
	    # might have backslashes under Windows, which causes no end
	    # of trouble.
	    createAndExecute $file
	    list {}
	
.... Test generated KNOWN error:
    while executing
ptolemy.kernel.util.IllegalActionException: Found a zero delay loop containing .HierarchicalModel.A
  in .HierarchicalModel and .HierarchicalModel.A
	at ptolemy.actor.util.CausalityInterfaceForComposites._computeOutputPortDepth(CausalityInterfaceForComposites.java:759)
	at ptolemy.actor.util.CausalityInterfaceForComposites._computeInputDepth(CausalityInterfaceForComposites.java:696)
	at ptolemy.actor.util.CausalityInterfaceForComposites._computeOutputPortDepth(CausalityInterfaceForComposites.java:765)
	at ptolemy.actor.util.CausalityInterfaceForComposites._computeInputDepth(CausalityInterfaceForComposites.java:696)
	at ptolemy.actor.util.CausalityInterfaceForComposites._computeOutputPortDepth(CausalityInterfaceForComposites.java:765)
	at ptolemy.actor.util.CausalityInterfaceForComposites._computeInputDepth(CausalityInterfaceForComposites.java:696)
	at ptolemy.actor.util.CausalityInterfaceForComposites._computeActorDepth(CausalityInterfaceForComposites.java:532)
	at ptolemy.actor.util.CausalityInterfaceForComposites.checkForCycles(CausalityInterfaceForComposites.java:96)
	at ptolemy.domains.de.kernel.DEDirector.preinitialize(DEDirector.java:1338)
	at ptolemy.actor.CompositeActor.preinitialize(CompositeActor.java:1828)
	at ptolemy.actor.Manager.preinitializeAndResolveTypes(Manager.java:1040)
	at ptolemy.actor.Manager.initialize(Manager.java:710)
	at ptolemy.actor.Manager.execute(Manager.java:356)
	at ptolemy.actor.Manager.run(Manager.java:1263)
	at ptolemy.actor.Manager$PtolemyRunThread.run(Manager.java:1915)

    while executing
ptolemy.kernel.util.IllegalActionException: Found a zero delay loop containing .HierarchicalModel.A
  in .HierarchicalModel and .HierarchicalModel.A
    while executing
"java::new ptolemy.moml.MoMLSimpleApplication $file
"
    (procedure "createAndExecute" line 2)
    invoked from within
"createAndExecute $file"
    ("uplevel" body line 5)
    invoked from within
"uplevel $contents_of_test"
------------------ testing $PTII/ptolemy/domains/de/test/auto/knownFailedTests/DirectFeedback.xml (Known Failure) 
11 ms. Memory: 146944K Free: 86157K (59%)


==== $PTIIhome/travis/build/icyphy/ptII/ptolemy/domains/de/test/../../../../: Auto Automatic test in file $PTII/ptolemy/domains/de/test/auto/knownFailedTests/DirectFeedback.xml
==== Contents of test case:

	    # FIXME: we should use $relativeFilename here, but it
	    # might have backslashes under Windows, which causes no end
	    # of trouble.
	    createAndExecute $file
	    list {}
	
.... Test generated KNOWN error:
    while executing
ptolemy.kernel.util.IllegalActionException: Test fails in iteration 1.
Value was: 1.0. Should have been: 2.0
  in .DirectFeedback.Test
	at ptolemy.actor.lib.Test.fire(Test.java:268)
	at ptolemy.domains.de.kernel.DEDirector._fire(DEDirector.java:1949)
	at ptolemy.domains.de.kernel.DEDirector.fire(DEDirector.java:502)
	at ptolemy.actor.CompositeActor.fire(CompositeActor.java:455)
	at ptolemy.actor.Manager.iterate(Manager.java:851)
	at ptolemy.actor.Manager.execute(Manager.java:369)
	at ptolemy.actor.Manager.run(Manager.java:1263)
	at ptolemy.actor.Manager$PtolemyRunThread.run(Manager.java:1915)

    while executing
ptolemy.kernel.util.IllegalActionException: Test fails in iteration 1.
Value was: 1.0. Should have been: 2.0
  in .DirectFeedback.Test
    while executing
"java::new ptolemy.moml.MoMLSimpleApplication $file
"
    (procedure "createAndExecute" line 2)
    invoked from within
"createAndExecute $file"
    ("uplevel" body line 5)
    invoked from within
"uplevel $contents_of_test"
------------------ testing $PTII/ptolemy/domains/de/test/auto/ActorDepthCalculation_actorWithoutPorts.xml
auto.tcl: Setting watchdog for 200 seconds at Sat Jun 01 04:28:19 UTC 2019
17 ms. Memory: 146944K Free: 139717K (95%)
ptolemy.util.test.WatchDog.cancel(): canceling Sat Jun 01 04:28:19 UTC 2019
auto.tcl: Setting watchdog for 200 seconds at Sat Jun 01 04:28:19 UTC 2019
5 ms. Memory: 146944K Free: 137672K (94%)
ptolemy.util.test.WatchDog.cancel(): canceling Sat Jun 01 04:28:19 UTC 2019
------------------ testing $PTII/ptolemy/domains/de/test/auto/AssemblyLine.xml
auto.tcl: Setting watchdog for 200 seconds at Sat Jun 01 04:28:19 UTC 2019
30 ms. Memory: 208384K Free: 183903K (88%)
ptolemy.util.test.WatchDog.cancel(): canceling Sat Jun 01 04:28:20 UTC 2019
auto.tcl: Setting watchdog for 200 seconds at Sat Jun 01 04:28:20 UTC 2019
8 ms. Memory: 208384K Free: 183903K (88%)
ptolemy.util.test.WatchDog.cancel(): canceling Sat Jun 01 04:28:20 UTC 2019
------------------ testing $PTII/ptolemy/domains/de/test/auto/CQBug1.xml
auto.tcl: Setting watchdog for 200 seconds at Sat Jun 01 04:28:20 UTC 2019
14 ms. Memory: 208384K Free: 197898K (95%)
ptolemy.util.test.WatchDog.cancel(): canceling Sat Jun 01 04:28:20 UTC 2019
auto.tcl: Setting watchdog for 200 seconds at Sat Jun 01 04:28:20 UTC 2019
2 ms. Memory: 208384K Free: 197898K (95%)
ptolemy.util.test.WatchDog.cancel(): canceling Sat Jun 01 04:28:20 UTC 2019
------------------ testing $PTII/ptolemy/domains/de/test/auto/CancelFireAt.xml
auto.tcl: Setting watchdog for 200 seconds at Sat Jun 01 04:28:20 UTC 2019
25 ms. Memory: 208384K Free: 200635K (96%)
ptolemy.util.test.WatchDog.cancel(): canceling Sat Jun 01 04:28:20 UTC 2019
auto.tcl: Setting watchdog for 200 seconds at Sat Jun 01 04:28:20 UTC 2019
2 ms. Memory: 208384K Free: 198590K (95%)
ptolemy.util.test.WatchDog.cancel(): canceling Sat Jun 01 04:28:20 UTC 2019
------------------ testing $PTII/ptolemy/domains/de/test/auto/CausalityAndComposabilityAnalysis.xml
auto.tcl: Setting watchdog for 200 seconds at Sat Jun 01 04:28:20 UTC 2019
10 ms. Memory: 208384K Free: 198597K (95%)
ptolemy.util.test.WatchDog.cancel(): canceling Sat Jun 01 04:28:20 UTC 2019
auto.tcl: Setting watchdog for 200 seconds at Sat Jun 01 04:28:20 UTC 2019
4 ms. Memory: 208384K Free: 196551K (94%)
ptolemy.util.test.WatchDog.cancel(): canceling Sat Jun 01 04:28:20 UTC 2019
------------------ testing $PTII/ptolemy/domains/de/test/auto/CausalityInterface1.xml
auto.tcl: Setting watchdog for 200 seconds at Sat Jun 01 04:28:20 UTC 2019
21 ms. Memory: 208384K Free: 196489K (94%)
ptolemy.util.test.WatchDog.cancel(): canceling Sat Jun 01 04:28:20 UTC 2019
auto.tcl: Setting watchdog for 200 seconds at Sat Jun 01 04:28:20 UTC 2019
6 ms. Memory: 208384K Free: 196489K (94%)
ptolemy.util.test.WatchDog.cancel(): canceling Sat Jun 01 04:28:20 UTC 2019
------------------ testing $PTII/ptolemy/domains/de/test/auto/CausalityInterface15.xml
auto.tcl: Setting watchdog for 200 seconds at Sat Jun 01 04:28:20 UTC 2019
7 ms. Memory: 208384K Free: 196449K (94%)
ptolemy.util.test.WatchDog.cancel(): canceling Sat Jun 01 04:28:20 UTC 2019
auto.tcl: Setting watchdog for 200 seconds at Sat Jun 01 04:28:20 UTC 2019
8 ms. Memory: 208384K Free: 196449K (94%)
ptolemy.util.test.WatchDog.cancel(): canceling Sat Jun 01 04:28:20 UTC 2019
------------------ testing $PTII/ptolemy/domains/de/test/auto/CausalityInterface2.xml
auto.tcl: Setting watchdog for 200 seconds at Sat Jun 01 04:28:20 UTC 2019
4 ms. Memory: 208384K Free: 196465K (94%)
ptolemy.util.test.WatchDog.cancel(): canceling Sat Jun 01 04:28:20 UTC 2019
auto.tcl: Setting watchdog for 200 seconds at Sat Jun 01 04:28:20 UTC 2019
3 ms. Memory: 208384K Free: 196465K (94%)
ptolemy.util.test.WatchDog.cancel(): canceling Sat Jun 01 04:28:20 UTC 2019
------------------ testing $PTII/ptolemy/domains/de/test/auto/CausalityInterface3.xml
auto.tcl: Setting watchdog for 200 seconds at Sat Jun 01 04:28:20 UTC 2019
7 ms. Memory: 208384K Free: 196477K (94%)
ptolemy.util.test.WatchDog.cancel(): canceling Sat Jun 01 04:28:20 UTC 2019
auto.tcl: Setting watchdog for 200 seconds at Sat Jun 01 04:28:20 UTC 2019
3 ms. Memory: 208384K Free: 196477K (94%)
ptolemy.util.test.WatchDog.cancel(): canceling Sat Jun 01 04:28:20 UTC 2019
------------------ testing $PTII/ptolemy/domains/de/test/auto/ClockDrift.xml
auto.tcl: Setting watchdog for 200 seconds at Sat Jun 01 04:28:20 UTC 2019
66 ms. Memory: 208384K Free: 187873K (90%)
ptolemy.util.test.WatchDog.cancel(): canceling Sat Jun 01 04:28:21 UTC 2019
auto.tcl: Setting watchdog for 200 seconds at Sat Jun 01 04:28:21 UTC 2019
60 ms. Memory: 208384K Free: 185828K (89%)
ptolemy.util.test.WatchDog.cancel(): canceling Sat Jun 01 04:28:21 UTC 2019
------------------ testing $PTII/ptolemy/domains/de/test/auto/ClockDriftAndValueChange.xml
auto.tcl: Setting watchdog for 200 seconds at Sat Jun 01 04:28:21 UTC 2019
49 ms. Memory: 208384K Free: 189753K (91%)
ptolemy.util.test.WatchDog.cancel(): canceling Sat Jun 01 04:28:21 UTC 2019
auto.tcl: Setting watchdog for 200 seconds at Sat Jun 01 04:28:21 UTC 2019
41 ms. Memory: 208384K Free: 185663K (89%)
ptolemy.util.test.WatchDog.cancel(): canceling Sat Jun 01 04:28:21 UTC 2019
------------------ testing $PTII/ptolemy/domains/de/test/auto/ClockDriftChange.xml
auto.tcl: Setting watchdog for 200 seconds at Sat Jun 01 04:28:21 UTC 2019
24 ms. Memory: 208384K Free: 190974K (92%)
ptolemy.util.test.WatchDog.cancel(): canceling Sat Jun 01 04:28:21 UTC 2019
auto.tcl: Setting watchdog for 200 seconds at Sat Jun 01 04:28:21 UTC 2019
28 ms. Memory: 208384K Free: 188929K (91%)
ptolemy.util.test.WatchDog.cancel(): canceling Sat Jun 01 04:28:21 UTC 2019
------------------ testing $PTII/ptolemy/domains/de/test/auto/ComposableCausalityAnalysis.xml
auto.tcl: Setting watchdog for 200 seconds at Sat Jun 01 04:28:21 UTC 2019
2 ms. Memory: 208384K Free: 196332K (94%)
ptolemy.util.test.WatchDog.cancel(): canceling Sat Jun 01 04:28:21 UTC 2019
auto.tcl: Setting watchdog for 200 seconds at Sat Jun 01 04:28:21 UTC 2019
2 ms. Memory: 208384K Free: 194287K (93%)
ptolemy.util.test.WatchDog.cancel(): canceling Sat Jun 01 04:28:21 UTC 2019
------------------ testing $PTII/ptolemy/domains/de/test/auto/DEFixedPointLimitation.xml
auto.tcl: Setting watchdog for 200 seconds at Sat Jun 01 04:28:21 UTC 2019
2 ms. Memory: 208384K Free: 198458K (95%)
ptolemy.util.test.WatchDog.cancel(): canceling Sat Jun 01 04:28:21 UTC 2019
auto.tcl: Setting watchdog for 200 seconds at Sat Jun 01 04:28:21 UTC 2019
5 ms. Memory: 208384K Free: 196413K (94%)
ptolemy.util.test.WatchDog.cancel(): canceling Sat Jun 01 04:28:21 UTC 2019
------------------ testing $PTII/ptolemy/domains/de/test/auto/DEScheduleTest.xml
auto.tcl: Setting watchdog for 200 seconds at Sat Jun 01 04:28:21 UTC 2019
4 ms. Memory: 208384K Free: 199012K (96%)
ptolemy.util.test.WatchDog.cancel(): canceling Sat Jun 01 04:28:21 UTC 2019
auto.tcl: Setting watchdog for 200 seconds at Sat Jun 01 04:28:21 UTC 2019
4 ms. Memory: 208384K Free: 196967K (95%)
ptolemy.util.test.WatchDog.cancel(): canceling Sat Jun 01 04:28:21 UTC 2019
------------------ testing $PTII/ptolemy/domains/de/test/auto/DEinDEwithStartTimes.xml
auto.tcl: Setting watchdog for 200 seconds at Sat Jun 01 04:28:21 UTC 2019
3 ms. Memory: 208384K Free: 196418K (94%)
ptolemy.util.test.WatchDog.cancel(): canceling Sat Jun 01 04:28:21 UTC 2019
auto.tcl: Setting watchdog for 200 seconds at Sat Jun 01 04:28:21 UTC 2019
3 ms. Memory: 208384K Free: 196418K (94%)
ptolemy.util.test.WatchDog.cancel(): canceling Sat Jun 01 04:28:21 UTC 2019
------------------ testing $PTII/ptolemy/domains/de/test/auto/DEinDEwithStartTimes2.xml
auto.tcl: Setting watchdog for 200 seconds at Sat Jun 01 04:28:21 UTC 2019
7 ms. Memory: 208384K Free: 196398K (94%)
ptolemy.util.test.WatchDog.cancel(): canceling Sat Jun 01 04:28:21 UTC 2019
auto.tcl: Setting watchdog for 200 seconds at Sat Jun 01 04:28:21 UTC 2019
4 ms. Memory: 208384K Free: 194353K (93%)
ptolemy.util.test.WatchDog.cancel(): canceling Sat Jun 01 04:28:21 UTC 2019
------------------ testing $PTII/ptolemy/domains/de/test/auto/DateDemo.xml
auto.tcl: Setting watchdog for 200 seconds at Sat Jun 01 04:28:21 UTC 2019
13 ms. Memory: 208384K Free: 189000K (91%)
ptolemy.util.test.WatchDog.cancel(): canceling Sat Jun 01 04:28:21 UTC 2019
auto.tcl: Setting watchdog for 200 seconds at Sat Jun 01 04:28:21 UTC 2019
7 ms. Memory: 208384K Free: 186954K (90%)
ptolemy.util.test.WatchDog.cancel(): canceling Sat Jun 01 04:28:21 UTC 2019
------------------ testing $PTII/ptolemy/domains/de/test/auto/DateToEvent.xml
auto.tcl: Setting watchdog for 200 seconds at Sat Jun 01 04:28:22 UTC 2019
2011 ms. Memory: 208384K Free: 183864K (88%)
ptolemy.util.test.WatchDog.cancel(): canceling Sat Jun 01 04:28:24 UTC 2019
auto.tcl: Setting watchdog for 200 seconds at Sat Jun 01 04:28:24 UTC 2019
2007 ms. Memory: 208384K Free: 181406K (87%)
ptolemy.util.test.WatchDog.cancel(): canceling Sat Jun 01 04:28:26 UTC 2019
------------------ testing $PTII/ptolemy/domains/de/test/auto/DepthTest1.xml
auto.tcl: Setting watchdog for 200 seconds at Sat Jun 01 04:28:26 UTC 2019
3 ms. Memory: 208384K Free: 198020K (95%)
ptolemy.util.test.WatchDog.cancel(): canceling Sat Jun 01 04:28:26 UTC 2019
auto.tcl: Setting watchdog for 200 seconds at Sat Jun 01 04:28:26 UTC 2019
1 ms. Memory: 208384K Free: 198020K (95%)
ptolemy.util.test.WatchDog.cancel(): canceling Sat Jun 01 04:28:26 UTC 2019
------------------ testing $PTII/ptolemy/domains/de/test/auto/DepthTest2.xml
auto.tcl: Setting watchdog for 200 seconds at Sat Jun 01 04:28:26 UTC 2019
7 ms. Memory: 208384K Free: 194364K (93%)
ptolemy.util.test.WatchDog.cancel(): canceling Sat Jun 01 04:28:26 UTC 2019
auto.tcl: Setting watchdog for 200 seconds at Sat Jun 01 04:28:26 UTC 2019
11 ms. Memory: 208384K Free: 194364K (93%)
ptolemy.util.test.WatchDog.cancel(): canceling Sat Jun 01 04:28:26 UTC 2019
------------------ testing $PTII/ptolemy/domains/de/test/auto/DepthTest3.xml
auto.tcl: Setting watchdog for 200 seconds at Sat Jun 01 04:28:26 UTC 2019
2 ms. Memory: 208384K Free: 198875K (95%)
ptolemy.util.test.WatchDog.cancel(): canceling Sat Jun 01 04:28:26 UTC 2019
auto.tcl: Setting watchdog for 200 seconds at Sat Jun 01 04:28:26 UTC 2019
1 ms. Memory: 208384K Free: 198875K (95%)
ptolemy.util.test.WatchDog.cancel(): canceling Sat Jun 01 04:28:26 UTC 2019
------------------ testing $PTII/ptolemy/domains/de/test/auto/DepthTest4.xml
auto.tcl: Setting watchdog for 200 seconds at Sat Jun 01 04:28:26 UTC 2019
6 ms. Memory: 208384K Free: 196398K (94%)
ptolemy.util.test.WatchDog.cancel(): canceling Sat Jun 01 04:28:26 UTC 2019
auto.tcl: Setting watchdog for 200 seconds at Sat Jun 01 04:28:26 UTC 2019
2 ms. Memory: 208384K Free: 196398K (94%)
ptolemy.util.test.WatchDog.cancel(): canceling Sat Jun 01 04:28:26 UTC 2019
------------------ testing $PTII/ptolemy/domains/de/test/auto/DepthTest5.xml
auto.tcl: Setting watchdog for 200 seconds at Sat Jun 01 04:28:26 UTC 2019
6 ms. Memory: 208384K Free: 196345K (94%)
ptolemy.util.test.WatchDog.cancel(): canceling Sat Jun 01 04:28:26 UTC 2019
auto.tcl: Setting watchdog for 200 seconds at Sat Jun 01 04:28:26 UTC 2019
2 ms. Memory: 208384K Free: 196345K (94%)
ptolemy.util.test.WatchDog.cancel(): canceling Sat Jun 01 04:28:26 UTC 2019
------------------ testing $PTII/ptolemy/domains/de/test/auto/DepthTest6.xml
auto.tcl: Setting watchdog for 200 seconds at Sat Jun 01 04:28:26 UTC 2019
7 ms. Memory: 208384K Free: 196840K (94%)
ptolemy.util.test.WatchDog.cancel(): canceling Sat Jun 01 04:28:26 UTC 2019
auto.tcl: Setting watchdog for 200 seconds at Sat Jun 01 04:28:26 UTC 2019
2 ms. Memory: 208384K Free: 196840K (94%)
ptolemy.util.test.WatchDog.cancel(): canceling Sat Jun 01 04:28:26 UTC 2019
------------------ testing $PTII/ptolemy/domains/de/test/auto/DepthTest7.xml
auto.tcl: Setting watchdog for 200 seconds at Sat Jun 01 04:28:26 UTC 2019
2 ms. Memory: 208384K Free: 196302K (94%)
ptolemy.util.test.WatchDog.cancel(): canceling Sat Jun 01 04:28:26 UTC 2019
auto.tcl: Setting watchdog for 200 seconds at Sat Jun 01 04:28:26 UTC 2019
2 ms. Memory: 208384K Free: 196302K (94%)
ptolemy.util.test.WatchDog.cancel(): canceling Sat Jun 01 04:28:26 UTC 2019
------------------ testing $PTII/ptolemy/domains/de/test/auto/EventToDate.xml
auto.tcl: Setting watchdog for 200 seconds at Sat Jun 01 04:28:26 UTC 2019
3009 ms. Memory: 208384K Free: 188136K (90%)
ptolemy.util.test.WatchDog.cancel(): canceling Sat Jun 01 04:28:29 UTC 2019
auto.tcl: Setting watchdog for 200 seconds at Sat Jun 01 04:28:29 UTC 2019
3005 ms. Memory: 208384K Free: 186088K (89%)
ptolemy.util.test.WatchDog.cancel(): canceling Sat Jun 01 04:28:32 UTC 2019
------------------ testing $PTII/ptolemy/domains/de/test/auto/FSM1.xml
auto.tcl: Setting watchdog for 200 seconds at Sat Jun 01 04:28:32 UTC 2019
16 ms. Memory: 208384K Free: 189465K (91%)
ptolemy.util.test.WatchDog.cancel(): canceling Sat Jun 01 04:28:32 UTC 2019
auto.tcl: Setting watchdog for 200 seconds at Sat Jun 01 04:28:32 UTC 2019
15 ms. Memory: 208384K Free: 185375K (89%)
ptolemy.util.test.WatchDog.cancel(): canceling Sat Jun 01 04:28:32 UTC 2019
------------------ testing $PTII/ptolemy/domains/de/test/auto/FSM7.xml
auto.tcl: Setting watchdog for 200 seconds at Sat Jun 01 04:28:32 UTC 2019
24 ms. Memory: 208384K Free: 189667K (91%)
ptolemy.util.test.WatchDog.cancel(): canceling Sat Jun 01 04:28:33 UTC 2019
auto.tcl: Setting watchdog for 200 seconds at Sat Jun 01 04:28:33 UTC 2019
21 ms. Memory: 208384K Free: 185576K (89%)
ptolemy.util.test.WatchDog.cancel(): canceling Sat Jun 01 04:28:33 UTC 2019
------------------ testing $PTII/ptolemy/domains/de/test/auto/Inspection.xml
auto.tcl: Setting watchdog for 200 seconds at Sat Jun 01 04:28:33 UTC 2019
37 ms. Memory: 208384K Free: 189354K (91%)
ptolemy.util.test.WatchDog.cancel(): canceling Sat Jun 01 04:28:33 UTC 2019
auto.tcl: Setting watchdog for 200 seconds at Sat Jun 01 04:28:33 UTC 2019
22 ms. Memory: 208384K Free: 187309K (90%)
ptolemy.util.test.WatchDog.cancel(): canceling Sat Jun 01 04:28:33 UTC 2019
------------------ testing $PTII/ptolemy/domains/de/test/auto/Iteration.xml
auto.tcl: Setting watchdog for 200 seconds at Sat Jun 01 04:28:33 UTC 2019
13 ms. Memory: 208384K Free: 196108K (94%)
ptolemy.util.test.WatchDog.cancel(): canceling Sat Jun 01 04:28:33 UTC 2019
auto.tcl: Setting watchdog for 200 seconds at Sat Jun 01 04:28:33 UTC 2019
6 ms. Memory: 208384K Free: 194063K (93%)
ptolemy.util.test.WatchDog.cancel(): canceling Sat Jun 01 04:28:33 UTC 2019
------------------ testing $PTII/ptolemy/domains/de/test/auto/LineFault.xml
auto.tcl: Setting watchdog for 200 seconds at Sat Jun 01 04:28:33 UTC 2019
644 ms. Memory: 208384K Free: 199833K (96%)
ptolemy.util.test.WatchDog.cancel(): canceling Sat Jun 01 04:28:34 UTC 2019
auto.tcl: Setting watchdog for 200 seconds at Sat Jun 01 04:28:34 UTC 2019
614 ms. Memory: 208384K Free: 142304K (68%)
ptolemy.util.test.WatchDog.cancel(): canceling Sat Jun 01 04:28:34 UTC 2019
------------------ testing $PTII/ptolemy/domains/de/test/auto/MergeModel1Add.xml
auto.tcl: Setting watchdog for 200 seconds at Sat Jun 01 04:28:34 UTC 2019
29 ms. Memory: 331264K Free: 300756K (91%)
ptolemy.util.test.WatchDog.cancel(): canceling Sat Jun 01 04:28:35 UTC 2019
auto.tcl: Setting watchdog for 200 seconds at Sat Jun 01 04:28:35 UTC 2019
13 ms. Memory: 331264K Free: 300756K (91%)
ptolemy.util.test.WatchDog.cancel(): canceling Sat Jun 01 04:28:35 UTC 2019
------------------ testing $PTII/ptolemy/domains/de/test/auto/MergeModel2Add.xml
auto.tcl: Setting watchdog for 200 seconds at Sat Jun 01 04:28:35 UTC 2019
11 ms. Memory: 331264K Free: 305701K (92%)
ptolemy.util.test.WatchDog.cancel(): canceling Sat Jun 01 04:28:35 UTC 2019
auto.tcl: Setting watchdog for 200 seconds at Sat Jun 01 04:28:35 UTC 2019
11 ms. Memory: 331264K Free: 302126K (91%)
ptolemy.util.test.WatchDog.cancel(): canceling Sat Jun 01 04:28:35 UTC 2019
------------------ testing $PTII/ptolemy/domains/de/test/auto/MergeModel3Add.xml
auto.tcl: Setting watchdog for 200 seconds at Sat Jun 01 04:28:35 UTC 2019
10 ms. Memory: 331264K Free: 305711K (92%)
ptolemy.util.test.WatchDog.cancel(): canceling Sat Jun 01 04:28:35 UTC 2019
auto.tcl: Setting watchdog for 200 seconds at Sat Jun 01 04:28:35 UTC 2019
8 ms. Memory: 331264K Free: 302136K (91%)
ptolemy.util.test.WatchDog.cancel(): canceling Sat Jun 01 04:28:35 UTC 2019
------------------ testing $PTII/ptolemy/domains/de/test/auto/MergeWithoutDiscard.xml
auto.tcl: Setting watchdog for 200 seconds at Sat Jun 01 04:28:35 UTC 2019
6 ms. Memory: 331264K Free: 316431K (96%)
ptolemy.util.test.WatchDog.cancel(): canceling Sat Jun 01 04:28:35 UTC 2019
auto.tcl: Setting watchdog for 200 seconds at Sat Jun 01 04:28:35 UTC 2019
1 ms. Memory: 331264K Free: 316431K (96%)
ptolemy.util.test.WatchDog.cancel(): canceling Sat Jun 01 04:28:35 UTC 2019
------------------ testing $PTII/ptolemy/domains/de/test/auto/Modal1.xml
auto.tcl: Setting watchdog for 200 seconds at Sat Jun 01 04:28:35 UTC 2019
18 ms. Memory: 331264K Free: 310697K (94%)
ptolemy.util.test.WatchDog.cancel(): canceling Sat Jun 01 04:28:35 UTC 2019
auto.tcl: Setting watchdog for 200 seconds at Sat Jun 01 04:28:35 UTC 2019
23 ms. Memory: 331264K Free: 307123K (93%)
ptolemy.util.test.WatchDog.cancel(): canceling Sat Jun 01 04:28:35 UTC 2019
------------------ testing $PTII/ptolemy/domains/de/test/auto/Modal2.xml
auto.tcl: Setting watchdog for 200 seconds at Sat Jun 01 04:28:35 UTC 2019
17 ms. Memory: 331264K Free: 310554K (94%)
ptolemy.util.test.WatchDog.cancel(): canceling Sat Jun 01 04:28:35 UTC 2019
auto.tcl: Setting watchdog for 200 seconds at Sat Jun 01 04:28:35 UTC 2019
19 ms. Memory: 331264K Free: 306980K (93%)
ptolemy.util.test.WatchDog.cancel(): canceling Sat Jun 01 04:28:35 UTC 2019
------------------ testing $PTII/ptolemy/domains/de/test/auto/Modal3.xml
auto.tcl: Setting watchdog for 200 seconds at Sat Jun 01 04:28:35 UTC 2019
14 ms. Memory: 331264K Free: 311244K (94%)
ptolemy.util.test.WatchDog.cancel(): canceling Sat Jun 01 04:28:35 UTC 2019
auto.tcl: Setting watchdog for 200 seconds at Sat Jun 01 04:28:35 UTC 2019
11 ms. Memory: 331264K Free: 302079K (91%)
ptolemy.util.test.WatchDog.cancel(): canceling Sat Jun 01 04:28:35 UTC 2019
------------------ testing $PTII/ptolemy/domains/de/test/auto/Modal4.xml
auto.tcl: Setting watchdog for 200 seconds at Sat Jun 01 04:28:35 UTC 2019
23 ms. Memory: 331264K Free: 310582K (94%)
ptolemy.util.test.WatchDog.cancel(): canceling Sat Jun 01 04:28:35 UTC 2019
auto.tcl: Setting watchdog for 200 seconds at Sat Jun 01 04:28:35 UTC 2019
18 ms. Memory: 331264K Free: 307007K (93%)
ptolemy.util.test.WatchDog.cancel(): canceling Sat Jun 01 04:28:35 UTC 2019
------------------ testing $PTII/ptolemy/domains/de/test/auto/Modal5.xml
auto.tcl: Setting watchdog for 200 seconds at Sat Jun 01 04:28:35 UTC 2019
21 ms. Memory: 331264K Free: 310569K (94%)
ptolemy.util.test.WatchDog.cancel(): canceling Sat Jun 01 04:28:35 UTC 2019
auto.tcl: Setting watchdog for 200 seconds at Sat Jun 01 04:28:35 UTC 2019
13 ms. Memory: 331264K Free: 306995K (93%)
ptolemy.util.test.WatchDog.cancel(): canceling Sat Jun 01 04:28:35 UTC 2019
------------------ testing $PTII/ptolemy/domains/de/test/auto/Modal6.xml
auto.tcl: Setting watchdog for 200 seconds at Sat Jun 01 04:28:36 UTC 2019
13 ms. Memory: 331264K Free: 310566K (94%)
ptolemy.util.test.WatchDog.cancel(): canceling Sat Jun 01 04:28:36 UTC 2019
auto.tcl: Setting watchdog for 200 seconds at Sat Jun 01 04:28:36 UTC 2019
14 ms. Memory: 331264K Free: 306992K (93%)
ptolemy.util.test.WatchDog.cancel(): canceling Sat Jun 01 04:28:36 UTC 2019
------------------ testing $PTII/ptolemy/domains/de/test/auto/Modal7.xml
auto.tcl: Setting watchdog for 200 seconds at Sat Jun 01 04:28:36 UTC 2019
10 ms. Memory: 331264K Free: 306992K (93%)
ptolemy.util.test.WatchDog.cancel(): canceling Sat Jun 01 04:28:36 UTC 2019
auto.tcl: Setting watchdog for 200 seconds at Sat Jun 01 04:28:36 UTC 2019
9 ms. Memory: 331264K Free: 303417K (92%)
ptolemy.util.test.WatchDog.cancel(): canceling Sat Jun 01 04:28:36 UTC 2019
------------------ testing $PTII/ptolemy/domains/de/test/auto/ModalModel.xml
auto.tcl: Setting watchdog for 200 seconds at Sat Jun 01 04:28:36 UTC 2019
208 ms. Memory: 331264K Free: 248097K (75%)
ptolemy.util.test.WatchDog.cancel(): canceling Sat Jun 01 04:28:36 UTC 2019
auto.tcl: Setting watchdog for 200 seconds at Sat Jun 01 04:28:36 UTC 2019
185 ms. Memory: 331264K Free: 190826K (58%)
ptolemy.util.test.WatchDog.cancel(): canceling Sat Jun 01 04:28:36 UTC 2019
------------------ testing $PTII/ptolemy/domains/de/test/auto/ModalSource.xml
auto.tcl: Setting watchdog for 200 seconds at Sat Jun 01 04:28:36 UTC 2019
5 ms. Memory: 331264K Free: 316839K (96%)
ptolemy.util.test.WatchDog.cancel(): canceling Sat Jun 01 04:28:36 UTC 2019
auto.tcl: Setting watchdog for 200 seconds at Sat Jun 01 04:28:36 UTC 2019
4 ms. Memory: 331264K Free: 313551K (95%)
ptolemy.util.test.WatchDog.cancel(): canceling Sat Jun 01 04:28:36 UTC 2019
------------------ testing $PTII/ptolemy/domains/de/test/auto/NonInterruptibleTimerZeroDelay.xml
auto.tcl: Setting watchdog for 200 seconds at Sat Jun 01 04:28:36 UTC 2019
3 ms. Memory: 331264K Free: 321218K (97%)
ptolemy.util.test.WatchDog.cancel(): canceling Sat Jun 01 04:28:36 UTC 2019
auto.tcl: Setting watchdog for 200 seconds at Sat Jun 01 04:28:36 UTC 2019
2 ms. Memory: 331264K Free: 317930K (96%)
ptolemy.util.test.WatchDog.cancel(): canceling Sat Jun 01 04:28:36 UTC 2019
------------------ testing $PTII/ptolemy/domains/de/test/auto/OpenQueueingNetwork.xml
auto.tcl: Setting watchdog for 200 seconds at Sat Jun 01 04:28:36 UTC 2019
2932 ms. Memory: 317952K Free: 134635K (42%)
ptolemy.util.test.WatchDog.cancel(): canceling Sat Jun 01 04:28:39 UTC 2019
auto.tcl: Setting watchdog for 200 seconds at Sat Jun 01 04:28:39 UTC 2019
2470 ms. Memory: 287232K Free: 188674K (66%)
ptolemy.util.test.WatchDog.cancel(): canceling Sat Jun 01 04:28:42 UTC 2019
------------------ testing $PTII/ptolemy/domains/de/test/auto/OpenQueuingNetwork.xml
auto.tcl: Setting watchdog for 200 seconds at Sat Jun 01 04:28:42 UTC 2019
245 ms. Memory: 287232K Free: 184268K (64%)
ptolemy.util.test.WatchDog.cancel(): canceling Sat Jun 01 04:28:42 UTC 2019
auto.tcl: Setting watchdog for 200 seconds at Sat Jun 01 04:28:42 UTC 2019
229 ms. Memory: 287232K Free: 122651K (43%)
ptolemy.util.test.WatchDog.cancel(): canceling Sat Jun 01 04:28:43 UTC 2019
------------------ testing $PTII/ptolemy/domains/de/test/auto/PeriodicSampler.xml
auto.tcl: Setting watchdog for 200 seconds at Sat Jun 01 04:28:43 UTC 2019
2 ms. Memory: 289792K Free: 277939K (96%)
ptolemy.util.test.WatchDog.cancel(): canceling Sat Jun 01 04:28:43 UTC 2019
auto.tcl: Setting watchdog for 200 seconds at Sat Jun 01 04:28:43 UTC 2019
2 ms. Memory: 289792K Free: 275125K (95%)
ptolemy.util.test.WatchDog.cancel(): canceling Sat Jun 01 04:28:43 UTC 2019
------------------ testing $PTII/ptolemy/domains/de/test/auto/PersistentIO.xml
auto.tcl: Setting watchdog for 200 seconds at Sat Jun 01 04:28:43 UTC 2019
4 ms. Memory: 287232K Free: 267519K (93%)
ptolemy.util.test.WatchDog.cancel(): canceling Sat Jun 01 04:28:43 UTC 2019
auto.tcl: Setting watchdog for 200 seconds at Sat Jun 01 04:28:43 UTC 2019
3 ms. Memory: 287232K Free: 267519K (93%)
ptolemy.util.test.WatchDog.cancel(): canceling Sat Jun 01 04:28:43 UTC 2019
------------------ testing $PTII/ptolemy/domains/de/test/auto/PortParameterResetOnInitialize.xml
auto.tcl: Setting watchdog for 200 seconds at Sat Jun 01 04:28:43 UTC 2019
3 ms. Memory: 289280K Free: 275067K (95%)
ptolemy.util.test.WatchDog.cancel(): canceling Sat Jun 01 04:28:43 UTC 2019
auto.tcl: Setting watchdog for 200 seconds at Sat Jun 01 04:28:43 UTC 2019
2 ms. Memory: 289280K Free: 275067K (95%)
ptolemy.util.test.WatchDog.cancel(): canceling Sat Jun 01 04:28:43 UTC 2019
------------------ testing $PTII/ptolemy/domains/de/test/auto/PortParameterUpdates.xml
auto.tcl: Setting watchdog for 200 seconds at Sat Jun 01 04:28:43 UTC 2019
3 ms. Memory: 287232K Free: 273144K (95%)
ptolemy.util.test.WatchDog.cancel(): canceling Sat Jun 01 04:28:43 UTC 2019
auto.tcl: Setting watchdog for 200 seconds at Sat Jun 01 04:28:43 UTC 2019
2 ms. Memory: 287232K Free: 270321K (94%)
ptolemy.util.test.WatchDog.cancel(): canceling Sat Jun 01 04:28:43 UTC 2019
------------------ testing $PTII/ptolemy/domains/de/test/auto/QueueAndServer.xml
auto.tcl: Setting watchdog for 200 seconds at Sat Jun 01 04:28:43 UTC 2019
10 ms. Memory: 289280K Free: 272194K (94%)
ptolemy.util.test.WatchDog.cancel(): canceling Sat Jun 01 04:28:43 UTC 2019
auto.tcl: Setting watchdog for 200 seconds at Sat Jun 01 04:28:43 UTC 2019
6 ms. Memory: 289280K Free: 272194K (94%)
ptolemy.util.test.WatchDog.cancel(): canceling Sat Jun 01 04:28:43 UTC 2019
------------------ testing $PTII/ptolemy/domains/de/test/auto/Records.xml
auto.tcl: Setting watchdog for 200 seconds at Sat Jun 01 04:28:43 UTC 2019
10 ms. Memory: 287232K Free: 274953K (96%)
ptolemy.util.test.WatchDog.cancel(): canceling Sat Jun 01 04:28:43 UTC 2019
auto.tcl: Setting watchdog for 200 seconds at Sat Jun 01 04:28:43 UTC 2019
1 ms. Memory: 287232K Free: 274953K (96%)
ptolemy.util.test.WatchDog.cancel(): canceling Sat Jun 01 04:28:43 UTC 2019
------------------ testing $PTII/ptolemy/domains/de/test/auto/ResetTransitionWithStartTime1.xml
auto.tcl: Setting watchdog for 200 seconds at Sat Jun 01 04:28:43 UTC 2019
5 ms. Memory: 288768K Free: 273699K (95%)
ptolemy.util.test.WatchDog.cancel(): canceling Sat Jun 01 04:28:43 UTC 2019
auto.tcl: Setting watchdog for 200 seconds at Sat Jun 01 04:28:43 UTC 2019
4 ms. Memory: 288768K Free: 270868K (94%)
ptolemy.util.test.WatchDog.cancel(): canceling Sat Jun 01 04:28:43 UTC 2019
------------------ testing $PTII/ptolemy/domains/de/test/auto/ResetTransitionWithStartTime2.xml
auto.tcl: Setting watchdog for 200 seconds at Sat Jun 01 04:28:43 UTC 2019
5 ms. Memory: 287232K Free: 272310K (95%)
ptolemy.util.test.WatchDog.cancel(): canceling Sat Jun 01 04:28:43 UTC 2019
auto.tcl: Setting watchdog for 200 seconds at Sat Jun 01 04:28:43 UTC 2019
5 ms. Memory: 287232K Free: 269495K (94%)
ptolemy.util.test.WatchDog.cancel(): canceling Sat Jun 01 04:28:43 UTC 2019
------------------ testing $PTII/ptolemy/domains/de/test/auto/ResetTransitionWithStartTime3.xml
auto.tcl: Setting watchdog for 200 seconds at Sat Jun 01 04:28:43 UTC 2019
5 ms. Memory: 288768K Free: 273673K (95%)
ptolemy.util.test.WatchDog.cancel(): canceling Sat Jun 01 04:28:43 UTC 2019
auto.tcl: Setting watchdog for 200 seconds at Sat Jun 01 04:28:43 UTC 2019
5 ms. Memory: 288768K Free: 270859K (94%)
ptolemy.util.test.WatchDog.cancel(): canceling Sat Jun 01 04:28:43 UTC 2019
------------------ testing $PTII/ptolemy/domains/de/test/auto/ResetTransitionWithStartTime4.xml
auto.tcl: Setting watchdog for 200 seconds at Sat Jun 01 04:28:43 UTC 2019
4 ms. Memory: 287232K Free: 272143K (95%)
ptolemy.util.test.WatchDog.cancel(): canceling Sat Jun 01 04:28:43 UTC 2019
auto.tcl: Setting watchdog for 200 seconds at Sat Jun 01 04:28:43 UTC 2019
3 ms. Memory: 287232K Free: 272143K (95%)
ptolemy.util.test.WatchDog.cancel(): canceling Sat Jun 01 04:28:43 UTC 2019
------------------ testing $PTII/ptolemy/domains/de/test/auto/ResettableTimer1.xml
auto.tcl: Setting watchdog for 200 seconds at Sat Jun 01 04:28:43 UTC 2019
2 ms. Memory: 288768K Free: 276513K (96%)
ptolemy.util.test.WatchDog.cancel(): canceling Sat Jun 01 04:28:43 UTC 2019
auto.tcl: Setting watchdog for 200 seconds at Sat Jun 01 04:28:43 UTC 2019
2 ms. Memory: 288768K Free: 276513K (96%)
ptolemy.util.test.WatchDog.cancel(): canceling Sat Jun 01 04:28:43 UTC 2019
------------------ testing $PTII/ptolemy/domains/de/test/auto/ResettableTimer2.xml
auto.tcl: Setting watchdog for 200 seconds at Sat Jun 01 04:28:43 UTC 2019
2 ms. Memory: 287232K Free: 275174K (96%)
ptolemy.util.test.WatchDog.cancel(): canceling Sat Jun 01 04:28:43 UTC 2019
auto.tcl: Setting watchdog for 200 seconds at Sat Jun 01 04:28:43 UTC 2019
1 ms. Memory: 287232K Free: 275174K (96%)
ptolemy.util.test.WatchDog.cancel(): canceling Sat Jun 01 04:28:43 UTC 2019
------------------ testing $PTII/ptolemy/domains/de/test/auto/ResettableTimer3.xml
auto.tcl: Setting watchdog for 200 seconds at Sat Jun 01 04:28:43 UTC 2019
1 ms. Memory: 288256K Free: 276042K (96%)
ptolemy.util.test.WatchDog.cancel(): canceling Sat Jun 01 04:28:43 UTC 2019
auto.tcl: Setting watchdog for 200 seconds at Sat Jun 01 04:28:43 UTC 2019
1 ms. Memory: 288256K Free: 276042K (96%)
ptolemy.util.test.WatchDog.cancel(): canceling Sat Jun 01 04:28:43 UTC 2019
------------------ testing $PTII/ptolemy/domains/de/test/auto/ResettableTimer4.xml
auto.tcl: Setting watchdog for 200 seconds at Sat Jun 01 04:28:44 UTC 2019
1 ms. Memory: 287232K Free: 275194K (96%)
ptolemy.util.test.WatchDog.cancel(): canceling Sat Jun 01 04:28:44 UTC 2019
auto.tcl: Setting watchdog for 200 seconds at Sat Jun 01 04:28:44 UTC 2019
1 ms. Memory: 287232K Free: 275194K (96%)
ptolemy.util.test.WatchDog.cancel(): canceling Sat Jun 01 04:28:44 UTC 2019
------------------ testing $PTII/ptolemy/domains/de/test/auto/ResettableTimer5.xml
auto.tcl: Setting watchdog for 200 seconds at Sat Jun 01 04:28:44 UTC 2019
1 ms. Memory: 288256K Free: 274158K (95%)
ptolemy.util.test.WatchDog.cancel(): canceling Sat Jun 01 04:28:44 UTC 2019
auto.tcl: Setting watchdog for 200 seconds at Sat Jun 01 04:28:44 UTC 2019
2 ms. Memory: 288256K Free: 274158K (95%)
ptolemy.util.test.WatchDog.cancel(): canceling Sat Jun 01 04:28:44 UTC 2019
------------------ testing $PTII/ptolemy/domains/de/test/auto/ResettableTimer6.xml
auto.tcl: Setting watchdog for 200 seconds at Sat Jun 01 04:28:44 UTC 2019
2 ms. Memory: 287232K Free: 272920K (95%)
ptolemy.util.test.WatchDog.cancel(): canceling Sat Jun 01 04:28:44 UTC 2019
auto.tcl: Setting watchdog for 200 seconds at Sat Jun 01 04:28:44 UTC 2019
1 ms. Memory: 287232K Free: 272920K (95%)
ptolemy.util.test.WatchDog.cancel(): canceling Sat Jun 01 04:28:44 UTC 2019
------------------ testing $PTII/ptolemy/domains/de/test/auto/ServerZeroDelay.xml
auto.tcl: Setting watchdog for 200 seconds at Sat Jun 01 04:28:44 UTC 2019
4 ms. Memory: 288256K Free: 276149K (96%)
ptolemy.util.test.WatchDog.cancel(): canceling Sat Jun 01 04:28:44 UTC 2019
auto.tcl: Setting watchdog for 200 seconds at Sat Jun 01 04:28:44 UTC 2019
2 ms. Memory: 288256K Free: 276149K (96%)
ptolemy.util.test.WatchDog.cancel(): canceling Sat Jun 01 04:28:44 UTC 2019
------------------ testing $PTII/ptolemy/domains/de/test/auto/SmartSender.xml
auto.tcl: Setting watchdog for 200 seconds at Sat Jun 01 04:28:44 UTC 2019
3002 ms. Memory: 287232K Free: 273062K (95%)
ptolemy.util.test.WatchDog.cancel(): canceling Sat Jun 01 04:28:47 UTC 2019
auto.tcl: Setting watchdog for 200 seconds at Sat Jun 01 04:28:47 UTC 2019
3002 ms. Memory: 287232K Free: 273062K (95%)
ptolemy.util.test.WatchDog.cancel(): canceling Sat Jun 01 04:28:50 UTC 2019
------------------ testing $PTII/ptolemy/domains/de/test/auto/ThreadedComposite.xml
auto.tcl: Setting watchdog for 200 seconds at Sat Jun 01 04:28:50 UTC 2019
203 ms. Memory: 288256K Free: 253127K (88%)
ptolemy.util.test.WatchDog.cancel(): canceling Sat Jun 01 04:28:50 UTC 2019
auto.tcl: Setting watchdog for 200 seconds at Sat Jun 01 04:28:50 UTC 2019
168 ms. Memory: 288256K Free: 235148K (82%)
ptolemy.util.test.WatchDog.cancel(): canceling Sat Jun 01 04:28:50 UTC 2019
------------------ testing $PTII/ptolemy/domains/de/test/auto/Time.xml
auto.tcl: Setting watchdog for 200 seconds at Sat Jun 01 04:28:50 UTC 2019
510 ms. Memory: 287232K Free: 217054K (76%)
ptolemy.util.test.WatchDog.cancel(): canceling Sat Jun 01 04:28:51 UTC 2019
auto.tcl: Setting watchdog for 200 seconds at Sat Jun 01 04:28:51 UTC 2019
516 ms. Memory: 287232K Free: 157948K (55%)
ptolemy.util.test.WatchDog.cancel(): canceling Sat Jun 01 04:28:51 UTC 2019
------------------ testing $PTII/ptolemy/domains/de/test/auto/TimeDelayZeroDelay.xml
auto.tcl: Setting watchdog for 200 seconds at Sat Jun 01 04:28:51 UTC 2019
2 ms. Memory: 287744K Free: 276002K (96%)
ptolemy.util.test.WatchDog.cancel(): canceling Sat Jun 01 04:28:51 UTC 2019
auto.tcl: Setting watchdog for 200 seconds at Sat Jun 01 04:28:51 UTC 2019
2 ms. Memory: 287744K Free: 276002K (96%)
ptolemy.util.test.WatchDog.cancel(): canceling Sat Jun 01 04:28:51 UTC 2019
------------------ testing $PTII/ptolemy/domains/de/test/auto/TimerZeroDelay.xml
auto.tcl: Setting watchdog for 200 seconds at Sat Jun 01 04:28:51 UTC 2019
2 ms. Memory: 287232K Free: 275619K (96%)
ptolemy.util.test.WatchDog.cancel(): canceling Sat Jun 01 04:28:51 UTC 2019
auto.tcl: Setting watchdog for 200 seconds at Sat Jun 01 04:28:51 UTC 2019
2 ms. Memory: 287232K Free: 275619K (96%)
ptolemy.util.test.WatchDog.cancel(): canceling Sat Jun 01 04:28:51 UTC 2019
------------------ testing $PTII/ptolemy/domains/de/test/auto/TimingParadox.xml
auto.tcl: Setting watchdog for 200 seconds at Sat Jun 01 04:28:51 UTC 2019
362 ms. Memory: 287744K Free: 208351K (72%)
ptolemy.util.test.WatchDog.cancel(): canceling Sat Jun 01 04:28:52 UTC 2019
auto.tcl: Setting watchdog for 200 seconds at Sat Jun 01 04:28:52 UTC 2019
322 ms. Memory: 287744K Free: 170167K (59%)
ptolemy.util.test.WatchDog.cancel(): canceling Sat Jun 01 04:28:52 UTC 2019
------------------ testing $PTII/ptolemy/domains/de/test/auto/TransferInputs.xml
auto.tcl: Setting watchdog for 200 seconds at Sat Jun 01 04:28:52 UTC 2019
2 ms. Memory: 287744K Free: 275058K (96%)
ptolemy.util.test.WatchDog.cancel(): canceling Sat Jun 01 04:28:52 UTC 2019
auto.tcl: Setting watchdog for 200 seconds at Sat Jun 01 04:28:52 UTC 2019
1 ms. Memory: 287744K Free: 275058K (96%)
ptolemy.util.test.WatchDog.cancel(): canceling Sat Jun 01 04:28:52 UTC 2019
------------------ testing $PTII/ptolemy/domains/de/test/auto/TransferOutputs2.xml
auto.tcl: Setting watchdog for 200 seconds at Sat Jun 01 04:28:52 UTC 2019
5 ms. Memory: 287232K Free: 271033K (94%)
ptolemy.util.test.WatchDog.cancel(): canceling Sat Jun 01 04:28:52 UTC 2019
auto.tcl: Setting watchdog for 200 seconds at Sat Jun 01 04:28:52 UTC 2019
3 ms. Memory: 287232K Free: 268454K (93%)
ptolemy.util.test.WatchDog.cancel(): canceling Sat Jun 01 04:28:52 UTC 2019
------------------ testing $PTII/ptolemy/domains/de/test/auto/Trilateration.xml
auto.tcl: Setting watchdog for 200 seconds at Sat Jun 01 04:28:52 UTC 2019
14869 ms. Memory: 473088K Free: 128442K (27%)
ptolemy.util.test.WatchDog.cancel(): canceling Sat Jun 01 04:29:08 UTC 2019
auto.tcl: Setting watchdog for 200 seconds at Sat Jun 01 04:29:08 UTC 2019
11171 ms. Memory: 337408K Free: 274506K (81%)
ptolemy.util.test.WatchDog.cancel(): canceling Sat Jun 01 04:29:19 UTC 2019
------------------ testing $PTII/ptolemy/domains/de/test/auto/TwoSigmaDelta.xml
auto.tcl: Setting watchdog for 200 seconds at Sat Jun 01 04:29:20 UTC 2019
2772 ms. Memory: 326656K Free: 277060K (85%)
ptolemy.util.test.WatchDog.cancel(): canceling Sat Jun 01 04:29:23 UTC 2019
auto.tcl: Setting watchdog for 200 seconds at Sat Jun 01 04:29:23 UTC 2019
2063 ms. Memory: 315392K Free: 277684K (88%)
ptolemy.util.test.WatchDog.cancel(): canceling Sat Jun 01 04:29:25 UTC 2019
------------------ testing $PTII/ptolemy/domains/de/test/auto/VariableDelay.xml
auto.tcl: Setting watchdog for 200 seconds at Sat Jun 01 04:29:25 UTC 2019
2 ms. Memory: 315392K Free: 302334K (96%)
ptolemy.util.test.WatchDog.cancel(): canceling Sat Jun 01 04:29:25 UTC 2019
auto.tcl: Setting watchdog for 200 seconds at Sat Jun 01 04:29:25 UTC 2019
2 ms. Memory: 315392K Free: 298869K (95%)
ptolemy.util.test.WatchDog.cancel(): canceling Sat Jun 01 04:29:25 UTC 2019
------------------ testing $PTII/ptolemy/domains/de/test/auto/VariableDelay2.xml
auto.tcl: Setting watchdog for 200 seconds at Sat Jun 01 04:29:25 UTC 2019
2 ms. Memory: 317440K Free: 307133K (97%)
ptolemy.util.test.WatchDog.cancel(): canceling Sat Jun 01 04:29:25 UTC 2019
auto.tcl: Setting watchdog for 200 seconds at Sat Jun 01 04:29:25 UTC 2019
1 ms. Memory: 317440K Free: 303684K (96%)
ptolemy.util.test.WatchDog.cancel(): canceling Sat Jun 01 04:29:25 UTC 2019
------------------ testing $PTII/ptolemy/domains/de/test/auto/VariableDelayZeroDelay.xml
auto.tcl: Setting watchdog for 200 seconds at Sat Jun 01 04:29:25 UTC 2019
2 ms. Memory: 315392K Free: 302743K (96%)
ptolemy.util.test.WatchDog.cancel(): canceling Sat Jun 01 04:29:25 UTC 2019
auto.tcl: Setting watchdog for 200 seconds at Sat Jun 01 04:29:25 UTC 2019
2 ms. Memory: 315392K Free: 299293K (95%)
ptolemy.util.test.WatchDog.cancel(): canceling Sat Jun 01 04:29:25 UTC 2019
------------------ testing $PTII/ptolemy/domains/de/test/auto/VariableDelayZeroDelay2.xml
auto.tcl: Setting watchdog for 200 seconds at Sat Jun 01 04:29:25 UTC 2019
3 ms. Memory: 316928K Free: 304277K (96%)
ptolemy.util.test.WatchDog.cancel(): canceling Sat Jun 01 04:29:25 UTC 2019
auto.tcl: Setting watchdog for 200 seconds at Sat Jun 01 04:29:25 UTC 2019
1 ms. Memory: 316928K Free: 300812K (95%)
ptolemy.util.test.WatchDog.cancel(): canceling Sat Jun 01 04:29:25 UTC 2019
------------------ testing $PTII/ptolemy/domains/de/test/auto/deInCt.xml
auto.tcl: Setting watchdog for 200 seconds at Sat Jun 01 04:29:25 UTC 2019
0
1
1
1
0
0
0
0
1
1
1
1
1
0
0
0
1
1
1
1
0
0
0
1
1
1
1
1
6 ms. Memory: 315392K Free: 299283K (95%)
ptolemy.util.test.WatchDog.cancel(): canceling Sat Jun 01 04:29:25 UTC 2019
auto.tcl: Setting watchdog for 200 seconds at Sat Jun 01 04:29:25 UTC 2019
0
1
1
1
1
1
0
0
0
1
1
1
1
0
0
0
1
1
1
0
0
1
1
1
1
1
0
0
0
0
0
4 ms. Memory: 315392K Free: 299283K (95%)
ptolemy.util.test.WatchDog.cancel(): canceling Sat Jun 01 04:29:25 UTC 2019
------------------ testing $PTII/ptolemy/domains/de/test/auto/deInCt2.xml
auto.tcl: Setting watchdog for 200 seconds at Sat Jun 01 04:29:25 UTC 2019
0
1
1
1
0
0
1
1
1
0
0
1
1
1
0
0
1
1
1
0
0
1
1
1
0
0
1
1
1
0
0
1
1
1
0
0
1
1
1
0
0
0
12 ms. Memory: 316928K Free: 300808K (95%)
ptolemy.util.test.WatchDog.cancel(): canceling Sat Jun 01 04:29:25 UTC 2019
auto.tcl: Setting watchdog for 200 seconds at Sat Jun 01 04:29:25 UTC 2019
0
1
1
1
0
0
1
1
1
0
0
1
1
1
0
0
1
1
1
0
0
1
1
1
0
0
1
1
1
0
0
1
1
1
0
0
1
1
1
0
0
0
5 ms. Memory: 316928K Free: 300808K (95%)
ptolemy.util.test.WatchDog.cancel(): canceling Sat Jun 01 04:29:25 UTC 2019
------------------ testing $PTII/ptolemy/domains/de/test/auto/dynamicCausalityInterface1.xml
auto.tcl: Setting watchdog for 200 seconds at Sat Jun 01 04:29:25 UTC 2019
1 ms. Memory: 315392K Free: 295827K (94%)
ptolemy.util.test.WatchDog.cancel(): canceling Sat Jun 01 04:29:25 UTC 2019
auto.tcl: Setting watchdog for 200 seconds at Sat Jun 01 04:29:25 UTC 2019
1 ms. Memory: 315392K Free: 295827K (94%)
ptolemy.util.test.WatchDog.cancel(): canceling Sat Jun 01 04:29:25 UTC 2019
------------------ testing $PTII/ptolemy/domains/de/test/auto/fsm_de_test.xml
auto.tcl: Setting watchdog for 200 seconds at Sat Jun 01 04:29:25 UTC 2019
16 ms. Memory: 316416K Free: 296722K (94%)
ptolemy.util.test.WatchDog.cancel(): canceling Sat Jun 01 04:29:25 UTC 2019
auto.tcl: Setting watchdog for 200 seconds at Sat Jun 01 04:29:25 UTC 2019
6 ms. Memory: 316416K Free: 296722K (94%)
ptolemy.util.test.WatchDog.cancel(): canceling Sat Jun 01 04:29:25 UTC 2019
------------------ testing $PTII/ptolemy/domains/de/test/auto/functionDependencyReconstruction.xml
auto.tcl: Setting watchdog for 200 seconds at Sat Jun 01 04:29:25 UTC 2019
2 ms. Memory: 315392K Free: 288782K (92%)
ptolemy.util.test.WatchDog.cancel(): canceling Sat Jun 01 04:29:25 UTC 2019
auto.tcl: Setting watchdog for 200 seconds at Sat Jun 01 04:29:25 UTC 2019
2 ms. Memory: 315392K Free: 288782K (92%)
ptolemy.util.test.WatchDog.cancel(): canceling Sat Jun 01 04:29:25 UTC 2019
------------------ testing $PTII/ptolemy/domains/de/test/auto/multirate.xml
auto.tcl: Setting watchdog for 200 seconds at Sat Jun 01 04:29:25 UTC 2019
7 ms. Memory: 316416K Free: 300054K (95%)
ptolemy.util.test.WatchDog.cancel(): canceling Sat Jun 01 04:29:25 UTC 2019
auto.tcl: Setting watchdog for 200 seconds at Sat Jun 01 04:29:25 UTC 2019
3 ms. Memory: 316416K Free: 300054K (95%)
ptolemy.util.test.WatchDog.cancel(): canceling Sat Jun 01 04:29:25 UTC 2019
------------------ testing $PTII/ptolemy/domains/de/test/auto/multirate2.xml
auto.tcl: Setting watchdog for 200 seconds at Sat Jun 01 04:29:25 UTC 2019
3 ms. Memory: 315392K Free: 299218K (95%)
ptolemy.util.test.WatchDog.cancel(): canceling Sat Jun 01 04:29:25 UTC 2019
auto.tcl: Setting watchdog for 200 seconds at Sat Jun 01 04:29:25 UTC 2019
2 ms. Memory: 315392K Free: 299218K (95%)
ptolemy.util.test.WatchDog.cancel(): canceling Sat Jun 01 04:29:25 UTC 2019
------------------ testing $PTII/ptolemy/domains/de/test/auto/realtime.xml
auto.tcl: Setting watchdog for 200 seconds at Sat Jun 01 04:29:25 UTC 2019
10001 ms. Memory: 316416K Free: 300234K (95%)
ptolemy.util.test.WatchDog.cancel(): canceling Sat Jun 01 04:29:35 UTC 2019
auto.tcl: Setting watchdog for 200 seconds at Sat Jun 01 04:29:35 UTC 2019
10001 ms. Memory: 316416K Free: 300234K (95%)
ptolemy.util.test.WatchDog.cancel(): canceling Sat Jun 01 04:29:45 UTC 2019
------------------ testing $PTII/ptolemy/domains/de/test/auto/relationGroup.xml
auto.tcl: Setting watchdog for 200 seconds at Sat Jun 01 04:29:45 UTC 2019
7 ms. Memory: 315392K Free: 302707K (96%)
ptolemy.util.test.WatchDog.cancel(): canceling Sat Jun 01 04:29:45 UTC 2019
auto.tcl: Setting watchdog for 200 seconds at Sat Jun 01 04:29:45 UTC 2019
2 ms. Memory: 315392K Free: 302707K (96%)
ptolemy.util.test.WatchDog.cancel(): canceling Sat Jun 01 04:29:46 UTC 2019
------------------ testing $PTII/ptolemy/domains/de/test/auto/relationGroup2.xml
auto.tcl: Setting watchdog for 200 seconds at Sat Jun 01 04:29:46 UTC 2019
1 ms. Memory: 315904K Free: 303246K (96%)
ptolemy.util.test.WatchDog.cancel(): canceling Sat Jun 01 04:29:46 UTC 2019
auto.tcl: Setting watchdog for 200 seconds at Sat Jun 01 04:29:46 UTC 2019
2 ms. Memory: 315904K Free: 303246K (96%)
ptolemy.util.test.WatchDog.cancel(): canceling Sat Jun 01 04:29:46 UTC 2019
------------------ testing $PTII/ptolemy/domains/de/test/auto/sortWithOpaquePorts.xml
auto.tcl: Setting watchdog for 200 seconds at Sat Jun 01 04:29:46 UTC 2019
1 ms. Memory: 315392K Free: 302734K (96%)
ptolemy.util.test.WatchDog.cancel(): canceling Sat Jun 01 04:29:46 UTC 2019
auto.tcl: Setting watchdog for 200 seconds at Sat Jun 01 04:29:46 UTC 2019
2 ms. Memory: 315392K Free: 299269K (95%)
ptolemy.util.test.WatchDog.cancel(): canceling Sat Jun 01 04:29:46 UTC 2019
------------------ testing $PTII/ptolemy/domains/de/test/auto/transferInputsandOutputs.xml
auto.tcl: Setting watchdog for 200 seconds at Sat Jun 01 04:29:46 UTC 2019
2 ms. Memory: 315904K Free: 299768K (95%)
ptolemy.util.test.WatchDog.cancel(): canceling Sat Jun 01 04:29:46 UTC 2019
auto.tcl: Setting watchdog for 200 seconds at Sat Jun 01 04:29:46 UTC 2019
2 ms. Memory: 315904K Free: 299768K (95%)
ptolemy.util.test.WatchDog.cancel(): canceling Sat Jun 01 04:29:46 UTC 2019
------------------ testing $PTII/ptolemy/domains/de/test/auto/triggerType.xml
auto.tcl: Setting watchdog for 200 seconds at Sat Jun 01 04:29:46 UTC 2019
1 ms. Memory: 315392K Free: 302672K (96%)
ptolemy.util.test.WatchDog.cancel(): canceling Sat Jun 01 04:29:46 UTC 2019
auto.tcl: Setting watchdog for 200 seconds at Sat Jun 01 04:29:46 UTC 2019
1 ms. Memory: 315392K Free: 299207K (95%)
ptolemy.util.test.WatchDog.cancel(): canceling Sat Jun 01 04:29:46 UTC 2019
06/01/19 04:29:46
Failed: 0  Total Tests: 192  ((Passed: 187, Newly Passed: 1)  Known Failed: 5) /home/travis/build/icyphy/ptII/ptolemy/domains/de/test
06/01/19 04:29:46
Failed: 0  Total Tests: 192  ((Passed: 187, Newly Passed: 1)  Known Failed: 5) /home/travis/build/icyphy/ptII/ptolemy/domains/de/test
----------------- testing (KnownFailure) /home/travis/build/icyphy/ptII/ptolemy/domains/de/test/auto/knownFailedTests/DESDFClockTest.xml
2011 ms. Memory: 315904K Free: 293862K (93%)
Known Failure: java.lang.reflect.InvocationTargetException
----------------- testing (KnownFailure) /home/travis/build/icyphy/ptII/ptolemy/domains/de/test/auto/knownFailedTests/DirectFeedback.xml
1 ms. Memory: 315904K Free: 275143K (87%)
Known Failure: java.lang.reflect.InvocationTargetException
----------------- testing (KnownFailure) /home/travis/build/icyphy/ptII/ptolemy/domains/de/test/auto/knownFailedTests/FSMSource.xml
5 ms. Memory: 315904K Free: 251737K (80%)
----------------- testing (KnownFailure) /home/travis/build/icyphy/ptII/ptolemy/domains/de/test/auto/knownFailedTests/HierarchicalModel.xml
2 ms. Memory: 315904K Free: 228332K (72%)
Known Failure: java.lang.reflect.InvocationTargetException
----------------- testing (KnownFailure) /home/travis/build/icyphy/ptII/ptolemy/domains/de/test/auto/knownFailedTests/dependencyLoop.xml
2 ms. Memory: 315904K Free: 200237K (63%)
Known Failure: java.lang.reflect.InvocationTargetException
----------------- testing (KnownFailure) /home/travis/build/icyphy/ptII/ptolemy/domains/de/test/auto/knownFailedTests/dependencyLoop2.xml
1 ms. Memory: 315904K Free: 172143K (54%)
Known Failure: java.lang.reflect.InvocationTargetException
No auto/linux-amd64/*.xml tests in /home/travis/build/icyphy/ptII/ptolemy/domains/de/test
AutoTests.java: About to close Vertx.
AutoTests.java: Vertx closed.

===========================================================================================
----------------- testing Sat Jun 01 04:29:48 UTC 2019 /home/travis/build/icyphy/ptII/ptolemy/domains/de/test/auto/ActorDepthCalculation_actorWithoutPorts.xml
----------------- Instantiating /home/travis/build/icyphy/ptII/ptolemy/domains/de/test/auto/ActorDepthCalculation_actorWithoutPorts.xml
1 ms. Memory: 315904K Free: 148744K (47%)
----------------- Invoking toplevel() on ptolemy.moml.MoMLSimpleApplication@52ab2cee
----------------- Done invoking toplevel() on ptolemy.moml.MoMLSimpleApplication@52ab2cee
reloadAllAccessors: .ActorDepthCalculation_actorWithoutPorts

===========================================================================================
----------------- testing Sat Jun 01 04:29:48 UTC 2019 /home/travis/build/icyphy/ptII/ptolemy/domains/de/test/auto/AssemblyLine.xml
----------------- Instantiating /home/travis/build/icyphy/ptII/ptolemy/domains/de/test/auto/AssemblyLine.xml
1 ms. Memory: 315904K Free: 134697K (43%)
----------------- Invoking toplevel() on ptolemy.moml.MoMLSimpleApplication@7e5b007
----------------- Done invoking toplevel() on ptolemy.moml.MoMLSimpleApplication@7e5b007
reloadAllAccessors: .AssemblyLine

===========================================================================================
----------------- testing Sat Jun 01 04:29:48 UTC 2019 /home/travis/build/icyphy/ptII/ptolemy/domains/de/test/auto/CQBug1.xml
----------------- Instantiating /home/travis/build/icyphy/ptII/ptolemy/domains/de/test/auto/CQBug1.xml
1 ms. Memory: 315904K Free: 125338K (40%)
----------------- Invoking toplevel() on ptolemy.moml.MoMLSimpleApplication@1d734e6e
----------------- Done invoking toplevel() on ptolemy.moml.MoMLSimpleApplication@1d734e6e
reloadAllAccessors: .CQBug1

===========================================================================================
----------------- testing Sat Jun 01 04:29:48 UTC 2019 /home/travis/build/icyphy/ptII/ptolemy/domains/de/test/auto/CancelFireAt.xml
----------------- Instantiating /home/travis/build/icyphy/ptII/ptolemy/domains/de/test/auto/CancelFireAt.xml
1 ms. Memory: 315904K Free: 115978K (37%)
----------------- Invoking toplevel() on ptolemy.moml.MoMLSimpleApplication@3e8ff8ad
----------------- Done invoking toplevel() on ptolemy.moml.MoMLSimpleApplication@3e8ff8ad
reloadAllAccessors: .CancelFireAt

===========================================================================================
----------------- testing Sat Jun 01 04:29:48 UTC 2019 /home/travis/build/icyphy/ptII/ptolemy/domains/de/test/auto/CausalityAndComposabilityAnalysis.xml
----------------- Instantiating /home/travis/build/icyphy/ptII/ptolemy/domains/de/test/auto/CausalityAndComposabilityAnalysis.xml
1 ms. Memory: 315904K Free: 106619K (34%)
----------------- Invoking toplevel() on ptolemy.moml.MoMLSimpleApplication@69c215f0
----------------- Done invoking toplevel() on ptolemy.moml.MoMLSimpleApplication@69c215f0
reloadAllAccessors: .CausalityAndComposabilityAnalysis

===========================================================================================
----------------- testing Sat Jun 01 04:29:48 UTC 2019 /home/travis/build/icyphy/ptII/ptolemy/domains/de/test/auto/CausalityInterface1.xml
----------------- Instantiating /home/travis/build/icyphy/ptII/ptolemy/domains/de/test/auto/CausalityInterface1.xml
3 ms. Memory: 315904K Free: 93810K (30%)
----------------- Invoking toplevel() on ptolemy.moml.MoMLSimpleApplication@166edacb
----------------- Done invoking toplevel() on ptolemy.moml.MoMLSimpleApplication@166edacb
reloadAllAccessors: .CausalityInterface1

===========================================================================================
----------------- testing Sat Jun 01 04:29:48 UTC 2019 /home/travis/build/icyphy/ptII/ptolemy/domains/de/test/auto/CausalityInterface15.xml
----------------- Instantiating /home/travis/build/icyphy/ptII/ptolemy/domains/de/test/auto/CausalityInterface15.xml
1 ms. Memory: 315904K Free: 79771K (25%)
----------------- Invoking toplevel() on ptolemy.moml.MoMLSimpleApplication@181320ca
----------------- Done invoking toplevel() on ptolemy.moml.MoMLSimpleApplication@181320ca
reloadAllAccessors: .CausalityInterface15

[...]
java.lang.RuntimeException: Execution failed
	at ptolemy.moml.MoMLSimpleApplication$UnloadThread.run(MoMLSimpleApplication.java:402)
Caused by: ptolemy.kernel.util.IllegalActionException: Test fails in iteration 1.
Value was: 1.0. Should have been: 2.0
  in .DirectFeedback.Test
	at ptolemy.actor.lib.Test.fire(Test.java:268)
	at ptolemy.domains.de.kernel.DEDirector._fire(DEDirector.java:1949)
	at ptolemy.domains.de.kernel.DEDirector.fire(DEDirector.java:502)
	at ptolemy.actor.CompositeActor.fire(CompositeActor.java:455)
	at ptolemy.actor.Manager.iterate(Manager.java:851)
	at ptolemy.actor.Manager.execute(Manager.java:369)
	at ptolemy.actor.Manager.run(Manager.java:1263)
	at ptolemy.actor.Manager$PtolemyRunThread.run(Manager.java:1915)
java.lang.RuntimeException: Execution failed
	at ptolemy.moml.MoMLSimpleApplication$UnloadThread.run(MoMLSimpleApplication.java:402)
Caused by: ptolemy.kernel.util.IllegalActionException: Actor is not ready to fire.  Perhaps UpSample.prefire() returned false? Try debugging the actor by selecting "Listen to Actor".  Also, for SDF check moml for tokenConsumptionRate on input.
  in .DESDFClockTest.Play Bell.Copy1:SDF Director and .DESDFClockTest.Play Bell.UpSample
	at ptolemy.actor.sched.StaticSchedulingDirector.fire(StaticSchedulingDirector.java:227)
	at ptolemy.domains.sdf.kernel.SDFDirector.fire(SDFDirector.java:500)
	at ptolemy.actor.CompositeActor.fire(CompositeActor.java:455)
	at ptolemy.domains.de.kernel.DEDirector._fire(DEDirector.java:1949)
	at ptolemy.domains.de.kernel.DEDirector.fire(DEDirector.java:502)
	at ptolemy.actor.CompositeActor.fire(CompositeActor.java:455)
	at ptolemy.actor.Manager.iterate(Manager.java:851)
	at ptolemy.actor.Manager.execute(Manager.java:369)
	at ptolemy.actor.Manager.run(Manager.java:1263)
	at ptolemy.actor.Manager$PtolemyRunThread.run(Manager.java:1915)
java.lang.reflect.InvocationTargetException
	at sun.reflect.NativeConstructorAccessorImpl.newInstance0(Native Method)
	at sun.reflect.NativeConstructorAccessorImpl.newInstance(NativeConstructorAccessorImpl.java:62)
	at sun.reflect.DelegatingConstructorAccessorImpl.newInstance(DelegatingConstructorAccessorImpl.java:45)
	at java.lang.reflect.Constructor.newInstance(Constructor.java:423)
	at ptolemy.util.test.junit.AutoKnownFailedTests.RunModel(AutoKnownFailedTests.java:105)
	at sun.reflect.NativeMethodAccessorImpl.invoke0(Native Method)
	at sun.reflect.NativeMethodAccessorImpl.invoke(NativeMethodAccessorImpl.java:62)
	at sun.reflect.DelegatingMethodAccessorImpl.invoke(DelegatingMethodAccessorImpl.java:43)
	at java.lang.reflect.Method.invoke(Method.java:498)
	at org.junit.runners.model.FrameworkMethod$1.runReflectiveCall(FrameworkMethod.java:44)
	at org.junit.internal.runners.model.ReflectiveCallable.run(ReflectiveCallable.java:15)
	at org.junit.runners.model.FrameworkMethod.invokeExplosively(FrameworkMethod.java:41)
	at junitparams.internal.InvokeParameterisedMethod.evaluate(InvokeParameterisedMethod.java:102)
	at org.junit.internal.runners.statements.FailOnTimeout$1.run(FailOnTimeout.java:28)
Caused by: ptolemy.kernel.util.IllegalActionException: Actor is not ready to fire.  Perhaps UpSample.prefire() returned false? Try debugging the actor by selecting "Listen to Actor".  Also, for SDF check moml for tokenConsumptionRate on input.
  in .DESDFClockTest.Play Bell.Copy1:SDF Director and .DESDFClockTest.Play Bell.UpSample
	at ptolemy.actor.sched.StaticSchedulingDirector.fire(StaticSchedulingDirector.java:227)
	at ptolemy.domains.sdf.kernel.SDFDirector.fire(SDFDirector.java:500)
	at ptolemy.actor.CompositeActor.fire(CompositeActor.java:455)
	at ptolemy.domains.de.kernel.DEDirector._fire(DEDirector.java:1949)
	at ptolemy.domains.de.kernel.DEDirector.fire(DEDirector.java:502)
	at ptolemy.actor.CompositeActor.fire(CompositeActor.java:455)
	at ptolemy.actor.Manager.iterate(Manager.java:851)
	at ptolemy.actor.Manager.execute(Manager.java:369)
	at ptolemy.actor.Manager.run(Manager.java:1263)
	at ptolemy.actor.Manager$PtolemyRunThread.run(Manager.java:1915)
java.lang.RuntimeException: Execution failed
	at ptolemy.moml.MoMLSimpleApplication$UnloadThread.run(MoMLSimpleApplication.java:402)
Caused by: ptolemy.kernel.util.IllegalActionException: Test fails in iteration 1.
Value was: 1.0. Should have been: 2.0
  in .DirectFeedback.Test
	at ptolemy.actor.lib.Test.fire(Test.java:268)
	at ptolemy.domains.de.kernel.DEDirector._fire(DEDirector.java:1949)
	at ptolemy.domains.de.kernel.DEDirector.fire(DEDirector.java:502)
	at ptolemy.actor.CompositeActor.fire(CompositeActor.java:455)
	at ptolemy.actor.Manager.iterate(Manager.java:851)
	at ptolemy.actor.Manager.execute(Manager.java:369)
	at ptolemy.actor.Manager.run(Manager.java:1263)
	at ptolemy.actor.Manager$PtolemyRunThread.run(Manager.java:1915)
java.lang.reflect.InvocationTargetException
	at sun.reflect.NativeConstructorAccessorImpl.newInstance0(Native Method)
	at sun.reflect.NativeConstructorAccessorImpl.newInstance(NativeConstructorAccessorImpl.java:62)
	at sun.reflect.DelegatingConstructorAccessorImpl.newInstance(DelegatingConstructorAccessorImpl.java:45)
	at java.lang.reflect.Constructor.newInstance(Constructor.java:423)
	at ptolemy.util.test.junit.AutoKnownFailedTests.RunModel(AutoKnownFailedTests.java:105)
	at sun.reflect.NativeMethodAccessorImpl.invoke0(Native Method)
	at sun.reflect.NativeMethodAccessorImpl.invoke(NativeMethodAccessorImpl.java:62)
	at sun.reflect.DelegatingMethodAccessorImpl.invoke(DelegatingMethodAccessorImpl.java:43)
	at java.lang.reflect.Method.invoke(Method.java:498)
	at org.junit.runners.model.FrameworkMethod$1.runReflectiveCall(FrameworkMethod.java:44)
	at org.junit.internal.runners.model.ReflectiveCallable.run(ReflectiveCallable.java:15)
	at org.junit.runners.model.FrameworkMethod.invokeExplosively(FrameworkMethod.java:41)
	at junitparams.internal.InvokeParameterisedMethod.evaluate(InvokeParameterisedMethod.java:102)
	at org.junit.internal.runners.statements.FailOnTimeout$1.run(FailOnTimeout.java:28)
Caused by: ptolemy.kernel.util.IllegalActionException: Test fails in iteration 1.
Value was: 1.0. Should have been: 2.0
  in .DirectFeedback.Test
	at ptolemy.actor.lib.Test.fire(Test.java:268)
	at ptolemy.domains.de.kernel.DEDirector._fire(DEDirector.java:1949)
	at ptolemy.domains.de.kernel.DEDirector.fire(DEDirector.java:502)
	at ptolemy.actor.CompositeActor.fire(CompositeActor.java:455)
	at ptolemy.actor.Manager.iterate(Manager.java:851)
	at ptolemy.actor.Manager.execute(Manager.java:369)
	at ptolemy.actor.Manager.run(Manager.java:1263)
	at ptolemy.actor.Manager$PtolemyRunThread.run(Manager.java:1915)
java.lang.RuntimeException: Execution failed
	at ptolemy.moml.MoMLSimpleApplication$UnloadThread.run(MoMLSimpleApplication.java:402)
Caused by: ptolemy.kernel.util.IllegalActionException: Found a zero delay loop containing .HierarchicalModel.A
  in .HierarchicalModel and .HierarchicalModel.A
	at ptolemy.actor.util.CausalityInterfaceForComposites._computeOutputPortDepth(CausalityInterfaceForComposites.java:759)
	at ptolemy.actor.util.CausalityInterfaceForComposites._computeInputDepth(CausalityInterfaceForComposites.java:696)
	at ptolemy.actor.util.CausalityInterfaceForComposites._computeOutputPortDepth(CausalityInterfaceForComposites.java:765)
	at ptolemy.actor.util.CausalityInterfaceForComposites._computeInputDepth(CausalityInterfaceForComposites.java:696)
	at ptolemy.actor.util.CausalityInterfaceForComposites._computeOutputPortDepth(CausalityInterfaceForComposites.java:765)
	at ptolemy.actor.util.CausalityInterfaceForComposites._computeInputDepth(CausalityInterfaceForComposites.java:696)
	at ptolemy.actor.util.CausalityInterfaceForComposites._computeActorDepth(CausalityInterfaceForComposites.java:532)
	at ptolemy.actor.util.CausalityInterfaceForComposites.checkForCycles(CausalityInterfaceForComposites.java:96)
	at ptolemy.domains.de.kernel.DEDirector.preinitialize(DEDirector.java:1338)
	at ptolemy.actor.CompositeActor.preinitialize(CompositeActor.java:1828)
	at ptolemy.actor.Manager.preinitializeAndResolveTypes(Manager.java:1040)
	at ptolemy.actor.Manager.initialize(Manager.java:710)
	at ptolemy.actor.Manager.execute(Manager.java:356)
	at ptolemy.actor.Manager.run(Manager.java:1263)
	at ptolemy.actor.Manager$PtolemyRunThread.run(Manager.java:1915)
java.lang.reflect.InvocationTargetException
	at sun.reflect.NativeConstructorAccessorImpl.newInstance0(Native Method)
	at sun.reflect.NativeConstructorAccessorImpl.newInstance(NativeConstructorAccessorImpl.java:62)
	at sun.reflect.DelegatingConstructorAccessorImpl.newInstance(DelegatingConstructorAccessorImpl.java:45)
	at java.lang.reflect.Constructor.newInstance(Constructor.java:423)
	at ptolemy.util.test.junit.AutoKnownFailedTests.RunModel(AutoKnownFailedTests.java:105)
	at sun.reflect.NativeMethodAccessorImpl.invoke0(Native Method)
	at sun.reflect.NativeMethodAccessorImpl.invoke(NativeMethodAccessorImpl.java:62)
	at sun.reflect.DelegatingMethodAccessorImpl.invoke(DelegatingMethodAccessorImpl.java:43)
	at java.lang.reflect.Method.invoke(Method.java:498)
	at org.junit.runners.model.FrameworkMethod$1.runReflectiveCall(FrameworkMethod.java:44)
	at org.junit.internal.runners.model.ReflectiveCallable.run(ReflectiveCallable.java:15)
	at org.junit.runners.model.FrameworkMethod.invokeExplosively(FrameworkMethod.java:41)
	at junitparams.internal.InvokeParameterisedMethod.evaluate(InvokeParameterisedMethod.java:102)
	at org.junit.internal.runners.statements.FailOnTimeout$1.run(FailOnTimeout.java:28)
Caused by: ptolemy.kernel.util.IllegalActionException: Found a zero delay loop containing .HierarchicalModel.A
  in .HierarchicalModel and .HierarchicalModel.A
	at ptolemy.actor.util.CausalityInterfaceForComposites._computeOutputPortDepth(CausalityInterfaceForComposites.java:759)
	at ptolemy.actor.util.CausalityInterfaceForComposites._computeInputDepth(CausalityInterfaceForComposites.java:696)
	at ptolemy.actor.util.CausalityInterfaceForComposites._computeOutputPortDepth(CausalityInterfaceForComposites.java:765)
	at ptolemy.actor.util.CausalityInterfaceForComposites._computeInputDepth(CausalityInterfaceForComposites.java:696)
	at ptolemy.actor.util.CausalityInterfaceForComposites._computeOutputPortDepth(CausalityInterfaceForComposites.java:765)
	at ptolemy.actor.util.CausalityInterfaceForComposites._computeInputDepth(CausalityInterfaceForComposites.java:696)
	at ptolemy.actor.util.CausalityInterfaceForComposites._computeActorDepth(CausalityInterfaceForComposites.java:532)
	at ptolemy.actor.util.CausalityInterfaceForComposites.checkForCycles(CausalityInterfaceForComposites.java:96)
	at ptolemy.domains.de.kernel.DEDirector.preinitialize(DEDirector.java:1338)
	at ptolemy.actor.CompositeActor.preinitialize(CompositeActor.java:1828)
	at ptolemy.actor.Manager.preinitializeAndResolveTypes(Manager.java:1040)
	at ptolemy.actor.Manager.initialize(Manager.java:710)
	at ptolemy.actor.Manager.execute(Manager.java:356)
	at ptolemy.actor.Manager.run(Manager.java:1263)
	at ptolemy.actor.Manager$PtolemyRunThread.run(Manager.java:1915)
java.lang.RuntimeException: Execution failed
	at ptolemy.moml.MoMLSimpleApplication$UnloadThread.run(MoMLSimpleApplication.java:402)
Caused by: ptolemy.kernel.util.IllegalActionException: Found a zero delay loop containing .dependencyLoop.original
  in .dependencyLoop and .dependencyLoop.original
	at ptolemy.actor.util.CausalityInterfaceForComposites._computeOutputPortDepth(CausalityInterfaceForComposites.java:759)
	at ptolemy.actor.util.CausalityInterfaceForComposites._computeInputDepth(CausalityInterfaceForComposites.java:696)
	at ptolemy.actor.util.CausalityInterfaceForComposites._computeOutputPortDepth(CausalityInterfaceForComposites.java:765)
	at ptolemy.actor.util.CausalityInterfaceForComposites._computeInputDepth(CausalityInterfaceForComposites.java:696)
	at ptolemy.actor.util.CausalityInterfaceForComposites._computeOutputPortDepth(CausalityInterfaceForComposites.java:765)
	at ptolemy.actor.util.CausalityInterfaceForComposites._computeInputDepth(CausalityInterfaceForComposites.java:696)
	at ptolemy.actor.util.CausalityInterfaceForComposites._computeActorDepth(CausalityInterfaceForComposites.java:532)
	at ptolemy.actor.util.CausalityInterfaceForComposites.checkForCycles(CausalityInterfaceForComposites.java:96)
	at ptolemy.domains.de.kernel.DEDirector.preinitialize(DEDirector.java:1338)
	at ptolemy.actor.CompositeActor.preinitialize(CompositeActor.java:1828)
	at ptolemy.actor.Manager.preinitializeAndResolveTypes(Manager.java:1040)
	at ptolemy.actor.Manager.initialize(Manager.java:710)
	at ptolemy.actor.Manager.execute(Manager.java:356)
	at ptolemy.actor.Manager.run(Manager.java:1263)
	at ptolemy.actor.Manager$PtolemyRunThread.run(Manager.java:1915)
java.lang.reflect.InvocationTargetException
	at sun.reflect.NativeConstructorAccessorImpl.newInstance0(Native Method)
	at sun.reflect.NativeConstructorAccessorImpl.newInstance(NativeConstructorAccessorImpl.java:62)
	at sun.reflect.DelegatingConstructorAccessorImpl.newInstance(DelegatingConstructorAccessorImpl.java:45)
	at java.lang.reflect.Constructor.newInstance(Constructor.java:423)
	at ptolemy.util.test.junit.AutoKnownFailedTests.RunModel(AutoKnownFailedTests.java:105)
	at sun.reflect.NativeMethodAccessorImpl.invoke0(Native Method)
	at sun.reflect.NativeMethodAccessorImpl.invoke(NativeMethodAccessorImpl.java:62)
	at sun.reflect.DelegatingMethodAccessorImpl.invoke(DelegatingMethodAccessorImpl.java:43)
	at java.lang.reflect.Method.invoke(Method.java:498)
	at org.junit.runners.model.FrameworkMethod$1.runReflectiveCall(FrameworkMethod.java:44)
	at org.junit.internal.runners.model.ReflectiveCallable.run(ReflectiveCallable.java:15)
	at org.junit.runners.model.FrameworkMethod.invokeExplosively(FrameworkMethod.java:41)
	at junitparams.internal.InvokeParameterisedMethod.evaluate(InvokeParameterisedMethod.java:102)
	at org.junit.internal.runners.statements.FailOnTimeout$1.run(FailOnTimeout.java:28)
Caused by: ptolemy.kernel.util.IllegalActionException: Found a zero delay loop containing .dependencyLoop.original
  in .dependencyLoop and .dependencyLoop.original
	at ptolemy.actor.util.CausalityInterfaceForComposites._computeOutputPortDepth(CausalityInterfaceForComposites.java:759)
	at ptolemy.actor.util.CausalityInterfaceForComposites._computeInputDepth(CausalityInterfaceForComposites.java:696)
	at ptolemy.actor.util.CausalityInterfaceForComposites._computeOutputPortDepth(CausalityInterfaceForComposites.java:765)
	at ptolemy.actor.util.CausalityInterfaceForComposites._computeInputDepth(CausalityInterfaceForComposites.java:696)
	at ptolemy.actor.util.CausalityInterfaceForComposites._computeOutputPortDepth(CausalityInterfaceForComposites.java:765)
	at ptolemy.actor.util.CausalityInterfaceForComposites._computeInputDepth(CausalityInterfaceForComposites.java:696)
	at ptolemy.actor.util.CausalityInterfaceForComposites._computeActorDepth(CausalityInterfaceForComposites.java:532)
	at ptolemy.actor.util.CausalityInterfaceForComposites.checkForCycles(CausalityInterfaceForComposites.java:96)
	at ptolemy.domains.de.kernel.DEDirector.preinitialize(DEDirector.java:1338)
	at ptolemy.actor.CompositeActor.preinitialize(CompositeActor.java:1828)
	at ptolemy.actor.Manager.preinitializeAndResolveTypes(Manager.java:1040)
	at ptolemy.actor.Manager.initialize(Manager.java:710)
	at ptolemy.actor.Manager.execute(Manager.java:356)
	at ptolemy.actor.Manager.run(Manager.java:1263)
	at ptolemy.actor.Manager$PtolemyRunThread.run(Manager.java:1915)
java.lang.RuntimeException: Execution failed
	at ptolemy.moml.MoMLSimpleApplication$UnloadThread.run(MoMLSimpleApplication.java:402)
Caused by: ptolemy.kernel.util.IllegalActionException: Found a zero delay loop containing .dependencyLoop2.original
  in .dependencyLoop2 and .dependencyLoop2.original
	at ptolemy.actor.util.CausalityInterfaceForComposites._computeOutputPortDepth(CausalityInterfaceForComposites.java:759)
	at ptolemy.actor.util.CausalityInterfaceForComposites._computeInputDepth(CausalityInterfaceForComposites.java:696)
	at ptolemy.actor.util.CausalityInterfaceForComposites._computeOutputPortDepth(CausalityInterfaceForComposites.java:765)
	at ptolemy.actor.util.CausalityInterfaceForComposites._computeInputDepth(CausalityInterfaceForComposites.java:696)
	at ptolemy.actor.util.CausalityInterfaceForComposites._computeOutputPortDepth(CausalityInterfaceForComposites.java:765)
	at ptolemy.actor.util.CausalityInterfaceForComposites._computeInputDepth(CausalityInterfaceForComposites.java:696)
	at ptolemy.actor.util.CausalityInterfaceForComposites._computeActorDepth(CausalityInterfaceForComposites.java:532)
	at ptolemy.actor.util.CausalityInterfaceForComposites.checkForCycles(CausalityInterfaceForComposites.java:96)
	at ptolemy.domains.de.kernel.DEDirector.preinitialize(DEDirector.java:1338)
	at ptolemy.actor.CompositeActor.preinitialize(CompositeActor.java:1828)
	at ptolemy.actor.Manager.preinitializeAndResolveTypes(Manager.java:1040)
	at ptolemy.actor.Manager.initialize(Manager.java:710)
	at ptolemy.actor.Manager.execute(Manager.java:356)
	at ptolemy.actor.Manager.run(Manager.java:1263)
	at ptolemy.actor.Manager$PtolemyRunThread.run(Manager.java:1915)
java.lang.reflect.InvocationTargetException
	at sun.reflect.NativeConstructorAccessorImpl.newInstance0(Native Method)
	at sun.reflect.NativeConstructorAccessorImpl.newInstance(NativeConstructorAccessorImpl.java:62)
	at sun.reflect.DelegatingConstructorAccessorImpl.newInstance(DelegatingConstructorAccessorImpl.java:45)
	at java.lang.reflect.Constructor.newInstance(Constructor.java:423)
	at ptolemy.util.test.junit.AutoKnownFailedTests.RunModel(AutoKnownFailedTests.java:105)
	at sun.reflect.NativeMethodAccessorImpl.invoke0(Native Method)
	at sun.reflect.NativeMethodAccessorImpl.invoke(NativeMethodAccessorImpl.java:62)
	at sun.reflect.DelegatingMethodAccessorImpl.invoke(DelegatingMethodAccessorImpl.java:43)
	at java.lang.reflect.Method.invoke(Method.java:498)
	at org.junit.runners.model.FrameworkMethod$1.runReflectiveCall(FrameworkMethod.java:44)
	at org.junit.internal.runners.model.ReflectiveCallable.run(ReflectiveCallable.java:15)
	at org.junit.runners.model.FrameworkMethod.invokeExplosively(FrameworkMethod.java:41)
	at junitparams.internal.InvokeParameterisedMethod.evaluate(InvokeParameterisedMethod.java:102)
	at org.junit.internal.runners.statements.FailOnTimeout$1.run(FailOnTimeout.java:28)
Caused by: ptolemy.kernel.util.IllegalActionException: Found a zero delay loop containing .dependencyLoop2.original
  in .dependencyLoop2 and .dependencyLoop2.original
	at ptolemy.actor.util.CausalityInterfaceForComposites._computeOutputPortDepth(CausalityInterfaceForComposites.java:759)
	at ptolemy.actor.util.CausalityInterfaceForComposites._computeInputDepth(CausalityInterfaceForComposites.java:696)
	at ptolemy.actor.util.CausalityInterfaceForComposites._computeOutputPortDepth(CausalityInterfaceForComposites.java:765)
	at ptolemy.actor.util.CausalityInterfaceForComposites._computeInputDepth(CausalityInterfaceForComposites.java:696)
	at ptolemy.actor.util.CausalityInterfaceForComposites._computeOutputPortDepth(CausalityInterfaceForComposites.java:765)
	at ptolemy.actor.util.CausalityInterfaceForComposites._computeInputDepth(CausalityInterfaceForComposites.java:696)
	at ptolemy.actor.util.CausalityInterfaceForComposites._computeActorDepth(CausalityInterfaceForComposites.java:532)
	at ptolemy.actor.util.CausalityInterfaceForComposites.checkForCycles(CausalityInterfaceForComposites.java:96)
	at ptolemy.domains.de.kernel.DEDirector.preinitialize(DEDirector.java:1338)
	at ptolemy.actor.CompositeActor.preinitialize(CompositeActor.java:1828)
	at ptolemy.actor.Manager.preinitializeAndResolveTypes(Manager.java:1040)
	at ptolemy.actor.Manager.initialize(Manager.java:710)
	at ptolemy.actor.Manager.execute(Manager.java:356)
	at ptolemy.actor.Manager.run(Manager.java:1263)
	at ptolemy.actor.Manager$PtolemyRunThread.run(Manager.java:1915)
]]></system-err>
</testsuite>
